t;frame;x;y;z;x_ref;y_ref;z_ref;delta_ref;u_ref;state;ellipse;control;action;delta;u;vx;vy;vz;wx;wy;wz;xr;yr;zr;delr;ur;obs1x;obs1y;obs2x;obs2y
1279.845;16;1.10;-0.30;0.02;0.85;-0.35;-0.00;0.00;-0.50;403;1;1;2;-0.12;-0.04;0.00;0.00;-0.00;0.00;0.00;0.00;0.95;-0.35;0.00;0.00;-0.50;0.094;1.88;2.58;-1000.00;-1000.00
1279.855;16;1.10;-0.30;0.02;0.85;-0.35;-0.00;0.00;-0.50;403;1;1;2;-0.12;-0.08;0.00;0.00;-0.00;0.00;0.00;0.00;0.95;-0.35;0.00;0.00;-0.50;0.016;1.88;2.58;-1000.00;-1000.00
1279.975;28;1.09;-0.30;0.22;0.85;-0.35;-0.00;0.00;-0.50;403;1;1;2;-0.11;-0.12;-0.08;0.00;-0.00;0.00;-0.00;0.03;0.95;-0.35;0.00;0.00;-0.50;0.030;1.88;2.58;-1000.00;-1000.00
1280.065;35;1.09;-0.30;0.29;0.85;-0.35;-0.00;0.00;-0.50;403;1;1;2;-0.11;-0.15;-0.12;0.00;0.00;0.01;0.01;0.03;0.95;-0.35;0.00;0.00;-0.50;0.021;1.88;2.58;-1000.00;-1000.00
1280.175;47;1.07;-0.30;0.44;0.85;-0.35;-0.00;0.00;-0.50;403;1;1;2;-0.10;-0.18;-0.15;-0.00;-0.00;0.02;0.04;0.03;0.95;-0.35;0.00;0.00;-0.50;0.035;1.88;2.58;-1000.00;-1000.00
1280.275;58;1.05;-0.30;0.62;0.85;-0.35;-0.00;0.00;-0.50;403;1;1;2;-0.09;-0.21;-0.18;-0.00;0.00;0.00;-0.00;0.04;0.95;-0.35;0.00;0.00;-0.50;0.025;1.88;2.58;-1000.00;-1000.00
1280.365;66;1.04;-0.30;0.80;0.85;-0.35;-0.00;0.00;-0.50;403;1;1;2;-0.08;-0.23;-0.21;0.00;0.00;0.00;-0.00;0.03;0.95;-0.35;0.00;0.00;-0.50;0.025;1.88;2.58;-1000.00;-1000.00
1280.465;77;1.01;-0.30;0.98;0.85;-0.35;-0.00;0.00;-0.50;403;1;1;2;-0.07;-0.25;-0.23;0.00;0.00;0.00;-0.00;0.03;0.95;-0.35;0.00;0.00;-0.50;0.024;1.88;2.58;-1000.00;-1000.00
1280.565;85;0.99;-0.30;1.07;0.76;-0.35;-0.00;0.00;-0.50;403;2;1;2;-0.07;-0.27;-0.25;0.00;0.00;0.00;-0.00;0.02;0.95;-0.35;0.00;0.00;-0.50;0.019;1.88;2.58;-1000.00;-1000.00
1280.665;94;0.97;-0.30;1.15;0.76;-0.35;-0.00;0.00;-0.50;403;2;1;2;-0.06;-0.28;-0.27;-0.00;0.00;0.00;-0.00;0.01;0.95;-0.35;0.00;0.00;-0.50;0.013;1.88;2.58;-1000.00;-1000.00
1280.765;105;0.94;-0.30;1.21;0.76;-0.35;-0.00;0.00;-0.50;403;2;1;2;-0.06;-0.29;-0.28;0.00;-0.00;0.00;-0.00;0.01;0.94;-0.35;-0.00;0.00;-0.50;0.021;1.88;2.58;-1000.00;-1000.00
1280.895;117;0.90;-0.30;1.26;0.65;-0.35;0.00;-0.00;0.37;217;0;1;7;-0.05;-0.30;-0.29;0.00;-0.00;0.00;-0.00;0.00;0.92;-0.35;-0.00;0.00;-0.50;0.042;1.88;2.58;-1000.00;-1000.00
1280.975;128;0.87;-0.30;1.28;1.03;-0.30;24.90;0.79;0.50;217;1;1;7;-0.05;-0.30;-0.30;0.00;-0.00;0.00;-0.00;0.00;0.89;-0.34;8.71;0.51;0.45;0.032;1.88;2.58;-1000.00;-1000.00
1281.065;136;0.86;-0.30;0.96;1.03;-0.30;24.90;0.79;0.50;217;1;1;7;-0.05;-0.30;-0.01;0.00;-0.00;-0.00;0.00;-0.05;0.87;-0.34;7.48;0.48;0.45;0.021;1.88;2.58;-1000.00;-1000.00
1281.165;145;0.86;-0.30;0.75;1.03;-0.30;24.90;0.79;0.50;217;1;1;7;-0.05;-0.30;0.01;-0.00;0.00;-0.00;0.00;-0.03;0.87;-0.34;7.48;0.48;0.45;0.016;1.88;2.58;-1000.00;-1000.00
1281.265;156;0.86;-0.30;0.62;1.03;-0.30;24.90;0.79;0.50;217;1;1;7;-0.05;-0.30;0.00;0.00;-0.00;-0.00;-0.00;-0.02;0.87;-0.34;7.48;0.48;0.45;0.025;1.88;2.58;-1000.00;-1000.00
1281.385;168;0.86;-0.30;0.52;1.03;-0.30;24.90;0.79;0.50;217;1;1;7;-0.05;-0.30;0.00;0.00;-0.00;-0.00;-0.00;-0.01;0.87;-0.34;7.48;0.48;0.45;0.034;1.88;2.58;-1000.00;-1000.00
1281.475;179;0.86;-0.30;0.47;1.03;-0.30;24.90;0.79;0.50;217;1;1;7;-0.05;-0.30;-0.00;-0.00;-0.00;0.01;-0.01;0.01;0.87;-0.34;7.48;0.48;0.45;0.037;1.88;2.58;-1000.00;-1000.00
1281.575;187;0.86;-0.30;0.46;1.03;-0.30;24.90;0.79;0.50;217;1;1;7;-0.05;-0.30;-0.00;-0.00;0.00;0.01;0.00;0.01;0.87;-0.34;7.48;0.48;0.45;0.027;1.88;2.58;-1000.00;-1000.00
1281.665;196;0.86;-0.30;0.45;1.03;-0.30;24.90;0.79;0.50;217;1;1;7;-0.05;-0.30;-0.00;0.00;-0.00;-0.01;-0.01;-0.01;0.87;-0.34;7.48;0.48;0.45;0.024;1.88;2.58;-1000.00;-1000.00
1281.775;206;0.86;-0.30;0.44;1.03;-0.30;24.90;0.79;0.50;217;1;1;7;-0.05;-0.30;0.00;-0.00;-0.00;-0.01;-0.02;-0.01;0.87;-0.34;7.48;0.48;0.45;0.025;1.88;2.58;-1000.00;-1000.00
1281.865;217;0.86;-0.30;0.46;1.03;-0.30;24.90;0.79;0.50;217;1;1;7;-0.05;-0.30;-0.00;-0.00;0.00;0.01;0.01;0.01;0.87;-0.34;7.48;0.48;0.45;0.021;1.88;2.58;-1000.00;-1000.00
1281.965;225;0.86;-0.30;0.47;1.03;-0.30;24.90;0.79;0.50;217;1;1;7;-0.05;-0.30;-0.00;-0.00;0.00;0.01;0.00;0.01;0.87;-0.34;7.48;0.48;0.45;0.020;1.88;2.58;-1000.00;-1000.00
1282.055;236;0.86;-0.30;0.48;1.03;-0.30;24.90;0.79;0.50;217;1;1;7;-0.05;-0.30;-0.00;0.00;-0.00;-0.01;-0.01;-0.00;0.87;-0.34;7.48;0.48;0.45;0.016;1.88;2.58;-1000.00;-1000.00
1282.165;244;0.86;-0.30;0.50;1.03;-0.30;24.90;0.79;0.50;217;1;1;7;-0.05;-0.30;0.00;0.00;-0.00;-0.01;-0.02;-0.01;0.87;-0.34;7.48;0.48;0.45;0.025;1.88;2.58;-1000.00;-1000.00
1282.255;255;0.86;-0.30;0.52;1.03;-0.30;24.90;0.79;0.50;217;1;1;7;-0.05;-0.30;-0.00;-0.00;0.00;0.01;0.01;0.01;0.86;-0.34;6.37;0.44;0.44;0.017;1.88;2.58;-1000.00;-1000.00
1282.365;268;0.86;-0.30;0.53;1.03;-0.30;24.90;0.79;0.50;217;1;1;7;-0.05;-0.30;0.00;0.00;-0.00;-0.01;-0.02;-0.01;0.86;-0.34;6.37;0.44;0.44;0.024;1.88;2.58;-1000.00;-1000.00
1282.475;277;0.86;-0.30;0.55;1.03;-0.30;24.90;0.79;0.50;217;1;1;7;-0.05;-0.30;-0.00;-0.00;0.00;0.00;0.02;0.00;0.86;-0.34;6.37;0.44;0.44;0.027;1.88;2.58;-1000.00;-1000.00
1282.575;288;0.86;-0.30;0.56;1.03;-0.30;24.90;0.79;0.50;217;1;1;7;-0.05;-0.30;-0.00;0.00;-0.00;-0.01;-0.01;-0.00;0.86;-0.34;6.37;0.44;0.44;0.028;1.88;2.58;-1000.00;-1000.00
1282.675;296;0.86;-0.30;0.57;1.03;-0.30;24.90;0.79;0.50;217;1;1;7;-0.05;-0.30;0.00;0.00;-0.00;-0.01;-0.02;-0.01;0.86;-0.34;6.37;0.44;0.44;0.032;1.88;2.58;-1000.00;-1000.00
1282.765;307;0.86;-0.30;0.60;1.03;-0.30;24.90;0.79;0.50;217;1;1;7;-0.05;-0.30;-0.00;-0.00;0.00;0.01;0.01;0.01;0.86;-0.34;6.37;0.44;0.44;0.023;1.88;2.58;-1000.00;-1000.00
1282.885;320;0.86;-0.30;0.61;1.03;-0.30;24.90;0.79;0.50;217;1;1;7;0.65;-0.26;0.00;0.00;-0.00;-0.01;-0.02;-0.01;0.86;-0.34;6.37;0.44;0.44;0.038;1.88;2.58;-1000.00;-1000.00
1282.965;326;0.85;-0.30;-0.72;1.03;-0.30;24.90;0.79;0.50;217;1;1;7;0.69;-0.22;-0.20;0.03;0.01;0.03;0.01;-0.68;0.86;-0.34;6.37;0.44;0.44;0.023;1.88;2.58;-1000.00;-1000.00
1283.075;338;0.82;-0.30;-5.05;1.03;-0.30;24.90;0.79;0.50;217;1;1;7;0.74;-0.18;-0.21;0.01;-0.01;0.05;-0.08;-0.51;0.84;-0.35;5.36;0.41;0.44;0.028;1.88;2.58;-1000.00;-1000.00
1283.165;347;0.81;-0.30;-7.03;1.03;-0.30;24.90;0.79;0.50;217;1;1;7;0.72;-0.14;-0.18;-0.01;-0.01;-0.02;0.06;-0.30;0.81;-0.35;3.66;0.35;0.43;0.023;1.88;2.58;-1000.00;-1000.00
1283.265;357;0.79;-0.30;-8.01;1.03;-0.30;24.90;0.79;0.50;217;1;1;7;0.71;-0.11;-0.12;0.02;-0.01;0.06;-0.10;-0.16;0.79;-0.35;2.95;0.32;0.42;0.027;1.88;2.58;-1000.00;-1000.00
1283.375;368;0.78;-0.29;-8.51;1.03;-0.30;24.90;0.79;0.50;217;1;1;7;0.67;-0.07;-0.11;0.02;-0.01;-0.06;0.12;0.00;0.78;-0.35;2.32;0.29;0.42;0.022;1.88;2.58;-1000.00;-1000.00
1283.475;376;0.77;-0.29;-8.36;1.03;-0.30;24.90;0.79;0.50;217;1;1;7;0.65;-0.04;-0.06;-0.00;-0.01;0.03;-0.07;0.04;0.78;-0.35;2.32;0.29;0.42;0.029;1.88;2.58;-1000.00;-1000.00
1283.575;387;0.77;-0.29;-7.62;1.03;-0.30;24.90;0.79;0.50;217;1;1;7;0.59;-0.01;-0.03;0.00;-0.01;0.04;-0.08;0.14;0.76;-0.35;1.79;0.25;0.41;0.029;1.88;2.58;-1000.00;-1000.00
1283.665;395;0.76;-0.29;-6.88;1.03;-0.30;24.90;0.79;0.50;217;1;1;7;0.56;0.02;-0.01;-0.00;-0.01;0.00;0.01;0.20;0.76;-0.35;1.79;0.25;0.41;0.016;1.88;2.58;-1000.00;-1000.00
1283.765;406;0.76;-0.29;-5.68;1.03;-0.30;24.90;0.79;0.50;217;1;1;7;0.52;0.04;0.02;-0.00;-0.01;0.02;-0.05;0.17;0.76;-0.35;1.79;0.25;0.41;0.019;1.88;2.58;-1000.00;-1000.00
1283.865;414;0.77;-0.29;-4.84;1.03;-0.30;24.90;0.79;0.50;217;1;1;7;0.49;0.07;0.04;0.00;-0.00;-0.02;0.05;0.22;0.76;-0.35;1.79;0.25;0.41;0.019;1.88;2.58;-1000.00;-1000.00
1283.975;429;0.78;-0.29;-3.52;1.03;-0.30;24.90;0.79;0.50;217;1;1;7;0.48;0.09;0.07;0.00;-0.00;-0.00;-0.01;0.11;0.78;-0.35;2.32;0.29;0.42;0.029;1.88;2.58;-1000.00;-1000.00
1284.075;437;0.78;-0.29;-2.91;1.03;-0.30;24.90;0.79;0.50;217;1;1;7;0.47;0.11;0.09;-0.00;-0.00;0.02;0.05;0.11;0.78;-0.35;2.32;0.29;0.42;0.025;1.88;2.58;-1000.00;-1000.00
1284.165;446;0.79;-0.29;-2.33;1.03;-0.30;24.90;0.79;0.50;217;1;1;7;0.49;0.13;0.11;-0.01;-0.00;-0.02;-0.03;0.13;0.79;-0.35;2.95;0.32;0.42;0.026;1.88;2.58;-1000.00;-1000.00
1284.265;456;0.80;-0.29;-1.61;1.03;-0.30;24.90;0.79;0.50;217;1;1;7;0.49;0.14;0.12;0.00;-0.00;0.06;0.09;0.12;0.79;-0.35;2.95;0.32;0.42;0.025;1.88;2.58;-1000.00;-1000.00
1284.365;465;0.82;-0.29;-0.92;1.03;-0.30;24.90;0.79;0.50;217;1;1;7;0.54;0.16;0.15;-0.00;-0.01;-0.04;-0.07;0.14;0.83;-0.35;4.46;0.38;0.43;0.024;1.88;2.58;-1000.00;-1000.00
1284.465;475;0.83;-0.29;-0.01;1.03;-0.30;24.90;0.79;0.50;217;1;1;7;0.57;0.18;0.17;-0.00;-0.01;-0.03;-0.05;0.20;0.84;-0.35;5.36;0.41;0.44;0.022;1.88;2.58;-1000.00;-1000.00
1284.575;488;0.85;-0.29;1.46;1.03;-0.30;24.90;0.79;0.50;217;1;1;7;0.60;0.19;0.19;-0.00;-0.01;-0.04;-0.06;0.22;0.86;-0.34;6.37;0.44;0.44;0.027;1.88;2.58;-1000.00;-1000.00
1284.675;499;0.87;-0.29;2.84;1.03;-0.30;24.90;0.79;0.50;217;1;1;7;0.64;0.21;0.19;0.00;-0.01;0.04;0.07;0.19;0.87;-0.34;7.48;0.48;0.45;0.027;1.88;2.58;-1000.00;-1000.00
1284.785;507;0.89;-0.29;3.95;1.03;-0.30;24.90;0.79;0.50;217;1;1;7;0.68;0.22;0.21;0.00;-0.01;0.03;0.07;0.23;0.89;-0.34;8.71;0.51;0.45;0.035;1.88;2.58;-1000.00;-1000.00
1284.875;518;0.92;-0.29;5.87;1.27;0.06;86.23;0.79;0.50;217;2;1;7;0.71;0.24;0.22;-0.05;-0.01;-0.02;-0.06;0.38;0.91;-0.34;10.05;0.54;0.46;0.027;1.88;2.58;-1000.00;-1000.00
1284.965;526;0.93;-0.29;7.79;1.27;0.06;86.23;0.79;0.50;217;2;1;7;0.79;0.25;0.23;-0.07;-0.01;-0.02;-0.06;0.50;0.94;-0.33;13.10;0.60;0.47;0.027;1.88;2.58;-1000.00;-1000.00
1285.055;535;0.96;-0.29;10.63;1.27;0.06;86.23;0.79;0.50;217;2;1;7;0.79;0.26;0.23;-0.07;-0.01;0.02;0.02;0.61;0.97;-0.32;16.67;0.67;0.48;0.012;1.88;2.58;-1000.00;-1000.00
1285.165;545;0.98;-0.29;14.27;1.27;0.06;86.23;0.79;0.50;217;2;1;7;0.79;0.28;0.27;-0.07;-0.00;-0.04;-0.03;0.68;0.99;-0.32;18.67;0.70;0.49;0.015;1.88;2.58;-1000.00;-1000.00
1285.255;556;1.01;-0.29;18.42;1.27;0.06;86.23;0.79;0.50;217;2;1;7;0.79;0.29;0.26;-0.07;-0.01;0.00;0.02;0.64;1.02;-0.30;23.09;0.76;0.50;0.012;1.88;2.58;-1000.00;-1000.00
1285.365;564;1.03;-0.29;21.78;1.27;0.06;86.23;0.79;0.50;217;2;1;7;0.79;0.31;0.26;-0.08;-0.01;-0.01;0.04;0.68;1.04;-0.29;25.52;0.79;0.50;0.017;1.88;2.58;-1000.00;-1000.00
1285.455;575;1.06;-0.29;26.47;1.27;0.06;86.23;0.79;0.50;217;2;1;7;0.79;0.32;0.26;-0.08;-0.01;-0.01;0.12;0.70;1.05;-0.29;28.00;0.79;0.50;0.013;1.88;2.58;-1000.00;-1000.00
1285.575;586;1.10;-0.29;31.35;1.27;0.06;86.23;0.79;0.50;217;2;1;7;0.79;0.33;0.28;-0.08;-0.01;-0.02;0.09;0.73;1.08;-0.27;32.96;0.79;0.50;0.021;1.88;2.58;-1000.00;-1000.00
1285.665;597;1.13;-0.28;36.35;1.27;0.06;86.23;0.79;0.50;217;2;1;7;0.78;0.34;0.28;-0.09;-0.01;-0.03;0.09;0.75;1.10;-0.26;35.43;0.79;0.50;0.018;1.88;2.58;-1000.00;-1000.00
1285.765;606;1.15;-0.27;40.59;1.27;0.06;86.23;0.79;0.50;217;2;1;7;0.73;0.35;0.31;-0.11;-0.01;0.02;-0.13;0.90;1.11;-0.25;37.91;0.79;0.50;0.015;1.88;2.58;-1000.00;-1000.00
1285.855;615;1.18;-0.25;44.62;1.27;0.06;86.23;0.79;0.50;217;2;1;7;0.73;0.36;0.31;-0.09;-0.01;0.01;-0.05;0.77;1.14;-0.22;42.87;0.79;0.50;0.011;1.88;2.58;-1000.00;-1000.00
1285.965;626;1.21;-0.24;49.25;1.27;0.06;86.23;0.79;0.50;217;2;1;7;0.67;0.36;0.31;-0.09;-0.01;0.00;-0.05;0.77;1.15;-0.21;45.35;0.79;0.50;0.017;1.88;2.58;-1000.00;-1000.00
1286.055;636;1.24;-0.22;53.08;1.27;0.06;86.23;0.79;0.50;217;2;1;7;0.75;0.37;0.32;-0.07;-0.01;0.00;-0.04;0.62;1.19;-0.17;52.78;0.79;0.50;0.011;1.88;2.58;-1000.00;-1000.00
1286.155;647;1.26;-0.19;57.95;1.27;0.06;86.23;0.79;0.50;217;2;1;7;0.70;0.38;0.31;-0.11;-0.01;0.01;-0.03;0.85;1.20;-0.15;55.26;0.79;0.50;0.015;1.88;2.58;-1000.00;-1000.00
1286.265;658;1.29;-0.17;62.57;1.27;0.06;86.23;0.79;0.50;217;2;1;7;0.67;0.38;0.31;-0.07;-0.00;-0.09;0.14;0.64;1.21;-0.14;57.73;0.79;0.50;0.027;1.88;2.58;-1000.00;-1000.00
1286.345;662;1.30;-0.16;64.35;1.27;0.06;86.23;0.79;0.50;217;2;1;7;0.69;0.38;0.33;-0.11;-0.01;0.06;-0.06;0.77;1.22;-0.12;60.21;0.79;0.50;0.009;1.88;2.58;-1000.00;-1000.00
1286.475;676;1.33;-0.12;70.67;1.27;0.06;86.23;0.79;0.50;217;2;1;7;0.67;0.38;0.37;-0.08;-0.00;0.01;-0.09;0.82;1.24;-0.09;65.17;0.79;0.50;0.026;1.88;2.58;-1000.00;-1000.00
1286.565;687;1.35;-0.08;76.21;1.27;0.06;86.23;0.79;0.50;217;2;1;7;0.66;0.38;0.36;-0.08;-0.00;-0.04;0.06;0.84;1.25;-0.06;70.12;0.79;0.50;0.014;1.88;2.58;-1000.00;-1000.00
1286.665;695;1.36;-0.05;80.17;1.27;0.06;86.23;0.79;0.50;217;2;1;7;0.69;0.38;0.37;-0.07;0.00;-0.11;0.10;0.79;1.26;-0.02;75.08;0.79;0.50;0.022;1.88;2.58;-1000.00;-1000.00
1286.755;706;1.38;-0.01;86.15;1.09;0.44;144.20;0.73;0.50;217;3;1;7;0.68;0.38;0.37;-0.11;0.00;-0.04;0.03;0.94;1.27;0.01;80.03;0.79;0.50;0.012;1.88;2.58;-1000.00;-1000.00
1286.855;715;1.39;0.02;91.13;1.09;0.44;144.20;0.73;0.50;217;3;1;7;0.32;0.39;0.37;-0.18;-0.05;0.36;-0.03;1.13;1.27;0.03;82.51;0.79;0.50;0.011;1.88;2.58;-1000.00;-1000.00
1286.955;724;1.40;0.05;93.95;1.09;0.44;144.20;0.73;0.50;217;3;1;7;0.40;0.39;0.41;-0.05;-0.00;0.04;-0.08;0.20;1.27;0.07;87.47;0.78;0.50;0.009;1.88;2.58;-1000.00;-1000.00
1287.055;732;1.40;0.08;95.05;1.09;0.44;144.20;0.73;0.50;217;3;1;7;0.50;0.40;0.40;-0.05;-0.06;0.14;0.14;0.39;1.28;0.08;89.93;0.78;0.50;0.006;1.88;2.58;-1000.00;-1000.00
1287.165;745;1.39;0.13;98.19;1.09;0.44;144.20;0.73;0.50;217;3;1;7;0.63;0.41;0.41;-0.05;-0.05;0.14;0.13;0.58;1.27;0.12;94.83;0.78;0.50;0.012;1.88;2.58;-1000.00;-1000.00
1287.255;756;1.39;0.18;102.46;1.09;0.44;144.20;0.73;0.50;217;3;1;7;0.67;0.42;0.39;-0.07;-0.00;-0.07;0.02;0.73;1.27;0.16;99.69;0.77;0.50;0.009;1.88;2.58;-1000.00;-1000.00
1287.365;765;1.39;0.22;106.95;1.09;0.44;144.20;0.73;0.50;217;3;1;7;0.65;0.42;0.40;-0.13;-0.01;0.13;-0.01;0.97;1.27;0.17;102.10;0.77;0.50;0.017;1.88;2.58;-1000.00;-1000.00
1287.455;775;1.39;0.26;111.78;1.09;0.44;144.20;0.73;0.50;217;3;1;7;0.65;0.43;0.41;-0.13;-0.01;0.14;-0.01;0.88;1.26;0.21;106.88;0.77;0.50;0.008;1.88;2.58;-1000.00;-1000.00
1287.545;786;1.38;0.30;116.74;1.09;0.44;144.20;0.73;0.50;217;3;1;7;0.67;0.43;0.40;-0.10;-0.01;0.05;-0.02;0.79;1.24;0.24;111.63;0.76;0.50;0.004;1.88;2.58;-1000.00;-1000.00
1287.645;794;1.37;0.33;120.38;1.09;0.44;144.20;0.73;0.50;217;3;1;7;0.66;0.43;0.41;-0.13;-0.03;0.20;0.06;0.94;1.24;0.26;113.98;0.76;0.50;0.005;1.88;2.58;-1000.00;-1000.00
1287.755;805;1.36;0.37;125.36;1.09;0.44;144.20;0.73;0.50;217;3;1;7;0.67;0.43;0.40;-0.12;-0.01;0.15;0.02;0.83;1.22;0.29;118.66;0.75;0.50;0.014;1.88;2.58;-1000.00;-1000.00
1287.865;813;1.35;0.40;128.81;1.09;0.44;144.20;0.73;0.50;217;3;1;7;0.67;0.43;0.38;-0.08;-0.01;-0.12;-0.05;0.70;1.21;0.31;120.99;0.75;0.50;0.012;1.88;2.58;-1000.00;-1000.00
1287.955;823;1.33;0.44;133.38;1.09;0.44;144.20;0.73;0.50;217;3;1;7;0.68;0.42;0.39;-0.11;-0.01;0.06;0.02;0.81;1.19;0.34;125.60;0.75;0.50;0.007;1.88;2.58;-1000.00;-1000.00
1288.055;833;1.31;0.47;137.89;1.09;0.44;144.20;0.73;0.50;217;3;1;7;0.69;0.42;0.39;-0.09;-0.01;0.04;0.01;0.83;1.17;0.37;130.18;0.74;0.50;0.007;1.88;2.58;-1000.00;-1000.00
1288.145;841;1.29;0.50;141.42;1.09;0.44;144.20;0.73;0.50;217;3;1;7;0.67;0.41;0.39;-0.08;-0.01;0.05;0.01;0.82;1.16;0.38;132.45;0.74;0.50;0.007;1.88;2.58;-1000.00;-1000.00
1288.245;856;1.25;0.54;147.78;1.09;0.44;144.20;0.73;0.50;217;3;1;7;0.64;0.40;0.36;-0.08;-0.01;0.04;0.01;0.68;1.13;0.41;136.96;0.74;0.50;0.005;1.88;2.58;-1000.00;-1000.00
1288.345;865;1.22;0.56;151.04;1.09;0.44;144.20;0.73;0.50;217;3;1;7;0.68;0.40;0.36;-0.07;-0.01;0.03;0.00;0.58;1.10;0.43;141.43;0.73;0.50;0.005;1.88;2.58;-1000.00;-1000.00
1288.445;875;1.20;0.58;154.67;1.09;0.44;144.20;0.73;0.50;217;3;1;7;0.66;0.38;0.34;-0.07;-0.00;0.03;-0.01;0.63;1.09;0.44;143.65;0.73;0.50;0.007;1.88;2.58;-1000.00;-1000.00
1288.545;885;1.17;0.60;158.04;1.09;0.44;144.20;0.73;0.50;217;3;1;7;0.63;0.37;0.34;-0.05;-0.00;0.02;-0.00;0.54;1.08;0.45;145.84;0.72;0.50;0.005;1.88;2.58;-1000.00;-1000.00
1288.655;896;1.13;0.62;161.23;1.09;0.44;144.20;0.73;0.50;217;3;1;7;0.64;0.36;0.34;-0.09;-0.01;0.09;0.10;0.59;1.05;0.47;150.01;0.68;0.50;0.006;1.89;2.58;-1000.00;-1000.00
1288.755;904;1.11;0.63;163.99;1.09;0.44;144.20;0.73;0.50;217;3;1;7;0.60;0.35;0.36;-0.10;-0.01;0.08;0.10;0.72;1.03;0.48;151.99;0.66;0.50;0.010;1.89;2.58;-1000.00;-1000.00
1288.845;913;1.08;0.64;167.37;1.09;0.44;144.20;0.73;0.50;217;3;1;7;0.55;0.33;0.34;-0.07;-0.00;-0.04;-0.03;0.60;1.01;0.49;153.90;0.65;0.50;0.008;1.89;2.59;-1000.00;-1000.00
1288.955;924;1.04;0.66;171.16;1.09;0.44;144.20;0.73;0.50;217;3;1;7;0.51;0.32;0.33;-0.08;-0.01;0.02;0.03;0.56;0.98;0.50;157.52;0.61;0.50;0.008;1.89;2.59;-1000.00;-1000.00
1289.045;932;1.02;0.67;173.40;1.09;0.44;144.20;0.73;0.50;217;3;1;7;0.48;0.30;0.31;-0.05;-0.01;-0.07;-0.08;0.37;0.96;0.51;159.23;0.59;0.50;0.008;1.89;2.59;-1000.00;-1000.00
1289.155;943;0.99;0.68;175.73;1.09;0.44;144.20;0.73;0.50;217;3;1;7;0.47;0.29;0.32;-0.04;-0.01;0.07;0.06;0.35;0.93;0.52;162.46;0.56;0.50;0.014;1.89;2.59;-1000.00;-1000.00
1289.255;956;0.95;0.68;178.08;1.09;0.44;144.20;0.73;0.50;217;3;1;7;0.43;0.27;0.28;-0.06;-0.01;0.04;0.05;0.33;0.91;0.53;163.98;0.54;0.50;0.013;1.89;2.59;-1000.00;-1000.00
1289.355;966;0.92;0.69;179.31;1.09;0.44;144.20;0.73;0.50;217;3;1;7;0.42;0.26;0.27;0.01;-0.01;-0.04;-0.08;0.13;0.90;0.53;165.44;0.52;0.50;0.015;1.89;2.59;-1000.00;-1000.00
1289.445;975;0.89;0.69;180.04;1.09;0.44;144.20;0.73;0.50;217;3;1;7;0.44;0.25;0.26;0.01;-0.01;-0.03;-0.06;0.09;0.86;0.54;168.18;0.49;0.50;0.005;1.89;2.59;-1000.00;-1000.00
1289.565;986;0.87;0.69;180.72;1.09;0.44;144.20;0.73;0.50;217;3;1;7;0.44;0.24;0.26;0.00;-0.01;0.01;-0.01;0.10;0.84;0.54;169.47;0.47;0.50;0.010;1.89;2.59;-1000.00;-1000.00
1289.655;994;0.85;0.68;181.12;1.09;0.44;144.20;0.73;0.50;217;3;1;7;0.45;0.23;0.26;-0.00;-0.01;0.06;0.07;0.12;0.82;0.55;170.70;0.45;0.50;0.007;1.89;2.59;-1000.00;-1000.00
1289.815;1011;0.80;0.68;181.85;0.51;0.56;171.38;-0.63;0.50;489;1;1;4;0.45;0.22;0.23;-0.00;-0.01;0.03;0.03;0.09;0.81;0.55;171.87;0.44;0.50;0.065;1.89;2.59;-1000.00;-1000.00
1289.885;1017;0.79;0.68;182.06;0.51;0.56;171.38;-0.63;0.50;489;1;1;4;0.40;0.23;0.23;0.00;-0.01;0.02;0.01;0.07;0.65;0.55;180.00;-0.08;0.06;0.042;1.89;2.59;-1000.00;-1000.00
1289.975;1028;0.77;0.68;182.26;0.25;0.65;154.12;-0.22;0.50;489;2;1;4;0.34;0.23;0.25;-0.00;-0.01;0.05;0.08;0.03;0.65;0.55;180.00;-0.08;0.06;0.031;1.89;2.59;-1000.00;-1000.00
1290.075;1037;0.74;0.68;182.13;0.25;0.65;154.12;-0.22;0.50;489;2;1;4;0.16;0.22;0.24;0.01;-0.01;0.02;0.03;-0.02;0.65;0.55;180.00;-0.08;0.06;0.029;1.89;2.59;-1000.00;-1000.00
1290.165;1047;0.72;0.68;181.50;0.25;0.65;154.12;-0.22;0.50;489;2;1;4;0.17;0.21;0.23;0.01;-0.01;0.03;0.05;-0.14;0.65;0.55;180.00;-0.08;0.06;0.015;1.89;2.59;-1000.00;-1000.00
1290.265;1056;0.70;0.68;180.79;0.25;0.65;154.12;-0.22;0.50;489;2;1;4;0.18;0.19;0.21;0.00;-0.01;-0.02;-0.04;-0.16;0.65;0.55;180.00;-0.08;0.06;0.019;1.89;2.59;-1000.00;-1000.00
1290.365;1066;0.68;0.68;180.20;0.25;0.65;154.12;-0.22;0.50;489;2;1;4;0.18;0.18;0.20;0.00;-0.01;0.03;0.05;-0.06;0.65;0.55;180.00;-0.08;0.06;0.019;1.89;2.59;-1000.00;-1000.00
1290.465;1075;0.66;0.68;179.90;0.25;0.65;154.12;-0.22;0.50;489;2;1;4;0.18;0.16;0.19;0.00;-0.01;0.02;0.03;-0.05;0.65;0.55;180.00;-0.08;0.06;0.014;1.89;2.59;-1000.00;-1000.00
1290.555;1085;0.65;0.68;179.62;0.25;0.65;154.12;-0.22;0.50;489;2;1;4;0.17;0.15;0.17;0.00;-0.01;0.02;0.02;-0.04;0.65;0.55;180.00;-0.08;0.06;0.009;1.89;2.59;-1000.00;-1000.00
1290.655;1096;0.63;0.68;179.34;0.25;0.65;154.12;-0.22;0.50;489;2;1;4;0.02;0.14;0.15;0.00;-0.01;0.02;0.02;-0.03;0.63;0.55;179.71;-0.23;0.18;0.012;1.89;2.59;-1000.00;-1000.00
1290.755;1104;0.62;0.68;178.88;0.25;0.65;154.12;-0.22;0.50;489;2;1;4;-0.06;0.13;0.14;-0.00;-0.01;0.03;0.03;-0.11;0.62;0.55;179.19;-0.30;0.24;0.011;1.89;2.59;-1000.00;-1000.00
1290.855;1115;0.60;0.68;178.20;0.25;0.65;154.12;-0.22;0.50;489;2;1;4;-0.14;0.13;0.13;0.01;-0.00;0.02;0.01;-0.11;0.60;0.55;178.29;-0.38;0.30;0.012;1.89;2.59;-1000.00;-1000.00
1290.975;1127;0.59;0.68;177.27;0.25;0.65;154.12;-0.22;0.50;489;2;1;4;-0.19;0.13;0.12;0.00;0.00;-0.01;-0.01;-0.09;0.58;0.55;177.42;-0.43;0.34;0.027;1.89;2.59;-1000.00;-1000.00
1291.055;1137;0.57;0.68;176.75;0.25;0.65;154.12;-0.22;0.50;489;2;1;4;-0.27;0.13;0.13;-0.00;-0.00;-0.00;-0.00;-0.09;0.57;0.55;176.30;-0.48;0.38;0.018;1.89;2.59;-1000.00;-1000.00
1291.175;1147;0.56;0.68;176.20;0.25;0.65;154.12;-0.22;0.50;489;2;1;4;-0.35;0.13;0.13;-0.00;0.00;0.00;-0.02;-0.10;0.55;0.55;174.89;-0.53;0.42;0.032;1.89;2.59;-1000.00;-1000.00
1291.265;1156;0.55;0.68;175.62;0.25;0.65;154.12;-0.22;0.50;489;2;1;4;-0.45;0.14;0.14;0.01;-0.00;-0.01;0.01;-0.10;0.53;0.56;173.17;-0.58;0.46;0.012;1.89;2.59;-1000.00;-1000.00
1291.365;1166;0.53;0.68;174.84;0.25;0.65;154.12;-0.22;0.50;489;2;1;4;-0.49;0.15;0.15;0.01;-0.00;-0.01;0.02;-0.15;0.52;0.56;172.18;-0.61;0.48;0.022;1.89;2.59;-1000.00;-1000.00
1291.465;1177;0.52;0.68;173.93;0.25;0.65;154.12;-0.22;0.50;489;2;1;4;-0.55;0.16;0.16;0.00;-0.01;-0.01;0.03;-0.15;0.50;0.56;170.03;-0.61;0.50;0.019;1.89;2.59;-1000.00;-1000.00
1291.565;1185;0.51;0.68;173.20;0.25;0.65;154.12;-0.22;0.50;489;2;1;4;-0.57;0.17;0.17;0.00;-0.01;-0.03;0.07;-0.19;0.48;0.56;167.98;-0.57;0.50;0.014;1.89;2.59;-1000.00;-1000.00
1291.675;1196;0.49;0.69;172.05;0.01;0.77;155.85;0.31;0.50;489;3;1;4;-0.58;0.19;0.17;-0.01;-0.01;0.02;-0.05;-0.17;0.46;0.57;166.08;-0.54;0.50;0.024;1.89;2.59;-1000.00;-1000.00
1291.755;1204;0.47;0.69;171.25;0.01;0.77;155.85;0.31;0.50;489;3;1;4;-0.50;0.19;0.18;-0.00;-0.01;0.00;-0.02;-0.17;0.44;0.57;165.18;-0.52;0.50;0.012;1.89;2.59;-1000.00;-1000.00
1291.865;1215;0.45;0.69;170.45;0.01;0.77;155.85;0.31;0.50;489;3;1;4;-0.54;0.20;0.20;-0.00;-0.01;-0.02;0.05;-0.10;0.41;0.58;162.68;-0.47;0.50;0.018;1.89;2.59;-1000.00;-1000.00
1291.945;1223;0.44;0.70;170.02;0.01;0.77;155.85;0.31;0.50;489;3;1;4;-0.54;0.20;0.20;-0.00;-0.01;0.00;-0.02;-0.11;0.40;0.59;161.91;-0.46;0.50;0.007;1.89;2.59;-1000.00;-1000.00
1292.055;1233;0.42;0.70;169.38;0.01;0.77;155.85;0.31;0.50;489;3;1;4;-0.54;0.21;0.22;0.01;-0.01;-0.05;0.09;-0.14;0.38;0.59;160.47;-0.43;0.50;0.006;1.89;2.59;-1000.00;-1000.00
1292.145;1243;0.39;0.70;168.75;0.01;0.77;155.85;0.31;0.50;489;3;1;4;-0.55;0.21;0.22;0.01;-0.01;-0.05;0.09;-0.15;0.36;0.60;159.15;-0.39;0.50;0.007;1.89;2.59;-1000.00;-1000.00
1292.265;1256;0.37;0.71;167.43;0.01;0.77;155.85;0.31;0.50;489;3;1;4;-0.52;0.22;0.23;0.00;-0.01;-0.02;0.05;-0.19;0.34;0.61;157.96;-0.36;0.50;0.015;1.89;2.59;-1000.00;-1000.00
1292.355;1266;0.35;0.71;166.73;0.01;0.77;155.85;0.31;0.50;489;3;1;4;-0.53;0.22;0.23;-0.01;-0.01;-0.02;0.03;-0.11;0.31;0.62;156.38;-0.31;0.50;0.007;1.89;2.59;-1000.00;-1000.00
1292.465;1275;0.33;0.72;166.20;0.01;0.77;155.85;0.31;0.50;489;3;1;4;-0.52;0.23;0.24;-0.01;-0.01;-0.01;0.03;-0.12;0.29;0.63;155.46;-0.28;0.50;0.015;1.89;2.59;-1000.00;-1000.00
1292.545;1285;0.30;0.72;165.62;0.01;0.77;155.85;0.31;0.50;489;3;1;4;-0.50;0.24;0.24;-0.01;-0.01;-0.01;0.03;-0.11;0.27;0.64;154.66;-0.24;0.50;0.005;1.89;2.59;-1000.00;-1000.00
1292.665;1294;0.28;0.73;165.16;0.01;0.77;155.85;0.31;0.50;489;3;1;4;-0.49;0.24;0.25;-0.01;-0.01;-0.01;0.03;-0.10;0.25;0.65;153.96;-0.21;0.50;0.015;1.89;2.59;-1000.00;-1000.00
1292.745;1304;0.26;0.74;164.75;0.01;0.77;155.85;0.31;0.50;489;3;1;4;-0.46;0.25;0.26;0.00;-0.01;-0.01;0.05;-0.09;0.22;0.66;153.13;-0.14;0.50;0.006;1.89;2.59;-1000.00;-1000.00
1292.855;1315;0.23;0.74;164.40;0.01;0.77;155.85;0.31;0.50;489;3;1;4;-0.42;0.25;0.26;-0.01;-0.00;-0.01;0.03;-0.07;0.20;0.67;152.75;-0.10;0.50;0.010;1.89;2.59;-1000.00;-1000.00
1292.965;1324;0.21;0.75;164.27;0.01;0.77;155.85;0.31;0.50;489;3;1;4;-0.39;0.26;0.27;-0.00;-0.01;-0.01;0.04;-0.04;0.18;0.68;152.50;-0.06;0.50;0.013;1.89;2.59;-1000.00;-1000.00
1293.055;1334;0.18;0.76;164.26;0.01;0.77;155.85;0.31;0.50;489;3;1;4;-0.35;0.27;0.28;0.00;-0.01;-0.02;0.06;-0.03;0.15;0.70;152.37;0.00;0.50;0.006;1.89;2.59;-1000.00;-1000.00
1293.155;1343;0.16;0.77;164.29;0.01;0.77;155.85;0.31;0.50;489;3;1;4;-0.32;0.27;0.28;-0.00;-0.01;-0.01;0.04;0.00;0.13;0.71;152.44;0.05;0.50;0.011;1.89;2.59;-1000.00;-1000.00
1293.255;1353;0.13;0.77;164.45;0.01;0.77;155.85;0.31;0.50;489;3;1;4;-0.27;0.28;0.29;-0.00;-0.01;-0.01;0.05;0.03;0.11;0.72;152.66;0.09;0.50;0.007;1.89;2.59;-1000.00;-1000.00
1293.355;1365;0.10;0.78;164.77;-0.26;0.84;179.43;0.79;0.50;489;4;1;4;-0.23;0.28;0.29;0.00;-0.01;-0.02;0.08;0.04;0.09;0.73;153.00;0.13;0.50;0.011;1.89;2.59;-1000.00;-1000.00
1293.455;1376;0.07;0.79;165.24;-0.26;0.84;179.43;0.79;0.50;489;4;1;4;-0.15;0.28;0.28;-0.01;-0.01;0.01;-0.05;0.09;0.06;0.75;153.77;0.20;0.50;0.010;1.89;2.59;-1000.00;-1000.00
1293.555;1387;0.04;0.80;165.87;-0.26;0.84;179.43;0.79;0.50;489;4;1;4;-0.09;0.28;0.29;-0.00;-0.01;-0.02;0.06;0.07;0.03;0.76;154.84;0.26;0.50;0.015;1.89;2.59;-1000.00;-1000.00
1293.695;1399;0.01;0.81;166.80;-0.25;0.85;180.00;0.11;0.00;469;1;1;5;-0.04;0.28;0.29;-0.00;-0.01;-0.02;0.06;0.14;0.01;0.77;155.73;0.30;0.50;0.050;1.89;2.59;-1000.00;-1000.00
1293.765;1404;-0.01;0.81;167.16;-0.44;0.83;193.57;0.65;0.50;469;2;1;5;0.18;0.30;0.29;-0.01;-0.01;-0.02;0.04;0.11;-0.25;0.85;180.04;0.18;0.07;0.019;1.89;2.59;-1000.00;-1000.00
1293.875;1414;-0.03;0.82;168.30;-0.44;0.83;193.57;0.65;0.50;469;2;1;5;0.09;0.33;0.30;-0.00;-0.00;-0.00;-0.02;0.36;-0.25;0.85;180.04;0.18;0.07;0.022;1.89;2.59;-1000.00;-1000.00
1293.965;1425;-0.07;0.83;169.85;-0.44;0.83;193.57;0.65;0.50;469;2;1;5;0.12;0.35;0.33;0.01;0.00;-0.01;-0.01;0.13;-0.25;0.85;180.04;0.18;0.07;0.016;1.89;2.59;-1000.00;-1000.00
1294.075;1439;-0.12;0.83;170.83;-0.44;0.83;193.57;0.65;0.50;469;2;1;5;0.20;0.36;0.35;-0.00;0.00;0.02;0.02;0.10;-0.25;0.85;180.04;0.18;0.07;0.025;1.89;2.59;-1000.00;-1000.00
1294.155;1443;-0.13;0.84;171.15;-0.44;0.83;193.57;0.65;0.50;469;2;1;5;0.22;0.37;0.35;-0.01;0.00;-0.04;-0.05;0.16;-0.25;0.85;180.04;0.18;0.07;0.009;1.89;2.59;-1000.00;-1000.00
1294.255;1454;-0.17;0.84;172.37;-0.44;0.83;193.57;0.65;0.50;469;2;1;5;0.28;0.37;0.38;-0.01;-0.01;0.04;0.05;0.20;-0.25;0.85;180.04;0.18;0.07;0.011;1.89;2.59;-1000.00;-1000.00
1294.355;1464;-0.21;0.85;173.55;-0.44;0.83;193.57;0.65;0.50;469;2;1;5;0.32;0.37;0.37;0.01;-0.01;-0.07;-0.08;0.22;-0.25;0.85;180.04;0.18;0.07;0.014;1.89;2.59;-1000.00;-1000.00
1294.465;1477;-0.25;0.85;175.34;-0.44;0.83;193.57;0.65;0.50;469;2;1;5;0.37;0.36;0.39;-0.00;-0.01;0.06;0.08;0.26;-0.25;0.85;180.04;0.18;0.07;0.023;1.89;2.59;-1000.00;-1000.00
1294.565;1487;-0.29;0.85;176.73;-0.75;0.62;234.67;0.68;0.50;469;3;1;5;0.51;0.35;0.36;0.00;-0.01;-0.01;-0.03;0.23;-0.28;0.85;180.78;0.31;0.19;0.020;1.89;2.59;-1000.00;-1000.00
1294.655;1493;-0.31;0.86;177.86;-0.75;0.62;234.67;0.68;0.50;469;3;1;5;0.60;0.35;0.37;-0.01;-0.01;0.04;0.04;0.43;-0.31;0.85;182.20;0.40;0.27;0.014;1.89;2.59;-1000.00;-1000.00
1294.755;1506;-0.36;0.86;181.94;-0.75;0.62;234.67;0.68;0.50;469;3;1;5;0.65;0.36;0.35;-0.09;-0.05;-0.11;0.14;0.73;-0.34;0.85;184.72;0.49;0.35;0.013;1.89;2.59;-1000.00;-1000.00
1294.855;1514;-0.39;0.87;185.25;-0.75;0.62;234.67;0.68;0.50;469;3;1;5;0.67;0.36;0.36;-0.11;-0.01;0.03;0.12;0.84;-0.38;0.84;187.54;0.55;0.41;0.008;1.89;2.59;-1000.00;-1000.00
1294.945;1525;-0.43;0.87;190.09;-0.75;0.62;234.67;0.68;0.50;469;3;1;5;0.68;0.37;0.35;-0.12;-0.02;0.01;0.16;0.87;-0.42;0.84;191.29;0.62;0.47;0.005;1.89;2.59;-1000.00;-1000.00
1295.045;1533;-0.46;0.87;193.89;-0.75;0.62;234.67;0.68;0.50;469;3;1;5;0.68;0.38;0.34;-0.11;-0.01;0.01;0.03;0.83;-0.45;0.83;194.37;0.65;0.50;0.005;1.89;2.59;-1000.00;-1000.00
1295.165;1547;-0.51;0.87;200.26;-0.75;0.62;234.67;0.68;0.50;469;3;1;5;0.63;0.38;0.37;-0.13;-0.03;-0.01;0.22;0.92;-0.48;0.82;197.60;0.65;0.50;0.018;1.89;2.59;-1000.00;-1000.00
1295.255;1557;-0.54;0.87;204.37;-0.75;0.62;234.67;0.68;0.50;469;3;1;5;0.60;0.39;0.36;-0.07;-0.01;-0.01;-0.07;0.64;-0.51;0.81;200.85;0.66;0.50;0.015;1.89;2.59;-1000.00;-1000.00
1295.345;1563;-0.57;0.86;206.66;-0.75;0.62;234.67;0.68;0.50;469;3;1;5;0.62;0.39;0.36;-0.07;-0.01;-0.00;-0.04;0.58;-0.54;0.80;204.11;0.66;0.50;0.005;1.89;2.59;-1000.00;-1000.00
1295.455;1576;-0.61;0.85;211.41;-0.75;0.62;234.67;0.68;0.50;469;3;1;5;0.64;0.40;0.36;-0.07;-0.01;0.01;-0.02;0.63;-0.58;0.78;209.04;0.66;0.50;0.011;1.89;2.59;-1000.00;-1000.00
1295.555;1586;-0.65;0.83;215.22;-0.75;0.62;234.67;0.68;0.50;469;3;1;5;0.65;0.40;0.37;-0.10;-0.01;-0.01;0.12;0.76;-0.60;0.76;212.34;0.66;0.50;0.008;1.89;2.59;-1000.00;-1000.00
1295.655;1594;-0.67;0.82;218.46;-0.75;0.62;234.67;0.68;0.50;469;3;1;5;0.66;0.40;0.36;-0.08;-0.01;0.03;-0.03;0.68;-0.63;0.74;215.67;0.67;0.50;0.010;1.89;2.59;-1000.00;-1000.00
1295.755;1605;-0.71;0.80;223.06;-0.75;0.62;234.67;0.68;0.50;469;3;1;5;0.64;0.41;0.37;-0.08;-0.01;-0.01;0.05;0.79;-0.65;0.73;219.00;0.67;0.50;0.006;1.89;2.59;-1000.00;-1000.00
1295.855;1613;-0.74;0.78;226.37;-0.75;0.62;234.67;0.68;0.50;469;3;1;5;0.65;0.41;0.37;-0.09;-0.01;-0.00;0.05;0.71;-0.68;0.71;222.36;0.67;0.50;0.009;1.89;2.59;-1000.00;-1000.00
1295.965;1626;-0.77;0.75;231.66;-0.75;0.62;234.67;0.68;0.50;469;3;1;5;0.61;0.40;0.38;-0.07;-0.01;0.01;0.04;0.74;-0.69;0.69;224.05;0.67;0.50;0.013;1.89;2.59;-1000.00;-1000.00
1296.045;1633;-0.79;0.74;234.44;-0.75;0.62;234.67;0.68;0.50;469;3;1;5;0.65;0.40;0.37;-0.06;-0.01;0.00;0.04;0.65;-0.72;0.66;229.12;0.68;0.50;0.006;1.89;2.59;-1000.00;-1000.00
1296.155;1645;-0.82;0.70;238.85;-0.75;0.62;234.67;0.68;0.50;469;3;1;5;0.65;0.40;0.35;-0.08;-0.01;0.01;0.02;0.66;-0.74;0.64;232.53;0.68;0.50;0.007;1.89;2.59;-1000.00;-1000.00
1296.245;1656;-0.85;0.67;242.94;-0.75;0.62;234.67;0.68;0.50;469;3;1;5;0.64;0.39;0.35;-0.07;-0.00;0.01;0.02;0.62;-0.76;0.61;235.95;0.68;0.50;0.005;1.89;2.59;-1000.00;-1000.00
1296.355;1664;-0.87;0.65;245.75;-0.75;0.62;234.67;0.68;0.50;469;3;1;5;0.61;0.38;0.34;-0.06;-0.00;-0.00;0.02;0.61;-0.77;0.60;237.63;0.67;0.50;0.011;1.89;2.59;-1000.00;-1000.00
1296.455;1674;-0.88;0.62;248.95;-0.75;0.62;234.67;0.68;0.50;469;3;1;5;0.61;0.38;0.35;-0.05;-0.00;0.01;0.02;0.51;-0.78;0.57;240.91;0.65;0.50;0.009;1.89;2.59;-1000.00;-1000.00
1296.545;1683;-0.90;0.59;251.49;-0.75;0.62;234.67;0.68;0.50;469;3;1;5;0.62;0.37;0.34;-0.04;0.00;0.01;0.01;0.48;-0.80;0.55;244.08;0.64;0.50;0.006;1.89;2.59;-1000.00;-1000.00
1296.655;1693;-0.91;0.56;254.75;-0.86;0.26;269.43;0.49;0.50;469;4;1;5;0.61;0.36;0.38;-0.06;0.00;-0.03;0.08;0.66;-0.81;0.52;247.16;0.62;0.50;0.005;1.89;2.59;-1000.00;-1000.00
1296.755;1703;-0.93;0.53;258.81;-0.86;0.26;269.43;0.49;0.50;469;4;1;5;0.43;0.37;0.36;-0.10;-0.00;-0.04;0.02;0.72;-0.82;0.49;250.13;0.60;0.50;0.007;1.89;2.59;-1000.00;-1000.00
1296.855;1714;-0.95;0.49;262.49;-0.86;0.26;269.43;0.49;0.50;469;4;1;5;0.40;0.38;0.39;-0.09;-0.03;-0.23;0.06;0.51;-0.83;0.46;253.00;0.59;0.50;0.009;1.89;2.59;-1000.00;-1000.00
1297.015;1731;-0.96;0.43;265.98;-0.86;0.11;-98.62;-0.63;0.50;1052;1;1;4;0.43;0.38;0.39;-0.07;-0.01;-0.12;0.07;0.48;-0.84;0.43;255.78;0.57;0.50;0.050;1.89;2.59;-1000.00;-1000.00
1297.065;1737;-0.96;0.41;267.34;-0.86;0.11;-98.62;-0.63;0.50;1052;1;1;4;0.61;0.38;0.39;-0.03;-0.01;0.01;0.01;0.40;-0.85;0.25;-90.00;-0.08;0.06;0.015;1.89;2.59;-1000.00;-1000.00
1297.165;1745;-0.97;0.38;269.98;-0.95;-0.15;-115.88;-0.22;0.50;1052;2;1;4;0.43;0.37;0.37;-0.03;-0.00;0.14;-0.09;0.65;-0.85;0.25;-90.00;-0.08;0.06;0.016;1.89;2.59;-1000.00;-1000.00
1297.255;1755;-0.97;0.34;273.43;-0.95;-0.15;-115.88;-0.22;0.50;1052;2;1;4;0.08;0.36;0.37;-0.09;-0.01;-0.10;0.05;0.43;-0.85;0.25;-90.00;-0.08;0.06;0.012;1.89;2.59;-1000.00;-1000.00
1297.365;1765;-0.98;0.30;273.83;-0.95;-0.15;-115.88;-0.22;0.50;1052;2;1;4;0.03;0.34;0.35;-0.03;-0.01;-0.01;0.00;-0.17;-0.85;0.25;-90.00;-0.08;0.06;0.015;1.89;2.59;-1000.00;-1000.00
1297.465;1774;-0.98;0.27;272.99;-0.95;-0.15;-115.88;-0.22;0.50;1052;2;1;4;0.04;0.32;0.35;0.01;-0.01;-0.06;0.03;-0.13;-0.85;0.25;-90.00;-0.08;0.06;0.022;1.89;2.59;-1000.00;-1000.00
1297.565;1784;-0.97;0.24;272.36;-0.95;-0.15;-115.88;-0.22;0.50;1052;2;1;4;0.03;0.30;0.33;0.01;-0.01;-0.02;0.02;-0.09;-0.85;0.25;-90.00;-0.08;0.06;0.016;1.89;2.59;-1000.00;-1000.00
1297.655;1793;-0.97;0.21;271.94;-0.95;-0.15;-115.88;-0.22;0.50;1052;2;1;4;-0.28;0.29;0.31;0.00;-0.01;-0.01;0.02;-0.08;-0.85;0.21;-91.36;-0.35;0.28;0.009;1.89;2.59;-1000.00;-1000.00
1297.775;1808;-0.97;0.17;269.78;-0.95;-0.15;-115.88;-0.22;0.50;1052;2;1;4;-0.43;0.29;0.29;-0.00;-0.00;0.00;-0.01;-0.31;-0.85;0.17;-93.70;-0.48;0.38;0.028;1.89;2.59;-1000.00;-1000.00
1297.865;1817;-0.97;0.14;267.91;-0.95;-0.15;-115.88;-0.22;0.50;1052;2;1;4;-0.59;0.29;0.30;0.02;-0.01;-0.04;-0.03;-0.39;-0.86;0.13;-96.83;-0.58;0.46;0.020;1.89;2.59;-1000.00;-1000.00
1297.955;1827;-0.97;0.11;265.16;-0.95;-0.15;-115.88;-0.22;0.50;1052;2;1;4;-0.66;0.29;0.31;0.02;-0.01;-0.08;-0.06;-0.53;-0.86;0.11;-98.90;-0.62;0.50;0.015;1.89;2.59;-1000.00;-1000.00
1298.065;1836;-0.97;0.08;262.39;-1.07;-0.39;-114.15;0.31;0.50;1052;3;1;4;-0.58;0.30;0.32;0.06;-0.04;-0.29;-0.02;-0.68;-0.86;0.08;-102.02;-0.57;0.50;0.021;1.89;2.59;-1000.00;-1000.00
1298.145;1846;-0.97;0.05;259.77;-1.07;-0.39;-114.15;0.31;0.50;1052;3;1;4;-0.50;0.30;0.30;0.08;-0.01;-0.13;-0.03;-0.51;-0.88;0.03;-105.69;-0.51;0.50;0.007;1.89;2.59;-1000.00;-1000.00
1298.255;1855;-0.97;0.03;258.04;-1.07;-0.39;-114.15;0.31;0.50;1052;3;1;4;-0.51;0.30;0.28;0.05;-0.01;0.01;0.01;-0.28;-0.89;0.00;-108.09;-0.46;0.50;0.011;1.89;2.59;-1000.00;-1000.00
1298.365;1864;-0.97;-0.00;256.44;-1.07;-0.39;-114.15;0.31;0.50;1052;3;1;4;-0.50;0.31;0.29;0.04;-0.01;0.02;0.01;-0.31;-0.90;-0.03;-110.20;-0.41;0.50;0.012;1.89;2.59;-1000.00;-1000.00
1298.445;1874;-0.98;-0.03;254.60;-1.07;-0.39;-114.15;0.31;0.50;1052;3;1;4;-0.47;0.31;0.29;0.02;-0.01;0.12;0.04;-0.28;-0.91;-0.06;-112.04;-0.36;0.50;0.004;1.89;2.59;-1000.00;-1000.00
1298.555;1882;-0.98;-0.05;253.41;-1.07;-0.39;-114.15;0.31;0.50;1052;3;1;4;-0.44;0.31;0.32;0.00;-0.01;-0.01;-0.01;-0.22;-0.92;-0.08;-113.12;-0.33;0.50;0.006;1.89;2.59;-1000.00;-1000.00
1298.645;1893;-1.00;-0.09;252.40;-1.07;-0.39;-114.15;0.31;0.50;1052;3;1;4;-0.41;0.32;0.32;-0.02;-0.01;-0.03;-0.02;-0.12;-0.93;-0.11;-114.54;-0.28;0.50;0.005;1.89;2.59;-1000.00;-1000.00
1298.765;1907;-1.01;-0.13;251.77;-1.07;-0.39;-114.15;0.31;0.50;1052;3;1;4;-0.38;0.32;0.33;-0.01;-0.01;-0.04;-0.01;-0.08;-0.94;-0.14;-115.71;-0.23;0.50;0.018;1.89;2.59;-1000.00;-1000.00
1298.855;1913;-1.02;-0.15;251.65;-1.07;-0.39;-114.15;0.31;0.50;1052;3;1;4;-0.38;0.32;0.33;-0.01;-0.00;0.02;0.00;0.00;-0.96;-0.17;-116.62;-0.17;0.50;0.010;1.89;2.59;-1000.00;-1000.00
1298.955;1925;-1.03;-0.19;251.51;-1.07;-0.39;-114.15;0.31;0.50;1052;3;1;4;-0.33;0.33;0.34;0.00;-0.01;-0.05;-0.00;-0.06;-0.98;-0.21;-117.39;-0.08;0.50;0.006;1.90;2.59;-1000.00;-1000.00
1299.045;1935;-1.04;-0.22;251.44;-1.07;-0.39;-114.15;0.31;0.50;1052;3;1;4;-0.29;0.33;0.34;0.00;-0.01;-0.06;-0.01;-0.03;-1.00;-0.24;-117.62;-0.02;0.50;0.005;1.90;2.59;-1000.00;-1000.00
1299.155;1944;-1.05;-0.25;251.49;-1.07;-0.39;-114.15;0.31;0.50;1052;3;1;4;-0.23;0.33;0.35;-0.01;-0.01;-0.06;-0.02;0.00;-1.01;-0.27;-117.56;0.05;0.50;0.008;1.90;2.59;-1000.00;-1000.00
1299.255;1954;-1.06;-0.28;251.88;-1.07;-0.39;-114.15;0.31;0.50;1052;3;1;4;-0.18;0.34;0.34;-0.01;-0.01;0.06;0.01;0.11;-1.03;-0.30;-117.19;0.11;0.50;0.006;1.90;2.59;-1000.00;-1000.00
1299.345;1965;-1.08;-0.31;252.44;-1.14;-0.66;-90.57;0.79;0.50;1052;4;1;4;-0.12;0.34;0.34;-0.01;-0.01;0.00;-0.00;0.10;-1.04;-0.33;-116.52;0.18;0.50;0.007;1.90;2.59;-1000.00;-1000.00
1299.455;1973;-1.08;-0.34;252.96;-1.14;-0.66;-90.57;0.79;0.50;1052;4;1;4;-0.06;0.34;0.35;-0.01;-0.01;-0.07;-0.02;0.09;-1.05;-0.35;-115.91;0.22;0.50;0.008;1.90;2.59;-1000.00;-1000.00
1299.545;1984;-1.10;-0.38;253.79;-1.14;-0.66;-90.57;0.79;0.50;1052;4;1;4;0.03;0.34;0.35;-0.01;-0.01;-0.06;-0.02;0.12;-1.07;-0.39;-114.27;0.30;0.50;0.006;1.90;2.59;-1000.00;-1000.00
1299.705;2000;-1.11;-0.43;255.40;-1.16;-0.79;-98.62;-0.63;0.50;187;1;1;4;0.09;0.34;0.35;0.00;-0.00;-0.04;-0.01;0.22;-1.08;-0.41;-113.26;0.34;0.50;0.040;1.90;2.59;-1000.00;-1000.00
1299.765;2007;-1.12;-0.45;256.17;-1.16;-0.79;-98.62;-0.63;0.50;187;1;1;4;0.79;0.33;0.34;-0.00;0.00;0.02;-0.00;0.15;-1.15;-0.65;-90.00;-0.08;0.06;0.022;1.90;2.59;-1000.00;-1000.00
1299.855;2015;-1.12;-0.48;258.76;-1.25;-1.05;-115.88;-0.22;0.50;187;2;1;4;0.73;0.32;0.35;-0.04;-0.01;-0.02;0.02;1.11;-1.15;-0.65;-90.00;-0.08;0.06;0.017;1.90;2.59;-1000.00;-1000.00
1299.955;2024;-1.13;-0.51;264.25;-1.25;-1.05;-115.88;-0.22;0.50;187;2;1;4;0.31;0.32;0.33;-0.04;-0.01;0.04;-0.03;0.91;-1.15;-0.65;-90.00;-0.08;0.06;0.010;1.90;2.59;-1000.00;-1000.00
1300.065;2035;-1.14;-0.54;267.74;-1.25;-1.05;-115.88;-0.22;0.50;187;2;1;4;0.13;0.31;0.33;-0.07;-0.04;-0.24;0.05;0.22;-1.15;-0.65;-90.00;-0.08;0.06;0.022;1.90;2.59;-1000.00;-1000.00
1300.155;2044;-1.15;-0.57;267.80;-1.25;-1.05;-115.88;-0.22;0.50;187;2;1;4;0.10;0.31;0.31;-0.04;-0.01;-0.13;0.09;-0.06;-1.15;-0.65;-90.00;-0.08;0.06;0.015;1.90;2.59;-1000.00;-1000.00
1300.265;2054;-1.15;-0.60;267.30;-1.25;-1.05;-115.88;-0.22;0.50;187;2;1;4;0.10;0.30;0.32;0.00;-0.01;-0.06;0.04;-0.05;-1.15;-0.65;-90.00;-0.08;0.06;0.018;1.90;2.59;-1000.00;-1000.00
1300.355;2063;-1.15;-0.63;267.02;-1.25;-1.05;-115.88;-0.22;0.50;187;2;1;4;0.08;0.28;0.30;0.01;-0.01;-0.03;0.02;-0.05;-1.15;-0.65;-90.00;-0.08;0.06;0.010;1.90;2.59;-1000.00;-1000.00
1300.475;2077;-1.15;-0.67;266.59;-1.25;-1.05;-115.88;-0.22;0.50;187;2;1;4;-0.03;0.27;0.29;0.00;-0.01;-0.02;0.02;-0.04;-1.15;-0.66;-90.11;-0.18;0.14;0.028;1.90;2.59;-1000.00;-1000.00
1300.575;2088;-1.15;-0.70;265.89;-1.25;-1.05;-115.88;-0.22;0.50;187;2;1;4;-0.20;0.27;0.28;0.01;-0.00;-0.01;0.02;-0.13;-1.15;-0.69;-91.06;-0.33;0.26;0.023;1.90;2.59;-1000.00;-1000.00
1300.675;2096;-1.15;-0.72;264.85;-1.25;-1.05;-115.88;-0.22;0.50;187;2;1;4;-0.32;0.27;0.26;0.01;-0.05;0.03;-0.27;-0.27;-1.15;-0.72;-92.58;-0.43;0.34;0.024;1.90;2.59;-1000.00;-1000.00
1300.765;2107;-1.16;-0.75;263.14;-1.25;-1.05;-115.88;-0.22;0.50;187;2;1;4;-0.45;0.27;0.28;0.01;-0.00;0.00;-0.01;-0.27;-1.15;-0.75;-95.11;-0.53;0.42;0.023;1.90;2.59;-1000.00;-1000.00
1300.865;2115;-1.16;-0.78;261.68;-1.25;-1.05;-115.88;-0.22;0.50;187;2;1;4;-0.58;0.28;0.28;0.01;-0.00;0.02;0.00;-0.34;-1.16;-0.78;-97.82;-0.61;0.48;0.021;1.90;2.59;-1000.00;-1000.00
1300.965;2126;-1.16;-0.81;259.22;-1.25;-1.05;-115.88;-0.22;0.50;187;2;1;4;-0.57;0.29;0.29;0.00;-0.01;0.02;0.00;-0.43;-1.16;-0.80;-99.97;-0.61;0.50;0.012;1.90;2.59;-1000.00;-1000.00
1301.055;2134;-1.17;-0.83;257.49;-1.25;-1.05;-115.88;-0.22;0.50;187;2;1;4;-0.57;0.30;0.29;-0.00;-0.01;0.03;-0.00;-0.32;-1.17;-0.83;-102.98;-0.56;0.50;0.014;1.90;2.59;-1000.00;-1000.00
1301.155;2144;-1.17;-0.86;255.43;-1.25;-1.05;-115.88;-0.22;0.50;187;2;1;4;-0.54;0.31;0.29;0.02;-0.01;0.15;0.05;-0.30;-1.17;-0.86;-104.82;-0.52;0.50;0.010;1.90;2.59;-1000.00;-1000.00
1301.265;2154;-1.18;-0.89;253.30;-1.37;-1.29;-114.15;0.31;0.50;187;3;1;4;-0.52;0.32;0.31;0.04;-0.01;-0.01;0.01;-0.34;-1.18;-0.89;-107.32;-0.47;0.50;0.015;1.90;2.59;-1000.00;-1000.00
1301.355;2163;-1.18;-0.92;251.78;-1.37;-1.29;-114.15;0.31;0.50;187;3;1;4;-0.50;0.33;0.33;-0.00;-0.01;-0.03;-0.02;-0.25;-1.19;-0.92;-109.53;-0.43;0.50;0.006;1.90;2.59;-1000.00;-1000.00
1301.455;2173;-1.19;-0.95;250.42;-1.37;-1.29;-114.15;0.31;0.50;187;3;1;4;-0.46;0.34;0.32;0.03;-0.01;0.00;0.01;-0.21;-1.20;-0.94;-110.85;-0.39;0.50;0.006;1.90;2.59;-1000.00;-1000.00
1301.555;2187;-1.20;-0.99;248.69;-1.37;-1.29;-114.15;0.31;0.50;187;3;1;4;-0.41;0.35;0.33;0.02;-0.01;0.21;0.04;-0.16;-1.21;-0.97;-112.60;-0.34;0.50;0.011;1.90;2.59;-1000.00;-1000.00
1301.645;2192;-1.21;-1.01;247.90;-1.37;-1.29;-114.15;0.31;0.50;187;3;1;4;-0.42;0.35;0.33;0.04;-0.01;0.01;0.01;-0.20;-1.23;-1.00;-114.09;-0.29;0.50;0.008;1.90;2.59;-1000.00;-1000.00
1301.745;2206;-1.22;-1.06;246.14;-1.37;-1.29;-114.15;0.31;0.50;187;3;1;4;-0.35;0.36;0.37;0.03;-0.01;-0.09;-0.04;-0.27;-1.24;-1.04;-115.71;-0.23;0.50;0.007;1.90;2.59;-1000.00;-1000.00
1301.855;2215;-1.23;-1.09;245.07;-1.37;-1.29;-114.15;0.31;0.50;187;3;1;4;-0.29;0.37;0.36;0.00;-0.01;0.03;-0.00;-0.15;-1.26;-1.07;-116.62;-0.17;0.50;0.007;1.90;2.59;-1000.00;-1000.00
1301.945;2224;-1.25;-1.12;244.63;-1.37;-1.29;-114.15;0.31;0.50;187;3;1;4;-0.24;0.37;0.38;-0.01;-0.01;-0.03;-0.01;-0.04;-1.27;-1.10;-117.25;-0.10;0.50;0.006;1.90;2.59;-1000.00;-1000.00
1302.045;2234;-1.27;-1.15;244.70;-1.37;-1.29;-114.15;0.31;0.50;187;3;1;4;-0.19;0.38;0.37;-0.01;-0.01;0.07;0.01;0.06;-1.29;-1.13;-117.58;-0.04;0.50;0.005;1.90;2.59;-1000.00;-1000.00
1302.165;2248;-1.29;-1.20;245.13;-1.37;-1.29;-114.15;0.31;0.50;187;3;1;4;-0.11;0.38;0.39;-0.01;-0.01;-0.06;-0.01;0.03;-1.31;-1.16;-117.61;0.03;0.50;0.021;1.90;2.59;-1000.00;-1000.00
1302.245;2253;-1.30;-1.21;245.41;-1.37;-1.29;-114.15;0.31;0.50;187;3;1;4;-0.06;0.39;0.39;-0.01;-0.01;-0.01;-0.01;0.12;-1.33;-1.20;-117.19;0.11;0.50;0.004;1.90;2.59;-1000.00;-1000.00
1302.355;2267;-1.32;-1.26;246.43;-1.44;-1.56;-90.57;0.79;0.50;187;4;1;4;0.02;0.39;0.40;-0.01;-0.01;-0.05;-0.01;0.10;-1.34;-1.23;-116.52;0.18;0.50;0.017;1.90;2.59;-1000.00;-1000.00
1302.445;2272;-1.33;-1.28;246.85;-1.44;-1.56;-90.57;0.79;0.50;187;4;1;4;0.14;0.39;0.40;-0.01;-0.01;-0.03;-0.01;0.17;-1.36;-1.27;-115.16;0.26;0.50;0.008;1.90;2.59;-1000.00;-1000.00
1302.615;2291;-1.36;-1.35;249.51;-1.45;-1.55;-90.00;-0.00;0.50;593;0;1;0;0.27;0.39;0.40;-0.00;-0.00;0.00;0.01;0.36;-1.38;-1.32;-112.70;0.36;0.50;0.057;1.90;2.59;-1000.00;-1000.00
1302.675;2296;-1.37;-1.37;250.42;-1.45;-1.55;-90.00;-0.00;0.50;593;0;1;0;0.76;0.42;0.39;-0.01;-0.00;0.05;-0.06;0.30;-1.45;-1.55;-90.00;-0.00;0.50;0.027;1.90;2.59;-1000.00;-1000.00
1302.775;2306;-1.38;-1.41;253.91;-1.45;-1.55;-90.00;-0.00;0.50;593;0;1;0;0.62;0.44;0.42;-0.02;-0.01;0.02;-0.01;1.22;-1.45;-1.55;-90.00;-0.00;0.50;0.031;1.90;2.59;-1000.00;-1000.00
1302.885;2317;-1.40;-1.45;261.11;-1.45;-1.55;-90.00;-0.00;0.50;593;0;1;0;0.30;0.45;0.43;-0.05;0.01;0.11;-0.08;0.86;-1.45;-1.55;-90.00;-0.00;0.50;0.043;1.90;2.59;-1000.00;-1000.00
1303.005;2330;-1.41;-1.51;265.62;-1.45;-1.55;-90.00;-0.00;0.50;593;0;1;0;0.12;0.46;0.46;-0.09;-0.03;-0.23;0.06;0.37;-1.45;-1.55;-90.00;-0.00;0.50;0.047;1.90;2.59;-1000.00;-1000.00
1303.075;2336;-1.42;-1.53;266.03;-1.45;-1.79;-90.00;-0.00;0.50;593;1;1;0;0.12;0.46;0.45;-0.02;-0.00;0.13;-0.10;-0.09;-1.45;-1.55;-90.00;-0.00;0.50;0.027;1.90;2.59;-1000.00;-1000.00
1303.155;2345;-1.42;-1.58;265.78;-1.45;-1.79;-90.00;-0.00;0.50;593;1;1;0;0.14;0.46;0.46;-0.01;-0.01;0.10;-0.08;-0.09;-1.45;-1.57;-90.00;-0.00;0.50;0.014;1.90;2.59;-1000.00;-1000.00
1303.265;2355;-1.43;-1.62;265.74;-1.45;-1.79;-90.00;-0.00;0.50;593;1;1;0;0.15;0.47;0.47;0.01;-0.01;0.03;-0.01;-0.00;-1.45;-1.62;-90.00;-0.00;0.50;0.017;1.90;2.59;-1000.00;-1000.00
1303.365;2364;-1.43;-1.66;265.83;-1.45;-1.79;-90.00;-0.00;0.50;593;1;1;0;0.15;0.47;0.46;0.01;-0.01;0.05;-0.04;0.01;-1.45;-1.67;-90.00;-0.00;0.50;0.025;1.90;2.59;-1000.00;-1000.00
1303.485;2379;-1.43;-1.74;266.12;-1.45;-1.79;-90.00;-0.00;0.50;593;1;1;0;0.15;0.47;0.47;0.01;-0.01;0.02;-0.01;0.02;-1.45;-1.72;-90.00;-0.00;0.50;0.034;1.90;2.59;-1000.00;-1000.00
1303.595;2388;-1.43;-1.78;266.27;-1.45;-2.03;-90.00;-0.00;0.50;593;2;1;0;0.15;0.47;0.47;0.01;-0.01;0.06;-0.04;0.00;-1.45;-1.75;-90.00;-0.00;0.50;0.040;1.90;2.59;-1000.00;-1000.00
1303.675;2397;-1.44;-1.82;266.41;-1.45;-2.03;-90.00;-0.00;0.50;593;2;1;0;0.14;0.47;0.48;0.00;-0.01;-0.08;0.06;0.04;-1.45;-1.80;-90.00;-0.00;0.50;0.023;1.90;2.59;-1000.00;-1000.00
1303.745;2402;-1.44;-1.84;266.48;-1.45;-2.03;-90.00;-0.00;0.50;593;2;1;0;0.14;0.47;0.47;0.00;-0.01;-0.02;0.02;0.02;-1.45;-1.84;-90.00;-0.00;0.50;0.008;1.90;2.60;-1000.00;-1000.00
1303.865;2417;-1.44;-1.91;266.68;-1.45;-2.03;-90.00;-0.00;0.50;593;2;1;0;0.14;0.47;0.48;0.00;-0.01;-0.09;0.06;0.05;-1.45;-1.90;-90.00;-0.00;0.50;0.019;1.90;2.60;-1000.00;-1000.00
1303.965;2428;-1.44;-1.97;266.79;-1.45;-2.03;-90.00;-0.00;0.50;593;2;1;0;0.14;0.47;0.47;0.01;-0.01;0.06;-0.04;-0.00;-1.45;-1.93;-90.00;-0.00;0.50;0.022;1.90;2.60;-1000.00;-1000.00
1304.055;2436;-1.45;-2.00;266.89;-1.45;-2.26;-90.00;-0.00;0.50;593;3;1;0;0.14;0.46;0.46;0.01;-0.01;0.06;-0.04;-0.00;-1.45;-1.98;-90.00;-0.00;0.50;0.017;1.90;2.60;-1000.00;-1000.00
1304.155;2447;-1.45;-2.06;267.03;-1.45;-2.26;-90.00;-0.00;0.50;593;3;1;0;0.14;0.47;0.47;0.01;-0.01;0.02;-0.01;0.01;-1.45;-2.05;-90.00;-0.00;0.50;0.008;1.90;2.60;-1000.00;-1000.00
1304.255;2455;-1.45;-2.09;267.13;-1.45;-2.26;-90.00;-0.00;0.50;593;3;1;0;0.14;0.47;0.47;0.01;-0.01;0.02;-0.01;0.01;-1.45;-2.09;-90.00;-0.00;0.50;0.006;1.90;2.60;-1000.00;-1000.00
1304.365;2466;-1.45;-2.15;267.27;-1.45;-2.26;-90.00;-0.00;0.50;593;3;1;0;0.14;0.47;0.47;0.00;-0.01;-0.02;0.02;0.03;-1.45;-2.15;-90.00;-0.00;0.50;0.012;1.90;2.60;-1000.00;-1000.00
1304.455;2474;-1.45;-2.18;267.37;-1.45;-2.26;-90.00;-0.00;0.50;593;3;1;0;0.13;0.47;0.48;0.00;-0.01;-0.02;0.02;0.02;-1.45;-2.19;-90.00;-0.00;0.50;0.011;1.90;2.60;-1000.00;-1000.00
1304.555;2483;-1.45;-2.23;267.46;-1.45;-2.26;-90.00;-0.00;0.50;593;3;1;0;0.13;0.47;0.47;0.01;-0.01;0.02;-0.01;0.01;-1.45;-2.22;-90.00;-0.00;0.50;0.008;1.90;2.60;-1000.00;-1000.00
1304.655;2493;-1.46;-2.27;267.58;-1.45;-2.50;-90.00;0.00;0.50;593;4;1;0;0.13;0.47;0.49;0.00;-0.01;-0.09;0.06;0.05;-1.45;-2.27;-90.00;-0.00;0.50;0.007;1.90;2.60;-1000.00;-1000.00
1304.755;2507;-1.46;-2.34;267.73;-1.45;-2.50;-90.00;0.00;0.50;593;4;1;0;0.13;0.47;0.47;0.01;-0.01;0.02;-0.01;0.01;-1.45;-2.32;-90.00;-0.00;0.50;0.004;1.90;2.60;-1000.00;-1000.00
1304.845;2512;-1.46;-2.36;267.77;-1.45;-2.50;-90.00;0.00;0.50;593;4;1;0;0.13;0.48;0.47;0.01;-0.01;0.06;-0.04;-0.00;-1.45;-2.37;-90.00;-0.00;0.50;0.002;1.90;2.60;-1000.00;-1000.00
1304.945;2526;-1.46;-2.43;267.93;-1.45;-2.50;-90.00;0.00;0.50;593;4;1;0;0.12;0.47;0.48;0.00;-0.01;-0.02;0.02;0.02;-1.45;-2.42;-90.00;-0.00;0.50;0.005;1.90;2.60;-1000.00;-1000.00
1305.085;2539;-1.46;-2.49;268.02;-1.45;-2.75;-90.00;0.00;-0.50;589;0;1;2;0.12;0.48;0.48;0.01;-0.01;0.02;-0.01;0.00;-1.45;-2.48;-90.00;0.00;0.50;0.038;1.90;2.60;-1000.00;-1000.00
1305.215;2550;-1.46;-2.55;268.13;-1.45;-2.45;-90.00;-0.00;0.37;590;0;1;7;0.12;0.48;0.48;0.00;-0.01;-0.02;0.02;0.02;-1.45;-2.52;-90.00;0.00;-0.50;0.027;1.90;2.60;-1000.00;-1000.00
1305.265;2554;-1.46;-2.56;268.00;-1.40;-2.83;-65.10;0.79;0.50;590;1;1;7;0.12;0.48;0.32;-0.02;0.00;0.10;0.03;-0.07;-1.45;-2.56;-88.21;0.25;0.41;0.023;1.90;2.60;-1000.00;-1000.00
1305.385;2569;-1.47;-2.57;267.77;-1.40;-2.83;-65.10;0.79;0.50;590;1;1;7;0.12;0.48;-0.01;-0.00;-0.00;-0.03;0.02;-0.03;-1.45;-2.56;-88.21;0.25;0.41;0.042;1.90;2.60;-1000.00;-1000.00
1305.465;2577;-1.47;-2.57;267.68;-1.40;-2.83;-65.10;0.79;0.50;590;1;1;7;0.12;0.48;0.00;0.00;0.00;0.01;-0.00;-0.02;-1.45;-2.56;-88.21;0.25;0.41;0.021;1.90;2.60;-1000.00;-1000.00
1305.565;2588;-1.47;-2.57;267.59;-1.40;-2.83;-65.10;0.79;0.50;590;1;1;7;0.12;0.48;0.00;-0.00;-0.00;0.00;0.00;-0.01;-1.45;-2.56;-88.21;0.25;0.41;0.026;1.90;2.60;-1000.00;-1000.00
1305.665;2596;-1.47;-2.57;267.54;-1.40;-2.83;-65.10;0.79;0.50;590;1;1;7;0.12;0.48;0.00;-0.00;-0.00;0.00;0.00;-0.01;-1.45;-2.56;-88.21;0.25;0.41;0.024;1.90;2.60;-1000.00;-1000.00
1305.785;2606;-1.47;-2.57;267.49;-1.40;-2.83;-65.10;0.79;0.50;590;1;1;7;0.12;0.48;0.00;0.00;-0.00;0.00;-0.00;-0.01;-1.45;-2.56;-88.21;0.25;0.41;0.033;1.90;2.60;-1000.00;-1000.00
1305.855;2615;-1.47;-2.57;267.46;-1.40;-2.83;-65.10;0.79;0.50;590;1;1;7;0.12;0.48;0.00;-0.00;-0.00;0.00;-0.00;-0.01;-1.45;-2.56;-88.21;0.25;0.41;0.014;1.90;2.60;-1000.00;-1000.00
1305.985;2629;-1.47;-2.57;267.43;-1.40;-2.83;-65.10;0.79;0.50;590;1;1;7;0.12;0.48;0.00;0.00;-0.00;0.00;-0.00;-0.00;-1.45;-2.56;-88.21;0.25;0.41;0.032;1.90;2.60;-1000.00;-1000.00
1306.085;2640;-1.47;-2.57;267.41;-1.40;-2.83;-65.10;0.79;0.50;590;1;1;7;0.12;0.48;0.00;0.00;-0.00;0.00;-0.00;-0.00;-1.45;-2.56;-88.21;0.25;0.41;0.039;1.90;2.60;-1000.00;-1000.00
1306.155;2644;-1.47;-2.57;267.40;-1.40;-2.83;-65.10;0.79;0.50;590;1;1;7;0.12;0.48;0.00;0.00;-0.00;0.00;-0.00;-0.00;-1.45;-2.56;-88.21;0.25;0.41;0.014;1.90;2.60;-1000.00;-1000.00
1306.275;2659;-1.47;-2.57;267.39;-1.40;-2.83;-65.10;0.79;0.50;590;1;1;7;0.12;0.48;0.00;0.00;-0.00;0.00;-0.00;-0.00;-1.45;-2.56;-88.21;0.25;0.41;0.028;1.90;2.60;-1000.00;-1000.00
1306.375;2667;-1.47;-2.57;267.38;-1.40;-2.83;-65.10;0.79;0.50;590;1;1;7;0.12;0.48;0.00;0.00;-0.00;0.00;-0.00;-0.00;-1.45;-2.56;-88.21;0.25;0.41;0.026;1.90;2.60;-1000.00;-1000.00
1306.485;2678;-1.47;-2.57;267.38;-1.40;-2.83;-65.10;0.79;0.50;590;1;1;7;0.12;0.48;0.00;0.00;-0.00;0.00;-0.00;-0.00;-1.45;-2.56;-88.21;0.25;0.41;0.038;1.90;2.60;-1000.00;-1000.00
1306.585;2686;-1.47;-2.57;267.37;-1.40;-2.83;-65.10;0.79;0.50;590;1;1;7;0.12;0.48;0.00;0.00;-0.00;0.00;-0.00;-0.00;-1.45;-2.56;-88.21;0.25;0.41;0.037;1.90;2.60;-1000.00;-1000.00
1306.665;2696;-1.47;-2.57;267.37;-1.40;-2.83;-65.10;0.79;0.50;590;1;1;7;0.12;0.48;0.00;0.00;-0.00;0.00;-0.00;-0.00;-1.45;-2.56;-88.21;0.25;0.41;0.021;1.90;2.60;-1000.00;-1000.00
1306.765;2706;-1.47;-2.57;267.37;-1.40;-2.83;-65.10;0.79;0.50;590;1;1;7;0.12;0.48;0.00;0.00;-0.00;0.00;-0.00;-0.00;-1.45;-2.56;-88.21;0.25;0.41;0.023;1.90;2.60;-1000.00;-1000.00
1306.865;2715;-1.47;-2.57;267.37;-1.40;-2.83;-65.10;0.79;0.50;590;1;1;7;0.12;0.48;0.00;0.00;-0.00;0.00;-0.00;-0.00;-1.45;-2.56;-88.21;0.25;0.41;0.019;1.90;2.60;-1000.00;-1000.00
1306.975;2725;-1.47;-2.57;267.37;-1.40;-2.83;-65.10;0.79;0.50;590;1;1;7;0.12;0.48;0.00;0.00;-0.00;0.00;-0.00;-0.00;-1.45;-2.56;-88.21;0.25;0.41;0.030;1.90;2.60;-1000.00;-1000.00
1307.075;2738;-1.47;-2.57;267.37;-1.40;-2.83;-65.10;0.79;0.50;590;1;1;7;0.45;0.48;0.00;0.00;-0.00;0.00;-0.00;-0.00;-1.45;-2.56;-88.21;0.25;0.41;0.029;1.90;2.60;-1000.00;-1000.00
1307.185;2748;-1.47;-2.59;269.86;-1.40;-2.83;-65.10;0.79;0.50;590;1;1;7;0.42;0.48;0.43;0.03;-0.00;0.04;-0.03;0.77;-1.45;-2.58;-87.68;0.29;0.42;0.035;1.90;2.60;-1000.00;-1000.00
1307.285;2756;-1.46;-2.63;273.11;-1.40;-2.83;-65.10;0.79;0.50;590;1;1;7;0.43;0.47;0.49;0.01;-0.01;0.13;-0.07;0.61;-1.45;-2.61;-86.34;0.35;0.43;0.037;1.90;2.60;-1000.00;-1000.00
1307.375;2767;-1.47;-2.68;276.98;-1.40;-2.83;-65.10;0.79;0.50;590;1;1;7;0.50;0.47;0.48;-0.09;-0.01;-0.12;0.05;0.66;-1.44;-2.66;-83.63;0.44;0.44;0.030;1.90;2.60;-1000.00;-1000.00
1307.465;2775;-1.47;-2.72;279.93;-1.40;-2.83;-65.10;0.79;0.50;590;1;1;7;0.65;0.47;0.46;-0.08;-0.01;-0.05;0.02;0.72;-1.43;-2.72;-78.49;0.57;0.46;0.020;1.90;2.60;-1000.00;-1000.00
1307.565;2786;-1.46;-2.77;285.20;-1.04;-3.07;-3.77;0.79;0.50;590;2;1;7;0.68;0.47;0.47;-0.13;-0.02;-0.21;0.02;1.11;-1.43;-2.75;-75.18;0.63;0.47;0.016;1.90;2.60;-1000.00;-1000.00
1307.655;2794;-1.46;-2.81;289.88;-1.04;-3.07;-3.77;0.79;0.50;590;2;1;7;0.59;0.47;0.43;-0.12;-0.01;0.07;0.01;1.02;-1.42;-2.79;-71.33;0.70;0.49;0.016;1.90;2.60;-1000.00;-1000.00
1307.755;2803;-1.46;-2.85;294.82;-1.04;-3.07;-3.77;0.79;0.50;590;2;1;7;0.63;0.48;0.43;-0.10;-0.00;0.11;0.02;0.74;-1.40;-2.82;-66.91;0.76;0.50;0.011;1.90;2.60;-1000.00;-1000.00
1307.855;2813;-1.45;-2.89;298.98;-1.04;-3.07;-3.77;0.79;0.50;590;2;1;7;0.68;0.48;0.43;-0.08;-0.01;0.14;0.02;0.79;-1.39;-2.85;-62.00;0.79;0.50;0.015;1.90;2.60;-1000.00;-1000.00
1307.965;2827;-1.42;-2.95;306.93;-1.04;-3.07;-3.77;0.79;0.50;590;2;1;7;0.63;0.49;0.42;-0.11;-0.01;0.12;0.02;0.91;-1.37;-2.88;-57.04;0.79;0.50;0.023;1.90;2.60;-1000.00;-1000.00
1308.065;2836;-1.41;-2.99;311.64;-1.04;-3.07;-3.77;0.79;0.50;590;2;1;7;0.64;0.49;0.44;-0.11;-0.01;-0.05;-0.00;0.89;-1.35;-2.91;-52.09;0.79;0.50;0.016;1.90;2.60;-1000.00;-1000.00
1308.175;2846;-1.38;-3.03;316.59;-1.04;-3.07;-3.77;0.79;0.50;590;2;1;7;0.66;0.49;0.44;-0.10;-0.01;-0.04;-0.00;0.91;-1.32;-2.94;-47.13;0.79;0.50;0.026;1.90;2.60;-1000.00;-1000.00
1308.265;2856;-1.36;-3.06;321.77;-1.04;-3.07;-3.77;0.79;0.50;590;2;1;7;0.67;0.49;0.43;-0.11;-0.01;0.04;0.02;0.93;-1.30;-2.97;-42.18;0.79;0.50;0.017;1.90;2.60;-1000.00;-1000.00
1308.365;2866;-1.33;-3.10;327.13;-1.04;-3.07;-3.77;0.79;0.50;590;2;1;7;0.68;0.49;0.44;-0.09;-0.01;-0.05;-0.00;0.95;-1.27;-2.99;-37.22;0.79;0.50;0.027;1.90;2.60;-1000.00;-1000.00
1308.455;2875;-1.30;-3.12;331.91;-1.04;-3.07;-3.77;0.79;0.50;590;2;1;7;0.69;0.49;0.42;-0.11;-0.01;-0.03;-0.00;0.91;-1.24;-3.01;-32.27;0.79;0.50;0.010;1.90;2.60;-1000.00;-1000.00
1308.555;2885;-1.26;-3.15;337.08;-1.04;-3.07;-3.77;0.79;0.50;590;2;1;7;0.70;0.49;0.40;-0.10;-0.00;-0.02;-0.01;0.88;-1.21;-3.03;-27.31;0.79;0.50;0.011;1.90;2.60;-1000.00;-1000.00
1308.645;2896;-1.23;-3.17;342.51;-1.04;-3.07;-3.77;0.79;0.50;590;2;1;7;0.71;0.48;0.40;-0.08;-0.00;-0.01;0.00;0.83;-1.17;-3.04;-22.36;0.79;0.50;0.010;1.90;2.60;-1000.00;-1000.00
1308.765;2904;-1.20;-3.19;346.89;-1.04;-3.07;-3.77;0.79;0.50;590;2;1;7;0.68;0.48;0.41;-0.11;-0.00;-0.00;-0.03;1.06;-1.16;-3.05;-19.88;0.79;0.50;0.020;1.90;2.60;-1000.00;-1000.00
1308.855;2913;-1.16;-3.21;352.57;-1.04;-3.07;-3.77;0.79;0.50;590;2;1;7;0.66;0.47;0.45;-0.09;0.01;0.05;0.07;1.10;-1.12;-3.06;-14.92;0.79;0.50;0.009;1.90;2.60;-1000.00;-1000.00
1308.975;2927;-1.10;-3.23;362.14;-0.66;-2.89;54.20;0.73;0.50;590;3;1;7;0.56;0.46;0.46;-0.19;-0.01;-0.04;-0.14;1.27;-1.09;-3.07;-9.97;0.79;0.50;0.024;1.90;2.60;-1000.00;-1000.00
1309.055;2936;-1.06;-3.24;367.45;-0.66;-2.89;54.20;0.73;0.50;590;3;1;7;0.10;0.45;0.44;-0.15;-0.01;-0.03;-0.08;0.92;-1.07;-3.07;-7.49;0.79;0.50;0.010;1.91;2.60;-1000.00;-1000.00
1309.155;2945;-1.02;-3.24;369.32;-0.66;-2.89;54.20;0.73;0.50;590;3;1;7;0.21;0.45;0.44;-0.04;-0.01;0.04;0.09;-0.15;-1.03;-3.07;-2.53;0.78;0.50;0.013;1.91;2.60;-1000.00;-1000.00
1309.255;2956;-0.97;-3.23;369.30;-0.66;-2.89;54.20;0.73;0.50;590;3;1;7;0.54;0.46;0.46;0.03;-0.01;0.02;0.06;0.05;-0.98;-3.07;4.83;0.78;0.50;0.007;1.91;2.60;-1000.00;-1000.00
1309.355;2967;-0.92;-3.23;372.54;-0.66;-2.89;54.20;0.73;0.50;590;3;1;7;0.67;0.47;0.46;-0.08;-0.01;-0.04;-0.14;0.83;-0.94;-3.07;9.69;0.77;0.50;0.006;1.91;2.60;-1000.00;-1000.00
1309.455;2975;-0.88;-3.22;376.86;-0.66;-2.89;54.20;0.73;0.50;590;3;1;7;0.64;0.47;0.44;-0.11;-0.00;-0.01;0.02;1.04;-0.93;-3.07;12.10;0.77;0.50;0.006;1.91;2.60;-1000.00;-1000.00
1309.545;2986;-0.83;-3.22;383.25;-0.66;-2.89;54.20;0.73;0.50;590;3;1;7;0.61;0.47;0.41;-0.15;-0.05;0.20;0.10;0.93;-0.89;-3.06;16.88;0.77;0.50;0.005;1.91;2.60;-1000.00;-1000.00
1309.645;2994;-0.80;-3.22;387.51;-0.66;-2.89;54.20;0.73;0.50;590;3;1;7;0.63;0.48;0.43;-0.11;-0.01;-0.01;0.07;0.84;-0.86;-3.04;21.63;0.76;0.50;0.007;1.91;2.60;-1000.00;-1000.00
1309.745;3003;-0.76;-3.20;392.13;-0.66;-2.89;54.20;0.73;0.50;590;3;1;7;0.60;0.47;0.44;-0.12;-0.01;0.00;-0.09;0.96;-0.84;-3.04;23.98;0.76;0.50;0.006;1.91;2.60;-1000.00;-1000.00
1309.855;3013;-0.72;-3.19;397.09;-0.66;-2.89;54.20;0.73;0.50;590;3;1;7;0.62;0.47;0.45;-0.12;-0.01;0.00;-0.13;0.84;-0.81;-3.02;28.66;0.75;0.50;0.007;1.91;2.60;-1000.00;-1000.00
1309.955;3023;-0.68;-3.17;401.92;-0.66;-2.89;54.20;0.73;0.50;590;3;1;7;0.64;0.47;0.44;-0.09;-0.01;0.01;-0.04;0.88;-0.78;-3.00;33.30;0.75;0.50;0.007;1.91;2.60;-1000.00;-1000.00
1310.075;3037;-0.63;-3.13;408.70;-0.66;-2.89;54.20;0.73;0.50;590;3;1;7;0.56;0.45;0.43;-0.08;-0.01;-0.02;-0.03;0.88;-0.76;-2.99;35.60;0.75;0.50;0.030;1.91;2.60;-1000.00;-1000.00
1310.155;3044;-0.60;-3.11;411.85;-0.66;-2.89;54.20;0.73;0.50;590;3;1;7;0.61;0.44;0.42;-0.07;-0.01;-0.00;-0.03;0.68;-0.73;-2.97;40.18;0.74;0.50;0.011;1.91;2.60;-1000.00;-1000.00
1310.255;3055;-0.57;-3.08;416.02;-0.66;-2.89;54.20;0.73;0.50;590;3;1;7;0.64;0.43;0.40;-0.08;-0.01;-0.00;-0.03;0.71;-0.71;-2.95;44.71;0.74;0.50;0.012;1.91;2.60;-1000.00;-1000.00
1310.345;3065;-0.54;-3.05;420.14;-0.66;-2.89;54.20;0.73;0.50;590;3;1;7;0.65;0.42;0.38;-0.09;-0.01;0.01;-0.03;0.76;-0.68;-2.92;49.20;0.73;0.50;0.006;1.91;2.60;-1000.00;-1000.00
1310.455;3075;-0.52;-3.02;424.28;-0.66;-2.89;54.20;0.73;0.50;590;3;1;7;0.62;0.41;0.37;-0.08;-0.01;0.01;-0.03;0.71;-0.67;-2.90;51.43;0.73;0.50;0.010;1.91;2.60;-1000.00;-1000.00
1310.555;3084;-0.50;-2.99;427.66;-0.66;-2.89;54.20;0.73;0.50;590;3;1;7;0.60;0.39;0.37;-0.06;-0.00;-0.01;-0.02;0.57;-0.66;-2.89;53.65;0.73;0.50;0.006;1.91;2.60;-1000.00;-1000.00
1310.655;3094;-0.48;-2.96;430.85;-0.66;-2.89;54.20;0.73;0.50;590;3;1;7;0.61;0.38;0.37;-0.10;-0.01;0.10;-0.09;0.65;-0.64;-2.86;57.96;0.70;0.50;0.006;1.91;2.60;-1000.00;-1000.00
1310.755;3106;-0.46;-2.92;435.36;-0.66;-2.89;54.20;0.73;0.50;590;3;1;7;0.54;0.36;0.37;-0.04;0.00;-0.12;0.13;0.62;-0.63;-2.85;60.01;0.68;0.50;0.009;1.91;2.60;-1000.00;-1000.00
1310.845;3113;-0.45;-2.90;437.97;-0.66;-2.89;54.20;0.73;0.50;590;3;1;7;0.53;0.34;0.37;-0.07;-0.00;0.03;-0.07;0.60;-0.61;-2.81;63.90;0.65;0.50;0.005;1.91;2.60;-1000.00;-1000.00
1310.955;3126;-0.43;-2.86;442.02;-0.66;-2.89;54.20;0.73;0.50;590;3;1;7;0.49;0.33;0.33;-0.04;-0.00;-0.14;0.12;0.43;-0.60;-2.78;67.52;0.61;0.50;0.005;1.91;2.60;-1000.00;-1000.00
1311.055;3136;-0.42;-2.82;444.86;-0.66;-2.89;54.20;0.73;0.50;590;3;1;7;0.44;0.31;0.32;-0.07;-0.01;0.05;-0.03;0.46;-0.59;-2.76;69.23;0.59;0.50;0.010;1.91;2.60;-1000.00;-1000.00
1311.155;3145;-0.42;-2.80;446.69;-0.66;-2.89;54.20;0.73;0.50;590;3;1;7;0.42;0.29;0.30;-0.04;-0.01;-0.06;0.05;0.27;-0.58;-2.75;70.88;0.58;0.50;0.006;1.91;2.60;-1000.00;-1000.00
1311.245;3156;-0.41;-2.76;448.50;-0.66;-2.89;54.20;0.73;0.50;590;3;1;7;0.42;0.28;0.30;-0.02;-0.01;-0.00;-0.01;0.24;-0.57;-2.71;73.98;0.54;0.50;0.005;1.91;2.60;-1000.00;-1000.00
1311.355;3164;-0.41;-2.74;449.35;-0.66;-2.89;54.20;0.73;0.50;590;3;1;7;0.42;0.26;0.28;0.02;-0.01;-0.08;0.04;0.13;-0.57;-2.70;75.44;0.52;0.50;0.005;1.91;2.60;-1000.00;-1000.00
1311.445;3173;-0.41;-2.71;450.05;-0.66;-2.89;54.20;0.73;0.50;590;3;1;7;0.42;0.25;0.28;0.01;-0.01;0.03;-0.03;0.12;-0.56;-2.68;76.84;0.51;0.50;0.005;1.91;2.60;-1000.00;-1000.00
1311.555;3183;-0.41;-2.69;450.44;-0.66;-2.89;54.20;0.73;0.50;590;3;1;7;0.43;0.24;0.26;0.00;-0.01;0.03;-0.03;0.06;-0.56;-2.66;78.18;0.49;0.50;0.008;1.91;2.60;-1000.00;-1000.00
1311.645;3194;-0.41;-2.66;450.69;-0.66;-2.89;54.20;0.73;0.50;590;3;1;7;0.45;0.23;0.25;0.00;-0.01;0.03;-0.02;0.05;-0.56;-2.64;79.47;0.47;0.50;0.006;1.91;2.60;-1000.00;-1000.00
1311.755;3206;-0.41;-2.63;450.96;-0.66;-2.89;54.20;0.73;0.50;590;3;1;7;0.47;0.22;0.25;-0.00;-0.01;0.05;-0.05;0.08;-0.55;-2.62;80.70;0.45;0.50;0.016;1.91;2.60;-1000.00;-1000.00
1311.905;3221;-0.41;-2.60;451.49;-0.55;-2.45;90.00;-0.00;0.50;114;0;1;0;0.49;0.21;0.23;-0.00;-0.01;0.03;-0.02;0.08;-0.55;-2.59;82.99;0.42;0.50;0.049;1.91;2.60;-1000.00;-1000.00
1311.965;3226;-0.41;-2.59;451.65;-0.55;-2.45;90.00;-0.00;0.50;114;0;1;0;0.25;0.24;0.22;0.01;-0.00;-0.05;0.02;0.05;-0.55;-2.45;90.00;-0.00;0.50;0.023;1.91;2.60;-1000.00;-1000.00
1312.075;3236;-0.42;-2.56;451.36;-0.55;-2.45;90.00;-0.00;0.50;114;0;1;0;0.26;0.27;0.25;0.01;-0.01;0.04;-0.03;-0.12;-0.55;-2.45;90.00;-0.00;0.50;0.036;1.91;2.60;-1000.00;-1000.00
1312.165;3245;-0.42;-2.54;450.92;-0.55;-2.45;90.00;-0.00;0.50;114;0;1;0;0.28;0.29;0.27;0.01;-0.01;0.04;-0.03;-0.04;-0.55;-2.45;90.00;-0.00;0.50;0.022;1.91;2.60;-1000.00;-1000.00
1312.265;3255;-0.42;-2.51;450.80;-0.55;-2.45;90.00;-0.00;0.50;114;0;1;0;0.28;0.31;0.29;0.00;-0.01;-0.00;-0.00;0.01;-0.55;-2.45;90.00;-0.00;0.50;0.021;1.91;2.60;-1000.00;-1000.00
1312.375;3269;-0.42;-2.47;451.08;-0.55;-2.45;90.00;-0.00;0.50;114;0;1;0;0.26;0.32;0.31;0.00;-0.01;-0.03;0.01;0.03;-0.55;-2.45;90.00;-0.00;0.50;0.025;1.91;2.60;-1000.00;-1000.00
1312.485;3278;-0.42;-2.44;451.29;-0.55;-2.45;90.00;-0.00;0.50;114;0;1;0;0.25;0.33;0.33;0.00;-0.01;0.08;-0.05;0.06;-0.55;-2.45;90.00;-0.00;0.50;0.032;1.91;2.60;-1000.00;-1000.00
1312.575;3287;-0.42;-2.41;451.43;-0.55;-2.45;90.00;-0.00;0.50;114;0;1;0;0.24;0.33;0.33;0.00;-0.01;0.01;-0.01;0.02;-0.55;-2.43;90.00;-0.00;0.50;0.031;1.91;2.60;-1000.00;-1000.00
1312.675;3297;-0.42;-2.38;451.57;-0.55;-2.45;90.00;-0.00;0.50;114;0;1;0;0.23;0.34;0.33;0.01;-0.01;-0.04;0.02;0.00;-0.55;-2.39;90.00;-0.00;0.50;0.030;1.91;2.60;-1000.00;-1000.00
1312.795;3308;-0.42;-2.34;451.71;-0.55;-2.45;90.00;-0.00;0.50;114;0;1;0;0.22;0.34;0.34;0.00;-0.01;0.01;-0.01;0.02;-0.55;-2.37;90.00;-0.00;0.50;0.047;1.91;2.60;-1000.00;-1000.00
1312.865;3316;-0.43;-2.31;451.78;-0.55;-2.45;90.00;-0.00;0.50;114;0;1;0;0.21;0.35;0.35;0.00;-0.01;0.06;-0.03;0.04;-0.55;-2.33;90.00;-0.00;0.50;0.029;1.91;2.60;-1000.00;-1000.00
1312.975;3325;-0.43;-2.28;451.83;-0.55;-2.45;90.00;-0.00;0.50;114;0;1;0;0.21;0.36;0.35;0.01;-0.01;-0.02;0.01;-0.00;-0.55;-2.28;90.00;-0.00;0.50;0.028;1.91;2.60;-1000.00;-1000.00
1313.075;3335;-0.43;-2.24;451.87;-0.55;-2.21;90.00;-0.00;0.50;114;1;1;0;0.20;0.36;0.35;0.01;-0.01;-0.06;0.03;-0.01;-0.55;-2.25;90.00;-0.00;0.50;0.022;1.91;2.60;-1000.00;-1000.00
1313.165;3346;-0.43;-2.20;451.96;-0.55;-2.21;90.00;-0.00;0.50;114;1;1;0;0.19;0.37;0.36;0.01;-0.01;-0.00;-0.01;0.01;-0.55;-2.21;90.00;-0.00;0.50;0.018;1.91;2.60;-1000.00;-1000.00
1313.265;3354;-0.43;-2.18;452.02;-0.55;-2.21;90.00;-0.00;0.50;114;1;1;0;0.19;0.38;0.37;0.01;-0.01;-0.02;0.00;0.00;-0.55;-2.17;90.00;-0.00;0.50;0.019;1.91;2.60;-1000.00;-1000.00
1313.375;3369;-0.44;-2.12;452.12;-0.55;-2.21;90.00;-0.00;0.50;114;1;1;0;0.18;0.38;0.39;0.00;-0.01;0.08;-0.05;0.03;-0.55;-2.14;90.00;-0.00;0.50;0.029;1.91;2.60;-1000.00;-1000.00
1313.465;3377;-0.44;-2.09;452.14;-0.55;-2.21;90.00;-0.00;0.50;114;1;1;0;0.17;0.38;0.38;0.01;-0.01;-0.03;0.01;-0.01;-0.55;-2.10;90.00;-0.00;0.50;0.024;1.91;2.60;-1000.00;-1000.00
1313.595;3391;-0.44;-2.03;452.20;-0.55;-1.97;90.00;-0.00;0.50;114;2;1;0;0.16;0.39;0.39;0.00;-0.01;0.00;-0.01;0.00;-0.55;-2.07;90.00;-0.00;0.50;0.042;1.91;2.60;-1000.00;-1000.00
1313.655;3395;-0.44;-2.02;452.21;-0.55;-1.97;90.00;-0.00;0.50;114;2;1;0;0.16;0.39;0.40;0.00;-0.01;0.06;-0.03;0.03;-0.55;-2.02;90.00;-0.00;0.50;0.010;1.91;2.60;-1000.00;-1000.00
1313.755;3404;-0.44;-1.98;452.22;-0.55;-1.97;90.00;-0.00;0.50;114;2;1;0;0.15;0.40;0.40;0.00;-0.01;0.03;-0.02;0.01;-0.55;-1.98;90.00;-0.00;0.50;0.014;1.91;2.60;-1000.00;-1000.00
1313.855;3414;-0.44;-1.94;452.25;-0.55;-1.97;90.00;-0.00;0.50;114;2;1;0;0.15;0.40;0.41;0.00;-0.01;0.05;-0.03;0.02;-0.55;-1.95;90.00;-0.00;0.50;0.012;1.91;2.60;-1000.00;-1000.00
1313.955;3423;-0.45;-1.91;452.29;-0.55;-1.97;90.00;-0.00;0.50;114;2;1;0;0.14;0.41;0.41;0.00;-0.01;0.05;-0.03;0.02;-0.55;-1.91;90.00;-0.00;0.50;0.010;1.91;2.60;-1000.00;-1000.00
1314.055;3433;-0.45;-1.87;452.31;-0.55;-1.74;90.00;-0.00;0.50;114;3;1;0;0.13;0.41;0.41;0.00;-0.01;-0.00;-0.01;-0.00;-0.55;-1.86;90.00;-0.00;0.50;0.010;1.91;2.60;-1000.00;-1000.00
1314.155;3442;-0.45;-1.83;452.34;-0.55;-1.74;90.00;-0.00;0.50;114;3;1;0;0.13;0.42;0.42;0.00;-0.01;0.05;-0.03;0.03;-0.55;-1.82;90.00;-0.00;0.50;0.007;1.91;2.60;-1000.00;-1000.00
1314.255;3456;-0.45;-1.77;452.36;-0.55;-1.74;90.00;-0.00;0.50;114;3;1;0;0.12;0.42;0.42;0.01;-0.01;-0.04;0.02;-0.01;-0.55;-1.79;90.00;-0.00;0.50;0.011;1.91;2.60;-1000.00;-1000.00
1314.345;3465;-0.45;-1.73;452.38;-0.55;-1.74;90.00;-0.00;0.50;114;3;1;0;0.11;0.42;0.43;0.00;-0.01;0.04;-0.03;0.01;-0.55;-1.74;90.00;-0.00;0.50;0.005;1.91;2.60;-1000.00;-1000.00
1314.455;3476;-0.46;-1.69;452.35;-0.55;-1.74;90.00;-0.00;0.50;114;3;1;0;0.11;0.43;0.43;0.00;-0.01;0.03;-0.02;0.00;-0.55;-1.69;90.00;-0.00;0.50;0.009;1.91;2.60;-1000.00;-1000.00
1314.555;3484;-0.46;-1.65;452.33;-0.55;-1.50;90.00;0.00;0.50;114;4;1;0;0.11;0.43;0.43;0.00;-0.01;0.03;-0.02;0.00;-0.55;-1.66;90.00;-0.00;0.50;0.008;1.91;2.60;-1000.00;-1000.00
1314.645;3495;-0.46;-1.61;452.32;-0.55;-1.50;90.00;0.00;0.50;114;4;1;0;0.10;0.43;0.43;0.00;-0.01;0.03;-0.02;0.00;-0.55;-1.61;90.00;-0.00;0.50;0.001;1.91;2.60;-1000.00;-1000.00
1314.745;3503;-0.46;-1.57;452.32;-0.55;-1.50;90.00;0.00;0.50;114;4;1;0;0.10;0.43;0.44;0.00;-0.01;0.02;-0.02;0.00;-0.55;-1.57;90.00;0.00;0.50;0.002;1.91;2.60;-1000.00;-1000.00
1314.845;3514;-0.47;-1.52;452.31;-0.55;-1.50;90.00;0.00;0.50;114;4;1;0;0.09;0.44;0.44;0.00;-0.01;0.02;-0.02;-0.00;-0.55;-1.52;90.00;0.00;0.50;0.001;1.91;2.60;-1000.00;-1000.00
1315.005;3531;-0.47;-1.45;452.29;-0.55;-1.14;84.96;-0.49;0.50;1006;1;1;6;0.09;0.44;0.44;0.00;-0.01;0.02;-0.02;-0.00;-0.55;-1.49;90.00;0.00;0.50;0.063;1.91;2.60;-1000.00;-1000.00
1315.065;3537;-0.47;-1.42;452.29;-0.55;-1.14;84.96;-0.49;0.50;1006;1;1;6;0.28;0.45;0.45;0.00;-0.01;0.02;-0.01;0.00;-0.55;-1.25;90.00;-0.05;0.05;0.023;1.91;2.60;-1000.00;-1000.00
1315.155;3545;-0.47;-1.39;452.94;-0.55;-1.14;84.96;-0.49;0.50;1006;1;1;6;0.19;0.45;0.45;-0.01;-0.00;-0.03;0.01;0.31;-0.55;-1.25;90.00;-0.05;0.05;0.017;1.91;2.60;-1000.00;-1000.00
1315.265;3554;-0.47;-1.34;454.10;-0.49;-0.93;63.79;-0.75;0.50;1006;2;1;6;0.07;0.45;0.46;0.00;-0.01;0.06;-0.03;0.13;-0.55;-1.25;90.00;-0.05;0.05;0.019;1.91;2.60;-1000.00;-1000.00
1315.365;3564;-0.48;-1.30;454.13;-0.49;-0.93;63.79;-0.75;0.50;1006;2;1;6;-0.02;0.44;0.45;0.01;-0.01;0.05;-0.03;-0.11;-0.55;-1.25;90.00;-0.05;0.05;0.024;1.91;2.60;-1000.00;-1000.00
1315.465;3575;-0.48;-1.25;453.19;-0.49;-0.93;63.79;-0.75;0.50;1006;2;1;6;-0.13;0.42;0.44;0.01;-0.01;0.03;-0.02;-0.19;-0.55;-1.25;90.00;-0.05;0.05;0.021;1.91;2.60;-1000.00;-1000.00
1315.555;3583;-0.49;-1.22;452.14;-0.36;-0.77;37.77;-0.70;0.50;1006;3;1;6;-0.34;0.41;0.42;0.02;-0.01;0.03;-0.02;-0.31;-0.55;-1.22;89.20;-0.27;0.28;0.011;1.91;2.60;-1000.00;-1000.00
1315.655;3594;-0.49;-1.17;449.42;-0.36;-0.77;37.77;-0.70;0.50;1006;3;1;6;-0.55;0.41;0.42;0.01;-0.00;-0.03;-0.01;-0.53;-0.55;-1.17;86.86;-0.42;0.43;0.007;1.91;2.60;-1000.00;-1000.00
1315.755;3604;-0.49;-1.13;445.80;-0.36;-0.77;37.77;-0.70;0.50;1006;3;1;6;-0.61;0.42;0.42;0.02;-0.01;-0.03;-0.01;-0.76;-0.54;-1.13;84.00;-0.50;0.50;0.005;1.91;2.60;-1000.00;-1000.00
1315.855;3617;-0.48;-1.07;439.93;-0.16;-0.67;16.78;-0.54;0.50;1006;4;1;6;-0.60;0.42;0.41;0.02;-0.00;-0.22;-0.09;-0.68;-0.54;-1.07;79.58;-0.57;0.50;0.013;1.91;2.60;-1000.00;-1000.00
1315.945;3625;-0.48;-1.04;436.38;-0.16;-0.67;16.78;-0.54;0.50;1006;4;1;6;-0.68;0.42;0.43;0.10;-0.01;0.10;0.05;-0.83;-0.53;-1.03;75.54;-0.62;0.50;0.001;1.91;2.60;-1000.00;-1000.00
1316.045;3636;-0.48;-1.00;430.93;-0.16;-0.67;16.78;-0.54;0.50;1006;4;1;6;-0.72;0.42;0.38;0.09;-0.00;-0.16;-0.02;-0.83;-0.51;-0.98;69.81;-0.69;0.50;0.002;1.91;2.60;-1000.00;-1000.00
1316.145;3644;-0.48;-0.96;426.22;-0.16;-0.67;16.78;-0.54;0.50;1006;4;1;6;-0.72;0.42;0.40;0.15;-0.01;0.16;-0.00;-1.13;-0.50;-0.95;65.97;-0.73;0.50;0.002;1.91;2.60;-1000.00;-1000.00
1316.245;3653;-0.48;-0.93;421.12;-0.16;-0.67;16.78;-0.54;0.50;1006;4;1;6;-0.70;0.43;0.40;0.16;-0.03;0.24;-0.05;-1.12;-0.48;-0.92;61.86;-0.75;0.50;0.001;1.91;2.60;-1000.00;-1000.00
1316.345;3663;-0.47;-0.89;415.87;-0.16;-0.67;16.78;-0.54;0.50;1006;4;1;6;-0.67;0.43;0.36;0.12;-0.06;-0.15;-0.17;-0.85;-0.47;-0.89;57.76;-0.74;0.50;0.002;1.91;2.60;-1000.00;-1000.00
1316.445;3672;-0.45;-0.86;411.48;-0.16;-0.67;16.78;-0.54;0.50;1006;4;1;6;-0.68;0.43;0.37;0.08;-0.01;-0.17;0.05;-0.69;-0.44;-0.86;52.40;-0.73;0.50;0.002;1.91;2.60;-1000.00;-1000.00
1316.545;3682;-0.43;-0.82;406.82;-0.16;-0.67;16.78;-0.54;0.50;1006;4;1;6;-0.67;0.43;0.40;0.09;-0.01;0.05;-0.01;-0.87;-0.42;-0.83;48.46;-0.72;0.50;0.002;1.91;2.60;-1000.00;-1000.00
1316.645;3696;-0.40;-0.77;400.44;0.05;-0.64;0.57;-0.47;0.50;1006;5;1;6;-0.67;0.44;0.40;0.10;-0.01;0.06;-0.00;-0.81;-0.38;-0.79;42.04;-0.70;0.50;0.002;1.91;2.60;-1000.00;-1000.00
1316.755;3705;-0.38;-0.75;396.51;0.05;-0.64;0.57;-0.47;0.50;1006;5;1;6;-0.65;0.44;0.39;0.08;-0.01;0.04;0.00;-0.74;-0.36;-0.77;38.26;-0.70;0.50;0.003;1.91;2.60;-1000.00;-1000.00
1316.845;3716;-0.35;-0.71;391.90;0.05;-0.64;0.57;-0.47;0.50;1006;5;1;6;-0.64;0.45;0.39;0.08;-0.01;0.03;-0.00;-0.70;-0.32;-0.75;33.42;-0.67;0.50;0.001;1.91;2.60;-1000.00;-1000.00
1316.945;3724;-0.33;-0.69;388.64;0.05;-0.64;0.57;-0.47;0.50;1006;5;1;6;-0.61;0.45;0.39;0.08;-0.01;0.03;0.01;-0.69;-0.31;-0.73;31.11;-0.65;0.50;0.006;1.91;2.60;-1000.00;-1000.00
1317.045;3735;-0.29;-0.67;384.57;0.05;-0.64;0.57;-0.47;0.50;1006;5;1;6;-0.60;0.46;0.41;0.06;-0.00;0.03;0.00;-0.60;-0.27;-0.71;26.71;-0.62;0.50;0.001;1.91;2.60;-1000.00;-1000.00
1317.145;3743;-0.26;-0.65;381.80;0.05;-0.64;0.57;-0.47;0.50;1006;5;1;6;-0.60;0.46;0.41;0.06;-0.00;0.02;0.00;-0.58;-0.24;-0.70;23.61;-0.60;0.50;0.003;1.91;2.60;-1000.00;-1000.00
1317.315;3762;-0.18;-0.62;375.33;0.19;-0.64;8.62;0.63;0.50;699;1;1;3;-0.59;0.47;0.47;0.05;-0.00;0.07;-0.04;-0.73;-0.21;-0.69;20.66;-0.57;0.50;0.071;1.91;2.60;-1000.00;-1000.00
1317.365;3766;-0.17;-0.61;373.58;0.19;-0.64;8.62;0.63;0.50;699;1;1;3;-0.79;0.45;0.47;0.11;-0.03;0.11;-0.23;-0.91;0.05;-0.65;-0.00;0.08;0.06;0.022;1.91;2.60;-1000.00;-1000.00
1317.475;3777;-0.12;-0.59;367.11;0.19;-0.64;8.62;0.63;0.50;699;1;1;3;-0.72;0.44;0.44;0.12;0.00;-0.04;0.06;-1.32;0.05;-0.65;-0.00;0.08;0.06;0.021;1.91;2.60;-1000.00;-1000.00
1317.565;3786;-0.08;-0.57;359.59;0.45;-0.55;25.88;0.22;0.50;699;2;1;3;-0.35;0.43;0.42;0.19;-0.00;-0.00;-0.05;-1.40;0.05;-0.65;-0.00;0.08;0.06;0.019;1.91;2.60;-1000.00;-1000.00
1317.665;3796;-0.04;-0.56;354.34;0.45;-0.55;25.88;0.22;0.50;699;2;1;3;0.08;0.42;0.41;0.12;-0.01;-0.02;0.02;-0.36;0.05;-0.65;-0.00;0.08;0.06;0.014;1.91;2.60;-1000.00;-1000.00
1317.755;3805;-0.00;-0.56;354.20;0.45;-0.55;25.88;0.22;0.50;699;2;1;3;0.12;0.40;0.42;0.01;-0.01;0.03;-0.06;0.35;0.05;-0.65;-0.00;0.08;0.06;0.013;1.91;2.60;-1000.00;-1000.00
1317.855;3814;0.03;-0.56;355.97;0.45;-0.55;25.88;0.22;0.50;699;2;1;3;0.09;0.38;0.40;-0.04;-0.01;0.03;-0.05;0.33;0.05;-0.65;-0.00;0.08;0.06;0.012;1.91;2.60;-1000.00;-1000.00
1317.955;3824;0.07;-0.57;357.56;0.45;-0.55;25.88;0.22;0.50;699;2;1;3;0.23;0.37;0.38;-0.00;-0.00;0.02;-0.04;0.18;0.07;-0.65;0.43;0.25;0.20;0.011;1.91;2.60;-1000.00;-1000.00
1318.075;3839;0.13;-0.57;359.67;0.45;-0.55;25.88;0.22;0.50;699;2;1;3;0.43;0.36;0.37;-0.01;-0.00;0.03;0.07;0.22;0.12;-0.65;2.58;0.43;0.34;0.028;1.91;2.60;-1000.00;-1000.00
1318.155;3843;0.14;-0.57;360.48;0.45;-0.55;25.88;0.22;0.50;699;2;1;3;0.60;0.36;0.38;-0.02;-0.01;-0.04;-0.06;0.47;0.15;-0.65;5.11;0.53;0.42;0.009;1.91;2.60;-1000.00;-1000.00
1318.265;3858;0.20;-0.57;365.59;0.45;-0.55;25.88;0.22;0.50;699;2;1;3;0.65;0.36;0.36;-0.01;-0.00;0.04;0.11;0.61;0.19;-0.64;8.90;0.62;0.50;0.021;1.91;2.60;-1000.00;-1000.00
1318.365;3866;0.23;-0.57;368.91;0.69;-0.43;24.15;-0.31;0.50;699;3;1;3;0.60;0.37;0.35;-0.03;-0.00;0.08;0.18;0.64;0.22;-0.64;12.02;0.57;0.50;0.018;1.91;2.60;-1000.00;-1000.00
1318.455;3877;0.27;-0.57;373.28;0.69;-0.43;24.15;-0.31;0.50;699;3;1;3;0.50;0.37;0.34;-0.08;-0.01;0.02;0.04;0.57;0.28;-0.62;16.52;0.49;0.50;0.007;1.91;2.60;-1000.00;-1000.00
1318.545;3885;0.30;-0.57;375.37;0.69;-0.43;24.15;-0.31;0.50;699;3;1;3;0.48;0.37;0.35;-0.06;-0.01;0.02;0.05;0.37;0.31;-0.61;18.82;0.44;0.50;0.006;1.91;2.60;-1000.00;-1000.00
1318.655;3896;0.34;-0.56;377.75;0.69;-0.43;24.15;-0.31;0.50;699;3;1;3;0.45;0.37;0.38;-0.04;-0.01;-0.05;-0.06;0.40;0.35;-0.60;21.46;0.38;0.50;0.010;1.91;2.60;-1000.00;-1000.00
1318.755;3904;0.37;-0.55;379.48;0.69;-0.43;24.15;-0.31;0.50;699;3;1;3;0.41;0.38;0.37;-0.06;-0.06;0.18;-0.09;0.39;0.38;-0.58;23.12;0.33;0.50;0.006;1.91;2.60;-1000.00;-1000.00
1318.845;3914;0.40;-0.54;381.28;0.69;-0.43;24.15;-0.31;0.50;699;3;1;3;0.35;0.38;0.37;-0.04;-0.06;0.17;-0.09;0.32;0.41;-0.57;24.54;0.28;0.50;0.004;1.91;2.60;-1000.00;-1000.00
1318.955;3923;0.43;-0.53;382.58;0.69;-0.43;24.15;-0.31;0.50;699;3;1;3;0.31;0.38;0.38;-0.05;-0.01;-0.02;-0.14;0.26;0.44;-0.56;25.71;0.23;0.50;0.008;1.91;2.60;-1000.00;-1000.00
1319.045;3934;0.47;-0.52;383.77;0.69;-0.43;24.15;-0.31;0.50;699;3;1;3;0.24;0.39;0.37;-0.03;-0.01;0.01;0.05;0.14;0.48;-0.54;26.87;0.14;0.50;0.006;1.91;2.60;-1000.00;-1000.00
1319.165;3946;0.52;-0.50;384.31;0.69;-0.43;24.15;-0.31;0.50;699;3;1;3;0.16;0.39;0.39;0.02;-0.01;0.01;0.09;0.01;0.51;-0.52;27.39;0.08;0.50;0.011;1.91;2.60;-1000.00;-1000.00
1319.255;3957;0.55;-0.48;384.09;0.69;-0.43;24.15;-0.31;0.50;699;3;1;3;0.09;0.39;0.39;0.01;-0.01;-0.00;0.01;-0.08;0.56;-0.49;27.61;-0.03;0.50;0.009;1.91;2.60;-1000.00;-1000.00
1319.345;3965;0.58;-0.47;383.58;0.69;-0.43;24.15;-0.31;0.50;699;3;1;3;0.04;0.40;0.40;0.01;-0.01;-0.01;-0.06;-0.09;0.59;-0.48;27.34;-0.09;0.50;0.006;1.91;2.60;-1000.00;-1000.00
1319.445;3975;0.62;-0.45;382.79;0.69;-0.43;24.15;-0.31;0.50;699;3;1;3;-0.02;0.40;0.41;0.00;-0.01;-0.01;-0.06;-0.12;0.62;-0.46;26.78;-0.15;0.50;0.006;1.91;2.60;-1000.00;-1000.00
1319.555;3983;0.65;-0.44;382.06;0.96;-0.36;0.57;-0.79;0.50;699;4;1;3;-0.08;0.40;0.40;0.01;-0.01;-0.01;-0.03;-0.16;0.65;-0.45;25.91;-0.22;0.50;0.006;1.91;2.60;-1000.00;-1000.00
1319.655;3994;0.69;-0.42;380.99;0.96;-0.36;0.57;-0.79;0.50;699;4;1;3;-0.19;0.41;0.41;-0.01;-0.00;-0.00;0.02;-0.18;0.69;-0.43;24.27;-0.30;0.50;0.010;1.91;2.60;-1000.00;-1000.00
1319.775;4007;0.74;-0.40;379.30;0.95;-0.35;0.00;0.00;-0.50;403;0;1;2;-0.27;0.41;0.41;0.01;-0.00;0.00;0.00;-0.24;0.72;-0.42;22.70;-0.36;0.50;0.033;1.91;2.60;-1000.00;-1000.00
1319.915;4021;0.80;-0.39;377.13;0.65;-0.35;0.00;-0.00;0.50;217;0;1;0;0.79;0.36;0.40;-0.01;-0.01;-0.09;0.08;-0.14;0.76;-0.35;-0.00;0.00;-0.50;0.037;1.91;2.60;-1000.00;-1000.00
1319.975;4027;0.82;-0.38;379.49;0.89;-0.35;-0.00;-0.00;0.50;217;1;1;0;0.79;0.36;0.35;-0.07;-0.05;0.11;-0.31;1.26;0.81;-0.35;-0.00;-0.00;0.50;0.027;1.91;2.60;-1000.00;-1000.00
1320.065;4035;0.84;-0.38;384.71;0.89;-0.35;-0.00;-0.00;0.50;217;1;1;0;0.79;0.36;0.13;-0.08;0.00;-0.03;-0.02;0.59;0.84;-0.35;-0.00;-0.00;0.50;0.015;1.91;2.60;-1000.00;-1000.00
1320.155;4044;0.84;-0.38;384.99;0.89;-0.35;-0.00;-0.00;0.50;217;1;1;0;0.79;0.36;-0.00;0.00;-0.00;0.00;-0.04;-0.07;0.84;-0.35;-0.00;-0.00;0.50;0.016;1.91;2.60;-1000.00;-1000.00
1320.275;4058;0.84;-0.38;384.73;0.89;-0.35;-0.00;-0.00;0.50;217;1;1;0;0.79;0.36;0.00;-0.00;0.00;-0.00;0.00;-0.02;0.84;-0.35;-0.00;-0.00;0.50;0.027;1.91;2.60;-1000.00;-1000.00
1320.365;4065;0.84;-0.38;384.66;0.89;-0.35;-0.00;-0.00;0.50;217;1;1;0;0.79;0.36;0.00;-0.00;-0.00;-0.00;0.00;-0.02;0.84;-0.35;-0.00;-0.00;0.50;0.021;1.91;2.60;-1000.00;-1000.00
1320.475;4077;0.84;-0.38;384.57;0.89;-0.35;-0.00;-0.00;0.50;217;1;1;0;0.79;0.36;0.00;0.00;-0.00;-0.00;0.00;-0.01;0.84;-0.35;-0.00;-0.00;0.50;0.026;1.91;2.60;-1000.00;-1000.00
1320.565;4086;0.84;-0.38;384.53;0.89;-0.35;-0.00;-0.00;0.50;217;1;1;0;0.79;0.36;0.00;0.00;-0.00;-0.00;0.00;-0.01;0.84;-0.35;-0.00;-0.00;0.50;0.025;1.91;2.60;-1000.00;-1000.00
1320.665;4097;0.84;-0.38;384.49;0.89;-0.35;-0.00;-0.00;0.50;217;1;1;0;0.79;0.36;0.00;0.00;-0.00;-0.00;0.00;-0.00;0.84;-0.35;-0.00;-0.00;0.50;0.019;1.91;2.60;-1000.00;-1000.00
1320.785;4105;0.84;-0.38;384.47;0.89;-0.35;-0.00;-0.00;0.50;217;1;1;0;0.79;0.36;0.00;0.00;-0.00;-0.00;0.00;-0.00;0.84;-0.35;-0.00;-0.00;0.50;0.035;1.91;2.60;-1000.00;-1000.00
1320.885;4117;0.84;-0.38;384.45;0.89;-0.35;-0.00;-0.00;0.50;217;1;1;0;0.79;0.36;0.00;0.00;-0.00;-0.00;0.00;-0.00;0.84;-0.35;-0.00;-0.00;0.50;0.034;1.91;2.60;-1000.00;-1000.00
1320.975;4124;0.84;-0.38;384.45;0.89;-0.35;-0.00;-0.00;0.50;217;1;1;0;0.79;0.36;0.00;0.00;-0.00;-0.00;0.00;-0.00;0.84;-0.35;-0.00;-0.00;0.50;0.031;1.91;2.60;-1000.00;-1000.00
1321.065;4135;0.84;-0.38;384.44;0.89;-0.35;-0.00;-0.00;0.50;217;1;1;0;0.79;0.36;0.00;0.00;-0.00;-0.00;0.00;-0.00;0.84;-0.35;-0.00;-0.00;0.50;0.028;1.91;2.60;-1000.00;-1000.00
1321.185;4147;0.84;-0.38;384.43;0.89;-0.35;-0.00;-0.00;0.50;217;1;1;0;0.79;0.36;0.00;0.00;-0.00;-0.00;0.00;-0.00;0.84;-0.35;-0.00;-0.00;0.50;0.033;1.91;2.60;-1000.00;-1000.00
1321.285;4157;0.84;-0.38;384.42;0.89;-0.35;-0.00;-0.00;0.50;217;1;1;0;0.79;0.36;0.00;0.00;-0.00;-0.00;0.00;-0.00;0.84;-0.35;-0.00;-0.00;0.50;0.040;1.91;2.60;-1000.00;-1000.00
1321.365;4167;0.84;-0.38;384.42;0.89;-0.35;-0.00;-0.00;0.50;217;1;1;0;0.79;0.36;0.00;0.00;-0.00;-0.00;0.00;-0.00;0.84;-0.35;-0.00;-0.00;0.50;0.020;1.91;2.60;-1000.00;-1000.00
1321.485;4175;0.84;-0.38;384.42;0.89;-0.35;-0.00;-0.00;0.50;217;1;1;0;0.79;0.36;0.00;0.00;-0.00;-0.00;0.00;-0.00;0.84;-0.35;-0.00;-0.00;0.50;0.033;1.91;2.60;-1000.00;-1000.00
1321.575;4186;0.84;-0.38;384.42;0.89;-0.35;-0.00;-0.00;0.50;217;1;1;0;0.79;0.36;0.00;0.00;-0.00;-0.00;0.00;-0.00;0.84;-0.35;-0.00;-0.00;0.50;0.026;1.91;2.60;-1000.00;-1000.00
1321.665;4194;0.84;-0.38;384.42;0.89;-0.35;-0.00;-0.00;0.50;217;1;1;0;0.79;0.36;0.00;0.00;-0.00;-0.00;0.00;-0.00;0.84;-0.35;-0.00;-0.00;0.50;0.019;1.92;2.60;-1000.00;-1000.00
1321.775;4209;0.84;-0.38;384.41;0.89;-0.35;-0.00;-0.00;0.50;217;1;1;0;0.79;0.36;0.00;0.00;-0.00;-0.00;0.00;-0.00;0.84;-0.35;-0.00;-0.00;0.50;0.032;1.92;2.60;-1000.00;-1000.00
1321.865;4217;0.84;-0.38;384.41;0.89;-0.35;-0.00;-0.00;0.50;217;1;1;0;-0.79;0.37;0.00;0.00;-0.00;-0.00;0.00;-0.00;0.84;-0.35;-0.00;-0.00;0.50;0.021;1.92;2.60;-1000.00;-1000.00
1321.965;4227;0.86;-0.37;381.31;0.89;-0.35;-0.00;-0.00;0.50;217;1;1;0;-0.79;0.37;0.32;0.00;-0.01;0.01;0.01;-1.22;0.84;-0.35;-0.00;-0.00;0.50;0.023;1.92;2.60;-1000.00;-1000.00
1322.065;4236;0.89;-0.36;375.24;0.89;-0.35;-0.00;-0.00;0.50;217;1;1;0;-0.72;0.38;0.38;0.01;-0.00;-0.17;0.15;-1.08;0.88;-0.35;-0.00;-0.00;0.50;0.024;1.92;2.60;-1000.00;-1000.00
1322.195;4251;0.94;-0.33;366.13;1.13;-0.35;-0.00;-0.00;0.50;217;2;1;0;-0.37;0.38;0.36;0.15;-0.01;0.02;-0.06;-1.06;0.91;-0.35;-0.00;-0.00;0.50;0.042;1.92;2.61;-1000.00;-1000.00
1322.265;4255;0.95;-0.33;364.34;1.13;-0.35;-0.00;-0.00;0.50;217;2;1;0;-0.27;0.39;0.37;0.14;-0.02;0.06;-0.15;-0.65;0.95;-0.35;-0.00;-0.00;0.50;0.023;1.92;2.61;-1000.00;-1000.00
1322.355;4264;0.99;-0.32;363.02;1.13;-0.35;-0.00;-0.00;0.50;217;2;1;0;-0.22;0.39;0.37;0.05;-0.01;-0.01;0.01;-0.09;0.99;-0.35;-0.00;-0.00;0.50;0.008;1.92;2.61;-1000.00;-1000.00
1322.465;4274;1.03;-0.31;362.45;1.13;-0.35;-0.00;-0.00;0.50;217;2;1;0;-0.21;0.40;0.38;0.02;-0.01;-0.06;0.08;-0.06;1.02;-0.35;-0.00;-0.00;0.50;0.017;1.92;2.61;-1000.00;-1000.00
1322.565;4288;1.08;-0.31;361.57;1.13;-0.35;-0.00;-0.00;0.50;217;2;1;0;-0.18;0.40;0.42;0.04;-0.04;0.05;-0.28;-0.20;1.06;-0.35;-0.00;-0.00;0.50;0.022;1.92;2.61;-1000.00;-1000.00
1322.655;4293;1.10;-0.31;361.26;1.13;-0.35;-0.00;-0.00;0.50;217;2;1;0;-0.17;0.40;0.39;0.02;-0.01;-0.04;0.06;-0.07;1.09;-0.35;-0.00;-0.00;0.50;0.010;1.92;2.61;-1000.00;-1000.00
1322.765;4308;1.16;-0.31;360.67;1.36;-0.35;-0.00;-0.00;0.50;217;3;1;0;-0.14;0.41;0.41;-0.00;-0.01;0.05;-0.08;-0.07;1.14;-0.35;-0.00;-0.00;0.50;0.020;1.92;2.61;-1000.00;-1000.00
1322.855;4316;1.19;-0.31;360.60;1.36;-0.35;-0.00;-0.00;0.50;217;3;1;0;-0.14;0.41;0.42;-0.00;-0.01;0.05;-0.08;-0.02;1.18;-0.35;-0.00;-0.00;0.50;0.183;1.92;2.61;-1000.00;-1000.00
