t;frame;x;y;z;x_ref;y_ref;z_ref;delta_ref;u_ref;state;ellipse;control;action;delta;u;vx;vy;vz;wx;wy;wz;xr;yr;zr;delr;ur
234.725;12;1.22;-2.11;90.25;1.19;-2.03;90.00;-0.00;0.50;951;0;1;0;0.07;0.03;0.00;0.00;-0.00;0.01;0.01;-0.00;1.19;-2.03;90.00;-0.00;0.50;0.033
234.815;20;1.22;-2.11;90.25;1.19;-2.03;90.00;-0.00;0.50;951;0;1;0;0.07;0.06;-0.00;0.00;-0.00;0.01;-0.01;-0.01;1.19;-2.03;90.00;-0.00;0.50;0.022
234.905;29;1.22;-2.11;90.36;1.19;-2.03;90.00;-0.00;0.50;951;0;1;0;0.07;0.09;0.07;-0.01;0.01;-0.01;-0.01;0.01;1.19;-2.03;90.00;-0.00;0.50;0.010
235.015;39;1.22;-2.10;90.44;1.19;-2.03;90.00;-0.00;0.50;951;0;1;0;0.06;0.12;0.10;0.00;0.00;-0.00;0.00;0.02;1.19;-2.03;90.00;-0.00;0.50;0.019
235.095;47;1.22;-2.09;90.54;1.19;-2.03;90.00;-0.00;0.50;951;0;1;0;0.06;0.14;0.12;0.00;0.00;-0.00;0.00;0.02;1.19;-2.03;90.00;-0.00;0.50;0.009
235.215;57;1.22;-2.08;90.61;1.19;-1.91;90.00;-0.00;0.50;951;1;1;0;0.05;0.17;0.14;0.00;0.00;-0.00;-0.00;0.01;1.19;-2.03;90.00;-0.00;0.50;0.016
235.295;67;1.22;-2.06;90.66;1.19;-1.91;90.00;-0.00;0.50;951;1;1;0;0.05;0.19;0.17;-0.00;0.00;-0.01;0.00;0.01;1.19;-2.03;90.00;-0.00;0.50;0.007
235.405;78;1.22;-2.04;90.74;1.19;-1.91;90.00;-0.00;0.50;951;1;1;0;0.04;0.20;0.19;-0.00;0.00;-0.00;-0.00;0.01;1.19;-2.03;90.00;-0.00;0.50;0.014
235.515;91;1.22;-2.01;90.82;1.19;-1.91;90.00;-0.00;0.50;951;1;1;0;0.04;0.21;0.20;-0.00;0.00;-0.00;-0.00;0.01;1.19;-2.03;90.00;-0.00;0.50;0.017
235.595;96;1.22;-2.00;90.84;1.19;-1.91;90.00;-0.00;0.50;951;1;1;0;0.04;0.23;0.21;0.00;0.00;-0.00;-0.00;0.01;1.19;-2.00;90.00;-0.00;0.50;0.006
235.705;110;1.22;-1.97;90.88;1.19;-1.91;90.00;-0.00;0.50;951;1;1;0;0.04;0.24;0.23;-0.00;0.00;-0.00;-0.00;0.01;1.19;-1.98;90.00;-0.00;0.50;0.010
235.825;119;1.22;-1.95;90.90;1.19;-1.78;90.00;-0.00;0.50;952;0;1;0;0.03;0.25;0.24;-0.00;0.00;-0.00;-0.00;0.00;1.19;-1.96;90.00;-0.00;0.50;0.015
235.905;130;1.22;-1.92;90.92;1.19;-1.78;90.00;-0.00;0.50;952;0;1;0;0.03;0.28;0.25;-0.00;0.00;-0.00;-0.00;0.00;1.19;-1.78;90.00;-0.00;0.50;0.011
236.005;139;1.22;-1.90;90.94;1.19;-1.78;90.00;-0.00;0.50;952;0;1;0;0.03;0.30;0.28;-0.00;0.00;-0.00;-0.00;0.00;1.19;-1.78;90.00;-0.00;0.50;0.012
236.105;149;1.22;-1.87;90.97;1.19;-1.78;90.00;-0.00;0.50;952;0;1;0;0.03;0.30;0.30;-0.00;0.00;-0.00;-0.00;0.00;1.19;-1.78;90.00;-0.00;0.50;0.017
236.215;158;1.22;-1.84;90.98;1.19;-1.78;90.00;-0.00;0.50;952;0;1;0;0.03;0.30;0.30;-0.00;0.00;-0.00;-0.00;0.00;1.19;-1.78;90.00;-0.00;0.50;0.023
236.315;168;1.22;-1.81;90.98;1.19;-1.66;90.00;-0.00;0.50;952;1;1;0;0.02;0.30;0.30;0.00;-0.00;0.00;-0.00;-0.00;1.19;-1.78;90.00;-0.00;0.50;0.021
236.405;177;1.22;-1.79;90.97;1.19;-1.66;90.00;-0.00;0.50;952;1;1;0;0.02;0.30;0.30;0.00;-0.00;0.00;-0.00;-0.00;1.19;-1.78;90.00;-0.00;0.50;0.010
236.495;187;1.22;-1.76;90.97;1.19;-1.66;90.00;-0.00;0.50;952;1;1;0;0.02;0.30;0.30;0.00;-0.00;0.00;-0.00;-0.00;1.19;-1.76;90.00;-0.00;0.50;0.006
236.605;195;1.22;-1.73;90.96;1.19;-1.66;90.00;-0.00;0.50;952;1;1;0;0.02;0.30;0.30;0.00;-0.00;0.00;-0.00;-0.00;1.19;-1.73;90.00;-0.00;0.50;0.007
236.715;211;1.21;-1.68;90.95;1.19;-1.54;90.00;0.00;0.50;952;2;1;0;0.02;0.30;0.30;-0.00;0.00;-0.00;0.00;-0.00;1.19;-1.70;90.00;-0.00;0.50;0.017
236.805;219;1.21;-1.66;90.95;1.19;-1.54;90.00;0.00;0.50;952;2;1;0;0.02;0.30;0.30;0.00;-0.00;0.00;-0.00;-0.00;1.19;-1.67;90.00;-0.00;0.50;0.015
236.915;228;1.21;-1.63;90.94;1.16;-1.32;107.65;0.79;0.50;953;1;1;3;0.02;0.30;0.30;0.00;-0.00;0.00;-0.00;-0.00;1.19;-1.63;90.00;-0.00;0.50;0.015
237.005;238;1.21;-1.60;90.94;1.16;-1.32;107.65;0.79;0.50;953;1;1;3;0.28;0.30;0.30;-0.00;0.00;-0.00;-0.00;0.00;1.19;-1.53;89.97;0.10;0.06;0.009
237.105;249;1.21;-1.57;92.27;1.16;-1.32;107.65;0.79;0.50;953;1;1;3;0.13;0.29;0.30;0.00;-0.00;0.00;0.01;0.30;1.19;-1.53;89.97;0.10;0.06;0.012
237.195;258;1.21;-1.54;92.98;1.16;-1.32;107.65;0.79;0.50;953;1;1;3;0.03;0.29;0.29;0.00;-0.00;0.00;0.01;0.04;1.19;-1.53;89.97;0.10;0.06;0.007
237.305;268;1.21;-1.51;92.67;1.16;-1.32;107.65;0.79;0.50;953;1;1;3;0.16;0.28;0.29;0.00;-0.00;0.00;0.01;-0.08;1.19;-1.51;90.17;0.24;0.15;0.008
237.405;277;1.21;-1.49;92.81;1.16;-1.32;107.65;0.79;0.50;953;1;1;3;0.30;0.28;0.28;-0.00;-0.00;0.00;0.01;0.09;1.19;-1.49;91.10;0.36;0.23;0.012
237.505;287;1.21;-1.46;93.82;1.16;-1.32;107.65;0.79;0.50;953;1;1;3;0.42;0.28;0.28;-0.00;-0.01;0.00;0.01;0.24;1.19;-1.46;92.67;0.45;0.29;0.014
237.595;296;1.21;-1.43;95.32;1.16;-1.32;107.65;0.79;0.50;953;1;1;3;0.50;0.28;0.26;-0.04;-0.01;0.01;0.01;0.37;1.19;-1.44;94.49;0.52;0.33;0.006
237.705;306;1.20;-1.41;97.39;1.16;-1.32;107.65;0.79;0.50;953;1;1;3;0.59;0.29;0.28;-0.02;-0.01;0.06;0.05;0.47;1.18;-1.41;96.98;0.59;0.38;0.008
237.815;321;1.20;-1.36;101.19;1.16;-1.32;107.65;0.79;0.50;953;1;1;3;0.52;0.29;0.27;-0.02;-0.01;0.12;0.13;0.60;1.18;-1.39;99.06;0.64;0.41;0.017
237.905;329;1.19;-1.34;103.18;1.16;-1.32;107.65;0.79;0.50;953;1;1;3;0.68;0.30;0.29;-0.00;-0.01;-0.03;-0.02;0.35;1.17;-1.36;102.88;0.71;0.45;0.014
238.005;338;1.19;-1.32;105.66;1.16;-1.32;107.65;0.79;0.50;953;1;1;3;0.79;0.30;0.31;-0.02;0.01;-0.01;-0.01;0.61;1.16;-1.32;107.65;0.79;0.50;0.015
238.105;349;1.18;-1.28;110.90;1.16;-1.32;107.65;0.79;0.50;953;1;1;3;0.77;0.30;0.31;0.00;-0.01;-0.24;-0.37;0.90;1.15;-1.30;111.15;0.78;0.50;0.007
238.205;357;1.17;-1.26;115.38;0.87;-1.04;163.49;0.75;0.50;953;2;1;3;0.73;0.30;0.29;-0.02;-0.01;0.07;0.11;0.93;1.14;-1.28;114.63;0.78;0.50;0.009
238.295;368;1.16;-1.23;119.68;0.87;-1.04;163.49;0.75;0.50;953;2;1;3;0.70;0.30;0.32;-0.02;-0.01;-0.10;-0.24;0.46;1.12;-1.24;119.83;0.78;0.50;0.005
238.405;376;1.15;-1.20;122.35;0.87;-1.04;163.49;0.75;0.50;953;2;1;3;0.62;0.30;0.30;-0.06;-0.01;0.01;0.00;0.61;1.12;-1.23;121.56;0.78;0.50;0.005
238.495;387;1.14;-1.17;125.54;0.87;-1.04;163.49;0.75;0.50;953;2;1;3;0.69;0.30;0.30;-0.07;-0.01;0.04;0.05;0.50;1.10;-1.20;126.72;0.77;0.50;0.004
238.605;399;1.12;-1.14;128.63;0.87;-1.04;163.49;0.75;0.50;953;2;1;3;0.66;0.30;0.31;-0.08;-0.01;0.03;0.06;0.68;1.08;-1.18;130.13;0.77;0.50;0.010
238.705;409;1.10;-1.11;131.30;0.87;-1.04;163.49;0.75;0.50;953;2;1;3;0.66;0.30;0.34;-0.06;-0.01;-0.01;-0.13;0.40;1.06;-1.16;133.54;0.77;0.50;0.012
238.795;419;1.08;-1.08;134.04;0.87;-1.04;163.49;0.75;0.50;953;2;1;3;0.65;0.30;0.33;-0.06;-0.01;0.01;-0.08;0.42;1.04;-1.14;136.92;0.77;0.50;0.007
238.895;428;1.07;-1.06;136.99;0.87;-1.04;163.49;0.75;0.50;953;2;1;3;0.73;0.30;0.31;-0.06;-0.01;0.02;0.05;0.48;1.02;-1.12;141.98;0.76;0.50;0.007
238.995;438;1.05;-1.03;140.04;0.87;-1.04;163.49;0.75;0.50;953;2;1;3;0.71;0.29;0.32;-0.09;-0.02;0.01;0.09;0.76;0.99;-1.10;145.33;0.76;0.50;0.003
239.105;447;1.03;-1.01;143.30;0.87;-1.04;163.49;0.75;0.50;953;2;1;3;0.68;0.29;0.32;-0.07;-0.01;0.02;0.09;0.69;0.97;-1.09;148.66;0.76;0.50;0.008
239.195;456;1.01;-0.99;146.48;0.87;-1.04;163.49;0.75;0.50;953;2;1;3;0.58;0.29;0.31;-0.04;-0.01;0.02;-0.09;0.48;0.96;-1.08;150.32;0.76;0.50;0.003
239.295;466;0.99;-0.97;149.27;0.87;-1.04;163.49;0.75;0.50;953;2;1;3;0.58;0.29;0.31;-0.08;-0.04;0.12;0.29;0.49;0.94;-1.07;153.64;0.76;0.50;0.003
239.405;477;0.96;-0.95;151.81;0.87;-1.04;163.49;0.75;0.50;953;2;1;3;0.59;0.28;0.30;0.00;-0.01;0.03;-0.21;0.34;0.92;-1.06;156.93;0.75;0.50;0.006
239.495;485;0.94;-0.94;153.75;0.87;-1.04;163.49;0.75;0.50;953;2;1;3;0.57;0.28;0.27;-0.01;-0.01;-0.01;0.10;0.45;0.90;-1.05;158.58;0.75;0.50;0.006
239.605;499;0.91;-0.92;156.69;0.87;-1.04;163.49;0.75;0.50;953;2;1;3;0.64;0.28;0.25;0.01;-0.09;-0.43;0.17;0.48;0.87;-1.04;163.49;0.75;0.50;0.006
239.705;509;0.88;-0.91;159.23;0.87;-1.04;163.49;0.75;0.50;953;2;1;3;0.56;0.28;0.28;-0.00;-0.01;0.02;-0.07;0.42;0.86;-1.04;165.08;0.72;0.50;0.008
239.795;517;0.86;-0.90;160.90;0.87;-1.04;163.49;0.75;0.50;953;2;1;3;0.54;0.27;0.27;-0.03;-0.02;-0.02;0.16;0.45;0.83;-1.03;168.03;0.66;0.50;0.003
239.905;528;0.83;-0.89;162.90;0.87;-1.04;163.49;0.75;0.50;953;2;1;3;0.50;0.27;0.27;0.00;-0.01;0.05;-0.14;0.25;0.81;-1.03;170.68;0.60;0.50;0.004
240.005;537;0.81;-0.88;164.72;0.87;-1.04;163.49;0.75;0.50;953;2;1;3;0.44;0.26;0.26;-0.01;-0.01;-0.02;0.04;0.30;0.79;-1.02;171.89;0.57;0.50;0.007
240.095;547;0.78;-0.88;165.93;0.87;-1.04;163.49;0.75;0.50;953;2;1;3;0.42;0.26;0.27;-0.01;-0.00;-0.01;0.04;0.25;0.77;-1.02;174.09;0.51;0.50;0.004
240.195;555;0.77;-0.87;167.14;0.87;-1.04;163.49;0.75;0.50;953;2;1;3;0.37;0.26;0.26;-0.01;-0.01;0.01;-0.03;0.20;0.76;-1.02;175.09;0.48;0.50;0.005
240.295;566;0.74;-0.86;168.35;0.87;-1.04;163.49;0.75;0.50;953;2;1;3;0.32;0.25;0.25;-0.04;-0.01;-0.00;-0.00;0.15;0.73;-1.02;176.88;0.42;0.50;0.003
240.405;579;0.71;-0.86;169.11;0.87;-1.04;163.49;0.75;0.50;953;2;1;3;0.28;0.25;0.24;-0.00;-0.01;-0.02;0.07;0.12;0.70;-1.02;178.39;0.36;0.50;0.004
240.495;589;0.68;-0.85;169.25;0.87;-1.04;163.49;0.75;0.50;953;2;1;3;0.28;0.24;0.24;0.00;-0.01;-0.01;0.02;0.02;0.69;-1.02;179.05;0.34;0.50;0.005
240.595;598;0.66;-0.85;169.31;0.87;-1.04;163.49;0.75;0.50;953;2;1;3;0.25;0.24;0.23;-0.00;-0.01;-0.02;0.05;0.05;0.67;-1.02;180.18;0.28;0.50;0.003
240.705;608;0.64;-0.84;169.22;0.87;-1.04;163.49;0.75;0.50;953;2;1;3;0.22;0.23;0.23;-0.00;-0.01;0.00;-0.00;-0.04;0.64;-1.02;181.06;0.22;0.50;0.003
240.825;621;0.61;-0.84;168.88;0.87;-1.04;163.49;0.75;0.50;953;2;1;3;0.18;0.22;0.22;-0.00;-0.01;-0.01;0.02;-0.04;0.61;-1.02;181.70;0.16;0.50;0.005
240.905;626;0.60;-0.83;168.71;0.87;-1.04;163.49;0.75;0.50;953;2;1;3;0.16;0.21;0.22;-0.00;-0.01;0.01;-0.02;-0.08;0.60;-1.02;181.93;0.13;0.50;0.011
241.005;636;0.58;-0.83;168.35;0.87;-1.04;163.49;0.75;0.50;953;2;1;3;0.15;0.21;0.21;-0.00;-0.01;-0.03;0.07;-0.05;0.59;-1.02;182.10;0.10;0.50;0.006
241.105;649;0.55;-0.82;167.87;0.87;-1.04;163.49;0.75;0.50;953;2;1;3;0.10;0.20;0.20;-0.00;-0.01;-0.01;0.02;-0.06;0.56;-1.02;182.28;0.04;0.50;0.010
241.195;659;0.53;-0.82;167.44;0.87;-1.04;163.49;0.75;0.50;953;2;1;3;0.03;0.19;0.19;-0.00;-0.00;-0.01;0.03;-0.07;0.54;-1.02;182.25;-0.02;0.50;0.008
241.295;669;0.52;-0.82;166.97;0.87;-1.04;163.49;0.75;0.50;953;2;1;3;0.06;0.18;0.17;0.00;-0.00;-0.01;0.02;-0.09;0.54;-1.02;182.25;-0.02;0.50;0.007
241.405;678;0.50;-0.81;166.73;0.87;-1.04;163.49;0.75;0.50;953;2;1;3;-0.02;0.17;0.18;0.00;0.00;0.00;-0.01;-0.01;0.51;-1.02;182.01;-0.08;0.50;0.006
241.505;688;0.48;-0.81;166.50;0.87;-1.04;163.49;0.75;0.50;953;2;1;3;-0.12;0.16;0.17;0.00;-0.00;0.00;-0.00;-0.06;0.49;-1.02;181.58;-0.14;0.50;0.007
241.605;696;0.47;-0.81;166.13;0.87;-1.04;163.49;0.75;0.50;953;2;1;3;-0.15;0.15;0.16;-0.00;-0.00;-0.00;0.00;-0.10;0.47;-1.02;181.29;-0.17;0.50;0.006
241.695;707;0.45;-0.80;165.57;0.87;-1.04;163.49;0.75;0.50;953;2;1;3;-0.18;0.14;0.15;0.00;-0.00;0.00;-0.00;-0.08;0.46;-1.02;180.95;-0.20;0.50;0.006
241.805;719;0.44;-0.80;165.19;0.87;-1.04;163.49;0.75;0.50;953;2;1;3;-0.22;0.13;0.13;0.00;-0.00;0.01;0.01;-0.03;0.45;-1.02;180.57;-0.23;0.50;0.011
241.905;730;0.42;-0.79;164.87;0.87;-1.04;163.49;0.75;0.50;953;2;1;3;-0.20;0.13;0.13;0.00;0.00;-0.03;-0.02;-0.01;0.45;-1.02;180.57;-0.23;0.50;0.005
241.995;738;0.41;-0.79;164.81;0.87;-1.04;163.49;0.75;0.50;953;2;1;3;-0.19;0.12;0.11;0.01;-0.00;0.02;0.01;-0.01;0.45;-1.02;180.57;-0.23;0.50;0.009
242.115;747;0.41;-0.79;164.81;0.87;-1.04;163.49;0.75;0.50;953;2;1;3;-0.19;0.11;0.11;0.00;-0.00;0.01;0.01;0.00;0.45;-1.02;180.57;-0.23;0.50;0.009
242.195;757;0.39;-0.79;164.82;0.87;-1.04;163.49;0.75;0.50;953;2;1;3;-0.18;0.11;0.10;-0.00;-0.00;0.00;0.00;0.00;0.45;-1.02;180.57;-0.23;0.50;0.004
242.305;766;0.39;-0.78;164.86;0.87;-1.04;163.49;0.75;0.50;953;2;1;3;-0.18;0.11;0.10;-0.00;-0.00;0.00;0.00;0.01;0.45;-1.02;180.57;-0.23;0.50;0.006
242.405;776;0.38;-0.78;164.90;0.87;-1.04;163.49;0.75;0.50;953;2;1;3;-0.18;0.10;0.10;0.00;-0.00;0.00;0.00;0.01;0.45;-1.02;180.57;-0.23;0.50;0.006
242.495;785;0.37;-0.78;164.76;0.87;-1.04;163.49;0.75;0.50;953;2;1;3;-0.17;0.10;0.11;-0.00;-0.00;-0.00;-0.01;-0.03;0.45;-1.02;180.57;-0.23;0.50;0.008
242.615;799;0.35;-0.77;164.61;0.87;-1.04;163.49;0.75;0.50;953;2;1;3;-0.16;0.10;0.10;0.00;-0.00;-0.00;-0.00;-0.01;0.45;-1.02;180.57;-0.23;0.50;0.019
242.695;808;0.34;-0.77;164.57;0.87;-1.04;163.49;0.75;0.50;953;2;1;3;-0.16;0.10;0.10;-0.00;-0.00;0.00;-0.00;-0.01;0.45;-1.02;180.57;-0.23;0.50;0.006
242.805;818;0.33;-0.77;164.55;0.87;-1.04;163.49;0.75;0.50;953;2;1;3;-0.15;0.10;0.10;-0.00;-0.00;0.00;-0.00;-0.00;0.45;-1.02;180.57;-0.23;0.50;0.005
242.895;827;0.33;-0.77;164.54;0.87;-1.04;163.49;0.75;0.50;953;2;1;3;-0.15;0.10;0.10;-0.00;-0.00;0.00;-0.00;-0.00;0.45;-1.02;180.57;-0.23;0.50;0.003
242.995;837;0.32;-0.76;164.53;0.87;-1.04;163.49;0.75;0.50;953;2;1;3;-0.14;0.10;0.10;-0.00;-0.00;0.00;-0.00;-0.00;0.45;-1.02;180.57;-0.23;0.50;0.005
243.105;848;0.30;-0.76;164.51;0.87;-1.04;163.49;0.75;0.50;953;2;1;3;-0.14;0.11;0.11;-0.00;-0.00;0.00;-0.00;-0.00;0.45;-1.02;180.57;-0.23;0.50;0.010
243.195;857;0.29;-0.76;164.50;0.87;-1.04;163.49;0.75;0.50;953;2;1;3;-0.14;0.11;0.11;-0.00;-0.00;0.00;-0.00;-0.00;0.45;-1.02;180.57;-0.23;0.50;0.007
243.295;867;0.28;-0.76;164.49;0.87;-1.04;163.49;0.75;0.50;953;2;1;3;-0.13;0.11;0.11;-0.00;-0.00;0.00;-0.00;-0.00;0.45;-1.02;180.57;-0.23;0.50;0.003
243.395;876;0.27;-0.75;164.47;0.87;-1.04;163.49;0.75;0.50;953;2;1;3;-0.13;0.12;0.11;-0.00;-0.00;0.00;-0.00;-0.00;0.45;-1.02;180.57;-0.23;0.50;0.004
243.505;890;0.26;-0.75;164.44;0.87;-1.04;163.49;0.75;0.50;953;2;1;3;-0.12;0.12;0.12;-0.00;-0.00;0.00;-0.00;-0.01;0.45;-1.02;180.57;-0.23;0.50;0.014
243.605;900;0.25;-0.75;164.43;0.87;-1.04;163.49;0.75;0.50;953;2;1;3;-0.12;0.13;0.12;0.00;-0.00;0.00;-0.00;-0.00;0.45;-1.02;180.57;-0.23;0.50;0.007
243.705;909;0.24;-0.74;164.41;0.87;-1.04;163.49;0.75;0.50;953;2;1;3;-0.11;0.13;0.13;0.00;-0.00;0.00;-0.00;-0.00;0.45;-1.02;180.57;-0.23;0.50;0.012
243.805;919;0.22;-0.74;164.39;0.87;-1.04;163.49;0.75;0.50;953;2;1;3;-0.11;0.14;0.14;-0.00;-0.00;0.00;-0.00;-0.00;0.45;-1.02;180.57;-0.23;0.50;0.012
243.895;928;0.21;-0.74;164.37;0.87;-1.04;163.49;0.75;0.50;953;2;1;3;-0.10;0.15;0.14;0.00;-0.00;0.00;-0.00;-0.00;0.45;-1.02;180.57;-0.23;0.50;0.005
243.995;939;0.20;-0.73;164.35;0.87;-1.04;163.49;0.75;0.50;953;2;1;3;-0.10;0.16;0.15;0.00;-0.00;0.00;-0.00;-0.00;0.45;-1.02;180.57;-0.23;0.50;0.005
244.105;947;0.18;-0.73;164.33;0.87;-1.04;163.49;0.75;0.50;953;2;1;3;-0.09;0.16;0.16;-0.00;-0.00;0.00;-0.00;-0.00;0.45;-1.02;180.57;-0.23;0.50;0.008
244.195;958;0.17;-0.72;164.31;0.87;-1.04;163.49;0.75;0.50;953;2;1;3;-0.08;0.17;0.17;0.00;-0.00;0.00;-0.00;-0.00;0.45;-1.02;180.57;-0.23;0.50;0.004
244.305;966;0.15;-0.72;164.30;0.87;-1.04;163.49;0.75;0.50;953;2;1;3;-0.08;0.18;0.17;-0.00;-0.00;0.00;-0.00;-0.00;0.45;-1.02;180.57;-0.23;0.50;0.007
244.395;977;0.13;-0.71;164.28;0.87;-1.04;163.49;0.75;0.50;953;2;1;3;-0.07;0.19;0.18;-0.00;-0.00;0.00;-0.00;-0.00;0.45;-1.02;180.57;-0.23;0.50;0.003
244.495;985;0.12;-0.71;164.28;0.87;-1.04;163.49;0.75;0.50;953;2;1;3;-0.07;0.20;0.19;-0.00;-0.00;0.00;-0.00;-0.00;0.45;-1.02;180.57;-0.23;0.50;0.008
244.605;998;0.10;-0.70;164.27;0.87;-1.04;163.49;0.75;0.50;953;2;1;3;-0.06;0.22;0.21;-0.00;-0.00;0.00;-0.00;-0.00;0.45;-1.02;180.57;-0.23;0.50;0.004
244.705;1009;0.07;-0.70;164.27;0.87;-1.04;163.49;0.75;0.50;953;2;1;3;-0.05;0.23;0.22;-0.00;-0.00;0.00;-0.00;-0.00;0.45;-1.02;180.57;-0.23;0.50;0.011
244.795;1018;0.05;-0.69;164.29;0.87;-1.04;163.49;0.75;0.50;953;2;1;3;-0.05;0.24;0.23;-0.00;-0.00;0.00;-0.00;0.00;0.45;-1.02;180.57;-0.23;0.50;0.007
244.895;1028;0.03;-0.68;164.32;0.87;-1.04;163.49;0.75;0.50;953;2;1;3;-0.04;0.26;0.25;-0.00;-0.00;0.00;-0.00;0.00;0.45;-1.02;180.57;-0.23;0.50;0.006
244.995;1038;0.00;-0.68;164.35;0.87;-1.04;163.49;0.75;0.50;953;2;1;3;-0.03;0.28;0.26;0.00;-0.00;0.00;-0.00;0.01;0.45;-1.02;180.57;-0.23;0.50;0.003
245.105;1049;-0.02;-0.67;164.40;0.87;-1.04;163.49;0.75;0.50;953;2;1;3;-0.03;0.29;0.28;0.00;-0.00;0.00;-0.00;0.01;0.45;-1.02;180.57;-0.23;0.50;0.007
245.195;1058;-0.05;-0.66;164.46;0.87;-1.04;163.49;0.75;0.50;953;2;1;3;-0.02;0.30;0.29;0.00;-0.00;0.00;-0.00;0.01;0.45;-1.02;180.57;-0.23;0.50;0.007
245.295;1068;-0.08;-0.65;164.53;0.87;-1.04;163.49;0.75;0.50;953;2;1;3;-0.02;0.30;0.30;0.00;-0.00;0.00;-0.00;0.01;0.45;-1.02;180.57;-0.23;0.50;0.006
245.405;1077;-0.10;-0.65;164.62;0.87;-1.04;163.49;0.75;0.50;953;2;1;3;-0.01;0.30;0.30;0.00;-0.00;0.00;0.00;0.02;0.45;-1.02;180.57;-0.23;0.50;0.008
245.495;1087;-0.13;-0.64;164.71;0.87;-1.04;163.49;0.75;0.50;953;2;1;3;-0.00;0.30;0.30;0.00;-0.00;0.00;0.00;0.02;0.45;-1.02;180.57;-0.23;0.50;0.007
245.595;1096;-0.16;-0.63;164.81;0.87;-1.04;163.49;0.75;0.50;953;2;1;3;0.00;0.30;0.30;0.00;-0.00;0.00;0.00;0.02;0.45;-1.02;180.57;-0.23;0.50;0.003
245.695;1107;-0.19;-0.62;164.92;0.87;-1.04;163.49;0.75;0.50;953;2;1;3;0.01;0.30;0.30;0.00;-0.00;0.00;0.00;0.02;0.45;-1.02;180.57;-0.23;0.50;0.004
245.795;1115;-0.22;-0.62;165.00;0.87;-1.04;163.49;0.75;0.50;953;2;1;3;0.01;0.30;0.30;0.00;-0.00;0.00;-0.00;0.02;0.45;-1.02;180.57;-0.23;0.50;0.003
245.905;1130;-0.26;-0.61;165.14;0.87;-1.04;163.49;0.75;0.50;953;2;1;3;0.02;0.30;0.30;-0.00;-0.00;0.00;-0.00;0.01;0.45;-1.02;180.57;-0.23;0.50;0.005
245.995;1139;-0.28;-0.60;165.25;0.87;-1.04;163.49;0.75;0.50;953;2;1;3;0.03;0.30;0.30;-0.00;0.00;0.01;-0.01;0.02;0.45;-1.02;180.57;-0.23;0.50;0.006
246.095;1149;-0.31;-0.59;165.36;0.87;-1.04;163.49;0.75;0.50;953;2;1;3;0.03;0.30;0.30;0.00;-0.00;0.00;-0.00;0.02;0.45;-1.02;180.57;-0.23;0.50;0.007
246.195;1157;-0.34;-0.58;165.46;0.87;-1.04;163.49;0.75;0.50;953;2;1;3;0.04;0.30;0.30;-0.00;-0.00;0.00;-0.00;0.02;0.45;-1.02;180.57;-0.23;0.50;0.003
246.305;1167;-0.37;-0.58;165.58;0.87;-1.04;163.49;0.75;0.50;953;2;1;3;0.04;0.30;0.30;-0.00;0.00;0.00;-0.00;0.02;0.45;-1.02;180.57;-0.23;0.50;0.007
246.405;1177;-0.40;-0.57;165.70;0.87;-1.04;163.49;0.75;0.50;953;2;1;3;0.05;0.30;0.30;-0.00;0.00;0.00;-0.00;0.02;0.45;-1.02;180.57;-0.23;0.50;0.005
246.495;1185;-0.42;-0.56;165.79;0.87;-1.04;163.49;0.75;0.50;953;2;1;3;0.06;0.30;0.30;-0.00;0.00;-0.00;-0.00;0.02;0.45;-1.02;180.57;-0.23;0.50;0.007
246.615;1200;-0.46;-0.55;165.97;0.87;-1.04;163.49;0.75;0.50;953;2;1;3;0.07;0.30;0.30;0.00;0.00;0.00;0.00;0.02;0.45;-1.02;180.57;-0.23;0.50;0.012
246.695;1209;-0.49;-0.55;166.11;0.87;-1.04;163.49;0.75;0.50;953;2;1;3;0.07;0.30;0.30;-0.00;0.00;0.00;-0.00;0.03;0.45;-1.02;180.57;-0.23;0.50;0.003
246.795;1219;-0.52;-0.54;166.27;0.87;-1.04;163.49;0.75;0.50;953;2;1;3;0.08;0.30;0.30;-0.00;0.00;-0.00;-0.00;0.03;0.45;-1.02;180.57;-0.23;0.50;0.006
246.905;1227;-0.54;-0.53;166.40;0.87;-1.04;163.49;0.75;0.50;953;2;1;3;0.08;0.30;0.30;0.00;-0.00;-0.00;-0.00;0.03;0.45;-1.02;180.57;-0.23;0.50;0.004
247.005;1238;-0.57;-0.53;166.57;0.87;-1.04;163.49;0.75;0.50;953;2;1;3;0.09;0.30;0.30;0.00;-0.00;-0.00;-0.00;0.03;0.45;-1.02;180.57;-0.23;0.50;0.005
247.105;1246;-0.60;-0.52;166.70;0.87;-1.04;163.49;0.75;0.50;953;2;1;3;0.09;0.30;0.30;0.00;-0.00;-0.01;-0.00;0.03;0.45;-1.02;180.57;-0.23;0.50;0.006
247.205;1260;-0.64;-0.51;166.93;0.87;-1.04;163.49;0.75;0.50;953;2;1;3;0.10;0.30;0.30;0.00;-0.00;-0.01;-0.00;0.03;0.45;-1.02;180.57;-0.23;0.50;0.011
247.305;1269;-0.66;-0.50;167.10;0.87;-1.04;163.49;0.75;0.50;953;2;1;3;0.11;0.30;0.30;0.00;-0.00;-0.01;0.00;0.03;0.45;-1.02;180.57;-0.23;0.50;0.005
247.405;1279;-0.69;-0.50;167.29;0.87;-1.04;163.49;0.75;0.50;953;2;1;3;0.11;0.30;0.30;0.00;-0.00;-0.01;0.00;0.03;0.45;-1.02;180.57;-0.23;0.50;0.005
247.495;1287;-0.72;-0.49;167.44;0.87;-1.04;163.49;0.75;0.50;953;2;1;3;0.12;0.30;0.30;0.00;-0.00;-0.02;0.00;0.03;0.45;-1.02;180.57;-0.23;0.50;0.003
247.605;1298;-0.75;-0.49;167.65;0.87;-1.04;163.49;0.75;0.50;953;2;1;3;0.12;0.30;0.30;0.00;-0.00;-0.02;0.00;0.03;0.45;-1.02;180.57;-0.23;0.50;0.009
247.705;1306;-0.77;-0.48;167.80;0.87;-1.04;163.49;0.75;0.50;953;2;1;3;0.13;0.30;0.30;0.00;-0.00;-0.02;0.00;0.04;0.45;-1.02;180.57;-0.23;0.50;0.006
247.795;1317;-0.81;-0.47;168.02;0.87;-1.04;163.49;0.75;0.50;953;2;1;3;0.14;0.30;0.30;0.00;-0.00;-0.02;0.00;0.04;0.45;-1.02;180.57;-0.23;0.50;0.003
247.895;1325;-0.83;-0.47;168.19;0.87;-1.04;163.49;0.75;0.50;953;2;1;3;0.14;0.30;0.30;0.00;-0.00;-0.02;0.01;0.04;0.45;-1.02;180.57;-0.23;0.50;0.006
248.005;1340;-0.87;-0.46;168.50;0.87;-1.04;163.49;0.75;0.50;953;2;1;3;0.15;0.30;0.30;0.00;-0.00;-0.02;0.01;0.03;0.45;-1.02;180.57;-0.23;0.50;0.010
248.105;1350;-0.90;-0.45;168.73;0.87;-1.04;163.49;0.75;0.50;953;2;1;3;0.16;0.30;0.30;0.00;-0.01;-0.02;0.01;0.04;0.45;-1.02;180.57;-0.23;0.50;0.010
248.205;1359;-0.93;-0.45;168.95;0.87;-1.04;163.49;0.75;0.50;953;2;1;3;0.16;0.30;0.30;0.00;-0.01;-0.02;0.01;0.04;0.45;-1.02;180.57;-0.23;0.50;0.008
248.295;1368;-0.96;-0.44;169.17;0.87;-1.04;163.49;0.75;0.50;953;2;1;3;0.17;0.30;0.30;0.00;-0.01;-0.02;0.01;0.04;0.45;-1.02;180.57;-0.23;0.50;0.003
248.405;1378;-0.99;-0.44;169.41;0.87;-1.04;163.49;0.75;0.50;953;2;1;3;0.18;0.30;0.30;0.00;-0.01;-0.02;0.01;0.04;0.45;-1.02;180.57;-0.23;0.50;0.004
248.505;1387;-1.01;-0.43;169.63;0.87;-1.04;163.49;0.75;0.50;953;2;1;3;0.18;0.30;0.30;0.00;-0.01;-0.02;0.00;0.04;0.45;-1.02;180.57;-0.23;0.50;0.004
248.605;1397;-1.04;-0.43;169.88;0.87;-1.04;163.49;0.75;0.50;953;2;1;3;0.19;0.30;0.30;0.00;-0.01;-0.02;0.00;0.05;0.45;-1.02;180.57;-0.23;0.50;0.005
248.695;1406;-1.07;-0.42;170.12;0.87;-1.04;163.49;0.75;0.50;953;2;1;3;0.20;0.30;0.30;-0.00;-0.01;-0.02;0.00;0.06;0.45;-1.02;180.57;-0.23;0.50;0.007
248.795;1417;-1.10;-0.41;170.54;0.87;-1.04;163.49;0.75;0.50;953;2;1;3;0.19;0.30;0.28;-0.05;-0.01;-0.02;0.03;0.09;0.45;-1.02;180.57;-0.23;0.50;0.004
248.895;1429;-1.13;-0.41;170.56;0.87;-1.04;163.49;0.75;0.50;953;2;1;3;0.20;0.30;0.30;-0.00;-0.01;0.06;-0.11;-0.01;0.45;-1.02;180.57;-0.23;0.50;0.008
249.005;1439;-1.16;-0.40;170.86;0.87;-1.04;163.49;0.75;0.50;953;2;1;3;0.21;0.30;0.28;-0.00;-0.01;-0.01;0.02;0.06;0.45;-1.02;180.57;-0.23;0.50;0.006
249.095;1449;-1.19;-0.40;171.13;0.87;-1.04;163.49;0.75;0.50;953;2;1;3;0.22;0.30;0.28;-0.00;-0.01;-0.02;0.02;0.06;0.45;-1.02;180.57;-0.23;0.50;0.005
249.195;1457;-1.21;-0.39;171.38;0.87;-1.04;163.49;0.75;0.50;953;2;1;3;0.22;0.30;0.28;-0.00;-0.01;-0.02;0.02;0.07;0.45;-1.02;180.57;-0.23;0.50;0.003
249.295;1468;-1.24;-0.39;171.75;0.87;-1.04;163.49;0.75;0.50;953;2;1;3;0.23;0.30;0.28;-0.00;-0.01;-0.02;0.02;0.07;0.45;-1.02;180.57;-0.23;0.50;0.005
249.405;1476;-1.27;-0.38;171.92;0.87;-1.04;163.49;0.75;0.50;953;2;1;3;0.24;0.30;0.30;-0.00;-0.01;0.04;-0.08;0.00;0.45;-1.02;180.57;-0.23;0.50;0.008
249.505;1487;-1.30;-0.38;172.20;0.87;-1.04;163.49;0.75;0.50;953;2;1;3;0.25;0.30;0.30;-0.00;-0.01;0.03;-0.06;0.01;0.45;-1.02;180.57;-0.23;0.50;0.009
249.595;1495;-1.32;-0.38;172.42;0.87;-1.04;163.49;0.75;0.50;953;2;1;3;0.25;0.30;0.29;-0.01;-0.01;-0.03;0.06;0.10;0.45;-1.02;180.57;-0.23;0.50;0.006
249.695;1506;-1.35;-0.37;172.79;0.87;-1.04;163.49;0.75;0.50;953;2;1;3;0.26;0.30;0.28;-0.01;-0.01;-0.02;0.05;0.11;0.45;-1.02;180.57;-0.23;0.50;0.004
249.805;1519;-1.39;-0.37;173.19;0.87;-1.04;163.49;0.75;0.50;953;2;1;3;0.27;0.30;0.28;-0.01;-0.01;-0.03;0.05;0.12;0.45;-1.02;180.57;-0.23;0.50;0.008
249.905;1528;-1.41;-0.36;173.45;0.87;-1.04;163.49;0.75;0.50;953;2;1;3;0.27;0.30;0.30;-0.00;-0.01;0.02;-0.04;0.02;0.45;-1.02;180.57;-0.23;0.50;0.007
250.005;1539;-1.45;-0.36;173.88;0.87;-1.04;163.49;0.75;0.50;953;2;1;3;0.28;0.30;0.29;-0.00;-0.01;-0.01;-0.00;0.03;0.45;-1.02;180.57;-0.23;0.50;0.006
250.105;1547;-1.47;-0.36;174.15;0.87;-1.04;163.49;0.75;0.50;953;2;1;3;0.29;0.30;0.28;-0.01;-0.01;-0.03;0.05;0.13;0.45;-1.02;180.57;-0.23;0.50;0.005
250.195;1558;-1.50;-0.35;174.50;0.87;-1.04;163.49;0.75;0.50;953;2;1;3;0.30;0.30;0.29;-0.01;-0.01;-0.03;0.05;0.14;0.45;-1.02;180.57;-0.23;0.50;0.008
250.295;1566;-1.53;-0.35;174.85;0.87;-1.04;163.49;0.75;0.50;953;2;1;3;0.31;0.30;0.29;-0.00;-0.01;0.00;-0.02;0.03;0.45;-1.02;180.57;-0.23;0.50;0.007
250.405;1577;-1.56;-0.35;175.31;0.87;-1.04;163.49;0.75;0.50;953;2;1;3;0.31;0.30;0.29;-0.00;-0.01;-0.03;0.02;0.06;0.45;-1.02;180.57;-0.23;0.50;0.007
250.495;1586;-1.58;-0.34;175.69;0.87;-1.04;163.49;0.75;0.50;953;2;1;3;0.32;0.30;0.28;-0.02;-0.01;-0.03;0.05;0.18;0.45;-1.02;180.57;-0.23;0.50;0.005
250.595;1596;-1.61;-0.34;176.13;0.87;-1.04;163.49;0.75;0.50;953;2;1;3;0.32;0.30;0.30;-0.01;-0.01;-0.01;0.02;0.12;0.45;-1.02;180.57;-0.23;0.50;0.003
250.705;1610;-1.65;-0.34;176.82;0.87;-1.04;163.49;0.75;0.50;953;2;1;3;0.33;0.30;0.28;-0.01;-0.01;-0.03;0.04;0.16;0.45;-1.02;180.57;-0.23;0.50;0.015
250.795;1615;-1.67;-0.34;177.06;0.87;-1.04;163.49;0.75;0.50;953;2;1;3;0.33;0.30;0.29;-0.00;-0.01;-0.03;0.02;0.06;0.45;-1.02;180.57;-0.23;0.50;0.004
250.905;1630;-1.71;-0.33;178.19;0.87;-1.04;163.49;0.75;0.50;953;2;1;3;0.32;0.30;0.30;-0.01;-0.01;0.02;-0.03;0.16;0.45;-1.02;180.57;-0.23;0.50;0.006
250.995;1638;-1.74;-0.33;178.96;0.87;-1.04;163.49;0.75;0.50;953;2;1;3;0.31;0.30;0.32;-0.04;-0.04;-0.01;0.30;0.29;0.45;-1.02;180.57;-0.23;0.50;0.006
251.105;1647;-1.76;-0.33;179.81;0.87;-1.04;163.49;0.75;0.50;953;2;1;3;0.30;0.30;0.30;-0.02;-0.01;0.08;-0.11;0.12;0.45;-1.02;180.57;-0.23;0.50;0.006
251.205;1657;-1.79;-0.33;180.58;0.87;-1.04;163.49;0.75;0.50;953;2;1;3;0.30;0.30;0.30;0.00;-0.01;0.02;-0.03;0.06;0.45;-1.02;180.57;-0.23;0.50;0.009
251.305;1668;-1.82;-0.33;181.30;0.87;-1.04;163.49;0.75;0.50;953;2;1;3;0.30;0.30;0.29;-0.02;-0.01;-0.02;0.02;0.09;0.45;-1.02;180.57;-0.23;0.50;0.008
251.405;1676;-1.85;-0.33;181.68;0.87;-1.04;163.49;0.75;0.50;953;2;1;3;0.31;0.30;0.28;-0.01;-0.01;-0.04;0.05;0.16;0.45;-1.02;180.57;-0.23;0.50;0.005
251.505;1687;-1.88;-0.33;182.18;0.87;-1.04;163.49;0.75;0.50;953;2;1;3;0.33;0.30;0.29;-0.01;-0.01;-0.03;0.05;0.18;0.45;-1.02;180.57;-0.23;0.50;0.008
251.595;1695;-1.90;-0.33;182.71;0.87;-1.04;163.49;0.75;0.50;953;2;1;3;0.33;0.30;0.29;-0.01;-0.01;0.01;-0.02;0.06;0.45;-1.02;180.57;-0.23;0.50;0.003
251.695;1706;-1.93;-0.33;183.36;0.87;-1.04;163.49;0.75;0.50;953;2;1;3;0.34;0.30;0.29;-0.00;-0.01;-0.01;0.00;0.06;0.45;-1.02;180.57;-0.23;0.50;0.004
251.795;1719;-1.97;-0.33;184.49;0.87;-1.04;163.49;0.75;0.50;953;2;1;3;0.34;0.30;0.29;-0.01;-0.01;0.00;-0.00;0.18;0.45;-1.02;180.57;-0.23;0.50;0.006
251.905;1729;-2.00;-0.33;185.58;0.87;-1.04;163.49;0.75;0.50;953;2;1;3;0.33;0.30;0.31;-0.03;-0.01;-0.11;0.12;0.26;0.45;-1.02;180.57;-0.23;0.50;0.008
251.995;1738;-2.03;-0.33;186.45;0.87;-1.04;163.49;0.75;0.50;953;2;1;3;0.33;0.30;0.30;-0.02;-0.01;-0.04;0.06;0.22;0.45;-1.02;180.57;-0.23;0.50;0.003
252.095;1748;-2.06;-0.33;187.24;0.87;-1.04;163.49;0.75;0.50;953;2;1;3;0.33;0.30;0.30;0.00;-0.01;0.06;-0.07;0.07;0.45;-1.02;180.57;-0.23;0.50;0.005
252.195;1757;-2.08;-0.34;188.09;0.87;-1.04;163.49;0.75;0.50;953;2;1;3;0.33;0.30;0.29;-0.02;-0.01;-0.01;0.00;0.12;0.45;-1.02;180.57;-0.23;0.50;0.004
252.295;1768;-2.12;-0.34;188.85;0.87;-1.04;163.49;0.75;0.50;953;2;1;3;0.35;0.30;0.29;-0.01;-0.01;-0.03;0.02;0.08;0.45;-1.02;180.57;-0.23;0.50;0.004
252.405;1776;-2.14;-0.34;189.24;0.87;-1.04;163.49;0.75;0.50;953;2;1;3;0.37;0.30;0.32;-0.04;-0.05;-0.07;0.31;0.27;0.45;-1.02;180.57;-0.23;0.50;0.006
252.495;1787;-2.17;-0.35;190.54;0.87;-1.04;163.49;0.75;0.50;953;2;1;3;0.36;0.30;0.30;-0.00;-0.01;0.09;-0.09;0.19;0.45;-1.02;180.57;-0.23;0.50;0.003
252.605;1796;-2.20;-0.35;191.71;0.87;-1.04;163.49;0.75;0.50;953;2;1;3;0.36;0.30;0.30;-0.04;-0.01;0.00;-0.00;0.20;0.45;-1.02;180.57;-0.23;0.50;0.006
252.705;1806;-2.23;-0.36;192.79;0.87;-1.04;163.49;0.75;0.50;953;2;1;3;0.35;0.30;0.28;-0.01;-0.01;-0.05;0.04;0.19;0.45;-1.02;180.57;-0.23;0.50;0.004
252.805;1820;-2.27;-0.37;193.73;0.87;-1.04;163.49;0.75;0.50;953;2;1;3;0.38;0.30;0.29;-0.01;-0.01;-0.01;0.00;0.07;0.45;-1.02;180.57;-0.23;0.50;0.008
252.905;1829;-2.30;-0.37;194.52;0.87;-1.04;163.49;0.75;0.50;953;2;1;3;0.40;0.30;0.30;-0.03;-0.01;-0.07;0.05;0.22;0.45;-1.02;180.57;-0.23;0.50;0.006
253.005;1840;-2.33;-0.38;195.75;0.87;-1.04;163.49;0.75;0.50;953;2;1;3;0.40;0.30;0.30;-0.01;-0.01;-0.05;0.03;0.27;0.45;-1.02;180.57;-0.23;0.50;0.008
253.095;1848;-2.35;-0.38;196.58;0.87;-1.04;163.49;0.75;0.50;953;2;1;3;0.41;0.30;0.30;-0.00;-0.01;0.02;-0.02;0.09;0.45;-1.02;180.57;-0.23;0.50;0.006
253.205;1857;-2.38;-0.39;197.32;0.87;-1.04;163.49;0.75;0.50;953;2;1;3;0.43;0.30;0.29;-0.01;-0.01;-0.02;0.01;0.12;0.45;-1.02;180.57;-0.23;0.50;0.008
253.305;1867;-2.40;-0.40;198.16;0.87;-1.04;163.49;0.75;0.50;953;2;1;3;0.45;0.30;0.29;-0.01;-0.01;-0.09;0.06;0.24;0.45;-1.02;180.57;-0.23;0.50;0.007
253.395;1876;-2.43;-0.41;199.30;0.87;-1.04;163.49;0.75;0.50;953;2;1;3;0.45;0.30;0.30;-0.00;-0.01;0.13;-0.09;0.21;0.45;-1.02;180.57;-0.23;0.50;0.003
253.495;1886;-2.46;-0.41;200.68;0.87;-1.04;163.49;0.75;0.50;953;2;1;3;0.45;0.30;0.30;-0.01;-0.01;0.04;-0.03;0.14;0.45;-1.02;180.57;-0.23;0.50;0.004
253.595;1899;-2.49;-0.43;201.73;0.87;-1.04;163.49;0.75;0.50;953;2;1;3;0.49;0.30;0.30;-0.00;-0.00;0.09;-0.06;0.06;0.45;-1.02;180.57;-0.23;0.50;0.007
253.705;1909;-2.52;-0.44;203.12;0.87;-1.04;163.49;0.75;0.50;953;2;1;3;0.49;0.30;0.29;-0.01;-0.01;0.03;-0.02;0.26;0.45;-1.02;180.57;-0.23;0.50;0.005
253.795;1918;-2.55;-0.45;204.49;0.87;-1.04;163.49;0.75;0.50;953;2;1;3;0.49;0.30;0.28;-0.03;-0.01;-0.06;0.04;0.35;0.45;-1.02;180.57;-0.23;0.50;0.003
253.905;1928;-2.57;-0.46;205.44;0.87;-1.04;163.49;0.75;0.50;953;2;1;3;0.51;0.30;0.31;-0.01;-0.00;0.12;-0.07;0.09;0.45;-1.02;180.57;-0.23;0.50;0.005
253.995;1937;-2.60;-0.47;206.41;0.87;-1.04;163.49;0.75;0.50;953;2;1;3;0.53;0.30;0.30;-0.02;-0.01;0.04;-0.03;0.14;0.45;-1.02;180.57;-0.23;0.50;0.003
254.105;1947;-2.63;-0.48;207.48;0.87;-1.04;163.49;0.75;0.50;953;2;1;3;0.55;0.30;0.30;-0.03;-0.01;-0.02;0.00;0.15;0.45;-1.02;180.57;-0.23;0.50;0.011
254.195;1955;-2.65;-0.49;208.08;0.87;-1.04;163.49;0.75;0.50;953;2;1;3;0.58;0.30;0.31;-0.03;-0.01;-0.04;0.05;0.22;0.45;-1.02;180.57;-0.23;0.50;0.003
254.305;1966;-2.68;-0.50;209.51;0.87;-1.04;163.49;0.75;0.50;953;2;1;3;0.59;0.30;0.32;-0.03;-0.01;0.08;-0.03;0.17;0.45;-1.02;180.57;-0.23;0.50;0.006
254.395;1979;-2.72;-0.52;211.45;0.87;-1.04;163.49;0.75;0.50;953;2;1;3;0.60;0.30;0.32;-0.03;-0.01;0.05;-0.01;0.19;0.45;-1.02;180.57;-0.23;0.50;0.006
254.495;1989;-2.73;-0.53;211.32;0.87;-1.04;163.49;0.75;0.50;953;2;1;3;0.67;0.30;0.13;0.05;-0.01;-0.23;0.17;-0.04;0.45;-1.02;180.57;-0.23;0.50;0.006
254.595;1998;-2.73;-0.54;211.25;0.87;-1.04;163.49;0.75;0.50;953;2;1;3;0.70;0.30;0.05;0.09;-0.01;0.11;-0.13;0.10;0.45;-1.02;180.57;-0.23;0.50;0.004
254.705;2008;-2.74;-0.55;211.85;0.87;-1.04;163.49;0.75;0.50;953;2;1;3;0.69;0.30;0.05;0.02;0.05;0.06;0.29;0.19;0.45;-1.02;180.57;-0.23;0.50;0.004
254.795;2016;-2.74;-0.55;212.72;0.87;-1.04;163.49;0.75;0.50;953;2;1;3;0.66;0.30;0.02;0.03;-0.02;-0.18;-0.02;0.23;0.45;-1.02;180.57;-0.23;0.50;0.004
254.895;2026;-2.74;-0.56;214.34;0.87;-1.04;163.49;0.75;0.50;953;2;1;3;0.61;0.30;0.05;0.03;0.05;-0.25;0.23;0.26;0.45;-1.02;180.57;-0.23;0.50;0.003
254.995;2036;-2.74;-0.56;216.10;0.87;-1.04;163.49;0.75;0.50;953;2;1;3;0.55;0.30;0.07;0.04;-0.02;-0.40;0.05;0.29;0.45;-1.02;180.57;-0.23;0.50;0.004
255.095;2049;-2.75;-0.57;218.89;0.87;-1.04;163.49;0.75;0.50;953;2;1;3;0.47;0.30;0.15;0.02;0.05;-0.30;0.36;0.41;0.45;-1.02;180.57;-0.23;0.50;0.004
255.195;2059;-2.76;-0.59;220.68;0.87;-1.04;163.49;0.75;0.50;953;2;1;3;0.44;0.30;0.13;0.03;-0.05;-0.46;-0.10;0.26;0.45;-1.02;180.57;-0.23;0.50;0.004
255.295;2068;-2.77;-0.59;222.08;0.87;-1.04;163.49;0.75;0.50;953;2;1;3;0.42;0.30;0.16;0.01;0.01;-0.44;0.30;0.25;0.45;-1.02;180.57;-0.23;0.50;0.006
255.395;2077;-2.78;-0.61;223.44;0.87;-1.04;163.49;0.75;0.50;953;2;1;3;0.40;0.30;0.17;0.01;0.01;-0.45;0.29;0.24;0.45;-1.02;180.57;-0.23;0.50;0.005
255.495;2087;-2.80;-0.62;224.94;0.87;-1.04;163.49;0.75;0.50;953;2;1;3;0.39;0.30;0.17;-0.01;-0.07;-0.39;0.61;0.19;0.45;-1.02;180.57;-0.23;0.50;0.008
255.595;2096;-2.81;-0.63;226.36;0.87;-1.04;163.49;0.75;0.50;953;2;1;3;0.38;0.30;0.18;-0.01;-0.08;-0.30;0.58;0.17;0.45;-1.02;180.57;-0.23;0.50;0.004
255.705;2106;-2.82;-0.64;227.76;0.87;-1.04;163.49;0.75;0.50;953;2;1;3;0.37;0.30;0.20;0.01;-0.03;-0.39;0.27;0.28;0.45;-1.02;180.57;-0.23;0.50;0.004
255.795;2115;-2.83;-0.66;229.16;0.87;-1.04;163.49;0.75;0.50;953;2;1;3;0.36;0.30;0.21;0.01;-0.04;-0.31;0.25;0.36;0.45;-1.02;180.57;-0.23;0.50;0.003
255.905;2129;-2.85;-0.68;231.14;0.87;-1.04;163.49;0.75;0.50;953;2;1;3;0.35;0.30;0.17;0.01;-0.06;-0.49;0.13;0.25;0.45;-1.02;180.57;-0.23;0.50;0.009
255.995;2139;-2.86;-0.69;232.88;0.87;-1.04;163.49;0.75;0.50;953;2;1;3;0.34;0.30;0.20;0.03;-0.09;-0.28;0.16;0.36;0.45;-1.02;180.57;-0.23;0.50;0.003
256.105;2148;-2.87;-0.71;234.06;0.87;-1.04;163.49;0.75;0.50;953;2;1;3;0.34;0.30;0.18;0.03;-0.08;-0.34;0.17;0.29;0.45;-1.02;180.57;-0.23;0.50;0.006
256.195;2158;-2.88;-0.73;235.99;0.87;-1.04;163.49;0.75;0.50;953;2;1;3;0.32;0.30;0.13;0.00;-0.15;-0.57;0.40;0.29;0.45;-1.02;180.57;-0.23;0.50;0.003
256.295;2168;-2.88;-0.74;235.95;0.87;-1.04;163.49;0.75;0.50;953;2;1;3;0.37;0.30;0.12;0.04;-0.06;0.05;0.15;-0.06;0.45;-1.02;180.57;-0.23;0.50;0.006
256.395;2176;-2.88;-0.75;236.35;0.87;-1.04;163.49;0.75;0.50;953;2;1;3;0.39;0.30;0.14;0.05;-0.05;0.42;0.16;-0.04;0.45;-1.02;180.57;-0.23;0.50;0.005
256.505;2187;-2.89;-0.77;238.01;0.87;-1.04;163.49;0.75;0.50;953;2;1;3;0.38;0.30;0.20;0.06;-0.09;0.69;0.17;0.09;0.45;-1.02;180.57;-0.23;0.50;0.006
256.605;2200;-2.90;-0.80;241.14;0.87;-1.04;163.49;0.75;0.50;953;2;1;3;0.35;0.30;0.24;0.08;-0.10;0.65;0.12;0.07;0.45;-1.02;180.57;-0.23;0.50;0.009
256.705;2210;-2.90;-0.83;242.59;0.87;-1.04;163.49;0.75;0.50;953;2;1;3;0.37;0.30;0.18;0.10;-0.14;0.49;-0.29;0.11;0.45;-1.02;180.57;-0.23;0.50;0.008
256.795;2218;-2.91;-0.85;243.94;0.87;-1.04;163.49;0.75;0.50;953;2;1;3;0.37;0.30;0.18;0.11;-0.13;0.43;-0.30;0.21;0.45;-1.02;180.57;-0.23;0.50;0.003
256.895;2229;-2.91;-0.87;246.28;0.87;-1.04;163.49;0.75;0.50;953;2;1;3;0.35;0.30;0.19;0.08;-0.13;0.39;0.31;0.22;0.45;-1.02;180.57;-0.23;0.50;0.004
256.995;2237;-2.91;-0.89;247.87;0.87;-1.04;163.49;0.75;0.50;953;2;1;3;0.34;0.30;0.20;0.09;-0.13;0.43;0.31;0.20;0.45;-1.02;180.57;-0.23;0.50;0.007
257.095;2248;-2.91;-0.92;249.81;0.87;-1.04;163.49;0.75;0.50;953;2;1;3;0.34;0.30;0.23;0.09;-0.06;0.65;0.08;0.16;0.45;-1.02;180.57;-0.23;0.50;0.003
257.195;2256;-2.92;-0.94;251.03;0.87;-1.04;163.49;0.75;0.50;953;2;1;3;0.35;0.30;0.25;0.10;-0.05;0.89;0.13;0.08;0.45;-1.02;180.57;-0.23;0.50;0.003
257.305;2270;-2.92;-0.98;252.05;0.87;-1.04;163.49;0.75;0.50;953;2;1;3;0.43;0.30;0.27;0.16;-0.07;1.59;-0.04;-0.16;0.45;-1.02;180.57;-0.23;0.50;0.013
257.395;2276;-2.91;-1.00;251.87;0.87;-1.04;163.49;0.75;0.50;953;2;1;3;0.50;0.30;0.30;0.15;0.02;2.01;0.50;-0.25;0.45;-1.02;180.57;-0.23;0.50;0.005
257.505;2290;-2.90;-1.06;250.92;0.87;-1.04;163.49;0.75;0.50;953;2;1;3;0.70;0.30;0.35;0.21;-0.00;-0.81;-0.09;0.19;0.45;-1.02;180.57;-0.23;0.50;0.013
257.595;2298;-2.90;-1.08;253.90;0.87;-1.04;163.49;0.75;0.50;953;2;1;3;0.64;0.30;0.25;0.06;-0.05;-0.22;0.05;1.01;0.45;-1.02;180.57;-0.23;0.50;0.004
257.695;2309;-2.90;-1.10;260.68;0.87;-1.04;163.49;0.75;0.50;953;2;1;3;0.41;0.30;0.23;0.05;-0.03;-0.06;-0.35;1.07;0.45;-1.02;180.57;-0.23;0.50;0.004
257.805;2317;-2.90;-1.12;264.38;0.87;-1.04;163.49;0.75;0.50;953;2;1;3;0.30;0.30;0.26;0.08;-0.03;-0.08;-0.41;0.68;0.45;-1.02;180.57;-0.23;0.50;0.008
257.895;2328;-2.90;-1.15;268.39;0.87;-1.04;163.49;0.75;0.50;953;2;1;3;0.20;0.30;0.27;0.06;-0.11;-0.16;-0.04;0.61;0.45;-1.02;180.57;-0.23;0.50;0.007
257.995;2336;-2.90;-1.18;270.32;0.87;-1.04;163.49;0.75;0.50;953;2;1;3;0.19;0.30;0.29;0.02;-0.09;-0.11;0.01;0.35;0.45;-1.02;180.57;-0.23;0.50;0.004
258.105;2347;-2.89;-1.21;270.95;0.87;-1.04;163.49;0.75;0.50;953;2;1;3;0.25;0.30;0.33;0.07;0.00;-0.12;-0.18;0.13;0.45;-1.02;180.57;-0.23;0.50;0.004
258.205;2356;-2.89;-1.23;271.95;0.87;-1.04;163.49;0.75;0.50;953;2;1;3;0.28;0.30;0.30;0.03;-0.05;0.12;0.16;0.31;0.45;-1.02;180.57;-0.23;0.50;0.005
258.305;2370;-2.88;-1.28;274.76;0.87;-1.04;163.49;0.75;0.50;953;2;1;3;0.28;0.30;0.30;0.04;-0.05;0.10;0.12;0.37;0.45;-1.02;180.57;-0.23;0.50;0.006
258.395;2379;-2.87;-1.31;276.63;0.87;-1.04;163.49;0.75;0.50;953;2;1;3;0.28;0.30;0.31;0.04;0.01;-0.01;-0.18;0.38;0.45;-1.02;180.57;-0.23;0.50;0.005
258.505;2389;-2.86;-1.34;278.67;0.87;-1.04;163.49;0.75;0.50;953;2;1;3;0.27;0.30;0.31;0.03;-0.00;0.00;-0.22;0.36;0.45;-1.02;180.57;-0.23;0.50;0.008
258.595;2397;-2.86;-1.36;280.24;0.87;-1.04;163.49;0.75;0.50;953;2;1;3;0.26;0.30;0.31;0.03;-0.01;0.02;-0.25;0.35;0.45;-1.02;180.57;-0.23;0.50;0.004
258.695;2408;-2.85;-1.39;282.10;0.87;-1.04;163.49;0.75;0.50;953;2;1;3;0.27;0.30;0.32;0.04;-0.09;0.01;0.03;0.31;0.45;-1.02;180.57;-0.23;0.50;0.007
258.805;2417;-2.84;-1.42;283.69;0.87;-1.04;163.49;0.75;0.50;953;2;1;3;0.28;0.30;0.33;0.03;-0.03;0.04;-0.33;0.30;0.45;-1.02;180.57;-0.23;0.50;0.008
258.895;2427;-2.83;-1.45;285.34;0.87;-1.04;163.49;0.75;0.50;953;2;1;3;0.29;0.30;0.33;0.03;-0.04;-0.06;-0.31;0.32;0.45;-1.02;180.57;-0.23;0.50;0.003
259.005;2440;-2.81;-1.49;287.62;0.87;-1.04;163.49;0.75;0.50;953;2;1;3;0.29;0.30;0.33;0.02;-0.11;0.18;-0.07;0.32;0.45;-1.02;180.57;-0.23;0.50;0.009
259.105;2446;-2.81;-1.51;288.60;0.87;-1.04;163.49;0.75;0.50;953;2;1;3;0.30;0.30;0.33;0.01;-0.12;0.21;-0.08;0.31;0.45;-1.02;180.57;-0.23;0.50;0.004
259.205;2459;-2.79;-1.55;290.70;0.87;-1.04;163.49;0.75;0.50;953;2;1;3;0.31;0.30;0.35;0.01;-0.07;0.35;-0.50;0.28;0.45;-1.02;180.57;-0.23;0.50;0.007
259.295;2469;-2.78;-1.59;292.30;0.87;-1.04;163.49;0.75;0.50;953;2;1;3;0.32;0.30;0.36;-0.00;-0.08;0.68;-0.59;0.25;0.45;-1.02;180.57;-0.23;0.50;0.006
259.405;2480;-2.77;-1.62;293.59;0.87;-1.04;163.49;0.75;0.50;953;2;1;3;0.37;0.30;0.36;-0.06;-0.09;1.18;-0.81;-0.02;0.45;-1.02;180.57;-0.23;0.50;0.007
259.495;2488;-2.76;-1.65;294.25;0.87;-1.04;163.49;0.75;0.50;953;2;1;3;0.42;0.30;0.31;-0.05;-0.09;-0.80;-0.34;0.34;0.45;-1.02;180.57;-0.23;0.50;0.003
259.605;2499;-2.75;-1.68;295.94;0.87;-1.04;163.49;0.75;0.50;953;2;1;3;0.41;0.30;0.18;-0.00;-0.03;-0.21;0.17;0.37;0.45;-1.02;180.57;-0.23;0.50;0.010
259.705;2507;-2.74;-1.70;297.90;0.87;-1.04;163.49;0.75;0.50;953;2;1;3;0.36;0.30;0.31;-0.02;-0.01;-0.07;0.01;0.38;0.45;-1.02;180.57;-0.23;0.50;0.004
259.795;2516;-2.73;-1.72;299.27;0.87;-1.04;163.49;0.75;0.50;953;2;1;3;0.36;0.30;0.32;-0.01;-0.01;-0.10;0.00;0.20;0.45;-1.02;180.57;-0.23;0.50;0.004
259.905;2526;-2.71;-1.75;300.15;0.87;-1.04;163.49;0.75;0.50;953;2;1;3;0.39;0.30;0.32;0.00;-0.01;-0.10;0.00;0.16;0.45;-1.02;180.57;-0.23;0.50;0.006
259.995;2535;-2.70;-1.77;300.77;0.87;-1.04;163.49;0.75;0.50;953;2;1;3;0.41;0.30;0.32;-0.00;-0.01;-0.11;0.01;0.14;0.45;-1.02;180.57;-0.23;0.50;0.004
260.105;2549;-2.67;-1.81;301.71;0.87;-1.04;163.49;0.75;0.50;953;2;1;3;0.45;0.30;0.30;0.01;-0.01;0.05;0.00;0.08;0.45;-1.02;180.57;-0.23;0.50;0.008
260.195;2559;-2.66;-1.83;302.52;0.87;-1.04;163.49;0.75;0.50;953;2;1;3;0.48;0.30;0.31;-0.01;-0.01;-0.10;0.02;0.18;0.45;-1.02;180.57;-0.23;0.50;0.005
260.305;2568;-2.64;-1.86;303.41;0.87;-1.04;163.49;0.75;0.50;953;2;1;3;0.50;0.30;0.31;-0.01;-0.01;-0.07;-0.00;0.22;0.45;-1.02;180.57;-0.23;0.50;0.008
260.395;2579;-2.62;-1.88;304.61;0.87;-1.04;163.49;0.75;0.50;953;2;1;3;0.51;0.30;0.31;0.01;-0.01;-0.04;-0.00;0.19;0.45;-1.02;180.57;-0.23;0.50;0.008
260.505;2587;-2.61;-1.90;305.30;0.87;-1.04;163.49;0.75;0.50;953;2;1;3;0.52;0.30;0.31;-0.00;-0.01;-0.03;0.01;0.16;0.45;-1.02;180.57;-0.23;0.50;0.006
260.605;2596;-2.60;-1.93;306.21;0.87;-1.04;163.49;0.75;0.50;953;2;1;3;0.54;0.30;0.29;-0.02;-0.01;0.18;0.01;0.14;0.45;-1.02;180.57;-0.23;0.50;0.008
260.695;2606;-2.58;-1.95;307.74;0.87;-1.04;163.49;0.75;0.50;953;2;1;3;0.53;0.30;0.30;-0.03;-0.01;-0.05;-0.01;0.31;0.45;-1.02;180.57;-0.23;0.50;0.003
260.795;2617;-2.56;-1.98;309.31;0.87;-1.04;163.49;0.75;0.50;953;2;1;3;0.52;0.30;0.31;0.00;-0.01;-0.03;0.01;0.23;0.45;-1.02;180.57;-0.23;0.50;0.003
260.895;2625;-2.55;-2.00;310.16;0.87;-1.04;163.49;0.75;0.50;953;2;1;3;0.52;0.30;0.29;-0.02;-0.01;0.09;0.00;0.13;0.45;-1.02;180.57;-0.23;0.50;0.005
260.995;2639;-2.52;-2.03;311.77;0.87;-1.04;163.49;0.75;0.50;953;2;1;3;0.52;0.30;0.31;-0.01;-0.01;-0.03;0.02;0.20;0.45;-1.02;180.57;-0.23;0.50;0.006
261.105;2649;-2.50;-2.06;312.93;0.87;-1.04;163.49;0.75;0.50;953;2;1;3;0.52;0.30;0.30;-0.04;-0.01;-0.05;-0.01;0.23;0.45;-1.02;180.57;-0.23;0.50;0.007
261.195;2658;-2.49;-2.08;313.99;0.87;-1.04;163.49;0.75;0.50;953;2;1;3;0.51;0.30;0.31;-0.01;-0.01;-0.04;0.01;0.21;0.45;-1.02;180.57;-0.23;0.50;0.004
261.305;2669;-2.46;-2.10;315.20;0.87;-1.04;163.49;0.75;0.50;953;2;1;3;0.51;0.30;0.30;-0.03;-0.01;-0.06;0.01;0.21;0.45;-1.02;180.57;-0.23;0.50;0.005
261.395;2677;-2.45;-2.12;316.10;0.87;-1.04;163.49;0.75;0.50;953;2;1;3;0.50;0.30;0.31;-0.01;-0.01;-0.04;-0.01;0.22;0.45;-1.02;180.57;-0.23;0.50;0.003
261.495;2686;-2.43;-2.14;317.02;0.87;-1.04;163.49;0.75;0.50;953;2;1;3;0.50;0.30;0.30;-0.02;-0.01;-0.04;-0.01;0.20;0.45;-1.02;180.57;-0.23;0.50;0.003
261.595;2696;-2.41;-2.16;318.01;0.87;-1.04;163.49;0.75;0.50;953;2;1;3;0.50;0.30;0.31;-0.01;-0.01;-0.04;0.01;0.18;0.45;-1.02;180.57;-0.23;0.50;0.006
261.705;2710;-2.38;-2.19;319.31;0.87;-1.04;163.49;0.75;0.50;953;2;1;3;0.49;0.30;0.31;-0.01;-0.01;-0.04;0.01;0.17;0.45;-1.02;180.57;-0.23;0.50;0.012
261.795;2715;-2.37;-2.20;319.76;0.87;-1.04;163.49;0.75;0.50;953;2;1;3;0.49;0.30;0.30;-0.02;-0.01;-0.04;-0.01;0.18;0.45;-1.02;180.57;-0.23;0.50;0.003
261.905;2729;-2.33;-2.23;321.00;0.87;-1.04;163.49;0.75;0.50;953;2;1;3;0.48;0.30;0.30;-0.02;-0.01;-0.04;-0.01;0.17;0.45;-1.02;180.57;-0.23;0.50;0.004
261.995;2738;-2.31;-2.24;321.74;0.87;-1.04;163.49;0.75;0.50;953;2;1;3;0.48;0.30;0.31;-0.01;-0.01;-0.04;0.01;0.15;0.45;-1.02;180.57;-0.23;0.50;0.004
262.095;2748;-2.29;-2.26;322.56;0.87;-1.04;163.49;0.75;0.50;953;2;1;3;0.47;0.30;0.31;-0.02;-0.01;-0.04;-0.01;0.18;0.45;-1.02;180.57;-0.23;0.50;0.004
262.195;2758;-2.27;-2.28;323.33;0.87;-1.04;163.49;0.75;0.50;953;2;1;3;0.47;0.30;0.30;-0.01;-0.01;-0.05;-0.02;0.15;0.45;-1.02;180.57;-0.23;0.50;0.004
262.305;2766;-2.25;-2.30;323.93;0.87;-1.04;163.49;0.75;0.50;953;2;1;3;0.47;0.30;0.31;-0.01;-0.01;-0.04;-0.00;0.15;0.45;-1.02;180.57;-0.23;0.50;0.006
262.405;2776;-2.22;-2.32;324.62;0.87;-1.04;163.49;0.75;0.50;953;2;1;3;0.46;0.30;0.31;-0.01;-0.01;-0.04;-0.01;0.15;0.45;-1.02;180.57;-0.23;0.50;0.007
262.495;2786;-2.20;-2.33;325.31;0.87;-1.04;163.49;0.75;0.50;953;2;1;3;0.46;0.30;0.31;-0.01;-0.01;-0.05;-0.01;0.13;0.45;-1.02;180.57;-0.23;0.50;0.003
262.605;2799;-2.17;-2.36;326.12;0.87;-1.04;163.49;0.75;0.50;953;2;1;3;0.45;0.30;0.31;-0.01;-0.01;-0.04;-0.00;0.12;0.45;-1.02;180.57;-0.23;0.50;0.013
262.705;2809;-2.14;-2.37;326.72;0.87;-1.04;163.49;0.75;0.50;953;2;1;3;0.45;0.30;0.31;-0.01;-0.00;-0.04;-0.00;0.12;0.45;-1.02;180.57;-0.23;0.50;0.008
262.805;2819;-2.12;-2.39;327.26;0.87;-1.04;163.49;0.75;0.50;953;2;1;3;0.45;0.30;0.31;-0.01;-0.01;-0.04;-0.01;0.11;0.45;-1.02;180.57;-0.23;0.50;0.008
262.905;2830;-2.09;-2.41;327.82;0.87;-1.04;163.49;0.75;0.50;953;2;1;3;0.44;0.30;0.31;-0.01;-0.01;-0.04;-0.01;0.11;0.45;-1.02;180.57;-0.23;0.50;0.006
263.005;2838;-2.07;-2.42;328.23;0.87;-1.04;163.49;0.75;0.50;953;2;1;3;0.44;0.30;0.31;-0.01;-0.01;-0.04;-0.01;0.10;0.45;-1.02;180.57;-0.23;0.50;0.007
263.095;2849;-2.04;-2.44;328.76;0.87;-1.04;163.49;0.75;0.50;953;2;1;3;0.44;0.30;0.31;-0.00;-0.00;-0.03;0.00;0.09;0.45;-1.02;180.57;-0.23;0.50;0.003
263.195;2858;-2.02;-2.45;329.19;0.87;-1.04;163.49;0.75;0.50;953;2;1;3;0.43;0.30;0.31;-0.01;-0.01;-0.07;-0.02;0.10;0.45;-1.02;180.57;-0.23;0.50;0.004
263.295;2868;-1.99;-2.47;329.74;0.87;-1.04;163.49;0.75;0.50;953;2;1;3;0.43;0.30;0.31;0.00;-0.00;0.02;0.02;0.08;0.45;-1.02;180.57;-0.23;0.50;0.005
263.395;2876;-1.97;-2.48;330.09;0.87;-1.04;163.49;0.75;0.50;953;2;1;3;0.42;0.30;0.30;0.01;-0.00;0.06;0.03;0.06;0.45;-1.02;180.57;-0.23;0.50;0.005
263.495;2887;-1.94;-2.50;330.64;0.87;-1.04;163.49;0.75;0.50;953;2;1;3;0.41;0.30;0.30;0.00;-0.01;0.09;0.05;0.06;0.45;-1.02;180.57;-0.23;0.50;0.005
263.605;2895;-1.92;-2.51;331.07;0.87;-1.04;163.49;0.75;0.50;953;2;1;3;0.41;0.30;0.31;-0.00;-0.01;-0.04;-0.02;0.09;0.45;-1.02;180.57;-0.23;0.50;0.004
263.695;2906;-1.89;-2.53;331.64;0.87;-1.04;163.49;0.75;0.50;953;2;1;3;0.40;0.30;0.31;0.00;-0.00;0.00;0.01;0.08;0.45;-1.02;180.57;-0.23;0.50;0.003
263.805;2919;-1.85;-2.54;332.12;0.87;-1.04;163.49;0.75;0.50;953;2;1;3;0.39;0.30;0.31;-0.00;-0.01;-0.03;-0.01;0.06;0.45;-1.02;180.57;-0.23;0.50;0.015
263.905;2929;-1.83;-2.56;332.44;0.87;-1.04;163.49;0.75;0.50;953;2;1;3;0.39;0.30;0.32;-0.00;-0.01;-0.06;-0.02;0.09;0.45;-1.02;180.57;-0.23;0.50;0.014
263.995;2938;-1.80;-2.57;332.72;0.87;-1.04;163.49;0.75;0.50;953;2;1;3;0.38;0.30;0.32;-0.00;-0.01;-0.05;-0.03;0.09;0.45;-1.02;180.57;-0.23;0.50;0.005
264.095;2948;-1.77;-2.59;333.02;0.87;-1.04;163.49;0.75;0.50;953;2;1;3;0.38;0.30;0.30;0.01;-0.00;0.07;0.04;0.03;0.45;-1.02;180.57;-0.23;0.50;0.004
264.195;2956;-1.75;-2.60;333.25;0.87;-1.04;163.49;0.75;0.50;953;2;1;3;0.38;0.30;0.31;0.00;-0.01;-0.04;-0.01;0.08;0.45;-1.02;180.57;-0.23;0.50;0.007
264.305;2967;-1.72;-2.61;333.59;0.87;-1.04;163.49;0.75;0.50;953;2;1;3;0.37;0.30;0.31;0.00;-0.00;-0.06;-0.01;0.05;0.45;-1.02;180.57;-0.23;0.50;0.006
264.395;2975;-1.70;-2.62;333.76;0.87;-1.04;163.49;0.75;0.50;953;2;1;3;0.37;0.30;0.30;0.00;-0.00;0.06;0.04;0.01;0.45;-1.02;180.57;-0.23;0.50;0.007
264.495;2989;-1.66;-2.64;334.12;0.87;-1.04;163.49;0.75;0.50;953;2;1;3;0.37;0.30;0.31;0.01;-0.00;0.03;0.02;0.03;0.45;-1.02;180.57;-0.23;0.50;0.003
264.605;2998;-1.63;-2.65;334.21;0.87;-1.04;163.49;0.75;0.50;953;2;1;3;0.37;0.30;0.30;0.00;-0.00;0.07;0.04;-0.02;0.45;-1.02;180.57;-0.23;0.50;0.007
264.695;3009;-1.60;-2.67;334.46;0.87;-1.04;163.49;0.75;0.50;953;2;1;3;0.37;0.30;0.31;-0.01;-0.01;-0.08;-0.04;0.08;0.45;-1.02;180.57;-0.23;0.50;0.007
264.795;3017;-1.58;-2.68;334.69;0.87;-1.04;163.49;0.75;0.50;953;2;1;3;0.36;0.30;0.31;0.00;-0.01;-0.04;-0.01;0.07;0.45;-1.02;180.57;-0.23;0.50;0.005
264.895;3028;-1.55;-2.69;334.98;0.87;-1.04;163.49;0.75;0.50;953;2;1;3;0.35;0.30;0.31;0.01;-0.00;-0.00;0.01;0.04;0.45;-1.02;180.57;-0.23;0.50;0.006
264.995;3036;-1.53;-2.70;335.14;0.87;-1.04;163.49;0.75;0.50;953;2;1;3;0.35;0.30;0.32;0.00;-0.01;-0.07;-0.03;0.06;0.45;-1.02;180.57;-0.23;0.50;0.003
265.095;3047;-1.50;-2.71;335.27;0.87;-1.04;163.49;0.75;0.50;953;2;1;3;0.35;0.30;0.30;0.01;-0.00;0.04;0.03;-0.01;0.45;-1.02;180.57;-0.23;0.50;0.004
265.195;3055;-1.48;-2.72;335.37;0.87;-1.04;163.49;0.75;0.50;953;2;1;3;0.35;0.30;0.31;0.01;-0.00;-0.01;0.01;0.01;0.45;-1.02;180.57;-0.23;0.50;0.005
265.295;3069;-1.44;-2.74;335.51;0.87;-1.04;163.49;0.75;0.50;953;2;1;3;0.35;0.30;0.32;0.00;-0.01;-0.07;-0.03;0.05;0.45;-1.02;180.57;-0.23;0.50;0.004
265.395;3078;-1.41;-2.75;335.60;0.87;-1.04;163.49;0.75;0.50;953;2;1;3;0.35;0.30;0.32;0.00;-0.01;-0.07;-0.03;0.05;0.45;-1.02;180.57;-0.23;0.50;0.004
265.505;3089;-1.38;-2.77;335.68;0.87;-1.04;163.49;0.75;0.50;953;2;1;3;0.35;0.30;0.30;0.01;-0.00;0.04;0.03;-0.01;0.45;-1.02;180.57;-0.23;0.50;0.007
265.595;3097;-1.36;-2.77;335.78;0.87;-1.04;163.49;0.75;0.50;953;2;1;3;0.34;0.30;0.31;0.01;-0.00;-0.01;0.01;0.01;0.45;-1.02;180.57;-0.23;0.50;0.003
265.695;3108;-1.33;-2.79;335.89;0.87;-1.04;163.49;0.75;0.50;953;2;1;3;0.34;0.30;0.32;0.00;-0.01;-0.07;-0.03;0.05;0.45;-1.02;180.57;-0.23;0.50;0.004
265.795;3117;-1.30;-2.80;335.97;0.87;-1.04;163.49;0.75;0.50;953;2;1;3;0.34;0.30;0.32;0.00;-0.01;-0.07;-0.04;0.05;0.45;-1.02;180.57;-0.23;0.50;0.004
265.905;3127;-1.27;-2.81;336.06;0.87;-1.04;163.49;0.75;0.50;953;2;1;3;0.34;0.30;0.31;0.01;-0.00;-0.01;0.01;0.01;0.45;-1.02;180.57;-0.23;0.50;0.004
266.005;3136;-1.25;-2.82;336.14;0.87;-1.04;163.49;0.75;0.50;953;2;1;3;0.34;0.30;0.31;0.01;-0.00;-0.01;0.01;0.01;0.45;-1.02;180.57;-0.23;0.50;0.004
266.105;3146;-1.22;-2.83;336.21;0.87;-1.04;163.49;0.75;0.50;953;2;1;3;0.34;0.30;0.30;0.01;-0.00;0.04;0.03;-0.01;0.45;-1.02;180.57;-0.23;0.50;0.005
266.205;3159;-1.18;-2.85;336.35;0.87;-1.04;163.49;0.75;0.50;953;2;1;3;0.34;0.30;0.32;0.00;-0.01;-0.07;-0.04;0.05;0.45;-1.02;180.57;-0.23;0.50;0.004
266.305;3169;-1.15;-2.86;336.43;0.87;-1.04;163.49;0.75;0.50;953;2;1;3;0.34;0.30;0.31;0.01;-0.00;-0.01;0.01;0.01;0.45;-1.02;180.57;-0.23;0.50;0.009
266.395;3177;-1.13;-2.87;336.49;0.87;-1.04;163.49;0.75;0.50;953;2;1;3;0.33;0.30;0.32;0.00;-0.01;-0.07;-0.04;0.05;0.45;-1.02;180.57;-0.23;0.50;0.007
266.505;3188;-1.10;-2.88;336.56;0.87;-1.04;163.49;0.75;0.50;953;2;1;3;0.33;0.30;0.30;0.01;-0.00;0.04;0.03;-0.02;0.45;-1.02;180.57;-0.23;0.50;0.005
266.595;3196;-1.07;-2.89;336.65;0.87;-1.04;163.49;0.75;0.50;953;2;1;3;0.33;0.30;0.31;0.01;-0.00;-0.01;0.00;0.01;0.45;-1.02;180.57;-0.23;0.50;0.003
266.705;3207;-1.04;-2.90;336.74;0.87;-1.04;163.49;0.75;0.50;953;2;1;3;0.33;0.30;0.32;0.00;-0.01;-0.06;-0.04;0.05;0.45;-1.02;180.57;-0.23;0.50;0.007
266.805;3215;-1.02;-2.91;336.78;0.87;-1.04;163.49;0.75;0.50;953;2;1;3;0.33;0.30;0.30;0.01;-0.00;0.04;0.03;-0.02;0.45;-1.02;180.57;-0.23;0.50;0.004
266.905;3230;-0.98;-2.93;336.90;0.87;-1.04;163.49;0.75;0.50;953;2;1;3;0.33;0.30;0.30;0.01;-0.01;0.04;0.03;-0.01;0.45;-1.02;180.57;-0.23;0.50;0.012
267.005;3239;-0.95;-2.94;336.97;0.87;-1.04;163.49;0.75;0.50;953;2;1;3;0.32;0.30;0.30;0.01;-0.01;0.04;0.03;-0.02;0.45;-1.02;180.57;-0.23;0.50;0.010
267.095;3245;-0.93;-2.95;337.01;0.87;-1.04;163.49;0.75;0.50;953;2;1;3;0.32;0.30;0.30;0.01;-0.01;0.04;0.03;-0.02;0.45;-1.02;180.57;-0.23;0.50;0.003
267.205;3258;-0.90;-2.96;337.13;0.87;-1.04;163.49;0.75;0.50;953;2;1;3;0.32;0.30;0.32;0.00;-0.01;-0.06;-0.04;0.05;0.45;-1.02;180.57;-0.23;0.50;0.009
267.305;3269;-0.87;-2.98;337.19;0.87;-1.04;163.49;0.75;0.50;953;2;1;3;0.32;0.30;0.30;0.01;-0.01;0.04;0.03;-0.02;0.45;-1.02;180.57;-0.23;0.50;0.008
267.395;3277;-0.84;-2.99;337.26;0.87;-1.04;163.49;0.75;0.50;953;2;1;3;0.32;0.30;0.31;0.01;-0.01;-0.01;0.00;0.01;0.45;-1.02;180.57;-0.23;0.50;0.004
267.505;3288;-0.81;-3.00;337.33;0.87;-1.04;163.49;0.75;0.50;953;2;1;3;0.31;0.30;0.32;0.00;-0.01;-0.06;-0.04;0.04;0.45;-1.02;180.57;-0.23;0.50;0.006
267.595;3297;-0.78;-3.01;337.39;0.87;-1.04;163.49;0.75;0.50;953;2;1;3;0.31;0.30;0.32;0.00;-0.01;-0.06;-0.04;0.04;0.45;-1.02;180.57;-0.23;0.50;0.006
267.705;3307;-0.76;-3.02;337.45;0.87;-1.04;163.49;0.75;0.50;953;2;1;3;0.31;0.30;0.31;0.01;-0.01;-0.01;0.00;0.01;0.45;-1.02;180.57;-0.23;0.50;0.009
267.795;3316;-0.73;-3.03;337.51;0.87;-1.04;163.49;0.75;0.50;953;2;1;3;0.31;0.30;0.31;0.01;-0.01;-0.01;0.00;0.01;0.45;-1.02;180.57;-0.23;0.50;0.005
267.895;3326;-0.70;-3.04;337.55;0.87;-1.04;163.49;0.75;0.50;953;2;1;3;0.31;0.30;0.30;0.01;-0.01;0.04;0.03;-0.02;0.45;-1.02;180.57;-0.23;0.50;0.004
268.005;3340;-0.66;-3.06;337.66;0.87;-1.04;163.49;0.75;0.50;953;2;1;3;0.30;0.30;0.31;0.01;-0.01;-0.01;0.00;0.01;0.45;-1.02;180.57;-0.23;0.50;0.007
268.095;3349;-0.63;-3.07;337.70;0.87;-1.04;163.49;0.75;0.50;953;2;1;3;0.30;0.30;0.31;0.01;-0.01;-0.01;0.00;0.01;0.45;-1.02;180.57;-0.23;0.50;0.006
268.205;3358;-0.61;-3.08;337.75;0.87;-1.04;163.49;0.75;0.50;953;2;1;3;0.30;0.30;0.31;0.01;-0.01;-0.01;0.00;0.01;0.45;-1.02;180.57;-0.23;0.50;0.007
268.295;3369;-0.58;-3.09;337.81;0.87;-1.04;163.49;0.75;0.50;953;2;1;3;0.30;0.30;0.32;0.00;-0.01;-0.06;-0.04;0.04;0.45;-1.02;180.57;-0.23;0.50;0.003
268.395;3377;-0.55;-3.10;337.83;0.87;-1.04;163.49;0.75;0.50;953;2;1;3;0.29;0.30;0.32;0.00;-0.01;-0.06;-0.04;0.03;0.45;-1.02;180.57;-0.23;0.50;0.003
268.505;3386;-0.53;-3.11;337.88;0.87;-1.04;163.49;0.75;0.50;953;2;1;3;0.29;0.30;0.32;0.00;-0.01;-0.07;-0.05;0.04;0.45;-1.02;180.57;-0.23;0.50;0.005
268.605;3396;-0.50;-3.12;337.94;0.87;-1.04;163.49;0.75;0.50;953;2;1;3;0.29;0.30;0.31;0.01;-0.01;-0.01;0.00;0.01;0.45;-1.02;180.57;-0.23;0.50;0.006
268.705;3410;-0.46;-3.13;338.03;0.87;-1.04;163.49;0.75;0.50;953;2;1;3;0.29;0.30;0.32;0.00;-0.01;-0.07;-0.05;0.04;0.45;-1.02;180.57;-0.23;0.50;0.006
268.805;3419;-0.43;-3.14;338.06;0.87;-1.04;163.49;0.75;0.50;953;2;1;3;0.79;0.29;0.31;0.00;-0.01;-0.03;-0.01;0.01;1.19;-1.53;89.97;0.10;0.06;0.009
268.905;3428;-0.41;-3.15;339.88;0.87;-1.04;163.49;0.75;0.50;953;2;1;3;0.79;0.28;0.30;-0.00;-0.01;0.07;0.06;0.68;1.19;-1.53;89.97;0.10;0.06;0.005
268.995;3438;-0.38;-3.17;344.35;0.87;-1.04;163.49;0.75;0.50;953;2;1;3;0.79;0.27;0.27;-0.05;-0.00;0.06;0.04;0.77;1.19;-1.53;89.97;0.10;0.06;0.004
269.095;3447;-0.36;-3.18;348.54;0.87;-1.04;163.49;0.75;0.50;953;2;1;3;0.79;0.27;0.28;-0.09;0.00;-0.04;-0.02;0.88;1.19;-1.53;89.97;0.10;0.06;0.005
269.195;3457;-0.33;-3.19;353.59;0.87;-1.04;163.49;0.75;0.50;953;2;1;3;0.79;0.28;0.26;-0.10;0.00;0.05;0.05;0.84;1.19;-1.53;89.97;0.10;0.06;0.005
269.305;3466;-0.31;-3.21;358.33;0.87;-1.04;163.49;0.75;0.50;953;2;1;3;0.79;0.29;0.27;-0.14;-0.01;-0.03;-0.10;0.97;1.19;-1.53;89.97;0.10;0.06;0.009
