t;frame;x;y;z;x_ref;y_ref;z_ref;delta_ref;u_ref;state;ellipse;control;action;delta;u;vx;vy;vz;wx;wy;wz;xr;yr;zr;delr;ur;obs1x;obs1y;obs2x;obs2y
68.165;14;1.10;-0.30;-0.01;0.85;-0.35;-0.00;0.00;-0.50;403;1;1;2;-0.12;-0.04;0.00;0.00;-0.00;0.00;0.00;0.00;0.95;-0.35;0.00;0.00;-0.50;0.079;-0.51;-1.01;-100.00;-100.00
68.195;16;1.10;-0.30;-0.01;0.85;-0.35;-0.00;0.00;-0.50;403;1;1;2;-0.12;-0.08;0.00;0.00;-0.00;0.00;0.00;0.00;0.95;-0.35;0.00;0.00;-0.50;0.009;-0.51;-1.01;-100.00;-100.00
68.295;24;1.10;-0.30;-0.01;0.85;-0.35;-0.00;0.00;-0.50;403;1;1;2;-0.12;-0.12;0.00;0.00;-0.00;0.00;0.00;0.00;0.95;-0.35;0.00;0.00;-0.50;0.011;-0.51;-1.01;-100.00;-100.00
68.395;35;1.10;-0.30;0.17;0.85;-0.35;-0.00;0.00;-0.50;403;1;1;2;-0.11;-0.15;-0.12;0.00;-0.00;0.00;-0.01;0.05;0.95;-0.35;0.00;0.00;-0.50;0.010;-0.51;-1.01;-100.00;-100.00
68.495;43;1.08;-0.30;0.33;0.85;-0.35;-0.00;0.00;-0.50;403;1;1;2;-0.11;-0.19;-0.15;0.00;-0.00;-0.01;-0.03;0.02;0.95;-0.35;0.00;0.00;-0.50;0.012;-0.51;-1.01;-100.00;-100.00
68.615;58;1.06;-0.30;0.63;0.85;-0.35;-0.00;0.00;-0.50;403;1;1;2;-0.09;-0.21;-0.19;-0.00;0.00;0.00;0.00;0.05;0.95;-0.35;0.00;0.00;-0.50;0.024;-0.51;-1.01;-100.00;-100.00
68.705;66;1.04;-0.30;0.81;0.85;-0.35;-0.00;0.00;-0.50;403;1;1;2;-0.08;-0.24;-0.21;0.00;0.00;0.00;-0.00;0.03;0.95;-0.35;0.00;0.00;-0.50;0.019;-0.51;-1.01;-100.00;-100.00
68.805;77;1.02;-0.30;0.99;0.85;-0.35;-0.00;0.00;-0.50;403;1;1;2;-0.07;-0.26;-0.24;0.00;0.00;0.00;-0.00;0.03;0.95;-0.35;0.00;0.00;-0.50;0.018;-0.51;-1.01;-100.00;-100.00
68.915;85;1.00;-0.30;1.08;0.76;-0.35;-0.00;0.00;-0.50;403;2;1;2;-0.06;-0.27;-0.26;-0.00;0.00;0.00;-0.00;0.02;0.95;-0.35;0.00;0.00;-0.50;0.018;-0.51;-1.01;-100.00;-100.00
68.985;94;0.97;-0.30;1.16;0.76;-0.35;-0.00;0.00;-0.50;403;2;1;2;-0.06;-0.29;-0.27;-0.00;0.00;0.00;-0.00;0.01;0.95;-0.35;0.00;0.00;-0.50;0.006;-0.51;-1.01;-100.00;-100.00
69.085;104;0.95;-0.30;1.22;0.76;-0.35;-0.00;0.00;-0.50;403;2;1;2;-0.06;-0.30;-0.29;0.00;-0.00;0.00;-0.00;0.01;0.95;-0.35;-0.00;0.00;-0.50;0.008;-0.50;-1.01;-100.00;-100.00
69.225;119;0.90;-0.30;1.27;0.65;-0.35;0.00;-0.00;0.37;217;0;1;7;-0.05;-0.31;-0.30;0.00;-0.00;0.00;-0.00;0.00;0.92;-0.35;-0.00;0.00;-0.50;0.023;-0.50;-1.01;-100.00;-100.00
69.295;127;0.88;-0.30;1.27;1.03;-0.30;24.90;0.79;0.50;217;1;1;7;0.75;-0.27;-0.31;-0.00;-0.00;0.00;-0.00;0.00;0.89;-0.34;8.71;0.51;0.45;0.015;-0.50;-1.01;-100.00;-100.00
69.395;136;0.85;-0.30;-1.94;1.03;-0.30;24.90;0.79;0.50;217;1;1;7;0.77;-0.23;-0.27;0.01;-0.00;-0.00;0.03;-0.90;0.87;-0.34;7.48;0.48;0.45;0.016;-0.50;-1.01;-100.00;-100.00
69.495;146;0.83;-0.30;-5.97;1.03;-0.30;24.90;0.79;0.50;217;1;1;7;0.79;-0.18;-0.23;0.00;-0.01;-0.03;0.06;-0.56;0.84;-0.35;5.36;0.41;0.44;0.014;-0.50;-1.01;-100.00;-100.00
69.605;155;0.81;-0.30;-8.40;1.03;-0.30;24.90;0.79;0.50;217;1;1;7;0.79;-0.14;-0.20;0.04;-0.01;0.01;-0.03;-0.36;0.81;-0.35;3.66;0.35;0.43;0.023;-0.50;-1.01;-100.00;-100.00
69.705;165;0.79;-0.29;-9.76;1.03;-0.30;24.90;0.79;0.50;217;1;1;7;0.78;-0.10;-0.12;0.03;-0.01;0.06;-0.08;-0.23;0.79;-0.35;2.95;0.32;0.42;0.021;-0.50;-1.02;-100.00;-100.00
69.815;178;0.78;-0.28;-10.72;1.03;-0.30;24.90;0.79;0.50;217;1;1;7;0.78;-0.06;-0.08;0.05;-0.04;-0.00;-0.29;-0.20;0.79;-0.35;2.95;0.32;0.42;0.025;-0.50;-1.02;-100.00;-100.00
69.895;184;0.77;-0.28;-10.87;1.03;-0.30;24.90;0.79;0.50;217;1;1;7;0.75;-0.03;-0.08;0.02;-0.01;-0.01;0.02;0.05;0.78;-0.35;2.32;0.29;0.42;0.009;-0.50;-1.02;-100.00;-100.00
69.995;197;0.77;-0.28;-10.13;1.03;-0.30;24.90;0.79;0.50;217;1;1;7;0.71;0.00;-0.02;-0.01;-0.01;0.03;-0.07;0.09;0.78;-0.35;2.32;0.29;0.42;0.016;-0.50;-1.02;-100.00;-100.00
70.095;207;0.77;-0.28;-9.16;1.03;-0.30;24.90;0.79;0.50;217;1;1;7;0.67;0.03;0.01;-0.00;-0.01;0.02;-0.05;0.16;0.76;-0.35;1.79;0.25;0.41;0.010;-0.50;-1.02;-100.00;-100.00
70.195;215;0.77;-0.28;-8.06;1.03;-0.30;24.90;0.79;0.50;217;1;1;7;0.62;0.06;0.04;0.00;-0.00;0.02;-0.04;0.22;0.76;-0.35;1.79;0.25;0.41;0.013;-0.50;-1.02;-100.00;-100.00
70.295;225;0.78;-0.28;-6.86;1.03;-0.30;24.90;0.79;0.50;217;1;1;7;0.60;0.08;0.06;0.00;0.00;0.00;0.01;0.20;0.78;-0.35;2.32;0.29;0.42;0.014;-0.51;-1.02;-100.00;-100.00
70.395;235;0.78;-0.28;-5.83;1.03;-0.30;24.90;0.79;0.50;217;1;1;7;0.58;0.10;0.08;-0.00;0.00;0.02;0.03;0.16;0.78;-0.35;2.32;0.29;0.42;0.011;-0.51;-1.02;-100.00;-100.00
70.505;243;0.79;-0.28;-5.07;1.03;-0.30;24.90;0.79;0.50;217;1;1;7;0.59;0.13;0.11;-0.01;-0.00;-0.02;-0.03;0.19;0.79;-0.35;2.95;0.32;0.42;0.013;-0.51;-1.02;-100.00;-100.00
70.595;254;0.80;-0.28;-3.98;1.03;-0.30;24.90;0.79;0.50;217;1;1;7;0.60;0.15;0.12;0.00;-0.00;0.06;0.08;0.18;0.81;-0.35;3.66;0.35;0.43;0.011;-0.51;-1.02;-100.00;-100.00
70.695;267;0.82;-0.28;-2.49;1.03;-0.30;24.90;0.79;0.50;217;1;1;7;0.61;0.17;0.15;0.00;-0.01;0.03;0.04;0.19;0.83;-0.35;4.46;0.38;0.43;0.014;-0.51;-1.02;-100.00;-100.00
70.795;277;0.84;-0.28;-1.22;1.03;-0.30;24.90;0.79;0.50;217;1;1;7;0.63;0.19;0.18;-0.00;-0.01;-0.02;-0.02;0.22;0.84;-0.35;5.36;0.41;0.44;0.012;-0.51;-1.02;-100.00;-100.00
70.905;286;0.85;-0.28;0.01;1.03;-0.30;24.90;0.79;0.50;217;1;1;7;0.66;0.20;0.20;-0.00;-0.01;-0.04;-0.04;0.25;0.86;-0.34;6.37;0.44;0.44;0.011;-0.51;-1.02;-100.00;-100.00
70.995;296;0.87;-0.28;1.47;1.03;-0.30;24.90;0.79;0.50;217;1;1;7;0.69;0.22;0.21;-0.01;-0.01;0.01;0.02;0.27;0.87;-0.34;7.48;0.48;0.45;0.014;-0.51;-1.02;-100.00;-100.00
71.095;305;0.89;-0.28;3.06;1.03;-0.30;24.90;0.79;0.50;217;1;1;7;0.76;0.24;0.24;-0.02;-0.00;-0.07;-0.06;0.37;0.91;-0.34;10.05;0.54;0.46;0.009;-0.51;-1.02;-100.00;-100.00
71.195;315;0.92;-0.29;5.71;1.27;0.06;86.23;0.79;0.50;217;2;1;7;0.76;0.25;0.24;-0.08;-0.05;0.13;-0.14;0.61;0.92;-0.33;11.51;0.57;0.46;0.011;-0.51;-1.02;-100.00;-100.00
71.285;324;0.94;-0.29;8.73;1.27;0.06;86.23;0.79;0.50;217;2;1;7;0.79;0.27;0.25;-0.10;-0.01;-0.03;-0.14;0.70;0.95;-0.33;14.82;0.63;0.47;0.007;-0.51;-1.02;-100.00;-100.00
71.395;334;0.96;-0.29;12.42;1.27;0.06;86.23;0.79;0.50;217;2;1;7;0.79;0.28;0.25;-0.06;-0.00;0.04;0.09;0.61;0.97;-0.32;16.67;0.67;0.48;0.007;-0.51;-1.02;-100.00;-100.00
71.495;345;0.99;-0.30;16.83;1.27;0.06;86.23;0.79;0.50;217;2;1;7;0.79;0.29;0.25;-0.09;-0.01;0.01;-0.02;0.68;1.00;-0.31;20.80;0.73;0.49;0.008;-0.51;-1.02;-100.00;-100.00
71.595;353;1.02;-0.30;19.92;1.27;0.06;86.23;0.79;0.50;217;2;1;7;0.79;0.30;0.26;-0.07;-0.01;-0.00;0.08;0.66;1.02;-0.30;23.09;0.76;0.50;0.007;-0.51;-1.02;-100.00;-100.00
71.695;367;1.06;-0.29;25.84;1.27;0.06;86.23;0.79;0.50;217;2;1;7;0.79;0.31;0.27;-0.08;-0.01;-0.01;0.12;0.69;1.04;-0.29;25.52;0.79;0.50;0.014;-0.51;-1.02;-100.00;-100.00
71.795;376;1.08;-0.29;29.85;1.27;0.06;86.23;0.79;0.50;217;2;1;7;0.79;0.32;0.28;-0.11;-0.01;0.00;-0.08;0.82;1.07;-0.28;30.48;0.79;0.50;0.012;-0.51;-1.02;-100.00;-100.00
71.895;387;1.11;-0.28;34.82;1.27;0.06;86.23;0.79;0.50;217;2;1;7;0.79;0.33;0.29;-0.10;-0.01;-0.01;-0.06;0.80;1.10;-0.26;35.43;0.79;0.50;0.011;-0.51;-1.02;-100.00;-100.00
71.995;395;1.14;-0.27;38.44;1.27;0.06;86.23;0.79;0.50;217;2;1;7;0.75;0.34;0.28;-0.09;-0.01;-0.03;0.14;0.73;1.11;-0.25;37.91;0.79;0.50;0.010;-0.51;-1.02;-100.00;-100.00
72.095;404;1.16;-0.26;42.57;1.27;0.06;86.23;0.79;0.50;217;2;1;7;0.75;0.36;0.31;-0.10;-0.01;-0.00;-0.05;0.79;1.14;-0.22;42.87;0.79;0.50;0.008;-0.51;-1.02;-100.00;-100.00
72.185;414;1.19;-0.25;47.10;1.27;0.06;86.23;0.79;0.50;217;2;1;7;0.70;0.36;0.31;-0.11;-0.01;0.01;-0.05;0.82;1.15;-0.21;45.35;0.79;0.50;0.007;-0.51;-1.02;-100.00;-100.00
72.285;423;1.22;-0.23;51.03;1.27;0.06;86.23;0.79;0.50;217;2;1;7;0.67;0.37;0.32;-0.09;-0.01;0.00;-0.06;0.73;1.17;-0.20;47.82;0.79;0.50;0.007;-0.51;-1.02;-100.00;-100.00
72.395;437;1.25;-0.20;56.71;1.27;0.06;86.23;0.79;0.50;217;2;1;7;0.67;0.37;0.33;-0.09;-0.01;0.03;-0.05;0.74;1.19;-0.17;52.78;0.79;0.50;0.017;-0.51;-1.02;-100.00;-100.00
72.495;446;1.27;-0.18;60.39;1.27;0.06;86.23;0.79;0.50;217;2;1;7;0.71;0.38;0.33;-0.13;-0.01;0.10;-0.15;0.85;1.21;-0.14;57.73;0.79;0.50;0.008;-0.51;-1.02;-100.00;-100.00
72.595;456;1.30;-0.15;64.98;1.27;0.06;86.23;0.79;0.50;217;2;1;7;0.67;0.38;0.34;-0.13;-0.01;0.09;-0.12;0.91;1.22;-0.12;60.21;0.79;0.50;0.013;-0.51;-1.02;-100.00;-100.00
72.695;465;1.32;-0.13;69.33;1.27;0.06;86.23;0.79;0.50;217;2;1;7;0.68;0.38;0.37;-0.09;-0.01;0.05;-0.05;0.88;1.24;-0.09;65.17;0.79;0.50;0.009;-0.51;-1.02;-100.00;-100.00
72.795;475;1.33;-0.09;74.26;1.27;0.06;86.23;0.79;0.50;217;2;1;7;0.69;0.39;0.37;-0.04;0.00;-0.13;0.14;0.82;1.25;-0.06;70.12;0.79;0.50;0.007;-0.51;-1.02;-100.00;-100.00
72.895;483;1.35;-0.07;78.50;1.27;0.06;86.23;0.79;0.50;217;2;1;7;0.66;0.39;0.39;-0.09;0.00;0.00;-0.07;0.98;1.26;-0.04;72.60;0.79;0.50;0.007;-0.51;-1.02;-100.00;-100.00
72.995;494;1.37;-0.03;84.51;1.27;0.06;86.23;0.79;0.50;217;2;1;7;0.64;0.38;0.37;-0.09;0.00;-0.11;0.08;0.82;1.27;-0.01;77.56;0.79;0.50;0.018;-0.51;-1.02;-100.00;-100.00
73.115;506;1.38;0.02;90.60;1.09;0.44;144.20;0.73;0.50;217;3;1;7;0.58;0.38;0.38;-0.14;-0.02;0.17;-0.06;0.93;1.27;0.01;80.03;0.79;0.50;0.025;-0.51;-1.02;-100.00;-100.00
73.185;516;1.39;0.05;94.84;1.09;0.44;144.20;0.73;0.50;217;3;1;7;0.32;0.38;0.36;-0.06;-0.00;-0.14;0.07;0.55;1.27;0.05;84.99;0.79;0.50;0.009;-0.51;-1.02;-100.00;-100.00
73.285;526;1.39;0.09;96.59;1.09;0.44;144.20;0.73;0.50;217;3;1;7;0.47;0.38;0.39;-0.06;-0.04;0.27;-0.02;0.30;1.28;0.08;89.93;0.78;0.50;0.003;-0.51;-1.02;-100.00;-100.00
73.385;536;1.39;0.13;98.80;1.09;0.44;144.20;0.73;0.50;217;3;1;7;0.58;0.39;0.39;-0.07;-0.01;0.14;-0.05;0.53;1.27;0.12;94.83;0.78;0.50;0.003;-0.51;-1.02;-100.00;-100.00
73.495;544;1.39;0.16;101.50;1.09;0.44;144.20;0.73;0.50;217;3;1;7;0.61;0.40;0.40;-0.04;-0.01;-0.01;-0.00;0.64;1.27;0.14;97.26;0.78;0.50;0.007;-0.51;-1.02;-100.00;-100.00
73.585;554;1.39;0.20;105.21;1.09;0.44;144.20;0.73;0.50;217;3;1;7;0.67;0.41;0.41;-0.08;-0.01;0.09;-0.05;0.74;1.27;0.17;102.10;0.77;0.50;0.003;-0.51;-1.02;-100.00;-100.00
73.685;564;1.38;0.24;109.61;1.09;0.44;144.20;0.73;0.50;217;3;1;7;0.69;0.41;0.37;-0.09;-0.01;-0.05;0.00;0.77;1.26;0.21;106.88;0.77;0.50;0.005;-0.51;-1.02;-100.00;-100.00
73.785;572;1.38;0.27;113.42;1.09;0.44;144.20;0.73;0.50;217;3;1;7;0.67;0.42;0.37;-0.10;-0.01;-0.12;0.01;0.82;1.25;0.23;109.26;0.76;0.50;0.004;-0.51;-1.02;-100.00;-100.00
73.905;587;1.37;0.33;120.74;1.09;0.44;144.20;0.73;0.50;217;3;1;7;0.64;0.42;0.38;-0.10;-0.01;0.01;-0.00;0.81;1.24;0.26;113.98;0.76;0.50;0.021;-0.51;-1.02;-100.00;-100.00
73.985;596;1.36;0.36;124.50;1.09;0.44;144.20;0.73;0.50;217;3;1;7;0.67;0.42;0.38;-0.07;-0.01;-0.17;-0.03;0.61;1.22;0.29;118.66;0.75;0.50;0.003;-0.51;-1.02;-100.00;-100.00
74.095;606;1.34;0.40;128.97;1.09;0.44;144.20;0.73;0.50;217;3;1;7;0.65;0.42;0.40;-0.10;-0.01;0.12;0.01;0.80;1.21;0.31;120.99;0.75;0.50;0.015;-0.51;-1.02;-100.00;-100.00
74.185;614;1.32;0.43;132.22;1.09;0.44;144.20;0.73;0.50;217;3;1;7;0.69;0.42;0.38;-0.09;-0.01;0.07;0.01;0.70;1.19;0.34;125.60;0.75;0.50;0.003;-0.51;-1.02;-100.00;-100.00
74.295;624;1.30;0.46;136.49;1.09;0.44;144.20;0.73;0.50;217;3;1;7;0.67;0.41;0.38;-0.09;-0.01;0.06;0.01;0.83;1.18;0.35;127.90;0.75;0.50;0.003;-0.51;-1.02;-100.00;-100.00
74.385;633;1.28;0.49;140.45;1.09;0.44;144.20;0.73;0.50;217;3;1;7;0.69;0.41;0.38;-0.07;-0.01;0.04;0.00;0.75;1.16;0.38;132.45;0.74;0.50;0.003;-0.51;-1.02;-100.00;-100.00
74.485;644;1.26;0.52;144.93;1.09;0.44;144.20;0.73;0.50;217;3;1;7;0.65;0.40;0.36;-0.09;-0.01;0.04;0.00;0.75;1.15;0.39;134.71;0.74;0.50;0.004;-0.51;-1.02;-100.00;-100.00
74.595;652;1.24;0.54;147.99;1.09;0.44;144.20;0.73;0.50;217;3;1;7;0.69;0.39;0.37;-0.07;-0.01;0.05;0.01;0.61;1.12;0.42;139.20;0.73;0.50;0.004;-0.51;-1.02;-100.00;-100.00
74.695;666;1.20;0.57;153.02;1.09;0.44;144.20;0.73;0.50;217;3;1;7;0.65;0.38;0.34;-0.08;-0.01;0.04;0.01;0.68;1.10;0.43;141.43;0.73;0.50;0.005;-0.51;-1.02;-100.00;-100.00
74.795;675;1.17;0.59;156.02;1.09;0.44;144.20;0.73;0.50;217;3;1;7;0.68;0.37;0.34;-0.06;-0.00;0.03;0.00;0.51;1.08;0.45;145.84;0.72;0.50;0.004;-0.51;-1.02;-100.00;-100.00
74.885;685;1.14;0.61;159.11;1.09;0.44;144.20;0.73;0.50;217;3;1;7;0.65;0.36;0.33;-0.06;-0.00;0.03;0.00;0.55;1.06;0.46;147.96;0.70;0.50;0.005;-0.51;-1.02;-100.00;-100.00
74.985;694;1.12;0.62;161.76;1.09;0.44;144.20;0.73;0.50;217;3;1;7;0.66;0.35;0.33;-0.04;-0.00;0.04;0.00;0.51;1.03;0.48;151.99;0.66;0.50;0.004;-0.51;-1.02;-100.00;-100.00
75.085;704;1.09;0.63;164.91;1.09;0.44;144.20;0.73;0.50;217;3;1;7;0.62;0.34;0.33;-0.09;-0.01;0.07;0.09;0.68;1.01;0.49;153.90;0.65;0.50;0.004;-0.51;-1.02;-100.00;-100.00
75.185;713;1.06;0.65;168.11;1.09;0.44;144.20;0.73;0.50;217;3;1;7;0.56;0.33;0.32;-0.08;-0.00;-0.04;-0.01;0.56;1.00;0.50;155.74;0.63;0.50;0.003;-0.51;-1.02;-100.00;-100.00
75.295;723;1.03;0.66;171.33;1.09;0.44;144.20;0.73;0.50;217;3;1;7;0.54;0.31;0.34;-0.11;-0.04;0.07;0.25;0.67;0.96;0.51;159.23;0.59;0.50;0.004;-0.51;-1.02;-100.00;-100.00
75.395;737;0.99;0.67;175.03;1.09;0.44;144.20;0.73;0.50;217;3;1;7;0.47;0.30;0.34;-0.05;-0.01;0.08;0.07;0.50;0.95;0.52;160.88;0.58;0.50;0.010;-0.51;-1.02;-100.00;-100.00
75.485;746;0.96;0.68;176.89;1.09;0.44;144.20;0.73;0.50;217;3;1;7;0.46;0.28;0.31;-0.02;-0.01;0.06;0.04;0.30;0.93;0.52;162.46;0.56;0.50;0.003;-0.51;-1.02;-100.00;-100.00
75.585;755;0.93;0.68;178.22;1.09;0.44;144.20;0.73;0.50;217;3;1;7;0.46;0.27;0.27;-0.02;-0.01;-0.07;-0.10;0.20;0.90;0.53;165.44;0.52;0.50;0.006;-0.51;-1.02;-100.00;-100.00
75.695;765;0.91;0.69;179.37;1.09;0.44;144.20;0.73;0.50;217;3;1;7;0.44;0.26;0.27;0.01;-0.00;-0.04;-0.08;0.13;0.88;0.54;166.84;0.51;0.50;0.007;-0.51;-1.02;-100.00;-100.00
75.785;773;0.88;0.69;180.27;1.09;0.44;144.20;0.73;0.50;217;3;1;7;0.44;0.24;0.27;-0.03;-0.01;0.06;0.08;0.21;0.86;0.54;168.18;0.49;0.50;0.004;-0.51;-1.02;-100.00;-100.00
75.885;784;0.86;0.69;181.12;1.09;0.44;144.20;0.73;0.50;217;3;1;7;0.45;0.24;0.26;0.01;-0.01;0.04;0.05;0.12;0.82;0.55;170.70;0.45;0.50;0.006;-0.51;-1.02;-100.00;-100.00
75.985;792;0.84;0.69;181.52;1.09;0.44;144.20;0.73;0.50;217;3;1;7;0.46;0.23;0.24;0.01;-0.01;-0.03;-0.06;0.06;0.81;0.55;171.87;0.44;0.50;0.004;-0.51;-1.02;-100.00;-100.00
76.145;811;0.79;0.68;182.35;0.51;0.56;171.38;-0.63;0.50;489;1;1;4;0.45;0.22;0.23;0.01;-0.00;-0.00;-0.03;0.04;0.79;0.55;172.99;0.42;0.50;0.037;-0.51;-1.02;-100.00;-100.00
76.205;817;0.78;0.68;182.53;0.25;0.65;154.12;-0.22;0.50;489;2;1;4;0.35;0.23;0.23;0.01;-0.00;-0.00;-0.02;0.03;0.65;0.55;180.00;-0.08;0.06;0.012;-0.51;-1.02;-100.00;-100.00
76.295;825;0.76;0.68;182.44;0.25;0.65;154.12;-0.22;0.50;489;2;1;4;0.16;0.22;0.23;0.01;-0.01;-0.01;-0.03;-0.08;0.65;0.55;180.00;-0.08;0.06;0.006;-0.51;-1.02;-100.00;-100.00
76.395;835;0.73;0.68;181.61;0.25;0.65;154.12;-0.22;0.50;489;2;1;4;0.18;0.21;0.23;0.01;-0.01;0.03;0.05;-0.14;0.65;0.55;180.00;-0.08;0.06;0.015;-0.51;-1.02;-100.00;-100.00
76.485;845;0.71;0.68;180.80;0.25;0.65;154.12;-0.22;0.50;489;2;1;4;0.19;0.20;0.22;0.00;-0.01;0.03;0.05;-0.09;0.65;0.55;180.00;-0.08;0.06;0.006;-0.51;-1.02;-100.00;-100.00
76.595;853;0.70;0.68;180.34;0.25;0.65;154.12;-0.22;0.50;489;2;1;4;0.19;0.18;0.20;0.00;-0.01;0.03;0.05;-0.06;0.65;0.55;180.00;-0.08;0.06;0.008;-0.51;-1.02;-100.00;-100.00
76.705;868;0.67;0.68;179.79;0.25;0.65;154.12;-0.22;0.50;489;2;1;4;0.19;0.17;0.19;0.00;-0.01;0.03;0.04;-0.03;0.65;0.55;180.00;-0.08;0.06;0.020;-0.51;-1.02;-100.00;-100.00
76.795;873;0.66;0.68;179.66;0.25;0.65;154.12;-0.22;0.50;489;2;1;4;0.19;0.15;0.17;0.00;-0.01;0.02;0.03;-0.04;0.65;0.55;180.00;-0.08;0.06;0.006;-0.51;-1.02;-100.00;-100.00
76.905;887;0.64;0.68;179.34;0.25;0.65;154.12;-0.22;0.50;489;2;1;4;0.18;0.13;0.15;0.00;-0.01;0.02;0.02;-0.03;0.65;0.55;180.00;-0.08;0.06;0.013;-0.51;-1.02;-100.00;-100.00
76.995;897;0.62;0.68;179.12;0.25;0.65;154.12;-0.22;0.50;489;2;1;4;0.00;0.12;0.14;0.00;-0.01;0.02;0.02;-0.03;0.63;0.55;179.57;-0.25;0.20;0.011;-0.51;-1.02;-100.00;-100.00
77.095;906;0.61;0.68;178.64;0.25;0.65;154.12;-0.22;0.50;489;2;1;4;-0.11;0.12;0.13;0.01;-0.00;0.02;0.01;-0.10;0.61;0.55;178.64;-0.35;0.28;0.006;-0.51;-1.02;-100.00;-100.00
77.195;916;0.60;0.68;177.85;0.25;0.65;154.12;-0.22;0.50;489;2;1;4;-0.12;0.12;0.12;0.00;-0.00;0.02;0.02;-0.12;0.60;0.55;178.29;-0.38;0.30;0.012;-0.51;-1.02;-100.00;-100.00
77.295;925;0.59;0.68;177.38;0.25;0.65;154.12;-0.22;0.50;489;2;1;4;-0.23;0.12;0.12;-0.00;-0.00;0.00;-0.01;-0.07;0.58;0.55;176.89;-0.46;0.36;0.008;-0.51;-1.02;-100.00;-100.00
77.395;934;0.58;0.68;176.90;0.25;0.65;154.12;-0.22;0.50;489;2;1;4;-0.32;0.12;0.12;-0.00;-0.00;-0.00;-0.00;-0.10;0.56;0.55;175.63;-0.51;0.40;0.008;-0.51;-1.02;-100.00;-100.00
77.495;945;0.56;0.68;176.25;0.25;0.65;154.12;-0.22;0.50;489;2;1;4;-0.35;0.13;0.13;0.00;-0.00;-0.01;0.01;-0.09;0.55;0.55;174.89;-0.53;0.42;0.007;-0.51;-1.02;-100.00;-100.00
77.595;953;0.55;0.68;175.80;0.25;0.65;154.12;-0.22;0.50;489;2;1;4;-0.40;0.13;0.13;0.00;-0.00;-0.01;-0.00;-0.10;0.54;0.55;174.07;-0.56;0.44;0.008;-0.51;-1.02;-100.00;-100.00
77.695;964;0.54;0.68;175.15;0.25;0.65;154.12;-0.22;0.50;489;2;1;4;-0.50;0.14;0.14;0.00;-0.00;-0.01;0.01;-0.11;0.52;0.56;172.18;-0.61;0.48;0.008;-0.51;-1.02;-100.00;-100.00
77.785;972;0.53;0.68;174.66;0.25;0.65;154.12;-0.22;0.50;489;2;1;4;-0.55;0.15;0.15;0.00;-0.01;-0.01;-0.00;-0.15;0.51;0.56;171.10;-0.62;0.50;0.006;-0.51;-1.02;-100.00;-100.00
77.895;986;0.50;0.68;173.38;0.25;0.65;154.12;-0.22;0.50;489;2;1;4;-0.58;0.17;0.17;0.00;-0.01;-0.03;0.06;-0.18;0.48;0.56;167.98;-0.57;0.50;0.009;-0.51;-1.02;-100.00;-100.00
77.995;996;0.49;0.69;172.38;0.01;0.77;155.85;0.31;0.50;489;3;1;4;-0.59;0.18;0.17;-0.01;-0.01;0.03;-0.08;-0.16;0.46;0.57;166.08;-0.54;0.50;0.011;-0.51;-1.02;-100.00;-100.00
78.085;1005;0.47;0.69;171.45;0.01;0.77;155.85;0.31;0.50;489;3;1;4;-0.51;0.19;0.20;0.00;-0.01;-0.05;0.10;-0.20;0.44;0.57;165.18;-0.52;0.50;0.004;-0.51;-1.02;-100.00;-100.00
78.185;1015;0.45;0.69;170.83;0.01;0.77;155.85;0.31;0.50;489;3;1;4;-0.53;0.19;0.19;-0.01;-0.01;0.01;-0.03;-0.06;0.42;0.58;163.48;-0.49;0.50;0.006;-0.51;-1.02;-100.00;-100.00
78.285;1025;0.43;0.70;170.32;0.01;0.77;155.85;0.31;0.50;489;3;1;4;-0.54;0.20;0.21;0.00;-0.01;-0.05;0.09;-0.12;0.40;0.59;161.91;-0.46;0.50;0.003;-0.51;-1.02;-100.00;-100.00
78.385;1034;0.42;0.70;169.77;0.01;0.77;155.85;0.31;0.50;489;3;1;4;-0.56;0.20;0.20;0.00;-0.01;-0.02;0.02;-0.12;0.38;0.59;160.47;-0.43;0.50;0.008;-0.51;-1.02;-100.00;-100.00
78.485;1044;0.40;0.70;169.07;0.01;0.77;155.85;0.31;0.50;489;3;1;4;-0.56;0.21;0.20;0.03;-0.06;0.15;0.14;-0.19;0.36;0.60;159.15;-0.39;0.50;0.004;-0.51;-1.02;-100.00;-100.00
78.585;1052;0.38;0.70;168.24;0.01;0.77;155.85;0.31;0.50;489;3;1;4;-0.56;0.21;0.21;0.02;-0.01;-0.02;0.05;-0.21;0.34;0.61;157.96;-0.36;0.50;0.004;-0.51;-1.02;-100.00;-100.00
78.695;1067;0.35;0.71;166.92;0.01;0.77;155.85;0.31;0.50;489;3;1;4;-0.54;0.22;0.23;-0.01;-0.01;-0.02;0.03;-0.14;0.32;0.62;156.88;-0.33;0.50;0.004;-0.51;-1.02;-100.00;-100.00
78.785;1076;0.33;0.72;166.38;0.01;0.77;155.85;0.31;0.50;489;3;1;4;-0.53;0.23;0.23;-0.01;-0.01;-0.01;0.03;-0.11;0.29;0.63;155.46;-0.28;0.50;0.003;-0.51;-1.02;-100.00;-100.00
78.885;1086;0.31;0.72;165.83;0.01;0.77;155.85;0.31;0.50;489;3;1;4;-0.50;0.23;0.24;-0.01;-0.01;-0.01;0.03;-0.11;0.28;0.64;155.05;-0.26;0.50;0.006;-0.51;-1.02;-100.00;-100.00
78.985;1095;0.29;0.73;165.45;0.01;0.77;155.85;0.31;0.50;489;3;1;4;-0.50;0.24;0.25;-0.01;-0.00;-0.01;0.03;-0.08;0.25;0.65;153.96;-0.21;0.50;0.004;-0.51;-1.02;-100.00;-100.00
79.085;1105;0.26;0.74;165.05;0.01;0.77;155.85;0.31;0.50;489;3;1;4;-0.47;0.24;0.25;-0.00;-0.00;-0.01;0.03;-0.10;0.23;0.66;153.38;-0.17;0.50;0.004;-0.51;-1.02;-100.00;-100.00
79.185;1113;0.24;0.74;164.81;0.01;0.77;155.85;0.31;0.50;489;3;1;4;-0.45;0.25;0.25;-0.01;-0.00;0.02;-0.08;0.01;0.21;0.67;152.93;-0.12;0.50;0.004;-0.51;-1.02;-100.00;-100.00
79.285;1122;0.22;0.75;164.55;0.01;0.77;155.85;0.31;0.50;489;3;1;4;-0.42;0.25;0.25;0.00;-0.00;0.01;-0.04;-0.02;0.19;0.68;152.61;-0.08;0.50;0.004;-0.51;-1.02;-100.00;-100.00
79.395;1134;0.19;0.76;164.27;0.01;0.77;155.85;0.31;0.50;489;3;1;4;-0.37;0.26;0.26;-0.01;-0.00;0.00;-0.03;0.00;0.16;0.70;152.38;-0.02;0.50;0.003;-0.51;-1.02;-100.00;-100.00
79.485;1146;0.16;0.77;164.28;0.01;0.77;155.85;0.31;0.50;489;3;1;4;-0.32;0.27;0.26;-0.01;-0.00;0.02;-0.07;0.06;0.13;0.71;152.44;0.05;0.50;0.006;-0.51;-1.02;-100.00;-100.00
79.585;1155;0.14;0.77;164.57;0.01;0.77;155.85;0.31;0.50;489;3;1;4;-0.29;0.27;0.28;0.00;-0.01;-0.03;0.09;0.03;0.11;0.72;152.66;0.09;0.50;0.007;-0.51;-1.02;-100.00;-100.00
79.695;1166;0.11;0.78;164.88;0.01;0.77;155.85;0.31;0.50;489;3;1;4;-0.23;0.28;0.28;-0.01;-0.01;-0.00;-0.01;0.06;0.08;0.74;153.22;0.15;0.50;0.003;-0.51;-1.02;-100.00;-100.00
79.795;1174;0.09;0.79;165.22;-0.26;0.84;179.43;0.79;0.50;489;4;1;4;-0.18;0.29;0.28;-0.01;-0.01;-0.00;-0.00;0.08;0.06;0.75;153.77;0.20;0.50;0.007;-0.51;-1.02;-100.00;-100.00
79.885;1185;0.05;0.80;165.72;-0.26;0.84;179.43;0.79;0.50;489;4;1;4;-0.12;0.29;0.30;-0.00;-0.01;-0.02;0.06;0.05;0.04;0.76;154.45;0.24;0.50;0.003;-0.51;-1.02;-100.00;-100.00
79.985;1194;0.03;0.80;166.18;-0.26;0.84;179.43;0.79;0.50;489;4;1;4;-0.06;0.29;0.29;-0.01;-0.01;-0.02;0.05;0.08;0.02;0.77;155.27;0.28;0.50;0.005;-0.51;-1.02;-100.00;-100.00
80.115;1208;-0.01;0.81;167.08;-0.25;0.85;180.00;0.11;0.00;469;1;1;5;0.01;0.29;0.29;-0.01;-0.01;-0.02;0.02;0.12;-0.01;0.78;156.74;0.34;0.50;0.023;-0.51;-1.02;-100.00;-100.00
80.205;1217;-0.04;0.82;167.80;-0.44;0.83;193.57;0.65;0.50;469;2;1;5;0.18;0.30;0.29;-0.01;-0.01;-0.02;0.02;0.12;-0.25;0.85;180.04;0.18;0.07;0.024;-0.51;-1.02;-100.00;-100.00
80.285;1223;-0.05;0.82;168.61;-0.44;0.83;193.57;0.65;0.50;469;2;1;5;0.13;0.33;0.30;0.01;-0.00;0.02;-0.06;0.34;-0.25;0.85;180.04;0.18;0.07;0.006;-0.51;-1.02;-100.00;-100.00
80.395;1236;-0.09;0.83;170.24;-0.44;0.83;193.57;0.65;0.50;469;2;1;5;0.17;0.34;0.33;0.00;-0.00;0.00;0.01;0.14;-0.25;0.85;180.04;0.18;0.07;0.009;-0.51;-1.02;-100.00;-100.00
80.495;1246;-0.13;0.84;171.12;-0.44;0.83;193.57;0.65;0.50;469;2;1;5;0.22;0.35;0.34;-0.01;0.00;-0.02;-0.04;0.14;-0.25;0.85;180.04;0.18;0.07;0.010;-0.51;-1.02;-100.00;-100.00
80.595;1255;-0.16;0.84;172.04;-0.44;0.83;193.57;0.65;0.50;469;2;1;5;0.26;0.36;0.35;0.00;-0.00;-0.07;-0.09;0.17;-0.25;0.85;180.04;0.18;0.07;0.007;-0.51;-1.03;-100.00;-100.00
80.695;1265;-0.19;0.85;173.20;-0.44;0.83;193.57;0.65;0.50;469;2;1;5;0.31;0.36;0.37;-0.00;-0.01;0.02;0.03;0.21;-0.25;0.85;180.04;0.18;0.07;0.007;-0.51;-1.03;-100.00;-100.00
80.795;1273;-0.22;0.85;174.20;-0.44;0.83;193.57;0.65;0.50;469;2;1;5;0.34;0.35;0.36;0.00;-0.01;0.01;0.00;0.24;-0.25;0.85;180.04;0.18;0.07;0.007;-0.51;-1.03;-100.00;-100.00
80.905;1284;-0.26;0.85;175.63;-0.44;0.83;193.57;0.65;0.50;469;2;1;5;0.43;0.35;0.37;-0.00;-0.01;0.07;0.08;0.26;-0.26;0.85;180.26;0.24;0.13;0.014;-0.51;-1.03;-100.00;-100.00
80.985;1292;-0.29;0.85;176.71;-0.75;0.62;234.67;0.68;0.50;469;3;1;5;0.55;0.34;0.37;-0.01;-0.01;0.08;0.08;0.32;-0.29;0.85;181.37;0.35;0.23;0.007;-0.51;-1.03;-100.00;-100.00
81.085;1302;-0.33;0.86;178.96;-0.75;0.62;234.67;0.68;0.50;469;3;1;5;0.63;0.35;0.34;-0.06;-0.01;0.07;0.12;0.57;-0.32;0.85;183.30;0.44;0.31;0.004;-0.51;-1.03;-100.00;-100.00
81.195;1317;-0.38;0.86;184.22;-0.75;0.62;234.67;0.68;0.50;469;3;1;5;0.66;0.35;0.34;-0.10;-0.05;-0.14;0.12;0.77;-0.37;0.85;186.50;0.53;0.39;0.009;-0.51;-1.03;-100.00;-100.00
81.285;1325;-0.41;0.87;187.65;-0.75;0.62;234.67;0.68;0.50;469;3;1;5;0.69;0.36;0.35;-0.11;-0.01;0.03;0.13;0.84;-0.40;0.84;189.93;0.60;0.45;0.003;-0.51;-1.03;-100.00;-100.00
81.385;1336;-0.44;0.87;192.64;-0.75;0.62;234.67;0.68;0.50;469;3;1;5;0.67;0.37;0.35;-0.13;-0.03;0.00;0.18;0.90;-0.43;0.83;192.78;0.64;0.49;0.005;-0.51;-1.02;-100.00;-100.00
81.485;1344;-0.47;0.87;196.34;-0.75;0.62;234.67;0.68;0.50;469;3;1;5;0.65;0.38;0.35;-0.13;-0.01;0.02;0.13;0.87;-0.46;0.83;195.98;0.65;0.50;0.004;-0.51;-1.02;-100.00;-100.00
81.585;1355;-0.51;0.87;200.93;-0.75;0.62;234.67;0.68;0.50;469;3;1;5;0.63;0.38;0.38;-0.12;-0.03;-0.00;0.21;0.84;-0.49;0.82;199.22;0.65;0.50;0.004;-0.51;-1.03;-100.00;-100.00
81.685;1363;-0.54;0.86;204.25;-0.75;0.62;234.67;0.68;0.50;469;3;1;5;0.63;0.39;0.36;-0.09;-0.01;-0.00;0.04;0.69;-0.52;0.80;202.48;0.66;0.50;0.004;-0.51;-1.03;-100.00;-100.00
81.795;1374;-0.58;0.85;208.28;-0.75;0.62;234.67;0.68;0.50;469;3;1;5;0.63;0.39;0.37;-0.09;-0.01;0.00;0.08;0.69;-0.55;0.79;205.75;0.66;0.50;0.006;-0.51;-1.03;-100.00;-100.00
81.895;1386;-0.63;0.84;212.81;-0.75;0.62;234.67;0.68;0.50;469;3;1;5;0.63;0.40;0.37;-0.10;-0.01;-0.00;0.10;0.72;-0.58;0.78;209.04;0.66;0.50;0.013;-0.51;-1.03;-100.00;-100.00
81.995;1396;-0.66;0.82;216.52;-0.75;0.62;234.67;0.68;0.50;469;3;1;5;0.66;0.40;0.36;-0.06;-0.01;0.04;-0.16;0.58;-0.62;0.75;214.00;0.67;0.50;0.004;-0.51;-1.03;-100.00;-100.00
82.095;1406;-0.69;0.81;220.70;-0.75;0.62;234.67;0.68;0.50;469;3;1;5;0.66;0.40;0.36;-0.08;-0.01;0.02;-0.08;0.72;-0.64;0.74;217.33;0.67;0.50;0.008;-0.51;-1.03;-100.00;-100.00
82.185;1415;-0.72;0.79;224.58;-0.75;0.62;234.67;0.68;0.50;469;3;1;5;0.65;0.40;0.37;-0.08;-0.01;0.02;0.04;0.75;-0.67;0.72;220.68;0.67;0.50;0.004;-0.51;-1.03;-100.00;-100.00
82.295;1425;-0.75;0.77;228.69;-0.75;0.62;234.67;0.68;0.50;469;3;1;5;0.65;0.40;0.35;-0.08;-0.01;0.06;-0.14;0.63;-0.69;0.69;224.05;0.67;0.50;0.005;-0.51;-1.03;-100.00;-100.00
82.385;1434;-0.78;0.75;232.32;-0.75;0.62;234.67;0.68;0.50;469;3;1;5;0.65;0.40;0.36;-0.08;-0.01;-0.01;0.04;0.70;-0.71;0.67;227.43;0.68;0.50;0.005;-0.51;-1.03;-100.00;-100.00
82.485;1444;-0.81;0.72;236.31;-0.75;0.62;234.67;0.68;0.50;469;3;1;5;0.62;0.40;0.35;-0.08;-0.01;-0.01;0.04;0.70;-0.72;0.66;229.12;0.68;0.50;0.004;-0.51;-1.03;-100.00;-100.00
82.595;1453;-0.83;0.70;239.63;-0.75;0.62;234.67;0.68;0.50;469;3;1;5;0.63;0.39;0.36;-0.07;-0.01;-0.00;0.03;0.58;-0.74;0.64;232.53;0.68;0.50;0.010;-0.51;-1.03;-100.00;-100.00
82.685;1463;-0.85;0.67;242.99;-0.75;0.62;234.67;0.68;0.50;469;3;1;5;0.64;0.39;0.35;-0.07;-0.01;-0.01;0.03;0.59;-0.76;0.61;235.95;0.68;0.50;0.007;-0.51;-1.03;-100.00;-100.00
82.795;1476;-0.88;0.64;247.07;-0.75;0.62;234.67;0.68;0.50;469;3;1;5;0.64;0.38;0.34;-0.06;-0.00;-0.01;0.02;0.59;-0.77;0.59;239.28;0.66;0.50;0.006;-0.51;-1.03;-100.00;-100.00
82.885;1486;-0.89;0.61;250.68;-0.75;0.62;234.67;0.68;0.50;469;3;1;5;0.61;0.37;0.34;-0.06;-0.00;-0.00;0.02;0.55;-0.79;0.56;242.51;0.64;0.50;0.008;-0.51;-1.03;-100.00;-100.00
82.985;1495;-0.91;0.58;253.55;-0.86;0.26;269.43;0.49;0.50;469;4;1;5;0.60;0.37;0.34;-0.07;-0.00;-0.02;-0.01;0.59;-0.80;0.53;245.63;0.63;0.50;0.006;-0.51;-1.03;-100.00;-100.00
83.085;1505;-0.92;0.54;257.13;-0.86;0.26;269.43;0.49;0.50;469;4;1;5;0.44;0.38;0.36;-0.05;0.00;0.12;-0.12;0.58;-0.82;0.50;248.66;0.61;0.50;0.004;-0.51;-1.03;-100.00;-100.00
83.195;1513;-0.94;0.52;259.54;-0.86;0.26;269.43;0.49;0.50;469;4;1;5;0.45;0.38;0.40;-0.05;-0.00;-0.05;0.07;0.43;-0.83;0.47;251.58;0.60;0.50;0.012;-0.51;-1.03;-100.00;-100.00
83.315;1529;-0.95;0.46;263.72;-0.86;0.26;269.43;0.49;0.50;1052;4;0;9;0.46;0.39;0.39;-0.08;-0.01;-0.12;0.08;0.57;-0.83;0.44;254.41;0.58;0.50;0.027;-0.51;-1.03;-100.00;-100.00
83.385;1533;-0.96;0.44;264.77;-0.86;0.26;269.43;0.49;0.50;1052;4;0;9;0.46;0.39;0.38;-0.04;-0.01;0.10;-0.08;0.41;-0.85;0.25;-89.96;0.18;0.07;0.004;-0.51;-1.03;-100.00;-100.00
83.505;1548;-0.97;0.42;266.73;-0.86;0.26;269.43;0.49;0.50;1052;4;0;9;0.46;0.39;-0.03;-0.07;-0.01;0.06;-0.04;-0.10;-0.85;0.25;-89.96;0.18;0.07;0.013;-0.51;-1.03;-100.00;-100.00
83.595;1556;-0.97;0.42;266.24;-0.86;0.26;269.43;0.49;0.50;1052;4;0;9;0.46;0.39;-0.00;0.02;-0.00;-0.03;0.02;-0.07;-0.85;0.25;-89.96;0.18;0.07;0.005;-0.51;-1.03;-100.00;-100.00
83.685;1566;-0.97;0.42;265.85;-0.86;0.26;269.43;0.49;0.50;1052;4;0;9;0.46;0.39;-0.00;0.01;-0.00;0.02;-0.00;-0.04;-0.85;0.25;-89.96;0.18;0.07;0.006;-0.51;-1.03;-100.00;-100.00
83.785;1575;-0.97;0.42;265.71;-0.86;0.26;269.43;0.49;0.50;1052;4;0;9;0.46;0.39;0.00;-0.00;-0.00;0.01;0.00;-0.02;-0.85;0.25;-89.96;0.18;0.07;0.004;-0.51;-1.03;-100.00;-100.00
83.885;1584;-0.97;0.42;265.60;-0.86;0.26;269.43;0.49;0.50;1052;4;0;9;0.46;0.39;0.00;-0.00;-0.00;0.00;0.00;-0.02;-0.85;0.25;-89.96;0.18;0.07;0.008;-0.51;-1.03;-100.00;-100.00
83.985;1595;-0.97;0.42;265.50;-0.86;0.26;269.43;0.49;0.50;1052;4;0;9;0.46;0.39;0.00;-0.00;-0.00;0.00;0.00;-0.01;-0.85;0.25;-89.96;0.18;0.07;0.004;-0.51;-1.03;-100.00;-100.00
84.095;1603;-0.97;0.42;265.45;-0.85;0.55;-90.00;-0.00;0.50;1053;0;1;0;0.46;0.39;0.00;-0.00;-0.00;0.00;0.00;-0.01;-0.85;0.25;-89.96;0.18;0.07;0.004;-0.51;-1.03;-100.00;-100.00
84.215;1618;-0.97;0.42;265.38;-0.85;0.55;-90.00;-0.00;0.50;1053;0;0;0;0.46;0.39;0.00;-0.00;-0.00;0.00;0.00;-0.01;-0.85;0.42;-90.00;-0.00;0.50;0.028;-0.51;-1.03;-100.00;-100.00
84.315;1626;-0.97;0.42;265.35;-0.85;0.55;-90.00;-0.00;0.50;1053;0;0;0;0.46;0.39;0.00;-0.00;-0.00;0.00;0.00;-0.00;-0.85;0.42;-90.00;-0.00;0.50;0.026;-0.51;-1.03;-100.00;-100.00
84.405;1637;-0.97;0.42;265.33;-0.85;0.55;-90.00;-0.00;0.50;1053;0;0;0;0.46;0.39;0.00;-0.00;-0.00;0.00;-0.00;-0.00;-0.85;0.42;-90.00;-0.00;0.50;0.019;-0.51;-1.03;-100.00;-100.00
84.505;1645;-0.97;0.42;265.31;-0.85;0.55;-90.00;-0.00;0.50;1053;0;0;0;0.46;0.39;0.00;-0.00;-0.00;0.00;-0.00;-0.00;-0.85;0.42;-90.00;-0.00;0.50;0.026;-0.51;-1.03;-100.00;-100.00
84.595;1654;-0.97;0.42;265.30;-0.85;0.55;-90.00;-0.00;0.50;1053;0;0;0;0.46;0.39;0.00;0.00;-0.00;0.00;-0.00;-0.00;-0.85;0.42;-90.00;-0.00;0.50;0.012;-0.51;-1.03;-100.00;-100.00
84.705;1665;-0.97;0.42;265.29;-0.85;0.55;-90.00;-0.00;0.50;1053;0;0;0;0.46;0.39;0.00;0.00;-0.00;0.00;-0.00;-0.00;-0.85;0.42;-90.00;-0.00;0.50;0.015;-0.51;-1.03;-100.00;-100.00
84.795;1673;-0.97;0.42;265.28;-0.85;0.55;-90.00;-0.00;0.50;1053;0;0;0;0.46;0.39;0.00;0.00;-0.00;0.00;-0.00;-0.00;-0.85;0.42;-90.00;-0.00;0.50;0.013;-0.51;-1.03;-100.00;-100.00
84.905;1688;-0.97;0.42;265.28;-0.85;0.55;-90.00;-0.00;0.50;1053;0;0;0;0.46;0.39;0.00;0.00;-0.00;0.00;-0.00;-0.00;-0.85;0.42;-90.00;-0.00;0.50;0.019;-0.51;-1.03;-100.00;-100.00
84.995;1696;-0.97;0.42;265.27;-0.85;0.55;-90.00;-0.00;0.50;1053;0;0;0;0.46;0.39;0.00;0.00;-0.00;0.00;-0.00;-0.00;-0.85;0.42;-90.00;-0.00;0.50;0.013;-0.51;-1.03;-100.00;-100.00
85.095;1707;-0.97;0.42;265.27;-0.85;0.55;-90.00;-0.00;0.50;1053;0;0;0;0.46;0.39;0.00;0.00;-0.00;0.00;-0.00;-0.00;-0.85;0.42;-90.00;-0.00;0.50;0.017;-0.51;-1.03;-100.00;-100.00
85.205;1715;-0.97;0.42;265.27;-0.85;0.55;-90.00;-0.00;0.50;1053;0;0;0;0.46;0.39;0.00;0.00;-0.00;0.00;-0.00;-0.00;-0.85;0.42;-90.00;-0.00;0.50;0.021;-0.51;-1.03;-100.00;-100.00
85.305;1726;-0.97;0.42;265.27;-0.85;0.55;-90.00;-0.00;0.50;1053;0;0;0;0.46;0.39;0.00;0.00;-0.00;0.00;-0.00;-0.00;-0.85;0.42;-90.00;-0.00;0.50;0.024;-0.51;-1.03;-100.00;-100.00
85.405;1735;-0.97;0.42;265.27;-0.85;0.55;-90.00;-0.00;0.50;1053;0;0;0;0.46;0.39;0.00;0.00;-0.00;0.00;-0.00;-0.00;-0.85;0.42;-90.00;-0.00;0.50;0.019;-0.51;-1.03;-100.00;-100.00
85.495;1745;-0.97;0.42;265.27;-0.85;0.55;-90.00;-0.00;0.50;1053;0;0;0;0.46;0.39;0.00;0.00;-0.00;0.00;-0.00;-0.00;-0.85;0.42;-90.00;-0.00;0.50;0.011;-0.51;-1.03;-100.00;-100.00
85.595;1754;-0.97;0.42;265.27;-0.85;0.55;-90.00;-0.00;0.50;1053;0;0;0;0.46;0.39;0.00;0.00;-0.00;0.00;-0.00;-0.00;-0.85;0.42;-90.00;-0.00;0.50;0.016;-0.51;-1.03;-100.00;-100.00
85.705;1765;-0.97;0.42;265.27;-0.85;0.55;-90.00;-0.00;0.50;1053;0;0;0;0.46;0.39;0.00;0.00;-0.00;0.00;-0.00;0.00;-0.85;0.42;-90.00;-0.00;0.50;0.015;-0.51;-1.03;-100.00;-100.00
85.805;1777;-0.97;0.42;265.27;-0.85;0.55;-90.00;-0.00;0.50;1053;0;0;0;0.46;0.39;0.00;0.00;-0.00;0.00;-0.00;0.00;-0.85;0.42;-90.00;-0.00;0.50;0.021;-0.51;-1.03;-100.00;-100.00
85.905;1788;-0.97;0.42;265.27;-0.85;0.55;-90.00;-0.00;0.50;1053;0;0;0;0.46;0.39;0.00;0.00;-0.00;0.00;-0.00;0.00;-0.85;0.42;-90.00;-0.00;0.50;0.024;-0.51;-1.03;-100.00;-100.00
85.995;1797;-0.97;0.42;265.27;-0.85;0.55;-90.00;-0.00;0.50;1053;0;0;0;0.46;0.39;0.00;0.00;-0.00;0.00;-0.00;0.00;-0.85;0.42;-90.00;-0.00;0.50;0.017;-0.51;-1.03;-100.00;-100.00
86.125;1807;-0.97;0.42;265.27;-0.85;0.55;-90.00;-0.00;0.50;1053;0;1;0;0.46;0.39;0.00;0.00;-0.00;0.00;-0.00;0.00;-0.85;0.42;-90.00;-0.00;0.50;0.015;-0.51;-1.03;-100.00;-100.00
86.195;1815;-0.97;0.42;265.27;-0.85;0.55;-90.00;-0.00;0.50;1053;0;0;0;0.46;0.39;0.00;0.00;-0.00;0.00;-0.00;0.00;-0.85;0.42;-90.00;-0.00;0.50;0.013;-0.51;-1.03;-100.00;-100.00
86.295;1826;-0.97;0.42;265.27;-0.85;0.55;-90.00;-0.00;0.50;1053;0;0;0;0.46;0.39;0.00;0.00;-0.00;0.00;-0.00;0.00;-0.85;0.42;-90.00;-0.00;0.50;0.013;-0.51;-1.03;-100.00;-100.00
86.405;1834;-0.97;0.42;265.27;-0.85;0.55;-90.00;-0.00;0.50;1053;0;0;0;0.46;0.39;0.00;0.00;-0.00;0.00;-0.00;0.00;-0.85;0.42;-90.00;-0.00;0.50;0.018;-0.51;-1.03;-100.00;-100.00
86.495;1845;-0.97;0.42;265.27;-0.85;0.55;-90.00;-0.00;0.50;1053;0;0;0;0.46;0.39;0.00;0.00;-0.00;0.00;-0.00;0.00;-0.85;0.42;-90.00;-0.00;0.50;0.013;-0.51;-1.03;-100.00;-100.00
86.595;1853;-0.97;0.42;265.27;-0.85;0.55;-90.00;-0.00;0.50;1053;0;0;0;0.46;0.39;0.00;0.00;-0.00;0.00;-0.00;0.00;-0.85;0.42;-90.00;-0.00;0.50;0.013;-0.51;-1.03;-100.00;-100.00
86.715;1868;-0.97;0.42;265.27;-0.85;0.55;-90.00;-0.00;0.50;1053;0;0;0;0.46;0.39;0.00;0.00;-0.00;0.00;-0.00;0.00;-0.85;0.42;-90.00;-0.00;0.50;0.029;-0.51;-1.03;-100.00;-100.00
86.805;1876;-0.97;0.42;265.27;-0.85;0.55;-90.00;-0.00;0.50;1053;0;0;0;0.46;0.39;0.00;0.00;-0.00;0.00;-0.00;0.00;-0.85;0.42;-90.00;-0.00;0.50;0.019;-0.51;-1.03;-100.00;-100.00
86.895;1887;-0.97;0.42;265.27;-0.85;0.55;-90.00;-0.00;0.50;1053;0;0;0;0.46;0.39;0.00;0.00;-0.00;0.00;-0.00;0.00;-0.85;0.42;-90.00;-0.00;0.50;0.015;-0.51;-1.03;-100.00;-100.00
86.995;1895;-0.97;0.42;265.27;-0.85;0.55;-90.00;-0.00;0.50;1053;0;0;0;0.46;0.39;0.00;0.00;-0.00;0.00;-0.00;0.00;-0.85;0.42;-90.00;-0.00;0.50;0.013;-0.51;-1.03;-100.00;-100.00
87.095;1904;-0.97;0.42;265.27;-0.85;0.55;-90.00;-0.00;0.50;1053;0;0;0;0.46;0.39;0.00;0.00;-0.00;0.00;-0.00;0.00;-0.85;0.42;-90.00;-0.00;0.50;0.019;-0.51;-1.03;-100.00;-100.00
87.195;1914;-0.97;0.42;265.27;-0.85;0.55;-90.00;-0.00;0.50;1053;0;0;0;0.46;0.39;0.00;0.00;-0.00;0.00;-0.00;0.00;-0.85;0.42;-90.00;-0.00;0.50;0.011;-0.51;-1.03;-100.00;-100.00
87.295;1923;-0.97;0.41;265.27;-0.85;0.55;-90.00;-0.00;0.50;1053;0;0;0;0.46;0.39;0.00;0.00;-0.00;0.00;-0.00;0.00;-0.85;0.42;-90.00;-0.00;0.50;0.014;-0.51;-1.03;-100.00;-100.00
87.415;1938;-0.97;0.41;265.27;-0.85;0.55;-90.00;-0.00;0.50;1053;0;0;0;0.46;0.39;0.00;0.00;-0.00;0.00;-0.00;0.00;-0.85;0.42;-90.00;-0.00;0.50;0.030;-0.51;-1.03;-100.00;-100.00
87.505;1946;-0.97;0.41;265.27;-0.85;0.55;-90.00;-0.00;0.50;1053;0;0;0;0.46;0.39;0.00;0.00;-0.00;0.00;-0.00;0.00;-0.85;0.42;-90.00;-0.00;0.50;0.017;-0.51;-1.03;-100.00;-100.00
87.595;1957;-0.97;0.41;265.27;-0.85;0.55;-90.00;-0.00;0.50;1053;0;0;0;0.46;0.39;0.00;0.00;-0.00;0.00;-0.00;0.00;-0.85;0.42;-90.00;-0.00;0.50;0.013;-0.51;-1.03;-100.00;-100.00
87.715;1965;-0.97;0.41;265.28;-0.85;0.55;-90.00;-0.00;0.50;1053;0;0;0;0.46;0.39;0.00;0.00;-0.00;0.00;-0.00;0.00;-0.85;0.42;-90.00;-0.00;0.50;0.030;-0.51;-1.03;-100.00;-100.00
87.805;1974;-0.97;0.41;265.28;-0.85;0.55;-90.00;-0.00;0.50;1053;0;0;0;0.46;0.39;0.00;0.00;-0.00;0.00;-0.00;0.00;-0.85;0.42;-90.00;-0.00;0.50;0.014;-0.51;-1.03;-100.00;-100.00
87.905;1984;-0.97;0.41;265.28;-0.85;0.55;-90.00;-0.00;0.50;1053;0;0;0;0.46;0.39;0.00;0.00;-0.00;0.00;-0.00;0.00;-0.85;0.42;-90.00;-0.00;0.50;0.022;-0.51;-1.03;-100.00;-100.00
88.005;1998;-0.97;0.41;265.28;-0.85;0.55;-90.00;-0.00;0.50;1053;0;0;0;0.46;0.39;0.00;0.00;-0.00;0.00;-0.00;0.00;-0.85;0.42;-90.00;-0.00;0.50;0.019;-0.51;-1.03;-100.00;-100.00
88.115;2007;-0.97;0.41;265.28;-0.85;0.55;-90.00;-0.00;0.50;1053;0;1;0;0.46;0.39;0.00;0.00;-0.00;0.00;-0.00;0.00;-0.85;0.42;-90.00;-0.00;0.50;0.017;-0.51;-1.03;-100.00;-100.00
88.195;2017;-0.97;0.41;265.28;-0.85;0.55;-90.00;-0.00;0.50;1053;0;0;0;0.46;0.39;0.00;0.00;-0.00;0.00;-0.00;0.00;-0.85;0.42;-90.00;-0.00;0.50;0.012;-0.52;-1.03;-100.00;-100.00
88.295;2026;-0.97;0.41;265.28;-0.85;0.55;-90.00;-0.00;0.50;1053;0;0;0;0.46;0.39;0.00;0.00;-0.00;0.00;-0.00;0.00;-0.85;0.42;-90.00;-0.00;0.50;0.017;-0.52;-1.03;-100.00;-100.00
88.405;2035;-0.97;0.41;265.28;-0.85;0.55;-90.00;-0.00;0.50;1053;0;0;0;0.46;0.39;0.00;0.00;-0.00;0.00;-0.00;0.00;-0.85;0.42;-90.00;-0.00;0.50;0.023;-0.52;-1.03;-100.00;-100.00
88.515;2045;-0.97;0.41;265.28;-0.85;0.55;-90.00;-0.00;0.50;1053;0;0;0;0.46;0.39;0.00;0.00;-0.00;0.00;-0.00;0.00;-0.85;0.42;-90.00;-0.00;0.50;0.024;-0.52;-1.03;-100.00;-100.00
88.595;2056;-0.97;0.41;265.28;-0.85;0.55;-90.00;-0.00;0.50;1053;0;0;0;0.46;0.39;0.00;0.00;-0.00;0.00;-0.00;0.00;-0.85;0.42;-90.00;-0.00;0.50;0.013;-0.52;-1.03;-100.00;-100.00
88.705;2064;-0.97;0.41;265.28;-0.85;0.55;-90.00;-0.00;0.50;1053;0;0;0;0.46;0.39;0.00;0.00;-0.00;0.00;-0.00;0.00;-0.85;0.42;-90.00;-0.00;0.50;0.016;-0.52;-1.03;-100.00;-100.00
88.795;2075;-0.97;0.41;265.28;-0.85;0.55;-90.00;-0.00;0.50;1053;0;0;0;0.46;0.39;0.00;0.00;-0.00;0.00;-0.00;0.00;-0.85;0.42;-90.00;-0.00;0.50;0.013;-0.52;-1.03;-100.00;-100.00
88.895;2083;-0.97;0.41;265.28;-0.85;0.55;-90.00;-0.00;0.50;1053;0;0;0;0.46;0.39;0.00;0.00;-0.00;0.00;-0.00;0.00;-0.85;0.42;-90.00;-0.00;0.50;0.014;-0.52;-1.03;-100.00;-100.00
89.005;2098;-0.97;0.41;265.28;-0.85;0.55;-90.00;-0.00;0.50;1053;0;0;0;0.46;0.39;0.00;0.00;-0.00;0.00;-0.00;0.00;-0.85;0.42;-90.00;-0.00;0.50;0.027;-0.52;-1.03;-100.00;-100.00
89.115;2107;-0.97;0.41;265.28;-0.85;0.55;-90.00;-0.00;0.50;1053;0;0;0;0.46;0.39;0.00;0.00;-0.00;0.00;-0.00;0.00;-0.85;0.42;-90.00;-0.00;0.50;0.029;-0.52;-1.03;-100.00;-100.00
89.195;2113;-0.97;0.41;265.28;-0.85;0.55;-90.00;-0.00;0.50;1053;0;0;0;0.46;0.39;0.00;0.00;-0.00;0.00;-0.00;0.00;-0.85;0.42;-90.00;-0.00;0.50;0.011;-0.52;-1.03;-100.00;-100.00
89.315;2128;-0.97;0.41;265.28;-0.85;0.55;-90.00;-0.00;0.50;1053;0;0;0;0.46;0.39;0.00;0.00;-0.00;0.00;-0.00;0.00;-0.85;0.42;-90.00;-0.00;0.50;0.035;-0.52;-1.03;-100.00;-100.00
89.405;2136;-0.97;0.41;265.28;-0.85;0.55;-90.00;-0.00;0.50;1053;0;0;0;0.46;0.39;0.00;0.00;-0.00;0.00;-0.00;0.00;-0.85;0.42;-90.00;-0.00;0.50;0.018;-0.52;-1.03;-100.00;-100.00
89.495;2146;-0.97;0.41;265.28;-0.85;0.55;-90.00;-0.00;0.50;1053;0;0;0;0.46;0.39;0.00;0.00;-0.00;0.00;-0.00;0.00;-0.85;0.42;-90.00;-0.00;0.50;0.011;-0.52;-1.03;-100.00;-100.00
89.595;2156;-0.97;0.41;265.28;-0.85;0.55;-90.00;-0.00;0.50;1053;0;0;0;0.46;0.39;0.00;0.00;-0.00;0.00;-0.00;0.00;-0.85;0.42;-90.00;-0.00;0.50;0.014;-0.52;-1.03;-100.00;-100.00
89.705;2165;-0.97;0.41;265.28;-0.85;0.55;-90.00;-0.00;0.50;1053;0;0;0;0.46;0.39;0.00;0.00;-0.00;0.00;-0.00;0.00;-0.85;0.42;-90.00;-0.00;0.50;0.016;-0.52;-1.03;-100.00;-100.00
89.795;2176;-0.97;0.41;265.28;-0.85;0.55;-90.00;-0.00;0.50;1053;0;0;0;0.46;0.39;0.00;0.00;-0.00;0.00;-0.00;0.00;-0.85;0.42;-90.00;-0.00;0.50;0.016;-0.52;-1.03;-100.00;-100.00
89.895;2184;-0.97;0.41;265.28;-0.85;0.55;-90.00;-0.00;0.50;1053;0;0;0;0.46;0.39;0.00;0.00;-0.00;0.00;-0.00;0.00;-0.85;0.42;-90.00;-0.00;0.50;0.012;-0.52;-1.03;-100.00;-100.00
89.995;2193;-0.97;0.41;265.28;-0.85;0.55;-90.00;-0.00;0.50;1053;0;0;0;0.46;0.39;0.00;0.00;-0.00;0.00;-0.00;0.00;-0.85;0.42;-90.00;-0.00;0.50;0.013;-0.52;-1.03;-100.00;-100.00
90.125;2208;-0.97;0.41;265.28;-0.85;0.55;-90.00;-0.00;0.50;1053;0;1;0;0.46;0.39;0.00;0.00;-0.00;0.00;-0.00;0.00;-0.85;0.41;-90.00;-0.00;0.50;0.015;-0.51;-1.04;-100.00;-100.00
90.205;2217;-0.97;0.41;265.28;-0.85;0.55;-90.00;-0.00;0.50;1053;0;0;0;0.46;0.39;0.00;0.00;-0.00;0.00;-0.00;0.00;-0.85;0.41;-90.00;-0.00;0.50;0.021;-0.51;-1.04;-100.00;-100.00
90.315;2228;-0.97;0.41;265.28;-0.85;0.55;-90.00;-0.00;0.50;1053;0;0;0;0.46;0.39;0.00;0.00;-0.00;0.00;-0.00;0.00;-0.85;0.41;-90.00;-0.00;0.50;0.030;-0.52;-1.04;-100.00;-100.00
90.405;2237;-0.97;0.41;265.28;-0.85;0.55;-90.00;-0.00;0.50;1053;0;0;0;0.46;0.39;0.00;0.00;-0.00;0.00;-0.00;0.00;-0.85;0.41;-90.00;-0.00;0.50;0.016;-0.52;-1.04;-100.00;-100.00
90.515;2247;-0.97;0.41;265.28;-0.85;0.55;-90.00;-0.00;0.50;1053;0;0;0;0.46;0.39;0.00;0.00;-0.00;0.00;-0.00;0.00;-0.85;0.41;-90.00;-0.00;0.50;0.032;-0.52;-1.04;-100.00;-100.00
90.605;2255;-0.97;0.41;265.28;-0.85;0.55;-90.00;-0.00;0.50;1053;0;0;0;0.46;0.39;0.00;0.00;-0.00;0.00;-0.00;0.00;-0.85;0.41;-90.00;-0.00;0.50;0.018;-0.52;-1.04;-100.00;-100.00
90.695;2264;-0.97;0.41;265.29;-0.85;0.55;-90.00;-0.00;0.50;1053;0;0;0;0.46;0.39;0.00;0.00;-0.00;0.00;-0.00;0.00;-0.85;0.41;-90.00;-0.00;0.50;0.013;-0.52;-1.04;-100.00;-100.00
90.805;2274;-0.97;0.41;265.29;-0.85;0.55;-90.00;-0.00;0.50;1053;0;0;0;0.46;0.39;0.00;0.00;-0.00;0.00;-0.00;0.00;-0.85;0.41;-90.00;-0.00;0.50;0.019;-0.52;-1.04;-100.00;-100.00
90.895;2285;-0.97;0.41;265.29;-0.85;0.55;-90.00;-0.00;0.50;1053;0;0;0;0.46;0.39;0.00;0.00;-0.00;0.00;-0.00;0.00;-0.85;0.41;-90.00;-0.00;0.50;0.011;-0.52;-1.04;-100.00;-100.00
90.995;2294;-0.97;0.41;265.29;-0.85;0.55;-90.00;-0.00;0.50;1053;0;0;0;0.46;0.39;0.00;0.00;-0.00;0.00;-0.00;0.00;-0.85;0.41;-90.00;-0.00;0.50;0.013;-0.52;-1.04;-100.00;-100.00
91.115;2308;-0.97;0.41;265.29;-0.85;0.55;-90.00;-0.00;0.50;1053;0;0;0;0.46;0.39;0.00;0.00;-0.00;0.00;-0.00;0.00;-0.85;0.41;-90.00;-0.00;0.50;0.029;-0.52;-1.04;-100.00;-100.00
91.195;2313;-0.97;0.41;265.29;-0.85;0.55;-90.00;-0.00;0.50;1053;0;0;0;0.46;0.39;0.00;0.00;-0.00;0.00;-0.00;0.00;-0.85;0.41;-90.00;-0.00;0.50;0.011;-0.52;-1.04;-100.00;-100.00
91.305;2323;-0.97;0.41;265.29;-0.85;0.55;-90.00;-0.00;0.50;1053;0;0;0;0.46;0.39;0.00;0.00;-0.00;0.00;-0.00;0.00;-0.85;0.41;-90.00;-0.00;0.50;0.016;-0.52;-1.04;-100.00;-100.00
91.395;2334;-0.97;0.41;265.29;-0.85;0.55;-90.00;-0.00;0.50;1053;0;0;0;0.46;0.39;0.00;0.00;-0.00;0.00;-0.00;0.00;-0.85;0.41;-90.00;-0.00;0.50;0.012;-0.52;-1.04;-100.00;-100.00
91.495;2347;-0.97;0.41;265.29;-0.85;0.55;-90.00;-0.00;0.50;1053;0;0;0;0.46;0.39;0.00;0.00;-0.00;0.00;-0.00;0.00;-0.85;0.41;-90.00;-0.00;0.50;0.012;-0.52;-1.04;-100.00;-100.00
91.605;2357;-0.97;0.41;265.29;-0.85;0.55;-90.00;-0.00;0.50;1053;0;0;0;0.46;0.39;0.00;0.00;-0.00;0.00;-0.00;0.00;-0.85;0.41;-90.00;-0.00;0.50;0.018;-0.52;-1.04;-100.00;-100.00
91.695;2366;-0.97;0.41;265.29;-0.85;0.55;-90.00;-0.00;0.50;1053;0;0;0;0.46;0.39;0.00;0.00;-0.00;0.00;-0.00;0.00;-0.85;0.41;-90.00;-0.00;0.50;0.012;-0.52;-1.04;-100.00;-100.00
91.805;2376;-0.97;0.41;265.29;-0.85;0.55;-90.00;-0.00;0.50;1053;0;0;0;0.46;0.39;0.00;0.00;-0.00;0.00;-0.00;0.00;-0.85;0.41;-90.00;-0.00;0.50;0.014;-0.52;-1.04;-100.00;-100.00
91.915;2384;-0.97;0.41;265.29;-0.85;0.55;-90.00;-0.00;0.50;1053;0;0;0;0.46;0.39;0.00;0.00;-0.00;0.00;-0.00;0.00;-0.85;0.41;-90.00;-0.00;0.50;0.027;-0.52;-1.04;-100.00;-100.00
92.015;2399;-0.97;0.41;265.29;-0.85;0.55;-90.00;-0.00;0.50;1053;0;0;0;0.46;0.39;0.00;0.00;-0.00;0.00;-0.00;0.00;-0.85;0.41;-90.00;-0.00;0.50;0.028;-0.52;-1.04;-100.00;-100.00
92.125;2408;-0.97;0.41;265.29;-0.85;0.55;-90.00;-0.00;0.50;1053;0;1;0;0.46;0.39;0.00;0.00;-0.00;0.00;-0.00;0.00;-0.85;0.41;-90.00;-0.00;0.50;0.020;-0.52;-1.04;-100.00;-100.00
92.205;2417;-0.97;0.41;265.29;-0.85;0.55;-90.00;-0.00;0.50;1053;0;0;0;0.46;0.39;0.00;0.00;-0.00;0.00;-0.00;0.00;-0.85;0.41;-90.00;-0.00;0.50;0.017;-0.52;-1.04;-100.00;-100.00
92.305;2427;-0.97;0.41;265.29;-0.85;0.55;-90.00;-0.00;0.50;1053;0;0;0;0.46;0.39;0.00;0.00;-0.00;0.00;-0.00;0.00;-0.85;0.41;-90.00;-0.00;0.50;0.020;-0.52;-1.04;-100.00;-100.00
92.405;2436;-0.97;0.41;265.29;-0.85;0.55;-90.00;-0.00;0.50;1053;0;0;0;0.46;0.39;0.00;0.00;-0.00;0.00;-0.00;0.00;-0.85;0.41;-90.00;-0.00;0.50;0.013;-0.52;-1.04;-100.00;-100.00
92.495;2446;-0.97;0.41;265.29;-0.85;0.55;-90.00;-0.00;0.50;1053;0;0;0;0.46;0.39;0.00;0.00;-0.00;0.00;-0.00;0.00;-0.85;0.41;-90.00;-0.00;0.50;0.014;-0.52;-1.04;-100.00;-100.00
92.605;2455;-0.97;0.41;265.29;-0.85;0.55;-90.00;-0.00;0.50;1053;0;0;0;0.46;0.39;0.00;0.00;-0.00;0.00;-0.00;0.00;-0.85;0.41;-90.00;-0.00;0.50;0.022;-0.52;-1.04;-100.00;-100.00
92.705;2464;-0.97;0.41;265.29;-0.85;0.55;-90.00;-0.00;0.50;1053;0;0;0;0.46;0.39;0.00;0.00;-0.00;0.00;-0.00;0.00;-0.85;0.41;-90.00;-0.00;0.50;0.018;-0.52;-1.04;-100.00;-100.00
92.795;2474;-0.97;0.41;265.29;-0.85;0.55;-90.00;-0.00;0.50;1053;0;0;0;0.46;0.39;0.00;0.00;-0.00;0.00;-0.00;0.00;-0.85;0.41;-90.00;-0.00;0.50;0.012;-0.52;-1.04;-100.00;-100.00
92.895;2484;-0.97;0.41;265.29;-0.85;0.55;-90.00;-0.00;0.50;1053;0;0;0;0.46;0.39;0.00;0.00;-0.00;0.00;-0.00;0.00;-0.85;0.41;-90.00;-0.00;0.50;0.017;-0.52;-1.04;-100.00;-100.00
93.005;2498;-0.97;0.41;265.29;-0.85;0.55;-90.00;-0.00;0.50;1053;0;0;0;0.46;0.39;0.00;0.00;-0.00;0.00;-0.00;0.00;-0.85;0.41;-90.00;-0.00;0.50;0.025;-0.52;-1.04;-100.00;-100.00
93.105;2507;-0.97;0.41;265.29;-0.85;0.55;-90.00;-0.00;0.50;1053;0;0;0;0.46;0.39;0.00;0.00;-0.00;0.00;-0.00;0.00;-0.85;0.41;-90.00;-0.00;0.50;0.014;-0.52;-1.04;-100.00;-100.00
93.195;2516;-0.97;0.41;265.29;-0.85;0.55;-90.00;-0.00;0.50;1053;0;0;0;0.46;0.39;0.00;0.00;-0.00;0.00;-0.00;0.00;-0.85;0.41;-90.00;-0.00;0.50;0.014;-0.52;-1.04;-100.00;-100.00
93.295;2526;-0.97;0.41;265.29;-0.85;0.55;-90.00;-0.00;0.50;1053;0;0;0;0.46;0.39;0.00;0.00;-0.00;0.00;-0.00;0.00;-0.85;0.41;-90.00;-0.00;0.50;0.012;-0.52;-1.04;-100.00;-100.00
93.395;2535;-0.97;0.41;265.29;-0.85;0.55;-90.00;-0.00;0.50;1053;0;0;0;0.46;0.39;0.00;0.00;-0.00;0.00;-0.00;0.00;-0.85;0.41;-90.00;-0.00;0.50;0.017;-0.52;-1.04;-100.00;-100.00
93.495;2544;-0.97;0.41;265.29;-0.85;0.55;-90.00;-0.00;0.50;1053;0;0;0;0.46;0.39;0.00;0.00;-0.00;0.00;-0.00;0.00;-0.85;0.41;-90.00;-0.00;0.50;0.018;-0.52;-1.04;-100.00;-100.00
93.595;2554;-0.97;0.41;265.29;-0.85;0.55;-90.00;-0.00;0.50;1053;0;0;0;0.46;0.39;0.00;0.00;-0.00;0.00;-0.00;0.00;-0.85;0.41;-90.00;-0.00;0.50;0.012;-0.52;-1.04;-100.00;-100.00
93.705;2565;-0.97;0.41;265.29;-0.85;0.55;-90.00;-0.00;0.50;1053;0;0;0;0.46;0.39;0.00;0.00;-0.00;0.00;-0.00;0.00;-0.85;0.41;-90.00;-0.00;0.50;0.026;-0.52;-1.04;-100.00;-100.00
93.805;2578;-0.97;0.41;265.29;-0.85;0.55;-90.00;-0.00;0.50;1053;0;0;0;0.46;0.39;0.00;0.00;-0.00;0.00;-0.00;0.00;-0.85;0.41;-90.00;-0.00;0.50;0.024;-0.52;-1.04;-100.00;-100.00
93.895;2584;-0.97;0.41;265.30;-0.85;0.55;-90.00;-0.00;0.50;1053;0;0;0;0.46;0.39;0.00;0.00;-0.00;0.00;-0.00;0.00;-0.85;0.41;-90.00;-0.00;0.50;0.011;-0.52;-1.04;-100.00;-100.00
94.025;2597;-0.97;0.41;265.30;-0.85;0.55;-90.00;-0.00;0.50;1053;0;0;0;0.46;0.39;0.00;0.00;-0.00;0.00;-0.00;0.00;-0.85;0.41;-90.00;-0.00;0.50;0.040;-0.52;-1.04;-100.00;-100.00
94.125;2608;-0.97;0.41;265.30;-0.85;0.55;-90.00;-0.00;0.50;1053;0;1;0;0.46;0.39;0.00;0.00;-0.00;0.00;-0.00;0.00;-0.85;0.41;-90.00;-0.00;0.50;0.016;-0.52;-1.04;-100.00;-100.00
94.205;2616;-0.97;0.41;265.30;-0.85;0.55;-90.00;-0.00;0.50;1053;0;0;0;0.46;0.39;0.00;0.00;-0.00;0.00;-0.00;0.00;-0.85;0.41;-90.00;-0.00;0.50;0.019;-0.52;-1.04;-100.00;-100.00
94.305;2625;-0.97;0.41;265.30;-0.85;0.55;-90.00;-0.00;0.50;1053;0;0;0;0.46;0.39;0.00;0.00;-0.00;0.00;-0.00;0.00;-0.85;0.41;-90.00;-0.00;0.50;0.017;-0.52;-1.04;-100.00;-100.00
94.395;2635;-0.97;0.41;265.30;-0.85;0.55;-90.00;-0.00;0.50;1053;0;0;0;0.46;0.39;0.00;0.00;-0.00;0.00;-0.00;0.00;-0.85;0.41;-90.00;-0.00;0.50;0.015;-0.52;-1.04;-100.00;-100.00
94.495;2644;-0.97;0.41;265.30;-0.85;0.55;-90.00;-0.00;0.50;1053;0;0;0;0.46;0.39;0.00;0.00;-0.00;0.00;-0.00;0.00;-0.85;0.41;-90.00;-0.00;0.50;0.014;-0.52;-1.04;-100.00;-100.00
94.615;2659;-0.97;0.41;265.30;-0.85;0.55;-90.00;-0.00;0.50;1053;0;0;0;0.46;0.39;0.00;0.00;-0.00;0.00;-0.00;0.00;-0.85;0.41;-90.00;-0.00;0.50;0.027;-0.52;-1.04;-100.00;-100.00
94.715;2668;-0.97;0.41;265.30;-0.85;0.55;-90.00;-0.00;0.50;1053;0;0;0;0.46;0.39;0.00;0.00;-0.00;0.00;-0.00;0.00;-0.85;0.41;-90.00;-0.00;0.50;0.027;-0.52;-1.04;-100.00;-100.00
94.795;2677;-0.97;0.41;265.30;-0.85;0.55;-90.00;-0.00;0.50;1053;0;0;0;0.46;0.39;0.00;0.00;-0.00;0.00;-0.00;0.00;-0.85;0.41;-90.00;-0.00;0.50;0.013;-0.52;-1.04;-100.00;-100.00
94.895;2687;-0.97;0.41;265.30;-0.85;0.55;-90.00;-0.00;0.50;1053;0;0;0;0.46;0.39;0.00;0.00;-0.00;0.00;-0.00;0.00;-0.85;0.41;-90.00;-0.00;0.50;0.016;-0.52;-1.04;-100.00;-100.00
95.015;2696;-0.97;0.41;265.30;-0.85;0.55;-90.00;-0.00;0.50;1053;0;0;0;0.46;0.39;0.00;0.00;-0.00;0.00;-0.00;0.00;-0.85;0.41;-90.00;-0.00;0.50;0.028;-0.52;-1.04;-100.00;-100.00
95.105;2705;-0.97;0.41;265.30;-0.85;0.55;-90.00;-0.00;0.50;1053;0;0;0;0.46;0.39;0.00;0.00;-0.00;0.00;-0.00;0.00;-0.85;0.41;-90.00;-0.00;0.50;0.022;-0.52;-1.04;-100.00;-100.00
95.215;2716;-0.97;0.41;265.30;-0.85;0.55;-90.00;-0.00;0.50;1053;0;0;0;0.46;0.39;0.00;0.00;-0.00;0.00;-0.00;0.00;-0.85;0.41;-90.00;-0.00;0.50;0.022;-0.52;-1.04;-100.00;-100.00
95.315;2724;-0.97;0.41;265.30;-0.85;0.55;-90.00;-0.00;0.50;1053;0;0;0;0.46;0.39;0.00;0.00;-0.00;0.00;-0.00;0.00;-0.85;0.41;-90.00;-0.00;0.50;0.031;-0.52;-1.04;-100.00;-100.00
95.395;2735;-0.97;0.41;265.30;-0.85;0.55;-90.00;-0.00;0.50;1053;0;0;0;0.46;0.39;0.00;0.00;-0.00;0.00;-0.00;0.00;-0.85;0.41;-90.00;-0.00;0.50;0.012;-0.52;-1.04;-100.00;-100.00
95.505;2748;-0.97;0.41;265.30;-0.85;0.55;-90.00;-0.00;0.50;1053;0;0;0;0.46;0.39;0.00;0.00;-0.00;0.00;-0.00;0.00;-0.85;0.41;-90.00;-0.00;0.50;0.019;-0.52;-1.04;-100.00;-100.00
95.605;2757;-0.97;0.41;265.30;-0.85;0.55;-90.00;-0.00;0.50;1053;0;0;0;0.46;0.39;0.00;0.00;-0.00;0.00;-0.00;0.00;-0.85;0.41;-90.00;-0.00;0.50;0.017;-0.52;-1.04;-100.00;-100.00
95.695;2767;-0.97;0.41;265.30;-0.85;0.55;-90.00;-0.00;0.50;1053;0;0;0;0.46;0.39;0.00;0.00;-0.00;0.00;-0.00;0.00;-0.85;0.41;-90.00;-0.00;0.50;0.015;-0.52;-1.04;-100.00;-100.00
95.795;2776;-0.97;0.41;265.30;-0.85;0.55;-90.00;-0.00;0.50;1053;0;0;0;0.46;0.39;0.00;0.00;-0.00;0.00;-0.00;0.00;-0.85;0.41;-90.00;-0.00;0.50;0.014;-0.52;-1.04;-100.00;-100.00
95.895;2785;-0.97;0.41;265.30;-0.85;0.55;-90.00;-0.00;0.50;1053;0;0;0;0.46;0.39;0.00;0.00;-0.00;0.00;-0.00;0.00;-0.85;0.41;-90.00;-0.00;0.50;0.012;-0.52;-1.04;-100.00;-100.00
95.995;2795;-0.97;0.40;265.30;-0.85;0.55;-90.00;-0.00;0.50;1053;0;0;0;0.46;0.39;0.00;0.00;-0.00;0.00;-0.00;0.00;-0.85;0.41;-90.00;-0.00;0.50;0.012;-0.52;-1.04;-100.00;-100.00
96.115;2809;-0.97;0.40;265.30;-0.85;0.55;-90.00;-0.00;0.50;1053;0;1;0;0.46;0.39;0.00;0.00;-0.00;0.00;-0.00;0.00;-0.85;0.41;-90.00;-0.00;0.50;0.015;-0.52;-1.04;-100.00;-100.00
96.195;2814;-0.97;0.40;265.30;-0.85;0.55;-90.00;-0.00;0.50;1053;0;0;0;0.46;0.39;0.00;0.00;-0.00;0.00;-0.00;0.00;-0.85;0.41;-90.00;-0.00;0.50;0.011;-0.52;-1.04;-100.00;-100.00
96.295;2823;-0.97;0.40;265.30;-0.85;0.55;-90.00;-0.00;0.50;1053;0;0;0;0.46;0.39;0.00;0.00;-0.00;0.00;-0.00;0.00;-0.85;0.41;-90.00;-0.00;0.50;0.011;-0.52;-1.04;-100.00;-100.00
96.405;2837;-0.97;0.40;265.30;-0.85;0.55;-90.00;-0.00;0.50;1053;0;0;0;0.46;0.39;0.00;0.00;-0.00;0.00;-0.00;0.00;-0.85;0.41;-90.00;-0.00;0.50;0.021;-0.52;-1.04;-100.00;-100.00
96.495;2847;-0.97;0.40;265.30;-0.85;0.55;-90.00;-0.00;0.50;1053;0;0;0;0.46;0.39;0.00;0.00;-0.00;0.00;-0.00;0.00;-0.85;0.41;-90.00;-0.00;0.50;0.016;-0.52;-1.04;-100.00;-100.00
96.595;2856;-0.97;0.40;265.30;-0.85;0.55;-90.00;-0.00;0.50;1053;0;0;0;0.46;0.39;0.00;0.00;-0.00;0.00;-0.00;0.00;-0.85;0.41;-90.00;-0.00;0.50;0.015;-0.52;-1.04;-100.00;-100.00
96.705;2867;-0.97;0.40;265.30;-0.85;0.55;-90.00;-0.00;0.50;1053;0;0;0;0.46;0.39;0.00;0.00;-0.00;0.00;-0.00;0.00;-0.85;0.41;-90.00;-0.00;0.50;0.025;-0.52;-1.04;-100.00;-100.00
96.815;2875;-0.97;0.40;265.30;-0.85;0.55;-90.00;-0.00;0.50;1053;0;0;0;0.46;0.39;0.00;0.00;-0.00;0.00;-0.00;0.00;-0.85;0.41;-90.00;-0.00;0.50;0.022;-0.52;-1.04;-100.00;-100.00
96.895;2886;-0.97;0.40;265.30;-0.85;0.55;-90.00;-0.00;0.50;1053;0;0;0;0.46;0.39;0.00;0.00;-0.00;0.00;-0.00;0.00;-0.85;0.41;-90.00;-0.00;0.50;0.011;-0.52;-1.04;-100.00;-100.00
96.995;2894;-0.97;0.40;265.30;-0.85;0.55;-90.00;-0.00;0.50;1053;0;0;0;0.46;0.39;0.00;0.00;-0.00;0.00;-0.00;0.00;-0.85;0.41;-90.00;-0.00;0.50;0.014;-0.52;-1.04;-100.00;-100.00
97.105;2908;-0.97;0.40;265.30;-0.85;0.55;-90.00;-0.00;0.50;1053;0;0;0;0.46;0.39;0.00;0.00;-0.00;0.00;-0.00;0.00;-0.85;0.41;-90.00;-0.00;0.50;0.020;-0.52;-1.04;-100.00;-100.00
97.205;2917;-0.97;0.40;265.31;-0.85;0.55;-90.00;-0.00;0.50;1053;0;0;0;0.46;0.39;0.00;0.00;-0.00;0.00;-0.00;0.00;-0.85;0.41;-90.00;-0.00;0.50;0.020;-0.52;-1.04;-100.00;-100.00
97.325;2926;-0.97;0.40;265.31;-0.85;0.55;-90.00;-0.00;0.50;1053;0;0;0;0.46;0.39;0.00;0.00;-0.00;0.00;-0.00;0.00;-0.85;0.41;-90.00;-0.00;0.50;0.046;-0.52;-1.04;-100.00;-100.00
97.395;2937;-0.97;0.40;265.31;-0.85;0.55;-90.00;-0.00;0.50;1053;0;0;0;0.46;0.39;0.00;0.00;-0.00;0.00;-0.00;0.00;-0.85;0.41;-90.00;-0.00;0.50;0.016;-0.52;-1.04;-100.00;-100.00
97.515;2945;-0.97;0.40;265.31;-0.85;0.55;-90.00;-0.00;0.50;1053;0;0;0;0.46;0.39;0.00;0.00;-0.00;0.00;-0.00;0.00;-0.85;0.41;-90.00;-0.00;0.50;0.026;-0.52;-1.04;-100.00;-100.00
97.605;2956;-0.97;0.40;265.31;-0.85;0.55;-90.00;-0.00;0.50;1053;0;0;0;0.46;0.39;0.00;0.00;-0.00;0.00;-0.00;0.00;-0.85;0.41;-90.00;-0.00;0.50;0.027;-0.52;-1.04;-100.00;-100.00
97.695;2964;-0.97;0.40;265.30;-0.85;0.55;-90.00;-0.00;0.50;1053;0;0;0;0.46;0.39;0.00;0.00;-0.01;0.04;-0.03;-0.01;-0.85;0.41;-90.00;-0.00;0.50;0.015;-0.52;-1.04;-100.00;-100.00
97.805;2975;-0.97;0.40;265.29;-0.85;0.55;-90.00;-0.00;0.50;1053;0;0;0;0.46;0.39;0.00;-0.01;0.01;-0.00;0.01;-0.00;-0.85;0.41;-90.00;-0.00;0.50;0.025;-0.52;-1.04;-100.00;-100.00
97.895;2983;-0.97;0.40;265.30;-0.85;0.55;-90.00;-0.00;0.50;1053;0;0;0;0.46;0.39;0.00;-0.01;0.01;0.00;0.02;-0.00;-0.85;0.41;-90.00;-0.00;0.50;0.015;-0.52;-1.04;-100.00;-100.00
98.005;2997;-0.97;0.40;265.29;-0.85;0.55;-90.00;-0.00;0.50;1053;0;0;0;0.46;0.39;0.00;0.00;0.00;-0.00;-0.00;0.00;-0.85;0.41;-90.00;-0.00;0.50;0.018;-0.52;-1.04;-100.00;-100.00
98.125;3007;-0.97;0.40;265.29;-0.85;0.55;-90.00;-0.00;0.50;1053;0;1;0;0.46;0.39;0.00;-0.00;-0.00;-0.00;0.00;0.00;-0.85;0.41;-90.00;-0.00;0.50;0.013;-0.52;-1.04;-100.00;-100.00
98.195;3015;-0.97;0.40;265.29;-0.85;0.55;-90.00;-0.00;0.50;1053;0;0;0;0.46;0.39;0.00;-0.00;-0.00;-0.00;0.00;0.00;-0.85;0.41;-90.00;-0.00;0.50;0.017;-0.52;-1.04;-100.00;-100.00
98.295;3026;-0.97;0.40;265.29;-0.85;0.55;-90.00;-0.00;0.50;1053;0;0;0;0.46;0.39;0.00;0.00;-0.00;-0.00;-0.00;0.00;-0.85;0.41;-90.00;-0.00;0.50;0.013;-0.52;-1.04;-100.00;-100.00
98.405;3034;-0.97;0.40;265.29;-0.85;0.55;-90.00;-0.00;0.50;1053;0;0;0;0.46;0.39;0.00;0.00;-0.00;-0.00;-0.00;0.00;-0.85;0.41;-90.00;-0.00;0.50;0.017;-0.52;-1.04;-100.00;-100.00
98.495;3044;-0.97;0.40;265.30;-0.85;0.55;-90.00;-0.00;0.50;1053;0;0;0;0.46;0.39;0.00;0.00;-0.00;-0.00;-0.00;0.00;-0.85;0.41;-90.00;-0.00;0.50;0.016;-0.52;-1.04;-100.00;-100.00
98.605;3058;-0.97;0.40;265.30;-0.85;0.55;-90.00;-0.00;0.50;1053;0;0;0;0.46;0.39;0.00;0.00;-0.00;-0.00;-0.00;0.00;-0.85;0.41;-90.00;-0.00;0.50;0.020;-0.52;-1.04;-100.00;-100.00
98.705;3067;-0.97;0.40;265.30;-0.85;0.55;-90.00;-0.00;0.50;1053;0;0;0;0.46;0.39;0.00;0.00;-0.00;-0.00;-0.00;0.00;-0.85;0.41;-90.00;-0.00;0.50;0.023;-0.52;-1.04;-100.00;-100.00
98.805;3077;-0.97;0.40;265.30;-0.85;0.55;-90.00;-0.00;0.50;1053;0;0;0;0.46;0.39;0.00;0.00;-0.00;-0.00;-0.00;0.00;-0.85;0.41;-90.00;-0.00;0.50;0.018;-0.52;-1.04;-100.00;-100.00
98.905;3087;-0.97;0.40;265.30;-0.85;0.55;-90.00;-0.00;0.50;1053;0;0;0;0.46;0.39;0.00;0.00;-0.00;-0.00;-0.00;0.00;-0.85;0.41;-90.00;-0.00;0.50;0.025;-0.52;-1.04;-100.00;-100.00
99.005;3096;-0.97;0.40;265.30;-0.85;0.55;-90.00;-0.00;0.50;1053;0;0;0;0.46;0.39;0.00;0.00;-0.00;-0.00;-0.00;0.00;-0.85;0.41;-90.00;-0.00;0.50;0.016;-0.52;-1.04;-100.00;-100.00
99.105;3106;-0.97;0.40;265.30;-0.85;0.55;-90.00;-0.00;0.50;1053;0;0;0;0.46;0.39;0.00;0.00;-0.00;-0.00;-0.00;0.00;-0.85;0.41;-90.00;-0.00;0.50;0.020;-0.52;-1.04;-100.00;-100.00
99.205;3117;-0.97;0.40;265.30;-0.85;0.55;-90.00;-0.00;0.50;1053;0;0;0;0.46;0.39;0.00;0.00;-0.00;-0.00;-0.00;0.00;-0.85;0.41;-90.00;-0.00;0.50;0.015;-0.52;-1.04;-100.00;-100.00
99.315;3125;-0.97;0.40;265.30;-0.85;0.55;-90.00;-0.00;0.50;1053;0;0;0;0.46;0.39;0.00;0.00;-0.00;-0.00;-0.00;0.00;-0.85;0.41;-90.00;-0.00;0.50;0.028;-0.52;-1.04;-100.00;-100.00
99.395;3134;-0.97;0.40;265.30;-0.85;0.55;-90.00;-0.00;0.50;1053;0;0;0;0.46;0.39;0.00;0.00;-0.00;-0.00;-0.00;0.00;-0.85;0.41;-90.00;-0.00;0.50;0.016;-0.52;-1.04;-100.00;-100.00
99.505;3145;-0.97;0.40;265.30;-0.85;0.55;-90.00;-0.00;0.50;1053;0;0;0;0.46;0.39;0.00;0.00;-0.00;-0.00;-0.00;0.00;-0.85;0.41;-90.00;-0.00;0.50;0.025;-0.52;-1.04;-100.00;-100.00
99.605;3158;-0.97;0.40;265.30;-0.85;0.55;-90.00;-0.00;0.50;1053;0;0;0;0.46;0.39;0.00;0.00;-0.00;-0.00;-0.00;0.00;-0.85;0.41;-90.00;-0.00;0.50;0.023;-0.52;-1.04;-100.00;-100.00
99.715;3168;-0.97;0.40;265.30;-0.85;0.55;-90.00;-0.00;0.50;1053;0;0;0;0.46;0.39;0.00;0.00;-0.00;-0.00;-0.00;0.00;-0.85;0.41;-90.00;-0.00;0.50;0.036;-0.52;-1.04;-100.00;-100.00
99.805;3177;-0.97;0.40;265.30;-0.85;0.55;-90.00;-0.00;0.50;1053;0;0;0;0.46;0.39;0.00;0.00;-0.00;-0.00;-0.00;0.00;-0.85;0.41;-90.00;-0.00;0.50;0.025;-0.52;-1.04;-100.00;-100.00
99.915;3188;-0.97;0.40;265.30;-0.85;0.55;-90.00;-0.00;0.50;1053;0;0;0;0.46;0.39;0.00;0.00;-0.00;-0.00;-0.00;0.00;-0.85;0.41;-90.00;-0.00;0.50;0.035;-0.52;-1.04;-100.00;-100.00
100.005;3196;-0.97;0.40;265.30;-0.85;0.55;-90.00;-0.00;0.50;1053;0;0;0;0.46;0.39;0.00;0.00;-0.00;-0.00;-0.00;0.00;-0.85;0.41;-90.00;-0.00;0.50;0.021;-0.52;-1.04;-100.00;-100.00
100.125;3207;-0.97;0.40;265.30;-0.85;0.55;-90.00;-0.00;0.50;1053;0;1;0;0.46;0.39;0.00;0.00;-0.00;-0.00;-0.00;0.00;-0.85;0.41;-90.00;-0.00;0.50;0.019;-0.52;-1.04;-100.00;-100.00
100.205;3215;-0.97;0.40;265.30;-0.85;0.55;-90.00;-0.00;0.50;1053;0;0;0;0.46;0.39;0.00;0.00;-0.00;-0.00;-0.00;0.00;-0.85;0.41;-90.00;-0.00;0.50;0.018;-0.52;-1.04;-100.00;-100.00
100.325;3230;-0.97;0.40;265.30;-0.85;0.55;-90.00;-0.00;0.50;1053;0;0;0;0.46;0.39;0.00;0.00;-0.00;-0.00;-0.00;0.00;-0.85;0.41;-90.00;-0.00;0.50;0.039;-0.52;-1.05;-100.00;-100.00
100.405;3234;-0.97;0.40;265.30;-0.85;0.55;-90.00;-0.00;0.50;1053;0;0;0;0.46;0.39;0.00;0.00;-0.00;-0.00;-0.00;0.00;-0.85;0.41;-90.00;-0.00;0.50;0.024;-0.52;-1.05;-100.00;-100.00
100.525;3249;-0.97;0.40;265.30;-0.85;0.55;-90.00;-0.00;0.50;1053;0;0;0;0.46;0.39;0.00;0.00;-0.00;-0.00;-0.00;0.00;-0.85;0.41;-90.00;-0.00;0.50;0.041;-0.52;-1.05;-100.00;-100.00
100.625;3257;-0.97;0.40;265.30;-0.85;0.55;-90.00;-0.00;0.50;1053;0;0;0;0.46;0.39;0.00;0.00;-0.00;-0.00;-0.00;0.00;-0.85;0.39;-90.00;-0.00;0.50;0.033;-0.52;-1.05;-100.00;-100.00
100.715;3268;-0.97;0.40;265.30;-0.85;0.55;-90.00;-0.00;0.50;1053;0;0;0;0.46;0.39;0.00;0.00;-0.00;-0.00;-0.00;0.00;-0.85;0.39;-90.00;-0.00;0.50;0.024;-0.52;-1.05;-100.00;-100.00
100.825;3277;-0.97;0.40;265.30;-0.85;0.55;-90.00;-0.00;0.50;1053;0;0;0;0.46;0.39;0.00;0.00;-0.00;-0.00;-0.00;0.00;-0.85;0.39;-90.00;-0.00;0.50;0.040;-0.52;-1.05;-100.00;-100.00
100.915;3287;-0.97;0.40;265.30;-0.85;0.55;-90.00;-0.00;0.50;1053;0;0;0;0.46;0.39;0.00;0.00;-0.00;-0.00;-0.00;0.00;-0.85;0.39;-90.00;-0.00;0.50;0.023;-0.52;-1.05;-100.00;-100.00
101.005;3295;-0.97;0.40;265.30;-0.85;0.55;-90.00;-0.00;0.50;1053;0;0;0;0.46;0.39;0.00;0.00;-0.00;-0.00;-0.00;0.00;-0.85;0.39;-90.00;-0.00;0.50;0.020;-0.52;-1.05;-100.00;-100.00
101.125;3309;-0.97;0.40;265.30;-0.85;0.55;-90.00;-0.00;0.50;1053;0;0;0;0.46;0.39;0.00;0.00;-0.00;-0.00;-0.00;0.00;-0.85;0.39;-90.00;-0.00;0.50;0.044;-0.52;-1.05;-100.00;-100.00
101.205;3314;-0.97;0.40;265.30;-0.85;0.55;-90.00;-0.00;0.50;1053;0;0;0;0.46;0.39;0.00;0.00;-0.00;-0.00;-0.00;0.00;-0.85;0.39;-90.00;-0.00;0.50;0.020;-0.52;-1.05;-100.00;-100.00
101.305;3324;-0.97;0.40;265.31;-0.85;0.55;-90.00;-0.00;0.50;1053;0;0;0;0.46;0.39;0.00;0.00;-0.00;-0.00;-0.00;0.00;-0.85;0.39;-90.00;-0.00;0.50;0.015;-0.52;-1.05;-100.00;-100.00
101.415;3335;-0.97;0.40;265.31;-0.85;0.55;-90.00;-0.00;0.50;1053;0;0;0;0.46;0.39;0.00;0.00;-0.00;-0.00;-0.00;0.00;-0.85;0.39;-90.00;-0.00;0.50;0.025;-0.52;-1.05;-100.00;-100.00
101.505;3347;-0.97;0.40;265.31;-0.85;0.55;-90.00;-0.00;0.50;1053;0;0;0;0.46;0.39;0.00;0.00;-0.00;-0.00;-0.00;0.00;-0.85;0.39;-90.00;-0.00;0.50;0.027;-0.52;-1.05;-100.00;-100.00
101.625;3357;-0.97;0.40;265.31;-0.85;0.55;-90.00;-0.00;0.50;1053;0;0;0;0.46;0.39;0.00;0.00;-0.00;-0.00;-0.00;0.00;-0.85;0.39;-90.00;-0.00;0.50;0.043;-0.52;-1.05;-100.00;-100.00
101.725;3367;-0.97;0.40;265.31;-0.85;0.55;-90.00;-0.00;0.50;1053;0;0;0;0.46;0.39;0.00;0.00;-0.00;-0.00;-0.00;0.00;-0.85;0.39;-90.00;-0.00;0.50;0.033;-0.52;-1.05;-100.00;-100.00
101.835;3380;-0.97;0.40;265.31;-0.85;0.55;-90.00;-0.00;0.50;1053;0;0;0;0.46;0.39;0.00;0.00;-0.00;-0.00;-0.00;0.00;-0.85;0.39;-90.00;-0.00;0.50;0.043;-0.52;-1.05;-100.00;-100.00
101.905;3386;-0.97;0.40;265.31;-0.85;0.55;-90.00;-0.00;0.50;1053;0;0;0;0.46;0.39;0.00;0.00;-0.00;-0.00;-0.00;0.00;-0.85;0.39;-90.00;-0.00;0.50;0.019;-0.52;-1.05;-100.00;-100.00
102.025;3399;-0.97;0.40;265.31;-0.85;0.55;-90.00;-0.00;0.50;1053;0;0;0;0.46;0.39;0.00;0.00;-0.00;-0.00;-0.00;0.00;-0.85;0.39;-90.00;-0.00;0.50;0.042;-0.52;-1.05;-100.00;-100.00
102.155;3409;-0.97;0.40;265.31;-0.85;0.25;-90.00;-0.00;0.50;1052;0;1;0;0.46;0.39;0.00;0.00;-0.00;-0.00;-0.00;0.00;-0.85;0.39;-90.00;-0.00;0.50;0.025;-0.52;-1.05;-100.00;-100.00
102.195;3413;-0.97;0.40;265.31;-0.85;0.25;-90.00;-0.00;0.50;1052;0;0;0;0.46;0.39;0.00;0.00;-0.00;-0.00;-0.00;0.00;-0.85;0.25;-90.00;-0.00;0.50;0.016;-0.52;-1.05;-100.00;-100.00
102.315;3429;-0.97;0.40;265.31;-0.85;0.25;-90.00;-0.00;0.50;1052;0;0;0;0.46;0.39;0.00;0.00;-0.00;-0.00;-0.00;0.00;-0.85;0.25;-90.00;-0.00;0.50;0.033;-0.52;-1.05;-100.00;-100.00
102.395;3437;-0.97;0.40;265.31;-0.85;0.25;-90.00;-0.00;0.50;1052;0;0;0;0.46;0.39;0.00;0.00;-0.00;-0.00;-0.00;0.00;-0.85;0.25;-90.00;-0.00;0.50;0.014;-0.52;-1.05;-100.00;-100.00
102.505;3446;-0.97;0.40;265.31;-0.85;0.25;-90.00;-0.00;0.50;1052;0;0;0;0.46;0.39;0.00;0.00;-0.00;-0.00;-0.00;0.00;-0.85;0.25;-90.00;-0.00;0.50;0.014;-0.52;-1.05;-100.00;-100.00
102.605;3456;-0.97;0.40;265.31;-0.85;0.25;-90.00;-0.00;0.50;1052;0;0;0;0.46;0.39;0.00;0.00;-0.00;-0.00;-0.00;0.00;-0.85;0.25;-90.00;-0.00;0.50;0.025;-0.52;-1.05;-100.00;-100.00
102.715;3465;-0.97;0.40;265.31;-0.85;0.25;-90.00;-0.00;0.50;1052;0;0;0;0.46;0.39;0.00;0.00;-0.00;-0.00;-0.00;0.00;-0.85;0.25;-90.00;-0.00;0.50;0.028;-0.52;-1.05;-100.00;-100.00
102.805;3476;-0.97;0.40;265.31;-0.85;0.25;-90.00;-0.00;0.50;1052;0;0;0;0.46;0.39;0.00;0.00;-0.00;-0.00;-0.00;0.00;-0.85;0.25;-90.00;-0.00;0.50;0.017;-0.52;-1.05;-100.00;-100.00
102.915;3484;-0.97;0.40;265.31;-0.85;0.25;-90.00;-0.00;0.50;1052;0;0;0;0.46;0.39;0.00;0.00;-0.00;-0.00;-0.00;0.00;-0.85;0.25;-90.00;-0.00;0.50;0.028;-0.52;-1.05;-100.00;-100.00
102.995;3493;-0.97;0.40;265.31;-0.85;0.25;-90.00;-0.00;0.50;1052;0;0;0;0.46;0.39;0.00;0.00;-0.00;-0.00;-0.00;0.00;-0.85;0.25;-90.00;-0.00;0.50;0.015;-0.52;-1.05;-100.00;-100.00
103.115;3507;-0.97;0.40;265.31;-0.85;0.25;-90.00;-0.00;0.50;1052;0;0;0;0.46;0.39;0.00;0.00;-0.00;-0.00;-0.00;0.00;-0.85;0.25;-90.00;-0.00;0.50;0.024;-0.52;-1.05;-100.00;-100.00
103.205;3517;-0.97;0.40;265.31;-0.85;0.25;-90.00;-0.00;0.50;1052;0;0;0;0.46;0.39;0.00;0.00;-0.00;-0.00;-0.00;0.00;-0.85;0.25;-90.00;-0.00;0.50;0.021;-0.52;-1.05;-100.00;-100.00
103.315;3526;-0.97;0.40;265.31;-0.85;0.25;-90.00;-0.00;0.50;1052;0;0;0;0.46;0.39;0.00;0.00;-0.00;-0.00;-0.00;0.00;-0.85;0.25;-90.00;-0.00;0.50;0.035;-0.52;-1.05;-100.00;-100.00
103.405;3536;-0.97;0.40;265.31;-0.85;0.25;-90.00;-0.00;0.50;1052;0;0;0;0.46;0.39;0.00;0.00;-0.00;-0.00;-0.00;0.00;-0.85;0.25;-90.00;-0.00;0.50;0.019;-0.52;-1.05;-100.00;-100.00
103.515;3547;-0.97;0.40;265.31;-0.85;0.25;-90.00;-0.00;0.50;1052;0;0;0;0.46;0.39;0.00;0.00;-0.00;-0.00;-0.00;0.00;-0.85;0.25;-90.00;-0.00;0.50;0.032;-0.52;-1.05;-100.00;-100.00
103.615;3555;-0.97;0.40;265.31;-0.85;0.25;-90.00;-0.00;0.50;1052;0;0;0;0.46;0.39;0.00;0.00;-0.00;-0.00;-0.00;0.00;-0.85;0.25;-90.00;-0.00;0.50;0.034;-0.52;-1.05;-100.00;-100.00
103.725;3566;-0.97;0.40;265.31;-0.85;0.25;-90.00;-0.00;0.50;1052;0;0;0;0.46;0.39;0.00;0.00;-0.00;-0.00;-0.00;0.00;-0.85;0.25;-90.00;-0.00;0.50;0.039;-0.52;-1.05;-100.00;-100.00
103.805;3575;-0.97;0.40;265.31;-0.85;0.25;-90.00;-0.00;0.50;1052;0;0;0;0.46;0.39;0.00;0.00;-0.00;-0.00;-0.00;0.00;-0.85;0.25;-90.00;-0.00;0.50;0.020;-0.52;-1.05;-100.00;-100.00
103.905;3585;-0.97;0.40;265.31;-0.85;0.25;-90.00;-0.00;0.50;1052;0;0;0;0.46;0.39;0.00;0.00;-0.00;-0.00;-0.00;0.00;-0.85;0.25;-90.00;-0.00;0.50;0.019;-0.52;-1.05;-100.00;-100.00
104.065;3603;-0.97;0.40;265.31;-0.85;0.25;-90.00;-0.00;0.50;1052;0;1;0;0.46;0.39;0.00;0.00;-0.00;-0.00;-0.00;0.00;-0.85;0.25;-90.00;-0.00;0.50;0.034;-0.52;-1.05;-100.00;-100.00
104.155;3613;-0.97;0.40;265.31;-0.85;0.25;-90.00;-0.00;0.50;1052;0;1;0;0.46;0.39;0.00;0.00;-0.00;-0.00;-0.00;0.00;-0.85;0.25;-90.00;-0.00;0.50;0.033;-0.52;-1.05;-100.00;-100.00
104.215;3618;-0.97;0.40;265.31;-0.85;0.25;-90.00;-0.00;0.50;1052;0;0;0;0.46;0.39;0.00;0.00;-0.00;-0.00;-0.00;0.00;-0.85;0.25;-90.00;-0.00;0.50;0.027;-0.52;-1.05;-100.00;-100.00
104.335;3629;-0.97;0.40;265.31;-0.85;0.25;-90.00;-0.00;0.50;1052;0;0;0;0.46;0.39;0.00;0.00;-0.00;-0.00;-0.00;0.00;-0.85;0.25;-90.00;-0.00;0.50;0.048;-0.52;-1.05;-100.00;-100.00
104.395;3632;-0.97;0.40;265.31;-0.85;0.25;-90.00;-0.00;0.50;1052;0;0;0;0.46;0.39;0.00;0.00;-0.00;-0.00;-0.00;0.00;-0.85;0.25;-90.00;-0.00;0.50;0.015;-0.52;-1.05;-100.00;-100.00
104.495;3648;-0.97;0.40;265.32;-0.85;0.25;-90.00;-0.00;0.50;1052;0;0;0;0.46;0.39;0.00;0.00;-0.00;-0.00;-0.00;0.00;-0.85;0.25;-90.00;-0.00;0.50;0.024;-0.52;-1.05;-100.00;-100.00
104.625;3656;-0.97;0.40;265.32;-0.85;0.25;-90.00;-0.00;0.50;1052;0;0;0;0.46;0.39;0.00;0.00;-0.00;-0.00;-0.00;0.00;-0.85;0.25;-90.00;-0.00;0.50;0.040;-0.52;-1.05;-100.00;-100.00
104.735;3667;-0.97;0.39;265.32;-0.85;0.25;-90.00;-0.00;0.50;1052;0;0;0;0.46;0.39;0.00;0.00;-0.00;-0.00;-0.00;0.00;-0.85;0.25;-90.00;-0.00;0.50;0.046;-0.52;-1.05;-100.00;-100.00
104.805;3676;-0.97;0.39;265.32;-0.85;0.25;-90.00;-0.00;0.50;1052;0;0;0;0.46;0.39;0.00;0.00;-0.00;-0.00;-0.00;0.00;-0.85;0.25;-90.00;-0.00;0.50;0.024;-0.52;-1.05;-100.00;-100.00
104.905;3687;-0.97;0.39;265.32;-0.85;0.25;-90.00;-0.00;0.50;1052;0;0;0;0.46;0.39;0.00;0.00;-0.00;-0.00;-0.00;0.00;-0.85;0.25;-90.00;-0.00;0.50;0.025;-0.52;-1.05;-100.00;-100.00
105.035;3699;-0.97;0.39;265.32;-0.85;0.25;-90.00;-0.00;0.50;1052;0;0;0;0.46;0.39;0.00;0.00;-0.00;-0.00;-0.00;0.00;-0.85;0.25;-90.00;-0.00;0.50;0.041;-0.52;-1.05;-100.00;-100.00
105.125;3708;-0.97;0.39;265.32;-0.85;0.25;-90.00;-0.00;0.50;1052;0;0;0;0.46;0.39;0.00;0.00;-0.00;-0.00;-0.00;0.00;-0.85;0.25;-90.00;-0.00;0.50;0.037;-0.52;-1.05;-100.00;-100.00
105.205;3718;-0.97;0.39;265.32;-0.85;0.25;-90.00;-0.00;0.50;1052;0;0;0;0.46;0.39;0.00;0.00;-0.00;-0.00;-0.00;0.00;-0.85;0.25;-90.00;-0.00;0.50;0.014;-0.52;-1.05;-100.00;-100.00
105.305;3726;-0.97;0.39;265.32;-0.85;0.25;-90.00;-0.00;0.50;1052;0;0;0;0.46;0.39;0.00;0.00;-0.00;-0.00;-0.00;0.00;-0.85;0.25;-90.00;-0.00;0.50;0.021;-0.52;-1.05;-100.00;-100.00
105.395;3737;-0.97;0.39;265.32;-0.85;0.25;-90.00;-0.00;0.50;1052;0;0;0;0.46;0.39;0.00;0.00;-0.00;-0.00;-0.00;0.00;-0.85;0.25;-90.00;-0.00;0.50;0.013;-0.52;-1.05;-100.00;-100.00
105.515;3745;-0.97;0.39;265.32;-0.85;0.25;-90.00;-0.00;0.50;1052;0;0;0;0.46;0.39;0.00;0.00;-0.00;-0.00;-0.00;0.00;-0.85;0.25;-90.00;-0.00;0.50;0.029;-0.52;-1.05;-100.00;-100.00
105.615;3756;-0.97;0.39;265.32;-0.85;0.25;-90.00;-0.00;0.50;1052;0;0;0;0.46;0.39;0.00;0.00;-0.00;-0.00;-0.00;0.00;-0.85;0.25;-90.00;-0.00;0.50;0.032;-0.52;-1.05;-100.00;-100.00
105.695;3764;-0.97;0.39;265.32;-0.85;0.25;-90.00;-0.00;0.50;1052;0;0;0;0.46;0.39;0.00;0.00;-0.00;-0.00;-0.00;0.00;-0.85;0.25;-90.00;-0.00;0.50;0.014;-0.52;-1.05;-100.00;-100.00
105.815;3779;-0.97;0.39;265.32;-0.85;0.25;-90.00;-0.00;0.50;1052;0;0;0;0.46;0.39;0.00;0.00;-0.00;-0.00;-0.00;0.00;-0.85;0.25;-90.00;-0.00;0.50;0.039;-0.52;-1.05;-100.00;-100.00
105.895;3783;-0.97;0.39;265.32;-0.85;0.25;-90.00;-0.00;0.50;1052;0;0;0;0.46;0.39;0.00;0.00;-0.00;-0.00;-0.00;0.00;-0.85;0.25;-90.00;-0.00;0.50;0.016;-0.52;-1.05;-100.00;-100.00
106.005;3798;-0.97;0.39;265.32;-0.85;0.25;-90.00;-0.00;0.50;1052;0;0;0;0.46;0.39;0.00;0.00;-0.00;-0.00;-0.00;0.00;-0.85;0.25;-90.00;-0.00;0.50;0.017;-0.52;-1.05;-100.00;-100.00
106.145;3811;-0.97;0.39;265.32;-0.85;0.25;-90.00;-0.00;0.50;1052;0;1;0;0.46;0.39;0.00;0.00;-0.00;-0.00;-0.00;0.00;-0.85;0.25;-90.00;-0.00;0.50;0.031;-0.52;-1.05;-100.00;-100.00
106.205;3816;-0.97;0.39;265.32;-0.85;0.25;-90.00;-0.00;0.50;1052;0;0;0;0.46;0.39;0.00;0.00;-0.00;-0.00;-0.00;0.00;-0.85;0.25;-90.00;-0.00;0.50;0.025;-0.52;-1.05;-100.00;-100.00
106.305;3826;-0.98;0.39;265.30;-0.85;0.25;-90.00;-0.00;0.50;1052;0;0;0;0.46;0.39;0.01;0.00;-0.00;0.05;0.03;-0.01;-0.85;0.25;-90.00;-0.00;0.50;0.021;-0.52;-1.05;-100.00;-100.00
106.405;3835;-0.98;0.39;265.29;-0.85;0.25;-90.00;-0.00;0.50;1052;0;0;0;0.46;0.39;0.00;-0.01;0.01;0.00;-0.01;0.01;-0.85;0.25;-90.00;-0.00;0.50;0.019;-0.52;-1.05;-100.00;-100.00
106.495;3844;-0.98;0.39;265.35;-0.85;0.25;-90.00;-0.00;0.50;1052;0;0;0;0.46;0.39;0.00;-0.00;0.01;0.00;-0.01;0.01;-0.85;0.25;-90.00;-0.00;0.50;0.016;-0.52;-1.05;-100.00;-100.00
106.605;3855;-0.98;0.39;265.42;-0.85;0.25;-90.00;-0.00;0.50;1052;0;0;0;0.46;0.39;0.01;-0.03;-0.06;-0.08;0.28;0.01;-0.85;0.25;-90.00;-0.00;0.50;0.014;-0.52;-1.05;-100.00;-100.00
106.705;3867;-0.98;0.39;265.52;-0.85;0.25;-90.00;-0.00;0.50;1052;0;0;0;0.46;0.39;-0.00;-0.00;-0.00;-0.01;-0.01;0.02;-0.85;0.25;-90.00;-0.00;0.50;0.017;-0.52;-1.05;-100.00;-100.00
106.795;3877;-0.98;0.39;265.57;-0.85;0.25;-90.00;-0.00;0.50;1052;0;0;0;0.46;0.39;-0.00;-0.00;0.00;0.02;-0.00;0.01;-0.85;0.25;-90.00;-0.00;0.50;0.016;-0.52;-1.05;-100.00;-100.00
106.915;3886;-0.98;0.39;265.59;-0.85;0.25;-90.00;-0.00;0.50;1052;0;0;0;0.46;0.39;0.00;0.00;-0.00;-0.02;0.01;-0.01;-0.85;0.25;-90.00;-0.00;0.50;0.030;-0.52;-1.05;-100.00;-100.00
107.015;3897;-0.98;0.39;265.63;-0.85;0.25;-90.00;-0.00;0.50;1052;0;0;0;0.46;0.39;-0.00;-0.00;0.00;0.02;-0.01;0.00;-0.85;0.25;-90.00;-0.00;0.50;0.035;-0.52;-1.05;-100.00;-100.00
107.115;3906;-0.98;0.39;265.65;-0.85;0.25;-90.00;-0.00;0.50;1052;0;0;0;0.46;0.39;-0.00;-0.00;-0.00;-0.00;0.01;0.01;-0.85;0.25;-90.00;-0.00;0.50;0.028;-0.52;-1.05;-100.00;-100.00
107.215;3916;-0.98;0.39;265.66;-0.85;0.25;-90.00;-0.00;0.50;1052;0;0;0;0.46;0.39;-0.00;0.00;-0.00;-0.01;0.01;-0.00;-0.85;0.25;-90.00;-0.00;0.50;0.027;-0.52;-1.05;-100.00;-100.00
107.315;3925;-0.98;0.39;265.69;-0.85;0.25;-90.00;-0.00;0.50;1052;0;0;0;0.46;0.39;-0.00;-0.00;0.00;0.02;-0.00;0.00;-0.85;0.25;-90.00;-0.00;0.50;0.027;-0.52;-1.05;-100.00;-100.00
107.415;3935;-0.98;0.39;265.71;-0.85;0.25;-90.00;-0.00;0.50;1052;0;0;0;0.46;0.39;-0.00;-0.00;0.00;0.00;-0.01;0.01;-0.85;0.25;-90.00;-0.00;0.50;0.029;-0.52;-1.05;-100.00;-100.00
107.505;3946;-0.98;0.39;265.73;-0.85;0.25;-90.00;-0.00;0.50;1052;0;0;0;0.46;0.39;-0.00;0.00;-0.00;-0.01;0.01;-0.00;-0.85;0.25;-90.00;-0.00;0.50;0.020;-0.52;-1.05;-100.00;-100.00
107.605;3954;-0.98;0.39;265.76;-0.85;0.25;-90.00;-0.00;0.50;1052;0;0;0;0.46;0.39;-0.00;-0.00;-0.00;-0.00;0.01;0.01;-0.85;0.25;-90.00;-0.00;0.50;0.018;-0.52;-1.05;-100.00;-100.00
107.695;3965;-0.98;0.39;265.78;-0.85;0.25;-90.00;-0.00;0.50;1052;0;0;0;0.46;0.39;-0.00;-0.00;0.00;0.00;-0.01;0.01;-0.85;0.25;-90.00;-0.00;0.50;0.016;-0.52;-1.05;-100.00;-100.00
107.795;3973;-0.98;0.39;265.80;-0.85;0.25;-90.00;-0.00;0.50;1052;0;0;0;0.46;0.39;-0.00;-0.00;0.00;0.02;-0.00;0.00;-0.85;0.25;-90.00;-0.00;0.50;0.015;-0.52;-1.05;-100.00;-100.00
107.905;3988;-0.98;0.39;265.82;-0.85;0.25;-90.00;-0.00;0.50;1052;0;0;0;0.46;0.39;-0.00;0.00;-0.00;-0.01;0.01;-0.00;-0.85;0.25;-90.00;-0.00;0.50;0.023;-0.52;-1.05;-100.00;-100.00
108.015;3998;-0.98;0.39;265.84;-0.85;0.25;-90.00;-0.00;0.50;1052;0;0;0;0.46;0.39;0.00;0.00;-0.00;-0.01;0.01;-0.01;-0.85;0.25;-90.00;-0.00;0.50;0.035;-0.52;-1.05;-100.00;-100.00
108.135;4009;-0.98;0.39;265.87;-0.85;0.25;-90.00;-0.00;0.50;1052;0;1;0;0.46;0.39;-0.00;-0.00;0.00;0.02;-0.00;0.00;-0.85;0.25;-90.00;-0.00;0.50;0.018;-0.52;-1.05;-100.00;-100.00
108.215;4018;-0.98;0.39;265.88;-0.85;0.25;-90.00;-0.00;0.50;1052;0;0;0;0.46;0.39;-0.00;0.00;-0.00;-0.01;0.01;-0.00;-0.85;0.25;-90.00;-0.00;0.50;0.033;-0.52;-1.05;-100.00;-100.00
108.325;4029;-0.98;0.39;265.91;-0.85;0.25;-90.00;-0.00;0.50;1052;0;0;0;0.46;0.39;-0.00;-0.00;0.00;0.01;-0.01;0.01;-0.85;0.25;-90.00;-0.00;0.50;0.037;-0.53;-1.05;-100.00;-100.00
108.435;4037;-0.98;0.39;265.93;-0.85;0.25;-90.00;-0.00;0.50;1052;0;0;0;0.46;0.39;-0.00;-0.00;0.00;0.00;-0.01;0.01;-0.85;0.25;-90.00;-0.00;0.50;0.053;-0.53;-1.05;-100.00;-100.00
108.535;4048;-0.98;0.39;265.95;-0.85;0.25;-90.00;-0.00;0.50;1052;0;0;0;0.46;0.39;-0.00;0.00;-0.00;-0.01;0.01;-0.00;-0.85;0.25;-90.00;-0.00;0.50;0.053;-0.53;-1.05;-100.00;-100.00
108.625;4056;-0.98;0.39;265.97;-0.85;0.25;-90.00;-0.00;0.50;1052;0;0;0;0.46;0.39;-0.00;-0.00;-0.00;-0.00;0.01;0.01;-0.85;0.25;-90.00;-0.00;0.50;0.035;-0.53;-1.05;-100.00;-100.00
108.705;4067;-0.98;0.39;265.99;-0.85;0.25;-90.00;-0.00;0.50;1052;0;0;0;0.46;0.39;-0.00;-0.00;0.00;0.00;-0.01;0.01;-0.85;0.25;-90.00;-0.00;0.50;0.024;-0.53;-1.05;-100.00;-100.00
108.845;4079;-0.98;0.40;266.02;-0.85;0.25;-90.00;-0.00;0.50;1052;0;0;0;0.46;0.39;-0.00;-0.00;0.00;0.00;-0.01;0.01;-0.85;0.25;-90.00;-0.00;0.50;0.058;-0.53;-1.05;-100.00;-100.00
108.935;4090;-0.98;0.40;266.03;-0.85;0.25;-90.00;-0.00;0.50;1052;0;0;0;0.46;0.39;-0.00;0.00;-0.00;-0.01;0.01;-0.00;-0.85;0.25;-90.00;-0.00;0.50;0.043;-0.53;-1.05;-100.00;-100.00
109.055;4101;-0.98;0.40;266.06;-0.85;0.25;-90.00;-0.00;0.50;1052;0;0;0;0.46;0.39;-0.00;-0.00;0.00;0.01;-0.01;0.01;-0.85;0.25;-90.00;-0.00;0.50;0.059;-0.53;-1.05;-100.00;-100.00
109.145;4110;-0.98;0.40;266.08;-0.85;0.25;-90.00;-0.00;0.50;1052;0;0;0;0.46;0.39;-0.00;-0.00;-0.00;-0.00;0.01;0.01;-0.85;0.25;-90.00;-0.00;0.50;0.048;-0.53;-1.05;-100.00;-100.00
109.225;4116;-0.98;0.40;266.10;-0.85;0.25;-90.00;-0.00;0.50;1052;0;0;0;0.46;0.39;-0.00;-0.00;-0.00;-0.00;0.01;0.01;-0.85;0.25;-90.00;-0.00;0.50;0.026;-0.53;-1.05;-100.00;-100.00
109.325;4124;-0.98;0.40;266.10;-0.85;0.25;-90.00;-0.00;0.50;1052;0;0;0;0.46;0.39;0.00;0.00;-0.00;-0.01;0.01;-0.01;-0.85;0.25;-90.00;-0.00;0.50;0.033;-0.53;-1.05;-100.00;-100.00
109.405;4134;-0.98;0.40;266.13;-0.85;0.25;-90.00;-0.00;0.50;1052;0;0;0;0.46;0.39;-0.00;-0.00;-0.00;-0.00;0.01;0.01;-0.85;0.25;-90.00;-0.00;0.50;0.016;-0.53;-1.05;-100.00;-100.00
109.515;4145;-0.98;0.40;266.15;-0.85;0.25;-90.00;-0.00;0.50;1052;0;0;0;0.46;0.39;-0.00;-0.00;0.00;0.00;-0.01;0.01;-0.85;0.25;-90.00;-0.00;0.50;0.035;-0.53;-1.05;-100.00;-100.00
109.615;4156;-0.98;0.40;266.17;-0.85;0.25;-90.00;-0.00;0.50;1052;0;0;0;0.46;0.39;-0.00;0.00;-0.00;-0.01;0.01;-0.00;-0.85;0.25;-90.00;-0.00;0.50;0.029;-0.52;-1.06;-100.00;-100.00
109.705;4164;-0.98;0.40;266.19;-0.85;0.25;-90.00;-0.00;0.50;1052;0;0;0;0.46;0.39;-0.00;-0.00;-0.00;-0.00;0.01;0.01;-0.85;0.25;-90.00;-0.00;0.50;0.018;-0.52;-1.06;-100.00;-100.00
109.805;4175;-0.98;0.40;266.21;-0.85;0.25;-90.00;-0.00;0.50;1052;0;0;0;0.46;0.39;-0.00;-0.00;0.00;0.00;-0.01;0.01;-0.85;0.25;-90.00;-0.00;0.50;0.019;-0.52;-1.06;-100.00;-100.00
109.895;4184;-0.98;0.40;266.23;-0.85;0.25;-90.00;-0.00;0.50;1052;0;0;0;0.46;0.39;0.00;0.00;-0.00;-0.01;0.01;-0.01;-0.85;0.25;-90.00;-0.00;0.50;0.015;-0.53;-1.06;-100.00;-100.00
110.005;4194;-0.98;0.40;266.25;-0.85;0.25;-90.00;-0.00;0.50;1052;0;0;0;0.46;0.39;-0.00;-0.00;-0.00;-0.00;0.01;0.01;-0.85;0.25;-90.00;-0.00;0.50;0.019;-0.53;-1.06;-100.00;-100.00
110.155;4213;-0.98;0.40;266.29;-0.85;0.25;-90.00;-0.00;0.50;1052;0;1;0;0.46;0.39;0.01;0.00;-0.03;-0.22;0.01;0.01;-0.85;0.25;-90.00;-0.00;0.50;0.032;-0.53;-1.06;-100.00;-100.00
110.215;4219;-0.98;0.40;266.30;-0.85;0.25;-90.00;-0.00;0.50;1052;0;0;0;0.46;0.39;0.00;0.00;0.00;0.00;0.00;-0.00;-0.85;0.25;-90.00;-0.00;0.50;0.030;-0.53;-1.06;-100.00;-100.00
110.335;4227;-0.98;0.40;266.31;-0.85;0.25;-90.00;-0.00;0.50;1052;0;0;0;0.46;0.39;0.00;0.00;0.00;0.00;-0.00;-0.00;-0.85;0.25;-90.00;-0.00;0.50;0.050;-0.53;-1.06;-100.00;-100.00
110.425;4237;-0.98;0.40;266.33;-0.85;0.25;-90.00;-0.00;0.50;1052;0;0;0;0.46;0.39;0.00;0.00;0.00;0.00;-0.00;-0.00;-0.85;0.25;-90.00;-0.00;0.50;0.035;-0.53;-1.06;-100.00;-100.00
110.515;4247;-0.98;0.40;266.33;-0.85;0.25;-90.00;-0.00;0.50;1052;0;0;0;0.46;0.39;0.00;0.00;-0.00;-0.04;-0.02;0.00;-0.85;0.25;-90.00;-0.00;0.50;0.023;-0.53;-1.06;-100.00;-100.00
110.615;4257;-0.98;0.40;266.35;-0.85;0.25;-90.00;-0.00;0.50;1052;0;0;0;0.46;0.39;0.00;0.00;-0.00;-0.01;-0.01;-0.00;-0.85;0.25;-90.00;-0.00;0.50;0.026;-0.53;-1.06;-100.00;-100.00
110.725;4266;-0.98;0.40;266.36;-0.85;0.25;-90.00;-0.00;0.50;1052;0;0;0;0.46;0.39;-0.00;-0.00;0.00;-0.00;-0.01;0.01;-0.85;0.25;-90.00;-0.00;0.50;0.032;-0.53;-1.06;-100.00;-100.00
110.815;4276;-0.98;0.40;266.38;-0.85;0.25;-90.00;-0.00;0.50;1052;0;0;0;0.46;0.39;-0.00;-0.00;-0.00;-0.01;0.01;0.01;-0.85;0.25;-90.00;-0.00;0.50;0.036;-0.53;-1.06;-100.00;-100.00
110.885;4286;-0.98;0.40;266.40;-0.85;0.25;-90.00;-0.00;0.50;1052;0;0;0;0.46;0.39;0.00;-0.00;0.01;0.01;-0.01;0.01;-0.85;0.25;-90.00;-0.00;0.50;0.011;-0.53;-1.06;-100.00;-100.00
110.995;4296;-0.98;0.40;266.46;-0.85;0.25;-90.00;-0.00;0.50;1052;0;0;0;0.46;0.39;0.00;-0.01;-0.00;0.05;-0.04;0.00;-0.85;0.25;-90.00;-0.00;0.50;0.017;-0.53;-1.06;-100.00;-100.00
111.105;4307;-0.98;0.40;266.53;-0.85;0.25;-90.00;-0.00;0.50;1052;0;0;0;0.46;0.39;0.00;-0.00;0.01;0.00;-0.01;0.01;-0.85;0.25;-90.00;-0.00;0.50;0.017;-0.53;-1.06;-100.00;-100.00
111.195;4316;-0.98;0.40;266.58;-0.85;0.25;-90.00;-0.00;0.50;1052;0;0;0;0.46;0.39;-0.01;-0.00;0.01;0.03;-0.00;0.01;-0.85;0.25;-90.00;-0.00;0.50;0.016;-0.53;-1.06;-100.00;-100.00
111.295;4327;-0.98;0.40;266.64;-0.85;0.25;-90.00;-0.00;0.50;1052;0;0;0;0.46;0.39;-0.00;-0.00;-0.00;-0.01;0.01;0.01;-0.85;0.25;-90.00;-0.00;0.50;0.014;-0.53;-1.06;-100.00;-100.00
111.415;4335;-0.98;0.40;266.68;-0.85;0.25;-90.00;-0.00;0.50;1052;0;0;0;0.46;0.39;-0.00;-0.00;-0.00;-0.00;0.01;0.01;-0.85;0.25;-90.00;-0.00;0.50;0.030;-0.53;-1.06;-100.00;-100.00
111.505;4346;-0.98;0.40;266.70;-0.85;0.25;-90.00;-0.00;0.50;1052;0;0;0;0.46;0.39;-0.00;-0.00;0.00;0.01;-0.01;0.01;-0.85;0.25;-90.00;-0.00;0.50;0.028;-0.53;-1.06;-100.00;-100.00
111.615;4358;-0.98;0.40;266.72;-0.85;0.25;-90.00;-0.00;0.50;1052;0;0;0;0.46;0.39;-0.00;-0.00;0.00;0.01;-0.01;0.01;-0.85;0.25;-90.00;-0.00;0.50;0.030;-0.53;-1.06;-100.00;-100.00
111.725;4369;-0.98;0.40;266.74;-0.85;0.25;-90.00;-0.00;0.50;1052;0;0;0;0.46;0.39;0.00;0.00;-0.00;-0.02;0.01;-0.01;-0.85;0.25;-90.00;-0.00;0.50;0.038;-0.53;-1.06;-100.00;-100.00
111.795;4373;-0.98;0.40;266.76;-0.85;0.25;-90.00;-0.00;0.50;1052;0;0;0;0.46;0.39;-0.00;-0.00;-0.00;-0.00;0.01;0.01;-0.85;0.25;-90.00;-0.00;0.50;0.016;-0.53;-1.06;-100.00;-100.00
111.915;4388;-0.98;0.40;266.79;-0.85;0.25;-90.00;-0.00;0.50;1052;0;0;0;0.46;0.39;-0.00;-0.00;0.00;0.01;-0.01;0.01;-0.85;0.25;-90.00;-0.00;0.50;0.024;-0.53;-1.06;-100.00;-100.00
112.005;4397;-0.98;0.40;266.81;-0.85;0.25;-90.00;-0.00;0.50;1052;0;0;0;0.46;0.39;-0.00;-0.00;-0.00;-0.00;0.01;0.01;-0.85;0.25;-90.00;-0.00;0.50;0.025;-0.53;-1.06;-100.00;-100.00
112.155;4411;-0.98;0.40;266.83;-0.85;0.25;-90.00;-0.00;0.50;1052;0;1;0;0.46;0.39;0.00;0.00;-0.00;-0.02;0.01;-0.01;-0.85;0.25;-90.00;-0.00;0.50;0.035;-0.53;-1.06;-100.00;-100.00
112.205;4416;-0.98;0.40;266.85;-0.85;0.25;-90.00;-0.00;0.50;1052;0;0;0;0.46;0.39;-0.00;-0.00;0.00;0.02;-0.00;0.00;-0.85;0.25;-90.00;-0.00;0.50;0.020;-0.53;-1.06;-100.00;-100.00
112.305;4426;-0.98;0.40;266.87;-0.85;0.25;-90.00;-0.00;0.50;1052;0;0;0;0.46;0.39;-0.00;-0.00;0.00;0.00;-0.01;0.01;-0.85;0.25;-90.00;-0.00;0.50;0.016;-0.53;-1.06;-100.00;-100.00
112.395;4434;-0.98;0.40;266.88;-0.85;0.25;-90.00;-0.00;0.50;1052;0;0;0;0.46;0.39;-0.00;-0.00;0.00;0.02;-0.00;0.00;-0.85;0.25;-90.00;-0.00;0.50;0.015;-0.53;-1.06;-100.00;-100.00
112.505;4445;-0.98;0.40;266.91;-0.85;0.25;-90.00;-0.00;0.50;1052;0;0;0;0.46;0.39;-0.00;-0.00;-0.00;-0.00;0.01;0.01;-0.85;0.25;-90.00;-0.00;0.50;0.016;-0.53;-1.06;-100.00;-100.00
112.605;4457;-0.98;0.40;266.93;-0.85;0.25;-90.00;-0.00;0.50;1052;0;0;0;0.46;0.39;-0.00;-0.00;-0.00;-0.00;0.01;0.01;-0.85;0.25;-90.00;-0.00;0.50;0.025;-0.53;-1.06;-100.00;-100.00
112.725;4468;-0.98;0.40;266.95;-0.85;0.25;-90.00;-0.00;0.50;1052;0;0;0;0.46;0.39;-0.00;-0.00;0.00;0.00;-0.01;0.01;-0.85;0.25;-90.00;-0.00;0.50;0.044;-0.53;-1.06;-100.00;-100.00
112.815;4476;-0.98;0.40;266.97;-0.85;0.25;-90.00;-0.00;0.50;1052;0;0;0;0.46;0.39;-0.00;-0.00;0.00;0.02;-0.00;0.00;-0.85;0.25;-90.00;-0.00;0.50;0.033;-0.53;-1.06;-100.00;-100.00
112.915;4487;-0.98;0.40;266.99;-0.85;0.25;-90.00;-0.00;0.50;1052;0;0;0;0.46;0.39;-0.00;-0.00;-0.00;-0.00;0.01;0.01;-0.85;0.25;-90.00;-0.00;0.50;0.033;-0.53;-1.06;-100.00;-100.00
113.005;4495;-0.98;0.40;267.00;-0.85;0.25;-90.00;-0.00;0.50;1052;0;0;0;0.46;0.39;0.00;0.00;-0.00;-0.02;0.01;-0.01;-0.85;0.25;-90.00;-0.00;0.50;0.020;-0.53;-1.06;-100.00;-100.00
113.105;4504;-0.98;0.40;267.02;-0.85;0.25;-90.00;-0.00;0.50;1052;0;0;0;0.46;0.39;-0.00;-0.00;0.00;0.00;-0.01;0.01;-0.85;0.25;-90.00;-0.00;0.50;0.017;-0.53;-1.06;-100.00;-100.00
113.205;4514;-0.98;0.40;267.04;-0.85;0.25;-90.00;-0.00;0.50;1052;0;0;0;0.46;0.39;-0.00;-0.00;0.00;0.01;-0.01;0.01;-0.85;0.25;-90.00;-0.00;0.50;0.018;-0.53;-1.06;-100.00;-100.00
113.335;4529;-0.98;0.40;267.07;-0.85;0.25;-90.00;-0.00;0.50;1052;0;0;0;0.46;0.39;-0.00;-0.00;-0.00;-0.00;0.01;0.01;-0.85;0.25;-90.00;-0.00;0.50;0.035;-0.53;-1.06;-100.00;-100.00
113.405;4534;-0.98;0.40;267.08;-0.85;0.25;-90.00;-0.00;0.50;1052;0;0;0;0.46;0.39;-0.00;-0.00;0.00;0.00;-0.01;0.01;-0.85;0.25;-90.00;-0.00;0.50;0.014;-0.53;-1.06;-100.00;-100.00
113.525;4549;-0.98;0.40;267.11;-0.85;0.25;-90.00;-0.00;0.50;1052;0;0;0;0.46;0.39;0.00;0.00;-0.00;-0.02;0.01;-0.01;-0.85;0.25;-90.00;-0.00;0.50;0.032;-0.53;-1.06;-100.00;-100.00
113.625;4557;-0.98;0.40;267.12;-0.85;0.25;-90.00;-0.00;0.50;1052;0;0;0;0.46;0.39;-0.00;0.00;-0.00;-0.01;0.01;-0.00;-0.85;0.25;-90.00;-0.00;0.50;0.032;-0.53;-1.06;-100.00;-100.00
113.725;4568;-0.98;0.40;267.15;-0.85;0.25;-90.00;-0.00;0.50;1052;0;0;0;0.46;0.39;-0.00;-0.00;0.00;0.01;-0.01;0.01;-0.85;0.25;-90.00;-0.00;0.50;0.037;-0.53;-1.06;-100.00;-100.00
113.795;4576;-0.98;0.40;267.16;-0.85;0.25;-90.00;-0.00;0.50;1052;0;0;0;0.46;0.39;-0.00;-0.00;0.00;0.00;-0.01;0.01;-0.85;0.25;-90.00;-0.00;0.50;0.017;-0.53;-1.06;-100.00;-100.00
113.915;4586;-0.98;0.40;267.18;-0.85;0.25;-90.00;-0.00;0.50;1052;0;0;0;0.46;0.39;-0.00;-0.00;0.00;0.01;-0.01;0.01;-0.85;0.25;-90.00;-0.00;0.50;0.029;-0.53;-1.06;-100.00;-100.00
114.005;4595;-0.98;0.40;267.20;-0.85;0.25;-90.00;-0.00;0.50;1052;0;0;0;0.46;0.39;-0.00;-0.00;-0.00;-0.00;0.01;0.01;-0.85;0.25;-90.00;-0.00;0.50;0.017;-0.53;-1.06;-100.00;-100.00
114.145;4610;-0.98;0.40;267.23;-0.85;0.55;-90.00;-0.00;0.50;1053;0;1;0;0.46;0.39;-0.00;-0.00;0.00;0.01;-0.01;0.01;-0.85;0.25;-90.00;-0.00;0.50;0.035;-0.53;-1.06;-100.00;-100.00
114.225;4619;-0.98;0.40;267.25;-0.85;0.55;-90.00;-0.00;0.50;1053;0;0;0;0.46;0.39;-0.00;-0.00;-0.00;-0.00;0.01;0.01;-0.85;0.41;-90.00;-0.00;0.50;0.035;-0.53;-1.06;-100.00;-100.00
114.315;4629;-0.98;0.40;267.26;-0.85;0.55;-90.00;-0.00;0.50;1053;0;0;0;0.46;0.39;-0.00;0.00;-0.00;-0.01;0.01;-0.00;-0.85;0.41;-90.00;-0.00;0.50;0.030;-0.53;-1.06;-100.00;-100.00
114.425;4638;-0.98;0.40;267.28;-0.85;0.55;-90.00;-0.00;0.50;1053;0;0;0;0.46;0.39;-0.00;-0.00;0.00;0.01;-0.01;0.01;-0.85;0.41;-90.00;-0.00;0.50;0.039;-0.53;-1.06;-100.00;-100.00
114.515;4649;-0.98;0.40;267.30;-0.85;0.55;-90.00;-0.00;0.50;1053;0;0;0;0.46;0.39;0.00;0.00;-0.00;-0.02;0.01;-0.01;-0.85;0.41;-90.00;-0.00;0.50;0.030;-0.53;-1.06;-100.00;-100.00
114.615;4658;-0.98;0.40;267.32;-0.85;0.55;-90.00;-0.00;0.50;1053;0;0;0;0.46;0.39;0.00;0.00;-0.00;-0.02;0.01;-0.01;-0.85;0.41;-90.00;-0.00;0.50;0.029;-0.53;-1.06;-100.00;-100.00
114.715;4667;-0.98;0.40;267.33;-0.85;0.55;-90.00;-0.00;0.50;1053;0;0;0;0.46;0.39;0.00;0.00;-0.00;-0.02;0.01;-0.01;-0.85;0.41;-90.00;-0.00;0.50;0.029;-0.53;-1.06;-100.00;-100.00
114.805;4677;-0.98;0.40;267.35;-0.85;0.55;-90.00;-0.00;0.50;1053;0;0;0;0.46;0.39;-0.00;0.00;0.00;0.00;0.00;-0.00;-0.85;0.41;-90.00;-0.00;0.50;0.025;-0.53;-1.06;-100.00;-100.00
114.915;4685;-0.98;0.40;267.36;-0.85;0.55;-90.00;-0.00;0.50;1053;0;0;0;0.46;0.39;0.00;0.00;0.00;0.00;0.00;-0.00;-0.85;0.41;-90.00;-0.00;0.50;0.034;-0.53;-1.06;-100.00;-100.00
114.995;4697;-0.98;0.40;267.37;-0.85;0.55;-90.00;-0.00;0.50;1053;0;0;0;0.46;0.39;-0.00;-0.00;-0.00;-0.01;0.01;0.00;-0.85;0.41;-90.00;-0.00;0.50;0.025;-0.53;-1.06;-100.00;-100.00
115.125;4709;-0.98;0.40;267.39;-0.85;0.55;-90.00;-0.00;0.50;1053;0;0;0;0.46;0.39;0.00;0.00;0.00;0.01;-0.00;-0.00;-0.85;0.41;-90.00;-0.00;0.50;0.032;-0.53;-1.06;-100.00;-100.00
115.205;4714;-0.98;0.40;267.40;-0.85;0.55;-90.00;-0.00;0.50;1053;0;0;0;0.46;0.39;-0.00;-0.00;-0.00;-0.00;0.01;0.01;-0.85;0.41;-90.00;-0.00;0.50;0.023;-0.53;-1.06;-100.00;-100.00
115.315;4728;-0.98;0.40;267.42;-0.85;0.55;-90.00;-0.00;0.50;1053;0;0;0;0.46;0.39;-0.01;-0.00;0.01;0.04;-0.00;0.01;-0.85;0.41;-90.00;-0.00;0.50;0.027;-0.53;-1.06;-100.00;-100.00
115.405;4737;-0.98;0.40;267.42;-0.85;0.55;-90.00;-0.00;0.50;1053;0;0;0;0.46;0.39;0.01;-0.01;-0.03;-0.22;0.03;-0.00;-0.85;0.41;-90.00;-0.00;0.50;0.025;-0.53;-1.06;-100.00;-100.00
115.525;4747;-0.98;0.40;267.44;-0.85;0.55;-90.00;-0.00;0.50;1053;0;0;0;0.46;0.39;-0.00;-0.00;-0.00;0.06;-0.04;0.01;-0.85;0.41;-90.00;-0.00;0.50;0.040;-0.53;-1.06;-100.00;-100.00
115.625;4756;-0.98;0.40;267.45;-0.85;0.55;-90.00;-0.00;0.50;1053;0;0;0;0.46;0.39;0.00;0.00;-0.00;-0.03;0.01;-0.01;-0.85;0.41;-90.00;-0.00;0.50;0.040;-0.53;-1.06;-100.00;-100.00
115.705;4766;-0.98;0.40;267.46;-0.85;0.55;-90.00;-0.00;0.50;1053;0;0;0;0.46;0.39;-0.00;-0.00;-0.00;-0.01;0.01;0.00;-0.85;0.41;-90.00;-0.00;0.50;0.020;-0.53;-1.06;-100.00;-100.00
115.815;4779;-0.98;0.40;267.48;-0.85;0.55;-90.00;-0.00;0.50;1053;0;0;0;0.46;0.39;-0.00;0.00;-0.00;-0.01;0.01;-0.01;-0.85;0.41;-90.00;-0.00;0.50;0.041;-0.53;-1.06;-100.00;-100.00
115.905;4785;-0.98;0.40;267.49;-0.85;0.55;-90.00;-0.00;0.50;1053;0;0;0;0.46;0.39;-0.00;0.00;0.00;0.01;-0.01;0.01;-0.85;0.41;-90.00;-0.00;0.50;0.021;-0.53;-1.06;-100.00;-100.00
116.005;4796;-0.98;0.40;267.51;-0.85;0.55;-90.00;-0.00;0.50;1053;0;0;0;0.46;0.39;0.00;0.00;0.00;0.01;-0.00;-0.00;-0.85;0.41;-90.00;-0.00;0.50;0.025;-0.53;-1.06;-100.00;-100.00
116.135;4808;-0.98;0.40;267.52;-0.85;0.55;-90.00;-0.00;0.50;1053;0;1;0;0.46;0.39;0.00;0.00;0.00;0.00;0.00;-0.00;-0.85;0.41;-90.00;-0.00;0.50;0.021;-0.53;-1.06;-100.00;-100.00
116.225;4819;-0.98;0.40;267.54;-0.85;0.55;-90.00;-0.00;0.50;1053;0;0;0;0.46;0.39;0.00;0.00;0.00;0.00;0.00;-0.00;-0.85;0.41;-90.00;-0.00;0.50;0.041;-0.53;-1.06;-100.00;-100.00
116.305;4824;-0.98;0.40;267.54;-0.85;0.55;-90.00;-0.00;0.50;1053;0;0;0;0.46;0.39;0.00;0.00;-0.00;-0.03;0.01;-0.01;-0.85;0.41;-90.00;-0.00;0.50;0.021;-0.53;-1.06;-100.00;-100.00
116.405;4834;-0.98;0.40;267.56;-0.85;0.55;-90.00;-0.00;0.50;1053;0;0;0;0.46;0.39;-0.00;-0.00;-0.00;-0.01;-0.01;0.01;-0.85;0.41;-90.00;-0.00;0.50;0.019;-0.53;-1.06;-100.00;-100.00
116.505;4847;-0.98;0.40;267.57;-0.85;0.55;-90.00;-0.00;0.50;1053;0;0;0;0.46;0.39;-0.00;-0.00;0.00;-0.00;-0.01;0.01;-0.85;0.41;-90.00;-0.00;0.50;0.023;-0.53;-1.06;-100.00;-100.00
116.625;4857;-0.98;0.40;267.58;-0.85;0.55;-90.00;-0.00;0.50;1053;0;0;0;0.46;0.39;-0.00;-0.00;-0.00;-0.01;0.01;0.01;-0.85;0.41;-90.00;-0.00;0.50;0.043;-0.53;-1.06;-100.00;-100.00
116.705;4865;-0.98;0.40;267.59;-0.85;0.55;-90.00;-0.00;0.50;1053;0;0;0;0.46;0.39;0.01;0.00;-0.03;-0.24;0.01;-0.00;-0.85;0.41;-90.00;-0.00;0.50;0.019;-0.53;-1.06;-100.00;-100.00
116.795;4876;-0.98;0.40;267.61;-0.85;0.55;-90.00;-0.00;0.50;1053;0;0;0;0.46;0.39;0.01;0.00;-0.03;-0.24;0.01;-0.00;-0.85;0.41;-90.00;-0.00;0.50;0.016;-0.53;-1.06;-100.00;-100.00
116.905;4884;-0.98;0.40;267.63;-0.85;0.55;-90.00;-0.00;0.50;1053;0;0;0;0.46;0.39;0.00;-0.00;0.00;0.00;-0.00;0.00;-0.85;0.41;-90.00;-0.00;0.50;0.022;-0.53;-1.06;-100.00;-100.00
117.005;4895;-0.98;0.40;267.63;-0.85;0.55;-90.00;-0.00;0.50;1053;0;0;0;0.46;0.39;0.00;0.00;-0.00;-0.04;-0.03;0.00;-0.85;0.41;-90.00;-0.00;0.50;0.020;-0.53;-1.06;-100.00;-100.00
117.115;4908;-0.98;0.40;267.66;-0.85;0.55;-90.00;-0.00;0.50;1053;0;0;0;0.46;0.39;-0.00;-0.00;0.00;-0.00;0.01;0.01;-0.85;0.41;-90.00;-0.00;0.50;0.027;-0.53;-1.06;-100.00;-100.00
117.225;4918;-0.98;0.40;267.66;-0.85;0.55;-90.00;-0.00;0.50;1053;0;0;0;0.46;0.39;0.00;0.00;-0.00;-0.02;0.01;-0.01;-0.85;0.41;-90.00;-0.00;0.50;0.044;-0.53;-1.06;-100.00;-100.00
117.325;4927;-0.98;0.40;267.67;-0.85;0.55;-90.00;-0.00;0.50;1053;0;0;0;0.46;0.39;-0.00;0.00;0.00;0.04;0.00;0.01;-0.85;0.41;-90.00;-0.00;0.50;0.035;-0.53;-1.06;-100.00;-100.00
117.415;4938;-0.98;0.40;267.68;-0.85;0.55;-90.00;-0.00;0.50;1053;0;0;0;0.46;0.39;0.01;-0.01;-0.03;-0.22;0.03;-0.00;-0.85;0.41;-90.00;-0.00;0.50;0.034;-0.53;-1.06;-100.00;-100.00
117.505;4946;-0.98;0.40;267.70;-0.85;0.55;-90.00;-0.00;0.50;1053;0;0;0;0.46;0.39;0.00;0.00;-0.00;-0.03;0.01;-0.01;-0.85;0.41;-90.00;-0.00;0.50;0.028;-0.53;-1.06;-100.00;-100.00
117.645;4961;-0.98;0.40;267.71;-0.85;0.55;-90.00;-0.00;0.50;1053;0;0;0;0.46;0.39;0.00;-0.00;-0.00;0.06;0.03;-0.00;-0.85;0.41;-90.00;-0.00;0.50;0.061;-0.53;-1.06;-100.00;-100.00
117.725;4967;-0.98;0.40;267.72;-0.85;0.55;-90.00;-0.00;0.50;1053;0;0;0;0.46;0.39;-0.00;-0.00;-0.00;-0.01;0.01;0.00;-0.85;0.41;-90.00;-0.00;0.50;0.037;-0.53;-1.06;-100.00;-100.00
117.805;4975;-0.98;0.40;267.75;-0.85;0.55;-90.00;-0.00;0.50;1053;0;0;0;0.46;0.39;-0.00;-0.00;0.00;-0.00;0.01;0.01;-0.85;0.41;-90.00;-0.00;0.50;0.020;-0.53;-1.06;-100.00;-100.00
117.905;4985;-0.98;0.40;267.74;-0.85;0.55;-90.00;-0.00;0.50;1053;0;0;0;0.46;0.39;0.00;0.00;-0.00;-0.02;0.01;-0.01;-0.85;0.41;-90.00;-0.00;0.50;0.020;-0.53;-1.06;-100.00;-100.00
118.055;5000;-0.98;0.40;267.77;-0.85;0.55;-90.00;-0.00;0.50;1053;0;1;0;0.46;0.39;-0.01;-0.00;0.01;0.04;-0.00;0.01;-0.85;0.41;-90.00;-0.00;0.50;0.021;-0.53;-1.06;-100.00;-100.00
118.165;5013;-0.98;0.40;267.78;-0.85;0.55;-90.00;-0.00;0.50;1053;0;1;0;0.46;0.39;0.00;0.00;-0.00;-0.03;0.01;-0.01;-0.85;0.41;-90.00;-0.00;0.50;0.037;-0.53;-1.06;-100.00;-100.00
118.245;5019;-0.98;0.40;267.81;-0.85;0.55;-90.00;-0.00;0.50;1053;0;0;0;0.46;0.39;0.00;0.00;0.00;0.00;0.00;-0.00;-0.85;0.41;-90.00;-0.00;0.50;0.052;-0.53;-1.06;-100.00;-100.00
118.315;5027;-0.98;0.40;267.80;-0.85;0.55;-90.00;-0.00;0.50;1053;0;0;0;0.46;0.39;-0.00;-0.01;0.01;0.01;0.01;-0.00;-0.85;0.41;-90.00;-0.00;0.50;0.032;-0.53;-1.06;-100.00;-100.00
118.425;5038;-0.98;0.40;267.82;-0.85;0.55;-90.00;-0.00;0.50;1053;0;0;0;0.46;0.39;0.00;0.00;0.00;0.01;-0.00;-0.00;-0.85;0.41;-90.00;-0.00;0.50;0.039;-0.53;-1.06;-100.00;-100.00
118.525;5046;-0.98;0.40;267.83;-0.85;0.55;-90.00;-0.00;0.50;1053;0;0;0;0.46;0.39;-0.00;0.00;0.00;0.01;-0.01;0.01;-0.85;0.41;-90.00;-0.00;0.50;0.041;-0.53;-1.06;-100.00;-100.00
118.615;5057;-0.98;0.40;267.84;-0.85;0.55;-90.00;-0.00;0.50;1053;0;0;0;0.46;0.39;-0.00;-0.00;0.00;0.00;-0.01;0.01;-0.85;0.41;-90.00;-0.00;0.50;0.024;-0.53;-1.06;-100.00;-100.00
118.735;5070;-0.98;0.40;267.86;-0.85;0.55;-90.00;-0.00;0.50;1053;0;0;0;0.46;0.39;-0.00;0.00;0.00;0.01;-0.01;0.01;-0.85;0.41;-90.00;-0.00;0.50;0.044;-0.53;-1.06;-100.00;-100.00
