t;frame;x;y;z;x_ref;y_ref;z_ref;delta_ref;u_ref;state;ellipse;control;action;delta;u;vx;vy;vz;wx;wy;wz;xr;yr;zr;delr;ur;obs1x;obs1y;obs2x;obs2y
2111.485;16;1.55;0.55;90.11;0.95;-0.35;0.00;0.00;-0.50;403;0;1;2;0.79;-0.09;0.01;-0.03;-0.06;0.13;-0.27;-0.01;0.95;-0.35;0.00;0.00;-0.50;0.097;-0.88;1.71;-1000.00;-1000.00
2111.525;20;1.55;0.55;90.13;0.95;-0.35;0.00;0.00;-0.50;403;0;1;2;0.79;-0.18;0.00;-0.00;0.01;-0.01;0.01;0.01;0.95;-0.35;0.00;0.00;-0.50;0.041;-0.89;1.73;-1000.00;-1000.00
2111.615;28;1.55;0.55;90.16;0.95;-0.35;0.00;0.00;-0.50;403;0;1;2;0.79;-0.27;0.01;-0.03;-0.06;0.10;-0.27;0.00;0.95;-0.35;0.00;0.00;-0.50;0.031;-0.90;1.77;-1000.00;-1000.00
2111.705;39;1.55;0.54;87.75;0.95;-0.35;0.00;0.00;-0.50;403;0;1;2;0.79;-0.35;-0.23;0.04;-0.01;0.09;0.04;-0.95;0.95;-0.35;0.00;0.00;-0.50;0.027;-0.92;1.82;-1000.00;-1000.00
2111.815;47;1.54;0.52;82.62;0.95;-0.35;0.00;0.00;-0.50;403;0;1;2;0.79;-0.42;-0.36;0.05;-0.01;-0.11;-0.07;-1.15;0.95;-0.35;0.00;0.00;-0.50;0.025;-0.93;1.85;-1000.00;-1000.00
2112.015;71;1.49;0.43;67.26;0.95;-0.35;0.00;0.00;-0.50;403;0;1;2;0.79;-0.49;-0.50;0.19;-0.05;0.04;-0.17;-1.11;0.95;-0.35;0.00;0.00;-0.50;0.117;-0.96;1.96;-1000.00;-1000.00
2112.055;72;1.48;0.42;65.95;0.95;-0.35;0.00;0.00;-0.50;403;0;1;2;0.79;-0.50;-0.49;0.18;-0.01;0.08;-0.02;-1.29;0.95;-0.35;0.00;0.00;-0.50;0.038;-0.96;1.96;-1000.00;-1000.00
2112.115;80;1.45;0.39;59.50;0.95;-0.35;0.00;0.00;-0.50;403;0;1;2;0.79;-0.50;-0.56;0.13;-0.01;-0.09;-0.02;-1.40;0.95;-0.35;0.00;0.00;-0.50;0.031;-0.95;2.00;-1000.00;-1000.00
2112.235;91;1.41;0.35;50.99;0.95;-0.35;0.00;0.00;-0.50;403;0;1;2;0.79;-0.50;-0.56;0.09;-0.01;-0.05;0.03;-1.29;0.95;-0.35;0.00;0.00;-0.50;0.050;-0.94;2.05;-1000.00;-1000.00
2112.315;99;1.37;0.32;45.10;0.95;-0.35;0.00;0.00;-0.50;403;0;1;2;0.59;-0.50;-0.57;0.10;-0.01;-0.09;0.02;-1.27;0.95;-0.35;0.00;0.00;-0.50;0.031;-0.94;2.08;-1000.00;-1000.00
2112.405;110;1.32;0.29;38.86;0.95;-0.35;0.00;0.00;-0.50;403;0;1;2;0.39;-0.50;-0.57;0.11;-0.01;-0.13;0.05;-0.60;0.95;-0.35;0.00;0.00;-0.50;0.023;-0.93;2.13;-1000.00;-1000.00
2112.515;119;1.28;0.26;36.71;0.95;-0.35;0.00;0.00;-0.50;403;0;1;2;0.31;-0.50;-0.50;0.04;-0.01;0.06;-0.02;-0.30;0.95;-0.35;0.00;0.00;-0.50;0.029;-0.92;2.16;-1000.00;-1000.00
2112.625;130;1.23;0.23;35.65;0.95;-0.35;0.00;0.00;-0.50;403;0;1;2;0.33;-0.50;-0.48;0.01;-0.01;0.04;-0.00;-0.11;0.95;-0.35;0.00;0.00;-0.50;0.043;-0.90;2.21;-1000.00;-1000.00
2112.715;139;1.19;0.21;35.21;0.95;-0.35;0.00;0.00;-0.50;403;0;1;2;0.37;-0.50;-0.49;0.03;-0.01;0.07;-0.02;-0.15;0.95;-0.35;0.00;0.00;-0.50;0.030;-0.88;2.24;-1000.00;-1000.00
2112.815;149;1.15;0.18;34.13;0.95;-0.35;0.00;0.00;-0.50;403;0;1;2;0.38;-0.50;-0.49;0.03;-0.01;0.04;0.00;-0.22;0.95;-0.35;0.00;0.00;-0.50;0.030;-0.85;2.27;-1000.00;-1000.00
2112.925;162;1.10;0.15;32.65;0.95;-0.35;0.00;0.00;-0.50;403;0;1;2;0.39;-0.50;-0.49;0.04;-0.01;0.04;-0.01;-0.20;0.95;-0.35;0.00;0.00;-0.50;0.040;-0.82;2.31;-1000.00;-1000.00
2113.015;168;1.07;0.14;31.87;0.95;-0.35;0.00;0.00;-0.50;403;0;1;2;0.38;-0.50;-0.48;0.02;-0.01;0.03;-0.02;-0.25;0.95;-0.35;0.00;0.00;-0.50;0.036;-0.80;2.33;-1000.00;-1000.00
2113.115;181;1.01;0.10;30.10;0.95;-0.35;0.00;0.00;-0.50;403;0;1;2;0.37;-0.50;-0.49;0.02;-0.01;0.05;-0.02;-0.28;0.95;-0.35;0.00;0.00;-0.50;0.030;-0.74;2.35;-1000.00;-1000.00
2113.205;187;0.99;0.09;29.34;0.95;-0.35;0.00;0.00;-0.50;403;0;1;2;0.37;-0.50;-0.49;0.02;-0.01;0.04;-0.01;-0.19;0.95;-0.35;0.00;0.00;-0.50;0.026;-0.72;2.36;-1000.00;-1000.00
2113.305;200;0.93;0.06;27.77;0.95;-0.35;0.00;0.00;-0.50;403;0;1;2;0.36;-0.50;-0.49;0.02;-0.01;0.03;0.00;-0.22;0.95;-0.35;-0.00;0.00;-0.50;0.027;-0.65;2.38;-1000.00;-1000.00
2113.425;211;0.88;0.04;26.61;0.95;-0.35;0.00;0.00;-0.50;403;0;1;2;0.36;-0.50;-0.49;0.02;-0.01;0.04;-0.01;-0.22;0.90;-0.35;-0.00;0.00;-0.50;0.039;-0.60;2.39;-1000.00;-1000.00
2113.525;220;0.84;0.02;25.72;0.95;-0.35;0.00;0.00;-0.50;403;0;1;2;0.36;-0.49;-0.50;0.02;-0.01;-0.02;0.01;-0.16;0.86;-0.35;-0.00;0.00;-0.50;0.036;-0.56;2.41;-1000.00;-1000.00
2113.625;231;0.79;0.00;24.56;0.95;-0.35;0.00;0.00;-0.50;403;0;1;2;0.35;-0.49;-0.49;0.01;-0.01;-0.08;0.05;-0.15;0.82;-0.35;-0.00;0.00;-0.50;0.042;-0.53;2.42;-1000.00;-1000.00
2113.735;239;0.75;-0.01;23.78;0.95;-0.35;0.00;0.00;-0.50;403;0;1;2;0.35;-0.49;-0.48;-0.00;-0.01;-0.09;0.07;-0.16;0.77;-0.35;-0.00;0.00;-0.50;0.046;-0.50;2.43;-1000.00;-1000.00
2113.845;254;0.69;-0.04;22.20;0.95;-0.35;0.00;0.00;-0.50;403;0;1;2;0.34;-0.48;-0.47;0.01;-0.01;0.06;-0.04;-0.21;0.73;-0.35;-0.00;0.00;-0.50;0.052;-0.44;2.44;-1000.00;-1000.00
2113.925;258;0.67;-0.05;21.85;0.95;-0.35;0.00;0.00;-0.50;403;0;1;2;0.34;-0.48;-0.47;0.02;-0.01;0.05;-0.02;-0.15;0.69;-0.35;-0.00;0.00;-0.50;0.047;-0.43;2.45;-1000.00;-1000.00
2114.055;273;0.60;-0.07;20.71;0.95;-0.35;0.00;0.00;-0.50;403;0;1;2;0.34;-0.48;-0.46;0.01;-0.01;0.04;-0.02;-0.14;0.66;-0.35;-0.00;0.00;-0.50;0.060;-0.37;2.45;-1000.00;-1000.00
2114.145;281;0.57;-0.08;20.08;0.95;-0.35;0.00;0.00;-0.50;403;0;1;2;0.34;-0.47;-0.45;0.01;-0.00;0.02;-0.00;-0.15;0.66;-0.35;-0.00;0.00;-0.50;0.048;-0.34;2.45;-1000.00;-1000.00
2114.225;289;0.54;-0.10;19.46;0.95;-0.35;0.00;0.00;-0.50;403;0;1;2;0.34;-0.45;-0.45;0.01;-0.00;0.02;0.00;-0.13;0.66;-0.35;-0.00;0.00;-0.50;0.043;-0.30;2.45;-1000.00;-1000.00
2114.325;300;0.49;-0.11;18.69;0.95;-0.35;0.00;0.00;-0.50;403;0;1;2;0.34;-0.44;-0.44;0.02;-0.01;0.03;-0.01;-0.11;0.66;-0.35;-0.00;0.00;-0.50;0.047;-0.25;2.45;-1000.00;-1000.00
2114.425;309;0.45;-0.12;18.27;0.95;-0.35;0.00;0.00;-0.50;403;0;1;2;0.34;-0.42;-0.42;0.01;-0.00;0.03;-0.01;-0.08;0.66;-0.35;-0.00;0.00;-0.50;0.043;-0.21;2.44;-1000.00;-1000.00
2114.505;319;0.41;-0.13;17.87;0.95;-0.35;0.00;0.00;-0.50;403;0;1;2;0.35;-0.39;-0.41;0.02;-0.00;0.03;-0.02;-0.07;0.66;-0.35;-0.00;0.00;-0.50;0.024;-0.17;2.44;-1000.00;-1000.00
2114.635;333;0.35;-0.14;16.55;0.95;-0.35;0.00;0.00;-0.50;403;0;1;2;0.31;-0.36;-0.40;0.06;-0.01;0.05;-0.05;-0.24;0.66;-0.35;-0.00;0.00;-0.50;0.061;-0.11;2.44;-1000.00;-1000.00
2114.715;338;0.34;-0.15;16.16;0.95;-0.35;0.00;0.00;-0.50;403;0;1;2;0.30;-0.33;-0.38;0.03;-0.01;-0.07;0.06;-0.08;0.66;-0.35;-0.00;0.00;-0.50;0.037;-0.08;2.44;-1000.00;-1000.00
2114.805;346;0.31;-0.15;15.56;0.95;-0.35;0.00;0.00;-0.50;403;0;1;2;0.28;-0.30;-0.35;0.04;-0.01;0.04;-0.04;-0.09;0.66;-0.35;-0.00;0.00;-0.50;0.023;-0.05;2.44;-1000.00;-1000.00
2114.915;356;0.28;-0.16;15.18;0.95;-0.35;0.00;0.00;-0.50;403;0;1;2;0.28;-0.26;-0.29;0.01;-0.01;0.06;-0.06;-0.09;0.66;-0.35;-0.00;0.00;-0.50;0.032;-0.00;2.43;-1000.00;-1000.00
2115.035;370;0.24;-0.17;15.12;0.95;-0.35;0.00;0.00;-0.50;403;0;1;2;0.30;-0.23;-0.26;0.00;-0.01;0.01;-0.00;0.01;0.66;-0.35;-0.00;0.00;-0.50;0.058;0.06;2.43;-1000.00;-1000.00
2115.125;381;0.21;-0.18;15.21;0.95;-0.35;0.00;0.00;-0.50;403;0;1;2;0.32;-0.19;-0.23;0.00;-0.01;-0.06;0.06;0.06;0.66;-0.35;-0.00;0.00;-0.50;0.032;0.11;2.43;-1000.00;-1000.00
2115.215;389;0.20;-0.18;15.41;0.95;-0.35;0.00;0.00;-0.50;403;0;1;2;0.34;-0.15;-0.18;0.01;-0.01;0.06;-0.06;0.02;0.66;-0.35;-0.00;0.00;-0.50;0.032;0.15;2.43;-1000.00;-1000.00
2115.325;399;0.18;-0.18;15.70;0.95;-0.35;0.00;0.00;-0.50;403;0;1;2;0.37;-0.11;-0.15;0.00;-0.01;-0.04;0.04;0.09;0.66;-0.35;-0.00;0.00;-0.50;0.030;0.19;2.43;-1000.00;-1000.00
2115.415;409;0.17;-0.19;16.10;0.95;-0.35;0.00;0.00;-0.50;403;0;1;2;0.40;-0.07;-0.11;0.00;-0.01;0.02;-0.01;0.08;0.66;-0.35;-0.00;0.00;-0.50;0.033;0.24;2.42;-1000.00;-1000.00
2115.505;418;0.16;-0.19;16.65;0.95;-0.35;0.00;0.00;-0.50;403;0;1;2;0.43;-0.03;-0.08;0.00;-0.01;-0.05;0.05;0.13;0.66;-0.35;-0.00;0.00;-0.50;0.026;0.28;2.42;-1000.00;-1000.00
2115.605;428;0.15;-0.19;17.25;0.95;-0.35;0.00;0.00;-0.50;403;0;1;2;0.46;0.00;-0.03;0.00;-0.01;0.06;-0.05;0.11;0.66;-0.35;-0.00;0.00;-0.50;0.023;0.33;2.42;-1000.00;-1000.00
2115.735;440;0.15;-0.19;18.19;0.95;-0.35;0.00;0.00;-0.50;403;0;1;2;0.51;0.04;0.01;-0.00;-0.01;0.04;-0.03;0.12;0.66;-0.35;-0.00;0.00;-0.50;0.044;0.38;2.42;-1000.00;-1000.00
2115.815;447;0.15;-0.19;18.69;0.95;-0.35;0.00;0.00;-0.50;403;0;1;2;0.54;0.07;0.02;-0.00;-0.00;0.01;0.01;0.18;0.66;-0.35;-0.00;0.00;-0.50;0.025;0.41;2.42;-1000.00;-1000.00
2115.945;462;0.16;-0.19;20.16;0.95;-0.35;0.00;0.00;-0.50;403;0;1;2;0.60;0.10;0.07;0.00;0.00;-0.00;0.01;0.14;0.66;-0.35;-0.00;0.00;-0.50;0.051;0.48;2.41;-1000.00;-1000.00
2116.005;466;0.16;-0.19;20.48;0.95;-0.35;0.00;0.00;-0.50;403;0;1;2;0.61;0.13;0.08;0.00;0.00;0.00;-0.00;0.19;0.66;-0.35;-0.00;0.00;-0.50;0.022;0.50;2.41;-1000.00;-1000.00
2116.115;481;0.18;-0.18;22.14;0.95;-0.35;0.00;0.00;-0.50;403;0;1;2;0.68;0.15;0.13;-0.00;-0.00;0.01;0.07;0.17;0.66;-0.35;-0.00;0.00;-0.50;0.029;0.57;2.41;-1000.00;-1000.00
2116.225;489;0.19;-0.18;23.21;0.95;-0.35;0.00;0.00;-0.50;403;0;1;2;0.72;0.18;0.16;-0.00;-0.01;-0.01;-0.05;0.27;0.66;-0.35;-0.00;0.00;-0.50;0.037;0.61;2.41;-1000.00;-1000.00
2116.335;502;0.21;-0.17;25.24;0.95;-0.35;0.00;0.00;-0.50;403;0;1;2;0.78;0.20;0.19;0.00;-0.01;-0.01;-0.05;0.29;0.66;-0.35;-0.00;0.00;-0.50;0.043;0.67;2.41;-1000.00;-1000.00
2116.425;509;0.22;-0.16;26.43;0.95;-0.35;0.00;0.00;-0.50;403;0;1;2;0.79;0.21;0.19;0.00;-0.01;0.01;0.10;0.31;0.66;-0.35;-0.00;0.00;-0.50;0.043;0.70;2.41;-1000.00;-1000.00
2116.515;517;0.24;-0.16;28.19;0.95;-0.35;0.00;0.00;-0.50;403;0;1;2;0.79;0.23;0.20;-0.03;-0.01;0.01;0.09;0.36;0.66;-0.35;-0.00;0.00;-0.50;0.019;0.74;2.41;-1000.00;-1000.00
2116.635;532;0.27;-0.15;31.90;0.95;-0.35;0.00;0.00;-0.50;403;0;1;2;0.79;0.24;0.23;-0.08;-0.01;0.02;-0.15;0.53;0.66;-0.35;-0.00;0.00;-0.50;0.047;0.81;2.40;-1000.00;-1000.00
2116.725;541;0.29;-0.14;34.37;0.95;-0.35;0.00;0.00;-0.50;403;0;1;2;0.79;0.25;0.21;-0.05;-0.01;0.01;-0.01;0.46;0.66;-0.35;-0.00;0.00;-0.50;0.033;0.84;2.40;-1000.00;-1000.00
2116.825;552;0.31;-0.13;37.27;0.95;-0.35;0.00;0.00;-0.50;403;0;1;2;0.79;0.25;0.22;-0.04;-0.01;-0.03;0.17;0.43;0.66;-0.35;-0.00;0.00;-0.50;0.042;0.84;2.41;-1000.00;-1000.00
2116.935;560;0.33;-0.12;39.65;0.95;-0.35;0.00;0.00;-0.50;403;0;1;2;0.79;0.25;0.23;-0.04;-0.01;-0.02;0.11;0.46;0.66;-0.35;-0.00;0.00;-0.50;0.056;0.84;2.41;-1000.00;-1000.00
2117.035;571;0.35;-0.11;42.92;0.95;-0.35;0.00;0.00;-0.50;403;0;1;2;0.79;0.25;0.24;-0.06;-0.01;0.01;-0.05;0.54;0.66;-0.35;-0.00;0.00;-0.50;0.049;0.84;2.41;-1000.00;-1000.00
2117.135;580;0.37;-0.10;45.57;0.95;-0.35;0.00;0.00;-0.50;403;0;1;2;0.79;0.25;0.23;-0.06;-0.01;0.02;-0.05;0.53;0.66;-0.35;-0.00;0.00;-0.50;0.047;0.84;2.41;-1000.00;-1000.00
2117.225;589;0.39;-0.09;48.12;0.95;-0.35;0.00;0.00;-0.50;403;0;1;2;0.79;0.25;0.23;-0.07;-0.01;0.02;-0.05;0.52;0.66;-0.35;-0.00;0.00;-0.50;0.046;0.84;2.41;-1000.00;-1000.00
2117.345;604;0.42;-0.07;52.28;0.95;-0.35;0.00;0.00;-0.50;403;0;1;2;0.79;0.24;0.22;-0.05;-0.01;-0.00;-0.04;0.47;0.66;-0.35;-0.00;0.00;-0.50;0.066;0.84;2.41;-1000.00;-1000.00
2117.465;614;0.43;-0.05;54.89;0.95;-0.35;0.00;0.00;-0.50;403;0;1;2;0.79;0.23;0.22;-0.06;-0.01;0.02;-0.04;0.46;0.66;-0.35;-0.00;0.00;-0.50;0.094;0.84;2.41;-1000.00;-1000.00
2117.535;620;0.44;-0.04;56.39;0.95;-0.35;0.00;0.00;-0.50;403;0;1;2;0.79;0.22;0.21;-0.05;-0.01;-0.00;-0.04;0.43;0.66;-0.35;-0.00;0.00;-0.50;0.052;0.84;2.41;-1000.00;-1000.00
2117.625;628;0.46;-0.03;58.25;0.95;-0.35;0.00;0.00;-0.50;403;0;1;2;0.79;0.21;0.21;-0.04;-0.01;-0.01;-0.04;0.38;0.66;-0.35;-0.00;0.00;-0.50;0.041;0.84;2.41;-1000.00;-1000.00
2117.775;643;0.47;-0.01;61.25;0.95;-0.35;0.00;0.00;-0.50;403;0;1;2;0.79;0.20;0.21;-0.03;-0.01;0.01;-0.04;0.34;0.66;-0.35;-0.00;0.00;-0.50;0.091;0.85;2.41;-1000.00;-1000.00
2117.855;654;0.49;0.01;63.27;0.95;-0.35;0.00;0.00;-0.50;403;0;1;2;0.79;0.18;0.19;-0.02;-0.00;-0.01;-0.03;0.29;0.66;-0.35;-0.00;0.00;-0.50;0.076;0.85;2.41;-1000.00;-1000.00
2117.935;662;0.50;0.02;64.44;0.95;-0.35;0.00;0.00;-0.50;403;0;1;2;0.79;0.17;0.19;-0.01;-0.00;-0.03;0.04;0.21;0.66;-0.35;-0.00;0.00;-0.50;0.050;0.85;2.41;-1000.00;-1000.00
2118.035;671;0.50;0.04;65.53;0.95;-0.35;0.00;0.00;-0.50;403;0;1;2;0.79;0.16;0.19;-0.01;-0.00;0.02;-0.05;0.23;0.66;-0.35;-0.00;0.00;-0.50;0.049;0.85;2.41;-1000.00;-1000.00
2118.135;680;0.51;0.05;66.44;0.95;-0.35;0.00;0.00;-0.50;403;0;1;2;0.79;0.14;0.17;-0.00;-0.00;0.00;-0.02;0.14;0.66;-0.35;-0.00;0.00;-0.50;0.056;0.85;2.41;-1000.00;-1000.00
2118.235;690;0.52;0.07;67.30;0.95;-0.35;0.00;0.00;-0.50;403;0;1;2;0.79;0.13;0.16;-0.01;-0.00;0.01;-0.04;0.13;0.66;-0.35;-0.00;0.00;-0.50;0.048;0.85;2.41;-1000.00;-1000.00
2118.315;698;0.52;0.08;67.76;0.95;-0.35;0.00;0.00;-0.50;403;0;1;2;0.79;0.12;0.15;-0.01;-0.00;-0.00;-0.02;0.07;0.66;-0.35;-0.00;0.00;-0.50;0.023;0.85;2.41;-1000.00;-1000.00
2118.465;712;0.53;0.10;68.14;0.95;-0.35;0.00;0.00;-0.50;403;0;1;2;0.79;0.10;0.13;0.00;-0.00;-0.01;-0.01;0.03;0.66;-0.35;-0.00;0.00;-0.50;0.079;0.85;2.41;-1000.00;-1000.00
2118.565;723;0.53;0.11;68.14;0.95;-0.35;0.00;0.00;-0.50;403;0;1;2;0.79;0.09;0.12;-0.00;-0.00;0.02;-0.04;-0.01;0.66;-0.35;-0.00;0.00;-0.50;0.065;0.85;2.41;-1000.00;-1000.00
2118.625;728;0.54;0.11;68.06;0.95;-0.35;0.00;0.00;-0.50;403;0;1;2;0.79;0.07;0.11;-0.01;-0.01;0.04;-0.06;0.01;0.66;-0.35;-0.00;0.00;-0.50;0.042;0.85;2.41;-1000.00;-1000.00
2118.725;738;0.54;0.12;67.73;0.95;-0.35;0.00;0.00;-0.50;403;0;1;2;0.79;0.06;0.08;0.00;-0.00;-0.03;0.03;-0.10;0.66;-0.35;-0.00;0.00;-0.50;0.047;0.85;2.41;-1000.00;-1000.00
2118.825;748;0.54;0.13;67.30;0.95;-0.35;0.00;0.00;-0.50;403;0;1;2;0.79;0.05;0.08;0.00;-0.01;0.04;-0.06;-0.08;0.66;-0.35;-0.00;0.00;-0.50;0.042;0.87;2.40;-1000.00;-1000.00
2118.955;762;0.54;0.14;66.41;0.95;-0.35;0.00;0.00;-0.50;403;0;1;2;0.79;0.03;0.06;-0.00;-0.01;0.04;-0.06;-0.09;0.66;-0.35;-0.00;0.00;-0.50;0.081;0.93;2.40;-1000.00;-1000.00
2119.025;770;0.55;0.14;65.94;0.95;-0.35;0.00;0.00;-0.50;403;0;1;2;0.79;0.02;0.05;-0.00;-0.01;0.04;-0.06;-0.11;0.66;-0.35;-0.00;0.00;-0.50;0.040;0.97;2.40;-1000.00;-1000.00
2119.125;780;0.55;0.14;65.17;0.95;-0.35;0.00;0.00;-0.50;403;0;1;2;0.79;0.01;0.03;0.00;-0.01;0.04;-0.06;-0.11;0.66;-0.35;-0.00;0.00;-0.50;0.046;1.01;2.40;-1000.00;-1000.00
2119.235;790;0.55;0.15;64.38;0.95;-0.35;0.00;0.00;-0.50;403;0;1;2;0.79;-0.00;0.01;0.01;-0.01;0.02;-0.03;-0.12;0.66;-0.35;-0.00;0.00;-0.50;0.054;1.05;2.40;-1000.00;-1000.00
2119.355;805;0.55;0.15;63.30;0.95;-0.35;0.00;0.00;-0.50;403;0;1;2;0.79;-0.01;0.00;0.00;-0.00;0.00;-0.03;-0.11;0.66;-0.35;-0.00;0.00;-0.50;0.081;1.12;2.39;-1000.00;-1000.00
2119.455;813;0.55;0.15;62.76;0.95;-0.35;0.00;0.00;-0.50;403;0;1;2;0.79;-0.02;-0.01;0.00;-0.00;0.00;-0.02;-0.12;0.66;-0.35;-0.00;0.00;-0.50;0.074;1.16;2.39;-1000.00;-1000.00
2119.575;824;0.55;0.15;62.17;0.95;-0.35;0.00;0.00;-0.50;403;0;1;2;0.79;-0.03;-0.02;-0.00;-0.00;-0.01;0.00;-0.09;0.66;-0.35;-0.00;0.00;-0.50;0.097;1.20;2.39;-1000.00;-1000.00
2119.665;833;0.55;0.14;61.72;0.95;-0.35;0.00;0.00;-0.50;403;0;1;2;0.79;-0.04;-0.03;-0.00;-0.00;-0.00;0.01;-0.10;0.66;-0.35;-0.00;0.00;-0.50;0.084;1.24;2.39;-1000.00;-1000.00
2119.775;844;0.54;0.14;61.19;0.95;-0.35;0.00;0.00;-0.50;403;0;1;2;0.79;-0.05;-0.04;-0.00;-0.00;0.02;0.01;-0.06;0.66;-0.35;-0.00;0.00;-0.50;0.091;1.29;2.39;-1000.00;-1000.00
2119.825;847;0.54;0.14;61.06;0.95;-0.35;0.00;0.00;-0.50;403;0;1;2;0.79;-0.06;-0.04;0.00;-0.00;-0.02;0.01;-0.08;0.66;-0.35;-0.00;0.00;-0.50;0.039;1.31;2.38;-1000.00;-1000.00
2119.915;858;0.54;0.13;60.39;0.95;-0.35;0.00;0.00;-0.50;403;0;1;2;0.79;-0.06;-0.06;0.00;-0.00;-0.01;0.01;-0.11;0.66;-0.35;-0.00;0.00;-0.50;0.028;1.36;2.38;-1000.00;-1000.00
2120.015;870;0.54;0.13;59.99;0.95;-0.35;0.00;0.00;-0.50;403;0;1;2;0.79;-0.07;-0.05;0.01;-0.01;0.02;0.01;-0.07;0.66;-0.35;-0.00;0.00;-0.50;0.028;1.41;2.38;-1000.00;-1000.00
2120.095;877;0.53;0.13;59.67;0.95;-0.35;0.00;0.00;-0.50;403;0;1;2;0.79;-0.08;-0.06;0.00;-0.01;0.01;0.00;-0.08;0.66;-0.35;-0.00;0.00;-0.50;0.027;1.44;2.38;-1000.00;-1000.00
2120.235;890;0.53;0.12;59.16;0.95;-0.35;0.00;0.00;-0.50;403;0;1;2;0.79;-0.08;-0.06;0.00;-0.01;0.05;0.01;-0.07;0.66;-0.35;-0.00;0.00;-0.50;0.049;1.50;2.38;-1000.00;-1000.00
2120.345;902;0.53;0.11;58.74;0.95;-0.35;0.00;0.00;-0.50;403;0;1;2;0.79;-0.09;-0.07;0.00;-0.01;0.05;0.01;-0.07;0.66;-0.35;-0.00;0.00;-0.50;0.058;1.56;2.38;-1000.00;-1000.00
2120.415;907;0.52;0.11;58.58;0.95;-0.35;0.00;0.00;-0.50;403;0;1;2;0.79;-0.09;-0.07;0.00;-0.01;0.05;0.01;-0.07;0.66;-0.35;-0.00;0.00;-0.50;0.028;1.58;2.38;-1000.00;-1000.00
2120.525;918;0.52;0.10;58.20;0.95;-0.35;0.00;0.00;-0.50;403;0;1;2;0.79;-0.09;-0.08;0.00;-0.01;0.04;0.00;-0.07;0.66;-0.35;-0.00;0.00;-0.50;0.030;1.63;2.37;-1000.00;-1000.00
2120.645;931;0.51;0.09;57.80;0.95;-0.35;0.00;0.00;-0.50;403;0;1;2;0.79;-0.10;-0.08;0.00;-0.01;0.04;0.00;-0.06;0.66;-0.35;-0.00;0.00;-0.50;0.054;1.69;2.37;-1000.00;-1000.00
2120.725;937;0.51;0.09;57.64;0.95;-0.35;0.00;0.00;-0.50;403;0;1;2;0.79;-0.10;-0.08;0.00;-0.01;0.04;0.00;-0.06;0.66;-0.35;-0.00;0.00;-0.50;0.039;1.72;2.37;-1000.00;-1000.00
2120.825;949;0.51;0.08;57.33;0.95;-0.35;0.00;0.00;-0.50;403;0;1;2;0.79;-0.10;-0.08;0.00;-0.01;0.05;0.00;-0.06;0.66;-0.35;-0.00;0.00;-0.50;0.038;1.76;2.37;-1000.00;-1000.00
2120.925;959;0.50;0.07;57.11;0.95;-0.35;0.00;0.00;-0.50;403;0;1;2;0.79;-0.10;-0.08;0.00;-0.01;0.05;0.00;-0.05;0.66;-0.35;-0.00;0.00;-0.50;0.045;1.79;2.37;-1000.00;-1000.00
2121.065;975;0.49;0.06;56.83;0.95;-0.35;0.00;0.00;-0.50;403;0;1;2;0.79;-0.10;-0.08;0.00;-0.01;0.05;-0.00;-0.05;0.66;-0.35;-0.00;0.00;-0.50;0.085;1.82;2.36;-1000.00;-1000.00
2121.135;981;0.49;0.06;56.74;0.95;-0.35;0.00;0.00;-0.50;403;0;1;2;0.79;-0.10;-0.08;0.00;-0.01;0.05;-0.00;-0.04;0.66;-0.35;-0.00;0.00;-0.50;0.056;1.83;2.36;-1000.00;-1000.00
2121.275;995;0.48;0.05;56.58;0.95;-0.35;0.00;0.00;-0.50;403;0;1;2;0.79;-0.10;-0.08;0.00;-0.01;0.05;-0.00;-0.04;0.66;-0.35;-0.00;0.00;-0.50;0.082;1.84;2.36;-1000.00;-1000.00
2121.335;999;0.48;0.04;56.55;0.95;-0.35;0.00;0.00;-0.50;403;0;1;2;0.79;-0.10;-0.08;0.00;-0.01;0.05;-0.00;-0.03;0.66;-0.35;-0.00;0.00;-0.50;0.051;1.84;2.36;-1000.00;-1000.00
2121.405;1008;0.48;0.04;56.49;0.95;-0.35;0.00;0.00;-0.50;403;0;1;2;0.79;-0.09;-0.08;0.00;-0.01;0.05;-0.00;-0.03;0.66;-0.35;-0.00;0.00;-0.50;0.028;1.84;2.36;-1000.00;-1000.00
2121.525;1018;0.47;0.03;56.46;0.95;-0.35;0.00;0.00;-0.50;403;0;1;2;0.79;-0.09;-0.08;0.00;-0.01;0.05;-0.00;-0.02;0.66;-0.35;-0.00;0.00;-0.50;0.032;1.83;2.36;-1000.00;-1000.00
2121.655;1033;0.46;0.02;56.45;0.95;-0.35;0.00;0.00;-0.50;403;0;1;2;0.79;-0.09;-0.08;0.00;-0.01;0.05;-0.00;-0.02;0.66;-0.35;-0.00;0.00;-0.50;0.069;1.81;2.36;-1000.00;-1000.00
2121.725;1038;0.46;0.02;56.45;0.95;-0.35;0.00;0.00;-0.50;403;0;1;2;0.79;-0.09;-0.07;0.00;-0.01;0.05;-0.00;-0.01;0.66;-0.35;-0.00;0.00;-0.50;0.044;1.80;2.37;-1000.00;-1000.00
2121.845;1052;0.46;0.01;56.51;0.95;-0.35;0.00;0.00;-0.50;403;0;1;2;0.79;-0.08;-0.07;0.00;-0.01;0.05;-0.00;-0.01;0.66;-0.35;-0.00;0.00;-0.50;0.056;1.77;2.37;-1000.00;-1000.00
2121.905;1056;0.45;0.01;56.53;0.95;-0.35;0.00;0.00;-0.50;403;0;1;2;0.79;-0.08;-0.07;0.00;-0.01;0.05;-0.00;-0.01;0.66;-0.35;-0.00;0.00;-0.50;0.024;1.76;2.37;-1000.00;-1000.00
2122.025;1072;0.45;-0.00;56.67;0.95;-0.35;0.00;0.00;-0.50;403;0;1;2;0.79;-0.07;-0.06;0.00;-0.01;0.04;0.00;0.00;0.66;-0.35;-0.00;0.00;-0.50;0.033;1.71;2.37;-1000.00;-1000.00
2122.135;1081;0.44;-0.01;56.76;0.95;-0.35;0.00;0.00;-0.50;403;0;1;2;0.79;-0.07;-0.06;0.00;-0.01;0.04;0.00;0.01;0.66;-0.35;-0.00;0.00;-0.50;0.047;1.68;2.37;-1000.00;-1000.00
2122.235;1091;0.44;-0.01;56.88;0.95;-0.35;0.00;0.00;-0.50;403;0;1;2;0.79;-0.06;-0.06;0.00;-0.01;0.04;0.00;0.01;0.66;-0.35;-0.00;0.00;-0.50;0.046;1.64;2.37;-1000.00;-1000.00
2122.355;1105;0.44;-0.02;57.07;0.95;-0.35;0.00;0.00;-0.50;403;0;1;2;0.79;-0.06;-0.05;0.00;-0.01;0.03;0.00;0.01;0.66;-0.35;-0.00;0.00;-0.50;0.066;1.59;2.37;-1000.00;-1000.00
2122.435;1110;0.44;-0.02;57.13;0.95;-0.35;0.00;0.00;-0.50;403;0;1;2;0.79;-0.05;-0.05;0.00;-0.01;0.03;0.00;0.02;0.66;-0.35;-0.00;0.00;-0.50;0.033;1.57;2.37;-1000.00;-1000.00
2122.525;1119;0.43;-0.03;57.28;0.95;-0.35;0.00;0.00;-0.50;403;0;1;2;0.79;-0.05;-0.04;0.00;-0.01;0.03;0.00;0.02;0.66;-0.35;-0.00;0.00;-0.50;0.044;1.53;2.37;-1000.00;-1000.00
2122.635;1129;0.43;-0.03;57.49;0.95;-0.35;0.00;0.00;-0.50;403;0;1;2;0.79;-0.04;-0.05;0.00;-0.01;-0.07;0.01;0.08;0.66;-0.35;-0.00;0.00;-0.50;0.051;1.49;2.37;-1000.00;-1000.00
2122.725;1138;0.43;-0.03;57.62;0.95;-0.35;0.00;0.00;-0.50;403;0;1;2;0.79;-0.04;-0.04;-0.00;-0.01;0.03;0.01;0.03;0.66;-0.35;-0.00;0.00;-0.50;0.040;1.45;2.37;-1000.00;-1000.00
2122.845;1152;0.43;-0.04;57.85;0.95;-0.35;0.00;0.00;-0.50;403;0;1;2;0.79;-0.03;-0.03;-0.00;-0.01;0.02;0.01;0.02;0.66;-0.35;-0.00;0.00;-0.50;0.060;1.39;2.37;-1000.00;-1000.00
2122.925;1161;0.43;-0.04;57.98;0.95;-0.35;0.00;0.00;-0.50;403;0;1;2;0.79;-0.03;-0.02;-0.00;-0.00;0.02;0.01;0.03;0.66;-0.35;-0.00;0.00;-0.50;0.042;1.35;2.37;-1000.00;-1000.00
2123.035;1171;0.42;-0.04;58.17;0.95;-0.35;0.00;0.00;-0.50;403;0;1;2;0.79;-0.02;-0.02;-0.00;-0.00;0.01;0.01;0.03;0.66;-0.35;-0.00;0.00;-0.50;0.046;1.30;2.37;-1000.00;-1000.00
2123.145;1182;0.42;-0.04;58.39;0.95;-0.35;0.00;0.00;-0.50;403;0;1;2;0.79;-0.02;-0.02;-0.00;-0.00;0.01;0.01;0.03;0.66;-0.35;-0.00;0.00;-0.50;0.055;1.25;2.37;-1000.00;-1000.00
2123.235;1190;0.42;-0.04;58.55;0.95;-0.35;0.00;0.00;-0.50;403;0;1;2;0.79;-0.02;-0.01;-0.00;-0.00;0.01;0.01;0.04;0.66;-0.35;-0.00;0.00;-0.50;0.048;1.21;2.37;-1000.00;-1000.00
2123.345;1201;0.42;-0.05;58.71;0.95;-0.35;0.00;0.00;-0.50;403;0;1;2;0.79;-0.01;-0.01;0.00;-0.00;-0.01;0.01;-0.00;0.66;-0.35;-0.00;0.00;-0.50;0.061;1.16;2.37;-1000.00;-1000.00
2123.465;1215;0.42;-0.05;58.81;0.95;-0.35;0.00;0.00;-0.50;403;0;1;2;0.79;-0.01;-0.01;0.00;-0.00;-0.00;0.01;0.01;0.66;-0.35;-0.00;0.00;-0.50;0.077;1.09;2.37;-1000.00;-1000.00
2123.535;1221;0.42;-0.05;58.87;0.95;-0.35;0.00;0.00;-0.50;403;0;1;2;0.79;-0.00;-0.01;0.00;-0.00;-0.00;0.00;0.02;0.66;-0.35;-0.00;0.00;-0.50;0.050;1.06;2.37;-1000.00;-1000.00
2123.645;1234;0.42;-0.05;59.08;0.95;-0.35;0.00;0.00;-0.50;403;0;1;2;0.79;0.00;-0.00;0.00;-0.00;-0.00;0.00;0.02;0.66;-0.35;-0.00;0.00;-0.50;0.056;0.99;2.37;-1000.00;-1000.00
2123.785;1247;0.42;-0.05;59.30;0.95;-0.35;0.00;0.00;-0.50;403;0;1;2;0.79;0.00;0.00;0.00;-0.00;-0.00;0.00;0.03;0.66;-0.35;-0.00;0.00;-0.50;0.097;0.93;2.37;-1000.00;-1000.00
2123.865;1252;0.42;-0.05;59.38;0.95;-0.35;0.00;0.00;-0.50;403;0;1;2;0.79;0.01;0.01;0.00;-0.00;0.00;-0.00;0.03;0.66;-0.35;-0.00;0.00;-0.50;0.081;0.90;2.37;-1000.00;-1000.00
2123.985;1267;0.42;-0.05;59.66;0.95;-0.35;0.00;0.00;-0.50;403;0;1;2;0.79;0.01;0.01;0.00;-0.00;-0.00;0.00;0.03;0.66;-0.35;-0.00;0.00;-0.50;0.095;0.83;2.37;-1000.00;-1000.00
2124.025;1271;0.42;-0.05;59.73;0.95;-0.35;0.00;0.00;-0.50;403;0;1;2;0.79;0.01;0.01;-0.00;-0.00;-0.00;-0.00;0.04;0.66;-0.35;-0.00;0.00;-0.50;0.040;0.81;2.37;-1000.00;-1000.00
2124.125;1281;0.42;-0.04;59.95;0.95;-0.35;0.00;0.00;-0.50;403;0;1;2;0.79;0.02;0.02;0.00;-0.00;-0.00;-0.00;0.04;0.66;-0.35;-0.00;0.00;-0.50;0.044;0.76;2.37;-1000.00;-1000.00
2124.225;1291;0.42;-0.04;60.15;0.95;-0.35;0.00;0.00;-0.50;403;0;1;2;0.79;0.02;0.02;0.00;-0.00;-0.01;0.00;0.03;0.66;-0.35;-0.00;0.00;-0.50;0.035;0.73;2.38;-1000.00;-1000.00
2124.335;1300;0.42;-0.04;60.32;0.95;-0.35;0.00;0.00;-0.50;403;0;1;2;0.79;0.02;0.02;0.00;-0.00;-0.01;0.00;0.03;0.66;-0.35;-0.00;0.00;-0.50;0.054;0.70;2.39;-1000.00;-1000.00
2124.415;1310;0.43;-0.04;60.50;0.95;-0.35;0.00;0.00;-0.50;403;0;1;2;0.79;0.03;0.02;-0.00;-0.00;-0.01;0.00;0.03;0.66;-0.35;-0.00;0.00;-0.50;0.037;0.67;2.40;-1000.00;-1000.00
2124.505;1319;0.43;-0.04;60.66;0.95;-0.35;0.00;0.00;-0.50;403;0;1;2;0.79;0.03;0.03;-0.00;-0.00;-0.01;0.00;0.03;0.66;-0.35;-0.00;0.00;-0.50;0.027;0.65;2.42;-1000.00;-1000.00
2124.635;1329;0.43;-0.03;60.81;0.95;-0.35;0.00;0.00;-0.50;403;0;1;2;0.79;0.03;0.03;-0.00;-0.00;-0.01;-0.00;0.02;0.66;-0.35;-0.00;0.00;-0.50;0.048;0.63;2.43;-1000.00;-1000.00
2124.715;1338;0.43;-0.03;60.90;0.95;-0.35;0.00;0.00;-0.50;403;0;1;2;0.79;0.03;0.03;-0.00;-0.00;-0.01;-0.00;0.02;0.66;-0.35;-0.00;0.00;-0.50;0.036;0.62;2.44;-1000.00;-1000.00
2124.825;1348;0.43;-0.03;61.02;0.95;-0.35;0.00;0.00;-0.50;403;0;1;2;0.79;0.03;0.03;-0.00;-0.00;-0.01;-0.00;0.02;0.66;-0.35;-0.00;0.00;-0.50;0.044;0.60;2.45;-1000.00;-1000.00
2124.995;1367;0.43;-0.02;61.23;0.95;-0.35;0.00;0.00;-0.50;403;0;1;2;0.79;0.03;0.03;-0.00;-0.00;-0.01;-0.00;0.01;0.66;-0.35;-0.00;0.00;-0.50;0.103;0.58;2.47;-1000.00;-1000.00
2125.045;1371;0.43;-0.02;61.26;0.95;-0.35;0.00;0.00;-0.50;403;0;1;2;0.79;0.03;0.03;-0.00;-0.00;-0.01;-0.00;0.02;0.66;-0.35;-0.00;0.00;-0.50;0.053;0.58;2.47;-1000.00;-1000.00
2125.145;1380;0.44;-0.02;61.34;0.95;-0.35;0.00;0.00;-0.50;403;0;1;2;0.79;0.03;0.03;-0.00;-0.00;-0.01;-0.00;0.02;0.66;-0.35;-0.00;0.00;-0.50;0.063;0.58;2.47;-1000.00;-1000.00
2125.225;1391;0.44;-0.02;61.44;0.95;-0.35;0.00;0.00;-0.50;403;0;1;2;0.79;0.03;0.03;-0.00;-0.00;-0.00;-0.00;0.01;0.66;-0.35;-0.00;0.00;-0.50;0.038;0.58;2.47;-1000.00;-1000.00
2125.325;1399;0.44;-0.01;61.50;0.95;-0.35;0.00;0.00;-0.50;403;0;1;2;0.79;0.03;0.03;-0.00;-0.00;-0.00;-0.00;0.01;0.66;-0.35;-0.00;0.00;-0.50;0.039;0.58;2.47;-1000.00;-1000.00
2125.435;1410;0.44;-0.01;61.57;0.95;-0.35;0.00;0.00;-0.50;403;0;1;2;0.79;0.03;0.03;-0.00;-0.00;-0.00;-0.00;0.01;0.66;-0.35;-0.00;0.00;-0.50;0.049;0.58;2.47;-1000.00;-1000.00
2125.555;1424;0.44;-0.01;61.64;0.95;-0.35;0.00;0.00;-0.50;403;0;1;2;0.79;0.03;0.03;-0.00;-0.00;-0.00;-0.00;0.01;0.66;-0.35;-0.00;0.00;-0.50;0.065;0.59;2.46;-1000.00;-1000.00
2125.635;1432;0.44;-0.00;61.67;0.95;-0.35;0.00;0.00;-0.50;403;0;1;2;0.79;0.03;0.03;-0.00;-0.00;-0.00;-0.00;0.01;0.66;-0.35;-0.00;0.00;-0.50;0.056;0.59;2.46;-1000.00;-1000.00
2125.705;1438;0.45;-0.00;61.68;0.95;-0.35;0.00;0.00;-0.50;403;0;1;2;0.79;0.03;0.03;-0.00;-0.00;-0.00;-0.00;0.00;0.66;-0.35;-0.00;0.00;-0.50;0.028;0.60;2.46;-1000.00;-1000.00
2125.835;1452;0.45;0.00;61.71;0.95;-0.35;0.00;0.00;-0.50;403;0;1;2;0.79;0.03;0.03;-0.00;-0.00;-0.00;-0.00;0.00;0.66;-0.35;-0.00;0.00;-0.50;0.043;0.61;2.46;-1000.00;-1000.00
2125.915;1460;0.45;0.00;61.71;0.95;-0.35;0.00;0.00;-0.50;403;0;1;2;0.79;0.03;0.03;-0.00;-0.00;-0.00;-0.00;0.00;0.66;-0.35;-0.00;0.00;-0.50;0.030;0.62;2.45;-1000.00;-1000.00
2126.065;1475;0.45;0.01;61.71;0.95;-0.35;0.00;0.00;-0.50;403;0;1;2;0.79;0.03;0.03;-0.00;-0.00;-0.00;-0.00;0.00;0.66;-0.35;-0.00;0.00;-0.50;0.080;0.64;2.45;-1000.00;-1000.00
2126.135;1479;0.45;0.01;61.71;0.95;-0.35;0.00;0.00;-0.50;403;0;1;2;0.79;0.03;0.03;-0.00;-0.00;-0.00;-0.00;-0.00;0.66;-0.35;-0.00;0.00;-0.50;0.047;0.65;2.45;-1000.00;-1000.00
2126.235;1492;0.45;0.01;61.68;0.95;-0.35;0.00;0.00;-0.50;403;0;1;2;0.79;0.03;0.03;-0.00;-0.00;-0.00;-0.00;-0.00;0.66;-0.35;-0.00;0.00;-0.50;0.053;0.67;2.44;-1000.00;-1000.00
2126.335;1502;0.46;0.02;61.65;0.95;-0.35;0.00;0.00;-0.50;403;0;1;2;0.79;0.03;0.03;-0.00;-0.00;-0.00;-0.00;-0.01;0.66;-0.35;-0.00;0.00;-0.50;0.056;0.68;2.43;-1000.00;-1000.00
2126.405;1506;0.46;0.02;61.64;0.95;-0.35;0.00;0.00;-0.50;403;0;1;2;0.79;0.02;0.03;-0.00;-0.00;-0.00;-0.00;-0.01;0.66;-0.35;-0.00;0.00;-0.50;0.027;0.69;2.43;-1000.00;-1000.00
2126.535;1521;0.46;0.02;61.57;0.95;-0.35;0.00;0.00;-0.50;403;0;1;2;0.79;0.02;0.02;-0.00;-0.00;-0.00;-0.00;-0.01;0.66;-0.35;-0.00;0.00;-0.50;0.054;0.71;2.42;-1000.00;-1000.00
2126.645;1532;0.46;0.02;61.51;0.95;-0.35;0.00;0.00;-0.50;403;0;1;2;0.79;0.02;0.02;-0.00;-0.00;-0.00;-0.00;-0.01;0.66;-0.35;-0.00;0.00;-0.50;0.057;0.73;2.41;-1000.00;-1000.00
2126.745;1540;0.46;0.02;61.47;0.95;-0.35;0.00;0.00;-0.50;403;0;1;2;0.79;0.02;0.02;-0.00;-0.00;-0.00;-0.00;-0.01;0.66;-0.35;-0.00;0.00;-0.50;0.060;0.74;2.41;-1000.00;-1000.00
2126.825;1550;0.46;0.03;61.41;0.95;-0.35;0.00;0.00;-0.50;403;0;1;2;0.79;0.02;0.02;-0.00;-0.00;-0.00;-0.00;-0.01;0.66;-0.35;-0.00;0.00;-0.50;0.035;0.76;2.40;-1000.00;-1000.00
2126.935;1560;0.46;0.03;61.34;0.95;-0.35;0.00;0.00;-0.50;403;0;1;2;0.79;0.02;0.02;-0.00;-0.00;-0.00;-0.00;-0.01;0.66;-0.35;-0.00;0.00;-0.50;0.056;0.78;2.40;-1000.00;-1000.00
2127.015;1568;0.46;0.03;61.28;0.95;-0.35;0.00;0.00;-0.50;403;0;1;2;0.79;0.01;0.02;-0.00;-0.00;-0.00;-0.00;-0.01;0.66;-0.35;-0.00;0.00;-0.50;0.034;0.80;2.39;-1000.00;-1000.00
2127.135;1579;0.46;0.03;61.19;0.95;-0.35;0.00;0.00;-0.50;403;0;1;2;0.79;0.01;0.01;-0.00;-0.00;-0.00;-0.00;-0.01;0.66;-0.35;-0.00;0.00;-0.50;0.045;0.83;2.39;-1000.00;-1000.00
2127.215;1588;0.46;0.03;61.13;0.95;-0.35;0.00;0.00;-0.50;403;0;1;2;0.79;0.01;0.01;-0.00;-0.00;-0.00;-0.00;-0.02;0.66;-0.35;-0.00;0.00;-0.50;0.034;0.85;2.39;-1000.00;-1000.00
2127.335;1602;0.46;0.03;61.04;0.95;-0.35;0.00;0.00;-0.50;403;0;1;2;0.79;0.01;0.01;0.00;-0.00;0.00;-0.00;-0.01;0.66;-0.35;-0.00;0.00;-0.50;0.050;0.89;2.39;-1000.00;-1000.00
2127.425;1609;0.46;0.03;60.99;0.95;-0.35;0.00;0.00;-0.50;403;0;1;2;0.79;0.01;0.01;0.00;-0.00;0.00;-0.00;-0.01;0.66;-0.35;-0.00;0.00;-0.50;0.043;0.91;2.39;-1000.00;-1000.00
2127.555;1620;0.47;0.03;60.93;0.95;-0.35;0.00;0.00;-0.50;403;0;1;2;0.79;0.01;0.01;-0.00;-0.00;0.00;-0.00;-0.01;0.66;-0.35;-0.00;0.00;-0.50;0.070;0.94;2.39;-1000.00;-1000.00
2127.635;1631;0.47;0.03;60.88;0.95;-0.35;0.00;0.00;-0.50;403;0;1;2;0.79;0.00;0.01;-0.00;-0.00;-0.00;-0.00;-0.01;0.66;-0.35;-0.00;0.00;-0.50;0.061;0.97;2.40;-1000.00;-1000.00
2127.735;1640;0.47;0.04;60.83;0.95;-0.35;0.00;0.00;-0.50;403;0;1;2;0.79;0.00;0.00;0.00;-0.00;0.00;-0.00;-0.01;0.66;-0.35;-0.00;0.00;-0.50;0.058;0.99;2.41;-1000.00;-1000.00
2127.855;1653;0.47;0.04;60.74;0.95;-0.35;0.00;0.00;-0.50;403;0;1;2;0.79;0.00;0.00;-0.00;-0.00;0.00;-0.00;-0.01;0.66;-0.35;-0.00;0.00;-0.50;0.070;1.03;2.42;-1000.00;-1000.00
2127.975;1664;0.47;0.04;60.67;0.95;-0.35;0.00;0.00;-0.50;403;0;1;2;0.79;-0.00;0.00;-0.00;-0.00;0.00;-0.00;-0.01;0.66;-0.35;-0.00;0.00;-0.50;0.096;1.06;2.43;-1000.00;-1000.00
2128.035;1669;0.47;0.04;60.64;0.95;-0.35;0.00;0.00;-0.50;403;0;1;2;0.79;-0.00;0.00;0.00;-0.00;-0.00;0.00;-0.01;0.66;-0.35;-0.00;0.00;-0.50;0.048;1.08;2.44;-1000.00;-1000.00
2128.135;1679;0.47;0.04;60.55;0.95;-0.35;0.00;0.00;-0.50;403;0;1;2;0.79;-0.00;-0.00;-0.00;-0.00;0.00;-0.00;-0.02;0.66;-0.35;-0.00;0.00;-0.50;0.054;1.11;2.45;-1000.00;-1000.00
2128.245;1694;0.47;0.04;60.43;0.95;-0.35;0.00;0.00;-0.50;403;0;1;2;0.79;-0.00;-0.00;-0.00;-0.00;0.00;-0.00;-0.01;0.66;-0.35;-0.00;0.00;-0.50;0.056;1.15;2.48;-1000.00;-1000.00
2128.325;1698;0.47;0.04;60.40;0.95;-0.35;0.00;0.00;-0.50;403;0;1;2;0.79;-0.01;-0.00;-0.00;-0.00;-0.00;0.00;-0.01;0.66;-0.35;-0.00;0.00;-0.50;0.048;1.16;2.49;-1000.00;-1000.00
2128.435;1713;0.47;0.03;60.29;0.95;-0.35;0.00;0.00;-0.50;403;0;1;2;0.79;-0.01;-0.00;-0.00;-0.00;0.00;-0.00;-0.01;0.66;-0.35;-0.00;0.00;-0.50;0.047;1.19;2.52;-1000.00;-1000.00
2128.515;1717;0.47;0.03;60.25;0.95;-0.35;0.00;0.00;-0.50;403;0;1;2;0.79;-0.01;-0.01;0.00;-0.00;-0.00;0.00;-0.01;0.66;-0.35;-0.00;0.00;-0.50;0.035;1.20;2.53;-1000.00;-1000.00
2128.635;1732;0.47;0.03;60.14;0.95;-0.35;0.00;0.00;-0.50;403;0;1;2;0.79;-0.01;-0.01;-0.00;-0.00;0.00;-0.00;-0.01;0.66;-0.35;-0.00;0.00;-0.50;0.045;1.24;2.56;-1000.00;-1000.00
2128.735;1740;0.46;0.03;60.08;0.95;-0.35;0.00;0.00;-0.50;403;0;1;2;0.79;-0.01;-0.01;-0.00;-0.00;0.00;-0.00;-0.01;0.66;-0.35;-0.00;0.00;-0.50;0.057;1.25;2.59;-1000.00;-1000.00
2128.875;1754;0.46;0.03;59.99;0.95;-0.35;0.00;0.00;-0.50;403;0;1;2;0.79;-0.01;-0.01;0.00;-0.00;0.00;-0.00;-0.01;0.66;-0.35;-0.00;0.00;-0.50;0.085;1.28;2.63;-1000.00;-1000.00
2128.945;1760;0.46;0.03;59.96;0.95;-0.35;0.00;0.00;-0.50;403;0;1;2;0.79;-0.01;-0.01;0.00;-0.00;-0.00;0.00;-0.01;0.66;-0.35;-0.00;0.00;-0.50;0.056;1.29;2.65;-1000.00;-1000.00
2129.065;1773;0.46;0.03;59.88;0.95;-0.35;0.00;0.00;-0.50;403;0;1;2;0.79;-0.01;-0.01;0.00;-0.00;0.00;-0.00;-0.01;0.66;-0.35;-0.00;0.00;-0.50;0.077;1.31;2.69;-1000.00;-1000.00
2129.165;1784;0.46;0.03;59.83;0.95;-0.35;0.00;0.00;-0.50;403;0;1;2;0.79;-0.01;-0.01;0.00;-0.00;0.00;-0.00;-0.01;0.66;-0.35;-0.00;0.00;-0.50;0.075;1.32;2.73;-1000.00;-1000.00
2129.285;1796;0.46;0.03;59.79;0.95;-0.35;0.00;0.00;-0.50;403;0;1;2;0.79;-0.01;-0.01;-0.00;-0.00;-0.00;-0.00;-0.01;0.66;-0.35;-0.00;0.00;-0.50;0.095;1.33;2.77;-1000.00;-1000.00
2129.355;1803;0.46;0.03;59.77;0.95;-0.35;0.00;0.00;-0.50;403;0;1;2;0.79;-0.01;-0.01;-0.00;-0.00;-0.00;-0.00;-0.00;0.66;-0.35;-0.00;0.00;-0.50;0.068;1.34;2.80;-1000.00;-1000.00
2129.455;1812;0.46;0.03;59.74;0.95;-0.35;0.00;0.00;-0.50;403;0;1;2;0.79;-0.01;-0.01;0.00;0.00;-0.00;-0.00;-0.00;0.66;-0.35;-0.00;0.00;-0.50;0.064;1.34;2.84;-1000.00;-1000.00
2129.535;1822;0.46;0.03;59.72;0.95;-0.35;0.00;0.00;-0.50;403;0;1;2;0.79;-0.01;-0.01;0.00;0.00;-0.00;0.00;0.00;0.66;-0.35;-0.00;0.00;-0.50;0.045;1.34;2.88;-1000.00;-1000.00
2129.625;1830;0.46;0.02;59.71;0.95;-0.35;0.00;0.00;-0.50;403;0;1;2;0.79;-0.01;-0.01;0.00;0.00;-0.00;0.00;0.00;0.66;-0.35;-0.00;0.00;-0.50;0.031;1.35;2.92;-1000.00;-1000.00
2129.725;1842;0.46;0.02;59.70;0.95;-0.35;0.00;0.00;-0.50;403;0;1;2;0.79;-0.01;-0.01;-0.00;0.00;-0.00;0.00;-0.01;0.66;-0.35;-0.00;0.00;-0.50;0.044;1.35;2.97;-1000.00;-1000.00
2129.835;1850;0.46;0.02;59.69;0.95;-0.35;0.00;0.00;-0.50;403;0;1;2;0.79;-0.01;-0.01;0.00;0.00;-0.00;0.00;-0.00;0.66;-0.35;-0.00;0.00;-0.50;0.043;1.36;3.01;-1000.00;-1000.00
2129.945;1861;0.46;0.02;59.69;0.95;-0.35;0.00;0.00;-0.50;403;0;1;2;0.79;-0.01;-0.01;0.00;-0.00;-0.00;0.00;0.00;0.66;-0.35;-0.00;0.00;-0.50;0.057;1.36;3.06;-1000.00;-1000.00
2130.025;1870;0.46;0.02;59.68;0.95;-0.35;0.00;0.00;-0.50;403;0;1;2;0.79;-0.01;-0.01;-0.00;-0.00;-0.00;0.00;-0.00;0.66;-0.35;-0.00;0.00;-0.50;0.036;1.37;3.10;-1000.00;-1000.00
2130.135;1880;0.46;0.02;59.68;0.95;-0.35;0.00;0.00;-0.50;403;0;1;2;0.79;-0.01;-0.01;0.00;0.00;0.00;-0.00;0.00;0.66;-0.35;-0.00;0.00;-0.50;0.046;1.38;3.15;-1000.00;-1000.00
2130.275;1893;0.46;0.02;59.68;0.95;-0.35;0.00;0.00;-0.50;403;0;1;2;0.79;-0.01;-0.01;-0.00;-0.00;-0.00;0.00;-0.00;0.66;-0.35;-0.00;0.00;-0.50;0.083;1.38;3.22;-1000.00;-1000.00
2130.345;1902;0.46;0.02;59.68;0.95;-0.35;0.00;0.00;-0.50;403;0;1;2;0.79;-0.01;-0.01;-0.00;-0.00;-0.00;0.00;-0.00;0.66;-0.35;-0.00;0.00;-0.50;0.065;1.38;3.26;-1000.00;-1000.00
2130.465;1913;0.46;0.02;59.69;0.95;-0.35;0.00;0.00;-0.50;403;0;1;2;0.79;-0.01;-0.01;0.00;-0.00;0.00;-0.00;0.00;0.66;-0.35;-0.00;0.00;-0.50;0.077;1.38;3.31;-1000.00;-1000.00
2130.565;1921;0.45;0.02;59.69;0.95;-0.35;0.00;0.00;-0.50;403;0;1;2;0.79;-0.01;-0.01;0.00;-0.00;0.00;-0.00;0.00;0.66;-0.35;-0.00;0.00;-0.50;0.065;1.37;3.34;-1000.00;-1000.00
2130.685;1936;0.45;0.01;59.71;0.95;-0.35;0.00;0.00;-0.50;403;0;1;2;0.79;-0.01;-0.01;0.00;-0.00;-0.00;0.00;0.00;0.66;-0.35;-0.00;0.00;-0.50;0.092;1.36;3.41;-1000.00;-1000.00
2130.725;1940;0.45;0.01;59.71;0.95;-0.35;0.00;0.00;-0.50;403;0;1;2;0.79;-0.01;-0.01;0.00;-0.00;0.00;-0.00;0.00;0.66;-0.35;-0.00;0.00;-0.50;0.040;1.36;3.42;-1000.00;-1000.00
2130.835;1949;0.45;0.01;59.73;0.95;-0.35;0.00;0.00;-0.50;403;0;1;2;0.79;-0.01;-0.01;0.00;-0.00;-0.00;0.00;0.01;0.66;-0.35;-0.00;0.00;-0.50;0.052;1.33;3.46;-1000.00;-1000.00
2130.975;1966;0.45;0.01;59.74;0.95;-0.35;0.00;0.00;-0.50;403;0;1;2;0.79;-0.01;-0.01;-0.00;-0.00;-0.00;0.00;0.00;0.66;-0.35;-0.00;0.00;-0.50;0.097;1.29;3.52;-1000.00;-1000.00
2131.075;1976;0.45;0.01;59.76;0.95;-0.35;0.00;0.00;-0.50;403;0;1;2;0.79;-0.01;-0.01;0.00;-0.00;-0.00;0.00;0.01;0.66;-0.35;-0.00;0.00;-0.50;0.093;1.27;3.56;-1000.00;-1000.00
2131.135;1982;0.45;0.01;59.76;0.95;-0.35;0.00;0.00;-0.50;403;0;1;2;0.79;-0.01;-0.01;0.00;-0.00;0.00;-0.00;0.01;0.66;-0.35;-0.00;0.00;-0.50;0.046;1.26;3.59;-1000.00;-1000.00
2131.215;1990;0.45;0.01;59.78;0.95;-0.35;0.00;0.00;-0.50;403;0;1;2;0.79;-0.01;-0.01;-0.00;-0.00;0.00;-0.00;0.00;0.66;-0.35;-0.00;0.00;-0.50;0.034;1.23;3.62;-1000.00;-1000.00
2131.335;2001;0.45;0.01;59.80;0.95;-0.35;0.00;0.00;-0.50;403;0;1;2;0.79;-0.01;-0.01;-0.00;-0.00;0.00;-0.00;0.00;0.66;-0.35;-0.00;0.00;-0.50;0.045;1.20;3.66;-1000.00;-1000.00
2131.455;2015;0.45;0.01;59.82;0.95;-0.35;0.00;0.00;-0.50;403;0;1;2;0.79;-0.01;-0.01;0.00;-0.00;-0.00;0.00;0.00;0.66;-0.35;-0.00;0.00;-0.50;0.074;1.15;3.70;-1000.00;-1000.00
2131.515;2019;0.45;0.01;59.83;0.95;-0.35;0.00;0.00;-0.50;403;0;1;2;0.79;-0.01;-0.00;0.00;-0.00;0.00;-0.00;0.00;0.66;-0.35;-0.00;0.00;-0.50;0.034;1.13;3.71;-1000.00;-1000.00
2131.625;2030;0.45;0.01;59.85;0.95;-0.35;0.00;0.00;-0.50;403;0;1;2;0.79;-0.00;-0.00;0.00;-0.00;-0.00;-0.00;0.00;0.66;-0.35;-0.00;0.00;-0.50;0.043;1.09;3.74;-1000.00;-1000.00
2131.715;2038;0.45;0.01;59.86;0.95;-0.35;0.00;0.00;-0.50;403;0;1;2;0.79;-0.00;-0.00;0.00;-0.00;-0.00;0.00;0.00;0.66;-0.35;-0.00;0.00;-0.50;0.032;1.05;3.75;-1000.00;-1000.00
2131.835;2051;0.45;0.01;59.89;0.95;-0.35;0.00;0.00;-0.50;403;0;1;2;0.79;-0.00;-0.00;0.00;-0.00;-0.00;0.00;0.00;0.66;-0.35;-0.00;0.00;-0.50;0.052;1.00;3.78;-1000.00;-1000.00
2131.905;2058;0.45;0.01;59.90;0.95;-0.35;0.00;0.00;-0.50;403;0;1;2;0.79;-0.00;-0.00;0.00;-0.00;-0.00;0.00;0.00;0.66;-0.35;-0.00;0.00;-0.50;0.025;0.96;3.79;-1000.00;-1000.00
2132.035;2070;0.45;0.01;59.93;0.95;-0.35;0.00;0.00;-0.50;403;0;1;2;0.79;-0.00;-0.00;0.00;-0.00;-0.00;0.00;0.00;0.66;-0.35;-0.00;0.00;-0.50;0.045;0.91;3.81;-1000.00;-1000.00
2132.135;2078;0.45;0.01;59.95;0.95;-0.35;0.00;0.00;-0.50;403;0;1;2;0.79;-0.00;-0.00;-0.00;-0.00;-0.00;0.00;0.00;0.66;-0.35;-0.00;0.00;-0.50;0.052;0.87;3.81;-1000.00;-1000.00
2132.235;2093;0.45;0.01;59.99;0.95;-0.35;0.00;0.00;-0.50;403;0;1;2;0.79;-0.00;-0.00;-0.00;-0.00;-0.00;0.00;0.00;0.66;-0.35;-0.00;0.00;-0.50;0.047;0.81;3.81;-1000.00;-1000.00
2132.315;2098;0.45;0.01;60.00;0.95;-0.35;0.00;0.00;-0.50;403;0;1;2;0.79;-0.00;0.00;-0.00;-0.00;-0.00;0.00;0.01;0.66;-0.35;-0.00;0.00;-0.50;0.033;0.79;3.81;-1000.00;-1000.00
2132.435;2112;0.45;0.01;60.05;0.95;-0.35;0.00;0.00;-0.50;403;0;1;2;0.79;-0.00;0.00;-0.00;-0.00;-0.00;0.00;0.00;0.66;-0.35;-0.00;0.00;-0.50;0.041;0.73;3.79;-1000.00;-1000.00
2132.535;2120;0.45;0.01;60.07;0.95;-0.35;0.00;0.00;-0.50;403;0;1;2;0.79;0.00;0.00;-0.00;-0.00;-0.00;0.00;0.00;0.66;-0.35;-0.00;0.00;-0.50;0.056;0.70;3.78;-1000.00;-1000.00
2132.645;2133;0.45;0.01;60.10;0.95;-0.35;0.00;0.00;-0.50;403;0;1;2;0.79;0.00;0.00;-0.00;-0.00;-0.00;0.00;0.00;0.66;-0.35;-0.00;0.00;-0.50;0.057;0.64;3.76;-1000.00;-1000.00
2132.735;2139;0.45;0.01;60.12;0.95;-0.35;0.00;0.00;-0.50;403;0;1;2;0.79;0.00;0.00;-0.00;-0.00;-0.00;0.00;0.00;0.66;-0.35;-0.00;0.00;-0.50;0.034;0.62;3.76;-1000.00;-1000.00
2132.815;2148;0.45;0.01;60.14;0.95;-0.35;0.00;0.00;-0.50;403;0;1;2;0.79;0.00;0.00;-0.00;-0.00;-0.00;0.00;0.00;0.66;-0.35;-0.00;0.00;-0.50;0.020;0.58;3.75;-1000.00;-1000.00
2132.955;2162;0.45;0.01;60.18;0.95;-0.35;0.00;0.00;-0.50;403;0;1;2;0.79;0.00;0.00;-0.00;-0.00;-0.00;0.00;0.00;0.66;-0.35;-0.00;0.00;-0.50;0.066;0.53;3.73;-1000.00;-1000.00
2133.035;2173;0.45;0.01;60.21;0.95;-0.35;0.00;0.00;-0.50;403;0;1;2;0.79;0.00;0.00;-0.00;-0.00;-0.00;0.00;0.00;0.66;-0.35;-0.00;0.00;-0.50;0.041;0.48;3.71;-1000.00;-1000.00
2133.125;2179;0.45;0.01;60.22;0.95;-0.35;0.00;0.00;-0.50;403;0;1;2;0.79;0.00;0.00;-0.00;-0.00;-0.00;0.00;0.00;0.66;-0.35;-0.00;0.00;-0.50;0.043;0.46;3.70;-1000.00;-1000.00
2133.225;2190;0.45;0.01;60.24;0.95;-0.35;0.00;0.00;-0.50;403;0;1;2;0.79;0.00;0.00;-0.00;-0.00;-0.00;0.00;0.00;0.66;-0.35;-0.00;0.00;-0.50;0.045;0.42;3.67;-1000.00;-1000.00
2133.295;2196;0.45;0.01;60.26;0.95;-0.35;0.00;0.00;-0.50;403;0;1;2;0.79;0.00;0.00;-0.00;-0.00;-0.00;0.00;0.00;0.66;-0.35;-0.00;0.00;-0.50;0.017;0.40;3.66;-1000.00;-1000.00
2133.435;2211;0.45;0.01;60.29;0.95;-0.35;0.00;0.00;-0.50;403;0;1;2;0.79;0.00;0.00;-0.00;-0.00;0.00;0.00;0.00;0.66;-0.35;-0.00;0.00;-0.50;0.047;0.36;3.62;-1000.00;-1000.00
2133.535;2219;0.45;0.01;60.29;0.95;-0.35;0.00;0.00;-0.50;403;0;1;2;0.79;0.00;0.00;-0.00;-0.00;0.00;0.00;0.00;0.66;-0.35;-0.00;0.00;-0.50;0.050;0.34;3.60;-1000.00;-1000.00
2133.625;2230;0.45;0.01;60.30;0.95;-0.35;0.00;0.00;-0.50;403;0;1;2;0.79;0.00;0.00;0.00;-0.00;0.00;0.00;0.00;0.66;-0.35;-0.00;0.00;-0.50;0.043;0.31;3.57;-1000.00;-1000.00
2133.745;2243;0.45;0.01;60.31;0.95;-0.35;0.00;0.00;-0.50;403;0;1;2;0.79;0.00;0.00;-0.00;-0.00;0.00;0.00;-0.00;0.66;-0.35;-0.00;0.00;-0.50;0.062;0.29;3.53;-1000.00;-1000.00
2133.825;2249;0.45;0.01;60.30;0.95;-0.35;0.00;0.00;-0.50;403;0;1;2;0.79;0.00;0.00;0.00;-0.00;-0.03;0.04;-0.01;0.66;-0.35;-0.00;0.00;-0.50;0.037;0.28;3.51;-1000.00;-1000.00
2133.945;2262;0.45;0.01;60.29;0.95;-0.35;0.00;0.00;-0.50;403;0;1;2;0.79;0.00;0.00;-0.00;0.00;-0.00;0.00;0.01;0.66;-0.35;-0.00;0.00;-0.50;0.060;0.25;3.47;-1000.00;-1000.00
2134.035;2271;0.45;0.01;60.31;0.95;-0.35;0.00;0.00;-0.50;403;0;1;2;0.79;0.00;0.00;0.00;-0.00;0.00;0.00;-0.00;0.66;-0.35;-0.00;0.00;-0.50;0.051;0.24;3.44;-1000.00;-1000.00
2134.145;2280;0.45;0.01;60.30;0.95;-0.35;0.00;0.00;-0.50;403;0;1;2;0.79;0.00;0.00;0.00;0.00;0.00;0.00;0.01;0.66;-0.35;-0.00;0.00;-0.50;0.056;0.23;3.42;-1000.00;-1000.00
2134.225;2290;0.45;0.01;60.29;0.95;-0.35;0.00;0.00;-0.50;403;0;1;2;0.79;0.00;0.00;-0.00;0.00;-0.00;0.01;0.00;0.66;-0.35;-0.00;0.00;-0.50;0.046;0.21;3.39;-1000.00;-1000.00
2134.325;2299;0.45;0.01;60.27;0.95;-0.35;0.00;0.00;-0.50;403;0;1;2;0.79;0.00;0.01;-0.00;-0.00;0.03;-0.05;-0.01;0.66;-0.35;-0.00;0.00;-0.50;0.039;0.21;3.36;-1000.00;-1000.00
2134.435;2308;0.45;0.01;60.26;0.95;-0.35;0.00;0.00;-0.50;403;0;1;2;0.79;0.00;0.00;0.00;-0.00;-0.03;0.05;-0.01;0.66;-0.35;-0.00;0.00;-0.50;0.053;0.20;3.33;-1000.00;-1000.00
2134.545;2323;0.45;0.01;60.23;0.95;-0.35;0.00;0.00;-0.50;403;0;1;2;0.79;0.00;0.00;0.00;-0.00;-0.03;0.05;-0.01;0.66;-0.35;-0.00;0.00;-0.50;0.064;0.20;3.29;-1000.00;-1000.00
2134.645;2332;0.45;0.01;60.22;0.95;-0.35;0.00;0.00;-0.50;403;0;1;2;0.79;0.00;0.00;0.00;0.00;-0.01;0.01;0.01;0.66;-0.35;-0.00;0.00;-0.50;0.061;0.20;3.27;-1000.00;-1000.00
2134.735;2343;0.45;0.01;60.21;0.95;-0.35;0.00;0.00;-0.50;403;0;1;2;0.79;0.00;0.00;0.00;-0.00;-0.03;0.05;-0.01;0.66;-0.35;-0.00;0.00;-0.50;0.060;0.20;3.25;-1000.00;-1000.00
2134.835;2351;0.45;0.01;60.20;0.95;-0.35;0.00;0.00;-0.50;403;0;1;2;0.79;0.00;0.00;0.00;-0.00;0.01;-0.02;-0.00;0.66;-0.35;-0.00;0.00;-0.50;0.055;0.20;3.23;-1000.00;-1000.00
2134.925;2361;0.45;0.01;60.18;0.95;-0.35;0.00;0.00;-0.50;403;0;1;2;0.79;0.00;0.00;0.00;-0.00;0.01;-0.02;-0.00;0.66;-0.35;-0.00;0.00;-0.50;0.048;0.20;3.21;-1000.00;-1000.00
2135.025;2370;0.45;0.01;60.17;0.95;-0.35;0.00;0.00;-0.50;403;0;1;2;0.79;0.00;0.00;-0.00;0.00;-0.01;0.01;0.00;0.66;-0.35;-0.00;0.00;-0.50;0.036;0.20;3.19;-1000.00;-1000.00
2135.145;2380;0.45;0.02;60.20;0.95;-0.35;0.00;0.00;-0.50;403;0;1;2;0.79;0.00;-0.00;-0.00;0.00;-0.03;0.04;0.00;0.66;-0.35;-0.00;0.00;-0.50;0.064;0.20;3.17;-1000.00;-1000.00
2135.255;2395;0.45;0.02;60.21;0.95;-0.35;0.00;0.00;-0.50;403;0;1;2;0.79;0.00;0.00;-0.00;-0.00;0.02;-0.04;-0.01;0.66;-0.35;-0.00;0.00;-0.50;0.058;0.20;3.15;-1000.00;-1000.00
2135.345;2403;0.45;0.02;60.21;0.95;-0.35;0.00;0.00;-0.50;403;0;1;2;0.79;0.00;-0.01;-0.01;0.01;-0.03;0.02;0.01;0.66;-0.35;-0.00;0.00;-0.50;0.063;0.20;3.13;-1000.00;-1000.00
2135.425;2408;0.45;0.02;60.21;0.95;-0.35;0.00;0.00;-0.50;403;0;1;2;0.79;0.00;0.00;0.00;-0.00;0.02;-0.02;-0.01;0.66;-0.35;-0.00;0.00;-0.50;0.048;0.20;3.12;-1000.00;-1000.00
2135.565;2424;0.46;0.02;60.23;0.95;-0.35;0.00;0.00;-0.50;403;0;1;2;0.79;0.00;0.00;-0.00;0.00;-0.00;-0.00;-0.01;0.66;-0.35;-0.00;0.00;-0.50;0.085;0.20;3.10;-1000.00;-1000.00
2135.655;2432;0.46;0.02;60.21;0.95;-0.35;0.00;0.00;-0.50;403;0;1;2;0.79;0.00;0.00;-0.00;0.00;-0.00;-0.00;-0.00;0.66;-0.35;-0.00;0.00;-0.50;0.064;0.20;3.09;-1000.00;-1000.00
2135.725;2442;0.46;0.02;60.20;0.95;-0.35;0.00;0.00;-0.50;403;0;1;2;0.79;0.00;0.00;0.00;0.00;0.00;0.00;0.01;0.66;-0.35;-0.00;0.00;-0.50;0.046;0.20;3.07;-1000.00;-1000.00
2135.885;2456;0.46;0.02;60.23;0.95;-0.35;0.00;0.00;-0.50;403;0;1;2;0.79;0.00;0.00;0.00;-0.00;0.02;-0.00;-0.00;0.66;-0.35;-0.00;0.00;-0.50;0.099;0.20;3.05;-1000.00;-1000.00
2135.965;2466;0.46;0.02;60.24;0.95;-0.35;0.00;0.00;-0.50;403;0;1;2;0.79;0.00;0.01;-0.01;-0.03;0.19;-0.13;-0.02;0.66;-0.35;-0.00;0.00;-0.50;0.078;0.20;3.03;-1000.00;-1000.00
2136.005;2466;0.46;0.02;60.24;0.95;-0.35;0.00;0.00;-0.50;403;0;1;2;0.79;0.00;0.01;-0.01;-0.03;0.19;-0.13;-0.02;0.66;-0.35;-0.00;0.00;-0.50;0.022;0.20;3.03;-1000.00;-1000.00
2136.135;2481;0.46;0.02;60.25;0.95;-0.35;0.00;0.00;-0.50;403;0;1;2;0.79;0.00;0.00;0.00;0.00;0.00;0.00;0.01;0.66;-0.35;-0.00;0.00;-0.50;0.052;0.20;3.00;-1000.00;-1000.00
2136.215;2490;0.46;0.02;60.24;0.95;-0.35;0.00;0.00;-0.50;403;0;1;2;0.79;-0.00;-0.00;-0.00;-0.00;-0.06;-0.00;-0.00;0.66;-0.35;-0.00;0.00;-0.50;0.040;0.20;2.97;-1000.00;-1000.00
2136.295;2497;0.46;0.02;60.25;0.95;-0.35;0.00;0.00;-0.50;403;0;1;2;0.79;-0.00;-0.00;-0.00;0.00;-0.00;-0.01;0.01;0.66;-0.35;-0.00;0.00;-0.50;0.022;0.20;2.96;-1000.00;-1000.00
2136.435;2513;0.46;0.02;60.24;0.95;-0.35;0.00;0.00;-0.50;403;0;1;2;0.79;-0.00;0.01;0.00;-0.03;0.21;-0.12;-0.00;0.66;-0.35;-0.00;0.00;-0.50;0.053;0.20;2.91;-1000.00;-1000.00
2136.545;2523;0.46;0.02;60.24;0.95;-0.35;0.00;0.00;-0.50;403;0;1;2;0.79;-0.00;-0.00;0.00;0.00;-0.00;0.00;-0.00;0.66;-0.35;-0.00;0.00;-0.50;0.062;0.20;2.88;-1000.00;-1000.00
2136.635;2533;0.46;0.02;60.23;0.95;-0.35;0.00;0.00;-0.50;403;0;1;2;0.79;-0.00;0.01;0.00;-0.03;0.21;-0.12;-0.01;0.66;-0.35;-0.00;0.00;-0.50;0.061;0.21;2.85;-1000.00;-1000.00
2136.735;2541;0.46;0.02;60.22;0.95;-0.35;0.00;0.00;-0.50;403;0;1;2;0.79;-0.00;0.01;0.00;-0.03;0.21;-0.12;-0.01;0.66;-0.35;-0.00;0.00;-0.50;0.052;0.21;2.83;-1000.00;-1000.00
2136.845;2550;0.46;0.02;60.21;0.95;-0.35;0.00;0.00;-0.50;403;0;1;2;0.79;-0.00;-0.01;-0.00;-0.00;-0.04;0.06;0.01;0.66;-0.35;-0.00;0.00;-0.50;0.059;0.21;2.80;-1000.00;-1000.00
2136.935;2561;0.46;0.02;60.24;0.95;-0.35;0.00;0.00;-0.50;403;0;1;2;0.79;-0.00;0.00;-0.00;0.01;-0.00;0.01;0.01;0.66;-0.35;-0.00;0.00;-0.50;0.060;0.21;2.77;-1000.00;-1000.00
2137.075;2577;0.46;0.02;60.35;0.95;-0.35;0.00;0.00;-0.50;403;0;1;2;0.79;-0.00;-0.00;-0.01;-0.00;-0.03;0.06;0.00;0.66;-0.35;-0.00;0.00;-0.50;0.080;0.21;2.71;-1000.00;-1000.00
2137.165;2585;0.46;0.02;60.41;0.95;-0.35;0.00;0.00;-0.50;403;0;1;2;0.79;-0.00;0.00;-0.00;0.01;0.00;0.01;0.01;0.66;-0.35;-0.00;0.00;-0.50;0.091;0.21;2.69;-1000.00;-1000.00
2137.245;2590;0.46;0.02;60.44;0.95;-0.35;0.00;0.00;-0.50;403;0;1;2;0.79;-0.00;0.01;-0.02;-0.06;-0.04;-0.28;0.01;0.66;-0.35;-0.00;0.00;-0.50;0.055;0.21;2.67;-1000.00;-1000.00
2137.335;2600;0.46;0.02;60.51;0.95;-0.35;0.00;0.00;-0.50;403;0;1;2;0.79;-0.00;-0.01;-0.00;0.00;-0.00;-0.01;0.01;0.66;-0.35;-0.00;0.00;-0.50;0.047;0.22;2.64;-1000.00;-1000.00
2137.425;2611;0.46;0.01;60.54;0.95;-0.35;0.00;0.00;-0.50;403;0;1;2;0.79;-0.00;-0.00;-0.00;-0.00;0.01;0.01;0.01;0.66;-0.35;-0.00;0.00;-0.50;0.046;0.22;2.60;-1000.00;-1000.00
2137.535;2623;0.46;0.01;60.55;0.95;-0.35;0.00;0.00;-0.50;403;0;1;2;0.79;-0.00;-0.01;-0.00;0.00;0.01;0.01;0.01;0.66;-0.35;-0.00;0.00;-0.50;0.057;0.22;2.55;-1000.00;-1000.00
2137.695;2638;0.46;0.01;60.56;0.95;-0.35;0.00;0.00;-0.50;403;0;1;2;0.79;-0.00;-0.01;-0.00;0.00;-0.01;-0.01;0.00;0.66;-0.35;-0.00;0.00;-0.50;0.132;0.22;2.50;-1000.00;-1000.00
2137.805;2647;0.46;0.01;60.55;0.95;-0.35;0.00;0.00;-0.50;403;0;1;2;0.79;-0.00;-0.01;0.00;0.00;-0.00;0.02;0.00;0.66;-0.35;-0.00;0.00;-0.50;0.085;0.23;2.47;-1000.00;-1000.00
2137.875;2654;0.46;0.01;60.55;0.95;-0.35;0.00;0.00;-0.50;403;0;1;2;0.79;-0.01;-0.00;0.00;-0.00;0.01;-0.02;-0.02;0.66;-0.35;-0.00;0.00;-0.50;0.066;0.23;2.44;-1000.00;-1000.00
2137.965;2666;0.46;0.01;60.54;0.95;-0.35;0.00;0.00;-0.50;403;0;1;2;0.79;-0.01;-0.01;-0.00;0.00;-0.01;-0.01;0.00;0.66;-0.35;-0.00;0.00;-0.50;0.083;0.23;2.40;-1000.00;-1000.00
2138.045;2670;0.46;0.01;60.55;0.95;-0.35;0.00;0.00;-0.50;403;0;1;2;0.79;-0.01;-0.01;-0.00;-0.00;-0.01;-0.01;0.00;0.66;-0.35;-0.00;0.00;-0.50;0.057;0.23;2.38;-1000.00;-1000.00
2138.225;2690;0.46;0.01;60.59;0.95;-0.35;0.00;0.00;-0.50;403;0;1;2;0.79;-0.01;0.00;0.00;-0.03;0.19;-0.11;-0.00;0.66;-0.35;-0.00;0.00;-0.50;0.143;0.24;2.31;-1000.00;-1000.00
2138.285;2696;0.46;0.01;60.57;0.95;-0.35;0.00;0.00;-0.50;403;0;1;2;0.79;-0.01;0.00;0.00;-0.03;0.19;-0.11;-0.01;0.66;-0.35;-0.00;0.00;-0.50;0.066;0.24;2.28;-1000.00;-1000.00
2138.325;2700;0.46;0.01;60.56;0.95;-0.35;0.00;0.00;-0.50;403;0;1;2;0.79;-0.01;0.00;0.00;-0.03;0.19;-0.11;-0.01;0.66;-0.35;-0.00;0.00;-0.50;0.042;0.24;2.27;-1000.00;-1000.00
2138.475;2714;0.46;0.01;60.52;0.95;-0.35;0.00;0.00;-0.50;403;0;1;2;0.79;-0.01;0.00;0.00;-0.03;0.19;-0.11;-0.01;0.66;-0.35;-0.00;0.00;-0.50;0.082;0.24;2.21;-1000.00;-1000.00
2138.535;2720;0.46;0.01;60.51;0.95;-0.35;0.00;0.00;-0.50;403;0;1;2;0.79;-0.01;0.00;0.00;-0.03;0.19;-0.11;-0.01;0.66;-0.35;-0.00;0.00;-0.50;0.061;0.24;2.19;-1000.00;-1000.00
2138.645;2729;0.46;0.01;60.48;0.95;-0.35;0.00;0.00;-0.50;403;0;1;2;0.79;-0.01;-0.01;0.00;0.01;-0.03;0.02;-0.00;0.66;-0.35;-0.00;0.00;-0.50;0.058;0.24;2.15;-1000.00;-1000.00
2138.715;2739;0.46;0.01;60.45;0.95;-0.35;0.00;0.00;-0.50;403;0;1;2;0.79;-0.01;-0.01;0.00;0.01;-0.03;0.02;-0.00;0.66;-0.35;-0.00;0.00;-0.50;0.034;0.25;2.11;-1000.00;-1000.00
2138.845;2750;0.45;0.01;60.42;0.95;-0.35;0.00;0.00;-0.50;403;0;1;2;0.79;-0.01;0.00;0.00;-0.03;0.19;-0.11;-0.01;0.66;-0.35;-0.00;0.00;-0.50;0.046;0.25;2.07;-1000.00;-1000.00
2138.935;2763;0.45;0.01;60.39;0.95;-0.35;0.00;0.00;-0.50;403;0;1;2;0.79;-0.01;-0.01;0.00;0.01;-0.04;0.02;-0.00;0.66;-0.35;-0.00;0.00;-0.50;0.052;0.25;2.02;-1000.00;-1000.00
2139.015;2769;0.45;0.01;60.38;0.95;-0.35;0.00;0.00;-0.50;403;0;1;2;0.79;-0.01;-0.01;0.00;0.01;-0.04;0.02;-0.00;0.66;-0.35;-0.00;0.00;-0.50;0.024;0.25;1.99;-1000.00;-1000.00
2139.115;2777;0.45;0.01;60.37;0.95;-0.35;0.00;0.00;-0.50;403;0;1;2;0.79;-0.00;-0.01;0.00;0.01;-0.04;0.02;-0.00;0.66;-0.35;-0.00;0.00;-0.50;0.034;0.25;1.96;-1000.00;-1000.00
2139.285;2793;0.45;0.00;60.35;0.95;-0.35;0.00;0.00;-0.50;403;0;1;2;0.79;-0.00;-0.01;0.00;0.01;-0.04;0.02;-0.00;0.66;-0.35;-0.00;0.00;-0.50;0.081;0.26;1.89;-1000.00;-1000.00
2139.335;2801;0.45;0.00;60.35;0.95;-0.35;0.00;0.00;-0.50;403;0;1;2;0.79;-0.00;-0.01;-0.00;0.01;-0.04;0.02;-0.00;0.66;-0.35;-0.00;0.00;-0.50;0.048;0.26;1.85;-1000.00;-1000.00
2139.425;2812;0.45;0.00;60.34;0.95;-0.35;0.00;0.00;-0.50;403;0;1;2;0.79;-0.00;0.01;0.00;-0.03;0.19;-0.11;-0.00;0.66;-0.35;-0.00;0.00;-0.50;0.042;0.26;1.80;-1000.00;-1000.00
2139.515;2820;0.45;0.00;60.35;0.95;-0.35;0.00;0.00;-0.50;403;0;1;2;0.79;-0.00;0.01;0.00;-0.03;0.19;-0.11;-0.00;0.66;-0.35;-0.00;0.00;-0.50;0.028;0.27;1.76;-1000.00;-1000.00
2139.615;2829;0.45;0.00;60.35;0.95;-0.35;0.00;0.00;-0.50;403;0;1;2;0.79;-0.00;-0.01;-0.00;0.01;-0.03;0.02;0.00;0.66;-0.35;-0.00;0.00;-0.50;0.029;0.27;1.72;-1000.00;-1000.00
2139.725;2839;0.45;0.00;60.34;0.95;-0.35;0.00;0.00;-0.50;403;0;1;2;0.79;-0.00;-0.01;-0.00;0.01;-0.03;0.02;0.00;0.66;-0.35;-0.00;0.00;-0.50;0.029;0.27;1.67;-1000.00;-1000.00
2139.815;2850;0.45;0.00;60.32;0.95;-0.35;0.00;0.00;-0.50;403;0;1;2;0.79;-0.00;-0.00;0.00;0.00;-0.01;0.00;-0.01;0.66;-0.35;-0.00;0.00;-0.50;0.031;0.27;1.62;-1000.00;-1000.00
2139.915;2858;0.45;0.00;60.31;0.95;-0.35;0.00;0.00;-0.50;403;0;1;2;0.79;-0.00;-0.00;0.00;-0.00;0.01;-0.02;-0.01;0.66;-0.35;-0.00;0.00;-0.50;0.033;0.28;1.58;-1000.00;-1000.00
2140.015;2869;0.45;0.00;60.34;0.95;-0.35;0.00;0.00;-0.50;403;0;1;2;0.79;-0.00;-0.00;-0.00;0.00;-0.01;0.01;-0.00;0.66;-0.35;-0.00;0.00;-0.50;0.028;0.28;1.52;-1000.00;-1000.00
2140.135;2883;0.45;0.00;60.35;0.95;-0.35;0.00;0.00;-0.50;403;0;1;2;0.79;-0.00;-0.00;-0.00;0.00;0.00;0.02;0.01;0.66;-0.35;-0.00;0.00;-0.50;0.036;0.28;1.45;-1000.00;-1000.00
2140.225;2891;0.45;0.00;60.36;0.95;-0.35;0.00;0.00;-0.50;403;0;1;2;0.79;-0.00;-0.00;-0.00;0.00;0.00;0.02;0.01;0.66;-0.35;-0.00;0.00;-0.50;0.034;0.28;1.41;-1000.00;-1000.00
2140.345;2902;0.45;0.00;60.37;0.95;-0.35;0.00;0.00;-0.50;403;0;1;2;0.79;-0.00;-0.00;0.00;-0.00;0.01;-0.02;-0.01;0.66;-0.35;-0.00;0.00;-0.50;0.059;0.29;1.35;-1000.00;-1000.00
2140.435;2910;0.45;0.00;60.38;0.95;-0.35;0.00;0.00;-0.50;403;0;1;2;0.79;-0.00;-0.00;0.00;-0.00;0.01;-0.02;-0.01;0.66;-0.35;-0.00;0.00;-0.50;0.043;0.29;1.31;-1000.00;-1000.00
2140.535;2920;0.45;0.00;60.41;0.95;-0.35;0.00;0.00;-0.50;403;0;1;2;0.79;-0.00;-0.00;0.00;-0.00;0.01;-0.01;-0.00;0.66;-0.35;-0.00;0.00;-0.50;0.049;0.29;1.28;-1000.00;-1000.00
2140.615;2928;0.45;0.00;60.44;0.95;-0.35;0.00;0.00;-0.50;403;0;1;2;0.79;0.00;-0.00;-0.00;-0.00;-0.00;-0.01;0.01;0.66;-0.35;-0.00;0.00;-0.50;0.030;0.29;1.27;-1000.00;-1000.00
2140.725;2941;0.45;0.00;60.49;0.95;-0.35;0.00;0.00;-0.50;403;0;1;2;0.79;0.00;-0.00;-0.00;0.00;-0.02;0.01;0.00;0.66;-0.35;-0.00;0.00;-0.50;0.040;0.29;1.23;-1000.00;-1000.00
2140.815;2947;0.45;0.00;60.51;0.95;-0.35;0.00;0.00;-0.50;403;0;1;2;0.79;0.00;-0.00;-0.00;-0.00;-0.00;-0.01;0.01;0.66;-0.35;-0.00;0.00;-0.50;0.027;0.29;1.21;-1000.00;-1000.00
2140.915;2958;0.45;0.00;60.53;0.95;-0.35;0.00;0.00;-0.50;403;0;1;2;0.79;0.00;0.02;0.00;-0.03;0.21;-0.12;-0.00;0.66;-0.35;-0.00;0.00;-0.50;0.036;0.29;1.18;-1000.00;-1000.00
2141.035;2972;0.45;0.00;60.55;0.95;-0.35;0.00;0.00;-0.50;403;0;1;2;0.79;0.00;0.02;-0.01;-0.03;0.19;-0.13;-0.00;0.66;-0.35;-0.00;0.00;-0.50;0.044;0.30;1.15;-1000.00;-1000.00
2141.105;2978;0.45;0.00;60.58;0.95;-0.35;0.00;0.00;-0.50;403;0;1;2;0.79;0.00;-0.00;0.00;0.00;0.01;0.01;0.02;0.66;-0.35;-0.00;0.00;-0.50;0.022;0.30;1.14;-1000.00;-1000.00
2141.205;2987;0.45;0.00;60.59;0.95;-0.35;0.00;0.00;-0.50;403;0;1;2;0.79;0.00;0.00;-0.00;0.00;0.00;-0.01;-0.01;0.66;-0.35;-0.00;0.00;-0.50;0.021;0.30;1.13;-1000.00;-1000.00
2141.305;2997;0.45;0.00;60.57;0.95;-0.35;0.00;0.00;-0.50;403;0;1;2;0.79;0.00;0.00;-0.00;0.00;-0.03;0.07;-0.01;0.66;-0.35;-0.00;0.00;-0.50;0.021;0.30;1.13;-1000.00;-1000.00
2141.415;3011;0.45;0.00;60.65;0.95;-0.35;0.00;0.00;-0.50;403;0;1;2;0.79;0.00;0.01;-0.01;-0.03;0.19;-0.13;-0.01;0.66;-0.35;-0.00;0.00;-0.50;0.020;0.30;1.13;-1000.00;-1000.00
2141.495;3015;0.45;0.00;60.66;0.95;-0.35;0.00;0.00;-0.50;403;0;1;2;0.79;0.00;0.00;0.00;0.00;-0.00;0.00;0.00;0.66;-0.35;-0.00;0.00;-0.50;0.017;0.30;1.14;-1000.00;-1000.00
2141.615;3031;0.45;0.00;60.73;0.95;-0.35;0.00;0.00;-0.50;403;0;1;2;0.79;0.00;-0.01;-0.00;0.00;-0.07;0.02;0.02;0.66;-0.35;-0.00;0.00;-0.50;0.028;0.29;1.16;-1000.00;-1000.00
2141.715;3039;0.45;0.00;60.73;0.95;-0.35;0.00;0.00;-0.50;403;0;1;2;0.79;0.00;-0.00;-0.01;0.01;-0.01;-0.00;0.00;0.66;-0.35;-0.00;0.00;-0.50;0.032;0.29;1.18;-1000.00;-1000.00
2141.815;3048;0.45;0.00;60.75;0.95;-0.35;0.00;0.00;-0.50;403;0;1;2;0.79;0.00;0.00;0.00;0.00;-0.00;0.00;0.01;0.66;-0.35;-0.00;0.00;-0.50;0.027;0.29;1.20;-1000.00;-1000.00
2141.925;3058;0.45;0.00;60.77;0.95;-0.35;0.00;0.00;-0.50;403;0;1;2;0.79;0.00;-0.00;-0.00;0.00;-0.04;0.06;0.02;0.66;-0.35;-0.00;0.00;-0.50;0.042;0.29;1.23;-1000.00;-1000.00
2142.035;3070;0.45;0.00;60.81;0.95;-0.35;0.00;0.00;-0.50;403;0;1;2;0.79;0.00;-0.01;-0.00;0.00;-0.07;0.02;0.02;0.66;-0.35;-0.00;0.00;-0.50;0.049;0.29;1.27;-1000.00;-1000.00
2142.125;3081;0.45;0.00;60.81;0.95;-0.35;0.00;0.00;-0.50;403;0;1;2;0.79;0.00;0.00;0.00;-0.00;0.01;-0.02;-0.00;0.66;-0.35;-0.00;0.00;-0.50;0.044;0.29;1.31;-1000.00;-1000.00
2142.205;3085;0.45;0.00;60.81;0.95;-0.35;0.00;0.00;-0.50;403;0;1;2;0.79;0.00;-0.01;-0.00;0.01;-0.03;0.02;0.01;0.66;-0.35;-0.00;0.00;-0.50;0.018;0.29;1.33;-1000.00;-1000.00
2142.325;3100;0.45;0.00;60.85;0.95;-0.35;0.00;0.00;-0.50;403;0;1;2;0.79;0.00;0.00;0.00;0.00;-0.00;0.00;0.00;0.66;-0.35;-0.00;0.00;-0.50;0.041;0.29;1.39;-1000.00;-1000.00
2142.415;3110;0.45;0.00;60.86;0.95;-0.35;0.00;0.00;-0.50;403;0;1;2;0.79;0.00;0.00;0.00;0.00;-0.00;0.00;0.00;0.66;-0.35;-0.00;0.00;-0.50;0.031;0.28;1.43;-1000.00;-1000.00
2142.515;3120;0.45;0.00;60.87;0.95;-0.35;0.00;0.00;-0.50;403;0;1;2;0.79;0.00;0.00;0.00;-0.00;0.02;-0.02;-0.01;0.66;-0.35;-0.00;0.00;-0.50;0.031;0.29;1.47;-1000.00;-1000.00
2142.625;3129;0.45;0.00;60.92;0.95;-0.35;0.00;0.00;-0.50;403;0;1;2;0.79;0.00;0.00;0.00;0.00;-0.00;0.00;0.00;0.66;-0.35;-0.00;0.00;-0.50;0.035;0.29;1.51;-1000.00;-1000.00
2142.725;3139;0.45;0.00;60.91;0.95;-0.35;0.00;0.00;-0.50;403;0;1;2;0.79;0.00;0.01;0.00;0.00;0.05;0.00;-0.00;0.66;-0.35;-0.00;0.00;-0.50;0.041;0.29;1.56;-1000.00;-1000.00
2142.825;3147;0.45;0.00;60.92;0.95;-0.35;0.00;0.00;-0.50;403;0;1;2;0.79;0.00;-0.00;0.00;0.00;-0.02;0.03;-0.01;0.66;-0.35;-0.00;0.00;-0.50;0.036;0.28;1.59;-1000.00;-1000.00
2142.915;3158;0.45;0.00;60.93;0.95;-0.35;0.00;0.00;-0.50;403;0;1;2;0.79;0.00;-0.00;-0.00;0.00;0.00;0.01;0.02;0.66;-0.35;-0.00;0.00;-0.50;0.033;0.28;1.64;-1000.00;-1000.00
2143.005;3166;0.45;0.00;60.97;0.95;-0.35;0.00;0.00;-0.50;403;0;1;2;0.79;0.00;0.00;0.00;0.00;-0.00;0.00;0.00;0.66;-0.35;-0.00;0.00;-0.50;0.020;0.28;1.67;-1000.00;-1000.00
2143.105;3177;0.45;0.01;60.98;0.95;-0.35;0.00;0.00;-0.50;403;0;1;2;0.79;0.00;0.01;-0.00;-0.03;0.20;-0.13;-0.02;0.66;-0.35;-0.00;0.00;-0.50;0.023;0.28;1.70;-1000.00;-1000.00
2143.215;3190;0.45;0.01;61.00;0.95;-0.35;0.00;0.00;-0.50;403;0;1;2;0.79;0.00;-0.00;0.00;-0.00;0.01;0.00;0.00;0.66;-0.35;-0.00;0.00;-0.50;0.033;0.28;1.72;-1000.00;-1000.00
2143.335;3199;0.45;0.01;61.01;0.95;-0.35;0.00;0.00;-0.50;403;0;1;2;0.79;0.00;-0.01;-0.00;0.00;-0.07;0.02;0.02;0.66;-0.35;-0.00;0.00;-0.50;0.051;0.28;1.74;-1000.00;-1000.00
2143.445;3212;0.45;0.01;61.00;0.95;-0.35;0.00;0.00;-0.50;403;0;1;2;0.79;0.00;0.00;-0.00;0.00;0.00;-0.01;-0.01;0.66;-0.35;-0.00;0.00;-0.50;0.061;0.28;1.75;-1000.00;-1000.00
2143.545;3222;0.45;0.01;60.99;0.95;-0.35;0.00;0.00;-0.50;403;0;1;2;0.79;0.00;-0.00;-0.00;0.00;-0.07;0.02;0.02;0.66;-0.35;-0.00;0.00;-0.50;0.068;0.28;1.75;-1000.00;-1000.00
2143.635;3230;0.45;0.01;61.02;0.95;-0.35;0.00;0.00;-0.50;403;0;1;2;0.79;0.00;0.00;0.00;0.00;0.01;0.00;0.01;0.66;-0.35;-0.00;0.00;-0.50;0.051;0.28;1.75;-1000.00;-1000.00
2143.745;3243;0.45;0.01;61.04;0.95;-0.35;0.00;0.00;-0.50;403;0;1;2;0.79;0.00;0.00;0.00;0.00;-0.00;0.00;-0.00;0.66;-0.35;-0.00;0.00;-0.50;0.060;0.28;1.73;-1000.00;-1000.00
2143.845;3252;0.45;0.01;61.02;0.95;-0.35;0.00;0.00;-0.50;403;0;1;2;0.79;0.00;-0.00;-0.00;0.00;-0.05;0.05;0.00;0.66;-0.35;-0.00;0.00;-0.50;0.049;0.28;1.72;-1000.00;-1000.00
2143.945;3263;0.46;0.01;61.08;0.95;-0.35;0.00;0.00;-0.50;403;0;1;2;0.79;0.00;0.00;0.02;-0.05;0.13;0.23;0.02;0.66;-0.35;-0.00;0.00;-0.50;0.057;0.28;1.69;-1000.00;-1000.00
2144.055;3273;0.46;0.01;61.11;0.95;-0.35;0.00;0.00;-0.50;403;0;1;2;0.79;0.00;0.00;0.00;0.00;0.00;-0.00;0.00;0.66;-0.35;-0.00;0.00;-0.50;0.070;0.29;1.67;-1000.00;-1000.00
2144.115;3277;0.46;0.01;61.12;0.95;-0.35;0.00;0.00;-0.50;403;0;1;2;0.79;0.00;0.00;0.00;0.00;0.00;-0.00;0.00;0.66;-0.35;-0.00;0.00;-0.50;0.032;0.29;1.66;-1000.00;-1000.00
2144.205;3287;0.46;0.01;61.13;0.95;-0.35;0.00;0.00;-0.50;403;0;1;2;0.79;-0.00;0.00;0.00;0.00;0.00;-0.00;0.00;0.66;-0.35;-0.00;0.00;-0.50;0.023;0.29;1.62;-1000.00;-1000.00
2144.335;3301;0.46;0.01;61.14;0.95;-0.35;0.00;0.00;-0.50;403;0;1;2;0.79;-0.00;0.00;-0.00;-0.00;0.00;-0.00;0.00;0.66;-0.35;-0.00;0.00;-0.50;0.044;0.29;1.58;-1000.00;-1000.00
2144.405;3306;0.46;0.01;61.14;0.95;-0.35;0.00;0.00;-0.50;403;0;1;2;0.79;-0.00;0.00;-0.00;-0.00;-0.00;0.00;-0.00;0.66;-0.35;-0.00;0.00;-0.50;0.016;0.29;1.56;-1000.00;-1000.00
2144.515;3317;0.46;0.01;61.13;0.95;-0.35;0.00;0.00;-0.50;403;0;1;2;0.79;-0.00;0.00;-0.00;-0.00;0.00;-0.00;-0.00;0.66;-0.35;-0.00;0.00;-0.50;0.033;0.30;1.51;-1000.00;-1000.00
2144.605;3330;0.46;0.01;61.13;0.95;-0.35;0.00;0.00;-0.50;403;0;1;2;0.79;-0.00;0.00;-0.00;-0.00;0.00;-0.00;-0.00;0.66;-0.35;-0.00;0.00;-0.50;0.026;0.30;1.46;-1000.00;-1000.00
2144.705;3336;0.46;0.01;61.12;0.95;-0.35;0.00;0.00;-0.50;403;0;1;2;0.79;-0.00;0.00;-0.00;-0.00;0.00;-0.00;-0.00;0.66;-0.35;-0.00;0.00;-0.50;0.025;0.30;1.44;-1000.00;-1000.00
2144.825;3350;0.46;0.01;61.11;0.95;-0.35;0.00;0.00;-0.50;403;0;1;2;0.79;-0.00;0.00;-0.00;-0.00;0.00;-0.00;-0.00;0.66;-0.35;-0.00;0.00;-0.50;0.045;0.30;1.38;-1000.00;-1000.00
2144.925;3358;0.46;0.01;61.10;0.95;-0.35;0.00;0.00;-0.50;403;0;1;2;0.79;-0.00;-0.00;-0.00;-0.00;0.00;-0.00;-0.00;0.66;-0.35;-0.00;0.00;-0.50;0.046;0.30;1.35;-1000.00;-1000.00
2145.025;3369;0.46;0.01;61.09;0.95;-0.35;0.00;0.00;-0.50;403;0;1;2;0.79;-0.00;-0.00;-0.00;-0.00;0.00;-0.00;-0.00;0.66;-0.35;-0.00;0.00;-0.50;0.039;0.30;1.34;-1000.00;-1000.00
2145.105;3377;0.46;0.01;61.09;0.95;-0.35;0.00;0.00;-0.50;403;0;1;2;0.79;-0.00;-0.00;-0.00;-0.00;-0.00;-0.00;-0.00;0.66;-0.35;-0.00;0.00;-0.50;0.018;0.30;1.34;-1000.00;-1000.00
2145.225;3389;0.46;0.01;61.07;0.95;-0.35;0.00;0.00;-0.50;403;0;1;2;0.79;-0.00;-0.00;-0.00;-0.00;0.00;-0.00;-0.00;0.66;-0.35;-0.00;0.00;-0.50;0.039;0.30;1.34;-1000.00;-1000.00
2145.305;3396;0.46;0.01;61.07;0.95;-0.35;0.00;0.00;-0.50;403;0;1;2;0.79;-0.00;-0.00;-0.00;-0.00;-0.00;0.00;-0.00;0.66;-0.35;-0.00;0.00;-0.50;0.018;0.30;1.34;-1000.00;-1000.00
2145.435;3412;0.46;0.01;61.05;0.95;-0.35;0.00;0.00;-0.50;403;0;1;2;0.79;-0.00;-0.00;-0.00;-0.00;-0.00;-0.00;-0.00;0.66;-0.35;-0.00;0.00;-0.50;0.050;0.30;1.34;-1000.00;-1000.00
2145.505;3416;0.46;0.01;61.05;0.95;-0.35;0.00;0.00;-0.50;403;0;1;2;0.79;-0.00;-0.00;-0.00;-0.00;-0.00;0.00;-0.00;0.66;-0.35;-0.00;0.00;-0.50;0.027;0.30;1.34;-1000.00;-1000.00
2145.615;3431;0.46;0.01;61.04;0.95;-0.35;0.00;0.00;-0.50;403;0;1;2;0.79;-0.00;-0.00;-0.00;-0.00;-0.00;-0.00;-0.00;0.66;-0.35;-0.00;0.00;-0.50;0.036;0.30;1.34;-1000.00;-1000.00
2145.705;3440;0.46;0.01;61.03;0.95;-0.35;0.00;0.00;-0.50;403;0;1;2;0.79;-0.00;-0.00;-0.00;-0.00;-0.00;-0.00;-0.00;0.66;-0.35;-0.00;0.00;-0.50;0.026;0.30;1.34;-1000.00;-1000.00
2145.805;3449;0.46;0.01;61.02;0.95;-0.35;0.00;0.00;-0.50;403;0;1;2;0.79;-0.00;-0.00;-0.00;-0.00;-0.00;-0.00;-0.00;0.66;-0.35;-0.00;0.00;-0.50;0.029;0.30;1.34;-1000.00;-1000.00
2145.905;3457;0.46;0.01;61.01;0.95;-0.35;0.00;0.00;-0.50;403;0;1;2;0.79;-0.00;-0.00;-0.00;-0.00;-0.00;-0.00;-0.00;0.66;-0.35;-0.00;0.00;-0.50;0.022;0.30;1.34;-1000.00;-1000.00
2146.015;3469;0.46;0.01;61.01;0.95;-0.35;0.00;0.00;-0.50;403;0;1;2;0.79;-0.00;-0.00;-0.00;-0.00;-0.00;-0.00;-0.00;0.66;-0.35;-0.00;0.00;-0.50;0.027;0.30;1.34;-1000.00;-1000.00
2146.105;3477;0.46;0.01;61.00;0.95;-0.35;0.00;0.00;-0.50;403;0;1;2;0.79;-0.00;-0.00;-0.00;-0.00;-0.00;-0.00;-0.00;0.66;-0.35;-0.00;0.00;-0.50;0.023;0.30;1.34;-1000.00;-1000.00
2146.205;3486;0.46;0.01;60.99;0.95;-0.35;0.00;0.00;-0.50;403;0;1;2;0.79;-0.00;-0.00;-0.00;-0.00;-0.00;-0.00;-0.00;0.66;-0.35;-0.00;0.00;-0.50;0.022;0.30;1.34;-1000.00;-1000.00
2146.305;3496;0.46;0.01;60.99;0.95;-0.35;0.00;0.00;-0.50;403;0;1;2;0.79;-0.00;-0.00;-0.00;-0.00;-0.00;0.00;-0.00;0.66;-0.35;-0.00;0.00;-0.50;0.023;0.30;1.34;-1000.00;-1000.00
2146.425;3511;0.46;0.01;60.98;0.95;-0.35;0.00;0.00;-0.50;403;0;1;2;0.79;-0.00;-0.00;-0.00;-0.00;-0.00;0.00;-0.00;0.66;-0.35;-0.00;0.00;-0.50;0.038;0.30;1.34;-1000.00;-1000.00
2146.515;3520;0.45;0.01;60.98;0.95;-0.35;0.00;0.00;-0.50;403;0;1;2;0.79;-0.00;-0.00;-0.00;-0.00;-0.00;0.00;-0.00;0.66;-0.35;-0.00;0.00;-0.50;0.037;0.30;1.34;-1000.00;-1000.00
2146.615;3530;0.45;0.01;60.97;0.95;-0.35;0.00;0.00;-0.50;403;0;1;2;0.79;-0.00;-0.00;-0.00;-0.00;-0.00;0.00;-0.00;0.66;-0.35;-0.00;0.00;-0.50;0.028;0.30;1.34;-1000.00;-1000.00
2146.765;3545;0.45;0.01;60.97;0.95;-0.35;0.00;0.00;-0.50;403;0;1;2;0.79;-0.00;-0.00;-0.00;-0.00;-0.00;0.00;-0.00;0.66;-0.35;-0.00;0.00;-0.50;0.084;0.30;1.30;-1000.00;-1000.00
2146.815;3549;0.45;0.01;60.97;0.95;-0.35;0.00;0.00;-0.50;403;0;1;2;0.79;-0.00;-0.00;-0.00;-0.00;-0.00;0.00;-0.00;0.66;-0.35;-0.00;0.00;-0.50;0.036;0.31;1.28;-1000.00;-1000.00
2146.905;3558;0.45;0.01;60.97;0.95;-0.35;0.00;0.00;-0.50;403;0;1;2;0.79;-0.00;-0.00;-0.00;-0.00;-0.00;0.00;-0.00;0.66;-0.35;-0.00;0.00;-0.50;0.033;0.31;1.26;-1000.00;-1000.00
2147.035;3572;0.45;0.01;60.96;0.95;-0.35;0.00;0.00;-0.50;403;0;1;2;0.79;-0.00;-0.00;-0.00;-0.00;-0.00;0.00;-0.00;0.66;-0.35;-0.00;0.00;-0.50;0.046;0.31;1.23;-1000.00;-1000.00
2147.105;3577;0.45;0.01;60.96;0.95;-0.35;0.00;0.00;-0.50;403;0;1;2;0.79;-0.00;-0.00;-0.00;-0.00;-0.00;0.00;-0.00;0.66;-0.35;-0.00;0.00;-0.50;0.023;0.31;1.22;-1000.00;-1000.00
2147.205;3588;0.45;0.00;60.96;0.95;-0.35;0.00;0.00;-0.50;403;0;1;2;0.79;-0.00;-0.00;-0.00;-0.00;-0.00;0.00;-0.00;0.66;-0.35;-0.00;0.00;-0.50;0.031;0.31;1.22;-1000.00;-1000.00
2147.305;3596;0.45;0.00;60.96;0.95;-0.35;0.00;0.00;-0.50;403;0;1;2;0.79;-0.00;-0.00;-0.00;-0.00;-0.00;0.00;-0.00;0.66;-0.35;-0.00;0.00;-0.50;0.025;0.31;1.21;-1000.00;-1000.00
2147.425;3610;0.45;0.00;60.96;0.95;-0.35;0.00;0.00;-0.50;403;0;1;2;0.79;-0.00;-0.00;-0.00;-0.00;-0.00;0.00;-0.00;0.66;-0.35;-0.00;0.00;-0.50;0.041;0.31;1.22;-1000.00;-1000.00
2147.525;3620;0.45;0.00;60.96;0.95;-0.35;0.00;0.00;-0.50;403;0;1;2;0.79;-0.00;-0.00;-0.00;-0.00;-0.00;0.00;0.00;0.66;-0.35;-0.00;0.00;-0.50;0.045;0.31;1.23;-1000.00;-1000.00
2147.625;3630;0.45;0.00;60.96;0.95;-0.35;0.00;0.00;-0.50;403;0;1;2;0.79;-0.00;-0.00;-0.00;-0.00;-0.00;0.00;0.00;0.66;-0.35;-0.00;0.00;-0.50;0.045;0.31;1.24;-1000.00;-1000.00
2147.725;3641;0.45;0.00;60.96;0.95;-0.35;0.00;0.00;-0.50;403;0;1;2;0.79;-0.00;-0.00;-0.00;-0.00;-0.00;0.00;0.00;0.66;-0.35;-0.00;0.00;-0.50;0.032;0.31;1.26;-1000.00;-1000.00
2147.825;3649;0.45;0.00;60.96;0.95;-0.35;0.00;0.00;-0.50;403;0;1;2;0.79;-0.00;-0.00;-0.00;-0.00;-0.00;0.00;0.00;0.66;-0.35;-0.00;0.00;-0.50;0.045;0.31;1.28;-1000.00;-1000.00
2147.905;3659;0.45;0.00;60.96;0.95;-0.35;0.00;0.00;-0.50;403;0;1;2;0.79;-0.00;-0.00;-0.00;-0.00;-0.00;0.00;0.00;0.66;-0.35;-0.00;0.00;-0.50;0.028;0.31;1.30;-1000.00;-1000.00
2148.025;3669;0.45;0.00;60.97;0.95;-0.35;0.00;0.00;-0.50;403;0;1;2;0.79;-0.00;-0.00;-0.00;-0.00;-0.00;0.00;0.00;0.66;-0.35;-0.00;0.00;-0.50;0.041;0.31;1.33;-1000.00;-1000.00
2148.115;3677;0.45;0.00;60.97;0.95;-0.35;0.00;0.00;-0.50;403;0;1;2;0.79;-0.00;-0.00;-0.00;-0.00;-0.00;0.00;0.00;0.66;-0.35;-0.00;0.00;-0.50;0.027;0.30;1.35;-1000.00;-1000.00
2148.205;3686;0.45;0.00;60.97;0.95;-0.35;0.00;0.00;-0.50;403;0;1;2;0.79;-0.00;-0.00;-0.00;-0.00;-0.00;0.00;0.00;0.66;-0.35;-0.00;0.00;-0.50;0.023;0.30;1.38;-1000.00;-1000.00
2148.305;3696;0.45;0.00;60.97;0.95;-0.35;0.00;0.00;-0.50;403;0;1;2;0.79;-0.00;-0.00;-0.00;-0.00;-0.00;0.00;0.00;0.66;-0.35;-0.00;0.00;-0.50;0.024;0.30;1.41;-1000.00;-1000.00
2148.415;3708;0.45;0.00;60.97;0.95;-0.35;0.00;0.00;-0.50;403;0;1;2;0.79;-0.00;-0.00;-0.00;-0.00;-0.00;0.00;0.00;0.66;-0.35;-0.00;0.00;-0.50;0.036;0.30;1.46;-1000.00;-1000.00
2148.555;3721;0.45;0.00;60.98;0.95;-0.35;0.00;0.00;-0.50;403;0;1;2;0.79;-0.00;-0.00;-0.00;-0.00;-0.00;0.00;0.00;0.66;-0.35;-0.00;0.00;-0.50;0.065;0.30;1.51;-1000.00;-1000.00
2148.625;3732;0.45;0.00;60.98;0.95;-0.35;0.00;0.00;-0.50;403;0;1;2;0.79;-0.00;-0.00;-0.00;-0.00;-0.00;0.00;0.00;0.66;-0.35;-0.00;0.00;-0.50;0.051;0.29;1.55;-1000.00;-1000.00
