t;frame;x;y;z;x_ref;y_ref;z_ref;delta_ref;u_ref;state;ellipse;control;action;delta;u;vx;vy;vz;wx;wy;wz;xr;yr;zr;delr;ur;obs1x;obs1y;obs2x;obs2y
9970.855;14;1.10;-0.30;0.02;0.85;-0.35;-0.00;0.00;-0.50;403;1;1;2;-0.12;-0.04;0.00;0.00;-0.00;0.00;0.00;0.00;0.95;-0.35;0.00;0.00;-0.50;0.057;4.00;3.83;-1000.00;-1000.00
9970.925;20;1.10;-0.30;0.02;0.85;-0.35;-0.00;0.00;-0.50;403;1;1;2;-0.12;-0.08;0.00;0.00;-0.00;0.00;0.00;0.00;0.95;-0.35;0.00;0.00;-0.50;0.020;4.00;3.83;-1000.00;-1000.00
9971.025;28;1.10;-0.30;0.02;0.85;-0.35;-0.00;0.00;-0.50;403;1;1;2;-0.12;-0.12;0.00;0.00;-0.00;0.00;0.00;0.00;0.95;-0.35;0.00;0.00;-0.50;0.018;4.00;3.83;-1000.00;-1000.00
9971.135;39;1.10;-0.30;0.20;0.85;-0.35;-0.00;0.00;-0.50;403;1;1;2;-0.11;-0.15;-0.12;0.00;-0.00;0.00;-0.01;0.05;0.95;-0.35;0.00;0.00;-0.50;0.032;4.00;3.84;-1000.00;-1000.00
9971.235;48;1.08;-0.30;0.34;0.85;-0.35;-0.00;0.00;-0.50;403;1;1;2;-0.10;-0.19;-0.15;0.00;-0.00;0.02;0.05;0.04;0.95;-0.35;0.00;0.00;-0.50;0.030;4.00;3.83;-1000.00;-1000.00
9971.315;58;1.07;-0.30;0.53;0.85;-0.35;-0.00;0.00;-0.50;403;1;1;2;-0.09;-0.21;-0.18;-0.00;0.00;-0.03;-0.05;0.03;0.95;-0.35;0.00;0.00;-0.50;0.017;4.00;3.83;-1000.00;-1000.00
9971.435;71;1.04;-0.30;0.84;0.85;-0.35;-0.00;0.00;-0.50;403;1;1;2;-0.08;-0.24;-0.21;0.00;0.00;0.00;-0.00;0.04;0.95;-0.35;0.00;0.00;-0.50;0.032;4.00;3.84;-1000.00;-1000.00
9971.535;81;1.02;-0.30;1.00;0.85;-0.35;-0.00;0.00;-0.50;403;1;1;2;-0.07;-0.26;-0.24;0.00;0.00;0.00;-0.00;0.02;0.95;-0.35;0.00;0.00;-0.50;0.033;4.00;3.84;-1000.00;-1000.00
9971.635;89;1.00;-0.30;1.08;0.76;-0.35;-0.00;0.00;-0.50;403;2;1;2;-0.06;-0.28;-0.26;0.00;0.00;0.00;-0.00;0.02;0.95;-0.35;0.00;0.00;-0.50;0.028;4.00;3.84;-1000.00;-1000.00
9971.715;100;0.97;-0.30;1.16;0.76;-0.35;-0.00;0.00;-0.50;403;2;1;2;-0.06;-0.29;-0.27;0.00;0.00;0.00;-0.00;0.01;0.95;-0.35;0.00;0.00;-0.50;0.010;4.00;3.84;-1000.00;-1000.00
9971.815;108;0.95;-0.30;1.20;0.76;-0.35;-0.00;0.00;-0.50;403;2;1;2;-0.06;-0.30;-0.29;0.00;-0.00;0.00;-0.00;0.01;0.95;-0.35;-0.00;0.00;-0.50;0.011;4.00;3.84;-1000.00;-1000.00
9971.965;123;0.90;-0.30;1.24;0.65;-0.35;0.00;-0.00;0.37;217;0;1;7;-0.05;-0.31;-0.30;-0.00;-0.00;0.00;0.00;0.00;0.92;-0.35;-0.00;0.00;-0.50;0.035;4.00;3.84;-1000.00;-1000.00
9972.025;127;0.89;-0.30;1.25;1.03;-0.30;24.90;0.79;0.50;217;1;1;7;-0.05;-0.31;-0.31;-0.00;-0.00;0.00;-0.00;0.00;0.89;-0.34;8.71;0.51;0.45;0.021;4.00;3.84;-1000.00;-1000.00
9972.115;138;0.87;-0.30;0.94;1.03;-0.30;24.90;0.79;0.50;217;1;1;7;-0.05;-0.31;-0.01;0.00;-0.00;-0.00;0.00;-0.05;0.87;-0.34;7.48;0.48;0.45;0.013;4.00;3.84;-1000.00;-1000.00
9972.215;146;0.87;-0.30;0.76;1.03;-0.30;24.90;0.79;0.50;217;1;1;7;-0.05;-0.31;0.01;-0.01;0.00;-0.01;-0.01;-0.04;0.87;-0.34;7.48;0.48;0.45;0.016;4.00;3.84;-1000.00;-1000.00
9972.335;161;0.87;-0.30;0.59;1.03;-0.30;24.90;0.79;0.50;217;1;1;7;-0.05;-0.31;0.00;0.00;-0.00;-0.00;-0.00;-0.02;0.87;-0.34;7.48;0.48;0.45;0.030;4.00;3.84;-1000.00;-1000.00
9972.425;170;0.87;-0.30;0.51;1.03;-0.30;24.90;0.79;0.50;217;1;1;7;-0.05;-0.31;0.00;0.00;-0.00;-0.00;-0.00;-0.01;0.87;-0.34;7.48;0.48;0.45;0.025;4.00;3.84;-1000.00;-1000.00
9972.525;180;0.87;-0.30;0.47;1.03;-0.30;24.90;0.79;0.50;217;1;1;7;-0.05;-0.31;0.00;0.00;0.00;-0.00;0.01;-0.01;0.87;-0.34;7.48;0.48;0.45;0.020;4.00;3.84;-1000.00;-1000.00
9972.615;189;0.87;-0.30;0.45;1.03;-0.30;24.90;0.79;0.50;217;1;1;7;-0.05;-0.31;0.00;0.00;0.00;-0.00;0.01;-0.01;0.87;-0.34;7.48;0.48;0.45;0.013;4.00;3.84;-1000.00;-1000.00
9972.745;200;0.87;-0.30;0.43;1.03;-0.30;24.90;0.79;0.50;217;1;1;7;-0.05;-0.31;-0.00;0.00;-0.00;-0.01;-0.01;-0.01;0.87;-0.34;7.48;0.48;0.45;0.033;4.00;3.84;-1000.00;-1000.00
9972.825;208;0.87;-0.30;0.44;1.03;-0.30;24.90;0.79;0.50;217;1;1;7;-0.05;-0.31;0.00;0.00;0.00;-0.00;0.01;-0.00;0.87;-0.34;7.48;0.48;0.45;0.015;4.00;3.84;-1000.00;-1000.00
9972.935;222;0.87;-0.30;0.44;1.03;-0.30;24.90;0.79;0.50;217;1;1;7;-0.05;-0.31;0.00;0.00;0.00;-0.00;0.01;-0.00;0.87;-0.34;7.48;0.48;0.45;0.032;4.00;3.84;-1000.00;-1000.00
9973.015;227;0.87;-0.30;0.44;1.03;-0.30;24.90;0.79;0.50;217;1;1;7;-0.05;-0.31;-0.00;-0.00;-0.00;-0.01;-0.00;0.01;0.87;-0.34;7.48;0.48;0.45;0.016;4.00;3.84;-1000.00;-1000.00
9973.135;242;0.87;-0.31;0.46;1.03;-0.30;24.90;0.79;0.50;217;1;1;7;-0.05;-0.31;-0.00;-0.00;-0.00;-0.01;-0.00;0.01;0.87;-0.34;7.48;0.48;0.45;0.036;4.00;3.84;-1000.00;-1000.00
9973.235;250;0.87;-0.31;0.46;1.03;-0.30;24.90;0.79;0.50;217;1;1;7;-0.05;-0.31;0.00;0.00;-0.00;-0.01;-0.02;-0.01;0.87;-0.34;7.48;0.48;0.45;0.031;4.00;3.84;-1000.00;-1000.00
9973.335;260;0.87;-0.31;0.48;1.03;-0.30;24.90;0.79;0.50;217;1;1;7;-0.05;-0.31;-0.00;-0.00;-0.00;-0.01;-0.00;0.01;0.87;-0.34;7.48;0.48;0.45;0.036;4.00;3.84;-1000.00;-1000.00
9973.425;269;0.87;-0.31;0.50;1.03;-0.30;24.90;0.79;0.50;217;1;1;7;-0.05;-0.31;-0.00;-0.00;0.00;0.00;0.02;0.00;0.87;-0.34;7.48;0.48;0.45;0.031;4.00;3.84;-1000.00;-1000.00
9973.525;279;0.87;-0.31;0.51;1.03;-0.30;24.90;0.79;0.50;217;1;1;7;-0.05;-0.31;-0.00;-0.00;0.00;0.00;0.02;0.00;0.87;-0.34;7.48;0.48;0.45;0.023;4.00;3.84;-1000.00;-1000.00
9973.615;288;0.87;-0.31;0.53;1.03;-0.30;24.90;0.79;0.50;217;1;1;7;-0.05;-0.31;-0.00;-0.00;-0.00;-0.01;-0.01;0.01;0.87;-0.34;7.48;0.48;0.45;0.013;4.00;3.84;-1000.00;-1000.00
9973.725;298;0.87;-0.31;0.54;1.03;-0.30;24.90;0.79;0.50;217;1;1;7;-0.05;-0.31;-0.00;-0.00;-0.00;-0.01;-0.00;0.01;0.87;-0.34;7.48;0.48;0.45;0.020;4.00;3.84;-1000.00;-1000.00
9973.825;309;0.87;-0.31;0.56;1.03;-0.30;24.90;0.79;0.50;217;1;1;7;-0.05;-0.31;-0.00;-0.00;0.00;0.00;0.02;0.00;0.87;-0.34;7.48;0.48;0.45;0.022;4.00;3.84;-1000.00;-1000.00
9973.925;317;0.87;-0.31;0.57;1.03;-0.30;24.90;0.79;0.50;217;1;1;7;0.71;-0.26;-0.00;-0.00;0.00;0.00;0.02;0.00;0.87;-0.34;7.48;0.48;0.45;0.020;4.00;3.84;-1000.00;-1000.00
9974.015;328;0.86;-0.30;-1.18;1.03;-0.30;24.90;0.79;0.50;217;1;1;7;0.72;-0.22;-0.22;0.03;0.00;0.00;-0.00;-0.80;0.86;-0.34;6.37;0.44;0.44;0.013;4.00;3.84;-1000.00;-1000.00
9974.115;336;0.84;-0.30;-4.51;1.03;-0.30;24.90;0.79;0.50;217;1;1;7;0.77;-0.18;-0.24;0.00;-0.01;-0.02;0.03;-0.57;0.84;-0.35;5.36;0.41;0.44;0.011;4.00;3.84;-1000.00;-1000.00
9974.225;350;0.81;-0.30;-7.80;1.03;-0.30;24.90;0.79;0.50;217;1;1;7;0.79;-0.14;-0.18;0.01;-0.01;-0.02;0.04;-0.31;0.83;-0.35;4.46;0.38;0.43;0.023;4.00;3.84;-1000.00;-1000.00
9974.325;360;0.79;-0.29;-8.98;1.03;-0.30;24.90;0.79;0.50;217;1;1;7;0.77;-0.10;-0.14;0.02;-0.01;-0.05;0.12;-0.12;0.81;-0.35;3.66;0.35;0.43;0.019;4.00;3.84;-1000.00;-1000.00
9974.425;368;0.79;-0.29;-9.57;1.03;-0.30;24.90;0.79;0.50;217;1;1;7;0.75;-0.06;-0.12;0.03;-0.01;-0.00;-0.00;-0.02;0.79;-0.35;2.95;0.32;0.42;0.024;4.00;3.84;-1000.00;-1000.00
9974.525;379;0.78;-0.28;-9.48;1.03;-0.30;24.90;0.79;0.50;217;1;1;7;0.71;-0.03;-0.07;0.03;-0.01;0.04;-0.10;0.01;0.78;-0.35;2.32;0.29;0.42;0.014;4.00;3.84;-1000.00;-1000.00
9974.635;392;0.77;-0.28;-8.82;1.03;-0.30;24.90;0.79;0.50;217;1;1;7;0.67;0.00;-0.02;-0.01;-0.01;0.02;-0.05;0.07;0.78;-0.35;2.32;0.29;0.42;0.032;4.00;3.84;-1000.00;-1000.00
9974.715;398;0.77;-0.28;-8.28;1.03;-0.30;24.90;0.79;0.50;217;1;1;7;0.64;0.03;-0.00;-0.01;-0.01;-0.01;0.05;0.21;0.78;-0.35;2.32;0.29;0.42;0.016;4.00;3.84;-1000.00;-1000.00
9974.815;406;0.77;-0.28;-7.35;1.03;-0.30;24.90;0.79;0.50;217;1;1;7;0.61;0.06;0.03;0.00;-0.00;-0.01;0.04;0.24;0.78;-0.35;2.32;0.29;0.42;0.014;4.00;3.84;-1000.00;-1000.00
9974.925;417;0.78;-0.28;-6.02;1.03;-0.30;24.90;0.79;0.50;217;1;1;7;0.57;0.08;0.06;0.01;-0.01;-0.03;0.07;0.24;0.78;-0.35;2.32;0.29;0.42;0.020;4.00;3.84;-1000.00;-1000.00
9975.035;430;0.79;-0.28;-4.74;1.03;-0.30;24.90;0.79;0.50;217;1;1;7;0.55;0.10;0.09;-0.01;0.00;-0.02;-0.03;0.15;0.78;-0.35;2.32;0.29;0.42;0.025;4.00;3.84;-1000.00;-1000.00
9975.125;440;0.80;-0.29;-3.87;1.03;-0.30;24.90;0.79;0.50;217;1;1;7;0.56;0.12;0.11;-0.00;-0.00;-0.02;-0.04;0.16;0.79;-0.35;2.95;0.32;0.42;0.022;4.00;3.84;-1000.00;-1000.00
9975.225;448;0.80;-0.29;-3.13;1.03;-0.30;24.90;0.79;0.50;217;1;1;7;0.57;0.14;0.13;-0.00;-0.00;-0.03;-0.04;0.18;0.81;-0.35;3.66;0.35;0.43;0.017;4.00;3.84;-1000.00;-1000.00
9975.325;458;0.82;-0.29;-2.09;1.03;-0.30;24.90;0.79;0.50;217;1;1;7;0.59;0.16;0.15;0.00;-0.01;-0.01;-0.01;0.20;0.83;-0.35;4.46;0.38;0.43;0.019;4.00;3.84;-1000.00;-1000.00
9975.415;468;0.83;-0.29;-0.94;1.03;-0.30;24.90;0.79;0.50;217;1;1;7;0.61;0.18;0.16;0.00;-0.01;0.02;0.03;0.21;0.84;-0.35;5.36;0.41;0.44;0.020;4.00;3.84;-1000.00;-1000.00
9975.515;477;0.85;-0.29;0.22;1.03;-0.30;24.90;0.79;0.50;217;1;1;7;0.64;0.20;0.19;-0.00;-0.01;-0.02;-0.03;0.24;0.86;-0.34;6.37;0.44;0.44;0.013;4.00;3.84;-1000.00;-1000.00
9975.625;487;0.87;-0.29;1.61;1.03;-0.30;24.90;0.79;0.50;217;1;1;7;0.67;0.22;0.20;0.00;-0.01;0.03;0.05;0.24;0.87;-0.34;7.48;0.48;0.45;0.023;4.00;3.84;-1000.00;-1000.00
9975.715;498;0.89;-0.29;3.35;1.03;-0.30;24.90;0.79;0.50;217;1;1;7;0.75;0.23;0.22;-0.01;-0.01;-0.01;-0.01;0.32;0.91;-0.34;10.05;0.54;0.46;0.015;4.00;3.84;-1000.00;-1000.00
9975.835;511;0.92;-0.29;6.41;1.27;0.06;86.23;0.79;0.50;217;2;1;7;0.75;0.25;0.25;-0.05;-0.00;-0.06;-0.07;0.53;0.92;-0.33;11.51;0.57;0.46;0.028;4.00;3.84;-1000.00;-1000.00
9975.915;517;0.94;-0.29;8.25;1.27;0.06;86.23;0.79;0.50;217;2;1;7;0.79;0.26;0.23;-0.05;-0.00;0.04;0.09;0.47;0.95;-0.33;14.82;0.63;0.47;0.013;4.00;3.84;-1000.00;-1000.00
9976.015;526;0.96;-0.29;11.25;1.27;0.06;86.23;0.79;0.50;217;2;1;7;0.79;0.28;0.25;-0.04;-0.00;0.05;0.16;0.55;0.97;-0.32;16.67;0.67;0.48;0.013;4.00;3.84;-1000.00;-1000.00
9976.115;536;0.99;-0.30;15.35;1.27;0.06;86.23;0.79;0.50;217;2;1;7;0.79;0.29;0.27;-0.12;-0.01;-0.02;-0.14;0.82;0.99;-0.32;18.67;0.70;0.49;0.010;4.00;3.84;-1000.00;-1000.00
9976.225;550;1.03;-0.30;21.15;1.27;0.06;86.23;0.79;0.50;217;2;1;7;0.79;0.30;0.26;-0.11;-0.01;-0.01;-0.09;0.77;1.02;-0.30;23.09;0.76;0.50;0.018;4.00;3.83;-1000.00;-1000.00
9976.315;560;1.05;-0.29;25.28;1.27;0.06;86.23;0.79;0.50;217;2;1;7;0.79;0.31;0.27;-0.08;-0.01;-0.01;0.11;0.68;1.04;-0.29;25.52;0.79;0.50;0.014;4.00;3.83;-1000.00;-1000.00
9976.425;569;1.08;-0.29;29.24;1.27;0.06;86.23;0.79;0.50;217;2;1;7;0.79;0.32;0.29;-0.12;-0.01;0.01;-0.15;0.82;1.07;-0.28;30.48;0.79;0.50;0.021;4.00;3.83;-1000.00;-1000.00
9976.515;579;1.11;-0.28;33.59;1.27;0.06;86.23;0.79;0.50;217;2;1;7;0.77;0.33;0.27;-0.08;-0.01;-0.02;0.13;0.72;1.08;-0.27;32.96;0.79;0.50;0.012;4.00;3.83;-1000.00;-1000.00
9976.615;588;1.14;-0.27;37.72;1.27;0.06;86.23;0.79;0.50;217;2;1;7;0.77;0.34;0.30;-0.09;-0.01;0.01;-0.05;0.84;1.11;-0.25;37.91;0.79;0.50;0.010;4.00;3.83;-1000.00;-1000.00
9976.715;598;1.16;-0.26;42.31;1.27;0.06;86.23;0.79;0.50;217;2;1;7;0.76;0.35;0.30;-0.10;-0.01;0.00;-0.05;0.86;1.14;-0.22;42.87;0.79;0.50;0.010;4.00;3.83;-1000.00;-1000.00
9976.825;608;1.19;-0.25;46.99;1.27;0.06;86.23;0.79;0.50;217;2;1;7;0.72;0.36;0.31;-0.10;-0.01;0.00;-0.05;0.88;1.15;-0.21;45.35;0.79;0.50;0.022;4.00;3.83;-1000.00;-1000.00
9976.925;621;1.23;-0.22;52.65;1.27;0.06;86.23;0.79;0.50;217;2;1;7;0.64;0.36;0.30;-0.07;-0.01;-0.08;0.14;0.64;1.17;-0.20;47.82;0.79;0.50;0.021;4.00;3.83;-1000.00;-1000.00
9977.005;626;1.24;-0.21;54.46;1.27;0.06;86.23;0.79;0.50;217;2;1;7;0.71;0.37;0.33;-0.06;-0.01;-0.01;-0.04;0.58;1.19;-0.17;52.78;0.79;0.50;0.008;4.00;3.83;-1000.00;-1000.00
9977.135;641;1.27;-0.18;60.11;1.27;0.06;86.23;0.79;0.50;217;2;1;7;0.67;0.37;0.31;-0.08;-0.00;-0.04;0.04;0.70;1.20;-0.15;55.26;0.79;0.50;0.030;4.00;3.83;-1000.00;-1000.00
9977.225;649;1.29;-0.16;63.17;1.27;0.06;86.23;0.79;0.50;217;2;1;7;0.72;0.38;0.32;-0.07;-0.00;-0.01;0.01;0.61;1.22;-0.12;60.21;0.79;0.50;0.018;4.00;3.83;-1000.00;-1000.00
9977.325;660;1.31;-0.13;67.81;1.27;0.06;86.23;0.79;0.50;217;2;1;7;0.74;0.38;0.33;-0.09;-0.01;0.04;-0.03;0.88;1.24;-0.09;65.17;0.79;0.50;0.019;4.00;3.83;-1000.00;-1000.00
9977.415;668;1.33;-0.11;71.78;1.27;0.06;86.23;0.79;0.50;217;2;1;7;0.71;0.39;0.34;-0.13;-0.01;0.12;-0.10;0.99;1.24;-0.07;67.64;0.79;0.50;0.012;4.00;3.83;-1000.00;-1000.00
9977.515;677;1.34;-0.08;76.48;1.27;0.06;86.23;0.79;0.50;217;2;1;7;0.71;0.39;0.36;-0.13;-0.01;0.10;-0.07;0.99;1.26;-0.04;72.60;0.79;0.50;0.009;4.00;3.84;-1000.00;-1000.00
9977.625;687;1.36;-0.04;81.87;1.27;0.06;86.23;0.79;0.50;217;2;1;7;0.65;0.39;0.37;-0.09;0.01;-0.09;0.07;0.92;1.26;-0.02;75.08;0.79;0.50;0.022;4.00;3.83;-1000.00;-1000.00
9977.725;701;1.38;0.01;89.57;1.09;0.44;144.20;0.73;0.50;217;3;1;7;0.61;0.38;0.37;-0.13;-0.00;0.01;0.01;0.88;1.27;0.01;80.03;0.79;0.50;0.025;4.01;3.83;-1000.00;-1000.00
9977.825;710;1.39;0.04;93.60;1.09;0.44;144.20;0.73;0.50;217;3;1;7;0.36;0.39;0.39;-0.14;-0.04;0.25;-0.02;0.93;1.27;0.05;84.99;0.79;0.50;0.014;4.01;3.83;-1000.00;-1000.00
9977.915;719;1.40;0.08;95.91;1.09;0.44;144.20;0.73;0.50;217;3;1;7;0.45;0.39;0.37;-0.06;-0.01;0.03;-0.01;0.25;1.28;0.08;89.93;0.78;0.50;0.010;4.01;3.83;-1000.00;-1000.00
9978.015;729;1.39;0.12;97.91;1.09;0.44;144.20;0.73;0.50;217;3;1;7;0.53;0.40;0.38;-0.04;-0.01;-0.08;0.04;0.38;1.27;0.10;92.39;0.78;0.50;0.008;4.01;3.83;-1000.00;-1000.00
9978.105;737;1.39;0.15;100.28;1.09;0.44;144.20;0.73;0.50;217;3;1;7;0.62;0.41;0.38;-0.03;-0.01;-0.11;0.05;0.51;1.27;0.14;97.26;0.78;0.50;0.005;4.01;3.83;-1000.00;-1000.00
9978.205;748;1.39;0.19;104.77;1.09;0.44;144.20;0.73;0.50;217;3;1;7;0.66;0.42;0.39;-0.08;-0.01;0.04;-0.00;0.76;1.27;0.17;102.10;0.77;0.50;0.005;4.01;3.83;-1000.00;-1000.00
9978.315;756;1.39;0.22;108.26;1.09;0.44;144.20;0.73;0.50;217;3;1;7;0.65;0.42;0.39;-0.09;-0.01;-0.05;0.01;0.78;1.26;0.19;104.50;0.77;0.50;0.012;4.01;3.83;-1000.00;-1000.00
9978.415;766;1.38;0.26;112.94;1.09;0.44;144.20;0.73;0.50;217;3;1;7;0.67;0.43;0.40;-0.11;-0.01;0.06;-0.02;0.82;1.25;0.23;109.26;0.76;0.50;0.007;4.01;3.83;-1000.00;-1000.00
9978.525;780;1.37;0.32;119.41;1.09;0.44;144.20;0.73;0.50;217;3;1;7;0.62;0.43;0.41;-0.12;-0.01;0.15;0.01;0.89;1.24;0.24;111.63;0.76;0.50;0.014;4.01;3.83;-1000.00;-1000.00
9978.615;789;1.36;0.35;123.08;1.09;0.44;144.20;0.73;0.50;217;3;1;7;0.66;0.43;0.38;-0.06;-0.01;-0.18;-0.03;0.58;1.23;0.28;116.33;0.76;0.50;0.014;4.01;3.83;-1000.00;-1000.00
9978.715;799;1.35;0.39;127.31;1.09;0.44;144.20;0.73;0.50;217;3;1;7;0.65;0.42;0.38;-0.07;-0.01;-0.12;-0.04;0.69;1.22;0.29;118.66;0.75;0.50;0.013;4.01;3.83;-1000.00;-1000.00
9978.815;808;1.33;0.42;131.05;1.09;0.44;144.20;0.73;0.50;217;3;1;7;0.73;0.42;0.39;-0.08;-0.01;0.06;-0.01;0.73;1.19;0.34;125.60;0.75;0.50;0.005;4.01;3.83;-1000.00;-1000.00
9978.905;818;1.31;0.46;135.79;1.09;0.44;144.20;0.73;0.50;217;3;1;7;0.68;0.42;0.37;-0.11;-0.01;0.03;0.00;0.95;1.18;0.35;127.90;0.75;0.50;0.006;4.01;3.83;-1000.00;-1000.00
9979.005;826;1.29;0.48;139.57;1.09;0.44;144.20;0.73;0.50;217;3;1;7;0.66;0.41;0.37;-0.11;-0.01;0.05;0.00;0.78;1.17;0.37;130.18;0.74;0.50;0.005;4.01;3.83;-1000.00;-1000.00
9979.115;837;1.27;0.51;144.12;1.09;0.44;144.20;0.73;0.50;217;3;1;7;0.67;0.40;0.37;-0.08;-0.01;0.04;0.01;0.68;1.15;0.39;134.71;0.74;0.50;0.005;4.01;3.83;-1000.00;-1000.00
9979.215;850;1.23;0.55;149.10;1.09;0.44;144.20;0.73;0.50;217;3;1;7;0.63;0.39;0.35;-0.08;-0.01;0.04;0.01;0.69;1.13;0.41;136.96;0.74;0.50;0.011;4.01;3.83;-1000.00;-1000.00
9979.315;856;1.22;0.56;151.10;1.09;0.44;144.20;0.73;0.50;217;3;1;7;0.69;0.38;0.35;-0.06;-0.01;0.04;-0.00;0.53;1.10;0.43;141.43;0.73;0.50;0.013;4.01;3.83;-1000.00;-1000.00
9979.415;869;1.18;0.59;155.33;1.09;0.44;144.20;0.73;0.50;217;3;1;7;0.66;0.37;0.34;-0.06;-0.01;0.03;0.01;0.64;1.09;0.44;143.65;0.73;0.50;0.013;4.01;3.83;-1000.00;-1000.00
9979.515;879;1.15;0.60;158.60;1.09;0.44;144.20;0.73;0.50;217;3;1;7;0.67;0.36;0.33;-0.05;-0.00;0.03;-0.00;0.51;1.06;0.46;147.96;0.70;0.50;0.007;4.01;3.83;-1000.00;-1000.00
9979.615;890;1.12;0.62;161.74;1.09;0.44;144.20;0.73;0.50;217;3;1;7;0.64;0.35;0.32;-0.04;-0.01;-0.03;-0.00;0.49;1.05;0.47;150.01;0.68;0.50;0.008;4.01;3.83;-1000.00;-1000.00
9979.715;898;1.09;0.63;164.00;1.09;0.44;144.20;0.73;0.50;217;3;1;7;0.65;0.34;0.31;-0.07;-0.04;-0.11;0.09;0.51;1.01;0.49;153.90;0.65;0.50;0.008;4.01;3.83;-1000.00;-1000.00
9979.805;908;1.06;0.65;167.48;1.09;0.44;144.20;0.73;0.50;217;3;1;7;0.59;0.32;0.32;-0.08;-0.00;-0.05;-0.02;0.60;1.00;0.50;155.74;0.63;0.50;0.007;4.01;3.83;-1000.00;-1000.00
9979.925;917;1.04;0.66;170.61;1.09;0.44;144.20;0.73;0.50;217;3;1;7;0.54;0.31;0.32;-0.10;-0.05;-0.09;0.15;0.64;0.98;0.50;157.52;0.61;0.50;0.015;4.01;3.83;-1000.00;-1000.00
9980.015;927;1.01;0.67;173.71;1.09;0.44;144.20;0.73;0.50;217;3;1;7;0.51;0.30;0.30;-0.05;-0.00;-0.07;-0.09;0.39;0.95;0.52;160.88;0.58;0.50;0.005;4.01;3.83;-1000.00;-1000.00
9980.105;935;0.98;0.68;175.60;1.09;0.44;144.20;0.73;0.50;217;3;1;7;0.48;0.28;0.29;-0.03;-0.01;-0.13;-0.18;0.28;0.93;0.52;162.46;0.56;0.50;0.004;4.01;3.83;-1000.00;-1000.00
9980.205;946;0.95;0.69;178.02;1.09;0.44;144.20;0.73;0.50;217;3;1;7;0.44;0.27;0.28;-0.06;-0.01;0.04;0.05;0.37;0.91;0.53;163.98;0.54;0.50;0.008;4.01;3.83;-1000.00;-1000.00
9980.315;959;0.91;0.69;179.94;1.09;0.44;144.20;0.73;0.50;217;3;1;7;0.43;0.25;0.26;-0.03;-0.01;0.03;0.05;0.24;0.88;0.54;166.84;0.51;0.50;0.009;4.01;3.83;-1000.00;-1000.00
9980.415;969;0.89;0.69;180.90;1.09;0.44;144.20;0.73;0.50;217;3;1;7;0.43;0.24;0.27;-0.00;-0.01;0.05;0.07;0.16;0.86;0.54;168.18;0.49;0.50;0.010;4.01;3.83;-1000.00;-1000.00
9980.515;978;0.86;0.69;181.46;1.09;0.44;144.20;0.73;0.50;217;3;1;7;0.43;0.23;0.26;0.01;-0.01;0.04;0.05;0.11;0.84;0.54;169.47;0.47;0.50;0.005;4.01;3.83;-1000.00;-1000.00
9980.615;988;0.84;0.69;181.86;1.09;0.44;144.20;0.73;0.50;217;3;1;7;0.43;0.22;0.24;0.00;-0.01;0.02;0.02;0.06;0.82;0.55;170.70;0.45;0.50;0.006;4.01;3.83;-1000.00;-1000.00
9980.755;1003;0.81;0.69;182.30;0.51;0.56;171.38;-0.63;0.50;489;1;1;4;0.44;0.21;0.22;0.01;-0.01;-0.00;-0.02;0.04;0.81;0.55;171.87;0.44;0.50;0.045;4.01;3.83;-1000.00;-1000.00
9980.825;1007;0.80;0.69;182.42;0.51;0.56;171.38;-0.63;0.50;489;1;1;4;0.40;0.22;0.24;-0.00;-0.01;0.05;0.08;0.08;0.65;0.55;180.00;-0.08;0.06;0.016;4.01;3.83;-1000.00;-1000.00
9980.935;1022;0.76;0.68;182.62;0.25;0.65;154.12;-0.22;0.50;489;2;1;4;0.32;0.22;0.23;0.00;-0.01;0.03;0.05;0.04;0.65;0.55;180.00;-0.08;0.06;0.028;4.01;3.83;-1000.00;-1000.00
9981.025;1030;0.74;0.68;182.49;0.25;0.65;154.12;-0.22;0.50;489;2;1;4;0.15;0.21;0.23;0.01;-0.01;0.03;0.04;-0.03;0.65;0.55;180.00;-0.08;0.06;0.020;4.01;3.83;-1000.00;-1000.00
9981.125;1040;0.72;0.68;181.77;0.25;0.65;154.12;-0.22;0.50;489;2;1;4;0.16;0.20;0.22;0.01;-0.01;0.03;0.05;-0.13;0.65;0.55;180.00;-0.08;0.06;0.016;4.01;3.83;-1000.00;-1000.00
9981.215;1049;0.70;0.68;181.10;0.25;0.65;154.12;-0.22;0.50;489;2;1;4;0.17;0.19;0.21;0.00;-0.01;0.03;0.05;-0.09;0.65;0.55;180.00;-0.08;0.06;0.016;4.01;3.83;-1000.00;-1000.00
9981.325;1059;0.68;0.68;180.57;0.25;0.65;154.12;-0.22;0.50;489;2;1;4;0.17;0.18;0.20;0.00;-0.01;0.03;0.04;-0.05;0.65;0.55;180.00;-0.08;0.06;0.018;4.01;3.83;-1000.00;-1000.00
9981.425;1069;0.66;0.68;180.24;0.25;0.65;154.12;-0.22;0.50;489;2;1;4;0.17;0.16;0.18;0.00;-0.01;0.02;0.03;-0.04;0.65;0.55;180.00;-0.08;0.06;0.024;4.01;3.83;-1000.00;-1000.00
9981.515;1078;0.65;0.68;180.00;0.25;0.65;154.12;-0.22;0.50;489;2;1;4;0.16;0.14;0.17;0.00;-0.01;0.02;0.02;-0.04;0.65;0.55;180.00;-0.08;0.06;0.012;4.01;3.83;-1000.00;-1000.00
9981.625;1088;0.63;0.68;179.77;0.25;0.65;154.12;-0.22;0.50;489;2;1;4;0.06;0.13;0.15;0.00;-0.01;0.02;0.02;-0.03;0.64;0.55;179.89;-0.18;0.14;0.020;4.01;3.83;-1000.00;-1000.00
9981.715;1097;0.62;0.68;179.48;0.25;0.65;154.12;-0.22;0.50;489;2;1;4;-0.08;0.13;0.14;0.00;-0.01;0.02;0.01;-0.08;0.62;0.55;179.19;-0.30;0.24;0.012;4.01;3.83;-1000.00;-1000.00
9981.815;1107;0.61;0.68;178.81;0.25;0.65;154.12;-0.22;0.50;489;2;1;4;-0.16;0.12;0.13;-0.00;-0.00;0.02;0.03;-0.13;0.60;0.55;178.29;-0.38;0.30;0.012;4.01;3.83;-1000.00;-1000.00
9981.925;1120;0.59;0.68;177.99;0.25;0.65;154.12;-0.22;0.50;489;2;1;4;-0.17;0.12;0.13;-0.00;-0.00;0.00;-0.01;-0.09;0.59;0.55;177.88;-0.41;0.32;0.019;4.01;3.83;-1000.00;-1000.00
9982.015;1126;0.58;0.68;177.70;0.25;0.65;154.12;-0.22;0.50;489;2;1;4;-0.25;0.12;0.12;-0.00;-0.00;-0.00;-0.00;-0.08;0.58;0.55;176.89;-0.46;0.36;0.010;4.01;3.83;-1000.00;-1000.00
9982.125;1138;0.57;0.68;177.12;0.25;0.65;154.12;-0.22;0.50;489;2;1;4;-0.33;0.13;0.12;-0.00;-0.00;-0.01;0.01;-0.07;0.56;0.55;175.63;-0.51;0.40;0.022;4.01;3.83;-1000.00;-1000.00
9982.215;1149;0.55;0.68;176.48;0.25;0.65;154.12;-0.22;0.50;489;2;1;4;-0.42;0.13;0.13;0.00;-0.00;-0.00;-0.02;-0.12;0.54;0.55;174.07;-0.56;0.44;0.013;4.01;3.83;-1000.00;-1000.00
9982.325;1157;0.54;0.68;175.97;0.25;0.65;154.12;-0.22;0.50;489;2;1;4;-0.47;0.14;0.14;0.01;-0.00;-0.02;0.02;-0.12;0.53;0.56;173.17;-0.58;0.46;0.020;4.01;3.83;-1000.00;-1000.00
9982.415;1168;0.53;0.68;175.19;0.25;0.65;154.12;-0.22;0.50;489;2;1;4;-0.57;0.15;0.15;0.01;-0.01;-0.02;0.03;-0.13;0.51;0.56;171.10;-0.62;0.50;0.008;4.01;3.83;-1000.00;-1000.00
9982.515;1176;0.52;0.68;174.49;0.25;0.65;154.12;-0.22;0.50;489;2;1;4;-0.57;0.16;0.15;0.00;-0.00;0.01;-0.02;-0.19;0.50;0.56;170.03;-0.61;0.50;0.011;4.01;3.83;-1000.00;-1000.00
9982.625;1191;0.49;0.69;172.99;0.01;0.77;155.85;0.31;0.50;489;3;1;4;-0.57;0.17;0.16;-0.01;-0.01;0.04;-0.09;-0.14;0.48;0.56;167.98;-0.57;0.50;0.021;4.01;3.83;-1000.00;-1000.00
9982.715;1199;0.48;0.69;172.28;0.01;0.77;155.85;0.31;0.50;489;3;1;4;-0.51;0.18;0.17;-0.01;-0.01;0.03;-0.08;-0.13;0.46;0.57;166.08;-0.54;0.50;0.011;4.01;3.83;-1000.00;-1000.00
9982.805;1209;0.46;0.69;171.67;0.01;0.77;155.85;0.31;0.50;489;3;1;4;-0.57;0.19;0.19;-0.00;-0.01;-0.02;0.02;-0.08;0.42;0.58;163.48;-0.49;0.50;0.004;4.01;3.83;-1000.00;-1000.00
9982.905;1218;0.44;0.69;171.06;0.01;0.77;155.85;0.31;0.50;489;3;1;4;-0.56;0.19;0.19;-0.00;-0.01;0.01;-0.03;-0.12;0.41;0.58;162.68;-0.47;0.50;0.006;4.01;3.83;-1000.00;-1000.00
9983.005;1227;0.43;0.70;170.47;0.01;0.77;155.85;0.31;0.50;489;3;1;4;-0.57;0.20;0.19;-0.01;-0.01;0.03;-0.08;-0.08;0.39;0.59;161.18;-0.44;0.50;0.004;4.01;3.83;-1000.00;-1000.00
9983.105;1237;0.41;0.70;169.70;0.01;0.77;155.85;0.31;0.50;489;3;1;4;-0.58;0.20;0.21;0.00;-0.01;-0.02;0.04;-0.15;0.37;0.60;159.80;-0.41;0.50;0.004;4.01;3.83;-1000.00;-1000.00
9983.205;1248;0.38;0.70;168.93;0.01;0.77;155.85;0.31;0.50;489;3;1;4;-0.57;0.21;0.21;-0.00;-0.01;-0.02;0.03;-0.13;0.35;0.60;158.54;-0.38;0.50;0.004;4.01;3.83;-1000.00;-1000.00
9983.305;1256;0.37;0.71;168.42;0.01;0.77;155.85;0.31;0.50;489;3;1;4;-0.58;0.21;0.22;-0.00;-0.01;-0.01;0.03;-0.12;0.33;0.61;157.40;-0.34;0.50;0.004;4.01;3.83;-1000.00;-1000.00
9983.405;1266;0.35;0.71;167.81;0.01;0.77;155.85;0.31;0.50;489;3;1;4;-0.57;0.22;0.22;-0.00;-0.00;-0.01;0.02;-0.12;0.31;0.62;156.38;-0.31;0.50;0.005;4.01;3.83;-1000.00;-1000.00
9983.515;1276;0.32;0.72;167.21;0.01;0.77;155.85;0.31;0.50;489;3;1;4;-0.56;0.23;0.23;-0.01;-0.00;-0.01;0.02;-0.11;0.29;0.63;155.46;-0.28;0.50;0.010;4.01;3.83;-1000.00;-1000.00
9983.615;1290;0.29;0.73;166.45;0.01;0.77;155.85;0.31;0.50;489;3;1;4;-0.52;0.23;0.24;-0.01;-0.00;-0.00;0.02;-0.10;0.27;0.64;154.66;-0.24;0.50;0.013;4.01;3.83;-1000.00;-1000.00
9983.715;1298;0.27;0.73;166.13;0.01;0.77;155.85;0.31;0.50;489;3;1;4;-0.52;0.23;0.24;-0.01;-0.00;-0.00;0.02;-0.07;0.25;0.65;153.96;-0.21;0.50;0.006;4.01;3.83;-1000.00;-1000.00
9983.805;1309;0.25;0.74;165.62;0.01;0.77;155.85;0.31;0.50;489;3;1;4;-0.50;0.24;0.22;0.05;-0.01;0.03;-0.05;-0.07;0.22;0.66;153.13;-0.14;0.50;0.005;4.01;3.83;-1000.00;-1000.00
9983.905;1318;0.23;0.74;164.89;0.01;0.77;155.85;0.31;0.50;489;3;1;4;-0.46;0.25;0.23;0.05;-0.01;0.01;-0.00;-0.17;0.20;0.67;152.75;-0.10;0.50;0.004;4.01;3.83;-1000.00;-1000.00
9984.015;1327;0.21;0.74;164.11;0.01;0.77;155.85;0.31;0.50;489;3;1;4;-0.41;0.25;0.26;-0.01;-0.01;-0.02;0.05;-0.16;0.18;0.68;152.50;-0.06;0.50;0.005;4.01;3.83;-1000.00;-1000.00
9984.105;1337;0.18;0.75;163.63;0.01;0.77;155.85;0.31;0.50;489;3;1;4;-0.35;0.26;0.26;-0.01;-0.01;-0.02;0.04;-0.06;0.16;0.70;152.38;-0.02;0.50;0.008;4.01;3.83;-1000.00;-1000.00
9984.225;1351;0.15;0.76;163.57;0.01;0.77;155.85;0.31;0.50;489;3;1;4;-0.30;0.26;0.28;0.00;-0.01;-0.02;0.09;-0.02;0.14;0.71;152.39;0.03;0.50;0.015;4.01;3.83;-1000.00;-1000.00
9984.315;1356;0.13;0.77;163.67;0.01;0.77;155.85;0.31;0.50;489;3;1;4;-0.26;0.27;0.27;-0.00;-0.01;-0.02;0.05;0.02;0.11;0.72;152.66;0.09;0.50;0.008;4.01;3.83;-1000.00;-1000.00
9984.425;1371;0.09;0.78;164.09;-0.26;0.84;179.43;0.79;0.50;489;4;1;4;-0.21;0.27;0.28;-0.00;-0.01;-0.03;0.09;0.02;0.09;0.73;153.00;0.13;0.50;0.018;4.01;3.83;-1000.00;-1000.00
9984.515;1380;0.07;0.79;164.42;-0.26;0.84;179.43;0.79;0.50;489;4;1;4;-0.15;0.27;0.28;-0.00;-0.01;-0.02;0.06;0.04;0.07;0.74;153.48;0.18;0.50;0.011;4.01;3.83;-1000.00;-1000.00
9984.605;1386;0.06;0.79;164.76;-0.26;0.84;179.43;0.79;0.50;489;4;1;4;-0.10;0.28;0.27;-0.01;-0.01;0.01;-0.04;0.13;0.04;0.76;154.45;0.24;0.50;0.004;4.01;3.83;-1000.00;-1000.00
9984.715;1399;0.02;0.80;165.48;-0.26;0.84;179.43;0.79;0.50;489;4;1;4;-0.03;0.28;0.28;-0.00;-0.01;0.01;-0.05;0.12;0.02;0.77;155.27;0.28;0.50;0.010;4.01;3.83;-1000.00;-1000.00
9984.835;1409;-0.01;0.81;166.14;-0.25;0.85;180.00;0.11;0.00;469;1;1;5;0.04;0.28;0.28;-0.01;-0.01;-0.02;0.03;0.10;-0.01;0.78;156.74;0.34;0.50;0.023;4.01;3.83;-1000.00;-1000.00
9984.925;1418;-0.03;0.81;166.85;-0.44;0.83;193.57;0.65;0.50;469;2;1;5;0.18;0.29;0.28;-0.01;-0.00;-0.01;0.02;0.14;-0.25;0.85;180.04;0.18;0.07;0.013;4.01;3.83;-1000.00;-1000.00
9985.025;1428;-0.06;0.82;168.11;-0.44;0.83;193.57;0.65;0.50;469;2;1;5;0.16;0.32;0.30;0.01;-0.00;-0.02;0.05;0.27;-0.25;0.85;180.04;0.18;0.07;0.011;4.01;3.83;-1000.00;-1000.00
9985.115;1437;-0.09;0.83;169.16;-0.44;0.83;193.57;0.65;0.50;469;2;1;5;0.19;0.34;0.32;0.00;0.00;-0.01;-0.02;0.17;-0.25;0.85;180.04;0.18;0.07;0.010;4.01;3.83;-1000.00;-1000.00
9985.215;1447;-0.12;0.83;170.00;-0.44;0.83;193.57;0.65;0.50;469;2;1;5;0.24;0.35;0.34;-0.01;-0.00;0.00;-0.00;0.15;-0.25;0.85;180.04;0.18;0.07;0.013;4.01;3.83;-1000.00;-1000.00
9985.315;1455;-0.15;0.84;170.77;-0.44;0.83;193.57;0.65;0.50;469;2;1;5;0.28;0.36;0.36;-0.01;-0.01;0.04;0.06;0.22;-0.25;0.85;180.04;0.18;0.07;0.016;4.01;3.83;-1000.00;-1000.00
9985.425;1471;-0.20;0.84;172.62;-0.44;0.83;193.57;0.65;0.50;469;2;1;5;0.35;0.36;0.37;0.00;-0.01;0.05;0.05;0.21;-0.25;0.85;180.04;0.18;0.07;0.016;4.01;3.83;-1000.00;-1000.00
9985.515;1479;-0.23;0.85;173.80;-0.44;0.83;193.57;0.65;0.50;469;2;1;5;0.37;0.35;0.37;-0.00;-0.01;0.06;0.06;0.29;-0.25;0.85;180.04;0.18;0.07;0.013;4.01;3.83;-1000.00;-1000.00
9985.625;1490;-0.27;0.85;175.37;-0.44;0.83;193.57;0.65;0.50;469;2;1;5;0.48;0.34;0.35;0.01;-0.01;-0.05;-0.07;0.20;-0.27;0.85;180.39;0.27;0.15;0.012;4.01;3.83;-1000.00;-1000.00
9985.725;1498;-0.30;0.85;176.82;-0.75;0.62;234.67;0.68;0.50;469;3;1;5;0.58;0.34;0.35;-0.01;-0.01;-0.03;-0.05;0.36;-0.30;0.85;181.75;0.38;0.25;0.019;4.01;3.83;-1000.00;-1000.00
9985.815;1509;-0.34;0.86;179.81;-0.75;0.62;234.67;0.68;0.50;469;3;1;5;0.65;0.35;0.33;-0.06;-0.01;-0.02;-0.01;0.54;-0.33;0.85;183.97;0.46;0.33;0.008;4.01;3.83;-1000.00;-1000.00
9985.905;1517;-0.36;0.86;182.80;-0.75;0.62;234.67;0.68;0.50;469;3;1;5;0.68;0.36;0.34;-0.09;-0.00;0.00;0.04;0.74;-0.37;0.85;186.50;0.53;0.39;0.005;4.01;3.83;-1000.00;-1000.00
9986.015;1528;-0.40;0.87;187.59;-0.75;0.62;234.67;0.68;0.50;469;3;1;5;0.64;0.36;0.35;-0.12;-0.01;0.03;0.12;0.82;-0.39;0.84;188.68;0.57;0.43;0.010;4.01;3.83;-1000.00;-1000.00
9986.115;1536;-0.43;0.87;191.13;-0.75;0.62;234.67;0.68;0.50;469;3;1;5;0.65;0.37;0.34;-0.09;-0.01;-0.02;-0.03;0.69;-0.42;0.84;191.29;0.62;0.47;0.006;4.01;3.83;-1000.00;-1000.00
9986.215;1547;-0.47;0.87;195.61;-0.75;0.62;234.67;0.68;0.50;469;3;1;5;0.67;0.38;0.34;-0.06;-0.01;-0.02;-0.14;0.63;-0.46;0.83;195.98;0.65;0.50;0.005;4.01;3.83;-1000.00;-1000.00
9986.305;1555;-0.50;0.87;198.88;-0.75;0.62;234.67;0.68;0.50;469;3;1;5;0.64;0.38;0.38;-0.09;-0.01;0.05;0.10;0.84;-0.48;0.82;197.60;0.65;0.50;0.005;4.01;3.83;-1000.00;-1000.00
9986.425;1570;-0.55;0.86;205.31;-0.75;0.62;234.67;0.68;0.50;469;3;1;5;0.61;0.39;0.36;-0.09;-0.01;-0.01;0.01;0.70;-0.52;0.80;202.48;0.66;0.50;0.019;4.01;3.83;-1000.00;-1000.00
9986.515;1580;-0.59;0.85;209.00;-0.75;0.62;234.67;0.68;0.50;469;3;1;5;0.62;0.39;0.38;-0.09;-0.01;0.04;0.09;0.67;-0.55;0.79;205.75;0.66;0.50;0.008;4.01;3.83;-1000.00;-1000.00
9986.625;1589;-0.62;0.84;212.47;-0.75;0.62;234.67;0.68;0.50;469;3;1;5;0.63;0.39;0.38;-0.07;-0.01;-0.00;0.06;0.68;-0.58;0.78;209.04;0.66;0.50;0.015;4.02;3.83;-1000.00;-1000.00
9986.715;1599;-0.66;0.83;216.31;-0.75;0.62;234.67;0.68;0.50;469;3;1;5;0.66;0.40;0.37;-0.08;-0.01;-0.02;0.05;0.69;-0.62;0.75;214.00;0.67;0.50;0.006;4.02;3.83;-1000.00;-1000.00
9986.805;1609;-0.69;0.81;220.40;-0.75;0.62;234.67;0.68;0.50;469;3;1;5;0.63;0.40;0.37;-0.10;-0.01;-0.01;0.04;0.79;-0.63;0.74;215.67;0.67;0.50;0.007;4.02;3.83;-1000.00;-1000.00
9986.915;1617;-0.72;0.80;223.56;-0.75;0.62;234.67;0.68;0.50;469;3;1;5;0.65;0.40;0.37;-0.09;-0.01;-0.01;0.05;0.70;-0.65;0.73;219.00;0.67;0.50;0.008;4.02;3.83;-1000.00;-1000.00
9987.005;1627;-0.75;0.78;227.42;-0.75;0.62;234.67;0.68;0.50;469;3;1;5;0.65;0.40;0.36;-0.08;-0.01;-0.02;0.05;0.73;-0.68;0.71;222.36;0.67;0.50;0.004;4.02;3.83;-1000.00;-1000.00
9987.115;1637;-0.78;0.75;231.40;-0.75;0.62;234.67;0.68;0.50;469;3;1;5;0.65;0.40;0.36;-0.08;-0.01;-0.01;0.04;0.72;-0.70;0.68;225.73;0.67;0.50;0.005;4.02;3.83;-1000.00;-1000.00
9987.205;1645;-0.80;0.73;234.72;-0.75;0.62;234.67;0.68;0.50;469;3;1;5;0.66;0.39;0.36;-0.11;-0.01;-0.06;0.10;0.79;-0.72;0.66;229.12;0.68;0.50;0.004;4.02;3.83;-1000.00;-1000.00
9987.305;1656;-0.83;0.71;239.50;-0.75;0.62;234.67;0.68;0.50;469;3;1;5;0.63;0.39;0.35;-0.09;-0.01;-0.02;0.02;0.82;-0.74;0.64;232.53;0.68;0.50;0.005;4.02;3.83;-1000.00;-1000.00
9987.415;1669;-0.86;0.67;245.06;-0.75;0.62;234.67;0.68;0.50;469;3;1;5;0.58;0.38;0.35;-0.05;-0.01;0.12;-0.15;0.64;-0.76;0.61;235.95;0.68;0.50;0.015;4.02;3.83;-1000.00;-1000.00
9987.515;1679;-0.88;0.64;248.89;-0.75;0.62;234.67;0.68;0.50;469;3;1;5;0.56;0.37;0.38;-0.06;-0.00;-0.01;0.09;0.61;-0.77;0.59;239.28;0.66;0.50;0.007;4.02;3.83;-1000.00;-1000.00
9987.615;1687;-0.90;0.61;251.79;-0.75;0.62;234.67;0.68;0.50;469;3;1;5;0.56;0.36;0.36;-0.09;-0.05;-0.14;-0.07;0.63;-0.79;0.56;242.51;0.64;0.50;0.009;4.02;3.83;-1000.00;-1000.00
9987.705;1697;-0.91;0.58;255.40;-0.75;0.62;234.67;0.68;0.50;469;3;1;5;0.54;0.35;0.35;-0.07;-0.00;0.02;-0.03;0.59;-0.80;0.53;245.63;0.63;0.50;0.004;4.02;3.83;-1000.00;-1000.00
9987.815;1707;-0.93;0.55;258.72;-0.86;0.26;269.43;0.49;0.50;469;4;1;5;0.52;0.35;0.36;-0.04;-0.00;0.04;-0.02;0.53;-0.82;0.50;248.66;0.61;0.50;0.009;4.02;3.83;-1000.00;-1000.00
9987.915;1720;-0.94;0.50;262.41;-0.86;0.26;269.43;0.49;0.50;469;4;1;5;0.35;0.35;0.34;-0.03;-0.00;0.15;-0.13;0.38;-0.83;0.47;251.58;0.60;0.50;0.013;4.02;3.83;-1000.00;-1000.00
9988.055;1730;-0.95;0.47;264.23;-0.86;0.11;-98.62;-0.63;0.50;1052;1;1;4;0.38;0.36;0.36;-0.03;-0.01;-0.03;0.03;0.24;-0.83;0.44;254.41;0.58;0.50;0.046;4.02;3.83;-1000.00;-1000.00
9988.125;1739;-0.95;0.44;265.56;-0.86;0.11;-98.62;-0.63;0.50;1052;1;1;4;0.73;0.35;0.36;-0.05;-0.01;-0.12;0.07;0.34;-0.85;0.25;-90.00;-0.08;0.06;0.021;4.02;3.83;-1000.00;-1000.00
9988.245;1749;-0.96;0.40;269.10;-0.86;0.11;-98.62;-0.63;0.50;1052;1;1;4;0.51;0.35;0.35;-0.10;-0.01;-0.10;0.04;1.03;-0.85;0.25;-90.00;-0.08;0.06;0.035;4.02;3.83;-1000.00;-1000.00
9988.335;1758;-0.97;0.37;273.12;-0.95;-0.15;-115.88;-0.22;0.50;1052;2;1;4;0.28;0.35;0.34;-0.07;-0.00;0.08;-0.05;0.43;-0.85;0.25;-90.00;-0.08;0.06;0.026;4.02;3.83;-1000.00;-1000.00
9988.415;1768;-0.97;0.34;274.93;-0.95;-0.15;-115.88;-0.22;0.50;1052;2;1;4;0.01;0.34;0.37;-0.07;-0.04;-0.26;0.02;0.20;-0.85;0.25;-90.00;-0.08;0.06;0.014;4.02;3.83;-1000.00;-1000.00
9988.525;1777;-0.97;0.30;274.39;-0.95;-0.15;-115.88;-0.22;0.50;1052;2;1;4;-0.00;0.32;0.35;0.01;-0.01;-0.07;0.04;-0.23;-0.85;0.25;-90.00;-0.08;0.06;0.022;4.02;3.83;-1000.00;-1000.00
9988.615;1788;-0.97;0.27;273.00;-0.95;-0.15;-115.88;-0.22;0.50;1052;2;1;4;0.02;0.30;0.33;0.01;-0.01;-0.05;0.03;-0.17;-0.85;0.25;-90.00;-0.08;0.06;0.013;4.02;3.83;-1000.00;-1000.00
9988.715;1796;-0.97;0.24;272.28;-0.95;-0.15;-115.88;-0.22;0.50;1052;2;1;4;0.02;0.28;0.31;-0.00;-0.01;-0.04;0.03;-0.11;-0.85;0.25;-90.00;-0.08;0.06;0.013;4.02;3.83;-1000.00;-1000.00
9988.815;1807;-0.96;0.21;271.75;-0.95;-0.15;-115.88;-0.22;0.50;1052;2;1;4;-0.25;0.27;0.29;0.00;-0.00;-0.01;0.02;-0.07;-0.85;0.21;-91.06;-0.33;0.26;0.013;4.02;3.83;-1000.00;-1000.00
9988.935;1820;-0.96;0.17;270.29;-0.95;-0.15;-115.88;-0.22;0.50;1052;2;1;4;-0.42;0.27;0.27;-0.00;0.00;0.03;-0.00;-0.27;-0.85;0.18;-93.11;-0.46;0.36;0.028;4.02;3.83;-1000.00;-1000.00
9989.025;1831;-0.96;0.14;268.30;-0.95;-0.15;-115.88;-0.22;0.50;1052;2;1;4;-0.50;0.27;0.27;0.01;-0.00;0.10;0.05;-0.31;-0.85;0.15;-95.11;-0.53;0.42;0.017;4.02;3.83;-1000.00;-1000.00
9989.115;1839;-0.96;0.12;266.64;-0.95;-0.15;-115.88;-0.22;0.50;1052;2;1;4;-0.63;0.27;0.28;0.01;-0.01;-0.05;-0.03;-0.37;-0.86;0.12;-97.82;-0.61;0.48;0.012;4.02;3.83;-1000.00;-1000.00
9989.215;1850;-0.96;0.09;263.90;-0.95;-0.15;-115.88;-0.22;0.50;1052;2;1;4;-0.66;0.28;0.29;0.01;-0.01;-0.05;-0.04;-0.45;-0.86;0.08;-102.02;-0.57;0.50;0.011;4.02;3.83;-1000.00;-1000.00
9989.315;1858;-0.96;0.07;261.64;-1.07;-0.39;-114.15;0.31;0.50;1052;3;1;4;-0.64;0.29;0.27;0.04;-0.01;0.04;0.03;-0.46;-0.87;0.04;-104.82;-0.52;0.50;0.009;4.02;3.83;-1000.00;-1000.00
9989.405;1867;-0.96;0.04;259.20;-1.07;-0.39;-114.15;0.31;0.50;1052;3;1;4;-0.55;0.30;0.28;0.06;-0.01;0.03;0.02;-0.45;-0.88;0.01;-107.32;-0.47;0.50;0.004;4.02;3.83;-1000.00;-1000.00
9989.515;1877;-0.96;0.01;257.00;-1.07;-0.39;-114.15;0.31;0.50;1052;3;1;4;-0.50;0.30;0.28;0.03;-0.01;0.14;0.05;-0.27;-0.89;-0.01;-108.82;-0.44;0.50;0.009;4.02;3.83;-1000.00;-1000.00
9989.625;1891;-0.97;-0.03;254.40;-1.07;-0.39;-114.15;0.31;0.50;1052;3;1;4;-0.45;0.30;0.28;0.04;-0.01;0.01;0.01;-0.29;-0.90;-0.04;-110.85;-0.39;0.50;0.018;4.02;3.83;-1000.00;-1000.00
9989.715;1896;-0.97;-0.04;253.78;-1.07;-0.39;-114.15;0.31;0.50;1052;3;1;4;-0.47;0.31;0.32;0.03;-0.01;-0.10;-0.05;-0.26;-0.91;-0.07;-112.60;-0.34;0.50;0.013;4.02;3.83;-1000.00;-1000.00
9989.825;1910;-0.98;-0.08;251.55;-1.07;-0.39;-114.15;0.31;0.50;1052;3;1;4;-0.38;0.31;0.29;0.03;-0.01;0.06;0.02;-0.27;-0.92;-0.09;-113.62;-0.31;0.50;0.013;4.02;3.83;-1000.00;-1000.00
9989.905;1916;-0.98;-0.10;250.74;-1.07;-0.39;-114.15;0.31;0.50;1052;3;1;4;-0.38;0.32;0.31;0.05;-0.01;-0.15;-0.04;-0.24;-0.94;-0.12;-114.95;-0.26;0.50;0.004;4.02;3.83;-1000.00;-1000.00
9990.025;1931;-1.00;-0.15;249.41;-1.07;-0.39;-114.15;0.31;0.50;1052;3;1;4;-0.32;0.32;0.32;-0.01;-0.01;0.06;0.01;-0.11;-0.95;-0.15;-116.04;-0.21;0.50;0.018;4.02;3.83;-1000.00;-1000.00
9990.105;1935;-1.00;-0.16;249.20;-1.07;-0.39;-114.15;0.31;0.50;1052;3;1;4;-0.31;0.33;0.33;-0.01;-0.01;-0.07;-0.02;-0.08;-0.96;-0.18;-116.87;-0.14;0.50;0.005;4.02;3.83;-1000.00;-1000.00
9990.215;1950;-1.02;-0.20;248.94;-1.07;-0.39;-114.15;0.31;0.50;1052;3;1;4;-0.24;0.33;0.33;-0.01;-0.01;0.06;0.01;0.00;-0.98;-0.22;-117.50;-0.06;0.50;0.009;4.02;3.83;-1000.00;-1000.00
9990.325;1958;-1.03;-0.23;249.10;-1.07;-0.39;-114.15;0.31;0.50;1052;3;1;4;-0.21;0.33;0.33;-0.01;-0.01;0.06;0.01;0.07;-1.00;-0.24;-117.62;-0.02;0.50;0.016;4.02;3.83;-1000.00;-1000.00
9990.415;1967;-1.04;-0.26;249.36;-1.07;-0.39;-114.15;0.31;0.50;1052;3;1;4;-0.16;0.34;0.35;-0.00;-0.01;-0.09;-0.02;0.04;-1.01;-0.27;-117.56;0.05;0.50;0.010;4.02;3.83;-1000.00;-1000.00
9990.505;1977;-1.06;-0.29;249.74;-1.07;-0.39;-114.15;0.31;0.50;1052;3;1;4;-0.11;0.34;0.34;-0.01;-0.01;-0.00;-0.01;0.08;-1.03;-0.30;-117.19;0.11;0.50;0.005;4.02;3.83;-1000.00;-1000.00
9990.605;1986;-1.07;-0.32;250.20;-1.14;-0.66;-90.57;0.79;0.50;1052;4;1;4;-0.04;0.35;0.35;-0.01;-0.01;-0.06;-0.01;0.07;-1.04;-0.33;-116.52;0.18;0.50;0.008;4.02;3.83;-1000.00;-1000.00
9990.705;1996;-1.08;-0.35;250.80;-1.14;-0.66;-90.57;0.79;0.50;1052;4;1;4;0.04;0.35;0.35;-0.01;-0.01;-0.03;-0.01;0.11;-1.06;-0.36;-115.55;0.24;0.50;0.005;4.02;3.83;-1000.00;-1000.00
9990.855;2011;-1.10;-0.40;252.03;-1.16;-0.79;-98.62;-0.63;0.50;187;1;1;4;0.14;0.35;0.35;0.00;-0.00;0.04;-0.00;0.19;-1.07;-0.39;-114.27;0.30;0.50;0.029;4.02;3.83;-1000.00;-1000.00
9990.925;2019;-1.11;-0.43;253.10;-1.16;-0.79;-98.62;-0.63;0.50;187;1;1;4;0.79;0.34;0.35;-0.00;-0.00;-0.01;0.01;0.21;-1.15;-0.65;-90.00;-0.08;0.06;0.021;4.02;3.83;-1000.00;-1000.00
9991.025;2029;-1.12;-0.46;256.73;-1.25;-1.05;-115.88;-0.22;0.50;187;2;1;4;0.79;0.32;0.34;-0.03;-0.01;0.06;-0.07;1.15;-1.15;-0.65;-90.00;-0.08;0.06;0.016;4.02;3.83;-1000.00;-1000.00
9991.115;2039;-1.13;-0.49;263.15;-1.25;-1.05;-115.88;-0.22;0.50;187;2;1;4;0.37;0.32;0.31;-0.07;-0.01;0.06;-0.06;1.01;-1.15;-0.65;-90.00;-0.08;0.06;0.009;4.02;3.83;-1000.00;-1000.00
9991.225;2047;-1.14;-0.52;266.12;-1.25;-1.05;-115.88;-0.22;0.50;187;2;1;4;0.22;0.32;0.32;-0.06;-0.00;0.01;-0.02;0.23;-1.15;-0.65;-90.00;-0.08;0.06;0.018;4.02;3.83;-1000.00;-1000.00
9991.315;2058;-1.14;-0.55;266.74;-1.25;-1.05;-115.88;-0.22;0.50;187;2;1;4;0.17;0.31;0.34;-0.03;-0.01;-0.07;0.07;0.00;-1.15;-0.65;-90.00;-0.08;0.06;0.014;4.02;3.83;-1000.00;-1000.00
9991.425;2066;-1.15;-0.58;266.75;-1.25;-1.05;-115.88;-0.22;0.50;187;2;1;4;0.15;0.30;0.31;-0.01;-0.01;0.13;-0.09;-0.05;-1.15;-0.65;-90.00;-0.08;0.06;0.016;4.02;3.83;-1000.00;-1000.00
9991.515;2077;-1.15;-0.61;266.61;-1.25;-1.05;-115.88;-0.22;0.50;187;2;1;4;0.12;0.29;0.30;0.01;-0.01;0.04;-0.02;-0.06;-1.15;-0.65;-90.00;-0.08;0.06;0.012;4.02;3.83;-1000.00;-1000.00
9991.625;2088;-1.15;-0.65;266.32;-1.25;-1.05;-115.88;-0.22;0.50;187;2;1;4;0.10;0.28;0.30;0.00;-0.01;-0.04;0.03;-0.04;-1.15;-0.65;-90.00;-0.08;0.06;0.011;4.02;3.83;-1000.00;-1000.00
9991.715;2096;-1.15;-0.67;266.09;-1.25;-1.05;-115.88;-0.22;0.50;187;2;1;4;-0.06;0.27;0.29;0.00;-0.01;-0.03;0.02;-0.06;-1.15;-0.67;-90.29;-0.23;0.18;0.011;4.02;3.83;-1000.00;-1000.00
9991.815;2107;-1.15;-0.70;265.41;-1.25;-1.05;-115.88;-0.22;0.50;187;2;1;4;-0.24;0.27;0.27;0.01;-0.01;-0.02;0.02;-0.19;-1.15;-0.70;-91.71;-0.38;0.30;0.008;4.02;3.83;-1000.00;-1000.00
9991.925;2119;-1.15;-0.73;263.52;-1.25;-1.05;-115.88;-0.22;0.50;187;2;1;4;-0.30;0.27;0.26;-0.02;0.01;0.03;0.02;-0.33;-1.15;-0.72;-93.11;-0.46;0.36;0.020;4.02;3.83;-1000.00;-1000.00
9992.025;2130;-1.16;-0.76;261.83;-1.25;-1.05;-115.88;-0.22;0.50;187;2;1;4;-0.39;0.27;0.28;0.01;-0.00;0.00;-0.01;-0.24;-1.15;-0.75;-95.11;-0.53;0.42;0.023;4.02;3.83;-1000.00;-1000.00
9992.125;2138;-1.16;-0.78;260.62;-1.25;-1.05;-115.88;-0.22;0.50;187;2;1;4;-0.53;0.28;0.29;0.01;-0.01;-0.03;-0.02;-0.29;-1.16;-0.78;-97.82;-0.61;0.48;0.022;4.02;3.83;-1000.00;-1000.00
9992.225;2149;-1.17;-0.81;258.55;-1.25;-1.05;-115.88;-0.22;0.50;187;2;1;4;-0.57;0.29;0.30;0.01;-0.01;-0.08;-0.05;-0.41;-1.16;-0.81;-101.01;-0.59;0.50;0.015;4.02;3.83;-1000.00;-1000.00
9992.305;2157;-1.17;-0.84;256.89;-1.25;-1.05;-115.88;-0.22;0.50;187;2;1;4;-0.55;0.30;0.31;0.00;-0.01;-0.08;-0.05;-0.39;-1.17;-0.83;-102.98;-0.56;0.50;0.009;4.02;3.83;-1000.00;-1000.00
9992.425;2171;-1.18;-0.88;254.49;-1.37;-1.29;-114.15;0.31;0.50;187;3;1;4;-0.52;0.31;0.31;0.00;-0.01;-0.03;-0.02;-0.26;-1.18;-0.87;-105.69;-0.51;0.50;0.026;4.02;3.83;-1000.00;-1000.00
9992.505;2176;-1.18;-0.89;253.86;-1.37;-1.29;-114.15;0.31;0.50;187;3;1;4;-0.54;0.32;0.31;-0.00;-0.00;-0.02;-0.02;-0.21;-1.19;-0.90;-108.09;-0.46;0.50;0.005;4.02;3.83;-1000.00;-1000.00
9992.615;2190;-1.19;-0.93;251.87;-1.37;-1.29;-114.15;0.31;0.50;187;3;1;4;-0.48;0.33;0.31;0.01;-0.01;0.23;0.06;-0.21;-1.19;-0.92;-109.53;-0.43;0.50;0.015;4.02;3.83;-1000.00;-1000.00
9992.715;2199;-1.20;-0.96;250.43;-1.37;-1.29;-114.15;0.31;0.50;187;3;1;4;-0.47;0.33;0.34;0.04;-0.01;-0.08;-0.04;-0.29;-1.20;-0.95;-111.46;-0.38;0.50;0.010;4.02;3.83;-1000.00;-1000.00
9992.805;2208;-1.21;-0.99;249.01;-1.37;-1.29;-114.15;0.31;0.50;187;3;1;4;-0.44;0.34;0.35;0.04;-0.01;-0.10;-0.05;-0.32;-1.22;-0.98;-113.12;-0.33;0.50;0.007;4.02;3.83;-1000.00;-1000.00
9992.915;2218;-1.21;-1.02;247.40;-1.37;-1.29;-114.15;0.31;0.50;187;3;1;4;-0.39;0.35;0.36;0.06;-0.04;-0.29;0.07;-0.39;-1.23;-1.01;-114.54;-0.28;0.50;0.005;4.02;3.83;-1000.00;-1000.00
9993.015;2227;-1.22;-1.05;246.18;-1.37;-1.29;-114.15;0.31;0.50;187;3;1;4;-0.35;0.36;0.37;0.05;-0.04;-0.29;0.08;-0.33;-1.24;-1.04;-115.71;-0.23;0.50;0.014;4.02;3.83;-1000.00;-1000.00
9993.105;2237;-1.24;-1.09;245.15;-1.37;-1.29;-114.15;0.31;0.50;187;3;1;4;-0.29;0.36;0.35;0.00;-0.01;0.06;0.01;-0.12;-1.26;-1.07;-116.62;-0.17;0.50;0.006;4.02;3.83;-1000.00;-1000.00
9993.225;2250;-1.26;-1.13;244.67;-1.37;-1.29;-114.15;0.31;0.50;187;3;1;4;-0.21;0.37;0.38;-0.01;-0.01;-0.07;-0.01;-0.06;-1.27;-1.10;-117.25;-0.10;0.50;0.018;4.02;3.83;-1000.00;-1000.00
9993.305;2256;-1.27;-1.15;244.69;-1.37;-1.29;-114.15;0.31;0.50;187;3;1;4;-0.18;0.37;0.37;-0.01;-0.01;0.04;-0.00;0.08;-1.29;-1.13;-117.58;-0.04;0.50;0.004;4.02;3.83;-1000.00;-1000.00
9993.415;2269;-1.29;-1.19;245.26;-1.37;-1.29;-114.15;0.31;0.50;187;3;1;4;-0.12;0.38;0.37;-0.01;-0.01;0.05;0.00;0.08;-1.31;-1.16;-117.61;0.03;0.50;0.011;4.02;3.83;-1000.00;-1000.00
9993.505;2279;-1.30;-1.22;245.73;-1.37;-1.29;-114.15;0.31;0.50;187;3;1;4;-0.06;0.38;0.39;-0.00;-0.01;-0.07;-0.01;0.07;-1.33;-1.20;-117.19;0.11;0.50;0.005;4.02;3.83;-1000.00;-1000.00
9993.605;2287;-1.32;-1.25;246.32;-1.44;-1.56;-90.57;0.79;0.50;187;4;1;4;0.03;0.39;0.39;-0.01;-0.01;-0.04;-0.01;0.11;-1.35;-1.24;-116.23;0.20;0.50;0.006;4.02;3.83;-1000.00;-1000.00
9993.705;2297;-1.34;-1.29;247.30;-1.44;-1.56;-90.57;0.79;0.50;187;4;1;4;0.16;0.39;0.39;-0.01;-0.01;-0.03;-0.01;0.18;-1.37;-1.28;-114.73;0.28;0.50;0.005;4.02;3.83;-1000.00;-1000.00
9993.855;2311;-1.36;-1.34;249.27;-1.45;-1.55;-90.00;-0.00;0.50;593;0;1;0;0.23;0.39;0.39;0.00;-0.00;0.00;0.01;0.22;-1.38;-1.31;-113.26;0.34;0.50;0.036;4.02;3.83;-1000.00;-1000.00
9993.925;2321;-1.37;-1.38;250.75;-1.45;-1.55;-90.00;-0.00;0.50;593;0;1;0;0.75;0.41;0.39;-0.01;-0.00;0.04;-0.05;0.23;-1.45;-1.55;-90.00;-0.00;0.50;0.028;4.02;3.83;-1000.00;-1000.00
9994.035;2330;-1.38;-1.41;255.03;-1.45;-1.55;-90.00;-0.00;0.50;593;0;1;0;0.57;0.43;0.42;-0.01;-0.01;0.11;-0.11;1.26;-1.45;-1.55;-90.00;-0.00;0.50;0.031;4.02;3.83;-1000.00;-1000.00
9994.135;2339;-1.40;-1.45;260.54;-1.45;-1.55;-90.00;-0.00;0.50;593;0;1;0;0.33;0.45;0.42;-0.02;0.00;0.18;-0.14;0.70;-1.45;-1.55;-90.00;-0.00;0.50;0.036;4.02;3.83;-1000.00;-1000.00
9994.225;2349;-1.41;-1.49;263.97;-1.45;-1.55;-90.00;-0.00;0.50;593;0;1;0;0.20;0.46;0.44;-0.08;-0.01;-0.10;0.06;0.36;-1.45;-1.55;-90.00;-0.00;0.50;0.019;4.02;3.83;-1000.00;-1000.00
9994.325;2358;-1.42;-1.53;264.79;-1.45;-1.79;-90.00;-0.00;0.50;593;1;1;0;0.18;0.46;0.45;-0.05;-0.01;-0.05;0.03;0.08;-1.45;-1.55;-90.00;-0.00;0.50;0.023;4.02;3.83;-1000.00;-1000.00
9994.415;2369;-1.42;-1.58;265.20;-1.45;-1.79;-90.00;-0.00;0.50;593;1;1;0;0.17;0.46;0.45;-0.02;-0.01;0.01;-0.01;0.07;-1.45;-1.57;-90.00;-0.00;0.50;0.013;4.02;3.83;-1000.00;-1000.00
9994.515;2377;-1.43;-1.62;265.52;-1.45;-1.79;-90.00;-0.00;0.50;593;1;1;0;0.17;0.47;0.48;-0.00;-0.01;-0.07;0.06;0.09;-1.45;-1.62;-90.00;-0.00;0.50;0.015;4.02;3.83;-1000.00;-1000.00
9994.615;2388;-1.43;-1.67;265.86;-1.45;-1.79;-90.00;-0.00;0.50;593;1;1;0;0.16;0.47;0.47;0.01;-0.01;0.03;-0.02;0.03;-1.45;-1.67;-90.00;-0.00;0.50;0.016;4.02;3.83;-1000.00;-1000.00
9994.715;2396;-1.43;-1.71;266.03;-1.45;-1.79;-90.00;-0.00;0.50;593;1;1;0;0.15;0.47;0.47;0.01;-0.01;-0.01;0.01;0.02;-1.45;-1.71;-90.00;-0.00;0.50;0.013;4.02;3.83;-1000.00;-1000.00
9994.825;2411;-1.44;-1.78;266.23;-1.45;-2.03;-90.00;-0.00;0.50;593;2;1;0;0.15;0.47;0.47;0.01;-0.01;-0.00;0.01;0.02;-1.45;-1.75;-90.00;-0.00;0.50;0.022;4.02;3.83;-1000.00;-1000.00
9994.925;2419;-1.44;-1.81;266.33;-1.45;-2.03;-90.00;-0.00;0.50;593;2;1;0;0.15;0.47;0.48;0.00;-0.01;-0.06;0.05;0.04;-1.45;-1.79;-90.00;-0.00;0.50;0.022;4.02;3.83;-1000.00;-1000.00
9995.015;2430;-1.44;-1.87;266.46;-1.45;-2.03;-90.00;-0.00;0.50;593;2;1;0;0.15;0.47;0.47;0.01;-0.01;0.04;-0.02;0.01;-1.45;-1.86;-90.00;-0.00;0.50;0.010;4.02;3.83;-1000.00;-1000.00
9995.115;2439;-1.44;-1.91;266.59;-1.45;-2.03;-90.00;-0.00;0.50;593;2;1;0;0.15;0.47;0.49;-0.00;-0.01;-0.09;0.06;0.06;-1.45;-1.91;-90.00;-0.00;0.50;0.011;4.02;3.83;-1000.00;-1000.00
9995.225;2448;-1.45;-1.95;266.73;-1.45;-2.03;-90.00;-0.00;0.50;593;2;1;0;0.15;0.47;0.48;0.00;-0.01;-0.02;0.02;0.03;-1.45;-1.95;-90.00;-0.00;0.50;0.021;4.02;3.83;-1000.00;-1000.00
9995.315;2459;-1.45;-2.00;266.88;-1.45;-2.26;-90.00;-0.00;0.50;593;3;1;0;0.15;0.47;0.49;0.00;-0.01;-0.09;0.06;0.05;-1.45;-2.01;-90.00;-0.00;0.50;0.010;4.02;3.83;-1000.00;-1000.00
9995.405;2467;-1.45;-2.04;266.98;-1.45;-2.26;-90.00;-0.00;0.50;593;3;1;0;0.15;0.47;0.49;0.00;-0.01;-0.09;0.06;0.05;-1.45;-2.04;-90.00;-0.00;0.50;0.007;4.02;3.83;-1000.00;-1000.00
9995.515;2478;-1.45;-2.09;267.10;-1.45;-2.26;-90.00;-0.00;0.50;593;3;1;0;0.14;0.47;0.47;0.01;-0.01;0.06;-0.04;-0.00;-1.45;-2.09;-90.00;-0.00;0.50;0.006;4.02;3.83;-1000.00;-1000.00
9995.615;2486;-1.45;-2.13;267.21;-1.45;-2.26;-90.00;-0.00;0.50;593;3;1;0;0.14;0.48;0.47;0.01;-0.01;0.06;-0.04;-0.00;-1.45;-2.14;-90.00;-0.00;0.50;0.007;4.02;3.83;-1000.00;-1000.00
9995.705;2497;-1.45;-2.19;267.36;-1.45;-2.26;-90.00;-0.00;0.50;593;3;1;0;0.14;0.48;0.48;0.01;-0.01;0.02;-0.01;0.01;-1.45;-2.19;-90.00;-0.00;0.50;0.005;4.02;3.83;-1000.00;-1000.00
9995.805;2505;-1.46;-2.22;267.46;-1.45;-2.26;-90.00;-0.00;0.50;593;3;1;0;0.14;0.48;0.48;0.01;-0.01;0.02;-0.01;0.01;-1.45;-2.22;-90.00;-0.00;0.50;0.005;4.02;3.83;-1000.00;-1000.00
9995.915;2516;-1.46;-2.28;267.58;-1.45;-2.50;-90.00;0.00;0.50;593;4;1;0;0.14;0.48;0.49;0.00;-0.01;-0.02;0.02;0.02;-1.45;-2.28;-90.00;-0.00;0.50;0.008;4.02;3.83;-1000.00;-1000.00
9996.005;2529;-1.46;-2.34;267.72;-1.45;-2.50;-90.00;0.00;0.50;593;4;1;0;0.13;0.48;0.48;0.01;-0.01;0.02;-0.01;0.01;-1.45;-2.34;-90.00;-0.00;0.50;0.001;4.02;3.83;-1000.00;-1000.00
9996.105;2535;-1.46;-2.37;267.78;-1.45;-2.50;-90.00;0.00;0.50;593;4;1;0;0.13;0.48;0.50;0.00;-0.01;-0.09;0.06;0.05;-1.45;-2.37;-90.00;-0.00;0.50;0.002;4.02;3.83;-1000.00;-1000.00
9996.205;2549;-1.46;-2.44;267.92;-1.45;-2.50;-90.00;0.00;0.50;593;4;1;0;0.13;0.48;0.48;0.01;-0.01;0.02;-0.01;0.01;-1.45;-2.44;-90.00;0.00;0.50;0.002;4.03;3.83;-1000.00;-1000.00
9996.345;2559;-1.46;-2.49;268.02;-1.45;-2.75;-90.00;0.00;-0.50;589;0;1;2;0.13;0.48;0.50;0.00;-0.01;-0.09;0.06;0.04;-1.45;-2.49;-90.00;0.00;0.50;0.034;4.03;3.83;-1000.00;-1000.00
9996.445;2572;-1.46;-2.55;268.10;-1.45;-2.45;-90.00;-0.00;0.37;590;0;1;7;0.13;0.48;0.43;0.01;-0.01;0.16;-0.09;-0.07;-1.45;-2.53;-90.00;0.00;-0.50;0.030;4.03;3.83;-1000.00;-1000.00
9996.525;2578;-1.47;-2.56;268.00;-1.40;-2.83;-65.10;0.79;0.50;590;1;1;7;0.13;0.48;0.06;-0.06;-0.02;-0.12;0.02;0.01;-1.45;-2.56;-88.21;0.25;0.41;0.021;4.03;3.83;-1000.00;-1000.00
9996.625;2586;-1.47;-2.56;267.94;-1.40;-2.83;-65.10;0.79;0.50;590;1;1;7;0.13;0.48;-0.01;-0.02;0.00;-0.02;0.01;-0.03;-1.45;-2.56;-88.21;0.25;0.41;0.015;4.03;3.83;-1000.00;-1000.00
9996.715;2596;-1.47;-2.56;267.78;-1.40;-2.83;-65.10;0.79;0.50;590;1;1;7;0.13;0.48;0.00;0.00;-0.00;0.01;-0.00;-0.02;-1.45;-2.56;-88.21;0.25;0.41;0.014;4.03;3.83;-1000.00;-1000.00
9996.835;2610;-1.47;-2.56;267.66;-1.40;-2.83;-65.10;0.79;0.50;590;1;1;7;0.13;0.48;0.00;-0.00;-0.00;0.00;0.00;-0.01;-1.45;-2.56;-88.21;0.25;0.41;0.027;4.03;3.83;-1000.00;-1000.00
9996.925;2620;-1.47;-2.56;267.60;-1.40;-2.83;-65.10;0.79;0.50;590;1;1;7;0.13;0.48;0.00;-0.00;-0.00;0.00;0.00;-0.01;-1.45;-2.56;-88.21;0.25;0.41;0.015;4.03;3.83;-1000.00;-1000.00
9997.025;2629;-1.47;-2.56;267.56;-1.40;-2.83;-65.10;0.79;0.50;590;1;1;7;0.13;0.48;0.00;-0.00;-0.00;0.00;-0.00;-0.01;-1.45;-2.56;-88.21;0.25;0.41;0.023;4.03;3.83;-1000.00;-1000.00
9997.135;2640;-1.47;-2.56;267.53;-1.40;-2.83;-65.10;0.79;0.50;590;1;1;7;0.13;0.48;0.00;-0.00;-0.00;0.00;-0.00;-0.00;-1.45;-2.56;-88.21;0.25;0.41;0.019;4.03;3.83;-1000.00;-1000.00
9997.225;2648;-1.47;-2.56;267.51;-1.40;-2.83;-65.10;0.79;0.50;590;1;1;7;0.13;0.48;0.00;-0.00;-0.00;0.00;-0.00;-0.00;-1.45;-2.56;-88.21;0.25;0.41;0.021;4.03;3.83;-1000.00;-1000.00
9997.315;2659;-1.47;-2.56;267.49;-1.40;-2.83;-65.10;0.79;0.50;590;1;1;7;0.13;0.48;0.00;0.00;-0.00;0.00;-0.00;-0.00;-1.45;-2.56;-88.21;0.25;0.41;0.016;4.03;3.83;-1000.00;-1000.00
9997.435;2671;-1.47;-2.56;267.47;-1.40;-2.83;-65.10;0.79;0.50;590;1;1;7;0.13;0.48;0.00;0.00;-0.00;0.00;-0.00;-0.00;-1.45;-2.56;-88.21;0.25;0.41;0.033;4.03;3.83;-1000.00;-1000.00
9997.525;2676;-1.47;-2.56;267.47;-1.40;-2.83;-65.10;0.79;0.50;590;1;1;7;0.13;0.48;0.00;0.00;-0.00;0.00;-0.00;-0.00;-1.45;-2.56;-88.21;0.25;0.41;0.019;4.03;3.83;-1000.00;-1000.00
9997.635;2690;-1.47;-2.56;267.46;-1.40;-2.83;-65.10;0.79;0.50;590;1;1;7;0.13;0.48;0.00;0.00;-0.00;0.00;-0.00;-0.00;-1.45;-2.56;-88.21;0.25;0.41;0.033;4.03;3.83;-1000.00;-1000.00
9997.725;2701;-1.47;-2.56;267.45;-1.40;-2.83;-65.10;0.79;0.50;590;1;1;7;0.13;0.48;0.00;0.00;-0.00;0.00;-0.00;-0.00;-1.45;-2.56;-88.21;0.25;0.41;0.022;4.03;3.83;-1000.00;-1000.00
9997.835;2709;-1.47;-2.56;267.45;-1.40;-2.83;-65.10;0.79;0.50;590;1;1;7;0.13;0.48;0.00;0.00;-0.00;0.00;-0.00;-0.00;-1.45;-2.56;-88.21;0.25;0.41;0.031;4.03;3.83;-1000.00;-1000.00
9997.925;2718;-1.47;-2.56;267.45;-1.40;-2.83;-65.10;0.79;0.50;590;1;1;7;0.13;0.48;0.00;0.00;-0.00;0.00;-0.00;-0.00;-1.45;-2.56;-88.21;0.25;0.41;0.020;4.03;3.83;-1000.00;-1000.00
9998.015;2729;-1.47;-2.56;267.45;-1.40;-2.83;-65.10;0.79;0.50;590;1;1;7;0.13;0.48;0.00;0.00;-0.00;0.00;-0.00;-0.00;-1.45;-2.56;-88.21;0.25;0.41;0.012;4.03;3.83;-1000.00;-1000.00
9998.125;2737;-1.47;-2.56;267.45;-1.40;-2.83;-65.10;0.79;0.50;590;1;1;7;0.13;0.48;0.00;0.00;-0.00;0.00;-0.00;-0.00;-1.45;-2.56;-88.21;0.25;0.41;0.017;4.03;3.83;-1000.00;-1000.00
9998.235;2752;-1.47;-2.56;267.44;-1.40;-2.83;-65.10;0.79;0.50;590;1;1;7;0.13;0.48;0.00;0.00;-0.00;0.00;-0.00;-0.00;-1.45;-2.56;-88.21;0.25;0.41;0.027;4.03;3.83;-1000.00;-1000.00
9998.325;2757;-1.47;-2.56;267.44;-1.40;-2.83;-65.10;0.79;0.50;590;1;1;7;0.13;0.48;0.00;0.00;-0.00;0.00;-0.00;-0.00;-1.45;-2.56;-88.21;0.25;0.41;0.013;4.03;3.83;-1000.00;-1000.00
9998.425;2770;-1.47;-2.56;267.44;-1.40;-2.83;-65.10;0.79;0.50;590;1;1;7;0.42;0.49;0.00;0.00;-0.00;0.00;-0.00;-0.00;-1.45;-2.56;-88.21;0.25;0.41;0.023;4.03;3.83;-1000.00;-1000.00
9998.525;2780;-1.47;-2.58;269.87;-1.40;-2.83;-65.10;0.79;0.50;590;1;1;7;0.38;0.48;0.44;0.03;-0.00;-0.01;0.01;0.75;-1.45;-2.56;-88.21;0.25;0.41;0.016;4.03;3.83;-1000.00;-1000.00
9998.635;2789;-1.47;-2.63;273.17;-1.40;-2.83;-65.10;0.79;0.50;590;1;1;7;0.40;0.48;0.49;0.01;-0.01;0.13;-0.07;0.53;-1.45;-2.59;-87.05;0.32;0.42;0.030;4.03;3.83;-1000.00;-1000.00
9998.725;2799;-1.47;-2.68;276.15;-1.40;-2.83;-65.10;0.79;0.50;590;1;1;7;0.54;0.48;0.47;-0.05;-0.01;0.02;-0.01;0.49;-1.44;-2.67;-82.52;0.48;0.45;0.019;4.03;3.83;-1000.00;-1000.00
9998.825;2807;-1.46;-2.71;278.94;-1.40;-2.83;-65.10;0.79;0.50;590;1;1;7;0.62;0.48;0.50;-0.06;-0.01;-0.09;0.08;0.83;-1.44;-2.71;-79.95;0.54;0.46;0.016;4.03;3.83;-1000.00;-1000.00
9998.925;2818;-1.46;-2.77;284.47;-1.04;-3.07;-3.77;0.79;0.50;590;2;1;7;0.69;0.48;0.45;-0.12;-0.01;-0.05;0.01;0.99;-1.43;-2.75;-75.18;0.63;0.47;0.018;4.03;3.83;-1000.00;-1000.00
9999.025;2826;-1.46;-2.80;289.08;-1.04;-3.07;-3.77;0.79;0.50;590;2;1;7;0.61;0.48;0.46;-0.15;-0.01;-0.15;0.01;1.19;-1.42;-2.79;-71.33;0.70;0.49;0.019;4.03;3.83;-1000.00;-1000.00
9999.115;2837;-1.46;-2.85;295.57;-1.04;-3.07;-3.77;0.79;0.50;590;2;1;7;0.61;0.49;0.43;-0.11;-0.01;0.10;0.02;0.80;-1.40;-2.82;-66.91;0.76;0.50;0.008;4.03;3.83;-1000.00;-1000.00
9999.215;2848;-1.45;-2.90;300.31;-1.04;-3.07;-3.77;0.79;0.50;590;2;1;7;0.65;0.49;0.42;-0.10;-0.06;0.15;-0.17;0.74;-1.39;-2.85;-62.00;0.79;0.50;0.015;4.03;3.83;-1000.00;-1000.00
9999.305;2859;-1.43;-2.95;306.23;-1.04;-3.07;-3.77;0.79;0.50;590;2;1;7;0.70;0.50;0.45;-0.11;-0.01;-0.06;0.00;0.94;-1.36;-2.90;-54.57;0.79;0.50;0.012;4.03;3.83;-1000.00;-1000.00
9999.415;2869;-1.41;-2.99;312.02;-1.04;-3.07;-3.77;0.79;0.50;590;2;1;7;0.63;0.50;0.42;-0.13;-0.01;0.17;0.03;1.01;-1.35;-2.91;-52.09;0.79;0.50;0.017;4.03;3.83;-1000.00;-1000.00
9999.515;2879;-1.38;-3.03;317.56;-1.04;-3.07;-3.77;0.79;0.50;590;2;1;7;0.63;0.50;0.46;-0.10;-0.01;-0.05;-0.01;0.90;-1.32;-2.94;-47.13;0.79;0.50;0.016;4.03;3.83;-1000.00;-1000.00
9999.625;2887;-1.36;-3.06;321.47;-1.04;-3.07;-3.77;0.79;0.50;590;2;1;7;0.71;0.50;0.45;-0.09;-0.01;-0.04;0.00;0.83;-1.28;-2.98;-39.70;0.79;0.50;0.020;4.03;3.83;-1000.00;-1000.00
9999.735;2902;-1.32;-3.11;329.83;-1.04;-3.07;-3.77;0.79;0.50;590;2;1;7;0.66;0.50;0.41;-0.14;-0.01;-0.03;-0.01;1.08;-1.25;-3.00;-34.74;0.79;0.50;0.028;4.03;3.83;-1000.00;-1000.00
9999.825;2907;-1.30;-3.12;332.68;-1.04;-3.07;-3.77;0.79;0.50;590;2;1;7;0.66;0.50;0.41;-0.10;-0.00;0.05;0.05;0.89;-1.24;-3.01;-32.27;0.79;0.50;0.020;4.03;3.83;-1000.00;-1000.00
9999.925;2920;-1.25;-3.16;339.27;-1.04;-3.07;-3.77;0.79;0.50;590;2;1;7;0.65;0.49;0.43;-0.08;-0.00;-0.02;0.00;0.83;-1.21;-3.03;-27.31;0.79;0.50;0.022;4.03;3.83;-1000.00;-1000.00
10000.025;2930;-1.22;-3.18;343.79;-1.04;-3.07;-3.77;0.79;0.50;590;2;1;7;0.69;0.49;0.43;-0.09;-0.00;-0.04;-0.01;0.82;-1.17;-3.04;-22.36;0.79;0.50;0.016;4.03;3.83;-1000.00;-1000.00
10000.135;2939;-1.18;-3.20;349.14;-1.04;-3.07;-3.77;0.79;0.50;590;2;1;7;0.63;0.48;0.44;-0.14;-0.01;-0.06;-0.11;1.20;-1.16;-3.05;-19.88;0.79;0.50;0.031;4.03;3.83;-1000.00;-1000.00
10000.215;2949;-1.14;-3.22;355.77;-1.04;-3.07;-3.77;0.79;0.50;590;2;1;7;0.65;0.47;0.45;-0.11;0.00;0.08;0.14;1.01;-1.11;-3.07;-12.44;0.79;0.50;0.015;4.03;3.83;-1000.00;-1000.00
10000.305;2957;-1.10;-3.23;360.92;-0.66;-2.89;54.20;0.73;0.50;590;3;1;7;0.65;0.46;0.46;-0.14;0.00;-0.00;0.04;1.14;-1.07;-3.07;-7.49;0.79;0.50;0.008;4.03;3.83;-1000.00;-1000.00
10000.415;2968;-1.05;-3.24;368.20;-0.66;-2.89;54.20;0.73;0.50;590;3;1;7;0.18;0.47;0.44;-0.15;-0.01;-0.03;-0.04;1.15;-1.03;-3.07;-2.53;0.78;0.50;0.006;4.03;3.83;-1000.00;-1000.00
10000.515;2976;-1.02;-3.24;371.75;-0.66;-2.89;54.20;0.73;0.50;590;3;1;7;0.19;0.47;0.46;-0.11;-0.03;0.00;-0.26;0.32;-1.02;-3.08;-0.07;0.78;0.50;0.007;4.03;3.83;-1000.00;-1000.00
10000.605;2987;-0.97;-3.24;371.86;-0.66;-2.89;54.20;0.73;0.50;590;3;1;7;0.44;0.47;0.48;0.03;-0.01;-0.03;-0.04;0.05;-0.98;-3.07;4.83;0.78;0.50;0.004;4.03;3.82;-1000.00;-1000.00
10000.725;2997;-0.92;-3.22;373.39;-0.66;-2.89;54.20;0.73;0.50;590;3;1;7;0.57;0.47;0.47;0.01;-0.01;0.03;0.09;0.45;-0.96;-3.07;7.26;0.78;0.50;0.013;4.03;3.82;-1000.00;-1000.00
10000.805;3009;-0.87;-3.22;377.92;-0.66;-2.89;54.20;0.73;0.50;590;3;1;7;0.69;0.48;0.46;-0.10;-0.01;-0.02;-0.07;0.86;-0.91;-3.06;14.50;0.77;0.50;0.004;4.03;3.82;-1000.00;-1000.00
10000.915;3018;-0.82;-3.21;383.26;-0.66;-2.89;54.20;0.73;0.50;590;3;1;7;0.68;0.48;0.44;-0.14;-0.01;-0.03;-0.05;1.15;-0.87;-3.05;19.26;0.76;0.50;0.010;4.03;3.83;-1000.00;-1000.00
10001.005;3029;-0.78;-3.21;390.21;-0.66;-2.89;54.20;0.73;0.50;590;3;1;7;0.63;0.48;0.45;-0.16;-0.01;0.02;-0.16;1.16;-0.84;-3.04;23.98;0.76;0.50;0.007;4.03;3.82;-1000.00;-1000.00
10001.115;3037;-0.74;-3.20;394.67;-0.66;-2.89;54.20;0.73;0.50;590;3;1;7;0.59;0.48;0.44;-0.13;-0.01;0.01;-0.12;0.97;-0.82;-3.03;26.33;0.76;0.50;0.013;4.03;3.82;-1000.00;-1000.00
10001.215;3046;-0.70;-3.18;399.24;-0.66;-2.89;54.20;0.73;0.50;590;3;1;7;0.61;0.47;0.44;-0.11;-0.01;-0.00;-0.10;0.82;-0.79;-3.01;30.99;0.75;0.50;0.005;4.03;3.83;-1000.00;-1000.00
10001.315;3056;-0.67;-3.16;403.86;-0.66;-2.89;54.20;0.73;0.50;590;3;1;7;0.59;0.47;0.44;-0.11;-0.01;0.01;-0.07;0.83;-0.78;-3.00;33.30;0.75;0.50;0.009;4.03;3.83;-1000.00;-1000.00
10001.415;3070;-0.62;-3.12;409.78;-0.66;-2.89;54.20;0.73;0.50;590;3;1;7;0.59;0.45;0.43;-0.09;-0.01;0.01;-0.05;0.77;-0.75;-2.98;37.90;0.75;0.50;0.009;4.03;3.83;-1000.00;-1000.00
10001.515;3079;-0.59;-3.09;413.87;-0.66;-2.89;54.20;0.73;0.50;590;3;1;7;0.62;0.44;0.42;-0.08;-0.01;0.01;-0.04;0.72;-0.72;-2.96;42.45;0.74;0.50;0.009;4.03;3.83;-1000.00;-1000.00
10001.615;3088;-0.56;-3.07;417.55;-0.66;-2.89;54.20;0.73;0.50;590;3;1;7;0.65;0.43;0.40;-0.09;-0.01;0.01;-0.03;0.73;-0.69;-2.93;46.96;0.74;0.50;0.006;4.03;3.83;-1000.00;-1000.00
10001.725;3098;-0.53;-3.04;421.77;-0.66;-2.89;54.20;0.73;0.50;590;3;1;7;0.62;0.42;0.38;-0.09;-0.01;0.01;-0.03;0.74;-0.68;-2.92;49.20;0.73;0.50;0.015;4.03;3.83;-1000.00;-1000.00
10001.805;3107;-0.51;-3.01;425.42;-0.66;-2.89;54.20;0.73;0.50;590;3;1;7;0.64;0.41;0.37;-0.07;-0.00;-0.02;-0.02;0.62;-0.66;-2.89;53.65;0.73;0.50;0.005;4.03;3.83;-1000.00;-1000.00
10001.925;3117;-0.49;-2.98;428.90;-0.66;-2.89;54.20;0.73;0.50;590;3;1;7;0.61;0.39;0.37;-0.06;-0.00;0.01;-0.02;0.62;-0.65;-2.88;55.84;0.72;0.50;0.157;4.03;3.83;-1000.00;-1000.00
