t;frame;x;y;z;x_ref;y_ref;z_ref;delta_ref;u_ref;state;ellipse;control;action;delta;u;vx;vy;vz;wx;wy;wz;xr;yr;zr;delr;ur
5813.785;16;1.17;-2.27;5.49;0.96;-2.26;0.00;0.00;-0.50;62;0;1;1;0.31;-0.02;-0.01;-0.00;0.01;-0.00;0.04;0.01;1.17;-2.26;0.00;-0.00;-0.50;0.040
5813.805;16;1.17;-2.27;5.49;0.96;-2.26;0.00;0.00;-0.50;62;0;1;1;0.31;-0.07;-0.01;-0.00;0.01;-0.00;0.04;0.01;0.96;-2.26;0.00;0.00;-0.50;0.020
5813.905;28;1.17;-2.27;5.10;0.96;-2.26;0.00;0.00;-0.50;62;0;1;1;0.29;-0.12;-0.07;0.00;0.00;0.01;-0.02;-0.08;0.96;-2.26;0.00;0.00;-0.50;0.020
5814.005;38;1.16;-2.27;4.54;0.96;-2.26;0.00;0.00;-0.50;62;0;1;1;0.26;-0.16;-0.12;0.00;0.00;-0.00;-0.00;-0.11;0.96;-2.26;0.00;0.00;-0.50;0.019
5814.105;48;1.15;-2.28;3.87;0.96;-2.26;0.00;0.00;-0.50;62;0;1;1;0.23;-0.19;-0.16;-0.00;0.00;0.00;-0.00;-0.11;0.96;-2.26;0.00;0.00;-0.50;0.022
5814.205;57;1.13;-2.28;3.30;0.96;-2.26;0.00;0.00;-0.50;62;0;1;1;0.21;-0.23;-0.19;-0.00;-0.00;0.00;-0.01;-0.10;0.96;-2.26;0.00;0.00;-0.50;0.021
5814.295;68;1.11;-2.28;2.73;0.96;-2.26;0.00;0.00;-0.50;62;0;1;1;0.18;-0.26;-0.23;-0.00;-0.00;0.00;-0.01;-0.08;0.96;-2.26;0.00;0.00;-0.50;0.014
5814.395;76;1.09;-2.28;2.40;0.96;-2.26;0.00;0.00;-0.50;62;0;1;1;0.17;-0.28;-0.26;0.00;-0.01;0.01;-0.01;-0.06;0.96;-2.26;0.00;0.00;-0.50;0.013
5814.495;87;1.06;-2.28;2.04;0.96;-2.26;0.00;0.00;-0.50;62;0;1;1;0.15;-0.30;-0.28;-0.00;-0.01;0.01;-0.00;-0.05;0.96;-2.26;0.00;0.00;-0.50;0.012
5814.605;95;1.03;-2.28;1.85;0.96;-2.26;0.00;0.00;-0.50;62;0;1;1;0.15;-0.30;-0.30;0.00;-0.01;0.01;-0.00;-0.04;0.96;-2.26;0.00;0.00;-0.50;0.019
5814.705;106;1.00;-2.28;1.68;0.96;-2.26;0.00;0.00;-0.50;62;0;1;1;0.14;-0.30;-0.30;0.00;-0.01;0.01;-0.00;-0.02;0.96;-2.26;0.00;0.00;-0.50;0.021
5814.805;119;0.96;-2.28;1.57;0.96;-2.26;0.00;0.00;-0.50;62;0;1;1;0.14;-0.30;-0.30;0.00;-0.01;0.01;-0.00;-0.01;0.96;-2.26;0.00;0.00;-0.50;0.026
5814.895;125;0.94;-2.28;1.53;0.96;-2.26;0.00;0.00;-0.50;62;0;1;1;0.14;-0.30;-0.30;0.00;-0.01;0.01;-0.00;-0.01;0.94;-2.26;0.00;-0.00;-0.50;0.013
5814.995;138;0.90;-2.28;1.46;0.77;-2.26;0.00;-0.00;-0.50;62;1;1;1;0.14;-0.30;-0.30;0.00;-0.01;0.01;-0.00;-0.01;0.92;-2.26;0.00;-0.00;-0.50;0.017
5815.095;148;0.87;-2.28;1.40;0.77;-2.26;0.00;-0.00;-0.50;62;1;1;1;0.13;-0.30;-0.30;0.00;-0.01;0.02;-0.00;-0.01;0.89;-2.26;0.00;-0.00;-0.50;0.014
5815.205;157;0.85;-2.29;1.35;0.77;-2.26;0.00;-0.00;-0.50;62;1;1;1;0.13;-0.30;-0.30;0.00;-0.01;0.02;-0.00;-0.01;0.85;-2.26;0.00;-0.00;-0.50;0.020
5815.315;167;0.82;-2.29;1.29;0.56;-2.26;0.00;0.00;-0.50;359;0;1;1;0.13;-0.30;-0.30;0.00;-0.01;0.02;-0.00;-0.01;0.82;-2.26;0.00;-0.00;-0.50;0.017
5815.395;176;0.79;-2.29;1.24;0.56;-2.26;0.00;0.00;-0.50;359;0;1;1;0.13;-0.30;-0.30;0.00;-0.01;0.02;-0.00;-0.01;0.56;-2.26;0.00;0.00;-0.50;0.013
5815.515;186;0.76;-2.29;1.18;0.16;-2.26;0.00;-0.00;0.50;157;0;1;6;0.13;-0.30;-0.30;0.00;-0.01;0.02;-0.00;-0.01;0.56;-2.26;0.00;0.00;-0.50;0.019
5815.605;196;0.73;-2.29;1.12;1.02;-1.91;64.06;0.72;0.50;157;2;1;6;0.79;-0.27;-0.30;0.00;-0.01;0.02;-0.00;-0.01;0.70;-2.19;21.40;0.52;0.50;0.018
5815.695;204;0.71;-2.29;-0.09;1.02;-1.91;64.06;0.72;0.50;157;2;1;6;0.79;-0.21;-0.27;0.02;-0.01;0.04;-0.03;-0.81;0.68;-2.20;19.49;0.51;0.50;0.011
5815.795;215;0.68;-2.28;-4.83;1.02;-1.91;64.06;0.72;0.50;157;2;1;6;0.79;-0.15;-0.19;0.04;-0.01;0.06;-0.08;-0.60;0.65;-2.21;17.63;0.50;0.50;0.011
5815.885;224;0.66;-2.28;-6.96;1.02;-1.91;64.06;0.72;0.50;157;2;1;6;0.79;-0.08;-0.17;0.03;-0.00;-0.01;0.03;-0.17;0.65;-2.21;17.63;0.50;0.50;0.005
5815.995;234;0.65;-2.27;-7.42;1.02;-1.91;64.06;0.72;0.50;157;2;1;6;0.79;-0.03;-0.09;0.05;-0.01;0.05;-0.11;-0.02;0.63;-2.22;15.84;0.47;0.50;0.009
5816.105;249;0.64;-2.27;-6.38;1.02;-1.91;64.06;0.72;0.50;157;2;1;6;0.79;0.02;-0.01;-0.01;-0.01;0.04;-0.07;0.13;0.63;-2.22;15.84;0.47;0.50;0.017
5816.195;257;0.65;-2.27;-4.94;1.02;-1.91;64.06;0.72;0.50;157;2;1;6;0.79;0.07;0.02;-0.00;-0.01;-0.02;0.05;0.36;0.63;-2.22;15.84;0.47;0.50;0.014
5816.295;268;0.65;-2.27;-2.28;1.02;-1.91;64.06;0.72;0.50;157;2;1;6;0.79;0.12;0.08;0.00;-0.01;0.03;-0.06;0.41;0.63;-2.22;15.84;0.47;0.50;0.011
5816.395;276;0.66;-2.27;-0.13;1.02;-1.91;64.06;0.72;0.50;157;2;1;6;0.79;0.16;0.12;-0.00;-0.00;-0.02;-0.03;0.45;0.65;-2.21;17.63;0.50;0.50;0.008
5816.485;287;0.68;-2.27;2.93;1.02;-1.91;64.06;0.72;0.50;157;2;1;6;0.79;0.19;0.17;-0.01;-0.01;-0.04;-0.06;0.51;0.65;-2.21;17.63;0.50;0.50;0.006
5816.595;295;0.69;-2.27;5.38;1.02;-1.91;64.06;0.72;0.50;157;2;1;6;0.79;0.23;0.22;-0.02;-0.01;-0.08;-0.10;0.59;0.68;-2.20;19.49;0.51;0.50;0.008
5816.685;304;0.71;-2.27;8.45;1.02;-1.91;64.06;0.72;0.50;157;2;1;6;0.79;0.26;0.22;-0.02;-0.01;0.05;0.12;0.58;0.68;-2.20;19.49;0.51;0.50;0.008
5816.795;314;0.73;-2.27;12.44;1.02;-1.91;64.06;0.72;0.50;157;2;1;6;0.79;0.29;0.26;-0.11;-0.03;0.01;-0.25;0.87;0.70;-2.19;21.40;0.52;0.50;0.009
5816.895;325;0.76;-2.28;17.21;1.02;-1.91;64.06;0.72;0.50;157;2;1;6;0.76;0.30;0.25;-0.09;-0.01;0.01;0.06;0.79;0.72;-2.18;23.35;0.53;0.50;0.011
5816.995;338;0.80;-2.28;23.45;1.02;-1.91;64.06;0.72;0.50;157;2;1;6;0.62;0.30;0.28;-0.13;-0.01;-0.00;-0.15;0.89;0.74;-2.17;25.36;0.54;0.50;0.019
5817.095;348;0.83;-2.27;26.95;1.02;-1.91;64.06;0.72;0.50;157;2;1;6;0.58;0.30;0.28;-0.05;-0.01;0.02;0.16;0.44;0.77;-2.16;27.42;0.55;0.50;0.016
5817.195;353;0.84;-2.27;28.45;1.02;-1.91;64.06;0.72;0.50;157;2;1;6;0.59;0.30;0.28;-0.05;-0.01;0.01;0.03;0.43;0.79;-2.15;29.53;0.57;0.50;0.006
5817.295;368;0.88;-2.25;32.19;1.02;-1.91;64.06;0.72;0.50;157;2;1;6;0.56;0.30;0.30;-0.03;-0.01;-0.00;-0.04;0.47;0.79;-2.15;29.53;0.57;0.50;0.012
5817.395;377;0.90;-2.24;34.07;1.02;-1.91;64.06;0.72;0.50;157;2;1;6;0.62;0.30;0.29;-0.02;-0.01;0.00;0.07;0.31;0.83;-2.12;33.93;0.59;0.50;0.008
5817.495;388;0.93;-2.23;36.80;1.02;-1.91;64.06;0.72;0.50;157;2;1;6;0.64;0.30;0.29;-0.06;-0.01;0.01;-0.05;0.50;0.85;-2.11;36.21;0.60;0.50;0.013
5817.585;396;0.95;-2.22;39.03;1.02;-1.91;64.06;0.72;0.50;157;2;1;6;0.65;0.30;0.29;-0.07;-0.01;0.02;-0.06;0.54;0.87;-2.09;38.54;0.61;0.50;0.008
5817.695;407;0.98;-2.20;42.19;1.02;-1.91;64.06;0.72;0.50;157;2;1;6;0.65;0.30;0.27;-0.05;-0.01;-0.01;0.07;0.48;0.89;-2.08;40.94;0.62;0.50;0.013
5817.785;415;1.00;-2.19;44.50;1.02;-1.91;64.06;0.72;0.50;157;2;1;6;0.62;0.30;0.28;-0.06;-0.01;0.00;-0.05;0.54;0.89;-2.08;40.94;0.62;0.50;0.005
5817.895;426;1.03;-2.17;47.44;1.02;-1.91;64.06;0.72;0.50;157;2;1;6;0.63;0.30;0.28;-0.05;-0.01;-0.00;-0.04;0.45;0.91;-2.06;43.39;0.63;0.50;0.006
5817.995;434;1.04;-2.16;49.48;1.02;-1.91;64.06;0.72;0.50;157;2;1;6;0.66;0.30;0.28;-0.05;-0.01;-0.00;-0.04;0.46;0.93;-2.04;45.90;0.65;0.50;0.011
5818.105;449;1.08;-2.13;53.68;1.02;-1.91;64.06;0.72;0.50;157;2;1;6;0.65;0.30;0.27;-0.06;-0.01;-0.01;-0.03;0.51;0.94;-2.03;48.48;0.66;0.50;0.017
5818.195;457;1.09;-2.11;55.96;1.02;-1.91;64.06;0.72;0.50;157;2;1;6;0.67;0.30;0.27;-0.06;-0.01;-0.01;-0.03;0.49;0.96;-2.01;51.11;0.67;0.50;0.012
5818.295;466;1.11;-2.10;58.61;1.02;-1.91;64.06;0.72;0.50;157;2;1;6;0.69;0.30;0.26;-0.06;-0.01;-0.01;-0.03;0.52;0.97;-1.99;53.81;0.68;0.50;0.011
5818.395;476;1.13;-2.08;61.69;1.02;-1.91;64.06;0.72;0.50;157;2;1;6;0.69;0.30;0.26;-0.06;-0.01;0.00;-0.03;0.54;0.99;-1.97;56.57;0.69;0.50;0.011
5818.485;485;1.14;-2.06;64.51;1.02;-1.91;64.06;0.72;0.50;157;2;1;6;0.64;0.30;0.25;-0.06;-0.00;0.00;-0.03;0.54;0.99;-1.97;56.57;0.69;0.50;0.005
5818.595;495;1.16;-2.04;67.37;1.02;-1.91;64.06;0.72;0.50;157;2;1;6;0.66;0.30;0.27;-0.04;-0.00;-0.00;-0.03;0.43;1.00;-1.95;59.40;0.70;0.50;0.009
5818.685;503;1.17;-2.02;69.37;1.01;-1.44;117.41;0.63;0.50;157;3;1;6;0.70;0.30;0.26;-0.04;-0.00;-0.00;-0.02;0.45;1.01;-1.93;62.29;0.71;0.50;0.006
5818.785;514;1.18;-1.99;72.34;1.01;-1.44;117.41;0.63;0.50;157;3;1;6;0.31;0.30;0.24;-0.08;-0.04;0.12;0.10;0.54;1.02;-1.90;65.24;0.72;0.50;0.003
5818.895;527;1.20;-1.96;74.94;1.01;-1.44;117.41;0.63;0.50;157;3;1;6;0.31;0.30;0.29;-0.04;-0.01;-0.01;0.03;0.05;1.02;-1.90;65.24;0.72;0.50;0.010
5818.985;537;1.21;-1.93;75.34;1.01;-1.44;117.41;0.63;0.50;157;3;1;6;0.43;0.30;0.31;0.01;-0.00;-0.03;0.01;0.07;1.03;-1.88;68.18;0.71;0.50;0.006
5819.085;545;1.21;-1.91;76.26;1.01;-1.44;117.41;0.63;0.50;157;3;1;6;0.51;0.30;0.32;-0.00;-0.01;0.04;-0.04;0.26;1.04;-1.86;71.09;0.71;0.50;0.003
5819.185;556;1.22;-1.87;78.52;1.01;-1.44;117.41;0.63;0.50;157;3;1;6;0.56;0.30;0.29;-0.06;-0.01;0.01;0.01;0.40;1.05;-1.83;73.97;0.70;0.50;0.003
5819.285;564;1.23;-1.85;80.69;1.01;-1.44;117.41;0.63;0.50;157;3;1;6;0.58;0.30;0.29;-0.08;-0.00;0.04;-0.02;0.55;1.05;-1.81;76.82;0.70;0.50;0.003
5819.385;575;1.24;-1.82;84.21;1.01;-1.44;117.41;0.63;0.50;157;3;1;6;0.57;0.30;0.32;-0.06;-0.00;0.05;-0.07;0.62;1.06;-1.79;79.65;0.69;0.50;0.003
5819.495;583;1.25;-1.80;86.97;1.01;-1.44;117.41;0.63;0.50;157;3;1;6;0.57;0.30;0.30;-0.09;-0.05;0.15;0.10;0.65;1.06;-1.76;82.45;0.69;0.50;0.004
5819.585;594;1.26;-1.76;90.55;1.01;-1.44;117.41;0.63;0.50;157;3;1;6;0.56;0.30;0.29;-0.05;-0.00;-0.08;0.06;0.49;1.07;-1.74;85.22;0.69;0.50;0.003
5819.695;607;1.27;-1.73;94.59;1.01;-1.44;117.41;0.63;0.50;157;3;1;6;0.54;0.30;0.29;-0.06;-0.01;-0.02;0.02;0.49;1.07;-1.71;87.97;0.68;0.50;0.009
5819.795;617;1.27;-1.70;97.33;1.01;-1.44;117.41;0.63;0.50;157;3;1;6;0.51;0.30;0.31;-0.05;-0.01;0.07;-0.06;0.50;1.07;-1.71;87.97;0.68;0.50;0.006
5819.885;626;1.27;-1.67;99.48;1.01;-1.44;117.41;0.63;0.50;157;3;1;6;0.54;0.30;0.32;-0.05;-0.01;0.08;-0.07;0.41;1.07;-1.69;90.69;0.68;0.50;0.006
5819.995;636;1.27;-1.64;102.10;1.01;-1.44;117.41;0.63;0.50;157;3;1;6;0.55;0.30;0.30;-0.06;-0.01;0.06;-0.02;0.48;1.07;-1.66;93.38;0.67;0.50;0.003
5820.095;645;1.27;-1.61;104.40;1.01;-1.44;117.41;0.63;0.50;157;3;1;6;0.57;0.30;0.29;-0.04;-0.01;-0.07;0.02;0.40;1.06;-1.64;96.04;0.67;0.50;0.005
5820.185;655;1.26;-1.58;106.70;1.01;-1.44;117.41;0.63;0.50;157;3;1;6;0.59;0.30;0.31;-0.02;-0.01;0.02;-0.04;0.39;1.06;-1.61;98.68;0.66;0.50;0.003
5820.295;664;1.26;-1.56;108.81;1.01;-1.44;117.41;0.63;0.50;157;3;1;6;0.61;0.30;0.29;-0.02;-0.01;-0.15;0.04;0.34;1.06;-1.59;101.29;0.66;0.50;0.006
5820.385;674;1.25;-1.53;111.45;1.01;-1.44;117.41;0.63;0.50;157;3;1;6;0.62;0.30;0.31;-0.09;-0.04;0.27;0.07;0.63;1.05;-1.56;103.88;0.65;0.50;0.004
5820.495;688;1.24;-1.49;115.16;1.01;-1.44;117.41;0.63;0.50;157;3;1;6;0.56;0.30;0.31;-0.05;-0.01;0.09;-0.04;0.51;1.05;-1.56;103.88;0.65;0.50;0.009
5820.585;693;1.24;-1.47;116.41;1.01;-1.44;117.41;0.63;0.50;157;3;1;6;0.59;0.29;0.28;-0.04;-0.01;-0.09;0.01;0.31;1.05;-1.54;106.44;0.65;0.50;0.003
5820.695;707;1.23;-1.43;119.47;0.65;-1.12;155.32;0.40;0.50;157;4;1;6;0.64;0.30;0.29;-0.06;-0.01;0.05;-0.00;0.42;1.03;-1.49;111.49;0.64;0.50;0.005
5820.785;717;1.22;-1.41;122.06;0.65;-1.12;155.32;0.40;0.50;157;4;1;6;0.33;0.30;0.28;-0.03;-0.01;-0.14;0.00;0.41;1.03;-1.49;111.49;0.64;0.50;0.003
5820.885;726;1.21;-1.38;122.98;0.65;-1.12;155.32;0.40;0.50;157;4;1;6;0.40;0.30;0.31;-0.01;-0.01;0.07;-0.00;0.07;1.02;-1.47;113.98;0.63;0.50;0.002
5820.985;736;1.19;-1.36;123.46;0.65;-1.12;155.32;0.40;0.50;157;4;1;6;0.50;0.30;0.32;0.01;-0.01;0.04;-0.00;0.11;1.01;-1.45;116.44;0.63;0.50;0.002
5821.085;745;1.17;-1.34;124.22;0.65;-1.12;155.32;0.40;0.50;157;4;1;6;0.57;0.30;0.32;0.00;-0.01;0.04;0.00;0.22;1.00;-1.43;118.87;0.62;0.50;0.001
5821.185;755;1.15;-1.31;125.61;0.65;-1.12;155.32;0.40;0.50;157;4;1;6;0.62;0.30;0.31;-0.06;-0.04;0.22;0.12;0.39;0.99;-1.41;121.24;0.61;0.50;0.001
5821.285;766;1.14;-1.28;127.69;0.65;-1.12;155.32;0.40;0.50;157;4;1;6;0.64;0.30;0.28;-0.07;-0.01;0.02;0.01;0.41;0.97;-1.38;123.56;0.60;0.50;0.002
5821.385;775;1.13;-1.26;129.94;0.65;-1.12;155.32;0.40;0.50;157;4;1;6;0.64;0.30;0.28;-0.05;-0.01;-0.01;0.00;0.46;0.96;-1.36;125.83;0.58;0.50;0.001
5821.485;784;1.11;-1.24;132.17;0.65;-1.12;155.32;0.40;0.50;157;4;1;6;0.60;0.30;0.29;-0.05;-0.01;0.09;-0.01;0.44;0.96;-1.36;125.83;0.58;0.50;0.002
5821.585;794;1.10;-1.21;134.42;0.65;-1.12;155.32;0.40;0.50;157;4;1;6;0.60;0.30;0.29;-0.05;-0.01;0.06;0.02;0.38;0.94;-1.34;128.04;0.57;0.50;0.001
5821.685;804;1.08;-1.19;136.32;0.65;-1.12;155.32;0.40;0.50;157;4;1;6;0.61;0.30;0.29;-0.04;-0.01;0.04;0.02;0.36;0.93;-1.33;130.19;0.56;0.50;0.001
5821.785;817;1.05;-1.16;138.83;0.65;-1.12;155.32;0.40;0.50;157;4;1;6;0.61;0.30;0.29;-0.04;-0.01;0.04;-0.01;0.36;0.91;-1.31;132.29;0.55;0.50;0.001
5821.885;823;1.04;-1.15;140.05;0.65;-1.12;155.32;0.40;0.50;157;4;1;6;0.62;0.30;0.29;-0.04;-0.01;0.04;0.01;0.38;0.90;-1.29;134.34;0.54;0.50;0.003
5821.985;834;1.02;-1.13;142.29;0.65;-1.12;155.32;0.40;0.50;157;4;1;6;0.61;0.30;0.28;-0.04;-0.01;0.04;-0.00;0.38;0.88;-1.27;136.34;0.53;0.50;0.002
5822.085;847;0.99;-1.10;144.99;0.65;-1.12;155.32;0.40;0.50;157;4;1;6;0.61;0.30;0.28;-0.04;-0.01;0.05;0.01;0.37;0.86;-1.25;138.28;0.52;0.50;0.001
5822.185;857;0.97;-1.08;147.04;0.65;-1.12;155.32;0.40;0.50;157;4;1;6;0.58;0.30;0.28;-0.04;-0.01;0.04;0.02;0.37;0.84;-1.24;140.18;0.51;0.50;0.003
5822.285;865;0.96;-1.07;148.51;0.65;-1.12;155.32;0.40;0.50;157;4;1;6;0.58;0.30;0.29;-0.03;-0.01;0.05;0.01;0.32;0.82;-1.22;142.02;0.49;0.50;0.002
5822.385;876;0.93;-1.05;150.42;0.65;-1.12;155.32;0.40;0.50;157;4;1;6;0.58;0.30;0.29;-0.04;-0.01;0.03;0.02;0.33;0.80;-1.21;143.81;0.48;0.50;0.001
5822.485;884;0.91;-1.04;151.79;0.65;-1.12;155.32;0.40;0.50;157;4;1;6;0.55;0.30;0.28;-0.03;-0.01;0.03;0.02;0.31;0.80;-1.21;143.81;0.48;0.50;0.001
5822.585;895;0.89;-1.02;153.55;0.65;-1.12;155.32;0.40;0.50;157;4;1;6;0.55;0.30;0.30;-0.02;-0.01;0.05;0.03;0.26;0.78;-1.19;145.56;0.47;0.50;0.001
5822.685;904;0.86;-1.01;154.85;0.65;-1.12;155.32;0.40;0.50;157;4;1;6;0.55;0.30;0.30;0.00;-0.00;-0.02;-0.02;0.23;0.76;-1.18;147.26;0.46;0.50;0.002
5822.785;915;0.83;-0.99;156.48;0.65;-1.12;155.32;0.40;0.50;157;4;1;6;0.55;0.30;0.30;0.00;-0.00;-0.03;-0.03;0.25;0.74;-1.17;148.90;0.45;0.50;0.003
5822.885;923;0.81;-0.98;157.69;0.65;-1.12;155.32;0.40;0.50;157;4;1;6;0.55;0.30;0.32;-0.01;-0.00;0.07;0.04;0.27;0.72;-1.15;150.51;0.44;0.50;0.002
5822.985;937;0.77;-0.96;160.15;0.65;-1.12;155.32;0.40;0.50;157;4;1;6;0.54;0.30;0.29;-0.05;-0.01;0.05;0.05;0.38;0.67;-1.13;153.57;0.42;0.50;0.002
5823.085;942;0.76;-0.96;161.11;0.65;-1.12;155.32;0.40;0.50;157;4;1;6;0.52;0.30;0.29;-0.02;-0.00;-0.15;-0.12;0.31;0.67;-1.13;153.57;0.42;0.50;0.002
5823.185;957;0.71;-0.94;164.75;0.65;-1.12;155.32;0.40;0.50;157;4;1;6;0.46;0.30;0.29;-0.04;-0.01;-0.02;-0.02;0.39;0.63;-1.11;156.46;0.40;0.50;0.001
5823.285;966;0.69;-0.93;166.41;0.65;-1.12;155.32;0.40;0.50;157;4;1;6;0.44;0.30;0.31;-0.01;-0.00;-0.01;-0.02;0.28;0.61;-1.10;157.87;0.39;0.50;0.001
5823.385;975;0.66;-0.92;167.97;0.65;-1.12;155.32;0.40;0.50;157;4;1;6;0.43;0.30;0.32;-0.04;-0.01;0.08;0.06;0.32;0.58;-1.09;159.25;0.39;0.50;0.002
5823.485;985;0.63;-0.91;169.62;0.65;-1.12;155.32;0.40;0.50;157;4;1;6;0.41;0.30;0.29;-0.04;-0.01;-0.02;-0.01;0.27;0.56;-1.08;160.61;0.38;0.50;0.003
5823.585;994;0.61;-0.90;170.87;0.65;-1.12;155.32;0.40;0.50;157;4;1;6;0.41;0.30;0.31;-0.00;-0.00;-0.02;-0.05;0.20;0.54;-1.07;161.94;0.37;0.50;0.001
5823.725;1008;0.56;-0.90;172.70;-0.02;-1.07;188.63;0.49;0.50;541;1;1;2;0.41;0.30;0.30;-0.06;-0.06;-0.10;0.17;0.31;0.51;-1.07;163.26;0.37;0.50;0.033
5823.805;1019;0.53;-0.89;174.35;-0.02;-1.07;188.63;0.49;0.50;541;1;1;2;-0.01;0.30;0.31;-0.00;-0.01;0.04;0.03;0.25;0.16;-1.06;180.00;0.06;0.06;0.018
5823.905;1028;0.50;-0.89;173.41;-0.02;-1.07;188.63;0.49;0.50;541;1;1;2;0.09;0.30;0.31;0.03;-0.01;0.03;0.03;-0.32;0.16;-1.06;180.00;0.06;0.06;0.016
5824.015;1039;0.47;-0.88;172.14;-0.02;-1.07;188.63;0.49;0.50;541;1;1;2;0.22;0.30;0.31;0.00;-0.01;0.03;0.04;-0.10;0.16;-1.06;180.00;0.06;0.06;0.022
5824.105;1048;0.44;-0.88;172.10;-0.02;-1.07;188.63;0.49;0.50;541;1;1;2;0.28;0.30;0.31;-0.01;-0.01;0.03;0.04;0.08;0.16;-1.06;180.00;0.06;0.06;0.017
5824.205;1058;0.41;-0.88;172.71;-0.02;-1.07;188.63;0.49;0.50;541;1;1;2;0.31;0.30;0.31;-0.00;-0.01;0.04;0.05;0.14;0.16;-1.06;180.00;0.06;0.06;0.013
5824.295;1067;0.39;-0.87;173.43;-0.02;-1.07;188.63;0.49;0.50;541;1;1;2;0.34;0.30;0.30;0.00;-0.01;-0.02;-0.03;0.12;0.16;-1.06;180.00;0.06;0.06;0.013
5824.395;1077;0.36;-0.87;174.29;-0.02;-1.07;188.63;0.49;0.50;541;1;1;2;0.36;0.30;0.32;-0.00;-0.01;0.07;0.08;0.17;0.16;-1.06;180.00;0.06;0.06;0.018
5824.495;1088;0.32;-0.87;175.23;-0.02;-1.07;188.63;0.49;0.50;541;1;1;2;0.39;0.30;0.30;0.01;-0.01;-0.05;-0.08;0.12;0.16;-1.06;180.00;0.06;0.06;0.014
5824.605;1096;0.30;-0.86;176.10;-0.02;-1.07;188.63;0.49;0.50;541;1;1;2;0.39;0.30;0.31;-0.01;-0.01;0.02;0.02;0.19;0.16;-1.06;180.00;0.06;0.06;0.017
5824.695;1107;0.26;-0.86;177.49;-0.02;-1.07;188.63;0.49;0.50;541;1;1;2;0.40;0.30;0.32;-0.04;-0.01;0.07;0.08;0.29;0.16;-1.06;180.00;0.06;0.06;0.013
5824.795;1116;0.24;-0.86;178.61;-0.02;-1.07;188.63;0.49;0.50;541;1;1;2;0.40;0.30;0.32;0.00;-0.01;0.04;0.03;0.21;0.16;-1.06;180.00;0.06;0.06;0.014
5824.895;1126;0.21;-0.86;179.41;-0.02;-1.07;188.63;0.49;0.50;541;1;1;2;0.42;0.30;0.32;-0.00;-0.00;0.06;0.04;0.18;0.16;-1.06;180.00;0.06;0.06;0.010
5824.995;1134;0.18;-0.86;180.43;-0.02;-1.07;188.63;0.49;0.50;541;1;1;2;0.43;0.29;0.29;-0.02;-0.01;-0.09;-0.13;0.19;0.16;-1.06;180.00;0.06;0.06;0.019
5825.095;1145;0.15;-0.85;182.20;-0.02;-1.07;188.63;0.49;0.50;541;1;1;2;0.49;0.28;0.31;-0.05;-0.01;0.08;0.07;0.31;0.14;-1.06;180.23;0.16;0.16;0.019
5825.195;1153;0.13;-0.85;183.72;-0.02;-1.07;188.63;0.49;0.50;541;1;1;2;0.51;0.28;0.30;-0.04;-0.01;0.06;0.06;0.41;0.13;-1.06;180.67;0.22;0.22;0.010
5825.305;1168;0.08;-0.85;187.06;-0.02;-1.07;188.63;0.49;0.50;541;1;1;2;0.49;0.28;0.30;-0.02;-0.01;0.06;0.07;0.39;0.10;-1.06;181.45;0.28;0.28;0.024
5825.405;1177;0.06;-0.85;188.53;-0.37;-1.19;206.26;0.18;0.50;541;2;1;2;0.51;0.27;0.29;-0.01;-0.01;0.02;0.03;0.24;0.08;-1.06;182.21;0.32;0.32;0.022
5825.495;1187;0.03;-0.85;189.88;-0.37;-1.19;206.26;0.18;0.50;541;2;1;2;0.49;0.29;0.26;-0.06;-0.01;0.05;0.14;0.32;0.05;-1.06;183.79;0.38;0.38;0.006
5825.595;1196;0.01;-0.86;191.21;-0.37;-1.19;206.26;0.18;0.50;541;2;1;2;0.54;0.30;0.28;-0.01;-0.01;-0.07;-0.19;0.22;0.03;-1.06;185.18;0.42;0.42;0.008
5825.695;1206;-0.02;-0.86;193.40;-0.37;-1.19;206.26;0.18;0.50;541;2;1;2;0.56;0.30;0.31;-0.05;-0.01;0.06;0.08;0.46;0.00;-1.07;186.88;0.45;0.46;0.007
5825.795;1215;-0.05;-0.86;195.89;-0.37;-1.19;206.26;0.18;0.50;541;2;1;2;0.57;0.30;0.30;-0.08;-0.01;0.03;0.14;0.56;-0.03;-1.07;188.90;0.49;0.50;0.008
5825.885;1225;-0.08;-0.86;198.62;-0.37;-1.19;206.26;0.18;0.50;541;2;1;2;0.49;0.30;0.28;-0.04;-0.01;-0.02;-0.07;0.43;-0.04;-1.07;189.96;0.47;0.50;0.008
5825.995;1236;-0.11;-0.87;201.06;-0.37;-1.19;206.26;0.18;0.50;541;2;1;2;0.45;0.30;0.31;-0.03;-0.01;0.03;0.08;0.35;-0.07;-1.08;191.97;0.45;0.50;0.006
5826.095;1244;-0.13;-0.88;202.20;-0.37;-1.19;206.26;0.18;0.50;541;2;1;2;0.43;0.30;0.31;0.02;-0.01;0.02;0.03;0.19;-0.08;-1.08;192.94;0.44;0.50;0.008
5826.195;1258;-0.17;-0.90;203.31;-0.37;-1.19;206.26;0.18;0.50;541;2;1;2;0.43;0.30;0.30;-0.05;-0.01;0.02;0.15;0.19;-0.11;-1.09;194.77;0.41;0.50;0.016
5826.285;1263;-0.19;-0.90;203.68;-0.37;-1.19;206.26;0.18;0.50;541;2;1;2;0.44;0.30;0.29;-0.03;-0.01;-0.02;-0.08;0.11;-0.13;-1.09;195.64;0.40;0.50;0.008
5826.405;1278;-0.23;-0.91;205.56;-0.37;-1.19;206.26;0.18;0.50;541;2;1;2;0.44;0.30;0.30;-0.06;-0.01;0.01;0.14;0.33;-0.16;-1.10;197.29;0.37;0.50;0.009
5826.495;1286;-0.25;-0.92;206.66;-0.37;-1.19;206.26;0.18;0.50;541;2;1;2;0.40;0.30;0.31;-0.01;-0.01;0.03;0.08;0.25;-0.18;-1.11;198.83;0.35;0.50;0.006
5826.585;1297;-0.28;-0.94;207.70;-0.37;-1.19;206.26;0.18;0.50;541;2;1;2;0.39;0.30;0.31;0.01;-0.01;0.01;0.06;0.16;-0.21;-1.12;200.25;0.32;0.50;0.006
5826.695;1305;-0.30;-0.95;208.16;-0.37;-1.19;206.26;0.18;0.50;541;2;1;2;0.39;0.30;0.31;-0.02;-0.06;-0.18;0.09;0.16;-0.24;-1.13;201.55;0.30;0.50;0.007
5826.795;1316;-0.33;-0.96;209.07;-0.37;-1.19;206.26;0.18;0.50;541;2;1;2;0.38;0.30;0.30;-0.01;-0.01;0.01;-0.02;0.13;-0.27;-1.14;202.74;0.27;0.50;0.015
5826.885;1324;-0.36;-0.98;209.58;-0.37;-1.19;206.26;0.18;0.50;541;2;1;2;0.37;0.30;0.32;0.00;-0.01;0.03;0.11;0.13;-0.28;-1.15;203.30;0.26;0.50;0.005
5826.985;1335;-0.38;-0.99;210.07;-0.37;-1.19;206.26;0.18;0.50;541;2;1;2;0.36;0.30;0.31;0.01;-0.01;0.00;0.03;0.07;-0.31;-1.16;204.33;0.24;0.50;0.008
5827.105;1348;-0.42;-1.02;210.40;-0.37;-1.19;206.26;0.18;0.50;541;2;1;2;0.35;0.30;0.31;0.00;-0.01;-0.00;0.04;0.06;-0.33;-1.17;205.25;0.21;0.50;0.018
5827.195;1354;-0.43;-1.02;210.53;-0.37;-1.19;206.26;0.18;0.50;541;2;1;2;0.35;0.30;0.32;0.00;-0.01;-0.00;0.04;0.05;-0.36;-1.18;206.07;0.19;0.50;0.006
5827.295;1368;-0.47;-1.05;210.83;-0.70;-1.36;204.54;-0.25;0.50;541;3;1;2;0.34;0.30;0.32;0.00;-0.01;-0.00;0.04;0.05;-0.37;-1.19;206.44;0.17;0.50;0.009
5827.385;1373;-0.48;-1.06;210.91;-0.70;-1.36;204.54;-0.25;0.50;541;3;1;2;0.32;0.30;0.32;0.00;-0.01;-0.00;0.04;0.04;-0.40;-1.20;207.07;0.14;0.50;0.004
5827.495;1388;-0.52;-1.08;210.98;-0.70;-1.36;204.54;-0.25;0.50;541;3;1;2;0.29;0.30;0.32;0.00;-0.01;-0.00;0.04;0.02;-0.44;-1.22;207.76;0.09;0.50;0.005
5827.595;1396;-0.54;-1.09;210.88;-0.70;-1.36;204.54;-0.25;0.50;541;3;1;2;0.27;0.30;0.32;0.00;-0.01;-0.00;0.05;-0.01;-0.47;-1.24;208.04;0.05;0.50;0.008
5827.685;1407;-0.57;-1.11;210.71;-0.70;-1.36;204.54;-0.25;0.50;541;3;1;2;0.24;0.30;0.32;0.00;-0.01;-0.00;0.05;-0.00;-0.49;-1.25;208.18;0.02;0.50;0.005
5827.785;1415;-0.59;-1.13;210.51;-0.70;-1.36;204.54;-0.25;0.50;541;3;1;2;0.22;0.30;0.32;0.00;-0.01;0.00;0.05;-0.02;-0.52;-1.27;208.18;-0.02;0.50;0.003
5827.885;1426;-0.62;-1.14;210.22;-0.70;-1.36;204.54;-0.25;0.50;541;3;1;2;0.18;0.30;0.31;0.00;-0.01;0.00;0.05;-0.03;-0.55;-1.28;208.03;-0.05;0.50;0.003
5827.995;1434;-0.64;-1.16;209.92;-0.70;-1.36;204.54;-0.25;0.50;541;3;1;2;0.15;0.30;0.30;0.01;-0.01;0.00;-0.05;-0.11;-0.57;-1.29;207.74;-0.09;0.50;0.006
5828.085;1443;-0.67;-1.17;209.53;-0.70;-1.36;204.54;-0.25;0.50;541;3;1;2;0.11;0.30;0.31;0.00;-0.01;0.00;0.06;-0.07;-0.60;-1.31;207.31;-0.12;0.50;0.004
5828.185;1453;-0.70;-1.19;209.08;-0.70;-1.36;204.54;-0.25;0.50;541;3;1;2;0.07;0.30;0.31;0.01;-0.01;0.00;0.06;-0.07;-0.62;-1.32;206.73;-0.16;0.50;0.003
5828.285;1467;-0.73;-1.21;208.32;-1.05;-1.45;180.57;-0.63;0.50;541;4;1;2;-0.00;0.30;0.31;0.00;-0.01;0.01;0.05;-0.08;-0.66;-1.34;205.60;-0.21;0.50;0.003
5828.385;1476;-0.76;-1.22;207.62;-1.05;-1.45;180.57;-0.63;0.50;541;4;1;2;-0.17;0.30;0.30;0.01;-0.00;0.01;0.03;-0.12;-0.69;-1.35;204.66;-0.24;0.50;0.003
5828.485;1485;-0.78;-1.23;206.48;-1.05;-1.45;180.57;-0.63;0.50;541;4;1;2;-0.20;0.30;0.30;-0.00;-0.00;-0.01;0.00;-0.22;-0.72;-1.37;203.59;-0.28;0.50;0.003
5828.585;1496;-0.81;-1.25;205.22;-1.05;-1.45;180.57;-0.63;0.50;541;4;1;2;-0.25;0.30;0.30;0.00;-0.00;-0.01;-0.01;-0.17;-0.76;-1.38;201.73;-0.32;0.50;0.004
5828.695;1504;-0.83;-1.26;204.45;-1.05;-1.45;180.57;-0.63;0.50;541;4;1;2;-0.28;0.30;0.30;0.01;-0.00;0.06;-0.05;-0.15;-0.77;-1.39;201.04;-0.34;0.50;0.008
5828.785;1515;-0.86;-1.27;203.38;-1.05;-1.45;180.57;-0.63;0.50;541;4;1;2;-0.36;0.30;0.30;-0.00;-0.01;0.00;-0.01;-0.17;-0.82;-1.40;198.75;-0.38;0.50;0.003
5828.915;1530;-0.90;-1.29;201.58;-1.29;-1.43;166.50;-0.54;0.50;336;1;1;5;-0.41;0.30;0.30;-0.00;-0.01;0.01;-0.01;-0.23;-0.84;-1.41;197.05;-0.41;0.50;0.026
5828.995;1534;-0.92;-1.29;201.00;-1.29;-1.43;166.50;-0.54;0.50;336;1;1;5;-0.45;0.30;0.30;-0.00;-0.01;0.01;-0.02;-0.25;-1.04;-1.46;180.00;-0.07;0.06;0.010
5829.095;1548;-0.96;-1.31;198.98;-1.29;-1.43;166.50;-0.54;0.50;336;1;1;5;-0.48;0.30;0.31;-0.00;-0.01;-0.04;0.01;-0.26;-1.04;-1.46;180.00;-0.07;0.06;0.014
5829.195;1557;-0.98;-1.32;197.53;-1.29;-1.43;166.50;-0.54;0.50;336;1;1;5;-0.48;0.30;0.29;0.05;-0.01;-0.04;0.05;-0.31;-1.04;-1.46;180.00;-0.07;0.06;0.013
5829.295;1566;-1.01;-1.33;195.86;-1.29;-1.43;166.50;-0.54;0.50;336;1;1;5;-0.48;0.30;0.29;0.07;-0.01;-0.03;0.05;-0.38;-1.04;-1.46;180.00;-0.07;0.06;0.009
5829.395;1576;-1.03;-1.34;193.85;-1.29;-1.43;166.50;-0.54;0.50;336;1;1;5;-0.47;0.30;0.32;0.02;-0.01;-0.04;0.03;-0.37;-1.04;-1.46;180.00;-0.07;0.06;0.013
5829.495;1585;-1.06;-1.35;192.02;-1.29;-1.43;166.50;-0.54;0.50;336;1;1;5;-0.49;0.30;0.29;0.03;-0.00;0.09;-0.09;-0.29;-1.05;-1.46;179.96;-0.10;0.09;0.012
5829.595;1596;-1.09;-1.36;189.67;-1.29;-1.43;166.50;-0.54;0.50;336;1;1;5;-0.56;0.30;0.30;0.07;-0.01;-0.07;0.10;-0.47;-1.09;-1.46;178.92;-0.25;0.23;0.016
5829.705;1604;-1.11;-1.37;187.55;-1.29;-1.43;166.50;-0.54;0.50;336;1;1;5;-0.59;0.30;0.29;0.08;-0.01;-0.03;0.05;-0.57;-1.12;-1.46;177.65;-0.31;0.29;0.018
5829.785;1614;-1.14;-1.38;184.37;-1.29;-1.43;166.50;-0.54;0.50;336;1;1;5;-0.58;0.30;0.29;0.04;-0.00;0.10;-0.14;-0.50;-1.15;-1.46;176.24;-0.36;0.33;0.008
5829.895;1624;-1.17;-1.38;180.86;-1.29;-1.43;166.50;-0.54;0.50;336;1;1;5;-0.57;0.30;0.30;0.08;-0.01;-0.03;0.05;-0.61;-1.19;-1.45;174.36;-0.41;0.38;0.011
5829.995;1638;-1.21;-1.39;176.40;-1.29;-1.43;166.50;-0.54;0.50;336;1;1;5;-0.53;0.30;0.30;0.07;-0.01;-0.02;0.05;-0.59;-1.21;-1.45;172.80;-0.44;0.41;0.014
5830.095;1647;-1.24;-1.39;174.00;-1.29;-1.43;166.50;-0.54;0.50;336;1;1;5;-0.55;0.30;0.30;0.06;-0.05;0.13;0.12;-0.51;-1.23;-1.45;170.99;-0.48;0.44;0.011
5830.195;1656;-1.27;-1.40;171.61;-1.70;-1.15;124.86;-0.53;0.50;336;2;1;5;-0.62;0.30;0.30;0.07;-0.05;0.14;0.11;-0.52;-1.28;-1.44;167.73;-0.53;0.48;0.015
5830.295;1666;-1.30;-1.40;168.44;-1.70;-1.15;124.86;-0.53;0.50;336;2;1;5;-0.67;0.30;0.29;0.06;-0.01;0.02;-0.03;-0.58;-1.31;-1.43;165.22;-0.54;0.50;0.007
5830.385;1675;-1.33;-1.40;165.23;-1.70;-1.15;124.86;-0.53;0.50;336;2;1;5;-0.63;0.30;0.28;0.04;-0.01;0.06;-0.17;-0.57;-1.34;-1.42;162.67;-0.54;0.50;0.005
5830.495;1685;-1.36;-1.40;161.65;-1.70;-1.15;124.86;-0.53;0.50;336;2;1;5;-0.58;0.30;0.31;0.11;-0.04;0.04;0.27;-0.74;-1.37;-1.41;160.12;-0.54;0.50;0.013
5830.585;1693;-1.38;-1.39;159.17;-1.70;-1.15;124.86;-0.53;0.50;336;2;1;5;-0.56;0.30;0.29;0.09;-0.01;-0.01;0.11;-0.55;-1.38;-1.41;158.85;-0.54;0.50;0.007
5830.685;1704;-1.41;-1.39;156.40;-1.70;-1.15;124.86;-0.53;0.50;336;2;1;5;-0.55;0.30;0.29;0.03;-0.01;0.02;-0.15;-0.35;-1.41;-1.39;156.31;-0.54;0.50;0.007
5830.805;1717;-1.45;-1.38;153.21;-1.70;-1.15;124.86;-0.53;0.50;336;2;1;5;-0.56;0.30;0.29;0.05;-0.01;0.00;-0.02;-0.42;-1.45;-1.37;152.50;-0.54;0.50;0.013
5830.885;1727;-1.48;-1.37;150.81;-1.70;-1.15;124.86;-0.53;0.50;336;2;1;5;-0.57;0.30;0.30;0.05;-0.01;-0.03;0.08;-0.44;-1.48;-1.36;149.97;-0.54;0.50;0.005
5830.985;1735;-1.50;-1.36;148.80;-1.70;-1.15;124.86;-0.53;0.50;336;2;1;5;-0.56;0.30;0.29;0.04;-0.01;0.02;0.00;-0.41;-1.49;-1.35;148.71;-0.54;0.50;0.008
5831.085;1746;-1.53;-1.34;146.31;-1.70;-1.15;124.86;-0.53;0.50;336;2;1;5;-0.57;0.30;0.29;0.05;-0.01;0.00;0.14;-0.41;-1.52;-1.33;146.18;-0.54;0.50;0.006
5831.185;1754;-1.55;-1.33;144.88;-1.70;-1.15;124.86;-0.53;0.50;336;2;1;5;-0.60;0.30;0.30;0.05;-0.01;-0.03;0.06;-0.35;-1.54;-1.32;143.66;-0.54;0.50;0.009
5831.295;1765;-1.58;-1.32;142.25;-1.70;-1.15;124.86;-0.53;0.50;336;2;1;5;-0.61;0.30;0.29;0.05;-0.01;0.02;0.05;-0.44;-1.57;-1.30;141.14;-0.54;0.50;0.006
5831.395;1777;-1.61;-1.30;139.30;-1.70;-1.15;124.86;-0.53;0.50;336;2;1;5;-0.60;0.30;0.30;0.06;-0.01;0.02;0.06;-0.47;-1.58;-1.29;139.88;-0.54;0.50;0.009
5831.495;1788;-1.63;-1.28;136.59;-1.70;-1.15;124.86;-0.53;0.50;336;2;1;5;-0.61;0.30;0.30;0.04;-0.01;0.01;0.04;-0.45;-1.61;-1.26;136.11;-0.54;0.50;0.012
5831.595;1797;-1.65;-1.26;134.46;-1.85;-0.67;90.57;-0.38;0.50;336;3;1;5;-0.60;0.30;0.29;0.05;-0.01;0.00;0.04;-0.44;-1.63;-1.25;134.86;-0.54;0.50;0.011
5831.695;1807;-1.68;-1.25;132.15;-1.85;-0.67;90.57;-0.38;0.50;336;3;1;5;-0.57;0.30;0.29;0.05;-0.01;-0.01;0.03;-0.41;-1.65;-1.22;132.35;-0.53;0.50;0.010
5831.785;1815;-1.70;-1.23;130.42;-1.85;-0.67;90.57;-0.38;0.50;336;3;1;5;-0.59;0.30;0.29;0.04;-0.01;-0.01;0.03;-0.37;-1.67;-1.20;129.85;-0.53;0.50;0.008
5831.895;1826;-1.72;-1.21;128.08;-1.85;-0.67;90.57;-0.38;0.50;336;3;1;5;-0.61;0.30;0.30;0.04;-0.01;0.02;0.05;-0.40;-1.69;-1.18;127.35;-0.53;0.50;0.009
5831.995;1834;-1.74;-1.19;126.25;-1.85;-0.67;90.57;-0.38;0.50;336;3;1;5;-0.60;0.30;0.30;0.04;-0.01;0.01;0.05;-0.41;-1.70;-1.16;126.11;-0.53;0.50;0.006
5832.095;1845;-1.76;-1.16;123.59;-1.85;-0.67;90.57;-0.38;0.50;336;3;1;5;-0.60;0.30;0.32;0.01;-0.01;0.02;0.04;-0.43;-1.71;-1.14;123.62;-0.53;0.50;0.008
5832.185;1853;-1.77;-1.14;121.65;-1.85;-0.67;90.57;-0.38;0.50;336;3;1;5;-0.60;0.30;0.33;-0.01;-0.01;0.02;0.03;-0.38;-1.73;-1.11;121.18;-0.52;0.50;0.006
5832.305;1868;-1.79;-1.10;118.26;-1.85;-0.67;90.57;-0.38;0.50;336;3;1;5;-0.58;0.30;0.32;-0.00;-0.01;0.01;0.04;-0.41;-1.75;-1.08;118.79;-0.51;0.50;0.015
5832.395;1877;-1.81;-1.07;116.32;-1.85;-0.67;90.57;-0.38;0.50;336;3;1;5;-0.56;0.30;0.33;-0.02;-0.00;-0.04;-0.03;-0.31;-1.75;-1.07;117.62;-0.50;0.50;0.013
5832.505;1888;-1.82;-1.05;113.77;-1.85;-0.67;90.57;-0.38;0.50;336;3;1;5;-0.57;0.30;0.29;0.03;-0.00;-0.04;-0.07;-0.39;-1.77;-1.03;114.17;-0.49;0.50;0.017
5832.585;1896;-1.83;-1.02;111.97;-1.85;-0.67;90.57;-0.38;0.50;336;3;1;5;-0.57;0.30;0.30;0.01;-0.00;-0.03;-0.03;-0.37;-1.78;-1.00;111.93;-0.48;0.50;0.006
5832.685;1907;-1.85;-0.99;109.36;-1.85;-0.67;90.57;-0.38;0.50;336;3;1;5;-0.55;0.30;0.30;0.05;-0.00;0.01;0.08;-0.48;-1.80;-0.97;109.75;-0.47;0.50;0.005
5832.795;1916;-1.86;-0.97;106.82;-1.85;-0.67;90.57;-0.38;0.50;336;3;1;5;-0.51;0.30;0.31;0.03;-0.00;0.02;0.04;-0.48;-1.80;-0.96;108.68;-0.47;0.50;0.019
5832.895;1926;-1.87;-0.94;104.32;-1.85;-0.67;90.57;-0.38;0.50;336;3;1;5;-0.48;0.30;0.29;0.03;-0.00;-0.15;-0.16;-0.33;-1.81;-0.93;106.57;-0.46;0.50;0.012
5833.005;1935;-1.88;-0.92;102.15;-1.85;-0.67;90.57;-0.38;0.50;336;3;1;5;-0.47;0.30;0.31;0.04;-0.01;0.02;-0.01;-0.41;-1.82;-0.90;104.51;-0.45;0.50;0.018
5833.115;1949;-1.90;-0.88;99.30;-1.85;-0.47;98.63;0.49;0.50;375;1;1;2;-0.45;0.30;0.32;0.04;-0.00;0.06;0.07;-0.41;-1.83;-0.87;102.49;-0.44;0.50;0.017
5833.205;1958;-1.91;-0.85;97.15;-1.85;-0.47;98.63;0.49;0.50;375;1;1;2;-0.78;0.30;0.30;0.07;-0.06;0.14;-0.12;-0.43;-1.84;-0.65;90.00;0.06;0.06;0.010
5833.325;1967;-1.92;-0.83;92.85;-1.85;-0.47;98.63;0.49;0.50;375;1;1;2;-0.55;0.30;0.29;0.10;-0.00;0.03;0.01;-1.06;-1.84;-0.65;90.00;0.06;0.06;0.016
5833.435;1982;-1.93;-0.78;87.19;-1.85;-0.47;98.63;0.49;0.50;375;1;1;2;-0.31;0.30;0.30;0.08;-0.01;0.08;0.04;-0.45;-1.84;-0.65;90.00;0.06;0.06;0.025
5833.515;1987;-1.93;-0.77;86.69;-1.85;-0.47;98.63;0.49;0.50;375;1;1;2;-0.19;0.30;0.31;0.07;-0.04;0.27;0.03;-0.24;-1.84;-0.65;90.00;0.06;0.06;0.017
5833.605;1997;-1.93;-0.74;86.50;-1.85;-0.47;98.63;0.49;0.50;375;1;1;2;-0.13;0.30;0.31;-0.01;-0.01;0.05;0.03;-0.01;-1.84;-0.65;90.00;0.06;0.06;0.012
5833.715;2006;-1.93;-0.71;86.85;-1.85;-0.47;98.63;0.49;0.50;375;1;1;2;-0.09;0.30;0.31;-0.01;-0.01;0.04;0.03;0.08;-1.84;-0.65;90.00;0.06;0.06;0.017
5833.825;2016;-1.93;-0.68;87.37;-1.97;-0.13;116.26;0.18;0.50;375;2;1;2;-0.05;0.29;0.30;-0.01;-0.01;0.04;0.02;0.09;-1.84;-0.65;90.00;0.06;0.06;0.024
5833.915;2027;-1.92;-0.65;88.01;-1.97;-0.13;116.26;0.18;0.50;375;2;1;2;0.02;0.27;0.29;-0.01;-0.01;0.02;0.02;0.09;-1.84;-0.65;90.02;0.08;0.08;0.021
5834.005;2035;-1.92;-0.62;88.63;-1.97;-0.13;116.26;0.18;0.50;375;2;1;2;0.13;0.26;0.28;-0.01;-0.01;0.02;0.02;0.15;-1.84;-0.63;90.49;0.20;0.20;0.012
5834.085;2046;-1.92;-0.59;89.95;-1.97;-0.13;116.26;0.18;0.50;375;2;0;2;0.22;0.26;0.26;-0.01;-0.01;0.03;0.02;0.22;-1.84;-0.59;91.80;0.30;0.30;0.008
5834.235;2060;-1.92;-0.56;91.63;-1.84;-0.66;90.00;0.00;0.50;375;0;1;0;0.22;0.26;0.19;0.00;0.01;-0.11;0.02;-0.02;-1.84;-0.56;93.20;0.36;0.36;0.035
5834.315;2069;-1.92;-0.55;91.16;-1.84;-0.66;90.00;0.00;0.50;375;0;1;0;-0.26;0.27;-0.01;0.00;-0.00;0.05;-0.02;-0.04;-1.84;-0.56;90.00;-0.00;0.50;0.028
5834.405;2075;-1.92;-0.55;90.62;-1.84;-0.66;90.00;0.00;0.50;375;0;1;0;-0.24;0.28;0.18;0.02;-0.06;-0.06;0.24;-0.31;-1.84;-0.55;90.00;-0.00;0.50;0.014
5834.545;2093;-1.92;-0.50;88.49;-1.84;-0.26;90.00;0.00;0.50;383;0;1;0;-0.15;0.29;0.30;0.00;-0.01;0.05;0.03;-0.10;-1.84;-0.53;90.00;-0.00;0.50;0.028
5834.605;2098;-1.92;-0.49;88.29;-1.84;-0.26;90.00;0.00;0.50;383;0;1;0;-0.12;0.30;0.30;-0.00;-0.01;0.04;0.02;-0.06;-1.84;-0.26;90.00;0.00;0.50;0.016
5834.695;2106;-1.92;-0.46;88.16;-1.84;-0.26;90.00;0.00;0.50;383;0;1;0;-0.11;0.30;0.30;-0.00;-0.01;0.02;0.01;-0.01;-1.84;-0.26;90.00;0.00;0.50;0.011
5834.805;2116;-1.92;-0.43;88.11;-1.84;-0.26;90.00;0.00;0.50;383;0;1;0;-0.10;0.30;0.31;0.00;-0.00;0.02;0.01;-0.01;-1.84;-0.26;90.00;0.00;0.50;0.026
5834.895;2126;-1.92;-0.40;88.08;-1.84;-0.26;90.00;0.00;0.50;383;0;1;0;-0.10;0.30;0.31;-0.00;-0.00;0.02;0.01;-0.00;-1.84;-0.26;90.00;0.00;0.50;0.014
5835.015;2137;-1.92;-0.37;88.07;-1.84;-0.26;90.00;0.00;0.50;383;0;1;0;-0.10;0.30;0.31;-0.00;-0.00;0.02;0.01;-0.00;-1.84;-0.26;90.00;0.00;0.50;0.029
5835.105;2145;-1.92;-0.34;88.07;-1.84;-0.26;90.00;0.00;0.50;383;0;1;0;-0.09;0.30;0.31;-0.00;-0.00;0.02;0.01;0.00;-1.84;-0.26;90.00;0.00;0.50;0.020
5835.195;2155;-1.92;-0.31;88.07;-1.84;-0.26;90.00;0.00;0.50;383;0;1;0;-0.09;0.30;0.31;-0.00;-0.00;0.02;0.01;0.00;-1.84;-0.26;90.00;0.00;0.50;0.012
5835.315;2170;-1.91;-0.26;88.09;-1.84;-0.26;90.00;0.00;0.50;383;0;1;0;-0.09;0.30;0.31;-0.00;-0.00;0.01;0.00;0.00;-1.84;-0.26;90.00;0.00;0.50;0.034
5835.395;2174;-1.91;-0.25;88.09;-1.84;-0.26;90.00;0.00;0.50;383;0;1;0;-0.09;0.30;0.31;-0.00;-0.00;0.01;0.00;0.00;-1.84;-0.25;90.00;-0.00;0.50;0.012
5835.505;2189;-1.91;-0.21;88.02;-1.84;-0.26;90.00;0.00;0.50;383;0;1;0;-0.08;0.30;0.31;0.00;-0.00;0.02;-0.00;-0.01;-1.84;-0.23;90.00;-0.00;0.50;0.018
5835.605;2197;-1.91;-0.18;88.02;-1.84;-0.26;90.00;0.00;0.50;383;0;1;0;-0.08;0.30;0.31;-0.00;-0.00;0.02;0.00;0.01;-1.84;-0.19;90.00;-0.00;0.50;0.016
5835.695;2208;-1.91;-0.15;87.90;-1.84;-0.26;90.00;0.00;0.50;383;0;1;0;-0.07;0.30;0.30;-0.00;-0.00;0.01;-0.01;-0.02;-1.84;-0.15;90.00;-0.00;0.50;0.016
5835.815;2217;-1.91;-0.12;87.86;-1.84;0.14;90.00;0.00;0.50;382;0;1;0;-0.07;0.30;0.30;-0.00;-0.00;0.01;-0.01;-0.01;-1.84;-0.14;90.00;-0.00;0.50;0.009
5835.915;2228;-1.91;-0.09;87.85;-1.84;0.14;90.00;0.00;0.50;382;0;1;0;-0.06;0.30;0.30;-0.00;-0.00;0.01;-0.01;-0.00;-1.84;0.14;90.00;0.00;0.50;0.011
5836.005;2236;-1.91;-0.07;87.85;-1.84;0.14;90.00;0.00;0.50;382;0;1;0;-0.06;0.30;0.30;-0.00;-0.00;0.01;-0.01;0.00;-1.84;0.14;90.00;0.00;0.50;0.011
5836.105;2245;-1.91;-0.04;87.85;-1.84;0.14;90.00;0.00;0.50;382;0;1;0;-0.06;0.30;0.30;0.00;-0.00;0.01;-0.01;-0.00;-1.84;0.14;90.00;0.00;0.50;0.006
5836.205;2255;-1.90;-0.01;87.84;-1.84;0.14;90.00;0.00;0.50;382;0;1;0;-0.06;0.30;0.30;-0.00;-0.00;0.01;-0.01;0.00;-1.84;0.14;90.00;0.00;0.50;0.008
5836.315;2270;-1.90;0.04;87.86;-1.84;0.14;90.00;0.00;0.50;382;0;1;0;-0.05;0.30;0.30;-0.00;-0.00;0.01;-0.01;-0.00;-1.84;0.14;90.00;0.00;0.50;0.015
5836.415;2278;-1.90;0.06;87.87;-1.84;0.14;90.00;0.00;0.50;382;0;1;0;-0.05;0.30;0.30;0.00;-0.00;0.01;-0.01;0.00;-1.84;0.14;90.00;0.00;0.50;0.007
5836.505;2287;-1.90;0.09;87.89;-1.84;0.14;90.00;0.00;0.50;382;0;1;0;-0.05;0.30;0.30;-0.00;-0.00;0.01;-0.01;0.00;-1.84;0.14;90.00;0.00;0.50;0.009
5836.615;2297;-1.90;0.12;87.91;-1.84;0.14;90.00;0.00;0.50;382;0;1;0;-0.05;0.30;0.30;-0.00;-0.00;0.01;-0.01;0.00;-1.84;0.14;90.00;0.00;0.50;0.012
5836.695;2306;-1.90;0.14;87.93;-1.84;0.14;90.00;0.00;0.50;382;0;1;0;-0.05;0.30;0.30;-0.00;-0.00;0.01;-0.01;0.00;-1.84;0.15;90.00;-0.00;0.50;0.005
5836.805;2316;-1.90;0.18;87.96;-1.84;0.14;90.00;0.00;0.50;382;0;1;0;-0.04;0.30;0.30;-0.00;-0.00;0.01;-0.01;0.00;-1.84;0.17;90.00;-0.00;0.50;0.010
5836.895;2325;-1.90;0.20;87.98;-1.84;0.14;90.00;0.00;0.50;382;0;0;0;-0.04;0.30;0.30;-0.00;-0.00;0.01;-0.01;0.00;-1.84;0.20;90.00;-0.00;0.50;0.010
5837.025;2339;-1.90;0.24;88.01;-1.84;0.14;90.00;0.00;0.50;382;0;1;0;-0.04;0.30;0.30;-0.00;-0.00;0.01;-0.00;0.00;-1.84;0.23;90.00;-0.00;0.50;0.010
5837.115;2350;-1.90;0.26;88.07;-1.84;0.34;90.00;-0.00;0.50;382;1;1;0;-0.04;0.30;0.10;0.01;0.01;0.12;-0.00;-0.03;-1.84;0.25;90.00;-0.00;0.50;0.013
5837.205;2358;-1.90;0.28;87.73;-1.84;0.34;90.00;-0.00;0.50;382;1;1;0;-0.04;0.30;0.30;-0.00;-0.00;0.03;-0.03;-0.05;-1.84;0.26;90.00;-0.00;0.50;0.013
5837.295;2367;-1.89;0.30;87.60;-1.84;0.34;90.00;-0.00;0.50;382;1;1;0;-0.02;0.30;0.30;0.00;0.00;-0.02;-0.01;-0.02;-1.84;0.30;90.00;-0.00;0.50;0.006
5837.415;2376;-1.89;0.33;87.59;-1.84;0.34;90.00;-0.00;0.50;382;1;1;0;-0.02;0.30;0.30;0.00;0.00;-0.01;-0.00;-0.00;-1.84;0.33;90.00;-0.00;0.50;0.011
5837.505;2386;-1.89;0.36;87.61;-1.84;0.34;90.00;-0.00;0.50;382;1;1;0;-0.01;0.30;0.30;0.00;0.00;-0.00;-0.00;0.00;-1.84;0.36;90.00;-0.00;0.50;0.008
5837.595;2396;-1.89;0.39;87.64;-1.84;0.34;90.00;-0.00;0.50;382;1;1;0;-0.01;0.30;0.30;-0.00;0.00;-0.00;-0.00;0.00;-1.84;0.39;90.00;-0.00;0.50;0.010
5837.695;2405;-1.89;0.42;87.65;-1.84;0.34;90.00;-0.00;0.50;382;1;1;0;-0.01;0.30;0.30;-0.00;0.00;-0.00;0.00;0.01;-1.84;0.42;90.00;0.00;0.50;0.007
5837.805;2416;-1.89;0.45;87.67;-1.84;0.53;90.00;0.00;0.50;382;2;1;0;-0.01;0.30;0.30;-0.01;0.01;-0.04;-0.05;0.00;-1.84;0.45;90.00;0.00;0.50;0.012
5837.895;2424;-1.89;0.47;87.72;-1.84;0.53;90.00;0.00;0.50;382;2;1;0;-0.01;0.30;0.30;0.00;0.00;-0.00;-0.00;0.00;-1.84;0.47;90.00;0.00;0.50;0.008
5838.015;2439;-1.89;0.52;87.79;-1.84;0.53;90.00;0.00;0.50;382;2;1;0;-0.01;0.30;0.30;-0.00;-0.00;0.04;0.02;0.02;-1.84;0.51;90.00;0.00;0.50;0.015
5838.095;2443;-1.88;0.53;87.81;-1.84;0.53;90.00;0.00;0.50;382;2;0;0;-0.01;0.30;0.30;0.00;0.00;-0.00;-0.00;0.00;-1.84;0.53;90.00;0.00;0.50;0.005
5838.225;2458;-1.88;0.58;87.81;-1.84;0.54;90.00;0.00;0.50;193;0;1;0;-0.01;0.30;0.30;-0.00;0.01;-0.03;0.00;0.01;-1.84;0.53;90.00;0.00;0.50;0.008
5838.305;2469;-1.88;0.59;87.82;-1.84;0.54;90.00;0.00;0.50;193;0;1;0;-0.01;0.30;-0.01;-0.00;-0.00;0.03;-0.01;0.01;-1.84;0.59;90.00;-0.00;0.50;0.006
5838.405;2477;-1.88;0.59;87.84;-1.84;0.54;90.00;0.00;0.50;193;0;1;0;-0.01;0.30;-0.00;0.00;0.00;0.00;0.00;0.00;-1.84;0.59;90.00;-0.00;0.50;0.005
5838.505;2488;-1.88;0.59;87.85;-1.84;0.54;90.00;0.00;0.50;193;0;1;0;-0.01;0.30;0.00;-0.00;-0.00;-0.00;-0.00;0.00;-1.84;0.59;90.00;-0.00;0.50;0.007
5838.605;2496;-1.88;0.59;87.86;-1.84;0.54;90.00;0.00;0.50;193;0;1;0;-0.01;0.30;0.00;-0.00;-0.00;-0.00;-0.00;0.00;-1.84;0.59;90.00;-0.00;0.50;0.006
5838.695;2506;-1.88;0.59;87.86;-1.84;0.54;90.00;0.00;0.50;193;0;1;0;-0.01;0.30;0.00;0.00;-0.00;-0.00;0.00;0.00;-1.84;0.59;90.00;-0.00;0.50;0.005
5838.815;2516;-1.88;0.59;87.87;-1.84;0.54;90.00;0.00;0.50;193;0;1;0;-0.01;0.30;0.00;0.00;-0.00;-0.00;0.00;0.00;-1.84;0.59;90.00;-0.00;0.50;0.008
5838.895;2525;-1.88;0.59;87.87;-1.84;0.54;90.00;0.00;0.50;193;0;1;0;-0.01;0.30;0.00;0.00;-0.00;-0.00;0.00;0.00;-1.84;0.59;90.00;-0.00;0.50;0.004
5839.005;2536;-1.88;0.59;87.88;-1.84;0.54;90.00;0.00;0.50;193;0;1;0;-0.01;0.30;0.00;0.00;-0.00;-0.00;0.00;0.00;-1.84;0.59;90.00;-0.00;0.50;0.008
5839.115;2550;-1.88;0.59;87.88;-1.84;0.54;90.00;0.00;0.50;193;0;1;0;-0.01;0.30;0.00;0.00;-0.00;-0.00;0.00;0.00;-1.84;0.59;90.00;-0.00;0.50;0.008
5839.205;2558;-1.88;0.59;87.88;-1.84;0.54;90.00;0.00;0.50;193;0;1;0;-0.01;0.30;0.00;0.00;-0.00;-0.00;0.00;0.00;-1.84;0.59;90.00;-0.00;0.50;0.010
5839.315;2568;-1.88;0.59;87.88;-1.84;0.54;90.00;0.00;0.50;193;0;1;0;-0.01;0.30;0.00;0.00;-0.00;-0.00;0.00;0.00;-1.84;0.59;90.00;-0.00;0.50;0.007
5839.415;2578;-1.88;0.59;87.88;-1.84;0.54;90.00;0.00;0.50;193;0;1;0;-0.01;0.30;0.00;0.00;-0.00;-0.00;0.00;0.00;-1.84;0.59;90.00;-0.00;0.50;0.009
5839.505;2586;-1.88;0.59;87.88;-1.84;0.54;90.00;0.00;0.50;193;0;1;0;-0.01;0.30;0.00;0.00;-0.00;-0.00;0.00;0.00;-1.84;0.59;90.00;-0.00;0.50;0.005
5839.615;2596;-1.88;0.59;87.88;-1.84;0.54;90.00;0.00;0.50;193;0;1;0;-0.01;0.30;0.00;0.00;-0.00;-0.00;0.00;0.00;-1.84;0.59;90.00;-0.00;0.50;0.008
5839.705;2606;-1.88;0.59;87.88;-1.84;0.54;90.00;0.00;0.50;193;0;1;0;-0.01;0.30;0.00;0.00;-0.00;-0.00;0.00;0.00;-1.84;0.59;90.00;-0.00;0.50;0.010
5839.815;2620;-1.88;0.59;87.88;-1.84;0.54;90.00;0.00;0.50;193;0;1;0;-0.01;0.30;0.00;0.00;-0.00;-0.00;0.00;0.00;-1.84;0.59;90.00;-0.00;0.50;0.006
5839.915;2629;-1.88;0.59;87.88;-1.84;0.54;90.00;0.00;0.50;193;0;1;0;-0.01;0.30;0.00;0.00;-0.00;-0.00;0.00;0.00;-1.84;0.59;90.00;-0.00;0.50;0.011
5840.015;2640;-1.88;0.59;87.88;-1.84;0.54;90.00;0.00;0.50;193;0;1;0;-0.01;0.30;0.00;0.00;-0.00;-0.00;0.00;0.00;-1.84;0.59;90.00;-0.00;0.50;0.017
5840.115;2648;-1.88;0.59;87.88;-1.84;0.54;90.00;0.00;0.50;193;0;1;0;-0.01;0.30;0.00;0.00;-0.00;-0.00;0.00;0.00;-1.84;0.59;90.00;-0.00;0.50;0.007
5840.205;2659;-1.88;0.59;87.88;-1.84;0.54;90.00;0.00;0.50;193;0;1;0;-0.01;0.30;0.00;0.00;-0.00;-0.00;0.00;0.00;-1.84;0.59;90.00;-0.00;0.50;0.007
5840.305;2667;-1.88;0.59;87.88;-1.84;0.54;90.00;0.00;0.50;193;0;1;0;-0.01;0.30;0.00;0.00;-0.00;-0.00;0.00;0.00;-1.84;0.59;90.00;-0.00;0.50;0.004
5840.405;2677;-1.88;0.59;87.88;-1.84;0.54;90.00;0.00;0.50;193;0;1;0;-0.01;0.30;0.00;0.00;-0.00;-0.00;0.00;0.00;-1.84;0.59;90.00;-0.00;0.50;0.004
5840.505;2687;-1.88;0.59;87.88;-1.84;0.54;90.00;0.00;0.50;193;0;1;0;-0.01;0.30;0.00;0.00;-0.00;-0.00;0.00;0.00;-1.84;0.59;90.00;-0.00;0.50;0.004
5840.605;2698;-1.88;0.59;87.88;-1.84;0.54;90.00;0.00;0.50;193;0;1;0;-0.01;0.30;0.00;0.00;-0.00;-0.00;0.00;0.00;-1.84;0.59;90.00;-0.00;0.50;0.005
5840.715;2707;-1.88;0.59;87.89;-1.84;0.54;90.00;0.00;0.50;193;0;1;0;-0.01;0.30;0.00;0.00;-0.00;-0.00;0.00;0.00;-1.84;0.59;90.00;-0.00;0.50;0.009
5840.815;2717;-1.88;0.59;87.89;-1.84;0.54;90.00;0.00;0.50;193;0;1;0;-0.01;0.30;0.00;0.00;-0.00;-0.00;0.00;0.00;-1.84;0.59;90.00;-0.00;0.50;0.007
5840.905;2725;-1.88;0.59;87.89;-1.84;0.54;90.00;0.00;0.50;193;0;1;0;-0.01;0.30;0.00;0.00;-0.00;-0.00;0.00;0.00;-1.84;0.59;90.00;-0.00;0.50;0.003
5841.005;2736;-1.88;0.59;87.89;-1.84;0.54;90.00;0.00;0.50;193;0;1;0;-0.01;0.30;0.00;0.00;-0.00;-0.00;0.00;0.00;-1.84;0.59;90.00;-0.00;0.50;0.005
5841.115;2749;-1.88;0.59;87.89;-1.84;0.54;90.00;0.00;0.50;193;0;1;0;-0.01;0.30;0.00;0.00;-0.00;-0.00;0.00;0.00;-1.84;0.59;90.00;-0.00;0.50;0.016
5841.225;2759;-1.88;0.59;87.89;-1.84;0.54;90.00;0.00;0.50;193;0;1;0;-0.01;0.30;0.00;0.00;-0.00;-0.00;0.00;0.00;-1.84;0.59;90.00;-0.00;0.50;0.011
5841.315;2768;-1.88;0.59;87.89;-1.84;0.54;90.00;0.00;0.50;193;0;1;0;-0.01;0.30;0.00;0.00;-0.00;-0.00;0.00;0.00;-1.84;0.59;90.00;-0.00;0.50;0.006
5841.415;2778;-1.88;0.59;87.89;-1.84;0.54;90.00;0.00;0.50;193;0;1;0;-0.01;0.30;0.00;0.00;-0.00;-0.00;0.00;0.00;-1.84;0.59;90.00;-0.00;0.50;0.006
5841.505;2787;-1.88;0.59;87.89;-1.84;0.54;90.00;0.00;0.50;193;0;1;0;-0.01;0.30;0.00;0.00;-0.00;-0.00;0.00;0.00;-1.84;0.59;90.00;-0.00;0.50;0.006
5841.625;2797;-1.88;0.59;87.89;-1.84;0.54;90.00;0.00;0.50;193;0;1;0;-0.01;0.30;0.00;0.00;-0.00;-0.00;0.00;0.00;-1.84;0.59;90.00;-0.00;0.50;0.009
5841.725;2811;-1.88;0.59;87.89;-1.84;0.54;90.00;0.00;0.50;193;0;1;0;-0.01;0.30;0.00;0.00;-0.00;-0.00;0.00;0.00;-1.84;0.59;90.00;-0.00;0.50;0.012
5841.815;2816;-1.88;0.59;87.89;-1.84;0.54;90.00;0.00;0.50;193;0;1;0;-0.01;0.30;0.00;0.00;-0.00;-0.00;0.00;0.00;-1.84;0.59;90.00;-0.00;0.50;0.004
5841.915;2830;-1.88;0.59;87.89;-1.84;0.54;90.00;0.00;0.50;193;0;1;0;-0.01;0.30;0.00;0.00;-0.00;-0.00;0.00;0.00;-1.84;0.59;90.00;-0.00;0.50;0.012
5842.025;2840;-1.88;0.59;87.89;-1.84;0.54;90.00;0.00;0.50;193;0;1;0;-0.01;0.30;0.00;0.00;-0.00;-0.00;0.00;0.00;-1.84;0.59;90.00;-0.00;0.50;0.013
5842.095;2846;-1.88;0.59;87.89;-1.84;0.54;90.00;0.00;0.50;193;0;1;0;-0.01;0.30;0.00;0.00;-0.00;-0.00;0.00;0.00;-1.84;0.59;90.00;-0.00;0.50;0.005
5842.205;2858;-1.88;0.59;87.89;-1.84;0.54;90.00;0.00;0.50;193;0;1;0;-0.01;0.30;0.00;0.00;-0.00;-0.00;0.00;0.00;-1.84;0.59;90.00;-0.00;0.50;0.009
5842.305;2869;-1.88;0.59;87.89;-1.84;0.54;90.00;0.00;0.50;193;0;1;0;-0.01;0.30;0.00;0.00;-0.00;-0.00;0.00;0.00;-1.84;0.59;90.00;-0.00;0.50;0.006
5842.405;2877;-1.88;0.59;87.89;-1.84;0.54;90.00;0.00;0.50;193;0;1;0;-0.01;0.30;0.00;0.00;-0.00;-0.00;0.00;0.00;-1.84;0.59;90.00;-0.00;0.50;0.005
5842.505;2888;-1.88;0.59;87.89;-1.84;0.54;90.00;0.00;0.50;193;0;1;0;-0.01;0.30;0.00;0.00;-0.00;-0.00;0.00;0.00;-1.84;0.59;90.00;-0.00;0.50;0.004
5842.605;2896;-1.88;0.59;87.89;-1.84;0.54;90.00;0.00;0.50;193;0;1;0;-0.01;0.30;0.00;0.00;-0.00;-0.00;0.00;0.00;-1.84;0.59;90.00;-0.00;0.50;0.007
5842.715;2907;-1.88;0.59;87.89;-1.84;0.54;90.00;0.00;0.50;193;0;1;0;-0.01;0.30;0.00;0.00;-0.00;-0.00;0.00;0.00;-1.84;0.59;90.00;-0.00;0.50;0.008
5842.805;2915;-1.88;0.59;87.89;-1.84;0.54;90.00;0.00;0.50;193;0;1;0;-0.01;0.30;0.00;0.00;-0.00;-0.00;0.00;0.00;-1.84;0.59;90.00;-0.00;0.50;0.004
5842.905;2929;-1.88;0.59;87.89;-1.84;0.54;90.00;0.00;0.50;193;0;1;0;-0.01;0.30;0.00;0.00;-0.00;-0.00;0.00;0.00;-1.84;0.59;90.00;-0.00;0.50;0.009
5843.015;2938;-1.88;0.59;87.89;-1.84;0.54;90.00;0.00;0.50;193;0;1;0;-0.01;0.30;0.00;0.00;-0.00;-0.00;0.00;0.00;-1.84;0.59;90.00;-0.00;0.50;0.007
5843.125;2949;-1.88;0.59;87.89;-1.84;0.54;90.00;0.00;0.50;193;0;1;0;-0.01;0.30;0.00;0.00;-0.00;-0.00;0.00;0.00;-1.84;0.59;90.00;-0.00;0.50;0.009
5843.215;2957;-1.88;0.59;87.89;-1.84;0.54;90.00;0.00;0.50;193;0;1;0;-0.01;0.30;0.00;0.00;-0.00;-0.00;0.00;0.00;-1.84;0.59;90.00;-0.00;0.50;0.006
