t;frame;x;y;z;x_ref;y_ref;z_ref;delta_ref;u_ref;state;ellipse;control;action;delta;u;vx;vy;vz;wx;wy;wz;xr;yr;zr;delr;ur;obs1x;obs1y;obs2x;obs2y
10262.195;16;-0.55;-3.05;90.01;0.95;-0.35;0.00;0.00;-0.50;403;0;1;2;0.79;0.12;0.00;0.00;-0.00;-0.00;0.00;0.00;0.66;-0.35;-0.00;0.00;-0.50;0.093;4.03;3.85;-1000.00;-1000.00
10262.225;20;-0.55;-3.05;90.01;0.95;-0.35;0.00;0.00;-0.50;403;0;1;2;0.79;0.23;0.00;0.00;-0.00;-0.00;0.00;0.00;0.66;-0.35;-0.00;0.00;-0.50;0.022;4.03;3.85;-1000.00;-1000.00
10262.345;31;-0.55;-3.05;90.01;0.95;-0.35;0.00;0.00;-0.50;403;0;1;2;0.79;0.33;0.00;0.00;-0.00;-0.00;0.00;0.00;0.66;-0.35;-0.00;0.00;-0.50;0.037;4.03;3.85;-1000.00;-1000.00
10262.425;39;-0.55;-3.04;91.38;0.95;-0.35;0.00;0.00;-0.50;403;0;1;2;0.79;0.43;0.24;0.01;0.00;-0.03;0.04;0.90;0.66;-0.35;-0.00;0.00;-0.50;0.020;4.03;3.85;-1000.00;-1000.00
10262.525;48;-0.55;-3.01;97.86;0.95;-0.35;0.00;0.00;-0.50;403;0;1;2;0.79;0.50;0.41;0.03;-0.01;-0.11;0.04;1.39;0.66;-0.35;-0.00;0.00;-0.50;0.022;4.03;3.85;-1000.00;-1000.00
10262.625;58;-0.56;-2.96;105.88;0.95;-0.35;0.00;0.00;-0.50;403;0;1;2;0.79;0.50;0.46;-0.15;-0.00;0.06;-0.02;1.53;0.66;-0.35;-0.00;0.00;-0.50;0.019;4.03;3.85;-1000.00;-1000.00
10262.735;71;-0.55;-2.90;117.03;0.95;-0.35;0.00;0.00;-0.50;403;0;1;2;0.79;0.50;0.40;-0.25;-0.05;-0.04;0.20;1.48;0.66;-0.35;-0.00;0.00;-0.50;0.029;4.03;3.85;-1000.00;-1000.00
10262.835;81;-0.56;-2.85;125.53;0.95;-0.35;0.00;0.00;-0.50;403;0;1;2;0.79;0.50;0.42;-0.21;-0.01;0.11;0.02;1.52;0.66;-0.35;-0.00;0.00;-0.50;0.028;4.03;3.85;-1000.00;-1000.00
10262.935;90;-0.57;-2.82;132.76;0.95;-0.35;0.00;0.00;-0.50;403;0;1;2;0.79;0.50;0.42;-0.18;-0.01;0.04;-0.01;1.44;0.66;-0.35;-0.00;0.00;-0.50;0.027;4.03;3.85;-1000.00;-1000.00
10263.025;99;-0.58;-2.78;140.00;0.95;-0.35;0.00;0.00;-0.50;403;0;1;2;0.79;0.50;0.41;-0.17;-0.01;0.02;-0.01;1.39;0.66;-0.35;-0.00;0.00;-0.50;0.025;4.03;3.85;-1000.00;-1000.00
10263.125;108;-0.60;-2.75;146.91;0.95;-0.35;0.00;0.00;-0.50;403;0;1;2;0.79;0.50;0.39;-0.17;-0.01;0.02;0.00;1.31;0.66;-0.35;-0.00;0.00;-0.50;0.017;4.03;3.85;-1000.00;-1000.00
10263.225;118;-0.63;-2.71;154.09;0.95;-0.35;0.00;0.00;-0.50;403;0;1;2;0.79;0.50;0.37;-0.14;-0.01;0.02;0.01;1.20;0.66;-0.35;-0.00;0.00;-0.50;0.021;4.03;3.85;-1000.00;-1000.00
10263.325;131;-0.67;-2.68;162.67;0.95;-0.35;0.00;0.00;-0.50;403;0;1;2;0.79;0.50;0.38;-0.16;-0.01;0.13;0.17;1.34;0.66;-0.35;-0.00;0.00;-0.50;0.024;4.03;3.85;-1000.00;-1000.00
10263.445;141;-0.70;-2.66;170.00;0.95;-0.35;0.00;0.00;-0.50;403;0;1;2;0.79;0.50;0.38;-0.20;-0.01;0.06;0.14;1.45;0.66;-0.35;-0.00;0.00;-0.50;0.040;4.03;3.85;-1000.00;-1000.00
10263.525;151;-0.74;-2.64;178.88;0.95;-0.35;0.00;0.00;-0.50;403;0;1;2;0.79;0.50;0.46;-0.19;0.00;0.05;0.05;1.75;0.66;-0.35;-0.00;0.00;-0.50;0.022;4.03;3.85;-1000.00;-1000.00
10263.625;161;-0.78;-2.62;187.97;0.95;-0.35;0.00;0.00;-0.50;403;0;1;2;-0.79;0.50;0.45;-0.25;-0.01;0.01;0.11;1.83;0.66;-0.35;-0.00;0.00;-0.50;0.021;4.03;3.85;-1000.00;-1000.00
10263.725;167;-0.82;-2.61;193.35;0.95;-0.35;0.00;0.00;-0.50;403;0;1;2;-0.79;0.50;0.46;-0.16;-0.01;-0.04;-0.13;0.60;0.66;-0.35;-0.00;0.00;-0.50;0.016;4.03;3.85;-1000.00;-1000.00
10263.865;185;-0.90;-2.63;180.26;0.95;-0.35;0.00;0.00;-0.50;403;0;1;2;-0.79;0.50;0.50;0.14;-0.01;-0.05;0.09;-1.87;0.66;-0.35;-0.00;0.00;-0.50;0.046;4.03;3.85;-1000.00;-1000.00
10263.945;190;-0.93;-2.63;175.19;0.95;-0.35;0.00;0.00;-0.50;403;0;1;2;0.79;0.50;0.49;0.19;-0.01;-0.06;0.12;-1.85;0.66;-0.35;-0.00;0.00;-0.50;0.037;4.03;3.85;-1000.00;-1000.00
10264.025;201;-0.98;-2.65;167.36;0.95;-0.35;0.00;0.00;-0.50;403;0;1;2;0.79;0.50;0.47;0.09;-0.00;0.04;-0.14;-0.00;0.66;-0.35;-0.00;0.00;-0.50;0.034;4.03;3.85;-1000.00;-1000.00
10264.125;209;-1.02;-2.64;172.30;0.95;-0.35;0.00;0.00;-0.50;403;0;1;2;0.79;0.50;0.47;-0.06;0.00;-0.02;0.05;1.87;0.66;-0.35;-0.00;0.00;-0.50;0.019;4.03;3.85;-1000.00;-1000.00
10264.225;220;-1.07;-2.63;183.83;0.95;-0.35;0.00;0.00;-0.50;403;0;1;2;-0.79;0.50;0.48;-0.15;-0.00;0.02;-0.04;1.78;0.66;-0.35;-0.00;0.00;-0.50;0.022;4.03;3.85;-1000.00;-1000.00
10264.335;228;-1.11;-2.62;189.61;0.95;-0.35;0.00;0.00;-0.50;403;0;1;2;-0.79;0.50;0.47;-0.11;-0.00;-0.03;-0.04;0.36;0.66;-0.35;-0.00;0.00;-0.50;0.024;4.03;3.85;-1000.00;-1000.00
10264.435;241;-1.18;-2.63;180.40;0.95;-0.35;0.00;0.00;-0.50;403;0;1;2;-0.79;0.50;0.49;0.06;-0.01;0.05;-0.09;-1.81;0.66;-0.35;-0.00;0.00;-0.50;0.026;4.03;3.85;-1000.00;-1000.00
10264.535;251;-1.23;-2.63;170.24;0.95;-0.35;0.00;0.00;-0.50;403;0;1;2;0.79;0.50;0.47;0.19;-0.00;-0.04;0.02;-1.74;0.66;-0.35;-0.00;0.00;-0.50;0.034;4.03;3.85;-1000.00;-1000.00
10264.645;260;-1.27;-2.64;164.64;0.95;-0.35;0.00;0.00;-0.50;403;0;1;2;0.79;0.50;0.47;0.10;-0.01;0.01;-0.04;-0.05;0.66;-0.35;-0.00;0.00;-0.50;0.035;4.03;3.85;-1000.00;-1000.00
10264.725;271;-1.32;-2.62;173.53;0.95;-0.35;0.00;0.00;-0.50;403;0;1;2;0.79;0.50;0.51;-0.06;-0.05;0.07;-0.17;1.94;0.66;-0.35;-0.00;0.00;-0.50;0.018;4.03;3.85;-1000.00;-1000.00
10264.825;279;-1.36;-2.62;182.06;0.95;-0.35;0.00;0.00;-0.50;403;0;1;2;-0.79;0.50;0.50;-0.13;-0.01;0.00;-0.03;1.81;0.66;-0.35;-0.00;0.00;-0.50;0.023;4.03;3.85;-1000.00;-1000.00
10264.925;288;-1.41;-2.61;188.97;0.95;-0.35;0.00;0.00;-0.50;403;0;1;2;-0.79;0.50;0.47;-0.13;-0.01;-0.02;-0.01;0.38;0.66;-0.35;-0.00;0.00;-0.50;0.015;4.03;3.85;-1000.00;-1000.00
10265.035;300;-1.46;-2.61;181.80;0.95;-0.35;0.00;0.00;-0.50;403;0;1;2;-0.79;0.50;0.50;0.02;-0.00;0.06;-0.07;-1.96;0.66;-0.35;-0.00;0.00;-0.50;0.031;4.03;3.85;-1000.00;-1000.00
10265.125;307;-1.50;-2.61;173.30;0.95;-0.35;0.00;0.00;-0.50;403;0;1;2;0.79;0.50;0.48;0.12;-0.01;0.01;-0.07;-1.76;0.66;-0.35;-0.00;0.00;-0.50;0.019;4.03;3.85;-1000.00;-1000.00
10265.225;317;-1.55;-2.62;165.11;0.95;-0.35;0.00;0.00;-0.50;403;0;1;2;0.79;0.50;0.46;0.13;-0.00;0.03;-0.12;-0.56;0.66;-0.35;-0.00;0.00;-0.50;0.025;4.03;3.85;-1000.00;-1000.00
10265.325;328;-1.60;-2.61;171.05;0.95;-0.35;0.00;0.00;-0.50;403;0;1;2;0.79;0.50;0.48;-0.08;-0.11;-0.05;0.17;1.86;0.66;-0.35;-0.00;0.00;-0.50;0.023;4.03;3.85;-1000.00;-1000.00
10265.425;340;-1.66;-2.60;183.64;0.95;-0.35;0.00;0.00;-0.50;403;0;1;2;-0.79;0.50;0.46;-0.18;-0.05;-0.18;0.01;1.82;0.66;-0.35;-0.00;0.00;-0.50;0.022;4.03;3.85;-1000.00;-1000.00
10265.525;351;-1.71;-2.59;189.06;0.95;-0.35;0.00;0.00;-0.50;403;0;1;2;-0.79;0.50;0.50;-0.06;-0.04;-0.00;0.25;-0.37;0.66;-0.35;-0.00;0.00;-0.50;0.029;4.03;3.85;-1000.00;-1000.00
10265.645;360;-1.76;-2.59;181.20;0.95;-0.35;0.00;0.00;-0.50;403;0;1;2;-0.79;0.50;0.47;0.07;-0.01;0.04;-0.07;-1.85;0.66;-0.35;-0.00;0.00;-0.50;0.043;4.03;3.85;-1000.00;-1000.00
10265.745;373;-1.82;-2.61;168.04;0.95;-0.35;0.00;0.00;-0.50;403;0;1;2;0.79;0.50;0.44;0.22;-0.05;0.18;0.01;-1.74;0.66;-0.35;-0.00;0.00;-0.50;0.046;4.03;3.85;-1000.00;-1000.00
10265.825;378;-1.85;-2.61;164.03;0.95;-0.35;0.00;0.00;-0.50;403;0;1;2;0.79;0.50;0.47;0.20;-0.01;-0.00;0.12;-1.02;0.66;-0.35;-0.00;0.00;-0.50;0.021;4.03;3.85;-1000.00;-1000.00
10265.945;392;-1.91;-2.60;171.68;0.95;-0.35;0.00;0.00;-0.50;403;0;1;2;0.79;0.50;0.49;-0.09;-0.01;-0.00;-0.02;1.88;0.66;-0.35;-0.00;0.00;-0.50;0.036;4.03;3.85;-1000.00;-1000.00
10266.035;402;-1.96;-2.58;181.98;0.95;-0.35;0.00;0.00;-0.50;403;0;1;2;0.79;0.50;0.47;-0.20;-0.05;-0.15;0.06;1.85;0.66;-0.35;-0.00;0.00;-0.50;0.026;4.03;3.85;-1000.00;-1000.00
10266.145;411;-2.00;-2.57;191.10;0.95;-0.35;0.00;0.00;-0.50;403;0;1;2;-0.79;0.50;0.45;-0.23;-0.00;0.03;-0.01;1.75;0.66;-0.35;-0.00;0.00;-0.50;0.039;4.03;3.85;-1000.00;-1000.00
10266.255;422;-2.06;-2.56;197.56;0.95;-0.35;0.00;0.00;-0.50;403;0;1;2;-0.79;0.50;0.49;-0.09;-0.04;-0.04;0.25;-0.09;0.66;-0.35;-0.00;0.00;-0.50;0.051;4.03;3.85;-1000.00;-1000.00
10266.335;431;-2.10;-2.57;190.50;0.95;-0.35;0.00;0.00;-0.50;403;0;1;2;-0.79;0.50;0.48;0.08;-0.00;-0.03;0.02;-1.86;0.66;-0.35;-0.00;0.00;-0.50;0.036;4.03;3.85;-1000.00;-1000.00
10266.435;441;-2.15;-2.59;179.97;0.95;-0.35;0.00;0.00;-0.50;403;0;1;2;0.79;0.50;0.50;0.16;-0.01;-0.00;0.02;-1.89;0.66;-0.35;-0.00;0.00;-0.50;0.036;4.03;3.85;-1000.00;-1000.00
10266.525;450;-2.19;-2.60;173.64;0.95;-0.35;0.00;0.00;-0.50;403;0;1;2;0.79;0.50;0.48;0.14;-0.00;0.01;-0.02;-0.18;0.66;-0.35;-0.00;0.00;-0.50;0.023;4.03;3.85;-1000.00;-1000.00
10266.625;460;-2.24;-2.60;180.75;0.95;-0.35;0.00;0.00;-0.50;403;0;1;2;-0.79;0.50;0.50;-0.06;0.00;0.02;-0.03;1.97;0.66;-0.35;-0.00;0.00;-0.50;0.023;4.03;3.85;-1000.00;-1000.00
10266.725;469;-2.29;-2.60;186.79;0.95;-0.35;0.00;0.00;-0.50;403;0;1;2;-0.79;0.50;0.49;-0.06;-0.01;-0.01;-0.01;0.09;0.66;-0.35;-0.00;0.00;-0.50;0.025;4.03;3.85;-1000.00;-1000.00
10266.835;479;-2.33;-2.60;179.42;0.95;-0.35;0.00;0.00;-0.50;403;0;1;2;0.79;0.50;0.52;0.02;-0.05;-0.11;-0.15;-1.86;0.66;-0.35;-0.00;0.00;-0.50;0.026;4.03;3.85;-1000.00;-1000.00
10266.945;493;-2.41;-2.60;172.04;0.95;-0.35;0.00;0.00;-0.50;403;0;1;2;0.79;0.50;0.48;0.01;-0.01;-0.02;0.06;0.73;0.66;-0.35;-0.00;0.00;-0.50;0.039;4.03;3.85;-1000.00;-1000.00
10267.045;502;-2.45;-2.60;180.48;0.95;-0.35;0.00;0.00;-0.50;403;0;1;2;-0.79;0.50;0.51;-0.03;-0.01;-0.05;-0.08;1.84;0.66;-0.35;-0.00;0.00;-0.50;0.046;4.03;3.85;-1000.00;-1000.00
10267.135;511;-2.50;-2.59;186.39;0.95;-0.35;0.00;0.00;-0.50;403;0;1;2;-0.79;0.50;0.49;-0.04;-0.00;-0.09;-0.18;0.02;0.66;-0.35;-0.00;0.00;-0.50;0.027;4.03;3.85;-1000.00;-1000.00
10267.215;517;-2.53;-2.59;183.46;0.95;-0.35;0.00;0.00;-0.50;403;0;1;2;-0.79;0.50;0.49;0.01;-0.01;0.02;0.04;-1.53;0.66;-0.35;-0.00;0.00;-0.50;0.017;4.03;3.85;-1000.00;-1000.00
10267.345;530;-2.57;-2.60;175.68;0.95;-0.35;0.00;0.00;-0.50;403;0;1;2;0.79;0.50;0.04;-0.04;0.01;-0.10;-0.14;-0.20;0.66;-0.35;-0.00;0.00;-0.50;0.044;4.03;3.85;-1000.00;-1000.00
10267.435;540;-2.57;-2.59;175.91;0.95;-0.35;0.00;0.00;-0.50;403;0;1;2;0.79;0.50;0.15;-0.04;0.03;0.29;0.63;0.35;0.66;-0.35;-0.00;0.00;-0.50;0.035;4.03;3.85;-1000.00;-1000.00
10267.525;548;-2.59;-2.59;179.62;0.95;-0.35;0.00;0.00;-0.50;403;0;1;2;0.79;0.50;0.34;-0.01;-0.03;0.81;1.28;1.27;0.66;-0.35;-0.00;0.00;-0.50;0.022;4.03;3.85;-1000.00;-1000.00
10267.625;559;-2.62;-2.60;184.87;0.95;-0.35;0.00;0.00;-0.50;403;0;1;2;-0.79;0.50;0.15;0.06;0.03;0.40;0.50;0.57;0.66;-0.35;-0.00;0.00;-0.50;0.022;4.03;3.85;-1000.00;-1000.00
10267.725;567;-2.62;-2.61;186.37;0.95;-0.35;0.00;0.00;-0.50;403;0;1;2;-0.79;0.50;0.14;0.07;-0.01;-0.31;0.48;-0.03;0.66;-0.35;-0.00;0.00;-0.50;0.022;4.03;3.85;-1000.00;-1000.00
10267.835;578;-2.66;-2.61;180.50;0.95;-0.35;0.00;0.00;-0.50;403;0;1;2;-0.79;0.50;0.34;-0.02;-0.12;-0.97;1.42;-1.26;0.66;-0.35;-0.00;0.00;-0.50;0.022;4.03;3.85;-1000.00;-1000.00
10267.925;586;-2.67;-2.60;175.08;0.95;-0.35;0.00;0.00;-0.50;403;0;1;2;0.79;0.50;0.17;-0.07;0.03;-0.25;0.80;-0.88;0.66;-0.35;-0.00;0.00;-0.50;0.022;4.03;3.85;-1000.00;-1000.00
10268.025;601;-2.69;-2.60;173.31;0.95;-0.35;0.00;0.00;-0.50;403;0;1;2;0.79;0.50;0.21;0.07;-0.06;-0.16;0.91;0.20;0.66;-0.35;-0.00;0.00;-0.50;0.026;4.03;3.85;-1000.00;-1000.00
10268.125;610;-2.73;-2.61;181.32;0.95;-0.35;0.00;0.00;-0.50;403;0;1;2;-0.79;0.50;0.37;0.22;-0.28;0.14;0.17;2.24;0.66;-0.35;-0.00;0.00;-0.50;0.020;4.03;3.85;-1000.00;-1000.00
10268.235;619;-2.75;-2.62;185.50;0.95;-0.35;0.00;0.00;-0.50;403;0;1;2;-0.79;0.50;0.27;0.08;-0.09;-0.18;0.95;0.12;0.66;-0.35;-0.00;0.00;-0.50;0.030;4.03;3.85;-1000.00;-1000.00
10268.345;629;-2.78;-2.62;178.75;0.95;-0.35;0.00;0.00;-0.50;403;0;1;2;0.79;0.50;0.31;-0.22;-0.16;0.06;0.99;-1.91;0.66;-0.35;-0.00;0.00;-0.50;0.033;4.03;3.85;-1000.00;-1000.00
10268.415;638;-2.79;-2.60;170.69;0.95;-0.35;0.00;0.00;-0.50;403;0;1;2;0.79;0.50;0.15;-0.08;0.06;-0.34;0.58;-0.12;0.66;-0.35;-0.00;0.00;-0.50;0.015;4.03;3.85;-1000.00;-1000.00
10268.545;652;-2.80;-2.60;180.37;0.95;-0.35;0.00;0.00;-0.50;403;0;1;2;-0.79;0.50;-0.06;0.07;0.04;0.85;0.35;0.53;0.66;-0.35;-0.00;0.00;-0.50;0.045;4.03;3.85;-1000.00;-1000.00
10268.625;658;-2.80;-2.61;182.97;0.95;-0.35;0.00;0.00;-0.50;403;0;1;2;-0.79;0.50;-0.00;0.08;0.04;-0.23;0.62;-0.38;0.66;-0.35;-0.00;0.00;-0.50;0.020;4.03;3.85;-1000.00;-1000.00
10268.735;671;-2.79;-2.61;177.28;0.95;-0.35;0.00;0.00;-0.50;403;0;1;2;0.79;0.50;0.10;-0.02;0.17;-0.63;1.29;-0.44;0.66;-0.35;-0.00;0.00;-0.50;0.031;4.03;3.85;-1000.00;-1000.00
10268.825;677;-2.78;-2.60;175.58;0.95;-0.35;0.00;0.00;-0.50;403;0;1;2;0.79;0.50;0.02;-0.05;0.18;0.17;1.40;0.04;0.66;-0.35;-0.00;0.00;-0.50;0.019;4.03;3.85;-1000.00;-1000.00
10268.925;690;-2.74;-2.61;178.71;0.95;-0.35;0.00;0.00;-0.50;403;0;1;2;0.79;0.50;0.01;0.02;0.37;-0.28;2.16;0.41;0.66;-0.35;-0.00;0.00;-0.50;0.028;4.03;3.85;-1000.00;-1000.00
10269.025;699;-2.70;-2.61;359.16;0.95;-0.35;0.00;0.00;-0.50;403;0;1;2;0.79;0.50;0.39;-0.03;0.45;-0.86;2.64;0.93;0.66;-0.35;-0.00;0.00;-0.50;0.026;4.03;3.85;-1000.00;-1000.00
10269.145;709;-2.65;-2.61;367.41;0.95;-0.35;0.00;0.00;-0.50;403;0;1;2;0.79;0.50;0.38;0.01;0.39;-0.25;1.98;0.13;0.66;-0.35;-0.00;0.00;-0.50;0.043;4.03;3.85;-1000.00;-1000.00
10269.235;719;-2.60;-2.60;367.50;0.95;-0.35;0.00;0.00;-0.50;403;0;1;2;0.79;0.50;0.40;0.00;0.43;-0.27;2.05;-0.00;0.66;-0.35;-0.00;0.00;-0.50;0.029;4.03;3.85;-1000.00;-1000.00
10269.325;728;-2.54;-2.59;367.50;0.95;-0.35;0.00;0.00;-0.50;403;0;1;2;0.79;0.50;0.44;0.00;0.59;-0.34;2.56;0.00;0.66;-0.35;-0.00;0.00;-0.50;0.023;4.03;3.85;-1000.00;-1000.00
10269.445;742;-2.44;-2.58;367.42;0.95;-0.35;0.00;0.00;-0.50;403;0;1;2;0.79;0.50;0.34;-0.00;-0.08;-0.13;1.00;-0.00;0.66;-0.35;-0.00;0.00;-0.50;0.043;4.03;3.85;-1000.00;-1000.00
10269.535;752;-2.44;-2.58;367.44;0.95;-0.35;0.00;0.00;-0.50;403;0;1;2;0.79;0.50;-0.16;0.00;0.02;0.07;-0.50;0.01;0.66;-0.35;-0.00;0.00;-0.50;0.031;4.03;3.85;-1000.00;-1000.00
10269.635;761;-2.46;-2.58;367.45;0.95;-0.35;0.00;0.00;-0.50;403;0;1;2;0.79;0.50;-0.12;0.00;-0.16;0.09;-0.70;-0.00;0.66;-0.35;-0.00;0.00;-0.50;0.031;4.03;3.85;-1000.00;-1000.00
10269.745;772;-2.46;-2.58;367.44;0.95;-0.35;0.00;0.00;-0.50;403;0;1;2;0.79;0.50;0.01;-0.01;-0.01;-0.00;0.00;-0.02;0.66;-0.35;-0.00;0.00;-0.50;0.036;4.03;3.85;-1000.00;-1000.00
10269.835;780;-2.46;-2.58;367.47;0.95;-0.35;0.00;0.00;-0.50;403;0;1;2;0.79;0.50;-0.02;-0.03;0.01;-0.12;-0.06;-0.00;0.66;-0.35;-0.00;0.00;-0.50;0.033;4.03;3.85;-1000.00;-1000.00
10269.935;791;-2.46;-2.58;367.43;0.95;-0.35;0.00;0.00;-0.50;403;0;1;2;0.79;0.50;0.02;0.00;0.01;-0.01;0.11;-0.00;0.66;-0.35;-0.00;0.00;-0.50;0.026;4.03;3.85;-1000.00;-1000.00
10270.025;799;-2.46;-2.58;367.42;0.95;-0.35;0.00;0.00;-0.50;403;0;1;2;0.79;0.50;-0.04;-0.00;-0.00;0.01;-0.12;-0.00;0.66;-0.35;-0.00;0.00;-0.50;0.027;4.03;3.85;-1000.00;-1000.00
10270.125;808;-2.46;-2.58;367.43;0.95;-0.35;0.00;0.00;-0.50;403;0;1;2;0.79;0.50;0.00;-0.00;-0.01;-0.00;-0.00;0.00;0.66;-0.35;-0.00;0.00;-0.50;0.019;4.03;3.85;-1000.00;-1000.00
10270.235;819;-2.46;-2.58;367.43;0.95;-0.35;0.00;0.00;-0.50;403;0;1;2;0.79;0.50;0.03;-0.00;0.02;-0.01;0.11;0.00;0.66;-0.35;-0.00;0.00;-0.50;0.023;4.03;3.85;-1000.00;-1000.00
10270.325;827;-2.46;-2.58;367.39;0.95;-0.35;0.00;0.00;-0.50;403;0;1;2;0.79;0.50;-0.02;0.03;0.01;0.13;-0.02;-0.00;0.66;-0.35;-0.00;0.00;-0.50;0.020;4.03;3.85;-1000.00;-1000.00
10270.425;841;-2.46;-2.58;367.42;0.95;-0.35;0.00;0.00;-0.50;403;0;1;2;0.79;0.50;-0.04;-0.00;0.08;-0.00;0.03;-0.00;0.66;-0.35;-0.00;0.00;-0.50;0.027;4.04;3.85;-1000.00;-1000.00
10270.525;850;-2.46;-2.58;367.37;0.95;-0.35;0.00;0.00;-0.50;403;0;1;2;0.79;0.50;0.00;0.05;0.05;0.18;0.11;0.01;0.66;-0.35;-0.00;0.00;-0.50;0.025;4.04;3.85;-1000.00;-1000.00
10270.635;861;-2.46;-2.58;367.38;0.95;-0.35;0.00;0.00;-0.50;403;0;1;2;0.79;0.50;-0.02;0.03;0.01;0.13;-0.02;-0.00;0.66;-0.35;-0.00;0.00;-0.50;0.025;4.04;3.85;-1000.00;-1000.00
10270.725;869;-2.46;-2.58;367.38;0.95;-0.35;0.00;0.00;-0.50;403;0;1;2;0.79;0.50;0.02;0.03;0.05;0.11;0.16;0.01;0.66;-0.35;-0.00;0.00;-0.50;0.023;4.04;3.85;-1000.00;-1000.00
10270.825;878;-2.46;-2.58;367.42;0.95;-0.35;0.00;0.00;-0.50;403;0;1;2;0.79;0.50;0.00;0.00;-0.01;0.00;0.00;-0.00;0.66;-0.35;-0.00;0.00;-0.50;0.021;4.04;3.85;-1000.00;-1000.00
10270.935;889;-2.46;-2.58;367.40;0.95;-0.35;0.00;0.00;-0.50;403;0;1;2;0.79;0.50;-0.01;0.02;-0.00;0.08;-0.04;0.00;0.66;-0.35;-0.00;0.00;-0.50;0.029;4.04;3.85;-1000.00;-1000.00
10271.025;897;-2.46;-2.58;367.47;0.95;-0.35;0.00;0.00;-0.50;403;0;1;2;0.79;0.50;0.00;-0.05;0.05;-0.20;0.07;-0.01;0.66;-0.35;-0.00;0.00;-0.50;0.021;4.04;3.85;-1000.00;-1000.00
10271.125;908;-2.46;-2.58;367.42;0.95;-0.35;0.00;0.00;-0.50;403;0;1;2;0.79;0.50;0.01;0.00;-0.00;-0.00;0.03;-0.00;0.66;-0.35;-0.00;0.00;-0.50;0.021;4.04;3.85;-1000.00;-1000.00
10271.225;916;-2.46;-2.58;367.46;0.95;-0.35;0.00;0.00;-0.50;403;0;1;2;0.79;0.50;-0.02;-0.03;0.01;-0.12;-0.06;-0.00;0.66;-0.35;-0.00;0.00;-0.50;0.019;4.04;3.85;-1000.00;-1000.00
10271.315;927;-2.46;-2.58;367.42;0.95;-0.35;0.00;0.00;-0.50;403;0;1;2;0.79;0.50;0.02;0.00;0.01;-0.01;0.11;-0.00;0.66;-0.35;-0.00;0.00;-0.50;0.016;4.04;3.85;-1000.00;-1000.00
10271.425;939;-2.46;-2.58;367.41;0.95;-0.35;0.00;0.00;-0.50;403;0;1;2;0.79;0.50;-0.05;-0.01;0.01;-0.03;-0.16;-0.00;0.66;-0.35;-0.00;0.00;-0.50;0.024;4.04;3.85;-1000.00;-1000.00
10271.535;950;-2.46;-2.58;367.46;0.95;-0.35;0.00;0.00;-0.50;403;0;1;2;0.79;0.50;-0.02;-0.03;0.01;-0.12;-0.06;-0.00;0.66;-0.35;-0.00;0.00;-0.50;0.028;4.04;3.85;-1000.00;-1000.00
10271.635;958;-2.46;-2.58;367.43;0.95;-0.35;0.00;0.00;-0.50;403;0;1;2;0.79;0.50;0.02;-0.03;0.03;-0.13;0.10;-0.01;0.66;-0.35;-0.00;0.00;-0.50;0.032;4.04;3.85;-1000.00;-1000.00
10271.745;973;-2.46;-2.58;367.41;0.95;-0.35;0.00;0.00;-0.50;403;0;1;2;0.79;0.50;-0.05;-0.01;0.01;-0.03;-0.16;-0.00;0.66;-0.35;-0.00;0.00;-0.50;0.039;4.04;3.85;-1000.00;-1000.00
10271.825;977;-2.46;-2.58;367.41;0.95;-0.35;0.00;0.00;-0.50;403;0;1;2;0.79;0.50;-0.04;-0.00;0.08;-0.00;0.03;-0.00;0.66;-0.35;-0.00;0.00;-0.50;0.026;4.04;3.85;-1000.00;-1000.00
10271.925;988;-2.46;-2.58;367.40;0.95;-0.35;0.00;0.00;-0.50;403;0;1;2;0.79;0.50;-0.05;-0.01;0.01;-0.03;-0.15;-0.00;0.66;-0.35;-0.00;0.00;-0.50;0.025;4.04;3.85;-1000.00;-1000.00
10272.045;1000;-2.46;-2.58;367.44;0.95;-0.35;0.00;0.00;-0.50;403;0;1;2;0.79;0.50;0.00;-0.00;-0.01;-0.00;0.00;-0.00;0.66;-0.35;-0.00;0.00;-0.50;0.044;4.04;3.85;-1000.00;-1000.00
10272.125;1009;-2.46;-2.58;367.41;0.95;-0.35;0.00;0.00;-0.50;403;0;1;2;0.79;0.50;-0.04;0.00;-0.00;0.02;-0.12;0.00;0.66;-0.35;-0.00;0.00;-0.50;0.027;4.04;3.85;-1000.00;-1000.00
10272.225;1019;-2.46;-2.58;367.42;0.95;-0.35;0.00;0.00;-0.50;403;0;1;2;0.79;0.50;-0.00;0.02;-0.00;0.07;-0.01;0.00;0.66;-0.35;-0.00;0.00;-0.50;0.021;4.04;3.85;-1000.00;-1000.00
10272.325;1027;-2.46;-2.58;367.41;0.95;-0.35;0.00;0.00;-0.50;403;0;1;2;0.79;0.50;0.00;0.00;-0.01;0.00;-0.00;0.00;0.66;-0.35;-0.00;0.00;-0.50;0.017;4.04;3.85;-1000.00;-1000.00
10272.425;1038;-2.46;-2.58;367.40;0.95;-0.35;0.00;0.00;-0.50;403;0;1;2;0.79;0.50;0.01;-0.00;-0.00;-0.00;0.03;0.00;0.66;-0.35;-0.00;0.00;-0.50;0.020;4.04;3.85;-1000.00;-1000.00
10272.535;1051;-2.46;-2.58;367.41;0.95;-0.35;0.00;0.00;-0.50;403;0;1;2;0.79;0.50;0.00;-0.00;-0.00;-0.00;0.00;-0.00;0.66;-0.35;-0.00;0.00;-0.50;0.033;4.04;3.85;-1000.00;-1000.00
10272.625;1057;-2.46;-2.58;367.41;0.95;-0.35;0.00;0.00;-0.50;403;0;1;2;0.79;0.50;0.03;-0.00;0.02;-0.01;0.11;0.00;0.66;-0.35;-0.00;0.00;-0.50;0.020;4.04;3.85;-1000.00;-1000.00
10272.725;1070;-2.46;-2.58;367.40;0.95;-0.35;0.00;0.00;-0.50;403;0;1;2;0.79;0.50;0.03;0.00;0.02;-0.01;0.11;-0.00;0.66;-0.35;-0.00;0.00;-0.50;0.024;4.04;3.85;-1000.00;-1000.00
10272.845;1079;-2.46;-2.58;367.41;0.95;-0.35;0.00;0.00;-0.50;403;0;1;2;0.79;0.50;-0.04;-0.00;0.08;-0.00;0.03;-0.00;0.66;-0.35;-0.00;0.00;-0.50;0.039;4.04;3.85;-1000.00;-1000.00
10272.925;1089;-2.46;-2.58;367.38;0.95;-0.35;0.00;0.00;-0.50;403;0;1;2;0.79;0.50;0.00;0.00;-0.01;0.00;0.00;0.00;0.66;-0.35;-0.00;0.00;-0.50;0.021;4.04;3.85;-1000.00;-1000.00
10273.025;1099;-2.46;-2.58;367.37;0.95;-0.35;0.00;0.00;-0.50;403;0;1;2;0.79;0.50;-0.02;0.03;0.01;0.13;-0.02;-0.00;0.66;-0.35;-0.00;0.00;-0.50;0.023;4.04;3.85;-1000.00;-1000.00
10273.145;1112;-2.46;-2.58;367.41;0.95;-0.35;0.00;0.00;-0.50;403;0;1;2;0.79;0.50;0.01;0.00;-0.00;-0.00;0.03;-0.00;0.66;-0.35;-0.00;0.00;-0.50;0.039;4.04;3.85;-1000.00;-1000.00
10273.245;1119;-2.46;-2.58;367.41;0.95;-0.35;0.00;0.00;-0.50;403;0;1;2;0.79;0.50;0.00;-0.00;-0.00;-0.00;0.00;-0.00;0.66;-0.35;-0.00;0.00;-0.50;0.036;4.04;3.85;-1000.00;-1000.00
10273.325;1127;-2.46;-2.58;367.39;0.95;-0.35;0.00;0.00;-0.50;403;0;1;2;0.79;0.50;-0.01;0.02;-0.00;0.08;-0.04;0.00;0.66;-0.35;-0.00;0.00;-0.50;0.021;4.04;3.85;-1000.00;-1000.00
10273.425;1138;-2.46;-2.58;367.40;0.95;-0.35;0.00;0.00;-0.50;403;0;1;2;0.79;0.50;0.03;0.00;0.02;-0.01;0.11;-0.00;0.66;-0.35;-0.00;0.00;-0.50;0.020;4.04;3.85;-1000.00;-1000.00
10273.525;1147;-2.46;-2.58;367.40;0.95;-0.35;0.00;0.00;-0.50;403;0;1;2;0.79;0.50;-0.04;-0.00;0.08;-0.00;0.03;-0.00;0.66;-0.35;-0.00;0.00;-0.50;0.021;4.04;3.85;-1000.00;-1000.00
10273.615;1157;-2.46;-2.58;367.37;0.95;-0.35;0.00;0.00;-0.50;403;0;1;2;0.79;0.50;0.00;0.00;-0.01;0.00;0.00;0.00;0.66;-0.35;-0.00;0.00;-0.50;0.016;4.04;3.85;-1000.00;-1000.00
10273.725;1170;-2.46;-2.58;367.43;0.95;-0.35;0.00;0.00;-0.50;403;0;1;2;0.79;0.50;0.00;-0.00;-0.01;-0.00;0.00;-0.00;0.66;-0.35;-0.00;0.00;-0.50;0.027;4.04;3.85;-1000.00;-1000.00
10273.835;1180;-2.46;-2.58;367.40;0.95;-0.35;0.00;0.00;-0.50;403;0;1;2;0.79;0.50;0.01;0.00;-0.00;-0.00;0.03;-0.00;0.66;-0.35;-0.00;0.00;-0.50;0.028;4.04;3.85;-1000.00;-1000.00
10273.925;1188;-2.46;-2.58;367.44;0.95;-0.35;0.00;0.00;-0.50;403;0;1;2;0.79;0.50;-0.02;-0.03;0.01;-0.12;-0.06;-0.00;0.66;-0.35;-0.00;0.00;-0.50;0.022;4.04;3.85;-1000.00;-1000.00
10274.035;1199;-2.46;-2.58;367.40;0.95;-0.35;0.00;0.00;-0.50;403;0;1;2;0.79;0.50;0.02;0.00;0.01;-0.01;0.11;-0.00;0.66;-0.35;-0.00;0.00;-0.50;0.022;4.04;3.85;-1000.00;-1000.00
10274.125;1207;-2.46;-2.58;367.39;0.95;-0.35;0.00;0.00;-0.50;403;0;1;2;0.79;0.50;-0.04;-0.00;-0.00;0.01;-0.12;-0.00;0.66;-0.35;-0.00;0.00;-0.50;0.020;4.04;3.85;-1000.00;-1000.00
10274.225;1218;-2.46;-2.58;367.40;0.95;-0.35;0.00;0.00;-0.50;403;0;1;2;0.79;0.50;0.00;0.00;-0.01;0.00;0.00;-0.00;0.66;-0.35;-0.00;0.00;-0.50;0.022;4.04;3.85;-1000.00;-1000.00
10274.335;1230;-2.46;-2.58;367.42;0.95;-0.35;0.00;0.00;-0.50;403;0;1;2;0.79;0.50;0.02;-0.03;0.03;-0.13;0.10;-0.01;0.66;-0.35;-0.00;0.00;-0.50;0.027;4.04;3.85;-1000.00;-1000.00
10274.435;1240;-2.46;-2.58;367.39;0.95;-0.35;0.00;0.00;-0.50;403;0;1;2;0.79;0.50;0.03;0.00;0.02;-0.01;0.11;-0.00;0.66;-0.35;-0.00;0.00;-0.50;0.031;4.04;3.85;-1000.00;-1000.00
10274.525;1250;-2.46;-2.58;367.40;0.95;-0.35;0.00;0.00;-0.50;403;0;1;2;0.79;0.50;0.00;-0.00;-0.01;-0.00;-0.00;0.00;0.66;-0.35;-0.00;0.00;-0.50;0.023;4.04;3.85;-1000.00;-1000.00
10274.635;1261;-2.46;-2.58;367.40;0.95;-0.35;0.00;0.00;-0.50;403;0;1;2;0.79;0.50;0.03;-0.00;0.02;-0.01;0.11;0.00;0.66;-0.35;-0.00;0.00;-0.50;0.032;4.04;3.85;-1000.00;-1000.00
10274.745;1269;-2.46;-2.58;367.36;0.95;-0.35;0.00;0.00;-0.50;403;0;1;2;0.79;0.50;-0.02;0.03;0.01;0.13;-0.02;-0.00;0.66;-0.35;-0.00;0.00;-0.50;0.037;4.04;3.85;-1000.00;-1000.00
10274.835;1280;-2.46;-2.58;367.39;0.95;-0.35;0.00;0.00;-0.50;403;0;1;2;0.79;0.50;0.03;-0.00;0.01;-0.01;0.11;0.00;0.66;-0.35;-0.00;0.00;-0.50;0.023;4.04;3.85;-1000.00;-1000.00
10274.925;1288;-2.46;-2.58;367.39;0.95;-0.35;0.00;0.00;-0.50;403;0;1;2;0.79;0.50;-0.01;0.02;-0.00;0.08;-0.02;0.00;0.66;-0.35;-0.00;0.00;-0.50;0.021;4.04;3.85;-1000.00;-1000.00
10275.045;1303;-2.46;-2.58;367.36;0.95;-0.35;0.00;0.00;-0.50;403;0;1;2;0.79;0.50;-0.02;0.03;0.01;0.13;-0.02;-0.00;0.66;-0.35;-0.00;0.00;-0.50;0.042;4.04;3.85;-1000.00;-1000.00
10275.135;1311;-2.46;-2.58;367.35;0.95;-0.35;0.00;0.00;-0.50;403;0;1;2;0.79;0.50;0.02;0.03;0.05;0.11;0.16;0.01;0.66;-0.35;-0.00;0.00;-0.50;0.029;4.04;3.85;-1000.00;-1000.00
10275.225;1322;-2.46;-2.58;367.39;0.95;-0.35;0.00;0.00;-0.50;403;0;1;2;0.79;0.50;-0.01;0.02;-0.00;0.08;-0.02;0.00;0.66;-0.35;-0.00;0.00;-0.50;0.033;4.04;3.85;-1000.00;-1000.00
10275.325;1330;-2.46;-2.58;367.40;0.95;-0.35;0.00;0.00;-0.50;403;0;1;2;0.79;0.50;-0.01;-0.00;-0.01;0.00;-0.03;-0.00;0.66;-0.35;-0.00;0.00;-0.50;0.026;4.04;3.85;-1000.00;-1000.00
10275.445;1340;-2.46;-2.58;367.42;0.95;-0.35;0.00;0.00;-0.50;403;0;1;2;0.79;0.50;0.00;-0.00;-0.01;-0.00;0.00;-0.00;0.66;-0.35;-0.00;0.00;-0.50;0.042;4.04;3.85;-1000.00;-1000.00
10275.545;1349;-2.46;-2.58;367.39;0.95;-0.35;0.00;0.00;-0.50;403;0;1;2;0.79;0.50;-0.04;0.00;-0.00;0.02;-0.12;0.00;0.66;-0.35;-0.00;0.00;-0.50;0.040;4.04;3.85;-1000.00;-1000.00
10275.625;1360;-2.46;-2.58;367.34;0.95;-0.35;0.00;0.00;-0.50;403;0;1;2;0.79;0.50;0.00;0.05;0.05;0.18;0.11;0.01;0.66;-0.35;-0.00;0.00;-0.50;0.018;4.04;3.85;-1000.00;-1000.00
10275.735;1369;-2.46;-2.58;367.39;0.95;-0.35;0.00;0.00;-0.50;403;0;1;2;0.79;0.50;0.02;0.00;0.01;-0.01;0.11;-0.00;0.66;-0.35;-0.00;0.00;-0.50;0.028;4.04;3.85;-1000.00;-1000.00
10275.845;1379;-2.46;-2.58;367.35;0.95;-0.35;0.00;0.00;-0.50;403;0;1;2;0.79;0.50;0.02;0.03;0.05;0.11;0.16;0.01;0.66;-0.35;-0.00;0.00;-0.50;0.041;4.04;3.85;-1000.00;-1000.00
10275.925;1388;-2.46;-2.58;367.39;0.95;-0.35;0.00;0.00;-0.50;403;0;1;2;0.79;0.50;0.00;0.00;-0.01;0.00;0.00;-0.00;0.66;-0.35;-0.00;0.00;-0.50;0.022;4.04;3.85;-1000.00;-1000.00
10276.025;1398;-2.46;-2.58;367.39;0.95;-0.35;0.00;0.00;-0.50;403;0;1;2;0.79;0.50;-0.01;-0.00;-0.01;0.00;-0.03;-0.00;0.66;-0.35;-0.00;0.00;-0.50;0.027;4.04;3.85;-1000.00;-1000.00
10276.125;1409;-2.46;-2.58;367.40;0.95;-0.35;0.00;0.00;-0.50;403;0;1;2;0.79;0.50;-0.05;0.01;0.01;0.07;-0.14;0.00;0.66;-0.35;-0.00;0.00;-0.50;0.019;4.04;3.85;-1000.00;-1000.00
10276.225;1417;-2.46;-2.58;367.39;0.95;-0.35;0.00;0.00;-0.50;403;0;1;2;0.79;0.50;-0.04;0.00;-0.00;0.02;-0.12;0.00;0.66;-0.35;-0.00;0.00;-0.50;0.018;4.04;3.85;-1000.00;-1000.00
10276.325;1429;-2.46;-2.58;367.35;0.95;-0.35;0.00;0.00;-0.50;403;0;1;2;0.79;0.50;0.00;0.00;-0.01;0.00;0.00;0.00;0.66;-0.35;-0.00;0.00;-0.50;0.016;4.04;3.85;-1000.00;-1000.00
10276.435;1441;-2.46;-2.58;367.43;0.95;-0.35;0.00;0.00;-0.50;403;0;1;2;0.79;0.50;0.00;-0.05;0.05;-0.20;0.07;-0.01;0.66;-0.35;-0.00;0.00;-0.50;0.027;4.04;3.84;-1000.00;-1000.00
10276.545;1449;-2.46;-2.58;367.38;0.95;-0.35;0.00;0.00;-0.50;403;0;1;2;0.79;0.50;-0.05;-0.01;0.01;-0.03;-0.16;-0.00;0.66;-0.35;-0.00;0.00;-0.50;0.043;4.04;3.84;-1000.00;-1000.00
10276.625;1460;-2.46;-2.58;367.42;0.95;-0.35;0.00;0.00;-0.50;403;0;1;2;0.79;0.50;-0.02;-0.03;0.01;-0.12;-0.06;-0.00;0.66;-0.35;-0.00;0.00;-0.50;0.022;4.04;3.84;-1000.00;-1000.00
10276.725;1469;-2.46;-2.58;367.38;0.95;-0.35;0.00;0.00;-0.50;403;0;1;2;0.79;0.50;0.00;0.00;-0.01;0.00;-0.00;0.00;0.66;-0.35;-0.00;0.00;-0.50;0.026;4.04;3.84;-1000.00;-1000.00
10276.845;1479;-2.46;-2.58;367.37;0.95;-0.35;0.00;0.00;-0.50;403;0;1;2;0.79;0.50;-0.04;-0.00;-0.00;0.01;-0.12;-0.00;0.66;-0.35;-0.00;0.00;-0.50;0.039;4.04;3.84;-1000.00;-1000.00
10276.925;1487;-2.46;-2.58;367.38;0.95;-0.35;0.00;0.00;-0.50;403;0;1;2;0.79;0.50;-0.04;-0.00;0.08;-0.00;0.03;-0.00;0.66;-0.35;-0.00;0.00;-0.50;0.019;4.04;3.84;-1000.00;-1000.00
10277.045;1503;-2.46;-2.58;367.38;0.95;-0.35;0.00;0.00;-0.50;403;0;1;2;0.79;0.50;0.00;0.00;-0.01;0.00;-0.00;0.00;0.66;-0.35;-0.00;0.00;-0.50;0.039;4.04;3.84;-1000.00;-1000.00
10277.125;1507;-2.46;-2.58;367.34;0.95;-0.35;0.00;0.00;-0.50;403;0;1;2;0.79;0.50;-0.02;0.03;0.01;0.13;-0.02;-0.00;0.66;-0.35;-0.00;0.00;-0.50;0.019;4.04;3.84;-1000.00;-1000.00
10277.245;1522;-2.46;-2.58;367.38;0.95;-0.35;0.00;0.00;-0.50;403;0;1;2;0.79;0.50;0.00;-0.00;-0.01;-0.00;-0.00;0.00;0.66;-0.35;-0.00;0.00;-0.50;0.036;4.04;3.84;-1000.00;-1000.00
10277.345;1530;-2.46;-2.58;367.33;0.95;-0.35;0.00;0.00;-0.50;403;0;1;2;0.79;0.50;0.00;0.05;0.05;0.18;0.11;0.01;0.66;-0.35;-0.00;0.00;-0.50;0.036;4.04;3.84;-1000.00;-1000.00
10277.435;1541;-2.46;-2.58;367.34;0.95;-0.35;0.00;0.00;-0.50;403;0;1;2;0.79;0.50;-0.02;0.03;0.01;0.13;-0.02;-0.00;0.66;-0.35;-0.00;0.00;-0.50;0.040;4.04;3.84;-1000.00;-1000.00
10277.525;1549;-2.46;-2.58;367.34;0.95;-0.35;0.00;0.00;-0.50;403;0;1;2;0.79;0.50;0.02;0.03;0.05;0.11;0.16;0.01;0.66;-0.35;-0.00;0.00;-0.50;0.021;4.04;3.84;-1000.00;-1000.00
10277.625;1560;-2.46;-2.58;367.38;0.95;-0.35;0.00;0.00;-0.50;403;0;1;2;0.79;0.50;-0.01;0.02;-0.00;0.08;-0.02;0.00;0.66;-0.35;-0.00;0.00;-0.50;0.024;4.04;3.84;-1000.00;-1000.00
10277.735;1568;-2.46;-2.58;367.38;0.95;-0.35;0.00;0.00;-0.50;403;0;1;2;0.79;0.50;-0.01;-0.00;-0.01;0.00;-0.03;-0.00;0.66;-0.35;-0.00;0.00;-0.50;0.033;4.04;3.84;-1000.00;-1000.00
10277.825;1579;-2.46;-2.58;367.39;0.95;-0.35;0.00;0.00;-0.50;403;0;1;2;0.79;0.50;-0.05;0.01;0.01;0.07;-0.14;0.00;0.66;-0.35;-0.00;0.00;-0.50;0.022;4.04;3.84;-1000.00;-1000.00
10277.925;1587;-2.46;-2.58;367.37;0.95;-0.35;0.00;0.00;-0.50;403;0;1;2;0.79;0.50;-0.04;0.00;-0.00;0.02;-0.12;0.00;0.66;-0.35;-0.00;0.00;-0.50;0.025;4.04;3.84;-1000.00;-1000.00
10278.035;1600;-2.46;-2.58;367.36;0.95;-0.35;0.00;0.00;-0.50;403;0;1;2;0.79;0.50;-0.05;-0.01;0.01;-0.03;-0.15;-0.00;0.66;-0.35;-0.00;0.00;-0.50;0.026;4.04;3.84;-1000.00;-1000.00
10278.125;1611;-2.46;-2.58;367.42;0.95;-0.35;0.00;0.00;-0.50;403;0;1;2;0.79;0.50;0.00;-0.05;0.05;-0.20;0.07;-0.01;0.66;-0.35;-0.00;0.00;-0.50;0.028;4.04;3.84;-1000.00;-1000.00
10278.245;1619;-2.46;-2.58;367.37;0.95;-0.35;0.00;0.00;-0.50;403;0;1;2;0.79;0.50;-0.05;-0.01;0.01;-0.03;-0.16;-0.00;0.66;-0.35;-0.00;0.00;-0.50;0.042;4.04;3.85;-1000.00;-1000.00
10278.345;1633;-2.46;-2.58;367.34;0.95;-0.35;0.00;0.00;-0.50;403;0;1;2;0.79;0.50;0.00;0.00;-0.01;0.00;0.00;0.00;0.66;-0.35;-0.00;0.00;-0.50;0.042;4.04;3.85;-1000.00;-1000.00
10278.425;1638;-2.46;-2.58;367.39;0.95;-0.35;0.00;0.00;-0.50;403;0;1;2;0.79;0.50;0.02;-0.03;0.03;-0.13;0.10;-0.01;0.66;-0.35;-0.00;0.00;-0.50;0.022;4.04;3.85;-1000.00;-1000.00
10278.535;1651;-2.46;-2.58;367.33;0.95;-0.35;0.00;0.00;-0.50;403;0;1;2;0.79;0.50;0.02;0.03;0.05;0.11;0.16;0.01;0.66;-0.35;-0.00;0.00;-0.50;0.032;4.04;3.85;-1000.00;-1000.00
10278.625;1657;-2.46;-2.58;367.37;0.95;-0.35;0.00;0.00;-0.50;403;0;1;2;0.79;0.50;-0.04;-0.00;0.08;-0.00;0.03;-0.00;0.66;-0.35;-0.00;0.00;-0.50;0.022;4.04;3.85;-1000.00;-1000.00
10278.745;1669;-2.46;-2.58;367.37;0.95;-0.35;0.00;0.00;-0.50;403;0;1;2;0.79;0.50;0.03;-0.00;0.02;-0.01;0.11;0.00;0.66;-0.35;-0.00;0.00;-0.50;0.043;4.04;3.85;-1000.00;-1000.00
10278.855;1680;-2.46;-2.58;367.39;0.95;-0.35;0.00;0.00;-0.50;403;0;1;2;0.79;0.50;0.00;-0.00;-0.01;-0.00;0.00;-0.00;0.66;-0.35;-0.00;0.00;-0.50;0.045;4.04;3.85;-1000.00;-1000.00
10278.925;1688;-2.46;-2.58;367.37;0.95;-0.35;0.00;0.00;-0.50;403;0;1;2;0.79;0.50;0.03;-0.00;0.01;-0.01;0.11;0.00;0.66;-0.35;-0.00;0.00;-0.50;0.024;4.04;3.85;-1000.00;-1000.00
10279.045;1702;-2.46;-2.58;367.35;0.95;-0.35;0.00;0.00;-0.50;403;0;1;2;0.79;0.50;-0.05;-0.01;0.01;-0.03;-0.15;-0.00;0.66;-0.35;-0.00;0.00;-0.50;0.046;4.04;3.85;-1000.00;-1000.00
10279.145;1713;-2.46;-2.58;367.41;0.95;-0.35;0.00;0.00;-0.50;403;0;1;2;0.79;0.50;0.00;-0.05;0.05;-0.20;0.07;-0.01;0.66;-0.35;-0.00;0.00;-0.50;0.043;4.04;3.85;-1000.00;-1000.00
10279.225;1717;-2.46;-2.58;367.36;0.95;-0.35;0.00;0.00;-0.50;403;0;1;2;0.79;0.50;-0.04;-0.00;-0.00;0.01;-0.12;-0.00;0.66;-0.35;-0.00;0.00;-0.50;0.020;4.05;3.85;-1000.00;-1000.00
10279.335;1730;-2.46;-2.58;367.36;0.95;-0.35;0.00;0.00;-0.50;403;0;1;2;0.79;0.50;-0.01;0.02;-0.00;0.08;-0.02;0.00;0.66;-0.35;-0.00;0.00;-0.50;0.030;4.05;3.85;-1000.00;-1000.00
10279.435;1740;-2.46;-2.58;367.38;0.95;-0.35;0.00;0.00;-0.50;403;0;1;2;0.79;0.50;0.02;-0.03;0.03;-0.13;0.10;-0.01;0.66;-0.35;-0.00;0.00;-0.50;0.031;4.05;3.85;-1000.00;-1000.00
10279.535;1748;-2.46;-2.58;367.39;0.95;-0.35;0.00;0.00;-0.50;403;0;1;2;0.79;0.50;0.00;-0.00;-0.01;-0.00;0.00;-0.00;0.66;-0.35;-0.00;0.00;-0.50;0.034;4.05;3.85;-1000.00;-1000.00
10279.635;1759;-2.46;-2.58;367.36;0.95;-0.35;0.00;0.00;-0.50;403;0;1;2;0.79;0.50;-0.04;-0.00;0.08;-0.00;0.03;-0.00;0.66;-0.35;-0.00;0.00;-0.50;0.031;4.05;3.85;-1000.00;-1000.00
10279.725;1767;-2.46;-2.58;367.37;0.95;-0.35;0.00;0.00;-0.50;403;0;1;2;0.79;0.50;-0.00;0.02;-0.00;0.07;-0.01;0.00;0.66;-0.35;-0.00;0.00;-0.50;0.020;4.05;3.85;-1000.00;-1000.00
10279.835;1781;-2.46;-2.58;367.41;0.95;-0.35;0.00;0.00;-0.50;403;0;1;2;0.79;0.50;0.00;-0.05;0.05;-0.20;0.07;-0.01;0.66;-0.35;-0.00;0.00;-0.50;0.029;4.05;3.85;-1000.00;-1000.00
10279.925;1787;-2.46;-2.58;367.32;0.95;-0.35;0.00;0.00;-0.50;403;0;1;2;0.79;0.50;0.02;0.03;0.05;0.11;0.16;0.01;0.66;-0.35;-0.00;0.00;-0.50;0.018;4.05;3.85;-1000.00;-1000.00
10280.025;1801;-2.46;-2.58;367.36;0.95;-0.35;0.00;0.00;-0.50;403;0;1;2;0.79;0.50;-0.00;0.02;-0.00;0.07;-0.01;0.00;0.66;-0.35;-0.00;0.00;-0.50;0.028;4.05;3.85;-1000.00;-1000.00
10280.125;1810;-2.46;-2.58;367.36;0.95;-0.35;0.00;0.00;-0.50;403;0;1;2;0.79;0.50;-0.05;0.00;0.01;0.02;-0.15;0.00;0.66;-0.35;-0.00;0.00;-0.50;0.025;4.05;3.84;-1000.00;-1000.00
10280.225;1819;-2.46;-2.58;367.35;0.95;-0.35;0.00;0.00;-0.50;403;0;1;2;0.79;0.50;-0.04;-0.00;-0.00;0.01;-0.12;-0.00;0.66;-0.35;-0.00;0.00;-0.50;0.023;4.05;3.84;-1000.00;-1000.00
10280.325;1830;-2.46;-2.58;367.36;0.95;-0.35;0.00;0.00;-0.50;403;0;1;2;0.79;0.50;0.00;0.00;-0.01;0.00;0.00;-0.00;0.66;-0.35;-0.00;0.00;-0.50;0.023;4.05;3.84;-1000.00;-1000.00
10280.455;1842;-2.46;-2.58;367.37;0.95;-0.35;0.00;0.00;-0.50;403;0;1;2;0.79;0.50;0.02;-0.03;0.03;-0.13;0.10;-0.01;0.66;-0.35;-0.00;0.00;-0.50;0.040;4.05;3.84;-1000.00;-1000.00
10280.515;1847;-2.46;-2.58;367.32;0.95;-0.35;0.00;0.00;-0.50;403;0;1;2;0.79;0.50;-0.02;0.03;0.01;0.13;-0.02;-0.00;0.66;-0.35;-0.00;0.00;-0.50;0.019;4.05;3.84;-1000.00;-1000.00
10280.625;1858;-2.46;-2.58;367.35;0.95;-0.35;0.00;0.00;-0.50;403;0;1;2;0.79;0.50;0.03;-0.00;0.01;-0.01;0.11;0.00;0.66;-0.35;-0.00;0.00;-0.50;0.021;4.05;3.84;-1000.00;-1000.00
10280.745;1871;-2.46;-2.58;367.33;0.95;-0.35;0.00;0.00;-0.50;403;0;1;2;0.79;0.50;0.00;0.00;-0.01;0.00;0.00;0.00;0.66;-0.35;-0.00;0.00;-0.50;0.040;4.05;3.84;-1000.00;-1000.00
10280.825;1881;-2.46;-2.58;367.32;0.95;-0.35;0.00;0.00;-0.50;403;0;1;2;0.79;0.50;-0.02;0.03;0.01;0.13;-0.02;-0.00;0.66;-0.35;-0.00;0.00;-0.50;0.025;4.05;3.84;-1000.00;-1000.00
10280.925;1889;-2.46;-2.58;367.31;0.95;-0.35;0.00;0.00;-0.50;403;0;1;2;0.79;0.50;0.02;0.03;0.05;0.11;0.16;0.01;0.66;-0.35;-0.00;0.00;-0.50;0.027;4.05;3.84;-1000.00;-1000.00
10281.035;1900;-2.46;-2.58;367.35;0.95;-0.35;0.00;0.00;-0.50;403;0;1;2;0.79;0.50;-0.01;0.02;-0.00;0.08;-0.02;0.00;0.66;-0.35;-0.00;0.00;-0.50;0.035;4.05;3.84;-1000.00;-1000.00
10281.125;1908;-2.46;-2.58;367.36;0.95;-0.35;0.00;0.00;-0.50;403;0;1;2;0.79;0.50;-0.01;-0.00;-0.01;0.00;-0.03;-0.00;0.66;-0.35;-0.00;0.00;-0.50;0.023;4.05;3.84;-1000.00;-1000.00
10281.225;1919;-2.46;-2.58;367.36;0.95;-0.35;0.00;0.00;-0.50;403;0;1;2;0.79;0.50;-0.05;0.01;0.01;0.07;-0.14;0.00;0.66;-0.35;-0.00;0.00;-0.50;0.020;4.05;3.84;-1000.00;-1000.00
10281.325;1927;-2.46;-2.58;367.35;0.95;-0.35;0.00;0.00;-0.50;403;0;1;2;0.79;0.50;-0.04;0.00;-0.00;0.02;-0.12;0.00;0.66;-0.35;-0.00;0.00;-0.50;0.018;4.05;3.84;-1000.00;-1000.00
10281.435;1942;-2.46;-2.58;367.36;0.95;-0.35;0.00;0.00;-0.50;403;0;1;2;0.79;0.50;-0.01;-0.00;-0.01;0.00;-0.03;-0.00;0.66;-0.35;-0.00;0.00;-0.50;0.033;4.05;3.84;-1000.00;-1000.00
10281.525;1950;-2.46;-2.58;367.34;0.95;-0.35;0.00;0.00;-0.50;403;0;1;2;0.79;0.50;-0.00;-0.02;-0.00;-0.06;-0.03;-0.00;0.66;-0.35;-0.00;0.00;-0.50;0.029;4.05;3.84;-1000.00;-1000.00
10281.635;1961;-2.46;-2.58;367.35;0.95;-0.35;0.00;0.00;-0.50;403;0;1;2;0.79;0.50;-0.04;0.00;-0.00;0.02;-0.12;0.00;0.66;-0.35;-0.00;0.00;-0.50;0.029;4.05;3.84;-1000.00;-1000.00
10281.735;1969;-2.46;-2.58;367.35;0.95;-0.35;0.00;0.00;-0.50;403;0;1;2;0.79;0.50;0.00;-0.00;-0.00;-0.00;0.00;-0.00;0.66;-0.35;-0.00;0.00;-0.50;0.023;4.05;3.84;-1000.00;-1000.00
10281.825;1978;-2.46;-2.58;367.37;0.95;-0.35;0.00;0.00;-0.50;403;0;1;2;0.79;0.50;0.02;-0.03;0.03;-0.13;0.10;-0.01;0.66;-0.35;-0.00;0.00;-0.50;0.022;4.05;3.84;-1000.00;-1000.00
10281.945;1988;-2.46;-2.58;367.34;0.95;-0.35;0.00;0.00;-0.50;403;0;1;2;0.79;0.50;0.03;0.00;0.02;-0.01;0.11;-0.00;0.66;-0.35;-0.00;0.00;-0.50;0.038;4.05;3.84;-1000.00;-1000.00
10282.025;1999;-2.46;-2.58;367.35;0.95;-0.35;0.00;0.00;-0.50;403;0;1;2;0.79;0.50;-0.04;-0.00;0.08;-0.00;0.00;-0.00;0.66;-0.35;-0.00;0.00;-0.50;0.023;4.05;3.84;-1000.00;-1000.00
10282.125;2007;-2.46;-2.58;367.32;0.95;-0.35;0.00;0.00;-0.50;403;0;1;2;0.79;0.50;0.00;0.00;-0.01;0.00;0.00;0.00;0.66;-0.35;-0.00;0.00;-0.50;0.017;4.05;3.84;-1000.00;-1000.00
10282.225;2016;-2.46;-2.58;367.35;0.95;-0.35;0.00;0.00;-0.50;403;0;1;2;0.79;0.50;-0.00;-0.00;-0.00;-0.00;-0.02;-0.00;0.66;-0.35;-0.00;0.00;-0.50;0.021;4.05;3.84;-1000.00;-1000.00
10282.325;2031;-2.46;-2.58;367.34;0.95;-0.35;0.00;0.00;-0.50;403;0;1;2;0.79;0.50;-0.04;-0.00;0.08;-0.00;0.03;-0.00;0.66;-0.35;-0.00;0.00;-0.50;0.023;4.05;3.84;-1000.00;-1000.00
10282.425;2040;-2.46;-2.58;367.29;0.95;-0.35;0.00;0.00;-0.50;403;0;1;2;0.79;0.50;0.00;0.05;0.05;0.18;0.11;0.01;0.66;-0.35;-0.00;0.00;-0.50;0.023;4.05;3.84;-1000.00;-1000.00
10282.535;2051;-2.46;-2.58;367.31;0.95;-0.35;0.00;0.00;-0.50;403;0;1;2;0.79;0.50;-0.02;0.03;0.01;0.13;-0.02;-0.00;0.66;-0.35;-0.00;0.00;-0.50;0.031;4.05;3.84;-1000.00;-1000.00
10282.635;2060;-2.46;-2.58;367.33;0.95;-0.35;0.00;0.00;-0.50;403;0;1;2;0.79;0.50;0.00;-0.00;-0.01;-0.00;-0.00;-0.00;0.66;-0.35;-0.00;0.00;-0.50;0.029;4.05;3.84;-1000.00;-1000.00
10282.725;2070;-2.46;-2.58;367.34;0.95;-0.35;0.00;0.00;-0.50;403;0;1;2;0.79;0.50;-0.01;0.02;-0.00;0.08;-0.02;0.00;0.66;-0.35;-0.00;0.00;-0.50;0.026;4.05;3.84;-1000.00;-1000.00
10282.825;2079;-2.46;-2.58;367.33;0.95;-0.35;0.00;0.00;-0.50;403;0;1;2;0.79;0.50;-0.01;0.02;-0.00;0.08;-0.04;0.00;0.66;-0.35;-0.00;0.00;-0.50;0.022;4.05;3.84;-1000.00;-1000.00
10282.935;2089;-2.46;-2.58;367.35;0.95;-0.35;0.00;0.00;-0.50;403;0;1;2;0.79;0.50;-0.05;0.01;0.01;0.07;-0.14;0.00;0.66;-0.35;-0.00;0.00;-0.50;0.030;4.05;3.84;-1000.00;-1000.00
10283.045;2102;-2.46;-2.58;367.34;0.95;-0.35;0.00;0.00;-0.50;403;0;1;2;0.79;0.50;0.00;0.00;-0.01;0.00;0.00;-0.00;0.66;-0.35;-0.00;0.00;-0.50;0.032;4.05;3.84;-1000.00;-1000.00
10283.125;2108;-2.46;-2.58;367.29;0.95;-0.35;0.00;0.00;-0.50;403;0;1;2;0.79;0.50;0.00;0.05;0.05;0.18;0.11;0.01;0.66;-0.35;-0.00;0.00;-0.50;0.021;4.05;3.84;-1000.00;-1000.00
10283.255;2123;-2.46;-2.58;367.35;0.95;-0.35;0.00;0.00;-0.50;403;0;1;2;0.79;0.50;-0.05;0.01;0.01;0.07;-0.14;0.00;0.66;-0.35;-0.00;0.00;-0.50;0.044;4.05;3.84;-1000.00;-1000.00
10283.325;2127;-2.46;-2.58;367.30;0.95;-0.35;0.00;0.00;-0.50;403;0;1;2;0.79;0.50;0.02;0.03;0.05;0.11;0.16;0.01;0.66;-0.35;-0.00;0.00;-0.50;0.020;4.05;3.84;-1000.00;-1000.00
10283.435;2140;-2.46;-2.58;367.38;0.95;-0.35;0.00;0.00;-0.50;403;0;1;2;0.79;0.50;-0.02;-0.03;0.01;-0.12;-0.06;-0.00;0.66;-0.35;-0.00;0.00;-0.50;0.035;4.05;3.84;-1000.00;-1000.00
10283.535;2151;-2.46;-2.58;367.34;0.95;-0.35;0.00;0.00;-0.50;403;0;1;2;0.79;0.50;0.02;0.00;0.01;-0.01;0.11;-0.00;0.66;-0.35;-0.00;0.00;-0.50;0.035;4.05;3.84;-1000.00;-1000.00
10283.625;2159;-2.46;-2.58;367.33;0.95;-0.35;0.00;0.00;-0.50;403;0;1;2;0.79;0.50;-0.04;-0.00;-0.00;0.01;-0.12;-0.00;0.66;-0.35;-0.00;0.00;-0.50;0.026;4.05;3.84;-1000.00;-1000.00
10283.725;2168;-2.46;-2.58;367.34;0.95;-0.35;0.00;0.00;-0.50;403;0;1;2;0.79;0.50;0.00;-0.00;-0.01;-0.00;-0.00;0.00;0.66;-0.35;-0.00;0.00;-0.50;0.023;4.05;3.84;-1000.00;-1000.00
10283.835;2178;-2.46;-2.58;367.32;0.95;-0.35;0.00;0.00;-0.50;403;0;1;2;0.79;0.50;-0.05;-0.01;0.01;-0.03;-0.15;-0.00;0.66;-0.35;-0.00;0.00;-0.50;0.029;4.05;3.84;-1000.00;-1000.00
10283.945;2193;-2.46;-2.58;367.33;0.95;-0.35;0.00;0.00;-0.50;403;0;1;2;0.79;0.50;-0.04;-0.00;-0.00;0.01;-0.12;-0.00;0.66;-0.35;-0.00;0.00;-0.50;0.033;4.05;3.84;-1000.00;-1000.00
10284.045;2201;-2.46;-2.58;367.33;0.95;-0.35;0.00;0.00;-0.50;403;0;1;2;0.79;0.50;-0.04;-0.00;0.08;-0.00;0.03;-0.00;0.66;-0.35;-0.00;0.00;-0.50;0.041;4.05;3.84;-1000.00;-1000.00
10284.125;2211;-2.46;-2.58;367.30;0.95;-0.35;0.00;0.00;-0.50;403;0;1;2;0.79;0.50;0.00;0.00;-0.01;0.00;0.00;0.00;0.66;-0.35;-0.00;0.00;-0.50;0.027;4.05;3.84;-1000.00;-1000.00
10284.235;2220;-2.46;-2.58;367.33;0.95;-0.35;0.00;0.00;-0.50;403;0;1;2;0.79;0.50;-0.00;-0.00;-0.00;-0.00;-0.02;-0.00;0.66;-0.35;-0.00;0.00;-0.50;0.028;4.05;3.84;-1000.00;-1000.00
10284.335;2229;-2.46;-2.58;367.29;0.95;-0.35;0.00;0.00;-0.50;403;0;1;2;0.79;0.50;0.02;0.03;0.05;0.11;0.16;0.01;0.66;-0.35;-0.00;0.00;-0.50;0.031;4.05;3.84;-1000.00;-1000.00
10284.445;2240;-2.46;-2.58;367.33;0.95;-0.35;0.00;0.00;-0.50;403;0;1;2;0.79;0.50;-0.01;0.02;-0.00;0.08;-0.02;0.00;0.66;-0.35;-0.00;0.00;-0.50;0.033;4.05;3.84;-1000.00;-1000.00
10284.525;2248;-2.46;-2.58;367.34;0.95;-0.35;0.00;0.00;-0.50;403;0;1;2;0.79;0.50;-0.01;-0.00;-0.01;0.00;-0.03;-0.00;0.66;-0.35;-0.00;0.00;-0.50;0.020;4.05;3.84;-1000.00;-1000.00
10284.645;2259;-2.46;-2.58;367.34;0.95;-0.35;0.00;0.00;-0.50;403;0;1;2;0.79;0.50;-0.05;0.01;0.01;0.07;-0.14;0.00;0.66;-0.35;-0.00;0.00;-0.50;0.037;4.05;3.84;-1000.00;-1000.00
10284.725;2267;-2.46;-2.58;367.33;0.95;-0.35;0.00;0.00;-0.50;403;0;1;2;0.79;0.50;-0.04;0.00;-0.00;0.02;-0.12;0.00;0.66;-0.35;-0.00;0.00;-0.50;0.017;4.05;3.84;-1000.00;-1000.00
10284.835;2281;-2.46;-2.58;367.33;0.95;-0.35;0.00;0.00;-0.50;403;0;1;2;0.79;0.50;0.03;-0.00;0.02;-0.01;0.11;0.00;0.66;-0.35;-0.00;0.00;-0.50;0.030;4.05;3.84;-1000.00;-1000.00
10284.935;2291;-2.46;-2.58;367.38;0.95;-0.35;0.00;0.00;-0.50;403;0;1;2;0.79;0.50;0.00;-0.05;0.05;-0.20;0.07;-0.01;0.66;-0.35;-0.00;0.00;-0.50;0.025;4.05;3.84;-1000.00;-1000.00
10285.035;2299;-2.46;-2.58;367.32;0.95;-0.35;0.00;0.00;-0.50;403;0;1;2;0.79;0.50;-0.05;-0.01;0.01;-0.03;-0.16;-0.00;0.66;-0.35;-0.00;0.00;-0.50;0.032;4.05;3.84;-1000.00;-1000.00
10285.145;2309;-2.46;-2.58;367.33;0.95;-0.35;0.00;0.00;-0.50;403;0;1;2;0.79;0.50;0.00;-0.00;-0.00;-0.00;0.00;-0.00;0.66;-0.35;-0.00;0.00;-0.50;0.043;4.05;3.84;-1000.00;-1000.00
10285.225;2319;-2.46;-2.58;367.33;0.95;-0.35;0.00;0.00;-0.50;403;0;1;2;0.79;0.50;0.00;0.00;-0.01;0.00;-0.00;0.00;0.66;-0.35;-0.00;0.00;-0.50;0.023;4.05;3.84;-1000.00;-1000.00
10285.315;2327;-2.46;-2.58;367.34;0.95;-0.35;0.00;0.00;-0.50;403;0;1;2;0.79;0.50;-0.05;0.01;0.01;0.07;-0.14;0.00;0.66;-0.35;-0.00;0.00;-0.50;0.016;4.05;3.84;-1000.00;-1000.00
10285.425;2338;-2.46;-2.58;367.32;0.95;-0.35;0.00;0.00;-0.50;403;0;1;2;0.79;0.50;0.00;-0.00;-0.01;-0.00;-0.00;0.00;0.66;-0.35;-0.00;0.00;-0.50;0.027;4.05;3.84;-1000.00;-1000.00
10285.525;2347;-2.46;-2.58;367.29;0.95;-0.35;0.00;0.00;-0.50;403;0;1;2;0.79;0.50;0.00;0.00;-0.01;0.00;0.00;0.00;0.66;-0.35;-0.00;0.00;-0.50;0.020;4.05;3.84;-1000.00;-1000.00
10285.635;2361;-2.46;-2.58;367.33;0.95;-0.35;0.00;0.00;-0.50;403;0;1;2;0.79;0.50;-0.05;0.01;0.01;0.07;-0.14;0.00;0.66;-0.35;-0.00;0.00;-0.50;0.037;4.05;3.84;-1000.00;-1000.00
10285.725;2369;-2.46;-2.58;367.32;0.95;-0.35;0.00;0.00;-0.50;403;0;1;2;0.79;0.50;-0.04;0.00;-0.00;0.02;-0.12;0.00;0.66;-0.35;-0.00;0.00;-0.50;0.022;4.05;3.84;-1000.00;-1000.00
10285.825;2379;-2.46;-2.58;367.33;0.95;-0.35;0.00;0.00;-0.50;403;0;1;2;0.79;0.50;-0.00;0.02;-0.00;0.07;-0.01;0.00;0.66;-0.35;-0.00;0.00;-0.50;0.026;4.05;3.84;-1000.00;-1000.00
10285.925;2389;-2.46;-2.58;367.32;0.95;-0.35;0.00;0.00;-0.50;403;0;1;2;0.79;0.50;0.02;0.00;0.01;-0.01;0.11;-0.00;0.66;-0.35;-0.00;0.00;-0.50;0.022;4.05;3.84;-1000.00;-1000.00
10286.025;2398;-2.46;-2.58;367.31;0.95;-0.35;0.00;0.00;-0.50;403;0;1;2;0.79;0.50;0.01;-0.00;-0.00;-0.00;0.03;0.00;0.66;-0.35;-0.00;0.00;-0.50;0.024;4.05;3.84;-1000.00;-1000.00
10286.125;2408;-2.46;-2.58;367.32;0.95;-0.35;0.00;0.00;-0.50;403;0;1;2;0.79;0.50;0.00;0.00;-0.01;0.00;0.00;-0.00;0.66;-0.35;-0.00;0.00;-0.50;0.023;4.05;3.84;-1000.00;-1000.00
10286.225;2419;-2.46;-2.58;367.30;0.95;-0.35;0.00;0.00;-0.50;403;0;1;2;0.79;0.50;-0.01;0.02;-0.00;0.08;-0.04;0.00;0.66;-0.35;-0.00;0.00;-0.50;0.021;4.05;3.84;-1000.00;-1000.00
10286.345;2431;-2.46;-2.58;367.31;0.95;-0.35;0.00;0.00;-0.50;403;0;1;2;0.79;0.50;-0.04;-0.00;-0.00;0.01;-0.12;-0.00;0.66;-0.35;-0.00;0.00;-0.50;0.036;4.05;3.84;-1000.00;-1000.00
10286.425;2441;-2.46;-2.58;367.32;0.95;-0.35;0.00;0.00;-0.50;403;0;1;2;0.79;0.50;-0.04;-0.00;0.08;-0.00;0.00;-0.00;0.66;-0.35;-0.00;0.00;-0.50;0.023;4.05;3.84;-1000.00;-1000.00
10286.525;2450;-2.46;-2.58;367.30;0.95;-0.35;0.00;0.00;-0.50;403;0;1;2;0.79;0.50;-0.05;-0.01;0.01;-0.03;-0.15;-0.00;0.66;-0.35;-0.00;0.00;-0.50;0.026;4.05;3.84;-1000.00;-1000.00
10286.635;2461;-2.46;-2.58;367.36;0.95;-0.35;0.00;0.00;-0.50;403;0;1;2;0.79;0.50;0.00;-0.05;0.05;-0.20;0.07;-0.01;0.66;-0.35;-0.00;0.00;-0.50;0.033;4.05;3.84;-1000.00;-1000.00
10286.735;2470;-2.46;-2.58;367.31;0.95;-0.35;0.00;0.00;-0.50;403;0;1;2;0.79;0.50;0.03;-0.00;0.01;-0.01;0.11;0.00;0.66;-0.35;-0.00;0.00;-0.50;0.029;4.05;3.84;-1000.00;-1000.00
10286.835;2480;-2.46;-2.58;367.35;0.95;-0.35;0.00;0.00;-0.50;403;0;1;2;0.79;0.50;-0.02;-0.03;0.01;-0.12;-0.06;-0.00;0.66;-0.35;-0.00;0.00;-0.50;0.028;4.05;3.84;-1000.00;-1000.00
10286.945;2489;-2.46;-2.58;367.31;0.95;-0.35;0.00;0.00;-0.50;403;0;1;2;0.79;0.50;0.00;0.00;-0.01;0.00;-0.00;0.00;0.66;-0.35;-0.00;0.00;-0.50;0.036;4.05;3.84;-1000.00;-1000.00
10287.045;2499;-2.46;-2.58;367.31;0.95;-0.35;0.00;0.00;-0.50;403;0;1;2;0.79;0.50;-0.04;-0.00;-0.00;0.01;-0.12;-0.00;0.66;-0.35;-0.00;0.00;-0.50;0.031;4.05;3.84;-1000.00;-1000.00
10287.125;2508;-2.46;-2.58;367.31;0.95;-0.35;0.00;0.00;-0.50;403;0;1;2;0.79;0.50;0.00;-0.00;-0.01;-0.00;-0.00;0.00;0.66;-0.35;-0.00;0.00;-0.50;0.021;4.05;3.84;-1000.00;-1000.00
10287.225;2518;-2.46;-2.58;367.30;0.95;-0.35;0.00;0.00;-0.50;403;0;1;2;0.79;0.50;-0.05;-0.01;0.01;-0.03;-0.15;-0.00;0.66;-0.35;-0.00;0.00;-0.50;0.017;4.05;3.84;-1000.00;-1000.00
10287.325;2526;-2.46;-2.58;367.31;0.95;-0.35;0.00;0.00;-0.50;403;0;1;2;0.79;0.50;-0.00;-0.00;-0.00;-0.00;-0.02;-0.00;0.66;-0.35;-0.00;0.00;-0.50;0.025;4.05;3.84;-1000.00;-1000.00
10287.445;2541;-2.46;-2.58;367.31;0.95;-0.35;0.00;0.00;-0.50;403;0;1;2;0.79;0.50;-0.04;-0.00;0.08;-0.00;0.03;-0.00;0.66;-0.35;-0.00;0.00;-0.50;0.047;4.05;3.84;-1000.00;-1000.00
10287.555;2552;-2.46;-2.58;367.29;0.95;-0.35;0.00;0.00;-0.50;403;0;1;2;0.79;0.50;-0.05;-0.01;0.01;-0.03;-0.15;-0.00;0.66;-0.35;-0.00;0.00;-0.50;0.049;4.05;3.84;-1000.00;-1000.00
10287.635;2560;-2.46;-2.58;367.31;0.95;-0.35;0.00;0.00;-0.50;403;0;1;2;0.79;0.50;-0.00;-0.00;-0.00;-0.00;-0.02;-0.00;0.66;-0.35;-0.00;0.00;-0.50;0.029;4.05;3.84;-1000.00;-1000.00
10287.735;2569;-2.46;-2.58;367.27;0.95;-0.35;0.00;0.00;-0.50;403;0;1;2;0.79;0.50;0.02;0.03;0.05;0.11;0.16;0.01;0.66;-0.35;-0.00;0.00;-0.50;0.027;4.05;3.84;-1000.00;-1000.00
10287.825;2579;-2.46;-2.58;367.34;0.95;-0.35;0.00;0.00;-0.50;403;0;1;2;0.79;0.50;-0.01;-0.03;0.01;-0.10;-0.05;-0.00;0.66;-0.35;-0.00;0.00;-0.50;0.022;4.05;3.84;-1000.00;-1000.00
10287.925;2590;-2.46;-2.58;367.33;0.95;-0.35;0.00;0.00;-0.50;403;0;1;2;0.79;0.50;0.02;-0.03;0.03;-0.13;0.10;-0.01;0.66;-0.35;-0.00;0.00;-0.50;0.022;4.05;3.84;-1000.00;-1000.00
10288.025;2598;-2.46;-2.58;367.33;0.95;-0.35;0.00;0.00;-0.50;403;0;1;2;0.79;0.50;0.00;-0.00;-0.01;-0.00;0.00;-0.00;0.66;-0.35;-0.00;0.00;-0.50;0.023;4.04;3.84;-1000.00;-1000.00
10288.145;2613;-2.46;-2.58;367.34;0.95;-0.35;0.00;0.00;-0.50;403;0;1;2;0.79;0.50;-0.01;-0.03;0.01;-0.10;-0.05;-0.00;0.66;-0.35;-0.00;0.00;-0.50;0.048;4.04;3.84;-1000.00;-1000.00
10288.225;2618;-2.46;-2.58;367.25;0.95;-0.35;0.00;0.00;-0.50;403;0;1;2;0.79;0.50;0.00;0.05;0.05;0.18;0.11;0.01;0.66;-0.35;-0.00;0.00;-0.50;0.021;4.04;3.84;-1000.00;-1000.00
10288.335;2630;-2.46;-2.58;367.30;0.95;-0.35;0.00;0.00;-0.50;403;0;1;2;0.79;0.50;-0.00;-0.02;-0.00;-0.06;-0.03;-0.00;0.66;-0.35;-0.00;0.00;-0.50;0.033;4.04;3.84;-1000.00;-1000.00
10288.435;2640;-2.46;-2.58;367.30;0.95;-0.35;0.00;0.00;-0.50;403;0;1;2;0.79;0.50;0.03;-0.00;0.01;-0.01;0.11;0.00;0.66;-0.35;-0.00;0.00;-0.50;0.030;4.04;3.84;-1000.00;-1000.00
10288.525;2649;-2.46;-2.58;367.30;0.95;-0.35;0.00;0.00;-0.50;403;0;1;2;0.79;0.50;0.00;-0.00;-0.00;-0.00;0.00;-0.00;0.66;-0.35;-0.00;0.00;-0.50;0.022;4.04;3.84;-1000.00;-1000.00
10288.625;2659;-2.46;-2.58;367.30;0.95;-0.35;0.00;0.00;-0.50;403;0;1;2;0.79;0.50;0.00;0.00;-0.01;0.00;-0.00;0.00;0.66;-0.35;-0.00;0.00;-0.50;0.020;4.04;3.84;-1000.00;-1000.00
10288.725;2670;-2.46;-2.58;367.30;0.95;-0.35;0.00;0.00;-0.50;403;0;1;2;0.79;0.50;0.01;-0.00;-0.00;-0.00;0.03;0.00;0.66;-0.35;-0.00;0.00;-0.50;0.019;4.04;3.84;-1000.00;-1000.00
10288.825;2678;-2.46;-2.58;367.30;0.95;-0.35;0.00;0.00;-0.50;403;0;1;2;0.79;0.50;0.00;-0.00;-0.01;-0.00;-0.00;0.00;0.66;-0.35;-0.00;0.00;-0.50;0.025;4.04;3.84;-1000.00;-1000.00
10288.925;2689;-2.46;-2.58;367.31;0.95;-0.35;0.00;0.00;-0.50;403;0;1;2;0.79;0.50;0.03;-0.00;0.02;-0.01;0.11;0.00;0.66;-0.35;-0.00;0.00;-0.50;0.019;4.04;3.84;-1000.00;-1000.00
10289.025;2697;-2.46;-2.58;367.26;0.95;-0.35;0.00;0.00;-0.50;403;0;1;2;0.79;0.50;-0.02;0.03;0.01;0.13;-0.02;-0.00;0.66;-0.35;-0.00;0.00;-0.50;0.019;4.04;3.84;-1000.00;-1000.00
10289.145;2712;-2.46;-2.58;367.30;0.95;-0.35;0.00;0.00;-0.50;403;0;1;2;0.79;0.50;0.00;-0.00;-0.01;-0.00;-0.00;0.00;0.66;-0.35;-0.00;0.00;-0.50;0.031;4.04;3.84;-1000.00;-1000.00
10289.235;2721;-2.46;-2.58;367.27;0.95;-0.35;0.00;0.00;-0.50;403;0;1;2;0.79;0.50;0.00;0.00;-0.01;0.00;0.00;0.00;0.66;-0.35;-0.00;0.00;-0.50;0.027;4.04;3.84;-1000.00;-1000.00
10289.315;2727;-2.46;-2.58;367.30;0.95;-0.35;0.00;0.00;-0.50;403;0;1;2;0.79;0.50;0.00;0.00;-0.01;0.00;-0.00;0.00;0.66;-0.35;-0.00;0.00;-0.50;0.017;4.04;3.84;-1000.00;-1000.00
10289.415;2737;-2.46;-2.58;367.29;0.95;-0.35;0.00;0.00;-0.50;403;0;1;2;0.79;0.50;-0.04;-0.00;-0.00;0.01;-0.12;-0.00;0.66;-0.35;-0.00;0.00;-0.50;0.183;4.04;3.84;-1000.00;-1000.00
