t;frame;x;y;z;x_ref;y_ref;z_ref;delta_ref;u_ref;state;ellipse;control;action;delta;u;vx;vy;vz;wx;wy;wz;xr;yr;zr;delr;ur
671.295;15;0.95;-2.16;91.74;0.66;-2.16;90.00;-0.00;0.50;726;0;1;0;0.60;0.02;-0.00;0.00;0.00;-0.04;-0.00;0.01;0.66;-2.16;90.00;-0.00;0.50;0.077
671.335;16;0.95;-2.16;91.74;0.66;-2.16;90.00;-0.00;0.50;726;0;1;0;0.60;0.05;0.01;0.02;-0.06;0.08;0.26;0.00;0.66;-2.16;90.00;-0.00;0.50;0.020
671.435;25;0.95;-2.16;91.75;0.66;-2.16;90.00;-0.00;0.50;726;0;1;0;0.60;0.07;-0.00;-0.00;-0.00;0.01;0.01;0.01;0.66;-2.16;90.00;-0.00;0.50;0.020
671.535;36;0.95;-2.16;92.09;0.66;-2.16;90.00;-0.00;0.50;726;0;1;0;0.59;0.09;0.06;-0.00;-0.00;-0.06;0.02;0.14;0.66;-2.16;90.00;-0.00;0.50;0.022
671.635;48;0.95;-2.15;93.33;0.66;-2.16;90.00;-0.00;0.50;726;0;1;0;0.52;0.11;0.09;0.00;0.00;0.00;-0.00;0.16;0.66;-2.16;90.00;-0.00;0.50;0.022
671.745;58;0.94;-2.14;94.15;0.66;-2.16;90.00;-0.00;0.50;726;0;1;0;0.48;0.13;0.11;-0.00;-0.00;-0.00;-0.00;0.13;0.66;-2.15;90.00;0.00;0.50;0.025
671.835;67;0.94;-2.13;94.75;0.66;-2.16;90.00;-0.00;0.50;726;0;1;0;0.45;0.14;0.13;-0.00;-0.01;-0.00;-0.00;0.11;0.66;-2.12;90.00;0.00;0.50;0.024
671.935;77;0.94;-2.11;95.34;0.66;-2.16;90.00;-0.00;0.50;726;0;1;0;0.42;0.16;0.15;-0.00;-0.01;-0.00;0.00;0.10;0.66;-2.12;90.00;0.00;0.50;0.025
672.035;86;0.94;-2.10;95.79;0.66;-2.16;90.00;-0.00;0.50;726;0;1;0;0.39;0.18;0.16;-0.00;-0.01;-0.00;0.00;0.08;0.66;-2.10;90.00;0.00;0.50;0.019
672.125;96;0.94;-2.08;96.22;0.66;-2.16;90.00;-0.00;0.50;726;0;1;0;0.37;0.19;0.18;-0.00;-0.01;-0.00;0.00;0.07;0.66;-2.09;90.00;0.00;0.50;0.015
672.225;105;0.94;-2.07;96.55;0.66;-2.16;90.00;-0.00;0.50;726;0;1;0;0.35;0.21;0.19;-0.00;-0.01;-0.00;0.00;0.06;0.66;-2.06;90.00;0.00;0.50;0.016
672.335;115;0.94;-2.05;96.88;0.66;-2.16;90.00;-0.00;0.50;726;0;1;0;0.33;0.22;0.21;-0.00;-0.01;-0.00;-0.00;0.06;0.66;-2.05;90.00;0.00;0.50;0.021
672.445;130;0.93;-2.01;97.33;0.66;-2.16;90.00;-0.00;0.50;726;0;1;0;0.30;0.23;0.21;-0.00;-0.01;0.06;0.05;0.11;0.66;-2.03;90.00;0.00;0.50;0.027
672.555;138;0.93;-2.00;97.49;0.66;-2.16;90.00;-0.00;0.50;726;0;1;0;0.29;0.25;0.23;0.00;-0.01;-0.07;-0.07;0.00;0.66;-2.00;90.00;0.00;0.50;0.038
672.635;147;0.93;-1.98;97.74;0.66;-2.16;90.00;-0.00;0.50;726;0;1;0;0.27;0.26;0.24;-0.00;-0.01;-0.01;-0.01;-0.00;0.66;-1.99;90.00;0.00;0.50;0.024
672.745;158;0.93;-1.95;97.92;0.66;-2.16;90.00;-0.00;0.50;726;0;1;0;0.25;0.27;0.25;-0.00;-0.01;0.01;0.01;0.01;0.66;-1.95;90.00;0.00;0.50;0.033
672.825;166;0.92;-1.93;97.99;0.66;-2.16;90.00;-0.00;0.50;726;0;1;0;0.24;0.28;0.25;-0.00;-0.01;0.05;0.04;0.06;0.66;-1.93;90.00;0.00;0.50;0.013
672.925;177;0.92;-1.90;98.03;0.66;-2.16;90.00;-0.00;0.50;726;0;1;0;0.23;0.29;0.27;-0.00;-0.01;0.04;0.04;0.07;0.66;-1.91;90.00;0.00;0.50;0.015
673.035;185;0.92;-1.88;98.13;0.66;-2.16;90.00;-0.00;0.50;726;0;1;0;0.22;0.30;0.28;-0.00;-0.01;-0.02;-0.02;-0.02;0.66;-1.88;90.00;0.00;0.50;0.018
673.135;195;0.91;-1.85;98.24;0.66;-2.16;90.00;-0.00;0.50;726;0;1;0;0.20;0.30;0.29;-0.00;-0.01;0.01;0.01;-0.01;0.66;-1.86;90.00;0.00;0.50;0.019
673.235;205;0.91;-1.82;98.28;0.66;-2.16;90.00;-0.00;0.50;726;0;1;0;0.19;0.30;0.28;-0.01;-0.01;0.04;0.04;0.04;0.66;-1.82;90.00;0.00;0.50;0.019
673.335;218;0.90;-1.79;98.21;0.66;-2.16;90.00;-0.00;0.50;726;0;1;0;0.19;0.30;0.28;-0.00;-0.01;0.04;0.04;0.04;0.66;-1.80;90.00;0.00;0.50;0.021
673.435;228;0.90;-1.76;98.19;0.66;-2.16;90.00;-0.00;0.50;726;0;1;0;0.18;0.30;0.28;-0.01;-0.01;0.02;0.03;0.01;0.66;-1.77;90.00;0.00;0.50;0.019
673.545;236;0.90;-1.74;98.12;0.66;-2.16;90.00;-0.00;0.50;726;0;1;0;0.17;0.30;0.28;-0.00;-0.01;0.01;0.02;0.00;0.66;-1.74;90.00;0.00;0.50;0.029
673.645;247;0.89;-1.70;98.04;0.66;-2.16;90.00;-0.00;0.50;726;0;1;0;0.17;0.30;0.28;-0.00;-0.01;0.01;0.02;-0.00;0.66;-1.70;90.00;0.00;0.50;0.031
673.735;256;0.89;-1.68;97.89;0.66;-2.16;90.00;-0.00;0.50;726;0;1;0;0.17;0.30;0.30;0.01;-0.01;0.04;0.04;-0.01;0.66;-1.68;90.00;0.00;0.50;0.020
673.835;266;0.89;-1.65;97.94;0.66;-2.16;90.00;-0.00;0.50;726;0;1;0;0.16;0.30;0.28;-0.01;-0.01;0.02;0.03;0.01;0.66;-1.65;90.00;0.00;0.50;0.019
673.945;279;0.88;-1.61;97.84;0.66;-2.16;90.00;-0.00;0.50;726;0;1;0;0.15;0.30;0.29;-0.00;-0.01;0.02;0.02;-0.00;0.66;-1.63;90.00;-0.00;0.50;0.026
674.035;285;0.88;-1.60;97.79;0.66;-2.16;90.00;-0.00;0.50;726;0;1;0;0.15;0.30;0.29;-0.00;-0.01;0.02;0.02;-0.01;0.66;-1.59;90.00;-0.00;0.50;0.020
674.135;299;0.88;-1.56;97.67;0.66;-2.16;90.00;-0.00;0.50;726;0;1;0;0.14;0.30;0.29;-0.00;-0.01;0.02;0.02;-0.01;0.66;-1.57;90.00;-0.00;0.50;0.023
674.255;308;0.87;-1.53;97.60;0.66;-2.16;90.00;-0.00;0.50;726;0;1;0;0.14;0.30;0.29;-0.00;-0.01;0.02;0.02;-0.01;0.66;-1.54;90.00;-0.00;0.50;0.036
674.345;319;0.87;-1.50;97.51;0.66;-2.16;90.00;-0.00;0.50;726;0;1;0;0.13;0.30;0.29;-0.00;-0.01;0.02;0.01;-0.01;0.66;-1.52;90.00;-0.00;0.50;0.030
674.445;327;0.87;-1.48;97.45;0.66;-2.16;90.00;-0.00;0.50;726;0;1;0;0.13;0.30;0.29;-0.00;-0.01;0.02;0.01;-0.01;0.66;-1.48;90.00;-0.00;0.50;0.034
674.545;338;0.86;-1.45;97.39;0.66;-2.16;90.00;-0.00;0.50;726;0;1;0;0.12;0.30;0.29;-0.00;-0.01;0.02;0.01;-0.00;0.66;-1.45;90.00;-0.00;0.50;0.037
674.645;346;0.86;-1.42;97.35;0.66;-2.16;90.00;-0.00;0.50;726;0;1;0;0.12;0.30;0.29;-0.00;-0.01;0.02;0.01;-0.01;0.66;-1.42;90.00;-0.00;0.50;0.031
674.745;357;0.86;-1.39;97.29;0.66;-2.16;90.00;-0.00;0.50;726;0;1;0;0.11;0.30;0.29;-0.00;-0.00;0.02;0.01;-0.01;0.66;-1.39;90.00;-0.00;0.50;0.029
674.825;365;0.85;-1.37;97.24;0.66;-2.16;90.00;-0.00;0.50;726;0;1;0;0.11;0.30;0.29;-0.00;-0.00;0.02;0.01;-0.01;0.66;-1.36;90.00;-0.00;0.50;0.016
674.925;376;0.85;-1.34;97.18;0.66;-2.16;90.00;-0.00;0.50;726;0;1;0;0.10;0.30;0.29;-0.00;-0.00;0.01;0.01;-0.01;0.66;-1.34;90.00;-0.00;0.50;0.014
675.045;388;0.84;-1.30;97.13;0.66;-2.16;90.00;-0.00;0.50;726;0;1;0;0.09;0.30;0.29;-0.00;-0.00;0.01;0.01;-0.00;0.66;-1.32;90.00;-0.00;0.50;0.031
675.135;399;0.84;-1.27;97.08;0.66;-2.16;90.00;-0.00;0.50;726;0;1;0;0.09;0.30;0.29;-0.00;-0.00;0.01;0.01;-0.01;0.66;-1.29;90.00;-0.00;0.50;0.021
675.245;408;0.84;-1.25;97.03;0.66;-2.16;90.00;-0.00;0.50;726;0;1;0;0.08;0.30;0.29;0.00;-0.00;0.01;0.01;-0.01;0.66;-1.26;90.00;-0.00;0.50;0.034
675.335;418;0.83;-1.22;97.00;0.66;-2.16;90.00;-0.00;0.50;726;0;1;0;0.07;0.30;0.29;-0.00;-0.00;0.01;0.01;-0.00;0.66;-1.23;90.00;-0.00;0.50;0.025
675.435;427;0.83;-1.19;96.88;0.66;-2.16;90.00;-0.00;0.50;726;0;1;0;0.07;0.30;0.29;0.00;-0.00;0.01;0.01;-0.02;0.66;-1.21;90.00;-0.00;0.50;0.025
675.565;438;0.83;-1.16;96.77;0.66;-0.96;90.00;0.00;-0.50;725;0;1;2;0.07;0.30;0.29;-0.00;-0.00;0.01;0.01;-0.01;0.66;-1.16;90.00;-0.00;0.50;0.021
675.665;451;0.82;-1.12;96.75;0.66;-1.36;90.00;0.00;-0.50;728;0;1;2;0.72;0.26;0.27;-0.00;0.00;-0.02;-0.01;0.13;0.66;-1.14;90.00;-0.00;-0.50;0.031
675.745;457;0.82;-1.11;98.86;0.66;-1.36;90.00;0.00;-0.50;728;0;1;2;0.79;0.20;0.25;-0.03;-0.01;0.04;0.04;0.80;0.66;-1.36;90.00;0.00;-0.50;0.024
675.855;470;0.82;-1.08;103.49;0.66;-1.36;90.00;0.00;-0.50;728;0;1;2;0.79;0.13;0.20;-0.03;-0.01;0.01;0.02;0.50;0.66;-1.36;90.00;0.00;-0.50;0.042
675.935;476;0.82;-1.07;104.62;0.66;-1.36;90.00;0.00;-0.50;728;0;1;2;0.79;0.07;0.17;-0.01;-0.00;0.04;0.03;0.25;0.66;-1.36;90.00;0.00;-0.50;0.023
676.045;489;0.82;-1.05;105.37;0.66;-1.36;90.00;0.00;-0.50;728;0;1;2;0.79;0.01;0.06;-0.03;-0.01;0.05;0.08;0.04;0.66;-1.36;90.00;0.00;-0.50;0.023
676.135;499;0.82;-1.05;104.65;0.66;-1.36;90.00;0.00;-0.50;728;0;1;2;0.79;-0.05;-0.01;0.01;-0.01;0.05;0.05;-0.18;0.66;-1.36;90.00;0.00;-0.50;0.024
676.245;508;0.82;-1.05;103.12;0.66;-1.36;90.00;0.00;-0.50;728;0;1;2;0.79;-0.11;-0.06;0.02;-0.01;0.03;0.03;-0.35;0.66;-1.36;90.00;0.00;-0.50;0.033
676.335;518;0.82;-1.06;100.91;0.66;-1.36;90.00;0.00;-0.50;728;0;1;2;0.79;-0.16;-0.13;0.01;-0.01;0.01;-0.02;-0.37;0.66;-1.36;90.00;0.00;-0.50;0.027
676.435;527;0.82;-1.08;98.78;0.66;-1.36;90.00;0.00;-0.50;728;0;1;2;0.79;-0.21;-0.18;0.01;-0.01;0.01;-0.02;-0.41;0.66;-1.36;90.00;0.00;-0.50;0.019
676.535;537;0.82;-1.10;96.00;0.66;-1.36;90.00;0.00;-0.50;728;0;1;2;0.68;-0.25;-0.22;0.01;-0.01;0.14;-0.08;-0.65;0.66;-1.36;90.00;0.00;-0.50;0.024
676.655;551;0.83;-1.13;91.64;0.66;-1.36;90.00;0.00;-0.50;728;0;1;2;0.48;-0.29;-0.28;-0.03;-0.09;0.02;-0.48;-0.69;0.66;-1.36;90.00;0.00;-0.50;0.043
676.735;556;0.83;-1.15;90.30;0.66;-1.36;90.00;0.00;-0.50;728;0;1;2;0.41;-0.30;-0.29;-0.02;-0.01;-0.02;0.02;-0.35;0.66;-1.36;90.00;0.00;-0.50;0.020
676.825;565;0.83;-1.17;88.80;0.66;-1.36;90.00;0.00;-0.50;728;0;1;2;0.34;-0.30;-0.30;0.02;-0.01;0.08;-0.07;-0.30;0.66;-1.36;90.00;0.00;-0.50;0.017
676.925;575;0.82;-1.20;87.71;0.66;-1.36;90.00;0.00;-0.50;728;0;1;2;0.28;-0.30;-0.31;0.00;-0.01;0.06;-0.04;-0.20;0.66;-1.36;90.00;0.00;-0.50;0.017
677.035;588;0.82;-1.24;87.26;0.66;-1.36;90.00;0.00;-0.50;728;0;1;2;0.26;-0.30;-0.32;-0.00;-0.01;0.06;-0.04;-0.09;0.66;-1.36;90.00;0.00;-0.50;0.021
677.135;598;0.82;-1.27;87.33;0.66;-1.36;90.00;0.00;-0.50;728;0;1;2;0.26;-0.30;-0.30;-0.01;-0.01;-0.08;0.07;0.05;0.66;-1.36;90.00;0.00;-0.50;0.021
677.235;607;0.82;-1.30;87.20;0.66;-1.36;90.00;0.00;-0.50;728;0;1;2;0.25;-0.30;-0.31;-0.01;-0.01;-0.01;0.00;0.03;0.66;-1.36;90.00;0.00;-0.50;0.019
677.335;617;0.82;-1.33;87.14;0.66;-1.36;90.00;0.00;-0.50;728;0;1;2;0.24;-0.30;-0.32;-0.00;-0.01;0.04;-0.04;-0.02;0.66;-1.36;90.00;0.00;-0.50;0.021
677.455;630;0.82;-1.37;87.10;0.64;-1.50;103.50;0.54;0.50;729;1;1;5;0.25;-0.30;-0.32;0.00;-0.01;0.04;-0.04;-0.03;0.66;-1.36;90.00;0.00;-0.50;0.024
677.525;635;0.82;-1.39;87.14;0.35;-1.09;145.14;0.53;0.50;729;2;1;5;0.79;-0.25;-0.30;-0.00;-0.01;-0.05;0.04;0.02;0.62;-1.44;108.61;0.54;0.50;0.010
677.625;645;0.82;-1.42;85.58;0.35;-1.09;145.14;0.53;0.50;729;2;1;5;0.79;-0.18;-0.26;-0.00;-0.01;0.06;-0.06;-0.62;0.63;-1.47;106.06;0.54;0.50;0.007
677.725;654;0.82;-1.44;83.02;0.35;-1.09;145.14;0.53;0.50;729;2;1;5;0.79;-0.12;-0.19;-0.01;-0.00;-0.02;0.01;-0.30;0.63;-1.49;104.78;0.54;0.50;0.012
677.835;664;0.81;-1.45;82.22;0.35;-1.09;145.14;0.53;0.50;729;2;1;5;0.79;-0.06;-0.12;-0.01;-0.00;-0.12;0.11;0.03;0.64;-1.50;103.50;0.54;0.50;0.014
677.915;675;0.81;-1.46;81.78;0.35;-1.09;145.14;0.53;0.50;729;2;1;5;0.79;-0.01;-0.07;0.00;-0.01;0.04;-0.04;0.10;0.64;-1.50;103.50;0.54;0.50;0.007
678.035;688;0.81;-1.47;83.58;0.35;-1.09;145.14;0.53;0.50;729;2;1;5;0.79;0.05;-0.00;-0.00;-0.01;-0.10;0.10;0.28;0.64;-1.50;103.50;0.54;0.50;0.021
678.135;698;0.81;-1.47;85.49;0.35;-1.09;145.14;0.53;0.50;729;2;1;5;0.79;0.10;0.04;-0.01;-0.01;0.06;-0.05;0.34;0.64;-1.50;103.50;0.54;0.50;0.017
678.225;708;0.81;-1.46;87.67;0.35;-1.09;145.14;0.53;0.50;729;2;1;5;0.79;0.14;0.09;-0.00;0.00;-0.05;-0.03;0.34;0.64;-1.50;103.50;0.54;0.50;0.009
678.325;717;0.81;-1.45;89.72;0.35;-1.09;145.14;0.53;0.50;729;2;1;5;0.79;0.18;0.14;-0.01;-0.00;0.05;0.04;0.43;0.64;-1.50;103.50;0.54;0.50;0.016
678.425;726;0.81;-1.43;92.00;0.35;-1.09;145.14;0.53;0.50;729;2;1;5;0.79;0.22;0.17;-0.00;-0.01;0.00;0.01;0.43;0.63;-1.49;104.78;0.54;0.50;0.006
678.535;736;0.81;-1.41;94.57;0.35;-1.09;145.14;0.53;0.50;729;2;1;5;0.79;0.25;0.22;0.00;-0.01;-0.14;-0.12;0.46;0.63;-1.47;106.06;0.54;0.50;0.017
678.625;745;0.81;-1.39;97.95;0.35;-1.09;145.14;0.53;0.50;729;2;1;5;0.79;0.28;0.24;-0.01;-0.01;0.08;0.09;0.64;0.62;-1.46;107.33;0.54;0.50;0.007
678.735;755;0.81;-1.37;101.51;0.35;-1.09;145.14;0.53;0.50;729;2;1;5;0.79;0.30;0.31;-0.05;-0.07;0.05;-0.46;0.61;0.61;-1.43;109.88;0.54;0.50;0.014
678.825;764;0.80;-1.34;105.17;0.35;-1.09;145.14;0.53;0.50;729;2;1;5;0.79;0.30;0.29;-0.01;0.00;-0.01;0.01;0.69;0.61;-1.42;111.15;0.54;0.50;0.007
678.935;778;0.79;-1.30;109.91;0.35;-1.09;145.14;0.53;0.50;729;2;1;5;0.79;0.30;0.29;-0.06;-0.01;0.13;0.19;0.77;0.60;-1.40;112.42;0.54;0.50;0.014
679.025;788;0.78;-1.27;113.71;0.35;-1.09;145.14;0.53;0.50;729;2;1;5;0.79;0.30;0.33;-0.02;-0.01;-0.11;-0.21;0.56;0.59;-1.37;114.96;0.54;0.50;0.009
679.125;797;0.78;-1.24;117.29;0.35;-1.09;145.14;0.53;0.50;729;2;1;5;0.79;0.30;0.31;-0.03;-0.01;0.06;0.09;0.70;0.58;-1.35;117.50;0.54;0.50;0.008
679.215;806;0.76;-1.22;120.28;0.35;-1.09;145.14;0.53;0.50;729;2;1;5;0.77;0.30;0.33;-0.04;-0.01;-0.05;-0.14;0.48;0.57;-1.33;118.76;0.54;0.50;0.006
679.325;817;0.75;-1.18;123.84;0.35;-1.09;145.14;0.53;0.50;729;2;1;5;0.75;0.30;0.34;-0.06;-0.01;0.02;-0.00;0.49;0.55;-1.30;121.29;0.54;0.50;0.011
679.425;825;0.74;-1.16;126.33;0.35;-1.09;145.14;0.53;0.50;729;2;1;5;0.73;0.30;0.31;-0.08;-0.01;0.04;0.07;0.62;0.55;-1.29;122.56;0.54;0.50;0.008
679.525;834;0.73;-1.13;128.69;0.35;-1.09;145.14;0.53;0.50;729;2;1;5;0.74;0.30;0.34;-0.07;-0.01;-0.02;-0.13;0.41;0.53;-1.27;125.08;0.54;0.50;0.007
679.625;844;0.71;-1.10;131.61;0.35;-1.09;145.14;0.53;0.50;729;2;1;5;0.71;0.30;0.33;-0.07;-0.01;0.03;0.05;0.57;0.52;-1.25;126.34;0.54;0.50;0.012
679.725;858;0.69;-1.06;135.67;0.35;-1.09;145.14;0.53;0.50;729;2;1;5;0.69;0.30;0.33;-0.07;-0.01;-0.00;-0.13;0.41;0.50;-1.23;128.86;0.54;0.50;0.016
679.825;868;0.67;-1.04;138.24;0.35;-1.09;145.14;0.53;0.50;729;2;1;5;0.68;0.30;0.33;-0.08;-0.01;0.02;0.08;0.48;0.49;-1.22;130.12;0.54;0.50;0.017
679.915;874;0.66;-1.02;139.82;0.35;-1.09;145.14;0.53;0.50;729;2;1;5;0.69;0.30;0.32;-0.07;-0.01;0.01;-0.04;0.40;0.47;-1.19;132.63;0.54;0.50;0.006
680.025;886;0.63;-0.99;142.88;0.35;-1.09;145.14;0.53;0.50;729;2;1;5;0.69;0.30;0.33;-0.07;-0.01;0.02;0.09;0.51;0.45;-1.17;135.14;0.54;0.50;0.009
680.125;897;0.61;-0.96;146.14;0.35;-1.09;145.14;0.53;0.50;729;2;1;5;0.67;0.30;0.32;-0.04;-0.01;0.01;-0.05;0.40;0.43;-1.15;137.65;0.53;0.50;0.013
680.235;905;0.59;-0.95;148.32;0.35;-1.09;145.14;0.53;0.50;729;2;1;5;0.64;0.30;0.30;-0.03;-0.01;-0.00;0.09;0.51;0.42;-1.14;138.90;0.53;0.50;0.013
680.325;916;0.56;-0.93;150.79;0.35;-1.09;145.14;0.53;0.50;729;2;1;5;0.61;0.30;0.31;0.00;-0.01;0.02;-0.19;0.30;0.40;-1.13;140.15;0.53;0.50;0.007
680.435;928;0.53;-0.91;154.03;0.35;-1.09;145.14;0.53;0.50;729;2;1;5;0.55;0.29;0.31;-0.01;-0.01;0.06;-0.30;0.49;0.39;-1.12;141.40;0.53;0.50;0.021
680.535;939;0.50;-0.89;156.78;0.35;-1.09;145.14;0.53;0.50;729;2;1;5;0.54;0.28;0.29;-0.01;-0.01;0.03;-0.10;0.30;0.37;-1.10;143.89;0.53;0.50;0.019
680.625;947;0.48;-0.88;158.30;0.35;-1.09;145.14;0.53;0.50;729;2;1;5;0.53;0.27;0.28;-0.04;-0.01;-0.01;0.03;0.29;0.35;-1.09;145.14;0.53;0.50;0.017
680.735;958;0.45;-0.87;159.95;0.35;-1.09;145.14;0.53;0.50;729;2;1;5;0.55;0.27;0.25;0.01;-0.09;-0.46;0.14;0.39;0.33;-1.07;147.61;0.52;0.50;0.020
680.815;966;0.43;-0.86;161.36;0.35;-1.09;145.14;0.53;0.50;729;2;1;5;0.54;0.26;0.26;-0.00;-0.01;0.02;-0.05;0.28;0.32;-1.07;148.82;0.52;0.50;0.007
680.915;975;0.41;-0.85;162.85;0.35;-1.09;145.14;0.53;0.50;729;2;1;5;0.52;0.25;0.25;-0.02;-0.01;-0.05;0.14;0.35;0.30;-1.06;150.02;0.51;0.50;0.007
681.025;985;0.39;-0.85;164.41;-0.13;-0.95;179.43;0.38;0.50;729;3;1;5;0.52;0.25;0.25;0.00;-0.01;0.05;-0.14;0.21;0.28;-1.04;152.38;0.50;0.50;0.012
681.115;994;0.37;-0.84;165.78;-0.13;-0.95;179.43;0.38;0.50;729;3;1;5;0.29;0.27;0.24;-0.04;-0.01;0.01;-0.03;0.22;0.26;-1.04;153.55;0.50;0.50;0.005
681.225;1008;0.33;-0.83;166.26;-0.13;-0.95;179.43;0.38;0.50;729;3;1;5;0.35;0.29;0.25;0.00;-0.01;-0.01;0.03;-0.00;0.25;-1.03;154.69;0.50;0.50;0.015
681.325;1017;0.31;-0.82;166.46;-0.13;-0.95;179.43;0.38;0.50;729;3;1;5;0.39;0.30;0.28;-0.00;-0.01;0.02;-0.04;0.04;0.23;-1.02;155.83;0.49;0.50;0.014
681.415;1027;0.28;-0.82;167.08;-0.13;-0.95;179.43;0.38;0.50;729;3;1;5;0.44;0.30;0.30;-0.01;-0.01;-0.02;0.06;0.18;0.21;-1.01;158.07;0.48;0.50;0.008
681.525;1036;0.25;-0.81;168.06;-0.13;-0.95;179.43;0.38;0.50;729;3;1;5;0.46;0.30;0.28;-0.02;-0.01;-0.02;0.07;0.28;0.19;-1.01;159.16;0.48;0.50;0.007
681.625;1046;0.23;-0.80;169.03;-0.13;-0.95;179.43;0.38;0.50;729;3;1;5;0.49;0.30;0.30;-0.02;-0.00;-0.01;0.05;0.26;0.16;-1.00;161.32;0.47;0.50;0.007
681.725;1055;0.20;-0.80;170.69;-0.13;-0.95;179.43;0.38;0.50;729;3;1;5;0.47;0.30;0.29;-0.01;-0.01;-0.00;0.00;0.30;0.15;-0.99;162.38;0.46;0.50;0.012
681.815;1065;0.17;-0.79;172.29;-0.13;-0.95;179.43;0.38;0.50;729;3;1;5;0.48;0.30;0.32;-0.04;-0.04;0.01;0.28;0.43;0.12;-0.98;164.47;0.45;0.50;0.007
681.925;1078;0.13;-0.79;174.67;-0.13;-0.95;179.43;0.38;0.50;729;3;1;5;0.44;0.30;0.30;0.00;-0.01;0.08;-0.13;0.26;0.10;-0.98;165.49;0.45;0.50;0.011
682.035;1088;0.10;-0.78;176.46;-0.13;-0.95;179.43;0.38;0.50;729;3;1;5;0.43;0.30;0.29;-0.01;-0.01;-0.02;0.03;0.29;0.07;-0.97;167.51;0.44;0.50;0.021
682.175;1102;0.06;-0.78;178.56;-0.14;-0.96;180.00;0.00;0.50;823;0;1;1;0.42;0.30;0.30;-0.04;-0.01;-0.03;0.04;0.26;0.06;-0.97;168.49;0.43;0.50;0.043
682.235;1108;0.04;-0.78;179.25;-0.14;-0.96;180.00;0.00;0.50;823;0;1;1;0.47;0.30;0.30;-0.02;-0.01;0.08;-0.10;0.18;-0.14;-0.96;180.00;0.00;0.50;0.025
682.335;1117;0.02;-0.77;180.85;-0.14;-0.96;180.00;0.00;0.50;823;0;1;1;0.40;0.30;0.30;-0.04;-0.01;0.01;-0.01;0.28;-0.14;-0.96;180.00;0.00;0.50;0.018
682.435;1127;-0.01;-0.77;182.16;-0.14;-0.96;180.00;0.00;0.50;823;0;1;1;0.34;0.30;0.30;-0.04;-0.01;-0.10;0.13;0.30;-0.14;-0.96;180.00;0.00;0.50;0.016
682.535;1136;-0.04;-0.77;182.89;-0.14;-0.96;180.00;0.00;0.50;823;0;1;1;0.31;0.30;0.30;-0.01;-0.01;0.09;-0.11;0.06;-0.14;-0.96;180.00;0.00;0.50;0.018
682.655;1148;-0.07;-0.77;183.63;-0.14;-0.96;180.00;0.00;0.50;823;0;1;1;0.28;0.30;0.30;-0.02;-0.01;0.05;-0.06;0.05;-0.14;-0.96;180.00;0.00;0.50;0.033
682.735;1155;-0.10;-0.77;184.17;-0.14;-0.96;180.00;0.00;0.50;823;0;1;1;0.25;0.30;0.30;-0.04;-0.01;-0.04;0.05;0.11;-0.14;-0.96;180.00;0.00;0.50;0.016
682.825;1166;-0.13;-0.77;184.58;-0.14;-0.96;180.00;0.00;0.50;823;0;1;1;0.23;0.30;0.29;-0.01;-0.01;-0.04;0.06;0.12;-0.14;-0.96;180.00;0.00;0.50;0.017
682.925;1174;-0.15;-0.77;184.70;-0.14;-0.96;180.00;0.00;0.50;823;0;1;1;0.22;0.30;0.30;0.00;-0.01;0.04;-0.04;-0.03;-0.15;-0.96;180.00;-0.00;0.50;0.013
683.025;1185;-0.19;-0.77;184.84;-0.14;-0.96;180.00;0.00;0.50;823;0;1;1;0.21;0.30;0.29;-0.00;-0.01;-0.02;0.01;-0.00;-0.19;-0.96;180.00;-0.00;0.50;0.016
683.135;1198;-0.22;-0.78;184.83;-0.14;-0.96;180.00;0.00;0.50;823;0;1;1;0.20;0.30;0.28;-0.01;-0.01;-0.03;0.03;0.03;-0.21;-0.96;180.00;-0.00;0.50;0.022
683.235;1207;-0.25;-0.78;184.80;-0.14;-0.96;180.00;0.00;0.50;823;0;1;1;0.20;0.30;0.28;-0.00;-0.01;-0.02;0.01;0.02;-0.24;-0.96;180.00;-0.00;0.50;0.020
683.335;1218;-0.28;-0.78;184.79;-0.14;-0.96;180.00;0.00;0.50;823;0;1;1;0.19;0.30;0.28;-0.00;-0.01;-0.02;0.01;0.02;-0.28;-0.96;180.00;-0.00;0.50;0.018
683.425;1226;-0.30;-0.78;184.78;-0.14;-0.96;180.00;0.00;0.50;823;0;1;1;0.19;0.30;0.28;-0.00;-0.01;-0.02;0.01;0.01;-0.30;-0.96;180.00;-0.00;0.50;0.017
683.525;1237;-0.33;-0.78;184.75;-0.14;-0.96;180.00;0.00;0.50;823;0;1;1;0.19;0.30;0.28;-0.00;-0.01;-0.02;0.01;0.01;-0.34;-0.96;180.00;-0.00;0.50;0.015
683.635;1245;-0.36;-0.79;184.73;-0.14;-0.96;180.00;0.00;0.50;823;0;1;1;0.18;0.30;0.28;-0.00;-0.01;-0.02;0.01;0.01;-0.36;-0.96;180.00;-0.00;0.50;0.016
683.735;1256;-0.39;-0.79;184.70;-0.14;-0.96;180.00;0.00;0.50;823;0;1;1;0.18;0.30;0.28;-0.00;-0.01;-0.02;0.01;0.01;-0.39;-0.96;180.00;-0.00;0.50;0.019
683.835;1269;-0.43;-0.79;184.68;-0.14;-0.96;180.00;0.00;0.50;823;0;1;1;0.18;0.30;0.29;-0.00;-0.01;-0.02;0.01;0.01;-0.41;-0.96;180.00;0.00;0.50;0.021
683.985;1283;-0.47;-0.79;184.63;-0.79;-0.93;166.50;-0.54;0.50;827;1;1;6;0.17;0.30;0.29;-0.00;-0.01;-0.02;0.02;0.01;-0.44;-0.96;180.00;0.00;0.50;0.052
684.035;1288;-0.48;-0.79;184.62;-0.79;-0.93;166.50;-0.54;0.50;827;1;1;6;0.10;0.30;0.29;-0.00;-0.01;-0.02;0.02;0.01;-0.54;-0.96;180.00;-0.07;0.06;0.016
684.145;1298;-0.51;-0.80;184.32;-0.79;-0.93;166.50;-0.54;0.50;827;1;1;6;0.05;0.29;0.29;0.00;-0.01;-0.01;0.02;-0.07;-0.54;-0.96;180.00;-0.07;0.06;0.026
684.235;1306;-0.53;-0.80;183.93;-0.79;-0.93;166.50;-0.54;0.50;827;1;1;6;0.01;0.29;0.28;0.00;-0.01;-0.01;0.01;-0.10;-0.54;-0.96;180.00;-0.07;0.06;0.015
684.345;1317;-0.56;-0.80;183.20;-0.79;-0.93;166.50;-0.54;0.50;827;1;1;6;-0.03;0.27;0.28;0.00;-0.00;-0.02;0.03;-0.10;-0.54;-0.96;180.00;-0.07;0.06;0.023
684.435;1325;-0.58;-0.80;182.71;-0.79;-0.93;166.50;-0.54;0.50;827;1;1;6;-0.16;0.27;0.27;0.00;-0.00;-0.01;0.01;-0.12;-0.58;-0.96;179.14;-0.23;0.21;0.015
684.535;1336;-0.61;-0.80;181.85;-0.79;-0.93;166.50;-0.54;0.50;827;1;1;6;-0.25;0.28;0.28;0.00;-0.00;0.00;-0.00;-0.19;-0.62;-0.96;177.65;-0.31;0.29;0.020
684.635;1344;-0.64;-0.80;181.00;-0.79;-0.93;166.50;-0.54;0.50;827;1;1;6;-0.31;0.29;0.26;0.01;-0.00;0.01;0.01;-0.21;-0.65;-0.96;176.24;-0.36;0.33;0.014
684.725;1355;-0.67;-0.81;179.81;-0.79;-0.93;166.50;-0.54;0.50;827;1;1;6;-0.39;0.30;0.28;0.01;-0.00;0.01;0.01;-0.19;-0.69;-0.95;174.36;-0.41;0.38;0.012
684.835;1368;-0.70;-0.81;178.03;-0.79;-0.93;166.50;-0.54;0.50;827;1;1;6;-0.45;0.30;0.29;0.01;-0.01;0.02;0.02;-0.25;-0.71;-0.95;172.80;-0.44;0.41;0.016
684.945;1378;-0.73;-0.80;176.39;-0.79;-0.93;166.50;-0.54;0.50;827;1;1;6;-0.54;0.30;0.30;0.03;-0.01;0.12;0.14;-0.39;-0.75;-0.94;169.98;-0.49;0.45;0.024
685.035;1389;-0.77;-0.81;174.22;-0.79;-0.93;166.50;-0.54;0.50;827;1;1;6;-0.64;0.30;0.30;0.02;-0.01;-0.07;-0.08;-0.34;-0.79;-0.93;166.50;-0.54;0.50;0.018
685.125;1397;-0.79;-0.80;171.77;-1.20;-0.65;124.86;-0.53;0.50;827;2;1;6;-0.61;0.30;0.29;0.02;-0.01;0.12;0.13;-0.62;-0.81;-0.93;165.22;-0.54;0.50;0.017
685.225;1408;-0.82;-0.80;168.73;-1.20;-0.65;124.86;-0.53;0.50;827;2;1;6;-0.79;0.30;0.31;-0.01;-0.00;-0.19;-0.18;-0.36;-0.87;-0.91;160.12;-0.54;0.50;0.011
685.325;1417;-0.85;-0.80;165.00;-1.20;-0.65;124.86;-0.53;0.50;827;2;1;6;-0.76;0.30;0.29;0.05;-0.01;0.16;0.12;-0.82;-0.89;-0.90;157.58;-0.54;0.50;0.007
685.425;1427;-0.88;-0.79;160.27;-1.20;-0.65;124.86;-0.53;0.50;827;2;1;6;-0.66;0.30;0.29;0.02;-0.01;0.16;0.11;-0.87;-0.92;-0.89;155.04;-0.54;0.50;0.012
685.525;1435;-0.90;-0.78;157.34;-1.20;-0.65;124.86;-0.53;0.50;827;2;1;6;-0.62;0.30;0.29;-0.00;-0.01;0.01;-0.00;-0.47;-0.95;-0.87;152.50;-0.54;0.50;0.011
685.625;1446;-0.93;-0.77;155.38;-1.20;-0.65;124.86;-0.53;0.50;827;2;1;6;-0.66;0.30;0.32;0.02;0.00;0.01;0.00;-0.24;-0.98;-0.86;149.97;-0.54;0.50;0.009
685.735;1459;-0.97;-0.75;152.50;-1.20;-0.65;124.86;-0.53;0.50;827;2;1;6;-0.67;0.30;0.31;0.00;-0.01;-0.10;-0.04;-0.34;-1.00;-0.84;147.44;-0.54;0.50;0.018
685.825;1465;-0.98;-0.74;151.21;-1.20;-0.65;124.86;-0.53;0.50;827;2;1;6;-0.71;0.30;0.30;0.03;-0.01;0.06;0.03;-0.36;-1.04;-0.82;143.66;-0.54;0.50;0.017
685.925;1478;-1.02;-0.73;148.72;-1.20;-0.65;124.86;-0.53;0.50;827;2;1;6;-0.73;0.30;0.30;0.07;-0.01;0.05;0.04;-0.46;-1.06;-0.81;142.40;-0.54;0.50;0.016
686.015;1484;-1.04;-0.72;147.53;-1.20;-0.65;124.86;-0.53;0.50;827;2;1;6;-0.79;0.30;0.33;0.06;-0.01;-0.02;-0.00;-0.31;-1.09;-0.78;138.62;-0.54;0.50;0.006
686.115;1496;-1.08;-0.71;143.98;-1.20;-0.65;124.86;-0.53;0.50;827;2;1;6;-0.79;0.30;0.32;0.07;-0.01;0.09;0.05;-0.53;-1.13;-0.75;134.86;-0.54;0.50;0.006
686.225;1507;-1.11;-0.69;140.84;-1.35;-0.17;90.57;-0.38;0.50;827;3;1;6;-0.79;0.30;0.35;0.08;-0.01;-0.19;-0.05;-0.51;-1.15;-0.72;132.35;-0.53;0.50;0.015
686.325;1515;-1.13;-0.68;137.62;-1.35;-0.17;90.57;-0.38;0.50;827;3;1;6;-0.79;0.30;0.32;0.07;-0.01;0.09;0.04;-0.58;-1.17;-0.70;129.85;-0.53;0.50;0.012
686.415;1526;-1.17;-0.66;134.17;-1.35;-0.17;90.57;-0.38;0.50;827;3;1;6;-0.79;0.30;0.34;0.08;-0.01;0.03;0.00;-0.68;-1.19;-0.68;127.35;-0.53;0.50;0.005
686.525;1534;-1.19;-0.64;131.20;-1.35;-0.17;90.57;-0.38;0.50;827;3;1;6;-0.78;0.30;0.33;0.09;-0.01;0.05;0.02;-0.52;-1.20;-0.65;124.86;-0.53;0.50;0.012
686.635;1548;-1.22;-0.62;126.18;-1.35;-0.17;90.57;-0.38;0.50;827;3;1;6;-0.71;0.30;0.31;0.06;-0.01;0.11;0.01;-0.65;-1.22;-0.62;122.39;-0.52;0.50;0.017
686.725;1558;-1.25;-0.59;123.22;-1.35;-0.17;90.57;-0.38;0.50;827;3;1;6;-0.68;0.30;0.33;0.02;-0.00;0.02;0.00;-0.63;-1.24;-0.60;119.98;-0.51;0.50;0.012
686.815;1563;-1.26;-0.58;121.31;-1.35;-0.17;90.57;-0.38;0.50;827;3;1;6;-0.66;0.30;0.30;0.01;-0.01;0.08;0.01;-0.60;-1.25;-0.57;117.62;-0.50;0.50;0.005
686.935;1578;-1.28;-0.54;117.41;-1.35;-0.17;90.57;-0.38;0.50;827;3;1;6;-0.61;0.30;0.31;0.06;-0.07;0.43;0.21;-0.64;-1.27;-0.54;115.31;-0.50;0.50;0.018
687.025;1587;-1.29;-0.52;114.54;-1.35;-0.17;90.57;-0.38;0.50;827;3;1;6;-0.56;0.30;0.30;0.02;-0.01;0.05;-0.01;-0.51;-1.27;-0.53;114.17;-0.49;0.50;0.017
687.125;1597;-1.30;-0.49;112.48;-1.35;-0.17;90.57;-0.38;0.50;827;3;1;6;-0.58;0.30;0.31;0.05;-0.04;0.27;0.09;-0.47;-1.29;-0.49;110.84;-0.48;0.50;0.012
687.225;1605;-1.31;-0.47;110.65;-1.35;-0.17;90.57;-0.38;0.50;827;3;1;6;-0.57;0.30;0.31;-0.00;-0.01;-0.16;0.05;-0.35;-1.30;-0.46;108.68;-0.47;0.50;0.006
687.335;1615;-1.33;-0.44;108.22;-1.35;-0.17;90.57;-0.38;0.50;827;3;1;6;-0.53;0.30;0.30;0.02;-0.01;0.00;-0.00;-0.33;-1.31;-0.44;107.62;-0.46;0.50;0.018
687.455;1630;-1.34;-0.40;105.58;-1.34;-0.16;90.00;-0.00;0.50;108;0;1;0;-0.55;0.30;0.29;0.02;-0.01;0.12;-0.04;-0.36;-1.31;-0.41;105.53;-0.45;0.50;0.029
687.525;1636;-1.35;-0.38;104.45;-1.34;-0.16;90.00;-0.00;0.50;108;0;1;0;-0.73;0.30;0.30;0.00;-0.01;-0.00;-0.00;-0.30;-1.34;-0.16;90.00;-0.00;0.50;0.018
687.635;1644;-1.35;-0.36;102.65;-1.34;-0.16;90.00;-0.00;0.50;108;0;1;0;-0.65;0.30;0.31;0.00;-0.01;-0.17;0.07;-0.52;-1.34;-0.16;90.00;-0.00;0.50;0.018
687.725;1655;-1.36;-0.33;98.18;-1.34;-0.16;90.00;-0.00;0.50;108;0;1;0;-0.46;0.30;0.30;0.03;-0.01;-0.23;0.12;-0.68;-1.34;-0.16;90.00;-0.00;0.50;0.020
687.835;1667;-1.37;-0.29;94.67;-1.34;-0.16;90.00;-0.00;0.50;108;0;1;0;-0.31;0.30;0.30;0.02;-0.01;-0.02;0.01;-0.22;-1.34;-0.16;90.00;-0.00;0.50;0.020
687.955;1677;-1.37;-0.26;93.97;-1.34;-0.16;90.00;-0.00;0.50;108;0;1;0;-0.28;0.30;0.30;0.03;-0.01;0.13;-0.08;-0.14;-1.34;-0.16;90.00;-0.00;0.50;0.041
688.045;1687;-1.38;-0.23;93.69;-1.34;-0.16;90.00;-0.00;0.50;108;0;1;0;-0.28;0.30;0.30;0.01;-0.01;0.05;-0.03;-0.09;-1.34;-0.16;90.00;-0.00;0.50;0.036
688.135;1695;-1.38;-0.21;93.26;-1.34;-0.16;90.00;-0.00;0.50;108;0;1;0;-0.26;0.30;0.30;0.03;-0.01;-0.04;0.03;-0.06;-1.34;-0.16;90.00;-0.00;0.50;0.022
688.235;1706;-1.38;-0.18;92.82;-1.34;-0.16;90.00;-0.00;0.50;108;0;1;0;-0.25;0.30;0.30;0.00;-0.01;-0.03;0.02;-0.02;-1.34;-0.16;90.00;-0.00;0.50;0.018
688.335;1715;-1.39;-0.15;92.54;-1.34;-0.16;90.00;-0.00;0.50;108;0;1;0;-0.24;0.30;0.28;0.01;-0.01;0.05;-0.03;-0.07;-1.34;-0.15;90.00;0.00;0.50;0.019
688.435;1725;-1.39;-0.12;92.43;-1.34;-0.16;90.00;-0.00;0.50;108;0;1;0;-0.24;0.30;0.28;0.00;-0.01;0.05;-0.03;-0.08;-1.34;-0.12;90.00;0.00;0.50;0.018
688.545;1739;-1.39;-0.08;92.32;-1.34;0.14;90.00;0.00;0.50;108;1;1;0;-0.24;0.30;0.29;0.00;-0.01;0.05;-0.03;-0.08;-1.34;-0.10;90.00;0.00;0.50;0.032
688.645;1749;-1.39;-0.05;92.27;-1.34;0.14;90.00;0.00;0.50;108;1;1;0;-0.24;0.30;0.30;0.00;-0.01;-0.07;0.04;0.02;-1.34;-0.06;90.00;0.00;0.50;0.029
688.735;1757;-1.39;-0.03;92.08;-1.34;0.14;90.00;0.00;0.50;108;1;1;0;-0.23;0.30;0.28;0.01;-0.01;0.04;-0.03;-0.06;-1.34;-0.04;90.00;0.00;0.50;0.012
688.835;1768;-1.39;0.00;92.01;-1.34;0.14;90.00;0.00;0.50;108;1;1;0;-0.23;0.30;0.28;0.01;-0.01;0.05;-0.03;-0.07;-1.34;-0.00;90.00;0.00;0.50;0.019
688.925;1776;-1.40;0.03;91.96;-1.34;0.14;90.00;0.00;0.50;108;1;1;0;-0.23;0.30;0.30;0.00;-0.01;-0.03;0.02;0.02;-1.34;0.02;90.00;0.00;0.50;0.011
689.035;1785;-1.40;0.05;91.83;-1.34;0.14;90.00;0.00;0.50;108;1;1;0;-0.23;0.30;0.28;0.01;-0.01;0.04;-0.03;-0.07;-1.34;0.06;90.00;0.00;0.50;0.025
689.135;1795;-1.40;0.08;91.80;-1.34;0.14;90.00;0.00;0.50;108;1;1;0;-0.23;0.30;0.29;0.00;-0.01;0.05;-0.03;-0.06;-1.34;0.08;90.00;0.00;0.50;0.020
689.225;1806;-1.40;0.11;91.70;-1.34;0.14;90.00;0.00;0.50;108;1;1;0;-0.23;0.30;0.30;0.00;-0.01;-0.05;0.03;0.02;-1.34;0.12;90.00;0.00;0.50;0.015
689.325;1814;-1.40;0.14;91.53;-1.34;0.14;90.00;0.00;0.50;108;1;1;0;-0.22;0.30;0.28;0.01;-0.01;0.04;-0.03;-0.05;-1.34;0.14;90.00;0.00;0.50;0.014
689.425;1825;-1.40;0.17;91.44;-1.34;0.14;90.00;0.00;0.50;108;1;1;0;-0.22;0.30;0.28;0.01;-0.01;0.04;-0.03;-0.06;-1.34;0.17;90.00;0.00;0.50;0.012
689.535;1839;-1.40;0.21;91.34;-1.34;0.14;90.00;0.00;0.50;108;1;1;0;-0.22;0.30;0.28;0.01;-0.01;0.04;-0.03;-0.06;-1.34;0.19;90.00;0.00;0.50;0.019
689.635;1848;-1.40;0.24;91.31;-1.34;0.44;90.00;-0.00;0.50;108;2;1;0;-0.22;0.30;0.30;0.00;-0.01;-0.04;0.02;0.02;-1.34;0.23;90.00;0.00;0.50;0.019
689.725;1858;-1.40;0.27;91.16;-1.34;0.44;90.00;-0.00;0.50;108;2;1;0;-0.22;0.30;0.28;0.01;-0.01;0.03;-0.02;-0.04;-1.34;0.25;90.00;0.00;0.50;0.015
689.825;1867;-1.41;0.29;91.13;-1.34;0.44;90.00;-0.00;0.50;108;2;1;0;-0.22;0.30;0.29;0.00;-0.01;0.05;-0.03;-0.07;-1.34;0.28;90.00;0.00;0.50;0.016
689.915;1876;-1.41;0.32;91.07;-1.34;0.44;90.00;-0.00;0.50;108;2;1;0;-0.22;0.30;0.30;0.00;-0.01;-0.03;0.02;0.02;-1.34;0.32;90.00;0.00;0.50;0.007
690.025;1887;-1.41;0.35;90.93;-1.34;0.44;90.00;-0.00;0.50;108;2;1;0;-0.21;0.30;0.28;0.01;-0.01;0.03;-0.02;-0.04;-1.34;0.35;90.00;0.00;0.50;0.008
690.125;1895;-1.41;0.37;90.95;-1.34;0.44;90.00;-0.00;0.50;108;2;1;0;-0.22;0.30;0.30;-0.00;-0.01;0.04;-0.04;-0.05;-1.34;0.37;90.00;-0.00;0.50;0.009
690.225;1904;-1.41;0.40;90.80;-1.34;0.44;90.00;-0.00;0.50;108;2;1;0;-0.21;0.30;0.29;0.00;-0.01;0.01;-0.02;-0.01;-1.34;0.40;90.00;-0.00;0.50;0.010
690.315;1914;-1.41;0.43;90.74;-1.34;0.44;90.00;-0.00;0.50;108;2;1;0;-0.21;0.30;0.28;0.01;-0.01;0.04;-0.03;-0.06;-1.34;0.43;90.00;-0.00;0.50;0.009
690.415;1923;-1.41;0.45;90.68;-1.34;0.44;90.00;-0.00;0.50;108;2;1;0;-0.21;0.30;0.28;0.00;-0.01;0.01;-0.02;-0.03;-1.34;0.46;90.00;-0.00;0.50;0.007
690.535;1938;-1.41;0.50;90.55;-1.34;0.44;90.00;-0.00;0.50;108;2;1;0;-0.20;0.30;0.28;0.00;-0.01;0.01;-0.02;-0.04;-1.34;0.49;90.00;-0.00;0.50;0.024
690.635;1949;-1.41;0.53;90.46;-1.34;0.44;90.00;-0.00;0.50;108;2;1;0;-0.20;0.30;0.28;0.00;-0.01;0.01;-0.02;-0.03;-1.34;0.52;90.00;-0.00;0.50;0.021
690.735;1957;-1.41;0.55;90.40;-1.34;0.73;90.00;-0.00;0.50;108;3;1;0;-0.20;0.30;0.28;0.00;-0.01;0.01;-0.02;-0.03;-1.34;0.54;90.00;-0.00;0.50;0.017
690.825;1968;-1.41;0.58;90.31;-1.34;0.73;90.00;-0.00;0.50;108;3;1;0;-0.20;0.30;0.28;0.00;-0.01;0.01;-0.02;-0.03;-1.34;0.58;90.00;-0.00;0.50;0.007
690.925;1977;-1.41;0.61;90.25;-1.34;0.73;90.00;-0.00;0.50;108;3;1;0;-0.19;0.30;0.29;0.00;-0.01;0.01;-0.02;-0.03;-1.34;0.61;90.00;-0.00;0.50;0.006
691.015;1987;-1.41;0.64;90.17;-1.34;0.73;90.00;-0.00;0.50;108;3;1;0;-0.19;0.30;0.29;0.00;-0.01;0.01;-0.02;-0.03;-1.34;0.64;90.00;-0.00;0.50;0.004
691.125;1995;-1.41;0.66;90.15;-1.34;0.73;90.00;-0.00;0.50;108;3;1;0;-0.19;0.30;0.29;0.00;-0.01;-0.03;0.01;0.02;-1.34;0.66;90.00;-0.00;0.50;0.015
691.215;2006;-1.41;0.69;90.13;-1.34;0.73;90.00;-0.00;0.50;108;3;1;0;-0.19;0.30;0.28;0.01;-0.01;0.04;-0.03;-0.05;-1.34;0.70;90.00;-0.00;0.50;0.007
691.325;2014;-1.41;0.72;90.08;-1.34;0.73;90.00;-0.00;0.50;108;3;1;0;-0.19;0.30;0.28;0.00;-0.01;0.02;-0.03;-0.02;-1.34;0.72;90.00;-0.00;0.50;0.008
691.425;2028;-1.42;0.76;90.00;-1.34;0.73;90.00;-0.00;0.50;108;3;1;0;-0.19;0.30;0.29;0.00;-0.01;0.01;-0.02;-0.03;-1.34;0.74;90.00;-0.00;0.50;0.008
691.565;2041;-1.42;0.79;89.91;-1.34;1.04;90.00;-0.00;0.50;107;0;1;0;-0.18;0.30;0.29;0.00;-0.01;0.01;-0.02;-0.03;-1.34;0.77;90.00;-0.00;0.50;0.045
691.635;2046;-1.42;0.81;89.87;-1.34;1.04;90.00;-0.00;0.50;107;0;1;0;-0.18;0.30;0.29;0.00;-0.01;0.01;-0.02;-0.03;-1.34;1.04;90.00;-0.00;0.50;0.020
691.735;2056;-1.42;0.84;89.80;-1.34;1.04;90.00;-0.00;0.50;107;0;1;0;-0.18;0.30;0.29;0.00;-0.01;0.01;-0.02;-0.02;-1.34;1.04;90.00;-0.00;0.50;0.018
691.865;2071;-1.42;0.88;89.71;-1.34;1.04;90.00;-0.00;0.50;107;0;1;0;-0.17;0.30;0.29;0.00;-0.01;0.01;-0.02;-0.02;-1.34;1.04;90.00;-0.00;0.50;0.043
691.925;2075;-1.42;0.89;89.69;-1.34;1.04;90.00;-0.00;0.50;107;0;1;0;-0.17;0.30;0.29;0.00;-0.01;0.01;-0.02;-0.02;-1.34;1.04;90.00;-0.00;0.50;0.018
692.035;2088;-1.42;0.93;89.62;-1.34;1.04;90.00;-0.00;0.50;107;0;1;0;-0.17;0.30;0.29;0.00;-0.01;0.01;-0.02;-0.02;-1.34;1.04;90.00;-0.00;0.50;0.022
692.145;2098;-1.42;0.96;89.59;-1.34;1.04;90.00;-0.00;0.50;107;0;1;0;-0.17;0.30;0.29;0.00;-0.00;-0.02;-0.00;0.01;-1.34;1.04;90.00;-0.00;0.50;0.023
692.235;2107;-1.42;0.98;89.69;-1.34;1.04;90.00;-0.00;0.50;107;0;1;0;-0.17;0.30;0.30;0.00;-0.01;0.01;-0.00;0.00;-1.34;1.04;90.00;-0.00;0.50;0.020
692.335;2117;-1.42;1.01;89.62;-1.34;1.04;90.00;-0.00;0.50;107;0;1;0;-0.17;0.30;0.28;0.01;-0.01;0.04;-0.03;-0.04;-1.34;1.04;90.00;-0.00;0.50;0.025
692.465;2130;-1.42;1.05;89.55;-1.34;1.04;90.00;-0.00;0.50;107;0;1;0;-0.17;0.30;0.29;0.00;-0.01;0.01;-0.02;-0.02;-1.34;1.04;90.00;-0.00;0.50;0.050
692.545;2140;-1.42;1.08;89.49;-1.34;1.04;90.00;-0.00;0.50;107;0;1;0;-0.16;0.30;0.29;0.00;-0.01;0.01;-0.02;-0.02;-1.34;1.07;90.00;0.00;0.50;0.034
692.635;2149;-1.42;1.11;89.44;-1.34;1.04;90.00;-0.00;0.50;107;0;1;0;-0.16;0.30;0.29;0.00;-0.01;0.01;-0.02;-0.02;-1.34;1.09;90.00;0.00;0.50;0.018
692.735;2159;-1.42;1.13;89.39;-1.34;1.04;90.00;-0.00;0.50;107;0;1;0;-0.16;0.30;0.29;0.00;-0.01;0.01;-0.02;-0.02;-1.34;1.13;90.00;0.00;0.50;0.025
692.835;2167;-1.42;1.16;89.35;-1.34;1.34;90.00;0.00;0.50;107;1;1;0;-0.16;0.30;0.29;0.00;-0.01;0.01;-0.02;-0.02;-1.34;1.15;90.00;0.00;0.50;0.026
692.935;2178;-1.42;1.19;89.31;-1.34;1.34;90.00;0.00;0.50;107;1;1;0;-0.16;0.30;0.29;0.00;-0.01;0.01;-0.02;-0.02;-1.34;1.19;90.00;0.00;0.50;0.014
693.025;2186;-1.42;1.21;89.27;-1.34;1.34;90.00;0.00;0.50;107;1;1;0;-0.15;0.30;0.29;0.00;-0.01;0.01;-0.02;-0.01;-1.34;1.21;90.00;0.00;0.50;0.010
693.125;2195;-1.42;1.24;89.24;-1.34;1.34;90.00;0.00;0.50;107;1;1;0;-0.15;0.30;0.29;0.00;-0.01;0.01;-0.02;-0.01;-1.34;1.23;90.00;0.00;0.50;0.012
693.235;2209;-1.42;1.28;89.18;-1.34;1.34;90.00;0.00;0.50;107;1;1;0;-0.15;0.30;0.29;0.00;-0.01;0.01;-0.02;-0.01;-1.34;1.27;90.00;0.00;0.50;0.028
693.335;2218;-1.42;1.30;89.14;-1.34;1.34;90.00;0.00;0.50;107;1;1;0;-0.15;0.30;0.29;0.00;-0.01;0.01;-0.02;-0.01;-1.34;1.29;90.00;0.00;0.50;0.022
693.425;2228;-1.42;1.33;89.11;-1.34;1.34;90.00;0.00;0.50;107;1;1;0;-0.14;0.30;0.29;0.00;-0.01;0.01;-0.02;-0.01;-1.34;1.32;90.00;0.00;0.50;0.014
693.525;2237;-1.42;1.36;89.07;-1.34;1.34;90.00;0.00;0.50;107;1;1;0;-0.14;0.30;0.29;0.00;-0.01;0.01;-0.02;-0.01;-1.34;1.34;90.00;0.00;0.50;0.018
693.635;2246;-1.41;1.38;89.04;-1.34;1.34;90.00;0.00;0.50;107;1;1;0;-0.14;0.30;0.29;0.00;-0.01;0.02;-0.02;-0.01;-1.34;1.38;90.00;0.00;0.50;0.014
693.725;2257;-1.41;1.42;89.00;-1.34;1.34;90.00;0.00;0.50;107;1;1;0;-0.14;0.30;0.29;0.00;-0.01;0.02;-0.02;-0.01;-1.34;1.42;90.00;0.00;0.50;0.011
693.835;2265;-1.41;1.44;88.98;-1.34;1.64;90.00;-0.00;0.50;107;2;1;0;-0.13;0.30;0.29;0.00;-0.01;0.02;-0.02;-0.01;-1.34;1.44;90.00;0.00;0.50;0.026
693.925;2278;-1.41;1.48;88.94;-1.34;1.64;90.00;-0.00;0.50;107;2;1;0;-0.13;0.30;0.29;0.00;-0.01;0.02;-0.02;-0.01;-1.34;1.46;90.00;0.00;0.50;0.009
694.035;2288;-1.41;1.51;88.90;-1.34;1.64;90.00;-0.00;0.50;107;2;1;0;-0.13;0.30;0.29;0.00;-0.01;0.01;-0.02;-0.01;-1.34;1.50;90.00;0.00;0.50;0.021
694.125;2298;-1.41;1.53;88.87;-1.34;1.64;90.00;-0.00;0.50;107;2;1;0;-0.13;0.30;0.29;0.00;-0.01;0.01;-0.02;-0.01;-1.34;1.54;90.00;0.00;0.50;0.009
694.225;2307;-1.41;1.56;88.85;-1.34;1.64;90.00;-0.00;0.50;107;2;1;0;-0.12;0.30;0.29;0.00;-0.01;0.01;-0.02;-0.01;-1.34;1.55;90.00;0.00;0.50;0.018
694.335;2318;-1.41;1.59;88.82;-1.34;1.64;90.00;-0.00;0.50;107;2;1;0;-0.12;0.30;0.29;0.00;-0.01;0.01;-0.02;-0.01;-1.34;1.58;90.00;-0.00;0.50;0.015
694.415;2326;-1.41;1.61;88.80;-1.34;1.64;90.00;-0.00;0.50;107;2;1;0;-0.12;0.30;0.29;0.00;-0.01;0.01;-0.02;-0.01;-1.34;1.61;90.00;-0.00;0.50;0.007
694.525;2336;-1.41;1.64;88.77;-1.34;1.64;90.00;-0.00;0.50;107;2;1;0;-0.12;0.30;0.29;0.00;-0.01;0.01;-0.02;-0.01;-1.34;1.64;90.00;-0.00;0.50;0.008
694.635;2349;-1.41;1.68;88.74;-1.34;1.64;90.00;-0.00;0.50;107;2;1;0;-0.12;0.30;0.29;0.00;-0.01;0.01;-0.02;-0.01;-1.34;1.67;90.00;-0.00;0.50;0.019
694.725;2355;-1.41;1.70;88.73;-1.34;1.64;90.00;-0.00;0.50;107;2;1;0;-0.11;0.30;0.29;0.00;-0.01;0.01;-0.02;-0.01;-1.34;1.70;90.00;-0.00;0.50;0.015
694.815;2363;-1.41;1.72;88.71;-1.34;1.64;90.00;-0.00;0.50;107;2;1;0;-0.11;0.30;0.29;0.00;-0.01;0.01;-0.02;-0.00;-1.34;1.72;90.00;-0.00;0.50;0.006
694.935;2378;-1.41;1.76;88.68;-1.34;1.93;90.00;-0.00;0.50;107;3;1;0;-0.11;0.30;0.29;0.00;-0.00;0.01;-0.02;-0.01;-1.34;1.75;90.00;-0.00;0.50;0.017
695.025;2388;-1.41;1.79;88.66;-1.34;1.93;90.00;-0.00;0.50;107;3;1;0;-0.11;0.30;0.29;0.00;-0.00;0.01;-0.01;-0.00;-1.34;1.78;90.00;-0.00;0.50;0.010
695.125;2397;-1.41;1.82;88.65;-1.34;1.93;90.00;-0.00;0.50;107;3;1;0;-0.10;0.30;0.29;0.00;-0.00;0.01;-0.01;-0.00;-1.34;1.81;90.00;-0.00;0.50;0.015
695.235;2408;-1.41;1.85;88.63;-1.34;1.93;90.00;-0.00;0.50;107;3;1;0;-0.10;0.30;0.29;0.00;-0.00;0.01;-0.01;-0.00;-1.34;1.85;90.00;-0.00;0.50;0.004
695.315;2416;-1.41;1.87;88.62;-1.34;1.93;90.00;-0.00;0.50;107;3;1;0;-0.10;0.30;0.29;0.00;-0.00;0.01;-0.01;-0.00;-1.34;1.87;90.00;-0.00;0.50;0.004
695.425;2425;-1.41;1.90;88.61;-1.34;1.93;90.00;-0.00;0.50;107;3;1;0;-0.10;0.30;0.29;0.00;-0.00;0.01;-0.01;-0.00;-1.34;1.90;90.00;-0.00;0.50;0.005
695.525;2435;-1.41;1.93;88.59;-1.34;1.93;90.00;-0.00;0.50;107;3;1;0;-0.10;0.30;0.29;0.00;-0.00;0.01;-0.01;-0.00;-1.34;1.93;90.00;-0.00;0.50;0.006
695.615;2446;-1.41;1.96;88.58;-1.34;1.93;90.00;-0.00;0.50;107;3;1;0;-0.09;0.30;0.29;0.00;-0.00;0.01;-0.01;-0.00;-1.34;1.96;90.00;-0.00;0.50;0.004
695.725;2455;-1.41;1.99;88.57;-1.34;1.93;90.00;-0.00;0.50;107;3;1;0;-0.09;0.30;0.29;0.00;-0.00;0.01;-0.01;-0.00;-1.34;1.98;90.00;-0.00;0.50;0.005
695.845;2469;-1.40;2.03;88.56;-1.31;2.50;76.50;-0.54;0.50;102;1;1;6;-0.09;0.30;0.29;0.00;-0.00;0.01;-0.01;-0.00;-1.34;2.02;90.00;-0.00;0.50;0.029
695.925;2474;-1.40;2.04;88.56;-1.31;2.50;76.50;-0.54;0.50;102;1;1;6;0.36;0.30;0.29;0.00;-0.00;0.01;-0.01;-0.00;-1.34;2.25;90.00;-0.07;0.06;0.012
696.025;2484;-1.40;2.07;89.67;-1.31;2.50;76.50;-0.54;0.50;102;1;1;6;0.25;0.30;0.31;-0.01;-0.01;0.04;-0.04;0.55;-1.34;2.25;90.00;-0.07;0.06;0.013
696.155;2499;-1.40;2.11;92.34;-1.31;2.50;76.50;-0.54;0.50;102;1;1;6;0.04;0.30;0.30;-0.00;-0.00;-0.03;-0.03;0.13;-1.34;2.25;90.00;-0.07;0.06;0.031
696.235;2507;-1.40;2.14;92.45;-1.31;2.50;76.50;-0.54;0.50;102;1;1;6;-0.02;0.30;0.29;0.00;-0.01;0.02;0.01;-0.09;-1.34;2.25;90.00;-0.07;0.06;0.022
696.335;2518;-1.41;2.17;91.58;-1.31;2.50;76.50;-0.54;0.50;102;1;1;6;-0.06;0.30;0.29;0.01;-0.00;0.03;0.02;-0.14;-1.34;2.25;90.00;-0.07;0.06;0.014
696.425;2526;-1.41;2.19;91.05;-1.31;2.50;76.50;-0.54;0.50;102;1;1;6;-0.09;0.30;0.30;0.00;0.00;-0.01;-0.00;-0.10;-1.34;2.25;90.00;-0.07;0.06;0.010
696.525;2537;-1.41;2.23;90.41;-1.31;2.50;76.50;-0.54;0.50;102;1;1;6;-0.13;0.29;0.30;0.00;-0.00;-0.00;0.00;-0.10;-1.34;2.25;90.00;-0.07;0.06;0.011
696.625;2545;-1.41;2.25;89.94;-1.31;2.50;76.50;-0.54;0.50;102;1;1;6;-0.20;0.28;0.28;0.01;-0.00;0.01;-0.01;-0.09;-1.34;2.25;89.93;-0.12;0.11;0.014
696.745;2556;-1.41;2.28;89.27;-1.31;2.50;76.50;-0.54;0.50;102;1;1;6;-0.30;0.28;0.27;0.01;-0.00;0.01;-0.00;-0.12;-1.34;2.28;89.33;-0.21;0.20;0.032
696.825;2564;-1.41;2.30;88.71;-1.31;2.50;76.50;-0.54;0.50;102;1;1;6;-0.34;0.27;0.26;0.01;-0.00;0.02;-0.01;-0.19;-1.34;2.30;88.92;-0.25;0.23;0.011
696.925;2575;-1.41;2.33;87.55;-1.31;2.50;76.50;-0.54;0.50;102;1;1;6;-0.41;0.28;0.26;0.00;-0.01;0.06;-0.04;-0.24;-1.34;2.33;87.65;-0.31;0.29;0.012
697.025;2588;-1.41;2.36;85.97;-1.31;2.50;76.50;-0.54;0.50;102;1;1;6;-0.44;0.28;0.26;0.01;-0.01;0.06;-0.04;-0.27;-1.34;2.35;86.76;-0.35;0.32;0.015
697.125;2597;-1.40;2.39;84.94;-1.31;2.50;76.50;-0.54;0.50;102;1;1;6;-0.49;0.28;0.28;-0.00;-0.01;-0.09;0.08;-0.18;-1.34;2.37;85.67;-0.38;0.35;0.016
697.235;2608;-1.40;2.42;83.47;-1.31;2.50;76.50;-0.54;0.50;102;1;1;6;-0.56;0.28;0.27;0.00;-0.01;-0.04;0.03;-0.18;-1.33;2.40;83.61;-0.43;0.39;0.021
697.345;2616;-1.40;2.44;81.95;-1.31;2.50;76.50;-0.54;0.50;102;1;1;6;-0.59;0.29;0.27;0.01;-0.01;0.11;-0.11;-0.43;-1.33;2.43;81.93;-0.46;0.42;0.029
697.435;2627;-1.40;2.47;79.52;-1.31;2.50;76.50;-0.54;0.50;102;1;1;6;-0.61;0.29;0.29;0.00;-0.01;-0.07;0.07;-0.37;-1.32;2.45;79.98;-0.49;0.45;0.013
697.525;2635;-1.39;2.49;77.69;-1.03;2.91;34.86;-0.53;0.50;102;2;1;6;-0.66;0.30;0.29;0.00;-0.06;0.02;-0.28;-0.54;-1.32;2.48;77.73;-0.53;0.48;0.015
697.625;2645;-1.39;2.52;74.43;-1.03;2.91;34.86;-0.53;0.50;102;2;1;6;-0.53;0.30;0.30;0.01;-0.01;-0.10;0.12;-0.53;-1.31;2.51;75.22;-0.54;0.50;0.010
697.715;2655;-1.38;2.55;71.73;-1.03;2.91;34.86;-0.53;0.50;102;2;1;6;-0.51;0.30;0.30;0.04;-0.01;0.14;-0.20;-0.44;-1.31;2.53;73.94;-0.54;0.50;0.006
697.825;2663;-1.37;2.58;70.14;-1.03;2.91;34.86;-0.53;0.50;102;2;1;6;-0.53;0.30;0.30;0.00;-0.01;-0.11;0.15;-0.28;-1.30;2.56;71.39;-0.54;0.50;0.007
697.935;2678;-1.36;2.62;67.23;-1.03;2.91;34.86;-0.53;0.50;102;2;1;6;-0.55;0.30;0.30;0.00;-0.01;-0.04;0.07;-0.33;-1.29;2.58;68.85;-0.54;0.50;0.015
698.025;2687;-1.35;2.64;65.52;-1.03;2.91;34.86;-0.53;0.50;102;2;1;6;-0.57;0.30;0.30;0.02;-0.01;0.00;-0.00;-0.28;-1.28;2.60;67.58;-0.54;0.50;0.010
698.135;2697;-1.34;2.67;64.04;-1.03;2.91;34.86;-0.53;0.50;102;2;1;6;-0.63;0.30;0.31;0.03;-0.00;0.02;-0.03;-0.22;-1.26;2.64;63.77;-0.54;0.50;0.018
698.225;2705;-1.33;2.69;63.08;-1.03;2.91;34.86;-0.53;0.50;102;2;1;6;-0.67;0.30;0.32;0.04;-0.01;0.05;-0.04;-0.30;-1.25;2.65;62.50;-0.54;0.50;0.009
698.325;2716;-1.32;2.73;61.02;-1.03;2.91;34.86;-0.53;0.50;102;2;1;6;-0.71;0.30;0.32;0.05;-0.01;0.02;-0.03;-0.38;-1.24;2.68;59.97;-0.54;0.50;0.015
698.425;2725;-1.30;2.76;58.98;-1.03;2.91;34.86;-0.53;0.50;102;2;1;6;-0.73;0.30;0.32;0.07;-0.01;0.05;-0.07;-0.52;-1.22;2.71;57.44;-0.54;0.50;0.014
698.525;2734;-1.29;2.78;56.80;-1.03;2.91;34.86;-0.53;0.50;102;2;1;6;-0.74;0.30;0.34;0.06;-0.01;-0.02;0.07;-0.40;-1.21;2.72;56.18;-0.54;0.50;0.007
698.625;2745;-1.28;2.82;53.66;-1.03;2.91;34.86;-0.53;0.50;102;2;1;6;-0.75;0.30;0.34;0.08;-0.01;0.03;-0.05;-0.43;-1.19;2.76;52.40;-0.54;0.50;0.011
698.725;2757;-1.26;2.86;49.96;-1.03;2.91;34.86;-0.53;0.50;102;2;1;6;-0.72;0.30;0.32;0.11;-0.01;0.04;-0.08;-0.66;-1.18;2.77;51.14;-0.54;0.50;0.013
698.825;2768;-1.25;2.89;47.04;-1.03;2.91;34.86;-0.53;0.50;102;2;1;6;-0.75;0.30;0.35;0.08;-0.01;-0.00;0.13;-0.43;-1.15;2.81;47.37;-0.54;0.50;0.010
698.925;2777;-1.23;2.92;43.65;-1.03;2.91;34.86;-0.53;0.50;102;2;1;6;-0.70;0.30;0.31;0.08;-0.01;0.02;-0.08;-0.63;-1.14;2.82;46.11;-0.54;0.50;0.008
699.025;2787;-1.21;2.94;41.02;-1.03;2.91;34.86;-0.53;0.50;102;2;1;6;-0.71;0.30;0.33;0.06;-0.01;0.01;0.13;-0.41;-1.12;2.84;43.61;-0.53;0.50;0.009
699.125;2796;-1.19;2.97;38.51;-0.55;3.05;0.57;-0.38;0.50;102;3;1;6;-0.71;0.30;0.33;0.07;-0.01;0.02;0.05;-0.42;-1.09;2.86;41.10;-0.53;0.50;0.015
699.235;2806;-1.17;2.99;35.24;-0.55;3.05;0.57;-0.38;0.50;102;3;1;6;-0.51;0.30;0.31;0.06;-0.01;0.01;-0.06;-0.50;-1.08;2.87;39.85;-0.53;0.50;0.016
699.325;2815;-1.15;3.01;33.23;-0.55;3.05;0.57;-0.38;0.50;102;3;1;6;-0.52;0.30;0.33;0.02;-0.01;0.01;-0.04;-0.35;-1.06;2.89;37.35;-0.53;0.50;0.010
699.435;2829;-1.12;3.04;30.65;-0.55;3.05;0.57;-0.38;0.50;102;3;1;6;-0.55;0.30;0.30;0.04;-0.01;-0.02;-0.13;-0.31;-1.03;2.91;34.86;-0.53;0.50;0.020
699.535;2838;-1.09;3.05;29.29;-0.55;3.05;0.57;-0.38;0.50;102;3;1;6;-0.56;0.30;0.30;0.01;-0.01;0.00;0.05;-0.24;-1.02;2.92;33.62;-0.53;0.50;0.016
699.625;2848;-1.07;3.07;27.77;-0.55;3.05;0.57;-0.38;0.50;102;3;1;6;-0.59;0.30;0.27;-0.01;-0.09;-0.41;-0.20;-0.42;-0.99;2.93;31.18;-0.52;0.50;0.011
699.725;2857;-1.04;3.08;25.96;-0.55;3.05;0.57;-0.38;0.50;102;3;1;6;-0.59;0.30;0.30;0.00;-0.01;0.00;0.01;-0.33;-0.97;2.95;28.79;-0.51;0.50;0.010
699.825;2867;-1.02;3.09;24.17;-0.55;3.05;0.57;-0.38;0.50;102;3;1;6;-0.59;0.30;0.32;0.05;-0.04;0.08;-0.25;-0.49;-0.95;2.96;27.62;-0.50;0.50;0.013
699.915;2877;-0.99;3.10;21.93;-0.55;3.05;0.57;-0.38;0.50;102;3;1;6;-0.58;0.30;0.29;0.00;-0.01;-0.01;-0.01;-0.33;-0.92;2.97;25.31;-0.50;0.50;0.007
700.025;2887;-0.96;3.11;20.43;-0.55;3.05;0.57;-0.38;0.50;102;3;1;6;-0.58;0.30;0.31;-0.00;-0.01;0.07;0.24;-0.22;-0.91;2.98;24.17;-0.49;0.50;0.010
700.125;2897;-0.94;3.13;17.58;-0.55;3.05;0.57;-0.38;0.50;102;3;1;6;-0.53;0.30;0.31;0.02;-0.01;-0.02;-0.04;-0.61;-0.90;2.98;23.05;-0.49;0.50;0.014
700.215;2907;-0.91;3.14;15.19;-0.55;3.05;0.57;-0.38;0.50;102;3;1;6;-0.52;0.30;0.30;-0.00;-0.01;0.03;0.07;-0.30;-0.85;3.00;19.75;-0.47;0.50;0.008
700.315;2916;-0.88;3.14;13.23;-0.55;3.05;0.57;-0.38;0.50;102;3;1;6;-0.49;0.30;0.29;0.01;-0.01;-0.04;-0.10;-0.38;-0.84;3.00;18.68;-0.47;0.50;0.006
700.425;2925;-0.86;3.15;11.52;-0.55;3.05;0.57;-0.38;0.50;102;3;1;6;-0.49;0.30;0.31;0.01;-0.00;0.00;-0.01;-0.38;-0.81;3.01;16.57;-0.46;0.50;0.018
700.525;2935;-0.83;3.16;9.39;-0.55;3.05;0.57;-0.38;0.50;102;3;1;6;-0.46;0.30;0.30;0.00;-0.01;0.00;0.00;-0.31;-0.79;3.02;15.53;-0.45;0.50;0.008
700.635;2946;-0.79;3.16;7.63;-0.54;3.04;0.00;-0.00;0.50;803;0;1;0;-0.46;0.30;0.28;-0.02;-0.09;-0.46;-0.04;-0.39;-0.76;3.03;13.49;-0.44;0.50;0.020
700.735;2958;-0.76;3.17;5.67;-0.54;3.04;0.00;-0.00;0.50;803;0;1;0;-0.58;0.30;0.30;-0.00;-0.01;0.07;0.11;-0.24;-0.54;3.04;0.00;-0.00;0.50;0.022
700.835;2969;-0.73;3.17;2.81;-0.54;3.04;0.00;-0.00;0.50;803;0;1;0;-0.45;0.30;0.29;0.01;-0.01;-0.05;-0.08;-0.49;-0.54;3.04;0.00;-0.00;0.50;0.021
700.935;2977;-0.70;3.17;1.46;-0.54;3.04;0.00;-0.00;0.50;803;0;1;0;-0.38;0.30;0.31;-0.01;-0.01;0.15;0.21;-0.19;-0.54;3.04;0.00;-0.00;0.50;0.020
701.035;2988;-0.67;3.17;-0.10;-0.54;3.04;0.00;-0.00;0.50;803;0;1;0;-0.31;0.30;0.30;0.00;-0.01;0.04;0.05;-0.18;-0.54;3.04;0.00;-0.00;0.50;0.017
701.155;3000;-0.63;3.17;-1.09;-0.54;3.04;0.00;-0.00;0.50;803;0;1;0;-0.26;0.30;0.30;0.03;-0.01;0.03;0.04;-0.09;-0.54;3.04;0.00;-0.00;0.50;0.042
701.255;3011;-0.60;3.17;-1.55;-0.54;3.04;0.00;-0.00;0.50;803;0;1;0;-0.24;0.30;0.29;0.00;-0.01;-0.02;-0.03;-0.04;-0.54;3.04;0.00;-0.00;0.50;0.035
701.355;3019;-0.58;3.17;-1.58;-0.54;3.04;0.00;-0.00;0.50;803;0;1;0;-0.24;0.30;0.29;-0.00;-0.01;-0.04;-0.05;-0.07;-0.54;3.04;0.00;-0.00;0.50;0.042
701.465;3030;-0.54;3.17;-1.63;-0.54;3.04;0.00;-0.00;0.50;803;0;1;0;-0.24;0.30;0.30;0.00;-0.01;0.06;0.08;0.03;-0.54;3.04;0.00;-0.00;0.50;0.051
701.535;3038;-0.52;3.17;-1.79;-0.54;3.04;0.00;-0.00;0.50;803;0;1;0;-0.23;0.30;0.29;0.00;-0.01;-0.02;-0.01;-0.00;-0.54;3.04;0.00;-0.00;0.50;0.025
701.635;3047;-0.50;3.17;-1.81;-0.54;3.04;0.00;-0.00;0.50;803;0;1;0;-0.23;0.30;0.28;0.01;-0.01;-0.04;-0.05;-0.06;-0.51;3.04;0.00;0.00;0.50;0.019
701.765;3061;-0.45;3.17;-1.85;-0.54;3.04;0.00;-0.00;0.50;803;0;1;0;-0.22;0.30;0.28;0.01;-0.01;-0.04;-0.05;-0.06;-0.47;3.04;0.00;0.00;0.50;0.042
701.835;3066;-0.44;3.17;-1.89;-0.54;3.04;0.00;-0.00;0.50;803;0;1;0;-0.22;0.30;0.29;0.00;-0.01;-0.02;-0.01;0.01;-0.44;3.04;0.00;0.00;0.50;0.014
701.945;3076;-0.41;3.17;-1.91;-0.54;3.04;0.00;-0.00;0.50;803;0;1;0;-0.22;0.30;0.28;0.01;-0.01;-0.04;-0.05;-0.06;-0.41;3.04;0.00;0.00;0.50;0.032
702.045;3089;-0.37;3.17;-1.95;-0.54;3.04;0.00;-0.00;0.50;803;0;1;0;-0.21;0.30;0.28;0.00;-0.01;-0.04;-0.05;-0.06;-0.38;3.04;0.00;0.00;0.50;0.030
702.135;3099;-0.34;3.17;-1.90;-0.54;3.04;0.00;-0.00;0.50;803;0;1;0;-0.21;0.30;0.30;0.00;-0.01;0.07;0.08;0.03;-0.36;3.04;0.00;0.00;0.50;0.022
702.245;3108;-0.32;3.17;-2.05;-0.54;3.04;0.00;-0.00;0.50;803;0;1;0;-0.21;0.30;0.29;0.00;-0.01;-0.02;-0.01;0.00;-0.33;3.04;0.00;0.00;0.50;0.024
702.335;3118;-0.29;3.17;-2.08;-0.54;3.04;0.00;-0.00;0.50;803;0;1;0;-0.20;0.30;0.28;0.01;-0.01;-0.03;-0.05;-0.05;-0.30;3.04;0.00;0.00;0.50;0.024
702.445;3126;-0.27;3.17;-2.04;-0.54;3.04;0.00;-0.00;0.50;803;0;1;0;-0.20;0.30;0.30;0.00;-0.01;0.03;0.05;0.04;-0.26;3.04;0.00;0.00;0.50;0.032
702.535;3135;-0.24;3.17;-2.14;-0.54;3.04;0.00;-0.00;0.50;803;0;1;0;-0.20;0.30;0.28;0.01;-0.01;-0.03;-0.03;-0.04;-0.24;3.04;0.00;0.00;0.50;0.020
702.645;3149;-0.20;3.17;-2.18;-0.54;3.04;0.00;-0.00;0.50;803;0;1;0;-0.19;0.30;0.28;0.01;-0.01;-0.03;-0.03;-0.04;-0.21;3.04;0.00;0.00;0.50;0.033
702.735;3157;-0.18;3.17;-2.19;-0.54;3.04;0.00;-0.00;0.50;803;0;1;0;-0.19;0.30;0.28;0.00;-0.01;-0.02;-0.01;-0.03;-0.19;3.04;0.00;0.00;0.50;0.022
702.835;3167;-0.15;3.16;-2.23;-0.54;3.04;0.00;-0.00;0.50;803;0;1;0;-0.19;0.30;0.29;0.00;-0.01;-0.02;-0.01;-0.03;-0.14;3.04;0.00;0.00;0.50;0.020
702.945;3178;-0.12;3.16;-2.26;-0.54;3.04;0.00;-0.00;0.50;803;0;1;0;-0.18;0.30;0.29;0.00;-0.01;-0.02;-0.01;-0.02;-0.12;3.04;0.00;0.00;0.50;0.030
703.035;3186;-0.09;3.16;-2.28;-0.54;3.04;0.00;-0.00;0.50;803;0;1;0;-0.18;0.30;0.29;0.00;-0.01;-0.02;-0.01;-0.02;-0.09;3.04;0.00;0.00;0.50;0.017
703.135;3197;-0.06;3.16;-2.30;-0.54;3.04;0.00;-0.00;0.50;803;0;1;0;-0.18;0.30;0.29;0.00;-0.01;-0.02;-0.01;-0.02;-0.06;3.04;0.00;0.00;0.50;0.020
703.225;3206;-0.03;3.16;-2.31;-0.54;3.04;0.00;-0.00;0.50;803;0;1;0;-0.18;0.30;0.29;0.00;-0.01;-0.02;-0.01;-0.02;-0.03;3.04;0.00;0.00;0.50;0.015
703.335;3216;-0.01;3.16;-2.32;-0.54;3.04;0.00;-0.00;0.50;803;0;1;0;-0.17;0.30;0.29;0.00;-0.01;-0.02;-0.01;-0.02;-0.01;3.04;0.00;-0.00;0.50;0.031
703.435;3225;0.02;3.16;-2.34;-0.54;3.04;0.00;-0.00;0.50;803;0;1;0;-0.17;0.30;0.29;0.00;-0.01;-0.02;-0.01;-0.02;0.01;3.04;0.00;-0.00;0.50;0.018
703.525;3235;0.05;3.16;-2.35;0.06;3.04;0.00;-0.00;0.50;803;2;1;0;-0.17;0.30;0.29;0.00;-0.01;-0.02;-0.01;-0.02;0.05;3.04;0.00;-0.00;0.50;0.019
703.635;3248;0.09;3.16;-2.37;0.06;3.04;0.00;-0.00;0.50;803;2;1;0;-0.16;0.30;0.29;0.00;-0.01;-0.02;-0.01;-0.02;0.07;3.04;0.00;-0.00;0.50;0.022
703.735;3258;0.11;3.16;-2.38;0.06;3.04;0.00;-0.00;0.50;803;2;1;0;-0.16;0.30;0.29;0.00;-0.01;-0.02;-0.01;-0.01;0.10;3.04;0.00;-0.00;0.50;0.024
703.825;3267;0.14;3.16;-2.39;0.06;3.04;0.00;-0.00;0.50;803;2;1;0;-0.16;0.30;0.29;0.00;-0.01;-0.02;-0.01;-0.01;0.13;3.04;0.00;-0.00;0.50;0.012
703.925;3277;0.17;3.16;-2.39;0.06;3.04;0.00;-0.00;0.50;803;2;1;0;-0.16;0.30;0.29;0.00;-0.01;-0.02;-0.01;-0.01;0.16;3.04;0.00;-0.00;0.50;0.015
704.025;3285;0.19;3.15;-2.40;0.06;3.04;0.00;-0.00;0.50;803;2;1;0;-0.15;0.30;0.29;0.00;-0.01;-0.02;-0.01;-0.01;0.19;3.04;0.00;-0.00;0.50;0.009
704.125;3296;0.22;3.15;-2.41;0.06;3.04;0.00;-0.00;0.50;803;2;1;0;-0.15;0.30;0.29;0.00;-0.01;-0.01;-0.01;-0.01;0.22;3.04;0.00;-0.00;0.50;0.008
704.225;3305;0.25;3.15;-2.42;0.06;3.04;0.00;-0.00;0.50;803;2;1;0;-0.15;0.30;0.29;0.00;-0.01;-0.01;-0.01;-0.01;0.25;3.04;-0.00;-0.00;0.50;0.014
704.375;3320;0.29;3.15;-2.43;0.84;3.03;-8.63;-0.49;0.50;178;1;1;4;-0.15;0.30;0.29;0.00;-0.01;-0.01;-0.01;-0.01;0.28;3.04;-0.00;-0.00;0.50;0.041
704.435;3326;0.31;3.15;-2.43;0.84;3.03;-8.63;-0.49;0.50;178;1;1;4;0.48;0.30;0.29;0.00;-0.01;-0.01;-0.01;-0.01;0.66;3.04;-0.00;-0.06;0.06;0.027
704.525;3334;0.33;3.15;-1.56;0.84;3.03;-8.63;-0.49;0.50;178;1;1;4;0.40;0.30;0.30;-0.01;-0.00;0.04;0.05;0.63;0.66;3.04;-0.00;-0.06;0.06;0.016
704.645;3349;0.38;3.15;2.79;0.84;3.03;-8.63;-0.49;0.50;178;1;1;4;0.11;0.30;0.30;0.00;-0.01;0.04;-0.06;0.35;0.66;3.04;-0.00;-0.06;0.06;0.030
704.725;3358;0.40;3.15;3.16;0.84;3.03;-8.63;-0.49;0.50;178;1;1;4;0.04;0.30;0.30;0.01;-0.01;0.03;-0.04;-0.08;0.66;3.04;-0.00;-0.06;0.06;0.013
704.835;3368;0.43;3.15;2.42;0.84;3.03;-8.63;-0.49;0.50;178;1;1;4;0.02;0.30;0.29;0.00;-0.01;0.01;-0.02;-0.14;0.66;3.04;-0.00;-0.06;0.06;0.024
704.945;3377;0.46;3.15;1.84;0.84;3.03;-8.63;-0.49;0.50;178;1;1;4;-0.00;0.30;0.29;0.00;-0.00;0.03;-0.03;-0.10;0.66;3.04;-0.00;-0.06;0.06;0.028
705.045;3387;0.49;3.15;1.34;0.84;3.03;-8.63;-0.49;0.50;178;1;1;4;-0.03;0.30;0.30;0.00;-0.00;-0.00;0.01;-0.05;0.66;3.04;-0.00;-0.06;0.06;0.026
705.125;3395;0.51;3.15;1.08;0.84;3.03;-8.63;-0.49;0.50;178;1;1;4;-0.07;0.30;0.30;0.00;-0.00;-0.00;0.00;-0.07;0.66;3.04;-0.00;-0.06;0.06;0.010
705.225;3405;0.54;3.15;0.61;0.84;3.03;-8.63;-0.49;0.50;178;1;1;4;-0.10;0.30;0.30;0.00;-0.00;0.00;0.00;-0.09;0.66;3.04;-0.00;-0.06;0.06;0.017
