t;frame;x;y;z;x_ref;y_ref;z_ref;delta_ref;u_ref;state;ellipse;control;action;delta;u;vx;vy;vz;wx;wy;wz;xr;yr;zr;delr;ur;obs1x;obs1y;obs2x;obs2y
9248.035;13;1.10;-0.30;0.19;0.85;-0.35;-0.00;0.00;-0.50;403;1;1;2;-0.11;-0.04;0.01;-0.03;-0.06;-0.27;-0.10;0.00;0.95;-0.35;0.00;0.00;-0.50;0.079;4.37;5.25;-1000.00;-1000.00
9248.075;16;1.10;-0.30;0.24;0.85;-0.35;-0.00;0.00;-0.50;403;1;1;2;-0.11;-0.04;-0.02;-0.01;-0.02;-0.02;-0.20;0.03;0.95;-0.35;0.00;0.00;-0.50;0.019;4.37;5.25;-1000.00;-1000.00
9248.185;24;1.10;-0.30;0.30;0.85;-0.35;-0.00;0.00;-0.50;403;1;1;2;-0.11;-0.04;-0.00;0.00;0.00;0.00;0.01;0.00;0.95;-0.35;0.00;0.00;-0.50;0.030;4.37;5.25;-1000.00;-1000.00
9248.275;33;1.10;-0.30;0.33;0.85;-0.35;-0.00;0.00;-0.50;403;1;1;2;-0.11;-0.04;-0.00;0.00;-0.00;-0.01;-0.01;-0.00;0.95;-0.35;0.00;0.00;-0.50;0.016;4.37;5.25;-1000.00;-1000.00
9248.365;43;1.10;-0.30;0.35;0.85;-0.35;-0.00;0.00;-0.50;403;1;1;2;-0.11;-0.04;-0.00;-0.00;-0.00;-0.01;-0.01;0.01;0.95;-0.35;0.00;0.00;-0.50;0.012;4.37;5.25;-1000.00;-1000.00
9248.485;56;1.10;-0.30;0.38;0.85;-0.35;-0.00;0.00;-0.50;403;1;1;2;-0.11;-0.04;-0.00;-0.00;0.00;0.00;0.02;0.00;0.95;-0.35;0.00;0.00;-0.50;0.027;4.37;5.25;-1000.00;-1000.00
9248.575;66;1.10;-0.30;0.39;0.85;-0.35;-0.00;0.00;-0.50;403;1;1;2;-0.11;-0.04;-0.00;-0.00;0.00;0.01;0.01;0.01;0.95;-0.35;0.00;0.00;-0.50;0.020;4.37;5.25;-1000.00;-1000.00
9248.675;75;1.10;-0.30;0.40;0.85;-0.35;-0.00;0.00;-0.50;403;1;1;2;-0.11;-0.04;0.00;0.00;-0.00;-0.01;-0.02;-0.01;0.95;-0.35;0.00;0.00;-0.50;0.014;4.37;5.25;-1000.00;-1000.00
9248.785;85;1.10;-0.30;0.42;0.85;-0.35;-0.00;0.00;-0.50;403;1;1;2;-0.11;-0.04;0.00;0.00;-0.00;-0.01;-0.02;-0.01;0.95;-0.35;0.00;0.00;-0.50;0.027;4.37;5.25;-1000.00;-1000.00
9248.885;98;1.10;-0.30;0.44;0.85;-0.35;-0.00;0.00;-0.50;403;1;1;2;-0.11;-0.04;-0.00;-0.00;0.00;0.00;0.02;0.00;0.95;-0.35;0.00;0.00;-0.50;0.026;4.37;5.25;-1000.00;-1000.00
9248.965;104;1.10;-0.30;0.45;0.85;-0.35;-0.00;0.00;-0.50;403;1;1;2;-0.11;-0.04;-0.00;-0.00;0.00;0.01;0.01;0.01;0.95;-0.35;0.00;0.00;-0.50;0.015;4.37;5.25;-1000.00;-1000.00
9249.065;112;1.10;-0.30;0.47;0.85;-0.35;-0.00;0.00;-0.50;403;1;1;2;-0.11;-0.04;-0.00;-0.00;0.00;0.00;0.02;0.00;0.95;-0.35;0.00;0.00;-0.50;0.013;4.37;5.25;-1000.00;-1000.00
9249.175;123;1.10;-0.30;0.48;0.85;-0.35;-0.00;0.00;-0.50;403;1;1;2;-0.11;-0.04;0.00;0.00;-0.00;-0.01;-0.02;-0.01;0.95;-0.35;0.00;0.00;-0.50;0.017;4.37;5.25;-1000.00;-1000.00
9249.275;136;1.10;-0.30;0.50;0.85;-0.35;-0.00;0.00;-0.50;403;1;1;2;-0.11;-0.04;-0.00;-0.00;0.00;0.00;0.02;0.00;0.95;-0.35;0.00;0.00;-0.50;0.020;4.37;5.25;-1000.00;-1000.00
9249.375;147;1.10;-0.30;0.51;0.85;-0.35;-0.00;0.00;-0.50;403;1;1;2;-0.11;-0.04;-0.00;0.00;-0.00;-0.01;-0.01;-0.00;0.95;-0.35;0.00;0.00;-0.50;0.016;4.37;5.25;-1000.00;-1000.00
9249.485;155;1.10;-0.30;0.52;0.85;-0.35;-0.00;0.00;-0.50;403;1;1;2;-0.11;-0.04;0.00;0.00;-0.00;-0.01;-0.02;-0.01;0.95;-0.35;0.00;0.00;-0.50;0.035;4.37;5.25;-1000.00;-1000.00
9249.575;164;1.10;-0.30;0.55;0.85;-0.35;-0.00;0.00;-0.50;403;1;1;2;-0.11;-0.04;-0.00;-0.00;0.00;0.00;0.02;0.00;0.95;-0.35;0.00;0.00;-0.50;0.018;4.37;5.25;-1000.00;-1000.00
9249.665;174;1.10;-0.30;0.56;0.85;-0.35;-0.00;0.00;-0.50;403;1;1;2;-0.11;-0.04;-0.00;-0.00;0.00;0.01;0.01;0.01;0.95;-0.35;0.00;0.00;-0.50;0.012;4.37;5.25;-1000.00;-1000.00
9249.785;185;1.10;-0.30;0.58;0.85;-0.35;-0.00;0.00;-0.50;403;1;1;2;-0.11;-0.04;-0.00;-0.00;-0.00;-0.01;-0.01;0.01;0.95;-0.35;0.00;0.00;-0.50;0.030;4.37;5.25;-1000.00;-1000.00
9249.865;193;1.10;-0.30;0.58;0.85;-0.35;-0.00;0.00;-0.50;403;1;1;2;-0.11;-0.04;0.00;0.00;-0.00;-0.01;-0.02;-0.01;0.95;-0.35;0.00;0.00;-0.50;0.017;4.37;5.25;-1000.00;-1000.00
9249.975;204;1.10;-0.30;0.60;0.85;-0.35;-0.00;0.00;-0.50;403;1;1;2;-0.11;-0.04;-0.00;-0.00;0.00;0.01;0.00;0.01;0.95;-0.35;0.00;0.00;-0.50;0.018;4.37;5.25;-1000.00;-1000.00
9250.075;215;1.10;-0.30;0.62;0.85;-0.35;-0.00;0.00;-0.50;403;1;1;2;-0.08;-0.08;0.00;0.00;-0.00;-0.01;-0.02;-0.01;0.95;-0.35;0.00;0.00;-0.50;0.022;4.37;5.25;-1000.00;-1000.00
9250.175;226;1.09;-0.30;0.67;0.85;-0.35;-0.00;0.00;-0.50;403;1;1;2;-0.08;-0.12;-0.08;0.01;-0.05;0.27;0.00;0.04;0.95;-0.35;0.00;0.00;-0.50;0.021;4.37;5.25;-1000.00;-1000.00
9250.275;235;1.08;-0.30;0.78;0.85;-0.35;-0.00;0.00;-0.50;403;1;1;2;-0.07;-0.15;-0.12;0.00;0.00;0.00;-0.00;0.03;0.95;-0.35;0.00;0.00;-0.50;0.026;4.37;5.25;-1000.00;-1000.00
9250.375;245;1.07;-0.30;0.93;0.85;-0.35;-0.00;0.00;-0.50;403;1;1;2;-0.07;-0.18;-0.15;0.00;0.00;0.00;-0.00;0.02;0.95;-0.35;0.00;0.00;-0.50;0.016;4.37;5.25;-1000.00;-1000.00
9250.475;254;1.05;-0.30;1.02;0.85;-0.35;-0.00;0.00;-0.50;403;1;1;2;-0.06;-0.21;-0.18;0.00;0.00;-0.00;-0.00;0.02;0.95;-0.35;0.00;0.00;-0.50;0.018;4.37;5.25;-1000.00;-1000.00
9250.575;264;1.04;-0.30;1.08;0.85;-0.35;-0.00;0.00;-0.50;403;1;1;2;-0.06;-0.23;-0.21;-0.00;0.00;0.00;0.00;0.03;0.95;-0.35;0.00;0.00;-0.50;0.013;4.37;5.25;-1000.00;-1000.00
9250.685;277;1.01;-0.31;1.18;0.76;-0.35;-0.00;0.00;-0.50;403;2;1;2;-0.05;-0.25;-0.23;-0.00;0.00;-0.01;-0.03;0.02;0.95;-0.35;0.00;0.00;-0.50;0.031;4.37;5.25;-1000.00;-1000.00
9250.765;282;0.99;-0.31;1.20;0.76;-0.35;-0.00;0.00;-0.50;403;2;1;2;-0.05;-0.27;-0.25;0.00;-0.00;0.02;0.04;0.01;0.95;-0.35;0.00;0.00;-0.50;0.008;4.37;5.25;-1000.00;-1000.00
9250.865;296;0.96;-0.31;1.26;0.76;-0.35;-0.00;0.00;-0.50;403;2;1;2;-0.04;-0.28;-0.27;0.00;-0.00;0.02;0.03;0.00;0.95;-0.35;0.00;0.00;-0.50;0.012;4.37;5.25;-1000.00;-1000.00
9250.965;305;0.93;-0.31;1.30;0.76;-0.35;-0.00;0.00;-0.50;403;2;1;2;-0.04;-0.29;-0.28;-0.00;0.00;-0.01;-0.03;0.01;0.95;-0.35;-0.00;0.00;-0.50;0.012;4.37;5.25;-1000.00;-1000.00
9251.105;319;0.89;-0.31;1.32;0.65;-0.35;0.00;-0.00;0.37;217;0;1;7;-0.04;-0.30;-0.29;-0.00;0.00;-0.01;-0.02;0.00;0.91;-0.35;-0.00;0.00;-0.50;0.035;4.37;5.25;-1000.00;-1000.00
9251.175;324;0.88;-0.31;1.32;1.03;-0.30;24.90;0.79;0.50;217;1;1;7;0.76;-0.26;-0.30;0.00;-0.00;0.02;0.03;-0.00;0.89;-0.34;8.71;0.51;0.45;0.018;4.37;5.25;-1000.00;-1000.00
9251.285;334;0.85;-0.31;-0.68;1.03;-0.30;24.90;0.79;0.50;217;1;1;7;0.68;-0.22;-0.28;0.01;0.00;0.01;-0.01;-0.92;0.86;-0.34;6.37;0.44;0.44;0.024;4.37;5.25;-1000.00;-1000.00
9251.385;347;0.82;-0.31;-5.49;1.03;-0.30;24.90;0.79;0.50;217;1;1;7;0.72;-0.18;-0.22;0.00;-0.01;-0.05;0.09;-0.40;0.83;-0.35;4.46;0.38;0.43;0.026;4.37;5.25;-1000.00;-1000.00
9251.475;356;0.80;-0.30;-7.35;1.03;-0.30;24.90;0.79;0.50;217;1;1;7;0.72;-0.14;-0.19;0.03;-0.01;-0.02;0.04;-0.30;0.81;-0.35;3.66;0.35;0.43;0.016;4.37;5.25;-1000.00;-1000.00
9251.585;366;0.78;-0.30;-8.48;1.03;-0.30;24.90;0.79;0.50;217;1;1;7;0.71;-0.10;-0.13;0.01;-0.01;0.03;-0.05;-0.18;0.79;-0.35;2.95;0.32;0.42;0.023;4.37;5.25;-1000.00;-1000.00
9251.675;376;0.77;-0.29;-8.78;1.03;-0.30;24.90;0.79;0.50;217;1;1;7;0.67;-0.07;-0.10;-0.00;-0.01;0.02;-0.04;-0.01;0.78;-0.35;2.32;0.29;0.42;0.029;4.37;5.25;-1000.00;-1000.00
9251.785;384;0.77;-0.29;-8.34;1.03;-0.30;24.90;0.79;0.50;217;1;1;7;0.62;-0.04;-0.07;0.01;-0.01;-0.03;0.06;0.16;0.76;-0.35;1.79;0.25;0.41;0.029;4.37;5.25;-1000.00;-1000.00
9251.885;395;0.76;-0.29;-7.46;1.03;-0.30;24.90;0.79;0.50;217;1;1;7;0.58;-0.01;-0.04;0.00;-0.01;-0.03;0.07;0.20;0.76;-0.35;1.79;0.25;0.41;0.027;4.37;5.25;-1000.00;-1000.00
9251.965;403;0.76;-0.29;-6.70;1.03;-0.30;24.90;0.79;0.50;217;1;1;7;0.54;0.02;-0.01;-0.00;-0.01;0.01;0.00;0.21;0.76;-0.35;1.79;0.25;0.41;0.013;4.37;5.25;-1000.00;-1000.00
9252.065;412;0.76;-0.29;-5.62;1.03;-0.30;24.90;0.79;0.50;217;1;1;7;0.50;0.05;0.01;-0.00;-0.01;-0.02;0.04;0.24;0.76;-0.35;1.79;0.25;0.41;0.014;4.37;5.25;-1000.00;-1000.00
9252.185;427;0.76;-0.29;-3.96;1.03;-0.30;24.90;0.79;0.50;217;1;1;7;0.45;0.07;0.05;-0.00;-0.00;0.02;-0.04;0.16;0.76;-0.35;1.79;0.25;0.41;0.035;4.37;5.25;-1000.00;-1000.00
9252.285;438;0.77;-0.29;-3.12;1.03;-0.30;24.90;0.79;0.50;217;1;1;7;0.44;0.09;0.07;0.00;0.00;0.00;0.00;0.12;0.76;-0.35;1.79;0.25;0.41;0.026;4.37;5.25;-1000.00;-1000.00
9252.385;446;0.78;-0.29;-2.56;1.03;-0.30;24.90;0.79;0.50;217;1;1;7;0.45;0.11;0.09;0.00;0.00;0.00;0.02;0.12;0.78;-0.35;2.32;0.29;0.42;0.024;4.37;5.25;-1000.00;-1000.00
9252.485;455;0.79;-0.29;-2.02;1.03;-0.30;24.90;0.79;0.50;217;1;1;7;0.45;0.12;0.11;-0.01;-0.00;0.01;0.02;0.10;0.78;-0.35;2.32;0.29;0.42;0.030;4.36;5.25;-1000.00;-1000.00
9252.575;466;0.80;-0.30;-1.32;1.03;-0.30;24.90;0.79;0.50;217;1;1;7;0.47;0.14;0.13;-0.00;-0.00;-0.02;-0.03;0.12;0.79;-0.35;2.95;0.32;0.42;0.018;4.36;5.25;-1000.00;-1000.00
9252.665;474;0.81;-0.30;-0.79;1.03;-0.30;24.90;0.79;0.50;217;1;1;7;0.50;0.16;0.15;-0.00;-0.01;-0.03;-0.05;0.13;0.81;-0.35;3.66;0.35;0.43;0.013;4.36;5.25;-1000.00;-1000.00
9252.765;484;0.82;-0.30;0.04;1.03;-0.30;24.90;0.79;0.50;217;1;1;7;0.53;0.17;0.17;-0.00;-0.01;-0.04;-0.06;0.17;0.83;-0.35;4.46;0.38;0.43;0.014;4.36;5.25;-1000.00;-1000.00
9252.875;493;0.84;-0.30;0.90;1.03;-0.30;24.90;0.79;0.50;217;1;1;7;0.56;0.19;0.17;0.00;-0.01;0.00;0.01;0.17;0.84;-0.35;5.36;0.41;0.44;0.015;4.36;5.25;-1000.00;-1000.00
9252.975;503;0.86;-0.29;1.95;1.03;-0.30;24.90;0.79;0.50;217;1;1;7;0.60;0.20;0.19;0.00;-0.01;0.02;0.04;0.19;0.86;-0.34;6.37;0.44;0.44;0.017;4.36;5.25;-1000.00;-1000.00
9253.075;517;0.89;-0.29;3.66;1.03;-0.30;24.90;0.79;0.50;217;1;1;7;0.68;0.22;0.20;0.00;-0.01;0.04;0.08;0.19;0.89;-0.34;8.71;0.51;0.45;0.028;4.36;5.25;-1000.00;-1000.00
9253.165;526;0.91;-0.29;5.37;1.27;0.06;86.23;0.79;0.50;217;2;1;7;0.70;0.23;0.21;-0.05;-0.01;-0.02;-0.06;0.39;0.91;-0.34;10.05;0.54;0.46;0.014;4.36;5.25;-1000.00;-1000.00
9253.275;535;0.93;-0.29;7.61;1.27;0.06;86.23;0.79;0.50;217;2;1;7;0.79;0.24;0.23;-0.07;-0.01;-0.02;-0.06;0.51;0.92;-0.33;11.51;0.57;0.46;0.020;4.36;5.25;-1000.00;-1000.00
9253.365;545;0.95;-0.30;10.78;1.27;0.06;86.23;0.79;0.50;217;2;1;7;0.79;0.26;0.23;-0.05;-0.01;0.03;0.07;0.57;0.95;-0.33;14.82;0.63;0.47;0.012;4.36;5.25;-1000.00;-1000.00
9253.465;554;0.97;-0.30;13.95;1.27;0.06;86.23;0.79;0.50;217;2;1;7;0.79;0.27;0.24;-0.03;-0.00;0.05;0.16;0.53;0.99;-0.32;18.67;0.70;0.49;0.013;4.36;5.25;-1000.00;-1000.00
9253.575;564;1.00;-0.30;17.85;1.27;0.06;86.23;0.79;0.50;217;2;1;7;0.79;0.28;0.26;-0.10;-0.01;-0.02;-0.14;0.74;1.00;-0.31;20.80;0.73;0.49;0.021;4.36;5.25;-1000.00;-1000.00
9253.665;572;1.02;-0.30;20.78;1.27;0.06;86.23;0.79;0.50;217;2;1;7;0.79;0.30;0.26;-0.09;-0.01;-0.01;-0.06;0.69;1.02;-0.30;23.09;0.76;0.50;0.011;4.36;5.25;-1000.00;-1000.00
9253.785;587;1.06;-0.29;26.81;1.27;0.06;86.23;0.79;0.50;217;2;1;7;0.79;0.31;0.26;-0.07;-0.01;-0.01;0.09;0.66;1.05;-0.29;28.00;0.79;0.50;0.034;4.36;5.25;-1000.00;-1000.00
9253.865;594;1.08;-0.29;29.30;1.27;0.06;86.23;0.79;0.50;217;2;1;7;0.79;0.32;0.27;-0.08;-0.01;-0.02;0.08;0.69;1.07;-0.28;30.48;0.79;0.50;0.009;4.36;5.25;-1000.00;-1000.00
9253.975;606;1.12;-0.28;34.93;1.27;0.06;86.23;0.79;0.50;217;2;1;7;0.73;0.33;0.27;-0.08;-0.01;-0.03;0.14;0.70;1.08;-0.27;32.96;0.79;0.50;0.023;4.36;5.25;-1000.00;-1000.00
9254.065;615;1.14;-0.27;38.71;1.27;0.06;86.23;0.79;0.50;217;2;1;7;0.75;0.34;0.30;-0.09;-0.01;0.02;-0.09;0.72;1.11;-0.25;37.91;0.79;0.50;0.013;4.36;5.25;-1000.00;-1000.00
9254.165;625;1.17;-0.26;42.81;1.27;0.06;86.23;0.79;0.50;217;2;1;7;0.76;0.35;0.30;-0.08;-0.01;-0.01;0.01;0.75;1.14;-0.22;42.87;0.79;0.50;0.009;4.36;5.25;-1000.00;-1000.00
9254.265;636;1.20;-0.24;47.75;1.27;0.06;86.23;0.79;0.50;217;2;1;7;0.70;0.35;0.30;-0.09;-0.01;-0.02;0.03;0.79;1.15;-0.21;45.35;0.79;0.50;0.014;4.36;5.25;-1000.00;-1000.00
9254.365;644;1.22;-0.23;50.97;1.27;0.06;86.23;0.79;0.50;217;2;1;7;0.74;0.36;0.31;-0.08;-0.01;-0.01;-0.04;0.67;1.18;-0.18;50.30;0.79;0.50;0.009;4.36;5.25;-1000.00;-1000.00
9254.465;653;1.24;-0.21;54.71;1.27;0.06;86.23;0.79;0.50;217;2;1;7;0.71;0.37;0.31;-0.10;-0.01;0.01;-0.04;0.80;1.19;-0.17;52.78;0.79;0.50;0.013;4.36;5.25;-1000.00;-1000.00
9254.565;663;1.27;-0.19;59.02;1.27;0.06;86.23;0.79;0.50;217;2;1;7;0.68;0.38;0.32;-0.09;-0.01;0.01;-0.04;0.74;1.20;-0.15;55.26;0.79;0.50;0.013;4.36;5.25;-1000.00;-1000.00
9254.665;673;1.29;-0.16;62.99;1.27;0.06;86.23;0.79;0.50;217;2;1;7;0.71;0.38;0.32;-0.07;-0.01;0.00;-0.03;0.63;1.22;-0.12;60.21;0.79;0.50;0.010;4.36;5.25;-1000.00;-1000.00
9254.765;682;1.31;-0.14;66.46;1.27;0.06;86.23;0.79;0.50;217;2;1;7;0.70;0.39;0.31;-0.08;-0.01;0.01;-0.02;0.71;1.23;-0.11;62.69;0.79;0.50;0.010;4.36;5.25;-1000.00;-1000.00
9254.875;695;1.33;-0.11;71.68;1.27;0.06;86.23;0.79;0.50;217;2;1;7;0.71;0.39;0.32;-0.07;-0.00;-0.00;-0.01;0.66;1.24;-0.07;67.64;0.79;0.50;0.010;4.36;5.25;-1000.00;-1000.00
9254.975;705;1.35;-0.08;75.81;1.27;0.06;86.23;0.79;0.50;217;2;1;7;0.69;0.39;0.32;-0.11;-0.00;0.11;-0.06;0.88;1.25;-0.06;70.12;0.79;0.50;0.017;4.36;5.25;-1000.00;-1000.00
9255.075;716;1.36;-0.04;80.95;1.27;0.06;86.23;0.79;0.50;217;2;1;7;0.69;0.39;0.36;-0.07;0.00;-0.04;0.05;0.81;1.26;-0.02;75.08;0.79;0.50;0.015;4.36;5.25;-1000.00;-1000.00
9255.175;724;1.37;-0.01;85.12;1.09;0.44;144.20;0.73;0.50;217;3;1;7;0.71;0.39;0.38;-0.15;-0.01;0.13;-0.06;1.02;1.27;0.01;80.03;0.79;0.50;0.022;4.36;5.26;-1000.00;-1000.00
9255.265;734;1.39;0.02;90.87;1.09;0.44;144.20;0.73;0.50;217;3;1;7;0.35;0.39;0.38;-0.17;-0.01;0.14;-0.05;1.13;1.27;0.03;82.51;0.79;0.50;0.006;4.36;5.26;-1000.00;-1000.00
9255.355;744;1.40;0.06;94.53;1.09;0.44;144.20;0.73;0.50;217;3;1;7;0.40;0.40;0.40;-0.06;-0.00;0.04;-0.06;0.27;1.27;0.07;87.47;0.78;0.50;0.005;4.36;5.25;-1000.00;-1000.00
9255.465;753;1.40;0.10;96.21;1.09;0.44;144.20;0.73;0.50;217;3;1;7;0.49;0.40;0.40;-0.06;-0.01;0.13;-0.06;0.44;1.28;0.08;89.93;0.78;0.50;0.005;4.36;5.26;-1000.00;-1000.00
9255.565;763;1.40;0.14;98.57;1.09;0.44;144.20;0.73;0.50;217;3;1;7;0.61;0.41;0.42;-0.02;-0.01;0.04;-0.05;0.51;1.27;0.12;94.83;0.78;0.50;0.009;4.36;5.26;-1000.00;-1000.00
9255.665;776;1.39;0.19;103.14;1.09;0.44;144.20;0.73;0.50;217;3;1;7;0.67;0.42;0.41;-0.12;-0.04;0.26;0.02;0.89;1.27;0.16;99.69;0.77;0.50;0.011;4.36;5.26;-1000.00;-1000.00
9255.775;783;1.39;0.22;106.42;1.09;0.44;144.20;0.73;0.50;217;3;1;7;0.67;0.42;0.39;-0.11;-0.01;0.07;-0.02;0.91;1.27;0.17;102.10;0.77;0.50;0.014;4.36;5.26;-1000.00;-1000.00
9255.865;796;1.39;0.27;112.79;1.09;0.44;144.20;0.73;0.50;217;3;1;7;0.65;0.42;0.37;-0.13;-0.05;-0.08;0.20;0.83;1.26;0.21;106.88;0.77;0.50;0.011;4.36;5.26;-1000.00;-1000.00
9255.965;804;1.39;0.30;116.51;1.09;0.44;144.20;0.73;0.50;217;3;1;7;0.68;0.43;0.39;-0.09;-0.01;-0.04;-0.02;0.73;1.24;0.24;111.63;0.76;0.50;0.008;4.36;5.26;-1000.00;-1000.00
9256.065;815;1.37;0.34;121.50;1.09;0.44;144.20;0.73;0.50;217;3;1;7;0.65;0.43;0.38;-0.08;-0.01;-0.12;-0.03;0.76;1.24;0.26;113.98;0.76;0.50;0.010;4.36;5.26;-1000.00;-1000.00
9256.165;826;1.36;0.38;126.28;1.09;0.44;144.20;0.73;0.50;217;3;1;7;0.67;0.42;0.40;-0.12;-0.03;0.19;0.07;0.84;1.22;0.29;118.66;0.75;0.50;0.010;4.36;5.26;-1000.00;-1000.00
9256.265;835;1.34;0.42;130.10;1.09;0.44;144.20;0.73;0.50;217;3;1;7;0.66;0.42;0.37;-0.07;-0.01;-0.12;-0.05;0.67;1.21;0.31;120.99;0.75;0.50;0.010;4.36;5.26;-1000.00;-1000.00
9256.355;845;1.32;0.45;134.25;1.09;0.44;144.20;0.73;0.50;217;3;1;7;0.73;0.42;0.38;-0.08;-0.01;0.06;0.01;0.74;1.18;0.35;127.90;0.75;0.50;0.004;4.36;5.26;-1000.00;-1000.00
9256.465;854;1.30;0.48;138.57;1.09;0.44;144.20;0.73;0.50;217;3;1;7;0.69;0.41;0.38;-0.11;-0.01;0.02;0.01;0.90;1.17;0.37;130.18;0.74;0.50;0.009;4.36;5.26;-1000.00;-1000.00
9256.555;865;1.28;0.51;143.69;1.09;0.44;144.20;0.73;0.50;217;3;1;7;0.68;0.41;0.36;-0.09;-0.01;0.04;-0.00;0.74;1.15;0.39;134.71;0.74;0.50;0.004;4.36;5.26;-1000.00;-1000.00
9256.665;873;1.26;0.53;146.95;1.09;0.44;144.20;0.73;0.50;217;3;1;7;0.67;0.40;0.36;-0.08;-0.01;0.03;-0.01;0.68;1.13;0.41;136.96;0.74;0.50;0.006;4.36;5.26;-1000.00;-1000.00
9256.755;882;1.23;0.56;150.39;1.09;0.44;144.20;0.73;0.50;217;3;1;7;0.65;0.39;0.35;-0.07;-0.01;0.03;-0.01;0.63;1.12;0.42;139.20;0.73;0.50;0.007;4.36;5.26;-1000.00;-1000.00
9256.865;892;1.21;0.58;153.79;1.09;0.44;144.20;0.73;0.50;217;3;1;7;0.63;0.38;0.35;-0.06;-0.00;0.03;-0.01;0.54;1.10;0.43;141.43;0.73;0.50;0.005;4.36;5.26;-1000.00;-1000.00
9256.965;906;1.17;0.60;157.93;1.09;0.44;144.20;0.73;0.50;217;3;1;7;0.65;0.36;0.34;-0.05;-0.00;0.03;0.01;0.48;1.08;0.45;145.84;0.72;0.50;0.010;4.36;5.26;-1000.00;-1000.00
9257.055;912;1.15;0.61;159.57;1.09;0.44;144.20;0.73;0.50;217;3;1;7;0.66;0.35;0.33;-0.04;-0.00;0.02;-0.00;0.46;1.06;0.46;147.96;0.70;0.50;0.005;4.36;5.26;-1000.00;-1000.00
9257.165;924;1.11;0.63;163.22;1.09;0.44;144.20;0.73;0.50;217;3;1;7;0.64;0.34;0.33;-0.05;-0.00;-0.05;-0.03;0.58;1.03;0.48;151.99;0.66;0.50;0.011;4.36;5.26;-1000.00;-1000.00
9257.265;935;1.08;0.65;167.22;1.09;0.44;144.20;0.73;0.50;217;3;1;7;0.57;0.32;0.32;-0.10;-0.05;-0.09;0.13;0.72;1.01;0.49;153.90;0.65;0.50;0.009;4.36;5.26;-1000.00;-1000.00
9257.365;943;1.05;0.66;170.01;1.09;0.44;144.20;0.73;0.50;217;3;1;7;0.55;0.31;0.31;-0.08;-0.01;-0.00;0.02;0.52;0.98;0.50;157.52;0.61;0.50;0.005;4.36;5.26;-1000.00;-1000.00
9257.465;952;1.03;0.67;172.49;1.09;0.44;144.20;0.73;0.50;217;3;1;7;0.52;0.30;0.30;-0.05;-0.01;-0.09;-0.10;0.40;0.96;0.51;159.23;0.59;0.50;0.007;4.36;5.26;-1000.00;-1000.00
9257.565;962;1.00;0.68;175.10;1.09;0.44;144.20;0.73;0.50;217;3;1;7;0.47;0.28;0.32;-0.04;-0.01;0.07;0.07;0.43;0.95;0.52;160.88;0.58;0.50;0.013;4.36;5.26;-1000.00;-1000.00
9257.675;976;0.96;0.69;177.64;1.09;0.44;144.20;0.73;0.50;217;3;1;7;0.45;0.27;0.28;-0.00;-0.00;-0.04;-0.08;0.19;0.91;0.53;163.98;0.54;0.50;0.017;4.36;5.26;-1000.00;-1000.00
9257.765;985;0.93;0.69;178.88;1.09;0.44;144.20;0.73;0.50;217;3;1;7;0.44;0.25;0.27;-0.03;-0.01;0.01;0.01;0.21;0.90;0.53;165.44;0.52;0.50;0.014;4.36;5.26;-1000.00;-1000.00
9257.875;995;0.90;0.69;179.90;1.09;0.44;144.20;0.73;0.50;217;3;1;7;0.44;0.24;0.28;-0.01;-0.01;0.06;0.09;0.20;0.88;0.54;166.84;0.51;0.50;0.013;4.36;5.26;-1000.00;-1000.00
9257.955;1003;0.88;0.69;180.65;1.09;0.44;144.20;0.73;0.50;217;3;1;7;0.44;0.23;0.23;-0.04;-0.01;0.00;0.01;0.15;0.86;0.54;168.18;0.49;0.50;0.004;4.36;5.26;-1000.00;-1000.00
9258.055;1014;0.86;0.69;181.48;1.09;0.44;144.20;0.73;0.50;217;3;1;7;0.46;0.22;0.24;0.00;-0.01;0.03;0.05;0.13;0.82;0.55;170.70;0.45;0.50;0.005;4.37;5.26;-1000.00;-1000.00
9258.165;1022;0.84;0.69;181.89;1.09;0.44;144.20;0.73;0.50;217;3;1;7;0.44;0.21;0.22;0.01;-0.01;-0.03;-0.06;0.06;0.82;0.55;170.70;0.45;0.50;0.013;4.37;5.26;-1000.00;-1000.00
9258.295;1037;0.81;0.69;182.43;0.51;0.56;171.38;-0.63;0.50;489;1;1;4;0.46;0.21;0.23;-0.00;-0.01;0.06;0.08;0.06;0.79;0.55;172.99;0.42;0.50;0.028;4.37;5.26;-1000.00;-1000.00
9258.375;1046;0.79;0.69;182.66;0.51;0.56;171.38;-0.63;0.50;489;1;1;4;0.37;0.21;0.21;0.01;-0.01;-0.04;-0.08;0.02;0.65;0.55;180.00;-0.08;0.06;0.021;4.37;5.26;-1000.00;-1000.00
9258.485;1056;0.76;0.69;182.68;0.25;0.65;154.12;-0.22;0.50;489;2;1;4;0.33;0.22;0.22;0.00;-0.01;0.02;0.02;-0.02;0.65;0.55;180.00;-0.08;0.06;0.028;4.37;5.26;-1000.00;-1000.00
9258.565;1065;0.74;0.69;182.54;0.25;0.65;154.12;-0.22;0.50;489;2;1;4;0.15;0.21;0.22;0.01;-0.01;0.03;0.04;-0.02;0.65;0.55;180.00;-0.08;0.06;0.008;4.37;5.26;-1000.00;-1000.00
9258.665;1075;0.72;0.68;181.86;0.25;0.65;154.12;-0.22;0.50;489;2;1;4;0.16;0.20;0.22;0.01;-0.01;0.03;0.05;-0.13;0.65;0.55;180.00;-0.08;0.06;0.012;4.37;5.26;-1000.00;-1000.00
9258.765;1084;0.70;0.68;181.10;0.25;0.65;154.12;-0.22;0.50;489;2;1;4;0.17;0.18;0.20;-0.00;-0.01;-0.03;-0.06;-0.15;0.65;0.55;180.00;-0.08;0.06;0.015;4.37;5.26;-1000.00;-1000.00
9258.875;1094;0.68;0.68;180.64;0.25;0.65;154.12;-0.22;0.50;489;2;1;4;0.18;0.17;0.19;0.00;-0.01;0.03;0.04;-0.05;0.65;0.55;180.00;-0.08;0.06;0.021;4.37;5.26;-1000.00;-1000.00
9258.965;1105;0.66;0.68;180.32;0.25;0.65;154.12;-0.22;0.50;489;2;1;4;0.17;0.15;0.17;0.00;-0.01;0.02;0.02;-0.04;0.65;0.55;180.00;-0.08;0.06;0.010;4.37;5.26;-1000.00;-1000.00
9259.065;1113;0.65;0.68;180.10;0.25;0.65;154.12;-0.22;0.50;489;2;1;4;0.17;0.14;0.16;0.00;-0.01;0.02;0.02;-0.04;0.65;0.55;180.00;-0.08;0.06;0.009;4.37;5.26;-1000.00;-1000.00
9259.165;1123;0.64;0.68;179.88;0.25;0.65;154.12;-0.22;0.50;489;2;1;4;0.16;0.12;0.14;0.00;-0.01;0.02;0.02;-0.03;0.65;0.55;180.00;-0.08;0.06;0.018;4.37;5.26;-1000.00;-1000.00
9259.255;1134;0.62;0.68;179.67;0.25;0.65;154.12;-0.22;0.50;489;2;1;4;-0.05;0.11;0.13;0.00;-0.01;0.02;0.01;-0.03;0.62;0.55;179.40;-0.28;0.22;0.009;4.37;5.26;-1000.00;-1000.00
9259.375;1142;0.61;0.68;179.33;0.25;0.65;154.12;-0.22;0.50;489;2;1;4;-0.14;0.11;0.12;0.00;-0.00;0.02;0.01;-0.11;0.61;0.55;178.64;-0.35;0.28;0.020;4.37;5.26;-1000.00;-1000.00
9259.475;1157;0.59;0.68;178.24;0.25;0.65;154.12;-0.22;0.50;489;2;1;4;-0.18;0.11;0.11;0.00;0.00;-0.01;-0.02;-0.09;0.59;0.55;177.88;-0.41;0.32;0.024;4.37;5.26;-1000.00;-1000.00
9259.575;1165;0.59;0.68;177.86;0.25;0.65;154.12;-0.22;0.50;489;2;1;4;-0.25;0.11;0.11;-0.00;0.00;0.00;-0.00;-0.08;0.58;0.55;176.89;-0.46;0.36;0.015;4.37;5.26;-1000.00;-1000.00
9259.655;1175;0.57;0.68;177.35;0.25;0.65;154.12;-0.22;0.50;489;2;1;4;-0.33;0.12;0.11;-0.00;-0.00;-0.00;-0.01;-0.09;0.56;0.55;175.63;-0.51;0.40;0.010;4.37;5.26;-1000.00;-1000.00
9259.765;1184;0.56;0.68;176.81;0.25;0.65;154.12;-0.22;0.50;489;2;1;4;-0.37;0.12;0.12;-0.00;-0.00;-0.00;-0.02;-0.11;0.55;0.55;174.89;-0.53;0.42;0.009;4.37;5.26;-1000.00;-1000.00
9259.865;1193;0.55;0.68;176.31;0.25;0.65;154.12;-0.22;0.50;489;2;1;4;-0.41;0.13;0.13;0.01;-0.00;-0.01;0.01;-0.09;0.54;0.55;174.07;-0.56;0.44;0.011;4.37;5.26;-1000.00;-1000.00
9259.965;1203;0.54;0.68;175.75;0.25;0.65;154.12;-0.22;0.50;489;2;1;4;-0.52;0.14;0.14;0.00;-0.00;-0.01;0.02;-0.10;0.52;0.56;172.18;-0.61;0.48;0.012;4.37;5.26;-1000.00;-1000.00
9260.065;1214;0.52;0.68;174.96;0.25;0.65;154.12;-0.22;0.50;489;2;1;4;-0.58;0.15;0.15;0.01;-0.01;-0.01;0.03;-0.16;0.50;0.56;170.03;-0.61;0.50;0.009;4.37;5.26;-1000.00;-1000.00
9260.155;1222;0.51;0.69;174.20;0.25;0.65;154.12;-0.22;0.50;489;2;1;4;-0.58;0.16;0.17;0.00;-0.01;-0.03;0.07;-0.21;0.49;0.56;168.99;-0.59;0.50;0.008;4.37;5.26;-1000.00;-1000.00
9260.275;1237;0.49;0.69;172.66;0.01;0.77;155.85;0.31;0.50;489;3;1;4;-0.58;0.18;0.17;-0.00;-0.01;-0.02;0.02;-0.16;0.47;0.57;167.02;-0.56;0.50;0.020;4.37;5.26;-1000.00;-1000.00
9260.365;1245;0.47;0.69;171.94;0.01;0.77;155.85;0.31;0.50;489;3;1;4;-0.49;0.18;0.18;-0.00;-0.01;-0.01;0.01;-0.15;0.46;0.57;166.08;-0.54;0.50;0.013;4.37;5.26;-1000.00;-1000.00
9260.465;1256;0.45;0.69;171.38;0.01;0.77;155.85;0.31;0.50;489;3;1;4;-0.54;0.19;0.20;-0.00;-0.01;-0.04;0.08;-0.08;0.42;0.58;163.48;-0.49;0.50;0.014;4.37;5.26;-1000.00;-1000.00
9260.555;1264;0.44;0.70;170.95;0.01;0.77;155.85;0.31;0.50;489;3;1;4;-0.57;0.19;0.19;-0.00;-0.01;0.02;-0.05;-0.09;0.40;0.59;161.91;-0.46;0.50;0.005;4.37;5.26;-1000.00;-1000.00
9260.665;1274;0.42;0.70;170.23;0.01;0.77;155.85;0.31;0.50;489;3;1;4;-0.58;0.20;0.21;0.00;-0.01;-0.03;0.07;-0.15;0.38;0.59;160.47;-0.43;0.50;0.009;4.37;5.26;-1000.00;-1000.00
9260.765;1284;0.40;0.70;169.53;0.01;0.77;155.85;0.31;0.50;489;3;1;4;-0.58;0.20;0.21;-0.00;-0.01;-0.02;0.03;-0.13;0.36;0.60;159.15;-0.39;0.50;0.005;4.37;5.26;-1000.00;-1000.00
9260.865;1293;0.38;0.71;168.97;0.01;0.77;155.85;0.31;0.50;489;3;1;4;-0.58;0.21;0.21;-0.00;-0.01;-0.02;0.03;-0.12;0.34;0.61;157.96;-0.36;0.50;0.009;4.37;5.26;-1000.00;-1000.00
9260.955;1304;0.36;0.71;168.28;0.01;0.77;155.85;0.31;0.50;489;3;1;4;-0.57;0.21;0.22;-0.00;-0.00;-0.01;0.02;-0.12;0.32;0.62;156.88;-0.33;0.50;0.004;4.37;5.26;-1000.00;-1000.00
9261.055;1312;0.34;0.72;167.80;0.01;0.77;155.85;0.31;0.50;489;3;1;4;-0.57;0.22;0.23;-0.01;-0.00;-0.01;0.02;-0.11;0.30;0.63;155.91;-0.29;0.50;0.004;4.37;5.26;-1000.00;-1000.00
9261.165;1323;0.32;0.72;167.16;0.01;0.77;155.85;0.31;0.50;489;3;1;4;-0.56;0.23;0.23;-0.01;-0.00;-0.01;0.02;-0.11;0.28;0.64;155.05;-0.26;0.50;0.006;4.37;5.26;-1000.00;-1000.00
9261.265;1336;0.29;0.73;166.47;0.01;0.77;155.85;0.31;0.50;489;3;1;4;-0.54;0.23;0.24;-0.01;-0.00;-0.00;0.02;-0.09;0.26;0.64;154.29;-0.23;0.50;0.008;4.37;5.26;-1000.00;-1000.00
9261.365;1346;0.26;0.74;166.02;0.01;0.77;155.85;0.31;0.50;489;3;1;4;-0.50;0.24;0.25;-0.01;-0.00;0.00;0.02;-0.08;0.24;0.65;153.65;-0.19;0.50;0.009;4.37;5.26;-1000.00;-1000.00
9261.465;1355;0.24;0.74;165.68;0.01;0.77;155.85;0.31;0.50;489;3;1;4;-0.48;0.24;0.22;0.05;-0.01;0.02;-0.01;-0.05;0.22;0.66;153.13;-0.14;0.50;0.013;4.37;5.26;-1000.00;-1000.00
9261.555;1365;0.22;0.74;165.01;0.01;0.77;155.85;0.31;0.50;489;3;1;4;-0.45;0.25;0.23;0.04;-0.01;0.02;-0.06;-0.13;0.19;0.68;152.61;-0.08;0.50;0.005;4.37;5.26;-1000.00;-1000.00
9261.665;1374;0.20;0.75;164.28;0.01;0.77;155.85;0.31;0.50;489;3;1;4;-0.40;0.25;0.26;-0.01;-0.01;-0.02;0.05;-0.14;0.17;0.69;152.42;-0.04;0.50;0.006;4.37;5.26;-1000.00;-1000.00
9261.765;1384;0.17;0.76;163.90;0.01;0.77;155.85;0.31;0.50;489;3;1;4;-0.34;0.26;0.27;-0.01;-0.01;-0.02;0.04;-0.06;0.15;0.70;152.37;0.00;0.50;0.010;4.37;5.26;-1000.00;-1000.00
9261.855;1393;0.15;0.76;163.87;0.01;0.77;155.85;0.31;0.50;489;3;1;4;-0.30;0.26;0.28;0.00;-0.01;-0.02;0.08;0.00;0.13;0.71;152.44;0.05;0.50;0.005;4.37;5.25;-1000.00;-1000.00
9261.965;1403;0.12;0.77;164.06;0.01;0.77;155.85;0.31;0.50;489;3;1;4;-0.25;0.27;0.27;-0.00;-0.01;-0.00;-0.01;0.04;0.10;0.73;152.81;0.11;0.50;0.012;4.37;5.25;-1000.00;-1000.00
9262.075;1416;0.09;0.78;164.43;-0.26;0.84;179.43;0.79;0.50;489;4;1;4;-0.19;0.28;0.27;-0.01;-0.01;0.01;-0.05;0.07;0.07;0.74;153.48;0.18;0.50;0.007;4.37;5.25;-1000.00;-1000.00
9262.175;1426;0.06;0.79;164.85;-0.26;0.84;179.43;0.79;0.50;489;4;1;4;-0.14;0.28;0.29;-0.00;-0.01;-0.02;0.06;0.05;0.06;0.75;153.77;0.20;0.50;0.016;4.37;5.25;-1000.00;-1000.00
9262.265;1435;0.04;0.80;165.30;-0.26;0.84;179.43;0.79;0.50;489;4;1;4;-0.07;0.28;0.28;-0.01;-0.01;0.01;-0.05;0.12;0.03;0.76;154.84;0.26;0.50;0.008;4.37;5.25;-1000.00;-1000.00
9262.395;1448;0.01;0.81;166.09;-0.25;0.85;180.00;0.11;0.00;469;1;1;5;0.00;0.28;0.28;-0.00;-0.01;-0.02;0.05;0.13;-0.00;0.77;156.22;0.32;0.50;0.034;4.37;5.25;-1000.00;-1000.00
9262.465;1453;-0.01;0.81;166.57;-0.44;0.83;193.57;0.65;0.50;469;2;1;5;0.18;0.30;0.28;-0.01;-0.01;-0.02;0.03;0.13;-0.25;0.85;180.04;0.18;0.07;0.018;4.37;5.25;-1000.00;-1000.00
9262.565;1464;-0.04;0.82;167.93;-0.44;0.83;193.57;0.65;0.50;469;2;1;5;0.12;0.33;0.30;0.01;-0.00;0.02;-0.07;0.33;-0.25;0.85;180.04;0.18;0.07;0.011;4.37;5.25;-1000.00;-1000.00
9262.665;1473;-0.07;0.82;169.04;-0.44;0.83;193.57;0.65;0.50;469;2;1;5;0.14;0.35;0.33;0.00;0.00;-0.00;-0.01;0.15;-0.25;0.85;180.04;0.18;0.07;0.013;4.37;5.25;-1000.00;-1000.00
9262.785;1487;-0.11;0.83;170.05;-0.44;0.83;193.57;0.65;0.50;469;2;1;5;0.23;0.36;0.35;-0.00;0.00;-0.01;-0.02;0.11;-0.25;0.85;180.04;0.18;0.07;0.026;4.37;5.25;-1000.00;-1000.00
9262.875;1495;-0.14;0.84;170.90;-0.44;0.83;193.57;0.65;0.50;469;2;1;5;0.27;0.37;0.36;-0.00;-0.00;-0.05;-0.05;0.21;-0.25;0.85;180.04;0.18;0.07;0.022;4.37;5.25;-1000.00;-1000.00
9262.965;1504;-0.18;0.84;172.04;-0.44;0.83;193.57;0.65;0.50;469;2;1;5;0.30;0.37;0.38;-0.00;-0.01;0.05;0.06;0.24;-0.25;0.85;180.04;0.18;0.07;0.013;4.37;5.25;-1000.00;-1000.00
9263.075;1514;-0.21;0.85;173.44;-0.44;0.83;193.57;0.65;0.50;469;2;1;5;0.34;0.36;0.37;0.00;-0.01;0.00;-0.00;0.25;-0.25;0.85;180.04;0.18;0.07;0.022;4.37;5.26;-1000.00;-1000.00
9263.165;1523;-0.25;0.85;174.67;-0.44;0.83;193.57;0.65;0.50;469;2;1;5;0.38;0.36;0.37;0.01;-0.01;-0.05;-0.07;0.23;-0.25;0.85;180.04;0.18;0.07;0.010;4.37;5.26;-1000.00;-1000.00
9263.265;1533;-0.28;0.85;176.03;-0.44;0.83;193.57;0.65;0.50;469;2;1;5;0.53;0.35;0.36;0.01;-0.01;-0.01;-0.03;0.22;-0.28;0.85;181.05;0.33;0.21;0.009;4.37;5.26;-1000.00;-1000.00
9263.365;1541;-0.31;0.85;177.43;-0.75;0.62;234.67;0.68;0.50;469;3;1;5;0.63;0.36;0.36;0.01;-0.00;-0.06;-0.10;0.41;-0.31;0.85;182.71;0.42;0.29;0.010;4.37;5.26;-1000.00;-1000.00
9263.455;1552;-0.35;0.86;181.09;-0.75;0.62;234.67;0.68;0.50;469;3;1;5;0.68;0.36;0.36;-0.09;-0.05;-0.11;0.14;0.80;-0.35;0.85;185.56;0.51;0.37;0.004;4.37;5.26;-1000.00;-1000.00
9263.555;1565;-0.40;0.87;187.08;-0.75;0.62;234.67;0.68;0.50;469;3;1;5;0.62;0.37;0.34;-0.12;-0.01;0.01;0.07;0.87;-0.38;0.84;187.54;0.55;0.41;0.006;4.37;5.26;-1000.00;-1000.00
9263.665;1575;-0.43;0.87;191.03;-0.75;0.62;234.67;0.68;0.50;469;3;1;5;0.66;0.37;0.38;-0.09;-0.00;0.06;0.06;0.74;-0.42;0.84;191.29;0.62;0.47;0.011;4.37;5.26;-1000.00;-1000.00
9263.765;1583;-0.46;0.87;194.60;-0.75;0.62;234.67;0.68;0.50;469;3;1;5;0.67;0.38;0.38;-0.14;-0.04;-0.04;0.29;0.98;-0.45;0.83;194.37;0.65;0.50;0.009;4.37;5.26;-1000.00;-1000.00
9263.855;1594;-0.50;0.87;199.40;-0.75;0.62;234.67;0.68;0.50;469;3;1;5;0.66;0.39;0.34;-0.10;-0.05;-0.19;-0.09;0.74;-0.49;0.82;199.22;0.65;0.50;0.005;4.37;5.26;-1000.00;-1000.00
9263.965;1602;-0.53;0.87;203.05;-0.75;0.62;234.67;0.68;0.50;469;3;1;5;0.62;0.39;0.36;-0.10;-0.01;-0.00;0.05;0.78;-0.51;0.81;200.85;0.66;0.50;0.010;4.37;5.26;-1000.00;-1000.00
9264.065;1613;-0.57;0.86;207.51;-0.75;0.62;234.67;0.68;0.50;469;3;1;5;0.63;0.40;0.38;-0.09;-0.01;0.04;0.08;0.71;-0.55;0.79;205.75;0.66;0.50;0.005;4.37;5.26;-1000.00;-1000.00
9264.165;1625;-0.62;0.84;212.21;-0.75;0.62;234.67;0.68;0.50;469;3;1;5;0.60;0.40;0.36;-0.06;-0.01;0.03;-0.16;0.60;-0.56;0.78;207.39;0.66;0.50;0.013;4.37;5.26;-1000.00;-1000.00
9264.265;1636;-0.66;0.83;216.38;-0.75;0.62;234.67;0.68;0.50;469;3;1;5;0.63;0.40;0.39;-0.06;-0.01;-0.00;0.05;0.68;-0.60;0.76;212.34;0.66;0.50;0.010;4.37;5.26;-1000.00;-1000.00
9264.365;1644;-0.68;0.81;219.44;-0.75;0.62;234.67;0.68;0.50;469;3;1;5;0.65;0.40;0.37;-0.06;-0.01;-0.01;-0.02;0.65;-0.63;0.74;215.67;0.67;0.50;0.005;4.37;5.26;-1000.00;-1000.00
9264.455;1655;-0.72;0.79;223.73;-0.75;0.62;234.67;0.68;0.50;469;3;1;5;0.68;0.40;0.36;-0.08;-0.01;0.03;-0.10;0.65;-0.67;0.72;220.68;0.67;0.50;0.005;4.37;5.25;-1000.00;-1000.00
9264.565;1663;-0.74;0.78;227.27;-0.75;0.62;234.67;0.68;0.50;469;3;1;5;0.65;0.40;0.38;-0.08;-0.01;0.01;0.04;0.83;-0.68;0.71;222.36;0.67;0.50;0.009;4.37;5.25;-1000.00;-1000.00
9264.655;1672;-0.77;0.75;231.18;-0.75;0.62;234.67;0.68;0.50;469;3;1;5;0.64;0.40;0.36;-0.08;-0.01;0.01;0.03;0.71;-0.70;0.68;225.73;0.67;0.50;0.005;4.37;5.25;-1000.00;-1000.00
9264.755;1682;-0.80;0.73;235.02;-0.75;0.62;234.67;0.68;0.50;469;3;1;5;0.64;0.40;0.36;-0.08;-0.01;0.01;0.03;0.65;-0.72;0.66;229.12;0.68;0.50;0.007;4.37;5.25;-1000.00;-1000.00
9264.865;1696;-0.83;0.69;240.24;-0.75;0.62;234.67;0.68;0.50;469;3;1;5;0.63;0.39;0.35;-0.08;-0.01;-0.01;0.03;0.65;-0.74;0.64;232.53;0.68;0.50;0.013;4.37;5.25;-1000.00;-1000.00
9264.965;1705;-0.85;0.67;243.38;-0.75;0.62;234.67;0.68;0.50;469;3;1;5;0.64;0.39;0.35;-0.06;-0.00;-0.01;0.03;0.58;-0.76;0.61;235.95;0.68;0.50;0.009;4.37;5.25;-1000.00;-1000.00
9265.065;1714;-0.87;0.64;246.38;-0.75;0.62;234.67;0.68;0.50;469;3;1;5;0.64;0.38;0.34;-0.06;-0.00;0.00;0.02;0.56;-0.77;0.59;239.28;0.66;0.50;0.006;4.37;5.25;-1000.00;-1000.00
9265.155;1724;-0.89;0.61;249.60;-0.75;0.62;234.67;0.68;0.50;469;3;1;5;0.63;0.38;0.34;-0.06;-0.00;0.00;0.02;0.54;-0.79;0.56;242.51;0.64;0.50;0.005;4.37;5.25;-1000.00;-1000.00
9265.265;1732;-0.90;0.59;252.04;-0.75;0.62;234.67;0.68;0.50;469;3;1;5;0.61;0.37;0.34;-0.05;0.00;0.01;0.01;0.52;-0.80;0.55;244.08;0.64;0.50;0.010;4.37;5.25;-1000.00;-1000.00
9265.355;1742;-0.92;0.56;255.41;-0.86;0.26;269.43;0.49;0.50;469;4;1;5;0.59;0.36;0.34;-0.05;-0.00;0.09;-0.11;0.55;-0.81;0.52;247.16;0.62;0.50;0.008;4.37;5.25;-1000.00;-1000.00
9265.455;1752;-0.93;0.53;259.10;-0.86;0.26;269.43;0.49;0.50;469;4;1;5;0.42;0.37;0.35;-0.10;-0.05;-0.13;-0.09;0.72;-0.82;0.49;250.13;0.60;0.50;0.009;4.37;5.25;-1000.00;-1000.00
9265.565;1763;-0.95;0.49;262.58;-0.86;0.26;269.43;0.49;0.50;469;4;1;5;0.40;0.37;0.36;-0.04;-0.00;0.12;-0.10;0.27;-0.83;0.46;253.00;0.59;0.50;0.012;4.37;5.25;-1000.00;-1000.00
9265.695;1776;-0.96;0.44;265.34;-0.86;0.11;-98.62;-0.63;0.50;1052;1;1;4;0.43;0.38;0.36;-0.04;-0.01;0.04;-0.04;0.31;-0.84;0.43;255.78;0.57;0.50;0.034;4.37;5.25;-1000.00;-1000.00
9265.775;1786;-0.97;0.40;267.56;-0.86;0.11;-98.62;-0.63;0.50;1052;1;1;4;0.59;0.37;0.37;-0.03;-0.01;0.10;-0.07;0.35;-0.85;0.25;-90.00;-0.08;0.06;0.025;4.37;5.25;-1000.00;-1000.00
9265.885;1794;-0.97;0.37;270.31;-0.95;-0.15;-115.88;-0.22;0.50;1052;2;1;4;0.42;0.37;0.38;-0.09;-0.01;-0.11;0.05;0.78;-0.85;0.25;-90.00;-0.08;0.06;0.025;4.37;5.25;-1000.00;-1000.00
9265.965;1805;-0.98;0.33;273.73;-0.95;-0.15;-115.88;-0.22;0.50;1052;2;1;4;0.07;0.35;0.36;-0.05;-0.00;0.08;-0.05;0.27;-0.85;0.25;-90.00;-0.08;0.06;0.012;4.37;5.25;-1000.00;-1000.00
9266.065;1813;-0.98;0.30;274.21;-0.95;-0.15;-115.88;-0.22;0.50;1052;2;1;4;0.02;0.34;0.35;-0.02;-0.01;0.17;-0.09;-0.24;-0.85;0.25;-90.00;-0.08;0.06;0.010;4.37;5.25;-1000.00;-1000.00
9266.165;1824;-0.98;0.27;273.09;-0.95;-0.15;-115.88;-0.22;0.50;1052;2;1;4;0.03;0.32;0.35;0.00;-0.01;-0.06;0.03;-0.15;-0.85;0.25;-90.00;-0.08;0.06;0.009;4.37;5.25;-1000.00;-1000.00
9266.265;1832;-0.97;0.24;272.57;-0.95;-0.15;-115.88;-0.22;0.50;1052;2;1;4;0.02;0.29;0.32;0.01;-0.01;-0.03;0.02;-0.09;-0.85;0.25;-90.00;-0.08;0.06;0.011;4.37;5.25;-1000.00;-1000.00
9266.375;1847;-0.97;0.19;271.92;-0.95;-0.15;-115.88;-0.22;0.50;1052;2;1;4;-0.30;0.28;0.30;0.00;-0.00;-0.01;0.02;-0.06;-0.85;0.21;-91.36;-0.35;0.28;0.019;4.37;5.25;-1000.00;-1000.00
9266.475;1856;-0.97;0.17;270.37;-0.95;-0.15;-115.88;-0.22;0.50;1052;2;1;4;-0.46;0.28;0.28;0.00;-0.00;-0.00;-0.02;-0.32;-0.85;0.17;-93.70;-0.48;0.38;0.022;4.37;5.25;-1000.00;-1000.00
9266.575;1866;-0.97;0.14;268.17;-0.95;-0.15;-115.88;-0.22;0.50;1052;2;1;4;-0.60;0.28;0.28;0.01;-0.01;0.08;0.04;-0.37;-0.86;0.13;-96.83;-0.58;0.46;0.015;4.37;5.25;-1000.00;-1000.00
9266.675;1874;-0.97;0.12;266.01;-0.95;-0.15;-115.88;-0.22;0.50;1052;2;1;4;-0.67;0.29;0.30;0.02;-0.01;-0.09;-0.07;-0.56;-0.86;0.10;-99.97;-0.61;0.50;0.012;4.37;5.25;-1000.00;-1000.00
9266.765;1884;-0.97;0.09;262.91;-1.07;-0.39;-114.15;0.31;0.50;1052;3;1;4;-0.62;0.30;0.29;0.06;-0.01;-0.14;-0.07;-0.65;-0.87;0.07;-102.98;-0.56;0.50;0.021;4.37;5.25;-1000.00;-1000.00
9266.865;1894;-0.97;0.06;259.98;-1.07;-0.39;-114.15;0.31;0.50;1052;3;1;4;-0.51;0.30;0.31;0.08;-0.01;-0.14;-0.03;-0.59;-0.88;0.03;-105.69;-0.51;0.50;0.006;4.37;5.25;-1000.00;-1000.00
9266.965;1902;-0.97;0.03;258.09;-1.07;-0.39;-114.15;0.31;0.50;1052;3;1;4;-0.51;0.30;0.29;0.07;-0.01;-0.05;-0.01;-0.33;-0.89;0.00;-108.09;-0.46;0.50;0.010;4.37;5.25;-1000.00;-1000.00
9267.065;1913;-0.97;0.00;256.19;-1.07;-0.39;-114.15;0.31;0.50;1052;3;1;4;-0.49;0.31;0.29;0.03;-0.01;0.12;0.04;-0.26;-0.90;-0.03;-110.20;-0.41;0.50;0.007;4.37;5.25;-1000.00;-1000.00
9267.165;1926;-0.98;-0.04;253.91;-1.07;-0.39;-114.15;0.31;0.50;1052;3;1;4;-0.42;0.31;0.31;0.01;-0.01;0.00;-0.01;-0.26;-0.90;-0.05;-111.46;-0.38;0.50;0.010;4.37;5.25;-1000.00;-1000.00
9267.255;1932;-0.99;-0.06;253.37;-1.07;-0.39;-114.15;0.31;0.50;1052;3;1;4;-0.44;0.31;0.31;-0.01;-0.01;-0.00;-0.02;-0.11;-0.92;-0.08;-113.12;-0.33;0.50;0.007;4.37;5.25;-1000.00;-1000.00
9267.365;1945;-1.00;-0.10;252.61;-1.07;-0.39;-114.15;0.31;0.50;1052;3;1;4;-0.43;0.32;0.32;-0.01;-0.01;-0.04;-0.02;-0.12;-0.94;-0.12;-114.95;-0.26;0.50;0.007;4.37;5.25;-1000.00;-1000.00
9267.475;1955;-1.01;-0.13;252.09;-1.07;-0.39;-114.15;0.31;0.50;1052;3;1;4;-0.41;0.32;0.33;-0.01;-0.01;-0.04;-0.01;-0.10;-0.95;-0.15;-116.04;-0.21;0.50;0.013;4.37;5.25;-1000.00;-1000.00
9267.565;1964;-1.02;-0.15;251.79;-1.07;-0.39;-114.15;0.31;0.50;1052;3;1;4;-0.38;0.32;0.33;-0.00;-0.00;0.03;0.00;-0.03;-0.96;-0.18;-116.87;-0.14;0.50;0.008;4.37;5.25;-1000.00;-1000.00
9267.665;1974;-1.03;-0.19;251.38;-1.07;-0.39;-114.15;0.31;0.50;1052;3;1;4;-0.34;0.33;0.31;0.03;-0.01;0.14;0.04;-0.03;-0.98;-0.21;-117.39;-0.08;0.50;0.006;4.37;5.25;-1000.00;-1000.00
9267.765;1983;-1.03;-0.21;250.79;-1.07;-0.39;-114.15;0.31;0.50;1052;3;1;4;-0.28;0.33;0.31;0.02;-0.01;0.14;0.03;-0.06;-0.99;-0.23;-117.58;-0.04;0.50;0.008;4.37;5.25;-1000.00;-1000.00
9267.865;1993;-1.04;-0.25;250.26;-1.07;-0.39;-114.15;0.31;0.50;1052;3;1;4;-0.21;0.34;0.33;-0.01;-0.01;0.02;-0.00;-0.04;-1.01;-0.26;-117.61;0.03;0.50;0.007;4.37;5.25;-1000.00;-1000.00
9267.955;2002;-1.05;-0.27;250.27;-1.07;-0.39;-114.15;0.31;0.50;1052;3;1;4;-0.15;0.34;0.35;-0.01;-0.01;-0.06;-0.01;0.03;-1.02;-0.29;-117.34;0.09;0.50;0.005;4.37;5.25;-1000.00;-1000.00
9268.065;2016;-1.07;-0.32;250.89;-1.14;-0.66;-90.57;0.79;0.50;1052;4;1;4;-0.08;0.34;0.34;-0.01;-0.01;0.04;0.01;0.09;-1.04;-0.32;-116.78;0.15;0.50;0.017;4.37;5.25;-1000.00;-1000.00
9268.165;2026;-1.08;-0.35;251.51;-1.14;-0.66;-90.57;0.79;0.50;1052;4;1;4;0.01;0.34;0.35;-0.00;-0.01;-0.05;-0.01;0.09;-1.05;-0.35;-115.91;0.22;0.50;0.009;4.37;5.25;-1000.00;-1000.00
9268.265;2035;-1.09;-0.38;252.27;-1.14;-0.66;-90.57;0.79;0.50;1052;4;1;4;0.08;0.34;0.35;-0.01;-0.01;-0.02;-0.01;0.15;-1.07;-0.38;-114.73;0.28;0.50;0.013;4.37;5.25;-1000.00;-1000.00
9268.385;2046;-1.11;-0.42;253.35;-1.16;-0.79;-98.62;-0.63;0.50;187;1;1;4;0.17;0.35;0.35;0.01;0.00;0.01;-0.00;0.15;-1.08;-0.42;-112.70;0.36;0.50;0.023;4.37;5.25;-1000.00;-1000.00
9268.485;2054;-1.11;-0.44;254.39;-1.16;-0.79;-98.62;-0.63;0.50;187;1;1;4;0.79;0.33;0.35;0.00;-0.00;0.02;-0.00;0.21;-1.15;-0.65;-90.00;-0.08;0.06;0.026;4.37;5.25;-1000.00;-1000.00
9268.565;2064;-1.12;-0.48;256.77;-1.25;-1.05;-115.88;-0.22;0.50;187;2;1;4;0.79;0.32;0.35;-0.03;-0.01;-0.02;0.02;1.03;-1.15;-0.65;-90.00;-0.08;0.06;0.014;4.37;5.25;-1000.00;-1000.00
9268.675;2072;-1.13;-0.50;261.89;-1.25;-1.05;-115.88;-0.22;0.50;187;2;1;4;0.43;0.31;0.32;-0.05;-0.01;0.10;-0.09;1.06;-1.15;-0.65;-90.00;-0.08;0.06;0.021;4.37;5.25;-1000.00;-1000.00
9268.765;2083;-1.14;-0.54;267.50;-1.25;-1.05;-115.88;-0.22;0.50;187;2;1;4;0.15;0.31;0.30;-0.08;-0.01;0.10;-0.09;0.31;-1.15;-0.65;-90.00;-0.08;0.06;0.013;4.37;5.25;-1000.00;-1000.00
9268.875;2095;-1.15;-0.58;268.15;-1.25;-1.05;-115.88;-0.22;0.50;187;2;1;4;0.10;0.30;0.31;-0.04;-0.01;-0.13;0.09;-0.03;-1.15;-0.65;-90.00;-0.08;0.06;0.017;4.37;5.25;-1000.00;-1000.00
9268.965;2105;-1.15;-0.61;267.69;-1.25;-1.05;-115.88;-0.22;0.50;187;2;1;4;0.09;0.29;0.31;0.01;-0.01;-0.06;0.04;-0.06;-1.15;-0.65;-90.00;-0.08;0.06;0.013;4.37;5.25;-1000.00;-1000.00
9269.065;2115;-1.15;-0.64;267.36;-1.25;-1.05;-115.88;-0.22;0.50;187;2;1;4;0.07;0.28;0.30;0.01;-0.01;-0.03;0.02;-0.05;-1.15;-0.65;-90.00;-0.08;0.06;0.014;4.37;5.25;-1000.00;-1000.00
9269.175;2123;-1.16;-0.66;267.08;-1.25;-1.05;-115.88;-0.22;0.50;187;2;1;4;-0.01;0.27;0.28;0.00;-0.01;-0.02;0.02;-0.05;-1.15;-0.66;-90.06;-0.15;0.12;0.019;4.37;5.25;-1000.00;-1000.00
9269.275;2134;-1.16;-0.69;266.57;-1.25;-1.05;-115.88;-0.22;0.50;187;2;1;4;-0.20;0.27;0.27;0.01;-0.00;-0.01;0.02;-0.11;-1.15;-0.69;-91.06;-0.33;0.26;0.017;4.37;5.25;-1000.00;-1000.00
9269.365;2142;-1.16;-0.71;265.75;-1.25;-1.05;-115.88;-0.22;0.50;187;2;1;4;-0.29;0.27;0.26;0.01;-0.01;-0.03;0.02;-0.28;-1.15;-0.71;-92.12;-0.41;0.32;0.009;4.37;5.25;-1000.00;-1000.00
9269.475;2157;-1.16;-0.75;263.51;-1.25;-1.05;-115.88;-0.22;0.50;187;2;1;4;-0.40;0.27;0.27;0.01;-0.00;0.01;-0.01;-0.23;-1.15;-0.74;-94.37;-0.51;0.40;0.024;4.37;5.25;-1000.00;-1000.00
9269.575;2165;-1.16;-0.77;262.31;-1.25;-1.05;-115.88;-0.22;0.50;187;2;1;4;-0.47;0.27;0.27;0.01;-0.00;0.02;0.00;-0.27;-1.15;-0.76;-95.93;-0.56;0.44;0.023;4.37;5.25;-1000.00;-1000.00
9269.675;2176;-1.17;-0.80;260.49;-1.25;-1.05;-115.88;-0.22;0.50;187;2;1;4;-0.62;0.28;0.29;0.00;-0.01;-0.06;-0.03;-0.30;-1.16;-0.80;-99.97;-0.61;0.50;0.016;4.37;5.25;-1000.00;-1000.00
9269.775;2184;-1.17;-0.83;258.70;-1.25;-1.05;-115.88;-0.22;0.50;187;2;1;4;-0.60;0.29;0.29;0.01;-0.01;-0.05;-0.03;-0.45;-1.16;-0.82;-102.02;-0.57;0.50;0.019;4.37;5.25;-1000.00;-1000.00
9269.875;2195;-1.18;-0.86;256.38;-1.25;-1.05;-115.88;-0.22;0.50;187;2;1;4;-0.57;0.30;0.30;0.01;-0.01;-0.02;-0.03;-0.33;-1.17;-0.86;-104.82;-0.52;0.50;0.020;4.37;5.25;-1000.00;-1000.00
9269.965;2203;-1.18;-0.88;254.85;-1.37;-1.29;-114.15;0.31;0.50;187;3;1;4;-0.55;0.31;0.29;0.03;-0.01;0.08;0.03;-0.28;-1.18;-0.88;-106.52;-0.49;0.50;0.014;4.37;5.25;-1000.00;-1000.00
9270.065;2212;-1.18;-0.91;253.08;-1.37;-1.29;-114.15;0.31;0.50;187;3;1;4;-0.53;0.32;0.30;0.04;-0.01;0.06;0.03;-0.31;-1.19;-0.91;-108.82;-0.44;0.50;0.008;4.37;5.25;-1000.00;-1000.00
9270.155;2222;-1.19;-0.94;251.12;-1.37;-1.29;-114.15;0.31;0.50;187;3;1;4;-0.48;0.33;0.31;0.03;-0.01;0.13;0.04;-0.28;-1.20;-0.93;-110.20;-0.41;0.50;0.005;4.37;5.25;-1000.00;-1000.00
9270.275;2237;-1.20;-0.99;248.43;-1.37;-1.29;-114.15;0.31;0.50;187;3;1;4;-0.39;0.34;0.32;0.04;-0.01;0.02;0.01;-0.28;-1.21;-0.96;-112.04;-0.36;0.50;0.016;4.37;5.25;-1000.00;-1000.00
9270.365;2245;-1.21;-1.01;247.61;-1.37;-1.29;-114.15;0.31;0.50;187;3;1;4;-0.38;0.34;0.35;-0.00;-0.01;-0.06;-0.02;-0.17;-1.22;-0.99;-113.62;-0.31;0.50;0.014;4.37;5.25;-1000.00;-1000.00
9270.455;2254;-1.22;-1.04;247.00;-1.37;-1.29;-114.15;0.31;0.50;187;3;1;4;-0.38;0.35;0.36;-0.02;-0.01;-0.05;-0.01;-0.12;-1.24;-1.03;-115.34;-0.24;0.50;0.006;4.37;5.25;-1000.00;-1000.00
9270.565;2264;-1.24;-1.07;246.59;-1.37;-1.29;-114.15;0.31;0.50;187;3;1;4;-0.34;0.36;0.37;0.01;-0.01;-0.09;-0.03;-0.10;-1.25;-1.06;-116.35;-0.19;0.50;0.010;4.37;5.25;-1000.00;-1000.00
9270.665;2275;-1.25;-1.11;245.92;-1.37;-1.29;-114.15;0.31;0.50;187;3;1;4;-0.29;0.36;0.37;0.03;-0.01;-0.09;-0.00;-0.17;-1.27;-1.09;-117.07;-0.12;0.50;0.005;4.37;5.25;-1000.00;-1000.00
9270.765;2283;-1.26;-1.14;245.57;-1.37;-1.29;-114.15;0.31;0.50;187;3;1;4;-0.24;0.37;0.38;-0.00;-0.01;-0.07;-0.01;-0.06;-1.28;-1.12;-117.50;-0.06;0.50;0.012;4.37;5.25;-1000.00;-1000.00
9270.855;2292;-1.28;-1.17;245.55;-1.37;-1.29;-114.15;0.31;0.50;187;3;1;4;-0.18;0.38;0.37;-0.01;-0.01;0.09;0.01;0.07;-1.30;-1.15;-117.63;0.00;0.50;0.005;4.37;5.25;-1000.00;-1000.00
9270.965;2303;-1.30;-1.20;245.98;-1.37;-1.29;-114.15;0.31;0.50;187;3;1;4;-0.11;0.38;0.38;-0.01;-0.01;0.00;-0.00;0.08;-1.32;-1.19;-117.34;0.09;0.50;0.009;4.37;5.25;-1000.00;-1000.00
9271.055;2311;-1.31;-1.23;246.42;-1.37;-1.29;-114.15;0.31;0.50;187;3;1;4;-0.04;0.39;0.39;-0.01;-0.01;-0.01;-0.01;0.13;-1.34;-1.22;-116.78;0.15;0.50;0.004;4.37;5.25;-1000.00;-1000.00
9271.165;2326;-1.33;-1.28;247.67;-1.44;-1.56;-90.57;0.79;0.50;187;4;1;4;0.08;0.39;0.40;-0.00;-0.01;-0.06;-0.01;0.12;-1.36;-1.27;-115.16;0.26;0.50;0.007;4.37;5.25;-1000.00;-1000.00
9271.265;2335;-1.35;-1.32;248.78;-1.44;-1.56;-90.57;0.79;0.50;187;4;1;4;0.18;0.39;0.39;-0.01;-0.01;-0.03;-0.01;0.23;-1.37;-1.29;-114.27;0.30;0.50;0.007;4.37;5.25;-1000.00;-1000.00
9271.385;2345;-1.36;-1.35;250.44;-1.45;-1.55;-90.00;-0.00;0.50;593;0;1;0;0.26;0.39;0.39;0.00;-0.00;0.00;0.00;0.26;-1.39;-1.33;-112.12;0.38;0.50;0.029;4.37;5.25;-1000.00;-1000.00
9271.475;2354;-1.37;-1.39;252.03;-1.45;-1.55;-90.00;-0.00;0.50;593;0;1;0;0.26;0.39;0.39;-0.01;-0.00;0.01;-0.01;0.31;-1.45;-1.55;-90.00;-0.00;0.50;0.022;4.37;5.25;-1000.00;-1000.00
9271.575;2364;-1.38;-1.41;252.99;-1.45;-1.55;-90.00;-0.00;0.50;593;0;1;0;0.26;0.39;0.07;-0.05;-0.02;-0.16;0.07;0.05;-1.45;-1.55;-90.00;-0.00;0.50;0.023;4.37;5.25;-1000.00;-1000.00
9271.675;2372;-1.38;-1.41;253.02;-1.45;-1.55;-90.00;-0.00;0.50;593;0;1;0;0.26;0.39;-0.01;0.01;0.00;-0.01;0.00;-0.01;-1.45;-1.55;-90.00;-0.00;0.50;0.023;4.37;5.25;-1000.00;-1000.00
9271.785;2387;-1.38;-1.41;252.97;-1.45;-1.55;-90.00;-0.00;0.50;593;0;1;0;0.26;0.39;0.00;-0.00;-0.00;0.00;0.00;-0.00;-1.45;-1.55;-90.00;-0.00;0.50;0.028;4.37;5.25;-1000.00;-1000.00
9271.875;2395;-1.38;-1.41;252.95;-1.45;-1.55;-90.00;-0.00;0.50;593;0;1;0;0.26;0.39;0.00;-0.00;-0.00;0.00;0.00;-0.00;-1.45;-1.55;-90.00;-0.00;0.50;0.024;4.37;5.25;-1000.00;-1000.00
9271.985;2406;-1.38;-1.41;252.93;-1.45;-1.55;-90.00;-0.00;0.50;593;0;1;0;0.26;0.39;0.00;-0.00;-0.00;0.00;0.00;-0.00;-1.45;-1.55;-90.00;-0.00;0.50;0.023;4.37;5.25;-1000.00;-1000.00
9272.075;2414;-1.38;-1.41;252.92;-1.45;-1.55;-90.00;-0.00;0.50;593;0;1;0;0.26;0.39;0.00;-0.00;-0.00;0.00;-0.00;-0.00;-1.45;-1.55;-90.00;-0.00;0.50;0.020;4.37;5.25;-1000.00;-1000.00
9272.175;2425;-1.38;-1.41;252.91;-1.45;-1.55;-90.00;-0.00;0.50;593;0;1;0;0.26;0.39;0.00;-0.00;-0.00;0.00;-0.00;-0.00;-1.45;-1.55;-90.00;-0.00;0.50;0.018;4.37;5.25;-1000.00;-1000.00
9272.285;2437;-1.38;-1.41;252.91;-1.45;-1.55;-90.00;-0.00;0.50;593;0;1;0;0.26;0.39;0.00;-0.00;-0.00;0.00;-0.00;-0.00;-1.45;-1.55;-90.00;-0.00;0.50;0.028;4.37;5.25;-1000.00;-1000.00
9272.385;2448;-1.38;-1.41;252.90;-1.45;-1.55;-90.00;-0.00;0.50;593;0;1;0;0.26;0.39;0.00;-0.00;-0.00;0.00;-0.00;-0.00;-1.45;-1.55;-90.00;-0.00;0.50;0.034;4.37;5.25;-1000.00;-1000.00
9272.485;2456;-1.38;-1.41;252.90;-1.45;-1.55;-90.00;-0.00;0.50;593;0;1;0;0.26;0.39;0.00;-0.00;-0.00;0.00;-0.00;-0.00;-1.45;-1.55;-90.00;-0.00;0.50;0.026;4.37;5.25;-1000.00;-1000.00
9272.595;2467;-1.38;-1.41;252.90;-1.45;-1.55;-90.00;-0.00;0.50;593;0;1;0;0.26;0.39;0.00;-0.00;-0.00;0.00;-0.00;-0.00;-1.45;-1.55;-90.00;-0.00;0.50;0.034;4.37;5.25;-1000.00;-1000.00
9272.685;2475;-1.38;-1.41;252.90;-1.45;-1.55;-90.00;-0.00;0.50;593;0;1;0;0.26;0.39;0.00;-0.00;-0.00;0.00;-0.00;-0.00;-1.45;-1.55;-90.00;-0.00;0.50;0.025;4.37;5.25;-1000.00;-1000.00
9272.795;2485;-1.38;-1.41;252.90;-1.45;-1.55;-90.00;-0.00;0.50;593;0;1;0;0.26;0.39;0.00;-0.00;-0.00;0.00;-0.00;-0.00;-1.45;-1.55;-90.00;-0.00;0.50;0.039;4.37;5.25;-1000.00;-1000.00
9272.865;2493;-1.38;-1.41;252.90;-1.45;-1.55;-90.00;-0.00;0.50;593;0;1;0;0.26;0.39;0.00;-0.00;-0.00;0.00;-0.00;0.00;-1.45;-1.55;-90.00;-0.00;0.50;0.017;4.37;5.25;-1000.00;-1000.00
9272.975;2504;-1.38;-1.41;252.90;-1.45;-1.55;-90.00;-0.00;0.50;593;0;1;0;0.26;0.39;0.00;-0.00;-0.00;0.00;-0.00;0.00;-1.45;-1.55;-90.00;-0.00;0.50;0.018;4.37;5.25;-1000.00;-1000.00
9273.085;2517;-1.38;-1.41;252.90;-1.45;-1.55;-90.00;-0.00;0.50;593;0;1;0;0.26;0.39;0.00;-0.00;-0.00;0.00;-0.00;0.00;-1.45;-1.55;-90.00;-0.00;0.50;0.024;4.37;5.25;-1000.00;-1000.00
9273.175;2527;-1.38;-1.41;252.90;-1.45;-1.55;-90.00;-0.00;0.50;593;0;1;0;0.26;0.39;0.00;-0.00;-0.00;0.00;-0.00;0.00;-1.45;-1.55;-90.00;-0.00;0.50;0.022;4.37;5.25;-1000.00;-1000.00
9273.275;2535;-1.38;-1.41;252.90;-1.45;-1.55;-90.00;-0.00;0.50;593;0;1;0;0.26;0.39;0.00;-0.00;-0.00;0.00;-0.00;0.00;-1.45;-1.55;-90.00;-0.00;0.50;0.021;4.37;5.25;-1000.00;-1000.00
9273.375;2546;-1.38;-1.41;252.90;-1.45;-1.55;-90.00;-0.00;0.50;593;0;1;0;0.68;0.41;0.00;-0.00;-0.00;0.00;-0.00;0.00;-1.45;-1.55;-90.00;-0.00;0.50;0.018;4.37;5.25;-1000.00;-1000.00
9273.475;2554;-1.39;-1.43;254.64;-1.45;-1.55;-90.00;-0.00;0.50;593;0;1;0;0.60;0.43;0.34;0.02;0.00;0.04;-0.01;1.04;-1.45;-1.55;-90.00;-0.00;0.50;0.022;4.37;5.25;-1000.00;-1000.00
9273.605;2568;-1.40;-1.48;262.38;-1.45;-1.55;-90.00;-0.00;0.50;593;0;1;0;0.25;0.44;0.43;-0.01;-0.01;0.10;0.04;0.72;-1.45;-1.55;-90.00;-0.00;0.50;0.043;4.37;5.25;-1000.00;-1000.00
9273.675;2573;-1.40;-1.50;263.87;-1.45;-1.55;-90.00;-0.00;0.50;593;0;1;0;0.18;0.45;0.45;-0.02;0.00;-0.01;-0.01;0.31;-1.45;-1.55;-90.00;-0.00;0.50;0.021;4.37;5.25;-1000.00;-1000.00
9273.785;2584;-1.41;-1.55;264.30;-1.45;-1.79;-90.00;-0.00;0.50;593;1;1;0;0.17;0.45;0.45;0.00;-0.01;0.10;0.06;-0.07;-1.45;-1.55;-90.00;-0.00;0.50;0.021;4.37;5.25;-1000.00;-1000.00
9273.885;2597;-1.41;-1.61;264.25;-1.45;-1.79;-90.00;-0.00;0.50;593;1;1;0;0.19;0.45;0.45;-0.00;-0.01;-0.00;-0.00;-0.02;-1.45;-1.59;-90.00;-0.00;0.50;0.031;4.37;5.25;-1000.00;-1000.00
9273.975;2607;-1.42;-1.65;264.35;-1.45;-1.79;-90.00;-0.00;0.50;593;1;1;0;0.20;0.45;0.44;-0.01;-0.01;-0.03;-0.02;0.04;-1.45;-1.63;-90.00;-0.00;0.50;0.022;4.37;5.25;-1000.00;-1000.00
9274.075;2616;-1.42;-1.69;264.48;-1.45;-1.79;-90.00;-0.00;0.50;593;1;1;0;0.20;0.45;0.45;-0.01;-0.01;0.05;0.03;0.00;-1.45;-1.67;-90.00;-0.00;0.50;0.022;4.37;5.25;-1000.00;-1000.00
9274.175;2627;-1.43;-1.74;264.80;-1.45;-1.79;-90.00;-0.00;0.50;593;1;1;0;0.20;0.45;0.43;-0.01;-0.01;-0.03;-0.02;0.06;-1.45;-1.72;-90.00;-0.00;0.50;0.026;4.37;5.25;-1000.00;-1000.00
9274.285;2635;-1.43;-1.78;264.97;-1.45;-2.03;-90.00;-0.00;0.50;593;2;1;0;0.20;0.45;0.43;-0.01;-0.01;-0.04;-0.03;0.10;-1.45;-1.75;-90.00;-0.00;0.50;0.032;4.37;5.25;-1000.00;-1000.00
9274.375;2646;-1.44;-1.82;265.19;-1.45;-2.03;-90.00;-0.00;0.50;593;2;1;0;0.20;0.45;0.44;-0.01;-0.01;-0.00;-0.01;0.02;-1.45;-1.81;-90.00;-0.00;0.50;0.015;4.37;5.25;-1000.00;-1000.00
9274.465;2654;-1.44;-1.86;265.35;-1.45;-2.03;-90.00;-0.00;0.50;593;2;1;0;0.20;0.45;0.44;-0.01;-0.01;-0.02;-0.02;0.05;-1.45;-1.86;-90.00;-0.00;0.50;0.009;4.37;5.25;-1000.00;-1000.00
9274.565;2665;-1.44;-1.91;265.57;-1.45;-2.03;-90.00;-0.00;0.50;593;2;1;0;0.20;0.46;0.44;-0.01;-0.01;-0.00;-0.01;0.02;-1.45;-1.91;-90.00;-0.00;0.50;0.014;4.37;5.25;-1000.00;-1000.00
9274.665;2673;-1.45;-1.94;265.76;-1.45;-2.03;-90.00;-0.00;0.50;593;2;1;0;0.20;0.46;0.43;-0.01;-0.01;-0.04;-0.03;0.09;-1.45;-1.95;-90.00;-0.00;0.50;0.010;4.37;5.25;-1000.00;-1000.00
9274.775;2687;-1.45;-2.01;266.06;-1.45;-2.26;-90.00;-0.00;0.50;593;3;1;0;0.20;0.46;0.45;-0.01;-0.01;-0.01;-0.01;0.02;-1.45;-1.98;-90.00;-0.00;0.50;0.021;4.37;5.25;-1000.00;-1000.00
9274.865;2692;-1.45;-2.03;266.12;-1.45;-2.26;-90.00;-0.00;0.50;593;3;1;0;0.20;0.46;0.44;-0.01;-0.01;-0.04;-0.03;0.09;-1.45;-2.03;-90.00;-0.00;0.50;0.008;4.37;5.25;-1000.00;-1000.00
9274.955;2703;-1.46;-2.08;266.29;-1.45;-2.26;-90.00;-0.00;0.50;593;3;1;0;0.20;0.46;0.46;-0.00;-0.01;-0.05;-0.03;0.07;-1.45;-2.08;-90.00;-0.00;0.50;0.005;4.37;5.25;-1000.00;-1000.00
9275.065;2715;-1.46;-2.13;266.54;-1.45;-2.26;-90.00;-0.00;0.50;593;3;1;0;0.20;0.46;0.46;-0.01;-0.01;-0.05;-0.03;0.08;-1.45;-2.11;-90.00;-0.00;0.50;0.014;4.37;5.25;-1000.00;-1000.00
9275.155;2725;-1.47;-2.18;266.82;-1.45;-2.26;-90.00;-0.00;0.50;593;3;1;0;0.20;0.46;0.45;-0.01;-0.01;0.00;-0.01;-0.00;-1.45;-2.18;-90.00;-0.00;0.50;0.007;4.37;5.25;-1000.00;-1000.00
9275.255;2734;-1.47;-2.22;266.95;-1.45;-2.26;-90.00;-0.00;0.50;593;3;1;0;0.20;0.46;0.44;-0.01;-0.01;-0.04;-0.03;0.09;-1.45;-2.20;-90.00;-0.00;0.50;0.008;4.37;5.25;-1000.00;-1000.00
9275.355;2745;-1.47;-2.27;267.07;-1.45;-2.50;-90.00;0.00;0.50;593;4;1;0;0.20;0.47;0.45;-0.01;-0.01;-0.04;-0.03;0.10;-1.45;-2.27;-90.00;-0.00;0.50;0.008;4.37;5.25;-1000.00;-1000.00
9275.455;2753;-1.48;-2.30;267.22;-1.45;-2.50;-90.00;0.00;0.50;593;4;1;0;0.20;0.47;0.46;-0.01;-0.01;0.01;-0.01;-0.00;-1.45;-2.31;-90.00;-0.00;0.50;0.001;4.37;5.25;-1000.00;-1000.00
9275.565;2764;-1.48;-2.35;267.44;-1.45;-2.50;-90.00;0.00;0.50;593;4;1;0;0.19;0.47;0.45;-0.01;-0.01;-0.03;-0.02;0.05;-1.45;-2.36;-90.00;-0.00;0.50;0.003;4.37;5.25;-1000.00;-1000.00
9275.655;2772;-1.48;-2.39;267.43;-1.45;-2.50;-90.00;0.00;0.50;593;4;1;0;0.20;0.47;0.47;-0.00;-0.01;0.10;0.06;-0.03;-1.45;-2.39;-90.00;-0.00;0.50;0.002;4.37;5.25;-1000.00;-1000.00
9275.755;2783;-1.48;-2.44;267.72;-1.45;-2.50;-90.00;0.00;0.50;593;4;1;0;0.19;0.47;0.46;-0.01;-0.01;0.01;-0.01;0.00;-1.45;-2.44;-90.00;0.00;0.50;0.001;4.37;5.25;-1000.00;-1000.00
9275.915;2800;-1.49;-2.52;268.22;-1.45;-2.75;-90.00;0.00;-0.50;589;0;1;2;0.19;0.47;0.48;-0.02;-0.01;-0.05;-0.03;0.14;-1.45;-2.48;-90.00;0.00;0.50;0.059;4.37;5.25;-1000.00;-1000.00
9276.015;2810;-1.50;-2.57;268.88;-1.45;-2.45;-90.00;-0.00;0.37;590;0;1;7;0.04;0.43;0.46;-0.02;-0.01;-0.04;-0.04;0.03;-1.45;-2.54;-90.00;0.00;-0.50;0.029;4.37;5.25;-1000.00;-1000.00
9276.065;2814;-1.50;-2.58;268.62;-1.40;-2.83;-65.10;0.79;0.50;590;1;1;7;0.49;0.42;0.43;-0.00;-0.01;0.03;0.03;-0.17;-1.45;-2.58;-87.68;0.29;0.42;0.020;4.37;5.25;-1000.00;-1000.00
9276.165;2825;-1.50;-2.63;269.83;-1.40;-2.83;-65.10;0.79;0.50;590;1;1;7;0.59;0.43;0.40;-0.03;-0.01;-0.07;-0.04;0.70;-1.45;-2.63;-85.54;0.38;0.43;0.014;4.37;5.25;-1000.00;-1000.00
9276.265;2833;-1.50;-2.66;273.08;-1.40;-2.83;-65.10;0.79;0.50;590;1;1;7;0.61;0.44;0.43;-0.01;-0.01;0.02;-0.00;0.72;-1.44;-2.66;-83.63;0.44;0.44;0.014;4.37;5.25;-1000.00;-1000.00
9276.385;2848;-1.50;-2.73;279.90;-1.40;-2.83;-65.10;0.79;0.50;590;1;1;7;0.58;0.43;0.39;0.02;-0.11;0.34;-0.36;0.79;-1.44;-2.69;-81.29;0.51;0.45;0.028;4.37;5.26;-1000.00;-1000.00
9276.475;2856;-1.49;-2.76;283.55;-1.04;-3.07;-3.77;0.79;0.50;590;2;1;7;0.67;0.43;0.46;-0.06;-0.03;-0.23;-0.07;0.90;-1.43;-2.74;-76.90;0.60;0.47;0.015;4.37;5.26;-1000.00;-1000.00
9276.565;2866;-1.48;-2.80;288.48;-1.04;-3.07;-3.77;0.79;0.50;590;2;1;7;0.53;0.44;0.45;-0.02;-0.00;-0.03;-0.05;0.70;-1.42;-2.77;-73.33;0.67;0.48;0.014;4.37;5.25;-1000.00;-1000.00
9276.675;2875;-1.47;-2.84;290.48;-1.04;-3.07;-3.77;0.79;0.50;590;2;1;7;0.69;0.45;0.47;-0.01;-0.00;0.11;0.17;0.26;-1.41;-2.80;-69.20;0.73;0.49;0.024;4.37;5.25;-1000.00;-1000.00
9276.755;2884;-1.45;-2.88;293.49;-1.04;-3.07;-3.77;0.79;0.50;590;2;1;7;0.79;0.46;0.45;-0.05;-0.01;-0.09;-0.12;0.92;-1.39;-2.85;-62.00;0.79;0.50;0.009;4.37;5.25;-1000.00;-1000.00
9276.865;2894;-1.44;-2.93;298.55;-1.04;-3.07;-3.77;0.79;0.50;590;2;1;7;0.79;0.47;0.54;-0.03;-0.01;0.05;0.08;0.95;-1.37;-2.88;-57.04;0.79;0.50;0.010;4.37;5.25;-1000.00;-1000.00
9276.965;2903;-1.42;-2.97;304.48;-1.04;-3.07;-3.77;0.79;0.50;590;2;1;7;0.79;0.49;0.51;-0.13;-0.02;-0.06;-0.11;1.33;-1.35;-2.91;-52.09;0.79;0.50;0.011;4.37;5.25;-1000.00;-1000.00
9277.065;2913;-1.39;-3.02;311.34;-1.04;-3.07;-3.77;0.79;0.50;590;2;1;7;0.79;0.49;0.56;-0.14;-0.01;0.00;-0.05;1.20;-1.32;-2.94;-47.13;0.79;0.50;0.019;4.37;5.26;-1000.00;-1000.00
9277.175;2926;-1.36;-3.09;321.33;-1.04;-3.07;-3.77;0.79;0.50;590;2;1;7;0.73;0.49;0.56;-0.23;-0.01;0.00;-0.10;1.62;-1.30;-2.97;-42.18;0.79;0.50;0.020;4.37;5.26;-1000.00;-1000.00
9277.275;2936;-1.32;-3.14;329.16;-1.04;-3.07;-3.77;0.79;0.50;590;2;1;7;0.73;0.49;0.55;-0.20;-0.01;0.01;0.07;1.35;-1.25;-3.00;-34.74;0.79;0.50;0.020;4.37;5.26;-1000.00;-1000.00
9277.385;2945;-1.29;-3.18;336.83;-1.04;-3.07;-3.77;0.79;0.50;590;2;1;7;0.66;0.49;0.52;-0.21;-0.01;0.02;0.00;1.49;-1.22;-3.02;-29.79;0.79;0.50;0.029;4.37;5.26;-1000.00;-1000.00
9277.465;2956;-1.24;-3.22;345.87;-1.04;-3.07;-3.77;0.79;0.50;590;2;1;7;0.62;0.49;0.55;-0.20;-0.09;-0.36;-0.10;1.36;-1.17;-3.04;-22.36;0.79;0.50;0.009;4.37;5.26;-1000.00;-1000.00
9277.565;2964;-1.20;-3.23;351.30;-1.04;-3.07;-3.77;0.79;0.50;590;2;1;7;0.62;0.48;0.50;-0.14;-0.01;-0.00;-0.02;1.10;-1.14;-3.06;-17.40;0.79;0.50;0.018;4.37;5.26;-1000.00;-1000.00
9277.675;2975;-1.15;-3.26;358.35;-1.04;-3.07;-3.77;0.79;0.50;590;2;1;7;0.60;0.47;0.52;-0.19;-0.09;-0.30;-0.23;1.20;-1.11;-3.07;-12.44;0.79;0.50;0.016;4.37;5.26;-1000.00;-1000.00
9277.765;2983;-1.11;-3.26;363.60;-1.04;-3.07;-3.77;0.79;0.50;590;2;1;7;0.54;0.45;0.47;-0.11;-0.01;0.03;-0.05;1.15;-1.09;-3.07;-9.97;0.79;0.50;0.010;4.37;5.26;-1000.00;-1000.00
9277.865;2992;-1.07;-3.27;368.47;-0.66;-2.89;54.20;0.73;0.50;590;3;1;7;0.55;0.44;0.46;-0.06;-0.01;-0.07;0.06;0.80;-1.05;-3.07;-5.01;0.79;0.50;0.009;4.37;5.26;-1000.00;-1000.00
9277.965;3002;-1.02;-3.26;372.81;-0.66;-2.89;54.20;0.73;0.50;590;3;1;7;0.12;0.44;0.44;-0.02;-0.00;0.02;0.02;0.62;-1.02;-3.08;-0.07;0.78;0.50;0.007;4.37;5.26;-1000.00;-1000.00
9278.065;3015;-0.97;-3.25;374.97;-0.66;-2.89;54.20;0.73;0.50;590;3;1;7;0.24;0.44;0.44;-0.01;-0.01;-0.01;0.01;-0.15;-1.00;-3.07;2.39;0.78;0.50;0.009;4.37;5.26;-1000.00;-1000.00
9278.165;3025;-0.92;-3.24;375.08;-0.66;-2.89;54.20;0.73;0.50;590;3;1;7;0.48;0.44;0.42;-0.01;-0.01;0.05;-0.03;0.12;-0.96;-3.07;7.26;0.78;0.50;0.011;4.37;5.26;-1000.00;-1000.00
9278.255;3034;-0.89;-3.23;376.74;-0.66;-2.89;54.20;0.73;0.50;590;3;1;7;0.63;0.45;0.46;-0.06;-0.04;0.12;-0.29;0.66;-0.93;-3.07;12.10;0.77;0.50;0.005;4.37;5.26;-1000.00;-1000.00
9278.355;3044;-0.84;-3.22;381.04;-0.66;-2.89;54.20;0.73;0.50;590;3;1;7;0.67;0.45;0.46;-0.00;-0.01;-0.10;0.07;0.69;-0.89;-3.06;16.88;0.77;0.50;0.008;4.37;5.26;-1000.00;-1000.00
9278.465;3053;-0.80;-3.20;384.42;-0.66;-2.89;54.20;0.73;0.50;590;3;1;7;0.74;0.46;0.45;-0.08;-0.01;0.10;-0.06;0.89;-0.86;-3.04;21.63;0.76;0.50;0.005;4.37;5.26;-1000.00;-1000.00
9278.565;3063;-0.76;-3.19;388.84;-0.66;-2.89;54.20;0.73;0.50;590;3;1;7;0.75;0.46;0.50;-0.05;-0.01;0.04;-0.01;0.77;-0.84;-3.04;23.98;0.76;0.50;0.007;4.37;5.26;-1000.00;-1000.00
9278.655;3072;-0.72;-3.17;393.33;-0.66;-2.89;54.20;0.73;0.50;590;3;1;7;0.79;0.46;0.50;-0.10;-0.01;0.06;-0.01;1.10;-0.81;-3.02;28.66;0.75;0.50;0.005;4.37;5.26;-1000.00;-1000.00
9278.755;3082;-0.67;-3.15;399.29;-0.66;-2.89;54.20;0.73;0.50;590;3;1;7;0.78;0.46;0.50;-0.14;-0.02;0.10;-0.03;1.20;-0.78;-3.00;33.30;0.75;0.50;0.004;4.37;5.26;-1000.00;-1000.00
9278.865;3096;-0.60;-3.11;408.42;-0.66;-2.89;54.20;0.73;0.50;590;3;1;7;0.71;0.44;0.51;-0.19;-0.01;0.05;0.03;1.40;-0.75;-2.98;37.90;0.75;0.50;0.013;4.37;5.26;-1000.00;-1000.00
9278.965;3105;-0.56;-3.09;414.14;-0.66;-2.89;54.20;0.73;0.50;590;3;1;7;0.73;0.43;0.48;-0.16;-0.01;-0.02;0.02;1.03;-0.72;-2.96;42.45;0.74;0.50;0.009;4.37;5.26;-1000.00;-1000.00
9279.065;3116;-0.52;-3.05;420.92;-0.66;-2.89;54.20;0.73;0.50;590;3;1;7;0.69;0.42;0.44;-0.09;-0.11;0.01;0.53;0.98;-0.68;-2.92;49.20;0.73;0.50;0.009;4.37;5.26;-1000.00;-1000.00
9279.165;3124;-0.50;-3.02;425.62;-0.66;-2.89;54.20;0.73;0.50;590;3;1;7;0.68;0.41;0.44;-0.11;-0.01;0.02;-0.00;1.05;-0.66;-2.89;53.65;0.73;0.50;0.009;4.37;5.26;-1000.00;-1000.00
9279.265;3135;-0.47;-2.98;431.91;-0.66;-2.89;54.20;0.73;0.50;590;3;1;7;0.56;0.39;0.42;-0.09;-0.01;0.08;0.01;1.01;-0.65;-2.88;55.84;0.72;0.50;0.005;4.37;5.26;-1000.00;-1000.00
9279.365;3143;-0.46;-2.95;435.27;-0.66;-2.89;54.20;0.73;0.50;590;3;1;7;0.54;0.37;0.42;-0.04;-0.01;-0.22;-0.09;0.53;-0.63;-2.85;60.01;0.68;0.50;0.005;4.37;5.26;-1000.00;-1000.00
9279.465;3154;-0.44;-2.91;439.00;-0.66;-2.89;54.20;0.73;0.50;590;3;1;7;0.48;0.35;0.37;0.00;-0.01;0.05;0.03;0.46;-0.62;-2.83;61.99;0.66;0.50;0.009;4.37;5.26;-1000.00;-1000.00
9279.575;3165;-0.44;-2.87;440.92;-0.66;-2.89;54.20;0.73;0.50;590;3;1;7;0.50;0.33;0.36;-0.00;0.00;0.02;0.01;0.35;-0.60;-2.80;65.74;0.63;0.50;0.013;4.37;5.26;-1000.00;-1000.00
9279.665;3176;-0.43;-2.83;443.55;-0.66;-2.89;54.20;0.73;0.50;590;3;1;7;0.45;0.31;0.34;-0.01;-0.01;-0.19;-0.11;0.33;-0.60;-2.78;67.52;0.61;0.50;0.010;4.37;5.26;-1000.00;-1000.00
9279.765;3186;-0.42;-2.80;445.46;-0.66;-2.89;54.20;0.73;0.50;590;3;1;7;0.42;0.29;0.31;-0.01;-0.01;-0.01;-0.01;0.29;-0.59;-2.76;69.23;0.59;0.50;0.011;4.37;5.26;-1000.00;-1000.00
9279.865;3192;-0.42;-2.78;446.31;-0.66;-2.89;54.20;0.73;0.50;590;3;1;7;0.45;0.28;0.29;-0.01;-0.01;0.06;0.03;0.31;-0.58;-2.73;72.46;0.56;0.50;0.008;4.37;5.26;-1000.00;-1000.00
9279.965;3205;-0.42;-2.75;447.94;-0.66;-2.89;54.20;0.73;0.50;590;3;1;7;0.43;0.27;0.28;-0.04;-0.01;0.15;0.10;0.31;-0.57;-2.71;73.98;0.54;0.50;0.009;4.37;5.26;-1000.00;-1000.00
9280.065;3215;-0.42;-2.72;448.93;-0.66;-2.89;54.20;0.73;0.50;590;3;1;7;0.43;0.25;0.27;-0.01;-0.01;-0.14;-0.10;0.12;-0.57;-2.70;75.44;0.52;0.50;0.009;4.37;5.26;-1000.00;-1000.00
9280.155;3224;-0.41;-2.70;449.94;-0.66;-2.89;54.20;0.73;0.50;590;3;1;7;0.45;0.24;0.25;-0.03;-0.01;-0.07;-0.05;0.13;-0.56;-2.66;78.18;0.49;0.50;0.006;4.37;5.26;-1000.00;-1000.00
9280.255;3234;-0.41;-2.67;451.08;-0.66;-2.89;54.20;0.73;0.50;590;3;1;7;0.44;0.23;0.24;-0.03;-0.01;-0.03;-0.02;0.16;-0.56;-2.64;79.47;0.47;0.50;0.004;4.37;5.26;-1000.00;-1000.00
9280.365;3243;-0.41;-2.65;452.01;-0.66;-2.89;54.20;0.73;0.50;590;3;1;7;0.43;0.22;0.23;-0.04;-0.01;0.08;0.07;0.21;-0.55;-2.62;80.70;0.45;0.50;0.013;4.37;5.26;-1000.00;-1000.00
9280.465;3253;-0.41;-2.63;452.85;-0.66;-2.89;54.20;0.73;0.50;590;3;1;7;0.43;0.21;0.22;-0.01;-0.01;0.05;0.04;0.21;-0.55;-2.61;81.87;0.44;0.50;0.005;4.37;5.26;-1000.00;-1000.00
9280.605;3268;-0.41;-2.60;453.78;-0.55;-2.45;90.00;-0.00;0.50;114;0;1;0;0.41;0.21;0.19;-0.01;-0.01;0.05;0.04;0.15;-0.55;-2.59;82.99;0.42;0.50;0.031;4.37;5.26;-1000.00;-1000.00
9280.675;3276;-0.41;-2.58;453.99;-0.55;-2.45;90.00;-0.00;0.50;114;0;1;0;0.15;0.23;0.19;-0.00;-0.01;0.05;0.04;0.11;-0.55;-2.45;90.00;-0.00;0.50;0.022;4.37;5.26;-1000.00;-1000.00
9280.775;3287;-0.41;-2.56;453.23;-0.55;-2.45;90.00;-0.00;0.50;114;0;1;0;0.18;0.26;0.23;0.00;-0.01;-0.08;-0.07;-0.21;-0.55;-2.45;90.00;-0.00;0.50;0.025;4.37;5.26;-1000.00;-1000.00
9280.885;3295;-0.41;-2.54;452.76;-0.55;-2.45;90.00;-0.00;0.50;114;0;1;0;0.20;0.28;0.25;-0.00;-0.01;-0.02;-0.02;-0.08;-0.55;-2.45;90.00;-0.00;0.50;0.030;4.37;5.26;-1000.00;-1000.00
9280.985;3306;-0.41;-2.51;452.53;-0.55;-2.45;90.00;-0.00;0.50;114;0;1;0;0.21;0.30;0.28;-0.00;-0.01;0.05;0.04;0.02;-0.55;-2.45;90.00;-0.00;0.50;0.031;4.37;5.26;-1000.00;-1000.00
9281.065;3314;-0.41;-2.49;452.65;-0.55;-2.45;90.00;-0.00;0.50;114;0;1;0;0.20;0.31;0.29;-0.00;-0.01;0.01;0.02;0.01;-0.55;-2.45;90.00;-0.00;0.50;0.017;4.37;5.26;-1000.00;-1000.00
9281.175;3323;-0.41;-2.46;452.75;-0.55;-2.45;90.00;-0.00;0.50;114;0;1;0;0.20;0.32;0.30;-0.01;-0.01;0.05;0.04;0.08;-0.55;-2.45;90.00;-0.00;0.50;0.023;4.37;5.26;-1000.00;-1000.00
9281.265;3333;-0.41;-2.43;452.91;-0.55;-2.45;90.00;-0.00;0.50;114;0;1;0;0.19;0.33;0.32;-0.00;-0.01;-0.02;-0.00;-0.01;-0.55;-2.43;90.00;-0.00;0.50;0.017;4.37;5.26;-1000.00;-1000.00
9281.385;3348;-0.42;-2.38;453.12;-0.55;-2.45;90.00;-0.00;0.50;114;0;1;0;0.17;0.34;0.31;-0.01;-0.01;0.02;0.02;0.04;-0.55;-2.40;90.00;-0.00;0.50;0.023;4.37;5.26;-1000.00;-1000.00
9281.485;3356;-0.42;-2.36;453.04;-0.55;-2.45;90.00;-0.00;0.50;114;0;1;0;0.17;0.34;0.34;0.00;-0.01;-0.09;-0.07;-0.04;-0.55;-2.37;90.00;-0.00;0.50;0.032;4.36;5.26;-1000.00;-1000.00
9281.575;3367;-0.42;-2.32;453.20;-0.55;-2.45;90.00;-0.00;0.50;114;0;1;0;0.16;0.35;0.33;-0.01;-0.01;0.02;0.03;0.03;-0.55;-2.34;90.00;-0.00;0.50;0.024;4.36;5.26;-1000.00;-1000.00
9281.675;3375;-0.42;-2.29;453.21;-0.55;-2.45;90.00;-0.00;0.50;114;0;1;0;0.16;0.36;0.33;-0.00;-0.01;0.01;0.02;0.02;-0.55;-2.31;90.00;-0.00;0.50;0.019;4.36;5.26;-1000.00;-1000.00
9281.775;3386;-0.42;-2.26;453.24;-0.55;-2.45;90.00;-0.00;0.50;114;0;1;0;0.15;0.36;0.34;-0.00;-0.01;0.01;0.02;0.02;-0.55;-2.26;90.00;-0.00;0.50;0.021;4.36;5.26;-1000.00;-1000.00
9281.885;3394;-0.42;-2.23;453.25;-0.55;-2.45;90.00;-0.00;0.50;114;0;1;0;0.15;0.37;0.35;-0.00;-0.01;0.01;0.02;0.02;-0.55;-2.23;90.00;-0.00;0.50;0.026;4.36;5.26;-1000.00;-1000.00
9281.975;3405;-0.42;-2.19;453.27;-0.55;-2.45;90.00;-0.00;0.50;114;0;1;0;0.14;0.37;0.35;-0.00;-0.01;0.01;0.02;0.02;-0.55;-2.19;90.00;-0.00;0.50;0.019;4.36;5.26;-1000.00;-1000.00
9282.085;3417;-0.43;-2.15;453.29;-0.55;-2.45;90.00;-0.00;0.50;114;0;1;0;0.14;0.38;0.36;-0.00;-0.01;0.01;0.02;0.02;-0.55;-2.16;90.00;-0.00;0.50;0.027;4.36;5.26;-1000.00;-1000.00
9282.175;3427;-0.43;-2.11;453.30;-0.55;-2.45;90.00;-0.00;0.50;114;0;1;0;0.13;0.38;0.37;-0.00;-0.01;0.01;0.02;0.01;-0.55;-2.13;90.00;-0.00;0.50;0.025;4.36;5.26;-1000.00;-1000.00
9282.275;3437;-0.43;-2.07;453.29;-0.55;-2.45;90.00;-0.00;0.50;114;0;1;0;0.13;0.39;0.37;-0.00;-0.01;0.01;0.02;0.01;-0.55;-2.09;90.00;-0.00;0.50;0.025;4.36;5.26;-1000.00;-1000.00
9282.395;3447;-0.43;-2.04;453.29;-0.55;-1.97;90.00;-0.00;0.50;114;2;1;0;0.13;0.39;0.37;-0.00;-0.01;0.01;0.02;0.01;-0.55;-2.05;90.00;-0.00;0.50;0.037;4.36;5.26;-1000.00;-1000.00
9282.475;3456;-0.43;-2.00;453.29;-0.55;-1.97;90.00;-0.00;0.50;114;2;1;0;0.12;0.39;0.38;-0.00;-0.01;0.01;0.02;0.01;-0.55;-2.02;90.00;-0.00;0.50;0.020;4.36;5.26;-1000.00;-1000.00
9282.565;3462;-0.43;-1.98;453.28;-0.55;-1.97;90.00;-0.00;0.50;114;2;1;0;0.12;0.40;0.38;-0.00;-0.01;0.02;0.02;0.01;-0.55;-1.98;90.00;-0.00;0.50;0.008;4.36;5.26;-1000.00;-1000.00
9282.675;3477;-0.44;-1.92;453.27;-0.55;-1.97;90.00;-0.00;0.50;114;2;1;0;0.11;0.40;0.39;-0.00;-0.01;0.02;0.02;0.01;-0.55;-1.93;90.00;-0.00;0.50;0.013;4.36;5.26;-1000.00;-1000.00
9282.775;3485;-0.44;-1.89;453.25;-0.55;-1.97;90.00;-0.00;0.50;114;2;1;0;0.11;0.41;0.39;-0.00;-0.01;0.02;0.02;0.00;-0.55;-1.91;90.00;-0.00;0.50;0.021;4.36;5.26;-1000.00;-1000.00
9282.865;3496;-0.44;-1.85;453.23;-0.55;-1.97;90.00;-0.00;0.50;114;2;1;0;0.11;0.41;0.39;-0.00;-0.01;0.02;0.02;0.00;-0.55;-1.86;90.00;-0.00;0.50;0.021;4.36;5.26;-1000.00;-1000.00
9282.975;3504;-0.44;-1.82;453.21;-0.55;-1.74;90.00;-0.00;0.50;114;3;1;0;0.10;0.41;0.40;-0.00;-0.01;0.02;0.02;0.00;-0.55;-1.81;90.00;-0.00;0.50;0.021;4.36;5.26;-1000.00;-1000.00
9283.065;3515;-0.44;-1.77;453.19;-0.55;-1.74;90.00;-0.00;0.50;114;3;1;0;0.10;0.42;0.40;-0.00;-0.01;0.02;0.01;0.00;-0.55;-1.78;90.00;-0.00;0.50;0.006;4.36;5.26;-1000.00;-1000.00
9283.175;3523;-0.45;-1.74;453.18;-0.55;-1.74;90.00;-0.00;0.50;114;3;1;0;0.10;0.42;0.40;-0.00;-0.01;0.02;0.01;0.00;-0.55;-1.74;90.00;-0.00;0.50;0.014;4.36;5.26;-1000.00;-1000.00
9283.255;3534;-0.45;-1.70;453.16;-0.55;-1.74;90.00;-0.00;0.50;114;3;1;0;0.09;0.43;0.41;-0.00;-0.01;0.02;0.01;-0.00;-0.55;-1.69;90.00;-0.00;0.50;0.004;4.36;5.26;-1000.00;-1000.00
9283.375;3546;-0.45;-1.65;453.13;-0.55;-1.74;90.00;-0.00;0.50;114;3;1;0;0.09;0.43;0.41;-0.00;-0.01;0.02;0.01;0.00;-0.55;-1.67;90.00;-0.00;0.50;0.017;4.36;5.26;-1000.00;-1000.00
9283.455;3551;-0.45;-1.63;453.12;-0.55;-1.50;90.00;0.00;0.50;114;4;1;0;0.09;0.43;0.41;-0.00;-0.01;0.02;0.01;-0.00;-0.55;-1.62;90.00;-0.00;0.50;0.005;4.36;5.26;-1000.00;-1000.00
9283.555;3562;-0.45;-1.58;453.09;-0.55;-1.50;90.00;0.00;0.50;114;4;1;0;0.08;0.43;0.42;-0.00;-0.01;0.02;0.01;-0.00;-0.55;-1.58;90.00;-0.00;0.50;0.006;4.36;5.26;-1000.00;-1000.00
9283.655;3575;-0.46;-1.53;453.08;-0.55;-1.50;90.00;0.00;0.50;114;4;1;0;0.08;0.44;0.42;-0.00;-0.00;0.01;0.01;0.00;-0.55;-1.54;90.00;0.00;0.50;0.003;4.36;5.26;-1000.00;-1000.00
9283.755;3581;-0.46;-1.50;453.06;-0.55;-1.50;90.00;0.00;0.50;114;4;1;0;0.08;0.44;0.42;-0.00;-0.00;0.01;0.01;-0.00;-0.55;-1.50;90.00;0.00;0.50;0.001;4.36;5.26;-1000.00;-1000.00
9283.915;3600;-0.46;-1.42;452.96;-0.55;-1.14;84.96;-0.49;0.50;1006;1;1;6;0.07;0.44;0.43;-0.00;-0.00;0.01;0.01;-0.01;-0.55;-1.44;90.00;0.00;0.50;0.058;4.36;5.26;-1000.00;-1000.00
9283.975;3604;-0.46;-1.40;452.95;-0.55;-1.14;84.96;-0.49;0.50;1006;1;1;6;0.24;0.45;0.43;-0.00;-0.00;0.01;0.01;-0.00;-0.55;-1.25;90.00;-0.05;0.05;0.020;4.36;5.26;-1000.00;-1000.00
9284.075;3614;-0.46;-1.36;453.61;-0.49;-0.93;63.79;-0.75;0.50;1006;2;1;6;0.13;0.45;0.44;-0.01;-0.00;-0.04;-0.03;0.24;-0.55;-1.25;90.00;-0.05;0.05;0.016;4.36;5.26;-1000.00;-1000.00
9284.165;3624;-0.47;-1.32;454.43;-0.49;-0.93;63.79;-0.75;0.50;1006;2;1;6;0.03;0.44;0.44;-0.00;-0.01;-0.02;-0.02;-0.01;-0.55;-1.25;90.00;-0.05;0.05;0.009;4.36;5.26;-1000.00;-1000.00
9284.275;3636;-0.47;-1.26;453.76;-0.49;-0.93;63.79;-0.75;0.50;1006;2;1;6;-0.06;0.42;0.43;0.01;-0.01;0.05;0.04;-0.14;-0.55;-1.25;90.00;-0.05;0.05;0.023;4.36;5.26;-1000.00;-1000.00
9284.365;3643;-0.47;-1.23;452.92;-0.49;-0.93;63.79;-0.75;0.50;1006;2;1;6;-0.25;0.41;0.42;0.01;-0.01;0.05;0.04;-0.24;-0.55;-1.24;89.82;-0.17;0.18;0.008;4.36;5.26;-1000.00;-1000.00
9284.475;3656;-0.47;-1.18;450.29;-0.36;-0.77;37.77;-0.70;0.50;1006;3;1;6;-0.42;0.41;0.41;0.01;0.00;-0.02;0.02;-0.37;-0.55;-1.20;88.29;-0.34;0.35;0.021;4.36;5.26;-1000.00;-1000.00
9284.565;3662;-0.47;-1.16;448.74;-0.36;-0.77;37.77;-0.70;0.50;1006;3;1;6;-0.61;0.41;0.40;0.01;-0.00;0.04;-0.03;-0.59;-0.55;-1.15;85.56;-0.47;0.48;0.005;4.36;5.26;-1000.00;-1000.00
9284.665;3675;-0.47;-1.10;443.70;-0.36;-0.77;37.77;-0.70;0.50;1006;3;1;6;-0.64;0.41;0.42;0.01;-0.01;-0.10;0.09;-0.79;-0.54;-1.10;81.43;-0.54;0.50;0.006;4.36;5.26;-1000.00;-1000.00
9284.775;3685;-0.47;-1.06;438.33;-0.16;-0.67;16.78;-0.54;0.50;1006;4;1;6;-0.60;0.41;0.43;0.04;-0.07;0.08;0.30;-0.91;-0.54;-1.06;78.61;-0.58;0.50;0.019;4.36;5.26;-1000.00;-1000.00
9284.855;3695;-0.46;-1.02;432.82;-0.16;-0.67;16.78;-0.54;0.50;1006;4;1;6;-0.69;0.41;0.40;-0.00;-0.01;0.07;-0.10;-0.88;-0.52;-1.00;72.20;-0.66;0.50;0.001;4.36;5.26;-1000.00;-1000.00
9284.955;3704;-0.45;-0.99;428.54;-0.16;-0.67;16.78;-0.54;0.50;1006;4;1;6;-0.75;0.41;0.43;0.01;-0.00;-0.10;0.15;-0.65;-0.50;-0.96;67.28;-0.72;0.50;0.002;4.36;5.26;-1000.00;-1000.00
9285.065;3713;-0.43;-0.95;424.27;-0.16;-0.67;16.78;-0.54;0.50;1006;4;1;6;-0.79;0.42;0.40;0.10;-0.01;0.18;-0.35;-1.18;-0.48;-0.92;61.86;-0.75;0.50;0.005;4.36;5.26;-1000.00;-1000.00
9285.155;3722;-0.42;-0.92;418.31;-0.16;-0.67;16.78;-0.54;0.50;1006;4;1;6;-0.77;0.42;0.44;0.05;-0.01;0.05;-0.08;-1.20;-0.46;-0.88;56.41;-0.73;0.50;0.001;4.36;5.26;-1000.00;-1000.00
9285.255;3733;-0.40;-0.87;412.07;-0.16;-0.67;16.78;-0.54;0.50;1006;4;1;6;-0.77;0.42;0.47;0.10;-0.01;-0.01;-0.05;-1.01;-0.43;-0.84;49.77;-0.72;0.50;0.002;4.36;5.26;-1000.00;-1000.00
9285.355;3741;-0.38;-0.84;407.40;-0.16;-0.67;16.78;-0.54;0.50;1006;4;1;6;-0.75;0.43;0.48;0.13;-0.01;-0.00;0.00;-0.97;-0.41;-0.81;45.87;-0.71;0.50;0.001;4.36;5.26;-1000.00;-1000.00
9285.455;3755;-0.35;-0.77;398.91;0.05;-0.64;0.57;-0.47;0.50;1006;5;1;6;-0.70;0.43;0.47;0.16;-0.01;-0.02;0.00;-1.04;-0.37;-0.78;39.51;-0.70;0.50;0.003;4.36;5.26;-1000.00;-1000.00
9285.565;3764;-0.32;-0.74;393.78;0.05;-0.64;0.57;-0.47;0.50;1006;5;1;6;-0.71;0.43;0.47;0.16;-0.01;0.01;-0.03;-1.03;-0.32;-0.75;33.42;-0.67;0.50;0.003;4.36;5.26;-1000.00;-1000.00
9285.655;3774;-0.29;-0.70;387.75;0.05;-0.64;0.57;-0.47;0.50;1006;5;1;6;-0.64;0.44;0.43;0.10;-0.11;-0.53;-0.03;-0.99;-0.28;-0.72;27.78;-0.63;0.50;0.001;4.36;5.26;-1000.00;-1000.00
9285.755;3784;-0.25;-0.67;382.14;0.05;-0.64;0.57;-0.47;0.50;1006;5;1;6;-0.57;0.44;0.43;0.06;-0.09;-0.49;-0.20;-1.04;-0.24;-0.70;23.61;-0.60;0.50;0.002;4.36;5.26;-1000.00;-1000.00
9285.895;3797;-0.20;-0.65;376.17;0.19;-0.64;8.62;0.63;0.50;699;1;1;3;-0.52;0.44;0.44;0.02;-0.01;-0.03;-0.11;-0.75;-0.21;-0.69;20.66;-0.57;0.50;0.036;4.36;5.26;-1000.00;-1000.00
9285.975;3803;-0.17;-0.64;374.05;0.19;-0.64;8.62;0.63;0.50;699;1;1;3;-0.79;0.43;0.44;0.00;-0.01;-0.01;0.00;-0.55;0.05;-0.65;-0.00;0.08;0.06;0.013;4.36;5.26;-1000.00;-1000.00
9286.075;3816;-0.12;-0.63;367.53;0.45;-0.55;25.88;0.22;0.50;699;2;1;3;-0.65;0.42;0.40;0.02;-0.11;-0.50;0.13;-1.39;0.05;-0.65;-0.00;0.08;0.06;0.019;4.36;5.26;-1000.00;-1000.00
9286.175;3826;-0.07;-0.62;360.36;0.45;-0.55;25.88;0.22;0.50;699;2;1;3;-0.13;0.41;0.41;0.10;-0.01;-0.16;-0.21;-1.14;0.05;-0.65;-0.00;0.08;0.06;0.025;4.36;5.26;-1000.00;-1000.00
9286.265;3834;-0.04;-0.62;357.17;0.45;-0.55;25.88;0.22;0.50;699;2;1;3;0.05;0.40;0.41;0.05;-0.01;-0.04;-0.04;-0.17;0.05;-0.65;-0.00;0.08;0.06;0.009;4.36;5.26;-1000.00;-1000.00
9286.365;3845;0.01;-0.62;358.31;0.45;-0.55;25.88;0.22;0.50;699;2;1;3;0.05;0.38;0.39;-0.01;-0.01;-0.02;-0.05;0.25;0.05;-0.65;-0.00;0.08;0.06;0.013;4.36;5.26;-1000.00;-1000.00
9286.465;3853;0.04;-0.62;359.23;0.45;-0.55;25.88;0.22;0.50;699;2;1;3;0.04;0.37;0.37;-0.01;-0.00;-0.01;-0.03;0.17;0.05;-0.65;-0.00;0.08;0.06;0.010;4.36;5.26;-1000.00;-1000.00
9286.585;3868;0.09;-0.62;359.90;0.45;-0.55;25.88;0.22;0.50;699;2;1;3;0.21;0.35;0.37;0.00;-0.00;-0.00;0.00;0.05;0.07;-0.65;0.29;0.23;0.18;0.027;4.36;5.26;-1000.00;-1000.00
9286.665;3872;0.11;-0.62;360.32;0.45;-0.55;25.88;0.22;0.50;699;2;1;3;0.43;0.35;0.35;-0.01;-0.00;0.00;0.00;0.25;0.11;-0.65;2.12;0.41;0.32;0.010;4.36;5.26;-1000.00;-1000.00
9286.775;3887;0.16;-0.62;363.56;0.45;-0.55;25.88;0.22;0.50;699;2;1;3;0.56;0.35;0.34;-0.02;-0.01;0.04;-0.06;0.49;0.15;-0.65;5.11;0.53;0.42;0.020;4.36;5.26;-1000.00;-1000.00
9286.875;3895;0.19;-0.62;365.88;0.45;-0.55;25.88;0.22;0.50;699;2;1;3;0.66;0.36;0.36;-0.00;-0.01;-0.06;0.07;0.54;0.18;-0.64;7.82;0.61;0.48;0.024;4.36;5.26;-1000.00;-1000.00
9286.965;3906;0.22;-0.62;370.43;0.45;-0.55;25.88;0.22;0.50;699;2;1;3;0.61;0.37;0.35;-0.01;-0.01;-0.01;0.04;0.79;0.22;-0.64;12.02;0.57;0.50;0.012;4.36;5.26;-1000.00;-1000.00
9287.085;3915;0.26;-0.61;373.49;0.69;-0.43;24.15;-0.31;0.50;699;3;1;3;0.53;0.37;0.38;-0.01;0.01;-0.02;0.03;0.57;0.24;-0.63;13.92;0.54;0.50;0.022;4.36;5.26;-1000.00;-1000.00
9287.165;3926;0.30;-0.60;377.00;0.69;-0.43;24.15;-0.31;0.50;699;3;1;3;0.47;0.37;0.37;-0.01;-0.01;-0.06;0.08;0.40;0.30;-0.61;18.09;0.46;0.50;0.010;4.36;5.26;-1000.00;-1000.00
9287.255;3934;0.32;-0.59;378.11;0.69;-0.43;24.15;-0.31;0.50;699;3;1;3;0.47;0.38;0.39;-0.00;0.01;-0.02;0.02;0.24;0.33;-0.60;20.20;0.41;0.50;0.004;4.36;5.26;-1000.00;-1000.00
9287.365;3944;0.36;-0.58;380.04;0.69;-0.43;24.15;-0.31;0.50;699;3;1;3;0.42;0.38;0.37;-0.00;-0.01;-0.04;0.03;0.29;0.36;-0.59;22.04;0.36;0.50;0.011;4.36;5.26;-1000.00;-1000.00
9287.455;3953;0.39;-0.57;381.44;0.69;-0.43;24.15;-0.31;0.50;699;3;1;3;0.38;0.39;0.36;-0.03;-0.01;0.05;-0.04;0.31;0.39;-0.58;23.62;0.31;0.50;0.004;4.36;5.26;-1000.00;-1000.00
9287.565;3963;0.43;-0.56;382.12;0.69;-0.43;24.15;-0.31;0.50;699;3;1;3;0.37;0.39;0.41;-0.05;-0.04;0.11;-0.25;0.23;0.43;-0.56;25.34;0.24;0.50;0.010;4.36;5.26;-1000.00;-1000.00
9287.655;3974;0.47;-0.54;383.26;0.69;-0.43;24.15;-0.31;0.50;699;3;1;3;0.31;0.40;0.39;-0.00;-0.01;-0.09;0.06;0.16;0.46;-0.55;26.35;0.19;0.50;0.007;4.36;5.26;-1000.00;-1000.00
9287.755;3982;0.50;-0.53;383.96;0.69;-0.43;24.15;-0.31;0.50;699;3;1;3;0.25;0.40;0.37;-0.02;-0.01;0.06;-0.04;0.18;0.49;-0.53;27.07;0.12;0.50;0.005;4.36;5.26;-1000.00;-1000.00
9287.865;3996;0.55;-0.51;383.83;0.69;-0.43;24.15;-0.31;0.50;699;3;1;3;0.19;0.40;0.40;-0.01;-0.01;-0.01;-0.00;-0.05;0.52;-0.52;27.50;0.06;0.50;0.016;4.36;5.26;-1000.00;-1000.00
9287.965;4005;0.58;-0.50;383.41;0.69;-0.43;24.15;-0.31;0.50;699;3;1;3;0.15;0.40;0.40;-0.01;-0.01;-0.05;0.02;-0.12;0.56;-0.49;27.61;-0.03;0.50;0.011;4.36;5.26;-1000.00;-1000.00
9288.065;4016;0.62;-0.48;382.80;0.69;-0.43;24.15;-0.31;0.50;699;3;1;3;0.06;0.41;0.40;-0.01;-0.01;-0.04;0.02;-0.13;0.61;-0.47;27.00;-0.13;0.50;0.010;4.36;5.26;-1000.00;-1000.00
9288.165;4025;0.65;-0.47;381.96;0.69;-0.43;24.15;-0.31;0.50;699;3;1;3;0.01;0.41;0.40;-0.00;-0.01;0.01;-0.01;-0.18;0.64;-0.45;26.23;-0.20;0.50;0.011;4.36;5.26;-1000.00;-1000.00
9288.265;4035;0.69;-0.45;380.93;0.96;-0.36;0.57;-0.79;0.50;699;4;1;3;-0.06;0.41;0.40;0.00;-0.01;0.04;-0.02;-0.18;0.67;-0.44;25.16;-0.26;0.50;0.008;4.36;5.26;-1000.00;-1000.00
9288.385;4043;0.72;-0.44;379.86;0.95;-0.35;0.00;0.00;-0.50;403;0;1;2;-0.19;0.41;0.41;0.00;-0.00;0.04;-0.02;-0.24;0.71;-0.42;23.26;-0.34;0.50;0.027;4.36;5.26;-1000.00;-1000.00
9288.525;4058;0.78;-0.42;377.37;0.65;-0.35;0.00;-0.00;0.50;217;0;1;0;-0.19;0.41;0.40;0.01;-0.00;-0.00;-0.00;-0.24;0.76;-0.35;-0.00;0.00;-0.50;0.038;4.36;5.26;-1000.00;-1000.00
9288.585;4067;0.79;-0.41;377.21;0.89;-0.35;-0.00;-0.00;0.50;217;1;1;0;-0.19;0.41;0.06;0.02;0.01;0.01;0.02;0.04;0.79;-0.35;-0.00;-0.00;0.50;0.024;4.36;5.26;-1000.00;-1000.00
9288.665;4073;0.80;-0.41;377.29;0.89;-0.35;-0.00;-0.00;0.50;217;1;1;0;-0.19;0.41;-0.00;0.02;-0.06;0.26;0.08;0.03;0.79;-0.35;-0.00;-0.00;0.50;0.012;4.36;5.26;-1000.00;-1000.00
9288.775;4086;0.79;-0.41;377.38;0.89;-0.35;-0.00;-0.00;0.50;217;1;1;0;-0.19;0.41;-0.00;-0.00;-0.00;0.01;-0.00;0.01;0.79;-0.35;-0.00;-0.00;0.50;0.022;4.36;5.26;-1000.00;-1000.00
9288.875;4095;0.79;-0.41;377.40;0.89;-0.35;-0.00;-0.00;0.50;217;1;1;0;-0.19;0.41;0.00;0.00;-0.00;-0.01;-0.02;-0.01;0.79;-0.35;-0.00;-0.00;0.50;0.021;4.36;5.26;-1000.00;-1000.00
9288.975;4106;0.79;-0.41;377.42;0.89;-0.35;-0.00;-0.00;0.50;217;1;1;0;-0.19;0.41;-0.00;0.00;0.00;0.01;0.01;0.00;0.79;-0.35;-0.00;-0.00;0.50;0.015;4.36;5.26;-1000.00;-1000.00
9289.065;4114;0.79;-0.41;377.43;0.89;-0.35;-0.00;-0.00;0.50;217;1;1;0;-0.19;0.41;-0.00;-0.00;0.00;0.01;0.01;0.01;0.79;-0.35;-0.00;-0.00;0.50;0.016;4.36;5.26;-1000.00;-1000.00
9289.165;4125;0.79;-0.41;377.44;0.89;-0.35;-0.00;-0.00;0.50;217;1;1;0;-0.19;0.41;0.00;0.00;-0.00;-0.01;-0.02;-0.01;0.79;-0.35;-0.00;-0.00;0.50;0.015;4.36;5.26;-1000.00;-1000.00
9289.265;4133;0.79;-0.41;377.45;0.89;-0.35;-0.00;-0.00;0.50;217;1;1;0;-0.19;0.41;0.00;0.00;-0.00;-0.01;-0.02;-0.01;0.79;-0.35;-0.00;-0.00;0.50;0.016;4.36;5.26;-1000.00;-1000.00
9289.365;4144;0.79;-0.41;377.46;0.89;-0.35;-0.00;-0.00;0.50;217;1;1;0;-0.19;0.41;-0.00;-0.00;0.00;-0.00;0.02;0.00;0.79;-0.35;-0.00;-0.00;0.50;0.016;4.36;5.26;-1000.00;-1000.00
9289.465;4152;0.79;-0.41;377.47;0.89;-0.35;-0.00;-0.00;0.50;217;1;1;0;-0.19;0.41;-0.00;-0.00;0.00;-0.00;0.02;0.00;0.79;-0.35;-0.00;-0.00;0.50;0.015;4.36;5.26;-1000.00;-1000.00
9289.585;4167;0.79;-0.41;377.48;0.89;-0.35;-0.00;-0.00;0.50;217;1;1;0;-0.19;0.41;-0.00;-0.00;-0.00;-0.00;-0.01;0.01;0.79;-0.35;-0.00;-0.00;0.50;0.032;4.36;5.26;-1000.00;-1000.00
9289.675;4175;0.79;-0.41;377.49;0.89;-0.35;-0.00;-0.00;0.50;217;1;1;0;-0.19;0.41;-0.00;-0.00;-0.00;-0.00;-0.01;0.01;0.79;-0.35;-0.00;-0.00;0.50;0.019;4.36;5.26;-1000.00;-1000.00
9289.785;4186;0.79;-0.41;377.50;0.89;-0.35;-0.00;-0.00;0.50;217;1;1;0;-0.19;0.41;-0.00;0.00;0.00;0.01;0.01;0.01;0.79;-0.35;-0.00;-0.00;0.50;0.027;4.36;5.26;-1000.00;-1000.00
9289.875;4194;0.79;-0.41;377.50;0.89;-0.35;-0.00;-0.00;0.50;217;1;1;0;-0.19;0.41;-0.00;0.00;0.00;0.01;0.01;0.01;0.79;-0.35;-0.00;-0.00;0.50;0.027;4.36;5.26;-1000.00;-1000.00
9289.965;4205;0.79;-0.41;377.51;0.89;-0.35;-0.00;-0.00;0.50;217;1;1;0;-0.19;0.41;0.00;0.00;-0.00;-0.01;-0.02;-0.01;0.79;-0.35;-0.00;-0.00;0.50;0.013;4.36;5.26;-1000.00;-1000.00
9290.085;4217;0.79;-0.41;377.52;0.89;-0.35;-0.00;-0.00;0.50;217;1;1;0;-0.19;0.41;0.00;0.00;-0.00;-0.01;-0.02;-0.01;0.79;-0.35;-0.00;-0.00;0.50;0.029;4.36;5.26;-1000.00;-1000.00
9290.185;4228;0.79;-0.41;377.54;0.89;-0.35;-0.00;-0.00;0.50;217;1;1;0;-0.19;0.41;-0.00;-0.00;0.00;-0.00;0.02;0.00;0.79;-0.35;-0.00;-0.00;0.50;0.024;4.36;5.26;-1000.00;-1000.00
9290.265;4232;0.79;-0.41;377.54;0.89;-0.35;-0.00;-0.00;0.50;217;1;1;0;-0.19;0.41;-0.00;-0.00;0.00;-0.00;0.02;0.00;0.79;-0.35;-0.00;-0.00;0.50;0.014;4.36;5.26;-1000.00;-1000.00
9290.375;4247;0.79;-0.41;377.55;0.89;-0.35;-0.00;-0.00;0.50;217;1;1;0;-0.70;0.41;-0.00;-0.00;-0.00;-0.00;-0.01;0.01;0.79;-0.35;-0.00;-0.00;0.50;0.024;4.36;5.26;-1000.00;-1000.00
9290.485;4255;0.81;-0.41;375.06;0.89;-0.35;-0.00;-0.00;0.50;217;1;1;0;-0.59;0.42;0.35;-0.02;0.00;-0.01;0.03;-1.15;0.79;-0.35;-0.00;-0.00;0.50;0.027;4.36;5.26;-1000.00;-1000.00
9290.575;4266;0.85;-0.40;368.67;0.89;-0.35;-0.00;-0.00;0.50;217;1;1;0;-0.30;0.42;0.41;0.05;-0.01;-0.03;-0.06;-0.75;0.84;-0.35;-0.00;-0.00;0.50;0.019;4.36;5.26;-1000.00;-1000.00
9290.675;4274;0.88;-0.39;366.56;1.13;-0.35;-0.00;-0.00;0.50;217;2;1;0;-0.22;0.42;0.42;0.03;-0.01;-0.07;-0.12;-0.23;0.88;-0.35;-0.00;-0.00;0.50;0.014;4.36;5.26;-1000.00;-1000.00
9290.775;4283;0.92;-0.39;365.97;1.13;-0.35;-0.00;-0.00;0.50;217;2;1;0;-0.20;0.43;0.43;-0.01;-0.01;0.09;0.16;-0.01;0.93;-0.35;-0.00;-0.00;0.50;0.018;4.36;5.26;-1000.00;-1000.00
9290.865;4293;0.96;-0.38;365.61;1.13;-0.35;-0.00;-0.00;0.50;217;2;1;0;-0.20;0.43;0.43;0.03;-0.01;0.02;0.04;-0.03;0.96;-0.35;-0.00;-0.00;0.50;0.009;4.36;5.26;-1000.00;-1000.00
9290.975;4307;1.02;-0.37;365.15;1.13;-0.35;-0.00;-0.00;0.50;217;2;1;0;-0.19;0.43;0.41;0.01;-0.01;-0.03;-0.05;-0.07;1.00;-0.35;-0.00;-0.00;0.50;0.019;4.36;5.26;-1000.00;-1000.00
9291.065;4315;1.06;-0.37;365.06;1.13;-0.35;-0.00;-0.00;0.50;217;2;1;0;-0.19;0.43;0.43;-0.00;-0.01;-0.02;-0.04;-0.07;1.03;-0.35;-0.00;-0.00;0.50;0.013;4.36;5.26;-1000.00;-1000.00
9291.165;4326;1.10;-0.37;364.78;1.13;-0.35;-0.00;-0.00;0.50;217;2;1;0;-0.19;0.43;0.43;0.00;-0.01;0.04;0.06;-0.00;1.08;-0.35;-0.00;-0.00;0.50;0.014;4.36;5.26;-1000.00;-1000.00
9291.265;4334;1.14;-0.36;364.52;1.36;-0.35;-0.00;-0.00;0.50;217;3;1;0;-0.19;0.44;0.42;0.01;-0.01;-0.03;-0.03;-0.04;1.13;-0.35;-0.00;-0.00;0.50;0.015;4.36;5.26;-1000.00;-1000.00
9291.355;4345;1.18;-0.36;364.32;1.36;-0.35;-0.00;-0.00;0.50;217;3;1;0;-0.19;0.44;0.42;0.01;-0.01;-0.03;-0.05;-0.08;1.18;-0.35;-0.00;-0.00;0.50;0.004;4.36;5.26;-1000.00;-1000.00
9291.465;4354;1.22;-0.36;364.27;1.36;-0.35;-0.00;-0.00;0.50;217;3;1;0;-0.19;0.44;0.44;0.00;-0.01;-0.04;-0.05;-0.06;1.23;-0.35;-0.00;-0.00;0.50;0.013;4.36;5.26;-1000.00;-1000.00
9291.565;4364;1.27;-0.35;364.04;1.36;-0.35;-0.00;-0.00;0.50;217;3;1;0;-0.19;0.44;0.44;0.01;-0.01;0.02;0.04;-0.00;1.26;-0.35;-0.00;-0.00;0.50;0.011;4.36;5.26;-1000.00;-1000.00
9291.655;4372;1.30;-0.35;363.81;1.36;-0.35;-0.00;-0.00;0.50;217;3;1;0;-0.19;0.45;0.43;0.01;-0.01;-0.03;-0.05;-0.08;1.30;-0.35;-0.00;-0.00;0.50;0.006;4.36;5.26;-1000.00;-1000.00
9291.765;4383;1.35;-0.35;363.60;1.36;-0.35;-0.00;-0.00;0.50;217;3;1;0;-0.19;0.45;0.43;0.01;-0.01;-0.03;-0.05;-0.10;1.35;-0.35;-0.00;-0.00;0.50;0.007;4.36;5.26;-1000.00;-1000.00
9291.875;4396;1.40;-0.34;363.43;1.60;-0.35;-0.00;0.00;0.50;217;4;1;0;-0.19;0.45;0.43;0.01;-0.01;-0.03;-0.05;-0.10;1.38;-0.35;-0.00;-0.00;0.50;0.016;4.36;5.26;-1000.00;-1000.00
9291.955;4402;1.43;-0.34;363.35;1.60;-0.35;-0.00;0.00;0.50;217;4;1;0;-0.19;0.45;0.45;0.01;-0.01;0.01;0.02;0.01;1.43;-0.35;-0.00;-0.00;0.50;0.002;4.36;5.26;-1000.00;-1000.00
9292.055;4411;1.47;-0.34;363.13;1.60;-0.35;-0.00;0.00;0.50;217;4;1;0;-0.19;0.45;0.43;0.01;-0.01;-0.03;-0.05;-0.07;1.47;-0.35;-0.00;-0.00;0.50;0.002;4.36;5.26;-1000.00;-1000.00
9292.155;4421;1.52;-0.33;363.02;1.60;-0.35;-0.00;0.00;0.50;217;4;1;0;-0.19;0.46;0.44;0.01;-0.01;-0.03;-0.05;-0.10;1.52;-0.35;-0.00;-0.00;0.50;0.002;4.36;5.26;-1000.00;-1000.00
9292.315;4440;1.60;-0.33;362.68;1.85;-0.35;0.00;-0.00;0.37;1130;0;1;7;-0.19;0.46;0.45;0.01;-0.01;-0.01;0.00;-0.00;1.58;-0.35;-0.00;0.00;0.50;0.056;4.36;5.26;-1000.00;-1000.00
9292.375;4444;1.62;-0.33;362.70;1.85;-0.35;0.00;-0.00;0.37;1130;0;1;7;-0.25;0.49;0.46;0.00;-0.01;0.05;0.08;0.01;1.85;-0.35;0.00;-0.00;0.37;0.021;4.36;5.26;-1000.00;-1000.00
9292.495;4458;1.68;-0.32;361.88;1.85;-0.35;0.00;-0.00;0.37;1130;0;1;7;-0.19;0.50;0.49;0.01;-0.01;0.05;0.07;-0.11;1.85;-0.35;0.00;-0.00;0.37;0.040;4.36;5.26;-1000.00;-1000.00
9292.575;4463;1.71;-0.32;361.50;1.85;-0.35;0.00;-0.00;0.37;1130;0;1;7;-0.16;0.50;0.52;0.04;-0.04;-0.01;-0.31;-0.21;1.85;-0.35;0.00;-0.00;0.37;0.021;4.36;5.26;-1000.00;-1000.00
9292.705;4478;1.78;-0.31;361.03;2.23;-0.30;24.90;0.79;0.50;1130;1;1;7;-0.11;0.50;0.50;0.03;-0.01;-0.07;-0.10;-0.13;1.85;-0.35;0.00;-0.00;0.37;0.043;4.36;5.26;-1000.00;-1000.00
9292.785;4486;1.82;-0.31;360.87;2.23;-0.30;24.90;0.79;0.50;1130;1;1;7;-0.11;0.49;0.50;0.01;-0.01;-0.05;-0.06;-0.04;1.85;-0.35;0.00;-0.00;0.37;0.025;4.36;5.26;-1000.00;-1000.00
9292.875;4497;1.88;-0.31;360.94;2.23;-0.30;24.90;0.79;0.50;1130;1;1;7;0.02;0.48;0.48;0.01;-0.01;-0.03;-0.05;-0.04;1.85;-0.35;0.00;-0.00;0.37;0.025;4.36;5.26;-1000.00;-1000.00
9292.975;4505;1.92;-0.31;361.74;2.23;-0.30;24.90;0.79;0.50;1130;1;1;7;0.08;0.47;0.47;-0.01;-0.01;-0.04;-0.05;0.22;1.89;-0.35;0.22;0.10;0.38;0.018;4.36;5.26;-1000.00;-1000.00
9293.085;4516;1.97;-0.31;363.31;2.23;-0.30;24.90;0.79;0.50;1130;1;1;7;0.17;0.46;0.47;-0.01;-0.00;0.02;0.02;0.23;1.95;-0.35;1.33;0.22;0.40;0.031;4.36;5.26;-1000.00;-1000.00
9293.185;4524;2.00;-0.31;364.47;2.23;-0.30;24.90;0.79;0.50;1130;1;1;7;0.29;0.46;0.45;-0.01;-0.00;0.02;-0.00;0.29;2.01;-0.35;3.66;0.35;0.43;0.032;4.36;5.26;-1000.00;-1000.00
9293.275;4535;2.05;-0.30;366.43;2.23;-0.30;24.90;0.79;0.50;1130;1;1;7;0.42;0.46;0.44;-0.02;-0.01;0.01;-0.02;0.38;2.06;-0.34;6.37;0.44;0.44;0.017;4.36;5.26;-1000.00;-1000.00
9293.365;4543;2.09;-0.30;368.30;2.23;-0.30;24.90;0.79;0.50;1130;1;1;7;0.51;0.46;0.46;-0.01;-0.01;-0.11;0.11;0.50;2.09;-0.34;8.71;0.51;0.45;0.015;4.36;5.26;-1000.00;-1000.00
9293.475;4554;2.14;-0.29;371.95;2.47;0.06;86.23;0.79;0.50;1130;2;1;7;0.69;0.46;0.46;-0.01;-0.00;-0.06;0.07;0.55;2.15;-0.33;14.82;0.63;0.47;0.019;4.36;5.26;-1000.00;-1000.00
9293.575;4566;2.19;-0.28;377.51;2.47;0.06;86.23;0.79;0.50;1130;2;1;7;0.79;0.46;0.47;-0.02;-0.01;0.15;-0.09;0.83;2.19;-0.32;18.67;0.70;0.49;0.015;4.36;5.26;-1000.00;-1000.00
9293.655;4572;2.22;-0.27;381.21;2.47;0.06;86.23;0.79;0.50;1130;2;1;7;0.79;0.47;0.51;-0.02;0.00;-0.01;0.02;1.29;2.24;-0.29;25.52;0.79;0.50;0.008;4.36;5.26;-1000.00;-1000.00
9293.775;4585;2.28;-0.25;391.10;2.47;0.06;86.23;0.79;0.50;1130;2;1;7;0.79;0.47;0.52;-0.06;-0.01;-0.09;0.04;0.99;2.28;-0.27;32.96;0.79;0.50;0.014;4.36;5.26;-1000.00;-1000.00
9293.875;4595;2.33;-0.23;397.21;2.47;0.06;86.23;0.79;0.50;1130;2;1;7;0.79;0.47;0.53;-0.11;-0.01;0.03;0.00;1.03;2.31;-0.25;37.91;0.79;0.50;0.021;4.36;5.26;-1000.00;-1000.00
9293.965;4604;2.37;-0.21;403.01;2.47;0.06;86.23;0.79;0.50;1130;2;1;7;0.79;0.48;0.53;-0.15;-0.01;0.10;-0.02;1.26;2.37;-0.20;47.82;0.79;0.50;0.010;4.36;5.26;-1000.00;-1000.00
9294.065;4614;2.42;-0.18;409.98;2.47;0.06;86.23;0.79;0.50;1130;2;1;7;0.79;0.48;0.54;-0.20;-0.00;0.03;0.04;1.42;2.40;-0.15;55.26;0.79;0.50;0.011;4.36;5.26;-1000.00;-1000.00
9294.165;4623;2.46;-0.15;417.25;2.47;0.06;86.23;0.79;0.50;1130;2;1;7;0.79;0.49;0.54;-0.21;-0.01;0.01;0.02;1.38;2.42;-0.12;60.21;0.79;0.50;0.018;4.36;5.26;-1000.00;-1000.00
9294.275;4633;2.50;-0.11;426.20;2.47;0.06;86.23;0.79;0.50;1130;2;1;7;0.79;0.49;0.52;-0.07;-0.00;-0.09;0.19;1.71;2.44;-0.09;65.17;0.79;0.50;0.017;4.36;5.26;-1000.00;-1000.00
9294.355;4642;2.53;-0.07;435.25;2.47;0.06;86.23;0.79;0.50;1130;2;1;7;0.74;0.49;0.53;-0.11;-0.00;0.02;-0.06;1.78;2.46;-0.04;72.60;0.79;0.50;0.008;4.36;5.26;-1000.00;-1000.00
9294.465;4652;2.55;-0.02;445.74;2.47;0.06;86.23;0.79;0.50;1130;2;1;7;0.58;0.48;0.47;-0.23;-0.00;0.03;-0.01;1.74;2.47;-0.01;77.56;0.79;0.50;0.010;4.36;5.26;-1000.00;-1000.00
9294.565;4665;2.57;0.04;454.58;2.29;0.44;144.20;0.73;0.50;1130;3;1;7;0.51;0.47;0.54;0.03;-0.06;0.32;-0.31;-0.15;2.47;0.03;82.51;0.79;0.50;0.018;4.36;5.26;-1000.00;-1000.00
9294.665;4675;2.57;0.08;457.77;2.29;0.44;144.20;0.73;0.50;1130;3;1;7;0.36;0.46;0.47;0.01;-0.01;-0.22;0.11;0.56;2.47;0.07;87.47;0.78;0.50;0.015;4.36;5.26;-1000.00;-1000.00
9294.765;4684;2.56;0.13;458.77;2.29;0.44;144.20;0.73;0.50;1130;3;1;7;0.59;0.46;0.46;0.03;-0.01;0.05;-0.02;0.29;2.47;0.12;94.83;0.78;0.50;0.006;4.36;5.26;-1000.00;-1000.00
9294.865;4694;2.55;0.17;461.77;2.29;0.44;144.20;0.73;0.50;1130;3;1;7;0.70;0.47;0.46;-0.02;-0.00;-0.21;0.07;0.71;2.47;0.16;99.69;0.77;0.50;0.010;4.36;5.26;-1000.00;-1000.00
9294.975;4702;2.54;0.21;464.68;2.29;0.44;144.20;0.73;0.50;1130;3;1;7;0.78;0.47;0.44;-0.03;-0.01;-0.16;0.09;0.96;2.46;0.19;104.50;0.77;0.50;0.014;4.36;5.26;-1000.00;-1000.00
9295.055;4712;2.53;0.25;469.80;2.29;0.44;144.20;0.73;0.50;1130;3;1;7;0.79;0.48;0.44;-0.06;-0.05;0.02;0.16;1.30;2.45;0.23;109.26;0.76;0.50;0.005;4.36;5.26;-1000.00;-1000.00
9295.175;4726;2.50;0.31;479.18;2.29;0.44;144.20;0.73;0.50;1130;3;1;7;0.73;0.48;0.50;-0.02;-0.06;0.18;-0.20;0.97;2.43;0.28;116.33;0.76;0.50;0.006;4.36;5.26;-1000.00;-1000.00
9295.265;4735;2.49;0.35;484.99;2.29;0.44;144.20;0.73;0.50;1130;3;1;7;0.69;0.47;0.42;-0.14;-0.05;-0.07;0.16;1.07;2.41;0.31;120.99;0.75;0.50;0.005;4.36;5.26;-1000.00;-1000.00
9295.365;4746;2.47;0.40;491.47;2.29;0.44;144.20;0.73;0.50;1130;3;1;7;0.66;0.47;0.42;-0.15;-0.01;0.03;0.00;1.03;2.39;0.34;125.60;0.75;0.50;0.012;4.36;5.26;-1000.00;-1000.00
9295.455;4754;2.45;0.43;495.73;2.29;0.44;144.20;0.73;0.50;1130;3;1;7;0.67;0.47;0.43;-0.12;-0.01;0.04;-0.01;0.91;2.37;0.37;130.18;0.74;0.50;0.004;4.36;5.26;-1000.00;-1000.00
9295.565;4765;2.43;0.47;501.38;2.29;0.44;144.20;0.73;0.50;1130;3;1;7;0.66;0.46;0.41;-0.10;-0.01;0.03;-0.01;0.87;2.35;0.39;134.71;0.74;0.50;0.010;4.36;5.26;-1000.00;-1000.00
9295.665;4773;2.41;0.49;505.24;2.29;0.44;144.20;0.73;0.50;1130;3;1;7;0.63;0.45;0.41;-0.10;-0.01;0.03;-0.01;0.83;2.33;0.41;136.96;0.74;0.50;0.009;4.36;5.26;-1000.00;-1000.00
9295.765;4785;2.37;0.53;510.29;2.29;0.44;144.20;0.73;0.50;1130;3;1;7;0.65;0.44;0.40;-0.08;-0.01;0.03;-0.01;0.67;2.30;0.43;141.43;0.73;0.50;0.012;4.36;5.26;-1000.00;-1000.00
9295.855;4792;2.35;0.55;513.11;2.29;0.44;144.20;0.73;0.50;1130;3;1;7;0.67;0.44;0.39;-0.08;-0.01;0.03;0.01;0.73;2.28;0.45;145.84;0.72;0.50;0.004;4.36;5.26;-1000.00;-1000.00
9295.965;4806;2.30;0.58;518.79;2.29;0.44;144.20;0.73;0.50;1130;3;1;7;0.58;0.42;0.37;-0.08;-0.00;0.02;0.01;0.71;2.26;0.46;147.96;0.70;0.50;0.013;4.36;5.26;-1000.00;-1000.00
9296.065;4815;2.27;0.59;521.82;2.29;0.44;144.20;0.73;0.50;1130;3;1;7;0.59;0.41;0.39;-0.09;-0.01;0.09;0.09;0.64;2.23;0.48;151.99;0.66;0.50;0.008;4.36;5.26;-1000.00;-1000.00
9296.165;4826;2.23;0.61;525.88;2.29;0.44;144.20;0.73;0.50;1130;3;1;7;0.55;0.39;0.39;-0.05;-0.00;-0.12;-0.11;0.60;2.20;0.50;155.74;0.63;0.50;0.014;4.36;5.26;-1000.00;-1000.00
9296.265;4834;2.21;0.62;528.88;2.29;0.44;144.20;0.73;0.50;1130;3;1;7;0.53;0.38;0.41;-0.07;-0.00;0.07;0.03;0.67;2.16;0.51;159.23;0.59;0.50;0.005;4.36;5.26;-1000.00;-1000.00
9296.355;4844;2.17;0.64;532.58;2.29;0.44;144.20;0.73;0.50;1130;3;1;7;0.49;0.37;0.37;-0.07;-0.00;-0.05;-0.04;0.56;2.13;0.52;162.46;0.56;0.50;0.005;4.35;5.26;-1000.00;-1000.00
9296.465;4854;2.13;0.65;535.54;2.29;0.44;144.20;0.73;0.50;1130;3;1;7;0.46;0.36;0.39;-0.06;-0.00;0.08;0.06;0.52;2.10;0.53;165.44;0.52;0.50;0.005;4.35;5.26;-1000.00;-1000.00
9296.555;4863;2.10;0.66;538.08;2.29;0.44;144.20;0.73;0.50;1130;3;1;7;0.41;0.34;0.35;-0.07;-0.01;0.02;0.04;0.43;2.08;0.54;166.84;0.51;0.50;0.004;4.35;5.26;-1000.00;-1000.00
9296.655;4872;2.07;0.66;539.98;2.29;0.44;144.20;0.73;0.50;1130;3;1;7;0.39;0.33;0.34;-0.05;-0.01;-0.01;-0.02;0.32;2.04;0.54;169.47;0.47;0.50;0.005;4.35;5.26;-1000.00;-1000.00
9296.805;4887;2.02;0.67;542.44;1.85;0.55;180.00;-0.00;0.50;29;0;1;0;0.37;0.32;0.33;0.00;-0.01;-0.03;-0.08;0.20;2.01;0.55;171.87;0.44;0.50;0.044;4.35;5.26;-1000.00;-1000.00
9296.895;4898;1.98;0.66;543.54;1.85;0.55;180.00;-0.00;0.50;29;0;1;0;0.10;0.35;0.33;0.00;-0.01;0.03;0.02;0.14;1.85;0.55;180.00;-0.00;0.50;0.032;4.35;5.26;-1000.00;-1000.00
9296.985;4906;1.95;0.66;543.22;1.85;0.55;180.00;-0.00;0.50;29;0;1;0;0.11;0.37;0.35;0.02;-0.01;0.03;0.04;-0.20;1.85;0.55;180.00;-0.00;0.50;0.034;4.35;5.26;-1000.00;-1000.00
9297.075;4915;1.92;0.66;542.23;1.85;0.55;180.00;-0.00;0.50;29;0;1;0;0.15;0.38;0.36;0.01;-0.01;-0.03;-0.05;-0.18;1.85;0.55;180.00;-0.00;0.50;0.028;4.35;5.26;-1000.00;-1000.00
9297.215;4930;1.86;0.66;541.75;1.85;0.55;180.00;-0.00;0.50;29;0;1;0;0.17;0.39;0.38;0.00;-0.01;-0.02;-0.04;-0.03;1.85;0.55;180.00;-0.00;0.50;0.044;4.35;5.26;-1000.00;-1000.00
9297.275;4934;1.85;0.65;541.75;1.85;0.55;180.00;-0.00;0.50;29;0;1;0;0.17;0.39;0.39;0.00;-0.01;0.03;0.05;0.04;1.85;0.55;180.00;-0.00;0.50;0.021;4.35;5.26;-1000.00;-1000.00
9297.375;4945;1.81;0.65;541.85;1.85;0.55;180.00;-0.00;0.50;29;0;1;0;0.16;0.40;0.39;0.00;-0.01;-0.03;-0.06;0.00;1.80;0.55;180.00;-0.00;0.50;0.025;4.35;5.26;-1000.00;-1000.00
9297.475;4953;1.77;0.65;541.94;1.85;0.55;180.00;-0.00;0.50;29;0;1;0;0.15;0.40;0.40;0.01;-0.01;-0.02;-0.04;-0.00;1.78;0.55;180.00;-0.00;0.50;0.023;4.35;5.26;-1000.00;-1000.00
9297.565;4964;1.73;0.65;542.02;1.61;0.55;180.00;-0.00;0.50;29;1;1;0;0.14;0.41;0.41;0.00;-0.01;0.01;0.00;0.01;1.73;0.55;180.00;-0.00;0.50;0.019;4.35;5.26;-1000.00;-1000.00
9297.665;4972;1.70;0.65;542.05;1.61;0.55;180.00;-0.00;0.50;29;1;1;0;0.14;0.41;0.41;0.00;-0.01;0.01;0.00;-0.00;1.69;0.55;180.00;-0.00;0.50;0.014;4.35;5.26;-1000.00;-1000.00
9297.775;4986;1.64;0.65;542.08;1.61;0.55;180.00;-0.00;0.50;29;1;1;0;0.13;0.42;0.42;0.00;-0.01;0.03;0.05;0.03;1.66;0.55;180.00;-0.00;0.50;0.020;4.35;5.26;-1000.00;-1000.00
9297.875;4997;1.59;0.64;542.10;1.61;0.55;180.00;-0.00;0.50;29;1;1;0;0.12;0.42;0.42;0.00;-0.01;0.03;0.05;0.03;1.62;0.55;180.00;-0.00;0.50;0.026;4.35;5.26;-1000.00;-1000.00
9297.985;5005;1.56;0.64;542.10;1.61;0.55;180.00;-0.00;0.50;29;1;1;0;0.12;0.42;0.42;0.00;-0.01;0.02;0.04;0.02;1.56;0.55;180.00;-0.00;0.50;0.016;4.35;5.26;-1000.00;-1000.00
