t;frame;x;y;z;x_ref;y_ref;z_ref;delta_ref;u_ref;state;ellipse;control;action;delta;u;vx;vy;vz;wx;wy;wz;xr;yr;zr;delr;ur;obs1x;obs1y;obs2x;obs2y
5437.155;14;1.10;-0.30;-0.03;0.85;-0.35;-0.00;0.00;-0.50;403;1;1;2;-0.12;-0.04;0.00;0.00;-0.00;0.00;0.00;0.00;0.95;-0.35;0.00;0.00;-0.50;0.063;4.20;4.93;-1000.00;-1000.00
5437.205;16;1.10;-0.30;-0.02;0.85;-0.35;-0.00;0.00;-0.50;403;1;1;2;-0.12;-0.08;-0.02;-0.00;0.00;0.00;0.02;0.01;0.95;-0.35;0.00;0.00;-0.50;0.013;4.20;4.93;-1000.00;-1000.00
5437.315;29;1.09;-0.30;0.18;0.85;-0.35;-0.00;0.00;-0.50;403;1;1;2;-0.11;-0.12;-0.08;0.00;-0.00;0.00;-0.00;0.03;0.95;-0.35;0.00;0.00;-0.50;0.023;4.20;4.93;-1000.00;-1000.00
5437.415;39;1.08;-0.30;0.28;0.85;-0.35;-0.00;0.00;-0.50;403;1;1;2;-0.11;-0.15;-0.11;-0.00;-0.00;-0.02;-0.05;0.01;0.95;-0.35;0.00;0.00;-0.50;0.022;4.20;4.93;-1000.00;-1000.00
5437.505;48;1.07;-0.30;0.40;0.85;-0.35;-0.00;0.00;-0.50;403;1;1;2;-0.10;-0.18;-0.15;-0.00;0.00;0.00;0.00;0.04;0.95;-0.35;0.00;0.00;-0.50;0.017;4.20;4.93;-1000.00;-1000.00
5437.615;58;1.05;-0.30;0.62;0.85;-0.35;-0.00;0.00;-0.50;403;1;1;2;-0.09;-0.21;-0.18;-0.00;0.00;0.00;-0.00;0.04;0.95;-0.35;0.00;0.00;-0.50;0.018;4.20;4.93;-1000.00;-1000.00
5437.715;67;1.04;-0.30;0.78;0.85;-0.35;-0.00;0.00;-0.50;403;1;1;2;-0.08;-0.23;-0.21;0.00;0.00;0.00;-0.00;0.03;0.95;-0.35;0.00;0.00;-0.50;0.017;4.20;4.93;-1000.00;-1000.00
5437.805;77;1.01;-0.30;0.92;0.85;-0.35;-0.00;0.00;-0.50;403;1;1;2;-0.07;-0.25;-0.23;0.00;0.00;0.00;-0.00;0.02;0.95;-0.35;0.00;0.00;-0.50;0.013;4.20;4.93;-1000.00;-1000.00
5437.915;88;0.99;-0.30;1.04;0.76;-0.35;-0.00;0.00;-0.50;403;2;1;2;-0.07;-0.27;-0.25;0.00;0.00;0.00;-0.00;0.02;0.95;-0.35;0.00;0.00;-0.50;0.018;4.20;4.93;-1000.00;-1000.00
5438.005;95;0.97;-0.30;1.09;0.76;-0.35;-0.00;0.00;-0.50;403;2;1;2;-0.06;-0.28;-0.27;-0.00;0.00;0.00;-0.00;0.01;0.95;-0.35;0.00;0.00;-0.50;0.013;4.20;4.93;-1000.00;-1000.00
5438.125;111;0.93;-0.30;1.18;0.76;-0.35;-0.00;0.00;-0.50;403;2;1;2;-0.06;-0.29;-0.28;0.00;-0.00;0.00;-0.00;0.01;0.94;-0.35;-0.00;0.00;-0.50;0.030;4.20;4.93;-1000.00;-1000.00
5438.245;119;0.90;-0.30;1.20;0.65;-0.35;0.00;-0.00;0.37;217;0;1;7;-0.06;-0.30;-0.29;-0.00;-0.00;0.00;-0.00;0.00;0.91;-0.35;-0.00;0.00;-0.50;0.035;4.20;4.94;-1000.00;-1000.00
5438.315;130;0.87;-0.30;1.22;1.03;-0.30;24.90;0.79;0.50;217;1;1;7;0.75;-0.26;-0.30;0.00;-0.00;0.00;-0.00;0.00;0.89;-0.34;8.71;0.51;0.45;0.020;4.21;4.94;-1000.00;-1000.00
5438.415;139;0.84;-0.30;-1.94;1.03;-0.30;24.90;0.79;0.50;217;1;1;7;0.72;-0.22;-0.27;0.00;-0.00;-0.03;0.08;-0.90;0.86;-0.34;6.37;0.44;0.44;0.018;4.21;4.94;-1000.00;-1000.00
5438.515;149;0.82;-0.30;-5.58;1.03;-0.30;24.90;0.79;0.50;217;1;1;7;0.76;-0.18;-0.22;0.00;-0.01;-0.06;0.11;-0.48;0.84;-0.35;5.36;0.41;0.44;0.021;4.21;4.94;-1000.00;-1000.00
5438.615;158;0.80;-0.30;-7.49;1.03;-0.30;24.90;0.79;0.50;217;1;1;7;0.74;-0.14;-0.18;0.00;-0.01;-0.05;0.12;-0.28;0.81;-0.35;3.66;0.35;0.43;0.020;4.21;4.94;-1000.00;-1000.00
5438.725;168;0.79;-0.29;-8.88;1.03;-0.30;24.90;0.79;0.50;217;1;1;7;0.73;-0.10;-0.15;0.02;-0.01;-0.04;0.09;-0.11;0.79;-0.35;2.95;0.32;0.42;0.030;4.21;4.94;-1000.00;-1000.00
5438.805;177;0.78;-0.29;-9.54;1.03;-0.30;24.90;0.79;0.50;217;1;1;7;0.71;-0.06;-0.12;0.03;-0.01;0.01;-0.02;-0.04;0.78;-0.35;2.32;0.29;0.42;0.013;4.21;4.94;-1000.00;-1000.00
5438.905;187;0.77;-0.28;-9.38;1.03;-0.30;24.90;0.79;0.50;217;1;1;7;0.67;-0.03;-0.05;-0.00;-0.01;0.03;-0.07;0.02;0.76;-0.35;1.79;0.25;0.41;0.015;4.21;4.94;-1000.00;-1000.00
5439.015;196;0.77;-0.28;-8.85;1.03;-0.30;24.90;0.79;0.50;217;1;1;7;0.64;-0.00;-0.03;-0.00;-0.01;0.02;-0.05;0.13;0.76;-0.35;1.79;0.25;0.41;0.019;4.21;4.94;-1000.00;-1000.00
5439.125;210;0.76;-0.28;-7.64;1.03;-0.30;24.90;0.79;0.50;217;1;1;7;0.59;0.02;0.00;0.00;-0.01;0.03;-0.05;0.14;0.76;-0.35;1.79;0.25;0.41;0.026;4.21;4.94;-1000.00;-1000.00
5439.215;219;0.76;-0.28;-6.70;1.03;-0.30;24.90;0.79;0.50;217;1;1;7;0.57;0.05;0.03;0.01;-0.00;0.02;-0.04;0.19;0.76;-0.35;1.79;0.25;0.41;0.013;4.21;4.94;-1000.00;-1000.00
5439.325;229;0.77;-0.29;-5.59;1.03;-0.30;24.90;0.79;0.50;217;1;1;7;0.52;0.07;0.06;0.00;-0.00;0.02;-0.05;0.20;0.76;-0.35;1.79;0.25;0.41;0.030;4.21;4.94;-1000.00;-1000.00
5439.425;238;0.77;-0.29;-4.76;1.03;-0.30;24.90;0.79;0.50;217;1;1;7;0.52;0.10;0.07;0.00;-0.00;-0.00;-0.00;0.14;0.78;-0.35;2.32;0.29;0.42;0.037;4.21;4.94;-1000.00;-1000.00
5439.515;248;0.78;-0.29;-3.96;1.03;-0.30;24.90;0.79;0.50;217;1;1;7;0.51;0.11;0.09;-0.00;0.00;0.03;0.05;0.13;0.78;-0.35;2.32;0.29;0.42;0.017;4.21;4.94;-1000.00;-1000.00
5439.605;257;0.79;-0.29;-3.21;1.03;-0.30;24.90;0.79;0.50;217;1;1;7;0.52;0.13;0.12;-0.01;-0.00;-0.01;-0.02;0.15;0.79;-0.35;2.95;0.32;0.42;0.017;4.21;4.94;-1000.00;-1000.00
5439.705;267;0.80;-0.29;-2.33;1.03;-0.30;24.90;0.79;0.50;217;1;1;7;0.54;0.15;0.14;0.00;-0.00;0.02;0.03;0.16;0.81;-0.35;3.66;0.35;0.43;0.013;4.21;4.94;-1000.00;-1000.00
5439.805;275;0.82;-0.29;-1.57;1.03;-0.30;24.90;0.79;0.50;217;1;1;7;0.57;0.17;0.15;0.01;-0.01;0.06;0.09;0.17;0.83;-0.35;4.46;0.38;0.43;0.017;4.21;4.94;-1000.00;-1000.00
5439.915;286;0.83;-0.29;-0.36;1.03;-0.30;24.90;0.79;0.50;217;1;1;7;0.59;0.19;0.18;-0.00;-0.01;-0.04;-0.06;0.22;0.84;-0.35;5.36;0.41;0.44;0.017;4.21;4.94;-1000.00;-1000.00
5440.025;301;0.86;-0.29;1.44;1.03;-0.30;24.90;0.79;0.50;217;1;1;7;0.63;0.20;0.20;-0.00;-0.01;-0.02;-0.02;0.21;0.86;-0.34;6.37;0.44;0.44;0.027;4.21;4.94;-1000.00;-1000.00
5440.105;305;0.87;-0.29;1.97;1.03;-0.30;24.90;0.79;0.50;217;1;1;7;0.66;0.22;0.21;-0.00;-0.01;-0.02;-0.03;0.27;0.87;-0.34;7.48;0.48;0.45;0.013;4.21;4.93;-1000.00;-1000.00
5440.225;319;0.90;-0.29;4.34;1.27;0.06;86.23;0.79;0.50;217;2;1;7;0.73;0.24;0.21;-0.05;-0.01;-0.02;-0.05;0.37;0.91;-0.34;10.05;0.54;0.46;0.033;4.21;4.93;-1000.00;-1000.00
5440.305;329;0.92;-0.29;6.83;1.27;0.06;86.23;0.79;0.50;217;2;1;7;0.79;0.25;0.22;-0.05;-0.01;0.03;0.04;0.47;0.92;-0.33;11.51;0.57;0.46;0.014;4.21;4.93;-1000.00;-1000.00
5440.405;337;0.94;-0.29;9.59;1.27;0.06;86.23;0.79;0.50;217;2;1;7;0.79;0.26;0.23;-0.05;-0.01;0.03;0.07;0.58;0.95;-0.33;14.82;0.63;0.47;0.008;4.21;4.93;-1000.00;-1000.00
5440.505;348;0.97;-0.30;13.75;1.27;0.06;86.23;0.79;0.50;217;2;1;7;0.79;0.27;0.25;-0.10;-0.01;-0.03;-0.12;0.72;0.99;-0.32;18.67;0.70;0.49;0.012;4.21;4.93;-1000.00;-1000.00
5440.605;356;0.99;-0.30;16.75;1.27;0.06;86.23;0.79;0.50;217;2;1;7;0.79;0.29;0.27;-0.11;-0.01;-0.02;-0.14;0.79;1.00;-0.31;20.80;0.73;0.49;0.011;4.21;4.93;-1000.00;-1000.00
5440.705;367;1.02;-0.30;21.19;1.27;0.06;86.23;0.79;0.50;217;2;1;7;0.79;0.30;0.26;-0.07;-0.01;0.01;0.13;0.64;1.02;-0.30;23.09;0.76;0.50;0.008;4.21;4.93;-1000.00;-1000.00
5440.805;375;1.05;-0.29;24.49;1.27;0.06;86.23;0.79;0.50;217;2;1;7;0.79;0.31;0.28;-0.11;-0.01;-0.00;-0.15;0.79;1.04;-0.29;25.52;0.79;0.50;0.013;4.21;4.93;-1000.00;-1000.00
5440.905;386;1.08;-0.29;29.05;1.27;0.06;86.23;0.79;0.50;217;2;1;7;0.79;0.32;0.25;-0.10;-0.06;0.19;0.13;0.70;1.07;-0.28;30.48;0.79;0.50;0.008;4.21;4.93;-1000.00;-1000.00
5441.015;399;1.11;-0.28;34.86;1.27;0.06;86.23;0.79;0.50;217;2;1;7;0.74;0.33;0.28;-0.09;-0.01;-0.02;0.03;0.75;1.08;-0.27;32.96;0.79;0.50;0.018;4.21;4.93;-1000.00;-1000.00
5441.115;409;1.14;-0.27;38.92;1.27;0.06;86.23;0.79;0.50;217;2;1;7;0.75;0.34;0.30;-0.08;-0.01;0.01;-0.06;0.73;1.11;-0.25;37.91;0.79;0.50;0.018;4.21;4.93;-1000.00;-1000.00
5441.205;417;1.16;-0.26;42.21;1.27;0.06;86.23;0.79;0.50;217;2;1;7;0.78;0.35;0.30;-0.08;-0.01;0.01;-0.05;0.78;1.14;-0.22;42.87;0.79;0.50;0.007;4.21;4.93;-1000.00;-1000.00
5441.305;428;1.19;-0.24;47.25;1.27;0.06;86.23;0.79;0.50;217;2;1;7;0.71;0.36;0.30;-0.11;-0.01;0.01;-0.04;0.88;1.15;-0.21;45.35;0.79;0.50;0.010;4.21;4.93;-1000.00;-1000.00
5441.405;436;1.22;-0.23;50.76;1.27;0.06;86.23;0.79;0.50;217;2;1;7;0.69;0.36;0.31;-0.10;-0.01;0.01;-0.05;0.72;1.17;-0.20;47.82;0.79;0.50;0.011;4.21;4.93;-1000.00;-1000.00
5441.505;447;1.24;-0.21;55.05;1.27;0.06;86.23;0.79;0.50;217;2;1;7;0.71;0.37;0.32;-0.08;-0.01;0.01;-0.04;0.67;1.19;-0.17;52.78;0.79;0.50;0.009;4.21;4.93;-1000.00;-1000.00
5441.595;455;1.26;-0.19;58.13;1.27;0.06;86.23;0.79;0.50;217;2;1;7;0.71;0.38;0.31;-0.08;-0.01;0.01;-0.03;0.70;1.20;-0.15;55.26;0.79;0.50;0.008;4.21;4.93;-1000.00;-1000.00
5441.705;466;1.29;-0.16;62.61;1.27;0.06;86.23;0.79;0.50;217;2;1;7;0.72;0.38;0.31;-0.07;-0.00;-0.04;0.06;0.67;1.22;-0.12;60.21;0.79;0.50;0.012;4.21;4.93;-1000.00;-1000.00
5441.815;478;1.31;-0.13;67.68;1.27;0.06;86.23;0.79;0.50;217;2;1;7;0.68;0.38;0.36;-0.07;-0.00;0.05;-0.11;0.82;1.23;-0.11;62.69;0.79;0.50;0.017;4.21;4.93;-1000.00;-1000.00
5441.905;489;1.33;-0.10;72.98;1.27;0.06;86.23;0.79;0.50;217;2;1;7;0.73;0.39;0.34;-0.12;-0.04;0.13;0.07;0.83;1.25;-0.06;70.12;0.79;0.50;0.013;4.21;4.93;-1000.00;-1000.00
5442.005;497;1.35;-0.07;77.28;1.27;0.06;86.23;0.79;0.50;217;2;1;7;0.69;0.39;0.36;-0.14;-0.01;0.11;-0.06;1.04;1.26;-0.04;72.60;0.79;0.50;0.014;4.21;4.93;-1000.00;-1000.00
5442.115;508;1.37;-0.03;83.52;1.27;0.06;86.23;0.79;0.50;217;2;1;7;0.67;0.39;0.39;-0.12;-0.00;0.05;-0.05;1.07;1.27;-0.01;77.56;0.79;0.50;0.022;4.21;4.93;-1000.00;-1000.00
5442.205;516;1.38;-0.00;88.09;1.09;0.44;144.20;0.73;0.50;217;3;1;7;0.62;0.38;0.38;-0.13;-0.00;0.04;-0.03;0.95;1.27;0.01;80.03;0.79;0.50;0.012;4.21;4.93;-1000.00;-1000.00
5442.305;525;1.39;0.03;92.60;1.09;0.44;144.20;0.73;0.50;217;3;1;7;0.34;0.39;0.39;-0.15;-0.03;0.24;-0.03;0.99;1.27;0.05;84.99;0.79;0.50;0.005;4.21;4.93;-1000.00;-1000.00
5442.405;536;1.40;0.07;96.24;1.09;0.44;144.20;0.73;0.50;217;3;1;7;0.37;0.39;0.37;-0.06;-0.01;-0.04;0.02;0.19;1.27;0.07;87.47;0.78;0.50;0.013;4.21;4.93;-1000.00;-1000.00
5442.495;544;1.40;0.10;97.29;1.09;0.44;144.20;0.73;0.50;217;3;1;7;0.51;0.40;0.38;-0.04;-0.01;0.03;-0.01;0.29;1.27;0.10;92.39;0.78;0.50;0.005;4.21;4.93;-1000.00;-1000.00
5442.605;559;1.39;0.16;101.19;1.09;0.44;144.20;0.73;0.50;217;3;1;7;0.63;0.41;0.40;-0.08;-0.01;0.14;-0.04;0.65;1.27;0.14;97.26;0.78;0.50;0.016;4.21;4.93;-1000.00;-1000.00
5442.705;568;1.39;0.20;105.02;1.09;0.44;144.20;0.73;0.50;217;3;1;7;0.67;0.41;0.39;-0.07;-0.01;-0.03;0.02;0.74;1.27;0.17;102.10;0.77;0.50;0.007;4.21;4.93;-1000.00;-1000.00
5442.805;578;1.39;0.24;109.58;1.09;0.44;144.20;0.73;0.50;217;3;1;7;0.64;0.42;0.39;-0.12;-0.01;0.10;-0.01;0.88;1.26;0.19;104.50;0.77;0.50;0.013;4.21;4.93;-1000.00;-1000.00
5442.905;586;1.38;0.27;113.12;1.09;0.44;144.20;0.73;0.50;217;3;1;7;0.68;0.42;0.38;-0.09;-0.00;-0.11;-0.01;0.69;1.25;0.23;109.26;0.76;0.50;0.006;4.21;4.93;-1000.00;-1000.00
5443.005;597;1.37;0.31;118.09;1.09;0.44;144.20;0.73;0.50;217;3;1;7;0.69;0.43;0.36;-0.11;-0.06;-0.12;0.18;0.79;1.24;0.26;113.98;0.76;0.50;0.007;4.21;4.93;-1000.00;-1000.00
5443.105;605;1.36;0.34;122.03;1.09;0.44;144.20;0.73;0.50;217;3;1;7;0.67;0.43;0.38;-0.09;-0.01;-0.05;-0.03;0.81;1.23;0.28;116.33;0.76;0.50;0.006;4.21;4.93;-1000.00;-1000.00
5443.195;616;1.35;0.38;127.31;1.09;0.44;144.20;0.73;0.50;217;3;1;7;0.67;0.43;0.37;-0.08;-0.01;-0.12;-0.04;0.71;1.21;0.31;120.99;0.75;0.50;0.008;4.21;4.93;-1000.00;-1000.00
5443.305;628;1.33;0.43;132.70;1.09;0.44;144.20;0.73;0.50;217;3;1;7;0.63;0.42;0.40;-0.09;-0.01;0.06;-0.01;0.81;1.20;0.32;123.30;0.75;0.50;0.011;4.21;4.93;-1000.00;-1000.00
5443.395;638;1.31;0.46;136.75;1.09;0.44;144.20;0.73;0.50;217;3;1;7;0.66;0.42;0.39;-0.07;-0.01;0.05;0.00;0.66;1.18;0.35;127.90;0.75;0.50;0.005;4.21;4.93;-1000.00;-1000.00
5443.505;648;1.28;0.49;140.71;1.09;0.44;144.20;0.73;0.50;217;3;1;7;0.69;0.41;0.38;-0.09;-0.01;0.04;-0.00;0.70;1.16;0.38;132.45;0.74;0.50;0.007;4.21;4.93;-1000.00;-1000.00
5443.615;657;1.26;0.52;144.54;1.09;0.44;144.20;0.73;0.50;217;3;1;7;0.67;0.40;0.37;-0.09;-0.01;0.04;-0.01;0.74;1.15;0.39;134.71;0.74;0.50;0.019;4.21;4.93;-1000.00;-1000.00
5443.695;668;1.23;0.55;148.97;1.09;0.44;144.20;0.73;0.50;217;3;1;7;0.68;0.40;0.35;-0.08;-0.01;0.03;-0.00;0.64;1.12;0.42;139.20;0.73;0.50;0.005;4.21;4.93;-1000.00;-1000.00
5443.795;677;1.21;0.57;152.34;1.09;0.44;144.20;0.73;0.50;217;3;1;7;0.66;0.38;0.34;-0.07;-0.01;0.03;-0.01;0.63;1.10;0.43;141.43;0.73;0.50;0.005;4.21;4.93;-1000.00;-1000.00
5443.895;687;1.18;0.59;155.74;1.09;0.44;144.20;0.73;0.50;217;3;1;7;0.69;0.38;0.34;-0.06;-0.00;0.03;0.00;0.55;1.08;0.45;145.84;0.72;0.50;0.005;4.21;4.93;-1000.00;-1000.00
5444.005;695;1.16;0.60;158.39;1.09;0.44;144.20;0.73;0.50;217;3;1;7;0.66;0.37;0.33;-0.06;-0.00;0.02;-0.01;0.58;1.06;0.46;147.96;0.70;0.50;0.009;4.21;4.93;-1000.00;-1000.00
5444.095;706;1.13;0.62;161.84;1.09;0.44;144.20;0.73;0.50;217;3;1;7;0.62;0.35;0.32;-0.04;0.00;-0.05;-0.05;0.48;1.05;0.47;150.01;0.68;0.50;0.004;4.21;4.93;-1000.00;-1000.00
5444.195;714;1.10;0.63;164.36;1.09;0.44;144.20;0.73;0.50;217;3;1;7;0.59;0.34;0.33;-0.04;-0.00;-0.12;-0.10;0.49;1.03;0.48;151.99;0.66;0.50;0.005;4.21;4.93;-1000.00;-1000.00
5444.305;729;1.05;0.65;169.49;1.09;0.44;144.20;0.73;0.50;217;3;1;7;0.53;0.32;0.35;-0.05;-0.01;-0.02;-0.01;0.59;1.00;0.50;155.74;0.63;0.50;0.006;4.21;4.93;-1000.00;-1000.00
5444.405;737;1.03;0.66;171.79;1.09;0.44;144.20;0.73;0.50;217;3;1;7;0.52;0.31;0.32;-0.06;-0.00;-0.05;-0.05;0.40;0.96;0.51;159.23;0.59;0.50;0.013;4.21;4.93;-1000.00;-1000.00
5444.505;748;0.99;0.67;174.51;1.09;0.44;144.20;0.73;0.50;217;3;1;7;0.48;0.30;0.33;-0.04;-0.01;0.05;0.06;0.44;0.95;0.52;160.88;0.58;0.50;0.006;4.21;4.93;-1000.00;-1000.00
5444.595;756;0.97;0.68;176.16;1.09;0.44;144.20;0.73;0.50;217;3;1;7;0.46;0.28;0.29;-0.04;-0.01;-0.05;-0.06;0.27;0.93;0.52;162.46;0.56;0.50;0.005;4.21;4.93;-1000.00;-1000.00
5444.705;765;0.94;0.68;177.74;1.09;0.44;144.20;0.73;0.50;217;3;1;7;0.47;0.27;0.30;-0.04;-0.01;0.07;0.07;0.31;0.90;0.53;165.44;0.52;0.50;0.011;4.21;4.93;-1000.00;-1000.00
5444.805;775;0.92;0.69;179.09;1.09;0.44;144.20;0.73;0.50;217;3;1;7;0.45;0.26;0.29;0.00;-0.01;0.03;0.03;0.21;0.88;0.54;166.84;0.51;0.50;0.006;4.21;4.93;-1000.00;-1000.00
5444.905;789;0.88;0.68;180.00;1.09;0.44;144.20;0.73;0.50;217;3;1;7;0.45;0.25;0.27;0.00;-0.00;0.03;0.02;0.08;0.86;0.54;168.18;0.49;0.50;0.013;4.21;4.93;-1000.00;-1000.00
5444.995;794;0.86;0.68;180.15;1.09;0.44;144.20;0.73;0.50;217;3;1;7;0.46;0.24;0.26;0.00;-0.00;0.02;0.02;0.05;0.84;0.54;169.47;0.47;0.50;0.004;4.21;4.93;-1000.00;-1000.00
5445.135;809;0.83;0.68;180.48;0.51;0.56;171.38;-0.63;0.50;489;1;1;4;0.50;0.23;0.25;0.00;-0.00;0.03;0.02;0.08;0.81;0.55;171.87;0.44;0.50;0.028;4.21;4.93;-1000.00;-1000.00
5445.215;817;0.81;0.68;180.81;0.51;0.56;171.38;-0.63;0.50;489;1;1;4;0.49;0.24;0.24;0.00;-0.00;0.02;0.02;0.07;0.65;0.55;180.00;-0.08;0.06;0.015;4.21;4.93;-1000.00;-1000.00
5445.315;826;0.79;0.68;181.15;0.51;0.56;171.38;-0.63;0.50;489;1;1;4;0.43;0.24;0.25;0.00;-0.00;0.02;0.02;0.07;0.65;0.55;180.00;-0.08;0.06;0.022;4.21;4.93;-1000.00;-1000.00
5445.405;837;0.76;0.68;181.33;0.25;0.65;154.12;-0.22;0.50;489;2;1;4;0.36;0.24;0.25;0.01;-0.00;0.03;0.02;0.03;0.65;0.55;180.00;-0.08;0.06;0.016;4.21;4.93;-1000.00;-1000.00
5445.515;845;0.74;0.68;181.25;0.25;0.65;154.12;-0.22;0.50;489;2;1;4;0.20;0.23;0.25;0.01;-0.00;0.02;0.02;-0.04;0.65;0.55;180.00;-0.08;0.06;0.012;4.21;4.93;-1000.00;-1000.00
5445.605;856;0.71;0.68;180.68;0.25;0.65;154.12;-0.22;0.50;489;2;1;4;0.19;0.21;0.24;0.01;-0.01;0.02;0.03;-0.16;0.65;0.55;180.00;-0.08;0.06;0.012;4.21;4.93;-1000.00;-1000.00
5445.715;869;0.68;0.68;179.68;0.25;0.65;154.12;-0.22;0.50;489;2;1;4;0.21;0.20;0.22;0.01;-0.01;0.03;0.04;-0.08;0.65;0.55;180.00;-0.08;0.06;0.021;4.21;4.93;-1000.00;-1000.00
5445.805;879;0.66;0.68;179.22;0.25;0.65;154.12;-0.22;0.50;489;2;1;4;0.21;0.18;0.21;0.00;-0.01;0.03;0.04;-0.05;0.65;0.55;180.00;-0.08;0.06;0.011;4.21;4.93;-1000.00;-1000.00
5445.915;887;0.65;0.68;178.92;0.25;0.65;154.12;-0.22;0.50;489;2;1;4;0.21;0.16;0.19;0.00;-0.01;0.03;0.04;-0.05;0.65;0.55;180.00;-0.08;0.06;0.021;4.21;4.93;-1000.00;-1000.00
5446.005;898;0.63;0.68;178.51;0.25;0.65;154.12;-0.22;0.50;489;2;1;4;0.03;0.15;0.17;0.00;-0.01;0.03;0.04;-0.04;0.63;0.55;179.57;-0.25;0.20;0.017;4.21;4.93;-1000.00;-1000.00
5446.105;906;0.61;0.68;178.02;0.25;0.65;154.12;-0.22;0.50;489;2;1;4;-0.05;0.15;0.16;0.01;-0.01;0.02;0.02;-0.13;0.61;0.55;178.94;-0.33;0.26;0.008;4.21;4.93;-1000.00;-1000.00
5446.215;917;0.60;0.68;177.09;0.25;0.65;154.12;-0.22;0.50;489;2;1;4;-0.13;0.14;0.15;0.01;-0.01;0.02;0.02;-0.13;0.59;0.55;177.88;-0.41;0.32;0.016;4.21;4.93;-1000.00;-1000.00
5446.315;929;0.58;0.68;176.09;0.25;0.65;154.12;-0.22;0.50;489;2;1;4;-0.18;0.14;0.14;-0.00;-0.00;0.02;0.03;-0.14;0.58;0.55;176.89;-0.46;0.36;0.022;4.21;4.93;-1000.00;-1000.00
5446.405;939;0.57;0.68;175.44;0.25;0.65;154.12;-0.22;0.50;489;2;1;4;-0.26;0.14;0.14;-0.00;-0.00;-0.00;-0.01;-0.10;0.56;0.55;175.63;-0.51;0.40;0.012;4.21;4.93;-1000.00;-1000.00
5446.515;948;0.55;0.68;174.85;0.25;0.65;154.12;-0.22;0.50;489;2;1;4;-0.35;0.15;0.14;-0.00;0.00;-0.00;-0.02;-0.11;0.54;0.55;174.07;-0.56;0.44;0.016;4.21;4.93;-1000.00;-1000.00
5446.615;959;0.54;0.68;174.03;0.25;0.65;154.12;-0.22;0.50;489;2;1;4;-0.45;0.16;0.16;0.01;-0.00;-0.01;0.01;-0.12;0.52;0.56;172.18;-0.61;0.48;0.012;4.21;4.93;-1000.00;-1000.00
5446.715;967;0.52;0.68;173.35;0.25;0.65;154.12;-0.22;0.50;489;2;1;4;-0.51;0.17;0.16;0.01;-0.00;-0.01;0.02;-0.17;0.50;0.56;170.03;-0.61;0.50;0.020;4.21;4.93;-1000.00;-1000.00
5446.815;977;0.51;0.68;172.39;0.25;0.65;154.12;-0.22;0.50;489;2;1;4;-0.51;0.18;0.18;0.01;-0.01;-0.01;0.04;-0.19;0.49;0.56;168.99;-0.59;0.50;0.021;4.21;4.93;-1000.00;-1000.00
5446.915;987;0.49;0.69;171.47;0.01;0.77;155.85;0.31;0.50;489;3;1;4;-0.53;0.19;0.19;0.00;-0.01;-0.03;0.07;-0.17;0.47;0.57;167.02;-0.56;0.50;0.021;4.21;4.93;-1000.00;-1000.00
5447.005;996;0.47;0.69;170.69;0.01;0.77;155.85;0.31;0.50;489;3;1;4;-0.47;0.19;0.19;0.00;-0.01;-0.03;0.06;-0.17;0.44;0.57;165.18;-0.52;0.50;0.010;4.21;4.93;-1000.00;-1000.00
5447.095;1004;0.46;0.69;170.11;0.01;0.77;155.85;0.31;0.50;489;3;1;4;-0.50;0.20;0.20;0.00;-0.01;-0.02;0.05;-0.12;0.42;0.58;163.48;-0.49;0.50;0.005;4.21;4.93;-1000.00;-1000.00
5447.205;1019;0.43;0.70;169.24;0.01;0.77;155.85;0.31;0.50;489;3;1;4;-0.49;0.20;0.21;-0.00;-0.01;-0.02;0.04;-0.12;0.40;0.59;161.91;-0.46;0.50;0.008;4.21;4.93;-1000.00;-1000.00
5447.305;1025;0.42;0.70;168.90;0.01;0.77;155.85;0.31;0.50;489;3;1;4;-0.52;0.21;0.22;-0.00;-0.01;-0.02;0.04;-0.11;0.38;0.59;160.47;-0.43;0.50;0.006;4.21;4.93;-1000.00;-1000.00
5447.395;1037;0.39;0.71;168.17;0.01;0.77;155.85;0.31;0.50;489;3;1;4;-0.54;0.21;0.22;-0.00;-0.01;-0.02;0.04;-0.14;0.35;0.60;158.54;-0.38;0.50;0.004;4.21;4.93;-1000.00;-1000.00
5447.495;1047;0.37;0.71;167.47;0.01;0.77;155.85;0.31;0.50;489;3;1;4;-0.53;0.22;0.23;-0.00;-0.01;-0.02;0.03;-0.14;0.33;0.61;157.40;-0.34;0.50;0.004;4.21;4.93;-1000.00;-1000.00
5447.605;1056;0.35;0.72;166.89;0.01;0.77;155.85;0.31;0.50;489;3;1;4;-0.53;0.23;0.23;-0.00;-0.01;-0.02;0.03;-0.12;0.31;0.62;156.38;-0.31;0.50;0.011;4.21;4.93;-1000.00;-1000.00
5447.705;1066;0.33;0.72;166.30;0.01;0.77;155.85;0.31;0.50;489;3;1;4;-0.51;0.23;0.24;-0.01;-0.01;-0.01;0.03;-0.11;0.29;0.63;155.46;-0.28;0.50;0.010;4.21;4.93;-1000.00;-1000.00
5447.795;1074;0.31;0.73;165.87;0.01;0.77;155.85;0.31;0.50;489;3;1;4;-0.51;0.24;0.24;-0.01;-0.01;-0.01;0.03;-0.10;0.27;0.64;154.66;-0.24;0.50;0.004;4.21;4.93;-1000.00;-1000.00
5447.905;1089;0.28;0.74;165.17;0.01;0.77;155.85;0.31;0.50;489;3;1;4;-0.47;0.24;0.26;0.01;-0.00;-0.02;0.05;-0.09;0.25;0.65;153.96;-0.21;0.50;0.009;4.21;4.93;-1000.00;-1000.00
5448.005;1098;0.25;0.74;164.88;0.01;0.77;155.85;0.31;0.50;489;3;1;4;-0.45;0.25;0.26;-0.01;-0.00;-0.01;0.03;-0.06;0.22;0.66;153.13;-0.14;0.50;0.010;4.21;4.93;-1000.00;-1000.00
5448.105;1109;0.23;0.75;164.70;0.01;0.77;155.85;0.31;0.50;489;3;1;4;-0.42;0.25;0.27;0.01;-0.01;-0.01;0.06;-0.07;0.19;0.68;152.61;-0.08;0.50;0.007;4.21;4.93;-1000.00;-1000.00
5448.195;1117;0.21;0.76;164.59;0.01;0.77;155.85;0.31;0.50;489;3;1;4;-0.39;0.26;0.27;0.00;-0.01;-0.01;0.03;-0.03;0.17;0.69;152.42;-0.04;0.50;0.005;4.21;4.93;-1000.00;-1000.00
5448.305;1128;0.18;0.77;164.47;0.01;0.77;155.85;0.31;0.50;489;3;1;4;-0.35;0.26;0.27;-0.01;-0.01;-0.01;0.02;-0.03;0.15;0.70;152.37;0.00;0.50;0.005;4.21;4.93;-1000.00;-1000.00
5448.395;1136;0.16;0.77;164.63;0.01;0.77;155.85;0.31;0.50;489;3;1;4;-0.32;0.27;0.28;0.00;-0.01;-0.01;0.04;0.01;0.13;0.71;152.44;0.05;0.50;0.008;4.22;4.93;-1000.00;-1000.00
5448.495;1145;0.13;0.78;164.78;0.01;0.77;155.85;0.31;0.50;489;3;1;4;-0.28;0.27;0.27;-0.01;-0.01;0.00;-0.02;0.05;0.11;0.72;152.66;0.09;0.50;0.004;4.22;4.93;-1000.00;-1000.00
5448.605;1155;0.11;0.79;164.94;-0.26;0.84;179.43;0.79;0.50;489;4;1;4;-0.22;0.28;0.29;-0.00;-0.01;-0.02;0.06;0.04;0.08;0.74;153.22;0.15;0.50;0.009;4.22;4.93;-1000.00;-1000.00
5448.705;1168;0.07;0.80;165.46;-0.26;0.84;179.43;0.79;0.50;489;4;1;4;-0.16;0.28;0.29;-0.00;-0.01;-0.02;0.06;0.05;0.06;0.75;153.77;0.20;0.50;0.010;4.22;4.93;-1000.00;-1000.00
5448.805;1178;0.04;0.80;166.00;-0.26;0.84;179.43;0.79;0.50;489;4;1;4;-0.10;0.28;0.29;-0.01;-0.01;-0.02;0.07;0.06;0.04;0.76;154.45;0.24;0.50;0.010;4.22;4.93;-1000.00;-1000.00
5448.935;1192;0.01;0.81;166.93;-0.25;0.85;180.00;0.11;0.00;469;1;1;5;-0.02;0.28;0.29;-0.00;-0.01;-0.02;0.05;0.14;-0.00;0.77;156.22;0.32;0.50;0.031;4.22;4.93;-1000.00;-1000.00
5449.025;1197;-0.01;0.82;167.32;-0.44;0.83;193.57;0.65;0.50;469;2;1;5;0.18;0.30;0.29;-0.01;-0.01;-0.02;0.03;0.13;-0.25;0.85;180.04;0.18;0.07;0.021;4.22;4.93;-1000.00;-1000.00
5449.105;1208;-0.04;0.83;168.74;-0.44;0.83;193.57;0.65;0.50;469;2;1;5;0.09;0.33;0.30;0.01;-0.00;0.03;-0.08;0.36;-0.25;0.85;180.04;0.18;0.07;0.013;4.22;4.93;-1000.00;-1000.00
5449.205;1216;-0.06;0.83;169.81;-0.44;0.83;193.57;0.65;0.50;469;2;1;5;0.12;0.35;0.33;0.01;0.00;-0.01;0.01;0.17;-0.25;0.85;180.04;0.18;0.07;0.011;4.22;4.93;-1000.00;-1000.00
5449.305;1227;-0.10;0.84;170.61;-0.44;0.83;193.57;0.65;0.50;469;2;1;5;0.16;0.36;0.35;-0.00;0.00;-0.01;-0.01;0.14;-0.25;0.85;180.04;0.18;0.07;0.010;4.22;4.93;-1000.00;-1000.00
5449.405;1235;-0.13;0.84;171.37;-0.44;0.83;193.57;0.65;0.50;469;2;1;5;0.22;0.37;0.36;-0.00;0.00;-0.00;-0.01;0.18;-0.25;0.85;180.04;0.18;0.07;0.010;4.22;4.93;-1000.00;-1000.00
5449.505;1246;-0.17;0.85;172.63;-0.44;0.83;193.57;0.65;0.50;469;2;1;5;0.27;0.37;0.37;-0.00;-0.00;0.00;0.00;0.22;-0.25;0.85;180.04;0.18;0.07;0.014;4.22;4.93;-1000.00;-1000.00
5449.615;1258;-0.21;0.85;174.20;-0.44;0.83;193.57;0.65;0.50;469;2;1;5;0.32;0.37;0.37;-0.00;-0.01;-0.00;0.00;0.22;-0.25;0.85;180.04;0.18;0.07;0.018;4.22;4.93;-1000.00;-1000.00
5449.705;1269;-0.25;0.86;175.78;-0.44;0.83;193.57;0.65;0.50;469;2;1;5;0.36;0.36;0.35;-0.05;-0.01;-0.01;0.02;0.28;-0.25;0.85;180.04;0.18;0.07;0.013;4.22;4.93;-1000.00;-1000.00
5449.805;1277;-0.28;0.86;176.86;-0.44;0.83;193.57;0.65;0.50;469;2;1;5;0.51;0.35;0.36;-0.00;-0.01;0.06;-0.09;0.22;-0.28;0.85;181.05;0.33;0.21;0.010;4.22;4.93;-1000.00;-1000.00
5449.905;1288;-0.32;0.86;179.14;-0.75;0.62;234.67;0.68;0.50;469;3;1;5;0.62;0.36;0.35;0.00;-0.01;0.01;-0.02;0.38;-0.32;0.85;183.30;0.44;0.31;0.011;4.22;4.93;-1000.00;-1000.00
5450.005;1296;-0.35;0.86;181.68;-0.75;0.62;234.67;0.68;0.50;469;3;1;5;0.63;0.36;0.33;0.00;-0.09;-0.49;-0.01;0.84;-0.34;0.85;184.72;0.49;0.35;0.008;4.22;4.93;-1000.00;-1000.00
5450.105;1307;-0.39;0.86;185.72;-0.75;0.62;234.67;0.68;0.50;469;3;1;5;0.68;0.37;0.36;-0.01;-0.00;0.02;-0.05;0.54;-0.39;0.84;188.68;0.57;0.43;0.013;4.22;4.93;-1000.00;-1000.00
5450.195;1316;-0.42;0.86;189.02;-0.75;0.62;234.67;0.68;0.50;469;3;1;5;0.71;0.38;0.36;-0.05;-0.02;-0.10;0.12;0.84;-0.42;0.84;191.29;0.62;0.47;0.005;4.22;4.93;-1000.00;-1000.00
5450.295;1326;-0.46;0.86;193.57;-0.75;0.62;234.67;0.68;0.50;469;3;1;5;0.70;0.38;0.38;-0.02;-0.02;0.08;-0.08;0.88;-0.45;0.83;194.37;0.65;0.50;0.005;4.22;4.93;-1000.00;-1000.00
5450.405;1335;-0.49;0.85;198.40;-0.75;0.62;234.67;0.68;0.50;469;3;1;5;0.65;0.39;0.37;-0.03;-0.01;-0.16;0.11;0.91;-0.48;0.82;197.60;0.65;0.50;0.005;4.22;4.93;-1000.00;-1000.00
5450.495;1345;-0.53;0.84;203.00;-0.75;0.62;234.67;0.68;0.50;469;3;1;5;0.64;0.40;0.42;-0.04;-0.03;-0.12;0.20;0.88;-0.52;0.80;202.48;0.66;0.50;0.005;4.22;4.93;-1000.00;-1000.00
5450.605;1359;-0.58;0.81;208.38;-0.75;0.62;234.67;0.68;0.50;469;3;1;5;0.65;0.40;0.41;-0.01;-0.01;0.11;-0.06;0.43;-0.56;0.78;207.39;0.66;0.50;0.010;4.22;4.93;-1000.00;-1000.00
5450.705;1368;-0.61;0.80;211.20;-0.75;0.62;234.67;0.68;0.50;469;3;1;5;0.70;0.41;0.40;-0.06;-0.01;-0.05;0.04;0.63;-0.59;0.77;210.69;0.66;0.50;0.007;4.22;4.93;-1000.00;-1000.00
5450.805;1377;-0.65;0.78;214.18;-0.75;0.62;234.67;0.68;0.50;469;3;1;5;0.77;0.41;0.44;-0.06;-0.01;0.11;-0.04;0.61;-0.63;0.74;215.67;0.67;0.50;0.014;4.22;4.93;-1000.00;-1000.00
5450.905;1387;-0.69;0.76;218.86;-0.75;0.62;234.67;0.68;0.50;469;3;1;5;0.76;0.42;0.45;-0.08;-0.01;-0.05;0.02;0.85;-0.65;0.73;219.00;0.67;0.50;0.007;4.22;4.93;-1000.00;-1000.00
5450.995;1398;-0.73;0.74;224.76;-0.75;0.62;234.67;0.68;0.50;469;3;1;5;0.76;0.42;0.45;-0.12;-0.01;-0.03;0.01;0.99;-0.69;0.69;224.05;0.67;0.50;0.005;4.22;4.93;-1000.00;-1000.00
5451.115;1406;-0.76;0.72;229.19;-0.75;0.62;234.67;0.68;0.50;469;3;1;5;0.75;0.42;0.45;-0.15;-0.01;-0.04;-0.01;1.18;-0.71;0.67;227.43;0.68;0.50;0.014;4.22;4.93;-1000.00;-1000.00
5451.205;1417;-0.81;0.69;235.51;-0.75;0.62;234.67;0.68;0.50;469;3;1;5;0.74;0.42;0.47;-0.15;-0.01;0.02;0.01;0.91;-0.74;0.64;232.53;0.68;0.50;0.008;4.22;4.93;-1000.00;-1000.00
5451.315;1426;-0.84;0.66;241.22;-0.75;0.62;234.67;0.68;0.50;469;3;1;5;0.68;0.42;0.45;-0.15;-0.01;-0.09;-0.00;1.29;-0.76;0.61;235.95;0.68;0.50;0.011;4.22;4.93;-1000.00;-1000.00
5451.405;1436;-0.87;0.62;247.31;-0.75;0.62;234.67;0.68;0.50;469;3;1;5;0.63;0.41;0.47;-0.12;-0.01;0.14;0.04;0.91;-0.78;0.57;240.91;0.65;0.50;0.012;4.22;4.93;-1000.00;-1000.00
5451.495;1445;-0.89;0.59;251.95;-0.86;0.26;269.43;0.49;0.50;469;4;1;5;0.59;0.40;0.47;-0.15;-0.09;-0.12;0.35;0.84;-0.80;0.55;244.08;0.64;0.50;0.006;4.22;4.93;-1000.00;-1000.00
5451.595;1455;-0.91;0.55;256.11;-0.86;0.26;269.43;0.49;0.50;469;4;1;5;0.42;0.41;0.43;-0.04;-0.01;0.14;0.06;0.69;-0.81;0.52;247.16;0.62;0.50;0.004;4.22;4.93;-1000.00;-1000.00
5451.745;1470;-0.93;0.49;260.86;-0.86;0.11;-98.62;-0.63;0.50;1052;1;1;4;0.40;0.41;0.41;0.02;-0.01;0.17;0.09;0.33;-0.83;0.47;251.58;0.60;0.50;0.040;4.22;4.93;-1000.00;-1000.00
5451.815;1478;-0.93;0.46;262.71;-0.86;0.11;-98.62;-0.63;0.50;1052;1;1;4;0.79;0.40;0.40;-0.01;-0.01;-0.08;-0.04;0.41;-0.85;0.25;-90.00;-0.08;0.06;0.020;4.22;4.93;-1000.00;-1000.00
5451.915;1487;-0.93;0.42;266.19;-0.86;0.11;-98.62;-0.63;0.50;1052;1;1;4;0.63;0.39;0.41;-0.03;-0.01;0.13;0.09;1.13;-0.85;0.25;-90.00;-0.08;0.06;0.019;4.22;4.93;-1000.00;-1000.00
5452.025;1497;-0.94;0.38;272.56;-0.95;-0.15;-115.88;-0.22;0.50;1052;2;1;4;0.27;0.39;0.36;-0.01;-0.11;0.25;-0.43;0.92;-0.85;0.25;-90.00;-0.08;0.06;0.029;4.22;4.93;-1000.00;-1000.00
5452.105;1506;-0.94;0.35;276.54;-0.95;-0.15;-115.88;-0.22;0.50;1052;2;1;4;-0.12;0.38;0.40;-0.02;-0.01;-0.14;-0.13;0.48;-0.85;0.25;-90.00;-0.08;0.06;0.012;4.22;4.93;-1000.00;-1000.00
5452.205;1515;-0.93;0.31;276.33;-0.95;-0.15;-115.88;-0.22;0.50;1052;2;1;4;-0.15;0.37;0.38;0.02;-0.01;0.11;0.11;-0.46;-0.85;0.25;-90.00;-0.08;0.06;0.010;4.22;4.93;-1000.00;-1000.00
5452.315;1528;-0.93;0.26;273.27;-0.95;-0.15;-115.88;-0.22;0.50;1052;2;1;4;-0.08;0.35;0.36;0.01;-0.01;-0.05;-0.03;-0.34;-0.85;0.25;-90.00;-0.08;0.06;0.022;4.22;4.93;-1000.00;-1000.00
5452.415;1539;-0.93;0.23;272.18;-0.95;-0.15;-115.88;-0.22;0.50;1052;2;1;4;-0.06;0.33;0.35;-0.00;-0.00;-0.01;0.00;-0.10;-0.85;0.25;-90.00;-0.08;0.06;0.016;4.22;4.93;-1000.00;-1000.00
5452.505;1549;-0.93;0.19;271.80;-0.95;-0.15;-115.88;-0.22;0.50;1052;2;1;4;-0.41;0.33;0.33;-0.00;-0.00;0.01;-0.00;-0.05;-0.85;0.20;-91.71;-0.38;0.30;0.018;4.22;4.93;-1000.00;-1000.00
5452.605;1557;-0.92;0.17;270.10;-0.95;-0.15;-115.88;-0.22;0.50;1052;2;1;4;-0.58;0.33;0.32;0.02;-0.00;-0.02;0.02;-0.47;-0.85;0.16;-94.37;-0.51;0.40;0.012;4.22;4.93;-1000.00;-1000.00
5452.705;1567;-0.92;0.13;267.10;-0.95;-0.15;-115.88;-0.22;0.50;1052;2;1;4;-0.71;0.33;0.33;0.01;-0.01;0.04;-0.03;-0.57;-0.86;0.12;-97.82;-0.61;0.48;0.009;4.22;4.93;-1000.00;-1000.00
5452.805;1577;-0.92;0.10;262.78;-0.95;-0.15;-115.88;-0.22;0.50;1052;2;1;4;-0.64;0.34;0.32;0.02;-0.01;-0.14;0.14;-0.87;-0.86;0.09;-101.01;-0.59;0.50;0.012;4.22;4.93;-1000.00;-1000.00
5452.955;1590;-0.93;0.06;257.64;-1.07;-0.39;-114.15;0.31;0.50;1052;3;1;4;-0.50;0.34;0.35;0.01;-0.06;-0.03;0.27;-0.74;-0.87;0.06;-103.92;-0.54;0.50;0.059;4.22;4.93;-1000.00;-1000.00
5452.995;1596;-0.93;0.04;255.15;-1.07;-0.39;-114.15;0.31;0.50;1052;3;1;4;-0.43;0.35;0.33;0.05;-0.01;-0.10;0.12;-0.57;-0.88;0.02;-106.52;-0.49;0.50;0.005;4.22;4.93;-1000.00;-1000.00
5453.105;1606;-0.94;0.00;253.59;-1.07;-0.39;-114.15;0.31;0.50;1052;3;1;4;-0.43;0.35;0.35;-0.01;-0.00;0.14;-0.17;-0.14;-0.89;-0.01;-108.82;-0.44;0.50;0.010;4.22;4.93;-1000.00;-1000.00
5453.195;1615;-0.95;-0.03;252.12;-1.07;-0.39;-114.15;0.31;0.50;1052;3;1;4;-0.42;0.36;0.34;-0.00;-0.01;-0.04;0.06;-0.30;-0.90;-0.05;-111.46;-0.38;0.50;0.005;4.22;4.93;-1000.00;-1000.00
5453.305;1629;-0.97;-0.07;249.98;-1.07;-0.39;-114.15;0.31;0.50;1052;3;1;4;-0.32;0.36;0.34;-0.02;-0.09;0.19;0.45;-0.37;-0.91;-0.07;-112.60;-0.34;0.50;0.015;4.22;4.93;-1000.00;-1000.00
5453.405;1638;-0.98;-0.10;248.93;-1.07;-0.39;-114.15;0.31;0.50;1052;3;1;4;-0.32;0.36;0.35;0.00;-0.01;0.04;-0.06;-0.11;-0.93;-0.11;-114.54;-0.28;0.50;0.009;4.22;4.93;-1000.00;-1000.00
5453.495;1645;-0.99;-0.13;248.40;-1.07;-0.39;-114.15;0.31;0.50;1052;3;1;4;-0.30;0.36;0.39;0.03;-0.05;-0.30;0.13;-0.22;-0.94;-0.14;-115.71;-0.23;0.50;0.006;4.22;4.93;-1000.00;-1000.00
5453.615;1657;-1.00;-0.17;247.47;-1.07;-0.39;-114.15;0.31;0.50;1052;3;1;4;-0.24;0.37;0.36;0.02;-0.01;-0.04;0.06;-0.15;-0.96;-0.18;-116.87;-0.14;0.50;0.008;4.22;4.93;-1000.00;-1000.00
5453.705;1668;-1.01;-0.21;247.01;-1.07;-0.39;-114.15;0.31;0.50;1052;3;1;4;-0.18;0.37;0.36;0.00;-0.01;-0.01;0.02;0.00;-0.98;-0.22;-117.50;-0.06;0.50;0.011;4.22;4.93;-1000.00;-1000.00
5453.805;1676;-1.02;-0.23;247.26;-1.07;-0.39;-114.15;0.31;0.50;1052;3;1;4;-0.15;0.37;0.37;0.00;-0.01;-0.00;-0.01;0.08;-1.00;-0.24;-117.62;-0.02;0.50;0.005;4.22;4.93;-1000.00;-1000.00
5453.895;1687;-1.04;-0.27;247.70;-1.07;-0.39;-114.15;0.31;0.50;1052;3;1;4;-0.09;0.38;0.37;0.01;-0.01;0.02;-0.03;0.11;-1.02;-0.28;-117.47;0.07;0.50;0.008;4.22;4.93;-1000.00;-1000.00
5454.005;1695;-1.05;-0.30;248.23;-1.07;-0.39;-114.15;0.31;0.50;1052;3;1;4;-0.04;0.38;0.37;0.00;-0.01;0.02;-0.04;0.17;-1.03;-0.31;-117.00;0.13;0.50;0.010;4.22;4.93;-1000.00;-1000.00
5454.105;1706;-1.06;-0.34;249.13;-1.14;-0.66;-90.57;0.79;0.50;1052;4;1;4;0.02;0.38;0.38;0.00;-0.01;-0.02;0.02;0.16;-1.05;-0.34;-116.23;0.20;0.50;0.011;4.22;4.93;-1000.00;-1000.00
5454.205;1718;-1.08;-0.38;250.31;-1.14;-0.66;-90.57;0.79;0.50;1052;4;1;4;0.10;0.38;0.38;-0.00;-0.00;-0.02;0.05;0.18;-1.06;-0.37;-115.16;0.26;0.50;0.008;4.22;4.93;-1000.00;-1000.00
5454.335;1729;-1.09;-0.42;251.63;-1.16;-0.79;-98.62;-0.63;0.50;187;1;1;4;0.20;0.38;0.39;-0.00;0.00;0.01;-0.01;0.17;-1.08;-0.41;-113.26;0.34;0.50;0.028;4.22;4.93;-1000.00;-1000.00
5454.415;1738;-1.10;-0.45;252.73;-1.16;-0.79;-98.62;-0.63;0.50;187;1;1;4;0.79;0.37;0.37;-0.01;-0.00;-0.01;-0.01;0.21;-1.15;-0.65;-90.00;-0.08;0.06;0.021;4.22;4.93;-1000.00;-1000.00
5454.515;1749;-1.12;-0.49;256.72;-1.25;-1.05;-115.88;-0.22;0.50;187;2;1;4;0.79;0.35;0.36;-0.02;-0.01;0.00;-0.00;1.08;-1.15;-0.65;-90.00;-0.08;0.06;0.013;4.22;4.93;-1000.00;-1000.00
5454.605;1757;-1.13;-0.52;261.54;-1.25;-1.05;-115.88;-0.22;0.50;187;2;1;4;0.42;0.34;0.35;-0.05;-0.01;-0.15;-0.07;1.09;-1.15;-0.65;-90.00;-0.08;0.06;0.009;4.22;4.93;-1000.00;-1000.00
5454.715;1766;-1.13;-0.55;265.50;-1.25;-1.05;-115.88;-0.22;0.50;187;2;1;4;0.21;0.34;0.35;-0.00;-0.01;0.18;0.12;0.35;-1.15;-0.65;-90.00;-0.08;0.06;0.019;4.22;4.93;-1000.00;-1000.00
5454.805;1776;-1.14;-0.58;266.69;-1.25;-1.05;-115.88;-0.22;0.50;187;2;1;4;0.13;0.33;0.34;-0.03;-0.01;0.07;0.05;-0.04;-1.15;-0.65;-90.00;-0.08;0.06;0.015;4.22;4.93;-1000.00;-1000.00
5454.905;1787;-1.14;-0.62;266.50;-1.25;-1.05;-115.88;-0.22;0.50;187;2;1;4;0.11;0.31;0.32;-0.02;-0.01;0.04;0.02;-0.10;-1.15;-0.65;-90.00;-0.08;0.06;0.008;4.22;4.93;-1000.00;-1000.00
5455.005;1795;-1.14;-0.64;266.16;-1.25;-1.05;-115.88;-0.22;0.50;187;2;1;4;0.10;0.30;0.31;-0.00;-0.01;0.01;0.01;-0.08;-1.15;-0.65;-90.00;-0.08;0.06;0.010;4.22;4.93;-1000.00;-1000.00
5455.105;1806;-1.15;-0.68;265.76;-1.25;-1.05;-115.88;-0.22;0.50;187;2;1;4;-0.11;0.29;0.30;-0.00;-0.01;0.02;0.02;-0.07;-1.15;-0.68;-90.60;-0.28;0.22;0.010;4.22;4.93;-1000.00;-1000.00
5455.215;1818;-1.15;-0.71;264.56;-1.25;-1.05;-115.88;-0.22;0.50;187;2;1;4;-0.22;0.29;0.29;0.01;-0.01;-0.06;-0.03;-0.25;-1.15;-0.70;-91.71;-0.38;0.30;0.015;4.22;4.93;-1000.00;-1000.00
5455.305;1829;-1.15;-0.74;263.01;-1.25;-1.05;-115.88;-0.22;0.50;187;2;1;4;-0.34;0.29;0.28;0.01;-0.00;-0.00;0.01;-0.22;-1.15;-0.73;-93.70;-0.48;0.38;0.015;4.22;4.93;-1000.00;-1000.00
5455.395;1837;-1.15;-0.76;261.78;-1.25;-1.05;-115.88;-0.22;0.50;187;2;1;4;-0.52;0.30;0.29;0.01;-0.00;0.06;-0.06;-0.26;-1.16;-0.77;-96.83;-0.58;0.46;0.008;4.22;4.93;-1000.00;-1000.00
5455.525;1848;-1.16;-0.80;259.15;-1.25;-1.05;-115.88;-0.22;0.50;187;2;1;4;-0.54;0.31;0.30;0.00;-0.01;0.06;-0.06;-0.43;-1.16;-0.79;-98.90;-0.62;0.50;0.024;4.22;4.93;-1000.00;-1000.00
5455.605;1856;-1.16;-0.82;257.16;-1.25;-1.05;-115.88;-0.22;0.50;187;2;1;4;-0.53;0.32;0.30;0.01;-0.01;-0.03;0.04;-0.39;-1.16;-0.82;-102.02;-0.57;0.50;0.012;4.22;4.93;-1000.00;-1000.00
5455.705;1867;-1.17;-0.85;254.98;-1.25;-1.05;-115.88;-0.22;0.50;187;2;1;4;-0.52;0.32;0.33;0.05;-0.04;-0.26;0.09;-0.49;-1.17;-0.86;-104.82;-0.52;0.50;0.013;4.22;4.93;-1000.00;-1000.00
5455.795;1875;-1.18;-0.88;253.09;-1.37;-1.29;-114.15;0.31;0.50;187;3;1;4;-0.48;0.33;0.31;0.01;-0.01;-0.04;0.06;-0.36;-1.18;-0.88;-106.52;-0.49;0.50;0.011;4.22;4.93;-1000.00;-1000.00
5455.905;1886;-1.19;-0.91;251.35;-1.37;-1.29;-114.15;0.31;0.50;187;3;1;4;-0.45;0.34;0.34;0.00;-0.00;0.11;-0.14;-0.21;-1.19;-0.91;-108.82;-0.44;0.50;0.010;4.22;4.93;-1000.00;-1000.00
5456.005;1898;-1.20;-0.95;249.18;-1.37;-1.29;-114.15;0.31;0.50;187;3;1;4;-0.37;0.35;0.34;0.02;-0.01;0.05;-0.08;-0.35;-1.20;-0.93;-110.20;-0.41;0.50;0.009;4.22;4.93;-1000.00;-1000.00
5456.105;1909;-1.21;-0.99;247.75;-1.37;-1.29;-114.15;0.31;0.50;187;3;1;4;-0.38;0.35;0.35;0.04;-0.01;-0.05;0.08;-0.22;-1.22;-0.98;-113.12;-0.33;0.50;0.007;4.22;4.93;-1000.00;-1000.00
5456.205;1918;-1.22;-1.02;246.90;-1.37;-1.29;-114.15;0.31;0.50;187;3;1;4;-0.36;0.36;0.35;0.01;-0.01;0.07;-0.12;-0.15;-1.23;-1.01;-114.54;-0.28;0.50;0.015;4.22;4.93;-1000.00;-1000.00
5456.305;1928;-1.23;-1.05;245.73;-1.37;-1.29;-114.15;0.31;0.50;187;3;1;4;-0.30;0.37;0.36;0.03;-0.01;0.02;-0.03;-0.15;-1.24;-1.03;-115.34;-0.24;0.50;0.011;4.22;4.93;-1000.00;-1000.00
5456.405;1936;-1.24;-1.08;245.28;-1.37;-1.29;-114.15;0.31;0.50;187;3;1;4;-0.29;0.37;0.38;0.00;-0.01;-0.04;0.06;-0.11;-1.26;-1.07;-116.62;-0.17;0.50;0.012;4.23;4.93;-1000.00;-1000.00
5456.495;1947;-1.26;-1.11;244.92;-1.37;-1.29;-114.15;0.31;0.50;187;3;1;4;-0.23;0.38;0.37;0.00;-0.01;0.05;-0.09;0.01;-1.27;-1.10;-117.25;-0.10;0.50;0.006;4.23;4.93;-1000.00;-1000.00
5456.605;1955;-1.27;-1.14;244.88;-1.37;-1.29;-114.15;0.31;0.50;187;3;1;4;-0.19;0.39;0.38;0.01;-0.01;0.01;-0.02;0.08;-1.29;-1.13;-117.58;-0.04;0.50;0.010;4.23;4.93;-1000.00;-1000.00
5456.695;1964;-1.28;-1.17;245.18;-1.37;-1.29;-114.15;0.31;0.50;187;3;1;4;-0.14;0.39;0.38;0.01;-0.01;-0.01;0.01;0.09;-1.31;-1.16;-117.61;0.03;0.50;0.006;4.23;4.93;-1000.00;-1000.00
5456.805;1978;-1.31;-1.22;245.95;-1.37;-1.29;-114.15;0.31;0.50;187;3;1;4;-0.07;0.39;0.38;0.00;-0.01;-0.03;0.03;0.08;-1.32;-1.19;-117.34;0.09;0.50;0.012;4.23;4.93;-1000.00;-1000.00
5456.895;1988;-1.32;-1.26;246.74;-1.44;-1.56;-90.57;0.79;0.50;187;4;1;4;0.02;0.40;0.39;0.00;-0.01;-0.01;0.02;0.15;-1.35;-1.24;-116.23;0.20;0.50;0.005;4.23;4.93;-1000.00;-1000.00
5457.005;1997;-1.33;-1.29;247.89;-1.44;-1.56;-90.57;0.79;0.50;187;4;1;4;0.12;0.40;0.39;-0.00;-0.01;-0.04;0.06;0.20;-1.36;-1.27;-115.16;0.26;0.50;0.010;4.23;4.93;-1000.00;-1000.00
5457.145;2011;-1.35;-1.34;250.16;-1.45;-1.55;-90.00;-0.00;0.50;593;0;1;0;0.20;0.39;0.39;-0.01;0.00;0.02;-0.00;0.31;-1.38;-1.31;-113.26;0.34;0.50;0.048;4.23;4.93;-1000.00;-1000.00
5457.235;2022;-1.37;-1.38;251.68;-1.45;-1.55;-90.00;-0.00;0.50;593;0;1;0;0.70;0.42;0.38;-0.01;-0.00;-0.01;-0.00;0.19;-1.45;-1.55;-90.00;-0.00;0.50;0.044;4.23;4.93;-1000.00;-1000.00
5457.325;2030;-1.38;-1.41;254.55;-1.45;-1.55;-90.00;-0.00;0.50;593;0;1;0;0.59;0.44;0.42;-0.02;-0.01;0.03;0.01;1.02;-1.45;-1.55;-90.00;-0.00;0.50;0.036;4.23;4.93;-1000.00;-1000.00
5457.425;2039;-1.39;-1.45;258.78;-1.45;-1.55;-90.00;-0.00;0.50;593;0;1;0;0.41;0.45;0.47;-0.06;-0.02;-0.19;0.01;0.84;-1.45;-1.55;-90.00;-0.00;0.50;0.028;4.23;4.93;-1000.00;-1000.00
5457.525;2049;-1.40;-1.49;262.66;-1.45;-1.55;-90.00;-0.00;0.50;593;0;1;0;0.25;0.46;0.46;-0.02;-0.01;0.16;0.08;0.36;-1.45;-1.55;-90.00;-0.00;0.50;0.032;4.23;4.93;-1000.00;-1000.00
5457.625;2058;-1.41;-1.53;264.14;-1.45;-1.79;-90.00;-0.00;0.50;593;1;1;0;0.19;0.47;0.46;-0.02;-0.01;-0.07;-0.04;0.17;-1.45;-1.55;-90.00;-0.00;0.50;0.035;4.23;4.93;-1000.00;-1000.00
5457.715;2068;-1.41;-1.58;264.58;-1.45;-1.79;-90.00;-0.00;0.50;593;1;1;0;0.18;0.47;0.47;0.01;-0.01;-0.03;-0.01;0.09;-1.45;-1.56;-90.00;-0.00;0.50;0.017;4.23;4.93;-1000.00;-1000.00
5457.805;2077;-1.42;-1.62;264.86;-1.45;-1.79;-90.00;-0.00;0.50;593;1;1;0;0.18;0.47;0.46;-0.00;-0.01;-0.00;-0.01;-0.01;-1.45;-1.62;-90.00;-0.00;0.50;0.017;4.23;4.93;-1000.00;-1000.00
5457.905;2087;-1.42;-1.66;264.97;-1.45;-1.79;-90.00;-0.00;0.50;593;1;1;0;0.18;0.47;0.45;-0.01;-0.01;-0.04;-0.03;0.07;-1.45;-1.66;-90.00;-0.00;0.50;0.017;4.23;4.93;-1000.00;-1000.00
5458.005;2095;-1.43;-1.70;265.05;-1.45;-1.79;-90.00;-0.00;0.50;593;1;1;0;0.19;0.47;0.45;-0.01;-0.01;-0.04;-0.03;0.09;-1.45;-1.71;-90.00;-0.00;0.50;0.015;4.23;4.93;-1000.00;-1000.00
5458.105;2106;-1.43;-1.75;265.30;-1.45;-1.79;-90.00;-0.00;0.50;593;1;1;0;0.19;0.47;0.45;-0.01;-0.01;-0.04;-0.03;0.10;-1.45;-1.75;-90.00;-0.00;0.50;0.012;4.23;4.93;-1000.00;-1000.00
5458.215;2119;-1.44;-1.81;265.61;-1.45;-2.03;-90.00;-0.00;0.50;593;2;1;0;0.18;0.47;0.46;-0.01;-0.01;-0.02;-0.02;0.04;-1.45;-1.79;-90.00;-0.00;0.50;0.021;4.23;4.93;-1000.00;-1000.00
5458.305;2128;-1.44;-1.85;265.78;-1.45;-2.03;-90.00;-0.00;0.50;593;2;1;0;0.19;0.47;0.45;-0.01;-0.01;-0.04;-0.03;0.09;-1.45;-1.84;-90.00;-0.00;0.50;0.017;4.23;4.93;-1000.00;-1000.00
5458.405;2139;-1.45;-1.90;265.97;-1.45;-2.03;-90.00;-0.00;0.50;593;2;1;0;0.19;0.47;0.46;-0.01;-0.01;-0.02;-0.02;0.04;-1.45;-1.90;-90.00;-0.00;0.50;0.009;4.23;4.93;-1000.00;-1000.00
5458.505;2147;-1.45;-1.94;266.10;-1.45;-2.03;-90.00;-0.00;0.50;593;2;1;0;0.19;0.47;0.45;-0.01;-0.01;-0.04;-0.03;0.10;-1.45;-1.93;-90.00;-0.00;0.50;0.012;4.23;4.93;-1000.00;-1000.00
5458.605;2156;-1.45;-1.98;266.25;-1.45;-2.03;-90.00;-0.00;0.50;593;2;1;0;0.19;0.48;0.46;-0.01;-0.01;-0.04;-0.03;0.10;-1.45;-1.98;-90.00;-0.00;0.50;0.011;4.23;4.93;-1000.00;-1000.00
5458.705;2166;-1.46;-2.03;266.43;-1.45;-2.26;-90.00;-0.00;0.50;593;3;1;0;0.19;0.48;0.46;-0.01;-0.01;-0.04;-0.03;0.09;-1.45;-2.03;-90.00;-0.00;0.50;0.014;4.23;4.93;-1000.00;-1000.00
5458.795;2175;-1.46;-2.07;266.58;-1.45;-2.26;-90.00;-0.00;0.50;593;3;1;0;0.19;0.48;0.47;-0.01;-0.01;0.06;0.04;-0.02;-1.45;-2.07;-90.00;-0.00;0.50;0.005;4.23;4.93;-1000.00;-1000.00
5458.925;2189;-1.46;-2.13;266.82;-1.45;-2.26;-90.00;-0.00;0.50;593;3;1;0;0.19;0.48;0.48;-0.01;-0.01;-0.05;-0.03;0.07;-1.45;-2.13;-90.00;-0.00;0.50;0.010;4.23;4.93;-1000.00;-1000.00
5459.005;2199;-1.47;-2.18;267.09;-1.45;-2.26;-90.00;-0.00;0.50;593;3;1;0;0.18;0.48;0.47;-0.01;-0.01;0.00;-0.01;-0.00;-1.45;-2.16;-90.00;-0.00;0.50;0.010;4.23;4.93;-1000.00;-1000.00
5459.095;2204;-1.47;-2.20;267.05;-1.45;-2.26;-90.00;-0.00;0.50;593;3;1;0;0.19;0.48;0.48;-0.00;-0.01;-0.05;-0.03;0.06;-1.45;-2.20;-90.00;-0.00;0.50;0.005;4.23;4.93;-1000.00;-1000.00
5459.205;2218;-1.47;-2.26;267.29;-1.45;-2.50;-90.00;0.00;0.50;593;4;1;0;0.19;0.48;0.47;-0.01;-0.01;0.05;0.03;-0.02;-1.45;-2.26;-90.00;-0.00;0.50;0.005;4.23;4.93;-1000.00;-1000.00
5459.295;2223;-1.47;-2.29;267.43;-1.45;-2.50;-90.00;0.00;0.50;593;4;1;0;0.19;0.48;0.46;-0.01;-0.01;-0.04;-0.03;0.10;-1.45;-2.30;-90.00;-0.00;0.50;0.002;4.23;4.93;-1000.00;-1000.00
5459.395;2234;-1.48;-2.34;267.50;-1.45;-2.50;-90.00;0.00;0.50;593;4;1;0;0.19;0.48;0.48;-0.00;-0.01;0.07;0.04;-0.03;-1.45;-2.34;-90.00;-0.00;0.50;0.001;4.23;4.93;-1000.00;-1000.00
5459.495;2247;-1.48;-2.40;267.78;-1.45;-2.50;-90.00;0.00;0.50;593;4;1;0;0.18;0.48;0.47;-0.01;-0.01;0.01;-0.01;0.00;-1.45;-2.40;-90.00;-0.00;0.50;0.002;4.23;4.93;-1000.00;-1000.00
5459.595;2257;-1.48;-2.45;267.96;-1.45;-2.50;-90.00;0.00;0.50;593;4;1;0;0.18;0.48;0.46;-0.01;-0.01;-0.04;-0.03;0.07;-1.45;-2.45;-90.00;0.00;0.50;0.004;4.23;4.93;-1000.00;-1000.00
5459.725;2270;-1.49;-2.51;268.12;-1.45;-2.75;-90.00;0.00;-0.50;589;0;1;2;0.19;0.48;0.48;-0.03;-0.01;-0.12;-0.09;0.12;-1.45;-2.49;-90.00;0.00;0.50;0.032;4.23;4.93;-1000.00;-1000.00
5459.845;2281;-1.49;-2.57;268.56;-1.45;-2.45;-90.00;-0.00;0.37;590;0;1;7;0.03;0.43;0.48;-0.02;-0.01;0.03;0.02;0.08;-1.45;-2.54;-90.00;0.00;-0.50;0.027;4.23;4.93;-1000.00;-1000.00
5459.925;2289;-1.49;-2.60;267.84;-1.40;-2.83;-65.10;0.79;0.50;590;1;1;7;0.53;0.43;0.43;0.00;-0.01;0.01;0.01;-0.24;-1.45;-2.58;-87.68;0.29;0.42;0.025;4.23;4.93;-1000.00;-1000.00
5460.015;2298;-1.50;-2.64;268.73;-1.40;-2.83;-65.10;0.79;0.50;590;1;1;7;0.65;0.43;0.40;-0.03;-0.01;-0.07;-0.04;0.76;-1.45;-2.63;-85.54;0.38;0.43;0.024;4.23;4.93;-1000.00;-1000.00
5460.105;2308;-1.50;-2.68;273.29;-1.40;-2.83;-65.10;0.79;0.50;590;1;1;7;0.68;0.44;0.43;-0.03;-0.00;0.04;0.04;0.91;-1.44;-2.67;-82.52;0.48;0.45;0.013;4.23;4.93;-1000.00;-1000.00
5460.225;2317;-1.50;-2.72;278.94;-1.40;-2.83;-65.10;0.79;0.50;590;1;1;7;0.64;0.44;0.42;-0.05;-0.02;-0.15;-0.15;1.24;-1.44;-2.71;-79.95;0.54;0.46;0.029;4.23;4.93;-1000.00;-1000.00
5460.305;2327;-1.49;-2.76;285.32;-1.04;-3.07;-3.77;0.79;0.50;590;2;1;7;0.66;0.44;0.48;-0.05;-0.04;-0.24;-0.09;1.15;-1.43;-2.75;-75.18;0.63;0.47;0.016;4.23;4.93;-1000.00;-1000.00
5460.405;2335;-1.48;-2.80;290.10;-1.04;-3.07;-3.77;0.79;0.50;590;2;1;7;0.45;0.45;0.45;-0.01;-0.01;-0.05;-0.08;0.92;-1.42;-2.77;-73.33;0.67;0.48;0.011;4.23;4.93;-1000.00;-1000.00
5460.505;2346;-1.46;-2.84;293.25;-1.04;-3.07;-3.77;0.79;0.50;590;2;1;7;0.67;0.46;0.47;-0.01;-0.00;0.12;0.18;0.22;-1.40;-2.82;-66.91;0.76;0.50;0.009;4.23;4.93;-1000.00;-1000.00
5460.615;2359;-1.44;-2.90;297.55;-1.04;-3.07;-3.77;0.79;0.50;590;2;1;7;0.77;0.46;0.47;-0.05;-0.01;-0.03;-0.06;0.76;-1.39;-2.85;-62.00;0.79;0.50;0.017;4.23;4.93;-1000.00;-1000.00
5460.715;2369;-1.42;-2.95;302.65;-1.04;-3.07;-3.77;0.79;0.50;590;2;1;7;0.79;0.47;0.52;-0.07;-0.01;0.10;0.22;0.97;-1.37;-2.88;-57.04;0.79;0.50;0.016;4.23;4.93;-1000.00;-1000.00
5460.815;2378;-1.40;-2.99;308.47;-1.04;-3.07;-3.77;0.79;0.50;590;2;1;7;0.79;0.48;0.54;-0.12;-0.01;0.03;0.05;1.07;-1.34;-2.93;-49.61;0.79;0.50;0.020;4.23;4.93;-1000.00;-1000.00
5460.915;2388;-1.37;-3.04;315.51;-1.04;-3.07;-3.77;0.79;0.50;590;2;1;7;0.79;0.49;0.55;-0.16;-0.01;0.01;-0.01;1.22;-1.30;-2.97;-42.18;0.79;0.50;0.018;4.23;4.93;-1000.00;-1000.00
5461.005;2396;-1.35;-3.08;321.65;-1.04;-3.07;-3.77;0.79;0.50;590;2;1;7;0.79;0.50;0.52;-0.20;-0.01;0.02;-0.09;1.60;-1.27;-2.99;-37.22;0.79;0.50;0.011;4.23;4.93;-1000.00;-1000.00
5461.105;2406;-1.32;-3.12;330.30;-1.04;-3.07;-3.77;0.79;0.50;590;2;1;7;0.72;0.50;0.55;-0.16;0.00;0.01;0.02;1.69;-1.24;-3.01;-32.27;0.79;0.50;0.009;4.23;4.93;-1000.00;-1000.00
5461.215;2416;-1.28;-3.16;339.69;-1.04;-3.07;-3.77;0.79;0.50;590;2;1;7;0.60;0.50;0.49;-0.16;-0.09;0.56;-0.14;1.62;-1.21;-3.03;-27.31;0.79;0.50;0.020;4.23;4.93;-1000.00;-1000.00
5461.315;2428;-1.22;-3.20;349.69;-1.04;-3.07;-3.77;0.79;0.50;590;2;1;7;0.50;0.49;0.52;-0.13;-0.00;0.00;0.00;1.34;-1.17;-3.04;-22.36;0.79;0.50;0.026;4.23;4.93;-1000.00;-1000.00
5461.405;2436;-1.18;-3.21;354.45;-1.04;-3.07;-3.77;0.79;0.50;590;2;1;7;0.50;0.47;0.50;-0.07;-0.01;-0.07;0.11;0.76;-1.14;-3.06;-17.40;0.79;0.50;0.009;4.23;4.93;-1000.00;-1000.00
5461.515;2448;-1.12;-3.22;359.52;-1.04;-3.07;-3.77;0.79;0.50;590;2;1;7;0.56;0.46;0.45;-0.03;-0.09;0.52;-0.02;0.83;-1.11;-3.07;-12.44;0.79;0.50;0.018;4.23;4.93;-1000.00;-1000.00
5461.605;2459;-1.07;-3.22;364.82;-0.66;-2.89;54.20;0.73;0.50;590;3;1;7;0.56;0.45;0.50;-0.01;-0.00;0.02;-0.04;0.98;-1.07;-3.07;-7.49;0.79;0.50;0.017;4.23;4.93;-1000.00;-1000.00
5461.695;2467;-1.03;-3.22;369.06;-0.66;-2.89;54.20;0.73;0.50;590;3;1;7;0.23;0.44;0.45;-0.01;-0.01;-0.02;0.03;0.78;-1.03;-3.07;-2.53;0.78;0.50;0.004;4.23;4.93;-1000.00;-1000.00
5461.805;2478;-0.98;-3.21;371.21;-0.66;-2.89;54.20;0.73;0.50;590;3;1;7;0.38;0.45;0.44;0.00;-0.01;0.04;-0.04;0.08;-1.00;-3.07;2.39;0.78;0.50;0.007;4.23;4.93;-1000.00;-1000.00
5461.905;2486;-0.95;-3.20;372.18;-0.66;-2.89;54.20;0.73;0.50;590;3;1;7;0.55;0.45;0.45;-0.01;-0.01;0.02;-0.03;0.39;-0.96;-3.07;7.26;0.78;0.50;0.005;4.23;4.93;-1000.00;-1000.00
5462.005;2497;-0.90;-3.19;375.28;-0.66;-2.89;54.20;0.73;0.50;590;3;1;7;0.66;0.46;0.45;-0.03;0.00;0.01;-0.01;0.64;-0.93;-3.07;12.10;0.77;0.50;0.005;4.23;4.93;-1000.00;-1000.00
5462.105;2506;-0.86;-3.18;379.38;-0.66;-2.89;54.20;0.73;0.50;590;3;1;7;0.70;0.46;0.46;-0.02;-0.01;0.14;-0.08;0.74;-0.89;-3.06;16.88;0.77;0.50;0.011;4.23;4.93;-1000.00;-1000.00
5462.205;2515;-0.82;-3.17;384.07;-0.66;-2.89;54.20;0.73;0.50;590;3;1;7;0.68;0.46;0.44;-0.05;-0.08;0.39;0.18;1.14;-0.87;-3.05;19.26;0.76;0.50;0.013;4.23;4.93;-1000.00;-1000.00
5462.305;2526;-0.77;-3.15;390.06;-0.66;-2.89;54.20;0.73;0.50;590;3;1;7;0.72;0.46;0.52;-0.05;-0.01;-0.13;0.05;0.75;-0.82;-3.03;26.33;0.76;0.50;0.008;4.23;4.93;-1000.00;-1000.00
5462.395;2534;-0.73;-3.14;394.13;-0.66;-2.89;54.20;0.73;0.50;590;3;1;7;0.77;0.47;0.51;-0.10;-0.01;0.09;-0.03;0.97;-0.79;-3.01;30.99;0.75;0.50;0.005;4.23;4.93;-1000.00;-1000.00
5462.505;2548;-0.66;-3.10;402.20;-0.66;-2.89;54.20;0.73;0.50;590;3;1;7;0.74;0.46;0.53;-0.14;-0.01;0.06;-0.00;1.10;-0.76;-2.99;35.60;0.75;0.50;0.013;4.23;4.93;-1000.00;-1000.00
5462.605;2557;-0.62;-3.08;407.77;-0.66;-2.89;54.20;0.73;0.50;590;3;1;7;0.79;0.46;0.51;-0.19;-0.01;0.03;0.02;1.25;-0.72;-2.96;42.45;0.74;0.50;0.006;4.23;4.93;-1000.00;-1000.00
5462.695;2567;-0.57;-3.05;414.55;-0.66;-2.89;54.20;0.73;0.50;590;3;1;7;0.76;0.45;0.52;-0.20;-0.01;-0.06;0.02;1.23;-0.69;-2.93;46.96;0.74;0.50;0.005;4.23;4.93;-1000.00;-1000.00
5462.795;2576;-0.53;-3.02;421.45;-0.66;-2.89;54.20;0.73;0.50;590;3;1;7;0.70;0.44;0.49;-0.20;-0.01;-0.02;0.02;1.27;-0.67;-2.90;51.43;0.73;0.50;0.004;4.23;4.93;-1000.00;-1000.00
5462.905;2586;-0.50;-2.99;428.80;-0.66;-2.89;54.20;0.73;0.50;590;3;1;7;0.60;0.42;0.47;-0.12;-0.01;0.03;-0.00;1.18;-0.65;-2.88;55.84;0.72;0.50;0.013;4.23;4.93;-1000.00;-1000.00
5462.995;2594;-0.48;-2.95;433.45;-0.66;-2.89;54.20;0.73;0.50;590;3;1;7;0.52;0.40;0.46;-0.10;-0.01;-0.16;-0.09;0.83;-0.64;-2.86;57.96;0.70;0.50;0.005;4.23;4.93;-1000.00;-1000.00
5463.105;2609;-0.45;-2.89;439.00;-0.66;-2.89;54.20;0.73;0.50;590;3;1;7;0.46;0.38;0.41;-0.05;-0.01;0.02;0.01;0.46;-0.62;-2.83;61.99;0.66;0.50;0.011;4.23;4.93;-1000.00;-1000.00
5463.205;2618;-0.44;-2.86;440.83;-0.66;-2.89;54.20;0.73;0.50;590;3;1;7;0.48;0.36;0.36;-0.00;-0.09;0.06;0.45;0.49;-0.60;-2.80;65.74;0.63;0.50;0.007;4.23;4.93;-1000.00;-1000.00
5463.295;2627;-0.44;-2.83;442.71;-0.66;-2.89;54.20;0.73;0.50;590;3;1;7;0.49;0.35;0.36;0.01;-0.01;-0.06;-0.03;0.32;-0.59;-2.76;69.23;0.59;0.50;0.005;4.23;4.93;-1000.00;-1000.00
5463.405;2638;-0.43;-2.79;445.08;-0.66;-2.89;54.20;0.73;0.50;590;3;1;7;0.44;0.33;0.34;-0.01;-0.01;0.09;0.05;0.41;-0.58;-2.75;70.88;0.58;0.50;0.009;4.23;4.93;-1000.00;-1000.00
5463.495;2646;-0.43;-2.76;446.40;-0.66;-2.89;54.20;0.73;0.50;590;3;1;7;0.45;0.31;0.33;0.00;-0.01;-0.14;-0.09;0.21;-0.57;-2.71;73.98;0.54;0.50;0.004;4.23;4.93;-1000.00;-1000.00
5463.595;2656;-0.43;-2.73;448.24;-0.66;-2.89;54.20;0.73;0.50;590;3;1;7;0.42;0.30;0.31;-0.01;-0.01;0.02;0.01;0.30;-0.57;-2.70;75.44;0.52;0.50;0.005;4.23;4.93;-1000.00;-1000.00
5463.695;2664;-0.43;-2.71;449.38;-0.66;-2.89;54.20;0.73;0.50;590;3;1;7;0.40;0.29;0.31;-0.00;-0.00;0.03;0.01;0.28;-0.56;-2.68;76.84;0.51;0.50;0.005;4.23;4.93;-1000.00;-1000.00
5463.815;2679;-0.42;-2.66;451.43;-0.66;-2.89;54.20;0.73;0.50;590;3;1;7;0.39;0.27;0.28;-0.05;-0.01;0.03;0.02;0.20;-0.56;-2.64;79.47;0.47;0.50;0.015;4.23;4.93;-1000.00;-1000.00
5463.955;2690;-0.42;-2.63;452.45;-0.55;-2.45;90.00;-0.00;0.50;114;0;1;0;0.38;0.26;0.25;-0.01;-0.01;0.06;0.04;0.22;-0.55;-2.62;80.70;0.45;0.50;0.036;4.23;4.93;-1000.00;-1000.00
5464.015;2698;-0.42;-2.61;452.89;-0.55;-2.45;90.00;-0.00;0.50;114;0;1;0;0.17;0.29;0.26;0.00;-0.01;0.03;0.02;0.12;-0.55;-2.45;90.00;-0.00;0.50;0.028;4.23;4.93;-1000.00;-1000.00
5464.115;2709;-0.42;-2.58;452.70;-0.55;-2.45;90.00;-0.00;0.50;114;0;1;0;0.18;0.32;0.29;0.00;-0.01;-0.03;-0.02;-0.18;-0.55;-2.45;90.00;-0.00;0.50;0.024;4.23;4.93;-1000.00;-1000.00
5464.225;2717;-0.42;-2.56;452.18;-0.55;-2.45;90.00;-0.00;0.50;114;0;1;0;0.20;0.34;0.31;-0.00;-0.01;0.02;0.01;-0.06;-0.55;-2.45;90.00;-0.00;0.50;0.036;4.23;4.93;-1000.00;-1000.00
5464.315;2728;-0.42;-2.52;451.94;-0.55;-2.45;90.00;-0.00;0.50;114;0;1;0;0.21;0.35;0.33;-0.00;-0.01;0.06;0.05;0.02;-0.55;-2.45;90.00;-0.00;0.50;0.017;4.23;4.93;-1000.00;-1000.00
5464.415;2736;-0.42;-2.50;452.06;-0.55;-2.45;90.00;-0.00;0.50;114;0;1;0;0.20;0.37;0.33;-0.01;-0.01;0.04;0.04;0.08;-0.55;-2.45;90.00;-0.00;0.50;0.022;4.23;4.93;-1000.00;-1000.00
5464.535;2750;-0.43;-2.45;452.33;-0.55;-2.45;90.00;-0.00;0.50;114;0;1;0;0.19;0.37;0.35;-0.01;-0.01;0.04;0.03;0.08;-0.55;-2.45;90.00;-0.00;0.50;0.043;4.23;4.93;-1000.00;-1000.00
5464.625;2760;-0.43;-2.41;452.34;-0.55;-2.45;90.00;-0.00;0.50;114;0;1;0;0.19;0.38;0.37;-0.00;-0.01;-0.08;-0.06;-0.04;-0.55;-2.43;90.00;-0.00;0.50;0.026;4.23;4.93;-1000.00;-1000.00
5464.735;2769;-0.43;-2.38;452.51;-0.55;-2.45;90.00;-0.00;0.50;114;0;1;0;0.18;0.38;0.36;-0.01;-0.01;0.03;0.03;0.05;-0.55;-2.40;90.00;-0.00;0.50;0.043;4.23;4.93;-1000.00;-1000.00
5464.845;2780;-0.43;-2.34;452.55;-0.55;-2.45;90.00;-0.00;0.50;114;0;1;0;0.17;0.38;0.36;-0.00;-0.01;0.01;0.02;0.03;-0.55;-2.35;90.00;-0.00;0.50;0.042;4.23;4.93;-1000.00;-1000.00
5464.935;2788;-0.43;-2.31;452.58;-0.55;-2.45;90.00;-0.00;0.50;114;0;1;0;0.17;0.39;0.37;-0.00;-0.01;0.01;0.02;0.03;-0.55;-2.32;90.00;-0.00;0.50;0.037;4.23;4.93;-1000.00;-1000.00
5465.015;2797;-0.43;-2.28;452.60;-0.55;-2.21;90.00;-0.00;0.50;114;1;1;0;0.16;0.39;0.37;-0.00;-0.01;0.01;0.02;0.03;-0.55;-2.27;90.00;-0.00;0.50;0.022;4.23;4.93;-1000.00;-1000.00
5465.105;2807;-0.43;-2.24;452.62;-0.55;-2.21;90.00;-0.00;0.50;114;1;1;0;0.16;0.40;0.38;-0.00;-0.01;0.01;0.02;0.03;-0.55;-2.23;90.00;-0.00;0.50;0.018;4.23;4.93;-1000.00;-1000.00
