t;frame;x;y;z;x_ref;y_ref;z_ref;delta_ref;u_ref;state;ellipse;control;action;delta;u;vx;vy;vz;wx;wy;wz;xr;yr;zr;delr;ur;obs1x;obs1y;obs2x;obs2y
6011.235;16;1.10;-0.30;0.18;0.85;-0.35;-0.00;0.00;-0.50;403;1;1;2;-0.11;-0.04;0.00;-0.00;0.01;0.01;0.00;0.01;0.95;-0.35;0.00;0.00;-0.50;0.075;4.24;4.97;-1000.00;-1000.00
6011.285;20;1.10;-0.30;0.20;0.85;-0.35;-0.00;0.00;-0.50;403;1;1;2;-0.11;-0.08;0.00;-0.01;-0.00;0.03;0.05;0.01;0.95;-0.35;0.00;0.00;-0.50;0.027;4.24;4.97;-1000.00;-1000.00
6011.385;29;1.10;-0.30;0.25;0.85;-0.35;-0.00;0.00;-0.50;403;1;1;2;-0.10;-0.12;0.00;-0.01;-0.00;0.03;0.05;0.01;0.95;-0.35;0.00;0.00;-0.50;0.037;4.24;4.97;-1000.00;-1000.00
6011.475;39;1.10;-0.30;0.41;0.85;-0.35;-0.00;0.00;-0.50;403;1;1;2;-0.09;-0.15;-0.12;-0.01;0.01;0.00;0.03;0.05;0.95;-0.35;0.00;0.00;-0.50;0.016;4.24;4.97;-1000.00;-1000.00
6011.565;48;1.08;-0.30;0.66;0.85;-0.35;-0.00;0.00;-0.50;403;1;1;2;-0.08;-0.19;-0.15;0.00;0.00;0.00;-0.00;0.04;0.95;-0.35;0.00;0.00;-0.50;0.013;4.24;4.97;-1000.00;-1000.00
6011.675;58;1.07;-0.30;0.83;0.85;-0.35;-0.00;0.00;-0.50;403;1;1;2;-0.07;-0.21;-0.18;-0.00;0.00;-0.01;-0.03;0.03;0.95;-0.35;0.00;0.00;-0.50;0.018;4.24;4.97;-1000.00;-1000.00
6011.795;69;1.05;-0.30;0.97;0.85;-0.35;-0.00;0.00;-0.50;403;1;1;2;-0.06;-0.24;-0.21;-0.00;-0.00;0.02;0.04;0.03;0.95;-0.35;0.00;0.00;-0.50;0.033;4.24;4.97;-1000.00;-1000.00
6011.865;77;1.03;-0.31;1.07;0.85;-0.35;-0.00;0.00;-0.50;403;1;1;2;-0.06;-0.26;-0.23;-0.00;0.00;0.00;0.00;0.03;0.95;-0.35;0.00;0.00;-0.50;0.014;4.24;4.97;-1000.00;-1000.00
6011.975;88;1.00;-0.31;1.18;0.76;-0.35;-0.00;0.00;-0.50;403;2;1;2;-0.05;-0.28;-0.26;-0.00;0.00;0.00;0.00;0.03;0.95;-0.35;0.00;0.00;-0.50;0.017;4.24;4.97;-1000.00;-1000.00
6012.075;101;0.97;-0.31;1.33;0.76;-0.35;-0.00;0.00;-0.50;403;2;1;2;-0.04;-0.29;-0.28;0.00;0.00;0.00;-0.00;0.02;0.95;-0.35;0.00;0.00;-0.50;0.023;4.24;4.97;-1000.00;-1000.00
6012.165;107;0.95;-0.31;1.35;0.76;-0.35;-0.00;0.00;-0.50;403;2;1;2;-0.04;-0.30;-0.29;-0.00;-0.00;0.00;-0.00;0.01;0.95;-0.35;-0.00;0.00;-0.50;0.009;4.24;4.97;-1000.00;-1000.00
6012.315;125;0.90;-0.31;1.39;0.65;-0.35;0.00;-0.00;0.37;217;0;1;7;-0.03;-0.31;-0.31;-0.00;-0.00;0.00;0.00;0.00;0.92;-0.35;-0.00;0.00;-0.50;0.044;4.24;4.97;-1000.00;-1000.00
6012.375;130;0.88;-0.31;1.39;1.03;-0.30;24.90;0.79;0.50;217;1;1;7;0.79;-0.27;-0.31;-0.00;-0.00;0.00;-0.00;0.00;0.91;-0.34;10.05;0.54;0.46;0.021;4.24;4.97;-1000.00;-1000.00
6012.475;138;0.86;-0.31;-0.65;1.03;-0.30;24.90;0.79;0.50;217;1;1;7;0.73;-0.23;-0.28;-0.00;-0.00;-0.03;0.06;-0.93;0.87;-0.34;7.48;0.48;0.45;0.021;4.24;4.97;-1000.00;-1000.00
6012.595;152;0.82;-0.31;-6.20;1.03;-0.30;24.90;0.79;0.50;217;1;1;7;0.77;-0.19;-0.22;0.04;-0.06;-0.13;-0.17;-0.58;0.83;-0.35;4.46;0.38;0.43;0.037;4.24;4.97;-1000.00;-1000.00
6012.665;157;0.81;-0.30;-7.57;1.03;-0.30;24.90;0.79;0.50;217;1;1;7;0.77;-0.15;-0.21;0.04;-0.01;0.00;-0.01;-0.38;0.81;-0.35;3.66;0.35;0.43;0.011;4.24;4.97;-1000.00;-1000.00
6012.765;167;0.80;-0.30;-9.19;1.03;-0.30;24.90;0.79;0.50;217;1;1;7;0.76;-0.11;-0.16;0.05;-0.01;0.04;-0.11;-0.24;0.79;-0.35;2.95;0.32;0.42;0.013;4.24;4.97;-1000.00;-1000.00
6012.875;178;0.78;-0.29;-9.96;1.03;-0.30;24.90;0.79;0.50;217;1;1;7;0.74;-0.07;-0.09;0.05;-0.04;-0.00;-0.29;-0.20;0.78;-0.35;2.32;0.29;0.42;0.020;4.24;4.97;-1000.00;-1000.00
6012.965;186;0.77;-0.29;-10.21;1.03;-0.30;24.90;0.79;0.50;217;1;1;7;0.73;-0.04;-0.09;0.02;-0.01;-0.04;0.09;0.05;0.78;-0.35;2.32;0.29;0.42;0.013;4.24;4.97;-1000.00;-1000.00
6013.075;201;0.77;-0.29;-9.62;1.03;-0.30;24.90;0.79;0.50;217;1;1;7;0.67;-0.01;-0.03;-0.00;-0.01;0.03;-0.06;0.07;0.76;-0.35;1.79;0.25;0.41;0.021;4.24;4.97;-1000.00;-1000.00
6013.175;209;0.77;-0.29;-8.88;1.03;-0.30;24.90;0.79;0.50;217;1;1;7;0.64;0.02;0.00;0.00;-0.01;0.03;-0.06;0.16;0.76;-0.35;1.79;0.25;0.41;0.024;4.24;4.97;-1000.00;-1000.00
6013.275;220;0.77;-0.29;-7.73;1.03;-0.30;24.90;0.79;0.50;217;1;1;7;0.60;0.05;0.03;0.00;-0.00;0.02;-0.04;0.18;0.76;-0.35;1.79;0.25;0.41;0.020;4.24;4.97;-1000.00;-1000.00
6013.385;228;0.77;-0.29;-6.83;1.03;-0.30;24.90;0.79;0.50;217;1;1;7;0.57;0.07;0.05;0.00;-0.00;-0.02;0.06;0.23;0.76;-0.35;1.79;0.25;0.41;0.029;4.24;4.97;-1000.00;-1000.00
6013.475;239;0.78;-0.29;-5.73;1.03;-0.30;24.90;0.79;0.50;217;1;1;7;0.56;0.10;0.07;0.00;0.00;0.01;0.01;0.16;0.78;-0.35;2.32;0.29;0.42;0.019;4.24;4.97;-1000.00;-1000.00
6013.575;247;0.78;-0.29;-4.99;1.03;-0.30;24.90;0.79;0.50;217;1;1;7;0.55;0.12;0.10;-0.01;-0.00;-0.01;-0.02;0.17;0.78;-0.35;2.32;0.29;0.42;0.020;4.24;4.97;-1000.00;-1000.00
6013.665;256;0.79;-0.29;-4.20;1.03;-0.30;24.90;0.79;0.50;217;1;1;7;0.56;0.14;0.11;-0.00;-0.00;0.05;0.07;0.15;0.79;-0.35;2.95;0.32;0.42;0.015;4.24;4.97;-1000.00;-1000.00
6013.775;270;0.81;-0.29;-2.83;1.03;-0.30;24.90;0.79;0.50;217;1;1;7;0.58;0.16;0.15;-0.00;-0.01;-0.03;-0.04;0.19;0.81;-0.35;3.66;0.35;0.43;0.019;4.24;4.97;-1000.00;-1000.00
6013.875;281;0.83;-0.29;-1.65;1.03;-0.30;24.90;0.79;0.50;217;1;1;7;0.60;0.17;0.16;0.00;-0.01;-0.00;0.01;0.18;0.83;-0.35;4.46;0.38;0.43;0.023;4.24;4.97;-1000.00;-1000.00
6013.975;289;0.84;-0.29;-0.67;1.03;-0.30;24.90;0.79;0.50;217;1;1;7;0.62;0.19;0.18;-0.00;-0.01;-0.02;-0.02;0.22;0.84;-0.35;5.36;0.41;0.44;0.017;4.24;4.97;-1000.00;-1000.00
6014.065;298;0.86;-0.29;0.49;1.03;-0.30;24.90;0.79;0.50;217;1;1;7;0.69;0.21;0.20;-0.00;-0.01;-0.03;-0.03;0.24;0.87;-0.34;7.48;0.48;0.45;0.018;4.24;4.97;-1000.00;-1000.00
6014.175;308;0.88;-0.29;2.10;1.03;-0.30;24.90;0.79;0.50;217;1;1;7;0.72;0.23;0.23;-0.00;-0.01;-0.04;-0.05;0.35;0.89;-0.34;8.71;0.51;0.45;0.017;4.24;4.97;-1000.00;-1000.00
6014.265;317;0.90;-0.29;3.67;1.27;0.06;86.23;0.79;0.50;217;2;1;7;0.75;0.24;0.23;-0.01;-0.00;-0.02;-0.01;0.33;0.91;-0.34;10.05;0.54;0.46;0.012;4.24;4.97;-1000.00;-1000.00
6014.365;327;0.92;-0.29;6.25;1.27;0.06;86.23;0.79;0.50;217;2;1;7;0.79;0.26;0.23;-0.03;-0.00;0.06;0.11;0.44;0.94;-0.33;13.10;0.60;0.47;0.012;4.24;4.97;-1000.00;-1000.00
6014.465;336;0.94;-0.29;9.12;1.27;0.06;86.23;0.79;0.50;217;2;1;7;0.79;0.27;0.24;-0.06;-0.00;0.03;0.07;0.58;0.95;-0.33;14.82;0.63;0.47;0.010;4.24;4.97;-1000.00;-1000.00
6014.565;346;0.97;-0.30;12.92;1.27;0.06;86.23;0.79;0.50;217;2;1;7;0.79;0.28;0.23;-0.09;-0.05;0.21;0.09;0.62;0.97;-0.32;16.67;0.67;0.48;0.014;4.24;4.97;-1000.00;-1000.00
6014.665;357;1.00;-0.30;17.17;1.27;0.06;86.23;0.79;0.50;217;2;1;7;0.79;0.30;0.26;-0.06;-0.00;0.01;0.13;0.63;1.00;-0.31;20.80;0.73;0.49;0.012;4.24;4.97;-1000.00;-1000.00
6014.775;370;1.04;-0.30;22.48;1.27;0.06;86.23;0.79;0.50;217;2;1;7;0.79;0.31;0.25;-0.10;-0.05;0.20;0.10;0.68;1.02;-0.30;23.09;0.76;0.50;0.021;4.24;4.98;-1000.00;-1000.00
6014.865;380;1.07;-0.30;26.83;1.27;0.06;86.23;0.79;0.50;217;2;1;7;0.79;0.32;0.27;-0.08;-0.01;-0.01;0.08;0.71;1.05;-0.29;28.00;0.79;0.50;0.012;4.24;4.98;-1000.00;-1000.00
6014.975;389;1.09;-0.29;30.81;1.27;0.06;86.23;0.79;0.50;217;2;1;7;0.79;0.33;0.29;-0.10;-0.01;-0.00;-0.05;0.79;1.08;-0.27;32.96;0.79;0.50;0.019;4.24;4.98;-1000.00;-1000.00
6015.075;399;1.12;-0.28;35.38;1.27;0.06;86.23;0.79;0.50;217;2;1;7;0.77;0.34;0.29;-0.10;-0.01;-0.00;-0.05;0.82;1.10;-0.26;35.43;0.79;0.50;0.022;4.24;4.97;-1000.00;-1000.00
6015.175;408;1.15;-0.27;39.53;1.27;0.06;86.23;0.79;0.50;217;2;1;7;0.77;0.35;0.31;-0.11;-0.01;0.00;-0.09;0.85;1.13;-0.24;40.39;0.79;0.50;0.014;4.24;4.97;-1000.00;-1000.00
6015.265;418;1.18;-0.26;44.33;1.27;0.06;86.23;0.79;0.50;217;2;1;7;0.71;0.36;0.31;-0.12;-0.01;0.02;-0.10;0.87;1.14;-0.22;42.87;0.79;0.50;0.012;4.24;4.97;-1000.00;-1000.00
6015.365;427;1.20;-0.25;48.34;1.27;0.06;86.23;0.79;0.50;217;2;1;7;0.67;0.37;0.30;-0.08;-0.01;-0.06;0.16;0.63;1.15;-0.21;45.35;0.79;0.50;0.012;4.24;4.97;-1000.00;-1000.00
6015.455;437;1.23;-0.23;52.33;1.27;0.06;86.23;0.79;0.50;217;2;1;7;0.70;0.38;0.33;-0.06;-0.01;0.00;-0.05;0.67;1.18;-0.18;50.30;0.79;0.50;0.008;4.24;4.97;-1000.00;-1000.00
6015.565;445;1.25;-0.21;55.43;1.27;0.06;86.23;0.79;0.50;217;2;1;7;0.70;0.38;0.32;-0.08;-0.01;0.01;-0.03;0.70;1.19;-0.17;52.78;0.79;0.50;0.014;4.24;4.97;-1000.00;-1000.00
6015.655;456;1.27;-0.18;59.93;1.27;0.06;86.23;0.79;0.50;217;2;1;7;0.72;0.39;0.33;-0.09;-0.01;0.03;-0.04;0.72;1.21;-0.14;57.73;0.79;0.50;0.008;4.24;4.97;-1000.00;-1000.00
6015.775;468;1.30;-0.15;65.00;1.27;0.06;86.23;0.79;0.50;217;2;1;7;0.72;0.39;0.32;-0.08;-0.01;0.01;-0.03;0.74;1.23;-0.11;62.69;0.79;0.50;0.019;4.24;4.97;-1000.00;-1000.00
6015.865;478;1.32;-0.13;69.28;1.27;0.06;86.23;0.79;0.50;217;2;1;7;0.69;0.40;0.31;-0.08;-0.00;0.01;-0.01;0.73;1.24;-0.09;65.17;0.79;0.50;0.009;4.24;4.98;-1000.00;-1000.00
6015.975;488;1.34;-0.10;73.22;1.27;0.06;86.23;0.79;0.50;217;2;1;7;0.73;0.40;0.32;-0.06;0.00;-0.01;-0.00;0.64;1.25;-0.06;70.12;0.79;0.50;0.021;4.24;4.98;-1000.00;-1000.00
6016.055;496;1.35;-0.07;76.79;1.27;0.06;86.23;0.79;0.50;217;2;1;7;0.71;0.40;0.34;-0.10;-0.00;0.08;-0.03;0.94;1.26;-0.04;72.60;0.79;0.50;0.009;4.24;4.98;-1000.00;-1000.00
6016.165;507;1.37;-0.04;82.72;1.27;0.06;86.23;0.79;0.50;217;2;1;7;0.69;0.40;0.36;-0.13;0.00;0.01;0.02;0.98;1.27;-0.01;77.56;0.79;0.50;0.009;4.24;4.98;-1000.00;-1000.00
6016.265;520;1.39;0.01;90.34;1.09;0.44;144.20;0.73;0.50;217;3;1;7;0.58;0.39;0.40;-0.16;-0.01;0.13;-0.05;1.11;1.27;0.01;80.03;0.79;0.50;0.013;4.24;4.98;-1000.00;-1000.00
6016.365;525;1.39;0.03;93.02;1.09;0.44;144.20;0.73;0.50;217;3;1;7;0.32;0.40;0.39;-0.15;-0.01;0.12;-0.04;0.86;1.27;0.05;84.99;0.79;0.50;0.007;4.24;4.98;-1000.00;-1000.00
6016.465;540;1.40;0.09;97.02;1.09;0.44;144.20;0.73;0.50;217;3;1;7;0.39;0.40;0.38;-0.04;-0.01;-0.03;0.02;0.16;1.27;0.07;87.47;0.78;0.50;0.010;4.24;4.98;-1000.00;-1000.00
6016.555;545;1.40;0.11;97.69;1.09;0.44;144.20;0.73;0.50;217;3;1;7;0.51;0.41;0.42;-0.01;-0.01;0.05;-0.03;0.31;1.27;0.10;92.39;0.78;0.50;0.004;4.24;4.98;-1000.00;-1000.00
6016.655;555;1.39;0.15;99.79;1.09;0.44;144.20;0.73;0.50;217;3;1;7;0.64;0.42;0.39;-0.03;-0.01;-0.05;0.02;0.48;1.27;0.14;97.26;0.78;0.50;0.005;4.24;4.98;-1000.00;-1000.00
6016.765;569;1.39;0.20;105.07;1.09;0.44;144.20;0.73;0.50;217;3;1;7;0.69;0.42;0.39;-0.11;-0.01;0.08;-0.01;0.83;1.27;0.17;102.10;0.77;0.50;0.009;4.24;4.98;-1000.00;-1000.00
6016.865;577;1.39;0.24;108.93;1.09;0.44;144.20;0.73;0.50;217;3;1;7;0.67;0.43;0.39;-0.11;-0.00;-0.07;-0.01;0.87;1.26;0.19;104.50;0.77;0.50;0.005;4.24;4.98;-1000.00;-1000.00
6016.955;588;1.39;0.28;114.50;1.09;0.44;144.20;0.73;0.50;217;3;1;7;0.66;0.43;0.37;-0.13;-0.06;-0.09;0.19;0.81;1.25;0.23;109.26;0.76;0.50;0.005;4.24;4.98;-1000.00;-1000.00
6017.065;596;1.38;0.31;118.33;1.09;0.44;144.20;0.73;0.50;217;3;1;7;0.68;0.43;0.39;-0.09;-0.01;-0.05;-0.03;0.75;1.24;0.26;113.98;0.76;0.50;0.008;4.24;4.98;-1000.00;-1000.00
6017.165;607;1.37;0.36;123.44;1.09;0.44;144.20;0.73;0.50;217;3;1;7;0.65;0.43;0.38;-0.09;-0.01;-0.11;-0.03;0.78;1.23;0.28;116.33;0.76;0.50;0.005;4.24;4.98;-1000.00;-1000.00
6017.255;615;1.35;0.39;127.35;1.09;0.44;144.20;0.73;0.50;217;3;1;7;0.67;0.43;0.39;-0.12;-0.01;0.12;0.01;0.85;1.21;0.31;120.99;0.75;0.50;0.006;4.24;4.98;-1000.00;-1000.00
6017.365;627;1.33;0.43;132.72;1.09;0.44;144.20;0.73;0.50;217;3;1;7;0.68;0.43;0.40;-0.11;-0.01;0.10;0.01;0.85;1.19;0.34;125.60;0.75;0.50;0.009;4.24;4.98;-1000.00;-1000.00
6017.455;638;1.31;0.47;137.96;1.09;0.44;144.20;0.73;0.50;217;3;1;7;0.63;0.42;0.39;-0.10;-0.01;0.05;0.00;0.85;1.18;0.35;127.90;0.75;0.50;0.009;4.24;4.98;-1000.00;-1000.00
6017.555;649;1.28;0.50;142.54;1.09;0.44;144.20;0.73;0.50;217;3;1;7;0.64;0.42;0.40;-0.07;-0.01;0.06;0.03;0.68;1.16;0.38;132.45;0.74;0.50;0.004;4.24;4.98;-1000.00;-1000.00
6017.665;657;1.26;0.52;145.60;1.09;0.44;144.20;0.73;0.50;217;3;1;7;0.69;0.41;0.40;-0.05;-0.01;0.04;0.01;0.67;1.13;0.41;136.96;0.74;0.50;0.006;4.24;4.98;-1000.00;-1000.00
6017.755;667;1.23;0.55;149.40;1.09;0.44;144.20;0.73;0.50;217;3;1;7;0.67;0.40;0.39;-0.05;-0.01;0.04;0.01;0.74;1.12;0.42;139.20;0.73;0.50;0.008;4.24;4.98;-1000.00;-1000.00
6017.865;677;1.20;0.57;153.25;1.09;0.44;144.20;0.73;0.50;217;3;1;7;0.69;0.39;0.37;-0.05;-0.00;0.02;-0.00;0.59;1.09;0.44;143.65;0.73;0.50;0.006;4.24;4.98;-1000.00;-1000.00
6017.955;686;1.17;0.59;156.38;1.09;0.44;144.20;0.73;0.50;217;3;1;7;0.66;0.38;0.37;-0.05;-0.00;0.02;0.00;0.59;1.08;0.45;145.84;0.72;0.50;0.005;4.24;4.98;-1000.00;-1000.00
6018.055;696;1.14;0.60;159.71;1.09;0.44;144.20;0.73;0.50;217;3;1;7;0.62;0.37;0.37;-0.03;-0.00;0.03;-0.00;0.52;1.06;0.46;147.96;0.70;0.50;0.004;4.24;4.98;-1000.00;-1000.00
6018.165;707;1.10;0.62;163.08;1.09;0.44;144.20;0.73;0.50;217;3;1;7;0.61;0.36;0.35;-0.08;-0.00;0.03;0.06;0.59;1.03;0.48;151.99;0.66;0.50;0.010;4.24;4.98;-1000.00;-1000.00
6018.255;715;1.07;0.63;165.91;1.09;0.44;144.20;0.73;0.50;217;3;1;7;0.58;0.34;0.34;-0.07;-0.00;-0.05;-0.03;0.59;1.01;0.49;153.90;0.65;0.50;0.004;4.24;4.98;-1000.00;-1000.00
6018.365;729;1.03;0.65;170.80;1.09;0.44;144.20;0.73;0.50;217;3;1;7;0.51;0.33;0.33;-0.06;-0.00;-0.08;-0.08;0.50;0.98;0.50;157.52;0.61;0.50;0.010;4.24;4.98;-1000.00;-1000.00
6018.465;737;1.00;0.66;173.11;1.09;0.44;144.20;0.73;0.50;217;3;1;7;0.48;0.31;0.35;-0.06;-0.00;0.07;0.05;0.47;0.96;0.51;159.23;0.59;0.50;0.013;4.24;4.98;-1000.00;-1000.00
6018.555;747;0.97;0.67;175.51;1.09;0.44;144.20;0.73;0.50;217;3;1;7;0.47;0.30;0.31;-0.08;-0.01;0.06;0.09;0.42;0.93;0.52;162.46;0.56;0.50;0.004;4.24;4.98;-1000.00;-1000.00
6018.665;758;0.94;0.68;177.64;1.09;0.44;144.20;0.73;0.50;217;3;1;7;0.46;0.28;0.29;-0.03;-0.01;-0.07;-0.11;0.27;0.90;0.53;165.44;0.52;0.50;0.016;4.24;4.98;-1000.00;-1000.00
6018.765;767;0.91;0.68;179.03;1.09;0.44;144.20;0.73;0.50;217;3;1;7;0.44;0.27;0.29;0.00;-0.01;-0.03;-0.07;0.21;0.88;0.54;166.84;0.51;0.50;0.005;4.24;4.98;-1000.00;-1000.00
6018.855;777;0.88;0.68;180.10;1.09;0.44;144.20;0.73;0.50;217;3;1;7;0.42;0.26;0.30;-0.00;-0.01;0.07;0.07;0.18;0.86;0.54;168.18;0.49;0.50;0.007;4.24;4.98;-1000.00;-1000.00
6018.965;787;0.86;0.68;180.89;1.09;0.44;144.20;0.73;0.50;217;3;1;7;0.43;0.25;0.25;-0.03;-0.01;-0.00;0.01;0.14;0.84;0.54;169.47;0.47;0.50;0.010;4.24;4.98;-1000.00;-1000.00
6019.085;800;0.82;0.68;181.81;0.51;0.56;171.38;-0.63;0.50;489;1;1;4;0.44;0.24;0.26;0.01;-0.01;-0.00;-0.02;0.08;0.81;0.55;171.87;0.44;0.50;0.031;4.24;4.98;-1000.00;-1000.00
6019.175;809;0.80;0.68;182.31;0.51;0.56;171.38;-0.63;0.50;489;1;1;4;0.40;0.25;0.25;0.00;-0.01;0.01;0.01;0.10;0.65;0.55;180.00;-0.08;0.06;0.021;4.24;4.98;-1000.00;-1000.00
6019.275;819;0.77;0.68;182.68;0.25;0.65;154.12;-0.22;0.50;489;2;1;4;0.33;0.25;0.26;0.00;-0.01;0.02;0.01;0.05;0.65;0.55;180.00;-0.08;0.06;0.020;4.24;4.98;-1000.00;-1000.00
6019.365;828;0.75;0.68;182.73;0.25;0.65;154.12;-0.22;0.50;489;2;1;4;0.14;0.24;0.25;0.01;-0.01;-0.01;-0.02;-0.04;0.65;0.55;180.00;-0.08;0.06;0.014;4.24;4.98;-1000.00;-1000.00
6019.465;838;0.73;0.68;182.06;0.25;0.65;154.12;-0.22;0.50;489;2;1;4;0.14;0.23;0.25;0.01;-0.01;0.03;0.05;-0.16;0.65;0.55;180.00;-0.08;0.06;0.013;4.24;4.98;-1000.00;-1000.00
6019.565;846;0.71;0.67;181.37;0.25;0.65;154.12;-0.22;0.50;489;2;1;4;0.15;0.22;0.24;0.01;-0.01;0.02;0.03;-0.13;0.65;0.55;180.00;-0.08;0.06;0.016;4.24;4.98;-1000.00;-1000.00
6019.675;858;0.68;0.67;180.56;0.25;0.65;154.12;-0.22;0.50;489;2;1;4;0.16;0.20;0.22;0.00;-0.01;0.03;0.05;-0.06;0.65;0.55;180.00;-0.08;0.06;0.022;4.24;4.98;-1000.00;-1000.00
6019.775;870;0.65;0.67;180.16;0.25;0.65;154.12;-0.22;0.50;489;2;1;4;0.15;0.19;0.21;0.00;-0.01;0.02;0.03;-0.04;0.65;0.55;180.00;-0.08;0.06;0.020;4.24;4.98;-1000.00;-1000.00
6019.875;880;0.63;0.67;179.89;0.25;0.65;154.12;-0.22;0.50;489;2;1;4;0.14;0.17;0.19;0.00;-0.01;0.02;0.02;-0.04;0.65;0.55;180.00;-0.08;0.06;0.013;4.24;4.98;-1000.00;-1000.00
6019.965;888;0.62;0.67;179.61;0.25;0.65;154.12;-0.22;0.50;489;2;1;4;-0.09;0.16;0.17;-0.00;-0.01;0.03;0.03;-0.04;0.62;0.55;179.19;-0.30;0.24;0.010;4.24;4.98;-1000.00;-1000.00
6020.075;899;0.60;0.67;178.84;0.25;0.65;154.12;-0.22;0.50;489;2;1;4;-0.18;0.16;0.16;0.01;-0.01;0.02;0.01;-0.16;0.60;0.55;178.29;-0.38;0.30;0.015;4.24;4.98;-1000.00;-1000.00
6020.165;907;0.59;0.67;177.96;0.25;0.65;154.12;-0.22;0.50;489;2;1;4;-0.27;0.16;0.16;0.00;-0.00;0.02;0.04;-0.18;0.58;0.55;176.89;-0.46;0.36;0.013;4.24;4.98;-1000.00;-1000.00
6020.275;918;0.57;0.67;176.98;0.25;0.65;154.12;-0.22;0.50;489;2;1;4;-0.34;0.16;0.16;-0.00;0.00;0.00;-0.01;-0.15;0.56;0.55;175.63;-0.51;0.40;0.022;4.24;4.98;-1000.00;-1000.00
6020.365;926;0.56;0.67;176.34;0.25;0.65;154.12;-0.22;0.50;489;2;1;4;-0.43;0.17;0.16;0.00;-0.00;-0.01;-0.00;-0.15;0.54;0.55;174.07;-0.56;0.44;0.010;4.24;4.98;-1000.00;-1000.00
6020.465;937;0.54;0.68;175.34;0.25;0.65;154.12;-0.22;0.50;489;2;1;4;-0.52;0.18;0.17;0.00;-0.00;0.04;-0.09;-0.15;0.52;0.56;172.18;-0.61;0.48;0.009;4.24;4.98;-1000.00;-1000.00
6020.565;946;0.53;0.68;174.39;0.25;0.65;154.12;-0.22;0.50;489;2;1;4;-0.55;0.19;0.19;0.01;-0.01;-0.02;0.05;-0.24;0.51;0.56;171.10;-0.62;0.50;0.009;4.24;4.98;-1000.00;-1000.00
6020.665;956;0.51;0.68;173.20;0.25;0.65;154.12;-0.22;0.50;489;2;1;4;-0.56;0.20;0.18;-0.01;-0.01;0.05;-0.10;-0.20;0.49;0.56;168.99;-0.59;0.50;0.009;4.24;4.98;-1000.00;-1000.00
6020.765;969;0.48;0.68;171.73;0.01;0.77;155.85;0.31;0.50;489;3;1;4;-0.57;0.21;0.21;0.00;-0.01;-0.04;0.08;-0.21;0.46;0.57;166.08;-0.54;0.50;0.010;4.24;4.98;-1000.00;-1000.00
6020.855;979;0.46;0.69;170.66;0.01;0.77;155.85;0.31;0.50;489;3;1;4;-0.51;0.21;0.21;-0.00;-0.01;0.01;-0.05;-0.17;0.43;0.58;164.31;-0.51;0.50;0.004;4.24;4.98;-1000.00;-1000.00
6020.955;987;0.44;0.69;170.10;0.01;0.77;155.85;0.31;0.50;489;3;1;4;-0.53;0.22;0.22;-0.00;-0.01;-0.02;0.04;-0.10;0.41;0.58;162.68;-0.47;0.50;0.005;4.24;4.98;-1000.00;-1000.00
6021.065;997;0.42;0.69;169.50;0.01;0.77;155.85;0.31;0.50;489;3;1;4;-0.54;0.22;0.23;-0.00;-0.01;-0.02;0.06;-0.14;0.39;0.59;161.18;-0.44;0.50;0.005;4.24;4.98;-1000.00;-1000.00
6021.155;1007;0.40;0.70;168.84;0.01;0.77;155.85;0.31;0.50;489;3;1;4;-0.57;0.23;0.23;-0.00;-0.01;-0.02;0.03;-0.13;0.36;0.60;159.15;-0.39;0.50;0.005;4.24;4.98;-1000.00;-1000.00
6021.265;1017;0.38;0.70;168.14;0.01;0.77;155.85;0.31;0.50;489;3;1;4;-0.56;0.23;0.24;-0.01;-0.00;-0.01;0.02;-0.14;0.34;0.61;157.96;-0.36;0.50;0.006;4.24;4.98;-1000.00;-1000.00
6021.365;1027;0.35;0.71;167.46;0.01;0.77;155.85;0.31;0.50;489;3;1;4;-0.55;0.24;0.24;-0.01;-0.00;-0.01;0.02;-0.12;0.32;0.62;156.88;-0.33;0.50;0.010;4.24;4.98;-1000.00;-1000.00
6021.505;1042;0.32;0.72;166.55;0.01;0.77;155.85;0.31;0.50;489;3;1;4;-0.51;0.24;0.25;-0.01;-0.00;-0.01;0.01;-0.11;0.30;0.63;155.91;-0.29;0.50;0.047;4.24;4.98;-1000.00;-1000.00
6021.555;1046;0.31;0.72;166.27;0.01;0.77;155.85;0.31;0.50;489;3;1;4;-0.54;0.25;0.25;0.01;-0.01;0.00;0.06;-0.14;0.27;0.64;154.66;-0.24;0.50;0.004;4.24;4.98;-1000.00;-1000.00
6021.665;1060;0.28;0.72;165.08;0.01;0.77;155.85;0.31;0.50;489;3;1;4;-0.50;0.25;0.23;0.05;-0.01;0.02;-0.03;-0.17;0.25;0.65;153.96;-0.21;0.50;0.009;4.24;4.98;-1000.00;-1000.00
6021.755;1065;0.26;0.73;164.69;0.01;0.77;155.85;0.31;0.50;489;3;1;4;-0.48;0.26;0.27;0.05;-0.01;-0.05;0.09;-0.22;0.23;0.66;153.38;-0.17;0.50;0.004;4.24;4.98;-1000.00;-1000.00
6021.855;1076;0.24;0.73;163.36;0.01;0.77;155.85;0.31;0.50;489;3;1;4;-0.42;0.26;0.27;0.01;-0.01;-0.02;0.06;-0.23;0.21;0.67;152.93;-0.12;0.50;0.005;4.24;4.98;-1000.00;-1000.00
6021.965;1089;0.20;0.74;162.53;0.01;0.77;155.85;0.31;0.50;489;3;1;4;-0.34;0.27;0.28;-0.01;-0.01;-0.02;0.04;-0.08;0.18;0.68;152.50;-0.06;0.50;0.007;4.24;4.98;-1000.00;-1000.00
6022.065;1099;0.18;0.75;162.50;0.01;0.77;155.85;0.31;0.50;489;3;1;4;-0.30;0.28;0.29;0.00;-0.01;-0.02;0.08;0.00;0.15;0.70;152.37;0.00;0.50;0.010;4.24;4.98;-1000.00;-1000.00
6022.165;1108;0.15;0.76;162.70;0.01;0.77;155.85;0.31;0.50;489;3;1;4;-0.27;0.28;0.29;-0.00;-0.01;-0.02;0.05;0.02;0.13;0.71;152.44;0.05;0.50;0.009;4.24;4.98;-1000.00;-1000.00
6022.255;1118;0.13;0.77;162.97;0.01;0.77;155.85;0.31;0.50;489;3;1;4;-0.23;0.29;0.28;-0.01;-0.01;0.01;-0.05;0.06;0.11;0.72;152.66;0.09;0.50;0.004;4.24;4.98;-1000.00;-1000.00
6022.365;1127;0.10;0.78;163.25;-0.26;0.84;179.43;0.79;0.50;489;4;1;4;-0.17;0.29;0.30;-0.00;-0.01;-0.02;0.09;0.03;0.08;0.74;153.22;0.15;0.50;0.008;4.24;4.98;-1000.00;-1000.00
6022.465;1137;0.07;0.78;163.63;-0.26;0.84;179.43;0.79;0.50;489;4;1;4;-0.11;0.29;0.30;-0.01;-0.01;-0.01;0.00;0.08;0.06;0.75;153.77;0.20;0.50;0.005;4.24;4.98;-1000.00;-1000.00
6022.565;1146;0.05;0.79;164.07;-0.26;0.84;179.43;0.79;0.50;489;4;1;4;-0.05;0.30;0.30;-0.01;-0.01;-0.02;0.06;0.08;0.03;0.76;154.84;0.26;0.50;0.006;4.24;4.98;-1000.00;-1000.00
6022.655;1155;0.02;0.80;164.59;-0.26;0.84;179.43;0.79;0.50;489;4;1;4;0.01;0.30;0.30;-0.01;-0.01;-0.02;0.04;0.12;0.01;0.77;155.73;0.30;0.50;0.005;4.24;4.98;-1000.00;-1000.00
6022.805;1170;-0.02;0.81;165.80;-0.25;0.85;180.00;0.11;0.00;469;1;1;5;0.10;0.30;0.30;-0.01;-0.00;-0.01;0.02;0.12;-0.02;0.78;157.30;0.36;0.50;0.030;4.24;4.98;-1000.00;-1000.00
6022.875;1179;-0.05;0.82;166.61;-0.44;0.83;193.57;0.65;0.50;469;2;1;5;0.18;0.31;0.30;0.00;-0.00;-0.00;-0.02;0.15;-0.25;0.85;180.04;0.18;0.07;0.015;4.24;4.98;-1000.00;-1000.00
6022.965;1189;-0.08;0.83;167.64;-0.44;0.83;193.57;0.65;0.50;469;2;1;5;0.23;0.33;0.32;0.00;-0.00;0.01;0.00;0.18;-0.25;0.85;180.04;0.18;0.07;0.009;4.24;4.98;-1000.00;-1000.00
6023.075;1200;-0.11;0.83;168.77;-0.44;0.83;193.57;0.65;0.50;469;2;1;5;0.28;0.35;0.34;-0.01;-0.00;-0.01;-0.02;0.18;-0.25;0.85;180.04;0.18;0.07;0.020;4.24;4.97;-1000.00;-1000.00
6023.175;1208;-0.14;0.84;169.73;-0.44;0.83;193.57;0.65;0.50;469;2;1;5;0.31;0.36;0.35;-0.00;-0.01;-0.03;-0.03;0.22;-0.25;0.85;180.04;0.18;0.07;0.019;4.24;4.97;-1000.00;-1000.00
6023.265;1219;-0.18;0.85;171.19;-0.44;0.83;193.57;0.65;0.50;469;2;1;5;0.35;0.36;0.37;-0.00;-0.01;0.05;0.06;0.25;-0.25;0.85;180.04;0.18;0.07;0.009;4.24;4.97;-1000.00;-1000.00
6023.375;1228;-0.21;0.85;172.49;-0.44;0.83;193.57;0.65;0.50;469;2;1;5;0.38;0.36;0.37;0.00;-0.01;-0.01;-0.02;0.25;-0.25;0.85;180.04;0.18;0.07;0.021;4.24;4.97;-1000.00;-1000.00
6023.465;1238;-0.25;0.85;173.90;-0.44;0.83;193.57;0.65;0.50;469;2;1;5;0.42;0.35;0.38;-0.01;-0.01;0.08;0.07;0.28;-0.25;0.85;180.04;0.18;0.07;0.008;4.24;4.97;-1000.00;-1000.00
6023.565;1247;-0.28;0.86;175.40;-0.44;0.83;193.57;0.65;0.50;469;2;1;5;0.56;0.35;0.34;-0.03;-0.01;-0.03;-0.03;0.30;-0.28;0.85;181.05;0.33;0.21;0.013;4.24;4.97;-1000.00;-1000.00
6023.665;1257;-0.32;0.87;177.95;-0.75;0.62;234.67;0.68;0.50;469;3;1;5;0.63;0.35;0.34;-0.05;-0.01;-0.06;-0.07;0.53;-0.31;0.85;182.71;0.42;0.29;0.009;4.24;4.97;-1000.00;-1000.00
6023.755;1268;-0.35;0.87;182.30;-0.75;0.62;234.67;0.68;0.50;469;3;1;5;0.63;0.36;0.36;-0.10;-0.01;0.05;0.13;0.84;-0.35;0.85;185.56;0.51;0.37;0.005;4.24;4.97;-1000.00;-1000.00
6023.855;1276;-0.38;0.88;185.69;-0.75;0.62;234.67;0.68;0.50;469;3;1;5;0.63;0.36;0.35;-0.09;-0.01;0.01;0.05;0.75;-0.38;0.84;187.54;0.55;0.41;0.005;4.24;4.97;-1000.00;-1000.00
6023.965;1287;-0.42;0.88;190.06;-0.75;0.62;234.67;0.68;0.50;469;3;1;5;0.66;0.37;0.38;-0.08;-0.00;0.07;0.06;0.73;-0.42;0.84;191.29;0.62;0.47;0.010;4.25;4.98;-1000.00;-1000.00
6024.055;1295;-0.45;0.88;193.58;-0.75;0.62;234.67;0.68;0.50;469;3;1;5;0.64;0.38;0.36;-0.11;-0.01;0.02;0.12;0.84;-0.43;0.83;192.78;0.64;0.49;0.005;4.25;4.98;-1000.00;-1000.00
6024.155;1306;-0.49;0.88;198.15;-0.75;0.62;234.67;0.68;0.50;469;3;1;5;0.65;0.39;0.37;-0.12;-0.02;0.01;0.19;0.81;-0.48;0.82;197.60;0.65;0.50;0.004;4.25;4.98;-1000.00;-1000.00
6024.265;1319;-0.54;0.87;203.65;-0.75;0.62;234.67;0.68;0.50;469;3;1;5;0.59;0.39;0.37;-0.12;-0.01;0.00;0.15;0.80;-0.49;0.82;199.22;0.65;0.50;0.012;4.25;4.98;-1000.00;-1000.00
6024.365;1329;-0.58;0.87;207.34;-0.75;0.62;234.67;0.68;0.50;469;3;1;5;0.62;0.39;0.36;-0.06;-0.01;0.00;-0.11;0.52;-0.54;0.80;204.11;0.66;0.50;0.015;4.25;4.98;-1000.00;-1000.00
6024.455;1339;-0.61;0.85;211.03;-0.75;0.62;234.67;0.68;0.50;469;3;1;5;0.66;0.40;0.37;-0.10;-0.01;-0.00;0.14;0.74;-0.58;0.78;209.04;0.66;0.50;0.004;4.25;4.98;-1000.00;-1000.00
6024.555;1348;-0.64;0.84;214.66;-0.75;0.62;234.67;0.68;0.50;469;3;1;5;0.63;0.40;0.36;-0.08;-0.01;0.02;-0.08;0.69;-0.59;0.77;210.69;0.66;0.50;0.005;4.25;4.98;-1000.00;-1000.00
6024.665;1359;-0.68;0.83;219.00;-0.75;0.62;234.67;0.68;0.50;469;3;1;5;0.66;0.40;0.37;-0.07;-0.01;0.01;-0.02;0.67;-0.63;0.74;215.67;0.67;0.50;0.012;4.25;4.98;-1000.00;-1000.00
6024.765;1367;-0.71;0.81;222.33;-0.75;0.62;234.67;0.68;0.50;469;3;1;5;0.63;0.40;0.38;-0.08;-0.01;-0.00;0.04;0.78;-0.64;0.74;217.33;0.67;0.50;0.007;4.25;4.98;-1000.00;-1000.00
6024.855;1377;-0.74;0.79;226.34;-0.75;0.62;234.67;0.68;0.50;469;3;1;5;0.63;0.40;0.36;-0.08;-0.01;0.01;-0.02;0.67;-0.67;0.72;220.68;0.67;0.50;0.004;4.25;4.98;-1000.00;-1000.00
6024.965;1387;-0.77;0.77;230.09;-0.75;0.62;234.67;0.68;0.50;469;3;1;5;0.64;0.40;0.36;-0.07;-0.01;0.04;-0.08;0.62;-0.69;0.69;224.05;0.67;0.50;0.009;4.25;4.98;-1000.00;-1000.00
6025.065;1396;-0.79;0.75;233.50;-0.75;0.62;234.67;0.68;0.50;469;3;1;5;0.65;0.40;0.36;-0.07;-0.01;0.01;0.04;0.66;-0.71;0.67;227.43;0.68;0.50;0.005;4.25;4.98;-1000.00;-1000.00
6025.165;1406;-0.82;0.72;237.29;-0.75;0.62;234.67;0.68;0.50;469;3;1;5;0.66;0.39;0.35;-0.08;-0.01;0.00;0.03;0.65;-0.73;0.65;230.83;0.68;0.50;0.011;4.25;4.98;-1000.00;-1000.00
6025.265;1417;-0.85;0.69;241.44;-0.75;0.62;234.67;0.68;0.50;469;3;1;5;0.65;0.39;0.34;-0.08;-0.01;-0.00;0.03;0.64;-0.75;0.62;234.24;0.68;0.50;0.005;4.25;4.98;-1000.00;-1000.00
6025.365;1430;-0.87;0.66;246.12;-0.75;0.62;234.67;0.68;0.50;469;3;1;5;0.62;0.38;0.34;-0.06;-0.00;-0.01;0.02;0.60;-0.77;0.60;237.63;0.67;0.50;0.013;4.25;4.98;-1000.00;-1000.00
6025.455;1436;-0.88;0.64;248.03;-0.75;0.62;234.67;0.68;0.50;469;3;1;5;0.64;0.37;0.34;-0.05;-0.00;0.02;0.02;0.51;-0.78;0.57;240.91;0.65;0.50;0.004;4.25;4.98;-1000.00;-1000.00
6025.565;1449;-0.91;0.60;251.88;-0.75;0.62;234.67;0.68;0.50;469;3;1;5;0.59;0.36;0.33;-0.05;0.00;0.00;0.01;0.53;-0.79;0.56;242.51;0.64;0.50;0.014;4.25;4.98;-1000.00;-1000.00
6025.675;1459;-0.92;0.57;254.85;-0.75;0.62;234.67;0.68;0.50;469;3;1;5;0.62;0.36;0.33;-0.07;-0.00;-0.00;-0.02;0.53;-0.81;0.52;247.16;0.62;0.50;0.014;4.25;4.98;-1000.00;-1000.00
6025.765;1467;-0.93;0.54;257.65;-0.86;0.26;269.43;0.49;0.50;469;4;1;5;0.58;0.35;0.34;-0.06;-0.00;0.07;-0.08;0.61;-0.82;0.50;248.66;0.61;0.50;0.008;4.25;4.98;-1000.00;-1000.00
6025.855;1478;-0.95;0.51;261.91;-0.86;0.26;269.43;0.49;0.50;469;4;1;5;0.39;0.35;0.33;-0.09;-0.00;-0.03;-0.00;0.63;-0.83;0.47;251.58;0.60;0.50;0.004;4.25;4.98;-1000.00;-1000.00
6025.965;1486;-0.96;0.48;263.82;-0.86;0.26;269.43;0.49;0.50;469;4;1;5;0.40;0.36;0.34;-0.06;-0.01;0.02;-0.02;0.25;-0.83;0.44;254.41;0.58;0.50;0.010;4.25;4.98;-1000.00;-1000.00
6026.085;1501;-0.97;0.43;266.50;-0.86;0.11;-98.62;-0.63;0.50;1052;1;1;4;0.44;0.37;0.37;-0.07;-0.01;-0.13;0.08;0.46;-0.84;0.41;257.14;0.57;0.50;0.030;4.25;4.98;-1000.00;-1000.00
6026.175;1511;-0.97;0.39;268.84;-0.86;0.11;-98.62;-0.63;0.50;1052;1;1;4;0.53;0.36;0.38;-0.06;-0.01;-0.12;0.07;0.48;-0.85;0.25;-90.00;-0.08;0.06;0.023;4.25;4.98;-1000.00;-1000.00
6026.285;1520;-0.98;0.36;271.53;-0.95;-0.15;-115.88;-0.22;0.50;1052;2;1;4;0.35;0.36;0.36;-0.06;-0.01;0.02;-0.02;0.54;-0.85;0.25;-90.00;-0.08;0.06;0.027;4.25;4.98;-1000.00;-1000.00
6026.375;1529;-0.98;0.33;273.56;-0.95;-0.15;-115.88;-0.22;0.50;1052;2;1;4;0.08;0.34;0.35;-0.03;-0.01;0.12;-0.07;0.16;-0.85;0.25;-90.00;-0.08;0.06;0.018;4.25;4.98;-1000.00;-1000.00
6026.465;1539;-0.98;0.29;273.71;-0.95;-0.15;-115.88;-0.22;0.50;1052;2;1;4;0.04;0.32;0.36;-0.00;-0.01;-0.07;0.04;-0.13;-0.85;0.25;-90.00;-0.08;0.06;0.015;4.25;4.98;-1000.00;-1000.00
6026.575;1548;-0.98;0.26;272.95;-0.95;-0.15;-115.88;-0.22;0.50;1052;2;1;4;0.03;0.30;0.33;0.02;-0.01;-0.04;0.03;-0.14;-0.85;0.25;-90.00;-0.08;0.06;0.020;4.25;4.97;-1000.00;-1000.00
6026.675;1559;-0.98;0.23;272.17;-0.95;-0.15;-115.88;-0.22;0.50;1052;2;1;4;-0.14;0.29;0.31;0.00;-0.01;-0.02;0.02;-0.09;-0.85;0.23;-90.43;-0.25;0.20;0.021;4.25;4.97;-1000.00;-1000.00
6026.775;1567;-0.98;0.20;271.23;-0.95;-0.15;-115.88;-0.22;0.50;1052;2;1;4;-0.32;0.28;0.29;0.01;-0.01;-0.04;0.03;-0.27;-0.85;0.19;-92.12;-0.41;0.32;0.021;4.25;4.97;-1000.00;-1000.00
6026.865;1577;-0.98;0.17;269.40;-0.95;-0.15;-115.88;-0.22;0.50;1052;2;1;4;-0.45;0.28;0.29;-0.01;-0.00;-0.02;-0.01;-0.36;-0.85;0.16;-94.37;-0.51;0.40;0.008;4.25;4.97;-1000.00;-1000.00
6026.965;1587;-0.98;0.14;267.30;-0.95;-0.15;-115.88;-0.22;0.50;1052;2;1;4;-0.54;0.29;0.29;0.01;-0.00;0.03;0.02;-0.40;-0.86;0.13;-96.83;-0.58;0.46;0.013;4.25;4.97;-1000.00;-1000.00
6027.075;1601;-0.98;0.10;263.99;-0.95;-0.15;-115.88;-0.22;0.50;1052;2;1;4;-0.58;0.29;0.30;0.00;-0.01;-0.08;-0.05;-0.42;-0.86;0.10;-99.97;-0.61;0.50;0.016;4.25;4.97;-1000.00;-1000.00
6027.165;1606;-0.98;0.09;262.86;-1.07;-0.39;-114.15;0.31;0.50;1052;3;1;4;-0.60;0.30;0.30;0.01;-0.01;-0.04;-0.04;-0.41;-0.87;0.07;-102.98;-0.56;0.50;0.009;4.25;4.97;-1000.00;-1000.00
6027.265;1619;-0.98;0.05;259.81;-1.07;-0.39;-114.15;0.31;0.50;1052;3;1;4;-0.51;0.30;0.32;0.05;-0.01;-0.09;-0.07;-0.48;-0.88;0.02;-106.52;-0.49;0.50;0.007;4.25;4.97;-1000.00;-1000.00
6027.365;1629;-0.98;0.02;257.64;-1.07;-0.39;-114.15;0.31;0.50;1052;3;1;4;-0.46;0.30;0.28;0.06;-0.01;-0.06;-0.02;-0.32;-0.89;0.00;-108.09;-0.46;0.50;0.010;4.25;4.97;-1000.00;-1000.00
6027.465;1640;-0.99;-0.01;256.00;-1.07;-0.39;-114.15;0.31;0.50;1052;3;1;4;-0.45;0.30;0.28;0.03;-0.01;0.07;0.03;-0.23;-0.90;-0.03;-110.20;-0.41;0.50;0.016;4.25;4.97;-1000.00;-1000.00
6027.565;1648;-0.99;-0.03;255.02;-1.07;-0.39;-114.15;0.31;0.50;1052;3;1;4;-0.48;0.30;0.30;-0.00;-0.01;0.07;0.01;-0.17;-0.91;-0.07;-112.60;-0.34;0.50;0.006;4.25;4.97;-1000.00;-1000.00
6027.665;1657;-1.00;-0.06;254.04;-1.07;-0.39;-114.15;0.31;0.50;1052;3;1;4;-0.45;0.31;0.31;-0.01;-0.01;0.07;0.01;-0.16;-0.92;-0.09;-113.62;-0.31;0.50;0.006;4.25;4.97;-1000.00;-1000.00
6027.755;1668;-1.00;-0.09;252.61;-1.07;-0.39;-114.15;0.31;0.50;1052;3;1;4;-0.41;0.31;0.30;0.06;-0.01;-0.15;-0.04;-0.27;-0.94;-0.12;-114.95;-0.26;0.50;0.006;4.25;4.97;-1000.00;-1000.00
6027.865;1676;-1.01;-0.12;251.85;-1.07;-0.39;-114.15;0.31;0.50;1052;3;1;4;-0.40;0.32;0.33;0.03;-0.01;-0.10;-0.05;-0.22;-0.95;-0.15;-116.04;-0.21;0.50;0.007;4.25;4.97;-1000.00;-1000.00
6027.955;1687;-1.02;-0.15;250.47;-1.07;-0.39;-114.15;0.31;0.50;1052;3;1;4;-0.33;0.32;0.31;0.05;-0.01;-0.14;-0.04;-0.27;-0.96;-0.18;-116.87;-0.14;0.50;0.004;4.25;4.97;-1000.00;-1000.00
6028.075;1700;-1.03;-0.19;249.48;-1.07;-0.39;-114.15;0.31;0.50;1052;3;1;4;-0.25;0.32;0.34;-0.00;-0.01;-0.10;-0.02;-0.11;-0.97;-0.20;-117.25;-0.10;0.50;0.015;4.25;4.97;-1000.00;-1000.00
6028.155;1706;-1.04;-0.21;249.37;-1.07;-0.39;-114.15;0.31;0.50;1052;3;1;4;-0.22;0.33;0.34;-0.01;-0.01;-0.09;-0.02;-0.01;-0.99;-0.23;-117.58;-0.04;0.50;0.004;4.25;4.97;-1000.00;-1000.00
6028.265;1719;-1.05;-0.25;249.63;-1.07;-0.39;-114.15;0.31;0.50;1052;3;1;4;-0.16;0.33;0.33;-0.01;-0.01;0.05;0.01;0.05;-1.00;-0.25;-117.63;0.00;0.50;0.010;4.25;4.97;-1000.00;-1000.00
6028.365;1729;-1.07;-0.28;249.97;-1.07;-0.39;-114.15;0.31;0.50;1052;3;1;4;-0.11;0.33;0.34;-0.00;-0.01;-0.06;-0.01;0.04;-1.02;-0.29;-117.34;0.09;0.50;0.014;4.25;4.97;-1000.00;-1000.00
6028.465;1738;-1.08;-0.31;250.41;-1.14;-0.66;-90.57;0.79;0.50;1052;4;1;4;-0.03;0.34;0.34;-0.01;-0.01;-0.07;-0.02;0.07;-1.04;-0.33;-116.52;0.18;0.50;0.006;4.25;4.97;-1000.00;-1000.00
6028.565;1748;-1.09;-0.34;251.05;-1.14;-0.66;-90.57;0.79;0.50;1052;4;1;4;0.03;0.34;0.34;-0.01;-0.01;-0.03;-0.01;0.11;-1.06;-0.36;-115.55;0.24;0.50;0.007;4.25;4.97;-1000.00;-1000.00
6028.655;1756;-1.10;-0.37;251.66;-1.14;-0.66;-90.57;0.79;0.50;1052;4;1;4;0.09;0.35;0.35;-0.01;-0.00;-0.02;-0.01;0.15;-1.07;-0.38;-114.73;0.28;0.50;0.008;4.25;4.97;-1000.00;-1000.00
6028.795;1771;-1.11;-0.42;252.90;-1.16;-0.79;-98.62;-0.63;0.50;187;1;1;4;0.17;0.35;0.35;0.00;-0.00;0.01;0.00;0.12;-1.08;-0.41;-113.26;0.34;0.50;0.033;4.25;4.97;-1000.00;-1000.00
6028.875;1780;-1.12;-0.45;253.89;-1.16;-0.79;-98.62;-0.63;0.50;187;1;1;4;0.79;0.33;0.35;-0.00;-0.00;0.00;0.01;0.18;-1.15;-0.65;-90.00;-0.08;0.06;0.021;4.25;4.97;-1000.00;-1000.00
6028.975;1790;-1.13;-0.48;257.78;-1.25;-1.05;-115.88;-0.22;0.50;187;2;1;4;0.79;0.32;0.36;-0.06;-0.01;-0.06;0.11;1.19;-1.15;-0.65;-90.00;-0.08;0.06;0.023;4.25;4.97;-1000.00;-1000.00
6029.065;1799;-1.14;-0.51;263.34;-1.25;-1.05;-115.88;-0.22;0.50;187;2;1;4;0.38;0.31;0.31;-0.05;-0.00;0.13;-0.11;0.94;-1.15;-0.65;-90.00;-0.08;0.06;0.011;4.25;4.97;-1000.00;-1000.00
6029.175;1809;-1.16;-0.54;266.63;-1.25;-1.05;-115.88;-0.22;0.50;187;2;1;4;0.21;0.31;0.31;-0.09;-0.01;-0.10;0.06;0.26;-1.15;-0.65;-90.00;-0.08;0.06;0.022;4.25;4.97;-1000.00;-1000.00
6029.265;1818;-1.16;-0.57;266.98;-1.25;-1.05;-115.88;-0.22;0.50;187;2;1;4;0.17;0.30;0.32;0.00;-0.01;-0.04;0.03;0.01;-1.15;-0.65;-90.00;-0.08;0.06;0.008;4.25;4.97;-1000.00;-1000.00
6029.365;1828;-1.16;-0.60;266.61;-1.25;-1.05;-115.88;-0.22;0.50;187;2;1;4;0.16;0.29;0.30;0.01;-0.01;0.05;-0.03;-0.11;-1.15;-0.65;-90.00;-0.08;0.06;0.019;4.25;4.97;-1000.00;-1000.00
6029.465;1837;-1.16;-0.63;266.22;-1.25;-1.05;-115.88;-0.22;0.50;187;2;1;4;0.15;0.28;0.29;0.00;-0.01;0.00;0.00;-0.08;-1.15;-0.65;-90.00;-0.08;0.06;0.009;4.25;4.97;-1000.00;-1000.00
6029.565;1847;-1.16;-0.65;265.89;-1.25;-1.05;-115.88;-0.22;0.50;187;2;1;4;0.12;0.26;0.28;0.00;-0.01;-0.04;0.03;-0.04;-1.15;-0.65;-90.00;-0.10;0.08;0.009;4.25;4.97;-1000.00;-1000.00
6029.675;1860;-1.16;-0.69;265.42;-1.25;-1.05;-115.88;-0.22;0.50;187;2;1;4;-0.07;0.26;0.27;0.00;-0.01;-0.03;0.02;-0.06;-1.15;-0.68;-90.60;-0.28;0.22;0.018;4.25;4.97;-1000.00;-1000.00
6029.765;1866;-1.17;-0.71;264.88;-1.25;-1.05;-115.88;-0.22;0.50;187;2;1;4;-0.23;0.26;0.26;0.01;-0.01;-0.03;0.03;-0.22;-1.15;-0.71;-92.12;-0.41;0.32;0.009;4.25;4.97;-1000.00;-1000.00
6029.865;1879;-1.17;-0.74;262.76;-1.25;-1.05;-115.88;-0.22;0.50;187;2;1;4;-0.24;0.25;0.25;0.01;-0.01;-0.04;0.03;-0.30;-1.15;-0.72;-93.11;-0.46;0.36;0.013;4.25;4.97;-1000.00;-1000.00
6029.965;1889;-1.17;-0.76;261.40;-1.25;-1.05;-115.88;-0.22;0.50;187;2;1;4;-0.40;0.26;0.26;0.00;-0.00;0.01;-0.01;-0.20;-1.15;-0.76;-95.93;-0.56;0.44;0.011;4.25;4.97;-1000.00;-1000.00
6030.065;1897;-1.17;-0.78;260.18;-1.25;-1.05;-115.88;-0.22;0.50;187;2;1;4;-0.54;0.27;0.27;0.01;-0.00;-0.00;-0.01;-0.31;-1.16;-0.79;-98.90;-0.62;0.50;0.010;4.25;4.97;-1000.00;-1000.00
6030.165;1907;-1.18;-0.81;258.24;-1.25;-1.05;-115.88;-0.22;0.50;187;2;1;4;-0.52;0.28;0.28;0.01;-0.01;-0.05;-0.02;-0.39;-1.16;-0.81;-101.01;-0.59;0.50;0.010;4.25;4.97;-1000.00;-1000.00
6030.285;1919;-1.19;-0.84;256.11;-1.25;-1.05;-115.88;-0.22;0.50;187;2;1;4;-0.52;0.29;0.29;-0.00;-0.01;-0.04;-0.02;-0.26;-1.17;-0.84;-103.92;-0.54;0.50;0.025;4.25;4.97;-1000.00;-1000.00
6030.365;1926;-1.19;-0.86;255.21;-1.37;-1.29;-114.15;0.31;0.50;187;3;1;4;-0.52;0.30;0.30;0.01;-0.01;-0.10;-0.05;-0.26;-1.18;-0.87;-105.69;-0.51;0.50;0.008;4.25;4.97;-1000.00;-1000.00
6030.465;1936;-1.20;-0.89;253.85;-1.37;-1.29;-114.15;0.31;0.50;187;3;1;4;-0.51;0.31;0.28;0.03;-0.01;0.07;0.02;-0.22;-1.19;-0.90;-108.09;-0.46;0.50;0.010;4.25;4.97;-1000.00;-1000.00
6030.575;1951;-1.21;-0.94;251.69;-1.37;-1.29;-114.15;0.31;0.50;187;3;1;4;-0.47;0.31;0.32;0.04;-0.01;-0.09;-0.04;-0.30;-1.20;-0.93;-110.20;-0.41;0.50;0.013;4.25;4.97;-1000.00;-1000.00
6030.655;1959;-1.21;-0.96;250.74;-1.37;-1.29;-114.15;0.31;0.50;187;3;1;4;-0.44;0.32;0.33;-0.00;-0.01;-0.04;-0.02;-0.19;-1.20;-0.95;-111.46;-0.38;0.50;0.007;4.25;4.97;-1000.00;-1000.00
6030.765;1968;-1.23;-0.99;250.12;-1.37;-1.29;-114.15;0.31;0.50;187;3;1;4;-0.45;0.33;0.33;-0.02;-0.01;-0.03;-0.01;-0.11;-1.22;-0.99;-113.62;-0.31;0.50;0.007;4.25;4.97;-1000.00;-1000.00
6030.865;1978;-1.24;-1.02;249.43;-1.37;-1.29;-114.15;0.31;0.50;187;3;1;4;-0.44;0.33;0.33;0.05;-0.01;-0.15;-0.03;-0.21;-1.24;-1.02;-114.95;-0.26;0.50;0.006;4.25;4.97;-1000.00;-1000.00
6030.955;1987;-1.24;-1.05;248.60;-1.37;-1.29;-114.15;0.31;0.50;187;3;1;4;-0.40;0.34;0.35;0.07;-0.04;-0.27;0.06;-0.33;-1.24;-1.04;-115.71;-0.23;0.50;0.005;4.25;4.97;-1000.00;-1000.00
6031.065;1996;-1.25;-1.07;247.62;-1.37;-1.29;-114.15;0.31;0.50;187;3;1;4;-0.36;0.35;0.36;0.01;-0.01;-0.07;-0.01;-0.22;-1.26;-1.07;-116.62;-0.17;0.50;0.007;4.25;4.97;-1000.00;-1000.00
6031.155;2007;-1.27;-1.11;246.87;-1.37;-1.29;-114.15;0.31;0.50;187;3;1;4;-0.28;0.35;0.36;-0.02;-0.01;-0.05;-0.01;-0.08;-1.27;-1.10;-117.25;-0.10;0.50;0.004;4.25;4.97;-1000.00;-1000.00
6031.255;2015;-1.28;-1.14;246.94;-1.37;-1.29;-114.15;0.31;0.50;187;3;1;4;-0.24;0.36;0.35;-0.01;-0.01;0.09;0.01;0.10;-1.29;-1.13;-117.58;-0.04;0.50;0.005;4.25;4.97;-1000.00;-1000.00
6031.365;2030;-1.30;-1.19;247.46;-1.37;-1.29;-114.15;0.31;0.50;187;3;1;4;-0.16;0.37;0.36;-0.01;-0.01;0.01;-0.00;0.06;-1.32;-1.18;-117.47;0.07;0.50;0.010;4.25;4.97;-1000.00;-1000.00
6031.455;2039;-1.32;-1.22;248.04;-1.37;-1.29;-114.15;0.31;0.50;187;3;1;4;-0.11;0.37;0.37;-0.01;-0.01;0.04;0.00;0.13;-1.33;-1.21;-117.00;0.13;0.50;0.004;4.25;4.97;-1000.00;-1000.00
6031.565;2049;-1.33;-1.25;248.78;-1.44;-1.56;-90.57;0.79;0.50;187;4;1;4;-0.04;0.38;0.38;-0.00;-0.01;-0.06;-0.01;0.11;-1.35;-1.24;-116.23;0.20;0.50;0.006;4.25;4.97;-1000.00;-1000.00
6031.665;2057;-1.34;-1.28;249.44;-1.44;-1.56;-90.57;0.79;0.50;187;4;1;4;0.07;0.37;0.38;-0.00;-0.01;-0.06;-0.01;0.15;-1.36;-1.27;-115.16;0.26;0.50;0.006;4.25;4.97;-1000.00;-1000.00
6031.825;2072;-1.36;-1.33;251.19;-1.45;-1.55;-90.00;-0.00;0.50;593;0;1;0;0.16;0.37;0.37;-0.01;-0.00;-0.02;-0.00;0.25;-1.38;-1.31;-113.26;0.34;0.50;0.061;4.25;4.97;-1000.00;-1000.00
6031.875;2081;-1.37;-1.36;252.30;-1.45;-1.55;-90.00;-0.00;0.50;593;0;1;0;0.69;0.40;0.38;0.00;-0.00;0.00;0.01;0.21;-1.45;-1.55;-90.00;-0.00;0.50;0.026;4.25;4.97;-1000.00;-1000.00
6031.975;2087;-1.38;-1.39;254.29;-1.45;-1.55;-90.00;-0.00;0.50;593;0;1;0;0.60;0.43;0.40;-0.03;-0.01;-0.01;0.02;0.99;-1.45;-1.55;-90.00;-0.00;0.50;0.022;4.25;4.97;-1000.00;-1000.00
6032.085;2100;-1.40;-1.44;261.79;-1.45;-1.55;-90.00;-0.00;0.50;593;0;1;0;0.28;0.44;0.42;-0.06;-0.00;0.03;-0.03;0.86;-1.45;-1.55;-90.00;-0.00;0.50;0.025;4.25;4.97;-1000.00;-1000.00
6032.185;2110;-1.41;-1.48;264.86;-1.45;-1.55;-90.00;-0.00;0.50;593;0;1;0;0.15;0.45;0.45;-0.05;-0.00;-0.03;0.04;0.20;-1.45;-1.55;-90.00;-0.00;0.50;0.026;4.25;4.97;-1000.00;-1000.00
6032.285;2119;-1.42;-1.52;265.18;-1.45;-1.79;-90.00;-0.00;0.50;593;1;1;0;0.15;0.46;0.47;-0.02;-0.01;-0.06;0.07;-0.01;-1.45;-1.55;-90.00;-0.00;0.50;0.030;4.25;4.97;-1000.00;-1000.00
6032.365;2128;-1.42;-1.56;265.14;-1.45;-1.79;-90.00;-0.00;0.50;593;1;1;0;0.16;0.46;0.46;0.01;-0.01;0.03;-0.01;-0.03;-1.45;-1.55;-90.00;-0.00;0.50;0.015;4.25;4.97;-1000.00;-1000.00
6032.485;2139;-1.42;-1.61;265.13;-1.45;-1.79;-90.00;-0.00;0.50;593;1;1;0;0.17;0.46;0.46;0.01;-0.01;-0.03;0.03;0.01;-1.45;-1.61;-90.00;-0.00;0.50;0.029;4.25;4.97;-1000.00;-1000.00
6032.565;2147;-1.42;-1.65;265.22;-1.45;-1.79;-90.00;-0.00;0.50;593;1;1;0;0.17;0.46;0.47;0.00;-0.01;-0.03;0.03;0.03;-1.45;-1.65;-90.00;-0.00;0.50;0.011;4.26;4.97;-1000.00;-1000.00
6032.675;2161;-1.43;-1.71;265.49;-1.45;-1.79;-90.00;-0.00;0.50;593;1;1;0;0.17;0.46;0.46;0.01;-0.01;0.06;-0.04;0.01;-1.45;-1.69;-90.00;-0.00;0.50;0.021;4.26;4.97;-1000.00;-1000.00
6032.775;2170;-1.43;-1.76;265.70;-1.45;-1.79;-90.00;-0.00;0.50;593;1;1;0;0.17;0.46;0.48;0.00;-0.01;-0.08;0.06;0.06;-1.45;-1.74;-90.00;-0.00;0.50;0.021;4.26;4.97;-1000.00;-1000.00
6032.885;2181;-1.43;-1.81;265.85;-1.45;-2.03;-90.00;-0.00;0.50;593;2;1;0;0.17;0.46;0.46;0.01;-0.01;0.06;-0.04;0.00;-1.45;-1.78;-90.00;-0.00;0.50;0.030;4.26;4.97;-1000.00;-1000.00
6032.965;2189;-1.44;-1.85;265.97;-1.45;-2.03;-90.00;-0.00;0.50;593;2;1;0;0.17;0.46;0.46;0.01;-0.01;0.06;-0.04;0.00;-1.45;-1.83;-90.00;-0.00;0.50;0.010;4.26;4.97;-1000.00;-1000.00
6033.065;2198;-1.44;-1.89;266.13;-1.45;-2.03;-90.00;-0.00;0.50;593;2;1;0;0.16;0.46;0.48;0.00;-0.01;-0.09;0.06;0.06;-1.45;-1.89;-90.00;-0.00;0.50;0.010;4.26;4.97;-1000.00;-1000.00
6033.165;2208;-1.44;-1.93;266.28;-1.45;-2.03;-90.00;-0.00;0.50;593;2;1;0;0.16;0.46;0.46;0.01;-0.01;0.02;-0.01;0.01;-1.45;-1.93;-90.00;-0.00;0.50;0.009;4.26;4.97;-1000.00;-1000.00
6033.275;2217;-1.44;-1.98;266.40;-1.45;-2.03;-90.00;-0.00;0.50;593;2;1;0;0.16;0.46;0.46;0.01;-0.01;0.06;-0.04;0.00;-1.45;-1.97;-90.00;-0.00;0.50;0.014;4.26;4.97;-1000.00;-1000.00
6033.375;2231;-1.45;-2.04;266.64;-1.45;-2.26;-90.00;-0.00;0.50;593;3;1;0;0.16;0.46;0.47;0.00;-0.01;-0.02;0.02;0.03;-1.45;-2.02;-90.00;-0.00;0.50;0.023;4.26;4.97;-1000.00;-1000.00
6033.465;2235;-1.45;-2.06;266.69;-1.45;-2.26;-90.00;-0.00;0.50;593;3;1;0;0.16;0.46;0.47;0.00;-0.01;-0.02;0.02;0.02;-1.45;-2.05;-90.00;-0.00;0.50;0.008;4.26;4.97;-1000.00;-1000.00
6033.555;2246;-1.45;-2.11;266.81;-1.45;-2.26;-90.00;-0.00;0.50;593;3;1;0;0.16;0.47;0.48;0.00;-0.01;-0.09;0.06;0.05;-1.45;-2.11;-90.00;-0.00;0.50;0.007;4.26;4.97;-1000.00;-1000.00
6033.665;2259;-1.45;-2.17;267.00;-1.45;-2.26;-90.00;-0.00;0.50;593;3;1;0;0.15;0.47;0.47;0.00;-0.01;-0.02;0.02;0.03;-1.45;-2.15;-90.00;-0.00;0.50;0.016;4.26;4.97;-1000.00;-1000.00
6033.765;2269;-1.45;-2.22;267.10;-1.45;-2.26;-90.00;-0.00;0.50;593;3;1;0;0.15;0.46;0.46;0.01;-0.01;0.06;-0.04;-0.00;-1.45;-2.20;-90.00;-0.00;0.50;0.011;4.26;4.97;-1000.00;-1000.00
6033.865;2277;-1.46;-2.26;267.19;-1.45;-2.50;-90.00;0.00;0.50;593;4;1;0;0.15;0.47;0.46;0.01;-0.01;0.06;-0.04;-0.00;-1.45;-2.26;-90.00;-0.00;0.50;0.013;4.26;4.97;-1000.00;-1000.00
6033.955;2288;-1.46;-2.31;267.35;-1.45;-2.50;-90.00;0.00;0.50;593;4;1;0;0.15;0.47;0.47;0.01;-0.01;0.02;-0.01;0.01;-1.45;-2.31;-90.00;-0.00;0.50;0.003;4.26;4.97;-1000.00;-1000.00
6034.065;2296;-1.46;-2.35;267.44;-1.45;-2.50;-90.00;0.00;0.50;593;4;1;0;0.15;0.47;0.47;0.01;-0.01;0.02;-0.01;0.01;-1.45;-2.34;-90.00;-0.00;0.50;0.002;4.26;4.97;-1000.00;-1000.00
6034.155;2305;-1.46;-2.39;267.53;-1.45;-2.50;-90.00;0.00;0.50;593;4;1;0;0.14;0.47;0.47;0.01;-0.01;0.06;-0.04;-0.00;-1.45;-2.39;-90.00;-0.00;0.50;0.001;4.26;4.97;-1000.00;-1000.00
6034.255;2315;-1.46;-2.44;267.67;-1.45;-2.50;-90.00;0.00;0.50;593;4;1;0;0.14;0.47;0.48;0.00;-0.01;-0.02;0.02;0.03;-1.45;-2.44;-90.00;0.00;0.50;0.001;4.26;4.97;-1000.00;-1000.00
6034.415;2334;-1.46;-2.53;267.87;-1.45;-2.75;-90.00;0.00;-0.50;589;0;1;2;0.14;0.47;0.49;0.00;-0.01;-0.09;0.06;0.05;-1.45;-2.50;-90.00;0.00;0.50;0.054;4.26;4.97;-1000.00;-1000.00
6034.505;2342;-1.46;-2.57;267.95;-1.45;-2.45;-90.00;-0.00;0.37;590;0;1;7;-0.07;0.43;0.49;0.00;-0.01;-0.09;0.06;0.05;-1.45;-2.55;-90.00;0.00;-0.50;0.029;4.26;4.97;-1000.00;-1000.00
6034.565;2347;-1.46;-2.59;267.27;-1.40;-2.83;-65.10;0.79;0.50;590;1;1;7;0.56;0.42;0.43;0.02;-0.01;-0.06;0.04;-0.30;-1.45;-2.59;-87.05;0.32;0.42;0.017;4.26;4.97;-1000.00;-1000.00
6034.665;2357;-1.47;-2.63;267.69;-1.40;-2.83;-65.10;0.79;0.50;590;1;1;7;0.66;0.43;0.43;-0.03;-0.01;-0.01;0.01;0.77;-1.45;-2.63;-85.54;0.38;0.43;0.013;4.26;4.97;-1000.00;-1000.00
6034.775;2371;-1.47;-2.69;275.49;-1.40;-2.83;-65.10;0.79;0.50;590;1;1;7;0.61;0.43;0.44;-0.13;-0.05;-0.14;-0.11;1.16;-1.44;-2.67;-82.52;0.48;0.45;0.024;4.26;4.97;-1000.00;-1000.00
6034.885;2380;-1.48;-2.73;280.13;-1.40;-2.83;-65.10;0.79;0.50;590;1;1;7;0.62;0.43;0.41;-0.10;-0.00;0.12;-0.04;0.76;-1.44;-2.71;-79.95;0.54;0.46;0.031;4.26;4.97;-1000.00;-1000.00
6034.985;2391;-1.48;-2.78;285.34;-1.04;-3.07;-3.77;0.79;0.50;590;2;1;7;0.64;0.43;0.41;-0.08;-0.00;0.13;-0.01;0.73;-1.43;-2.74;-76.90;0.60;0.47;0.032;4.26;4.97;-1000.00;-1000.00
6035.065;2399;-1.48;-2.81;289.26;-1.04;-3.07;-3.77;0.79;0.50;590;2;1;7;0.51;0.43;0.41;-0.13;-0.01;-0.13;0.02;0.93;-1.42;-2.77;-73.33;0.67;0.48;0.019;4.26;4.97;-1000.00;-1000.00
6035.165;2410;-1.47;-2.86;293.06;-1.04;-3.07;-3.77;0.79;0.50;590;2;1;7;0.68;0.44;0.44;-0.10;-0.04;-0.29;-0.05;0.69;-1.40;-2.82;-66.91;0.76;0.50;0.014;4.26;4.97;-1000.00;-1000.00
6035.275;2418;-1.46;-2.89;296.63;-1.04;-3.07;-3.77;0.79;0.50;590;2;1;7;0.74;0.46;0.42;-0.10;-0.01;-0.06;0.01;0.94;-1.39;-2.85;-62.00;0.79;0.50;0.021;4.26;4.97;-1000.00;-1000.00
6035.375;2429;-1.45;-2.93;302.91;-1.04;-3.07;-3.77;0.79;0.50;590;2;1;7;0.70;0.47;0.37;-0.15;-0.05;0.07;-0.17;1.06;-1.37;-2.88;-57.04;0.79;0.50;0.020;4.26;4.97;-1000.00;-1000.00
6035.475;2437;-1.44;-2.97;307.61;-1.04;-3.07;-3.77;0.79;0.50;590;2;1;7;0.64;0.47;0.39;-0.12;-0.01;0.11;0.02;0.88;-1.36;-2.90;-54.57;0.79;0.50;0.018;4.26;4.97;-1000.00;-1000.00
6035.575;2451;-1.41;-3.02;314.90;-1.04;-3.07;-3.77;0.79;0.50;590;2;1;7;0.60;0.48;0.41;-0.08;-0.01;0.16;0.06;0.75;-1.34;-2.93;-49.61;0.79;0.50;0.018;4.26;4.97;-1000.00;-1000.00
6035.675;2458;-1.40;-3.04;317.60;-1.04;-3.07;-3.77;0.79;0.50;590;2;1;7;0.66;0.48;0.44;-0.08;-0.01;-0.05;0.00;0.77;-1.31;-2.95;-44.65;0.79;0.50;0.009;4.26;4.97;-1000.00;-1000.00
6035.785;2471;-1.36;-3.09;324.22;-1.04;-3.07;-3.77;0.79;0.50;590;2;1;7;0.62;0.48;0.43;-0.09;-0.01;-0.04;0.00;0.89;-1.30;-2.97;-42.18;0.79;0.50;0.028;4.26;4.97;-1000.00;-1000.00
6035.875;2479;-1.33;-3.11;327.93;-1.04;-3.07;-3.77;0.79;0.50;590;2;1;7;0.66;0.48;0.43;-0.09;-0.01;-0.06;-0.02;0.77;-1.27;-2.99;-37.22;0.79;0.50;0.013;4.26;4.97;-1000.00;-1000.00
6035.965;2488;-1.30;-3.14;331.94;-1.04;-3.07;-3.77;0.79;0.50;590;2;1;7;0.75;0.48;0.43;-0.07;-0.01;0.02;0.02;0.82;-1.22;-3.02;-29.79;0.79;0.50;0.008;4.26;4.97;-1000.00;-1000.00
6036.075;2499;-1.26;-3.17;337.90;-1.04;-3.07;-3.77;0.79;0.50;590;2;1;7;0.75;0.49;0.45;-0.06;-0.01;-0.04;-0.02;1.08;-1.19;-3.04;-24.83;0.79;0.50;0.015;4.26;4.97;-1000.00;-1000.00
