t;frame;x;y;z;x_ref;y_ref;z_ref;delta_ref;u_ref;state;ellipse;control;action;delta;u;vx;vy;vz;wx;wy;wz;xr;yr;zr;delr;ur
40018.935;10;1.01;-2.18;91.24;1.06;-2.16;90.00;-0.00;0.50;909;0;1;0;-0.20;0.03;-0.00;-0.00;-0.00;0.00;-0.01;0.01;1.06;-2.16;90.00;-0.00;0.50;0.034
40019.015;16;1.01;-2.18;91.24;1.06;-2.16;90.00;-0.00;0.50;909;0;1;0;-0.20;0.05;0.00;0.00;-0.00;0.02;-0.01;-0.01;1.06;-2.16;90.00;-0.00;0.50;0.018
40019.115;24;1.01;-2.18;91.25;1.06;-2.16;90.00;-0.00;0.50;909;0;1;0;-0.20;0.08;0.00;0.00;-0.00;0.02;-0.01;-0.01;1.06;-2.16;90.00;-0.00;0.50;0.015
40019.235;39;1.01;-2.18;91.07;1.06;-2.16;90.00;-0.00;0.50;909;0;1;0;-0.19;0.10;0.08;-0.00;-0.00;0.05;0.03;-0.03;1.06;-2.16;90.00;-0.00;0.50;0.032
40019.325;48;1.01;-2.17;90.82;1.06;-2.16;90.00;-0.00;0.50;909;0;1;0;-0.18;0.12;0.10;0.00;0.00;-0.01;-0.00;-0.05;1.06;-2.16;90.00;-0.00;0.50;0.025
40019.425;58;1.01;-2.16;90.55;1.06;-2.16;90.00;-0.00;0.50;909;0;1;0;-0.16;0.14;0.12;0.00;0.00;-0.00;-0.00;-0.04;1.06;-2.16;90.00;-0.00;0.50;0.025
40019.525;67;1.01;-2.14;90.33;1.06;-2.16;90.00;-0.00;0.50;909;0;1;0;-0.15;0.15;0.14;0.00;0.00;-0.00;0.00;-0.04;1.06;-2.15;90.00;0.00;0.50;0.014
40019.625;77;1.01;-2.13;90.12;1.06;-2.16;90.00;-0.00;0.50;909;0;1;0;-0.14;0.17;0.16;0.00;0.00;-0.00;0.00;-0.03;1.06;-2.13;90.00;0.00;0.50;0.023
40019.725;86;1.01;-2.12;89.96;1.06;-2.16;90.00;-0.00;0.50;909;0;1;0;-0.13;0.19;0.17;0.00;0.00;-0.00;0.00;-0.03;1.06;-2.11;90.00;0.00;0.50;0.023
40019.825;96;1.01;-2.10;89.80;1.06;-1.86;90.00;0.00;0.50;909;1;1;0;-0.13;0.20;0.19;0.00;0.00;-0.00;-0.00;-0.03;1.06;-2.10;90.00;0.00;0.50;0.018
40019.915;107;1.01;-2.08;89.65;1.06;-1.86;90.00;0.00;0.50;909;1;1;0;-0.12;0.22;0.20;0.00;-0.00;0.00;-0.00;-0.02;1.06;-2.07;90.00;0.00;0.50;0.011
40020.025;115;1.01;-2.06;89.56;1.06;-1.86;90.00;0.00;0.50;909;1;1;0;-0.11;0.23;0.22;0.00;-0.00;0.00;-0.00;-0.02;1.06;-2.06;90.00;0.00;0.50;0.020
40020.125;129;1.01;-2.03;89.41;1.06;-1.86;90.00;0.00;0.50;909;1;1;0;-0.11;0.24;0.23;0.00;-0.00;0.00;-0.00;-0.02;1.06;-2.04;90.00;0.00;0.50;0.016
40020.215;135;1.01;-2.01;89.36;1.06;-1.86;90.00;0.00;0.50;909;1;1;0;-0.10;0.25;0.24;-0.00;-0.00;0.00;-0.00;-0.02;1.06;-2.01;90.00;0.00;0.50;0.011
40020.325;148;1.01;-1.98;89.25;1.06;-1.86;90.00;0.00;0.50;909;1;1;0;-0.10;0.26;0.26;-0.00;-0.00;0.00;-0.01;-0.01;1.06;-1.99;90.00;0.00;0.50;0.017
40020.415;158;1.01;-1.95;89.19;1.06;-1.86;90.00;0.00;0.50;909;1;1;0;-0.09;0.27;0.27;-0.00;-0.00;0.00;-0.01;-0.01;1.06;-1.97;90.00;0.00;0.50;0.013
40020.515;166;1.01;-1.93;89.15;1.06;-1.86;90.00;0.00;0.50;909;1;1;0;-0.09;0.29;0.28;-0.00;-0.00;0.00;-0.01;-0.01;1.06;-1.93;90.00;0.00;0.50;0.014
40020.625;177;1.01;-1.90;89.09;1.06;-1.86;90.00;0.00;0.50;909;1;1;0;-0.09;0.30;0.29;-0.00;-0.00;0.00;-0.01;-0.01;1.06;-1.91;90.00;0.00;0.50;0.013
40020.715;185;1.01;-1.88;89.05;1.06;-1.86;90.00;0.00;0.50;909;1;1;0;-0.08;0.30;0.30;-0.00;-0.00;0.00;-0.01;-0.01;1.06;-1.88;90.00;0.00;0.50;0.011
40020.835;199;1.01;-1.84;89.00;1.06;-1.86;90.00;0.00;0.50;909;1;1;0;-0.08;0.30;0.30;-0.00;-0.00;0.00;-0.01;-0.01;1.06;-1.85;90.00;0.00;0.50;0.021
40020.925;208;1.01;-1.81;88.98;1.06;-1.86;90.00;0.00;0.50;909;1;1;0;-0.08;0.30;0.30;-0.00;-0.00;0.00;-0.01;-0.00;1.06;-1.82;90.00;0.00;0.50;0.022
40021.035;219;1.01;-1.78;88.97;1.06;-1.56;90.00;-0.00;0.50;909;2;1;0;-0.08;0.30;0.30;-0.00;-0.00;0.00;-0.01;-0.00;1.06;-1.78;90.00;0.00;0.50;0.021
40021.115;227;1.01;-1.75;88.96;1.06;-1.56;90.00;-0.00;0.50;909;2;1;0;-0.07;0.30;0.30;-0.00;-0.00;0.00;-0.01;-0.00;1.06;-1.76;90.00;0.00;0.50;0.012
40021.205;236;1.01;-1.72;88.95;1.06;-1.56;90.00;-0.00;0.50;909;2;1;0;-0.07;0.30;0.30;-0.00;-0.00;0.00;-0.01;-0.00;1.06;-1.72;90.00;0.00;0.50;0.006
40021.305;246;1.01;-1.69;88.95;1.06;-1.56;90.00;-0.00;0.50;909;2;1;0;-0.07;0.30;0.30;-0.00;-0.00;0.00;-0.01;-0.00;1.06;-1.69;90.00;0.00;0.50;0.006
40021.415;256;1.01;-1.66;88.94;1.06;-1.56;90.00;-0.00;0.50;909;2;1;0;-0.07;0.30;0.30;-0.00;-0.00;0.00;-0.01;-0.00;1.06;-1.66;90.00;0.00;0.50;0.008
40021.525;264;1.01;-1.64;88.93;1.06;-1.56;90.00;-0.00;0.50;909;2;1;0;-0.07;0.30;0.30;-0.00;-0.00;0.00;-0.01;-0.00;1.06;-1.64;90.00;0.00;0.50;0.014
40021.615;274;1.01;-1.61;88.92;1.06;-1.56;90.00;-0.00;0.50;909;2;1;0;-0.07;0.30;0.30;-0.00;-0.00;0.00;-0.01;-0.00;1.06;-1.60;90.00;-0.00;0.50;0.012
40021.705;284;1.01;-1.58;88.92;1.06;-1.56;90.00;-0.00;0.50;909;2;1;0;-0.06;0.30;0.30;-0.00;-0.00;0.00;-0.01;-0.00;1.06;-1.58;90.00;-0.00;0.50;0.005
40021.805;295;1.01;-1.55;88.91;1.06;-1.56;90.00;-0.00;0.50;909;2;1;0;-0.06;0.30;0.30;-0.00;-0.00;0.00;-0.01;-0.00;1.06;-1.54;90.00;-0.00;0.50;0.006
40021.905;303;1.01;-1.52;88.91;1.06;-1.56;90.00;-0.00;0.50;909;2;1;0;-0.06;0.30;0.30;-0.00;-0.00;0.00;-0.01;-0.00;1.06;-1.52;90.00;-0.00;0.50;0.006
40022.005;317;1.02;-1.48;88.90;1.06;-1.27;90.00;-0.00;0.50;909;3;1;0;-0.06;0.30;0.30;-0.00;-0.00;0.00;-0.01;-0.00;1.06;-1.48;90.00;-0.00;0.50;0.006
40022.105;327;1.02;-1.45;88.90;1.06;-1.27;90.00;-0.00;0.50;909;3;1;0;-0.06;0.30;0.30;-0.00;-0.00;0.00;-0.01;-0.00;1.06;-1.45;90.00;-0.00;0.50;0.003
40022.215;337;1.02;-1.42;88.90;1.06;-1.27;90.00;-0.00;0.50;909;3;1;0;-0.06;0.30;0.30;-0.00;-0.00;0.00;-0.01;-0.00;1.06;-1.42;90.00;-0.00;0.50;0.005
40022.305;346;1.02;-1.39;88.90;1.06;-1.27;90.00;-0.00;0.50;909;3;1;0;-0.06;0.30;0.30;-0.00;-0.00;0.00;-0.01;-0.00;1.06;-1.39;90.00;-0.00;0.50;0.003
40022.405;356;1.02;-1.36;88.90;1.06;-1.27;90.00;-0.00;0.50;909;3;1;0;-0.05;0.30;0.30;-0.00;-0.00;0.00;-0.01;-0.00;1.06;-1.36;90.00;-0.00;0.50;0.003
40022.505;367;1.02;-1.33;88.90;1.06;-1.27;90.00;-0.00;0.50;909;3;1;0;-0.05;0.30;0.30;-0.00;-0.00;0.00;-0.01;-0.00;1.06;-1.33;90.00;-0.00;0.50;0.004
40022.605;375;1.02;-1.31;88.91;1.06;-1.27;90.00;-0.00;0.50;909;3;1;0;-0.05;0.30;0.31;0.00;0.00;0.00;-0.02;-0.01;1.06;-1.30;90.00;-0.00;0.50;0.003
40022.705;386;1.02;-1.27;88.85;1.06;-1.27;90.00;-0.00;0.50;909;3;1;0;-0.05;0.30;0.30;0.01;0.00;-0.07;0.02;-0.02;1.06;-1.27;90.00;-0.00;0.50;0.003
40022.815;394;1.02;-1.25;88.79;1.06;-1.27;90.00;-0.00;0.50;909;3;1;0;-0.05;0.30;0.31;0.03;-0.06;0.04;0.29;0.01;1.06;-1.24;90.00;-0.00;0.50;0.007
40022.925;408;1.02;-1.20;88.60;1.06;-0.96;90.00;0.00;-0.50;917;0;1;2;-0.04;0.30;0.30;0.01;-0.00;0.04;-0.04;-0.03;1.06;-1.22;90.00;-0.00;0.50;0.023
40023.065;423;1.02;-1.16;88.30;1.06;-1.36;90.00;0.00;-0.50;911;0;1;2;-0.18;0.26;0.27;0.00;0.00;-0.01;-0.00;-0.14;1.06;-1.19;90.00;-0.00;-0.50;0.028
40023.135;427;1.02;-1.15;87.97;1.06;-1.36;90.00;0.00;-0.50;911;0;1;2;-0.20;0.20;0.26;0.00;0.00;0.00;0.00;-0.14;1.06;-1.36;90.00;0.00;-0.50;0.029
40023.235;438;1.02;-1.12;87.30;1.06;-1.36;90.00;0.00;-0.50;911;0;1;2;-0.23;0.14;0.20;-0.00;-0.00;0.01;-0.00;-0.08;1.06;-1.36;90.00;0.00;-0.50;0.032
40023.335;446;1.02;-1.11;87.05;1.06;-1.36;90.00;0.00;-0.50;911;0;1;2;-0.24;0.08;0.14;-0.00;-0.00;0.01;-0.00;-0.03;1.06;-1.36;90.00;0.00;-0.50;0.024
40023.435;457;1.02;-1.10;87.01;1.06;-1.36;90.00;0.00;-0.50;911;0;1;2;-0.25;0.02;0.08;-0.00;-0.00;0.01;-0.00;0.02;1.06;-1.36;90.00;0.00;-0.50;0.028
40023.525;465;1.02;-1.09;87.19;1.06;-1.36;90.00;0.00;-0.50;911;0;1;2;-0.24;-0.03;0.03;-0.00;-0.00;0.00;-0.00;0.07;1.06;-1.36;90.00;0.00;-0.50;0.017
40023.615;474;1.02;-1.09;87.59;1.06;-1.36;90.00;0.00;-0.50;911;0;1;2;-0.22;-0.09;-0.03;0.00;-0.00;0.00;-0.00;0.10;1.06;-1.36;90.00;0.00;-0.50;0.014
40023.725;488;1.02;-1.10;88.47;1.06;-1.36;90.00;0.00;-0.50;911;0;1;2;-0.17;-0.13;-0.09;0.00;-0.00;0.03;-0.02;0.11;1.06;-1.36;90.00;0.00;-0.50;0.025
40023.825;499;1.02;-1.12;89.07;1.06;-1.36;90.00;0.00;-0.50;911;0;1;2;-0.14;-0.18;-0.13;0.00;0.00;0.04;0.03;0.07;1.06;-1.36;90.00;0.00;-0.50;0.023
40023.925;507;1.02;-1.13;89.40;1.06;-1.36;90.00;0.00;-0.50;911;0;1;2;-0.13;-0.22;-0.18;-0.00;0.00;-0.00;-0.00;0.07;1.06;-1.36;90.00;0.00;-0.50;0.019
40024.035;518;1.02;-1.15;89.82;1.06;-1.36;90.00;0.00;-0.50;911;0;1;2;-0.11;-0.26;-0.22;0.00;0.00;0.00;-0.00;0.06;1.06;-1.36;90.00;0.00;-0.50;0.029
40024.175;531;1.02;-1.18;90.18;1.04;-1.50;103.50;0.54;0.50;910;1;1;5;-0.10;-0.29;-0.26;0.00;0.00;0.01;-0.00;0.04;1.06;-1.36;90.00;0.00;-0.50;0.038
40024.215;536;1.02;-1.20;90.29;0.75;-1.09;145.14;0.53;0.50;910;2;1;5;0.79;-0.23;-0.29;-0.00;-0.00;0.01;-0.00;0.04;0.93;-1.27;125.08;0.54;0.50;0.010
40024.305;546;1.02;-1.22;87.90;0.75;-1.09;145.14;0.53;0.50;910;2;1;5;0.79;-0.16;-0.24;-0.01;0.01;0.00;0.01;-0.91;0.94;-1.28;123.82;0.54;0.50;0.006
40024.415;554;1.02;-1.24;84.79;0.75;-1.09;145.14;0.53;0.50;910;2;1;5;0.79;-0.09;-0.17;-0.00;-0.01;-0.03;0.02;-0.50;0.95;-1.29;122.56;0.54;0.50;0.007
40024.505;564;1.02;-1.25;82.92;0.75;-1.09;145.14;0.53;0.50;910;2;1;5;0.79;-0.03;-0.11;0.00;-0.01;0.07;-0.07;-0.09;0.95;-1.29;122.56;0.54;0.50;0.006
40024.615;574;1.02;-1.26;83.22;0.75;-1.09;145.14;0.53;0.50;910;2;1;5;0.79;0.03;-0.03;0.00;-0.01;-0.06;0.05;0.16;0.95;-1.30;121.29;0.54;0.50;0.007
40024.705;583;1.02;-1.26;84.38;0.75;-1.09;145.14;0.53;0.50;910;2;1;5;0.79;0.09;0.02;-0.01;-0.01;0.03;-0.02;0.34;0.95;-1.30;121.29;0.54;0.50;0.007
40024.815;594;1.02;-1.26;87.06;0.75;-1.09;145.14;0.53;0.50;910;2;1;5;0.79;0.14;0.08;-0.00;0.01;-0.07;-0.03;0.46;0.95;-1.30;121.29;0.54;0.50;0.008
40024.905;607;1.02;-1.24;90.04;0.75;-1.09;145.14;0.53;0.50;910;2;1;5;0.79;0.19;0.14;-0.00;-0.01;-0.09;-0.07;0.42;0.95;-1.29;122.56;0.54;0.50;0.007
40025.015;617;1.02;-1.22;92.91;0.75;-1.09;145.14;0.53;0.50;910;2;1;5;0.79;0.24;0.19;-0.01;-0.01;-0.04;-0.03;0.47;0.94;-1.28;123.82;0.54;0.50;0.008
40025.115;626;1.02;-1.20;95.88;0.75;-1.09;145.14;0.53;0.50;910;2;1;5;0.79;0.28;0.21;0.01;-0.09;-0.05;0.50;0.78;0.93;-1.27;125.08;0.54;0.50;0.008
40025.205;636;1.02;-1.18;100.11;0.75;-1.09;145.14;0.53;0.50;910;2;1;5;0.79;0.30;0.28;0.00;-0.00;-0.12;-0.11;0.70;0.92;-1.25;126.34;0.54;0.50;0.005
40025.325;645;1.01;-1.15;103.70;0.75;-1.09;145.14;0.53;0.50;910;2;1;5;0.79;0.30;0.28;-0.02;-0.01;0.06;0.07;0.79;0.91;-1.24;127.60;0.54;0.50;0.015
40025.415;655;1.00;-1.12;107.38;0.75;-1.09;145.14;0.53;0.50;910;2;1;5;0.79;0.30;0.31;-0.00;0.00;-0.07;-0.11;0.45;0.89;-1.22;130.12;0.54;0.50;0.012
40025.515;664;1.00;-1.10;110.77;0.27;-0.95;179.43;0.38;0.50;910;3;1;5;0.79;0.30;0.29;-0.05;-0.01;0.11;0.18;0.75;0.88;-1.20;131.38;0.54;0.50;0.006
40025.605;674;0.99;-1.07;115.32;0.27;-0.95;179.43;0.38;0.50;910;3;1;5;0.79;0.30;0.29;-0.06;-0.01;0.04;0.08;0.90;0.86;-1.18;133.89;0.54;0.50;0.007
40025.715;687;0.97;-1.03;120.25;0.27;-0.95;179.43;0.38;0.50;910;3;1;5;0.79;0.30;0.31;-0.05;-0.01;0.05;0.06;0.64;0.85;-1.17;135.14;0.54;0.50;0.012
40025.815;697;0.96;-1.00;123.40;0.27;-0.95;179.43;0.38;0.50;910;3;1;5;0.79;0.30;0.33;-0.05;-0.01;-0.04;-0.13;0.48;0.84;-1.16;136.39;0.53;0.50;0.012
40025.915;706;0.95;-0.97;126.61;0.27;-0.95;179.43;0.38;0.50;910;3;1;5;0.79;0.30;0.33;-0.07;-0.01;0.02;0.03;0.53;0.82;-1.14;138.90;0.53;0.50;0.014
40026.015;716;0.93;-0.94;129.89;0.27;-0.95;179.43;0.38;0.50;910;3;1;5;0.79;0.30;0.33;-0.10;-0.01;0.04;0.08;0.74;0.79;-1.12;141.40;0.53;0.50;0.012
40026.115;725;0.92;-0.91;133.10;0.27;-0.95;179.43;0.38;0.50;910;3;1;5;0.79;0.30;0.34;-0.09;-0.01;-0.01;-0.04;0.56;0.78;-1.11;142.65;0.53;0.50;0.012
40026.205;735;0.90;-0.88;136.78;0.27;-0.95;179.43;0.38;0.50;910;3;1;5;0.79;0.30;0.33;-0.09;-0.01;0.01;-0.00;0.66;0.75;-1.09;145.14;0.53;0.50;0.006
40026.315;744;0.89;-0.86;140.44;0.27;-0.95;179.43;0.38;0.50;910;3;1;5;0.79;0.30;0.31;-0.10;-0.01;-0.00;0.02;0.73;0.74;-1.08;146.38;0.53;0.50;0.007
40026.425;758;0.86;-0.82;145.91;0.27;-0.95;179.43;0.38;0.50;910;3;1;5;0.79;0.30;0.33;-0.10;-0.01;0.02;-0.03;0.64;0.72;-1.07;148.82;0.52;0.50;0.019
40026.515;768;0.84;-0.79;149.95;0.27;-0.95;179.43;0.38;0.50;910;3;1;5;0.79;0.30;0.33;-0.10;-0.01;0.02;-0.01;0.64;0.70;-1.06;150.02;0.51;0.50;0.012
40026.615;777;0.82;-0.78;153.86;0.27;-0.95;179.43;0.38;0.50;910;3;1;5;0.79;0.30;0.32;-0.03;-0.01;0.05;-0.26;0.79;0.68;-1.04;152.38;0.50;0.50;0.013
40026.705;786;0.79;-0.76;158.39;0.27;-0.95;179.43;0.38;0.50;910;3;1;5;0.77;0.30;0.31;-0.01;-0.01;0.03;-0.08;0.83;0.66;-1.04;153.55;0.50;0.50;0.006
40026.815;797;0.76;-0.75;163.45;0.27;-0.95;179.43;0.38;0.50;910;3;1;5;0.64;0.30;0.29;-0.00;-0.01;-0.07;0.19;0.77;0.63;-1.02;155.83;0.49;0.50;0.010
40026.915;805;0.74;-0.74;166.92;0.27;-0.95;179.43;0.38;0.50;910;3;1;5;0.54;0.30;0.31;-0.03;-0.02;-0.07;0.14;0.71;0.62;-1.02;156.95;0.49;0.50;0.011
40027.015;814;0.71;-0.74;169.40;0.27;-0.95;179.43;0.38;0.50;910;3;1;5;0.49;0.30;0.30;-0.01;-0.01;0.06;-0.12;0.31;0.61;-1.01;158.07;0.48;0.50;0.012
40027.115;825;0.68;-0.73;171.80;0.27;-0.95;179.43;0.38;0.50;910;3;1;5;0.46;0.30;0.29;-0.00;-0.01;-0.01;0.02;0.29;0.58;-1.00;160.25;0.47;0.50;0.007
40027.225;838;0.64;-0.73;173.84;0.27;-0.95;179.43;0.38;0.50;910;3;1;5;0.44;0.30;0.29;-0.02;-0.01;-0.07;0.13;0.37;0.56;-1.00;161.32;0.47;0.50;0.016
40027.315;848;0.61;-0.72;175.37;0.27;-0.95;179.43;0.38;0.50;910;3;1;5;0.42;0.30;0.30;0.00;-0.01;0.07;-0.11;0.21;0.55;-0.99;162.38;0.46;0.50;0.015
40027.405;857;0.58;-0.72;176.72;0.27;-0.95;179.43;0.38;0.50;910;3;1;5;0.43;0.30;0.30;-0.04;-0.01;0.02;-0.03;0.22;0.52;-0.98;164.47;0.45;0.50;0.006
40027.515;866;0.56;-0.71;178.05;0.27;-0.95;179.43;0.38;0.50;910;3;1;5;0.44;0.30;0.30;-0.05;-0.01;-0.07;0.10;0.31;0.49;-0.97;166.51;0.44;0.50;0.008
40027.615;877;0.52;-0.71;179.41;0.27;-0.95;179.43;0.38;0.50;910;3;1;5;0.44;0.30;0.30;-0.00;-0.01;0.09;-0.13;0.19;0.47;-0.97;167.51;0.44;0.50;0.011
40027.725;885;0.50;-0.71;180.78;0.27;-0.95;179.43;0.38;0.50;910;3;1;5;0.44;0.30;0.30;-0.03;-0.01;0.01;-0.02;0.23;0.44;-0.96;169.47;0.43;0.50;0.012
40027.815;896;0.47;-0.71;182.42;0.27;-0.95;179.43;0.38;0.50;910;3;1;5;0.42;0.30;0.30;-0.04;-0.01;-0.06;0.07;0.29;0.43;-0.96;170.43;0.43;0.50;0.008
40027.905;904;0.44;-0.70;183.38;0.27;-0.95;179.43;0.38;0.50;910;3;1;5;0.42;0.30;0.30;-0.01;-0.01;0.08;-0.10;0.17;0.41;-0.96;171.39;0.42;0.50;0.010
40028.015;918;0.40;-0.70;185.14;0.27;-0.95;179.43;0.38;0.50;910;3;1;5;0.42;0.30;0.30;-0.02;-0.01;0.09;-0.10;0.16;0.38;-0.95;173.25;0.41;0.50;0.012
40028.145;927;0.37;-0.70;186.41;0.26;-0.96;180.00;0.00;0.50;947;0;1;1;0.41;0.30;0.30;-0.04;-0.01;0.01;-0.02;0.19;0.36;-0.95;174.17;0.41;0.50;0.023
40028.215;936;0.34;-0.70;187.44;0.26;-0.96;180.00;0.00;0.50;947;0;1;1;0.25;0.30;0.31;-0.04;-0.01;-0.12;0.13;0.30;0.26;-0.96;180.00;0.00;0.50;0.014
40028.315;946;0.31;-0.71;187.83;0.26;-0.96;180.00;0.00;0.50;947;0;1;1;0.23;0.30;0.30;-0.01;-0.01;-0.03;0.03;0.02;0.26;-0.96;180.00;0.00;0.50;0.014
40028.415;955;0.29;-0.71;187.85;0.26;-0.96;180.00;0.00;0.50;947;0;1;1;0.22;0.30;0.28;-0.00;-0.01;-0.03;0.02;-0.03;0.26;-0.96;180.00;0.00;0.50;0.014
40028.525;966;0.26;-0.71;187.66;0.26;-0.96;180.00;0.00;0.50;947;0;1;1;0.22;0.30;0.28;-0.01;-0.01;-0.04;0.04;0.02;0.26;-0.96;180.00;-0.00;0.50;0.015
40028.625;974;0.23;-0.72;187.59;0.26;-0.96;180.00;0.00;0.50;947;0;1;1;0.21;0.30;0.28;-0.01;-0.01;-0.03;0.01;0.01;0.23;-0.96;180.00;-0.00;0.50;0.014
40028.725;985;0.20;-0.72;187.52;0.26;-0.96;180.00;0.00;0.50;947;0;1;1;0.21;0.30;0.28;-0.00;-0.01;-0.03;0.01;0.01;0.20;-0.96;180.00;-0.00;0.50;0.015
40028.825;997;0.17;-0.72;187.44;0.26;-0.96;180.00;0.00;0.50;947;0;1;1;0.20;0.30;0.28;-0.00;-0.01;-0.04;0.04;0.04;0.18;-0.96;180.00;-0.00;0.50;0.016
40028.925;1008;0.14;-0.73;187.32;0.26;-0.96;180.00;0.00;0.50;947;0;1;1;0.20;0.30;0.30;0.00;-0.01;0.06;-0.07;-0.06;0.14;-0.96;180.00;-0.00;0.50;0.018
40029.025;1016;0.11;-0.73;187.39;0.26;-0.96;180.00;0.00;0.50;947;0;1;1;0.19;0.30;0.28;-0.01;-0.01;-0.03;0.03;0.02;0.12;-0.96;180.00;-0.00;0.50;0.026
40029.115;1027;0.08;-0.73;187.32;0.26;-0.96;180.00;0.00;0.50;947;0;1;1;0.19;0.30;0.28;-0.00;-0.01;-0.02;0.01;0.01;0.08;-0.96;180.00;-0.00;0.50;0.014
40029.225;1035;0.06;-0.74;187.26;0.26;-0.96;180.00;0.00;0.50;947;0;1;1;0.18;0.30;0.28;-0.00;-0.01;-0.02;0.01;0.00;0.06;-0.96;180.00;-0.00;0.50;0.015
40029.325;1046;0.03;-0.74;187.18;0.26;-0.96;180.00;0.00;0.50;947;0;1;1;0.18;0.30;0.28;-0.00;-0.01;-0.02;0.01;0.00;0.03;-0.96;180.00;-0.00;0.50;0.022
40029.415;1054;0.01;-0.74;187.07;0.26;-0.96;180.00;0.00;0.50;947;0;1;1;0.18;0.30;0.29;0.00;-0.01;-0.03;0.03;0.02;0.01;-0.96;180.00;-0.00;0.50;0.015
40029.515;1064;-0.02;-0.75;187.12;0.26;-0.96;180.00;0.00;0.50;947;0;1;1;0.17;0.30;0.28;-0.01;-0.01;-0.03;0.02;0.01;-0.02;-0.96;180.00;0.00;0.50;0.014
40029.615;1078;-0.06;-0.75;187.03;0.26;-0.96;180.00;0.00;0.50;947;0;1;1;0.16;0.30;0.29;-0.00;-0.01;-0.02;0.01;-0.00;-0.05;-0.96;180.00;0.00;0.50;0.016
40029.735;1087;-0.09;-0.75;186.96;-0.39;-0.93;166.50;-0.54;0.50;803;1;1;6;0.16;0.30;0.29;-0.00;-0.01;-0.02;0.02;-0.00;-0.08;-0.96;180.00;0.00;0.50;0.016
40029.815;1098;-0.12;-0.76;186.88;-0.39;-0.93;166.50;-0.54;0.50;803;1;1;6;-0.02;0.30;0.29;-0.00;-0.01;-0.02;0.02;-0.00;-0.14;-0.96;180.00;-0.07;0.06;0.012
40029.915;1106;-0.14;-0.76;186.13;-0.39;-0.93;166.50;-0.54;0.50;803;1;1;6;-0.05;0.29;0.29;0.01;-0.00;-0.01;0.01;-0.21;-0.14;-0.96;180.00;-0.07;0.06;0.011
40030.015;1117;-0.17;-0.76;185.01;-0.39;-0.93;166.50;-0.54;0.50;803;1;1;6;-0.14;0.28;0.28;0.00;-0.00;-0.02;0.03;-0.15;-0.16;-0.96;179.73;-0.16;0.15;0.012
40030.105;1125;-0.20;-0.76;184.24;-0.39;-0.93;166.50;-0.54;0.50;803;1;1;6;-0.22;0.29;0.29;0.00;0.00;0.00;-0.01;-0.17;-0.20;-0.96;178.66;-0.26;0.24;0.009
40030.225;1136;-0.23;-0.77;183.10;-0.39;-0.93;166.50;-0.54;0.50;803;1;1;6;-0.31;0.29;0.27;0.01;-0.00;0.01;0.01;-0.17;-0.24;-0.96;176.76;-0.35;0.32;0.021
40030.315;1145;-0.25;-0.77;182.18;-0.39;-0.93;166.50;-0.54;0.50;803;1;1;6;-0.39;0.30;0.28;0.01;-0.01;0.00;0.02;-0.22;-0.27;-0.95;175.04;-0.40;0.36;0.011
40030.415;1155;-0.28;-0.77;180.82;-0.39;-0.93;166.50;-0.54;0.50;803;1;1;6;-0.47;0.30;0.29;0.00;-0.01;0.03;0.06;-0.33;-0.31;-0.95;172.80;-0.44;0.41;0.019
40030.525;1168;-0.32;-0.77;178.67;-0.39;-0.93;166.50;-0.54;0.50;803;1;1;6;-0.52;0.30;0.29;0.01;-0.01;0.04;0.06;-0.38;-0.33;-0.95;170.99;-0.48;0.44;0.019
40030.625;1178;-0.35;-0.77;176.96;-0.39;-0.93;166.50;-0.54;0.50;803;1;1;6;-0.62;0.30;0.30;0.00;-0.01;-0.07;-0.09;-0.27;-0.38;-0.94;167.73;-0.53;0.48;0.013
40030.725;1187;-0.37;-0.77;174.31;-0.39;-0.93;166.50;-0.54;0.50;803;1;1;6;-0.63;0.30;0.29;0.01;-0.01;0.06;0.06;-0.52;-0.41;-0.93;165.22;-0.54;0.50;0.024
40030.825;1197;-0.40;-0.77;171.77;-0.80;-0.65;124.86;-0.53;0.50;803;2;1;6;-0.64;0.30;0.30;0.00;-0.00;-0.10;-0.12;-0.39;-0.44;-0.92;162.67;-0.54;0.50;0.023
40030.905;1206;-0.43;-0.76;169.20;-0.80;-0.65;124.86;-0.53;0.50;803;2;1;6;-0.79;0.30;0.30;0.05;-0.01;0.18;0.17;-0.60;-0.48;-0.91;158.85;-0.54;0.50;0.005
40031.025;1217;-0.46;-0.76;164.28;-0.80;-0.65;124.86;-0.53;0.50;803;2;1;6;-0.79;0.30;0.34;0.08;-0.06;0.13;0.45;-1.08;-0.52;-0.89;155.04;-0.54;0.50;0.015
40031.105;1225;-0.49;-0.75;160.10;-0.80;-0.65;124.86;-0.53;0.50;803;2;1;6;-0.72;0.30;0.30;0.01;-0.01;-0.13;-0.09;-0.78;-0.55;-0.87;152.50;-0.54;0.50;0.005
40031.215;1236;-0.52;-0.74;155.99;-0.80;-0.65;124.86;-0.53;0.50;803;2;1;6;-0.67;0.30;0.29;0.01;-0.01;0.09;0.04;-0.54;-0.59;-0.85;148.71;-0.54;0.50;0.012
40031.315;1245;-0.55;-0.73;154.07;-0.80;-0.65;124.86;-0.53;0.50;803;2;1;6;-0.70;0.30;0.32;0.02;-0.01;-0.11;-0.06;-0.24;-0.62;-0.83;146.18;-0.54;0.50;0.007
40031.415;1255;-0.58;-0.72;152.10;-0.80;-0.65;124.86;-0.53;0.50;803;2;1;6;-0.73;0.30;0.30;0.06;-0.01;0.07;0.04;-0.52;-0.64;-0.82;143.66;-0.54;0.50;0.012
40031.515;1268;-0.61;-0.71;148.96;-0.80;-0.65;124.86;-0.53;0.50;803;2;1;6;-0.74;0.30;0.32;0.06;-0.01;0.06;0.05;-0.49;-0.67;-0.80;141.14;-0.54;0.50;0.012
40031.605;1274;-0.63;-0.70;147.51;-0.80;-0.65;124.86;-0.53;0.50;803;2;1;6;-0.79;0.30;0.34;0.06;-0.01;0.04;0.03;-0.36;-0.70;-0.77;137.37;-0.54;0.50;0.010
40031.715;1287;-0.67;-0.68;143.80;-0.80;-0.65;124.86;-0.53;0.50;803;2;1;6;-0.77;0.30;0.33;0.09;-0.01;0.07;0.02;-0.58;-0.71;-0.76;136.11;-0.54;0.50;0.010
40031.815;1297;-0.71;-0.67;141.14;-0.95;-0.17;90.57;-0.38;0.50;803;3;1;6;-0.79;0.30;0.35;0.08;-0.01;-0.15;-0.02;-0.45;-0.75;-0.72;132.35;-0.53;0.50;0.008
40031.915;1306;-0.73;-0.66;137.78;-0.95;-0.17;90.57;-0.38;0.50;803;3;1;6;-0.79;0.30;0.33;0.07;-0.01;0.09;0.04;-0.57;-0.78;-0.69;128.60;-0.53;0.50;0.007
40032.015;1316;-0.76;-0.64;134.71;-0.95;-0.17;90.57;-0.38;0.50;803;3;1;6;-0.79;0.30;0.34;0.07;-0.01;-0.18;-0.02;-0.54;-0.80;-0.66;126.11;-0.53;0.50;0.007
40032.115;1325;-0.79;-0.62;131.40;-0.95;-0.17;90.57;-0.38;0.50;803;3;1;6;-0.79;0.30;0.32;0.09;-0.01;0.07;0.01;-0.70;-0.81;-0.64;123.62;-0.53;0.50;0.011
40032.215;1335;-0.81;-0.60;127.94;-0.95;-0.17;90.57;-0.38;0.50;803;3;1;6;-0.79;0.30;0.33;0.08;-0.01;-0.07;0.01;-0.53;-0.83;-0.61;121.18;-0.52;0.50;0.013
40032.305;1344;-0.84;-0.58;124.57;-0.95;-0.17;90.57;-0.38;0.50;803;3;1;6;-0.75;0.30;0.33;0.09;-0.01;-0.01;0.02;-0.55;-0.85;-0.58;118.79;-0.51;0.50;0.005
40032.415;1354;-0.86;-0.56;120.84;-0.95;-0.17;90.57;-0.38;0.50;803;3;1;6;-0.69;0.30;0.33;0.01;-0.01;-0.28;0.04;-0.66;-0.86;-0.56;116.45;-0.50;0.50;0.012
40032.505;1367;-0.88;-0.53;115.80;-0.95;-0.17;90.57;-0.38;0.50;803;3;1;6;-0.58;0.30;0.31;0.04;-0.04;0.27;0.09;-0.69;-0.87;-0.53;114.17;-0.49;0.50;0.008
40032.615;1377;-0.89;-0.50;113.32;-0.95;-0.17;90.57;-0.38;0.50;803;3;1;6;-0.56;0.30;0.31;-0.01;-0.01;-0.20;0.05;-0.31;-0.88;-0.50;111.93;-0.48;0.50;0.015
40032.715;1386;-0.90;-0.47;111.33;-0.95;-0.17;90.57;-0.38;0.50;803;3;1;6;-0.56;0.30;0.29;0.01;-0.01;0.09;-0.02;-0.36;-0.90;-0.47;109.75;-0.47;0.50;0.011
40032.815;1397;-0.91;-0.44;109.56;-0.95;-0.17;90.57;-0.38;0.50;803;3;1;6;-0.57;0.30;0.30;-0.00;-0.01;-0.16;0.05;-0.23;-0.91;-0.44;107.62;-0.46;0.50;0.011
40032.925;1405;-0.92;-0.42;107.87;-0.94;-0.16;90.00;-0.00;0.50;756;0;1;0;-0.57;0.30;0.29;0.02;-0.01;0.12;-0.04;-0.39;-0.91;-0.41;105.53;-0.45;0.50;0.016
40033.015;1414;-0.93;-0.40;106.20;-0.94;-0.16;90.00;-0.00;0.50;756;0;1;0;-0.78;0.30;0.30;0.00;-0.01;-0.06;0.02;-0.28;-0.94;-0.16;90.00;-0.00;0.50;0.013
40033.135;1429;-0.95;-0.35;101.00;-0.94;-0.16;90.00;-0.00;0.50;756;0;1;0;-0.56;0.30;0.31;0.03;-0.06;-0.18;0.17;-0.94;-0.94;-0.16;90.00;-0.00;0.50;0.030
40033.225;1437;-0.95;-0.33;97.74;-0.94;-0.16;90.00;-0.00;0.50;756;0;1;0;-0.42;0.30;0.30;0.05;-0.01;0.05;-0.03;-0.48;-0.94;-0.16;90.00;-0.00;0.50;0.017
40033.335;1447;-0.96;-0.30;96.39;-0.94;-0.16;90.00;-0.00;0.50;756;0;1;0;-0.36;0.30;0.30;0.00;-0.01;-0.12;0.07;-0.10;-0.94;-0.16;90.00;-0.00;0.50;0.033
40033.415;1457;-0.97;-0.27;95.41;-0.94;-0.16;90.00;-0.00;0.50;756;0;1;0;-0.33;0.30;0.30;0.03;-0.01;-0.05;0.03;-0.08;-0.94;-0.16;90.00;-0.00;0.50;0.013
40033.525;1465;-0.97;-0.25;95.00;-0.94;-0.16;90.00;-0.00;0.50;756;0;1;0;-0.32;0.30;0.28;0.01;-0.01;0.06;-0.03;-0.14;-0.94;-0.16;90.00;-0.00;0.50;0.028
40033.625;1476;-0.97;-0.21;94.70;-0.94;-0.16;90.00;-0.00;0.50;756;0;1;0;-0.31;0.30;0.31;0.03;-0.04;0.30;0.01;-0.17;-0.94;-0.16;90.00;-0.00;0.50;0.017
40033.725;1489;-0.98;-0.18;94.12;-0.94;-0.16;90.00;-0.00;0.50;756;0;1;0;-0.30;0.30;0.29;0.02;-0.01;0.06;-0.03;-0.17;-0.94;-0.16;90.00;-0.00;0.50;0.028
40033.835;1499;-0.98;-0.15;93.82;-0.94;-0.16;90.00;-0.00;0.50;756;0;1;0;-0.29;0.30;0.30;-0.00;-0.01;-0.07;0.05;-0.01;-0.94;-0.16;90.00;-0.00;0.50;0.026
40033.935;1509;-0.98;-0.12;93.51;-0.94;-0.16;90.00;-0.00;0.50;756;0;1;0;-0.28;0.30;0.29;0.00;-0.01;0.00;-0.01;-0.00;-0.94;-0.13;90.00;0.00;0.50;0.032
40034.015;1515;-0.98;-0.10;93.47;-0.94;-0.16;90.00;-0.00;0.50;756;0;1;0;-0.28;0.30;0.29;0.00;-0.01;0.05;-0.03;-0.09;-0.94;-0.10;90.00;0.00;0.50;0.013
40034.125;1527;-0.99;-0.07;93.32;-0.94;0.14;90.00;0.00;0.50;756;1;1;0;-0.28;0.30;0.29;-0.00;-0.01;0.04;-0.03;-0.08;-0.94;-0.07;90.00;0.00;0.50;0.025
40034.215;1537;-0.99;-0.04;93.16;-0.94;0.14;90.00;0.00;0.50;756;1;1;0;-0.28;0.30;0.30;0.00;-0.01;-0.04;0.02;0.02;-0.94;-0.04;90.00;0.00;0.50;0.011
40034.325;1547;-0.99;-0.01;92.98;-0.94;0.14;90.00;0.00;0.50;756;1;1;0;-0.27;0.30;0.29;0.00;-0.01;0.01;-0.02;-0.01;-0.94;-0.03;90.00;0.00;0.50;0.021
40034.415;1556;-0.99;0.02;92.86;-0.94;0.14;90.00;0.00;0.50;756;1;1;0;-0.27;0.30;0.28;0.01;-0.01;0.05;-0.03;-0.09;-0.94;0.02;90.00;0.00;0.50;0.010
40034.515;1566;-0.99;0.05;92.85;-0.94;0.14;90.00;0.00;0.50;756;1;1;0;-0.28;0.30;0.30;-0.00;-0.01;0.06;-0.04;-0.05;-0.94;0.05;90.00;0.00;0.50;0.010
40034.615;1575;-1.00;0.07;92.69;-0.94;0.14;90.00;0.00;0.50;756;1;1;0;-0.27;0.30;0.30;0.00;-0.01;-0.02;0.01;0.01;-0.94;0.07;90.00;0.00;0.50;0.009
40034.725;1589;-1.00;0.11;92.51;-0.94;0.14;90.00;0.00;0.50;756;1;1;0;-0.27;0.30;0.30;0.00;-0.01;-0.04;0.02;0.02;-0.94;0.11;90.00;0.00;0.50;0.020
40034.815;1598;-1.00;0.14;92.34;-0.94;0.14;90.00;0.00;0.50;756;1;1;0;-0.26;0.30;0.29;0.01;-0.01;0.03;-0.03;-0.02;-0.94;0.13;90.00;0.00;0.50;0.013
40034.925;1608;-1.00;0.17;92.29;-0.94;0.14;90.00;0.00;0.50;756;1;1;0;-0.27;0.30;0.28;0.01;-0.01;0.05;-0.03;-0.09;-0.94;0.15;90.00;0.00;0.50;0.018
40035.025;1617;-1.00;0.20;92.28;-0.94;0.14;90.00;0.00;0.50;756;1;1;0;-0.27;0.30;0.30;0.00;-0.01;-0.09;0.06;0.02;-0.94;0.19;90.00;0.00;0.50;0.022
40035.115;1627;-1.00;0.22;92.06;-0.94;0.14;90.00;0.00;0.50;756;1;1;0;-0.26;0.30;0.30;0.00;-0.01;-0.02;0.01;0.01;-0.94;0.23;90.00;0.00;0.50;0.013
40035.215;1635;-1.01;0.25;91.91;-0.94;0.44;90.00;-0.00;0.50;756;2;1;0;-0.26;0.30;0.28;0.01;-0.01;0.05;-0.03;-0.07;-0.94;0.25;90.00;0.00;0.50;0.019
40035.315;1646;-1.01;0.28;91.85;-0.94;0.44;90.00;-0.00;0.50;756;2;1;0;-0.26;0.30;0.28;0.00;-0.01;0.05;-0.03;-0.08;-0.94;0.28;90.00;0.00;0.50;0.012
40035.415;1654;-1.01;0.30;91.80;-0.94;0.44;90.00;-0.00;0.50;756;2;1;0;-0.26;0.30;0.30;0.00;-0.01;-0.04;0.03;0.02;-0.94;0.30;90.00;0.00;0.50;0.012
40035.525;1665;-1.01;0.33;91.64;-0.94;0.44;90.00;-0.00;0.50;756;2;1;0;-0.25;0.30;0.29;0.00;-0.01;-0.00;-0.00;0.01;-0.94;0.34;90.00;0.00;0.50;0.014
40035.615;1673;-1.01;0.36;91.55;-0.94;0.44;90.00;-0.00;0.50;756;2;1;0;-0.25;0.30;0.28;0.01;-0.01;0.05;-0.03;-0.08;-0.94;0.36;90.00;0.00;0.50;0.006
40035.715;1684;-1.01;0.39;91.50;-0.94;0.44;90.00;-0.00;0.50;756;2;1;0;-0.25;0.30;0.29;0.00;-0.01;0.05;-0.03;-0.07;-0.94;0.40;90.00;-0.00;0.50;0.013
40035.805;1697;-1.01;0.43;91.39;-0.94;0.44;90.00;-0.00;0.50;756;2;1;0;-0.25;0.30;0.30;-0.00;-0.01;0.05;-0.04;-0.04;-0.94;0.42;90.00;-0.00;0.50;0.008
40035.915;1707;-1.01;0.46;91.27;-0.94;0.44;90.00;-0.00;0.50;756;2;1;0;-0.25;0.30;0.30;0.00;-0.01;-0.04;0.03;0.02;-0.94;0.46;90.00;-0.00;0.50;0.008
40036.015;1716;-1.02;0.48;91.11;-0.94;0.44;90.00;-0.00;0.50;756;2;1;0;-0.24;0.30;0.29;0.01;-0.01;0.03;-0.03;-0.02;-0.94;0.48;90.00;-0.00;0.50;0.007
40036.105;1726;-1.02;0.51;91.06;-0.94;0.44;90.00;-0.00;0.50;756;2;1;0;-0.24;0.30;0.28;0.01;-0.01;0.05;-0.03;-0.07;-0.94;0.52;90.00;-0.00;0.50;0.007
40036.205;1735;-1.02;0.54;91.06;-0.94;0.44;90.00;-0.00;0.50;756;2;1;0;-0.24;0.30;0.30;0.00;-0.01;-0.07;0.04;0.03;-0.94;0.54;90.00;-0.00;0.50;0.005
40036.315;1745;-1.02;0.57;90.88;-0.94;0.73;90.00;-0.00;0.50;756;3;1;0;-0.24;0.30;0.29;0.00;-0.01;0.01;-0.02;-0.00;-0.94;0.56;90.00;-0.00;0.50;0.007
40036.405;1753;-1.02;0.59;90.84;-0.94;0.73;90.00;-0.00;0.50;756;3;1;0;-0.24;0.30;0.29;0.00;-0.01;0.05;-0.03;-0.07;-0.94;0.59;90.00;-0.00;0.50;0.003
40036.515;1768;-1.02;0.63;90.71;-0.94;0.73;90.00;-0.00;0.50;756;3;1;0;-0.23;0.30;0.28;0.01;-0.01;0.05;-0.03;-0.07;-0.94;0.62;90.00;-0.00;0.50;0.011
40036.615;1777;-1.02;0.66;90.70;-0.94;0.73;90.00;-0.00;0.50;756;3;1;0;-0.23;0.30;0.30;0.00;-0.01;-0.07;0.05;0.03;-0.94;0.66;90.00;-0.00;0.50;0.004
40036.705;1786;-1.02;0.69;90.53;-0.94;0.73;90.00;-0.00;0.50;756;3;1;0;-0.23;0.30;0.29;0.01;-0.01;0.02;-0.03;-0.02;-0.94;0.68;90.00;-0.00;0.50;0.003
40036.805;1797;-1.02;0.72;90.47;-0.94;0.73;90.00;-0.00;0.50;756;3;1;0;-0.23;0.30;0.28;0.01;-0.01;0.05;-0.03;-0.06;-0.94;0.72;90.00;-0.00;0.50;0.003
40036.905;1805;-1.02;0.74;90.48;-0.94;0.73;90.00;-0.00;0.50;756;3;1;0;-0.23;0.30;0.30;0.00;-0.01;-0.05;0.03;0.03;-0.94;0.74;90.00;-0.00;0.50;0.003
40037.035;1820;-1.02;0.79;90.39;-0.94;1.04;90.00;-0.00;0.50;757;0;1;0;-0.22;0.30;0.30;0.00;-0.01;-0.09;0.06;0.03;-0.94;0.77;90.00;-0.00;0.50;0.032
40037.115;1824;-1.02;0.80;90.28;-0.94;1.04;90.00;-0.00;0.50;757;0;1;0;-0.22;0.30;0.28;0.00;-0.01;0.05;-0.03;-0.07;-0.94;1.04;90.00;-0.00;0.50;0.013
40037.215;1835;-1.02;0.83;90.30;-0.94;1.04;90.00;-0.00;0.50;757;0;1;0;-0.22;0.30;0.30;0.00;-0.01;-0.09;0.07;0.03;-0.94;1.04;90.00;-0.00;0.50;0.014
40037.325;1847;-1.02;0.86;90.13;-0.94;1.04;90.00;-0.00;0.50;757;0;1;0;-0.22;0.30;0.30;0.00;-0.01;-0.03;0.02;0.02;-0.94;1.04;90.00;-0.00;0.50;0.024
40037.425;1858;-1.03;0.90;90.00;-0.94;1.04;90.00;-0.00;0.50;757;0;1;0;-0.21;0.30;0.28;0.01;-0.01;0.03;-0.03;-0.04;-0.94;1.04;90.00;-0.00;0.50;0.017
40037.515;1866;-1.03;0.92;90.03;-0.94;1.04;90.00;-0.00;0.50;757;0;1;0;-0.21;0.30;0.29;0.00;-0.01;0.04;-0.03;-0.05;-0.94;1.04;90.00;-0.00;0.50;0.015
40037.635;1877;-1.03;0.95;89.91;-0.94;1.04;90.00;-0.00;0.50;757;0;1;0;-0.21;0.30;0.28;0.00;-0.01;0.01;-0.02;-0.03;-0.94;1.04;90.00;-0.00;0.50;0.029
40037.725;1885;-1.03;0.97;89.84;-0.94;1.04;90.00;-0.00;0.50;757;0;1;0;-0.21;0.30;0.28;0.00;-0.01;0.02;-0.02;-0.03;-0.94;1.04;90.00;-0.00;0.50;0.015
40037.825;1899;-1.03;1.01;89.76;-0.94;1.04;90.00;-0.00;0.50;757;0;1;0;-0.20;0.30;0.28;0.00;-0.01;0.01;-0.02;-0.03;-0.94;1.04;90.00;-0.00;0.50;0.024
40037.935;1909;-1.03;1.04;89.69;-0.94;1.04;90.00;-0.00;0.50;757;0;1;0;-0.20;0.30;0.28;0.00;-0.01;0.01;-0.02;-0.03;-0.94;1.04;90.00;-0.00;0.50;0.027
40038.035;1917;-1.03;1.07;89.64;-0.94;1.04;90.00;-0.00;0.50;757;0;1;0;-0.20;0.30;0.28;0.00;-0.01;0.01;-0.02;-0.03;-0.94;1.05;90.00;0.00;0.50;0.029
40038.125;1927;-1.03;1.09;89.58;-0.94;1.04;90.00;-0.00;0.50;757;0;1;0;-0.19;0.30;0.28;0.00;-0.01;0.01;-0.02;-0.03;-0.94;1.09;90.00;0.00;0.50;0.022
40038.225;1937;-1.03;1.12;89.51;-0.94;1.04;90.00;-0.00;0.50;757;0;1;0;-0.19;0.30;0.29;0.00;-0.01;0.01;-0.02;-0.03;-0.94;1.13;90.00;0.00;0.50;0.016
40038.325;1946;-1.03;1.15;89.46;-0.94;1.04;90.00;-0.00;0.50;757;0;1;0;-0.19;0.30;0.29;0.00;-0.01;0.01;-0.02;-0.03;-0.94;1.15;90.00;0.00;0.50;0.019
40038.425;1956;-1.03;1.18;89.40;-0.94;1.34;90.00;0.00;0.50;757;1;1;0;-0.18;0.30;0.29;0.00;-0.01;0.01;-0.02;-0.03;-0.94;1.17;90.00;0.00;0.50;0.024
40038.515;1965;-1.03;1.20;89.35;-0.94;1.34;90.00;0.00;0.50;757;1;1;0;-0.18;0.30;0.29;0.00;-0.01;0.01;-0.02;-0.02;-0.94;1.20;90.00;0.00;0.50;0.011
40038.615;1975;-1.03;1.23;89.30;-0.94;1.34;90.00;0.00;0.50;757;1;1;0;-0.18;0.30;0.29;0.00;-0.01;0.01;-0.02;-0.02;-0.94;1.23;90.00;0.00;0.50;0.010
40038.725;1988;-1.03;1.27;89.34;-0.94;1.34;90.00;0.00;0.50;757;1;1;0;-0.18;0.30;0.28;0.01;-0.01;0.04;-0.03;-0.04;-0.94;1.26;90.00;0.00;0.50;0.020
40038.815;1998;-1.03;1.30;89.29;-0.94;1.34;90.00;0.00;0.50;757;1;1;0;-0.18;0.30;0.28;0.00;-0.01;0.02;-0.02;-0.02;-0.94;1.28;90.00;0.00;0.50;0.011
40038.915;2008;-1.03;1.33;89.25;-0.94;1.34;90.00;0.00;0.50;757;1;1;0;-0.18;0.30;0.29;0.00;-0.01;0.01;-0.02;-0.02;-0.94;1.32;90.00;0.00;0.50;0.014
40039.015;2017;-1.03;1.35;89.19;-0.94;1.34;90.00;0.00;0.50;757;1;1;0;-0.17;0.30;0.29;0.00;-0.01;0.01;-0.02;-0.02;-0.94;1.34;90.00;0.00;0.50;0.014
40039.115;2028;-1.03;1.39;89.13;-0.94;1.34;90.00;0.00;0.50;757;1;1;0;-0.17;0.30;0.29;0.00;-0.01;0.01;-0.02;-0.02;-0.94;1.38;90.00;0.00;0.50;0.017
40039.215;2036;-1.03;1.41;89.10;-0.94;1.34;90.00;0.00;0.50;757;1;1;0;-0.17;0.30;0.29;0.00;-0.01;0.01;-0.02;-0.02;-0.94;1.40;90.00;0.00;0.50;0.010
40039.305;2045;-1.03;1.43;89.06;-0.94;1.34;90.00;0.00;0.50;757;1;1;0;-0.17;0.30;0.29;0.00;-0.01;0.01;-0.02;-0.02;-0.94;1.44;90.00;0.00;0.50;0.010
40039.415;2056;-1.03;1.47;89.01;-0.94;1.64;90.00;-0.00;0.50;757;2;1;0;-0.16;0.30;0.29;0.00;-0.01;0.01;-0.02;-0.02;-0.94;1.46;90.00;0.00;0.50;0.010
40039.505;2065;-1.03;1.49;88.97;-0.94;1.64;90.00;-0.00;0.50;757;2;1;0;-0.16;0.30;0.29;0.00;-0.01;0.01;-0.02;-0.02;-0.94;1.49;90.00;0.00;0.50;0.005
40039.615;2075;-1.03;1.52;88.93;-0.94;1.64;90.00;-0.00;0.50;757;2;1;0;-0.16;0.30;0.29;0.00;-0.01;0.01;-0.02;-0.02;-0.94;1.52;90.00;0.00;0.50;0.006
40039.725;2088;-1.02;1.56;88.88;-0.94;1.64;90.00;-0.00;0.50;757;2;1;0;-0.15;0.30;0.29;0.00;-0.01;0.01;-0.02;-0.02;-0.94;1.55;90.00;0.00;0.50;0.015
40039.815;2098;-1.02;1.59;88.84;-0.94;1.64;90.00;-0.00;0.50;757;2;1;0;-0.15;0.30;0.29;0.00;-0.01;0.01;-0.02;-0.01;-0.94;1.57;90.00;-0.00;0.50;0.009
40039.915;2107;-1.02;1.61;88.81;-0.94;1.64;90.00;-0.00;0.50;757;2;1;0;-0.15;0.30;0.29;0.00;-0.01;0.01;-0.02;-0.01;-0.94;1.60;90.00;-0.00;0.50;0.014
40040.005;2117;-1.02;1.64;88.78;-0.94;1.64;90.00;-0.00;0.50;757;2;1;0;-0.15;0.30;0.29;0.00;-0.01;0.01;-0.02;-0.01;-0.94;1.64;90.00;-0.00;0.50;0.006
40040.115;2125;-1.02;1.66;88.76;-0.94;1.64;90.00;-0.00;0.50;757;2;1;0;-0.15;0.30;0.29;0.00;-0.01;0.01;-0.02;-0.01;-0.94;1.67;90.00;-0.00;0.50;0.008
40040.225;2136;-1.02;1.70;88.72;-0.94;1.64;90.00;-0.00;0.50;757;2;1;0;-0.14;0.30;0.29;0.00;-0.01;0.01;-0.02;-0.01;-0.94;1.69;90.00;-0.00;0.50;0.013
40040.305;2144;-1.02;1.72;88.69;-0.94;1.64;90.00;-0.00;0.50;757;2;1;0;-0.14;0.30;0.29;0.00;-0.01;0.01;-0.02;-0.01;-0.94;1.72;90.00;-0.00;0.50;0.005
40040.415;2155;-1.02;1.75;88.66;-0.94;1.64;90.00;-0.00;0.50;757;2;1;0;-0.14;0.30;0.29;0.00;-0.01;0.01;-0.02;-0.01;-0.94;1.75;90.00;-0.00;0.50;0.007
40040.515;2167;-1.02;1.79;88.62;-0.94;1.93;90.00;-0.00;0.50;757;3;1;0;-0.13;0.30;0.29;0.00;-0.01;0.02;-0.02;-0.01;-0.94;1.78;90.00;-0.00;0.50;0.016
40040.605;2176;-1.02;1.81;88.61;-0.94;1.93;90.00;-0.00;0.50;757;3;1;0;-0.13;0.30;0.29;0.00;-0.01;0.02;-0.02;-0.01;-0.94;1.81;90.00;-0.00;0.50;0.003
40040.715;2187;-1.02;1.84;88.58;-0.94;1.93;90.00;-0.00;0.50;757;3;1;0;-0.13;0.30;0.29;0.00;-0.01;0.01;-0.02;-0.01;-0.94;1.85;90.00;-0.00;0.50;0.004
40040.815;2195;-1.02;1.87;88.56;-0.94;1.93;90.00;-0.00;0.50;757;3;1;0;-0.13;0.30;0.29;0.00;-0.01;0.01;-0.02;-0.01;-0.94;1.87;90.00;-0.00;0.50;0.005
40040.915;2204;-1.02;1.89;88.54;-0.94;1.93;90.00;-0.00;0.50;757;3;1;0;-0.12;0.30;0.29;0.00;-0.01;0.01;-0.02;-0.01;-0.94;1.90;90.00;-0.00;0.50;0.008
40041.005;2214;-1.02;1.92;88.51;-0.94;1.93;90.00;-0.00;0.50;757;3;1;0;-0.12;0.30;0.29;0.00;-0.01;0.01;-0.02;-0.01;-0.94;1.92;90.00;-0.00;0.50;0.006
40041.115;2225;-1.02;1.95;88.48;-0.94;1.93;90.00;-0.00;0.50;757;3;1;0;-0.12;0.30;0.29;0.00;-0.01;0.01;-0.02;-0.01;-0.94;1.96;90.00;-0.00;0.50;0.003
40041.245;2240;-1.02;2.00;88.45;-0.94;2.24;90.00;0.00;0.50;754;0;1;1;-0.12;0.30;0.29;0.00;-0.01;0.01;-0.02;-0.00;-0.94;1.98;90.00;-0.00;0.50;0.035
40041.335;2249;-1.02;2.02;88.43;-0.94;2.24;90.00;0.00;0.50;754;0;1;1;-0.11;0.30;0.29;0.00;-0.01;0.01;-0.02;-0.01;-0.94;2.24;90.00;0.00;0.50;0.031
40041.435;2259;-1.02;2.05;88.42;-0.94;2.24;90.00;0.00;0.50;754;0;1;1;-0.11;0.30;0.29;0.00;-0.01;0.01;-0.02;-0.00;-0.94;2.24;90.00;0.00;0.50;0.031
40041.525;2267;-1.02;2.07;88.41;-0.94;2.24;90.00;0.00;0.50;754;0;1;1;-0.11;0.30;0.29;0.00;-0.01;0.01;-0.02;-0.00;-0.94;2.24;90.00;0.00;0.50;0.021
40041.625;2278;-1.01;2.10;88.39;-0.94;2.24;90.00;0.00;0.50;754;0;1;1;-0.11;0.30;0.29;0.00;-0.01;0.01;-0.02;-0.00;-0.94;2.24;90.00;0.00;0.50;0.016
40041.725;2286;-1.01;2.13;88.38;-0.94;2.24;90.00;0.00;0.50;754;0;1;1;-0.10;0.30;0.29;0.00;-0.00;0.01;-0.02;-0.00;-0.94;2.24;90.00;0.00;0.50;0.028
40041.835;2300;-1.01;2.17;88.35;-0.94;2.24;90.00;0.00;0.50;754;0;1;1;-0.10;0.30;0.29;0.00;-0.00;0.01;-0.02;-0.00;-0.94;2.24;90.00;0.00;0.50;0.028
40041.925;2306;-1.01;2.19;88.35;-0.94;2.24;90.00;0.00;0.50;754;0;1;1;-0.10;0.30;0.29;0.00;-0.00;0.01;-0.01;-0.00;-0.94;2.24;90.00;0.00;0.50;0.026
40042.035;2318;-1.01;2.22;88.33;-0.94;2.24;90.00;0.00;0.50;754;0;1;1;-0.10;0.30;0.29;0.00;-0.00;0.01;-0.01;-0.00;-0.94;2.24;90.00;0.00;0.50;0.031
40042.135;2329;-1.01;2.25;88.32;-0.94;2.24;90.00;0.00;0.50;754;0;1;1;-0.10;0.30;0.29;0.00;-0.00;0.01;-0.01;-0.00;-0.94;2.24;90.00;0.00;0.50;0.029
40042.245;2337;-1.01;2.27;88.32;-0.94;2.24;90.00;0.00;0.50;754;0;1;1;-0.09;0.30;0.29;0.00;-0.00;0.01;-0.01;-0.00;-0.94;2.26;90.00;-0.00;0.50;0.031
40042.335;2348;-1.01;2.31;88.31;-0.94;2.44;90.00;-0.00;0.50;754;1;1;1;-0.09;0.30;0.29;0.00;-0.00;0.01;-0.01;-0.00;-0.94;2.30;90.00;-0.00;0.50;0.030
40042.425;2356;-1.01;2.33;88.30;-0.94;2.44;90.00;-0.00;0.50;754;1;1;1;-0.09;0.30;0.29;0.00;-0.00;0.01;-0.01;-0.00;-0.94;2.33;90.00;-0.00;0.50;0.019
40042.525;2366;-1.01;2.36;88.30;-0.94;2.44;90.00;-0.00;0.50;754;1;1;1;-0.09;0.30;0.29;0.00;-0.00;0.01;-0.01;-0.00;-0.94;2.36;90.00;-0.00;0.50;0.017
40042.615;2376;-1.01;2.39;88.30;-0.94;2.44;90.00;-0.00;0.50;754;1;1;1;-0.09;0.30;0.29;0.00;-0.00;0.01;-0.01;-0.00;-0.94;2.39;90.00;-0.00;0.50;0.019
40042.715;2384;-1.01;2.41;88.31;-0.94;2.44;90.00;-0.00;0.50;754;1;1;1;-0.08;0.30;0.29;0.00;-0.00;0.00;-0.01;-0.00;-0.94;2.41;90.00;-0.00;0.50;0.011
40042.825;2395;-1.01;2.44;88.31;-0.94;2.44;90.00;-0.00;0.50;754;1;1;1;-0.08;0.30;0.29;0.00;-0.00;0.00;-0.01;-0.00;-0.94;2.44;90.00;-0.00;0.50;0.020
40042.935;2410;-1.01;2.48;88.31;-0.96;2.90;103.50;0.54;0.50;753;1;1;5;-0.08;0.30;0.29;0.00;-0.00;0.00;-0.01;0.00;-0.94;2.47;90.00;-0.00;0.50;0.024
40043.025;2418;-1.01;2.51;88.31;-0.96;2.90;103.50;0.54;0.50;753;1;1;5;-0.29;0.30;0.29;0.00;-0.00;0.00;-0.01;-0.00;-0.94;2.65;90.00;0.07;0.06;0.016
40043.115;2428;-1.01;2.54;87.31;-0.96;2.90;103.50;0.54;0.50;753;1;1;5;-0.15;0.30;0.29;0.01;-0.01;0.00;-0.01;-0.22;-0.94;2.65;90.00;0.07;0.06;0.012
40043.225;2438;-1.00;2.57;87.15;-0.96;2.90;103.50;0.54;0.50;753;1;1;5;-0.08;0.30;0.30;-0.00;-0.01;-0.10;0.08;0.04;-0.94;2.65;90.00;0.07;0.06;0.022
40043.325;2448;-1.00;2.60;87.40;-0.96;2.90;103.50;0.54;0.50;753;1;1;5;-0.03;0.30;0.29;0.00;-0.00;-0.03;0.03;0.11;-0.94;2.65;90.00;0.07;0.06;0.018
40043.415;2457;-1.00;2.62;87.99;-0.96;2.90;103.50;0.54;0.50;753;1;1;5;-0.01;0.29;0.29;-0.00;-0.00;0.02;-0.01;0.12;-0.94;2.65;90.00;0.07;0.06;0.010
40043.515;2467;-1.00;2.65;88.56;-0.96;2.90;103.50;0.54;0.50;753;1;1;5;0.05;0.28;0.28;0.00;-0.00;0.02;-0.01;0.09;-0.94;2.65;90.00;0.07;0.06;0.013
40043.615;2478;-1.00;2.68;89.09;-0.96;2.90;103.50;0.54;0.50;753;1;1;5;0.18;0.28;0.28;-0.00;0.00;-0.01;0.00;0.08;-0.94;2.68;90.51;0.20;0.18;0.012
40043.705;2486;-1.00;2.70;89.88;-0.96;2.90;103.50;0.54;0.50;753;1;1;5;0.24;0.27;0.27;-0.00;-0.00;0.01;0.01;0.17;-0.94;2.70;91.34;0.26;0.24;0.009
40043.815;2496;-1.00;2.73;90.82;-0.96;2.90;103.50;0.54;0.50;753;1;1;5;0.31;0.28;0.26;-0.01;-0.00;0.01;0.00;0.17;-0.94;2.74;92.77;0.33;0.30;0.011
40043.925;2506;-1.00;2.76;91.82;-0.96;2.90;103.50;0.54;0.50;753;1;1;5;0.38;0.28;0.28;-0.00;-0.00;-0.02;-0.02;0.17;-0.94;2.77;94.33;0.38;0.35;0.019
40044.015;2515;-1.00;2.78;92.90;-0.96;2.90;103.50;0.54;0.50;753;1;1;5;0.43;0.29;0.27;-0.00;-0.01;0.02;0.02;0.24;-0.94;2.79;95.64;0.41;0.38;0.010
40044.125;2525;-1.00;2.81;94.34;-0.96;2.90;103.50;0.54;0.50;753;1;1;5;0.48;0.30;0.28;-0.01;-0.01;0.03;0.03;0.28;-0.95;2.81;97.20;0.44;0.41;0.021
40044.225;2538;-1.00;2.85;96.57;-0.96;2.90;103.50;0.54;0.50;753;1;1;5;0.53;0.30;0.30;-0.03;-0.01;0.05;0.05;0.36;-0.95;2.84;99.01;0.48;0.44;0.025
40044.325;2548;-1.00;2.88;98.47;-1.25;3.31;145.14;0.53;0.50;753;2;1;5;0.62;0.30;0.30;-0.00;-0.01;-0.14;-0.13;0.31;-0.96;2.88;102.27;0.53;0.48;0.016
40044.415;2557;-1.01;2.90;101.18;-1.25;3.31;145.14;0.53;0.50;753;2;1;5;0.68;0.30;0.29;-0.01;-0.01;0.02;0.02;0.53;-0.96;2.90;103.50;0.54;0.50;0.009
40044.505;2567;-1.01;2.93;104.13;-1.25;3.31;145.14;0.53;0.50;753;2;1;5;0.65;0.30;0.31;0.00;0.00;-0.16;-0.19;0.49;-0.97;2.93;106.06;0.54;0.50;0.009
40044.615;2576;-1.02;2.96;107.37;-1.25;3.31;145.14;0.53;0.50;753;2;1;5;0.63;0.30;0.29;-0.03;-0.01;-0.05;-0.05;0.53;-0.99;2.97;109.88;0.54;0.50;0.012
40044.715;2586;-1.03;2.99;109.82;-1.25;3.31;145.14;0.53;0.50;753;2;1;5;0.63;0.30;0.32;-0.01;0.01;-0.01;-0.01;0.36;-1.00;3.00;112.42;0.54;0.50;0.012
40044.805;2594;-1.03;3.01;112.24;-1.25;3.31;145.14;0.53;0.50;753;2;1;5;0.62;0.30;0.29;-0.03;-0.01;0.05;0.09;0.48;-1.01;3.03;114.96;0.54;0.50;0.008
40044.915;2605;-1.05;3.04;114.73;-1.25;3.31;145.14;0.53;0.50;753;2;1;5;0.63;0.30;0.33;-0.05;-0.03;0.19;0.11;0.44;-1.02;3.05;117.50;0.54;0.50;0.013
40045.005;2613;-1.06;3.07;116.80;-1.25;3.31;145.14;0.53;0.50;753;2;1;5;0.64;0.30;0.29;-0.01;-0.01;-0.01;-0.02;0.44;-1.04;3.08;120.03;0.54;0.50;0.007
40045.115;2628;-1.08;3.11;119.97;-1.25;3.31;145.14;0.53;0.50;753;2;1;5;0.65;0.30;0.31;-0.02;-0.01;-0.01;-0.04;0.27;-1.05;3.11;122.56;0.54;0.50;0.008
40045.215;2636;-1.09;3.13;121.59;-1.25;3.31;145.14;0.53;0.50;753;2;1;5;0.68;0.30;0.29;-0.04;-0.01;0.02;0.06;0.39;-1.07;3.13;125.08;0.54;0.50;0.008
40045.305;2647;-1.10;3.16;123.77;-1.25;3.31;145.14;0.53;0.50;753;2;1;5;0.71;0.30;0.30;-0.05;-0.01;0.04;0.08;0.48;-1.09;3.16;127.60;0.54;0.50;0.005
40045.415;2655;-1.11;3.18;125.71;-1.25;3.31;145.14;0.53;0.50;753;2;1;5;0.73;0.30;0.33;-0.05;-0.01;-0.01;-0.05;0.38;-1.11;3.18;130.12;0.54;0.50;0.009
40045.515;2664;-1.13;3.21;128.24;-1.25;3.31;145.14;0.53;0.50;753;2;1;5;0.73;0.30;0.31;-0.06;-0.01;0.01;0.07;0.54;-1.13;3.21;132.63;0.54;0.50;0.012
40045.605;2673;-1.14;3.23;130.58;-1.73;3.45;179.43;0.38;0.50;753;3;1;5;0.75;0.30;0.34;-0.05;-0.01;-0.02;-0.16;0.43;-1.15;3.23;135.14;0.54;0.50;0.006
40045.725;2687;-1.16;3.27;135.31;-1.73;3.45;179.43;0.38;0.50;753;3;1;5;0.68;0.30;0.30;-0.07;-0.01;0.01;0.08;0.66;-1.17;3.25;137.65;0.53;0.50;0.014
40045.815;2697;-1.18;3.30;137.77;-1.73;3.45;179.43;0.38;0.50;753;3;1;5;0.69;0.30;0.33;-0.05;-0.01;0.00;-0.16;0.33;-1.20;3.27;140.15;0.53;0.50;0.013
40045.915;2707;-1.20;3.32;140.46;-1.73;3.45;179.43;0.38;0.50;753;3;1;5;0.70;0.30;0.32;-0.06;-0.01;0.02;0.06;0.38;-1.22;3.29;142.65;0.53;0.50;0.009
40046.015;2715;-1.22;3.34;142.32;-1.73;3.45;179.43;0.38;0.50;753;3;1;5;0.71;0.30;0.33;-0.07;-0.01;0.02;0.08;0.51;-1.25;3.31;145.14;0.53;0.50;0.008
40046.105;2726;-1.24;3.36;145.65;-1.73;3.45;179.43;0.38;0.50;753;3;1;5;0.67;0.30;0.31;-0.02;-0.01;0.01;-0.03;0.44;-1.27;3.33;147.61;0.52;0.50;0.008
40046.215;2734;-1.26;3.38;147.90;-1.73;3.45;179.43;0.38;0.50;753;3;1;5;0.64;0.30;0.29;-0.03;-0.01;-0.00;0.08;0.51;-1.28;3.33;148.82;0.52;0.50;0.013
40046.315;2745;-1.29;3.40;150.37;-1.73;3.45;179.43;0.38;0.50;753;3;1;5;0.63;0.30;0.31;-0.00;-0.01;0.03;-0.20;0.29;-1.31;3.35;151.21;0.51;0.50;0.012
40046.425;2757;-1.32;3.42;153.84;-1.73;3.45;179.43;0.38;0.50;753;3;1;5;0.59;0.30;0.31;-0.02;-0.01;0.06;-0.30;0.53;-1.34;3.36;153.55;0.50;0.50;0.015
40046.515;2768;-1.35;3.44;157.04;-1.73;3.45;179.43;0.38;0.50;753;3;1;5;0.55;0.30;0.30;-0.02;-0.01;0.01;-0.06;0.36;-1.37;3.38;155.83;0.49;0.50;0.013
40046.615;2776;-1.37;3.45;158.62;-1.73;3.45;179.43;0.38;0.50;753;3;1;5;0.56;0.30;0.27;0.00;-0.09;-0.43;0.16;0.45;-1.39;3.39;158.07;0.48;0.50;0.011
40046.705;2787;-1.40;3.46;160.85;-1.73;3.45;179.43;0.38;0.50;753;3;1;5;0.55;0.30;0.30;0.00;-0.01;0.02;-0.08;0.31;-1.42;3.40;160.25;0.47;0.50;0.006
40046.815;2795;-1.43;3.47;162.40;-1.73;3.45;179.43;0.38;0.50;753;3;1;5;0.54;0.30;0.27;0.00;-0.09;-0.44;0.13;0.48;-1.44;3.40;161.32;0.47;0.50;0.007
40046.915;2804;-1.45;3.47;164.27;-1.73;3.45;179.43;0.38;0.50;753;3;1;5;0.54;0.30;0.30;-0.00;-0.01;0.01;-0.04;0.30;-1.47;3.41;163.43;0.46;0.50;0.013
40047.055;2818;-1.49;3.49;167.08;-1.74;3.44;180.00;0.00;-0.50;214;0;1;2;0.53;0.30;0.29;-0.01;-0.01;-0.02;0.05;0.36;-1.50;3.42;165.49;0.45;0.50;0.040
40047.145;2829;-1.52;3.49;169.01;-1.52;3.45;171.37;-0.49;0.50;537;1;1;4;-0.42;0.26;0.31;-0.01;-0.00;-0.00;0.02;0.40;-1.52;3.44;180.00;-0.00;-0.50;0.018
40047.215;2838;-1.55;3.50;168.06;-1.87;3.57;153.74;-0.18;0.50;537;2;1;4;-0.31;0.27;0.26;0.01;-0.01;0.07;-0.14;-0.73;-1.54;3.46;170.04;-0.47;0.50;0.019
40047.325;2848;-1.57;3.50;165.20;-1.87;3.57;153.74;-0.18;0.50;537;2;1;4;-0.24;0.28;0.27;0.00;0.00;0.00;0.01;-0.32;-1.57;3.46;168.03;-0.45;0.50;0.016
40047.415;2857;-1.60;3.51;164.15;-1.87;3.57;153.74;-0.18;0.50;537;2;1;4;-0.25;0.28;0.26;0.01;-0.00;0.03;0.03;-0.17;-1.60;3.47;166.13;-0.42;0.50;0.013
40047.515;2866;-1.62;3.52;163.49;-1.87;3.57;153.74;-0.18;0.50;537;2;1;4;-0.28;0.29;0.28;0.00;-0.00;-0.04;-0.03;-0.09;-1.63;3.48;164.36;-0.40;0.50;0.015
40047.615;2876;-1.65;3.52;162.77;-1.87;3.57;153.74;-0.18;0.50;537;2;1;4;-0.29;0.30;0.28;0.00;-0.01;-0.02;-0.01;-0.10;-1.66;3.48;162.71;-0.37;0.50;0.012
40047.705;2886;-1.67;3.53;162.06;-1.87;3.57;153.74;-0.18;0.50;537;2;1;4;-0.31;0.30;0.29;0.01;-0.01;0.01;0.01;-0.10;-1.68;3.49;161.17;-0.35;0.50;0.006
40047.815;2894;-1.70;3.54;161.56;-1.87;3.57;153.74;-0.18;0.50;537;2;1;4;-0.33;0.30;0.29;0.01;-0.01;0.07;0.05;-0.17;-1.71;3.50;159.75;-0.32;0.50;0.007
40047.915;2905;-1.73;3.55;160.92;-2.20;3.74;155.46;0.25;0.50;537;3;1;4;-0.34;0.30;0.28;0.01;-0.01;0.06;0.05;-0.16;-1.74;3.51;158.45;-0.30;0.50;0.014
40048.015;2913;-1.75;3.56;160.59;-2.20;3.74;155.46;0.25;0.50;537;3;1;4;-0.35;0.30;0.30;0.00;-0.01;-0.07;-0.05;-0.04;-1.77;3.53;157.26;-0.27;0.50;0.005
40048.115;2928;-1.79;3.57;159.92;-2.20;3.74;155.46;0.25;0.50;537;3;1;4;-0.34;0.30;0.29;0.01;-0.01;0.05;0.04;-0.14;-1.79;3.54;156.17;-0.25;0.50;0.006
40048.215;2937;-1.82;3.58;159.66;-2.20;3.74;155.46;0.25;0.50;537;3;1;4;-0.35;0.30;0.30;0.00;-0.01;-0.07;-0.04;0.00;-1.82;3.55;155.20;-0.22;0.50;0.005
40048.305;2947;-1.84;3.59;159.38;-2.20;3.74;155.46;0.25;0.50;537;3;1;4;-0.36;0.30;0.29;0.01;-0.01;0.03;0.02;-0.07;-1.85;3.56;154.33;-0.20;0.50;0.005
40048.405;2956;-1.87;3.60;158.97;-2.20;3.74;155.46;0.25;0.50;537;3;1;4;-0.36;0.30;0.29;0.01;-0.01;0.04;0.02;-0.06;-1.87;3.58;153.56;-0.17;0.50;0.006
40048.515;2965;-1.89;3.61;158.78;-2.20;3.74;155.46;0.25;0.50;537;3;1;4;-0.36;0.30;0.29;0.01;-0.01;0.06;0.04;-0.13;-1.90;3.59;152.93;-0.14;0.50;0.005
40048.605;2976;-1.92;3.62;158.60;-2.20;3.74;155.46;0.25;0.50;537;3;1;4;-0.35;0.30;0.30;0.01;-0.01;0.05;0.04;-0.08;-1.93;3.60;152.44;-0.10;0.50;0.004
40048.715;2985;-1.95;3.63;158.51;-2.20;3.74;155.46;0.25;0.50;537;3;1;4;-0.33;0.30;0.30;0.01;-0.01;-0.08;-0.05;0.04;-1.95;3.62;152.08;-0.07;0.50;0.003
40048.815;2995;-1.98;3.64;158.41;-2.20;3.74;155.46;0.25;0.50;537;3;1;4;-0.32;0.30;0.30;0.01;-0.01;-0.05;-0.03;0.04;-1.98;3.63;151.87;-0.03;0.50;0.008
40048.915;3004;-2.00;3.64;158.33;-2.20;3.74;155.46;0.25;0.50;537;3;1;4;-0.29;0.30;0.29;0.01;-0.01;-0.01;-0.01;0.05;-2.01;3.64;151.81;0.00;0.50;0.008
40049.015;3014;-2.03;3.65;158.42;-2.20;3.74;155.46;0.25;0.50;537;3;1;4;-0.27;0.30;0.29;0.01;-0.01;0.01;0.00;0.05;-2.03;3.66;151.88;0.04;0.50;0.006
40049.105;3023;-2.05;3.66;158.65;-2.55;3.83;179.43;0.63;0.50;537;4;1;4;-0.25;0.30;0.30;0.00;-0.01;0.06;0.04;-0.00;-2.05;3.67;151.97;0.05;0.50;0.003
40049.205;3033;-2.08;3.67;158.86;-2.55;3.83;179.43;0.63;0.50;537;4;1;4;-0.17;0.30;0.29;0.01;-0.01;-0.00;0.00;0.05;-2.07;3.68;152.26;0.09;0.50;0.003
40049.315;3048;-2.12;3.69;159.56;-2.55;3.83;179.43;0.63;0.50;537;4;1;4;-0.13;0.30;0.29;0.00;-0.01;0.06;0.04;0.07;-2.11;3.70;152.96;0.14;0.50;0.007
40049.405;3057;-2.15;3.70;160.16;-2.55;3.83;179.43;0.63;0.50;537;4;1;4;-0.10;0.30;0.29;0.00;-0.01;0.02;0.01;0.11;-2.14;3.71;153.61;0.17;0.50;0.003
40049.515;3067;-2.17;3.71;160.81;-2.55;3.83;179.43;0.63;0.50;537;4;1;4;-0.07;0.30;0.29;0.00;-0.01;0.04;0.03;0.08;-2.16;3.73;154.40;0.21;0.50;0.008
40049.605;3076;-2.20;3.72;161.29;-2.55;3.83;179.43;0.63;0.50;537;4;1;4;-0.03;0.30;0.29;0.00;-0.01;0.05;0.03;0.07;-2.19;3.74;155.34;0.24;0.50;0.004
40049.715;3087;-2.23;3.73;161.91;-2.55;3.83;179.43;0.63;0.50;537;4;1;4;0.02;0.30;0.29;-0.00;-0.00;0.02;0.01;0.09;-2.22;3.75;156.41;0.28;0.50;0.008
40049.815;3095;-2.25;3.73;162.31;-2.55;3.83;179.43;0.63;0.50;537;4;1;4;0.07;0.30;0.30;-0.00;-0.00;-0.01;-0.01;0.07;-2.25;3.76;157.62;0.31;0.50;0.005
40049.925;3106;-2.28;3.74;162.82;-2.54;3.84;180.00;0.00;-0.50;701;0;1;2;0.14;0.30;0.30;-0.00;-0.00;-0.00;-0.00;0.09;-2.27;3.77;158.96;0.34;0.50;0.018
40050.045;3118;-2.32;3.75;163.68;-2.14;3.84;180.00;0.00;-0.50;861;0;1;2;-0.79;0.26;0.30;-0.00;-0.00;-0.01;-0.00;0.12;-2.31;3.84;180.00;-0.00;-0.50;0.018
40050.115;3128;-2.34;3.76;160.85;-2.14;3.84;180.00;0.00;-0.50;861;0;1;2;-0.79;0.20;0.25;0.03;-0.01;0.01;-0.00;-0.97;-2.14;3.84;180.00;0.00;-0.50;0.017
40050.235;3138;-2.37;3.77;157.28;-2.14;3.84;180.00;0.00;-0.50;861;0;1;2;-0.79;0.14;0.20;0.01;-0.01;-0.00;0.00;-0.39;-2.14;3.84;180.00;0.00;-0.50;0.029
40050.335;3146;-2.38;3.77;155.98;-2.14;3.84;180.00;0.00;-0.50;861;0;1;2;-0.79;0.08;0.17;0.03;-0.01;0.11;0.07;-0.24;-2.14;3.84;180.00;0.00;-0.50;0.025
40050.415;3157;-2.39;3.77;155.57;-2.14;3.84;180.00;0.00;-0.50;861;0;1;2;-0.79;0.03;0.09;0.02;-0.01;0.06;0.05;0.02;-2.14;3.84;180.00;0.00;-0.50;0.014
40050.525;3165;-2.40;3.78;156.33;-2.14;3.84;180.00;0.00;-0.50;861;0;1;2;-0.79;-0.03;0.03;0.00;-0.01;-0.04;-0.01;0.25;-2.14;3.84;180.00;0.00;-0.50;0.026
40050.615;3174;-2.40;3.78;157.54;-2.14;3.84;180.00;0.00;-0.50;861;0;1;2;-0.79;-0.08;-0.03;-0.01;-0.01;0.06;0.04;0.28;-2.14;3.84;180.00;0.00;-0.50;0.014
40050.715;3188;-2.39;3.77;160.16;-2.14;3.84;180.00;0.00;-0.50;861;0;1;2;-0.79;-0.13;-0.09;-0.01;0.00;-0.02;-0.02;0.30;-2.14;3.84;180.00;0.00;-0.50;0.022
40050.835;3198;-2.38;3.77;162.21;-2.14;3.84;180.00;0.00;-0.50;861;0;1;2;-0.79;-0.18;-0.15;-0.01;-0.01;-0.01;0.04;0.35;-2.14;3.84;180.00;0.00;-0.50;0.033
40050.925;3207;-2.36;3.77;164.04;-2.14;3.84;180.00;0.00;-0.50;861;0;1;2;-0.79;-0.22;-0.17;-0.04;-0.01;-0.06;0.13;0.49;-2.14;3.84;180.00;0.00;-0.50;0.019
40051.025;3218;-2.34;3.77;167.34;-2.14;3.84;180.00;0.00;-0.50;861;0;1;2;-0.79;-0.25;-0.22;-0.03;-0.01;-0.07;0.16;0.64;-2.14;3.84;180.00;0.00;-0.50;0.024
40051.125;3226;-2.32;3.76;170.22;-2.14;3.84;180.00;0.00;-0.50;861;0;1;2;-0.67;-0.29;-0.25;0.02;-0.01;0.05;-0.11;0.62;-2.14;3.84;180.00;0.00;-0.50;0.022
40051.225;3237;-2.29;3.76;174.31;-2.14;3.84;180.00;0.00;-0.50;861;0;1;2;-0.48;-0.30;-0.29;-0.02;-0.01;-0.06;0.09;0.60;-2.14;3.84;180.00;0.00;-0.50;0.019
40051.325;3245;-2.27;3.76;176.05;-2.14;3.84;180.00;0.00;-0.50;861;0;1;2;-0.40;-0.30;-0.30;0.01;-0.01;0.08;-0.15;0.19;-2.14;3.84;180.00;0.00;-0.50;0.026
40051.415;3256;-2.24;3.75;177.45;-2.14;3.84;180.00;0.00;-0.50;861;0;1;2;-0.34;-0.30;-0.30;0.00;-0.01;0.01;-0.01;0.19;-2.14;3.84;180.00;0.00;-0.50;0.015
40051.515;3264;-2.21;3.75;178.28;-2.14;3.84;180.00;0.00;-0.50;861;0;1;2;-0.30;-0.30;-0.31;-0.02;-0.01;-0.06;0.08;0.18;-2.14;3.84;180.00;0.00;-0.50;0.015
40051.625;3275;-2.18;3.76;179.03;-2.14;3.84;180.00;0.00;-0.50;861;0;1;2;-0.26;-0.30;-0.30;-0.03;-0.01;-0.10;0.13;0.18;-2.14;3.84;180.00;0.00;-0.50;0.016
40051.725;3288;-2.14;3.76;179.68;-2.14;3.84;180.00;0.00;-0.50;861;0;1;2;-0.22;-0.30;-0.32;-0.00;-0.01;-0.04;0.06;0.11;-2.14;3.84;180.00;0.00;-0.50;0.024
40051.825;3298;-2.11;3.76;179.73;-2.14;3.84;180.00;0.00;-0.50;861;0;1;2;-0.22;-0.30;-0.30;0.01;-0.01;-0.04;0.05;0.03;-2.12;3.84;180.00;-0.00;-0.50;0.018
40051.925;3306;-2.08;3.76;179.86;-2.14;3.84;180.00;0.00;-0.50;861;0;1;2;-0.22;-0.30;-0.31;0.00;-0.01;-0.01;0.01;-0.00;-2.10;3.84;180.00;-0.00;-0.50;0.027
40052.025;3317;-2.05;3.76;179.94;-2.14;3.84;180.00;0.00;-0.50;861;0;1;2;-0.21;-0.30;-0.32;-0.00;-0.01;-0.03;0.04;0.04;-2.05;3.84;180.00;-0.00;-0.50;0.024
40052.135;3326;-2.02;3.75;179.93;-2.14;3.84;180.00;0.00;-0.50;861;0;1;2;-0.22;-0.30;-0.31;0.01;-0.01;-0.03;0.05;0.05;-2.02;3.84;180.00;-0.00;-0.50;0.028
40052.265;3340;-1.98;3.75;180.06;-1.74;3.84;180.00;0.00;-0.50;500;0;1;2;-0.21;-0.30;-0.31;0.01;-0.01;-0.03;0.05;0.06;-1.99;3.84;180.00;-0.00;-0.50;0.037
40052.315;3344;-1.97;3.75;180.16;-1.74;3.84;180.00;0.00;-0.50;500;0;1;2;-0.21;-0.30;-0.32;-0.00;-0.01;-0.03;0.04;0.05;-1.74;3.84;180.00;0.00;-0.50;0.013
40052.435;3359;-1.92;3.75;180.28;-1.74;3.84;180.00;0.00;-0.50;500;0;1;2;-0.20;-0.30;-0.32;-0.00;-0.01;-0.03;0.04;0.04;-1.74;3.84;180.00;0.00;-0.50;0.031
40052.535;3367;-1.90;3.75;180.24;-1.74;3.84;180.00;0.00;-0.50;500;0;1;2;-0.20;-0.30;-0.30;0.01;-0.01;0.06;-0.09;-0.03;-1.74;3.84;180.00;0.00;-0.50;0.029
40052.625;3378;-1.86;3.75;180.41;-1.74;3.84;180.00;0.00;-0.50;500;0;1;2;-0.19;-0.30;-0.31;0.00;-0.01;-0.00;-0.00;-0.00;-1.74;3.84;180.00;0.00;-0.50;0.023
40052.715;3386;-1.84;3.75;180.45;-1.74;3.84;180.00;0.00;-0.50;500;0;1;2;-0.19;-0.30;-0.32;0.00;-0.01;-0.03;0.05;0.05;-1.74;3.84;180.00;0.00;-0.50;0.014
40052.835;3397;-1.80;3.75;180.49;-1.74;3.84;180.00;0.00;-0.50;500;0;1;2;-0.19;-0.30;-0.30;0.01;-0.01;0.03;-0.05;-0.02;-1.74;3.84;180.00;0.00;-0.50;0.028
40052.915;3405;-1.78;3.75;180.63;-1.74;3.84;180.00;0.00;-0.50;500;0;1;2;-0.18;-0.30;-0.32;-0.00;-0.01;-0.03;0.04;0.04;-1.74;3.84;180.00;0.00;-0.50;0.015
40053.045;3420;-1.73;3.75;180.72;-1.74;3.84;180.00;0.00;-0.50;500;0;1;2;-0.18;-0.30;-0.32;0.00;-0.01;-0.03;0.04;0.05;-1.74;3.84;180.00;0.00;-0.50;0.034
40053.115;3424;-1.72;3.75;180.76;-1.74;3.84;180.00;0.00;-0.50;500;0;1;2;-0.18;-0.30;-0.32;-0.00;-0.01;-0.02;0.03;0.03;-1.72;3.84;180.00;-0.00;-0.50;0.014
40053.215;3435;-1.68;3.75;180.80;-1.74;3.84;180.00;0.00;-0.50;500;0;1;2;-0.17;-0.30;-0.31;0.00;-0.01;-0.02;0.02;0.02;-1.68;3.84;180.00;-0.00;-0.50;0.014
40053.335;3448;-1.64;3.75;180.85;-1.74;3.84;180.00;0.00;-0.50;500;0;1;2;-0.17;-0.30;-0.31;0.00;-0.01;-0.02;0.02;0.02;-1.66;3.84;180.00;-0.00;-0.50;0.026
40053.435;3458;-1.61;3.75;180.90;-1.54;3.84;180.00;-0.00;-0.50;500;1;1;2;-0.17;-0.30;-0.31;0.00;-0.01;-0.03;0.04;0.05;-1.62;3.84;180.00;-0.00;-0.50;0.025
40053.535;3467;-1.58;3.75;180.99;-1.34;3.84;180.00;0.00;-0.50;385;0;1;2;-0.16;-0.30;-0.32;-0.00;-0.01;-0.02;0.02;0.02;-1.58;3.84;180.00;-0.00;-0.50;0.017
40053.625;3477;-1.55;3.76;181.02;-1.34;3.84;180.00;0.00;-0.50;385;0;1;2;-0.16;-0.30;-0.31;0.00;-0.01;-0.01;0.02;0.02;-1.34;3.84;180.00;0.00;-0.50;0.015
40053.735;3485;-1.53;3.76;181.05;-1.34;3.84;180.00;0.00;-0.50;385;0;1;2;-0.16;-0.30;-0.31;0.00;-0.01;-0.01;0.02;0.01;-1.34;3.84;180.00;0.00;-0.50;0.029
40053.835;3500;-1.48;3.76;181.14;-1.34;3.84;180.00;0.00;-0.50;385;0;1;2;-0.15;-0.30;-0.32;0.00;-0.01;-0.02;0.04;0.04;-1.34;3.84;180.00;0.00;-0.50;0.030
40053.925;3505;-1.46;3.76;181.18;-1.34;3.84;180.00;0.00;-0.50;385;0;1;2;-0.15;-0.30;-0.32;-0.00;-0.01;-0.02;0.02;0.02;-1.34;3.84;180.00;0.00;-0.50;0.015
40054.015;3516;-1.43;3.76;181.22;-1.34;3.84;180.00;0.00;-0.50;385;0;1;2;-0.15;-0.30;-0.31;0.00;-0.01;-0.01;0.02;0.01;-1.34;3.84;180.00;0.00;-0.50;0.015
40054.135;3529;-1.39;3.76;181.27;-1.34;3.84;180.00;0.00;-0.50;385;0;1;2;-0.14;-0.30;-0.31;0.00;-0.01;-0.01;0.02;0.01;-1.34;3.84;180.00;0.00;-0.50;0.026
40054.235;3539;-1.36;3.76;181.29;-1.34;3.84;180.00;0.00;-0.50;385;0;1;2;-0.14;-0.30;-0.31;0.00;-0.00;-0.01;0.02;0.01;-1.34;3.84;180.00;0.00;-0.50;0.025
40054.335;3548;-1.33;3.76;181.25;-1.34;3.84;180.00;0.00;-0.50;385;0;1;2;-0.14;-0.30;-0.30;0.01;-0.00;0.07;-0.07;-0.02;-1.34;3.84;180.00;0.00;-0.50;0.028
40054.425;3558;-1.30;3.76;181.42;-1.34;3.84;180.00;0.00;-0.50;385;0;1;2;-0.13;-0.30;-0.32;-0.00;-0.01;-0.01;0.03;0.02;-1.31;3.84;180.00;-0.00;-0.50;0.019
40054.525;3569;-1.26;3.76;181.45;-1.34;3.84;180.00;0.00;-0.50;385;0;1;2;-0.13;-0.30;-0.31;0.00;-0.00;-0.01;0.02;0.01;-1.28;3.84;180.00;-0.00;-0.50;0.022
40054.625;3577;-1.24;3.76;181.48;-1.14;3.84;180.00;-0.00;-0.50;385;1;1;2;-0.13;-0.30;-0.31;0.00;-0.00;-0.01;0.02;0.01;-1.25;3.84;180.00;-0.00;-0.50;0.018
40054.755;3588;-1.21;3.76;181.50;-0.94;3.84;180.00;0.00;-0.50;112;0;1;2;-0.12;-0.30;-0.31;0.00;-0.00;-0.00;0.02;0.01;-1.21;3.84;180.00;-0.00;-0.50;0.029
40054.835;3596;-1.18;3.76;181.52;-0.94;3.84;180.00;0.00;-0.50;112;0;1;2;-0.12;-0.30;-0.31;0.00;-0.00;-0.00;0.02;0.00;-0.94;3.84;180.00;0.00;-0.50;0.028
40054.915;3605;-1.15;3.76;181.51;-0.94;3.84;180.00;0.00;-0.50;112;0;1;2;-0.12;-0.30;-0.30;0.01;-0.00;0.03;-0.03;-0.02;-0.94;3.84;180.00;0.00;-0.50;0.014
40055.045;3619;-1.11;3.76;181.63;-0.54;3.84;180.00;-0.00;0.50;92;0;1;7;-0.12;-0.30;-0.31;-0.00;-0.00;-0.01;0.02;0.02;-0.94;3.84;180.00;0.00;-0.50;0.023
40055.125;3629;-1.08;3.76;181.68;-1.40;3.50;244.06;0.72;0.50;92;2;1;7;0.79;-0.26;-0.31;0.00;-0.00;-0.00;0.02;0.01;-1.10;3.77;203.35;0.53;0.50;0.017
40055.215;3634;-1.06;3.76;180.78;-1.40;3.50;244.06;0.72;0.50;92;2;1;7;0.79;-0.21;-0.28;0.01;-0.00;0.00;0.00;-0.74;-1.08;3.78;201.40;0.52;0.50;0.013
40055.315;3648;-1.03;3.76;174.42;-1.40;3.50;244.06;0.72;0.50;92;2;1;7;0.79;-0.15;-0.22;0.01;-0.01;0.05;0.06;-0.62;-1.05;3.79;199.49;0.51;0.50;0.010
40055.415;3657;-1.01;3.76;172.84;-1.40;3.50;244.06;0.72;0.50;92;2;1;7;0.79;-0.09;-0.15;0.00;-0.01;0.03;0.02;-0.17;-1.03;3.79;197.63;0.50;0.50;0.013
40055.515;3668;-1.00;3.76;172.79;-1.40;3.50;244.06;0.72;0.50;92;2;1;7;0.79;-0.04;-0.09;-0.00;-0.01;-0.08;-0.09;0.06;-1.00;3.80;195.84;0.47;0.50;0.007
40055.615;3676;-1.00;3.76;173.39;-1.40;3.50;244.06;0.72;0.50;92;2;1;7;0.79;0.00;-0.04;0.01;-0.01;0.09;0.09;0.08;-1.00;3.80;195.84;0.47;0.50;0.006
40055.715;3687;-0.99;3.76;174.74;-1.40;3.50;244.06;0.72;0.50;92;2;1;7;0.79;0.05;0.00;0.02;-0.01;-0.03;-0.04;0.29;-1.00;3.80;195.84;0.47;0.50;0.013
40055.805;3696;-1.00;3.76;176.49;-1.40;3.50;244.06;0.72;0.50;92;2;1;7;0.79;0.08;0.04;-0.00;-0.01;-0.04;-0.04;0.36;-1.00;3.80;195.84;0.47;0.50;0.007
40055.915;3707;-1.00;3.76;178.50;-1.40;3.50;244.06;0.72;0.50;92;2;1;7;0.79;0.12;0.08;-0.00;0.00;0.04;-0.06;0.28;-1.00;3.80;195.84;0.47;0.50;0.008
40056.005;3715;-1.01;3.76;179.97;-1.40;3.50;244.06;0.72;0.50;92;2;1;7;0.79;0.15;0.11;-0.01;-0.01;-0.03;0.05;0.37;-1.03;3.79;197.63;0.50;0.50;0.006
40056.115;3724;-1.02;3.76;181.85;-1.40;3.50;244.06;0.72;0.50;92;2;1;7;0.79;0.18;0.15;0.00;-0.01;0.04;-0.04;0.38;-1.03;3.79;197.63;0.50;0.50;0.008
40056.205;3735;-1.04;3.76;184.32;-1.40;3.50;244.06;0.72;0.50;92;2;1;7;0.79;0.21;0.18;-0.00;-0.01;-0.02;0.02;0.37;-1.05;3.79;199.49;0.51;0.50;0.005
40056.315;3743;-1.06;3.76;186.02;-1.40;3.50;244.06;0.72;0.50;92;2;1;7;0.79;0.24;0.21;0.00;-0.00;0.09;-0.10;0.40;-1.08;3.78;201.40;0.52;0.50;0.009
40056.405;3754;-1.08;3.75;189.58;-1.40;3.50;244.06;0.72;0.50;92;2;1;7;0.79;0.27;0.23;-0.01;-0.01;-0.05;0.04;0.54;-1.10;3.77;203.35;0.53;0.50;0.006
40056.515;3767;-1.11;3.75;193.28;-1.40;3.50;244.06;0.72;0.50;92;2;1;7;0.79;0.29;0.27;-0.02;0.00;0.23;-0.20;0.45;-1.12;3.76;205.36;0.54;0.50;0.008
40056.615;3777;-1.14;3.75;197.37;-1.40;3.50;244.06;0.72;0.50;92;2;1;7;0.79;0.30;0.28;-0.05;-0.01;0.03;-0.04;0.71;-1.12;3.76;205.36;0.54;0.50;0.016
40056.715;3785;-1.17;3.74;200.99;-1.40;3.50;244.06;0.72;0.50;92;2;1;7;0.79;0.30;0.32;-0.07;-0.03;-0.12;0.22;0.90;-1.16;3.73;209.53;0.57;0.50;0.012
40056.805;3796;-1.20;3.73;205.54;-1.40;3.50;244.06;0.72;0.50;92;2;1;7;0.79;0.30;0.32;0.01;-0.01;0.13;-0.08;0.54;-1.19;3.72;211.70;0.58;0.50;0.007
40056.915;3804;-1.22;3.72;208.06;-1.40;3.50;244.06;0.72;0.50;92;2;1;7;0.79;0.30;0.29;-0.06;-0.01;-0.06;0.03;0.66;-1.21;3.71;213.93;0.59;0.50;0.013
40057.015;3815;-1.25;3.71;211.52;-1.40;3.50;244.06;0.72;0.50;92;2;1;7;0.79;0.30;0.30;-0.07;-0.01;-0.06;0.04;0.61;-1.23;3.69;216.21;0.60;0.50;0.012
40057.105;3823;-1.27;3.70;213.81;-1.40;3.50;244.06;0.72;0.50;92;2;1;7;0.79;0.30;0.33;-0.05;-0.01;0.03;-0.01;0.43;-1.25;3.68;218.54;0.61;0.50;0.006
40057.205;3837;-1.32;3.68;218.05;-1.40;3.50;244.06;0.72;0.50;92;2;1;7;0.79;0.30;0.34;-0.07;-0.01;-0.03;0.02;0.45;-1.28;3.65;223.39;0.63;0.50;0.006
40057.325;3847;-1.35;3.66;221.24;-1.40;3.50;244.06;0.72;0.50;92;2;1;7;0.79;0.30;0.31;-0.11;-0.01;-0.07;0.03;0.73;-1.30;3.63;225.90;0.65;0.50;0.014
40057.405;3857;-1.38;3.65;224.24;-1.40;3.50;244.06;0.72;0.50;92;2;1;7;0.79;0.30;0.34;-0.09;-0.01;0.11;-0.01;0.50;-1.32;3.61;228.48;0.66;0.50;0.007
40057.515;3865;-1.40;3.63;227.08;-1.40;3.50;244.06;0.72;0.50;92;2;1;7;0.79;0.30;0.33;-0.10;-0.01;-0.02;0.00;0.68;-1.33;3.59;231.11;0.67;0.50;0.014
40057.615;3875;-1.43;3.61;230.73;-1.38;3.02;297.41;0.63;0.50;92;3;1;7;0.79;0.30;0.31;-0.10;-0.01;-0.09;0.02;0.76;-1.36;3.55;236.57;0.69;0.50;0.013
40057.705;3885;-1.46;3.59;233.88;-1.38;3.02;297.41;0.63;0.50;92;3;1;7;0.79;0.30;0.33;-0.08;-0.01;0.14;0.02;0.52;-1.38;3.53;239.40;0.70;0.50;0.007
40057.815;3894;-1.48;3.57;237.27;-1.38;3.02;297.41;0.63;0.50;92;3;1;7;0.79;0.30;0.31;-0.04;-0.01;-0.06;0.01;0.58;-1.39;3.51;242.29;0.71;0.50;0.006
40057.905;3904;-1.50;3.55;241.72;-1.38;3.02;297.41;0.63;0.50;92;3;1;7;0.79;0.30;0.31;-0.01;-0.01;0.07;0.02;0.79;-1.40;3.49;245.24;0.72;0.50;0.005
40058.005;3915;-1.51;3.52;246.42;-1.38;3.02;297.41;0.63;0.50;92;3;1;7;0.74;0.30;0.29;-0.01;-0.01;-0.16;-0.04;0.70;-1.41;3.47;248.18;0.71;0.50;0.003
40058.105;3924;-1.52;3.49;250.46;-1.38;3.02;297.41;0.63;0.50;92;3;1;7;0.70;0.30;0.28;-0.01;-0.08;-0.15;-0.42;0.89;-1.42;3.44;251.09;0.71;0.50;0.006
40058.205;3934;-1.53;3.46;254.19;-1.38;3.02;297.41;0.63;0.50;92;3;1;7;0.67;0.30;0.31;0.01;-0.01;0.14;0.04;0.52;-1.43;3.42;253.97;0.70;0.50;0.003
40058.305;3942;-1.54;3.44;256.58;-1.38;3.02;297.41;0.63;0.50;92;3;1;7;0.64;0.30;0.32;-0.07;-0.06;-0.43;0.09;0.76;-1.43;3.42;253.97;0.70;0.50;0.003
40058.415;3957;-1.55;3.40;262.14;-1.38;3.02;297.41;0.63;0.50;92;3;1;7;0.63;0.30;0.30;-0.05;-0.01;-0.02;-0.01;0.59;-1.44;3.37;259.65;0.69;0.50;0.008
40058.505;3967;-1.56;3.37;264.86;-1.38;3.02;297.41;0.63;0.50;92;3;1;7;0.64;0.30;0.30;-0.03;-0.00;-0.02;-0.00;0.56;-1.44;3.35;262.45;0.69;0.50;0.005
40058.605;3977;-1.56;3.34;268.12;-1.38;3.02;297.41;0.63;0.50;92;3;1;7;0.63;0.30;0.29;-0.00;-0.01;-0.03;-0.03;0.48;-1.44;3.32;265.22;0.69;0.50;0.003
40058.705;3985;-1.56;3.31;270.01;-1.38;3.02;297.41;0.63;0.50;92;3;1;7;0.66;0.30;0.30;0.00;-0.00;0.16;0.10;0.37;-1.44;3.30;267.97;0.68;0.50;0.005
40058.805;3996;-1.56;3.28;273.37;-1.38;3.02;297.41;0.63;0.50;92;3;1;7;0.65;0.30;0.30;-0.02;-0.01;0.00;-0.00;0.54;-1.44;3.27;270.69;0.68;0.50;0.003
40058.915;4004;-1.56;3.25;275.75;-1.38;3.02;297.41;0.63;0.50;92;3;1;7;0.66;0.30;0.32;-0.05;-0.04;-0.25;-0.07;0.73;-1.44;3.25;273.38;0.67;0.50;0.008
40059.015;4015;-1.56;3.22;279.43;-1.38;3.02;297.41;0.63;0.50;92;3;1;7;0.63;0.30;0.30;0.01;-0.01;0.01;-0.01;0.50;-1.44;3.22;276.04;0.67;0.50;0.006
40059.105;4023;-1.55;3.20;281.34;-1.38;3.02;297.41;0.63;0.50;92;3;1;7;0.61;0.30;0.31;0.01;0.00;0.17;0.19;0.34;-1.44;3.22;276.04;0.67;0.50;0.003
40059.215;4034;-1.55;3.17;284.48;-1.38;3.02;297.41;0.63;0.50;92;3;1;7;0.65;0.30;0.29;-0.03;-0.01;-0.03;-0.06;0.42;-1.43;3.17;281.29;0.66;0.50;0.005
40059.315;4047;-1.54;3.13;287.65;-1.38;3.02;297.41;0.63;0.50;92;3;1;7;0.61;0.30;0.33;-0.07;-0.06;-0.40;-0.14;0.66;-1.43;3.17;281.29;0.66;0.50;0.008
40059.405;4057;-1.53;3.10;290.42;-1.02;2.70;335.32;0.40;0.50;92;4;1;7;0.61;0.30;0.30;-0.01;-0.01;0.05;0.04;0.39;-1.43;3.15;283.88;0.65;0.50;0.005
40059.505;4065;-1.53;3.07;291.84;-1.02;2.70;335.32;0.40;0.50;92;4;1;7;0.55;0.30;0.32;-0.00;-0.00;0.15;0.24;0.26;-1.41;3.10;288.98;0.64;0.50;0.002
40059.605;4076;-1.51;3.04;293.95;-1.02;2.70;335.32;0.40;0.50;92;4;1;7;0.59;0.30;0.29;-0.01;-0.01;0.01;0.02;0.33;-1.41;3.08;291.49;0.64;0.50;0.002
40059.705;4084;-1.50;3.02;295.43;-1.02;2.70;335.32;0.40;0.50;92;4;1;7;0.63;0.30;0.31;-0.01;-0.00;-0.01;-0.03;0.33;-1.40;3.06;293.98;0.63;0.50;0.001
40059.805;4095;-1.49;2.99;298.15;-1.02;2.70;335.32;0.40;0.50;92;4;1;7;0.63;0.30;0.29;-0.00;-0.01;0.02;0.03;0.43;-1.39;3.03;296.44;0.63;0.50;0.002
40059.905;4103;-1.48;2.97;299.74;-1.02;2.70;335.32;0.40;0.50;92;4;1;7;0.66;0.30;0.31;-0.02;-0.01;-0.03;-0.05;0.34;-1.38;3.01;298.87;0.62;0.50;0.001
40060.005;4114;-1.47;2.94;301.87;-1.02;2.70;335.32;0.40;0.50;92;4;1;7;0.68;0.30;0.32;-0.03;-0.01;-0.03;-0.06;0.32;-1.36;2.99;301.24;0.61;0.50;0.001
40060.105;4127;-1.45;2.90;304.70;-1.02;2.70;335.32;0.40;0.50;92;4;1;7;0.66;0.30;0.33;-0.04;-0.01;0.03;0.13;0.33;-1.36;2.99;301.24;0.61;0.50;0.003
40060.205;4137;-1.43;2.88;306.97;-1.02;2.70;335.32;0.40;0.50;92;4;1;7;0.70;0.30;0.31;-0.04;-0.01;-0.02;-0.03;0.33;-1.34;2.95;305.83;0.58;0.50;0.001
40060.305;4145;-1.42;2.85;308.68;-1.02;2.70;335.32;0.40;0.50;92;4;1;7;0.72;0.30;0.32;-0.06;-0.01;-0.02;-0.06;0.52;-1.32;2.93;308.04;0.57;0.50;0.001
40060.405;4156;-1.40;2.82;311.73;-1.02;2.70;335.32;0.40;0.50;92;4;1;7;0.70;0.30;0.33;-0.06;-0.01;0.01;0.09;0.42;-1.31;2.91;310.19;0.56;0.50;0.001
40060.505;4165;-1.39;2.80;314.15;-1.02;2.70;335.32;0.40;0.50;92;4;1;7;0.70;0.30;0.33;-0.06;-0.01;-0.01;0.04;0.42;-1.29;2.89;312.29;0.55;0.50;0.002
40060.605;4175;-1.37;2.77;316.79;-1.02;2.70;335.32;0.40;0.50;92;4;1;7;0.68;0.30;0.33;-0.06;-0.01;-0.01;0.07;0.37;-1.27;2.87;314.34;0.54;0.50;0.001
40060.705;4184;-1.35;2.75;319.41;-1.02;2.70;335.32;0.40;0.50;92;4;1;7;0.66;0.30;0.31;-0.06;-0.01;-0.01;-0.08;0.44;-1.25;2.86;316.34;0.53;0.50;0.001
40060.805;4195;-1.33;2.72;321.82;-1.02;2.70;335.32;0.40;0.50;92;4;1;7;0.66;0.30;0.32;-0.07;-0.01;-0.04;-0.07;0.50;-1.24;2.84;318.28;0.52;0.50;0.001
40060.905;4203;-1.31;2.70;323.77;-1.02;2.70;335.32;0.40;0.50;92;4;1;7;0.65;0.30;0.31;-0.07;-0.01;-0.01;-0.05;0.46;-1.22;2.82;320.18;0.51;0.50;0.001
40061.005;4217;-1.28;2.67;326.91;-1.02;2.70;335.32;0.40;0.50;92;4;1;7;0.65;0.30;0.32;-0.03;-0.00;-0.01;-0.06;0.56;-1.18;2.79;323.81;0.48;0.50;0.001
40061.105;4227;-1.26;2.65;329.80;-1.02;2.70;335.32;0.40;0.50;92;4;1;7;0.57;0.30;0.30;-0.01;-0.01;-0.00;0.04;0.40;-1.18;2.79;323.81;0.48;0.50;0.003
40061.205;4236;-1.23;2.64;331.40;-1.02;2.70;335.32;0.40;0.50;92;4;1;7;0.59;0.30;0.27;0.01;-0.09;0.41;-0.20;0.41;-1.14;2.76;327.26;0.46;0.50;0.001
40061.305;4246;-1.21;2.62;333.31;-1.02;2.70;335.32;0.40;0.50;92;4;1;7;0.57;0.30;0.30;-0.00;-0.01;-0.01;0.08;0.30;-1.12;2.75;328.90;0.45;0.50;0.001
40061.405;4255;-1.18;2.61;335.05;-1.02;2.70;335.32;0.40;0.50;92;4;1;7;0.55;0.30;0.29;-0.02;-0.01;0.02;-0.13;0.38;-1.09;2.74;330.51;0.44;0.50;0.002
40061.505;4265;-1.16;2.60;336.78;-1.02;2.70;335.32;0.40;0.50;92;4;1;7;0.53;0.30;0.30;0.00;-0.01;-0.03;0.13;0.25;-1.07;2.73;332.06;0.43;0.50;0.001
40061.605;4274;-1.13;2.59;338.48;-1.02;2.70;335.32;0.40;0.50;92;4;1;7;0.49;0.30;0.29;-0.01;-0.01;0.03;-0.11;0.35;-1.07;2.73;332.06;0.43;0.50;0.001
40061.705;4284;-1.10;2.58;340.01;-1.02;2.70;335.32;0.40;0.50;92;4;1;7;0.48;0.30;0.30;0.00;-0.01;-0.05;0.16;0.20;-1.05;2.72;333.57;0.42;0.50;0.001
40061.805;4292;-1.08;2.57;341.37;-1.02;2.70;335.32;0.40;0.50;92;4;1;7;0.47;0.30;0.29;-0.02;-0.01;0.03;-0.09;0.31;-1.03;2.70;335.03;0.40;0.50;0.002
40061.905;4307;-1.04;2.55;343.69;-1.02;2.70;335.32;0.40;0.50;92;4;1;7;0.47;0.30;0.29;-0.02;-0.01;0.05;-0.13;0.35;-0.98;2.69;337.87;0.39;0.50;0.002
40062.005;4316;-1.01;2.55;345.18;-1.02;2.70;335.32;0.40;0.50;92;4;1;7;0.45;0.30;0.30;0.00;-0.01;-0.04;0.10;0.25;-0.96;2.68;339.25;0.39;0.50;0.001
40062.105;4326;-0.99;2.54;346.76;-1.02;2.70;335.32;0.40;0.50;92;4;1;7;0.44;0.30;0.30;-0.04;-0.01;-0.01;0.02;0.23;-0.94;2.67;340.61;0.38;0.50;0.001
40062.205;4335;-0.96;2.53;348.04;-1.02;2.70;335.32;0.40;0.50;92;4;1;7;0.44;0.30;0.30;-0.05;-0.01;0.05;-0.10;0.29;-0.91;2.66;341.94;0.37;0.50;0.002
40062.305;4345;-0.93;2.52;349.18;-1.02;2.70;335.32;0.40;0.50;92;4;1;7;0.45;0.30;0.30;-0.01;-0.01;-0.06;0.13;0.17;-0.89;2.65;343.26;0.37;0.50;0.001
40062.405;4354;-0.90;2.51;350.54;-1.02;2.70;335.32;0.40;0.50;92;4;1;7;0.44;0.30;0.30;-0.03;-0.01;-0.01;0.03;0.21;-0.87;2.65;344.55;0.36;0.50;0.001
40062.505;4364;-0.88;2.50;351.96;-1.02;2.70;335.32;0.40;0.50;92;4;1;7;0.44;0.30;0.30;-0.05;-0.01;0.03;-0.06;0.26;-0.84;2.64;345.83;0.36;0.50;0.001
40062.605;4375;-0.84;2.50;353.30;-1.02;2.70;335.32;0.40;0.50;92;4;1;7;0.43;0.30;0.32;-0.05;-0.04;-0.01;-0.30;0.38;-0.82;2.63;347.08;0.35;0.50;0.002
40062.705;4383;-0.82;2.49;354.36;-1.02;2.70;335.32;0.40;0.50;92;4;1;7;0.43;0.30;0.30;-0.03;-0.01;-0.04;0.07;0.18;-0.79;2.63;348.31;0.35;0.50;0.001
40062.805;4397;-0.78;2.48;356.18;-1.02;2.70;335.32;0.40;0.50;92;4;1;7;0.44;0.30;0.30;-0.02;-0.01;-0.05;0.08;0.18;-0.75;2.62;350.70;0.34;0.50;0.001
40062.935;4406;-0.75;2.48;357.54;-0.54;2.64;0.00;-0.00;0.50;774;0;1;0;0.43;0.30;0.29;-0.04;-0.01;0.01;-0.02;0.25;-0.72;2.62;351.86;0.33;0.50;0.029
40063.025;4415;-0.72;2.48;358.66;-0.54;2.64;0.00;-0.00;0.50;774;0;1;0;0.47;0.30;0.32;-0.05;-0.04;0.01;-0.30;0.38;-0.54;2.64;0.00;-0.00;0.50;0.017
40063.135;4429;-0.68;2.47;360.75;-0.54;2.64;0.00;-0.00;0.50;774;0;1;0;0.38;0.30;0.32;-0.05;-0.04;0.03;-0.31;0.45;-0.54;2.64;0.00;-0.00;0.50;0.026
40063.215;4438;-0.66;2.47;362.10;-0.54;2.64;0.00;-0.00;0.50;774;0;1;0;0.31;0.30;0.30;0.00;-0.01;-0.01;0.01;0.17;-0.54;2.64;0.00;-0.00;0.50;0.016
40063.315;4444;-0.64;2.47;362.47;-0.54;2.64;0.00;-0.00;0.50;774;0;1;0;0.29;0.30;0.30;0.01;-0.01;-0.13;0.15;0.06;-0.54;2.64;0.00;-0.00;0.50;0.014
40063.425;4459;-0.59;2.47;363.43;-0.54;2.64;0.00;-0.00;0.50;774;0;1;0;0.25;0.30;0.28;-0.02;-0.01;0.04;-0.06;0.16;-0.54;2.64;0.00;-0.00;0.50;0.026
40063.525;4467;-0.57;2.47;363.54;-0.54;2.64;0.00;-0.00;0.50;774;0;1;0;0.24;0.30;0.30;-0.00;-0.01;-0.07;0.08;-0.02;-0.54;2.64;0.00;-0.00;0.50;0.024
40063.615;4476;-0.54;2.47;363.73;-0.54;2.64;0.00;-0.00;0.50;774;0;1;0;0.23;0.30;0.28;-0.00;-0.01;0.02;-0.01;0.01;-0.54;2.64;0.00;-0.00;0.50;0.014
40063.715;4486;-0.51;2.48;363.75;-0.54;2.64;0.00;-0.00;0.50;774;0;1;0;0.22;0.30;0.28;-0.01;-0.01;0.04;-0.04;0.05;-0.51;2.64;0.00;0.00;0.50;0.014
40063.835;4499;-0.48;2.48;363.79;-0.54;2.64;0.00;-0.00;0.50;774;0;1;0;0.22;0.30;0.28;-0.00;-0.01;0.02;-0.01;0.03;-0.49;2.64;0.00;0.00;0.50;0.027
40063.935;4510;-0.45;2.48;363.81;-0.54;2.64;0.00;-0.00;0.50;774;0;1;0;0.21;0.30;0.28;-0.00;-0.01;0.02;-0.01;0.02;-0.47;2.64;0.00;0.00;0.50;0.023
40064.015;4518;-0.42;2.48;363.81;-0.54;2.64;0.00;-0.00;0.50;774;0;1;0;0.21;0.30;0.28;-0.00;-0.01;0.02;-0.01;0.02;-0.43;2.64;0.00;0.00;0.50;0.016
40064.125;4527;-0.40;2.48;363.80;-0.54;2.64;0.00;-0.00;0.50;774;0;1;0;0.21;0.30;0.28;-0.00;-0.01;0.02;-0.01;0.02;-0.39;2.64;0.00;0.00;0.50;0.014
40064.225;4537;-0.37;2.48;363.80;-0.54;2.64;0.00;-0.00;0.50;774;0;1;0;0.20;0.30;0.28;-0.00;-0.01;0.02;-0.01;0.02;-0.37;2.64;0.00;0.00;0.50;0.014
40064.315;4546;-0.34;2.48;363.80;-0.54;2.64;0.00;-0.00;0.50;774;0;1;0;0.20;0.30;0.28;-0.00;-0.01;0.02;-0.01;0.02;-0.35;2.64;0.00;0.00;0.50;0.013
40064.435;4556;-0.32;2.49;363.79;-0.54;2.64;0.00;-0.00;0.50;774;0;1;0;0.20;0.30;0.28;-0.00;-0.01;0.02;-0.01;0.02;-0.31;2.64;0.00;0.00;0.50;0.029
40064.535;4567;-0.28;2.49;363.79;-0.54;2.64;0.00;-0.00;0.50;774;0;1;0;0.19;0.30;0.28;-0.00;-0.01;0.02;-0.01;0.02;-0.29;2.64;0.00;0.00;0.50;0.029
40064.625;4576;-0.26;2.49;363.78;-0.54;2.64;0.00;-0.00;0.50;774;0;1;0;0.19;0.30;0.28;-0.00;-0.01;0.02;-0.01;0.01;-0.26;2.64;0.00;0.00;0.50;0.015
40064.725;4586;-0.23;2.49;363.77;-0.54;2.64;0.00;-0.00;0.50;774;0;1;0;0.19;0.30;0.28;-0.00;-0.01;0.02;-0.01;0.01;-0.23;2.64;0.00;0.00;0.50;0.021
40064.825;4594;-0.21;2.49;363.77;-0.54;2.64;0.00;-0.00;0.50;774;0;1;0;0.18;0.30;0.28;-0.00;-0.01;0.02;-0.01;0.01;-0.20;2.64;0.00;0.00;0.50;0.016
40064.925;4609;-0.16;2.49;363.76;-0.54;2.64;0.00;-0.00;0.50;774;0;1;0;0.18;0.30;0.29;-0.00;-0.01;0.02;-0.01;0.01;-0.18;2.64;0.00;0.00;0.50;0.028
40065.005;4614;-0.15;2.49;363.76;-0.54;2.64;0.00;-0.00;0.50;774;0;1;0;0.18;0.30;0.29;-0.00;-0.01;0.02;-0.02;0.01;-0.15;2.64;0.00;0.00;0.50;0.013
40065.135;4629;-0.11;2.50;363.74;-0.54;2.64;0.00;-0.00;0.50;774;0;1;0;0.17;0.30;0.29;-0.00;-0.01;0.02;-0.02;0.01;-0.13;2.64;0.00;0.00;0.50;0.029
40065.225;4637;-0.08;2.50;363.73;-0.54;2.64;0.00;-0.00;0.50;774;0;1;0;0.17;0.30;0.29;-0.00;-0.01;0.02;-0.02;0.01;-0.09;2.64;0.00;0.00;0.50;0.023
40065.325;4648;-0.05;2.50;363.71;-0.54;2.64;0.00;-0.00;0.50;774;0;1;0;0.17;0.30;0.29;-0.00;-0.01;0.02;-0.02;0.01;-0.06;2.64;0.00;0.00;0.50;0.024
40065.425;4656;-0.03;2.50;363.71;-0.54;2.64;0.00;-0.00;0.50;774;0;1;0;0.16;0.30;0.29;-0.00;-0.01;0.02;-0.02;0.01;-0.03;2.64;0.00;0.00;0.50;0.020
40065.515;4667;0.00;2.50;363.69;-0.54;2.64;0.00;-0.00;0.50;774;0;1;0;0.16;0.30;0.29;-0.00;-0.01;0.02;-0.02;0.01;0.00;2.64;0.00;-0.00;0.50;0.015
40065.615;4676;0.03;2.50;363.68;-0.54;2.64;0.00;-0.00;0.50;774;0;1;0;0.16;0.30;0.29;-0.00;-0.01;0.01;-0.02;0.01;0.03;2.64;0.00;-0.00;0.50;0.015
40065.725;4686;0.06;2.50;363.67;-0.54;2.64;0.00;-0.00;0.50;774;0;1;0;0.15;0.30;0.29;-0.00;-0.01;0.01;-0.02;0.00;0.05;2.64;0.00;-0.00;0.50;0.014
40065.825;4697;0.09;2.51;363.66;-0.54;2.64;0.00;-0.00;0.50;774;0;1;0;0.15;0.30;0.29;-0.00;-0.01;0.01;-0.02;0.00;0.09;2.64;0.00;-0.00;0.50;0.019
40065.915;4705;0.11;2.51;363.65;-0.54;2.64;0.00;-0.00;0.50;774;0;1;0;0.15;0.30;0.29;-0.00;-0.01;0.01;-0.02;0.00;0.11;2.64;0.00;-0.00;0.50;0.015
40066.035;4720;0.15;2.51;363.64;-0.54;2.64;0.00;-0.00;0.50;774;0;1;0;0.14;0.30;0.29;-0.00;-0.01;0.01;-0.02;0.00;0.13;2.64;0.00;-0.00;0.50;0.032
40066.115;4725;0.17;2.51;363.63;-0.54;2.64;0.00;-0.00;0.50;774;0;1;0;0.14;0.30;0.29;-0.00;-0.01;0.01;-0.02;-0.00;0.17;2.64;0.00;-0.00;0.50;0.014
40066.225;4738;0.21;2.51;363.60;-0.54;2.64;0.00;-0.00;0.50;774;0;1;0;0.14;0.30;0.29;-0.00;-0.01;0.01;-0.02;-0.00;0.19;2.64;0.00;-0.00;0.50;0.020
40066.325;4748;0.23;2.51;363.59;-0.54;2.64;0.00;-0.00;0.50;774;0;1;0;0.13;0.30;0.29;-0.00;-0.01;0.01;-0.02;-0.00;0.22;2.64;0.00;-0.00;0.50;0.017
40066.425;4759;0.27;2.52;363.58;-0.54;2.64;0.00;-0.00;0.50;774;0;1;0;0.13;0.30;0.29;-0.00;-0.00;0.01;-0.02;0.00;0.24;2.64;0.00;-0.00;0.50;0.020
40066.515;4767;0.29;2.52;363.57;-0.54;2.64;0.00;-0.00;0.50;774;0;1;0;0.13;0.30;0.29;-0.00;-0.00;0.01;-0.02;0.00;0.28;2.64;-0.00;-0.00;0.50;0.020
40066.615;4776;0.31;2.52;363.56;-0.54;2.64;0.00;-0.00;0.50;774;0;1;0;0.13;0.30;0.29;-0.00;-0.00;0.01;-0.02;0.00;0.32;2.64;-0.00;-0.00;0.50;0.013
40066.715;4786;0.34;2.52;363.56;-0.54;2.64;0.00;-0.00;0.50;774;0;1;0;0.12;0.30;0.29;-0.00;-0.00;0.01;-0.02;0.00;0.34;2.64;-0.00;-0.00;0.50;0.015
40066.825;4796;0.37;2.52;363.55;-0.54;2.64;0.00;-0.00;0.50;774;0;1;0;0.12;0.30;0.29;-0.00;-0.00;0.01;-0.02;-0.00;0.38;2.64;-0.00;-0.00;0.50;0.014
40066.955;4809;0.41;2.52;363.55;0.66;2.64;0.00;-0.00;0.50;165;0;1;0;0.11;0.30;0.29;-0.00;-0.00;0.01;-0.02;0.00;0.40;2.64;-0.00;-0.00;0.50;0.017
40067.015;4815;0.43;2.52;363.55;0.66;2.64;0.00;-0.00;0.50;165;0;1;0;0.11;0.30;0.29;-0.00;-0.00;0.01;-0.01;-0.00;0.66;2.64;0.00;-0.00;0.50;0.014
40067.135;4828;0.46;2.53;363.54;0.66;2.64;0.00;-0.00;0.50;165;0;1;0;0.11;0.30;0.29;-0.00;-0.00;0.01;-0.01;0.00;0.66;2.64;0.00;-0.00;0.50;0.032
40067.235;4838;0.49;2.53;363.54;0.66;2.64;0.00;-0.00;0.50;165;0;1;0;0.10;0.30;0.29;-0.00;-0.00;0.01;-0.01;0.00;0.66;2.64;0.00;-0.00;0.50;0.023
40067.315;4846;0.51;2.53;363.54;0.66;2.64;0.00;-0.00;0.50;165;0;1;0;0.10;0.30;0.29;-0.00;-0.00;0.01;-0.01;0.00;0.66;2.64;0.00;-0.00;0.50;0.014
40067.435;4857;0.55;2.53;363.54;0.66;2.64;0.00;-0.00;0.50;165;0;1;0;0.09;0.30;0.29;-0.00;-0.00;0.01;-0.01;0.00;0.66;2.64;0.00;-0.00;0.50;0.028
40067.525;4865;0.57;2.53;363.55;0.66;2.64;0.00;-0.00;0.50;165;0;1;0;0.09;0.30;0.29;-0.00;-0.00;0.01;-0.01;0.00;0.66;2.64;0.00;-0.00;0.50;0.014
40067.625;4875;0.60;2.53;363.55;0.66;2.64;0.00;-0.00;0.50;165;0;1;0;0.09;0.30;0.29;-0.00;-0.00;0.01;-0.01;-0.00;0.66;2.64;0.00;-0.00;0.50;0.025
40067.735;4889;0.64;2.54;363.47;0.66;2.64;0.00;-0.00;0.50;165;0;1;0;0.08;0.30;0.29;-0.00;-0.00;0.01;-0.01;-0.02;0.66;2.64;0.00;-0.00;0.50;0.027
40067.815;4895;0.65;2.54;363.43;0.66;2.64;0.00;-0.00;0.50;165;0;1;0;0.08;0.30;0.29;-0.00;-0.00;0.01;-0.01;-0.01;0.66;2.64;0.00;-0.00;0.50;0.014
40067.925;4908;0.69;2.54;363.37;0.66;2.64;0.00;-0.00;0.50;165;0;1;0;0.08;0.30;0.29;-0.00;-0.00;0.01;-0.01;-0.00;0.67;2.64;0.00;0.00;0.50;0.021
40068.035;4918;0.72;2.54;363.35;0.66;2.64;0.00;-0.00;0.50;165;0;1;0;0.08;0.30;0.29;-0.00;-0.00;0.01;-0.01;-0.00;0.71;2.64;0.00;0.00;0.50;0.026
40068.125;4927;0.75;2.54;363.33;0.66;2.64;0.00;-0.00;0.50;165;0;1;0;0.08;0.30;0.29;-0.00;-0.00;0.00;-0.00;-0.00;0.73;2.64;0.00;0.00;0.50;0.028
40068.235;4937;0.78;2.54;363.30;0.66;2.64;0.00;-0.00;0.50;165;0;1;0;0.07;0.30;0.29;-0.00;-0.00;0.00;-0.00;-0.00;0.76;2.64;0.00;0.00;0.50;0.030
40068.325;4946;0.80;2.55;363.28;0.96;2.64;0.00;0.00;0.50;165;1;1;0;0.07;0.30;0.29;-0.00;-0.00;0.00;-0.00;-0.00;0.81;2.64;0.00;0.00;0.50;0.026
40068.425;4956;0.83;2.55;363.25;0.96;2.64;0.00;0.00;0.50;165;1;1;0;0.07;0.30;0.29;-0.00;-0.00;0.00;-0.00;-0.00;0.83;2.64;0.00;0.00;0.50;0.021
40068.515;4965;0.86;2.55;363.23;0.96;2.64;0.00;0.00;0.50;165;1;1;0;0.07;0.30;0.29;-0.00;-0.00;0.00;-0.00;-0.00;0.85;2.64;0.00;0.00;0.50;0.010
40068.605;4975;0.89;2.55;363.40;0.96;2.64;0.00;0.00;0.50;165;1;1;0;0.05;0.30;0.30;0.00;-0.00;-0.00;0.01;0.03;0.89;2.64;0.00;0.00;0.50;0.009
40068.725;4988;0.93;2.55;363.47;0.96;2.64;0.00;0.00;0.50;165;1;1;0;0.05;0.30;0.30;-0.00;-0.00;0.00;0.00;0.00;0.91;2.64;0.00;0.00;0.50;0.021
40068.815;4998;0.96;2.56;363.45;0.96;2.64;0.00;0.00;0.50;165;1;1;0;0.04;0.30;0.30;0.00;-0.00;0.00;0.00;-0.00;0.94;2.64;0.00;0.00;0.50;0.014
40068.925;5007;0.98;2.56;363.41;0.96;2.64;0.00;0.00;0.50;165;1;1;0;0.04;0.30;0.30;0.00;-0.00;0.00;0.00;-0.01;0.97;2.64;0.00;0.00;0.50;0.021
40069.015;5016;1.01;2.56;363.38;0.96;2.64;0.00;0.00;0.50;165;1;1;0;0.04;0.30;0.30;0.00;-0.00;0.00;0.00;-0.01;1.01;2.64;0.00;0.00;0.50;0.010
40069.125;5026;1.04;2.56;363.34;0.96;2.64;0.00;0.00;0.50;165;1;1;0;0.04;0.30;0.30;-0.00;-0.00;0.00;0.00;-0.01;1.03;2.64;0.00;0.00;0.50;0.021
40069.225;5035;1.07;2.56;363.31;1.26;2.64;0.00;-0.00;0.50;165;2;1;0;0.03;0.30;0.30;-0.00;-0.00;0.00;0.00;-0.01;1.07;2.64;0.00;0.00;0.50;0.020
40069.315;5045;1.10;2.56;363.27;1.26;2.64;0.00;-0.00;0.50;165;2;1;0;0.03;0.30;0.30;-0.00;-0.00;0.00;0.00;-0.01;1.09;2.64;0.00;0.00;0.50;0.009
40069.425;5059;1.14;2.57;363.22;1.26;2.64;0.00;-0.00;0.50;165;2;1;0;0.03;0.30;0.30;-0.00;-0.00;0.00;0.00;-0.01;1.12;2.64;0.00;0.00;0.50;0.017
40069.515;5064;1.15;2.57;363.20;1.26;2.64;0.00;-0.00;0.50;165;2;1;0;0.03;0.30;0.30;-0.00;-0.00;0.00;-0.00;-0.01;1.15;2.64;0.00;0.00;0.50;0.010
40069.615;5077;1.19;2.57;363.14;1.26;2.64;0.00;-0.00;0.50;165;2;1;0;0.02;0.30;0.30;-0.00;-0.00;0.00;-0.00;-0.01;1.18;2.64;0.00;0.00;0.50;0.011
40069.705;5087;1.22;2.57;363.11;1.26;2.64;0.00;-0.00;0.50;165;2;1;0;0.02;0.30;0.30;-0.00;-0.00;0.00;-0.00;-0.01;1.21;2.64;0.00;-0.00;0.50;0.008
40069.815;5096;1.25;2.57;363.07;1.26;2.64;0.00;-0.00;0.50;165;2;1;0;0.02;0.30;0.30;-0.00;-0.00;0.00;-0.00;-0.01;1.25;2.64;0.00;-0.00;0.50;0.007
40069.905;5106;1.28;2.57;363.03;1.26;2.64;0.00;-0.00;0.50;165;2;1;0;0.02;0.30;0.30;-0.00;-0.00;0.00;-0.00;-0.01;1.27;2.64;0.00;-0.00;0.50;0.005
40070.005;5115;1.31;2.57;363.00;1.26;2.64;0.00;-0.00;0.50;165;2;1;0;0.02;0.30;0.30;-0.00;-0.00;0.00;-0.00;-0.01;1.31;2.64;0.00;-0.00;0.50;0.006
40070.115;5125;1.34;2.58;362.96;1.26;2.64;0.00;-0.00;0.50;165;2;1;0;0.01;0.30;0.30;-0.00;-0.00;0.00;-0.00;-0.01;1.33;2.64;0.00;-0.00;0.50;0.008
40070.225;5139;1.38;2.58;362.91;1.55;2.64;-0.00;-0.00;0.50;165;3;1;0;0.01;0.30;0.30;-0.00;-0.00;0.00;-0.00;-0.01;1.36;2.64;0.00;-0.00;0.50;0.015
40070.305;5144;1.39;2.58;362.89;1.55;2.64;-0.00;-0.00;0.50;165;3;1;0;0.01;0.30;0.30;-0.00;-0.00;0.00;-0.00;-0.01;1.39;2.64;0.00;-0.00;0.50;0.003
40070.415;5155;1.43;2.58;362.85;1.55;2.64;-0.00;-0.00;0.50;165;3;1;0;0.01;0.30;0.30;-0.00;-0.00;0.00;0.00;-0.01;1.43;2.64;0.00;-0.00;0.50;0.006
40070.505;5163;1.45;2.58;362.83;1.55;2.64;-0.00;-0.00;0.50;165;3;1;0;0.01;0.30;0.30;-0.00;-0.00;0.00;0.00;-0.01;1.45;2.64;-0.00;-0.00;0.50;0.003
40070.605;5174;1.48;2.58;362.80;1.55;2.64;-0.00;-0.00;0.50;165;3;1;0;0.01;0.30;0.30;-0.00;-0.00;-0.00;-0.00;-0.00;1.48;2.64;-0.00;-0.00;0.50;0.003
40070.705;5186;1.52;2.59;362.76;1.55;2.64;-0.00;-0.00;0.50;165;3;1;0;0.00;0.30;0.30;-0.00;-0.00;0.00;0.00;-0.00;1.52;2.64;-0.00;-0.00;0.50;0.005
40070.815;5197;1.55;2.59;362.73;1.55;2.64;-0.00;-0.00;0.50;165;3;1;0;0.00;0.30;0.30;-0.00;-0.00;0.00;0.00;-0.00;1.55;2.64;-0.00;-0.00;0.50;0.003
40070.905;5205;1.58;2.59;362.71;1.55;2.64;-0.00;-0.00;0.50;165;3;1;0;-0.00;0.30;0.30;-0.00;-0.00;0.00;0.00;-0.01;1.58;2.64;-0.00;-0.00;0.50;0.004
40071.045;5220;1.62;2.59;362.66;1.86;2.64;0.00;0.00;-0.50;238;0;1;2;-0.00;0.30;0.30;-0.00;-0.00;0.00;0.00;-0.01;1.61;2.64;-0.00;-0.00;0.50;0.040
40071.165;5233;1.66;2.59;362.83;1.46;2.64;0.00;-0.00;0.50;121;0;1;0;0.25;0.26;0.27;-0.01;0.00;-0.00;0.01;0.22;1.63;2.64;0.00;-0.00;-0.50;0.030
40071.225;5238;1.67;2.59;363.49;1.76;2.64;0.00;0.00;0.50;121;1;1;0;-0.05;0.27;0.26;-0.01;0.00;0.02;-0.03;0.24;1.67;2.64;0.00;0.00;0.50;0.026
40071.315;5248;1.70;2.59;363.37;1.76;2.64;0.00;0.00;0.50;121;1;1;0;-0.05;0.28;0.27;0.00;0.00;-0.00;0.01;-0.09;1.69;2.64;0.00;0.00;0.50;0.020
40071.425;5257;1.73;2.60;363.00;1.76;2.64;0.00;0.00;0.50;121;1;1;0;-0.03;0.29;0.28;0.00;0.00;-0.00;0.00;-0.06;1.71;2.64;0.00;0.00;0.50;0.023
40071.525;5267;1.75;2.60;362.78;1.76;2.64;0.00;0.00;0.50;121;1;1;0;-0.03;0.30;0.29;-0.00;-0.00;0.00;0.00;-0.03;1.75;2.64;0.00;0.00;0.50;0.019
40071.625;5278;1.79;2.60;362.67;1.76;2.64;0.00;0.00;0.50;121;1;1;0;-0.02;0.30;0.30;0.00;-0.00;0.00;0.00;-0.01;1.79;2.64;0.00;0.00;0.50;0.021
40071.725;5287;1.81;2.60;362.63;2.06;2.64;0.00;-0.00;0.50;121;2;1;0;-0.02;0.30;0.30;0.00;-0.00;0.00;0.00;-0.01;1.81;2.64;0.00;0.00;0.50;0.014
40071.805;5297;1.84;2.60;362.58;2.06;2.64;0.00;-0.00;0.50;121;2;1;0;-0.03;0.30;0.30;0.00;-0.00;0.00;0.00;-0.01;1.83;2.64;0.00;0.00;0.50;0.007
40071.915;5306;1.87;2.60;362.55;2.06;2.64;0.00;-0.00;0.50;121;2;1;0;-0.03;0.30;0.30;0.00;-0.00;0.00;0.00;-0.01;1.87;2.64;0.00;0.00;0.50;0.012
40072.015;5316;1.90;2.60;362.51;2.06;2.64;0.00;-0.00;0.50;121;2;1;0;-0.03;0.30;0.30;0.00;-0.00;0.00;0.00;-0.01;1.91;2.64;0.00;0.00;0.50;0.012
40072.105;5325;1.93;2.60;362.47;2.06;2.64;0.00;-0.00;0.50;121;2;1;0;-0.03;0.30;0.30;0.00;-0.00;0.00;0.00;-0.01;1.93;2.64;0.00;0.00;0.50;0.008
40072.215;5336;1.96;2.61;362.43;2.06;2.64;0.00;-0.00;0.50;121;2;1;0;-0.03;0.30;0.30;0.00;-0.00;0.00;0.00;-0.01;1.97;2.64;0.00;0.00;0.50;0.012
40072.315;5344;1.99;2.61;362.41;2.06;2.64;0.00;-0.00;0.50;121;2;1;0;-0.03;0.30;0.30;0.00;0.00;-0.00;0.00;-0.00;1.99;2.64;0.00;-0.00;0.50;0.007
40072.415;5354;2.02;2.61;362.39;2.06;2.64;0.00;-0.00;0.50;121;2;1;0;-0.03;0.30;0.30;0.00;0.00;-0.00;0.00;-0.00;2.01;2.64;0.00;-0.00;0.50;0.007
40072.515;5364;2.05;2.61;362.35;2.06;2.64;0.00;-0.00;0.50;121;2;1;0;-0.04;0.30;0.30;0.00;0.00;-0.00;0.00;-0.01;2.05;2.64;0.00;-0.00;0.50;0.012
40072.615;5378;2.09;2.61;362.30;2.06;2.64;0.00;-0.00;0.50;121;2;1;0;-0.04;0.30;0.30;-0.00;0.00;0.00;-0.00;-0.01;2.07;2.64;0.00;-0.00;0.50;0.013
40072.715;5387;2.12;2.61;362.26;2.35;2.64;-0.00;-0.00;0.50;121;3;1;0;-0.04;0.30;0.30;-0.00;0.00;0.00;-0.00;-0.01;2.10;2.64;0.00;-0.00;0.50;0.012
40072.805;5397;2.15;2.61;362.22;2.35;2.64;-0.00;-0.00;0.50;121;3;1;0;-0.04;0.30;0.30;0.00;0.00;0.00;-0.00;-0.01;2.15;2.64;0.00;-0.00;0.50;0.006
40072.915;5406;2.17;2.61;362.18;2.35;2.64;-0.00;-0.00;0.50;121;3;1;0;-0.04;0.30;0.30;0.00;0.00;0.00;-0.00;-0.01;2.17;2.64;0.00;-0.00;0.50;0.006
40073.005;5417;2.21;2.62;362.13;2.35;2.64;-0.00;-0.00;0.50;121;3;1;0;-0.04;0.30;0.30;0.00;0.00;0.00;-0.00;-0.01;2.21;2.64;0.00;-0.00;0.50;0.006
40073.115;5425;2.23;2.62;362.10;2.35;2.64;-0.00;-0.00;0.50;121;3;1;0;-0.04;0.30;0.30;0.00;0.00;0.00;-0.00;-0.01;2.23;2.64;0.00;-0.00;0.50;0.007
40073.205;5436;2.26;2.62;362.06;2.35;2.64;-0.00;-0.00;0.50;121;3;1;0;-0.04;0.30;0.30;0.00;0.00;0.00;-0.00;-0.01;2.27;2.64;-0.00;-0.00;0.50;0.003
40073.305;5444;2.29;2.62;362.03;2.35;2.64;-0.00;-0.00;0.50;121;3;1;0;-0.04;0.30;0.30;0.00;0.00;0.00;-0.00;-0.01;2.29;2.64;-0.00;-0.00;0.50;0.003
40073.405;5454;2.32;2.62;361.99;2.35;2.64;-0.00;-0.00;0.50;121;3;1;0;-0.04;0.30;0.30;0.00;0.00;0.00;-0.00;-0.01;2.32;2.64;-0.00;-0.00;0.50;0.003
40073.505;5467;2.36;2.62;361.94;2.35;2.64;-0.00;-0.00;0.50;121;3;1;0;-0.04;0.30;0.30;0.00;0.00;0.00;-0.00;-0.01;2.35;2.64;-0.00;-0.00;0.50;0.003
40073.625;5477;2.39;2.62;361.90;2.66;2.64;0.00;0.00;-0.50;663;0;1;2;-0.04;0.30;0.30;0.00;0.00;0.00;-0.00;-0.01;2.39;2.64;-0.00;-0.00;0.50;0.021
40073.735;5486;2.41;2.62;361.87;2.26;2.64;0.00;0.00;-0.50;933;0;1;2;0.14;0.26;0.30;0.00;0.00;0.00;-0.00;-0.01;2.41;2.64;0.00;-0.00;-0.50;0.017
40073.825;5496;2.44;2.62;362.42;2.26;2.64;0.00;0.00;-0.50;933;0;1;2;0.16;0.20;0.26;-0.00;0.01;-0.01;0.04;0.18;2.26;2.64;0.00;0.00;-0.50;0.015
40073.935;5510;2.47;2.62;363.46;2.26;2.64;0.00;0.00;-0.50;933;0;1;2;0.21;0.15;0.20;-0.01;-0.00;0.01;-0.02;0.09;2.26;2.64;0.00;0.00;-0.50;0.028
40074.035;5515;2.48;2.63;363.74;2.26;2.64;0.00;0.00;-0.50;933;0;1;2;0.23;0.09;0.15;-0.01;0.00;0.00;-0.00;0.09;2.26;2.64;0.00;0.00;-0.50;0.023
40074.125;5526;2.49;2.63;364.07;2.26;2.64;0.00;0.00;-0.50;933;0;1;2;0.24;0.04;0.09;-0.00;-0.00;0.00;-0.01;0.02;2.26;2.64;0.00;0.00;-0.50;0.021
40074.225;5538;2.50;2.63;363.96;2.26;2.64;0.00;0.00;-0.50;933;0;1;2;0.23;-0.02;0.03;0.00;-0.00;0.00;-0.01;-0.05;2.26;2.64;0.00;0.00;-0.50;0.023
40074.325;5549;2.50;2.63;363.58;2.26;2.64;0.00;0.00;-0.50;933;0;1;2;0.22;-0.07;-0.02;0.00;0.00;-0.00;0.00;-0.05;2.26;2.64;0.00;0.00;-0.50;0.018
40074.415;5557;2.50;2.63;363.25;2.26;2.64;0.00;0.00;-0.50;933;0;1;2;0.20;-0.12;-0.07;0.00;0.00;-0.00;-0.00;-0.07;2.26;2.64;0.00;0.00;-0.50;0.015
40074.535;5568;2.48;2.63;362.78;2.26;2.64;0.00;0.00;-0.50;933;0;1;2;0.18;-0.16;-0.11;-0.00;0.00;-0.01;-0.02;-0.07;2.26;2.64;0.00;0.00;-0.50;0.028
40074.635;5576;2.47;2.63;362.47;2.26;2.64;0.00;0.00;-0.50;933;0;1;2;0.16;-0.20;-0.17;0.01;-0.00;-0.01;-0.01;-0.06;2.26;2.64;0.00;0.00;-0.50;0.027
40074.725;5587;2.45;2.62;362.06;2.26;2.64;0.00;0.00;-0.50;933;0;1;2;0.14;-0.24;-0.20;-0.00;0.00;0.00;-0.01;-0.07;2.26;2.64;0.00;0.00;-0.50;0.017
40074.825;5596;2.43;2.62;361.71;2.26;2.64;0.00;0.00;-0.50;933;0;1;2;0.13;-0.27;-0.24;-0.00;-0.00;0.00;-0.01;-0.06;2.26;2.64;0.00;0.00;-0.50;0.025
40074.965;5610;2.40;2.62;361.29;2.11;2.67;13.50;0.54;0.50;238;1;1;5;0.11;-0.30;-0.27;-0.00;-0.00;0.00;-0.01;-0.04;2.26;2.64;0.00;0.00;-0.50;0.027
40075.025;5615;2.38;2.62;361.18;2.53;2.95;55.14;0.53;0.50;238;2;1;5;0.79;-0.24;-0.29;0.00;-0.00;0.01;-0.01;-0.04;2.31;2.75;31.29;0.54;0.50;0.020
40075.115;5625;2.36;2.62;359.42;2.53;2.95;55.14;0.53;0.50;238;2;1;5;0.79;-0.17;-0.24;0.00;-0.01;0.01;0.01;-0.82;2.29;2.73;28.76;0.54;0.50;0.009
40075.225;5639;2.33;2.63;355.11;2.53;2.95;55.14;0.53;0.50;238;2;1;5;0.79;-0.11;-0.17;0.01;-0.01;-0.02;0.05;-0.33;2.27;2.73;27.50;0.54;0.50;0.018
40075.305;5644;2.32;2.63;354.61;2.53;2.95;55.14;0.53;0.50;238;2;1;5;0.79;-0.05;-0.12;0.00;-0.01;0.01;-0.01;-0.05;2.27;2.73;27.50;0.54;0.50;0.006
40075.415;5657;2.31;2.63;355.39;2.53;2.95;55.14;0.53;0.50;238;2;1;5;0.79;0.01;-0.03;0.00;-0.01;0.03;-0.06;0.13;2.26;2.72;26.23;0.54;0.50;0.182
