t;frame;x;y;z;x_ref;y_ref;z_ref;delta_ref;u_ref;state;ellipse;control;action;delta;u;vx;vy;vz;wx;wy;wz;xr;yr;zr;delr;ur
372.425;13;1.20;-2.18;80.50;0.96;-2.26;90.00;0.00;0.50;421;0;1;0;0.79;0.02;0.00;-0.00;-0.00;-0.00;0.00;0.00;0.96;-2.18;90.00;-0.00;0.50;0.049
372.495;20;1.20;-2.18;80.50;0.96;-2.26;90.00;0.00;0.50;421;0;1;0;0.79;0.05;0.00;-0.00;-0.00;-0.00;0.00;0.00;0.96;-2.18;90.00;-0.00;0.50;0.027
372.615;29;1.20;-2.18;80.50;0.96;-2.26;90.00;0.00;0.50;421;0;1;0;0.79;0.07;0.00;-0.00;-0.00;-0.00;0.00;0.00;0.96;-2.18;90.00;-0.00;0.50;0.033
372.695;38;1.20;-2.18;81.14;0.96;-2.26;90.00;0.00;0.50;421;0;1;0;0.79;0.09;0.06;0.00;-0.00;-0.04;0.03;0.25;0.96;-2.18;90.00;-0.00;0.50;0.018
372.785;49;1.20;-2.17;82.99;0.96;-2.26;90.00;0.00;0.50;421;0;1;0;0.79;0.11;0.09;-0.00;-0.00;-0.00;-0.00;0.28;0.96;-2.17;90.00;-0.00;0.50;0.014
372.905;57;1.20;-2.16;84.41;0.96;-2.26;90.00;0.00;0.50;421;0;1;0;0.79;0.13;0.11;-0.00;-0.01;-0.00;-0.00;0.30;0.96;-2.16;90.00;-0.00;0.50;0.026
372.985;68;1.21;-2.15;86.27;0.96;-2.26;90.00;0.00;0.50;421;0;1;0;0.77;0.14;0.13;-0.01;-0.01;-0.04;0.03;0.31;0.96;-2.15;90.00;-0.00;0.50;0.013
373.085;76;1.21;-2.14;87.64;0.96;-2.26;90.00;0.00;0.50;421;0;1;0;0.71;0.16;0.14;0.00;-0.01;-0.11;0.07;0.28;0.96;-2.14;90.00;-0.00;0.50;0.016
373.185;87;1.21;-2.12;89.28;0.96;-2.26;90.00;0.00;0.50;421;0;1;0;0.63;0.18;0.18;0.00;-0.01;0.03;-0.04;0.22;0.96;-2.12;90.00;-0.00;0.50;0.012
373.285;95;1.21;-2.11;90.35;0.96;-2.26;90.00;0.00;0.50;421;0;1;0;0.58;0.19;0.16;-0.03;-0.01;0.02;-0.01;0.20;0.96;-2.11;90.00;-0.00;0.50;0.012
373.405;110;1.21;-2.08;92.17;0.96;-2.26;90.00;0.00;0.50;421;0;1;0;0.50;0.21;0.19;-0.02;-0.01;-0.12;0.07;0.18;0.96;-2.09;90.00;-0.00;0.50;0.027
373.485;119;1.21;-2.06;93.30;0.96;-2.26;90.00;0.00;0.50;421;0;1;0;0.45;0.22;0.20;-0.02;-0.01;-0.10;0.06;0.15;0.96;-2.07;90.00;-0.00;0.50;0.015
373.625;129;1.21;-2.04;94.09;0.94;-1.60;103.50;0.54;0.50;422;1;1;4;0.41;0.23;0.22;0.01;-0.01;-0.06;0.02;0.09;0.96;-2.05;90.00;-0.00;0.50;0.024
373.685;137;1.21;-2.02;94.50;0.94;-1.60;103.50;0.54;0.50;422;1;1;4;-0.14;0.24;0.23;0.01;-0.01;-0.07;0.03;0.04;0.96;-1.85;90.00;0.07;0.06;0.008
373.785;148;1.21;-1.99;92.94;0.94;-1.60;103.50;0.54;0.50;422;1;1;4;-0.02;0.25;0.25;0.02;-0.01;0.08;-0.05;-0.42;0.96;-1.85;90.00;0.07;0.06;0.010
373.885;156;1.21;-1.97;91.46;0.94;-1.60;103.50;0.54;0.50;422;1;1;4;0.08;0.25;0.25;0.00;-0.01;-0.01;-0.00;-0.24;0.96;-1.85;90.00;0.07;0.06;0.009
373.995;166;1.21;-1.95;90.81;0.94;-1.60;103.50;0.54;0.50;422;1;1;4;0.16;0.26;0.25;0.00;-0.01;0.03;-0.02;-0.03;0.96;-1.85;90.00;0.07;0.06;0.018
374.085;176;1.21;-1.92;90.85;0.94;-1.60;103.50;0.54;0.50;422;1;1;4;0.22;0.26;0.26;-0.00;-0.01;0.01;-0.01;0.06;0.96;-1.85;90.00;0.07;0.06;0.010
374.195;190;1.21;-1.89;91.45;0.94;-1.60;103.50;0.54;0.50;422;1;1;4;0.25;0.25;0.27;-0.01;-0.01;0.04;-0.03;0.09;0.96;-1.85;90.00;0.07;0.06;0.010
374.295;199;1.20;-1.86;91.99;0.94;-1.60;103.50;0.54;0.50;422;1;1;4;0.32;0.25;0.26;0.00;-0.01;-0.00;-0.00;0.09;0.96;-1.85;90.04;0.10;0.09;0.020
374.385;209;1.20;-1.84;92.75;0.94;-1.60;103.50;0.54;0.50;422;1;1;4;0.38;0.24;0.25;0.00;-0.01;-0.00;-0.00;0.14;0.96;-1.84;90.19;0.15;0.14;0.015
374.485;218;1.20;-1.82;93.57;0.94;-1.60;103.50;0.54;0.50;422;1;1;4;0.42;0.24;0.24;0.00;-0.01;-0.04;0.02;0.15;0.96;-1.82;90.51;0.20;0.18;0.013
374.585;227;1.20;-1.79;94.38;0.94;-1.60;103.50;0.54;0.50;422;1;1;4;0.47;0.24;0.23;0.01;-0.01;-0.08;0.04;0.14;0.96;-1.80;91.34;0.26;0.24;0.013
374.695;238;1.20;-1.77;95.52;0.94;-1.60;103.50;0.54;0.50;422;1;1;4;0.50;0.23;0.24;0.00;-0.01;-0.04;0.01;0.17;0.96;-1.78;91.97;0.30;0.27;0.019
374.785;246;1.20;-1.75;96.37;0.94;-1.60;103.50;0.54;0.50;422;1;1;4;0.54;0.23;0.24;-0.00;-0.01;-0.03;0.01;0.19;0.96;-1.76;92.77;0.33;0.30;0.010
374.885;255;1.19;-1.73;97.49;0.94;-1.60;103.50;0.54;0.50;422;1;1;4;0.57;0.24;0.24;-0.04;-0.06;0.15;0.14;0.29;0.96;-1.74;93.76;0.36;0.33;0.009
374.995;269;1.20;-1.69;99.86;0.94;-1.60;103.50;0.54;0.50;422;1;1;4;0.56;0.23;0.23;-0.03;-0.01;-0.14;0.06;0.26;0.96;-1.73;94.33;0.38;0.35;0.021
375.085;279;1.19;-1.67;101.73;0.94;-1.60;103.50;0.54;0.50;422;1;1;4;0.57;0.23;0.23;-0.02;-0.01;-0.07;0.02;0.25;0.96;-1.71;95.64;0.41;0.38;0.016
375.185;288;1.19;-1.65;103.23;0.94;-1.60;103.50;0.54;0.50;422;1;1;4;0.58;0.23;0.22;-0.02;-0.01;-0.05;0.01;0.26;0.96;-1.70;96.39;0.43;0.39;0.018
375.295;299;1.19;-1.62;105.07;0.94;-1.60;103.50;0.54;0.50;422;1;1;4;0.61;0.23;0.25;-0.04;-0.01;0.09;-0.05;0.33;0.95;-1.67;98.07;0.46;0.42;0.022
375.385;307;1.19;-1.61;106.42;0.94;-1.60;103.50;0.54;0.50;422;1;1;4;0.65;0.23;0.23;-0.01;-0.01;-0.06;0.01;0.25;0.95;-1.65;100.02;0.49;0.45;0.008
375.495;318;1.18;-1.58;108.06;0.94;-1.60;103.50;0.54;0.50;422;1;1;4;0.66;0.23;0.24;0.00;-0.01;0.02;-0.03;0.26;0.94;-1.63;101.11;0.51;0.47;0.016
375.575;326;1.17;-1.56;109.39;0.94;-1.60;103.50;0.54;0.50;422;1;1;4;0.67;0.23;0.22;-0.02;-0.01;-0.11;0.03;0.24;0.94;-1.62;102.27;0.53;0.48;0.007
375.685;337;1.17;-1.54;111.47;0.94;-1.60;103.50;0.54;0.50;422;1;1;4;0.68;0.23;0.24;-0.05;-0.01;0.05;-0.03;0.39;0.94;-1.60;103.50;0.54;0.50;0.011
375.785;345;1.17;-1.52;113.20;0.65;-1.19;145.14;0.53;0.50;422;2;1;4;0.66;0.23;0.24;-0.05;-0.01;0.07;-0.04;0.40;0.93;-1.59;104.78;0.54;0.50;0.014
375.885;356;1.16;-1.50;115.69;0.65;-1.19;145.14;0.53;0.50;422;2;1;4;0.32;0.25;0.22;-0.05;-0.01;-0.02;0.01;0.34;0.92;-1.56;107.33;0.54;0.50;0.007
375.985;368;1.15;-1.47;116.71;0.65;-1.19;145.14;0.53;0.50;422;2;1;4;0.35;0.27;0.26;-0.02;-0.01;0.10;-0.02;-0.03;0.92;-1.56;107.33;0.54;0.50;0.010
376.085;379;1.14;-1.44;116.81;0.65;-1.19;145.14;0.53;0.50;422;2;1;4;0.45;0.28;0.27;0.01;-0.01;-0.07;0.00;0.01;0.91;-1.53;109.88;0.54;0.50;0.011
376.185;387;1.13;-1.42;117.42;0.65;-1.19;145.14;0.53;0.50;422;2;1;4;0.50;0.30;0.28;0.00;-0.01;-0.02;-0.00;0.15;0.91;-1.52;111.15;0.54;0.50;0.008
376.285;398;1.11;-1.39;118.63;0.65;-1.19;145.14;0.53;0.50;422;2;1;4;0.56;0.30;0.31;0.00;-0.01;0.04;-0.01;0.23;0.90;-1.49;113.69;0.54;0.50;0.008
376.395;406;1.10;-1.37;119.69;0.65;-1.19;145.14;0.53;0.50;422;2;1;4;0.58;0.30;0.31;0.00;-0.01;0.03;-0.02;0.26;0.89;-1.47;114.96;0.54;0.50;0.014
376.485;417;1.09;-1.34;121.57;0.65;-1.19;145.14;0.53;0.50;422;2;1;4;0.62;0.30;0.28;-0.03;-0.01;-0.14;0.01;0.25;0.88;-1.45;117.50;0.54;0.50;0.013
376.575;426;1.08;-1.32;123.54;0.65;-1.19;145.14;0.53;0.50;422;2;1;4;0.62;0.30;0.27;-0.06;-0.01;-0.00;0.01;0.42;0.87;-1.43;118.76;0.54;0.50;0.005
376.685;436;1.07;-1.29;125.83;0.65;-1.19;145.14;0.53;0.50;422;2;1;4;0.61;0.30;0.29;-0.03;-0.01;-0.07;-0.00;0.38;0.86;-1.42;120.03;0.54;0.50;0.010
376.785;449;1.05;-1.26;128.79;0.65;-1.19;145.14;0.53;0.50;422;2;1;4;0.59;0.30;0.29;-0.03;-0.01;-0.07;-0.00;0.34;0.85;-1.40;121.29;0.54;0.50;0.011
376.875;455;1.04;-1.25;130.02;0.65;-1.19;145.14;0.53;0.50;422;2;1;4;0.62;0.30;0.29;-0.04;-0.01;-0.01;0.00;0.34;0.84;-1.38;123.82;0.54;0.50;0.005
376.985;468;1.01;-1.21;132.73;0.65;-1.19;145.14;0.53;0.50;422;2;1;4;0.61;0.30;0.29;-0.04;-0.01;0.05;0.02;0.41;0.83;-1.37;125.08;0.54;0.50;0.013
377.075;478;1.00;-1.19;134.77;0.65;-1.19;145.14;0.53;0.50;422;2;1;4;0.63;0.30;0.29;-0.05;-0.01;0.05;0.01;0.39;0.81;-1.34;127.60;0.54;0.50;0.010
377.185;486;0.98;-1.17;136.49;0.65;-1.19;145.14;0.53;0.50;422;2;1;4;0.62;0.30;0.28;-0.04;-0.01;-0.02;0.00;0.39;0.80;-1.33;128.86;0.54;0.50;0.006
377.285;497;0.96;-1.15;138.94;0.65;-1.19;145.14;0.53;0.50;422;2;1;4;0.63;0.30;0.29;-0.05;-0.01;0.06;0.01;0.43;0.78;-1.30;131.38;0.54;0.50;0.011
377.375;506;0.95;-1.13;140.98;0.65;-1.19;145.14;0.53;0.50;422;2;1;4;0.62;0.30;0.28;-0.05;-0.01;0.04;0.02;0.41;0.77;-1.29;132.63;0.54;0.50;0.005
377.475;516;0.93;-1.11;143.11;0.65;-1.19;145.14;0.53;0.50;422;2;1;4;0.61;0.30;0.28;-0.05;-0.01;0.04;0.02;0.40;0.76;-1.28;133.89;0.54;0.50;0.008
377.585;525;0.91;-1.09;144.95;0.65;-1.19;145.14;0.53;0.50;422;2;1;4;0.62;0.30;0.28;-0.04;-0.01;0.04;0.02;0.38;0.74;-1.26;136.39;0.53;0.50;0.011
377.685;536;0.89;-1.07;147.21;0.65;-1.19;145.14;0.53;0.50;422;2;1;4;0.61;0.30;0.28;-0.04;-0.01;0.04;0.00;0.39;0.73;-1.25;137.65;0.53;0.50;0.011
377.775;544;0.87;-1.06;148.88;0.65;-1.19;145.14;0.53;0.50;422;2;1;4;0.60;0.30;0.28;-0.04;-0.01;0.03;0.00;0.37;0.72;-1.24;138.90;0.53;0.50;0.005
377.875;554;0.85;-1.04;150.83;0.65;-1.19;145.14;0.53;0.50;422;2;1;4;0.62;0.30;0.28;-0.03;-0.00;0.03;-0.01;0.33;0.69;-1.22;141.40;0.53;0.50;0.005
377.985;568;0.81;-1.02;153.54;0.65;-1.19;145.14;0.53;0.50;422;2;1;4;0.59;0.29;0.27;-0.04;-0.00;0.03;-0.01;0.35;0.68;-1.21;142.65;0.53;0.50;0.009
378.075;577;0.79;-1.00;155.20;0.65;-1.19;145.14;0.53;0.50;422;2;1;4;0.61;0.29;0.29;-0.02;-0.00;0.03;0.01;0.30;0.65;-1.19;145.14;0.53;0.50;0.005
378.185;587;0.77;-0.99;156.92;0.65;-1.19;145.14;0.53;0.50;422;2;1;4;0.60;0.28;0.27;-0.02;-0.00;-0.05;-0.03;0.29;0.64;-1.18;146.38;0.53;0.50;0.006
378.285;595;0.75;-0.98;158.25;0.65;-1.19;145.14;0.53;0.50;422;2;1;4;0.60;0.28;0.28;-0.00;-0.00;-0.04;-0.04;0.25;0.63;-1.17;147.61;0.52;0.50;0.006
378.375;605;0.72;-0.97;159.85;0.17;-1.05;179.43;0.38;0.50;422;3;1;4;0.61;0.27;0.28;-0.00;-0.00;-0.07;-0.06;0.26;0.60;-1.16;150.02;0.51;0.50;0.008
378.485;615;0.69;-0.96;161.61;0.17;-1.05;179.43;0.38;0.50;422;3;1;4;0.37;0.30;0.28;-0.00;-0.00;-0.05;-0.03;0.27;0.59;-1.15;151.21;0.51;0.50;0.011
378.585;628;0.66;-0.94;163.15;0.17;-1.05;179.43;0.38;0.50;422;3;1;4;0.41;0.30;0.29;-0.02;-0.01;-0.10;-0.08;0.05;0.56;-1.14;153.55;0.50;0.50;0.007
378.685;637;0.63;-0.93;164.11;0.17;-1.05;179.43;0.38;0.50;422;3;1;4;0.43;0.30;0.29;-0.03;-0.01;-0.07;-0.05;0.20;0.55;-1.13;154.69;0.50;0.50;0.010
378.785;645;0.61;-0.93;165.21;0.17;-1.05;179.43;0.38;0.50;422;3;1;4;0.44;0.30;0.31;0.00;-0.01;-0.05;-0.06;0.22;0.53;-1.12;155.83;0.49;0.50;0.007
378.915;661;0.56;-0.92;167.19;-0.02;-1.07;188.63;0.49;0.50;539;1;1;2;0.46;0.30;0.31;-0.00;-0.00;-0.02;-0.02;0.19;0.51;-1.11;158.07;0.48;0.50;0.028
378.975;665;0.55;-0.91;167.73;-0.02;-1.07;188.63;0.49;0.50;539;1;1;2;0.22;0.30;0.32;-0.02;-0.00;0.04;0.04;0.26;0.16;-1.06;180.00;0.06;0.06;0.009
379.095;680;0.50;-0.90;168.10;-0.02;-1.07;188.63;0.49;0.50;539;1;1;2;0.31;0.30;0.32;0.00;-0.00;0.02;0.02;-0.11;0.16;-1.06;180.00;0.06;0.06;0.019
379.185;688;0.48;-0.90;167.95;-0.02;-1.07;188.63;0.49;0.50;539;1;1;2;0.37;0.30;0.32;0.00;-0.01;0.04;0.02;0.04;0.16;-1.06;180.00;0.06;0.06;0.009
379.285;697;0.45;-0.89;168.40;-0.02;-1.07;188.63;0.49;0.50;539;1;1;2;0.41;0.30;0.32;-0.00;-0.00;0.07;0.05;0.15;0.16;-1.06;180.00;0.06;0.06;0.015
379.385;707;0.42;-0.88;169.67;-0.02;-1.07;188.63;0.49;0.50;539;1;1;2;0.42;0.30;0.30;-0.02;-0.01;-0.04;-0.05;0.22;0.16;-1.06;180.00;0.06;0.06;0.009
379.485;716;0.40;-0.88;171.13;-0.02;-1.07;188.63;0.49;0.50;539;1;1;2;0.42;0.30;0.31;-0.03;-0.01;0.06;0.06;0.32;0.16;-1.06;180.00;0.06;0.06;0.016
379.575;725;0.37;-0.87;172.47;-0.02;-1.07;188.63;0.49;0.50;539;1;1;2;0.42;0.30;0.33;-0.01;-0.01;0.07;0.07;0.31;0.16;-1.06;180.00;0.06;0.06;0.007
379.675;736;0.34;-0.86;174.10;-0.02;-1.07;188.63;0.49;0.50;539;1;1;2;0.42;0.30;0.29;-0.04;-0.01;-0.03;-0.02;0.23;0.16;-1.06;180.00;0.06;0.06;0.008
379.775;744;0.31;-0.86;175.39;-0.02;-1.07;188.63;0.49;0.50;539;1;1;2;0.41;0.30;0.29;-0.05;-0.01;-0.00;-0.00;0.29;0.16;-1.06;180.00;0.06;0.06;0.009
379.885;759;0.27;-0.85;177.71;-0.02;-1.07;188.63;0.49;0.50;539;1;1;2;0.40;0.30;0.29;-0.02;-0.01;-0.06;-0.09;0.22;0.16;-1.06;180.00;0.06;0.06;0.020
379.995;768;0.24;-0.85;179.05;-0.02;-1.07;188.63;0.49;0.50;539;1;1;2;0.40;0.30;0.31;-0.05;-0.01;0.07;0.12;0.33;0.16;-1.06;180.00;0.06;0.06;0.020
380.085;778;0.21;-0.85;180.37;-0.02;-1.07;188.63;0.49;0.50;539;1;1;2;0.40;0.30;0.30;-0.00;-0.01;-0.03;-0.06;0.18;0.16;-1.06;180.00;0.06;0.06;0.011
380.185;786;0.19;-0.85;181.44;-0.02;-1.07;188.63;0.49;0.50;539;1;1;2;0.39;0.29;0.29;-0.03;-0.01;-0.00;-0.01;0.22;0.16;-1.06;180.00;0.06;0.06;0.015
380.285;797;0.15;-0.85;182.65;-0.02;-1.07;188.63;0.49;0.50;539;1;1;2;0.46;0.28;0.29;0.00;-0.01;-0.02;-0.06;0.15;0.15;-1.06;180.15;0.14;0.14;0.018
380.395;810;0.12;-0.85;184.19;-0.02;-1.07;188.63;0.49;0.50;539;1;1;2;0.50;0.28;0.29;-0.01;-0.00;0.02;0.02;0.20;0.13;-1.06;180.49;0.20;0.20;0.021
380.485;816;0.10;-0.85;184.88;-0.02;-1.07;188.63;0.49;0.50;539;1;1;2;0.57;0.27;0.29;-0.01;-0.00;0.03;0.03;0.24;0.10;-1.06;181.45;0.28;0.28;0.009
380.585;829;0.06;-0.85;187.74;-0.02;-1.07;188.63;0.49;0.50;539;1;1;2;0.55;0.27;0.27;-0.07;-0.01;0.01;0.05;0.49;0.08;-1.06;182.21;0.32;0.32;0.017
380.695;839;0.04;-0.84;190.11;-0.02;-1.07;188.63;0.49;0.50;539;1;1;2;0.55;0.27;0.26;-0.04;-0.01;-0.05;-0.12;0.33;0.06;-1.06;183.20;0.36;0.36;0.016
380.795;848;0.01;-0.84;192.10;-0.02;-1.07;188.63;0.49;0.50;539;1;1;2;0.59;0.27;0.26;-0.02;-0.01;-0.07;-0.19;0.30;0.03;-1.06;185.18;0.42;0.42;0.020
380.895;857;-0.01;-0.85;194.41;-0.37;-1.19;206.26;0.18;0.50;539;2;1;2;0.56;0.27;0.26;-0.06;-0.06;-0.16;0.12;0.52;0.02;-1.06;185.99;0.44;0.44;0.020
380.985;867;-0.04;-0.85;196.83;-0.37;-1.19;206.26;0.18;0.50;539;2;1;2;0.49;0.29;0.27;-0.05;-0.06;-0.16;0.11;0.45;-0.01;-1.07;187.85;0.47;0.48;0.012
381.085;876;-0.06;-0.85;198.62;-0.37;-1.19;206.26;0.18;0.50;539;2;1;2;0.47;0.30;0.29;-0.06;-0.01;0.03;0.14;0.38;-0.03;-1.07;188.90;0.49;0.50;0.005
381.185;886;-0.09;-0.86;200.41;-0.37;-1.19;206.26;0.18;0.50;539;2;1;2;0.46;0.30;0.28;-0.04;-0.01;0.00;0.03;0.30;-0.05;-1.07;190.98;0.46;0.50;0.011
381.275;894;-0.12;-0.86;201.75;-0.37;-1.19;206.26;0.18;0.50;539;2;1;2;0.43;0.30;0.30;-0.06;-0.01;0.02;0.14;0.37;-0.07;-1.08;191.97;0.45;0.50;0.005
381.395;909;-0.16;-0.88;203.74;-0.37;-1.19;206.26;0.18;0.50;539;2;1;2;0.40;0.30;0.31;0.01;-0.01;0.02;0.04;0.19;-0.10;-1.08;193.87;0.42;0.50;0.015
381.485;919;-0.19;-0.89;204.45;-0.37;-1.19;206.26;0.18;0.50;539;2;1;2;0.39;0.30;0.31;0.02;-0.01;0.01;0.04;0.11;-0.11;-1.09;194.77;0.41;0.50;0.013
381.585;928;-0.21;-0.91;204.81;-0.37;-1.19;206.26;0.18;0.50;539;2;1;2;0.44;0.30;0.32;-0.00;-0.01;0.01;0.07;0.11;-0.16;-1.10;197.29;0.37;0.50;0.012
381.675;937;-0.24;-0.92;205.40;-0.37;-1.19;206.26;0.18;0.50;539;2;1;2;0.43;0.30;0.30;-0.01;-0.01;-0.01;-0.10;0.10;-0.17;-1.10;198.07;0.36;0.50;0.005
381.785;947;-0.26;-0.93;206.42;-0.37;-1.19;206.26;0.18;0.50;539;2;1;2;0.43;0.30;0.29;-0.02;-0.01;-0.02;-0.18;0.13;-0.20;-1.11;199.55;0.34;0.50;0.007
381.885;956;-0.29;-0.94;207.56;-0.37;-1.19;206.26;0.18;0.50;539;2;1;2;0.42;0.30;0.29;-0.02;-0.01;-0.02;-0.15;0.18;-0.23;-1.12;200.91;0.31;0.50;0.008
381.985;966;-0.32;-0.95;208.82;-0.37;-1.19;206.26;0.18;0.50;539;2;1;2;0.38;0.30;0.31;-0.02;-0.01;0.00;0.10;0.24;-0.24;-1.13;201.55;0.30;0.50;0.010
382.085;974;-0.34;-0.96;209.55;-0.37;-1.19;206.26;0.18;0.50;539;2;1;2;0.37;0.30;0.30;0.00;-0.01;-0.00;-0.09;0.08;-0.27;-1.14;202.74;0.27;0.50;0.005
382.185;989;-0.38;-0.98;210.38;-0.37;-1.19;206.26;0.18;0.50;539;2;1;2;0.35;0.30;0.30;-0.00;-0.01;-0.00;-0.06;0.07;-0.29;-1.15;203.83;0.25;0.50;0.009
382.285;998;-0.40;-1.00;210.81;-0.37;-1.19;206.26;0.18;0.50;539;2;1;2;0.34;0.30;0.31;0.01;-0.01;0.00;0.05;0.08;-0.31;-1.16;204.33;0.24;0.50;0.006
382.375;1007;-0.42;-1.01;211.09;-0.37;-1.19;206.26;0.18;0.50;539;2;1;2;0.33;0.30;0.31;0.00;-0.01;0.00;0.04;0.06;-0.35;-1.18;205.67;0.20;0.50;0.005
382.495;1018;-0.45;-1.03;211.35;-0.37;-1.19;206.26;0.18;0.50;539;2;1;2;0.32;0.30;0.32;0.00;-0.01;-0.00;0.04;0.05;-0.37;-1.19;206.44;0.17;0.50;0.014
382.575;1026;-0.47;-1.05;211.49;-0.70;-1.36;204.54;-0.25;0.50;539;3;1;2;0.31;0.30;0.32;0.00;-0.01;-0.00;0.04;0.04;-0.40;-1.20;207.07;0.14;0.50;0.007
382.685;1037;-0.50;-1.06;211.57;-0.70;-1.36;204.54;-0.25;0.50;539;3;1;2;0.30;0.30;0.32;0.00;-0.01;-0.00;0.05;0.02;-0.43;-1.22;207.56;0.10;0.50;0.003
382.775;1045;-0.52;-1.08;211.59;-0.70;-1.36;204.54;-0.25;0.50;539;3;1;2;0.27;0.30;0.32;0.00;-0.01;-0.00;0.05;0.02;-0.44;-1.22;207.76;0.09;0.50;0.007
382.875;1054;-0.55;-1.09;211.54;-0.70;-1.36;204.54;-0.25;0.50;539;3;1;2;0.25;0.30;0.32;0.00;-0.01;-0.00;0.05;-0.00;-0.47;-1.24;208.04;0.05;0.50;0.004
382.975;1065;-0.58;-1.11;211.38;-0.70;-1.36;204.54;-0.25;0.50;539;3;1;2;0.21;0.30;0.32;0.00;-0.01;-0.00;0.05;-0.01;-0.49;-1.25;208.18;0.02;0.50;0.004
383.085;1078;-0.61;-1.13;211.10;-0.70;-1.36;204.54;-0.25;0.50;539;3;1;2;0.17;0.30;0.31;0.00;-0.01;0.00;0.05;-0.03;-0.53;-1.27;208.12;-0.04;0.50;0.008
383.175;1084;-0.63;-1.14;210.90;-0.70;-1.36;204.54;-0.25;0.50;539;3;1;2;0.15;0.30;0.31;0.01;-0.01;0.01;0.05;-0.07;-0.55;-1.28;208.03;-0.05;0.50;0.003
383.275;1097;-0.66;-1.16;210.38;-0.70;-1.36;204.54;-0.25;0.50;539;3;1;2;0.10;0.30;0.31;0.00;-0.01;0.01;0.04;-0.05;-0.59;-1.30;207.54;-0.11;0.50;0.003
383.375;1107;-0.69;-1.18;209.84;-0.70;-1.36;204.54;-0.25;0.50;539;3;1;2;0.06;0.30;0.30;0.00;-0.01;0.00;-0.08;-0.13;-0.61;-1.32;207.04;-0.14;0.50;0.004
383.475;1116;-0.71;-1.19;209.32;-0.70;-1.36;204.54;-0.25;0.50;539;3;1;2;0.02;0.30;0.31;0.01;-0.01;0.01;0.04;-0.08;-0.64;-1.33;206.39;-0.17;0.50;0.005
383.575;1126;-0.74;-1.21;208.79;-1.05;-1.45;180.57;-0.63;0.50;539;4;1;2;-0.03;0.30;0.31;0.01;-0.00;0.01;0.02;-0.10;-0.66;-1.34;205.60;-0.21;0.50;0.002
383.675;1134;-0.76;-1.22;208.27;-1.05;-1.45;180.57;-0.63;0.50;539;4;1;2;-0.20;0.30;0.30;0.01;-0.00;0.00;0.02;-0.13;-0.69;-1.35;204.66;-0.24;0.50;0.005
383.785;1149;-0.80;-1.24;206.65;-1.05;-1.45;180.57;-0.63;0.50;539;4;1;2;-0.25;0.30;0.30;0.00;-0.00;-0.01;-0.00;-0.19;-0.73;-1.37;203.00;-0.29;0.50;0.011
383.875;1158;-0.82;-1.25;205.66;-1.05;-1.45;180.57;-0.63;0.50;539;4;1;2;-0.31;0.30;0.30;0.01;-0.00;0.01;-0.01;-0.18;-0.77;-1.39;201.04;-0.34;0.50;0.002
383.975;1168;-0.85;-1.27;204.44;-1.05;-1.45;180.57;-0.63;0.50;539;4;1;2;-0.34;0.30;0.30;-0.00;-0.01;0.00;-0.01;-0.21;-0.79;-1.39;200.31;-0.35;0.50;0.008
384.075;1176;-0.87;-1.28;203.49;-1.05;-1.45;180.57;-0.63;0.50;539;4;1;2;-0.40;0.30;0.31;-0.00;-0.01;0.00;-0.01;-0.21;-0.83;-1.41;197.92;-0.40;0.50;0.002
384.195;1187;-0.90;-1.29;202.04;-1.29;-1.43;166.50;-0.54;0.50;335;1;1;5;-0.48;0.30;0.31;0.00;-0.01;-0.06;0.03;-0.26;-0.87;-1.42;195.19;-0.45;0.50;0.017
384.295;1200;-0.94;-1.30;199.89;-1.29;-1.43;166.50;-0.54;0.50;335;1;1;5;-0.47;0.30;0.30;-0.01;-0.00;0.06;-0.06;-0.26;-1.04;-1.46;180.00;-0.07;0.06;0.019
384.385;1206;-0.96;-1.31;199.00;-1.29;-1.43;166.50;-0.54;0.50;335;1;1;5;-0.48;0.30;0.32;0.00;-0.00;-0.03;0.01;-0.24;-1.04;-1.46;180.00;-0.07;0.06;0.013
384.485;1219;-1.00;-1.32;197.40;-1.29;-1.43;166.50;-0.54;0.50;335;1;1;5;-0.52;0.30;0.32;0.02;-0.00;-0.03;0.02;-0.24;-1.04;-1.46;180.00;-0.07;0.06;0.013
384.585;1229;-1.03;-1.33;195.66;-1.29;-1.43;166.50;-0.54;0.50;335;1;1;5;-0.53;0.30;0.29;0.04;-0.00;0.05;-0.03;-0.33;-1.04;-1.46;180.00;-0.07;0.06;0.015
384.685;1238;-1.05;-1.35;193.59;-1.29;-1.43;166.50;-0.54;0.50;335;1;1;5;-0.51;0.30;0.29;0.04;-0.00;0.10;-0.09;-0.37;-1.04;-1.46;180.00;-0.07;0.06;0.009
384.785;1248;-1.08;-1.36;191.03;-1.29;-1.43;166.50;-0.54;0.50;335;1;1;5;-0.54;0.30;0.31;0.08;-0.04;-0.09;0.23;-0.55;-1.06;-1.46;179.73;-0.16;0.15;0.013
384.895;1257;-1.10;-1.37;188.56;-1.29;-1.43;166.50;-0.54;0.50;335;1;1;5;-0.58;0.30;0.29;0.08;-0.01;-0.07;0.09;-0.57;-1.11;-1.46;178.36;-0.28;0.26;0.019
384.985;1268;-1.13;-1.38;185.16;-1.29;-1.43;166.50;-0.54;0.50;335;1;1;5;-0.58;0.30;0.29;0.05;-0.01;0.06;-0.07;-0.53;-1.14;-1.46;176.76;-0.35;0.32;0.012
385.095;1276;-1.16;-1.38;182.50;-1.29;-1.43;166.50;-0.54;0.50;335;1;1;5;-0.56;0.30;0.29;0.04;-0.00;0.09;-0.13;-0.49;-1.16;-1.46;175.67;-0.38;0.35;0.019
385.185;1287;-1.19;-1.39;178.81;-1.29;-1.43;166.50;-0.54;0.50;335;1;1;5;-0.55;0.30;0.29;0.07;-0.01;-0.01;0.03;-0.55;-1.20;-1.45;173.61;-0.43;0.39;0.014
385.295;1299;-1.23;-1.40;175.34;-1.29;-1.43;166.50;-0.54;0.50;335;1;1;5;-0.55;0.30;0.31;0.06;-0.01;-0.07;0.07;-0.55;-1.22;-1.45;171.93;-0.46;0.42;0.020
385.385;1309;-1.26;-1.40;172.29;-1.29;-1.43;166.50;-0.54;0.50;335;1;1;5;-0.55;0.30;0.29;0.07;-0.01;-0.01;0.04;-0.50;-1.25;-1.44;169.98;-0.49;0.45;0.015
385.475;1314;-1.27;-1.40;171.01;-1.70;-1.15;124.86;-0.53;0.50;335;2;1;5;-0.60;0.30;0.32;0.06;-0.01;-0.07;0.07;-0.53;-1.28;-1.44;167.73;-0.53;0.48;0.008
385.585;1329;-1.32;-1.40;166.22;-1.70;-1.15;124.86;-0.53;0.50;335;2;1;5;-0.62;0.30;0.29;0.08;-0.06;0.16;0.11;-0.64;-1.31;-1.43;165.22;-0.54;0.50;0.010
385.675;1337;-1.34;-1.40;163.48;-1.70;-1.15;124.86;-0.53;0.50;335;2;1;5;-0.59;0.30;0.30;0.09;-0.01;-0.02;0.14;-0.69;-1.34;-1.42;162.67;-0.54;0.50;0.006
385.785;1348;-1.37;-1.40;160.19;-1.70;-1.15;124.86;-0.53;0.50;335;2;1;5;-0.58;0.30;0.28;0.04;-0.01;0.04;-0.16;-0.42;-1.38;-1.41;158.85;-0.54;0.50;0.010
385.885;1356;-1.40;-1.39;158.00;-1.70;-1.15;124.86;-0.53;0.50;335;2;1;5;-0.56;0.30;0.28;0.03;-0.01;0.03;-0.17;-0.39;-1.39;-1.40;157.58;-0.54;0.50;0.006
385.985;1366;-1.43;-1.39;155.25;-1.70;-1.15;124.86;-0.53;0.50;335;2;1;5;-0.56;0.30;0.29;0.08;-0.01;-0.01;0.13;-0.50;-1.42;-1.39;155.04;-0.54;0.50;0.013
386.095;1380;-1.46;-1.37;151.92;-1.70;-1.15;124.86;-0.53;0.50;335;2;1;5;-0.56;0.30;0.29;0.06;-0.06;0.18;0.06;-0.46;-1.45;-1.37;152.50;-0.54;0.50;0.017
386.185;1385;-1.48;-1.37;150.71;-1.70;-1.15;124.86;-0.53;0.50;335;2;1;5;-0.57;0.30;0.28;0.03;-0.01;0.01;-0.15;-0.35;-1.48;-1.36;149.97;-0.54;0.50;0.009
386.285;1398;-1.51;-1.35;147.57;-1.70;-1.15;124.86;-0.53;0.50;335;2;1;5;-0.55;0.30;0.31;0.01;-0.01;-0.00;0.04;-0.42;-1.49;-1.35;148.71;-0.54;0.50;0.009
386.375;1408;-1.54;-1.34;145.48;-1.70;-1.15;124.86;-0.53;0.50;335;2;1;5;-0.59;0.30;0.28;0.04;-0.01;0.01;0.02;-0.32;-1.53;-1.33;144.92;-0.54;0.50;0.005
386.485;1417;-1.56;-1.33;143.68;-1.70;-1.15;124.86;-0.53;0.50;335;2;1;5;-0.61;0.30;0.30;0.05;-0.01;0.01;0.06;-0.45;-1.56;-1.31;142.40;-0.54;0.50;0.014
386.585;1426;-1.59;-1.31;141.42;-1.70;-1.15;124.86;-0.53;0.50;335;2;1;5;-0.60;0.30;0.30;0.05;-0.01;0.02;0.07;-0.48;-1.57;-1.30;141.14;-0.54;0.50;0.008
386.685;1436;-1.61;-1.30;139.03;-1.70;-1.15;124.86;-0.53;0.50;335;2;1;5;-0.61;0.30;0.29;0.05;-0.01;0.02;0.05;-0.47;-1.59;-1.28;138.62;-0.54;0.50;0.010
386.785;1447;-1.64;-1.28;136.30;-1.70;-1.15;124.86;-0.53;0.50;335;2;1;5;-0.61;0.30;0.29;0.05;-0.01;-0.01;0.04;-0.44;-1.61;-1.26;136.11;-0.54;0.50;0.007
386.885;1455;-1.66;-1.27;134.35;-1.85;-0.67;90.57;-0.38;0.50;335;3;1;5;-0.60;0.30;0.30;0.05;-0.01;0.01;0.05;-0.44;-1.63;-1.25;134.86;-0.54;0.50;0.007
386.985;1469;-1.69;-1.24;131.04;-1.85;-0.67;90.57;-0.38;0.50;335;3;1;5;-0.55;0.30;0.29;0.05;-0.01;-0.01;0.03;-0.41;-1.65;-1.22;132.35;-0.53;0.50;0.010
387.075;1474;-1.70;-1.23;130.01;-1.85;-0.67;90.57;-0.38;0.50;335;3;1;5;-0.58;0.30;0.30;0.04;-0.01;0.02;0.04;-0.37;-1.67;-1.20;129.85;-0.53;0.50;0.005
387.185;1489;-1.73;-1.20;127.01;-1.85;-0.67;90.57;-0.38;0.50;335;3;1;5;-0.59;0.30;0.30;0.03;-0.01;0.01;0.04;-0.37;-1.69;-1.18;127.35;-0.53;0.50;0.010
387.275;1497;-1.75;-1.18;125.24;-1.85;-0.67;90.57;-0.38;0.50;335;3;1;5;-0.61;0.30;0.31;0.02;-0.00;0.00;0.03;-0.38;-1.70;-1.15;124.86;-0.53;0.50;0.006
387.385;1506;-1.76;-1.16;122.99;-1.85;-0.67;90.57;-0.38;0.50;335;3;1;5;-0.61;0.30;0.32;0.00;-0.00;0.01;0.02;-0.45;-1.72;-1.12;122.39;-0.52;0.50;0.006
387.485;1516;-1.78;-1.13;120.48;-1.85;-0.67;90.57;-0.38;0.50;335;3;1;5;-0.60;0.30;0.33;-0.01;-0.00;0.01;0.02;-0.43;-1.74;-1.10;119.98;-0.51;0.50;0.013
387.575;1525;-1.79;-1.10;118.41;-1.85;-0.67;90.57;-0.38;0.50;335;3;1;5;-0.58;0.30;0.32;0.00;-0.01;0.01;0.05;-0.42;-1.75;-1.08;118.79;-0.51;0.50;0.004
387.685;1535;-1.81;-1.08;116.19;-1.85;-0.67;90.57;-0.38;0.50;335;3;1;5;-0.58;0.30;0.33;-0.01;-0.00;0.01;0.02;-0.39;-1.76;-1.06;116.45;-0.50;0.50;0.009
387.785;1548;-1.82;-1.04;113.27;-1.85;-0.67;90.57;-0.38;0.50;335;3;1;5;-0.58;0.30;0.29;0.03;-0.00;-0.07;-0.12;-0.43;-1.78;-1.02;113.05;-0.49;0.50;0.007
387.885;1559;-1.84;-1.01;110.07;-1.85;-0.67;90.57;-0.38;0.50;335;3;1;5;-0.53;0.30;0.30;0.02;-0.00;-0.04;-0.02;-0.45;-1.79;-0.99;110.84;-0.48;0.50;0.008
387.975;1568;-1.85;-0.99;107.88;-1.85;-0.67;90.57;-0.38;0.50;335;3;1;5;-0.51;0.30;0.28;0.04;-0.00;-0.06;-0.08;-0.38;-1.80;-0.97;109.75;-0.47;0.50;0.007
388.075;1578;-1.87;-0.96;105.53;-1.85;-0.67;90.57;-0.38;0.50;335;3;1;5;-0.49;0.30;0.30;0.04;-0.00;-0.02;-0.00;-0.39;-1.81;-0.94;107.62;-0.46;0.50;0.006
388.185;1588;-1.88;-0.93;103.27;-1.85;-0.67;90.57;-0.38;0.50;335;3;1;5;-0.48;0.30;0.31;0.04;-0.00;0.02;0.07;-0.41;-1.81;-0.91;105.53;-0.45;0.50;0.006
388.285;1599;-1.89;-0.90;100.60;-1.85;-0.67;90.57;-0.38;0.50;335;3;1;5;-0.46;0.30;0.29;0.06;-0.01;-0.01;-0.02;-0.39;-1.82;-0.88;103.49;-0.44;0.50;0.007
388.415;1611;-1.90;-0.87;97.99;-1.85;-0.47;98.63;0.49;0.50;373;1;1;2;-0.43;0.30;0.30;0.06;-0.06;0.17;-0.10;-0.45;-1.83;-0.87;102.49;-0.44;0.50;0.031
388.485;1616;-1.91;-0.85;96.95;-1.85;-0.47;98.63;0.49;0.50;373;1;1;2;-0.78;0.30;0.29;0.03;-0.01;-0.10;-0.08;-0.30;-1.84;-0.65;90.00;0.06;0.06;0.010
388.585;1626;-1.91;-0.82;93.64;-1.85;-0.47;98.63;0.49;0.50;373;1;1;2;-0.58;0.30;0.32;0.10;-0.03;0.24;0.08;-1.10;-1.84;-0.65;90.00;0.06;0.06;0.010
388.695;1639;-1.93;-0.78;88.08;-1.85;-0.47;98.63;0.49;0.50;373;1;1;2;-0.35;0.30;0.29;0.11;-0.01;0.10;0.04;-0.59;-1.84;-0.65;90.00;0.06;0.06;0.019
388.785;1645;-1.93;-0.77;86.87;-1.85;-0.47;98.63;0.49;0.50;373;1;1;2;-0.19;0.30;0.31;0.09;-0.04;0.26;0.03;-0.33;-1.84;-0.65;90.00;0.06;0.06;0.010
388.895;1660;-1.93;-0.72;86.43;-1.85;-0.47;98.63;0.49;0.50;373;1;1;2;-0.10;0.30;0.29;0.01;-0.01;-0.15;-0.09;0.04;-1.84;-0.65;90.00;0.06;0.06;0.023
388.975;1664;-1.93;-0.71;86.51;-1.85;-0.47;98.63;0.49;0.50;373;1;1;2;-0.08;0.29;0.31;-0.01;-0.01;0.06;0.03;0.07;-1.84;-0.65;90.00;0.06;0.06;0.009
389.085;1678;-1.93;-0.67;87.22;-1.97;-0.13;116.26;0.18;0.50;373;2;1;2;-0.02;0.29;0.30;-0.01;-0.01;0.03;0.02;0.08;-1.84;-0.65;90.00;0.06;0.06;0.010
389.175;1688;-1.93;-0.64;87.83;-1.97;-0.13;116.26;0.18;0.50;373;2;1;2;0.11;0.27;0.29;-0.01;-0.01;0.02;0.02;0.10;-1.84;-0.64;90.23;0.16;0.16;0.005
389.285;1697;-1.92;-0.61;88.94;-1.97;-0.13;116.26;0.18;0.50;373;2;1;2;0.17;0.27;0.27;0.00;-0.00;-0.03;-0.00;0.26;-1.84;-0.61;90.88;0.24;0.24;0.011
389.385;1706;-1.92;-0.59;90.19;-1.97;-0.13;116.26;0.18;0.50;373;2;1;2;0.25;0.27;0.26;-0.00;-0.00;0.01;-0.01;0.21;-1.84;-0.58;92.21;0.32;0.32;0.006
389.475;1717;-1.92;-0.56;91.55;-1.97;-0.13;116.26;0.18;0.50;373;2;1;2;0.32;0.27;0.27;-0.01;-0.00;0.01;-0.01;0.21;-1.84;-0.55;93.79;0.38;0.38;0.005
389.585;1725;-1.92;-0.54;92.58;-1.97;-0.13;116.26;0.18;0.50;373;2;1;2;0.38;0.27;0.28;-0.01;-0.01;0.04;-0.02;0.25;-1.84;-0.53;95.18;0.42;0.42;0.007
389.685;1739;-1.93;-0.50;94.50;-1.97;-0.13;116.26;0.18;0.50;373;2;1;2;0.44;0.28;0.27;0.01;-0.01;-0.06;0.03;0.22;-1.85;-0.50;96.88;0.45;0.46;0.011
389.775;1744;-1.93;-0.48;95.28;-1.97;-0.13;116.26;0.18;0.50;373;2;1;2;0.50;0.29;0.30;-0.00;-0.01;0.09;-0.05;0.33;-1.85;-0.47;98.90;0.49;0.50;0.005
389.885;1758;-1.93;-0.44;97.70;-1.97;-0.13;116.26;0.18;0.50;373;2;1;2;0.50;0.30;0.29;0.00;-0.01;-0.04;0.01;0.28;-1.86;-0.43;101.97;0.45;0.50;0.008
389.975;1767;-1.93;-0.42;99.38;-1.97;-0.13;116.26;0.18;0.50;373;2;1;2;0.49;0.30;0.28;-0.02;-0.01;-0.09;0.04;0.27;-1.86;-0.40;103.87;0.42;0.50;0.005
390.075;1776;-1.93;-0.39;101.12;-1.97;-0.13;116.26;0.18;0.50;373;2;1;2;0.47;0.30;0.29;-0.04;-0.01;-0.06;0.03;0.30;-1.87;-0.37;105.64;0.40;0.50;0.009
390.185;1787;-1.94;-0.36;102.94;-1.97;-0.13;116.26;0.18;0.50;373;2;1;2;0.45;0.30;0.31;0.00;-0.01;0.02;-0.02;0.24;-1.88;-0.34;107.29;0.37;0.50;0.007
390.285;1795;-1.95;-0.33;103.81;-1.97;-0.13;116.26;0.18;0.50;373;2;1;2;0.46;0.30;0.31;0.00;-0.01;0.03;-0.02;0.18;-1.89;-0.31;108.83;0.35;0.50;0.009
390.375;1805;-1.95;-0.30;104.64;-1.97;-0.13;116.26;0.18;0.50;373;2;1;2;0.47;0.30;0.31;0.01;-0.00;0.02;-0.01;0.14;-1.90;-0.28;110.25;0.32;0.50;0.005
390.485;1819;-1.96;-0.26;106.17;-2.14;0.20;114.54;-0.25;0.50;373;3;1;2;0.46;0.30;0.29;-0.03;-0.01;-0.10;0.04;0.17;-1.91;-0.26;111.55;0.30;0.50;0.010
390.585;1828;-1.97;-0.24;107.33;-2.14;0.20;114.54;-0.25;0.50;373;3;1;2;0.41;0.30;0.29;-0.05;-0.01;-0.03;0.02;0.23;-1.92;-0.23;112.74;0.27;0.50;0.005
390.685;1837;-1.97;-0.21;108.50;-2.14;0.20;114.54;-0.25;0.50;373;3;1;2;0.40;0.30;0.28;-0.03;-0.01;-0.05;0.02;0.18;-1.93;-0.20;113.83;0.25;0.50;0.006
390.775;1847;-1.98;-0.18;109.71;-2.14;0.20;114.54;-0.25;0.50;373;3;1;2;0.38;0.30;0.29;-0.02;-0.01;-0.11;0.02;0.17;-1.95;-0.17;114.80;0.22;0.50;0.002
390.875;1856;-1.99;-0.16;110.52;-2.14;0.20;114.54;-0.25;0.50;373;3;1;2;0.36;0.30;0.30;0.01;-0.01;-0.05;0.00;0.10;-1.96;-0.15;115.67;0.20;0.50;0.003
390.975;1865;-2.00;-0.13;111.06;-2.14;0.20;114.54;-0.25;0.50;373;3;1;2;0.35;0.30;0.31;0.01;-0.01;0.05;-0.01;0.10;-1.97;-0.12;116.44;0.17;0.50;0.003
391.075;1875;-2.01;-0.10;111.36;-2.14;0.20;114.54;-0.25;0.50;373;3;1;2;0.33;0.30;0.32;-0.00;-0.01;0.08;-0.01;0.08;-1.99;-0.09;117.07;0.14;0.50;0.003
391.175;1885;-2.02;-0.07;111.59;-2.14;0.20;114.54;-0.25;0.50;373;3;1;2;0.32;0.30;0.31;0.01;-0.01;-0.02;-0.00;0.01;-2.00;-0.07;117.56;0.10;0.50;0.004
391.285;1894;-2.03;-0.05;111.67;-2.14;0.20;114.54;-0.25;0.50;373;3;1;2;0.30;0.30;0.30;0.01;-0.01;-0.06;0.01;-0.03;-2.01;-0.04;117.92;0.07;0.50;0.006
391.375;1905;-2.04;-0.02;111.63;-2.14;0.20;114.54;-0.25;0.50;373;3;1;2;0.28;0.30;0.30;0.01;-0.01;-0.01;-0.00;-0.02;-2.03;-0.00;118.18;0.02;0.50;0.004
391.475;1918;-2.06;0.02;111.52;-2.14;0.20;114.54;-0.25;0.50;373;3;1;2;0.25;0.30;0.30;0.01;-0.01;-0.05;0.01;-0.03;-2.05;0.02;118.18;-0.02;0.50;0.003
391.575;1928;-2.07;0.05;111.34;-2.14;0.20;114.54;-0.25;0.50;373;3;1;2;0.22;0.30;0.31;0.01;-0.01;0.05;-0.01;-0.01;-2.05;0.04;118.12;-0.04;0.50;0.007
391.675;1937;-2.08;0.07;111.10;-2.23;0.55;90.57;-0.63;0.50;373;4;1;2;0.19;0.30;0.30;0.01;-0.01;-0.00;-0.00;-0.04;-2.08;0.08;117.74;-0.09;0.50;0.003
391.775;1947;-2.09;0.10;110.81;-2.23;0.55;90.57;-0.63;0.50;373;4;1;2;0.12;0.30;0.31;0.00;-0.01;0.08;-0.01;-0.03;-2.09;0.10;117.31;-0.12;0.50;0.005
391.875;1958;-2.11;0.13;110.29;-2.23;0.55;90.57;-0.63;0.50;373;4;1;2;0.08;0.30;0.31;0.01;-0.01;0.05;-0.01;-0.06;-2.10;0.13;116.73;-0.16;0.50;0.003
391.975;1966;-2.12;0.16;109.77;-2.23;0.55;90.57;-0.63;0.50;373;4;1;2;0.05;0.30;0.31;0.00;-0.01;0.05;-0.01;-0.10;-2.12;0.16;116.01;-0.19;0.50;0.005
392.085;1977;-2.13;0.19;109.27;-2.23;0.55;90.57;-0.63;0.50;373;4;1;2;-0.00;0.30;0.31;0.01;-0.00;0.02;-0.01;-0.07;-2.13;0.18;115.15;-0.23;0.50;0.005
392.195;1989;-2.14;0.22;108.60;-2.23;0.73;81.37;-0.49;0.50;240;1;1;3;-0.04;0.30;0.30;0.01;-0.00;0.01;-0.01;-0.10;-2.14;0.21;114.14;-0.26;0.50;0.021
392.295;2000;-2.15;0.25;108.01;-2.23;0.73;81.37;-0.49;0.50;240;1;1;3;-0.17;0.30;0.30;-0.00;-0.00;-0.00;-0.00;-0.08;-2.24;0.55;90.00;-0.06;0.06;0.024
392.385;2008;-2.16;0.28;107.17;-2.23;0.73;81.37;-0.49;0.50;240;1;1;3;-0.18;0.30;0.30;-0.00;-0.00;0.00;0.01;-0.18;-2.24;0.55;90.00;-0.06;0.06;0.008
392.485;2017;-2.17;0.30;106.28;-2.23;0.73;81.37;-0.49;0.50;240;1;1;3;-0.21;0.30;0.31;0.01;-0.00;-0.00;0.01;-0.16;-2.24;0.55;90.00;-0.06;0.06;0.014
392.595;2027;-2.17;0.33;105.44;-2.23;0.73;81.37;-0.49;0.50;240;1;1;3;-0.25;0.30;0.31;0.01;-0.01;0.04;0.04;-0.15;-2.24;0.55;90.00;-0.06;0.06;0.020
392.685;2036;-2.18;0.36;104.67;-2.23;0.73;81.37;-0.49;0.50;240;1;1;3;-0.28;0.30;0.30;-0.00;-0.01;-0.01;-0.00;-0.16;-2.24;0.55;90.00;-0.06;0.06;0.011
392.785;2046;-2.19;0.39;103.75;-2.23;0.73;81.37;-0.49;0.50;240;1;1;3;-0.30;0.30;0.31;-0.00;-0.01;0.04;0.04;-0.18;-2.24;0.55;90.00;-0.06;0.06;0.011
392.885;2054;-2.19;0.41;102.97;-2.23;0.73;81.37;-0.49;0.50;240;1;1;3;-0.32;0.30;0.31;-0.00;-0.01;0.01;0.01;-0.17;-2.24;0.55;90.00;-0.06;0.06;0.011
393.005;2069;-2.20;0.46;101.59;-2.11;1.07;63.74;-0.18;0.50;240;2;1;3;-0.36;0.30;0.32;0.00;-0.01;0.07;0.08;-0.18;-2.24;0.55;90.00;-0.06;0.06;0.024
393.075;2074;-2.21;0.47;101.14;-2.11;1.07;63.74;-0.18;0.50;240;2;1;3;-0.45;0.30;0.31;-0.00;-0.01;0.01;0.02;-0.18;-2.24;0.55;90.00;-0.06;0.06;0.005
393.175;2088;-2.21;0.51;99.08;-2.11;1.07;63.74;-0.18;0.50;240;2;1;3;-0.41;0.30;0.31;0.01;-0.01;0.02;0.02;-0.31;-2.24;0.55;90.00;-0.06;0.06;0.008
393.275;2098;-2.22;0.54;97.52;-2.11;1.07;63.74;-0.18;0.50;240;2;1;3;-0.39;0.29;0.29;0.04;-0.00;-0.04;-0.04;-0.22;-2.24;0.55;90.00;-0.06;0.06;0.005
393.375;2108;-2.23;0.57;96.31;-2.11;1.07;63.74;-0.18;0.50;240;2;1;3;-0.44;0.28;0.30;0.01;-0.01;0.03;0.03;-0.20;-2.24;0.56;89.85;-0.14;0.14;0.008
393.485;2118;-2.23;0.60;95.06;-2.11;1.07;63.74;-0.18;0.50;240;2;1;3;-0.57;0.29;0.29;0.01;-0.00;-0.01;0.01;-0.19;-2.24;0.60;88.55;-0.28;0.28;0.006
393.575;2127;-2.24;0.63;93.12;-2.11;1.07;63.74;-0.18;0.50;240;2;1;3;-0.61;0.29;0.28;0.03;-0.00;-0.13;-0.10;-0.41;-2.24;0.63;87.33;-0.34;0.34;0.005
393.685;2137;-2.24;0.66;90.03;-2.11;1.07;63.74;-0.18;0.50;240;2;1;3;-0.58;0.30;0.31;0.07;-0.00;0.07;0.08;-0.63;-2.24;0.65;86.21;-0.38;0.38;0.010
393.775;2146;-2.25;0.68;87.02;-2.11;1.07;63.74;-0.18;0.50;240;2;1;3;-0.56;0.30;0.29;0.09;-0.01;0.10;0.04;-0.60;-2.23;0.67;84.82;-0.42;0.42;0.005
393.875;2156;-2.25;0.71;84.15;-2.11;1.07;63.74;-0.18;0.50;240;2;1;3;-0.61;0.30;0.29;0.05;-0.01;-0.10;-0.06;-0.43;-2.23;0.71;82.15;-0.47;0.48;0.008
393.985;2169;-2.26;0.75;79.93;-2.11;1.07;63.74;-0.18;0.50;240;2;1;3;-0.51;0.30;0.29;0.05;-0.01;-0.10;-0.04;-0.52;-2.23;0.73;81.10;-0.49;0.50;0.012
394.085;2175;-2.26;0.77;78.32;-2.11;1.07;63.74;-0.18;0.50;240;2;1;3;-0.51;0.30;0.28;0.06;-0.01;-0.03;-0.02;-0.36;-2.22;0.76;79.02;-0.46;0.50;0.011
394.185;2188;-2.25;0.81;75.56;-2.11;1.07;63.74;-0.18;0.50;240;2;1;3;-0.48;0.30;0.32;0.07;-0.04;0.28;-0.03;-0.52;-2.21;0.80;76.13;-0.42;0.50;0.013
394.275;2198;-2.25;0.84;73.50;-2.11;1.07;63.74;-0.18;0.50;240;2;1;3;-0.45;0.30;0.29;0.05;-0.01;0.05;0.01;-0.36;-2.20;0.83;74.36;-0.40;0.50;0.005
394.375;2206;-2.25;0.86;72.23;-2.11;1.07;63.74;-0.18;0.50;240;2;1;3;-0.43;0.30;0.30;0.02;-0.01;0.01;0.01;-0.27;-2.20;0.84;73.52;-0.39;0.50;0.005
394.485;2216;-2.24;0.89;71.06;-2.11;1.07;63.74;-0.18;0.50;240;2;1;3;-0.42;0.30;0.31;-0.01;-0.01;0.04;0.02;-0.17;-2.19;0.87;71.93;-0.36;0.50;0.012
394.585;2226;-2.22;0.92;70.33;-2.11;1.07;63.74;-0.18;0.50;240;2;1;3;-0.43;0.30;0.31;-0.01;-0.01;0.04;0.01;-0.13;-2.18;0.90;70.45;-0.34;0.50;0.006
394.675;2235;-2.21;0.94;69.82;-2.11;1.07;63.74;-0.18;0.50;240;2;1;3;-0.44;0.30;0.31;0.01;-0.01;-0.02;-0.01;-0.09;-2.17;0.93;69.09;-0.31;0.50;0.005
394.785;2245;-2.20;0.97;69.07;-2.11;1.07;63.74;-0.18;0.50;240;2;1;3;-0.45;0.30;0.32;-0.01;-0.01;0.04;0.01;-0.15;-2.16;0.96;67.84;-0.29;0.50;0.010
394.895;2260;-2.19;1.02;68.00;-1.94;1.40;65.46;0.25;0.50;240;3;1;3;-0.44;0.30;0.29;0.02;-0.01;-0.20;-0.04;-0.09;-2.15;0.98;66.70;-0.26;0.50;0.015
394.985;2264;-2.19;1.03;67.39;-1.94;1.40;65.46;0.25;0.50;240;3;1;3;-0.44;0.30;0.29;0.06;-0.01;0.06;0.00;-0.23;-2.14;1.01;65.67;-0.24;0.50;0.006
395.085;2279;-2.17;1.07;65.44;-1.94;1.40;65.46;0.25;0.50;240;3;1;3;-0.36;0.30;0.32;0.06;-0.04;0.28;-0.08;-0.37;-2.12;1.04;64.75;-0.21;0.50;0.011
395.175;2288;-2.17;1.10;64.52;-1.94;1.40;65.46;0.25;0.50;240;3;1;3;-0.34;0.30;0.32;0.04;-0.04;0.28;-0.09;-0.27;-2.11;1.07;63.93;-0.19;0.50;0.003
395.285;2298;-2.15;1.12;63.65;-1.94;1.40;65.46;0.25;0.50;240;3;1;3;-0.31;0.30;0.31;0.01;-0.01;0.08;0.01;-0.18;-2.10;1.09;63.23;-0.15;0.50;0.004
395.375;2307;-2.14;1.15;63.15;-1.94;1.40;65.46;0.25;0.50;240;3;1;3;-0.28;0.30;0.32;-0.00;-0.01;0.09;0.01;-0.09;-2.08;1.12;62.66;-0.12;0.50;0.005
395.485;2317;-2.13;1.18;62.96;-1.94;1.40;65.46;0.25;0.50;240;3;1;3;-0.25;0.30;0.31;-0.01;-0.01;0.00;0.01;-0.02;-2.07;1.14;62.24;-0.09;0.50;0.006
395.575;2325;-2.12;1.20;62.96;-1.94;1.40;65.46;0.25;0.50;240;3;1;3;-0.24;0.30;0.30;-0.01;-0.01;-0.01;0.00;0.01;-2.06;1.17;61.96;-0.05;0.50;0.004
395.675;2336;-2.10;1.23;63.01;-1.94;1.40;65.46;0.25;0.50;240;3;1;3;-0.21;0.30;0.31;-0.00;-0.01;0.06;0.00;-0.01;-2.04;1.20;61.82;-0.02;0.50;0.003
395.775;2344;-2.09;1.25;63.13;-1.94;1.40;65.46;0.25;0.50;240;3;1;3;-0.18;0.30;0.31;-0.00;-0.01;0.09;0.01;0.02;-2.03;1.22;61.82;0.02;0.50;0.003
395.875;2358;-2.07;1.29;63.47;-1.94;1.40;65.46;0.25;0.50;240;3;1;3;-0.14;0.30;0.30;-0.00;-0.01;-0.01;0.00;0.04;-2.02;1.25;61.97;0.05;0.50;0.004
395.975;2367;-2.06;1.31;63.79;-1.85;1.75;89.43;0.63;0.50;240;4;1;3;-0.11;0.30;0.30;-0.00;-0.01;-0.05;-0.00;0.08;-2.00;1.28;62.26;0.09;0.50;0.003
396.075;2376;-2.04;1.34;64.08;-1.85;1.75;89.43;0.63;0.50;240;4;1;3;-0.00;0.30;0.31;-0.01;-0.01;0.04;0.01;0.04;-1.99;1.30;62.69;0.12;0.50;0.003
396.175;2387;-2.03;1.36;64.77;-1.85;1.75;89.43;0.63;0.50;240;4;1;3;0.04;0.30;0.31;-0.01;-0.00;0.02;0.01;0.13;-1.97;1.34;63.61;0.17;0.50;0.003
396.275;2395;-2.02;1.39;65.39;-1.85;1.75;89.43;0.63;0.50;240;4;1;3;0.06;0.30;0.30;-0.01;-0.00;-0.02;0.01;0.12;-1.96;1.36;63.99;0.19;0.50;0.003
396.385;2406;-2.00;1.42;66.00;-1.85;1.75;89.43;0.63;0.50;240;4;1;3;0.12;0.30;0.30;0.00;-0.00;-0.01;0.00;0.10;-1.94;1.40;65.34;0.24;0.50;0.003
396.475;2414;-1.99;1.44;66.50;-1.85;1.75;89.43;0.63;0.50;240;4;1;3;0.16;0.30;0.30;-0.00;-0.00;-0.01;-0.00;0.14;-1.94;1.41;65.86;0.26;0.50;0.003
396.575;2425;-1.98;1.47;67.20;-1.85;1.75;89.43;0.63;0.50;240;4;1;3;0.22;0.30;0.31;-0.01;-0.00;0.01;-0.02;0.12;-1.92;1.45;67.62;0.31;0.50;0.003
396.685;2439;-1.96;1.51;68.36;-1.85;1.75;89.43;0.63;0.50;240;4;1;3;0.29;0.30;0.30;-0.00;-0.01;-0.01;0.01;0.14;-1.91;1.48;68.96;0.34;0.50;0.009
396.775;2444;-1.96;1.52;68.90;-1.85;1.75;89.43;0.63;0.50;240;4;1;3;0.33;0.30;0.30;0.00;-0.01;-0.04;0.05;0.20;-1.90;1.51;70.45;0.37;0.50;0.004
396.885;2457;-1.94;1.56;70.55;-1.85;1.75;89.43;0.63;0.50;240;4;1;3;0.40;0.30;0.32;-0.00;-0.01;0.05;-0.07;0.24;-1.88;1.55;72.95;0.41;0.50;0.005
397.015;2471;-1.93;1.60;72.66;-1.81;2.00;76.50;-0.54;0.50;215;1;1;5;0.45;0.30;0.31;0.00;-0.01;-0.03;0.02;0.29;-1.87;1.58;74.81;0.45;0.50;0.034
397.095;2477;-1.93;1.62;73.72;-1.81;2.00;76.50;-0.54;0.50;215;1;1;5;0.79;0.29;0.32;-0.01;-0.01;0.04;-0.09;0.31;-1.84;1.75;90.00;-0.07;0.06;0.013
397.185;2485;-1.92;1.64;75.40;-1.81;2.00;76.50;-0.54;0.50;215;1;1;5;0.67;0.28;0.32;-0.01;-0.00;0.01;-0.02;0.55;-1.84;1.75;90.00;-0.07;0.06;0.013
397.285;2499;-1.90;1.68;80.88;-1.81;2.00;76.50;-0.54;0.50;215;1;1;5;0.37;0.27;0.27;-0.10;-0.00;0.05;-0.01;0.66;-1.84;1.75;90.00;-0.07;0.06;0.011
397.385;2505;-1.90;1.70;82.48;-1.81;2.00;76.50;-0.54;0.50;215;1;1;5;0.28;0.26;0.26;-0.10;-0.01;0.10;-0.06;0.29;-1.84;1.75;90.00;-0.07;0.06;0.011
397.495;2520;-1.89;1.74;82.94;-1.81;2.00;76.50;-0.54;0.50;215;1;1;5;0.18;0.24;0.27;0.02;-0.01;0.03;-0.04;-0.00;-1.84;1.75;90.00;-0.07;0.06;0.013
397.595;2528;-1.89;1.76;82.45;-1.81;2.00;76.50;-0.54;0.50;215;1;1;5;0.13;0.23;0.25;0.01;-0.01;0.03;-0.04;-0.11;-1.84;1.75;89.93;-0.12;0.11;0.022
397.695;2539;-1.89;1.78;81.63;-1.81;2.00;76.50;-0.54;0.50;215;1;1;5;0.05;0.22;0.24;0.01;-0.01;0.04;-0.03;-0.11;-1.84;1.78;89.33;-0.21;0.20;0.020
397.785;2547;-1.88;1.80;80.92;-1.81;2.00;76.50;-0.54;0.50;215;1;1;5;0.01;0.22;0.23;0.01;-0.01;0.04;-0.03;-0.16;-1.84;1.80;88.66;-0.26;0.24;0.014
397.885;2556;-1.88;1.82;80.02;-1.81;2.00;76.50;-0.54;0.50;215;1;1;5;-0.02;0.21;0.21;-0.00;-0.01;-0.03;0.02;-0.21;-1.84;1.82;88.03;-0.30;0.27;0.011
397.985;2566;-1.88;1.84;79.18;-1.81;2.00;76.50;-0.54;0.50;215;1;1;5;-0.05;0.21;0.21;0.01;-0.01;0.02;-0.03;-0.12;-1.84;1.84;87.23;-0.33;0.30;0.011
398.095;2580;-1.87;1.87;78.04;-1.81;2.00;76.50;-0.54;0.50;215;1;1;5;-0.09;0.21;0.21;0.01;-0.00;0.01;-0.02;-0.11;-1.84;1.86;86.24;-0.36;0.33;0.023
398.185;2585;-1.87;1.88;77.70;-1.81;2.00;76.50;-0.54;0.50;215;1;1;5;-0.14;0.21;0.20;0.00;0.00;-0.02;0.01;-0.11;-1.84;1.88;85.04;-0.40;0.36;0.009
398.275;2596;-1.86;1.90;77.03;-1.81;2.00;76.50;-0.54;0.50;215;1;1;5;-0.20;0.21;0.21;-0.00;-0.00;-0.01;0.00;-0.11;-1.83;1.90;83.61;-0.43;0.39;0.007
398.395;2608;-1.86;1.93;76.24;-1.81;2.00;76.50;-0.54;0.50;215;1;1;5;-0.24;0.21;0.21;0.00;-0.00;0.00;0.01;-0.10;-1.83;1.91;82.80;-0.44;0.41;0.023
398.475;2618;-1.85;1.95;75.64;-1.81;2.00;76.50;-0.54;0.50;215;1;1;5;-0.31;0.22;0.22;0.00;-0.00;-0.00;0.01;-0.11;-1.83;1.94;80.99;-0.48;0.44;0.008
398.595;2628;-1.85;1.97;74.86;-1.81;2.00;76.50;-0.54;0.50;215;1;1;5;-0.39;0.22;0.23;0.00;-0.01;0.02;0.01;-0.14;-1.82;1.97;78.89;-0.51;0.47;0.010
398.685;2638;-1.84;1.99;73.94;-1.53;2.41;34.86;-0.53;0.50;215;2;1;5;-0.43;0.23;0.24;0.00;-0.01;0.03;0.01;-0.19;-1.82;1.98;77.73;-0.53;0.48;0.012
398.775;2648;-1.83;2.02;72.91;-1.53;2.41;34.86;-0.53;0.50;215;2;1;5;-0.45;0.24;0.25;0.00;-0.01;0.05;0.01;-0.20;-1.81;2.01;75.22;-0.54;0.50;0.005
398.885;2657;-1.83;2.04;71.97;-1.53;2.41;34.86;-0.53;0.50;215;2;1;5;-0.49;0.26;0.26;-0.00;-0.01;0.05;0.01;-0.20;-1.81;2.03;73.94;-0.54;0.50;0.008
398.975;2668;-1.82;2.06;70.82;-1.53;2.41;34.86;-0.53;0.50;215;2;1;5;-0.54;0.27;0.27;-0.00;-0.01;0.04;0.01;-0.20;-1.80;2.06;71.39;-0.54;0.50;0.006
399.085;2677;-1.81;2.09;69.71;-1.53;2.41;34.86;-0.53;0.50;215;2;1;5;-0.58;0.28;0.27;0.01;-0.01;-0.08;-0.02;-0.21;-1.79;2.08;68.85;-0.54;0.50;0.010
399.185;2687;-1.80;2.11;68.02;-1.53;2.41;34.86;-0.53;0.50;215;2;1;5;-0.60;0.29;0.28;0.05;-0.06;0.10;-0.16;-0.38;-1.78;2.10;67.58;-0.54;0.50;0.006
399.275;2696;-1.80;2.14;65.91;-1.53;2.41;34.86;-0.53;0.50;215;2;1;5;-0.61;0.30;0.28;0.08;-0.01;0.18;0.03;-0.51;-1.77;2.13;65.04;-0.54;0.50;0.008
399.385;2707;-1.79;2.17;63.31;-1.53;2.41;34.86;-0.53;0.50;215;2;1;5;-0.61;0.30;0.29;0.08;-0.01;0.12;0.00;-0.52;-1.75;2.15;62.50;-0.54;0.50;0.008
399.495;2719;-1.78;2.20;60.30;-1.53;2.41;34.86;-0.53;0.50;215;2;1;5;-0.59;0.30;0.30;0.05;-0.01;0.09;0.03;-0.46;-1.75;2.17;61.24;-0.54;0.50;0.015
399.585;2729;-1.77;2.23;57.81;-1.53;2.41;34.86;-0.53;0.50;215;2;1;5;-0.60;0.30;0.29;0.07;-0.01;0.13;-0.00;-0.48;-1.73;2.20;58.71;-0.54;0.50;0.014
399.685;2738;-1.76;2.25;55.80;-1.53;2.41;34.86;-0.53;0.50;215;2;1;5;-0.61;0.30;0.31;0.03;-0.01;0.10;-0.01;-0.47;-1.71;2.22;56.18;-0.54;0.50;0.010
399.775;2748;-1.74;2.28;53.61;-1.53;2.41;34.86;-0.53;0.50;215;2;1;5;-0.62;0.30;0.30;0.02;-0.01;0.04;0.01;-0.40;-1.70;2.25;53.66;-0.54;0.50;0.006
399.885;2757;-1.73;2.30;51.69;-1.53;2.41;34.86;-0.53;0.50;215;2;1;5;-0.64;0.30;0.27;0.04;-0.01;-0.18;0.03;-0.29;-1.68;2.27;51.14;-0.54;0.50;0.006
399.975;2768;-1.71;2.33;48.91;-1.53;2.41;34.86;-0.53;0.50;215;2;1;5;-0.62;0.30;0.27;0.03;-0.01;-0.25;0.06;-0.34;-1.67;2.28;49.88;-0.54;0.50;0.005
400.075;2776;-1.70;2.35;47.00;-1.53;2.41;34.86;-0.53;0.50;215;2;1;5;-0.64;0.30;0.29;0.04;-0.01;0.07;-0.00;-0.44;-1.65;2.31;47.37;-0.54;0.50;0.007
400.175;2787;-1.68;2.37;44.41;-1.53;2.41;34.86;-0.53;0.50;215;2;1;5;-0.64;0.30;0.30;0.03;-0.01;0.04;-0.01;-0.42;-1.63;2.33;44.86;-0.54;0.50;0.005
400.285;2795;-1.66;2.39;42.63;-1.05;2.55;0.57;-0.38;0.50;215;3;1;5;-0.64;0.30;0.30;0.03;-0.01;0.05;-0.02;-0.46;-1.62;2.34;43.61;-0.53;0.50;0.007
400.385;2806;-1.64;2.42;39.90;-1.05;2.55;0.57;-0.38;0.50;215;3;1;5;-0.56;0.30;0.32;0.01;-0.01;0.06;-0.01;-0.43;-1.59;2.36;41.10;-0.53;0.50;0.006
400.485;2819;-1.61;2.44;37.38;-1.05;2.55;0.57;-0.38;0.50;215;3;1;5;-0.57;0.30;0.33;-0.01;-0.01;0.04;-0.01;-0.23;-1.57;2.38;38.60;-0.53;0.50;0.016
400.585;2825;-1.59;2.45;36.30;-1.05;2.55;0.57;-0.38;0.50;215;3;1;5;-0.61;0.30;0.33;-0.01;-0.01;0.04;-0.01;-0.37;-1.54;2.40;36.11;-0.53;0.50;0.006
400.685;2838;-1.55;2.47;33.71;-1.05;2.55;0.57;-0.38;0.50;215;3;1;5;-0.61;0.30;0.34;-0.02;-0.01;0.04;-0.01;-0.43;-1.53;2.41;34.86;-0.53;0.50;0.009
400.785;2849;-1.52;2.49;31.44;-1.05;2.55;0.57;-0.38;0.50;215;3;1;5;-0.63;0.30;0.36;-0.04;-0.01;0.04;-0.01;-0.36;-1.49;2.43;31.18;-0.52;0.50;0.007
400.875;2857;-1.49;2.50;29.71;-1.05;2.55;0.57;-0.38;0.50;215;3;1;5;-0.64;0.30;0.37;-0.06;-0.01;0.03;0.00;-0.41;-1.47;2.45;28.79;-0.51;0.50;0.005
400.975;2866;-1.46;2.51;27.58;-1.05;2.55;0.57;-0.38;0.50;215;3;1;5;-0.64;0.30;0.37;-0.05;-0.01;0.04;-0.00;-0.42;-1.44;2.46;26.45;-0.50;0.50;0.005
401.075;2877;-1.42;2.53;24.98;-1.05;2.55;0.57;-0.38;0.50;215;3;1;5;-0.64;0.30;0.38;-0.05;-0.00;0.05;-0.02;-0.40;-1.40;2.48;23.05;-0.49;0.50;0.005
401.175;2885;-1.39;2.53;23.13;-1.05;2.55;0.57;-0.38;0.50;215;3;1;5;-0.62;0.30;0.37;-0.05;-0.00;0.01;0.01;-0.39;-1.38;2.49;21.93;-0.48;0.50;0.005
401.275;2895;-1.36;2.54;20.91;-1.05;2.55;0.57;-0.38;0.50;215;3;1;5;-0.63;0.30;0.37;-0.04;-0.00;0.02;-0.00;-0.35;-1.34;2.50;18.68;-0.47;0.50;0.006
401.415;2910;-1.30;2.56;17.81;-1.04;2.54;0.00;0.00;0.50;143;0;1;0;-0.62;0.30;0.38;-0.04;-0.00;0.03;-0.01;-0.35;-1.31;2.51;16.57;-0.46;0.50;0.029
401.485;2919;-1.27;2.57;15.71;-1.04;2.54;0.00;0.00;0.50;143;0;1;0;-0.79;0.30;0.33;0.02;0.00;0.03;-0.02;-0.49;-1.04;2.54;0.00;0.00;0.50;0.018
401.585;2929;-1.25;2.58;11.45;-1.04;2.54;0.00;0.00;0.50;143;0;1;0;-0.65;0.30;0.28;0.12;-0.04;-0.09;-0.09;-0.98;-1.04;2.54;0.00;0.00;0.50;0.015
401.685;2938;-1.22;2.59;7.42;-1.04;2.54;0.00;0.00;0.50;143;0;1;0;-0.48;0.30;0.28;0.09;-0.00;-0.07;0.06;-0.62;-1.04;2.54;0.00;0.00;0.50;0.015
401.795;2948;-1.19;2.60;4.47;-1.04;2.54;0.00;0.00;0.50;143;0;1;0;-0.37;0.30;0.30;0.09;-0.01;0.06;-0.09;-0.46;-1.04;2.54;0.00;0.00;0.50;0.014
401.905;2961;-1.15;2.61;2.45;-1.04;2.54;0.00;0.00;0.50;143;0;1;0;-0.31;0.30;0.32;0.04;-0.01;0.07;-0.07;-0.26;-1.04;2.54;0.00;0.00;0.50;0.029
401.995;2967;-1.14;2.62;1.70;-1.04;2.54;0.00;0.00;0.50;143;0;1;0;-0.26;0.30;0.29;0.02;-0.01;-0.07;0.09;-0.13;-1.04;2.54;0.00;0.00;0.50;0.015
402.085;2976;-1.11;2.62;1.10;-1.04;2.54;0.00;0.00;0.50;143;0;1;0;-0.23;0.30;0.31;-0.01;-0.01;0.04;-0.05;-0.08;-1.04;2.54;0.00;0.00;0.50;0.011
402.185;2986;-1.08;2.62;0.94;-1.04;2.54;0.00;0.00;0.50;143;0;1;0;-0.22;0.30;0.31;-0.01;-0.01;0.02;-0.02;-0.01;-1.04;2.54;0.00;0.00;0.50;0.018
402.275;2994;-1.05;2.62;0.94;-1.04;2.54;0.00;0.00;0.50;143;0;1;0;-0.22;0.30;0.31;-0.00;-0.01;0.04;-0.05;-0.02;-1.04;2.54;0.00;0.00;0.50;0.011
402.395;3009;-1.01;2.62;0.86;-1.04;2.54;0.00;0.00;0.50;143;0;1;0;-0.22;0.30;0.30;-0.00;-0.01;0.00;0.00;-0.02;-1.02;2.54;-0.00;-0.00;0.50;0.021
402.505;3019;-0.98;2.62;0.80;-1.04;2.54;0.00;0.00;0.50;143;0;1;0;-0.22;0.30;0.31;0.00;-0.01;0.06;-0.08;-0.03;-1.00;2.54;-0.00;-0.00;0.50;0.023
402.595;3029;-0.95;2.62;0.69;-0.84;2.54;-0.00;-0.00;0.50;143;1;1;0;-0.21;0.30;0.30;-0.01;-0.01;-0.00;0.01;-0.01;-0.96;2.54;-0.00;-0.00;0.50;0.020
402.685;3038;-0.92;2.62;0.63;-0.84;2.54;-0.00;-0.00;0.50;143;1;1;0;-0.21;0.30;0.31;-0.00;-0.01;0.03;-0.04;-0.04;-0.92;2.54;-0.00;-0.00;0.50;0.010
402.815;3049;-0.89;2.62;0.55;-0.46;2.55;8.63;0.49;0.50;581;1;1;2;-0.20;0.30;0.31;-0.00;-0.01;0.03;-0.05;-0.04;-0.89;2.54;-0.00;-0.00;0.50;0.031
402.885;3057;-0.86;2.62;0.51;-0.46;2.55;8.63;0.49;0.50;581;1;1;2;-0.54;0.30;0.31;-0.00;-0.01;0.03;-0.05;-0.02;-0.64;2.54;0.00;0.06;0.06;0.013
402.995;3068;-0.83;2.62;-1.36;-0.46;2.55;8.63;0.49;0.50;581;1;1;2;-0.39;0.30;0.31;0.02;-0.01;0.03;-0.04;-0.51;-0.64;2.54;0.00;0.06;0.06;0.014
403.085;3076;-0.80;2.62;-3.14;-0.46;2.55;8.63;0.49;0.50;581;1;1;2;-0.27;0.30;0.29;0.04;-0.01;-0.03;0.04;-0.22;-0.64;2.54;0.00;0.06;0.06;0.009
403.175;3086;-0.77;2.62;-4.06;-0.46;2.55;8.63;0.49;0.50;581;1;1;2;-0.17;0.30;0.29;0.03;-0.01;-0.05;0.09;-0.05;-0.64;2.54;0.00;0.06;0.06;0.008
403.285;3096;-0.74;2.62;-4.31;-0.46;2.55;8.63;0.49;0.50;581;1;1;2;-0.11;0.30;0.29;0.01;-0.01;-0.06;0.11;0.02;-0.64;2.54;0.00;0.06;0.06;0.011
403.395;3109;-0.71;2.62;-4.14;-0.46;2.55;8.63;0.49;0.50;581;1;1;2;-0.04;0.30;0.31;-0.01;-0.01;0.02;-0.03;0.05;-0.64;2.54;0.00;0.06;0.06;0.020
403.485;3119;-0.68;2.61;-3.58;-0.11;2.67;26.26;0.18;0.50;581;2;1;2;-0.01;0.30;0.30;-0.01;-0.01;0.02;-0.02;0.10;-0.64;2.54;0.00;0.06;0.06;0.010
403.585;3128;-0.65;2.61;-3.04;-0.11;2.67;26.26;0.18;0.50;581;2;1;2;0.06;0.28;0.30;-0.01;-0.01;0.02;-0.01;0.09;-0.64;2.54;0.00;0.06;0.06;0.010
403.675;3138;-0.62;2.61;-2.22;-0.11;2.67;26.26;0.18;0.50;581;2;1;2;0.06;0.27;0.28;-0.01;-0.00;0.02;-0.02;0.15;-0.64;2.54;0.00;0.06;0.06;0.009
403.775;3146;-0.60;2.61;-1.58;-0.11;2.67;26.26;0.18;0.50;581;2;1;2;0.23;0.26;0.27;0.00;0.00;0.00;0.01;0.09;-0.60;2.54;0.88;0.24;0.24;0.005
403.875;3157;-0.57;2.61;-0.40;-0.11;2.67;26.26;0.18;0.50;581;2;1;2;0.31;0.26;0.26;-0.00;-0.00;-0.01;-0.00;0.21;-0.56;2.54;2.21;0.32;0.32;0.005
403.975;3165;-0.55;2.61;0.68;-0.11;2.67;26.26;0.18;0.50;581;2;1;2;0.35;0.26;0.27;-0.01;-0.00;-0.02;-0.03;0.25;-0.54;2.54;3.20;0.36;0.36;0.005
404.085;3176;-0.52;2.61;2.19;-0.11;2.67;26.26;0.18;0.50;581;2;1;2;0.43;0.27;0.28;-0.01;-0.01;-0.03;-0.04;0.25;-0.51;2.55;5.18;0.42;0.42;0.013
404.185;3188;-0.48;2.61;4.00;-0.11;2.67;26.26;0.18;0.50;581;2;1;2;0.43;0.27;0.28;-0.00;-0.01;-0.03;-0.04;0.28;-0.49;2.55;5.99;0.44;0.44;0.010
404.295;3199;-0.45;2.61;5.50;-0.11;2.67;26.26;0.18;0.50;581;2;1;2;0.54;0.28;0.28;0.01;-0.01;-0.00;0.01;0.21;-0.45;2.55;8.90;0.49;0.50;0.015
404.385;3207;-0.43;2.62;6.89;-0.11;2.67;26.26;0.18;0.50;581;2;1;2;0.54;0.29;0.29;-0.01;-0.01;0.01;0.03;0.37;-0.42;2.56;10.98;0.46;0.50;0.010
404.475;3218;-0.40;2.62;9.54;-0.11;2.67;26.26;0.18;0.50;581;2;1;2;0.50;0.30;0.29;-0.07;-0.06;0.15;-0.13;0.49;-0.39;2.57;12.94;0.44;0.50;0.006
404.575;3226;-0.38;2.62;11.40;-0.11;2.67;26.26;0.18;0.50;581;2;1;2;0.48;0.30;0.32;-0.08;-0.04;0.02;-0.27;0.52;-0.36;2.57;14.77;0.41;0.50;0.005
404.685;3239;-0.34;2.62;14.11;-0.11;2.67;26.26;0.18;0.50;581;2;1;2;0.46;0.30;0.29;-0.04;-0.01;0.02;0.07;0.32;-0.34;2.58;16.48;0.39;0.50;0.013
404.785;3245;-0.32;2.62;15.33;-0.11;2.67;26.26;0.18;0.50;581;2;1;2;0.42;0.30;0.29;-0.05;-0.01;0.00;0.01;0.32;-0.31;2.59;18.07;0.36;0.50;0.010
404.885;3256;-0.29;2.62;17.23;-0.11;2.67;26.26;0.18;0.50;581;2;1;2;0.39;0.30;0.31;-0.03;-0.01;-0.02;-0.06;0.29;-0.28;2.60;19.55;0.34;0.50;0.007
404.995;3268;-0.25;2.64;18.51;-0.11;2.67;26.26;0.18;0.50;581;2;1;2;0.38;0.30;0.32;0.01;-0.01;-0.03;-0.07;0.16;-0.25;2.61;20.91;0.31;0.50;0.013
405.075;3278;-0.22;2.65;19.12;0.22;2.84;24.54;-0.25;0.50;581;3;1;2;0.39;0.30;0.31;0.01;-0.01;-0.02;-0.04;0.10;-0.21;2.63;22.74;0.27;0.50;0.005
405.175;3287;-0.20;2.66;19.64;0.22;2.84;24.54;-0.25;0.50;581;3;1;2;0.39;0.30;0.31;0.01;-0.01;-0.01;-0.04;0.12;-0.18;2.64;23.83;0.25;0.50;0.005
405.275;3298;-0.17;2.67;20.14;0.22;2.84;24.54;-0.25;0.50;581;3;1;2;0.39;0.30;0.32;-0.00;-0.01;-0.01;-0.04;0.10;-0.16;2.65;24.80;0.22;0.50;0.003
405.375;3306;-0.14;2.68;20.54;0.22;2.84;24.54;-0.25;0.50;581;3;1;2;0.39;0.30;0.31;0.02;-0.01;-0.01;-0.01;0.08;-0.13;2.66;25.67;0.20;0.50;0.006
405.485;3315;-0.12;2.69;20.87;0.22;2.84;24.54;-0.25;0.50;581;3;1;2;0.39;0.30;0.31;-0.00;-0.01;-0.01;-0.04;0.11;-0.10;2.68;26.44;0.17;0.50;0.005
405.585;3325;-0.09;2.70;21.29;0.22;2.84;24.54;-0.25;0.50;581;3;1;2;0.37;0.30;0.30;0.01;-0.00;0.00;0.04;0.05;-0.08;2.69;27.07;0.14;0.50;0.003
405.685;3339;-0.05;2.72;21.73;0.22;2.84;24.54;-0.25;0.50;581;3;1;2;0.33;0.30;0.32;-0.01;-0.01;-0.02;-0.07;0.08;-0.05;2.70;27.56;0.10;0.50;0.006
405.775;3348;-0.02;2.73;21.81;0.22;2.84;24.54;-0.25;0.50;581;3;1;2;0.32;0.30;0.31;-0.01;-0.01;-0.01;-0.05;0.05;-0.02;2.72;27.92;0.07;0.50;0.002
405.875;3358;0.01;2.74;21.88;0.22;2.84;24.54;-0.25;0.50;581;3;1;2;0.29;0.30;0.30;0.01;-0.01;0.01;0.06;-0.02;-0.01;2.72;28.04;0.05;0.50;0.005
405.985;3368;0.04;2.75;21.84;0.22;2.84;24.54;-0.25;0.50;581;3;1;2;0.27;0.30;0.31;0.01;-0.01;-0.01;-0.04;0.01;0.04;2.75;28.18;-0.02;0.50;0.004
406.085;3377;0.06;2.76;21.68;0.22;2.84;24.54;-0.25;0.50;581;3;1;2;0.24;0.30;0.30;0.01;-0.01;-0.00;0.01;-0.03;0.06;2.76;28.12;-0.04;0.50;0.004
406.185;3387;0.09;2.77;21.50;0.22;2.84;24.54;-0.25;0.50;581;3;1;2;0.21;0.30;0.31;0.00;-0.01;-0.02;-0.09;-0.01;0.08;2.77;27.90;-0.07;0.50;0.005
406.285;3395;0.11;2.78;21.30;0.57;2.93;0.57;-0.63;0.50;581;4;1;2;0.18;0.30;0.31;0.00;-0.01;-0.02;-0.09;-0.03;0.11;2.79;27.54;-0.11;0.50;0.005
406.385;3406;0.14;2.80;20.96;0.57;2.93;0.57;-0.63;0.50;581;4;1;2;0.10;0.30;0.30;0.01;-0.01;0.01;0.04;-0.08;0.13;2.80;27.04;-0.14;0.50;0.006
406.485;3418;0.18;2.81;20.33;0.57;2.93;0.57;-0.63;0.50;581;4;1;2;0.07;0.30;0.31;0.01;-0.01;-0.01;-0.06;-0.09;0.16;2.81;26.39;-0.17;0.50;0.006
406.575;3428;0.20;2.82;19.62;0.57;2.93;0.57;-0.63;0.50;581;4;1;2;0.01;0.30;0.31;0.00;-0.01;-0.01;-0.06;-0.09;0.20;2.83;25.15;-0.23;0.50;0.003
406.695;3437;0.23;2.83;18.97;0.74;2.93;-8.63;-0.49;0.50;72;1;1;3;-0.03;0.30;0.30;0.01;-0.01;-0.01;-0.03;-0.11;0.23;2.85;24.14;-0.26;0.50;0.017
406.815;3451;0.27;2.84;18.03;0.74;2.93;-8.63;-0.49;0.50;72;1;1;3;-0.13;0.30;0.30;-0.00;-0.00;-0.01;0.01;-0.15;0.56;2.94;-0.00;-0.06;0.06;0.027
406.915;3462;0.30;2.85;16.98;0.74;2.93;-8.63;-0.49;0.50;72;1;1;3;-0.16;0.30;0.30;-0.00;-0.00;0.01;-0.01;-0.14;0.56;2.94;-0.00;-0.06;0.06;0.022
406.985;3466;0.31;2.86;16.66;0.74;2.93;-8.63;-0.49;0.50;72;1;1;3;-0.19;0.30;0.30;0.00;-0.00;0.01;0.00;-0.14;0.56;2.94;-0.00;-0.06;0.06;0.009
407.085;3477;0.35;2.87;15.83;0.74;2.93;-8.63;-0.49;0.50;72;1;1;3;-0.23;0.30;0.30;0.01;-0.00;-0.02;0.03;-0.12;0.56;2.94;-0.00;-0.06;0.06;0.012
407.185;3485;0.37;2.87;15.24;0.74;2.93;-8.63;-0.49;0.50;72;1;1;3;-0.26;0.30;0.31;0.01;-0.01;0.05;-0.05;-0.16;0.56;2.94;-0.00;-0.06;0.06;0.010
407.295;3500;0.41;2.88;13.97;0.74;2.93;-8.63;-0.49;0.50;72;1;1;3;-0.30;0.30;0.31;0.00;-0.01;0.08;-0.07;-0.16;0.56;2.94;-0.00;-0.06;0.06;0.017
407.385;3508;0.44;2.89;13.20;0.74;2.93;-8.63;-0.49;0.50;72;1;1;3;-0.33;0.30;0.31;0.00;-0.01;0.07;-0.07;-0.19;0.56;2.94;-0.00;-0.06;0.06;0.008
407.495;3519;0.47;2.90;12.13;0.74;2.93;-8.63;-0.49;0.50;72;1;1;3;-0.35;0.30;0.30;-0.01;-0.01;-0.06;0.06;-0.14;0.56;2.94;-0.00;-0.06;0.06;0.021
407.605;3527;0.49;2.90;11.38;1.09;2.81;-26.26;-0.18;0.50;72;2;1;3;-0.37;0.30;0.30;-0.01;-0.01;-0.06;0.07;-0.15;0.56;2.94;-0.00;-0.06;0.06;0.018
407.685;3536;0.52;2.91;10.50;1.09;2.81;-26.26;-0.18;0.50;72;2;1;3;-0.44;0.30;0.31;-0.00;-0.01;-0.00;0.01;-0.17;0.56;2.94;-0.00;-0.06;0.06;0.010
407.775;3547;0.55;2.91;9.18;1.09;2.81;-26.26;-0.18;0.50;72;2;1;3;-0.43;0.29;0.30;-0.01;-0.00;-0.06;0.08;-0.20;0.56;2.94;-0.00;-0.06;0.06;0.010
407.875;3555;0.58;2.92;7.90;1.09;2.81;-26.26;-0.18;0.50;72;2;1;3;-0.48;0.29;0.28;0.03;-0.01;-0.11;0.12;-0.20;0.58;2.94;-0.15;-0.14;0.14;0.008
407.985;3569;0.62;2.93;5.06;1.09;2.81;-26.26;-0.18;0.50;72;2;1;3;-0.51;0.29;0.27;0.05;-0.01;-0.02;0.01;-0.38;0.60;2.94;-0.88;-0.24;0.24;0.010
408.075;3574;0.63;2.93;3.93;1.09;2.81;-26.26;-0.18;0.50;72;2;1;3;-0.55;0.29;0.29;0.06;-0.06;-0.11;-0.16;-0.51;0.63;2.94;-1.80;-0.30;0.30;0.005
408.175;3588;0.67;2.94;-0.05;1.09;2.81;-26.26;-0.18;0.50;72;2;1;3;-0.56;0.30;0.29;0.07;-0.06;-0.12;-0.16;-0.59;0.67;2.94;-3.79;-0.38;0.38;0.006
408.285;3597;0.70;2.95;-2.87;1.09;2.81;-26.26;-0.18;0.50;72;2;1;3;-0.55;0.30;0.29;0.07;-0.01;0.03;-0.05;-0.57;0.69;2.94;-5.18;-0.42;0.42;0.005
408.385;3606;0.72;2.95;-5.53;1.09;2.81;-26.26;-0.18;0.50;72;2;1;3;-0.55;0.30;0.29;0.05;-0.01;-0.04;0.08;-0.45;0.72;2.93;-6.88;-0.45;0.46;0.009
408.485;3616;0.75;2.95;-8.44;1.09;2.81;-26.26;-0.18;0.50;72;2;1;3;-0.55;0.30;0.30;0.08;-0.06;-0.15;-0.13;-0.57;0.75;2.93;-8.90;-0.49;0.50;0.005
408.575;3627;0.79;2.95;-11.65;1.09;2.81;-26.26;-0.18;0.50;72;2;1;3;-0.49;0.30;0.29;0.04;-0.01;-0.04;0.09;-0.45;0.78;2.93;-10.98;-0.46;0.50;0.008
408.675;3635;0.81;2.95;-13.62;1.09;2.81;-26.26;-0.18;0.50;72;2;1;3;-0.47;0.30;0.29;0.03;-0.01;-0.05;0.14;-0.31;0.81;2.92;-12.94;-0.44;0.50;0.007
408.775;3646;0.84;2.95;-15.93;1.09;2.81;-26.26;-0.18;0.50;72;2;1;3;-0.43;0.30;0.30;0.06;-0.01;0.03;-0.14;-0.44;0.84;2.91;-14.77;-0.41;0.50;0.006
408.875;3654;0.87;2.95;-17.46;1.09;2.81;-26.26;-0.18;0.50;72;2;1;3;-0.40;0.30;0.29;0.05;-0.01;0.02;-0.06;-0.35;0.85;2.91;-15.64;-0.40;0.50;0.010
408.975;3668;0.91;2.93;-19.23;1.09;2.81;-26.26;-0.18;0.50;72;2;1;3;-0.39;0.30;0.31;-0.01;-0.01;0.01;0.00;-0.15;0.89;2.90;-18.07;-0.36;0.50;0.004
409.085;3677;0.93;2.92;-19.90;1.09;2.81;-26.26;-0.18;0.50;72;2;1;3;-0.40;0.30;0.31;-0.01;-0.01;0.02;-0.04;-0.13;0.92;2.89;-19.55;-0.34;0.50;0.010
409.185;3688;0.96;2.91;-20.64;1.09;2.81;-26.26;-0.18;0.50;72;2;1;3;-0.41;0.30;0.31;-0.01;-0.01;0.01;-0.04;-0.13;0.95;2.88;-20.91;-0.31;0.50;0.005
409.285;3696;0.99;2.90;-21.12;1.09;2.81;-26.26;-0.18;0.50;72;2;1;3;-0.41;0.30;0.31;0.00;-0.01;0.00;-0.02;-0.12;0.98;2.86;-22.16;-0.29;0.50;0.006
409.405;3711;1.03;2.89;-22.20;0.96;2.94;0.00;0.00;0.50;557;0;1;0;-0.41;0.30;0.24;0.01;-0.01;-0.07;0.38;-0.02;1.00;2.85;-23.30;-0.26;0.50;0.009
409.485;3715;1.03;2.89;-22.16;0.96;2.94;0.00;0.00;0.50;557;0;1;0;0.79;0.30;0.07;0.07;-0.03;-0.05;-0.18;0.02;1.03;2.94;-0.00;-0.00;0.50;0.005
409.585;3729;1.06;2.89;-16.80;0.96;2.94;0.00;0.00;0.50;557;0;1;0;0.79;0.30;0.31;-0.02;0.00;0.02;0.01;1.26;1.04;2.94;-0.00;-0.00;0.50;0.010
409.685;3738;1.08;2.88;-10.98;0.96;2.94;0.00;0.00;0.50;557;0;1;0;0.79;0.30;0.33;-0.06;-0.01;-0.11;-0.04;1.10;1.07;2.94;-0.00;-0.00;0.50;0.007
409.795;3748;1.11;2.86;-4.81;0.96;2.94;0.00;0.00;0.50;557;0;1;0;0.42;0.30;0.29;-0.09;-0.00;0.06;0.08;0.99;1.10;2.94;-0.00;-0.00;0.50;0.006
409.885;3758;1.14;2.85;-1.38;1.16;2.94;-0.00;-0.00;0.50;557;1;1;0;0.31;0.30;0.30;-0.09;-0.01;-0.05;-0.09;0.33;1.13;2.94;-0.00;-0.00;0.50;0.005
409.985;3767;1.17;2.85;-0.56;1.16;2.94;-0.00;-0.00;0.50;557;1;1;0;0.26;0.30;0.29;-0.04;-0.01;0.00;-0.01;0.12;1.17;2.94;-0.00;-0.00;0.50;0.007
410.085;3777;1.20;2.85;0.01;1.16;2.94;-0.00;-0.00;0.50;557;1;1;0;0.23;0.30;0.29;-0.02;-0.01;0.02;0.02;0.08;1.20;2.94;-0.00;-0.00;0.50;0.004
410.185;3786;1.22;2.84;0.49;1.16;2.94;-0.00;-0.00;0.50;557;1;1;0;0.22;0.30;0.29;-0.03;-0.01;-0.02;-0.03;0.10;1.23;2.94;-0.00;0.00;0.50;0.003
410.285;3796;1.25;2.84;0.94;1.16;2.94;-0.00;-0.00;0.50;557;1;1;0;0.19;0.30;0.30;0.01;-0.01;0.03;0.05;0.05;1.25;2.94;-0.00;0.00;0.50;0.008
410.385;3805;1.28;2.84;1.17;1.16;2.94;-0.00;-0.00;0.50;557;1;1;0;0.18;0.30;0.31;0.00;-0.01;-0.05;-0.08;0.04;1.28;2.94;-0.00;0.00;0.50;0.004
410.475;3815;1.31;2.85;1.25;1.16;2.94;-0.00;-0.00;0.50;557;1;0;0;0.17;0.30;0.30;0.01;-0.01;0.01;0.02;-0.00;1.31;2.94;-0.00;0.00;0.50;0.007
410.595;3828;1.35;2.85;1.30;1.36;2.94;0.00;0.00;0.50;117;0;1;0;0.17;0.30;0.30;0.01;-0.01;0.03;0.06;-0.01;1.34;2.94;-0.00;0.00;0.50;0.003
410.695;3838;1.36;2.84;0.96;1.36;2.94;0.00;0.00;0.50;117;0;1;0;0.17;0.30;0.00;-0.03;-0.00;-0.02;-0.04;-0.10;1.36;2.94;0.00;0.00;0.50;0.005
410.785;3847;1.36;2.84;0.58;1.36;2.94;0.00;0.00;0.50;117;0;1;0;0.17;0.30;-0.00;0.01;-0.00;-0.02;-0.02;-0.07;1.36;2.94;0.00;0.00;0.50;0.004
410.885;3857;1.36;2.85;0.29;1.36;2.94;0.00;0.00;0.50;117;0;1;0;0.17;0.30;0.00;-0.00;-0.00;-0.00;0.02;-0.03;1.36;2.94;0.00;0.00;0.50;0.003
410.985;3865;1.36;2.85;0.16;1.36;2.94;0.00;0.00;0.50;117;0;1;0;0.17;0.30;0.00;-0.00;-0.00;-0.00;0.01;-0.03;1.36;2.94;0.00;0.00;0.50;0.003
411.095;3880;1.36;2.85;-0.02;1.36;2.94;0.00;0.00;0.50;117;0;1;0;0.17;0.30;0.00;-0.00;-0.00;-0.00;0.00;-0.02;1.36;2.94;0.00;0.00;0.50;0.009
411.205;3888;1.36;2.85;-0.08;1.36;2.94;0.00;0.00;0.50;117;0;1;0;0.17;0.30;0.00;-0.00;-0.00;-0.00;0.00;-0.01;1.36;2.94;0.00;0.00;0.50;0.006
411.295;3898;1.36;2.85;-0.14;1.36;2.94;0.00;0.00;0.50;117;0;1;0;0.17;0.30;0.00;-0.00;-0.00;-0.00;0.00;-0.01;1.36;2.94;0.00;0.00;0.50;0.004
411.395;3908;1.36;2.85;-0.18;1.36;2.94;0.00;0.00;0.50;117;0;1;0;0.17;0.30;0.00;-0.00;-0.00;-0.00;0.00;-0.01;1.36;2.94;0.00;0.00;0.50;0.004
411.485;3919;1.36;2.85;-0.22;1.36;2.94;0.00;0.00;0.50;117;0;1;0;0.17;0.30;0.00;-0.00;-0.00;-0.00;0.00;-0.00;1.36;2.94;0.00;0.00;0.50;0.003
411.585;3928;1.36;2.85;-0.24;1.36;2.94;0.00;0.00;0.50;117;0;1;0;0.17;0.30;0.00;0.00;-0.00;0.00;0.00;-0.00;1.36;2.94;0.00;0.00;0.50;0.003
411.705;3938;1.36;2.85;-0.26;1.36;2.94;0.00;0.00;0.50;117;0;1;0;0.17;0.30;0.00;0.00;-0.00;0.00;0.00;-0.00;1.37;2.94;-0.00;-0.00;0.50;0.007
411.795;3947;1.36;2.85;-0.27;1.36;2.94;0.00;0.00;0.50;117;0;1;0;0.17;0.30;0.00;0.00;-0.00;0.00;0.00;-0.00;1.37;2.94;-0.00;-0.00;0.50;0.009
411.895;3957;1.36;2.85;-0.28;1.36;2.94;0.00;0.00;0.50;117;0;1;0;0.17;0.30;0.00;0.00;-0.00;0.00;0.00;-0.00;1.37;2.94;-0.00;-0.00;0.50;0.009
411.985;3965;1.36;2.85;-0.28;1.36;2.94;0.00;0.00;0.50;117;0;1;0;0.17;0.30;0.00;0.00;-0.00;0.00;0.00;-0.00;1.37;2.94;-0.00;-0.00;0.50;0.004
412.095;3980;1.36;2.85;-0.29;1.36;2.94;0.00;0.00;0.50;117;0;1;0;0.17;0.30;0.00;0.00;-0.00;0.00;0.00;-0.00;1.37;2.94;-0.00;-0.00;0.50;0.008
412.195;3989;1.36;2.85;-0.29;1.36;2.94;0.00;0.00;0.50;117;0;1;0;0.17;0.30;0.00;0.00;-0.00;0.00;0.00;-0.00;1.37;2.94;-0.00;-0.00;0.50;0.003
412.295;3999;1.36;2.85;-0.29;1.36;2.94;0.00;0.00;0.50;117;0;1;0;0.17;0.30;0.00;0.00;-0.00;0.00;0.00;-0.00;1.37;2.94;-0.00;-0.00;0.50;0.007
412.405;4008;1.36;2.85;-0.30;1.36;2.94;0.00;0.00;0.50;117;0;1;0;0.17;0.30;0.00;0.00;-0.00;0.00;0.00;-0.00;1.37;2.94;-0.00;-0.00;0.50;0.009
412.505;4018;1.36;2.85;-0.30;1.36;2.94;0.00;0.00;0.50;117;0;1;0;0.17;0.30;0.00;0.00;-0.00;0.00;0.00;-0.00;1.37;2.94;-0.00;-0.00;0.50;0.009
412.595;4026;1.36;2.85;-0.30;1.36;2.94;0.00;0.00;0.50;117;0;1;0;0.17;0.30;0.00;0.00;-0.00;0.00;0.00;-0.00;1.37;2.94;-0.00;-0.00;0.50;0.006
412.705;4041;1.36;2.85;-0.30;1.36;2.94;0.00;0.00;0.50;117;0;1;0;0.17;0.30;0.00;0.00;-0.00;0.00;0.00;-0.00;1.37;2.94;-0.00;-0.00;0.50;0.007
412.795;4045;1.36;2.85;-0.30;1.36;2.94;0.00;0.00;0.50;117;0;1;0;0.17;0.30;0.00;0.00;-0.00;0.00;0.00;-0.00;1.37;2.94;-0.00;-0.00;0.50;0.005
412.895;4059;1.36;2.85;-0.30;1.36;2.94;0.00;0.00;0.50;117;0;1;0;0.17;0.30;0.00;0.00;-0.00;0.00;0.00;-0.00;1.37;2.94;-0.00;-0.00;0.50;0.004
412.995;4070;1.37;2.85;-0.30;1.36;2.94;0.00;0.00;0.50;117;0;1;0;0.17;0.30;0.00;0.00;-0.00;0.00;0.00;-0.00;1.37;2.94;-0.00;-0.00;0.50;0.003
413.105;4078;1.37;2.85;-0.30;1.36;2.94;0.00;0.00;0.50;117;0;1;0;0.17;0.30;0.00;0.00;-0.00;0.00;0.00;-0.00;1.37;2.94;-0.00;-0.00;0.50;0.007
413.205;4089;1.37;2.85;-0.30;1.36;2.94;0.00;0.00;0.50;117;0;1;0;0.17;0.30;0.00;0.00;-0.00;0.00;0.00;-0.00;1.37;2.94;-0.00;-0.00;0.50;0.008
413.295;4097;1.37;2.85;-0.30;1.36;2.94;0.00;0.00;0.50;117;0;1;0;0.17;0.30;0.00;0.00;-0.00;0.00;0.00;-0.00;1.37;2.94;-0.00;-0.00;0.50;0.006
413.395;4108;1.37;2.85;-0.30;1.36;2.94;0.00;0.00;0.50;117;0;1;0;0.17;0.30;0.00;0.00;-0.00;0.00;0.00;-0.00;1.37;2.94;-0.00;-0.00;0.50;0.005
413.485;4116;1.37;2.85;-0.30;1.36;2.94;0.00;0.00;0.50;117;0;1;0;0.17;0.30;0.00;0.00;-0.00;0.00;0.00;-0.00;1.37;2.94;-0.00;-0.00;0.50;0.005
413.585;4127;1.37;2.85;-0.30;1.36;2.94;0.00;0.00;0.50;117;0;1;0;0.17;0.30;0.00;0.00;-0.00;0.00;0.00;0.00;1.37;2.94;-0.00;-0.00;0.50;0.003
413.695;4140;1.37;2.85;-0.30;1.36;2.94;0.00;0.00;0.50;117;0;1;0;0.17;0.30;0.00;0.00;-0.00;0.00;0.00;0.00;1.37;2.94;-0.00;-0.00;0.50;0.010
413.805;4150;1.37;2.85;-0.30;1.36;2.94;0.00;0.00;0.50;117;0;1;0;0.17;0.30;0.00;0.00;-0.00;0.00;0.00;0.00;1.37;2.94;-0.00;-0.00;0.50;0.009
413.895;4159;1.37;2.85;-0.30;1.36;2.94;0.00;0.00;0.50;117;0;1;0;0.17;0.30;0.00;0.00;-0.00;0.00;0.00;0.00;1.37;2.94;-0.00;-0.00;0.50;0.008
414.005;4169;1.37;2.85;-0.30;1.36;2.94;0.00;0.00;0.50;117;0;1;0;0.17;0.30;0.00;0.00;-0.00;0.00;0.00;0.00;1.37;2.94;-0.00;-0.00;0.50;0.005
414.095;4180;1.37;2.85;-0.30;1.36;2.94;0.00;0.00;0.50;117;0;1;0;0.17;0.30;0.00;0.00;-0.00;0.00;0.00;0.00;1.37;2.94;-0.00;-0.00;0.50;0.007
414.195;4189;1.37;2.85;-0.30;1.36;2.94;0.00;0.00;0.50;117;0;1;0;0.17;0.30;0.00;0.00;-0.00;0.00;0.00;0.00;1.37;2.94;-0.00;-0.00;0.50;0.005
414.295;4199;1.37;2.85;-0.30;1.36;2.94;0.00;0.00;0.50;117;0;1;0;0.17;0.30;0.00;0.00;-0.00;0.00;0.00;0.00;1.37;2.94;-0.00;-0.00;0.50;0.004
414.395;4208;1.37;2.85;-0.30;1.36;2.94;0.00;0.00;0.50;117;0;1;0;0.17;0.30;0.00;0.00;-0.00;0.00;0.00;0.00;1.37;2.94;-0.00;-0.00;0.50;0.007
414.495;4219;1.37;2.85;-0.30;1.36;2.94;0.00;0.00;0.50;117;0;1;0;0.17;0.30;0.00;0.00;-0.00;0.00;0.00;0.00;1.37;2.94;-0.00;-0.00;0.50;0.005
414.595;4228;1.37;2.85;-0.30;1.36;2.94;0.00;0.00;0.50;117;0;1;0;0.17;0.30;0.00;0.00;-0.00;0.00;0.00;0.00;1.37;2.94;-0.00;-0.00;0.50;0.005
414.695;4238;1.37;2.85;-0.30;1.36;2.94;0.00;0.00;0.50;117;0;1;0;0.17;0.30;0.00;0.00;-0.00;0.00;0.00;0.00;1.37;2.94;-0.00;-0.00;0.50;0.007
414.795;4246;1.37;2.85;-0.30;1.36;2.94;0.00;0.00;0.50;117;0;1;0;0.17;0.30;0.00;0.00;-0.00;0.00;0.00;0.00;1.37;2.94;-0.00;-0.00;0.50;0.004
414.895;4256;1.37;2.85;-0.30;1.36;2.94;0.00;0.00;0.50;117;0;1;0;0.17;0.30;0.00;0.00;-0.00;0.00;0.00;0.00;1.37;2.94;-0.00;-0.00;0.50;0.006
415.005;4270;1.37;2.85;-0.30;1.36;2.94;0.00;0.00;0.50;117;0;1;0;0.17;0.30;0.00;0.00;-0.00;0.00;0.00;0.00;1.37;2.94;-0.00;-0.00;0.50;0.005
415.085;4279;1.37;2.85;-0.30;1.36;2.94;0.00;0.00;0.50;117;0;1;0;0.17;0.30;0.00;0.00;-0.00;0.00;0.00;0.00;1.37;2.94;-0.00;-0.00;0.50;0.008
415.205;4289;1.37;2.85;-0.30;1.36;2.94;0.00;0.00;0.50;117;0;1;0;0.17;0.30;0.00;0.00;-0.00;0.00;0.00;0.00;1.37;2.94;-0.00;-0.00;0.50;0.010
415.305;4298;1.37;2.85;-0.30;1.36;2.94;0.00;0.00;0.50;117;0;1;0;0.17;0.30;0.00;0.00;-0.00;0.00;0.00;0.00;1.37;2.94;-0.00;-0.00;0.50;0.009
415.395;4308;1.37;2.85;-0.30;1.36;2.94;0.00;0.00;0.50;117;0;1;0;0.17;0.30;0.00;0.00;-0.00;0.00;0.00;0.00;1.37;2.94;-0.00;-0.00;0.50;0.005
415.495;4316;1.37;2.85;-0.30;1.36;2.94;0.00;0.00;0.50;117;0;1;0;0.17;0.30;0.00;0.00;-0.00;0.00;0.00;0.00;1.37;2.94;-0.00;-0.00;0.50;0.004
415.585;4327;1.37;2.85;-0.30;1.36;2.94;0.00;0.00;0.50;117;0;1;0;0.17;0.30;0.00;0.00;-0.00;0.00;0.00;0.00;1.37;2.94;-0.00;-0.00;0.50;0.003
415.705;4340;1.37;2.85;-0.30;1.36;2.94;0.00;0.00;0.50;117;0;1;0;0.17;0.30;0.00;0.00;-0.00;0.00;0.00;0.00;1.37;2.94;-0.00;-0.00;0.50;0.006
415.805;4350;1.37;2.85;-0.30;1.36;2.94;0.00;0.00;0.50;117;0;1;0;0.17;0.30;0.00;0.00;-0.00;0.00;0.00;0.00;1.37;2.94;-0.00;-0.00;0.50;0.008
415.895;4358;1.37;2.85;-0.30;1.36;2.94;0.00;0.00;0.50;117;0;1;0;0.17;0.30;0.00;0.00;-0.00;0.00;0.00;0.00;1.37;2.94;-0.00;-0.00;0.50;0.007
416.005;4369;1.37;2.85;-0.30;1.36;2.94;0.00;0.00;0.50;117;0;1;0;0.17;0.30;0.00;0.00;-0.00;0.00;0.00;0.00;1.37;2.94;-0.00;-0.00;0.50;0.009
416.105;4377;1.37;2.85;-0.30;1.36;2.94;0.00;0.00;0.50;117;0;1;0;0.17;0.30;0.00;0.00;-0.00;0.00;0.00;0.00;1.37;2.94;-0.00;-0.00;0.50;0.007
416.195;4386;1.37;2.85;-0.30;1.36;2.94;0.00;0.00;0.50;117;0;1;0;0.17;0.30;0.00;0.00;-0.00;0.00;0.00;0.00;1.37;2.94;-0.00;-0.00;0.50;0.003
416.295;4396;1.37;2.85;-0.30;1.36;2.94;0.00;0.00;0.50;117;0;1;0;0.17;0.30;0.00;0.00;-0.00;0.00;0.00;0.00;1.37;2.94;-0.00;-0.00;0.50;0.005
416.405;4411;1.37;2.85;-0.30;1.36;2.94;0.00;0.00;0.50;117;0;1;0;0.17;0.30;0.00;0.00;-0.00;0.00;0.00;0.00;1.37;2.94;-0.00;-0.00;0.50;0.010
416.505;4419;1.37;2.85;-0.30;1.36;2.94;0.00;0.00;0.50;117;0;1;0;0.17;0.30;0.00;0.00;-0.00;0.00;0.00;0.00;1.37;2.94;-0.00;-0.00;0.50;0.008
416.605;4430;1.37;2.85;-0.30;1.36;2.94;0.00;0.00;0.50;117;0;1;0;0.17;0.30;0.00;0.00;-0.00;0.00;0.00;0.00;1.37;2.94;-0.00;-0.00;0.50;0.005
416.705;4438;1.37;2.85;-0.30;1.36;2.94;0.00;0.00;0.50;117;0;1;0;0.17;0.30;0.00;0.00;-0.00;0.00;0.00;0.00;1.37;2.94;-0.00;-0.00;0.50;0.008
416.795;4449;1.37;2.85;-0.30;1.36;2.94;0.00;0.00;0.50;117;0;1;0;0.17;0.30;0.00;0.00;-0.00;0.00;0.00;0.00;1.37;2.94;-0.00;-0.00;0.50;0.004
416.895;4457;1.37;2.85;-0.30;1.36;2.94;0.00;0.00;0.50;117;0;1;0;0.17;0.30;0.00;0.00;-0.00;0.00;0.00;0.00;1.37;2.94;-0.00;-0.00;0.50;0.007
417.005;4471;1.37;2.85;-0.30;1.36;2.94;0.00;0.00;0.50;117;0;1;0;0.17;0.30;0.00;0.00;-0.00;0.00;0.00;0.00;1.37;2.94;-0.00;-0.00;0.50;0.010
417.095;4475;1.37;2.85;-0.30;1.36;2.94;0.00;0.00;0.50;117;0;1;0;0.17;0.30;0.00;0.00;-0.00;0.00;0.00;0.00;1.37;2.94;-0.00;-0.00;0.50;0.005
417.195;4486;1.37;2.85;-0.30;1.36;2.94;0.00;0.00;0.50;117;0;1;0;0.17;0.30;0.00;0.00;-0.00;0.00;0.00;0.00;1.37;2.94;-0.00;-0.00;0.50;0.007
417.305;4499;1.37;2.85;-0.30;1.36;2.94;0.00;0.00;0.50;117;0;1;0;0.17;0.30;0.00;0.00;-0.00;0.00;0.00;0.00;1.37;2.94;-0.00;-0.00;0.50;0.007
417.405;4509;1.37;2.85;-0.30;1.36;2.94;0.00;0.00;0.50;117;0;1;0;0.17;0.30;0.00;0.00;-0.00;0.00;0.00;0.00;1.37;2.94;-0.00;-0.00;0.50;0.005
417.485;4517;1.37;2.85;-0.30;1.36;2.94;0.00;0.00;0.50;117;0;1;0;0.17;0.30;0.00;0.00;-0.00;0.00;0.00;0.00;1.37;2.94;-0.00;-0.00;0.50;0.004
417.595;4528;1.37;2.85;-0.30;1.36;2.94;0.00;0.00;0.50;117;0;1;0;0.17;0.30;0.00;0.00;-0.00;0.00;0.00;0.00;1.37;2.94;-0.00;-0.00;0.50;0.006
417.695;4537;1.37;2.85;-0.30;1.36;2.94;0.00;0.00;0.50;117;0;1;0;0.17;0.30;0.00;0.00;-0.00;0.00;0.00;0.00;1.37;2.94;-0.00;-0.00;0.50;0.004
417.795;4547;1.37;2.85;-0.30;1.36;2.94;0.00;0.00;0.50;117;0;1;0;0.17;0.30;0.00;0.00;-0.00;0.00;0.00;0.00;1.37;2.94;-0.00;-0.00;0.50;0.006
417.905;4561;1.37;2.85;-0.30;1.36;2.94;0.00;0.00;0.50;117;0;1;0;0.17;0.30;0.00;0.00;-0.00;0.00;0.00;0.00;1.37;2.94;-0.00;-0.00;0.50;0.008
417.995;4567;1.37;2.85;-0.30;1.36;2.94;0.00;0.00;0.50;117;0;1;0;0.17;0.30;0.00;0.00;-0.00;0.00;0.00;0.00;1.37;2.94;-0.00;-0.00;0.50;0.003
418.095;4579;1.37;2.85;-0.30;1.36;2.94;0.00;0.00;0.50;117;0;1;0;0.17;0.30;0.00;0.00;-0.00;0.00;0.00;0.00;1.37;2.94;-0.00;-0.00;0.50;0.004
418.195;4590;1.37;2.85;-0.30;1.36;2.94;0.00;0.00;0.50;117;0;1;0;0.17;0.30;0.00;0.00;-0.00;0.00;0.00;0.00;1.37;2.94;-0.00;-0.00;0.50;0.006
418.305;4598;1.37;2.85;-0.30;1.36;2.94;0.00;0.00;0.50;117;0;1;0;0.17;0.30;0.00;0.00;-0.00;0.00;0.00;0.00;1.37;2.94;-0.00;-0.00;0.50;0.006
418.405;4609;1.37;2.85;-0.30;1.36;2.94;0.00;0.00;0.50;117;0;1;0;0.17;0.30;0.00;0.00;-0.00;0.00;0.00;0.00;1.37;2.94;-0.00;-0.00;0.50;0.007
418.505;4617;1.37;2.85;-0.30;1.36;2.94;0.00;0.00;0.50;117;0;1;0;0.17;0.30;0.00;0.00;-0.00;0.00;0.00;0.00;1.37;2.94;-0.00;-0.00;0.50;0.008
418.595;4626;1.37;2.85;-0.30;1.36;2.94;0.00;0.00;0.50;117;0;1;0;0.17;0.30;0.00;0.00;-0.00;0.00;0.00;0.00;1.37;2.94;-0.00;-0.00;0.50;0.006
418.705;4640;1.37;2.85;-0.30;1.36;2.94;0.00;0.00;0.50;117;0;1;0;0.17;0.30;0.00;0.00;-0.00;0.00;0.00;0.00;1.37;2.94;-0.00;-0.00;0.50;0.010
418.815;4651;1.37;2.85;-0.30;1.36;2.94;0.00;0.00;0.50;117;0;1;0;0.17;0.30;0.00;0.00;-0.00;0.00;0.00;0.00;1.37;2.94;-0.00;-0.00;0.50;0.010
418.895;4659;1.37;2.85;-0.30;1.36;2.94;0.00;0.00;0.50;117;0;1;0;0.17;0.30;0.00;0.00;-0.00;0.00;0.00;0.00;1.37;2.94;-0.00;-0.00;0.50;0.006
418.995;4668;1.37;2.85;-0.30;1.36;2.94;0.00;0.00;0.50;117;0;1;0;0.17;0.30;0.00;0.00;-0.00;0.00;0.00;0.00;1.37;2.94;-0.00;-0.00;0.50;0.005
419.105;4678;1.37;2.85;-0.30;1.36;2.94;0.00;0.00;0.50;117;0;1;0;0.17;0.30;0.00;0.00;-0.00;0.00;0.00;0.00;1.37;2.94;-0.00;-0.00;0.50;0.007
419.195;4687;1.37;2.85;-0.30;1.36;2.94;0.00;0.00;0.50;117;0;1;0;0.17;0.30;0.00;0.00;-0.00;0.00;0.00;0.00;1.37;2.94;-0.00;-0.00;0.50;0.005
419.305;4697;1.37;2.85;-0.30;1.36;2.94;0.00;0.00;0.50;117;0;1;0;0.17;0.30;0.00;0.00;-0.00;0.00;0.00;0.00;1.37;2.94;-0.00;-0.00;0.50;0.008
419.395;4708;1.37;2.85;-0.30;1.36;2.94;0.00;0.00;0.50;117;0;1;0;0.17;0.30;0.00;0.00;-0.00;0.00;0.00;0.00;1.37;2.94;-0.00;-0.00;0.50;0.006
419.495;4716;1.37;2.85;-0.30;1.36;2.94;0.00;0.00;0.50;117;0;1;0;0.17;0.30;0.00;0.00;-0.00;0.00;0.00;0.00;1.37;2.94;-0.00;-0.00;0.50;0.004
419.595;4727;1.37;2.85;-0.30;1.36;2.94;0.00;0.00;0.50;117;0;1;0;0.17;0.30;0.00;0.00;-0.00;0.00;0.00;0.00;1.37;2.94;-0.00;-0.00;0.50;0.007
419.705;4740;1.37;2.85;-0.30;1.36;2.94;0.00;0.00;0.50;117;0;1;0;0.17;0.30;0.00;0.00;-0.00;0.00;0.00;0.00;1.37;2.94;-0.00;-0.00;0.50;0.010
419.795;4750;1.37;2.85;-0.30;1.36;2.94;0.00;0.00;0.50;117;0;1;0;0.17;0.30;0.00;0.00;-0.00;0.00;0.00;0.00;1.37;2.94;-0.00;-0.00;0.50;0.011
419.905;4759;1.37;2.85;-0.30;1.36;2.94;0.00;0.00;0.50;117;0;1;0;0.17;0.30;0.00;0.00;-0.00;0.00;0.00;0.00;1.37;2.94;-0.00;-0.00;0.50;0.007
419.995;4769;1.37;2.85;-0.30;1.36;2.94;0.00;0.00;0.50;117;0;1;0;0.17;0.30;0.00;0.00;-0.00;0.00;0.00;0.00;1.37;2.94;-0.00;-0.00;0.50;0.005
420.085;4777;1.37;2.85;-0.30;1.36;2.94;0.00;0.00;0.50;117;0;1;0;0.17;0.30;0.00;0.00;-0.00;0.00;0.00;0.00;1.37;2.94;-0.00;-0.00;0.50;0.004
420.185;4788;1.37;2.85;-0.30;1.36;2.94;0.00;0.00;0.50;117;0;1;0;0.17;0.30;0.00;0.00;-0.00;0.00;0.00;0.00;1.37;2.94;-0.00;-0.00;0.50;0.004
420.295;4796;1.37;2.85;-0.30;1.36;2.94;0.00;0.00;0.50;117;0;1;0;0.17;0.30;0.00;0.00;-0.00;0.00;0.00;0.00;1.37;2.94;-0.00;-0.00;0.50;0.006
420.405;4811;1.37;2.85;-0.30;1.36;2.94;0.00;0.00;0.50;117;0;1;0;0.17;0.30;0.00;0.00;-0.00;0.00;0.00;0.00;1.37;2.94;-0.00;-0.00;0.50;0.007
420.485;4814;1.37;2.85;-0.30;1.36;2.94;0.00;0.00;0.50;117;0;1;0;0.17;0.30;0.00;0.00;-0.00;0.00;0.00;0.00;1.37;2.94;-0.00;-0.00;0.50;0.005
420.595;4830;1.37;2.85;-0.30;1.36;2.94;0.00;0.00;0.50;117;0;1;0;0.17;0.30;0.00;0.00;-0.00;0.00;0.00;0.00;1.37;2.94;-0.00;-0.00;0.50;0.008
420.695;4838;1.37;2.85;-0.30;1.36;2.94;0.00;0.00;0.50;117;0;1;0;0.17;0.30;0.00;0.00;-0.00;0.00;0.00;0.00;1.37;2.94;-0.00;-0.00;0.50;0.004
420.795;4847;1.37;2.85;-0.30;1.36;2.94;0.00;0.00;0.50;117;0;1;0;0.17;0.30;0.00;0.00;-0.00;0.00;0.00;0.00;1.37;2.94;-0.00;-0.00;0.50;0.005
420.885;4856;1.37;2.85;-0.30;1.36;2.94;0.00;0.00;0.50;117;0;1;0;0.17;0.30;0.00;0.00;-0.00;0.00;0.00;0.00;1.37;2.94;-0.00;-0.00;0.50;0.007
420.995;4867;1.37;2.85;-0.30;1.36;2.94;0.00;0.00;0.50;117;0;1;0;0.17;0.30;0.00;0.00;-0.00;0.00;0.00;0.00;1.37;2.94;-0.00;-0.00;0.50;0.006
421.095;4879;1.37;2.85;-0.30;1.36;2.94;0.00;0.00;0.50;117;0;1;0;0.17;0.30;0.00;0.00;-0.00;0.00;0.00;0.00;1.37;2.94;-0.00;-0.00;0.50;0.006
421.205;4890;1.37;2.85;-0.30;1.36;2.94;0.00;0.00;0.50;117;0;1;0;0.17;0.30;0.00;0.00;-0.00;0.00;0.00;0.00;1.37;2.94;-0.00;-0.00;0.50;0.008
421.295;4898;1.37;2.85;-0.30;1.36;2.94;0.00;0.00;0.50;117;0;1;0;0.17;0.30;0.00;0.00;-0.00;0.00;0.00;0.00;1.37;2.94;-0.00;-0.00;0.50;0.003
