t;frame;x;y;z;x_ref;y_ref;z_ref;delta_ref;u_ref;state;ellipse;control;action;delta;u;vx;vy;vz;wx;wy;wz;xr;yr;zr;delr;ur
23.995;7;1.01;-2.19;92.26;1.06;-2.16;90.00;-0.00;0.50;931;0;1;0;-0.23;0.03;-0.00;0.00;-0.00;-0.04;0.02;0.01;1.06;-2.16;90.00;-0.00;0.50;0.000
24.095;16;1.01;-2.19;92.26;1.06;-2.16;90.00;-0.00;0.50;931;0;1;0;-0.23;0.05;-0.00;-0.00;0.00;0.00;-0.01;0.00;1.06;-2.16;90.00;-0.00;0.50;0.000
24.195;24;1.01;-2.19;92.27;1.06;-2.16;90.00;-0.00;0.50;931;0;1;0;-0.23;0.08;0.01;-0.03;-0.06;0.14;-0.27;-0.01;1.06;-2.16;90.00;-0.00;0.50;0.000
24.295;35;1.01;-2.19;92.13;1.06;-2.16;90.00;-0.00;0.50;931;0;1;0;-0.22;0.10;0.08;-0.00;-0.00;-0.04;-0.02;-0.04;1.06;-2.16;90.00;-0.00;0.50;0.000
24.395;43;1.01;-2.18;91.87;1.06;-2.16;90.00;-0.00;0.50;931;0;1;0;-0.21;0.13;0.10;0.00;0.00;0.00;0.00;-0.06;1.06;-2.16;90.00;-0.00;0.50;0.000
24.495;54;1.01;-2.17;91.49;1.06;-2.16;90.00;-0.00;0.50;931;0;1;0;-0.19;0.14;0.13;0.00;0.00;-0.00;0.00;-0.06;1.06;-2.16;90.00;-0.00;0.50;0.000
24.595;63;1.01;-2.16;91.21;1.06;-2.16;90.00;-0.00;0.50;931;0;1;0;-0.18;0.16;0.15;-0.00;0.00;-0.00;0.00;-0.05;1.06;-2.16;90.00;-0.00;0.50;0.000
24.695;73;1.01;-2.14;90.95;1.06;-2.16;90.00;-0.00;0.50;931;0;1;0;-0.16;0.18;0.16;0.00;0.00;-0.00;0.00;-0.04;1.06;-2.15;90.00;0.00;0.50;0.000
24.795;85;1.01;-2.12;90.70;1.06;-2.16;90.00;-0.00;0.50;931;0;1;0;-0.15;0.19;0.18;0.00;0.00;-0.00;0.00;-0.03;1.06;-2.12;90.00;0.00;0.50;0.000
24.895;96;1.01;-2.10;90.51;1.06;-1.86;90.00;0.00;0.50;931;1;1;0;-0.14;0.21;0.19;0.00;-0.00;0.00;0.00;-0.03;1.06;-2.10;90.00;0.00;0.50;0.000
24.995;104;1.01;-2.08;90.40;1.06;-1.86;90.00;0.00;0.50;931;1;1;0;-0.14;0.22;0.21;0.00;-0.00;0.00;-0.00;-0.02;1.06;-2.09;90.00;0.00;0.50;0.000
25.095;115;1.01;-2.06;90.25;1.06;-1.86;90.00;0.00;0.50;931;1;1;0;-0.13;0.23;0.22;0.00;-0.00;0.00;-0.00;-0.02;1.06;-2.06;90.00;0.00;0.50;0.000
25.195;123;1.01;-2.04;90.16;1.06;-1.86;90.00;0.00;0.50;931;1;1;0;-0.13;0.25;0.24;-0.00;-0.00;0.00;-0.00;-0.02;1.06;-2.04;90.00;0.00;0.50;0.000
25.295;134;1.01;-2.02;90.04;1.06;-1.86;90.00;0.00;0.50;931;1;1;0;-0.12;0.26;0.25;-0.00;-0.00;0.00;-0.00;-0.02;1.06;-2.01;90.00;0.00;0.50;0.000
25.395;147;1.01;-1.98;89.91;1.06;-1.86;90.00;0.00;0.50;931;1;1;0;-0.11;0.27;0.26;-0.00;-0.00;0.00;-0.01;-0.02;1.06;-1.98;90.00;0.00;0.50;0.000
25.495;157;1.01;-1.96;89.83;1.06;-1.86;90.00;0.00;0.50;931;1;1;0;-0.11;0.28;0.27;-0.00;-0.00;0.00;-0.01;-0.01;1.06;-1.95;90.00;0.00;0.50;0.000
25.595;165;1.01;-1.93;89.77;1.06;-1.86;90.00;0.00;0.50;931;1;1;0;-0.11;0.29;0.28;-0.00;-0.00;0.00;-0.01;-0.01;1.06;-1.93;90.00;0.00;0.50;0.000
25.695;176;1.01;-1.90;89.69;1.06;-1.86;90.00;0.00;0.50;931;1;1;0;-0.10;0.30;0.30;-0.00;-0.00;0.00;-0.01;-0.01;1.06;-1.91;90.00;0.00;0.50;0.000
25.795;184;1.01;-1.88;89.64;1.06;-1.86;90.00;0.00;0.50;931;1;1;0;-0.10;0.30;0.30;-0.00;-0.00;0.00;-0.01;-0.01;1.06;-1.88;90.00;0.00;0.50;0.000
25.895;194;1.01;-1.85;89.59;1.06;-1.86;90.00;0.00;0.50;931;1;1;0;-0.10;0.30;0.30;-0.00;-0.00;0.00;-0.01;-0.01;1.06;-1.85;90.00;0.00;0.50;0.000
25.995;204;1.01;-1.82;89.56;1.06;-1.86;90.00;0.00;0.50;931;1;1;0;-0.10;0.30;0.30;-0.00;-0.00;0.00;-0.01;-0.01;1.06;-1.82;90.00;0.00;0.50;0.000
26.095;217;1.01;-1.78;89.53;1.06;-1.56;90.00;-0.00;0.50;931;2;1;0;-0.09;0.30;0.30;-0.00;-0.00;0.00;-0.01;-0.01;1.06;-1.77;90.00;0.00;0.50;0.000
26.195;223;1.01;-1.76;89.52;1.06;-1.56;90.00;-0.00;0.50;931;2;1;0;-0.09;0.30;0.30;-0.00;-0.00;0.00;-0.01;-0.00;1.06;-1.76;90.00;0.00;0.50;0.000
26.295;237;1.01;-1.72;89.49;1.06;-1.56;90.00;-0.00;0.50;931;2;1;0;-0.09;0.30;0.30;-0.00;-0.00;0.00;-0.01;-0.01;1.06;-1.71;90.00;0.00;0.50;0.000
26.395;246;1.01;-1.69;89.47;1.06;-1.56;90.00;-0.00;0.50;931;2;1;0;-0.09;0.30;0.30;-0.00;-0.00;0.00;-0.01;-0.00;1.06;-1.69;90.00;0.00;0.50;0.000
26.495;255;1.01;-1.66;89.45;1.06;-1.56;90.00;-0.00;0.50;931;2;1;0;-0.09;0.30;0.30;-0.00;-0.00;0.00;-0.01;-0.00;1.06;-1.66;90.00;0.00;0.50;0.000
26.595;266;1.02;-1.63;89.43;1.06;-1.56;90.00;-0.00;0.50;931;2;1;0;-0.08;0.30;0.30;-0.00;-0.00;0.00;-0.01;-0.00;1.06;-1.63;90.00;-0.00;0.50;0.000
26.695;274;1.02;-1.61;89.42;1.06;-1.56;90.00;-0.00;0.50;931;2;1;0;-0.08;0.30;0.30;-0.00;-0.00;0.00;-0.01;-0.00;1.06;-1.60;90.00;-0.00;0.50;0.000
26.795;285;1.02;-1.57;89.40;1.06;-1.56;90.00;-0.00;0.50;931;2;1;0;-0.08;0.30;0.30;-0.00;-0.00;0.00;-0.01;-0.00;1.06;-1.57;90.00;-0.00;0.50;0.000
26.905;294;1.02;-1.55;89.38;1.06;-1.56;90.00;-0.00;0.50;931;2;1;0;-0.08;0.30;0.30;-0.00;-0.00;0.00;-0.01;-0.00;1.06;-1.54;90.00;-0.00;0.50;0.000
26.995;304;1.02;-1.52;89.37;1.06;-1.56;90.00;-0.00;0.50;931;2;1;0;-0.08;0.30;0.30;-0.00;-0.00;0.00;-0.01;-0.00;1.06;-1.52;90.00;-0.00;0.50;0.000
27.095;317;1.02;-1.48;89.35;1.06;-1.27;90.00;-0.00;0.50;931;3;1;0;-0.08;0.30;0.30;-0.00;-0.00;0.00;-0.01;-0.00;1.06;-1.47;90.00;-0.00;0.50;0.000
27.195;327;1.02;-1.45;89.33;1.06;-1.27;90.00;-0.00;0.50;931;3;1;0;-0.08;0.30;0.30;-0.00;-0.00;0.00;-0.01;-0.00;1.06;-1.45;90.00;-0.00;0.50;0.000
27.295;336;1.02;-1.42;89.32;1.06;-1.27;90.00;-0.00;0.50;931;3;1;0;-0.07;0.30;0.30;-0.00;-0.00;0.00;-0.01;-0.00;1.06;-1.42;90.00;-0.00;0.50;0.000
27.395;346;1.02;-1.39;89.31;1.06;-1.27;90.00;-0.00;0.50;931;3;1;0;-0.07;0.30;0.30;-0.00;-0.00;0.00;-0.01;-0.00;1.06;-1.39;90.00;-0.00;0.50;0.000
27.495;354;1.02;-1.36;89.30;1.06;-1.27;90.00;-0.00;0.50;931;3;1;0;-0.07;0.30;0.30;-0.00;-0.00;0.00;-0.01;-0.00;1.06;-1.36;90.00;-0.00;0.50;0.000
27.595;365;1.02;-1.33;89.29;1.06;-1.27;90.00;-0.00;0.50;931;3;1;0;-0.07;0.30;0.30;-0.00;-0.00;0.00;-0.01;-0.00;1.06;-1.33;90.00;-0.00;0.50;0.000
27.695;373;1.02;-1.31;89.28;1.06;-1.27;90.00;-0.00;0.50;931;3;1;0;-0.07;0.30;0.30;-0.00;-0.00;0.00;-0.01;-0.00;1.06;-1.30;90.00;-0.00;0.50;0.000
27.795;384;1.02;-1.27;89.26;1.06;-1.27;90.00;-0.00;0.50;931;3;1;0;-0.07;0.30;0.30;-0.00;-0.00;0.00;-0.01;-0.00;1.06;-1.28;90.00;-0.00;0.50;0.000
27.895;392;1.02;-1.25;89.25;1.06;-1.27;90.00;-0.00;0.50;931;3;1;0;-0.07;0.30;0.30;-0.00;-0.00;0.00;-0.01;-0.00;1.06;-1.26;90.00;-0.00;0.50;0.000
27.995;407;1.02;-1.21;89.24;1.06;-0.96;90.00;0.00;-0.50;939;0;1;2;-0.06;0.30;0.30;-0.00;-0.00;0.00;-0.01;-0.00;1.06;-1.21;90.00;-0.00;0.50;0.000
28.095;416;1.02;-1.18;89.23;1.06;-1.36;90.00;0.00;-0.50;933;0;1;2;-0.14;0.26;0.31;0.03;-0.06;0.04;0.28;0.03;1.06;-1.18;90.00;-0.00;-0.50;0.000
28.195;426;1.02;-1.15;88.85;1.06;-1.36;90.00;0.00;-0.50;933;0;1;2;-0.16;0.20;0.26;0.03;0.00;0.00;-0.02;-0.09;1.06;-1.36;90.00;0.00;-0.50;0.000
28.295;434;1.02;-1.13;88.44;1.06;-1.36;90.00;0.00;-0.50;933;0;1;2;-0.18;0.14;0.19;0.01;-0.00;0.02;-0.01;-0.07;1.06;-1.36;90.00;0.00;-0.50;0.000
28.395;445;1.02;-1.11;88.19;1.06;-1.36;90.00;0.00;-0.50;933;0;1;2;-0.20;0.08;0.13;-0.00;-0.00;0.01;-0.00;-0.01;1.06;-1.36;90.00;0.00;-0.50;0.000
28.495;454;1.02;-1.11;88.19;1.06;-1.36;90.00;0.00;-0.50;933;0;1;2;-0.19;0.03;0.08;-0.00;-0.00;0.01;-0.00;0.02;1.06;-1.36;90.00;0.00;-0.50;0.000
28.595;464;1.02;-1.10;88.41;1.06;-1.36;90.00;0.00;-0.50;933;0;1;2;-0.18;-0.03;0.02;-0.00;-0.00;0.01;-0.01;0.06;1.06;-1.36;90.00;0.00;-0.50;0.000
28.695;475;1.02;-1.10;88.79;1.06;-1.36;90.00;0.00;-0.50;933;0;1;2;-0.16;-0.08;-0.03;-0.00;0.00;-0.01;0.01;0.07;1.06;-1.36;90.00;0.00;-0.50;0.000
28.795;483;1.02;-1.11;89.08;1.06;-1.36;90.00;0.00;-0.50;933;0;1;2;-0.15;-0.13;-0.08;-0.00;0.00;0.00;0.00;0.07;1.06;-1.36;90.00;0.00;-0.50;0.000
28.895;494;1.02;-1.12;89.50;1.06;-1.36;90.00;0.00;-0.50;933;0;1;2;-0.13;-0.17;-0.13;0.00;-0.00;0.00;-0.00;0.07;1.06;-1.36;90.00;0.00;-0.50;0.000
28.995;506;1.02;-1.14;89.89;1.06;-1.36;90.00;0.00;-0.50;933;0;1;2;-0.11;-0.22;-0.18;-0.00;-0.00;0.01;0.01;0.03;1.06;-1.36;90.00;0.00;-0.50;0.000
29.095;516;1.02;-1.16;90.08;1.06;-1.36;90.00;0.00;-0.50;933;0;1;2;-0.10;-0.25;-0.22;-0.00;0.00;0.01;0.00;0.02;1.06;-1.36;90.00;0.00;-0.50;0.000
29.195;527;1.02;-1.18;90.29;1.04;-1.50;103.50;0.54;0.50;932;1;1;5;-0.09;-0.28;-0.27;-0.00;-0.00;0.01;0.00;0.02;1.06;-1.36;90.00;0.00;-0.50;0.000
29.295;535;1.02;-1.21;90.40;0.75;-1.09;145.14;0.53;0.50;932;2;1;5;0.79;-0.22;-0.29;-0.00;-0.00;0.01;0.00;0.02;0.93;-1.27;125.08;0.54;0.50;0.000
29.395;546;1.02;-1.24;87.76;0.75;-1.09;145.14;0.53;0.50;932;2;1;5;0.79;-0.15;-0.23;-0.01;-0.00;-0.04;0.04;-0.82;0.95;-1.29;122.56;0.54;0.50;0.000
29.495;554;1.02;-1.25;85.10;0.75;-1.09;145.14;0.53;0.50;932;2;1;5;0.79;-0.09;-0.16;-0.01;-0.01;0.01;-0.01;-0.41;0.95;-1.29;122.56;0.54;0.50;0.000
29.595;565;1.02;-1.27;83.79;0.75;-1.09;145.14;0.53;0.50;932;2;1;5;0.79;-0.02;-0.10;0.00;-0.01;0.05;-0.05;-0.11;0.95;-1.30;121.29;0.54;0.50;0.000
29.695;573;1.02;-1.27;84.16;0.75;-1.09;145.14;0.53;0.50;932;2;1;5;0.79;0.04;-0.04;0.00;-0.01;0.06;-0.06;0.23;0.95;-1.30;121.29;0.54;0.50;0.000
29.795;584;1.02;-1.27;86.11;0.75;-1.09;145.14;0.53;0.50;932;2;1;5;0.79;0.09;0.03;-0.00;-0.01;-0.04;0.03;0.40;0.95;-1.30;121.29;0.54;0.50;0.000
29.895;593;1.02;-1.27;88.27;0.75;-1.09;145.14;0.53;0.50;932;2;1;5;0.79;0.15;0.10;-0.01;-0.04;0.28;-0.05;0.47;0.95;-1.30;121.29;0.54;0.50;0.000
29.995;603;1.02;-1.26;90.71;0.75;-1.09;145.14;0.53;0.50;932;2;1;5;0.79;0.19;0.14;0.00;-0.00;-0.03;-0.04;0.47;0.95;-1.29;122.56;0.54;0.50;0.000
30.095;616;1.02;-1.23;94.44;0.75;-1.09;145.14;0.53;0.50;932;2;1;5;0.79;0.24;0.19;-0.00;-0.01;-0.00;0.00;0.50;0.94;-1.28;123.82;0.54;0.50;0.000
30.195;627;1.02;-1.21;97.79;0.75;-1.09;145.14;0.53;0.50;932;2;1;5;0.79;0.28;0.24;-0.00;-0.00;-0.15;-0.14;0.52;0.93;-1.27;125.08;0.54;0.50;0.000
30.295;635;1.01;-1.19;101.20;0.75;-1.09;145.14;0.53;0.50;932;2;1;5;0.79;0.30;0.26;-0.01;-0.01;0.10;0.12;0.73;0.92;-1.25;126.34;0.54;0.50;0.000
30.395;644;1.01;-1.16;105.24;0.75;-1.09;145.14;0.53;0.50;932;2;1;5;0.79;0.30;0.32;-0.02;-0.00;0.01;0.02;0.90;0.91;-1.24;127.60;0.54;0.50;0.000
30.495;654;1.00;-1.14;110.46;0.75;-1.09;145.14;0.53;0.50;932;2;1;5;0.79;0.30;0.29;0.00;-0.01;0.01;0.04;0.80;0.89;-1.22;130.12;0.54;0.50;0.000
30.595;665;0.99;-1.10;113.96;0.27;-0.95;179.43;0.38;0.50;932;3;1;5;0.79;0.30;0.32;-0.01;-0.00;-0.13;-0.24;0.42;0.88;-1.20;131.38;0.54;0.50;0.000
30.695;673;0.98;-1.08;117.02;0.27;-0.95;179.43;0.38;0.50;932;3;1;5;0.79;0.30;0.29;-0.02;-0.01;0.05;0.09;0.71;0.87;-1.19;132.63;0.54;0.50;0.000
30.795;687;0.96;-1.04;121.57;0.27;-0.95;179.43;0.38;0.50;932;3;1;5;0.79;0.30;0.33;-0.04;-0.00;0.00;0.03;0.55;0.84;-1.16;136.39;0.53;0.50;0.000
30.895;696;0.95;-1.02;124.93;0.27;-0.95;179.43;0.38;0.50;932;3;1;5;0.79;0.30;0.33;-0.05;-0.01;0.01;-0.02;0.57;0.83;-1.15;137.65;0.53;0.50;0.000
30.995;707;0.94;-0.98;128.78;0.27;-0.95;179.43;0.38;0.50;932;3;1;5;0.79;0.30;0.32;-0.07;-0.01;0.03;0.06;0.64;0.80;-1.13;140.15;0.53;0.50;0.000
31.095;715;0.92;-0.96;131.45;0.27;-0.95;179.43;0.38;0.50;932;3;1;5;0.79;0.30;0.34;-0.08;-0.01;0.00;0.03;0.65;0.79;-1.12;141.40;0.53;0.50;0.000
31.195;726;0.91;-0.93;135.68;0.27;-0.95;179.43;0.38;0.50;932;3;1;5;0.79;0.30;0.32;-0.11;-0.01;0.02;0.06;0.66;0.77;-1.10;143.89;0.53;0.50;0.000
31.295;734;0.89;-0.90;138.27;0.27;-0.95;179.43;0.38;0.50;932;3;1;5;0.79;0.30;0.34;-0.10;-0.01;-0.02;-0.12;0.58;0.75;-1.09;145.14;0.53;0.50;0.000
31.395;745;0.87;-0.87;142.48;0.27;-0.95;179.43;0.38;0.50;932;3;1;5;0.79;0.30;0.34;-0.11;-0.01;0.02;0.08;0.74;0.74;-1.08;146.38;0.53;0.50;0.000
31.495;753;0.86;-0.85;145.86;0.27;-0.95;179.43;0.38;0.50;932;3;1;5;0.79;0.30;0.33;-0.10;-0.01;0.02;0.08;0.65;0.72;-1.07;148.82;0.52;0.50;0.000
31.595;767;0.82;-0.82;151.39;0.27;-0.95;179.43;0.38;0.50;932;3;1;5;0.79;0.30;0.33;-0.03;-0.06;0.13;-0.22;0.76;0.69;-1.05;151.21;0.51;0.50;0.000
31.695;776;0.80;-0.80;155.87;0.27;-0.95;179.43;0.38;0.50;932;3;1;5;0.77;0.30;0.31;-0.01;-0.01;0.02;-0.07;0.85;0.68;-1.04;152.38;0.50;0.50;0.000
31.795;787;0.77;-0.79;160.86;0.27;-0.95;179.43;0.38;0.50;932;3;1;5;0.64;0.30;0.29;-0.01;-0.01;-0.05;0.16;0.74;0.65;-1.03;154.69;0.50;0.50;0.000
31.895;795;0.75;-0.78;163.25;0.27;-0.95;179.43;0.38;0.50;932;3;1;5;0.59;0.30;0.31;-0.00;-0.01;0.11;-0.30;0.39;0.63;-1.02;155.83;0.49;0.50;0.000
31.995;804;0.72;-0.77;166.23;0.27;-0.95;179.43;0.38;0.50;932;3;1;5;0.53;0.30;0.32;-0.01;-0.02;0.04;-0.12;0.48;0.62;-1.02;156.95;0.49;0.50;0.000
32.095;813;0.69;-0.76;168.49;0.27;-0.95;179.43;0.38;0.50;932;3;1;5;0.51;0.30;0.29;-0.03;-0.01;-0.07;0.14;0.46;0.59;-1.01;159.16;0.48;0.50;0.000
32.195;824;0.66;-0.76;170.60;0.27;-0.95;179.43;0.38;0.50;932;3;1;5;0.48;0.30;0.30;0.01;-0.01;0.05;-0.11;0.26;0.58;-1.00;160.25;0.47;0.50;0.000
32.295;837;0.62;-0.75;173.05;0.27;-0.95;179.43;0.38;0.50;932;3;1;5;0.45;0.30;0.29;-0.01;-0.01;0.00;-0.01;0.28;0.55;-0.99;162.38;0.46;0.50;0.000
32.395;847;0.59;-0.75;174.61;0.27;-0.95;179.43;0.38;0.50;932;3;1;5;0.44;0.30;0.28;0.01;-0.09;-0.46;0.03;0.41;0.53;-0.99;163.43;0.46;0.50;0.000
32.495;856;0.57;-0.74;176.11;0.27;-0.95;179.43;0.38;0.50;932;3;1;5;0.44;0.30;0.30;-0.00;-0.01;0.04;-0.06;0.24;0.50;-0.98;165.49;0.45;0.50;0.000
32.595;866;0.54;-0.74;177.68;0.27;-0.95;179.43;0.38;0.50;932;3;1;5;0.42;0.30;0.30;-0.04;-0.01;-0.03;0.04;0.27;0.49;-0.97;166.51;0.44;0.50;0.000
32.695;875;0.51;-0.74;178.86;0.27;-0.95;179.43;0.38;0.50;932;3;1;5;0.44;0.30;0.32;-0.06;-0.04;-0.01;0.30;0.38;0.46;-0.97;168.49;0.43;0.50;0.000
32.795;885;0.48;-0.73;180.23;0.27;-0.95;179.43;0.38;0.50;932;3;1;5;0.43;0.30;0.30;-0.02;-0.01;0.06;-0.08;0.20;0.44;-0.96;169.47;0.43;0.50;0.000
32.895;893;0.46;-0.73;181.46;0.27;-0.95;179.43;0.38;0.50;932;3;1;5;0.44;0.30;0.30;-0.04;-0.01;-0.04;0.06;0.26;0.41;-0.96;171.39;0.42;0.50;0.000
32.995;904;0.42;-0.73;182.85;0.26;-0.96;180.00;-0.00;0.50;969;0;1;0;0.43;0.30;0.32;-0.05;-0.04;-0.04;0.31;0.40;0.40;-0.96;172.33;0.42;0.50;0.000
33.095;917;0.38;-0.73;184.54;0.26;-0.96;180.00;-0.00;0.50;969;0;1;0;0.36;0.30;0.31;-0.01;-0.01;-0.03;0.05;0.27;0.26;-0.96;180.00;-0.00;0.50;0.000
33.195;927;0.35;-0.73;185.56;0.26;-0.96;180.00;-0.00;0.50;969;0;1;0;0.29;0.30;0.30;-0.02;-0.01;0.08;-0.08;0.09;0.26;-0.96;180.00;-0.00;0.50;0.000
33.295;936;0.33;-0.73;186.08;0.26;-0.96;180.00;-0.00;0.50;969;0;1;0;0.26;0.30;0.30;-0.04;-0.01;0.01;-0.01;0.05;0.26;-0.96;180.00;-0.00;0.50;0.000
33.395;946;0.30;-0.73;186.38;0.26;-0.96;180.00;-0.00;0.50;969;0;1;0;0.24;0.30;0.28;-0.01;-0.01;-0.04;0.05;0.10;0.26;-0.96;180.00;-0.00;0.50;0.000
33.495;955;0.27;-0.73;186.38;0.26;-0.96;180.00;-0.00;0.50;969;0;1;0;0.24;0.30;0.30;0.01;-0.01;-0.05;0.05;0.03;0.26;-0.96;180.00;-0.00;0.50;0.000
33.595;965;0.24;-0.73;186.48;0.26;-0.96;180.00;-0.00;0.50;969;0;1;0;0.22;0.30;0.29;-0.00;-0.01;0.02;-0.03;-0.04;0.24;-0.96;180.00;0.00;0.50;0.000
33.695;973;0.22;-0.74;186.53;0.26;-0.96;180.00;-0.00;0.50;969;0;1;0;0.22;0.30;0.28;-0.01;-0.01;-0.04;0.04;0.04;0.21;-0.96;180.00;0.00;0.50;0.000
33.795;984;0.19;-0.74;186.39;0.26;-0.96;180.00;-0.00;0.50;969;0;1;0;0.22;0.30;0.30;0.00;-0.01;-0.05;0.05;0.01;0.19;-0.96;180.00;0.00;0.50;0.000
33.895;997;0.15;-0.74;186.40;0.26;-0.96;180.00;-0.00;0.50;969;0;1;0;0.21;0.30;0.30;-0.00;-0.01;0.03;-0.04;-0.04;0.15;-0.96;180.00;0.00;0.50;0.000
33.995;1007;0.12;-0.75;186.43;0.26;-0.96;180.00;-0.00;0.50;969;0;1;0;0.20;0.30;0.28;-0.01;-0.01;-0.03;0.03;0.03;0.13;-0.96;180.00;0.00;0.50;0.000
34.095;1015;0.10;-0.75;186.40;0.26;-0.96;180.00;-0.00;0.50;969;0;1;0;0.20;0.30;0.28;-0.01;-0.01;-0.03;0.01;0.01;0.09;-0.96;180.00;0.00;0.50;0.000
34.195;1026;0.07;-0.75;186.35;0.26;-0.96;180.00;-0.00;0.50;969;0;1;0;0.19;0.30;0.28;-0.00;-0.01;-0.02;0.01;0.01;0.07;-0.96;180.00;0.00;0.50;0.000
34.295;1034;0.04;-0.75;186.31;0.26;-0.96;180.00;-0.00;0.50;969;0;1;0;0.19;0.30;0.28;-0.00;-0.01;-0.02;0.01;0.01;0.05;-0.96;180.00;0.00;0.50;0.000
34.395;1045;0.01;-0.76;186.19;0.26;-0.96;180.00;-0.00;0.50;969;0;1;0;0.19;0.30;0.30;0.00;-0.01;0.04;-0.05;-0.05;0.01;-0.96;180.00;0.00;0.50;0.000
34.495;1053;-0.01;-0.76;186.24;0.26;-0.96;180.00;-0.00;0.50;969;0;1;0;0.18;0.30;0.28;-0.00;-0.01;-0.03;0.03;0.03;-0.01;-0.96;180.00;0.00;0.50;0.000
34.595;1064;-0.04;-0.76;186.21;0.26;-0.96;180.00;-0.00;0.50;969;0;1;0;0.17;0.30;0.28;-0.00;-0.01;-0.02;0.01;0.01;-0.04;-0.96;180.00;0.00;0.50;0.000
34.695;1072;-0.06;-0.76;186.17;0.26;-0.96;180.00;-0.00;0.50;969;0;1;0;0.17;0.30;0.29;-0.00;-0.01;-0.02;0.01;0.00;-0.06;-0.96;180.00;0.00;0.50;0.000
34.795;1087;-0.11;-0.77;186.09;0.26;-0.96;180.00;-0.00;0.50;969;0;1;0;0.16;0.30;0.29;-0.00;-0.01;-0.02;0.02;0.00;-0.11;-0.96;180.00;0.00;0.50;0.000
34.895;1095;-0.13;-0.77;186.04;0.26;-0.96;180.00;-0.00;0.50;969;0;1;0;0.16;0.30;0.29;-0.00;-0.01;-0.02;0.02;-0.00;-0.14;-0.96;180.00;0.00;0.50;0.000
34.995;1106;-0.16;-0.77;185.98;0.26;-0.96;180.00;-0.00;0.50;969;0;1;0;0.16;0.30;0.29;-0.00;-0.01;-0.02;0.02;0.00;-0.16;-0.96;180.00;0.00;0.50;0.000
35.095;1114;-0.18;-0.77;185.94;0.26;-0.96;180.00;-0.00;0.50;969;0;1;0;0.15;0.30;0.29;-0.00;-0.01;-0.02;0.02;-0.00;-0.18;-0.96;180.00;0.00;0.50;0.000
35.195;1125;-0.22;-0.78;185.89;0.26;-0.96;180.00;-0.00;0.50;969;0;1;0;0.15;0.30;0.29;-0.00;-0.01;-0.02;0.02;-0.00;-0.22;-0.96;180.00;0.00;0.50;0.000
35.295;1133;-0.24;-0.78;185.85;0.26;-0.96;180.00;-0.00;0.50;969;0;1;0;0.14;0.30;0.29;-0.00;-0.01;-0.01;0.02;-0.00;-0.24;-0.96;180.00;0.00;0.50;0.000
35.395;1147;-0.28;-0.78;185.79;0.26;-0.96;180.00;-0.00;0.50;969;0;1;0;0.14;0.30;0.29;-0.00;-0.01;-0.01;0.02;-0.00;-0.28;-0.96;180.00;-0.00;0.50;0.000
35.495;1156;-0.30;-0.79;185.74;0.26;-0.96;180.00;-0.00;0.50;969;0;1;0;0.14;0.30;0.29;-0.00;-0.01;-0.01;0.02;-0.01;-0.30;-0.96;180.00;-0.00;0.50;0.000
35.595;1167;-0.34;-0.79;185.68;0.26;-0.96;180.00;-0.00;0.50;969;0;1;0;0.13;0.30;0.29;-0.00;-0.01;-0.01;0.02;-0.00;-0.34;-0.96;180.00;-0.00;0.50;0.000
35.695;1175;-0.36;-0.79;185.65;0.26;-0.96;180.00;-0.00;0.50;969;0;1;0;0.13;0.30;0.29;-0.00;-0.00;-0.01;0.02;-0.00;-0.36;-0.96;180.00;-0.00;0.50;0.000
35.795;1184;-0.38;-0.79;185.62;0.26;-0.96;180.00;-0.00;0.50;969;0;1;0;0.12;0.30;0.29;-0.00;-0.00;-0.01;0.02;-0.00;-0.39;-0.96;180.00;-0.00;0.50;0.000
35.895;1194;-0.41;-0.80;185.60;0.26;-0.96;180.00;-0.00;0.50;969;0;1;0;0.12;0.30;0.29;-0.00;-0.00;-0.01;0.02;-0.00;-0.41;-0.96;180.00;-0.00;0.50;0.000
35.995;1203;-0.44;-0.80;185.57;0.26;-0.96;180.00;-0.00;0.50;969;0;1;0;0.11;0.30;0.29;-0.00;-0.00;-0.01;0.02;-0.01;-0.44;-0.96;180.00;-0.00;0.50;0.000
36.095;1213;-0.47;-0.80;185.53;0.26;-0.96;180.00;-0.00;0.50;969;0;1;0;0.11;0.30;0.29;-0.00;-0.00;-0.01;0.02;-0.01;-0.47;-0.96;180.00;-0.00;0.50;0.000
36.195;1226;-0.50;-0.80;185.50;0.26;-0.96;180.00;-0.00;0.50;969;0;1;0;0.10;0.30;0.29;-0.00;-0.00;-0.01;0.01;-0.00;-0.51;-0.96;180.00;-0.00;0.50;0.000
36.295;1236;-0.53;-0.81;185.47;0.26;-0.96;180.00;-0.00;0.50;969;0;1;0;0.10;0.30;0.29;-0.00;-0.00;-0.01;0.01;-0.00;-0.53;-0.96;180.00;-0.00;0.50;0.000
36.395;1245;-0.56;-0.81;185.45;0.26;-0.96;180.00;-0.00;0.50;969;0;1;0;0.09;0.30;0.29;-0.00;-0.00;-0.01;0.01;-0.00;-0.56;-0.96;180.00;-0.00;0.50;0.000
36.495;1255;-0.59;-0.81;185.42;0.26;-0.96;180.00;-0.00;0.50;969;0;1;0;0.09;0.30;0.29;-0.00;-0.00;-0.01;0.01;-0.00;-0.59;-0.96;180.00;-0.00;0.50;0.000
36.595;1264;-0.61;-0.81;185.39;0.26;-0.96;180.00;-0.00;0.50;969;0;1;0;0.08;0.30;0.29;-0.00;-0.00;-0.01;0.01;-0.01;-0.62;-0.96;180.00;-0.00;0.50;0.000
36.695;1274;-0.64;-0.82;185.39;0.26;-0.96;180.00;-0.00;0.50;969;0;1;0;0.08;0.30;0.29;-0.00;-0.00;-0.01;0.01;-0.00;-0.64;-0.96;180.00;-0.00;0.50;0.000
36.795;1283;-0.67;-0.82;185.34;0.26;-0.96;180.00;-0.00;0.50;969;0;1;0;0.08;0.30;0.29;-0.00;-0.00;-0.01;0.01;-0.03;-0.66;-0.96;180.00;-0.00;0.50;0.000
36.895;1297;-0.71;-0.82;185.18;-0.94;-0.96;180.00;0.00;-0.50;642;0;1;2;0.07;0.30;0.29;-0.00;-0.00;-0.01;0.01;-0.01;-0.70;-0.96;180.00;-0.00;0.50;0.000
36.995;1306;-0.73;-0.82;185.13;-0.79;-0.93;166.50;-0.54;0.50;827;1;1;6;0.57;0.26;0.29;-0.00;-0.00;-0.00;0.00;-0.01;-0.73;-0.96;180.00;-0.00;-0.50;0.000
37.095;1316;-0.76;-0.83;187.08;-1.20;-0.65;124.86;-0.53;0.50;827;2;1;6;-0.79;0.29;0.25;-0.02;-0.01;-0.04;0.05;0.56;-0.78;-0.94;167.73;-0.53;0.48;0.000
37.195;1325;-0.78;-0.83;186.33;-1.20;-0.65;124.86;-0.53;0.50;827;2;1;6;-0.79;0.30;0.29;0.03;-0.01;0.08;-0.08;-1.10;-0.81;-0.93;165.22;-0.54;0.50;0.000
37.295;1335;-0.81;-0.84;179.28;-1.20;-0.65;124.86;-0.53;0.50;827;2;1;6;-0.79;0.30;0.29;0.03;-0.01;0.01;0.03;-1.13;-0.84;-0.92;162.67;-0.54;0.50;0.000
37.395;1346;-0.84;-0.83;173.55;-1.20;-0.65;124.86;-0.53;0.50;827;2;1;6;-0.79;0.30;0.31;-0.00;-0.00;-0.10;-0.12;-0.76;-0.87;-0.91;160.12;-0.54;0.50;0.000
37.495;1354;-0.87;-0.83;169.31;-1.20;-0.65;124.86;-0.53;0.50;827;2;1;6;-0.79;0.30;0.29;0.05;-0.01;0.19;0.17;-0.85;-0.89;-0.90;157.58;-0.54;0.50;0.000
37.595;1365;-0.90;-0.83;163.53;-1.20;-0.65;124.86;-0.53;0.50;827;2;1;6;-0.79;0.30;0.29;0.03;-0.01;0.15;0.12;-0.93;-0.92;-0.89;155.04;-0.54;0.50;0.000
37.695;1374;-0.93;-0.82;159.70;-1.20;-0.65;124.86;-0.53;0.50;827;2;1;6;-0.79;0.30;0.32;-0.01;-0.00;-0.14;-0.09;-0.57;-0.95;-0.87;152.50;-0.54;0.50;0.000
37.795;1384;-0.96;-0.81;156.02;-1.20;-0.65;124.86;-0.53;0.50;827;2;1;6;-0.76;0.30;0.29;0.06;-0.01;0.09;0.05;-0.76;-0.98;-0.86;149.97;-0.54;0.50;0.000
37.895;1393;-0.98;-0.80;152.84;-1.20;-0.65;124.86;-0.53;0.50;827;2;1;6;-0.73;0.30;0.33;0.03;-0.01;-0.00;0.01;-0.46;-1.00;-0.84;147.44;-0.54;0.50;0.000
37.995;1403;-1.02;-0.79;150.56;-1.20;-0.65;124.86;-0.53;0.50;827;2;1;6;-0.77;0.30;0.36;0.10;-0.08;-0.20;0.28;-0.38;-1.04;-0.82;143.66;-0.54;0.50;0.000
38.095;1414;-1.05;-0.78;147.38;-1.20;-0.65;124.86;-0.53;0.50;827;2;1;6;-0.77;0.30;0.33;0.06;-0.01;-0.03;0.00;-0.45;-1.07;-0.80;141.14;-0.54;0.50;0.000
38.205;1428;-1.09;-0.76;142.97;-1.20;-0.65;124.86;-0.53;0.50;827;2;1;6;-0.74;0.30;0.33;0.06;-0.01;0.07;0.04;-0.49;-1.09;-0.78;138.62;-0.54;0.50;0.000
38.295;1432;-1.11;-0.76;141.94;-1.20;-0.65;124.86;-0.53;0.50;827;2;1;6;-0.77;0.30;0.33;0.06;-0.01;-0.03;0.00;-0.44;-1.11;-0.76;136.11;-0.54;0.50;0.000
38.395;1446;-1.15;-0.74;137.97;-1.35;-0.17;90.57;-0.38;0.50;827;3;1;6;-0.76;0.30;0.34;0.08;-0.01;-0.06;0.01;-0.44;-1.14;-0.73;133.61;-0.53;0.50;0.000
38.495;1456;-1.18;-0.72;134.57;-1.35;-0.17;90.57;-0.38;0.50;827;3;1;6;-0.72;0.30;0.33;0.07;-0.01;0.08;0.03;-0.43;-1.16;-0.71;131.10;-0.53;0.50;0.000
38.595;1466;-1.20;-0.70;132.17;-1.35;-0.17;90.57;-0.38;0.50;827;3;1;6;-0.74;0.30;0.34;0.08;-0.01;0.04;0.03;-0.55;-1.18;-0.69;128.60;-0.53;0.50;0.000
38.695;1475;-1.23;-0.68;129.47;-1.35;-0.17;90.57;-0.38;0.50;827;3;1;6;-0.74;0.30;0.33;0.07;-0.01;-0.05;0.04;-0.42;-1.20;-0.66;126.11;-0.53;0.50;0.000
38.795;1485;-1.25;-0.66;126.51;-1.35;-0.17;90.57;-0.38;0.50;827;3;1;6;-0.72;0.30;0.29;0.03;-0.09;0.32;-0.45;-0.58;-1.21;-0.64;123.62;-0.53;0.50;0.000
38.895;1494;-1.27;-0.64;123.58;-1.35;-0.17;90.57;-0.38;0.50;827;3;1;6;-0.69;0.30;0.31;0.04;-0.00;0.03;-0.00;-0.63;-1.23;-0.61;121.18;-0.52;0.50;0.000
38.995;1504;-1.29;-0.62;120.77;-1.35;-0.17;90.57;-0.38;0.50;827;3;1;6;-0.67;0.30;0.31;0.04;-0.01;-0.04;0.02;-0.33;-1.25;-0.58;118.79;-0.51;0.50;0.000
39.095;1512;-1.31;-0.60;118.82;-1.35;-0.17;90.57;-0.38;0.50;827;3;1;6;-0.66;0.30;0.30;0.02;-0.01;0.10;-0.01;-0.47;-1.25;-0.57;117.62;-0.50;0.50;0.000
39.195;1523;-1.32;-0.57;116.56;-1.35;-0.17;90.57;-0.38;0.50;827;3;1;6;-0.65;0.30;0.31;0.00;-0.01;-0.15;0.02;-0.27;-1.27;-0.54;115.31;-0.50;0.50;0.000
39.295;1536;-1.34;-0.54;112.93;-1.35;-0.17;90.57;-0.38;0.50;827;3;1;6;-0.61;0.30;0.31;0.02;-0.01;-0.27;0.07;-0.57;-1.28;-0.52;113.05;-0.49;0.50;0.000
39.395;1546;-1.36;-0.51;109.82;-1.35;-0.17;90.57;-0.38;0.50;827;3;1;6;-0.56;0.30;0.30;0.03;-0.01;-0.00;0.00;-0.39;-1.29;-0.49;110.84;-0.48;0.50;0.000
39.495;1555;-1.37;-0.48;108.29;-1.35;-0.17;90.57;-0.38;0.50;827;3;1;6;-0.58;0.30;0.30;0.01;-0.00;0.01;0.01;-0.36;-1.30;-0.46;108.68;-0.47;0.50;0.000
39.595;1565;-1.38;-0.46;105.99;-1.35;-0.17;90.57;-0.38;0.50;827;3;1;6;-0.56;0.30;0.31;-0.00;-0.01;-0.05;0.02;-0.41;-1.31;-0.43;106.57;-0.46;0.50;0.000
39.695;1574;-1.39;-0.43;104.25;-1.34;-0.16;90.00;-0.00;0.50;108;0;1;0;-0.54;0.30;0.30;-0.00;-0.06;0.15;-0.24;-0.50;-1.31;-0.41;105.53;-0.45;0.50;0.000
39.795;1584;-1.40;-0.40;101.34;-1.34;-0.16;90.00;-0.00;0.50;108;0;1;0;-0.69;0.30;0.29;0.03;-0.01;0.06;-0.02;-0.55;-1.34;-0.16;90.00;-0.00;0.50;0.000
39.895;1593;-1.40;-0.37;98.74;-1.34;-0.16;90.00;-0.00;0.50;108;0;1;0;-0.58;0.30;0.30;0.00;-0.01;-0.08;0.04;-0.58;-1.34;-0.16;90.00;-0.00;0.50;0.000
39.995;1603;-1.41;-0.34;95.20;-1.34;-0.16;90.00;-0.00;0.50;108;0;1;0;-0.42;0.30;0.29;0.01;-0.01;0.11;-0.07;-0.45;-1.34;-0.16;90.00;-0.00;0.50;0.000
40.095;1617;-1.41;-0.30;92.72;-1.34;-0.16;90.00;-0.00;0.50;108;0;1;0;-0.30;0.30;0.30;0.01;-0.01;0.04;-0.03;-0.23;-1.34;-0.16;90.00;-0.00;0.50;0.000
