t;frame;x;y;z;x_ref;y_ref;z_ref;delta_ref;u_ref;state;ellipse;control;action;delta;u;vx;vy;vz;wx;wy;wz;xr;yr;zr;delr;ur;obs1x;obs1y;obs2x;obs2y
2905.805;16;1.25;-3.35;-0.04;1.06;-3.35;-0.00;0.00;-0.50;580;2;1;2;-0.00;-0.02;0.00;0.00;-0.00;0.00;0.00;0.00;1.25;-3.35;0.00;0.00;-0.50;0.101;3.30;3.66;-1000.00;-1000.00
2905.825;16;1.25;-3.35;-0.04;1.06;-3.35;-0.00;0.00;-0.50;580;2;1;2;-0.00;-0.05;0.00;0.00;-0.00;0.00;0.00;0.00;1.25;-3.35;0.00;0.00;-0.50;0.022;3.30;3.66;-1000.00;-1000.00
2905.915;24;1.25;-3.35;-0.04;1.06;-3.35;-0.00;0.00;-0.50;580;2;1;2;-0.00;-0.07;0.00;0.00;-0.00;0.00;0.00;0.00;1.25;-3.35;0.00;0.00;-0.50;0.013;3.30;3.66;-1000.00;-1000.00
2906.035;39;1.25;-3.35;-0.04;1.06;-3.35;-0.00;0.00;-0.50;580;2;1;2;-0.00;-0.09;-0.07;0.00;-0.00;-0.00;-0.00;0.00;1.25;-3.35;0.00;0.00;-0.50;0.029;3.30;3.66;-1000.00;-1000.00
2906.125;48;1.24;-3.35;-0.04;1.06;-3.35;-0.00;0.00;-0.50;580;2;1;2;-0.00;-0.11;-0.09;0.00;-0.00;-0.00;-0.00;0.00;1.24;-3.35;-0.00;0.00;-0.50;0.024;3.30;3.66;-1000.00;-1000.00
2906.215;54;1.23;-3.35;-0.04;1.06;-3.35;-0.00;0.00;-0.50;580;2;1;2;-0.00;-0.13;-0.11;0.00;-0.00;-0.00;-0.00;0.00;1.23;-3.35;-0.00;0.00;-0.50;0.011;3.30;3.66;-1000.00;-1000.00
2906.355;72;1.21;-3.35;-0.03;0.95;-3.35;0.00;-0.00;0.37;392;0;1;7;-0.00;-0.14;-0.14;-0.00;-0.00;0.00;0.00;0.00;1.22;-3.35;-0.00;0.00;-0.50;0.036;3.30;3.66;-1000.00;-1000.00
2906.435;77;1.20;-3.35;-0.03;1.33;-3.30;24.90;0.79;0.50;392;1;1;7;0.79;-0.12;-0.14;0.00;-0.00;-0.00;-0.00;0.00;1.21;-3.34;10.05;0.54;0.46;0.023;3.30;3.66;-1000.00;-1000.00
2906.545;90;1.19;-3.35;-1.86;1.33;-3.30;24.90;0.79;0.50;392;1;1;7;0.79;-0.08;-0.12;0.00;-0.00;-0.01;0.01;-0.38;1.19;-3.34;8.71;0.51;0.45;0.034;3.30;3.66;-1000.00;-1000.00
2906.635;100;1.18;-3.35;-3.17;1.33;-3.30;24.90;0.79;0.50;392;1;1;7;0.79;-0.04;-0.07;0.00;-0.01;0.03;-0.05;-0.17;1.17;-3.34;7.48;0.48;0.45;0.028;3.30;3.66;-1000.00;-1000.00
2906.715;105;1.17;-3.35;-3.36;1.33;-3.30;24.90;0.79;0.50;392;1;1;7;0.79;-0.01;-0.05;-0.00;-0.01;-0.01;0.02;0.00;1.17;-3.34;7.48;0.48;0.45;0.016;3.30;3.66;-1000.00;-1000.00
2906.835;117;1.17;-3.35;-2.98;1.33;-3.30;24.90;0.79;0.50;392;1;1;7;0.79;0.02;-0.01;-0.01;-0.01;0.02;-0.02;0.09;1.17;-3.34;7.48;0.48;0.45;0.021;3.30;3.66;-1000.00;-1000.00
2906.925;127;1.17;-3.35;-2.11;1.33;-3.30;24.90;0.79;0.50;392;1;1;7;0.79;0.06;0.02;0.01;-0.00;-0.04;0.08;0.23;1.17;-3.34;7.48;0.48;0.45;0.022;3.30;3.66;-1000.00;-1000.00
2907.025;137;1.18;-3.35;-0.79;1.33;-3.30;24.90;0.79;0.50;392;1;1;7;0.79;0.08;0.06;0.00;0.00;0.00;0.01;0.22;1.17;-3.34;7.48;0.48;0.45;0.015;3.30;3.66;-1000.00;-1000.00
2907.125;145;1.18;-3.35;0.27;1.33;-3.30;24.90;0.79;0.50;392;1;1;7;0.78;0.11;0.09;-0.01;-0.00;-0.02;-0.02;0.25;1.17;-3.34;7.48;0.48;0.45;0.015;3.30;3.66;-1000.00;-1000.00
2907.225;156;1.19;-3.35;1.84;1.33;-3.30;24.90;0.79;0.50;392;1;1;7;0.78;0.13;0.12;-0.01;-0.01;-0.04;-0.07;0.29;1.19;-3.34;8.71;0.51;0.45;0.017;3.30;3.66;-1000.00;-1000.00
2907.335;169;1.21;-3.35;3.90;1.33;-3.30;24.90;0.79;0.50;392;1;1;7;0.79;0.15;0.13;0.01;-0.01;0.04;0.08;0.26;1.21;-3.34;10.05;0.54;0.46;0.038;3.30;3.66;-1000.00;-1000.00
2907.415;175;1.22;-3.35;4.91;1.33;-3.30;24.90;0.79;0.50;392;1;1;7;0.79;0.18;0.17;-0.01;-0.01;-0.06;-0.11;0.36;1.22;-3.33;11.51;0.57;0.46;0.012;3.30;3.66;-1000.00;-1000.00
2907.535;187;1.24;-3.35;7.11;1.57;-2.94;86.23;0.79;0.50;392;2;1;7;0.78;0.19;0.18;0.00;-0.01;0.01;0.05;0.30;1.22;-3.33;11.51;0.57;0.46;0.025;3.30;3.66;-1000.00;-1000.00
2907.615;197;1.26;-3.35;9.19;1.57;-2.94;86.23;0.79;0.50;392;2;1;7;0.75;0.21;0.18;-0.02;-0.01;0.05;0.10;0.33;1.24;-3.33;13.10;0.60;0.47;0.012;3.30;3.66;-1000.00;-1000.00
2907.715;207;1.28;-3.35;11.47;1.57;-2.94;86.23;0.79;0.50;392;2;1;7;0.76;0.23;0.20;-0.04;-0.01;0.04;0.10;0.35;1.25;-3.33;14.82;0.63;0.47;0.012;3.30;3.66;-1000.00;-1000.00
2907.815;216;1.30;-3.35;13.88;1.57;-2.94;86.23;0.79;0.50;392;2;1;7;0.79;0.25;0.24;-0.05;-0.01;-0.05;-0.07;0.51;1.29;-3.32;18.67;0.70;0.49;0.010;3.30;3.66;-1000.00;-1000.00
2907.925;226;1.32;-3.35;17.13;1.57;-2.94;86.23;0.79;0.50;392;2;1;7;0.79;0.27;0.25;-0.09;-0.01;-0.02;-0.13;0.68;1.30;-3.31;20.80;0.73;0.49;0.020;3.30;3.66;-1000.00;-1000.00
2908.015;235;1.34;-3.35;20.33;1.57;-2.94;86.23;0.79;0.50;392;2;1;7;0.79;0.29;0.24;-0.07;-0.01;0.00;-0.02;0.61;1.32;-3.30;23.09;0.76;0.50;0.012;3.30;3.66;-1000.00;-1000.00
2908.125;244;1.37;-3.34;23.42;1.57;-2.94;86.23;0.79;0.50;392;2;1;7;0.79;0.31;0.26;-0.06;-0.00;-0.01;0.09;0.61;1.34;-3.29;25.52;0.79;0.50;0.014;3.30;3.66;-1000.00;-1000.00
2908.215;255;1.40;-3.34;27.84;1.57;-2.94;86.23;0.79;0.50;392;2;1;7;0.79;0.32;0.26;-0.08;-0.01;-0.02;0.05;0.69;1.37;-3.28;30.48;0.79;0.50;0.010;3.30;3.66;-1000.00;-1000.00
2908.315;267;1.43;-3.33;33.02;1.57;-2.94;86.23;0.79;0.50;392;2;1;7;0.73;0.34;0.26;-0.11;-0.06;0.17;0.10;0.75;1.38;-3.27;32.96;0.79;0.50;0.014;3.30;3.66;-1000.00;-1000.00
2908.405;277;1.46;-3.32;37.14;1.57;-2.94;86.23;0.79;0.50;392;2;1;7;0.73;0.35;0.28;-0.09;-0.06;0.16;0.13;0.63;1.41;-3.25;37.91;0.79;0.50;0.007;3.30;3.66;-1000.00;-1000.00
2908.515;286;1.49;-3.31;41.00;1.57;-2.94;86.23;0.79;0.50;392;2;1;7;0.70;0.37;0.31;-0.08;-0.01;-0.01;0.01;0.76;1.43;-3.24;40.39;0.79;0.50;0.013;3.30;3.66;-1000.00;-1000.00
2908.615;297;1.52;-3.29;45.58;1.57;-2.94;86.23;0.79;0.50;392;2;1;7;0.66;0.38;0.31;-0.08;-0.01;-0.05;0.12;0.65;1.44;-3.22;42.87;0.79;0.50;0.012;3.30;3.66;-1000.00;-1000.00
2908.715;305;1.54;-3.28;48.71;1.57;-2.94;86.23;0.79;0.50;392;2;1;7;0.70;0.39;0.32;-0.07;-0.01;-0.06;0.12;0.58;1.47;-3.20;47.82;0.79;0.50;0.013;3.30;3.66;-1000.00;-1000.00
2908.815;316;1.57;-3.26;53.34;1.57;-2.94;86.23;0.79;0.50;392;2;1;7;0.67;0.40;0.33;-0.09;-0.01;-0.03;0.03;0.77;1.48;-3.18;50.30;0.79;0.50;0.010;3.30;3.66;-1000.00;-1000.00
2908.915;324;1.59;-3.24;56.73;1.57;-2.94;86.23;0.79;0.50;392;2;1;7;0.66;0.40;0.35;-0.08;-0.01;-0.01;-0.03;0.71;1.49;-3.17;52.78;0.79;0.50;0.010;3.30;3.66;-1000.00;-1000.00
2909.015;338;1.63;-3.20;62.33;1.57;-2.94;86.23;0.79;0.50;392;2;1;7;0.68;0.41;0.34;-0.08;-0.01;0.01;-0.03;0.67;1.51;-3.14;57.73;0.79;0.50;0.022;3.30;3.66;-1000.00;-1000.00
2909.125;349;1.65;-3.17;66.81;1.57;-2.94;86.23;0.79;0.50;392;2;1;7;0.65;0.41;0.34;-0.08;-0.00;0.00;-0.02;0.72;1.52;-3.12;60.21;0.79;0.50;0.019;3.30;3.66;-1000.00;-1000.00
2909.215;357;1.66;-3.15;69.87;1.57;-2.94;86.23;0.79;0.50;392;2;1;7;0.71;0.41;0.35;-0.06;-0.00;-0.01;-0.01;0.61;1.54;-3.09;65.17;0.79;0.50;0.012;3.30;3.66;-1000.00;-1000.00
2909.315;368;1.68;-3.11;74.68;1.57;-2.94;86.23;0.79;0.50;392;2;1;7;0.72;0.41;0.36;-0.06;0.00;-0.08;0.07;0.86;1.55;-3.06;70.12;0.79;0.50;0.012;3.30;3.66;-1000.00;-1000.00
2909.415;376;1.70;-3.08;79.10;1.57;-2.94;86.23;0.79;0.50;392;2;1;7;0.68;0.41;0.38;-0.08;0.00;-0.05;0.07;0.98;1.56;-3.04;72.60;0.79;0.50;0.011;3.30;3.66;-1000.00;-1000.00
2909.525;387;1.72;-3.04;85.69;1.57;-2.94;86.23;0.79;0.50;392;2;1;7;0.65;0.41;0.40;-0.16;-0.01;0.12;-0.05;1.09;1.57;-3.01;77.56;0.79;0.50;0.020;3.30;3.66;-1000.00;-1000.00
2909.615;395;1.73;-3.01;90.21;1.57;-2.94;86.23;0.79;0.50;392;2;1;7;0.61;0.40;0.39;-0.11;0.00;-0.10;0.04;0.89;1.57;-2.99;80.03;0.79;0.50;0.009;3.30;3.66;-1000.00;-1000.00
2909.725;406;1.74;-2.97;95.70;1.39;-2.56;144.20;0.73;0.50;392;3;1;7;0.61;0.39;0.40;-0.14;-0.04;0.25;-0.02;0.96;1.57;-2.95;84.99;0.79;0.50;0.020;3.30;3.66;-1000.00;-1000.00
2909.805;414;1.74;-2.94;99.23;1.39;-2.56;144.20;0.73;0.50;392;3;1;7;0.18;0.39;0.38;-0.11;-0.01;0.07;-0.02;0.81;1.57;-2.93;87.47;0.78;0.50;0.004;3.30;3.66;-1000.00;-1000.00
2909.905;424;1.74;-2.90;101.65;1.39;-2.56;144.20;0.73;0.50;392;3;1;7;0.30;0.40;0.38;-0.03;-0.01;-0.16;0.06;-0.12;1.57;-2.90;92.39;0.78;0.50;0.005;3.30;3.66;-1000.00;-1000.00
2910.025;438;1.74;-2.85;102.49;1.39;-2.56;144.20;0.73;0.50;392;3;1;7;0.49;0.40;0.39;-0.03;-0.01;0.06;-0.03;0.22;1.57;-2.88;94.83;0.78;0.50;0.016;3.30;3.66;-1000.00;-1000.00
2910.115;447;1.73;-2.81;104.49;1.39;-2.56;144.20;0.73;0.50;392;3;1;7;0.61;0.41;0.42;-0.03;-0.01;0.10;-0.06;0.53;1.57;-2.84;99.69;0.77;0.50;0.008;3.30;3.66;-1000.00;-1000.00
2910.215;457;1.72;-2.77;108.27;1.39;-2.56;144.20;0.73;0.50;392;3;1;7;0.66;0.42;0.41;-0.08;-0.06;0.11;0.15;0.80;1.56;-2.81;104.50;0.77;0.50;0.014;3.30;3.66;-1000.00;-1000.00
2910.315;465;1.72;-2.74;111.93;1.39;-2.56;144.20;0.73;0.50;392;3;1;7;0.66;0.42;0.40;-0.09;-0.01;0.02;-0.01;0.83;1.56;-2.79;106.88;0.77;0.50;0.007;3.30;3.66;-1000.00;-1000.00
2910.415;476;1.71;-2.69;116.90;1.39;-2.56;144.20;0.73;0.50;392;3;1;7;0.67;0.43;0.39;-0.09;-0.01;-0.04;-0.02;0.74;1.54;-2.76;111.63;0.76;0.50;0.005;3.30;3.66;-1000.00;-1000.00
2910.515;484;1.70;-2.66;120.55;1.39;-2.56;144.20;0.73;0.50;392;3;1;7;0.66;0.43;0.40;-0.12;-0.01;0.15;0.01;0.88;1.54;-2.74;113.98;0.76;0.50;0.006;3.30;3.66;-1000.00;-1000.00
2910.615;495;1.69;-2.62;125.52;1.39;-2.56;144.20;0.73;0.50;392;3;1;7;0.67;0.43;0.40;-0.10;-0.01;0.05;-0.01;0.78;1.52;-2.71;118.66;0.75;0.50;0.009;3.30;3.66;-1000.00;-1000.00
2910.705;503;1.67;-2.59;128.94;1.39;-2.56;144.20;0.73;0.50;392;3;1;7;0.67;0.43;0.37;-0.08;-0.01;-0.16;-0.03;0.70;1.51;-2.69;120.99;0.75;0.50;0.004;3.30;3.66;-1000.00;-1000.00
2910.805;517;1.65;-2.54;135.39;1.39;-2.56;144.20;0.73;0.50;392;3;1;7;0.65;0.42;0.40;-0.09;-0.01;0.01;-0.00;0.78;1.49;-2.66;125.60;0.75;0.50;0.004;3.30;3.66;-1000.00;-1000.00
2910.915;527;1.62;-2.51;139.61;1.39;-2.56;144.20;0.73;0.50;392;3;1;7;0.67;0.42;0.39;-0.08;-0.01;0.05;0.01;0.71;1.47;-2.63;130.18;0.74;0.50;0.009;3.30;3.66;-1000.00;-1000.00
2911.015;537;1.60;-2.48;143.65;1.39;-2.56;144.20;0.73;0.50;392;3;1;7;0.65;0.41;0.37;-0.09;-0.01;0.04;0.01;0.73;1.46;-2.62;132.45;0.74;0.50;0.005;3.30;3.66;-1000.00;-1000.00
2911.105;545;1.58;-2.46;146.73;1.39;-2.56;144.20;0.73;0.50;392;3;1;7;0.69;0.40;0.36;-0.08;-0.01;0.03;-0.01;0.62;1.43;-2.59;136.96;0.74;0.50;0.009;3.30;3.66;-1000.00;-1000.00
2911.205;556;1.55;-2.43;150.90;1.39;-2.56;144.20;0.73;0.50;392;3;1;7;0.66;0.39;0.35;-0.08;-0.01;0.03;0.01;0.69;1.42;-2.58;139.20;0.73;0.50;0.005;3.30;3.66;-1000.00;-1000.00
2911.315;564;1.53;-2.41;153.88;1.39;-2.56;144.20;0.73;0.50;392;3;1;7;0.65;0.38;0.35;-0.06;-0.00;0.03;-0.01;0.58;1.40;-2.57;141.43;0.73;0.50;0.006;3.30;3.66;-1000.00;-1000.00
2911.415;575;1.49;-2.39;157.38;1.39;-2.56;144.20;0.73;0.50;392;3;1;7;0.67;0.37;0.34;-0.05;-0.00;0.03;-0.01;0.50;1.38;-2.55;145.84;0.72;0.50;0.006;3.30;3.66;-1000.00;-1000.00
2911.505;583;1.47;-2.38;159.72;1.39;-2.56;144.20;0.73;0.50;392;3;1;7;0.66;0.35;0.33;-0.05;-0.00;0.02;-0.01;0.52;1.36;-2.54;147.96;0.70;0.50;0.006;3.30;3.66;-1000.00;-1000.00
2911.625;598;1.43;-2.36;164.39;1.39;-2.56;144.20;0.73;0.50;392;3;1;7;0.59;0.34;0.33;-0.05;-0.00;-0.09;-0.07;0.58;1.35;-2.53;150.01;0.68;0.50;0.015;3.30;3.66;-1000.00;-1000.00
2911.715;607;1.40;-2.34;167.50;1.39;-2.56;144.20;0.73;0.50;392;3;1;7;0.54;0.32;0.34;-0.10;-0.05;-0.07;0.16;0.66;1.33;-2.52;151.99;0.66;0.50;0.008;3.30;3.66;-1000.00;-1000.00
2911.815;618;1.36;-2.33;170.81;1.39;-2.56;144.20;0.73;0.50;392;3;1;7;0.52;0.30;0.34;-0.06;-0.00;0.06;0.04;0.51;1.30;-2.50;155.74;0.63;0.50;0.014;3.30;3.66;-1000.00;-1000.00
2911.915;626;1.34;-2.32;172.80;1.39;-2.56;144.20;0.73;0.50;392;3;1;7;0.50;0.29;0.30;-0.02;-0.00;-0.06;-0.09;0.33;1.28;-2.50;157.52;0.61;0.50;0.009;3.30;3.66;-1000.00;-1000.00
2912.015;637;1.31;-2.31;175.16;1.39;-2.56;144.20;0.73;0.50;392;3;1;7;0.49;0.27;0.29;-0.02;-0.01;-0.04;-0.06;0.28;1.25;-2.48;160.88;0.58;0.50;0.006;3.30;3.66;-1000.00;-1000.00
2912.105;645;1.29;-2.31;176.57;1.39;-2.56;144.20;0.73;0.50;392;3;1;7;0.48;0.26;0.26;-0.04;-0.01;-0.01;-0.01;0.27;1.23;-2.48;162.46;0.56;0.50;0.005;3.30;3.66;-1000.00;-1000.00
2912.205;654;1.26;-2.30;177.94;1.39;-2.56;144.20;0.73;0.50;392;3;1;7;0.47;0.24;0.25;-0.05;-0.01;0.03;0.05;0.28;1.21;-2.47;163.98;0.54;0.50;0.006;3.30;3.66;-1000.00;-1000.00
2912.315;664;1.24;-2.30;179.07;1.39;-2.56;144.20;0.73;0.50;392;3;1;7;0.46;0.23;0.27;-0.01;-0.01;0.07;0.07;0.20;1.20;-2.47;165.44;0.52;0.50;0.007;3.30;3.66;-1000.00;-1000.00
2912.405;673;1.21;-2.30;179.75;1.39;-2.56;144.20;0.73;0.50;392;3;1;7;0.46;0.22;0.25;-0.01;-0.01;0.06;0.08;0.15;1.18;-2.46;166.84;0.51;0.50;0.004;3.30;3.66;-1000.00;-1000.00
2912.515;687;1.18;-2.30;180.41;1.39;-2.56;144.20;0.73;0.50;392;3;1;7;0.47;0.21;0.23;0.00;-0.01;0.03;0.03;0.06;1.16;-2.46;168.18;0.49;0.50;0.014;3.30;3.66;-1000.00;-1000.00
2912.605;697;1.16;-2.30;180.59;1.39;-2.56;144.20;0.73;0.50;392;3;1;7;0.49;0.20;0.22;0.00;-0.01;0.02;0.03;0.04;1.14;-2.46;169.47;0.47;0.50;0.004;3.30;3.66;-1000.00;-1000.00
2912.715;706;1.14;-2.30;180.75;1.39;-2.56;144.20;0.73;0.50;392;3;1;7;0.50;0.19;0.21;0.00;-0.01;0.02;0.03;0.04;1.12;-2.45;170.70;0.45;0.50;0.006;3.30;3.66;-1000.00;-1000.00
2912.805;717;1.12;-2.30;180.94;1.39;-2.56;144.20;0.73;0.50;392;3;1;7;0.52;0.19;0.20;0.00;-0.01;0.02;0.03;0.04;1.11;-2.45;171.87;0.44;0.50;0.004;3.30;3.66;-1000.00;-1000.00
2912.945;729;1.10;-2.31;181.20;0.81;-2.44;171.38;-0.63;0.50;484;1;1;4;0.53;0.18;0.20;0.00;-0.01;0.03;0.04;0.07;1.09;-2.45;172.99;0.42;0.50;0.032;3.30;3.66;-1000.00;-1000.00
2913.025;739;1.08;-2.31;181.44;0.81;-2.44;171.38;-0.63;0.50;484;1;1;4;0.45;0.19;0.19;0.00;-0.01;0.02;0.03;0.05;0.95;-2.45;180.00;-0.08;0.06;0.016;3.30;3.66;-1000.00;-1000.00
2913.125;748;1.06;-2.31;181.37;0.55;-2.35;154.12;-0.22;0.50;484;2;1;4;0.39;0.19;0.20;0.01;-0.01;0.03;0.04;0.01;0.95;-2.45;180.00;-0.08;0.06;0.021;3.30;3.66;-1000.00;-1000.00
2913.215;758;1.04;-2.31;181.18;0.55;-2.35;154.12;-0.22;0.50;484;2;1;4;0.22;0.18;0.20;0.00;-0.01;0.02;0.04;-0.02;0.95;-2.45;180.00;-0.08;0.06;0.010;3.30;3.66;-1000.00;-1000.00
2913.325;767;1.02;-2.31;180.66;0.55;-2.35;154.12;-0.22;0.50;484;2;1;4;0.23;0.17;0.19;0.01;-0.01;0.03;0.04;-0.11;0.95;-2.45;180.00;-0.08;0.06;0.017;3.30;3.66;-1000.00;-1000.00
2913.415;777;1.00;-2.31;180.08;0.55;-2.35;154.12;-0.22;0.50;484;2;1;4;0.24;0.16;0.18;0.00;-0.01;0.03;0.04;-0.07;0.95;-2.45;180.00;-0.08;0.06;0.016;3.30;3.66;-1000.00;-1000.00
2913.515;787;0.99;-2.31;179.67;0.55;-2.35;154.12;-0.22;0.50;484;2;1;4;0.24;0.14;0.16;0.00;-0.01;0.02;0.04;-0.05;0.95;-2.45;180.00;-0.08;0.06;0.009;3.30;3.66;-1000.00;-1000.00
2913.615;795;0.98;-2.31;179.33;0.55;-2.35;154.12;-0.22;0.50;484;2;1;4;0.24;0.13;0.15;-0.00;-0.01;0.03;0.05;-0.04;0.95;-2.45;180.00;-0.08;0.06;0.011;3.30;3.67;-1000.00;-1000.00
2913.715;806;0.96;-2.31;179.06;0.55;-2.35;154.12;-0.22;0.50;484;2;1;4;0.24;0.11;0.13;0.00;-0.01;0.02;0.03;-0.04;0.95;-2.45;180.00;-0.08;0.06;0.012;3.30;3.67;-1000.00;-1000.00
2913.835;818;0.95;-2.31;178.80;0.55;-2.35;154.12;-0.22;0.50;484;2;1;4;0.24;0.10;0.12;0.00;-0.01;0.02;0.02;-0.03;0.95;-2.45;180.00;-0.08;0.06;0.025;3.30;3.67;-1000.00;-1000.00
2913.915;825;0.94;-2.31;178.62;0.55;-2.35;154.12;-0.22;0.50;484;2;1;4;0.24;0.08;0.10;0.00;-0.01;0.02;0.02;-0.04;0.95;-2.45;180.00;-0.08;0.06;0.012;3.30;3.67;-1000.00;-1000.00
2914.025;837;0.93;-2.31;178.38;0.55;-2.35;154.12;-0.22;0.50;484;2;1;4;0.11;0.07;0.08;0.00;-0.01;0.02;0.01;-0.03;0.94;-2.45;179.81;-0.20;0.16;0.015;3.30;3.67;-1000.00;-1000.00
2914.115;848;0.92;-2.31;178.06;0.55;-2.35;154.12;-0.22;0.50;484;2;1;4;0.01;0.06;0.07;0.00;-0.00;0.02;0.01;-0.06;0.92;-2.45;179.19;-0.30;0.24;0.010;3.31;3.67;-1000.00;-1000.00
2914.215;856;0.91;-2.31;177.72;0.55;-2.35;154.12;-0.22;0.50;484;2;1;4;-0.01;0.06;0.06;-0.00;-0.00;0.00;-0.03;-0.10;0.91;-2.45;178.94;-0.33;0.26;0.010;3.31;3.67;-1000.00;-1000.00
2914.325;867;0.91;-2.31;177.19;0.55;-2.35;154.12;-0.22;0.50;484;2;1;4;-0.06;0.06;0.06;0.00;-0.00;0.01;0.02;-0.06;0.90;-2.45;178.29;-0.38;0.30;0.013;3.31;3.67;-1000.00;-1000.00
2914.415;875;0.90;-2.31;177.04;0.55;-2.35;154.12;-0.22;0.50;484;2;1;4;-0.10;0.06;0.06;-0.00;-0.00;0.00;-0.01;-0.03;0.89;-2.45;177.88;-0.41;0.32;0.010;3.31;3.67;-1000.00;-1000.00
2914.505;884;0.90;-2.31;176.86;0.55;-2.35;154.12;-0.22;0.50;484;2;1;4;-0.13;0.06;0.06;-0.00;-0.00;0.00;-0.00;-0.03;0.88;-2.45;177.42;-0.43;0.34;0.008;3.31;3.67;-1000.00;-1000.00
2914.625;898;0.89;-2.31;176.60;0.55;-2.35;154.12;-0.22;0.50;484;2;1;4;-0.17;0.06;0.06;-0.00;-0.00;0.00;-0.00;-0.03;0.88;-2.45;176.89;-0.46;0.36;0.014;3.31;3.67;-1000.00;-1000.00
2914.715;907;0.88;-2.31;176.43;0.55;-2.35;154.12;-0.22;0.50;484;2;1;4;-0.17;0.06;0.06;-0.00;-0.00;0.00;-0.00;-0.03;0.88;-2.45;176.89;-0.46;0.36;0.011;3.31;3.67;-1000.00;-1000.00
2914.815;917;0.88;-2.31;176.27;0.55;-2.35;154.12;-0.22;0.50;484;2;1;4;-0.21;0.07;0.07;-0.00;-0.00;0.00;-0.00;-0.02;0.87;-2.45;176.30;-0.48;0.38;0.013;3.31;3.67;-1000.00;-1000.00
2914.915;925;0.87;-2.31;176.12;0.55;-2.35;154.12;-0.22;0.50;484;2;1;4;-0.26;0.07;0.07;-0.00;-0.00;-0.00;-0.00;-0.03;0.86;-2.45;175.63;-0.51;0.40;0.009;3.31;3.67;-1000.00;-1000.00
2915.015;936;0.86;-2.31;175.90;0.55;-2.35;154.12;-0.22;0.50;484;2;1;4;-0.31;0.08;0.07;-0.00;-0.00;-0.00;-0.01;-0.04;0.85;-2.45;174.89;-0.53;0.42;0.015;3.31;3.67;-1000.00;-1000.00
2915.115;944;0.86;-2.31;175.69;0.55;-2.35;154.12;-0.22;0.50;484;2;1;4;-0.36;0.09;0.08;0.00;-0.00;-0.00;-0.01;-0.05;0.84;-2.45;174.07;-0.56;0.44;0.011;3.31;3.67;-1000.00;-1000.00
2915.235;959;0.84;-2.31;175.29;0.55;-2.35;154.12;-0.22;0.50;484;2;1;4;-0.41;0.09;0.09;0.00;-0.00;-0.01;0.00;-0.04;0.83;-2.44;173.17;-0.58;0.46;0.025;3.31;3.67;-1000.00;-1000.00
2915.315;964;0.84;-2.31;175.12;0.55;-2.35;154.12;-0.22;0.50;484;2;1;4;-0.48;0.10;0.10;0.00;-0.00;-0.01;0.01;-0.07;0.82;-2.44;172.18;-0.61;0.48;0.009;3.31;3.67;-1000.00;-1000.00
2915.425;978;0.82;-2.30;174.46;0.55;-2.35;154.12;-0.22;0.50;484;2;1;4;-0.51;0.12;0.11;0.00;-0.00;-0.01;0.02;-0.09;0.81;-2.44;171.10;-0.62;0.50;0.015;3.31;3.67;-1000.00;-1000.00
2915.525;987;0.81;-2.30;173.95;0.55;-2.35;154.12;-0.22;0.50;484;2;1;4;-0.53;0.13;0.12;0.00;-0.01;-0.01;0.02;-0.10;0.80;-2.44;170.03;-0.61;0.50;0.021;3.31;3.67;-1000.00;-1000.00
2915.615;997;0.80;-2.30;173.35;0.55;-2.35;154.12;-0.22;0.50;484;2;1;4;-0.56;0.14;0.14;0.00;-0.01;-0.02;0.05;-0.12;0.78;-2.44;167.98;-0.57;0.50;0.013;3.31;3.67;-1000.00;-1000.00
2915.725;1006;0.79;-2.30;172.71;0.31;-2.23;155.85;0.31;0.50;484;3;1;4;-0.58;0.15;0.14;-0.01;-0.01;0.05;-0.11;-0.12;0.76;-2.43;166.08;-0.54;0.50;0.020;3.31;3.67;-1000.00;-1000.00
2915.805;1016;0.77;-2.30;171.89;0.31;-2.23;155.85;0.31;0.50;484;3;1;4;-0.49;0.16;0.16;-0.00;-0.01;-0.00;-0.01;-0.16;0.74;-2.43;165.18;-0.52;0.50;0.007;3.31;3.67;-1000.00;-1000.00
2915.905;1027;0.76;-2.30;171.26;0.31;-2.23;155.85;0.31;0.50;484;3;1;4;-0.51;0.16;0.17;-0.00;-0.01;-0.02;0.05;-0.09;0.72;-2.42;163.48;-0.49;0.50;0.005;3.31;3.67;-1000.00;-1000.00
2916.015;1036;0.74;-2.29;170.82;0.31;-2.23;155.85;0.31;0.50;484;3;1;4;-0.54;0.17;0.18;0.00;-0.01;-0.02;0.05;-0.11;0.70;-2.41;161.91;-0.46;0.50;0.010;3.31;3.67;-1000.00;-1000.00
2916.115;1046;0.73;-2.29;170.26;0.31;-2.23;155.85;0.31;0.50;484;3;1;4;-0.55;0.18;0.18;0.00;-0.01;-0.02;0.05;-0.12;0.68;-2.41;160.47;-0.43;0.50;0.011;3.31;3.67;-1000.00;-1000.00
2916.215;1054;0.71;-2.29;169.77;0.31;-2.23;155.85;0.31;0.50;484;3;1;4;-0.55;0.18;0.19;0.00;-0.01;-0.02;0.04;-0.13;0.67;-2.40;159.80;-0.41;0.50;0.006;3.31;3.67;-1000.00;-1000.00
2916.315;1065;0.69;-2.28;169.11;0.31;-2.23;155.85;0.31;0.50;484;3;1;4;-0.55;0.19;0.19;-0.00;-0.01;-0.02;0.04;-0.12;0.65;-2.40;158.54;-0.38;0.50;0.005;3.31;3.67;-1000.00;-1000.00
2916.415;1074;0.67;-2.28;168.62;0.31;-2.23;155.85;0.31;0.50;484;3;1;4;-0.56;0.20;0.20;-0.00;-0.01;-0.02;0.04;-0.12;0.63;-2.39;157.40;-0.34;0.50;0.006;3.31;3.67;-1000.00;-1000.00
2916.515;1088;0.65;-2.27;167.82;0.31;-2.23;155.85;0.31;0.50;484;3;1;4;-0.54;0.20;0.21;-0.00;-0.01;-0.02;0.04;-0.12;0.61;-2.38;156.38;-0.31;0.50;0.013;3.31;3.67;-1000.00;-1000.00
2916.615;1096;0.63;-2.27;167.43;0.31;-2.23;155.85;0.31;0.50;484;3;1;4;-0.54;0.21;0.21;-0.00;-0.01;-0.02;0.04;-0.10;0.59;-2.37;155.46;-0.28;0.50;0.011;3.31;3.67;-1000.00;-1000.00
2916.705;1107;0.61;-2.26;166.89;0.31;-2.23;155.85;0.31;0.50;484;3;1;4;-0.52;0.21;0.22;-0.00;-0.01;-0.01;0.03;-0.10;0.57;-2.36;154.66;-0.24;0.50;0.004;3.31;3.67;-1000.00;-1000.00
2916.805;1115;0.59;-2.26;166.52;0.31;-2.23;155.85;0.31;0.50;484;3;1;4;-0.52;0.22;0.23;-0.01;-0.01;-0.01;0.03;-0.09;0.55;-2.35;153.96;-0.21;0.50;0.009;3.31;3.67;-1000.00;-1000.00
2916.905;1126;0.57;-2.25;166.12;0.31;-2.23;155.85;0.31;0.50;484;3;1;4;-0.49;0.22;0.24;0.01;-0.01;-0.01;0.04;-0.09;0.53;-2.34;153.38;-0.17;0.50;0.009;3.31;3.67;-1000.00;-1000.00
2917.005;1134;0.55;-2.25;165.80;0.31;-2.23;155.85;0.31;0.50;484;3;1;4;-0.47;0.23;0.24;-0.01;-0.01;-0.01;0.03;-0.07;0.51;-2.33;152.93;-0.12;0.50;0.006;3.31;3.67;-1000.00;-1000.00
2917.125;1148;0.52;-2.24;165.48;0.31;-2.23;155.85;0.31;0.50;484;3;1;4;-0.42;0.23;0.25;-0.01;-0.01;-0.01;0.04;-0.06;0.49;-2.32;152.61;-0.08;0.50;0.019;3.31;3.67;-1000.00;-1000.00
2917.225;1158;0.49;-2.23;165.51;0.31;-2.23;155.85;0.31;0.50;484;3;1;4;-0.40;0.24;0.25;0.01;-0.01;-0.03;0.08;-0.02;0.47;-2.31;152.42;-0.04;0.50;0.020;3.31;3.67;-1000.00;-1000.00
2917.325;1167;0.47;-2.23;165.48;0.31;-2.23;155.85;0.31;0.50;484;3;1;4;-0.36;0.24;0.25;-0.01;-0.01;-0.02;0.05;-0.03;0.45;-2.30;152.37;0.00;0.50;0.019;3.31;3.67;-1000.00;-1000.00
2917.415;1177;0.45;-2.22;165.60;0.31;-2.23;155.85;0.31;0.50;484;3;1;4;-0.32;0.25;0.25;-0.00;-0.01;0.00;-0.02;0.04;0.42;-2.28;152.53;0.07;0.50;0.008;3.31;3.67;-1000.00;-1000.00
2917.515;1186;0.43;-2.21;165.84;0.31;-2.23;155.85;0.31;0.50;484;3;1;4;-0.29;0.25;0.25;-0.00;-0.01;0.02;-0.06;0.07;0.40;-2.27;152.81;0.11;0.50;0.009;3.31;3.67;-1000.00;-1000.00
2917.605;1196;0.40;-2.21;166.11;0.04;-2.16;179.43;0.79;0.50;484;4;1;4;-0.25;0.26;0.26;-0.00;-0.01;-0.02;0.05;0.03;0.38;-2.26;153.22;0.15;0.50;0.004;3.31;3.67;-1000.00;-1000.00
2917.715;1205;0.38;-2.20;166.41;0.04;-2.16;179.43;0.79;0.50;484;4;1;4;-0.20;0.26;0.26;-0.01;-0.01;-0.00;-0.00;0.06;0.36;-2.25;153.77;0.20;0.50;0.010;3.31;3.67;-1000.00;-1000.00
2917.805;1215;0.35;-2.19;166.79;0.04;-2.16;179.43;0.79;0.50;484;4;1;4;-0.13;0.26;0.27;-0.00;-0.01;-0.03;0.08;0.06;0.33;-2.24;154.84;0.26;0.50;0.005;3.31;3.67;-1000.00;-1000.00
2917.905;1226;0.32;-2.19;167.29;0.04;-2.16;179.43;0.79;0.50;484;4;1;4;-0.06;0.26;0.27;-0.01;-0.01;-0.02;0.05;0.07;0.31;-2.23;155.73;0.30;0.50;0.008;3.31;3.67;-1000.00;-1000.00
2918.045;1238;0.29;-2.18;168.07;-0.06;-2.15;174.96;-0.49;0.50;912;1;1;6;-0.01;0.27;0.27;-0.01;-0.01;-0.02;0.03;0.09;0.29;-2.22;156.74;0.34;0.50;0.036;3.31;3.67;-1000.00;-1000.00
2918.125;1249;0.26;-2.17;168.75;-0.06;-2.15;174.96;-0.49;0.50;912;1;1;6;0.75;0.28;0.27;-0.01;-0.00;-0.02;0.01;0.09;0.05;-2.15;180.00;-0.05;0.05;0.024;3.31;3.67;-1000.00;-1000.00
2918.225;1257;0.24;-2.17;171.75;-0.06;-2.15;174.96;-0.49;0.50;912;1;1;6;0.60;0.29;0.27;-0.00;0.00;-0.08;-0.08;0.98;0.05;-2.15;180.00;-0.05;0.05;0.021;3.31;3.67;-1000.00;-1000.00
2918.315;1268;0.21;-2.16;176.14;-0.06;-2.15;174.96;-0.49;0.50;912;1;1;6;0.38;0.29;0.32;-0.02;-0.01;0.09;0.09;0.58;0.05;-2.15;180.00;-0.05;0.05;0.016;3.31;3.67;-1000.00;-1000.00
2918.425;1276;0.19;-2.16;177.33;-0.27;-2.09;153.79;-0.75;0.50;912;2;1;6;0.29;0.30;0.31;0.01;-0.01;0.04;0.03;0.15;0.05;-2.15;180.00;-0.05;0.05;0.018;3.31;3.67;-1000.00;-1000.00
2918.515;1287;0.15;-2.16;177.64;-0.27;-2.09;153.79;-0.75;0.50;912;2;1;6;0.35;0.30;0.30;0.01;-0.01;-0.03;-0.06;-0.02;0.05;-2.15;180.00;-0.05;0.05;0.010;3.31;3.67;-1000.00;-1000.00
2918.615;1296;0.13;-2.16;177.98;-0.27;-2.09;153.79;-0.75;0.50;912;2;1;6;0.26;0.29;0.32;-0.00;-0.01;0.06;0.08;0.12;0.05;-2.15;180.00;-0.05;0.05;0.010;3.31;3.67;-1000.00;-1000.00
2918.725;1306;0.10;-2.16;178.07;-0.27;-2.09;153.79;-0.75;0.50;912;2;1;6;0.16;0.28;0.30;0.01;-0.01;0.04;0.05;-0.01;0.05;-2.15;180.00;-0.05;0.05;0.023;3.31;3.67;-1000.00;-1000.00
2918.815;1315;0.07;-2.16;177.71;-0.27;-2.09;153.79;-0.75;0.50;912;2;1;6;0.10;0.27;0.29;0.01;-0.01;0.03;0.04;-0.09;0.05;-2.15;180.00;-0.05;0.05;0.014;3.31;3.67;-1000.00;-1000.00
2918.915;1325;0.04;-2.16;176.99;-0.27;-2.09;153.79;-0.75;0.50;912;2;1;6;-0.01;0.26;0.28;0.01;-0.01;0.03;0.04;-0.13;0.04;-2.15;179.94;-0.12;0.13;0.011;3.31;3.67;-1000.00;-1000.00
2919.015;1334;0.02;-2.16;176.11;-0.43;-1.96;127.77;-0.70;0.50;912;3;1;6;-0.15;0.26;0.26;0.01;-0.01;0.01;0.00;-0.23;0.02;-2.15;179.20;-0.27;0.28;0.009;3.31;3.67;-1000.00;-1000.00
2919.125;1346;-0.01;-2.16;174.28;-0.43;-1.96;127.77;-0.70;0.50;912;3;1;6;-0.21;0.26;0.26;-0.00;-0.00;-0.03;-0.05;-0.32;-0.01;-2.15;177.88;-0.37;0.38;0.010;3.31;3.67;-1000.00;-1000.00
2919.215;1355;-0.04;-2.16;172.82;-0.43;-1.96;127.77;-0.70;0.50;912;3;1;6;-0.26;0.27;0.27;0.01;-0.07;-0.22;0.16;-0.32;-0.03;-2.15;176.86;-0.42;0.43;0.010;3.31;3.67;-1000.00;-1000.00
2919.315;1367;-0.07;-2.15;171.21;-0.43;-1.96;127.77;-0.70;0.50;912;3;1;6;-0.36;0.27;0.27;0.01;-0.00;-0.00;-0.01;-0.21;-0.06;-2.15;174.80;-0.49;0.50;0.014;3.31;3.67;-1000.00;-1000.00
