t;frame;x;y;z;x_ref;y_ref;z_ref;delta_ref;u_ref;state;ellipse;control;action;delta;u;vx;vy;vz;wx;wy;wz;xr;yr;zr;delr;ur
1005.525;14;1.33;-2.10;89.96;1.19;-2.03;90.00;0.00;0.50;947;0;1;0;0.35;0.03;0.00;0.00;-0.00;-0.00;0.00;0.00;1.19;-2.03;90.00;0.00;0.50;0.092
1005.565;16;1.33;-2.10;89.96;1.19;-2.03;90.00;0.00;0.50;947;0;1;0;0.35;0.06;0.00;0.00;-0.00;-0.00;0.00;0.00;1.19;-2.03;90.00;0.00;0.50;0.028
1005.655;24;1.33;-2.10;89.96;1.19;-2.03;90.00;0.00;0.50;947;0;1;0;0.35;0.09;0.00;0.00;-0.00;-0.00;0.00;0.00;1.19;-2.03;90.00;0.00;0.50;0.020
1005.755;34;1.33;-2.09;90.34;1.19;-2.03;90.00;0.00;0.50;947;0;1;0;0.33;0.12;0.09;-0.00;0.00;-0.01;0.00;0.12;1.19;-2.03;90.00;0.00;0.50;0.024
1005.855;44;1.33;-2.08;91.04;1.19;-2.03;90.00;0.00;0.50;947;0;1;0;0.30;0.14;0.12;-0.00;0.00;-0.00;-0.00;0.12;1.19;-2.03;90.00;0.00;0.50;0.026
1005.995;59;1.33;-2.06;91.94;1.19;-2.03;90.00;0.00;0.50;947;0;1;0;0.25;0.16;0.14;-0.00;-0.00;0.00;0.00;0.09;1.19;-2.03;90.00;0.00;0.50;0.055
1006.065;67;1.33;-2.05;92.28;1.19;-2.03;90.00;0.00;0.50;947;0;1;0;0.23;0.18;0.16;0.00;-0.00;-0.00;0.00;0.06;1.19;-2.03;90.00;0.00;0.50;0.028
1006.165;76;1.33;-2.03;92.58;1.19;-2.03;90.00;0.00;0.50;947;0;1;0;0.22;0.19;0.18;-0.00;-0.00;-0.00;0.00;0.06;1.19;-2.03;90.00;0.00;0.50;0.032
1006.275;87;1.33;-2.01;92.89;1.19;-1.78;90.00;0.00;0.50;948;0;1;0;0.20;0.21;0.20;-0.00;-0.01;-0.00;0.00;0.04;1.19;-2.02;90.00;-0.00;0.50;0.019
1006.365;95;1.33;-2.00;93.06;1.19;-1.78;90.00;0.00;0.50;948;0;1;0;0.19;0.25;0.21;0.00;-0.01;-0.00;0.00;0.03;1.19;-1.78;90.00;0.00;0.50;0.034
1006.455;106;1.33;-1.97;93.33;1.19;-1.78;90.00;0.00;0.50;948;0;1;0;0.17;0.28;0.25;0.00;-0.01;-0.00;0.01;0.05;1.19;-1.78;90.00;0.00;0.50;0.020
1006.555;114;1.32;-1.95;93.55;1.19;-1.78;90.00;0.00;0.50;948;0;1;0;0.16;0.30;0.28;0.00;-0.01;-0.00;0.01;0.05;1.19;-1.78;90.00;0.00;0.50;0.021
1006.665;124;1.32;-1.92;93.77;1.19;-1.78;90.00;0.00;0.50;948;0;1;0;0.14;0.30;0.30;0.00;-0.01;-0.00;0.01;0.04;1.19;-1.78;90.00;0.00;0.50;0.023
1006.745;134;1.32;-1.89;93.90;1.19;-1.78;90.00;0.00;0.50;948;0;1;0;0.13;0.30;0.30;0.00;-0.01;-0.00;0.01;0.01;1.19;-1.78;90.00;0.00;0.50;0.017
1006.885;149;1.32;-1.85;93.91;1.19;-1.78;90.00;0.00;0.50;948;0;1;0;0.12;0.30;0.30;0.00;-0.01;-0.00;0.01;0.00;1.19;-1.78;90.00;0.00;0.50;0.047
1006.995;160;1.31;-1.81;93.89;1.19;-1.78;90.00;0.00;0.50;948;0;1;0;0.12;0.30;0.30;0.00;-0.01;-0.00;0.02;-0.00;1.19;-1.78;90.00;0.00;0.50;0.060
1007.065;164;1.31;-1.80;93.88;1.19;-1.78;90.00;0.00;0.50;948;0;1;0;0.12;0.30;0.30;0.00;-0.01;-0.00;0.02;-0.00;1.19;-1.78;90.00;0.00;0.50;0.034
1007.235;184;1.31;-1.74;93.85;1.16;-1.28;103.50;0.54;0.50;949;1;1;3;0.11;0.30;0.30;0.00;-0.01;-0.00;0.02;-0.00;1.19;-1.77;90.00;-0.00;0.50;0.043
1007.255;184;1.31;-1.74;93.85;1.16;-1.28;103.50;0.54;0.50;949;1;1;3;-0.39;0.30;0.30;0.00;-0.01;-0.00;0.02;-0.00;1.19;-1.53;90.00;0.07;0.06;0.020
1007.355;196;1.31;-1.70;91.33;1.16;-1.28;103.50;0.54;0.50;949;1;1;3;-0.21;0.30;0.30;-0.00;-0.00;-0.06;-0.02;-0.61;1.19;-1.53;90.00;0.07;0.06;0.026
1007.455;206;1.31;-1.67;89.28;1.16;-1.28;103.50;0.54;0.50;949;1;1;3;-0.05;0.30;0.30;0.01;-0.00;0.04;0.02;-0.22;1.19;-1.53;90.00;0.07;0.06;0.025
1007.555;216;1.31;-1.64;88.95;1.16;-1.28;103.50;0.54;0.50;949;1;1;3;0.03;0.30;0.30;0.00;-0.00;0.00;-0.00;0.00;1.19;-1.53;90.00;0.07;0.06;0.020
1007.655;224;1.31;-1.62;89.20;1.16;-1.28;103.50;0.54;0.50;949;1;1;3;0.07;0.30;0.30;-0.00;-0.00;0.00;0.00;0.10;1.19;-1.53;90.00;0.07;0.06;0.016
1007.755;235;1.31;-1.59;89.93;1.16;-1.28;103.50;0.54;0.50;949;1;1;3;0.11;0.30;0.30;-0.01;0.00;-0.05;-0.05;0.13;1.19;-1.53;90.00;0.07;0.06;0.020
1007.855;244;1.31;-1.56;90.50;1.16;-1.28;103.50;0.54;0.50;949;1;1;3;0.15;0.29;0.30;-0.00;-0.00;0.03;-0.01;0.11;1.19;-1.53;90.00;0.07;0.06;0.021
1007.955;254;1.31;-1.53;91.23;1.16;-1.28;103.50;0.54;0.50;949;1;1;3;0.22;0.28;0.29;0.00;0.00;0.00;0.00;0.13;1.19;-1.52;90.07;0.12;0.11;0.023
1008.065;268;1.31;-1.49;92.49;1.16;-1.28;103.50;0.54;0.50;949;1;1;3;0.30;0.27;0.28;0.00;-0.00;0.00;0.01;0.15;1.19;-1.50;90.51;0.20;0.18;0.029
1008.155;273;1.31;-1.48;93.08;1.16;-1.28;103.50;0.54;0.50;949;1;1;3;0.33;0.27;0.28;-0.00;-0.01;0.00;0.01;0.23;1.19;-1.48;91.08;0.25;0.23;0.023
1008.265;288;1.31;-1.44;94.90;1.16;-1.28;103.50;0.54;0.50;949;1;1;3;0.38;0.27;0.25;-0.04;-0.01;0.01;0.01;0.22;1.19;-1.46;91.97;0.30;0.27;0.030
1008.365;297;1.30;-1.41;95.96;1.16;-1.28;103.50;0.54;0.50;949;1;1;3;0.41;0.26;0.27;-0.00;-0.01;-0.08;-0.07;0.19;1.19;-1.44;92.77;0.33;0.30;0.026
1008.455;306;1.30;-1.39;97.17;1.16;-1.28;103.50;0.54;0.50;949;1;1;3;0.44;0.26;0.26;0.00;-0.01;-0.00;-0.00;0.18;1.19;-1.42;93.76;0.36;0.33;0.021
1008.555;316;1.30;-1.36;98.43;1.16;-1.28;103.50;0.54;0.50;949;1;1;3;0.50;0.26;0.25;-0.01;-0.01;0.02;0.03;0.20;1.18;-1.39;95.64;0.41;0.38;0.022
1008.655;324;1.30;-1.34;99.48;1.16;-1.28;103.50;0.54;0.50;949;1;1;3;0.55;0.27;0.29;-0.04;-0.04;0.31;0.07;0.44;1.18;-1.36;97.20;0.44;0.41;0.019
1008.755;335;1.29;-1.32;101.90;1.16;-1.28;103.50;0.54;0.50;949;1;1;3;0.57;0.27;0.27;-0.00;-0.01;-0.06;-0.06;0.37;1.17;-1.34;99.01;0.48;0.44;0.021
1008.855;344;1.29;-1.29;104.01;1.16;-1.28;103.50;0.54;0.50;949;1;1;3;0.59;0.28;0.26;-0.02;-0.01;0.10;0.12;0.52;1.17;-1.31;101.11;0.51;0.47;0.021
1008.955;354;1.28;-1.27;106.52;0.88;-0.87;145.14;0.53;0.50;949;2;1;3;0.57;0.28;0.28;-0.00;-0.01;-0.07;-0.08;0.41;1.17;-1.29;102.27;0.53;0.48;0.023
1009.045;363;1.27;-1.24;108.73;0.88;-0.87;145.14;0.53;0.50;949;2;1;3;0.42;0.29;0.26;-0.01;-0.01;0.08;0.12;0.46;1.16;-1.26;104.78;0.54;0.50;0.014
1009.155;373;1.26;-1.21;110.49;0.88;-0.87;145.14;0.53;0.50;949;2;1;3;0.43;0.30;0.29;0.01;-0.01;-0.06;-0.07;0.15;1.15;-1.25;106.06;0.54;0.50;0.015
1009.255;387;1.25;-1.18;112.19;0.88;-0.87;145.14;0.53;0.50;949;2;1;3;0.49;0.30;0.30;-0.01;-0.01;-0.04;-0.07;0.25;1.15;-1.22;108.61;0.54;0.50;0.022
1009.345;392;1.24;-1.16;113.06;0.88;-0.87;145.14;0.53;0.50;949;2;1;3;0.51;0.30;0.30;-0.01;-0.01;0.04;0.06;0.39;1.14;-1.21;109.88;0.54;0.50;0.010
1009.455;407;1.23;-1.12;115.57;0.88;-0.87;145.14;0.53;0.50;949;2;1;3;0.55;0.30;0.30;-0.02;-0.00;-0.01;-0.02;0.20;1.13;-1.18;112.42;0.54;0.50;0.024
1009.545;415;1.22;-1.10;116.70;0.88;-0.87;145.14;0.53;0.50;949;2;1;3;0.58;0.30;0.30;-0.04;-0.01;0.03;0.05;0.29;1.12;-1.16;113.69;0.54;0.50;0.015
1009.655;424;1.21;-1.07;118.00;0.88;-0.87;145.14;0.53;0.50;949;2;1;3;0.64;0.30;0.32;-0.04;-0.01;0.05;0.04;0.31;1.10;-1.12;117.50;0.54;0.50;0.023
1009.755;435;1.20;-1.04;120.08;0.88;-0.87;145.14;0.53;0.50;949;2;1;3;0.67;0.30;0.33;-0.04;-0.00;0.03;0.06;0.37;1.09;-1.09;120.03;0.54;0.50;0.015
1009.855;443;1.19;-1.02;122.11;0.88;-0.87;145.14;0.53;0.50;949;2;1;3;0.67;0.30;0.33;-0.05;-0.01;0.03;0.03;0.40;1.08;-1.08;121.29;0.54;0.50;0.013
1009.945;452;1.17;-0.99;124.39;0.88;-0.87;145.14;0.53;0.50;949;2;1;3;0.69;0.30;0.32;-0.08;-0.01;0.04;0.06;0.54;1.06;-1.05;123.82;0.54;0.50;0.014
1010.065;467;1.15;-0.94;128.68;0.88;-0.87;145.14;0.53;0.50;949;2;1;3;0.69;0.30;0.31;-0.09;-0.01;0.03;0.06;0.64;1.04;-1.03;126.34;0.54;0.50;0.029
1010.155;475;1.14;-0.92;130.91;0.88;-0.87;145.14;0.53;0.50;949;2;1;3;0.66;0.30;0.34;-0.07;-0.01;-0.02;-0.08;0.46;1.04;-1.02;127.60;0.54;0.50;0.017
1010.255;486;1.12;-0.89;134.02;0.88;-0.87;145.14;0.53;0.50;949;2;1;3;0.66;0.30;0.33;-0.08;-0.01;0.02;0.03;0.47;1.02;-0.99;130.12;0.54;0.50;0.019
1010.345;494;1.11;-0.86;136.19;0.88;-0.87;145.14;0.53;0.50;949;2;1;3;0.67;0.30;0.33;-0.08;-0.01;0.01;0.03;0.48;1.00;-0.97;132.63;0.54;0.50;0.012
1010.455;505;1.09;-0.83;139.40;0.88;-0.87;145.14;0.53;0.50;949;2;1;3;0.66;0.30;0.32;-0.08;-0.01;0.01;0.03;0.53;0.97;-0.95;135.14;0.54;0.50;0.017
1010.555;513;1.07;-0.81;142.02;0.88;-0.87;145.14;0.53;0.50;949;2;1;3;0.62;0.30;0.31;-0.07;-0.01;0.01;0.05;0.48;0.96;-0.94;136.39;0.53;0.50;0.015
1010.665;528;1.04;-0.78;145.96;0.88;-0.87;145.14;0.53;0.50;949;2;1;3;0.61;0.30;0.30;-0.09;-0.01;0.00;0.09;0.58;0.94;-0.91;138.90;0.53;0.50;0.028
1010.765;536;1.02;-0.76;147.78;0.40;-0.72;179.43;0.38;0.50;949;3;1;3;0.60;0.30;0.32;-0.03;-0.01;0.01;-0.16;0.46;0.93;-0.90;140.15;0.53;0.50;0.032
1010.855;547;1.00;-0.74;151.10;0.40;-0.72;179.43;0.38;0.50;949;3;1;3;0.40;0.30;0.30;-0.01;-0.01;-0.00;0.01;0.44;0.90;-0.88;142.65;0.53;0.50;0.017
1010.955;556;0.97;-0.73;151.92;0.40;-0.72;179.43;0.38;0.50;949;3;1;3;0.43;0.30;0.31;-0.00;-0.00;0.01;0.04;0.12;0.89;-0.88;143.89;0.53;0.50;0.021
1011.055;566;0.95;-0.71;153.15;0.40;-0.72;179.43;0.38;0.50;949;3;1;3;0.48;0.30;0.30;-0.00;-0.01;0.02;-0.10;0.21;0.87;-0.86;146.38;0.53;0.50;0.022
1011.145;574;0.93;-0.70;154.60;0.40;-0.72;179.43;0.38;0.50;949;3;1;3;0.50;0.30;0.30;-0.03;-0.01;-0.01;0.06;0.33;0.84;-0.84;148.82;0.52;0.50;0.010
1011.245;584;0.90;-0.69;156.20;0.40;-0.72;179.43;0.38;0.50;949;3;1;3;0.52;0.30;0.31;0.00;-0.01;0.04;-0.19;0.25;0.81;-0.83;151.21;0.51;0.50;0.015
1011.345;594;0.87;-0.67;158.47;0.40;-0.72;179.43;0.38;0.50;949;3;1;3;0.49;0.30;0.29;-0.00;-0.01;-0.00;0.02;0.36;0.80;-0.82;152.38;0.50;0.50;0.011
1011.445;605;0.84;-0.66;160.39;0.40;-0.72;179.43;0.38;0.50;949;3;1;3;0.50;0.30;0.32;-0.04;-0.04;0.06;0.26;0.45;0.77;-0.80;154.69;0.50;0.50;0.007
1011.555;613;0.82;-0.65;162.08;0.40;-0.72;179.43;0.38;0.50;949;3;1;3;0.48;0.30;0.29;-0.01;-0.01;-0.00;0.00;0.33;0.76;-0.80;155.83;0.49;0.50;0.013
1011.645;622;0.79;-0.64;163.56;0.40;-0.72;179.43;0.38;0.50;949;3;1;3;0.49;0.30;0.31;-0.02;-0.00;-0.00;0.03;0.36;0.73;-0.79;158.07;0.48;0.50;0.009
1011.745;633;0.76;-0.63;165.90;0.40;-0.72;179.43;0.38;0.50;949;3;1;3;0.46;0.30;0.30;-0.00;-0.01;0.02;-0.04;0.32;0.72;-0.78;159.16;0.48;0.50;0.011
1011.855;646;0.73;-0.62;168.36;0.40;-0.72;179.43;0.38;0.50;949;3;1;3;0.44;0.30;0.29;-0.01;-0.01;-0.03;0.07;0.34;0.69;-0.77;161.32;0.47;0.50;0.018
1011.955;656;0.70;-0.62;169.87;0.40;-0.72;179.43;0.38;0.50;949;3;1;3;0.43;0.30;0.30;0.00;-0.01;0.09;-0.18;0.22;0.67;-0.77;162.38;0.46;0.50;0.019
1012.045;664;0.67;-0.61;171.52;0.40;-0.72;179.43;0.38;0.50;949;3;1;3;0.43;0.30;0.29;-0.01;-0.01;-0.02;0.04;0.32;0.64;-0.76;164.47;0.45;0.50;0.008
1012.155;675;0.64;-0.61;173.30;0.40;-0.72;179.43;0.38;0.50;949;3;1;3;0.43;0.30;0.32;-0.04;-0.04;0.01;0.29;0.44;0.61;-0.75;166.51;0.44;0.50;0.019
1012.245;683;0.62;-0.61;174.92;0.40;-0.72;179.43;0.38;0.50;949;3;1;3;0.42;0.30;0.29;-0.00;-0.01;0.00;-0.01;0.30;0.58;-0.74;168.49;0.43;0.50;0.010
1012.345;696;0.58;-0.60;177.26;0.40;-0.72;179.43;0.38;0.50;949;3;1;3;0.40;0.30;0.29;-0.01;-0.01;-0.05;0.08;0.35;0.57;-0.74;169.47;0.43;0.50;0.009
1012.455;706;0.55;-0.60;178.80;0.40;-0.72;179.43;0.38;0.50;949;3;1;3;0.37;0.30;0.30;0.00;-0.01;0.11;-0.15;0.22;0.54;-0.73;171.39;0.42;0.50;0.018
1012.545;716;0.52;-0.60;180.25;0.40;-0.72;179.43;0.38;0.50;949;3;1;3;0.36;0.30;0.30;-0.03;-0.01;0.05;-0.07;0.17;0.52;-0.73;172.33;0.42;0.50;0.015
1012.645;725;0.49;-0.59;181.45;0.40;-0.72;179.43;0.38;0.50;949;3;1;3;0.38;0.30;0.30;-0.05;-0.01;-0.03;0.03;0.21;0.49;-0.73;174.17;0.41;0.50;0.013
1012.755;734;0.46;-0.59;182.35;0.40;-0.72;179.43;0.38;0.50;949;3;1;3;0.40;0.30;0.30;-0.00;-0.01;0.11;-0.13;0.16;0.46;-0.73;175.97;0.40;0.50;0.020
1012.845;744;0.43;-0.59;183.83;0.40;-0.72;179.43;0.38;0.50;949;3;1;3;0.40;0.30;0.30;-0.03;-0.01;0.05;-0.06;0.21;0.43;-0.72;177.72;0.39;0.50;0.014
1012.945;753;0.41;-0.59;185.19;0.40;-0.72;179.43;0.38;0.50;949;3;1;3;0.41;0.30;0.30;-0.05;-0.01;-0.05;0.05;0.27;0.40;-0.72;179.43;0.38;0.50;0.010
1013.045;763;0.38;-0.59;186.39;0.40;-0.72;179.43;0.38;0.50;949;3;1;3;0.38;0.30;0.31;-0.02;-0.00;-0.03;0.05;0.28;0.40;-0.72;179.43;0.38;0.50;0.011
1013.145;772;0.35;-0.59;187.70;0.40;-0.72;179.43;0.38;0.50;949;3;1;3;0.35;0.30;0.30;-0.02;-0.01;0.04;-0.05;0.16;0.40;-0.72;179.43;0.38;0.50;0.014
1013.255;786;0.31;-0.59;189.11;0.40;-0.72;179.43;0.38;0.50;949;3;1;3;0.32;0.30;0.30;-0.03;-0.01;0.07;-0.07;0.11;0.40;-0.72;179.43;0.38;0.50;0.017
1013.345;796;0.28;-0.60;189.85;0.40;-0.72;179.43;0.38;0.50;949;3;1;3;0.31;0.29;0.29;-0.00;-0.01;-0.02;0.01;0.06;0.40;-0.72;179.43;0.38;0.50;0.011
1013.435;805;0.25;-0.60;190.19;0.40;-0.72;179.43;0.38;0.50;949;3;1;3;0.31;0.28;0.27;-0.01;-0.01;-0.05;0.05;0.11;0.40;-0.72;179.43;0.38;0.50;0.008
1013.545;814;0.23;-0.61;190.29;0.40;-0.72;179.43;0.38;0.50;949;3;1;3;0.32;0.27;0.27;-0.00;-0.01;-0.04;0.04;0.10;0.40;-0.72;179.43;0.38;0.50;0.017
1013.645;824;0.20;-0.61;190.50;0.40;-0.72;179.43;0.38;0.50;949;3;1;3;0.33;0.26;0.27;-0.00;-0.01;0.02;-0.03;-0.03;0.40;-0.72;179.43;0.38;0.50;0.009
1013.745;835;0.18;-0.62;190.73;0.40;-0.72;179.43;0.38;0.50;949;3;1;3;0.33;0.24;0.24;-0.00;-0.01;-0.02;0.01;-0.01;0.40;-0.72;179.43;0.38;0.50;0.015
1013.845;843;0.16;-0.62;190.76;0.40;-0.72;179.43;0.38;0.50;949;3;1;3;0.34;0.22;0.22;-0.00;-0.01;-0.04;0.04;0.08;0.40;-0.72;179.43;0.38;0.50;0.012
1013.945;852;0.14;-0.62;190.64;0.40;-0.72;179.43;0.38;0.50;949;3;1;3;0.36;0.20;0.23;0.00;-0.01;0.09;-0.09;-0.08;0.40;-0.72;179.43;0.38;0.50;0.011
1014.035;862;0.11;-0.62;190.77;0.40;-0.72;179.43;0.38;0.50;949;3;1;3;0.37;0.18;0.21;-0.03;-0.01;0.13;-0.12;-0.02;0.40;-0.72;179.43;0.38;0.50;0.007
1014.145;876;0.09;-0.62;191.39;0.40;-0.72;179.43;0.38;0.50;949;3;1;3;0.37;0.16;0.17;-0.01;-0.01;-0.05;0.05;0.11;0.40;-0.72;179.43;0.38;0.50;0.018
1014.235;885;0.07;-0.63;191.52;0.40;-0.72;179.43;0.38;0.50;949;3;1;3;0.37;0.14;0.14;0.00;-0.01;-0.05;0.05;0.05;0.40;-0.72;179.43;0.38;0.50;0.013
1014.345;894;0.06;-0.63;191.53;0.40;-0.72;179.43;0.38;0.50;949;3;1;3;0.38;0.11;0.12;-0.00;-0.01;-0.02;0.01;-0.04;0.40;-0.72;179.43;0.38;0.50;0.014
1014.445;905;0.05;-0.63;191.25;0.40;-0.72;179.43;0.38;0.50;949;3;1;3;0.39;0.09;0.09;-0.00;-0.01;-0.04;0.04;-0.01;0.40;-0.72;179.43;0.38;0.50;0.018
1014.555;913;0.04;-0.63;191.05;0.40;-0.72;179.43;0.38;0.50;949;3;1;3;0.41;0.06;0.07;-0.00;-0.01;-0.03;0.02;-0.05;0.40;-0.72;179.43;0.38;0.50;0.014
1014.645;923;0.04;-0.63;190.69;0.40;-0.72;179.43;0.38;0.50;949;3;1;3;0.43;0.04;0.05;0.00;-0.01;-0.02;0.02;-0.06;0.40;-0.72;179.43;0.38;0.50;0.013
1014.755;933;0.03;-0.63;190.29;0.40;-0.72;179.43;0.38;0.50;949;3;1;3;0.45;0.02;0.03;0.00;-0.01;-0.02;0.02;-0.07;0.40;-0.72;179.43;0.38;0.50;0.016
1014.855;947;0.03;-0.64;189.47;0.40;-0.72;179.43;0.38;0.50;949;3;1;3;0.48;-0.00;0.02;0.00;-0.00;0.04;-0.03;-0.13;0.40;-0.72;179.43;0.38;0.50;0.016
1014.955;956;0.03;-0.64;188.95;0.40;-0.72;179.43;0.38;0.50;949;3;1;3;0.51;-0.02;-0.01;0.00;-0.00;-0.02;0.02;-0.10;0.40;-0.72;179.43;0.38;0.50;0.017
1015.055;966;0.03;-0.64;188.44;0.40;-0.72;179.43;0.38;0.50;949;3;1;3;0.53;-0.04;-0.02;0.00;0.00;0.00;-0.01;-0.07;0.40;-0.72;179.43;0.38;0.50;0.017
1015.145;972;0.03;-0.64;188.14;0.40;-0.72;179.43;0.38;0.50;949;3;1;3;0.54;-0.05;-0.03;0.00;0.00;0.00;-0.00;-0.10;0.40;-0.72;179.43;0.38;0.50;0.010
1015.255;986;0.04;-0.63;187.36;0.40;-0.72;179.43;0.38;0.50;949;3;1;3;0.57;-0.07;-0.06;0.00;-0.00;0.00;0.01;-0.06;0.40;-0.72;179.43;0.38;0.50;0.019
1015.355;995;0.05;-0.63;186.92;0.40;-0.72;179.43;0.38;0.50;949;3;1;3;0.58;-0.08;-0.08;0.01;-0.00;0.00;0.01;-0.09;0.40;-0.72;179.43;0.38;0.50;0.020
1015.445;1004;0.05;-0.63;186.46;0.40;-0.72;179.43;0.38;0.50;949;3;1;3;0.60;-0.09;-0.08;-0.00;-0.00;-0.04;-0.07;-0.07;0.40;-0.72;179.43;0.38;0.50;0.014
1015.545;1014;0.06;-0.63;185.78;0.40;-0.72;179.43;0.38;0.50;949;3;1;3;0.62;-0.10;-0.10;0.00;-0.00;0.01;0.01;-0.10;0.40;-0.72;179.43;0.38;0.50;0.011
1015.635;1023;0.07;-0.63;185.21;0.40;-0.72;179.43;0.38;0.50;949;3;1;3;0.64;-0.10;-0.11;0.00;-0.01;0.02;0.05;-0.16;0.40;-0.72;179.43;0.38;0.50;0.008
1015.745;1032;0.08;-0.63;184.59;0.40;-0.72;179.43;0.38;0.50;949;3;1;3;0.66;-0.11;-0.11;-0.00;-0.01;0.03;0.05;-0.17;0.40;-0.72;179.43;0.38;0.50;0.012
1015.865;1047;0.10;-0.63;183.52;0.40;-0.72;179.43;0.38;0.50;949;3;1;3;0.69;-0.11;-0.12;0.00;-0.01;0.03;0.04;-0.13;0.40;-0.72;179.43;0.38;0.50;0.018
1015.955;1055;0.11;-0.63;183.11;0.40;-0.72;179.43;0.38;0.50;949;3;1;3;0.70;-0.11;-0.12;-0.00;-0.01;0.03;0.06;-0.18;0.40;-0.72;179.43;0.38;0.50;0.011
1016.035;1062;0.12;-0.63;182.53;0.40;-0.72;179.43;0.38;0.50;949;3;1;3;0.72;-0.11;-0.11;-0.00;-0.01;-0.02;-0.03;-0.08;0.40;-0.72;179.43;0.38;0.50;0.007
1016.145;1074;0.13;-0.63;181.55;0.40;-0.72;179.43;0.38;0.50;949;3;1;3;0.75;-0.11;-0.11;0.03;-0.01;-0.03;-0.04;-0.13;0.40;-0.72;179.43;0.38;0.50;0.011
1016.255;1085;0.14;-0.63;180.44;0.40;-0.72;179.43;0.38;0.50;949;3;1;3;0.78;-0.10;-0.11;0.03;-0.01;0.03;0.03;-0.18;0.40;-0.72;179.43;0.38;0.50;0.022
1016.345;1094;0.15;-0.63;179.72;0.40;-0.72;179.43;0.38;0.50;949;3;1;3;0.79;-0.09;-0.10;-0.00;-0.01;-0.09;-0.12;-0.13;0.40;-0.72;179.43;0.38;0.50;0.010
1016.445;1104;0.16;-0.64;178.62;0.40;-0.72;179.43;0.38;0.50;949;3;1;3;0.79;-0.09;-0.10;0.02;-0.01;-0.02;-0.03;-0.12;0.40;-0.72;179.43;0.38;0.50;0.015
1016.545;1113;0.17;-0.64;177.96;0.40;-0.72;179.43;0.38;0.50;949;3;1;3;0.79;-0.08;-0.09;0.02;-0.01;0.11;0.13;-0.19;0.40;-0.72;179.43;0.38;0.50;0.012
1016.645;1123;0.18;-0.64;177.43;0.40;-0.72;179.43;0.38;0.50;949;3;1;3;0.79;-0.07;-0.08;0.01;-0.01;-0.07;-0.09;-0.05;0.40;-0.72;179.43;0.38;0.50;0.014
1016.755;1137;0.19;-0.64;177.11;0.40;-0.72;179.43;0.38;0.50;949;3;1;3;0.79;-0.06;-0.07;-0.01;-0.01;0.03;0.03;-0.05;0.40;-0.72;179.43;0.38;0.50;0.025
1016.855;1146;0.20;-0.64;177.16;0.40;-0.72;179.43;0.38;0.50;949;3;1;3;0.79;-0.05;-0.06;-0.00;-0.01;-0.04;-0.05;0.06;0.40;-0.72;179.43;0.38;0.50;0.023
1016.945;1155;0.20;-0.64;177.30;0.40;-0.72;179.43;0.38;0.50;949;3;1;3;0.79;-0.03;-0.06;0.00;-0.01;0.03;0.03;0.03;0.40;-0.72;179.43;0.38;0.50;0.012
1017.045;1165;0.21;-0.64;177.81;0.40;-0.72;179.43;0.38;0.50;949;3;1;3;0.79;-0.02;-0.03;-0.01;-0.01;0.03;0.03;0.06;0.40;-0.72;179.43;0.38;0.50;0.019
1017.155;1174;0.21;-0.64;178.16;0.40;-0.72;179.43;0.38;0.50;949;3;1;3;0.79;-0.01;-0.04;-0.00;-0.01;0.03;0.04;0.07;0.40;-0.72;179.43;0.38;0.50;0.022
1017.245;1184;0.21;-0.64;178.73;0.40;-0.72;179.43;0.38;0.50;949;3;1;3;0.77;-0.00;-0.02;0.00;-0.00;-0.03;-0.05;0.14;0.40;-0.72;179.43;0.38;0.50;0.012
1017.345;1194;0.21;-0.64;179.39;0.40;-0.72;179.43;0.38;0.50;949;3;1;3;0.74;0.00;-0.01;-0.00;-0.00;0.02;0.03;0.09;0.40;-0.72;179.43;0.38;0.50;0.014
1017.455;1204;0.21;-0.64;179.88;0.40;-0.72;179.43;0.38;0.50;949;3;1;3;0.72;0.01;0.01;-0.00;0.00;-0.00;-0.01;0.06;0.40;-0.72;179.43;0.38;0.50;0.019
1017.545;1212;0.21;-0.64;180.15;0.40;-0.72;179.43;0.38;0.50;949;3;1;3;0.71;0.02;0.01;-0.00;0.00;-0.00;-0.00;0.07;0.40;-0.72;179.43;0.38;0.50;0.009
1017.645;1223;0.21;-0.64;180.57;0.40;-0.72;179.43;0.38;0.50;949;3;1;3;0.69;0.03;0.02;0.00;-0.00;0.00;-0.00;0.07;0.40;-0.72;179.43;0.38;0.50;0.011
1017.755;1236;0.21;-0.64;181.07;0.40;-0.72;179.43;0.38;0.50;949;3;1;3;0.67;0.03;0.03;0.00;-0.00;-0.00;-0.00;0.06;0.40;-0.72;179.43;0.38;0.50;0.018
1017.855;1246;0.21;-0.64;181.31;0.40;-0.72;179.43;0.38;0.50;949;3;1;3;0.67;0.03;0.02;-0.00;-0.00;-0.01;0.01;0.02;0.40;-0.72;179.43;0.38;0.50;0.019
1017.945;1255;0.20;-0.64;181.53;0.40;-0.72;179.43;0.38;0.50;949;3;1;3;0.66;0.04;0.04;0.00;-0.00;0.01;-0.01;0.07;0.40;-0.72;179.43;0.38;0.50;0.013
1018.055;1265;0.20;-0.64;181.73;0.40;-0.72;179.43;0.38;0.50;949;3;1;3;0.65;0.04;0.03;-0.01;-0.00;-0.01;0.01;0.04;0.40;-0.72;179.43;0.38;0.50;0.018
1018.145;1274;0.20;-0.64;181.92;0.40;-0.72;179.43;0.38;0.50;949;3;1;3;0.65;0.04;0.03;-0.00;-0.00;-0.00;0.01;0.04;0.40;-0.72;179.43;0.38;0.50;0.011
1018.245;1284;0.20;-0.64;182.13;0.40;-0.72;179.43;0.38;0.50;949;3;1;3;0.64;0.05;0.03;-0.00;-0.00;-0.00;0.01;0.04;0.40;-0.72;179.43;0.38;0.50;0.011
1018.365;1298;0.19;-0.64;182.39;0.40;-0.72;179.43;0.38;0.50;949;3;1;3;0.63;0.05;0.03;-0.00;-0.00;-0.01;0.01;0.03;0.40;-0.72;179.43;0.38;0.50;0.031
1018.445;1303;0.19;-0.64;182.46;0.40;-0.72;179.43;0.38;0.50;949;3;1;3;0.63;0.05;0.03;-0.00;-0.00;-0.01;0.02;0.02;0.40;-0.72;179.43;0.38;0.50;0.010
1018.545;1314;0.19;-0.64;182.60;0.40;-0.72;179.43;0.38;0.50;949;3;1;3;0.63;0.05;0.04;-0.00;-0.00;-0.01;0.02;0.02;0.40;-0.72;179.43;0.38;0.50;0.011
1018.655;1326;0.18;-0.64;182.72;0.40;-0.72;179.43;0.38;0.50;949;3;1;3;0.63;0.05;0.04;-0.00;-0.00;-0.01;0.02;0.02;0.40;-0.72;179.43;0.38;0.50;0.021
1018.755;1337;0.18;-0.64;182.80;0.40;-0.72;179.43;0.38;0.50;949;3;1;3;0.63;0.05;0.04;-0.00;-0.00;-0.00;0.02;0.01;0.40;-0.72;179.43;0.38;0.50;0.019
1018.845;1345;0.17;-0.64;182.85;0.40;-0.72;179.43;0.38;0.50;949;3;1;3;0.63;0.05;0.04;-0.00;-0.00;-0.00;0.02;0.01;0.40;-0.72;179.43;0.38;0.50;0.017
1018.945;1354;0.17;-0.64;182.89;0.40;-0.72;179.43;0.38;0.50;949;3;1;3;0.63;0.05;0.03;-0.00;-0.00;-0.00;0.02;0.01;0.40;-0.72;179.43;0.38;0.50;0.015
1019.055;1364;0.17;-0.64;182.93;0.40;-0.72;179.43;0.38;0.50;949;3;1;3;0.63;0.04;0.03;-0.00;-0.00;-0.00;0.02;0.01;0.40;-0.72;179.43;0.38;0.50;0.015
1019.135;1373;0.17;-0.64;182.95;0.40;-0.72;179.43;0.38;0.50;949;3;1;3;0.63;0.04;0.03;-0.00;-0.00;-0.00;0.02;0.01;0.40;-0.72;179.43;0.38;0.50;0.007
1019.255;1383;0.16;-0.64;182.96;0.40;-0.72;179.43;0.38;0.50;949;3;1;3;0.64;0.04;0.03;-0.00;-0.00;-0.00;0.02;0.00;0.40;-0.72;179.43;0.38;0.50;0.016
1019.345;1394;0.16;-0.64;182.96;0.40;-0.72;179.43;0.38;0.50;949;3;1;3;0.64;0.04;0.03;-0.00;-0.00;-0.00;0.02;0.00;0.40;-0.72;179.43;0.38;0.50;0.010
1019.445;1402;0.16;-0.64;182.96;0.40;-0.72;179.43;0.38;0.50;949;3;1;3;0.64;0.04;0.02;-0.00;-0.00;-0.00;0.02;-0.00;0.40;-0.72;179.43;0.38;0.50;0.011
1019.555;1417;0.15;-0.64;182.92;0.40;-0.72;179.43;0.38;0.50;949;3;1;3;0.65;0.03;0.02;0.00;-0.00;-0.00;0.01;-0.00;0.40;-0.72;179.43;0.38;0.50;0.017
1019.645;1425;0.15;-0.64;182.89;0.40;-0.72;179.43;0.38;0.50;949;3;1;3;0.65;0.03;0.02;0.00;-0.00;0.00;0.01;-0.01;0.40;-0.72;179.43;0.38;0.50;0.013
1019.735;1434;0.15;-0.64;182.84;0.40;-0.72;179.43;0.38;0.50;949;3;1;3;0.65;0.03;0.02;0.00;-0.00;0.00;0.01;-0.01;0.40;-0.72;179.43;0.38;0.50;0.008
1019.845;1444;0.15;-0.64;182.76;0.40;-0.72;179.43;0.38;0.50;949;3;1;3;0.66;0.02;0.02;0.00;-0.00;0.00;0.01;-0.01;0.40;-0.72;179.43;0.38;0.50;0.013
1019.945;1452;0.15;-0.64;182.70;0.40;-0.72;179.43;0.38;0.50;949;3;1;3;0.66;0.02;0.01;0.00;-0.00;0.00;0.01;-0.01;0.40;-0.72;179.43;0.38;0.50;0.011
1020.045;1463;0.15;-0.64;182.60;0.40;-0.72;179.43;0.38;0.50;949;3;1;3;0.67;0.02;0.01;0.00;-0.00;-0.00;0.00;-0.02;0.40;-0.72;179.43;0.38;0.50;0.015
1020.145;1475;0.14;-0.64;182.54;0.40;-0.72;179.43;0.38;0.50;949;3;1;3;0.67;0.02;0.02;0.00;0.00;0.00;-0.01;0.02;0.40;-0.72;179.43;0.38;0.50;0.014
1020.255;1486;0.14;-0.64;182.60;0.40;-0.72;179.43;0.38;0.50;949;3;1;3;0.67;0.01;0.02;0.00;-0.00;0.00;0.00;0.01;0.40;-0.72;179.43;0.38;0.50;0.020
1020.355;1494;0.14;-0.64;182.60;0.40;-0.72;179.43;0.38;0.50;949;3;1;3;0.67;0.01;0.02;-0.00;-0.00;0.00;0.00;-0.00;0.40;-0.72;179.43;0.38;0.50;0.010
1020.435;1505;0.14;-0.64;182.56;0.40;-0.72;179.43;0.38;0.50;949;3;1;3;0.67;0.01;0.01;-0.00;-0.00;0.00;-0.00;-0.01;0.40;-0.72;179.43;0.38;0.50;0.006
1020.555;1513;0.14;-0.64;182.49;0.40;-0.72;179.43;0.38;0.50;949;3;1;3;0.68;0.01;0.01;-0.00;-0.00;0.00;-0.00;-0.02;0.40;-0.72;179.43;0.38;0.50;0.014
1020.645;1526;0.14;-0.64;182.38;0.40;-0.72;179.43;0.38;0.50;949;3;1;3;0.68;0.00;0.01;-0.00;-0.00;0.00;-0.00;-0.02;0.40;-0.72;179.43;0.38;0.50;0.014
1020.735;1532;0.14;-0.64;182.31;0.40;-0.72;179.43;0.38;0.50;949;3;1;3;0.69;0.00;0.00;0.00;-0.00;0.00;0.00;-0.02;0.40;-0.72;179.43;0.38;0.50;0.008
1020.845;1542;0.14;-0.64;182.20;0.40;-0.72;179.43;0.38;0.50;949;3;1;3;0.69;-0.00;0.00;0.00;-0.00;0.00;0.00;-0.02;0.40;-0.72;179.43;0.38;0.50;0.010
1020.975;1556;0.14;-0.64;182.05;0.40;-0.72;179.43;0.38;0.50;949;3;1;3;0.70;-0.00;-0.00;-0.00;-0.00;-0.00;0.00;-0.02;0.40;-0.72;179.43;0.38;0.50;0.028
1021.055;1567;0.14;-0.64;181.94;0.40;-0.72;179.43;0.38;0.50;949;3;1;3;0.70;-0.00;-0.00;0.00;-0.00;-0.00;0.00;-0.02;0.40;-0.72;179.43;0.38;0.50;0.017
1021.145;1576;0.14;-0.64;181.84;0.40;-0.72;179.43;0.38;0.50;949;3;1;3;0.71;-0.01;-0.00;-0.00;-0.00;-0.00;0.00;-0.02;0.40;-0.72;179.43;0.38;0.50;0.011
1021.245;1586;0.14;-0.64;181.73;0.40;-0.72;179.43;0.38;0.50;949;3;1;3;0.71;-0.01;-0.01;-0.00;-0.00;-0.00;0.00;-0.02;0.40;-0.72;179.43;0.38;0.50;0.014
1021.345;1594;0.14;-0.64;181.64;0.40;-0.72;179.43;0.38;0.50;949;3;1;3;0.71;-0.01;-0.01;-0.00;-0.00;-0.00;0.00;-0.02;0.40;-0.72;179.43;0.38;0.50;0.014
1021.445;1605;0.14;-0.64;181.53;0.40;-0.72;179.43;0.38;0.50;949;3;1;3;0.72;-0.01;-0.01;-0.00;-0.00;-0.00;0.00;-0.02;0.40;-0.72;179.43;0.38;0.50;0.017
1021.545;1613;0.14;-0.64;181.46;0.40;-0.72;179.43;0.38;0.50;949;3;1;3;0.72;-0.01;-0.01;0.00;-0.00;0.00;-0.00;-0.01;0.40;-0.72;179.43;0.38;0.50;0.013
1021.635;1624;0.14;-0.64;181.39;0.40;-0.72;179.43;0.38;0.50;949;3;1;3;0.72;-0.01;-0.01;0.00;-0.00;0.00;0.00;-0.01;0.40;-0.72;179.43;0.38;0.50;0.007
1021.745;1632;0.14;-0.64;181.34;0.40;-0.72;179.43;0.38;0.50;949;3;1;3;0.72;-0.01;-0.01;-0.00;0.00;-0.00;0.00;-0.01;0.40;-0.72;179.43;0.38;0.50;0.008
1021.845;1643;0.14;-0.64;181.27;0.40;-0.72;179.43;0.38;0.50;949;3;1;3;0.73;-0.01;-0.01;-0.00;0.00;-0.00;0.00;-0.01;0.40;-0.72;179.43;0.38;0.50;0.008
1021.945;1656;0.14;-0.64;181.20;0.40;-0.72;179.43;0.38;0.50;949;3;1;3;0.73;-0.01;-0.01;0.00;0.00;-0.00;-0.00;-0.01;0.40;-0.72;179.43;0.38;0.50;0.013
1022.045;1666;0.15;-0.64;181.16;0.40;-0.72;179.43;0.38;0.50;949;3;1;3;0.73;-0.01;-0.01;0.00;0.00;-0.00;0.00;-0.01;0.40;-0.72;179.43;0.38;0.50;0.015
1022.145;1676;0.15;-0.64;181.12;0.40;-0.72;179.43;0.38;0.50;949;3;1;3;0.73;-0.01;-0.01;0.00;0.00;-0.00;-0.00;-0.01;0.40;-0.72;179.43;0.38;0.50;0.013
1022.245;1685;0.15;-0.64;181.10;0.40;-0.72;179.43;0.38;0.50;949;3;1;3;0.73;-0.01;-0.01;0.00;0.00;-0.00;-0.00;-0.00;0.40;-0.72;179.43;0.38;0.50;0.012
1022.355;1696;0.15;-0.64;181.08;0.40;-0.72;179.43;0.38;0.50;949;3;1;3;0.73;-0.01;-0.01;0.00;-0.00;-0.00;-0.00;-0.00;0.40;-0.72;179.43;0.38;0.50;0.014
1022.455;1704;0.15;-0.64;181.08;0.40;-0.72;179.43;0.38;0.50;949;3;1;3;0.73;-0.01;-0.01;0.00;-0.00;-0.00;-0.00;-0.00;0.40;-0.72;179.43;0.38;0.50;0.026
1022.545;1715;0.15;-0.64;181.07;0.40;-0.72;179.43;0.38;0.50;949;3;1;3;0.73;-0.01;-0.01;0.00;-0.00;-0.00;-0.00;0.00;0.40;-0.72;179.43;0.38;0.50;0.008
1022.645;1723;0.15;-0.64;181.08;0.40;-0.72;179.43;0.38;0.50;949;3;1;3;0.73;-0.01;-0.01;0.00;-0.00;-0.00;-0.00;0.00;0.40;-0.72;179.43;0.38;0.50;0.013
1022.745;1732;0.15;-0.64;181.10;0.40;-0.72;179.43;0.38;0.50;949;3;1;3;0.73;-0.01;-0.01;0.00;-0.00;-0.00;-0.00;0.00;0.40;-0.72;179.43;0.38;0.50;0.015
1022.845;1742;0.15;-0.64;181.12;0.40;-0.72;179.43;0.38;0.50;949;3;1;3;0.72;-0.01;-0.01;0.00;-0.00;-0.00;-0.00;0.00;0.40;-0.72;179.43;0.38;0.50;0.016
1022.955;1756;0.15;-0.64;181.15;0.40;-0.72;179.43;0.38;0.50;949;3;1;3;0.72;-0.01;-0.01;0.00;-0.00;-0.00;-0.00;0.00;0.40;-0.72;179.43;0.38;0.50;0.019
1023.045;1765;0.15;-0.64;181.19;0.40;-0.72;179.43;0.38;0.50;949;3;1;3;0.72;-0.01;-0.01;0.00;-0.00;-0.00;-0.00;0.01;0.40;-0.72;179.43;0.38;0.50;0.015
1023.165;1776;0.15;-0.64;181.23;0.40;-0.72;179.43;0.38;0.50;949;3;1;3;0.72;-0.00;-0.00;0.00;-0.00;0.00;-0.00;0.01;0.40;-0.72;179.43;0.38;0.50;0.025
1023.245;1784;0.15;-0.64;181.26;0.40;-0.72;179.43;0.38;0.50;949;3;1;3;0.72;-0.00;-0.00;0.00;-0.00;-0.00;-0.00;0.01;0.40;-0.72;179.43;0.38;0.50;0.010
1023.345;1795;0.16;-0.64;181.30;0.40;-0.72;179.43;0.38;0.50;949;3;1;3;0.71;-0.00;-0.00;-0.00;-0.00;0.00;-0.00;0.01;0.40;-0.72;179.43;0.38;0.50;0.013
1023.445;1803;0.16;-0.64;181.32;0.40;-0.72;179.43;0.38;0.50;949;3;1;3;0.71;-0.00;-0.00;-0.00;-0.00;-0.00;-0.00;0.00;0.40;-0.72;179.43;0.38;0.50;0.013
1023.555;1813;0.16;-0.64;181.34;0.40;-0.72;179.43;0.38;0.50;949;3;1;3;0.71;-0.00;-0.00;0.00;0.00;-0.05;0.03;0.01;0.40;-0.72;179.43;0.38;0.50;0.016
1023.655;1823;0.16;-0.64;181.33;0.40;-0.72;179.43;0.38;0.50;949;3;1;3;0.71;-0.00;-0.00;0.00;0.00;-0.00;-0.00;-0.00;0.40;-0.72;179.43;0.38;0.50;0.015
1023.755;1837;0.16;-0.64;181.31;0.40;-0.72;179.43;0.38;0.50;949;3;1;3;0.71;-0.00;-0.00;-0.00;-0.00;0.00;-0.00;-0.00;0.40;-0.72;179.43;0.38;0.50;0.025
1023.845;1842;0.16;-0.64;181.32;0.40;-0.72;179.43;0.38;0.50;949;3;1;3;0.71;-0.00;0.00;-0.00;-0.00;0.00;-0.00;0.00;0.40;-0.72;179.43;0.38;0.50;0.014
1023.965;1856;0.16;-0.64;181.33;0.40;-0.72;179.43;0.38;0.50;949;3;1;3;0.71;0.00;0.00;0.00;-0.00;-0.00;-0.00;0.00;0.40;-0.72;179.43;0.38;0.50;0.028
1024.045;1862;0.16;-0.64;181.34;0.40;-0.72;179.43;0.38;0.50;949;3;1;3;0.71;0.00;0.00;-0.00;-0.00;-0.00;-0.00;0.00;0.40;-0.72;179.43;0.38;0.50;0.009
1024.165;1877;0.16;-0.64;181.38;0.40;-0.72;179.43;0.38;0.50;949;3;1;3;0.71;0.00;0.00;0.00;-0.00;-0.00;-0.00;0.00;0.40;-0.72;179.43;0.38;0.50;0.032
1024.255;1885;0.16;-0.64;181.40;0.40;-0.72;179.43;0.38;0.50;949;3;1;3;0.71;0.00;0.00;0.00;-0.00;-0.00;-0.00;0.00;0.40;-0.72;179.43;0.38;0.50;0.018
1024.345;1894;0.15;-0.64;181.42;0.40;-0.72;179.43;0.38;0.50;949;3;1;3;0.71;0.00;0.00;0.00;-0.00;-0.00;-0.00;0.00;0.40;-0.72;179.43;0.38;0.50;0.014
1024.445;1904;0.15;-0.64;181.45;0.40;-0.72;179.43;0.38;0.50;949;3;1;3;0.71;0.00;0.00;0.00;-0.00;-0.00;-0.00;0.00;0.40;-0.72;179.43;0.38;0.50;0.017
1024.545;1913;0.15;-0.64;181.47;0.40;-0.72;179.43;0.38;0.50;949;3;1;3;0.71;0.00;0.00;0.00;-0.00;-0.00;-0.00;0.00;0.40;-0.72;179.43;0.38;0.50;0.014
1024.655;1923;0.15;-0.64;181.49;0.40;-0.72;179.43;0.38;0.50;949;3;1;3;0.71;0.00;0.00;0.00;-0.00;-0.00;-0.00;0.00;0.40;-0.72;179.43;0.38;0.50;0.010
1024.785;1938;0.15;-0.64;181.52;0.40;-0.72;179.43;0.38;0.50;949;3;1;3;0.71;0.00;0.00;0.00;-0.00;-0.00;-0.00;0.00;0.40;-0.72;179.43;0.38;0.50;0.040
1024.845;1942;0.15;-0.64;181.53;0.40;-0.72;179.43;0.38;0.50;949;3;1;3;0.71;0.00;0.00;0.00;-0.00;-0.00;-0.00;0.00;0.40;-0.72;179.43;0.38;0.50;0.013
1024.945;1953;0.15;-0.64;181.54;0.40;-0.72;179.43;0.38;0.50;949;3;1;3;0.71;0.00;0.00;0.00;-0.00;-0.00;-0.00;0.00;0.40;-0.72;179.43;0.38;0.50;0.013
1025.045;1961;0.15;-0.64;181.55;0.40;-0.72;179.43;0.38;0.50;949;3;1;3;0.70;0.00;0.00;0.00;-0.00;-0.00;-0.00;0.00;0.40;-0.72;179.43;0.38;0.50;0.008
1025.155;1976;0.15;-0.64;181.56;0.40;-0.72;179.43;0.38;0.50;949;3;1;3;0.70;0.00;0.00;0.00;-0.00;-0.00;-0.00;0.00;0.40;-0.72;179.43;0.38;0.50;0.025
1025.245;1985;0.15;-0.64;181.57;0.40;-0.72;179.43;0.38;0.50;949;3;1;3;0.70;0.00;0.00;0.00;-0.00;-0.00;-0.00;0.00;0.40;-0.72;179.43;0.38;0.50;0.006
1025.345;1995;0.15;-0.64;181.57;0.40;-0.72;179.43;0.38;0.50;949;3;1;3;0.71;0.00;0.00;0.00;-0.00;0.00;-0.00;0.00;0.40;-0.72;179.43;0.38;0.50;0.008
1025.445;2004;0.15;-0.64;181.57;0.40;-0.72;179.43;0.38;0.50;949;3;1;3;0.71;0.00;0.00;0.00;-0.00;0.00;-0.00;-0.00;0.40;-0.72;179.43;0.38;0.50;0.013
1025.555;2015;0.15;-0.64;181.57;0.40;-0.72;179.43;0.38;0.50;949;3;1;3;0.71;0.00;0.00;0.00;-0.00;0.00;-0.00;-0.00;0.40;-0.72;179.43;0.38;0.50;0.021
1025.665;2027;0.15;-0.64;181.56;0.40;-0.72;179.43;0.38;0.50;949;3;1;3;0.71;0.00;0.00;0.00;-0.00;0.00;-0.00;-0.00;0.40;-0.72;179.43;0.38;0.50;0.029
1025.755;2037;0.15;-0.64;181.55;0.40;-0.72;179.43;0.38;0.50;949;3;1;3;0.71;0.00;0.00;0.00;-0.00;0.00;-0.00;-0.00;0.40;-0.72;179.43;0.38;0.50;0.009
1025.845;2042;0.15;-0.64;181.55;0.40;-0.72;179.43;0.38;0.50;949;3;1;3;0.71;0.00;0.00;0.00;-0.00;0.00;0.00;-0.00;0.40;-0.72;179.43;0.38;0.50;0.012
1025.955;2053;0.15;-0.64;181.53;0.40;-0.72;179.43;0.38;0.50;949;3;1;3;0.71;0.00;0.00;0.00;-0.00;0.00;0.00;-0.00;0.40;-0.72;179.43;0.38;0.50;0.012
1026.055;2065;0.15;-0.64;181.52;0.40;-0.72;179.43;0.38;0.50;949;3;1;3;0.71;0.00;0.00;0.00;-0.00;0.00;0.00;-0.00;0.40;-0.72;179.43;0.38;0.50;0.010
1026.165;2076;0.15;-0.64;181.51;0.40;-0.72;179.43;0.38;0.50;949;3;1;3;0.71;-0.00;0.00;0.00;-0.00;0.00;0.00;-0.00;0.40;-0.72;179.43;0.38;0.50;0.027
1026.255;2084;0.15;-0.64;181.50;0.40;-0.72;179.43;0.38;0.50;949;3;1;3;0.71;-0.00;0.00;0.00;-0.00;0.00;-0.00;-0.00;0.40;-0.72;179.43;0.38;0.50;0.021
1026.345;2095;0.15;-0.64;181.48;0.40;-0.72;179.43;0.38;0.50;949;3;1;3;0.71;-0.00;0.00;0.00;-0.00;0.00;0.00;-0.00;0.40;-0.72;179.43;0.38;0.50;0.015
1026.435;2103;0.15;-0.64;181.47;0.40;-0.72;179.43;0.38;0.50;949;3;1;3;0.71;-0.00;0.00;0.00;-0.00;0.00;0.00;-0.00;0.40;-0.72;179.43;0.38;0.50;0.009
1026.545;2113;0.15;-0.64;181.45;0.40;-0.72;179.43;0.38;0.50;949;3;1;3;0.71;-0.00;0.00;0.00;-0.00;0.00;0.00;-0.00;0.40;-0.72;179.43;0.38;0.50;0.010
1026.645;2123;0.15;-0.64;181.44;0.40;-0.72;179.43;0.38;0.50;949;3;1;3;0.71;-0.00;0.00;0.00;-0.00;0.00;-0.00;-0.00;0.40;-0.72;179.43;0.38;0.50;0.011
1026.745;2132;0.15;-0.64;181.43;0.40;-0.72;179.43;0.38;0.50;949;3;1;3;0.71;-0.00;0.00;0.00;-0.00;0.00;-0.00;-0.00;0.40;-0.72;179.43;0.38;0.50;0.014
1026.855;2146;0.15;-0.64;181.41;0.40;-0.72;179.43;0.38;0.50;949;3;1;3;0.71;-0.00;-0.00;0.00;-0.00;0.00;-0.00;-0.00;0.40;-0.72;179.43;0.38;0.50;0.024
1026.965;2157;0.15;-0.64;181.40;0.40;-0.72;179.43;0.38;0.50;949;3;1;3;0.71;-0.00;-0.00;0.00;-0.00;0.00;-0.00;-0.00;0.40;-0.72;179.43;0.38;0.50;0.027
1027.075;2165;0.15;-0.64;181.39;0.40;-0.72;179.43;0.38;0.50;949;3;1;3;0.71;-0.00;-0.00;-0.00;-0.00;0.00;-0.00;-0.00;0.40;-0.72;179.43;0.38;0.50;0.037
1027.155;2176;0.15;-0.64;181.38;0.40;-0.72;179.43;0.38;0.50;949;3;1;3;0.72;-0.00;-0.00;-0.00;-0.00;0.00;0.00;-0.00;0.40;-0.72;179.43;0.38;0.50;0.023
1027.255;2185;0.15;-0.64;181.38;0.40;-0.72;179.43;0.38;0.50;949;3;1;3;0.72;-0.00;0.00;-0.00;0.01;-0.01;-0.01;-0.00;0.40;-0.72;179.43;0.38;0.50;0.016
1027.355;2195;0.15;-0.64;181.42;0.40;-0.72;179.43;0.38;0.50;949;3;1;3;0.71;-0.00;-0.01;0.00;0.00;0.00;-0.04;0.01;0.40;-0.72;179.43;0.38;0.50;0.022
1027.455;2204;0.15;-0.64;181.43;0.40;-0.72;179.43;0.38;0.50;949;3;1;3;0.71;-0.00;0.01;0.00;-0.03;-0.01;0.22;0.00;0.40;-0.72;179.43;0.38;0.50;0.021
1027.545;2214;0.15;-0.64;181.42;0.40;-0.72;179.43;0.38;0.50;949;3;1;3;0.71;-0.00;-0.00;0.00;-0.00;0.01;0.02;-0.01;0.40;-0.72;179.43;0.38;0.50;0.019
1027.675;2228;0.15;-0.64;181.41;0.40;-0.72;179.43;0.38;0.50;949;3;1;3;0.71;-0.00;0.01;0.00;-0.03;-0.01;0.24;-0.01;0.40;-0.72;179.43;0.38;0.50;0.041
1027.765;2238;0.15;-0.64;181.41;0.40;-0.72;179.43;0.38;0.50;949;3;1;3;0.71;-0.00;-0.00;0.00;-0.00;0.01;0.02;-0.01;0.40;-0.72;179.43;0.38;0.50;0.031
1027.865;2247;0.15;-0.64;181.41;0.40;-0.72;179.43;0.38;0.50;949;3;1;3;0.71;-0.00;-0.01;0.00;0.00;0.00;-0.04;0.00;0.40;-0.72;179.43;0.38;0.50;0.030
1027.945;2253;0.15;-0.64;181.42;0.40;-0.72;179.43;0.38;0.50;949;3;1;3;0.71;-0.00;-0.01;-0.00;0.01;-0.00;-0.04;0.00;0.40;-0.72;179.43;0.38;0.50;0.009
1028.045;2262;0.15;-0.64;181.41;0.40;-0.72;179.43;0.38;0.50;949;3;1;3;0.71;-0.00;-0.00;0.00;-0.00;0.01;0.02;-0.01;0.40;-0.72;179.43;0.38;0.50;0.012
1028.135;2272;0.15;-0.64;181.42;0.40;-0.72;179.43;0.38;0.50;949;3;1;3;0.71;-0.00;0.01;0.00;-0.03;-0.01;0.22;0.00;0.40;-0.72;179.43;0.38;0.50;0.012
1028.275;2287;0.15;-0.64;181.42;0.40;-0.72;179.43;0.38;0.50;949;3;1;3;0.71;-0.00;0.01;-0.02;-0.06;0.29;0.14;-0.02;0.40;-0.72;179.43;0.38;0.50;0.031
1028.355;2295;0.15;-0.64;181.44;0.40;-0.72;179.43;0.38;0.50;949;3;1;3;0.71;-0.00;0.00;-0.00;0.01;-0.01;-0.01;0.00;0.40;-0.72;179.43;0.38;0.50;0.019
1028.465;2306;0.15;-0.64;181.48;0.40;-0.72;179.43;0.38;0.50;949;3;1;3;0.71;-0.00;0.01;-0.03;-0.06;0.27;0.11;0.00;0.40;-0.72;179.43;0.38;0.50;0.026
1028.545;2314;0.15;-0.64;181.51;0.40;-0.72;179.43;0.38;0.50;949;3;1;3;0.71;-0.00;-0.00;-0.01;-0.00;-0.03;-0.05;0.00;0.40;-0.72;179.43;0.38;0.50;0.012
1028.645;2323;0.15;-0.64;181.55;0.40;-0.72;179.43;0.38;0.50;949;3;1;3;0.71;-0.00;-0.00;-0.01;-0.00;-0.03;-0.05;0.00;0.40;-0.72;179.43;0.38;0.50;0.013
1028.745;2333;0.15;-0.64;181.59;0.40;-0.72;179.43;0.38;0.50;949;3;1;3;0.71;-0.00;-0.00;0.00;-0.00;-0.01;0.01;-0.00;0.40;-0.72;179.43;0.38;0.50;0.018
1028.855;2344;0.15;-0.64;181.63;0.40;-0.72;179.43;0.38;0.50;949;3;1;3;0.71;-0.00;-0.00;-0.00;-0.00;0.01;0.01;0.01;0.40;-0.72;179.43;0.38;0.50;0.020
1028.945;2352;0.15;-0.64;181.66;0.40;-0.72;179.43;0.38;0.50;949;3;1;3;0.71;-0.00;-0.00;-0.00;0.00;0.01;0.00;0.01;0.40;-0.72;179.43;0.38;0.50;0.009
1029.065;2367;0.15;-0.64;181.68;0.40;-0.72;179.43;0.38;0.50;949;3;1;3;0.71;-0.00;-0.00;0.00;0.00;-0.00;-0.02;0.00;0.40;-0.72;179.43;0.38;0.50;0.025
1029.155;2375;0.15;-0.64;181.69;0.40;-0.72;179.43;0.38;0.50;949;3;1;3;0.71;-0.00;-0.00;-0.00;0.00;-0.00;-0.02;0.00;0.40;-0.72;179.43;0.38;0.50;0.023
1029.265;2386;0.15;-0.64;181.70;0.40;-0.72;179.43;0.38;0.50;949;3;1;3;0.71;-0.00;-0.00;-0.00;-0.00;0.01;0.01;0.01;0.40;-0.72;179.43;0.38;0.50;0.027
1029.345;2394;0.15;-0.64;181.71;0.40;-0.72;179.43;0.38;0.50;949;3;1;3;0.71;-0.00;-0.00;-0.00;-0.00;0.01;0.01;0.01;0.40;-0.72;179.43;0.38;0.50;0.014
1029.455;2404;0.15;-0.64;181.72;0.40;-0.72;179.43;0.38;0.50;949;3;1;3;0.71;-0.00;0.00;0.00;-0.00;0.01;0.02;-0.01;0.40;-0.72;179.43;0.38;0.50;0.016
1029.545;2414;0.15;-0.64;181.74;0.40;-0.72;179.43;0.38;0.50;949;3;1;3;0.71;-0.00;-0.00;-0.00;-0.00;0.01;0.01;0.01;0.40;-0.72;179.43;0.38;0.50;0.014
1029.655;2423;0.15;-0.64;181.75;0.40;-0.72;179.43;0.38;0.50;949;3;1;3;0.71;-0.00;-0.00;-0.00;0.00;-0.00;-0.02;0.00;0.40;-0.72;179.43;0.38;0.50;0.014
1029.765;2437;0.15;-0.64;181.77;0.40;-0.72;179.43;0.38;0.50;949;3;1;3;0.70;0.00;-0.00;-0.00;0.00;-0.01;-0.01;0.01;0.40;-0.72;179.43;0.38;0.50;0.028
1029.855;2447;0.15;-0.64;181.78;0.40;-0.72;179.43;0.38;0.50;949;3;1;3;0.70;0.00;-0.00;-0.00;0.00;-0.01;-0.00;0.01;0.40;-0.72;179.43;0.38;0.50;0.016
1029.965;2456;0.15;-0.64;181.79;0.40;-0.72;179.43;0.38;0.50;949;3;1;3;0.70;0.00;-0.00;0.00;-0.00;0.01;0.01;-0.00;0.40;-0.72;179.43;0.38;0.50;0.032
1030.045;2465;0.15;-0.64;181.82;0.40;-0.72;179.43;0.38;0.50;949;3;1;3;0.70;0.00;-0.00;-0.00;0.00;-0.00;-0.02;0.00;0.40;-0.72;179.43;0.38;0.50;0.010
1030.165;2475;0.15;-0.64;181.83;0.40;-0.72;179.43;0.38;0.50;949;3;1;3;0.70;0.00;-0.00;-0.00;0.00;-0.01;-0.00;0.01;0.40;-0.72;179.43;0.38;0.50;0.033
1030.245;2483;0.15;-0.64;181.85;0.40;-0.72;179.43;0.38;0.50;949;3;1;3;0.70;0.00;-0.00;-0.00;0.00;-0.00;-0.02;0.00;0.40;-0.72;179.43;0.38;0.50;0.011
1030.335;2493;0.15;-0.64;181.87;0.40;-0.72;179.43;0.38;0.50;949;3;1;3;0.70;0.00;-0.00;-0.00;0.00;-0.01;-0.00;0.01;0.40;-0.72;179.43;0.38;0.50;0.011
1030.455;2507;0.15;-0.64;181.90;0.40;-0.72;179.43;0.38;0.50;949;3;1;3;0.70;0.00;-0.00;-0.00;0.00;-0.00;-0.02;0.00;0.40;-0.72;179.43;0.38;0.50;0.018
1030.565;2516;0.15;-0.64;181.92;0.40;-0.72;179.43;0.38;0.50;949;3;1;3;0.70;0.00;-0.00;0.00;-0.00;0.01;0.01;-0.00;0.40;-0.72;179.43;0.38;0.50;0.022
1030.665;2526;0.15;-0.64;181.94;0.40;-0.72;179.43;0.38;0.50;949;3;1;3;0.70;0.00;0.00;0.00;-0.00;0.01;0.02;-0.01;0.40;-0.72;179.43;0.38;0.50;0.023
1030.745;2536;0.15;-0.64;181.97;0.40;-0.72;179.43;0.38;0.50;949;3;1;3;0.70;0.00;-0.00;-0.00;-0.00;0.01;0.00;0.01;0.40;-0.72;179.43;0.38;0.50;0.014
1030.845;2546;0.15;-0.64;181.99;0.40;-0.72;179.43;0.38;0.50;949;3;1;3;0.69;0.00;-0.00;0.00;-0.00;0.01;0.01;-0.00;0.40;-0.72;179.43;0.38;0.50;0.010
1030.965;2556;0.15;-0.64;182.01;0.40;-0.72;179.43;0.38;0.50;949;3;1;3;0.69;0.00;0.00;0.00;-0.00;0.01;0.02;-0.01;0.40;-0.72;179.43;0.38;0.50;0.028
1031.045;2564;0.15;-0.64;182.03;0.40;-0.72;179.43;0.38;0.50;949;3;1;3;0.69;0.00;-0.00;0.00;-0.00;0.01;0.01;-0.00;0.40;-0.72;179.43;0.38;0.50;0.014
1031.145;2575;0.15;-0.64;182.06;0.40;-0.72;179.43;0.38;0.50;949;3;1;3;0.69;0.00;-0.00;-0.00;0.00;-0.01;-0.01;0.01;0.40;-0.72;179.43;0.38;0.50;0.012
1031.245;2583;0.15;-0.64;182.08;0.40;-0.72;179.43;0.38;0.50;949;3;1;3;0.69;0.00;-0.00;-0.00;0.00;-0.01;-0.00;0.01;0.40;-0.72;179.43;0.38;0.50;0.011
1031.335;2594;0.15;-0.64;182.10;0.40;-0.72;179.43;0.38;0.50;949;3;1;3;0.69;0.00;-0.00;0.00;-0.00;0.01;0.01;-0.00;0.40;-0.72;179.43;0.38;0.50;0.007
1031.445;2602;0.15;-0.64;182.13;0.40;-0.72;179.43;0.38;0.50;949;3;1;3;0.69;0.00;-0.00;-0.00;-0.00;0.01;0.00;0.01;0.40;-0.72;179.43;0.38;0.50;0.012
1031.565;2617;0.15;-0.63;182.16;0.40;-0.72;179.43;0.38;0.50;949;3;1;3;0.69;0.00;-0.00;-0.00;0.00;-0.01;-0.01;0.01;0.40;-0.72;179.43;0.38;0.50;0.027
1031.645;2625;0.16;-0.63;182.17;0.40;-0.72;179.43;0.38;0.50;949;3;1;3;0.69;0.00;-0.00;-0.00;0.00;-0.01;-0.00;0.01;0.40;-0.72;179.43;0.38;0.50;0.013
1031.745;2635;0.16;-0.63;182.19;0.40;-0.72;179.43;0.38;0.50;949;3;1;3;0.69;0.00;-0.00;-0.00;0.00;-0.01;-0.01;0.01;0.40;-0.72;179.43;0.38;0.50;0.012
1031.845;2645;0.16;-0.63;182.22;0.40;-0.72;179.43;0.38;0.50;949;3;1;3;0.69;0.00;-0.00;-0.00;0.00;-0.00;-0.02;0.00;0.40;-0.72;179.43;0.38;0.50;0.018
1031.945;2653;0.16;-0.63;182.23;0.40;-0.72;179.43;0.38;0.50;949;3;1;3;0.68;0.00;-0.00;-0.00;0.00;-0.01;-0.01;0.01;0.40;-0.72;179.43;0.38;0.50;0.017
1032.045;2664;0.16;-0.63;182.25;0.40;-0.72;179.43;0.38;0.50;949;3;1;3;0.68;0.00;0.00;0.00;-0.00;0.01;0.02;-0.01;0.40;-0.72;179.43;0.38;0.50;0.011
1032.135;2672;0.16;-0.63;182.27;0.40;-0.72;179.43;0.38;0.50;949;3;1;3;0.68;0.00;0.01;0.00;-0.03;-0.02;0.22;0.01;0.40;-0.72;179.43;0.38;0.50;0.008
1032.265;2687;0.16;-0.63;182.29;0.40;-0.72;179.43;0.38;0.50;949;3;1;3;0.68;0.00;0.00;0.00;0.00;-0.00;-0.01;-0.00;0.40;-0.72;179.43;0.38;0.50;0.037
1032.375;2695;0.16;-0.63;182.29;0.40;-0.72;179.43;0.38;0.50;949;3;1;3;0.68;-0.00;0.01;-0.01;-0.03;0.01;0.22;0.00;0.40;-0.72;179.43;0.38;0.50;0.037
1032.455;2706;0.16;-0.63;182.30;0.40;-0.72;179.43;0.38;0.50;949;3;1;3;0.68;-0.00;0.01;-0.01;-0.03;0.01;0.23;0.00;0.40;-0.72;179.43;0.38;0.50;0.013
1032.555;2715;0.16;-0.63;182.31;0.40;-0.72;179.43;0.38;0.50;949;3;1;3;0.68;-0.00;-0.00;0.00;0.00;0.00;-0.04;0.01;0.40;-0.72;179.43;0.38;0.50;0.020
1032.655;2725;0.16;-0.63;182.32;0.40;-0.72;179.43;0.38;0.50;949;3;1;3;0.68;-0.00;-0.01;-0.00;0.01;0.00;-0.03;0.01;0.40;-0.72;179.43;0.38;0.50;0.018
1032.745;2736;0.16;-0.63;182.34;0.40;-0.72;179.43;0.38;0.50;949;3;1;3;0.68;-0.00;0.00;0.00;-0.00;-0.04;-0.05;-0.00;0.40;-0.72;179.43;0.38;0.50;0.012
1032.845;2745;0.16;-0.63;182.34;0.40;-0.72;179.43;0.38;0.50;949;3;1;3;0.68;-0.00;0.00;-0.01;-0.00;-0.03;-0.05;0.00;0.40;-0.72;179.43;0.38;0.50;0.015
1032.965;2755;0.15;-0.63;182.38;0.40;-0.72;179.43;0.38;0.50;949;3;1;3;0.68;-0.00;0.01;-0.03;-0.06;0.27;0.11;0.00;0.40;-0.72;179.43;0.38;0.50;0.022
1033.045;2764;0.15;-0.63;182.42;0.40;-0.72;179.43;0.38;0.50;949;3;1;3;0.68;-0.00;0.01;-0.03;-0.06;0.27;0.12;0.00;0.40;-0.72;179.43;0.38;0.50;0.011
1033.155;2774;0.15;-0.63;182.47;0.40;-0.72;179.43;0.38;0.50;949;3;1;3;0.68;-0.00;-0.00;-0.00;-0.00;-0.01;0.02;0.01;0.40;-0.72;179.43;0.38;0.50;0.018
1033.245;2784;0.15;-0.63;182.52;0.40;-0.72;179.43;0.38;0.50;949;3;1;3;0.68;-0.00;-0.00;0.00;0.00;-0.00;-0.02;0.00;0.40;-0.72;179.43;0.38;0.50;0.011
1033.345;2794;0.15;-0.63;182.54;0.40;-0.72;179.43;0.38;0.50;949;3;1;3;0.68;-0.00;-0.00;-0.00;0.00;-0.01;0.00;0.01;0.40;-0.72;179.43;0.38;0.50;0.010
1033.445;2802;0.15;-0.63;182.55;0.40;-0.72;179.43;0.38;0.50;949;3;1;3;0.68;-0.00;-0.00;-0.00;0.00;-0.00;-0.02;-0.00;0.40;-0.72;179.43;0.38;0.50;0.011
1033.545;2812;0.16;-0.63;182.56;0.40;-0.72;179.43;0.38;0.50;949;3;1;3;0.68;-0.00;-0.00;0.00;0.00;-0.01;-0.01;0.01;0.40;-0.72;179.43;0.38;0.50;0.013
1033.665;2827;0.16;-0.63;182.56;0.40;-0.72;179.43;0.38;0.50;949;3;1;3;0.68;-0.00;-0.00;0.00;-0.00;0.01;0.02;-0.01;0.40;-0.72;179.43;0.38;0.50;0.022
1033.745;2835;0.16;-0.63;182.57;0.40;-0.72;179.43;0.38;0.50;949;3;1;3;0.68;-0.00;-0.00;0.00;-0.00;0.01;0.02;-0.01;0.40;-0.72;179.43;0.38;0.50;0.016
1033.865;2846;0.16;-0.63;182.59;0.40;-0.72;179.43;0.38;0.50;949;3;1;3;0.68;-0.00;-0.00;-0.00;-0.00;-0.01;0.00;0.01;0.40;-0.72;179.43;0.38;0.50;0.026
1033.945;2854;0.16;-0.63;182.60;0.40;-0.72;179.43;0.38;0.50;949;3;1;3;0.68;-0.00;-0.00;-0.00;0.00;-0.00;-0.02;-0.00;0.40;-0.72;179.43;0.38;0.50;0.012
1034.045;2863;0.16;-0.63;182.59;0.40;-0.72;179.43;0.38;0.50;949;3;1;3;0.68;-0.00;-0.00;0.00;-0.00;0.01;0.02;-0.01;0.40;-0.72;179.43;0.38;0.50;0.010
1034.155;2873;0.16;-0.63;182.61;0.40;-0.72;179.43;0.38;0.50;949;3;1;3;0.67;-0.00;-0.00;-0.00;-0.00;0.01;0.00;0.00;0.40;-0.72;179.43;0.38;0.50;0.021
1034.265;2888;0.16;-0.63;182.62;0.40;-0.72;179.43;0.38;0.50;949;3;1;3;0.67;-0.00;-0.00;0.00;0.00;-0.01;-0.01;0.01;0.40;-0.72;179.43;0.38;0.50;0.030
1034.355;2893;0.16;-0.63;182.62;0.40;-0.72;179.43;0.38;0.50;949;3;1;3;0.67;-0.00;-0.00;0.00;-0.00;0.01;0.02;-0.01;0.40;-0.72;179.43;0.38;0.50;0.018
1034.465;2908;0.16;-0.63;182.65;0.40;-0.72;179.43;0.38;0.50;949;3;1;3;0.67;-0.00;-0.00;-0.00;0.00;-0.00;-0.02;-0.00;0.40;-0.72;179.43;0.38;0.50;0.026
1034.555;2916;0.16;-0.63;182.66;0.40;-0.72;179.43;0.38;0.50;949;3;1;3;0.67;-0.00;-0.00;-0.00;0.00;-0.00;-0.02;-0.00;0.40;-0.72;179.43;0.38;0.50;0.016
1034.645;2925;0.16;-0.63;182.67;0.40;-0.72;179.43;0.38;0.50;949;3;1;3;0.67;-0.00;-0.00;0.00;-0.00;0.01;0.02;-0.01;0.40;-0.72;179.43;0.38;0.50;0.017
1034.745;2936;0.16;-0.63;182.68;0.40;-0.72;179.43;0.38;0.50;949;3;1;3;0.67;-0.00;-0.00;0.00;0.00;-0.01;-0.01;0.01;0.40;-0.72;179.43;0.38;0.50;0.012
1034.855;2945;0.16;-0.63;182.70;0.40;-0.72;179.43;0.38;0.50;949;3;1;3;0.67;-0.00;-0.00;-0.00;-0.00;0.01;0.01;0.01;0.40;-0.72;179.43;0.38;0.50;0.020
1034.945;2955;0.16;-0.63;182.70;0.40;-0.72;179.43;0.38;0.50;949;3;1;3;0.67;-0.00;0.00;0.00;-0.00;0.01;0.02;-0.01;0.40;-0.72;179.43;0.38;0.50;0.013
1035.045;2966;0.16;-0.63;182.72;0.40;-0.72;179.43;0.38;0.50;949;3;1;3;0.67;0.00;-0.00;-0.00;0.00;-0.00;-0.02;0.00;0.40;-0.72;179.43;0.38;0.50;0.014
1035.145;2974;0.16;-0.63;182.73;0.40;-0.72;179.43;0.38;0.50;949;3;1;3;0.67;0.00;-0.00;-0.00;0.00;-0.00;-0.02;0.00;0.40;-0.72;179.43;0.38;0.50;0.010
1035.255;2984;0.16;-0.63;182.75;0.40;-0.72;179.43;0.38;0.50;949;3;1;3;0.67;0.00;-0.00;-0.00;0.00;-0.01;-0.01;0.01;0.40;-0.72;179.43;0.38;0.50;0.027
1035.335;2994;0.16;-0.63;182.77;0.40;-0.72;179.43;0.38;0.50;949;3;1;3;0.67;0.00;-0.00;-0.00;0.00;-0.01;-0.01;0.01;0.40;-0.72;179.43;0.38;0.50;0.008
1035.445;3003;0.16;-0.63;182.79;0.40;-0.72;179.43;0.38;0.50;949;3;1;3;0.67;0.00;-0.00;-0.00;-0.00;0.01;0.00;0.01;0.40;-0.72;179.43;0.38;0.50;0.017
1035.545;3013;0.16;-0.63;182.80;0.40;-0.72;179.43;0.38;0.50;949;3;1;3;0.66;0.00;-0.00;0.00;-0.00;0.01;0.01;-0.00;0.40;-0.72;179.43;0.38;0.50;0.010
1035.645;3026;0.16;-0.63;182.84;0.40;-0.72;179.43;0.38;0.50;949;3;1;3;0.66;0.00;-0.00;-0.00;0.00;-0.01;-0.00;0.01;0.40;-0.72;179.43;0.38;0.50;0.013
1035.745;3034;0.16;-0.63;182.86;0.40;-0.72;179.43;0.38;0.50;949;3;1;3;0.66;0.00;-0.00;-0.00;-0.00;0.01;0.00;0.01;0.40;-0.72;179.43;0.38;0.50;0.013
1035.845;3045;0.16;-0.63;182.89;0.40;-0.72;179.43;0.38;0.50;949;3;1;3;0.66;0.00;-0.00;-0.00;-0.00;0.01;0.00;0.01;0.40;-0.72;179.43;0.38;0.50;0.007
1035.945;3055;0.16;-0.63;182.91;0.40;-0.72;179.43;0.38;0.50;949;3;1;3;0.66;0.00;-0.00;0.00;-0.00;0.01;0.01;-0.00;0.40;-0.72;179.43;0.38;0.50;0.009
1036.045;3064;0.16;-0.63;182.94;0.40;-0.72;179.43;0.38;0.50;949;3;1;3;0.66;0.00;0.00;-0.00;0.00;-0.00;-0.02;0.00;0.40;-0.72;179.43;0.38;0.50;0.010
1036.145;3074;0.16;-0.63;182.97;0.40;-0.72;179.43;0.38;0.50;949;3;1;3;0.66;0.00;-0.00;-0.00;0.00;-0.01;-0.00;0.01;0.40;-0.72;179.43;0.38;0.50;0.008
1036.245;3082;0.16;-0.63;182.99;0.40;-0.72;179.43;0.38;0.50;949;3;1;3;0.66;0.00;0.00;-0.00;0.00;-0.00;-0.02;0.00;0.40;-0.72;179.43;0.38;0.50;0.008
1036.335;3093;0.16;-0.63;183.03;0.40;-0.72;179.43;0.38;0.50;949;3;1;3;0.66;0.00;-0.00;-0.00;-0.00;0.01;0.00;0.01;0.40;-0.72;179.43;0.38;0.50;0.007
1036.445;3106;0.16;-0.63;183.06;0.40;-0.72;179.43;0.38;0.50;949;3;1;3;0.65;0.00;0.00;-0.00;0.00;-0.00;-0.02;0.00;0.40;-0.72;179.43;0.38;0.50;0.009
1036.555;3116;0.16;-0.63;183.09;0.40;-0.72;179.43;0.38;0.50;949;3;1;3;0.65;0.00;-0.00;-0.00;0.00;-0.01;-0.00;0.01;0.40;-0.72;179.43;0.38;0.50;0.018
1036.665;3125;0.16;-0.63;183.10;0.40;-0.72;179.43;0.38;0.50;949;3;1;3;0.65;0.00;0.00;0.00;-0.00;0.01;0.02;-0.01;0.40;-0.72;179.43;0.38;0.50;0.026
1036.755;3135;0.16;-0.63;183.14;0.40;-0.72;179.43;0.38;0.50;949;3;1;3;0.65;0.00;-0.00;-0.00;-0.00;0.01;0.00;0.01;0.40;-0.72;179.43;0.38;0.50;0.022
1036.845;3143;0.16;-0.63;183.15;0.40;-0.72;179.43;0.38;0.50;949;3;1;3;0.65;0.00;0.00;0.00;-0.00;0.01;0.02;-0.01;0.40;-0.72;179.43;0.38;0.50;0.013
1036.955;3154;0.16;-0.63;183.18;0.40;-0.72;179.43;0.38;0.50;949;3;1;3;0.65;0.00;-0.01;-0.00;0.01;0.00;-0.04;0.01;0.40;-0.72;179.43;0.38;0.50;0.021
1037.045;3162;0.16;-0.63;183.18;0.40;-0.72;179.43;0.38;0.50;949;3;1;3;0.65;0.00;-0.01;-0.00;0.01;0.00;-0.04;0.01;0.40;-0.72;179.43;0.38;0.50;0.017
1037.165;3178;0.16;-0.63;183.18;0.40;-0.72;179.43;0.38;0.50;949;3;1;3;0.65;0.00;-0.01;-0.00;0.01;0.00;-0.04;0.01;0.40;-0.72;179.43;0.38;0.50;0.030
1037.245;3182;0.16;-0.63;183.18;0.40;-0.72;179.43;0.38;0.50;949;3;1;3;0.65;0.00;-0.01;-0.00;0.01;0.00;-0.04;0.01;0.40;-0.72;179.43;0.38;0.50;0.009
1037.345;3193;0.16;-0.63;183.16;0.40;-0.72;179.43;0.38;0.50;949;3;1;3;0.65;-0.00;0.01;0.00;-0.03;-0.01;0.24;-0.00;0.40;-0.72;179.43;0.38;0.50;0.019
1037.455;3206;0.16;-0.63;183.16;0.40;-0.72;179.43;0.38;0.50;949;3;1;3;0.65;-0.00;-0.01;-0.00;0.01;0.00;-0.04;0.00;0.40;-0.72;179.43;0.38;0.50;0.022
1037.545;3216;0.16;-0.63;183.14;0.40;-0.72;179.43;0.38;0.50;949;3;1;3;0.65;-0.00;0.00;0.00;0.00;0.00;-0.01;-0.01;0.40;-0.72;179.43;0.38;0.50;0.016
1037.645;3225;0.16;-0.63;183.13;0.40;-0.72;179.43;0.38;0.50;949;3;1;3;0.65;-0.00;0.01;0.00;-0.03;-0.01;0.24;-0.01;0.40;-0.72;179.43;0.38;0.50;0.011
1037.735;3235;0.16;-0.63;183.12;0.40;-0.72;179.43;0.38;0.50;949;3;1;3;0.65;-0.00;-0.00;0.00;0.00;0.00;-0.00;-0.00;0.40;-0.72;179.43;0.38;0.50;0.008
1037.855;3244;0.16;-0.63;183.11;0.40;-0.72;179.43;0.38;0.50;949;3;1;3;0.65;-0.00;0.00;0.01;0.00;-0.03;0.04;0.00;0.40;-0.72;179.43;0.38;0.50;0.017
1037.965;3254;0.16;-0.63;183.11;0.40;-0.72;179.43;0.38;0.50;949;3;1;3;0.65;-0.00;-0.01;-0.00;0.00;0.02;-0.04;0.01;0.40;-0.72;179.43;0.38;0.50;0.019
1038.055;3263;0.16;-0.63;183.14;0.40;-0.72;179.43;0.38;0.50;949;3;1;3;0.65;-0.00;-0.01;-0.00;0.00;0.02;-0.07;0.01;0.40;-0.72;179.43;0.38;0.50;0.017
1038.145;3273;0.16;-0.63;183.12;0.40;-0.72;179.43;0.38;0.50;949;3;1;3;0.65;-0.00;-0.01;0.00;-0.00;0.05;-0.06;-0.00;0.40;-0.72;179.43;0.38;0.50;0.013
1038.255;3287;0.16;-0.63;183.11;0.40;-0.72;179.43;0.38;0.50;949;3;1;3;0.65;-0.00;-0.01;-0.00;0.01;0.00;-0.04;0.00;0.40;-0.72;179.43;0.38;0.50;0.023
1038.365;3296;0.16;-0.63;183.10;0.40;-0.72;179.43;0.38;0.50;949;3;1;3;0.65;-0.00;-0.01;-0.00;0.01;0.00;-0.04;0.00;0.40;-0.72;179.43;0.38;0.50;0.031
1038.455;3305;0.16;-0.63;183.09;0.40;-0.72;179.43;0.38;0.50;949;3;1;3;0.65;-0.00;-0.01;-0.00;0.01;0.00;-0.04;0.00;0.40;-0.72;179.43;0.38;0.50;0.021
1038.555;3315;0.16;-0.63;183.08;0.40;-0.72;179.43;0.38;0.50;949;3;1;3;0.65;-0.00;-0.00;0.00;0.00;0.00;-0.01;-0.01;0.40;-0.72;179.43;0.38;0.50;0.021
1038.645;3325;0.16;-0.63;183.07;0.40;-0.72;179.43;0.38;0.50;949;3;1;3;0.65;-0.00;0.01;0.00;-0.03;-0.01;0.24;-0.00;0.40;-0.72;179.43;0.38;0.50;0.009
1038.765;3335;0.16;-0.63;183.06;0.40;-0.72;179.43;0.38;0.50;949;3;1;3;0.65;-0.00;-0.01;-0.00;0.01;0.00;-0.04;0.00;0.40;-0.72;179.43;0.38;0.50;0.035
1038.855;3343;0.16;-0.63;183.04;0.40;-0.72;179.43;0.38;0.50;949;3;1;3;0.65;-0.00;0.01;0.00;-0.03;-0.01;0.24;-0.00;0.40;-0.72;179.43;0.38;0.50;0.012
1038.955;3357;0.16;-0.63;183.03;0.40;-0.72;179.43;0.38;0.50;949;3;1;3;0.65;-0.00;-0.00;0.00;0.00;0.00;-0.01;-0.01;0.40;-0.72;179.43;0.38;0.50;0.030
1039.055;3363;0.16;-0.63;183.02;0.40;-0.72;179.43;0.38;0.50;949;3;1;3;0.65;-0.00;-0.00;0.00;0.00;0.00;-0.01;-0.01;0.40;-0.72;179.43;0.38;0.50;0.021
1039.165;3377;0.16;-0.63;183.01;0.40;-0.72;179.43;0.38;0.50;949;3;1;3;0.66;-0.00;-0.01;-0.00;0.01;0.00;-0.04;0.00;0.40;-0.72;179.43;0.38;0.50;0.025
1039.245;3383;0.16;-0.63;183.01;0.40;-0.72;179.43;0.38;0.50;949;3;1;3;0.66;-0.00;-0.01;-0.00;0.01;0.00;-0.04;0.00;0.40;-0.72;179.43;0.38;0.50;0.013
1039.345;3391;0.16;-0.63;183.00;0.40;-0.72;179.43;0.38;0.50;949;3;1;3;0.66;-0.00;0.01;0.00;-0.03;-0.01;0.24;-0.00;0.40;-0.72;179.43;0.38;0.50;0.011
1039.455;3406;0.16;-0.63;182.98;0.40;-0.72;179.43;0.38;0.50;949;3;1;3;0.66;-0.00;0.01;0.00;-0.03;-0.01;0.24;-0.00;0.40;-0.72;179.43;0.38;0.50;0.020
1039.555;3415;0.16;-0.63;182.98;0.40;-0.72;179.43;0.38;0.50;949;3;1;3;0.66;-0.00;0.01;0.00;-0.03;-0.01;0.24;-0.00;0.40;-0.72;179.43;0.38;0.50;0.025
1039.655;3424;0.16;-0.63;182.97;0.40;-0.72;179.43;0.38;0.50;949;3;1;3;0.66;-0.00;0.00;0.00;-0.00;0.01;0.02;-0.01;0.40;-0.72;179.43;0.38;0.50;0.020
1039.755;3435;0.16;-0.63;182.97;0.40;-0.72;179.43;0.38;0.50;949;3;1;3;0.66;-0.00;-0.01;-0.00;0.01;0.00;-0.03;0.01;0.40;-0.72;179.43;0.38;0.50;0.023
1039.855;3443;0.16;-0.63;182.97;0.40;-0.72;179.43;0.38;0.50;949;3;1;3;0.66;-0.00;0.01;-0.02;-0.06;0.26;0.14;-0.02;0.40;-0.72;179.43;0.38;0.50;0.017
1039.945;3454;0.16;-0.63;183.00;0.40;-0.72;179.43;0.38;0.50;949;3;1;3;0.66;-0.00;0.00;-0.01;-0.00;-0.03;-0.05;0.00;0.40;-0.72;179.43;0.38;0.50;0.014
1040.055;3467;0.16;-0.63;183.05;0.40;-0.72;179.43;0.38;0.50;949;3;1;3;0.66;-0.00;0.01;-0.03;-0.06;0.26;0.12;0.00;0.40;-0.72;179.43;0.38;0.50;0.020
1040.155;3476;0.16;-0.63;183.09;0.40;-0.72;179.43;0.38;0.50;949;3;1;3;0.66;-0.00;0.00;-0.01;0.00;-0.00;0.00;0.01;0.40;-0.72;179.43;0.38;0.50;0.016
1040.245;3486;0.16;-0.63;183.13;0.40;-0.72;179.43;0.38;0.50;949;3;1;3;0.66;-0.00;-0.00;-0.00;-0.00;0.01;0.00;0.01;0.40;-0.72;179.43;0.38;0.50;0.018
1040.345;3496;0.16;-0.63;183.17;0.40;-0.72;179.43;0.38;0.50;949;3;1;3;0.66;-0.00;-0.00;-0.00;-0.00;-0.01;0.00;0.01;0.40;-0.72;179.43;0.38;0.50;0.015
1040.455;3506;0.16;-0.63;183.19;0.40;-0.72;179.43;0.38;0.50;949;3;1;3;0.66;-0.00;-0.00;0.00;0.00;-0.01;-0.01;0.01;0.40;-0.72;179.43;0.38;0.50;0.020
1040.545;3515;0.16;-0.63;183.20;0.40;-0.72;179.43;0.38;0.50;949;3;1;3;0.65;-0.00;-0.00;0.00;-0.00;0.01;0.01;-0.01;0.40;-0.72;179.43;0.38;0.50;0.019
1040.645;3525;0.16;-0.63;183.22;0.40;-0.72;179.43;0.38;0.50;949;3;1;3;0.65;-0.00;-0.00;-0.00;-0.00;0.01;0.01;0.01;0.40;-0.72;179.43;0.38;0.50;0.013
1040.745;3534;0.16;-0.63;183.23;0.40;-0.72;179.43;0.38;0.50;949;3;1;3;0.65;-0.00;-0.00;0.00;0.00;-0.00;-0.02;0.00;0.40;-0.72;179.43;0.38;0.50;0.012
1040.835;3544;0.16;-0.63;183.24;0.40;-0.72;179.43;0.38;0.50;949;3;1;3;0.65;-0.00;-0.00;0.00;0.00;-0.01;-0.01;0.01;0.40;-0.72;179.43;0.38;0.50;0.012
1040.935;3555;0.16;-0.63;183.24;0.40;-0.72;179.43;0.38;0.50;949;3;1;3;0.65;-0.00;-0.00;0.00;-0.00;0.01;0.02;-0.01;0.40;-0.72;179.43;0.38;0.50;0.011
1041.045;3563;0.16;-0.63;183.25;0.40;-0.72;179.43;0.38;0.50;949;3;1;3;0.65;-0.00;-0.00;0.00;-0.00;0.01;0.02;-0.01;0.40;-0.72;179.43;0.38;0.50;0.007
1041.135;3574;0.16;-0.63;183.27;0.40;-0.72;179.43;0.38;0.50;949;3;1;3;0.65;-0.00;-0.00;-0.00;0.00;-0.00;-0.02;0.00;0.40;-0.72;179.43;0.38;0.50;0.007
1041.245;3583;0.16;-0.63;183.27;0.40;-0.72;179.43;0.38;0.50;949;3;1;3;0.65;-0.00;-0.00;0.00;-0.00;0.01;0.02;-0.01;0.40;-0.72;179.43;0.38;0.50;0.011
1041.345;3593;0.16;-0.63;183.28;0.40;-0.72;179.43;0.38;0.50;949;3;1;3;0.65;-0.00;-0.00;-0.00;-0.00;0.01;0.01;0.01;0.40;-0.72;179.43;0.38;0.50;0.011
1041.445;3602;0.16;-0.63;183.29;0.40;-0.72;179.43;0.38;0.50;949;3;1;3;0.65;-0.00;-0.00;-0.00;0.00;-0.00;-0.02;0.00;0.40;-0.72;179.43;0.38;0.50;0.010
1041.545;3612;0.16;-0.63;183.30;0.40;-0.72;179.43;0.38;0.50;949;3;1;3;0.65;-0.00;-0.00;0.00;0.00;-0.01;-0.01;0.01;0.40;-0.72;179.43;0.38;0.50;0.014
1041.645;3623;0.16;-0.63;183.31;0.40;-0.72;179.43;0.38;0.50;949;3;1;3;0.65;-0.00;0.00;0.00;-0.00;0.01;0.02;-0.01;0.40;-0.72;179.43;0.38;0.50;0.013
1041.745;3636;0.16;-0.63;183.33;0.40;-0.72;179.43;0.38;0.50;949;3;1;3;0.65;0.00;-0.00;-0.00;0.00;-0.01;-0.01;0.01;0.40;-0.72;179.43;0.38;0.50;0.008
1041.845;3642;0.16;-0.63;183.34;0.40;-0.72;179.43;0.38;0.50;949;3;1;3;0.65;0.00;-0.00;-0.00;0.00;-0.00;-0.02;0.00;0.40;-0.72;179.43;0.38;0.50;0.008
1041.945;3655;0.16;-0.63;183.36;0.40;-0.72;179.43;0.38;0.50;949;3;1;3;0.65;0.00;-0.00;0.00;-0.00;0.01;0.01;-0.00;0.40;-0.72;179.43;0.38;0.50;0.008
1042.035;3665;0.16;-0.63;183.37;0.40;-0.72;179.43;0.38;0.50;949;3;1;3;0.65;0.00;-0.00;0.00;-0.00;0.01;0.01;-0.00;0.40;-0.72;179.43;0.38;0.50;0.007
1042.145;3674;0.16;-0.63;183.40;0.40;-0.72;179.43;0.38;0.50;949;3;1;3;0.64;0.00;-0.00;-0.00;0.00;-0.00;-0.02;0.00;0.40;-0.72;179.43;0.38;0.50;0.010
1042.235;3685;0.16;-0.63;183.42;0.40;-0.72;179.43;0.38;0.50;949;3;1;3;0.64;0.00;-0.00;-0.00;-0.00;0.01;0.00;0.01;0.40;-0.72;179.43;0.38;0.50;0.009
1042.335;3693;0.16;-0.63;183.43;0.40;-0.72;179.43;0.38;0.50;949;3;1;3;0.64;0.00;0.00;0.00;-0.00;0.01;0.02;-0.01;0.40;-0.72;179.43;0.38;0.50;0.009
1042.465;3708;0.16;-0.63;183.46;0.40;-0.72;179.43;0.38;0.50;949;3;1;3;0.64;0.00;-0.00;-0.00;0.00;-0.01;-0.00;0.01;0.40;-0.72;179.43;0.38;0.50;0.013
1042.545;3713;0.16;-0.63;183.47;0.40;-0.72;179.43;0.38;0.50;949;3;1;3;0.64;0.00;-0.00;0.00;-0.00;0.01;0.01;-0.00;0.40;-0.72;179.43;0.38;0.50;0.012
1042.645;3721;0.16;-0.63;183.50;0.40;-0.72;179.43;0.38;0.50;949;3;1;3;0.64;0.00;-0.00;-0.00;-0.00;0.01;0.00;0.01;0.40;-0.72;179.43;0.38;0.50;0.010
1042.745;3736;0.16;-0.63;183.53;0.40;-0.72;179.43;0.38;0.50;949;3;1;3;0.64;0.00;-0.00;-0.00;0.00;-0.01;-0.01;0.01;0.40;-0.72;179.43;0.38;0.50;0.009
1042.855;3745;0.16;-0.63;183.55;0.40;-0.72;179.43;0.38;0.50;949;3;1;3;0.64;0.00;-0.00;-0.00;-0.00;0.01;0.00;0.01;0.40;-0.72;179.43;0.38;0.50;0.021
1042.955;3756;0.16;-0.63;183.57;0.40;-0.72;179.43;0.38;0.50;949;3;1;3;0.64;0.00;-0.00;-0.00;0.00;-0.01;-0.00;0.01;0.40;-0.72;179.43;0.38;0.50;0.016
1043.045;3764;0.16;-0.63;183.59;0.40;-0.72;179.43;0.38;0.50;949;3;1;3;0.64;0.00;-0.00;-0.00;0.00;-0.00;-0.02;0.00;0.40;-0.72;179.43;0.38;0.50;0.010
1043.145;3775;0.16;-0.63;183.62;0.40;-0.72;179.43;0.38;0.50;949;3;1;3;0.64;0.00;-0.00;-0.00;-0.00;0.01;0.00;0.01;0.40;-0.72;179.43;0.38;0.50;0.007
1043.255;3783;0.16;-0.63;183.63;0.40;-0.72;179.43;0.38;0.50;949;3;1;3;0.64;0.00;0.00;0.00;-0.00;0.01;0.02;-0.01;0.40;-0.72;179.43;0.38;0.50;0.021
1043.365;3797;0.16;-0.63;183.66;0.40;-0.72;179.43;0.38;0.50;949;3;1;3;0.63;0.00;-0.00;0.00;-0.00;0.01;0.01;-0.00;0.40;-0.72;179.43;0.38;0.50;0.020
1043.455;3806;0.16;-0.63;183.68;0.40;-0.72;179.43;0.38;0.50;949;3;1;3;0.63;0.00;-0.00;-0.00;0.00;-0.00;-0.02;0.00;0.40;-0.72;179.43;0.38;0.50;0.022
1043.565;3816;0.16;-0.63;183.70;0.40;-0.72;179.43;0.38;0.50;949;3;1;3;0.63;0.00;-0.00;-0.00;0.00;-0.01;-0.00;0.01;0.40;-0.72;179.43;0.38;0.50;0.034
1043.665;3824;0.16;-0.63;183.72;0.40;-0.72;179.43;0.38;0.50;949;3;1;3;0.63;0.00;-0.00;-0.00;0.00;-0.00;-0.02;0.00;0.40;-0.72;179.43;0.38;0.50;0.029
1043.745;3835;0.16;-0.63;183.75;0.40;-0.72;179.43;0.38;0.50;949;3;1;3;0.63;0.00;0.00;0.00;0.00;-0.00;-0.01;0.00;0.40;-0.72;179.43;0.38;0.50;0.013
1043.845;3844;0.16;-0.63;183.77;0.40;-0.72;179.43;0.38;0.50;949;3;1;3;0.63;0.00;-0.01;-0.01;0.00;0.02;-0.07;0.02;0.40;-0.72;179.43;0.38;0.50;0.013
1043.945;3854;0.16;-0.63;183.77;0.40;-0.72;179.43;0.38;0.50;949;3;1;3;0.63;0.00;0.01;-0.01;-0.03;0.00;0.22;-0.00;0.40;-0.72;179.43;0.38;0.50;0.017
1044.045;3863;0.16;-0.63;183.79;0.40;-0.72;179.43;0.38;0.50;949;3;1;3;0.63;0.00;0.01;0.00;-0.03;-0.02;0.24;-0.00;0.40;-0.72;179.43;0.38;0.50;0.011
1044.135;3873;0.16;-0.63;183.79;0.40;-0.72;179.43;0.38;0.50;949;3;1;3;0.63;0.00;0.00;0.00;0.00;0.00;-0.00;-0.00;0.40;-0.72;179.43;0.38;0.50;0.007
1044.255;3887;0.16;-0.63;183.77;0.40;-0.72;179.43;0.38;0.50;949;3;1;3;0.63;-0.00;0.01;0.00;-0.03;-0.02;0.24;-0.00;0.40;-0.72;179.43;0.38;0.50;0.021
1044.355;3896;0.16;-0.63;183.77;0.40;-0.72;179.43;0.38;0.50;949;3;1;3;0.63;-0.00;-0.01;-0.00;0.01;0.00;-0.04;0.00;0.40;-0.72;179.43;0.38;0.50;0.023
1044.455;3905;0.16;-0.63;183.76;0.40;-0.72;179.43;0.38;0.50;949;3;1;3;0.63;-0.00;-0.00;0.00;0.00;0.00;-0.00;-0.00;0.40;-0.72;179.43;0.38;0.50;0.023
1044.555;3916;0.16;-0.63;183.74;0.40;-0.72;179.43;0.38;0.50;949;3;1;3;0.63;-0.00;-0.01;-0.00;0.01;0.00;-0.04;0.00;0.40;-0.72;179.43;0.38;0.50;0.019
1044.655;3924;0.16;-0.63;183.73;0.40;-0.72;179.43;0.38;0.50;949;3;1;3;0.63;-0.00;-0.01;-0.00;0.01;0.00;-0.04;0.00;0.40;-0.72;179.43;0.38;0.50;0.020
1044.745;3933;0.16;-0.63;183.72;0.40;-0.72;179.43;0.38;0.50;949;3;1;3;0.63;-0.00;-0.00;0.00;0.00;0.00;-0.00;-0.00;0.40;-0.72;179.43;0.38;0.50;0.013
1044.845;3943;0.16;-0.63;183.71;0.40;-0.72;179.43;0.38;0.50;949;3;1;3;0.63;-0.00;-0.00;0.00;-0.00;-0.02;-0.04;0.00;0.40;-0.72;179.43;0.38;0.50;0.017
1044.945;3953;0.16;-0.63;183.72;0.40;-0.72;179.43;0.38;0.50;949;3;1;3;0.63;-0.00;-0.00;0.00;-0.00;-0.03;0.03;0.00;0.40;-0.72;179.43;0.38;0.50;0.017
1045.065;3966;0.16;-0.63;183.73;0.40;-0.72;179.43;0.38;0.50;949;3;1;3;0.63;-0.00;-0.01;-0.00;0.01;0.00;-0.04;0.01;0.40;-0.72;179.43;0.38;0.50;0.032
1045.185;3976;0.16;-0.63;183.71;0.40;-0.72;179.43;0.38;0.50;949;3;1;3;0.63;-0.00;-0.00;0.00;0.00;0.01;-0.04;0.00;0.40;-0.72;179.43;0.38;0.50;0.042
1045.265;3985;0.16;-0.63;183.71;0.40;-0.72;179.43;0.38;0.50;949;3;1;3;0.63;-0.00;0.01;-0.00;-0.03;0.00;0.24;0.00;0.40;-0.72;179.43;0.38;0.50;0.028
1045.345;3995;0.16;-0.63;183.71;0.40;-0.72;179.43;0.38;0.50;949;3;1;3;0.63;-0.00;-0.00;-0.00;0.00;-0.02;-0.05;0.01;0.40;-0.72;179.43;0.38;0.50;0.011
1045.445;4004;0.16;-0.63;183.72;0.40;-0.72;179.43;0.38;0.50;949;3;1;3;0.63;-0.00;-0.01;-0.00;0.01;0.00;-0.04;0.00;0.40;-0.72;179.43;0.38;0.50;0.017
1045.535;4014;0.16;-0.63;183.70;0.40;-0.72;179.43;0.38;0.50;949;3;1;3;0.63;-0.00;0.00;0.01;0.00;-0.03;0.04;-0.00;0.40;-0.72;179.43;0.38;0.50;0.006
1045.645;4024;0.16;-0.63;183.70;0.40;-0.72;179.43;0.38;0.50;949;3;1;3;0.63;-0.00;-0.01;-0.00;0.00;0.02;-0.04;0.01;0.40;-0.72;179.43;0.38;0.50;0.012
1045.745;4034;0.16;-0.63;183.73;0.40;-0.72;179.43;0.38;0.50;949;3;1;3;0.63;-0.00;-0.00;0.00;0.00;-0.01;0.00;-0.00;0.40;-0.72;179.43;0.38;0.50;0.010
1045.845;4043;0.16;-0.63;183.72;0.40;-0.72;179.43;0.38;0.50;949;3;1;3;0.63;-0.00;-0.01;0.00;-0.00;0.05;-0.06;0.00;0.40;-0.72;179.43;0.38;0.50;0.009
1045.945;4053;0.16;-0.63;183.71;0.40;-0.72;179.43;0.38;0.50;949;3;1;3;0.63;-0.00;0.01;0.00;-0.03;-0.02;0.25;-0.00;0.40;-0.72;179.43;0.38;0.50;0.012
1046.055;4063;0.16;-0.63;183.71;0.40;-0.72;179.43;0.38;0.50;949;3;1;3;0.63;-0.00;-0.01;-0.00;0.01;0.00;-0.04;0.01;0.40;-0.72;179.43;0.38;0.50;0.016
1046.135;4074;0.16;-0.63;183.70;0.40;-0.72;179.43;0.38;0.50;949;3;1;3;0.63;-0.00;0.01;0.00;-0.03;-0.02;0.22;0.00;0.40;-0.72;179.43;0.38;0.50;0.005
1046.245;4082;0.16;-0.63;183.70;0.40;-0.72;179.43;0.38;0.50;949;3;1;3;0.63;-0.00;-0.00;-0.00;0.00;-0.01;-0.06;0.00;0.40;-0.72;179.43;0.38;0.50;0.014
1046.355;4096;0.16;-0.62;183.72;0.40;-0.72;179.43;0.38;0.50;949;3;1;3;0.63;-0.00;0.00;-0.00;0.01;-0.01;-0.01;0.01;0.40;-0.72;179.43;0.38;0.50;0.021
1046.445;4102;0.16;-0.62;183.75;0.40;-0.72;179.43;0.38;0.50;949;3;1;3;0.63;-0.00;0.00;-0.00;0.01;-0.01;-0.00;0.01;0.40;-0.72;179.43;0.38;0.50;0.012
1046.555;4115;0.16;-0.62;183.80;0.40;-0.72;179.43;0.38;0.50;949;3;1;3;0.63;-0.00;-0.00;-0.01;-0.00;-0.03;-0.05;0.00;0.40;-0.72;179.43;0.38;0.50;0.019
1046.645;4125;0.16;-0.62;183.86;0.40;-0.72;179.43;0.38;0.50;949;3;1;3;0.63;-0.00;-0.00;-0.00;-0.00;-0.01;0.01;0.01;0.40;-0.72;179.43;0.38;0.50;0.010
1046.755;4136;0.16;-0.62;183.89;0.40;-0.72;179.43;0.38;0.50;949;3;1;3;0.63;-0.00;-0.00;-0.00;-0.00;0.01;0.01;0.01;0.40;-0.72;179.43;0.38;0.50;0.019
1046.835;4144;0.16;-0.62;183.92;0.40;-0.72;179.43;0.38;0.50;949;3;1;3;0.63;-0.00;-0.00;-0.00;-0.00;0.01;0.00;0.01;0.40;-0.72;179.43;0.38;0.50;0.010
1046.955;4153;0.16;-0.62;183.93;0.40;-0.72;179.43;0.38;0.50;949;3;1;3;0.63;-0.00;-0.00;-0.00;0.00;-0.00;-0.02;0.00;0.40;-0.72;179.43;0.38;0.50;0.017
1047.045;4164;0.16;-0.62;183.94;0.40;-0.72;179.43;0.38;0.50;949;3;1;3;0.63;-0.00;-0.00;0.00;-0.00;0.01;0.01;-0.01;0.40;-0.72;179.43;0.38;0.50;0.017
1047.135;4172;0.16;-0.62;183.96;0.40;-0.72;179.43;0.38;0.50;949;3;1;3;0.63;-0.00;-0.00;-0.00;0.00;0.01;-0.00;0.01;0.40;-0.72;179.43;0.38;0.50;0.006
1047.245;4186;0.16;-0.62;183.97;0.40;-0.72;179.43;0.38;0.50;949;3;1;3;0.63;-0.00;-0.00;-0.00;-0.00;0.01;0.01;0.01;0.40;-0.72;179.43;0.38;0.50;0.012
1047.345;4195;0.16;-0.62;183.98;0.40;-0.72;179.43;0.38;0.50;949;3;1;3;0.63;-0.00;-0.00;-0.00;0.00;-0.00;-0.02;0.00;0.40;-0.72;179.43;0.38;0.50;0.011
1047.435;4205;0.16;-0.62;183.98;0.40;-0.72;179.43;0.38;0.50;949;3;1;3;0.63;-0.00;-0.00;0.00;0.00;-0.01;-0.01;0.01;0.40;-0.72;179.43;0.38;0.50;0.006
1047.545;4214;0.16;-0.62;183.99;0.40;-0.72;179.43;0.38;0.50;949;3;1;3;0.63;-0.00;-0.00;-0.00;-0.00;0.01;0.01;0.01;0.40;-0.72;179.43;0.38;0.50;0.011
1047.635;4224;0.16;-0.62;183.99;0.40;-0.72;179.43;0.38;0.50;949;3;1;3;0.63;-0.00;-0.00;0.00;-0.00;0.01;0.02;-0.01;0.40;-0.72;179.43;0.38;0.50;0.006
1047.745;4234;0.16;-0.62;184.00;0.40;-0.72;179.43;0.38;0.50;949;3;1;3;0.62;-0.00;-0.00;-0.00;-0.00;0.01;0.01;0.01;0.40;-0.72;179.43;0.38;0.50;0.013
1047.845;4242;0.17;-0.62;184.01;0.40;-0.72;179.43;0.38;0.50;949;3;1;3;0.62;-0.00;-0.00;-0.00;-0.00;0.01;0.01;0.01;0.40;-0.72;179.43;0.38;0.50;0.010
1047.945;4252;0.17;-0.62;184.01;0.40;-0.72;179.43;0.38;0.50;949;3;1;3;0.62;-0.00;0.00;0.00;-0.00;0.01;0.02;-0.01;0.40;-0.72;179.43;0.38;0.50;0.007
1048.065;4266;0.17;-0.62;184.04;0.40;-0.72;179.43;0.38;0.50;949;3;1;3;0.62;-0.00;-0.00;-0.00;-0.00;0.01;0.01;0.01;0.40;-0.72;179.43;0.38;0.50;0.031
1048.155;4277;0.17;-0.62;184.05;0.40;-0.72;179.43;0.38;0.50;949;3;1;3;0.62;0.00;-0.00;-0.00;0.00;-0.01;-0.01;0.01;0.40;-0.72;179.43;0.38;0.50;0.021
1048.255;4285;0.17;-0.62;184.06;0.40;-0.72;179.43;0.38;0.50;949;3;1;3;0.62;0.00;-0.00;-0.00;0.00;-0.01;-0.01;0.01;0.40;-0.72;179.43;0.38;0.50;0.021
1048.345;4296;0.17;-0.62;184.07;0.40;-0.72;179.43;0.38;0.50;949;3;1;3;0.62;0.00;0.00;0.00;-0.00;0.01;0.02;-0.01;0.40;-0.72;179.43;0.38;0.50;0.014
1048.445;4304;0.17;-0.62;184.09;0.40;-0.72;179.43;0.38;0.50;949;3;1;3;0.62;0.00;-0.00;-0.00;-0.00;0.01;0.01;0.01;0.40;-0.72;179.43;0.38;0.50;0.012
1048.545;4315;0.17;-0.62;184.11;0.40;-0.72;179.43;0.38;0.50;949;3;1;3;0.62;0.00;-0.00;-0.00;0.00;-0.00;-0.02;0.00;0.40;-0.72;179.43;0.38;0.50;0.007
1048.635;4323;0.17;-0.62;184.12;0.40;-0.72;179.43;0.38;0.50;949;3;1;3;0.62;0.00;-0.00;-0.00;0.00;-0.01;-0.01;0.01;0.40;-0.72;179.43;0.38;0.50;0.009
1048.745;4332;0.17;-0.62;184.14;0.40;-0.72;179.43;0.38;0.50;949;3;1;3;0.62;0.00;-0.00;-0.00;-0.00;0.01;0.00;0.01;0.40;-0.72;179.43;0.38;0.50;0.012
1048.845;4342;0.17;-0.62;184.16;0.40;-0.72;179.43;0.38;0.50;949;3;1;3;0.62;0.00;-0.00;0.00;-0.00;0.01;0.01;-0.00;0.40;-0.72;179.43;0.38;0.50;0.012
1048.955;4357;0.17;-0.62;184.19;0.40;-0.72;179.43;0.38;0.50;949;3;1;3;0.62;0.00;-0.00;-0.00;0.00;-0.00;-0.02;0.00;0.40;-0.72;179.43;0.38;0.50;0.020
1049.045;4365;0.17;-0.62;184.21;0.40;-0.72;179.43;0.38;0.50;949;3;1;3;0.62;0.00;-0.00;-0.00;0.00;-0.01;-0.01;0.01;0.40;-0.72;179.43;0.38;0.50;0.011
1049.165;4374;0.17;-0.62;184.23;0.40;-0.72;179.43;0.38;0.50;949;3;1;3;0.61;0.00;-0.00;-0.00;-0.00;0.01;0.00;0.01;0.40;-0.72;179.43;0.38;0.50;0.020
1049.245;4385;0.17;-0.62;184.25;0.40;-0.72;179.43;0.38;0.50;949;3;1;3;0.61;0.00;-0.00;-0.00;0.00;-0.01;-0.00;0.01;0.40;-0.72;179.43;0.38;0.50;0.015
1049.345;4393;0.17;-0.62;184.28;0.40;-0.72;179.43;0.38;0.50;949;3;1;3;0.61;0.00;-0.00;-0.00;0.00;-0.00;-0.02;0.00;0.40;-0.72;179.43;0.38;0.50;0.007
1049.445;4404;0.17;-0.62;184.30;0.40;-0.72;179.43;0.38;0.50;949;3;1;3;0.61;0.00;-0.00;-0.00;-0.00;0.01;0.00;0.01;0.40;-0.72;179.43;0.38;0.50;0.009
1049.545;4412;0.17;-0.62;184.31;0.40;-0.72;179.43;0.38;0.50;949;3;1;3;0.61;0.00;0.00;0.00;-0.00;0.01;0.02;-0.01;0.40;-0.72;179.43;0.38;0.50;0.010
1049.645;4422;0.17;-0.62;184.34;0.40;-0.72;179.43;0.38;0.50;949;3;1;3;0.61;0.00;-0.00;-0.00;-0.00;0.01;0.00;0.01;0.40;-0.72;179.43;0.38;0.50;0.008
1049.745;4432;0.17;-0.62;184.36;0.40;-0.72;179.43;0.38;0.50;949;3;1;3;0.61;0.00;-0.00;0.00;-0.00;0.01;0.01;-0.00;0.40;-0.72;179.43;0.38;0.50;0.008
1049.845;4441;0.17;-0.62;184.39;0.40;-0.72;179.43;0.38;0.50;949;3;1;3;0.61;0.00;-0.00;-0.00;0.00;-0.00;-0.02;0.00;0.40;-0.72;179.43;0.38;0.50;0.011
1049.935;4452;0.17;-0.62;184.41;0.40;-0.72;179.43;0.38;0.50;949;3;1;3;0.61;0.00;-0.00;-0.00;-0.00;0.01;0.00;0.01;0.40;-0.72;179.43;0.38;0.50;0.006
1050.045;4465;0.17;-0.62;184.44;0.40;-0.72;179.43;0.38;0.50;949;3;1;3;0.61;0.00;-0.00;-0.00;0.00;-0.00;-0.02;0.00;0.40;-0.72;179.43;0.38;0.50;0.006
1050.145;4475;0.17;-0.62;184.46;0.40;-0.72;179.43;0.38;0.50;949;3;1;3;0.60;0.00;-0.00;-0.00;0.01;0.00;-0.04;0.01;0.40;-0.72;179.43;0.38;0.50;0.011
1050.245;4484;0.17;-0.62;184.47;0.40;-0.72;179.43;0.38;0.50;949;3;1;3;0.61;0.00;0.01;-0.01;-0.03;0.00;0.22;-0.00;0.40;-0.72;179.43;0.38;0.50;0.013
1050.345;4494;0.17;-0.62;184.49;0.40;-0.72;179.43;0.38;0.50;949;3;1;3;0.60;0.00;-0.01;-0.00;0.01;0.00;-0.04;0.01;0.40;-0.72;179.43;0.38;0.50;0.007
1050.445;4503;0.17;-0.62;184.49;0.40;-0.72;179.43;0.38;0.50;949;3;1;3;0.60;0.00;0.00;0.00;0.00;0.00;-0.00;-0.00;0.40;-0.72;179.43;0.38;0.50;0.012
1050.545;4513;0.17;-0.62;184.48;0.40;-0.72;179.43;0.38;0.50;949;3;1;3;0.60;0.00;0.01;0.00;-0.03;-0.02;0.24;-0.00;0.40;-0.72;179.43;0.38;0.50;0.012
1050.635;4522;0.17;-0.62;184.48;0.40;-0.72;179.43;0.38;0.50;949;3;1;3;0.60;-0.00;-0.01;-0.00;0.01;0.00;-0.04;0.01;0.40;-0.72;179.43;0.38;0.50;0.145
