t;frame;x;y;z;x_ref;y_ref;z_ref;delta_ref;u_ref;state;ellipse;control;action;delta;u;vx;vy;vz;wx;wy;wz;xr;yr;zr;delr;ur;obs1x;obs1y;obs2x;obs2y
549.595;16;1.10;-0.30;0.01;0.85;-0.35;-0.00;0.00;-0.50;403;1;1;2;-0.12;-0.04;0.00;0.00;-0.00;0.00;0.00;0.00;0.95;-0.35;0.00;0.00;-0.50;0.109;1.29;2.24;-1000.00;-1000.00
549.635;20;1.10;-0.30;0.01;0.85;-0.35;-0.00;0.00;-0.50;403;1;1;2;-0.12;-0.08;-0.02;-0.00;0.00;0.00;0.02;0.01;0.95;-0.35;0.00;0.00;-0.50;0.046;1.29;2.24;-1000.00;-1000.00
549.755;34;1.09;-0.30;0.23;0.85;-0.35;-0.00;0.00;-0.50;403;1;1;2;-0.11;-0.12;-0.08;0.00;-0.00;0.00;-0.00;0.03;0.95;-0.35;0.00;0.00;-0.50;0.068;1.29;2.24;-1000.00;-1000.00
549.835;39;1.09;-0.30;0.27;0.85;-0.35;-0.00;0.00;-0.50;403;1;1;2;-0.11;-0.15;-0.11;0.00;-0.00;-0.01;-0.02;0.00;0.95;-0.35;0.00;0.00;-0.50;0.047;1.30;2.23;-1000.00;-1000.00
549.935;48;1.08;-0.30;0.39;0.85;-0.35;-0.00;0.00;-0.50;403;1;1;2;-0.10;-0.18;-0.15;0.00;0.00;0.01;0.01;0.04;0.95;-0.35;0.00;0.00;-0.50;0.041;1.30;2.23;-1000.00;-1000.00
550.035;58;1.06;-0.30;0.56;0.85;-0.35;-0.00;0.00;-0.50;403;1;1;2;-0.09;-0.21;-0.18;0.00;-0.00;0.02;0.04;0.03;0.95;-0.35;0.00;0.00;-0.50;0.039;1.30;2.23;-1000.00;-1000.00
550.145;69;1.04;-0.30;0.80;0.85;-0.35;-0.00;0.00;-0.50;403;1;1;2;-0.08;-0.23;-0.21;0.00;0.00;0.00;-0.00;0.04;0.95;-0.35;0.00;0.00;-0.50;0.051;1.30;2.23;-1000.00;-1000.00
550.245;80;1.01;-0.30;0.99;0.85;-0.35;-0.00;0.00;-0.50;403;1;1;2;-0.07;-0.25;-0.23;0.00;0.00;0.00;-0.00;0.02;0.95;-0.35;0.00;0.00;-0.50;0.049;1.30;2.23;-1000.00;-1000.00
550.345;89;0.99;-0.30;1.09;0.76;-0.35;-0.00;0.00;-0.50;403;2;1;2;-0.06;-0.27;-0.25;-0.00;0.00;0.00;-0.00;0.02;0.95;-0.35;0.00;0.00;-0.50;0.045;1.30;2.23;-1000.00;-1000.00
550.435;100;0.96;-0.30;1.17;0.76;-0.35;-0.00;0.00;-0.50;403;2;1;2;-0.06;-0.28;-0.27;-0.00;0.00;0.00;-0.00;0.01;0.95;-0.35;0.00;0.00;-0.50;0.041;1.30;2.23;-1000.00;-1000.00
550.505;105;0.95;-0.30;1.20;0.76;-0.35;-0.00;0.00;-0.50;403;2;1;2;-0.06;-0.29;-0.28;0.00;0.00;0.00;0.00;0.01;0.95;-0.35;0.00;0.00;-0.50;0.014;1.29;2.23;-1000.00;-1000.00
550.705;125;0.89;-0.30;1.27;0.65;-0.35;0.00;-0.00;0.37;217;0;1;7;-0.05;-0.30;-0.30;-0.00;-0.00;0.00;0.00;0.00;0.92;-0.35;-0.00;0.00;-0.50;0.076;1.29;2.23;-1000.00;-1000.00
550.785;134;0.86;-0.30;1.29;1.03;-0.30;24.90;0.79;0.50;217;1;1;7;-0.05;-0.30;-0.30;0.00;-0.00;0.00;-0.00;0.00;0.91;-0.34;10.05;0.54;0.46;0.086;1.29;2.23;-1000.00;-1000.00
550.835;139;0.85;-0.30;1.30;1.03;-0.30;24.90;0.79;0.50;217;1;1;7;-0.05;-0.30;-0.30;-0.00;-0.00;0.00;-0.00;0.00;0.87;-0.34;7.48;0.48;0.45;0.044;1.29;2.23;-1000.00;-1000.00
550.935;148;0.84;-0.30;0.90;1.03;-0.30;24.90;0.79;0.50;217;1;1;7;-0.05;-0.30;0.01;-0.00;-0.00;0.00;0.02;-0.04;0.84;-0.35;5.36;0.41;0.44;0.041;1.29;2.23;-1000.00;-1000.00
551.035;159;0.84;-0.30;0.70;1.03;-0.30;24.90;0.79;0.50;217;1;1;7;-0.05;-0.30;0.00;0.00;-0.00;-0.00;-0.00;-0.02;0.84;-0.35;5.36;0.41;0.44;0.045;1.29;2.23;-1000.00;-1000.00
551.135;168;0.84;-0.30;0.61;1.03;-0.30;24.90;0.79;0.50;217;1;1;7;-0.05;-0.30;0.00;0.00;-0.00;-0.00;-0.00;-0.02;0.84;-0.35;5.36;0.41;0.44;0.047;1.29;2.23;-1000.00;-1000.00
551.215;179;0.84;-0.30;0.52;1.03;-0.30;24.90;0.79;0.50;217;1;1;7;-0.05;-0.30;0.00;0.00;-0.00;-0.00;-0.00;-0.01;0.86;-0.34;6.37;0.44;0.44;0.026;1.29;2.23;-1000.00;-1000.00
551.335;188;0.84;-0.30;0.48;1.03;-0.30;24.90;0.79;0.50;217;1;1;7;-0.05;-0.30;0.00;0.00;0.00;-0.00;0.01;-0.01;0.86;-0.34;6.37;0.44;0.44;0.037;1.29;2.23;-1000.00;-1000.00
551.435;198;0.84;-0.30;0.45;1.03;-0.30;24.90;0.79;0.50;217;1;1;7;-0.05;-0.30;0.00;0.00;-0.00;-0.01;-0.02;-0.02;0.86;-0.34;6.37;0.44;0.44;0.043;1.29;2.23;-1000.00;-1000.00
551.535;209;0.84;-0.30;0.45;1.03;-0.30;24.90;0.79;0.50;217;1;1;7;-0.05;-0.30;-0.00;-0.00;0.00;0.01;-0.00;0.01;0.84;-0.35;5.36;0.41;0.44;0.047;1.29;2.23;-1000.00;-1000.00
551.635;221;0.84;-0.30;0.45;1.03;-0.30;24.90;0.79;0.50;217;1;1;7;-0.05;-0.30;-0.00;-0.00;-0.00;-0.01;-0.00;0.01;0.84;-0.35;5.36;0.41;0.44;0.037;1.29;2.23;-1000.00;-1000.00
551.755;232;0.84;-0.30;0.45;1.03;-0.30;24.90;0.79;0.50;217;1;1;7;-0.05;-0.30;-0.00;0.00;0.00;0.01;0.01;0.01;0.84;-0.35;5.36;0.41;0.44;0.064;1.29;2.23;-1000.00;-1000.00
551.825;240;0.84;-0.30;0.46;1.03;-0.30;24.90;0.79;0.50;217;1;1;7;-0.05;-0.30;-0.00;-0.00;0.00;0.01;0.01;0.01;0.84;-0.35;5.36;0.41;0.44;0.034;1.29;2.23;-1000.00;-1000.00
551.925;251;0.84;-0.30;0.47;1.03;-0.30;24.90;0.79;0.50;217;1;1;7;-0.05;-0.30;0.00;0.00;-0.00;-0.01;-0.02;-0.01;0.84;-0.35;5.36;0.41;0.44;0.034;1.29;2.23;-1000.00;-1000.00
552.025;259;0.84;-0.30;0.49;1.03;-0.30;24.90;0.79;0.50;217;1;1;7;-0.05;-0.30;-0.00;0.00;-0.00;-0.01;-0.01;-0.00;0.84;-0.35;5.36;0.41;0.44;0.031;1.29;2.23;-1000.00;-1000.00
552.135;269;0.84;-0.30;0.51;1.03;-0.30;24.90;0.79;0.50;217;1;1;7;-0.05;-0.30;-0.00;-0.00;-0.00;-0.01;-0.01;0.01;0.84;-0.35;5.36;0.41;0.44;0.036;1.29;2.23;-1000.00;-1000.00
552.235;282;0.84;-0.30;0.52;1.03;-0.30;24.90;0.79;0.50;217;1;1;7;-0.05;-0.30;-0.00;-0.00;0.00;0.01;0.01;0.01;0.84;-0.35;5.36;0.41;0.44;0.042;1.29;2.23;-1000.00;-1000.00
552.355;291;0.84;-0.30;0.53;1.03;-0.30;24.90;0.79;0.50;217;1;1;7;-0.05;-0.30;0.00;0.00;-0.00;-0.01;-0.02;-0.01;0.84;-0.35;5.36;0.41;0.44;0.066;1.29;2.23;-1000.00;-1000.00
552.425;296;0.84;-0.30;0.55;1.03;-0.30;24.90;0.79;0.50;217;1;1;7;-0.05;-0.30;-0.00;-0.00;0.00;0.01;0.01;0.01;0.84;-0.35;5.36;0.41;0.44;0.024;1.29;2.23;-1000.00;-1000.00
552.525;310;0.84;-0.30;0.57;1.03;-0.30;24.90;0.79;0.50;217;1;1;7;-0.05;-0.30;-0.00;-0.00;0.00;0.00;0.02;0.00;0.84;-0.35;5.36;0.41;0.44;0.031;1.29;2.23;-1000.00;-1000.00
552.655;323;0.84;-0.31;0.59;1.03;-0.30;24.90;0.79;0.50;217;1;1;7;0.58;-0.26;-0.00;-0.00;-0.00;-0.01;-0.00;0.01;0.84;-0.35;5.36;0.41;0.44;0.054;1.29;2.23;-1000.00;-1000.00
552.725;329;0.84;-0.30;-0.18;1.03;-0.30;24.90;0.79;0.50;217;1;1;7;0.60;-0.23;-0.18;0.01;-0.05;-0.25;0.04;-0.61;0.84;-0.35;5.36;0.41;0.44;0.031;1.29;2.23;-1000.00;-1000.00
552.815;338;0.82;-0.30;-3.04;1.03;-0.30;24.90;0.79;0.50;217;1;1;7;0.63;-0.19;-0.23;0.01;-0.01;0.04;-0.08;-0.48;0.83;-0.35;4.46;0.38;0.43;0.023;1.29;2.23;-1000.00;-1000.00
552.915;347;0.80;-0.30;-4.90;1.03;-0.30;24.90;0.79;0.50;217;1;1;7;0.63;-0.15;-0.20;-0.01;-0.01;-0.02;0.05;-0.27;0.81;-0.35;3.66;0.35;0.43;0.026;1.29;2.23;-1000.00;-1000.00
553.035;358;0.78;-0.30;-6.15;1.03;-0.30;24.90;0.79;0.50;217;1;1;7;0.59;-0.12;-0.15;0.00;-0.01;-0.02;0.05;-0.10;0.78;-0.35;2.32;0.29;0.42;0.025;1.29;2.23;-1000.00;-1000.00
553.145;372;0.76;-0.30;-6.41;1.03;-0.30;24.90;0.79;0.50;217;1;1;7;0.55;-0.08;-0.11;-0.00;-0.01;0.01;0.00;0.01;0.76;-0.35;1.79;0.25;0.41;0.039;1.29;2.23;-1000.00;-1000.00
553.225;377;0.76;-0.30;-6.23;1.03;-0.30;24.90;0.79;0.50;217;1;1;7;0.52;-0.05;-0.09;-0.00;-0.01;-0.00;0.01;0.11;0.76;-0.35;1.79;0.25;0.41;0.028;1.29;2.23;-1000.00;-1000.00
553.335;387;0.75;-0.30;-5.60;1.03;-0.30;24.90;0.79;0.50;217;1;1;7;0.47;-0.03;-0.05;-0.00;-0.01;0.03;-0.05;0.10;0.75;-0.35;1.33;0.22;0.40;0.030;1.29;2.23;-1000.00;-1000.00
553.435;398;0.74;-0.30;-4.76;1.03;-0.30;24.90;0.79;0.50;217;1;1;7;0.43;0.00;-0.03;0.00;-0.01;-0.02;0.05;0.19;0.75;-0.35;1.33;0.22;0.40;0.032;1.29;2.23;-1000.00;-1000.00
553.525;407;0.74;-0.30;-4.02;1.03;-0.30;24.90;0.79;0.50;217;1;1;7;0.39;0.02;-0.01;-0.00;-0.01;-0.01;0.03;0.18;0.75;-0.35;1.33;0.22;0.40;0.024;1.29;2.23;-1000.00;-1000.00
553.635;421;0.75;-0.30;-2.91;1.03;-0.30;24.90;0.79;0.50;217;1;1;7;0.35;0.05;0.03;0.00;-0.00;0.02;-0.03;0.14;0.75;-0.35;1.33;0.22;0.40;0.033;1.29;2.23;-1000.00;-1000.00
553.715;426;0.75;-0.30;-2.50;1.03;-0.30;24.90;0.79;0.50;217;1;1;7;0.34;0.07;0.04;-0.01;-0.00;0.01;-0.03;0.12;0.75;-0.35;1.33;0.22;0.40;0.022;1.29;2.23;-1000.00;-1000.00
553.815;436;0.75;-0.30;-1.96;1.03;-0.30;24.90;0.79;0.50;217;1;1;7;0.34;0.08;0.07;0.00;0.00;0.00;0.00;0.10;0.75;-0.35;1.33;0.22;0.40;0.024;1.29;2.23;-1000.00;-1000.00
553.945;450;0.76;-0.30;-1.25;1.03;-0.30;24.90;0.79;0.50;217;1;1;7;0.35;0.10;0.08;0.00;0.00;0.00;0.01;0.08;0.76;-0.35;1.79;0.25;0.41;0.039;1.29;2.23;-1000.00;-1000.00
554.035;460;0.77;-0.30;-0.78;1.03;-0.30;24.90;0.79;0.50;217;1;1;7;0.35;0.11;0.10;-0.00;-0.00;0.01;0.05;0.06;0.76;-0.35;1.79;0.25;0.41;0.036;1.29;2.23;-1000.00;-1000.00
554.125;470;0.78;-0.30;-0.38;1.03;-0.30;24.90;0.79;0.50;217;1;1;7;0.38;0.13;0.12;-0.00;-0.00;-0.01;-0.01;0.07;0.78;-0.35;2.32;0.29;0.42;0.026;1.29;2.23;-1000.00;-1000.00
554.235;480;0.80;-0.30;0.09;1.03;-0.30;24.90;0.79;0.50;217;1;1;7;0.41;0.14;0.13;-0.00;-0.00;-0.01;-0.02;0.08;0.79;-0.35;2.95;0.32;0.42;0.037;1.29;2.23;-1000.00;-1000.00
554.335;490;0.81;-0.30;0.59;1.03;-0.30;24.90;0.79;0.50;217;1;1;7;0.45;0.16;0.15;-0.00;-0.01;-0.03;-0.05;0.11;0.81;-0.35;3.66;0.35;0.43;0.035;1.29;2.23;-1000.00;-1000.00
554.445;500;0.83;-0.30;1.30;1.03;-0.30;24.90;0.79;0.50;217;1;1;7;0.49;0.17;0.16;0.00;-0.01;0.02;0.03;0.12;0.83;-0.35;4.46;0.38;0.43;0.053;1.29;2.23;-1000.00;-1000.00
554.525;511;0.85;-0.30;2.16;1.03;-0.30;24.90;0.79;0.50;217;1;1;7;0.53;0.19;0.19;-0.01;-0.01;-0.05;-0.09;0.18;0.84;-0.35;5.36;0.41;0.44;0.030;1.29;2.23;-1000.00;-1000.00
554.645;520;0.86;-0.30;3.11;1.03;-0.30;24.90;0.79;0.50;217;1;1;7;0.56;0.20;0.20;-0.00;-0.01;-0.04;-0.06;0.20;0.86;-0.34;6.37;0.44;0.44;0.050;1.29;2.23;-1000.00;-1000.00
554.735;531;0.88;-0.29;4.32;1.03;-0.30;24.90;0.79;0.50;217;1;1;7;0.61;0.21;0.20;0.01;-0.01;0.03;0.07;0.18;0.87;-0.34;7.48;0.48;0.45;0.033;1.29;2.23;-1000.00;-1000.00
554.815;536;0.89;-0.29;4.96;1.03;-0.30;24.90;0.79;0.50;217;1;1;7;0.69;0.23;0.22;-0.00;-0.01;-0.03;-0.04;0.25;0.91;-0.34;10.05;0.54;0.46;0.020;1.29;2.23;-1000.00;-1000.00
554.925;548;0.92;-0.29;6.96;1.27;0.06;86.23;0.79;0.50;217;2;1;7;0.73;0.25;0.25;-0.02;-0.01;-0.07;-0.07;0.41;0.92;-0.33;11.51;0.57;0.46;0.028;1.29;2.23;-1000.00;-1000.00
555.015;556;0.94;-0.29;8.94;1.27;0.06;86.23;0.79;0.50;217;2;1;7;0.79;0.26;0.25;-0.05;-0.01;-0.04;-0.06;0.53;0.95;-0.33;14.82;0.63;0.47;0.018;1.29;2.23;-1000.00;-1000.00
555.115;566;0.96;-0.29;12.05;1.27;0.06;86.23;0.79;0.50;217;2;1;7;0.79;0.27;0.28;-0.06;-0.00;-0.07;-0.07;0.68;0.97;-0.32;16.67;0.67;0.48;0.016;1.29;2.23;-1000.00;-1000.00
555.225;581;1.00;-0.29;17.78;1.27;0.06;86.23;0.79;0.50;217;2;1;7;0.79;0.28;0.27;-0.11;-0.01;-0.02;-0.14;0.71;1.00;-0.31;20.80;0.73;0.49;0.043;1.29;2.23;-1000.00;-1000.00
555.305;585;1.02;-0.29;19.22;1.27;0.06;86.23;0.79;0.50;217;2;1;7;0.79;0.30;0.25;-0.06;-0.00;0.01;0.12;0.61;1.02;-0.30;23.09;0.76;0.50;0.012;1.29;2.23;-1000.00;-1000.00
555.415;596;1.05;-0.29;23.72;1.27;0.06;86.23;0.79;0.50;217;2;1;7;0.79;0.31;0.27;-0.08;-0.01;-0.01;0.01;0.69;1.05;-0.29;28.00;0.79;0.50;0.024;1.29;2.23;-1000.00;-1000.00
555.515;605;1.07;-0.29;27.43;1.27;0.06;86.23;0.79;0.50;217;2;1;7;0.79;0.33;0.25;-0.10;-0.06;0.19;0.11;0.71;1.07;-0.28;30.48;0.79;0.50;0.015;1.29;2.23;-1000.00;-1000.00
555.645;621;1.12;-0.28;34.72;1.27;0.06;86.23;0.79;0.50;217;2;1;7;0.75;0.33;0.28;-0.09;-0.01;-0.03;0.08;0.75;1.08;-0.27;32.96;0.79;0.50;0.048;1.29;2.23;-1000.00;-1000.00
555.725;630;1.14;-0.27;38.71;1.27;0.06;86.23;0.79;0.50;217;2;1;7;0.77;0.34;0.30;-0.11;-0.01;0.01;-0.12;0.79;1.11;-0.25;37.91;0.79;0.50;0.031;1.29;2.23;-1000.00;-1000.00
555.815;637;1.16;-0.26;41.79;1.27;0.06;86.23;0.79;0.50;217;2;1;7;0.79;0.35;0.30;-0.09;-0.01;0.01;-0.06;0.81;1.14;-0.22;42.87;0.79;0.50;0.018;1.29;2.23;-1000.00;-1000.00
555.915;646;1.19;-0.25;46.12;1.27;0.06;86.23;0.79;0.50;217;2;1;7;0.73;0.36;0.31;-0.12;-0.01;0.02;-0.10;0.92;1.15;-0.21;45.35;0.79;0.50;0.014;1.29;2.23;-1000.00;-1000.00
556.005;656;1.22;-0.23;51.05;1.27;0.06;86.23;0.79;0.50;217;2;1;7;0.67;0.37;0.29;-0.09;-0.01;-0.06;0.13;0.71;1.17;-0.20;47.82;0.79;0.50;0.013;1.29;2.23;-1000.00;-1000.00
556.105;666;1.24;-0.21;55.17;1.27;0.06;86.23;0.79;0.50;217;2;1;7;0.70;0.38;0.33;-0.08;-0.01;0.01;-0.07;0.64;1.19;-0.17;52.78;0.79;0.50;0.021;1.29;2.23;-1000.00;-1000.00
556.225;680;1.28;-0.18;61.29;1.27;0.06;86.23;0.79;0.50;217;2;1;7;0.63;0.38;0.33;-0.10;-0.01;0.04;-0.05;0.84;1.20;-0.15;55.26;0.79;0.50;0.030;1.29;2.23;-1000.00;-1000.00
556.335;688;1.29;-0.16;64.41;1.27;0.06;86.23;0.79;0.50;217;2;1;7;0.67;0.38;0.33;-0.11;-0.05;0.18;0.03;0.68;1.22;-0.12;60.21;0.79;0.50;0.038;1.29;2.23;-1000.00;-1000.00
556.415;699;1.32;-0.13;69.20;1.27;0.06;86.23;0.79;0.50;217;2;1;7;0.64;0.38;0.36;-0.07;-0.01;-0.01;0.04;0.85;1.23;-0.11;62.69;0.79;0.50;0.022;1.29;2.23;-1000.00;-1000.00
556.515;707;1.33;-0.10;73.09;1.27;0.06;86.23;0.79;0.50;217;2;1;7;0.67;0.38;0.37;-0.06;-0.00;-0.07;0.08;0.77;1.24;-0.07;67.64;0.79;0.50;0.024;1.29;2.23;-1000.00;-1000.00
556.615;717;1.35;-0.07;77.98;1.27;0.06;86.23;0.79;0.50;217;2;1;7;0.68;0.38;0.37;-0.12;-0.04;0.11;0.09;0.93;1.26;-0.04;72.60;0.79;0.50;0.018;1.29;2.23;-1000.00;-1000.00
556.725;727;1.37;-0.03;83.29;1.27;0.06;86.23;0.79;0.50;217;2;1;7;0.63;0.38;0.36;-0.08;0.00;-0.13;0.11;0.85;1.26;-0.02;75.08;0.79;0.50;0.034;1.29;2.23;-1000.00;-1000.00
556.825;737;1.38;0.01;88.67;1.09;0.44;144.20;0.73;0.50;217;3;1;7;0.68;0.37;0.36;-0.11;-0.00;-0.05;0.05;0.77;1.27;0.03;82.51;0.79;0.50;0.026;1.29;2.23;-1000.00;-1000.00
556.915;747;1.39;0.04;93.64;1.09;0.44;144.20;0.73;0.50;217;3;1;7;0.34;0.38;0.39;-0.16;-0.04;0.30;-0.01;1.13;1.27;0.05;84.99;0.79;0.50;0.016;1.29;2.23;-1000.00;-1000.00
557.005;756;1.40;0.08;97.13;1.09;0.44;144.20;0.73;0.50;217;3;1;7;0.39;0.39;0.36;-0.09;-0.01;0.03;-0.00;0.27;1.28;0.08;89.93;0.78;0.50;0.007;1.29;2.23;-1000.00;-1000.00
557.105;766;1.40;0.11;98.50;1.09;0.44;144.20;0.73;0.50;217;3;1;7;0.50;0.39;0.37;-0.02;-0.01;-0.10;0.04;0.25;1.27;0.10;92.39;0.78;0.50;0.009;1.29;2.23;-1000.00;-1000.00
557.205;776;1.39;0.15;100.85;1.09;0.44;144.20;0.73;0.50;217;3;1;7;0.61;0.40;0.40;-0.04;-0.01;0.08;-0.06;0.55;1.27;0.14;97.26;0.78;0.50;0.012;1.29;2.23;-1000.00;-1000.00
557.295;787;1.39;0.20;104.63;1.09;0.44;144.20;0.73;0.50;217;3;1;7;0.68;0.41;0.38;-0.04;-0.01;-0.12;0.04;0.62;1.27;0.17;102.10;0.77;0.50;0.006;1.29;2.23;-1000.00;-1000.00
557.405;795;1.39;0.23;108.27;1.09;0.44;144.20;0.73;0.50;217;3;1;7;0.67;0.42;0.36;-0.11;-0.05;-0.07;0.21;0.81;1.26;0.19;104.50;0.77;0.50;0.006;1.29;2.23;-1000.00;-1000.00
557.495;806;1.38;0.27;113.48;1.09;0.44;144.20;0.73;0.50;217;3;1;7;0.67;0.42;0.37;-0.09;-0.01;-0.15;0.00;0.74;1.25;0.23;109.26;0.76;0.50;0.005;1.29;2.23;-1000.00;-1000.00
557.605;815;1.38;0.31;117.83;1.09;0.44;144.20;0.73;0.50;217;3;1;7;0.64;0.42;0.38;-0.11;-0.01;0.03;-0.00;0.83;1.24;0.24;111.63;0.76;0.50;0.016;1.29;2.23;-1000.00;-1000.00
557.715;830;1.36;0.36;124.31;1.09;0.44;144.20;0.73;0.50;217;3;1;7;0.64;0.42;0.38;-0.07;-0.01;-0.18;-0.03;0.63;1.23;0.28;116.33;0.76;0.50;0.017;1.29;2.23;-1000.00;-1000.00
557.805;835;1.35;0.38;126.42;1.09;0.44;144.20;0.73;0.50;217;3;1;7;0.70;0.42;0.38;-0.07;-0.01;-0.13;-0.03;0.63;1.21;0.31;120.99;0.75;0.50;0.009;1.29;2.23;-1000.00;-1000.00
557.905;844;1.34;0.41;130.29;1.09;0.44;144.20;0.73;0.50;217;3;1;7;0.69;0.42;0.39;-0.09;-0.01;0.05;-0.01;0.82;1.20;0.32;123.30;0.75;0.50;0.006;1.29;2.23;-1000.00;-1000.00
558.015;860;1.30;0.47;137.80;1.09;0.44;144.20;0.73;0.50;217;3;1;7;0.64;0.41;0.38;-0.10;-0.01;0.05;0.00;0.81;1.18;0.35;127.90;0.75;0.50;0.018;1.29;2.23;-1000.00;-1000.00
558.095;868;1.28;0.49;140.99;1.09;0.44;144.20;0.73;0.50;217;3;1;7;0.64;0.40;0.39;-0.08;-0.01;0.08;0.02;0.69;1.17;0.37;130.18;0.74;0.50;0.018;1.29;2.23;-1000.00;-1000.00
558.215;877;1.26;0.52;144.09;1.09;0.44;144.20;0.73;0.50;217;3;1;7;0.69;0.39;0.39;-0.06;-0.01;0.07;0.04;0.61;1.15;0.39;134.71;0.74;0.50;0.019;1.29;2.23;-1000.00;-1000.00
558.295;887;1.23;0.54;147.74;1.09;0.44;144.20;0.73;0.50;217;3;1;7;0.72;0.39;0.37;-0.03;-0.01;-0.09;-0.05;0.68;1.12;0.42;139.20;0.73;0.50;0.007;1.29;2.23;-1000.00;-1000.00
558.405;897;1.20;0.56;151.80;1.09;0.44;144.20;0.73;0.50;217;3;1;7;0.68;0.38;0.38;-0.03;-0.01;0.03;0.01;0.68;1.10;0.43;141.43;0.73;0.50;0.006;1.29;2.23;-1000.00;-1000.00
558.505;908;1.16;0.58;155.90;1.09;0.44;144.20;0.73;0.50;217;3;1;7;0.68;0.37;0.38;-0.01;-0.00;0.03;0.00;0.55;1.08;0.45;145.84;0.72;0.50;0.006;1.29;2.23;-1000.00;-1000.00
558.605;916;1.14;0.60;158.44;1.09;0.44;144.20;0.73;0.50;217;3;1;7;0.66;0.36;0.38;-0.01;-0.00;0.02;0.00;0.51;1.06;0.46;147.96;0.70;0.50;0.012;1.29;2.23;-1000.00;-1000.00
558.705;927;1.10;0.61;161.60;1.09;0.44;144.20;0.73;0.50;217;3;1;7;0.65;0.35;0.39;0.01;-0.00;0.02;0.00;0.45;1.03;0.48;151.99;0.66;0.50;0.022;1.29;2.23;-1000.00;-1000.00
558.805;937;1.06;0.62;164.72;1.09;0.44;144.20;0.73;0.50;217;3;1;7;0.63;0.34;0.34;-0.08;-0.04;-0.10;0.12;0.66;1.00;0.50;155.74;0.63;0.50;0.015;1.29;2.23;-1000.00;-1000.00
558.895;948;1.03;0.64;168.83;1.09;0.44;144.20;0.73;0.50;217;3;1;7;0.56;0.33;0.33;-0.07;-0.00;-0.10;-0.09;0.57;0.98;0.50;157.52;0.61;0.50;0.007;1.29;2.23;-1000.00;-1000.00
559.005;956;1.00;0.65;171.50;1.09;0.44;144.20;0.73;0.50;217;3;1;7;0.54;0.32;0.35;-0.07;-0.00;0.08;0.03;0.52;0.95;0.52;160.88;0.58;0.50;0.011;1.29;2.23;-1000.00;-1000.00
559.105;967;0.97;0.66;174.72;1.09;0.44;144.20;0.73;0.50;217;3;1;7;0.48;0.31;0.31;-0.06;-0.01;-0.02;-0.02;0.46;0.93;0.52;162.46;0.56;0.50;0.008;1.29;2.23;-1000.00;-1000.00
559.215;976;0.94;0.67;176.66;1.09;0.44;144.20;0.73;0.50;217;3;1;7;0.47;0.29;0.33;-0.03;-0.01;0.08;0.07;0.36;0.90;0.53;165.44;0.52;0.50;0.015;1.29;2.23;-1000.00;-1000.00
559.305;987;0.91;0.68;178.86;1.09;0.44;144.20;0.73;0.50;217;3;1;7;0.43;0.28;0.29;-0.05;-0.01;-0.01;-0.01;0.31;0.88;0.54;166.84;0.51;0.50;0.010;1.29;2.23;-1000.00;-1000.00
559.405;997;0.88;0.68;180.23;1.09;0.44;144.20;0.73;0.50;217;3;1;7;0.43;0.27;0.29;-0.03;-0.06;-0.12;0.15;0.26;0.84;0.54;169.47;0.47;0.50;0.012;1.29;2.23;-1000.00;-1000.00
559.505;1006;0.85;0.68;181.30;1.09;0.44;144.20;0.73;0.50;217;3;1;7;0.42;0.26;0.29;-0.01;-0.01;0.03;0.05;0.21;0.82;0.55;170.70;0.45;0.50;0.013;1.29;2.23;-1000.00;-1000.00
559.655;1020;0.81;0.68;182.38;0.51;0.56;171.38;-0.63;0.50;489;1;1;4;0.41;0.25;0.26;0.00;-0.01;-0.03;-0.05;0.09;0.81;0.55;171.87;0.44;0.50;0.056;1.29;2.23;-1000.00;-1000.00
559.735;1029;0.79;0.68;182.85;0.25;0.65;154.12;-0.22;0.50;489;2;1;4;0.35;0.26;0.27;0.00;-0.01;0.03;0.05;0.11;0.65;0.55;180.00;-0.08;0.06;0.042;1.29;2.23;-1000.00;-1000.00
559.825;1039;0.76;0.68;183.06;0.25;0.65;154.12;-0.22;0.50;489;2;1;4;0.13;0.25;0.26;0.01;-0.01;-0.04;-0.07;-0.04;0.65;0.55;180.00;-0.08;0.06;0.027;1.29;2.23;-1000.00;-1000.00
559.925;1049;0.74;0.67;182.42;0.25;0.65;154.12;-0.22;0.50;489;2;1;4;0.13;0.24;0.26;0.02;-0.01;0.03;0.05;-0.16;0.65;0.55;180.00;-0.08;0.06;0.037;1.29;2.22;-1000.00;-1000.00
560.035;1058;0.71;0.67;181.57;0.25;0.65;154.12;-0.22;0.50;489;2;1;4;0.14;0.23;0.24;0.00;-0.01;-0.02;-0.04;-0.18;0.65;0.55;180.00;-0.08;0.06;0.027;1.29;2.22;-1000.00;-1000.00
560.135;1072;0.68;0.67;180.70;0.25;0.65;154.12;-0.22;0.50;489;2;1;4;0.15;0.21;0.23;0.01;-0.01;0.03;0.04;-0.06;0.65;0.55;180.00;-0.08;0.06;0.035;1.29;2.22;-1000.00;-1000.00
560.215;1075;0.67;0.67;180.59;0.25;0.65;154.12;-0.22;0.50;489;2;1;4;0.14;0.20;0.22;0.01;-0.01;0.02;0.03;-0.06;0.65;0.55;180.00;-0.08;0.06;0.014;1.29;2.22;-1000.00;-1000.00
560.335;1091;0.64;0.67;180.13;0.25;0.65;154.12;-0.22;0.50;489;2;1;4;0.13;0.18;0.20;0.00;-0.01;0.02;0.02;-0.04;0.65;0.55;180.00;-0.08;0.06;0.034;1.29;2.22;-1000.00;-1000.00
560.435;1100;0.62;0.67;179.83;0.25;0.65;154.12;-0.22;0.50;489;2;1;4;0.03;0.17;0.19;-0.00;-0.01;0.02;0.03;-0.04;0.64;0.55;179.89;-0.18;0.14;0.041;1.29;2.22;-1000.00;-1000.00
560.525;1111;0.60;0.67;179.39;0.25;0.65;154.12;-0.22;0.50;489;2;1;4;-0.14;0.16;0.17;0.01;-0.01;0.02;0.01;-0.09;0.61;0.55;178.94;-0.33;0.26;0.026;1.29;2.22;-1000.00;-1000.00
560.615;1118;0.59;0.67;178.78;0.25;0.65;154.12;-0.22;0.50;489;2;1;4;-0.23;0.16;0.16;0.01;-0.01;0.02;0.01;-0.17;0.59;0.55;177.88;-0.41;0.32;0.025;1.29;2.22;-1000.00;-1000.00
560.725;1128;0.58;0.67;177.65;0.25;0.65;154.12;-0.22;0.50;489;2;1;4;-0.27;0.16;0.16;0.00;0.00;-0.00;-0.01;-0.15;0.58;0.55;176.89;-0.46;0.36;0.033;1.29;2.22;-1000.00;-1000.00
560.825;1138;0.56;0.67;176.85;0.25;0.65;154.12;-0.22;0.50;489;2;1;4;-0.35;0.16;0.16;0.00;-0.00;-0.00;0.00;-0.13;0.56;0.55;175.63;-0.51;0.40;0.033;1.29;2.22;-1000.00;-1000.00
560.915;1149;0.54;0.67;175.98;0.25;0.65;154.12;-0.22;0.50;489;2;1;4;-0.43;0.16;0.16;0.01;0.00;0.01;-0.05;-0.12;0.54;0.55;174.07;-0.56;0.44;0.023;1.29;2.22;-1000.00;-1000.00
561.045;1161;0.52;0.67;174.90;0.25;0.65;154.12;-0.22;0.50;489;2;1;4;-0.58;0.18;0.17;0.01;-0.01;-0.01;0.03;-0.15;0.51;0.56;171.10;-0.62;0.50;0.038;1.29;2.22;-1000.00;-1000.00
561.105;1165;0.52;0.67;174.57;0.25;0.65;154.12;-0.22;0.50;489;2;1;4;-0.60;0.19;0.17;0.00;-0.01;-0.01;0.03;-0.19;0.50;0.56;170.03;-0.61;0.50;0.012;1.29;2.22;-1000.00;-1000.00
561.235;1179;0.49;0.68;172.54;0.01;0.77;155.85;0.31;0.50;489;3;1;4;-0.57;0.20;0.20;0.00;-0.01;-0.03;0.05;-0.25;0.48;0.56;167.98;-0.57;0.50;0.028;1.29;2.22;-1000.00;-1000.00
561.305;1187;0.48;0.68;171.69;0.01;0.77;155.85;0.31;0.50;489;3;1;4;-0.51;0.20;0.21;0.00;-0.01;-0.04;0.09;-0.22;0.46;0.57;166.08;-0.54;0.50;0.010;1.29;2.22;-1000.00;-1000.00
561.405;1195;0.46;0.68;170.91;0.01;0.77;155.85;0.31;0.50;489;3;1;4;-0.53;0.21;0.21;-0.00;-0.01;-0.02;0.02;-0.11;0.43;0.58;164.31;-0.51;0.50;0.012;1.29;2.22;-1000.00;-1000.00
561.505;1209;0.43;0.69;170.03;0.01;0.77;155.85;0.31;0.50;489;3;1;4;-0.53;0.21;0.22;0.00;-0.01;-0.03;0.07;-0.15;0.41;0.58;162.68;-0.47;0.50;0.017;1.29;2.22;-1000.00;-1000.00
561.605;1218;0.41;0.69;169.36;0.01;0.77;155.85;0.31;0.50;489;3;1;4;-0.57;0.22;0.22;0.04;-0.01;-0.05;0.14;-0.23;0.38;0.59;160.47;-0.43;0.50;0.013;1.29;2.22;-1000.00;-1000.00
561.705;1229;0.39;0.69;168.15;0.01;0.77;155.85;0.31;0.50;489;3;1;4;-0.55;0.22;0.23;0.01;-0.01;-0.02;0.04;-0.22;0.36;0.60;159.15;-0.39;0.50;0.010;1.29;2.22;-1000.00;-1000.00
561.805;1238;0.37;0.70;167.34;0.01;0.77;155.85;0.31;0.50;489;3;1;4;-0.54;0.23;0.24;-0.00;-0.01;-0.03;0.06;-0.16;0.34;0.61;157.96;-0.36;0.50;0.016;1.29;2.22;-1000.00;-1000.00
561.905;1248;0.35;0.70;166.64;0.01;0.77;155.85;0.31;0.50;489;3;1;4;-0.55;0.23;0.24;-0.01;-0.01;-0.02;0.03;-0.13;0.31;0.62;156.38;-0.31;0.50;0.007;1.29;2.22;-1000.00;-1000.00
562.015;1257;0.33;0.71;166.05;0.01;0.77;155.85;0.31;0.50;489;3;1;4;-0.52;0.24;0.24;-0.01;-0.00;-0.01;0.02;-0.12;0.30;0.63;155.91;-0.29;0.50;0.018;1.29;2.22;-1000.00;-1000.00
562.105;1268;0.30;0.72;165.45;0.01;0.77;155.85;0.31;0.50;489;3;1;4;-0.52;0.24;0.25;-0.01;-0.00;-0.01;0.02;-0.09;0.27;0.64;154.66;-0.24;0.50;0.009;1.29;2.22;-1000.00;-1000.00
562.205;1276;0.28;0.72;165.05;0.01;0.77;155.85;0.31;0.50;489;3;1;4;-0.50;0.25;0.26;-0.01;-0.00;-0.01;0.02;-0.10;0.25;0.65;153.96;-0.21;0.50;0.010;1.29;2.22;-1000.00;-1000.00
562.305;1286;0.26;0.73;164.60;0.01;0.77;155.85;0.31;0.50;489;3;1;4;-0.47;0.26;0.26;0.01;-0.00;-0.00;0.04;-0.12;0.22;0.66;153.13;-0.14;0.50;0.013;1.29;2.22;-1000.00;-1000.00
562.405;1296;0.23;0.73;164.14;0.01;0.77;155.85;0.31;0.50;489;3;1;4;-0.44;0.26;0.27;0.00;-0.00;-0.01;0.03;-0.09;0.20;0.67;152.75;-0.10;0.50;0.008;1.29;2.22;-1000.00;-1000.00
562.495;1306;0.20;0.74;163.82;0.01;0.77;155.85;0.31;0.50;489;3;1;4;-0.39;0.27;0.28;-0.02;-0.00;-0.01;0.03;-0.04;0.18;0.68;152.50;-0.06;0.50;0.005;1.29;2.22;-1000.00;-1000.00
562.605;1316;0.18;0.75;163.69;0.01;0.77;155.85;0.31;0.50;489;3;1;4;-0.36;0.27;0.25;0.04;-0.01;0.02;-0.03;-0.01;0.15;0.70;152.37;0.00;0.50;0.011;1.29;2.22;-1000.00;-1000.00
562.705;1326;0.15;0.75;163.31;0.01;0.77;155.85;0.31;0.50;489;3;1;4;-0.31;0.28;0.26;0.03;-0.01;0.01;-0.04;-0.07;0.13;0.71;152.44;0.05;0.50;0.009;1.29;2.22;-1000.00;-1000.00
562.795;1337;0.12;0.76;162.96;0.01;0.77;155.85;0.31;0.50;489;3;1;4;-0.23;0.29;0.30;-0.01;-0.01;-0.03;0.09;-0.05;0.10;0.73;152.81;0.11;0.50;0.005;1.29;2.22;-1000.00;-1000.00
562.905;1345;0.10;0.77;163.06;-0.26;0.84;179.43;0.79;0.50;489;4;1;4;-0.18;0.29;0.29;-0.01;-0.01;0.01;-0.04;0.06;0.08;0.74;153.22;0.15;0.50;0.015;1.29;2.22;-1000.00;-1000.00
563.005;1356;0.07;0.78;163.28;-0.26;0.84;179.43;0.79;0.50;489;4;1;4;-0.11;0.30;0.30;-0.01;-0.01;-0.02;0.05;0.03;0.06;0.75;153.77;0.20;0.50;0.013;1.29;2.22;-1000.00;-1000.00
563.095;1365;0.04;0.79;163.75;-0.26;0.84;179.43;0.79;0.50;489;4;1;4;-0.04;0.30;0.30;-0.00;-0.01;-0.02;0.06;0.09;0.03;0.76;154.84;0.26;0.50;0.005;1.29;2.22;-1000.00;-1000.00
563.275;1383;-0.01;0.80;164.95;-0.25;0.85;180.00;0.11;0.00;469;1;1;5;0.02;0.30;0.30;-0.01;-0.01;-0.02;0.02;0.14;0.01;0.77;155.73;0.30;0.50;0.062;1.29;2.22;-1000.00;-1000.00
563.355;1394;-0.04;0.81;165.80;-0.44;0.83;193.57;0.65;0.50;469;2;1;5;0.18;0.31;0.30;0.00;-0.00;0.00;-0.05;0.15;-0.25;0.85;180.04;0.18;0.07;0.055;1.29;2.22;-1000.00;-1000.00
563.425;1399;-0.06;0.82;166.47;-0.44;0.83;193.57;0.65;0.50;469;2;1;5;0.21;0.34;0.31;-0.00;-0.01;-0.01;0.04;0.27;-0.25;0.85;180.04;0.18;0.07;0.032;1.29;2.22;-1000.00;-1000.00
563.535;1410;-0.09;0.82;167.96;-0.44;0.83;193.57;0.65;0.50;469;2;1;5;0.24;0.35;0.34;-0.01;-0.00;0.01;-0.01;0.22;-0.25;0.85;180.04;0.18;0.07;0.038;1.29;2.22;-1000.00;-1000.00
563.635;1418;-0.12;0.83;168.90;-0.44;0.83;193.57;0.65;0.50;469;2;1;5;0.28;0.37;0.37;-0.01;-0.00;0.05;0.04;0.22;-0.25;0.85;180.04;0.18;0.07;0.033;1.29;2.22;-1000.00;-1000.00
563.715;1428;-0.15;0.84;170.10;-0.44;0.83;193.57;0.65;0.50;469;2;1;5;0.32;0.37;0.37;-0.00;-0.01;-0.00;-0.01;0.23;-0.25;0.85;180.04;0.18;0.07;0.019;1.29;2.22;-1000.00;-1000.00
563.825;1437;-0.19;0.84;171.38;-0.44;0.83;193.57;0.65;0.50;469;2;1;5;0.36;0.38;0.38;0.00;-0.01;0.01;0.00;0.27;-0.25;0.85;180.04;0.18;0.07;0.029;1.29;2.22;-1000.00;-1000.00
563.915;1448;-0.23;0.85;173.01;-0.44;0.83;193.57;0.65;0.50;469;2;1;5;0.40;0.37;0.40;-0.00;-0.01;0.06;0.07;0.29;-0.25;0.85;180.04;0.18;0.07;0.021;1.29;2.22;-1000.00;-1000.00
564.015;1457;-0.26;0.85;174.43;-0.44;0.83;193.57;0.65;0.50;469;2;1;5;0.48;0.36;0.39;-0.01;-0.01;0.04;0.07;0.32;-0.26;0.85;180.26;0.24;0.13;0.013;1.29;2.22;-1000.00;-1000.00
564.105;1468;-0.30;0.86;176.75;-0.75;0.62;234.67;0.68;0.50;469;3;1;5;0.62;0.37;0.36;-0.07;-0.01;0.07;0.11;0.49;-0.31;0.85;182.20;0.40;0.27;0.012;1.29;2.22;-1000.00;-1000.00
564.205;1476;-0.33;0.86;179.44;-0.75;0.62;234.67;0.68;0.50;469;3;1;5;0.65;0.37;0.37;-0.09;-0.05;-0.10;0.13;0.80;-0.33;0.85;183.97;0.46;0.33;0.009;1.29;2.22;-1000.00;-1000.00
564.305;1487;-0.37;0.87;184.26;-0.75;0.62;234.67;0.68;0.50;469;3;1;5;0.64;0.37;0.35;-0.07;0.00;-0.06;-0.15;0.70;-0.37;0.85;186.50;0.53;0.39;0.016;1.29;2.22;-1000.00;-1000.00
564.405;1495;-0.40;0.87;188.03;-0.75;0.62;234.67;0.68;0.50;469;3;1;5;0.62;0.38;0.38;-0.10;-0.00;0.06;0.06;0.84;-0.39;0.84;188.68;0.57;0.43;0.008;1.29;2.22;-1000.00;-1000.00
564.505;1505;-0.44;0.88;192.50;-0.75;0.62;234.67;0.68;0.50;469;3;1;5;0.65;0.39;0.36;-0.10;-0.01;-0.01;0.01;0.73;-0.43;0.83;192.78;0.64;0.49;0.006;1.29;2.22;-1000.00;-1000.00
564.595;1515;-0.48;0.88;196.68;-0.75;0.62;234.67;0.68;0.50;469;3;1;5;0.65;0.39;0.36;-0.06;-0.00;-0.02;-0.16;0.70;-0.46;0.83;195.98;0.65;0.50;0.008;1.29;2.22;-1000.00;-1000.00
564.705;1526;-0.52;0.87;201.62;-0.75;0.62;234.67;0.68;0.50;469;3;1;5;0.61;0.40;0.36;-0.08;-0.01;0.00;-0.08;0.70;-0.49;0.82;199.22;0.65;0.50;0.017;1.29;2.22;-1000.00;-1000.00
564.805;1537;-0.56;0.87;206.02;-0.75;0.62;234.67;0.68;0.50;469;3;1;5;0.61;0.40;0.37;-0.07;-0.01;-0.00;-0.05;0.63;-0.52;0.80;202.48;0.66;0.50;0.015;1.29;2.22;-1000.00;-1000.00
564.915;1549;-0.60;0.85;210.54;-0.75;0.62;234.67;0.68;0.50;469;3;1;5;0.60;0.40;0.38;-0.07;-0.01;0.01;-0.02;0.61;-0.55;0.79;205.75;0.66;0.50;0.021;1.29;2.22;-1000.00;-1000.00
565.015;1559;-0.64;0.84;214.14;-0.75;0.62;234.67;0.68;0.50;469;3;1;5;0.62;0.40;0.38;-0.09;-0.01;-0.01;0.10;0.67;-0.58;0.78;209.04;0.66;0.50;0.018;1.29;2.22;-1000.00;-1000.00
565.105;1569;-0.67;0.82;217.78;-0.75;0.62;234.67;0.68;0.50;469;3;1;5;0.66;0.40;0.36;-0.06;-0.01;0.04;-0.18;0.57;-0.62;0.75;214.00;0.67;0.50;0.015;1.29;2.22;-1000.00;-1000.00
565.195;1575;-0.69;0.81;220.26;-0.75;0.62;234.67;0.68;0.50;469;3;1;5;0.68;0.40;0.38;-0.08;-0.01;0.01;0.05;0.79;-0.64;0.74;217.33;0.67;0.50;0.005;1.29;2.22;-1000.00;-1000.00
565.325;1588;-0.74;0.79;226.05;-0.75;0.62;234.67;0.68;0.50;469;3;1;5;0.61;0.40;0.36;-0.12;-0.01;-0.02;0.09;0.81;-0.65;0.73;219.00;0.67;0.50;0.028;1.29;2.22;-1000.00;-1000.00
565.405;1598;-0.77;0.76;230.13;-0.75;0.62;234.67;0.68;0.50;469;3;1;5;0.63;0.40;0.37;-0.08;-0.01;0.01;0.06;0.60;-0.69;0.69;224.05;0.67;0.50;0.010;1.29;2.22;-1000.00;-1000.00
565.505;1607;-0.79;0.74;233.40;-0.75;0.62;234.67;0.68;0.50;469;3;1;5;0.65;0.39;0.36;-0.06;-0.01;0.01;0.03;0.65;-0.71;0.67;227.43;0.68;0.50;0.007;1.29;2.22;-1000.00;-1000.00
565.605;1618;-0.82;0.71;237.56;-0.75;0.62;234.67;0.68;0.50;469;3;1;5;0.65;0.39;0.35;-0.08;-0.01;-0.00;0.03;0.65;-0.73;0.65;230.83;0.68;0.50;0.010;1.29;2.22;-1000.00;-1000.00
565.705;1626;-0.84;0.69;240.51;-0.75;0.62;234.67;0.68;0.50;469;3;1;5;0.67;0.39;0.34;-0.07;-0.01;0.01;0.03;0.62;-0.75;0.62;234.24;0.68;0.50;0.011;1.29;2.22;-1000.00;-1000.00
565.805;1637;-0.86;0.66;244.57;-0.75;0.62;234.67;0.68;0.50;469;3;1;5;0.65;0.38;0.33;-0.07;-0.00;0.01;0.02;0.64;-0.77;0.60;237.63;0.67;0.50;0.011;1.29;2.22;-1000.00;-1000.00
565.905;1645;-0.88;0.64;247.42;-0.75;0.62;234.67;0.68;0.50;469;3;1;5;0.62;0.37;0.33;-0.06;-0.00;0.00;0.02;0.59;-0.77;0.59;239.28;0.66;0.50;0.009;1.29;2.22;-1000.00;-1000.00
566.025;1660;-0.90;0.60;252.09;-0.75;0.62;234.67;0.68;0.50;469;3;1;5;0.58;0.36;0.33;-0.08;-0.00;-0.06;0.03;0.60;-0.79;0.56;242.51;0.64;0.50;0.032;1.29;2.22;-1000.00;-1000.00
566.115;1668;-0.92;0.57;254.83;-0.75;0.62;234.67;0.68;0.50;469;3;1;5;0.58;0.35;0.35;-0.08;-0.00;-0.04;0.02;0.63;-0.80;0.53;245.63;0.63;0.50;0.023;1.29;2.22;-1000.00;-1000.00
566.215;1678;-0.93;0.54;258.35;-0.86;0.26;269.43;0.49;0.50;469;4;1;5;0.52;0.34;0.37;-0.07;-0.00;-0.03;0.06;0.66;-0.81;0.52;247.16;0.62;0.50;0.021;1.29;2.22;-1000.00;-1000.00
566.305;1689;-0.95;0.51;261.98;-0.86;0.26;269.43;0.49;0.50;469;4;1;5;0.38;0.35;0.33;-0.05;-0.01;0.09;-0.08;0.43;-0.83;0.47;251.58;0.60;0.50;0.011;1.29;2.22;-1000.00;-1000.00
566.405;1697;-0.96;0.48;263.52;-0.86;0.26;269.43;0.49;0.50;469;4;1;5;0.42;0.36;0.34;-0.03;-0.01;0.09;-0.08;0.21;-0.83;0.44;254.41;0.58;0.50;0.009;1.29;2.22;-1000.00;-1000.00
566.545;1711;-0.96;0.43;266.00;-0.86;0.11;-98.62;-0.63;0.50;1052;1;1;4;0.45;0.37;0.35;-0.04;-0.01;-0.00;-0.00;0.36;-0.84;0.41;257.14;0.57;0.50;0.051;1.29;2.22;-1000.00;-1000.00
566.625;1721;-0.97;0.39;268.28;-0.86;0.11;-98.62;-0.63;0.50;1052;1;1;4;0.61;0.36;0.36;-0.04;-0.01;0.10;-0.07;0.35;-0.85;0.25;-90.00;-0.08;0.06;0.024;1.29;2.22;-1000.00;-1000.00
566.745;1730;-0.97;0.36;271.53;-0.95;-0.15;-115.88;-0.22;0.50;1052;2;1;4;0.34;0.35;0.35;-0.08;-0.01;-0.02;-0.00;0.70;-0.85;0.25;-90.00;-0.08;0.06;0.049;1.29;2.22;-1000.00;-1000.00
566.835;1741;-0.98;0.32;274.27;-0.95;-0.15;-115.88;-0.22;0.50;1052;2;1;4;0.03;0.34;0.37;-0.03;-0.01;-0.03;0.03;0.19;-0.85;0.25;-90.00;-0.08;0.06;0.038;1.29;2.22;-1000.00;-1000.00
566.915;1749;-0.98;0.29;273.74;-0.95;-0.15;-115.88;-0.22;0.50;1052;2;1;4;0.02;0.32;0.35;0.03;-0.01;-0.04;0.03;-0.28;-0.85;0.25;-90.00;-0.08;0.06;0.025;1.29;2.22;-1000.00;-1000.00
567.045;1759;-0.97;0.26;272.20;-0.95;-0.15;-115.88;-0.22;0.50;1052;2;1;4;0.05;0.30;0.32;0.01;-0.01;0.03;-0.01;-0.27;-0.85;0.25;-90.00;-0.08;0.06;0.044;1.29;2.22;-1000.00;-1000.00
567.115;1768;-0.97;0.23;271.20;-0.95;-0.15;-115.88;-0.22;0.50;1052;2;1;4;-0.08;0.29;0.31;-0.00;-0.01;-0.05;0.04;-0.12;-0.85;0.23;-90.29;-0.23;0.18;0.016;1.29;2.22;-1000.00;-1000.00
567.215;1777;-0.97;0.20;270.30;-0.95;-0.15;-115.88;-0.22;0.50;1052;2;1;4;-0.25;0.28;0.28;0.01;-0.00;0.00;0.02;-0.24;-0.85;0.20;-91.71;-0.38;0.30;0.012;1.29;2.22;-1000.00;-1000.00
567.305;1787;-0.97;0.17;268.58;-0.95;-0.15;-115.88;-0.22;0.50;1052;2;1;4;-0.42;0.28;0.26;0.01;0.01;0.05;0.01;-0.31;-0.85;0.16;-94.37;-0.51;0.40;0.017;1.29;2.22;-1000.00;-1000.00
567.415;1797;-0.97;0.15;266.49;-0.95;-0.15;-115.88;-0.22;0.50;1052;2;1;4;-0.51;0.28;0.29;0.01;-0.00;-0.04;-0.03;-0.38;-0.86;0.13;-96.83;-0.58;0.46;0.026;1.29;2.22;-1000.00;-1000.00
567.505;1805;-0.97;0.12;264.80;-0.95;-0.15;-115.88;-0.22;0.50;1052;2;1;4;-0.57;0.28;0.28;0.01;-0.01;0.03;0.01;-0.40;-0.86;0.11;-98.90;-0.62;0.50;0.013;1.29;2.22;-1000.00;-1000.00
567.605;1816;-0.98;0.09;262.27;-1.07;-0.39;-114.15;0.31;0.50;1052;3;1;4;-0.58;0.29;0.30;0.01;-0.01;-0.05;-0.04;-0.41;-0.87;0.07;-102.98;-0.56;0.50;0.012;1.29;2.22;-1000.00;-1000.00
567.705;1826;-0.98;0.06;260.05;-1.07;-0.39;-114.15;0.31;0.50;1052;3;1;4;-0.49;0.29;0.28;0.05;-0.01;-0.07;-0.03;-0.41;-0.87;0.04;-104.82;-0.52;0.50;0.013;1.29;2.22;-1000.00;-1000.00
567.815;1839;-0.98;0.03;257.81;-1.07;-0.39;-114.15;0.31;0.50;1052;3;1;4;-0.45;0.29;0.28;0.03;-0.01;0.12;0.05;-0.21;-0.88;0.01;-107.32;-0.47;0.50;0.024;1.29;2.22;-1000.00;-1000.00
567.905;1849;-0.98;-0.00;256.43;-1.07;-0.39;-114.15;0.31;0.50;1052;3;1;4;-0.46;0.30;0.29;0.02;-0.01;0.20;0.07;-0.16;-0.89;-0.02;-109.53;-0.43;0.50;0.012;1.29;2.22;-1000.00;-1000.00
568.015;1858;-0.99;-0.03;255.08;-1.07;-0.39;-114.15;0.31;0.50;1052;3;1;4;-0.45;0.30;0.29;0.01;-0.01;0.19;0.06;-0.20;-0.90;-0.05;-111.46;-0.38;0.50;0.020;1.29;2.22;-1000.00;-1000.00
568.105;1869;-0.99;-0.06;253.32;-1.07;-0.39;-114.15;0.31;0.50;1052;3;1;4;-0.42;0.30;0.32;0.05;-0.04;-0.29;0.04;-0.38;-0.92;-0.08;-113.12;-0.33;0.50;0.015;1.29;2.22;-1000.00;-1000.00
568.205;1878;-1.00;-0.09;252.16;-1.07;-0.39;-114.15;0.31;0.50;1052;3;1;4;-0.40;0.31;0.31;0.02;-0.01;-0.02;0.00;-0.22;-0.93;-0.11;-114.54;-0.28;0.50;0.013;1.29;2.22;-1000.00;-1000.00
568.305;1888;-1.01;-0.12;251.13;-1.07;-0.39;-114.15;0.31;0.50;1052;3;1;4;-0.35;0.31;0.32;-0.00;-0.01;-0.07;-0.02;-0.17;-0.94;-0.13;-115.34;-0.24;0.50;0.014;1.29;2.22;-1000.00;-1000.00
568.405;1896;-1.02;-0.14;250.74;-1.07;-0.39;-114.15;0.31;0.50;1052;3;1;4;-0.34;0.31;0.32;-0.01;-0.01;-0.03;-0.01;-0.06;-0.96;-0.17;-116.62;-0.17;0.50;0.012;1.29;2.22;-1000.00;-1000.00
568.495;1907;-1.03;-0.17;250.46;-1.07;-0.39;-114.15;0.31;0.50;1052;3;1;4;-0.30;0.32;0.33;-0.00;-0.01;-0.10;-0.03;-0.07;-0.97;-0.20;-117.25;-0.10;0.50;0.007;1.29;2.22;-1000.00;-1000.00
568.615;1915;-1.04;-0.20;250.41;-1.07;-0.39;-114.15;0.31;0.50;1052;3;1;4;-0.27;0.32;0.33;-0.00;-0.01;-0.10;-0.02;-0.03;-0.98;-0.22;-117.50;-0.06;0.50;0.017;1.29;2.22;-1000.00;-1000.00
568.695;1925;-1.05;-0.23;250.35;-1.07;-0.39;-114.15;0.31;0.50;1052;3;1;4;-0.21;0.33;0.33;-0.01;-0.01;0.02;-0.00;0.03;-1.00;-0.25;-117.63;0.00;0.50;0.006;1.29;2.22;-1000.00;-1000.00
568.795;1934;-1.06;-0.25;250.61;-1.07;-0.39;-114.15;0.31;0.50;1052;3;1;4;-0.17;0.33;0.33;-0.01;-0.01;0.05;0.01;0.09;-1.02;-0.28;-117.47;0.07;0.50;0.006;1.29;2.22;-1000.00;-1000.00
568.895;1944;-1.07;-0.29;251.00;-1.07;-0.39;-114.15;0.31;0.50;1052;3;1;4;-0.11;0.34;0.34;-0.00;-0.01;-0.06;-0.01;0.06;-1.03;-0.31;-117.00;0.13;0.50;0.007;1.29;2.22;-1000.00;-1000.00
568.995;1955;-1.08;-0.32;251.60;-1.14;-0.66;-90.57;0.79;0.50;1052;4;1;4;-0.04;0.34;0.35;-0.00;-0.01;-0.06;-0.02;0.10;-1.05;-0.34;-116.23;0.20;0.50;0.010;1.29;2.22;-1000.00;-1000.00
569.105;1967;-1.10;-0.36;252.32;-1.14;-0.66;-90.57;0.79;0.50;1052;4;1;4;0.04;0.34;0.35;-0.01;-0.01;-0.03;-0.01;0.11;-1.06;-0.37;-115.16;0.26;0.50;0.007;1.29;2.22;-1000.00;-1000.00
569.235;1981;-1.11;-0.41;253.62;-1.16;-0.79;-98.62;-0.63;0.50;187;1;1;4;0.14;0.35;0.34;-0.00;-0.00;0.03;-0.00;0.27;-1.08;-0.41;-113.26;0.34;0.50;0.040;1.29;2.22;-1000.00;-1000.00
569.315;1986;-1.12;-0.42;254.40;-1.16;-0.79;-98.62;-0.63;0.50;187;1;1;4;0.79;0.33;0.36;-0.00;-0.04;-0.27;0.07;0.24;-1.15;-0.65;-90.00;-0.08;0.06;0.025;1.29;2.22;-1000.00;-1000.00
569.445;2001;-1.13;-0.47;260.26;-1.25;-1.05;-115.88;-0.22;0.50;187;2;1;4;0.69;0.32;0.36;-0.05;-0.01;-0.06;0.06;1.19;-1.15;-0.65;-90.00;-0.08;0.06;0.037;1.29;2.22;-1000.00;-1000.00
569.535;2010;-1.14;-0.50;265.28;-1.25;-1.05;-115.88;-0.22;0.50;187;2;1;4;0.28;0.32;0.31;-0.05;-0.00;0.11;-0.09;0.74;-1.15;-0.65;-90.00;-0.08;0.06;0.041;1.29;2.22;-1000.00;-1000.00
569.605;2016;-1.15;-0.52;267.51;-1.25;-1.05;-115.88;-0.22;0.50;187;2;1;4;0.17;0.32;0.32;-0.08;-0.01;-0.06;0.02;0.34;-1.15;-0.65;-90.00;-0.08;0.06;0.014;1.29;2.22;-1000.00;-1000.00
569.725;2028;-1.15;-0.56;267.41;-1.25;-1.05;-115.88;-0.22;0.50;187;2;1;4;0.14;0.31;0.33;0.02;-0.01;-0.02;0.03;-0.11;-1.15;-0.65;-90.00;-0.08;0.06;0.028;1.29;2.22;-1000.00;-1000.00
569.825;2039;-1.15;-0.60;266.65;-1.25;-1.05;-115.88;-0.22;0.50;187;2;1;4;0.14;0.30;0.32;0.01;-0.01;-0.04;0.03;-0.09;-1.15;-0.65;-90.00;-0.08;0.06;0.027;1.29;2.22;-1000.00;-1000.00
569.945;2050;-1.15;-0.63;266.10;-1.25;-1.05;-115.88;-0.22;0.50;187;2;1;4;0.13;0.29;0.31;0.00;-0.01;-0.04;0.03;-0.05;-1.15;-0.65;-90.00;-0.08;0.06;0.043;1.29;2.22;-1000.00;-1000.00
570.025;2058;-1.15;-0.65;265.81;-1.25;-1.05;-115.88;-0.22;0.50;187;2;1;4;0.12;0.27;0.30;0.00;-0.01;-0.03;0.03;-0.05;-1.15;-0.65;-90.00;-0.08;0.06;0.032;1.29;2.22;-1000.00;-1000.00
570.125;2068;-1.15;-0.68;265.47;-1.25;-1.05;-115.88;-0.22;0.50;187;2;1;4;-0.12;0.27;0.28;0.00;-0.01;-0.03;0.02;-0.05;-1.15;-0.68;-90.81;-0.30;0.24;0.033;1.29;2.22;-1000.00;-1000.00
570.235;2081;-1.16;-0.72;263.95;-1.25;-1.05;-115.88;-0.22;0.50;187;2;1;4;-0.19;0.27;0.27;-0.00;-0.00;0.06;-0.03;-0.31;-1.15;-0.70;-91.71;-0.38;0.30;0.033;1.29;2.22;-1000.00;-1000.00
570.325;2088;-1.16;-0.74;262.88;-1.25;-1.05;-115.88;-0.22;0.50;187;2;1;4;-0.32;0.27;0.26;0.01;-0.01;-0.03;0.03;-0.26;-1.15;-0.73;-93.70;-0.48;0.38;0.028;1.29;2.22;-1000.00;-1000.00
570.445;2103;-1.16;-0.78;260.37;-1.25;-1.05;-115.88;-0.22;0.50;187;2;1;4;-0.38;0.27;0.28;0.01;-0.00;-0.01;-0.01;-0.25;-1.15;-0.76;-95.93;-0.56;0.44;0.041;1.29;2.22;-1000.00;-1000.00
570.525;2108;-1.16;-0.79;259.61;-1.25;-1.05;-115.88;-0.22;0.50;187;2;1;4;-0.48;0.28;0.28;0.01;-0.00;-0.06;-0.03;-0.29;-1.16;-0.78;-97.82;-0.61;0.48;0.032;1.29;2.22;-1000.00;-1000.00
570.625;2119;-1.17;-0.82;257.75;-1.25;-1.05;-115.88;-0.22;0.50;187;2;1;4;-0.55;0.29;0.28;-0.01;-0.01;0.13;0.05;-0.30;-1.16;-0.82;-102.02;-0.57;0.50;0.019;1.29;2.21;-1000.00;-1000.00
570.705;2127;-1.18;-0.84;256.23;-1.25;-1.05;-115.88;-0.22;0.50;187;2;1;4;-0.53;0.30;0.29;-0.00;-0.01;0.02;0.00;-0.34;-1.17;-0.84;-103.92;-0.54;0.50;0.016;1.29;2.21;-1000.00;-1000.00
570.815;2136;-1.18;-0.87;254.66;-1.37;-1.29;-114.15;0.31;0.50;187;3;1;4;-0.51;0.31;0.31;0.00;-0.01;-0.08;-0.05;-0.31;-1.18;-0.87;-105.69;-0.51;0.50;0.016;1.29;2.21;-1000.00;-1000.00
570.905;2147;-1.19;-0.90;253.28;-1.37;-1.29;-114.15;0.31;0.50;187;3;1;4;-0.50;0.31;0.32;-0.01;-0.01;-0.03;-0.02;-0.19;-1.19;-0.90;-108.09;-0.46;0.50;0.008;1.29;2.21;-1000.00;-1000.00
571.005;2155;-1.20;-0.92;252.55;-1.37;-1.29;-114.15;0.31;0.50;187;3;1;4;-0.51;0.32;0.32;-0.01;-0.00;-0.02;-0.01;-0.15;-1.20;-0.93;-110.20;-0.41;0.50;0.006;1.29;2.21;-1000.00;-1000.00
571.105;2165;-1.21;-0.95;251.44;-1.37;-1.29;-114.15;0.31;0.50;187;3;1;4;-0.50;0.33;0.31;0.05;-0.01;-0.13;-0.02;-0.25;-1.21;-0.96;-112.04;-0.36;0.50;0.013;1.29;2.21;-1000.00;-1000.00
571.205;2178;-1.22;-1.00;249.72;-1.37;-1.29;-114.15;0.31;0.50;187;3;1;4;-0.45;0.34;0.32;0.06;-0.01;-0.04;0.00;-0.30;-1.22;-0.99;-113.62;-0.31;0.50;0.007;1.29;2.21;-1000.00;-1000.00
571.315;2188;-1.23;-1.03;248.22;-1.37;-1.29;-114.15;0.31;0.50;187;3;1;4;-0.40;0.34;0.32;0.03;-0.01;0.07;0.02;-0.22;-1.23;-1.01;-114.54;-0.28;0.50;0.017;1.29;2.21;-1000.00;-1000.00
571.415;2199;-1.24;-1.06;246.82;-1.37;-1.29;-114.15;0.31;0.50;187;3;1;4;-0.34;0.35;0.35;0.01;-0.01;-0.05;-0.01;-0.21;-1.24;-1.04;-115.71;-0.23;0.50;0.024;1.29;2.21;-1000.00;-1000.00
571.525;2207;-1.25;-1.09;246.30;-1.37;-1.29;-114.15;0.31;0.50;187;3;1;4;-0.31;0.35;0.37;-0.01;-0.01;-0.08;-0.02;-0.09;-1.26;-1.07;-116.62;-0.17;0.50;0.038;1.29;2.21;-1000.00;-1000.00
571.615;2216;-1.26;-1.12;246.03;-1.37;-1.29;-114.15;0.31;0.50;187;3;1;4;-0.26;0.36;0.37;-0.01;-0.01;-0.07;-0.01;-0.06;-1.28;-1.11;-117.39;-0.08;0.50;0.015;1.29;2.21;-1000.00;-1000.00
571.695;2226;-1.28;-1.15;246.06;-1.37;-1.29;-114.15;0.31;0.50;187;3;1;4;-0.21;0.37;0.37;-0.01;-0.01;-0.05;-0.01;0.02;-1.30;-1.14;-117.62;-0.02;0.50;0.007;1.28;2.21;-1000.00;-1000.00
571.805;2234;-1.29;-1.18;246.35;-1.37;-1.29;-114.15;0.31;0.50;187;3;1;4;-0.16;0.37;0.38;-0.01;-0.01;-0.06;-0.01;0.05;-1.31;-1.17;-117.56;0.05;0.50;0.009;1.28;2.21;-1000.00;-1000.00
571.905;2246;-1.31;-1.22;246.92;-1.37;-1.29;-114.15;0.31;0.50;187;3;1;4;-0.09;0.38;0.39;-0.01;-0.01;-0.06;-0.01;0.06;-1.33;-1.20;-117.19;0.11;0.50;0.019;1.28;2.21;-1000.00;-1000.00
572.005;2258;-1.33;-1.26;247.64;-1.44;-1.56;-90.57;0.79;0.50;187;4;1;4;-0.02;0.38;0.39;-0.01;-0.01;-0.06;-0.01;0.10;-1.34;-1.23;-116.52;0.18;0.50;0.011;1.28;2.21;-1000.00;-1000.00
572.105;2268;-1.34;-1.30;248.52;-1.44;-1.56;-90.57;0.79;0.50;187;4;1;4;0.14;0.38;0.39;-0.01;-0.01;-0.04;-0.01;0.14;-1.37;-1.28;-114.73;0.28;0.50;0.011;1.28;2.21;-1000.00;-1000.00
572.285;2282;-1.36;-1.35;250.67;-1.45;-1.55;-90.00;-0.00;0.50;593;0;1;0;0.21;0.38;0.38;0.01;0.00;0.02;-0.02;0.28;-1.38;-1.31;-113.26;0.34;0.50;0.072;1.28;2.21;-1000.00;-1000.00
572.345;2292;-1.38;-1.38;252.18;-1.45;-1.55;-90.00;-0.00;0.50;593;0;1;0;0.69;0.40;0.38;-0.01;-0.00;0.04;-0.03;0.22;-1.45;-1.55;-90.00;-0.00;0.50;0.051;1.28;2.21;-1000.00;-1000.00
572.455;2300;-1.39;-1.41;254.92;-1.45;-1.55;-90.00;-0.00;0.50;593;0;1;0;0.58;0.42;0.43;-0.04;-0.01;-0.05;0.06;1.11;-1.45;-1.55;-90.00;-0.00;0.50;0.062;1.28;2.21;-1000.00;-1000.00
572.545;2312;-1.40;-1.46;261.49;-1.45;-1.55;-90.00;-0.00;0.50;593;0;1;0;0.34;0.44;0.44;-0.11;-0.04;-0.24;0.08;1.01;-1.45;-1.55;-90.00;-0.00;0.50;0.040;1.29;2.21;-1000.00;-1000.00
572.645;2318;-1.41;-1.49;263.73;-1.45;-1.55;-90.00;-0.00;0.50;593;0;1;0;0.21;0.45;0.43;-0.02;0.00;0.18;-0.13;0.22;-1.45;-1.55;-90.00;-0.00;0.50;0.040;1.29;2.21;-1000.00;-1000.00
572.735;2329;-1.42;-1.53;265.31;-1.45;-1.79;-90.00;-0.00;0.50;593;1;1;0;0.15;0.45;0.44;-0.05;-0.01;-0.07;0.05;0.11;-1.45;-1.55;-90.00;-0.00;0.50;0.036;1.29;2.21;-1000.00;-1000.00
572.835;2339;-1.42;-1.58;265.58;-1.45;-1.79;-90.00;-0.00;0.50;593;1;1;0;0.15;0.45;0.45;-0.03;-0.01;-0.07;0.05;0.05;-1.45;-1.55;-90.00;-0.00;0.50;0.040;1.29;2.21;-1000.00;-1000.00
572.955;2353;-1.43;-1.64;265.89;-1.45;-1.79;-90.00;-0.00;0.50;593;1;1;0;0.15;0.45;0.46;0.01;-0.01;0.03;-0.02;0.03;-1.45;-1.60;-90.00;-0.00;0.50;0.063;1.29;2.21;-1000.00;-1000.00
573.035;2359;-1.43;-1.67;266.00;-1.45;-1.79;-90.00;-0.00;0.50;593;1;1;0;0.15;0.45;0.46;0.00;-0.01;-0.08;0.06;0.03;-1.45;-1.67;-90.00;-0.00;0.50;0.044;1.29;2.21;-1000.00;-1000.00
573.145;2372;-1.43;-1.73;266.20;-1.45;-1.79;-90.00;-0.00;0.50;593;1;1;0;0.15;0.45;0.46;0.00;-0.01;-0.03;0.03;0.03;-1.45;-1.71;-90.00;-0.00;0.50;0.047;1.29;2.21;-1000.00;-1000.00
573.225;2378;-1.44;-1.76;266.26;-1.45;-1.79;-90.00;-0.00;0.50;593;1;1;0;0.15;0.45;0.45;0.01;-0.01;0.06;-0.04;0.00;-1.45;-1.75;-90.00;-0.00;0.50;0.024;1.29;2.21;-1000.00;-1000.00
573.325;2389;-1.44;-1.81;266.46;-1.45;-2.03;-90.00;-0.00;0.50;593;2;1;0;0.15;0.46;0.46;0.01;-0.01;0.02;-0.01;0.02;-1.45;-1.79;-90.00;-0.00;0.50;0.026;1.29;2.22;-1000.00;-1000.00
573.445;2401;-1.44;-1.86;266.63;-1.45;-2.03;-90.00;-0.00;0.50;593;2;1;0;0.14;0.46;0.46;0.01;-0.01;0.02;-0.01;0.01;-1.45;-1.84;-90.00;-0.00;0.50;0.049;1.29;2.22;-1000.00;-1000.00
573.505;2406;-1.44;-1.88;266.68;-1.45;-2.03;-90.00;-0.00;0.50;593;2;1;0;0.14;0.46;0.46;0.01;-0.01;0.02;-0.01;0.01;-1.45;-1.89;-90.00;-0.00;0.50;0.016;1.29;2.22;-1000.00;-1000.00
573.635;2420;-1.44;-1.95;266.88;-1.45;-2.03;-90.00;-0.00;0.50;593;2;1;0;0.14;0.46;0.47;0.00;-0.01;-0.02;0.02;0.03;-1.45;-1.92;-90.00;-0.00;0.50;0.036;1.29;2.22;-1000.00;-1000.00
573.735;2429;-1.45;-1.99;266.98;-1.45;-2.03;-90.00;-0.00;0.50;593;2;1;0;0.14;0.46;0.46;0.01;-0.01;0.02;-0.01;0.01;-1.45;-1.97;-90.00;-0.00;0.50;0.032;1.29;2.22;-1000.00;-1000.00
573.825;2439;-1.45;-2.04;267.09;-1.45;-2.26;-90.00;-0.00;0.50;593;3;1;0;0.14;0.46;0.47;0.00;-0.01;-0.09;0.06;0.05;-1.45;-2.02;-90.00;-0.00;0.50;0.037;1.29;2.22;-1000.00;-1000.00
573.915;2448;-1.45;-2.08;267.20;-1.45;-2.26;-90.00;-0.00;0.50;593;3;1;0;0.14;0.46;0.46;0.00;-0.01;-0.02;0.02;0.02;-1.45;-2.08;-90.00;-0.00;0.50;0.016;1.29;2.22;-1000.00;-1000.00
574.005;2458;-1.45;-2.13;267.30;-1.45;-2.26;-90.00;-0.00;0.50;593;3;1;0;0.14;0.46;0.46;0.01;-0.01;0.06;-0.04;0.00;-1.45;-2.10;-90.00;-0.00;0.50;0.014;1.29;2.22;-1000.00;-1000.00
574.105;2467;-1.45;-2.17;267.42;-1.45;-2.26;-90.00;-0.00;0.50;593;3;1;0;0.13;0.46;0.47;0.00;-0.01;-0.08;0.06;0.05;-1.45;-2.16;-90.00;-0.00;0.50;0.006;1.29;2.22;-1000.00;-1000.00
574.205;2478;-1.45;-2.22;267.52;-1.45;-2.26;-90.00;-0.00;0.50;593;3;1;0;0.13;0.46;0.46;0.01;-0.01;0.06;-0.04;-0.00;-1.45;-2.22;-90.00;-0.00;0.50;0.010;1.29;2.22;-1000.00;-1000.00
574.295;2486;-1.46;-2.26;267.61;-1.45;-2.50;-90.00;0.00;0.50;593;4;1;0;0.13;0.47;0.46;0.01;-0.01;0.06;-0.04;-0.00;-1.45;-2.26;-90.00;-0.00;0.50;0.005;1.29;2.22;-1000.00;-1000.00
574.395;2497;-1.46;-2.31;267.75;-1.45;-2.50;-90.00;0.00;0.50;593;4;1;0;0.13;0.47;0.47;0.01;-0.01;0.02;-0.01;0.01;-1.45;-2.31;-90.00;-0.00;0.50;0.002;1.29;2.22;-1000.00;-1000.00
574.505;2505;-1.46;-2.35;267.83;-1.45;-2.50;-90.00;0.00;0.50;593;4;1;0;0.13;0.47;0.47;0.01;-0.01;0.02;-0.01;0.01;-1.45;-2.34;-90.00;-0.00;0.50;0.006;1.29;2.22;-1000.00;-1000.00
574.605;2517;-1.46;-2.40;267.95;-1.45;-2.50;-90.00;0.00;0.50;593;4;1;0;0.13;0.47;0.47;0.01;-0.01;0.02;-0.01;0.01;-1.45;-2.39;-90.00;-0.00;0.50;0.010;1.29;2.22;-1000.00;-1000.00
574.695;2528;-1.46;-2.45;268.05;-1.45;-2.50;-90.00;0.00;0.50;593;4;1;0;0.12;0.47;0.47;0.00;-0.01;-0.02;0.02;0.02;-1.45;-2.43;-90.00;0.00;0.50;0.004;1.29;2.22;-1000.00;-1000.00
574.865;2542;-1.46;-2.52;268.16;-1.45;-2.75;-90.00;0.00;-0.50;589;0;1;2;0.12;0.47;0.47;0.01;-0.01;0.06;-0.04;-0.00;-1.45;-2.49;-90.00;0.00;0.50;0.054;1.29;2.22;-1000.00;-1000.00
575.025;2557;-1.46;-2.59;268.21;-1.45;-2.45;-90.00;-0.00;0.37;590;0;1;7;0.12;0.47;0.33;-0.02;0.02;0.17;0.05;-0.04;-1.45;-2.54;-90.00;0.00;-0.50;0.067;1.29;2.22;-1000.00;-1000.00
575.065;2562;-1.47;-2.60;268.17;-1.40;-2.83;-65.10;0.79;0.50;590;1;1;7;0.12;0.47;0.05;-0.05;-0.02;-0.16;0.02;0.01;-1.45;-2.59;-87.05;0.32;0.42;0.042;1.29;2.22;-1000.00;-1000.00
575.155;2572;-1.47;-2.59;268.04;-1.40;-2.83;-65.10;0.79;0.50;590;1;1;7;0.12;0.47;-0.01;-0.01;-0.00;-0.03;0.02;-0.03;-1.45;-2.59;-87.05;0.32;0.42;0.046;1.29;2.22;-1000.00;-1000.00
575.255;2582;-1.47;-2.59;267.93;-1.40;-2.83;-65.10;0.79;0.50;590;1;1;7;0.12;0.47;0.00;0.00;0.00;0.00;-0.00;-0.01;-1.45;-2.59;-87.05;0.32;0.42;0.063;1.29;2.22;-1000.00;-1000.00
575.355;2593;-1.47;-2.59;267.85;-1.40;-2.83;-65.10;0.79;0.50;590;1;1;7;0.12;0.47;0.00;-0.00;-0.00;0.00;0.00;-0.01;-1.45;-2.59;-87.05;0.32;0.42;0.053;1.29;2.22;-1000.00;-1000.00
575.445;2601;-1.47;-2.59;267.80;-1.40;-2.83;-65.10;0.79;0.50;590;1;1;7;0.12;0.47;0.00;-0.00;-0.00;0.00;0.00;-0.01;-1.45;-2.59;-87.05;0.32;0.42;0.048;1.29;2.22;-1000.00;-1000.00
575.555;2612;-1.47;-2.59;267.76;-1.40;-2.83;-65.10;0.79;0.50;590;1;1;7;0.12;0.47;0.00;0.00;-0.00;0.00;-0.00;-0.01;-1.45;-2.59;-87.05;0.32;0.42;0.052;1.29;2.22;-1000.00;-1000.00
575.625;2620;-1.47;-2.60;267.73;-1.40;-2.83;-65.10;0.79;0.50;590;1;1;7;0.12;0.47;0.00;-0.00;-0.00;0.00;-0.00;-0.00;-1.45;-2.59;-87.05;0.32;0.42;0.027;1.29;2.22;-1000.00;-1000.00
575.735;2630;-1.47;-2.60;267.71;-1.40;-2.83;-65.10;0.79;0.50;590;1;1;7;0.12;0.47;0.00;0.00;-0.00;0.00;-0.00;-0.00;-1.45;-2.59;-87.05;0.32;0.42;0.039;1.29;2.22;-1000.00;-1000.00
575.835;2638;-1.47;-2.60;267.70;-1.40;-2.83;-65.10;0.79;0.50;590;1;1;7;0.12;0.47;0.00;0.00;-0.00;0.00;-0.00;-0.00;-1.45;-2.59;-87.05;0.32;0.42;0.041;1.29;2.22;-1000.00;-1000.00
575.925;2647;-1.47;-2.60;267.69;-1.40;-2.83;-65.10;0.79;0.50;590;1;1;7;0.12;0.47;0.00;0.00;-0.00;0.00;-0.00;-0.00;-1.45;-2.59;-87.05;0.32;0.42;0.032;1.29;2.22;-1000.00;-1000.00
576.045;2662;-1.47;-2.60;267.67;-1.40;-2.83;-65.10;0.79;0.50;590;1;1;7;0.12;0.47;0.00;0.00;-0.00;0.00;-0.00;-0.00;-1.45;-2.59;-87.05;0.32;0.42;0.053;1.29;2.22;-1000.00;-1000.00
576.125;2668;-1.47;-2.60;267.67;-1.40;-2.83;-65.10;0.79;0.50;590;1;1;7;0.12;0.47;0.00;0.00;-0.00;0.00;-0.00;-0.00;-1.45;-2.59;-87.05;0.32;0.42;0.028;1.29;2.22;-1000.00;-1000.00
576.225;2676;-1.47;-2.60;267.66;-1.40;-2.83;-65.10;0.79;0.50;590;1;1;7;0.12;0.47;0.00;0.00;-0.00;0.00;-0.00;-0.00;-1.45;-2.59;-87.05;0.32;0.42;0.034;1.29;2.22;-1000.00;-1000.00
576.315;2690;-1.47;-2.60;267.66;-1.40;-2.83;-65.10;0.79;0.50;590;1;1;7;0.12;0.47;0.00;0.00;-0.00;0.00;-0.00;-0.00;-1.45;-2.59;-87.05;0.32;0.42;0.036;1.29;2.22;-1000.00;-1000.00
576.425;2699;-1.47;-2.60;267.66;-1.40;-2.83;-65.10;0.79;0.50;590;1;1;7;0.12;0.47;0.00;0.00;-0.00;0.00;-0.00;-0.00;-1.45;-2.59;-87.05;0.32;0.42;0.041;1.29;2.22;-1000.00;-1000.00
576.555;2713;-1.47;-2.60;267.66;-1.40;-2.83;-65.10;0.79;0.50;590;1;1;7;0.12;0.47;0.00;0.00;-0.00;0.00;-0.00;-0.00;-1.45;-2.59;-87.05;0.32;0.42;0.068;1.29;2.22;-1000.00;-1000.00
576.625;2717;-1.47;-2.60;267.65;-1.40;-2.83;-65.10;0.79;0.50;590;1;1;7;0.12;0.47;0.00;0.00;-0.00;0.00;-0.00;-0.00;-1.45;-2.59;-87.05;0.32;0.42;0.026;1.29;2.22;-1000.00;-1000.00
576.735;2728;-1.47;-2.60;267.65;-1.40;-2.83;-65.10;0.79;0.50;590;1;1;7;0.12;0.47;0.00;0.00;-0.00;0.00;-0.00;-0.00;-1.45;-2.59;-87.05;0.32;0.42;0.036;1.29;2.22;-1000.00;-1000.00
576.825;2737;-1.47;-2.60;267.65;-1.40;-2.83;-65.10;0.79;0.50;590;1;1;7;0.12;0.47;0.00;0.00;-0.00;0.00;-0.00;-0.00;-1.45;-2.59;-87.05;0.32;0.42;0.027;1.29;2.22;-1000.00;-1000.00
576.945;2749;-1.47;-2.60;267.65;-1.40;-2.83;-65.10;0.79;0.50;590;1;1;7;0.53;0.47;0.00;0.00;-0.00;0.00;-0.00;-0.00;-1.45;-2.59;-87.05;0.32;0.42;0.042;1.29;2.22;-1000.00;-1000.00
577.035;2759;-1.47;-2.61;269.36;-1.40;-2.83;-65.10;0.79;0.50;590;1;1;7;0.53;0.48;0.36;0.01;-0.05;0.00;0.24;0.89;-1.45;-2.61;-86.34;0.35;0.43;0.037;1.29;2.22;-1000.00;-1000.00
577.115;2766;-1.47;-2.64;273.09;-1.40;-2.83;-65.10;0.79;0.50;590;1;1;7;0.51;0.48;0.48;0.01;-0.01;0.04;-0.02;0.90;-1.45;-2.64;-84.64;0.41;0.44;0.021;1.29;2.22;-1000.00;-1000.00
577.245;2780;-1.47;-2.71;279.49;-1.40;-2.83;-65.10;0.79;0.50;590;1;1;7;0.54;0.48;0.48;-0.10;-0.01;-0.12;0.03;0.80;-1.44;-2.69;-81.29;0.51;0.45;0.047;1.29;2.22;-1000.00;-1000.00
577.365;2791;-1.46;-2.76;284.02;-1.04;-3.07;-3.77;0.79;0.50;590;2;1;7;0.59;0.47;0.48;-0.09;-0.00;-0.07;0.06;0.79;-1.43;-2.72;-78.49;0.57;0.46;0.071;1.29;2.22;-1000.00;-1000.00
577.405;2795;-1.46;-2.78;285.79;-1.04;-3.07;-3.77;0.79;0.50;590;2;1;7;0.63;0.48;0.45;-0.08;-0.00;0.07;-0.02;0.67;-1.42;-2.77;-73.33;0.67;0.48;0.017;1.29;2.22;-1000.00;-1000.00
577.515;2810;-1.45;-2.85;293.14;-1.04;-3.07;-3.77;0.79;0.50;590;2;1;7;0.62;0.48;0.44;-0.11;-0.01;-0.02;0.01;0.91;-1.41;-2.80;-69.20;0.73;0.49;0.021;1.29;2.22;-1000.00;-1000.00
577.615;2818;-1.45;-2.88;297.08;-1.04;-3.07;-3.77;0.79;0.50;590;2;1;7;0.69;0.48;0.43;-0.10;-0.01;0.11;0.01;0.80;-1.39;-2.84;-64.48;0.79;0.50;0.022;1.29;2.22;-1000.00;-1000.00
577.715;2827;-1.44;-2.92;302.20;-1.04;-3.07;-3.77;0.79;0.50;590;2;1;7;0.74;0.49;0.43;-0.14;-0.01;-0.03;0.01;1.09;-1.37;-2.88;-57.04;0.79;0.50;0.024;1.29;2.22;-1000.00;-1000.00
577.805;2837;-1.42;-2.97;308.65;-1.04;-3.07;-3.77;0.79;0.50;590;2;1;7;0.68;0.50;0.43;-0.15;-0.01;-0.05;0.01;1.20;-1.35;-2.91;-52.09;0.79;0.50;0.014;1.29;2.22;-1000.00;-1000.00
577.905;2846;-1.41;-3.00;314.38;-1.04;-3.07;-3.77;0.79;0.50;590;2;1;7;0.61;0.50;0.44;-0.14;-0.01;-0.05;-0.00;1.10;-1.34;-2.93;-49.61;0.79;0.50;0.013;1.29;2.22;-1000.00;-1000.00
578.035;2860;-1.37;-3.06;321.37;-1.04;-3.07;-3.77;0.79;0.50;590;2;1;7;0.60;0.50;0.45;-0.09;-0.01;-0.05;-0.01;0.80;-1.31;-2.95;-44.65;0.79;0.50;0.036;1.29;2.22;-1000.00;-1000.00
578.135;2870;-1.34;-3.09;325.72;-1.04;-3.07;-3.77;0.79;0.50;590;2;1;7;0.64;0.49;0.45;-0.09;-0.01;-0.04;-0.01;0.74;-1.28;-2.98;-39.70;0.79;0.50;0.034;1.29;2.22;-1000.00;-1000.00
578.225;2879;-1.31;-3.11;329.33;-1.04;-3.07;-3.77;0.79;0.50;590;2;1;7;0.70;0.50;0.43;-0.10;-0.01;-0.03;-0.01;0.85;-1.25;-3.00;-34.74;0.79;0.50;0.029;1.29;2.22;-1000.00;-1000.00
578.325;2889;-1.28;-3.14;335.08;-1.04;-3.07;-3.77;0.79;0.50;590;2;1;7;0.69;0.49;0.41;-0.11;-0.01;-0.02;-0.01;0.96;-1.22;-3.02;-29.79;0.79;0.50;0.036;1.29;2.22;-1000.00;-1000.00
578.425;2899;-1.24;-3.17;340.36;-1.04;-3.07;-3.77;0.79;0.50;590;2;1;7;0.70;0.49;0.40;-0.09;-0.00;-0.01;-0.00;0.86;-1.19;-3.04;-24.83;0.79;0.50;0.018;1.29;2.22;-1000.00;-1000.00
578.525;2907;-1.21;-3.18;344.31;-1.04;-3.07;-3.77;0.79;0.50;590;2;1;7;0.73;0.49;0.38;-0.12;-0.04;0.13;-0.10;0.92;-1.16;-3.05;-19.88;0.79;0.50;0.033;1.29;2.22;-1000.00;-1000.00
578.615;2918;-1.17;-3.21;351.54;-1.04;-3.07;-3.77;0.79;0.50;590;2;1;7;0.68;0.48;0.42;-0.14;0.00;0.00;-0.03;1.28;-1.12;-3.06;-14.92;0.79;0.50;0.018;1.29;2.22;-1000.00;-1000.00
578.715;2926;-1.14;-3.22;357.48;-1.04;-3.07;-3.77;0.79;0.50;590;2;1;7;0.60;0.47;0.45;-0.16;-0.00;-0.02;-0.03;1.28;-1.11;-3.07;-12.44;0.79;0.50;0.025;1.29;2.22;-1000.00;-1000.00
578.825;2941;-1.07;-3.24;367.26;-0.66;-2.89;54.20;0.73;0.50;590;3;1;7;0.50;0.46;0.47;-0.17;-0.03;-0.03;-0.22;1.13;-1.07;-3.07;-7.49;0.79;0.50;0.036;1.29;2.22;-1000.00;-1000.00
578.925;2949;-1.03;-3.25;371.09;-0.66;-2.89;54.20;0.73;0.50;590;3;1;7;0.07;0.45;0.44;-0.10;-0.01;0.02;0.02;0.68;-1.05;-3.07;-5.01;0.79;0.50;0.023;1.29;2.22;-1000.00;-1000.00
579.005;2955;-1.01;-3.25;372.93;-0.66;-2.89;54.20;0.73;0.50;590;3;1;7;0.17;0.45;0.44;-0.07;-0.01;0.00;-0.01;0.18;-1.02;-3.08;-0.07;0.78;0.50;0.008;1.29;2.22;-1000.00;-1000.00
579.125;2970;-0.94;-3.24;372.67;-0.66;-2.89;54.20;0.73;0.50;590;3;1;7;0.49;0.45;0.46;0.00;-0.01;-0.02;-0.07;0.09;-0.98;-3.07;4.83;0.78;0.50;0.030;1.29;2.22;-1000.00;-1000.00
579.215;2978;-0.91;-3.23;374.34;-0.66;-2.89;54.20;0.73;0.50;590;3;1;7;0.63;0.46;0.46;-0.01;-0.01;-0.02;-0.04;0.63;-0.94;-3.07;9.69;0.77;0.50;0.024;1.29;2.22;-1000.00;-1000.00
579.295;2986;-0.87;-3.22;377.81;-0.66;-2.89;54.20;0.73;0.50;590;3;1;7;0.68;0.46;0.44;-0.06;-0.01;0.00;0.02;0.89;-0.91;-3.06;14.50;0.77;0.50;0.005;1.29;2.22;-1000.00;-1000.00
579.405;2996;-0.83;-3.21;383.59;-0.66;-2.89;54.20;0.73;0.50;590;3;1;7;0.66;0.47;0.43;-0.16;-0.01;0.01;-0.16;1.14;-0.87;-3.05;19.26;0.76;0.50;0.016;1.29;2.22;-1000.00;-1000.00
579.505;3006;-0.78;-3.21;389.51;-0.66;-2.89;54.20;0.73;0.50;590;3;1;7;0.59;0.46;0.44;-0.16;-0.01;0.02;-0.15;1.06;-0.86;-3.04;21.63;0.76;0.50;0.012;1.29;2.22;-1000.00;-1000.00
579.615;3019;-0.73;-3.19;395.98;-0.66;-2.89;54.20;0.73;0.50;590;3;1;7;0.58;0.46;0.42;-0.08;-0.01;-0.02;0.08;0.73;-0.82;-3.03;26.33;0.76;0.50;0.014;1.29;2.22;-1000.00;-1000.00
579.705;3025;-0.70;-3.18;398.65;-0.66;-2.89;54.20;0.73;0.50;590;3;1;7;0.63;0.46;0.44;-0.07;-0.01;0.00;-0.05;0.81;-0.79;-3.01;30.99;0.75;0.50;0.009;1.29;2.22;-1000.00;-1000.00
579.815;3037;-0.66;-3.15;404.08;-0.66;-2.89;54.20;0.73;0.50;590;3;1;7;0.62;0.45;0.41;-0.09;-0.01;-0.02;0.04;0.82;-0.78;-3.00;33.30;0.75;0.50;0.013;1.29;2.22;-1000.00;-1000.00
579.915;3049;-0.62;-3.12;409.50;-0.66;-2.89;54.20;0.73;0.50;590;3;1;7;0.61;0.44;0.41;-0.09;-0.01;-0.00;-0.04;0.77;-0.75;-2.98;37.90;0.75;0.50;0.017;1.29;2.22;-1000.00;-1000.00
580.005;3057;-0.59;-3.10;412.85;-0.66;-2.89;54.20;0.73;0.50;590;3;1;7;0.61;0.43;0.40;-0.08;-0.01;-0.01;-0.03;0.69;-0.73;-2.97;40.18;0.74;0.50;0.010;1.29;2.22;-1000.00;-1000.00
580.115;3068;-0.56;-3.07;417.08;-0.66;-2.89;54.20;0.73;0.50;590;3;1;7;0.62;0.42;0.39;-0.08;-0.01;0.00;-0.03;0.65;-0.71;-2.95;44.71;0.74;0.50;0.021;1.29;2.22;-1000.00;-1000.00
580.195;3078;-0.54;-3.04;420.80;-0.66;-2.89;54.20;0.73;0.50;590;3;1;7;0.65;0.40;0.37;-0.07;-0.01;0.00;-0.03;0.62;-0.68;-2.92;49.20;0.73;0.50;0.006;1.29;2.22;-1000.00;-1000.00
580.315;3087;-0.52;-3.01;424.21;-0.66;-2.89;54.20;0.73;0.50;590;3;1;7;0.64;0.39;0.36;-0.07;-0.00;-0.01;-0.02;0.66;-0.67;-2.90;51.43;0.73;0.50;0.014;1.29;2.22;-1000.00;-1000.00
580.405;3096;-0.50;-2.99;427.45;-0.66;-2.89;54.20;0.73;0.50;590;3;1;7;0.66;0.38;0.35;-0.06;-0.00;-0.02;-0.02;0.57;-0.65;-2.88;55.84;0.72;0.50;0.011;1.29;2.22;-1000.00;-1000.00
580.505;3107;-0.48;-2.95;430.94;-0.66;-2.89;54.20;0.73;0.50;590;3;1;7;0.62;0.36;0.34;-0.05;-0.00;-0.00;-0.01;0.57;-0.64;-2.86;57.96;0.70;0.50;0.010;1.29;2.22;-1000.00;-1000.00
580.605;3115;-0.47;-2.93;433.47;-0.66;-2.89;54.20;0.73;0.50;590;3;1;7;0.59;0.35;0.33;-0.09;-0.04;0.13;0.06;0.59;-0.63;-2.85;60.01;0.68;0.50;0.006;1.29;2.22;-1000.00;-1000.00
580.705;3126;-0.45;-2.90;437.39;-0.66;-2.89;54.20;0.73;0.50;590;3;1;7;0.56;0.33;0.34;-0.06;-0.00;-0.07;0.08;0.54;-0.61;-2.81;63.90;0.65;0.50;0.010;1.29;2.22;-1000.00;-1000.00
580.815;3138;-0.43;-2.86;441.51;-0.66;-2.89;54.20;0.73;0.50;590;3;1;7;0.48;0.31;0.32;-0.06;-0.00;-0.09;0.09;0.47;-0.60;-2.80;65.74;0.63;0.50;0.010;1.29;2.22;-1000.00;-1000.00
580.905;3145;-0.42;-2.84;443.46;-0.66;-2.89;54.20;0.73;0.50;590;3;1;7;0.49;0.30;0.31;-0.05;-0.01;-0.11;0.10;0.33;-0.59;-2.76;69.23;0.59;0.50;0.009;1.29;2.22;-1000.00;-1000.00
581.015;3156;-0.42;-2.80;445.98;-0.66;-2.89;54.20;0.73;0.50;590;3;1;7;0.45;0.28;0.30;-0.06;-0.01;0.05;-0.04;0.42;-0.58;-2.75;70.88;0.58;0.50;0.016;1.29;2.22;-1000.00;-1000.00
581.115;3168;-0.41;-2.77;448.27;-0.66;-2.89;54.20;0.73;0.50;590;3;1;7;0.42;0.27;0.29;-0.03;-0.01;-0.00;-0.01;0.27;-0.58;-2.73;72.46;0.56;0.50;0.021;1.29;2.22;-1000.00;-1000.00
581.205;3178;-0.41;-2.74;449.55;-0.66;-2.89;54.20;0.73;0.50;590;3;1;7;0.41;0.25;0.26;-0.02;-0.01;-0.05;0.03;0.16;-0.57;-2.71;73.98;0.54;0.50;0.011;1.29;2.22;-1000.00;-1000.00
581.315;3188;-0.41;-2.71;450.29;-0.66;-2.89;54.20;0.73;0.50;590;3;1;7;0.43;0.24;0.25;0.01;-0.01;-0.05;0.02;0.08;-0.56;-2.68;76.84;0.51;0.50;0.021;1.29;2.22;-1000.00;-1000.00
581.395;3197;-0.41;-2.69;450.76;-0.66;-2.89;54.20;0.73;0.50;590;3;1;7;0.44;0.22;0.24;0.01;-0.01;-0.04;0.02;0.07;-0.56;-2.66;78.18;0.49;0.50;0.010;1.29;2.22;-1000.00;-1000.00
581.495;3207;-0.41;-2.67;451.20;-0.66;-2.89;54.20;0.73;0.50;590;3;1;7;0.44;0.21;0.25;-0.00;-0.01;0.08;-0.06;0.09;-0.56;-2.64;79.47;0.47;0.50;0.005;1.29;2.22;-1000.00;-1000.00
581.615;3216;-0.41;-2.65;451.64;-0.66;-2.89;54.20;0.73;0.50;590;3;1;7;0.45;0.21;0.20;-0.03;-0.01;-0.02;0.01;0.08;-0.55;-2.62;80.70;0.45;0.50;0.014;1.29;2.22;-1000.00;-1000.00
581.715;3227;-0.41;-2.62;452.21;-0.66;-2.89;54.20;0.73;0.50;590;3;1;7;0.46;0.20;0.21;0.00;-0.01;-0.01;-0.01;0.08;-0.55;-2.61;81.87;0.44;0.50;0.026;1.29;2.22;-1000.00;-1000.00
581.855;3244;-0.41;-2.59;452.79;-0.55;-2.45;90.00;-0.00;0.50;114;0;1;0;0.46;0.19;0.20;0.00;-0.01;0.01;-0.02;0.04;-0.55;-2.59;82.99;0.42;0.50;0.049;1.29;2.22;-1000.00;-1000.00
581.955;3253;-0.41;-2.57;453.01;-0.55;-2.45;90.00;-0.00;0.50;114;0;1;0;0.19;0.22;0.21;-0.00;-0.01;0.09;-0.05;0.07;-0.55;-2.45;90.00;-0.00;0.50;0.060;1.29;2.22;-1000.00;-1000.00
582.065;3261;-0.41;-2.55;452.58;-0.55;-2.45;90.00;-0.00;0.50;114;0;1;0;0.21;0.25;0.22;0.01;-0.01;-0.04;0.02;-0.19;-0.55;-2.45;90.00;-0.00;0.50;0.063;1.29;2.22;-1000.00;-1000.00
582.135;3271;-0.41;-2.53;451.95;-0.55;-2.45;90.00;-0.00;0.50;114;0;1;0;0.24;0.27;0.24;0.00;-0.01;-0.03;0.02;-0.10;-0.55;-2.45;90.00;-0.00;0.50;0.037;1.29;2.22;-1000.00;-1000.00
582.265;3284;-0.41;-2.50;451.82;-0.55;-2.45;90.00;-0.00;0.50;114;0;1;0;0.24;0.28;0.28;0.00;-0.01;0.05;-0.03;0.05;-0.55;-2.45;90.00;-0.00;0.50;0.070;1.29;2.22;-1000.00;-1000.00
582.345;3290;-0.41;-2.48;451.89;-0.55;-2.45;90.00;-0.00;0.50;114;0;1;0;0.24;0.30;0.28;0.00;-0.01;-0.00;-0.00;0.02;-0.55;-2.45;90.00;-0.00;0.50;0.049;1.29;2.22;-1000.00;-1000.00
582.455;3300;-0.42;-2.45;452.03;-0.55;-2.45;90.00;-0.00;0.50;114;0;1;0;0.23;0.31;0.30;0.00;-0.01;-0.02;0.01;0.02;-0.55;-2.45;90.00;-0.00;0.50;0.060;1.29;2.22;-1000.00;-1000.00
582.555;3314;-0.42;-2.41;452.24;-0.55;-2.45;90.00;-0.00;0.50;114;0;1;0;0.21;0.31;0.31;0.01;-0.01;-0.06;0.03;0.01;-0.55;-2.44;90.00;-0.00;0.50;0.059;1.29;2.22;-1000.00;-1000.00
582.635;3318;-0.42;-2.39;452.30;-0.55;-2.45;90.00;-0.00;0.50;114;0;1;0;0.21;0.32;0.31;0.01;-0.01;-0.05;0.02;-0.00;-0.55;-2.40;90.00;-0.00;0.50;0.035;1.29;2.22;-1000.00;-1000.00
582.735;3328;-0.42;-2.36;452.41;-0.55;-2.45;90.00;-0.00;0.50;114;0;1;0;0.20;0.33;0.34;-0.00;-0.01;0.09;-0.05;0.05;-0.55;-2.37;90.00;-0.00;0.50;0.038;1.29;2.22;-1000.00;-1000.00
582.835;3339;-0.42;-2.33;452.51;-0.55;-2.45;90.00;-0.00;0.50;114;0;1;0;0.19;0.34;0.33;0.00;-0.01;0.00;-0.01;0.01;-0.55;-2.33;90.00;-0.00;0.50;0.039;1.29;2.22;-1000.00;-1000.00
582.985;3354;-0.43;-2.28;452.62;-0.55;-2.45;90.00;-0.00;0.50;114;0;1;0;0.17;0.34;0.35;0.00;-0.01;0.05;-0.03;0.04;-0.55;-2.31;90.00;-0.00;0.50;0.086;1.30;2.22;-1000.00;-1000.00
583.065;3363;-0.43;-2.25;452.67;-0.55;-2.21;90.00;-0.00;0.50;114;1;1;0;0.17;0.34;0.35;-0.00;-0.01;0.08;-0.05;0.02;-0.55;-2.28;90.00;-0.00;0.50;0.076;1.30;2.22;-1000.00;-1000.00
583.155;3372;-0.43;-2.21;452.66;-0.55;-2.21;90.00;-0.00;0.50;114;1;1;0;0.17;0.35;0.35;0.00;-0.01;0.05;-0.03;0.02;-0.55;-2.25;90.00;-0.00;0.50;0.047;1.30;2.22;-1000.00;-1000.00
583.265;3383;-0.43;-2.18;452.71;-0.55;-2.21;90.00;-0.00;0.50;114;1;1;0;0.16;0.35;0.36;0.00;-0.01;0.05;-0.03;0.03;-0.55;-2.20;90.00;-0.00;0.50;0.058;1.30;2.22;-1000.00;-1000.00
583.315;3387;-0.43;-2.16;452.75;-0.55;-2.21;90.00;-0.00;0.50;114;1;1;0;0.15;0.36;0.35;0.00;-0.01;-0.00;-0.00;0.01;-0.55;-2.16;90.00;-0.00;0.50;0.028;1.30;2.22;-1000.00;-1000.00
583.455;3402;-0.44;-2.11;452.80;-0.55;-2.21;90.00;-0.00;0.50;114;1;1;0;0.14;0.37;0.37;0.00;-0.01;0.04;-0.02;0.02;-0.55;-2.13;90.00;-0.00;0.50;0.058;1.30;2.22;-1000.00;-1000.00
583.555;3411;-0.44;-2.07;452.81;-0.55;-1.97;90.00;-0.00;0.50;114;2;1;0;0.14;0.37;0.37;0.00;-0.01;0.04;-0.02;0.01;-0.55;-2.09;90.00;-0.00;0.50;0.060;1.30;2.22;-1000.00;-1000.00
583.635;3421;-0.44;-2.04;452.82;-0.55;-1.97;90.00;-0.00;0.50;114;2;1;0;0.13;0.37;0.38;0.00;-0.01;0.03;-0.02;0.01;-0.55;-2.05;90.00;-0.00;0.50;0.039;1.30;2.22;-1000.00;-1000.00
583.715;3428;-0.44;-2.01;452.82;-0.55;-1.97;90.00;-0.00;0.50;114;2;1;0;0.13;0.38;0.38;0.00;-0.01;0.03;-0.02;0.01;-0.55;-2.03;90.00;-0.00;0.50;0.023;1.30;2.22;-1000.00;-1000.00
583.825;3439;-0.44;-1.97;452.83;-0.55;-1.97;90.00;-0.00;0.50;114;2;1;0;0.12;0.38;0.39;0.00;-0.01;0.03;-0.02;0.01;-0.55;-1.97;90.00;-0.00;0.50;0.026;1.30;2.22;-1000.00;-1000.00
583.915;3448;-0.45;-1.93;452.84;-0.55;-1.97;90.00;-0.00;0.50;114;2;1;0;0.11;0.39;0.39;0.00;-0.01;0.03;-0.02;0.01;-0.55;-1.96;90.00;-0.00;0.50;0.025;1.30;2.22;-1000.00;-1000.00
584.015;3458;-0.45;-1.90;452.85;-0.55;-1.97;90.00;-0.00;0.50;114;2;1;0;0.11;0.39;0.39;0.00;-0.01;0.02;-0.02;0.00;-0.55;-1.91;90.00;-0.00;0.50;0.025;1.30;2.22;-1000.00;-1000.00
584.125;3467;-0.45;-1.86;452.85;-0.55;-1.74;90.00;-0.00;0.50;114;3;1;0;0.10;0.40;0.40;0.00;-0.01;0.02;-0.02;0.00;-0.55;-1.86;90.00;-0.00;0.50;0.020;1.30;2.22;-1000.00;-1000.00
584.205;3478;-0.45;-1.82;452.85;-0.55;-1.74;90.00;-0.00;0.50;114;3;1;0;0.10;0.40;0.40;0.00;-0.01;0.02;-0.02;-0.00;-0.55;-1.81;90.00;-0.00;0.50;0.016;1.30;2.22;-1000.00;-1000.00
584.295;3486;-0.45;-1.78;452.84;-0.55;-1.74;90.00;-0.00;0.50;114;3;1;0;0.09;0.41;0.41;0.00;-0.01;0.02;-0.02;-0.00;-0.55;-1.79;90.00;-0.00;0.50;0.009;1.30;2.22;-1000.00;-1000.00
584.405;3497;-0.46;-1.74;452.83;-0.55;-1.74;90.00;-0.00;0.50;114;3;1;0;0.09;0.41;0.41;0.00;-0.01;0.02;-0.01;-0.00;-0.55;-1.74;90.00;-0.00;0.50;0.019;1.30;2.22;-1000.00;-1000.00
584.495;3506;-0.46;-1.70;452.83;-0.55;-1.74;90.00;-0.00;0.50;114;3;1;0;0.08;0.41;0.42;0.00;-0.01;0.02;-0.01;-0.00;-0.55;-1.70;90.00;-0.00;0.50;0.006;1.30;2.22;-1000.00;-1000.00
584.605;3516;-0.46;-1.66;452.81;-0.55;-1.50;90.00;0.00;0.50;114;4;1;0;0.08;0.42;0.42;0.00;-0.01;0.01;-0.01;-0.00;-0.55;-1.66;90.00;-0.00;0.50;0.017;1.30;2.22;-1000.00;-1000.00
584.695;3527;-0.46;-1.61;452.79;-0.55;-1.50;90.00;0.00;0.50;114;4;1;0;0.07;0.42;0.42;0.00;-0.00;0.01;-0.01;-0.00;-0.55;-1.62;90.00;-0.00;0.50;0.001;1.30;2.22;-1000.00;-1000.00
584.795;3535;-0.47;-1.58;452.76;-0.55;-1.50;90.00;0.00;0.50;114;4;1;0;0.07;0.43;0.43;0.00;-0.00;0.01;-0.01;-0.01;-0.55;-1.58;90.00;-0.00;0.50;0.002;1.30;2.22;-1000.00;-1000.00
584.895;3546;-0.47;-1.53;452.73;-0.55;-1.50;90.00;0.00;0.50;114;4;1;0;0.07;0.43;0.43;0.00;-0.00;0.01;-0.01;-0.00;-0.55;-1.54;90.00;0.00;0.50;0.002;1.30;2.22;-1000.00;-1000.00
585.075;3565;-0.47;-1.45;452.66;-0.55;-1.14;84.96;-0.49;0.50;1006;1;1;6;0.06;0.43;0.44;0.00;-0.00;0.01;-0.01;-0.01;-0.55;-1.50;90.00;0.00;0.50;0.083;1.30;2.22;-1000.00;-1000.00
585.135;3569;-0.47;-1.43;452.65;-0.55;-1.14;84.96;-0.49;0.50;1006;1;1;6;0.29;0.44;0.44;0.00;-0.00;0.01;-0.01;-0.01;-0.55;-1.25;90.00;-0.05;0.05;0.035;1.30;2.22;-1000.00;-1000.00
585.215;3579;-0.47;-1.39;453.54;-0.55;-1.14;84.96;-0.49;0.50;1006;1;1;6;0.17;0.44;0.44;0.00;-0.00;-0.12;0.07;0.34;-0.55;-1.25;90.00;-0.05;0.05;0.030;1.30;2.22;-1000.00;-1000.00
585.325;3589;-0.48;-1.35;454.70;-0.49;-0.93;63.79;-0.75;0.50;1006;2;1;6;0.04;0.44;0.45;0.01;-0.01;0.06;-0.03;0.10;-0.55;-1.25;90.00;-0.05;0.05;0.027;1.30;2.22;-1000.00;-1000.00
585.425;3600;-0.48;-1.30;454.35;-0.49;-0.93;63.79;-0.75;0.50;1006;2;1;6;-0.04;0.43;0.45;0.01;-0.01;0.03;-0.02;-0.12;-0.55;-1.25;90.00;-0.05;0.05;0.032;1.30;2.22;-1000.00;-1000.00
585.525;3608;-0.49;-1.26;453.56;-0.49;-0.93;63.79;-0.75;0.50;1006;2;1;6;-0.11;0.42;0.43;0.01;-0.01;0.02;-0.02;-0.19;-0.55;-1.25;90.00;-0.05;0.05;0.031;1.30;2.22;-1000.00;-1000.00
585.635;3619;-0.49;-1.21;452.23;-0.36;-0.77;37.77;-0.70;0.50;1006;3;1;6;-0.36;0.41;0.42;-0.00;-0.00;-0.02;0.00;-0.20;-0.55;-1.22;89.20;-0.27;0.28;0.040;1.30;2.22;-1000.00;-1000.00
585.705;3627;-0.49;-1.18;450.81;-0.36;-0.77;37.77;-0.70;0.50;1006;3;1;6;-0.55;0.41;0.42;0.01;-0.00;-0.00;0.01;-0.51;-0.55;-1.18;87.40;-0.39;0.40;0.016;1.30;2.22;-1000.00;-1000.00
585.805;3637;-0.49;-1.14;447.24;-0.36;-0.77;37.77;-0.70;0.50;1006;3;1;6;-0.63;0.42;0.43;0.03;-0.01;0.06;0.04;-0.78;-0.54;-1.13;84.00;-0.50;0.50;0.014;1.30;2.22;-1000.00;-1000.00
585.905;3647;-0.49;-1.10;442.58;-0.36;-0.77;37.77;-0.70;0.50;1006;3;1;6;-0.62;0.42;0.40;0.02;-0.01;-0.20;-0.09;-0.76;-0.54;-1.09;80.52;-0.56;0.50;0.006;1.30;2.22;-1000.00;-1000.00
586.005;3656;-0.49;-1.06;438.21;-0.16;-0.67;16.78;-0.54;0.50;1006;4;1;6;-0.61;0.42;0.41;0.13;-0.05;0.12;-0.14;-0.92;-0.53;-1.05;77.62;-0.60;0.50;0.007;1.30;2.22;-1000.00;-1000.00
586.095;3666;-0.50;-1.02;433.55;-0.16;-0.67;16.78;-0.54;0.50;1006;4;1;6;-0.66;0.42;0.39;0.09;-0.01;-0.14;-0.03;-0.68;-0.52;-1.01;73.34;-0.65;0.50;0.001;1.30;2.22;-1000.00;-1000.00
586.195;3676;-0.49;-0.98;428.90;-0.16;-0.67;16.78;-0.54;0.50;1006;4;1;6;-0.71;0.43;0.39;0.08;-0.01;-0.19;-0.02;-0.78;-0.51;-0.97;68.56;-0.70;0.50;0.002;1.30;2.22;-1000.00;-1000.00
586.295;3685;-0.49;-0.94;424.22;-0.16;-0.67;16.78;-0.54;0.50;1006;4;1;6;-0.73;0.43;0.39;0.10;-0.01;-0.04;0.03;-0.94;-0.49;-0.94;64.62;-0.74;0.50;0.001;1.30;2.22;-1000.00;-1000.00
586.395;3696;-0.48;-0.90;418.05;-0.16;-0.67;16.78;-0.54;0.50;1006;4;1;6;-0.70;0.43;0.37;0.12;-0.01;-0.13;0.02;-0.92;-0.47;-0.90;59.12;-0.74;0.50;0.001;1.30;2.22;-1000.00;-1000.00
586.495;3704;-0.47;-0.87;413.69;-0.16;-0.67;16.78;-0.54;0.50;1006;4;1;6;-0.68;0.43;0.40;0.12;-0.01;0.07;0.01;-0.95;-0.46;-0.87;55.07;-0.73;0.50;0.001;1.30;2.22;-1000.00;-1000.00
586.595;3717;-0.45;-0.82;407.16;-0.16;-0.67;16.78;-0.54;0.50;1006;4;1;6;-0.67;0.44;0.41;0.15;-0.05;0.28;-0.19;-1.05;-0.43;-0.84;49.77;-0.72;0.50;0.002;1.30;2.22;-1000.00;-1000.00
586.695;3724;-0.43;-0.80;403.98;-0.16;-0.67;16.78;-0.54;0.50;1006;4;1;6;-0.66;0.44;0.37;0.09;-0.01;-0.23;0.05;-0.72;-0.41;-0.81;45.87;-0.71;0.50;0.006;1.30;2.22;-1000.00;-1000.00
586.805;3737;-0.40;-0.75;397.32;0.05;-0.64;0.57;-0.47;0.50;1006;5;1;6;-0.62;0.44;0.39;0.11;-0.01;0.07;-0.04;-0.91;-0.38;-0.78;40.77;-0.70;0.50;0.001;1.30;2.22;-1000.00;-1000.00
586.895;3747;-0.38;-0.72;392.72;0.05;-0.64;0.57;-0.47;0.50;1006;5;1;6;-0.57;0.45;0.40;0.09;-0.01;-0.00;-0.01;-0.79;-0.35;-0.76;37.02;-0.69;0.50;0.002;1.30;2.22;-1000.00;-1000.00
586.995;3756;-0.35;-0.70;389.07;0.05;-0.64;0.57;-0.47;0.50;1006;5;1;6;-0.58;0.45;0.41;0.07;-0.01;-0.01;-0.00;-0.69;-0.31;-0.74;32.25;-0.66;0.50;0.002;1.30;2.22;-1000.00;-1000.00
587.095;3767;-0.31;-0.67;384.68;0.05;-0.64;0.57;-0.47;0.50;1006;5;1;6;-0.55;0.45;0.42;0.05;-0.01;-0.13;0.10;-0.65;-0.29;-0.72;28.87;-0.64;0.50;0.003;1.30;2.22;-1000.00;-1000.00
587.205;3777;-0.27;-0.65;380.70;0.05;-0.64;0.57;-0.47;0.50;1006;5;1;6;-0.53;0.46;0.43;0.09;-0.05;-0.06;-0.14;-0.72;-0.25;-0.70;24.62;-0.60;0.50;0.006;1.30;2.22;-1000.00;-1000.00
587.305;3788;-0.23;-0.62;376.22;0.05;-0.64;0.57;-0.47;0.50;1006;5;1;6;-0.49;0.46;0.44;0.06;-0.00;-0.09;0.08;-0.65;-0.21;-0.69;20.66;-0.57;0.50;0.002;1.30;2.22;-1000.00;-1000.00
587.475;3805;-0.16;-0.59;369.55;0.19;-0.64;8.62;0.63;0.50;699;1;1;3;-0.46;0.46;0.46;0.07;-0.00;-0.03;0.04;-0.60;-0.18;-0.68;17.86;-0.55;0.50;0.078;1.30;2.22;-1000.00;-1000.00
587.535;3811;-0.13;-0.58;367.32;0.19;-0.64;8.62;0.63;0.50;699;1;1;3;-0.77;0.45;0.46;0.07;-0.00;-0.03;0.04;-0.61;0.05;-0.65;-0.00;0.08;0.06;0.045;1.30;2.22;-1000.00;-1000.00
587.625;3819;-0.09;-0.57;362.69;0.45;-0.55;25.88;0.22;0.50;699;2;1;3;-0.51;0.44;0.46;0.14;-0.01;0.08;-0.07;-1.49;0.05;-0.65;-0.00;0.08;0.06;0.030;1.30;2.22;-1000.00;-1000.00
587.725;3830;-0.05;-0.56;355.62;0.45;-0.55;25.88;0.22;0.50;699;2;1;3;0.01;0.43;0.44;0.16;-0.04;0.02;-0.28;-0.90;0.05;-0.65;-0.00;0.08;0.06;0.029;1.30;2.22;-1000.00;-1000.00
587.825;3838;-0.01;-0.55;354.46;0.45;-0.55;25.88;0.22;0.50;699;2;1;3;0.09;0.41;0.42;0.05;-0.01;0.05;-0.10;0.19;0.05;-0.65;-0.00;0.08;0.06;0.031;1.30;2.22;-1000.00;-1000.00
587.905;3846;0.02;-0.56;355.95;0.45;-0.55;25.88;0.22;0.50;699;2;1;3;0.06;0.39;0.42;-0.03;-0.01;0.03;-0.07;0.33;0.05;-0.65;-0.00;0.08;0.06;0.016;1.30;2.22;-1000.00;-1000.00
588.025;3857;0.06;-0.56;357.53;0.45;-0.55;25.88;0.22;0.50;699;2;1;3;0.11;0.37;0.39;-0.01;-0.00;0.01;0.00;0.21;0.06;-0.65;0.06;0.15;0.12;0.029;1.30;2.22;-1000.00;-1000.00
588.135;3869;0.11;-0.56;358.92;0.45;-0.55;25.88;0.22;0.50;699;2;1;3;0.36;0.36;0.37;0.00;0.00;0.00;0.01;0.17;0.10;-0.65;1.71;0.38;0.30;0.041;1.30;2.23;-1000.00;-1000.00
588.215;3880;0.15;-0.56;360.95;0.45;-0.55;25.88;0.22;0.50;699;2;1;3;0.52;0.36;0.37;-0.01;-0.00;0.04;0.08;0.41;0.14;-0.65;4.37;0.51;0.40;0.025;1.30;2.23;-1000.00;-1000.00
588.315;3888;0.18;-0.56;363.40;0.45;-0.55;25.88;0.22;0.50;699;2;1;3;0.67;0.36;0.38;-0.03;-0.01;-0.06;-0.09;0.63;0.18;-0.64;7.82;0.61;0.48;0.024;1.30;2.23;-1000.00;-1000.00
588.425;3899;0.22;-0.56;368.05;0.45;-0.55;25.88;0.22;0.50;699;2;1;3;0.63;0.37;0.35;-0.07;-0.01;-0.00;-0.04;0.84;0.22;-0.64;12.02;0.57;0.50;0.034;1.30;2.23;-1000.00;-1000.00
588.505;3907;0.25;-0.56;371.47;0.69;-0.43;24.15;-0.31;0.50;699;3;1;3;0.58;0.37;0.36;-0.09;-0.01;-0.01;-0.06;0.72;0.27;-0.62;15.69;0.51;0.50;0.010;1.30;2.23;-1000.00;-1000.00
588.605;3918;0.29;-0.56;375.21;0.69;-0.43;24.15;-0.31;0.50;699;3;1;3;0.48;0.37;0.38;-0.07;-0.00;-0.06;-0.05;0.59;0.31;-0.61;18.82;0.44;0.50;0.018;1.30;2.23;-1000.00;-1000.00
588.705;3926;0.32;-0.56;377.48;0.69;-0.43;24.15;-0.31;0.50;699;3;1;3;0.44;0.38;0.38;-0.08;-0.04;0.04;-0.26;0.53;0.34;-0.60;20.85;0.39;0.50;0.013;1.30;2.23;-1000.00;-1000.00
588.805;3936;0.36;-0.55;379.50;0.69;-0.43;24.15;-0.31;0.50;699;3;1;3;0.39;0.38;0.36;-0.05;-0.01;-0.01;-0.06;0.34;0.37;-0.59;22.60;0.34;0.50;0.012;1.30;2.23;-1000.00;-1000.00
588.905;3945;0.39;-0.54;380.99;0.69;-0.43;24.15;-0.31;0.50;699;3;1;3;0.35;0.38;0.38;-0.05;-0.01;-0.02;-0.08;0.30;0.40;-0.57;24.09;0.29;0.50;0.009;1.30;2.23;-1000.00;-1000.00
589.015;3956;0.43;-0.53;382.25;0.69;-0.43;24.15;-0.31;0.50;699;3;1;3;0.31;0.39;0.39;0.01;-0.01;-0.01;0.01;0.14;0.44;-0.56;25.71;0.23;0.50;0.015;1.30;2.23;-1000.00;-1000.00
589.115;3970;0.48;-0.51;382.95;0.69;-0.43;24.15;-0.31;0.50;699;3;1;3;0.24;0.39;0.40;0.02;-0.01;-0.02;-0.05;0.08;0.47;-0.54;26.62;0.17;0.50;0.013;1.30;2.23;-1000.00;-1000.00
589.225;3979;0.51;-0.49;382.79;0.69;-0.43;24.15;-0.31;0.50;699;3;1;3;0.20;0.39;0.39;0.01;-0.01;-0.00;0.01;-0.06;0.51;-0.52;27.39;0.08;0.50;0.023;1.30;2.23;-1000.00;-1000.00
589.315;3988;0.54;-0.48;382.44;0.69;-0.43;24.15;-0.31;0.50;699;3;1;3;0.16;0.39;0.39;0.01;-0.01;0.01;0.05;-0.10;0.54;-0.50;27.62;0.02;0.50;0.014;1.30;2.23;-1000.00;-1000.00
589.405;3994;0.56;-0.47;382.14;0.69;-0.43;24.15;-0.31;0.50;699;3;1;3;0.12;0.39;0.40;0.01;-0.01;-0.01;-0.06;-0.07;0.57;-0.49;27.56;-0.05;0.50;0.010;1.30;2.23;-1000.00;-1000.00
589.495;4008;0.62;-0.44;381.34;0.69;-0.43;24.15;-0.31;0.50;699;3;1;3;0.03;0.40;0.40;0.01;-0.01;0.00;0.03;-0.12;0.62;-0.46;26.78;-0.15;0.50;0.009;1.30;2.23;-1000.00;-1000.00
589.595;4014;0.64;-0.44;380.97;0.69;-0.43;24.15;-0.31;0.50;699;3;1;3;-0.02;0.40;0.40;0.01;-0.01;-0.01;-0.01;-0.19;0.64;-0.45;26.23;-0.20;0.50;0.007;1.30;2.23;-1000.00;-1000.00
589.705;4026;0.68;-0.42;379.58;0.96;-0.36;0.57;-0.79;0.50;699;4;1;3;-0.11;0.40;0.40;0.01;-0.01;-0.02;-0.04;-0.18;0.68;-0.43;24.73;-0.28;0.50;0.010;1.30;2.23;-1000.00;-1000.00
589.855;4043;0.75;-0.40;377.30;0.95;-0.35;0.00;0.00;-0.50;403;0;1;2;-0.23;0.40;0.40;-0.00;-0.00;0.01;-0.01;-0.31;0.72;-0.42;22.70;-0.36;0.50;0.043;1.30;2.23;-1000.00;-1000.00
590.005;4055;0.79;-0.38;375.45;0.65;-0.35;0.00;-0.00;0.50;217;0;1;0;0.79;0.36;0.39;0.01;-0.00;0.02;-0.01;-0.10;0.76;-0.35;-0.00;0.00;-0.50;0.065;1.30;2.23;-1000.00;-1000.00
590.035;4059;0.81;-0.38;376.50;0.89;-0.35;-0.00;-0.00;0.50;217;1;1;0;0.79;0.36;0.34;-0.03;-0.01;0.03;-0.03;0.85;0.79;-0.35;-0.00;-0.00;0.50;0.031;1.30;2.23;-1000.00;-1000.00
590.145;4070;0.84;-0.38;382.79;0.89;-0.35;-0.00;-0.00;0.50;217;1;1;0;0.79;0.36;0.13;-0.12;-0.09;0.31;-0.23;0.67;0.82;-0.35;-0.00;-0.00;0.50;0.043;1.30;2.23;-1000.00;-1000.00
590.235;4080;0.84;-0.38;382.49;0.89;-0.35;-0.00;-0.00;0.50;217;1;1;0;0.79;0.36;-0.01;0.02;-0.01;-0.01;-0.03;-0.10;0.84;-0.35;-0.00;-0.00;0.50;0.045;1.30;2.23;-1000.00;-1000.00
590.315;4088;0.84;-0.38;381.97;0.89;-0.35;-0.00;-0.00;0.50;217;1;1;0;0.79;0.36;0.00;0.00;-0.00;-0.00;-0.03;-0.08;0.84;-0.35;-0.00;-0.00;0.50;0.024;1.30;2.23;-1000.00;-1000.00
590.415;4097;0.84;-0.38;381.75;0.89;-0.35;-0.00;-0.00;0.50;217;1;1;0;0.79;0.36;0.00;-0.00;0.00;-0.00;0.00;-0.03;0.84;-0.35;-0.00;-0.00;0.50;0.023;1.30;2.23;-1000.00;-1000.00
590.525;4107;0.84;-0.38;381.60;0.89;-0.35;-0.00;-0.00;0.50;217;1;1;0;0.79;0.36;0.00;-0.00;-0.00;-0.00;0.00;-0.02;0.84;-0.35;-0.00;-0.00;0.50;0.023;1.30;2.23;-1000.00;-1000.00
590.625;4118;0.84;-0.38;381.49;0.89;-0.35;-0.00;-0.00;0.50;217;1;1;0;0.79;0.36;0.00;0.00;-0.00;-0.00;0.00;-0.02;0.84;-0.35;-0.00;-0.00;0.50;0.034;1.30;2.23;-1000.00;-1000.00
590.725;4129;0.84;-0.38;381.41;0.89;-0.35;-0.00;-0.00;0.50;217;1;1;0;0.79;0.36;0.00;0.00;-0.00;-0.00;0.00;-0.01;0.84;-0.35;-0.00;-0.00;0.50;0.021;1.30;2.23;-1000.00;-1000.00
590.825;4139;0.84;-0.38;381.36;0.89;-0.35;-0.00;-0.00;0.50;217;1;1;0;0.79;0.36;0.00;0.00;-0.00;-0.00;0.00;-0.01;0.84;-0.35;-0.00;-0.00;0.50;0.030;1.30;2.23;-1000.00;-1000.00
590.935;4150;0.84;-0.38;381.33;0.89;-0.35;-0.00;-0.00;0.50;217;1;1;0;0.79;0.36;0.00;0.00;-0.00;-0.00;0.00;-0.00;0.84;-0.35;-0.00;-0.00;0.50;0.039;1.30;2.23;-1000.00;-1000.00
591.025;4158;0.84;-0.38;381.31;0.89;-0.35;-0.00;-0.00;0.50;217;1;1;0;0.79;0.36;0.00;0.00;-0.00;-0.00;0.00;-0.00;0.84;-0.35;-0.00;-0.00;0.50;0.041;1.30;2.23;-1000.00;-1000.00
591.125;4168;0.84;-0.38;381.29;0.89;-0.35;-0.00;-0.00;0.50;217;1;1;0;0.79;0.36;0.00;0.00;-0.00;-0.00;0.00;-0.00;0.84;-0.35;-0.00;-0.00;0.50;0.034;1.30;2.23;-1000.00;-1000.00
591.235;4180;0.84;-0.38;381.27;0.89;-0.35;-0.00;-0.00;0.50;217;1;1;0;0.79;0.36;0.00;0.00;-0.00;-0.00;0.00;-0.00;0.84;-0.35;-0.00;-0.00;0.50;0.045;1.30;2.23;-1000.00;-1000.00
591.315;4186;0.84;-0.38;381.27;0.89;-0.35;-0.00;-0.00;0.50;217;1;1;0;0.79;0.36;0.00;0.00;-0.00;-0.00;0.00;-0.00;0.84;-0.35;-0.00;-0.00;0.50;0.026;1.30;2.23;-1000.00;-1000.00
591.415;4196;0.84;-0.38;381.26;0.89;-0.35;-0.00;-0.00;0.50;217;1;1;0;0.79;0.36;0.00;0.00;-0.00;-0.00;0.00;-0.00;0.84;-0.35;-0.00;-0.00;0.50;0.024;1.30;2.23;-1000.00;-1000.00
591.545;4211;0.84;-0.38;381.25;0.89;-0.35;-0.00;-0.00;0.50;217;1;1;0;0.79;0.36;0.00;0.00;-0.00;-0.00;0.00;-0.00;0.84;-0.35;-0.00;-0.00;0.50;0.056;1.30;2.23;-1000.00;-1000.00
591.655;4220;0.84;-0.38;381.25;0.89;-0.35;-0.00;-0.00;0.50;217;1;1;0;0.79;0.36;0.00;0.00;-0.00;-0.00;0.00;-0.00;0.84;-0.35;-0.00;-0.00;0.50;0.065;1.30;2.23;-1000.00;-1000.00
591.735;4231;0.84;-0.38;381.25;0.89;-0.35;-0.00;-0.00;0.50;217;1;1;0;0.79;0.36;0.00;0.00;-0.00;-0.00;0.00;-0.00;0.84;-0.35;-0.00;-0.00;0.50;0.041;1.30;2.23;-1000.00;-1000.00
591.885;4246;0.84;-0.38;381.25;0.89;-0.35;-0.00;-0.00;0.50;217;1;1;0;0.79;0.36;0.00;0.00;-0.00;-0.00;0.00;-0.00;0.84;-0.35;-0.00;-0.00;0.50;0.088;1.30;2.23;-1000.00;-1000.00
591.935;4250;0.84;-0.38;381.25;0.89;-0.35;-0.00;-0.00;0.50;217;1;1;0;0.79;0.36;0.00;0.00;-0.00;-0.00;0.00;-0.00;0.84;-0.35;-0.00;-0.00;0.50;0.049;1.30;2.23;-1000.00;-1000.00
592.025;4258;0.84;-0.38;381.24;0.89;-0.35;-0.00;-0.00;0.50;217;1;1;0;-0.79;0.36;0.00;0.00;-0.00;-0.00;0.00;-0.00;0.84;-0.35;-0.00;-0.00;0.50;0.026;1.30;2.23;-1000.00;-1000.00
592.155;4273;0.87;-0.37;376.00;0.89;-0.35;-0.00;-0.00;0.50;217;1;1;0;-0.74;0.37;0.36;0.01;-0.01;0.02;-0.01;-1.24;0.85;-0.35;-0.00;-0.00;0.50;0.050;1.30;2.23;-1000.00;-1000.00
592.235;4277;0.88;-0.36;373.36;0.89;-0.35;-0.00;-0.00;0.50;217;1;1;0;-0.62;0.37;0.37;0.00;-0.01;-0.09;0.09;-1.07;0.88;-0.35;-0.00;-0.00;0.50;0.031;1.30;2.23;-1000.00;-1000.00
592.345;4291;0.93;-0.35;366.16;1.13;-0.35;-0.00;-0.00;0.50;217;2;1;0;-0.33;0.38;0.37;0.10;-0.00;0.01;-0.05;-0.77;0.91;-0.35;-0.00;-0.00;0.50;0.045;1.30;2.23;-1000.00;-1000.00
592.405;4296;0.95;-0.34;364.39;1.13;-0.35;-0.00;-0.00;0.50;217;2;1;0;-0.24;0.39;0.37;0.11;-0.01;0.05;-0.10;-0.43;0.95;-0.35;-0.00;-0.00;0.50;0.014;1.30;2.23;-1000.00;-1000.00
592.515;4306;0.98;-0.33;363.53;1.13;-0.35;-0.00;-0.00;0.50;217;2;1;0;-0.22;0.39;0.37;0.03;-0.01;-0.04;0.06;-0.05;0.99;-0.35;-0.00;-0.00;0.50;0.020;1.30;2.23;-1000.00;-1000.00
592.635;4319;1.04;-0.33;362.93;1.13;-0.35;-0.00;-0.00;0.50;217;2;1;0;-0.20;0.39;0.40;-0.01;-0.01;0.01;0.01;-0.05;1.01;-0.35;-0.00;-0.00;0.50;0.040;1.30;2.23;-1000.00;-1000.00
592.735;4330;1.08;-0.33;362.73;1.13;-0.35;-0.00;-0.00;0.50;217;2;1;0;-0.19;0.40;0.39;-0.01;-0.01;-0.04;0.07;0.01;1.06;-0.35;-0.00;-0.00;0.50;0.037;1.30;2.23;-1000.00;-1000.00
592.825;4338;1.11;-0.32;362.64;1.36;-0.35;-0.00;-0.00;0.50;217;3;1;0;-0.19;0.40;0.40;-0.01;-0.01;0.02;-0.02;-0.01;1.09;-0.35;-0.00;-0.00;0.50;0.036;1.30;2.23;-1000.00;-1000.00
592.915;4346;1.14;-0.32;362.58;1.36;-0.35;-0.00;-0.00;0.50;217;3;1;0;-0.19;0.40;0.40;-0.01;-0.01;-0.04;0.06;0.01;1.14;-0.35;-0.00;-0.00;0.50;0.023;1.30;2.23;-1000.00;-1000.00
593.045;4362;1.21;-0.32;362.41;1.36;-0.35;-0.00;-0.00;0.50;217;3;1;0;-0.19;0.40;0.41;-0.00;-0.01;0.04;-0.05;-0.04;1.18;-0.35;-0.00;-0.00;0.50;0.041;1.30;2.23;-1000.00;-1000.00
593.105;4366;1.22;-0.32;362.35;1.36;-0.35;-0.00;-0.00;0.50;217;3;1;0;-0.18;0.41;0.40;-0.01;-0.01;-0.05;0.07;0.00;1.23;-0.35;-0.00;-0.00;0.50;0.015;1.30;2.23;-1000.00;-1000.00
593.205;4376;1.27;-0.32;362.24;1.36;-0.35;-0.00;-0.00;0.50;217;3;1;0;-0.18;0.41;0.41;-0.01;-0.01;-0.03;0.05;-0.00;1.26;-0.35;-0.00;-0.00;0.50;0.010;1.31;2.23;-1000.00;-1000.00
593.315;4386;1.31;-0.32;362.08;1.36;-0.35;-0.00;-0.00;0.50;217;3;1;0;-0.18;0.42;0.42;-0.00;-0.01;0.04;-0.06;-0.05;1.31;-0.35;-0.00;-0.00;0.50;0.015;1.31;2.23;-1000.00;-1000.00
593.415;4397;1.35;-0.32;361.94;1.36;-0.35;-0.00;-0.00;0.50;217;3;1;0;-0.17;0.42;0.42;-0.01;-0.01;-0.02;0.03;-0.00;1.36;-0.35;-0.00;-0.00;0.50;0.012;1.31;2.23;-1000.00;-1000.00
593.505;4405;1.39;-0.32;361.86;1.60;-0.35;-0.00;0.00;0.50;217;4;1;0;-0.17;0.43;0.43;-0.00;-0.01;0.06;-0.08;-0.04;1.38;-0.35;-0.00;-0.00;0.50;0.007;1.31;2.23;-1000.00;-1000.00
593.595;4416;1.43;-0.32;361.76;1.60;-0.35;-0.00;0.00;0.50;217;4;1;0;-0.17;0.43;0.43;-0.01;-0.01;0.01;-0.00;-0.03;1.43;-0.35;-0.00;-0.00;0.50;0.002;1.31;2.23;-1000.00;-1000.00
593.695;4424;1.47;-0.32;361.65;1.60;-0.35;-0.00;0.00;0.50;217;4;1;0;-0.16;0.43;0.44;-0.00;-0.01;0.05;-0.07;-0.04;1.47;-0.35;-0.00;-0.00;0.50;0.001;1.31;2.23;-1000.00;-1000.00
593.805;4435;1.52;-0.32;361.55;1.60;-0.35;-0.00;0.00;0.50;217;4;1;0;-0.16;0.44;0.44;-0.00;-0.01;0.04;-0.05;-0.03;1.52;-0.35;-0.00;-0.00;0.50;0.002;1.31;2.23;-1000.00;-1000.00
593.895;4444;1.56;-0.32;361.41;1.60;-0.35;-0.00;0.00;0.50;217;4;1;0;-0.15;0.44;0.44;-0.00;-0.01;0.03;-0.05;-0.03;1.55;-0.35;-0.00;0.00;0.50;0.004;1.31;2.23;-1000.00;-1000.00
594.065;4463;1.64;-0.31;361.28;1.85;-0.35;0.00;-0.00;0.37;1130;0;1;7;-0.15;0.44;0.45;-0.00;-0.01;0.03;-0.05;-0.03;1.60;-0.35;-0.00;0.00;0.50;0.069;1.31;2.23;-1000.00;-1000.00
594.135;4469;1.67;-0.31;361.22;1.85;-0.35;0.00;-0.00;0.37;1130;0;1;7;-0.18;0.46;0.45;-0.00;-0.01;0.03;-0.04;-0.03;1.85;-0.35;0.00;-0.00;0.37;0.041;1.31;2.23;-1000.00;-1000.00
594.225;4477;1.70;-0.31;361.07;1.85;-0.35;0.00;-0.00;0.37;1130;0;1;7;-0.16;0.48;0.46;-0.00;-0.01;0.01;-0.01;-0.08;1.85;-0.35;0.00;-0.00;0.37;0.029;1.31;2.23;-1000.00;-1000.00
594.325;4488;1.75;-0.31;360.71;1.85;-0.35;0.00;-0.00;0.37;1130;0;1;7;-0.12;0.49;0.49;-0.00;-0.01;0.04;-0.06;-0.06;1.85;-0.35;0.00;-0.00;0.37;0.027;1.31;2.23;-1000.00;-1000.00
594.445;4501;1.82;-0.31;360.71;2.23;-0.30;24.90;0.79;0.50;1130;1;1;7;-0.09;0.49;0.49;-0.01;-0.01;0.00;0.00;0.02;1.85;-0.35;0.00;-0.00;0.37;0.047;1.31;2.23;-1000.00;-1000.00
594.525;4511;1.87;-0.31;360.92;2.23;-0.30;24.90;0.79;0.50;1130;1;1;7;-0.03;0.48;0.50;-0.01;-0.01;0.03;-0.04;0.04;1.85;-0.35;0.00;-0.00;0.37;0.026;1.31;2.23;-1000.00;-1000.00
594.625;4520;1.91;-0.31;361.53;2.23;-0.30;24.90;0.79;0.50;1130;1;1;7;0.08;0.47;0.49;-0.01;-0.01;0.03;-0.03;0.12;1.89;-0.35;0.22;0.10;0.38;0.031;1.31;2.23;-1000.00;-1000.00
594.725;4530;1.96;-0.31;362.89;2.23;-0.30;24.90;0.79;0.50;1130;1;1;7;0.16;0.46;0.47;-0.01;-0.01;0.02;-0.02;0.26;1.93;-0.35;0.95;0.19;0.40;0.041;1.31;2.23;-1000.00;-1000.00
594.825;4539;2.00;-0.31;364.67;2.23;-0.30;24.90;0.79;0.50;1130;1;1;7;0.23;0.45;0.46;-0.01;-0.05;-0.24;0.01;0.34;1.98;-0.35;2.32;0.29;0.42;0.030;1.31;2.23;-1000.00;-1000.00
594.925;4550;2.05;-0.31;366.70;2.23;-0.30;24.90;0.79;0.50;1130;1;1;7;0.34;0.45;0.46;-0.01;-0.00;0.00;0.01;0.30;2.03;-0.35;4.46;0.38;0.43;0.038;1.31;2.23;-1000.00;-1000.00
595.045;4558;2.09;-0.30;368.45;2.23;-0.30;24.90;0.79;0.50;1130;1;1;7;0.46;0.44;0.45;-0.00;-0.01;0.04;0.08;0.41;2.07;-0.34;7.48;0.48;0.45;0.051;1.31;2.23;-1000.00;-1000.00
595.125;4568;2.13;-0.29;370.95;2.47;0.06;86.23;0.79;0.50;1130;2;1;7;0.66;0.44;0.46;-0.01;-0.01;-0.03;-0.05;0.54;2.14;-0.33;13.10;0.60;0.47;0.022;1.31;2.23;-1000.00;-1000.00
595.215;4578;2.18;-0.29;375.10;2.47;0.06;86.23;0.79;0.50;1130;2;1;7;0.79;0.44;0.43;-0.04;-0.00;0.03;0.17;0.90;2.17;-0.32;16.67;0.67;0.48;0.026;1.31;2.23;-1000.00;-1000.00
595.315;4586;2.21;-0.29;380.46;2.47;0.06;86.23;0.79;0.50;1130;2;1;7;0.79;0.45;0.41;-0.17;-0.01;0.00;-0.10;1.40;2.22;-0.30;23.09;0.76;0.50;0.014;1.31;2.23;-1000.00;-1000.00
595.415;4597;2.26;-0.29;388.89;2.47;0.06;86.23;0.79;0.50;1130;2;1;7;0.79;0.45;0.36;-0.21;-0.05;0.19;0.06;1.30;2.25;-0.29;28.00;0.79;0.50;0.014;1.31;2.23;-1000.00;-1000.00
595.515;4609;2.31;-0.28;397.90;2.47;0.06;86.23;0.79;0.50;1130;2;1;7;0.67;0.45;0.38;-0.17;-0.01;-0.01;-0.04;1.33;2.28;-0.27;32.96;0.79;0.50;0.020;1.31;2.23;-1000.00;-1000.00
595.635;4619;2.34;-0.26;404.07;2.47;0.06;86.23;0.79;0.50;1130;2;1;7;0.57;0.45;0.40;-0.12;-0.01;-0.00;-0.05;0.93;2.31;-0.25;37.91;0.79;0.50;0.034;1.31;2.23;-1000.00;-1000.00
595.715;4627;2.37;-0.24;407.98;2.47;0.06;86.23;0.79;0.50;1130;2;1;7;0.60;0.45;0.41;-0.07;-0.01;-0.02;0.08;0.67;2.34;-0.22;42.87;0.79;0.50;0.020;1.31;2.23;-1000.00;-1000.00
595.815;4638;2.41;-0.21;412.19;2.47;0.06;86.23;0.79;0.50;1130;2;1;7;0.70;0.45;0.41;-0.07;-0.01;-0.01;-0.03;0.70;2.38;-0.18;50.30;0.79;0.50;0.014;1.31;2.23;-1000.00;-1000.00
595.915;4646;2.43;-0.19;415.78;2.47;0.06;86.23;0.79;0.50;1130;2;1;7;0.69;0.45;0.39;-0.10;-0.01;0.01;-0.03;0.92;2.39;-0.17;52.78;0.79;0.50;0.015;1.31;2.23;-1000.00;-1000.00
596.015;4657;2.46;-0.16;421.71;2.47;0.06;86.23;0.79;0.50;1130;2;1;7;0.67;0.45;0.37;-0.12;-0.01;0.01;-0.02;0.91;2.41;-0.14;57.73;0.79;0.50;0.019;1.31;2.23;-1000.00;-1000.00
596.115;4667;2.49;-0.13;426.71;2.47;0.06;86.23;0.79;0.50;1130;2;1;7;0.69;0.45;0.38;-0.09;-0.00;-0.00;-0.02;0.81;2.43;-0.11;62.69;0.79;0.50;0.023;1.31;2.23;-1000.00;-1000.00
596.225;4680;2.51;-0.09;432.55;2.47;0.06;86.23;0.79;0.50;1130;2;1;7;0.68;0.45;0.37;-0.07;0.00;-0.00;0.00;0.75;2.44;-0.07;67.64;0.79;0.50;0.036;1.31;2.23;-1000.00;-1000.00
596.315;4689;2.53;-0.06;437.03;2.47;0.06;86.23;0.79;0.50;1130;2;1;7;0.65;0.44;0.39;-0.07;0.00;-0.07;0.06;0.89;2.45;-0.06;70.12;0.79;0.50;0.020;1.31;2.23;-1000.00;-1000.00
596.425;4699;2.55;-0.02;442.35;2.29;0.44;144.20;0.73;0.50;1130;3;1;7;0.65;0.43;0.42;-0.07;0.01;-0.14;0.09;0.87;2.46;-0.02;75.08;0.79;0.50;0.029;1.31;2.23;-1000.00;-1000.00
596.515;4707;2.56;0.01;447.04;2.29;0.44;144.20;0.73;0.50;1130;3;1;7;0.48;0.44;0.43;-0.10;0.00;-0.12;0.07;0.99;2.47;0.03;82.51;0.79;0.50;0.012;1.31;2.23;-1000.00;-1000.00
596.615;4718;2.58;0.05;452.36;2.29;0.44;144.20;0.73;0.50;1130;3;1;7;0.44;0.44;0.42;-0.10;-0.01;-0.18;0.12;0.54;2.47;0.05;84.99;0.79;0.50;0.022;1.31;2.23;-1000.00;-1000.00
596.705;4726;2.58;0.09;453.63;2.29;0.44;144.20;0.73;0.50;1130;3;1;7;0.59;0.45;0.38;0.04;-0.03;0.11;0.01;-0.15;2.48;0.08;89.93;0.78;0.50;0.016;1.31;2.23;-1000.00;-1000.00
596.805;4737;2.57;0.13;455.66;2.29;0.44;144.20;0.73;0.50;1130;3;1;7;0.73;0.45;0.41;0.07;-0.01;-0.16;0.08;0.64;2.47;0.12;94.83;0.78;0.50;0.009;1.31;2.23;-1000.00;-1000.00
596.905;4745;2.56;0.16;458.46;2.29;0.44;144.20;0.73;0.50;1130;3;1;7;0.79;0.46;0.47;0.11;-0.06;0.03;-0.21;0.57;2.47;0.16;99.69;0.77;0.50;0.009;1.31;2.23;-1000.00;-1000.00
597.005;4756;2.54;0.21;464.75;2.29;0.44;144.20;0.73;0.50;1130;3;1;7;0.79;0.47;0.49;0.06;-0.00;-0.03;0.02;1.31;2.46;0.19;104.50;0.77;0.50;0.007;1.31;2.23;-1000.00;-1000.00
597.115;4768;2.52;0.27;472.60;2.29;0.44;144.20;0.73;0.50;1130;3;1;7;0.74;0.47;0.48;0.00;-0.01;-0.11;0.02;1.37;2.45;0.23;109.26;0.76;0.50;0.021;1.31;2.23;-1000.00;-1000.00
597.205;4775;2.51;0.30;477.77;2.29;0.44;144.20;0.73;0.50;1130;3;1;7;0.69;0.47;0.46;-0.06;-0.01;-0.06;-0.01;1.19;2.44;0.26;113.98;0.76;0.50;0.009;1.31;2.23;-1000.00;-1000.00
597.315;4788;2.49;0.35;485.89;2.29;0.44;144.20;0.73;0.50;1130;3;1;7;0.61;0.46;0.42;-0.16;-0.01;0.11;0.02;1.04;2.42;0.29;118.66;0.75;0.50;0.023;1.31;2.23;-1000.00;-1000.00
597.405;4798;2.47;0.39;490.70;2.29;0.44;144.20;0.73;0.50;1130;3;1;7;0.63;0.45;0.43;-0.10;-0.01;0.06;-0.02;0.78;2.40;0.32;123.30;0.75;0.50;0.015;1.31;2.23;-1000.00;-1000.00
597.505;4806;2.46;0.42;494.20;2.29;0.44;144.20;0.73;0.50;1130;3;1;7;0.67;0.45;0.41;-0.07;-0.01;-0.11;-0.04;0.69;2.38;0.35;127.90;0.75;0.50;0.007;1.31;2.23;-1000.00;-1000.00
597.615;4816;2.43;0.46;498.74;2.29;0.44;144.20;0.73;0.50;1130;3;1;7;0.69;0.44;0.41;-0.11;-0.01;0.04;0.00;0.87;2.36;0.38;132.45;0.74;0.50;0.010;1.31;2.23;-1000.00;-1000.00
597.715;4829;2.40;0.50;504.99;2.29;0.44;144.20;0.73;0.50;1130;3;1;7;0.66;0.44;0.39;-0.11;-0.01;0.04;0.00;0.88;2.33;0.41;136.96;0.74;0.50;0.023;1.31;2.23;-1000.00;-1000.00
597.815;4837;2.38;0.52;508.59;2.29;0.44;144.20;0.73;0.50;1130;3;1;7;0.69;0.43;0.38;-0.09;-0.01;0.04;0.01;0.75;2.30;0.43;141.43;0.73;0.50;0.012;1.31;2.23;-1000.00;-1000.00
597.905;4847;2.35;0.55;512.85;2.29;0.44;144.20;0.73;0.50;1130;3;1;7;0.69;0.42;0.37;-0.08;-0.01;0.03;0.01;0.74;2.28;0.45;145.84;0.72;0.50;0.007;1.31;2.23;-1000.00;-1000.00
597.995;4857;2.32;0.57;517.19;2.29;0.44;144.20;0.73;0.50;1130;3;1;7;0.63;0.41;0.36;-0.08;-0.01;0.03;-0.00;0.74;2.26;0.46;147.96;0.70;0.50;0.006;1.31;2.23;-1000.00;-1000.00
598.105;4866;2.29;0.59;520.38;2.29;0.44;144.20;0.73;0.50;1130;3;1;7;0.62;0.40;0.37;-0.05;0.00;0.02;-0.02;0.52;2.23;0.48;151.99;0.66;0.50;0.010;1.31;2.23;-1000.00;-1000.00
598.205;4876;2.26;0.60;523.34;2.29;0.44;144.20;0.73;0.50;1130;3;1;7;0.62;0.39;0.39;-0.05;0.00;0.09;0.03;0.54;2.20;0.50;155.74;0.63;0.50;0.006;1.31;2.23;-1000.00;-1000.00
598.305;4885;2.22;0.62;526.67;2.29;0.44;144.20;0.73;0.50;1130;3;1;7;0.57;0.38;0.41;-0.07;0.00;0.08;0.02;0.72;2.18;0.50;157.52;0.61;0.50;0.016;1.31;2.23;-1000.00;-1000.00
598.405;4896;2.19;0.63;531.20;2.29;0.44;144.20;0.73;0.50;1130;3;1;7;0.50;0.37;0.37;-0.07;0.00;-0.09;-0.10;0.56;2.15;0.52;160.88;0.58;0.50;0.014;1.31;2.23;-1000.00;-1000.00
598.495;4905;2.15;0.64;534.34;2.29;0.44;144.20;0.73;0.50;1130;3;1;7;0.46;0.36;0.37;-0.10;-0.05;-0.10;0.13;0.58;2.11;0.53;163.98;0.54;0.50;0.009;1.31;2.23;-1000.00;-1000.00
598.625;4920;2.10;0.66;538.41;2.29;0.44;144.20;0.73;0.50;1130;3;1;7;0.38;0.34;0.35;-0.07;-0.01;0.02;0.04;0.44;2.10;0.53;165.44;0.52;0.50;0.024;1.31;2.23;-1000.00;-1000.00
598.705;4926;2.08;0.66;539.57;2.29;0.44;144.20;0.73;0.50;1130;3;1;7;0.39;0.33;0.36;-0.07;-0.04;0.04;0.24;0.39;2.06;0.54;168.18;0.49;0.50;0.010;1.31;2.23;-1000.00;-1000.00
598.865;4944;2.02;0.67;542.26;1.85;0.55;180.00;-0.00;0.50;29;0;1;0;0.37;0.32;0.34;-0.02;-0.01;0.07;0.08;0.24;2.02;0.55;170.70;0.45;0.50;0.048;1.31;2.23;-1000.00;-1000.00
598.935;4948;2.01;0.67;542.70;1.85;0.55;180.00;-0.00;0.50;29;0;1;0;0.15;0.34;0.33;0.00;-0.01;0.01;0.00;0.18;1.85;0.55;180.00;-0.00;0.50;0.044;1.31;2.23;-1000.00;-1000.00
599.035;4962;1.96;0.66;542.58;1.85;0.55;180.00;-0.00;0.50;29;0;1;0;0.14;0.36;0.35;0.01;-0.01;0.05;0.08;-0.11;1.85;0.55;180.00;-0.00;0.50;0.036;1.31;2.23;-1000.00;-1000.00
599.125;4966;1.94;0.66;542.30;1.85;0.55;180.00;-0.00;0.50;29;0;1;0;0.15;0.38;0.36;0.01;-0.01;0.03;0.05;-0.10;1.85;0.55;180.00;-0.00;0.50;0.028;1.31;2.23;-1000.00;-1000.00
599.255;4982;1.89;0.66;541.73;1.85;0.55;180.00;-0.00;0.50;29;0;1;0;0.18;0.39;0.38;0.00;-0.01;-0.02;-0.03;-0.03;1.85;0.55;180.00;-0.00;0.50;0.049;1.31;2.23;-1000.00;-1000.00
599.345;4991;1.85;0.66;541.80;1.85;0.55;180.00;-0.00;0.50;29;0;1;0;0.17;0.40;0.39;0.00;-0.01;-0.02;-0.04;0.01;1.85;0.55;180.00;-0.00;0.50;0.056;1.31;2.23;-1000.00;-1000.00
599.415;4997;1.83;0.66;541.87;1.85;0.55;180.00;-0.00;0.50;29;0;1;0;0.16;0.40;0.39;0.00;-0.01;-0.01;-0.03;0.00;1.83;0.55;180.00;-0.00;0.50;0.029;1.31;2.23;-1000.00;-1000.00
599.535;5010;1.77;0.65;542.00;1.85;0.55;180.00;-0.00;0.50;29;0;1;0;0.15;0.40;0.40;0.01;-0.01;0.01;0.01;0.01;1.79;0.55;180.00;-0.00;0.50;0.040;1.31;2.23;-1000.00;-1000.00
599.635;5020;1.73;0.65;542.05;1.61;0.55;180.00;-0.00;0.50;29;1;1;0;0.14;0.41;0.41;0.00;-0.01;0.03;0.05;0.04;1.75;0.55;180.00;-0.00;0.50;0.046;1.31;2.23;-1000.00;-1000.00
599.735;5028;1.70;0.65;542.07;1.61;0.55;180.00;-0.00;0.50;29;1;1;0;0.14;0.41;0.42;0.00;-0.01;0.03;0.05;0.03;1.72;0.55;180.00;-0.00;0.50;0.040;1.31;2.23;-1000.00;-1000.00
599.815;5039;1.66;0.65;542.09;1.61;0.55;180.00;-0.00;0.50;29;1;1;0;0.13;0.41;0.41;0.01;-0.01;0.00;-0.00;0.00;1.67;0.55;180.00;-0.00;0.50;0.025;1.31;2.23;-1000.00;-1000.00
