t;frame;x;y;z;x_ref;y_ref;z_ref;delta_ref;u_ref;state;ellipse;control;action;delta;u;vx;vy;vz;wx;wy;wz;xr;yr;zr;delr;ur
35612.685;12;1.00;-2.20;89.97;1.06;-2.16;90.00;-0.00;0.50;746;0;1;0;-0.15;0.03;0.00;0.00;-0.00;-0.00;0.00;0.00;1.06;-2.16;90.00;-0.00;0.50;0.048
35612.755;16;1.00;-2.20;89.97;1.06;-2.16;90.00;-0.00;0.50;746;0;1;0;-0.15;0.06;0.00;0.00;-0.00;-0.00;0.00;0.00;1.06;-2.16;90.00;-0.00;0.50;0.026
35612.865;29;1.00;-2.20;89.97;1.06;-2.16;90.00;-0.00;0.50;746;0;1;0;-0.15;0.08;0.00;0.00;-0.00;-0.00;0.00;0.00;1.06;-2.16;90.00;-0.00;0.50;0.029
35612.955;39;1.00;-2.19;89.84;1.06;-2.16;90.00;-0.00;0.50;746;0;1;0;-0.14;0.11;0.08;0.00;-0.00;-0.00;-0.02;-0.02;1.06;-2.16;90.00;-0.00;0.50;0.020
35613.065;48;1.00;-2.18;89.65;1.06;-2.16;90.00;-0.00;0.50;746;0;1;0;-0.13;0.13;0.11;0.00;0.00;-0.01;-0.00;-0.04;1.06;-2.16;90.00;-0.00;0.50;0.031
35613.155;57;1.00;-2.17;89.45;1.06;-2.16;90.00;-0.00;0.50;746;0;1;0;-0.12;0.15;0.13;0.00;0.00;-0.00;-0.00;-0.04;1.06;-2.16;90.00;-0.00;0.50;0.019
35613.255;69;1.00;-2.16;89.22;1.06;-2.16;90.00;-0.00;0.50;746;0;1;0;-0.11;0.16;0.15;0.00;0.00;-0.00;0.00;-0.03;1.06;-2.16;90.00;-0.00;0.50;0.022
35613.365;78;1.00;-2.14;89.08;1.06;-2.16;90.00;-0.00;0.50;746;0;1;0;-0.10;0.18;0.16;0.00;0.00;-0.00;0.00;-0.02;1.06;-2.15;90.00;0.00;0.50;0.027
35613.465;88;1.00;-2.12;88.96;1.06;-2.16;90.00;-0.00;0.50;746;0;1;0;-0.10;0.19;0.18;0.00;0.00;-0.00;0.00;-0.02;1.06;-2.13;90.00;0.00;0.50;0.025
35613.555;96;1.00;-2.11;88.88;1.06;-2.16;90.00;-0.00;0.50;746;0;1;0;-0.09;0.21;0.19;-0.00;0.00;-0.00;0.00;-0.02;1.06;-2.12;90.00;0.00;0.50;0.026
35613.655;106;1.00;-2.09;88.79;1.06;-1.86;90.00;0.00;0.50;746;1;1;0;-0.09;0.22;0.21;0.00;0.00;-0.00;0.00;-0.01;1.06;-2.09;90.00;0.00;0.50;0.013
35613.755;116;1.00;-2.07;88.71;1.06;-1.86;90.00;0.00;0.50;746;1;1;0;-0.08;0.23;0.22;0.00;0.00;-0.00;0.00;-0.01;1.06;-2.06;90.00;0.00;0.50;0.020
35613.855;124;1.00;-2.05;88.66;1.06;-1.86;90.00;0.00;0.50;746;1;1;0;-0.08;0.25;0.23;-0.00;0.00;-0.00;0.00;-0.01;1.06;-2.05;90.00;0.00;0.50;0.019
35613.955;139;1.00;-2.01;88.57;1.06;-1.86;90.00;0.00;0.50;746;1;1;0;-0.07;0.26;0.25;0.00;0.00;-0.00;0.00;-0.01;1.06;-2.03;90.00;0.00;0.50;0.024
35614.045;144;1.00;-2.00;88.55;1.06;-1.86;90.00;0.00;0.50;746;1;1;0;-0.07;0.27;0.26;-0.00;0.00;-0.00;0.00;-0.01;1.06;-2.00;90.00;0.00;0.50;0.011
35614.155;157;1.00;-1.97;88.50;1.06;-1.86;90.00;0.00;0.50;746;1;1;0;-0.07;0.28;0.27;0.00;0.00;-0.00;0.00;-0.01;1.06;-1.98;90.00;0.00;0.50;0.021
35614.245;167;1.01;-1.94;88.47;1.06;-1.86;90.00;0.00;0.50;746;1;1;0;-0.06;0.29;0.28;0.00;-0.00;-0.00;0.00;-0.00;1.06;-1.95;90.00;0.00;0.50;0.017
35614.345;176;1.01;-1.91;88.45;1.06;-1.86;90.00;0.00;0.50;746;1;1;0;-0.06;0.30;0.29;0.00;-0.00;-0.00;0.00;-0.00;1.06;-1.92;90.00;0.00;0.50;0.011
35614.445;186;1.01;-1.88;88.43;1.06;-1.86;90.00;0.00;0.50;746;1;1;0;-0.06;0.30;0.30;0.00;-0.00;-0.00;-0.00;-0.00;1.06;-1.88;90.00;0.00;0.50;0.010
35614.555;195;1.01;-1.86;88.42;1.06;-1.86;90.00;0.00;0.50;746;1;1;0;-0.05;0.30;0.30;0.00;-0.00;0.00;-0.00;-0.00;1.06;-1.86;90.00;0.00;0.50;0.020
35614.655;209;1.01;-1.81;88.41;1.06;-1.86;90.00;0.00;0.50;746;1;1;0;-0.05;0.30;0.30;-0.00;-0.00;0.00;-0.00;-0.00;1.06;-1.82;90.00;0.00;0.50;0.025
35614.745;214;1.01;-1.80;88.41;1.06;-1.56;90.00;-0.00;0.50;746;2;1;0;-0.05;0.30;0.30;-0.00;-0.00;0.00;-0.00;0.00;1.06;-1.80;90.00;0.00;0.50;0.010
35614.835;224;1.01;-1.77;88.42;1.06;-1.56;90.00;-0.00;0.50;746;2;1;0;-0.05;0.30;0.30;-0.00;-0.00;0.00;0.00;0.00;1.06;-1.77;90.00;0.00;0.50;0.006
35614.945;238;1.01;-1.73;88.43;1.06;-1.56;90.00;-0.00;0.50;746;2;1;0;-0.05;0.30;0.30;-0.00;-0.00;0.00;0.00;0.00;1.06;-1.74;90.00;0.00;0.50;0.009
35615.045;247;1.01;-1.70;88.43;1.06;-1.56;90.00;-0.00;0.50;746;2;1;0;-0.04;0.30;0.30;-0.00;-0.00;0.00;0.00;0.00;1.06;-1.71;90.00;0.00;0.50;0.014
35615.145;258;1.01;-1.67;88.44;1.06;-1.56;90.00;-0.00;0.50;746;2;1;0;-0.04;0.30;0.30;-0.00;-0.00;0.00;0.00;0.00;1.06;-1.66;90.00;0.00;0.50;0.008
35615.245;266;1.01;-1.64;88.45;1.06;-1.56;90.00;-0.00;0.50;746;2;1;0;-0.04;0.30;0.30;0.00;-0.00;0.00;0.00;0.00;1.06;-1.64;90.00;0.00;0.50;0.010
35615.345;277;1.01;-1.61;88.46;1.06;-1.56;90.00;-0.00;0.50;746;2;1;0;-0.04;0.30;0.30;0.00;-0.00;0.00;0.00;0.00;1.06;-1.60;90.00;-0.00;0.50;0.013
35615.445;285;1.01;-1.58;88.47;1.06;-1.56;90.00;-0.00;0.50;746;2;1;0;-0.04;0.30;0.30;-0.00;-0.00;0.00;0.00;0.00;1.06;-1.58;90.00;-0.00;0.50;0.012
35615.535;294;1.02;-1.56;88.48;1.06;-1.56;90.00;-0.00;0.50;746;2;1;0;-0.04;0.30;0.30;0.00;-0.00;0.00;0.00;0.00;1.06;-1.56;90.00;-0.00;0.50;0.006
35615.645;305;1.02;-1.52;88.49;1.06;-1.56;90.00;-0.00;0.50;746;2;1;0;-0.04;0.30;0.30;0.00;-0.00;0.00;0.00;0.00;1.06;-1.52;90.00;-0.00;0.50;0.008
35615.745;317;1.02;-1.49;88.50;1.06;-1.27;90.00;-0.00;0.50;746;3;1;0;-0.03;0.30;0.30;0.00;-0.00;0.00;0.00;0.00;1.06;-1.50;90.00;-0.00;0.50;0.016
35615.845;328;1.02;-1.46;88.47;1.06;-1.27;90.00;-0.00;0.50;746;3;1;0;-0.03;0.30;0.30;0.01;-0.00;-0.04;0.02;0.00;1.06;-1.46;90.00;-0.00;0.50;0.008
35615.945;336;1.02;-1.43;88.44;1.06;-1.27;90.00;-0.00;0.50;746;3;1;0;-0.03;0.30;0.30;0.01;0.00;-0.01;0.01;-0.01;1.06;-1.44;90.00;-0.00;0.50;0.007
35616.045;347;1.02;-1.40;88.37;1.06;-1.27;90.00;-0.00;0.50;746;3;1;0;-0.02;0.30;0.30;-0.00;0.00;0.00;0.00;-0.01;1.06;-1.40;90.00;-0.00;0.50;0.005
35616.135;355;1.02;-1.37;88.37;1.06;-1.27;90.00;-0.00;0.50;746;3;1;0;-0.02;0.30;0.30;0.00;0.00;-0.00;0.00;-0.00;1.06;-1.38;90.00;-0.00;0.50;0.003
35616.245;364;1.02;-1.35;88.36;1.06;-1.27;90.00;-0.00;0.50;746;3;1;0;-0.02;0.30;0.30;0.00;0.00;-0.00;-0.00;-0.00;1.06;-1.35;90.00;-0.00;0.50;0.006
35616.335;374;1.02;-1.32;88.36;1.06;-1.27;90.00;-0.00;0.50;746;3;1;0;-0.02;0.30;0.30;0.00;0.00;-0.00;-0.00;0.00;1.06;-1.32;90.00;-0.00;0.50;0.003
35616.445;388;1.02;-1.27;88.41;1.06;-1.27;90.00;-0.00;0.50;746;3;1;0;-0.02;0.30;0.30;-0.00;0.00;0.02;-0.02;0.00;1.06;-1.28;90.00;-0.00;0.50;0.007
35616.545;397;1.02;-1.25;88.43;1.06;-1.27;90.00;-0.00;0.50;746;3;1;0;-0.02;0.30;0.30;0.00;-0.00;-0.02;0.02;0.01;1.06;-1.24;90.00;-0.00;0.50;0.007
35616.655;406;1.02;-1.22;88.44;1.06;-0.96;90.00;0.00;-0.50;754;0;1;2;-0.02;0.30;0.30;-0.00;0.00;0.02;-0.02;-0.00;1.06;-1.22;90.00;-0.00;0.50;0.023
35616.775;420;1.02;-1.18;88.46;1.06;-1.36;90.00;0.00;-0.50;748;0;1;2;-0.17;0.26;0.30;-0.00;0.00;0.02;-0.02;-0.00;1.06;-1.19;90.00;-0.00;-0.50;0.024
35616.855;425;1.02;-1.16;88.12;1.06;-1.36;90.00;0.00;-0.50;748;0;1;2;-0.18;0.20;0.26;0.01;0.00;0.00;-0.01;-0.15;1.06;-1.36;90.00;0.00;-0.50;0.015
35616.955;435;1.03;-1.14;87.45;1.06;-1.36;90.00;0.00;-0.50;748;0;1;2;-0.21;0.14;0.21;-0.00;0.00;0.01;0.00;-0.09;1.06;-1.36;90.00;0.00;-0.50;0.014
35617.045;444;1.03;-1.12;87.11;1.06;-1.36;90.00;0.00;-0.50;748;0;1;2;-0.23;0.09;0.15;-0.00;0.00;0.00;0.00;-0.04;1.06;-1.36;90.00;0.00;-0.50;0.013
35617.145;454;1.03;-1.11;87.00;1.06;-1.36;90.00;0.00;-0.50;748;0;1;2;-0.23;0.03;0.09;-0.00;-0.00;0.01;0.00;0.01;1.06;-1.36;90.00;0.00;-0.50;0.013
35617.255;469;1.03;-1.10;87.28;1.06;-1.36;90.00;0.00;-0.50;748;0;1;2;-0.22;-0.02;0.03;-0.00;-0.00;0.00;-0.00;0.04;1.06;-1.36;90.00;0.00;-0.50;0.026
35617.365;477;1.03;-1.10;87.62;1.06;-1.36;90.00;0.00;-0.50;748;0;1;2;-0.20;-0.08;-0.02;0.00;-0.00;0.01;-0.00;0.08;1.06;-1.36;90.00;0.00;-0.50;0.027
35617.445;488;1.03;-1.11;88.19;1.06;-1.36;90.00;0.00;-0.50;748;0;1;2;-0.17;-0.12;-0.08;0.00;-0.00;0.03;-0.03;0.11;1.06;-1.36;90.00;0.00;-0.50;0.015
35617.555;497;1.03;-1.12;88.64;1.06;-1.36;90.00;0.00;-0.50;748;0;1;2;-0.15;-0.17;-0.13;-0.00;0.00;-0.01;-0.00;0.08;1.06;-1.36;90.00;0.00;-0.50;0.016
35617.645;507;1.03;-1.14;89.05;1.06;-1.36;90.00;0.00;-0.50;748;0;1;2;-0.13;-0.21;-0.17;-0.00;0.00;-0.01;-0.00;0.07;1.06;-1.36;90.00;0.00;-0.50;0.013
35617.745;515;1.03;-1.15;89.36;1.06;-1.36;90.00;0.00;-0.50;748;0;1;2;-0.12;-0.25;-0.21;0.00;0.00;0.00;-0.00;0.07;1.06;-1.36;90.00;0.00;-0.50;0.014
35617.865;530;1.03;-1.19;89.84;1.04;-1.50;103.50;0.54;0.50;747;1;1;5;-0.10;-0.28;-0.26;-0.00;0.00;-0.01;-0.00;0.04;1.06;-1.36;90.00;0.00;-0.50;0.020
35617.945;535;1.03;-1.20;89.95;0.75;-1.09;145.14;0.53;0.50;747;2;1;5;0.79;-0.22;-0.28;0.00;-0.00;0.01;-0.00;0.04;0.93;-1.27;125.08;0.54;0.50;0.011
35618.045;545;1.03;-1.23;88.13;0.75;-1.09;145.14;0.53;0.50;747;2;1;5;0.79;-0.15;-0.24;-0.02;-0.06;-0.14;-0.24;-0.81;0.94;-1.28;123.82;0.54;0.50;0.012
35618.145;553;1.03;-1.24;84.69;0.75;-1.09;145.14;0.53;0.50;747;2;1;5;0.79;-0.08;-0.17;-0.02;-0.01;0.05;-0.04;-0.53;0.95;-1.29;122.56;0.54;0.50;0.011
35618.235;564;1.03;-1.26;82.77;0.75;-1.09;145.14;0.53;0.50;747;2;1;5;0.79;-0.02;-0.09;-0.00;-0.01;-0.07;0.07;-0.08;0.95;-1.30;121.29;0.54;0.50;0.005
35618.335;577;1.02;-1.26;83.37;0.75;-1.09;145.14;0.53;0.50;747;2;1;5;0.79;0.04;-0.02;0.01;-0.01;0.00;-0.01;0.22;0.95;-1.30;121.29;0.54;0.50;0.011
35618.445;587;1.02;-1.26;85.15;0.75;-1.09;145.14;0.53;0.50;747;2;1;5;0.79;0.10;0.05;-0.01;-0.00;0.03;-0.04;0.33;0.95;-1.30;121.29;0.54;0.50;0.013
35618.545;596;1.03;-1.26;87.21;0.75;-1.09;145.14;0.53;0.50;747;2;1;5;0.79;0.15;0.10;-0.00;0.00;-0.05;-0.04;0.38;0.95;-1.30;121.29;0.54;0.50;0.012
35618.635;606;1.03;-1.24;89.59;0.75;-1.09;145.14;0.53;0.50;747;2;1;5;0.79;0.20;0.15;-0.00;-0.01;-0.02;-0.02;0.44;0.95;-1.29;122.56;0.54;0.50;0.006
35618.745;615;1.03;-1.23;92.25;0.75;-1.09;145.14;0.53;0.50;747;2;1;5;0.79;0.25;0.18;-0.02;-0.01;0.06;0.04;0.59;0.94;-1.28;123.82;0.54;0.50;0.011
35618.835;625;1.03;-1.21;95.24;0.75;-1.09;145.14;0.53;0.50;747;2;1;5;0.79;0.29;0.24;-0.00;-0.00;-0.04;-0.02;0.54;0.93;-1.27;125.08;0.54;0.50;0.005
35618.945;634;1.02;-1.18;98.57;0.75;-1.09;145.14;0.53;0.50;747;2;1;5;0.79;0.30;0.27;-0.07;-0.01;0.24;0.23;0.87;0.92;-1.25;126.34;0.54;0.50;0.007
35619.045;645;1.02;-1.15;104.04;0.75;-1.09;145.14;0.53;0.50;747;2;1;5;0.79;0.30;0.32;-0.03;-0.00;0.03;0.02;0.91;0.91;-1.24;127.60;0.54;0.50;0.014
35619.135;653;1.02;-1.13;108.26;0.75;-1.09;145.14;0.53;0.50;747;2;1;5;0.79;0.30;0.29;-0.01;-0.01;0.05;0.10;0.82;0.90;-1.23;128.86;0.54;0.50;0.007
35619.245;664;1.01;-1.10;111.99;0.75;-1.09;145.14;0.53;0.50;747;2;1;5;0.79;0.30;0.33;-0.02;0.00;-0.02;-0.02;0.52;0.88;-1.20;131.38;0.54;0.50;0.007
35619.345;677;0.99;-1.06;117.33;0.27;-0.95;179.43;0.38;0.50;747;3;1;5;0.79;0.30;0.33;-0.02;-0.01;-0.07;-0.17;0.59;0.87;-1.19;132.63;0.54;0.50;0.007
35619.445;687;0.98;-1.03;121.06;0.27;-0.95;179.43;0.38;0.50;747;3;1;5;0.79;0.30;0.32;-0.06;-0.01;0.03;0.03;0.64;0.85;-1.17;135.14;0.54;0.50;0.009
35619.535;695;0.97;-1.00;123.75;0.27;-0.95;179.43;0.38;0.50;747;3;1;5;0.79;0.30;0.32;-0.08;-0.01;0.04;0.06;0.67;0.83;-1.15;137.65;0.53;0.50;0.008
35619.655;705;0.96;-0.97;127.10;0.27;-0.95;179.43;0.38;0.50;747;3;1;5;0.79;0.30;0.34;-0.07;-0.01;-0.01;-0.08;0.54;0.82;-1.14;138.90;0.53;0.50;0.014
35619.735;715;0.94;-0.94;130.74;0.27;-0.95;179.43;0.38;0.50;747;3;1;5;0.79;0.30;0.32;-0.10;-0.01;0.04;0.08;0.72;0.79;-1.12;141.40;0.53;0.50;0.005
35619.845;723;0.93;-0.92;133.40;0.27;-0.95;179.43;0.38;0.50;747;3;1;5;0.79;0.30;0.34;-0.09;-0.01;-0.01;-0.11;0.57;0.78;-1.11;142.65;0.53;0.50;0.008
35619.945;738;0.90;-0.87;139.19;0.27;-0.95;179.43;0.38;0.50;747;3;1;5;0.79;0.30;0.31;-0.11;-0.01;0.00;0.06;0.85;0.75;-1.09;145.14;0.53;0.50;0.010
35620.035;743;0.89;-0.86;141.17;0.27;-0.95;179.43;0.38;0.50;747;3;1;5;0.79;0.30;0.33;-0.09;-0.01;0.02;-0.01;0.61;0.74;-1.08;146.38;0.53;0.50;0.006
35620.145;758;0.86;-0.82;147.06;0.27;-0.95;179.43;0.38;0.50;747;3;1;5;0.79;0.30;0.35;-0.12;-0.03;0.10;0.22;0.80;0.72;-1.07;148.82;0.52;0.50;0.013
35620.255;766;0.85;-0.80;150.45;0.27;-0.95;179.43;0.38;0.50;747;3;1;5;0.79;0.30;0.32;-0.05;-0.01;0.01;0.04;0.69;0.70;-1.06;150.02;0.51;0.50;0.014
35620.335;777;0.82;-0.78;155.75;0.27;-0.95;179.43;0.38;0.50;747;3;1;5;0.79;0.30;0.31;-0.01;-0.01;0.02;-0.07;0.82;0.68;-1.04;152.38;0.50;0.50;0.006
35620.445;785;0.79;-0.77;159.43;0.27;-0.95;179.43;0.38;0.50;747;3;1;5;0.70;0.30;0.29;-0.04;-0.01;-0.05;0.19;0.84;0.66;-1.04;153.55;0.50;0.50;0.011
35620.535;795;0.77;-0.76;163.50;0.27;-0.95;179.43;0.38;0.50;747;3;1;5;0.59;0.30;0.31;0.01;-0.01;0.12;-0.32;0.65;0.65;-1.03;154.69;0.50;0.50;0.006
35620.645;804;0.74;-0.75;166.77;0.27;-0.95;179.43;0.38;0.50;747;3;1;5;0.52;0.30;0.29;-0.00;-0.01;-0.02;0.04;0.45;0.62;-1.02;156.95;0.49;0.50;0.007
35620.745;818;0.70;-0.74;169.63;0.27;-0.95;179.43;0.38;0.50;747;3;1;5;0.47;0.30;0.29;-0.02;-0.01;-0.07;0.14;0.42;0.61;-1.01;158.07;0.48;0.50;0.012
35620.845;827;0.67;-0.74;171.13;0.27;-0.95;179.43;0.38;0.50;747;3;1;5;0.46;0.30;0.30;0.00;-0.01;0.04;-0.08;0.22;0.59;-1.01;159.16;0.48;0.50;0.015
35620.955;837;0.64;-0.73;172.81;0.27;-0.95;179.43;0.38;0.50;747;3;1;5;0.46;0.30;0.29;-0.02;-0.01;-0.05;0.09;0.32;0.56;-1.00;161.32;0.47;0.50;0.015
35621.055;848;0.61;-0.73;174.45;0.08;-0.97;188.63;0.49;0.50;780;1;1;3;0.47;0.30;0.30;0.00;-0.01;0.10;-0.17;0.22;0.53;-0.99;163.43;0.46;0.50;0.020
35621.155;856;0.59;-0.73;176.13;0.08;-0.97;188.63;0.49;0.50;780;1;1;3;0.12;0.30;0.29;-0.01;-0.01;-0.02;0.04;0.33;0.26;-0.96;180.00;0.06;0.06;0.019
35621.255;867;0.55;-0.72;176.65;0.08;-0.97;188.63;0.49;0.50;780;1;1;3;0.17;0.30;0.33;-0.03;-0.08;0.29;0.18;-0.11;0.26;-0.96;180.00;0.06;0.06;0.012
35621.355;875;0.53;-0.72;176.42;0.08;-0.97;188.63;0.49;0.50;780;1;1;3;0.23;0.30;0.29;-0.02;-0.01;-0.03;0.04;-0.01;0.26;-0.96;180.00;0.06;0.06;0.019
35621.445;886;0.50;-0.72;176.46;0.08;-0.97;188.63;0.49;0.50;780;1;1;3;0.29;0.30;0.29;-0.01;-0.01;-0.03;0.05;0.11;0.26;-0.96;180.00;0.06;0.06;0.011
35621.545;894;0.48;-0.72;176.93;0.08;-0.97;188.63;0.49;0.50;780;1;1;3;0.31;0.30;0.29;-0.01;-0.01;-0.02;0.01;0.12;0.26;-0.96;180.00;0.06;0.06;0.018
35621.655;908;0.44;-0.71;177.89;0.08;-0.97;188.63;0.49;0.50;780;1;1;3;0.35;0.30;0.30;-0.00;-0.01;0.02;-0.03;0.09;0.26;-0.96;180.00;0.06;0.06;0.017
35621.755;917;0.41;-0.71;178.63;0.08;-0.97;188.63;0.49;0.50;780;1;1;3;0.37;0.30;0.29;-0.01;-0.01;-0.02;0.02;0.13;0.26;-0.96;180.00;0.06;0.06;0.019
35621.845;928;0.38;-0.71;179.49;0.08;-0.97;188.63;0.49;0.50;780;1;1;3;0.39;0.30;0.28;-0.01;-0.01;-0.03;0.04;0.14;0.26;-0.96;180.00;0.06;0.06;0.016
35621.955;937;0.35;-0.71;180.13;0.08;-0.97;188.63;0.49;0.50;780;1;1;3;0.41;0.30;0.28;-0.01;-0.01;-0.04;0.05;0.22;0.26;-0.96;180.00;0.06;0.06;0.019
35622.055;947;0.32;-0.71;180.76;0.08;-0.97;188.63;0.49;0.50;780;1;1;3;0.43;0.30;0.30;0.00;-0.01;0.08;-0.11;0.08;0.26;-0.96;180.00;0.06;0.06;0.022
35622.145;958;0.29;-0.71;182.38;0.08;-0.97;188.63;0.49;0.50;780;1;1;3;0.42;0.29;0.29;-0.00;-0.01;0.03;-0.04;0.22;0.26;-0.96;180.00;0.06;0.06;0.012
35622.255;966;0.27;-0.71;183.42;0.08;-0.97;188.63;0.49;0.50;780;1;1;3;0.46;0.28;0.30;-0.03;-0.01;-0.10;0.12;0.30;0.25;-0.96;180.09;0.12;0.12;0.021
35622.355;977;0.23;-0.71;184.96;0.08;-0.97;188.63;0.49;0.50;780;1;1;3;0.51;0.28;0.29;-0.05;-0.01;-0.12;0.13;0.35;0.23;-0.96;180.49;0.20;0.20;0.020
35622.445;985;0.21;-0.71;186.17;0.08;-0.97;188.63;0.49;0.50;780;1;1;3;0.53;0.27;0.28;-0.02;-0.01;0.05;-0.06;0.25;0.22;-0.96;180.88;0.24;0.24;0.015
35622.565;999;0.17;-0.71;188.70;0.08;-0.97;188.63;0.49;0.50;780;1;1;3;0.54;0.27;0.27;-0.02;-0.01;0.04;-0.04;0.27;0.19;-0.96;181.80;0.30;0.30;0.025
35622.645;1005;0.16;-0.71;189.59;0.08;-0.97;188.63;0.49;0.50;780;1;1;3;0.57;0.26;0.28;-0.01;-0.00;-0.03;0.05;0.33;0.17;-0.96;182.67;0.34;0.34;0.010
35622.755;1019;0.12;-0.72;192.44;0.08;-0.97;188.63;0.49;0.50;780;1;1;3;0.55;0.26;0.27;0.00;-0.01;0.13;-0.12;0.29;0.15;-0.96;183.79;0.38;0.38;0.017
35622.855;1028;0.10;-0.72;194.20;0.08;-0.97;188.63;0.49;0.50;780;1;1;3;0.57;0.26;0.26;-0.03;-0.01;0.04;-0.03;0.28;0.13;-0.96;185.18;0.42;0.42;0.019
35622.955;1037;0.07;-0.73;195.83;0.08;-0.97;188.63;0.49;0.50;780;1;1;3;0.61;0.26;0.26;-0.04;-0.01;-0.06;0.05;0.34;0.10;-0.97;186.88;0.45;0.46;0.018
35623.055;1048;0.04;-0.73;197.63;0.08;-0.97;188.63;0.49;0.50;780;1;1;3;0.64;0.26;0.27;-0.01;-0.00;-0.04;0.04;0.34;0.07;-0.97;188.90;0.49;0.50;0.021
35623.155;1056;0.02;-0.74;199.58;-0.27;-1.09;206.26;0.18;0.50;780;2;1;3;0.59;0.26;0.25;-0.00;-0.01;-0.02;0.01;0.39;0.06;-0.97;189.96;0.47;0.50;0.012
35623.235;1067;-0.00;-0.75;201.46;-0.27;-1.09;206.26;0.18;0.50;780;2;1;3;0.44;0.28;0.29;-0.04;-0.04;-0.12;0.24;0.37;0.05;-0.97;190.98;0.46;0.50;0.006
35623.335;1075;-0.02;-0.76;202.38;-0.27;-1.09;206.26;0.18;0.50;780;2;1;3;0.43;0.30;0.27;-0.00;-0.01;0.03;-0.02;0.12;0.03;-0.98;191.97;0.45;0.50;0.005
35623.435;1086;-0.05;-0.77;203.28;-0.27;-1.09;206.26;0.18;0.50;780;2;1;3;0.44;0.30;0.28;-0.01;-0.01;-0.02;0.01;0.13;0.00;-0.98;193.87;0.42;0.50;0.005
35623.545;1094;-0.07;-0.78;203.78;-0.27;-1.09;206.26;0.18;0.50;780;2;1;3;0.45;0.30;0.29;-0.02;-0.01;-0.06;0.03;0.20;-0.01;-0.99;194.77;0.41;0.50;0.006
35623.645;1105;-0.10;-0.79;204.41;-0.27;-1.09;206.26;0.18;0.50;780;2;1;3;0.47;0.30;0.30;-0.01;-0.01;-0.04;0.03;0.14;-0.04;-1.00;196.48;0.39;0.50;0.013
35623.745;1114;-0.13;-0.80;204.94;-0.27;-1.09;206.26;0.18;0.50;780;2;1;3;0.49;0.30;0.30;-0.01;-0.01;-0.03;0.03;0.11;-0.07;-1.00;198.07;0.36;0.50;0.007
35623.845;1124;-0.16;-0.81;205.52;-0.27;-1.09;206.26;0.18;0.50;780;2;1;3;0.49;0.30;0.30;-0.01;-0.01;0.10;-0.06;0.05;-0.08;-1.01;198.83;0.35;0.50;0.011
35623.945;1138;-0.19;-0.82;206.31;-0.27;-1.09;206.26;0.18;0.50;780;2;1;3;0.49;0.30;0.30;-0.02;-0.01;-0.03;0.04;0.12;-0.11;-1.02;200.25;0.32;0.50;0.014
35624.035;1143;-0.21;-0.83;206.74;-0.27;-1.09;206.26;0.18;0.50;780;2;1;3;0.49;0.30;0.30;-0.03;-0.01;-0.03;0.01;0.09;-0.13;-1.02;200.91;0.31;0.50;0.006
35624.145;1158;-0.25;-0.85;207.50;-0.27;-1.09;206.26;0.18;0.50;780;2;1;3;0.50;0.30;0.30;-0.02;-0.01;0.02;-0.01;0.05;-0.17;-1.04;202.74;0.27;0.50;0.007
35624.245;1166;-0.27;-0.86;208.04;-0.27;-1.09;206.26;0.18;0.50;780;2;1;3;0.50;0.30;0.28;-0.04;-0.01;-0.05;0.03;0.22;-0.19;-1.05;203.83;0.25;0.50;0.010
35624.335;1177;-0.30;-0.87;208.62;-0.27;-1.09;206.26;0.18;0.50;780;2;1;3;0.50;0.30;0.30;-0.03;-0.01;-0.06;0.03;0.19;-0.22;-1.07;204.80;0.22;0.50;0.005
35624.445;1185;-0.32;-0.88;209.11;-0.27;-1.09;206.26;0.18;0.50;780;2;1;3;0.49;0.30;0.30;-0.03;-0.01;-0.04;0.04;0.16;-0.23;-1.07;205.25;0.21;0.50;0.009
35624.535;1196;-0.35;-0.89;209.69;-0.27;-1.09;206.26;0.18;0.50;780;2;1;3;0.48;0.30;0.31;-0.01;-0.01;-0.06;0.04;0.09;-0.26;-1.08;206.07;0.19;0.50;0.006
35624.645;1204;-0.38;-0.90;210.25;-0.27;-1.09;206.26;0.18;0.50;780;2;1;3;0.46;0.30;0.28;-0.03;-0.01;-0.02;0.01;0.11;-0.27;-1.09;206.44;0.17;0.50;0.012
35624.735;1213;-0.40;-0.92;210.55;-0.27;-1.09;206.26;0.18;0.50;780;2;1;3;0.44;0.30;0.28;-0.01;-0.01;-0.01;-0.01;0.08;-0.30;-1.10;207.07;0.14;0.50;0.005
35624.845;1227;-0.43;-0.94;210.88;-0.27;-1.09;206.26;0.18;0.50;780;2;1;3;0.41;0.30;0.28;-0.00;-0.00;-0.01;-0.00;0.04;-0.33;-1.12;207.56;0.10;0.50;0.012
35624.945;1238;-0.46;-0.95;210.83;-0.60;-1.26;204.54;-0.25;0.50;780;3;1;3;0.39;0.30;0.28;-0.01;-0.01;-0.02;-0.00;-0.00;-0.35;-1.13;207.92;0.07;0.50;0.009
35625.035;1246;-0.48;-0.96;210.68;-0.60;-1.26;204.54;-0.25;0.50;780;3;1;3;0.36;0.30;0.28;-0.01;-0.01;-0.02;-0.00;-0.02;-0.38;-1.15;208.13;0.03;0.50;0.003
35625.145;1257;-0.51;-0.98;210.37;-0.60;-1.26;204.54;-0.25;0.50;780;3;1;3;0.34;0.30;0.28;-0.00;-0.01;-0.02;-0.00;-0.03;-0.41;-1.16;208.19;-0.00;0.50;0.008
35625.235;1265;-0.53;-0.99;210.15;-0.60;-1.26;204.54;-0.25;0.50;780;3;1;3;0.32;0.30;0.28;-0.00;-0.01;-0.03;0.01;-0.04;-0.43;-1.17;208.12;-0.04;0.50;0.003
35625.335;1276;-0.55;-1.00;209.72;-0.60;-1.26;204.54;-0.25;0.50;780;3;1;3;0.30;0.30;0.28;-0.01;-0.01;-0.06;0.03;0.04;-0.46;-1.19;207.90;-0.07;0.50;0.003
35625.435;1284;-0.57;-1.01;209.36;-0.60;-1.26;204.54;-0.25;0.50;780;3;1;3;0.28;0.30;0.30;-0.01;-0.01;0.05;-0.03;-0.13;-0.47;-1.19;207.74;-0.09;0.50;0.004
35625.535;1295;-0.60;-1.03;208.94;-0.60;-1.26;204.54;-0.25;0.50;780;3;1;3;0.23;0.30;0.30;-0.01;-0.01;0.05;-0.02;-0.09;-0.51;-1.22;207.04;-0.14;0.50;0.003
35625.635;1303;-0.62;-1.04;208.67;-0.60;-1.26;204.54;-0.25;0.50;780;3;1;3;0.20;0.30;0.29;-0.00;-0.01;-0.07;0.03;-0.04;-0.52;-1.22;206.73;-0.16;0.50;0.004
35625.735;1314;-0.65;-1.05;208.14;-0.60;-1.26;204.54;-0.25;0.50;780;3;1;3;0.13;0.30;0.29;-0.00;-0.01;-0.05;0.03;-0.05;-0.56;-1.24;205.60;-0.21;0.50;0.004
35625.845;1327;-0.69;-1.07;207.35;-0.60;-1.26;204.54;-0.25;0.50;780;3;1;3;0.08;0.30;0.29;-0.00;-0.01;-0.01;0.01;-0.12;-0.59;-1.25;204.66;-0.24;0.50;0.008
35625.935;1337;-0.71;-1.08;206.70;-0.60;-1.26;204.54;-0.25;0.50;780;3;1;3;0.00;0.30;0.28;-0.00;-0.01;-0.03;0.02;-0.10;-0.63;-1.27;203.00;-0.29;0.50;0.003
35626.045;1346;-0.73;-1.10;205.98;-0.95;-1.35;180.57;-0.63;0.50;780;4;1;3;-0.05;0.30;0.29;0.00;-0.00;-0.03;0.01;-0.14;-0.66;-1.28;201.73;-0.32;0.50;0.003
35626.135;1357;-0.76;-1.11;205.20;-0.95;-1.35;180.57;-0.63;0.50;780;4;1;3;-0.29;0.30;0.30;0.00;-0.00;0.01;-0.01;-0.09;-0.70;-1.30;199.55;-0.37;0.50;0.003
35626.235;1365;-0.78;-1.12;204.00;-0.95;-1.35;180.57;-0.63;0.50;780;4;1;3;-0.31;0.30;0.28;0.01;-0.00;0.01;0.02;-0.27;-0.72;-1.30;198.75;-0.38;0.50;0.003
35626.335;1376;-0.81;-1.13;202.81;-0.95;-1.35;180.57;-0.63;0.50;780;4;1;3;-0.39;0.30;0.29;0.01;-0.01;-0.02;-0.07;-0.12;-0.76;-1.32;196.14;-0.43;0.50;0.005
35626.475;1389;-0.85;-1.15;201.30;-1.19;-1.33;166.50;-0.54;0.50;519;1;1;6;-0.46;0.30;0.29;0.01;-0.01;0.01;0.03;-0.21;-0.79;-1.33;194.20;-0.46;0.50;0.039
35626.555;1399;-0.87;-1.16;199.89;-1.19;-1.33;166.50;-0.54;0.50;519;1;1;6;-0.49;0.30;0.28;0.02;-0.01;0.02;0.06;-0.28;-0.94;-1.36;180.00;-0.07;0.06;0.021
35626.655;1408;-0.90;-1.17;198.75;-1.19;-1.33;166.50;-0.54;0.50;519;1;1;6;-0.51;0.30;0.30;0.02;-0.01;0.00;0.04;-0.29;-0.94;-1.36;180.00;-0.07;0.06;0.021
35626.755;1419;-0.93;-1.18;196.53;-1.19;-1.33;166.50;-0.54;0.50;519;1;1;6;-0.50;0.30;0.31;-0.00;-0.01;-0.07;-0.18;-0.31;-0.94;-1.36;180.00;-0.07;0.06;0.022
35626.865;1427;-0.95;-1.19;194.92;-1.19;-1.33;166.50;-0.54;0.50;519;1;1;6;-0.49;0.30;0.30;0.03;-0.01;0.02;0.04;-0.32;-0.94;-1.36;180.00;-0.07;0.06;0.024
35626.955;1437;-0.98;-1.20;193.41;-1.19;-1.33;166.50;-0.54;0.50;519;1;1;6;-0.55;0.30;0.30;0.01;-0.01;0.00;0.03;-0.33;-0.95;-1.36;179.88;-0.13;0.12;0.022
35627.045;1447;-1.01;-1.20;191.09;-1.19;-1.33;166.50;-0.54;0.50;519;1;1;6;-0.61;0.30;0.31;-0.01;-0.01;-0.03;-0.09;-0.43;-1.01;-1.36;178.36;-0.28;0.26;0.018
35627.145;1455;-1.03;-1.21;188.90;-1.19;-1.33;166.50;-0.54;0.50;519;1;1;6;-0.66;0.30;0.28;0.00;-0.09;0.45;0.06;-0.66;-1.05;-1.36;176.24;-0.36;0.33;0.015
35627.255;1465;-1.06;-1.21;185.76;-1.19;-1.33;166.50;-0.54;0.50;519;1;1;6;-0.66;0.30;0.30;0.00;-0.01;0.00;-0.01;-0.51;-1.09;-1.35;174.36;-0.41;0.38;0.020
35627.345;1475;-1.09;-1.22;183.24;-1.19;-1.33;166.50;-0.54;0.50;519;1;1;6;-0.70;0.30;0.31;0.01;-0.01;-0.18;-0.22;-0.42;-1.12;-1.35;171.93;-0.46;0.42;0.011
35627.455;1489;-1.14;-1.22;178.24;-1.19;-1.33;166.50;-0.54;0.50;519;1;1;6;-0.65;0.30;0.30;0.01;-0.00;-0.05;-0.08;-0.53;-1.15;-1.34;169.98;-0.49;0.45;0.016
35627.555;1498;-1.16;-1.22;175.22;-1.19;-1.33;166.50;-0.54;0.50;519;1;1;6;-0.65;0.30;0.29;0.01;-0.01;0.01;0.01;-0.53;-1.18;-1.34;167.73;-0.53;0.48;0.021
35627.645;1507;-1.19;-1.22;172.92;-1.60;-1.05;124.86;-0.53;0.50;519;2;1;6;-0.71;0.30;0.30;0.00;0.00;-0.13;-0.15;-0.39;-1.22;-1.33;163.94;-0.54;0.50;0.011
35627.755;1517;-1.22;-1.22;168.96;-1.60;-1.05;124.86;-0.53;0.50;519;2;1;6;-0.79;0.30;0.30;0.04;-0.02;-0.12;-0.08;-0.72;-1.25;-1.32;161.39;-0.54;0.50;0.015
35627.835;1526;-1.25;-1.22;164.97;-1.60;-1.05;124.86;-0.53;0.50;519;2;1;6;-0.73;0.30;0.28;0.05;-0.02;0.15;0.12;-0.92;-1.28;-1.31;158.85;-0.54;0.50;0.006
35627.935;1536;-1.27;-1.21;161.01;-1.60;-1.05;124.86;-0.53;0.50;519;2;1;6;-0.66;0.30;0.31;-0.02;-0.01;-0.35;-0.24;-0.66;-1.31;-1.29;156.31;-0.54;0.50;0.006
35628.045;1545;-1.30;-1.20;157.68;-1.60;-1.05;124.86;-0.53;0.50;519;2;1;6;-0.62;0.30;0.30;0.02;-0.01;-0.05;-0.03;-0.51;-1.34;-1.28;153.77;-0.54;0.50;0.008
35628.135;1555;-1.33;-1.19;155.40;-1.60;-1.05;124.86;-0.53;0.50;519;2;1;6;-0.63;0.30;0.30;0.02;-0.00;0.01;0.00;-0.25;-1.36;-1.27;151.24;-0.54;0.50;0.006
35628.245;1564;-1.36;-1.18;154.21;-1.60;-1.05;124.86;-0.53;0.50;519;2;1;6;-0.69;0.30;0.30;0.04;-0.01;0.06;0.05;-0.30;-1.39;-1.25;148.71;-0.54;0.50;0.006
35628.345;1576;-1.39;-1.17;152.65;-1.60;-1.05;124.86;-0.53;0.50;519;2;1;6;-0.77;0.30;0.32;0.05;-0.01;0.05;0.05;-0.38;-1.43;-1.23;144.92;-0.54;0.50;0.013
35628.445;1587;-1.43;-1.15;149.83;-1.60;-1.05;124.86;-0.53;0.50;519;2;1;6;-0.79;0.30;0.33;0.06;-0.01;0.02;0.02;-0.49;-1.47;-1.20;141.14;-0.54;0.50;0.012
35628.545;1597;-1.46;-1.14;146.87;-1.60;-1.05;124.86;-0.53;0.50;519;2;1;6;-0.79;0.30;0.32;0.08;-0.01;0.07;0.04;-0.60;-1.49;-1.18;138.62;-0.54;0.50;0.012
35628.635;1605;-1.48;-1.13;144.69;-1.60;-1.05;124.86;-0.53;0.50;519;2;1;6;-0.79;0.30;0.35;0.08;-0.01;-0.08;-0.03;-0.48;-1.51;-1.16;136.11;-0.54;0.50;0.006
35628.735;1616;-1.52;-1.12;141.02;-1.75;-0.57;90.57;-0.38;0.50;519;3;1;6;-0.79;0.30;0.35;0.09;-0.01;0.05;0.03;-0.46;-1.54;-1.13;133.61;-0.53;0.50;0.006
35628.845;1625;-1.55;-1.10;138.36;-1.75;-0.57;90.57;-0.38;0.50;519;3;1;6;-0.79;0.30;0.35;0.10;-0.01;0.02;0.02;-0.60;-1.56;-1.11;131.10;-0.53;0.50;0.012
35628.945;1635;-1.58;-1.09;134.98;-1.75;-0.57;90.57;-0.38;0.50;519;3;1;6;-0.79;0.30;0.34;0.09;-0.01;0.00;0.01;-0.49;-1.58;-1.09;128.60;-0.53;0.50;0.009
35629.045;1643;-1.60;-1.07;132.35;-1.75;-0.57;90.57;-0.38;0.50;519;3;1;6;-0.79;0.30;0.33;0.09;-0.01;0.02;-0.01;-0.69;-1.60;-1.06;126.11;-0.53;0.50;0.012
35629.145;1658;-1.64;-1.04;127.02;-1.75;-0.57;90.57;-0.38;0.50;519;3;1;6;-0.74;0.30;0.33;0.07;-0.01;-0.13;0.02;-0.53;-1.61;-1.04;123.62;-0.53;0.50;0.011
35629.245;1667;-1.66;-1.02;124.08;-1.75;-0.57;90.57;-0.38;0.50;519;3;1;6;-0.71;0.30;0.31;0.03;-0.01;0.07;0.01;-0.49;-1.63;-1.01;121.18;-0.52;0.50;0.009
35629.365;1678;-1.68;-0.99;120.07;-1.73;-0.37;81.37;-0.49;0.50;15;1;1;4;-0.64;0.30;0.30;0.02;-0.01;0.01;0.00;-0.57;-1.65;-0.98;118.79;-0.51;0.50;0.017
35629.455;1687;-1.70;-0.97;117.96;-1.73;-0.37;81.37;-0.49;0.50;15;1;1;4;-0.50;0.30;0.31;0.05;-0.04;0.26;0.10;-0.53;-1.74;-0.55;90.00;-0.06;0.06;0.011
35629.545;1697;-1.71;-0.95;116.14;-1.73;-0.37;81.37;-0.49;0.50;15;1;1;4;-0.49;0.30;0.31;-0.01;-0.01;-0.17;0.03;-0.18;-1.74;-0.55;90.00;-0.06;0.06;0.010
35629.645;1705;-1.72;-0.92;115.06;-1.73;-0.37;81.37;-0.49;0.50;15;1;1;4;-0.51;0.30;0.29;0.02;-0.01;0.10;-0.02;-0.28;-1.74;-0.55;90.00;-0.06;0.06;0.015
35629.745;1716;-1.74;-0.89;113.60;-1.73;-0.37;81.37;-0.49;0.50;15;1;1;4;-0.52;0.30;0.30;-0.00;-0.01;-0.16;0.04;-0.20;-1.74;-0.55;90.00;-0.06;0.06;0.010
35629.845;1724;-1.75;-0.87;112.18;-1.73;-0.37;81.37;-0.49;0.50;15;1;1;4;-0.52;0.30;0.30;0.03;-0.01;0.01;-0.01;-0.25;-1.74;-0.55;90.00;-0.06;0.06;0.014
35629.945;1735;-1.76;-0.84;110.71;-1.73;-0.37;81.37;-0.49;0.50;15;1;1;4;-0.54;0.30;0.32;0.05;-0.04;0.28;0.08;-0.42;-1.74;-0.55;90.00;-0.06;0.06;0.012
35630.065;1747;-1.77;-0.81;108.52;-1.73;-0.37;81.37;-0.49;0.50;15;1;1;4;-0.53;0.30;0.30;0.00;-0.01;-0.06;0.02;-0.27;-1.74;-0.55;90.00;-0.06;0.06;0.018
35630.155;1758;-1.79;-0.78;106.63;-1.73;-0.37;81.37;-0.49;0.50;15;1;1;4;-0.52;0.30;0.29;0.02;-0.01;0.13;-0.04;-0.36;-1.74;-0.55;90.00;-0.06;0.06;0.015
35630.245;1766;-1.79;-0.76;105.27;-1.73;-0.37;81.37;-0.49;0.50;15;1;1;4;-0.51;0.30;0.30;0.00;-0.01;-0.04;0.01;-0.26;-1.74;-0.55;90.00;-0.06;0.06;0.010
35630.355;1777;-1.80;-0.72;103.45;-1.73;-0.37;81.37;-0.49;0.50;15;1;1;4;-0.50;0.30;0.29;0.02;-0.01;0.16;-0.07;-0.39;-1.74;-0.55;90.00;-0.06;0.06;0.018
35630.445;1785;-1.81;-0.70;102.02;-1.73;-0.37;81.37;-0.49;0.50;15;1;1;4;-0.49;0.30;0.30;0.00;-0.01;-0.00;-0.00;-0.27;-1.74;-0.55;90.00;-0.06;0.06;0.010
35630.555;1799;-1.82;-0.66;99.78;-1.73;-0.37;81.37;-0.49;0.50;15;1;1;4;-0.48;0.30;0.29;0.02;-0.01;0.12;-0.06;-0.36;-1.74;-0.55;90.00;-0.06;0.06;0.024
35630.645;1804;-1.82;-0.65;98.90;-1.61;-0.03;63.74;-0.18;0.50;15;2;1;4;-0.47;0.30;0.29;0.01;-0.01;0.02;-0.01;-0.28;-1.74;-0.55;90.00;-0.06;0.06;0.014
35630.745;1815;-1.82;-0.61;97.39;-1.61;-0.03;63.74;-0.18;0.50;15;2;1;4;-0.50;0.30;0.31;0.01;-0.00;0.03;-0.00;-0.32;-1.74;-0.55;90.00;-0.06;0.06;0.011
35630.845;1827;-1.83;-0.58;95.05;-1.61;-0.03;63.74;-0.18;0.50;15;2;1;4;-0.44;0.30;0.30;0.00;-0.01;-0.04;0.02;-0.30;-1.74;-0.55;90.00;-0.06;0.06;0.009
35630.945;1837;-1.83;-0.55;93.56;-1.61;-0.03;63.74;-0.18;0.50;15;2;1;4;-0.48;0.30;0.28;-0.02;-0.09;0.03;-0.46;-0.37;-1.74;-0.54;89.85;-0.14;0.14;0.007
35631.055;1847;-1.83;-0.52;91.82;-1.61;-0.03;63.74;-0.18;0.50;15;2;1;4;-0.51;0.30;0.30;0.00;-0.01;-0.05;0.03;-0.28;-1.74;-0.52;89.33;-0.22;0.22;0.013
35631.145;1856;-1.83;-0.49;90.05;-1.61;-0.03;63.74;-0.18;0.50;15;2;1;4;-0.53;0.30;0.28;-0.01;-0.09;0.00;-0.48;-0.51;-1.74;-0.50;88.55;-0.28;0.28;0.012
35631.235;1866;-1.84;-0.46;87.75;-1.61;-0.03;63.74;-0.18;0.50;15;2;1;4;-0.55;0.30;0.30;0.00;-0.01;-0.04;0.02;-0.36;-1.74;-0.47;87.33;-0.34;0.34;0.006
35631.335;1875;-1.83;-0.43;85.97;-1.61;-0.03;63.74;-0.18;0.50;15;2;1;4;-0.56;0.30;0.31;0.01;0.00;0.03;-0.02;-0.43;-1.74;-0.45;86.21;-0.38;0.38;0.006
35631.445;1885;-1.83;-0.41;83.38;-1.61;-0.03;63.74;-0.18;0.50;15;2;1;4;-0.60;0.30;0.30;0.00;-0.01;-0.04;0.03;-0.39;-1.73;-0.41;84.01;-0.44;0.44;0.012
35631.535;1894;-1.83;-0.38;81.09;-1.61;-0.03;63.74;-0.18;0.50;15;2;1;4;-0.62;0.30;0.29;0.02;-0.01;0.13;-0.13;-0.57;-1.73;-0.39;82.15;-0.47;0.48;0.008
35631.645;1904;-1.82;-0.35;78.32;-1.61;-0.03;63.74;-0.18;0.50;15;2;1;4;-0.56;0.30;0.30;0.00;-0.01;-0.04;0.03;-0.44;-1.73;-0.37;81.10;-0.49;0.50;0.007
35631.745;1918;-1.82;-0.31;75.01;-1.61;-0.03;63.74;-0.18;0.50;15;2;1;4;-0.51;0.30;0.29;0.05;-0.01;0.13;-0.16;-0.44;-1.72;-0.33;78.03;-0.45;0.50;0.012
35631.845;1927;-1.81;-0.28;73.34;-1.61;-0.03;63.74;-0.18;0.50;15;2;1;4;-0.47;0.30;0.31;0.00;-0.01;-0.13;0.16;-0.24;-1.72;-0.31;77.06;-0.44;0.50;0.015
35631.945;1937;-1.80;-0.25;71.63;-1.61;-0.03;63.74;-0.18;0.50;15;2;1;4;-0.45;0.30;0.29;0.00;-0.01;0.00;0.00;-0.28;-1.71;-0.28;75.23;-0.41;0.50;0.010
35632.045;1947;-1.79;-0.22;70.20;-1.61;-0.03;63.74;-0.18;0.50;15;2;1;4;-0.44;0.30;0.31;0.03;-0.01;0.10;-0.15;-0.30;-1.70;-0.26;73.52;-0.39;0.50;0.009
35632.145;1955;-1.79;-0.20;69.21;-1.61;-0.03;63.74;-0.18;0.50;15;2;1;4;-0.44;0.30;0.30;0.02;-0.01;-0.06;0.09;-0.18;-1.69;-0.23;71.93;-0.36;0.50;0.007
35632.245;1966;-1.78;-0.17;68.09;-1.61;-0.03;63.74;-0.18;0.50;15;2;1;4;-0.44;0.30;0.30;0.00;-0.01;-0.04;0.06;-0.12;-1.68;-0.20;70.45;-0.34;0.50;0.014
35632.335;1974;-1.77;-0.15;67.29;-1.61;-0.03;63.74;-0.18;0.50;15;2;1;4;-0.42;0.30;0.30;0.02;-0.01;-0.02;0.03;-0.12;-1.68;-0.18;69.75;-0.32;0.50;0.006
35632.445;1985;-1.76;-0.12;66.51;-1.61;-0.03;63.74;-0.18;0.50;15;2;1;4;-0.43;0.30;0.30;0.01;-0.01;-0.02;0.03;-0.05;-1.67;-0.16;68.45;-0.30;0.50;0.007
35632.535;1993;-1.75;-0.09;66.07;-1.61;-0.03;63.74;-0.18;0.50;15;2;1;4;-0.44;0.30;0.29;0.02;-0.01;0.02;-0.04;-0.12;-1.65;-0.13;67.26;-0.27;0.50;0.006
35632.635;2007;-1.73;-0.06;65.39;-1.61;-0.03;63.74;-0.18;0.50;15;2;1;4;-0.44;0.30;0.29;0.01;-0.00;0.00;-0.01;-0.06;-1.64;-0.10;66.17;-0.25;0.50;0.005
35632.745;2017;-1.72;-0.03;64.96;-1.44;0.30;65.46;0.25;0.50;15;3;1;4;-0.44;0.30;0.29;0.03;-0.01;0.04;-0.04;-0.16;-1.63;-0.07;65.20;-0.22;0.50;0.012
35632.835;2026;-1.71;-0.00;64.69;-1.44;0.30;65.46;0.25;0.50;15;3;1;4;-0.44;0.30;0.32;0.01;-0.00;0.05;-0.06;-0.08;-1.62;-0.05;64.33;-0.20;0.50;0.003
35632.935;2036;-1.70;0.03;64.14;-1.44;0.30;65.46;0.25;0.50;15;3;1;4;-0.43;0.30;0.30;0.01;-0.01;-0.03;0.04;-0.04;-1.61;-0.02;63.56;-0.17;0.50;0.003
35633.045;2045;-1.69;0.05;63.61;-1.44;0.30;65.46;0.25;0.50;15;3;1;4;-0.41;0.30;0.29;0.04;-0.01;0.01;-0.01;-0.14;-1.59;0.01;62.93;-0.14;0.50;0.009
35633.135;2055;-1.68;0.08;62.99;-1.44;0.30;65.46;0.25;0.50;15;3;1;4;-0.38;0.30;0.30;0.02;-0.01;-0.02;0.03;-0.07;-1.58;0.03;62.44;-0.10;0.50;0.005
35633.235;2064;-1.67;0.10;62.54;-1.44;0.30;65.46;0.25;0.50;15;3;1;4;-0.34;0.30;0.30;0.01;-0.01;-0.01;0.01;-0.01;-1.57;0.04;62.24;-0.09;0.50;0.003
35633.335;2074;-1.66;0.13;62.37;-1.44;0.30;65.46;0.25;0.50;15;3;1;4;-0.31;0.30;0.29;0.01;-0.01;0.01;-0.02;-0.01;-1.56;0.07;61.96;-0.05;0.50;0.006
35633.435;2087;-1.64;0.16;62.50;-1.44;0.30;65.46;0.25;0.50;15;3;1;4;-0.28;0.30;0.30;0.01;-0.01;-0.02;0.04;0.07;-1.54;0.10;61.82;-0.02;0.50;0.006
35633.535;2097;-1.63;0.19;62.76;-1.44;0.30;65.46;0.25;0.50;15;3;1;4;-0.26;0.30;0.30;0.01;-0.01;-0.01;0.03;0.06;-1.53;0.12;61.82;0.02;0.50;0.008
35633.635;2105;-1.62;0.21;62.96;-1.44;0.30;65.46;0.25;0.50;15;3;1;4;-0.24;0.30;0.30;0.01;-0.01;0.03;-0.04;0.04;-1.52;0.15;61.97;0.05;0.50;0.003
35633.745;2115;-1.60;0.24;63.24;-1.44;0.30;65.46;0.25;0.50;15;3;1;4;-0.20;0.30;0.30;0.00;-0.01;0.03;-0.04;0.04;-1.49;0.19;62.46;0.11;0.50;0.006
35633.845;2125;-1.59;0.26;63.56;-1.35;0.65;89.43;0.63;0.50;15;4;1;4;-0.15;0.30;0.29;0.00;-0.01;0.02;-0.04;0.04;-1.48;0.22;62.96;0.14;0.50;0.007
35633.935;2133;-1.58;0.29;63.88;-1.35;0.65;89.43;0.63;0.50;15;4;1;4;-0.01;0.30;0.29;0.00;-0.01;0.03;-0.05;0.07;-1.47;0.23;63.27;0.16;0.50;0.003
35634.035;2144;-1.57;0.31;64.81;-1.35;0.65;89.43;0.63;0.50;15;4;1;4;0.02;0.29;0.29;-0.00;-0.01;0.03;-0.07;0.19;-1.46;0.26;63.99;0.19;0.50;0.003
35634.135;2157;-1.55;0.35;66.22;-1.35;0.65;89.43;0.63;0.50;15;4;1;4;0.05;0.29;0.28;-0.00;-0.00;0.02;-0.04;0.14;-1.45;0.28;64.85;0.23;0.50;0.007
35634.235;2165;-1.54;0.37;66.73;-1.35;0.65;89.43;0.63;0.50;15;4;1;4;0.08;0.28;0.29;-0.00;-0.00;-0.01;0.01;0.08;-1.44;0.31;65.86;0.26;0.50;0.007
35634.335;2176;-1.53;0.40;67.29;-1.35;0.65;89.43;0.63;0.50;15;4;1;4;0.16;0.28;0.29;-0.00;-0.00;-0.00;0.00;0.08;-1.42;0.35;67.62;0.31;0.50;0.006
35634.445;2186;-1.52;0.42;67.93;-1.35;0.65;89.43;0.63;0.50;15;4;1;4;0.21;0.28;0.28;-0.00;-0.00;0.00;0.01;0.11;-1.41;0.38;68.96;0.34;0.50;0.007
35634.555;2195;-1.51;0.45;68.40;-1.34;0.64;90.00;-0.00;0.50;79;0;1;0;0.27;0.28;0.26;-0.01;-0.00;0.01;0.01;0.10;-1.40;0.41;70.45;0.37;0.50;0.019
35634.645;2206;-1.50;0.47;69.03;-1.34;0.64;90.00;-0.00;0.50;79;0;1;0;0.64;0.30;0.28;-0.00;-0.00;-0.07;-0.02;0.07;-1.34;0.64;90.00;-0.00;0.50;0.013
35634.765;2220;-1.48;0.51;72.16;-1.34;0.64;90.00;-0.00;0.50;79;0;1;0;0.58;0.30;0.30;-0.01;-0.01;-0.13;-0.04;0.47;-1.34;0.64;90.00;-0.00;0.50;0.025
35634.865;2229;-1.47;0.54;74.70;-1.34;0.64;90.00;-0.00;0.50;79;0;1;0;0.42;0.30;0.31;-0.00;-0.01;-0.16;-0.07;0.41;-1.34;0.64;90.00;-0.00;0.50;0.029
35634.965;2240;-1.46;0.57;76.50;-1.34;0.64;90.00;-0.00;0.50;79;0;1;0;0.36;0.30;0.30;-0.02;-0.01;-0.07;-0.03;0.13;-1.34;0.64;90.00;-0.00;0.50;0.034
35635.045;2244;-1.46;0.58;76.69;-1.34;0.64;90.00;-0.00;0.50;79;0;1;0;0.36;0.30;0.31;-0.00;-0.01;-0.16;-0.07;0.06;-1.34;0.64;90.00;-0.00;0.50;0.013
35635.155;2259;-1.45;0.62;77.94;-1.34;0.64;90.00;-0.00;0.50;79;0;1;0;0.33;0.30;0.30;-0.04;-0.01;0.15;0.07;0.22;-1.34;0.64;90.00;-0.00;0.50;0.018
35635.265;2268;-1.44;0.65;78.50;-1.34;0.64;90.00;-0.00;0.50;79;0;1;0;0.32;0.30;0.30;-0.01;-0.01;-0.10;-0.05;0.07;-1.34;0.64;90.00;-0.00;0.50;0.033
35635.375;2278;-1.43;0.68;79.29;-1.34;0.64;90.00;-0.00;0.50;79;0;1;0;0.30;0.30;0.30;-0.03;-0.01;-0.03;-0.02;0.11;-1.34;0.67;90.00;0.00;0.50;0.034
35635.455;2287;-1.42;0.71;79.95;-1.34;0.64;90.00;-0.00;0.50;79;0;1;0;0.29;0.30;0.30;-0.03;-0.01;0.09;0.05;0.16;-1.34;0.69;90.00;0.00;0.50;0.018
35635.555;2298;-1.42;0.74;80.60;-1.34;0.94;90.00;0.00;0.50;79;1;1;0;0.27;0.30;0.32;-0.03;-0.04;0.30;-0.04;0.21;-1.34;0.74;90.00;0.00;0.50;0.016
35635.635;2306;-1.41;0.76;81.11;-1.34;0.94;90.00;0.00;0.50;79;1;1;0;0.26;0.30;0.30;-0.02;-0.01;-0.08;-0.04;0.07;-1.34;0.76;90.00;0.00;0.50;0.008
35635.755;2317;-1.40;0.79;81.72;-1.34;0.94;90.00;0.00;0.50;79;1;1;0;0.25;0.30;0.29;-0.00;-0.01;0.02;0.02;0.06;-1.34;0.79;90.00;0.00;0.50;0.016
35635.845;2325;-1.40;0.82;81.91;-1.34;0.94;90.00;0.00;0.50;79;1;1;0;0.25;0.30;0.29;-0.00;-0.01;0.05;0.02;0.09;-1.34;0.81;90.00;0.00;0.50;0.011
35635.945;2336;-1.40;0.85;82.12;-1.34;0.94;90.00;0.00;0.50;79;1;1;0;0.25;0.30;0.30;0.00;-0.01;0.05;0.03;0.05;-1.34;0.85;90.00;0.00;0.50;0.012
35636.045;2344;-1.39;0.87;82.29;-1.34;0.94;90.00;0.00;0.50;79;1;1;0;0.25;0.30;0.30;-0.00;-0.01;-0.05;-0.03;-0.01;-1.34;0.87;90.00;0.00;0.50;0.010
35636.145;2355;-1.39;0.90;82.45;-1.34;0.94;90.00;0.00;0.50;79;1;1;0;0.25;0.30;0.30;-0.00;-0.01;-0.07;-0.04;-0.01;-1.34;0.91;90.00;0.00;0.50;0.011
35636.255;2368;-1.38;0.94;82.75;-1.34;0.94;90.00;0.00;0.50;79;1;1;0;0.25;0.30;0.29;-0.00;-0.01;0.02;0.02;0.04;-1.34;0.92;90.00;0.00;0.50;0.017
35636.335;2374;-1.38;0.96;82.79;-1.34;0.94;90.00;0.00;0.50;79;1;1;0;0.25;0.30;0.29;-0.00;-0.01;0.05;0.03;0.07;-1.34;0.95;90.00;0.00;0.50;0.009
35636.455;2386;-1.38;0.99;83.00;-1.34;1.24;90.00;-0.00;0.50;79;2;1;0;0.25;0.30;0.29;-0.00;-0.01;0.04;0.03;0.05;-1.34;0.99;90.00;0.00;0.50;0.011
35636.545;2397;-1.37;1.02;83.19;-1.34;1.24;90.00;-0.00;0.50;79;2;1;0;0.25;0.30;0.28;-0.01;-0.01;0.05;0.02;0.08;-1.34;1.03;90.00;0.00;0.50;0.009
35636.635;2406;-1.37;1.05;83.34;-1.34;1.24;90.00;-0.00;0.50;79;2;1;0;0.26;0.30;0.28;-0.01;-0.01;0.05;0.03;0.08;-1.34;1.05;90.00;0.00;0.50;0.005
35636.735;2416;-1.36;1.08;83.50;-1.34;1.24;90.00;-0.00;0.50;79;2;1;0;0.26;0.30;0.28;-0.01;-0.01;0.05;0.03;0.08;-1.34;1.08;90.00;0.00;0.50;0.005
35636.845;2425;-1.36;1.10;83.63;-1.34;1.24;90.00;-0.00;0.50;79;2;1;0;0.26;0.30;0.29;-0.00;-0.01;0.05;0.03;0.08;-1.34;1.10;90.00;0.00;0.50;0.011
35636.935;2436;-1.36;1.13;83.83;-1.34;1.24;90.00;-0.00;0.50;79;2;1;0;0.26;0.30;0.28;-0.01;-0.01;0.05;0.03;0.08;-1.34;1.14;90.00;0.00;0.50;0.005
35637.045;2444;-1.35;1.16;83.93;-1.34;1.24;90.00;-0.00;0.50;79;2;1;0;0.26;0.30;0.30;0.00;-0.01;0.06;0.04;0.04;-1.34;1.16;90.00;0.00;0.50;0.012
35637.135;2454;-1.35;1.19;84.09;-1.34;1.24;90.00;-0.00;0.50;79;2;1;0;0.26;0.30;0.30;0.00;-0.01;0.06;0.04;0.05;-1.34;1.18;90.00;-0.00;0.50;0.005
35637.245;2464;-1.35;1.22;84.24;-1.34;1.24;90.00;-0.00;0.50;79;2;1;0;0.26;0.30;0.30;-0.00;-0.01;-0.07;-0.04;-0.02;-1.34;1.22;90.00;-0.00;0.50;0.007
35637.335;2473;-1.34;1.24;84.45;-1.34;1.24;90.00;-0.00;0.50;79;2;1;0;0.26;0.30;0.29;-0.00;-0.01;-0.02;-0.01;-0.01;-1.34;1.24;90.00;-0.00;0.50;0.008
35637.455;2488;-1.34;1.28;84.63;-1.34;1.24;90.00;-0.00;0.50;79;2;1;0;0.26;0.30;0.29;-0.00;-0.01;0.05;0.03;0.07;-1.34;1.27;90.00;-0.00;0.50;0.017
35637.545;2496;-1.34;1.31;84.76;-1.34;1.53;90.00;-0.00;0.50;79;3;1;0;0.26;0.30;0.30;-0.00;-0.01;-0.05;-0.02;-0.02;-1.34;1.30;90.00;-0.00;0.50;0.006
35637.635;2507;-1.33;1.34;84.93;-1.34;1.53;90.00;-0.00;0.50;79;3;1;0;0.26;0.30;0.30;-0.00;-0.01;-0.05;-0.02;-0.02;-1.34;1.34;90.00;-0.00;0.50;0.003
35637.745;2515;-1.33;1.36;85.10;-1.34;1.53;90.00;-0.00;0.50;79;3;1;0;0.26;0.30;0.28;-0.01;-0.01;0.03;0.02;0.06;-1.34;1.36;90.00;-0.00;0.50;0.004
35637.835;2524;-1.33;1.39;85.23;-1.34;1.53;90.00;-0.00;0.50;79;3;1;0;0.26;0.30;0.29;-0.00;-0.01;-0.00;0.02;0.01;-1.34;1.39;90.00;-0.00;0.50;0.005
35637.935;2535;-1.33;1.42;85.38;-1.34;1.53;90.00;-0.00;0.50;79;3;1;0;0.26;0.30;0.28;-0.01;-0.01;0.03;0.02;0.07;-1.34;1.42;90.00;-0.00;0.50;0.003
35638.045;2543;-1.32;1.44;85.43;-1.34;1.53;90.00;-0.00;0.50;79;3;1;0;0.26;0.30;0.28;-0.00;-0.01;0.04;0.03;0.08;-1.34;1.45;90.00;-0.00;0.50;0.007
35638.145;2558;-1.32;1.49;85.69;-1.34;1.53;90.00;-0.00;0.50;79;3;1;0;0.26;0.30;0.28;-0.01;-0.01;0.03;0.02;0.06;-1.34;1.48;90.00;-0.00;0.50;0.003
35638.245;2566;-1.32;1.51;85.75;-1.34;1.53;90.00;-0.00;0.50;79;3;1;0;0.26;0.30;0.28;-0.00;-0.01;0.04;0.03;0.08;-1.34;1.51;90.00;-0.00;0.50;0.004
35638.335;2577;-1.32;1.54;85.96;-1.34;1.53;90.00;-0.00;0.50;79;3;1;0;0.25;0.30;0.28;-0.00;-0.01;0.02;0.03;0.05;-1.34;1.54;90.00;-0.00;0.50;0.003
35638.435;2585;-1.31;1.56;86.08;-1.34;1.53;90.00;-0.00;0.50;79;3;1;0;0.25;0.30;0.28;-0.00;-0.01;0.01;0.02;0.05;-1.34;1.57;90.00;-0.00;0.50;0.003
35638.545;2596;-1.31;1.59;86.27;-1.34;1.53;90.00;-0.00;0.50;79;3;1;0;0.25;0.30;0.28;-0.00;-0.01;0.01;0.02;0.05;-1.34;1.59;90.00;-0.00;0.50;0.007
35638.675;2608;-1.31;1.63;86.30;-1.36;2.10;103.50;0.54;0.50;78;1;1;5;0.25;0.30;0.29;-0.00;-0.01;0.04;0.03;0.04;-1.34;1.62;90.00;-0.00;0.50;0.038
35638.755;2618;-1.31;1.66;86.42;-1.36;2.10;103.50;0.54;0.50;78;1;1;5;-0.15;0.30;0.29;-0.01;-0.01;-0.04;-0.02;-0.02;-1.34;1.85;90.00;0.07;0.06;0.015
35638.855;2628;-1.30;1.69;84.85;-1.36;2.10;103.50;0.54;0.50;78;1;1;5;-0.02;0.30;0.29;0.01;-0.01;0.06;0.04;-0.41;-1.34;1.85;90.00;0.07;0.06;0.025
35638.945;2637;-1.30;1.71;83.62;-1.36;2.10;103.50;0.54;0.50;78;1;1;5;0.09;0.30;0.29;-0.00;-0.00;-0.02;-0.01;-0.17;-1.34;1.85;90.00;0.07;0.06;0.009
35639.045;2647;-1.30;1.74;83.41;-1.36;2.10;103.50;0.54;0.50;78;1;1;5;0.17;0.30;0.29;-0.01;-0.00;0.01;0.01;0.03;-1.34;1.85;90.00;0.07;0.06;0.011
35639.145;2656;-1.29;1.77;83.82;-1.36;2.10;103.50;0.54;0.50;78;1;1;5;0.22;0.30;0.29;-0.01;-0.00;0.01;0.00;0.11;-1.34;1.85;90.00;0.07;0.06;0.015
35639.245;2666;-1.29;1.79;84.45;-1.36;2.10;103.50;0.54;0.50;78;1;1;5;0.26;0.30;0.29;-0.00;-0.00;0.01;0.01;0.11;-1.34;1.85;90.00;0.07;0.06;0.009
35639.355;2679;-1.29;1.83;85.31;-1.36;2.10;103.50;0.54;0.50;78;1;1;5;0.31;0.29;0.28;-0.00;-0.01;0.01;0.01;0.12;-1.34;1.85;90.00;0.07;0.06;0.023
35639.445;2685;-1.29;1.85;85.78;-1.36;2.10;103.50;0.54;0.50;78;1;1;5;0.36;0.29;0.28;-0.01;-0.01;0.01;0.01;0.17;-1.34;1.85;90.07;0.12;0.11;0.011
35639.545;2697;-1.28;1.88;86.71;-1.36;2.10;103.50;0.54;0.50;78;1;1;5;0.43;0.29;0.28;-0.01;-0.01;0.05;0.03;0.23;-1.34;1.87;90.38;0.18;0.17;0.009
35639.655;2708;-1.28;1.91;88.05;-1.36;2.10;103.50;0.54;0.50;78;1;1;5;0.52;0.29;0.28;-0.01;-0.01;0.06;0.04;0.28;-1.34;1.91;91.64;0.28;0.26;0.019
35639.745;2716;-1.28;1.94;89.18;-1.36;2.10;103.50;0.54;0.50;78;1;1;5;0.55;0.29;0.29;-0.00;-0.01;-0.05;-0.03;0.25;-1.34;1.93;92.35;0.31;0.29;0.009
35639.855;2726;-1.28;1.96;91.44;-1.36;2.10;103.50;0.54;0.50;78;1;1;5;0.56;0.30;0.28;-0.01;-0.01;0.05;0.04;0.41;-1.34;1.96;93.76;0.36;0.33;0.022
35639.955;2735;-1.28;1.99;93.30;-1.36;2.10;103.50;0.54;0.50;78;1;1;5;0.58;0.30;0.30;0.00;-0.01;-0.14;-0.11;0.34;-1.34;1.98;94.96;0.40;0.36;0.019
35640.045;2745;-1.28;2.02;95.99;-1.36;2.10;103.50;0.54;0.50;78;1;1;5;0.60;0.30;0.29;-0.01;-0.01;0.03;0.03;0.46;-1.35;2.01;97.20;0.44;0.41;0.016
35640.145;2756;-1.28;2.05;98.57;-1.36;2.10;103.50;0.54;0.50;78;1;1;5;0.62;0.30;0.32;-0.02;0.00;0.02;0.01;0.49;-1.35;2.04;99.01;0.48;0.44;0.012
35640.245;2764;-1.29;2.08;101.04;-1.65;2.51;145.14;0.53;0.50;78;2;1;5;0.63;0.30;0.30;-0.01;-0.01;-0.01;-0.00;0.48;-1.36;2.07;101.11;0.51;0.47;0.011
35640.345;2778;-1.30;2.12;105.06;-1.65;2.51;145.14;0.53;0.50;78;2;1;5;0.50;0.30;0.29;-0.01;-0.01;0.04;0.05;0.50;-1.36;2.08;102.27;0.53;0.48;0.013
35640.455;2787;-1.30;2.14;106.48;-1.65;2.51;145.14;0.53;0.50;78;2;1;5;0.56;0.30;0.30;0.01;-0.00;-0.12;-0.15;0.17;-1.37;2.13;106.06;0.54;0.50;0.012
35640.545;2798;-1.31;2.17;108.64;-1.65;2.51;145.14;0.53;0.50;78;2;1;5;0.59;0.30;0.29;-0.00;-0.01;-0.02;-0.02;0.37;-1.38;2.16;108.61;0.54;0.50;0.014
35640.645;2806;-1.32;2.20;110.36;-1.65;2.51;145.14;0.53;0.50;78;2;1;5;0.59;0.30;0.32;-0.05;-0.04;0.24;0.11;0.48;-1.39;2.17;109.88;0.54;0.50;0.008
35640.735;2817;-1.33;2.23;113.02;-1.65;2.51;145.14;0.53;0.50;78;2;1;5;0.59;0.30;0.29;0.00;-0.01;-0.04;-0.05;0.37;-1.40;2.20;112.42;0.54;0.50;0.005
35640.845;2825;-1.34;2.25;114.60;-1.65;2.51;145.14;0.53;0.50;78;2;1;5;0.59;0.30;0.27;0.01;-0.09;-0.21;0.40;0.42;-1.40;2.21;113.69;0.54;0.50;0.007
35640.945;2836;-1.35;2.28;116.98;-1.65;2.51;145.14;0.53;0.50;78;2;1;5;0.60;0.30;0.30;0.00;-0.01;-0.06;-0.11;0.34;-1.42;2.24;116.23;0.54;0.50;0.012
35641.045;2844;-1.36;2.30;118.55;-1.65;2.51;145.14;0.53;0.50;78;2;1;5;0.63;0.30;0.28;-0.01;-0.01;0.04;0.07;0.39;-1.43;2.27;118.76;0.54;0.50;0.011
35641.145;2855;-1.38;2.33;121.03;-1.65;2.51;145.14;0.53;0.50;78;2;1;5;0.63;0.30;0.30;-0.01;-0.01;0.04;0.07;0.39;-1.45;2.30;121.29;0.54;0.50;0.008
35641.245;2867;-1.40;2.36;123.39;-1.65;2.51;145.14;0.53;0.50;78;2;1;5;0.64;0.30;0.29;-0.04;-0.01;0.03;0.05;0.39;-1.45;2.31;122.56;0.54;0.50;0.014
35641.335;2877;-1.41;2.39;125.12;-1.65;2.51;145.14;0.53;0.50;78;2;1;5;0.68;0.30;0.31;-0.04;-0.01;0.02;0.05;0.38;-1.47;2.33;125.08;0.54;0.50;0.006
35641.445;2886;-1.42;2.41;127.12;-1.65;2.51;145.14;0.53;0.50;78;2;1;5;0.70;0.30;0.32;-0.04;-0.01;-0.00;-0.04;0.32;-1.49;2.36;127.60;0.54;0.50;0.014
35641.535;2897;-1.44;2.44;129.96;-1.65;2.51;145.14;0.53;0.50;78;2;1;5;0.70;0.30;0.31;-0.05;-0.01;0.02;0.05;0.45;-1.51;2.38;130.12;0.54;0.50;0.006
35641.635;2905;-1.46;2.46;131.73;-1.65;2.51;145.14;0.53;0.50;78;2;1;5;0.73;0.30;0.33;-0.05;-0.01;-0.02;-0.16;0.37;-1.53;2.41;132.63;0.54;0.50;0.005
35641.745;2914;-1.47;2.49;134.64;-1.65;2.51;145.14;0.53;0.50;78;2;1;5;0.70;0.30;0.31;-0.06;-0.01;0.02;0.06;0.49;-1.54;2.42;133.89;0.54;0.50;0.012
35641.835;2924;-1.49;2.52;137.13;-2.13;2.65;179.43;0.38;0.50;78;3;1;5;0.71;0.30;0.33;-0.07;-0.02;0.01;0.01;0.45;-1.56;2.44;136.39;0.53;0.50;0.006
35641.945;2935;-1.51;2.54;140.35;-2.13;2.65;179.43;0.38;0.50;78;3;1;5;0.58;0.30;0.31;-0.07;-0.01;0.01;0.02;0.51;-1.58;2.46;138.90;0.53;0.50;0.008
35642.035;2943;-1.53;2.56;142.27;-2.13;2.65;179.43;0.38;0.50;78;3;1;5;0.58;0.30;0.31;-0.07;-0.01;0.01;0.05;0.35;-1.60;2.47;140.15;0.53;0.50;0.006
35642.155;2958;-1.56;2.60;144.68;-2.13;2.65;179.43;0.38;0.50;78;3;1;5;0.62;0.30;0.29;-0.04;-0.01;-0.01;0.06;0.28;-1.62;2.49;142.65;0.53;0.50;0.018
35642.245;2967;-1.58;2.61;145.86;-2.13;2.65;179.43;0.38;0.50;78;3;1;5;0.67;0.30;0.31;-0.02;-0.01;0.02;-0.16;0.25;-1.65;2.51;145.14;0.53;0.50;0.012
35642.345;2977;-1.60;2.63;148.51;-2.13;2.65;179.43;0.38;0.50;78;3;1;5;0.66;0.30;0.30;-0.01;-0.01;-0.00;0.00;0.45;-1.67;2.53;147.61;0.52;0.50;0.006
35642.445;2986;-1.63;2.65;150.41;-2.13;2.65;179.43;0.38;0.50;78;3;1;5;0.66;0.30;0.32;-0.02;-0.00;-0.01;0.03;0.43;-1.70;2.54;150.02;0.51;0.50;0.011
35642.545;2996;-1.65;2.66;153.08;-2.13;2.65;179.43;0.38;0.50;78;3;1;5;0.62;0.30;0.30;-0.01;-0.01;0.00;-0.03;0.39;-1.71;2.55;151.21;0.51;0.50;0.011
35642.645;3005;-1.68;2.68;155.03;-2.13;2.65;179.43;0.38;0.50;78;3;1;5;0.62;0.30;0.32;-0.07;-0.06;0.18;0.43;0.59;-1.74;2.56;153.55;0.50;0.50;0.009
35642.735;3015;-1.70;2.69;158.19;-2.13;2.65;179.43;0.38;0.50;78;3;1;5;0.56;0.30;0.33;-0.07;-0.04;0.08;0.27;0.71;-1.75;2.57;154.69;0.50;0.50;0.005
35642.855;3028;-1.74;2.71;161.30;-2.13;2.65;179.43;0.38;0.50;78;3;1;5;0.53;0.30;0.31;0.00;-0.01;0.05;-0.15;0.29;-1.78;2.58;156.95;0.49;0.50;0.019
35642.945;3037;-1.76;2.72;163.11;-2.13;2.65;179.43;0.38;0.50;78;3;1;5;0.53;0.30;0.29;-0.01;-0.01;-0.03;0.09;0.36;-1.81;2.59;159.16;0.48;0.50;0.012
35643.055;3047;-1.79;2.73;164.94;-2.13;2.65;179.43;0.38;0.50;78;3;1;5;0.51;0.30;0.30;0.01;-0.01;0.07;-0.19;0.25;-1.82;2.60;160.25;0.47;0.50;0.018
35643.145;3057;-1.82;2.73;167.04;-2.13;2.65;179.43;0.38;0.50;78;3;1;5;0.50;0.30;0.29;-0.01;-0.01;-0.01;0.02;0.32;-1.85;2.61;162.38;0.46;0.50;0.013
35643.235;3067;-1.85;2.74;168.61;-2.13;2.65;179.43;0.38;0.50;78;3;1;5;0.51;0.30;0.31;-0.01;-0.00;-0.00;0.03;0.36;-1.88;2.62;164.47;0.45;0.50;0.006
35643.345;3076;-1.88;2.75;170.54;-2.13;2.65;179.43;0.38;0.50;78;3;1;5;0.50;0.30;0.30;-0.01;-0.01;-0.00;0.01;0.32;-1.91;2.63;166.51;0.44;0.50;0.012
35643.445;3087;-1.91;2.75;172.51;-2.13;2.65;179.43;0.38;0.50;78;3;1;5;0.47;0.30;0.28;0.01;-0.09;-0.46;0.05;0.46;-1.93;2.63;167.51;0.44;0.50;0.011
35643.535;3096;-1.94;2.76;174.18;-2.13;2.65;179.43;0.38;0.50;78;3;1;5;0.46;0.30;0.30;-0.00;-0.01;0.03;-0.05;0.26;-1.96;2.64;169.47;0.43;0.50;0.006
35643.645;3106;-1.97;2.76;175.93;-2.13;2.65;179.43;0.38;0.50;78;3;1;5;0.46;0.30;0.29;-0.02;-0.01;-0.06;0.11;0.37;-1.99;2.64;171.39;0.42;0.50;0.012
35643.735;3115;-1.99;2.76;177.46;-2.13;2.65;179.43;0.38;0.50;78;3;1;5;0.44;0.30;0.30;0.00;-0.01;0.07;-0.10;0.25;-2.00;2.64;172.33;0.42;0.50;0.006
35643.885;3129;-2.03;2.76;179.69;-2.39;2.67;166.50;-0.54;0.50;337;1;1;6;0.43;0.30;0.30;-0.02;-0.01;0.06;-0.08;0.22;-2.04;2.65;174.17;0.41;0.50;0.043
35643.945;3138;-2.06;2.77;181.11;-2.39;2.67;166.50;-0.54;0.50;337;1;1;6;0.24;0.30;0.30;-0.04;-0.01;0.00;-0.00;0.23;-2.14;2.64;180.00;-0.07;0.06;0.012
35644.045;3148;-2.09;2.77;181.37;-2.39;2.67;166.50;-0.54;0.50;337;1;1;6;0.16;0.29;0.29;-0.03;-0.01;-0.05;0.07;0.10;-2.14;2.64;180.00;-0.07;0.06;0.012
35644.145;3157;-2.12;2.77;181.18;-2.39;2.67;166.50;-0.54;0.50;337;1;1;6;0.12;0.28;0.29;-0.01;-0.01;-0.04;0.05;-0.03;-2.14;2.64;180.00;-0.07;0.06;0.014
35644.255;3167;-2.15;2.77;180.68;-2.39;2.67;166.50;-0.54;0.50;337;1;1;6;0.08;0.27;0.28;-0.00;-0.01;0.01;-0.01;-0.10;-2.14;2.64;180.00;-0.07;0.06;0.013
35644.345;3175;-2.17;2.77;180.26;-2.39;2.67;166.50;-0.54;0.50;337;1;1;6;-0.01;0.26;0.27;-0.00;-0.01;-0.00;0.00;-0.10;-2.16;2.64;179.81;-0.15;0.14;0.011
35644.455;3186;-2.20;2.77;179.40;-2.39;2.67;166.50;-0.54;0.50;337;1;1;6;-0.11;0.26;0.26;0.00;-0.01;-0.03;0.05;-0.14;-2.20;2.64;178.66;-0.26;0.24;0.020
35644.565;3198;-2.23;2.77;178.33;-2.39;2.67;166.50;-0.54;0.50;337;1;1;6;-0.17;0.26;0.27;0.00;0.00;0.01;-0.01;-0.14;-2.22;2.64;177.65;-0.31;0.29;0.023
35644.655;3208;-2.25;2.77;177.47;-2.39;2.67;166.50;-0.54;0.50;337;1;1;6;-0.24;0.27;0.26;0.00;-0.00;0.01;0.01;-0.13;-2.25;2.64;176.24;-0.36;0.33;0.021
35644.765;3218;-2.28;2.77;176.61;-2.39;2.67;166.50;-0.54;0.50;337;1;1;6;-0.32;0.27;0.25;0.01;-0.00;0.01;0.01;-0.15;-2.29;2.65;174.36;-0.41;0.38;0.026
35644.845;3226;-2.30;2.77;175.86;-2.39;2.67;166.50;-0.54;0.50;337;1;1;6;-0.41;0.29;0.27;0.01;-0.00;0.01;0.00;-0.18;-2.32;2.65;171.93;-0.46;0.42;0.011
35644.945;3237;-2.33;2.77;174.37;-2.39;2.67;166.50;-0.54;0.50;337;1;1;6;-0.48;0.30;0.28;0.01;-0.01;0.04;0.04;-0.30;-2.35;2.66;169.98;-0.49;0.45;0.012
35645.045;3245;-2.35;2.78;173.06;-2.39;2.67;166.50;-0.54;0.50;337;1;1;6;-0.54;0.30;0.30;0.00;-0.01;-0.07;-0.07;-0.30;-2.38;2.66;167.73;-0.53;0.48;0.010
35645.145;3256;-2.39;2.78;170.59;-2.80;2.95;124.86;-0.53;0.50;337;2;1;6;-0.61;0.30;0.30;0.03;-0.01;-0.03;-0.03;-0.36;-2.42;2.67;163.94;-0.54;0.50;0.010
35645.245;3264;-2.41;2.78;168.92;-2.80;2.95;124.86;-0.53;0.50;337;2;1;6;-0.76;0.30;0.31;0.02;-0.00;0.01;0.03;-0.47;-2.44;2.68;162.67;-0.54;0.50;0.010
35645.335;3275;-2.44;2.79;165.09;-2.80;2.95;124.86;-0.53;0.50;337;2;1;6;-0.72;0.30;0.29;0.01;-0.01;0.02;0.00;-0.68;-2.48;2.69;158.85;-0.54;0.50;0.006
35645.435;3283;-2.47;2.79;162.65;-2.80;2.95;124.86;-0.53;0.50;337;2;1;6;-0.71;0.30;0.32;0.01;-0.00;-0.13;-0.08;-0.36;-2.51;2.71;156.31;-0.54;0.50;0.006
35645.555;3298;-2.51;2.80;158.37;-2.80;2.95;124.86;-0.53;0.50;337;2;1;6;-0.68;0.30;0.32;0.02;-0.01;-0.07;-0.05;-0.49;-2.54;2.72;153.77;-0.54;0.50;0.015
35645.645;3306;-2.54;2.81;156.54;-2.80;2.95;124.86;-0.53;0.50;337;2;1;6;-0.72;0.30;0.33;0.02;0.00;-0.00;0.00;-0.37;-2.58;2.74;149.97;-0.54;0.50;0.007
35645.745;3316;-2.56;2.82;153.52;-2.80;2.95;124.86;-0.53;0.50;337;2;1;6;-0.70;0.30;0.30;0.02;-0.01;0.02;0.02;-0.49;-2.60;2.76;147.44;-0.54;0.50;0.013
35645.845;3326;-2.59;2.83;151.35;-2.80;2.95;124.86;-0.53;0.50;337;2;1;6;-0.73;0.30;0.33;0.03;-0.00;0.03;0.01;-0.34;-2.63;2.77;144.92;-0.54;0.50;0.007
35645.935;3334;-2.62;2.84;149.16;-2.80;2.95;124.86;-0.53;0.50;337;2;1;6;-0.73;0.30;0.31;0.05;-0.01;0.02;0.03;-0.43;-2.66;2.79;142.40;-0.54;0.50;0.006
35646.045;3344;-2.65;2.86;146.84;-2.80;2.95;124.86;-0.53;0.50;337;2;1;6;-0.76;0.30;0.33;0.07;-0.01;0.06;0.05;-0.52;-2.68;2.81;139.88;-0.54;0.50;0.007
35646.145;3354;-2.68;2.87;144.23;-2.80;2.95;124.86;-0.53;0.50;337;2;1;6;-0.77;0.30;0.34;0.07;-0.01;-0.04;-0.01;-0.39;-2.70;2.83;137.37;-0.54;0.50;0.008
35646.265;3369;-2.72;2.89;139.54;-2.94;3.44;90.00;-0.00;0.50;585;0;1;8;-0.75;0.30;0.33;0.06;-0.01;0.02;0.01;-0.50;-2.73;2.85;134.86;-0.54;0.50;0.022
35646.355;3377;-2.75;2.90;137.43;-2.94;3.44;90.00;-0.00;0.50;585;0;1;8;-0.79;0.30;0.34;0.07;-0.01;0.04;0.01;-0.57;-2.94;3.44;90.00;-0.00;0.50;0.016
35646.445;3388;-2.78;2.92;133.82;-2.94;3.44;90.00;-0.00;0.50;585;0;1;8;-0.79;0.30;0.33;0.09;-0.01;-0.03;0.00;-0.50;-2.94;3.44;90.00;-0.00;0.50;0.015
35646.555;3396;-2.80;2.94;131.16;-2.94;3.44;90.00;-0.00;0.50;585;0;1;8;-0.79;0.30;0.32;0.11;-0.01;0.08;0.01;-0.79;-2.94;3.44;90.00;-0.00;0.50;0.016
35646.645;3405;-2.83;2.95;127.92;-2.94;3.44;90.00;-0.00;0.50;585;0;1;8;-0.79;0.30;0.33;0.10;-0.01;0.06;0.00;-0.72;-2.94;3.44;90.00;-0.00;0.50;0.015
35646.755;3416;-2.85;2.98;123.76;-2.94;3.44;90.00;-0.00;0.50;585;0;1;8;-0.79;0.30;0.32;0.08;-0.01;0.02;0.01;-0.83;-2.94;3.44;90.00;-0.00;0.50;0.028
35646.855;3425;-2.87;3.00;120.16;-2.94;3.44;90.00;-0.00;0.50;585;0;1;8;-0.79;0.30;0.31;0.01;-0.01;-0.16;0.03;-0.72;-2.94;3.44;90.00;-0.00;0.50;0.021
35646.945;3435;-2.89;3.03;115.66;-2.94;3.44;90.00;-0.00;0.50;585;0;1;8;-0.79;0.30;0.31;-0.01;-0.01;-0.14;0.03;-0.68;-2.94;3.44;90.00;-0.00;0.50;0.014
35647.065;3450;-2.91;3.07;108.71;-2.94;3.44;90.00;-0.00;0.50;585;0;1;8;-0.71;0.30;0.32;0.05;-0.03;0.24;0.04;-1.03;-2.94;3.44;90.00;-0.00;0.50;0.026
35647.155;3459;-2.92;3.09;104.90;-2.94;3.44;90.00;-0.00;0.50;585;0;1;8;-0.53;0.30;0.31;-0.01;-0.01;-0.16;0.06;-0.59;-2.94;3.44;90.00;-0.00;0.50;0.028
35647.245;3465;-2.92;3.11;103.33;-2.94;3.44;90.00;-0.00;0.50;585;0;1;8;-0.47;0.30;0.30;-0.01;-0.06;0.14;-0.24;-0.50;-2.94;3.44;90.00;-0.00;0.50;0.013
35647.365;3480;-2.93;3.15;100.50;-2.94;3.44;90.00;-0.00;0.50;585;0;1;8;-0.38;0.30;0.31;0.04;-0.01;0.14;-0.08;-0.36;-2.94;3.44;90.00;-0.00;0.50;0.031
35647.445;3484;-2.94;3.17;99.97;-2.94;3.44;90.00;-0.00;0.50;585;0;1;8;-0.37;0.30;0.30;0.03;-0.01;0.01;-0.00;-0.15;-2.94;3.44;90.00;-0.00;0.50;0.014
35647.555;3497;-2.94;3.20;99.10;-2.94;3.44;90.00;-0.00;0.50;585;0;1;8;-0.35;0.30;0.29;0.00;-0.01;0.03;-0.02;-0.08;-2.94;3.44;90.00;-0.00;0.50;0.014
35647.665;3507;-2.95;3.23;98.62;-2.94;3.44;90.00;-0.00;0.50;585;0;1;8;-0.35;0.30;0.28;0.02;-0.01;0.06;-0.02;-0.17;-2.94;3.44;90.00;-0.00;0.50;0.030
35647.745;3516;-2.95;3.26;98.31;-2.94;3.44;90.00;-0.00;0.50;585;0;1;8;-0.35;0.30;0.30;0.01;-0.01;-0.10;0.05;-0.03;-2.94;3.44;90.00;-0.00;0.50;0.014
35647.855;3526;-2.96;3.29;97.54;-2.94;3.44;90.00;-0.00;0.50;585;0;1;8;-0.34;0.30;0.30;0.03;-0.01;-0.04;0.02;-0.09;-2.94;3.44;90.00;-0.00;0.50;0.016
35647.965;3540;-2.97;3.33;96.52;-2.94;3.44;90.00;-0.00;0.50;585;0;1;8;-0.32;0.30;0.30;0.03;-0.01;-0.02;0.01;-0.10;-2.94;3.44;90.00;-0.00;0.50;0.029
35648.055;3546;-2.97;3.35;96.25;-2.94;3.44;90.00;-0.00;0.50;585;0;1;8;-0.32;0.30;0.30;0.00;-0.01;-0.12;0.08;-0.07;-2.94;3.44;90.00;-0.00;0.50;0.027
35648.155;3555;-2.98;3.37;95.70;-2.89;3.93;72.73;-0.49;0.50;585;1;1;8;-0.31;0.30;0.29;-0.00;-0.01;-0.00;0.00;-0.05;-2.94;3.44;90.00;-0.00;0.50;0.017
35648.255;3565;-2.98;3.40;95.27;-2.89;3.93;72.73;-0.49;0.50;585;1;1;8;-0.18;0.30;0.28;0.01;-0.01;0.04;-0.03;-0.06;-2.94;3.44;90.00;-0.00;0.50;0.020
35648.345;3579;-2.98;3.44;95.44;-2.89;3.93;72.73;-0.49;0.50;585;1;1;8;-0.27;0.30;0.29;0.03;-0.01;-0.00;-0.01;0.05;-2.94;3.44;90.00;-0.00;0.50;0.017
35648.445;3588;-2.99;3.47;95.25;-2.89;3.93;72.73;-0.49;0.50;585;1;1;8;-0.30;0.30;0.30;0.01;-0.01;-0.05;0.03;-0.05;-2.94;3.47;89.96;-0.02;0.50;0.017
35648.545;3597;-2.99;3.50;94.76;-2.89;3.93;72.73;-0.49;0.50;585;1;1;8;-0.31;0.30;0.30;0.00;-0.01;-0.02;0.01;-0.06;-2.94;3.49;89.84;-0.05;0.50;0.015
35648.655;3607;-2.99;3.52;94.17;-2.89;3.93;72.73;-0.49;0.50;585;1;1;8;-0.33;0.30;0.29;0.00;-0.01;0.02;-0.02;-0.08;-2.94;3.52;89.63;-0.07;0.50;0.020
35648.755;3615;-3.00;3.55;93.77;-2.89;3.93;72.73;-0.49;0.50;585;1;1;8;-0.35;0.30;0.29;0.01;-0.01;0.06;-0.03;-0.18;-2.94;3.54;89.35;-0.10;0.50;0.016
35648.845;3626;-3.00;3.58;93.13;-2.89;3.93;72.73;-0.49;0.50;585;1;1;8;-0.38;0.30;0.30;0.00;-0.01;-0.08;0.06;-0.08;-2.94;3.57;88.97;-0.12;0.50;0.010
35648.945;3634;-3.00;3.60;92.47;-2.89;3.93;72.73;-0.49;0.50;585;1;1;8;-0.40;0.30;0.29;0.01;-0.01;0.02;-0.02;-0.11;-2.94;3.59;88.51;-0.15;0.50;0.010
35649.045;3648;-3.00;3.64;91.11;-2.89;3.93;72.73;-0.49;0.50;585;1;1;8;-0.43;0.30;0.30;0.03;-0.01;-0.00;0.00;-0.18;-2.94;3.62;87.97;-0.17;0.50;0.018
35649.145;3657;-3.01;3.67;90.06;-2.89;3.93;72.73;-0.49;0.50;585;1;1;8;-0.45;0.30;0.32;0.05;-0.04;0.30;-0.02;-0.38;-2.93;3.67;86.61;-0.22;0.50;0.011
35649.255;3667;-3.01;3.70;88.59;-2.89;3.93;72.73;-0.49;0.50;585;1;1;8;-0.46;0.30;0.30;0.02;-0.01;-0.06;0.05;-0.21;-2.93;3.69;85.79;-0.25;0.50;0.019
35649.345;3677;-3.01;3.73;86.81;-2.89;3.93;72.73;-0.49;0.50;585;1;1;8;-0.47;0.30;0.29;0.01;-0.01;0.10;-0.08;-0.35;-2.93;3.71;84.88;-0.27;0.50;0.016
35649.455;3685;-3.01;3.76;85.44;-2.89;3.93;72.73;-0.49;0.50;585;1;1;8;-0.48;0.30;0.30;0.00;-0.01;-0.05;0.04;-0.27;-2.93;3.74;83.88;-0.30;0.50;0.013
35649.555;3699;-3.01;3.80;82.91;-2.89;3.93;72.73;-0.49;0.50;585;1;1;8;-0.49;0.30;0.29;0.01;-0.01;0.05;-0.04;-0.35;-2.93;3.76;82.78;-0.32;0.50;0.020
35649.645;3705;-3.00;3.82;81.83;-2.89;3.93;72.73;-0.49;0.50;585;1;1;8;-0.53;0.30;0.30;0.00;-0.01;-0.06;0.06;-0.30;-2.92;3.81;80.30;-0.37;0.50;0.016
35649.765;3718;-3.00;3.85;78.94;-2.89;3.93;72.73;-0.49;0.50;585;1;1;8;-0.48;0.30;0.29;0.01;-0.01;0.04;-0.04;-0.41;-2.92;3.81;80.30;-0.37;0.50;0.029
35649.845;3724;-2.99;3.87;77.76;-2.89;3.93;72.73;-0.49;0.50;585;1;1;8;-0.54;0.30;0.30;0.00;-0.01;-0.06;0.06;-0.28;-2.91;3.86;77.43;-0.42;0.50;0.011
35649.945;3737;-2.99;3.91;75.12;-2.59;4.30;25.94;-0.72;0.50;585;2;1;8;-0.55;0.30;0.29;0.01;-0.01;0.04;-0.05;-0.41;-2.90;3.89;75.84;-0.45;0.50;0.017
35650.045;3747;-2.98;3.94;73.09;-2.59;4.30;25.94;-0.72;0.50;585;2;1;8;-0.40;0.30;0.30;-0.00;-0.01;-0.11;0.14;-0.31;-2.90;3.91;74.16;-0.47;0.50;0.007
35650.145;3756;-2.97;3.96;71.53;-2.59;4.30;25.94;-0.72;0.50;585;2;1;8;-0.44;0.30;0.29;-0.00;-0.01;0.05;-0.07;-0.23;-2.89;3.93;72.37;-0.50;0.50;0.013
35650.235;3766;-2.96;3.99;70.37;-2.59;4.30;25.94;-0.72;0.50;585;2;1;8;-0.50;0.30;0.30;-0.00;-0.01;-0.10;0.16;-0.20;-2.88;3.96;70.51;-0.51;0.50;0.006
35650.345;3775;-2.95;4.02;68.86;-2.59;4.30;25.94;-0.72;0.50;585;2;1;8;-0.53;0.30;0.30;0.04;-0.01;-0.03;0.05;-0.27;-2.87;3.98;68.60;-0.52;0.50;0.012
35650.445;3785;-2.95;4.05;67.01;-2.59;4.30;25.94;-0.72;0.50;585;2;1;8;-0.56;0.30;0.29;0.05;-0.01;0.03;-0.05;-0.33;-2.86;4.00;66.65;-0.53;0.50;0.010
35650.545;3796;-2.93;4.08;65.23;-2.59;4.30;25.94;-0.72;0.50;585;2;1;8;-0.60;0.30;0.30;0.00;-0.01;-0.07;0.12;-0.26;-2.85;4.02;64.64;-0.54;0.50;0.013
35650.645;3804;-2.92;4.10;63.73;-2.59;4.30;25.94;-0.72;0.50;585;2;1;8;-0.63;0.30;0.28;0.01;-0.01;0.03;-0.05;-0.40;-2.84;4.05;62.58;-0.55;0.50;0.011
35650.735;3815;-2.91;4.13;61.22;-2.59;4.30;25.94;-0.72;0.50;585;2;1;8;-0.65;0.30;0.31;0.02;-0.01;0.04;-0.06;-0.39;-2.83;4.07;60.47;-0.57;0.50;0.005
35650.855;3828;-2.89;4.17;58.61;-2.59;4.30;25.94;-0.72;0.50;585;2;1;8;-0.68;0.30;0.30;0.04;-0.01;0.02;-0.06;-0.35;-2.82;4.09;58.30;-0.58;0.50;0.016
35650.935;3834;-2.89;4.18;57.58;-2.59;4.30;25.94;-0.72;0.50;585;2;1;8;-0.72;0.30;0.32;0.04;-0.01;-0.02;0.05;-0.30;-2.80;4.11;56.07;-0.59;0.50;0.006
35651.045;3847;-2.87;4.22;54.44;-2.59;4.30;25.94;-0.72;0.50;585;2;1;8;-0.79;0.30;0.34;0.06;-0.01;0.01;-0.00;-0.39;-2.77;4.15;51.46;-0.61;0.50;0.013
35651.145;3857;-2.86;4.25;51.09;-2.59;4.30;25.94;-0.72;0.50;585;2;1;8;-0.79;0.30;0.31;0.09;-0.01;0.03;-0.10;-0.76;-2.76;4.17;49.06;-0.62;0.50;0.012
35651.235;3866;-2.84;4.28;47.86;-2.59;4.30;25.94;-0.72;0.50;585;2;1;8;-0.79;0.30;0.34;0.08;-0.01;0.01;0.05;-0.59;-2.74;4.19;46.61;-0.63;0.50;0.006
35651.335;3876;-2.82;4.31;44.07;-2.59;4.30;25.94;-0.72;0.50;585;2;1;8;-0.78;0.30;0.33;0.09;-0.01;0.02;0.00;-0.67;-2.72;4.21;44.10;-0.65;0.50;0.006
35651.435;3885;-2.81;4.34;40.50;-2.59;4.30;25.94;-0.72;0.50;585;2;1;8;-0.77;0.30;0.31;0.10;-0.01;0.02;-0.08;-0.76;-2.71;4.22;41.52;-0.66;0.50;0.007
35651.545;3895;-2.79;4.36;37.15;-2.59;4.30;25.94;-0.72;0.50;585;2;1;8;-0.78;0.30;0.33;0.08;-0.01;0.01;0.08;-0.55;-2.69;4.24;38.89;-0.67;0.50;0.012
35651.645;3904;-2.77;4.39;33.59;-2.59;4.30;25.94;-0.72;0.50;585;2;1;8;-0.77;0.30;0.32;0.11;-0.01;0.01;-0.00;-0.70;-2.67;4.25;36.19;-0.68;0.50;0.011
35651.755;3918;-2.74;4.42;27.98;-2.59;4.30;25.94;-0.72;0.50;585;2;1;8;-0.73;0.30;0.32;0.01;-0.01;0.05;0.28;-0.76;-2.65;4.27;33.43;-0.69;0.50;0.016
35651.845;3927;-2.71;4.43;23.96;-2.12;4.29;-27.41;-0.63;0.50;585;3;1;8;-0.69;0.30;0.31;-0.01;-0.01;0.03;0.13;-0.64;-2.63;4.28;30.60;-0.70;0.50;0.007
35651.935;3933;-2.70;4.44;21.60;-2.12;4.29;-27.41;-0.63;0.50;585;3;1;8;-0.34;0.30;0.29;0.02;-0.01;-0.04;-0.19;-0.65;-2.61;4.29;27.71;-0.71;0.50;0.003
35652.035;3946;-2.66;4.45;19.16;-2.12;4.29;-27.41;-0.63;0.50;585;3;1;8;-0.41;0.30;0.30;0.00;-0.02;-0.02;-0.15;-0.14;-2.58;4.30;24.76;-0.72;0.50;0.003
35652.135;3956;-2.63;4.46;18.34;-2.12;4.29;-27.41;-0.63;0.50;585;3;1;8;-0.51;0.30;0.29;0.01;-0.01;-0.02;-0.06;-0.25;-2.56;4.31;21.82;-0.71;0.50;0.003
35652.245;3965;-2.60;4.47;17.15;-2.12;4.29;-27.41;-0.63;0.50;585;3;1;8;-0.54;0.30;0.30;0.00;-0.01;0.04;0.10;-0.24;-2.56;4.31;21.82;-0.71;0.50;0.004
35652.345;3975;-2.58;4.48;14.87;-2.12;4.29;-27.41;-0.63;0.50;585;3;1;8;-0.57;0.30;0.31;-0.00;-0.01;0.05;0.12;-0.40;-2.54;4.32;18.91;-0.71;0.50;0.007
35652.435;3983;-2.55;4.48;12.93;-2.12;4.29;-27.41;-0.63;0.50;585;3;1;8;-0.61;0.30;0.29;0.03;-0.01;-0.07;-0.15;-0.51;-2.51;4.33;16.03;-0.70;0.50;0.003
35652.535;3994;-2.52;4.49;10.12;-2.12;4.29;-27.41;-0.63;0.50;585;3;1;8;-0.63;0.30;0.30;0.00;-0.01;0.02;0.06;-0.41;-2.49;4.34;13.18;-0.70;0.50;0.005
35652.635;4007;-2.48;4.50;6.54;-2.12;4.29;-27.41;-0.63;0.50;585;3;1;8;-0.63;0.30;0.29;0.01;-0.01;-0.08;-0.14;-0.56;-2.47;4.34;10.35;-0.69;0.50;0.006
35652.735;4017;-2.45;4.50;3.75;-2.12;4.29;-27.41;-0.63;0.50;585;3;1;8;-0.64;0.30;0.31;-0.01;-0.00;0.12;0.21;-0.40;-2.44;4.34;7.55;-0.69;0.50;0.006
35652.835;4025;-2.43;4.50;1.04;-2.12;4.29;-27.41;-0.63;0.50;585;3;1;8;-0.64;0.30;0.29;0.05;-0.01;-0.13;-0.18;-0.60;-2.42;4.35;4.78;-0.69;0.50;0.003
35652.935;4036;-2.40;4.50;-2.07;-2.12;4.29;-27.41;-0.63;0.50;585;3;1;8;-0.64;0.30;0.31;-0.00;-0.00;0.16;0.22;-0.39;-2.39;4.35;2.03;-0.68;0.50;0.003
35653.035;4044;-2.37;4.51;-5.03;-2.12;4.29;-27.41;-0.63;0.50;585;3;1;8;-0.63;0.30;0.29;0.04;-0.01;0.03;0.05;-0.61;-2.37;4.35;-0.69;-0.68;0.50;0.004
35653.145;4058;-2.33;4.50;-9.27;-2.12;4.29;-27.41;-0.63;0.50;585;3;1;8;-0.61;0.30;0.30;0.05;-0.01;-0.18;-0.17;-0.60;-2.34;4.35;-3.38;-0.67;0.50;0.007
35653.235;4067;-2.30;4.50;-11.67;-2.12;4.29;-27.41;-0.63;0.50;585;3;1;8;-0.63;0.30;0.31;0.00;-0.01;0.14;0.14;-0.37;-2.32;4.35;-6.04;-0.67;0.50;0.004
35653.345;4076;-2.27;4.50;-14.32;-2.12;4.29;-27.41;-0.63;0.50;585;3;1;8;-0.62;0.30;0.29;0.04;-0.01;-0.17;-0.14;-0.55;-2.29;4.34;-8.68;-0.66;0.50;0.008
35653.435;4086;-2.24;4.49;-16.84;-2.12;4.29;-27.41;-0.63;0.50;585;3;1;8;-0.63;0.30;0.31;-0.01;-0.00;0.19;0.15;-0.35;-2.27;4.34;-11.29;-0.66;0.50;0.003
35653.535;4095;-2.22;4.48;-19.35;-2.12;4.29;-27.41;-0.63;0.50;585;3;1;8;-0.63;0.30;0.29;0.01;-0.01;-0.05;-0.03;-0.44;-2.25;4.33;-13.88;-0.65;0.50;0.005
35653.635;4105;-2.19;4.47;-21.36;-1.80;3.93;-65.32;-0.40;0.50;585;4;1;8;-0.66;0.30;0.31;0.00;-0.00;0.15;0.10;-0.27;-2.22;4.33;-16.44;-0.65;0.50;0.003
35653.735;4113;-2.17;4.46;-23.35;-1.80;3.93;-65.32;-0.40;0.50;585;4;1;8;-0.44;0.30;0.30;0.05;-0.01;-0.19;-0.11;-0.51;-2.22;4.33;-16.44;-0.65;0.50;0.001
35653.835;4124;-2.14;4.45;-25.20;-1.80;3.93;-65.32;-0.40;0.50;585;4;1;8;-0.53;0.30;0.32;-0.00;-0.00;-0.04;-0.04;-0.10;-2.17;4.31;-21.49;-0.64;0.50;0.001
35653.935;4136;-2.10;4.44;-26.35;-1.80;3.93;-65.32;-0.40;0.50;585;4;1;8;-0.57;0.30;0.30;0.03;-0.01;-0.05;-0.02;-0.26;-2.17;4.31;-21.49;-0.64;0.50;0.001
35654.035;4146;-2.07;4.43;-27.67;-1.80;3.93;-65.32;-0.40;0.50;585;4;1;8;-0.68;0.30;0.31;0.02;-0.01;-0.01;-0.01;-0.19;-2.13;4.29;-26.44;-0.63;0.50;0.001
35654.135;4157;-2.04;4.41;-29.31;-1.80;3.93;-65.32;-0.40;0.50;585;4;1;8;-0.74;0.30;0.32;0.02;-0.01;0.04;0.01;-0.28;-2.11;4.28;-28.87;-0.62;0.50;0.001
35654.235;4165;-2.02;4.40;-31.42;-1.80;3.93;-65.32;-0.40;0.50;585;4;1;8;-0.74;0.30;0.31;0.04;-0.01;-0.08;-0.04;-0.42;-2.09;4.27;-31.24;-0.61;0.50;0.002
35654.335;4174;-1.99;4.39;-33.26;-1.80;3.93;-65.32;-0.40;0.50;585;4;1;8;-0.73;0.30;0.33;0.05;-0.01;0.14;0.04;-0.33;-2.09;4.27;-31.24;-0.61;0.50;0.001
35654.435;4185;-1.96;4.38;-36.45;-1.80;3.93;-65.32;-0.40;0.50;585;4;1;8;-0.74;0.30;0.32;0.05;-0.01;-0.04;-0.03;-0.40;-2.04;4.24;-35.83;-0.58;0.50;0.002
35654.535;4193;-1.94;4.36;-38.28;-1.80;3.93;-65.32;-0.40;0.50;585;4;1;8;-0.73;0.30;0.34;0.06;-0.01;0.16;0.03;-0.40;-2.04;4.24;-35.83;-0.58;0.50;0.002
35654.645;4207;-1.90;4.34;-42.35;-1.80;3.93;-65.32;-0.40;0.50;585;4;1;8;-0.70;0.30;0.33;0.06;-0.01;0.06;0.01;-0.38;-2.03;4.22;-38.04;-0.57;0.50;0.003
35654.735;4217;-1.87;4.33;-44.82;-1.80;3.93;-65.32;-0.40;0.50;585;4;1;8;-0.72;0.30;0.30;0.08;-0.01;-0.06;-0.02;-0.60;-1.99;4.19;-42.29;-0.55;0.50;0.002
35654.835;4227;-1.84;4.31;-47.31;-1.80;3.93;-65.32;-0.40;0.50;585;4;1;8;-0.71;0.30;0.32;0.06;-0.01;0.05;0.01;-0.39;-1.97;4.18;-44.34;-0.54;0.50;0.002
35654.935;4235;-1.82;4.29;-49.20;-1.80;3.93;-65.32;-0.40;0.50;585;4;1;8;-0.71;0.30;0.32;0.06;-0.02;-0.01;0.00;-0.49;-1.95;4.16;-46.34;-0.53;0.50;0.001
35655.035;4246;-1.80;4.27;-52.34;-1.80;3.93;-65.32;-0.40;0.50;585;4;1;8;-0.67;0.30;0.35;0.09;-0.09;-0.03;-0.37;-0.37;-1.94;4.14;-48.28;-0.52;0.50;0.001
35655.135;4254;-1.78;4.25;-54.58;-1.80;3.93;-65.32;-0.40;0.50;585;4;1;8;-0.65;0.30;0.30;0.05;-0.01;-0.09;-0.02;-0.63;-1.92;4.12;-50.18;-0.51;0.50;0.001
35655.235;4265;-1.76;4.22;-57.36;-1.80;3.93;-65.32;-0.40;0.50;585;4;1;8;-0.61;0.30;0.27;0.01;-0.09;-0.25;0.43;-0.51;-1.90;4.10;-52.02;-0.49;0.50;0.002
35655.335;4274;-1.74;4.20;-59.37;-1.80;3.93;-65.32;-0.40;0.50;585;4;1;8;-0.59;0.30;0.31;-0.01;-0.01;0.19;-0.02;-0.30;-1.89;4.08;-53.81;-0.48;0.50;0.002
35655.435;4285;-1.73;4.17;-61.95;-1.80;3.93;-65.32;-0.40;0.50;585;4;1;8;-0.55;0.30;0.31;0.00;-0.02;0.12;-0.01;-0.41;-1.87;4.06;-55.56;-0.47;0.50;0.001
35655.535;4293;-1.71;4.15;-63.66;-1.80;3.93;-65.32;-0.40;0.50;585;4;1;8;-0.53;0.30;0.28;-0.01;-0.09;-0.20;0.41;-0.44;-1.86;4.04;-57.26;-0.46;0.50;0.001
35655.635;4304;-1.70;4.12;-65.72;-1.80;3.93;-65.32;-0.40;0.50;585;4;1;8;-0.51;0.30;0.30;-0.00;-0.01;0.16;-0.04;-0.25;-1.85;4.02;-58.90;-0.45;0.50;0.001
35655.735;4313;-1.69;4.10;-67.37;-1.80;3.93;-65.32;-0.40;0.50;585;4;1;8;-0.49;0.30;0.29;0.01;-0.01;-0.12;0.02;-0.32;-1.84;4.00;-60.51;-0.44;0.50;0.002
35655.835;4323;-1.68;4.07;-68.81;-1.80;3.93;-65.32;-0.40;0.50;585;4;1;8;-0.49;0.30;0.30;-0.00;-0.01;0.11;-0.03;-0.20;-1.82;3.98;-62.06;-0.43;0.50;0.001
35655.935;4334;-1.66;4.04;-70.55;-1.80;3.93;-65.32;-0.40;0.50;585;4;1;8;-0.47;0.30;0.29;0.01;-0.01;-0.06;0.02;-0.29;-1.81;3.96;-63.57;-0.42;0.50;0.001
35656.035;4347;-1.65;4.00;-72.41;-1.80;3.93;-65.32;-0.40;0.50;585;4;1;8;-0.45;0.30;0.30;0.04;-0.01;-0.15;0.06;-0.33;-1.80;3.93;-65.03;-0.40;0.50;0.001
35656.145;4357;-1.64;3.98;-73.49;-1.80;3.93;-65.32;-0.40;0.50;585;4;1;8;-0.47;0.30;0.31;0.02;-0.01;0.11;-0.04;-0.14;-1.79;3.91;-66.46;-0.40;0.50;0.002
35656.235;4366;-1.63;3.95;-74.75;-1.80;3.93;-65.32;-0.40;0.50;585;4;1;8;-0.47;0.30;0.30;0.04;-0.01;-0.01;0.00;-0.20;-1.78;3.89;-67.87;-0.39;0.50;0.001
35656.335;4376;-1.62;3.92;-75.83;-1.80;3.93;-65.32;-0.40;0.50;585;4;1;8;-0.48;0.30;0.30;0.01;-0.00;-0.04;0.01;-0.28;-1.77;3.86;-69.25;-0.39;0.50;0.001
35656.435;4385;-1.61;3.90;-77.31;-1.80;3.93;-65.32;-0.40;0.50;585;4;1;8;-0.47;0.30;0.30;0.02;-0.01;0.02;-0.01;-0.23;-1.76;3.84;-70.61;-0.38;0.50;0.002
35656.535;4395;-1.60;3.87;-78.74;-1.80;3.93;-65.32;-0.40;0.50;585;4;1;8;-0.46;0.30;0.28;-0.01;-0.09;-0.08;0.46;-0.40;-1.76;3.82;-71.94;-0.37;0.50;0.001
35656.635;4403;-1.60;3.84;-80.08;-1.80;3.93;-65.32;-0.40;0.50;585;4;1;8;-0.45;0.30;0.30;0.00;-0.01;0.00;-0.00;-0.25;-1.75;3.79;-73.26;-0.37;0.50;0.001
35656.735;4414;-1.59;3.81;-81.61;-1.80;3.93;-65.32;-0.40;0.50;585;4;1;8;-0.43;0.30;0.30;0.04;-0.01;-0.14;0.08;-0.34;-1.74;3.77;-74.55;-0.36;0.50;0.002
35656.835;4427;-1.58;3.77;-83.28;-1.80;3.93;-65.32;-0.40;0.50;585;4;1;8;-0.42;0.30;0.31;0.05;-0.04;-0.30;-0.01;-0.38;-1.74;3.75;-75.83;-0.36;0.50;0.003
35656.935;4437;-1.58;3.74;-84.42;-1.80;3.93;-65.32;-0.40;0.50;585;4;1;8;-0.42;0.29;0.30;0.02;-0.01;0.06;-0.04;-0.14;-1.73;3.72;-77.08;-0.35;0.50;0.002
35657.035;4445;-1.57;3.72;-85.41;-1.70;3.45;-89.43;-0.29;0.50;585;5;1;8;-0.42;0.29;0.29;0.04;-0.01;-0.10;0.06;-0.26;-1.72;3.70;-78.31;-0.35;0.50;0.002
35657.135;4456;-1.57;3.69;-86.50;-1.70;3.45;-89.43;-0.29;0.50;585;5;1;8;-0.35;0.30;0.29;0.01;-0.01;-0.02;0.01;-0.25;-1.72;3.67;-79.51;-0.34;0.50;0.001
35657.235;4464;-1.57;3.67;-87.34;-1.70;3.45;-89.43;-0.29;0.50;585;5;1;8;-0.36;0.30;0.29;0.02;-0.01;0.01;-0.00;-0.08;-1.72;3.65;-80.70;-0.34;0.50;0.002
35657.335;4475;-1.56;3.63;-87.99;-1.70;3.45;-89.43;-0.29;0.50;585;5;1;8;-0.38;0.30;0.29;0.01;-0.01;-0.03;0.03;-0.08;-1.71;3.63;-81.86;-0.33;0.50;0.002
35657.435;4483;-1.56;3.61;-88.37;-1.70;3.45;-89.43;-0.29;0.50;585;5;1;8;-0.40;0.30;0.29;0.01;-0.01;-0.05;0.03;-0.20;-1.71;3.60;-83.01;-0.32;0.50;0.001
35657.545;4497;-1.56;3.57;-89.43;-1.70;3.45;-89.43;-0.29;0.50;585;5;1;8;-0.41;0.30;0.28;-0.02;-0.09;0.01;0.47;-0.30;-1.71;3.58;-84.13;-0.32;0.50;0.006
35657.635;4507;-1.56;3.54;-90.75;-1.70;3.45;-89.43;-0.29;0.50;585;5;1;8;-0.42;0.30;0.30;0.00;-0.01;0.05;-0.04;-0.20;-1.70;3.53;-86.31;-0.31;0.50;0.002
35657.785;4522;-1.56;3.49;-92.70;-1.71;3.19;-76.50;0.54;0.50;54;1;1;5;-0.40;0.30;0.30;0.03;-0.01;0.05;-0.04;-0.17;-1.70;3.50;-87.37;-0.30;0.50;0.042
35657.855;4527;-1.56;3.48;-93.23;-1.71;3.19;-76.50;0.54;0.50;54;1;1;5;-0.14;0.29;0.29;0.02;-0.01;-0.05;0.04;-0.28;-1.74;3.44;-90.00;0.07;0.06;0.014
35657.945;4538;-1.56;3.45;-92.96;-1.71;3.19;-76.50;0.54;0.50;54;1;1;5;-0.08;0.29;0.29;-0.01;-0.01;-0.05;0.05;0.15;-1.74;3.44;-90.00;0.07;0.06;0.013
