t;frame;x;y;z;x_ref;y_ref;z_ref;delta_ref;u_ref;state;ellipse;control;action;delta;u;vx;vy;vz;wx;wy;wz;xr;yr;zr;delr;ur;obs1x;obs1y;obs2x;obs2y
91.015;16;1.10;-0.30;0.10;0.85;-0.35;-0.00;0.00;-0.50;396;1;1;2;-0.12;-0.04;-0.00;-0.00;-0.00;0.04;0.06;0.01;0.95;-0.35;0.00;0.00;-0.50;0.084;1.10;2.27;-1000.00;-1000.00
91.045;16;1.10;-0.30;0.10;0.85;-0.35;-0.00;0.00;-0.50;396;1;1;2;-0.12;-0.08;-0.00;-0.00;-0.00;0.04;0.06;0.01;0.95;-0.35;0.00;0.00;-0.50;0.014;1.10;2.27;-1000.00;-1000.00
91.165;28;1.10;-0.30;0.11;0.85;-0.35;-0.00;0.00;-0.50;396;1;1;2;-0.12;-0.12;0.01;-0.01;-0.03;-0.02;-0.22;-0.00;0.95;-0.35;0.00;0.00;-0.50;0.032;1.10;2.27;-1000.00;-1000.00
91.255;38;1.10;-0.30;0.32;0.85;-0.35;-0.00;0.00;-0.50;396;1;1;2;-0.11;-0.15;-0.11;-0.01;0.01;-0.01;-0.01;0.07;0.95;-0.35;0.00;0.00;-0.50;0.021;1.10;2.27;-1000.00;-1000.00
91.355;48;1.08;-0.30;0.55;0.85;-0.35;-0.00;0.00;-0.50;396;1;1;2;-0.09;-0.18;-0.15;0.00;-0.00;0.02;0.04;0.04;0.95;-0.35;0.00;0.00;-0.50;0.024;1.10;2.27;-1000.00;-1000.00
91.475;61;1.06;-0.30;0.83;0.85;-0.35;-0.00;0.00;-0.50;396;1;1;2;-0.08;-0.21;-0.18;0.00;0.00;0.00;-0.00;0.04;0.95;-0.35;0.00;0.00;-0.50;0.035;1.10;2.27;-1000.00;-1000.00
91.545;67;1.05;-0.30;0.95;0.85;-0.35;-0.00;0.00;-0.50;396;1;1;2;-0.07;-0.24;-0.21;-0.00;0.00;0.00;-0.00;0.03;0.95;-0.35;0.00;0.00;-0.50;0.015;1.10;2.27;-1000.00;-1000.00
91.645;75;1.03;-0.30;1.09;0.85;-0.35;-0.00;0.00;-0.50;396;1;1;2;-0.06;-0.26;-0.24;0.00;0.00;0.00;-0.00;0.03;0.95;-0.35;0.00;0.00;-0.50;0.015;1.10;2.27;-1000.00;-1000.00
91.745;86;1.00;-0.30;1.23;0.76;-0.35;-0.00;0.00;-0.50;396;2;1;2;-0.06;-0.28;-0.26;0.00;0.00;0.00;-0.00;0.02;0.95;-0.35;0.00;0.00;-0.50;0.015;1.09;2.27;-1000.00;-1000.00
91.845;99;0.97;-0.30;1.32;0.76;-0.35;-0.00;0.00;-0.50;396;2;1;2;-0.05;-0.29;-0.28;0.00;0.00;0.00;-0.00;0.01;0.95;-0.35;0.00;0.00;-0.50;0.017;1.09;2.27;-1000.00;-1000.00
91.945;108;0.94;-0.30;1.35;0.76;-0.35;-0.00;0.00;-0.50;396;2;1;2;-0.05;-0.30;-0.29;0.00;-0.00;0.00;-0.00;0.00;0.95;-0.35;0.00;0.00;-0.50;0.016;1.09;2.27;-1000.00;-1000.00
92.075;119;0.91;-0.30;1.37;0.65;-0.35;0.00;-0.00;0.37;210;0;1;7;-0.04;-0.31;-0.30;0.00;-0.00;0.00;-0.00;0.00;0.91;-0.35;-0.00;0.00;-0.50;0.028;1.09;2.27;-1000.00;-1000.00
92.165;128;0.88;-0.30;1.38;1.03;-0.30;24.90;0.79;0.50;210;1;1;7;-0.04;-0.31;-0.31;0.00;-0.00;0.00;-0.00;0.00;0.91;-0.34;10.05;0.54;0.46;0.028;1.09;2.27;-1000.00;-1000.00
92.255;138;0.86;-0.30;1.13;1.03;-0.30;24.90;0.79;0.50;210;1;1;7;-0.04;-0.31;-0.01;0.00;-0.00;-0.00;0.00;-0.04;0.87;-0.34;7.48;0.48;0.45;0.015;1.09;2.27;-1000.00;-1000.00
92.355;146;0.86;-0.30;0.97;1.03;-0.30;24.90;0.79;0.50;210;1;1;7;-0.04;-0.31;0.01;-0.00;-0.00;0.02;0.05;-0.04;0.87;-0.34;7.48;0.48;0.45;0.020;1.09;2.27;-1000.00;-1000.00
92.475;161;0.86;-0.30;0.81;1.03;-0.30;24.90;0.79;0.50;210;1;1;7;-0.04;-0.31;0.00;0.00;-0.00;-0.00;-0.00;-0.01;0.87;-0.34;7.48;0.48;0.45;0.041;1.10;2.27;-1000.00;-1000.00
92.545;165;0.86;-0.30;0.78;1.03;-0.30;24.90;0.79;0.50;210;1;1;7;-0.04;-0.31;0.00;0.00;-0.00;-0.00;-0.00;-0.01;0.87;-0.34;7.48;0.48;0.45;0.017;1.10;2.27;-1000.00;-1000.00
92.645;176;0.86;-0.30;0.72;1.03;-0.30;24.90;0.79;0.50;210;1;1;7;-0.04;-0.31;0.00;-0.00;0.00;-0.00;0.00;-0.01;0.87;-0.34;7.48;0.48;0.45;0.017;1.10;2.27;-1000.00;-1000.00
92.765;191;0.86;-0.30;0.68;1.03;-0.30;24.90;0.79;0.50;210;1;1;7;-0.04;-0.31;0.00;-0.00;0.00;-0.00;0.01;-0.01;0.87;-0.34;7.48;0.48;0.45;0.029;1.10;2.27;-1000.00;-1000.00
92.875;199;0.86;-0.30;0.66;1.03;-0.30;24.90;0.79;0.50;210;1;1;7;-0.04;-0.31;0.00;0.00;-0.00;-0.01;-0.02;-0.02;0.87;-0.34;7.48;0.48;0.45;0.038;1.10;2.27;-1000.00;-1000.00
92.955;208;0.86;-0.30;0.66;1.03;-0.30;24.90;0.79;0.50;210;1;1;7;-0.04;-0.31;0.00;0.00;0.00;-0.00;0.01;-0.01;0.87;-0.34;7.48;0.48;0.45;0.014;1.10;2.27;-1000.00;-1000.00
93.055;217;0.86;-0.30;0.65;1.03;-0.30;24.90;0.79;0.50;210;1;1;7;-0.04;-0.31;0.01;0.00;-0.03;0.00;-0.24;-0.00;0.87;-0.34;7.48;0.48;0.45;0.017;1.10;2.27;-1000.00;-1000.00
93.155;228;0.86;-0.30;0.65;1.03;-0.30;24.90;0.79;0.50;210;1;1;7;-0.04;-0.31;0.00;0.00;0.00;-0.00;0.01;-0.01;0.87;-0.34;7.48;0.48;0.45;0.018;1.10;2.27;-1000.00;-1000.00
93.245;236;0.86;-0.30;0.64;1.03;-0.30;24.90;0.79;0.50;210;1;1;7;-0.04;-0.31;0.00;0.00;0.00;-0.00;0.01;-0.01;0.87;-0.34;7.48;0.48;0.45;0.013;1.10;2.27;-1000.00;-1000.00
93.365;251;0.86;-0.30;0.63;1.03;-0.30;24.90;0.79;0.50;210;1;1;7;-0.04;-0.31;0.00;0.00;0.00;-0.00;0.00;-0.00;0.87;-0.34;7.48;0.48;0.45;0.033;1.10;2.27;-1000.00;-1000.00
93.455;256;0.86;-0.30;0.63;1.03;-0.30;24.90;0.79;0.50;210;1;1;7;-0.04;-0.31;0.00;0.00;0.00;-0.00;0.01;-0.01;0.87;-0.34;7.48;0.48;0.45;0.022;1.10;2.27;-1000.00;-1000.00
93.565;270;0.87;-0.30;0.62;1.03;-0.30;24.90;0.79;0.50;210;1;1;7;-0.04;-0.31;-0.01;-0.00;0.01;0.00;0.04;0.01;0.87;-0.34;7.48;0.48;0.45;0.031;1.10;2.27;-1000.00;-1000.00
93.665;278;0.87;-0.30;0.61;1.03;-0.30;24.90;0.79;0.50;210;1;1;7;-0.04;-0.31;-0.01;-0.00;0.01;0.00;0.04;0.01;0.87;-0.34;7.48;0.48;0.45;0.031;1.10;2.27;-1000.00;-1000.00
93.775;291;0.87;-0.30;0.60;1.03;-0.30;24.90;0.79;0.50;210;1;1;7;-0.04;-0.31;0.00;0.00;0.00;-0.00;0.00;-0.00;0.87;-0.34;7.48;0.48;0.45;0.038;1.09;2.27;-1000.00;-1000.00
93.865;297;0.87;-0.30;0.59;1.03;-0.30;24.90;0.79;0.50;210;1;1;7;-0.04;-0.31;0.01;0.00;-0.03;0.00;-0.24;-0.00;0.87;-0.34;7.48;0.48;0.45;0.028;1.09;2.27;-1000.00;-1000.00
93.945;306;0.87;-0.30;0.59;1.03;-0.30;24.90;0.79;0.50;210;1;1;7;-0.04;-0.31;-0.01;-0.00;0.01;0.00;0.04;0.01;0.87;-0.34;7.48;0.48;0.45;0.016;1.09;2.27;-1000.00;-1000.00
94.045;316;0.87;-0.30;0.58;1.03;-0.30;24.90;0.79;0.50;210;1;1;7;-0.04;-0.31;0.00;0.00;0.00;-0.00;0.01;-0.01;0.87;-0.34;7.48;0.48;0.45;0.017;1.09;2.27;-1000.00;-1000.00
94.155;326;0.87;-0.30;0.58;1.03;-0.30;24.90;0.79;0.50;210;1;1;7;0.71;-0.26;-0.01;-0.00;0.01;0.00;0.04;0.01;0.87;-0.34;7.48;0.48;0.45;0.015;1.09;2.27;-1000.00;-1000.00
94.265;340;0.85;-0.30;-3.07;1.03;-0.30;24.90;0.79;0.50;210;1;1;7;0.79;-0.22;-0.27;0.01;-0.01;-0.08;0.12;-0.77;0.87;-0.34;7.48;0.48;0.45;0.031;1.09;2.27;-1000.00;-1000.00
94.355;348;0.83;-0.30;-6.06;1.03;-0.30;24.90;0.79;0.50;210;1;1;7;0.79;-0.17;-0.23;-0.01;-0.01;-0.06;0.12;-0.55;0.84;-0.35;5.36;0.41;0.44;0.019;1.09;2.27;-1000.00;-1000.00
94.465;358;0.81;-0.29;-8.70;1.03;-0.30;24.90;0.79;0.50;210;1;1;7;0.79;-0.13;-0.19;0.01;-0.01;-0.01;0.01;-0.30;0.81;-0.35;3.66;0.35;0.43;0.027;1.09;2.27;-1000.00;-1000.00
94.545;366;0.79;-0.29;-9.67;1.03;-0.30;24.90;0.79;0.50;210;1;1;7;0.78;-0.10;-0.14;0.01;-0.01;-0.06;0.15;-0.10;0.79;-0.35;2.95;0.32;0.42;0.015;1.09;2.27;-1000.00;-1000.00
94.645;377;0.78;-0.29;-10.27;1.03;-0.30;24.90;0.79;0.50;210;1;1;7;0.75;-0.06;-0.11;0.02;-0.01;-0.04;0.09;0.01;0.78;-0.35;2.32;0.29;0.42;0.018;1.09;2.27;-1000.00;-1000.00
94.755;386;0.78;-0.28;-10.37;1.03;-0.30;24.90;0.79;0.50;210;1;1;7;0.73;-0.03;-0.08;0.03;-0.01;0.01;-0.04;0.05;0.78;-0.35;2.32;0.29;0.42;0.016;1.09;2.27;-1000.00;-1000.00
94.865;400;0.77;-0.28;-9.64;1.03;-0.30;24.90;0.79;0.50;210;1;1;7;0.69;0.01;-0.02;-0.01;-0.01;0.02;-0.06;0.09;0.78;-0.35;2.32;0.29;0.42;0.033;1.09;2.27;-1000.00;-1000.00
94.955;409;0.77;-0.28;-8.77;1.03;-0.30;24.90;0.79;0.50;210;1;1;7;0.65;0.03;0.01;0.00;-0.01;0.03;-0.06;0.18;0.76;-0.35;1.79;0.25;0.41;0.018;1.09;2.27;-1000.00;-1000.00
95.055;419;0.77;-0.28;-7.61;1.03;-0.30;24.90;0.79;0.50;210;1;1;7;0.62;0.06;0.04;0.00;-0.00;0.02;-0.05;0.19;0.78;-0.35;2.32;0.29;0.42;0.026;1.09;2.27;-1000.00;-1000.00
95.145;428;0.78;-0.28;-6.57;1.03;-0.30;24.90;0.79;0.50;210;1;1;7;0.59;0.09;0.06;0.00;0.01;0.02;0.04;0.20;0.78;-0.35;2.32;0.29;0.42;0.012;1.09;2.27;-1000.00;-1000.00
95.255;438;0.78;-0.28;-5.52;1.03;-0.30;24.90;0.79;0.50;210;1;1;7;0.57;0.11;0.08;-0.00;0.00;0.04;0.06;0.15;0.78;-0.35;2.32;0.29;0.42;0.024;1.09;2.27;-1000.00;-1000.00
95.355;446;0.79;-0.28;-4.71;1.03;-0.30;24.90;0.79;0.50;210;1;1;7;0.58;0.13;0.11;-0.01;-0.00;-0.02;-0.03;0.18;0.79;-0.35;2.95;0.32;0.42;0.019;1.09;2.27;-1000.00;-1000.00
95.475;460;0.81;-0.28;-3.31;1.03;-0.30;24.90;0.79;0.50;210;1;1;7;0.59;0.15;0.13;0.00;-0.01;0.03;0.05;0.17;0.81;-0.35;3.66;0.35;0.43;0.037;1.09;2.27;-1000.00;-1000.00
95.575;472;0.83;-0.29;-2.04;1.03;-0.30;24.90;0.79;0.50;210;1;1;7;0.61;0.17;0.15;0.00;-0.01;0.02;0.03;0.17;0.83;-0.35;4.46;0.38;0.43;0.034;1.09;2.27;-1000.00;-1000.00
95.665;477;0.83;-0.29;-1.41;1.03;-0.30;24.90;0.79;0.50;210;1;1;7;0.63;0.19;0.17;0.00;-0.01;0.02;0.04;0.21;0.84;-0.35;5.36;0.41;0.44;0.033;1.09;2.27;-1000.00;-1000.00
95.755;487;0.85;-0.29;-0.11;1.03;-0.30;24.90;0.79;0.50;210;1;1;7;0.66;0.20;0.18;0.00;-0.01;0.04;0.07;0.23;0.86;-0.34;6.37;0.44;0.44;0.018;1.09;2.27;-1000.00;-1000.00
95.865;500;0.88;-0.28;1.84;1.03;-0.30;24.90;0.79;0.50;210;1;1;7;0.68;0.22;0.21;0.00;-0.01;-0.01;0.01;0.26;0.87;-0.34;7.48;0.48;0.45;0.023;1.09;2.27;-1000.00;-1000.00
95.965;510;0.90;-0.29;3.65;1.27;0.06;86.23;0.79;0.50;210;2;1;7;0.75;0.24;0.21;-0.05;-0.01;0.01;-0.01;0.35;0.91;-0.34;10.05;0.54;0.46;0.026;1.09;2.27;-1000.00;-1000.00
96.055;518;0.92;-0.29;5.78;1.27;0.06;86.23;0.79;0.50;210;2;1;7;0.79;0.25;0.22;-0.06;-0.01;0.01;-0.00;0.52;0.92;-0.33;11.51;0.57;0.46;0.019;1.09;2.27;-1000.00;-1000.00
96.145;529;0.94;-0.29;9.44;1.27;0.06;86.23;0.79;0.50;210;2;1;7;0.79;0.26;0.26;-0.07;-0.00;-0.05;-0.06;0.67;0.95;-0.33;14.82;0.63;0.47;0.010;1.09;2.27;-1000.00;-1000.00
96.255;538;0.97;-0.29;12.96;1.27;0.06;86.23;0.79;0.50;210;2;1;7;0.79;0.27;0.25;-0.10;-0.01;-0.03;-0.12;0.73;0.97;-0.32;16.67;0.67;0.48;0.017;1.09;2.27;-1000.00;-1000.00
96.345;548;0.99;-0.30;16.53;1.27;0.06;86.23;0.79;0.50;210;2;1;7;0.79;0.28;0.25;-0.06;-0.00;0.02;0.11;0.60;0.99;-0.32;18.67;0.70;0.49;0.017;1.09;2.27;-1000.00;-1000.00
96.455;559;1.02;-0.30;20.91;1.27;0.06;86.23;0.79;0.50;210;2;1;7;0.79;0.29;0.26;-0.08;-0.01;0.00;0.01;0.66;1.02;-0.30;23.09;0.76;0.50;0.020;1.09;2.27;-1000.00;-1000.00
96.555;567;1.05;-0.29;24.26;1.27;0.06;86.23;0.79;0.50;210;2;1;7;0.79;0.31;0.26;-0.08;-0.01;-0.01;0.05;0.68;1.05;-0.29;28.00;0.79;0.50;0.019;1.09;2.27;-1000.00;-1000.00
96.655;577;1.07;-0.29;28.37;1.27;0.06;86.23;0.79;0.50;210;2;1;7;0.79;0.32;0.28;-0.08;-0.01;-0.02;0.01;0.72;1.07;-0.28;30.48;0.79;0.50;0.018;1.09;2.27;-1000.00;-1000.00
96.745;586;1.10;-0.28;32.32;1.27;0.06;86.23;0.79;0.50;210;2;1;7;0.79;0.33;0.29;-0.10;-0.01;-0.00;-0.07;0.80;1.08;-0.27;32.96;0.79;0.50;0.013;1.09;2.27;-1000.00;-1000.00
96.855;596;1.13;-0.28;36.92;1.27;0.06;86.23;0.79;0.50;210;2;1;7;0.79;0.34;0.29;-0.11;-0.01;0.00;-0.06;0.84;1.11;-0.25;37.91;0.79;0.50;0.025;1.09;2.27;-1000.00;-1000.00
96.955;606;1.16;-0.26;41.70;1.27;0.06;86.23;0.79;0.50;210;2;1;7;0.74;0.35;0.29;-0.10;-0.01;-0.02;0.01;0.86;1.13;-0.24;40.39;0.79;0.50;0.018;1.09;2.27;-1000.00;-1000.00
97.045;615;1.18;-0.25;45.92;1.27;0.06;86.23;0.79;0.50;210;2;1;7;0.72;0.36;0.31;-0.11;-0.01;0.00;-0.08;0.79;1.15;-0.21;45.35;0.79;0.50;0.011;1.09;2.27;-1000.00;-1000.00
97.155;629;1.22;-0.23;51.99;1.27;0.06;86.23;0.79;0.50;210;2;1;7;0.65;0.37;0.32;-0.09;-0.01;0.01;-0.05;0.77;1.17;-0.20;47.82;0.79;0.50;0.023;1.09;2.27;-1000.00;-1000.00
97.255;639;1.25;-0.21;55.87;1.27;0.06;86.23;0.79;0.50;210;2;1;7;0.69;0.37;0.33;-0.11;-0.01;0.09;-0.17;0.74;1.19;-0.17;52.78;0.79;0.50;0.022;1.09;2.27;-1000.00;-1000.00
97.345;647;1.26;-0.19;58.92;1.27;0.06;86.23;0.79;0.50;210;2;1;7;0.73;0.38;0.31;-0.06;-0.01;-0.12;0.23;0.63;1.21;-0.14;57.73;0.79;0.50;0.010;1.09;2.27;-1000.00;-1000.00
97.445;658;1.29;-0.16;64.40;1.27;0.06;86.23;0.79;0.50;210;2;1;7;0.67;0.39;0.34;-0.11;-0.01;0.04;-0.11;0.88;1.22;-0.12;60.21;0.79;0.50;0.016;1.09;2.27;-1000.00;-1000.00
97.555;667;1.31;-0.13;68.81;1.27;0.06;86.23;0.79;0.50;210;2;1;7;0.68;0.39;0.35;-0.10;-0.05;0.12;0.08;0.86;1.24;-0.09;65.17;0.79;0.50;0.019;1.09;2.27;-1000.00;-1000.00
97.645;677;1.33;-0.10;73.82;1.27;0.06;86.23;0.79;0.50;210;2;1;7;0.64;0.39;0.36;-0.10;-0.00;0.04;-0.02;0.90;1.24;-0.07;67.64;0.79;0.50;0.012;1.09;2.27;-1000.00;-1000.00
97.755;685;1.35;-0.07;77.77;1.27;0.06;86.23;0.79;0.50;210;2;1;7;0.66;0.39;0.37;-0.09;0.00;-0.03;0.05;0.79;1.26;-0.04;72.60;0.79;0.50;0.023;1.09;2.27;-1000.00;-1000.00
97.855;700;1.37;-0.02;85.43;1.09;0.44;144.20;0.73;0.50;210;3;1;7;0.64;0.39;0.38;-0.15;-0.05;0.16;0.10;1.05;1.27;-0.01;77.56;0.79;0.50;0.019;1.09;2.27;-1000.00;-1000.00
97.945;705;1.38;-0.00;87.94;1.09;0.44;144.20;0.73;0.50;210;3;1;7;0.35;0.39;0.37;-0.09;0.00;-0.15;0.09;0.77;1.27;0.01;80.03;0.79;0.50;0.005;1.09;2.27;-1000.00;-1000.00
98.035;716;1.39;0.04;91.85;1.09;0.44;144.20;0.73;0.50;210;3;1;7;0.41;0.40;0.38;-0.02;-0.00;-0.24;0.13;0.13;1.27;0.05;84.99;0.79;0.50;0.004;1.09;2.27;-1000.00;-1000.00
98.145;724;1.39;0.07;93.31;1.09;0.44;144.20;0.73;0.50;210;3;1;7;0.50;0.40;0.41;-0.04;-0.01;0.07;-0.07;0.40;1.27;0.07;87.47;0.78;0.50;0.006;1.09;2.27;-1000.00;-1000.00
98.245;739;1.39;0.13;97.40;1.09;0.44;144.20;0.73;0.50;210;3;1;7;0.61;0.41;0.39;-0.03;-0.01;-0.13;0.06;0.47;1.27;0.10;92.39;0.78;0.50;0.012;1.09;2.27;-1000.00;-1000.00
98.335;747;1.39;0.16;100.63;1.09;0.44;144.20;0.73;0.50;210;3;1;7;0.66;0.41;0.42;-0.07;-0.01;0.08;-0.06;0.80;1.27;0.14;97.26;0.78;0.50;0.004;1.09;2.27;-1000.00;-1000.00
98.445;758;1.39;0.21;105.82;1.09;0.44;144.20;0.73;0.50;210;3;1;7;0.67;0.42;0.39;-0.08;-0.00;-0.11;0.01;0.78;1.27;0.17;102.10;0.77;0.50;0.007;1.09;2.27;-1000.00;-1000.00
98.545;767;1.39;0.24;110.21;1.09;0.44;144.20;0.73;0.50;210;3;1;7;0.68;0.43;0.39;-0.10;-0.01;-0.03;-0.01;0.82;1.26;0.21;106.88;0.77;0.50;0.008;1.09;2.27;-1000.00;-1000.00
98.645;777;1.38;0.28;115.15;1.09;0.44;144.20;0.73;0.50;210;3;1;7;0.64;0.43;0.39;-0.10;-0.01;-0.04;-0.02;0.84;1.25;0.23;109.26;0.76;0.50;0.006;1.09;2.27;-1000.00;-1000.00
98.745;785;1.38;0.32;118.88;1.09;0.44;144.20;0.73;0.50;210;3;1;7;0.67;0.43;0.41;-0.12;-0.01;0.14;0.00;0.82;1.24;0.26;113.98;0.76;0.50;0.011;1.09;2.27;-1000.00;-1000.00
98.845;796;1.36;0.36;123.75;1.09;0.44;144.20;0.73;0.50;210;3;1;7;0.69;0.43;0.40;-0.10;-0.01;0.06;-0.01;0.83;1.22;0.29;118.66;0.75;0.50;0.011;1.09;2.27;-1000.00;-1000.00
98.955;809;1.34;0.41;129.93;1.09;0.44;144.20;0.73;0.50;210;3;1;7;0.63;0.43;0.37;-0.09;-0.01;-0.15;-0.03;0.77;1.21;0.31;120.99;0.75;0.50;0.017;1.09;2.27;-1000.00;-1000.00
99.045;819;1.32;0.44;134.34;1.09;0.44;144.20;0.73;0.50;210;3;1;7;0.66;0.43;0.41;-0.08;-0.01;0.05;0.02;0.74;1.19;0.34;125.60;0.75;0.50;0.007;1.09;2.27;-1000.00;-1000.00
99.145;828;1.30;0.47;138.14;1.09;0.44;144.20;0.73;0.50;210;3;1;7;0.64;0.42;0.39;-0.09;-0.01;0.04;0.01;0.78;1.18;0.35;127.90;0.75;0.50;0.013;1.09;2.27;-1000.00;-1000.00
99.255;839;1.28;0.50;142.57;1.09;0.44;144.20;0.73;0.50;210;3;1;7;0.66;0.41;0.35;-0.07;-0.01;-0.12;-0.07;0.58;1.16;0.38;132.45;0.74;0.50;0.013;1.09;2.27;-1000.00;-1000.00
99.335;847;1.26;0.53;145.95;1.09;0.44;144.20;0.73;0.50;210;3;1;7;0.65;0.40;0.36;-0.08;-0.01;-0.05;-0.03;0.72;1.15;0.39;134.71;0.74;0.50;0.006;1.09;2.27;-1000.00;-1000.00
99.435;858;1.23;0.56;150.49;1.09;0.44;144.20;0.73;0.50;210;3;1;7;0.65;0.39;0.36;-0.06;-0.01;-0.12;-0.07;0.65;1.12;0.42;139.20;0.73;0.50;0.004;1.09;2.27;-1000.00;-1000.00
99.545;866;1.20;0.58;153.78;1.09;0.44;144.20;0.73;0.50;210;3;1;7;0.68;0.38;0.36;-0.06;-0.01;-0.10;-0.05;0.70;1.09;0.44;143.65;0.73;0.50;0.008;1.09;2.27;-1000.00;-1000.00
99.645;877;1.17;0.60;158.55;1.09;0.44;144.20;0.73;0.50;210;3;1;7;0.61;0.36;0.38;-0.04;-0.00;0.01;-0.01;0.69;1.08;0.45;145.84;0.72;0.50;0.006;1.09;2.27;-1000.00;-1000.00
99.745;885;1.14;0.61;161.49;1.09;0.44;144.20;0.73;0.50;210;3;1;7;0.57;0.35;0.35;-0.03;-0.00;-0.15;-0.12;0.52;1.06;0.46;147.96;0.70;0.50;0.009;1.09;2.27;-1000.00;-1000.00
99.835;896;1.11;0.63;165.43;1.09;0.44;144.20;0.73;0.50;210;3;1;7;0.54;0.34;0.34;-0.08;-0.01;0.04;0.05;0.60;1.03;0.48;151.99;0.66;0.50;0.004;1.09;2.27;-1000.00;-1000.00
99.945;907;1.08;0.64;168.49;1.09;0.44;144.20;0.73;0.50;210;3;1;7;0.51;0.32;0.35;-0.05;-0.01;0.06;0.04;0.53;1.01;0.49;153.90;0.65;0.50;0.011;1.09;2.26;-1000.00;-1000.00
100.045;917;1.04;0.66;171.19;1.09;0.44;144.20;0.73;0.50;210;3;1;7;0.50;0.31;0.33;-0.08;-0.01;0.07;0.11;0.52;0.98;0.50;157.52;0.61;0.50;0.014;1.09;2.26;-1000.00;-1000.00
100.145;928;1.01;0.67;174.06;1.09;0.44;144.20;0.73;0.50;210;3;1;7;0.45;0.29;0.30;-0.03;-0.01;-0.09;-0.11;0.32;0.96;0.51;159.23;0.59;0.50;0.012;1.09;2.26;-1000.00;-1000.00
100.255;939;0.98;0.68;176.29;1.09;0.44;144.20;0.73;0.50;210;3;1;7;0.45;0.28;0.29;-0.05;-0.01;0.04;0.05;0.33;0.93;0.52;162.46;0.56;0.50;0.017;1.09;2.26;-1000.00;-1000.00
100.345;947;0.95;0.68;177.43;1.09;0.44;144.20;0.73;0.50;210;3;1;7;0.44;0.26;0.28;-0.01;-0.01;0.01;-0.00;0.23;0.91;0.53;163.98;0.54;0.50;0.012;1.09;2.26;-1000.00;-1000.00
100.445;957;0.93;0.68;178.43;1.09;0.44;144.20;0.73;0.50;210;3;1;7;0.43;0.25;0.27;0.01;-0.01;-0.02;-0.05;0.11;0.90;0.53;165.44;0.52;0.50;0.008;1.09;2.26;-1000.00;-1000.00
100.545;966;0.90;0.68;178.98;1.09;0.44;144.20;0.73;0.50;210;3;1;7;0.44;0.24;0.26;0.01;-0.01;0.03;0.03;0.08;0.88;0.54;166.84;0.51;0.50;0.010;1.09;2.27;-1000.00;-1000.00
100.645;976;0.88;0.68;179.25;1.09;0.44;144.20;0.73;0.50;210;3;1;7;0.48;0.23;0.25;0.00;-0.00;0.02;0.02;0.05;0.84;0.54;169.47;0.47;0.50;0.009;1.09;2.27;-1000.00;-1000.00
100.745;985;0.85;0.68;179.65;1.09;0.44;144.20;0.73;0.50;210;3;1;7;0.49;0.23;0.23;-0.04;-0.01;0.07;0.12;0.19;0.82;0.55;170.70;0.45;0.50;0.009;1.09;2.26;-1000.00;-1000.00
100.895;999;0.82;0.68;181.10;0.51;0.56;171.38;-0.63;0.50;482;1;1;4;0.48;0.22;0.22;-0.03;-0.01;-0.05;-0.08;0.17;0.81;0.55;171.87;0.44;0.50;0.044;1.09;2.26;-1000.00;-1000.00
100.965;1010;0.80;0.68;182.14;0.51;0.56;171.38;-0.63;0.50;482;1;1;4;0.41;0.23;0.24;0.00;-0.01;0.03;0.05;0.15;0.65;0.55;180.00;-0.08;0.06;0.033;1.09;2.26;-1000.00;-1000.00
101.055;1018;0.78;0.68;182.48;0.25;0.65;154.12;-0.22;0.50;482;2;1;4;0.35;0.23;0.24;0.01;-0.01;0.02;0.02;0.05;0.65;0.55;180.00;-0.08;0.06;0.020;1.09;2.26;-1000.00;-1000.00
101.145;1028;0.75;0.68;182.52;0.25;0.65;154.12;-0.22;0.50;482;2;1;4;0.16;0.22;0.23;0.01;-0.01;-0.03;-0.07;-0.04;0.65;0.55;180.00;-0.08;0.06;0.012;1.09;2.26;-1000.00;-1000.00
101.255;1038;0.73;0.68;181.92;0.25;0.65;154.12;-0.22;0.50;482;2;1;4;0.16;0.21;0.23;0.01;-0.01;0.03;0.05;-0.13;0.65;0.55;180.00;-0.08;0.06;0.021;1.09;2.26;-1000.00;-1000.00
101.355;1046;0.71;0.68;181.34;0.25;0.65;154.12;-0.22;0.50;482;2;1;4;0.16;0.20;0.22;0.01;-0.01;0.02;0.03;-0.10;0.65;0.55;180.00;-0.08;0.06;0.018;1.09;2.26;-1000.00;-1000.00
101.445;1056;0.69;0.68;180.71;0.25;0.65;154.12;-0.22;0.50;482;2;1;4;0.17;0.19;0.21;-0.00;-0.01;0.03;0.05;-0.06;0.65;0.55;180.00;-0.08;0.06;0.011;1.09;2.26;-1000.00;-1000.00
101.545;1066;0.67;0.68;180.39;0.25;0.65;154.12;-0.22;0.50;482;2;1;4;0.16;0.17;0.19;0.00;-0.01;0.02;0.03;-0.04;0.65;0.55;180.00;-0.08;0.06;0.014;1.09;2.26;-1000.00;-1000.00
101.655;1080;0.65;0.68;180.04;0.25;0.65;154.12;-0.22;0.50;482;2;1;4;0.15;0.16;0.18;0.00;-0.01;0.02;0.02;-0.03;0.65;0.55;180.00;-0.08;0.06;0.021;1.09;2.26;-1000.00;-1000.00
101.755;1090;0.63;0.68;179.81;0.25;0.65;154.12;-0.22;0.50;482;2;1;4;0.15;0.14;0.16;0.00;-0.01;0.02;0.02;-0.03;0.65;0.55;180.00;-0.08;0.06;0.024;1.09;2.26;-1000.00;-1000.00
101.845;1096;0.62;0.68;179.68;0.25;0.65;154.12;-0.22;0.50;482;2;1;4;-0.06;0.13;0.14;0.00;-0.01;0.02;0.01;-0.04;0.62;0.55;179.40;-0.28;0.22;0.013;1.09;2.26;-1000.00;-1000.00
101.955;1108;0.61;0.68;179.03;0.25;0.65;154.12;-0.22;0.50;482;2;1;4;-0.14;0.13;0.13;-0.00;-0.00;-0.01;-0.04;-0.17;0.61;0.55;178.64;-0.35;0.28;0.025;1.09;2.26;-1000.00;-1000.00
102.045;1119;0.59;0.68;178.18;0.25;0.65;154.12;-0.22;0.50;482;2;1;4;-0.23;0.13;0.12;0.01;0.00;-0.01;-0.01;-0.10;0.58;0.55;177.42;-0.43;0.34;0.010;1.09;2.26;-1000.00;-1000.00
102.155;1127;0.58;0.68;177.65;0.25;0.65;154.12;-0.22;0.50;482;2;1;4;-0.30;0.13;0.13;-0.00;-0.00;-0.00;-0.01;-0.11;0.57;0.55;176.30;-0.48;0.38;0.016;1.09;2.26;-1000.00;-1000.00
102.245;1136;0.57;0.68;177.07;0.25;0.65;154.12;-0.22;0.50;482;2;1;4;-0.34;0.13;0.13;-0.00;-0.00;-0.01;0.01;-0.11;0.56;0.55;175.63;-0.51;0.40;0.015;1.09;2.26;-1000.00;-1000.00
102.345;1146;0.56;0.68;176.39;0.25;0.65;154.12;-0.22;0.50;482;2;1;4;-0.43;0.14;0.14;0.00;-0.00;0.01;-0.05;-0.09;0.54;0.55;174.07;-0.56;0.44;0.010;1.09;2.26;-1000.00;-1000.00
102.445;1157;0.54;0.68;175.71;0.25;0.65;154.12;-0.22;0.50;482;2;1;4;-0.53;0.15;0.15;0.01;-0.00;-0.03;0.05;-0.12;0.52;0.56;172.18;-0.61;0.48;0.013;1.09;2.26;-1000.00;-1000.00
102.545;1165;0.53;0.68;175.04;0.25;0.65;154.12;-0.22;0.50;482;2;1;4;-0.57;0.16;0.16;0.01;-0.01;-0.03;0.06;-0.20;0.51;0.56;171.10;-0.62;0.50;0.011;1.09;2.26;-1000.00;-1000.00
102.665;1180;0.50;0.68;173.49;0.25;0.65;154.12;-0.22;0.50;482;2;1;4;-0.57;0.17;0.18;0.00;-0.01;-0.04;0.08;-0.19;0.49;0.56;168.99;-0.59;0.50;0.029;1.09;2.26;-1000.00;-1000.00
102.755;1188;0.49;0.68;172.72;0.01;0.77;155.85;0.31;0.50;482;3;1;4;-0.59;0.18;0.19;0.00;-0.01;-0.04;0.09;-0.19;0.47;0.57;167.02;-0.56;0.50;0.013;1.09;2.26;-1000.00;-1000.00
102.845;1198;0.47;0.69;171.73;0.01;0.77;155.85;0.31;0.50;482;3;1;4;-0.53;0.19;0.19;-0.00;-0.01;0.02;-0.05;-0.16;0.44;0.57;165.18;-0.52;0.50;0.007;1.09;2.26;-1000.00;-1000.00
102.945;1207;0.46;0.69;171.11;0.01;0.77;155.85;0.31;0.50;482;3;1;4;-0.55;0.20;0.19;-0.01;-0.01;0.03;-0.08;-0.07;0.42;0.58;163.48;-0.49;0.50;0.010;1.09;2.26;-1000.00;-1000.00
103.045;1216;0.44;0.69;170.57;0.01;0.77;155.85;0.31;0.50;482;3;1;4;-0.57;0.20;0.21;0.01;-0.01;-0.05;0.09;-0.15;0.40;0.59;161.91;-0.46;0.50;0.006;1.09;2.26;-1000.00;-1000.00
103.135;1226;0.42;0.70;169.89;0.01;0.77;155.85;0.31;0.50;482;3;1;4;-0.57;0.21;0.22;0.01;-0.01;-0.06;0.09;-0.16;0.38;0.59;160.47;-0.43;0.50;0.005;1.09;2.26;-1000.00;-1000.00
103.245;1237;0.39;0.70;168.68;0.01;0.77;155.85;0.31;0.50;482;3;1;4;-0.57;0.21;0.22;0.02;-0.01;-0.02;0.06;-0.21;0.36;0.60;159.15;-0.39;0.50;0.010;1.09;2.26;-1000.00;-1000.00
103.335;1245;0.38;0.70;167.91;0.01;0.77;155.85;0.31;0.50;482;3;1;4;-0.56;0.22;0.23;-0.00;-0.01;-0.03;0.06;-0.17;0.34;0.61;157.96;-0.36;0.50;0.004;1.09;2.26;-1000.00;-1000.00
103.445;1258;0.35;0.71;166.96;0.01;0.77;155.85;0.31;0.50;482;3;1;4;-0.53;0.23;0.23;-0.01;-0.01;-0.02;0.03;-0.12;0.32;0.62;156.88;-0.33;0.50;0.014;1.09;2.26;-1000.00;-1000.00
103.545;1267;0.33;0.71;166.51;0.01;0.77;155.85;0.31;0.50;482;3;1;4;-0.53;0.23;0.24;-0.01;-0.00;-0.01;0.02;-0.09;0.30;0.63;155.91;-0.29;0.50;0.008;1.09;2.26;-1000.00;-1000.00
103.635;1278;0.30;0.72;166.00;0.01;0.77;155.85;0.31;0.50;482;3;1;4;-0.53;0.24;0.24;-0.01;-0.00;-0.01;0.03;-0.09;0.27;0.64;154.66;-0.24;0.50;0.004;1.09;2.26;-1000.00;-1000.00
103.745;1287;0.28;0.73;165.53;0.01;0.77;155.85;0.31;0.50;482;3;1;4;-0.51;0.24;0.25;-0.01;-0.00;-0.01;0.02;-0.10;0.25;0.65;153.96;-0.21;0.50;0.014;1.09;2.26;-1000.00;-1000.00
103.845;1297;0.26;0.73;165.09;0.01;0.77;155.85;0.31;0.50;482;3;1;4;-0.48;0.25;0.26;0.00;-0.00;-0.01;0.03;-0.10;0.23;0.66;153.38;-0.17;0.50;0.011;1.09;2.26;-1000.00;-1000.00
103.945;1305;0.24;0.74;164.79;0.01;0.77;155.85;0.31;0.50;482;3;1;4;-0.45;0.25;0.26;-0.00;-0.00;-0.01;0.04;-0.07;0.21;0.67;152.93;-0.12;0.50;0.012;1.09;2.26;-1000.00;-1000.00
104.035;1315;0.21;0.75;164.57;0.01;0.77;155.85;0.31;0.50;482;3;1;4;-0.42;0.26;0.27;0.00;-0.00;-0.00;0.03;-0.05;0.18;0.68;152.50;-0.06;0.50;0.006;1.09;2.26;-1000.00;-1000.00
104.155;1329;0.18;0.76;164.36;0.01;0.77;155.85;0.31;0.50;482;3;1;4;-0.37;0.26;0.28;-0.01;-0.01;-0.01;0.04;-0.05;0.16;0.70;152.38;-0.02;0.50;0.014;1.09;2.26;-1000.00;-1000.00
104.255;1338;0.15;0.76;164.45;0.01;0.77;155.85;0.31;0.50;482;3;1;4;-0.33;0.27;0.27;-0.00;-0.00;0.01;-0.03;0.05;0.13;0.71;152.44;0.05;0.50;0.013;1.09;2.26;-1000.00;-1000.00
104.345;1348;0.13;0.77;164.67;0.01;0.77;155.85;0.31;0.50;482;3;1;4;-0.29;0.27;0.28;-0.00;-0.01;-0.01;0.05;0.02;0.11;0.72;152.66;0.09;0.50;0.007;1.09;2.26;-1000.00;-1000.00
104.445;1357;0.10;0.78;164.93;0.01;0.77;155.85;0.31;0.50;482;3;1;4;-0.23;0.28;0.28;-0.01;-0.01;0.00;-0.02;0.07;0.08;0.74;153.22;0.15;0.50;0.010;1.09;2.26;-1000.00;-1000.00
104.545;1367;0.08;0.79;165.38;-0.26;0.84;179.43;0.79;0.50;482;4;1;4;-0.19;0.29;0.29;-0.00;-0.01;-0.03;0.09;0.06;0.06;0.75;153.77;0.20;0.50;0.007;1.09;2.26;-1000.00;-1000.00
104.635;1375;0.05;0.79;165.79;-0.26;0.84;179.43;0.79;0.50;482;4;1;4;-0.13;0.29;0.30;-0.00;-0.01;-0.02;0.08;0.07;0.04;0.76;154.45;0.24;0.50;0.005;1.09;2.26;-1000.00;-1000.00
104.735;1386;0.02;0.80;166.39;-0.26;0.84;179.43;0.79;0.50;482;4;1;4;-0.05;0.29;0.29;-0.01;-0.01;-0.02;0.06;0.08;0.01;0.77;155.73;0.30;0.50;0.007;1.09;2.26;-1000.00;-1000.00
104.925;1405;-0.03;0.81;167.76;-0.25;0.85;180.00;0.11;0.00;462;1;1;5;0.01;0.29;0.29;-0.01;-0.01;-0.02;0.02;0.15;-0.01;0.78;156.74;0.34;0.50;0.066;1.09;2.26;-1000.00;-1000.00
104.965;1409;-0.04;0.82;168.08;-0.44;0.83;193.57;0.65;0.50;462;2;1;5;0.18;0.30;0.29;-0.01;-0.01;-0.02;0.02;0.13;-0.25;0.85;180.04;0.18;0.07;0.032;1.09;2.26;-1000.00;-1000.00
105.065;1418;-0.07;0.82;169.32;-0.44;0.83;193.57;0.65;0.50;462;2;1;5;0.13;0.32;0.30;-0.01;-0.01;-0.01;0.05;0.28;-0.25;0.85;180.04;0.18;0.07;0.022;1.09;2.26;-1000.00;-1000.00
105.155;1428;-0.10;0.83;170.47;-0.44;0.83;193.57;0.65;0.50;462;2;1;5;0.17;0.34;0.32;0.00;0.00;-0.00;-0.01;0.15;-0.25;0.85;180.04;0.18;0.07;0.021;1.09;2.26;-1000.00;-1000.00
105.245;1439;-0.13;0.83;171.42;-0.44;0.83;193.57;0.65;0.50;462;2;1;5;0.22;0.35;0.34;-0.01;-0.00;0.01;0.00;0.14;-0.25;0.85;180.04;0.18;0.07;0.011;1.09;2.26;-1000.00;-1000.00
105.345;1447;-0.16;0.84;172.22;-0.44;0.83;193.57;0.65;0.50;462;2;1;5;0.26;0.35;0.35;-0.01;-0.01;0.03;0.03;0.19;-0.25;0.85;180.04;0.18;0.07;0.013;1.09;2.26;-1000.00;-1000.00
105.455;1456;-0.19;0.84;173.20;-0.44;0.83;193.57;0.65;0.50;462;2;1;5;0.30;0.35;0.35;0.00;-0.01;-0.04;-0.05;0.19;-0.25;0.85;180.04;0.18;0.07;0.022;1.09;2.26;-1000.00;-1000.00
105.555;1467;-0.23;0.85;174.32;-0.44;0.83;193.57;0.65;0.50;462;2;1;5;0.34;0.35;0.36;0.00;-0.01;0.00;-0.00;0.22;-0.25;0.85;180.04;0.18;0.07;0.020;1.09;2.26;-1000.00;-1000.00
105.645;1476;-0.26;0.85;175.51;-0.44;0.83;193.57;0.65;0.50;462;2;1;5;0.42;0.34;0.35;0.01;-0.01;-0.04;-0.06;0.21;-0.26;0.85;180.16;0.22;0.11;0.014;1.09;2.26;-1000.00;-1000.00
105.745;1484;-0.29;0.85;176.64;-0.75;0.62;234.67;0.68;0.50;462;3;1;5;0.55;0.34;0.34;0.01;-0.01;-0.05;-0.08;0.26;-0.29;0.85;181.37;0.35;0.23;0.010;1.09;2.26;-1000.00;-1000.00
105.835;1495;-0.33;0.85;178.91;-0.75;0.62;234.67;0.68;0.50;462;3;1;5;0.67;0.34;0.34;-0.06;-0.01;0.07;0.12;0.55;-0.33;0.85;183.97;0.46;0.33;0.005;1.09;2.26;-1000.00;-1000.00
105.945;1507;-0.37;0.86;183.27;-0.75;0.62;234.67;0.68;0.50;462;3;1;5;0.66;0.35;0.33;-0.07;-0.00;-0.04;-0.04;0.72;-0.35;0.85;185.56;0.51;0.37;0.010;1.09;2.26;-1000.00;-1000.00
106.045;1518;-0.41;0.87;188.12;-0.75;0.62;234.67;0.68;0.50;462;3;1;5;0.67;0.35;0.34;-0.12;-0.01;0.03;0.12;0.82;-0.40;0.84;189.93;0.60;0.45;0.005;1.09;2.26;-1000.00;-1000.00
106.145;1527;-0.44;0.87;192.07;-0.75;0.62;234.67;0.68;0.50;462;3;1;5;0.68;0.36;0.33;-0.12;-0.01;0.02;0.09;0.80;-0.43;0.83;192.78;0.64;0.49;0.009;1.09;2.26;-1000.00;-1000.00
106.245;1537;-0.47;0.87;196.18;-0.75;0.62;234.67;0.68;0.50;462;3;1;5;0.66;0.37;0.34;-0.06;-0.00;-0.01;-0.15;0.68;-0.46;0.83;195.98;0.65;0.50;0.005;1.09;2.26;-1000.00;-1000.00
106.335;1548;-0.51;0.87;200.93;-0.75;0.62;234.67;0.68;0.50;462;3;1;5;0.63;0.38;0.35;-0.07;-0.01;-0.01;-0.12;0.67;-0.49;0.82;199.22;0.65;0.50;0.005;1.09;2.26;-1000.00;-1000.00
106.435;1556;-0.54;0.86;204.05;-0.75;0.62;234.67;0.68;0.50;462;3;1;5;0.64;0.39;0.38;-0.09;-0.01;0.04;0.11;0.73;-0.52;0.80;202.48;0.66;0.50;0.005;1.09;2.26;-1000.00;-1000.00
106.545;1567;-0.58;0.85;208.36;-0.75;0.62;234.67;0.68;0.50;462;3;1;5;0.63;0.39;0.36;-0.07;-0.01;0.00;-0.02;0.65;-0.55;0.79;205.75;0.66;0.50;0.005;1.09;2.26;-1000.00;-1000.00
106.635;1575;-0.61;0.84;211.52;-0.75;0.62;234.67;0.68;0.50;462;3;1;5;0.64;0.39;0.37;-0.06;-0.01;-0.01;0.00;0.69;-0.58;0.78;209.04;0.66;0.50;0.005;1.09;2.26;-1000.00;-1000.00
106.745;1586;-0.65;0.83;215.66;-0.75;0.62;234.67;0.68;0.50;462;3;1;5;0.64;0.40;0.36;-0.06;-0.01;0.02;-0.12;0.60;-0.60;0.76;212.34;0.66;0.50;0.017;1.09;2.26;-1000.00;-1000.00
106.835;1594;-0.68;0.81;218.80;-0.75;0.62;234.67;0.68;0.50;462;3;1;5;0.65;0.40;0.36;-0.07;-0.01;0.02;-0.08;0.63;-0.63;0.74;215.67;0.67;0.50;0.007;1.09;2.26;-1000.00;-1000.00
106.935;1608;-0.72;0.79;224.40;-0.75;0.62;234.67;0.68;0.50;462;3;1;5;0.66;0.40;0.37;-0.09;-0.01;-0.01;0.05;0.76;-0.67;0.72;220.68;0.67;0.50;0.007;1.09;2.26;-1000.00;-1000.00
107.045;1617;-0.75;0.77;228.15;-0.75;0.62;234.67;0.68;0.50;462;3;1;5;0.66;0.40;0.36;-0.09;-0.01;-0.01;0.05;0.77;-0.69;0.69;224.05;0.67;0.50;0.007;1.09;2.26;-1000.00;-1000.00
107.145;1625;-0.77;0.75;231.54;-0.75;0.62;234.67;0.68;0.50;462;3;1;5;0.63;0.40;0.36;-0.13;-0.01;-0.06;0.16;0.85;-0.70;0.68;225.73;0.67;0.50;0.005;1.09;2.26;-1000.00;-1000.00
107.255;1639;-0.81;0.72;237.36;-0.75;0.62;234.67;0.68;0.50;462;3;1;5;0.59;0.39;0.37;-0.06;-0.01;-0.01;0.04;0.68;-0.72;0.66;229.12;0.68;0.50;0.015;1.09;2.26;-1000.00;-1000.00
107.335;1644;-0.82;0.70;239.11;-0.75;0.62;234.67;0.68;0.50;462;3;1;5;0.64;0.39;0.36;-0.05;-0.00;0.01;0.03;0.55;-0.74;0.64;232.53;0.68;0.50;0.004;1.09;2.26;-1000.00;-1000.00
107.445;1655;-0.85;0.67;242.53;-0.75;0.62;234.67;0.68;0.50;462;3;1;5;0.65;0.38;0.34;-0.07;-0.01;-0.01;0.03;0.58;-0.76;0.61;235.95;0.68;0.50;0.009;1.09;2.26;-1000.00;-1000.00
107.545;1669;-0.88;0.63;247.28;-0.75;0.62;234.67;0.68;0.50;462;3;1;5;0.62;0.38;0.33;-0.07;-0.00;-0.01;0.03;0.60;-0.77;0.59;239.28;0.66;0.50;0.009;1.09;2.26;-1000.00;-1000.00
107.645;1678;-0.89;0.60;250.03;-0.75;0.62;234.67;0.68;0.50;462;3;1;5;0.63;0.37;0.34;-0.04;-0.00;-0.00;0.02;0.49;-0.79;0.56;242.51;0.64;0.50;0.016;1.09;2.26;-1000.00;-1000.00
107.745;1688;-0.91;0.57;252.86;-0.86;0.26;269.43;0.49;0.50;462;4;1;5;0.59;0.36;0.33;-0.04;0.00;0.04;-0.06;0.48;-0.80;0.55;244.08;0.64;0.50;0.016;1.09;2.26;-1000.00;-1000.00
107.845;1697;-0.92;0.55;255.66;-0.86;0.26;269.43;0.49;0.50;462;4;1;5;0.46;0.37;0.36;-0.06;-0.00;-0.02;0.04;0.61;-0.81;0.52;247.16;0.62;0.50;0.010;1.09;2.26;-1000.00;-1000.00
107.945;1708;-0.93;0.51;258.64;-0.86;0.26;269.43;0.49;0.50;462;4;1;5;0.49;0.38;0.36;-0.04;-0.00;0.10;-0.10;0.31;-0.83;0.47;251.58;0.60;0.50;0.010;1.09;2.26;-1000.00;-1000.00
108.085;1720;-0.95;0.47;261.84;-0.86;0.11;-98.62;-0.63;0.50;1036;1;1;4;0.51;0.39;0.37;-0.09;-0.01;-0.10;0.07;0.58;-0.83;0.44;254.41;0.58;0.50;0.047;1.09;2.26;-1000.00;-1000.00
108.165;1731;-0.96;0.43;265.24;-0.86;0.11;-98.62;-0.63;0.50;1036;1;1;4;0.73;0.38;0.38;-0.05;-0.00;0.08;-0.06;0.50;-0.85;0.25;-90.00;-0.08;0.06;0.031;1.09;2.26;-1000.00;-1000.00
108.265;1739;-0.97;0.40;269.28;-0.86;0.11;-98.62;-0.63;0.50;1036;1;1;4;0.50;0.37;0.39;-0.10;-0.00;-0.06;0.07;1.15;-0.85;0.25;-90.00;-0.08;0.06;0.033;1.09;2.26;-1000.00;-1000.00
108.365;1748;-0.98;0.36;273.61;-0.95;-0.15;-115.88;-0.22;0.50;1036;2;1;4;0.26;0.37;0.36;-0.08;-0.00;0.09;-0.05;0.45;-0.85;0.25;-90.00;-0.08;0.06;0.025;1.09;2.26;-1000.00;-1000.00
108.465;1759;-0.98;0.32;275.54;-0.95;-0.15;-115.88;-0.22;0.50;1036;2;1;4;-0.02;0.36;0.36;-0.05;-0.01;-0.05;0.03;0.10;-0.85;0.25;-90.00;-0.08;0.06;0.030;1.09;2.25;-1000.00;-1000.00
108.545;1767;-0.98;0.29;275.14;-0.95;-0.15;-115.88;-0.22;0.50;1036;2;1;4;-0.03;0.34;0.36;-0.02;-0.01;-0.14;0.08;-0.23;-0.85;0.25;-90.00;-0.08;0.06;0.011;1.09;2.25;-1000.00;-1000.00
108.655;1778;-0.98;0.26;273.71;-0.95;-0.15;-115.88;-0.22;0.50;1036;2;1;4;-0.01;0.32;0.34;0.01;-0.01;-0.05;0.03;-0.16;-0.85;0.25;-90.00;-0.08;0.06;0.025;1.09;2.25;-1000.00;-1000.00
108.755;1786;-0.98;0.23;273.14;-0.95;-0.15;-115.88;-0.22;0.50;1036;2;1;4;-0.16;0.30;0.32;0.01;-0.00;-0.02;0.01;-0.10;-0.85;0.23;-90.29;-0.23;0.18;0.022;1.09;2.25;-1000.00;-1000.00
108.845;1797;-0.97;0.20;272.21;-0.95;-0.15;-115.88;-0.22;0.50;1036;2;1;4;-0.42;0.30;0.30;-0.00;-0.00;0.01;-0.00;-0.20;-0.85;0.18;-92.58;-0.43;0.34;0.008;1.09;2.25;-1000.00;-1000.00
108.955;1809;-0.97;0.16;269.82;-0.95;-0.15;-115.88;-0.22;0.50;1036;2;1;4;-0.49;0.30;0.31;0.02;-0.01;-0.04;-0.02;-0.39;-0.85;0.16;-94.37;-0.51;0.40;0.020;1.09;2.25;-1000.00;-1000.00
109.055;1820;-0.97;0.13;267.39;-0.95;-0.15;-115.88;-0.22;0.50;1036;2;1;4;-0.57;0.30;0.31;0.01;-0.01;-0.05;-0.04;-0.37;-0.86;0.13;-96.83;-0.58;0.46;0.024;1.09;2.25;-1000.00;-1000.00
109.155;1828;-0.97;0.10;265.49;-0.95;-0.15;-115.88;-0.22;0.50;1036;2;1;4;-0.68;0.30;0.31;0.01;-0.01;-0.05;-0.04;-0.43;-0.86;0.09;-101.01;-0.59;0.50;0.018;1.09;2.25;-1000.00;-1000.00
109.255;1839;-0.97;0.07;262.24;-1.07;-0.39;-114.15;0.31;0.50;1036;3;1;4;-0.65;0.31;0.29;0.02;-0.00;0.17;0.08;-0.50;-0.87;0.04;-104.82;-0.52;0.50;0.017;1.09;2.25;-1000.00;-1000.00
109.335;1847;-0.97;0.04;259.65;-1.07;-0.39;-114.15;0.31;0.50;1036;3;1;4;-0.55;0.31;0.30;0.04;-0.00;0.15;0.06;-0.44;-0.88;0.01;-107.32;-0.47;0.50;0.007;1.09;2.25;-1000.00;-1000.00
109.455;1858;-0.97;0.01;256.85;-1.07;-0.39;-114.15;0.31;0.50;1036;3;1;4;-0.50;0.32;0.31;0.08;-0.01;-0.12;-0.03;-0.45;-0.89;-0.02;-109.53;-0.43;0.50;0.014;1.09;2.25;-1000.00;-1000.00
109.545;1866;-0.97;-0.02;255.21;-1.07;-0.39;-114.15;0.31;0.50;1036;3;1;4;-0.47;0.32;0.30;0.06;-0.01;-0.04;-0.01;-0.34;-0.90;-0.04;-110.85;-0.39;0.50;0.009;1.09;2.25;-1000.00;-1000.00
109.635;1876;-0.98;-0.05;253.51;-1.07;-0.39;-114.15;0.31;0.50;1036;3;1;4;-0.44;0.32;0.30;0.03;-0.01;0.06;0.02;-0.25;-0.91;-0.07;-112.60;-0.34;0.50;0.004;1.09;2.25;-1000.00;-1000.00
109.735;1885;-0.98;-0.07;252.12;-1.07;-0.39;-114.15;0.31;0.50;1036;3;1;4;-0.42;0.33;0.31;0.03;-0.01;0.06;0.02;-0.23;-0.93;-0.10;-114.09;-0.29;0.50;0.005;1.09;2.25;-1000.00;-1000.00
109.845;1895;-0.99;-0.11;250.69;-1.07;-0.39;-114.15;0.31;0.50;1036;3;1;4;-0.38;0.33;0.31;0.02;-0.01;0.10;0.03;-0.20;-0.94;-0.13;-115.34;-0.24;0.50;0.009;1.09;2.25;-1000.00;-1000.00
109.945;1906;-1.00;-0.14;249.28;-1.07;-0.39;-114.15;0.31;0.50;1036;3;1;4;-0.31;0.34;0.34;0.01;-0.01;-0.05;-0.01;-0.21;-0.95;-0.16;-116.35;-0.19;0.50;0.005;1.09;2.25;-1000.00;-1000.00
110.055;1917;-1.01;-0.17;248.65;-1.07;-0.39;-114.15;0.31;0.50;1036;3;1;4;-0.26;0.34;0.34;-0.01;-0.01;0.04;0.00;-0.03;-0.96;-0.18;-116.87;-0.14;0.50;0.016;1.09;2.25;-1000.00;-1000.00
110.135;1925;-1.03;-0.20;248.58;-1.07;-0.39;-114.15;0.31;0.50;1036;3;1;4;-0.22;0.34;0.34;-0.01;-0.01;0.03;0.00;0.04;-0.98;-0.22;-117.50;-0.06;0.50;0.004;1.09;2.25;-1000.00;-1000.00
110.245;1938;-1.04;-0.24;248.82;-1.07;-0.39;-114.15;0.31;0.50;1036;3;1;4;-0.17;0.34;0.35;-0.01;-0.01;-0.06;-0.01;0.02;-1.00;-0.24;-117.62;-0.02;0.50;0.010;1.09;2.25;-1000.00;-1000.00
110.335;1948;-1.06;-0.27;249.23;-1.07;-0.39;-114.15;0.31;0.50;1036;3;1;4;-0.11;0.35;0.34;-0.01;-0.01;0.05;0.01;0.09;-1.02;-0.28;-117.47;0.07;0.50;0.008;1.09;2.25;-1000.00;-1000.00
110.445;1956;-1.07;-0.30;249.66;-1.14;-0.66;-90.57;0.79;0.50;1036;4;1;4;-0.06;0.35;0.35;-0.01;-0.01;0.04;0.00;0.12;-1.03;-0.31;-117.00;0.13;0.50;0.010;1.09;2.25;-1000.00;-1000.00
110.545;1967;-1.08;-0.34;250.28;-1.14;-0.66;-90.57;0.79;0.50;1036;4;1;4;0.02;0.35;0.36;-0.01;-0.01;-0.04;-0.01;0.09;-1.05;-0.35;-115.91;0.22;0.50;0.011;1.09;2.25;-1000.00;-1000.00
110.655;1975;-1.09;-0.36;250.87;-1.14;-0.66;-90.57;0.79;0.50;1036;4;1;4;0.08;0.36;0.36;-0.01;-0.01;-0.02;-0.01;0.16;-1.06;-0.37;-115.16;0.26;0.50;0.016;1.09;2.25;-1000.00;-1000.00
110.785;1989;-1.11;-0.41;252.09;-1.16;-0.79;-98.62;-0.63;0.50;186;1;1;4;0.18;0.36;0.36;0.00;-0.00;0.01;-0.00;0.13;-1.08;-0.41;-113.26;0.34;0.50;0.043;1.09;2.25;-1000.00;-1000.00
110.865;2000;-1.12;-0.45;253.43;-1.16;-0.79;-98.62;-0.63;0.50;186;1;1;4;0.79;0.34;0.36;-0.01;-0.00;0.00;0.01;0.20;-1.15;-0.65;-90.00;-0.08;0.06;0.034;1.09;2.25;-1000.00;-1000.00
110.965;2011;-1.13;-0.49;258.08;-1.25;-1.05;-115.88;-0.22;0.50;186;2;1;4;0.77;0.33;0.36;-0.05;-0.01;-0.03;0.08;1.19;-1.15;-0.65;-90.00;-0.08;0.06;0.028;1.09;2.25;-1000.00;-1000.00
111.055;2015;-1.14;-0.50;260.59;-1.25;-1.05;-115.88;-0.22;0.50;186;2;1;4;0.50;0.32;0.36;-0.06;-0.00;-0.02;0.09;1.10;-1.15;-0.65;-90.00;-0.08;0.06;0.022;1.09;2.25;-1000.00;-1000.00
111.145;2026;-1.15;-0.53;266.02;-1.25;-1.05;-115.88;-0.22;0.50;186;2;1;4;0.23;0.32;0.31;-0.09;-0.00;0.04;-0.05;0.42;-1.15;-0.65;-90.00;-0.08;0.06;0.010;1.09;2.25;-1000.00;-1000.00
111.265;2041;-1.16;-0.58;267.52;-1.25;-1.05;-115.88;-0.22;0.50;186;2;1;4;0.13;0.31;0.31;-0.03;-0.01;0.04;-0.03;0.02;-1.15;-0.65;-90.00;-0.08;0.06;0.035;1.09;2.25;-1000.00;-1000.00
111.365;2050;-1.16;-0.61;267.36;-1.25;-1.05;-115.88;-0.22;0.50;186;2;1;4;0.12;0.30;0.31;0.01;-0.01;-0.05;0.03;-0.02;-1.15;-0.65;-90.00;-0.08;0.06;0.029;1.09;2.25;-1000.00;-1000.00
111.465;2060;-1.16;-0.64;267.11;-1.25;-1.05;-115.88;-0.22;0.50;186;2;1;4;0.10;0.28;0.30;0.00;-0.01;-0.03;0.02;-0.04;-1.15;-0.65;-90.00;-0.08;0.06;0.022;1.09;2.25;-1000.00;-1000.00
111.545;2068;-1.16;-0.66;266.85;-1.25;-1.05;-115.88;-0.22;0.50;186;2;1;4;0.09;0.27;0.29;0.00;-0.01;-0.02;0.02;-0.05;-1.15;-0.65;-90.00;-0.08;0.06;0.013;1.09;2.25;-1000.00;-1000.00
111.645;2078;-1.17;-0.69;266.55;-1.25;-1.05;-115.88;-0.22;0.50;186;2;1;4;-0.13;0.26;0.27;0.00;-0.01;-0.02;0.02;-0.04;-1.15;-0.68;-90.60;-0.28;0.22;0.018;1.09;2.25;-1000.00;-1000.00
111.765;2088;-1.17;-0.72;265.47;-1.25;-1.05;-115.88;-0.22;0.50;186;2;1;4;-0.27;0.26;0.26;0.01;-0.01;-0.02;0.02;-0.23;-1.15;-0.71;-92.12;-0.41;0.32;0.032;1.09;2.25;-1000.00;-1000.00
111.855;2096;-1.17;-0.74;264.17;-1.25;-1.05;-115.88;-0.22;0.50;186;2;1;4;-0.41;0.26;0.27;0.01;-0.04;-0.29;0.04;-0.32;-1.15;-0.74;-94.37;-0.51;0.40;0.015;1.09;2.25;-1000.00;-1000.00
111.955;2107;-1.17;-0.77;262.24;-1.25;-1.05;-115.88;-0.22;0.50;186;2;1;4;-0.51;0.27;0.27;0.01;-0.00;0.06;0.01;-0.32;-1.16;-0.77;-96.83;-0.58;0.46;0.023;1.09;2.25;-1000.00;-1000.00
112.055;2115;-1.17;-0.79;260.70;-1.25;-1.05;-115.88;-0.22;0.50;186;2;1;4;-0.57;0.28;0.28;0.01;-0.01;-0.06;-0.02;-0.40;-1.16;-0.79;-98.90;-0.62;0.50;0.013;1.09;2.25;-1000.00;-1000.00
112.145;2126;-1.18;-0.82;258.41;-1.25;-1.05;-115.88;-0.22;0.50;186;2;1;4;-0.56;0.29;0.28;-0.01;-0.01;0.07;0.02;-0.36;-1.16;-0.82;-102.02;-0.57;0.50;0.016;1.09;2.25;-1000.00;-1000.00
112.245;2138;-1.19;-0.85;256.21;-1.37;-1.29;-114.15;0.31;0.50;186;3;1;4;-0.52;0.30;0.30;0.00;-0.01;-0.03;-0.02;-0.27;-1.17;-0.84;-103.92;-0.54;0.50;0.019;1.09;2.25;-1000.00;-1000.00
112.345;2148;-1.19;-0.88;255.10;-1.37;-1.29;-114.15;0.31;0.50;186;3;1;4;-0.49;0.30;0.31;-0.01;-0.00;-0.02;-0.02;-0.18;-1.18;-0.87;-105.69;-0.51;0.50;0.013;1.09;2.25;-1000.00;-1000.00
112.445;2158;-1.20;-0.91;254.17;-1.37;-1.29;-114.15;0.31;0.50;186;3;1;4;-0.50;0.31;0.31;0.00;-0.00;-0.04;-0.01;-0.17;-1.19;-0.90;-108.09;-0.46;0.50;0.014;1.09;2.25;-1000.00;-1000.00
112.545;2167;-1.21;-0.94;253.21;-1.37;-1.29;-114.15;0.31;0.50;186;3;1;4;-0.54;0.32;0.30;0.05;-0.01;-0.08;-0.01;-0.22;-1.20;-0.94;-110.85;-0.39;0.50;0.012;1.09;2.25;-1000.00;-1000.00
112.645;2177;-1.21;-0.97;251.72;-1.37;-1.29;-114.15;0.31;0.50;186;3;1;4;-0.52;0.33;0.30;0.07;-0.01;-0.05;-0.00;-0.35;-1.21;-0.97;-112.60;-0.34;0.50;0.010;1.09;2.25;-1000.00;-1000.00
112.745;2185;-1.22;-0.99;250.18;-1.37;-1.29;-114.15;0.31;0.50;186;3;1;4;-0.47;0.33;0.31;0.06;-0.01;-0.05;-0.01;-0.36;-1.22;-0.99;-113.62;-0.31;0.50;0.007;1.09;2.25;-1000.00;-1000.00
112.845;2196;-1.23;-1.03;248.26;-1.37;-1.29;-114.15;0.31;0.50;186;3;1;4;-0.41;0.34;0.32;0.02;-0.01;0.13;0.02;-0.23;-1.24;-1.02;-114.95;-0.26;0.50;0.008;1.09;2.25;-1000.00;-1000.00
112.945;2205;-1.24;-1.06;247.09;-1.37;-1.29;-114.15;0.31;0.50;186;3;1;4;-0.37;0.35;0.34;-0.00;-0.01;0.07;0.00;-0.12;-1.25;-1.05;-116.04;-0.21;0.50;0.007;1.09;2.25;-1000.00;-1000.00
113.035;2215;-1.25;-1.09;246.50;-1.37;-1.29;-114.15;0.31;0.50;186;3;1;4;-0.31;0.35;0.36;-0.01;-0.01;-0.08;-0.02;-0.09;-1.26;-1.08;-116.87;-0.14;0.50;0.004;1.09;2.25;-1000.00;-1000.00
113.145;2229;-1.27;-1.13;246.36;-1.37;-1.29;-114.15;0.31;0.50;186;3;1;4;-0.24;0.36;0.36;-0.02;-0.01;0.01;-0.01;0.01;-1.28;-1.12;-117.50;-0.06;0.50;0.006;1.09;2.25;-1000.00;-1000.00
113.245;2238;-1.29;-1.16;246.76;-1.37;-1.29;-114.15;0.31;0.50;186;3;1;4;-0.21;0.36;0.36;-0.01;-0.01;0.06;0.01;0.11;-1.30;-1.14;-117.62;-0.02;0.50;0.012;1.09;2.25;-1000.00;-1000.00
113.345;2247;-1.30;-1.19;247.18;-1.37;-1.29;-114.15;0.31;0.50;186;3;1;4;-0.15;0.37;0.38;-0.00;-0.01;-0.09;-0.01;0.05;-1.32;-1.18;-117.47;0.07;0.50;0.011;1.09;2.25;-1000.00;-1000.00
113.445;2257;-1.32;-1.23;247.73;-1.37;-1.29;-114.15;0.31;0.50;186;3;1;4;-0.08;0.38;0.37;-0.01;-0.01;-0.00;-0.01;0.10;-1.34;-1.22;-116.78;0.15;0.50;0.006;1.09;2.25;-1000.00;-1000.00
113.545;2266;-1.33;-1.26;248.35;-1.44;-1.56;-90.57;0.79;0.50;186;4;1;4;-0.01;0.38;0.38;-0.01;-0.01;-0.06;-0.01;0.12;-1.35;-1.25;-115.91;0.22;0.50;0.011;1.09;2.25;-1000.00;-1000.00
113.635;2276;-1.34;-1.30;249.34;-1.44;-1.56;-90.57;0.79;0.50;186;4;1;4;0.11;0.38;0.39;-0.00;-0.01;-0.06;-0.01;0.17;-1.37;-1.28;-114.73;0.28;0.50;0.005;1.09;2.25;-1000.00;-1000.00
113.815;2295;-1.37;-1.36;251.97;-1.45;-1.55;-90.00;-0.00;0.50;584;0;1;0;0.18;0.38;0.38;0.00;-0.00;-0.01;0.01;0.25;-1.38;-1.31;-113.26;0.34;0.50;0.069;1.09;2.25;-1000.00;-1000.00
113.875;2299;-1.37;-1.38;252.53;-1.45;-1.55;-90.00;-0.00;0.50;584;0;1;0;0.67;0.40;0.38;-0.00;-0.00;0.06;-0.04;0.23;-1.45;-1.55;-90.00;-0.00;0.50;0.025;1.09;2.25;-1000.00;-1000.00
113.965;2310;-1.39;-1.42;256.04;-1.45;-1.55;-90.00;-0.00;0.50;584;0;1;0;0.53;0.42;0.42;-0.03;-0.01;0.01;-0.01;1.09;-1.45;-1.55;-90.00;-0.00;0.50;0.028;1.09;2.25;-1000.00;-1000.00
114.065;2318;-1.40;-1.45;260.06;-1.45;-1.55;-90.00;-0.00;0.50;584;0;1;0;0.36;0.44;0.45;-0.03;-0.00;-0.03;0.10;0.75;-1.45;-1.55;-90.00;-0.00;0.50;0.036;1.09;2.25;-1000.00;-1000.00
114.175;2329;-1.41;-1.50;263.49;-1.45;-1.55;-90.00;-0.00;0.50;584;0;1;0;0.22;0.45;0.44;-0.06;-0.01;-0.04;0.03;0.38;-1.45;-1.55;-90.00;-0.00;0.50;0.034;1.09;2.25;-1000.00;-1000.00
114.255;2338;-1.42;-1.54;264.84;-1.45;-1.79;-90.00;-0.00;0.50;584;1;1;0;0.17;0.45;0.44;-0.04;-0.01;0.04;-0.03;0.09;-1.45;-1.55;-90.00;-0.00;0.50;0.024;1.08;2.25;-1000.00;-1000.00
114.355;2348;-1.42;-1.58;265.14;-1.45;-1.79;-90.00;-0.00;0.50;584;1;1;0;0.17;0.45;0.47;0.01;-0.01;-0.04;0.04;0.02;-1.45;-1.56;-90.00;-0.00;0.50;0.025;1.08;2.25;-1000.00;-1000.00
114.445;2357;-1.42;-1.62;265.06;-1.45;-1.79;-90.00;-0.00;0.50;584;1;1;0;0.18;0.45;0.45;0.01;-0.01;0.03;-0.01;-0.03;-1.45;-1.62;-90.00;-0.00;0.50;0.012;1.08;2.25;-1000.00;-1000.00
114.545;2367;-1.43;-1.67;265.11;-1.45;-1.79;-90.00;-0.00;0.50;584;1;1;0;0.18;0.46;0.47;0.00;-0.01;-0.08;0.06;0.04;-1.45;-1.67;-90.00;-0.00;0.50;0.018;1.08;2.25;-1000.00;-1000.00
114.645;2376;-1.43;-1.71;265.24;-1.45;-1.79;-90.00;-0.00;0.50;584;1;1;0;0.18;0.46;0.46;0.01;-0.01;-0.02;0.02;0.03;-1.45;-1.71;-90.00;-0.00;0.50;0.020;1.08;2.25;-1000.00;-1000.00
114.765;2389;-1.43;-1.77;265.52;-1.45;-2.03;-90.00;-0.00;0.50;584;2;1;0;0.18;0.46;0.46;0.01;-0.01;0.03;-0.02;0.02;-1.45;-1.75;-90.00;-0.00;0.50;0.033;1.08;2.25;-1000.00;-1000.00
114.855;2400;-1.44;-1.82;265.72;-1.45;-2.03;-90.00;-0.00;0.50;584;2;1;0;0.18;0.46;0.46;0.01;-0.01;-0.02;0.02;0.02;-1.45;-1.79;-90.00;-0.00;0.50;0.021;1.08;2.25;-1000.00;-1000.00
114.945;2408;-1.44;-1.86;265.83;-1.45;-2.03;-90.00;-0.00;0.50;584;2;1;0;0.18;0.46;0.46;0.01;-0.01;-0.02;0.02;0.02;-1.45;-1.85;-90.00;-0.00;0.50;0.011;1.08;2.25;-1000.00;-1000.00
115.055;2417;-1.44;-1.90;265.96;-1.45;-2.03;-90.00;-0.00;0.50;584;2;1;0;0.17;0.46;0.46;0.01;-0.01;0.02;-0.01;0.02;-1.45;-1.90;-90.00;-0.00;0.50;0.019;1.08;2.25;-1000.00;-1000.00
115.145;2427;-1.44;-1.95;266.15;-1.45;-2.03;-90.00;-0.00;0.50;584;2;1;0;0.17;0.46;0.48;0.00;-0.01;-0.09;0.07;0.06;-1.45;-1.93;-90.00;-0.00;0.50;0.015;1.08;2.25;-1000.00;-1000.00
115.255;2438;-1.45;-2.00;266.30;-1.45;-2.03;-90.00;-0.00;0.50;584;2;1;0;0.17;0.46;0.46;0.01;-0.01;0.06;-0.04;-0.00;-1.45;-1.99;-90.00;-0.00;0.50;0.015;1.08;2.25;-1000.00;-1000.00
115.335;2446;-1.45;-2.03;266.42;-1.45;-2.26;-90.00;-0.00;0.50;584;3;1;0;0.17;0.46;0.46;0.01;-0.01;0.06;-0.04;0.00;-1.45;-2.03;-90.00;-0.00;0.50;0.010;1.09;2.25;-1000.00;-1000.00
115.455;2457;-1.45;-2.09;266.61;-1.45;-2.26;-90.00;-0.00;0.50;584;3;1;0;0.17;0.46;0.46;0.01;-0.01;0.03;-0.01;0.01;-1.45;-2.09;-90.00;-0.00;0.50;0.010;1.09;2.25;-1000.00;-1000.00
115.545;2465;-1.45;-2.12;266.73;-1.45;-2.26;-90.00;-0.00;0.50;584;3;1;0;0.16;0.47;0.47;0.01;-0.01;0.02;-0.01;0.01;-1.45;-2.13;-90.00;-0.00;0.50;0.005;1.09;2.25;-1000.00;-1000.00
115.645;2479;-1.45;-2.19;266.93;-1.45;-2.26;-90.00;-0.00;0.50;584;3;1;0;0.16;0.47;0.49;0.00;-0.01;-0.09;0.06;0.06;-1.45;-2.16;-90.00;-0.00;0.50;0.019;1.08;2.25;-1000.00;-1000.00
115.745;2488;-1.46;-2.23;267.03;-1.45;-2.26;-90.00;-0.00;0.50;584;3;1;0;0.16;0.47;0.47;0.01;-0.01;-0.02;0.02;0.02;-1.45;-2.22;-90.00;-0.00;0.50;0.007;1.08;2.25;-1000.00;-1000.00
115.845;2497;-1.46;-2.27;267.13;-1.45;-2.50;-90.00;0.00;0.50;584;4;1;0;0.16;0.47;0.47;0.01;-0.01;0.02;-0.01;0.01;-1.45;-2.27;-90.00;-0.00;0.50;0.013;1.08;2.25;-1000.00;-1000.00
115.935;2508;-1.46;-2.33;267.30;-1.45;-2.50;-90.00;0.00;0.50;584;4;1;0;0.15;0.47;0.48;0.01;-0.01;-0.02;0.02;0.03;-1.45;-2.33;-90.00;-0.00;0.50;0.002;1.08;2.25;-1000.00;-1000.00
116.035;2516;-1.46;-2.37;267.39;-1.45;-2.50;-90.00;0.00;0.50;584;4;1;0;0.15;0.47;0.48;0.01;-0.01;-0.02;0.02;0.03;-1.45;-2.37;-90.00;-0.00;0.50;0.002;1.08;2.25;-1000.00;-1000.00
116.135;2527;-1.46;-2.42;267.52;-1.45;-2.50;-90.00;0.00;0.50;584;4;1;0;0.15;0.47;0.49;0.00;-0.01;-0.09;0.06;0.05;-1.45;-2.42;-90.00;-0.00;0.50;0.001;1.08;2.25;-1000.00;-1000.00
116.235;2535;-1.46;-2.46;267.61;-1.45;-2.50;-90.00;0.00;0.50;584;4;1;0;0.15;0.47;0.49;0.00;-0.01;-0.09;0.06;0.05;-1.45;-2.45;-90.00;0.00;0.50;0.002;1.08;2.25;-1000.00;-1000.00
116.385;2549;-1.47;-2.52;267.76;-1.45;-2.75;-90.00;0.00;-0.50;580;0;1;2;0.15;0.47;0.48;0.01;-0.01;0.02;-0.01;0.01;-1.45;-2.50;-90.00;0.00;0.50;0.040;1.08;2.25;-1000.00;-1000.00
116.525;2564;-1.47;-2.59;267.88;-1.45;-2.45;-90.00;-0.00;0.37;581;0;1;7;0.15;0.47;0.42;0.01;-0.01;0.16;-0.09;-0.08;-1.45;-2.55;-90.00;0.00;-0.50;0.046;1.08;2.25;-1000.00;-1000.00
116.575;2569;-1.47;-2.60;267.75;-1.40;-2.83;-65.10;0.79;0.50;581;1;1;7;0.15;0.47;0.08;-0.06;-0.00;-0.00;0.03;-0.01;-1.45;-2.59;-87.05;0.32;0.42;0.030;1.08;2.25;-1000.00;-1000.00
116.665;2579;-1.47;-2.60;267.63;-1.40;-2.83;-65.10;0.79;0.50;581;1;1;7;0.15;0.47;-0.01;-0.02;-0.00;-0.03;0.02;-0.04;-1.45;-2.61;-86.34;0.35;0.43;0.032;1.08;2.25;-1000.00;-1000.00
116.765;2590;-1.47;-2.60;267.47;-1.40;-2.83;-65.10;0.79;0.50;581;1;1;7;0.15;0.47;0.00;0.00;-0.00;0.01;0.00;-0.02;-1.45;-2.59;-87.05;0.32;0.42;0.032;1.08;2.25;-1000.00;-1000.00
116.875;2598;-1.47;-2.60;267.39;-1.40;-2.83;-65.10;0.79;0.50;581;1;1;7;0.15;0.47;0.00;-0.00;-0.00;0.00;0.00;-0.01;-1.45;-2.59;-87.05;0.32;0.42;0.033;1.08;2.24;-1000.00;-1000.00
116.955;2609;-1.47;-2.60;267.31;-1.40;-2.83;-65.10;0.79;0.50;581;1;1;7;0.15;0.47;0.00;-0.00;-0.00;0.00;0.00;-0.01;-1.45;-2.59;-87.05;0.32;0.42;0.020;1.08;2.24;-1000.00;-1000.00
117.055;2617;-1.47;-2.60;267.27;-1.40;-2.83;-65.10;0.79;0.50;581;1;1;7;0.15;0.47;0.00;-0.00;-0.00;0.00;0.00;-0.01;-1.45;-2.59;-87.05;0.32;0.42;0.017;1.08;2.24;-1000.00;-1000.00
117.165;2626;-1.47;-2.60;267.23;-1.40;-2.83;-65.10;0.79;0.50;581;1;1;7;0.15;0.47;0.00;-0.00;-0.00;0.00;0.00;-0.01;-1.45;-2.61;-86.34;0.35;0.43;0.023;1.08;2.24;-1000.00;-1000.00
117.255;2637;-1.47;-2.60;267.20;-1.40;-2.83;-65.10;0.79;0.50;581;1;1;7;0.15;0.47;0.00;-0.00;-0.00;0.00;-0.00;-0.00;-1.45;-2.61;-86.34;0.35;0.43;0.017;1.08;2.24;-1000.00;-1000.00
117.345;2645;-1.47;-2.60;267.18;-1.40;-2.83;-65.10;0.79;0.50;581;1;1;7;0.15;0.47;0.00;0.00;-0.00;0.00;-0.00;-0.00;-1.45;-2.61;-86.34;0.35;0.43;0.014;1.08;2.24;-1000.00;-1000.00
117.455;2659;-1.47;-2.60;267.16;-1.40;-2.83;-65.10;0.79;0.50;581;1;1;7;0.15;0.47;0.00;0.00;-0.00;0.00;-0.00;-0.00;-1.45;-2.61;-86.34;0.35;0.43;0.022;1.08;2.24;-1000.00;-1000.00
117.555;2670;-1.47;-2.60;267.15;-1.40;-2.83;-65.10;0.79;0.50;581;1;1;7;0.15;0.47;0.00;0.00;-0.00;0.00;-0.00;-0.00;-1.45;-2.61;-86.34;0.35;0.43;0.025;1.08;2.24;-1000.00;-1000.00
117.655;2678;-1.47;-2.60;267.14;-1.40;-2.83;-65.10;0.79;0.50;581;1;1;7;0.15;0.47;0.00;0.00;-0.00;0.00;-0.00;-0.00;-1.45;-2.61;-86.34;0.35;0.43;0.023;1.08;2.24;-1000.00;-1000.00
117.765;2687;-1.47;-2.60;267.14;-1.40;-2.83;-65.10;0.79;0.50;581;1;1;7;0.15;0.47;0.00;0.00;-0.00;0.00;-0.00;-0.00;-1.45;-2.61;-86.34;0.35;0.43;0.026;1.08;2.24;-1000.00;-1000.00
117.845;2697;-1.47;-2.60;267.13;-1.40;-2.83;-65.10;0.79;0.50;581;1;1;7;0.15;0.47;0.00;0.00;-0.00;0.00;-0.00;-0.00;-1.45;-2.61;-86.34;0.35;0.43;0.016;1.08;2.24;-1000.00;-1000.00
117.965;2710;-1.47;-2.60;267.13;-1.40;-2.83;-65.10;0.79;0.50;581;1;1;7;0.15;0.47;0.00;0.00;-0.00;0.00;-0.00;-0.00;-1.45;-2.61;-86.34;0.35;0.43;0.033;1.08;2.24;-1000.00;-1000.00
118.045;2716;-1.47;-2.60;267.13;-1.40;-2.83;-65.10;0.79;0.50;581;1;1;7;0.15;0.47;0.00;0.00;-0.00;0.00;-0.00;-0.00;-1.45;-2.61;-86.34;0.35;0.43;0.014;1.08;2.24;-1000.00;-1000.00
118.155;2730;-1.47;-2.60;267.13;-1.40;-2.83;-65.10;0.79;0.50;581;1;1;7;0.15;0.47;0.00;0.00;-0.00;0.00;-0.00;-0.00;-1.45;-2.61;-86.34;0.35;0.43;0.028;1.08;2.24;-1000.00;-1000.00
118.255;2738;-1.47;-2.60;267.13;-1.40;-2.83;-65.10;0.79;0.50;581;1;1;7;0.15;0.47;0.00;0.00;-0.00;0.00;-0.00;-0.00;-1.45;-2.61;-86.34;0.35;0.43;0.024;1.08;2.24;-1000.00;-1000.00
118.355;2749;-1.47;-2.60;267.13;-1.40;-2.83;-65.10;0.79;0.50;581;1;1;7;0.59;0.48;0.00;0.00;-0.00;0.00;-0.00;-0.00;-1.45;-2.61;-86.34;0.35;0.43;0.017;1.08;2.24;-1000.00;-1000.00
118.455;2758;-1.47;-2.62;269.47;-1.40;-2.83;-65.10;0.79;0.50;581;1;1;7;0.55;0.48;0.39;0.03;0.00;0.02;-0.04;1.01;-1.45;-2.61;-86.34;0.35;0.43;0.022;1.08;2.24;-1000.00;-1000.00
118.555;2768;-1.47;-2.67;275.01;-1.40;-2.83;-65.10;0.79;0.50;581;1;1;7;0.57;0.48;0.49;0.00;-0.01;0.15;-0.07;0.81;-1.44;-2.67;-82.52;0.48;0.45;0.019;1.08;2.24;-1000.00;-1000.00
118.665;2777;-1.47;-2.71;279.41;-1.40;-2.83;-65.10;0.79;0.50;581;1;1;7;0.60;0.48;0.50;-0.10;-0.00;-0.08;0.07;0.92;-1.44;-2.71;-79.95;0.54;0.46;0.028;1.08;2.24;-1000.00;-1000.00
118.755;2787;-1.47;-2.76;284.49;-1.04;-3.07;-3.77;0.79;0.50;581;2;1;7;0.68;0.48;0.45;-0.10;-0.00;0.13;-0.02;0.83;-1.43;-2.75;-75.18;0.63;0.47;0.024;1.08;2.24;-1000.00;-1000.00
118.845;2796;-1.47;-2.80;289.63;-1.04;-3.07;-3.77;0.79;0.50;581;2;1;7;0.57;0.49;0.46;-0.13;-0.01;-0.06;0.04;1.13;-1.42;-2.79;-71.33;0.70;0.49;0.010;1.08;2.24;-1000.00;-1000.00
118.955;2806;-1.46;-2.85;295.15;-1.04;-3.07;-3.77;0.79;0.50;581;2;1;7;0.60;0.49;0.45;-0.10;-0.01;0.03;0.01;0.75;-1.40;-2.82;-66.91;0.76;0.50;0.016;1.08;2.24;-1000.00;-1000.00
119.045;2816;-1.45;-2.90;299.76;-1.04;-3.07;-3.77;0.79;0.50;581;2;1;7;0.66;0.50;0.46;-0.12;-0.01;-0.16;0.00;0.93;-1.39;-2.85;-62.00;0.79;0.50;0.015;1.08;2.24;-1000.00;-1000.00
119.155;2829;-1.43;-2.95;306.45;-1.04;-3.07;-3.77;0.79;0.50;581;2;1;7;0.65;0.50;0.45;-0.11;-0.01;0.05;0.03;0.94;-1.37;-2.88;-57.04;0.79;0.50;0.024;1.08;2.24;-1000.00;-1000.00
119.255;2840;-1.41;-3.00;312.69;-1.04;-3.07;-3.77;0.79;0.50;581;2;1;7;0.61;0.50;0.44;-0.11;-0.01;0.12;0.05;0.89;-1.35;-2.91;-52.09;0.79;0.50;0.022;1.08;2.24;-1000.00;-1000.00
119.345;2848;-1.39;-3.03;316.64;-1.04;-3.07;-3.77;0.79;0.50;581;2;1;7;0.65;0.50;0.45;-0.10;-0.01;-0.04;0.02;0.83;-1.32;-2.94;-47.13;0.79;0.50;0.012;1.08;2.24;-1000.00;-1000.00
119.445;2859;-1.36;-3.07;322.32;-1.04;-3.07;-3.77;0.79;0.50;581;2;1;7;0.70;0.50;0.44;-0.12;-0.01;-0.04;0.00;0.96;-1.28;-2.98;-39.70;0.79;0.50;0.011;1.08;2.24;-1000.00;-1000.00
119.555;2867;-1.34;-3.10;326.90;-1.04;-3.07;-3.77;0.79;0.50;581;2;1;7;0.72;0.50;0.43;-0.12;-0.01;-0.04;-0.01;1.05;-1.25;-3.00;-34.74;0.79;0.50;0.022;1.08;2.24;-1000.00;-1000.00
119.665;2877;-1.30;-3.13;332.90;-1.04;-3.07;-3.77;0.79;0.50;581;2;1;7;0.65;0.50;0.41;-0.12;-0.01;-0.03;-0.01;1.03;-1.24;-3.01;-32.27;0.79;0.50;0.022;1.08;2.24;-1000.00;-1000.00
119.745;2887;-1.27;-3.15;338.31;-1.04;-3.07;-3.77;0.79;0.50;581;2;1;7;0.64;0.50;0.41;-0.09;-0.00;-0.02;0.00;0.81;-1.21;-3.03;-27.31;0.79;0.50;0.012;1.08;2.24;-1000.00;-1000.00
119.845;2895;-1.24;-3.17;341.85;-1.04;-3.07;-3.77;0.79;0.50;581;2;1;7;0.65;0.49;0.42;-0.07;-0.00;-0.01;0.00;0.74;-1.19;-3.04;-24.83;0.79;0.50;0.011;1.08;2.24;-1000.00;-1000.00
119.945;2905;-1.20;-3.19;346.75;-1.04;-3.07;-3.77;0.79;0.50;581;2;1;7;0.67;0.49;0.43;-0.08;-0.00;0.02;0.01;0.93;-1.16;-3.05;-19.88;0.79;0.50;0.010;1.08;2.24;-1000.00;-1000.00
120.055;2919;-1.14;-3.22;355.04;-1.04;-3.07;-3.77;0.79;0.50;581;2;1;7;0.61;0.48;0.46;-0.13;0.00;0.02;0.02;1.19;-1.12;-3.06;-14.92;0.79;0.50;0.017;1.08;2.24;-1000.00;-1000.00
120.145;2928;-1.10;-3.23;360.92;-0.66;-2.89;54.20;0.73;0.50;581;3;1;7;0.60;0.46;0.44;-0.18;-0.05;0.16;-0.06;1.10;-1.09;-3.07;-9.97;0.79;0.50;0.014;1.08;2.24;-1000.00;-1000.00
120.245;2938;-1.06;-3.24;366.79;-0.66;-2.89;54.20;0.73;0.50;581;3;1;7;0.18;0.46;0.47;-0.13;-0.00;-0.07;-0.05;1.06;-1.05;-3.07;-5.01;0.79;0.50;0.009;1.08;2.24;-1000.00;-1000.00
120.345;2947;-1.02;-3.25;369.47;-0.66;-2.89;54.20;0.73;0.50;581;3;1;7;0.29;0.47;0.45;-0.06;-0.01;-0.01;-0.03;0.03;-1.02;-3.08;-0.07;0.78;0.50;0.006;1.08;2.24;-1000.00;-1000.00
120.435;2957;-0.97;-3.24;370.11;-0.66;-2.89;54.20;0.73;0.50;581;3;1;7;0.50;0.47;0.47;0.02;-0.01;-0.01;0.02;0.19;-0.98;-3.07;4.83;0.78;0.50;0.004;1.08;2.24;-1000.00;-1000.00
120.545;2965;-0.93;-3.23;372.18;-0.66;-2.89;54.20;0.73;0.50;581;3;1;7;0.58;0.48;0.47;-0.06;-0.01;-0.04;-0.13;0.72;-0.96;-3.07;7.26;0.78;0.50;0.006;1.08;2.24;-1000.00;-1000.00
120.645;2975;-0.89;-3.23;376.32;-0.66;-2.89;54.20;0.73;0.50;581;3;1;7;0.64;0.48;0.47;-0.10;-0.00;-0.02;-0.06;0.89;-0.93;-3.07;12.10;0.77;0.50;0.009;1.08;2.24;-1000.00;-1000.00
120.735;2985;-0.84;-3.22;381.57;-0.66;-2.89;54.20;0.73;0.50;581;3;1;7;0.65;0.48;0.45;-0.13;-0.01;-0.02;-0.04;1.01;-0.89;-3.06;16.88;0.77;0.50;0.004;1.08;2.24;-1000.00;-1000.00
120.855;3000;-0.77;-3.21;390.39;-0.66;-2.89;54.20;0.73;0.50;581;3;1;7;0.58;0.48;0.45;-0.15;-0.01;0.02;-0.16;1.10;-0.86;-3.04;21.63;0.76;0.50;0.022;1.08;2.24;-1000.00;-1000.00
120.945;3008;-0.74;-3.20;394.30;-0.66;-2.89;54.20;0.73;0.50;581;3;1;7;0.58;0.47;0.43;-0.08;-0.01;-0.03;0.16;0.71;-0.84;-3.04;23.98;0.76;0.50;0.010;1.08;2.24;-1000.00;-1000.00
121.035;3018;-0.70;-3.18;398.81;-0.66;-2.89;54.20;0.73;0.50;581;3;1;7;0.65;0.47;0.45;-0.08;-0.01;0.00;-0.05;0.82;-0.79;-3.01;30.99;0.75;0.50;0.008;1.08;2.24;-1000.00;-1000.00
121.145;3027;-0.66;-3.16;403.26;-0.66;-2.89;54.20;0.73;0.50;581;3;1;7;0.62;0.46;0.43;-0.11;-0.01;0.00;-0.05;0.97;-0.78;-3.00;33.30;0.75;0.50;0.008;1.08;2.24;-1000.00;-1000.00
121.245;3038;-0.62;-3.13;408.71;-0.66;-2.89;54.20;0.73;0.50;581;3;1;7;0.62;0.45;0.43;-0.10;-0.01;0.00;-0.05;0.86;-0.75;-2.98;37.90;0.75;0.50;0.006;1.08;2.24;-1000.00;-1000.00
121.345;3047;-0.59;-3.11;412.88;-0.66;-2.89;54.20;0.73;0.50;581;3;1;7;0.64;0.45;0.42;-0.09;-0.01;0.00;-0.04;0.80;-0.72;-2.96;42.45;0.74;0.50;0.008;1.08;2.24;-1000.00;-1000.00
121.435;3057;-0.56;-3.08;417.23;-0.66;-2.89;54.20;0.73;0.50;581;3;1;7;0.60;0.43;0.39;-0.09;-0.01;0.01;-0.03;0.78;-0.71;-2.95;44.71;0.74;0.50;0.011;1.08;2.24;-1000.00;-1000.00
121.545;3066;-0.54;-3.05;420.87;-0.66;-2.89;54.20;0.73;0.50;581;3;1;7;0.63;0.42;0.39;-0.07;-0.00;-0.00;-0.03;0.62;-0.68;-2.92;49.20;0.73;0.50;0.007;1.08;2.24;-1000.00;-1000.00
121.645;3077;-0.51;-3.02;424.99;-0.66;-2.89;54.20;0.73;0.50;581;3;1;7;0.60;0.41;0.37;-0.07;-0.00;-0.01;-0.02;0.65;-0.67;-2.90;51.43;0.73;0.50;0.010;1.08;2.24;-1000.00;-1000.00
121.745;3085;-0.50;-2.99;427.80;-0.66;-2.89;54.20;0.73;0.50;581;3;1;7;0.60;0.39;0.37;-0.05;-0.00;-0.02;-0.02;0.55;-0.66;-2.89;53.65;0.73;0.50;0.006;1.08;2.24;-1000.00;-1000.00
121.835;3094;-0.48;-2.97;430.46;-0.66;-2.89;54.20;0.73;0.50;581;3;1;7;0.62;0.38;0.38;-0.05;0.00;0.04;-0.07;0.54;-0.64;-2.86;57.96;0.70;0.50;0.005;1.08;2.24;-1000.00;-1000.00
121.945;3108;-0.46;-2.92;435.88;-0.66;-2.89;54.20;0.73;0.50;581;3;1;7;0.54;0.36;0.36;-0.07;-0.00;-0.07;0.09;0.66;-0.63;-2.85;60.01;0.68;0.50;0.007;1.08;2.24;-1000.00;-1000.00
122.045;3117;-0.44;-2.89;439.28;-0.66;-2.89;54.20;0.73;0.50;581;3;1;7;0.50;0.34;0.35;-0.10;-0.01;0.08;-0.06;0.63;-0.61;-2.81;63.90;0.65;0.50;0.006;1.08;2.24;-1000.00;-1000.00
122.135;3128;-0.43;-2.85;442.30;-0.66;-2.89;54.20;0.73;0.50;581;3;1;7;0.49;0.32;0.33;-0.04;-0.00;-0.14;0.12;0.36;-0.60;-2.78;67.52;0.61;0.50;0.007;1.08;2.24;-1000.00;-1000.00
122.245;3136;-0.42;-2.83;444.38;-0.66;-2.89;54.20;0.73;0.50;581;3;1;7;0.46;0.31;0.33;-0.04;-0.01;-0.01;0.00;0.39;-0.59;-2.76;69.23;0.59;0.50;0.006;1.08;2.24;-1000.00;-1000.00
122.335;3147;-0.42;-2.79;446.49;-0.66;-2.89;54.20;0.73;0.50;581;3;1;7;0.43;0.29;0.30;-0.03;-0.01;-0.12;0.09;0.24;-0.58;-2.75;70.88;0.58;0.50;0.005;1.08;2.24;-1000.00;-1000.00
122.435;3155;-0.41;-2.77;447.85;-0.66;-2.89;54.20;0.73;0.50;581;3;1;7;0.45;0.27;0.30;-0.04;-0.01;0.07;-0.07;0.26;-0.57;-2.71;73.98;0.54;0.50;0.005;1.08;2.24;-1000.00;-1000.00
122.545;3165;-0.41;-2.74;449.39;-0.66;-2.89;54.20;0.73;0.50;581;3;1;7;0.43;0.26;0.29;-0.01;-0.01;0.05;-0.04;0.25;-0.57;-2.70;75.44;0.52;0.50;0.008;1.08;2.24;-1000.00;-1000.00
122.635;3175;-0.41;-2.71;450.38;-0.66;-2.89;54.20;0.73;0.50;581;3;1;7;0.42;0.25;0.28;0.01;-0.01;0.05;-0.05;0.14;-0.56;-2.68;76.84;0.51;0.50;0.004;1.08;2.24;-1000.00;-1000.00
122.745;3188;-0.41;-2.68;450.86;-0.66;-2.89;54.20;0.73;0.50;581;3;1;7;0.45;0.24;0.26;0.00;-0.01;0.03;-0.03;0.06;-0.56;-2.64;79.47;0.47;0.50;0.007;1.08;2.24;-1000.00;-1000.00
122.845;3198;-0.41;-2.66;451.14;-0.66;-2.89;54.20;0.73;0.50;581;3;1;7;0.44;0.23;0.25;-0.00;-0.01;0.03;-0.02;0.06;-0.56;-2.64;79.47;0.47;0.50;0.007;1.08;2.24;-1000.00;-1000.00
122.945;3209;-0.41;-2.63;451.41;-0.66;-2.89;54.20;0.73;0.50;581;3;1;7;0.47;0.22;0.24;0.00;-0.01;0.03;-0.03;0.05;-0.55;-2.61;81.87;0.44;0.50;0.013;1.08;2.24;-1000.00;-1000.00
123.085;3221;-0.41;-2.60;451.70;-0.55;-2.45;90.00;-0.00;0.50;114;0;1;0;0.49;0.21;0.23;0.00;-0.01;0.03;-0.02;0.06;-0.55;-2.59;82.99;0.42;0.50;0.040;1.08;2.24;-1000.00;-1000.00
123.155;3226;-0.41;-2.59;451.82;-0.55;-2.45;90.00;-0.00;0.50;114;0;1;0;0.25;0.24;0.22;0.00;-0.01;0.03;-0.02;0.06;-0.55;-2.45;90.00;-0.00;0.50;0.023;1.08;2.24;-1000.00;-1000.00
123.265;3240;-0.41;-2.56;451.40;-0.55;-2.45;90.00;-0.00;0.50;114;0;1;0;0.26;0.27;0.25;0.01;-0.01;0.04;-0.03;-0.10;-0.55;-2.45;90.00;-0.00;0.50;0.032;1.08;2.24;-1000.00;-1000.00
123.385;3251;-0.42;-2.53;450.98;-0.55;-2.45;90.00;-0.00;0.50;114;0;1;0;0.28;0.29;0.27;0.00;-0.01;0.04;-0.02;-0.01;-0.55;-2.45;90.00;-0.00;0.50;0.050;1.08;2.24;-1000.00;-1000.00
123.465;3259;-0.42;-2.51;450.94;-0.55;-2.45;90.00;-0.00;0.50;114;0;1;0;0.28;0.31;0.29;0.00;-0.01;0.04;-0.02;0.03;-0.55;-2.45;90.00;-0.00;0.50;0.031;1.08;2.24;-1000.00;-1000.00
123.585;3270;-0.42;-2.47;451.16;-0.55;-2.45;90.00;-0.00;0.50;114;0;1;0;0.26;0.32;0.32;-0.00;-0.01;0.02;-0.02;0.05;-0.55;-2.45;90.00;-0.00;0.50;0.047;1.08;2.24;-1000.00;-1000.00
123.675;3278;-0.42;-2.45;451.36;-0.55;-2.45;90.00;-0.00;0.50;114;0;1;0;0.25;0.33;0.32;0.00;-0.01;0.03;-0.02;0.05;-0.55;-2.45;90.00;-0.00;0.50;0.041;1.08;2.24;-1000.00;-1000.00
123.765;3289;-0.42;-2.41;451.55;-0.55;-2.45;90.00;-0.00;0.50;114;0;1;0;0.24;0.33;0.34;0.00;-0.01;0.07;-0.04;0.05;-0.55;-2.43;90.00;-0.00;0.50;0.030;1.08;2.24;-1000.00;-1000.00
123.875;3298;-0.42;-2.38;451.67;-0.55;-2.45;90.00;-0.00;0.50;114;0;1;0;0.23;0.34;0.33;0.01;-0.01;-0.02;0.01;0.01;-0.55;-2.39;90.00;-0.00;0.50;0.039;1.08;2.24;-1000.00;-1000.00
123.965;3309;-0.42;-2.35;451.80;-0.55;-2.45;90.00;-0.00;0.50;114;0;1;0;0.22;0.35;0.35;0.00;-0.01;0.06;-0.04;0.04;-0.55;-2.35;90.00;-0.00;0.50;0.027;1.08;2.24;-1000.00;-1000.00
124.055;3318;-0.42;-2.31;451.88;-0.55;-2.45;90.00;-0.00;0.50;114;0;1;0;0.21;0.35;0.35;0.01;-0.01;-0.02;0.01;0.00;-0.55;-2.33;90.00;-0.00;0.50;0.028;1.08;2.24;-1000.00;-1000.00
124.165;3328;-0.43;-2.28;451.94;-0.55;-2.45;90.00;-0.00;0.50;114;0;1;0;0.21;0.36;0.36;0.00;-0.01;0.08;-0.05;0.03;-0.55;-2.28;90.00;-0.00;0.50;0.027;1.08;2.24;-1000.00;-1000.00
124.285;3343;-0.43;-2.22;452.04;-0.55;-2.21;90.00;-0.00;0.50;114;1;1;0;0.19;0.36;0.36;0.01;-0.01;-0.02;0.01;0.01;-0.55;-2.25;90.00;-0.00;0.50;0.051;1.08;2.24;-1000.00;-1000.00
124.345;3347;-0.43;-2.21;452.06;-0.55;-2.21;90.00;-0.00;0.50;114;1;1;0;0.19;0.37;0.36;0.01;-0.01;0.00;-0.01;-0.00;-0.55;-2.21;90.00;-0.00;0.50;0.017;1.08;2.24;-1000.00;-1000.00
124.465;3358;-0.43;-2.17;452.10;-0.55;-2.21;90.00;-0.00;0.50;114;1;1;0;0.18;0.38;0.37;0.01;-0.01;-0.05;0.03;-0.01;-0.55;-2.17;90.00;-0.00;0.50;0.028;1.08;2.24;-1000.00;-1000.00
124.555;3366;-0.43;-2.14;452.17;-0.55;-2.21;90.00;-0.00;0.50;114;1;1;0;0.18;0.38;0.37;0.01;-0.01;-0.03;0.01;-0.01;-0.55;-2.14;90.00;-0.00;0.50;0.015;1.08;2.24;-1000.00;-1000.00
124.655;3377;-0.43;-2.10;452.22;-0.55;-2.21;90.00;-0.00;0.50;114;1;1;0;0.17;0.39;0.39;0.00;-0.01;0.05;-0.03;0.04;-0.55;-2.10;90.00;-0.00;0.50;0.015;1.08;2.24;-1000.00;-1000.00
124.765;3388;-0.44;-2.05;452.27;-0.55;-1.97;90.00;-0.00;0.50;114;2;1;0;0.16;0.39;0.39;0.01;-0.01;-0.06;0.03;-0.01;-0.55;-2.07;90.00;-0.00;0.50;0.020;1.08;2.24;-1000.00;-1000.00
124.845;3399;-0.44;-2.01;452.32;-0.55;-1.97;90.00;-0.00;0.50;114;2;1;0;0.15;0.39;0.40;0.00;-0.01;0.00;-0.01;0.00;-0.55;-2.03;90.00;-0.00;0.50;0.013;1.08;2.24;-1000.00;-1000.00
124.955;3408;-0.44;-1.98;452.34;-0.55;-1.97;90.00;-0.00;0.50;114;2;1;0;0.15;0.40;0.40;0.00;-0.01;0.00;-0.01;-0.00;-0.55;-1.99;90.00;-0.00;0.50;0.019;1.08;2.24;-1000.00;-1000.00
125.045;3419;-0.44;-1.93;452.35;-0.55;-1.97;90.00;-0.00;0.50;114;2;1;0;0.14;0.40;0.40;0.00;-0.01;-0.04;0.02;-0.02;-0.55;-1.93;90.00;-0.00;0.50;0.011;1.08;2.24;-1000.00;-1000.00
125.155;3427;-0.45;-1.90;452.37;-0.55;-1.97;90.00;-0.00;0.50;114;2;1;0;0.14;0.41;0.41;0.00;-0.01;0.05;-0.03;0.01;-0.55;-1.90;90.00;-0.00;0.50;0.019;1.08;2.24;-1000.00;-1000.00
125.265;3438;-0.45;-1.85;452.40;-0.55;-1.74;90.00;-0.00;0.50;114;3;1;0;0.13;0.41;0.41;0.00;-0.01;-0.01;-0.00;0.00;-0.55;-1.85;90.00;-0.00;0.50;0.023;1.08;2.24;-1000.00;-1000.00
125.345;3446;-0.45;-1.82;452.41;-0.55;-1.74;90.00;-0.00;0.50;114;3;1;0;0.13;0.42;0.42;0.00;-0.01;0.05;-0.03;0.03;-0.55;-1.82;90.00;-0.00;0.50;0.014;1.08;2.24;-1000.00;-1000.00
125.435;3457;-0.45;-1.78;452.42;-0.55;-1.74;90.00;-0.00;0.50;114;3;1;0;0.12;0.42;0.42;0.00;-0.01;0.04;-0.02;0.01;-0.55;-1.78;90.00;-0.00;0.50;0.008;1.08;2.24;-1000.00;-1000.00
125.545;3465;-0.45;-1.74;452.41;-0.55;-1.74;90.00;-0.00;0.50;114;3;1;0;0.12;0.42;0.43;0.00;-0.01;0.03;-0.02;0.01;-0.55;-1.74;90.00;-0.00;0.50;0.009;1.08;2.24;-1000.00;-1000.00
125.645;3476;-0.46;-1.70;452.40;-0.55;-1.74;90.00;-0.00;0.50;114;3;1;0;0.11;0.43;0.43;0.00;-0.01;0.03;-0.02;0.01;-0.55;-1.69;90.00;-0.00;0.50;0.009;1.08;2.24;-1000.00;-1000.00
125.735;3484;-0.46;-1.66;452.41;-0.55;-1.74;90.00;-0.00;0.50;114;3;1;0;0.11;0.43;0.43;0.00;-0.01;0.03;-0.02;0.00;-0.55;-1.66;90.00;-0.00;0.50;0.005;1.08;2.24;-1000.00;-1000.00
125.845;3499;-0.46;-1.60;452.40;-0.55;-1.50;90.00;0.00;0.50;114;4;1;0;0.10;0.44;0.44;0.00;-0.01;0.02;-0.02;0.00;-0.55;-1.60;90.00;-0.00;0.50;0.008;1.08;2.24;-1000.00;-1000.00
125.935;3507;-0.46;-1.56;452.39;-0.55;-1.50;90.00;0.00;0.50;114;4;1;0;0.09;0.44;0.44;0.00;-0.01;0.02;-0.02;-0.00;-0.55;-1.56;90.00;0.00;0.50;0.001;1.08;2.24;-1000.00;-1000.00
126.035;3517;-0.47;-1.52;452.36;-0.55;-1.50;90.00;0.00;0.50;114;4;1;0;0.09;0.44;0.44;0.00;-0.01;0.02;-0.02;-0.00;-0.55;-1.51;90.00;0.00;0.50;0.001;1.08;2.24;-1000.00;-1000.00
126.195;3531;-0.47;-1.46;452.35;-0.55;-1.14;84.96;-0.49;0.50;990;1;1;6;0.08;0.44;0.45;0.00;-0.01;0.02;-0.01;-0.00;-0.55;-1.48;90.00;0.00;0.50;0.060;1.08;2.24;-1000.00;-1000.00
126.265;3540;-0.47;-1.41;452.33;-0.55;-1.14;84.96;-0.49;0.50;990;1;1;6;0.27;0.45;0.45;0.00;-0.01;0.02;-0.01;0.00;-0.55;-1.25;90.00;-0.05;0.05;0.029;1.08;2.24;-1000.00;-1000.00
126.355;3548;-0.47;-1.38;452.96;-0.55;-1.14;84.96;-0.49;0.50;990;1;1;6;0.20;0.45;0.45;-0.00;-0.01;-0.07;0.04;0.29;-0.55;-1.25;90.00;-0.05;0.05;0.022;1.08;2.24;-1000.00;-1000.00
126.455;3558;-0.47;-1.33;454.24;-0.49;-0.93;63.79;-0.75;0.50;990;2;1;6;0.04;0.45;0.46;0.01;-0.01;-0.01;0.00;0.11;-0.55;-1.25;90.00;-0.05;0.05;0.022;1.08;2.24;-1000.00;-1000.00
126.545;3569;-0.48;-1.28;453.90;-0.49;-0.93;63.79;-0.75;0.50;990;2;1;6;-0.06;0.44;0.45;0.02;-0.01;0.05;-0.03;-0.13;-0.55;-1.25;90.00;-0.05;0.05;0.013;1.08;2.24;-1000.00;-1000.00
126.645;3577;-0.48;-1.25;452.92;-0.49;-0.93;63.79;-0.75;0.50;990;2;1;6;-0.12;0.42;0.44;0.02;-0.01;0.03;-0.03;-0.24;-0.55;-1.25;90.00;-0.05;0.05;0.014;1.08;2.24;-1000.00;-1000.00
126.745;3588;-0.49;-1.20;451.19;-0.36;-0.77;37.77;-0.70;0.50;990;3;1;6;-0.38;0.41;0.43;0.01;-0.04;0.28;0.01;-0.26;-0.55;-1.20;88.64;-0.32;0.33;0.016;1.08;2.24;-1000.00;-1000.00
126.845;3596;-0.49;-1.17;449.18;-0.36;-0.77;37.77;-0.70;0.50;990;3;1;6;-0.56;0.42;0.42;0.01;-0.00;-0.09;-0.05;-0.54;-0.55;-1.16;86.25;-0.44;0.45;0.007;1.08;2.24;-1000.00;-1000.00
126.955;3607;-0.49;-1.12;445.05;-0.36;-0.77;37.77;-0.70;0.50;990;3;1;6;-0.60;0.42;0.44;0.04;-0.01;0.09;0.08;-0.83;-0.54;-1.12;83.17;-0.52;0.50;0.012;1.08;2.24;-1000.00;-1000.00
127.045;3615;-0.49;-1.09;441.51;-0.36;-0.77;37.77;-0.70;0.50;990;3;1;6;-0.62;0.42;0.41;0.02;-0.00;-0.24;-0.11;-0.69;-0.54;-1.07;79.58;-0.57;0.50;0.008;1.08;2.24;-1000.00;-1000.00
127.135;3624;-0.49;-1.05;437.13;-0.16;-0.67;16.78;-0.54;0.50;990;4;1;6;-0.62;0.42;0.42;0.12;-0.01;0.13;0.02;-0.93;-0.53;-1.04;76.59;-0.61;0.50;0.006;1.08;2.24;-1000.00;-1000.00
127.235;3635;-0.49;-1.00;431.89;-0.16;-0.67;16.78;-0.54;0.50;990;4;1;6;-0.70;0.43;0.42;0.14;-0.04;0.29;-0.04;-0.99;-0.52;-0.99;71.02;-0.68;0.50;0.001;1.08;2.24;-1000.00;-1000.00
127.335;3647;-0.48;-0.96;425.80;-0.16;-0.67;16.78;-0.54;0.50;990;4;1;6;-0.71;0.43;0.39;0.12;-0.01;0.02;0.01;-0.97;-0.50;-0.96;67.28;-0.72;0.50;0.003;1.08;2.23;-1000.00;-1000.00
127.435;3655;-0.48;-0.93;422.08;-0.16;-0.67;16.78;-0.54;0.50;990;4;1;6;-0.74;0.43;0.38;0.11;-0.01;-0.11;0.02;-0.89;-0.48;-0.92;61.86;-0.75;0.50;0.002;1.08;2.23;-1000.00;-1000.00
127.535;3667;-0.46;-0.88;414.65;-0.16;-0.67;16.78;-0.54;0.50;990;4;1;6;-0.67;0.43;0.37;0.12;-0.01;-0.05;0.04;-0.99;-0.46;-0.88;56.41;-0.73;0.50;0.001;1.08;2.23;-1000.00;-1000.00
127.635;3677;-0.45;-0.84;409.52;-0.16;-0.67;16.78;-0.54;0.50;990;4;1;6;-0.67;0.43;0.39;0.11;-0.01;0.06;-0.01;-0.86;-0.44;-0.85;51.08;-0.72;0.50;0.001;1.08;2.23;-1000.00;-1000.00
127.735;3688;-0.43;-0.80;404.44;-0.16;-0.67;16.78;-0.54;0.50;990;4;1;6;-0.67;0.44;0.40;0.09;-0.01;0.04;0.01;-0.82;-0.41;-0.81;45.87;-0.71;0.50;0.002;1.08;2.23;-1000.00;-1000.00
127.845;3696;-0.41;-0.77;400.82;0.05;-0.64;0.57;-0.47;0.50;990;5;1;6;-0.68;0.44;0.40;0.10;-0.01;0.04;-0.00;-0.82;-0.38;-0.79;42.04;-0.70;0.50;0.003;1.08;2.23;-1000.00;-1000.00
127.935;3707;-0.38;-0.74;395.81;0.05;-0.64;0.57;-0.47;0.50;990;5;1;6;-0.64;0.44;0.39;0.10;-0.01;0.04;-0.01;-0.83;-0.36;-0.77;38.26;-0.70;0.50;0.002;1.08;2.23;-1000.00;-1000.00
128.035;3715;-0.36;-0.72;392.38;0.05;-0.64;0.57;-0.47;0.50;990;5;1;6;-0.63;0.45;0.40;0.08;-0.01;0.03;0.00;-0.69;-0.33;-0.75;34.60;-0.67;0.50;0.004;1.08;2.23;-1000.00;-1000.00
128.135;3726;-0.32;-0.69;388.10;0.05;-0.64;0.57;-0.47;0.50;990;5;1;6;-0.62;0.46;0.40;0.07;-0.01;0.03;-0.00;-0.65;-0.30;-0.73;29.98;-0.64;0.50;0.001;1.08;2.23;-1000.00;-1000.00
128.235;3734;-0.30;-0.67;385.10;0.05;-0.64;0.57;-0.47;0.50;990;5;1;6;-0.60;0.46;0.41;0.06;-0.00;0.02;0.00;-0.62;-0.28;-0.72;27.78;-0.63;0.50;0.001;1.08;2.23;-1000.00;-1000.00
128.335;3748;-0.25;-0.64;380.27;0.05;-0.64;0.57;-0.47;0.50;990;5;1;6;-0.58;0.46;0.43;0.04;-0.00;0.02;-0.00;-0.59;-0.23;-0.69;22.61;-0.59;0.50;0.001;1.08;2.23;-1000.00;-1000.00
128.475;3758;-0.20;-0.62;377.05;0.19;-0.64;8.62;0.63;0.50;689;1;1;3;-0.59;0.47;0.47;0.02;-0.00;0.02;-0.00;-0.54;-0.19;-0.68;18.77;-0.56;0.50;0.034;1.08;2.23;-1000.00;-1000.00
128.555;3768;-0.16;-0.61;373.05;0.19;-0.64;8.62;0.63;0.50;689;1;1;3;-0.79;0.45;0.45;0.08;-0.00;-0.01;-0.02;-0.81;0.05;-0.65;-0.00;0.08;0.06;0.020;1.08;2.23;-1000.00;-1000.00
128.655;3776;-0.12;-0.59;368.41;0.19;-0.64;8.62;0.63;0.50;689;1;1;3;-0.78;0.44;0.44;0.11;0.00;-0.04;0.06;-1.30;0.05;-0.65;-0.00;0.08;0.06;0.018;1.08;2.23;-1000.00;-1000.00
128.765;3790;-0.07;-0.56;355.99;0.45;-0.55;25.88;0.22;0.50;689;2;1;3;-0.17;0.43;0.41;0.24;-0.01;0.02;-0.11;-1.62;0.05;-0.65;-0.00;0.08;0.06;0.027;1.08;2.23;-1000.00;-1000.00
128.855;3799;-0.03;-0.55;351.24;0.45;-0.55;25.88;0.22;0.50;689;2;1;3;0.22;0.42;0.43;0.12;-0.03;0.00;-0.24;-0.26;0.05;-0.65;-0.00;0.08;0.06;0.019;1.08;2.23;-1000.00;-1000.00
128.955;3809;0.01;-0.55;353.42;0.45;-0.55;25.88;0.22;0.50;689;2;1;3;0.17;0.40;0.41;-0.01;-0.01;-0.00;0.01;0.60;0.05;-0.65;-0.00;0.08;0.06;0.015;1.08;2.23;-1000.00;-1000.00
129.055;3817;0.04;-0.56;355.42;0.45;-0.55;25.88;0.22;0.50;689;2;1;3;0.12;0.38;0.39;-0.02;0.01;0.02;0.04;0.30;0.05;-0.65;-0.00;0.08;0.06;0.023;1.08;2.23;-1000.00;-1000.00
129.145;3828;0.09;-0.56;356.59;0.45;-0.55;25.88;0.22;0.50;689;2;1;3;0.38;0.37;0.39;0.00;-0.00;-0.00;-0.00;0.12;0.09;-0.65;1.06;0.33;0.26;0.012;1.08;2.23;-1000.00;-1000.00
129.255;3836;0.12;-0.56;358.06;0.45;-0.55;25.88;0.22;0.50;689;2;1;3;0.53;0.37;0.39;-0.02;-0.00;-0.04;-0.06;0.47;0.12;-0.65;3.11;0.46;0.36;0.017;1.08;2.23;-1000.00;-1000.00
129.345;3846;0.16;-0.57;361.00;0.45;-0.55;25.88;0.22;0.50;689;2;1;3;0.65;0.37;0.38;-0.01;-0.01;0.01;0.02;0.61;0.16;-0.65;5.93;0.56;0.44;0.010;1.08;2.23;-1000.00;-1000.00
129.455;3859;0.21;-0.57;366.35;0.45;-0.55;25.88;0.22;0.50;689;2;1;3;0.65;0.37;0.36;-0.02;-0.00;0.08;0.17;0.71;0.20;-0.64;9.97;0.61;0.50;0.019;1.08;2.23;-1000.00;-1000.00
129.555;3870;0.25;-0.57;371.50;0.69;-0.43;24.15;-0.31;0.50;689;3;1;3;0.55;0.38;0.35;-0.11;-0.01;0.00;-0.04;0.78;0.24;-0.63;13.92;0.54;0.50;0.018;1.08;2.23;-1000.00;-1000.00
129.645;3878;0.28;-0.57;374.25;0.69;-0.43;24.15;-0.31;0.50;689;3;1;3;0.46;0.38;0.36;-0.09;-0.01;0.00;-0.03;0.55;0.28;-0.62;16.52;0.49;0.50;0.010;1.08;2.23;-1000.00;-1000.00
129.735;3887;0.31;-0.57;376.39;0.69;-0.43;24.15;-0.31;0.50;689;3;1;3;0.46;0.38;0.36;-0.04;-0.01;0.03;0.09;0.31;0.32;-0.61;19.53;0.43;0.50;0.005;1.08;2.23;-1000.00;-1000.00
129.845;3897;0.35;-0.56;378.49;0.69;-0.43;24.15;-0.31;0.50;689;3;1;3;0.43;0.38;0.39;-0.04;-0.01;-0.05;-0.08;0.40;0.36;-0.59;22.04;0.36;0.50;0.011;1.08;2.23;-1000.00;-1000.00
129.945;3908;0.39;-0.55;380.74;0.69;-0.43;24.15;-0.31;0.50;689;3;1;3;0.37;0.39;0.39;-0.04;-0.06;0.17;-0.11;0.39;0.40;-0.57;24.09;0.29;0.50;0.005;1.08;2.23;-1000.00;-1000.00
130.045;3916;0.42;-0.54;381.96;0.69;-0.43;24.15;-0.31;0.50;689;3;1;3;0.32;0.39;0.38;-0.01;-0.01;0.01;0.07;0.17;0.42;-0.56;24.95;0.26;0.50;0.009;1.08;2.23;-1000.00;-1000.00
130.145;3926;0.45;-0.52;382.75;0.69;-0.43;24.15;-0.31;0.50;689;3;1;3;0.29;0.39;0.40;0.01;-0.01;-0.03;-0.08;0.11;0.46;-0.55;26.35;0.19;0.50;0.007;1.08;2.23;-1000.00;-1000.00
130.245;3934;0.48;-0.51;383.04;0.69;-0.43;24.15;-0.31;0.50;689;3;1;3;0.24;0.40;0.41;0.02;-0.01;-0.02;-0.05;0.05;0.49;-0.53;27.07;0.12;0.50;0.006;1.08;2.23;-1000.00;-1000.00
130.335;3945;0.52;-0.49;383.00;0.69;-0.43;24.15;-0.31;0.50;689;3;1;3;0.19;0.40;0.41;0.00;-0.01;-0.01;-0.07;-0.01;0.53;-0.51;27.58;0.04;0.50;0.004;1.08;2.23;-1000.00;-1000.00
130.445;3958;0.57;-0.47;382.49;0.69;-0.43;24.15;-0.31;0.50;689;3;1;3;0.12;0.40;0.41;0.01;-0.01;-0.01;-0.05;-0.05;0.56;-0.49;27.61;-0.03;0.50;0.015;1.08;2.23;-1000.00;-1000.00
130.545;3968;0.61;-0.45;381.80;0.69;-0.43;24.15;-0.31;0.50;689;3;1;3;0.06;0.40;0.40;0.01;-0.01;0.00;0.03;-0.14;0.60;-0.47;27.19;-0.11;0.50;0.009;1.08;2.23;-1000.00;-1000.00
130.665;3981;0.66;-0.43;380.76;0.96;-0.36;0.57;-0.79;0.50;689;4;1;3;-0.02;0.40;0.41;0.01;-0.01;-0.01;-0.05;-0.10;0.64;-0.45;26.23;-0.20;0.50;0.018;1.08;2.23;-1000.00;-1000.00
130.745;3987;0.68;-0.43;380.15;0.96;-0.36;0.57;-0.79;0.50;689;4;1;3;-0.13;0.40;0.41;0.01;-0.01;-0.01;-0.06;-0.20;0.68;-0.43;24.73;-0.28;0.50;0.007;1.08;2.23;-1000.00;-1000.00
130.865;4000;0.73;-0.41;378.07;0.95;-0.35;0.00;0.00;-0.50;396;0;1;2;-0.19;0.40;0.40;-0.00;-0.00;-0.00;-0.02;-0.33;0.71;-0.42;23.26;-0.34;0.50;0.031;1.08;2.23;-1000.00;-1000.00
131.005;4011;0.77;-0.39;376.32;0.65;-0.35;0.00;-0.00;0.50;210;0;1;0;0.79;0.36;0.40;0.01;0.00;-0.04;0.05;-0.22;0.74;-0.35;-0.00;0.00;-0.50;0.031;1.08;2.23;-1000.00;-1000.00
131.075;4019;0.80;-0.39;378.54;0.89;-0.35;-0.00;-0.00;0.50;210;1;1;0;0.79;0.36;0.35;-0.04;-0.00;-0.02;-0.05;1.18;0.78;-0.35;-0.00;-0.00;0.50;0.042;1.08;2.23;-1000.00;-1000.00
131.155;4030;0.82;-0.38;383.86;0.89;-0.35;-0.00;-0.00;0.50;210;1;1;0;0.79;0.36;0.06;-0.10;-0.04;0.10;-0.30;0.22;0.82;-0.35;-0.00;-0.00;0.50;0.027;1.08;2.23;-1000.00;-1000.00
131.265;4038;0.82;-0.39;383.39;0.89;-0.35;-0.00;-0.00;0.50;210;1;1;0;0.79;0.36;-0.00;0.01;-0.01;0.00;-0.06;-0.12;0.83;-0.35;-0.00;-0.00;0.50;0.035;1.08;2.23;-1000.00;-1000.00
131.355;4049;0.82;-0.39;382.82;0.89;-0.35;-0.00;-0.00;0.50;210;1;1;0;0.79;0.36;0.00;0.00;0.00;-0.01;0.02;-0.05;0.82;-0.35;-0.00;-0.00;0.50;0.021;1.08;2.23;-1000.00;-1000.00
131.445;4057;0.82;-0.39;382.64;0.89;-0.35;-0.00;-0.00;0.50;210;1;1;0;0.79;0.36;0.00;-0.00;-0.00;-0.00;0.00;-0.04;0.83;-0.35;-0.00;-0.00;0.50;0.013;1.08;2.23;-1000.00;-1000.00
131.565;4070;0.82;-0.39;382.43;0.89;-0.35;-0.00;-0.00;0.50;210;1;1;0;0.79;0.36;0.00;0.00;-0.00;-0.00;0.00;-0.02;0.83;-0.35;-0.00;-0.00;0.50;0.036;1.08;2.23;-1000.00;-1000.00
131.655;4076;0.82;-0.39;382.36;0.89;-0.35;-0.00;-0.00;0.50;210;1;1;0;0.79;0.36;0.00;0.00;-0.00;-0.00;0.00;-0.02;0.83;-0.35;-0.00;-0.00;0.50;0.015;1.08;2.23;-1000.00;-1000.00
131.755;4088;0.82;-0.39;382.26;0.89;-0.35;-0.00;-0.00;0.50;210;1;1;0;0.79;0.36;0.00;0.00;-0.00;-0.00;0.00;-0.01;0.83;-0.35;-0.00;-0.00;0.50;0.017;1.08;2.23;-1000.00;-1000.00
131.855;4099;0.82;-0.39;382.20;0.89;-0.35;-0.00;-0.00;0.50;210;1;1;0;0.79;0.36;0.00;0.00;-0.00;-0.00;0.00;-0.01;0.83;-0.35;-0.00;-0.00;0.50;0.020;1.08;2.23;-1000.00;-1000.00
131.955;4108;0.82;-0.39;382.16;0.89;-0.35;-0.00;-0.00;0.50;210;1;1;0;0.79;0.36;0.00;0.00;-0.00;-0.00;0.00;-0.01;0.83;-0.35;-0.00;-0.00;0.50;0.014;1.08;2.23;-1000.00;-1000.00
132.055;4117;0.83;-0.39;382.14;0.89;-0.35;-0.00;-0.00;0.50;210;1;1;0;0.79;0.36;0.00;0.00;-0.00;-0.00;0.00;-0.00;0.83;-0.35;-0.00;-0.00;0.50;0.021;1.08;2.23;-1000.00;-1000.00
132.155;4127;0.83;-0.39;382.12;0.89;-0.35;-0.00;-0.00;0.50;210;1;1;0;0.79;0.36;0.00;0.00;-0.00;-0.00;0.00;-0.00;0.83;-0.35;-0.00;-0.00;0.50;0.021;1.08;2.23;-1000.00;-1000.00
132.255;4137;0.83;-0.39;382.10;0.89;-0.35;-0.00;-0.00;0.50;210;1;1;0;0.79;0.36;0.00;0.00;-0.00;-0.00;0.00;-0.00;0.83;-0.35;-0.00;-0.00;0.50;0.024;1.08;2.23;-1000.00;-1000.00
132.345;4146;0.83;-0.39;382.09;0.89;-0.35;-0.00;-0.00;0.50;210;1;1;0;0.79;0.36;0.00;0.00;-0.00;-0.00;0.00;-0.00;0.83;-0.35;-0.00;-0.00;0.50;0.017;1.08;2.23;-1000.00;-1000.00
132.455;4156;0.83;-0.38;382.08;0.89;-0.35;-0.00;-0.00;0.50;210;1;1;0;0.79;0.36;0.00;0.00;-0.00;-0.00;0.00;-0.00;0.83;-0.35;-0.00;-0.00;0.50;0.017;1.08;2.23;-1000.00;-1000.00
132.565;4171;0.83;-0.38;382.08;0.89;-0.35;-0.00;-0.00;0.50;210;1;1;0;0.79;0.36;0.00;0.00;-0.00;-0.00;0.00;-0.00;0.83;-0.35;-0.00;-0.00;0.50;0.031;1.08;2.23;-1000.00;-1000.00
132.655;4179;0.83;-0.38;382.07;0.89;-0.35;-0.00;-0.00;0.50;210;1;1;0;0.79;0.36;0.00;0.00;-0.00;-0.00;0.00;-0.00;0.83;-0.35;-0.00;-0.00;0.50;0.023;1.08;2.23;-1000.00;-1000.00
132.775;4188;0.83;-0.38;382.07;0.89;-0.35;-0.00;-0.00;0.50;210;1;1;0;0.79;0.36;0.00;0.00;-0.00;-0.00;0.00;-0.00;0.83;-0.35;-0.00;-0.00;0.50;0.041;1.08;2.23;-1000.00;-1000.00
132.855;4198;0.83;-0.38;382.07;0.89;-0.35;-0.00;-0.00;0.50;210;1;1;0;0.79;0.36;0.00;0.00;-0.00;-0.00;0.00;-0.00;0.83;-0.35;-0.00;-0.00;0.50;0.016;1.08;2.23;-1000.00;-1000.00
132.945;4206;0.83;-0.38;382.07;0.89;-0.35;-0.00;-0.00;0.50;210;1;1;0;0.79;0.36;0.00;0.00;-0.00;-0.00;0.00;-0.00;0.83;-0.35;-0.00;-0.00;0.50;0.015;1.08;2.23;-1000.00;-1000.00
133.055;4217;0.83;-0.38;382.07;0.89;-0.35;-0.00;-0.00;0.50;210;1;1;0;-0.79;0.36;0.00;0.00;-0.00;-0.00;0.00;-0.00;0.83;-0.35;-0.00;-0.00;0.50;0.018;1.08;2.23;-1000.00;-1000.00
133.175;4230;0.85;-0.38;378.30;0.89;-0.35;-0.00;-0.00;0.50;210;1;1;0;-0.79;0.37;0.34;0.01;-0.01;0.01;0.01;-1.22;0.83;-0.35;-0.00;-0.00;0.50;0.039;1.08;2.23;-1000.00;-1000.00
133.255;4236;0.87;-0.37;374.28;0.89;-0.35;-0.00;-0.00;0.50;210;1;1;0;-0.65;0.37;0.37;0.02;-0.01;-0.12;0.11;-1.12;0.87;-0.35;-0.00;-0.00;0.50;0.018;1.08;2.23;-1000.00;-1000.00
133.365;4249;0.91;-0.35;366.99;1.13;-0.35;-0.00;-0.00;0.50;210;2;1;0;-0.34;0.38;0.35;0.11;-0.00;-0.02;-0.01;-0.80;0.89;-0.35;-0.00;-0.00;0.50;0.035;1.08;2.23;-1000.00;-1000.00
133.445;4255;0.93;-0.34;364.60;1.13;-0.35;-0.00;-0.00;0.50;210;2;1;0;-0.24;0.38;0.37;0.09;-0.00;0.02;-0.06;-0.46;0.93;-0.35;-0.00;-0.00;0.50;0.009;1.08;2.23;-1000.00;-1000.00
133.545;4264;0.97;-0.34;363.62;1.13;-0.35;-0.00;-0.00;0.50;210;2;1;0;-0.21;0.39;0.37;0.03;-0.01;-0.08;0.11;-0.02;0.96;-0.35;-0.00;-0.00;0.50;0.012;1.08;2.23;-1000.00;-1000.00
133.665;4279;1.02;-0.33;362.76;1.13;-0.35;-0.00;-0.00;0.50;210;2;1;0;-0.19;0.39;0.38;0.03;-0.01;0.01;-0.02;-0.11;1.01;-0.35;-0.00;-0.00;0.50;0.023;1.08;2.23;-1000.00;-1000.00
133.765;4288;1.06;-0.32;362.23;1.13;-0.35;-0.00;-0.00;0.50;210;2;1;0;-0.17;0.40;0.39;0.03;-0.01;0.05;-0.07;-0.12;1.03;-0.35;-0.00;-0.00;0.50;0.027;1.08;2.23;-1000.00;-1000.00
133.855;4299;1.10;-0.32;361.70;1.13;-0.35;-0.00;-0.00;0.50;210;2;1;0;-0.15;0.40;0.41;-0.00;-0.01;0.03;-0.05;-0.08;1.09;-0.35;-0.00;-0.00;0.50;0.022;1.08;2.23;-1000.00;-1000.00
133.945;4307;1.13;-0.32;361.55;1.36;-0.35;-0.00;-0.00;0.50;210;3;1;0;-0.14;0.40;0.40;-0.01;-0.01;0.02;-0.02;-0.02;1.13;-0.35;-0.00;-0.00;0.50;0.014;1.08;2.23;-1000.00;-1000.00
134.035;4315;1.17;-0.32;361.48;1.36;-0.35;-0.00;-0.00;0.50;210;3;1;0;-0.14;0.41;0.41;-0.00;-0.01;0.02;-0.02;-0.02;1.17;-0.35;-0.00;-0.00;0.50;0.006;1.08;2.23;-1000.00;-1000.00
134.145;4326;1.21;-0.32;361.37;1.36;-0.35;-0.00;-0.00;0.50;210;3;1;0;-0.14;0.41;0.41;-0.01;-0.01;-0.02;0.04;-0.00;1.21;-0.35;-0.00;-0.00;0.50;0.011;1.08;2.23;-1000.00;-1000.00
134.245;4339;1.26;-0.32;361.24;1.36;-0.35;-0.00;-0.00;0.50;210;3;1;0;-0.13;0.42;0.42;-0.00;-0.01;0.05;-0.07;-0.03;1.24;-0.35;-0.00;-0.00;0.50;0.010;1.08;2.23;-1000.00;-1000.00
134.345;4349;1.31;-0.32;361.17;1.36;-0.35;-0.00;-0.00;0.50;210;3;1;0;-0.13;0.42;0.43;-0.00;-0.01;0.05;-0.08;-0.03;1.29;-0.35;-0.00;-0.00;0.50;0.014;1.08;2.23;-1000.00;-1000.00
134.445;4358;1.34;-0.32;361.10;1.36;-0.35;-0.00;-0.00;0.50;210;3;1;0;-0.13;0.42;0.43;-0.00;-0.01;0.03;-0.05;-0.04;1.35;-0.35;-0.00;-0.00;0.50;0.008;1.08;2.23;-1000.00;-1000.00
134.535;4368;1.39;-0.32;361.01;1.60;-0.35;-0.00;0.00;0.50;210;4;1;0;-0.12;0.42;0.43;-0.00;-0.01;0.03;-0.05;-0.04;1.38;-0.35;-0.00;-0.00;0.50;0.004;1.08;2.23;-1000.00;-1000.00
134.645;4377;1.42;-0.32;360.96;1.60;-0.35;-0.00;0.00;0.50;210;4;1;0;-0.12;0.43;0.43;-0.00;-0.01;0.00;0.01;-0.01;1.42;-0.35;-0.00;-0.00;0.50;0.003;1.08;2.23;-1000.00;-1000.00
134.735;4388;1.47;-0.32;360.90;1.60;-0.35;-0.00;0.00;0.50;210;4;1;0;-0.12;0.43;0.43;-0.00;-0.01;0.01;-0.01;-0.01;1.47;-0.35;-0.00;-0.00;0.50;0.002;1.08;2.23;-1000.00;-1000.00
134.835;4396;1.51;-0.32;360.84;1.60;-0.35;-0.00;0.00;0.50;210;4;1;0;-0.12;0.43;0.43;-0.01;-0.01;-0.02;0.04;0.00;1.50;-0.35;-0.00;-0.00;0.50;0.002;1.08;2.23;-1000.00;-1000.00
134.945;4405;1.55;-0.32;360.77;1.60;-0.35;-0.00;0.00;0.50;210;4;1;0;-0.12;0.44;0.44;-0.00;-0.01;0.00;0.01;-0.01;1.54;-0.35;-0.00;0.00;0.50;0.002;1.08;2.23;-1000.00;-1000.00
135.075;4419;1.61;-0.32;360.68;1.85;-0.35;0.00;-0.00;0.37;1112;0;1;7;-0.11;0.44;0.45;-0.00;-0.01;0.04;-0.06;-0.02;1.59;-0.35;-0.00;0.00;0.50;0.042;1.08;2.23;-1000.00;-1000.00
135.165;4430;1.66;-0.32;360.63;1.85;-0.35;0.00;-0.00;0.37;1112;0;1;7;-0.16;0.46;0.44;-0.01;-0.01;-0.03;0.05;0.00;1.85;-0.35;0.00;-0.00;0.37;0.024;1.08;2.23;-1000.00;-1000.00
135.265;4438;1.69;-0.32;360.35;1.85;-0.35;0.00;-0.00;0.37;1112;0;1;7;-0.13;0.48;0.46;-0.00;-0.01;-0.02;0.03;-0.09;1.85;-0.35;0.00;-0.00;0.37;0.026;1.08;2.23;-1000.00;-1000.00
135.385;4453;1.76;-0.32;359.90;2.23;-0.30;24.90;0.79;0.50;1112;1;1;7;-0.08;0.49;0.48;-0.01;-0.01;-0.02;0.04;-0.02;1.85;-0.35;0.00;-0.00;0.37;0.054;1.08;2.23;-1000.00;-1000.00
135.455;4457;1.78;-0.32;359.91;2.23;-0.30;24.90;0.79;0.50;1112;1;1;7;-0.18;0.49;0.49;-0.01;-0.01;0.03;-0.05;0.03;1.85;-0.35;0.00;-0.00;0.37;0.016;1.08;2.23;-1000.00;-1000.00
135.565;4468;1.84;-0.32;359.58;2.23;-0.30;24.90;0.79;0.50;1112;1;1;7;-0.03;0.48;0.49;-0.00;-0.01;-0.03;0.06;-0.12;1.85;-0.35;0.00;-0.00;0.37;0.021;1.08;2.23;-1000.00;-1000.00
135.655;4476;1.88;-0.32;359.45;2.23;-0.30;24.90;0.79;0.50;1112;1;1;7;0.07;0.48;0.49;-0.01;-0.01;0.03;-0.05;0.12;1.88;-0.35;0.09;0.06;0.38;0.019;1.07;2.23;-1000.00;-1000.00
135.755;4487;1.93;-0.32;360.72;2.23;-0.30;24.90;0.79;0.50;1112;1;1;7;0.17;0.47;0.48;-0.02;-0.01;0.03;-0.03;0.27;1.93;-0.35;0.95;0.19;0.40;0.025;1.07;2.23;-1000.00;-1000.00
135.865;4500;1.99;-0.32;363.17;2.23;-0.30;24.90;0.79;0.50;1112;1;1;7;0.26;0.47;0.48;0.00;-0.00;-0.01;-0.00;0.31;1.96;-0.35;1.79;0.25;0.41;0.024;1.07;2.23;-1000.00;-1000.00
135.955;4506;2.02;-0.32;364.37;2.23;-0.30;24.90;0.79;0.50;1112;1;1;7;0.36;0.46;0.47;-0.01;-0.00;0.02;0.05;0.37;2.03;-0.35;4.46;0.38;0.43;0.019;1.07;2.23;-1000.00;-1000.00
136.055;4517;2.07;-0.31;366.90;2.23;-0.30;24.90;0.79;0.50;1112;1;1;7;0.44;0.46;0.46;-0.00;-0.01;0.05;0.09;0.45;2.06;-0.34;6.37;0.44;0.44;0.021;1.07;2.23;-1000.00;-1000.00
136.165;4529;2.13;-0.31;370.48;2.47;0.06;86.23;0.79;0.50;1112;2;1;7;0.57;0.46;0.45;-0.05;-0.01;-0.02;-0.05;0.58;2.11;-0.34;10.05;0.54;0.46;0.031;1.07;2.23;-1000.00;-1000.00
136.255;4538;2.17;-0.30;374.03;2.47;0.06;86.23;0.79;0.50;1112;2;1;7;0.73;0.46;0.44;-0.08;-0.01;0.01;-0.01;0.81;2.15;-0.33;14.82;0.63;0.47;0.019;1.07;2.23;-1000.00;-1000.00
136.355;4548;2.21;-0.30;379.94;2.47;0.06;86.23;0.79;0.50;1112;2;1;7;0.79;0.46;0.44;-0.16;-0.01;-0.00;-0.15;1.30;2.22;-0.30;23.09;0.76;0.50;0.015;1.07;2.23;-1000.00;-1000.00
136.445;4556;2.25;-0.30;385.93;2.47;0.06;86.23;0.79;0.50;1112;2;1;7;0.78;0.46;0.41;-0.20;-0.01;0.02;-0.15;1.47;2.24;-0.29;25.52;0.79;0.50;0.010;1.07;2.23;-1000.00;-1000.00
136.545;4566;2.29;-0.30;393.68;2.47;0.06;86.23;0.79;0.50;1112;2;1;7;0.66;0.46;0.38;-0.17;-0.01;-0.04;0.05;1.27;2.27;-0.28;30.48;0.79;0.50;0.011;1.07;2.23;-1000.00;-1000.00
136.645;4576;2.33;-0.28;400.33;2.47;0.06;86.23;0.79;0.50;1112;2;1;7;0.64;0.47;0.40;-0.11;-0.01;-0.03;0.11;0.90;2.31;-0.25;37.91;0.79;0.50;0.013;1.07;2.23;-1000.00;-1000.00
136.765;4589;2.38;-0.26;407.01;2.47;0.06;86.23;0.79;0.50;1112;2;1;7;0.57;0.46;0.42;-0.11;-0.01;0.01;-0.10;0.85;2.33;-0.24;40.39;0.79;0.50;0.025;1.07;2.23;-1000.00;-1000.00
136.845;4595;2.40;-0.24;409.90;2.47;0.06;86.23;0.79;0.50;1112;2;1;7;0.67;0.47;0.41;-0.07;-0.01;-0.08;0.17;0.66;2.37;-0.20;47.82;0.79;0.50;0.012;1.07;2.23;-1000.00;-1000.00
136.945;4608;2.44;-0.21;416.24;2.47;0.06;86.23;0.79;0.50;1112;2;1;7;0.62;0.46;0.42;-0.15;-0.01;0.07;-0.14;1.08;2.38;-0.18;50.30;0.79;0.50;0.016;1.07;2.23;-1000.00;-1000.00
137.045;4618;2.47;-0.18;421.62;2.47;0.06;86.23;0.79;0.50;1112;2;1;7;0.62;0.46;0.42;-0.09;-0.01;-0.02;0.03;0.89;2.40;-0.15;55.26;0.79;0.50;0.018;1.07;2.23;-1000.00;-1000.00
137.145;4627;2.50;-0.14;426.30;2.47;0.06;86.23;0.79;0.50;1112;2;1;7;0.69;0.46;0.42;-0.04;-0.00;-0.15;0.17;0.80;2.43;-0.11;62.69;0.79;0.50;0.015;1.07;2.23;-1000.00;-1000.00
137.245;4636;2.52;-0.11;431.29;2.47;0.06;86.23;0.79;0.50;1112;2;1;7;0.70;0.46;0.44;-0.10;-0.00;0.03;-0.08;1.01;2.44;-0.07;67.64;0.79;0.50;0.010;1.07;2.23;-1000.00;-1000.00
137.355;4647;2.54;-0.07;438.37;2.47;0.06;86.23;0.79;0.50;1112;2;1;7;0.65;0.45;0.43;-0.10;0.00;-0.06;0.08;1.12;2.46;-0.04;72.60;0.79;0.50;0.019;1.07;2.23;-1000.00;-1000.00
137.465;4659;2.57;-0.02;446.32;2.29;0.44;144.20;0.73;0.50;1112;3;1;7;0.59;0.45;0.44;-0.13;0.00;-0.04;0.01;1.08;2.47;-0.01;77.56;0.79;0.50;0.027;1.07;2.23;-1000.00;-1000.00
137.535;4665;2.58;0.01;450.04;2.29;0.44;144.20;0.73;0.50;1112;3;1;7;0.30;0.45;0.44;-0.17;-0.02;0.20;-0.06;1.10;2.47;0.01;80.03;0.79;0.50;0.005;1.07;2.23;-1000.00;-1000.00
137.635;4674;2.58;0.05;452.27;2.29;0.44;144.20;0.73;0.50;1112;3;1;7;0.42;0.45;0.40;0.02;-0.02;-0.12;0.06;0.07;2.47;0.05;84.99;0.79;0.50;0.005;1.07;2.23;-1000.00;-1000.00
137.755;4689;2.58;0.11;454.13;2.29;0.44;144.20;0.73;0.50;1112;3;1;7;0.64;0.45;0.43;0.03;-0.01;0.02;-0.02;0.23;2.48;0.08;89.93;0.78;0.50;0.014;1.07;2.23;-1000.00;-1000.00
137.845;4698;2.57;0.15;456.25;2.29;0.44;144.20;0.73;0.50;1112;3;1;7;0.79;0.46;0.45;0.09;-0.06;0.06;-0.24;0.32;2.47;0.14;97.26;0.78;0.50;0.007;1.07;2.23;-1000.00;-1000.00
137.955;4708;2.55;0.19;461.78;2.29;0.44;144.20;0.73;0.50;1112;3;1;7;0.79;0.47;0.47;0.06;-0.00;-0.09;0.06;1.37;2.47;0.17;102.10;0.77;0.50;0.015;1.07;2.23;-1000.00;-1000.00
138.035;4717;2.54;0.23;467.43;2.29;0.44;144.20;0.73;0.50;1112;3;1;7;0.79;0.47;0.46;-0.03;-0.05;-0.04;0.19;1.40;2.46;0.21;106.88;0.77;0.50;0.006;1.07;2.23;-1000.00;-1000.00
138.145;4727;2.52;0.28;474.19;2.29;0.44;144.20;0.73;0.50;1112;3;1;7;0.74;0.47;0.51;-0.06;-0.01;0.10;0.00;1.41;2.44;0.24;111.63;0.76;0.50;0.009;1.07;2.23;-1000.00;-1000.00
138.245;4736;2.51;0.32;480.81;2.29;0.44;144.20;0.73;0.50;1112;3;1;7;0.68;0.47;0.45;-0.17;-0.01;0.15;0.03;1.25;2.43;0.28;116.33;0.76;0.50;0.012;1.07;2.23;-1000.00;-1000.00
138.345;4746;2.49;0.36;486.86;2.29;0.44;144.20;0.73;0.50;1112;3;1;7;0.65;0.47;0.42;-0.14;-0.01;0.06;0.00;0.98;2.41;0.31;120.99;0.75;0.50;0.009;1.07;2.22;-1000.00;-1000.00
138.435;4757;2.47;0.41;492.52;2.29;0.44;144.20;0.73;0.50;1112;3;1;7;0.64;0.46;0.42;-0.11;-0.01;0.06;-0.00;0.85;2.39;0.34;125.60;0.75;0.50;0.005;1.07;2.22;-1000.00;-1000.00
138.535;4765;2.46;0.44;496.24;2.29;0.44;144.20;0.73;0.50;1112;3;1;7;0.67;0.46;0.43;-0.10;-0.01;0.10;0.02;0.81;2.37;0.37;130.18;0.74;0.50;0.006;1.07;2.22;-1000.00;-1000.00
138.645;4779;2.42;0.48;502.84;2.29;0.44;144.20;0.73;0.50;1112;3;1;7;0.65;0.45;0.40;-0.10;-0.01;0.04;0.01;0.86;2.35;0.39;134.71;0.74;0.50;0.011;1.07;2.22;-1000.00;-1000.00
138.745;4785;2.40;0.50;505.58;2.29;0.44;144.20;0.73;0.50;1112;3;1;7;0.65;0.44;0.40;-0.09;-0.01;0.04;0.01;0.79;2.33;0.41;136.96;0.74;0.50;0.009;1.07;2.22;-1000.00;-1000.00
138.845;4795;2.37;0.53;509.74;2.29;0.44;144.20;0.73;0.50;1112;3;1;7;0.67;0.43;0.43;-0.06;-0.01;0.06;0.03;0.69;2.30;0.43;141.43;0.73;0.50;0.006;1.07;2.22;-1000.00;-1000.00
138.935;4807;2.33;0.56;514.55;2.29;0.44;144.20;0.73;0.50;1112;3;1;7;0.69;0.42;0.44;-0.01;-0.00;0.03;0.00;0.72;2.26;0.46;147.96;0.70;0.50;0.005;1.07;2.22;-1000.00;-1000.00
139.035;4818;2.28;0.57;519.01;2.29;0.44;144.20;0.73;0.50;1112;3;1;7;0.65;0.41;0.45;0.01;-0.00;0.03;0.01;0.67;2.23;0.48;151.99;0.66;0.50;0.006;1.07;2.22;-1000.00;-1000.00
139.145;4826;2.25;0.59;522.04;2.29;0.44;144.20;0.73;0.50;1112;3;1;7;0.63;0.41;0.45;-0.05;-0.03;0.11;0.17;0.74;2.20;0.50;155.74;0.63;0.50;0.014;1.07;2.22;-1000.00;-1000.00
139.235;4837;2.21;0.61;526.89;2.29;0.44;144.20;0.73;0.50;1112;3;1;7;0.56;0.40;0.39;-0.07;0.00;-0.11;-0.08;0.74;2.16;0.51;159.23;0.59;0.50;0.005;1.07;2.22;-1000.00;-1000.00
139.345;4845;2.18;0.62;530.42;2.29;0.44;144.20;0.73;0.50;1112;3;1;7;0.49;0.39;0.41;-0.13;-0.03;0.07;0.22;0.84;2.15;0.52;160.88;0.58;0.50;0.005;1.07;2.22;-1000.00;-1000.00
139.445;4856;2.14;0.63;534.29;2.29;0.44;144.20;0.73;0.50;1112;3;1;7;0.44;0.38;0.38;-0.05;-0.00;-0.09;-0.11;0.45;2.11;0.53;163.98;0.54;0.50;0.005;1.07;2.22;-1000.00;-1000.00
139.535;4864;2.11;0.64;536.73;2.29;0.44;144.20;0.73;0.50;1112;3;1;7;0.42;0.36;0.39;-0.10;-0.04;0.05;0.25;0.57;2.08;0.54;166.84;0.51;0.50;0.005;1.07;2.22;-1000.00;-1000.00
139.685;4883;2.04;0.65;540.82;1.85;0.55;180.00;-0.00;0.50;29;0;1;0;0.35;0.35;0.34;-0.04;-0.01;-0.05;-0.08;0.24;2.06;0.54;168.18;0.49;0.50;0.039;1.07;2.22;-1000.00;-1000.00
139.775;4888;2.02;0.66;541.63;1.85;0.55;180.00;-0.00;0.50;29;0;1;0;0.18;0.37;0.34;-0.05;-0.01;0.04;0.06;0.29;1.85;0.55;180.00;-0.00;0.50;0.036;1.07;2.22;-1000.00;-1000.00
139.865;4899;1.98;0.66;542.38;1.85;0.55;180.00;-0.00;0.50;29;0;1;0;0.14;0.40;0.38;0.01;-0.01;0.03;0.04;-0.01;1.85;0.55;180.00;-0.00;0.50;0.027;1.07;2.22;-1000.00;-1000.00
139.955;4907;1.95;0.65;542.08;1.85;0.55;180.00;-0.00;0.50;29;0;1;0;0.15;0.41;0.39;0.02;-0.01;-0.04;-0.07;-0.10;1.85;0.55;180.00;-0.00;0.50;0.024;1.07;2.22;-1000.00;-1000.00
140.055;4918;1.90;0.65;541.82;1.85;0.55;180.00;-0.00;0.50;29;0;1;0;0.15;0.42;0.42;0.00;-0.01;0.04;0.05;0.00;1.85;0.55;180.00;-0.00;0.50;0.021;1.07;2.22;-1000.00;-1000.00
140.175;4931;1.85;0.65;541.84;1.85;0.55;180.00;-0.00;0.50;29;0;1;0;0.15;0.43;0.42;0.00;-0.01;-0.01;-0.02;-0.00;1.85;0.55;180.00;-0.00;0.50;0.029;1.07;2.22;-1000.00;-1000.00
140.265;4937;1.82;0.65;541.88;1.85;0.55;180.00;-0.00;0.50;29;0;1;0;0.14;0.43;0.43;0.01;-0.01;0.01;0.00;0.01;1.83;0.55;180.00;-0.00;0.50;0.028;1.07;2.22;-1000.00;-1000.00
140.355;4946;1.78;0.65;541.93;1.61;0.55;180.00;-0.00;0.50;29;1;1;0;0.14;0.43;0.43;0.00;-0.01;0.01;0.00;0.00;1.79;0.55;180.00;-0.00;0.50;0.024;1.07;2.22;-1000.00;-1000.00
140.455;4960;1.72;0.64;541.98;1.61;0.55;180.00;-0.00;0.50;29;1;1;0;0.13;0.44;0.44;0.00;-0.01;0.01;0.01;0.00;1.74;0.55;180.00;-0.00;0.50;0.019;1.07;2.22;-1000.00;-1000.00
140.565;4969;1.68;0.64;542.00;1.61;0.55;180.00;-0.00;0.50;29;1;1;0;0.12;0.44;0.44;0.00;-0.01;0.01;0.00;-0.00;1.71;0.55;180.00;-0.00;0.50;0.026;1.07;2.22;-1000.00;-1000.00
140.655;4978;1.65;0.64;542.00;1.61;0.55;180.00;-0.00;0.50;29;1;1;0;0.12;0.44;0.45;0.00;-0.01;0.03;0.05;0.02;1.66;0.55;180.00;-0.00;0.50;0.024;1.07;2.22;-1000.00;-1000.00
140.755;4989;1.60;0.64;542.00;1.61;0.55;180.00;-0.00;0.50;29;1;1;0;0.11;0.44;0.45;0.00;-0.01;0.03;0.05;0.01;1.61;0.55;180.00;-0.00;0.50;0.025;1.07;2.22;-1000.00;-1000.00
140.855;4998;1.56;0.64;541.97;1.37;0.55;180.00;-0.00;0.50;29;2;1;0;0.11;0.44;0.45;0.00;-0.01;0.02;0.04;0.00;1.57;0.55;180.00;-0.00;0.50;0.020;1.07;2.22;-1000.00;-1000.00
140.945;5008;1.51;0.63;541.96;1.37;0.55;180.00;-0.00;0.50;29;2;1;0;0.11;0.44;0.45;0.00;-0.01;0.02;0.03;0.00;1.53;0.55;180.00;-0.00;0.50;0.018;1.07;2.22;-1000.00;-1000.00
141.045;5017;1.47;0.63;541.94;1.37;0.55;180.00;-0.00;0.50;29;2;1;0;0.10;0.44;0.45;0.00;-0.01;0.02;0.03;0.00;1.48;0.55;180.00;-0.00;0.50;0.015;1.07;2.22;-1000.00;-1000.00
141.155;5027;1.43;0.63;541.94;1.37;0.55;180.00;-0.00;0.50;29;2;1;0;0.10;0.45;0.45;0.00;-0.01;0.02;0.03;0.00;1.43;0.55;180.00;-0.00;0.50;0.156;1.07;2.22;-1000.00;-1000.00
