t;frame;x;y;z;x_ref;y_ref;z_ref;delta_ref;u_ref;state;ellipse;control;action;delta;u;vx;vy;vz;wx;wy;wz;xr;yr;zr;delr;ur;obs1x;obs1y;obs2x;obs2y
733.435;16;1.10;-0.30;0.05;0.85;-0.35;-0.00;0.00;-0.50;389;1;1;2;-0.12;-0.04;0.00;0.00;-0.00;0.00;0.00;0.00;0.95;-0.35;0.00;0.00;-0.50;0.102;1.42;2.30;-1000.00;-1000.00
733.485;21;1.10;-0.30;0.05;0.85;-0.35;-0.00;0.00;-0.50;389;1;1;2;-0.12;-0.08;0.00;0.00;-0.00;0.00;0.00;0.00;0.95;-0.35;0.00;0.00;-0.50;0.045;1.42;2.30;-1000.00;-1000.00
733.565;27;1.10;-0.30;0.05;0.85;-0.35;-0.00;0.00;-0.50;389;1;1;2;-0.12;-0.12;0.00;0.00;-0.00;0.00;0.00;0.00;0.95;-0.35;0.00;0.00;-0.50;0.017;1.42;2.30;-1000.00;-1000.00
733.675;41;1.09;-0.30;0.29;0.85;-0.35;-0.00;0.00;-0.50;389;1;1;2;-0.11;-0.15;-0.12;0.00;-0.00;0.03;0.03;0.03;0.95;-0.35;0.00;0.00;-0.50;0.032;1.42;2.30;-1000.00;-1000.00
733.785;49;1.08;-0.30;0.41;0.85;-0.35;-0.00;0.00;-0.50;389;1;1;2;-0.10;-0.18;-0.15;-0.00;-0.00;0.02;0.05;0.03;0.95;-0.35;0.00;0.00;-0.50;0.038;1.42;2.30;-1000.00;-1000.00
733.905;63;1.06;-0.30;0.68;0.85;-0.35;-0.00;0.00;-0.50;389;1;1;2;-0.09;-0.21;-0.18;0.00;0.00;0.00;-0.00;0.04;0.95;-0.35;0.00;0.00;-0.50;0.059;1.42;2.30;-1000.00;-1000.00
733.975;68;1.05;-0.30;0.79;0.85;-0.35;-0.00;0.00;-0.50;389;1;1;2;-0.08;-0.24;-0.20;-0.00;0.00;0.00;0.01;0.03;0.95;-0.35;0.00;0.00;-0.50;0.025;1.42;2.30;-1000.00;-1000.00
734.105;83;1.01;-0.30;1.05;0.85;-0.35;-0.00;0.00;-0.50;389;1;1;2;-0.07;-0.26;-0.24;0.00;0.00;0.00;-0.00;0.03;0.95;-0.35;0.00;0.00;-0.50;0.062;1.42;2.30;-1000.00;-1000.00
734.195;91;0.99;-0.30;1.13;0.76;-0.35;-0.00;0.00;-0.50;389;2;1;2;-0.06;-0.27;-0.26;-0.00;0.00;0.00;-0.00;0.01;0.95;-0.35;0.00;0.00;-0.50;0.046;1.42;2.30;-1000.00;-1000.00
734.265;99;0.97;-0.30;1.18;0.76;-0.35;-0.00;0.00;-0.50;389;2;1;2;-0.06;-0.29;-0.27;-0.00;0.00;0.00;-0.00;0.01;0.95;-0.35;0.00;0.00;-0.50;0.028;1.42;2.30;-1000.00;-1000.00
734.355;105;0.96;-0.30;1.21;0.76;-0.35;-0.00;0.00;-0.50;389;2;1;2;-0.06;-0.30;-0.28;-0.00;-0.00;0.00;-0.00;0.01;0.95;-0.35;0.00;0.00;-0.50;0.018;1.42;2.30;-1000.00;-1000.00
734.525;125;0.90;-0.30;1.29;0.65;-0.35;0.00;0.00;-0.50;206;0;1;2;-0.05;-0.31;-0.30;-0.00;-0.00;0.00;0.00;0.00;0.92;-0.35;-0.00;0.00;-0.50;0.041;1.42;2.30;-1000.00;-1000.00
734.585;129;0.88;-0.30;1.29;0.65;-0.35;0.00;0.00;-0.50;206;0;1;2;-0.05;-0.31;-0.30;-0.00;-0.00;0.00;-0.00;0.00;0.65;-0.35;0.00;0.00;-0.50;0.044;1.42;2.30;-1000.00;-1000.00
734.675;138;0.87;-0.30;1.01;0.65;-0.35;0.00;0.00;-0.50;206;0;1;2;-0.05;-0.31;-0.03;0.00;-0.00;-0.00;-0.02;-0.07;0.65;-0.35;0.00;0.00;-0.50;0.028;1.42;2.30;-1000.00;-1000.00
734.805;152;0.87;-0.30;0.73;0.65;-0.35;0.00;0.00;-0.50;206;0;1;2;-0.05;-0.31;0.00;0.00;-0.00;-0.00;-0.00;-0.02;0.65;-0.35;0.00;0.00;-0.50;0.061;1.42;2.30;-1000.00;-1000.00
734.885;162;0.87;-0.30;0.63;0.65;-0.35;0.00;0.00;-0.50;206;0;1;2;-0.05;-0.31;0.00;0.00;-0.00;-0.00;-0.00;-0.02;0.65;-0.35;0.00;0.00;-0.50;0.034;1.42;2.30;-1000.00;-1000.00
734.975;167;0.87;-0.30;0.58;0.65;-0.35;0.00;0.00;-0.50;206;0;1;2;-0.05;-0.31;0.00;0.00;-0.00;-0.00;-0.00;-0.01;0.65;-0.35;0.00;0.00;-0.50;0.036;1.42;2.30;-1000.00;-1000.00
735.105;182;0.87;-0.30;0.51;0.65;-0.35;0.00;0.00;-0.50;206;0;1;2;-0.05;-0.31;0.00;0.00;0.00;-0.00;0.01;-0.01;0.65;-0.35;0.00;0.00;-0.50;0.055;1.42;2.30;-1000.00;-1000.00
735.195;191;0.87;-0.30;0.48;0.65;-0.35;0.00;0.00;-0.50;206;0;1;2;-0.05;-0.31;0.00;0.00;0.00;-0.00;0.01;-0.01;0.65;-0.35;0.00;0.00;-0.50;0.058;1.42;2.30;-1000.00;-1000.00
735.275;197;0.87;-0.30;0.48;0.65;-0.35;0.00;0.00;-0.50;206;0;1;2;-0.05;-0.31;-0.00;-0.00;0.00;0.00;0.02;-0.00;0.65;-0.35;0.00;0.00;-0.50;0.030;1.42;2.30;-1000.00;-1000.00
735.385;210;0.87;-0.30;0.47;0.65;-0.35;0.00;0.00;-0.50;206;0;1;2;-0.05;-0.31;0.00;0.00;0.00;-0.00;0.01;-0.00;0.65;-0.35;0.00;0.00;-0.50;0.041;1.42;2.30;-1000.00;-1000.00
735.475;220;0.87;-0.30;0.47;0.65;-0.35;0.00;0.00;-0.50;206;0;1;2;-0.05;-0.31;-0.00;0.00;-0.00;-0.01;-0.01;-0.01;0.65;-0.35;0.00;0.00;-0.50;0.034;1.42;2.30;-1000.00;-1000.00
735.585;229;0.87;-0.30;0.47;0.65;-0.35;0.00;0.00;-0.50;206;0;1;2;-0.05;-0.31;0.00;0.00;-0.00;-0.01;-0.02;-0.01;0.65;-0.35;0.00;0.00;-0.50;0.044;1.42;2.30;-1000.00;-1000.00
735.685;238;0.87;-0.30;0.49;0.65;-0.35;0.00;0.00;-0.50;206;0;1;2;-0.05;-0.31;-0.00;-0.00;0.00;0.00;0.02;0.00;0.65;-0.35;0.00;0.00;-0.50;0.039;1.42;2.30;-1000.00;-1000.00
735.785;249;0.87;-0.30;0.51;0.65;-0.35;0.00;0.00;-0.50;206;0;1;2;-0.05;-0.31;-0.00;-0.00;-0.00;-0.01;-0.00;0.01;0.65;-0.35;0.00;0.00;-0.50;0.038;1.42;2.30;-1000.00;-1000.00
735.875;257;0.87;-0.30;0.51;0.65;-0.35;0.00;0.00;-0.50;206;0;1;2;-0.05;-0.31;0.00;0.00;-0.00;-0.01;-0.02;-0.01;0.65;-0.35;0.00;0.00;-0.50;0.031;1.42;2.30;-1000.00;-1000.00
736.015;272;0.87;-0.30;0.54;0.65;-0.35;0.00;0.00;-0.50;206;0;1;2;-0.05;-0.31;-0.00;-0.00;0.00;0.01;0.01;0.01;0.65;-0.35;0.00;0.00;-0.50;0.072;1.42;2.30;-1000.00;-1000.00
736.075;276;0.87;-0.30;0.55;0.65;-0.35;0.00;0.00;-0.50;206;0;1;2;-0.05;-0.31;-0.00;-0.00;0.00;0.01;0.01;0.01;0.65;-0.35;0.00;0.00;-0.50;0.030;1.42;2.30;-1000.00;-1000.00
736.185;291;0.87;-0.30;0.57;0.65;-0.35;0.00;0.00;-0.50;206;0;1;2;-0.05;-0.31;-0.00;0.00;-0.00;-0.01;-0.01;-0.00;0.65;-0.35;0.00;0.00;-0.50;0.044;1.42;2.30;-1000.00;-1000.00
736.335;303;0.87;-0.30;0.59;0.65;-0.35;0.00;0.00;-0.50;206;0;1;2;-0.05;-0.31;-0.00;-0.00;-0.00;-0.01;-0.00;0.01;0.65;-0.35;0.00;0.00;-0.50;0.091;1.42;2.30;-1000.00;-1000.00
736.385;308;0.87;-0.30;0.60;0.65;-0.35;0.00;0.00;-0.50;206;0;1;2;-0.05;-0.31;-0.00;-0.00;0.00;0.00;0.02;0.00;0.65;-0.35;0.00;0.00;-0.50;0.034;1.42;2.30;-1000.00;-1000.00
736.485;317;0.87;-0.30;0.61;0.65;-0.35;0.00;0.00;-0.50;206;0;1;2;-0.05;-0.31;-0.00;-0.00;-0.00;-0.01;-0.00;0.01;0.65;-0.35;0.00;0.00;-0.50;0.037;1.42;2.30;-1000.00;-1000.00
736.575;327;0.87;-0.30;0.62;0.65;-0.35;0.00;0.00;-0.50;206;0;1;2;-0.08;-0.34;0.00;0.00;-0.00;-0.01;-0.02;-0.01;0.65;-0.35;0.00;0.00;-0.50;0.029;1.42;2.30;-1000.00;-1000.00
736.675;337;0.86;-0.31;0.62;0.65;-0.35;0.00;0.00;-0.50;206;0;1;2;-0.08;-0.37;-0.23;-0.00;-0.02;0.01;-0.18;0.04;0.65;-0.35;0.00;0.00;-0.50;0.026;1.42;2.30;-1000.00;-1000.00
736.815;352;0.80;-0.31;1.50;0.55;-0.35;-0.00;0.00;-0.50;206;1;1;2;-0.03;-0.40;-0.37;-0.00;0.00;-0.01;-0.02;0.08;0.65;-0.35;0.00;0.00;-0.50;0.069;1.42;2.30;-1000.00;-1000.00
736.875;360;0.77;-0.31;1.69;0.55;-0.35;-0.00;0.00;-0.50;206;1;1;2;-0.02;-0.41;-0.39;-0.00;0.00;0.00;-0.00;0.01;0.65;-0.35;0.00;0.00;-0.50;0.033;1.42;2.30;-1000.00;-1000.00
736.985;371;0.73;-0.31;1.67;0.55;-0.35;-0.00;0.00;-0.50;206;1;1;2;-0.02;-0.43;-0.41;0.00;0.00;-0.00;-0.00;-0.00;0.65;-0.35;0.00;0.00;-0.50;0.033;1.42;2.30;-1000.00;-1000.00
737.065;379;0.70;-0.31;1.66;0.46;-0.35;-0.00;0.00;-0.50;206;2;1;2;-0.02;-0.44;-0.43;0.00;-0.00;0.00;-0.00;-0.00;0.65;-0.35;0.00;0.00;-0.50;0.031;1.42;2.30;-1000.00;-1000.00
737.155;387;0.66;-0.31;1.64;0.46;-0.35;-0.00;0.00;-0.50;206;2;1;2;-0.02;-0.44;-0.44;-0.00;-0.00;0.00;-0.00;-0.00;0.65;-0.35;0.00;0.00;-0.50;0.021;1.42;2.30;-1000.00;-1000.00
737.325;405;0.58;-0.31;1.59;0.35;-0.35;0.00;-0.00;0.37;984;0;1;7;-0.01;-0.44;-0.44;-0.00;-0.00;-0.00;-0.00;-0.01;0.63;-0.35;-0.00;0.00;-0.50;0.064;1.42;2.30;-1000.00;-1000.00
737.415;412;0.55;-0.31;1.56;0.73;-0.30;24.90;0.79;0.50;984;1;1;7;0.74;-0.40;-0.44;-0.00;-0.00;-0.00;-0.00;-0.01;0.59;-0.34;8.71;0.51;0.45;0.061;1.42;2.30;-1000.00;-1000.00
737.475;417;0.53;-0.31;1.45;0.73;-0.30;24.90;0.79;0.50;984;1;1;7;0.49;-0.36;-0.42;0.00;0.00;0.00;-0.02;-0.17;0.53;-0.35;4.46;0.38;0.43;0.036;1.42;2.30;-1000.00;-1000.00
737.585;427;0.49;-0.31;-3.61;0.73;-0.30;24.90;0.79;0.50;984;1;1;7;0.54;-0.31;-0.36;-0.00;-0.01;-0.01;0.04;-0.67;0.49;-0.35;2.95;0.32;0.42;0.034;1.42;2.30;-1000.00;-1000.00
737.685;438;0.45;-0.31;-6.43;0.73;-0.30;24.90;0.79;0.50;984;1;1;7;0.51;-0.27;-0.32;0.01;-0.01;-0.04;0.07;-0.35;0.45;-0.35;1.33;0.22;0.40;0.032;1.42;2.30;-1000.00;-1000.00
737.765;446;0.43;-0.30;-7.99;0.73;-0.30;24.90;0.79;0.50;984;1;1;7;0.50;-0.23;-0.29;0.06;-0.01;0.04;-0.13;-0.32;0.43;-0.35;0.95;0.19;0.40;0.025;1.42;2.30;-1000.00;-1000.00
737.895;461;0.39;-0.29;-9.31;0.73;-0.30;24.90;0.79;0.50;984;1;1;7;0.45;-0.19;-0.21;-0.00;-0.01;0.02;-0.03;-0.13;0.41;-0.35;0.40;0.13;0.39;0.049;1.42;2.30;-1000.00;-1000.00
737.995;470;0.37;-0.29;-9.41;0.73;-0.30;24.90;0.79;0.50;984;1;1;7;0.40;-0.16;-0.19;-0.01;-0.01;0.02;-0.03;0.03;0.38;-0.35;0.09;0.06;0.38;0.049;1.42;2.30;-1000.00;-1000.00
738.085;479;0.36;-0.29;-8.97;0.73;-0.30;24.90;0.79;0.50;984;1;1;7;0.34;-0.12;-0.16;0.01;-0.01;-0.02;0.04;0.16;0.36;-0.35;0.02;0.03;0.37;0.036;1.42;2.30;-1000.00;-1000.00
738.195;490;0.34;-0.29;-8.15;0.73;-0.30;24.90;0.79;0.50;984;1;1;7;0.27;-0.09;-0.11;0.00;-0.01;0.03;-0.07;0.09;0.35;-0.35;0.00;-0.00;0.37;0.045;1.43;2.30;-1000.00;-1000.00
738.285;501;0.33;-0.28;-7.21;0.73;-0.30;24.90;0.79;0.50;984;1;1;7;0.21;-0.06;-0.08;0.01;-0.01;0.04;-0.08;0.14;0.35;-0.35;0.00;-0.00;0.37;0.042;1.43;2.30;-1000.00;-1000.00
738.375;509;0.33;-0.28;-6.49;0.73;-0.30;24.90;0.79;0.50;984;1;1;7;0.17;-0.04;-0.06;0.00;-0.01;0.02;-0.02;0.15;0.35;-0.35;0.00;-0.00;0.37;0.038;1.43;2.30;-1000.00;-1000.00
738.495;520;0.32;-0.28;-5.59;0.73;-0.30;24.90;0.79;0.50;984;1;1;7;0.12;-0.01;-0.03;0.00;-0.01;0.03;-0.05;0.11;0.35;-0.35;0.00;-0.00;0.37;0.049;1.43;2.30;-1000.00;-1000.00
738.585;528;0.32;-0.28;-5.09;0.73;-0.30;24.90;0.79;0.50;984;1;1;7;0.09;0.02;-0.02;0.00;-0.00;-0.01;0.04;0.14;0.35;-0.35;0.00;-0.00;0.37;0.044;1.43;2.30;-1000.00;-1000.00
738.685;542;0.32;-0.28;-4.43;0.73;-0.30;24.90;0.79;0.50;984;1;1;7;0.07;0.04;0.02;-0.00;0.00;0.00;0.02;0.04;0.35;-0.35;0.00;-0.00;0.37;0.048;1.43;2.30;-1000.00;-1000.00
738.775;546;0.32;-0.28;-4.34;0.73;-0.30;24.90;0.79;0.50;984;1;1;7;0.07;0.06;0.03;0.00;-0.00;0.00;0.00;0.04;0.35;-0.35;0.00;-0.00;0.37;0.031;1.43;2.30;-1000.00;-1000.00
738.865;557;0.33;-0.28;-4.10;0.73;-0.30;24.90;0.79;0.50;984;1;1;7;0.07;0.08;0.06;0.00;-0.00;0.00;0.00;0.04;0.35;-0.35;0.00;-0.00;0.37;0.022;1.43;2.30;-1000.00;-1000.00
738.985;570;0.34;-0.28;-3.86;0.73;-0.30;24.90;0.79;0.50;984;1;1;7;0.09;0.10;0.08;-0.00;-0.00;0.00;0.00;0.03;0.35;-0.35;0.00;-0.00;0.37;0.037;1.43;2.30;-1000.00;-1000.00
739.075;581;0.35;-0.29;-3.67;0.73;-0.30;24.90;0.79;0.50;984;1;1;7;0.11;0.11;0.10;-0.00;-0.00;0.00;0.00;0.03;0.35;-0.35;0.00;-0.00;0.37;0.040;1.43;2.30;-1000.00;-1000.00
739.175;588;0.35;-0.29;-3.53;0.73;-0.30;24.90;0.79;0.50;984;1;1;7;0.12;0.12;0.11;0.00;-0.00;0.00;0.00;0.04;0.35;-0.35;0.00;-0.00;0.37;0.031;1.43;2.30;-1000.00;-1000.00
739.275;599;0.36;-0.29;-3.32;0.73;-0.30;24.90;0.79;0.50;984;1;1;7;0.14;0.14;0.13;0.00;-0.00;-0.00;0.00;0.04;0.36;-0.35;0.02;0.03;0.37;0.031;1.43;2.30;-1000.00;-1000.00
739.425;615;0.39;-0.29;-2.96;0.73;-0.30;24.90;0.79;0.50;984;1;1;7;0.18;0.15;0.14;0.00;-0.00;-0.00;0.01;0.04;0.38;-0.35;0.09;0.06;0.38;0.085;1.43;2.30;-1000.00;-1000.00
739.495;619;0.39;-0.29;-2.87;0.73;-0.30;24.90;0.79;0.50;984;1;1;7;0.20;0.16;0.14;0.00;-0.00;-0.00;0.00;0.05;0.39;-0.35;0.22;0.10;0.38;0.053;1.43;2.30;-1000.00;-1000.00
739.595;632;0.41;-0.29;-2.51;0.73;-0.30;24.90;0.79;0.50;984;1;1;7;0.24;0.17;0.17;-0.00;-0.00;-0.01;-0.01;0.04;0.41;-0.35;0.40;0.13;0.39;0.040;1.43;2.30;-1000.00;-1000.00
739.675;638;0.42;-0.29;-2.31;0.73;-0.30;24.90;0.79;0.50;984;1;1;7;0.26;0.18;0.18;-0.00;-0.00;-0.01;-0.01;0.07;0.42;-0.35;0.64;0.16;0.39;0.029;1.43;2.30;-1000.00;-1000.00
739.795;650;0.45;-0.29;-1.78;0.73;-0.30;24.90;0.79;0.50;984;1;1;7;0.30;0.19;0.19;-0.00;-0.00;-0.01;-0.01;0.07;0.43;-0.35;0.95;0.19;0.40;0.036;1.43;2.30;-1000.00;-1000.00
739.885;661;0.47;-0.29;-1.26;0.73;-0.30;24.90;0.79;0.50;984;1;1;7;0.34;0.20;0.20;-0.00;-0.01;-0.03;-0.04;0.11;0.45;-0.35;1.33;0.22;0.40;0.040;1.43;2.30;-1000.00;-1000.00
739.975;669;0.48;-0.29;-0.74;0.73;-0.30;24.90;0.79;0.50;984;1;1;7;0.39;0.21;0.21;-0.00;-0.01;-0.03;-0.05;0.14;0.48;-0.35;2.32;0.29;0.42;0.032;1.43;2.30;-1000.00;-1000.00
740.085;680;0.51;-0.29;0.16;0.73;-0.30;24.90;0.79;0.50;984;1;1;7;0.43;0.22;0.22;-0.00;-0.01;-0.03;-0.05;0.17;0.49;-0.35;2.95;0.32;0.42;0.042;1.43;2.30;-1000.00;-1000.00
740.185;691;0.53;-0.29;1.22;0.73;-0.30;24.90;0.79;0.50;984;1;1;7;0.50;0.23;0.23;-0.00;-0.01;-0.04;-0.06;0.19;0.53;-0.35;4.46;0.38;0.43;0.041;1.43;2.30;-1000.00;-1000.00
740.275;699;0.55;-0.29;2.17;0.73;-0.30;24.90;0.79;0.50;984;1;1;7;0.54;0.24;0.24;-0.00;-0.01;-0.02;-0.02;0.24;0.54;-0.35;5.36;0.41;0.44;0.032;1.43;2.30;-1000.00;-1000.00
740.395;710;0.58;-0.29;3.66;0.73;-0.30;24.90;0.79;0.50;984;1;1;7;0.61;0.26;0.27;-0.01;-0.01;-0.06;-0.09;0.29;0.57;-0.34;7.48;0.48;0.45;0.054;1.43;2.30;-1000.00;-1000.00
740.485;718;0.60;-0.29;5.01;0.73;-0.30;24.90;0.79;0.50;984;1;1;7;0.65;0.27;0.24;-0.04;-0.01;-0.00;-0.02;0.36;0.59;-0.34;8.71;0.51;0.45;0.041;1.43;2.30;-1000.00;-1000.00
740.595;729;0.62;-0.29;7.64;0.97;0.06;86.23;0.79;0.50;984;2;1;7;0.77;0.28;0.25;-0.04;-0.01;0.04;0.08;0.42;0.64;-0.33;13.10;0.60;0.47;0.044;1.43;2.30;-1000.00;-1000.00
740.665;738;0.65;-0.29;10.45;0.97;0.06;86.23;0.79;0.50;984;2;1;7;0.79;0.29;0.27;-0.03;-0.01;0.05;0.13;0.61;0.65;-0.33;14.82;0.63;0.47;0.026;1.43;2.30;-1000.00;-1000.00
740.765;748;0.68;-0.29;14.80;0.97;0.06;86.23;0.79;0.50;984;2;1;7;0.79;0.30;0.28;-0.10;-0.01;-0.01;-0.09;0.78;0.67;-0.32;16.67;0.67;0.48;0.025;1.43;2.30;-1000.00;-1000.00
740.875;757;0.70;-0.29;18.66;0.97;0.06;86.23;0.79;0.50;984;2;1;7;0.79;0.31;0.27;-0.09;-0.00;0.00;0.09;0.71;0.70;-0.31;20.80;0.73;0.49;0.031;1.43;2.30;-1000.00;-1000.00
740.975;767;0.73;-0.29;23.12;0.97;0.06;86.23;0.79;0.50;984;2;1;7;0.79;0.32;0.29;-0.11;-0.01;-0.02;-0.06;0.80;0.74;-0.29;25.52;0.79;0.50;0.030;1.43;2.30;-1000.00;-1000.00
741.065;775;0.76;-0.29;26.63;0.97;0.06;86.23;0.79;0.50;984;2;1;7;0.79;0.33;0.26;-0.11;-0.05;0.18;0.09;0.75;0.75;-0.29;28.00;0.79;0.50;0.025;1.43;2.30;-1000.00;-1000.00
741.155;787;0.79;-0.28;32.28;0.97;0.06;86.23;0.79;0.50;984;2;1;7;0.79;0.34;0.30;-0.11;-0.01;-0.00;-0.06;0.85;0.78;-0.27;32.96;0.79;0.50;0.015;1.43;2.30;-1000.00;-1000.00
741.265;797;0.82;-0.28;36.63;0.97;0.06;86.23;0.79;0.50;984;2;1;7;0.75;0.35;0.32;-0.15;-0.04;0.11;-0.27;1.04;0.80;-0.26;35.43;0.79;0.50;0.015;1.43;2.30;-1000.00;-1000.00
741.375;810;0.86;-0.26;43.38;0.97;0.06;86.23;0.79;0.50;984;2;1;7;0.68;0.36;0.31;-0.10;-0.01;-0.01;-0.05;0.81;0.83;-0.24;40.39;0.79;0.50;0.022;1.43;2.30;-1000.00;-1000.00
741.465;818;0.88;-0.25;46.62;0.97;0.06;86.23;0.79;0.50;984;2;1;7;0.66;0.36;0.31;-0.06;-0.01;-0.06;0.14;0.55;0.84;-0.22;42.87;0.79;0.50;0.022;1.43;2.30;-1000.00;-1000.00
741.565;828;0.91;-0.23;50.09;0.97;0.06;86.23;0.79;0.50;984;2;1;7;0.71;0.37;0.32;-0.08;-0.01;0.01;-0.08;0.60;0.87;-0.20;47.82;0.79;0.50;0.022;1.43;2.30;-1000.00;-1000.00
741.665;839;0.94;-0.20;54.38;0.97;0.06;86.23;0.79;0.50;984;2;1;7;0.73;0.37;0.32;-0.09;-0.01;0.01;-0.04;0.75;0.89;-0.17;52.78;0.79;0.50;0.016;1.43;2.30;-1000.00;-1000.00
741.755;847;0.96;-0.19;57.87;0.97;0.06;86.23;0.79;0.50;984;2;1;7;0.71;0.38;0.33;-0.11;-0.01;0.04;-0.09;0.81;0.90;-0.15;55.26;0.79;0.50;0.013;1.43;2.30;-1000.00;-1000.00
741.855;858;0.98;-0.16;62.62;0.97;0.06;86.23;0.79;0.50;984;2;1;7;0.72;0.38;0.31;-0.09;-0.01;0.01;-0.03;0.73;0.92;-0.12;60.21;0.79;0.50;0.014;1.43;2.30;-1000.00;-1000.00
741.955;866;1.00;-0.14;66.03;0.97;0.06;86.23;0.79;0.50;984;2;1;7;0.71;0.39;0.31;-0.08;-0.01;0.01;-0.02;0.74;0.93;-0.11;62.69;0.79;0.50;0.017;1.43;2.30;-1000.00;-1000.00
742.055;876;1.02;-0.11;70.21;0.97;0.06;86.23;0.79;0.50;984;2;1;7;0.73;0.39;0.32;-0.07;-0.00;-0.00;-0.01;0.69;0.94;-0.07;67.64;0.79;0.50;0.019;1.43;2.30;-1000.00;-1000.00
742.165;886;1.03;-0.09;74.13;0.97;0.06;86.23;0.79;0.50;984;2;1;7;0.71;0.40;0.32;-0.07;0.00;-0.00;-0.00;0.70;0.95;-0.06;70.12;0.79;0.50;0.024;1.43;2.30;-1000.00;-1000.00
742.255;895;1.05;-0.06;78.57;0.97;0.06;86.23;0.79;0.50;984;2;1;7;0.68;0.39;0.33;-0.05;-0.00;-0.15;0.16;0.73;0.96;-0.04;72.60;0.79;0.50;0.013;1.43;2.30;-1000.00;-1000.00
742.365;909;1.07;-0.01;85.93;0.79;0.44;144.20;0.73;0.50;984;3;1;7;0.63;0.39;0.38;-0.13;-0.00;0.05;-0.02;0.96;0.97;-0.01;77.56;0.79;0.50;0.025;1.43;2.30;-1000.00;-1000.00
742.455;918;1.08;0.02;90.42;0.79;0.44;144.20;0.73;0.50;984;3;1;7;0.37;0.39;0.39;-0.15;-0.02;0.16;-0.05;0.92;0.97;0.03;82.51;0.79;0.50;0.008;1.43;2.30;-1000.00;-1000.00
742.555;928;1.09;0.06;93.24;0.79;0.44;144.20;0.73;0.50;984;3;1;7;0.41;0.40;0.38;-0.03;-0.01;-0.23;0.12;0.16;0.97;0.05;84.99;0.79;0.50;0.013;1.43;2.30;-1000.00;-1000.00
742.655;937;1.09;0.10;95.01;0.79;0.44;144.20;0.73;0.50;984;3;1;7;0.59;0.41;0.41;-0.04;-0.01;0.09;-0.08;0.42;0.97;0.10;92.39;0.78;0.50;0.006;1.43;2.30;-1000.00;-1000.00
742.765;948;1.09;0.14;98.81;0.79;0.44;144.20;0.73;0.50;984;3;1;7;0.62;0.41;0.40;-0.03;-0.00;-0.10;0.04;0.67;0.97;0.12;94.83;0.78;0.50;0.007;1.43;2.30;-1000.00;-1000.00
742.855;956;1.09;0.17;102.26;0.79;0.44;144.20;0.73;0.50;984;3;1;7;0.66;0.42;0.42;-0.09;-0.01;0.09;-0.06;0.83;0.97;0.16;99.69;0.77;0.50;0.011;1.43;2.30;-1000.00;-1000.00
742.965;967;1.09;0.22;107.45;0.79;0.44;144.20;0.73;0.50;984;3;1;7;0.67;0.43;0.39;-0.09;-0.00;-0.10;0.01;0.80;0.96;0.19;104.50;0.77;0.50;0.012;1.43;2.30;-1000.00;-1000.00
743.065;975;1.09;0.25;111.45;0.79;0.44;144.20;0.73;0.50;984;3;1;7;0.65;0.43;0.37;-0.13;-0.06;-0.11;0.21;0.84;0.96;0.21;106.88;0.77;0.50;0.009;1.43;2.30;-1000.00;-1000.00
743.165;990;1.08;0.31;118.63;0.79;0.44;144.20;0.73;0.50;984;3;1;7;0.62;0.43;0.41;-0.13;-0.03;0.20;0.04;0.90;0.94;0.24;111.63;0.76;0.50;0.019;1.43;2.30;-1000.00;-1000.00
743.245;995;1.07;0.33;120.65;0.79;0.44;144.20;0.73;0.50;984;3;1;7;0.64;0.43;0.39;-0.07;-0.01;-0.18;-0.01;0.63;0.94;0.26;113.98;0.76;0.50;0.008;1.43;2.30;-1000.00;-1000.00
743.375;1010;1.05;0.39;127.05;0.79;0.44;144.20;0.73;0.50;984;3;1;7;0.65;0.43;0.39;-0.08;-0.01;-0.06;-0.03;0.70;0.92;0.29;118.66;0.75;0.50;0.026;1.43;2.30;-1000.00;-1000.00
743.455;1014;1.04;0.40;128.76;0.79;0.44;144.20;0.73;0.50;984;3;1;7;0.71;0.43;0.40;-0.09;-0.01;0.05;-0.00;0.75;0.90;0.32;123.30;0.75;0.50;0.006;1.43;2.30;-1000.00;-1000.00
743.545;1025;1.02;0.44;133.68;0.79;0.44;144.20;0.73;0.50;984;3;1;7;0.68;0.42;0.39;-0.10;-0.01;0.05;-0.00;0.93;0.89;0.34;125.60;0.75;0.50;0.007;1.43;2.30;-1000.00;-1000.00
743.655;1037;1.00;0.48;139.67;0.79;0.44;144.20;0.73;0.50;984;3;1;7;0.65;0.42;0.38;-0.12;-0.01;0.06;0.03;0.87;0.87;0.37;130.18;0.74;0.50;0.017;1.43;2.30;-1000.00;-1000.00
743.765;1046;0.98;0.51;143.87;0.79;0.44;144.20;0.73;0.50;984;3;1;7;0.66;0.41;0.38;-0.08;-0.01;-0.01;-0.00;0.78;0.85;0.39;134.71;0.74;0.50;0.016;1.43;2.30;-1000.00;-1000.00
743.855;1057;0.95;0.54;148.77;0.79;0.44;144.20;0.73;0.50;984;3;1;7;0.61;0.40;0.36;-0.06;-0.01;-0.14;-0.09;0.70;0.83;0.41;136.96;0.74;0.50;0.016;1.43;2.30;-1000.00;-1000.00
743.955;1065;0.92;0.56;152.15;0.79;0.44;144.20;0.73;0.50;984;3;1;7;0.64;0.39;0.37;-0.07;-0.01;-0.09;-0.04;0.66;0.80;0.43;141.43;0.73;0.50;0.014;1.43;2.30;-1000.00;-1000.00
744.055;1076;0.89;0.58;155.92;0.79;0.44;144.20;0.73;0.50;984;3;1;7;0.62;0.38;0.41;-0.01;-0.00;0.05;0.02;0.54;0.79;0.44;143.65;0.73;0.50;0.006;1.43;2.30;-1000.00;-1000.00
744.155;1085;0.85;0.59;158.54;0.79;0.44;144.20;0.73;0.50;984;3;1;7;0.64;0.37;0.42;0.02;-0.00;0.03;-0.00;0.43;0.76;0.46;147.96;0.70;0.50;0.008;1.43;2.30;-1000.00;-1000.00
744.255;1096;0.81;0.61;161.30;0.79;0.44;144.20;0.73;0.50;984;3;1;7;0.65;0.36;0.43;0.03;-0.00;0.02;0.01;0.43;0.73;0.48;151.99;0.66;0.50;0.007;1.43;2.30;-1000.00;-1000.00
744.355;1106;0.77;0.62;164.07;0.79;0.44;144.20;0.73;0.50;984;3;1;7;0.63;0.35;0.38;0.01;0.00;-0.14;-0.14;0.52;0.71;0.49;153.90;0.65;0.50;0.012;1.43;2.30;-1000.00;-1000.00
744.455;1117;0.73;0.64;168.37;0.79;0.44;144.20;0.73;0.50;984;3;1;7;0.57;0.34;0.34;-0.08;-0.00;-0.04;-0.02;0.64;0.68;0.50;157.52;0.61;0.50;0.014;1.43;2.30;-1000.00;-1000.00
744.545;1127;0.70;0.65;171.97;0.79;0.44;144.20;0.73;0.50;984;3;1;7;0.52;0.33;0.33;-0.10;-0.01;0.06;0.09;0.62;0.65;0.52;160.88;0.58;0.50;0.007;1.43;2.30;-1000.00;-1000.00
744.655;1137;0.67;0.66;174.66;0.79;0.44;144.20;0.73;0.50;984;3;1;7;0.47;0.31;0.32;-0.05;-0.01;-0.07;-0.09;0.38;0.63;0.52;162.46;0.56;0.50;0.007;1.43;2.30;-1000.00;-1000.00
744.755;1146;0.64;0.67;176.69;0.79;0.44;144.20;0.73;0.50;984;3;1;7;0.47;0.30;0.33;-0.05;-0.01;0.06;0.05;0.39;0.60;0.53;165.44;0.52;0.50;0.009;1.43;2.30;-1000.00;-1000.00
744.845;1156;0.61;0.67;178.79;0.79;0.44;144.20;0.73;0.50;984;3;1;7;0.43;0.29;0.30;-0.07;-0.01;0.07;0.11;0.40;0.58;0.54;166.84;0.51;0.50;0.008;1.43;2.30;-1000.00;-1000.00
744.955;1165;0.58;0.68;180.20;0.79;0.44;144.20;0.73;0.50;984;3;1;7;0.41;0.28;0.30;-0.01;-0.01;0.01;-0.01;0.23;0.56;0.54;168.18;0.49;0.50;0.009;1.43;2.30;-1000.00;-1000.00
745.065;1176;0.55;0.68;181.43;0.79;0.44;144.20;0.73;0.50;984;3;1;7;0.41;0.27;0.27;-0.03;-0.01;0.03;0.05;0.20;0.52;0.55;170.70;0.45;0.50;0.014;1.43;2.30;-1000.00;-1000.00
745.265;1199;0.48;0.68;183.05;0.35;0.55;180.00;0.11;0.00;494;1;1;5;0.40;0.26;0.27;0.01;-0.01;0.03;0.04;0.07;0.51;0.55;171.87;0.44;0.50;0.086;1.43;2.30;-1000.00;-1000.00
745.295;1202;0.48;0.67;183.13;0.16;0.53;193.57;0.65;0.50;494;2;1;5;0.18;0.26;0.27;0.01;-0.01;0.03;0.04;0.06;0.35;0.55;180.04;0.18;0.07;0.030;1.43;2.30;-1000.00;-1000.00
745.385;1208;0.46;0.67;182.92;0.16;0.53;193.57;0.65;0.50;494;2;1;5;-0.08;0.27;0.27;0.01;-0.01;0.02;0.03;-0.14;0.35;0.55;180.04;0.18;0.07;0.029;1.43;2.30;-1000.00;-1000.00
745.465;1218;0.43;0.67;181.63;0.16;0.53;193.57;0.65;0.50;494;2;1;5;0.05;0.27;0.27;0.02;-0.01;0.02;0.01;-0.36;0.35;0.55;180.04;0.18;0.07;0.025;1.43;2.30;-1000.00;-1000.00
745.565;1226;0.41;0.67;180.39;0.16;0.53;193.57;0.65;0.50;494;2;1;5;0.15;0.26;0.27;-0.00;-0.01;-0.03;-0.05;-0.19;0.35;0.55;180.04;0.18;0.07;0.013;1.43;2.31;-1000.00;-1000.00
745.665;1237;0.38;0.67;180.00;0.16;0.53;193.57;0.65;0.50;494;2;1;5;0.23;0.26;0.27;0.00;-0.01;0.02;0.02;0.01;0.35;0.55;180.04;0.18;0.07;0.021;1.43;2.31;-1000.00;-1000.00
745.765;1249;0.35;0.67;180.34;0.16;0.53;193.57;0.65;0.50;494;2;1;5;0.29;0.25;0.27;-0.00;-0.01;0.02;0.02;0.08;0.35;0.55;180.04;0.18;0.07;0.018;1.43;2.31;-1000.00;-1000.00
745.885;1260;0.32;0.67;180.89;0.16;0.53;193.57;0.65;0.50;494;2;1;5;0.41;0.25;0.25;0.00;-0.01;-0.03;-0.06;0.08;0.33;0.55;180.39;0.27;0.15;0.033;1.43;2.31;-1000.00;-1000.00
745.975;1271;0.29;0.67;181.93;-0.15;0.32;234.67;0.68;0.50;494;3;1;5;0.51;0.24;0.25;0.00;-0.01;-0.02;-0.03;0.17;0.31;0.55;181.37;0.35;0.23;0.020;1.43;2.30;-1000.00;-1000.00
746.055;1275;0.28;0.67;182.45;-0.15;0.32;234.67;0.68;0.50;494;3;1;5;0.37;0.25;0.25;0.00;-0.01;-0.01;-0.02;0.24;0.29;0.55;182.20;0.40;0.27;0.011;1.43;2.30;-1000.00;-1000.00
746.155;1286;0.26;0.67;183.54;-0.15;0.32;234.67;0.68;0.50;494;3;1;5;0.46;0.27;0.26;0.01;-0.01;0.01;0.01;0.07;0.27;0.55;183.97;0.46;0.33;0.010;1.43;2.30;-1000.00;-1000.00
746.255;1294;0.24;0.66;184.03;-0.15;0.32;234.67;0.68;0.50;494;3;1;5;0.55;0.28;0.26;0.01;-0.01;-0.03;-0.06;0.16;0.25;0.55;185.56;0.51;0.37;0.009;1.43;2.30;-1000.00;-1000.00
746.365;1310;0.19;0.66;186.48;-0.15;0.32;234.67;0.68;0.50;494;3;1;5;0.64;0.30;0.28;-0.05;-0.01;0.02;0.06;0.38;0.22;0.54;187.54;0.55;0.41;0.020;1.43;2.30;-1000.00;-1000.00
746.455;1318;0.17;0.66;188.66;-0.15;0.32;234.67;0.68;0.50;494;3;1;5;0.65;0.31;0.29;-0.07;-0.01;0.02;0.06;0.57;0.21;0.54;188.68;0.57;0.43;0.010;1.43;2.30;-1000.00;-1000.00
746.565;1328;0.14;0.66;191.86;-0.15;0.32;234.67;0.68;0.50;494;3;1;5;0.68;0.32;0.29;-0.05;-0.01;-0.03;-0.07;0.53;0.18;0.54;191.29;0.62;0.47;0.018;1.43;2.30;-1000.00;-1000.00
746.675;1340;0.10;0.66;196.27;-0.15;0.32;234.67;0.68;0.50;494;3;1;5;0.68;0.33;0.30;-0.08;-0.01;0.00;0.04;0.66;0.15;0.53;194.37;0.65;0.50;0.029;1.43;2.30;-1000.00;-1000.00
746.745;1344;0.09;0.66;197.57;-0.15;0.32;234.67;0.68;0.50;494;3;1;5;0.68;0.35;0.31;-0.04;-0.00;-0.03;-0.17;0.54;0.14;0.53;195.98;0.65;0.50;0.005;1.43;2.30;-1000.00;-1000.00
746.875;1358;0.04;0.66;202.88;-0.15;0.32;234.67;0.68;0.50;494;3;1;5;0.67;0.36;0.32;-0.06;-0.00;0.00;-0.15;0.59;0.09;0.51;200.85;0.66;0.50;0.023;1.43;2.30;-1000.00;-1000.00
746.965;1368;0.01;0.65;206.99;-0.15;0.32;234.67;0.68;0.50;494;3;1;5;0.63;0.37;0.33;-0.10;-0.01;-0.00;0.09;0.72;0.08;0.50;202.48;0.66;0.50;0.012;1.43;2.30;-1000.00;-1000.00
747.065;1377;-0.02;0.64;210.10;-0.15;0.32;234.67;0.68;0.50;494;3;1;5;0.64;0.37;0.34;-0.06;-0.01;0.01;-0.08;0.54;0.05;0.49;205.75;0.66;0.50;0.017;1.43;2.30;-1000.00;-1000.00
747.165;1387;-0.05;0.63;213.59;-0.15;0.32;234.67;0.68;0.50;494;3;1;5;0.65;0.38;0.35;-0.08;-0.01;-0.01;0.09;0.66;0.02;0.48;209.04;0.66;0.50;0.018;1.43;2.30;-1000.00;-1000.00
747.255;1396;-0.08;0.62;216.83;-0.15;0.32;234.67;0.68;0.50;494;3;1;5;0.63;0.38;0.36;-0.07;-0.01;-0.01;0.06;0.71;0.01;0.47;210.69;0.66;0.50;0.014;1.43;2.30;-1000.00;-1000.00
747.345;1406;-0.12;0.60;220.51;-0.15;0.32;234.67;0.68;0.50;494;3;1;5;0.64;0.38;0.35;-0.07;-0.01;0.01;-0.07;0.59;-0.02;0.45;214.00;0.67;0.50;0.007;1.43;2.30;-1000.00;-1000.00
747.465;1417;-0.15;0.58;224.41;-0.15;0.32;234.67;0.68;0.50;494;3;1;5;0.65;0.38;0.35;-0.09;-0.01;0.01;0.08;0.63;-0.04;0.44;217.33;0.67;0.50;0.010;1.43;2.30;-1000.00;-1000.00
747.555;1425;-0.17;0.56;227.29;-0.15;0.32;234.67;0.68;0.50;494;3;1;5;0.63;0.38;0.34;-0.06;-0.01;0.06;-0.14;0.56;-0.05;0.43;219.00;0.67;0.50;0.006;1.43;2.30;-1000.00;-1000.00
747.675;1439;-0.21;0.53;232.50;-0.15;0.32;234.67;0.68;0.50;494;3;1;5;0.63;0.38;0.34;-0.08;-0.01;-0.01;0.03;0.66;-0.08;0.41;222.36;0.67;0.50;0.023;1.43;2.30;-1000.00;-1000.00
747.745;1445;-0.23;0.52;234.53;-0.15;0.32;234.67;0.68;0.50;494;3;1;5;0.65;0.37;0.35;-0.09;-0.01;-0.01;0.09;0.59;-0.10;0.38;225.73;0.67;0.50;0.006;1.43;2.30;-1000.00;-1000.00
747.855;1458;-0.26;0.49;239.70;-0.15;0.32;234.67;0.68;0.50;494;3;1;5;0.58;0.36;0.34;-0.10;-0.01;-0.05;0.06;0.76;-0.11;0.37;227.43;0.68;0.50;0.017;1.43;2.30;-1000.00;-1000.00
747.955;1468;-0.28;0.46;243.28;-0.15;0.32;234.67;0.68;0.50;494;3;1;5;0.58;0.35;0.35;-0.05;-0.01;0.04;-0.08;0.55;-0.13;0.35;230.83;0.68;0.50;0.019;1.43;2.30;-1000.00;-1000.00
748.065;1477;-0.30;0.43;245.81;-0.15;0.32;234.67;0.68;0.50;494;3;1;5;0.61;0.34;0.36;-0.01;-0.00;0.00;0.02;0.41;-0.15;0.32;234.24;0.68;0.50;0.016;1.43;2.30;-1000.00;-1000.00
748.155;1487;-0.31;0.40;248.23;-0.15;0.32;234.67;0.68;0.50;494;3;1;5;0.64;0.33;0.36;-0.01;-0.00;-0.00;0.02;0.43;-0.17;0.30;237.63;0.67;0.50;0.017;1.43;2.30;-1000.00;-1000.00
748.265;1495;-0.33;0.38;250.60;-0.15;0.32;234.67;0.68;0.50;494;3;1;5;0.62;0.32;0.32;-0.03;-0.00;0.08;-0.12;0.54;-0.17;0.29;239.28;0.66;0.50;0.018;1.43;2.30;-1000.00;-1000.00
748.365;1510;-0.35;0.33;255.96;-0.15;0.32;234.67;0.68;0.50;494;3;1;5;0.55;0.31;0.33;-0.06;-0.00;-0.02;0.04;0.63;-0.19;0.26;242.51;0.64;0.50;0.017;1.43;2.30;-1000.00;-1000.00
748.455;1515;-0.36;0.32;257.58;-0.15;0.32;234.67;0.68;0.50;494;3;1;5;0.54;0.30;0.31;-0.07;-0.01;-0.03;0.03;0.51;-0.20;0.25;244.08;0.64;0.50;0.006;1.43;2.30;-1000.00;-1000.00
748.555;1526;-0.37;0.28;260.42;-0.15;0.32;234.67;0.68;0.50;494;3;1;5;0.53;0.28;0.32;-0.04;-0.00;-0.03;0.05;0.44;-0.21;0.22;247.16;0.62;0.50;0.010;1.43;2.30;-1000.00;-1000.00
748.645;1534;-0.38;0.26;262.26;-0.15;0.32;234.67;0.68;0.50;494;3;1;5;0.52;0.27;0.28;-0.04;-0.00;0.07;-0.07;0.33;-0.22;0.20;248.66;0.61;0.50;0.005;1.43;2.30;-1000.00;-1000.00
748.755;1545;-0.38;0.23;264.44;-0.15;0.32;234.67;0.68;0.50;494;3;1;5;0.53;0.26;0.26;-0.04;-0.01;0.03;-0.03;0.28;-0.23;0.17;251.58;0.60;0.50;0.013;1.43;2.30;-1000.00;-1000.00
748.865;1560;-0.39;0.19;267.00;-0.15;0.32;234.67;0.68;0.50;494;3;1;5;0.49;0.25;0.27;-0.04;-0.01;-0.07;0.07;0.33;-0.23;0.16;253.00;0.59;0.50;0.023;1.43;2.30;-1000.00;-1000.00
748.965;1569;-0.40;0.17;268.36;-0.15;0.32;234.67;0.68;0.50;494;3;1;5;0.50;0.23;0.27;-0.04;-0.01;-0.07;0.08;0.27;-0.23;0.14;254.41;0.58;0.50;0.023;1.43;2.30;-1000.00;-1000.00
749.065;1576;-0.40;0.15;269.39;-0.15;0.32;234.67;0.68;0.50;494;3;1;5;0.53;0.22;0.23;-0.02;-0.01;0.15;-0.10;0.19;-0.24;0.11;257.14;0.57;0.50;0.022;1.43;2.30;-1000.00;-1000.00
749.165;1587;-0.40;0.13;270.82;-0.15;0.32;234.67;0.68;0.50;494;3;1;5;0.52;0.21;0.22;0.01;-0.01;0.05;-0.02;0.17;-0.25;0.10;258.47;0.56;0.50;0.014;1.43;2.30;-1000.00;-1000.00
749.255;1597;-0.40;0.10;271.71;-0.15;0.32;234.67;0.68;0.50;494;3;1;5;0.52;0.20;0.23;0.00;-0.01;-0.07;0.05;0.14;-0.25;0.08;259.77;0.55;0.50;0.011;1.43;2.30;-1000.00;-1000.00
749.415;1611;-0.40;0.07;272.40;-0.25;-0.05;-90.00;0.00;0.50;842;0;1;1;0.56;0.20;0.20;0.00;-0.01;0.06;-0.03;0.06;-0.25;0.05;262.32;0.53;0.50;0.061;1.43;2.31;-1000.00;-1000.00
749.485;1621;-0.40;0.05;273.05;-0.25;-0.05;-90.00;0.00;0.50;842;0;1;1;0.21;0.22;0.21;-0.01;-0.01;-0.07;0.04;0.15;-0.25;-0.05;-90.00;0.00;0.50;0.033;1.43;2.31;-1000.00;-1000.00
749.595;1630;-0.40;0.03;272.61;-0.25;-0.05;-90.00;0.00;0.50;842;0;1;1;0.23;0.25;0.23;0.01;-0.01;-0.04;0.03;-0.15;-0.25;-0.05;-90.00;0.00;0.50;0.053;1.43;2.31;-1000.00;-1000.00
749.695;1640;-0.40;0.01;271.82;-0.25;-0.05;-90.00;0.00;0.50;842;0;1;1;0.26;0.26;0.25;0.00;-0.01;-0.05;0.04;-0.06;-0.25;-0.05;-90.00;0.00;0.50;0.051;1.43;2.31;-1000.00;-1000.00
749.795;1650;-0.39;-0.02;271.58;-0.25;-0.05;-90.00;0.00;0.50;842;0;1;1;0.27;0.28;0.28;-0.00;-0.01;-0.09;0.05;0.03;-0.25;-0.05;-90.00;0.00;0.50;0.051;1.43;2.31;-1000.00;-1000.00
749.875;1659;-0.39;-0.04;271.65;-0.25;-0.05;-90.00;0.00;0.50;842;0;1;1;0.27;0.29;0.29;-0.00;-0.01;-0.08;0.05;0.06;-0.25;-0.05;-90.00;0.00;0.50;0.035;1.43;2.31;-1000.00;-1000.00
749.985;1670;-0.39;-0.07;271.86;-0.25;-0.05;-90.00;0.00;0.50;842;0;1;1;0.25;0.30;0.29;0.01;-0.01;0.06;-0.03;0.02;-0.25;-0.06;-90.00;0.00;0.50;0.046;1.43;2.31;-1000.00;-1000.00
750.085;1678;-0.39;-0.10;272.00;-0.25;-0.05;-90.00;0.00;0.50;842;0;1;1;0.25;0.31;0.30;0.01;-0.01;0.04;-0.02;0.01;-0.25;-0.09;-90.00;0.00;0.50;0.043;1.43;2.31;-1000.00;-1000.00
750.175;1689;-0.39;-0.13;272.20;-0.25;-0.05;-90.00;0.00;0.50;842;0;1;1;0.23;0.32;0.31;0.00;-0.01;-0.01;0.01;0.03;-0.25;-0.13;-90.00;0.00;0.50;0.030;1.43;2.31;-1000.00;-1000.00
750.365;1708;-0.39;-0.19;272.41;-0.25;-0.46;-95.04;-0.49;0.50;50;1;1;6;0.22;0.32;0.32;0.01;-0.01;0.02;-0.01;-0.01;-0.25;-0.16;-90.00;0.00;0.50;0.050;1.43;2.31;-1000.00;-1000.00
750.385;1708;-0.39;-0.19;272.41;-0.25;-0.46;-95.04;-0.49;0.50;50;1;1;6;0.33;0.33;0.32;0.01;-0.01;0.02;-0.01;-0.01;-0.25;-0.35;-90.00;-0.05;0.05;0.022;1.43;2.31;-1000.00;-1000.00
750.485;1719;-0.38;-0.23;272.94;-0.25;-0.46;-95.04;-0.49;0.50;50;1;1;6;0.24;0.34;0.34;0.00;-0.01;-0.01;0.01;0.17;-0.25;-0.35;-90.00;-0.05;0.05;0.038;1.43;2.31;-1000.00;-1000.00
750.575;1727;-0.38;-0.26;273.46;-0.31;-0.67;-116.21;-0.75;0.50;50;2;1;6;0.17;0.34;0.35;0.00;-0.01;-0.02;0.02;0.04;-0.25;-0.35;-90.00;-0.05;0.05;0.027;1.43;2.31;-1000.00;-1000.00
750.685;1739;-0.38;-0.30;273.30;-0.31;-0.67;-116.21;-0.75;0.50;50;2;1;6;0.07;0.34;0.35;0.01;-0.01;-0.03;0.02;-0.06;-0.25;-0.35;-90.00;-0.05;0.05;0.034;1.43;2.31;-1000.00;-1000.00
750.805;1750;-0.38;-0.33;272.57;-0.31;-0.67;-116.21;-0.75;0.50;50;2;1;6;-0.02;0.32;0.35;0.01;-0.01;-0.07;0.04;-0.14;-0.25;-0.35;-90.00;-0.05;0.05;0.049;1.43;2.31;-1000.00;-1000.00
750.885;1760;-0.37;-0.37;271.71;-0.31;-0.67;-116.21;-0.75;0.50;50;2;1;6;-0.08;0.31;0.33;0.01;-0.01;-0.04;0.03;-0.18;-0.25;-0.35;-90.00;-0.05;0.05;0.033;1.44;2.31;-1000.00;-1000.00
750.965;1768;-0.37;-0.39;270.69;-0.31;-0.67;-116.21;-0.75;0.50;50;2;1;6;-0.28;0.31;0.31;0.01;-0.01;-0.04;0.03;-0.22;-0.25;-0.39;-91.05;-0.29;0.30;0.019;1.44;2.31;-1000.00;-1000.00
751.105;1780;-0.37;-0.43;268.56;-0.44;-0.83;-142.23;-0.70;0.50;50;3;1;6;-0.40;0.31;0.31;-0.00;-0.00;-0.02;-0.01;-0.32;-0.25;-0.43;-93.14;-0.42;0.43;0.075;1.44;2.31;-1000.00;-1000.00
751.175;1790;-0.37;-0.46;266.77;-0.44;-0.83;-142.23;-0.70;0.50;50;3;1;6;-0.60;0.31;0.31;0.01;-0.00;0.07;0.03;-0.37;-0.25;-0.45;-94.44;-0.47;0.48;0.030;1.44;2.31;-1000.00;-1000.00
751.255;1798;-0.37;-0.49;264.39;-0.44;-0.83;-142.23;-0.70;0.50;50;3;1;6;-0.62;0.31;0.31;0.01;-0.01;0.08;0.04;-0.59;-0.26;-0.48;-96.83;-0.52;0.50;0.020;1.44;2.31;-1000.00;-1000.00
751.355;1807;-0.38;-0.52;261.56;-0.44;-0.83;-142.23;-0.70;0.50;50;3;1;6;-0.66;0.32;0.33;0.02;-0.01;-0.07;-0.07;-0.57;-0.26;-0.53;-100.42;-0.57;0.50;0.011;1.44;2.31;-1000.00;-1000.00
751.455;1817;-0.38;-0.55;258.30;-0.64;-0.93;-163.22;-0.54;0.50;50;4;1;6;-0.73;0.32;0.32;0.08;-0.05;-0.13;0.14;-0.67;-0.28;-0.58;-105.54;-0.64;0.50;0.012;1.44;2.31;-1000.00;-1000.00
751.545;1828;-0.38;-0.58;254.06;-0.64;-0.93;-163.22;-0.54;0.50;50;4;1;6;-0.79;0.33;0.30;0.07;-0.00;0.09;0.02;-0.67;-0.28;-0.61;-108.98;-0.68;0.50;0.002;1.44;2.31;-1000.00;-1000.00
751.645;1836;-0.38;-0.61;250.38;-0.64;-0.93;-163.22;-0.54;0.50;50;4;1;6;-0.79;0.33;0.29;0.09;-0.01;0.15;0.03;-0.77;-0.30;-0.64;-112.72;-0.72;0.50;0.002;1.44;2.31;-1000.00;-1000.00
751.745;1847;-0.38;-0.64;245.17;-0.64;-0.93;-163.22;-0.54;0.50;50;4;1;6;-0.79;0.34;0.29;0.09;-0.01;0.14;-0.00;-0.75;-0.32;-0.68;-118.14;-0.75;0.50;0.002;1.44;2.31;-1000.00;-1000.00
751.845;1856;-0.38;-0.67;240.68;-0.64;-0.93;-163.22;-0.54;0.50;50;4;1;6;-0.79;0.35;0.31;0.11;-0.01;-0.06;-0.02;-0.86;-0.33;-0.71;-122.24;-0.74;0.50;0.002;1.44;2.31;-1000.00;-1000.00
751.945;1866;-0.39;-0.70;235.98;-0.64;-0.93;-163.22;-0.54;0.50;50;4;1;6;-0.78;0.35;0.31;0.10;-0.01;-0.06;-0.01;-0.87;-0.35;-0.74;-126.27;-0.73;0.50;0.002;1.44;2.31;-1000.00;-1000.00
752.055;1875;-0.40;-0.73;231.90;-0.64;-0.93;-163.22;-0.54;0.50;50;4;1;6;-0.76;0.36;0.33;0.12;-0.01;-0.16;0.04;-0.92;-0.37;-0.76;-130.23;-0.72;0.50;0.003;1.44;2.31;-1000.00;-1000.00
752.145;1885;-0.41;-0.76;227.40;-0.64;-0.93;-163.22;-0.54;0.50;50;4;1;6;-0.73;0.37;0.31;0.09;-0.01;0.02;-0.02;-0.77;-0.39;-0.79;-134.13;-0.71;0.50;0.002;1.44;2.31;-1000.00;-1000.00
752.245;1894;-0.43;-0.78;223.55;-0.85;-0.96;-179.43;-0.47;0.50;50;5;1;6;-0.69;0.37;0.32;0.08;-0.01;0.03;-0.02;-0.71;-0.41;-0.80;-136.69;-0.71;0.50;0.002;1.44;2.31;-1000.00;-1000.00
752.355;1908;-0.46;-0.82;218.09;-0.85;-0.96;-179.43;-0.47;0.50;50;5;1;6;-0.72;0.38;0.34;0.08;-0.01;-0.04;0.01;-0.65;-0.44;-0.83;-141.74;-0.70;0.50;0.002;1.44;2.31;-1000.00;-1000.00
752.445;1917;-0.48;-0.85;214.55;-0.85;-0.96;-179.43;-0.47;0.50;50;5;1;6;-0.70;0.38;0.33;0.09;-0.01;-0.04;0.01;-0.72;-0.48;-0.85;-146.58;-0.67;0.50;0.001;1.44;2.31;-1000.00;-1000.00
752.555;1927;-0.50;-0.87;210.61;-0.85;-0.96;-179.43;-0.47;0.50;50;5;1;6;-0.66;0.39;0.33;0.08;-0.01;-0.04;0.01;-0.66;-0.50;-0.87;-150.02;-0.64;0.50;0.008;1.44;2.31;-1000.00;-1000.00
752.645;1936;-0.53;-0.89;207.37;-0.85;-0.96;-179.43;-0.47;0.50;50;5;1;6;-0.65;0.40;0.34;0.07;-0.01;-0.03;0.00;-0.58;-0.53;-0.89;-153.29;-0.62;0.50;0.002;1.44;2.31;-1000.00;-1000.00
752.755;1946;-0.55;-0.91;204.09;-0.85;-0.96;-179.43;-0.47;0.50;50;5;1;6;-0.63;0.40;0.35;0.06;-0.00;-0.03;0.01;-0.55;-0.56;-0.90;-156.39;-0.60;0.50;0.004;1.44;2.31;-1000.00;-1000.00
752.905;1961;-0.60;-0.94;199.51;-0.85;-0.95;180.00;0.11;0.00;357;1;1;5;-0.60;0.41;0.37;0.05;-0.00;-0.02;-0.01;-0.51;-0.58;-0.91;-158.38;-0.58;0.50;0.060;1.44;2.31;-1000.00;-1000.00
752.985;1969;-0.63;-0.95;197.22;-1.04;-0.97;193.57;0.65;0.50;357;2;1;5;0.18;0.43;0.38;0.04;0.00;0.03;-0.02;-0.52;-0.85;-0.95;180.04;0.18;0.07;0.049;1.44;2.31;-1000.00;-1000.00
753.065;1979;-0.67;-0.97;195.68;-1.04;-0.97;193.57;0.65;0.50;357;2;1;5;-0.79;0.42;0.42;0.01;-0.00;0.11;-0.10;0.53;-0.85;-0.95;180.04;0.18;0.07;0.020;1.44;2.31;-1000.00;-1000.00
753.165;1988;-0.70;-0.98;195.96;-1.04;-0.97;193.57;0.65;0.50;357;2;1;5;-0.79;0.41;0.39;0.02;-0.01;0.13;-0.12;-0.73;-0.85;-0.95;180.04;0.18;0.07;0.022;1.44;2.31;-1000.00;-1000.00
753.265;1998;-0.74;-0.99;188.96;-1.04;-0.97;193.57;0.65;0.50;357;2;1;5;-0.51;0.39;0.41;0.11;0.00;-0.08;-0.01;-1.35;-0.85;-0.95;180.04;0.18;0.07;0.023;1.44;2.31;-1000.00;-1000.00
753.365;2009;-0.78;-1.01;182.76;-1.04;-0.97;193.57;0.65;0.50;357;2;1;5;-0.19;0.38;0.40;0.14;-0.03;-0.05;0.23;-0.77;-0.85;-0.95;180.04;0.18;0.07;0.020;1.44;2.31;-1000.00;-1000.00
753.465;2017;-0.81;-1.02;181.43;-1.04;-0.97;193.57;0.65;0.50;357;2;1;5;-0.07;0.37;0.37;0.06;-0.01;-0.01;0.02;-0.02;-0.85;-0.95;180.04;0.18;0.07;0.022;1.44;2.31;-1000.00;-1000.00
753.575;2028;-0.85;-1.02;181.90;-1.04;-0.97;193.57;0.65;0.50;357;2;1;5;0.00;0.36;0.37;0.01;-0.01;0.09;-0.13;0.15;-0.85;-0.95;180.04;0.18;0.07;0.031;1.44;2.31;-1000.00;-1000.00
753.665;2036;-0.88;-1.02;182.43;-1.04;-0.97;193.57;0.65;0.50;357;2;1;5;0.16;0.35;0.36;-0.02;-0.01;-0.03;0.04;0.16;-0.88;-0.95;180.78;0.31;0.19;0.019;1.44;2.31;-1000.00;-1000.00
753.775;2050;-0.93;-1.03;184.47;-1.35;-1.18;234.67;0.68;0.50;357;3;1;5;0.29;0.34;0.34;0.00;-0.00;0.02;-0.03;0.34;-0.91;-0.95;182.71;0.42;0.29;0.024;1.44;2.31;-1000.00;-1000.00
753.845;2056;-0.95;-1.03;185.74;-1.35;-1.18;234.67;0.68;0.50;357;3;1;5;0.52;0.33;0.34;0.01;0.01;-0.02;-0.03;0.41;-0.95;-0.95;185.56;0.51;0.37;0.007;1.44;2.31;-1000.00;-1000.00
753.955;2064;-0.98;-1.03;187.94;-1.35;-1.18;234.67;0.68;0.50;357;3;1;5;0.59;0.34;0.34;-0.01;-0.00;-0.05;-0.11;0.59;-0.99;-0.96;188.68;0.57;0.43;0.014;1.44;2.31;-1000.00;-1000.00
754.045;2076;-1.02;-1.04;191.79;-1.35;-1.18;234.67;0.68;0.50;357;3;1;5;0.67;0.34;0.34;0.00;-0.01;-0.03;-0.10;0.54;-1.03;-0.97;192.78;0.64;0.49;0.007;1.44;2.31;-1000.00;-1000.00
754.165;2089;-1.06;-1.04;196.60;-1.35;-1.18;234.67;0.68;0.50;357;3;1;5;0.66;0.34;0.32;-0.05;-0.00;-0.03;-0.07;0.62;-1.06;-0.97;195.98;0.65;0.50;0.012;1.44;2.31;-1000.00;-1000.00
754.255;2095;-1.08;-1.04;198.91;-1.35;-1.18;234.67;0.68;0.50;357;3;1;5;0.68;0.35;0.32;-0.07;-0.00;-0.01;-0.02;0.62;-1.11;-0.99;200.85;0.66;0.50;0.007;1.44;2.31;-1000.00;-1000.00
754.355;2107;-1.12;-1.05;203.48;-1.35;-1.18;234.67;0.68;0.50;357;3;1;5;0.67;0.36;0.34;-0.11;-0.01;0.01;0.14;0.75;-1.14;-1.00;204.11;0.66;0.50;0.011;1.44;2.31;-1000.00;-1000.00
754.455;2114;-1.15;-1.05;206.35;-1.35;-1.18;234.67;0.68;0.50;357;3;1;5;0.67;0.36;0.33;-0.11;-0.01;0.01;0.14;0.79;-1.16;-1.02;207.39;0.66;0.50;0.011;1.44;2.31;-1000.00;-1000.00
754.545;2128;-1.19;-1.07;211.74;-1.35;-1.18;234.67;0.68;0.50;357;3;1;5;0.67;0.37;0.34;-0.10;-0.01;-0.00;0.10;0.72;-1.20;-1.04;212.34;0.66;0.50;0.012;1.44;2.31;-1000.00;-1000.00
754.655;2139;-1.23;-1.08;215.99;-1.35;-1.18;234.67;0.68;0.50;357;3;1;5;0.66;0.37;0.35;-0.11;-0.02;-0.05;0.19;0.77;-1.23;-1.06;215.67;0.67;0.50;0.010;1.44;2.31;-1000.00;-1000.00
754.765;2148;-1.26;-1.09;219.48;-1.35;-1.18;234.67;0.68;0.50;357;3;1;5;0.67;0.38;0.35;-0.07;-0.01;-0.01;0.06;0.73;-1.25;-1.07;219.00;0.67;0.50;0.011;1.44;2.31;-1000.00;-1000.00
754.855;2159;-1.29;-1.11;223.72;-1.35;-1.18;234.67;0.68;0.50;357;3;1;5;0.70;0.38;0.34;-0.06;-0.01;0.04;-0.09;0.62;-1.29;-1.11;224.05;0.67;0.50;0.006;1.44;2.31;-1000.00;-1000.00
754.955;2167;-1.31;-1.13;227.11;-1.35;-1.18;234.67;0.68;0.50;357;3;1;5;0.70;0.39;0.34;-0.09;-0.01;0.00;0.04;0.79;-1.31;-1.13;227.43;0.68;0.50;0.016;1.44;2.31;-1000.00;-1000.00
755.055;2177;-1.34;-1.15;231.53;-1.35;-1.18;234.67;0.68;0.50;357;3;1;5;0.69;0.39;0.35;-0.09;-0.01;0.01;0.03;0.79;-1.33;-1.15;230.83;0.68;0.50;0.013;1.44;2.31;-1000.00;-1000.00
755.155;2187;-1.37;-1.17;235.92;-1.35;-1.18;234.67;0.68;0.50;357;3;1;5;0.71;0.40;0.33;-0.08;-0.00;0.03;-0.03;0.72;-1.36;-1.19;235.95;0.68;0.50;0.010;1.44;2.31;-1000.00;-1000.00
755.265;2196;-1.39;-1.19;239.83;-1.46;-1.54;269.43;0.49;0.50;357;4;1;5;0.65;0.40;0.34;-0.10;-0.01;-0.02;0.04;0.80;-1.37;-1.20;237.63;0.67;0.50;0.015;1.44;2.31;-1000.00;-1000.00
755.365;2207;-1.42;-1.22;244.50;-1.46;-1.54;269.43;0.49;0.50;357;4;1;5;0.60;0.41;0.34;-0.07;-0.00;0.01;0.02;0.62;-1.39;-1.24;242.51;0.64;0.50;0.014;1.44;2.31;-1000.00;-1000.00
755.445;2216;-1.44;-1.25;247.52;-1.46;-1.54;269.43;0.49;0.50;357;4;1;5;0.59;0.41;0.36;-0.05;-0.00;0.02;0.01;0.52;-1.40;-1.27;245.63;0.63;0.50;0.013;1.44;2.31;-1000.00;-1000.00
755.595;2231;-1.46;-1.30;251.97;-1.45;-1.55;-90.00;-0.00;0.50;578;0;1;0;0.60;0.42;0.37;-0.05;0.00;0.00;0.01;0.52;-1.42;-1.30;248.66;0.61;0.50;0.045;1.44;2.31;-1000.00;-1000.00
755.685;2238;-1.47;-1.32;254.09;-1.45;-1.55;-90.00;-0.00;0.50;578;0;1;0;0.79;0.45;0.37;-0.05;0.00;-0.00;0.01;0.53;-1.45;-1.55;-90.00;-0.00;0.50;0.033;1.44;2.31;-1000.00;-1000.00
755.805;2250;-1.49;-1.36;259.55;-1.45;-1.55;-90.00;-0.00;0.50;578;0;1;0;0.61;0.47;0.37;-0.10;0.00;0.05;-0.05;1.12;-1.45;-1.55;-90.00;-0.00;0.50;0.059;1.44;2.31;-1000.00;-1000.00
755.885;2260;-1.51;-1.40;266.23;-1.45;-1.55;-90.00;-0.00;0.50;578;0;1;0;0.33;0.49;0.42;-0.15;-0.00;-0.02;-0.02;0.97;-1.45;-1.55;-90.00;-0.00;0.50;0.038;1.44;2.31;-1000.00;-1000.00
755.975;2269;-1.52;-1.44;269.85;-1.45;-1.55;-90.00;-0.00;0.50;578;0;1;0;0.19;0.50;0.48;-0.12;-0.01;-0.12;0.07;0.47;-1.45;-1.55;-90.00;-0.00;0.50;0.034;1.44;2.31;-1000.00;-1000.00
756.115;2284;-1.53;-1.51;271.18;-1.45;-1.55;-90.00;-0.00;0.50;578;0;1;0;0.13;0.50;0.51;-0.01;-0.01;-0.05;0.04;0.14;-1.45;-1.55;-90.00;-0.00;0.50;0.072;1.44;2.31;-1000.00;-1000.00
756.215;2293;-1.53;-1.56;271.27;-1.45;-1.55;-90.00;-0.00;0.50;578;0;1;0;0.12;0.50;0.50;0.02;-0.01;0.04;-0.02;-0.05;-1.45;-1.55;-90.00;-0.00;0.50;0.076;1.44;2.31;-1000.00;-1000.00
756.305;2303;-1.52;-1.61;271.08;-1.45;-1.79;-90.00;-0.00;0.50;578;1;1;0;0.13;0.50;0.51;0.01;-0.01;-0.05;0.04;-0.02;-1.45;-1.59;-90.00;-0.00;0.50;0.057;1.44;2.31;-1000.00;-1000.00
756.375;2307;-1.52;-1.63;271.02;-1.45;-1.79;-90.00;-0.00;0.50;578;1;1;0;0.13;0.50;0.50;0.01;-0.01;-0.05;0.03;0.00;-1.45;-1.62;-90.00;-0.00;0.50;0.025;1.44;2.31;-1000.00;-1000.00
756.485;2320;-1.52;-1.70;270.99;-1.45;-1.79;-90.00;-0.00;0.50;578;1;1;0;0.12;0.49;0.51;0.00;-0.01;-0.06;0.04;0.02;-1.45;-1.67;-90.00;-0.00;0.50;0.039;1.44;2.31;-1000.00;-1000.00
756.585;2331;-1.52;-1.75;271.01;-1.45;-1.79;-90.00;-0.00;0.50;578;1;1;0;0.12;0.49;0.51;-0.00;-0.01;-0.08;0.05;0.01;-1.45;-1.72;-90.00;-0.00;0.50;0.042;1.44;2.31;-1000.00;-1000.00
756.685;2342;-1.52;-1.80;270.95;-1.45;-2.03;-90.00;-0.00;0.50;578;2;1;0;0.12;0.49;0.49;0.01;-0.01;0.06;-0.04;-0.02;-1.45;-1.78;-90.00;-0.00;0.50;0.038;1.44;2.31;-1000.00;-1000.00
756.765;2348;-1.52;-1.83;270.97;-1.45;-2.03;-90.00;-0.00;0.50;578;2;1;0;0.12;0.49;0.49;0.00;-0.01;-0.02;0.02;0.00;-1.45;-1.83;-90.00;-0.00;0.50;0.020;1.44;2.31;-1000.00;-1000.00
756.875;2359;-1.52;-1.89;271.00;-1.45;-2.03;-90.00;-0.00;0.50;578;2;1;0;0.11;0.49;0.50;0.00;-0.01;-0.09;0.05;0.03;-1.45;-1.86;-90.00;-0.00;0.50;0.031;1.44;2.31;-1000.00;-1000.00
756.995;2370;-1.51;-1.94;270.98;-1.45;-2.03;-90.00;-0.00;0.50;578;2;1;0;0.11;0.48;0.48;0.01;-0.01;0.06;-0.03;-0.02;-1.45;-1.92;-90.00;-0.00;0.50;0.043;1.44;2.31;-1000.00;-1000.00
757.065;2377;-1.51;-1.98;270.99;-1.45;-2.03;-90.00;-0.00;0.50;578;2;1;0;0.10;0.48;0.49;0.01;-0.01;0.02;-0.01;-0.01;-1.45;-1.96;-90.00;-0.00;0.50;0.021;1.44;2.31;-1000.00;-1000.00
757.155;2386;-1.51;-2.02;270.97;-1.45;-2.03;-90.00;-0.00;0.50;578;2;1;0;0.10;0.48;0.48;0.01;-0.01;0.06;-0.03;-0.02;-1.45;-2.01;-90.00;-0.00;0.50;0.015;1.44;2.31;-1000.00;-1000.00
757.265;2396;-1.51;-2.07;270.98;-1.45;-2.26;-90.00;-0.00;0.50;578;3;1;0;0.10;0.48;0.49;0.00;-0.01;-0.02;0.02;-0.00;-1.45;-2.07;-90.00;-0.00;0.50;0.024;1.44;2.31;-1000.00;-1000.00
757.345;2406;-1.51;-2.12;270.97;-1.45;-2.26;-90.00;-0.00;0.50;578;3;1;0;0.10;0.48;0.48;0.01;-0.01;0.06;-0.03;-0.02;-1.45;-2.11;-90.00;-0.00;0.50;0.005;1.44;2.31;-1000.00;-1000.00
757.445;2416;-1.51;-2.17;270.99;-1.45;-2.26;-90.00;-0.00;0.50;578;3;1;0;0.09;0.48;0.49;0.00;-0.01;-0.02;0.02;0.00;-1.45;-2.16;-90.00;-0.00;0.50;0.005;1.44;2.31;-1000.00;-1000.00
757.555;2427;-1.51;-2.22;270.98;-1.45;-2.26;-90.00;-0.00;0.50;578;3;1;0;0.09;0.49;0.49;0.00;-0.01;-0.08;0.05;0.01;-1.45;-2.22;-90.00;-0.00;0.50;0.010;1.44;2.31;-1000.00;-1000.00
757.655;2436;-1.51;-2.26;270.97;-1.45;-2.26;-90.00;-0.00;0.50;578;3;1;0;0.09;0.49;0.49;0.00;-0.01;-0.02;0.02;-0.00;-1.45;-2.26;-90.00;-0.00;0.50;0.007;1.44;2.31;-1000.00;-1000.00
757.755;2446;-1.50;-2.31;270.95;-1.45;-2.50;-90.00;0.00;0.50;578;4;1;0;0.08;0.49;0.48;0.01;-0.01;0.06;-0.03;-0.01;-1.45;-2.31;-90.00;-0.00;0.50;0.007;1.44;2.31;-1000.00;-1000.00
757.845;2455;-1.50;-2.36;270.97;-1.45;-2.50;-90.00;0.00;0.50;578;4;1;0;0.08;0.49;0.49;0.00;-0.01;-0.05;0.03;0.02;-1.45;-2.36;-90.00;-0.00;0.50;0.002;1.44;2.31;-1000.00;-1000.00
757.955;2465;-1.50;-2.41;271.03;-1.45;-2.50;-90.00;0.00;0.50;578;4;1;0;0.08;0.49;0.49;0.00;-0.01;-0.04;0.03;0.02;-1.45;-2.40;-90.00;-0.00;0.50;0.002;1.44;2.31;-1000.00;-1000.00
758.055;2476;-1.50;-2.46;271.06;-1.45;-2.50;-90.00;0.00;0.50;578;4;1;0;0.07;0.49;0.49;0.00;-0.01;-0.02;0.02;-0.00;-1.45;-2.45;-90.00;0.00;0.50;0.004;1.44;2.31;-1000.00;-1000.00
758.205;2492;-1.50;-2.53;271.04;-1.45;-2.75;-90.00;0.00;-0.50;574;0;1;2;0.07;0.49;0.49;0.00;-0.00;-0.02;0.01;-0.00;-1.45;-2.50;-90.00;0.00;0.50;0.053;1.44;2.31;-1000.00;-1000.00
758.325;2503;-1.50;-2.59;271.03;-1.45;-2.45;-90.00;-0.00;0.37;575;0;1;7;0.07;0.49;0.49;0.00;-0.00;-0.02;0.01;0.00;-1.45;-2.55;-90.00;0.00;-0.50;0.046;1.44;2.31;-1000.00;-1000.00
758.405;2512;-1.50;-2.61;271.13;-1.40;-2.83;-65.10;0.79;0.50;575;1;1;7;0.07;0.49;0.03;-0.04;-0.05;-0.40;0.00;0.08;-1.45;-2.59;-87.05;0.32;0.42;0.055;1.44;2.31;-1000.00;-1000.00
758.475;2517;-1.50;-2.61;271.17;-1.40;-2.83;-65.10;0.79;0.50;575;1;1;7;0.07;0.49;-0.01;0.00;0.00;-0.00;0.00;-0.01;-1.45;-2.61;-86.34;0.35;0.43;0.034;1.44;2.31;-1000.00;-1000.00
758.565;2528;-1.50;-2.61;271.09;-1.40;-2.83;-65.10;0.79;0.50;575;1;1;7;0.07;0.49;0.00;0.00;0.00;0.00;-0.00;-0.01;-1.45;-2.61;-86.34;0.35;0.43;0.021;1.44;2.31;-1000.00;-1000.00
758.675;2537;-1.50;-2.61;271.06;-1.40;-2.83;-65.10;0.79;0.50;575;1;1;7;0.07;0.49;0.00;-0.00;0.00;0.00;0.00;-0.01;-1.45;-2.61;-86.34;0.35;0.43;0.023;1.44;2.31;-1000.00;-1000.00
758.775;2547;-1.50;-2.61;271.02;-1.40;-2.83;-65.10;0.79;0.50;575;1;1;7;0.07;0.49;0.00;0.00;-0.00;0.00;-0.00;-0.00;-1.45;-2.61;-86.34;0.35;0.43;0.030;1.44;2.31;-1000.00;-1000.00
758.875;2559;-1.50;-2.61;271.00;-1.40;-2.83;-65.10;0.79;0.50;575;1;1;7;0.07;0.49;0.00;0.00;-0.00;0.00;0.00;-0.00;-1.45;-2.61;-86.34;0.35;0.43;0.026;1.44;2.31;-1000.00;-1000.00
758.975;2570;-1.50;-2.61;270.98;-1.40;-2.83;-65.10;0.79;0.50;575;1;1;7;0.07;0.49;0.00;0.00;-0.00;0.00;0.00;-0.00;-1.45;-2.61;-86.34;0.35;0.43;0.032;1.44;2.31;-1000.00;-1000.00
759.075;2579;-1.50;-2.61;270.97;-1.40;-2.83;-65.10;0.79;0.50;575;1;1;7;0.07;0.49;0.00;0.00;-0.00;0.00;0.00;-0.00;-1.45;-2.61;-86.34;0.35;0.43;0.032;1.44;2.31;-1000.00;-1000.00
759.175;2589;-1.50;-2.61;270.96;-1.40;-2.83;-65.10;0.79;0.50;575;1;1;7;0.07;0.49;0.00;0.00;-0.00;0.00;0.00;-0.00;-1.45;-2.61;-86.34;0.35;0.43;0.036;1.44;2.31;-1000.00;-1000.00
759.265;2597;-1.50;-2.61;270.96;-1.40;-2.83;-65.10;0.79;0.50;575;1;1;7;0.07;0.49;0.00;0.00;-0.00;0.00;0.00;-0.00;-1.45;-2.61;-86.34;0.35;0.43;0.024;1.44;2.31;-1000.00;-1000.00
759.375;2608;-1.50;-2.61;270.95;-1.40;-2.83;-65.10;0.79;0.50;575;1;1;7;0.07;0.49;0.00;0.00;-0.00;0.00;0.00;-0.00;-1.45;-2.61;-86.34;0.35;0.43;0.026;1.44;2.31;-1000.00;-1000.00
759.465;2616;-1.50;-2.61;270.95;-1.40;-2.83;-65.10;0.79;0.50;575;1;1;7;0.07;0.49;0.00;0.00;-0.00;0.00;0.00;-0.00;-1.45;-2.61;-86.34;0.35;0.43;0.021;1.44;2.31;-1000.00;-1000.00
759.575;2627;-1.50;-2.61;270.95;-1.40;-2.83;-65.10;0.79;0.50;575;1;1;7;0.07;0.49;0.00;0.00;-0.00;0.00;0.00;-0.00;-1.45;-2.61;-86.34;0.35;0.43;0.022;1.44;2.31;-1000.00;-1000.00
759.685;2639;-1.50;-2.61;270.94;-1.40;-2.83;-65.10;0.79;0.50;575;1;1;7;0.07;0.49;0.00;0.00;-0.00;0.00;0.00;-0.00;-1.45;-2.61;-86.34;0.35;0.43;0.041;1.44;2.31;-1000.00;-1000.00
759.755;2646;-1.50;-2.61;270.94;-1.40;-2.83;-65.10;0.79;0.50;575;1;1;7;0.07;0.49;0.00;0.00;-0.00;0.00;0.00;-0.00;-1.45;-2.61;-86.34;0.35;0.43;0.017;1.44;2.31;-1000.00;-1000.00
759.865;2657;-1.50;-2.61;270.94;-1.40;-2.83;-65.10;0.79;0.50;575;1;1;7;0.07;0.49;0.00;0.00;-0.00;0.00;0.00;-0.00;-1.45;-2.61;-86.34;0.35;0.43;0.019;1.44;2.31;-1000.00;-1000.00
759.995;2671;-1.50;-2.61;270.94;-1.40;-2.83;-65.10;0.79;0.50;575;1;1;7;0.07;0.49;0.00;0.00;-0.00;0.00;0.00;-0.00;-1.45;-2.61;-86.34;0.35;0.43;0.053;1.44;2.31;-1000.00;-1000.00
760.065;2677;-1.50;-2.61;270.94;-1.40;-2.83;-65.10;0.79;0.50;575;1;1;7;0.07;0.49;0.00;0.00;-0.00;0.00;0.00;-0.00;-1.45;-2.61;-86.34;0.35;0.43;0.024;1.44;2.31;-1000.00;-1000.00
760.185;2690;-1.50;-2.61;270.94;-1.40;-2.83;-65.10;0.79;0.50;575;1;1;7;0.47;0.49;0.00;0.00;-0.00;0.00;0.00;-0.00;-1.45;-2.61;-86.34;0.35;0.43;0.050;1.44;2.31;-1000.00;-1000.00
760.275;2698;-1.50;-2.62;271.70;-1.40;-2.83;-65.10;0.79;0.50;575;1;1;7;0.46;0.49;0.27;0.02;-0.00;0.03;0.00;0.55;-1.45;-2.61;-86.34;0.35;0.43;0.044;1.44;2.31;-1000.00;-1000.00
760.355;2707;-1.49;-2.66;275.92;-1.40;-2.83;-65.10;0.79;0.50;575;1;1;7;0.48;0.49;0.49;0.01;-0.01;0.08;-0.03;0.75;-1.44;-2.66;-83.63;0.44;0.44;0.019;1.44;2.31;-1000.00;-1000.00
760.465;2718;-1.49;-2.71;280.31;-1.40;-2.83;-65.10;0.79;0.50;575;1;1;7;0.56;0.49;0.48;-0.05;-0.01;0.02;-0.02;0.65;-1.44;-2.71;-79.95;0.54;0.46;0.027;1.44;2.31;-1000.00;-1000.00
760.595;2732;-1.48;-2.78;286.50;-1.04;-3.07;-3.77;0.79;0.50;575;2;1;7;0.60;0.48;0.46;-0.10;-0.01;-0.01;-0.00;0.81;-1.43;-2.74;-76.90;0.60;0.47;0.048;1.44;2.31;-1000.00;-1000.00
760.675;2736;-1.48;-2.80;288.30;-1.04;-3.07;-3.77;0.79;0.50;575;2;1;7;0.52;0.49;0.48;-0.12;-0.01;-0.13;0.02;0.86;-1.42;-2.77;-73.33;0.67;0.48;0.030;1.44;2.31;-1000.00;-1000.00
