t;frame;x;y;z;x_ref;y_ref;z_ref;delta_ref;u_ref;state;ellipse;control;action;delta;u;vx;vy;vz;wx;wy;wz;xr;yr;zr;delr;ur;obs1x;obs1y;obs2x;obs2y
6518.275;15;1.10;-0.30;-0.01;0.85;-0.35;-0.00;0.00;-0.50;403;1;1;2;-0.12;-0.04;0.00;0.00;-0.00;0.00;0.00;0.00;0.95;-0.35;0.00;0.00;-0.50;0.095;4.25;5.02;-1000.00;-1000.00
6518.325;16;1.10;-0.30;-0.01;0.85;-0.35;-0.00;0.00;-0.50;403;1;1;2;-0.12;-0.08;0.00;0.00;-0.00;0.00;0.00;0.00;0.95;-0.35;0.00;0.00;-0.50;0.037;4.25;5.02;-1000.00;-1000.00
6518.405;25;1.10;-0.30;0.11;0.85;-0.35;-0.00;0.00;-0.50;403;1;1;2;-0.12;-0.12;-0.08;0.00;-0.00;0.00;-0.00;0.03;0.95;-0.35;0.00;0.00;-0.50;0.017;4.25;5.02;-1000.00;-1000.00
6518.505;34;1.09;-0.30;0.26;0.85;-0.35;-0.00;0.00;-0.50;403;1;1;2;-0.11;-0.15;-0.12;-0.00;0.00;0.00;-0.00;0.04;0.95;-0.35;0.00;0.00;-0.50;0.021;4.25;5.02;-1000.00;-1000.00
6518.605;45;1.07;-0.30;0.41;0.85;-0.35;-0.00;0.00;-0.50;403;1;1;2;-0.10;-0.18;-0.15;0.00;-0.00;0.02;0.05;0.03;0.95;-0.35;0.00;0.00;-0.50;0.023;4.25;5.02;-1000.00;-1000.00
6518.705;53;1.06;-0.30;0.54;0.85;-0.35;-0.00;0.00;-0.50;403;1;1;2;-0.09;-0.21;-0.18;-0.00;0.00;0.00;0.00;0.05;0.95;-0.35;0.00;0.00;-0.50;0.017;4.25;5.02;-1000.00;-1000.00
6518.825;69;1.03;-0.30;0.89;0.85;-0.35;-0.00;0.00;-0.50;403;1;1;2;-0.08;-0.23;-0.21;0.00;0.00;0.00;-0.00;0.03;0.95;-0.35;0.00;0.00;-0.50;0.039;4.25;5.02;-1000.00;-1000.00
6518.895;75;1.02;-0.30;0.98;0.85;-0.35;-0.00;0.00;-0.50;403;1;1;2;-0.07;-0.25;-0.23;-0.00;0.00;0.00;-0.00;0.02;0.95;-0.35;0.00;0.00;-0.50;0.017;4.25;5.02;-1000.00;-1000.00
6519.015;87;0.99;-0.30;1.10;0.76;-0.35;-0.00;0.00;-0.50;403;2;1;2;-0.06;-0.27;-0.25;0.00;0.00;0.00;-0.00;0.02;0.95;-0.35;0.00;0.00;-0.50;0.024;4.25;5.02;-1000.00;-1000.00
6519.095;97;0.96;-0.30;1.16;0.76;-0.35;-0.00;0.00;-0.50;403;2;1;2;-0.06;-0.28;-0.27;0.00;0.00;0.00;-0.00;0.01;0.95;-0.35;0.00;0.00;-0.50;0.014;4.25;5.02;-1000.00;-1000.00
6519.205;107;0.93;-0.30;1.21;0.76;-0.35;-0.00;0.00;-0.50;403;2;1;2;-0.06;-0.29;-0.28;0.00;-0.00;0.00;-0.00;0.01;0.95;-0.35;-0.00;0.00;-0.50;0.025;4.25;5.02;-1000.00;-1000.00
6519.335;117;0.90;-0.30;1.23;0.65;-0.35;0.00;-0.00;0.37;217;0;1;7;-0.05;-0.30;-0.29;0.00;-0.00;0.00;-0.00;0.00;0.91;-0.35;-0.00;0.00;-0.50;0.027;4.25;5.02;-1000.00;-1000.00
6519.415;128;0.87;-0.30;1.25;1.03;-0.30;24.90;0.79;0.50;217;1;1;7;0.75;-0.26;-0.30;0.00;-0.00;0.00;-0.00;0.00;0.89;-0.34;8.71;0.51;0.45;0.027;4.25;5.02;-1000.00;-1000.00
6519.515;136;0.85;-0.30;-0.87;1.03;-0.30;24.90;0.79;0.50;217;1;1;7;0.69;-0.22;-0.25;0.02;0.00;0.07;-0.08;-0.89;0.86;-0.34;6.37;0.44;0.44;0.028;4.25;5.02;-1000.00;-1000.00
6519.595;147;0.82;-0.30;-5.11;1.03;-0.30;24.90;0.79;0.50;217;1;1;7;0.72;-0.18;-0.23;0.00;-0.01;-0.03;0.06;-0.46;0.83;-0.35;4.46;0.38;0.43;0.017;4.25;5.02;-1000.00;-1000.00
6519.695;155;0.81;-0.30;-6.72;1.03;-0.30;24.90;0.79;0.50;217;1;1;7;0.72;-0.14;-0.18;0.00;-0.01;-0.04;0.10;-0.28;0.81;-0.35;3.66;0.35;0.43;0.015;4.25;5.02;-1000.00;-1000.00
6519.815;166;0.79;-0.30;-7.87;1.03;-0.30;24.90;0.79;0.50;217;1;1;7;0.70;-0.11;-0.13;0.01;-0.01;0.06;-0.09;-0.15;0.79;-0.35;2.95;0.32;0.42;0.029;4.25;5.02;-1000.00;-1000.00
6519.925;180;0.77;-0.29;-8.20;1.03;-0.30;24.90;0.79;0.50;217;1;1;7;0.65;-0.07;-0.10;-0.00;-0.01;0.02;-0.04;-0.02;0.78;-0.35;2.32;0.29;0.42;0.035;4.25;5.02;-1000.00;-1000.00
6520.005;184;0.77;-0.29;-8.02;1.03;-0.30;24.90;0.79;0.50;217;1;1;7;0.64;-0.04;-0.08;0.00;-0.01;0.00;-0.00;0.14;0.78;-0.35;2.32;0.29;0.42;0.015;4.25;5.02;-1000.00;-1000.00
6520.105;195;0.76;-0.29;-6.93;1.03;-0.30;24.90;0.79;0.50;217;1;1;7;0.57;-0.01;-0.03;0.01;-0.01;0.03;-0.07;0.16;0.76;-0.35;1.79;0.25;0.41;0.022;4.25;5.02;-1000.00;-1000.00
6520.225;207;0.76;-0.29;-5.73;1.03;-0.30;24.90;0.79;0.50;217;1;1;7;0.51;0.02;-0.00;-0.01;-0.01;0.03;-0.05;0.15;0.76;-0.35;1.79;0.25;0.41;0.037;4.25;5.02;-1000.00;-1000.00
6520.315;218;0.76;-0.29;-4.58;1.03;-0.30;24.90;0.79;0.50;217;1;1;7;0.47;0.04;0.02;0.01;-0.01;0.02;-0.03;0.19;0.76;-0.35;1.79;0.25;0.41;0.031;4.25;5.02;-1000.00;-1000.00
6520.405;226;0.76;-0.29;-3.72;1.03;-0.30;24.90;0.79;0.50;217;1;1;7;0.44;0.06;0.04;0.00;-0.00;0.01;-0.03;0.19;0.76;-0.35;1.79;0.25;0.41;0.021;4.25;5.02;-1000.00;-1000.00
6520.515;237;0.77;-0.29;-2.79;1.03;-0.30;24.90;0.79;0.50;217;1;1;7;0.42;0.08;0.07;0.00;0.00;-0.00;0.01;0.12;0.76;-0.35;1.79;0.25;0.41;0.024;4.25;5.02;-1000.00;-1000.00
6520.605;246;0.78;-0.29;-2.16;1.03;-0.30;24.90;0.79;0.50;217;1;1;7;0.43;0.10;0.08;0.00;-0.00;0.00;0.01;0.12;0.78;-0.35;2.32;0.29;0.42;0.019;4.25;5.02;-1000.00;-1000.00
6520.715;256;0.79;-0.29;-1.50;1.03;-0.30;24.90;0.79;0.50;217;1;1;7;0.43;0.12;0.11;-0.00;-0.00;-0.01;-0.01;0.10;0.78;-0.35;2.32;0.29;0.42;0.036;4.25;5.02;-1000.00;-1000.00
6520.825;269;0.80;-0.29;-0.75;1.03;-0.30;24.90;0.79;0.50;217;1;1;7;0.46;0.13;0.12;-0.00;-0.00;-0.01;-0.02;0.09;0.79;-0.35;2.95;0.32;0.42;0.036;4.25;5.02;-1000.00;-1000.00
6520.895;274;0.81;-0.29;-0.49;1.03;-0.30;24.90;0.79;0.50;217;1;1;7;0.48;0.15;0.13;-0.00;-0.00;0.02;0.04;0.10;0.81;-0.35;3.66;0.35;0.43;0.012;4.25;5.02;-1000.00;-1000.00
6521.005;284;0.82;-0.29;0.22;1.03;-0.30;24.90;0.79;0.50;217;1;1;7;0.51;0.17;0.15;0.00;-0.01;0.05;0.08;0.13;0.83;-0.35;4.46;0.38;0.43;0.016;4.25;5.02;-1000.00;-1000.00
6521.105;297;0.84;-0.29;1.37;1.03;-0.30;24.90;0.79;0.50;217;1;1;7;0.55;0.18;0.17;0.00;-0.01;0.00;0.01;0.16;0.84;-0.35;5.36;0.41;0.44;0.026;4.25;5.02;-1000.00;-1000.00
6521.205;307;0.86;-0.29;2.42;1.03;-0.30;24.90;0.79;0.50;217;1;1;7;0.58;0.20;0.18;0.00;-0.01;0.01;0.03;0.18;0.86;-0.34;6.37;0.44;0.44;0.017;4.25;5.02;-1000.00;-1000.00
6521.315;316;0.88;-0.29;3.47;1.03;-0.30;24.90;0.79;0.50;217;1;1;7;0.66;0.21;0.19;0.01;-0.01;0.03;0.07;0.19;0.89;-0.34;8.71;0.51;0.45;0.028;4.25;5.02;-1000.00;-1000.00
6521.405;326;0.90;-0.29;4.95;1.03;-0.30;24.90;0.79;0.50;217;1;1;7;0.70;0.23;0.22;-0.00;-0.01;-0.02;-0.02;0.32;0.91;-0.34;10.05;0.54;0.46;0.021;4.25;5.02;-1000.00;-1000.00
6521.515;335;0.92;-0.29;6.89;1.27;0.06;86.23;0.79;0.50;217;2;1;7;0.73;0.24;0.21;-0.03;-0.01;0.02;0.03;0.38;0.92;-0.33;11.51;0.57;0.46;0.028;4.25;5.02;-1000.00;-1000.00
6521.595;345;0.94;-0.29;9.41;1.27;0.06;86.23;0.79;0.50;217;2;1;7;0.79;0.26;0.23;-0.06;-0.01;0.01;0.00;0.49;0.95;-0.33;14.82;0.63;0.47;0.009;4.25;5.02;-1000.00;-1000.00
6521.695;356;0.97;-0.29;13.01;1.27;0.06;86.23;0.79;0.50;217;2;1;7;0.79;0.27;0.27;-0.06;-0.00;-0.06;-0.07;0.68;0.97;-0.32;16.67;0.67;0.48;0.012;4.25;5.02;-1000.00;-1000.00
6521.805;364;0.99;-0.29;16.11;1.27;0.06;86.23;0.79;0.50;217;2;1;7;0.79;0.28;0.27;-0.11;-0.03;0.02;-0.26;0.83;1.00;-0.31;20.80;0.73;0.49;0.016;4.25;5.02;-1000.00;-1000.00
6521.895;374;1.02;-0.29;19.89;1.27;0.06;86.23;0.79;0.50;217;2;1;7;0.79;0.30;0.26;-0.08;-0.01;0.01;0.01;0.67;1.02;-0.30;23.09;0.76;0.50;0.012;4.25;5.02;-1000.00;-1000.00
6521.995;383;1.04;-0.29;23.37;1.27;0.06;86.23;0.79;0.50;217;2;1;7;0.79;0.31;0.26;-0.07;-0.01;-0.00;0.11;0.66;1.04;-0.29;25.52;0.79;0.50;0.011;4.25;5.02;-1000.00;-1000.00
6522.095;394;1.07;-0.29;28.01;1.27;0.06;86.23;0.79;0.50;217;2;1;7;0.79;0.32;0.27;-0.08;-0.01;-0.02;0.08;0.70;1.07;-0.28;30.48;0.79;0.50;0.010;4.25;5.02;-1000.00;-1000.00
6522.205;407;1.11;-0.28;33.76;1.27;0.06;86.23;0.79;0.50;217;2;1;7;0.77;0.33;0.27;-0.08;-0.01;-0.03;0.14;0.72;1.08;-0.27;32.96;0.79;0.50;0.015;4.25;5.02;-1000.00;-1000.00
6522.295;417;1.14;-0.27;38.31;1.27;0.06;86.23;0.79;0.50;217;2;1;7;0.77;0.34;0.30;-0.09;-0.01;-0.01;-0.05;0.83;1.11;-0.25;37.91;0.79;0.50;0.013;4.25;5.02;-1000.00;-1000.00
6522.395;426;1.17;-0.26;42.40;1.27;0.06;86.23;0.79;0.50;217;2;1;7;0.72;0.35;0.30;-0.11;-0.01;0.01;-0.09;0.84;1.13;-0.24;40.39;0.79;0.50;0.014;4.25;5.02;-1000.00;-1000.00
6522.495;437;1.20;-0.24;47.08;1.27;0.06;86.23;0.79;0.50;217;2;1;7;0.72;0.35;0.31;-0.09;-0.01;0.00;-0.05;0.72;1.15;-0.21;45.35;0.79;0.50;0.012;4.25;5.02;-1000.00;-1000.00
6522.605;445;1.22;-0.23;50.33;1.27;0.06;86.23;0.79;0.50;217;2;1;7;0.75;0.37;0.33;-0.10;-0.01;0.03;-0.10;0.76;1.18;-0.18;50.30;0.79;0.50;0.014;4.25;5.02;-1000.00;-1000.00
6522.695;456;1.25;-0.21;55.09;1.27;0.06;86.23;0.79;0.50;217;2;1;7;0.71;0.37;0.30;-0.10;-0.01;0.02;-0.04;0.82;1.19;-0.17;52.78;0.79;0.50;0.009;4.25;5.02;-1000.00;-1000.00
6522.795;465;1.27;-0.19;59.03;1.27;0.06;86.23;0.79;0.50;217;2;1;7;0.68;0.38;0.31;-0.09;-0.01;0.01;-0.04;0.72;1.20;-0.15;55.26;0.79;0.50;0.009;4.25;5.02;-1000.00;-1000.00
6522.895;475;1.29;-0.16;62.91;1.27;0.06;86.23;0.79;0.50;217;2;1;7;0.71;0.38;0.32;-0.07;-0.01;-0.00;-0.02;0.63;1.22;-0.12;60.21;0.79;0.50;0.010;4.25;5.02;-1000.00;-1000.00
6522.985;484;1.31;-0.14;66.40;1.27;0.06;86.23;0.79;0.50;217;2;1;7;0.70;0.39;0.31;-0.08;-0.01;0.01;-0.02;0.71;1.23;-0.11;62.69;0.79;0.50;0.008;4.25;5.02;-1000.00;-1000.00
6523.115;498;1.33;-0.10;71.98;1.27;0.06;86.23;0.79;0.50;217;2;1;7;0.73;0.39;0.32;-0.07;-0.00;-0.00;-0.01;0.66;1.24;-0.07;67.64;0.79;0.50;0.022;4.25;5.02;-1000.00;-1000.00
6523.195;503;1.34;-0.09;73.88;1.27;0.06;86.23;0.79;0.50;217;2;1;7;0.73;0.39;0.32;-0.07;0.00;-0.01;0.00;0.67;1.25;-0.06;70.12;0.79;0.50;0.012;4.25;5.02;-1000.00;-1000.00
6523.295;513;1.36;-0.06;78.81;1.27;0.06;86.23;0.79;0.50;217;2;1;7;0.73;0.39;0.31;-0.09;-0.04;-0.03;0.23;0.81;1.26;-0.02;75.08;0.79;0.50;0.012;4.25;5.02;-1000.00;-1000.00
6523.415;528;1.38;-0.01;87.67;1.09;0.44;144.20;0.73;0.50;217;3;1;7;0.64;0.39;0.38;-0.14;-0.00;0.04;-0.03;1.12;1.27;0.01;80.03;0.79;0.50;0.024;4.25;5.02;-1000.00;-1000.00
6523.505;536;1.39;0.02;92.07;1.09;0.44;144.20;0.73;0.50;217;3;1;7;0.29;0.39;0.38;-0.15;-0.01;0.13;-0.04;0.92;1.27;0.03;82.51;0.79;0.50;0.014;4.25;5.02;-1000.00;-1000.00
6523.595;547;1.40;0.06;94.87;1.09;0.44;144.20;0.73;0.50;217;3;1;7;0.39;0.40;0.41;-0.04;-0.01;0.06;-0.06;0.16;1.27;0.07;87.47;0.78;0.50;0.009;4.25;5.02;-1000.00;-1000.00
6523.695;555;1.40;0.10;96.14;1.09;0.44;144.20;0.73;0.50;217;3;1;7;0.49;0.41;0.39;-0.01;-0.01;-0.16;0.08;0.27;1.28;0.08;89.93;0.78;0.50;0.009;4.25;5.02;-1000.00;-1000.00
6523.785;564;1.40;0.13;98.51;1.09;0.44;144.20;0.73;0.50;217;3;1;7;0.60;0.41;0.41;-0.03;-0.01;-0.02;-0.00;0.52;1.27;0.12;94.83;0.78;0.50;0.005;4.25;5.02;-1000.00;-1000.00
6523.895;574;1.40;0.17;102.24;1.09;0.44;144.20;0.73;0.50;217;3;1;7;0.66;0.42;0.41;-0.09;-0.05;0.11;0.14;0.81;1.27;0.16;99.69;0.77;0.50;0.006;4.25;5.02;-1000.00;-1000.00
6523.985;585;1.39;0.22;107.36;1.09;0.44;144.20;0.73;0.50;217;3;1;7;0.67;0.43;0.39;-0.09;-0.00;-0.08;0.00;0.82;1.26;0.19;104.50;0.77;0.50;0.005;4.25;5.02;-1000.00;-1000.00
6524.085;593;1.39;0.25;111.42;1.09;0.44;144.20;0.73;0.50;217;3;1;7;0.65;0.43;0.40;-0.12;-0.01;0.07;-0.02;0.91;1.26;0.21;106.88;0.77;0.50;0.006;4.25;5.02;-1000.00;-1000.00
6524.195;607;1.38;0.31;118.02;1.09;0.44;144.20;0.73;0.50;217;3;1;7;0.64;0.43;0.41;-0.12;-0.01;0.15;0.00;0.84;1.24;0.24;111.63;0.76;0.50;0.016;4.25;5.02;-1000.00;-1000.00
6524.285;612;1.38;0.33;120.15;1.09;0.44;144.20;0.73;0.50;217;3;1;7;0.65;0.44;0.41;-0.11;-0.01;0.15;0.01;0.80;1.24;0.26;113.98;0.76;0.50;0.004;4.25;5.02;-1000.00;-1000.00
6524.395;627;1.35;0.38;126.57;1.09;0.44;144.20;0.73;0.50;217;3;1;7;0.70;0.44;0.41;-0.12;-0.01;0.15;0.03;0.83;1.21;0.31;120.99;0.75;0.50;0.011;4.25;5.02;-1000.00;-1000.00
6524.485;635;1.34;0.41;130.44;1.09;0.44;144.20;0.73;0.50;217;3;1;7;0.68;0.43;0.37;-0.10;-0.01;-0.11;-0.04;0.81;1.20;0.32;123.30;0.75;0.50;0.004;4.25;5.02;-1000.00;-1000.00
6524.585;644;1.32;0.44;134.78;1.09;0.44;144.20;0.73;0.50;217;3;1;7;0.64;0.43;0.39;-0.10;-0.01;0.04;0.01;0.80;1.19;0.34;125.60;0.75;0.50;0.004;4.25;5.02;-1000.00;-1000.00
6524.695;654;1.30;0.48;139.14;1.09;0.44;144.20;0.73;0.50;217;3;1;7;0.66;0.42;0.40;-0.07;-0.01;0.04;-0.01;0.70;1.17;0.37;130.18;0.74;0.50;0.005;4.25;5.02;-1000.00;-1000.00
6524.785;663;1.28;0.50;142.74;1.09;0.44;144.20;0.73;0.50;217;3;1;7;0.65;0.41;0.38;-0.08;-0.01;0.03;-0.01;0.69;1.16;0.38;132.45;0.74;0.50;0.004;4.25;5.02;-1000.00;-1000.00
6524.895;673;1.25;0.53;146.63;1.09;0.44;144.20;0.73;0.50;217;3;1;7;0.68;0.40;0.37;-0.08;-0.01;0.03;-0.01;0.64;1.13;0.41;136.96;0.74;0.50;0.009;4.25;5.02;-1000.00;-1000.00
6524.995;686;1.22;0.56;151.51;1.09;0.44;144.20;0.73;0.50;217;3;1;7;0.69;0.39;0.35;-0.08;-0.01;0.03;0.01;0.67;1.10;0.43;141.43;0.73;0.50;0.012;4.25;5.02;-1000.00;-1000.00
6525.085;696;1.19;0.59;155.29;1.09;0.44;144.20;0.73;0.50;217;3;1;7;0.66;0.38;0.34;-0.07;-0.01;0.03;0.01;0.63;1.09;0.44;143.65;0.73;0.50;0.008;4.25;5.02;-1000.00;-1000.00
6525.205;705;1.16;0.60;158.29;1.09;0.44;144.20;0.73;0.50;217;3;1;7;0.67;0.37;0.34;-0.05;-0.00;0.02;-0.01;0.52;1.06;0.46;147.96;0.70;0.50;0.014;4.25;5.02;-1000.00;-1000.00
6525.295;715;1.13;0.62;161.31;1.09;0.44;144.20;0.73;0.50;217;3;1;7;0.64;0.36;0.33;-0.05;-0.00;0.02;-0.01;0.52;1.05;0.47;150.01;0.68;0.50;0.009;4.25;5.02;-1000.00;-1000.00
6525.385;723;1.11;0.63;163.67;1.09;0.44;144.20;0.73;0.50;217;3;1;7;0.62;0.35;0.32;-0.08;-0.04;-0.07;0.12;0.56;1.03;0.48;151.99;0.66;0.50;0.005;4.25;5.02;-1000.00;-1000.00
6525.495;734;1.07;0.65;167.38;1.09;0.44;144.20;0.73;0.50;217;3;1;7;0.59;0.34;0.34;-0.07;-0.00;-0.04;-0.03;0.57;1.00;0.50;155.74;0.63;0.50;0.006;4.25;5.02;-1000.00;-1000.00
6525.585;742;1.05;0.66;170.22;1.09;0.44;144.20;0.73;0.50;217;3;1;7;0.54;0.32;0.37;-0.07;-0.00;0.08;0.05;0.66;0.98;0.50;157.52;0.61;0.50;0.004;4.25;5.02;-1000.00;-1000.00
6525.685;753;1.01;0.67;173.81;1.09;0.44;144.20;0.73;0.50;217;3;1;7;0.47;0.31;0.31;-0.05;-0.01;-0.09;-0.10;0.41;0.96;0.51;159.23;0.59;0.50;0.005;4.25;5.02;-1000.00;-1000.00
6525.795;766;0.97;0.68;176.97;1.09;0.44;144.20;0.73;0.50;217;3;1;7;0.44;0.29;0.29;-0.04;-0.01;-0.05;-0.06;0.30;0.93;0.52;162.46;0.56;0.50;0.006;4.25;5.02;-1000.00;-1000.00
6525.895;776;0.94;0.69;178.61;1.09;0.44;144.20;0.73;0.50;217;3;1;7;0.42;0.27;0.28;-0.02;-0.01;-0.10;-0.15;0.21;0.91;0.53;163.98;0.54;0.50;0.009;4.25;5.02;-1000.00;-1000.00
6525.985;785;0.92;0.69;180.00;1.09;0.44;144.20;0.73;0.50;217;3;1;7;0.43;0.26;0.28;-0.02;-0.01;0.01;0.00;0.22;0.88;0.54;166.84;0.51;0.50;0.005;4.25;5.02;-1000.00;-1000.00
6526.085;795;0.89;0.69;180.99;1.09;0.44;144.20;0.73;0.50;217;3;1;7;0.42;0.25;0.26;0.01;-0.01;-0.03;-0.06;0.13;0.86;0.54;168.18;0.49;0.50;0.007;4.25;5.02;-1000.00;-1000.00
6526.195;804;0.87;0.69;181.55;1.09;0.44;144.20;0.73;0.50;217;3;1;7;0.42;0.24;0.25;0.01;-0.01;-0.03;-0.06;0.06;0.84;0.54;169.47;0.47;0.50;0.005;4.26;5.02;-1000.00;-1000.00
6526.295;815;0.84;0.69;182.00;1.09;0.44;144.20;0.73;0.50;217;3;1;7;0.42;0.23;0.24;0.00;-0.01;0.00;-0.01;0.05;0.82;0.55;170.70;0.45;0.50;0.013;4.26;5.02;-1000.00;-1000.00
6526.435;828;0.81;0.69;182.38;0.51;0.56;171.38;-0.63;0.50;489;1;1;4;0.43;0.22;0.24;0.00;-0.01;0.03;0.05;0.07;0.81;0.55;171.87;0.44;0.50;0.037;4.26;5.02;-1000.00;-1000.00
6526.515;838;0.79;0.68;182.57;0.51;0.56;171.38;-0.63;0.50;489;1;1;4;0.37;0.22;0.22;0.01;-0.01;-0.04;-0.08;-0.00;0.65;0.55;180.00;-0.08;0.06;0.026;4.26;5.02;-1000.00;-1000.00
6526.625;846;0.77;0.68;182.60;0.25;0.65;154.12;-0.22;0.50;489;2;1;4;0.33;0.23;0.24;0.00;-0.01;0.03;0.05;0.01;0.65;0.55;180.00;-0.08;0.06;0.033;4.26;5.02;-1000.00;-1000.00
6526.695;857;0.74;0.68;182.48;0.25;0.65;154.12;-0.22;0.50;489;2;1;4;0.15;0.22;0.23;0.01;-0.01;0.02;0.04;-0.02;0.65;0.55;180.00;-0.08;0.06;0.010;4.26;5.02;-1000.00;-1000.00
6526.795;865;0.72;0.68;181.88;0.25;0.65;154.12;-0.22;0.50;489;2;1;4;0.15;0.21;0.23;0.01;-0.01;0.03;0.05;-0.14;0.65;0.55;180.00;-0.08;0.06;0.012;4.26;5.02;-1000.00;-1000.00
6526.905;876;0.70;0.68;180.94;0.25;0.65;154.12;-0.22;0.50;489;2;1;4;0.17;0.19;0.21;-0.00;-0.01;-0.03;-0.06;-0.15;0.65;0.55;180.00;-0.08;0.06;0.014;4.26;5.02;-1000.00;-1000.00
6526.995;884;0.68;0.68;180.54;0.25;0.65;154.12;-0.22;0.50;489;2;1;4;0.17;0.18;0.20;0.00;-0.01;0.03;0.05;-0.05;0.65;0.55;180.00;-0.08;0.06;0.009;4.26;5.02;-1000.00;-1000.00
6527.095;893;0.67;0.68;180.26;0.25;0.65;154.12;-0.22;0.50;489;2;1;4;0.17;0.16;0.19;0.00;-0.01;0.02;0.03;-0.05;0.65;0.55;180.00;-0.08;0.06;0.013;4.26;5.02;-1000.00;-1000.00
6527.205;907;0.64;0.68;179.91;0.25;0.65;154.12;-0.22;0.50;489;2;1;4;0.16;0.15;0.17;0.00;-0.01;0.02;0.02;-0.03;0.65;0.55;180.00;-0.08;0.06;0.022;4.26;5.02;-1000.00;-1000.00
6527.305;918;0.63;0.68;179.66;0.25;0.65;154.12;-0.22;0.50;489;2;1;4;-0.02;0.14;0.15;0.00;-0.01;0.02;0.01;-0.03;0.63;0.55;179.57;-0.25;0.20;0.015;4.26;5.02;-1000.00;-1000.00
6527.395;926;0.61;0.68;179.20;0.25;0.65;154.12;-0.22;0.50;489;2;1;4;-0.07;0.13;0.14;0.01;-0.00;0.02;0.01;-0.11;0.62;0.55;179.19;-0.30;0.24;0.012;4.26;5.02;-1000.00;-1000.00
6527.505;937;0.60;0.68;178.39;0.25;0.65;154.12;-0.22;0.50;489;2;1;4;-0.19;0.13;0.13;0.00;-0.00;0.02;0.02;-0.10;0.59;0.55;177.88;-0.41;0.32;0.015;4.26;5.02;-1000.00;-1000.00
6527.595;945;0.59;0.68;177.89;0.25;0.65;154.12;-0.22;0.50;489;2;1;4;-0.26;0.13;0.13;-0.00;0.00;-0.00;-0.01;-0.11;0.58;0.55;176.89;-0.46;0.36;0.010;4.26;5.02;-1000.00;-1000.00
6527.695;956;0.57;0.68;177.16;0.25;0.65;154.12;-0.22;0.50;489;2;1;4;-0.33;0.14;0.13;-0.00;-0.00;-0.01;0.01;-0.10;0.56;0.55;175.63;-0.51;0.40;0.009;4.26;5.02;-1000.00;-1000.00
6527.795;965;0.56;0.68;176.52;0.25;0.65;154.12;-0.22;0.50;489;2;1;4;-0.37;0.14;0.14;-0.00;-0.00;-0.00;-0.02;-0.13;0.55;0.55;174.89;-0.53;0.42;0.009;4.26;5.02;-1000.00;-1000.00
6527.895;975;0.55;0.68;175.89;0.25;0.65;154.12;-0.22;0.50;489;2;1;4;-0.47;0.15;0.15;0.01;-0.00;-0.01;0.01;-0.10;0.53;0.56;173.17;-0.58;0.46;0.010;4.26;5.02;-1000.00;-1000.00
6527.995;984;0.53;0.68;175.24;0.25;0.65;154.12;-0.22;0.50;489;2;1;4;-0.51;0.16;0.16;0.01;-0.01;-0.02;0.03;-0.15;0.52;0.56;172.18;-0.61;0.48;0.009;4.26;5.02;-1000.00;-1000.00
6528.105;995;0.52;0.68;174.34;0.25;0.65;154.12;-0.22;0.50;489;2;1;4;-0.57;0.17;0.16;-0.01;-0.01;0.06;-0.12;-0.14;0.50;0.56;170.03;-0.61;0.50;0.019;4.26;5.02;-1000.00;-1000.00
6528.195;1004;0.50;0.68;173.49;0.25;0.65;154.12;-0.22;0.50;489;2;1;4;-0.59;0.18;0.18;0.00;-0.01;-0.04;0.08;-0.21;0.48;0.56;167.98;-0.57;0.50;0.009;4.26;5.02;-1000.00;-1000.00
6528.305;1014;0.49;0.69;172.41;0.01;0.77;155.85;0.31;0.50;489;3;1;4;-0.59;0.19;0.20;0.00;-0.01;-0.05;0.09;-0.21;0.46;0.57;166.08;-0.54;0.50;0.021;4.26;5.02;-1000.00;-1000.00
6528.385;1022;0.47;0.69;171.58;0.01;0.77;155.85;0.31;0.50;489;3;1;4;-0.51;0.20;0.20;0.00;-0.01;-0.05;0.10;-0.22;0.44;0.57;165.18;-0.52;0.50;0.004;4.26;5.02;-1000.00;-1000.00
6528.495;1033;0.45;0.69;170.73;0.01;0.77;155.85;0.31;0.50;489;3;1;4;-0.55;0.20;0.20;-0.01;-0.01;0.03;-0.08;-0.05;0.41;0.58;162.68;-0.47;0.50;0.004;4.26;5.02;-1000.00;-1000.00
6528.595;1046;0.42;0.70;169.97;0.01;0.77;155.85;0.31;0.50;489;3;1;4;-0.55;0.21;0.20;0.00;-0.01;0.01;-0.03;-0.12;0.39;0.59;161.18;-0.44;0.50;0.011;4.26;5.02;-1000.00;-1000.00
6528.695;1056;0.40;0.70;169.21;0.01;0.77;155.85;0.31;0.50;489;3;1;4;-0.55;0.21;0.22;0.01;-0.01;-0.05;0.08;-0.15;0.37;0.60;159.80;-0.41;0.50;0.013;4.26;5.02;-1000.00;-1000.00
6528.795;1067;0.38;0.71;168.50;0.01;0.77;155.85;0.31;0.50;489;3;1;4;-0.57;0.22;0.21;-0.01;-0.01;0.02;-0.07;-0.08;0.34;0.61;157.96;-0.36;0.50;0.010;4.26;5.02;-1000.00;-1000.00
6528.895;1075;0.36;0.71;167.69;0.01;0.77;155.85;0.31;0.50;489;3;1;4;-0.57;0.22;0.21;0.02;-0.01;0.04;-0.11;-0.14;0.32;0.62;156.88;-0.33;0.50;0.008;4.26;5.02;-1000.00;-1000.00
6528.985;1085;0.34;0.71;166.39;0.01;0.77;155.85;0.31;0.50;489;3;1;4;-0.54;0.23;0.22;0.02;-0.01;0.07;-0.19;-0.18;0.30;0.63;155.91;-0.29;0.50;0.006;4.26;5.02;-1000.00;-1000.00
6529.095;1095;0.32;0.71;164.97;0.01;0.77;155.85;0.31;0.50;489;3;1;4;-0.50;0.24;0.24;0.03;-0.01;-0.05;0.08;-0.26;0.28;0.64;155.05;-0.26;0.50;0.010;4.26;5.02;-1000.00;-1000.00
6529.195;1103;0.30;0.71;163.81;0.01;0.77;155.85;0.31;0.50;489;3;1;4;-0.45;0.24;0.24;0.01;-0.01;-0.00;-0.02;-0.20;0.27;0.64;154.66;-0.24;0.50;0.005;4.26;5.02;-1000.00;-1000.00
6529.295;1113;0.27;0.72;162.94;0.01;0.77;155.85;0.31;0.50;489;3;1;4;-0.42;0.25;0.25;-0.01;-0.01;0.01;-0.05;-0.09;0.24;0.65;153.65;-0.19;0.50;0.007;4.26;5.02;-1000.00;-1000.00
6529.395;1123;0.25;0.73;162.42;0.01;0.77;155.85;0.31;0.50;489;3;1;4;-0.38;0.26;0.26;-0.01;-0.01;-0.02;0.05;-0.09;0.22;0.66;153.13;-0.14;0.50;0.010;4.26;5.02;-1000.00;-1000.00
6529.495;1136;0.22;0.74;162.03;0.01;0.77;155.85;0.31;0.50;489;3;1;4;-0.33;0.26;0.27;-0.00;-0.01;-0.01;0.06;-0.04;0.20;0.67;152.75;-0.10;0.50;0.010;4.26;5.02;-1000.00;-1000.00
6529.605;1146;0.19;0.75;162.10;0.01;0.77;155.85;0.31;0.50;489;3;1;4;-0.30;0.27;0.27;-0.00;-0.01;0.00;-0.02;0.02;0.17;0.69;152.42;-0.04;0.50;0.011;4.26;5.02;-1000.00;-1000.00
6529.695;1157;0.16;0.76;162.15;0.01;0.77;155.85;0.31;0.50;489;3;1;4;-0.26;0.27;0.27;-0.01;-0.01;-0.00;-0.01;0.03;0.14;0.71;152.39;0.03;0.50;0.007;4.26;5.02;-1000.00;-1000.00
6529.785;1165;0.14;0.77;162.38;0.01;0.77;155.85;0.31;0.50;489;3;1;4;-0.23;0.28;0.28;-0.00;-0.01;-0.00;-0.01;0.05;0.12;0.72;152.53;0.07;0.50;0.004;4.26;5.02;-1000.00;-1000.00
6529.885;1174;0.12;0.77;162.67;0.01;0.77;155.85;0.31;0.50;489;3;1;4;-0.19;0.29;0.28;-0.01;-0.01;0.01;-0.05;0.07;0.10;0.73;152.81;0.11;0.50;0.005;4.26;5.02;-1000.00;-1000.00
6529.995;1184;0.09;0.78;162.99;-0.26;0.84;179.43;0.79;0.50;489;4;1;4;-0.13;0.29;0.30;-0.00;-0.01;-0.02;0.06;0.03;0.07;0.74;153.48;0.18;0.50;0.007;4.26;5.02;-1000.00;-1000.00
6530.085;1193;0.07;0.79;163.34;-0.26;0.84;179.43;0.79;0.50;489;4;1;4;-0.07;0.29;0.30;-0.00;-0.01;-0.02;0.07;0.06;0.05;0.75;154.09;0.22;0.50;0.005;4.26;5.02;-1000.00;-1000.00
6530.195;1203;0.04;0.80;163.85;-0.26;0.84;179.43;0.79;0.50;489;4;1;4;0.00;0.30;0.30;-0.01;-0.01;-0.01;0.03;0.09;0.02;0.77;155.27;0.28;0.50;0.013;4.26;5.02;-1000.00;-1000.00
6530.345;1222;-0.02;0.82;165.21;-0.25;0.85;180.00;0.11;0.00;469;1;1;5;0.08;0.30;0.30;-0.01;-0.01;-0.01;0.02;0.18;-0.00;0.77;156.22;0.32;0.50;0.053;4.26;5.02;-1000.00;-1000.00
6530.415;1226;-0.03;0.82;165.68;-0.44;0.83;193.57;0.65;0.50;469;2;1;5;0.18;0.32;0.30;0.01;-0.00;0.02;-0.07;0.21;-0.25;0.85;180.04;0.18;0.07;0.034;4.26;5.02;-1000.00;-1000.00
6530.505;1234;-0.05;0.82;166.55;-0.44;0.83;193.57;0.65;0.50;469;2;1;5;0.21;0.34;0.31;0.00;0.00;-0.01;-0.02;0.22;-0.25;0.85;180.04;0.18;0.07;0.021;4.26;5.02;-1000.00;-1000.00
6530.585;1245;-0.09;0.83;167.85;-0.44;0.83;193.57;0.65;0.50;469;2;1;5;0.25;0.36;0.34;-0.01;-0.00;-0.04;-0.05;0.18;-0.25;0.85;180.04;0.18;0.07;0.007;4.26;5.02;-1000.00;-1000.00
6530.695;1253;-0.12;0.84;168.82;-0.44;0.83;193.57;0.65;0.50;469;2;1;5;0.29;0.37;0.37;-0.01;-0.01;0.06;0.06;0.24;-0.25;0.85;180.04;0.18;0.07;0.009;4.26;5.02;-1000.00;-1000.00
6530.815;1268;-0.17;0.85;170.74;-0.44;0.83;193.57;0.65;0.50;469;2;1;5;0.35;0.37;0.37;0.01;-0.01;-0.04;-0.05;0.21;-0.25;0.85;180.04;0.18;0.07;0.026;4.26;5.02;-1000.00;-1000.00
6530.905;1276;-0.20;0.85;171.94;-0.44;0.83;193.57;0.65;0.50;469;2;1;5;0.38;0.37;0.39;0.00;-0.01;0.04;0.04;0.32;-0.25;0.85;180.04;0.18;0.07;0.020;4.26;5.02;-1000.00;-1000.00
6530.995;1287;-0.24;0.86;173.70;-0.44;0.83;193.57;0.65;0.50;469;2;1;5;0.41;0.37;0.39;0.00;-0.01;0.03;0.03;0.28;-0.25;0.85;180.04;0.18;0.07;0.009;4.26;5.02;-1000.00;-1000.00
6531.115;1295;-0.27;0.86;174.94;-0.44;0.83;193.57;0.65;0.50;469;2;1;5;0.53;0.36;0.37;0.00;-0.00;-0.05;-0.07;0.24;-0.27;0.85;180.57;0.29;0.17;0.022;4.26;5.02;-1000.00;-1000.00
6531.195;1304;-0.30;0.87;176.81;-0.75;0.62;234.67;0.68;0.50;469;3;1;5;0.63;0.36;0.36;-0.02;-0.00;-0.12;-0.16;0.41;-0.31;0.85;182.20;0.40;0.27;0.008;4.26;5.02;-1000.00;-1000.00
6531.295;1314;-0.34;0.87;180.68;-0.75;0.62;234.67;0.68;0.50;469;3;1;5;0.62;0.37;0.37;-0.11;-0.01;0.05;0.12;0.86;-0.33;0.85;183.97;0.46;0.33;0.005;4.26;5.02;-1000.00;-1000.00
6531.385;1325;-0.38;0.88;185.31;-0.75;0.62;234.67;0.68;0.50;469;3;1;5;0.64;0.37;0.38;-0.08;-0.00;0.07;0.06;0.75;-0.38;0.84;187.54;0.55;0.41;0.005;4.26;5.02;-1000.00;-1000.00
6531.495;1333;-0.41;0.89;188.89;-0.75;0.62;234.67;0.68;0.50;469;3;1;5;0.64;0.38;0.36;-0.11;-0.01;0.03;0.10;0.82;-0.40;0.84;189.93;0.60;0.45;0.005;4.26;5.02;-1000.00;-1000.00
6531.585;1342;-0.44;0.89;192.84;-0.75;0.62;234.67;0.68;0.50;469;3;1;5;0.65;0.39;0.35;-0.09;-0.01;-0.01;-0.01;0.74;-0.43;0.83;192.78;0.64;0.49;0.005;4.26;5.02;-1000.00;-1000.00
6531.695;1356;-0.50;0.88;198.68;-0.75;0.62;234.67;0.68;0.50;469;3;1;5;0.62;0.39;0.36;-0.07;-0.00;-0.01;-0.12;0.69;-0.46;0.83;195.98;0.65;0.50;0.010;4.26;5.02;-1000.00;-1000.00
6531.795;1367;-0.54;0.88;203.25;-0.75;0.62;234.67;0.68;0.50;469;3;1;5;0.62;0.40;0.37;-0.08;-0.01;0.00;-0.04;0.64;-0.51;0.81;200.85;0.66;0.50;0.008;4.26;5.02;-1000.00;-1000.00
6531.895;1375;-0.57;0.87;206.34;-0.75;0.62;234.67;0.68;0.50;469;3;1;5;0.63;0.40;0.39;-0.08;-0.01;0.04;0.06;0.73;-0.54;0.80;204.11;0.66;0.50;0.008;4.26;5.02;-1000.00;-1000.00
6531.985;1386;-0.61;0.86;210.84;-0.75;0.62;234.67;0.68;0.50;469;3;1;5;0.62;0.41;0.37;-0.07;-0.01;0.02;-0.10;0.65;-0.56;0.78;207.39;0.66;0.50;0.005;4.26;5.02;-1000.00;-1000.00
6532.095;1394;-0.64;0.85;214.02;-0.75;0.62;234.67;0.68;0.50;469;3;1;5;0.64;0.41;0.39;-0.11;-0.02;-0.04;0.19;0.78;-0.59;0.77;210.69;0.66;0.50;0.008;4.26;5.02;-1000.00;-1000.00
6532.195;1404;-0.67;0.83;218.10;-0.75;0.62;234.67;0.68;0.50;469;3;1;5;0.63;0.41;0.37;-0.07;-0.01;0.04;-0.12;0.66;-0.62;0.75;214.00;0.67;0.50;0.008;4.26;5.02;-1000.00;-1000.00
6532.285;1413;-0.70;0.82;221.75;-0.75;0.62;234.67;0.68;0.50;469;3;1;5;0.64;0.41;0.38;-0.09;-0.01;0.00;0.10;0.72;-0.64;0.74;217.33;0.67;0.50;0.004;4.26;5.02;-1000.00;-1000.00
6532.395;1424;-0.74;0.80;226.22;-0.75;0.62;234.67;0.68;0.50;469;3;1;5;0.63;0.41;0.37;-0.08;-0.01;0.01;-0.03;0.68;-0.67;0.72;220.68;0.67;0.50;0.005;4.26;5.02;-1000.00;-1000.00
6532.495;1432;-0.76;0.78;229.52;-0.75;0.62;234.67;0.68;0.50;469;3;1;5;0.64;0.41;0.36;-0.07;-0.01;0.05;-0.09;0.65;-0.69;0.69;224.05;0.67;0.50;0.005;4.26;5.02;-1000.00;-1000.00
6532.585;1443;-0.80;0.75;233.89;-0.75;0.62;234.67;0.68;0.50;469;3;1;5;0.64;0.41;0.37;-0.08;-0.01;0.01;0.03;0.68;-0.71;0.67;227.43;0.68;0.50;0.005;4.26;5.02;-1000.00;-1000.00
6532.695;1456;-0.83;0.72;238.89;-0.75;0.62;234.67;0.68;0.50;469;3;1;5;0.66;0.40;0.36;-0.08;-0.01;-0.01;0.03;0.66;-0.74;0.64;232.53;0.68;0.50;0.013;4.26;5.02;-1000.00;-1000.00
6532.795;1466;-0.85;0.69;242.70;-0.75;0.62;234.67;0.68;0.50;469;3;1;5;0.62;0.39;0.35;-0.08;-0.01;-0.01;0.03;0.67;-0.75;0.62;234.24;0.68;0.50;0.013;4.26;5.02;-1000.00;-1000.00
6532.885;1475;-0.87;0.66;245.87;-0.75;0.62;234.67;0.68;0.50;469;3;1;5;0.62;0.39;0.35;-0.06;-0.00;0.01;0.02;0.55;-0.77;0.60;237.63;0.67;0.50;0.006;4.26;5.02;-1000.00;-1000.00
6532.985;1485;-0.89;0.63;248.98;-0.75;0.62;234.67;0.68;0.50;469;3;1;5;0.62;0.38;0.35;-0.05;-0.00;-0.00;0.02;0.52;-0.78;0.57;240.91;0.65;0.50;0.004;4.26;5.02;-1000.00;-1000.00
6533.095;1494;-0.90;0.61;251.64;-0.75;0.62;234.67;0.68;0.50;469;3;1;5;0.63;0.37;0.34;-0.04;0.00;0.04;-0.05;0.49;-0.80;0.55;244.08;0.64;0.50;0.005;4.26;5.02;-1000.00;-1000.00
6533.195;1504;-0.92;0.57;255.14;-0.75;0.62;234.67;0.68;0.50;469;3;1;5;0.58;0.36;0.35;-0.04;0.00;0.13;-0.14;0.59;-0.80;0.53;245.63;0.63;0.50;0.008;4.26;5.02;-1000.00;-1000.00
6533.295;1513;-0.93;0.54;258.66;-0.75;0.62;234.67;0.68;0.50;469;3;1;5;0.55;0.35;0.37;-0.12;-0.03;-0.22;0.07;0.78;-0.82;0.50;248.66;0.61;0.50;0.005;4.26;5.02;-1000.00;-1000.00
6533.405;1527;-0.95;0.50;263.52;-0.86;0.26;269.43;0.49;0.50;469;4;1;5;0.48;0.34;0.35;-0.10;-0.01;-0.09;0.06;0.63;-0.83;0.47;251.58;0.60;0.50;0.017;4.26;5.02;-1000.00;-1000.00
6533.525;1538;-0.96;0.46;266.31;-0.86;0.11;-98.62;-0.63;0.50;1052;1;1;4;0.34;0.34;0.33;-0.04;-0.01;0.14;-0.10;0.33;-0.83;0.44;254.41;0.58;0.50;0.029;4.26;5.02;-1000.00;-1000.00
6533.605;1546;-0.97;0.43;267.38;-0.86;0.11;-98.62;-0.63;0.50;1052;1;1;4;0.67;0.34;0.33;-0.02;-0.01;0.12;-0.08;0.13;-0.85;0.25;-90.00;-0.08;0.06;0.020;4.26;5.02;-1000.00;-1000.00
6533.695;1555;-0.97;0.40;269.79;-0.86;0.11;-98.62;-0.63;0.50;1052;1;1;4;0.51;0.34;0.33;-0.02;-0.01;0.14;-0.09;0.71;-0.85;0.25;-90.00;-0.08;0.06;0.011;4.26;5.02;-1000.00;-1000.00
6533.815;1565;-0.98;0.37;273.30;-0.95;-0.15;-115.88;-0.22;0.50;1052;2;1;4;0.29;0.34;0.34;-0.08;-0.06;-0.15;-0.13;0.51;-0.85;0.25;-90.00;-0.08;0.06;0.027;4.26;5.02;-1000.00;-1000.00
6533.895;1574;-0.98;0.34;275.12;-0.95;-0.15;-115.88;-0.22;0.50;1052;2;1;4;0.02;0.32;0.33;-0.06;-0.01;-0.06;0.02;0.15;-0.85;0.25;-90.00;-0.08;0.06;0.008;4.26;5.02;-1000.00;-1000.00
6534.005;1585;-0.98;0.30;274.63;-0.95;-0.15;-115.88;-0.22;0.50;1052;2;1;4;0.00;0.31;0.32;-0.01;-0.01;0.01;-0.01;-0.22;-0.85;0.25;-90.00;-0.08;0.06;0.023;4.26;5.02;-1000.00;-1000.00
6534.105;1597;-0.98;0.27;273.48;-0.95;-0.15;-115.88;-0.22;0.50;1052;2;1;4;0.01;0.29;0.31;0.02;-0.01;-0.03;0.02;-0.12;-0.85;0.25;-90.00;-0.08;0.06;0.018;4.26;5.02;-1000.00;-1000.00
6534.195;1603;-0.98;0.25;273.12;-0.95;-0.15;-115.88;-0.22;0.50;1052;2;1;4;0.01;0.27;0.30;0.01;-0.00;-0.01;0.02;-0.09;-0.85;0.25;-90.00;-0.08;0.06;0.009;4.26;5.02;-1000.00;-1000.00
6534.295;1616;-0.97;0.21;272.57;-0.95;-0.15;-115.88;-0.22;0.50;1052;2;1;4;-0.31;0.26;0.27;0.00;-0.00;-0.01;0.01;-0.06;-0.85;0.21;-91.36;-0.35;0.28;0.010;4.26;5.02;-1000.00;-1000.00
6534.395;1626;-0.97;0.18;271.19;-0.95;-0.15;-115.88;-0.22;0.50;1052;2;1;4;-0.39;0.26;0.27;0.00;-0.00;-0.00;-0.01;-0.28;-0.85;0.18;-92.58;-0.43;0.34;0.013;4.26;5.02;-1000.00;-1000.00
6534.495;1635;-0.97;0.16;269.72;-0.95;-0.15;-115.88;-0.22;0.50;1052;2;1;4;-0.59;0.26;0.27;0.01;-0.00;0.02;0.00;-0.27;-0.85;0.14;-95.93;-0.56;0.44;0.012;4.26;5.02;-1000.00;-1000.00
6534.605;1645;-0.97;0.13;267.48;-0.95;-0.15;-115.88;-0.22;0.50;1052;2;1;4;-0.64;0.27;0.28;0.01;-0.01;-0.06;-0.04;-0.47;-0.86;0.12;-97.82;-0.61;0.48;0.022;4.26;5.02;-1000.00;-1000.00
6534.695;1654;-0.97;0.11;265.23;-0.95;-0.15;-115.88;-0.22;0.50;1052;2;1;4;-0.66;0.28;0.27;0.00;-0.01;0.03;0.00;-0.42;-0.86;0.09;-101.01;-0.59;0.50;0.008;4.26;5.02;-1000.00;-1000.00
6534.815;1668;-0.97;0.07;261.34;-1.07;-0.39;-114.15;0.31;0.50;1052;3;1;4;-0.62;0.29;0.29;0.08;-0.01;-0.13;-0.04;-0.61;-0.87;0.06;-103.92;-0.54;0.50;0.021;4.26;5.02;-1000.00;-1000.00
6534.885;1673;-0.97;0.06;260.05;-1.07;-0.39;-114.15;0.31;0.50;1052;3;1;4;-0.54;0.29;0.30;0.06;-0.01;-0.08;-0.06;-0.49;-0.88;0.02;-106.52;-0.49;0.50;0.004;4.26;5.02;-1000.00;-1000.00
6534.995;1683;-0.97;0.03;257.71;-1.07;-0.39;-114.15;0.31;0.50;1052;3;1;4;-0.49;0.29;0.28;0.07;-0.01;-0.12;-0.04;-0.40;-0.89;0.00;-108.09;-0.46;0.50;0.010;4.26;5.02;-1000.00;-1000.00
6535.085;1694;-0.97;-0.01;255.79;-1.07;-0.39;-114.15;0.31;0.50;1052;3;1;4;-0.47;0.30;0.28;0.03;-0.01;0.07;0.03;-0.24;-0.90;-0.03;-110.20;-0.41;0.50;0.005;4.26;5.02;-1000.00;-1000.00
6535.205;1706;-0.98;-0.04;254.32;-1.07;-0.39;-114.15;0.31;0.50;1052;3;1;4;-0.46;0.30;0.32;-0.01;-0.01;-0.07;-0.04;-0.19;-0.91;-0.06;-112.04;-0.36;0.50;0.016;4.26;5.02;-1000.00;-1000.00
6535.295;1717;-0.99;-0.07;253.43;-1.07;-0.39;-114.15;0.31;0.50;1052;3;1;4;-0.45;0.30;0.31;-0.01;-0.01;-0.04;-0.02;-0.14;-0.93;-0.10;-114.09;-0.29;0.50;0.007;4.26;5.02;-1000.00;-1000.00
6535.385;1725;-1.00;-0.10;252.91;-1.07;-0.39;-114.15;0.31;0.50;1052;3;1;4;-0.43;0.31;0.32;-0.01;-0.01;-0.03;-0.01;-0.12;-0.94;-0.12;-114.95;-0.26;0.50;0.004;4.26;5.02;-1000.00;-1000.00
6535.495;1736;-1.01;-0.13;252.42;-1.07;-0.39;-114.15;0.31;0.50;1052;3;1;4;-0.42;0.31;0.31;-0.00;-0.00;0.04;0.01;-0.04;-0.95;-0.16;-116.35;-0.19;0.50;0.007;4.26;5.02;-1000.00;-1000.00
6535.595;1744;-1.02;-0.15;252.07;-1.07;-0.39;-114.15;0.31;0.50;1052;3;1;4;-0.39;0.32;0.33;-0.01;-0.00;-0.03;-0.01;-0.08;-0.96;-0.18;-116.87;-0.14;0.50;0.005;4.26;5.02;-1000.00;-1000.00
6535.695;1753;-1.03;-0.18;251.93;-1.07;-0.39;-114.15;0.31;0.50;1052;3;1;4;-0.35;0.32;0.33;-0.00;-0.01;-0.03;-0.01;-0.03;-0.98;-0.21;-117.39;-0.08;0.50;0.011;4.26;5.02;-1000.00;-1000.00
6535.795;1764;-1.04;-0.22;251.85;-1.07;-0.39;-114.15;0.31;0.50;1052;3;1;4;-0.30;0.33;0.34;-0.01;-0.01;-0.05;-0.01;-0.02;-1.00;-0.24;-117.62;-0.02;0.50;0.006;4.26;5.02;-1000.00;-1000.00
6535.895;1776;-1.06;-0.25;252.13;-1.07;-0.39;-114.15;0.31;0.50;1052;3;1;4;-0.26;0.33;0.34;-0.01;-0.01;-0.04;-0.01;0.03;-1.01;-0.26;-117.61;0.03;0.50;0.011;4.26;5.02;-1000.00;-1000.00
6535.995;1787;-1.07;-0.29;252.56;-1.07;-0.39;-114.15;0.31;0.50;1052;3;1;4;-0.19;0.33;0.35;-0.00;-0.01;-0.09;-0.02;0.05;-1.03;-0.30;-117.19;0.11;0.50;0.009;4.26;5.02;-1000.00;-1000.00
6536.085;1795;-1.08;-0.31;253.07;-1.14;-0.66;-90.57;0.79;0.50;1052;4;1;4;-0.14;0.33;0.34;-0.00;-0.01;-0.09;-0.02;0.09;-1.04;-0.33;-116.52;0.18;0.50;0.007;4.26;5.02;-1000.00;-1000.00
6536.195;1804;-1.09;-0.34;253.70;-1.14;-0.66;-90.57;0.79;0.50;1052;4;1;4;-0.07;0.33;0.35;-0.00;-0.01;-0.07;-0.02;0.09;-1.06;-0.36;-115.55;0.24;0.50;0.006;4.27;5.02;-1000.00;-1000.00
6536.295;1814;-1.10;-0.38;254.43;-1.14;-0.66;-90.57;0.79;0.50;1052;4;1;4;0.01;0.33;0.34;-0.01;-0.01;-0.06;-0.02;0.13;-1.07;-0.39;-114.27;0.30;0.50;0.009;4.27;5.02;-1000.00;-1000.00
6536.445;1829;-1.11;-0.42;255.80;-1.16;-0.79;-98.62;-0.63;0.50;187;1;1;4;0.07;0.33;0.34;-0.01;-0.01;-0.02;-0.02;0.17;-1.08;-0.41;-113.26;0.34;0.50;0.056;4.27;5.02;-1000.00;-1000.00
6536.505;1837;-1.12;-0.45;256.72;-1.16;-0.79;-98.62;-0.63;0.50;187;1;1;4;0.79;0.32;0.33;0.01;-0.00;0.08;0.02;0.22;-1.15;-0.65;-90.00;-0.08;0.06;0.021;4.27;5.02;-1000.00;-1000.00
6536.625;1846;-1.12;-0.48;260.16;-1.25;-1.05;-115.88;-0.22;0.50;187;2;1;4;0.67;0.31;0.33;-0.02;-0.01;0.07;-0.06;1.13;-1.15;-0.65;-90.00;-0.08;0.06;0.030;4.27;5.02;-1000.00;-1000.00
6536.695;1856;-1.13;-0.51;265.91;-1.25;-1.05;-115.88;-0.22;0.50;187;2;1;4;0.23;0.31;0.30;-0.06;-0.01;0.02;-0.02;0.76;-1.15;-0.65;-90.00;-0.08;0.06;0.009;4.27;5.02;-1000.00;-1000.00
6536.795;1865;-1.14;-0.54;267.59;-1.25;-1.05;-115.88;-0.22;0.50;187;2;1;4;0.13;0.31;0.30;-0.04;-0.01;0.00;-0.01;0.00;-1.15;-0.65;-90.00;-0.08;0.06;0.008;4.27;5.02;-1000.00;-1000.00
6536.895;1875;-1.14;-0.57;267.24;-1.25;-1.05;-115.88;-0.22;0.50;187;2;1;4;0.12;0.30;0.32;0.02;-0.01;-0.04;0.03;-0.07;-1.15;-0.65;-90.00;-0.08;0.06;0.010;4.27;5.01;-1000.00;-1000.00
6536.995;1884;-1.14;-0.60;266.74;-1.25;-1.05;-115.88;-0.22;0.50;187;2;1;4;0.11;0.29;0.31;0.01;-0.01;-0.04;0.03;-0.07;-1.15;-0.65;-90.00;-0.08;0.06;0.009;4.27;5.01;-1000.00;-1000.00
6537.095;1894;-1.14;-0.63;266.35;-1.25;-1.05;-115.88;-0.22;0.50;187;2;1;4;0.10;0.28;0.30;0.00;-0.01;-0.03;0.02;-0.05;-1.15;-0.65;-90.00;-0.08;0.06;0.016;4.27;5.01;-1000.00;-1000.00
6537.215;1909;-1.14;-0.67;265.89;-1.25;-1.05;-115.88;-0.22;0.50;187;2;1;4;0.04;0.27;0.29;0.00;-0.01;-0.02;0.02;-0.04;-1.15;-0.66;-90.02;-0.13;0.10;0.027;4.27;5.01;-1000.00;-1000.00
6537.295;1913;-1.14;-0.68;265.69;-1.25;-1.05;-115.88;-0.22;0.50;187;2;1;4;-0.15;0.27;0.28;0.00;-0.01;-0.02;0.02;-0.11;-1.15;-0.68;-90.81;-0.30;0.24;0.008;4.27;5.01;-1000.00;-1000.00
6537.395;1926;-1.15;-0.72;264.29;-1.25;-1.05;-115.88;-0.22;0.50;187;2;1;4;-0.30;0.27;0.26;0.00;-0.00;0.02;-0.00;-0.28;-1.15;-0.72;-92.58;-0.43;0.34;0.013;4.27;5.01;-1000.00;-1000.00
6537.495;1936;-1.15;-0.74;262.53;-1.25;-1.05;-115.88;-0.22;0.50;187;2;1;4;-0.37;0.27;0.27;0.00;-0.00;-0.01;-0.01;-0.29;-1.15;-0.74;-94.37;-0.51;0.40;0.010;4.27;5.01;-1000.00;-1000.00
6537.585;1945;-1.15;-0.77;261.01;-1.25;-1.05;-115.88;-0.22;0.50;187;2;1;4;-0.49;0.28;0.28;0.01;-0.00;-0.04;-0.02;-0.28;-1.16;-0.77;-96.83;-0.58;0.46;0.008;4.27;5.01;-1000.00;-1000.00
6537.695;1955;-1.16;-0.80;259.08;-1.25;-1.05;-115.88;-0.22;0.50;187;2;1;4;-0.54;0.29;0.28;-0.00;-0.01;0.08;0.03;-0.33;-1.16;-0.79;-98.90;-0.62;0.50;0.014;4.27;5.01;-1000.00;-1000.00
6537.815;1966;-1.16;-0.83;256.97;-1.25;-1.05;-115.88;-0.22;0.50;187;2;1;4;-0.53;0.30;0.30;0.01;-0.01;-0.10;-0.05;-0.36;-1.16;-0.82;-102.02;-0.57;0.50;0.021;4.27;5.01;-1000.00;-1000.00
6537.905;1974;-1.17;-0.85;255.66;-1.25;-1.05;-115.88;-0.22;0.50;187;2;1;4;-0.53;0.31;0.30;0.01;-0.01;-0.05;-0.02;-0.29;-1.17;-0.84;-103.92;-0.54;0.50;0.020;4.27;5.01;-1000.00;-1000.00
6538.005;1985;-1.18;-0.88;254.21;-1.37;-1.29;-114.15;0.31;0.50;187;3;1;4;-0.53;0.32;0.31;-0.01;-0.00;-0.02;-0.01;-0.21;-1.18;-0.88;-106.52;-0.49;0.50;0.016;4.27;5.01;-1000.00;-1000.00
6538.095;1993;-1.18;-0.91;253.23;-1.37;-1.29;-114.15;0.31;0.50;187;3;1;4;-0.54;0.32;0.32;0.04;-0.03;-0.25;0.03;-0.34;-1.19;-0.91;-108.82;-0.44;0.50;0.005;4.27;5.02;-1000.00;-1000.00
6538.185;2004;-1.19;-0.94;251.56;-1.37;-1.29;-114.15;0.31;0.50;187;3;1;4;-0.52;0.33;0.34;0.08;-0.04;-0.27;0.05;-0.48;-1.20;-0.94;-110.85;-0.39;0.50;0.004;4.27;5.02;-1000.00;-1000.00
6538.295;2016;-1.20;-0.98;249.28;-1.37;-1.29;-114.15;0.31;0.50;187;3;1;4;-0.44;0.34;0.31;0.04;-0.01;0.08;0.02;-0.29;-1.21;-0.96;-112.04;-0.36;0.50;0.010;4.27;5.02;-1000.00;-1000.00
6538.385;2026;-1.21;-1.01;247.84;-1.37;-1.29;-114.15;0.31;0.50;187;3;1;4;-0.40;0.35;0.33;0.02;-0.01;0.16;0.03;-0.17;-1.22;-0.99;-113.62;-0.31;0.50;0.007;4.27;5.02;-1000.00;-1000.00
6538.485;2035;-1.21;-1.04;246.70;-1.37;-1.29;-114.15;0.31;0.50;187;3;1;4;-0.39;0.35;0.33;0.01;-0.01;0.15;0.03;-0.16;-1.24;-1.03;-115.34;-0.24;0.50;0.004;4.27;5.02;-1000.00;-1000.00
6538.585;2044;-1.22;-1.07;245.56;-1.37;-1.29;-114.15;0.31;0.50;187;3;1;4;-0.33;0.36;0.34;0.01;-0.01;0.13;0.02;-0.17;-1.25;-1.05;-116.04;-0.21;0.50;0.005;4.27;5.02;-1000.00;-1000.00
6538.695;2054;-1.24;-1.10;244.47;-1.37;-1.29;-114.15;0.31;0.50;187;3;1;4;-0.26;0.37;0.35;0.01;-0.01;0.13;0.02;-0.12;-1.26;-1.08;-116.87;-0.14;0.50;0.007;4.27;5.02;-1000.00;-1000.00
6538.795;2063;-1.25;-1.13;244.01;-1.37;-1.29;-114.15;0.31;0.50;187;3;1;4;-0.20;0.37;0.37;-0.01;-0.01;-0.00;-0.01;-0.03;-1.28;-1.11;-117.39;-0.08;0.50;0.005;4.27;5.02;-1000.00;-1000.00
6538.895;2077;-1.28;-1.18;244.15;-1.37;-1.29;-114.15;0.31;0.50;187;3;1;4;-0.12;0.38;0.39;-0.01;-0.01;-0.06;-0.01;0.00;-1.30;-1.15;-117.63;0.00;0.50;0.013;4.27;5.02;-1000.00;-1000.00
6538.985;2086;-1.29;-1.21;244.67;-1.37;-1.29;-114.15;0.31;0.50;187;3;1;4;-0.07;0.38;0.38;-0.01;-0.01;-0.01;-0.01;0.11;-1.32;-1.18;-117.47;0.07;0.50;0.005;4.27;5.02;-1000.00;-1000.00
6539.085;2096;-1.31;-1.24;245.32;-1.37;-1.29;-114.15;0.31;0.50;187;3;1;4;-0.00;0.39;0.39;-0.01;-0.00;0.02;-0.01;0.12;-1.33;-1.21;-117.00;0.13;0.50;0.007;4.27;5.02;-1000.00;-1000.00
6539.195;2105;-1.32;-1.28;246.11;-1.44;-1.56;-90.57;0.79;0.50;187;4;1;4;0.10;0.39;0.39;-0.01;-0.01;-0.03;-0.01;0.13;-1.36;-1.26;-115.55;0.24;0.50;0.006;4.27;5.02;-1000.00;-1000.00
6539.295;2115;-1.34;-1.31;247.15;-1.44;-1.56;-90.57;0.79;0.50;187;4;1;4;0.24;0.39;0.40;-0.00;-0.00;0.01;-0.00;0.18;-1.37;-1.30;-113.78;0.32;0.50;0.009;4.27;5.02;-1000.00;-1000.00
6539.415;2129;-1.36;-1.36;249.34;-1.45;-1.55;-90.00;-0.00;0.50;593;0;1;0;0.31;0.40;0.40;-0.01;-0.00;0.06;-0.06;0.31;-1.39;-1.33;-112.12;0.38;0.50;0.030;4.27;5.02;-1000.00;-1000.00
6539.525;2138;-1.38;-1.40;251.06;-1.45;-1.55;-90.00;-0.00;0.50;593;0;1;0;0.75;0.42;0.41;-0.01;-0.01;-0.06;0.08;0.31;-1.45;-1.55;-90.00;-0.00;0.50;0.040;4.27;5.02;-1000.00;-1000.00
6539.615;2146;-1.39;-1.43;253.68;-1.45;-1.55;-90.00;-0.00;0.50;593;0;1;0;0.64;0.44;0.41;-0.00;-0.01;0.11;-0.10;1.01;-1.45;-1.55;-90.00;-0.00;0.50;0.025;4.27;5.02;-1000.00;-1000.00
6539.705;2156;-1.40;-1.47;260.21;-1.45;-1.55;-90.00;-0.00;0.50;593;0;1;0;0.36;0.45;0.41;-0.08;-0.00;0.02;-0.03;0.96;-1.45;-1.55;-90.00;-0.00;0.50;0.019;4.27;5.02;-1000.00;-1000.00
6539.825;2166;-1.41;-1.51;263.87;-1.45;-1.55;-90.00;-0.00;0.50;593;0;1;0;0.22;0.46;0.46;-0.10;-0.03;-0.23;0.06;0.49;-1.45;-1.55;-90.00;-0.00;0.50;0.039;4.27;5.02;-1000.00;-1000.00
6539.905;2175;-1.42;-1.55;265.22;-1.45;-1.79;-90.00;-0.00;0.50;593;1;1;0;0.17;0.46;0.45;-0.07;-0.01;-0.10;0.07;0.17;-1.45;-1.55;-90.00;-0.00;0.50;0.017;4.27;5.02;-1000.00;-1000.00
6539.995;2185;-1.43;-1.59;265.55;-1.45;-1.79;-90.00;-0.00;0.50;593;1;1;0;0.17;0.46;0.47;-0.00;-0.01;-0.04;0.04;0.08;-1.45;-1.60;-90.00;-0.00;0.50;0.011;4.27;5.02;-1000.00;-1000.00
6540.105;2194;-1.43;-1.64;265.67;-1.45;-1.79;-90.00;-0.00;0.50;593;1;1;0;0.17;0.46;0.47;0.01;-0.01;-0.02;0.02;0.02;-1.45;-1.63;-90.00;-0.00;0.50;0.018;4.27;5.02;-1000.00;-1000.00
6540.205;2207;-1.44;-1.70;265.82;-1.45;-1.79;-90.00;-0.00;0.50;593;1;1;0;0.17;0.46;0.46;0.01;-0.01;0.03;-0.01;0.01;-1.45;-1.68;-90.00;-0.00;0.50;0.019;4.27;5.02;-1000.00;-1000.00
6540.315;2219;-1.44;-1.75;266.00;-1.45;-1.79;-90.00;-0.00;0.50;593;1;1;0;0.17;0.46;0.46;0.01;-0.01;0.03;-0.01;0.01;-1.45;-1.73;-90.00;-0.00;0.50;0.029;4.27;5.02;-1000.00;-1000.00
6540.405;2227;-1.44;-1.79;266.12;-1.45;-2.03;-90.00;-0.00;0.50;593;2;1;0;0.17;0.46;0.46;0.01;-0.01;0.03;-0.01;0.01;-1.45;-1.78;-90.00;-0.00;0.50;0.020;4.27;5.02;-1000.00;-1000.00
6540.495;2237;-1.44;-1.84;266.28;-1.45;-2.03;-90.00;-0.00;0.50;593;2;1;0;0.17;0.46;0.48;0.00;-0.01;-0.09;0.06;0.06;-1.45;-1.81;-90.00;-0.00;0.50;0.017;4.27;5.02;-1000.00;-1000.00
6540.595;2246;-1.45;-1.88;266.41;-1.45;-2.03;-90.00;-0.00;0.50;593;2;1;0;0.17;0.46;0.47;0.01;-0.01;-0.02;0.02;0.02;-1.45;-1.86;-90.00;-0.00;0.50;0.014;4.27;5.02;-1000.00;-1000.00
6540.705;2257;-1.45;-1.93;266.56;-1.45;-2.03;-90.00;-0.00;0.50;593;2;1;0;0.16;0.46;0.48;0.00;-0.01;-0.09;0.06;0.06;-1.45;-1.92;-90.00;-0.00;0.50;0.010;4.27;5.02;-1000.00;-1000.00
6540.795;2265;-1.45;-1.97;266.68;-1.45;-2.03;-90.00;-0.00;0.50;593;2;1;0;0.16;0.46;0.48;0.00;-0.01;-0.09;0.06;0.06;-1.45;-1.97;-90.00;-0.00;0.50;0.016;4.27;5.02;-1000.00;-1000.00
6540.895;2276;-1.45;-2.02;266.82;-1.45;-2.26;-90.00;-0.00;0.50;593;3;1;0;0.16;0.47;0.46;0.01;-0.01;0.06;-0.04;0.00;-1.45;-2.02;-90.00;-0.00;0.50;0.009;4.27;5.02;-1000.00;-1000.00
6540.995;2284;-1.45;-2.06;266.94;-1.45;-2.26;-90.00;-0.00;0.50;593;3;1;0;0.16;0.47;0.46;0.01;-0.01;0.06;-0.04;-0.00;-1.45;-2.05;-90.00;-0.00;0.50;0.009;4.27;5.01;-1000.00;-1000.00
6541.095;2293;-1.46;-2.10;267.09;-1.45;-2.26;-90.00;-0.00;0.50;593;3;1;0;0.16;0.47;0.48;0.00;-0.01;-0.09;0.06;0.06;-1.45;-2.10;-90.00;-0.00;0.50;0.006;4.27;5.01;-1000.00;-1000.00
6541.185;2304;-1.46;-2.15;267.21;-1.45;-2.26;-90.00;-0.00;0.50;593;3;1;0;0.16;0.47;0.47;0.01;-0.01;0.06;-0.04;-0.00;-1.45;-2.15;-90.00;-0.00;0.50;0.004;4.27;5.01;-1000.00;-1000.00
6541.295;2316;-1.46;-2.21;267.36;-1.45;-2.26;-90.00;-0.00;0.50;593;3;1;0;0.15;0.47;0.47;0.01;-0.01;0.06;-0.04;-0.00;-1.45;-2.19;-90.00;-0.00;0.50;0.013;4.27;5.01;-1000.00;-1000.00
6541.395;2327;-1.46;-2.26;267.49;-1.45;-2.50;-90.00;0.00;0.50;593;4;1;0;0.15;0.47;0.47;0.01;-0.01;0.02;-0.01;0.00;-1.45;-2.26;-90.00;-0.00;0.50;0.013;4.27;5.01;-1000.00;-1000.00
6541.495;2335;-1.46;-2.30;267.57;-1.45;-2.50;-90.00;0.00;0.50;593;4;1;0;0.15;0.47;0.47;0.01;-0.01;0.02;-0.01;0.01;-1.45;-2.30;-90.00;-0.00;0.50;0.002;4.27;5.01;-1000.00;-1000.00
6541.585;2344;-1.46;-2.34;267.66;-1.45;-2.50;-90.00;0.00;0.50;593;4;1;0;0.15;0.47;0.47;0.01;-0.01;0.06;-0.04;-0.00;-1.45;-2.34;-90.00;-0.00;0.50;0.001;4.27;5.01;-1000.00;-1000.00
6541.695;2355;-1.46;-2.40;267.80;-1.45;-2.50;-90.00;0.00;0.50;593;4;1;0;0.14;0.47;0.47;0.01;-0.01;0.02;-0.01;0.01;-1.45;-2.39;-90.00;-0.00;0.50;0.006;4.27;5.01;-1000.00;-1000.00
6541.785;2364;-1.47;-2.44;267.88;-1.45;-2.50;-90.00;0.00;0.50;593;4;1;0;0.14;0.47;0.47;0.01;-0.01;0.06;-0.04;-0.01;-1.45;-2.44;-90.00;0.00;0.50;0.002;4.27;5.01;-1000.00;-1000.00
6541.925;2378;-1.47;-2.51;268.05;-1.45;-2.75;-90.00;0.00;-0.50;589;0;1;2;0.14;0.48;0.48;0.00;-0.01;-0.03;0.02;0.02;-1.45;-2.49;-90.00;0.00;0.50;0.042;4.27;5.01;-1000.00;-1000.00
6542.045;2389;-1.47;-2.56;268.15;-1.45;-2.45;-90.00;-0.00;0.37;590;0;1;7;-0.05;0.43;0.49;0.00;-0.01;-0.09;0.06;0.05;-1.45;-2.53;-90.00;0.00;-0.50;0.023;4.27;5.01;-1000.00;-1000.00
6542.105;2397;-1.47;-2.59;267.23;-1.40;-2.83;-65.10;0.79;0.50;590;1;1;7;0.52;0.42;0.43;0.02;-0.01;-0.05;0.04;-0.25;-1.45;-2.58;-87.68;0.29;0.42;0.023;4.27;5.01;-1000.00;-1000.00
6542.205;2407;-1.47;-2.64;268.82;-1.40;-2.83;-65.10;0.79;0.50;590;1;1;7;0.61;0.42;0.45;-0.04;-0.01;-0.10;0.08;0.79;-1.45;-2.61;-86.34;0.35;0.43;0.020;4.27;5.01;-1000.00;-1000.00
6542.305;2417;-1.48;-2.68;273.69;-1.40;-2.83;-65.10;0.79;0.50;590;1;1;7;0.61;0.43;0.41;-0.05;-0.01;0.10;-0.06;0.81;-1.44;-2.66;-83.63;0.44;0.44;0.021;4.27;5.01;-1000.00;-1000.00
6542.415;2426;-1.48;-2.72;278.11;-1.40;-2.83;-65.10;0.79;0.50;590;1;1;7;0.66;0.43;0.42;-0.13;-0.02;-0.19;0.04;0.95;-1.44;-2.71;-79.95;0.54;0.46;0.034;4.27;5.01;-1000.00;-1000.00
6542.495;2435;-1.48;-2.76;282.71;-1.04;-3.07;-3.77;0.79;0.50;590;2;1;7;0.68;0.43;0.40;-0.11;-0.00;0.05;-0.00;0.90;-1.43;-2.74;-76.90;0.60;0.47;0.011;4.27;5.01;-1000.00;-1000.00
6542.595;2446;-1.48;-2.80;288.69;-1.04;-3.07;-3.77;0.79;0.50;590;2;1;7;0.58;0.44;0.40;-0.11;-0.01;0.08;-0.01;0.93;-1.42;-2.79;-71.33;0.70;0.49;0.009;4.27;5.01;-1000.00;-1000.00
6542.695;2454;-1.48;-2.84;292.37;-1.04;-3.07;-3.77;0.79;0.50;590;2;1;7;0.57;0.45;0.43;-0.12;-0.02;-0.19;0.00;0.78;-1.41;-2.80;-69.20;0.73;0.49;0.010;4.27;5.01;-1000.00;-1000.00
6542.795;2463;-1.47;-2.87;295.94;-1.04;-3.07;-3.77;0.79;0.50;590;2;1;7;0.67;0.46;0.42;-0.07;-0.01;0.02;0.00;0.63;-1.39;-2.84;-64.48;0.79;0.50;0.009;4.27;5.01;-1000.00;-1000.00
6542.895;2474;-1.46;-2.92;300.64;-1.04;-3.07;-3.77;0.79;0.50;590;2;1;7;0.70;0.47;0.43;-0.11;-0.01;-0.07;0.02;0.92;-1.38;-2.87;-59.52;0.79;0.50;0.011;4.27;5.01;-1000.00;-1000.00
6542.995;2485;-1.44;-2.96;306.53;-1.04;-3.07;-3.77;0.79;0.50;590;2;1;7;0.71;0.48;0.40;-0.11;-0.01;0.09;0.03;0.92;-1.36;-2.90;-54.57;0.79;0.50;0.010;4.27;5.01;-1000.00;-1000.00
6543.105;2497;-1.42;-3.01;313.66;-1.04;-3.07;-3.77;0.79;0.50;590;2;1;7;0.62;0.48;0.42;-0.13;-0.01;-0.04;0.01;1.08;-1.34;-2.93;-49.61;0.79;0.50;0.017;4.27;5.01;-1000.00;-1000.00
6543.205;2505;-1.40;-3.04;317.83;-1.04;-3.07;-3.77;0.79;0.50;590;2;1;7;0.64;0.49;0.42;-0.09;-0.01;0.16;0.07;0.70;-1.31;-2.95;-44.65;0.79;0.50;0.019;4.27;5.01;-1000.00;-1000.00
6543.295;2516;-1.37;-3.08;323.12;-1.04;-3.07;-3.77;0.79;0.50;590;2;1;7;0.66;0.49;0.43;-0.10;-0.01;0.04;0.04;0.85;-1.28;-2.98;-39.70;0.79;0.50;0.011;4.27;5.01;-1000.00;-1000.00
6543.405;2524;-1.35;-3.11;327.50;-1.04;-3.07;-3.77;0.79;0.50;590;2;1;7;0.64;0.50;0.44;-0.08;-0.01;0.07;0.05;0.93;-1.27;-2.99;-37.22;0.79;0.50;0.021;4.27;5.01;-1000.00;-1000.00
6543.495;2535;-1.31;-3.14;333.41;-1.04;-3.07;-3.77;0.79;0.50;590;2;1;7;0.63;0.49;0.42;-0.06;-0.00;0.21;0.15;0.78;-1.24;-3.01;-32.27;0.79;0.50;0.012;4.27;5.01;-1000.00;-1000.00
