t;frame;x;y;z;x_ref;y_ref;z_ref;delta_ref;u_ref;state;ellipse;control;action;delta;u;vx;vy;vz;wx;wy;wz;xr;yr;zr;delr;ur
246969.745;14;1.23;-2.14;91.12;1.19;-1.95;90.00;-0.00;0.50;954;1;1;2;0.05;0.02;-0.00;-0.00;-0.00;0.01;-0.01;0.01;1.19;-2.03;90.00;-0.00;0.05;0.063
246969.805;16;1.23;-2.14;91.11;1.19;-1.95;90.00;-0.00;0.50;954;1;1;2;0.05;0.03;0.00;0.00;-0.00;0.02;-0.01;-0.01;1.19;-2.03;90.00;-0.00;0.05;0.016
246969.905;30;1.23;-2.14;91.13;1.19;-1.95;90.00;-0.00;0.50;954;1;1;2;0.05;0.04;0.00;0.00;-0.00;0.02;-0.01;-0.01;1.19;-2.03;90.00;-0.00;0.05;0.022
246970.005;39;1.23;-2.14;91.21;1.19;-1.95;90.00;-0.00;0.50;954;1;1;2;0.05;0.06;0.04;-0.00;0.00;-0.02;0.00;0.01;1.19;-2.03;90.00;-0.00;0.05;0.017
246970.095;48;1.23;-2.13;91.25;1.19;-1.95;90.00;-0.00;0.50;954;1;1;2;0.05;0.07;0.06;0.00;0.00;-0.01;-0.00;0.01;1.19;-2.03;90.00;-0.00;0.05;0.010
246970.195;58;1.23;-2.13;91.29;1.19;-1.95;90.00;-0.00;0.50;954;1;1;2;0.05;0.08;0.07;0.00;0.00;-0.01;0.00;0.01;1.19;-2.03;90.00;-0.00;0.05;0.011
246970.315;67;1.23;-2.12;91.32;1.19;-1.95;90.00;-0.00;0.50;954;1;1;2;0.04;0.09;0.08;0.00;-0.01;-0.05;0.03;-0.00;1.19;-2.03;90.00;-0.00;0.05;0.027
246970.395;78;1.23;-2.11;91.34;1.19;-1.95;90.00;-0.00;0.50;954;1;1;2;0.04;0.09;0.09;-0.00;0.00;0.03;-0.01;-0.00;1.19;-2.03;90.00;-0.00;0.05;0.016
246970.485;86;1.23;-2.11;91.38;1.19;-1.95;90.00;-0.00;0.50;954;1;1;2;0.04;0.10;0.10;0.00;0.00;-0.00;-0.00;0.01;1.19;-2.03;90.00;-0.00;0.05;0.007
246970.605;96;1.23;-2.10;91.41;1.19;-1.95;90.00;-0.00;0.50;954;1;1;2;0.04;0.11;0.10;0.00;-0.00;-0.06;0.03;0.00;1.19;-2.03;90.00;-0.00;0.05;0.014
246970.695;107;1.23;-2.08;91.45;1.19;-1.95;90.00;-0.00;0.50;954;1;1;2;0.04;0.11;0.11;-0.01;0.01;-0.00;-0.02;0.01;1.19;-2.03;90.00;-0.00;0.05;0.009
246970.795;115;1.23;-2.08;91.50;1.19;-1.95;90.00;-0.00;0.50;954;1;1;2;0.03;0.11;0.11;0.00;0.00;0.00;0.00;0.01;1.19;-2.03;90.00;-0.00;0.05;0.017
246970.905;129;1.23;-2.06;91.58;1.19;-1.95;90.00;-0.00;0.50;954;1;1;2;0.03;0.11;0.11;0.00;-0.00;-0.00;-0.00;0.01;1.19;-2.03;90.00;-0.00;0.05;0.016
246970.995;138;1.23;-2.05;91.60;1.19;-1.95;90.00;-0.00;0.50;954;1;1;2;0.03;0.11;0.11;0.00;-0.00;-0.00;0.00;0.00;1.19;-2.03;90.00;-0.00;0.05;0.011
246971.085;147;1.23;-2.04;91.62;1.19;-1.95;90.00;-0.00;0.50;954;1;1;2;0.03;0.11;0.11;0.00;-0.00;0.00;0.00;0.00;1.19;-2.03;90.00;-0.00;0.05;0.004
246971.185;157;1.23;-2.03;91.63;1.19;-1.95;90.00;-0.00;0.50;954;1;1;2;0.02;0.11;0.11;0.00;-0.00;0.00;0.00;0.00;1.19;-2.03;90.00;-0.00;0.12;0.006
246971.305;166;1.23;-2.02;91.63;1.19;-1.95;90.00;-0.00;0.50;954;1;1;2;0.02;0.11;0.11;0.00;-0.00;-0.00;-0.00;0.00;1.19;-2.02;90.00;-0.00;0.21;0.016
246971.395;176;1.23;-2.01;91.64;1.19;-1.95;90.00;-0.00;0.50;954;1;1;2;0.02;0.12;0.12;0.00;-0.00;-0.00;-0.00;0.00;1.19;-2.01;90.00;-0.00;0.28;0.014
246971.495;184;1.23;-2.00;91.65;1.19;-1.95;90.00;-0.00;0.50;954;1;1;2;0.02;0.13;0.12;0.00;-0.00;-0.00;-0.00;0.00;1.19;-2.00;90.00;-0.00;0.33;0.010
246971.595;194;1.23;-1.98;91.65;1.19;-1.95;90.00;-0.00;0.50;954;1;1;2;0.02;0.14;0.13;0.00;-0.00;-0.00;-0.00;0.00;1.19;-1.99;90.00;-0.00;0.38;0.009
246971.695;209;1.23;-1.96;91.67;1.19;-1.79;90.00;0.00;0.50;954;2;1;2;0.02;0.16;0.15;0.00;-0.00;-0.00;-0.00;0.00;1.19;-1.97;90.00;-0.00;0.44;0.007
246971.795;218;1.23;-1.95;91.68;1.19;-1.79;90.00;0.00;0.50;954;2;1;2;0.02;0.17;0.16;0.00;-0.00;-0.00;-0.00;0.00;1.19;-1.95;90.00;-0.00;0.50;0.013
246971.915;228;1.23;-1.93;91.68;1.16;-1.57;107.65;0.79;0.50;955;1;1;5;0.01;0.19;0.18;0.00;-0.00;-0.00;-0.00;0.00;1.19;-1.94;90.00;0.00;0.50;0.011
246971.995;239;1.23;-1.91;91.69;1.16;-1.57;107.65;0.79;0.50;955;1;1;5;-0.30;0.20;0.19;0.00;-0.00;-0.00;-0.00;0.00;1.19;-1.78;89.97;0.10;0.06;0.017
246972.115;247;1.23;-1.90;90.96;1.16;-1.57;107.65;0.79;0.50;955;1;1;5;-0.23;0.20;0.19;-0.00;-0.00;-0.06;-0.03;-0.23;1.19;-1.78;89.97;0.10;0.06;0.027
246972.185;258;1.23;-1.87;89.80;1.16;-1.57;107.65;0.79;0.50;955;1;1;5;-0.12;0.21;0.21;0.00;0.00;0.00;0.00;-0.13;1.19;-1.78;89.97;0.10;0.06;0.004
246972.285;266;1.23;-1.86;89.62;1.16;-1.57;107.65;0.79;0.50;955;1;1;5;-0.07;0.21;0.21;0.00;-0.00;0.00;-0.00;-0.02;1.19;-1.78;89.97;0.10;0.06;0.023
246972.395;277;1.23;-1.83;89.65;1.16;-1.57;107.65;0.79;0.50;955;1;1;5;-0.01;0.21;0.21;-0.00;-0.00;0.00;-0.00;0.03;1.19;-1.78;89.97;0.10;0.06;0.013
246972.495;286;1.23;-1.82;89.94;1.16;-1.57;107.65;0.79;0.50;955;1;1;5;0.03;0.21;0.21;-0.00;-0.00;0.00;0.00;0.07;1.19;-1.78;89.97;0.10;0.06;0.007
246972.615;300;1.23;-1.79;90.56;1.16;-1.57;107.65;0.79;0.50;955;1;1;5;0.07;0.20;0.21;-0.00;-0.00;0.00;0.00;0.07;1.19;-1.78;89.97;0.10;0.06;0.021
246972.705;309;1.23;-1.77;91.02;1.16;-1.57;107.65;0.79;0.50;955;1;1;5;0.18;0.20;0.21;-0.00;0.01;-0.02;0.01;0.08;1.19;-1.77;89.99;0.17;0.11;0.027
246972.815;319;1.23;-1.75;91.63;1.16;-1.57;107.65;0.79;0.50;955;1;1;5;0.29;0.20;0.20;-0.00;0.00;0.04;-0.02;0.12;1.19;-1.75;90.43;0.29;0.18;0.005
246972.895;329;1.23;-1.73;92.70;1.16;-1.57;107.65;0.79;0.50;955;1;1;5;0.38;0.20;0.20;-0.00;0.00;-0.00;0.00;0.20;1.19;-1.73;91.41;0.38;0.24;0.011
246973.015;338;1.22;-1.71;93.88;1.16;-1.57;107.65;0.79;0.50;955;1;1;5;0.42;0.20;0.20;0.00;-0.00;0.00;0.00;0.22;1.19;-1.72;92.19;0.43;0.27;0.033
246973.115;349;1.22;-1.69;95.22;1.16;-1.57;107.65;0.79;0.50;955;1;1;5;0.50;0.20;0.20;-0.00;-0.01;0.00;0.00;0.20;1.19;-1.70;93.82;0.50;0.32;0.029
246973.205;357;1.22;-1.67;96.29;1.16;-1.57;107.65;0.79;0.50;955;1;1;5;0.56;0.21;0.19;-0.03;-0.01;0.00;-0.00;0.28;1.19;-1.68;95.24;0.55;0.35;0.025
246973.325;370;1.22;-1.65;98.41;1.16;-1.57;107.65;0.79;0.50;955;1;1;5;0.61;0.21;0.19;-0.01;-0.01;0.06;0.05;0.36;1.18;-1.66;96.98;0.59;0.38;0.039
246973.405;376;1.22;-1.63;99.35;1.16;-1.57;107.65;0.79;0.50;955;1;1;5;0.69;0.22;0.21;0.00;-0.01;-0.04;-0.04;0.28;1.18;-1.64;99.06;0.64;0.41;0.017
246973.505;389;1.21;-1.61;102.65;1.16;-1.57;107.65;0.79;0.50;955;1;1;5;0.67;0.23;0.22;-0.01;-0.01;-0.02;-0.01;0.47;1.18;-1.63;100.24;0.67;0.42;0.011
246973.595;395;1.21;-1.59;104.08;1.16;-1.57;107.65;0.79;0.50;955;1;1;5;0.74;0.23;0.23;0.00;-0.01;-0.12;-0.13;0.38;1.17;-1.61;102.88;0.71;0.45;0.010
246973.695;408;1.21;-1.56;108.15;1.16;-1.57;107.65;0.79;0.50;955;1;1;5;0.79;0.25;0.24;-0.02;-0.01;-0.08;-0.09;0.60;1.16;-1.59;105.95;0.76;0.48;0.008
246973.805;418;1.20;-1.54;111.49;0.87;-1.29;163.49;0.75;0.50;955;2;1;5;0.79;0.25;0.27;-0.08;-0.06;0.41;0.18;0.79;1.16;-1.56;109.40;0.78;0.50;0.020
246973.895;428;1.19;-1.51;115.33;0.87;-1.29;163.49;0.75;0.50;955;2;1;5;0.69;0.26;0.27;-0.01;-0.01;-0.07;-0.14;0.56;1.15;-1.54;112.89;0.78;0.50;0.012
246973.995;436;1.18;-1.49;117.66;0.87;-1.29;163.49;0.75;0.50;955;2;1;5;0.73;0.28;0.26;-0.03;-0.01;0.08;0.15;0.54;1.14;-1.51;116.37;0.78;0.50;0.006
246974.105;447;1.17;-1.47;120.97;0.87;-1.29;163.49;0.75;0.50;955;2;1;5;0.75;0.29;0.28;-0.02;-0.01;-0.04;-0.08;0.46;1.12;-1.49;119.83;0.78;0.50;0.014
246974.205;460;1.15;-1.43;125.20;0.87;-1.29;163.49;0.75;0.50;955;2;1;5;0.79;0.30;0.30;-0.05;-0.01;0.03;0.03;0.63;1.11;-1.47;123.28;0.78;0.50;0.014
246974.295;466;1.14;-1.42;127.39;0.87;-1.29;163.49;0.75;0.50;955;2;1;5;0.79;0.30;0.32;-0.05;-0.01;-0.04;-0.11;0.67;1.10;-1.45;126.72;0.77;0.50;0.016
246974.385;475;1.13;-1.39;131.28;0.87;-1.29;163.49;0.75;0.50;955;2;1;5;0.78;0.30;0.33;-0.06;-0.01;0.01;-0.03;0.73;1.08;-1.43;130.13;0.77;0.50;0.006
246974.495;484;1.11;-1.36;135.22;0.87;-1.29;163.49;0.75;0.50;955;2;1;5;0.77;0.30;0.34;-0.07;-0.01;0.02;-0.02;0.69;1.06;-1.41;133.54;0.77;0.50;0.012
246974.605;500;1.08;-1.32;142.48;0.87;-1.29;163.49;0.75;0.50;955;2;1;5;0.70;0.30;0.32;-0.10;-0.01;0.00;0.03;0.86;1.04;-1.39;136.92;0.77;0.50;0.017
246974.705;508;1.07;-1.30;145.47;0.87;-1.29;163.49;0.75;0.50;955;2;1;5;0.75;0.30;0.33;-0.08;-0.01;0.01;0.07;0.71;1.02;-1.37;141.98;0.76;0.50;0.018
246974.795;517;1.05;-1.28;149.14;0.87;-1.29;163.49;0.75;0.50;955;2;1;5;0.76;0.30;0.30;-0.08;-0.02;-0.02;0.22;0.82;0.99;-1.35;145.33;0.76;0.50;0.023
246974.905;527;1.02;-1.26;153.93;0.87;-1.29;163.49;0.75;0.50;955;2;1;5;0.71;0.30;0.33;-0.07;-0.04;0.08;0.23;1.03;0.97;-1.34;148.66;0.76;0.50;0.021
246974.995;538;0.99;-1.24;159.20;0.87;-1.29;163.49;0.75;0.50;955;2;1;5;0.63;0.30;0.27;-0.01;-0.09;-0.41;0.16;0.84;0.95;-1.32;151.98;0.76;0.50;0.018
246975.095;547;0.97;-1.23;162.47;0.87;-1.29;163.49;0.75;0.50;955;2;1;5;0.63;0.30;0.31;0.01;-0.01;0.05;-0.18;0.50;0.93;-1.31;155.29;0.75;0.50;0.012
246975.195;556;0.94;-1.23;165.38;0.87;-1.29;163.49;0.75;0.50;955;2;1;5;0.64;0.30;0.30;-0.06;-0.01;-0.09;0.23;0.65;0.90;-1.30;158.58;0.75;0.50;0.007
246975.285;567;0.91;-1.21;169.86;0.87;-1.29;163.49;0.75;0.50;955;2;1;5;0.60;0.30;0.31;-0.06;-0.01;-0.05;0.10;0.78;0.88;-1.29;161.85;0.75;0.50;0.007
246975.395;575;0.88;-1.21;172.55;0.87;-1.29;163.49;0.75;0.50;955;2;1;5;0.59;0.30;0.30;-0.01;-0.01;0.03;-0.07;0.48;0.86;-1.29;165.08;0.72;0.50;0.012
246975.485;586;0.85;-1.20;176.03;0.87;-1.29;163.49;0.75;0.50;955;2;1;5;0.52;0.30;0.29;-0.05;-0.01;-0.14;0.22;0.60;0.83;-1.28;168.03;0.66;0.50;0.006
246975.605;598;0.82;-1.20;180.16;0.45;-1.27;180.57;-0.23;0.50;955;3;1;5;0.40;0.29;0.30;-0.04;-0.01;0.00;-0.01;0.47;0.82;-1.28;169.39;0.63;0.50;0.018
246975.705;609;0.78;-1.19;182.18;0.45;-1.27;180.57;-0.23;0.50;955;3;1;5;0.29;0.30;0.29;-0.04;-0.01;-0.08;0.10;0.28;0.78;-1.27;173.03;0.54;0.50;0.023
246975.795;617;0.76;-1.19;182.75;0.45;-1.27;180.57;-0.23;0.50;955;3;1;5;0.30;0.30;0.30;-0.01;-0.01;0.06;-0.07;0.04;0.76;-1.27;175.09;0.48;0.50;0.009
246975.885;628;0.73;-1.19;183.48;0.45;-1.27;180.57;-0.23;0.50;955;3;1;5;0.30;0.30;0.30;-0.03;-0.01;0.03;-0.04;0.10;0.72;-1.27;177.67;0.39;0.50;0.003
246975.995;636;0.70;-1.19;184.11;0.45;-1.27;180.57;-0.23;0.50;955;3;1;5;0.27;0.30;0.28;-0.02;-0.01;-0.04;0.06;0.22;0.70;-1.27;178.39;0.36;0.50;0.005
246976.095;647;0.67;-1.19;184.70;0.45;-1.27;180.57;-0.23;0.50;955;3;1;5;0.23;0.30;0.28;-0.00;-0.01;-0.04;0.05;0.12;0.68;-1.27;179.65;0.31;0.50;0.017
246976.215;661;0.63;-1.20;184.88;0.45;-1.27;180.57;-0.23;0.50;955;3;1;5;0.20;0.30;0.28;-0.01;-0.01;-0.04;0.05;0.07;0.64;-1.27;181.06;0.22;0.50;0.028
246976.305;666;0.62;-1.20;184.86;0.45;-1.27;180.57;-0.23;0.50;955;3;1;5;0.17;0.30;0.28;-0.01;-0.01;-0.03;0.03;-0.01;0.61;-1.27;181.70;0.16;0.50;0.015
246976.395;675;0.59;-1.20;184.62;0.45;-1.27;180.57;-0.23;0.50;955;3;1;5;0.14;0.30;0.28;-0.00;-0.01;-0.02;0.01;-0.02;0.59;-1.27;182.10;0.10;0.50;0.011
246976.485;685;0.56;-1.20;184.32;0.45;-1.27;180.57;-0.23;0.50;955;3;1;5;0.10;0.30;0.28;0.00;-0.01;-0.02;0.01;-0.05;0.56;-1.27;182.28;0.04;0.50;0.007
246976.625;700;0.52;-1.20;183.63;0.36;-1.28;180.00;0.00;0.50;1348;1;1;0;0.06;0.30;0.29;0.00;-0.01;-0.03;0.02;-0.10;0.54;-1.27;182.25;-0.02;0.50;0.032
246976.705;708;0.50;-1.21;183.12;0.36;-1.28;180.00;0.00;0.50;1348;1;1;0;0.03;0.30;0.29;0.00;-0.01;-0.03;0.02;-0.10;0.44;-1.28;180.00;0.00;0.07;0.019
246976.805;718;0.47;-1.21;182.60;0.36;-1.28;180.00;0.00;0.50;1348;1;1;0;0.06;0.29;0.28;0.00;-0.01;-0.02;0.01;-0.09;0.44;-1.28;180.00;0.00;0.07;0.020
246976.905;728;0.44;-1.21;182.29;0.36;-1.28;180.00;0.00;0.50;1348;1;1;0;0.07;0.28;0.28;0.00;-0.00;-0.02;0.00;-0.03;0.44;-1.28;180.00;0.00;0.07;0.014
246976.995;737;0.41;-1.21;182.19;0.36;-1.28;180.00;0.00;0.50;1348;1;1;0;0.07;0.28;0.27;-0.00;-0.00;-0.01;-0.00;-0.01;0.41;-1.28;180.00;0.00;0.28;0.011
246977.105;747;0.39;-1.21;182.15;0.36;-1.28;180.00;0.00;0.50;1348;1;1;0;0.07;0.28;0.27;-0.00;-0.00;-0.01;-0.00;-0.01;0.39;-1.28;180.00;0.00;0.39;0.015
246977.225;762;0.35;-1.21;182.38;0.21;-1.28;180.00;-0.00;0.50;1348;2;1;0;0.06;0.29;0.29;0.00;-0.00;-0.01;-0.01;0.03;0.36;-1.28;180.00;0.00;0.49;0.018
246977.285;766;0.33;-1.21;182.42;0.21;-1.28;180.00;-0.00;0.50;1348;2;1;0;0.05;0.30;0.30;0.00;-0.00;-0.01;-0.01;0.02;0.33;-1.28;180.00;0.00;0.50;0.009
246977.405;780;0.29;-1.21;182.46;0.21;-1.28;180.00;-0.00;0.50;1348;2;1;0;0.04;0.30;0.30;0.00;-0.00;-0.01;-0.01;0.00;0.31;-1.28;180.00;0.00;0.50;0.022
246977.495;785;0.28;-1.22;182.45;0.21;-1.28;180.00;-0.00;0.50;1348;2;1;0;0.04;0.30;0.30;0.00;-0.00;-0.01;-0.01;-0.01;0.28;-1.28;180.00;0.00;0.50;0.005
246977.585;794;0.25;-1.22;182.41;0.21;-1.28;180.00;-0.00;0.50;1348;2;1;0;0.04;0.30;0.30;0.00;-0.00;-0.01;-0.01;-0.00;0.25;-1.28;180.00;0.00;0.50;0.004
246977.695;808;0.21;-1.22;182.38;0.06;-1.28;180.00;0.00;0.50;1348;3;1;0;0.04;0.30;0.30;0.00;-0.00;-0.01;-0.01;-0.00;0.22;-1.28;180.00;-0.00;0.50;0.015
246977.795;818;0.18;-1.22;182.35;0.06;-1.28;180.00;0.00;0.50;1348;3;1;0;0.04;0.30;0.30;0.00;-0.00;-0.01;-0.01;-0.00;0.18;-1.28;180.00;-0.00;0.50;0.002
246977.895;828;0.15;-1.22;182.32;0.06;-1.28;180.00;0.00;0.50;1348;3;1;0;0.04;0.30;0.30;0.00;-0.00;-0.01;-0.01;-0.00;0.15;-1.28;180.00;0.00;0.50;0.002
246977.985;837;0.12;-1.22;182.29;0.06;-1.28;180.00;0.00;0.50;1348;3;1;0;0.04;0.30;0.30;0.00;-0.00;-0.01;-0.01;-0.00;0.13;-1.28;180.00;0.00;0.50;0.001
246978.085;847;0.09;-1.22;182.26;0.06;-1.28;180.00;0.00;0.50;1348;3;1;0;0.03;0.30;0.30;0.00;-0.00;-0.01;-0.01;-0.00;0.09;-1.28;180.00;0.00;0.50;0.006
246978.185;858;0.06;-1.22;182.24;0.06;-1.28;180.00;0.00;0.50;1348;3;1;0;0.03;0.30;0.30;0.00;-0.00;-0.01;-0.01;-0.00;0.06;-1.28;180.00;0.00;0.50;0.002
246978.295;866;0.03;-1.23;182.21;-0.10;-1.28;180.00;-0.00;0.50;1348;4;1;0;0.03;0.30;0.30;0.00;-0.00;-0.01;-0.01;-0.00;0.03;-1.28;180.00;0.00;0.50;0.004
246978.385;877;-0.00;-1.23;182.19;-0.10;-1.28;180.00;-0.00;0.50;1348;4;1;0;0.03;0.30;0.30;0.00;-0.00;-0.00;-0.01;-0.00;-0.00;-1.28;180.00;0.00;0.50;0.002
246978.485;885;-0.02;-1.23;182.16;-0.10;-1.28;180.00;-0.00;0.50;1348;4;1;0;0.03;0.30;0.30;0.00;-0.00;-0.00;-0.01;-0.00;-0.03;-1.28;180.00;-0.00;0.50;0.001
246978.595;896;-0.06;-1.23;182.14;-0.10;-1.28;180.00;-0.00;0.50;1348;4;1;0;0.03;0.30;0.30;0.00;-0.00;-0.00;-0.01;-0.00;-0.06;-1.28;180.00;-0.00;0.50;0.001
246978.685;904;-0.08;-1.23;182.12;-0.10;-1.28;180.00;-0.00;0.50;1348;4;1;0;0.03;0.30;0.30;0.00;-0.00;-0.00;-0.01;-0.00;-0.08;-1.28;180.00;-0.00;0.50;0.001
246978.785;915;-0.12;-1.23;182.09;-0.10;-1.28;180.00;-0.00;0.50;1348;4;1;0;0.02;0.30;0.30;0.00;-0.00;-0.00;-0.00;-0.00;-0.11;-1.28;180.00;-0.00;0.50;0.001
246978.905;930;-0.16;-1.23;182.05;-0.25;-1.28;180.00;0.00;0.50;1348;5;1;0;0.02;0.30;0.30;0.00;-0.00;-0.00;-0.00;-0.00;-0.14;-1.28;180.00;-0.00;0.50;0.002
246978.995;938;-0.18;-1.23;182.03;-0.25;-1.28;180.00;0.00;0.50;1348;5;1;0;0.02;0.30;0.30;-0.00;-0.00;-0.00;-0.00;-0.00;-0.19;-1.28;180.00;-0.00;0.50;0.002
246979.095;949;-0.22;-1.23;182.00;-0.25;-1.28;180.00;0.00;0.50;1348;5;1;0;0.02;0.30;0.30;-0.00;-0.00;-0.00;-0.00;-0.00;-0.22;-1.28;180.00;0.00;0.50;0.005
246979.185;957;-0.24;-1.23;181.98;-0.25;-1.28;180.00;0.00;0.50;1348;5;1;0;0.02;0.30;0.30;-0.00;-0.00;-0.00;-0.00;-0.00;-0.24;-1.28;180.00;0.00;0.50;0.001
246979.305;966;-0.27;-1.24;181.96;-0.25;-1.28;180.00;0.00;0.50;1348;5;1;0;0.02;0.30;0.30;-0.00;-0.00;-0.00;-0.00;-0.00;-0.27;-1.28;180.00;0.00;0.50;0.001
246979.385;976;-0.30;-1.24;181.93;-0.40;-1.28;180.00;-0.00;0.50;1348;6;1;0;0.02;0.30;0.30;-0.00;-0.00;-0.00;-0.00;-0.00;-0.29;-1.28;180.00;0.00;0.50;0.001
246979.485;984;-0.32;-1.24;181.91;-0.40;-1.28;180.00;-0.00;0.50;1348;6;1;0;0.02;0.30;0.30;-0.00;-0.00;-0.00;-0.00;-0.00;-0.33;-1.28;180.00;0.00;0.50;0.001
246979.585;995;-0.36;-1.24;181.89;-0.40;-1.28;180.00;-0.00;0.50;1348;6;1;0;0.01;0.30;0.30;-0.00;-0.00;-0.00;-0.00;-0.00;-0.36;-1.28;180.00;-0.00;0.50;0.001
246979.685;1008;-0.39;-1.24;181.86;-0.40;-1.28;180.00;-0.00;0.50;1348;6;1;0;0.01;0.30;0.30;-0.00;-0.00;-0.00;-0.00;-0.00;-0.39;-1.28;180.00;-0.00;0.50;0.001
246979.785;1018;-0.43;-1.24;181.83;-0.40;-1.28;180.00;-0.00;0.50;1348;6;1;0;0.01;0.30;0.30;-0.00;-0.00;-0.00;-0.00;-0.00;-0.41;-1.28;180.00;-0.00;0.50;0.002
246979.915;1029;-0.46;-1.24;181.81;-0.77;-1.26;162.35;-0.79;0.50;1664;1;1;6;0.01;0.30;0.30;-0.00;-0.00;-0.00;-0.00;-0.00;-0.45;-1.28;180.00;-0.00;0.50;0.025
246979.995;1037;-0.48;-1.24;181.79;-0.77;-1.26;162.35;-0.79;0.50;1664;1;1;6;0.10;0.30;0.30;-0.00;-0.00;-0.00;-0.00;-0.00;-0.57;-1.28;180.03;-0.10;0.06;0.008
246980.095;1046;-0.51;-1.24;182.13;-0.77;-1.26;162.35;-0.79;0.50;1664;1;1;6;0.01;0.30;0.30;-0.00;0.00;0.00;-0.01;0.11;-0.57;-1.28;180.03;-0.10;0.06;0.014
246980.205;1056;-0.54;-1.24;182.29;-0.77;-1.26;162.35;-0.79;0.50;1664;1;1;6;-0.07;0.29;0.29;-0.01;0.00;-0.00;-0.00;-0.03;-0.57;-1.28;180.03;-0.10;0.06;0.013
246980.295;1065;-0.57;-1.25;181.98;-0.77;-1.26;162.35;-0.79;0.50;1664;1;1;6;-0.13;0.28;0.29;0.00;-0.00;-0.02;0.02;-0.13;-0.57;-1.28;180.03;-0.10;0.06;0.012
246980.425;1079;-0.61;-1.25;180.96;-0.77;-1.26;162.35;-0.79;0.50;1664;1;1;6;-0.32;0.27;0.28;0.00;0.00;0.02;0.02;-0.12;-0.59;-1.29;179.71;-0.26;0.17;0.035
246980.545;1093;-0.64;-1.25;179.20;-0.77;-1.26;162.35;-0.79;0.50;1664;1;1;6;-0.47;0.27;0.27;0.01;-0.00;-0.01;-0.00;-0.25;-0.62;-1.29;178.23;-0.40;0.26;0.055
246980.595;1098;-0.66;-1.25;178.47;-0.77;-1.26;162.35;-0.79;0.50;1664;1;1;6;-0.60;0.28;0.28;-0.00;-0.01;-0.08;-0.09;-0.32;-0.66;-1.28;175.51;-0.52;0.33;0.008
246980.695;1108;-0.68;-1.25;175.45;-0.77;-1.26;162.35;-0.79;0.50;1664;1;1;6;-0.63;0.28;0.28;0.00;-0.01;-0.01;-0.02;-0.52;-0.68;-1.28;173.93;-0.57;0.36;0.013
246980.805;1118;-0.71;-1.25;172.20;-0.77;-1.26;162.35;-0.79;0.50;1664;1;1;6;-0.68;0.29;0.27;0.02;-0.01;0.14;0.14;-0.67;-0.70;-1.28;170.94;-0.64;0.41;0.024
246980.895;1128;-0.74;-1.24;168.79;-0.77;-1.26;162.35;-0.79;0.50;1664;1;1;6;-0.76;0.30;0.29;0.01;-0.00;0.00;-0.02;-0.56;-0.74;-1.27;167.12;-0.71;0.45;0.011
246980.985;1137;-0.77;-1.24;166.05;-0.77;-1.26;162.35;-0.79;0.50;1664;1;1;6;-0.79;0.30;0.32;0.01;-0.00;-0.16;-0.12;-0.47;-0.77;-1.26;162.35;-0.79;0.50;0.005
246981.105;1147;-0.80;-1.23;161.71;-1.06;-0.96;106.51;-0.75;0.50;1664;2;1;6;-0.79;0.30;0.30;0.06;-0.01;0.18;0.13;-0.79;-0.80;-1.25;158.85;-0.78;0.50;0.009
246981.215;1161;-0.84;-1.22;154.49;-1.06;-0.96;106.51;-0.75;0.50;1664;2;1;6;-0.79;0.30;0.30;0.01;-0.01;0.11;0.07;-0.81;-0.83;-1.23;153.63;-0.78;0.50;0.020
246981.295;1166;-0.85;-1.21;152.46;-1.06;-0.96;106.51;-0.75;0.50;1664;2;1;6;-0.79;0.30;0.33;0.01;-0.01;-0.17;-0.08;-0.63;-0.85;-1.22;150.17;-0.78;0.50;0.012
246981.405;1179;-0.89;-1.20;147.41;-1.06;-0.96;106.51;-0.75;0.50;1664;2;1;6;-0.79;0.30;0.32;0.06;-0.01;0.06;0.03;-0.54;-0.88;-1.21;146.72;-0.78;0.50;0.020
246981.495;1189;-0.92;-1.19;144.12;-1.06;-0.96;106.51;-0.75;0.50;1664;2;1;6;-0.79;0.30;0.35;0.09;-0.01;0.04;0.00;-0.70;-0.91;-1.18;141.57;-0.77;0.50;0.014
246981.585;1194;-0.94;-1.18;141.95;-1.06;-0.96;106.51;-0.75;0.50;1664;2;1;6;-0.79;0.30;0.33;0.10;-0.01;0.08;0.04;-0.76;-0.93;-1.17;138.16;-0.77;0.50;0.004
246981.685;1208;-0.98;-1.16;136.58;-1.06;-0.96;106.51;-0.75;0.50;1664;2;1;6;-0.79;0.30;0.33;0.13;-0.01;0.02;-0.01;-0.83;-0.95;-1.14;133.08;-0.77;0.50;0.008
246981.795;1217;-1.01;-1.14;132.79;-1.06;-0.96;106.51;-0.75;0.50;1664;2;1;6;-0.79;0.30;0.32;0.13;-0.01;0.05;0.00;-0.90;-0.97;-1.12;129.71;-0.76;0.50;0.010
246981.895;1228;-1.05;-1.13;128.18;-1.06;-0.96;106.51;-0.75;0.50;1664;2;1;6;-0.79;0.30;0.33;0.11;-0.01;-0.04;-0.02;-0.68;-0.99;-1.09;124.67;-0.76;0.50;0.010
246981.985;1236;-1.07;-1.11;124.80;-1.06;-0.96;106.51;-0.75;0.50;1664;2;1;6;-0.79;0.30;0.33;0.11;-0.00;0.02;-0.00;-1.00;-1.01;-1.07;121.34;-0.76;0.50;0.005
246982.115;1251;-1.10;-1.07;117.43;-1.06;-0.96;106.51;-0.75;0.50;1664;2;1;6;-0.79;0.30;0.32;0.03;-0.01;-0.15;0.04;-0.85;-1.02;-1.05;118.02;-0.76;0.50;0.031
246982.185;1256;-1.11;-1.06;114.75;-1.06;-0.96;106.51;-0.75;0.50;1664;2;1;6;-0.79;0.30;0.28;0.03;-0.09;0.21;-0.40;-1.03;-1.03;-1.02;114.71;-0.75;0.50;0.004
246982.295;1267;-1.13;-1.03;108.60;-1.06;-0.96;106.51;-0.75;0.50;1664;2;1;6;-0.79;0.30;0.28;0.02;-0.08;0.14;-0.42;-1.13;-1.04;-1.00;111.42;-0.75;0.50;0.011
246982.395;1276;-1.14;-1.00;103.85;-1.06;-0.96;106.51;-0.75;0.50;1664;2;1;6;-0.79;0.30;0.31;0.02;-0.01;-0.19;0.12;-0.84;-1.05;-0.98;108.15;-0.75;0.50;0.010
246982.565;1295;-1.15;-0.95;93.17;-1.06;-0.96;90.00;0.00;0.50;775;1;1;0;-0.79;0.30;0.07;0.11;-0.01;0.02;-0.04;-0.39;-1.06;-0.95;104.92;-0.72;0.50;0.041
246982.615;1301;-1.16;-0.95;93.30;-1.06;-0.96;90.00;0.00;0.50;775;1;1;0;-0.38;0.30;-0.01;0.02;-0.01;-0.01;0.01;0.26;-1.06;-0.95;90.00;0.00;0.50;0.032
246982.705;1309;-1.15;-0.94;92.72;-1.06;-0.96;90.00;0.00;0.50;775;1;1;0;-0.35;0.30;0.28;-0.04;-0.01;-0.03;0.03;-0.46;-1.06;-0.95;90.00;0.00;0.50;0.024
246982.825;1320;-1.16;-0.91;90.67;-1.06;-0.96;90.00;0.00;0.50;775;1;1;0;-0.25;0.30;0.30;0.03;-0.01;-0.02;0.00;-0.27;-1.06;-0.93;90.00;0.00;0.50;0.032
246982.895;1324;-1.16;-0.89;90.14;-1.06;-0.96;90.00;0.00;0.50;775;1;1;0;-0.23;0.30;0.30;0.03;-0.01;-0.10;0.08;-0.18;-1.06;-0.89;90.00;0.00;0.50;0.014
246983.005;1340;-1.16;-0.85;89.42;-1.06;-0.80;90.00;-0.00;0.50;775;2;1;0;-0.20;0.30;0.29;-0.00;-0.01;0.06;-0.03;-0.11;-1.06;-0.86;90.00;0.00;0.50;0.020
246983.095;1348;-1.16;-0.82;89.36;-1.06;-0.80;90.00;-0.00;0.50;775;2;1;0;-0.20;0.30;0.30;0.00;-0.01;-0.02;0.01;0.03;-1.06;-0.84;90.00;0.00;0.50;0.007
246983.205;1357;-1.16;-0.80;89.29;-1.06;-0.80;90.00;-0.00;0.50;775;2;1;0;-0.19;0.30;0.28;0.01;-0.01;0.04;-0.03;-0.05;-1.06;-0.80;90.00;-0.00;0.50;0.018
246983.305;1367;-1.16;-0.77;89.32;-1.06;-0.80;90.00;-0.00;0.50;775;2;1;0;-0.19;0.30;0.29;-0.00;-0.01;0.05;-0.03;-0.05;-1.06;-0.76;90.00;-0.00;0.50;0.022
246983.415;1381;-1.16;-0.73;89.26;-1.06;-0.80;90.00;-0.00;0.50;775;2;1;0;-0.19;0.30;0.30;-0.01;-0.01;0.05;-0.05;-0.03;-1.06;-0.74;90.00;0.00;0.50;0.032
246983.505;1386;-1.16;-0.71;89.14;-1.06;-0.80;90.00;-0.00;0.50;775;2;1;0;-0.19;0.30;0.28;0.01;-0.01;0.04;-0.03;-0.05;-1.06;-0.71;90.00;0.00;0.50;0.018
246983.585;1395;-1.16;-0.69;89.21;-1.06;-0.80;90.00;-0.00;0.50;775;2;1;0;-0.19;0.30;0.30;0.00;-0.01;-0.09;0.07;0.03;-1.06;-0.69;90.00;0.00;0.50;0.005
246983.695;1406;-1.16;-0.66;89.06;-1.06;-0.80;90.00;-0.00;0.50;775;2;1;0;-0.18;0.30;0.29;0.00;-0.01;-0.01;0.00;0.02;-1.06;-0.66;90.00;0.00;0.50;0.013
246983.815;1418;-1.16;-0.62;88.97;-1.06;-0.80;90.00;-0.00;0.50;775;2;1;0;-0.18;0.30;0.28;0.01;-0.01;0.03;-0.03;-0.03;-1.06;-0.63;90.00;0.00;0.50;0.021
246983.895;1429;-1.16;-0.59;88.94;-1.06;-0.80;90.00;-0.00;0.50;775;2;1;0;-0.18;0.30;0.28;0.00;-0.01;0.01;-0.02;-0.03;-1.06;-0.59;90.00;0.00;0.50;0.013
246983.985;1437;-1.16;-0.57;88.90;-1.06;-0.80;90.00;-0.00;0.50;775;2;1;0;-0.17;0.30;0.29;0.00;-0.01;0.01;-0.02;-0.03;-1.06;-0.57;90.00;-0.00;0.50;0.003
246984.095;1448;-1.16;-0.53;88.85;-1.06;-0.80;90.00;-0.00;0.50;775;2;1;0;-0.17;0.30;0.29;0.00;-0.01;0.01;-0.02;-0.03;-1.06;-0.54;90.00;-0.00;0.50;0.009
246984.185;1456;-1.16;-0.51;88.82;-1.06;-0.80;90.00;-0.00;0.50;775;2;1;0;-0.17;0.30;0.29;0.00;-0.01;0.01;-0.02;-0.03;-1.06;-0.52;90.00;-0.00;0.50;0.003
246984.295;1466;-1.16;-0.48;88.78;-1.06;-0.80;90.00;-0.00;0.50;775;2;1;0;-0.17;0.30;0.29;0.00;-0.01;0.01;-0.02;-0.03;-1.06;-0.48;90.00;-0.00;0.50;0.008
246984.395;1477;-1.16;-0.45;88.74;-1.06;-0.80;90.00;-0.00;0.50;775;2;1;0;-0.16;0.30;0.29;0.00;-0.01;0.01;-0.02;-0.02;-1.06;-0.45;90.00;-0.00;0.50;0.010
246984.495;1485;-1.16;-0.43;88.72;-1.06;-0.80;90.00;-0.00;0.50;775;2;1;0;-0.16;0.30;0.29;0.00;-0.01;0.02;-0.02;-0.01;-1.06;-0.43;90.00;-0.00;0.50;0.011
246984.605;1499;-1.16;-0.39;88.70;-1.06;-0.80;90.00;-0.00;0.50;775;2;1;0;-0.16;0.30;0.29;0.00;-0.01;0.01;-0.02;-0.02;-1.06;-0.40;90.00;-0.00;0.50;0.018
246984.725;1510;-1.15;-0.36;88.66;-1.06;-0.80;90.00;-0.00;0.50;775;2;1;0;-0.16;0.30;0.29;0.00;-0.01;0.01;-0.02;-0.02;-1.06;-0.38;90.00;0.00;0.50;0.034
246984.815;1521;-1.15;-0.32;88.62;-1.06;-0.80;90.00;-0.00;0.50;775;2;1;0;-0.15;0.30;0.29;0.00;-0.01;0.01;-0.02;-0.02;-1.06;-0.34;90.00;0.00;0.50;0.017
246984.895;1529;-1.15;-0.30;88.59;-1.06;-0.80;90.00;-0.00;0.50;775;2;1;0;-0.15;0.30;0.29;0.00;-0.01;0.01;-0.02;-0.02;-1.06;-0.31;90.00;0.00;0.50;0.014
246985.015;1538;-1.15;-0.28;88.57;-1.06;-0.80;90.00;-0.00;0.50;775;2;1;0;-0.15;0.30;0.29;0.00;-0.01;0.01;-0.02;-0.02;-1.06;-0.29;90.00;0.00;0.50;0.028
246985.155;1553;-1.15;-0.23;88.51;-1.06;-0.80;90.00;-0.00;0.50;775;2;1;0;-0.14;0.30;0.29;0.00;-0.01;0.01;-0.02;-0.02;-1.06;-0.25;90.00;0.00;0.50;0.045
246985.205;1557;-1.15;-0.22;88.50;-1.06;-0.80;90.00;-0.00;0.50;775;2;1;0;-0.14;0.30;0.29;0.00;-0.01;0.01;-0.02;-0.02;-1.06;-0.24;90.00;-0.00;0.50;0.016
246985.295;1567;-1.15;-0.19;88.47;-1.06;-0.80;90.00;-0.00;0.50;775;2;1;0;-0.14;0.30;0.29;0.00;-0.01;0.01;-0.02;-0.01;-1.06;-0.19;90.00;-0.00;0.50;0.009
246985.395;1578;-1.15;-0.16;88.45;-1.06;-0.80;90.00;-0.00;0.50;775;2;1;0;-0.14;0.30;0.29;0.00;-0.01;0.01;-0.02;-0.01;-1.06;-0.16;90.00;-0.00;0.50;0.006
246985.485;1586;-1.15;-0.14;88.43;-1.06;-0.80;90.00;-0.00;0.50;775;2;1;0;-0.13;0.30;0.29;0.00;-0.01;0.01;-0.02;-0.01;-1.06;-0.14;90.00;-0.00;0.50;0.005
246985.605;1597;-1.15;-0.11;88.40;-1.06;0.04;90.00;0.00;0.50;771;1;1;0;-0.13;0.30;0.29;0.00;-0.01;0.01;-0.02;-0.01;-1.06;-0.11;90.00;-0.00;0.50;0.005
246985.775;1614;-1.15;-0.06;88.35;-1.06;0.04;90.00;0.00;0.50;771;1;1;0;-0.13;0.30;0.29;0.00;-0.01;0.01;-0.02;-0.01;-1.06;-0.03;90.00;0.00;0.07;0.006
246985.825;1620;-1.15;-0.05;88.38;-1.06;0.04;90.00;0.00;0.50;771;1;1;0;-0.13;0.30;0.09;0.01;-0.02;0.12;-0.01;0.04;-1.06;-0.03;90.00;0.00;0.07;0.007
246985.895;1628;-1.15;-0.04;88.72;-1.06;0.04;90.00;0.00;0.50;771;1;1;0;-0.13;0.30;-0.02;0.01;-0.00;0.03;-0.02;0.10;-1.06;-0.03;90.00;0.00;0.07;0.003
246986.035;1643;-1.15;-0.05;89.46;-1.06;0.04;90.00;0.00;0.50;771;1;1;0;-0.13;0.30;0.00;-0.00;0.00;-0.01;0.00;0.02;-1.06;-0.03;90.00;0.00;0.07;0.017
246986.125;1651;-1.15;-0.05;89.55;-1.06;0.04;90.00;0.00;0.50;771;1;1;0;-0.13;0.30;0.00;-0.00;0.00;-0.00;0.00;0.02;-1.06;-0.03;90.00;0.00;0.07;0.016
246986.235;1662;-1.15;-0.05;89.65;-1.06;0.04;90.00;0.00;0.50;771;1;1;0;-0.13;0.30;0.00;0.00;-0.00;-0.00;-0.00;0.01;-1.06;-0.03;90.00;0.00;0.07;0.009
246986.325;1670;-1.15;-0.05;89.70;-1.06;0.04;90.00;0.00;0.50;771;1;1;0;-0.13;0.30;0.00;0.00;-0.00;-0.00;-0.00;0.01;-1.06;-0.03;90.00;0.00;0.07;0.008
246986.405;1680;-1.15;-0.05;89.74;-1.06;0.04;90.00;0.00;0.50;771;1;1;0;-0.13;0.30;0.00;-0.00;-0.00;-0.00;-0.00;0.01;-1.06;-0.03;90.00;0.00;0.07;0.004
246986.525;1689;-1.15;-0.05;89.76;-1.06;0.04;90.00;0.00;0.50;771;1;1;0;-0.13;0.30;0.00;0.00;-0.00;-0.00;-0.00;0.00;-1.06;-0.03;90.00;0.00;0.07;0.010
246986.625;1698;-1.15;-0.05;89.78;-1.06;0.04;90.00;0.00;0.50;771;1;1;0;-0.13;0.30;0.00;0.00;-0.00;-0.00;-0.00;0.00;-1.06;-0.03;90.00;0.00;0.07;0.014
246986.765;1712;-1.15;-0.05;89.80;-1.06;0.04;90.00;0.00;0.50;771;1;1;0;-0.13;0.30;0.00;0.00;-0.00;-0.00;-0.00;0.00;-1.06;-0.03;90.00;0.00;0.07;0.010
246986.805;1717;-1.15;-0.05;89.80;-1.06;0.04;90.00;0.00;0.50;771;1;1;0;-0.13;0.30;0.00;0.00;-0.00;-0.00;-0.00;0.00;-1.06;-0.03;90.00;0.00;0.07;0.003
246986.945;1732;-1.15;-0.04;89.81;-1.06;0.04;90.00;0.00;0.50;771;1;1;0;-0.13;0.30;0.00;0.00;-0.00;-0.00;-0.00;0.00;-1.06;-0.03;90.00;0.00;0.07;0.005
246987.015;1738;-1.15;-0.04;89.81;-1.06;0.04;90.00;0.00;0.50;771;1;1;0;-0.13;0.30;0.00;0.00;-0.00;-0.00;-0.00;0.00;-1.06;-0.03;90.00;0.00;0.07;0.003
246987.135;1751;-1.15;-0.04;89.81;-1.06;0.04;90.00;0.00;0.50;771;1;1;0;-0.13;0.30;0.00;0.00;-0.00;-0.00;-0.00;0.00;-1.06;-0.03;90.00;0.00;0.07;0.008
246987.225;1761;-1.15;-0.04;89.82;-1.06;0.04;90.00;0.00;0.50;771;1;1;0;-0.13;0.30;0.00;0.00;-0.00;-0.00;-0.00;0.00;-1.06;-0.03;90.00;0.00;0.07;0.024
246987.335;1770;-1.15;-0.04;89.82;-1.06;0.04;90.00;0.00;0.50;771;1;1;0;-0.13;0.30;0.00;0.00;-0.00;-0.00;-0.00;0.00;-1.06;-0.03;90.00;0.00;0.07;0.009
246987.425;1780;-1.15;-0.04;89.82;-1.06;0.04;90.00;0.00;0.50;771;1;1;0;-0.13;0.30;0.00;0.00;-0.00;-0.00;-0.00;0.00;-1.06;-0.03;90.00;0.00;0.07;0.003
246987.515;1788;-1.15;-0.04;89.82;-1.06;0.04;90.00;0.00;0.50;771;1;1;0;-0.13;0.30;0.00;0.00;-0.00;-0.00;-0.00;0.00;-1.06;-0.03;90.00;0.00;0.07;0.004
246987.605;1799;-1.15;-0.04;89.82;-1.06;0.04;90.00;0.00;0.50;771;1;0;0;-0.20;0.29;0.00;0.00;-0.00;-0.00;-0.00;0.00;-1.06;-0.03;90.00;0.00;0.07;0.024
246987.735;1810;-1.15;-0.03;88.78;-1.06;0.04;90.00;0.00;0.50;771;1;1;0;-0.20;0.29;0.29;-0.02;-0.00;-0.05;-0.04;-0.24;-1.06;-0.03;90.00;0.00;0.11;0.002
246987.825;1818;-1.15;-0.02;88.68;-1.06;0.04;90.00;0.00;0.50;771;1;1;0;-0.14;0.29;0.02;0.01;0.00;0.00;0.02;0.05;-1.06;-0.02;90.00;0.00;0.21;0.005
246987.955;1833;-1.15;0.01;88.00;-1.06;0.04;90.00;0.00;0.50;771;1;0;0;-0.11;0.29;0.30;0.00;0.00;0.01;0.01;-0.13;-1.06;-0.00;90.00;0.00;0.32;0.050
246988.095;1846;-1.15;0.04;87.66;-1.06;0.04;90.00;0.00;0.50;771;1;1;0;-0.11;0.29;0.11;-0.00;-0.05;-0.06;-0.24;-0.08;-1.06;0.02;90.00;0.00;0.42;0.028
246988.125;1852;-1.15;0.04;87.83;-1.06;0.04;90.00;0.00;0.50;771;1;0;0;-0.10;0.30;-0.01;-0.00;-0.00;0.04;0.01;0.04;-1.06;0.04;90.00;0.00;0.49;0.026
246988.235;1860;-1.15;0.05;87.60;-1.06;0.04;90.00;0.00;0.50;771;1;1;0;-0.10;0.30;0.28;-0.01;-0.00;-0.04;-0.02;-0.06;-1.06;0.04;90.00;0.00;0.49;0.020
246988.315;1871;-1.15;0.07;87.56;-1.06;0.20;90.00;-0.00;0.50;771;2;0;0;-0.08;0.30;-0.01;-0.00;0.00;0.01;0.00;0.02;-1.06;0.06;90.00;0.00;0.50;0.026
246988.405;1880;-1.15;0.08;87.38;-1.06;0.04;90.00;0.00;0.50;771;1;1;0;-0.08;0.30;0.22;-0.00;0.01;-0.09;-0.00;0.05;-1.06;0.06;90.00;0.00;0.50;0.009
246988.525;1889;-1.14;0.09;87.43;-1.06;0.20;90.00;-0.00;0.50;771;2;1;0;-0.07;0.30;-0.01;-0.00;0.00;-0.00;-0.00;0.01;-1.06;0.09;90.00;0.00;0.50;0.016
246988.605;1900;-1.14;0.10;87.15;-1.06;0.20;90.00;-0.00;0.50;771;2;0;0;-0.06;0.30;0.29;0.00;-0.00;0.03;0.03;-0.08;-1.06;0.09;90.00;0.00;0.50;0.025
246988.715;1908;-1.14;0.13;86.93;-1.06;0.29;90.00;0.00;0.50;770;1;1;0;-0.06;0.30;0.31;-0.00;-0.00;0.02;0.01;-0.03;-1.06;0.12;90.00;0.00;0.50;0.003
246988.815;1919;-1.14;0.14;86.90;-1.06;0.29;90.00;0.00;0.50;770;1;0;0;-0.04;0.30;-0.00;0.00;0.00;0.00;0.00;0.01;-1.06;0.22;90.00;0.00;0.07;0.021
246988.905;1927;-1.14;0.15;86.79;-1.06;0.29;90.00;0.00;0.50;770;1;1;0;-0.04;0.30;0.25;-0.00;-0.00;0.10;0.02;-0.09;-1.06;0.22;90.00;0.00;0.07;0.003
246989.005;1938;-1.14;0.16;86.67;-1.06;0.29;90.00;0.00;0.50;770;1;0;0;-0.03;0.29;0.02;-0.02;-0.05;-0.03;-0.26;-0.01;-1.06;0.22;90.00;0.00;0.07;0.024
246989.135;1952;-1.14;0.19;86.77;-1.06;0.29;90.00;0.00;0.50;770;1;1;0;-0.03;0.29;0.23;-0.00;0.01;-0.09;-0.02;0.07;-1.06;0.22;90.00;0.00;0.07;0.009
246989.245;1960;-1.14;0.20;86.76;-1.06;0.29;90.00;0.00;0.50;770;1;1;0;-0.03;0.29;0.00;-0.00;-0.00;0.03;0.01;0.03;-1.06;0.22;90.00;0.00;0.07;0.016
246989.295;1964;-1.14;0.20;86.79;-1.06;0.29;90.00;0.00;0.50;770;1;0;0;-0.03;0.28;0.06;0.00;0.00;0.04;-0.00;-0.01;-1.06;0.22;90.00;0.00;0.07;0.007
246989.445;1980;-1.14;0.23;86.61;-1.06;0.29;90.00;0.00;0.50;770;1;1;0;-0.03;0.28;0.28;0.00;0.00;-0.01;-0.00;-0.02;-1.06;0.23;90.00;0.00;0.18;0.007
246989.495;1988;-1.14;0.24;86.58;-1.06;0.29;90.00;0.00;0.50;770;1;1;0;-0.01;0.28;0.00;0.00;0.00;0.01;-0.00;0.00;-1.06;0.24;90.00;0.00;0.28;0.003
246989.595;1996;-1.14;0.25;86.59;-1.06;0.29;90.00;0.00;0.50;770;1;0;0;-0.01;0.28;0.26;-0.00;0.00;0.01;-0.00;0.00;-1.06;0.26;90.00;0.00;0.35;0.010
246989.775;2015;-1.13;0.31;86.53;-1.06;0.29;90.00;0.00;0.50;770;1;1;0;-0.01;0.28;0.13;0.00;0.01;-0.05;0.02;0.00;-1.06;0.28;90.00;0.00;0.46;0.030
246989.805;2020;-1.13;0.31;86.49;-1.06;0.45;90.00;-0.00;0.50;770;2;1;0;0.00;0.29;0.01;-0.00;0.00;-0.01;0.00;0.01;-1.06;0.30;90.00;0.00;0.50;0.004
246989.895;2026;-1.13;0.32;86.59;-1.06;0.45;90.00;-0.00;0.50;770;2;0;0;0.00;0.30;0.24;-0.01;-0.00;0.06;-0.05;-0.02;-1.06;0.31;90.00;0.00;0.50;0.010
246990.025;2041;-1.13;0.36;86.64;-1.06;0.54;90.00;0.00;0.50;773;1;1;0;0.00;0.30;0.19;-0.01;0.01;-0.11;-0.01;0.02;-1.06;0.35;90.00;0.00;0.50;0.016
246990.135;2050;-1.13;0.36;86.61;-1.06;0.54;90.00;0.00;0.50;773;1;1;0;0.01;0.30;-0.00;0.00;-0.00;0.03;0.01;0.00;-1.06;0.47;90.00;0.00;0.07;0.014
246990.225;2060;-1.13;0.38;86.44;-1.06;0.54;90.00;0.00;0.50;773;1;0;0;0.02;0.30;0.29;-0.00;-0.00;-0.05;-0.01;-0.01;-1.06;0.47;90.00;0.00;0.07;0.033
246990.335;2073;-1.12;0.42;86.48;-1.06;0.54;90.00;0.00;0.50;773;1;1;0;0.02;0.30;0.18;0.00;0.00;-0.04;0.00;-0.04;-1.06;0.47;90.00;0.00;0.07;0.009
246990.435;2079;-1.12;0.42;86.42;-1.06;0.54;90.00;0.00;0.50;773;1;1;0;0.02;0.29;-0.00;0.00;0.00;0.02;-0.00;-0.00;-1.06;0.47;90.00;0.00;0.07;0.009
246990.505;2089;-1.12;0.43;86.42;-1.06;0.54;90.00;0.00;0.50;773;1;0;0;0.03;0.29;0.27;-0.00;-0.00;0.01;-0.00;0.02;-1.06;0.47;90.00;0.00;0.07;0.026
246990.635;2099;-1.12;0.46;86.55;-1.06;0.54;90.00;0.00;0.50;773;1;1;0;0.03;0.29;0.29;-0.00;-0.00;0.01;-0.01;0.01;-1.06;0.47;90.00;0.00;0.07;0.018
246990.695;2107;-1.12;0.47;86.62;-1.06;0.54;90.00;0.00;0.50;773;1;1;0;0.02;0.28;0.03;-0.01;0.00;-0.02;0.01;0.02;-1.06;0.47;90.00;0.00;0.11;0.008
246990.795;2118;-1.12;0.49;86.70;-1.06;0.54;90.00;0.00;0.50;773;1;1;0;0.02;0.28;0.28;0.00;0.00;0.00;-0.00;0.03;-1.06;0.49;90.00;0.00;0.25;0.013
246990.895;2126;-1.12;0.51;86.79;-1.06;0.70;90.00;-0.00;0.50;773;2;1;0;0.02;0.28;0.28;-0.00;-0.00;0.02;-0.01;0.00;-1.06;0.51;90.00;0.00;0.39;0.007
246991.005;2137;-1.12;0.54;86.82;-1.06;0.70;90.00;-0.00;0.50;773;2;1;0;0.03;0.29;0.28;0.00;-0.00;-0.04;0.02;-0.00;-1.06;0.54;90.00;0.00;0.49;0.005
246991.095;2145;-1.12;0.56;86.85;-1.06;0.70;90.00;-0.00;0.50;773;2;1;0;0.03;0.30;0.29;0.00;0.00;-0.04;0.03;0.01;-1.06;0.56;90.00;0.00;0.50;0.013
246991.185;2155;-1.11;0.59;86.92;-1.06;0.70;90.00;-0.00;0.50;773;2;1;0;0.03;0.30;0.30;0.00;0.00;-0.00;0.00;0.01;-1.06;0.60;90.00;0.00;0.50;0.005
246991.295;2165;-1.11;0.62;86.99;-1.06;0.70;90.00;-0.00;0.50;773;2;1;0;0.03;0.30;0.30;-0.00;0.00;-0.00;-0.00;0.01;-1.06;0.63;90.00;0.00;0.50;0.014
246991.405;2180;-1.11;0.67;87.08;-1.06;0.85;90.00;0.00;0.50;773;3;1;0;0.03;0.30;0.30;-0.00;0.00;0.00;-0.00;0.01;-1.06;0.65;90.00;0.00;0.50;0.020
246991.495;2188;-1.11;0.69;87.12;-1.06;0.85;90.00;0.00;0.50;773;3;1;0;0.03;0.30;0.30;-0.00;0.00;0.00;-0.00;0.01;-1.06;0.68;90.00;-0.00;0.50;0.006
246991.585;2198;-1.11;0.72;87.17;-1.06;0.85;90.00;0.00;0.50;773;3;1;0;0.03;0.30;0.30;-0.00;0.00;0.00;-0.00;0.01;-1.06;0.73;90.00;-0.00;0.50;0.003
246991.685;2206;-1.11;0.75;87.21;-1.06;0.85;90.00;0.00;0.50;773;3;1;0;0.03;0.30;0.30;-0.00;0.00;0.00;-0.00;0.01;-1.06;0.75;90.00;-0.00;0.50;0.001
246991.785;2216;-1.10;0.78;87.26;-1.06;0.85;90.00;0.00;0.50;773;3;1;0;0.03;0.30;0.30;-0.00;0.00;0.00;-0.00;0.01;-1.06;0.78;90.00;0.00;0.50;0.003
246991.895;2226;-1.10;0.81;87.31;-1.06;0.85;90.00;0.00;0.50;773;3;1;0;0.04;0.30;0.30;-0.00;0.00;0.00;-0.00;0.01;-1.06;0.81;90.00;0.00;0.50;0.010
246992.005;2240;-1.10;0.85;87.37;-1.06;1.00;90.00;-0.00;0.50;773;4;1;0;0.04;0.30;0.30;-0.00;0.00;0.00;-0.00;0.01;-1.06;0.83;90.00;0.00;0.50;0.001
246992.085;2246;-1.10;0.87;87.40;-1.06;1.00;90.00;-0.00;0.50;773;4;1;0;0.04;0.30;0.30;-0.00;0.00;0.00;-0.00;0.01;-1.06;0.87;90.00;0.00;0.50;0.001
246992.185;2255;-1.10;0.89;87.44;-1.06;1.00;90.00;-0.00;0.50;773;4;1;0;0.04;0.30;0.30;-0.00;0.00;0.00;-0.00;0.01;-1.06;0.90;90.00;0.00;0.50;0.002
246992.285;2264;-1.10;0.92;87.49;-1.06;1.00;90.00;-0.00;0.50;773;4;1;0;0.04;0.30;0.30;-0.00;0.00;0.00;-0.00;0.01;-1.06;0.92;90.00;-0.00;0.50;0.001
246992.385;2274;-1.10;0.95;87.53;-1.06;1.00;90.00;-0.00;0.50;773;4;1;0;0.04;0.30;0.30;-0.00;0.00;0.00;-0.00;0.01;-1.06;0.95;90.00;-0.00;0.50;0.001
246992.485;2285;-1.10;0.98;87.58;-1.06;1.00;90.00;-0.00;0.50;773;4;1;0;0.04;0.30;0.30;-0.00;0.00;0.00;-0.00;0.01;-1.06;0.98;90.00;-0.00;0.50;0.001
246992.585;2298;-1.09;1.02;87.64;-1.06;1.15;90.00;0.00;0.50;773;5;1;0;0.04;0.30;0.30;-0.00;0.00;0.00;-0.00;0.01;-1.06;1.03;90.00;-0.00;0.50;0.001
246992.685;2304;-1.09;1.04;87.67;-1.06;1.15;90.00;0.00;0.50;773;5;1;0;0.04;0.30;0.30;-0.00;0.00;0.00;-0.00;0.01;-1.06;1.04;90.00;-0.00;0.50;0.002
246992.785;2318;-1.09;1.08;87.73;-1.06;1.15;90.00;0.00;0.50;773;5;1;0;0.04;0.30;0.30;-0.00;0.00;0.00;-0.00;0.01;-1.06;1.07;90.00;-0.00;0.50;0.004
246992.885;2327;-1.09;1.11;87.77;-1.06;1.15;90.00;0.00;0.50;773;5;1;0;0.04;0.30;0.30;-0.00;0.00;0.00;-0.00;0.01;-1.06;1.11;90.00;0.00;0.50;0.001
246992.985;2338;-1.09;1.14;87.82;-1.06;1.15;90.00;0.00;0.50;773;5;1;0;0.04;0.30;0.30;-0.00;0.00;0.00;-0.00;0.01;-1.06;1.15;90.00;0.00;0.50;0.001
246993.085;2346;-1.09;1.17;87.86;-1.06;1.31;90.00;-0.00;0.50;773;6;1;0;0.04;0.30;0.30;-0.00;0.00;0.00;-0.00;0.01;-1.06;1.17;90.00;0.00;0.50;0.005
246993.185;2357;-1.09;1.20;87.91;-1.06;1.31;90.00;-0.00;0.50;773;6;1;0;0.05;0.30;0.30;-0.00;0.00;0.00;-0.00;0.01;-1.06;1.20;90.00;0.00;0.50;0.001
246993.295;2365;-1.09;1.23;87.94;-1.06;1.31;90.00;-0.00;0.50;773;6;1;0;0.05;0.30;0.30;-0.00;0.00;0.00;-0.00;0.01;-1.06;1.22;90.00;0.00;0.50;0.002
246993.395;2374;-1.09;1.25;87.98;-1.06;1.31;90.00;-0.00;0.50;773;6;1;0;0.05;0.30;0.30;-0.00;0.00;0.00;-0.00;0.01;-1.06;1.25;90.00;0.00;0.50;0.004
246993.485;2385;-1.08;1.29;88.02;-1.06;1.31;90.00;-0.00;0.50;773;6;1;0;0.05;0.30;0.30;-0.00;-0.00;0.00;-0.00;0.01;-1.06;1.29;90.00;-0.00;0.50;0.000
246993.605;2399;-1.08;1.33;88.08;-1.06;1.55;90.00;-0.00;0.50;595;1;1;2;0.05;0.30;0.30;-0.00;-0.00;0.00;0.00;0.01;-1.06;1.33;90.00;-0.00;0.50;0.011
246993.705;2407;-1.08;1.35;88.12;-1.06;1.55;90.00;-0.00;0.50;595;1;1;2;0.05;0.30;0.30;-0.00;-0.00;0.00;0.00;0.01;-1.06;1.47;90.00;-0.00;0.05;0.024
246993.795;2417;-1.08;1.38;88.15;-1.06;1.55;90.00;-0.00;0.50;595;1;1;2;0.05;0.30;0.30;0.00;-0.00;0.00;0.00;0.01;-1.06;1.47;90.00;-0.00;0.05;0.013
246993.915;2428;-1.08;1.41;88.19;-1.06;1.55;90.00;-0.00;0.50;595;1;1;2;0.05;0.29;0.30;0.00;-0.00;0.00;0.00;0.01;-1.06;1.47;90.00;-0.00;0.05;0.023
246993.995;2436;-1.08;1.44;88.21;-1.06;1.55;90.00;-0.00;0.50;595;1;1;2;0.05;0.28;0.29;-0.00;-0.00;0.00;0.00;0.01;-1.06;1.47;90.00;-0.00;0.05;0.007
246994.095;2447;-1.08;1.47;88.24;-1.06;1.55;90.00;-0.00;0.50;595;1;1;2;0.05;0.28;0.29;0.00;-0.00;0.00;0.00;0.00;-1.06;1.47;90.00;-0.00;0.10;0.012
246994.185;2455;-1.08;1.49;88.26;-1.06;1.55;90.00;-0.00;0.50;595;1;1;2;0.05;0.28;0.28;-0.00;-0.00;0.00;0.00;0.00;-1.06;1.49;90.00;-0.00;0.28;0.007
246994.295;2466;-1.08;1.52;88.29;-1.06;1.71;90.00;0.00;0.50;595;2;1;2;0.05;0.28;0.28;0.00;-0.00;0.00;0.00;0.01;-1.06;1.52;90.00;-0.00;0.41;0.012
246994.395;2478;-1.08;1.55;88.33;-1.06;1.71;90.00;0.00;0.50;595;2;1;2;0.05;0.29;0.28;-0.00;-0.00;0.00;0.00;0.01;-1.06;1.55;90.00;-0.00;0.50;0.010
246994.535;2489;-1.07;1.59;88.40;-1.06;1.82;90.00;0.00;0.50;596;1;1;1;0.05;0.30;0.29;-0.00;-0.00;0.00;0.00;0.01;-1.06;1.58;90.00;0.00;0.50;0.024
246994.635;2500;-1.07;1.62;88.46;-1.06;1.82;90.00;0.00;0.50;596;1;1;1;0.05;0.30;0.30;-0.00;-0.00;0.00;0.00;0.01;-1.06;1.72;90.00;0.00;0.06;0.053
246994.705;2508;-1.07;1.65;88.50;-1.06;1.82;90.00;0.00;0.50;596;1;1;1;0.05;0.30;0.30;0.00;-0.00;0.00;0.00;0.01;-1.06;1.72;90.00;0.00;0.06;0.014
246994.795;2517;-1.07;1.67;88.52;-1.06;1.82;90.00;0.00;0.50;596;1;1;1;0.05;0.29;0.30;0.00;-0.00;0.00;0.00;0.01;-1.06;1.72;90.00;0.00;0.06;0.016
246994.925;2527;-1.07;1.70;88.55;-1.06;1.82;90.00;0.00;0.50;596;1;1;1;0.05;0.28;0.29;0.00;-0.00;0.00;0.00;0.00;-1.06;1.72;90.00;0.00;0.06;0.032
246994.995;2536;-1.07;1.73;88.58;-1.06;1.82;90.00;0.00;0.50;596;1;1;1;0.05;0.28;0.28;-0.00;-0.00;0.00;0.00;0.00;-1.06;1.73;90.00;0.00;0.17;0.020
246995.095;2546;-1.07;1.76;88.60;-1.06;1.82;90.00;0.00;0.50;596;1;1;1;0.05;0.28;0.28;0.00;-0.00;0.00;0.00;0.00;-1.06;1.76;90.00;0.00;0.32;0.009
246995.245;2561;-1.07;1.80;88.64;-1.06;1.82;90.00;0.00;0.50;596;1;1;1;0.05;0.29;0.28;0.00;-0.00;0.00;0.00;0.01;-1.06;1.79;90.00;0.00;0.42;0.032
246995.295;2565;-1.07;1.81;88.65;-1.06;2.01;90.00;-0.00;0.50;596;2;1;1;0.05;0.30;0.28;0.00;-0.00;0.00;0.00;0.01;-1.06;1.81;90.00;0.00;0.48;0.015
246995.415;2580;-1.07;1.85;88.72;-1.06;2.01;90.00;-0.00;0.50;596;2;1;1;0.05;0.30;0.30;0.00;-0.00;0.00;0.00;0.01;-1.06;1.83;90.00;0.00;0.50;0.036
246995.495;2587;-1.07;1.87;88.75;-1.06;2.01;90.00;-0.00;0.50;596;2;1;1;0.05;0.30;0.30;0.00;-0.00;0.00;0.00;0.01;-1.06;1.87;90.00;-0.00;0.50;0.007
246995.595;2597;-1.07;1.90;88.79;-1.06;2.01;90.00;-0.00;0.50;596;2;1;1;0.05;0.30;0.30;0.00;-0.00;0.00;0.01;0.01;-1.06;1.90;90.00;-0.00;0.50;0.013
246995.705;2607;-1.07;1.93;88.83;-1.06;2.01;90.00;-0.00;0.50;596;2;1;1;0.05;0.30;0.30;0.00;-0.00;0.00;0.01;0.01;-1.06;1.93;90.00;-0.00;0.50;0.022
246995.795;2616;-1.07;1.96;88.86;-1.06;2.01;90.00;-0.00;0.50;596;2;1;1;0.05;0.30;0.30;0.00;-0.00;0.00;0.01;0.01;-1.06;1.96;90.00;-0.00;0.50;0.011
246995.905;2626;-1.06;1.99;88.89;-1.06;2.01;90.00;-0.00;0.50;596;2;1;1;0.05;0.30;0.30;0.00;-0.00;0.00;0.01;0.01;-1.06;1.99;90.00;-0.00;0.50;0.016
246995.985;2634;-1.06;2.02;88.92;-1.06;2.01;90.00;-0.00;0.50;596;2;1;1;0.05;0.30;0.30;0.00;-0.00;0.00;0.01;0.01;-1.06;2.02;90.00;-0.00;0.50;0.006
246996.115;2650;-1.06;2.06;88.96;-1.06;2.21;90.00;0.00;0.50;596;3;1;1;0.05;0.30;0.30;0.00;-0.00;0.00;0.01;0.01;-1.06;2.05;90.00;-0.00;0.50;0.021
246996.225;2658;-1.06;2.09;88.99;-1.06;2.32;90.00;0.00;0.50;598;1;1;1;0.05;0.30;0.30;-0.00;-0.00;0.00;0.01;0.01;-1.06;2.09;90.00;-0.00;0.50;0.020
246996.295;2668;-1.06;2.12;89.02;-1.06;2.32;90.00;0.00;0.50;598;1;1;1;0.05;0.30;0.30;0.00;-0.00;0.00;0.01;0.00;-1.06;2.22;90.00;0.00;0.06;0.008
246996.385;2677;-1.06;2.14;89.05;-1.06;2.32;90.00;0.00;0.50;598;1;1;1;0.05;0.30;0.30;-0.00;-0.00;0.00;0.01;0.01;-1.06;2.22;90.00;0.00;0.06;0.006
246996.495;2687;-1.06;2.17;89.07;-1.06;2.32;90.00;0.00;0.50;598;1;1;1;0.05;0.29;0.30;0.00;-0.00;0.00;0.01;0.00;-1.06;2.22;90.00;0.00;0.06;0.018
246996.595;2696;-1.06;2.20;89.09;-1.06;2.32;90.00;0.00;0.50;598;1;1;1;0.05;0.28;0.29;-0.00;-0.00;0.00;0.01;0.01;-1.06;2.22;90.00;0.00;0.06;0.008
246996.695;2706;-1.06;2.23;89.10;-1.06;2.32;90.00;0.00;0.50;598;1;1;1;0.05;0.28;0.28;-0.02;-0.01;-0.06;-0.04;-0.01;-1.06;2.23;90.00;0.00;0.18;0.009
246996.795;2717;-1.06;2.26;89.21;-1.06;2.32;90.00;0.00;0.50;598;1;1;1;0.05;0.28;0.28;0.00;0.00;0.00;-0.00;0.02;-1.06;2.26;90.00;0.00;0.33;0.017
246996.895;2726;-1.06;2.29;89.30;-1.06;2.32;90.00;0.00;0.50;598;1;1;1;0.05;0.29;0.28;0.00;0.00;-0.00;-0.00;0.02;-1.06;2.29;90.00;0.00;0.42;0.016
246996.995;2736;-1.06;2.31;89.37;-1.06;2.51;90.00;-0.00;0.50;598;2;1;1;0.04;0.30;0.29;-0.00;0.00;-0.00;0.00;0.01;-1.06;2.32;90.00;0.00;0.50;0.015
246997.085;2747;-1.06;2.35;89.43;-1.06;2.51;90.00;-0.00;0.50;598;2;1;1;0.04;0.30;0.30;0.00;0.00;-0.00;-0.00;0.01;-1.06;2.35;90.00;0.00;0.50;0.004
246997.185;2756;-1.06;2.37;89.47;-1.06;2.51;90.00;-0.00;0.50;598;2;1;1;0.04;0.30;0.30;-0.00;0.00;-0.00;-0.00;0.01;-1.06;2.37;90.00;-0.00;0.50;0.004
246997.295;2767;-1.06;2.41;89.50;-1.06;2.51;90.00;-0.00;0.50;598;2;1;1;0.04;0.30;0.30;-0.00;0.00;-0.00;-0.00;0.00;-1.06;2.40;90.00;-0.00;0.50;0.017
246997.385;2776;-1.06;2.43;89.52;-1.06;2.51;90.00;-0.00;0.50;598;2;1;1;0.04;0.30;0.30;0.00;0.00;0.00;-0.00;0.00;-1.06;2.43;90.00;-0.00;0.50;0.005
246997.495;2786;-1.06;2.46;89.53;-1.06;2.51;90.00;-0.00;0.50;598;2;1;1;0.04;0.30;0.30;-0.00;-0.00;-0.04;-0.03;-0.01;-1.06;2.46;90.00;-0.00;0.50;0.006
246997.595;2795;-1.06;2.49;89.55;-1.06;2.51;90.00;-0.00;0.50;598;2;1;1;0.04;0.30;0.30;0.00;0.00;0.00;-0.00;0.01;-1.06;2.49;90.00;-0.00;0.50;0.014
246997.695;2808;-1.06;2.53;89.61;-1.06;2.51;90.00;-0.00;0.50;598;2;1;1;0.04;0.30;0.30;0.00;0.00;-0.00;-0.00;0.01;-1.06;2.52;90.00;-0.00;0.50;0.009
246997.785;2816;-1.06;2.55;89.65;-1.06;2.71;90.00;0.00;0.50;598;3;1;1;0.04;0.30;0.30;-0.00;0.00;-0.00;0.00;0.01;-1.06;2.55;90.00;-0.00;0.50;0.003
246997.915;2831;-1.06;2.60;89.69;-1.09;2.93;107.65;0.79;0.50;600;1;1;5;0.04;0.30;0.30;0.00;0.00;0.00;-0.00;0.00;-1.06;2.58;90.00;-0.00;0.50;0.021
246997.995;2836;-1.06;2.61;89.70;-1.09;2.93;107.65;0.79;0.50;600;1;1;5;-0.17;0.30;0.30;-0.00;0.00;-0.00;-0.00;0.00;-1.06;2.72;89.97;0.10;0.06;0.005
246998.095;2846;-1.06;2.65;88.89;-1.09;2.93;107.65;0.79;0.50;600;1;1;5;-0.06;0.30;0.29;0.00;0.01;-0.04;0.01;-0.25;-1.06;2.72;89.97;0.10;0.06;0.012
246998.195;2856;-1.05;2.67;88.12;-1.09;2.93;107.65;0.79;0.50;600;1;1;5;0.05;0.29;0.30;0.00;0.00;-0.01;0.00;-0.04;-1.06;2.72;89.97;0.10;0.06;0.009
246998.305;2868;-1.05;2.71;88.47;-1.09;2.93;107.65;0.79;0.50;600;1;1;5;0.13;0.29;0.30;-0.00;-0.00;-0.00;0.00;0.10;-1.06;2.72;89.97;0.10;0.06;0.020
246998.415;2879;-1.05;2.74;89.32;-1.09;2.93;107.65;0.79;0.50;600;1;1;5;0.31;0.28;0.28;-0.01;0.00;-0.01;-0.00;0.15;-1.06;2.74;90.29;0.26;0.17;0.028
246998.525;2887;-1.05;2.76;90.31;-1.09;2.93;107.65;0.79;0.50;600;1;1;5;0.40;0.28;0.27;-0.02;-0.00;0.03;0.01;0.32;-1.06;2.76;91.10;0.36;0.23;0.035
246998.595;2897;-1.05;2.79;91.95;-1.09;2.93;107.65;0.79;0.50;600;1;1;5;0.50;0.28;0.28;0.00;-0.01;0.05;0.03;0.36;-1.06;2.79;92.67;0.45;0.29;0.017
246998.745;2914;-1.05;2.84;95.86;-1.09;2.93;107.65;0.79;0.50;600;1;1;5;0.58;0.28;0.27;-0.02;-0.01;-0.02;-0.02;0.36;-1.06;2.82;95.24;0.55;0.35;0.062
246998.795;2918;-1.05;2.85;96.70;-1.09;2.93;107.65;0.79;0.50;600;1;1;5;0.65;0.29;0.28;-0.02;-0.01;0.02;0.01;0.48;-1.07;2.84;96.98;0.59;0.38;0.012
246998.955;2933;-1.06;2.89;101.41;-1.09;2.93;107.65;0.79;0.50;600;1;1;5;0.69;0.29;0.29;-0.02;-0.00;-0.09;-0.14;0.48;-1.07;2.87;100.24;0.67;0.42;0.066
246999.015;2937;-1.06;2.90;102.94;-1.09;2.93;107.65;0.79;0.50;600;1;1;5;0.76;0.30;0.26;-0.04;-0.01;0.10;0.11;0.72;-1.08;2.89;102.88;0.71;0.45;0.018
246999.105;2946;-1.06;2.93;106.45;-1.09;2.93;107.65;0.79;0.50;600;1;1;5;0.79;0.30;0.30;-0.01;-0.00;-0.01;0.01;0.63;-1.09;2.91;105.95;0.76;0.48;0.022
246999.205;2957;-1.07;2.96;109.66;-1.38;3.21;163.49;0.75;0.50;600;2;1;5;0.79;0.30;0.32;-0.03;0.00;-0.02;-0.01;0.59;-1.10;2.95;111.15;0.78;0.50;0.021
246999.295;2965;-1.08;2.98;113.66;-1.38;3.21;163.49;0.75;0.50;600;2;1;5;0.79;0.30;0.31;-0.04;-0.01;-0.04;-0.04;0.75;-1.11;2.97;114.63;0.78;0.50;0.011
246999.435;2980;-1.09;3.03;121.17;-1.38;3.21;163.49;0.75;0.50;600;2;1;5;0.70;0.30;0.32;-0.04;-0.01;-0.01;-0.02;0.67;-1.12;3.00;118.10;0.78;0.50;0.044
246999.515;2988;-1.10;3.05;124.09;-1.38;3.21;163.49;0.75;0.50;600;2;1;5;0.73;0.30;0.32;-0.06;-0.01;0.01;-0.01;0.58;-1.13;3.02;121.56;0.78;0.50;0.030
246999.595;2998;-1.12;3.08;127.33;-1.38;3.21;163.49;0.75;0.50;600;2;1;5;0.79;0.30;0.32;-0.07;-0.01;0.02;0.06;0.58;-1.15;3.05;126.72;0.77;0.50;0.007
246999.705;3008;-1.13;3.11;131.08;-1.38;3.21;163.49;0.75;0.50;600;2;1;5;0.79;0.30;0.32;-0.09;-0.01;-0.01;0.04;0.84;-1.17;3.07;130.13;0.77;0.50;0.015
246999.795;3016;-1.14;3.14;134.56;-1.38;3.21;163.49;0.75;0.50;600;2;1;5;0.79;0.30;0.33;-0.09;-0.01;0.00;0.06;0.85;-1.19;3.09;133.54;0.77;0.50;0.010
246999.885;3025;-1.16;3.16;138.72;-1.38;3.21;163.49;0.75;0.50;600;2;1;5;0.79;0.30;0.33;-0.10;-0.01;0.00;0.07;0.85;-1.21;3.11;136.92;0.77;0.50;0.007
246999.995;3036;-1.18;3.19;143.95;-1.38;3.21;163.49;0.75;0.50;600;2;1;5;0.79;0.30;0.33;-0.10;-0.01;0.01;-0.06;0.73;-1.23;3.13;141.98;0.76;0.50;0.011
247000.105;3048;-1.21;3.23;150.05;-1.38;3.21;163.49;0.75;0.50;600;2;1;5;0.73;0.30;0.30;-0.14;-0.01;0.00;0.07;0.99;-1.26;3.15;145.33;0.76;0.50;0.024
247000.215;3059;-1.23;3.25;154.70;-1.38;3.21;163.49;0.75;0.50;600;2;1;5;0.71;0.30;0.33;-0.05;-0.01;0.05;-0.15;0.71;-1.28;3.16;148.66;0.76;0.50;0.013
247000.295;3067;-1.25;3.26;158.38;-1.38;3.21;163.49;0.75;0.50;600;2;1;5;0.69;0.30;0.30;-0.02;-0.01;-0.02;0.10;0.74;-1.30;3.18;151.98;0.76;0.50;0.004
247000.385;3078;-1.28;3.28;162.46;-1.38;3.21;163.49;0.75;0.50;600;2;1;5;0.66;0.30;0.31;-0.00;-0.01;0.09;-0.25;0.71;-1.32;3.19;155.29;0.75;0.50;0.004
247000.495;3087;-1.31;3.29;166.46;-1.38;3.21;163.49;0.75;0.50;600;2;1;5;0.63;0.30;0.29;-0.01;-0.01;-0.04;0.10;0.68;-1.35;3.20;158.58;0.75;0.50;0.010
247000.595;3097;-1.34;3.29;169.56;-1.38;3.21;163.49;0.75;0.50;600;2;1;5;0.63;0.30;0.31;0.01;-0.00;0.14;-0.30;0.42;-1.37;3.21;161.85;0.75;0.50;0.006
247000.705;3108;-1.37;3.30;173.72;-1.38;3.21;163.49;0.75;0.50;600;2;1;5;0.57;0.30;0.31;-0.02;-0.01;0.07;-0.14;0.57;-1.39;3.21;165.08;0.72;0.50;0.027
247000.785;3116;-1.40;3.31;176.27;-1.38;3.21;163.49;0.75;0.50;600;2;1;5;0.53;0.29;0.33;-0.08;-0.06;0.01;0.45;0.74;-1.42;3.22;168.03;0.66;0.50;0.008
247000.905;3127;-1.43;3.31;179.86;-1.80;3.23;180.57;-0.23;0.50;600;3;1;5;0.44;0.29;0.34;-0.05;-0.04;-0.02;0.26;0.65;-1.44;3.22;170.68;0.60;0.50;0.017
247001.025;3142;-1.47;3.31;183.15;-1.80;3.23;180.57;-0.23;0.50;600;3;1;5;0.26;0.30;0.28;-0.01;-0.01;-0.00;0.00;0.23;-1.47;3.23;173.03;0.54;0.50;0.042
247001.125;3150;-1.50;3.31;183.61;-1.80;3.23;180.57;-0.23;0.50;600;3;1;5;0.27;0.30;0.28;-0.00;-0.01;-0.04;0.05;0.06;-1.49;3.23;175.09;0.48;0.50;0.029
247001.225;3161;-1.53;3.31;183.46;-1.80;3.23;180.57;-0.23;0.50;600;3;1;5;0.29;0.30;0.30;-0.00;-0.01;-0.03;0.04;0.05;-1.52;3.23;176.88;0.42;0.50;0.035
247001.375;3174;-1.57;3.31;184.10;-2.07;3.19;194.65;0.57;0.50;843;1;1;7;0.28;0.30;0.30;-0.02;-0.01;0.02;-0.02;0.09;-1.55;3.23;178.39;0.36;0.50;0.055
247001.425;3179;-1.58;3.31;184.41;-2.07;3.19;194.65;0.57;0.50;843;1;1;7;-0.49;0.30;0.28;-0.01;-0.01;-0.04;0.05;0.12;-1.82;3.22;180.00;0.07;0.06;0.045
247001.525;3189;-1.61;3.31;182.62;-2.07;3.19;194.65;0.57;0.50;843;1;1;7;-0.36;0.30;0.30;0.02;-0.01;0.04;-0.04;-0.95;-1.82;3.22;180.00;0.07;0.06;0.037
247001.645;3200;-1.65;3.31;177.99;-2.07;3.19;194.65;0.57;0.50;843;1;1;7;-0.12;0.30;0.30;-0.00;-0.00;-0.01;-0.00;-0.46;-1.82;3.22;180.00;0.07;0.06;0.051
247001.765;3213;-1.68;3.31;176.68;-2.07;3.19;194.65;0.57;0.50;843;1;1;7;0.01;0.30;0.28;0.00;-0.01;0.02;0.03;-0.00;-1.82;3.22;180.00;0.07;0.06;0.070
247001.825;3219;-1.70;3.31;176.94;-2.07;3.19;194.65;0.57;0.50;843;1;1;7;0.04;0.30;0.29;-0.00;-0.00;-0.01;-0.02;0.18;-1.82;3.22;180.00;0.07;0.06;0.027
247001.895;3227;-1.72;3.31;177.77;-2.07;3.19;194.65;0.57;0.50;843;1;1;7;0.06;0.30;0.29;-0.01;-0.00;0.02;0.04;0.17;-1.82;3.22;180.00;0.07;0.06;0.012
247002.005;3236;-1.75;3.31;178.48;-2.07;3.19;194.65;0.57;0.50;843;1;1;7;0.08;0.30;0.30;-0.00;0.00;-0.00;-0.01;0.10;-1.82;3.22;180.00;0.07;0.06;0.022
247002.175;3255;-1.81;3.31;179.42;-2.07;3.19;194.65;0.57;0.50;843;1;1;7;0.16;0.29;0.29;-0.00;-0.00;-0.00;0.01;0.05;-1.82;3.22;180.00;0.07;0.06;0.082
247002.205;3260;-1.82;3.31;179.68;-2.07;3.19;194.65;0.57;0.50;843;1;1;7;0.20;0.28;0.29;0.00;0.00;0.01;-0.02;0.15;-1.82;3.22;180.02;0.09;0.08;0.025
247002.315;3269;-1.85;3.31;180.47;-2.07;3.19;194.65;0.57;0.50;843;1;1;7;0.28;0.28;0.27;-0.01;-0.00;-0.01;0.02;0.15;-1.84;3.22;180.36;0.18;0.16;0.027
247002.415;3279;-1.87;3.31;181.35;-2.07;3.19;194.65;0.57;0.50;843;1;1;7;0.33;0.27;0.27;-0.00;-0.00;0.02;-0.02;0.16;-1.86;3.22;180.78;0.23;0.20;0.028
247002.545;3290;-1.90;3.31;182.61;-2.07;3.19;194.65;0.57;0.50;843;1;1;7;0.39;0.27;0.27;-0.00;-0.01;0.01;-0.01;0.17;-1.89;3.22;181.87;0.30;0.26;0.059
247002.665;3305;-1.94;3.31;184.24;-2.07;3.19;194.65;0.57;0.50;843;1;1;7;0.45;0.27;0.27;0.00;-0.01;0.06;-0.07;0.16;-1.91;3.22;182.98;0.34;0.30;0.081
247002.715;3309;-1.95;3.31;184.81;-2.07;3.19;194.65;0.57;0.50;843;1;1;7;0.50;0.27;0.25;-0.02;-0.01;-0.04;0.06;0.33;-1.94;3.22;184.46;0.39;0.34;0.031
247002.845;3324;-1.99;3.31;187.32;-2.07;3.19;194.65;0.57;0.50;843;1;1;7;0.51;0.27;0.26;0.01;-0.09;-0.49;-0.06;0.46;-1.95;3.21;185.35;0.41;0.36;0.057
247002.925;3328;-2.00;3.31;188.21;-2.07;3.19;194.65;0.57;0.50;843;1;1;7;0.56;0.28;0.27;-0.01;-0.01;-0.05;0.05;0.37;-1.99;3.21;187.48;0.46;0.40;0.024
247003.035;3339;-2.03;3.30;190.38;-2.07;3.19;194.65;0.57;0.50;843;1;1;7;0.57;0.28;0.28;0.00;-0.01;0.16;-0.16;0.34;-2.00;3.21;188.73;0.48;0.42;0.032
247003.095;3347;-2.06;3.30;192.64;-2.07;3.19;194.65;0.57;0.50;843;1;1;7;0.62;0.29;0.27;-0.01;-0.01;-0.03;0.03;0.44;-2.04;3.20;191.64;0.53;0.46;0.011
247003.195;3358;-2.09;3.29;195.32;-2.07;3.19;194.65;0.57;0.50;843;1;1;7;0.62;0.29;0.30;-0.02;0.00;-0.01;0.01;0.47;-2.06;3.19;193.30;0.55;0.48;0.012
247003.305;3367;-2.11;3.29;198.06;-2.45;2.86;252.85;0.79;0.50;843;2;1;7;0.61;0.30;0.28;-0.00;-0.01;-0.03;0.01;0.46;-2.08;3.19;195.11;0.57;0.50;0.017
247003.425;3381;-2.15;3.27;201.26;-2.45;2.86;252.85;0.79;0.50;843;2;1;7;0.38;0.30;0.30;-0.05;-0.01;-0.25;0.16;0.56;-2.10;3.18;196.99;0.58;0.50;0.034
247003.495;3386;-2.16;3.27;202.24;-2.45;2.86;252.85;0.79;0.50;843;2;1;7;0.40;0.30;0.30;-0.02;-0.01;0.07;-0.05;0.22;-2.12;3.18;198.91;0.59;0.50;0.007
247003.635;3400;-2.20;3.25;203.29;-2.45;2.86;252.85;0.79;0.50;843;2;1;7;0.52;0.30;0.29;-0.01;-0.01;-0.00;0.00;0.08;-2.16;3.16;202.85;0.60;0.50;0.054
247003.725;3408;-2.23;3.25;203.98;-2.45;2.86;252.85;0.79;0.50;843;2;1;7;0.59;0.30;0.28;-0.03;-0.01;-0.06;0.04;0.34;-2.18;3.15;204.88;0.61;0.50;0.031
247003.805;3418;-2.25;3.24;205.41;-2.45;2.86;252.85;0.79;0.50;843;2;1;7;0.64;0.30;0.31;-0.03;-0.01;-0.04;0.05;0.32;-2.20;3.14;206.95;0.62;0.50;0.023
247003.895;3428;-2.28;3.22;207.10;-2.45;2.86;252.85;0.79;0.50;843;2;1;7;0.69;0.30;0.32;-0.03;-0.01;0.10;-0.05;0.26;-2.22;3.13;209.05;0.63;0.50;0.017
247003.995;3436;-2.31;3.22;208.91;-2.45;2.86;252.85;0.79;0.50;843;2;1;7;0.72;0.30;0.33;-0.04;-0.01;0.04;-0.00;0.35;-2.24;3.12;211.20;0.64;0.50;0.004
247004.095;3447;-2.34;3.20;211.86;-2.45;2.86;252.85;0.79;0.50;843;2;1;7;0.77;0.30;0.33;-0.05;-0.01;0.00;0.01;0.40;-2.27;3.10;215.61;0.66;0.50;0.010
247004.195;3455;-2.36;3.19;214.29;-2.45;2.86;252.85;0.79;0.50;843;2;1;7;0.79;0.30;0.32;-0.07;-0.01;-0.08;0.04;0.70;-2.29;3.08;217.88;0.67;0.50;0.006
247004.285;3466;-2.40;3.18;218.14;-2.45;2.86;252.85;0.79;0.50;843;2;1;7;0.77;0.30;0.34;-0.08;-0.01;-0.05;0.01;0.69;-2.31;3.07;220.19;0.68;0.50;0.003
247004.405;3480;-2.44;3.15;223.45;-2.45;2.86;252.85;0.79;0.50;843;2;1;7;0.74;0.30;0.34;-0.09;-0.01;-0.04;-0.00;0.73;-2.32;3.06;222.54;0.68;0.50;0.017
247004.485;3485;-2.46;3.15;225.66;-2.45;2.86;252.85;0.79;0.50;843;2;1;7;0.74;0.30;0.31;-0.11;-0.01;-0.07;0.02;0.74;-2.34;3.04;224.93;0.69;0.50;0.005
247004.595;3498;-2.49;3.12;229.75;-2.45;2.86;252.85;0.79;0.50;843;2;1;7;0.79;0.30;0.34;-0.10;-0.02;-0.03;0.01;0.67;-2.37;3.01;229.86;0.71;0.50;0.010
247004.695;3508;-2.52;3.10;234.09;-2.45;2.86;252.85;0.79;0.50;843;2;1;7;0.77;0.30;0.30;-0.05;-0.09;-0.21;-0.44;0.88;-2.38;2.99;232.39;0.72;0.50;0.012
247004.795;3518;-2.54;3.08;239.04;-2.45;2.86;252.85;0.79;0.50;843;2;1;7;0.72;0.30;0.31;-0.09;-0.01;-0.31;-0.04;0.99;-2.39;2.98;234.96;0.73;0.50;0.009
247004.895;3527;-2.56;3.06;243.90;-2.45;2.86;252.85;0.79;0.50;843;2;1;7;0.66;0.30;0.31;-0.06;-0.01;-0.06;-0.01;0.85;-2.40;2.96;237.58;0.74;0.50;0.009
247004.985;3537;-2.58;3.03;247.27;-2.45;2.86;252.85;0.79;0.50;843;2;1;7;0.67;0.30;0.31;-0.00;-0.01;0.15;0.04;0.43;-2.42;2.94;240.25;0.75;0.50;0.005
247005.095;3546;-2.59;3.01;250.60;-2.45;2.86;252.85;0.79;0.50;843;2;1;7;0.67;0.30;0.30;-0.05;-0.01;0.03;0.01;0.74;-2.43;2.92;242.96;0.75;0.50;0.011
247005.205;3556;-2.60;2.98;255.03;-2.45;2.86;252.85;0.79;0.50;843;2;1;7;0.64;0.30;0.30;-0.05;-0.01;-0.05;-0.02;0.69;-2.43;2.90;245.73;0.76;0.50;0.020
247005.285;3564;-2.61;2.95;257.56;-2.45;2.86;252.85;0.79;0.50;843;2;1;7;0.66;0.30;0.31;-0.01;-0.01;0.11;0.04;0.46;-2.44;2.89;248.54;0.77;0.50;0.014
247005.395;3578;-2.62;2.91;263.09;-2.45;2.86;252.85;0.79;0.50;843;2;1;7;0.61;0.29;0.31;-0.03;-0.01;0.26;0.15;0.79;-2.45;2.87;251.40;0.78;0.50;0.009
247005.495;3588;-2.63;2.88;267.13;-2.45;2.86;252.85;0.79;0.50;843;2;1;7;0.59;0.28;0.29;-0.03;-0.01;0.02;0.01;0.52;-2.46;2.85;254.30;0.78;0.50;0.013
247005.605;3599;-2.63;2.85;270.17;-2.45;2.86;252.85;0.79;0.50;843;2;1;7;0.59;0.27;0.27;-0.02;-0.01;-0.14;-0.10;0.58;-2.46;2.82;257.19;0.78;0.50;0.020
247005.695;3607;-2.63;2.83;272.25;-2.31;2.38;317.55;0.68;0.50;843;3;1;7;0.61;0.26;0.27;0.00;-0.01;0.06;0.04;0.39;-2.47;2.80;260.05;0.77;0.50;0.012
247005.795;3618;-2.63;2.80;275.21;-2.31;2.38;317.55;0.68;0.50;843;3;1;7;0.17;0.27;0.26;-0.01;-0.01;-0.07;-0.06;0.51;-2.47;2.78;262.88;0.77;0.50;0.008
247005.885;3626;-2.63;2.78;275.82;-2.31;2.38;317.55;0.68;0.50;843;3;1;7;0.26;0.29;0.27;0.01;-0.01;0.10;0.09;-0.19;-2.47;2.76;265.69;0.77;0.50;0.004
247005.985;3634;-2.63;2.76;275.56;-2.31;2.38;317.55;0.68;0.50;843;3;1;7;0.39;0.30;0.27;-0.03;-0.01;-0.04;-0.04;0.11;-2.47;2.74;268.48;0.76;0.50;0.003
247006.095;3649;-2.63;2.71;276.86;-2.31;2.38;317.55;0.68;0.50;843;3;1;7;0.52;0.30;0.30;-0.01;-0.01;-0.02;-0.02;0.28;-2.47;2.72;271.24;0.76;0.50;0.013
247006.185;3658;-2.62;2.69;278.72;-2.31;2.38;317.55;0.68;0.50;843;3;1;7;0.57;0.30;0.30;-0.00;-0.00;0.03;0.02;0.33;-2.47;2.70;273.98;0.75;0.50;0.004
247006.295;3664;-2.62;2.67;280.14;-2.31;2.38;317.55;0.68;0.50;843;3;1;7;0.61;0.30;0.33;-0.05;-0.04;-0.28;-0.06;0.62;-2.47;2.68;276.69;0.75;0.50;0.006
247006.395;3677;-2.61;2.63;283.94;-2.31;2.38;317.55;0.68;0.50;843;3;1;7;0.61;0.30;0.30;-0.00;-0.00;0.09;0.09;0.46;-2.46;2.66;279.38;0.74;0.50;0.006
247006.485;3687;-2.61;2.60;287.02;-2.31;2.38;317.55;0.68;0.50;843;3;1;7;0.62;0.30;0.29;-0.05;-0.01;-0.12;-0.16;0.59;-2.46;2.64;282.04;0.74;0.50;0.005
247006.585;3698;-2.60;2.57;290.04;-2.31;2.38;317.55;0.68;0.50;843;3;1;7;0.63;0.30;0.32;-0.00;-0.00;0.14;0.21;0.37;-2.46;2.61;284.68;0.73;0.50;0.003
247006.685;3707;-2.59;2.54;292.97;-2.31;2.38;317.55;0.68;0.50;843;3;1;7;0.64;0.30;0.30;-0.05;-0.01;-0.06;-0.11;0.57;-2.45;2.59;287.30;0.73;0.50;0.005
247006.795;3718;-2.58;2.51;295.89;-2.31;2.38;317.55;0.68;0.50;843;3;1;7;0.70;0.30;0.34;-0.03;0.00;-0.00;-0.00;0.42;-2.44;2.55;292.47;0.72;0.50;0.007
247006.885;3726;-2.57;2.49;298.75;-2.31;2.38;317.55;0.68;0.50;843;3;1;7;0.65;0.30;0.30;-0.02;-0.01;-0.03;-0.04;0.64;-2.44;2.55;292.47;0.72;0.50;0.004
247007.015;3741;-2.55;2.45;302.83;-2.31;2.38;317.55;0.68;0.50;843;3;1;7;0.71;0.30;0.31;-0.04;-0.01;-0.02;-0.04;0.44;-2.42;2.52;297.54;0.71;0.50;0.025
247007.085;3746;-2.54;2.43;303.98;-2.31;2.38;317.55;0.68;0.50;843;3;1;7;0.73;0.30;0.32;-0.04;-0.01;0.02;0.06;0.41;-2.41;2.50;300.05;0.71;0.50;0.004
247007.195;3755;-2.53;2.40;307.13;-2.31;2.38;317.55;0.68;0.50;843;3;1;7;0.72;0.30;0.32;-0.06;-0.01;-0.02;-0.04;0.53;-2.40;2.48;302.53;0.70;0.50;0.002
247007.285;3765;-2.52;2.38;310.48;-2.31;2.38;317.55;0.68;0.50;843;3;1;7;0.72;0.30;0.31;-0.09;-0.01;-0.03;-0.07;0.74;-2.38;2.46;304.99;0.70;0.50;0.003
247007.395;3776;-2.50;2.34;314.02;-2.31;2.38;317.55;0.68;0.50;843;3;1;7;0.72;0.30;0.34;-0.09;-0.01;0.01;0.16;0.52;-2.37;2.44;307.43;0.69;0.50;0.007
247007.485;3784;-2.49;2.32;317.11;-2.31;2.38;317.55;0.68;0.50;843;3;1;7;0.71;0.30;0.31;-0.10;-0.01;-0.02;-0.07;0.76;-2.36;2.43;309.84;0.69;0.50;0.002
247007.595;3799;-2.46;2.28;322.11;-2.31;2.38;317.55;0.68;0.50;843;3;1;7;0.72;0.30;0.33;-0.09;-0.02;0.00;0.00;0.65;-2.33;2.39;314.61;0.68;0.50;0.003
247007.685;3807;-2.44;2.26;325.37;-2.31;2.38;317.55;0.68;0.50;843;3;1;7;0.69;0.30;0.32;-0.08;-0.01;-0.01;-0.06;0.62;-2.32;2.38;316.96;0.68;0.50;0.002
247007.795;3818;-2.42;2.23;329.22;-2.31;2.38;317.55;0.68;0.50;843;3;1;7;0.65;0.29;0.33;-0.11;-0.07;-0.23;-0.39;0.83;-2.30;2.36;319.28;0.67;0.50;0.008
247007.885;3826;-2.40;2.22;332.48;-2.31;2.38;317.55;0.68;0.50;843;3;1;7;0.60;0.29;0.32;-0.04;-0.00;-0.01;-0.04;0.76;-2.28;2.35;321.54;0.65;0.50;0.004
247007.995;3837;-2.37;2.20;336.05;-2.31;2.38;317.55;0.68;0.50;843;3;1;7;0.55;0.28;0.29;-0.01;-0.01;-0.01;0.07;0.39;-2.27;2.34;323.75;0.64;0.50;0.007
247008.095;3845;-2.35;2.19;337.81;-2.31;2.38;317.55;0.68;0.50;843;3;1;7;0.54;0.27;0.27;-0.02;-0.01;0.04;-0.15;0.41;-2.25;2.33;325.90;0.63;0.50;0.004
247008.185;3856;-2.32;2.18;339.78;-2.31;2.38;317.55;0.68;0.50;843;3;1;7;0.53;0.26;0.27;0.01;-0.01;-0.05;0.16;0.25;-2.23;2.31;328.00;0.62;0.50;0.002
247008.285;3864;-2.30;2.17;341.41;-2.31;2.38;317.55;0.68;0.50;843;3;1;7;0.53;0.25;0.25;-0.01;-0.01;0.03;-0.10;0.36;-2.21;2.30;330.04;0.60;0.50;0.001
247008.405;3879;-2.26;2.16;344.09;-2.31;2.38;317.55;0.68;0.50;843;3;1;7;0.50;0.25;0.24;-0.02;-0.01;0.05;-0.15;0.39;-2.19;2.29;332.03;0.59;0.50;0.014
247008.495;3888;-2.24;2.15;345.53;-2.31;2.38;317.55;0.68;0.50;843;3;1;7;0.49;0.24;0.25;0.00;-0.01;-0.04;0.10;0.22;-2.18;2.28;333.96;0.58;0.50;0.002
247008.595;3899;-2.22;2.14;347.10;-2.31;2.38;317.55;0.68;0.50;843;3;1;7;0.49;0.23;0.24;-0.03;-0.01;-0.03;0.06;0.21;-2.16;2.27;335.85;0.57;0.50;0.011
247008.685;3908;-2.20;2.13;348.40;-2.31;2.38;317.55;0.68;0.50;843;3;1;7;0.50;0.22;0.23;-0.05;-0.01;0.02;-0.04;0.23;-2.14;2.27;337.68;0.55;0.50;0.002
247008.785;3914;-2.19;2.13;349.04;-2.31;2.38;317.55;0.68;0.50;843;3;1;7;0.49;0.22;0.23;-0.02;-0.01;-0.05;0.10;0.17;-2.14;2.27;337.68;0.55;0.50;0.004
247008.885;3927;-2.16;2.12;350.59;-2.31;2.38;317.55;0.68;0.50;843;3;1;7;0.49;0.21;0.22;-0.02;-0.01;-0.06;0.11;0.14;-2.12;2.26;339.46;0.54;0.50;0.002
247008.985;3937;-2.14;2.12;351.79;-2.31;2.38;317.55;0.68;0.50;843;3;1;7;0.50;0.20;0.21;-0.03;-0.01;-0.03;0.06;0.15;-2.10;2.25;341.19;0.53;0.50;0.005
247009.095;3945;-2.12;2.11;352.69;-2.31;2.38;317.55;0.68;0.50;843;3;1;7;0.51;0.20;0.18;-0.02;-0.01;0.03;-0.06;0.23;-2.08;2.24;342.87;0.52;0.50;0.004
247009.205;3960;-2.09;2.11;354.09;-2.31;2.38;317.55;0.68;0.50;843;3;1;7;0.53;0.19;0.19;-0.04;-0.01;-0.01;0.02;0.16;-2.06;2.24;344.50;0.50;0.50;0.002
247009.285;3964;-2.08;2.10;354.42;-2.31;2.38;317.55;0.68;0.50;843;3;1;7;0.50;0.19;0.20;-0.02;-0.01;-0.07;0.11;0.14;-2.06;2.24;344.50;0.50;0.50;0.004
247009.395;3978;-2.06;2.10;355.84;-2.31;2.38;317.55;0.68;0.50;843;3;1;7;0.51;0.18;0.19;-0.01;-0.01;-0.08;0.13;0.11;-2.04;2.23;346.08;0.49;0.50;0.004
247009.485;3987;-2.04;2.09;356.82;-2.31;2.38;317.55;0.68;0.50;843;3;1;7;0.51;0.18;0.18;-0.02;-0.01;-0.04;0.06;0.14;-2.02;2.23;347.62;0.48;0.50;0.007
247009.595;3997;-2.02;2.09;357.71;-2.31;2.38;317.55;0.68;0.50;843;3;1;7;0.51;0.17;0.17;-0.00;-0.01;0.02;-0.03;0.11;-1.99;2.22;349.11;0.47;0.50;0.004
247009.685;4008;-2.01;2.09;358.50;-2.31;2.38;317.55;0.68;0.50;843;3;1;7;0.52;0.17;0.17;-0.04;-0.01;0.03;-0.04;0.16;-1.97;2.22;350.55;0.45;0.50;0.002
247009.795;4016;-1.99;2.09;359.06;-2.31;2.38;317.55;0.68;0.50;843;3;1;7;0.50;0.17;0.17;-0.02;-0.01;0.03;-0.05;0.20;-1.97;2.22;350.55;0.45;0.50;0.003
247009.885;4025;-1.98;2.08;359.94;-2.31;2.38;317.55;0.68;0.50;843;3;1;7;0.51;0.17;0.17;-0.02;-0.01;-0.05;0.07;0.10;-1.95;2.22;351.95;0.44;0.50;0.005
247009.985;4035;-1.96;2.08;360.86;-2.31;2.38;317.55;0.68;0.50;843;3;1;7;0.48;0.16;0.16;-0.03;-0.01;-0.00;0.01;0.14;-1.95;2.22;351.95;0.44;0.50;0.002
247010.085;4046;-1.94;2.08;361.76;-2.31;2.38;317.55;0.68;0.50;843;3;1;7;0.49;0.16;0.16;-0.03;-0.01;0.04;-0.04;0.14;-1.93;2.21;353.30;0.43;0.50;0.002
247010.195;4059;-1.92;2.08;362.66;-2.31;2.38;317.55;0.68;0.50;843;3;1;7;0.49;0.15;0.14;-0.00;-0.01;0.03;-0.04;0.12;-1.91;2.21;354.61;0.42;0.50;0.016
247010.285;4065;-1.91;2.08;362.86;-2.31;2.38;317.55;0.68;0.50;843;3;1;7;0.48;0.15;0.15;0.01;-0.01;-0.07;0.09;0.04;-1.91;2.21;354.61;0.42;0.50;0.002
247010.385;4077;-1.90;2.08;363.31;-2.31;2.38;317.55;0.68;0.50;843;3;1;7;0.49;0.15;0.15;0.00;-0.01;-0.06;0.07;0.00;-1.89;2.21;355.88;0.41;0.50;0.003
247010.485;4088;-1.88;2.08;363.67;-2.31;2.38;317.55;0.68;0.50;843;3;1;7;0.51;0.15;0.15;0.00;-0.01;-0.03;0.05;0.00;-1.87;2.21;357.10;0.39;0.50;0.004
247010.595;4096;-1.87;2.08;364.00;-2.31;2.38;317.55;0.68;0.50;843;3;1;7;0.50;0.15;0.13;-0.01;-0.01;0.03;-0.04;0.10;-1.87;2.21;357.10;0.39;0.50;0.002
247010.695;4105;-1.86;2.08;364.17;-2.31;2.38;317.55;0.68;0.50;843;3;1;7;0.52;0.15;0.14;-0.01;-0.01;0.04;-0.07;0.13;-1.84;2.21;358.29;0.38;0.50;0.011
247010.785;4115;-1.84;2.08;364.57;-2.31;2.38;317.55;0.68;0.50;843;3;1;7;0.51;0.15;0.14;-0.01;-0.01;-0.03;0.04;0.02;-1.84;2.21;358.29;0.38;0.50;0.004
247010.895;4125;-1.83;2.08;364.95;-2.31;2.38;317.55;0.68;0.50;843;3;1;7;0.52;0.15;0.13;-0.00;-0.01;0.02;-0.01;0.03;-1.82;2.21;359.43;0.37;0.50;0.006
247010.995;4138;-1.81;2.08;365.31;-2.31;2.38;317.55;0.68;0.50;843;3;1;7;0.51;0.15;0.13;-0.00;-0.01;0.02;-0.01;0.03;-1.82;2.21;359.43;0.37;0.50;0.011
247011.095;4148;-1.80;2.09;365.54;-2.31;2.38;317.55;0.68;0.50;843;3;1;7;0.49;0.14;0.12;-0.01;-0.01;0.04;-0.04;0.09;-1.82;2.21;359.43;0.37;0.50;0.016
247011.195;4157;-1.79;2.09;365.61;-1.82;2.21;359.43;0.37;0.50;843;4;1;7;0.49;0.14;0.13;-0.01;-0.01;0.04;-0.06;0.10;-1.82;2.21;359.43;0.37;0.50;0.011
247011.285;4167;-1.77;2.09;365.88;-1.82;2.21;359.43;0.37;0.50;843;4;1;7;0.40;0.15;0.14;-0.01;-0.01;-0.02;0.03;-0.02;-1.82;2.21;359.43;0.37;0.50;0.003
247011.385;4176;-1.76;2.09;365.89;-1.82;2.21;359.43;0.37;0.50;843;4;1;7;0.41;0.16;0.13;-0.00;-0.01;0.04;-0.03;0.02;-1.82;2.21;359.43;0.37;0.50;0.002
247011.485;4187;-1.75;2.09;365.84;-1.82;2.21;359.43;0.37;0.50;843;4;1;7;0.42;0.17;0.15;-0.00;-0.01;0.04;-0.05;0.08;-1.82;2.21;359.43;0.37;0.50;0.002
247011.595;4195;-1.73;2.09;365.98;-1.82;2.21;359.43;0.37;0.50;843;4;1;7;0.42;0.18;0.17;-0.00;-0.01;-0.01;0.02;0.00;-1.82;2.21;359.43;0.37;0.50;0.007
247011.695;4208;-1.71;2.09;366.31;-1.82;2.21;359.43;0.37;0.50;843;4;1;7;0.42;0.18;0.17;-0.00;-0.01;-0.03;0.04;0.01;-1.82;2.21;359.43;0.37;0.50;0.005
247011.785;4218;-1.69;2.09;366.65;-1.82;2.21;359.43;0.37;0.50;843;4;1;7;0.42;0.18;0.17;-0.00;-0.01;0.00;0.00;0.02;-1.82;2.21;359.43;0.37;0.50;0.001
247011.895;4228;-1.68;2.10;366.94;-1.82;2.21;359.43;0.37;0.50;843;4;1;7;0.42;0.18;0.16;-0.01;-0.01;0.03;-0.04;0.08;-1.82;2.21;359.43;0.37;0.50;0.007
247011.985;4238;-1.66;2.10;367.14;-1.82;2.21;359.43;0.37;0.50;843;4;1;7;0.43;0.18;0.16;-0.00;-0.01;0.05;-0.05;0.10;-1.82;2.21;359.43;0.37;0.50;0.002
247012.095;4247;-1.65;2.10;367.23;-1.82;2.21;359.43;0.37;0.50;843;4;1;7;0.43;0.17;0.17;0.00;-0.01;0.04;-0.03;0.05;-1.82;2.21;359.43;0.37;0.50;0.003
247012.185;4258;-1.63;2.10;367.43;-1.82;2.21;359.43;0.37;0.50;843;4;1;7;0.44;0.16;0.17;0.00;-0.01;-0.04;0.05;-0.03;-1.82;2.21;359.43;0.37;0.50;0.002
247012.295;4266;-1.62;2.10;367.61;-1.82;2.21;359.43;0.37;0.50;843;4;1;7;0.44;0.16;0.14;-0.01;-0.01;0.03;-0.04;0.05;-1.82;2.21;359.43;0.37;0.50;0.008
247012.395;4277;-1.60;2.10;367.64;-1.82;2.21;359.43;0.37;0.50;843;4;1;7;0.45;0.15;0.14;-0.01;-0.01;0.04;-0.04;0.06;-1.82;2.21;359.43;0.37;0.50;0.005
247012.495;4285;-1.59;2.11;367.53;-1.82;2.21;359.43;0.37;0.50;843;4;1;7;0.46;0.14;0.15;0.00;-0.01;-0.08;0.08;-0.06;-1.82;2.21;359.43;0.37;0.50;0.005
247012.585;4298;-1.57;2.11;367.56;-1.82;2.21;359.43;0.37;0.50;843;4;1;7;0.46;0.13;0.13;0.00;-0.01;-0.02;0.03;-0.06;-1.82;2.21;359.43;0.37;0.50;0.002
247012.695;4308;-1.56;2.11;367.53;-1.82;2.21;359.43;0.37;0.50;843;4;1;7;0.48;0.11;0.10;-0.01;-0.01;0.04;-0.03;0.02;-1.82;2.21;359.43;0.37;0.50;0.005
247012.785;4318;-1.55;2.11;367.39;-1.82;2.21;359.43;0.37;0.50;843;4;1;7;0.49;0.10;0.09;-0.00;-0.01;0.04;-0.04;0.02;-1.82;2.21;359.43;0.37;0.50;0.004
247012.895;4327;-1.54;2.11;367.26;-1.82;2.21;359.43;0.37;0.50;843;4;1;7;0.50;0.09;0.08;-0.00;-0.01;0.03;-0.02;-0.01;-1.82;2.21;359.43;0.37;0.50;0.010
247012.985;4335;-1.54;2.11;367.09;-1.82;2.21;359.43;0.37;0.50;843;4;1;7;0.52;0.07;0.07;-0.00;-0.01;0.03;-0.01;-0.02;-1.82;2.21;359.43;0.37;0.50;0.001
247013.085;4346;-1.53;2.11;366.81;-1.82;2.21;359.43;0.37;0.50;843;4;1;7;0.53;0.06;0.06;0.00;-0.01;0.02;-0.02;-0.04;-1.82;2.21;359.43;0.37;0.50;0.006
247013.195;4359;-1.52;2.11;366.41;-1.82;2.21;359.43;0.37;0.50;843;4;1;7;0.56;0.05;0.05;0.00;-0.01;0.02;-0.02;-0.04;-1.82;2.21;359.43;0.37;0.50;0.028
247013.285;4368;-1.52;2.11;366.14;-1.82;2.21;359.43;0.37;0.50;843;4;1;7;0.57;0.04;0.04;0.00;-0.01;0.02;-0.02;-0.05;-1.82;2.21;359.43;0.37;0.50;0.007
247013.395;4378;-1.52;2.11;365.80;-1.82;2.21;359.43;0.37;0.50;843;4;1;7;0.59;0.02;0.02;0.00;-0.01;0.01;-0.02;-0.06;-1.82;2.21;359.43;0.37;0.50;0.010
247013.495;4387;-1.51;2.11;365.38;-1.82;2.21;359.43;0.37;0.50;843;4;1;7;0.61;0.01;0.02;0.00;-0.00;-0.03;0.04;-0.11;-1.82;2.21;359.43;0.37;0.50;0.003
247013.595;4397;-1.51;2.11;364.90;-1.82;2.21;359.43;0.37;0.50;843;4;1;7;0.63;0.00;0.00;0.00;-0.00;0.03;-0.03;-0.07;-1.82;2.21;359.43;0.37;0.50;0.006
247013.685;4405;-1.51;2.11;364.56;-1.82;2.21;359.43;0.37;0.50;843;4;1;7;0.64;0.00;-0.01;0.00;-0.00;0.01;-0.01;-0.08;-1.82;2.21;359.43;0.37;0.50;0.006
247013.785;4415;-1.51;2.11;364.29;-1.82;2.21;359.43;0.37;0.50;843;4;1;7;0.65;0.00;0.00;0.00;0.00;-0.00;0.01;-0.03;-1.82;2.21;359.43;0.37;0.50;0.004
247013.885;4425;-1.51;2.11;364.14;-1.82;2.21;359.43;0.37;0.50;843;4;1;7;0.66;0.00;0.00;-0.00;-0.00;-0.00;0.00;-0.02;-1.82;2.21;359.43;0.37;0.50;0.004
247013.985;4438;-1.51;2.11;364.01;-1.82;2.21;359.43;0.37;0.50;843;4;1;7;0.67;0.00;0.00;-0.00;-0.00;0.00;0.00;-0.01;-1.82;2.21;359.43;0.37;0.50;0.001
247014.085;4444;-1.51;2.11;363.97;-1.82;2.21;359.43;0.37;0.50;843;4;1;7;0.67;0.00;0.00;0.00;-0.00;0.00;0.00;-0.01;-1.82;2.21;359.43;0.37;0.50;0.005
247014.185;4458;-1.51;2.11;363.91;-1.82;2.21;359.43;0.37;0.50;843;4;1;7;0.67;0.00;0.00;0.00;-0.00;0.00;0.00;-0.01;-1.82;2.21;359.43;0.37;0.50;0.002
247014.285;4467;-1.51;2.11;363.88;-1.82;2.21;359.43;0.37;0.50;843;4;1;7;0.67;0.00;0.00;0.00;-0.00;0.00;0.00;-0.00;-1.82;2.21;359.43;0.37;0.50;0.002
247014.395;4478;-1.51;2.11;363.86;-1.82;2.21;359.43;0.37;0.50;843;4;1;7;0.67;0.00;0.00;0.00;-0.00;0.00;0.00;-0.00;-1.82;2.21;359.43;0.37;0.50;0.011
247014.485;4486;-1.51;2.11;363.85;-1.82;2.21;359.43;0.37;0.50;843;4;1;7;0.67;0.00;0.00;0.00;-0.00;0.00;0.00;-0.00;-1.82;2.21;359.43;0.37;0.50;0.002
247014.595;4495;-1.51;2.11;363.85;-1.82;2.21;359.43;0.37;0.50;843;4;1;7;0.68;0.00;0.00;0.00;-0.00;0.00;0.00;-0.00;-1.82;2.21;359.43;0.37;0.50;0.006
247014.695;4509;-1.51;2.11;363.84;-1.82;2.21;359.43;0.37;0.50;843;4;1;7;0.68;0.00;0.00;0.00;-0.00;-0.00;0.00;-0.00;-1.82;2.21;359.43;0.37;0.50;0.011
247014.795;4519;-1.51;2.11;363.84;-1.82;2.21;359.43;0.37;0.50;843;4;1;7;0.68;0.00;0.00;0.00;-0.00;-0.00;0.00;-0.00;-1.82;2.21;359.43;0.37;0.50;0.001
247014.885;4528;-1.51;2.11;363.84;-1.82;2.21;359.43;0.37;0.50;843;4;1;7;0.68;0.00;0.00;0.00;-0.00;-0.00;0.00;-0.00;-1.82;2.21;359.43;0.37;0.50;0.003
247014.985;4538;-1.51;2.11;363.83;-1.82;2.21;359.43;0.37;0.50;843;4;1;7;0.68;0.00;0.00;0.00;-0.00;-0.00;0.00;-0.00;-1.82;2.21;359.43;0.37;0.50;0.004
247015.085;4547;-1.51;2.11;363.83;-1.82;2.21;359.43;0.37;0.50;843;4;1;7;0.68;0.00;0.00;0.00;-0.00;-0.00;0.00;-0.00;-1.82;2.21;359.43;0.37;0.50;0.002
247015.185;4557;-1.51;2.11;363.83;-1.82;2.21;359.43;0.37;0.50;843;4;1;7;0.68;0.00;0.00;0.00;-0.00;-0.00;0.00;-0.00;-1.82;2.21;359.43;0.37;0.50;0.002
247015.285;4566;-1.51;2.11;363.83;-1.82;2.21;359.43;0.37;0.50;843;4;1;7;0.68;0.00;0.00;0.00;-0.00;-0.00;0.00;-0.00;-1.82;2.21;359.43;0.37;0.50;0.002
247015.385;4577;-1.51;2.11;363.83;-1.82;2.21;359.43;0.37;0.50;843;4;1;7;0.68;0.00;0.00;0.00;-0.00;-0.00;0.00;-0.00;-1.82;2.21;359.43;0.37;0.50;0.006
247015.495;4585;-1.51;2.11;363.83;-1.82;2.21;359.43;0.37;0.50;843;4;1;7;0.68;0.00;0.00;0.00;-0.00;-0.00;0.00;0.00;-1.82;2.21;359.43;0.37;0.50;0.008
247015.595;4596;-1.51;2.11;363.83;-1.82;2.21;359.43;0.37;0.50;843;4;1;7;0.68;0.00;0.00;0.00;-0.00;-0.00;0.00;0.00;-1.82;2.21;359.43;0.37;0.50;0.004
247015.705;4608;-1.51;2.11;363.83;-1.82;2.21;359.43;0.37;0.50;843;4;1;7;0.68;0.00;0.00;0.00;-0.00;-0.00;0.00;0.00;-1.82;2.21;359.43;0.37;0.50;0.013
247015.785;4618;-1.51;2.11;363.83;-1.82;2.21;359.43;0.37;0.50;843;4;1;7;0.68;0.00;0.00;0.00;-0.00;-0.00;0.00;0.00;-1.82;2.21;359.43;0.37;0.50;0.002
247015.905;4627;-1.51;2.11;363.83;-1.82;2.21;359.43;0.37;0.50;843;4;1;7;0.68;0.00;0.00;0.00;-0.00;-0.00;0.00;0.00;-1.82;2.21;359.43;0.37;0.50;0.013
247015.985;4638;-1.51;2.11;363.83;-1.82;2.21;359.43;0.37;0.50;843;4;1;7;0.68;0.00;0.00;0.00;-0.00;-0.00;0.00;0.00;-1.82;2.21;359.43;0.37;0.50;0.005
247016.095;4646;-1.51;2.11;363.83;-1.82;2.21;359.43;0.37;0.50;843;4;1;7;0.68;0.00;0.00;0.00;-0.00;-0.00;0.00;0.00;-1.82;2.21;359.43;0.37;0.50;0.005
247016.195;4655;-1.51;2.11;363.83;-1.82;2.21;359.43;0.37;0.50;843;4;1;7;0.68;0.00;0.00;0.00;-0.00;-0.00;0.00;0.00;-1.82;2.21;359.43;0.37;0.50;0.005
247016.295;4665;-1.51;2.11;363.83;-1.82;2.21;359.43;0.37;0.50;843;4;1;7;0.68;0.00;0.00;0.00;-0.00;-0.00;0.00;0.00;-1.82;2.21;359.43;0.37;0.50;0.011
247016.385;4674;-1.51;2.11;363.83;-1.82;2.21;359.43;0.37;0.50;843;4;1;7;0.68;0.00;0.00;0.00;-0.00;-0.00;0.00;0.00;-1.82;2.21;359.43;0.37;0.50;0.003
247016.485;4684;-1.51;2.11;363.83;-1.82;2.21;359.43;0.37;0.50;843;4;1;7;0.68;0.00;0.00;0.00;-0.00;-0.00;0.00;0.00;-1.82;2.21;359.43;0.37;0.50;0.002
247016.585;4698;-1.51;2.11;363.83;-1.82;2.21;359.43;0.37;0.50;843;4;1;7;0.68;0.00;0.00;0.00;-0.00;-0.00;0.00;0.00;-1.82;2.21;359.43;0.37;0.50;0.003
247016.685;4707;-1.51;2.11;363.83;-1.82;2.21;359.43;0.37;0.50;843;4;1;7;0.68;0.00;0.00;0.00;-0.00;-0.00;0.00;0.00;-1.82;2.21;359.43;0.37;0.50;0.002
247016.795;4715;-1.51;2.11;363.84;-1.82;2.21;359.43;0.37;0.50;843;4;1;7;0.68;0.00;0.00;0.00;-0.00;-0.00;0.00;0.00;-1.82;2.21;359.43;0.37;0.50;0.002
247016.895;4725;-1.51;2.11;363.84;-1.82;2.21;359.43;0.37;0.50;843;4;1;7;0.68;0.00;0.00;0.00;-0.00;-0.00;0.00;0.00;-1.82;2.21;359.43;0.37;0.50;0.008
247016.985;4735;-1.51;2.11;363.84;-1.82;2.21;359.43;0.37;0.50;843;4;1;7;0.68;0.00;0.00;0.00;-0.00;-0.00;0.00;0.00;-1.82;2.21;359.43;0.37;0.50;0.002
247017.105;4748;-1.51;2.11;363.84;-1.82;2.21;359.43;0.37;0.50;843;4;1;7;0.68;0.00;0.00;0.00;-0.00;-0.00;0.00;0.00;-1.82;2.21;359.43;0.37;0.50;0.013
247017.185;4758;-1.51;2.11;363.84;-1.82;2.21;359.43;0.37;0.50;843;4;1;7;0.68;0.00;0.00;0.00;-0.00;-0.00;0.00;0.00;-1.82;2.21;359.43;0.37;0.50;0.001
247017.295;4767;-1.51;2.11;363.84;-1.82;2.21;359.43;0.37;0.50;843;4;1;7;0.68;0.00;0.00;0.00;-0.00;-0.00;0.00;0.00;-1.82;2.21;359.43;0.37;0.50;0.006
