t;frame;x;y;z;x_ref;y_ref;z_ref;delta_ref;u_ref;state;ellipse;control;action;delta;u;vx;vy;vz;wx;wy;wz;xr;yr;zr;delr;ur
1415.895;15;0.71;-2.19;91.46;0.66;-2.16;90.00;-0.00;0.50;726;0;1;0;0.05;0.03;-0.00;-0.00;-0.00;0.00;0.01;0.02;0.66;-2.16;90.00;-0.00;0.50;0.075
1415.945;16;0.71;-2.19;91.47;0.66;-2.16;90.00;-0.00;0.50;726;0;1;0;0.05;0.05;-0.00;-0.00;0.00;-0.00;-0.01;0.01;0.66;-2.16;90.00;-0.00;0.50;0.016
1416.045;30;0.71;-2.19;91.49;0.66;-2.16;90.00;-0.00;0.50;726;0;1;0;0.05;0.08;-0.00;-0.00;-0.00;0.01;-0.01;0.01;0.66;-2.16;90.00;-0.00;0.50;0.025
1416.165;39;0.71;-2.18;91.61;0.66;-2.16;90.00;-0.00;0.50;726;0;1;0;0.04;0.10;0.08;-0.00;0.00;-0.01;-0.00;0.01;0.66;-2.16;90.00;-0.00;0.50;0.041
1416.245;48;0.71;-2.17;91.66;0.66;-2.16;90.00;-0.00;0.50;726;0;1;0;0.04;0.12;0.10;0.00;0.00;-0.00;0.00;0.01;0.66;-2.16;90.00;-0.00;0.50;0.025
1416.345;58;0.71;-2.16;91.70;0.66;-2.16;90.00;-0.00;0.50;726;0;1;0;0.03;0.14;0.12;0.00;-0.00;0.02;-0.01;-0.00;0.66;-2.16;90.00;-0.00;0.50;0.025
1416.435;67;0.71;-2.15;91.74;0.66;-2.16;90.00;-0.00;0.50;726;0;1;0;0.03;0.16;0.14;0.00;0.00;-0.02;0.01;0.01;0.66;-2.16;90.00;-0.00;0.50;0.015
1416.555;77;0.71;-2.14;91.77;0.66;-2.16;90.00;-0.00;0.50;726;0;1;0;0.03;0.17;0.16;-0.00;0.00;-0.02;0.01;0.01;0.66;-2.13;90.00;0.00;0.50;0.034
1416.665;90;0.71;-2.11;91.78;0.66;-2.16;90.00;-0.00;0.50;726;0;1;0;0.03;0.19;0.18;0.00;0.00;-0.00;0.00;0.01;0.66;-2.12;90.00;0.00;0.50;0.041
1416.765;100;0.71;-2.10;91.80;0.66;-1.86;90.00;0.00;0.50;726;1;1;0;0.02;0.20;0.19;0.00;0.00;0.00;-0.00;0.01;0.66;-2.11;90.00;0.00;0.50;0.036
1416.845;109;0.71;-2.08;91.80;0.66;-1.86;90.00;0.00;0.50;726;1;1;0;0.02;0.22;0.20;-0.00;0.00;0.00;-0.00;0.00;0.66;-2.09;90.00;0.00;0.50;0.020
1416.935;118;0.71;-2.06;91.81;0.66;-1.86;90.00;0.00;0.50;726;1;1;0;0.02;0.23;0.22;0.00;0.00;0.00;-0.00;0.01;0.66;-2.06;90.00;0.00;0.50;0.014
1417.055;128;0.71;-2.04;91.82;0.66;-1.86;90.00;0.00;0.50;726;1;1;0;0.02;0.24;0.23;0.00;0.00;0.00;-0.00;0.01;0.66;-2.05;90.00;0.00;0.50;0.035
1417.145;138;0.70;-2.01;91.81;0.66;-1.86;90.00;0.00;0.50;726;1;1;0;0.02;0.25;0.24;-0.00;-0.00;0.03;-0.01;-0.01;0.66;-2.01;90.00;0.00;0.50;0.021
1417.255;147;0.70;-1.99;91.80;0.66;-1.86;90.00;0.00;0.50;726;1;1;0;0.02;0.27;0.25;0.00;0.00;-0.01;0.00;0.00;0.66;-1.99;90.00;0.00;0.50;0.026
1417.335;157;0.70;-1.97;91.81;0.66;-1.86;90.00;0.00;0.50;726;1;1;0;0.01;0.28;0.27;-0.00;-0.00;0.05;-0.03;-0.02;0.66;-1.97;90.00;0.00;0.50;0.011
1417.445;165;0.70;-1.94;91.83;0.66;-1.86;90.00;0.00;0.50;726;1;1;0;0.01;0.29;0.28;-0.00;0.00;-0.00;-0.00;0.01;0.66;-1.94;90.00;0.00;0.50;0.011
1417.535;176;0.70;-1.91;91.81;0.66;-1.86;90.00;0.00;0.50;726;1;1;0;0.01;0.30;0.28;0.00;-0.00;-0.04;0.03;-0.01;0.66;-1.92;90.00;0.00;0.50;0.013
1417.645;189;0.70;-1.87;91.76;0.66;-1.86;90.00;0.00;0.50;726;1;1;0;0.01;0.30;0.30;0.00;-0.00;0.02;-0.01;-0.01;0.66;-1.89;90.00;0.00;0.50;0.020
1417.755;199;0.70;-1.84;91.73;0.66;-1.86;90.00;0.00;0.50;726;1;1;0;0.01;0.30;0.30;0.00;-0.00;0.02;-0.01;-0.01;0.66;-1.86;90.00;0.00;0.50;0.032
1417.845;207;0.70;-1.82;91.72;0.66;-1.86;90.00;0.00;0.50;726;1;1;0;0.01;0.30;0.30;-0.00;-0.00;0.04;-0.02;-0.01;0.66;-1.82;90.00;0.00;0.50;0.022
1417.955;217;0.70;-1.79;91.72;0.66;-1.56;90.00;-0.00;0.50;726;2;1;0;0.00;0.30;0.30;-0.00;-0.00;0.04;-0.02;-0.01;0.66;-1.78;90.00;0.00;0.50;0.027
1418.025;227;0.70;-1.76;91.73;0.66;-1.56;90.00;-0.00;0.50;726;2;1;0;0.00;0.30;0.30;0.00;-0.00;0.03;-0.01;-0.01;0.66;-1.76;90.00;0.00;0.50;0.007
1418.135;236;0.70;-1.73;91.73;0.66;-1.56;90.00;-0.00;0.50;726;2;1;0;-0.00;0.30;0.30;0.00;0.00;-0.04;0.02;-0.01;0.66;-1.74;90.00;0.00;0.50;0.009
1418.235;246;0.70;-1.70;91.75;0.66;-1.56;90.00;-0.00;0.50;726;2;1;0;-0.00;0.30;0.30;-0.00;0.00;-0.00;0.00;0.00;0.66;-1.70;90.00;0.00;0.50;0.007
1418.335;254;0.69;-1.68;91.74;0.66;-1.56;90.00;-0.00;0.50;726;2;1;0;-0.01;0.30;0.31;0.02;-0.06;0.09;0.26;-0.00;0.66;-1.68;90.00;0.00;0.50;0.012
1418.435;269;0.69;-1.64;91.73;0.66;-1.56;90.00;-0.00;0.50;726;2;1;0;-0.01;0.30;0.29;-0.00;0.01;-0.04;0.00;0.00;0.66;-1.65;90.00;0.00;0.50;0.011
1418.535;278;0.69;-1.61;91.70;0.66;-1.56;90.00;-0.00;0.50;726;2;1;0;-0.01;0.30;0.30;-0.00;0.00;-0.04;-0.02;0.01;0.66;-1.62;90.00;-0.00;0.50;0.016
1418.645;288;0.69;-1.58;91.70;0.66;-1.56;90.00;-0.00;0.50;726;2;1;0;-0.01;0.30;0.29;-0.00;0.01;-0.04;-0.00;-0.00;0.66;-1.58;90.00;-0.00;0.50;0.014
1418.745;299;0.69;-1.55;91.70;0.66;-1.56;90.00;-0.00;0.50;726;2;1;0;-0.01;0.30;0.31;0.00;-0.03;0.22;0.01;-0.01;0.66;-1.54;90.00;-0.00;0.50;0.015
1418.835;307;0.69;-1.52;91.69;0.66;-1.56;90.00;-0.00;0.50;726;2;1;0;-0.01;0.30;0.31;0.00;-0.03;0.22;0.01;-0.01;0.66;-1.52;90.00;-0.00;0.50;0.008
1418.925;316;0.69;-1.49;91.68;0.66;-1.27;90.00;-0.00;0.50;726;3;1;0;-0.02;0.30;0.30;0.00;0.00;-0.03;-0.01;-0.01;0.66;-1.50;90.00;-0.00;0.50;0.007
1419.035;327;0.69;-1.46;91.57;0.66;-1.27;90.00;-0.00;0.50;726;3;1;0;-0.01;0.30;0.29;-0.00;0.01;-0.03;-0.00;-0.01;0.66;-1.46;90.00;-0.00;0.50;0.007
1419.135;335;0.69;-1.44;91.55;0.66;-1.27;90.00;-0.00;0.50;726;3;1;0;-0.01;0.30;0.31;0.00;-0.03;0.22;0.00;-0.01;0.66;-1.44;90.00;-0.00;0.50;0.011
1419.225;346;0.69;-1.40;91.53;0.66;-1.27;90.00;-0.00;0.50;726;3;1;0;-0.02;0.30;0.29;0.00;0.01;-0.04;0.00;-0.01;0.66;-1.40;90.00;-0.00;0.50;0.003
1419.325;354;0.69;-1.38;91.52;0.66;-1.27;90.00;-0.00;0.50;726;3;1;0;-0.02;0.30;0.30;0.00;-0.00;0.02;-0.00;-0.01;0.66;-1.38;90.00;-0.00;0.50;0.003
1419.425;363;0.68;-1.35;91.51;0.66;-1.27;90.00;-0.00;0.50;726;3;1;0;-0.02;0.30;0.29;-0.00;0.00;-0.07;-0.02;0.00;0.66;-1.35;90.00;-0.00;0.50;0.004
1419.535;379;0.68;-1.31;91.44;0.66;-1.27;90.00;-0.00;0.50;726;3;1;0;-0.02;0.30;0.31;-0.02;-0.06;0.13;-0.27;-0.03;0.66;-1.30;90.00;-0.00;0.50;0.011
1419.635;387;0.68;-1.28;91.39;0.66;-1.27;90.00;-0.00;0.50;726;3;1;0;-0.01;0.30;0.30;-0.00;-0.00;0.03;-0.01;-0.01;0.66;-1.28;90.00;-0.00;0.50;0.008
1419.725;397;0.68;-1.25;91.38;0.66;-1.27;90.00;-0.00;0.50;726;3;1;0;-0.02;0.30;0.31;0.00;-0.03;0.23;0.01;-0.00;0.66;-1.26;90.00;-0.00;0.50;0.006
1419.865;411;0.68;-1.21;91.34;0.66;-0.96;90.00;0.00;-0.50;725;0;1;2;-0.02;0.30;0.31;0.00;-0.03;0.21;0.01;-0.00;0.66;-1.22;90.00;-0.00;0.50;0.030
1419.975;420;0.68;-1.18;91.32;0.66;-1.36;90.00;0.00;-0.50;728;0;1;2;0.11;0.26;0.29;0.00;0.00;-0.07;-0.02;0.01;0.66;-1.20;90.00;-0.00;-0.50;0.020
1420.045;430;0.68;-1.16;91.74;0.66;-1.36;90.00;0.00;-0.50;728;0;1;2;0.13;0.20;0.26;0.00;-0.00;-0.05;0.02;0.09;0.66;-1.36;90.00;0.00;-0.50;0.024
1420.145;438;0.68;-1.14;92.01;0.66;-1.36;90.00;0.00;-0.50;728;0;1;2;0.14;0.14;0.20;-0.00;-0.00;0.03;-0.01;0.06;0.66;-1.36;90.00;0.00;-0.50;0.022
1420.255;449;0.68;-1.12;92.35;0.66;-1.36;90.00;0.00;-0.50;728;0;1;2;0.16;0.08;0.14;0.00;0.00;0.00;-0.00;0.04;0.66;-1.36;90.00;0.00;-0.50;0.032
1420.345;457;0.68;-1.11;92.44;0.66;-1.36;90.00;0.00;-0.50;728;0;1;2;0.16;0.03;0.09;-0.00;0.00;0.00;-0.00;0.01;0.66;-1.36;90.00;0.00;-0.50;0.016
1420.445;467;0.68;-1.10;92.37;0.66;-1.36;90.00;0.00;-0.50;728;0;1;2;0.16;-0.03;0.03;0.00;-0.00;0.01;-0.00;-0.03;0.66;-1.36;90.00;0.00;-0.50;0.020
1420.545;477;0.68;-1.10;92.14;0.66;-1.36;90.00;0.00;-0.50;728;0;1;2;0.15;-0.08;-0.03;-0.00;-0.00;0.01;0.00;-0.05;0.66;-1.36;90.00;0.00;-0.50;0.021
1420.645;488;0.68;-1.11;91.75;0.66;-1.36;90.00;0.00;-0.50;728;0;1;2;0.13;-0.13;-0.08;0.00;-0.00;0.01;0.01;-0.04;0.66;-1.36;90.00;0.00;-0.50;0.017
1420.745;496;0.68;-1.12;91.56;0.66;-1.36;90.00;0.00;-0.50;728;0;1;2;0.12;-0.17;-0.13;-0.00;-0.00;-0.05;-0.04;-0.04;0.66;-1.36;90.00;0.00;-0.50;0.020
1420.855;511;0.68;-1.14;91.16;0.66;-1.36;90.00;0.00;-0.50;728;0;1;2;0.10;-0.21;-0.17;0.00;0.00;-0.00;-0.00;-0.05;0.66;-1.36;90.00;0.00;-0.50;0.029
1420.935;515;0.68;-1.15;91.05;0.66;-1.36;90.00;0.00;-0.50;728;0;1;2;0.09;-0.25;-0.21;0.00;0.00;-0.00;-0.00;-0.05;0.66;-1.36;90.00;0.00;-0.50;0.017
1421.055;530;0.68;-1.18;90.68;0.66;-1.36;90.00;0.00;-0.50;728;0;1;2;0.08;-0.28;-0.25;-0.00;0.00;0.00;0.00;-0.04;0.66;-1.36;90.00;0.00;-0.50;0.023
1421.175;538;0.68;-1.21;90.54;0.64;-1.50;103.50;0.54;0.50;729;1;1;5;0.07;-0.30;-0.28;0.00;0.00;0.00;-0.00;-0.02;0.66;-1.36;90.00;0.00;-0.50;0.024
1421.255;549;0.68;-1.24;90.42;0.35;-1.09;145.14;0.53;0.50;729;2;1;5;0.79;-0.24;-0.30;-0.00;0.00;0.00;-0.00;-0.02;0.55;-1.30;121.29;0.54;0.50;0.032
1421.335;557;0.68;-1.26;88.72;0.35;-1.09;145.14;0.53;0.50;729;2;1;5;0.79;-0.17;-0.24;-0.00;-0.01;-0.00;0.01;-0.84;0.56;-1.32;120.03;0.54;0.50;0.006
1421.425;568;0.68;-1.28;85.20;0.35;-1.09;145.14;0.53;0.50;729;2;1;5;0.79;-0.11;-0.18;-0.00;-0.01;-0.07;-0.04;-0.34;0.58;-1.35;117.50;0.54;0.50;0.007
1421.535;576;0.68;-1.29;84.59;0.35;-1.09;145.14;0.53;0.50;729;2;1;5;0.79;-0.05;-0.09;0.01;-0.01;0.08;0.05;-0.10;0.58;-1.35;117.50;0.54;0.50;0.010
1421.625;586;0.68;-1.30;84.87;0.35;-1.09;145.14;0.53;0.50;729;2;1;5;0.79;0.01;-0.05;-0.00;-0.01;-0.04;-0.02;0.19;0.58;-1.35;117.50;0.54;0.50;0.007
1421.745;596;0.68;-1.30;86.37;0.35;-1.09;145.14;0.53;0.50;729;2;1;5;0.79;0.07;0.01;-0.00;-0.01;-0.04;-0.02;0.34;0.58;-1.35;117.50;0.54;0.50;0.019
1421.835;606;0.68;-1.30;88.28;0.35;-1.09;145.14;0.53;0.50;729;2;1;5;0.79;0.12;0.06;-0.00;-0.01;0.02;0.02;0.43;0.58;-1.35;117.50;0.54;0.50;0.009
1421.945;615;0.68;-1.29;90.63;0.35;-1.09;145.14;0.53;0.50;729;2;1;5;0.79;0.17;0.12;0.01;0.01;-0.01;0.01;0.49;0.58;-1.35;117.50;0.54;0.50;0.014
1422.035;626;0.68;-1.28;93.44;0.35;-1.09;145.14;0.53;0.50;729;2;1;5;0.79;0.21;0.16;0.00;-0.01;-0.04;0.02;0.49;0.57;-1.33;118.76;0.54;0.50;0.009
1422.135;639;0.67;-1.25;97.17;0.35;-1.09;145.14;0.53;0.50;729;2;1;5;0.79;0.25;0.23;-0.01;-0.01;0.03;-0.02;0.52;0.56;-1.32;120.03;0.54;0.50;0.012
1422.235;645;0.67;-1.24;99.08;0.35;-1.09;145.14;0.53;0.50;729;2;1;5;0.79;0.28;0.24;-0.07;-0.01;0.12;-0.05;0.65;0.55;-1.30;121.29;0.54;0.50;0.007
1422.335;657;0.67;-1.21;103.40;0.35;-1.09;145.14;0.53;0.50;729;2;1;5;0.79;0.30;0.26;-0.05;-0.01;-0.04;0.01;0.62;0.55;-1.29;122.56;0.54;0.50;0.007
1422.435;667;0.68;-1.18;107.33;0.35;-1.09;145.14;0.53;0.50;729;2;1;5;0.79;0.30;0.29;-0.12;-0.03;0.19;0.02;0.84;0.54;-1.28;123.82;0.54;0.50;0.011
1422.535;677;0.67;-1.15;111.38;0.35;-1.09;145.14;0.53;0.50;729;2;1;5;0.79;0.30;0.27;-0.08;-0.01;-0.13;0.00;0.64;0.52;-1.25;126.34;0.54;0.50;0.011
1422.625;686;0.67;-1.12;115.21;0.35;-1.09;145.14;0.53;0.50;729;2;1;5;0.79;0.30;0.29;-0.11;-0.01;0.14;-0.00;0.74;0.51;-1.24;127.60;0.54;0.50;0.007
1422.735;696;0.67;-1.09;119.01;0.35;-1.09;145.14;0.53;0.50;729;2;1;5;0.79;0.30;0.26;-0.06;-0.01;-0.15;-0.01;0.59;0.50;-1.23;128.86;0.54;0.50;0.008
1422.825;704;0.66;-1.07;122.08;0.35;-1.09;145.14;0.53;0.50;729;2;1;5;0.79;0.30;0.29;-0.09;-0.01;0.12;-0.01;0.72;0.49;-1.22;130.12;0.54;0.50;0.007
1422.925;715;0.65;-1.04;126.32;0.35;-1.09;145.14;0.53;0.50;729;2;1;5;0.79;0.30;0.28;-0.08;-0.01;0.07;0.02;0.69;0.47;-1.19;132.63;0.54;0.50;0.007
1423.035;728;0.64;-1.01;130.94;0.35;-1.09;145.14;0.53;0.50;729;2;1;5;0.79;0.30;0.26;-0.07;-0.01;-0.13;-0.04;0.55;0.46;-1.18;133.89;0.54;0.50;0.010
1423.135;737;0.63;-0.99;134.15;0.35;-1.09;145.14;0.53;0.50;729;2;1;5;0.79;0.30;0.26;-0.07;-0.01;-0.14;-0.05;0.54;0.45;-1.17;135.14;0.54;0.50;0.008
1423.235;748;0.61;-0.96;138.08;0.35;-1.09;145.14;0.53;0.50;729;2;1;5;0.79;0.30;0.27;-0.07;-0.01;0.05;0.00;0.64;0.43;-1.15;137.65;0.53;0.50;0.012
1423.335;756;0.60;-0.94;140.88;0.35;-1.09;145.14;0.53;0.50;729;2;1;5;0.79;0.30;0.26;-0.07;-0.01;0.04;-0.01;0.60;0.42;-1.14;138.90;0.53;0.50;0.010
1423.435;767;0.58;-0.92;144.66;0.35;-1.09;145.14;0.53;0.50;729;2;1;5;0.79;0.30;0.27;-0.07;-0.01;0.05;0.03;0.62;0.40;-1.13;140.15;0.53;0.50;0.009
1423.545;779;0.56;-0.90;148.78;0.35;-1.09;145.14;0.53;0.50;729;2;1;5;0.79;0.30;0.26;-0.06;-0.01;0.03;-0.01;0.58;0.39;-1.12;141.40;0.53;0.50;0.016
1423.645;790;0.53;-0.88;152.38;0.35;-1.09;145.14;0.53;0.50;729;2;1;5;0.76;0.29;0.25;-0.07;-0.01;0.03;-0.00;0.56;0.38;-1.11;142.65;0.53;0.50;0.018
1423.745;798;0.52;-0.86;154.74;0.35;-1.09;145.14;0.53;0.50;729;2;1;5;0.75;0.29;0.25;-0.05;-0.00;0.03;-0.00;0.48;0.35;-1.09;145.14;0.53;0.50;0.015
1423.835;807;0.50;-0.85;157.18;0.35;-1.09;145.14;0.53;0.50;729;2;1;5;0.70;0.28;0.25;-0.05;-0.00;0.03;-0.00;0.45;0.34;-1.08;146.38;0.53;0.50;0.011
1423.925;817;0.48;-0.84;159.49;0.35;-1.09;145.14;0.53;0.50;729;2;1;5;0.66;0.28;0.26;-0.02;0.00;-0.05;-0.04;0.34;0.33;-1.07;147.61;0.52;0.50;0.008
1424.035;826;0.46;-0.82;161.53;0.35;-1.09;145.14;0.53;0.50;729;2;1;5;0.63;0.27;0.26;-0.04;-0.00;-0.11;-0.08;0.36;0.32;-1.07;148.82;0.52;0.50;0.007
1424.135;836;0.43;-0.81;163.84;0.35;-1.09;145.14;0.53;0.50;729;2;1;5;0.59;0.26;0.29;-0.07;-0.03;0.11;0.21;0.49;0.30;-1.06;150.02;0.51;0.50;0.014
1424.245;849;0.40;-0.80;166.49;0.35;-1.09;145.14;0.53;0.50;729;2;1;5;0.55;0.24;0.24;-0.04;-0.01;-0.10;-0.09;0.28;0.29;-1.05;151.21;0.51;0.50;0.016
1424.325;855;0.39;-0.79;167.72;0.35;-1.09;145.14;0.53;0.50;729;2;1;5;0.56;0.23;0.24;-0.05;-0.01;-0.01;-0.01;0.30;0.26;-1.04;153.55;0.50;0.50;0.006
1424.445;868;0.36;-0.78;169.67;0.35;-1.09;145.14;0.53;0.50;729;2;1;5;0.53;0.22;0.24;-0.00;-0.00;0.02;-0.00;0.24;0.25;-1.03;154.69;0.50;0.50;0.020
1424.535;878;0.33;-0.78;170.86;0.35;-1.09;145.14;0.53;0.50;729;2;1;5;0.52;0.21;0.21;-0.03;-0.01;-0.04;-0.04;0.16;0.23;-1.02;155.83;0.49;0.50;0.012
1424.635;887;0.31;-0.77;171.66;0.35;-1.09;145.14;0.53;0.50;729;2;1;5;0.53;0.20;0.23;-0.00;-0.01;0.04;0.03;0.15;0.22;-1.02;156.95;0.49;0.50;0.007
1424.735;897;0.29;-0.77;172.20;0.35;-1.09;145.14;0.53;0.50;729;2;1;5;0.54;0.19;0.20;0.01;-0.00;-0.03;-0.05;0.06;0.21;-1.01;158.07;0.48;0.50;0.011
1424.835;905;0.28;-0.77;172.61;0.35;-1.09;145.14;0.53;0.50;729;2;1;5;0.56;0.18;0.19;-0.03;-0.05;-0.09;0.16;0.14;0.19;-1.01;159.16;0.48;0.50;0.013
1424.935;916;0.26;-0.76;173.42;0.35;-1.09;145.14;0.53;0.50;729;2;1;5;0.57;0.17;0.19;-0.01;-0.01;0.04;0.04;0.14;0.18;-1.00;160.25;0.47;0.50;0.015
1425.035;924;0.24;-0.76;173.86;0.35;-1.09;145.14;0.53;0.50;729;2;1;5;0.58;0.16;0.19;0.00;-0.01;0.05;0.05;0.09;0.16;-1.00;161.32;0.47;0.50;0.009
1425.135;939;0.22;-0.76;174.29;-0.13;-0.95;179.43;0.38;0.50;729;3;1;5;0.60;0.15;0.16;0.01;-0.01;-0.02;-0.04;0.03;0.15;-0.99;162.38;0.46;0.50;0.011
1425.235;947;0.20;-0.76;174.56;-0.13;-0.95;179.43;0.38;0.50;729;3;1;5;0.40;0.18;0.17;-0.00;-0.01;0.06;0.07;0.06;0.13;-0.99;163.43;0.46;0.50;0.008
1425.345;958;0.18;-0.76;174.38;-0.13;-0.95;179.43;0.38;0.50;729;3;1;5;0.45;0.20;0.19;0.00;-0.01;0.05;0.07;-0.04;0.12;-0.98;164.47;0.45;0.50;0.019
1425.435;966;0.17;-0.76;174.31;-0.13;-0.95;179.43;0.38;0.50;729;3;1;5;0.49;0.23;0.21;0.00;-0.01;0.01;0.01;0.04;0.10;-0.98;165.49;0.45;0.50;0.008
1425.545;977;0.14;-0.75;174.80;-0.13;-0.95;179.43;0.38;0.50;729;3;1;5;0.51;0.25;0.23;0.00;-0.01;-0.03;-0.05;0.09;0.09;-0.97;166.51;0.44;0.50;0.017
1425.625;985;0.12;-0.75;175.45;-0.13;-0.95;179.43;0.38;0.50;729;3;1;5;0.52;0.27;0.26;-0.00;-0.01;0.05;0.06;0.20;0.07;-0.97;167.51;0.44;0.50;0.006
1425.735;999;0.09;-0.75;177.06;-0.13;-0.95;179.43;0.38;0.50;729;3;1;5;0.53;0.29;0.27;-0.05;-0.01;0.06;0.12;0.32;0.04;-0.96;169.47;0.43;0.50;0.009
1425.835;1004;0.07;-0.75;177.82;-0.13;-0.95;179.43;0.38;0.50;729;3;1;5;0.51;0.30;0.28;-0.03;-0.00;-0.05;-0.06;0.25;0.04;-0.96;169.47;0.43;0.50;0.007
1425.965;1019;0.03;-0.74;180.88;-0.14;-0.96;180.00;0.00;0.50;823;0;1;1;0.47;0.30;0.29;-0.04;-0.01;-0.03;-0.03;0.33;0.01;-0.96;171.39;0.42;0.50;0.025
1426.075;1033;-0.01;-0.74;183.34;-0.14;-0.96;180.00;0.00;0.50;823;0;1;1;0.41;0.30;0.32;-0.02;-0.01;0.06;0.06;0.31;-0.14;-0.96;180.00;0.00;0.50;0.043
1426.145;1039;-0.03;-0.74;184.21;-0.14;-0.96;180.00;0.00;0.50;823;0;1;1;0.33;0.30;0.30;-0.04;-0.01;0.03;0.05;0.24;-0.14;-0.96;180.00;0.00;0.50;0.025
1426.245;1047;-0.05;-0.74;184.84;-0.14;-0.96;180.00;0.00;0.50;823;0;1;1;0.30;0.30;0.31;-0.00;-0.01;0.03;0.04;0.10;-0.14;-0.96;180.00;0.00;0.50;0.019
1426.355;1058;-0.09;-0.74;185.09;-0.14;-0.96;180.00;0.00;0.50;823;0;1;1;0.28;0.30;0.31;0.01;-0.01;0.02;0.02;0.01;-0.14;-0.96;180.00;0.00;0.50;0.027
1426.445;1067;-0.12;-0.74;185.10;-0.14;-0.96;180.00;0.00;0.50;823;0;1;1;0.27;0.30;0.30;0.01;-0.01;-0.01;-0.03;-0.02;-0.14;-0.96;180.00;0.00;0.50;0.019
1426.545;1077;-0.15;-0.75;185.10;-0.14;-0.96;180.00;0.00;0.50;823;0;1;1;0.26;0.30;0.32;0.00;-0.01;0.05;0.09;0.03;-0.15;-0.96;180.00;-0.00;0.50;0.020
1426.655;1091;-0.19;-0.75;185.11;-0.14;-0.96;180.00;0.00;0.50;823;0;1;1;0.25;0.30;0.30;0.01;-0.01;-0.01;-0.03;-0.01;-0.17;-0.96;180.00;-0.00;0.50;0.031
1426.745;1096;-0.20;-0.75;185.09;-0.14;-0.96;180.00;0.00;0.50;823;0;1;1;0.25;0.30;0.30;0.01;-0.01;-0.03;-0.07;-0.03;-0.21;-0.96;180.00;-0.00;0.50;0.019
1426.845;1107;-0.24;-0.76;185.12;-0.14;-0.96;180.00;0.00;0.50;823;0;1;1;0.24;0.30;0.30;0.01;-0.01;-0.01;-0.03;-0.01;-0.24;-0.96;180.00;-0.00;0.50;0.015
1426.945;1119;-0.27;-0.76;185.14;-0.14;-0.96;180.00;0.00;0.50;823;0;1;1;0.23;0.30;0.30;0.01;-0.01;-0.01;-0.02;-0.01;-0.26;-0.96;180.00;-0.00;0.50;0.019
1427.035;1129;-0.30;-0.76;185.14;-0.14;-0.96;180.00;0.00;0.50;823;0;1;1;0.22;0.30;0.32;-0.00;-0.01;0.05;0.09;0.03;-0.29;-0.96;180.00;-0.00;0.50;0.020
1427.145;1139;-0.34;-0.77;185.13;-0.14;-0.96;180.00;0.00;0.50;823;0;1;1;0.21;0.30;0.30;0.01;-0.01;-0.01;-0.02;-0.01;-0.32;-0.96;180.00;-0.00;0.50;0.023
1427.245;1148;-0.36;-0.77;185.11;-0.14;-0.96;180.00;0.00;0.50;823;0;1;1;0.21;0.30;0.30;0.01;-0.01;-0.03;-0.06;-0.02;-0.36;-0.96;180.00;-0.00;0.50;0.019
1427.335;1158;-0.39;-0.77;185.13;-0.14;-0.96;180.00;0.00;0.50;823;0;1;1;0.20;0.30;0.31;0.00;-0.01;0.02;0.03;0.00;-0.38;-0.96;180.00;-0.00;0.50;0.019
1427.435;1167;-0.42;-0.77;185.12;-0.14;-0.96;180.00;0.00;0.50;823;0;1;1;0.19;0.30;0.30;0.01;-0.01;-0.01;-0.02;-0.02;-0.42;-0.96;180.00;0.00;0.50;0.017
1427.625;1185;-0.47;-0.78;185.11;-0.79;-0.93;166.50;-0.54;0.50;827;1;1;6;0.19;0.30;0.31;-0.00;-0.01;0.05;0.09;0.02;-0.45;-0.96;180.00;0.00;0.50;0.055
1427.655;1190;-0.49;-0.78;185.10;-0.79;-0.93;166.50;-0.54;0.50;827;1;1;6;0.08;0.30;0.31;0.00;-0.01;0.02;0.03;0.00;-0.54;-0.96;180.00;-0.07;0.06;0.030
1427.735;1195;-0.51;-0.78;184.97;-0.79;-0.93;166.50;-0.54;0.50;827;1;1;6;0.05;0.29;0.30;0.01;-0.01;0.03;0.06;-0.08;-0.54;-0.96;180.00;-0.07;0.06;0.013
1427.835;1205;-0.53;-0.79;184.43;-0.79;-0.93;166.50;-0.54;0.50;827;1;1;6;0.00;0.29;0.30;0.01;-0.01;0.02;0.03;-0.10;-0.54;-0.96;180.00;-0.07;0.06;0.014
1427.945;1220;-0.58;-0.79;183.56;-0.79;-0.93;166.50;-0.54;0.50;827;1;1;6;-0.06;0.27;0.29;0.01;-0.00;0.02;0.01;-0.09;-0.54;-0.96;180.00;-0.07;0.06;0.021
1428.055;1228;-0.60;-0.79;182.93;-0.79;-0.93;166.50;-0.54;0.50;827;1;1;6;-0.21;0.27;0.27;-0.00;-0.00;-0.01;-0.05;-0.15;-0.60;-0.96;178.66;-0.26;0.24;0.023
1428.135;1237;-0.63;-0.79;181.95;-0.79;-0.93;166.50;-0.54;0.50;827;1;1;6;-0.30;0.28;0.28;-0.00;-0.00;-0.01;0.01;-0.22;-0.64;-0.96;176.76;-0.35;0.32;0.015
1428.245;1247;-0.65;-0.79;180.53;-0.79;-0.93;166.50;-0.54;0.50;827;1;1;6;-0.36;0.29;0.28;0.01;-0.00;0.02;-0.05;-0.23;-0.67;-0.95;175.04;-0.40;0.36;0.016
1428.335;1256;-0.68;-0.79;179.28;-0.79;-0.93;166.50;-0.54;0.50;827;1;1;6;-0.44;0.30;0.30;0.01;-0.01;-0.03;0.05;-0.29;-0.71;-0.95;172.80;-0.44;0.41;0.012
1428.435;1266;-0.71;-0.79;177.61;-0.79;-0.93;166.50;-0.54;0.50;827;1;1;6;-0.49;0.30;0.30;-0.00;-0.01;0.00;-0.02;-0.32;-0.73;-0.95;170.99;-0.48;0.44;0.012
1428.545;1279;-0.75;-0.79;175.29;-0.79;-0.93;166.50;-0.54;0.50;827;1;1;6;-0.55;0.30;0.30;-0.01;-0.01;0.03;-0.08;-0.27;-0.76;-0.94;168.89;-0.51;0.47;0.016
1428.645;1289;-0.78;-0.79;173.40;-0.79;-0.93;166.50;-0.54;0.50;827;1;1;6;-0.64;0.30;0.32;0.02;-0.01;-0.05;0.06;-0.38;-0.81;-0.93;165.22;-0.54;0.50;0.018
1428.735;1298;-0.81;-0.79;171.12;-1.20;-0.65;124.86;-0.53;0.50;827;2;1;6;-0.68;0.30;0.29;0.07;-0.01;0.00;0.04;-0.51;-0.85;-0.92;161.39;-0.54;0.50;0.013
1428.835;1308;-0.84;-0.79;167.93;-1.20;-0.65;124.86;-0.53;0.50;827;2;1;6;-0.79;0.30;0.29;0.06;-0.00;0.04;-0.10;-0.54;-0.88;-0.91;158.85;-0.54;0.50;0.007
1428.935;1316;-0.86;-0.79;164.68;-1.20;-0.65;124.86;-0.53;0.50;827;2;1;6;-0.79;0.30;0.28;0.06;-0.00;0.05;-0.21;-0.71;-0.91;-0.89;156.31;-0.54;0.50;0.006
1429.035;1327;-0.89;-0.79;159.56;-1.20;-0.65;124.86;-0.53;0.50;827;2;1;6;-0.68;0.30;0.28;0.10;-0.01;-0.01;0.06;-0.82;-0.94;-0.88;153.77;-0.54;0.50;0.006
1429.125;1335;-0.92;-0.79;156.56;-1.20;-0.65;124.86;-0.53;0.50;827;2;1;6;-0.65;0.30;0.28;0.06;-0.01;0.02;-0.13;-0.49;-0.96;-0.87;151.24;-0.54;0.50;0.006
1429.235;1346;-0.95;-0.78;153.24;-1.20;-0.65;124.86;-0.53;0.50;827;2;1;6;-0.63;0.30;0.29;0.08;-0.01;-0.00;0.12;-0.54;-0.99;-0.85;148.71;-0.54;0.50;0.011
1429.335;1358;-0.98;-0.77;150.22;-1.20;-0.65;124.86;-0.53;0.50;827;2;1;6;-0.62;0.30;0.30;0.05;-0.01;-0.04;0.08;-0.43;-1.02;-0.83;146.18;-0.54;0.50;0.012
1429.435;1369;-1.01;-0.76;147.53;-1.20;-0.65;124.86;-0.53;0.50;827;2;1;6;-0.63;0.30;0.29;0.02;-0.01;-0.00;-0.06;-0.37;-1.04;-0.82;143.66;-0.54;0.50;0.008
1429.535;1377;-1.03;-0.75;145.76;-1.20;-0.65;124.86;-0.53;0.50;827;2;1;6;-0.65;0.30;0.29;0.01;-0.01;-0.00;-0.10;-0.34;-1.07;-0.80;141.14;-0.54;0.50;0.007
1429.625;1388;-1.06;-0.73;143.07;-1.20;-0.65;124.86;-0.53;0.50;827;2;1;6;-0.65;0.30;0.30;0.05;-0.01;0.01;0.05;-0.50;-1.09;-0.78;138.62;-0.54;0.50;0.007
1429.745;1396;-1.08;-0.72;141.02;-1.20;-0.65;124.86;-0.53;0.50;827;2;1;6;-0.67;0.30;0.30;0.05;-0.01;0.01;0.10;-0.47;-1.11;-0.76;136.11;-0.54;0.50;0.017
1429.825;1405;-1.10;-0.71;138.83;-1.35;-0.17;90.57;-0.38;0.50;827;3;1;6;-0.68;0.30;0.30;0.05;-0.01;0.03;0.05;-0.47;-1.14;-0.73;133.61;-0.53;0.50;0.007
1429.925;1415;-1.13;-0.69;136.31;-1.35;-0.17;90.57;-0.38;0.50;827;3;1;6;-0.72;0.30;0.29;0.06;-0.01;0.01;0.04;-0.49;-1.16;-0.71;131.10;-0.53;0.50;0.006
1430.035;1426;-1.15;-0.67;133.16;-1.35;-0.17;90.57;-0.38;0.50;827;3;1;6;-0.70;0.30;0.29;0.06;-0.01;-0.01;0.03;-0.57;-1.18;-0.69;128.60;-0.53;0.50;0.015
1430.135;1439;-1.18;-0.65;129.29;-1.35;-0.17;90.57;-0.38;0.50;827;3;1;6;-0.64;0.30;0.29;0.06;-0.01;0.02;0.04;-0.51;-1.19;-0.68;127.35;-0.53;0.50;0.011
1430.225;1444;-1.20;-0.64;128.02;-1.35;-0.17;90.57;-0.38;0.50;827;3;1;6;-0.66;0.30;0.29;0.05;-0.01;-0.00;0.03;-0.43;-1.20;-0.65;124.86;-0.53;0.50;0.006
1430.325;1458;-1.22;-0.61;124.79;-1.35;-0.17;90.57;-0.38;0.50;827;3;1;6;-0.67;0.30;0.29;0.04;-0.01;0.01;0.03;-0.44;-1.23;-0.61;121.18;-0.52;0.50;0.006
1430.435;1467;-1.24;-0.59;122.59;-1.35;-0.17;90.57;-0.38;0.50;827;3;1;6;-0.66;0.30;0.30;0.03;-0.01;0.01;0.04;-0.48;-1.25;-0.58;118.79;-0.51;0.50;0.008
1430.545;1476;-1.26;-0.57;120.34;-1.35;-0.17;90.57;-0.38;0.50;827;3;1;6;-0.64;0.30;0.32;0.01;-0.01;0.01;0.03;-0.47;-1.25;-0.57;117.62;-0.50;0.50;0.018
1430.645;1486;-1.27;-0.54;117.95;-1.35;-0.17;90.57;-0.38;0.50;827;3;1;6;-0.63;0.30;0.33;-0.00;-0.00;0.01;0.03;-0.44;-1.27;-0.54;115.31;-0.50;0.50;0.015
1430.735;1497;-1.29;-0.51;115.51;-1.35;-0.17;90.57;-0.38;0.50;827;3;1;6;-0.64;0.30;0.31;0.05;-0.01;0.09;0.10;-0.50;-1.28;-0.50;111.93;-0.48;0.50;0.011
1430.855;1509;-1.30;-0.48;112.43;-1.35;-0.17;90.57;-0.38;0.50;827;3;1;6;-0.59;0.30;0.31;0.02;-0.00;0.01;0.04;-0.42;-1.29;-0.49;110.84;-0.48;0.50;0.027
1430.935;1519;-1.32;-0.45;110.58;-1.35;-0.17;90.57;-0.38;0.50;827;3;1;6;-0.60;0.30;0.33;-0.01;-0.00;0.01;0.03;-0.28;-1.30;-0.46;108.68;-0.47;0.50;0.017
1431.065;1528;-1.33;-0.42;108.69;-1.34;-0.16;90.00;-0.00;0.50;108;0;1;0;-0.62;0.30;0.28;0.04;-0.00;-0.04;-0.08;-0.40;-1.31;-0.41;105.53;-0.45;0.50;0.026
1431.145;1538;-1.34;-0.39;106.01;-1.34;-0.16;90.00;-0.00;0.50;108;0;1;0;-0.79;0.30;0.29;0.07;-0.01;0.05;0.02;-0.53;-1.34;-0.16;90.00;-0.00;0.50;0.023
1431.245;1547;-1.35;-0.37;102.68;-1.34;-0.16;90.00;-0.00;0.50;108;0;1;0;-0.66;0.30;0.29;0.06;-0.00;-0.07;-0.08;-0.78;-1.34;-0.16;90.00;-0.00;0.50;0.023
1431.345;1555;-1.36;-0.35;99.03;-1.34;-0.16;90.00;-0.00;0.50;108;0;1;0;-0.51;0.30;0.31;0.08;-0.00;0.02;0.04;-0.68;-1.34;-0.16;90.00;-0.00;0.50;0.022
1431.445;1570;-1.38;-0.31;94.55;-1.34;-0.16;90.00;-0.00;0.50;108;0;1;0;-0.33;0.30;0.30;0.08;-0.01;0.09;0.06;-0.44;-1.34;-0.16;90.00;-0.00;0.50;0.023
1431.545;1580;-1.39;-0.28;93.50;-1.34;-0.16;90.00;-0.00;0.50;108;0;1;0;-0.29;0.30;0.29;0.03;-0.01;-0.05;-0.04;-0.11;-1.34;-0.16;90.00;-0.00;0.50;0.023
1431.645;1588;-1.39;-0.25;93.06;-1.34;-0.16;90.00;-0.00;0.50;108;0;1;0;-0.28;0.30;0.31;-0.01;-0.01;-0.02;-0.00;-0.07;-1.34;-0.16;90.00;-0.00;0.50;0.026
1431.745;1599;-1.39;-0.22;92.76;-1.34;-0.16;90.00;-0.00;0.50;108;0;1;0;-0.26;0.30;0.30;-0.01;-0.01;-0.05;-0.03;-0.01;-1.34;-0.16;90.00;-0.00;0.50;0.025
1431.855;1608;-1.39;-0.19;92.64;-1.34;-0.16;90.00;-0.00;0.50;108;0;1;0;-0.26;0.30;0.30;-0.01;-0.01;-0.03;-0.02;0.00;-1.34;-0.16;90.00;-0.00;0.50;0.023
1431.945;1618;-1.39;-0.16;92.53;-1.34;-0.16;90.00;-0.00;0.50;108;0;1;0;-0.26;0.30;0.30;-0.01;-0.01;-0.06;-0.04;0.00;-1.34;-0.16;90.00;-0.00;0.50;0.020
1432.065;1632;-1.39;-0.12;92.37;-1.34;-0.16;90.00;-0.00;0.50;108;0;1;0;-0.25;0.30;0.30;-0.01;-0.01;-0.01;-0.00;-0.02;-1.34;-0.13;90.00;0.00;0.50;0.043
1432.145;1637;-1.39;-0.10;92.32;-1.34;-0.16;90.00;-0.00;0.50;108;0;1;0;-0.25;0.30;0.31;-0.00;-0.01;0.05;0.04;-0.04;-1.34;-0.10;90.00;0.00;0.50;0.025
1432.245;1646;-1.40;-0.07;92.23;-1.34;0.14;90.00;0.00;0.50;108;1;1;0;-0.25;0.30;0.31;-0.00;-0.01;0.04;0.03;-0.05;-1.34;-0.07;90.00;0.00;0.50;0.015
1432.335;1656;-1.40;-0.04;92.15;-1.34;0.14;90.00;0.00;0.50;108;1;1;0;-0.24;0.30;0.31;-0.00;-0.01;0.05;0.04;-0.04;-1.34;-0.05;90.00;0.00;0.50;0.011
1432.435;1667;-1.40;-0.01;92.05;-1.34;0.14;90.00;0.00;0.50;108;1;1;0;-0.24;0.30;0.30;-0.01;-0.01;-0.04;-0.03;-0.01;-1.34;-0.01;90.00;0.00;0.50;0.012
1432.545;1676;-1.40;0.02;91.95;-1.34;0.14;90.00;0.00;0.50;108;1;1;0;-0.24;0.30;0.30;-0.00;-0.01;-0.01;-0.00;-0.01;-1.34;0.02;90.00;0.00;0.50;0.018
1432.645;1686;-1.40;0.05;91.87;-1.34;0.14;90.00;0.00;0.50;108;1;1;0;-0.24;0.30;0.30;-0.01;-0.01;-0.04;-0.02;-0.01;-1.34;0.05;90.00;0.00;0.50;0.014
1432.735;1695;-1.40;0.07;91.78;-1.34;0.14;90.00;0.00;0.50;108;1;1;0;-0.23;0.30;0.31;0.00;-0.01;0.08;0.06;-0.03;-1.34;0.07;90.00;0.00;0.50;0.012
1432.845;1710;-1.40;0.12;91.61;-1.34;0.14;90.00;0.00;0.50;108;1;1;0;-0.23;0.30;0.31;-0.00;-0.01;0.05;0.04;-0.05;-1.34;0.11;90.00;0.00;0.50;0.020
1432.955;1720;-1.40;0.15;91.53;-1.34;0.14;90.00;0.00;0.50;108;1;1;0;-0.22;0.30;0.30;-0.00;-0.01;-0.00;0.00;-0.02;-1.34;0.14;90.00;0.00;0.50;0.031
1433.045;1730;-1.40;0.18;91.44;-1.34;0.14;90.00;0.00;0.50;108;1;1;0;-0.22;0.30;0.30;-0.01;-0.01;-0.01;-0.00;-0.01;-1.34;0.17;90.00;0.00;0.50;0.021
1433.165;1740;-1.40;0.21;91.38;-1.34;0.14;90.00;0.00;0.50;108;1;1;0;-0.22;0.30;0.30;-0.00;-0.01;-0.01;-0.00;-0.02;-1.34;0.19;90.00;0.00;0.50;0.038
1433.245;1749;-1.40;0.24;91.30;-1.34;0.44;90.00;-0.00;0.50;108;2;1;0;-0.21;0.30;0.31;-0.00;-0.01;0.04;0.03;-0.04;-1.34;0.23;90.00;0.00;0.50;0.020
1433.325;1756;-1.40;0.26;91.27;-1.34;0.44;90.00;-0.00;0.50;108;2;1;0;-0.21;0.30;0.30;-0.00;-0.01;-0.05;-0.03;0.00;-1.34;0.25;90.00;0.00;0.50;0.006
1433.425;1764;-1.40;0.28;91.19;-1.34;0.44;90.00;-0.00;0.50;108;2;1;0;-0.21;0.30;0.30;-0.00;-0.01;-0.01;0.00;-0.02;-1.34;0.29;90.00;0.00;0.50;0.006
1433.535;1778;-1.40;0.33;91.09;-1.34;0.44;90.00;-0.00;0.50;108;2;1;0;-0.21;0.30;0.30;-0.00;-0.01;-0.05;-0.03;0.00;-1.34;0.32;90.00;0.00;0.50;0.010
1433.635;1787;-1.40;0.35;91.02;-1.34;0.44;90.00;-0.00;0.50;108;2;1;0;-0.20;0.30;0.30;-0.00;-0.01;-0.05;-0.03;0.00;-1.34;0.36;90.00;0.00;0.50;0.008
1433.725;1798;-1.40;0.39;90.93;-1.34;0.44;90.00;-0.00;0.50;108;2;1;0;-0.20;0.30;0.31;0.00;-0.01;0.07;0.05;-0.03;-1.34;0.38;90.00;-0.00;0.50;0.006
1433.835;1806;-1.40;0.41;90.90;-1.34;0.44;90.00;-0.00;0.50;108;2;1;0;-0.20;0.30;0.31;0.00;-0.01;0.08;0.05;-0.03;-1.34;0.41;90.00;-0.00;0.50;0.009
1433.935;1817;-1.40;0.45;90.85;-1.34;0.44;90.00;-0.00;0.50;108;2;1;0;-0.20;0.30;0.30;-0.00;-0.01;-0.05;-0.03;0.00;-1.34;0.44;90.00;-0.00;0.50;0.008
1434.035;1825;-1.40;0.47;90.79;-1.34;0.44;90.00;-0.00;0.50;108;2;1;0;-0.19;0.30;0.30;-0.00;-0.01;-0.05;-0.03;0.00;-1.34;0.47;90.00;-0.00;0.50;0.008
1434.145;1836;-1.40;0.50;90.71;-1.34;0.44;90.00;-0.00;0.50;108;2;1;0;-0.19;0.30;0.30;-0.00;-0.01;-0.01;0.00;-0.01;-1.34;0.50;90.00;-0.00;0.50;0.017
1434.225;1844;-1.40;0.53;90.66;-1.34;0.44;90.00;-0.00;0.50;108;2;1;0;-0.19;0.30;0.30;-0.00;-0.01;-0.01;0.00;-0.01;-1.34;0.53;90.00;-0.00;0.50;0.007
1434.335;1859;-1.40;0.57;90.56;-1.34;0.73;90.00;-0.00;0.50;108;3;1;0;-0.18;0.30;0.31;-0.00;-0.01;0.05;0.03;-0.03;-1.34;0.56;90.00;-0.00;0.50;0.011
1434.425;1867;-1.40;0.60;90.52;-1.34;0.73;90.00;-0.00;0.50;108;3;1;0;-0.18;0.30;0.31;-0.00;-0.01;0.05;0.03;-0.03;-1.34;0.59;90.00;-0.00;0.50;0.006
1434.525;1878;-1.40;0.63;90.46;-1.34;0.73;90.00;-0.00;0.50;108;3;1;0;-0.18;0.30;0.31;0.00;-0.01;0.07;0.05;-0.03;-1.34;0.64;90.00;-0.00;0.50;0.004
1434.635;1886;-1.40;0.65;90.41;-1.34;0.73;90.00;-0.00;0.50;108;3;1;0;-0.17;0.30;0.30;-0.00;-0.01;-0.05;-0.03;0.00;-1.34;0.66;90.00;-0.00;0.50;0.009
1434.725;1895;-1.40;0.68;90.35;-1.34;0.73;90.00;-0.00;0.50;108;3;1;0;-0.17;0.30;0.31;0.00;-0.01;0.07;0.05;-0.02;-1.34;0.68;90.00;-0.00;0.50;0.004
