t;frame;x;y;z;x_ref;y_ref;z_ref;delta_ref;u_ref;state;ellipse;control;action;delta;u;vx;vy;vz;wx;wy;wz;xr;yr;zr;delr;ur
813.085;10;1.37;-2.11;91.03;0.96;-2.26;90.00;0.00;0.50;426;0;1;0;0.79;0.02;-0.00;-0.00;0.00;-0.00;-0.01;0.00;0.96;-2.12;90.00;-0.00;0.50;0.033
813.185;16;1.37;-2.11;91.04;0.96;-2.26;90.00;0.00;0.50;426;0;1;0;0.79;0.05;-0.00;-0.00;0.00;0.00;-0.01;0.01;0.96;-2.12;90.00;-0.00;0.50;0.025
813.285;30;1.37;-2.11;91.06;0.96;-2.26;90.00;0.00;0.50;426;0;1;0;0.79;0.07;0.00;-0.01;-0.00;-0.06;0.04;0.00;0.96;-2.12;90.00;-0.00;0.50;0.024
813.385;39;1.37;-2.11;92.18;0.96;-2.26;90.00;0.00;0.50;426;0;1;0;0.79;0.09;0.07;-0.00;0.00;-0.01;0.00;0.26;0.96;-2.11;90.00;-0.00;0.50;0.030
813.465;49;1.37;-2.10;93.81;0.96;-2.26;90.00;0.00;0.50;426;0;1;0;0.79;0.11;0.09;0.00;-0.00;0.00;-0.00;0.27;0.96;-2.10;90.00;-0.00;0.50;0.021
813.575;58;1.37;-2.09;95.33;0.96;-2.26;90.00;0.00;0.50;426;0;1;0;0.74;0.13;0.11;-0.00;-0.01;-0.00;-0.00;0.27;0.96;-2.10;90.00;-0.00;0.50;0.024
813.665;68;1.37;-2.08;96.88;0.96;-2.26;90.00;0.00;0.50;426;0;1;0;0.66;0.14;0.12;-0.02;-0.01;-0.02;-0.02;0.26;0.96;-2.08;90.00;-0.00;0.50;0.017
813.775;77;1.37;-2.07;98.05;0.96;-2.26;90.00;0.00;0.50;426;0;1;0;0.60;0.16;0.13;-0.01;-0.01;0.06;0.05;0.26;0.96;-2.07;90.00;-0.00;0.50;0.023
813.875;86;1.37;-2.06;98.86;0.96;-2.26;90.00;0.00;0.50;426;0;1;0;0.56;0.18;0.16;0.00;-0.01;0.04;0.03;0.19;0.96;-2.06;90.00;-0.00;0.50;0.019
813.985;96;1.37;-2.04;99.63;0.96;-2.26;90.00;0.00;0.50;426;0;1;0;0.51;0.19;0.17;0.00;-0.01;-0.05;-0.04;0.07;0.96;-2.04;90.00;-0.00;0.50;0.024
814.065;107;1.36;-2.02;100.82;0.96;-2.26;90.00;0.00;0.50;426;0;1;0;0.45;0.21;0.18;-0.01;-0.01;0.01;0.02;0.19;0.96;-2.02;90.00;-0.00;0.50;0.012
814.175;115;1.36;-2.01;101.46;0.96;-2.26;90.00;0.00;0.50;426;0;1;0;0.41;0.22;0.21;0.00;-0.01;-0.12;-0.13;0.11;0.96;-2.01;90.00;-0.00;0.50;0.014
814.275;129;1.36;-1.98;102.35;0.96;-2.26;90.00;0.00;0.50;426;0;1;0;0.35;0.23;0.22;0.00;-0.01;-0.07;-0.08;0.04;0.96;-1.99;90.00;0.00;0.50;0.021
814.385;139;1.35;-1.95;102.83;0.96;-2.26;90.00;0.00;0.50;426;0;1;0;0.32;0.24;0.23;-0.03;-0.01;-0.05;-0.05;0.04;0.96;-1.97;90.00;0.00;0.50;0.024
814.465;145;1.35;-1.94;103.01;0.96;-2.26;90.00;0.00;0.50;426;0;1;0;0.31;0.26;0.24;-0.01;-0.01;0.05;0.05;0.12;0.96;-1.94;90.00;0.00;0.50;0.014
814.565;154;1.35;-1.92;103.30;0.96;-2.26;90.00;0.00;0.50;426;0;1;0;0.28;0.27;0.25;0.00;-0.01;-0.04;-0.04;0.01;0.96;-1.92;90.00;0.00;0.50;0.012
814.685;169;1.34;-1.88;103.57;0.96;-2.26;90.00;0.00;0.50;426;0;1;0;0.25;0.28;0.26;-0.00;-0.01;0.04;0.04;0.08;0.96;-1.89;90.00;0.00;0.50;0.026
814.785;178;1.33;-1.86;103.62;0.96;-2.26;90.00;0.00;0.50;426;0;1;0;0.23;0.29;0.27;-0.00;-0.01;-0.05;-0.06;-0.05;0.96;-1.87;90.00;0.00;0.50;0.027
814.875;188;1.33;-1.83;103.61;0.96;-2.26;90.00;0.00;0.50;426;0;1;0;0.22;0.29;0.28;-0.00;-0.01;-0.04;-0.05;-0.04;0.96;-1.87;90.00;0.00;0.50;0.014
814.965;197;1.32;-1.81;103.65;0.96;-2.26;90.00;0.00;0.50;426;0;1;0;0.21;0.30;0.28;-0.01;-0.01;0.01;0.02;-0.02;0.96;-1.87;90.00;0.00;0.50;0.011
815.075;207;1.32;-1.78;103.57;0.96;-2.26;90.00;0.00;0.50;426;0;1;0;0.19;0.29;0.27;-0.01;-0.01;0.04;0.05;0.03;0.96;-1.87;90.00;0.00;0.50;0.025
815.175;215;1.31;-1.76;103.42;0.96;-2.26;90.00;0.00;0.50;426;0;1;0;0.19;0.29;0.28;0.00;-0.01;0.03;0.04;0.02;0.96;-1.87;90.00;0.00;0.50;0.022
815.275;229;1.30;-1.72;103.29;0.96;-2.26;90.00;0.00;0.50;426;0;1;0;0.17;0.28;0.28;-0.00;-0.01;0.04;0.05;0.03;0.96;-1.87;90.00;0.00;0.50;0.027
815.375;235;1.30;-1.70;103.27;0.96;-2.26;90.00;0.00;0.50;426;0;1;0;0.17;0.28;0.27;-0.01;-0.01;0.03;0.04;-0.01;0.96;-1.87;90.00;0.00;0.50;0.020
815.485;248;1.29;-1.67;102.98;0.96;-2.26;90.00;0.00;0.50;426;0;1;0;0.16;0.26;0.26;-0.00;-0.01;0.04;0.04;0.00;0.96;-1.87;90.00;0.00;0.50;0.030
815.585;258;1.29;-1.64;102.81;0.96;-2.26;90.00;0.00;0.50;426;0;1;0;0.16;0.25;0.25;-0.00;-0.01;0.02;0.03;-0.03;0.96;-1.87;90.00;0.00;0.50;0.028
815.675;267;1.28;-1.62;102.62;0.96;-2.26;90.00;0.00;0.50;426;0;1;0;0.16;0.23;0.24;-0.00;-0.01;0.02;0.03;-0.03;0.96;-1.87;90.00;0.00;0.50;0.015
815.765;277;1.28;-1.60;102.40;0.96;-2.26;90.00;0.00;0.50;426;0;1;0;0.16;0.21;0.22;-0.00;-0.01;0.02;0.02;-0.03;0.96;-1.87;90.00;0.00;0.50;0.014
815.865;286;1.27;-1.58;102.22;0.96;-2.26;90.00;0.00;0.50;426;0;1;0;0.16;0.20;0.20;-0.00;-0.01;0.02;0.02;-0.03;0.96;-1.87;90.00;0.00;0.50;0.012
815.965;296;1.27;-1.56;102.02;0.96;-2.26;90.00;0.00;0.50;426;0;1;0;0.16;0.18;0.18;-0.00;-0.01;0.02;0.02;-0.03;0.96;-1.87;90.00;0.00;0.50;0.011
816.065;305;1.27;-1.55;101.84;0.96;-2.26;90.00;0.00;0.50;426;0;1;0;0.16;0.15;0.16;0.00;-0.01;0.02;0.02;-0.03;0.96;-1.87;90.00;0.00;0.50;0.011
816.165;315;1.26;-1.53;101.65;0.96;-2.26;90.00;0.00;0.50;426;0;1;0;0.16;0.13;0.14;0.00;-0.01;0.02;0.01;-0.03;0.96;-1.87;90.00;0.00;0.50;0.012
816.275;329;1.26;-1.52;101.41;0.96;-2.26;90.00;0.00;0.50;426;0;1;0;0.16;0.11;0.12;0.00;-0.00;0.01;0.01;-0.03;0.96;-1.87;90.00;0.00;0.50;0.026
816.375;338;1.26;-1.51;101.27;0.96;-2.26;90.00;0.00;0.50;426;0;1;0;0.17;0.09;0.09;0.00;-0.00;0.02;0.01;-0.02;0.96;-1.87;90.00;0.00;0.50;0.016
816.485;349;1.26;-1.50;101.01;0.96;-2.26;90.00;0.00;0.50;426;0;1;0;0.17;0.06;0.07;0.00;-0.00;0.01;0.01;-0.04;0.96;-1.87;90.00;0.00;0.50;0.026
816.575;357;1.26;-1.49;100.84;0.96;-2.26;90.00;0.00;0.50;426;0;1;0;0.18;0.04;0.05;0.00;-0.00;0.01;0.01;-0.04;0.96;-1.87;90.00;0.00;0.50;0.025
816.675;367;1.25;-1.49;100.61;0.96;-2.26;90.00;0.00;0.50;426;0;1;0;0.19;0.02;0.03;0.00;-0.00;0.01;0.01;-0.04;0.96;-1.87;90.00;0.00;0.50;0.016
816.785;377;1.25;-1.49;100.48;0.96;-2.26;90.00;0.00;0.50;426;0;1;0;0.19;-0.00;0.02;0.00;0.00;-0.00;-0.00;-0.02;0.96;-1.87;90.00;0.00;0.50;0.025
816.875;387;1.25;-1.49;100.36;0.96;-2.26;90.00;0.00;0.50;426;0;1;0;0.20;-0.02;-0.00;-0.00;-0.00;0.00;0.00;-0.03;0.96;-1.87;90.00;0.00;0.50;0.013
816.985;397;1.25;-1.49;100.18;0.96;-2.26;90.00;0.00;0.50;426;0;1;0;0.21;-0.04;-0.02;-0.00;-0.00;0.00;0.00;-0.03;0.96;-1.87;90.00;0.00;0.50;0.024
817.065;406;1.25;-1.49;99.99;0.96;-2.26;90.00;0.00;0.50;426;0;1;0;0.22;-0.06;-0.04;0.00;-0.00;0.00;0.00;-0.04;0.96;-1.87;90.00;0.00;0.50;0.011
817.165;416;1.25;-1.50;99.74;0.96;-2.26;90.00;0.00;0.50;426;0;1;0;0.23;-0.07;-0.06;-0.00;-0.00;0.00;0.00;-0.04;0.96;-1.87;90.00;0.00;0.50;0.012
817.265;427;1.26;-1.50;99.43;0.96;-2.26;90.00;0.00;0.50;426;0;1;0;0.25;-0.09;-0.07;-0.00;-0.00;0.00;0.00;-0.05;0.96;-1.87;90.00;0.00;0.50;0.012
817.375;435;1.26;-1.51;99.21;0.96;-2.26;90.00;0.00;0.50;426;0;1;0;0.27;-0.10;-0.10;0.00;-0.00;0.01;-0.00;-0.03;0.96;-1.87;90.00;0.00;0.50;0.017
817.475;449;1.26;-1.52;98.91;0.96;-2.26;90.00;0.00;0.50;426;0;1;0;0.28;-0.11;-0.11;0.00;-0.00;0.01;-0.00;-0.02;0.96;-1.87;90.00;0.00;0.50;0.024
817.585;458;1.26;-1.53;98.70;0.96;-2.26;90.00;0.00;0.50;426;0;1;0;0.30;-0.12;-0.13;0.00;-0.00;0.01;-0.00;-0.04;0.96;-1.87;90.00;0.00;0.50;0.025
817.675;469;1.26;-1.55;98.39;0.96;-2.26;90.00;0.00;0.50;426;0;1;0;0.32;-0.13;-0.14;0.00;-0.00;0.01;0.00;-0.05;0.96;-1.87;90.00;0.00;0.50;0.025
817.775;477;1.26;-1.56;98.12;0.96;-2.26;90.00;0.00;0.50;426;0;1;0;0.34;-0.14;-0.14;0.00;-0.00;0.01;-0.00;-0.06;0.96;-1.87;90.00;0.00;0.50;0.011
817.865;488;1.27;-1.58;97.76;0.96;-2.26;90.00;0.00;0.50;426;0;1;0;0.36;-0.14;-0.15;-0.00;-0.00;0.01;-0.00;-0.06;0.96;-1.87;90.00;0.00;0.50;0.013
817.975;497;1.27;-1.59;97.44;0.96;-2.26;90.00;0.00;0.50;426;0;1;0;0.38;-0.14;-0.15;-0.00;-0.00;0.01;-0.00;-0.07;0.96;-1.87;90.00;0.00;0.50;0.021
818.065;507;1.27;-1.60;97.09;0.96;-2.26;90.00;0.00;0.50;426;0;1;0;0.40;-0.14;-0.15;-0.00;-0.00;0.01;-0.01;-0.07;0.96;-1.87;90.00;0.00;0.50;0.017
818.165;518;1.27;-1.62;96.76;0.96;-2.26;90.00;0.00;0.50;426;0;1;0;0.42;-0.14;-0.14;-0.01;-0.01;-0.09;0.06;-0.04;0.96;-1.87;90.00;0.00;0.50;0.015
818.275;526;1.27;-1.63;96.36;0.96;-2.26;90.00;0.00;0.50;426;0;1;0;0.45;-0.14;-0.15;0.00;-0.01;0.02;-0.02;-0.06;0.96;-1.87;90.00;0.00;0.50;0.019
818.375;535;1.28;-1.65;96.07;0.96;-2.26;90.00;0.00;0.50;426;0;1;0;0.46;-0.13;-0.15;-0.00;-0.01;0.05;-0.02;-0.11;0.96;-1.87;90.00;0.00;0.50;0.024
818.475;549;1.28;-1.67;95.61;0.96;-2.26;90.00;0.00;0.50;426;0;1;0;0.48;-0.12;-0.15;0.00;-0.01;0.05;-0.03;-0.10;0.96;-1.87;90.00;0.00;0.50;0.023
818.575;558;1.28;-1.68;95.44;0.96;-2.26;90.00;0.00;0.50;426;0;1;0;0.50;-0.12;-0.12;-0.01;-0.01;-0.08;0.05;-0.01;0.96;-1.87;90.00;0.00;0.50;0.024
818.675;568;1.28;-1.69;95.16;0.96;-2.26;90.00;0.00;0.50;426;0;1;0;0.52;-0.11;-0.12;-0.00;-0.01;0.00;-0.00;-0.01;0.96;-1.87;90.00;0.00;0.50;0.022
818.775;579;1.28;-1.70;94.97;0.96;-2.26;90.00;0.00;0.50;426;0;1;0;0.53;-0.10;-0.13;0.00;-0.01;0.04;-0.02;-0.06;0.96;-1.87;90.00;0.00;0.50;0.023
818.875;587;1.28;-1.71;95.03;0.96;-2.26;90.00;0.00;0.50;426;0;1;0;0.53;-0.09;-0.10;-0.00;-0.01;-0.09;0.06;0.02;0.96;-1.87;90.00;0.00;0.50;0.018
818.965;598;1.28;-1.72;94.97;0.96;-2.26;90.00;0.00;0.50;426;0;1;0;0.54;-0.08;-0.10;0.00;-0.01;0.02;-0.02;-0.01;0.96;-1.87;90.00;0.00;0.50;0.019
819.075;606;1.28;-1.73;95.11;0.96;-2.26;90.00;0.00;0.50;426;0;1;0;0.53;-0.06;-0.08;-0.00;-0.01;-0.03;0.01;0.06;0.96;-1.87;90.00;0.00;0.50;0.016
819.175;617;1.29;-1.74;95.28;0.96;-2.26;90.00;0.00;0.50;426;0;1;0;0.53;-0.05;-0.08;0.00;-0.01;0.01;-0.01;0.04;0.96;-1.87;90.00;0.00;0.50;0.025
819.275;626;1.29;-1.74;95.56;0.96;-2.26;90.00;0.00;0.50;426;0;1;0;0.51;-0.04;-0.06;-0.00;-0.01;-0.01;0.00;0.07;0.96;-1.87;90.00;0.00;0.50;0.023
819.365;636;1.29;-1.75;95.93;0.96;-2.26;90.00;0.00;0.50;426;0;1;0;0.50;-0.03;-0.05;-0.00;-0.00;0.02;-0.01;0.07;0.96;-1.87;90.00;0.00;0.50;0.014
819.465;647;1.29;-1.75;96.37;0.96;-2.26;90.00;0.00;0.50;426;0;1;0;0.48;-0.02;-0.04;0.00;-0.00;0.04;-0.02;0.05;0.96;-1.87;90.00;0.00;0.50;0.011
819.565;655;1.29;-1.76;96.66;0.96;-2.26;90.00;0.00;0.50;426;0;1;0;0.46;-0.00;-0.02;-0.00;0.00;-0.01;0.00;0.04;0.96;-1.87;90.00;0.00;0.50;0.014
819.675;666;1.29;-1.76;96.87;0.96;-2.26;90.00;0.00;0.50;426;0;1;0;0.45;0.01;-0.00;-0.00;0.00;-0.01;0.00;0.03;0.96;-1.87;90.00;0.00;0.50;0.022
819.765;674;1.29;-1.76;97.05;0.96;-2.26;90.00;0.00;0.50;426;0;1;0;0.45;0.02;0.01;0.00;-0.00;-0.00;-0.00;0.05;0.96;-1.87;90.00;0.00;0.50;0.012
819.875;688;1.29;-1.76;97.44;0.96;-2.26;90.00;0.00;0.50;426;0;1;0;0.43;0.03;0.02;0.00;-0.00;-0.00;-0.00;0.05;0.96;-1.87;90.00;0.00;0.50;0.024
819.975;698;1.29;-1.75;97.72;0.96;-2.26;90.00;0.00;0.50;426;0;1;0;0.41;0.04;0.03;0.00;-0.00;-0.00;-0.00;0.05;0.96;-1.87;90.00;0.00;0.50;0.018
820.075;708;1.29;-1.75;97.99;0.96;-2.26;90.00;0.00;0.50;426;0;1;0;0.40;0.05;0.04;0.00;-0.00;-0.00;-0.00;0.04;0.96;-1.87;90.00;0.00;0.50;0.021
820.175;717;1.29;-1.75;98.23;0.96;-2.26;90.00;0.00;0.50;426;0;1;0;0.38;0.05;0.05;0.00;-0.00;-0.00;-0.00;0.04;0.96;-1.87;90.00;0.00;0.50;0.025
820.265;727;1.29;-1.74;98.44;0.96;-2.26;90.00;0.00;0.50;426;0;1;0;0.38;0.06;0.05;-0.00;0.00;-0.00;0.00;0.04;0.96;-1.87;90.00;0.00;0.50;0.011
820.365;738;1.28;-1.73;98.71;0.96;-2.26;90.00;0.00;0.50;426;0;1;0;0.36;0.07;0.06;0.00;-0.00;-0.00;0.00;0.04;0.96;-1.87;90.00;0.00;0.50;0.014
820.475;746;1.28;-1.73;98.87;0.96;-2.26;90.00;0.00;0.50;426;0;1;0;0.35;0.07;0.07;0.00;-0.00;-0.00;0.00;0.03;0.96;-1.87;90.00;0.00;0.50;0.023
820.575;757;1.28;-1.72;99.06;0.96;-2.26;90.00;0.00;0.50;426;0;1;0;0.33;0.07;0.07;0.00;-0.00;-0.00;0.00;0.03;0.96;-1.87;90.00;0.00;0.50;0.027
820.665;765;1.28;-1.72;99.17;0.96;-2.26;90.00;0.00;0.50;426;0;1;0;0.33;0.08;0.07;0.00;-0.00;-0.00;0.00;0.02;0.96;-1.87;90.00;0.00;0.50;0.013
820.775;779;1.28;-1.71;99.35;0.96;-2.26;90.00;0.00;0.50;426;0;1;0;0.31;0.08;0.08;0.00;-0.00;-0.00;0.00;0.02;0.96;-1.87;90.00;0.00;0.50;0.026
820.885;788;1.28;-1.70;99.43;0.96;-2.26;90.00;0.00;0.50;426;0;1;0;0.31;0.08;0.08;0.00;-0.00;-0.00;0.00;0.01;0.96;-1.87;90.00;0.00;0.50;0.025
820.975;799;1.28;-1.69;99.50;0.96;-2.26;90.00;0.00;0.50;426;0;1;0;0.30;0.08;0.08;0.00;-0.00;-0.00;0.00;0.01;0.96;-1.87;90.00;0.00;0.50;0.019
821.075;807;1.28;-1.68;99.54;0.96;-2.26;90.00;0.00;0.50;426;0;1;0;0.30;0.08;0.08;0.00;-0.00;-0.00;0.00;0.01;0.96;-1.87;90.00;0.00;0.50;0.023
821.175;818;1.28;-1.67;99.57;0.96;-2.26;90.00;0.00;0.50;426;0;1;0;0.29;0.07;0.08;0.00;-0.00;-0.00;0.00;0.00;0.96;-1.87;90.00;0.00;0.50;0.027
821.285;826;1.27;-1.67;99.58;0.96;-2.26;90.00;0.00;0.50;426;0;1;0;0.29;0.07;0.08;0.00;-0.00;-0.00;0.00;0.00;0.96;-1.87;90.00;0.00;0.50;0.027
821.375;837;1.27;-1.66;99.59;0.96;-2.26;90.00;0.00;0.50;426;0;1;0;0.28;0.07;0.07;0.00;-0.00;-0.00;0.00;-0.00;0.96;-1.87;90.00;0.00;0.50;0.023
821.475;845;1.27;-1.66;99.57;0.96;-2.26;90.00;0.00;0.50;426;0;1;0;0.28;0.06;0.07;0.00;-0.00;-0.00;0.00;-0.00;0.96;-1.87;90.00;0.00;0.50;0.019
821.575;855;1.27;-1.65;99.55;0.96;-2.26;90.00;0.00;0.50;426;0;1;0;0.28;0.06;0.07;0.00;-0.00;-0.00;0.00;-0.01;0.96;-1.87;90.00;0.00;0.50;0.019
821.685;869;1.27;-1.64;99.49;0.96;-2.26;90.00;0.00;0.50;426;0;1;0;0.28;0.05;0.06;0.00;-0.00;-0.00;0.00;-0.01;0.96;-1.87;90.00;0.00;0.50;0.029
821.785;878;1.27;-1.63;99.45;0.96;-2.26;90.00;0.00;0.50;426;0;1;0;0.28;0.05;0.06;0.00;-0.00;-0.00;0.00;-0.01;0.96;-1.87;90.00;0.00;0.50;0.032
821.875;888;1.27;-1.63;99.38;0.96;-2.26;90.00;0.00;0.50;426;0;1;0;0.28;0.04;0.05;0.00;-0.00;-0.00;0.00;-0.01;0.96;-1.87;90.00;0.00;0.50;0.024
821.975;897;1.27;-1.63;99.32;0.96;-2.26;90.00;0.00;0.50;426;0;1;0;0.28;0.04;0.04;0.00;-0.00;-0.00;0.00;-0.01;0.96;-1.87;90.00;0.00;0.50;0.022
822.065;908;1.27;-1.62;99.22;0.96;-2.26;90.00;0.00;0.50;426;0;1;0;0.29;0.03;0.04;0.00;-0.00;-0.00;0.00;-0.01;0.96;-1.87;90.00;0.00;0.50;0.013
822.165;916;1.27;-1.62;99.14;0.96;-2.26;90.00;0.00;0.50;426;0;1;0;0.29;0.02;0.03;0.00;-0.00;0.00;0.00;-0.02;0.96;-1.87;90.00;0.00;0.50;0.012
822.285;927;1.27;-1.62;99.03;0.96;-2.26;90.00;0.00;0.50;426;0;1;0;0.29;0.02;0.02;-0.00;-0.00;0.00;0.00;-0.02;0.96;-1.87;90.00;0.00;0.50;0.024
822.375;935;1.26;-1.61;98.95;0.96;-2.26;90.00;0.00;0.50;426;0;1;0;0.30;0.01;0.02;0.00;-0.00;0.00;0.00;-0.02;0.96;-1.87;90.00;0.00;0.50;0.019
822.465;946;1.26;-1.61;98.84;0.96;-2.26;90.00;0.00;0.50;426;0;1;0;0.30;0.00;0.01;0.00;-0.00;0.00;0.00;-0.02;0.96;-1.87;90.00;0.00;0.50;0.013
822.575;959;1.26;-1.61;98.69;0.96;-2.26;90.00;0.00;0.50;426;0;1;0;0.31;-0.00;0.01;-0.00;-0.00;0.00;0.00;-0.02;0.96;-1.87;90.00;0.00;0.50;0.027
822.675;969;1.26;-1.61;98.58;0.96;-2.26;90.00;0.00;0.50;426;0;1;0;0.31;-0.01;-0.00;-0.00;-0.00;0.00;0.00;-0.02;0.96;-1.87;90.00;0.00;0.50;0.026
822.775;979;1.26;-1.61;98.47;0.96;-2.26;90.00;0.00;0.50;426;0;1;0;0.32;-0.01;-0.01;0.00;-0.00;0.00;0.00;-0.02;0.96;-1.87;90.00;0.00;0.50;0.023
822.885;988;1.26;-1.61;98.36;0.96;-2.26;90.00;0.00;0.50;426;0;1;0;0.32;-0.02;-0.01;0.00;-0.00;0.00;0.00;-0.02;0.96;-1.87;90.00;0.00;0.50;0.028
822.975;999;1.26;-1.61;98.24;0.96;-2.26;90.00;0.00;0.50;426;0;1;0;0.33;-0.02;-0.02;-0.00;-0.00;0.00;0.00;-0.02;0.96;-1.87;90.00;0.00;0.50;0.021
823.075;1007;1.27;-1.62;98.14;0.96;-2.26;90.00;0.00;0.50;426;0;1;0;0.34;-0.03;-0.02;-0.00;-0.00;0.00;0.00;-0.02;0.96;-1.87;90.00;0.00;0.50;0.021
823.165;1018;1.27;-1.62;98.01;0.96;-2.26;90.00;0.00;0.50;426;0;1;0;0.34;-0.03;-0.03;-0.00;-0.00;-0.00;0.00;-0.02;0.96;-1.87;90.00;0.00;0.50;0.014
823.275;1026;1.27;-1.62;97.92;0.96;-2.26;90.00;0.00;0.50;426;0;1;0;0.35;-0.03;-0.03;-0.00;0.00;-0.00;0.00;-0.02;0.96;-1.87;90.00;0.00;0.50;0.021
823.375;1037;1.27;-1.62;97.79;0.96;-2.26;90.00;0.00;0.50;426;0;1;0;0.36;-0.04;-0.03;0.00;0.00;-0.00;-0.00;-0.02;0.96;-1.87;90.00;0.00;0.50;0.020
823.465;1045;1.27;-1.63;97.71;0.96;-2.26;90.00;0.00;0.50;426;0;1;0;0.36;-0.04;-0.03;0.00;0.00;-0.00;-0.00;-0.02;0.96;-1.87;90.00;0.00;0.50;0.012
823.575;1059;1.27;-1.63;97.56;0.96;-2.26;90.00;0.00;0.50;426;0;1;0;0.37;-0.04;-0.04;-0.00;0.00;0.00;-0.00;-0.02;0.96;-1.87;90.00;0.00;0.50;0.026
823.675;1069;1.27;-1.64;97.45;0.96;-2.26;90.00;0.00;0.50;426;0;1;0;0.38;-0.04;-0.04;0.00;0.00;0.00;-0.00;-0.02;0.96;-1.87;90.00;0.00;0.50;0.020
823.785;1077;1.27;-1.64;97.36;0.96;-2.26;90.00;0.00;0.50;426;0;1;0;0.38;-0.04;-0.04;0.00;0.00;0.00;-0.00;-0.02;0.96;-1.87;90.00;0.00;0.50;0.028
823.865;1088;1.27;-1.64;97.26;0.96;-2.26;90.00;0.00;0.50;426;0;1;0;0.39;-0.04;-0.04;0.00;0.00;0.00;-0.00;-0.02;0.96;-1.87;90.00;0.00;0.50;0.013
823.965;1096;1.27;-1.65;97.19;0.96;-2.26;90.00;0.00;0.50;426;0;1;0;0.39;-0.04;-0.04;0.00;0.00;0.00;-0.00;-0.01;0.96;-1.87;90.00;0.00;0.50;0.014
824.065;1107;1.27;-1.65;97.10;0.96;-2.26;90.00;0.00;0.50;426;0;1;0;0.40;-0.04;-0.04;0.00;0.00;-0.00;-0.00;-0.01;0.96;-1.87;90.00;0.00;0.50;0.012
824.165;1115;1.27;-1.65;97.05;0.96;-2.26;90.00;0.00;0.50;426;0;1;0;0.40;-0.04;-0.04;0.00;0.00;-0.00;-0.00;-0.01;0.96;-1.87;90.00;0.00;0.50;0.014
824.265;1126;1.27;-1.66;97.00;0.96;-2.26;90.00;0.00;0.50;426;0;1;0;0.41;-0.04;-0.04;0.00;0.00;-0.00;-0.00;-0.01;0.96;-1.87;90.00;0.00;0.50;0.013
824.385;1140;1.27;-1.66;96.95;0.96;-2.26;90.00;0.00;0.50;426;0;1;0;0.41;-0.04;-0.04;0.00;-0.00;-0.00;-0.00;-0.01;0.96;-1.87;90.00;0.00;0.50;0.024
824.475;1145;1.27;-1.67;96.94;0.96;-2.26;90.00;0.00;0.50;426;0;1;0;0.41;-0.03;-0.04;-0.00;-0.00;-0.00;-0.00;-0.00;0.96;-1.87;90.00;0.00;0.50;0.023
824.565;1153;1.27;-1.67;96.93;0.96;-2.26;90.00;0.00;0.50;426;0;1;0;0.41;-0.03;-0.03;-0.00;-0.00;0.00;-0.00;0.00;0.96;-1.87;90.00;0.00;0.50;0.013
824.665;1168;1.27;-1.67;96.94;0.96;-2.26;90.00;0.00;0.50;426;0;1;0;0.41;-0.03;-0.03;0.00;-0.00;-0.00;-0.00;0.00;0.96;-1.87;90.00;0.00;0.50;0.015
824.765;1177;1.27;-1.68;96.97;0.96;-2.26;90.00;0.00;0.50;426;0;1;0;0.41;-0.03;-0.03;0.00;-0.00;-0.00;-0.00;0.00;0.96;-1.87;90.00;0.00;0.50;0.017
824.875;1186;1.27;-1.68;97.00;0.96;-2.26;90.00;0.00;0.50;426;0;1;0;0.41;-0.02;-0.03;0.00;-0.00;-0.00;-0.00;0.01;0.96;-1.87;90.00;0.00;0.50;0.023
824.965;1197;1.27;-1.68;97.06;0.96;-2.26;90.00;0.00;0.50;426;0;1;0;0.41;-0.02;-0.02;0.00;-0.00;-0.00;-0.00;0.01;0.96;-1.87;90.00;0.00;0.50;0.015
825.065;1205;1.27;-1.68;97.11;0.96;-2.26;90.00;0.00;0.50;426;0;1;0;0.41;-0.02;-0.02;0.00;-0.00;-0.00;-0.00;0.01;0.96;-1.87;90.00;0.00;0.50;0.012
825.165;1216;1.27;-1.68;97.20;0.96;-2.26;90.00;0.00;0.50;426;0;1;0;0.40;-0.01;-0.02;0.00;-0.00;-0.00;-0.00;0.01;0.96;-1.87;90.00;0.00;0.50;0.013
825.265;1224;1.27;-1.68;97.26;0.96;-2.26;90.00;0.00;0.50;426;0;1;0;0.40;-0.01;-0.01;0.00;-0.00;-0.00;-0.00;0.02;0.96;-1.87;90.00;0.00;0.50;0.018
825.385;1239;1.27;-1.69;97.39;0.96;-2.26;90.00;0.00;0.50;426;0;1;0;0.39;-0.01;-0.01;0.00;-0.00;-0.00;-0.00;0.01;0.96;-1.87;90.00;0.00;0.50;0.026
825.465;1247;1.27;-1.69;97.47;0.96;-2.26;90.00;0.00;0.50;426;0;1;0;0.39;-0.00;-0.01;0.00;-0.00;-0.00;-0.00;0.02;0.96;-1.87;90.00;0.00;0.50;0.016
825.565;1257;1.27;-1.69;97.57;0.96;-2.26;90.00;0.00;0.50;426;0;1;0;0.39;-0.00;0.00;-0.00;0.00;0.02;-0.01;0.02;0.96;-1.87;90.00;0.00;0.50;0.016
825.675;1267;1.27;-1.69;97.72;0.96;-2.26;90.00;0.00;0.50;426;0;1;0;0.38;0.00;-0.00;-0.00;-0.00;0.02;0.03;0.02;0.96;-1.87;90.00;0.00;0.50;0.025
825.775;1276;1.27;-1.69;97.79;0.96;-2.26;90.00;0.00;0.50;426;0;1;0;0.38;0.01;0.00;-0.00;0.00;-0.04;0.00;0.02;0.96;-1.87;90.00;0.00;0.50;0.019
825.865;1286;1.27;-1.69;97.91;0.96;-2.26;90.00;0.00;0.50;426;0;1;0;0.37;0.01;0.00;0.00;-0.00;0.03;-0.02;0.02;0.96;-1.87;90.00;0.00;0.50;0.013
825.965;1297;1.27;-1.69;97.95;0.96;-2.26;90.00;0.00;0.50;426;0;1;0;0.37;0.01;0.01;0.00;0.00;-0.00;-0.00;0.01;0.96;-1.87;90.00;0.00;0.50;0.011
826.075;1305;1.27;-1.69;98.02;0.96;-2.26;90.00;0.00;0.50;426;0;1;0;0.37;0.01;0.01;0.00;0.00;-0.00;0.00;0.01;0.96;-1.87;90.00;0.00;0.50;0.023
826.175;1316;1.27;-1.68;98.10;0.96;-2.26;90.00;0.00;0.50;426;0;1;0;0.36;0.01;0.01;-0.00;-0.00;-0.00;-0.00;0.01;0.96;-1.87;90.00;0.00;0.50;0.020
826.285;1329;1.27;-1.68;98.16;0.96;-2.26;90.00;0.00;0.50;426;0;1;0;0.36;0.02;0.01;0.00;-0.00;-0.05;0.02;-0.00;0.96;-1.87;90.00;0.00;0.50;0.028
826.375;1335;1.27;-1.68;98.17;0.96;-2.26;90.00;0.00;0.50;426;0;1;0;0.36;0.02;0.02;0.00;0.00;0.00;-0.00;0.01;0.96;-1.87;90.00;0.00;0.50;0.019
826.465;1348;1.27;-1.68;98.21;0.96;-2.26;90.00;0.00;0.50;426;0;1;0;0.35;0.02;0.02;0.00;0.00;0.01;-0.00;0.01;0.96;-1.87;90.00;0.00;0.50;0.019
826.585;1358;1.27;-1.68;98.22;0.96;-2.26;90.00;0.00;0.50;426;0;1;0;0.35;0.02;0.02;-0.00;0.00;0.03;-0.01;0.00;0.96;-1.87;90.00;0.00;0.50;0.029
826.685;1367;1.27;-1.67;98.24;0.96;-2.26;90.00;0.00;0.50;426;0;1;0;0.35;0.02;0.02;0.00;-0.00;-0.04;0.01;-0.00;0.96;-1.87;90.00;0.00;0.50;0.033
826.775;1377;1.27;-1.67;98.26;0.96;-2.26;90.00;0.00;0.50;426;0;1;0;0.35;0.02;0.02;0.00;-0.00;-0.04;0.01;0.00;0.96;-1.87;90.00;0.00;0.50;0.019
826.875;1385;1.27;-1.67;98.27;0.96;-2.26;90.00;0.00;0.50;426;0;1;0;0.35;0.02;0.02;0.00;-0.00;-0.04;0.01;0.00;0.96;-1.87;90.00;0.00;0.50;0.026
826.975;1396;1.27;-1.67;98.30;0.96;-2.26;90.00;0.00;0.50;426;0;1;0;0.35;0.02;0.02;-0.00;0.00;0.03;-0.01;0.00;0.96;-1.87;90.00;0.00;0.50;0.025
827.085;1409;1.27;-1.67;98.32;0.96;-2.26;90.00;0.00;0.50;426;0;1;0;0.34;0.02;0.02;0.00;-0.00;-0.04;0.01;-0.00;0.96;-1.87;90.00;0.00;0.50;0.024
827.175;1419;1.27;-1.66;98.33;0.96;-2.26;90.00;0.00;0.50;426;0;1;0;0.34;0.02;0.02;0.00;-0.00;-0.04;0.01;-0.00;0.96;-1.87;90.00;0.00;0.50;0.022
827.275;1427;1.27;-1.66;98.33;0.96;-2.26;90.00;0.00;0.50;426;0;1;0;0.34;0.02;0.02;0.00;-0.00;-0.04;0.01;-0.00;0.96;-1.87;90.00;0.00;0.50;0.017
827.365;1437;1.27;-1.66;98.33;0.96;-2.26;90.00;0.00;0.50;426;0;1;0;0.34;0.02;0.02;0.00;-0.00;-0.04;0.01;-0.00;0.96;-1.87;90.00;0.00;0.50;0.011
827.465;1447;1.27;-1.66;98.33;0.96;-2.26;90.00;0.00;0.50;426;0;1;0;0.34;0.02;0.02;0.00;-0.00;-0.04;0.01;-0.00;0.96;-1.87;90.00;0.00;0.50;0.012
827.575;1455;1.27;-1.66;98.32;0.96;-2.26;90.00;0.00;0.50;426;0;1;0;0.34;0.02;0.02;0.00;-0.00;-0.04;0.01;-0.01;0.96;-1.87;90.00;0.00;0.50;0.025
827.685;1466;1.27;-1.66;98.30;0.96;-2.26;90.00;0.00;0.50;426;0;1;0;0.34;0.01;0.02;-0.00;0.00;0.03;-0.01;-0.00;0.96;-1.87;90.00;0.00;0.50;0.023
827.785;1479;1.27;-1.65;98.28;0.96;-2.26;90.00;0.00;0.50;426;0;1;0;0.34;0.01;0.01;0.00;-0.00;-0.04;0.01;-0.01;0.96;-1.87;90.00;0.00;0.50;0.030
827.885;1489;1.27;-1.65;98.26;0.96;-2.26;90.00;0.00;0.50;426;0;1;0;0.34;0.01;0.01;-0.01;0.01;0.03;-0.02;0.00;0.96;-1.87;90.00;0.00;0.50;0.026
827.975;1498;1.27;-1.65;98.29;0.96;-2.26;90.00;0.00;0.50;426;0;1;0;0.34;0.01;0.01;0.00;0.00;0.00;-0.00;0.01;0.96;-1.87;90.00;0.00;0.50;0.027
828.075;1508;1.27;-1.65;98.32;0.96;-2.26;90.00;0.00;0.50;426;0;1;0;0.34;0.01;0.01;0.00;0.00;0.00;0.00;0.00;0.96;-1.87;90.00;0.00;0.50;0.019
828.175;1517;1.27;-1.65;98.33;0.96;-2.26;90.00;0.00;0.50;426;0;1;0;0.34;0.01;0.01;-0.00;-0.00;0.00;-0.00;0.00;0.96;-1.87;90.00;0.00;0.50;0.020
828.275;1528;1.27;-1.65;98.33;0.96;-2.26;90.00;0.00;0.50;426;0;1;0;0.34;0.00;0.01;-0.00;-0.00;0.00;0.00;-0.00;0.96;-1.87;90.00;0.00;0.50;0.022
828.375;1536;1.27;-1.65;98.32;0.96;-2.26;90.00;0.00;0.50;426;0;1;0;0.34;0.00;0.00;0.00;-0.00;0.00;0.00;-0.00;0.96;-1.87;90.00;0.00;0.50;0.023
828.485;1547;1.27;-1.65;98.30;0.96;-2.26;90.00;0.00;0.50;426;0;1;0;0.34;-0.00;0.00;-0.00;-0.00;0.00;0.00;-0.00;0.96;-1.87;90.00;0.00;0.50;0.028
828.575;1555;1.27;-1.65;98.27;0.96;-2.26;90.00;0.00;0.50;426;0;1;0;0.34;-0.00;0.00;0.00;-0.00;0.00;-0.00;-0.01;0.96;-1.87;90.00;0.00;0.50;0.014
828.665;1564;1.27;-1.65;98.24;0.96;-2.26;90.00;0.00;0.50;426;0;1;0;0.34;-0.00;-0.00;0.00;-0.00;0.00;-0.00;-0.01;0.96;-1.87;90.00;0.00;0.50;0.012
828.775;1578;1.27;-1.65;98.19;0.96;-2.26;90.00;0.00;0.50;426;0;1;0;0.34;-0.00;-0.00;-0.00;-0.00;0.00;-0.00;-0.01;0.96;-1.87;90.00;0.00;0.50;0.013
828.865;1588;1.27;-1.65;98.15;0.96;-2.26;90.00;0.00;0.50;426;0;1;0;0.35;-0.01;-0.00;-0.00;-0.00;0.00;-0.00;-0.01;0.96;-1.87;90.00;0.00;0.50;0.016
828.975;1598;1.27;-1.65;98.11;0.96;-2.26;90.00;0.00;0.50;426;0;1;0;0.35;-0.01;-0.01;-0.00;-0.00;0.00;-0.00;-0.01;0.96;-1.87;90.00;0.00;0.50;0.021
829.085;1606;1.27;-1.65;98.08;0.96;-2.26;90.00;0.00;0.50;426;0;1;0;0.35;-0.01;-0.01;0.00;-0.00;0.00;-0.00;-0.01;0.96;-1.87;90.00;0.00;0.50;0.028
829.175;1616;1.27;-1.65;98.04;0.96;-2.26;90.00;0.00;0.50;426;0;1;0;0.35;-0.01;-0.01;0.00;-0.00;0.00;-0.00;-0.01;0.96;-1.87;90.00;0.00;0.50;0.019
829.265;1626;1.27;-1.65;98.00;0.96;-2.26;90.00;0.00;0.50;426;0;1;0;0.35;-0.01;-0.01;0.00;-0.00;0.00;-0.00;-0.01;0.96;-1.87;90.00;0.00;0.50;0.013
829.375;1635;1.27;-1.65;97.97;0.96;-2.26;90.00;0.00;0.50;426;0;1;0;0.36;-0.01;-0.01;0.00;-0.00;0.00;-0.00;-0.01;0.96;-1.87;90.00;0.00;0.50;0.015
829.465;1646;1.27;-1.65;97.97;0.96;-2.26;90.00;0.00;0.50;426;0;1;0;0.36;-0.01;-0.01;0.00;-0.00;0.00;-0.00;0.00;0.96;-1.87;90.00;0.00;0.50;0.012
829.575;1658;1.27;-1.65;97.99;0.96;-2.26;90.00;0.00;0.50;426;0;1;0;0.36;-0.01;-0.01;-0.00;-0.00;-0.03;-0.03;0.01;0.96;-1.87;90.00;0.00;0.50;0.025
829.685;1669;1.27;-1.65;97.99;0.96;-2.26;90.00;0.00;0.50;426;0;1;0;0.36;-0.01;-0.01;0.00;-0.00;0.04;0.03;0.01;0.96;-1.87;90.00;0.00;0.50;0.029
829.775;1678;1.27;-1.66;97.99;0.96;-2.26;90.00;0.00;0.50;426;0;1;0;0.36;-0.01;-0.01;-0.00;0.00;-0.02;-0.02;0.00;0.96;-1.87;90.00;0.00;0.50;0.017
829.875;1688;1.27;-1.66;97.99;0.96;-2.26;90.00;0.00;0.50;426;0;1;0;0.36;-0.01;-0.01;-0.00;0.00;-0.02;-0.02;0.00;0.96;-1.87;90.00;0.00;0.50;0.023
829.975;1696;1.27;-1.66;97.99;0.96;-2.26;90.00;0.00;0.50;426;0;1;0;0.36;-0.01;-0.01;-0.00;-0.00;-0.04;-0.03;0.00;0.96;-1.87;90.00;0.00;0.50;0.024
830.085;1707;1.27;-1.66;97.98;0.96;-2.26;90.00;0.00;0.50;426;0;1;0;0.36;-0.01;-0.01;0.00;0.00;0.01;0.02;-0.01;0.96;-1.87;90.00;0.00;0.50;0.027
830.175;1716;1.27;-1.66;97.99;0.96;-2.26;90.00;0.00;0.50;426;0;1;0;0.36;-0.01;-0.01;-0.00;-0.00;-0.04;-0.03;0.00;0.96;-1.87;90.00;0.00;0.50;0.025
830.265;1726;1.27;-1.66;97.99;0.96;-2.26;90.00;0.00;0.50;426;0;1;0;0.36;-0.01;-0.01;-0.00;-0.00;-0.04;-0.03;0.01;0.96;-1.87;90.00;0.00;0.50;0.018
830.385;1740;1.27;-1.66;97.99;0.96;-2.26;90.00;0.00;0.50;426;0;1;0;0.36;-0.01;-0.01;-0.00;0.00;-0.00;-0.00;-0.00;0.96;-1.87;90.00;0.00;0.50;0.021
830.475;1745;1.27;-1.66;97.99;0.96;-2.26;90.00;0.00;0.50;426;0;1;0;0.36;-0.01;-0.01;-0.00;0.00;-0.00;-0.00;-0.00;0.96;-1.87;90.00;0.00;0.50;0.023
830.575;1756;1.27;-1.66;98.00;0.96;-2.26;90.00;0.00;0.50;426;0;1;0;0.36;-0.01;-0.01;-0.00;-0.00;-0.04;-0.03;0.01;0.96;-1.87;90.00;0.00;0.50;0.021
830.665;1764;1.27;-1.66;98.01;0.96;-2.26;90.00;0.00;0.50;426;0;1;0;0.36;-0.01;-0.01;0.00;-0.00;0.04;0.03;0.01;0.96;-1.87;90.00;0.00;0.50;0.013
830.765;1774;1.27;-1.67;98.01;0.96;-2.26;90.00;0.00;0.50;426;0;1;0;0.36;-0.01;-0.02;-0.00;0.01;-0.03;-0.00;-0.01;0.96;-1.87;90.00;0.00;0.50;0.013
830.865;1788;1.27;-1.67;97.99;0.96;-2.26;90.00;0.00;0.50;426;0;1;0;0.36;-0.01;-0.01;0.00;-0.00;0.02;0.02;0.00;0.96;-1.87;90.00;0.00;0.50;0.016
830.975;1797;1.27;-1.67;97.99;0.96;-2.26;90.00;0.00;0.50;426;0;1;0;0.36;-0.01;0.00;0.00;-0.03;0.22;0.03;-0.00;0.96;-1.87;90.00;0.00;0.50;0.023
831.065;1807;1.27;-1.67;97.98;0.96;-2.26;90.00;0.00;0.50;426;0;1;0;0.36;-0.00;-0.01;0.00;-0.00;0.02;-0.01;-0.01;0.96;-1.87;90.00;0.00;0.50;0.016
831.175;1816;1.27;-1.67;97.98;0.96;-2.26;90.00;0.00;0.50;426;0;1;0;0.36;-0.00;-0.01;-0.00;0.01;-0.04;-0.00;0.00;0.96;-1.87;90.00;0.00;0.50;0.023
831.275;1826;1.27;-1.67;97.97;0.96;-2.26;90.00;0.00;0.50;426;0;1;0;0.36;-0.00;0.01;0.00;-0.03;0.22;0.04;0.00;0.96;-1.87;90.00;0.00;0.50;0.025
831.365;1834;1.27;-1.67;97.97;0.96;-2.26;90.00;0.00;0.50;426;0;1;0;0.36;-0.00;0.01;0.00;-0.03;0.24;0.03;-0.00;0.96;-1.87;90.00;0.00;0.50;0.012
831.465;1845;1.27;-1.67;97.96;0.96;-2.26;90.00;0.00;0.50;426;0;1;0;0.36;-0.00;-0.00;0.00;0.00;-0.01;-0.00;-0.00;0.96;-1.87;90.00;0.00;0.50;0.012
831.565;1858;1.27;-1.67;97.97;0.96;-2.26;90.00;0.00;0.50;426;0;1;0;0.36;0.00;0.01;0.00;-0.03;0.22;0.04;0.00;0.96;-1.87;90.00;0.00;0.50;0.016
831.675;1868;1.27;-1.67;97.97;0.96;-2.26;90.00;0.00;0.50;426;0;1;0;0.36;0.00;0.00;-0.01;0.01;-0.01;-0.01;-0.00;0.96;-1.87;90.00;0.00;0.50;0.022
831.775;1877;1.27;-1.67;97.99;0.96;-2.26;90.00;0.00;0.50;426;0;1;0;0.36;0.00;0.00;0.00;0.00;-0.00;-0.00;0.00;0.96;-1.87;90.00;0.00;0.50;0.020
831.875;1887;1.27;-1.67;98.01;0.96;-2.26;90.00;0.00;0.50;426;0;1;0;0.36;0.00;0.00;0.00;-0.00;-0.04;-0.03;0.01;0.96;-1.87;90.00;0.00;0.50;0.014
831.965;1896;1.27;-1.67;98.02;0.96;-2.26;90.00;0.00;0.50;426;0;1;0;0.36;0.00;0.00;-0.01;0.01;-0.01;0.01;0.01;0.96;-1.87;90.00;0.00;0.50;0.013
832.065;1906;1.27;-1.67;98.09;0.96;-2.26;90.00;0.00;0.50;426;0;1;0;0.36;0.00;0.00;-0.01;-0.00;-0.05;0.03;0.01;0.96;-1.87;90.00;0.00;0.50;0.012
832.165;1915;1.27;-1.67;98.16;0.96;-2.26;90.00;0.00;0.50;426;0;1;0;0.36;0.00;0.01;-0.01;-0.00;-0.05;0.03;0.01;0.96;-1.87;90.00;0.00;0.50;0.012
832.265;1925;1.28;-1.67;98.24;0.96;-2.26;90.00;0.00;0.50;426;0;1;0;0.36;0.01;0.01;-0.03;-0.06;0.14;-0.25;0.01;0.96;-1.87;90.00;0.00;0.50;0.013
832.375;1936;1.28;-1.66;98.34;0.96;-2.26;90.00;0.00;0.50;426;0;1;0;0.35;0.01;0.01;-0.01;-0.00;-0.05;0.03;0.01;0.96;-1.87;90.00;0.00;0.50;0.014
832.485;1949;1.28;-1.66;98.44;0.96;-2.26;90.00;0.00;0.50;426;0;1;0;0.35;0.01;0.02;-0.03;-0.06;0.14;-0.25;0.01;0.96;-1.87;90.00;0.00;0.50;0.031
832.565;1955;1.28;-1.66;98.50;0.96;-2.26;90.00;0.00;0.50;426;0;1;0;0.35;0.01;0.02;-0.03;-0.06;0.14;-0.25;0.01;0.96;-1.87;90.00;0.00;0.50;0.013
832.665;1967;1.28;-1.66;98.60;0.96;-2.26;90.00;0.00;0.50;426;0;1;0;0.35;0.00;0.02;-0.03;-0.06;0.14;-0.25;0.01;0.96;-1.87;90.00;0.00;0.50;0.014
832.775;1978;1.28;-1.66;98.69;0.96;-2.26;90.00;0.00;0.50;426;0;1;0;0.35;0.00;0.01;-0.01;-0.00;-0.05;0.03;0.01;0.96;-1.87;90.00;0.00;0.50;0.021
832.865;1987;1.28;-1.66;98.76;0.96;-2.26;90.00;0.00;0.50;426;0;1;0;0.34;0.00;0.01;-0.01;0.00;-0.01;0.01;0.01;0.96;-1.87;90.00;0.00;0.50;0.015
832.975;1997;1.28;-1.66;98.84;0.96;-2.26;90.00;0.00;0.50;426;0;1;0;0.34;0.00;0.00;0.00;-0.00;0.02;-0.01;-0.01;0.96;-1.87;90.00;0.00;0.50;0.023
833.065;2005;1.28;-1.66;98.88;0.96;-2.26;90.00;0.00;0.50;426;0;1;0;0.34;0.00;0.00;0.00;-0.00;0.01;-0.01;-0.00;0.96;-1.87;90.00;0.00;0.50;0.019
833.175;2015;1.28;-1.66;98.91;0.96;-2.26;90.00;0.00;0.50;426;0;1;0;0.34;0.00;0.00;-0.00;-0.00;0.01;-0.00;0.01;0.96;-1.87;90.00;0.00;0.50;0.023
833.275;2025;1.28;-1.66;98.93;0.96;-2.26;90.00;0.00;0.50;426;0;1;0;0.34;0.00;0.00;0.00;-0.00;0.01;-0.01;-0.00;0.96;-1.87;90.00;0.00;0.50;0.024
833.375;2039;1.28;-1.66;98.96;0.96;-2.26;90.00;0.00;0.50;426;0;1;0;0.34;0.00;-0.00;-0.00;-0.00;0.00;-0.01;0.01;0.96;-1.87;90.00;0.00;0.50;0.027
833.465;2045;1.28;-1.66;98.97;0.96;-2.26;90.00;0.00;0.50;426;0;1;0;0.33;0.00;-0.00;-0.00;-0.00;0.00;-0.01;0.01;0.96;-1.87;90.00;0.00;0.50;0.015
833.575;2058;1.28;-1.66;98.99;0.96;-2.26;90.00;0.00;0.50;426;0;1;0;0.33;0.00;-0.00;-0.00;0.00;-0.01;0.01;0.01;0.96;-1.87;90.00;0.00;0.50;0.016
833.675;2069;1.28;-1.66;98.99;0.96;-2.26;90.00;0.00;0.50;426;0;1;0;0.33;0.00;0.00;0.00;-0.00;0.02;-0.01;-0.01;0.96;-1.87;90.00;0.00;0.50;0.026
833.775;2077;1.28;-1.66;99.00;0.96;-2.26;90.00;0.00;0.50;426;0;1;0;0.33;-0.00;0.00;0.00;-0.00;0.02;-0.01;-0.01;0.96;-1.87;90.00;0.00;0.50;0.019
833.865;2086;1.28;-1.66;99.01;0.96;-2.26;90.00;0.00;0.50;426;0;1;0;0.33;-0.00;-0.00;0.00;0.00;-0.01;0.01;0.01;0.96;-1.87;90.00;0.00;0.50;0.014
833.965;2096;1.28;-1.66;99.01;0.96;-2.26;90.00;0.00;0.50;426;0;1;0;0.33;-0.00;-0.00;-0.00;0.00;-0.02;0.00;0.00;0.96;-1.87;90.00;0.00;0.50;0.011
834.065;2106;1.28;-1.66;99.01;0.96;-2.26;90.00;0.00;0.50;426;0;1;0;0.33;-0.00;-0.00;0.00;0.00;-0.01;0.01;0.01;0.96;-1.87;90.00;0.00;0.50;0.012
834.175;2117;1.28;-1.66;99.01;0.96;-2.26;90.00;0.00;0.50;426;0;1;0;0.33;-0.00;-0.00;0.00;-0.00;0.02;-0.01;-0.01;0.96;-1.87;90.00;0.00;0.50;0.025
834.285;2129;1.28;-1.66;99.01;0.96;-2.26;90.00;0.00;0.50;426;0;1;0;0.33;-0.00;-0.00;0.00;-0.00;0.02;-0.01;-0.01;0.96;-1.87;90.00;0.00;0.50;0.027
834.385;2140;1.28;-1.66;99.03;0.96;-2.26;90.00;0.00;0.50;426;0;1;0;0.33;-0.00;-0.00;-0.00;-0.00;0.00;0.01;0.01;0.96;-1.87;90.00;0.00;0.50;0.028
834.485;2149;1.28;-1.66;99.02;0.96;-2.26;90.00;0.00;0.50;426;0;1;0;0.33;-0.00;-0.00;0.00;-0.00;0.02;-0.01;-0.01;0.96;-1.87;90.00;0.00;0.50;0.030
834.585;2159;1.28;-1.66;99.03;0.96;-2.26;90.00;0.00;0.50;426;0;1;0;0.33;-0.00;-0.00;-0.00;-0.00;0.00;-0.01;0.00;0.96;-1.87;90.00;0.00;0.50;0.026
834.665;2168;1.28;-1.66;99.05;0.96;-2.26;90.00;0.00;0.50;426;0;1;0;0.33;-0.00;-0.00;-0.00;-0.00;0.00;0.01;0.01;0.96;-1.87;90.00;0.00;0.50;0.016
834.775;2178;1.28;-1.66;99.06;0.96;-2.26;90.00;0.00;0.50;426;0;1;0;0.33;-0.00;-0.00;-0.00;0.00;-0.02;-0.00;-0.00;0.96;-1.87;90.00;0.00;0.50;0.019
834.875;2188;1.28;-1.66;99.06;0.96;-2.26;90.00;0.00;0.50;426;0;1;0;0.33;-0.00;-0.00;0.00;0.00;-0.01;0.01;0.01;0.96;-1.87;90.00;0.00;0.50;0.017
834.965;2197;1.28;-1.66;99.07;0.96;-2.26;90.00;0.00;0.50;426;0;1;0;0.33;-0.00;-0.00;0.00;-0.00;0.01;-0.01;-0.01;0.96;-1.87;90.00;0.00;0.50;0.016
835.075;2207;1.28;-1.66;99.08;0.96;-2.26;90.00;0.00;0.50;426;0;1;0;0.33;-0.00;-0.00;-0.00;-0.00;0.00;-0.01;0.00;0.96;-1.87;90.00;0.00;0.50;0.025
835.175;2216;1.28;-1.66;99.10;0.96;-2.26;90.00;0.00;0.50;426;0;1;0;0.33;-0.00;-0.00;-0.00;-0.00;0.00;0.01;0.01;0.96;-1.87;90.00;0.00;0.50;0.023
835.265;2225;1.28;-1.66;99.11;0.96;-2.26;90.00;0.00;0.50;426;0;1;0;0.33;-0.00;-0.00;-0.00;0.00;-0.00;-0.01;0.01;0.96;-1.87;90.00;0.00;0.50;0.019
835.365;2236;1.28;-1.66;99.12;0.96;-2.26;90.00;0.00;0.50;426;0;1;0;0.33;-0.00;-0.00;0.00;0.00;-0.01;0.01;0.01;0.96;-1.87;90.00;0.00;0.50;0.014
835.455;2244;1.28;-1.66;99.15;0.96;-2.26;90.00;0.00;0.50;426;0;1;0;0.33;-0.00;0.00;0.00;-0.00;0.01;0.01;-0.00;0.96;-1.87;90.00;0.00;0.50;0.012
835.575;2258;1.28;-1.66;99.18;0.96;-2.26;90.00;0.00;0.50;426;0;1;0;0.33;-0.00;-0.00;-0.00;-0.00;0.00;0.01;0.01;0.96;-1.87;90.00;0.00;0.50;0.022
835.675;2269;1.28;-1.66;99.19;0.96;-2.26;90.00;0.00;0.50;426;0;1;0;0.33;-0.00;0.00;-0.00;0.01;-0.01;0.01;0.00;0.96;-1.87;90.00;0.00;0.50;0.020
835.765;2277;1.28;-1.66;99.21;0.96;-2.26;90.00;0.00;0.50;426;0;1;0;0.33;-0.00;0.01;-0.02;-0.06;0.14;-0.25;-0.00;0.96;-1.87;90.00;0.00;0.50;0.019
835.875;2288;1.28;-1.66;99.26;0.96;-2.26;90.00;0.00;0.50;426;0;1;0;0.33;-0.00;-0.00;-0.01;0.00;-0.05;0.03;0.00;0.96;-1.87;90.00;0.00;0.50;0.025
835.975;2297;1.29;-1.66;99.29;0.96;-2.26;90.00;0.00;0.50;426;0;1;0;0.33;-0.00;-0.00;-0.00;-0.00;0.01;-0.01;0.01;0.96;-1.87;90.00;0.00;0.50;0.025
836.075;2307;1.29;-1.66;99.32;0.96;-2.26;90.00;0.00;0.50;426;0;1;0;0.33;-0.00;0.00;0.00;-0.00;0.02;-0.01;-0.01;0.96;-1.87;90.00;0.00;0.50;0.017
836.185;2315;1.29;-1.66;99.33;0.96;-2.26;90.00;0.00;0.50;426;0;1;0;0.33;-0.00;-0.00;0.00;-0.00;0.01;-0.01;-0.01;0.96;-1.87;90.00;0.00;0.50;0.024
836.285;2326;1.29;-1.66;99.37;0.96;-2.26;90.00;0.00;0.50;426;0;1;0;0.33;0.00;-0.00;-0.00;-0.00;0.00;0.01;0.01;0.96;-1.87;90.00;0.00;0.50;0.025
836.385;2340;1.29;-1.66;99.38;0.96;-2.26;90.00;0.00;0.50;426;0;1;0;0.33;0.00;-0.00;0.00;0.00;-0.01;0.01;0.01;0.96;-1.87;90.00;0.00;0.50;0.028
836.465;2345;1.29;-1.66;99.39;0.96;-2.26;90.00;0.00;0.50;426;0;1;0;0.32;0.00;-0.00;-0.00;-0.00;0.01;-0.00;0.01;0.96;-1.87;90.00;0.00;0.50;0.011
836.585;2358;1.29;-1.66;99.40;0.96;-2.26;90.00;0.00;0.50;426;0;1;0;0.32;0.00;-0.00;-0.00;0.00;-0.02;0.00;0.00;0.96;-1.87;90.00;0.00;0.50;0.024
836.675;2368;1.29;-1.66;99.41;0.96;-2.26;90.00;0.00;0.50;426;0;1;0;0.32;0.00;-0.00;0.00;0.00;-0.01;0.01;0.01;0.96;-1.87;90.00;0.00;0.50;0.019
836.765;2377;1.29;-1.66;99.42;0.96;-2.26;90.00;0.00;0.50;426;0;1;0;0.32;0.00;-0.00;-0.00;-0.00;0.01;-0.00;0.01;0.96;-1.87;90.00;0.00;0.50;0.011
