t;frame;x;y;z;x_ref;y_ref;z_ref;delta_ref;u_ref;state;ellipse;control;action;delta;u;vx;vy;vz;wx;wy;wz;xr;yr;zr;delr;ur;obs1x;obs1y;obs2x;obs2y
223.635;14;1.10;-0.30;0.14;0.85;-0.35;-0.00;0.00;-0.50;403;1;1;2;-0.11;-0.04;-0.00;-0.00;0.00;0.00;0.02;0.00;0.95;-0.35;0.00;0.00;-0.50;0.054;1.05;2.13;-1000.00;-1000.00
223.695;16;1.10;-0.30;0.16;0.85;-0.35;-0.00;0.00;-0.50;403;1;1;2;-0.11;-0.08;-0.02;-0.00;0.00;0.01;0.03;0.04;0.95;-0.35;0.00;0.00;-0.50;0.014;1.05;2.13;-1000.00;-1000.00
223.805;31;1.09;-0.30;0.37;0.85;-0.35;-0.00;0.00;-0.50;403;1;1;2;-0.10;-0.12;-0.08;-0.00;0.00;-0.01;-0.03;0.02;0.95;-0.35;0.00;0.00;-0.50;0.033;1.05;2.13;-1000.00;-1000.00
223.895;39;1.08;-0.30;0.52;0.85;-0.35;-0.00;0.00;-0.50;403;1;1;2;-0.10;-0.15;-0.11;0.00;0.01;0.01;0.00;0.04;0.95;-0.35;0.00;0.00;-0.50;0.018;1.05;2.13;-1000.00;-1000.00
223.995;50;1.07;-0.30;0.69;0.85;-0.35;-0.00;0.00;-0.50;403;1;1;2;-0.09;-0.18;-0.15;-0.00;-0.00;0.02;0.04;0.02;0.95;-0.35;0.00;0.00;-0.50;0.026;1.05;2.13;-1000.00;-1000.00
224.105;58;1.05;-0.30;0.80;0.85;-0.35;-0.00;0.00;-0.50;403;1;1;2;-0.08;-0.21;-0.18;0.00;-0.00;0.02;0.04;0.03;0.95;-0.35;0.00;0.00;-0.50;0.028;1.05;2.13;-1000.00;-1000.00
224.195;68;1.03;-0.30;0.94;0.85;-0.35;-0.00;0.00;-0.50;403;1;1;2;-0.07;-0.23;-0.20;-0.00;-0.00;-0.03;-0.06;0.02;0.95;-0.35;0.00;0.00;-0.50;0.020;1.05;2.13;-1000.00;-1000.00
224.285;78;1.01;-0.30;1.12;0.85;-0.35;-0.00;0.00;-0.50;403;1;1;2;-0.06;-0.25;-0.23;0.00;0.00;0.00;-0.00;0.03;0.95;-0.35;0.00;0.00;-0.50;0.014;1.05;2.13;-1000.00;-1000.00
224.395;87;0.99;-0.30;1.24;0.76;-0.35;-0.00;0.00;-0.50;403;2;1;2;-0.06;-0.27;-0.25;0.00;0.00;0.00;-0.00;0.02;0.95;-0.35;0.00;0.00;-0.50;0.015;1.05;2.13;-1000.00;-1000.00
224.485;97;0.96;-0.30;1.32;0.76;-0.35;-0.00;0.00;-0.50;403;2;1;2;-0.05;-0.28;-0.27;-0.00;0.00;0.00;-0.00;0.01;0.95;-0.35;0.00;0.00;-0.50;0.010;1.05;2.13;-1000.00;-1000.00
224.595;106;0.94;-0.30;1.36;0.76;-0.35;-0.00;0.00;-0.50;403;2;1;2;-0.05;-0.29;-0.28;-0.00;-0.00;0.00;-0.00;0.01;0.94;-0.35;-0.00;0.00;-0.50;0.016;1.05;2.13;-1000.00;-1000.00
224.735;120;0.90;-0.30;1.40;0.65;-0.35;0.00;-0.00;0.37;217;0;1;7;-0.04;-0.30;-0.29;0.00;-0.00;0.00;-0.00;0.00;0.91;-0.35;-0.00;0.00;-0.50;0.041;1.05;2.13;-1000.00;-1000.00
224.815;131;0.87;-0.31;1.41;1.03;-0.30;24.90;0.79;0.50;217;1;1;7;-0.04;-0.30;-0.30;0.00;-0.00;0.00;-0.00;0.00;0.89;-0.34;8.71;0.51;0.45;0.036;1.05;2.13;-1000.00;-1000.00
224.885;135;0.86;-0.31;1.32;1.03;-0.30;24.90;0.79;0.50;217;1;1;7;-0.04;-0.30;-0.16;0.01;-0.00;-0.00;-0.04;-0.10;0.86;-0.34;6.37;0.44;0.44;0.011;1.05;2.13;-1000.00;-1000.00
225.005;150;0.85;-0.31;0.90;1.03;-0.30;24.90;0.79;0.50;217;1;1;7;-0.04;-0.30;0.00;0.00;-0.00;-0.00;-0.00;-0.01;0.86;-0.34;6.37;0.44;0.44;0.024;1.05;2.13;-1000.00;-1000.00
225.085;158;0.85;-0.31;0.83;1.03;-0.30;24.90;0.79;0.50;217;1;1;7;-0.04;-0.30;-0.00;-0.00;0.00;0.01;0.01;-0.01;0.86;-0.34;6.37;0.44;0.44;0.015;1.05;2.13;-1000.00;-1000.00
225.195;169;0.85;-0.31;0.76;1.03;-0.30;24.90;0.79;0.50;217;1;1;7;-0.04;-0.30;0.00;-0.00;0.00;0.00;0.01;-0.01;0.86;-0.34;6.37;0.44;0.44;0.019;1.05;2.13;-1000.00;-1000.00
225.295;177;0.85;-0.31;0.74;1.03;-0.30;24.90;0.79;0.50;217;1;1;7;-0.04;-0.30;0.00;-0.00;0.00;-0.00;0.00;-0.00;0.86;-0.34;6.37;0.44;0.44;0.025;1.05;2.13;-1000.00;-1000.00
225.395;186;0.86;-0.31;0.71;1.03;-0.30;24.90;0.79;0.50;217;1;1;7;-0.04;-0.30;0.00;0.00;-0.00;0.00;0.00;-0.00;0.86;-0.34;6.37;0.44;0.44;0.017;1.05;2.13;-1000.00;-1000.00
225.505;199;0.86;-0.31;0.69;1.03;-0.30;24.90;0.79;0.50;217;1;1;7;-0.04;-0.30;0.00;0.00;-0.00;-0.00;0.00;-0.00;0.86;-0.34;6.37;0.44;0.44;0.035;1.05;2.13;-1000.00;-1000.00
225.585;205;0.86;-0.31;0.68;1.03;-0.30;24.90;0.79;0.50;217;1;1;7;-0.04;-0.30;0.00;0.00;-0.00;-0.00;0.00;-0.00;0.86;-0.34;6.37;0.44;0.44;0.011;1.05;2.13;-1000.00;-1000.00
225.685;216;0.86;-0.31;0.67;1.03;-0.30;24.90;0.79;0.50;217;1;1;7;-0.04;-0.30;0.00;0.00;-0.00;-0.00;0.00;-0.00;0.86;-0.34;6.37;0.44;0.44;0.013;1.05;2.13;-1000.00;-1000.00
225.805;228;0.86;-0.31;0.67;1.03;-0.30;24.90;0.79;0.50;217;1;1;7;-0.04;-0.30;0.00;0.00;-0.00;-0.00;0.00;-0.00;0.86;-0.34;6.37;0.44;0.44;0.033;1.05;2.13;-1000.00;-1000.00
225.905;238;0.86;-0.31;0.66;1.03;-0.30;24.90;0.79;0.50;217;1;1;7;-0.04;-0.30;0.00;0.00;-0.00;-0.00;0.00;-0.00;0.86;-0.34;6.37;0.44;0.44;0.029;1.05;2.13;-1000.00;-1000.00
226.005;248;0.86;-0.31;0.66;1.03;-0.30;24.90;0.79;0.50;217;1;1;7;-0.04;-0.30;0.00;0.00;-0.00;-0.00;0.00;-0.00;0.86;-0.34;6.37;0.44;0.44;0.033;1.05;2.13;-1000.00;-1000.00
226.085;257;0.86;-0.31;0.66;1.03;-0.30;24.90;0.79;0.50;217;1;1;7;-0.04;-0.30;0.00;0.00;-0.00;-0.00;0.00;-0.00;0.86;-0.34;6.37;0.44;0.44;0.011;1.05;2.13;-1000.00;-1000.00
226.195;266;0.86;-0.31;0.65;1.03;-0.30;24.90;0.79;0.50;217;1;1;7;-0.04;-0.30;0.00;0.00;-0.00;-0.00;0.00;-0.00;0.86;-0.34;6.37;0.44;0.44;0.016;1.05;2.13;-1000.00;-1000.00
226.285;276;0.86;-0.31;0.65;1.03;-0.30;24.90;0.79;0.50;217;1;1;7;-0.04;-0.30;0.00;0.00;-0.00;-0.00;0.00;-0.00;0.86;-0.34;6.37;0.44;0.44;0.012;1.05;2.13;-1000.00;-1000.00
226.405;288;0.86;-0.31;0.65;1.03;-0.30;24.90;0.79;0.50;217;1;1;7;-0.04;-0.30;0.00;0.00;-0.00;-0.00;0.00;-0.00;0.86;-0.34;6.37;0.44;0.44;0.027;1.05;2.13;-1000.00;-1000.00
226.515;301;0.86;-0.31;0.65;1.03;-0.30;24.90;0.79;0.50;217;1;1;7;-0.04;-0.30;0.00;0.00;-0.00;-0.00;0.00;-0.00;0.86;-0.34;6.37;0.44;0.44;0.030;1.05;2.13;-1000.00;-1000.00
226.585;305;0.86;-0.31;0.65;1.03;-0.30;24.90;0.79;0.50;217;1;1;7;-0.04;-0.30;0.00;0.00;-0.00;-0.00;0.00;-0.00;0.86;-0.34;6.37;0.44;0.44;0.016;1.05;2.13;-1000.00;-1000.00
226.705;320;0.86;-0.31;0.65;1.03;-0.30;24.90;0.79;0.50;217;1;1;7;0.65;-0.26;0.00;0.00;-0.00;0.00;0.00;-0.00;0.86;-0.34;6.37;0.44;0.44;0.030;1.05;2.13;-1000.00;-1000.00
226.795;328;0.85;-0.30;-1.02;1.03;-0.30;24.90;0.79;0.50;217;1;1;7;0.69;-0.22;-0.22;0.03;0.00;0.00;-0.01;-0.69;0.86;-0.34;6.37;0.44;0.44;0.023;1.05;2.13;-1000.00;-1000.00
226.905;338;0.82;-0.30;-4.46;1.03;-0.30;24.90;0.79;0.50;217;1;1;7;0.70;-0.18;-0.22;0.00;-0.01;0.01;-0.01;-0.49;0.83;-0.35;4.46;0.38;0.43;0.030;1.05;2.13;-1000.00;-1000.00
226.995;346;0.81;-0.30;-6.25;1.03;-0.30;24.90;0.79;0.50;217;1;1;7;0.70;-0.14;-0.19;-0.01;-0.01;-0.00;0.01;-0.27;0.81;-0.35;3.66;0.35;0.43;0.022;1.05;2.13;-1000.00;-1000.00
227.085;357;0.79;-0.30;-7.40;1.03;-0.30;24.90;0.79;0.50;217;1;1;7;0.68;-0.11;-0.14;0.01;-0.01;0.03;-0.04;-0.11;0.79;-0.35;2.95;0.32;0.42;0.016;1.05;2.13;-1000.00;-1000.00
227.195;369;0.78;-0.30;-7.52;1.03;-0.30;24.90;0.79;0.50;217;1;1;7;0.63;-0.07;-0.10;-0.00;-0.01;0.03;-0.04;0.01;0.78;-0.35;2.32;0.29;0.42;0.020;1.05;2.13;-1000.00;-1000.00
227.305;380;0.77;-0.30;-6.83;1.03;-0.30;24.90;0.79;0.50;217;1;1;7;0.58;-0.04;-0.07;0.00;-0.01;-0.01;0.04;0.14;0.78;-0.35;2.32;0.29;0.42;0.025;1.05;2.13;-1000.00;-1000.00
227.395;388;0.76;-0.29;-6.12;1.03;-0.30;24.90;0.79;0.50;217;1;1;7;0.53;-0.01;-0.03;0.00;-0.01;0.02;-0.05;0.16;0.76;-0.35;1.79;0.25;0.41;0.019;1.05;2.13;-1000.00;-1000.00
227.485;399;0.76;-0.29;-4.97;1.03;-0.30;24.90;0.79;0.50;217;1;1;7;0.48;0.02;-0.00;0.00;-0.01;0.03;-0.06;0.16;0.76;-0.35;1.79;0.25;0.41;0.018;1.05;2.13;-1000.00;-1000.00
227.585;407;0.76;-0.29;-4.10;1.03;-0.30;24.90;0.79;0.50;217;1;1;7;0.45;0.04;0.01;0.00;-0.01;-0.03;0.07;0.22;0.76;-0.35;1.79;0.25;0.41;0.014;1.05;2.13;-1000.00;-1000.00
227.705;418;0.76;-0.30;-2.98;1.03;-0.30;24.90;0.79;0.50;217;1;1;7;0.42;0.06;0.04;-0.00;-0.00;0.02;-0.04;0.16;0.76;-0.35;1.79;0.25;0.41;0.030;1.05;2.13;-1000.00;-1000.00
227.785;426;0.77;-0.30;-2.36;1.03;-0.30;24.90;0.79;0.50;217;1;1;7;0.40;0.08;0.06;-0.00;0.00;-0.00;0.01;0.12;0.76;-0.35;1.79;0.25;0.41;0.012;1.05;2.13;-1000.00;-1000.00
227.895;437;0.78;-0.30;-1.61;1.03;-0.30;24.90;0.79;0.50;217;1;1;7;0.41;0.10;0.08;0.00;-0.00;-0.00;0.01;0.11;0.78;-0.35;2.32;0.29;0.42;0.019;1.05;2.13;-1000.00;-1000.00
227.985;445;0.78;-0.30;-1.12;1.03;-0.30;24.90;0.79;0.50;217;1;1;7;0.41;0.11;0.10;0.00;0.00;0.00;0.02;0.13;0.78;-0.35;2.32;0.29;0.42;0.013;1.05;2.13;-1000.00;-1000.00
228.095;456;0.79;-0.30;-0.52;1.03;-0.30;24.90;0.79;0.50;217;1;1;7;0.43;0.13;0.12;-0.01;-0.00;-0.01;-0.02;0.10;0.79;-0.35;2.95;0.32;0.42;0.024;1.05;2.13;-1000.00;-1000.00
228.185;465;0.81;-0.30;-0.03;1.03;-0.30;24.90;0.79;0.50;217;1;1;7;0.46;0.15;0.13;-0.00;-0.00;-0.01;-0.02;0.12;0.81;-0.35;3.66;0.35;0.43;0.012;1.05;2.13;-1000.00;-1000.00
228.285;475;0.82;-0.30;0.59;1.03;-0.30;24.90;0.79;0.50;217;1;1;7;0.49;0.16;0.14;0.00;-0.00;0.06;0.11;0.12;0.83;-0.35;4.46;0.38;0.43;0.015;1.05;2.13;-1000.00;-1000.00
228.405;489;0.84;-0.30;1.74;1.03;-0.30;24.90;0.79;0.50;217;1;1;7;0.53;0.18;0.17;0.00;-0.01;-0.01;-0.00;0.15;0.84;-0.35;5.36;0.41;0.44;0.033;1.05;2.13;-1000.00;-1000.00
228.505;499;0.86;-0.30;2.71;1.03;-0.30;24.90;0.79;0.50;217;1;1;7;0.57;0.19;0.18;0.00;-0.01;0.00;0.01;0.18;0.86;-0.34;6.37;0.44;0.44;0.027;1.05;2.13;-1000.00;-1000.00
228.595;507;0.87;-0.29;3.59;1.03;-0.30;24.90;0.79;0.50;217;1;1;7;0.65;0.21;0.19;0.01;-0.01;0.03;0.06;0.20;0.89;-0.34;8.71;0.51;0.45;0.017;1.05;2.13;-1000.00;-1000.00
228.695;518;0.90;-0.29;5.25;1.03;-0.30;24.90;0.79;0.50;217;1;1;7;0.69;0.23;0.22;-0.01;-0.01;-0.02;-0.03;0.32;0.91;-0.34;10.05;0.54;0.46;0.019;1.05;2.13;-1000.00;-1000.00
228.795;526;0.92;-0.29;6.71;1.27;0.06;86.23;0.79;0.50;217;2;1;7;0.72;0.24;0.23;-0.04;-0.06;0.13;-0.13;0.42;0.92;-0.33;11.51;0.57;0.46;0.015;1.05;2.13;-1000.00;-1000.00
228.875;537;0.94;-0.29;9.54;1.27;0.06;86.23;0.79;0.50;217;2;1;7;0.79;0.26;0.23;-0.06;-0.01;0.00;-0.01;0.50;0.95;-0.33;14.82;0.63;0.47;0.007;1.05;2.13;-1000.00;-1000.00
228.985;545;0.96;-0.29;12.16;1.27;0.06;86.23;0.79;0.50;217;2;1;7;0.79;0.27;0.24;-0.07;-0.01;0.02;0.02;0.62;0.97;-0.32;16.67;0.67;0.48;0.010;1.05;2.13;-1000.00;-1000.00
229.085;559;1.00;-0.30;17.36;1.27;0.06;86.23;0.79;0.50;217;2;1;7;0.79;0.28;0.26;-0.08;-0.01;0.01;-0.02;0.67;0.99;-0.32;18.67;0.70;0.49;0.015;1.05;2.13;-1000.00;-1000.00
229.185;568;1.02;-0.29;20.84;1.27;0.06;86.23;0.79;0.50;217;2;1;7;0.79;0.29;0.25;-0.07;-0.01;0.00;0.09;0.61;1.02;-0.30;23.09;0.76;0.50;0.016;1.05;2.13;-1000.00;-1000.00
229.285;579;1.05;-0.29;25.17;1.27;0.06;86.23;0.79;0.50;217;2;1;7;0.79;0.30;0.26;-0.08;-0.01;-0.00;0.06;0.66;1.04;-0.29;25.52;0.79;0.50;0.013;1.05;2.13;-1000.00;-1000.00
229.395;587;1.07;-0.29;28.37;1.27;0.06;86.23;0.79;0.50;217;2;1;7;0.79;0.31;0.26;-0.07;-0.01;-0.01;0.13;0.65;1.07;-0.28;30.48;0.79;0.50;0.015;1.05;2.13;-1000.00;-1000.00
229.485;596;1.10;-0.28;32.25;1.27;0.06;86.23;0.79;0.50;217;2;1;7;0.79;0.32;0.28;-0.10;-0.01;0.00;-0.06;0.78;1.08;-0.27;32.96;0.79;0.50;0.012;1.05;2.13;-1000.00;-1000.00
229.585;607;1.13;-0.27;37.14;1.27;0.06;86.23;0.79;0.50;217;2;1;7;0.79;0.34;0.29;-0.10;-0.01;0.00;-0.07;0.81;1.11;-0.25;37.91;0.79;0.50;0.013;1.05;2.13;-1000.00;-1000.00
229.685;615;1.15;-0.27;40.80;1.27;0.06;86.23;0.79;0.50;217;2;1;7;0.75;0.35;0.29;-0.09;-0.01;0.01;-0.05;0.87;1.13;-0.24;40.39;0.79;0.50;0.011;1.05;2.13;-1000.00;-1000.00
229.785;626;1.18;-0.25;45.87;1.27;0.06;86.23;0.79;0.50;217;2;1;7;0.73;0.36;0.30;-0.09;-0.01;-0.02;0.02;0.76;1.15;-0.21;45.35;0.79;0.50;0.010;1.05;2.13;-1000.00;-1000.00
229.895;639;1.22;-0.23;51.46;1.27;0.06;86.23;0.79;0.50;217;2;1;7;0.67;0.36;0.31;-0.09;-0.01;0.00;-0.05;0.75;1.17;-0.20;47.82;0.79;0.50;0.019;1.05;2.13;-1000.00;-1000.00
229.995;648;1.24;-0.21;54.87;1.27;0.06;86.23;0.79;0.50;217;2;1;7;0.66;0.36;0.32;-0.07;-0.01;0.00;-0.04;0.60;1.18;-0.18;50.30;0.79;0.50;0.020;1.05;2.13;-1000.00;-1000.00
230.085;659;1.27;-0.18;58.61;1.27;0.06;86.23;0.79;0.50;217;2;1;7;0.70;0.37;0.32;-0.07;-0.01;0.02;-0.04;0.60;1.20;-0.15;55.26;0.79;0.50;0.012;1.05;2.13;-1000.00;-1000.00
230.185;667;1.28;-0.16;61.59;1.27;0.06;86.23;0.79;0.50;217;2;1;7;0.75;0.38;0.31;-0.08;-0.01;0.02;-0.03;0.69;1.22;-0.12;60.21;0.79;0.50;0.009;1.05;2.13;-1000.00;-1000.00
230.305;681;1.31;-0.13;67.64;1.27;0.06;86.23;0.79;0.50;217;2;1;7;0.68;0.38;0.30;-0.09;-0.00;0.01;-0.02;0.77;1.23;-0.11;62.69;0.79;0.50;0.033;1.04;2.13;-1000.00;-1000.00
230.385;686;1.32;-0.12;69.73;1.27;0.06;86.23;0.79;0.50;217;2;1;7;0.74;0.38;0.31;-0.07;-0.00;0.00;-0.01;0.66;1.24;-0.07;67.64;0.79;0.50;0.016;1.04;2.13;-1000.00;-1000.00
230.485;694;1.33;-0.10;72.54;1.27;0.06;86.23;0.79;0.50;217;2;1;7;0.75;0.39;0.32;-0.07;0.00;0.02;-0.06;0.69;1.25;-0.06;70.12;0.79;0.50;0.012;1.04;2.13;-1000.00;-1000.00
230.585;705;1.35;-0.06;78.15;1.27;0.06;86.23;0.79;0.50;217;2;1;7;0.68;0.39;0.34;-0.13;-0.01;0.11;-0.06;1.05;1.26;-0.04;72.60;0.79;0.50;0.010;1.04;2.13;-1000.00;-1000.00
230.695;718;1.37;-0.02;85.37;1.09;0.44;144.20;0.73;0.50;217;3;1;7;0.63;0.38;0.37;-0.11;0.00;-0.01;0.02;0.92;1.27;-0.01;77.56;0.79;0.50;0.015;1.04;2.13;-1000.00;-1000.00
230.785;728;1.39;0.02;90.41;1.09;0.44;144.20;0.73;0.50;217;3;1;7;0.30;0.39;0.36;-0.11;-0.00;-0.05;0.05;0.77;1.27;0.01;80.03;0.79;0.50;0.016;1.04;2.13;-1000.00;-1000.00
230.885;737;1.39;0.05;92.78;1.09;0.44;144.20;0.73;0.50;217;3;1;7;0.45;0.39;0.37;-0.05;-0.01;-0.15;0.09;0.08;1.27;0.07;87.47;0.78;0.50;0.005;1.04;2.13;-1000.00;-1000.00
230.975;747;1.40;0.09;94.72;1.09;0.44;144.20;0.73;0.50;217;3;1;7;0.54;0.40;0.40;-0.06;-0.06;0.14;0.14;0.54;1.28;0.08;89.93;0.78;0.50;0.004;1.04;2.13;-1000.00;-1000.00
231.085;756;1.40;0.13;97.66;1.09;0.44;144.20;0.73;0.50;217;3;1;7;0.62;0.41;0.41;-0.03;-0.01;-0.03;0.00;0.60;1.27;0.12;94.83;0.78;0.50;0.007;1.04;2.13;-1000.00;-1000.00
231.185;766;1.39;0.17;101.62;1.09;0.44;144.20;0.73;0.50;217;3;1;7;0.67;0.42;0.40;-0.10;-0.05;0.12;0.14;0.86;1.27;0.16;99.69;0.77;0.50;0.013;1.04;2.13;-1000.00;-1000.00
231.285;775;1.39;0.20;105.87;1.09;0.44;144.20;0.73;0.50;217;3;1;7;0.65;0.43;0.39;-0.10;-0.01;-0.03;-0.00;0.85;1.27;0.17;102.10;0.77;0.50;0.009;1.04;2.13;-1000.00;-1000.00
231.385;785;1.39;0.24;110.79;1.09;0.44;144.20;0.73;0.50;217;3;1;7;0.65;0.43;0.39;-0.11;-0.01;-0.02;-0.02;0.80;1.26;0.21;106.88;0.77;0.50;0.008;1.04;2.13;-1000.00;-1000.00
231.485;798;1.38;0.30;116.83;1.09;0.44;144.20;0.73;0.50;217;3;1;7;0.63;0.43;0.41;-0.12;-0.01;0.15;0.00;0.87;1.25;0.23;109.26;0.76;0.50;0.010;1.04;2.13;-1000.00;-1000.00
231.595;808;1.37;0.34;121.10;1.09;0.44;144.20;0.73;0.50;217;3;1;7;0.64;0.43;0.41;-0.11;-0.01;0.15;0.01;0.78;1.24;0.26;113.98;0.76;0.50;0.014;1.04;2.13;-1000.00;-1000.00
231.675;818;1.36;0.37;125.22;1.09;0.44;144.20;0.73;0.50;217;3;1;7;0.68;0.43;0.41;-0.11;-0.01;0.15;0.02;0.79;1.22;0.29;118.66;0.75;0.50;0.008;1.04;2.13;-1000.00;-1000.00
231.785;827;1.34;0.41;129.19;1.09;0.44;144.20;0.73;0.50;217;3;1;7;0.71;0.43;0.40;-0.11;-0.01;0.09;0.01;0.88;1.20;0.32;123.30;0.75;0.50;0.004;1.05;2.12;-1000.00;-1000.00
231.885;838;1.32;0.45;134.78;1.09;0.44;144.20;0.73;0.50;217;3;1;7;0.69;0.43;0.39;-0.12;-0.01;0.05;0.02;0.92;1.18;0.35;127.90;0.75;0.50;0.013;1.05;2.12;-1000.00;-1000.00
231.985;846;1.30;0.47;138.83;1.09;0.44;144.20;0.73;0.50;217;3;1;7;0.66;0.42;0.39;-0.10;-0.01;0.04;-0.02;0.84;1.17;0.37;130.18;0.74;0.50;0.009;1.05;2.12;-1000.00;-1000.00
232.075;857;1.28;0.51;143.70;1.09;0.44;144.20;0.73;0.50;217;3;1;7;0.66;0.42;0.38;-0.08;-0.01;0.04;-0.00;0.71;1.15;0.39;134.71;0.74;0.50;0.005;1.05;2.12;-1000.00;-1000.00
232.185;865;1.26;0.53;146.90;1.09;0.44;144.20;0.73;0.50;217;3;1;7;0.65;0.41;0.37;-0.08;-0.01;0.03;-0.01;0.68;1.13;0.41;136.96;0.74;0.50;0.009;1.05;2.12;-1000.00;-1000.00
232.275;876;1.23;0.56;151.08;1.09;0.44;144.20;0.73;0.50;217;3;1;7;0.62;0.40;0.36;-0.07;-0.01;0.03;-0.01;0.62;1.12;0.42;139.20;0.73;0.50;0.005;1.05;2.12;-1000.00;-1000.00
232.385;887;1.19;0.58;154.68;1.09;0.44;144.20;0.73;0.50;217;3;1;7;0.67;0.39;0.36;-0.05;-0.01;0.03;0.01;0.52;1.09;0.44;143.65;0.73;0.50;0.008;1.05;2.12;-1000.00;-1000.00
232.485;898;1.16;0.60;158.19;1.09;0.44;144.20;0.73;0.50;217;3;1;7;0.63;0.37;0.34;-0.06;-0.00;0.03;0.01;0.58;1.08;0.45;145.84;0.72;0.50;0.014;1.05;2.12;-1000.00;-1000.00
232.585;908;1.13;0.62;161.27;1.09;0.44;144.20;0.73;0.50;217;3;1;7;0.64;0.36;0.35;-0.09;-0.03;0.11;0.21;0.64;1.05;0.47;150.01;0.68;0.50;0.008;1.05;2.12;-1000.00;-1000.00
232.685;917;1.10;0.63;164.34;1.09;0.44;144.20;0.73;0.50;217;3;1;7;0.60;0.35;0.34;-0.10;-0.04;-0.07;0.13;0.66;1.03;0.48;151.99;0.66;0.50;0.005;1.05;2.12;-1000.00;-1000.00
232.785;927;1.07;0.65;168.02;1.09;0.44;144.20;0.73;0.50;217;3;1;7;0.56;0.34;0.34;-0.06;-0.00;-0.08;-0.08;0.54;1.00;0.50;155.74;0.63;0.50;0.009;1.05;2.12;-1000.00;-1000.00
232.885;936;1.04;0.66;171.25;1.09;0.44;144.20;0.73;0.50;217;3;1;7;0.51;0.32;0.35;-0.10;-0.01;0.06;0.10;0.66;0.98;0.50;157.52;0.61;0.50;0.014;1.04;2.12;-1000.00;-1000.00
232.975;946;1.01;0.67;174.15;1.09;0.44;144.20;0.73;0.50;217;3;1;7;0.48;0.31;0.34;-0.06;-0.01;0.06;0.05;0.46;0.95;0.52;160.88;0.58;0.50;0.005;1.04;2.12;-1000.00;-1000.00
233.095;959;0.97;0.68;177.12;1.09;0.44;144.20;0.73;0.50;217;3;1;7;0.45;0.29;0.30;-0.03;-0.01;-0.08;-0.11;0.30;0.93;0.52;162.46;0.56;0.50;0.010;1.04;2.12;-1000.00;-1000.00
233.185;969;0.94;0.69;178.86;1.09;0.44;144.20;0.73;0.50;217;3;1;7;0.41;0.27;0.31;-0.04;-0.01;0.07;0.08;0.33;0.91;0.53;163.98;0.54;0.50;0.012;1.04;2.12;-1000.00;-1000.00
233.285;979;0.91;0.69;180.26;1.09;0.44;144.20;0.73;0.50;217;3;1;7;0.40;0.26;0.29;-0.01;-0.01;0.05;0.07;0.20;0.90;0.53;165.44;0.52;0.50;0.015;1.04;2.12;-1000.00;-1000.00
233.385;988;0.89;0.69;180.94;1.09;0.44;144.20;0.73;0.50;217;3;1;7;0.42;0.24;0.28;0.01;-0.01;0.05;0.07;0.13;0.86;0.54;168.18;0.49;0.50;0.016;1.04;2.12;-1000.00;-1000.00
233.485;998;0.86;0.69;181.41;1.09;0.44;144.20;0.73;0.50;217;3;1;7;0.42;0.23;0.25;0.01;-0.01;-0.01;-0.02;0.06;0.84;0.54;169.47;0.47;0.50;0.011;1.04;2.12;-1000.00;-1000.00
233.575;1008;0.84;0.69;181.79;1.09;0.44;144.20;0.73;0.50;217;3;1;7;0.43;0.22;0.25;0.00;-0.01;0.03;0.04;0.07;0.82;0.55;170.70;0.45;0.50;0.005;1.04;2.12;-1000.00;-1000.00
233.705;1017;0.82;0.69;182.01;0.51;0.56;171.38;-0.63;0.50;489;1;1;4;0.44;0.22;0.24;0.00;-0.01;0.02;0.03;0.05;0.81;0.55;171.87;0.44;0.50;0.025;1.04;2.12;-1000.00;-1000.00
233.805;1031;0.79;0.68;182.30;0.51;0.56;171.38;-0.63;0.50;489;1;1;4;0.38;0.22;0.23;0.00;-0.01;0.02;0.03;0.05;0.65;0.55;180.00;-0.08;0.06;0.030;1.04;2.12;-1000.00;-1000.00
233.885;1036;0.77;0.68;182.33;0.25;0.65;154.12;-0.22;0.50;489;2;1;4;0.35;0.23;0.23;0.01;-0.01;0.03;0.04;0.02;0.65;0.55;180.00;-0.08;0.06;0.011;1.04;2.12;-1000.00;-1000.00
233.985;1048;0.75;0.68;182.25;0.25;0.65;154.12;-0.22;0.50;489;2;1;4;0.17;0.22;0.23;0.00;-0.01;0.02;0.04;0.00;0.65;0.55;180.00;-0.08;0.06;0.011;1.04;2.12;-1000.00;-1000.00
234.095;1059;0.72;0.68;181.54;0.25;0.65;154.12;-0.22;0.50;489;2;1;4;0.17;0.21;0.23;0.01;-0.01;0.03;0.04;-0.11;0.65;0.55;180.00;-0.08;0.06;0.016;1.04;2.12;-1000.00;-1000.00
234.195;1068;0.70;0.68;181.00;0.25;0.65;154.12;-0.22;0.50;489;2;1;4;0.17;0.19;0.21;0.01;-0.01;0.03;0.04;-0.08;0.65;0.55;180.00;-0.08;0.06;0.020;1.04;2.12;-1000.00;-1000.00
234.295;1078;0.68;0.68;180.57;0.25;0.65;154.12;-0.22;0.50;489;2;1;4;0.17;0.18;0.20;0.00;-0.01;0.02;0.03;-0.06;0.65;0.55;180.00;-0.08;0.06;0.024;1.04;2.12;-1000.00;-1000.00
234.375;1087;0.67;0.68;180.18;0.25;0.65;154.12;-0.22;0.50;489;2;1;4;0.17;0.16;0.18;-0.00;-0.01;0.03;0.04;-0.04;0.65;0.55;180.00;-0.08;0.06;0.008;1.04;2.12;-1000.00;-1000.00
234.485;1097;0.65;0.68;179.93;0.25;0.65;154.12;-0.22;0.50;489;2;1;4;0.16;0.15;0.17;0.00;-0.01;0.02;0.02;-0.04;0.65;0.55;180.00;-0.08;0.06;0.012;1.04;2.12;-1000.00;-1000.00
234.585;1108;0.63;0.68;179.68;0.25;0.65;154.12;-0.22;0.50;489;2;1;4;0.03;0.13;0.15;0.00;-0.01;0.02;0.02;-0.03;0.64;0.55;179.81;-0.20;0.16;0.018;1.04;2.12;-1000.00;-1000.00
234.685;1116;0.62;0.68;179.38;0.25;0.65;154.12;-0.22;0.50;489;2;1;4;-0.08;0.13;0.14;0.00;-0.01;0.02;0.01;-0.09;0.62;0.55;179.19;-0.30;0.24;0.011;1.04;2.12;-1000.00;-1000.00
234.785;1127;0.60;0.68;178.68;0.25;0.65;154.12;-0.22;0.50;489;2;1;4;-0.16;0.13;0.13;-0.00;-0.00;-0.01;-0.04;-0.16;0.60;0.55;178.29;-0.38;0.30;0.010;1.04;2.12;-1000.00;-1000.00
234.895;1139;0.59;0.68;177.79;0.25;0.65;154.12;-0.22;0.50;489;2;1;4;-0.22;0.13;0.13;-0.00;0.00;-0.00;-0.01;-0.09;0.58;0.55;177.42;-0.43;0.34;0.017;1.04;2.12;-1000.00;-1000.00
234.995;1149;0.58;0.68;177.27;0.25;0.65;154.12;-0.22;0.50;489;2;1;4;-0.29;0.13;0.13;-0.00;-0.00;-0.00;-0.00;-0.10;0.57;0.55;176.30;-0.48;0.38;0.018;1.04;2.12;-1000.00;-1000.00
235.095;1160;0.56;0.68;176.56;0.25;0.65;154.12;-0.22;0.50;489;2;1;4;-0.32;0.13;0.13;-0.00;-0.00;-0.00;-0.02;-0.11;0.56;0.55;175.63;-0.51;0.40;0.023;1.04;2.12;-1000.00;-1000.00
235.185;1168;0.55;0.68;176.15;0.25;0.65;154.12;-0.22;0.50;489;2;1;4;-0.42;0.14;0.14;0.01;-0.00;-0.01;0.01;-0.08;0.54;0.55;174.07;-0.56;0.44;0.014;1.04;2.12;-1000.00;-1000.00
235.285;1179;0.54;0.68;175.43;0.25;0.65;154.12;-0.22;0.50;489;2;1;4;-0.46;0.15;0.15;0.01;-0.00;-0.01;0.02;-0.11;0.53;0.56;173.17;-0.58;0.46;0.014;1.04;2.12;-1000.00;-1000.00
235.385;1187;0.52;0.68;174.87;0.25;0.65;154.12;-0.22;0.50;489;2;1;4;-0.59;0.16;0.15;0.00;-0.01;-0.01;0.03;-0.12;0.50;0.56;170.03;-0.61;0.50;0.009;1.04;2.12;-1000.00;-1000.00
235.505;1200;0.50;0.68;173.53;0.25;0.65;154.12;-0.22;0.50;489;2;1;4;-0.58;0.17;0.17;0.00;-0.01;-0.03;0.06;-0.22;0.49;0.56;168.99;-0.59;0.50;0.022;1.04;2.12;-1000.00;-1000.00
235.585;1206;0.49;0.68;172.90;0.01;0.77;155.85;0.31;0.50;489;3;1;4;-0.59;0.18;0.17;-0.01;-0.01;0.04;-0.10;-0.17;0.47;0.57;167.02;-0.56;0.50;0.008;1.04;2.12;-1000.00;-1000.00
235.675;1215;0.48;0.69;171.95;0.01;0.77;155.85;0.31;0.50;489;3;1;4;-0.54;0.19;0.19;0.00;-0.01;-0.03;0.07;-0.21;0.44;0.57;165.18;-0.52;0.50;0.005;1.04;2.12;-1000.00;-1000.00
235.775;1225;0.46;0.69;171.12;0.01;0.77;155.85;0.31;0.50;489;3;1;4;-0.55;0.19;0.19;-0.01;-0.01;0.03;-0.08;-0.08;0.42;0.58;163.48;-0.49;0.50;0.008;1.04;2.12;-1000.00;-1000.00
235.885;1238;0.43;0.69;170.33;0.01;0.77;155.85;0.31;0.50;489;3;1;4;-0.52;0.20;0.21;0.01;-0.01;-0.05;0.09;-0.14;0.41;0.58;162.68;-0.47;0.50;0.010;1.04;2.12;-1000.00;-1000.00
235.985;1248;0.41;0.70;169.81;0.01;0.77;155.85;0.31;0.50;489;3;1;4;-0.56;0.20;0.20;-0.01;-0.01;-0.00;-0.01;-0.07;0.38;0.59;160.47;-0.43;0.50;0.006;1.04;2.12;-1000.00;-1000.00
236.085;1257;0.40;0.70;169.26;0.01;0.77;155.85;0.31;0.50;489;3;1;4;-0.57;0.21;0.21;-0.00;-0.01;-0.02;0.03;-0.13;0.36;0.60;159.15;-0.39;0.50;0.006;1.04;2.12;-1000.00;-1000.00
236.185;1267;0.37;0.71;168.62;0.01;0.77;155.85;0.31;0.50;489;3;1;4;-0.57;0.21;0.22;-0.00;-0.01;-0.01;0.03;-0.13;0.34;0.61;157.96;-0.36;0.50;0.010;1.04;2.12;-1000.00;-1000.00
236.275;1278;0.35;0.71;167.92;0.01;0.77;155.85;0.31;0.50;489;3;1;4;-0.58;0.22;0.23;-0.00;-0.00;-0.01;0.02;-0.12;0.31;0.62;156.38;-0.31;0.50;0.004;1.04;2.12;-1000.00;-1000.00
236.385;1286;0.33;0.72;167.40;0.01;0.77;155.85;0.31;0.50;489;3;1;4;-0.56;0.23;0.23;-0.01;-0.00;-0.01;0.02;-0.12;0.30;0.63;155.91;-0.29;0.50;0.007;1.04;2.12;-1000.00;-1000.00
236.485;1295;0.31;0.72;166.86;0.01;0.77;155.85;0.31;0.50;489;3;1;4;-0.55;0.23;0.24;-0.01;-0.00;-0.01;0.02;-0.10;0.28;0.64;155.05;-0.26;0.50;0.005;1.04;2.12;-1000.00;-1000.00
236.595;1307;0.29;0.73;166.30;0.01;0.77;155.85;0.31;0.50;489;3;1;4;-0.54;0.24;0.24;-0.01;-0.00;-0.00;0.02;-0.09;0.25;0.65;153.96;-0.21;0.50;0.014;1.04;2.12;-1000.00;-1000.00
236.685;1317;0.26;0.74;165.78;0.01;0.77;155.85;0.31;0.50;489;3;1;4;-0.50;0.24;0.26;0.01;-0.01;-0.00;0.09;-0.14;0.24;0.65;153.65;-0.19;0.50;0.011;1.04;2.12;-1000.00;-1000.00
236.795;1328;0.24;0.74;165.08;0.01;0.77;155.85;0.31;0.50;489;3;1;4;-0.47;0.25;0.24;0.03;-0.01;0.07;-0.21;-0.06;0.21;0.67;152.93;-0.12;0.50;0.007;1.04;2.12;-1000.00;-1000.00
236.885;1338;0.21;0.74;164.09;0.01;0.77;155.85;0.31;0.50;489;3;1;4;-0.42;0.25;0.26;0.04;-0.01;-0.05;0.08;-0.20;0.19;0.68;152.61;-0.08;0.50;0.016;1.04;2.12;-1000.00;-1000.00
236.985;1348;0.19;0.74;163.11;0.01;0.77;155.85;0.31;0.50;489;3;1;4;-0.35;0.26;0.27;0.01;-0.01;-0.02;0.06;-0.17;0.16;0.70;152.38;-0.02;0.50;0.005;1.04;2.12;-1000.00;-1000.00
237.085;1358;0.16;0.75;162.60;0.01;0.77;155.85;0.31;0.50;489;3;1;4;-0.30;0.27;0.27;-0.01;-0.01;-0.02;0.05;-0.07;0.15;0.70;152.37;0.00;0.50;0.009;1.04;2.12;-1000.00;-1000.00
237.195;1366;0.14;0.76;162.49;0.01;0.77;155.85;0.31;0.50;489;3;1;4;-0.24;0.27;0.28;-0.01;-0.01;-0.02;0.06;-0.03;0.12;0.72;152.53;0.07;0.50;0.012;1.04;2.12;-1000.00;-1000.00
237.275;1377;0.11;0.77;162.63;0.01;0.77;155.85;0.31;0.50;489;3;1;4;-0.18;0.28;0.29;-0.00;-0.01;-0.02;0.07;0.00;0.09;0.73;153.00;0.13;0.50;0.007;1.04;2.12;-1000.00;-1000.00
237.385;1385;0.09;0.78;162.98;-0.26;0.84;179.43;0.79;0.50;489;4;1;4;-0.14;0.29;0.28;-0.00;-0.01;0.01;-0.04;0.10;0.07;0.74;153.48;0.18;0.50;0.005;1.04;2.12;-1000.00;-1000.00
237.485;1396;0.06;0.79;163.46;-0.26;0.84;179.43;0.79;0.50;489;4;1;4;-0.08;0.29;0.29;-0.00;-0.01;0.01;-0.04;0.10;0.05;0.75;154.09;0.22;0.50;0.005;1.04;2.12;-1000.00;-1000.00
237.575;1404;0.04;0.79;163.83;-0.26;0.84;179.43;0.79;0.50;489;4;1;4;-0.02;0.29;0.29;-0.01;-0.01;0.00;-0.05;0.14;0.03;0.76;154.84;0.26;0.50;0.004;1.04;2.12;-1000.00;-1000.00
237.725;1423;-0.01;0.81;165.09;-0.25;0.85;180.00;0.11;0.00;469;1;1;5;0.09;0.29;0.29;-0.01;-0.01;-0.01;0.02;0.19;-0.01;0.78;156.74;0.34;0.50;0.039;1.04;2.12;-1000.00;-1000.00
237.805;1427;-0.03;0.81;165.54;-0.44;0.83;193.57;0.65;0.50;469;2;1;5;0.18;0.31;0.29;-0.00;-0.00;-0.01;-0.01;0.21;-0.25;0.85;180.04;0.18;0.07;0.028;1.04;2.12;-1000.00;-1000.00
237.895;1438;-0.06;0.82;166.89;-0.44;0.83;193.57;0.65;0.50;469;2;1;5;0.20;0.33;0.31;0.00;0.00;-0.01;-0.02;0.21;-0.25;0.85;180.04;0.18;0.07;0.019;1.04;2.12;-1000.00;-1000.00
237.975;1446;-0.08;0.83;167.85;-0.44;0.83;193.57;0.65;0.50;469;2;1;5;0.23;0.35;0.34;-0.01;-0.00;0.01;0.01;0.21;-0.25;0.85;180.04;0.18;0.07;0.008;1.04;2.12;-1000.00;-1000.00
238.095;1456;-0.12;0.83;168.91;-0.44;0.83;193.57;0.65;0.50;469;2;1;5;0.28;0.37;0.35;-0.00;-0.00;-0.06;-0.07;0.18;-0.25;0.85;180.04;0.18;0.07;0.015;1.04;2.12;-1000.00;-1000.00
238.175;1466;-0.15;0.84;170.07;-0.44;0.83;193.57;0.65;0.50;469;2;1;5;0.33;0.37;0.38;-0.00;-0.01;0.05;0.06;0.26;-0.25;0.85;180.04;0.18;0.07;0.009;1.04;2.12;-1000.00;-1000.00
238.285;1475;-0.19;0.85;171.34;-0.44;0.83;193.57;0.65;0.50;469;2;1;5;0.36;0.37;0.38;-0.00;-0.01;0.04;0.04;0.27;-0.25;0.85;180.04;0.18;0.07;0.014;1.04;2.12;-1000.00;-1000.00
238.385;1486;-0.23;0.85;172.98;-0.44;0.83;193.57;0.65;0.50;469;2;1;5;0.40;0.37;0.40;-0.00;-0.01;0.07;0.08;0.30;-0.25;0.85;180.04;0.18;0.07;0.011;1.04;2.12;-1000.00;-1000.00
238.495;1498;-0.27;0.86;174.87;-0.44;0.83;193.57;0.65;0.50;469;2;1;5;0.46;0.36;0.39;-0.05;-0.04;0.07;0.25;0.40;-0.26;0.85;180.09;0.20;0.09;0.023;1.04;2.12;-1000.00;-1000.00
238.595;1509;-0.31;0.86;177.20;-0.75;0.62;234.67;0.68;0.50;469;3;1;5;0.63;0.36;0.36;-0.06;-0.01;0.03;0.05;0.45;-0.31;0.85;182.20;0.40;0.27;0.022;1.04;2.12;-1000.00;-1000.00
238.675;1517;-0.34;0.87;180.00;-0.75;0.62;234.67;0.68;0.50;469;3;1;5;0.63;0.36;0.35;-0.07;-0.01;-0.03;-0.03;0.72;-0.32;0.85;183.30;0.44;0.31;0.007;1.04;2.12;-1000.00;-1000.00
238.785;1528;-0.38;0.88;184.78;-0.75;0.62;234.67;0.68;0.50;469;3;1;5;0.66;0.37;0.36;-0.11;-0.01;0.04;0.12;0.82;-0.38;0.84;187.54;0.55;0.41;0.005;1.04;2.12;-1000.00;-1000.00
238.885;1536;-0.41;0.88;188.30;-0.75;0.62;234.67;0.68;0.50;469;3;1;5;0.66;0.38;0.36;-0.10;-0.01;0.01;0.04;0.82;-0.40;0.84;189.93;0.60;0.45;0.008;1.04;2.12;-1000.00;-1000.00
238.985;1546;-0.44;0.88;192.77;-0.75;0.62;234.67;0.68;0.50;469;3;1;5;0.66;0.38;0.33;-0.10;-0.05;-0.22;-0.09;0.73;-0.43;0.83;192.78;0.64;0.49;0.005;1.04;2.12;-1000.00;-1000.00
239.075;1556;-0.48;0.88;197.22;-0.75;0.62;234.67;0.68;0.50;469;3;1;5;0.64;0.39;0.36;-0.08;-0.00;-0.01;-0.12;0.71;-0.46;0.83;195.98;0.65;0.50;0.004;1.04;2.12;-1000.00;-1000.00
239.185;1566;-0.52;0.88;201.68;-0.75;0.62;234.67;0.68;0.50;469;3;1;5;0.61;0.40;0.36;-0.10;-0.01;0.00;0.04;0.75;-0.49;0.82;199.22;0.65;0.50;0.015;1.04;2.12;-1000.00;-1000.00
239.285;1575;-0.55;0.87;205.08;-0.75;0.62;234.67;0.68;0.50;469;3;1;5;0.62;0.40;0.37;-0.06;-0.00;0.00;-0.16;0.57;-0.52;0.80;202.48;0.66;0.50;0.008;1.04;2.12;-1000.00;-1000.00
239.375;1588;-0.60;0.86;210.11;-0.75;0.62;234.67;0.68;0.50;469;3;1;5;0.63;0.40;0.37;-0.06;-0.01;0.00;-0.10;0.62;-0.56;0.78;207.39;0.66;0.50;0.005;1.04;2.12;-1000.00;-1000.00
239.475;1598;-0.64;0.85;214.20;-0.75;0.62;234.67;0.68;0.50;469;3;1;5;0.63;0.41;0.38;-0.11;-0.01;-0.02;0.15;0.76;-0.59;0.77;210.69;0.66;0.50;0.005;1.04;2.12;-1000.00;-1000.00
239.585;1607;-0.67;0.83;217.73;-0.75;0.62;234.67;0.68;0.50;469;3;1;5;0.64;0.41;0.36;-0.06;-0.01;0.04;-0.12;0.62;-0.62;0.75;214.00;0.67;0.50;0.008;1.04;2.12;-1000.00;-1000.00
239.685;1617;-0.70;0.81;221.86;-0.75;0.62;234.67;0.68;0.50;469;3;1;5;0.64;0.41;0.38;-0.07;-0.01;-0.01;0.03;0.75;-0.64;0.74;217.33;0.67;0.50;0.005;1.04;2.12;-1000.00;-1000.00
239.785;1626;-0.73;0.79;225.51;-0.75;0.62;234.67;0.68;0.50;469;3;1;5;0.64;0.41;0.38;-0.08;-0.01;-0.02;0.04;0.73;-0.67;0.72;220.68;0.67;0.50;0.009;1.04;2.12;-1000.00;-1000.00
239.885;1636;-0.76;0.77;229.44;-0.75;0.62;234.67;0.68;0.50;469;3;1;5;0.64;0.41;0.37;-0.09;-0.01;-0.01;0.05;0.73;-0.69;0.69;224.05;0.67;0.50;0.011;1.04;2.12;-1000.00;-1000.00
239.985;1645;-0.79;0.75;233.04;-0.75;0.62;234.67;0.68;0.50;469;3;1;5;0.65;0.40;0.37;-0.09;-0.01;-0.01;0.04;0.73;-0.71;0.67;227.43;0.68;0.50;0.006;1.04;2.12;-1000.00;-1000.00
240.085;1656;-0.82;0.72;237.41;-0.75;0.62;234.67;0.68;0.50;469;3;1;5;0.64;0.40;0.36;-0.08;-0.01;-0.00;0.03;0.71;-0.73;0.65;230.83;0.68;0.50;0.007;1.04;2.12;-1000.00;-1000.00
240.185;1665;-0.84;0.70;240.87;-0.75;0.62;234.67;0.68;0.50;469;3;1;5;0.62;0.39;0.35;-0.08;-0.01;-0.01;0.03;0.67;-0.74;0.64;232.53;0.68;0.50;0.005;1.04;2.12;-1000.00;-1000.00
240.275;1678;-0.87;0.66;245.34;-0.75;0.62;234.67;0.68;0.50;469;3;1;5;0.63;0.39;0.35;-0.06;-0.00;0.00;0.02;0.55;-0.77;0.60;237.63;0.67;0.50;0.004;1.04;2.12;-1000.00;-1000.00
240.385;1688;-0.89;0.63;248.56;-0.75;0.62;234.67;0.68;0.50;469;3;1;5;0.60;0.38;0.34;-0.06;-0.00;0.00;0.02;0.55;-0.77;0.59;239.28;0.66;0.50;0.013;1.04;2.12;-1000.00;-1000.00
240.475;1698;-0.90;0.60;251.49;-0.75;0.62;234.67;0.68;0.50;469;3;1;5;0.60;0.37;0.36;-0.09;-0.03;-0.21;0.11;0.62;-0.79;0.56;242.51;0.64;0.50;0.006;1.05;2.12;-1000.00;-1000.00
240.585;1706;-0.92;0.58;254.09;-0.75;0.62;234.67;0.68;0.50;469;3;1;5;0.60;0.36;0.37;-0.06;0.00;-0.00;0.08;0.60;-0.80;0.53;245.63;0.63;0.50;0.008;1.05;2.12;-1000.00;-1000.00
240.685;1716;-0.93;0.54;257.91;-0.86;0.26;269.43;0.49;0.50;469;4;1;5;0.57;0.35;0.35;-0.09;-0.00;-0.04;0.02;0.69;-0.82;0.50;248.66;0.61;0.50;0.005;1.05;2.12;-1000.00;-1000.00
240.785;1726;-0.95;0.51;261.68;-0.86;0.26;269.43;0.49;0.50;469;4;1;5;0.39;0.36;0.35;-0.10;-0.05;-0.14;-0.10;0.70;-0.83;0.47;251.58;0.60;0.50;0.013;1.05;2.12;-1000.00;-1000.00
240.885;1737;-0.96;0.47;264.78;-0.86;0.26;269.43;0.49;0.50;469;4;1;5;0.37;0.36;0.35;-0.04;-0.00;0.11;-0.08;0.21;-0.83;0.44;254.41;0.58;0.50;0.012;1.05;2.12;-1000.00;-1000.00
241.025;1750;-0.97;0.43;266.85;-0.86;0.11;-98.62;-0.63;0.50;1052;1;1;4;0.41;0.37;0.37;0.00;-0.00;0.08;-0.04;0.20;-0.84;0.41;257.14;0.57;0.50;0.043;1.05;2.12;-1000.00;-1000.00
241.095;1760;-0.97;0.39;268.71;-0.86;0.11;-98.62;-0.63;0.50;1052;1;1;4;0.55;0.36;0.37;-0.01;-0.00;0.07;-0.04;0.28;-0.85;0.25;-90.00;-0.08;0.06;0.019;1.05;2.12;-1000.00;-1000.00
241.195;1769;-0.97;0.36;271.39;-0.95;-0.15;-115.88;-0.22;0.50;1052;2;1;4;0.34;0.36;0.35;-0.05;-0.00;0.07;-0.05;0.52;-0.85;0.25;-90.00;-0.08;0.06;0.020;1.05;2.12;-1000.00;-1000.00
241.275;1775;-0.98;0.33;272.97;-0.95;-0.15;-115.88;-0.22;0.50;1052;2;1;4;0.10;0.34;0.35;-0.06;-0.01;0.01;-0.01;0.25;-0.85;0.25;-90.00;-0.08;0.06;0.008;1.05;2.12;-1000.00;-1000.00
241.385;1787;-0.98;0.29;273.30;-0.95;-0.15;-115.88;-0.22;0.50;1052;2;1;4;0.05;0.33;0.36;-0.01;-0.01;-0.06;0.04;-0.10;-0.85;0.25;-90.00;-0.08;0.06;0.015;1.05;2.12;-1000.00;-1000.00
241.485;1798;-0.97;0.25;272.47;-0.95;-0.15;-115.88;-0.22;0.50;1052;2;1;4;0.04;0.30;0.33;0.02;-0.01;-0.04;0.03;-0.13;-0.85;0.25;-90.00;-0.08;0.06;0.019;1.05;2.12;-1000.00;-1000.00
241.575;1807;-0.97;0.23;271.84;-0.95;-0.15;-115.88;-0.22;0.50;1052;2;1;4;-0.14;0.29;0.31;0.00;-0.01;-0.03;0.02;-0.10;-0.85;0.23;-90.43;-0.25;0.20;0.008;1.05;2.12;-1000.00;-1000.00
241.685;1817;-0.97;0.20;270.60;-0.95;-0.15;-115.88;-0.22;0.50;1052;2;1;4;-0.35;0.28;0.29;0.01;-0.01;-0.04;0.03;-0.25;-0.85;0.18;-92.58;-0.43;0.34;0.009;1.05;2.12;-1000.00;-1000.00
241.785;1825;-0.97;0.17;268.91;-0.95;-0.15;-115.88;-0.22;0.50;1052;2;1;4;-0.43;0.28;0.28;0.01;-0.05;0.03;-0.24;-0.43;-0.85;0.16;-94.37;-0.51;0.40;0.010;1.05;2.12;-1000.00;-1000.00
241.885;1836;-0.97;0.14;266.53;-0.95;-0.15;-115.88;-0.22;0.50;1052;2;1;4;-0.58;0.29;0.28;0.01;-0.00;0.07;0.04;-0.37;-0.86;0.12;-97.82;-0.61;0.48;0.012;1.05;2.12;-1000.00;-1000.00
241.995;1850;-0.98;0.10;262.99;-0.95;-0.15;-115.88;-0.22;0.50;1052;2;1;4;-0.53;0.29;0.30;0.01;-0.01;-0.06;-0.04;-0.45;-0.86;0.10;-99.97;-0.61;0.50;0.021;1.05;2.12;-1000.00;-1000.00
242.075;1855;-0.98;0.09;261.96;-1.07;-0.39;-114.15;0.31;0.50;1052;3;1;4;-0.59;0.30;0.29;-0.00;-0.01;0.03;0.00;-0.30;-0.87;0.06;-103.92;-0.54;0.50;0.007;1.05;2.12;-1000.00;-1000.00
242.185;1868;-0.98;0.05;259.12;-1.07;-0.39;-114.15;0.31;0.50;1052;3;1;4;-0.51;0.30;0.30;0.06;-0.06;-0.13;0.15;-0.50;-0.88;0.01;-107.32;-0.47;0.50;0.007;1.05;2.12;-1000.00;-1000.00
242.285;1878;-0.98;0.02;256.99;-1.07;-0.39;-114.15;0.31;0.50;1052;3;1;4;-0.46;0.30;0.28;0.05;-0.01;0.01;0.01;-0.30;-0.89;-0.01;-108.82;-0.44;0.50;0.006;1.05;2.12;-1000.00;-1000.00
242.375;1886;-0.98;-0.01;255.72;-1.07;-0.39;-114.15;0.31;0.50;1052;3;1;4;-0.47;0.31;0.29;0.05;-0.01;-0.05;-0.01;-0.28;-0.90;-0.04;-110.85;-0.39;0.50;0.005;1.05;2.12;-1000.00;-1000.00
242.475;1896;-0.99;-0.04;254.36;-1.07;-0.39;-114.15;0.31;0.50;1052;3;1;4;-0.45;0.31;0.32;0.01;-0.01;-0.07;-0.02;-0.27;-0.91;-0.07;-112.60;-0.34;0.50;0.004;1.05;2.12;-1000.00;-1000.00
242.585;1907;-1.00;-0.07;253.23;-1.07;-0.39;-114.15;0.31;0.50;1052;3;1;4;-0.42;0.31;0.32;-0.01;-0.01;-0.03;-0.02;-0.15;-0.93;-0.10;-114.09;-0.29;0.50;0.007;1.05;2.12;-1000.00;-1000.00
242.685;1915;-1.01;-0.09;252.73;-1.07;-0.39;-114.15;0.31;0.50;1052;3;1;4;-0.41;0.32;0.32;-0.01;-0.01;-0.04;-0.01;-0.10;-0.94;-0.12;-114.95;-0.26;0.50;0.005;1.05;2.12;-1000.00;-1000.00
242.795;1930;-1.03;-0.14;252.16;-1.07;-0.39;-114.15;0.31;0.50;1052;3;1;4;-0.37;0.32;0.34;0.00;-0.01;-0.05;-0.01;-0.08;-0.95;-0.15;-116.04;-0.21;0.50;0.020;1.05;2.12;-1000.00;-1000.00
242.875;1934;-1.03;-0.15;252.04;-1.07;-0.39;-114.15;0.31;0.50;1052;3;1;4;-0.36;0.32;0.33;-0.01;-0.01;-0.05;-0.01;-0.05;-0.96;-0.18;-116.87;-0.14;0.50;0.004;1.05;2.12;-1000.00;-1000.00
242.995;1947;-1.04;-0.19;251.93;-1.07;-0.39;-114.15;0.31;0.50;1052;3;1;4;-0.32;0.32;0.34;-0.01;-0.01;-0.04;-0.01;-0.05;-0.98;-0.22;-117.50;-0.06;0.50;0.013;1.05;2.12;-1000.00;-1000.00
243.085;1957;-1.05;-0.22;252.05;-1.07;-0.39;-114.15;0.31;0.50;1052;3;1;4;-0.27;0.33;0.33;-0.01;-0.01;0.06;0.01;0.07;-1.00;-0.25;-117.63;0.00;0.50;0.013;1.05;2.12;-1000.00;-1000.00
243.185;1965;-1.06;-0.25;252.25;-1.07;-0.39;-114.15;0.31;0.50;1052;3;1;4;-0.24;0.33;0.33;-0.01;-0.01;0.06;0.01;0.10;-1.01;-0.27;-117.56;0.05;0.50;0.008;1.05;2.12;-1000.00;-1000.00
243.285;1975;-1.07;-0.28;252.57;-1.07;-0.39;-114.15;0.31;0.50;1052;3;1;4;-0.18;0.33;0.35;-0.00;-0.01;-0.06;-0.02;0.04;-1.03;-0.30;-117.19;0.11;0.50;0.013;1.05;2.12;-1000.00;-1000.00
243.385;1985;-1.09;-0.31;253.05;-1.14;-0.66;-90.57;0.79;0.50;1052;4;1;4;-0.12;0.34;0.35;-0.00;-0.01;-0.08;-0.02;0.09;-1.04;-0.33;-116.52;0.18;0.50;0.006;1.05;2.12;-1000.00;-1000.00
243.485;1998;-1.10;-0.36;253.88;-1.14;-0.66;-90.57;0.79;0.50;1052;4;1;4;-0.04;0.34;0.35;-0.00;-0.01;-0.07;-0.02;0.09;-1.06;-0.36;-115.55;0.24;0.50;0.013;1.05;2.13;-1000.00;-1000.00
243.615;2011;-1.11;-0.39;254.81;-1.16;-0.79;-98.62;-0.63;0.50;187;1;1;4;0.06;0.34;0.34;-0.01;-0.01;-0.03;-0.02;0.12;-1.07;-0.40;-113.78;0.32;0.50;0.032;1.05;2.13;-1000.00;-1000.00
243.685;2016;-1.12;-0.41;255.51;-1.16;-0.79;-98.62;-0.63;0.50;187;1;1;4;0.79;0.33;0.34;-0.01;-0.01;-0.01;-0.02;0.21;-1.15;-0.65;-90.00;-0.08;0.06;0.013;1.05;2.13;-1000.00;-1000.00
243.795;2026;-1.12;-0.45;258.77;-1.16;-0.79;-98.62;-0.63;0.50;187;1;1;4;0.79;0.32;0.33;-0.01;0.01;0.02;-0.01;1.19;-1.15;-0.65;-90.00;-0.08;0.06;0.014;1.05;2.13;-1000.00;-1000.00
243.905;2040;-1.13;-0.49;267.60;-1.25;-1.05;-115.88;-0.22;0.50;187;2;1;4;0.33;0.32;0.35;-0.11;-0.04;-0.27;0.08;1.17;-1.15;-0.65;-90.00;-0.08;0.06;0.027;1.05;2.13;-1000.00;-1000.00
243.985;2045;-1.14;-0.51;269.83;-1.25;-1.05;-115.88;-0.22;0.50;187;2;1;4;0.06;0.32;0.31;-0.04;-0.00;0.15;-0.09;0.36;-1.15;-0.65;-90.00;-0.08;0.06;0.012;1.05;2.13;-1000.00;-1000.00
244.095;2059;-1.14;-0.55;269.41;-1.25;-1.05;-115.88;-0.22;0.50;187;2;1;4;0.04;0.31;0.33;0.02;-0.01;-0.04;0.04;-0.18;-1.15;-0.65;-90.00;-0.08;0.06;0.018;1.05;2.13;-1000.00;-1000.00
244.185;2068;-1.14;-0.58;268.40;-1.25;-1.05;-115.88;-0.22;0.50;187;2;1;4;0.05;0.31;0.31;0.01;-0.01;0.02;-0.01;-0.21;-1.15;-0.65;-90.00;-0.08;0.06;0.011;1.05;2.13;-1000.00;-1000.00
244.295;2078;-1.14;-0.61;267.53;-1.25;-1.05;-115.88;-0.22;0.50;187;2;1;4;0.06;0.30;0.31;-0.00;-0.01;-0.05;0.04;-0.09;-1.15;-0.65;-90.00;-0.08;0.06;0.023;1.05;2.13;-1000.00;-1000.00
244.385;2086;-1.14;-0.64;267.20;-1.25;-1.05;-115.88;-0.22;0.50;187;2;1;4;0.06;0.29;0.30;0.01;-0.01;-0.02;0.02;-0.06;-1.15;-0.65;-90.00;-0.08;0.06;0.010;1.05;2.13;-1000.00;-1000.00
244.485;2097;-1.14;-0.67;266.86;-1.25;-1.05;-115.88;-0.22;0.50;187;2;1;4;-0.13;0.28;0.29;0.00;-0.01;-0.01;0.02;-0.05;-1.15;-0.67;-90.43;-0.25;0.20;0.011;1.05;2.13;-1000.00;-1000.00
244.605;2110;-1.14;-0.71;265.43;-1.25;-1.05;-115.88;-0.22;0.50;187;2;1;4;-0.23;0.28;0.28;-0.01;-0.00;0.07;-0.05;-0.26;-1.15;-0.69;-91.36;-0.35;0.28;0.022;1.05;2.13;-1000.00;-1000.00
244.675;2116;-1.15;-0.72;264.60;-1.25;-1.05;-115.88;-0.22;0.50;187;2;1;4;-0.36;0.28;0.27;0.00;-0.00;-0.01;-0.01;-0.24;-1.15;-0.72;-93.11;-0.46;0.36;0.007;1.05;2.13;-1000.00;-1000.00
244.785;2128;-1.15;-0.76;262.66;-1.25;-1.05;-115.88;-0.22;0.50;187;2;1;4;-0.44;0.28;0.28;0.01;-0.00;0.07;0.03;-0.26;-1.15;-0.75;-95.11;-0.53;0.42;0.013;1.05;2.13;-1000.00;-1000.00
244.885;2139;-1.15;-0.79;260.73;-1.25;-1.05;-115.88;-0.22;0.50;187;2;1;4;-0.61;0.29;0.28;-0.00;-0.01;0.08;0.03;-0.28;-1.16;-0.79;-98.90;-0.62;0.50;0.010;1.05;2.13;-1000.00;-1000.00
244.995;2147;-1.16;-0.81;258.71;-1.25;-1.05;-115.88;-0.22;0.50;187;2;1;4;-0.59;0.30;0.29;-0.00;-0.01;0.08;0.03;-0.46;-1.16;-0.81;-101.01;-0.59;0.50;0.022;1.05;2.13;-1000.00;-1000.00
245.085;2158;-1.16;-0.85;255.94;-1.25;-1.05;-115.88;-0.22;0.50;187;2;1;4;-0.55;0.31;0.29;0.03;-0.01;0.08;0.03;-0.36;-1.17;-0.84;-103.92;-0.54;0.50;0.008;1.05;2.13;-1000.00;-1000.00
245.195;2166;-1.17;-0.87;254.21;-1.37;-1.29;-114.15;0.31;0.50;187;3;1;4;-0.52;0.32;0.30;0.05;-0.01;0.01;0.01;-0.37;-1.18;-0.87;-105.69;-0.51;0.50;0.020;1.05;2.13;-1000.00;-1000.00
245.285;2175;-1.17;-0.90;252.33;-1.37;-1.29;-114.15;0.31;0.50;187;3;1;4;-0.49;0.33;0.30;0.03;-0.01;0.11;0.03;-0.29;-1.18;-0.89;-107.32;-0.47;0.50;0.005;1.05;2.13;-1000.00;-1000.00
245.375;2185;-1.18;-0.93;250.48;-1.37;-1.29;-114.15;0.31;0.50;187;3;1;4;-0.46;0.34;0.32;0.02;-0.01;0.16;0.04;-0.24;-1.19;-0.92;-109.53;-0.43;0.50;0.005;1.05;2.13;-1000.00;-1000.00
245.485;2199;-1.19;-0.97;247.97;-1.37;-1.29;-114.15;0.31;0.50;187;3;1;4;-0.39;0.35;0.33;0.05;-0.01;-0.06;-0.01;-0.32;-1.20;-0.95;-111.46;-0.38;0.50;0.010;1.05;2.13;-1000.00;-1000.00
245.585;2208;-1.20;-1.00;246.96;-1.37;-1.29;-114.15;0.31;0.50;187;3;1;4;-0.40;0.36;0.34;0.04;-0.01;-0.07;-0.01;-0.23;-1.22;-0.98;-113.12;-0.33;0.50;0.007;1.05;2.13;-1000.00;-1000.00
245.685;2218;-1.21;-1.04;245.53;-1.37;-1.29;-114.15;0.31;0.50;187;3;1;4;-0.34;0.36;0.35;0.03;-0.01;0.01;-0.00;-0.26;-1.24;-1.02;-114.95;-0.26;0.50;0.010;1.05;2.13;-1000.00;-1000.00
245.785;2228;-1.22;-1.07;244.60;-1.37;-1.29;-114.15;0.31;0.50;187;3;1;4;-0.30;0.37;0.38;-0.00;-0.01;-0.08;-0.01;-0.14;-1.25;-1.05;-116.04;-0.21;0.50;0.006;1.05;2.13;-1000.00;-1000.00
245.885;2236;-1.24;-1.10;244.32;-1.37;-1.29;-114.15;0.31;0.50;187;3;1;4;-0.26;0.38;0.38;-0.01;-0.01;-0.03;-0.01;-0.04;-1.26;-1.08;-116.87;-0.14;0.50;0.007;1.05;2.13;-1000.00;-1000.00
245.975;2247;-1.26;-1.13;244.29;-1.37;-1.29;-114.15;0.31;0.50;187;3;1;4;-0.20;0.38;0.39;-0.00;-0.01;-0.11;-0.01;-0.02;-1.28;-1.12;-117.50;-0.06;0.50;0.004;1.05;2.13;-1000.00;-1000.00
246.085;2256;-1.27;-1.16;244.53;-1.37;-1.29;-114.15;0.31;0.50;187;3;1;4;-0.15;0.39;0.40;-0.01;-0.01;-0.06;-0.01;0.03;-1.30;-1.15;-117.63;0.00;0.50;0.008;1.05;2.13;-1000.00;-1000.00
246.185;2266;-1.29;-1.20;244.95;-1.37;-1.29;-114.15;0.31;0.50;187;3;1;4;-0.09;0.40;0.39;-0.01;-0.01;0.04;0.00;0.11;-1.32;-1.18;-117.47;0.07;0.50;0.005;1.05;2.13;-1000.00;-1000.00
246.285;2274;-1.30;-1.23;245.40;-1.37;-1.29;-114.15;0.31;0.50;187;3;1;4;-0.03;0.40;0.40;-0.01;-0.01;0.04;0.00;0.15;-1.33;-1.21;-117.00;0.13;0.50;0.007;1.05;2.13;-1000.00;-1000.00
246.375;2284;-1.32;-1.26;246.07;-1.44;-1.56;-90.57;0.79;0.50;187;4;1;4;0.06;0.41;0.41;-0.01;-0.01;-0.05;-0.01;0.14;-1.35;-1.25;-115.91;0.22;0.50;0.004;1.05;2.13;-1000.00;-1000.00
