t;frame;x;y;z;x_ref;y_ref;z_ref;delta_ref;u_ref;state;ellipse;control;action;delta;u;vx;vy;vz;wx;wy;wz;xr;yr;zr;delr;ur;obs1x;obs1y;obs2x;obs2y
440.865;16;1.10;-0.30;-0.00;0.95;-2.45;0.00;0.00;-0.50;403;0;1;2;-0.79;-0.04;0.00;0.00;-0.00;0.00;0.00;0.00;0.95;-2.45;0.00;0.00;-0.50;0.107;1.21;2.20;-1000.00;-1000.00
440.895;20;1.10;-0.30;-0.00;0.95;-2.45;0.00;0.00;-0.50;403;0;1;2;-0.79;-0.08;0.00;0.00;-0.00;0.00;0.00;0.00;0.95;-2.45;0.00;0.00;-0.50;0.040;1.21;2.20;-1000.00;-1000.00
440.985;28;1.10;-0.30;0.74;0.95;-2.45;0.00;0.00;-0.50;403;0;1;2;-0.79;-0.12;-0.07;-0.01;0.00;-0.01;-0.02;0.25;0.95;-2.45;0.00;0.00;-0.50;0.037;1.21;2.20;-1000.00;-1000.00
441.095;41;1.09;-0.30;3.03;0.95;-2.45;0.00;0.00;-0.50;403;0;1;2;-0.79;-0.15;-0.10;-0.01;-0.01;-0.02;-0.06;0.33;0.95;-2.45;0.00;0.00;-0.50;0.046;1.21;2.20;-1000.00;-1000.00
441.195;49;1.08;-0.30;4.64;0.95;-2.45;0.00;0.00;-0.50;403;0;1;2;-0.79;-0.18;-0.15;0.01;-0.01;0.04;0.07;0.37;0.95;-2.45;0.00;0.00;-0.50;0.039;1.21;2.20;-1000.00;-1000.00
441.295;60;1.06;-0.30;7.04;0.95;-2.45;0.00;0.00;-0.50;403;0;1;2;-0.79;-0.21;-0.16;-0.01;-0.01;-0.04;-0.06;0.41;0.95;-2.45;0.00;0.00;-0.50;0.044;1.21;2.20;-1000.00;-1000.00
441.395;69;1.04;-0.31;9.20;0.95;-2.45;0.00;0.00;-0.50;403;0;1;2;-0.79;-0.24;-0.21;-0.07;-0.01;-0.04;-0.11;0.53;0.95;-2.45;0.00;0.00;-0.50;0.038;1.21;2.20;-1000.00;-1000.00
441.495;80;1.02;-0.32;12.47;0.95;-2.45;0.00;0.00;-0.50;403;0;1;2;-0.79;-0.26;-0.24;-0.07;-0.01;0.02;0.01;0.55;0.95;-2.45;0.00;0.00;-0.50;0.041;1.21;2.20;-1000.00;-1000.00
441.605;88;1.00;-0.33;15.14;0.95;-2.45;0.00;0.00;-0.50;403;0;1;2;-0.79;-0.27;-0.27;-0.06;-0.01;0.04;0.09;0.55;0.95;-2.45;0.00;0.00;-0.50;0.047;1.21;2.20;-1000.00;-1000.00
441.695;98;0.98;-0.35;18.56;0.95;-2.45;0.00;0.00;-0.50;403;0;1;2;-0.79;-0.29;-0.29;-0.06;-0.01;0.04;0.17;0.56;0.95;-2.45;0.00;0.00;-0.50;0.043;1.21;2.20;-1000.00;-1000.00
441.785;107;0.96;-0.36;22.11;0.95;-2.45;0.00;0.00;-0.50;403;0;1;2;-0.79;-0.30;-0.30;-0.12;-0.01;-0.01;-0.14;0.77;0.95;-2.45;0.00;0.00;-0.50;0.032;1.21;2.21;-1000.00;-1000.00
441.905;123;0.92;-0.40;28.32;0.95;-2.45;0.00;0.00;-0.50;403;0;1;2;-0.79;-0.31;-0.35;-0.11;-0.05;0.18;0.06;0.65;0.94;-2.45;-0.00;0.00;-0.50;0.056;1.21;2.21;-1000.00;-1000.00
442.015;132;0.89;-0.42;31.93;0.95;-2.45;0.00;0.00;-0.50;403;0;1;2;-0.79;-0.31;-0.35;-0.09;-0.01;-0.02;0.06;0.65;0.91;-2.45;-0.00;0.00;-0.50;0.065;1.21;2.21;-1000.00;-1000.00
442.125;142;0.87;-0.45;35.96;0.95;-2.45;0.00;0.00;-0.50;403;0;1;2;-0.79;-0.32;-0.36;-0.09;-0.01;-0.03;0.05;0.66;0.89;-2.45;-0.00;0.00;-0.50;0.065;1.21;2.21;-1000.00;-1000.00
442.185;148;0.86;-0.47;38.39;0.95;-2.45;0.00;0.00;-0.50;403;0;1;2;-0.79;-0.33;-0.37;-0.09;-0.01;-0.01;0.09;0.66;0.86;-2.45;-0.00;0.00;-0.50;0.028;1.21;2.21;-1000.00;-1000.00
442.295;162;0.83;-0.51;44.51;0.95;-2.45;0.00;0.00;-0.50;403;0;1;2;-0.79;-0.34;-0.38;-0.07;-0.01;-0.05;0.12;0.72;0.84;-2.45;-0.00;0.00;-0.50;0.035;1.21;2.21;-1000.00;-1000.00
442.395;172;0.81;-0.54;49.05;0.95;-2.45;0.00;0.00;-0.50;403;0;1;2;-0.79;-0.34;-0.38;-0.09;-0.01;0.01;-0.07;0.82;0.82;-2.45;-0.00;0.00;-0.50;0.047;1.21;2.21;-1000.00;-1000.00
442.515;182;0.79;-0.58;53.71;0.95;-2.45;0.00;0.00;-0.50;403;0;1;2;-0.79;-0.35;-0.41;-0.11;-0.01;0.00;-0.03;0.81;0.80;-2.45;-0.00;0.00;-0.50;0.059;1.21;2.21;-1000.00;-1000.00
442.635;196;0.77;-0.64;60.20;0.95;-2.45;0.00;0.00;-0.50;403;0;1;2;-0.79;-0.36;-0.43;-0.11;-0.01;0.00;-0.02;0.80;0.78;-2.45;-0.00;0.00;-0.50;0.079;1.21;2.21;-1000.00;-1000.00
442.695;199;0.77;-0.65;61.58;0.95;-2.45;0.00;0.00;-0.50;403;0;1;2;-0.79;-0.36;-0.43;-0.11;-0.01;0.00;-0.02;0.80;0.77;-2.45;-0.00;0.00;-0.50;0.054;1.21;2.21;-1000.00;-1000.00
442.805;209;0.76;-0.70;66.06;0.95;-2.45;0.00;0.00;-0.50;403;0;1;2;-0.79;-0.37;-0.46;-0.10;-0.01;0.01;-0.01;0.75;0.76;-2.45;-0.00;0.00;-0.50;0.046;1.21;2.21;-1000.00;-1000.00
442.895;220;0.75;-0.75;70.58;0.95;-2.45;0.00;0.00;-0.50;403;0;1;2;-0.67;-0.37;-0.48;-0.09;-0.01;0.02;-0.00;0.67;0.75;-2.45;-0.00;0.00;-0.50;0.040;1.21;2.21;-1000.00;-1000.00
442.985;228;0.74;-0.79;73.25;0.95;-2.45;0.00;0.00;-0.50;403;0;1;2;-0.44;-0.38;-0.46;-0.06;-0.00;0.01;-0.01;0.47;0.74;-2.45;-0.00;0.00;-0.50;0.037;1.21;2.21;-1000.00;-1000.00
443.115;243;0.73;-0.85;75.80;0.95;-2.45;0.00;0.00;-0.50;403;0;1;2;-0.16;-0.39;-0.40;-0.07;-0.00;0.04;-0.02;0.28;0.74;-2.45;-0.00;0.00;-0.50;0.055;1.21;2.21;-1000.00;-1000.00
443.185;247;0.73;-0.87;76.21;0.95;-2.45;0.00;0.00;-0.50;403;0;1;2;-0.10;-0.39;-0.40;-0.04;-0.00;-0.07;0.08;0.03;0.73;-2.45;-0.00;0.00;-0.50;0.035;1.21;2.21;-1000.00;-1000.00
443.285;261;0.72;-0.92;75.49;0.95;-2.45;0.00;0.00;-0.50;403;0;1;2;-0.01;-0.40;-0.39;-0.05;-0.01;0.10;-0.12;-0.06;0.73;-2.45;-0.00;0.00;-0.50;0.035;1.21;2.21;-1000.00;-1000.00
443.425;270;0.72;-0.95;74.72;0.95;-2.45;0.00;0.00;-0.50;403;0;1;2;0.04;-0.40;-0.39;-0.00;-0.01;0.05;-0.06;-0.14;0.72;-2.45;-0.00;0.00;-0.50;0.064;1.21;2.21;-1000.00;-1000.00
443.505;281;0.70;-1.00;73.78;0.95;-2.45;0.00;0.00;-0.50;403;0;1;2;0.09;-0.40;-0.40;0.01;-0.01;0.02;-0.03;-0.17;0.71;-2.45;-0.00;0.00;-0.50;0.055;1.21;2.21;-1000.00;-1000.00
443.585;290;0.69;-1.03;72.72;0.95;-2.45;0.00;0.00;-0.50;403;0;1;2;0.13;-0.41;-0.40;-0.01;-0.00;0.01;-0.01;-0.24;0.70;-2.45;-0.00;0.00;-0.50;0.039;1.21;2.21;-1000.00;-1000.00
443.715;301;0.68;-1.07;71.44;0.95;-2.45;0.00;0.00;-0.50;403;0;1;2;0.17;-0.41;-0.41;-0.00;-0.00;-0.01;0.01;-0.17;0.69;-2.45;-0.00;0.00;-0.50;0.065;1.21;2.21;-1000.00;-1000.00
443.825;315;0.66;-1.13;70.21;0.95;-2.45;0.00;0.00;-0.50;403;0;1;2;0.23;-0.41;-0.40;0.01;-0.00;0.00;0.01;-0.14;0.67;-2.45;-0.00;0.00;-0.50;0.068;1.21;2.21;-1000.00;-1000.00
443.895;319;0.66;-1.14;69.80;0.95;-2.45;0.00;0.00;-0.50;403;0;1;2;0.25;-0.42;-0.40;0.01;-0.00;0.00;0.01;-0.21;0.66;-2.45;-0.00;0.00;-0.50;0.038;1.21;2.21;-1000.00;-1000.00
443.995;329;0.64;-1.18;68.66;0.95;-2.45;0.00;0.00;-0.50;403;0;1;2;0.29;-0.42;-0.40;0.01;-0.01;0.04;0.01;-0.20;0.66;-2.45;-0.00;0.00;-0.50;0.046;1.21;2.21;-1000.00;-1000.00
444.105;341;0.62;-1.22;67.55;0.95;-2.45;0.00;0.00;-0.50;403;0;1;2;0.34;-0.42;-0.40;0.01;-0.01;0.08;0.02;-0.18;0.66;-2.45;-0.00;0.00;-0.50;0.054;1.22;2.21;-1000.00;-1000.00
444.205;353;0.60;-1.27;66.39;0.95;-2.45;0.00;0.00;-0.50;403;0;1;2;0.39;-0.42;-0.40;0.02;-0.01;0.11;0.03;-0.21;0.66;-2.45;-0.00;0.00;-0.50;0.052;1.22;2.21;-1000.00;-1000.00
444.305;359;0.59;-1.29;65.69;0.95;-2.45;0.00;0.00;-0.50;403;0;1;2;0.41;-0.41;-0.41;0.01;-0.01;-0.03;-0.00;-0.20;0.66;-2.45;-0.00;0.00;-0.50;0.039;1.22;2.21;-1000.00;-1000.00
444.385;367;0.58;-1.32;64.66;0.95;-2.45;0.00;0.00;-0.50;403;0;1;2;0.43;-0.41;-0.41;0.06;-0.01;0.14;0.01;-0.34;0.66;-2.45;-0.00;0.00;-0.50;0.028;1.22;2.21;-1000.00;-1000.00
444.495;382;0.54;-1.37;62.51;0.95;-2.45;0.00;0.00;-0.50;403;0;1;2;0.46;-0.40;-0.39;0.02;-0.01;0.07;0.01;-0.28;0.66;-2.45;-0.00;0.00;-0.50;0.044;1.22;2.21;-1000.00;-1000.00
444.595;391;0.53;-1.40;61.36;0.95;-2.45;0.00;0.00;-0.50;403;0;1;2;0.47;-0.39;-0.40;0.05;-0.01;0.15;0.01;-0.26;0.66;-2.45;-0.00;0.00;-0.50;0.040;1.22;2.21;-1000.00;-1000.00
444.695;401;0.50;-1.44;60.19;0.95;-2.45;0.00;0.00;-0.50;403;0;1;2;0.49;-0.37;-0.37;0.08;-0.04;0.25;-0.09;-0.40;0.66;-2.45;-0.00;0.00;-0.50;0.039;1.22;2.21;-1000.00;-1000.00
444.785;409;0.48;-1.46;59.04;0.95;-2.45;0.00;0.00;-0.50;403;0;1;2;0.50;-0.36;-0.37;0.05;-0.01;0.07;0.03;-0.30;0.66;-2.45;-0.00;0.00;-0.50;0.023;1.22;2.21;-1000.00;-1000.00
444.885;419;0.46;-1.49;57.49;0.95;-2.45;0.00;0.00;-0.50;403;0;1;2;0.49;-0.34;-0.35;0.05;-0.01;0.11;0.03;-0.30;0.66;-2.45;-0.00;0.00;-0.50;0.026;1.22;2.21;-1000.00;-1000.00
444.995;430;0.43;-1.52;55.83;0.95;-2.45;0.00;0.00;-0.50;403;0;1;2;0.49;-0.33;-0.33;0.07;-0.04;0.26;-0.12;-0.38;0.66;-2.45;-0.00;0.00;-0.50;0.031;1.22;2.21;-1000.00;-1000.00
445.095;440;0.41;-1.55;54.63;0.95;-2.45;0.00;0.00;-0.50;403;0;1;2;0.49;-0.30;-0.31;0.03;-0.02;0.10;-0.03;-0.26;0.66;-2.45;-0.00;0.00;-0.50;0.039;1.22;2.21;-1000.00;-1000.00
445.175;449;0.39;-1.57;53.74;0.95;-2.45;0.00;0.00;-0.50;403;0;1;2;0.50;-0.28;-0.29;0.00;-0.01;0.04;-0.01;-0.16;0.66;-2.45;-0.00;0.00;-0.50;0.028;1.22;2.21;-1000.00;-1000.00
445.285;460;0.37;-1.59;53.24;0.95;-2.45;0.00;0.00;-0.50;403;0;1;2;0.53;-0.26;-0.27;0.01;-0.01;0.04;-0.01;-0.09;0.66;-2.45;-0.00;0.00;-0.50;0.036;1.22;2.21;-1000.00;-1000.00
445.395;471;0.36;-1.62;52.92;0.95;-2.45;0.00;0.00;-0.50;403;0;1;2;0.57;-0.24;-0.24;0.01;-0.01;0.04;-0.01;-0.08;0.66;-2.45;-0.00;0.00;-0.50;0.038;1.22;2.21;-1000.00;-1000.00
445.485;480;0.34;-1.63;52.74;0.95;-2.45;0.00;0.00;-0.50;403;0;1;2;0.60;-0.21;-0.22;0.01;-0.01;0.04;-0.00;-0.06;0.66;-2.45;-0.00;0.00;-0.50;0.026;1.22;2.21;-1000.00;-1000.00
445.605;490;0.33;-1.65;52.68;0.95;-2.45;0.00;0.00;-0.50;403;0;1;2;0.64;-0.19;-0.20;0.01;-0.01;0.04;-0.00;-0.04;0.66;-2.45;-0.00;0.00;-0.50;0.048;1.22;2.21;-1000.00;-1000.00
445.705;499;0.32;-1.66;52.66;0.95;-2.45;0.00;0.00;-0.50;403;0;1;2;0.67;-0.16;-0.18;0.01;-0.01;0.04;-0.00;-0.01;0.66;-2.45;-0.00;0.00;-0.50;0.050;1.22;2.21;-1000.00;-1000.00
445.785;510;0.31;-1.68;52.79;0.95;-2.45;0.00;0.00;-0.50;403;0;1;2;0.71;-0.14;-0.15;0.01;-0.01;0.04;-0.00;0.01;0.66;-2.45;-0.00;0.00;-0.50;0.028;1.22;2.21;-1000.00;-1000.00
445.885;518;0.30;-1.69;53.01;0.95;-2.45;0.00;0.00;-0.50;403;0;1;2;0.75;-0.11;-0.13;0.00;-0.01;0.04;-0.00;0.02;0.66;-2.45;-0.00;0.00;-0.50;0.025;1.22;2.21;-1000.00;-1000.00
445.985;529;0.29;-1.70;53.36;0.95;-2.45;0.00;0.00;-0.50;403;0;1;2;0.79;-0.09;-0.10;0.00;-0.01;0.05;-0.01;0.03;0.66;-2.45;-0.00;0.00;-0.50;0.030;1.22;2.21;-1000.00;-1000.00
446.085;538;0.29;-1.70;53.74;0.95;-2.45;0.00;0.00;-0.50;403;0;1;2;0.79;-0.07;-0.08;0.00;-0.01;0.05;-0.01;0.05;0.66;-2.45;-0.00;0.00;-0.50;0.031;1.22;2.21;-1000.00;-1000.00
446.185;548;0.28;-1.71;54.30;0.95;-2.45;0.00;0.00;-0.50;403;0;1;2;0.79;-0.04;-0.05;0.00;-0.01;0.05;-0.01;0.09;0.66;-2.45;-0.00;0.00;-0.50;0.027;1.22;2.21;-1000.00;-1000.00
446.305;563;0.28;-1.71;55.44;0.95;-2.45;0.00;0.00;-0.50;403;0;1;2;0.79;-0.02;-0.03;0.00;-0.01;0.06;-0.00;0.11;0.66;-2.45;-0.00;0.00;-0.50;0.053;1.22;2.21;-1000.00;-1000.00
446.405;572;0.28;-1.72;56.23;0.95;-2.45;0.00;0.00;-0.50;403;0;1;2;0.79;0.00;-0.01;0.00;-0.01;0.06;-0.00;0.13;0.66;-2.45;-0.00;0.00;-0.50;0.042;1.22;2.21;-1000.00;-1000.00
446.485;578;0.28;-1.72;56.79;0.95;-2.45;0.00;0.00;-0.50;403;0;1;2;0.79;0.02;-0.01;-0.00;-0.00;-0.06;0.01;0.22;0.66;-2.45;-0.00;0.00;-0.50;0.022;1.22;2.21;-1000.00;-1000.00
446.575;586;0.28;-1.72;57.60;0.95;-2.45;0.00;0.00;-0.50;403;0;1;2;0.79;0.04;0.01;-0.00;-0.00;-0.03;0.01;0.22;0.66;-2.45;-0.00;0.00;-0.50;0.025;1.22;2.21;-1000.00;-1000.00
446.675;600;0.28;-1.71;58.96;0.95;-2.45;0.00;0.00;-0.50;403;0;1;2;0.79;0.06;0.04;0.00;-0.00;0.01;-0.01;0.13;0.66;-2.45;-0.00;0.00;-0.50;0.025;1.22;2.21;-1000.00;-1000.00
446.785;608;0.28;-1.71;59.71;0.95;-2.45;0.00;0.00;-0.50;403;0;1;2;0.79;0.08;0.06;-0.00;-0.00;-0.01;-0.00;0.15;0.66;-2.45;-0.00;0.00;-0.50;0.027;1.22;2.21;-1000.00;-1000.00
446.875;618;0.29;-1.70;60.52;0.95;-2.45;0.00;0.00;-0.50;403;0;1;2;0.79;0.09;0.07;-0.00;-0.00;-0.04;0.07;0.15;0.66;-2.45;-0.00;0.00;-0.50;0.024;1.22;2.21;-1000.00;-1000.00
446.985;629;0.29;-1.69;61.65;0.95;-2.45;0.00;0.00;-0.50;403;0;1;2;0.79;0.11;0.10;-0.00;-0.01;0.03;-0.05;0.19;0.66;-2.45;-0.00;0.00;-0.50;0.023;1.22;2.21;-1000.00;-1000.00
447.075;637;0.29;-1.69;62.47;0.95;-2.45;0.00;0.00;-0.50;403;0;1;2;0.79;0.12;0.10;0.00;-0.01;-0.04;0.07;0.18;0.66;-2.45;-0.00;0.00;-0.50;0.025;1.22;2.21;-1000.00;-1000.00
447.195;652;0.30;-1.67;64.15;0.95;-2.45;0.00;0.00;-0.50;403;0;1;2;0.79;0.13;0.13;-0.00;-0.01;0.04;-0.08;0.20;0.66;-2.45;-0.00;0.00;-0.50;0.040;1.22;2.21;-1000.00;-1000.00
447.285;660;0.31;-1.66;64.99;0.95;-2.45;0.00;0.00;-0.50;403;0;1;2;0.79;0.14;0.13;0.01;-0.01;-0.06;0.08;0.16;0.66;-2.45;-0.00;0.00;-0.50;0.029;1.22;2.21;-1000.00;-1000.00
447.385;671;0.31;-1.65;66.21;0.95;-2.45;0.00;0.00;-0.50;403;0;1;2;0.79;0.15;0.14;0.00;-0.01;-0.04;0.04;0.16;0.66;-2.45;-0.00;0.00;-0.50;0.032;1.10;2.30;-1000.00;-1000.00
447.485;679;0.32;-1.64;67.14;0.95;-2.45;0.00;0.00;-0.50;403;0;1;2;0.79;0.16;0.17;-0.01;-0.01;0.04;-0.07;0.23;0.66;-2.45;-0.00;0.00;-0.50;0.032;1.10;2.30;-1000.00;-1000.00
447.575;688;0.32;-1.62;68.10;0.95;-2.45;0.00;0.00;-0.50;403;0;1;2;0.79;0.17;0.16;-0.00;0.00;-0.03;0.03;0.16;0.66;-2.45;-0.00;0.00;-0.50;0.022;1.10;2.30;-1000.00;-1000.00
447.705;702;0.33;-1.60;69.62;0.95;-2.45;0.00;0.00;-0.50;403;0;1;2;0.79;0.17;0.19;-0.01;-0.00;0.02;-0.06;0.25;0.66;-2.45;-0.00;0.00;-0.50;0.045;1.10;2.30;-1000.00;-1000.00
447.775;707;0.34;-1.59;70.26;0.95;-2.45;0.00;0.00;-0.50;403;0;1;2;0.79;0.18;0.18;-0.01;-0.00;-0.00;-0.02;0.24;0.66;-2.45;-0.00;0.00;-0.50;0.024;1.10;2.30;-1000.00;-1000.00
447.885;717;0.34;-1.57;71.43;0.95;-2.45;0.00;0.00;-0.50;403;0;1;2;0.79;0.18;0.19;-0.01;0.00;0.02;-0.04;0.21;0.66;-2.45;-0.00;0.00;-0.50;0.027;1.10;2.30;-1000.00;-1000.00
448.005;732;0.36;-1.55;74.38;0.95;-2.45;0.00;0.00;-0.50;403;0;1;2;0.79;0.18;0.17;-0.05;-0.01;-0.03;0.05;0.37;0.66;-2.45;-0.00;0.00;-0.50;0.042;1.10;2.30;-1000.00;-1000.00
448.075;736;0.36;-1.55;75.27;0.95;-2.45;0.00;0.00;-0.50;403;0;1;2;0.79;0.19;0.20;-0.03;-0.00;0.02;-0.03;0.42;0.66;-2.45;-0.00;0.00;-0.50;0.024;1.10;2.30;-1000.00;-1000.00
448.185;751;0.38;-1.52;78.94;0.95;-2.45;0.00;0.00;-0.50;403;0;1;2;0.79;0.19;0.18;-0.06;-0.01;-0.01;0.02;0.43;0.66;-2.45;-0.00;0.00;-0.50;0.025;1.10;2.30;-1000.00;-1000.00
448.295;759;0.38;-1.51;81.02;0.95;-2.45;0.00;0.00;-0.50;403;0;1;2;0.79;0.19;0.18;-0.05;-0.01;-0.05;0.05;0.41;0.66;-2.45;-0.00;0.00;-0.50;0.042;1.10;2.30;-1000.00;-1000.00
448.385;769;0.39;-1.49;83.68;0.95;-2.45;0.00;0.00;-0.50;403;0;1;2;0.79;0.18;0.19;-0.07;-0.06;0.16;0.10;0.53;0.66;-2.45;-0.00;0.00;-0.50;0.030;1.10;2.30;-1000.00;-1000.00
448.495;779;0.40;-1.47;86.37;0.95;-2.45;0.00;0.00;-0.50;403;0;1;2;0.79;0.18;0.18;-0.06;-0.01;-0.01;0.01;0.44;0.66;-2.45;-0.00;0.00;-0.50;0.042;1.10;2.30;-1000.00;-1000.00
448.595;788;0.40;-1.46;88.62;0.95;-2.45;0.00;0.00;-0.50;403;0;1;2;0.79;0.18;0.17;-0.04;-0.01;-0.10;0.07;0.37;0.66;-2.45;-0.00;0.00;-0.50;0.047;1.10;2.30;-1000.00;-1000.00
448.675;797;0.41;-1.44;90.65;0.95;-2.45;0.00;0.00;-0.50;403;0;1;2;0.79;0.18;0.19;-0.02;-0.00;-0.03;0.01;0.35;0.66;-2.45;-0.00;0.00;-0.50;0.033;1.10;2.30;-1000.00;-1000.00
448.825;812;0.41;-1.41;93.89;0.95;-2.45;0.00;0.00;-0.50;403;0;1;2;0.79;0.17;0.17;-0.06;-0.01;-0.01;0.01;0.37;0.66;-2.45;-0.00;0.00;-0.50;0.064;1.08;2.30;-1000.00;-1000.00
448.885;817;0.42;-1.40;95.01;0.95;-2.45;0.00;0.00;-0.50;403;0;1;2;0.79;0.17;0.17;-0.08;-0.01;0.12;-0.06;0.44;0.66;-2.45;-0.00;0.00;-0.50;0.028;1.08;2.30;-1000.00;-1000.00
448.995;830;0.42;-1.38;97.57;0.95;-2.45;0.00;0.00;-0.50;403;0;1;2;0.79;0.16;0.16;-0.03;-0.01;-0.10;0.05;0.29;0.66;-2.45;-0.00;0.00;-0.50;0.042;1.05;2.30;-1000.00;-1000.00
449.105;840;0.42;-1.36;99.51;0.95;-2.45;0.00;0.00;-0.50;403;0;1;2;0.79;0.16;0.18;-0.04;-0.01;0.08;-0.05;0.36;0.66;-2.45;-0.00;0.00;-0.50;0.049;1.03;2.30;-1000.00;-1000.00
449.205;850;0.42;-1.35;101.18;0.95;-2.45;0.00;0.00;-0.50;403;0;1;2;0.79;0.16;0.15;-0.03;-0.01;-0.01;0.00;0.27;0.66;-2.45;-0.00;0.00;-0.50;0.034;1.01;2.30;-1000.00;-1000.00
449.285;859;0.42;-1.33;102.39;0.95;-2.45;0.00;0.00;-0.50;403;0;1;2;0.79;0.15;0.18;-0.02;-0.01;0.09;-0.06;0.26;0.66;-2.45;-0.00;0.00;-0.50;0.030;0.99;2.30;-1000.00;-1000.00
449.405;869;0.42;-1.32;103.45;0.95;-2.45;0.00;0.00;-0.50;403;0;1;2;0.79;0.15;0.16;0.01;-0.01;0.03;-0.02;0.16;0.66;-2.45;-0.00;0.00;-0.50;0.049;0.96;2.30;-1000.00;-1000.00
449.485;878;0.41;-1.30;104.08;0.95;-2.45;0.00;0.00;-0.50;403;0;1;2;0.79;0.15;0.16;0.01;-0.01;0.03;-0.01;0.12;0.66;-2.45;-0.00;0.00;-0.50;0.027;0.94;2.30;-1000.00;-1000.00
449.605;892;0.40;-1.28;104.76;0.95;-2.45;0.00;0.00;-0.50;403;0;1;2;0.79;0.15;0.15;0.00;-0.00;-0.07;0.02;0.03;0.66;-2.45;-0.00;0.00;-0.50;0.044;0.90;2.30;-1000.00;-1000.00
449.715;902;0.40;-1.27;105.46;0.95;-2.45;0.00;0.00;-0.50;403;0;1;2;0.79;0.15;0.14;-0.03;-0.01;-0.14;0.05;0.08;0.66;-2.45;-0.00;0.00;-0.50;0.067;0.87;2.30;-1000.00;-1000.00
449.795;910;0.41;-1.25;106.34;0.95;-2.45;0.00;0.00;-0.50;403;0;1;2;0.79;0.14;0.13;-0.04;-0.01;-0.06;0.02;0.17;0.66;-2.45;-0.00;0.00;-0.50;0.033;0.86;2.30;-1000.00;-1000.00
449.895;921;0.40;-1.24;107.50;0.95;-2.45;0.00;0.00;-0.50;403;0;1;2;0.79;0.14;0.16;0.01;-0.01;0.04;-0.02;0.16;0.66;-2.45;-0.00;0.00;-0.50;0.051;0.86;2.30;-1000.00;-1000.00
449.995;929;0.40;-1.23;108.04;0.95;-2.45;0.00;0.00;-0.50;403;0;1;2;0.79;0.14;0.16;0.01;-0.01;0.04;-0.01;0.12;0.66;-2.45;-0.00;0.00;-0.50;0.042;0.86;2.30;-1000.00;-1000.00
450.155;944;0.39;-1.21;108.83;0.95;-2.45;0.00;0.00;-0.50;403;0;1;2;0.79;0.14;0.16;0.00;-0.01;0.04;-0.01;0.12;0.66;-2.45;-0.00;0.00;-0.50;0.083;0.86;2.30;-1000.00;-1000.00
450.215;952;0.38;-1.19;109.21;0.95;-2.45;0.00;0.00;-0.50;403;0;1;2;0.79;0.14;0.15;0.01;-0.01;-0.01;-0.00;0.06;0.66;-2.45;-0.00;0.00;-0.50;0.056;0.86;2.30;-1000.00;-1000.00
450.295;963;0.38;-1.18;109.69;0.95;-2.45;0.00;0.00;-0.50;403;0;1;2;0.79;0.15;0.16;-0.05;-0.04;0.27;0.06;0.22;0.66;-2.45;-0.00;0.00;-0.50;0.066;0.86;2.30;-1000.00;-1000.00
450.395;967;0.38;-1.17;109.98;0.95;-2.45;0.00;0.00;-0.50;403;0;1;2;0.79;0.15;0.13;-0.04;-0.01;-0.00;0.01;0.10;0.66;-2.45;-0.00;0.00;-0.50;0.034;0.86;2.30;-1000.00;-1000.00
450.485;978;0.38;-1.16;110.99;0.95;-2.45;0.00;0.00;-0.50;403;0;1;2;0.79;0.15;0.13;-0.04;-0.01;-0.05;0.01;0.17;0.66;-2.45;-0.00;0.00;-0.50;0.023;0.86;2.30;-1000.00;-1000.00
450.595;990;0.38;-1.14;112.42;0.95;-2.45;0.00;0.00;-0.50;403;0;1;2;0.79;0.15;0.14;-0.01;-0.01;-0.15;0.03;0.17;0.66;-2.45;-0.00;0.00;-0.50;0.035;0.86;2.30;-1000.00;-1000.00
450.685;1000;0.37;-1.12;113.81;0.95;-2.45;0.00;0.00;-0.50;403;0;1;2;0.79;0.15;0.15;-0.02;-0.01;-0.01;-0.00;0.22;0.66;-2.45;-0.00;0.00;-0.50;0.033;0.86;2.30;-1000.00;-1000.00
450.785;1008;0.37;-1.11;114.66;0.95;-2.45;0.00;0.00;-0.50;403;0;1;2;0.79;0.16;0.15;0.01;-0.01;-0.04;-0.00;0.14;0.66;-2.45;-0.00;0.00;-0.50;0.030;0.86;2.30;-1000.00;-1000.00
450.895;1019;0.36;-1.10;115.65;0.95;-2.45;0.00;0.00;-0.50;403;0;1;2;0.79;0.16;0.17;-0.00;-0.01;0.05;-0.01;0.19;0.66;-2.45;-0.00;0.00;-0.50;0.046;0.86;2.30;-1000.00;-1000.00
451.025;1033;0.35;-1.08;116.81;0.95;-2.45;0.00;0.00;-0.50;403;0;1;2;0.79;0.16;0.16;-0.00;-0.01;-0.09;0.01;0.10;0.66;-2.45;-0.00;0.00;-0.50;0.070;0.86;2.30;-1000.00;-1000.00
451.085;1038;0.35;-1.07;117.39;0.95;-2.45;0.00;0.00;-0.50;403;0;1;2;0.79;0.17;0.15;-0.04;-0.01;0.02;0.00;0.19;0.66;-2.45;-0.00;0.00;-0.50;0.034;0.86;2.30;-1000.00;-1000.00
451.185;1049;0.34;-1.05;118.56;0.95;-2.45;0.00;0.00;-0.50;403;0;1;2;0.79;0.17;0.17;0.01;-0.01;-0.07;-0.00;0.13;0.66;-2.45;-0.00;0.00;-0.50;0.030;0.86;2.30;-1000.00;-1000.00
451.285;1059;0.33;-1.04;119.53;0.95;-2.45;0.00;0.00;-0.50;403;0;1;2;0.79;0.18;0.17;-0.04;-0.06;0.08;0.18;0.22;0.66;-2.45;-0.00;0.00;-0.50;0.027;0.86;2.30;-1000.00;-1000.00
451.385;1068;0.33;-1.02;120.59;0.95;-2.45;0.00;0.00;-0.50;403;0;1;2;0.79;0.19;0.19;-0.02;-0.01;0.04;-0.00;0.26;0.66;-2.45;-0.00;0.00;-0.50;0.036;0.86;2.30;-1000.00;-1000.00
451.505;1082;0.31;-1.00;122.05;0.95;-2.45;0.00;0.00;-0.50;403;0;1;2;0.79;0.19;0.19;0.00;-0.01;0.03;-0.01;0.16;0.66;-2.45;-0.00;0.00;-0.50;0.046;0.86;2.30;-1000.00;-1000.00
451.605;1092;0.31;-0.98;123.12;0.95;-2.45;0.00;0.00;-0.50;403;0;1;2;0.79;0.20;0.18;-0.03;-0.01;-0.11;0.01;0.15;0.66;-2.45;-0.00;0.00;-0.50;0.054;0.86;2.30;-1000.00;-1000.00
451.705;1102;0.30;-0.96;124.50;0.95;-2.45;0.00;0.00;-0.50;403;0;1;2;0.79;0.21;0.21;-0.04;-0.01;0.07;-0.01;0.32;0.66;-2.45;-0.00;0.00;-0.50;0.050;0.86;2.30;-1000.00;-1000.00
451.815;1113;0.29;-0.94;126.33;0.95;-2.45;0.00;0.00;-0.50;403;0;1;2;0.79;0.22;0.19;-0.03;-0.01;-0.09;-0.00;0.24;0.66;-2.45;-0.00;0.00;-0.50;0.053;0.83;2.31;-1000.00;-1000.00
451.895;1121;0.28;-0.93;127.69;0.95;-2.45;0.00;0.00;-0.50;403;0;1;2;0.79;0.23;0.21;-0.04;-0.01;0.05;0.01;0.37;0.66;-2.45;-0.00;0.00;-0.50;0.043;0.82;2.31;-1000.00;-1000.00
451.985;1131;0.27;-0.91;129.71;0.95;-2.45;0.00;0.00;-0.50;403;0;1;2;0.79;0.24;0.23;-0.02;-0.01;0.04;-0.02;0.38;0.66;-2.45;-0.00;0.00;-0.50;0.033;0.80;2.31;-1000.00;-1000.00
452.095;1141;0.26;-0.89;131.74;0.95;-2.45;0.00;0.00;-0.50;403;0;1;2;0.79;0.25;0.23;-0.06;-0.01;0.09;-0.01;0.39;0.66;-2.45;-0.00;0.00;-0.50;0.037;0.79;2.31;-1000.00;-1000.00
452.195;1151;0.24;-0.87;134.08;0.95;-2.45;0.00;0.00;-0.50;403;0;1;2;0.79;0.26;0.24;-0.06;-0.01;0.07;0.02;0.46;0.66;-2.45;-0.00;0.00;-0.50;0.043;0.79;2.31;-1000.00;-1000.00
452.325;1164;0.23;-0.84;137.50;0.95;-2.45;0.00;0.00;-0.50;403;0;1;2;0.79;0.28;0.23;-0.05;-0.01;-0.12;-0.05;0.41;0.66;-2.45;-0.00;0.00;-0.50;0.063;0.79;2.31;-1000.00;-1000.00
452.395;1170;0.22;-0.83;139.26;0.95;-2.45;0.00;0.00;-0.50;403;0;1;2;0.79;0.29;0.26;-0.06;-0.01;0.05;0.01;0.55;0.66;-2.45;-0.00;0.00;-0.50;0.048;0.79;2.31;-1000.00;-1000.00
452.485;1181;0.20;-0.81;142.65;0.95;-2.45;0.00;0.00;-0.50;403;0;1;2;0.79;0.31;0.25;-0.07;-0.01;-0.01;-0.01;0.56;0.66;-2.45;-0.00;0.00;-0.50;0.034;0.80;2.31;-1000.00;-1000.00
452.585;1189;0.19;-0.79;145.39;0.95;-2.45;0.00;0.00;-0.50;403;0;1;2;0.79;0.32;0.26;-0.08;-0.01;0.04;0.01;0.64;0.66;-2.45;-0.00;0.00;-0.50;0.032;0.81;2.31;-1000.00;-1000.00
452.715;1200;0.17;-0.77;149.48;0.95;-2.45;0.00;0.00;-0.50;403;0;1;2;0.79;0.34;0.26;-0.08;-0.01;-0.02;-0.03;0.65;0.66;-2.45;-0.00;0.00;-0.50;0.053;0.82;2.31;-1000.00;-1000.00
452.795;1209;0.15;-0.75;153.42;0.95;-2.45;0.00;0.00;-0.50;403;0;1;2;0.79;0.36;0.28;-0.06;-0.01;-0.04;-0.04;0.75;0.66;-2.45;-0.00;0.00;-0.50;0.042;0.84;2.31;-1000.00;-1000.00
452.885;1219;0.13;-0.73;158.05;0.95;-2.45;0.00;0.00;-0.50;403;0;1;2;0.79;0.38;0.31;-0.10;-0.01;0.00;0.02;0.91;0.66;-2.45;-0.00;0.00;-0.50;0.026;0.85;2.31;-1000.00;-1000.00
452.995;1228;0.10;-0.71;163.01;0.95;-2.45;0.00;0.00;-0.50;403;0;1;2;0.79;0.40;0.34;-0.09;-0.01;0.01;0.03;1.03;0.66;-2.45;-0.00;0.00;-0.50;0.046;0.87;2.31;-1000.00;-1000.00
453.075;1238;0.07;-0.70;168.71;0.95;-2.45;0.00;0.00;-0.50;403;0;1;2;0.79;0.43;0.35;-0.10;0.00;-0.03;-0.00;1.07;0.66;-2.45;-0.00;0.00;-0.50;0.034;0.90;2.31;-1000.00;-1000.00
453.195;1249;0.03;-0.68;176.49;0.95;-2.45;0.00;0.00;-0.50;403;0;1;2;0.79;0.46;0.39;-0.18;-0.01;0.05;0.12;1.44;0.66;-2.45;-0.00;0.00;-0.50;0.046;0.92;2.31;-1000.00;-1000.00
453.315;1261;-0.02;-0.66;186.51;0.95;-2.45;0.00;0.00;-0.50;403;0;1;2;-0.79;0.49;0.43;-0.24;-0.01;0.03;0.14;1.62;0.66;-2.45;-0.00;0.00;-0.50;0.054;0.96;2.31;-1000.00;-1000.00
453.425;1272;-0.07;-0.64;193.02;0.95;-2.45;0.00;0.00;-0.50;403;0;1;2;-0.79;0.50;0.46;-0.09;-0.01;-0.04;-0.12;-0.17;0.66;-2.45;-0.00;0.00;-0.50;0.060;0.99;2.31;-1000.00;-1000.00
453.495;1280;-0.11;-0.65;187.53;0.95;-2.45;0.00;0.00;-0.50;403;0;1;2;-0.79;0.50;0.49;0.04;-0.09;-0.00;-0.01;-1.81;0.66;-2.45;-0.00;0.00;-0.50;0.046;1.01;2.31;-1000.00;-1000.00
453.585;1288;-0.15;-0.66;179.10;0.95;-2.45;0.00;0.00;-0.50;403;0;1;2;0.79;0.50;0.50;0.07;-0.01;0.02;-0.11;-1.78;0.66;-2.45;-0.00;0.00;-0.50;0.031;1.03;2.32;-1000.00;-1000.00
453.705;1299;-0.20;-0.67;171.23;0.95;-2.45;0.00;0.00;-0.50;403;0;1;2;0.79;0.50;0.49;0.11;-0.00;-0.05;0.03;-0.10;0.66;-2.45;-0.00;0.00;-0.50;0.044;1.06;2.33;-1000.00;-1000.00
453.795;1308;-0.24;-0.66;177.15;0.95;-2.45;0.00;0.00;-0.50;403;0;1;2;0.79;0.50;0.46;-0.08;-0.01;-0.08;0.18;1.93;0.66;-2.45;-0.00;0.00;-0.50;0.029;1.09;2.34;-1000.00;-1000.00
453.885;1318;-0.29;-0.66;187.82;0.95;-2.45;0.00;0.00;-0.50;403;0;1;2;-0.79;0.50;0.49;-0.14;-0.01;0.01;-0.01;1.78;0.66;-2.45;-0.00;0.00;-0.50;0.033;1.12;2.36;-1000.00;-1000.00
454.005;1331;-0.36;-0.65;194.92;0.95;-2.45;0.00;0.00;-0.50;403;0;1;2;-0.79;0.50;0.50;-0.06;-0.04;-0.03;0.26;-0.40;0.66;-2.45;-0.00;0.00;-0.50;0.047;1.15;2.38;-1000.00;-1000.00
454.095;1341;-0.40;-0.67;186.08;0.95;-2.45;0.00;0.00;-0.50;403;0;1;2;-0.79;0.50;0.49;0.06;-0.01;0.08;-0.09;-1.82;0.66;-2.45;-0.00;0.00;-0.50;0.041;1.18;2.40;-1000.00;-1000.00
454.215;1352;-0.46;-0.68;174.44;0.95;-2.45;0.00;0.00;-0.50;403;0;1;2;0.79;0.50;0.48;0.21;-0.00;0.00;0.02;-1.87;0.66;-2.45;-0.00;0.00;-0.50;0.057;1.21;2.42;-1000.00;-1000.00
454.285;1358;-0.48;-0.69;169.47;0.95;-2.45;0.00;0.00;-0.50;403;0;1;2;0.79;0.50;0.47;0.26;-0.06;0.22;0.04;-1.40;0.66;-2.45;-0.00;0.00;-0.50;0.028;1.22;2.43;-1000.00;-1000.00
454.395;1369;-0.54;-0.69;171.20;0.95;-2.45;0.00;0.00;-0.50;403;0;1;2;0.79;0.50;0.47;-0.04;-0.01;0.00;0.05;1.72;0.66;-2.45;-0.00;0.00;-0.50;0.042;1.24;2.45;-1000.00;-1000.00
454.485;1380;-0.60;-0.68;182.85;0.95;-2.45;0.00;0.00;-0.50;403;0;1;2;-0.79;0.50;0.52;-0.18;-0.04;0.07;0.26;2.00;0.66;-2.45;-0.00;0.00;-0.50;0.031;1.27;2.48;-1000.00;-1000.00
454.595;1388;-0.63;-0.67;188.59;0.95;-2.45;0.00;0.00;-0.50;403;0;1;2;-0.79;0.50;0.49;-0.15;-0.03;0.00;0.18;0.50;0.66;-2.45;-0.00;0.00;-0.50;0.039;1.28;2.50;-1000.00;-1000.00
454.715;1403;-0.71;-0.68;176.79;0.95;-2.45;0.00;0.00;-0.50;403;0;1;2;0.79;0.50;0.50;0.04;-0.01;0.04;-0.06;-1.86;0.66;-2.45;-0.00;0.00;-0.50;0.051;1.31;2.54;-1000.00;-1000.00
454.785;1407;-0.73;-0.68;172.88;0.95;-2.45;0.00;0.00;-0.50;403;0;1;2;0.79;0.50;0.53;0.15;-0.04;-0.04;0.29;-1.68;0.66;-2.45;-0.00;0.00;-0.50;0.031;1.31;2.55;-1000.00;-1000.00
454.925;1422;-0.80;-0.67;178.22;0.95;-2.45;0.00;0.00;-0.50;403;0;1;2;0.79;0.50;0.47;-0.11;-0.00;0.05;0.02;1.93;0.66;-2.45;-0.00;0.00;-0.50;0.065;1.33;2.59;-1000.00;-1000.00
454.995;1430;-0.84;-0.67;186.56;0.95;-2.45;0.00;0.00;-0.50;403;0;1;2;-0.79;0.50;0.49;-0.15;-0.01;0.04;0.04;1.80;0.66;-2.45;-0.00;0.00;-0.50;0.047;1.34;2.61;-1000.00;-1000.00
455.085;1440;-0.89;-0.66;194.13;0.95;-2.45;0.00;0.00;-0.50;403;0;1;2;-0.79;0.50;0.47;-0.10;-0.00;-0.04;-0.12;0.28;0.66;-2.45;-0.00;0.00;-0.50;0.033;1.36;2.64;-1000.00;-1000.00
455.185;1451;-0.94;-0.67;186.95;0.95;-2.45;0.00;0.00;-0.50;403;0;1;2;-0.79;0.50;0.47;0.08;-0.00;-0.03;0.01;-1.85;0.66;-2.45;-0.00;0.00;-0.50;0.032;1.37;2.67;-1000.00;-1000.00
455.295;1460;-0.99;-0.68;177.68;0.95;-2.45;0.00;0.00;-0.50;403;0;1;2;0.79;0.50;0.49;0.14;-0.00;-0.02;-0.03;-1.79;0.66;-2.45;-0.00;0.00;-0.50;0.038;1.37;2.70;-1000.00;-1000.00
455.385;1470;-1.04;-0.69;170.82;0.95;-2.45;0.00;0.00;-0.50;403;0;1;2;0.79;0.50;0.48;0.09;-0.00;0.05;-0.12;-0.01;0.66;-2.45;-0.00;0.00;-0.50;0.033;1.38;2.72;-1000.00;-1000.00
455.485;1479;-1.08;-0.69;176.86;0.95;-2.45;0.00;0.00;-0.50;403;0;1;2;0.79;0.50;0.46;-0.08;-0.06;-0.18;0.14;1.89;0.66;-2.45;-0.00;0.00;-0.50;0.037;1.39;2.75;-1000.00;-1000.00
455.605;1490;-1.13;-0.68;188.29;0.95;-2.45;0.00;0.00;-0.50;403;0;1;2;-0.79;0.50;0.46;-0.19;-0.05;-0.17;0.02;1.79;0.66;-2.45;-0.00;0.00;-0.50;0.045;1.39;2.77;-1000.00;-1000.00
455.685;1499;-1.18;-0.67;195.60;0.95;-2.45;0.00;0.00;-0.50;403;0;1;2;-0.79;0.50;0.48;-0.19;-0.03;-0.03;0.23;0.80;0.66;-2.45;-0.00;0.00;-0.50;0.033;1.39;2.80;-1000.00;-1000.00
455.795;1508;-1.22;-0.68;191.85;0.95;-2.45;0.00;0.00;-0.50;403;0;1;2;-0.79;0.50;0.45;0.08;-0.07;0.19;0.16;-1.61;0.66;-2.45;-0.00;0.00;-0.50;0.034;1.39;2.82;-1000.00;-1000.00
455.885;1519;-1.27;-0.69;180.29;0.95;-2.45;0.00;0.00;-0.50;403;0;1;2;-0.79;0.50;0.52;0.15;-0.01;-0.10;0.13;-1.94;0.66;-2.45;-0.00;0.00;-0.50;0.029;1.39;2.85;-1000.00;-1000.00
455.985;1527;-1.31;-0.70;171.59;0.95;-2.45;0.00;0.00;-0.50;403;0;1;2;0.79;0.50;0.46;0.27;-0.00;-0.03;0.11;-1.88;0.66;-2.45;-0.00;0.00;-0.50;0.033;1.39;2.87;-1000.00;-1000.00
456.095;1538;-1.37;-0.72;162.09;0.95;-2.45;0.00;0.00;-0.50;403;0;1;2;0.79;0.50;0.45;0.16;-0.01;0.04;-0.16;-0.59;0.66;-2.45;-0.00;0.00;-0.50;0.035;1.39;2.90;-1000.00;-1000.00
456.205;1551;-1.43;-0.70;169.99;0.95;-2.45;0.00;0.00;-0.50;403;0;1;2;0.79;0.50;0.49;-0.08;-0.01;-0.04;-0.04;1.90;0.66;-2.45;-0.00;0.00;-0.50;0.057;1.39;2.94;-1000.00;-1000.00
456.305;1561;-1.48;-0.69;180.72;0.95;-2.45;0.00;0.00;-0.50;403;0;1;2;0.79;0.50;0.50;-0.18;-0.01;0.05;0.06;1.93;0.66;-2.45;-0.00;0.00;-0.50;0.039;1.39;2.97;-1000.00;-1000.00
456.395;1570;-1.52;-0.67;190.46;0.95;-2.45;0.00;0.00;-0.50;403;0;1;2;-0.79;0.50;0.45;-0.27;-0.01;0.00;-0.03;1.85;0.66;-2.45;-0.00;0.00;-0.50;0.043;1.39;3.00;-1000.00;-1000.00
456.485;1579;-1.56;-0.66;197.08;0.95;-2.45;0.00;0.00;-0.50;403;0;1;2;-0.79;0.50;0.46;-0.13;-0.00;0.04;-0.02;0.37;0.66;-2.45;-0.00;0.00;-0.50;0.032;1.39;3.03;-1000.00;-1000.00
456.625;1593;-1.63;-0.68;187.17;0.95;-2.45;0.00;0.00;-0.50;403;0;1;2;-0.79;0.50;0.50;0.05;-0.01;0.07;-0.07;-1.80;0.66;-2.45;-0.00;0.00;-0.50;0.071;1.40;3.07;-1000.00;-1000.00
456.685;1601;-1.67;-0.69;178.96;0.95;-2.45;0.00;0.00;-0.50;403;0;1;2;0.79;0.50;0.46;0.18;-0.05;0.18;0.00;-1.82;0.66;-2.45;-0.00;0.00;-0.50;0.038;1.39;3.10;-1000.00;-1000.00
456.795;1610;-1.71;-0.70;172.97;0.95;-2.45;0.00;0.00;-0.50;403;0;1;2;0.79;0.50;0.47;0.15;-0.01;-0.03;0.09;-0.18;0.66;-2.45;-0.00;0.00;-0.50;0.047;1.39;3.14;-1000.00;-1000.00
456.885;1620;-1.76;-0.70;180.35;0.95;-2.45;0.00;0.00;-0.50;403;0;1;2;-0.79;0.50;0.49;-0.07;0.00;-0.02;-0.06;2.03;0.66;-2.45;-0.00;0.00;-0.50;0.034;1.39;3.17;-1000.00;-1000.00
456.985;1629;-1.81;-0.69;186.46;0.95;-2.45;0.00;0.00;-0.50;403;0;1;2;-0.79;0.50;0.49;-0.05;-0.01;-0.06;-0.12;0.07;0.66;-2.45;-0.00;0.00;-0.50;0.035;1.39;3.21;-1000.00;-1000.00
457.085;1639;-1.86;-0.70;179.44;0.95;-2.45;0.00;0.00;-0.50;403;0;1;2;0.79;0.50;0.49;0.02;-0.01;0.09;-0.11;-1.86;0.66;-2.45;-0.00;0.00;-0.50;0.033;1.39;3.24;-1000.00;-1000.00
457.205;1652;-1.92;-0.70;173.24;0.95;-2.45;0.00;0.00;-0.50;403;0;1;2;0.79;0.50;0.49;0.00;-0.01;0.09;-0.20;0.79;0.66;-2.45;-0.00;0.00;-0.50;0.047;1.39;3.29;-1000.00;-1000.00
457.325;1662;-1.97;-0.69;182.62;0.95;-2.45;0.00;0.00;-0.50;403;0;1;2;-0.79;0.50;0.53;-0.07;-0.01;0.08;0.08;1.91;0.66;-2.45;-0.00;0.00;-0.50;0.059;1.39;3.33;-1000.00;-1000.00
457.385;1668;-2.00;-0.69;188.58;0.95;-2.45;0.00;0.00;-0.50;403;0;1;2;-0.79;0.50;0.49;-0.08;-0.01;-0.06;-0.21;1.42;0.66;-2.45;-0.00;0.00;-0.50;0.034;1.39;3.35;-1000.00;-1000.00
457.485;1677;-2.05;-0.69;188.93;0.95;-2.45;0.00;0.00;-0.50;403;0;1;2;-0.79;0.50;0.48;0.05;-0.01;0.03;0.04;-1.10;0.66;-2.45;-0.00;0.00;-0.50;0.028;1.38;3.38;-1000.00;-1000.00
457.625;1692;-2.12;-0.70;173.56;0.95;-2.45;0.00;0.00;-0.50;403;0;1;2;0.79;0.50;0.49;0.13;-0.00;-0.01;-0.05;-1.76;0.66;-2.45;-0.00;0.00;-0.50;0.063;1.36;3.44;-1000.00;-1000.00
457.675;1698;-2.15;-0.71;167.74;0.95;-2.45;0.00;0.00;-0.50;403;0;1;2;0.79;0.50;0.47;0.21;-0.01;-0.01;0.13;-1.49;0.66;-2.45;-0.00;0.00;-0.50;0.020;1.35;3.46;-1000.00;-1000.00
457.825;1711;-2.21;-0.70;171.03;0.95;-2.45;0.00;0.00;-0.50;403;0;1;2;0.79;0.50;0.49;-0.11;-0.07;0.11;0.48;1.84;0.66;-2.45;-0.00;0.00;-0.50;0.066;1.32;3.50;-1000.00;-1000.00
457.895;1720;-2.26;-0.70;180.57;0.95;-2.45;0.00;0.00;-0.50;403;0;1;2;-0.79;0.50;0.53;-0.11;-0.01;0.10;0.04;1.88;0.66;-2.45;-0.00;0.00;-0.50;0.042;1.31;3.54;-1000.00;-1000.00
457.995;1730;-2.31;-0.69;187.43;0.95;-2.45;0.00;0.00;-0.50;403;0;1;2;-0.79;0.50;0.48;-0.07;0.00;-0.08;-0.18;-0.02;0.66;-2.45;-0.00;0.00;-0.50;0.046;1.29;3.57;-1000.00;-1000.00
458.095;1740;-2.36;-0.69;180.24;0.95;-2.45;0.00;0.00;-0.50;403;0;1;2;-0.79;0.50;0.47;0.08;-0.00;-0.03;0.03;-1.87;0.66;-2.45;-0.00;0.00;-0.50;0.043;1.27;3.61;-1000.00;-1000.00
458.235;1753;-2.42;-0.70;167.13;0.95;-2.45;0.00;0.00;-0.50;403;0;1;2;0.79;0.50;0.46;0.19;-0.00;-0.02;-0.05;-1.69;0.66;-2.45;-0.00;0.00;-0.50;0.083;1.23;3.66;-1000.00;-1000.00
458.335;1763;-2.47;-0.70;159.92;0.95;-2.45;0.00;0.00;-0.50;403;0;1;2;0.79;0.50;0.46;0.09;-0.00;0.04;-0.23;-0.20;0.66;-2.45;-0.00;0.00;-0.50;0.079;1.20;3.69;-1000.00;-1000.00
458.395;1772;-2.51;-0.69;164.93;0.95;-2.45;0.00;0.00;-0.50;403;0;1;2;0.79;0.50;0.48;-0.07;-0.01;-0.04;0.17;1.83;0.66;-2.45;-0.00;0.00;-0.50;0.046;1.17;3.72;-1000.00;-1000.00
458.475;1778;-2.54;-0.68;171.26;0.95;-2.45;0.00;0.00;-0.50;403;0;1;2;0.79;0.50;0.49;-0.05;-0.01;-0.16;-0.18;1.76;0.66;-2.45;-0.00;0.00;-0.50;0.028;1.15;3.73;-1000.00;-1000.00
458.615;1791;-2.58;-0.66;181.44;0.95;-2.45;0.00;0.00;-0.50;403;0;1;2;-0.79;0.50;0.06;-0.11;0.05;0.32;0.77;0.55;0.66;-2.45;-0.00;0.00;-0.50;0.068;1.10;3.76;-1000.00;-1000.00
458.705;1801;-2.58;-0.66;182.75;0.95;-2.45;0.00;0.00;-0.50;403;0;1;2;-0.79;0.50;0.12;0.02;-0.02;0.02;0.64;0.27;0.66;-2.45;-0.00;0.00;-0.50;0.044;1.05;3.79;-1000.00;-1000.00
458.805;1809;-2.60;-0.66;180.53;0.95;-2.45;0.00;0.00;-0.50;403;0;1;2;-0.79;0.50;0.36;-0.05;0.00;0.02;0.40;-1.23;0.66;-2.45;-0.00;0.00;-0.50;0.040;1.02;3.80;-1000.00;-1000.00
458.915;1820;-2.62;-0.66;177.83;0.95;-2.45;0.00;0.00;-0.50;403;0;1;2;0.79;0.50;0.00;-0.07;-0.01;-0.04;-0.09;0.11;0.66;-2.45;-0.00;0.00;-0.50;0.063;0.97;3.82;-1000.00;-1000.00
459.035;1835;-2.62;-0.66;180.05;0.95;-2.45;0.00;0.00;-0.50;403;0;1;2;-0.79;0.50;0.27;0.04;0.07;0.06;0.88;-0.05;0.66;-2.45;-0.00;0.00;-0.50;0.084;0.90;3.83;-1000.00;-1000.00
459.135;1844;-2.65;-0.66;179.99;0.95;-2.45;0.00;0.00;-0.50;403;0;1;2;0.79;0.50;0.34;-0.01;0.02;-0.01;0.95;-0.43;0.66;-2.45;-0.00;0.00;-0.50;0.083;0.86;3.83;-1000.00;-1000.00
459.215;1850;-2.66;-0.66;179.31;0.95;-2.45;0.00;0.00;-0.50;403;0;1;2;0.79;0.50;0.32;-0.00;0.05;-0.02;1.21;-0.25;0.66;-2.45;-0.00;0.00;-0.50;0.060;0.83;3.83;-1000.00;-1000.00
459.325;1865;-2.70;-0.65;182.38;0.95;-2.45;0.00;0.00;-0.50;403;0;1;2;-0.79;0.50;0.13;-0.02;0.02;-0.24;0.83;0.48;0.66;-2.45;-0.00;0.00;-0.50;0.070;0.77;3.83;-1000.00;-1000.00
459.405;1869;-2.70;-0.65;183.14;0.95;-2.45;0.00;0.00;-0.50;403;0;1;2;-0.79;0.50;0.18;-0.02;0.03;-0.06;0.93;0.59;0.66;-2.45;-0.00;0.00;-0.50;0.049;0.76;3.82;-1000.00;-1000.00
459.485;1877;-2.72;-0.66;183.72;0.95;-2.45;0.00;0.00;-0.50;403;0;1;2;-0.79;0.50;0.27;0.01;-0.13;0.26;0.73;-0.49;0.66;-2.45;-0.00;0.00;-0.50;0.036;0.73;3.81;-1000.00;-1000.00
459.585;1888;-2.75;-0.65;175.54;0.95;-2.45;0.00;0.00;-0.50;403;0;1;2;0.79;0.50;0.13;-0.12;-0.02;0.01;0.57;-0.89;0.66;-2.45;-0.00;0.00;-0.50;0.031;0.68;3.80;-1000.00;-1000.00
459.685;1896;-2.75;-0.64;174.07;0.95;-2.45;0.00;0.00;-0.50;403;0;1;2;0.79;0.50;0.00;-0.14;-0.06;0.86;0.78;-0.25;0.66;-2.45;-0.00;0.00;-0.50;0.026;0.65;3.79;-1000.00;-1000.00
459.815;1911;-2.79;-0.65;184.04;0.95;-2.45;0.00;0.00;-0.50;403;0;1;2;-0.79;0.50;0.26;0.29;-0.26;-0.03;0.43;2.66;0.66;-2.45;-0.00;0.00;-0.50;0.061;0.59;3.77;-1000.00;-1000.00
459.885;1918;-2.80;-0.66;190.32;0.95;-2.45;0.00;0.00;-0.50;403;0;1;2;-0.79;0.50;0.08;0.17;-0.03;0.50;0.30;0.30;0.66;-2.45;-0.00;0.00;-0.50;0.032;0.56;3.76;-1000.00;-1000.00
460.005;1930;-2.81;-0.67;184.83;0.95;-2.45;0.00;0.00;-0.50;403;0;1;2;-0.79;0.50;0.00;0.05;-0.02;-0.95;0.04;-0.45;0.66;-2.45;-0.00;0.00;-0.50;0.043;0.51;3.75;-1000.00;-1000.00
460.075;1940;-2.80;-0.66;178.75;0.95;-2.45;0.00;0.00;-0.50;403;0;1;2;0.79;0.50;-0.23;-0.19;-0.01;0.80;-0.47;-0.11;0.66;-2.45;-0.00;0.00;-0.50;0.026;0.48;3.73;-1000.00;-1000.00
460.235;1954;-2.80;-0.66;180.22;0.95;-2.45;0.00;0.00;-0.50;403;0;1;2;-0.79;0.50;0.03;0.05;0.08;0.07;0.39;0.09;0.66;-2.45;-0.00;0.00;-0.50;0.079;0.43;3.70;-1000.00;-1000.00
460.305;1960;-2.80;-0.66;180.29;0.95;-2.45;0.00;0.00;-0.50;403;0;1;2;-0.79;0.50;0.09;-0.01;0.06;0.18;0.71;-0.26;0.66;-2.45;-0.00;0.00;-0.50;0.053;0.41;3.69;-1000.00;-1000.00
460.385;1968;-2.79;-0.66;178.70;0.95;-2.45;0.00;0.00;-0.50;403;0;1;2;0.79;0.50;0.01;0.01;0.11;-0.50;1.05;-0.16;0.66;-2.45;-0.00;0.00;-0.50;0.039;0.38;3.67;-1000.00;-1000.00
460.505;1979;-2.78;-0.66;181.00;0.95;-2.45;0.00;0.00;-0.50;403;0;1;2;-0.79;0.50;-0.01;0.00;0.18;0.47;1.38;0.12;0.66;-2.45;-0.00;0.00;-0.50;0.058;0.35;3.64;-1000.00;-1000.00
460.585;1987;-2.76;-0.66;181.46;0.95;-2.45;0.00;0.00;-0.50;403;0;1;2;-0.79;0.50;0.10;0.01;0.32;-0.16;2.45;0.01;0.66;-2.45;-0.00;0.00;-0.50;0.031;0.33;3.61;-1000.00;-1000.00
460.685;1999;-2.71;-0.66;360.49;0.95;-2.45;0.00;0.00;-0.50;403;0;1;2;-0.79;0.50;0.47;0.01;0.51;0.74;3.01;-0.98;0.66;-2.45;-0.00;0.00;-0.50;0.034;0.31;3.58;-1000.00;-1000.00
460.785;2007;-2.66;-0.66;353.83;0.95;-2.45;0.00;0.00;-0.50;403;0;1;2;-0.79;0.50;0.32;-0.12;0.55;-0.03;2.07;-0.57;0.66;-2.45;-0.00;0.00;-0.50;0.035;0.29;3.55;-1000.00;-1000.00
460.885;2017;-2.60;-0.66;353.08;0.95;-2.45;0.00;0.00;-0.50;403;0;1;2;-0.79;0.50;0.47;0.00;0.49;0.29;2.39;0.00;0.66;-2.45;-0.00;0.00;-0.50;0.026;0.28;3.52;-1000.00;-1000.00
460.995;2031;-2.48;-0.68;353.08;0.95;-2.45;0.00;0.00;-0.50;403;0;1;2;-0.79;0.50;0.72;-0.00;0.76;0.45;3.71;0.00;0.66;-2.45;-0.00;0.00;-0.50;0.042;0.26;3.47;-1000.00;-1000.00
461.095;2041;-2.44;-0.68;353.20;0.95;-2.45;0.00;0.00;-0.50;403;0;1;2;-0.79;0.50;0.24;0.00;0.02;0.10;0.81;0.00;0.66;-2.45;-0.00;0.00;-0.50;0.038;0.24;3.44;-1000.00;-1000.00
461.215;2050;-2.44;-0.68;353.23;0.95;-2.45;0.00;0.00;-0.50;403;0;1;2;-0.79;0.50;-0.21;0.00;0.03;-0.07;-0.64;0.02;0.66;-2.45;-0.00;0.00;-0.50;0.054;0.23;3.41;-1000.00;-1000.00
461.285;2060;-2.47;-0.68;353.25;0.95;-2.45;0.00;0.00;-0.50;403;0;1;2;-0.79;0.50;-0.18;-0.00;-0.08;-0.09;-0.76;0.00;0.66;-2.45;-0.00;0.00;-0.50;0.040;0.22;3.38;-1000.00;-1000.00
461.395;2069;-2.46;-0.68;353.24;0.95;-2.45;0.00;0.00;-0.50;403;0;1;2;-0.79;0.50;0.16;-0.00;0.17;0.10;0.83;0.00;0.66;-2.45;-0.00;0.00;-0.50;0.035;0.21;3.36;-1000.00;-1000.00
461.505;2080;-2.46;-0.68;353.31;0.95;-2.45;0.00;0.00;-0.50;403;0;1;2;-0.79;0.50;0.00;-0.00;-0.01;-0.00;0.00;-0.00;0.66;-2.45;-0.00;0.00;-0.50;0.050;0.20;3.33;-1000.00;-1000.00
461.595;2089;-2.46;-0.68;353.28;0.95;-2.45;0.00;0.00;-0.50;403;0;1;2;-0.79;0.50;0.03;-0.00;0.02;0.01;0.11;0.00;0.66;-2.45;-0.00;0.00;-0.50;0.047;0.20;3.30;-1000.00;-1000.00
461.765;2108;-2.46;-0.68;353.27;0.95;-2.45;0.00;0.00;-0.50;403;0;1;2;-0.79;0.50;0.03;-0.00;0.02;0.01;0.11;0.00;0.66;-2.45;-0.00;0.00;-0.50;0.099;0.20;3.26;-1000.00;-1000.00
461.835;2114;-2.46;-0.68;353.27;0.95;-2.45;0.00;0.00;-0.50;403;0;1;2;-0.79;0.50;0.01;0.00;-0.01;0.00;0.02;0.00;0.66;-2.45;-0.00;0.00;-0.50;0.059;0.20;3.24;-1000.00;-1000.00
461.895;2118;-2.46;-0.68;353.27;0.95;-2.45;0.00;0.00;-0.50;403;0;1;2;-0.79;0.50;0.00;0.00;-0.01;0.00;-0.00;-0.00;0.66;-2.45;-0.00;0.00;-0.50;0.043;0.20;3.24;-1000.00;-1000.00
462.015;2133;-2.46;-0.68;353.26;0.95;-2.45;0.00;0.00;-0.50;403;0;1;2;-0.79;0.50;0.01;0.00;-0.01;0.00;0.02;0.00;0.66;-2.45;-0.00;0.00;-0.50;0.065;0.19;3.21;-1000.00;-1000.00
462.105;2141;-2.46;-0.68;353.30;0.95;-2.45;0.00;0.00;-0.50;403;0;1;2;-0.79;0.50;-0.02;-0.03;0.01;-0.13;-0.03;-0.00;0.66;-2.45;-0.00;0.00;-0.50;0.046;0.19;3.19;-1000.00;-1000.00
462.195;2150;-2.46;-0.68;353.26;0.95;-2.45;0.00;0.00;-0.50;403;0;1;2;-0.79;0.50;0.00;0.00;-0.01;0.00;-0.00;0.00;0.66;-2.45;-0.00;0.00;-0.50;0.051;0.19;3.17;-1000.00;-1000.00
462.295;2160;-2.46;-0.68;353.30;0.95;-2.45;0.00;0.00;-0.50;403;0;1;2;-0.79;0.50;-0.02;-0.03;0.01;-0.13;-0.03;-0.00;0.66;-2.45;-0.00;0.00;-0.50;0.042;0.19;3.16;-1000.00;-1000.00
462.405;2169;-2.46;-0.68;353.26;0.95;-2.45;0.00;0.00;-0.50;403;0;1;2;-0.79;0.50;0.00;0.00;-0.01;0.00;-0.00;0.00;0.66;-2.45;-0.00;0.00;-0.50;0.050;0.19;3.14;-1000.00;-1000.00
462.515;2184;-2.46;-0.68;353.26;0.95;-2.45;0.00;0.00;-0.50;403;0;1;2;-0.79;0.50;0.03;-0.00;0.02;0.01;0.11;0.00;0.66;-2.45;-0.00;0.00;-0.50;0.055;0.19;3.12;-1000.00;-1000.00
462.585;2188;-2.46;-0.68;353.26;0.95;-2.45;0.00;0.00;-0.50;403;0;1;2;-0.79;0.50;0.00;0.00;-0.01;0.00;-0.00;0.00;0.66;-2.45;-0.00;0.00;-0.50;0.030;0.19;3.11;-1000.00;-1000.00
462.695;2202;-2.46;-0.68;353.24;0.95;-2.45;0.00;0.00;-0.50;403;0;1;2;-0.79;0.50;-0.05;-0.01;0.01;-0.06;-0.14;-0.00;0.66;-2.45;-0.00;0.00;-0.50;0.046;0.20;3.09;-1000.00;-1000.00
462.795;2211;-2.46;-0.68;353.25;0.95;-2.45;0.00;0.00;-0.50;403;0;1;2;-0.79;0.50;0.00;-0.00;-0.01;-0.00;0.00;0.00;0.66;-2.45;-0.00;0.00;-0.50;0.040;0.20;3.08;-1000.00;-1000.00
462.925;2222;-2.46;-0.68;353.26;0.95;-2.45;0.00;0.00;-0.50;403;0;1;2;-0.79;0.50;0.03;-0.00;0.02;0.01;0.11;0.00;0.66;-2.45;-0.00;0.00;-0.50;0.070;0.20;3.06;-1000.00;-1000.00
462.975;2227;-2.47;-0.68;353.24;0.95;-2.45;0.00;0.00;-0.50;403;0;1;2;-0.79;0.50;-0.05;0.01;0.01;0.03;-0.16;0.00;0.66;-2.45;-0.00;0.00;-0.50;0.025;0.20;3.05;-1000.00;-1000.00
463.105;2241;-2.46;-0.68;353.26;0.95;-2.45;0.00;0.00;-0.50;403;0;1;2;-0.79;0.50;0.03;-0.00;0.02;0.01;0.11;0.00;0.66;-2.45;-0.00;0.00;-0.50;0.053;0.20;3.03;-1000.00;-1000.00
463.185;2250;-2.46;-0.68;353.25;0.95;-2.45;0.00;0.00;-0.50;403;0;1;2;-0.79;0.50;-0.04;-0.00;0.08;-0.00;0.00;-0.00;0.66;-2.45;-0.00;0.00;-0.50;0.049;0.20;3.01;-1000.00;-1000.00
463.305;2260;-2.46;-0.68;353.25;0.95;-2.45;0.00;0.00;-0.50;403;0;1;2;-0.79;0.50;0.03;-0.00;0.02;0.01;0.11;0.00;0.66;-2.45;-0.00;0.00;-0.50;0.048;0.20;2.99;-1000.00;-1000.00
463.385;2271;-2.46;-0.68;353.28;0.95;-2.45;0.00;0.00;-0.50;403;0;1;2;-0.79;0.50;-0.01;-0.03;0.01;-0.11;-0.02;-0.00;0.66;-2.45;-0.00;0.00;-0.50;0.039;0.20;2.96;-1000.00;-1000.00
463.505;2280;-2.46;-0.68;353.25;0.95;-2.45;0.00;0.00;-0.50;403;0;1;2;-0.79;0.50;-0.01;-0.00;-0.01;-0.01;-0.03;-0.00;0.66;-2.45;-0.00;0.00;-0.50;0.048;0.20;2.93;-1000.00;-1000.00
463.605;2290;-2.46;-0.68;353.28;0.95;-2.45;0.00;0.00;-0.50;403;0;1;2;-0.79;0.50;-0.01;-0.03;0.01;-0.11;-0.02;-0.00;0.66;-2.45;-0.00;0.00;-0.50;0.049;0.20;2.91;-1000.00;-1000.00
463.735;2303;-2.46;-0.68;353.23;0.95;-2.45;0.00;0.00;-0.50;403;0;1;2;-0.79;0.50;-0.05;0.01;0.01;0.03;-0.16;0.00;0.66;-2.45;-0.00;0.00;-0.50;0.073;0.21;2.87;-1000.00;-1000.00
463.835;2314;-2.46;-0.68;353.19;0.95;-2.45;0.00;0.00;-0.50;403;0;1;2;-0.79;0.50;0.00;0.05;0.05;0.21;0.06;0.01;0.66;-2.45;-0.00;0.00;-0.50;0.080;0.21;2.84;-1000.00;-1000.00
463.905;2320;-2.46;-0.68;353.26;0.95;-2.45;0.00;0.00;-0.50;403;0;1;2;-0.79;0.50;0.02;-0.03;0.03;-0.10;0.13;-0.01;0.66;-2.45;-0.00;0.00;-0.50;0.045;0.21;2.82;-1000.00;-1000.00
464.005;2331;-2.46;-0.68;353.28;0.95;-2.45;0.00;0.00;-0.50;403;0;1;2;-0.79;0.50;-0.02;-0.03;0.01;-0.13;-0.03;-0.00;0.66;-2.45;-0.00;0.00;-0.50;0.056;0.21;2.78;-1000.00;-1000.00
464.125;2344;-2.46;-0.68;353.24;0.95;-2.45;0.00;0.00;-0.50;403;0;1;2;-0.79;0.50;0.00;-0.00;-0.01;-0.00;0.00;0.00;0.66;-2.45;-0.00;0.00;-0.50;0.070;0.21;2.74;-1000.00;-1000.00
464.225;2353;-2.46;-0.68;353.21;0.95;-2.45;0.00;0.00;-0.50;403;0;1;2;-0.79;0.50;0.00;0.00;-0.01;0.00;0.00;0.00;0.66;-2.45;-0.00;0.00;-0.50;0.070;0.21;2.71;-1000.00;-1000.00
464.365;2364;-2.46;-0.68;353.23;0.95;-2.45;0.00;0.00;-0.50;403;0;1;2;-0.79;0.50;-0.04;-0.00;0.08;-0.00;0.00;-0.00;0.66;-2.45;-0.00;0.00;-0.50;0.104;0.22;2.68;-1000.00;-1000.00
464.455;2377;-2.46;-0.68;353.25;0.95;-2.45;0.00;0.00;-0.50;403;0;1;2;-0.79;0.50;0.02;-0.03;0.03;-0.10;0.13;-0.01;0.66;-2.45;-0.00;0.00;-0.50;0.082;0.22;2.63;-1000.00;-1000.00
464.495;2382;-2.46;-0.68;353.23;0.95;-2.45;0.00;0.00;-0.50;403;0;1;2;-0.79;0.50;0.00;-0.00;-0.01;-0.00;0.00;0.00;0.66;-2.45;-0.00;0.00;-0.50;0.045;0.22;2.61;-1000.00;-1000.00
464.585;2387;-2.46;-0.68;353.23;0.95;-2.45;0.00;0.00;-0.50;403;0;1;2;-0.79;0.50;0.00;-0.00;-0.00;-0.00;0.00;-0.00;0.66;-2.45;-0.00;0.00;-0.50;0.032;0.22;2.60;-1000.00;-1000.00
464.695;2402;-2.46;-0.68;353.23;0.95;-2.45;0.00;0.00;-0.50;403;0;1;2;-0.79;0.50;-0.04;-0.00;0.08;-0.00;0.00;-0.00;0.66;-2.45;-0.00;0.00;-0.50;0.043;0.23;2.54;-1000.00;-1000.00
464.785;2408;-2.46;-0.68;353.23;0.95;-2.45;0.00;0.00;-0.50;403;0;1;2;-0.79;0.50;-0.00;0.02;-0.00;0.07;-0.03;0.00;0.66;-2.45;-0.00;0.00;-0.50;0.039;0.23;2.52;-1000.00;-1000.00
464.875;2420;-2.46;-0.68;353.23;0.95;-2.45;0.00;0.00;-0.50;403;0;1;2;-0.79;0.50;0.00;-0.00;-0.01;-0.00;0.00;0.00;0.66;-2.45;-0.00;0.00;-0.50;0.026;0.23;2.48;-1000.00;-1000.00
464.985;2429;-2.46;-0.68;353.20;0.95;-2.45;0.00;0.00;-0.50;403;0;1;2;-0.79;0.50;0.00;0.00;-0.01;0.00;0.00;0.00;0.66;-2.45;-0.00;0.00;-0.50;0.030;0.23;2.45;-1000.00;-1000.00
465.095;2439;-2.46;-0.68;353.22;0.95;-2.45;0.00;0.00;-0.50;403;0;1;2;-0.79;0.50;0.00;-0.00;-0.01;-0.00;0.00;0.00;0.66;-2.45;-0.00;0.00;-0.50;0.035;0.23;2.41;-1000.00;-1000.00
465.255;2458;-2.46;-0.68;353.22;0.95;-2.45;0.00;0.00;-0.50;403;0;1;2;-0.79;0.50;0.00;-0.00;-0.01;-0.00;0.00;0.00;0.66;-2.45;-0.00;0.00;-0.50;0.103;0.24;2.34;-1000.00;-1000.00
465.335;2463;-2.46;-0.68;353.22;0.95;-2.45;0.00;0.00;-0.50;403;0;1;2;-0.79;0.50;0.00;-0.00;-0.00;-0.00;0.00;-0.00;0.66;-2.45;-0.00;0.00;-0.50;0.091;0.24;2.32;-1000.00;-1000.00
465.405;2472;-2.46;-0.68;353.24;0.95;-2.45;0.00;0.00;-0.50;403;0;1;2;-0.79;0.50;0.02;-0.03;0.03;-0.10;0.13;-0.01;0.66;-2.45;-0.00;0.00;-0.50;0.056;0.24;2.29;-1000.00;-1000.00
465.505;2480;-2.46;-0.68;353.25;0.95;-2.45;0.00;0.00;-0.50;403;0;1;2;-0.79;0.50;-0.01;-0.03;0.01;-0.11;-0.02;-0.00;0.66;-2.45;-0.00;0.00;-0.50;0.050;0.24;2.25;-1000.00;-1000.00
465.595;2489;-2.46;-0.68;353.22;0.95;-2.45;0.00;0.00;-0.50;403;0;1;2;-0.79;0.50;-0.01;-0.00;-0.01;-0.01;-0.03;-0.00;0.66;-2.45;-0.00;0.00;-0.50;0.042;0.25;2.22;-1000.00;-1000.00
465.695;2500;-2.46;-0.68;353.21;0.95;-2.45;0.00;0.00;-0.50;403;0;1;2;-0.79;0.50;-0.01;0.02;-0.00;0.07;-0.03;0.00;0.66;-2.45;-0.00;0.00;-0.50;0.043;0.25;2.18;-1000.00;-1000.00
465.825;2514;-2.46;-0.68;353.21;0.95;-2.45;0.00;0.00;-0.50;403;0;1;2;-0.79;0.50;-0.04;-0.00;0.08;0.00;0.02;-0.00;0.66;-2.45;-0.00;0.00;-0.50;0.069;0.25;2.12;-1000.00;-1000.00
465.885;2519;-2.46;-0.68;353.21;0.95;-2.45;0.00;0.00;-0.50;403;0;1;2;-0.79;0.50;-0.01;0.02;-0.00;0.07;-0.03;0.00;0.66;-2.45;-0.00;0.00;-0.50;0.027;0.25;2.10;-1000.00;-1000.00
465.995;2529;-2.46;-0.68;353.23;0.95;-2.45;0.00;0.00;-0.50;403;0;1;2;-0.79;0.50;0.02;-0.03;0.03;-0.10;0.13;-0.01;0.66;-2.45;-0.00;0.00;-0.50;0.042;0.26;2.06;-1000.00;-1000.00
466.075;2539;-2.46;-0.68;353.21;0.95;-2.45;0.00;0.00;-0.50;403;0;1;2;-0.79;0.50;0.00;-0.00;-0.00;-0.00;0.00;-0.00;0.66;-2.45;-0.00;0.00;-0.50;0.026;0.26;2.02;-1000.00;-1000.00
466.225;2551;-2.46;-0.68;353.21;0.95;-2.45;0.00;0.00;-0.50;403;0;1;2;-0.79;0.50;0.01;0.00;-0.01;0.00;0.02;0.00;0.66;-2.45;-0.00;0.00;-0.50;0.059;0.26;1.97;-1000.00;-1000.00
466.295;2562;-2.46;-0.68;353.18;0.95;-2.45;0.00;0.00;-0.50;403;0;1;2;-0.79;0.50;0.00;0.00;-0.01;0.00;0.00;0.00;0.66;-2.45;-0.00;0.00;-0.50;0.038;0.26;1.92;-1000.00;-1000.00
466.405;2572;-2.46;-0.68;353.21;0.95;-2.45;0.00;0.00;-0.50;403;0;1;2;-0.79;0.50;0.00;-0.00;-0.01;-0.00;0.00;0.00;0.66;-2.45;-0.00;0.00;-0.50;0.051;0.27;1.88;-1000.00;-1000.00
466.495;2578;-2.46;-0.68;353.24;0.95;-2.45;0.00;0.00;-0.50;403;0;1;2;-0.79;0.50;-0.02;-0.03;0.01;-0.13;-0.03;-0.00;0.66;-2.45;-0.00;0.00;-0.50;0.036;0.27;1.85;-1000.00;-1000.00
466.605;2592;-2.46;-0.68;353.20;0.95;-2.45;0.00;0.00;-0.50;403;0;1;2;-0.79;0.50;-0.04;-0.00;0.08;-0.00;0.00;-0.00;0.66;-2.45;-0.00;0.00;-0.50;0.046;0.27;1.78;-1000.00;-1000.00
466.695;2600;-2.46;-0.68;353.17;0.95;-2.45;0.00;0.00;-0.50;403;0;1;2;-0.79;0.50;0.00;0.00;-0.01;0.00;0.00;0.00;0.66;-2.45;-0.00;0.00;-0.50;0.040;0.27;1.74;-1000.00;-1000.00
466.785;2611;-2.46;-0.68;353.20;0.95;-2.45;0.00;0.00;-0.50;403;0;1;2;-0.79;0.50;-0.04;-0.00;0.08;-0.00;0.00;-0.00;0.66;-2.45;-0.00;0.00;-0.50;0.037;0.28;1.69;-1000.00;-1000.00
466.875;2619;-2.46;-0.68;353.17;0.95;-2.45;0.00;0.00;-0.50;403;0;1;2;-0.79;0.50;0.00;0.00;-0.01;0.00;0.00;0.00;0.66;-2.45;-0.00;0.00;-0.50;0.027;0.28;1.65;-1000.00;-1000.00
467.015;2630;-2.46;-0.68;353.20;0.95;-2.45;0.00;0.00;-0.50;403;0;1;2;-0.79;0.50;-0.04;-0.00;0.08;-0.00;0.00;-0.00;0.66;-2.45;-0.00;0.00;-0.50;0.061;0.28;1.60;-1000.00;-1000.00
467.105;2641;-2.46;-0.68;353.20;0.95;-2.45;0.00;0.00;-0.50;403;0;1;2;-0.79;0.50;-0.01;-0.00;-0.01;-0.01;-0.03;-0.00;0.66;-2.45;-0.00;0.00;-0.50;0.051;0.28;1.55;-1000.00;-1000.00
467.185;2650;-2.46;-0.68;353.20;0.95;-2.45;0.00;0.00;-0.50;403;0;1;2;-0.79;0.50;0.00;0.00;-0.01;0.00;-0.00;-0.00;0.66;-2.45;-0.00;0.00;-0.50;0.032;0.29;1.50;-1000.00;-1000.00
467.285;2661;-2.46;-0.68;353.18;0.95;-2.45;0.00;0.00;-0.50;403;0;1;2;-0.79;0.50;-0.01;0.02;-0.00;0.06;-0.05;0.00;0.66;-2.45;-0.00;0.00;-0.50;0.033;0.29;1.45;-1000.00;-1000.00
467.405;2669;-2.46;-0.68;353.19;0.95;-2.45;0.00;0.00;-0.50;403;0;1;2;-0.79;0.50;0.00;0.00;-0.01;0.00;-0.00;-0.00;0.66;-2.45;-0.00;0.00;-0.50;0.045;0.29;1.41;-1000.00;-1000.00
467.475;2680;-2.46;-0.68;353.18;0.95;-2.45;0.00;0.00;-0.50;403;0;1;2;-0.79;0.50;-0.01;0.02;-0.00;0.06;-0.05;0.00;0.66;-2.45;-0.00;0.00;-0.50;0.028;0.29;1.36;-1000.00;-1000.00
467.585;2688;-2.46;-0.68;353.19;0.95;-2.45;0.00;0.00;-0.50;403;0;1;2;-0.79;0.50;0.00;0.00;-0.01;0.00;-0.00;-0.00;0.66;-2.45;-0.00;0.00;-0.50;0.032;0.29;1.32;-1000.00;-1000.00
467.685;2699;-2.46;-0.68;353.17;0.95;-2.45;0.00;0.00;-0.50;403;0;1;2;-0.79;0.50;-0.01;0.02;-0.00;0.06;-0.05;0.00;0.66;-2.45;-0.00;0.00;-0.50;0.026;0.30;1.27;-1000.00;-1000.00
467.775;2707;-2.46;-0.68;353.19;0.95;-2.45;0.00;0.00;-0.50;403;0;1;2;-0.79;0.50;0.00;0.00;-0.01;0.00;-0.00;-0.00;0.66;-2.45;-0.00;0.00;-0.50;0.023;0.30;1.23;-1000.00;-1000.00
467.895;2722;-2.46;-0.68;353.18;0.95;-2.45;0.00;0.00;-0.50;403;0;1;2;-0.79;0.50;0.01;0.00;-0.01;0.00;0.02;0.00;0.66;-2.45;-0.00;0.00;-0.50;0.043;0.30;1.16;-1000.00;-1000.00
467.995;2730;-2.46;-0.68;353.22;0.95;-2.45;0.00;0.00;-0.50;403;0;1;2;-0.79;0.50;-0.02;-0.03;0.01;-0.13;-0.03;-0.00;0.66;-2.45;-0.00;0.00;-0.50;0.045;0.30;1.12;-1000.00;-1000.00
468.095;2741;-2.46;-0.68;353.18;0.95;-2.45;0.00;0.00;-0.50;403;0;1;2;-0.79;0.50;0.01;0.00;-0.01;0.00;0.02;0.00;0.66;-2.45;-0.00;0.00;-0.50;0.035;0.31;1.07;-1000.00;-1000.00
468.185;2749;-2.46;-0.68;353.22;0.95;-2.45;0.00;0.00;-0.50;403;0;1;2;-0.79;0.50;-0.02;-0.03;0.01;-0.13;-0.03;-0.00;0.66;-2.45;-0.00;0.00;-0.50;0.035;0.31;1.03;-1000.00;-1000.00
468.275;2760;-2.46;-0.68;353.18;0.95;-2.45;0.00;0.00;-0.50;403;0;1;2;-0.79;0.50;0.01;0.00;-0.01;0.00;0.02;0.00;0.66;-2.45;-0.00;0.00;-0.50;0.027;0.31;0.98;-1000.00;-1000.00
468.385;2768;-2.46;-0.68;353.22;0.95;-2.45;0.00;0.00;-0.50;403;0;1;2;-0.79;0.50;-0.02;-0.03;0.01;-0.13;-0.03;-0.00;0.66;-2.45;-0.00;0.00;-0.50;0.034;0.31;0.94;-1000.00;-1000.00
468.485;2779;-2.46;-0.68;353.18;0.95;-2.45;0.00;0.00;-0.50;403;0;1;2;-0.79;0.50;0.01;0.00;-0.01;0.00;0.02;0.00;0.66;-2.45;-0.00;0.00;-0.50;0.037;0.31;0.88;-1000.00;-1000.00
468.575;2787;-2.46;-0.68;353.22;0.95;-2.45;0.00;0.00;-0.50;403;0;1;2;-0.79;0.50;-0.02;-0.03;0.01;-0.13;-0.03;-0.00;0.66;-2.45;-0.00;0.00;-0.50;0.021;0.31;0.85;-1000.00;-1000.00
468.675;2798;-2.46;-0.68;353.17;0.95;-2.45;0.00;0.00;-0.50;403;0;1;2;-0.79;0.50;0.01;0.00;-0.01;0.00;0.02;0.00;0.66;-2.45;-0.00;0.00;-0.50;0.024;0.31;0.79;-1000.00;-1000.00
468.795;2810;-2.46;-0.68;353.16;0.95;-2.45;0.00;0.00;-0.50;403;0;1;2;-0.79;0.50;-0.05;-0.01;0.01;-0.06;-0.14;-0.00;0.66;-2.45;-0.00;0.00;-0.50;0.046;0.32;0.73;-1000.00;-1000.00
468.895;2821;-2.46;-0.68;353.17;0.95;-2.45;0.00;0.00;-0.50;403;0;1;2;-0.79;0.50;0.00;0.00;-0.01;0.00;-0.00;-0.00;0.66;-2.45;-0.00;0.00;-0.50;0.049;0.32;0.68;-1000.00;-1000.00
468.995;2829;-2.46;-0.68;353.15;0.95;-2.45;0.00;0.00;-0.50;403;0;1;2;-0.79;0.50;-0.05;-0.01;0.01;-0.06;-0.14;-0.00;0.66;-2.45;-0.00;0.00;-0.50;0.040;0.32;0.64;-1000.00;-1000.00
469.105;2840;-2.46;-0.68;353.17;0.95;-2.45;0.00;0.00;-0.50;403;0;1;2;-0.79;0.50;0.00;0.00;-0.01;0.00;-0.00;-0.00;0.66;-2.45;-0.00;0.00;-0.50;0.048;0.32;0.58;-1000.00;-1000.00
469.185;2849;-2.46;-0.68;353.17;0.95;-2.45;0.00;0.00;-0.50;403;0;1;2;-0.79;0.50;0.03;-0.00;0.02;0.01;0.11;0.00;0.66;-2.45;-0.00;0.00;-0.50;0.033;0.32;0.54;-1000.00;-1000.00
469.285;2859;-2.46;-0.68;353.17;0.95;-2.45;0.00;0.00;-0.50;403;0;1;2;-0.79;0.50;0.00;0.00;-0.01;0.00;-0.00;-0.00;0.66;-2.45;-0.00;0.00;-0.50;0.036;0.32;0.49;-1000.00;-1000.00
469.375;2867;-2.46;-0.68;353.15;0.95;-2.45;0.00;0.00;-0.50;403;0;1;2;-0.79;0.50;-0.05;-0.01;0.01;-0.06;-0.14;-0.00;0.66;-2.45;-0.00;0.00;-0.50;0.027;0.32;0.45;-1000.00;-1000.00
469.505;2882;-2.46;-0.68;353.20;0.95;-2.45;0.00;0.00;-0.50;403;0;1;2;-0.79;0.50;-0.02;-0.03;0.01;-0.13;-0.03;-0.00;0.66;-2.45;-0.00;0.00;-0.50;0.048;0.33;0.38;-1000.00;-1000.00
469.605;2891;-2.46;-0.68;353.16;0.95;-2.45;0.00;0.00;-0.50;403;0;1;2;-0.79;0.50;0.00;0.00;-0.01;0.00;-0.00;0.00;0.66;-2.45;-0.00;0.00;-0.50;0.053;0.33;0.33;-1000.00;-1000.00
469.695;2902;-2.46;-0.68;353.17;0.95;-2.45;0.00;0.00;-0.50;403;0;1;2;-0.79;0.50;-0.00;0.02;-0.00;0.07;-0.03;0.00;0.66;-2.45;-0.00;0.00;-0.50;0.046;0.33;0.28;-1000.00;-1000.00
469.795;2910;-2.46;-0.68;353.16;0.95;-2.45;0.00;0.00;-0.50;403;0;1;2;-0.79;0.50;0.00;0.00;-0.01;0.00;-0.00;0.00;0.66;-2.45;-0.00;0.00;-0.50;0.044;0.33;0.24;-1000.00;-1000.00
469.915;2920;-2.46;-0.68;353.20;0.95;-2.45;0.00;0.00;-0.50;403;0;1;2;-0.79;0.50;-0.02;-0.03;0.01;-0.13;-0.03;-0.00;0.66;-2.45;-0.00;0.00;-0.50;0.064;0.33;0.19;-1000.00;-1000.00
469.995;2930;-2.46;-0.68;353.14;0.95;-2.45;0.00;0.00;-0.50;403;0;1;2;-0.79;0.50;-0.05;0.01;0.01;0.03;-0.16;0.00;0.66;-2.45;-0.00;0.00;-0.50;0.037;0.33;0.14;-1000.00;-1000.00
470.085;2941;-2.46;-0.68;353.10;0.95;-2.45;0.00;0.00;-0.50;403;0;1;2;-0.79;0.50;0.00;0.05;0.05;0.21;0.06;0.01;0.66;-2.45;-0.00;0.00;-0.50;0.036;0.33;0.09;-1000.00;-1000.00
470.215;2952;-2.46;-0.68;353.15;0.95;-2.45;0.00;0.00;-0.50;403;0;1;2;-0.79;0.50;0.00;-0.00;-0.01;-0.00;0.00;0.00;0.66;-2.45;-0.00;0.00;-0.50;0.056;0.33;0.03;-1000.00;-1000.00
470.295;2960;-2.46;-0.68;353.10;0.95;-2.45;0.00;0.00;-0.50;403;0;1;2;-0.79;0.50;0.00;0.05;0.05;0.21;0.06;0.01;0.66;-2.45;-0.00;0.00;-0.50;0.041;0.34;-0.01;-1000.00;-1000.00
470.385;2971;-2.46;-0.68;353.15;0.95;-2.45;0.00;0.00;-0.50;403;0;1;2;-0.79;0.50;0.00;-0.00;-0.01;-0.00;0.00;0.00;0.66;-2.45;-0.00;0.00;-0.50;0.028;0.34;-0.06;-1000.00;-1000.00
470.485;2979;-2.46;-0.68;353.10;0.95;-2.45;0.00;0.00;-0.50;403;0;1;2;-0.79;0.50;0.00;0.05;0.05;0.21;0.06;0.01;0.66;-2.45;-0.00;0.00;-0.50;0.030;0.34;-0.10;-1000.00;-1000.00
470.585;2990;-2.46;-0.68;353.15;0.95;-2.45;0.00;0.00;-0.50;403;0;1;2;-0.79;0.50;0.00;-0.00;-0.01;-0.00;0.00;0.00;0.66;-2.45;-0.00;0.00;-0.50;0.029;0.34;-0.15;-1000.00;-1000.00
470.695;2998;-2.46;-0.68;353.10;0.95;-2.45;0.00;0.00;-0.50;403;0;1;2;-0.79;0.50;0.00;0.05;0.05;0.21;0.06;0.01;0.66;-2.45;-0.00;0.00;-0.50;0.040;0.34;-0.19;-1000.00;-1000.00
470.775;3008;-2.46;-0.68;353.15;0.95;-2.45;0.00;0.00;-0.50;403;0;1;2;-0.79;0.50;-0.04;-0.00;0.08;0.00;0.02;-0.00;0.66;-2.45;-0.00;0.00;-0.50;0.021;0.34;-0.24;-1000.00;-1000.00
470.885;3018;-2.46;-0.68;353.12;0.95;-2.45;0.00;0.00;-0.50;403;0;1;2;-0.79;0.50;0.00;0.00;-0.01;0.00;0.00;0.00;0.66;-2.45;-0.00;0.00;-0.50;0.030;0.34;-0.29;-1000.00;-1000.00
471.005;3033;-2.46;-0.68;353.14;0.95;-2.45;0.00;0.00;-0.50;403;0;1;2;-0.79;0.50;0.00;-0.00;-0.00;-0.00;0.00;-0.00;0.66;-2.45;-0.00;0.00;-0.50;0.038;0.34;-0.36;-1000.00;-1000.00
471.085;3038;-2.46;-0.68;353.13;0.95;-2.45;0.00;0.00;-0.50;403;0;1;2;-0.79;0.50;-0.05;-0.01;0.01;-0.06;-0.14;-0.00;0.66;-2.45;-0.00;0.00;-0.50;0.031;0.34;-0.39;-1000.00;-1000.00
471.175;3051;-2.46;-0.68;353.14;0.95;-2.45;0.00;0.00;-0.50;403;0;1;2;-0.79;0.50;-0.01;0.02;-0.00;0.07;-0.03;0.00;0.66;-2.45;-0.00;0.00;-0.50;0.035;0.34;-0.45;-1000.00;-1000.00
471.305;3060;-2.46;-0.68;353.12;0.95;-2.45;0.00;0.00;-0.50;403;0;1;2;-0.79;0.50;-0.01;0.02;-0.00;0.06;-0.05;0.00;0.66;-2.45;-0.00;0.00;-0.50;0.054;0.34;-0.50;-1000.00;-1000.00
471.395;3069;-2.46;-0.68;353.17;0.95;-2.45;0.00;0.00;-0.50;403;0;1;2;-0.79;0.50;-0.01;-0.03;0.01;-0.11;-0.02;-0.00;0.66;-2.45;-0.00;0.00;-0.50;0.041;0.34;-0.54;-1000.00;-1000.00
471.505;3079;-2.46;-0.68;353.12;0.95;-2.45;0.00;0.00;-0.50;403;0;1;2;-0.79;0.50;-0.01;0.02;-0.00;0.06;-0.05;0.00;0.66;-2.45;-0.00;0.00;-0.50;0.052;0.35;-0.59;-1000.00;-1000.00
471.615;3090;-2.46;-0.68;353.14;0.95;-2.45;0.00;0.00;-0.50;403;0;1;2;-0.79;0.50;0.00;-0.00;-0.00;-0.00;0.00;-0.00;0.66;-2.45;-0.00;0.00;-0.50;0.045;0.35;-0.65;-1000.00;-1000.00
471.705;3100;-2.46;-0.68;353.13;0.95;-2.45;0.00;0.00;-0.50;403;0;1;2;-0.79;0.50;0.00;0.00;-0.01;0.00;-0.00;0.00;0.66;-2.45;-0.00;0.00;-0.50;0.032;0.35;-0.70;-1000.00;-1000.00
471.785;3107;-2.46;-0.68;353.17;0.95;-2.45;0.00;0.00;-0.50;403;0;1;2;-0.79;0.50;-0.01;-0.03;0.01;-0.11;-0.02;-0.00;0.66;-2.45;-0.00;0.00;-0.50;0.030;0.35;-0.73;-1000.00;-1000.00
471.905;3121;-2.46;-0.68;353.13;0.95;-2.45;0.00;0.00;-0.50;403;0;1;2;-0.79;0.50;0.01;0.00;-0.01;0.00;0.02;0.00;0.66;-2.45;-0.00;0.00;-0.50;0.048;0.35;-0.80;-1000.00;-1000.00
471.985;3131;-2.46;-0.68;353.08;0.95;-2.45;0.00;0.00;-0.50;403;0;1;2;-0.79;0.50;0.00;0.05;0.05;0.21;0.06;0.01;0.66;-2.45;-0.00;0.00;-0.50;0.030;0.35;-0.85;-1000.00;-1000.00
472.095;3140;-2.46;-0.68;353.13;0.95;-2.45;0.00;0.00;-0.50;403;0;1;2;-0.79;0.50;0.01;0.00;-0.01;0.00;0.02;0.00;0.66;-2.45;-0.00;0.00;-0.50;0.043;0.35;-0.90;-1000.00;-1000.00
472.195;3149;-2.46;-0.68;353.13;0.95;-2.45;0.00;0.00;-0.50;403;0;1;2;-0.79;0.50;-0.00;0.02;-0.00;0.07;-0.03;0.00;0.66;-2.45;-0.00;0.00;-0.50;0.041;0.35;-0.94;-1000.00;-1000.00
472.315;3163;-2.46;-0.68;353.13;0.95;-2.45;0.00;0.00;-0.50;403;0;1;2;-0.79;0.50;0.00;0.00;-0.01;0.00;-0.00;-0.00;0.66;-2.45;-0.00;0.00;-0.50;0.057;0.35;-1.01;-1000.00;-1000.00
472.415;3174;-2.46;-0.68;353.11;0.95;-2.45;0.00;0.00;-0.50;403;0;1;2;-0.79;0.50;-0.01;0.02;-0.00;0.06;-0.05;0.00;0.66;-2.45;-0.00;0.00;-0.50;0.059;0.35;-1.06;-1000.00;-1000.00
472.515;3182;-2.46;-0.68;353.12;0.95;-2.45;0.00;0.00;-0.50;403;0;1;2;-0.79;0.50;0.00;0.00;-0.01;0.00;-0.00;-0.00;0.66;-2.45;-0.00;0.00;-0.50;0.059;0.35;-1.10;-1000.00;-1000.00
472.575;3186;-2.46;-0.68;353.16;0.95;-2.45;0.00;0.00;-0.50;403;0;1;2;-0.79;0.50;-0.02;-0.03;0.01;-0.13;-0.03;-0.00;0.66;-2.45;-0.00;0.00;-0.50;0.024;0.35;-1.12;-1000.00;-1000.00
472.725;3202;-2.46;-0.68;353.15;0.95;-2.45;0.00;0.00;-0.50;403;0;1;2;-0.79;0.50;-0.01;-0.03;0.01;-0.11;-0.02;-0.00;0.66;-2.45;-0.00;0.00;-0.50;0.076;0.35;-1.20;-1000.00;-1000.00
472.845;3215;-2.46;-0.68;353.10;0.95;-2.45;0.00;0.00;-0.50;403;0;1;2;-0.79;0.50;-0.05;0.01;0.01;0.03;-0.16;0.00;0.66;-2.45;-0.00;0.00;-0.50;0.078;0.35;-1.26;-1000.00;-1000.00
472.895;3221;-2.46;-0.68;353.15;0.95;-2.45;0.00;0.00;-0.50;403;0;1;2;-0.79;0.50;-0.01;-0.03;0.01;-0.11;-0.02;-0.00;0.66;-2.45;-0.00;0.00;-0.50;0.036;0.35;-1.29;-1000.00;-1000.00
472.985;3229;-2.46;-0.68;353.12;0.95;-2.45;0.00;0.00;-0.50;403;0;1;2;-0.79;0.50;0.03;-0.00;0.02;0.01;0.11;0.00;0.66;-2.45;-0.00;0.00;-0.50;0.031;0.35;-1.33;-1000.00;-1000.00
473.085;3240;-2.46;-0.68;353.15;0.95;-2.45;0.00;0.00;-0.50;403;0;1;2;-0.79;0.50;-0.01;-0.03;0.01;-0.11;-0.02;-0.00;0.66;-2.45;-0.00;0.00;-0.50;0.030;0.35;-1.39;-1000.00;-1000.00
473.195;3248;-2.46;-0.68;353.12;0.95;-2.45;0.00;0.00;-0.50;403;0;1;2;-0.79;0.50;0.03;-0.00;0.02;0.01;0.11;0.00;0.66;-2.45;-0.00;0.00;-0.50;0.035;0.35;-1.43;-1000.00;-1000.00
473.285;3259;-2.46;-0.68;353.15;0.95;-2.45;0.00;0.00;-0.50;403;0;1;2;-0.79;0.50;-0.01;-0.03;0.01;-0.11;-0.02;-0.00;0.66;-2.45;-0.00;0.00;-0.50;0.027;0.35;-1.48;-1000.00;-1000.00
473.385;3267;-2.46;-0.68;353.12;0.95;-2.45;0.00;0.00;-0.50;403;0;1;2;-0.79;0.50;0.03;-0.00;0.02;0.01;0.11;0.00;0.66;-2.45;-0.00;0.00;-0.50;0.027;0.35;-1.52;-1000.00;-1000.00
473.515;3281;-2.46;-0.68;353.15;0.95;-2.45;0.00;0.00;-0.50;403;0;1;2;-0.79;0.50;-0.02;-0.03;0.01;-0.13;-0.03;-0.00;0.66;-2.45;-0.00;0.00;-0.50;0.057;0.35;-1.59;-1000.00;-1000.00
473.625;3295;-2.46;-0.68;353.11;0.95;-2.45;0.00;0.00;-0.50;403;0;1;2;-0.79;0.50;-0.04;-0.00;0.08;-0.00;0.00;-0.00;0.66;-2.45;-0.00;0.00;-0.50;0.064;0.35;-1.66;-1000.00;-1000.00
473.705;3299;-2.46;-0.68;353.11;0.95;-2.45;0.00;0.00;-0.50;403;0;1;2;-0.79;0.50;0.00;-0.00;-0.00;-0.00;0.00;-0.00;0.66;-2.45;-0.00;0.00;-0.50;0.055;0.35;-1.67;-1000.00;-1000.00
473.785;3310;-2.46;-0.68;353.09;0.95;-2.45;0.00;0.00;-0.50;403;0;1;2;-0.79;0.50;-0.05;0.01;0.01;0.03;-0.16;0.00;0.66;-2.45;-0.00;0.00;-0.50;0.021;0.35;-1.73;-1000.00;-1000.00
473.885;3318;-2.46;-0.68;353.11;0.95;-2.45;0.00;0.00;-0.50;403;0;1;2;-0.79;0.50;0.00;-0.00;-0.00;-0.00;0.00;-0.00;0.66;-2.45;-0.00;0.00;-0.50;0.025;0.35;-1.77;-1000.00;-1000.00
473.965;3329;-2.46;-0.68;353.09;0.95;-2.45;0.00;0.00;-0.50;403;0;1;2;-0.79;0.50;-0.05;0.01;0.01;0.03;-0.16;0.00;0.66;-2.45;-0.00;0.00;-0.50;0.016;0.35;-1.82;-1000.00;-1000.00
474.075;3337;-2.46;-0.68;353.10;0.95;-2.45;0.00;0.00;-0.50;403;0;1;2;-0.79;0.50;0.00;-0.00;-0.00;-0.00;0.00;-0.00;0.66;-2.45;-0.00;0.00;-0.50;0.023;0.35;-1.85;-1000.00;-1000.00
474.175;3348;-2.46;-0.68;353.09;0.95;-2.45;0.00;0.00;-0.50;403;0;1;2;-0.79;0.50;-0.05;0.01;0.01;0.03;-0.16;0.00;0.66;-2.45;-0.00;0.00;-0.50;0.016;0.35;-1.90;-1000.00;-1000.00
474.285;3357;-2.46;-0.68;353.14;0.95;-2.45;0.00;0.00;-0.50;403;0;0;2;-0.79;0.50;-0.02;-0.03;0.01;-0.13;-0.03;-0.00;0.66;-2.45;-0.00;0.00;-0.50;0.023;0.35;-1.94;-1000.00;-1000.00
474.395;3371;-2.46;-0.68;353.14;0.95;-2.45;0.00;0.00;-0.50;403;0;0;2;-0.79;0.50;-0.02;-0.03;0.01;-0.13;-0.03;0.00;0.66;-2.45;-0.00;0.00;-0.50;0.030;0.35;-2.00;-1000.00;-1000.00
474.465;3376;-2.46;-0.68;353.10;0.95;-2.45;0.00;0.00;-0.50;403;0;0;2;-0.79;0.50;0.03;-0.00;0.02;0.01;0.11;0.00;0.66;-2.45;-0.00;0.00;-0.50;0.010;0.36;-2.02;-1000.00;-1000.00
474.575;3387;-2.46;-0.68;353.13;0.95;-2.45;0.00;0.00;-0.50;403;0;0;2;-0.79;0.50;-0.01;-0.03;0.01;-0.11;-0.02;-0.00;0.66;-2.45;-0.00;0.00;-0.50;0.021;0.36;-2.07;-1000.00;-1000.00
474.735;3405;-2.46;-0.68;353.09;-2.05;-0.65;0.00;-0.00;0.50;247;0;1;0;-0.79;0.50;0.00;0.00;-0.01;0.00;-0.00;-0.00;0.66;-2.45;-0.00;0.00;-0.50;0.041;0.39;-2.14;-1000.00;-1000.00
474.805;3411;-2.46;-0.68;353.04;-2.05;-0.65;0.00;-0.00;0.50;247;0;1;0;0.42;0.50;0.00;0.05;0.05;0.21;0.06;0.01;-2.05;-0.65;0.00;-0.00;0.50;0.046;0.40;-2.17;-1000.00;-1000.00
474.905;3419;-2.46;-0.68;353.10;-2.05;-0.65;0.00;-0.00;0.50;247;0;1;0;0.42;0.50;-0.04;-0.00;-0.00;-0.02;-0.13;-0.00;-2.05;-0.65;0.00;-0.00;0.50;0.044;0.41;-2.20;-1000.00;-1000.00
474.985;3430;-2.46;-0.68;353.14;-2.05;-0.65;0.00;-0.00;0.50;247;0;1;0;0.41;0.50;0.00;-0.00;-0.01;-0.00;0.00;-0.00;-2.05;-0.65;0.00;-0.00;0.50;0.031;0.43;-2.24;-1000.00;-1000.00
475.095;3438;-2.46;-0.68;353.08;-2.05;-0.65;0.00;-0.00;0.50;247;0;1;0;0.42;0.50;-0.05;-0.01;0.01;-0.06;-0.14;-0.00;-2.05;-0.65;0.00;-0.00;0.50;0.039;0.45;-2.27;-1000.00;-1000.00
475.205;3449;-2.46;-0.68;353.10;-2.05;-0.65;0.00;-0.00;0.50;247;0;1;0;0.42;0.50;0.00;0.00;-0.01;0.00;-0.00;-0.00;-2.05;-0.65;0.00;-0.00;0.50;0.043;0.47;-2.32;-1000.00;-1000.00
475.305;3463;-2.46;-0.68;353.08;-2.05;-0.65;0.00;-0.00;0.50;247;0;1;0;0.42;0.50;-0.05;0.01;0.01;0.03;-0.16;0.00;-2.05;-0.65;0.00;-0.00;0.50;0.045;0.49;-2.37;-1000.00;-1000.00
475.385;3468;-2.46;-0.68;353.09;-2.05;-0.65;0.00;-0.00;0.50;247;0;1;0;0.42;0.50;0.00;0.00;-0.01;0.00;-0.00;-0.00;-2.05;-0.65;0.00;-0.00;0.50;0.034;0.50;-2.39;-1000.00;-1000.00
475.515;3481;-2.46;-0.68;353.09;-2.05;-0.65;0.00;-0.00;0.50;247;0;1;0;0.42;0.50;0.00;0.00;-0.01;0.00;-0.00;0.00;-2.05;-0.65;0.00;-0.00;0.50;0.047;0.53;-2.45;-1000.00;-1000.00
475.575;3490;-2.46;-0.68;353.09;-2.05;-0.65;0.00;-0.00;0.50;247;0;1;0;0.42;0.50;0.00;-0.00;-0.00;-0.00;0.00;-0.00;-2.05;-0.65;0.00;-0.00;0.50;0.027;0.54;-2.48;-1000.00;-1000.00
475.675;3496;-2.46;-0.68;353.10;-2.05;-0.65;0.00;-0.00;0.50;247;0;1;0;0.42;0.50;0.03;-0.00;0.02;0.01;0.11;0.00;-2.05;-0.65;0.00;-0.00;0.50;0.021;0.55;-2.51;-1000.00;-1000.00
475.785;3511;-2.46;-0.68;353.09;-2.05;-0.65;0.00;-0.00;0.50;247;0;1;0;0.42;0.50;-0.00;0.02;-0.00;0.07;-0.03;0.00;-2.05;-0.65;0.00;-0.00;0.50;0.032;0.58;-2.57;-1000.00;-1000.00
475.895;3519;-2.46;-0.68;353.09;-2.05;-0.65;0.00;-0.00;0.50;247;0;1;0;0.42;0.50;0.00;0.00;-0.01;0.00;-0.00;0.00;-2.05;-0.65;0.00;-0.00;0.50;0.039;0.59;-2.61;-1000.00;-1000.00
475.995;3530;-2.46;-0.68;353.09;-2.05;-0.65;0.00;-0.00;0.50;247;0;1;0;0.42;0.50;-0.00;0.02;-0.00;0.07;-0.03;0.00;-2.05;-0.65;0.00;-0.00;0.50;0.036;0.61;-2.65;-1000.00;-1000.00
476.085;3538;-2.46;-0.68;353.09;-2.05;-0.65;0.00;-0.00;0.50;247;0;1;0;0.42;0.50;0.00;0.00;-0.01;0.00;-0.00;0.00;-2.05;-0.65;0.00;-0.00;0.50;0.028;0.62;-2.69;-1000.00;-1000.00
476.185;3547;-2.46;-0.68;353.08;-2.05;-0.65;0.00;-0.00;0.50;247;0;1;0;0.42;0.50;0.00;-0.00;-0.00;-0.00;0.00;-0.00;-2.05;-0.65;0.00;-0.00;0.50;0.029;0.63;-2.74;-1000.00;-1000.00
476.285;3557;-2.46;-0.68;353.08;-2.05;-0.65;0.00;-0.00;0.50;247;0;1;0;0.42;0.50;0.00;0.00;-0.01;0.00;-0.00;0.00;-2.05;-0.65;0.00;-0.00;0.50;0.026;0.63;-2.78;-1000.00;-1000.00
476.375;3570;-2.46;-0.68;353.05;-2.05;-0.65;0.00;-0.00;0.50;247;0;1;0;0.42;0.50;0.00;0.00;-0.01;0.00;0.00;0.00;-2.05;-0.65;0.00;-0.00;0.50;0.026;0.64;-2.85;-1000.00;-1000.00
476.515;3580;-2.46;-0.68;353.08;-2.05;-0.65;0.00;-0.00;0.50;247;0;1;0;0.42;0.50;0.00;-0.00;-0.01;-0.00;0.00;0.00;-2.05;-0.65;0.00;-0.00;0.50;0.063;0.64;-2.89;-1000.00;-1000.00
476.605;3589;-2.46;-0.68;353.05;-2.05;-0.65;0.00;-0.00;0.50;247;0;1;0;0.42;0.50;0.00;0.00;-0.01;0.00;0.00;0.00;-2.05;-0.65;0.00;-0.00;0.50;0.048;0.65;-2.93;-1000.00;-1000.00
476.705;3600;-2.46;-0.68;353.08;-2.05;-0.65;0.00;-0.00;0.50;247;0;1;0;0.42;0.50;-0.04;-0.00;0.08;-0.00;0.00;-0.00;-2.05;-0.65;0.00;-0.00;0.50;0.048;0.65;-2.98;-1000.00;-1000.00
476.825;3613;-2.46;-0.68;353.09;-2.05;-0.65;0.00;-0.00;0.50;247;0;1;0;0.42;0.50;0.02;-0.03;0.03;-0.10;0.13;-0.01;-2.05;-0.65;0.00;-0.00;0.50;0.070;0.66;-3.04;-1000.00;-1000.00
476.935;3623;-2.46;-0.68;353.07;-2.05;-0.65;0.00;-0.00;0.50;247;0;1;0;0.42;0.50;0.00;-0.00;-0.00;-0.00;0.00;-0.00;-2.05;-0.65;0.00;-0.00;0.50;0.077;0.67;-3.08;-1000.00;-1000.00
477.005;3632;-2.46;-0.68;353.09;-2.05;-0.65;0.00;-0.00;0.50;247;0;1;0;0.42;0.50;0.02;-0.03;0.03;-0.10;0.13;-0.01;-2.05;-0.65;0.00;-0.00;0.50;0.056;0.69;-3.12;-1000.00;-1000.00
477.095;3642;-2.46;-0.68;353.07;-2.05;-0.65;0.00;-0.00;0.50;247;0;1;0;0.42;0.50;0.00;-0.00;-0.00;-0.00;0.00;-0.00;-2.05;-0.65;0.00;-0.00;0.50;0.040;0.70;-3.17;-1000.00;-1000.00
477.175;3646;-2.46;-0.68;353.04;-2.05;-0.65;0.00;-0.00;0.50;247;0;1;0;0.42;0.50;0.00;0.00;-0.01;0.00;0.00;0.00;-2.05;-0.65;0.00;-0.00;0.50;0.022;0.70;-3.19;-1000.00;-1000.00
477.295;3660;-2.46;-0.68;353.07;-2.05;-0.65;0.00;-0.00;0.50;247;0;1;0;0.42;0.50;-0.01;0.02;-0.00;0.07;-0.03;0.00;-2.05;-0.65;0.00;-0.00;0.50;0.040;0.73;-3.25;-1000.00;-1000.00
477.385;3669;-2.46;-0.68;353.05;-2.05;-0.65;0.00;-0.00;0.50;247;0;1;0;0.42;0.50;-0.01;0.02;-0.00;0.06;-0.05;0.00;-2.05;-0.65;0.00;-0.00;0.50;0.027;0.76;-3.30;-1000.00;-1000.00
477.485;3680;-2.46;-0.68;353.07;-2.05;-0.65;0.00;-0.00;0.50;247;0;1;0;0.42;0.50;0.00;-0.00;-0.00;-0.00;0.00;-0.00;-2.05;-0.65;0.00;-0.00;0.50;0.035;0.79;-3.35;-1000.00;-1000.00
477.605;3691;-2.46;-0.68;353.05;-2.05;-0.65;0.00;-0.00;0.50;247;0;1;0;0.42;0.50;-0.05;0.01;0.01;0.03;-0.16;0.00;-2.05;-0.65;0.00;-0.00;0.50;0.049;0.82;-3.40;-1000.00;-1000.00
477.695;3699;-2.46;-0.68;353.06;-2.05;-0.65;0.00;-0.00;0.50;247;0;1;0;0.42;0.50;0.00;-0.00;-0.00;-0.00;0.00;-0.00;-2.05;-0.65;0.00;-0.00;0.50;0.038;0.86;-3.43;-1000.00;-1000.00
477.785;3710;-2.46;-0.68;353.05;-2.05;-0.65;0.00;-0.00;0.50;247;0;1;0;0.42;0.50;-0.05;0.01;0.01;0.03;-0.16;0.00;-2.05;-0.65;0.00;-0.00;0.50;0.027;0.90;-3.47;-1000.00;-1000.00
477.875;3719;-2.46;-0.68;353.10;-2.05;-0.65;0.00;-0.00;0.50;247;0;1;0;0.42;0.50;-0.02;-0.03;0.01;-0.13;-0.03;-0.00;-2.05;-0.65;0.00;-0.00;0.50;0.025;0.94;-3.49;-1000.00;-1000.00
478.015;3733;-2.46;-0.68;353.06;-2.05;-0.65;0.00;-0.00;0.50;247;0;1;0;0.42;0.50;-0.04;-0.00;0.08;-0.00;0.00;-0.00;-2.05;-0.65;0.00;-0.00;0.50;0.060;1.01;-3.52;-1000.00;-1000.00
478.095;3738;-2.46;-0.68;353.10;-2.05;-0.65;0.00;-0.00;0.50;247;0;1;0;0.42;0.50;-0.02;-0.03;0.01;-0.13;-0.03;-0.00;-2.05;-0.65;0.00;-0.00;0.50;0.031;1.03;-3.52;-1000.00;-1000.00
478.215;3752;-2.46;-0.68;353.06;-2.05;-0.65;0.00;-0.00;0.50;247;0;1;0;0.42;0.50;-0.04;-0.00;0.08;-0.00;0.00;-0.00;-2.05;-0.65;0.00;-0.00;0.50;0.058;1.09;-3.52;-1000.00;-1000.00
478.315;3761;-2.46;-0.68;353.04;-2.05;-0.65;0.00;-0.00;0.50;247;0;1;0;0.42;0.50;-0.05;-0.01;0.01;-0.06;-0.14;-0.00;-2.05;-0.65;0.00;-0.00;0.50;0.064;1.13;-3.52;-1000.00;-1000.00
478.385;3770;-2.46;-0.68;353.05;-2.05;-0.65;0.00;-0.00;0.50;247;0;1;0;0.42;0.50;0.00;-0.00;-0.01;-0.00;0.00;0.00;-2.05;-0.65;0.00;-0.00;0.50;0.037;1.17;-3.51;-1000.00;-1000.00
478.475;3780;-2.46;-0.68;353.04;-2.05;-0.65;0.00;-0.00;0.50;247;0;1;0;0.42;0.50;-0.05;-0.01;0.01;-0.06;-0.14;-0.00;-2.05;-0.65;0.00;-0.00;0.50;0.028;1.22;-3.50;-1000.00;-1000.00
478.585;3790;-2.46;-0.68;353.05;-2.05;-0.65;0.00;-0.00;0.50;247;0;1;0;0.42;0.50;-0.04;-0.00;0.08;-0.00;0.00;-0.00;-2.05;-0.65;0.00;-0.00;0.50;0.029;1.26;-3.49;-1000.00;-1000.00
478.685;3799;-2.46;-0.68;353.03;-2.05;-0.65;0.00;-0.00;0.50;247;0;1;0;0.42;0.50;-0.05;-0.01;0.01;-0.06;-0.14;-0.00;-2.05;-0.65;0.00;-0.00;0.50;0.028;1.31;-3.48;-1000.00;-1000.00
478.795;3809;-2.46;-0.68;353.05;-2.05;-0.65;0.00;-0.00;0.50;247;0;1;0;0.42;0.50;-0.04;-0.00;0.08;-0.00;0.00;-0.00;-2.05;-0.65;0.00;-0.00;0.50;0.047;1.35;-3.46;-1000.00;-1000.00
478.885;3819;-2.46;-0.68;353.05;-2.05;-0.65;0.00;-0.00;0.50;247;0;1;0;0.42;0.50;0.03;-0.00;0.02;0.01;0.11;0.00;-2.05;-0.65;0.00;-0.00;0.50;0.040;1.41;-3.44;-1000.00;-1000.00
478.985;3828;-2.46;-0.68;353.05;-2.05;-0.65;0.00;-0.00;0.50;247;0;1;0;0.42;0.50;-0.04;-0.00;0.08;-0.00;0.00;-0.00;-2.05;-0.65;0.00;-0.00;0.50;0.040;1.45;-3.42;-1000.00;-1000.00
479.085;3838;-2.46;-0.68;353.05;-2.05;-0.65;0.00;-0.00;0.50;247;0;1;0;0.42;0.50;0.03;-0.00;0.02;0.01;0.11;0.00;-2.05;-0.65;0.00;-0.00;0.50;0.042;1.50;-3.39;-1000.00;-1000.00
479.165;3847;-2.46;-0.68;353.04;-2.05;-0.65;0.00;-0.00;0.50;247;0;1;0;0.42;0.50;-0.04;-0.00;0.08;-0.00;0.00;-0.00;-2.05;-0.65;0.00;-0.00;0.50;0.022;1.54;-3.37;-1000.00;-1000.00
479.285;3860;-2.46;-0.68;353.06;-2.05;-0.65;0.00;-0.00;0.50;247;0;1;0;0.42;0.50;0.02;-0.03;0.03;-0.10;0.13;-0.01;-2.05;-0.65;0.00;-0.00;0.50;0.029;1.60;-3.33;-1000.00;-1000.00
479.385;3867;-2.46;-0.68;353.04;-2.05;-0.65;0.00;-0.00;0.50;247;0;1;0;0.42;0.50;0.00;0.00;-0.01;0.00;-0.00;-0.00;-2.05;-0.65;0.00;-0.00;0.50;0.027;1.62;-3.30;-1000.00;-1000.00
479.485;3881;-2.46;-0.68;353.02;-2.05;-0.65;0.00;-0.00;0.50;247;0;1;0;0.42;0.50;-0.05;0.01;0.01;0.03;-0.16;0.00;-2.05;-0.65;0.00;-0.00;0.50;0.031;1.65;-3.24;-1000.00;-1000.00
479.585;3891;-2.46;-0.68;353.04;-2.05;-0.65;0.00;-0.00;0.50;247;0;1;0;0.42;0.50;-0.00;0.02;-0.00;0.07;-0.03;0.00;-2.05;-0.65;0.00;-0.00;0.50;0.032;1.66;-3.20;-1000.00;-1000.00
479.705;3900;-2.46;-0.68;353.02;-2.05;-0.65;0.00;-0.00;0.50;247;0;1;0;0.42;0.50;-0.05;0.01;0.01;0.03;-0.16;0.00;-2.05;-0.65;0.00;-0.00;0.50;0.045;1.67;-3.17;-1000.00;-1000.00
479.775;3910;-2.46;-0.68;353.04;-2.05;-0.65;0.00;-0.00;0.50;247;0;1;0;0.42;0.50;-0.00;0.02;-0.00;0.07;-0.03;0.00;-2.05;-0.65;0.00;-0.00;0.50;0.027;1.67;-3.14;-1000.00;-1000.00
479.915;3924;-2.46;-0.68;353.03;-2.05;-0.65;0.00;-0.00;0.50;247;0;1;0;0.42;0.50;0.00;0.00;-0.01;0.00;-0.00;-0.00;-2.05;-0.65;0.00;-0.00;0.50;0.055;1.68;-3.09;-1000.00;-1000.00
479.985;3929;-2.46;-0.68;353.04;-2.05;-0.65;0.00;-0.00;0.50;247;0;1;0;0.42;0.50;-0.00;0.02;-0.00;0.07;-0.03;0.00;-2.05;-0.65;0.00;-0.00;0.50;0.032;1.68;-3.08;-1000.00;-1000.00
480.075;3937;-2.46;-0.68;353.03;-2.05;-0.65;0.00;-0.00;0.50;247;0;1;0;0.42;0.50;0.00;0.00;-0.01;0.00;-0.00;0.00;-2.05;-0.65;0.00;-0.00;0.50;0.021;1.68;-3.05;-1000.00;-1000.00
480.195;3952;-2.46;-0.68;353.03;-2.05;-0.65;0.00;-0.00;0.50;247;0;1;0;0.42;0.50;0.03;-0.00;0.02;0.01;0.11;0.00;-2.05;-0.65;0.00;-0.00;0.50;0.042;1.69;-3.01;-1000.00;-1000.00
480.275;3956;-2.46;-0.68;353.03;-2.05;-0.65;0.00;-0.00;0.50;247;0;1;0;0.42;0.50;0.00;0.00;-0.01;0.00;-0.00;0.00;-2.05;-0.65;0.00;-0.00;0.50;0.027;1.69;-3.00;-1000.00;-1000.00
480.405;3971;-2.46;-0.68;353.03;-2.05;-0.65;0.00;-0.00;0.50;247;0;1;0;0.42;0.50;0.03;-0.00;0.02;0.01;0.11;0.00;-2.05;-0.65;0.00;-0.00;0.50;0.048;1.69;-2.96;-1000.00;-1000.00
480.495;3980;-2.46;-0.68;353.03;-2.05;-0.65;0.00;-0.00;0.50;247;0;1;0;0.42;0.50;-0.04;-0.00;0.08;-0.00;0.00;-0.00;-2.05;-0.65;0.00;-0.00;0.50;0.037;1.69;-2.94;-1000.00;-1000.00
480.595;3990;-2.46;-0.68;353.03;-2.05;-0.65;0.00;-0.00;0.50;247;0;1;0;0.42;0.50;0.03;-0.00;0.02;0.01;0.11;0.00;-2.05;-0.65;0.00;-0.00;0.50;0.044;1.69;-2.92;-1000.00;-1000.00
480.685;3999;-2.46;-0.68;353.02;-2.05;-0.65;0.00;-0.00;0.50;247;0;1;0;0.42;0.50;-0.04;-0.00;0.08;-0.00;0.00;-0.00;-2.05;-0.65;0.00;-0.00;0.50;0.026;1.69;-2.90;-1000.00;-1000.00
480.785;4009;-2.46;-0.68;353.03;-2.05;-0.65;0.00;-0.00;0.50;247;0;1;0;0.42;0.50;0.03;-0.00;0.02;0.01;0.11;0.00;-2.05;-0.65;0.00;-0.00;0.50;0.029;1.69;-2.88;-1000.00;-1000.00
480.885;4018;-2.46;-0.68;353.02;-2.05;-0.65;0.00;-0.00;0.50;247;0;1;0;0.42;0.50;-0.04;-0.00;0.08;-0.00;0.00;-0.00;-2.05;-0.65;0.00;-0.00;0.50;0.024;1.69;-2.86;-1000.00;-1000.00
480.985;4028;-2.46;-0.68;353.02;-2.05;-0.65;0.00;-0.00;0.50;247;0;1;0;0.42;0.50;0.03;-0.00;0.02;0.01;0.11;0.00;-2.05;-0.65;0.00;-0.00;0.50;0.032;1.69;-2.84;-1000.00;-1000.00
481.075;4036;-2.46;-0.68;353.02;-2.05;-0.65;0.00;-0.00;0.50;247;0;1;0;0.42;0.50;0.00;-0.00;-0.01;-0.00;0.00;0.00;-2.05;-0.65;0.00;-0.00;0.50;0.020;1.69;-2.82;-1000.00;-1000.00
481.215;4051;-2.46;-0.68;353.02;-2.05;-0.65;0.00;-0.00;0.50;247;0;1;0;0.42;0.50;0.00;0.00;-0.01;0.00;-0.00;0.00;-2.05;-0.65;0.00;-0.00;0.50;0.051;1.69;-2.79;-1000.00;-1000.00
481.295;4059;-2.46;-0.68;353.01;-2.05;-0.65;0.00;-0.00;0.50;247;0;1;0;0.42;0.50;-0.01;0.02;-0.00;0.07;-0.04;0.00;-2.05;-0.65;0.00;-0.00;0.50;0.040;1.69;-2.77;-1000.00;-1000.00
481.385;4070;-2.46;-0.68;353.01;-2.05;-0.65;0.00;-0.00;0.50;247;0;1;0;0.42;0.50;0.00;0.00;-0.01;0.00;-0.00;0.00;-2.05;-0.65;0.00;-0.00;0.50;0.028;1.69;-2.75;-1000.00;-1000.00
481.495;4078;-2.46;-0.68;353.01;-2.05;-0.65;0.00;-0.00;0.50;247;0;1;0;0.42;0.50;-0.01;0.02;-0.00;0.07;-0.04;0.00;-2.05;-0.65;0.00;-0.00;0.50;0.034;1.69;-2.73;-1000.00;-1000.00
481.595;4088;-2.46;-0.68;353.03;-2.05;-0.65;0.00;-0.00;0.50;247;0;1;0;0.42;0.50;0.02;-0.03;0.03;-0.10;0.13;-0.01;-2.05;-0.65;0.00;-0.00;0.50;0.039;1.69;-2.71;-1000.00;-1000.00
481.685;4097;-2.46;-0.68;353.01;-2.05;-0.65;0.00;-0.00;0.50;247;0;1;0;0.42;0.50;-0.01;0.02;-0.00;0.07;-0.04;0.00;-2.05;-0.65;0.00;-0.00;0.50;0.027;1.69;-2.70;-1000.00;-1000.00
481.785;4108;-2.46;-0.68;353.01;-2.05;-0.65;0.00;-0.00;0.50;247;0;1;0;0.42;0.50;0.00;0.00;-0.01;0.00;-0.00;0.00;-2.05;-0.65;0.00;-0.00;0.50;0.028;1.69;-2.67;-1000.00;-1000.00
481.885;4120;-2.46;-0.68;352.95;-2.05;-0.65;0.00;-0.00;0.50;247;0;1;0;0.43;0.50;0.00;0.05;0.05;0.21;0.06;0.01;-2.05;-0.65;0.00;-0.00;0.50;0.034;1.69;-2.65;-1000.00;-1000.00
481.985;4130;-2.46;-0.68;353.00;-2.05;-0.65;0.00;-0.00;0.50;247;0;1;0;0.42;0.50;-0.04;-0.00;0.08;0.00;0.02;-0.00;-2.05;-0.65;0.00;-0.00;0.50;0.024;1.69;-2.63;-1000.00;-1000.00
482.115;4139;-2.46;-0.68;352.95;-2.05;-0.65;0.00;-0.00;0.50;247;0;1;0;0.43;0.50;0.00;0.05;0.05;0.21;0.06;0.01;-2.05;-0.65;0.00;-0.00;0.50;0.056;1.68;-2.61;-1000.00;-1000.00
482.195;4150;-2.46;-0.68;353.00;-2.05;-0.65;0.00;-0.00;0.50;247;0;1;0;0.42;0.50;0.00;-0.00;-0.01;-0.00;0.00;0.00;-2.05;-0.65;0.00;-0.00;0.50;0.043;1.68;-2.58;-1000.00;-1000.00
482.295;4162;-2.46;-0.68;353.01;-2.05;-0.65;0.00;-0.00;0.50;247;0;1;0;0.42;0.50;-0.01;-0.00;-0.01;-0.01;-0.03;-0.00;-2.05;-0.65;0.00;-0.00;0.50;0.052;1.68;-2.54;-1000.00;-1000.00
482.375;4168;-2.46;-0.68;353.00;-2.05;-0.65;0.00;-0.00;0.50;247;0;1;0;0.42;0.50;-0.04;-0.00;0.08;0.00;0.02;-0.00;-2.05;-0.65;0.00;-0.00;0.50;0.026;1.67;-2.53;-1000.00;-1000.00
482.505;4183;-2.46;-0.68;353.02;-2.05;-0.65;0.00;-0.00;0.50;247;0;1;0;0.42;0.50;0.02;-0.03;0.03;-0.10;0.13;-0.01;-2.05;-0.65;0.00;-0.00;0.50;0.050;1.66;-2.48;-1000.00;-1000.00
482.575;4187;-2.46;-0.68;353.00;-2.05;-0.65;0.00;-0.00;0.50;247;0;1;0;0.42;0.50;-0.04;-0.00;0.08;0.00;0.02;-0.00;-2.05;-0.65;0.00;-0.00;0.50;0.026;1.66;-2.47;-1000.00;-1000.00
482.705;4202;-2.46;-0.68;353.01;-2.05;-0.65;0.00;-0.00;0.50;247;0;1;0;0.42;0.50;0.02;-0.03;0.03;-0.10;0.13;-0.01;-2.05;-0.65;0.00;-0.00;0.50;0.044;1.65;-2.42;-1000.00;-1000.00
482.785;4208;-2.46;-0.68;352.99;-2.05;-0.65;0.00;-0.00;0.50;247;0;1;0;0.42;0.50;-0.04;-0.00;0.08;-0.00;0.00;-0.00;-2.05;-0.65;0.00;-0.00;0.50;0.027;1.64;-2.40;-1000.00;-1000.00
482.885;4219;-2.46;-0.68;353.00;-2.05;-0.65;0.00;-0.00;0.50;247;0;1;0;0.42;0.50;-0.01;-0.00;-0.01;-0.01;-0.03;-0.00;-2.05;-0.65;0.00;-0.00;0.50;0.037;1.62;-2.36;-1000.00;-1000.00
483.005;4231;-2.46;-0.68;352.99;-2.05;-0.65;0.00;-0.00;0.50;247;0;1;0;0.42;0.50;0.00;-0.00;-0.00;-0.00;0.00;-0.00;-2.05;-0.65;0.00;-0.00;0.50;0.046;1.60;-2.31;-1000.00;-1000.00
483.115;4242;-2.46;-0.68;352.98;-2.05;-0.65;0.00;-0.00;0.50;247;0;1;0;0.42;0.50;-0.05;0.01;0.01;0.03;-0.16;0.00;-2.05;-0.65;0.00;-0.00;0.50;0.063;1.58;-2.27;-1000.00;-1000.00
483.215;4251;-2.46;-0.68;353.03;-2.05;-0.65;0.00;-0.00;0.50;247;0;1;0;0.42;0.50;-0.02;-0.03;0.01;-0.13;-0.03;-0.00;-2.05;-0.65;0.00;-0.00;0.50;0.051;1.57;-2.24;-1000.00;-1000.00
483.275;4257;-2.46;-0.68;352.99;-2.05;-0.65;0.00;-0.00;0.50;247;0;1;0;0.42;0.50;-0.01;-0.00;-0.01;-0.01;-0.03;-0.00;-2.05;-0.65;0.00;-0.00;0.50;0.021;1.55;-2.21;-1000.00;-1000.00
483.375;4270;-2.46;-0.68;353.02;-2.05;-0.65;0.00;-0.00;0.50;247;0;1;0;0.42;0.50;-0.02;-0.03;0.01;-0.13;-0.03;-0.00;-2.05;-0.65;0.00;-0.00;0.50;0.022;1.52;-2.17;-1000.00;-1000.00
483.485;4280;-2.46;-0.68;352.97;-2.05;-0.65;0.00;-0.00;0.50;247;0;1;0;0.42;0.50;-0.05;0.01;0.01;0.03;-0.16;0.00;-2.05;-0.65;0.00;-0.00;0.50;0.033;1.50;-2.13;-1000.00;-1000.00
483.595;4291;-2.46;-0.68;352.93;-2.05;-0.65;0.00;-0.00;0.50;247;0;1;0;0.43;0.50;0.00;0.05;0.05;0.21;0.06;0.01;-2.05;-0.65;0.00;-0.00;0.50;0.032;1.46;-2.10;-1000.00;-1000.00
483.685;4299;-2.46;-0.68;352.97;-2.05;-0.65;0.00;-0.00;0.50;247;0;1;0;0.42;0.50;-0.05;0.01;0.01;0.03;-0.16;0.00;-2.05;-0.65;0.00;-0.00;0.50;0.029;1.44;-2.09;-1000.00;-1000.00
483.785;4308;-2.46;-0.68;353.02;-2.05;-0.65;0.00;-0.00;0.50;247;0;1;0;0.42;0.50;-0.02;-0.03;0.01;-0.13;-0.03;-0.00;-2.05;-0.65;0.00;-0.00;0.50;0.021;1.41;-2.07;-1000.00;-1000.00
483.875;4318;-2.46;-0.68;352.96;-2.05;-0.65;0.00;-0.00;0.50;247;0;1;0;0.42;0.50;-0.05;0.01;0.01;0.03;-0.16;0.00;-2.05;-0.65;0.00;-0.00;0.50;0.028;1.37;-2.06;-1000.00;-1000.00
483.985;4327;-2.46;-0.68;353.02;-2.05;-0.65;0.00;-0.00;0.50;247;0;1;0;0.42;0.50;-0.02;-0.03;0.01;-0.13;-0.03;-0.00;-2.05;-0.65;0.00;-0.00;0.50;0.025;1.34;-2.05;-1000.00;-1000.00
484.085;4337;-2.46;-0.68;352.96;-2.05;-0.65;0.00;-0.00;0.50;247;0;1;0;0.42;0.50;-0.05;0.01;0.01;0.03;-0.16;0.00;-2.05;-0.65;0.00;-0.00;0.50;0.030;1.31;-2.05;-1000.00;-1000.00
484.195;4352;-2.46;-0.68;352.98;-2.05;-0.65;0.00;-0.00;0.50;247;0;1;0;0.42;0.50;-0.01;-0.00;-0.01;-0.01;-0.03;-0.00;-2.05;-0.65;0.00;-0.00;0.50;0.041;1.27;-2.04;-1000.00;-1000.00
484.305;4360;-2.46;-0.68;352.97;-2.05;-0.65;0.00;-0.00;0.50;247;0;1;0;0.42;0.50;-0.04;-0.00;0.08;-0.00;0.00;-0.00;-2.05;-0.65;0.00;-0.00;0.50;0.047;1.24;-2.03;-1000.00;-1000.00
484.385;4371;-2.46;-0.68;352.98;-2.05;-0.65;0.00;-0.00;0.50;247;0;1;0;0.42;0.50;-0.01;-0.00;-0.01;-0.01;-0.03;-0.00;-2.05;-0.65;0.00;-0.00;0.50;0.033;1.21;-2.03;-1000.00;-1000.00
484.495;4379;-2.46;-0.68;352.97;-2.05;-0.65;0.00;-0.00;0.50;247;0;1;0;0.42;0.50;-0.04;-0.00;0.08;-0.00;0.00;-0.00;-2.05;-0.65;0.00;-0.00;0.50;0.036;1.19;-2.02;-1000.00;-1000.00
484.595;4390;-2.46;-0.68;352.98;-2.05;-0.65;0.00;-0.00;0.50;247;0;1;0;0.42;0.50;-0.01;-0.00;-0.01;-0.01;-0.03;-0.00;-2.05;-0.65;0.00;-0.00;0.50;0.043;1.16;-2.02;-1000.00;-1000.00
484.715;4402;-2.46;-0.68;352.97;-2.05;-0.65;0.00;-0.00;0.50;247;0;1;0;0.42;0.50;0.00;-0.00;-0.00;-0.00;0.00;-0.00;-2.05;-0.65;0.00;-0.00;0.50;0.061;1.13;-2.01;-1000.00;-1000.00
484.815;4413;-2.46;-0.68;352.95;-2.05;-0.65;0.00;-0.00;0.50;247;0;1;0;0.42;0.50;-0.05;0.01;0.01;0.03;-0.16;0.00;-2.05;-0.65;0.00;-0.00;0.50;0.052;1.11;-2.01;-1000.00;-1000.00
484.875;4417;-2.46;-0.68;352.97;-2.05;-0.65;0.00;-0.00;0.50;247;0;1;0;0.42;0.50;-0.04;-0.00;0.08;-0.00;0.00;-0.00;-2.05;-0.65;0.00;-0.00;0.50;0.021;1.10;-2.01;-1000.00;-1000.00
484.995;4432;-2.46;-0.68;352.95;-2.05;-0.65;0.00;-0.00;0.50;247;0;1;0;0.42;0.50;-0.05;0.01;0.01;0.03;-0.16;0.00;-2.05;-0.65;0.00;-0.00;0.50;0.044;1.06;-2.01;-1000.00;-1000.00
485.075;4436;-2.46;-0.68;352.96;-2.05;-0.65;0.00;-0.00;0.50;247;0;1;0;0.42;0.50;-0.04;-0.00;0.08;-0.00;0.00;-0.00;-2.05;-0.65;0.00;-0.00;0.50;0.028;1.05;-2.01;-1000.00;-1000.00
485.215;4451;-2.46;-0.68;352.95;-2.05;-0.65;0.00;-0.00;0.50;247;0;1;0;0.42;0.50;-0.05;0.01;0.01;0.03;-0.16;0.00;-2.05;-0.65;0.00;-0.00;0.50;0.056;1.01;-2.00;-1000.00;-1000.00
485.315;4460;-2.46;-0.68;353.00;-2.05;-0.65;0.00;-0.00;0.50;247;0;1;0;0.42;0.50;-0.02;-0.03;0.01;-0.13;-0.03;-0.00;-2.05;-0.65;0.00;-0.00;0.50;0.047;0.98;-2.00;-1000.00;-1000.00
485.385;4470;-2.46;-0.68;352.94;-2.05;-0.65;0.00;-0.00;0.50;247;0;1;0;0.43;0.50;-0.05;0.01;0.01;0.03;-0.16;0.00;-2.05;-0.65;0.00;-0.00;0.50;0.027;0.95;-2.01;-1000.00;-1000.00
485.495;4481;-2.46;-0.68;352.91;-2.05;-0.65;0.00;-0.00;0.50;247;0;1;0;0.43;0.50;0.00;0.05;0.05;0.21;0.06;0.01;-2.05;-0.65;0.00;-0.00;0.50;0.032;0.92;-2.01;-1000.00;-1000.00
485.605;4489;-2.46;-0.68;352.94;-2.05;-0.65;0.00;-0.00;0.50;247;0;1;0;0.43;0.50;-0.05;0.01;0.01;0.03;-0.16;0.00;-2.05;-0.65;0.00;-0.00;0.50;0.045;0.89;-2.01;-1000.00;-1000.00
485.705;4500;-2.46;-0.68;352.90;-2.05;-0.65;0.00;-0.00;0.50;247;0;1;0;0.43;0.50;0.00;0.05;0.05;0.21;0.06;0.01;-2.05;-0.65;0.00;-0.00;0.50;0.049;0.85;-2.01;-1000.00;-1000.00
485.795;4508;-2.46;-0.68;352.94;-2.05;-0.65;0.00;-0.00;0.50;247;0;1;0;0.43;0.50;-0.05;0.01;0.01;0.03;-0.16;0.00;-2.05;-0.65;0.00;-0.00;0.50;0.046;0.82;-2.01;-1000.00;-1000.00
485.885;4517;-2.46;-0.68;352.99;-2.05;-0.65;0.00;-0.00;0.50;247;0;1;0;0.42;0.50;-0.02;-0.03;0.01;-0.13;-0.03;-0.00;-2.05;-0.65;0.00;-0.00;0.50;0.026;0.79;-2.01;-1000.00;-1000.00
485.985;4528;-2.46;-0.68;352.95;-2.05;-0.65;0.00;-0.00;0.50;247;0;1;0;0.42;0.50;0.01;0.00;-0.01;0.00;0.02;0.00;-2.05;-0.65;0.00;-0.00;0.50;0.035;0.76;-2.02;-1000.00;-1000.00
486.095;4542;-2.46;-0.68;352.96;-2.05;-0.65;0.00;-0.00;0.50;247;0;1;0;0.42;0.50;-0.01;-0.00;-0.01;-0.01;-0.03;-0.00;-2.05;-0.65;0.00;-0.00;0.50;0.045;0.71;-2.02;-1000.00;-1000.00
486.195;4550;-2.46;-0.68;352.95;-2.05;-0.65;0.00;-0.00;0.50;247;0;1;0;0.42;0.50;-0.04;-0.00;0.08;-0.00;0.00;-0.00;-2.05;-0.65;0.00;-0.00;0.50;0.039;0.68;-2.02;-1000.00;-1000.00
486.285;4561;-2.46;-0.68;352.95;-2.05;-0.65;0.00;-0.00;0.50;247;0;1;0;0.42;0.50;-0.01;-0.00;-0.01;-0.01;-0.03;-0.00;-2.05;-0.65;0.00;-0.00;0.50;0.022;0.64;-2.02;-1000.00;-1000.00
486.375;4567;-2.46;-0.68;352.95;-2.05;-0.65;0.00;-0.00;0.50;247;0;1;0;0.42;0.50;-0.04;-0.00;0.08;0.00;0.02;-0.00;-2.05;-0.65;0.00;-0.00;0.50;0.022;0.61;-2.02;-1000.00;-1000.00
486.525;4582;-2.46;-0.68;352.96;-2.05;-0.65;0.00;-0.00;0.50;247;0;1;0;0.42;0.50;0.02;-0.03;0.03;-0.10;0.13;-0.01;-2.05;-0.65;0.00;-0.00;0.50;0.062;0.56;-2.02;-1000.00;-1000.00
486.605;4590;-2.46;-0.68;352.98;-2.05;-0.65;0.00;-0.00;0.50;247;0;1;0;0.42;0.50;-0.01;-0.03;0.01;-0.11;-0.02;-0.00;-2.05;-0.65;0.00;-0.00;0.50;0.049;0.53;-2.03;-1000.00;-1000.00
486.695;4601;-2.46;-0.68;352.96;-2.05;-0.65;0.00;-0.00;0.50;247;0;1;0;0.42;0.50;0.02;-0.03;0.03;-0.10;0.13;-0.01;-2.05;-0.65;0.00;-0.00;0.50;0.044;0.49;-2.03;-1000.00;-1000.00
486.805;4609;-2.46;-0.68;352.97;-2.05;-0.65;0.00;-0.00;0.50;247;0;1;0;0.42;0.50;-0.01;-0.03;0.01;-0.11;-0.02;-0.00;-2.05;-0.65;0.00;-0.00;0.50;0.043;0.46;-2.03;-1000.00;-1000.00
486.885;4619;-2.46;-0.68;352.92;-2.05;-0.65;0.00;-0.00;0.50;247;0;1;0;0.43;0.50;-0.01;0.02;-0.00;0.06;-0.05;0.00;-2.05;-0.65;0.00;-0.00;0.50;0.032;0.42;-2.03;-1000.00;-1000.00
486.995;4629;-2.46;-0.68;352.94;-2.05;-0.65;0.00;-0.00;0.50;247;0;1;0;0.43;0.50;-0.01;0.02;-0.00;0.07;-0.04;0.00;-2.05;-0.65;0.00;-0.00;0.50;0.038;0.38;-2.03;-1000.00;-1000.00
487.095;4637;-2.46;-0.68;352.94;-2.05;-0.65;0.00;-0.00;0.50;247;0;1;0;0.43;0.50;-0.01;-0.00;-0.01;-0.01;-0.03;-0.00;-2.05;-0.65;0.00;-0.00;0.50;0.038;0.34;-2.04;-1000.00;-1000.00
487.215;4653;-2.46;-0.68;352.90;-2.05;-0.65;0.00;-0.00;0.50;247;0;1;0;0.43;0.50;0.00;0.00;-0.01;0.00;0.00;0.00;-2.05;-0.65;0.00;-0.00;0.50;0.061;0.28;-2.04;-1000.00;-1000.00
487.275;4657;-2.46;-0.68;352.92;-2.05;-0.65;0.00;-0.00;0.50;247;0;1;0;0.43;0.50;-0.01;0.02;-0.00;0.06;-0.05;0.00;-2.05;-0.65;0.00;-0.00;0.50;0.022;0.26;-2.04;-1000.00;-1000.00
487.385;4671;-2.46;-0.68;352.88;-2.05;-0.65;0.00;-0.00;0.50;247;0;1;0;0.43;0.50;0.00;0.05;0.05;0.21;0.06;0.01;-2.05;-0.65;0.00;-0.00;0.50;0.040;0.21;-2.04;-1000.00;-1000.00
487.475;4676;-2.46;-0.68;352.92;-2.05;-0.65;0.00;-0.00;0.50;247;0;1;0;0.43;0.50;-0.01;0.02;-0.00;0.06;-0.05;0.00;-2.05;-0.65;0.00;-0.00;0.50;0.020;0.19;-2.04;-1000.00;-1000.00
487.605;4691;-2.46;-0.68;352.90;-2.05;-0.65;0.00;-0.00;0.50;247;0;1;0;0.43;0.50;0.00;0.00;-0.01;0.00;0.00;0.00;-2.05;-0.65;0.00;-0.00;0.50;0.046;0.13;-2.05;-1000.00;-1000.00
487.695;4700;-2.46;-0.68;352.93;-2.05;-0.65;0.00;-0.00;0.50;247;0;1;0;0.43;0.50;-0.04;-0.00;0.08;0.00;0.02;-0.00;-2.05;-0.65;0.00;-0.00;0.50;0.043;0.09;-2.05;-1000.00;-1000.00
487.795;4710;-2.46;-0.68;352.90;-2.05;-0.65;0.00;-0.00;0.50;247;0;1;0;0.43;0.50;0.00;0.00;-0.01;0.00;0.00;0.00;-2.05;-0.65;0.00;-0.00;0.50;0.040;0.05;-2.05;-1000.00;-1000.00
487.895;4721;-2.46;-0.68;352.92;-2.05;-0.65;0.00;-0.00;0.50;247;0;1;0;0.43;0.50;-0.04;-0.00;0.08;-0.00;0.00;-0.00;-2.05;-0.65;0.00;-0.00;0.50;0.036;0.00;-2.05;-1000.00;-1000.00
487.995;4729;-2.46;-0.68;352.89;-2.05;-0.65;0.00;-0.00;0.50;247;0;1;0;0.43;0.50;0.00;0.00;-0.01;0.00;0.00;0.00;-2.05;-0.65;0.00;-0.00;0.50;0.041;-0.03;-2.05;-1000.00;-1000.00
488.095;4740;-2.46;-0.68;352.92;-2.05;-0.65;0.00;-0.00;0.50;247;0;1;0;0.43;0.50;-0.04;-0.00;0.08;-0.00;0.00;-0.00;-2.05;-0.65;0.00;-0.00;0.50;0.040;-0.08;-2.06;-1000.00;-1000.00
488.185;4748;-2.46;-0.68;352.89;-2.05;-0.65;0.00;-0.00;0.50;247;0;1;0;0.43;0.50;0.00;0.00;-0.01;0.00;0.00;0.00;-2.05;-0.65;0.00;-0.00;0.50;0.025;-0.10;-2.06;-1000.00;-1000.00
488.325;4762;-2.46;-0.68;352.92;-2.05;-0.65;0.00;-0.00;0.50;247;0;1;0;0.43;0.50;-0.01;0.02;-0.00;0.07;-0.04;0.00;-2.05;-0.65;0.00;-0.00;0.50;0.065;-0.10;-2.06;-1000.00;-1000.00
488.375;4767;-2.46;-0.68;352.89;-2.05;-0.65;0.00;-0.00;0.50;247;0;1;0;0.43;0.50;0.00;0.00;-0.01;0.00;0.00;0.00;-2.05;-0.65;0.00;-0.00;0.50;0.024;-0.10;-2.06;-1000.00;-1000.00
488.495;4781;-2.46;-0.68;352.92;-2.05;-0.65;0.00;-0.00;0.50;247;0;1;0;0.43;0.50;-0.01;0.02;-0.00;0.07;-0.04;0.00;-2.05;-0.65;0.00;-0.00;0.50;0.045;-0.10;-2.06;-1000.00;-1000.00
488.625;4792;-2.46;-0.68;352.92;-2.05;-0.65;0.00;-0.00;0.50;247;0;1;0;0.43;0.50;0.00;0.00;-0.01;0.00;-0.00;0.00;-2.05;-0.65;0.00;-0.00;0.50;0.066;-0.10;-2.06;-1000.00;-1000.00
488.735;4805;-2.46;-0.68;352.86;-2.05;-0.65;0.00;-0.00;0.50;247;0;1;0;0.42;0.50;0.00;0.05;0.05;0.21;0.06;0.01;-2.05;-0.65;0.00;-0.00;0.50;0.080;-0.10;-2.06;-1000.00;-1000.00
488.825;4811;-2.46;-0.68;352.91;-2.05;-0.65;0.00;-0.00;0.50;247;0;1;0;0.43;0.50;0.00;0.00;-0.01;0.00;-0.00;0.00;-2.05;-0.65;0.00;-0.00;0.50;0.072;-0.10;-2.06;-1000.00;-1000.00
488.925;4822;-2.46;-0.68;352.92;-2.05;-0.65;0.00;-0.00;0.50;247;0;1;0;0.43;0.50;-0.00;0.02;-0.00;0.07;-0.03;0.00;-2.05;-0.65;0.00;-0.00;0.50;0.073;-0.10;-2.06;-1000.00;-1000.00
489.025;4831;-2.46;-0.68;352.90;-2.05;-0.65;0.00;-0.00;0.50;247;0;1;0;0.43;0.50;-0.05;0.01;0.01;0.03;-0.16;0.00;-2.05;-0.65;0.00;-0.00;0.50;0.065;-0.10;-2.06;-1000.00;-1000.00
489.105;4842;-2.46;-0.68;352.86;-2.05;-0.65;0.00;-0.00;0.50;247;0;1;0;0.43;0.50;0.00;0.05;0.05;0.21;0.06;0.01;-2.05;-0.65;0.00;-0.00;0.50;0.037;-0.10;-2.06;-1000.00;-1000.00
489.205;4851;-2.46;-0.68;352.91;-2.05;-0.65;0.00;-0.00;0.50;247;0;1;0;0.43;0.50;0.01;0.00;-0.01;0.00;0.02;0.00;-2.05;-0.65;0.00;-0.00;0.50;0.047;-0.10;-2.06;-1000.00;-1000.00
489.275;4857;-2.46;-0.68;352.91;-2.05;-0.65;0.00;-0.00;0.50;247;0;1;0;0.43;0.50;-0.01;0.02;-0.00;0.07;-0.04;0.00;-2.05;-0.65;0.00;-0.00;0.50;0.021;-0.10;-2.06;-1000.00;-1000.00
489.425;4874;-2.46;-0.68;352.90;-2.05;-0.65;0.00;-0.00;0.50;247;0;1;0;0.43;0.50;0.00;0.00;-0.01;0.00;-0.00;-0.00;-2.05;-0.65;0.00;-0.00;0.50;0.072;-0.10;-2.06;-1000.00;-1000.00
489.495;4880;-2.46;-0.68;352.85;-2.05;-0.65;0.00;-0.00;0.50;247;0;1;0;0.43;0.50;0.00;0.05;0.05;0.21;0.06;0.01;-2.05;-0.65;0.00;-0.00;0.50;0.039;-0.10;-2.06;-1000.00;-1000.00
489.595;4891;-2.46;-0.68;352.90;-2.05;-0.65;0.00;-0.00;0.50;247;0;1;0;0.43;0.50;0.00;-0.00;-0.01;-0.00;0.00;0.00;-2.05;-0.65;0.00;-0.00;0.50;0.047;-0.11;-2.06;-1000.00;-1000.00
489.685;4899;-2.46;-0.68;352.85;-2.05;-0.65;0.00;-0.00;0.50;247;0;1;0;0.43;0.50;0.00;0.05;0.05;0.21;0.06;0.01;-2.05;-0.65;0.00;-0.00;0.50;0.032;-0.11;-2.06;-1000.00;-1000.00
489.795;4910;-2.46;-0.68;352.90;-2.05;-0.65;0.00;-0.00;0.50;247;0;1;0;0.43;0.50;0.00;-0.00;-0.01;-0.00;0.00;0.00;-2.05;-0.65;0.00;-0.00;0.50;0.029;-0.11;-2.06;-1000.00;-1000.00
489.905;4918;-2.46;-0.68;352.85;-2.05;-0.65;0.00;-0.00;0.50;247;0;1;0;0.43;0.50;0.00;0.05;0.05;0.21;0.06;0.01;-2.05;-0.65;0.00;-0.00;0.50;0.046;-0.11;-2.06;-1000.00;-1000.00
489.975;4929;-2.46;-0.68;352.90;-2.05;-0.65;0.00;-0.00;0.50;247;0;1;0;0.43;0.50;0.00;-0.00;-0.01;-0.00;0.00;0.00;-2.05;-0.65;0.00;-0.00;0.50;0.022;-0.11;-2.06;-1000.00;-1000.00
490.095;4942;-2.46;-0.68;352.88;-2.05;-0.65;0.00;-0.00;0.50;247;0;1;0;0.43;0.50;-0.01;0.02;-0.00;0.06;-0.05;0.00;-2.05;-0.65;0.00;-0.00;0.50;0.038;-0.13;-2.06;-1000.00;-1000.00
490.225;4952;-2.46;-0.68;352.89;-2.05;-0.65;0.00;-0.00;0.50;247;0;1;0;0.43;0.50;-0.01;0.02;-0.00;0.07;-0.04;0.00;-2.05;-0.65;0.00;-0.00;0.50;0.066;-0.17;-2.06;-1000.00;-1000.00
490.275;4957;-2.46;-0.68;352.86;-2.05;-0.65;0.00;-0.00;0.50;247;0;1;0;0.43;0.50;0.00;0.00;-0.01;0.00;0.00;0.00;-2.05;-0.65;0.00;-0.00;0.50;0.025;-0.20;-2.06;-1000.00;-1000.00
490.385;4967;-2.46;-0.68;352.89;-2.05;-0.65;0.00;-0.00;0.50;247;0;1;0;0.43;0.50;0.00;-0.00;-0.01;-0.00;0.00;0.00;-2.05;-0.65;0.00;-0.00;0.50;0.025;-0.25;-2.07;-1000.00;-1000.00
490.495;4982;-2.46;-0.68;352.89;-2.05;-0.65;0.00;-0.00;0.50;247;0;1;0;0.43;0.50;0.00;0.00;-0.01;0.00;-0.00;0.00;-2.05;-0.65;0.00;-0.00;0.50;0.039;-0.32;-2.07;-1000.00;-1000.00
490.595;4990;-2.46;-0.68;352.89;-2.05;-0.65;0.00;-0.00;0.50;247;0;1;0;0.43;0.50;-0.01;0.02;-0.00;0.07;-0.04;0.00;-2.05;-0.65;0.00;-0.00;0.50;0.037;-0.36;-2.07;-1000.00;-1000.00
490.675;4999;-2.46;-0.68;352.87;-2.05;-0.65;0.00;-0.00;0.50;247;0;1;0;0.43;0.50;-0.01;0.02;-0.00;0.06;-0.05;0.00;-2.05;-0.65;0.00;-0.00;0.50;0.028;-0.40;-2.08;-1000.00;-1000.00
490.775;5010;-2.46;-0.68;352.89;-2.05;-0.65;0.00;-0.00;0.50;247;0;1;0;0.43;0.50;0.00;-0.00;-0.00;-0.00;0.00;-0.00;-2.05;-0.65;0.00;-0.00;0.50;0.023;-0.46;-2.08;-1000.00;-1000.00
490.915;5024;-2.46;-0.68;352.88;-2.05;-0.65;0.00;-0.00;0.50;247;0;1;0;0.43;0.50;0.00;-0.00;-0.01;-0.00;0.00;0.00;-2.05;-0.65;0.00;-0.00;0.50;0.045;-0.52;-2.08;-1000.00;-1000.00
490.985;5027;-2.46;-0.68;352.92;-2.05;-0.65;0.00;-0.00;0.50;247;0;1;0;0.43;0.50;-0.01;-0.03;0.01;-0.11;-0.02;-0.00;-2.05;-0.65;0.00;-0.00;0.50;0.027;-0.54;-2.08;-1000.00;-1000.00
491.085;5037;-2.46;-0.68;352.87;-2.05;-0.65;0.00;-0.00;0.50;247;0;1;0;0.43;0.50;-0.01;0.02;-0.00;0.06;-0.05;0.00;-2.05;-0.65;0.00;-0.00;0.50;0.024;-0.59;-2.09;-1000.00;-1000.00
491.185;5047;-2.46;-0.68;352.88;-2.05;-0.65;0.00;-0.00;0.50;247;0;1;0;0.43;0.50;-0.01;0.02;-0.00;0.07;-0.04;0.00;-2.05;-0.65;0.00;-0.00;0.50;0.030;-0.64;-2.09;-1000.00;-1000.00
491.275;5056;-2.46;-0.68;352.86;-2.05;-0.65;0.00;-0.00;0.50;247;0;1;0;0.43;0.50;-0.01;0.02;-0.00;0.06;-0.05;0.00;-2.05;-0.65;0.00;-0.00;0.50;0.023;-0.68;-2.09;-1000.00;-1000.00
