t;frame;x;y;z;x_ref;y_ref;z_ref;delta_ref;u_ref;state;ellipse;control;action;delta;u;vx;vy;vz;wx;wy;wz;xr;yr;zr;delr;ur;obs1x;obs1y;obs2x;obs2y
7448.215;10;1.10;-0.30;0.14;0.85;-0.35;-0.00;0.00;-0.50;403;1;1;2;-0.11;-0.04;-0.00;-0.00;0.00;0.01;0.01;0.01;0.95;-0.35;0.00;0.00;-0.50;0.048;3.94;3.61;-1000.00;-1000.00
7448.305;16;1.10;-0.30;0.17;0.85;-0.35;-0.00;0.00;-0.50;403;1;1;2;-0.11;-0.08;-0.04;0.00;-0.00;-0.01;-0.02;-0.00;0.95;-0.35;0.00;0.00;-0.50;0.027;3.94;3.61;-1000.00;-1000.00
7448.395;24;1.09;-0.30;0.27;0.85;-0.35;-0.00;0.00;-0.50;403;1;1;2;-0.11;-0.12;-0.08;0.00;-0.01;0.03;0.05;0.02;0.95;-0.35;0.00;0.00;-0.50;0.023;3.94;3.61;-1000.00;-1000.00
7448.505;39;1.08;-0.30;0.53;0.85;-0.35;-0.00;0.00;-0.50;403;1;1;2;-0.09;-0.15;-0.12;0.00;-0.00;0.03;0.03;0.03;0.95;-0.35;0.00;0.00;-0.50;0.028;3.94;3.61;-1000.00;-1000.00
7448.605;48;1.07;-0.30;0.66;0.85;-0.35;-0.00;0.00;-0.50;403;1;1;2;-0.09;-0.18;-0.15;-0.00;0.00;-0.01;-0.02;0.03;0.95;-0.35;0.00;0.00;-0.50;0.023;3.94;3.61;-1000.00;-1000.00
7448.695;54;1.06;-0.30;0.73;0.85;-0.35;-0.00;0.00;-0.50;403;1;1;2;-0.08;-0.21;-0.18;0.00;-0.00;0.02;0.04;0.02;0.95;-0.35;0.00;0.00;-0.50;0.014;3.94;3.61;-1000.00;-1000.00
7448.795;67;1.03;-0.30;0.95;0.85;-0.35;-0.00;0.00;-0.50;403;1;1;2;-0.07;-0.23;-0.21;-0.00;0.00;0.00;-0.00;0.04;0.95;-0.35;0.00;0.00;-0.50;0.022;3.94;3.61;-1000.00;-1000.00
7448.895;77;1.01;-0.30;1.13;0.76;-0.35;-0.00;0.00;-0.50;403;2;1;2;-0.06;-0.25;-0.23;0.00;0.00;0.00;-0.00;0.03;0.95;-0.35;0.00;0.00;-0.50;0.019;3.94;3.61;-1000.00;-1000.00
7448.985;86;0.99;-0.30;1.23;0.76;-0.35;-0.00;0.00;-0.50;403;2;1;2;-0.06;-0.27;-0.25;0.00;0.00;0.00;-0.00;0.02;0.95;-0.35;0.00;0.00;-0.50;0.016;3.94;3.61;-1000.00;-1000.00
7449.085;96;0.96;-0.30;1.31;0.76;-0.35;-0.00;0.00;-0.50;403;2;1;2;-0.05;-0.28;-0.27;0.00;0.00;0.00;-0.00;0.01;0.95;-0.35;0.00;0.00;-0.50;0.016;3.94;3.61;-1000.00;-1000.00
7449.185;105;0.94;-0.30;1.35;0.76;-0.35;-0.00;0.00;-0.50;403;2;1;2;-0.05;-0.29;-0.28;0.00;-0.00;0.00;-0.00;0.01;0.94;-0.35;-0.00;0.00;-0.50;0.011;3.94;3.61;-1000.00;-1000.00
7449.345;119;0.90;-0.30;1.39;0.65;-0.35;0.00;-0.00;0.37;217;0;1;7;-0.04;-0.30;-0.29;0.00;-0.00;0.00;-0.00;0.00;0.91;-0.35;-0.00;0.00;-0.50;0.053;3.94;3.61;-1000.00;-1000.00
7449.415;130;0.86;-0.30;1.40;1.03;-0.30;24.90;0.79;0.50;217;1;1;7;-0.04;-0.30;-0.30;0.00;-0.00;0.00;-0.00;0.00;0.89;-0.34;8.71;0.51;0.45;0.037;3.94;3.61;-1000.00;-1000.00
7449.495;133;0.86;-0.31;1.54;1.03;-0.30;24.90;0.79;0.50;217;1;1;7;-0.04;-0.30;-0.17;0.00;0.00;-0.00;-0.04;0.18;0.86;-0.34;6.37;0.44;0.44;0.014;3.94;3.61;-1000.00;-1000.00
7449.595;144;0.85;-0.31;10.16;1.03;-0.30;24.90;0.79;0.50;217;1;1;7;-0.04;-0.30;-0.05;-0.07;-0.05;0.11;-0.09;1.98;0.86;-0.34;6.37;0.44;0.44;0.020;3.94;3.61;-1000.00;-1000.00
7449.705;159;0.85;-0.32;26.63;1.03;-0.30;24.90;0.79;0.50;217;1;1;7;-0.04;-0.30;-0.03;-0.19;-0.01;-0.02;-0.14;1.93;0.86;-0.34;6.37;0.44;0.44;0.030;3.94;3.61;-1000.00;-1000.00
7449.795;167;0.85;-0.34;35.00;1.03;-0.30;24.90;0.79;0.50;217;1;1;7;-0.04;-0.30;-0.10;-0.21;-0.01;-0.02;-0.05;1.80;0.86;-0.34;6.37;0.44;0.44;0.019;3.94;3.61;-1000.00;-1000.00
7449.895;178;0.86;-0.37;45.77;1.03;-0.30;24.90;0.79;0.50;217;1;1;7;-0.04;-0.30;-0.15;-0.24;-0.00;-0.00;-0.01;1.67;0.86;-0.34;6.37;0.44;0.44;0.025;3.94;3.61;-1000.00;-1000.00
7450.005;186;0.86;-0.39;53.18;1.03;-0.30;24.90;0.79;0.50;217;1;1;7;-0.04;-0.30;-0.17;-0.22;-0.00;0.00;-0.01;1.59;0.86;-0.34;6.37;0.44;0.44;0.029;3.94;3.61;-1000.00;-1000.00
7450.105;196;0.87;-0.42;61.86;1.03;-0.30;24.90;0.79;0.50;217;1;1;7;-0.04;-0.30;-0.19;-0.18;-0.01;0.02;-0.02;1.45;0.86;-0.34;6.37;0.44;0.44;0.026;3.94;3.61;-1000.00;-1000.00
7450.195;204;0.87;-0.44;68.14;1.03;-0.30;24.90;0.79;0.50;217;1;1;7;-0.04;-0.30;-0.22;-0.15;-0.01;0.03;-0.01;1.29;0.86;-0.34;6.37;0.44;0.44;0.017;3.94;3.61;-1000.00;-1000.00
7450.285;215;0.88;-0.47;76.33;1.03;-0.30;24.90;0.79;0.50;217;1;1;7;-0.04;-0.30;-0.22;-0.16;-0.00;0.11;-0.07;1.37;0.87;-0.34;7.48;0.48;0.45;0.013;3.94;3.61;-1000.00;-1000.00
7450.395;223;0.89;-0.48;82.55;1.03;-0.30;24.90;0.79;0.50;217;1;1;7;-0.04;-0.30;-0.14;-0.07;-0.00;-0.00;0.00;1.51;0.87;-0.34;7.48;0.48;0.45;0.019;3.94;3.61;-1000.00;-1000.00
7450.495;234;0.89;-0.49;93.89;1.03;-0.30;24.90;0.79;0.50;217;1;1;7;-0.04;-0.30;-0.04;-0.06;-0.10;-0.00;0.02;2.04;0.87;-0.34;7.48;0.48;0.45;0.014;3.94;3.61;-1000.00;-1000.00
7450.595;246;0.91;-0.50;107.50;1.03;-0.30;24.90;0.79;0.50;217;1;1;7;-0.04;-0.30;-0.05;-0.15;-0.01;-0.02;0.04;1.89;0.87;-0.34;7.48;0.48;0.45;0.019;3.94;3.61;-1000.00;-1000.00
7450.705;257;0.93;-0.49;118.92;1.03;-0.30;24.90;0.79;0.50;217;1;1;7;-0.04;-0.30;-0.08;-0.19;-0.00;0.04;-0.01;1.72;0.89;-0.34;8.71;0.51;0.45;0.029;3.94;3.61;-1000.00;-1000.00
7450.785;265;0.94;-0.49;126.56;1.03;-0.30;24.90;0.79;0.50;217;1;1;7;-0.04;-0.30;-0.13;-0.22;-0.05;-0.01;0.19;1.62;0.91;-0.34;10.05;0.54;0.46;0.015;3.94;3.61;-1000.00;-1000.00
7450.895;276;0.97;-0.49;136.59;1.03;-0.30;24.90;0.79;0.50;217;1;1;7;-0.04;-0.30;-0.15;-0.23;-0.00;0.02;-0.01;1.60;0.94;-0.33;13.10;0.60;0.47;0.017;3.94;3.61;-1000.00;-1000.00
7450.985;285;1.00;-0.48;144.60;1.03;-0.30;24.90;0.79;0.50;217;1;1;7;-0.04;-0.30;-0.17;-0.21;-0.00;0.02;-0.00;1.53;0.95;-0.33;14.82;0.63;0.47;0.012;3.94;3.61;-1000.00;-1000.00
7451.095;295;1.02;-0.47;152.95;1.03;-0.30;24.90;0.79;0.50;217;1;1;7;-0.04;-0.30;-0.19;-0.17;-0.01;0.02;0.02;1.39;0.97;-0.32;16.67;0.67;0.48;0.027;3.94;3.61;-1000.00;-1000.00
7451.195;303;1.04;-0.47;159.00;1.03;-0.30;24.90;0.79;0.50;217;1;1;7;-0.04;-0.30;-0.21;-0.15;-0.01;0.01;0.02;1.24;0.99;-0.32;18.67;0.70;0.49;0.025;3.94;3.61;-1000.00;-1000.00
7451.305;319;1.08;-0.46;170.22;1.03;-0.30;24.90;0.79;0.50;217;1;1;7;-0.04;-0.30;-0.22;-0.11;-0.00;-0.11;-0.10;1.16;1.00;-0.31;20.80;0.73;0.49;0.030;3.94;3.61;-1000.00;-1000.00
7451.405;327;1.09;-0.45;177.53;1.03;-0.30;24.90;0.79;0.50;217;1;1;7;-0.04;-0.30;-0.11;-0.13;0.00;0.11;0.19;1.82;1.02;-0.30;23.09;0.76;0.50;0.032;3.94;3.61;-1000.00;-1000.00
7451.495;338;1.09;-0.45;189.99;1.03;-0.30;24.90;0.79;0.50;217;1;1;7;-0.04;-0.30;0.01;-0.14;-0.03;0.03;0.25;2.21;1.02;-0.30;23.09;0.76;0.50;0.027;3.94;3.61;-1000.00;-1000.00
7451.605;346;1.09;-0.44;199.29;1.03;-0.30;24.90;0.79;0.50;217;1;1;7;-0.04;-0.30;-0.06;-0.17;-0.01;-0.05;-0.06;1.94;1.02;-0.30;23.09;0.76;0.50;0.029;3.94;3.62;-1000.00;-1000.00
7451.705;355;1.09;-0.42;208.98;1.03;-0.30;24.90;0.79;0.50;217;1;1;7;-0.04;-0.30;-0.09;-0.21;-0.01;-0.03;0.10;1.90;1.04;-0.29;25.52;0.79;0.50;0.028;3.94;3.62;-1000.00;-1000.00
7451.795;365;1.09;-0.39;218.83;1.03;-0.30;24.90;0.79;0.50;217;1;1;7;-0.04;-0.30;-0.15;-0.24;-0.01;-0.00;-0.02;1.64;1.04;-0.29;25.52;0.79;0.50;0.022;3.94;3.62;-1000.00;-1000.00
7451.905;379;1.08;-0.35;232.07;1.03;-0.30;24.90;0.79;0.50;217;1;1;7;-0.04;-0.30;-0.17;-0.21;-0.00;-0.00;0.02;1.61;1.05;-0.29;28.00;0.79;0.50;0.032;3.94;3.62;-1000.00;-1000.00
7452.005;388;1.08;-0.33;240.03;1.03;-0.30;24.90;0.79;0.50;217;1;1;7;-0.04;-0.30;-0.19;-0.19;-0.01;-0.02;0.02;1.49;1.05;-0.29;28.00;0.79;0.50;0.032;3.94;3.62;-1000.00;-1000.00
7452.105;397;1.07;-0.31;247.24;1.03;-0.30;24.90;0.79;0.50;217;1;1;7;-0.04;-0.30;-0.22;-0.16;-0.01;-0.03;0.01;1.31;1.05;-0.29;28.00;0.79;0.50;0.025;3.94;3.61;-1000.00;-1000.00
7452.205;408;1.06;-0.28;255.37;1.03;-0.30;24.90;0.79;0.50;217;1;1;7;-0.04;-0.30;-0.21;-0.18;-0.00;-0.16;0.13;1.42;1.07;-0.28;30.48;0.79;0.50;0.029;3.94;3.61;-1000.00;-1000.00
7452.305;416;1.06;-0.26;261.32;1.03;-0.30;24.90;0.79;0.50;217;1;1;7;0.79;-0.12;-0.18;-0.11;-0.01;-0.03;-0.05;1.45;1.07;-0.28;30.48;0.79;0.50;0.032;3.94;3.61;-1000.00;-1000.00
7452.405;427;1.05;-0.24;269.50;1.27;0.06;86.23;0.79;0.50;217;2;1;7;0.79;0.04;-0.14;-0.11;-0.01;-0.12;0.04;0.55;1.07;-0.28;30.48;0.79;0.50;0.030;3.94;3.61;-1000.00;-1000.00
7452.495;436;1.04;-0.24;267.57;1.27;0.06;86.23;0.79;0.50;217;2;1;7;0.79;0.19;0.01;-0.01;-0.01;-0.09;0.07;-0.27;1.07;-0.28;30.48;0.79;0.50;0.022;3.94;3.61;-1000.00;-1000.00
7452.595;446;1.04;-0.25;268.60;1.27;0.06;86.23;0.79;0.50;217;2;1;7;0.79;0.33;0.19;0.02;-0.01;-0.01;0.01;0.47;1.07;-0.28;30.48;0.79;0.50;0.019;3.94;3.61;-1000.00;-1000.00
7452.685;454;1.05;-0.27;271.63;1.27;0.06;86.23;0.79;0.50;217;2;1;7;0.79;0.47;0.30;0.08;-0.04;0.26;-0.04;1.03;1.05;-0.29;28.00;0.79;0.50;0.011;3.94;3.61;-1000.00;-1000.00
7452.785;464;1.05;-0.31;278.34;1.27;0.06;86.23;0.79;0.50;217;2;1;7;0.79;0.50;0.47;0.01;-0.01;-0.06;0.08;1.48;1.05;-0.29;28.00;0.79;0.50;0.013;3.94;3.61;-1000.00;-1000.00
7452.885;474;1.06;-0.35;286.88;1.27;0.06;86.23;0.79;0.50;217;2;1;7;0.79;0.50;0.44;-0.14;-0.05;0.04;-0.18;1.56;1.04;-0.29;25.52;0.79;0.50;0.014;3.94;3.61;-1000.00;-1000.00
7452.985;485;1.05;-0.41;296.66;1.27;0.06;86.23;0.79;0.50;217;2;1;7;0.79;0.50;0.44;-0.23;-0.01;-0.15;-0.02;1.60;1.02;-0.30;23.09;0.76;0.50;0.010;3.94;3.61;-1000.00;-1000.00
7453.085;493;1.06;-0.44;303.40;1.27;0.06;86.23;0.79;0.50;217;2;1;7;0.79;0.50;0.44;-0.21;-0.01;-0.17;-0.03;1.54;1.00;-0.31;20.80;0.73;0.49;0.011;3.94;3.61;-1000.00;-1000.00
7453.205;508;1.08;-0.51;315.70;1.27;0.06;86.23;0.79;0.50;217;2;1;7;0.79;0.50;0.41;-0.18;-0.00;-0.02;0.01;1.42;1.00;-0.31;20.80;0.73;0.49;0.023;3.94;3.61;-1000.00;-1000.00
7453.295;516;1.09;-0.54;321.63;1.27;0.06;86.23;0.79;0.50;217;2;1;7;0.79;0.50;0.22;-0.15;0.05;-0.94;-0.06;0.69;1.00;-0.31;20.80;0.73;0.49;0.016;3.94;3.61;-1000.00;-1000.00
7453.385;527;1.09;-0.54;323.50;1.27;0.06;86.23;0.79;0.50;217;2;1;7;0.79;0.50;0.14;-0.05;-0.14;0.05;0.66;1.06;1.00;-0.31;20.80;0.73;0.49;0.011;3.94;3.61;-1000.00;-1000.00
7453.485;535;1.10;-0.54;325.40;1.27;0.06;86.23;0.79;0.50;217;2;1;7;0.79;0.50;0.08;0.05;-0.12;0.52;0.01;0.36;1.00;-0.31;20.80;0.73;0.49;0.010;3.94;3.61;-1000.00;-1000.00
7453.595;546;1.11;-0.54;326.83;1.27;0.06;86.23;0.79;0.50;217;2;1;7;0.79;0.50;0.12;0.04;-0.31;1.37;0.09;0.61;1.02;-0.30;23.09;0.76;0.50;0.020;3.94;3.61;-1000.00;-1000.00
7453.695;554;1.11;-0.54;327.43;1.27;0.06;86.23;0.79;0.50;217;2;1;7;0.79;0.50;0.06;-0.02;-0.23;1.00;-0.06;0.23;1.02;-0.30;23.09;0.76;0.50;0.019;3.94;3.61;-1000.00;-1000.00
7453.795;565;1.11;-0.54;327.49;1.27;0.06;86.23;0.79;0.50;217;2;1;7;0.79;0.50;-0.01;0.03;-0.20;1.15;-0.63;-0.14;1.02;-0.30;23.09;0.76;0.50;0.020;3.94;3.61;-1000.00;-1000.00
7453.885;573;1.12;-0.54;329.11;1.27;0.06;86.23;0.79;0.50;217;2;1;7;0.79;0.50;0.12;-0.02;-0.06;0.26;0.33;0.71;1.02;-0.30;23.09;0.76;0.50;0.013;3.94;3.61;-1000.00;-1000.00
7453.995;587;1.13;-0.54;331.96;1.27;0.06;86.23;0.79;0.50;217;2;1;7;0.79;0.50;0.21;0.05;-0.45;1.97;0.22;0.97;1.02;-0.30;23.09;0.76;0.50;0.022;3.94;3.61;-1000.00;-1000.00
7454.085;597;1.14;-0.54;334.33;1.27;0.06;86.23;0.79;0.50;217;2;1;7;0.79;0.50;0.20;-0.13;-0.26;1.44;-0.36;0.55;1.02;-0.30;23.09;0.76;0.50;0.017;3.94;3.61;-1000.00;-1000.00
7454.185;603;1.14;-0.55;334.91;1.27;0.06;86.23;0.79;0.50;217;2;1;7;0.79;0.50;0.21;-0.20;-0.30;0.92;1.90;1.27;1.04;-0.29;25.52;0.79;0.50;0.008;3.94;3.61;-1000.00;-1000.00
7454.285;615;1.16;-0.54;338.37;1.27;0.06;86.23;0.79;0.50;217;2;1;7;0.79;0.50;0.35;-0.14;-0.40;2.08;0.03;1.19;1.04;-0.29;25.52;0.79;0.50;0.011;3.94;3.61;-1000.00;-1000.00
7454.395;626;1.16;-0.54;339.49;1.27;0.06;86.23;0.79;0.50;217;2;1;7;0.79;0.50;0.09;-0.04;-0.25;1.73;0.02;0.07;1.04;-0.29;25.52;0.79;0.50;0.020;3.94;3.61;-1000.00;-1000.00
7454.495;634;1.17;-0.56;343.55;1.27;0.06;86.23;0.79;0.50;217;2;1;7;0.79;0.50;0.37;-0.27;-0.05;-0.08;-0.40;1.77;1.04;-0.29;25.52;0.79;0.50;0.020;3.94;3.61;-1000.00;-1000.00
7454.585;645;1.22;-0.57;354.93;1.27;0.06;86.23;0.79;0.50;217;2;1;7;0.79;0.50;0.54;-0.06;-0.01;-0.17;-0.07;1.81;1.05;-0.29;28.00;0.79;0.50;0.014;3.94;3.61;-1000.00;-1000.00
7454.685;653;1.26;-0.58;363.07;1.27;0.06;86.23;0.79;0.50;217;2;1;7;0.79;0.50;0.47;-0.17;0.00;0.05;0.10;1.76;1.07;-0.28;30.48;0.79;0.50;0.009;3.94;3.61;-1000.00;-1000.00
7454.785;667;1.32;-0.59;372.48;1.27;0.06;86.23;0.79;0.50;217;2;1;7;0.79;0.50;0.49;0.07;-0.01;-0.04;-0.02;1.25;1.08;-0.27;32.96;0.79;0.50;0.014;3.94;3.61;-1000.00;-1000.00
7454.895;676;1.37;-0.57;379.31;1.27;0.06;86.23;0.79;0.50;217;2;1;7;0.79;0.50;0.56;0.12;-0.01;-0.02;0.04;1.41;1.10;-0.26;35.43;0.79;0.50;0.017;3.94;3.61;-1000.00;-1000.00
7454.985;687;1.42;-0.54;388.96;1.27;0.06;86.23;0.79;0.50;217;2;1;7;0.79;0.50;0.47;-0.13;-0.00;-0.01;0.03;1.48;1.13;-0.24;40.39;0.79;0.50;0.014;3.94;3.61;-1000.00;-1000.00
7455.095;695;1.46;-0.53;395.95;1.27;0.06;86.23;0.79;0.50;217;2;1;7;0.79;0.50;0.43;-0.18;-0.01;-0.02;-0.02;1.52;1.14;-0.22;42.87;0.79;0.50;0.015;3.95;3.61;-1000.00;-1000.00
7455.185;706;1.50;-0.52;405.34;1.27;0.06;86.23;0.79;0.50;217;2;1;7;0.77;0.50;0.40;-0.20;-0.00;-0.00;-0.02;1.47;1.17;-0.20;47.82;0.79;0.50;0.012;3.95;3.61;-1000.00;-1000.00
7455.285;715;1.54;-0.50;412.55;1.27;0.06;86.23;0.79;0.50;217;2;1;7;0.63;0.50;0.40;-0.18;-0.01;0.00;-0.02;1.36;1.18;-0.18;50.30;0.79;0.50;0.010;3.95;3.61;-1000.00;-1000.00
7455.385;725;1.57;-0.48;418.89;1.27;0.06;86.23;0.79;0.50;217;2;1;7;0.54;0.50;0.45;-0.10;-0.01;0.04;-0.09;0.89;1.19;-0.17;52.78;0.79;0.50;0.013;3.95;3.61;-1000.00;-1000.00
7455.485;733;1.60;-0.45;422.88;1.27;0.06;86.23;0.79;0.50;217;2;1;7;0.54;0.50;0.44;-0.04;-0.00;-0.15;0.22;0.60;1.20;-0.15;55.26;0.79;0.50;0.009;3.95;3.61;-1000.00;-1000.00
7455.585;744;1.63;-0.41;427.72;1.27;0.06;86.23;0.79;0.50;217;2;1;7;0.54;0.50;0.47;-0.08;-0.00;0.00;-0.08;0.77;1.21;-0.14;57.73;0.79;0.50;0.010;3.95;3.61;-1000.00;-1000.00
7455.685;754;1.65;-0.36;432.47;1.27;0.06;86.23;0.79;0.50;217;2;1;7;0.53;0.50;0.48;-0.09;-0.00;0.04;-0.02;0.87;1.22;-0.12;60.21;0.79;0.50;0.009;3.95;3.61;-1000.00;-1000.00
7455.795;767;1.68;-0.31;438.87;1.27;0.06;86.23;0.79;0.50;217;2;1;7;0.50;0.49;0.49;-0.11;-0.00;0.03;-0.00;0.89;1.23;-0.11;62.69;0.79;0.50;0.020;3.95;3.61;-1000.00;-1000.00
7455.885;776;1.69;-0.26;443.15;1.27;0.06;86.23;0.79;0.50;217;2;1;7;0.49;0.48;0.52;-0.09;0.00;0.04;-0.07;0.85;1.24;-0.09;65.17;0.79;0.50;0.016;3.95;3.61;-1000.00;-1000.00
7455.995;786;1.71;-0.22;447.79;1.27;0.06;86.23;0.79;0.50;217;2;1;7;0.54;0.47;0.47;-0.07;0.00;-0.12;0.08;0.67;1.25;-0.06;70.12;0.79;0.50;0.020;3.95;3.61;-1000.00;-1000.00
7456.085;797;1.72;-0.16;453.00;1.27;0.06;86.23;0.79;0.50;217;2;1;7;0.56;0.46;0.46;-0.09;-0.00;-0.05;0.02;0.79;1.26;-0.02;75.08;0.79;0.50;0.011;3.95;3.61;-1000.00;-1000.00
7456.185;805;1.72;-0.13;456.87;1.27;0.06;86.23;0.79;0.50;217;2;1;7;0.55;0.44;0.47;-0.10;-0.00;0.05;-0.07;0.90;1.27;-0.01;77.56;0.79;0.50;0.018;3.95;3.61;-1000.00;-1000.00
7456.275;816;1.73;-0.08;461.79;1.27;0.06;86.23;0.79;0.50;217;2;1;7;0.52;0.42;0.42;-0.06;-0.00;-0.17;0.06;0.61;1.27;0.01;80.03;0.79;0.50;0.008;3.95;3.61;-1000.00;-1000.00
7456.385;824;1.72;-0.04;464.82;1.27;0.06;86.23;0.79;0.50;217;2;1;7;0.53;0.39;0.43;-0.11;-0.04;0.27;0.03;0.74;1.27;0.03;82.51;0.79;0.50;0.012;3.95;3.61;-1000.00;-1000.00
7456.485;833;1.72;-0.01;467.70;1.27;0.06;86.23;0.79;0.50;217;2;1;7;0.54;0.37;0.39;-0.07;-0.01;0.06;-0.01;0.57;1.27;0.05;84.99;0.79;0.50;0.010;3.95;3.61;-1000.00;-1000.00
7456.595;847;1.71;0.04;471.73;1.27;0.06;86.23;0.79;0.50;217;2;1;7;0.53;0.34;0.35;-0.04;-0.01;-0.11;0.03;0.40;1.27;0.07;87.47;0.78;0.50;0.018;3.95;3.61;-1000.00;-1000.00
7456.695;858;1.70;0.08;474.43;1.27;0.06;86.23;0.79;0.50;217;2;1;7;0.49;0.31;0.34;-0.08;-0.01;0.14;-0.01;0.47;1.27;0.07;87.47;0.78;0.50;0.025;3.95;3.61;-1000.00;-1000.00
7456.785;866;1.69;0.11;475.88;1.27;0.06;86.23;0.79;0.50;217;2;1;7;0.53;0.28;0.29;-0.04;-0.01;-0.03;0.01;0.25;1.28;0.08;89.93;0.78;0.50;0.016;3.94;3.61;-1000.00;-1000.00
7456.895;875;1.68;0.13;477.13;1.27;0.06;86.23;0.79;0.50;217;2;1;7;0.57;0.25;0.29;-0.01;-0.01;0.08;-0.01;0.26;1.27;0.10;92.39;0.78;0.50;0.020;3.95;3.61;-1000.00;-1000.00
7456.985;885;1.67;0.15;478.20;1.27;0.06;86.23;0.79;0.50;217;2;1;7;0.61;0.22;0.26;-0.00;-0.01;0.02;0.01;0.15;1.27;0.12;94.83;0.78;0.50;0.016;3.94;3.61;-1000.00;-1000.00
7457.085;894;1.66;0.17;479.02;1.27;0.06;86.23;0.79;0.50;217;2;1;7;0.66;0.19;0.23;-0.01;-0.01;0.01;-0.01;0.14;1.27;0.14;97.26;0.78;0.50;0.009;3.94;3.61;-1000.00;-1000.00
7457.185;904;1.65;0.19;479.72;1.09;0.44;144.20;0.73;0.50;217;3;1;7;0.66;0.17;0.21;0.01;-0.01;0.03;-0.01;0.13;1.27;0.14;97.26;0.78;0.50;0.009;3.94;3.61;-1000.00;-1000.00
7457.275;915;1.64;0.21;480.08;1.09;0.44;144.20;0.73;0.50;217;3;1;7;-0.09;0.18;0.19;0.01;-0.01;0.03;0.00;0.03;1.27;0.16;99.69;0.77;0.50;0.004;3.94;3.61;-1000.00;-1000.00
7457.375;923;1.63;0.22;478.85;1.09;0.44;144.20;0.73;0.50;217;3;1;7;0.01;0.20;0.18;0.01;-0.01;-0.04;-0.00;-0.52;1.27;0.16;99.69;0.77;0.50;0.005;3.94;3.61;-1000.00;-1000.00
7457.485;937;1.62;0.25;476.35;1.09;0.44;144.20;0.73;0.50;217;3;1;7;0.22;0.21;0.20;0.00;-0.01;0.06;-0.01;-0.18;1.27;0.17;102.10;0.77;0.50;0.012;3.94;3.61;-1000.00;-1000.00
7457.585;945;1.61;0.26;475.96;1.09;0.44;144.20;0.73;0.50;217;3;1;7;0.29;0.23;0.22;-0.00;-0.01;0.05;-0.01;0.02;1.27;0.17;102.10;0.77;0.50;0.015;3.94;3.61;-1000.00;-1000.00
7457.685;956;1.60;0.29;476.24;1.09;0.44;144.20;0.73;0.50;217;3;1;7;0.42;0.24;0.23;0.00;-0.00;-0.06;0.00;0.04;1.26;0.19;104.50;0.77;0.50;0.009;3.94;3.61;-1000.00;-1000.00
7457.775;964;1.59;0.30;476.86;1.09;0.44;144.20;0.73;0.50;217;3;1;7;0.49;0.26;0.26;-0.00;-0.01;0.06;-0.00;0.19;1.26;0.21;106.88;0.77;0.50;0.004;3.94;3.61;-1000.00;-1000.00
7457.875;975;1.58;0.33;478.14;1.09;0.44;144.20;0.73;0.50;217;3;1;7;0.57;0.28;0.26;0.01;-0.01;-0.08;0.00;0.19;1.25;0.23;109.26;0.76;0.50;0.004;3.94;3.61;-1000.00;-1000.00
7457.985;983;1.57;0.35;479.31;1.09;0.44;144.20;0.73;0.50;217;3;1;7;0.59;0.29;0.29;0.00;-0.01;0.05;-0.00;0.30;1.25;0.23;109.26;0.76;0.50;0.013;3.94;3.61;-1000.00;-1000.00
7458.085;994;1.55;0.37;480.84;1.09;0.44;144.20;0.73;0.50;217;3;1;7;0.66;0.30;0.30;0.01;-0.01;0.03;-0.00;0.24;1.24;0.24;111.63;0.76;0.50;0.006;3.94;3.61;-1000.00;-1000.00
7458.195;1006;1.53;0.40;482.84;1.09;0.44;144.20;0.73;0.50;217;3;1;7;0.72;0.31;0.28;-0.05;-0.01;0.00;0.01;0.33;1.24;0.26;113.98;0.76;0.50;0.015;3.94;3.61;-1000.00;-1000.00
7458.285;1017;1.52;0.43;485.49;1.09;0.44;144.20;0.73;0.50;217;3;1;7;0.75;0.32;0.29;-0.10;-0.03;0.20;0.06;0.63;1.23;0.28;116.33;0.76;0.50;0.010;3.94;3.61;-1000.00;-1000.00
7458.385;1025;1.51;0.46;488.26;1.09;0.44;144.20;0.73;0.50;217;3;1;7;0.75;0.32;0.28;-0.09;-0.01;0.03;0.01;0.65;1.22;0.29;118.66;0.75;0.50;0.013;3.94;3.61;-1000.00;-1000.00
7458.485;1034;1.50;0.48;491.50;1.09;0.44;144.20;0.73;0.50;217;3;1;7;0.74;0.33;0.28;-0.07;-0.01;-0.07;-0.03;0.59;1.21;0.31;120.99;0.75;0.50;0.009;3.94;3.61;-1000.00;-1000.00
7458.575;1044;1.49;0.51;494.99;1.09;0.44;144.20;0.73;0.50;217;3;1;7;0.72;0.33;0.30;-0.07;-0.01;0.06;-0.00;0.62;1.20;0.32;123.30;0.75;0.50;0.006;3.94;3.61;-1000.00;-1000.00
7458.685;1054;1.47;0.53;498.31;1.09;0.44;144.20;0.73;0.50;217;3;1;7;0.71;0.32;0.30;-0.07;-0.01;0.06;0.01;0.58;1.19;0.34;125.60;0.75;0.50;0.013;3.94;3.61;-1000.00;-1000.00
7458.785;1062;1.45;0.55;500.79;1.09;0.44;144.20;0.73;0.50;217;3;1;7;0.71;0.32;0.29;-0.07;-0.01;0.06;0.01;0.55;1.18;0.35;127.90;0.75;0.50;0.005;3.94;3.61;-1000.00;-1000.00
7458.875;1073;1.43;0.57;504.10;1.09;0.44;144.20;0.73;0.50;217;3;1;7;0.71;0.32;0.29;-0.07;-0.01;0.04;0.01;0.56;1.17;0.37;130.18;0.74;0.50;0.004;3.94;3.61;-1000.00;-1000.00
7458.985;1087;1.40;0.60;508.10;1.09;0.44;144.20;0.73;0.50;217;3;1;7;0.68;0.31;0.28;-0.06;-0.01;0.04;0.01;0.49;1.16;0.38;132.45;0.74;0.50;0.013;3.94;3.61;-1000.00;-1000.00
7459.075;1092;1.39;0.61;509.42;1.09;0.44;144.20;0.73;0.50;217;3;1;7;0.66;0.30;0.29;-0.05;-0.01;0.03;-0.00;0.45;1.16;0.38;132.45;0.74;0.50;0.006;3.94;3.61;-1000.00;-1000.00
7459.185;1107;1.36;0.64;512.72;1.09;0.44;144.20;0.73;0.50;217;3;1;7;0.67;0.28;0.28;-0.04;-0.01;0.03;0.02;0.36;1.15;0.39;134.71;0.74;0.50;0.010;3.94;3.61;-1000.00;-1000.00
7459.285;1115;1.34;0.65;514.20;1.09;0.44;144.20;0.73;0.50;217;3;1;7;0.74;0.27;0.26;-0.03;-0.00;-0.04;-0.02;0.29;1.12;0.42;139.20;0.73;0.50;0.012;3.94;3.61;-1000.00;-1000.00
7459.375;1126;1.31;0.66;516.49;1.09;0.44;144.20;0.73;0.50;217;3;1;7;0.70;0.26;0.26;-0.03;-0.00;0.03;0.00;0.38;1.12;0.42;139.20;0.73;0.50;0.004;3.94;3.61;-1000.00;-1000.00
7459.485;1134;1.30;0.67;518.08;1.09;0.44;144.20;0.73;0.50;217;3;1;7;0.73;0.25;0.27;-0.02;-0.00;0.03;0.01;0.33;1.10;0.43;141.43;0.73;0.50;0.006;3.94;3.61;-1000.00;-1000.00
7459.585;1143;1.27;0.68;519.71;1.09;0.44;144.20;0.73;0.50;217;3;1;7;0.75;0.24;0.25;-0.00;0.00;-0.04;-0.04;0.30;1.09;0.44;143.65;0.73;0.50;0.007;3.94;3.61;-1000.00;-1000.00
7459.685;1154;1.25;0.69;521.76;1.09;0.44;144.20;0.73;0.50;217;3;1;7;0.75;0.22;0.26;-0.02;-0.00;0.04;0.01;0.36;1.08;0.45;145.84;0.72;0.50;0.010;3.94;3.61;-1000.00;-1000.00
7459.785;1167;1.22;0.71;524.91;1.09;0.44;144.20;0.73;0.50;217;3;1;7;0.67;0.21;0.22;-0.09;-0.01;0.08;0.09;0.54;1.08;0.45;145.84;0.72;0.50;0.015;3.94;3.61;-1000.00;-1000.00
7459.885;1176;1.20;0.72;526.77;1.09;0.44;144.20;0.73;0.50;217;3;1;7;0.69;0.19;0.23;-0.03;-0.01;0.06;0.04;0.35;1.05;0.47;150.01;0.68;0.50;0.005;3.94;3.61;-1000.00;-1000.00
7459.985;1185;1.19;0.72;528.47;1.09;0.44;144.20;0.73;0.50;217;3;1;7;0.65;0.18;0.19;-0.03;-0.01;-0.10;-0.10;0.26;1.05;0.47;150.01;0.68;0.50;0.010;3.94;3.61;-1000.00;-1000.00
7460.085;1195;1.17;0.73;530.24;1.09;0.44;144.20;0.73;0.50;217;3;1;7;0.64;0.16;0.20;-0.03;-0.01;0.06;0.07;0.28;1.03;0.48;151.99;0.66;0.50;0.007;3.94;3.61;-1000.00;-1000.00
7460.185;1203;1.15;0.74;531.16;1.09;0.44;144.20;0.73;0.50;217;3;1;7;0.62;0.15;0.18;-0.01;-0.01;0.07;0.05;0.18;1.03;0.48;151.99;0.66;0.50;0.006;3.94;3.61;-1000.00;-1000.00
7460.285;1214;1.13;0.74;531.79;1.09;0.44;144.20;0.73;0.50;217;3;1;7;0.64;0.13;0.16;0.01;-0.01;-0.00;-0.02;0.04;1.01;0.49;153.90;0.65;0.50;0.005;3.94;3.61;-1000.00;-1000.00
7460.395;1227;1.12;0.74;531.91;1.09;0.44;144.20;0.73;0.50;217;3;1;7;0.65;0.12;0.14;0.00;-0.00;-0.03;-0.04;-0.02;1.01;0.49;153.90;0.65;0.50;0.015;3.94;3.61;-1000.00;-1000.00
7460.485;1237;1.10;0.74;531.90;1.09;0.44;144.20;0.73;0.50;217;3;1;7;0.69;0.11;0.13;0.00;-0.01;0.03;0.03;0.00;1.00;0.50;155.74;0.63;0.50;0.008;3.94;3.61;-1000.00;-1000.00
7460.585;1245;1.09;0.74;531.82;1.09;0.44;144.20;0.73;0.50;217;3;1;7;0.73;0.10;0.12;0.00;-0.01;0.02;0.02;-0.00;0.98;0.50;157.52;0.61;0.50;0.005;3.94;3.61;-1000.00;-1000.00
7460.685;1256;1.08;0.74;531.82;1.09;0.44;144.20;0.73;0.50;217;3;1;7;0.74;0.09;0.11;0.00;-0.01;0.04;0.04;0.02;0.98;0.50;157.52;0.61;0.50;0.008;3.94;3.61;-1000.00;-1000.00
7460.785;1264;1.07;0.75;531.80;1.09;0.44;144.20;0.73;0.50;217;3;1;7;0.75;0.08;0.09;0.00;-0.01;-0.03;-0.04;-0.03;0.98;0.50;157.52;0.61;0.50;0.006;3.94;3.61;-1000.00;-1000.00
7460.875;1275;1.06;0.75;531.73;1.09;0.44;144.20;0.73;0.50;217;3;1;7;0.79;0.08;0.10;-0.00;-0.01;0.06;0.07;0.02;0.96;0.51;159.23;0.59;0.50;0.005;3.94;3.61;-1000.00;-1000.00
7460.985;1283;1.06;0.75;531.66;1.09;0.44;144.20;0.73;0.50;217;3;1;7;0.79;0.07;0.09;0.00;-0.01;0.04;0.04;0.02;0.96;0.51;159.23;0.59;0.50;0.012;3.94;3.61;-1000.00;-1000.00
7461.085;1297;1.04;0.75;531.52;1.09;0.44;144.20;0.73;0.50;217;3;1;7;0.79;0.07;0.07;0.00;-0.01;0.01;0.00;-0.01;0.96;0.51;159.23;0.59;0.50;0.013;3.94;3.61;-1000.00;-1000.00
7461.175;1303;1.04;0.75;531.45;1.09;0.44;144.20;0.73;0.50;217;3;1;7;0.79;0.06;0.08;-0.00;-0.01;0.05;0.06;-0.01;0.95;0.52;160.88;0.58;0.50;0.006;3.94;3.61;-1000.00;-1000.00
7461.295;1316;1.03;0.75;531.25;1.09;0.44;144.20;0.73;0.50;217;3;1;7;0.79;0.06;0.07;-0.00;-0.01;0.04;0.04;0.00;0.95;0.52;160.88;0.58;0.50;0.018;3.94;3.61;-1000.00;-1000.00
7461.385;1325;1.03;0.75;531.15;1.09;0.44;144.20;0.73;0.50;217;3;1;7;0.79;0.06;0.06;0.00;-0.01;0.01;-0.00;-0.02;0.95;0.52;160.88;0.58;0.50;0.011;3.94;3.61;-1000.00;-1000.00
7461.475;1336;1.02;0.75;531.02;1.09;0.44;144.20;0.73;0.50;217;3;1;7;0.79;0.05;0.07;-0.00;-0.01;0.04;0.05;0.01;0.95;0.52;160.88;0.58;0.50;0.004;3.94;3.61;-1000.00;-1000.00
7461.575;1344;1.01;0.75;530.92;1.09;0.44;144.20;0.73;0.50;217;3;1;7;0.79;0.05;0.06;-0.00;-0.01;0.04;0.05;0.01;0.93;0.52;162.46;0.56;0.50;0.006;3.94;3.61;-1000.00;-1000.00
7461.685;1354;1.01;0.75;530.83;1.09;0.44;144.20;0.73;0.50;217;3;1;7;0.79;0.05;0.05;0.00;-0.01;-0.02;-0.03;-0.03;0.93;0.52;162.46;0.56;0.50;0.006;3.94;3.61;-1000.00;-1000.00
7461.785;1364;1.00;0.75;530.80;1.09;0.44;144.20;0.73;0.50;217;3;1;7;0.79;0.05;0.06;-0.00;-0.01;0.04;0.05;0.02;0.93;0.52;162.46;0.56;0.50;0.012;3.94;3.61;-1000.00;-1000.00
7461.875;1375;1.00;0.76;530.79;1.09;0.44;144.20;0.73;0.50;217;3;1;7;0.79;0.05;0.06;-0.00;-0.01;0.04;0.05;0.01;0.93;0.52;162.46;0.56;0.50;0.005;3.94;3.61;-1000.00;-1000.00
7461.985;1383;0.99;0.76;530.79;1.09;0.44;144.20;0.73;0.50;217;3;1;7;0.79;0.05;0.06;-0.00;-0.01;0.04;0.05;0.01;0.93;0.52;162.46;0.56;0.50;0.007;3.94;3.61;-1000.00;-1000.00
7462.075;1394;0.99;0.76;530.78;1.09;0.44;144.20;0.73;0.50;217;3;1;7;0.79;0.05;0.05;0.00;-0.01;-0.03;-0.03;-0.02;0.91;0.53;163.98;0.54;0.50;0.004;3.94;3.61;-1000.00;-1000.00
7462.185;1407;0.98;0.76;530.84;1.09;0.44;144.20;0.73;0.50;217;3;1;7;0.79;0.05;0.06;-0.00;-0.01;0.04;0.05;0.02;0.91;0.53;163.98;0.54;0.50;0.010;3.94;3.61;-1000.00;-1000.00
7462.275;1413;0.98;0.76;530.88;1.09;0.44;144.20;0.73;0.50;217;3;1;7;0.79;0.05;0.06;0.00;-0.01;0.00;-0.00;0.01;0.91;0.53;163.98;0.54;0.50;0.004;3.94;3.61;-1000.00;-1000.00
7462.385;1426;0.97;0.76;531.00;1.09;0.44;144.20;0.73;0.50;217;3;1;7;0.79;0.05;0.06;-0.00;-0.01;0.05;0.05;0.03;0.91;0.53;163.98;0.54;0.50;0.014;3.94;3.61;-1000.00;-1000.00
7462.485;1436;0.96;0.76;531.09;1.09;0.44;144.20;0.73;0.50;217;3;1;7;0.79;0.06;0.06;-0.00;-0.01;0.04;0.05;0.03;0.90;0.53;165.44;0.52;0.50;0.007;3.94;3.61;-1000.00;-1000.00
7462.575;1446;0.96;0.76;531.23;1.09;0.44;144.20;0.73;0.50;217;3;1;7;0.79;0.06;0.06;-0.00;-0.01;0.04;0.05;0.04;0.90;0.53;165.44;0.52;0.50;0.004;3.94;3.61;-1000.00;-1000.00
7462.685;1455;0.95;0.76;531.34;1.09;0.44;144.20;0.73;0.50;217;3;1;7;0.79;0.06;0.07;-0.00;-0.01;0.05;0.06;0.05;0.90;0.53;165.44;0.52;0.50;0.007;3.94;3.61;-1000.00;-1000.00
7462.785;1464;0.95;0.76;531.47;1.09;0.44;144.20;0.73;0.50;217;3;1;7;0.79;0.06;0.07;-0.00;-0.01;0.05;0.06;0.03;0.90;0.53;165.44;0.52;0.50;0.010;3.94;3.62;-1000.00;-1000.00
7462.885;1474;0.94;0.76;531.61;1.09;0.44;144.20;0.73;0.50;217;3;1;7;0.79;0.06;0.06;0.00;-0.01;-0.02;-0.02;0.02;0.88;0.54;166.84;0.51;0.50;0.011;3.94;3.62;-1000.00;-1000.00
7462.995;1485;0.93;0.76;531.84;1.09;0.44;144.20;0.73;0.50;217;3;1;7;0.79;0.06;0.07;0.00;-0.01;0.02;0.02;0.04;0.88;0.54;166.84;0.51;0.50;0.005;3.94;3.62;-1000.00;-1000.00
7463.085;1494;0.93;0.77;532.03;1.09;0.44;144.20;0.73;0.50;217;3;1;7;0.79;0.07;0.07;0.00;-0.01;-0.01;-0.02;0.03;0.88;0.54;166.84;0.51;0.50;0.006;3.94;3.62;-1000.00;-1000.00
7463.195;1504;0.92;0.77;532.27;1.09;0.44;144.20;0.73;0.50;217;3;1;7;0.79;0.07;0.08;-0.00;-0.01;0.07;0.08;0.07;0.88;0.54;166.84;0.51;0.50;0.015;3.94;3.62;-1000.00;-1000.00
7463.285;1513;0.91;0.77;532.48;1.09;0.44;144.20;0.73;0.50;217;3;1;7;0.79;0.07;0.07;-0.00;-0.01;0.02;0.02;0.04;0.86;0.54;168.18;0.49;0.50;0.008;3.94;3.62;-1000.00;-1000.00
7463.385;1523;0.91;0.77;532.68;1.09;0.44;144.20;0.73;0.50;217;3;1;7;0.79;0.07;0.07;0.00;-0.01;-0.04;-0.05;0.02;0.86;0.54;168.18;0.49;0.50;0.007;3.94;3.62;-1000.00;-1000.00
7463.485;1537;0.90;0.77;533.02;1.09;0.44;144.20;0.73;0.50;217;3;1;7;0.79;0.07;0.08;-0.00;-0.01;0.03;0.02;0.04;0.86;0.54;168.18;0.49;0.50;0.014;3.94;3.62;-1000.00;-1000.00
7463.585;1542;0.89;0.77;533.12;1.09;0.44;144.20;0.73;0.50;217;3;1;7;0.79;0.07;0.07;0.00;-0.01;0.01;0.00;0.04;0.84;0.54;169.47;0.47;0.50;0.005;3.94;3.62;-1000.00;-1000.00
7463.675;1556;0.88;0.77;533.49;1.09;0.44;144.20;0.73;0.50;217;3;1;7;0.79;0.08;0.08;-0.00;-0.01;0.05;0.06;0.07;0.84;0.54;169.47;0.47;0.50;0.004;3.94;3.62;-1000.00;-1000.00
7463.785;1565;0.88;0.77;533.75;1.09;0.44;144.20;0.73;0.50;217;3;1;7;0.79;0.08;0.09;-0.00;-0.01;0.05;0.06;0.07;0.84;0.54;169.47;0.47;0.50;0.008;3.94;3.62;-1000.00;-1000.00
7463.885;1576;0.87;0.77;534.03;1.09;0.44;144.20;0.73;0.50;217;3;1;7;0.79;0.08;0.08;0.00;-0.01;-0.02;-0.03;0.03;0.82;0.55;170.70;0.45;0.50;0.012;3.94;3.62;-1000.00;-1000.00
7463.985;1584;0.86;0.77;534.26;1.09;0.44;144.20;0.73;0.50;217;3;1;7;0.79;0.08;0.08;0.00;-0.01;0.01;0.01;0.05;0.82;0.55;170.70;0.45;0.50;0.008;3.94;3.62;-1000.00;-1000.00
7464.075;1593;0.85;0.77;534.51;1.09;0.44;144.20;0.73;0.50;217;3;1;7;0.79;0.08;0.10;-0.00;-0.01;0.06;0.08;0.07;0.82;0.55;170.70;0.45;0.50;0.004;3.94;3.62;-1000.00;-1000.00
7464.185;1603;0.84;0.77;534.74;1.09;0.44;144.20;0.73;0.50;217;3;1;7;0.79;0.08;0.08;0.00;-0.01;-0.01;-0.02;0.03;0.81;0.55;171.87;0.44;0.50;0.008;3.94;3.62;-1000.00;-1000.00
7464.285;1617;0.83;0.77;535.12;1.09;0.44;144.20;0.73;0.50;217;3;1;7;0.79;0.08;0.10;-0.00;-0.01;0.07;0.08;0.08;0.81;0.55;171.87;0.44;0.50;0.008;3.94;3.61;-1000.00;-1000.00
7464.385;1626;0.82;0.78;535.39;1.09;0.44;144.20;0.73;0.50;217;3;1;7;0.79;0.09;0.09;-0.00;-0.01;0.03;0.02;0.06;0.79;0.55;172.99;0.42;0.50;0.007;3.94;3.61;-1000.00;-1000.00
7464.485;1635;0.82;0.78;535.63;1.09;0.44;144.20;0.73;0.50;217;3;1;7;0.79;0.09;0.09;0.00;-0.01;-0.01;-0.02;0.04;0.79;0.55;172.99;0.42;0.50;0.005;3.94;3.61;-1000.00;-1000.00
7464.585;1645;0.81;0.78;535.93;1.09;0.44;144.20;0.73;0.50;217;3;1;7;0.79;0.09;0.10;-0.00;-0.01;0.06;0.08;0.08;0.79;0.55;172.99;0.42;0.50;0.005;3.94;3.61;-1000.00;-1000.00
7464.685;1654;0.80;0.78;536.20;1.09;0.44;144.20;0.73;0.50;217;3;1;7;0.79;0.09;0.10;0.00;-0.01;0.03;0.02;0.05;0.77;0.55;174.06;0.40;0.50;0.006;3.94;3.61;-1000.00;-1000.00
7464.775;1664;0.79;0.78;536.48;1.09;0.44;144.20;0.73;0.50;217;3;1;7;0.79;0.09;0.09;0.00;-0.01;-0.04;-0.05;0.03;0.77;0.55;174.06;0.40;0.50;0.006;3.94;3.61;-1000.00;-1000.00
7464.875;1672;0.78;0.78;536.72;1.09;0.44;144.20;0.73;0.50;217;3;1;7;0.79;0.10;0.09;0.00;-0.01;-0.04;-0.05;0.03;0.75;0.56;175.07;0.38;0.50;0.004;3.94;3.61;-1000.00;-1000.00
7464.985;1683;0.77;0.78;537.08;1.09;0.44;144.20;0.73;0.50;217;3;1;7;0.79;0.10;0.10;0.00;-0.01;-0.01;-0.02;0.05;0.75;0.56;175.07;0.38;0.50;0.005;3.94;3.61;-1000.00;-1000.00
7465.085;1697;0.75;0.78;537.63;1.09;0.44;144.20;0.73;0.50;217;3;1;7;0.79;0.10;0.12;-0.00;-0.01;0.06;0.08;0.09;0.75;0.56;175.07;0.38;0.50;0.011;3.94;3.61;-1000.00;-1000.00
7465.185;1706;0.75;0.78;537.90;1.09;0.44;144.20;0.73;0.50;217;3;1;7;0.79;0.10;0.11;-0.00;-0.01;0.02;0.02;0.05;0.73;0.56;176.04;0.37;0.50;0.013;3.94;3.61;-1000.00;-1000.00
7465.275;1713;0.74;0.78;538.11;1.09;0.44;144.20;0.73;0.50;217;3;1;7;0.79;0.10;0.12;-0.00;-0.01;0.06;0.08;0.08;0.73;0.56;176.04;0.37;0.50;0.008;3.94;3.61;-1000.00;-1000.00
7465.385;1726;0.72;0.78;538.50;1.09;0.44;144.20;0.73;0.50;217;3;1;7;0.79;0.10;0.11;-0.00;-0.01;0.02;0.02;0.05;0.71;0.56;176.96;0.35;0.50;0.006;3.94;3.61;-1000.00;-1000.00
7465.485;1736;0.71;0.78;538.77;1.09;0.44;144.20;0.73;0.50;217;3;1;7;0.79;0.10;0.10;0.00;-0.01;-0.04;-0.07;0.02;0.71;0.56;176.96;0.35;0.50;0.010;3.94;3.61;-1000.00;-1000.00
7465.585;1744;0.70;0.78;539.04;1.09;0.44;144.20;0.73;0.50;217;3;1;7;0.79;0.10;0.12;0.00;-0.01;0.03;0.05;0.08;0.70;0.56;177.83;0.33;0.50;0.005;3.94;3.61;-1000.00;-1000.00
7465.685;1754;0.69;0.78;539.36;1.09;0.44;144.20;0.73;0.50;217;3;1;7;0.79;0.11;0.11;-0.00;-0.01;0.02;0.02;0.06;0.68;0.56;178.65;0.31;0.50;0.008;3.94;3.61;-1000.00;-1000.00
7465.775;1764;0.68;0.78;539.64;1.09;0.44;144.20;0.73;0.50;217;3;1;7;0.79;0.11;0.11;0.00;-0.01;-0.04;-0.08;0.02;0.68;0.56;178.65;0.31;0.50;0.005;3.94;3.61;-1000.00;-1000.00
7465.885;1773;0.67;0.78;540.00;1.09;0.44;144.20;0.73;0.50;217;3;1;7;0.79;0.11;0.11;0.00;-0.01;-0.02;-0.04;0.05;0.66;0.56;179.43;0.30;0.50;0.006;3.94;3.61;-1000.00;-1000.00
7465.985;1783;0.66;0.78;540.41;1.09;0.44;144.20;0.73;0.50;217;3;1;7;0.79;0.11;0.11;0.00;-0.01;-0.01;-0.03;0.05;0.66;0.56;179.43;0.30;0.50;0.007;3.94;3.61;-1000.00;-1000.00
7466.085;1796;0.64;0.78;541.03;1.09;0.44;144.20;0.73;0.50;217;3;1;7;0.79;0.11;0.12;-0.00;-0.01;0.00;-0.01;0.08;0.66;0.56;179.43;0.30;0.50;0.011;3.94;3.61;-1000.00;-1000.00
7466.185;1806;0.63;0.78;541.47;1.09;0.44;144.20;0.73;0.50;217;3;1;7;0.79;0.11;0.12;0.00;-0.01;-0.00;-0.02;0.06;0.66;0.56;179.43;0.30;0.50;0.006;3.95;3.61;-1000.00;-1000.00
7466.285;1815;0.62;0.78;541.80;1.09;0.44;144.20;0.73;0.50;217;3;1;7;0.79;0.11;0.12;0.00;-0.01;0.03;0.04;0.08;0.66;0.56;179.43;0.30;0.50;0.009;3.95;3.61;-1000.00;-1000.00
7466.375;1825;0.61;0.78;542.07;1.09;0.44;144.20;0.73;0.50;217;3;1;7;0.79;0.10;0.12;0.00;-0.01;0.03;0.04;0.06;0.66;0.56;179.43;0.30;0.50;0.004;3.95;3.61;-1000.00;-1000.00
7466.485;1833;0.60;0.78;542.23;1.09;0.44;144.20;0.73;0.50;217;3;1;7;0.79;0.10;0.12;0.00;-0.01;0.03;0.05;0.05;0.66;0.56;179.43;0.30;0.50;0.005;3.95;3.61;-1000.00;-1000.00
7466.575;1844;0.59;0.78;542.33;1.09;0.44;144.20;0.73;0.50;217;3;1;7;0.79;0.09;0.11;0.00;-0.01;0.03;0.03;0.03;0.66;0.56;179.43;0.30;0.50;0.006;3.95;3.61;-1000.00;-1000.00
7466.685;1853;0.58;0.78;542.36;1.09;0.44;144.20;0.73;0.50;217;3;1;7;0.79;0.09;0.10;0.00;-0.01;0.02;0.03;0.02;0.66;0.56;179.43;0.30;0.50;0.010;3.95;3.61;-1000.00;-1000.00
7466.775;1863;0.57;0.78;542.35;1.09;0.44;144.20;0.73;0.50;217;3;1;7;0.79;0.08;0.10;0.00;-0.01;0.02;0.03;0.01;0.66;0.56;179.43;0.30;0.50;0.004;3.95;3.61;-1000.00;-1000.00
7466.885;1876;0.56;0.77;542.29;1.09;0.44;144.20;0.73;0.50;217;3;1;7;0.79;0.07;0.09;0.00;-0.01;0.02;0.04;0.01;0.66;0.56;179.43;0.30;0.50;0.013;3.95;3.61;-1000.00;-1000.00
7466.985;1882;0.55;0.77;542.24;1.09;0.44;144.20;0.73;0.50;217;3;1;7;0.79;0.07;0.09;0.00;-0.01;0.02;0.04;0.01;0.66;0.56;179.43;0.30;0.50;0.005;3.95;3.61;-1000.00;-1000.00
7467.085;1896;0.54;0.77;542.09;1.09;0.44;144.20;0.73;0.50;217;3;1;7;0.79;0.06;0.08;0.00;-0.01;0.02;0.04;0.00;0.66;0.56;179.43;0.30;0.50;0.007;3.95;3.61;-1000.00;-1000.00
7467.185;1905;0.54;0.77;541.95;1.09;0.44;144.20;0.73;0.50;217;3;1;7;0.79;0.05;0.07;0.00;-0.01;0.02;0.04;-0.01;0.66;0.56;179.43;0.30;0.50;0.006;3.95;3.61;-1000.00;-1000.00
7467.275;1915;0.53;0.77;541.72;1.09;0.44;144.20;0.73;0.50;217;3;1;7;0.79;0.05;0.07;-0.00;-0.01;0.03;0.05;-0.01;0.66;0.56;179.43;0.30;0.50;0.005;3.95;3.61;-1000.00;-1000.00
7467.385;1925;0.52;0.77;541.46;1.09;0.44;144.20;0.73;0.50;217;3;1;7;0.79;0.04;0.05;-0.00;-0.01;-0.02;-0.04;-0.08;0.66;0.56;179.43;0.30;0.50;0.006;3.95;3.61;-1000.00;-1000.00
7467.495;1938;0.52;0.77;541.14;1.09;0.44;144.20;0.73;0.50;217;3;1;7;0.79;0.04;0.05;0.00;-0.01;0.02;0.03;-0.02;0.66;0.56;179.43;0.30;0.50;0.025;3.95;3.61;-1000.00;-1000.00
7467.575;1944;0.52;0.77;540.93;1.09;0.44;144.20;0.73;0.50;217;3;1;7;0.79;0.03;0.05;-0.00;-0.01;0.03;0.05;-0.04;0.66;0.56;179.43;0.30;0.50;0.004;3.95;3.61;-1000.00;-1000.00
7467.675;1952;0.51;0.77;540.73;1.09;0.44;144.20;0.73;0.50;217;3;1;7;0.79;0.03;0.04;0.00;-0.01;0.02;0.03;-0.05;0.66;0.56;179.43;0.30;0.50;0.006;3.95;3.61;-1000.00;-1000.00
7467.795;1967;0.51;0.77;540.35;1.09;0.44;144.20;0.73;0.50;217;3;1;7;0.79;0.02;0.03;0.00;-0.01;0.02;0.01;-0.04;0.66;0.56;179.43;0.30;0.50;0.021;3.95;3.61;-1000.00;-1000.00
7467.895;1978;0.50;0.77;540.01;1.09;0.44;144.20;0.73;0.50;217;3;1;7;0.79;0.02;0.03;0.00;-0.01;0.02;0.02;-0.03;0.66;0.56;179.43;0.30;0.50;0.012;3.95;3.61;-1000.00;-1000.00
7467.985;1986;0.50;0.77;539.83;1.09;0.44;144.20;0.73;0.50;217;3;1;7;0.79;0.01;0.02;0.00;-0.00;0.02;0.01;-0.04;0.66;0.56;179.43;0.30;0.50;0.005;3.95;3.61;-1000.00;-1000.00
7468.085;1997;0.50;0.77;539.58;1.09;0.44;144.20;0.73;0.50;217;3;1;7;0.79;0.01;0.02;0.00;-0.00;0.02;0.00;-0.04;0.66;0.56;179.43;0.30;0.50;0.009;3.95;3.61;-1000.00;-1000.00
7468.185;2005;0.50;0.77;539.38;1.09;0.44;144.20;0.73;0.50;217;3;1;7;0.79;0.01;0.01;0.00;-0.00;0.01;0.00;-0.04;0.66;0.56;179.43;0.30;0.50;0.006;3.95;3.61;-1000.00;-1000.00
7468.285;2014;0.50;0.77;539.17;1.09;0.44;144.20;0.73;0.50;217;3;1;7;0.79;0.00;0.01;-0.00;-0.00;0.00;-0.02;-0.02;0.66;0.56;179.43;0.30;0.50;0.005;3.95;3.61;-1000.00;-1000.00
7468.385;2024;0.50;0.77;539.07;1.09;0.44;144.20;0.73;0.50;217;3;1;7;0.79;0.00;0.00;-0.00;-0.00;0.00;-0.01;-0.02;0.66;0.56;179.43;0.30;0.50;0.013;3.95;3.61;-1000.00;-1000.00
7468.485;2032;0.50;0.77;538.98;1.09;0.44;144.20;0.73;0.50;217;3;1;7;0.79;-0.00;0.00;-0.00;-0.00;0.00;-0.01;-0.03;0.66;0.56;179.43;0.30;0.50;0.008;3.95;3.61;-1000.00;-1000.00
7468.585;2047;0.50;0.77;538.76;1.09;0.44;144.20;0.73;0.50;217;3;1;7;0.79;-0.00;-0.00;-0.00;-0.00;0.00;-0.00;-0.02;0.66;0.56;179.43;0.30;0.50;0.012;3.95;3.61;-1000.00;-1000.00
7468.685;2056;0.50;0.77;538.62;1.09;0.44;144.20;0.73;0.50;217;3;1;7;0.79;-0.01;-0.00;-0.00;-0.00;0.00;-0.00;-0.03;0.66;0.56;179.43;0.30;0.50;0.009;3.95;3.62;-1000.00;-1000.00
7468.775;2066;0.50;0.77;538.46;1.09;0.44;144.20;0.73;0.50;217;3;1;7;0.79;-0.01;-0.01;-0.00;-0.00;-0.00;-0.00;-0.03;0.66;0.56;179.43;0.30;0.50;0.004;3.95;3.62;-1000.00;-1000.00
7468.885;2075;0.50;0.77;538.32;1.09;0.44;144.20;0.73;0.50;217;3;1;7;0.79;-0.01;-0.01;-0.00;-0.00;-0.00;-0.00;-0.02;0.66;0.56;179.43;0.30;0.50;0.010;3.95;3.62;-1000.00;-1000.00
7468.975;2086;0.50;0.77;538.17;1.09;0.44;144.20;0.73;0.50;217;3;1;7;0.79;-0.01;-0.01;0.00;-0.00;-0.00;-0.00;-0.02;0.66;0.56;179.43;0.30;0.50;0.005;3.95;3.62;-1000.00;-1000.00
7469.085;2095;0.50;0.77;538.06;1.09;0.44;144.20;0.73;0.50;217;3;1;7;0.79;-0.01;-0.01;0.00;-0.00;-0.00;-0.00;-0.02;0.66;0.56;179.43;0.30;0.50;0.014;3.95;3.61;-1000.00;-1000.00
7469.175;2105;0.50;0.77;537.94;1.09;0.44;144.20;0.73;0.50;217;3;1;7;0.79;-0.01;-0.01;0.00;-0.00;-0.00;-0.00;-0.02;0.66;0.56;179.43;0.30;0.50;0.008;3.95;3.61;-1000.00;-1000.00
7469.285;2116;0.50;0.77;537.84;1.09;0.44;144.20;0.73;0.50;217;3;1;7;0.79;-0.01;-0.01;-0.00;-0.00;-0.00;-0.00;-0.01;0.66;0.56;179.43;0.30;0.50;0.006;3.95;3.61;-1000.00;-1000.00
7469.385;2125;0.50;0.77;537.78;1.09;0.44;144.20;0.73;0.50;217;3;1;7;0.79;-0.01;-0.01;0.00;-0.00;-0.00;-0.00;-0.01;0.66;0.56;179.43;0.30;0.50;0.006;3.95;3.61;-1000.00;-1000.00
7469.485;2136;0.51;0.77;537.70;1.09;0.44;144.20;0.73;0.50;217;3;1;7;0.79;-0.01;-0.01;0.00;-0.00;-0.00;-0.00;-0.01;0.66;0.56;179.43;0.30;0.50;0.005;3.95;3.61;-1000.00;-1000.00
7469.585;2144;0.51;0.77;537.66;1.09;0.44;144.20;0.73;0.50;217;3;1;7;0.79;-0.01;-0.01;0.00;-0.00;-0.00;-0.00;-0.01;0.66;0.56;179.43;0.30;0.50;0.005;3.95;3.61;-1000.00;-1000.00
7469.685;2155;0.51;0.77;537.61;1.09;0.44;144.20;0.73;0.50;217;3;1;7;0.79;-0.01;-0.01;0.00;-0.00;-0.00;-0.00;-0.01;0.66;0.56;179.43;0.30;0.50;0.013;3.95;3.61;-1000.00;-1000.00
7469.785;2164;0.51;0.77;537.57;1.09;0.44;144.20;0.73;0.50;217;3;1;7;0.79;-0.01;-0.01;0.00;-0.00;-0.00;-0.00;-0.01;0.66;0.56;179.43;0.30;0.50;0.009;3.95;3.61;-1000.00;-1000.00
7469.885;2174;0.51;0.77;537.55;1.09;0.44;144.20;0.73;0.50;217;3;1;7;0.79;-0.01;-0.01;0.00;-0.00;-0.00;-0.00;-0.00;0.66;0.56;179.43;0.30;0.50;0.007;3.95;3.61;-1000.00;-1000.00
7469.985;2185;0.51;0.77;537.53;1.09;0.44;144.20;0.73;0.50;217;3;1;7;0.79;-0.01;-0.01;0.00;-0.00;-0.00;-0.00;-0.00;0.66;0.56;179.43;0.30;0.50;0.006;3.95;3.61;-1000.00;-1000.00
7470.085;2193;0.51;0.77;537.52;1.09;0.44;144.20;0.73;0.50;217;3;1;7;0.79;-0.01;-0.01;-0.00;-0.00;-0.00;-0.00;-0.00;0.66;0.56;179.43;0.30;0.50;0.009;3.95;3.61;-1000.00;-1000.00
7470.185;2204;0.51;0.77;537.52;1.09;0.44;144.20;0.73;0.50;217;3;1;7;0.79;-0.01;-0.01;-0.00;-0.00;-0.00;-0.00;0.00;0.66;0.56;179.43;0.30;0.50;0.009;3.95;3.61;-1000.00;-1000.00
7470.275;2212;0.51;0.77;537.53;1.09;0.44;144.20;0.73;0.50;217;3;1;7;0.79;-0.01;-0.01;-0.00;-0.00;-0.00;-0.00;0.00;0.66;0.56;179.43;0.30;0.50;0.004;3.95;3.61;-1000.00;-1000.00
7470.385;2227;0.51;0.77;537.55;1.09;0.44;144.20;0.73;0.50;217;3;1;7;0.79;-0.01;-0.01;-0.00;-0.00;-0.00;-0.00;0.00;0.66;0.56;179.43;0.30;0.50;0.017;3.95;3.61;-1000.00;-1000.00
7470.485;2235;0.52;0.77;537.56;1.09;0.44;144.20;0.73;0.50;217;3;1;7;0.79;-0.01;-0.01;-0.00;-0.00;-0.00;0.00;0.00;0.66;0.56;179.43;0.30;0.50;0.006;3.95;3.61;-1000.00;-1000.00
7470.585;2246;0.52;0.77;537.59;1.09;0.44;144.20;0.73;0.50;217;3;1;7;0.79;-0.01;-0.01;-0.00;-0.00;-0.00;0.00;0.00;0.66;0.56;179.43;0.30;0.50;0.009;3.95;3.61;-1000.00;-1000.00
7470.685;2255;0.52;0.77;537.61;1.09;0.44;144.20;0.73;0.50;217;3;1;7;0.79;-0.01;-0.01;-0.00;-0.00;-0.00;0.00;0.00;0.66;0.56;179.43;0.30;0.50;0.006;3.95;3.61;-1000.00;-1000.00
7470.785;2265;0.52;0.77;537.64;1.09;0.44;144.20;0.73;0.50;217;3;1;7;0.79;-0.01;-0.01;-0.00;-0.00;-0.00;0.00;0.00;0.66;0.56;179.43;0.30;0.50;0.013;3.95;3.61;-1000.00;-1000.00
7470.885;2274;0.52;0.77;537.66;1.09;0.44;144.20;0.73;0.50;217;3;1;7;0.79;-0.01;-0.00;-0.00;-0.00;-0.00;0.00;0.01;0.66;0.56;179.43;0.30;0.50;0.011;3.95;3.61;-1000.00;-1000.00
7470.985;2284;0.52;0.77;537.69;1.09;0.44;144.20;0.73;0.50;217;3;1;7;0.79;-0.00;-0.00;-0.00;-0.00;-0.00;0.00;0.01;0.66;0.56;179.43;0.30;0.50;0.009;3.95;3.61;-1000.00;-1000.00
7471.095;2297;0.52;0.77;537.73;1.09;0.44;144.20;0.73;0.50;217;3;1;7;0.79;-0.00;-0.00;-0.00;-0.00;-0.00;0.00;0.00;0.66;0.56;179.43;0.30;0.50;0.014;3.95;3.61;-1000.00;-1000.00
7471.185;2306;0.52;0.77;537.76;1.09;0.44;144.20;0.73;0.50;217;3;1;7;0.79;-0.00;-0.00;-0.00;-0.00;-0.00;0.00;0.00;0.66;0.56;179.43;0.30;0.50;0.007;3.95;3.61;-1000.00;-1000.00
7471.285;2315;0.52;0.77;537.78;1.09;0.44;144.20;0.73;0.50;217;3;1;7;0.79;-0.00;-0.00;0.00;-0.00;-0.00;0.00;0.00;0.66;0.56;179.43;0.30;0.50;0.011;3.95;3.61;-1000.00;-1000.00
7471.385;2327;0.52;0.77;537.80;1.09;0.44;144.20;0.73;0.50;217;3;1;7;0.79;-0.00;-0.00;-0.00;-0.00;-0.00;-0.00;0.01;0.66;0.56;179.43;0.30;0.50;0.007;3.95;3.61;-1000.00;-1000.00
7471.485;2336;0.52;0.77;537.82;1.09;0.44;144.20;0.73;0.50;217;3;1;7;0.79;-0.00;-0.00;-0.00;-0.00;-0.00;-0.00;0.01;0.66;0.56;179.43;0.30;0.50;0.009;3.95;3.61;-1000.00;-1000.00
7471.585;2346;0.52;0.77;537.84;1.09;0.44;144.20;0.73;0.50;217;3;1;7;0.79;-0.00;-0.00;0.00;-0.00;-0.00;-0.00;0.00;0.66;0.56;179.43;0.30;0.50;0.006;3.95;3.61;-1000.00;-1000.00
7471.675;2354;0.52;0.77;537.85;1.09;0.44;144.20;0.73;0.50;217;3;1;7;0.79;-0.00;-0.00;0.00;-0.00;-0.00;-0.00;0.00;0.66;0.56;179.43;0.30;0.50;0.004;3.95;3.61;-1000.00;-1000.00
7471.785;2365;0.52;0.77;537.87;1.09;0.44;144.20;0.73;0.50;217;3;1;7;0.79;-0.00;-0.00;0.00;-0.00;-0.00;-0.00;0.00;0.66;0.56;179.43;0.30;0.50;0.009;3.95;3.61;-1000.00;-1000.00
7471.875;2373;0.52;0.77;537.88;1.09;0.44;144.20;0.73;0.50;217;3;1;7;0.79;-0.00;-0.00;0.00;-0.00;-0.00;-0.00;0.00;0.66;0.56;179.43;0.30;0.50;0.005;3.95;3.61;-1000.00;-1000.00
7471.975;2384;0.52;0.77;537.90;1.09;0.44;144.20;0.73;0.50;217;3;1;7;0.79;-0.00;0.00;0.00;-0.00;-0.00;-0.00;0.00;0.66;0.56;179.43;0.30;0.50;0.004;3.95;3.61;-1000.00;-1000.00
7472.085;2396;0.52;0.77;537.92;1.09;0.44;144.20;0.73;0.50;217;3;1;7;0.79;-0.00;0.00;0.00;-0.00;-0.00;-0.00;0.00;0.66;0.56;179.43;0.30;0.50;0.011;3.95;3.61;-1000.00;-1000.00
7472.175;2406;0.52;0.77;537.94;1.09;0.44;144.20;0.73;0.50;217;3;1;7;0.79;-0.00;0.00;0.00;-0.00;-0.00;-0.00;0.00;0.66;0.56;179.43;0.30;0.50;0.006;3.95;3.61;-1000.00;-1000.00
7472.285;2415;0.52;0.77;537.95;1.09;0.44;144.20;0.73;0.50;217;3;1;7;0.79;-0.00;0.00;0.00;-0.00;-0.00;-0.00;0.00;0.66;0.56;179.43;0.30;0.50;0.010;3.95;3.61;-1000.00;-1000.00
7472.385;2424;0.52;0.77;537.96;1.09;0.44;144.20;0.73;0.50;217;3;1;7;0.79;-0.00;0.00;0.00;-0.00;-0.00;-0.00;0.00;0.66;0.56;179.43;0.30;0.50;0.009;3.95;3.61;-1000.00;-1000.00
7472.475;2434;0.52;0.77;537.98;1.09;0.44;144.20;0.73;0.50;217;3;1;7;0.79;-0.00;0.00;0.00;-0.00;-0.00;-0.00;0.00;0.66;0.56;179.43;0.30;0.50;0.005;3.95;3.61;-1000.00;-1000.00
7472.585;2443;0.52;0.77;537.99;1.09;0.44;144.20;0.73;0.50;217;3;1;7;0.79;0.00;0.00;0.00;-0.00;-0.00;-0.00;0.00;0.66;0.56;179.43;0.30;0.50;0.012;3.95;3.61;-1000.00;-1000.00
7472.675;2453;0.52;0.77;538.00;1.09;0.44;144.20;0.73;0.50;217;3;1;7;0.79;0.00;0.00;0.00;-0.00;-0.00;-0.00;0.00;0.66;0.56;179.43;0.30;0.50;0.004;3.95;3.61;-1000.00;-1000.00
7472.785;2466;0.52;0.77;538.01;1.09;0.44;144.20;0.73;0.50;217;3;1;7;0.79;0.00;0.00;0.00;-0.00;-0.00;-0.00;0.00;0.66;0.56;179.43;0.30;0.50;0.008;3.95;3.61;-1000.00;-1000.00
7472.885;2476;0.52;0.77;538.01;1.09;0.44;144.20;0.73;0.50;217;3;1;7;0.79;0.00;0.00;0.00;-0.00;-0.00;-0.00;0.00;0.66;0.56;179.43;0.30;0.50;0.006;3.95;3.61;-1000.00;-1000.00
7472.975;2484;0.52;0.77;538.02;1.09;0.44;144.20;0.73;0.50;217;3;1;7;0.79;0.00;0.00;0.00;-0.00;-0.00;-0.00;0.00;0.66;0.56;179.43;0.30;0.50;0.007;3.95;3.61;-1000.00;-1000.00
7473.085;2494;0.52;0.77;538.02;1.09;0.44;144.20;0.73;0.50;217;3;1;7;0.79;0.00;0.00;0.00;-0.00;-0.00;-0.00;0.00;0.66;0.56;179.43;0.30;0.50;0.006;3.95;3.61;-1000.00;-1000.00
7473.185;2504;0.52;0.77;538.02;1.09;0.44;144.20;0.73;0.50;217;3;1;7;0.79;0.00;0.00;0.00;-0.00;-0.00;-0.00;0.00;0.66;0.56;179.43;0.30;0.50;0.005;3.95;3.61;-1000.00;-1000.00
7473.275;2513;0.52;0.77;538.02;1.09;0.44;144.20;0.73;0.50;217;3;1;7;0.79;-0.00;0.00;0.00;-0.00;-0.00;-0.00;0.00;0.66;0.56;179.43;0.30;0.50;0.004;3.95;3.61;-1000.00;-1000.00
7473.385;2523;0.52;0.77;538.02;1.09;0.44;144.20;0.73;0.50;217;3;1;7;0.79;-0.00;0.00;0.00;-0.00;-0.00;-0.00;0.00;0.66;0.56;179.43;0.30;0.50;0.006;3.95;3.61;-1000.00;-1000.00
7473.485;2537;0.52;0.77;538.02;1.09;0.44;144.20;0.73;0.50;217;3;1;7;0.79;-0.00;0.00;0.00;-0.00;-0.00;-0.00;-0.00;0.66;0.56;179.43;0.30;0.50;0.008;3.95;3.61;-1000.00;-1000.00
7473.585;2546;0.52;0.77;538.02;1.09;0.44;144.20;0.73;0.50;217;3;1;7;0.79;-0.00;0.00;0.00;-0.00;-0.00;-0.00;-0.00;0.66;0.56;179.43;0.30;0.50;0.009;3.95;3.61;-1000.00;-1000.00
7473.695;2557;0.52;0.77;538.02;1.09;0.44;144.20;0.73;0.50;217;3;1;7;0.79;-0.00;0.00;0.00;-0.00;-0.00;-0.00;-0.00;0.66;0.56;179.43;0.30;0.50;0.008;3.95;3.61;-1000.00;-1000.00
7473.775;2565;0.52;0.77;538.02;1.09;0.44;144.20;0.73;0.50;217;3;1;7;0.79;-0.00;0.00;0.00;-0.00;-0.00;-0.00;-0.00;0.66;0.56;179.43;0.30;0.50;0.008;3.95;3.61;-1000.00;-1000.00
7473.885;2575;0.52;0.77;538.01;1.09;0.44;144.20;0.73;0.50;217;3;1;7;0.79;-0.00;0.00;0.00;-0.00;-0.00;-0.00;-0.00;0.66;0.56;179.43;0.30;0.50;0.005;3.95;3.61;-1000.00;-1000.00
7473.985;2583;0.52;0.77;538.01;1.09;0.44;144.20;0.73;0.50;217;3;1;7;0.79;-0.00;0.00;0.00;-0.00;-0.00;-0.00;-0.00;0.66;0.56;179.43;0.30;0.50;0.006;3.95;3.61;-1000.00;-1000.00
7474.085;2593;0.52;0.77;538.01;1.09;0.44;144.20;0.73;0.50;217;3;1;7;0.79;-0.00;0.00;0.00;-0.00;-0.00;-0.00;-0.00;0.66;0.56;179.43;0.30;0.50;0.006;3.95;3.61;-1000.00;-1000.00
7474.185;2602;0.52;0.77;538.00;1.09;0.44;144.20;0.73;0.50;217;3;1;7;0.79;-0.00;0.00;0.00;-0.00;-0.00;-0.00;-0.00;0.66;0.56;179.43;0.30;0.50;0.004;3.95;3.61;-1000.00;-1000.00
7474.285;2616;0.52;0.77;538.00;1.09;0.44;144.20;0.73;0.50;217;3;1;7;0.79;-0.00;0.00;0.00;-0.00;-0.00;-0.00;-0.00;0.66;0.56;179.43;0.30;0.50;0.011;3.95;3.61;-1000.00;-1000.00
7474.385;2626;0.52;0.77;537.99;1.09;0.44;144.20;0.73;0.50;217;3;1;7;0.79;-0.00;0.00;0.00;-0.00;-0.00;-0.00;-0.00;0.66;0.56;179.43;0.30;0.50;0.014;3.95;3.61;-1000.00;-1000.00
7474.485;2637;0.52;0.77;537.99;1.09;0.44;144.20;0.73;0.50;217;3;1;7;0.79;-0.00;0.00;0.00;-0.00;-0.00;-0.00;-0.00;0.66;0.56;179.43;0.30;0.50;0.011;3.95;3.61;-1000.00;-1000.00
7474.575;2645;0.52;0.77;537.99;1.09;0.44;144.20;0.73;0.50;217;3;1;7;0.79;-0.00;0.00;0.00;-0.00;-0.00;-0.00;-0.00;0.66;0.56;179.43;0.30;0.50;0.005;3.95;3.61;-1000.00;-1000.00
7474.675;2655;0.52;0.77;537.98;1.09;0.44;144.20;0.73;0.50;217;3;1;7;0.79;-0.00;0.00;0.00;-0.00;-0.00;-0.00;-0.00;0.66;0.56;179.43;0.30;0.50;0.004;3.95;3.61;-1000.00;-1000.00
7474.785;2664;0.52;0.77;537.98;1.09;0.44;144.20;0.73;0.50;217;3;1;7;0.79;-0.00;0.00;0.00;-0.00;-0.00;-0.00;-0.00;0.66;0.56;179.43;0.30;0.50;0.010;3.95;3.61;-1000.00;-1000.00
7474.885;2674;0.52;0.77;537.97;1.09;0.44;144.20;0.73;0.50;217;3;1;7;0.79;-0.00;0.00;0.00;-0.00;-0.00;-0.00;-0.00;0.66;0.56;179.43;0.30;0.50;0.006;3.95;3.61;-1000.00;-1000.00
7474.975;2683;0.52;0.77;537.97;1.09;0.44;144.20;0.73;0.50;217;3;1;7;0.79;-0.00;0.00;0.00;-0.00;-0.00;-0.00;-0.00;0.66;0.56;179.43;0.30;0.50;0.006;3.95;3.61;-1000.00;-1000.00
7475.085;2693;0.52;0.77;537.97;1.09;0.44;144.20;0.73;0.50;217;3;1;7;0.79;-0.00;0.00;0.00;-0.00;-0.00;-0.00;-0.00;0.66;0.56;179.43;0.30;0.50;0.014;3.95;3.61;-1000.00;-1000.00
7475.185;2706;0.52;0.77;537.96;1.09;0.44;144.20;0.73;0.50;217;3;1;7;0.79;-0.00;0.00;0.00;-0.00;-0.00;-0.00;-0.00;0.66;0.56;179.43;0.30;0.50;0.007;3.95;3.61;-1000.00;-1000.00
7475.285;2716;0.52;0.77;537.96;1.09;0.44;144.20;0.73;0.50;217;3;1;7;0.79;-0.00;0.00;0.00;-0.00;-0.00;-0.00;-0.00;0.66;0.56;179.43;0.30;0.50;0.013;3.95;3.61;-1000.00;-1000.00
7475.385;2726;0.52;0.77;537.95;1.09;0.44;144.20;0.73;0.50;217;3;1;7;0.79;-0.00;0.00;0.00;-0.00;-0.00;-0.00;-0.00;0.66;0.56;179.43;0.30;0.50;0.007;3.95;3.61;-1000.00;-1000.00
7475.485;2735;0.52;0.77;537.95;1.09;0.44;144.20;0.73;0.50;217;3;1;7;0.79;-0.00;0.00;0.00;-0.00;-0.00;-0.00;-0.00;0.66;0.56;179.43;0.30;0.50;0.005;3.95;3.61;-1000.00;-1000.00
7475.585;2746;0.52;0.77;537.95;1.09;0.44;144.20;0.73;0.50;217;3;1;7;0.79;-0.00;0.00;0.00;-0.00;-0.00;-0.00;-0.00;0.66;0.56;179.43;0.30;0.50;0.005;3.95;3.61;-1000.00;-1000.00
7475.685;2754;0.52;0.77;537.94;1.09;0.44;144.20;0.73;0.50;217;3;1;7;0.79;-0.00;0.00;0.00;-0.00;-0.00;-0.00;-0.00;0.66;0.56;179.43;0.30;0.50;0.005;3.95;3.61;-1000.00;-1000.00
7475.785;2763;0.52;0.77;537.94;1.09;0.44;144.20;0.73;0.50;217;3;1;7;0.79;-0.00;0.00;0.00;-0.00;-0.00;-0.00;-0.00;0.66;0.56;179.43;0.30;0.50;0.010;3.95;3.61;-1000.00;-1000.00
7475.875;2774;0.52;0.77;537.94;1.09;0.44;144.20;0.73;0.50;217;3;1;7;0.79;-0.00;0.00;0.00;-0.00;-0.00;-0.00;-0.00;0.66;0.56;179.43;0.30;0.50;0.005;3.95;3.61;-1000.00;-1000.00
7475.985;2787;0.52;0.77;537.94;1.09;0.44;144.20;0.73;0.50;217;3;1;7;0.79;-0.00;0.00;0.00;-0.00;-0.00;-0.00;-0.00;0.66;0.56;179.43;0.30;0.50;0.018;3.95;3.61;-1000.00;-1000.00
7476.085;2793;0.52;0.77;537.93;1.09;0.44;144.20;0.73;0.50;217;3;1;7;0.79;-0.00;0.00;0.00;-0.00;-0.00;-0.00;-0.00;0.66;0.56;179.43;0.30;0.50;0.007;3.95;3.61;-1000.00;-1000.00
7476.185;2805;0.52;0.77;537.93;1.09;0.44;144.20;0.73;0.50;217;3;1;7;0.79;-0.00;0.00;-0.00;-0.00;0.00;0.00;0.00;0.66;0.56;179.43;0.30;0.50;0.009;3.95;3.61;-1000.00;-1000.00
7476.285;2816;0.52;0.77;537.93;1.09;0.44;144.20;0.73;0.50;217;3;1;7;0.79;-0.00;0.00;0.00;-0.00;-0.00;-0.00;-0.00;0.66;0.56;179.43;0.30;0.50;0.008;3.95;3.61;-1000.00;-1000.00
7476.385;2824;0.52;0.77;537.93;1.09;0.44;144.20;0.73;0.50;217;3;1;7;0.79;-0.00;0.00;0.00;-0.00;-0.00;-0.00;-0.00;0.66;0.56;179.43;0.30;0.50;0.006;3.95;3.61;-1000.00;-1000.00
7476.485;2835;0.52;0.77;537.93;1.09;0.44;144.20;0.73;0.50;217;3;1;7;0.79;-0.00;0.00;0.00;-0.00;-0.00;-0.00;-0.00;0.66;0.56;179.43;0.30;0.50;0.012;3.95;3.61;-1000.00;-1000.00
7476.575;2843;0.52;0.77;537.93;1.09;0.44;144.20;0.73;0.50;217;3;1;7;0.79;-0.00;0.00;0.00;-0.00;-0.00;-0.00;-0.00;0.66;0.56;179.43;0.30;0.50;0.005;3.95;3.61;-1000.00;-1000.00
7476.685;2854;0.52;0.77;537.93;1.09;0.44;144.20;0.73;0.50;217;3;1;7;0.79;-0.00;0.00;0.00;-0.00;-0.00;-0.00;-0.00;0.66;0.56;179.43;0.30;0.50;0.013;3.95;3.61;-1000.00;-1000.00
7476.795;2867;0.52;0.77;537.93;1.09;0.44;144.20;0.73;0.50;217;3;1;7;0.79;-0.00;0.00;0.00;-0.00;0.00;-0.00;-0.00;0.66;0.56;179.43;0.30;0.50;0.019;3.95;3.61;-1000.00;-1000.00
7476.875;2873;0.52;0.77;537.93;1.09;0.44;144.20;0.73;0.50;217;3;1;7;0.79;-0.00;0.00;-0.00;-0.00;0.00;0.00;0.00;0.66;0.56;179.43;0.30;0.50;0.004;3.95;3.61;-1000.00;-1000.00
7476.985;2886;0.52;0.77;537.92;1.09;0.44;144.20;0.73;0.50;217;3;1;7;0.79;-0.00;0.00;-0.00;-0.00;-0.00;-0.00;0.00;0.66;0.56;179.43;0.30;0.50;0.009;3.95;3.61;-1000.00;-1000.00
7477.085;2895;0.52;0.77;537.92;1.09;0.44;144.20;0.73;0.50;217;3;1;7;0.79;-0.00;0.00;-0.00;-0.00;0.00;-0.00;-0.00;0.66;0.56;179.43;0.30;0.50;0.010;3.95;3.61;-1000.00;-1000.00
7477.195;2906;0.52;0.77;537.92;1.09;0.44;144.20;0.73;0.50;217;3;1;7;0.79;-0.00;0.00;-0.00;-0.00;0.00;0.00;-0.00;0.66;0.56;179.43;0.30;0.50;0.012;3.95;3.61;-1000.00;-1000.00
7477.285;2914;0.52;0.77;537.92;1.09;0.44;144.20;0.73;0.50;217;3;1;7;0.79;-0.00;0.00;0.00;-0.00;0.00;-0.00;-0.00;0.66;0.56;179.43;0.30;0.50;0.008;3.95;3.61;-1000.00;-1000.00
7477.385;2923;0.52;0.77;537.92;1.09;0.44;144.20;0.73;0.50;217;3;1;7;0.79;-0.00;0.00;-0.00;0.00;-0.00;-0.00;0.00;0.66;0.56;179.43;0.30;0.50;0.009;3.95;3.61;-1000.00;-1000.00
7477.485;2933;0.52;0.77;537.92;1.09;0.44;144.20;0.73;0.50;217;3;1;7;0.79;-0.00;0.00;0.00;-0.00;-0.00;-0.00;-0.00;0.66;0.56;179.43;0.30;0.50;0.012;3.95;3.61;-1000.00;-1000.00
7477.595;2947;0.52;0.77;537.91;1.09;0.44;144.20;0.73;0.50;217;3;1;7;0.79;-0.00;0.00;0.00;-0.00;-0.00;-0.00;-0.00;0.66;0.56;179.43;0.30;0.50;0.016;3.95;3.61;-1000.00;-1000.00
7477.685;2957;0.52;0.77;537.91;1.09;0.44;144.20;0.73;0.50;217;3;1;7;0.79;-0.00;0.00;0.00;-0.00;-0.00;-0.00;-0.00;0.66;0.56;179.43;0.30;0.50;0.012;3.95;3.61;-1000.00;-1000.00
7477.785;2963;0.52;0.77;537.91;1.09;0.44;144.20;0.73;0.50;217;3;1;7;0.79;-0.00;0.00;-0.00;0.00;-0.00;-0.00;0.00;0.66;0.56;179.43;0.30;0.50;0.004;3.95;3.61;-1000.00;-1000.00
7477.885;2976;0.52;0.77;537.91;1.09;0.44;144.20;0.73;0.50;217;3;1;7;0.79;-0.00;0.00;-0.00;0.00;-0.00;-0.00;0.00;0.66;0.56;179.43;0.30;0.50;0.007;3.95;3.61;-1000.00;-1000.00
7477.985;2986;0.52;0.77;537.91;1.09;0.44;144.20;0.73;0.50;217;3;1;7;0.79;-0.00;0.00;0.00;-0.00;0.00;-0.00;-0.00;0.66;0.56;179.43;0.30;0.50;0.011;3.95;3.61;-1000.00;-1000.00
7478.085;2995;0.52;0.77;537.91;1.09;0.44;144.20;0.73;0.50;217;3;1;7;0.79;-0.00;0.00;0.00;-0.00;0.00;-0.00;-0.00;0.66;0.56;179.43;0.30;0.50;0.008;3.95;3.61;-1000.00;-1000.00
7478.175;3006;0.52;0.77;537.91;1.09;0.44;144.20;0.73;0.50;217;3;1;7;0.79;-0.00;0.00;-0.00;-0.00;0.00;0.00;-0.00;0.66;0.56;179.43;0.30;0.50;0.005;3.95;3.61;-1000.00;-1000.00
7478.275;3014;0.52;0.77;537.91;1.09;0.44;144.20;0.73;0.50;217;3;1;7;0.79;-0.00;0.00;-0.00;-0.00;0.00;0.00;-0.00;0.66;0.56;179.43;0.30;0.50;0.004;3.95;3.61;-1000.00;-1000.00
7478.375;3024;0.52;0.77;537.91;1.09;0.44;144.20;0.73;0.50;217;3;1;7;0.79;-0.00;0.00;-0.00;0.00;-0.00;-0.00;0.00;0.66;0.56;179.43;0.30;0.50;0.006;3.95;3.61;-1000.00;-1000.00
7478.475;3033;0.52;0.77;537.90;1.09;0.44;144.20;0.73;0.50;217;3;1;7;0.79;-0.00;0.00;0.00;-0.00;0.00;-0.00;-0.00;0.66;0.56;179.43;0.30;0.50;0.005;3.95;3.61;-1000.00;-1000.00
7478.585;3043;0.52;0.77;537.90;1.09;0.44;144.20;0.73;0.50;217;3;1;7;0.79;-0.00;0.00;0.00;-0.00;0.00;-0.00;-0.00;0.66;0.56;179.43;0.30;0.50;0.005;3.95;3.61;-1000.00;-1000.00
7478.675;3052;0.52;0.77;537.90;1.09;0.44;144.20;0.73;0.50;217;3;1;7;0.79;-0.00;0.00;-0.00;0.00;-0.00;-0.00;0.00;0.66;0.56;179.43;0.30;0.50;0.005;3.95;3.61;-1000.00;-1000.00
7478.795;3066;0.52;0.77;537.92;1.09;0.44;144.20;0.73;0.50;217;3;1;7;0.79;-0.00;0.01;-0.02;-0.06;0.28;0.09;-0.00;0.66;0.56;179.43;0.30;0.50;0.015;3.95;3.61;-1000.00;-1000.00
7478.885;3076;0.52;0.77;537.96;1.09;0.44;144.20;0.73;0.50;217;3;1;7;0.79;-0.00;0.00;-0.00;0.01;-0.01;-0.00;0.01;0.66;0.56;179.43;0.30;0.50;0.008;3.95;3.61;-1000.00;-1000.00
7478.985;3086;0.52;0.77;537.99;1.09;0.44;144.20;0.73;0.50;217;3;1;7;0.79;-0.00;-0.00;-0.01;-0.00;-0.03;-0.05;0.00;0.66;0.56;179.43;0.30;0.50;0.006;3.95;3.61;-1000.00;-1000.00
7479.085;3095;0.52;0.77;538.02;1.09;0.44;144.20;0.73;0.50;217;3;1;7;0.79;-0.00;-0.00;-0.00;0.00;-0.01;0.01;0.01;0.66;0.56;179.43;0.30;0.50;0.005;3.95;3.61;-1000.00;-1000.00
7479.185;3105;0.52;0.77;538.07;1.09;0.44;144.20;0.73;0.50;217;3;1;7;0.79;-0.00;-0.00;-0.00;0.00;-0.01;0.00;0.01;0.66;0.56;179.43;0.30;0.50;0.005;3.95;3.61;-1000.00;-1000.00
7479.285;3114;0.52;0.77;538.08;1.09;0.44;144.20;0.73;0.50;217;3;1;7;0.79;-0.00;-0.01;-0.00;-0.00;0.01;-0.00;0.00;0.66;0.56;179.43;0.30;0.50;0.008;3.95;3.61;-1000.00;-1000.00
7479.385;3124;0.52;0.77;538.10;1.09;0.44;144.20;0.73;0.50;217;3;1;7;0.79;-0.00;-0.01;-0.00;-0.00;0.01;0.00;-0.00;0.66;0.56;179.43;0.30;0.50;0.010;3.95;3.61;-1000.00;-1000.00
7479.485;3133;0.52;0.77;538.12;1.09;0.44;144.20;0.73;0.50;217;3;1;7;0.79;-0.00;-0.01;-0.00;0.00;-0.01;-0.00;0.01;0.66;0.56;179.43;0.30;0.50;0.007;3.95;3.61;-1000.00;-1000.00
7479.585;3143;0.52;0.77;538.13;1.09;0.44;144.20;0.73;0.50;217;3;1;7;0.79;-0.00;-0.01;-0.00;0.00;-0.01;-0.00;0.00;0.66;0.56;179.43;0.30;0.50;0.005;3.95;3.61;-1000.00;-1000.00
7479.685;3156;0.52;0.77;538.13;1.09;0.44;144.20;0.73;0.50;217;3;1;7;0.79;-0.00;0.00;0.00;-0.03;0.01;0.22;-0.01;0.66;0.56;179.43;0.30;0.50;0.011;3.95;3.61;-1000.00;-1000.00
7479.785;3165;0.52;0.77;538.10;1.09;0.44;144.20;0.73;0.50;217;3;1;7;0.79;-0.00;-0.01;0.00;0.01;-0.00;-0.04;-0.01;0.66;0.56;179.43;0.30;0.50;0.005;3.95;3.61;-1000.00;-1000.00
7479.875;3176;0.52;0.77;538.06;1.09;0.44;144.20;0.73;0.50;217;3;1;7;0.79;-0.00;0.00;0.00;-0.03;0.01;0.22;-0.01;0.66;0.56;179.43;0.30;0.50;0.005;3.95;3.61;-1000.00;-1000.00
7479.985;3184;0.52;0.77;538.03;1.09;0.44;144.20;0.73;0.50;217;3;1;7;0.79;-0.00;0.00;0.00;-0.03;0.01;0.22;-0.01;0.66;0.56;179.43;0.30;0.50;0.006;3.95;3.61;-1000.00;-1000.00
7480.085;3195;0.52;0.77;537.99;1.09;0.44;144.20;0.73;0.50;217;3;1;7;0.79;-0.00;-0.01;0.00;0.01;-0.00;-0.04;-0.01;0.66;0.56;179.43;0.30;0.50;0.010;3.95;3.61;-1000.00;-1000.00
7480.185;3203;0.52;0.77;537.96;1.09;0.44;144.20;0.73;0.50;217;3;1;7;0.79;-0.00;-0.01;0.00;0.01;-0.00;-0.04;-0.01;0.66;0.56;179.43;0.30;0.50;0.006;3.95;3.61;-1000.00;-1000.00
7480.285;3214;0.52;0.77;537.92;1.09;0.44;144.20;0.73;0.50;217;3;1;7;0.79;-0.00;0.01;0.00;-0.03;0.01;0.22;-0.01;0.66;0.56;179.43;0.30;0.50;0.010;3.95;3.61;-1000.00;-1000.00
7480.375;3222;0.52;0.77;537.89;1.09;0.44;144.20;0.73;0.50;217;3;1;7;0.79;-0.00;0.01;0.00;-0.03;0.01;0.22;-0.01;0.66;0.56;179.43;0.30;0.50;0.005;3.95;3.61;-1000.00;-1000.00
7480.475;3233;0.52;0.77;537.86;1.09;0.44;144.20;0.73;0.50;217;3;1;7;0.79;-0.00;-0.01;0.00;0.01;-0.00;-0.04;-0.00;0.66;0.56;179.43;0.30;0.50;0.006;3.95;3.61;-1000.00;-1000.00
7480.585;3247;0.52;0.77;537.84;1.09;0.44;144.20;0.73;0.50;217;3;1;7;0.79;-0.00;-0.01;0.00;0.01;-0.00;-0.04;-0.00;0.66;0.56;179.43;0.30;0.50;0.010;3.95;3.61;-1000.00;-1000.00
7480.675;3252;0.52;0.77;537.83;1.09;0.44;144.20;0.73;0.50;217;3;1;7;0.79;-0.00;0.01;0.00;-0.03;0.01;0.22;-0.00;0.66;0.56;179.43;0.30;0.50;0.004;3.95;3.61;-1000.00;-1000.00
7480.785;3267;0.52;0.77;537.83;1.09;0.44;144.20;0.73;0.50;217;3;1;7;0.79;-0.00;-0.01;-0.00;0.01;-0.00;-0.04;0.00;0.66;0.56;179.43;0.30;0.50;0.012;3.95;3.61;-1000.00;-1000.00
7480.885;3276;0.52;0.77;537.84;1.09;0.44;144.20;0.73;0.50;217;3;1;7;0.79;-0.00;0.01;0.00;-0.03;0.01;0.22;-0.00;0.66;0.56;179.43;0.30;0.50;0.006;3.95;3.61;-1000.00;-1000.00
7480.995;3286;0.52;0.77;537.84;1.09;0.44;144.20;0.73;0.50;217;3;1;7;0.79;-0.00;-0.01;-0.00;0.01;-0.00;-0.04;0.00;0.66;0.56;179.43;0.30;0.50;0.015;3.95;3.61;-1000.00;-1000.00
7481.075;3294;0.52;0.77;537.84;1.09;0.44;144.20;0.73;0.50;217;3;1;7;0.79;-0.00;-0.00;-0.00;-0.00;0.01;0.01;0.00;0.66;0.56;179.43;0.30;0.50;0.003;3.95;3.61;-1000.00;-1000.00
7481.175;3305;0.52;0.77;537.87;1.09;0.44;144.20;0.73;0.50;217;3;1;7;0.79;-0.00;-0.00;0.00;0.00;0.00;-0.04;0.01;0.66;0.56;179.43;0.30;0.50;0.004;3.95;3.61;-1000.00;-1000.00
7481.275;3313;0.52;0.77;537.88;1.09;0.44;144.20;0.73;0.50;217;3;1;7;0.79;-0.00;0.01;-0.00;-0.02;0.03;0.21;-0.02;0.66;0.56;179.43;0.30;0.50;0.005;3.95;3.61;-1000.00;-1000.00
7481.385;3327;0.52;0.77;537.92;1.09;0.44;144.20;0.73;0.50;217;3;1;7;0.79;0.00;0.00;-0.01;-0.00;-0.04;-0.06;0.00;0.66;0.56;179.43;0.30;0.50;0.010;3.95;3.61;-1000.00;-1000.00
7481.475;3332;0.52;0.77;537.95;1.09;0.44;144.20;0.73;0.50;217;3;1;7;0.79;0.00;0.00;-0.00;0.01;-0.01;-0.01;0.01;0.66;0.56;179.43;0.30;0.50;0.007;3.95;3.61;-1000.00;-1000.00
7481.575;3346;0.52;0.78;538.03;1.09;0.44;144.20;0.73;0.50;217;3;1;7;0.79;0.00;0.01;-0.03;-0.06;0.27;0.09;0.01;0.66;0.56;179.43;0.30;0.50;0.004;3.95;3.61;-1000.00;-1000.00
7481.685;3355;0.52;0.78;538.09;1.09;0.44;144.20;0.73;0.50;217;3;1;7;0.79;-0.00;0.01;-0.03;-0.06;0.27;0.10;0.01;0.66;0.56;179.43;0.30;0.50;0.010;3.94;3.61;-1000.00;-1000.00
7481.775;3365;0.52;0.78;538.17;1.09;0.44;144.20;0.73;0.50;217;3;1;7;0.79;-0.00;-0.00;-0.00;0.00;0.01;0.00;0.01;0.66;0.56;179.43;0.30;0.50;0.004;3.94;3.61;-1000.00;-1000.00
7481.885;3375;0.52;0.78;538.21;1.09;0.44;144.20;0.73;0.50;217;3;1;7;0.79;-0.00;-0.00;-0.00;0.00;0.01;-0.00;0.01;0.66;0.56;179.43;0.30;0.50;0.005;3.94;3.61;-1000.00;-1000.00
7481.975;3384;0.52;0.78;538.23;1.09;0.44;144.20;0.73;0.50;217;3;1;7;0.79;-0.00;-0.00;-0.00;0.00;-0.00;-0.02;0.00;0.66;0.56;179.43;0.30;0.50;0.004;3.94;3.61;-1000.00;-1000.00
7482.085;3395;0.52;0.78;538.24;1.09;0.44;144.20;0.73;0.50;217;3;1;7;0.79;-0.00;-0.00;0.00;-0.00;0.01;0.01;-0.01;0.66;0.56;179.43;0.30;0.50;0.008;3.94;3.61;-1000.00;-1000.00
7482.175;3403;0.52;0.78;538.24;1.09;0.44;144.20;0.73;0.50;217;3;1;7;0.79;-0.00;-0.00;0.00;-0.00;0.01;0.01;-0.01;0.66;0.56;179.43;0.30;0.50;0.004;3.94;3.61;-1000.00;-1000.00
7482.275;3414;0.52;0.78;538.26;1.09;0.44;144.20;0.73;0.50;217;3;1;7;0.79;-0.00;-0.00;-0.00;-0.00;-0.01;0.00;0.01;0.66;0.56;179.43;0.30;0.50;0.006;3.94;3.61;-1000.00;-1000.00
7482.385;3422;0.53;0.78;538.26;1.09;0.44;144.20;0.73;0.50;217;3;1;7;0.79;-0.00;-0.00;-0.00;0.00;-0.00;-0.02;-0.00;0.66;0.56;179.43;0.30;0.50;0.009;3.94;3.61;-1000.00;-1000.00
7482.475;3433;0.53;0.78;538.26;1.09;0.44;144.20;0.73;0.50;217;3;1;7;0.79;-0.00;-0.01;-0.00;-0.00;0.01;-0.00;0.00;0.66;0.56;179.43;0.30;0.50;0.005;3.94;3.61;-1000.00;-1000.00
7482.575;3445;0.53;0.78;538.25;1.09;0.44;144.20;0.73;0.50;217;3;1;7;0.79;-0.00;-0.01;-0.00;-0.00;0.01;-0.00;0.00;0.66;0.56;179.43;0.30;0.50;0.006;3.94;3.61;-1000.00;-1000.00
7482.675;3456;0.53;0.78;538.25;1.09;0.44;144.20;0.73;0.50;217;3;1;7;0.79;-0.00;-0.00;0.00;0.00;-0.00;-0.02;-0.00;0.66;0.56;179.43;0.30;0.50;0.004;3.94;3.61;-1000.00;-1000.00
7482.785;3464;0.53;0.78;538.25;1.09;0.44;144.20;0.73;0.50;217;3;1;7;0.79;-0.00;-0.00;0.00;0.00;-0.00;-0.02;-0.00;0.66;0.56;179.43;0.30;0.50;0.009;3.94;3.61;-1000.00;-1000.00
7482.885;3473;0.53;0.78;538.25;1.09;0.44;144.20;0.73;0.50;217;3;1;7;0.79;-0.00;-0.01;-0.00;-0.00;0.01;0.00;0.00;0.66;0.56;179.43;0.30;0.50;0.008;3.94;3.61;-1000.00;-1000.00
7482.995;3484;0.53;0.78;538.28;1.09;0.44;144.20;0.73;0.50;217;3;1;7;0.79;-0.00;-0.01;-0.00;0.01;-0.00;-0.04;0.00;0.66;0.56;179.43;0.30;0.50;0.014;3.94;3.61;-1000.00;-1000.00
7483.085;3497;0.53;0.78;538.28;1.09;0.44;144.20;0.73;0.50;217;3;1;7;0.79;-0.00;-0.01;-0.00;-0.00;0.01;-0.00;0.00;0.66;0.56;179.43;0.30;0.50;0.012;3.94;3.61;-1000.00;-1000.00
7483.185;3506;0.53;0.78;538.28;1.09;0.44;144.20;0.73;0.50;217;3;1;7;0.79;-0.00;-0.01;-0.00;0.01;-0.00;-0.04;-0.00;0.66;0.56;179.43;0.30;0.50;0.009;3.94;3.61;-1000.00;-1000.00
7483.285;3515;0.53;0.78;538.26;1.09;0.44;144.20;0.73;0.50;217;3;1;7;0.79;-0.00;0.01;0.00;-0.03;0.01;0.22;-0.01;0.66;0.56;179.43;0.30;0.50;0.012;3.94;3.61;-1000.00;-1000.00
7483.385;3525;0.53;0.78;538.25;1.09;0.44;144.20;0.73;0.50;217;3;1;7;0.79;-0.00;-0.00;0.00;-0.00;0.01;0.02;-0.01;0.66;0.56;179.43;0.30;0.50;0.008;3.94;3.61;-1000.00;-1000.00
7483.485;3534;0.53;0.78;538.24;1.09;0.44;144.20;0.73;0.50;217;3;1;7;0.79;-0.00;-0.01;0.00;0.00;-0.00;-0.04;0.00;0.66;0.56;179.43;0.30;0.50;0.007;3.94;3.61;-1000.00;-1000.00
7483.575;3544;0.53;0.78;538.24;1.09;0.44;144.20;0.73;0.50;217;3;1;7;0.79;-0.00;0.01;0.00;-0.03;0.01;0.22;-0.00;0.66;0.56;179.43;0.30;0.50;0.005;3.94;3.61;-1000.00;-1000.00
7483.685;3554;0.53;0.78;538.22;1.09;0.44;144.20;0.73;0.50;217;3;1;7;0.79;-0.00;-0.01;-0.00;0.01;-0.00;-0.04;-0.00;0.66;0.56;179.43;0.30;0.50;0.007;3.94;3.61;-1000.00;-1000.00
7483.785;3567;0.53;0.78;538.23;1.09;0.44;144.20;0.73;0.50;217;3;1;7;0.79;-0.00;-0.00;0.00;0.00;-0.00;-0.01;-0.00;0.66;0.56;179.43;0.30;0.50;0.013;3.94;3.61;-1000.00;-1000.00
7483.885;3573;0.53;0.78;538.22;1.09;0.44;144.20;0.73;0.50;217;3;1;7;0.79;-0.00;0.01;0.00;-0.03;0.01;0.24;-0.01;0.66;0.56;179.43;0.30;0.50;0.007;3.94;3.61;-1000.00;-1000.00
7483.975;3584;0.53;0.78;538.21;1.09;0.44;144.20;0.73;0.50;217;3;1;7;0.79;-0.00;-0.01;0.00;0.00;0.00;-0.04;0.00;0.66;0.56;179.43;0.30;0.50;0.004;3.94;3.61;-1000.00;-1000.00
7484.075;3592;0.53;0.78;538.22;1.09;0.44;144.20;0.73;0.50;217;3;1;7;0.79;-0.00;-0.01;0.00;0.00;0.00;-0.04;0.01;0.66;0.56;179.43;0.30;0.50;0.006;3.94;3.61;-1000.00;-1000.00
7484.175;3606;0.53;0.78;538.22;1.09;0.44;144.20;0.73;0.50;217;3;1;7;0.79;-0.00;-0.01;-0.00;0.01;-0.00;-0.04;0.00;0.66;0.56;179.43;0.30;0.50;0.004;3.94;3.61;-1000.00;-1000.00
7484.285;3616;0.53;0.78;538.23;1.09;0.44;144.20;0.73;0.50;217;3;1;7;0.79;-0.00;-0.00;0.00;0.00;0.00;-0.04;0.01;0.66;0.56;179.43;0.30;0.50;0.010;3.94;3.61;-1000.00;-1000.00
7484.385;3626;0.53;0.78;538.22;1.09;0.44;144.20;0.73;0.50;217;3;1;7;0.79;-0.00;0.00;0.00;0.00;-0.03;0.04;-0.01;0.66;0.56;179.43;0.30;0.50;0.011;3.94;3.61;-1000.00;-1000.00
7484.475;3635;0.53;0.78;538.20;1.09;0.44;144.20;0.73;0.50;217;3;1;7;0.79;-0.00;0.01;0.00;-0.03;0.02;0.25;-0.01;0.66;0.56;179.43;0.30;0.50;0.005;3.94;3.61;-1000.00;-1000.00
7484.575;3645;0.53;0.78;538.22;1.09;0.44;144.20;0.73;0.50;217;3;1;7;0.79;0.00;-0.01;-0.00;0.00;0.01;-0.07;0.01;0.66;0.56;179.43;0.30;0.50;0.005;3.94;3.61;-1000.00;-1000.00
7484.685;3653;0.53;0.78;538.22;1.09;0.44;144.20;0.73;0.50;217;3;1;7;0.79;0.00;-0.01;-0.00;0.01;-0.00;-0.04;0.01;0.66;0.56;179.43;0.30;0.50;0.006;3.94;3.61;-1000.00;-1000.00
7484.775;3664;0.53;0.78;538.21;1.09;0.44;144.20;0.73;0.50;217;3;1;7;0.79;0.00;0.01;0.00;-0.03;0.01;0.24;-0.00;0.66;0.56;179.43;0.30;0.50;0.007;3.94;3.62;-1000.00;-1000.00
7484.885;3672;0.53;0.78;538.21;1.09;0.44;144.20;0.73;0.50;217;3;1;7;0.79;0.00;0.01;0.00;-0.03;0.01;0.24;-0.00;0.66;0.56;179.43;0.30;0.50;0.005;3.94;3.61;-1000.00;-1000.00
7484.975;3683;0.53;0.78;538.19;1.09;0.44;144.20;0.73;0.50;217;3;1;7;0.79;0.00;0.01;-0.01;0.00;0.00;0.03;-0.00;0.66;0.56;179.43;0.30;0.50;0.006;3.94;3.62;-1000.00;-1000.00
7485.085;3693;0.53;0.78;538.26;1.09;0.44;144.20;0.73;0.50;217;3;1;7;0.79;0.00;0.00;-0.01;0.01;0.02;0.00;0.00;0.66;0.56;179.43;0.30;0.50;0.007;3.94;3.62;-1000.00;-1000.00
7485.185;3706;0.53;0.78;538.28;1.09;0.44;144.20;0.73;0.50;217;3;1;7;0.79;0.00;0.00;0.00;0.00;-0.00;0.00;0.00;0.66;0.56;179.43;0.30;0.50;0.013;3.94;3.62;-1000.00;-1000.00
7485.275;3715;0.53;0.78;538.29;1.09;0.44;144.20;0.73;0.50;217;3;1;7;0.79;0.00;0.00;-0.00;-0.00;0.00;-0.00;0.00;0.66;0.56;179.43;0.30;0.50;0.005;3.94;3.62;-1000.00;-1000.00
7485.385;3725;0.53;0.78;538.30;1.09;0.44;144.20;0.73;0.50;217;3;1;7;0.79;0.00;0.00;0.00;-0.00;-0.00;-0.00;0.00;0.66;0.56;179.43;0.30;0.50;0.009;3.94;3.62;-1000.00;-1000.00
7485.485;3733;0.53;0.78;538.31;1.09;0.44;144.20;0.73;0.50;217;3;1;7;0.79;0.00;0.00;0.00;-0.00;-0.00;-0.00;0.00;0.66;0.56;179.43;0.30;0.50;0.005;3.94;3.62;-1000.00;-1000.00
7485.585;3744;0.53;0.78;538.32;1.09;0.44;144.20;0.73;0.50;217;3;1;7;0.79;0.00;0.00;0.00;-0.00;-0.00;-0.00;0.00;0.66;0.56;179.43;0.30;0.50;0.005;3.94;3.62;-1000.00;-1000.00
7485.685;3752;0.53;0.78;538.32;1.09;0.44;144.20;0.73;0.50;217;3;1;7;0.79;0.00;0.00;0.00;-0.00;-0.00;-0.00;0.00;0.66;0.56;179.43;0.30;0.50;0.006;3.94;3.62;-1000.00;-1000.00
7485.775;3763;0.53;0.78;538.32;1.09;0.44;144.20;0.73;0.50;217;3;1;7;0.79;0.00;0.00;0.00;-0.00;-0.00;-0.00;0.00;0.66;0.56;179.43;0.30;0.50;0.004;3.94;3.62;-1000.00;-1000.00
7485.885;3776;0.53;0.78;538.32;1.09;0.44;144.20;0.73;0.50;217;3;1;7;0.79;0.00;0.00;0.00;-0.00;0.00;-0.00;-0.00;0.66;0.56;179.43;0.30;0.50;0.015;3.94;3.62;-1000.00;-1000.00
7485.975;3786;0.53;0.78;538.32;1.09;0.44;144.20;0.73;0.50;217;3;1;7;0.79;0.00;0.00;0.00;-0.00;0.00;-0.00;-0.00;0.66;0.56;179.43;0.30;0.50;0.008;3.94;3.62;-1000.00;-1000.00
7486.085;3795;0.53;0.78;538.32;1.09;0.44;144.20;0.73;0.50;217;3;1;7;0.79;0.00;0.00;0.00;-0.00;0.00;-0.00;-0.00;0.66;0.56;179.43;0.30;0.50;0.014;3.94;3.62;-1000.00;-1000.00
7486.185;3805;0.53;0.78;538.31;1.09;0.44;144.20;0.73;0.50;217;3;1;7;0.79;0.00;0.00;0.00;-0.00;0.00;-0.00;-0.00;0.66;0.56;179.43;0.30;0.50;0.007;3.94;3.62;-1000.00;-1000.00
7486.285;3814;0.53;0.78;538.31;1.09;0.44;144.20;0.73;0.50;217;3;1;7;0.79;0.00;0.00;0.00;-0.00;0.00;-0.00;-0.00;0.66;0.56;179.43;0.30;0.50;0.007;3.94;3.62;-1000.00;-1000.00
7486.385;3824;0.53;0.78;538.30;1.09;0.44;144.20;0.73;0.50;217;3;1;7;0.79;-0.00;0.00;0.00;-0.00;0.00;-0.00;-0.00;0.66;0.56;179.43;0.30;0.50;0.005;3.94;3.62;-1000.00;-1000.00
7486.475;3835;0.53;0.78;538.30;1.09;0.44;144.20;0.73;0.50;217;3;1;7;0.79;-0.00;0.00;0.00;-0.00;0.00;-0.00;-0.00;0.66;0.56;179.43;0.30;0.50;0.004;3.94;3.62;-1000.00;-1000.00
7486.585;3843;0.53;0.78;538.29;1.09;0.44;144.20;0.73;0.50;217;3;1;7;0.79;-0.00;0.00;0.00;-0.00;0.00;-0.00;-0.00;0.66;0.56;179.43;0.30;0.50;0.009;3.94;3.62;-1000.00;-1000.00
7486.675;3854;0.53;0.78;538.28;1.09;0.44;144.20;0.73;0.50;217;3;1;7;0.79;-0.00;0.00;0.00;-0.00;0.00;-0.00;-0.00;0.66;0.56;179.43;0.30;0.50;0.006;3.94;3.62;-1000.00;-1000.00
7486.775;3862;0.53;0.78;538.28;1.09;0.44;144.20;0.73;0.50;217;3;1;7;0.79;-0.00;0.00;0.00;-0.00;0.00;-0.00;-0.00;0.66;0.56;179.43;0.30;0.50;0.005;3.94;3.62;-1000.00;-1000.00
7486.885;3877;0.53;0.78;538.27;1.09;0.44;144.20;0.73;0.50;217;3;1;7;0.79;-0.00;0.00;0.00;-0.00;0.00;-0.00;-0.00;0.66;0.56;179.43;0.30;0.50;0.016;3.94;3.62;-1000.00;-1000.00
7486.985;3885;0.53;0.78;538.26;1.09;0.44;144.20;0.73;0.50;217;3;1;7;0.79;-0.00;0.00;0.00;-0.00;0.00;-0.00;-0.00;0.66;0.56;179.43;0.30;0.50;0.007;3.94;3.62;-1000.00;-1000.00
7487.085;3896;0.53;0.78;538.25;1.09;0.44;144.20;0.73;0.50;217;3;1;7;0.79;-0.00;0.00;0.00;-0.00;0.00;-0.00;-0.00;0.66;0.56;179.43;0.30;0.50;0.009;3.94;3.62;-1000.00;-1000.00
7487.175;3904;0.53;0.78;538.25;1.09;0.44;144.20;0.73;0.50;217;3;1;7;0.79;-0.00;0.00;0.00;-0.00;0.00;-0.00;-0.00;0.66;0.56;179.43;0.30;0.50;0.005;3.94;3.62;-1000.00;-1000.00
7487.285;3915;0.53;0.78;538.24;1.09;0.44;144.20;0.73;0.50;217;3;1;7;0.79;-0.00;0.00;0.00;-0.00;0.00;-0.00;-0.00;0.66;0.56;179.43;0.30;0.50;0.013;3.94;3.62;-1000.00;-1000.00
7487.385;3923;0.53;0.78;538.24;1.09;0.44;144.20;0.73;0.50;217;3;1;7;0.79;-0.00;0.00;0.00;-0.00;0.00;-0.00;-0.00;0.66;0.56;179.43;0.30;0.50;0.012;3.94;3.62;-1000.00;-1000.00
7487.485;3937;0.53;0.78;538.23;1.09;0.44;144.20;0.73;0.50;217;3;1;7;0.79;-0.00;0.00;0.00;-0.00;0.00;-0.00;-0.00;0.66;0.56;179.43;0.30;0.50;0.009;3.94;3.62;-1000.00;-1000.00
7487.575;3942;0.53;0.78;538.23;1.09;0.44;144.20;0.73;0.50;217;3;1;7;0.79;-0.00;0.00;0.00;-0.00;0.00;-0.00;-0.00;0.66;0.56;179.43;0.30;0.50;0.005;3.94;3.62;-1000.00;-1000.00
7487.685;3957;0.53;0.78;538.22;1.09;0.44;144.20;0.73;0.50;217;3;1;7;0.79;-0.00;0.00;0.00;-0.00;0.00;-0.00;-0.00;0.66;0.56;179.43;0.30;0.50;0.011;3.94;3.62;-1000.00;-1000.00
7487.775;3965;0.53;0.78;538.21;1.09;0.44;144.20;0.73;0.50;217;3;1;7;0.79;-0.00;0.00;0.00;-0.00;0.00;-0.00;-0.00;0.66;0.56;179.43;0.30;0.50;0.005;3.94;3.62;-1000.00;-1000.00
7487.885;3974;0.53;0.78;538.21;1.09;0.44;144.20;0.73;0.50;217;3;1;7;0.79;-0.00;0.00;0.00;-0.00;0.00;-0.00;-0.00;0.66;0.56;179.43;0.30;0.50;0.006;3.94;3.62;-1000.00;-1000.00
7487.985;3985;0.53;0.78;538.21;1.09;0.44;144.20;0.73;0.50;217;3;1;7;0.79;-0.00;0.00;0.00;-0.00;0.00;-0.00;-0.00;0.66;0.56;179.43;0.30;0.50;0.007;3.94;3.62;-1000.00;-1000.00
7488.085;3993;0.53;0.78;538.20;1.09;0.44;144.20;0.73;0.50;217;3;1;7;0.79;-0.00;0.00;0.00;-0.00;0.00;-0.00;-0.00;0.66;0.56;179.43;0.30;0.50;0.006;3.94;3.62;-1000.00;-1000.00
7488.185;4003;0.53;0.78;538.20;1.09;0.44;144.20;0.73;0.50;217;3;1;7;0.79;-0.00;0.00;0.00;-0.00;-0.00;-0.00;-0.00;0.66;0.56;179.43;0.30;0.50;0.006;3.94;3.62;-1000.00;-1000.00
7488.285;4013;0.53;0.78;538.20;1.09;0.44;144.20;0.73;0.50;217;3;1;7;0.79;-0.00;0.00;0.00;-0.00;-0.00;-0.00;-0.00;0.66;0.56;179.43;0.30;0.50;0.005;3.94;3.62;-1000.00;-1000.00
7488.385;4027;0.53;0.78;538.19;1.09;0.44;144.20;0.73;0.50;217;3;1;7;0.79;-0.00;0.00;0.00;-0.00;-0.00;-0.00;-0.00;0.66;0.56;179.43;0.30;0.50;0.012;3.94;3.62;-1000.00;-1000.00
7488.485;4036;0.53;0.78;538.19;1.09;0.44;144.20;0.73;0.50;217;3;1;7;0.79;-0.00;0.00;0.00;-0.00;-0.00;-0.00;-0.00;0.66;0.56;179.43;0.30;0.50;0.013;3.94;3.62;-1000.00;-1000.00
7488.585;4047;0.53;0.78;538.19;1.09;0.44;144.20;0.73;0.50;217;3;1;7;0.79;-0.00;0.00;0.00;-0.00;-0.00;-0.00;-0.00;0.66;0.56;179.43;0.30;0.50;0.010;3.94;3.62;-1000.00;-1000.00
7488.685;4055;0.53;0.78;538.18;1.09;0.44;144.20;0.73;0.50;217;3;1;7;0.79;-0.00;0.00;0.00;-0.00;-0.00;-0.00;-0.00;0.66;0.56;179.43;0.30;0.50;0.007;3.94;3.62;-1000.00;-1000.00
7488.785;4064;0.53;0.78;538.18;1.09;0.44;144.20;0.73;0.50;217;3;1;7;0.79;-0.00;0.00;0.00;-0.00;-0.00;-0.00;-0.00;0.66;0.56;179.43;0.30;0.50;0.009;3.94;3.62;-1000.00;-1000.00
7488.875;4075;0.53;0.78;538.18;1.09;0.44;144.20;0.73;0.50;217;3;1;7;0.79;-0.00;0.00;0.00;-0.00;-0.00;-0.00;-0.00;0.66;0.56;179.43;0.30;0.50;0.008;3.94;3.62;-1000.00;-1000.00
7488.985;4083;0.53;0.78;538.18;1.09;0.44;144.20;0.73;0.50;217;3;1;7;0.79;-0.00;0.00;0.00;-0.00;-0.00;-0.00;-0.00;0.66;0.56;179.43;0.30;0.50;0.010;3.94;3.62;-1000.00;-1000.00
7489.085;4097;0.53;0.78;538.18;1.09;0.44;144.20;0.73;0.50;217;3;1;7;0.79;-0.00;0.00;0.00;-0.00;-0.00;-0.00;-0.00;0.66;0.56;179.43;0.30;0.50;0.012;3.94;3.62;-1000.00;-1000.00
7489.185;4106;0.53;0.78;538.17;1.09;0.44;144.20;0.73;0.50;217;3;1;7;0.79;-0.00;0.00;0.00;-0.00;-0.00;-0.00;-0.00;0.66;0.56;179.43;0.30;0.50;0.186;3.94;3.62;-1000.00;-1000.00
