t;frame;x;y;z;x_ref;y_ref;z_ref;delta_ref;u_ref;state;ellipse;control;action;delta;u;vx;vy;vz;wx;wy;wz;xr;yr;zr;delr;ur;obs1x;obs1y;obs2x;obs2y
218.215;16;1.10;-0.30;-0.01;0.85;-0.35;-0.00;0.00;-0.50;396;1;1;2;-0.12;-0.04;0.00;0.00;-0.00;0.00;0.00;0.00;0.95;-0.35;0.00;0.00;-0.50;0.077;1.05;2.14;-1000.00;-1000.00
218.275;20;1.10;-0.30;-0.01;0.85;-0.35;-0.00;0.00;-0.50;396;1;1;2;-0.12;-0.08;0.00;0.00;-0.00;0.00;0.00;0.00;0.95;-0.35;0.00;0.00;-0.50;0.035;1.05;2.14;-1000.00;-1000.00
218.395;35;1.09;-0.30;0.19;0.85;-0.35;-0.00;0.00;-0.50;396;1;1;2;-0.11;-0.12;-0.08;0.00;-0.00;0.00;-0.00;0.03;0.95;-0.35;0.00;0.00;-0.50;0.048;1.05;2.14;-1000.00;-1000.00
218.465;39;1.09;-0.30;0.24;0.85;-0.35;-0.00;0.00;-0.50;396;1;1;2;-0.11;-0.15;-0.10;-0.00;-0.00;-0.03;-0.05;0.00;0.95;-0.35;0.00;0.00;-0.50;0.022;1.05;2.14;-1000.00;-1000.00
218.555;47;1.08;-0.30;0.32;0.85;-0.35;-0.00;0.00;-0.50;396;1;1;2;-0.11;-0.18;-0.15;0.00;0.00;0.00;0.01;0.04;0.95;-0.35;0.00;0.00;-0.50;0.018;1.05;2.14;-1000.00;-1000.00
218.675;62;1.05;-0.30;0.63;0.85;-0.35;-0.00;0.00;-0.50;396;1;1;2;-0.09;-0.21;-0.18;0.00;0.00;0.00;-0.00;0.04;0.95;-0.35;0.00;0.00;-0.50;0.035;1.05;2.14;-1000.00;-1000.00
218.775;71;1.04;-0.30;0.82;0.85;-0.35;-0.00;0.00;-0.50;396;1;1;2;-0.08;-0.23;-0.21;0.00;0.00;0.00;-0.00;0.03;0.95;-0.35;0.00;0.00;-0.50;0.029;1.05;2.14;-1000.00;-1000.00
218.875;80;1.02;-0.30;0.96;0.85;-0.35;-0.00;0.00;-0.50;396;1;1;2;-0.07;-0.25;-0.23;0.00;0.00;0.00;-0.00;0.02;0.95;-0.35;0.00;0.00;-0.50;0.028;1.05;2.14;-1000.00;-1000.00
218.965;91;0.99;-0.30;1.08;0.76;-0.35;-0.00;0.00;-0.50;396;2;1;2;-0.06;-0.27;-0.25;0.00;0.00;0.00;-0.00;0.02;0.95;-0.35;0.00;0.00;-0.50;0.019;1.05;2.14;-1000.00;-1000.00
219.065;99;0.97;-0.30;1.14;0.76;-0.35;-0.00;0.00;-0.50;396;2;1;2;-0.06;-0.28;-0.27;0.00;0.00;0.00;-0.00;0.01;0.95;-0.35;0.00;0.00;-0.50;0.022;1.05;2.14;-1000.00;-1000.00
219.175;109;0.94;-0.30;1.19;0.76;-0.35;-0.00;0.00;-0.50;396;2;1;2;-0.06;-0.29;-0.28;-0.00;-0.00;0.00;-0.00;0.01;0.94;-0.35;-0.00;0.00;-0.50;0.022;1.05;2.14;-1000.00;-1000.00
219.295;123;0.90;-0.30;1.24;0.65;-0.35;0.00;-0.00;0.37;210;0;1;7;-0.05;-0.30;-0.30;-0.00;-0.00;0.00;0.00;0.00;0.91;-0.35;-0.00;0.00;-0.50;0.044;1.05;2.14;-1000.00;-1000.00
219.375;131;0.88;-0.30;1.26;1.03;-0.30;24.90;0.79;0.50;210;1;1;7;-0.05;-0.30;-0.30;0.00;-0.00;0.00;-0.00;0.00;0.89;-0.34;8.71;0.51;0.45;0.033;1.05;2.14;-1000.00;-1000.00
219.475;142;0.86;-0.30;0.92;1.03;-0.30;24.90;0.79;0.50;210;1;1;7;-0.05;-0.30;0.00;0.00;-0.00;0.00;0.01;-0.05;0.87;-0.34;7.48;0.48;0.45;0.033;1.05;2.14;-1000.00;-1000.00
219.575;150;0.86;-0.30;0.73;1.03;-0.30;24.90;0.79;0.50;210;1;1;7;-0.05;-0.30;0.01;-0.00;0.00;-0.00;0.00;-0.03;0.86;-0.34;6.37;0.44;0.44;0.032;1.05;2.14;-1000.00;-1000.00
219.675;161;0.86;-0.30;0.60;1.03;-0.30;24.90;0.79;0.50;210;1;1;7;-0.05;-0.30;0.00;0.00;-0.00;-0.00;-0.00;-0.02;0.86;-0.34;6.37;0.44;0.44;0.037;1.05;2.14;-1000.00;-1000.00
219.765;170;0.86;-0.30;0.52;1.03;-0.30;24.90;0.79;0.50;210;1;1;7;-0.05;-0.30;0.00;0.00;-0.00;-0.00;-0.00;-0.01;0.86;-0.34;6.37;0.44;0.44;0.021;1.05;2.14;-1000.00;-1000.00
219.895;182;0.86;-0.30;0.46;1.03;-0.30;24.90;0.79;0.50;210;1;1;7;-0.05;-0.30;-0.00;-0.00;0.00;-0.00;0.01;-0.00;0.86;-0.34;6.37;0.44;0.44;0.036;1.05;2.14;-1000.00;-1000.00
219.965;189;0.86;-0.30;0.42;1.03;-0.30;24.90;0.79;0.50;210;1;1;7;-0.05;-0.30;-0.00;-0.00;-0.00;-0.01;-0.01;-0.01;0.86;-0.34;6.37;0.44;0.44;0.018;1.05;2.14;-1000.00;-1000.00
220.075;199;0.86;-0.30;0.42;1.03;-0.30;24.90;0.79;0.50;210;1;1;7;-0.05;-0.30;-0.00;-0.00;-0.00;-0.01;-0.00;0.01;0.86;-0.34;6.37;0.44;0.44;0.032;1.05;2.14;-1000.00;-1000.00
220.155;208;0.86;-0.30;0.41;1.03;-0.30;24.90;0.79;0.50;210;1;1;7;-0.05;-0.30;-0.00;-0.00;0.00;0.00;0.02;0.00;0.86;-0.34;6.37;0.44;0.44;0.014;1.05;2.14;-1000.00;-1000.00
220.285;222;0.86;-0.30;0.41;1.03;-0.30;24.90;0.79;0.50;210;1;1;7;-0.05;-0.30;-0.00;0.00;0.00;0.01;0.01;0.01;0.86;-0.34;6.37;0.44;0.44;0.038;1.05;2.14;-1000.00;-1000.00
220.365;232;0.86;-0.30;0.41;1.03;-0.30;24.90;0.79;0.50;210;1;1;7;-0.05;-0.30;0.00;0.00;-0.00;-0.01;-0.02;-0.01;0.86;-0.34;6.37;0.44;0.44;0.027;1.05;2.14;-1000.00;-1000.00
220.465;241;0.86;-0.30;0.43;1.03;-0.30;24.90;0.79;0.50;210;1;1;7;-0.05;-0.30;-0.00;-0.00;0.00;0.00;0.02;0.00;0.86;-0.34;6.37;0.44;0.44;0.024;1.05;2.14;-1000.00;-1000.00
220.585;250;0.86;-0.30;0.43;1.03;-0.30;24.90;0.79;0.50;210;1;1;7;-0.05;-0.30;-0.00;0.00;-0.00;-0.01;-0.01;-0.00;0.86;-0.34;6.37;0.44;0.44;0.036;1.05;2.14;-1000.00;-1000.00
220.665;260;0.86;-0.30;0.45;1.03;-0.30;24.90;0.79;0.50;210;1;1;7;-0.05;-0.30;0.00;0.00;-0.00;-0.01;-0.02;-0.01;0.86;-0.34;6.37;0.44;0.44;0.020;1.05;2.14;-1000.00;-1000.00
220.755;269;0.86;-0.30;0.47;1.03;-0.30;24.90;0.79;0.50;210;1;1;7;-0.05;-0.30;-0.00;-0.00;0.00;0.01;0.01;0.01;0.86;-0.34;6.37;0.44;0.44;0.014;1.05;2.14;-1000.00;-1000.00
220.875;279;0.86;-0.30;0.48;1.03;-0.30;24.90;0.79;0.50;210;1;1;7;-0.05;-0.30;-0.00;-0.00;0.00;0.01;0.01;0.01;0.86;-0.34;6.37;0.44;0.44;0.029;1.05;2.14;-1000.00;-1000.00
220.965;287;0.86;-0.30;0.50;1.03;-0.30;24.90;0.79;0.50;210;1;1;7;-0.05;-0.30;-0.00;-0.00;0.00;0.00;0.02;0.00;0.86;-0.34;6.37;0.44;0.44;0.015;1.05;2.14;-1000.00;-1000.00
221.085;302;0.86;-0.30;0.51;1.03;-0.30;24.90;0.79;0.50;210;1;1;7;-0.05;-0.30;0.00;0.00;-0.00;-0.01;-0.02;-0.01;0.86;-0.34;6.37;0.44;0.44;0.042;1.05;2.14;-1000.00;-1000.00
221.165;309;0.86;-0.30;0.53;1.03;-0.30;24.90;0.79;0.50;210;1;1;7;-0.05;-0.30;-0.00;-0.00;0.00;0.01;0.00;0.01;0.86;-0.34;6.37;0.44;0.44;0.021;1.05;2.14;-1000.00;-1000.00
221.275;322;0.86;-0.30;0.54;1.03;-0.30;24.90;0.79;0.50;210;1;1;7;0.65;-0.26;-0.00;0.00;-0.00;-0.01;-0.01;-0.00;0.86;-0.34;6.37;0.44;0.44;0.029;1.05;2.14;-1000.00;-1000.00
221.365;330;0.85;-0.30;-1.08;1.03;-0.30;24.90;0.79;0.50;210;1;1;7;0.69;-0.22;-0.23;0.02;0.00;-0.08;0.13;-0.71;0.86;-0.34;6.37;0.44;0.44;0.022;1.05;2.14;-1000.00;-1000.00
221.465;340;0.82;-0.30;-4.61;1.03;-0.30;24.90;0.79;0.50;210;1;1;7;0.73;-0.18;-0.22;0.01;-0.01;0.05;-0.09;-0.52;0.84;-0.35;5.36;0.41;0.44;0.019;1.05;2.14;-1000.00;-1000.00
221.585;354;0.80;-0.30;-7.44;1.03;-0.30;24.90;0.79;0.50;210;1;1;7;0.72;-0.14;-0.18;0.01;-0.01;-0.00;0.02;-0.28;0.81;-0.35;3.66;0.35;0.43;0.037;1.05;2.14;-1000.00;-1000.00
221.665;359;0.79;-0.30;-7.94;1.03;-0.30;24.90;0.79;0.50;210;1;1;7;0.70;-0.10;-0.15;0.01;-0.01;-0.01;0.02;-0.09;0.79;-0.35;2.95;0.32;0.42;0.015;1.05;2.14;-1000.00;-1000.00
221.765;368;0.78;-0.29;-8.10;1.03;-0.30;24.90;0.79;0.50;210;1;1;7;0.66;-0.07;-0.09;0.01;-0.01;0.03;-0.08;0.00;0.78;-0.35;2.32;0.29;0.42;0.019;1.05;2.13;-1000.00;-1000.00
221.865;377;0.77;-0.29;-7.73;1.03;-0.30;24.90;0.79;0.50;210;1;1;7;0.63;-0.04;-0.08;-0.00;-0.01;-0.02;0.06;0.17;0.78;-0.35;2.32;0.29;0.42;0.015;1.05;2.13;-1000.00;-1000.00
221.985;392;0.76;-0.29;-6.42;1.03;-0.30;24.90;0.79;0.50;210;1;1;7;0.54;-0.01;-0.03;-0.00;-0.01;0.01;-0.02;0.15;0.76;-0.35;1.79;0.25;0.41;0.040;1.05;2.13;-1000.00;-1000.00
222.085;400;0.76;-0.29;-5.71;1.03;-0.30;24.90;0.79;0.50;210;1;1;7;0.51;0.02;-0.02;-0.00;-0.01;-0.01;0.02;0.22;0.76;-0.35;1.79;0.25;0.41;0.037;1.05;2.13;-1000.00;-1000.00
222.165;411;0.76;-0.29;-4.49;1.03;-0.30;24.90;0.79;0.50;210;1;1;7;0.47;0.04;0.01;0.00;-0.01;-0.03;0.07;0.22;0.76;-0.35;1.79;0.25;0.41;0.021;1.05;2.13;-1000.00;-1000.00
222.275;419;0.76;-0.29;-3.72;1.03;-0.30;24.90;0.79;0.50;210;1;1;7;0.44;0.06;0.04;-0.01;-0.00;0.02;-0.03;0.16;0.76;-0.35;1.79;0.25;0.41;0.029;1.05;2.13;-1000.00;-1000.00
222.375;433;0.77;-0.29;-2.64;1.03;-0.30;24.90;0.79;0.50;210;1;1;7;0.42;0.08;0.07;0.00;-0.00;-0.00;0.01;0.12;0.76;-0.35;1.79;0.25;0.41;0.034;1.05;2.13;-1000.00;-1000.00
222.465;438;0.78;-0.29;-2.29;1.03;-0.30;24.90;0.79;0.50;210;1;1;7;0.43;0.10;0.08;0.00;-0.00;-0.01;-0.01;0.11;0.78;-0.35;2.32;0.29;0.42;0.021;1.05;2.13;-1000.00;-1000.00
222.575;451;0.79;-0.29;-1.43;1.03;-0.30;24.90;0.79;0.50;210;1;1;7;0.43;0.12;0.10;-0.00;-0.00;0.00;0.02;0.13;0.78;-0.35;2.32;0.29;0.42;0.032;1.05;2.13;-1000.00;-1000.00
222.685;462;0.80;-0.30;-0.83;1.03;-0.30;24.90;0.79;0.50;210;1;1;7;0.46;0.13;0.12;-0.01;-0.00;-0.02;-0.02;0.09;0.79;-0.35;2.95;0.32;0.42;0.039;1.05;2.13;-1000.00;-1000.00
222.765;470;0.81;-0.30;-0.39;1.03;-0.30;24.90;0.79;0.50;210;1;1;7;0.49;0.15;0.14;-0.00;-0.01;-0.01;-0.02;0.12;0.81;-0.35;3.66;0.35;0.43;0.022;1.05;2.13;-1000.00;-1000.00
222.875;481;0.83;-0.30;0.41;1.03;-0.30;24.90;0.79;0.50;210;1;1;7;0.52;0.17;0.15;0.00;-0.01;0.02;0.03;0.13;0.83;-0.35;4.46;0.38;0.43;0.031;1.05;2.13;-1000.00;-1000.00
222.965;489;0.84;-0.30;1.09;1.03;-0.30;24.90;0.79;0.50;210;1;1;7;0.55;0.18;0.17;-0.00;-0.01;-0.03;-0.06;0.19;0.84;-0.35;5.36;0.41;0.44;0.020;1.05;2.13;-1000.00;-1000.00
223.065;498;0.86;-0.29;1.99;1.03;-0.30;24.90;0.79;0.50;210;1;1;7;0.59;0.20;0.19;-0.00;-0.01;-0.04;-0.07;0.22;0.86;-0.34;6.37;0.44;0.44;0.023;1.05;2.13;-1000.00;-1000.00
223.155;509;0.88;-0.29;3.29;1.03;-0.30;24.90;0.79;0.50;210;1;1;7;0.67;0.22;0.20;0.00;-0.01;0.01;0.02;0.21;0.89;-0.34;8.71;0.51;0.45;0.015;1.05;2.13;-1000.00;-1000.00
223.275;521;0.90;-0.29;5.27;1.27;0.06;86.23;0.79;0.50;210;2;1;7;0.70;0.23;0.22;-0.04;-0.06;0.13;-0.15;0.39;0.91;-0.34;10.05;0.54;0.46;0.035;1.05;2.13;-1000.00;-1000.00
223.365;532;0.93;-0.29;7.87;1.27;0.06;86.23;0.79;0.50;210;2;1;7;0.79;0.24;0.23;-0.07;-0.01;-0.02;-0.06;0.49;0.92;-0.33;11.51;0.57;0.46;0.022;1.05;2.13;-1000.00;-1000.00
223.465;540;0.95;-0.30;10.40;1.27;0.06;86.23;0.79;0.50;210;2;1;7;0.79;0.25;0.24;-0.08;-0.01;-0.01;-0.06;0.66;0.94;-0.33;13.10;0.60;0.47;0.024;1.05;2.13;-1000.00;-1000.00
223.555;551;0.97;-0.30;14.27;1.27;0.06;86.23;0.79;0.50;210;2;1;7;0.79;0.26;0.26;-0.06;-0.01;-0.05;-0.06;0.64;0.97;-0.32;16.67;0.67;0.48;0.012;1.05;2.13;-1000.00;-1000.00
223.655;559;0.99;-0.30;17.05;1.27;0.06;86.23;0.79;0.50;210;2;1;7;0.79;0.28;0.24;-0.03;-0.00;0.03;0.20;0.51;1.00;-0.31;20.80;0.73;0.49;0.010;1.05;2.13;-1000.00;-1000.00
223.775;570;1.02;-0.30;21.15;1.27;0.06;86.23;0.79;0.50;210;2;1;7;0.79;0.29;0.25;-0.07;-0.01;-0.00;0.05;0.60;1.02;-0.30;23.09;0.76;0.50;0.023;1.05;2.13;-1000.00;-1000.00
223.875;578;1.04;-0.29;23.97;1.27;0.06;86.23;0.79;0.50;210;2;1;7;0.79;0.30;0.24;-0.09;-0.05;0.19;0.09;0.62;1.04;-0.29;25.52;0.79;0.50;0.024;1.05;2.13;-1000.00;-1000.00
223.955;589;1.07;-0.29;28.29;1.27;0.06;86.23;0.79;0.50;210;2;1;7;0.79;0.31;0.26;-0.07;-0.01;0.00;0.12;0.65;1.07;-0.28;30.48;0.79;0.50;0.010;1.05;2.13;-1000.00;-1000.00
224.065;602;1.11;-0.28;33.87;1.27;0.06;86.23;0.79;0.50;210;2;1;7;0.79;0.32;0.29;-0.11;-0.01;0.02;-0.15;0.82;1.08;-0.27;32.96;0.79;0.50;0.018;1.05;2.13;-1000.00;-1000.00
224.165;612;1.14;-0.27;38.22;1.27;0.06;86.23;0.79;0.50;210;2;1;7;0.71;0.33;0.29;-0.11;-0.01;0.01;-0.12;0.82;1.10;-0.26;35.43;0.79;0.50;0.019;1.05;2.13;-1000.00;-1000.00
224.255;617;1.15;-0.27;40.32;1.27;0.06;86.23;0.79;0.50;210;2;1;7;0.76;0.34;0.29;-0.07;-0.01;-0.02;0.06;0.63;1.13;-0.24;40.39;0.79;0.50;0.012;1.05;2.13;-1000.00;-1000.00
224.355;632;1.19;-0.24;46.46;1.27;0.06;86.23;0.79;0.50;210;2;1;7;0.69;0.34;0.29;-0.09;-0.01;-0.02;0.02;0.77;1.14;-0.22;42.87;0.79;0.50;0.023;1.05;2.13;-1000.00;-1000.00
224.455;640;1.21;-0.23;49.45;1.27;0.06;86.23;0.79;0.50;210;2;1;7;0.73;0.35;0.30;-0.07;-0.01;-0.04;0.08;0.56;1.17;-0.20;47.82;0.79;0.50;0.017;1.05;2.13;-1000.00;-1000.00
224.565;651;1.24;-0.21;53.76;1.27;0.06;86.23;0.79;0.50;210;2;1;7;0.75;0.36;0.29;-0.07;-0.01;-0.07;0.14;0.65;1.19;-0.17;52.78;0.79;0.50;0.020;1.05;2.13;-1000.00;-1000.00
224.665;659;1.26;-0.19;57.31;1.27;0.06;86.23;0.79;0.50;210;2;1;7;0.73;0.37;0.31;-0.09;-0.01;0.00;-0.04;0.81;1.20;-0.15;55.26;0.79;0.50;0.019;1.05;2.13;-1000.00;-1000.00
224.765;668;1.28;-0.17;61.24;1.27;0.06;86.23;0.79;0.50;210;2;1;7;0.70;0.37;0.31;-0.09;-0.01;0.02;-0.04;0.74;1.21;-0.14;57.73;0.79;0.50;0.020;1.05;2.13;-1000.00;-1000.00
224.855;679;1.30;-0.15;65.72;1.27;0.06;86.23;0.79;0.50;210;2;1;7;0.71;0.38;0.31;-0.07;-0.00;0.00;-0.02;0.65;1.23;-0.11;62.69;0.79;0.50;0.010;1.05;2.13;-1000.00;-1000.00
224.965;691;1.32;-0.11;70.34;1.27;0.06;86.23;0.79;0.50;210;2;1;7;0.69;0.38;0.31;-0.07;-0.00;0.00;-0.01;0.67;1.24;-0.09;65.17;0.79;0.50;0.023;1.05;2.13;-1000.00;-1000.00
225.065;698;1.34;-0.09;72.92;1.27;0.06;86.23;0.79;0.50;210;2;1;7;0.74;0.38;0.32;-0.06;0.00;-0.01;-0.01;0.61;1.25;-0.06;70.12;0.79;0.50;0.019;1.05;2.13;-1000.00;-1000.00
225.165;709;1.35;-0.06;77.73;1.27;0.06;86.23;0.79;0.50;210;2;1;7;0.70;0.38;0.32;-0.06;0.00;-0.10;0.09;0.81;1.26;-0.04;72.60;0.79;0.50;0.015;1.05;2.13;-1000.00;-1000.00
225.265;719;1.37;-0.03;82.96;1.27;0.06;86.23;0.79;0.50;210;2;1;7;0.64;0.38;0.35;-0.08;0.00;-0.06;0.03;0.84;1.26;-0.02;75.08;0.79;0.50;0.020;1.05;2.13;-1000.00;-1000.00
225.345;729;1.38;0.00;87.78;1.09;0.44;144.20;0.73;0.50;210;3;1;7;0.71;0.38;0.37;-0.10;0.00;-0.08;0.04;0.78;1.27;0.03;82.51;0.79;0.50;0.010;1.05;2.13;-1000.00;-1000.00
225.445;739;1.39;0.04;93.16;1.09;0.44;144.20;0.73;0.50;210;3;1;7;0.35;0.38;0.37;-0.12;-0.00;-0.03;0.00;1.00;1.27;0.05;84.99;0.79;0.50;0.005;1.05;2.13;-1000.00;-1000.00
225.545;747;1.40;0.07;96.48;1.09;0.44;144.20;0.73;0.50;210;3;1;7;0.35;0.39;0.37;-0.11;-0.01;0.11;-0.04;0.35;1.27;0.07;87.47;0.78;0.50;0.006;1.05;2.13;-1000.00;-1000.00
225.645;757;1.40;0.11;97.65;1.09;0.44;144.20;0.73;0.50;210;3;1;7;0.52;0.40;0.39;0.02;-0.00;-0.07;0.01;0.14;1.27;0.10;92.39;0.78;0.50;0.005;1.05;2.13;-1000.00;-1000.00
225.765;771;1.40;0.16;100.89;1.09;0.44;144.20;0.73;0.50;210;3;1;7;0.65;0.40;0.38;-0.05;-0.01;-0.06;0.03;0.49;1.27;0.14;97.26;0.78;0.50;0.019;1.05;2.13;-1000.00;-1000.00
225.865;780;1.39;0.20;104.40;1.09;0.44;144.20;0.73;0.50;210;3;1;7;0.65;0.41;0.41;-0.08;-0.00;0.06;-0.05;0.84;1.27;0.16;99.69;0.77;0.50;0.016;1.05;2.13;-1000.00;-1000.00
225.955;790;1.39;0.24;109.01;1.09;0.44;144.20;0.73;0.50;210;3;1;7;0.67;0.41;0.38;-0.10;-0.01;-0.02;0.00;0.77;1.26;0.19;104.50;0.77;0.50;0.020;1.05;2.13;-1000.00;-1000.00
226.055;798;1.39;0.27;112.61;1.09;0.44;144.20;0.73;0.50;210;3;1;7;0.70;0.42;0.39;-0.13;-0.03;0.20;0.02;0.93;1.25;0.23;109.26;0.76;0.50;0.014;1.05;2.13;-1000.00;-1000.00
226.155;809;1.38;0.31;117.94;1.09;0.44;144.20;0.73;0.50;210;3;1;7;0.70;0.42;0.40;-0.13;-0.01;0.16;0.01;0.96;1.24;0.26;113.98;0.76;0.50;0.006;1.05;2.13;-1000.00;-1000.00
226.245;817;1.37;0.34;121.87;1.09;0.44;144.20;0.73;0.50;210;3;1;7;0.67;0.43;0.37;-0.10;-0.01;-0.11;-0.02;0.80;1.23;0.28;116.33;0.76;0.50;0.004;1.05;2.13;-1000.00;-1000.00
226.355;828;1.36;0.38;127.10;1.09;0.44;144.20;0.73;0.50;210;3;1;7;0.67;0.43;0.36;-0.11;-0.06;-0.16;0.16;0.73;1.21;0.31;120.99;0.75;0.50;0.008;1.05;2.13;-1000.00;-1000.00
226.455;840;1.34;0.42;132.10;1.09;0.44;144.20;0.73;0.50;210;3;1;7;0.64;0.42;0.37;-0.08;-0.01;-0.18;-0.04;0.71;1.20;0.32;123.30;0.75;0.50;0.009;1.05;2.13;-1000.00;-1000.00
226.545;846;1.32;0.45;135.12;1.09;0.44;144.20;0.73;0.50;210;3;1;7;0.63;0.42;0.40;-0.09;-0.01;0.09;-0.00;0.71;1.19;0.34;125.60;0.75;0.50;0.004;1.05;2.13;-1000.00;-1000.00
226.665;860;1.29;0.49;140.37;1.09;0.44;144.20;0.73;0.50;210;3;1;7;0.66;0.41;0.39;-0.07;-0.01;0.04;0.00;0.66;1.17;0.37;130.18;0.74;0.50;0.017;1.05;2.13;-1000.00;-1000.00
226.745;867;1.27;0.51;142.94;1.09;0.44;144.20;0.73;0.50;210;3;1;7;0.71;0.41;0.37;-0.09;-0.01;0.04;0.01;0.69;1.15;0.39;134.71;0.74;0.50;0.005;1.05;2.13;-1000.00;-1000.00
226.855;880;1.24;0.55;148.37;1.09;0.44;144.20;0.73;0.50;210;3;1;7;0.66;0.39;0.35;-0.10;-0.01;0.04;0.01;0.80;1.13;0.41;136.96;0.74;0.50;0.016;1.05;2.13;-1000.00;-1000.00
226.955;891;1.21;0.57;152.58;1.09;0.44;144.20;0.73;0.50;210;3;1;7;0.66;0.38;0.35;-0.07;-0.01;0.03;0.01;0.60;1.10;0.43;141.43;0.73;0.50;0.013;1.05;2.13;-1000.00;-1000.00
227.065;900;1.19;0.59;155.56;1.09;0.44;144.20;0.73;0.50;210;3;1;7;0.66;0.37;0.34;-0.06;-0.01;0.03;0.01;0.56;1.09;0.44;143.65;0.73;0.50;0.021;1.05;2.13;-1000.00;-1000.00
227.155;910;1.16;0.61;158.66;1.09;0.44;144.20;0.73;0.50;210;3;1;7;0.63;0.36;0.33;-0.05;-0.00;0.03;-0.00;0.49;1.08;0.45;145.84;0.72;0.50;0.010;1.05;2.13;-1000.00;-1000.00
227.245;918;1.13;0.62;160.97;1.09;0.44;144.20;0.73;0.50;210;3;1;7;0.66;0.35;0.33;-0.09;-0.01;0.09;0.09;0.60;1.05;0.47;150.01;0.68;0.50;0.014;1.05;2.13;-1000.00;-1000.00
227.355;928;1.10;0.64;164.49;1.09;0.44;144.20;0.73;0.50;210;3;1;7;0.60;0.33;0.33;-0.05;-0.00;-0.08;-0.07;0.62;1.03;0.48;151.99;0.66;0.50;0.006;1.05;2.13;-1000.00;-1000.00
227.455;938;1.07;0.65;168.28;1.09;0.44;144.20;0.73;0.50;210;3;1;7;0.56;0.32;0.34;-0.10;-0.01;0.07;0.10;0.71;1.00;0.50;155.74;0.63;0.50;0.006;1.05;2.13;-1000.00;-1000.00
227.555;947;1.04;0.66;171.33;1.09;0.44;144.20;0.73;0.50;210;3;1;7;0.51;0.30;0.32;-0.05;-0.00;-0.09;-0.09;0.46;0.98;0.50;157.52;0.61;0.50;0.009;1.05;2.13;-1000.00;-1000.00
227.655;958;1.01;0.67;174.43;1.09;0.44;144.20;0.73;0.50;210;3;1;7;0.48;0.29;0.31;-0.07;-0.01;0.03;0.04;0.44;0.95;0.52;160.88;0.58;0.50;0.009;1.05;2.13;-1000.00;-1000.00
227.765;971;0.97;0.68;177.26;1.09;0.44;144.20;0.73;0.50;210;3;1;7;0.44;0.28;0.29;-0.07;-0.01;0.07;0.12;0.42;0.93;0.52;162.46;0.56;0.50;0.022;1.05;2.13;-1000.00;-1000.00
227.845;979;0.95;0.69;178.50;1.09;0.44;144.20;0.73;0.50;210;3;1;7;0.43;0.26;0.27;-0.06;-0.01;0.08;0.11;0.32;0.91;0.53;163.98;0.54;0.50;0.006;1.05;2.13;-1000.00;-1000.00
227.965;989;0.92;0.69;180.05;1.09;0.44;144.20;0.73;0.50;210;3;1;7;0.43;0.25;0.25;-0.04;-0.01;-0.00;-0.00;0.24;0.88;0.54;166.84;0.51;0.50;0.015;1.05;2.13;-1000.00;-1000.00
228.045;998;0.90;0.69;181.07;1.09;0.44;144.20;0.73;0.50;210;3;1;7;0.42;0.24;0.27;-0.00;-0.01;0.06;0.08;0.18;0.86;0.54;168.18;0.49;0.50;0.005;1.05;2.13;-1000.00;-1000.00
228.145;1009;0.87;0.69;181.79;1.09;0.44;144.20;0.73;0.50;210;3;1;7;0.41;0.23;0.25;0.00;-0.01;0.03;0.05;0.10;0.84;0.54;169.47;0.47;0.50;0.005;1.05;2.13;-1000.00;-1000.00
228.255;1017;0.85;0.69;182.11;1.09;0.44;144.20;0.73;0.50;210;3;1;7;0.42;0.22;0.24;-0.00;-0.01;0.03;0.05;0.09;0.82;0.55;170.70;0.45;0.50;0.010;1.05;2.13;-1000.00;-1000.00
228.355;1028;0.83;0.69;182.46;1.09;0.44;144.20;0.73;0.50;210;3;1;7;0.43;0.21;0.23;-0.00;-0.01;0.03;0.04;0.07;0.81;0.55;171.87;0.44;0.50;0.009;1.05;2.13;-1000.00;-1000.00
228.515;1046;0.79;0.69;182.86;0.51;0.56;171.38;-0.63;0.50;482;1;1;4;0.44;0.20;0.22;0.00;-0.01;0.02;0.04;0.06;0.79;0.55;172.99;0.42;0.50;0.063;1.05;2.13;-1000.00;-1000.00
228.575;1052;0.78;0.69;182.98;0.25;0.65;154.12;-0.22;0.50;482;2;1;4;0.34;0.21;0.22;0.00;-0.01;0.02;0.04;0.05;0.65;0.55;180.00;-0.08;0.06;0.032;1.05;2.13;-1000.00;-1000.00
228.645;1056;0.77;0.69;183.00;0.25;0.65;154.12;-0.22;0.50;482;2;1;4;0.16;0.20;0.22;0.00;-0.01;0.02;0.03;-0.01;0.65;0.55;180.00;-0.08;0.06;0.008;1.05;2.13;-1000.00;-1000.00
228.765;1071;0.74;0.68;182.10;0.25;0.65;154.12;-0.22;0.50;482;2;1;4;0.16;0.19;0.21;0.01;-0.01;0.03;0.04;-0.11;0.65;0.55;180.00;-0.08;0.06;0.025;1.05;2.13;-1000.00;-1000.00
228.865;1080;0.72;0.68;181.56;0.25;0.65;154.12;-0.22;0.50;482;2;1;4;0.17;0.18;0.20;0.00;-0.01;0.02;0.04;-0.08;0.65;0.55;180.00;-0.08;0.06;0.021;1.05;2.13;-1000.00;-1000.00
228.965;1090;0.70;0.68;181.08;0.25;0.65;154.12;-0.22;0.50;482;2;1;4;0.17;0.17;0.19;0.00;-0.01;0.03;0.04;-0.05;0.65;0.55;180.00;-0.08;0.06;0.022;1.05;2.13;-1000.00;-1000.00
229.055;1099;0.68;0.68;180.83;0.25;0.65;154.12;-0.22;0.50;482;2;1;4;0.16;0.16;0.18;0.00;-0.01;0.02;0.02;-0.04;0.65;0.55;180.00;-0.08;0.06;0.008;1.05;2.13;-1000.00;-1000.00
229.165;1109;0.67;0.68;180.59;0.25;0.65;154.12;-0.22;0.50;482;2;1;4;0.16;0.14;0.16;0.00;-0.01;0.02;0.02;-0.03;0.65;0.55;180.00;-0.08;0.06;0.016;1.05;2.13;-1000.00;-1000.00
229.265;1117;0.65;0.68;180.43;0.25;0.65;154.12;-0.22;0.50;482;2;1;4;0.15;0.13;0.15;0.00;-0.01;0.02;0.01;-0.04;0.65;0.55;180.00;-0.08;0.06;0.011;1.05;2.13;-1000.00;-1000.00
229.365;1130;0.64;0.68;180.20;0.25;0.65;154.12;-0.22;0.50;482;2;1;4;0.14;0.11;0.13;0.00;-0.01;0.02;0.01;-0.03;0.65;0.55;180.00;-0.08;0.06;0.020;1.05;2.13;-1000.00;-1000.00
229.445;1138;0.63;0.68;180.06;0.25;0.65;154.12;-0.22;0.50;482;2;1;4;-0.04;0.11;0.12;0.00;-0.00;0.02;0.01;-0.03;0.63;0.55;179.57;-0.25;0.20;0.008;1.05;2.13;-1000.00;-1000.00
229.565;1149;0.61;0.68;179.55;0.25;0.65;154.12;-0.22;0.50;482;2;1;4;-0.12;0.10;0.10;-0.01;-0.00;-0.01;-0.04;-0.14;0.61;0.55;178.94;-0.33;0.26;0.022;1.05;2.13;-1000.00;-1000.00
229.675;1162;0.60;0.68;178.82;0.25;0.65;154.12;-0.22;0.50;482;2;1;4;-0.17;0.10;0.10;-0.00;0.00;-0.00;-0.01;-0.06;0.60;0.55;178.29;-0.38;0.30;0.028;1.05;2.13;-1000.00;-1000.00
229.755;1170;0.59;0.68;178.51;0.25;0.65;154.12;-0.22;0.50;482;2;1;4;-0.24;0.10;0.10;-0.00;-0.00;0.00;-0.00;-0.07;0.58;0.55;177.42;-0.43;0.34;0.015;1.05;2.13;-1000.00;-1000.00
229.855;1181;0.58;0.68;178.02;0.25;0.65;154.12;-0.22;0.50;482;2;1;4;-0.31;0.11;0.10;-0.00;-0.00;-0.00;-0.00;-0.08;0.57;0.55;176.30;-0.48;0.38;0.011;1.05;2.13;-1000.00;-1000.00
229.975;1189;0.57;0.68;177.61;0.25;0.65;154.12;-0.22;0.50;482;2;1;4;-0.35;0.11;0.11;-0.00;-0.00;-0.00;-0.02;-0.10;0.56;0.55;175.63;-0.51;0.40;0.030;1.05;2.13;-1000.00;-1000.00
230.055;1200;0.56;0.68;177.09;0.25;0.65;154.12;-0.22;0.50;482;2;1;4;-0.45;0.12;0.12;0.01;-0.00;-0.01;0.01;-0.07;0.54;0.55;174.07;-0.56;0.44;0.010;1.05;2.13;-1000.00;-1000.00
230.165;1208;0.55;0.68;176.62;0.25;0.65;154.12;-0.22;0.50;482;2;1;4;-0.50;0.13;0.13;0.01;-0.00;-0.01;0.02;-0.12;0.53;0.56;173.17;-0.58;0.46;0.022;1.05;2.13;-1000.00;-1000.00
230.265;1219;0.54;0.68;175.89;0.25;0.65;154.12;-0.22;0.50;482;2;1;4;-0.54;0.14;0.14;0.00;-0.01;-0.01;0.03;-0.13;0.52;0.56;172.18;-0.61;0.48;0.010;1.05;2.13;-1000.00;-1000.00
230.365;1230;0.52;0.68;175.09;0.25;0.65;154.12;-0.22;0.50;482;2;1;4;-0.60;0.15;0.15;0.00;-0.01;-0.03;0.06;-0.16;0.50;0.56;170.03;-0.61;0.50;0.019;1.04;2.13;-1000.00;-1000.00
230.475;1242;0.50;0.68;173.94;0.25;0.65;154.12;-0.22;0.50;482;2;1;4;-0.58;0.16;0.15;-0.01;-0.01;0.03;-0.06;-0.17;0.49;0.56;168.99;-0.59;0.50;0.028;1.04;2.13;-1000.00;-1000.00
230.575;1250;0.49;0.69;173.19;0.01;0.77;155.85;0.31;0.50;482;3;1;4;-0.61;0.18;0.17;-0.00;-0.01;-0.03;0.06;-0.18;0.47;0.57;167.02;-0.56;0.50;0.023;1.04;2.13;-1000.00;-1000.00
230.655;1259;0.47;0.69;172.34;0.01;0.77;155.85;0.31;0.50;482;3;1;4;-0.54;0.18;0.18;-0.00;-0.01;0.01;-0.04;-0.16;0.44;0.57;165.18;-0.52;0.50;0.009;1.04;2.13;-1000.00;-1000.00
230.745;1269;0.46;0.69;171.62;0.01;0.77;155.85;0.31;0.50;482;3;1;4;-0.56;0.19;0.20;0.00;-0.01;-0.05;0.09;-0.12;0.42;0.58;163.48;-0.49;0.50;0.007;1.04;2.13;-1000.00;-1000.00
230.855;1279;0.44;0.69;171.04;0.01;0.77;155.85;0.31;0.50;482;3;1;4;-0.58;0.19;0.19;-0.00;-0.01;0.01;-0.04;-0.09;0.40;0.59;161.91;-0.46;0.50;0.005;1.04;2.13;-1000.00;-1000.00
230.955;1290;0.41;0.70;170.15;0.01;0.77;155.85;0.31;0.50;482;3;1;4;-0.58;0.20;0.19;0.04;-0.01;-0.03;0.06;-0.20;0.38;0.59;160.47;-0.43;0.50;0.009;1.04;2.13;-1000.00;-1000.00
231.045;1298;0.40;0.70;169.38;0.01;0.77;155.85;0.31;0.50;482;3;1;4;-0.59;0.21;0.21;0.01;-0.01;-0.02;0.06;-0.20;0.36;0.60;159.15;-0.39;0.50;0.004;1.04;2.13;-1000.00;-1000.00
231.155;1309;0.38;0.70;168.38;0.01;0.77;155.85;0.31;0.50;482;3;1;4;-0.57;0.21;0.21;-0.01;-0.01;-0.01;-0.01;-0.14;0.34;0.61;157.96;-0.36;0.50;0.014;1.04;2.13;-1000.00;-1000.00
231.255;1317;0.36;0.71;167.77;0.01;0.77;155.85;0.31;0.50;482;3;1;4;-0.57;0.22;0.22;-0.00;-0.01;-0.02;0.04;-0.14;0.32;0.62;156.88;-0.33;0.50;0.013;1.04;2.13;-1000.00;-1000.00
231.365;1331;0.33;0.72;166.86;0.01;0.77;155.85;0.31;0.50;482;3;1;4;-0.54;0.22;0.23;-0.01;-0.00;-0.01;0.02;-0.12;0.30;0.63;155.91;-0.29;0.50;0.019;1.04;2.13;-1000.00;-1000.00
231.445;1336;0.32;0.72;166.59;0.01;0.77;155.85;0.31;0.50;482;3;1;4;-0.55;0.23;0.23;-0.01;-0.00;-0.01;0.02;-0.09;0.28;0.64;155.05;-0.26;0.50;0.004;1.04;2.13;-1000.00;-1000.00
231.555;1350;0.29;0.73;165.86;0.01;0.77;155.85;0.31;0.50;482;3;1;4;-0.52;0.24;0.24;-0.01;-0.00;-0.01;0.02;-0.11;0.25;0.65;153.96;-0.21;0.50;0.009;1.04;2.13;-1000.00;-1000.00
231.655;1360;0.26;0.73;165.37;0.01;0.77;155.85;0.31;0.50;482;3;1;4;-0.49;0.24;0.25;0.05;-0.03;0.04;0.25;-0.20;0.23;0.66;153.38;-0.17;0.50;0.007;1.04;2.13;-1000.00;-1000.00
231.745;1369;0.24;0.73;164.96;0.01;0.77;155.85;0.31;0.50;482;3;1;4;-0.47;0.25;0.24;0.02;-0.01;0.07;-0.21;-0.05;0.21;0.67;152.93;-0.12;0.50;0.005;1.05;2.12;-1000.00;-1000.00
231.855;1379;0.22;0.74;163.97;0.01;0.77;155.85;0.31;0.50;482;3;1;4;-0.42;0.25;0.27;0.04;-0.01;-0.05;0.10;-0.22;0.19;0.68;152.61;-0.08;0.50;0.005;1.05;2.12;-1000.00;-1000.00
231.955;1388;0.20;0.74;163.05;0.01;0.77;155.85;0.31;0.50;482;3;1;4;-0.36;0.26;0.27;0.02;-0.01;-0.04;0.09;-0.17;0.17;0.69;152.42;-0.04;0.50;0.006;1.05;2.12;-1000.00;-1000.00
232.055;1398;0.17;0.75;162.49;0.01;0.77;155.85;0.31;0.50;482;3;1;4;-0.30;0.27;0.27;-0.01;-0.01;-0.01;-0.00;-0.05;0.15;0.70;152.37;0.00;0.50;0.010;1.05;2.12;-1000.00;-1000.00
232.155;1408;0.15;0.76;162.40;0.01;0.77;155.85;0.31;0.50;482;3;1;4;-0.26;0.27;0.28;-0.00;-0.01;-0.03;0.10;-0.01;0.13;0.71;152.44;0.05;0.50;0.009;1.05;2.12;-1000.00;-1000.00
232.245;1417;0.12;0.77;162.51;0.01;0.77;155.85;0.31;0.50;482;3;1;4;-0.20;0.28;0.28;-0.00;-0.01;-0.02;0.06;0.01;0.10;0.73;152.81;0.11;0.50;0.005;1.05;2.12;-1000.00;-1000.00
232.355;1430;0.09;0.78;162.87;-0.26;0.84;179.43;0.79;0.50;482;4;1;4;-0.15;0.29;0.28;-0.01;-0.01;-0.01;-0.00;0.06;0.08;0.74;153.22;0.15;0.50;0.012;1.05;2.12;-1000.00;-1000.00
232.455;1440;0.06;0.79;163.28;-0.26;0.84;179.43;0.79;0.50;482;4;1;4;-0.08;0.29;0.29;-0.01;-0.01;-0.01;-0.00;0.08;0.06;0.75;153.77;0.20;0.50;0.009;1.05;2.12;-1000.00;-1000.00
232.545;1448;0.04;0.79;163.71;-0.26;0.84;179.43;0.79;0.50;482;4;1;4;-0.02;0.29;0.29;-0.01;-0.01;-0.01;-0.01;0.12;0.03;0.76;154.84;0.26;0.50;0.006;1.05;2.12;-1000.00;-1000.00
232.695;1462;-0.00;0.81;164.69;-0.25;0.85;180.00;0.11;0.00;462;1;1;5;0.06;0.29;0.29;-0.01;-0.00;-0.02;0.02;0.10;-0.00;0.77;156.22;0.32;0.50;0.039;1.05;2.12;-1000.00;-1000.00
232.755;1467;-0.02;0.81;165.14;-0.44;0.83;193.57;0.65;0.50;462;2;1;5;0.18;0.31;0.29;-0.01;-0.00;-0.01;0.02;0.16;-0.25;0.85;180.04;0.18;0.07;0.016;1.05;2.12;-1000.00;-1000.00
232.875;1482;-0.06;0.82;166.87;-0.44;0.83;193.57;0.65;0.50;462;2;1;5;0.21;0.33;0.31;0.00;-0.00;0.01;0.01;0.18;-0.25;0.85;180.04;0.18;0.07;0.033;1.04;2.12;-1000.00;-1000.00
232.945;1488;-0.08;0.82;167.48;-0.44;0.83;193.57;0.65;0.50;462;2;1;5;0.24;0.35;0.33;-0.01;0.00;-0.03;-0.05;0.17;-0.25;0.85;180.04;0.18;0.07;0.009;1.04;2.12;-1000.00;-1000.00
233.055;1500;-0.12;0.83;168.78;-0.44;0.83;193.57;0.65;0.50;462;2;1;5;0.29;0.37;0.35;-0.00;-0.01;-0.03;-0.03;0.18;-0.25;0.85;180.04;0.18;0.07;0.013;1.04;2.12;-1000.00;-1000.00
233.155;1511;-0.16;0.84;170.19;-0.44;0.83;193.57;0.65;0.50;462;2;1;5;0.34;0.37;0.36;0.01;-0.01;-0.07;-0.08;0.22;-0.25;0.85;180.04;0.18;0.07;0.010;1.04;2.12;-1000.00;-1000.00
233.255;1519;-0.19;0.85;171.39;-0.44;0.83;193.57;0.65;0.50;462;2;1;5;0.37;0.37;0.37;0.00;-0.01;-0.00;-0.01;0.26;-0.25;0.85;180.04;0.18;0.07;0.017;1.04;2.12;-1000.00;-1000.00
233.365;1529;-0.23;0.85;172.91;-0.44;0.83;193.57;0.65;0.50;462;2;1;5;0.40;0.37;0.39;-0.00;-0.01;0.07;0.08;0.29;-0.25;0.85;180.04;0.18;0.07;0.027;1.04;2.12;-1000.00;-1000.00
233.455;1538;-0.26;0.85;174.31;-0.44;0.83;193.57;0.65;0.50;462;2;1;5;0.47;0.36;0.39;-0.05;-0.04;0.07;0.26;0.40;-0.26;0.85;180.16;0.22;0.11;0.011;1.04;2.12;-1000.00;-1000.00
233.565;1551;-0.31;0.86;177.18;-0.75;0.62;234.67;0.68;0.50;462;3;1;5;0.58;0.36;0.35;-0.06;-0.01;-0.02;-0.01;0.42;-0.29;0.85;181.37;0.35;0.23;0.022;1.04;2.12;-1000.00;-1000.00
233.665;1561;-0.34;0.87;180.50;-0.75;0.62;234.67;0.68;0.50;462;3;1;5;0.61;0.36;0.38;-0.07;-0.01;0.08;0.07;0.68;-0.32;0.85;183.30;0.44;0.31;0.014;1.04;2.12;-1000.00;-1000.00
233.755;1570;-0.37;0.88;184.17;-0.75;0.62;234.67;0.68;0.50;462;3;1;5;0.62;0.36;0.36;-0.10;-0.01;0.04;0.13;0.79;-0.35;0.85;185.56;0.51;0.37;0.013;1.04;2.12;-1000.00;-1000.00
233.845;1576;-0.40;0.88;186.52;-0.75;0.62;234.67;0.68;0.50;462;3;1;5;0.67;0.37;0.36;-0.10;-0.05;-0.13;0.13;0.77;-0.39;0.84;188.68;0.57;0.43;0.006;1.04;2.12;-1000.00;-1000.00
233.975;1589;-0.44;0.88;192.03;-0.75;0.62;234.67;0.68;0.50;462;3;1;5;0.68;0.38;0.37;-0.11;-0.02;0.03;0.17;0.86;-0.43;0.83;192.78;0.64;0.49;0.011;1.04;2.12;-1000.00;-1000.00
234.045;1598;-0.48;0.88;196.20;-0.75;0.62;234.67;0.68;0.50;462;3;1;5;0.66;0.39;0.35;-0.10;-0.01;0.01;-0.02;0.79;-0.46;0.83;195.98;0.65;0.50;0.004;1.04;2.12;-1000.00;-1000.00
234.145;1609;-0.52;0.88;201.17;-0.75;0.62;234.67;0.68;0.50;462;3;1;5;0.62;0.39;0.35;-0.09;-0.01;-0.00;-0.03;0.75;-0.49;0.82;199.22;0.65;0.50;0.004;1.04;2.12;-1000.00;-1000.00
234.245;1617;-0.55;0.88;204.47;-0.75;0.62;234.67;0.68;0.50;462;3;1;5;0.62;0.40;0.36;-0.08;-0.01;-0.01;-0.10;0.64;-0.52;0.80;202.48;0.66;0.50;0.005;1.04;2.12;-1000.00;-1000.00
234.355;1628;-0.59;0.87;208.86;-0.75;0.62;234.67;0.68;0.50;462;3;1;5;0.61;0.40;0.36;-0.06;-0.01;0.01;-0.18;0.60;-0.55;0.79;205.75;0.66;0.50;0.007;1.04;2.12;-1000.00;-1000.00
234.445;1636;-0.62;0.85;211.84;-0.75;0.62;234.67;0.68;0.50;462;3;1;5;0.63;0.41;0.39;-0.09;-0.01;0.02;0.12;0.69;-0.58;0.78;209.04;0.66;0.50;0.004;1.04;2.12;-1000.00;-1000.00
234.555;1651;-0.67;0.83;217.85;-0.75;0.62;234.67;0.68;0.50;462;3;1;5;0.64;0.41;0.37;-0.07;-0.01;0.02;-0.08;0.66;-0.62;0.75;214.00;0.67;0.50;0.010;1.04;2.12;-1000.00;-1000.00
234.655;1659;-0.70;0.82;221.08;-0.75;0.62;234.67;0.68;0.50;462;3;1;5;0.65;0.41;0.37;-0.08;-0.01;0.01;-0.02;0.70;-0.64;0.74;217.33;0.67;0.50;0.006;1.04;2.12;-1000.00;-1000.00
234.745;1670;-0.73;0.80;225.58;-0.75;0.62;234.67;0.68;0.50;462;3;1;5;0.64;0.41;0.36;-0.08;-0.01;0.06;-0.14;0.66;-0.67;0.72;220.68;0.67;0.50;0.007;1.04;2.12;-1000.00;-1000.00
234.855;1679;-0.76;0.78;229.29;-0.75;0.62;234.67;0.68;0.50;462;3;1;5;0.64;0.41;0.36;-0.07;-0.01;0.05;-0.09;0.65;-0.69;0.69;224.05;0.67;0.50;0.013;1.04;2.12;-1000.00;-1000.00
234.955;1688;-0.79;0.75;232.95;-0.75;0.62;234.67;0.68;0.50;462;3;1;5;0.65;0.41;0.37;-0.08;-0.01;0.01;0.03;0.69;-0.71;0.67;227.43;0.68;0.50;0.011;1.04;2.12;-1000.00;-1000.00
235.045;1698;-0.81;0.73;236.92;-0.75;0.62;234.67;0.68;0.50;462;3;1;5;0.65;0.40;0.36;-0.08;-0.01;0.00;0.03;0.68;-0.73;0.65;230.83;0.68;0.50;0.007;1.04;2.12;-1000.00;-1000.00
235.155;1708;-0.84;0.70;240.82;-0.75;0.62;234.67;0.68;0.50;462;3;1;5;0.61;0.40;0.35;-0.08;-0.01;0.00;0.02;0.65;-0.74;0.64;232.53;0.68;0.50;0.006;1.04;2.12;-1000.00;-1000.00
235.255;1717;-0.86;0.68;244.06;-0.75;0.62;234.67;0.68;0.50;462;3;1;5;0.62;0.39;0.36;-0.06;-0.00;0.02;0.02;0.56;-0.76;0.61;235.95;0.68;0.50;0.006;1.04;2.12;-1000.00;-1000.00
235.365;1729;-0.88;0.64;247.83;-0.75;0.62;234.67;0.68;0.50;462;3;1;5;0.62;0.38;0.35;-0.05;-0.00;0.00;0.02;0.53;-0.77;0.59;239.28;0.66;0.50;0.015;1.04;2.12;-1000.00;-1000.00
235.455;1740;-0.90;0.61;251.12;-0.75;0.62;234.67;0.68;0.50;462;3;1;5;0.60;0.37;0.34;-0.04;0.00;0.01;0.01;0.49;-0.79;0.56;242.51;0.64;0.50;0.010;1.04;2.12;-1000.00;-1000.00
235.565;1750;-0.92;0.58;254.35;-0.75;0.62;234.67;0.68;0.50;462;3;1;5;0.59;0.36;0.35;-0.03;0.00;0.13;-0.14;0.54;-0.80;0.53;245.63;0.63;0.50;0.016;1.04;2.12;-1000.00;-1000.00
235.655;1759;-0.93;0.55;257.77;-0.86;0.26;269.43;0.49;0.50;462;4;1;5;0.57;0.36;0.35;-0.10;-0.04;-0.13;-0.08;0.69;-0.82;0.50;248.66;0.61;0.50;0.010;1.04;2.12;-1000.00;-1000.00
235.745;1769;-0.95;0.51;261.49;-0.86;0.26;269.43;0.49;0.50;462;4;1;5;0.39;0.36;0.35;-0.06;-0.00;0.09;-0.08;0.54;-0.83;0.47;251.58;0.60;0.50;0.006;1.04;2.12;-1000.00;-1000.00
235.855;1778;-0.96;0.48;263.76;-0.86;0.26;269.43;0.49;0.50;462;4;1;5;0.40;0.37;0.38;-0.08;-0.04;-0.24;0.07;0.43;-0.83;0.44;254.41;0.58;0.50;0.007;1.04;2.12;-1000.00;-1000.00
236.035;1797;-0.97;0.41;267.39;-0.86;0.11;-98.62;-0.63;0.50;1036;1;1;4;0.43;0.38;0.38;-0.01;-0.01;0.02;0.00;0.36;-0.84;0.41;257.14;0.57;0.50;0.079;1.04;2.12;-1000.00;-1000.00
236.085;1802;-0.97;0.39;268.58;-0.86;0.11;-98.62;-0.63;0.50;1036;1;1;4;0.53;0.37;0.38;-0.05;-0.01;-0.04;0.02;0.42;-0.85;0.25;-90.00;-0.08;0.06;0.043;1.04;2.12;-1000.00;-1000.00
236.165;1808;-0.97;0.37;270.17;-0.95;-0.15;-115.88;-0.22;0.50;1036;2;1;4;0.42;0.37;0.38;-0.08;-0.01;-0.12;0.06;0.64;-0.85;0.25;-90.00;-0.08;0.06;0.014;1.04;2.12;-1000.00;-1000.00
236.265;1821;-0.98;0.32;273.77;-0.95;-0.15;-115.88;-0.22;0.50;1036;2;1;4;0.06;0.35;0.38;-0.08;-0.04;-0.27;0.02;0.48;-0.85;0.25;-90.00;-0.08;0.06;0.020;1.04;2.12;-1000.00;-1000.00
236.365;1831;-0.98;0.29;273.87;-0.95;-0.15;-115.88;-0.22;0.50;1036;2;1;4;0.02;0.33;0.34;-0.03;-0.01;-0.08;0.04;-0.16;-0.85;0.25;-90.00;-0.08;0.06;0.023;1.04;2.12;-1000.00;-1000.00
236.465;1840;-0.98;0.26;273.01;-0.95;-0.15;-115.88;-0.22;0.50;1036;2;1;4;0.03;0.31;0.34;0.01;-0.01;-0.05;0.03;-0.12;-0.85;0.25;-90.00;-0.08;0.06;0.015;1.04;2.12;-1000.00;-1000.00
236.565;1850;-0.98;0.22;272.43;-0.95;-0.15;-115.88;-0.22;0.50;1036;2;1;4;-0.16;0.29;0.31;0.01;-0.01;-0.02;0.02;-0.08;-0.85;0.23;-90.43;-0.25;0.20;0.013;1.04;2.12;-1000.00;-1000.00
236.655;1859;-0.98;0.20;271.46;-0.95;-0.15;-115.88;-0.22;0.50;1036;2;1;4;-0.34;0.29;0.29;0.01;-0.01;-0.03;0.02;-0.26;-0.85;0.19;-92.12;-0.41;0.32;0.011;1.04;2.12;-1000.00;-1000.00
236.765;1869;-0.98;0.17;269.50;-0.95;-0.15;-115.88;-0.22;0.50;1036;2;1;4;-0.46;0.29;0.29;0.01;-0.00;0.00;-0.01;-0.35;-0.85;0.16;-94.37;-0.51;0.40;0.015;1.04;2.12;-1000.00;-1000.00
236.865;1877;-0.97;0.14;267.92;-0.95;-0.15;-115.88;-0.22;0.50;1036;2;1;4;-0.57;0.29;0.29;0.01;-0.00;0.08;0.04;-0.39;-0.86;0.13;-96.83;-0.58;0.46;0.014;1.04;2.12;-1000.00;-1000.00
236.955;1888;-0.98;0.11;265.32;-0.95;-0.15;-115.88;-0.22;0.50;1036;2;1;4;-0.65;0.30;0.29;0.00;-0.01;0.02;0.00;-0.46;-0.86;0.09;-101.01;-0.59;0.50;0.014;1.04;2.12;-1000.00;-1000.00
237.085;1902;-0.98;0.07;261.19;-1.07;-0.39;-114.15;0.31;0.50;1036;3;1;4;-0.54;0.30;0.28;0.05;-0.01;0.01;0.01;-0.52;-0.87;0.07;-102.98;-0.56;0.50;0.040;1.04;2.12;-1000.00;-1000.00
237.155;1910;-0.98;0.05;259.20;-1.07;-0.39;-114.15;0.31;0.50;1036;3;1;4;-0.52;0.30;0.29;0.07;-0.01;-0.04;-0.01;-0.37;-0.88;0.01;-107.32;-0.47;0.50;0.005;1.04;2.12;-1000.00;-1000.00
237.245;1919;-0.98;0.02;257.53;-1.07;-0.39;-114.15;0.31;0.50;1036;3;1;4;-0.49;0.31;0.29;0.05;-0.01;0.02;0.01;-0.30;-0.89;-0.01;-108.82;-0.44;0.50;0.006;1.04;2.12;-1000.00;-1000.00
237.355;1929;-0.98;-0.01;255.82;-1.07;-0.39;-114.15;0.31;0.50;1036;3;1;4;-0.48;0.31;0.29;0.03;-0.01;0.12;0.04;-0.25;-0.90;-0.04;-110.85;-0.39;0.50;0.008;1.04;2.12;-1000.00;-1000.00
237.455;1938;-0.99;-0.04;254.52;-1.07;-0.39;-114.15;0.31;0.50;1036;3;1;4;-0.46;0.31;0.31;-0.00;-0.01;0.08;0.01;-0.19;-0.91;-0.07;-112.60;-0.34;0.50;0.009;1.04;2.12;-1000.00;-1000.00
237.545;1948;-1.00;-0.07;253.45;-1.07;-0.39;-114.15;0.31;0.50;1036;3;1;4;-0.44;0.32;0.32;-0.01;-0.01;-0.04;-0.02;-0.16;-0.93;-0.10;-114.09;-0.29;0.50;0.004;1.04;2.12;-1000.00;-1000.00
237.645;1957;-1.01;-0.09;252.85;-1.07;-0.39;-114.15;0.31;0.50;1036;3;1;4;-0.42;0.32;0.33;-0.01;-0.01;-0.03;-0.01;-0.11;-0.94;-0.12;-114.95;-0.26;0.50;0.005;1.04;2.12;-1000.00;-1000.00
237.755;1967;-1.02;-0.13;252.40;-1.07;-0.39;-114.15;0.31;0.50;1036;3;1;4;-0.40;0.32;0.33;-0.01;-0.00;-0.03;-0.01;-0.08;-0.95;-0.16;-116.35;-0.19;0.50;0.008;1.04;2.12;-1000.00;-1000.00
237.845;1978;-1.03;-0.16;252.06;-1.07;-0.39;-114.15;0.31;0.50;1036;3;1;4;-0.36;0.33;0.34;-0.01;-0.01;-0.04;-0.01;-0.08;-0.97;-0.19;-117.07;-0.12;0.50;0.006;1.04;2.12;-1000.00;-1000.00
237.955;1987;-1.04;-0.19;251.99;-1.07;-0.39;-114.15;0.31;0.50;1036;3;1;4;-0.33;0.33;0.35;0.00;-0.01;-0.07;-0.02;-0.01;-0.98;-0.22;-117.50;-0.06;0.50;0.009;1.04;2.12;-1000.00;-1000.00
238.055;1997;-1.05;-0.22;252.04;-1.07;-0.39;-114.15;0.31;0.50;1036;3;1;4;-0.28;0.33;0.34;-0.00;-0.01;-0.04;-0.01;0.01;-1.00;-0.25;-117.63;0.00;0.50;0.009;1.04;2.12;-1000.00;-1000.00
238.145;2008;-1.06;-0.26;252.25;-1.07;-0.39;-114.15;0.31;0.50;1036;3;1;4;-0.22;0.34;0.35;-0.01;-0.01;-0.04;-0.01;0.03;-1.02;-0.28;-117.47;0.07;0.50;0.007;1.04;2.12;-1000.00;-1000.00
238.255;2021;-1.08;-0.30;252.94;-1.14;-0.66;-90.57;0.79;0.50;1036;4;1;4;-0.18;0.34;0.34;-0.01;-0.01;0.01;-0.00;0.09;-1.03;-0.30;-117.19;0.11;0.50;0.008;1.04;2.12;-1000.00;-1000.00
238.355;2030;-1.09;-0.33;253.47;-1.14;-0.66;-90.57;0.79;0.50;1036;4;1;4;-0.10;0.34;0.34;-0.01;-0.01;0.05;0.01;0.11;-1.05;-0.34;-116.23;0.20;0.50;0.010;1.04;2.12;-1000.00;-1000.00
238.455;2040;-1.10;-0.36;254.20;-1.14;-0.66;-90.57;0.79;0.50;1036;4;1;4;-0.02;0.34;0.35;-0.01;-0.01;-0.07;-0.02;0.11;-1.07;-0.38;-114.73;0.28;0.50;0.009;1.04;2.12;-1000.00;-1000.00
238.595;2053;-1.11;-0.40;255.45;-1.16;-0.79;-98.62;-0.63;0.50;186;1;1;4;0.04;0.34;0.34;-0.01;-0.01;-0.03;-0.02;0.18;-1.07;-0.40;-113.78;0.32;0.50;0.045;1.04;2.12;-1000.00;-1000.00
238.675;2059;-1.12;-0.42;256.11;-1.16;-0.79;-98.62;-0.63;0.50;186;1;1;4;0.79;0.33;0.34;-0.00;-0.00;0.04;-0.00;0.21;-1.15;-0.65;-90.00;-0.08;0.06;0.030;1.04;2.12;-1000.00;-1000.00
238.755;2068;-1.12;-0.45;257.95;-1.16;-0.79;-98.62;-0.63;0.50;186;1;1;4;0.79;0.32;0.32;-0.02;0.00;0.04;-0.02;0.96;-1.15;-0.65;-90.00;-0.08;0.06;0.017;1.04;2.12;-1000.00;-1000.00
238.855;2078;-1.13;-0.49;264.36;-1.25;-1.05;-115.88;-0.22;0.50;186;2;1;4;0.48;0.31;0.36;-0.05;-0.01;-0.08;0.10;1.14;-1.15;-0.65;-90.00;-0.08;0.06;0.014;1.04;2.12;-1000.00;-1000.00
238.955;2086;-1.14;-0.51;268.36;-1.25;-1.05;-115.88;-0.22;0.50;186;2;1;4;0.12;0.31;0.31;-0.06;-0.01;0.05;-0.05;0.45;-1.15;-0.65;-90.00;-0.08;0.06;0.011;1.04;2.12;-1000.00;-1000.00
239.075;2102;-1.14;-0.56;269.32;-1.25;-1.05;-115.88;-0.22;0.50;186;2;1;4;0.04;0.31;0.30;-0.02;-0.01;0.01;-0.01;-0.12;-1.15;-0.65;-90.00;-0.08;0.06;0.028;1.04;2.12;-1000.00;-1000.00
239.185;2110;-1.14;-0.59;268.68;-1.25;-1.05;-115.88;-0.22;0.50;186;2;1;4;0.04;0.30;0.32;0.01;-0.01;-0.06;0.04;-0.12;-1.15;-0.65;-90.00;-0.08;0.06;0.039;1.04;2.12;-1000.00;-1000.00
239.265;2121;-1.14;-0.62;268.02;-1.25;-1.05;-115.88;-0.22;0.50;186;2;1;4;0.04;0.29;0.31;0.01;-0.01;-0.02;0.02;-0.09;-1.15;-0.65;-90.00;-0.08;0.06;0.024;1.04;2.12;-1000.00;-1000.00
239.375;2129;-1.14;-0.65;267.66;-1.25;-1.05;-115.88;-0.22;0.50;186;2;1;4;0.03;0.28;0.30;0.00;-0.01;-0.01;0.02;-0.07;-1.15;-0.65;-90.00;-0.08;0.06;0.028;1.04;2.12;-1000.00;-1000.00
239.455;2140;-1.14;-0.68;267.30;-1.25;-1.05;-115.88;-0.22;0.50;186;2;1;4;-0.19;0.28;0.28;0.00;-0.00;-0.00;0.02;-0.05;-1.15;-0.68;-90.60;-0.28;0.22;0.011;1.04;2.12;-1000.00;-1000.00
239.565;2149;-1.15;-0.70;266.21;-1.25;-1.05;-115.88;-0.22;0.50;186;2;1;4;-0.29;0.28;0.28;-0.01;-0.01;0.06;-0.03;-0.29;-1.15;-0.70;-91.71;-0.38;0.30;0.016;1.04;2.12;-1000.00;-1000.00
239.665;2159;-1.15;-0.73;264.73;-1.25;-1.05;-115.88;-0.22;0.50;186;2;1;4;-0.41;0.28;0.28;0.01;-0.00;0.00;-0.01;-0.26;-1.15;-0.73;-93.70;-0.48;0.38;0.018;1.04;2.12;-1000.00;-1000.00
239.755;2168;-1.15;-0.76;263.28;-1.25;-1.05;-115.88;-0.22;0.50;186;2;1;4;-0.52;0.29;0.29;0.01;-0.00;-0.06;-0.03;-0.34;-1.15;-0.76;-95.93;-0.56;0.44;0.013;1.04;2.12;-1000.00;-1000.00
239.855;2178;-1.15;-0.78;261.32;-1.25;-1.05;-115.88;-0.22;0.50;186;2;1;4;-0.58;0.30;0.29;0.00;-0.01;0.02;0.00;-0.39;-1.16;-0.78;-97.82;-0.61;0.48;0.010;1.04;2.12;-1000.00;-1000.00
239.975;2191;-1.16;-0.82;258.46;-1.25;-1.05;-115.88;-0.22;0.50;186;2;1;4;-0.56;0.30;0.30;-0.00;-0.01;0.10;0.03;-0.33;-1.16;-0.80;-99.97;-0.61;0.50;0.024;1.04;2.12;-1000.00;-1000.00
240.055;2201;-1.16;-0.85;256.37;-1.25;-1.05;-115.88;-0.22;0.50;186;2;1;4;-0.55;0.31;0.30;0.01;-0.01;0.20;0.07;-0.28;-1.17;-0.83;-102.98;-0.56;0.50;0.015;1.04;2.12;-1000.00;-1000.00
240.165;2210;-1.17;-0.88;254.47;-1.37;-1.29;-114.15;0.31;0.50;186;3;1;4;-0.54;0.32;0.30;0.02;-0.01;0.21;0.07;-0.28;-1.18;-0.87;-105.69;-0.51;0.50;0.025;1.04;2.12;-1000.00;-1000.00
240.255;2221;-1.17;-0.91;251.95;-1.37;-1.29;-114.15;0.31;0.50;186;3;1;4;-0.51;0.33;0.32;0.07;-0.01;-0.15;-0.02;-0.50;-1.19;-0.91;-108.82;-0.44;0.50;0.011;1.04;2.12;-1000.00;-1000.00
240.345;2229;-1.18;-0.94;250.39;-1.37;-1.29;-114.15;0.31;0.50;186;3;1;4;-0.48;0.34;0.34;0.03;-0.01;-0.09;-0.05;-0.35;-1.20;-0.93;-110.20;-0.41;0.50;0.005;1.04;2.12;-1000.00;-1000.00
240.455;2240;-1.19;-0.97;248.90;-1.37;-1.29;-114.15;0.31;0.50;186;3;1;4;-0.44;0.35;0.35;-0.01;-0.01;-0.03;-0.02;-0.20;-1.21;-0.96;-112.04;-0.36;0.50;0.012;1.04;2.12;-1000.00;-1000.00
240.555;2248;-1.20;-1.00;248.28;-1.37;-1.29;-114.15;0.31;0.50;186;3;1;4;-0.43;0.35;0.36;-0.02;-0.00;-0.03;-0.01;-0.11;-1.22;-0.99;-113.62;-0.31;0.50;0.009;1.05;2.12;-1000.00;-1000.00
240.655;2259;-1.22;-1.04;247.51;-1.37;-1.29;-114.15;0.31;0.50;186;3;1;4;-0.41;0.36;0.34;0.03;-0.01;0.04;0.02;-0.11;-1.24;-1.02;-114.95;-0.26;0.50;0.008;1.05;2.12;-1000.00;-1000.00
240.755;2267;-1.22;-1.06;246.77;-1.37;-1.29;-114.15;0.31;0.50;186;3;1;4;-0.38;0.37;0.35;0.06;-0.01;-0.06;-0.00;-0.21;-1.25;-1.05;-116.04;-0.21;0.50;0.013;1.05;2.12;-1000.00;-1000.00
240.845;2278;-1.24;-1.10;245.52;-1.37;-1.29;-114.15;0.31;0.50;186;3;1;4;-0.31;0.37;0.35;0.03;-0.01;0.06;0.01;-0.18;-1.26;-1.08;-116.87;-0.14;0.50;0.005;1.05;2.12;-1000.00;-1000.00
240.965;2291;-1.25;-1.14;244.44;-1.37;-1.29;-114.15;0.31;0.50;186;3;1;4;-0.21;0.38;0.39;0.01;-0.01;-0.07;-0.02;-0.14;-1.28;-1.11;-117.39;-0.08;0.50;0.012;1.05;2.12;-1000.00;-1000.00
241.055;2298;-1.27;-1.17;244.30;-1.37;-1.29;-114.15;0.31;0.50;186;3;1;4;-0.17;0.38;0.38;-0.02;-0.01;0.04;0.00;0.05;-1.30;-1.14;-117.62;-0.02;0.50;0.012;1.05;2.12;-1000.00;-1000.00
241.155;2311;-1.29;-1.21;244.73;-1.37;-1.29;-114.15;0.31;0.50;186;3;1;4;-0.07;0.39;0.39;-0.01;-0.01;-0.06;-0.01;0.04;-1.32;-1.19;-117.34;0.09;0.50;0.007;1.05;2.12;-1000.00;-1000.00
241.255;2319;-1.30;-1.24;245.33;-1.37;-1.29;-114.15;0.31;0.50;186;3;1;4;-0.01;0.40;0.40;-0.01;-0.01;-0.06;-0.01;0.12;-1.34;-1.22;-116.78;0.15;0.50;0.010;1.05;2.12;-1000.00;-1000.00
241.355;2330;-1.32;-1.28;246.28;-1.44;-1.56;-90.57;0.79;0.50;186;4;1;4;0.08;0.40;0.40;-0.00;-0.01;-0.04;-0.01;0.14;-1.36;-1.26;-115.55;0.24;0.50;0.012;1.05;2.12;-1000.00;-1000.00
241.455;2338;-1.33;-1.31;247.18;-1.44;-1.56;-90.57;0.79;0.50;186;4;1;4;0.21;0.40;0.40;-0.01;-0.01;-0.03;-0.00;0.22;-1.37;-1.29;-114.27;0.30;0.50;0.009;1.05;2.12;-1000.00;-1000.00
241.625;2357;-1.36;-1.38;250.18;-1.45;-1.55;-90.00;-0.00;0.50;584;0;1;0;0.30;0.40;0.40;-0.01;-0.00;0.05;-0.06;0.34;-1.39;-1.33;-112.12;0.38;0.50;0.062;1.05;2.12;-1000.00;-1000.00
241.695;2361;-1.37;-1.40;250.97;-1.45;-1.55;-90.00;-0.00;0.50;584;0;1;0;0.74;0.42;0.42;-0.01;-0.01;-0.05;0.07;0.35;-1.45;-1.55;-90.00;-0.00;0.50;0.053;1.05;2.12;-1000.00;-1000.00
241.775;2372;-1.38;-1.44;254.63;-1.45;-1.55;-90.00;-0.00;0.50;584;0;1;0;0.59;0.44;0.43;-0.02;-0.01;-0.02;0.04;1.13;-1.45;-1.55;-90.00;-0.00;0.50;0.028;1.05;2.12;-1000.00;-1000.00
241.865;2380;-1.39;-1.47;259.37;-1.45;-1.55;-90.00;-0.00;0.50;584;0;1;0;0.39;0.45;0.42;-0.06;0.00;0.05;-0.06;0.83;-1.45;-1.55;-90.00;-0.00;0.50;0.021;1.05;2.12;-1000.00;-1000.00
241.975;2390;-1.41;-1.51;262.97;-1.45;-1.55;-90.00;-0.00;0.50;584;0;1;0;0.24;0.46;0.44;-0.04;0.00;0.16;-0.13;0.28;-1.45;-1.55;-90.00;-0.00;0.50;0.032;1.05;2.12;-1000.00;-1000.00
242.075;2400;-1.42;-1.56;264.72;-1.45;-1.79;-90.00;-0.00;0.50;584;1;1;0;0.19;0.46;0.45;-0.07;-0.01;-0.11;0.08;0.21;-1.45;-1.55;-90.00;-0.00;0.50;0.025;1.05;2.12;-1000.00;-1000.00
242.165;2410;-1.43;-1.60;265.35;-1.45;-1.79;-90.00;-0.00;0.50;584;1;1;0;0.17;0.46;0.45;-0.04;-0.01;-0.07;0.05;0.10;-1.45;-1.60;-90.00;-0.00;0.50;0.018;1.05;2.12;-1000.00;-1000.00
242.275;2419;-1.43;-1.64;265.66;-1.45;-1.79;-90.00;-0.00;0.50;584;1;1;0;0.17;0.46;0.46;-0.00;-0.01;0.04;-0.02;0.05;-1.45;-1.65;-90.00;-0.00;0.50;0.021;1.05;2.12;-1000.00;-1000.00
242.375;2430;-1.43;-1.70;266.03;-1.45;-1.79;-90.00;-0.00;0.50;584;1;1;0;0.16;0.46;0.46;0.01;-0.01;0.03;-0.01;0.03;-1.45;-1.68;-90.00;-0.00;0.50;0.029;1.05;2.12;-1000.00;-1000.00
242.475;2443;-1.44;-1.76;266.26;-1.45;-1.79;-90.00;-0.00;0.50;584;1;1;0;0.15;0.46;0.46;0.01;-0.01;0.06;-0.04;0.00;-1.45;-1.73;-90.00;-0.00;0.50;0.032;1.05;2.12;-1000.00;-1000.00
242.575;2452;-1.44;-1.80;266.38;-1.45;-2.03;-90.00;-0.00;0.50;584;2;1;0;0.15;0.46;0.48;0.00;-0.01;-0.09;0.06;0.04;-1.45;-1.78;-90.00;-0.00;0.50;0.022;1.05;2.12;-1000.00;-1000.00
242.655;2457;-1.44;-1.82;266.43;-1.45;-2.03;-90.00;-0.00;0.50;584;2;1;0;0.15;0.46;0.47;0.00;-0.01;-0.02;0.02;0.02;-1.45;-1.83;-90.00;-0.00;0.50;0.012;1.05;2.12;-1000.00;-1000.00
242.765;2471;-1.44;-1.89;266.59;-1.45;-2.03;-90.00;-0.00;0.50;584;2;1;0;0.15;0.46;0.46;0.01;-0.01;0.06;-0.04;0.00;-1.45;-1.86;-90.00;-0.00;0.50;0.019;1.05;2.12;-1000.00;-1000.00
242.875;2481;-1.45;-1.93;266.75;-1.45;-2.03;-90.00;-0.00;0.50;584;2;1;0;0.15;0.46;0.47;0.00;-0.01;-0.02;0.02;0.03;-1.45;-1.91;-90.00;-0.00;0.50;0.028;1.05;2.12;-1000.00;-1000.00
242.965;2489;-1.45;-1.97;266.85;-1.45;-2.03;-90.00;-0.00;0.50;584;2;1;0;0.15;0.47;0.47;0.00;-0.01;-0.02;0.02;0.02;-1.45;-1.97;-90.00;-0.00;0.50;0.013;1.05;2.12;-1000.00;-1000.00
243.055;2500;-1.45;-2.02;266.99;-1.45;-2.26;-90.00;-0.00;0.50;584;3;1;0;0.15;0.47;0.48;0.00;-0.01;-0.09;0.06;0.05;-1.45;-2.02;-90.00;-0.00;0.50;0.011;1.05;2.12;-1000.00;-1000.00
243.145;2508;-1.45;-2.06;267.09;-1.45;-2.26;-90.00;-0.00;0.50;584;3;1;0;0.15;0.47;0.48;0.00;-0.01;-0.09;0.06;0.05;-1.45;-2.07;-90.00;-0.00;0.50;0.005;1.05;2.12;-1000.00;-1000.00
243.255;2519;-1.45;-2.11;267.21;-1.45;-2.26;-90.00;-0.00;0.50;584;3;1;0;0.14;0.47;0.47;0.01;-0.01;0.06;-0.04;-0.00;-1.45;-2.11;-90.00;-0.00;0.50;0.006;1.05;2.12;-1000.00;-1000.00
243.375;2532;-1.46;-2.18;267.40;-1.45;-2.26;-90.00;-0.00;0.50;584;3;1;0;0.14;0.47;0.49;0.00;-0.01;-0.09;0.06;0.05;-1.45;-2.15;-90.00;-0.00;0.50;0.026;1.05;2.12;-1000.00;-1000.00
243.445;2538;-1.46;-2.20;267.46;-1.45;-2.26;-90.00;-0.00;0.50;584;3;1;0;0.14;0.47;0.47;0.01;-0.01;0.02;-0.01;0.00;-1.45;-2.20;-90.00;-0.00;0.50;0.007;1.05;2.12;-1000.00;-1000.00
243.555;2550;-1.46;-2.26;267.57;-1.45;-2.50;-90.00;0.00;0.50;584;4;1;0;0.14;0.47;0.47;0.01;-0.01;0.02;-0.01;0.01;-1.45;-2.25;-90.00;-0.00;0.50;0.012;1.05;2.13;-1000.00;-1000.00
243.645;2560;-1.46;-2.31;267.69;-1.45;-2.50;-90.00;0.00;0.50;584;4;1;0;0.14;0.47;0.49;0.00;-0.01;-0.09;0.06;0.05;-1.45;-2.31;-90.00;-0.00;0.50;0.001;1.05;2.13;-1000.00;-1000.00
243.745;2570;-1.46;-2.36;267.78;-1.45;-2.50;-90.00;0.00;0.50;584;4;1;0;0.13;0.47;0.47;0.01;-0.01;0.02;-0.01;0.01;-1.45;-2.36;-90.00;-0.00;0.50;0.002;1.05;2.13;-1000.00;-1000.00
243.845;2578;-1.46;-2.39;267.86;-1.45;-2.50;-90.00;0.00;0.50;584;4;1;0;0.13;0.47;0.47;0.01;-0.01;0.02;-0.01;0.01;-1.45;-2.39;-90.00;-0.00;0.50;0.001;1.05;2.13;-1000.00;-1000.00
243.945;2589;-1.46;-2.45;267.99;-1.45;-2.50;-90.00;0.00;0.50;584;4;1;0;0.13;0.48;0.48;0.00;-0.01;-0.02;0.02;0.02;-1.45;-2.45;-90.00;0.00;0.50;0.004;1.05;2.13;-1000.00;-1000.00
244.105;2602;-1.46;-2.51;268.10;-1.45;-2.75;-90.00;0.00;-0.50;580;0;1;2;0.13;0.48;0.48;0.01;-0.01;0.02;-0.01;0.00;-1.45;-2.49;-90.00;0.00;0.50;0.058;1.05;2.13;-1000.00;-1000.00
244.235;2616;-1.47;-2.58;268.12;-1.45;-2.45;-90.00;-0.00;0.37;581;0;1;7;0.13;0.48;0.42;-0.01;-0.00;0.02;0.04;-0.08;-1.45;-2.54;-90.00;0.00;-0.50;0.052;1.05;2.13;-1000.00;-1000.00
244.265;2621;-1.47;-2.58;267.99;-1.40;-2.83;-65.10;0.79;0.50;581;1;1;7;0.13;0.48;0.07;-0.05;-0.01;-0.09;0.03;-0.01;-1.45;-2.58;-87.68;0.29;0.42;0.027;1.05;2.13;-1000.00;-1000.00
244.365;2630;-1.47;-2.58;267.88;-1.40;-2.83;-65.10;0.79;0.50;581;1;1;7;0.13;0.48;-0.01;-0.02;-0.00;-0.03;0.02;-0.03;-1.45;-2.58;-87.68;0.29;0.42;0.023;1.05;2.13;-1000.00;-1000.00
244.465;2639;-1.47;-2.58;267.75;-1.40;-2.83;-65.10;0.79;0.50;581;1;1;7;0.13;0.48;0.00;0.00;0.00;0.01;-0.00;-0.02;-1.45;-2.58;-87.68;0.29;0.42;0.023;1.05;2.13;-1000.00;-1000.00
244.565;2650;-1.47;-2.58;267.66;-1.40;-2.83;-65.10;0.79;0.50;581;1;1;7;0.13;0.48;0.00;-0.00;-0.00;0.00;0.00;-0.01;-1.45;-2.58;-87.68;0.29;0.42;0.020;1.05;2.13;-1000.00;-1000.00
244.665;2658;-1.47;-2.58;267.60;-1.40;-2.83;-65.10;0.79;0.50;581;1;1;7;0.13;0.48;0.00;-0.00;-0.00;0.00;0.00;-0.01;-1.45;-2.58;-87.68;0.29;0.42;0.021;1.05;2.13;-1000.00;-1000.00
244.765;2669;-1.47;-2.58;267.55;-1.40;-2.83;-65.10;0.79;0.50;581;1;1;7;0.13;0.48;0.00;0.00;-0.00;0.00;-0.00;-0.01;-1.45;-2.58;-87.68;0.29;0.42;0.022;1.05;2.13;-1000.00;-1000.00
244.855;2677;-1.47;-2.58;267.52;-1.40;-2.83;-65.10;0.79;0.50;581;1;1;7;0.13;0.48;0.00;-0.00;-0.00;0.00;-0.00;-0.01;-1.45;-2.58;-87.68;0.29;0.42;0.015;1.05;2.13;-1000.00;-1000.00
244.985;2692;-1.47;-2.58;267.48;-1.40;-2.83;-65.10;0.79;0.50;581;1;1;7;0.13;0.48;0.00;0.00;-0.00;0.00;-0.00;-0.00;-1.45;-2.58;-87.68;0.29;0.42;0.040;1.05;2.13;-1000.00;-1000.00
245.075;2700;-1.47;-2.58;267.47;-1.40;-2.83;-65.10;0.79;0.50;581;1;1;7;0.13;0.48;0.00;0.00;-0.00;0.00;-0.00;-0.00;-1.45;-2.58;-87.68;0.29;0.42;0.028;1.05;2.13;-1000.00;-1000.00
245.175;2711;-1.47;-2.58;267.45;-1.40;-2.83;-65.10;0.79;0.50;581;1;1;7;0.13;0.48;0.00;0.00;-0.00;0.00;-0.00;-0.00;-1.45;-2.58;-87.68;0.29;0.42;0.031;1.05;2.13;-1000.00;-1000.00
245.265;2720;-1.47;-2.58;267.44;-1.40;-2.83;-65.10;0.79;0.50;581;1;1;7;0.13;0.48;0.00;0.00;-0.00;0.00;-0.00;-0.00;-1.45;-2.58;-87.68;0.29;0.42;0.020;1.05;2.13;-1000.00;-1000.00
245.365;2730;-1.47;-2.58;267.44;-1.40;-2.83;-65.10;0.79;0.50;581;1;1;7;0.13;0.48;0.00;0.00;-0.00;0.00;-0.00;-0.00;-1.45;-2.58;-87.68;0.29;0.42;0.021;1.05;2.13;-1000.00;-1000.00
245.475;2739;-1.47;-2.58;267.43;-1.40;-2.83;-65.10;0.79;0.50;581;1;1;7;0.13;0.48;0.00;0.00;-0.00;0.00;-0.00;-0.00;-1.45;-2.58;-87.68;0.29;0.42;0.026;1.05;2.13;-1000.00;-1000.00
245.555;2750;-1.47;-2.58;267.43;-1.40;-2.83;-65.10;0.79;0.50;581;1;1;7;0.13;0.48;0.00;0.00;-0.00;0.00;-0.00;-0.00;-1.45;-2.58;-87.68;0.29;0.42;0.017;1.05;2.13;-1000.00;-1000.00
245.685;2762;-1.47;-2.58;267.42;-1.40;-2.83;-65.10;0.79;0.50;581;1;1;7;0.13;0.48;0.00;0.00;-0.00;0.00;-0.00;-0.00;-1.45;-2.58;-87.68;0.29;0.42;0.039;1.05;2.13;-1000.00;-1000.00
245.775;2772;-1.47;-2.58;267.42;-1.40;-2.83;-65.10;0.79;0.50;581;1;1;7;0.13;0.48;0.00;0.00;-0.00;0.00;-0.00;-0.00;-1.45;-2.58;-87.68;0.29;0.42;0.026;1.05;2.13;-1000.00;-1000.00
245.875;2782;-1.47;-2.59;267.42;-1.40;-2.83;-65.10;0.79;0.50;581;1;1;7;0.13;0.48;0.00;0.00;-0.00;0.00;-0.00;-0.00;-1.45;-2.58;-87.68;0.29;0.42;0.025;1.05;2.13;-1000.00;-1000.00
245.965;2790;-1.47;-2.59;267.42;-1.40;-2.83;-65.10;0.79;0.50;581;1;1;7;0.13;0.48;0.00;0.00;-0.00;0.00;-0.00;-0.00;-1.45;-2.58;-87.68;0.29;0.42;0.026;1.05;2.13;-1000.00;-1000.00
246.085;2801;-1.47;-2.59;267.42;-1.40;-2.83;-65.10;0.79;0.50;581;1;1;7;0.50;0.48;0.00;0.00;-0.00;0.00;-0.00;-0.00;-1.45;-2.58;-87.68;0.29;0.42;0.035;1.05;2.13;-1000.00;-1000.00
246.175;2809;-1.47;-2.59;268.19;-1.40;-2.83;-65.10;0.79;0.50;581;1;1;7;0.50;0.48;0.26;-0.00;-0.04;-0.07;0.25;0.61;-1.45;-2.59;-87.05;0.32;0.42;0.034;1.05;2.13;-1000.00;-1000.00
246.255;2820;-1.47;-2.64;273.50;-1.40;-2.83;-65.10;0.79;0.50;581;1;1;7;0.49;0.48;0.49;0.01;-0.01;0.09;-0.05;0.80;-1.45;-2.64;-84.64;0.41;0.44;0.017;1.05;2.13;-1000.00;-1000.00
246.365;2828;-1.47;-2.68;277.03;-1.40;-2.83;-65.10;0.79;0.50;581;1;1;7;0.52;0.48;0.48;-0.06;-0.01;0.03;-0.02;0.70;-1.44;-2.67;-82.52;0.48;0.45;0.018;1.05;2.13;-1000.00;-1000.00
246.455;2838;-1.47;-2.73;281.26;-1.40;-2.83;-65.10;0.79;0.50;581;1;1;7;0.61;0.48;0.49;-0.12;-0.04;-0.26;-0.01;0.90;-1.43;-2.72;-78.49;0.57;0.46;0.021;1.05;2.13;-1000.00;-1000.00
246.575;2853;-1.46;-2.80;288.45;-1.04;-3.07;-3.77;0.79;0.50;581;2;1;7;0.62;0.47;0.45;-0.10;-0.01;0.05;0.01;0.87;-1.43;-2.75;-75.18;0.63;0.47;0.031;1.05;2.13;-1000.00;-1000.00
246.675;2861;-1.46;-2.84;292.61;-1.04;-3.07;-3.77;0.79;0.50;581;2;1;7;0.61;0.48;0.44;-0.13;-0.01;-0.09;0.01;0.95;-1.41;-2.80;-69.20;0.73;0.49;0.030;1.05;2.13;-1000.00;-1000.00
246.765;2870;-1.45;-2.88;296.87;-1.04;-3.07;-3.77;0.79;0.50;581;2;1;7;0.73;0.49;0.42;-0.11;-0.06;0.12;-0.19;0.77;-1.39;-2.85;-62.00;0.79;0.50;0.012;1.05;2.13;-1000.00;-1000.00
246.865;2880;-1.44;-2.92;302.71;-1.04;-3.07;-3.77;0.79;0.50;581;2;1;7;0.66;0.49;0.45;-0.16;-0.01;-0.17;-0.03;1.26;-1.38;-2.87;-59.52;0.79;0.50;0.022;1.05;2.13;-1000.00;-1000.00
246.975;2889;-1.43;-2.96;308.07;-1.04;-3.07;-3.77;0.79;0.50;581;2;1;7;0.64;0.49;0.44;-0.13;-0.01;-0.07;-0.01;0.99;-1.36;-2.90;-54.57;0.79;0.50;0.023;1.05;2.13;-1000.00;-1000.00
247.065;2899;-1.41;-3.00;313.38;-1.04;-3.07;-3.77;0.79;0.50;581;2;1;7;0.64;0.50;0.47;-0.12;-0.01;-0.12;-0.02;0.96;-1.34;-2.93;-49.61;0.79;0.50;0.018;1.05;2.13;-1000.00;-1000.00
247.145;2907;-1.39;-3.03;317.54;-1.04;-3.07;-3.77;0.79;0.50;581;2;1;7;0.67;0.50;0.45;-0.11;-0.01;-0.04;0.00;0.93;-1.31;-2.95;-44.65;0.79;0.50;0.009;1.05;2.13;-1000.00;-1000.00
247.265;2920;-1.35;-3.08;324.60;-1.04;-3.07;-3.77;0.79;0.50;581;2;1;7;0.65;0.50;0.44;-0.12;-0.01;-0.05;-0.01;0.99;-1.28;-2.98;-39.70;0.79;0.50;0.021;1.05;2.13;-1000.00;-1000.00
247.345;2926;-1.33;-3.10;327.89;-1.04;-3.07;-3.77;0.79;0.50;581;2;1;7;0.68;0.50;0.43;-0.11;-0.01;-0.04;0.00;0.92;-1.25;-3.00;-34.74;0.79;0.50;0.007;1.05;2.13;-1000.00;-1000.00
247.465;2941;-1.28;-3.14;335.54;-1.04;-3.07;-3.77;0.79;0.50;581;2;1;7;0.66;0.50;0.41;-0.10;-0.01;-0.03;-0.01;0.92;-1.22;-3.02;-29.79;0.79;0.50;0.026;1.05;2.13;-1000.00;-1000.00
247.555;2950;-1.25;-3.16;340.01;-1.04;-3.07;-3.77;0.79;0.50;581;2;1;7;0.68;0.50;0.41;-0.09;-0.00;-0.01;0.00;0.81;-1.19;-3.04;-24.83;0.79;0.50;0.011;1.05;2.13;-1000.00;-1000.00
247.665;2960;-1.21;-3.18;344.73;-1.04;-3.07;-3.77;0.79;0.50;581;2;1;7;0.71;0.49;0.41;-0.10;-0.00;-0.07;-0.03;0.92;-1.16;-3.05;-19.88;0.79;0.50;0.014;1.05;2.13;-1000.00;-1000.00
247.755;2969;-1.18;-3.20;350.21;-1.04;-3.07;-3.77;0.79;0.50;581;2;1;7;0.65;0.49;0.45;-0.15;-0.01;-0.10;-0.17;1.25;-1.14;-3.06;-17.40;0.79;0.50;0.011;1.05;2.13;-1000.00;-1000.00
247.875;2979;-1.14;-3.22;357.03;-1.04;-3.07;-3.77;0.79;0.50;581;2;1;7;0.61;0.48;0.46;-0.13;0.00;0.00;0.02;1.16;-1.11;-3.07;-12.44;0.79;0.50;0.024;1.05;2.13;-1000.00;-1000.00
247.955;2988;-1.10;-3.23;363.17;-0.66;-2.89;54.20;0.73;0.50;581;3;1;7;0.59;0.47;0.47;-0.16;-0.00;-0.03;-0.06;1.15;-1.07;-3.07;-7.49;0.79;0.50;0.016;1.05;2.13;-1000.00;-1000.00
248.055;2998;-1.05;-3.24;368.99;-0.66;-2.89;54.20;0.73;0.50;581;3;1;7;0.16;0.47;0.45;-0.13;-0.01;-0.02;-0.04;0.98;-1.03;-3.07;-2.53;0.78;0.50;0.009;1.05;2.13;-1000.00;-1000.00
248.155;3006;-1.01;-3.24;372.31;-0.66;-2.89;54.20;0.73;0.50;581;3;1;7;0.18;0.47;0.44;-0.05;-0.00;0.05;0.15;0.11;-1.02;-3.08;-0.07;0.78;0.50;0.010;1.05;2.13;-1000.00;-1000.00
248.255;3021;-0.94;-3.23;372.43;-0.66;-2.89;54.20;0.73;0.50;581;3;1;7;0.50;0.47;0.47;0.02;-0.01;-0.01;0.01;0.04;-0.98;-3.07;4.83;0.78;0.50;0.010;1.05;2.13;-1000.00;-1000.00
248.345;3027;-0.92;-3.22;373.67;-0.66;-2.89;54.20;0.73;0.50;581;3;1;7;0.62;0.47;0.48;-0.00;-0.01;0.00;0.02;0.61;-0.94;-3.07;9.69;0.77;0.50;0.005;1.05;2.13;-1000.00;-1000.00
248.455;3039;-0.86;-3.22;379.32;-0.66;-2.89;54.20;0.73;0.50;581;3;1;7;0.65;0.48;0.46;-0.12;-0.01;-0.01;-0.11;1.00;-0.91;-3.06;14.50;0.77;0.50;0.005;1.05;2.13;-1000.00;-1000.00
248.555;3050;-0.81;-3.21;385.44;-0.66;-2.89;54.20;0.73;0.50;581;3;1;7;0.63;0.48;0.43;-0.13;-0.00;-0.02;0.04;0.96;-0.87;-3.05;19.26;0.76;0.50;0.015;1.05;2.13;-1000.00;-1000.00
248.645;3058;-0.78;-3.20;389.92;-0.66;-2.89;54.20;0.73;0.50;581;3;1;7;0.64;0.48;0.44;-0.13;-0.01;-0.01;-0.05;0.96;-0.84;-3.04;23.98;0.76;0.50;0.006;1.05;2.13;-1000.00;-1000.00
248.755;3067;-0.74;-3.19;394.74;-0.66;-2.89;54.20;0.73;0.50;581;3;1;7;0.61;0.47;0.44;-0.11;-0.01;-0.01;-0.04;0.95;-0.82;-3.03;26.33;0.76;0.50;0.011;1.05;2.13;-1000.00;-1000.00
248.865;3081;-0.68;-3.16;401.86;-0.66;-2.89;54.20;0.73;0.50;581;3;1;7;0.58;0.46;0.44;-0.09;-0.01;-0.00;-0.04;0.84;-0.79;-3.01;30.99;0.75;0.50;0.013;1.05;2.13;-1000.00;-1000.00
248.955;3091;-0.64;-3.14;406.22;-0.66;-2.89;54.20;0.73;0.50;581;3;1;7;0.61;0.45;0.43;-0.09;-0.01;-0.00;-0.03;0.71;-0.76;-2.99;35.60;0.75;0.50;0.011;1.05;2.13;-1000.00;-1000.00
249.045;3096;-0.63;-3.13;408.38;-0.66;-2.89;54.20;0.73;0.50;581;3;1;7;0.63;0.45;0.42;-0.09;-0.01;0.00;-0.04;0.80;-0.75;-2.98;37.90;0.75;0.50;0.005;1.05;2.13;-1000.00;-1000.00
249.155;3110;-0.58;-3.09;414.48;-0.66;-2.89;54.20;0.73;0.50;581;3;1;7;0.62;0.43;0.40;-0.09;-0.01;-0.00;-0.03;0.74;-0.72;-2.96;42.45;0.74;0.50;0.015;1.05;2.13;-1000.00;-1000.00
249.265;3120;-0.55;-3.06;418.57;-0.66;-2.89;54.20;0.73;0.50;581;3;1;7;0.64;0.42;0.39;-0.08;-0.01;-0.00;-0.03;0.67;-0.69;-2.93;46.96;0.74;0.50;0.021;1.05;2.13;-1000.00;-1000.00
249.345;3129;-0.53;-3.03;422.13;-0.66;-2.89;54.20;0.73;0.50;581;3;1;7;0.62;0.41;0.37;-0.07;-0.00;-0.01;-0.02;0.68;-0.68;-2.92;49.20;0.73;0.50;0.005;1.05;2.13;-1000.00;-1000.00
249.445;3139;-0.51;-3.00;425.71;-0.66;-2.89;54.20;0.73;0.50;581;3;1;7;0.65;0.39;0.37;-0.06;-0.00;-0.00;-0.02;0.57;-0.66;-2.89;53.65;0.73;0.50;0.006;1.05;2.13;-1000.00;-1000.00
249.555;3147;-0.49;-2.98;428.43;-0.66;-2.89;54.20;0.73;0.50;581;3;1;7;0.63;0.38;0.35;-0.06;-0.00;0.00;-0.02;0.61;-0.65;-2.88;55.84;0.72;0.50;0.011;1.05;2.13;-1000.00;-1000.00
249.645;3158;-0.48;-2.94;432.07;-0.66;-2.89;54.20;0.73;0.50;581;3;1;7;0.62;0.37;0.37;-0.06;-0.01;0.04;-0.06;0.55;-0.63;-2.85;60.01;0.68;0.50;0.005;1.05;2.13;-1000.00;-1000.00
249.745;3166;-0.46;-2.92;435.06;-0.66;-2.89;54.20;0.73;0.50;581;3;1;7;0.58;0.35;0.35;-0.03;-0.00;-0.14;0.15;0.59;-0.62;-2.83;61.99;0.66;0.50;0.008;1.05;2.13;-1000.00;-1000.00
249.845;3177;-0.44;-2.88;439.49;-0.66;-2.89;54.20;0.73;0.50;581;3;1;7;0.52;0.34;0.35;-0.09;-0.00;0.02;0.00;0.66;-0.60;-2.80;65.74;0.63;0.50;0.005;1.05;2.13;-1000.00;-1000.00
249.955;3190;-0.43;-2.84;443.82;-0.66;-2.89;54.20;0.73;0.50;581;3;1;7;0.45;0.32;0.33;-0.07;-0.00;-0.02;0.03;0.48;-0.60;-2.78;67.52;0.61;0.50;0.014;1.05;2.13;-1000.00;-1000.00
250.065;3200;-0.42;-2.81;446.06;-0.66;-2.89;54.20;0.73;0.50;581;3;1;7;0.41;0.30;0.32;-0.06;-0.01;0.05;-0.03;0.36;-0.59;-2.76;69.23;0.59;0.50;0.020;1.06;2.13;-1000.00;-1000.00
250.145;3208;-0.41;-2.78;447.38;-0.66;-2.89;54.20;0.73;0.50;581;3;1;7;0.43;0.28;0.29;-0.05;-0.01;-0.02;0.02;0.23;-0.58;-2.73;72.46;0.56;0.50;0.005;1.06;2.13;-1000.00;-1000.00
250.255;3219;-0.41;-2.75;448.93;-0.66;-2.89;54.20;0.73;0.50;581;3;1;7;0.42;0.27;0.28;-0.02;-0.01;-0.15;0.10;0.21;-0.57;-2.71;73.98;0.54;0.50;0.012;1.06;2.13;-1000.00;-1000.00
250.345;3227;-0.41;-2.73;450.20;-0.66;-2.89;54.20;0.73;0.50;581;3;1;7;0.41;0.25;0.28;-0.03;-0.01;0.07;-0.06;0.23;-0.57;-2.70;75.44;0.52;0.50;0.006;1.06;2.13;-1000.00;-1000.00
250.445;3236;-0.41;-2.70;451.05;-0.66;-2.89;54.20;0.73;0.50;581;3;1;7;0.40;0.24;0.27;0.00;-0.01;0.08;-0.06;0.16;-0.56;-2.68;76.84;0.51;0.50;0.005;1.06;2.13;-1000.00;-1000.00
250.565;3250;-0.41;-2.67;451.70;-0.66;-2.89;54.20;0.73;0.50;581;3;1;7;0.42;0.22;0.24;0.00;-0.01;0.02;-0.02;0.05;-0.56;-2.64;79.47;0.47;0.50;0.015;1.06;2.13;-1000.00;-1000.00
250.655;3261;-0.41;-2.64;452.07;-0.66;-2.89;54.20;0.73;0.50;581;3;1;7;0.43;0.21;0.23;0.01;-0.01;-0.03;0.01;0.04;-0.55;-2.62;80.70;0.45;0.50;0.006;1.06;2.13;-1000.00;-1000.00
250.755;3269;-0.41;-2.62;452.29;-0.66;-2.89;54.20;0.73;0.50;581;3;1;7;0.44;0.21;0.23;0.00;-0.01;0.08;-0.05;0.07;-0.55;-2.61;81.87;0.44;0.50;0.007;1.06;2.13;-1000.00;-1000.00
250.895;3284;-0.41;-2.59;452.65;-0.55;-2.45;90.00;-0.00;0.50;114;0;1;0;0.45;0.20;0.21;0.00;-0.01;0.01;-0.01;0.03;-0.55;-2.59;82.99;0.42;0.50;0.043;1.06;2.13;-1000.00;-1000.00
250.965;3288;-0.41;-2.58;452.72;-0.55;-2.45;90.00;-0.00;0.50;114;0;1;0;0.20;0.23;0.20;0.01;-0.01;-0.05;0.02;0.01;-0.55;-2.45;90.00;-0.00;0.50;0.024;1.06;2.13;-1000.00;-1000.00
251.075;3301;-0.41;-2.55;452.26;-0.55;-2.45;90.00;-0.00;0.50;114;0;1;0;0.22;0.26;0.23;0.01;-0.01;0.00;-0.01;-0.14;-0.55;-2.45;90.00;-0.00;0.50;0.030;1.06;2.13;-1000.00;-1000.00
251.175;3311;-0.42;-2.53;451.71;-0.55;-2.45;90.00;-0.00;0.50;114;0;1;0;0.24;0.28;0.27;-0.00;-0.01;0.09;-0.05;-0.03;-0.55;-2.45;90.00;-0.00;0.50;0.030;1.06;2.13;-1000.00;-1000.00
251.275;3320;-0.42;-2.51;451.63;-0.55;-2.45;90.00;-0.00;0.50;114;0;1;0;0.24;0.29;0.28;0.00;-0.01;0.05;-0.03;0.04;-0.55;-2.45;90.00;-0.00;0.50;0.024;1.06;2.13;-1000.00;-1000.00
251.375;3330;-0.42;-2.48;451.72;-0.55;-2.45;90.00;-0.00;0.50;114;0;1;0;0.24;0.31;0.29;0.00;-0.01;-0.04;0.02;0.01;-0.55;-2.45;90.00;-0.00;0.50;0.028;1.06;2.13;-1000.00;-1000.00
251.465;3341;-0.42;-2.44;451.91;-0.55;-2.45;90.00;-0.00;0.50;114;0;1;0;0.22;0.32;0.31;0.00;-0.01;0.01;-0.01;0.03;-0.55;-2.45;90.00;-0.00;0.50;0.026;1.06;2.13;-1000.00;-1000.00
251.575;3349;-0.42;-2.42;452.04;-0.55;-2.45;90.00;-0.00;0.50;114;0;1;0;0.21;0.32;0.32;0.01;-0.01;-0.02;0.01;0.01;-0.55;-2.41;90.00;-0.00;0.50;0.034;1.06;2.13;-1000.00;-1000.00
251.665;3358;-0.42;-2.39;452.15;-0.55;-2.45;90.00;-0.00;0.50;114;0;1;0;0.20;0.33;0.34;-0.00;-0.01;0.09;-0.06;0.06;-0.55;-2.39;90.00;-0.00;0.50;0.025;1.06;2.13;-1000.00;-1000.00
251.785;3372;-0.42;-2.34;452.31;-0.55;-2.45;90.00;-0.00;0.50;114;0;1;0;0.19;0.34;0.34;0.00;-0.01;0.01;-0.01;0.02;-0.55;-2.35;90.00;-0.00;0.50;0.040;1.06;2.13;-1000.00;-1000.00
251.885;3383;-0.43;-2.31;452.40;-0.55;-2.45;90.00;-0.00;0.50;114;0;1;0;0.18;0.34;0.35;0.00;-0.01;0.06;-0.03;0.03;-0.55;-2.33;90.00;-0.00;0.50;0.040;1.06;2.13;-1000.00;-1000.00
251.995;3391;-0.43;-2.28;452.43;-0.55;-2.45;90.00;-0.00;0.50;114;0;1;0;0.18;0.35;0.34;0.01;-0.01;-0.04;0.02;-0.01;-0.55;-2.29;90.00;-0.00;0.50;0.046;1.06;2.13;-1000.00;-1000.00
252.095;3402;-0.43;-2.24;452.49;-0.55;-2.21;90.00;-0.00;0.50;114;1;1;0;0.17;0.36;0.36;0.00;-0.01;0.05;-0.03;0.02;-0.55;-2.26;90.00;-0.00;0.50;0.045;1.06;2.13;-1000.00;-1000.00
252.165;3411;-0.43;-2.21;452.51;-0.55;-2.21;90.00;-0.00;0.50;114;1;1;0;0.16;0.36;0.35;0.01;-0.01;-0.04;0.02;-0.01;-0.55;-2.22;90.00;-0.00;0.50;0.024;1.06;2.13;-1000.00;-1000.00
252.285;3421;-0.43;-2.17;452.55;-0.55;-2.21;90.00;-0.00;0.50;114;1;1;0;0.16;0.37;0.36;0.01;-0.01;-0.04;0.02;-0.01;-0.55;-2.19;90.00;-0.00;0.50;0.033;1.06;2.13;-1000.00;-1000.00
252.365;3430;-0.44;-2.14;452.60;-0.55;-2.21;90.00;-0.00;0.50;114;1;1;0;0.15;0.37;0.37;0.00;-0.01;0.04;-0.03;0.03;-0.55;-2.14;90.00;-0.00;0.50;0.022;1.06;2.13;-1000.00;-1000.00
252.465;3440;-0.44;-2.10;452.57;-0.55;-2.21;90.00;-0.00;0.50;114;1;1;0;0.15;0.38;0.37;0.00;-0.01;-0.06;0.03;-0.02;-0.55;-2.11;90.00;-0.00;0.50;0.024;1.06;2.13;-1000.00;-1000.00
252.555;3448;-0.44;-2.07;452.58;-0.55;-1.97;90.00;-0.00;0.50;114;2;1;0;0.14;0.38;0.38;0.01;-0.01;-0.06;0.03;-0.02;-0.55;-2.07;90.00;-0.00;0.50;0.018;1.06;2.13;-1000.00;-1000.00
252.655;3459;-0.44;-2.03;452.64;-0.55;-1.97;90.00;-0.00;0.50;114;2;1;0;0.13;0.39;0.39;0.00;-0.01;0.06;-0.03;0.03;-0.55;-2.03;90.00;-0.00;0.50;0.011;1.06;2.13;-1000.00;-1000.00
252.755;3467;-0.44;-2.00;452.66;-0.55;-1.97;90.00;-0.00;0.50;114;2;1;0;0.13;0.39;0.40;-0.00;-0.01;0.08;-0.05;0.01;-0.55;-1.99;90.00;-0.00;0.50;0.010;1.06;2.13;-1000.00;-1000.00
252.875;3482;-0.45;-1.94;452.65;-0.55;-1.97;90.00;-0.00;0.50;114;2;1;0;0.12;0.40;0.39;0.01;-0.01;-0.06;0.03;-0.01;-0.55;-1.96;90.00;-0.00;0.50;0.028;1.06;2.13;-1000.00;-1000.00
252.975;3490;-0.45;-1.91;452.64;-0.55;-1.97;90.00;-0.00;0.50;114;2;1;0;0.12;0.40;0.40;0.01;-0.01;-0.06;0.03;-0.02;-0.55;-1.92;90.00;-0.00;0.50;0.028;1.06;2.13;-1000.00;-1000.00
253.055;3501;-0.45;-1.86;452.64;-0.55;-1.74;90.00;-0.00;0.50;114;3;1;0;0.11;0.40;0.40;0.01;-0.01;-0.02;0.01;-0.01;-0.55;-1.87;90.00;-0.00;0.50;0.016;1.06;2.13;-1000.00;-1000.00
253.155;3509;-0.45;-1.83;452.62;-0.55;-1.74;90.00;-0.00;0.50;114;3;1;0;0.11;0.41;0.40;0.01;-0.01;-0.02;0.01;-0.01;-0.55;-1.82;90.00;-0.00;0.50;0.014;1.06;2.13;-1000.00;-1000.00
253.255;3520;-0.46;-1.78;452.62;-0.55;-1.74;90.00;-0.00;0.50;114;3;1;0;0.10;0.41;0.41;0.00;-0.01;0.02;-0.02;0.00;-0.55;-1.79;90.00;-0.00;0.50;0.007;1.06;2.13;-1000.00;-1000.00
253.355;3528;-0.46;-1.75;452.60;-0.55;-1.74;90.00;-0.00;0.50;114;3;1;0;0.10;0.42;0.42;0.00;-0.01;0.02;-0.02;-0.00;-0.55;-1.75;90.00;-0.00;0.50;0.005;1.06;2.13;-1000.00;-1000.00
253.445;3537;-0.46;-1.71;452.58;-0.55;-1.74;90.00;-0.00;0.50;114;3;1;0;0.09;0.42;0.42;0.00;-0.01;-0.02;0.01;-0.01;-0.55;-1.72;90.00;-0.00;0.50;0.006;1.06;2.13;-1000.00;-1000.00
253.555;3547;-0.46;-1.67;452.60;-0.55;-1.74;90.00;-0.00;0.50;114;3;1;0;0.09;0.42;0.42;0.00;-0.01;0.04;-0.02;0.02;-0.55;-1.67;90.00;-0.00;0.50;0.014;1.06;2.13;-1000.00;-1000.00
253.655;3558;-0.46;-1.63;452.64;-0.55;-1.50;90.00;0.00;0.50;114;4;1;0;0.08;0.43;0.43;0.00;-0.01;0.02;-0.02;0.00;-0.55;-1.62;90.00;-0.00;0.50;0.006;1.06;2.13;-1000.00;-1000.00
253.745;3566;-0.47;-1.59;452.64;-0.55;-1.50;90.00;0.00;0.50;114;4;1;0;0.07;0.43;0.43;0.00;-0.01;0.02;-0.01;-0.01;-0.55;-1.60;90.00;-0.00;0.50;0.002;1.06;2.13;-1000.00;-1000.00
253.855;3577;-0.47;-1.54;452.60;-0.55;-1.50;90.00;0.00;0.50;114;4;1;0;0.07;0.43;0.44;0.00;-0.00;0.01;-0.01;-0.01;-0.55;-1.55;90.00;0.00;0.50;0.002;1.06;2.13;-1000.00;-1000.00
254.015;3596;-0.47;-1.46;452.55;-0.55;-1.14;84.96;-0.49;0.50;990;1;1;6;0.07;0.44;0.44;0.00;-0.00;0.01;-0.01;-0.01;-0.55;-1.50;90.00;0.00;0.50;0.064;1.06;2.13;-1000.00;-1000.00
254.065;3600;-0.47;-1.44;452.53;-0.55;-1.14;84.96;-0.49;0.50;990;1;1;6;0.30;0.45;0.44;0.00;-0.00;0.01;-0.01;-0.01;-0.55;-1.25;90.00;-0.05;0.05;0.024;1.06;2.13;-1000.00;-1000.00
254.165;3611;-0.48;-1.39;453.94;-0.55;-1.14;84.96;-0.49;0.50;990;1;1;6;0.16;0.45;0.46;-0.01;-0.01;0.07;-0.04;0.40;-0.55;-1.25;90.00;-0.05;0.05;0.025;1.06;2.13;-1000.00;-1000.00
254.265;3619;-0.48;-1.36;454.75;-0.49;-0.93;63.79;-0.75;0.50;990;2;1;6;0.06;0.45;0.46;0.01;-0.01;0.06;-0.03;0.07;-0.55;-1.25;90.00;-0.05;0.05;0.018;1.06;2.13;-1000.00;-1000.00
254.365;3630;-0.48;-1.31;454.48;-0.49;-0.93;63.79;-0.75;0.50;990;2;1;6;-0.01;0.44;0.46;0.01;-0.01;0.05;-0.03;-0.09;-0.55;-1.25;90.00;-0.05;0.05;0.022;1.06;2.13;-1000.00;-1000.00
254.465;3638;-0.49;-1.27;453.84;-0.49;-0.93;63.79;-0.75;0.50;990;2;1;6;-0.09;0.43;0.44;0.01;-0.01;0.03;-0.02;-0.17;-0.55;-1.25;90.00;-0.05;0.05;0.021;1.06;2.13;-1000.00;-1000.00
254.565;3649;-0.49;-1.22;452.57;-0.36;-0.77;37.77;-0.70;0.50;990;3;1;6;-0.33;0.42;0.43;0.01;-0.01;0.02;-0.02;-0.25;-0.55;-1.22;89.41;-0.25;0.25;0.024;1.06;2.13;-1000.00;-1000.00
254.655;3657;-0.49;-1.19;450.88;-0.36;-0.77;37.77;-0.70;0.50;990;3;1;6;-0.51;0.42;0.42;-0.00;0.00;-0.07;-0.04;-0.52;-0.55;-1.19;87.88;-0.37;0.38;0.013;1.06;2.13;-1000.00;-1000.00
254.755;3668;-0.49;-1.14;447.08;-0.36;-0.77;37.77;-0.70;0.50;990;3;1;6;-0.59;0.42;0.44;0.03;-0.01;0.08;0.07;-0.77;-0.55;-1.14;84.80;-0.49;0.50;0.010;1.06;2.13;-1000.00;-1000.00
254.855;3681;-0.49;-1.09;441.42;-0.36;-0.77;37.77;-0.70;0.50;990;3;1;6;-0.57;0.42;0.40;0.04;-0.01;-0.10;-0.05;-0.72;-0.54;-1.11;82.31;-0.53;0.50;0.009;1.06;2.13;-1000.00;-1000.00
254.945;3687;-0.49;-1.06;438.92;-0.16;-0.67;16.78;-0.54;0.50;990;4;1;6;-0.64;0.42;0.41;0.08;-0.01;0.01;-0.01;-0.69;-0.53;-1.05;77.62;-0.60;0.50;0.007;1.06;2.13;-1000.00;-1000.00
255.045;3699;-0.49;-1.01;433.63;-0.16;-0.67;16.78;-0.54;0.50;990;4;1;6;-0.72;0.42;0.40;0.13;-0.01;0.13;0.03;-0.93;-0.52;-1.00;72.20;-0.66;0.50;0.001;1.06;2.13;-1000.00;-1000.00
255.165;3710;-0.49;-0.97;427.69;-0.16;-0.67;16.78;-0.54;0.50;990;4;1;6;-0.73;0.43;0.41;0.14;-0.01;0.15;0.00;-1.13;-0.50;-0.96;67.28;-0.72;0.50;0.002;1.06;2.13;-1000.00;-1000.00
255.245;3719;-0.48;-0.93;422.41;-0.16;-0.67;16.78;-0.54;0.50;990;4;1;6;-0.71;0.43;0.39;0.13;-0.01;0.05;0.03;-1.05;-0.49;-0.93;63.24;-0.75;0.50;0.002;1.06;2.13;-1000.00;-1000.00
255.345;3729;-0.47;-0.89;416.84;-0.16;-0.67;16.78;-0.54;0.50;990;4;1;6;-0.69;0.43;0.37;0.11;-0.01;-0.08;0.03;-0.89;-0.47;-0.89;57.76;-0.74;0.50;0.008;1.06;2.13;-1000.00;-1000.00
255.445;3737;-0.46;-0.86;412.79;-0.16;-0.67;16.78;-0.54;0.50;990;4;1;6;-0.66;0.43;0.41;0.13;-0.01;0.16;-0.04;-0.99;-0.46;-0.87;55.07;-0.73;0.50;0.002;1.06;2.13;-1000.00;-1000.00
255.555;3750;-0.44;-0.82;406.75;-0.16;-0.67;16.78;-0.54;0.50;990;4;1;6;-0.62;0.43;0.40;0.08;-0.01;0.05;-0.00;-0.79;-0.44;-0.85;51.08;-0.72;0.50;0.014;1.06;2.13;-1000.00;-1000.00
255.655;3759;-0.42;-0.78;403.13;-0.16;-0.67;16.78;-0.54;0.50;990;4;1;6;-0.69;0.44;0.41;0.08;-0.01;0.04;-0.00;-0.66;-0.40;-0.81;44.59;-0.71;0.50;0.002;1.06;2.13;-1000.00;-1000.00
255.745;3770;-0.39;-0.75;398.35;0.05;-0.64;0.57;-0.47;0.50;990;5;1;6;-0.70;0.44;0.41;0.07;-0.01;0.05;-0.01;-0.90;-0.37;-0.78;39.51;-0.70;0.50;0.001;1.06;2.13;-1000.00;-1000.00
255.845;3778;-0.37;-0.73;394.37;0.05;-0.64;0.57;-0.47;0.50;990;5;1;6;-0.66;0.44;0.42;0.05;-0.01;0.05;-0.02;-0.90;-0.34;-0.76;35.80;-0.68;0.50;0.001;1.06;2.13;-1000.00;-1000.00
255.945;3788;-0.33;-0.70;389.79;0.05;-0.64;0.57;-0.47;0.50;990;5;1;6;-0.62;0.45;0.44;0.04;-0.01;0.04;-0.01;-0.77;-0.31;-0.74;32.25;-0.66;0.50;0.001;1.06;2.13;-1000.00;-1000.00
256.045;3798;-0.29;-0.68;385.89;0.05;-0.64;0.57;-0.47;0.50;990;5;1;6;-0.61;0.45;0.46;0.01;-0.00;0.02;-0.00;-0.60;-0.28;-0.72;27.78;-0.63;0.50;0.001;1.06;2.13;-1000.00;-1000.00
256.145;3807;-0.25;-0.66;382.73;0.05;-0.64;0.57;-0.47;0.50;990;5;1;6;-0.62;0.46;0.50;-0.01;-0.00;0.03;-0.01;-0.57;-0.24;-0.70;23.61;-0.60;0.50;0.002;1.06;2.13;-1000.00;-1000.00
256.285;3822;-0.18;-0.64;377.51;0.19;-0.64;8.62;0.63;0.50;689;1;1;3;-0.62;0.46;0.56;-0.06;-0.00;0.03;-0.01;-0.58;-0.19;-0.68;18.77;-0.56;0.50;0.034;1.06;2.13;-1000.00;-1000.00
256.375;3831;-0.14;-0.63;373.41;0.19;-0.64;8.62;0.63;0.50;689;1;1;3;-0.79;0.44;0.46;0.09;-0.00;-0.01;-0.03;-0.92;0.05;-0.65;-0.00;0.08;0.06;0.032;1.06;2.13;-1000.00;-1000.00
256.475;3841;-0.10;-0.60;366.47;0.45;-0.55;25.88;0.22;0.50;689;2;1;3;-0.61;0.43;0.43;0.19;-0.01;0.04;-0.13;-1.55;0.05;-0.65;-0.00;0.08;0.06;0.027;1.06;2.13;-1000.00;-1000.00
256.555;3850;-0.06;-0.59;359.83;0.45;-0.55;25.88;0.22;0.50;689;2;1;3;-0.15;0.42;0.41;0.18;-0.00;0.03;-0.06;-1.08;0.05;-0.65;-0.00;0.08;0.06;0.018;1.06;2.13;-1000.00;-1000.00
256.675;3859;-0.02;-0.58;357.32;0.45;-0.55;25.88;0.22;0.50;689;2;1;3;-0.01;0.40;0.41;0.05;-0.01;-0.12;0.22;0.09;0.05;-0.65;-0.00;0.08;0.06;0.025;1.06;2.13;-1000.00;-1000.00
256.755;3869;0.02;-0.58;357.67;0.45;-0.55;25.88;0.22;0.50;689;2;1;3;0.01;0.38;0.41;-0.01;-0.01;0.04;-0.07;0.16;0.05;-0.65;-0.00;0.08;0.06;0.011;1.06;2.13;-1000.00;-1000.00
256.855;3879;0.06;-0.58;358.53;0.45;-0.55;25.88;0.22;0.50;689;2;1;3;0.02;0.36;0.39;-0.01;-0.01;0.02;-0.02;0.14;0.05;-0.65;-0.00;0.08;0.06;0.017;1.06;2.13;-1000.00;-1000.00
256.955;3887;0.09;-0.58;359.12;0.45;-0.55;25.88;0.22;0.50;689;2;1;3;0.29;0.35;0.37;-0.01;-0.01;0.02;-0.01;0.12;0.09;-0.65;1.06;0.33;0.26;0.013;1.06;2.13;-1000.00;-1000.00
257.055;3897;0.12;-0.58;360.51;0.45;-0.55;25.88;0.22;0.50;689;2;1;3;0.50;0.35;0.35;0.00;0.01;0.02;0.05;0.45;0.13;-0.65;3.70;0.48;0.38;0.013;1.06;2.13;-1000.00;-1000.00
257.175;3911;0.17;-0.58;364.55;0.45;-0.55;25.88;0.22;0.50;689;2;1;3;0.58;0.35;0.36;-0.02;-0.01;-0.00;-0.00;0.57;0.17;-0.64;6.83;0.58;0.46;0.037;1.06;2.13;-1000.00;-1000.00
257.255;3917;0.20;-0.58;366.37;0.45;-0.55;25.88;0.22;0.50;689;2;1;3;0.66;0.36;0.35;-0.00;-0.01;0.04;0.09;0.55;0.20;-0.64;9.97;0.61;0.50;0.010;1.06;2.13;-1000.00;-1000.00
257.355;3929;0.24;-0.58;370.91;0.69;-0.43;24.15;-0.31;0.50;689;3;1;3;0.57;0.36;0.34;-0.02;-0.01;0.06;0.16;0.65;0.24;-0.63;13.92;0.54;0.50;0.016;1.06;2.13;-1000.00;-1000.00
257.445;3940;0.28;-0.57;374.94;0.69;-0.43;24.15;-0.31;0.50;689;3;1;3;0.47;0.37;0.35;-0.10;-0.01;-0.02;-0.11;0.61;0.29;-0.62;17.32;0.47;0.50;0.007;1.06;2.13;-1000.00;-1000.00
257.565;3948;0.31;-0.57;376.73;0.69;-0.43;24.15;-0.31;0.50;689;3;1;3;0.46;0.37;0.36;-0.08;-0.01;-0.02;-0.11;0.40;0.32;-0.61;19.53;0.43;0.50;0.013;1.06;2.13;-1000.00;-1000.00
257.655;3959;0.35;-0.56;378.90;0.69;-0.43;24.15;-0.31;0.50;689;3;1;3;0.43;0.37;0.35;-0.04;-0.01;0.02;0.08;0.31;0.36;-0.59;22.04;0.36;0.50;0.012;1.06;2.13;-1000.00;-1000.00
257.755;3967;0.37;-0.56;380.48;0.69;-0.43;24.15;-0.31;0.50;689;3;1;3;0.38;0.38;0.36;-0.03;-0.01;0.02;0.09;0.27;0.38;-0.58;23.12;0.33;0.50;0.011;1.06;2.13;-1000.00;-1000.00
257.855;3981;0.42;-0.54;382.56;0.69;-0.43;24.15;-0.31;0.50;689;3;1;3;0.29;0.38;0.39;-0.01;-0.01;-0.03;-0.08;0.24;0.41;-0.57;24.54;0.28;0.50;0.011;1.06;2.13;-1000.00;-1000.00
257.955;3989;0.45;-0.53;382.91;0.69;-0.43;24.15;-0.31;0.50;689;3;1;3;0.30;0.38;0.38;0.02;-0.01;-0.00;0.05;0.01;0.45;-0.55;26.04;0.21;0.50;0.008;1.06;2.13;-1000.00;-1000.00
258.045;3999;0.49;-0.51;383.16;0.69;-0.43;24.15;-0.31;0.50;689;3;1;3;0.24;0.39;0.38;0.01;-0.01;-0.00;0.02;0.03;0.49;-0.53;27.07;0.12;0.50;0.005;1.06;2.13;-1000.00;-1000.00
258.165;4009;0.52;-0.50;383.18;0.69;-0.43;24.15;-0.31;0.50;689;3;1;3;0.19;0.39;0.41;0.00;-0.01;-0.02;-0.11;0.03;0.53;-0.51;27.58;0.04;0.50;0.013;1.06;2.13;-1000.00;-1000.00
258.265;4017;0.55;-0.48;383.02;0.69;-0.43;24.15;-0.31;0.50;689;3;1;3;0.14;0.39;0.41;0.00;-0.01;-0.02;-0.11;-0.03;0.56;-0.49;27.61;-0.03;0.50;0.014;1.06;2.13;-1000.00;-1000.00
258.355;4029;0.60;-0.46;382.45;0.69;-0.43;24.15;-0.31;0.50;689;3;1;3;0.08;0.40;0.41;0.01;-0.01;-0.01;-0.09;-0.08;0.59;-0.48;27.34;-0.09;0.50;0.008;1.06;2.13;-1000.00;-1000.00
258.455;4037;0.62;-0.45;381.86;0.69;-0.43;24.15;-0.31;0.50;689;3;1;3;0.00;0.40;0.39;0.01;-0.01;0.01;0.05;-0.17;0.63;-0.46;26.52;-0.18;0.50;0.008;1.06;2.13;-1000.00;-1000.00
258.555;4050;0.67;-0.43;380.63;0.96;-0.36;0.57;-0.79;0.50;689;4;1;3;-0.07;0.40;0.41;0.00;-0.01;-0.01;-0.05;-0.17;0.66;-0.44;25.55;-0.24;0.50;0.012;1.06;2.13;-1000.00;-1000.00
258.685;4060;0.71;-0.42;379.42;0.95;-0.35;0.00;0.00;-0.50;396;0;1;2;-0.19;0.40;0.40;0.00;-0.00;0.00;0.04;-0.25;0.70;-0.43;23.78;-0.32;0.50;0.029;1.06;2.13;-1000.00;-1000.00
258.835;4079;0.78;-0.39;378.27;0.65;-0.35;0.00;-0.00;0.50;210;0;1;0;0.79;0.36;0.36;-0.03;-0.04;0.09;-0.26;0.82;0.74;-0.35;-0.00;0.00;-0.50;0.065;1.06;2.13;-1000.00;-1000.00
258.895;4083;0.80;-0.39;380.90;0.89;-0.35;-0.00;-0.00;0.50;210;1;1;0;0.79;0.36;0.35;-0.04;-0.01;0.01;0.05;1.18;0.78;-0.35;-0.00;-0.00;0.50;0.052;1.06;2.13;-1000.00;-1000.00
258.965;4088;0.81;-0.39;383.95;0.89;-0.35;-0.00;-0.00;0.50;210;1;1;0;0.79;0.36;0.24;-0.08;0.01;-0.11;0.07;1.00;0.81;-0.35;-0.00;-0.00;0.50;0.020;1.06;2.13;-1000.00;-1000.00
259.065;4098;0.82;-0.39;385.40;0.89;-0.35;-0.00;-0.00;0.50;210;1;1;0;0.79;0.36;-0.01;-0.00;-0.01;-0.00;-0.06;-0.13;0.82;-0.35;-0.00;-0.00;0.50;0.014;1.06;2.13;-1000.00;-1000.00
259.165;4111;0.82;-0.39;384.42;0.89;-0.35;-0.00;-0.00;0.50;210;1;1;0;0.79;0.36;0.00;0.01;-0.00;-0.00;-0.03;-0.09;0.82;-0.35;-0.00;-0.00;0.50;0.021;1.06;2.13;-1000.00;-1000.00
259.285;4121;0.82;-0.39;383.88;0.89;-0.35;-0.00;-0.00;0.50;210;1;1;0;0.79;0.36;0.00;-0.00;-0.00;-0.00;-0.03;-0.07;0.82;-0.35;-0.00;-0.00;0.50;0.031;1.06;2.13;-1000.00;-1000.00
259.375;4132;0.82;-0.39;383.68;0.89;-0.35;-0.00;-0.00;0.50;210;1;1;0;0.79;0.36;0.00;-0.00;0.00;-0.00;0.00;-0.02;0.82;-0.35;-0.00;-0.00;0.50;0.029;1.06;2.13;-1000.00;-1000.00
259.475;4140;0.82;-0.39;383.59;0.89;-0.35;-0.00;-0.00;0.50;210;1;1;0;0.79;0.36;0.00;0.00;-0.00;-0.00;0.00;-0.02;0.82;-0.35;-0.00;-0.00;0.50;0.024;1.06;2.13;-1000.00;-1000.00
259.575;4151;0.82;-0.39;383.49;0.89;-0.35;-0.00;-0.00;0.50;210;1;1;0;0.79;0.36;0.00;0.00;-0.00;-0.00;0.00;-0.01;0.82;-0.35;-0.00;-0.00;0.50;0.029;1.06;2.13;-1000.00;-1000.00
259.665;4159;0.82;-0.39;383.44;0.89;-0.35;-0.00;-0.00;0.50;210;1;1;0;0.79;0.36;0.00;0.00;-0.00;-0.00;0.00;-0.01;0.82;-0.35;-0.00;-0.00;0.50;0.020;1.06;2.13;-1000.00;-1000.00
259.765;4168;0.82;-0.39;383.40;0.89;-0.35;-0.00;-0.00;0.50;210;1;1;0;0.79;0.36;0.00;0.00;-0.00;-0.00;0.00;-0.01;0.82;-0.35;-0.00;-0.00;0.50;0.016;1.06;2.13;-1000.00;-1000.00
259.865;4179;0.82;-0.39;383.36;0.89;-0.35;-0.00;-0.00;0.50;210;1;1;0;0.79;0.36;0.00;0.00;-0.00;-0.00;0.00;-0.00;0.82;-0.35;-0.00;-0.00;0.50;0.018;1.06;2.13;-1000.00;-1000.00
259.965;4191;0.82;-0.39;383.34;0.89;-0.35;-0.00;-0.00;0.50;210;1;1;0;0.79;0.36;0.00;0.00;-0.00;-0.00;0.00;-0.00;0.82;-0.35;-0.00;-0.00;0.50;0.026;1.06;2.13;-1000.00;-1000.00
260.065;4200;0.82;-0.39;383.32;0.89;-0.35;-0.00;-0.00;0.50;210;1;1;0;0.79;0.36;0.00;0.00;-0.00;-0.00;0.00;-0.00;0.82;-0.35;-0.00;-0.00;0.50;0.023;1.06;2.13;-1000.00;-1000.00
260.185;4214;0.82;-0.39;383.31;0.89;-0.35;-0.00;-0.00;0.50;210;1;1;0;0.79;0.36;0.00;0.00;-0.00;-0.00;0.00;-0.00;0.82;-0.35;-0.00;-0.00;0.50;0.038;1.06;2.13;-1000.00;-1000.00
260.255;4218;0.82;-0.39;383.31;0.89;-0.35;-0.00;-0.00;0.50;210;1;1;0;0.79;0.36;0.00;0.00;-0.00;-0.00;0.00;-0.00;0.82;-0.35;-0.00;-0.00;0.50;0.013;1.06;2.13;-1000.00;-1000.00
260.355;4228;0.82;-0.39;383.30;0.89;-0.35;-0.00;-0.00;0.50;210;1;1;0;0.79;0.36;0.00;0.00;-0.00;-0.00;0.00;-0.00;0.82;-0.35;-0.00;-0.00;0.50;0.014;1.06;2.13;-1000.00;-1000.00
260.485;4242;0.82;-0.39;383.30;0.89;-0.35;-0.00;-0.00;0.50;210;1;1;0;0.79;0.36;0.00;0.00;-0.00;-0.00;0.00;-0.00;0.82;-0.35;-0.00;-0.00;0.50;0.035;1.06;2.13;-1000.00;-1000.00
260.575;4253;0.82;-0.39;383.29;0.89;-0.35;-0.00;-0.00;0.50;210;1;1;0;0.79;0.36;0.00;0.00;-0.00;-0.00;0.00;-0.00;0.82;-0.35;-0.00;-0.00;0.50;0.029;1.06;2.13;-1000.00;-1000.00
260.675;4261;0.82;-0.39;383.29;0.89;-0.35;-0.00;-0.00;0.50;210;1;1;0;0.79;0.36;0.00;0.00;-0.00;-0.00;0.00;-0.00;0.82;-0.35;-0.00;-0.00;0.50;0.029;1.06;2.13;-1000.00;-1000.00
260.785;4271;0.82;-0.39;383.29;0.89;-0.35;-0.00;-0.00;0.50;210;1;1;0;-0.79;0.36;0.00;0.00;-0.00;-0.00;0.00;-0.00;0.82;-0.35;-0.00;-0.00;0.50;0.034;1.06;2.13;-1000.00;-1000.00
260.865;4281;0.83;-0.38;381.59;0.89;-0.35;-0.00;-0.00;0.50;210;1;1;0;-0.79;0.37;0.28;-0.01;0.00;-0.02;0.03;-1.11;0.82;-0.35;-0.00;-0.00;0.50;0.025;1.06;2.13;-1000.00;-1000.00
260.965;4290;0.86;-0.37;375.42;0.89;-0.35;-0.00;-0.00;0.50;210;1;1;0;-0.70;0.37;0.37;0.02;-0.01;-0.11;0.10;-1.13;0.84;-0.35;-0.00;-0.00;0.50;0.024;1.06;2.13;-1000.00;-1000.00
261.065;4301;0.90;-0.36;369.08;1.13;-0.35;-0.00;-0.00;0.50;210;2;1;0;-0.43;0.38;0.36;0.13;-0.04;-0.09;-0.11;-0.98;0.89;-0.35;-0.00;-0.00;0.50;0.018;1.06;2.13;-1000.00;-1000.00
261.165;4309;0.93;-0.34;366.01;1.13;-0.35;-0.00;-0.00;0.50;210;2;1;0;-0.31;0.38;0.36;0.09;-0.00;-0.01;-0.02;-0.39;0.93;-0.35;-0.00;-0.00;0.50;0.018;1.06;2.13;-1000.00;-1000.00
261.255;4319;0.96;-0.34;364.47;1.13;-0.35;-0.00;-0.00;0.50;210;2;1;0;-0.25;0.39;0.37;0.03;-0.01;-0.10;0.14;-0.11;0.96;-0.35;-0.00;-0.00;0.50;0.012;1.06;2.13;-1000.00;-1000.00
261.345;4329;1.00;-0.33;363.53;1.13;-0.35;-0.00;-0.00;0.50;210;2;1;0;-0.22;0.39;0.41;0.02;-0.01;0.08;-0.08;-0.17;1.00;-0.35;-0.00;-0.00;0.50;0.011;1.06;2.13;-1000.00;-1000.00
261.455;4337;1.03;-0.33;362.86;1.13;-0.35;-0.00;-0.00;0.50;210;2;1;0;-0.20;0.40;0.39;0.01;-0.01;-0.10;0.14;-0.08;1.03;-0.35;-0.00;-0.00;0.50;0.013;1.06;2.13;-1000.00;-1000.00
