t;frame;x;y;z;x_ref;y_ref;z_ref;delta_ref;u_ref;state;ellipse;control;action;delta;u;vx;vy;vz;wx;wy;wz;xr;yr;zr;delr;ur;obs1x;obs1y;obs2x;obs2y
6155.625;16;1.10;-0.30;0.16;0.85;-0.35;-0.00;0.00;-0.50;403;1;1;2;-0.11;-0.04;-0.00;-0.00;0.00;0.01;0.01;0.01;0.95;-0.35;0.00;0.00;-0.50;0.087;3.89;3.50;-1000.00;-1000.00
6155.665;20;1.10;-0.30;0.17;0.85;-0.35;-0.00;0.00;-0.50;403;1;1;2;-0.11;-0.08;-0.00;-0.00;0.00;0.00;0.02;0.00;0.95;-0.35;0.00;0.00;-0.50;0.032;3.89;3.50;-1000.00;-1000.00
6155.765;31;1.10;-0.30;0.18;0.85;-0.35;-0.00;0.00;-0.50;403;1;1;2;-0.11;-0.12;0.00;0.00;-0.00;-0.01;-0.02;-0.01;0.95;-0.35;0.00;0.00;-0.50;0.034;3.89;3.50;-1000.00;-1000.00
6155.875;39;1.09;-0.30;0.31;0.85;-0.35;-0.00;0.00;-0.50;403;1;1;2;-0.11;-0.15;-0.09;-0.01;-0.02;-0.03;-0.18;0.05;0.95;-0.35;0.00;0.00;-0.50;0.034;3.89;3.50;-1000.00;-1000.00
6155.975;49;1.08;-0.30;0.53;0.85;-0.35;-0.00;0.00;-0.50;403;1;1;2;-0.09;-0.18;-0.15;-0.00;-0.00;-0.03;-0.06;0.03;0.95;-0.35;0.00;0.00;-0.50;0.035;3.89;3.50;-1000.00;-1000.00
6156.065;59;1.07;-0.30;0.74;0.85;-0.35;-0.00;0.00;-0.50;403;1;1;2;-0.08;-0.21;-0.18;-0.00;0.00;-0.03;-0.06;0.03;0.95;-0.35;0.00;0.00;-0.50;0.030;3.89;3.50;-1000.00;-1000.00
6156.155;68;1.05;-0.30;0.96;0.85;-0.35;-0.00;0.00;-0.50;403;1;1;2;-0.07;-0.24;-0.21;-0.00;0.00;0.00;-0.00;0.04;0.95;-0.35;0.00;0.00;-0.50;0.019;3.89;3.50;-1000.00;-1000.00
6156.265;79;1.02;-0.30;1.16;0.85;-0.35;-0.00;0.00;-0.50;403;1;1;2;-0.06;-0.26;-0.24;0.00;0.00;0.00;-0.00;0.03;0.95;-0.35;0.00;0.00;-0.50;0.025;3.89;3.50;-1000.00;-1000.00
6156.345;87;1.00;-0.30;1.25;0.76;-0.35;-0.00;0.00;-0.50;403;2;1;2;-0.06;-0.28;-0.26;-0.00;0.00;0.00;-0.00;0.02;0.95;-0.35;0.00;0.00;-0.50;0.012;3.89;3.50;-1000.00;-1000.00
6156.445;98;0.97;-0.30;1.33;0.76;-0.35;-0.00;0.00;-0.50;403;2;1;2;-0.05;-0.29;-0.28;0.00;0.00;0.00;-0.00;0.01;0.95;-0.35;0.00;0.00;-0.50;0.011;3.89;3.50;-1000.00;-1000.00
6156.555;109;0.94;-0.30;1.37;0.76;-0.35;-0.00;0.00;-0.50;403;2;1;2;-0.05;-0.30;-0.29;0.00;-0.00;0.00;-0.00;0.01;0.95;-0.35;0.00;0.00;-0.50;0.022;3.89;3.50;-1000.00;-1000.00
6156.685;121;0.91;-0.30;1.40;0.65;-0.35;0.00;-0.00;0.37;217;0;1;7;-0.04;-0.31;-0.30;0.00;-0.00;0.00;-0.00;0.00;0.93;-0.35;-0.00;0.00;-0.50;0.025;3.89;3.50;-1000.00;-1000.00
6156.765;129;0.88;-0.30;1.40;1.03;-0.30;24.90;0.79;0.50;217;1;1;7;-0.04;-0.31;-0.31;-0.00;-0.00;0.00;-0.00;0.00;0.91;-0.34;10.05;0.54;0.46;0.031;3.89;3.50;-1000.00;-1000.00
6156.855;140;0.86;-0.31;1.08;1.03;-0.30;24.90;0.79;0.50;217;1;1;7;-0.04;-0.31;-0.01;-0.00;-0.00;0.02;0.04;-0.06;0.87;-0.34;7.48;0.48;0.45;0.016;3.89;3.50;-1000.00;-1000.00
6156.945;148;0.86;-0.31;0.96;1.03;-0.30;24.90;0.79;0.50;217;1;1;7;-0.04;-0.31;0.01;0.00;0.00;-0.00;0.00;-0.02;0.87;-0.34;7.48;0.48;0.45;0.018;3.89;3.50;-1000.00;-1000.00
6157.045;157;0.86;-0.30;0.88;1.03;-0.30;24.90;0.79;0.50;217;1;1;7;-0.04;-0.31;0.00;0.00;-0.00;-0.00;-0.00;-0.01;0.87;-0.34;7.48;0.48;0.45;0.015;3.89;3.50;-1000.00;-1000.00
6157.145;167;0.86;-0.31;0.82;1.03;-0.30;24.90;0.79;0.50;217;1;1;7;-0.04;-0.31;0.00;-0.00;0.00;-0.00;0.01;-0.01;0.87;-0.34;7.48;0.48;0.45;0.015;3.89;3.50;-1000.00;-1000.00
6157.255;178;0.86;-0.31;0.80;1.03;-0.30;24.90;0.79;0.50;217;1;1;7;-0.04;-0.31;-0.00;-0.00;0.00;0.00;0.02;-0.00;0.87;-0.34;7.48;0.48;0.45;0.018;3.89;3.50;-1000.00;-1000.00
6157.345;186;0.86;-0.31;0.79;1.03;-0.30;24.90;0.79;0.50;217;1;1;7;-0.04;-0.31;-0.00;-0.00;0.00;0.00;0.02;-0.00;0.87;-0.34;7.48;0.48;0.45;0.014;3.89;3.50;-1000.00;-1000.00
6157.485;201;0.86;-0.31;0.78;1.03;-0.30;24.90;0.79;0.50;217;1;1;7;-0.04;-0.31;-0.00;-0.00;0.00;0.01;0.01;0.01;0.87;-0.34;7.48;0.48;0.45;0.047;3.89;3.50;-1000.00;-1000.00
6157.555;209;0.86;-0.31;0.78;1.03;-0.30;24.90;0.79;0.50;217;1;1;7;-0.04;-0.31;-0.00;0.00;-0.00;-0.01;-0.01;-0.01;0.87;-0.34;7.48;0.48;0.45;0.023;3.89;3.50;-1000.00;-1000.00
6157.655;220;0.86;-0.31;0.79;1.03;-0.30;24.90;0.79;0.50;217;1;1;7;-0.04;-0.31;-0.00;-0.00;-0.00;-0.01;-0.01;0.01;0.87;-0.34;7.48;0.48;0.45;0.019;3.89;3.50;-1000.00;-1000.00
6157.745;228;0.86;-0.31;0.80;1.03;-0.30;24.90;0.79;0.50;217;1;1;7;-0.04;-0.31;0.00;0.00;-0.00;-0.01;-0.02;-0.01;0.87;-0.34;7.48;0.48;0.45;0.013;3.89;3.50;-1000.00;-1000.00
6157.845;237;0.86;-0.31;0.82;1.03;-0.30;24.90;0.79;0.50;217;1;1;7;-0.04;-0.31;-0.00;-0.00;0.00;0.01;0.00;0.01;0.87;-0.34;7.48;0.48;0.45;0.014;3.89;3.50;-1000.00;-1000.00
6157.995;252;0.86;-0.31;0.84;1.03;-0.30;24.90;0.79;0.50;217;1;1;7;-0.04;-0.31;-0.00;-0.00;-0.00;-0.01;-0.01;0.01;0.87;-0.34;7.48;0.48;0.45;0.053;3.89;3.50;-1000.00;-1000.00
6158.045;258;0.86;-0.31;0.84;1.03;-0.30;24.90;0.79;0.50;217;1;1;7;-0.04;-0.31;0.00;0.00;-0.00;-0.01;-0.02;-0.01;0.87;-0.34;7.48;0.48;0.45;0.018;3.89;3.50;-1000.00;-1000.00
6158.155;270;0.86;-0.31;0.87;1.03;-0.30;24.90;0.79;0.50;217;1;1;7;-0.04;-0.31;-0.00;-0.00;-0.00;-0.01;-0.01;0.01;0.87;-0.34;7.48;0.48;0.45;0.024;3.89;3.50;-1000.00;-1000.00
6158.265;280;0.86;-0.31;0.88;1.03;-0.30;24.90;0.79;0.50;217;1;1;7;-0.04;-0.31;-0.00;-0.00;-0.00;-0.01;-0.01;0.01;0.87;-0.34;7.48;0.48;0.45;0.026;3.90;3.50;-1000.00;-1000.00
6158.365;290;0.86;-0.31;0.90;1.03;-0.30;24.90;0.79;0.50;217;1;1;7;-0.04;-0.31;-0.00;-0.00;-0.00;-0.01;-0.00;0.01;0.87;-0.34;7.48;0.48;0.45;0.032;3.90;3.50;-1000.00;-1000.00
6158.455;298;0.86;-0.31;0.91;1.03;-0.30;24.90;0.79;0.50;217;1;1;7;-0.04;-0.31;-0.00;-0.00;-0.00;-0.01;-0.01;0.01;0.87;-0.34;7.48;0.48;0.45;0.021;3.90;3.50;-1000.00;-1000.00
6158.555;308;0.86;-0.31;0.92;1.03;-0.30;24.90;0.79;0.50;217;1;1;7;-0.04;-0.31;-0.00;-0.00;-0.00;-0.01;-0.01;0.01;0.87;-0.34;7.48;0.48;0.45;0.019;3.90;3.50;-1000.00;-1000.00
6158.655;318;0.86;-0.31;0.94;1.03;-0.30;24.90;0.79;0.50;217;1;1;7;-0.04;-0.31;-0.00;-0.00;-0.00;-0.01;-0.00;0.01;0.87;-0.34;7.48;0.48;0.45;0.017;3.90;3.50;-1000.00;-1000.00
6158.745;327;0.86;-0.31;0.95;1.03;-0.30;24.90;0.79;0.50;217;1;1;7;-0.04;-0.31;-0.00;-0.00;0.00;0.00;0.02;0.00;0.87;-0.34;7.48;0.48;0.45;0.014;3.90;3.50;-1000.00;-1000.00
6158.855;337;0.86;-0.31;0.97;1.03;-0.30;24.90;0.79;0.50;217;1;1;7;-0.04;-0.31;-0.00;-0.00;0.00;0.00;0.02;0.00;0.87;-0.34;7.48;0.48;0.45;0.016;3.90;3.50;-1000.00;-1000.00
6158.955;351;0.86;-0.31;0.99;1.03;-0.30;24.90;0.79;0.50;217;1;1;7;-0.04;-0.31;-0.00;-0.00;0.00;0.00;0.02;0.00;0.87;-0.34;7.48;0.48;0.45;0.028;3.90;3.50;-1000.00;-1000.00
6159.065;360;0.86;-0.31;1.00;1.03;-0.30;24.90;0.79;0.50;217;1;1;7;-0.04;-0.31;-0.00;-0.00;-0.00;-0.01;-0.00;0.01;0.87;-0.34;7.48;0.48;0.45;0.025;3.90;3.50;-1000.00;-1000.00
6159.165;369;0.86;-0.31;1.02;1.03;-0.30;24.90;0.79;0.50;217;1;1;7;-0.04;-0.31;-0.00;-0.00;0.00;0.00;0.02;0.00;0.87;-0.34;7.48;0.48;0.45;0.036;3.90;3.50;-1000.00;-1000.00
6159.255;380;0.86;-0.31;1.03;1.03;-0.30;24.90;0.79;0.50;217;1;1;7;-0.04;-0.31;0.00;0.00;-0.00;-0.01;-0.02;-0.01;0.87;-0.34;7.48;0.48;0.45;0.017;3.90;3.50;-1000.00;-1000.00
6159.355;389;0.86;-0.31;1.05;1.03;-0.30;24.90;0.79;0.50;217;1;1;7;-0.04;-0.31;-0.00;-0.00;0.00;0.00;0.02;0.00;0.87;-0.34;7.48;0.48;0.45;0.020;3.90;3.50;-1000.00;-1000.00
6159.455;399;0.86;-0.31;1.06;1.03;-0.30;24.90;0.79;0.50;217;1;1;7;-0.04;-0.31;-0.00;-0.00;0.00;0.01;0.01;0.01;0.87;-0.34;7.48;0.48;0.45;0.026;3.90;3.50;-1000.00;-1000.00
6159.545;407;0.86;-0.31;1.07;1.03;-0.30;24.90;0.79;0.50;217;1;1;7;-0.04;-0.31;-0.00;-0.00;0.00;0.00;0.02;0.00;0.87;-0.34;7.48;0.48;0.45;0.015;3.90;3.50;-1000.00;-1000.00
6159.675;420;0.86;-0.31;1.09;1.03;-0.30;24.90;0.79;0.50;217;1;1;7;-0.04;-0.31;-0.00;-0.00;-0.00;-0.01;-0.01;0.01;0.87;-0.34;7.48;0.48;0.45;0.034;3.90;3.50;-1000.00;-1000.00
6159.755;428;0.86;-0.31;1.10;1.03;-0.30;24.90;0.79;0.50;217;1;1;7;0.68;-0.26;-0.00;0.00;-0.00;-0.01;-0.01;-0.00;0.87;-0.34;7.48;0.48;0.45;0.021;3.90;3.50;-1000.00;-1000.00
6159.865;438;0.85;-0.31;-0.58;1.03;-0.30;24.90;0.79;0.50;217;1;1;7;0.68;-0.22;-0.22;0.03;0.00;0.01;-0.01;-0.75;0.86;-0.34;6.37;0.44;0.44;0.022;3.90;3.50;-1000.00;-1000.00
6159.945;447;0.83;-0.30;-3.97;1.03;-0.30;24.90;0.79;0.50;217;1;1;7;0.73;-0.18;-0.23;0.00;-0.01;0.01;-0.01;-0.51;0.84;-0.35;5.36;0.41;0.44;0.016;3.90;3.50;-1000.00;-1000.00
6160.065;460;0.80;-0.30;-6.66;1.03;-0.30;24.90;0.79;0.50;217;1;1;7;0.71;-0.14;-0.16;0.01;-0.01;0.06;-0.09;-0.33;0.81;-0.35;3.66;0.35;0.43;0.026;3.90;3.50;-1000.00;-1000.00
6160.165;470;0.79;-0.30;-7.57;1.03;-0.30;24.90;0.79;0.50;217;1;1;7;0.68;-0.11;-0.13;0.01;-0.01;0.06;-0.09;-0.12;0.79;-0.35;2.95;0.32;0.42;0.028;3.90;3.50;-1000.00;-1000.00
6160.255;479;0.78;-0.29;-7.91;1.03;-0.30;24.90;0.79;0.50;217;1;1;7;0.65;-0.07;-0.12;0.02;-0.01;-0.04;0.08;0.03;0.78;-0.35;2.32;0.29;0.42;0.023;3.90;3.50;-1000.00;-1000.00
6160.355;489;0.77;-0.29;-7.85;1.03;-0.30;24.90;0.79;0.50;217;1;1;7;0.61;-0.04;-0.08;0.02;-0.01;-0.01;0.02;0.06;0.76;-0.35;1.79;0.25;0.41;0.018;3.90;3.50;-1000.00;-1000.00
6160.455;498;0.76;-0.29;-7.41;1.03;-0.30;24.90;0.79;0.50;217;1;1;7;0.58;-0.01;-0.03;-0.00;-0.01;0.03;-0.07;0.07;0.76;-0.35;1.79;0.25;0.41;0.015;3.90;3.50;-1000.00;-1000.00
6160.545;508;0.76;-0.29;-6.72;1.03;-0.30;24.90;0.79;0.50;217;1;1;7;0.55;0.02;-0.02;-0.00;-0.01;-0.03;0.08;0.18;0.76;-0.35;1.79;0.25;0.41;0.013;3.90;3.50;-1000.00;-1000.00
6160.655;517;0.76;-0.29;-5.88;1.03;-0.30;24.90;0.79;0.50;217;1;1;7;0.52;0.04;0.01;0.00;-0.00;-0.03;0.08;0.20;0.76;-0.35;1.79;0.25;0.41;0.020;3.90;3.50;-1000.00;-1000.00
6160.745;527;0.76;-0.29;-5.00;1.03;-0.30;24.90;0.79;0.50;217;1;1;7;0.49;0.06;0.03;-0.00;-0.00;-0.01;0.03;0.19;0.76;-0.35;1.79;0.25;0.41;0.015;3.90;3.50;-1000.00;-1000.00
6160.855;540;0.77;-0.29;-3.91;1.03;-0.30;24.90;0.79;0.50;217;1;1;7;0.47;0.08;0.07;0.00;0.00;0.00;0.01;0.12;0.76;-0.35;1.79;0.25;0.41;0.026;3.90;3.50;-1000.00;-1000.00
6160.965;550;0.78;-0.29;-3.23;1.03;-0.30;24.90;0.79;0.50;217;1;1;7;0.47;0.10;0.09;-0.00;0.00;-0.01;-0.02;0.10;0.78;-0.35;2.32;0.29;0.42;0.032;3.90;3.50;-1000.00;-1000.00
6161.055;559;0.79;-0.29;-2.62;1.03;-0.30;24.90;0.79;0.50;217;1;1;7;0.47;0.12;0.10;-0.01;0.00;0.00;0.02;0.14;0.78;-0.35;2.32;0.29;0.42;0.023;3.90;3.50;-1000.00;-1000.00
6161.155;569;0.80;-0.29;-1.78;1.03;-0.30;24.90;0.79;0.50;217;1;1;7;0.49;0.14;0.12;-0.00;-0.00;-0.00;0.00;0.14;0.79;-0.35;2.95;0.32;0.42;0.018;3.90;3.50;-1000.00;-1000.00
6161.245;578;0.81;-0.29;-1.01;1.03;-0.30;24.90;0.79;0.50;217;1;1;7;0.51;0.15;0.14;-0.00;-0.01;0.00;0.00;0.15;0.81;-0.35;3.66;0.35;0.43;0.014;3.90;3.50;-1000.00;-1000.00
6161.355;588;0.83;-0.29;-0.10;1.03;-0.30;24.90;0.79;0.50;217;1;1;7;0.53;0.17;0.16;-0.00;-0.01;0.00;0.00;0.16;0.83;-0.35;4.46;0.38;0.43;0.019;3.90;3.50;-1000.00;-1000.00
6161.455;597;0.84;-0.29;0.75;1.03;-0.30;24.90;0.79;0.50;217;1;1;7;0.57;0.19;0.17;-0.00;-0.01;0.00;0.00;0.18;0.84;-0.35;5.36;0.41;0.44;0.017;3.90;3.50;-1000.00;-1000.00
6161.555;607;0.86;-0.29;1.88;1.03;-0.30;24.90;0.79;0.50;217;1;1;7;0.60;0.20;0.17;-0.05;-0.01;0.02;-0.02;0.25;0.86;-0.34;6.37;0.44;0.44;0.015;3.90;3.50;-1000.00;-1000.00
6161.655;618;0.88;-0.29;3.24;1.03;-0.30;24.90;0.79;0.50;217;1;1;7;0.63;0.22;0.20;0.01;-0.01;-0.08;0.09;0.23;0.87;-0.34;7.48;0.48;0.45;0.016;3.90;3.50;-1000.00;-1000.00
6161.765;630;0.90;-0.29;5.10;1.27;0.06;86.23;0.79;0.50;217;2;1;7;0.71;0.23;0.22;0.00;-0.01;-0.07;0.08;0.22;0.91;-0.34;10.05;0.54;0.46;0.023;3.90;3.50;-1000.00;-1000.00
6161.855;639;0.92;-0.29;7.25;1.27;0.06;86.23;0.79;0.50;217;2;1;7;0.79;0.24;0.22;-0.01;-0.01;0.06;-0.06;0.47;0.92;-0.33;11.51;0.57;0.46;0.022;3.90;3.49;-1000.00;-1000.00
6161.945;649;0.95;-0.29;10.06;1.27;0.06;86.23;0.79;0.50;217;2;1;7;0.79;0.25;0.25;-0.00;-0.00;-0.11;0.12;0.50;0.95;-0.33;14.82;0.63;0.47;0.015;3.90;3.49;-1000.00;-1000.00
6162.035;657;0.97;-0.28;12.79;1.27;0.06;86.23;0.79;0.50;217;2;1;7;0.79;0.27;0.25;-0.06;-0.01;0.21;-0.19;0.75;0.97;-0.32;16.67;0.67;0.48;0.009;3.90;3.49;-1000.00;-1000.00
6162.145;668;0.99;-0.28;16.59;1.27;0.06;86.23;0.79;0.50;217;2;1;7;0.79;0.28;0.27;0.00;-0.00;-0.14;0.12;0.48;1.00;-0.31;20.80;0.73;0.49;0.011;3.90;3.49;-1000.00;-1000.00
6162.245;677;1.02;-0.27;19.56;1.27;0.06;86.23;0.79;0.50;217;2;1;7;0.79;0.29;0.27;-0.05;-0.01;0.18;-0.12;0.67;1.04;-0.29;25.52;0.79;0.50;0.013;3.90;3.49;-1000.00;-1000.00
6162.345;687;1.05;-0.27;22.72;1.27;0.06;86.23;0.79;0.50;217;2;1;7;0.79;0.31;0.31;-0.01;-0.01;-0.17;0.11;0.44;1.05;-0.29;28.00;0.79;0.50;0.010;3.90;3.49;-1000.00;-1000.00
6162.445;696;1.07;-0.26;25.79;1.27;0.06;86.23;0.79;0.50;217;2;1;7;0.79;0.32;0.29;-0.03;-0.01;0.13;-0.07;0.68;1.08;-0.27;32.96;0.79;0.50;0.011;3.90;3.49;-1000.00;-1000.00
6162.545;706;1.10;-0.24;29.11;1.27;0.06;86.23;0.79;0.50;217;2;1;7;0.79;0.34;0.34;-0.02;-0.01;-0.14;0.06;0.56;1.11;-0.25;37.91;0.79;0.50;0.011;3.90;3.49;-1000.00;-1000.00
6162.655;719;1.14;-0.23;34.01;1.27;0.06;86.23;0.79;0.50;217;2;1;7;0.79;0.36;0.36;-0.06;-0.01;0.06;-0.04;0.65;1.14;-0.22;42.87;0.79;0.50;0.017;3.90;3.49;-1000.00;-1000.00
6162.755;729;1.18;-0.21;37.82;1.27;0.06;86.23;0.79;0.50;217;2;1;7;0.79;0.37;0.39;-0.07;-0.01;0.07;-0.02;0.81;1.15;-0.21;45.35;0.79;0.50;0.024;3.90;3.49;-1000.00;-1000.00
6162.845;738;1.21;-0.19;41.94;1.27;0.06;86.23;0.79;0.50;217;2;1;7;0.79;0.39;0.39;-0.08;-0.01;0.05;-0.01;0.80;1.19;-0.17;52.78;0.79;0.50;0.012;3.90;3.49;-1000.00;-1000.00
6162.955;748;1.24;-0.17;46.81;1.27;0.06;86.23;0.79;0.50;217;2;1;7;0.79;0.41;0.38;-0.09;-0.07;0.19;0.30;1.07;1.21;-0.14;57.73;0.79;0.50;0.018;3.90;3.49;-1000.00;-1000.00
6163.045;756;1.27;-0.15;51.47;1.27;0.06;86.23;0.79;0.50;217;2;1;7;0.79;0.43;0.44;-0.04;-0.02;-0.26;-0.01;1.05;1.22;-0.12;60.21;0.79;0.50;0.009;3.90;3.49;-1000.00;-1000.00
6163.155;767;1.30;-0.11;59.35;1.27;0.06;86.23;0.79;0.50;217;2;1;7;0.79;0.44;0.44;-0.07;-0.00;0.03;-0.01;1.39;1.24;-0.09;65.17;0.79;0.50;0.020;3.90;3.49;-1000.00;-1000.00
6163.255;779;1.34;-0.07;68.11;1.27;0.06;86.23;0.79;0.50;217;2;1;7;0.79;0.44;0.47;-0.08;-0.01;-0.16;-0.06;1.29;1.25;-0.06;70.12;0.79;0.50;0.016;3.90;3.49;-1000.00;-1000.00
6163.345;786;1.36;-0.04;74.08;1.09;0.44;144.20;0.73;0.50;217;3;1;7;0.79;0.45;0.46;-0.14;-0.01;0.08;0.01;1.56;1.26;-0.02;75.08;0.79;0.50;0.009;3.90;3.49;-1000.00;-1000.00
6163.445;799;1.38;0.02;85.56;1.09;0.44;144.20;0.73;0.50;217;3;1;7;0.51;0.45;0.45;-0.16;-0.00;0.03;-0.01;1.81;1.27;0.01;80.03;0.79;0.50;0.016;3.90;3.49;-1000.00;-1000.00
6163.545;809;1.40;0.06;92.53;1.09;0.44;144.20;0.73;0.50;217;3;1;7;0.45;0.45;0.46;-0.09;-0.01;-0.07;-0.06;0.74;1.27;0.05;84.99;0.79;0.50;0.013;3.90;3.49;-1000.00;-1000.00
6163.635;818;1.40;0.10;95.41;1.09;0.44;144.20;0.73;0.50;217;3;1;7;0.60;0.46;0.46;-0.02;0.00;0.02;0.01;0.57;1.27;0.10;92.39;0.78;0.50;0.008;3.90;3.49;-1000.00;-1000.00
6163.745;828;1.39;0.15;99.99;1.09;0.44;144.20;0.73;0.50;217;3;1;7;0.64;0.46;0.45;-0.00;-0.00;-0.06;-0.02;0.90;1.27;0.14;97.26;0.78;0.50;0.007;3.90;3.49;-1000.00;-1000.00
6163.845;837;1.38;0.19;105.44;1.09;0.44;144.20;0.73;0.50;217;3;1;7;0.63;0.47;0.46;-0.07;-0.02;0.15;0.19;1.16;1.27;0.17;102.10;0.77;0.50;0.005;3.90;3.49;-1000.00;-1000.00
6163.945;847;1.37;0.24;110.64;1.09;0.44;144.20;0.73;0.50;217;3;1;7;0.64;0.47;0.50;-0.02;-0.00;-0.09;-0.12;0.62;1.26;0.21;106.88;0.77;0.50;0.006;3.90;3.49;-1000.00;-1000.00
6164.045;856;1.36;0.28;114.51;1.09;0.44;144.20;0.73;0.50;217;3;1;7;0.70;0.48;0.49;-0.10;-0.01;0.09;0.16;0.95;1.24;0.24;111.63;0.76;0.50;0.007;3.90;3.49;-1000.00;-1000.00
6164.135;866;1.34;0.33;119.39;1.09;0.44;144.20;0.73;0.50;217;3;1;7;0.75;0.48;0.55;-0.06;-0.01;-0.06;-0.14;0.84;1.23;0.28;116.33;0.76;0.50;0.007;3.90;3.50;-1000.00;-1000.00
6164.265;881;1.31;0.40;128.21;1.09;0.44;144.20;0.73;0.50;217;3;1;7;0.71;0.47;0.55;-0.14;-0.01;-0.00;0.02;0.94;1.21;0.31;120.99;0.75;0.50;0.024;3.90;3.50;-1000.00;-1000.00
6164.355;889;1.29;0.45;132.55;1.09;0.44;144.20;0.73;0.50;217;3;1;7;0.77;0.46;0.56;-0.17;-0.00;-0.03;0.04;1.09;1.19;0.34;125.60;0.75;0.50;0.012;3.90;3.50;-1000.00;-1000.00
6164.435;896;1.27;0.48;137.18;1.09;0.44;144.20;0.73;0.50;217;3;1;7;0.79;0.46;0.53;-0.17;-0.01;-0.01;0.07;1.17;1.16;0.38;132.45;0.74;0.50;0.004;3.90;3.50;-1000.00;-1000.00
6164.545;908;1.24;0.54;146.29;1.09;0.44;144.20;0.73;0.50;217;3;1;7;0.77;0.45;0.50;-0.22;-0.01;-0.01;0.07;1.51;1.12;0.42;139.20;0.73;0.50;0.007;3.90;3.50;-1000.00;-1000.00
6164.645;919;1.20;0.59;155.19;1.09;0.44;144.20;0.73;0.50;217;3;1;7;0.66;0.44;0.48;-0.22;-0.01;-0.02;-0.01;1.47;1.09;0.44;143.65;0.73;0.50;0.013;3.90;3.50;-1000.00;-1000.00
6164.735;927;1.17;0.61;160.98;1.09;0.44;144.20;0.73;0.50;217;3;1;7;0.55;0.42;0.47;-0.17;-0.01;0.02;-0.01;1.01;1.08;0.45;145.84;0.72;0.50;0.005;3.90;3.50;-1000.00;-1000.00
6164.845;938;1.13;0.64;166.19;1.09;0.44;144.20;0.73;0.50;217;3;1;7;0.54;0.40;0.44;-0.09;-0.01;0.03;-0.03;0.65;1.03;0.48;151.99;0.66;0.50;0.010;3.90;3.50;-1000.00;-1000.00
6164.945;946;1.10;0.66;169.19;1.09;0.44;144.20;0.73;0.50;217;3;1;7;0.50;0.38;0.41;-0.04;-0.01;0.01;-0.03;0.56;1.01;0.49;153.90;0.65;0.50;0.007;3.90;3.50;-1000.00;-1000.00
6165.055;960;1.04;0.67;173.43;1.09;0.44;144.20;0.73;0.50;217;3;1;7;0.43;0.36;0.38;0.00;-0.01;0.02;-0.04;0.43;0.98;0.50;157.52;0.61;0.50;0.009;3.90;3.50;-1000.00;-1000.00
6165.145;969;1.01;0.67;175.18;1.09;0.44;144.20;0.73;0.50;217;3;1;7;0.42;0.34;0.36;-0.02;-0.02;-0.05;0.14;0.43;0.96;0.51;159.23;0.59;0.50;0.014;3.90;3.50;-1000.00;-1000.00
6165.245;980;0.97;0.67;177.06;1.09;0.44;144.20;0.73;0.50;217;3;1;7;0.41;0.32;0.36;-0.04;-0.04;-0.01;0.30;0.43;0.93;0.52;162.46;0.56;0.50;0.008;3.90;3.50;-1000.00;-1000.00
6165.345;988;0.94;0.67;178.52;1.09;0.44;144.20;0.73;0.50;217;3;1;7;0.38;0.31;0.32;-0.00;-0.01;0.02;-0.03;0.26;0.91;0.53;163.98;0.54;0.50;0.007;3.90;3.50;-1000.00;-1000.00
6165.445;999;0.91;0.68;180.04;1.09;0.44;144.20;0.73;0.50;217;3;1;7;0.38;0.29;0.30;-0.04;-0.01;0.01;-0.02;0.20;0.88;0.54;166.84;0.51;0.50;0.012;3.90;3.50;-1000.00;-1000.00
6165.535;1007;0.89;0.68;181.03;1.09;0.44;144.20;0.73;0.50;217;3;1;7;0.38;0.28;0.29;-0.05;-0.01;-0.06;0.08;0.24;0.86;0.54;168.18;0.49;0.50;0.005;3.90;3.49;-1000.00;-1000.00
6165.635;1018;0.85;0.68;182.09;1.09;0.44;144.20;0.73;0.50;217;3;1;7;0.39;0.27;0.30;-0.04;-0.04;-0.02;0.31;0.29;0.82;0.55;170.70;0.45;0.50;0.007;3.90;3.49;-1000.00;-1000.00
6165.795;1031;0.82;0.68;183.36;0.51;0.56;171.38;-0.63;0.50;489;1;1;4;0.39;0.26;0.25;-0.01;-0.01;-0.05;0.06;0.23;0.81;0.55;171.87;0.44;0.50;0.046;3.90;3.49;-1000.00;-1000.00
6165.865;1041;0.79;0.68;183.98;0.51;0.56;171.38;-0.63;0.50;489;1;1;4;0.33;0.26;0.25;0.01;-0.01;-0.04;0.04;0.14;0.65;0.55;180.00;-0.08;0.06;0.027;3.90;3.49;-1000.00;-1000.00
6165.975;1050;0.77;0.68;184.26;0.25;0.65;154.12;-0.22;0.50;489;2;1;4;0.26;0.27;0.26;0.00;-0.01;0.05;-0.06;-0.02;0.65;0.55;180.00;-0.08;0.06;0.038;3.90;3.49;-1000.00;-1000.00
6166.055;1060;0.75;0.68;184.26;0.25;0.65;154.12;-0.22;0.50;489;2;1;4;0.06;0.26;0.25;-0.01;-0.01;-0.03;0.03;-0.03;0.65;0.55;180.00;-0.08;0.06;0.023;3.90;3.49;-1000.00;-1000.00
6166.155;1068;0.73;0.68;183.60;0.25;0.65;154.12;-0.22;0.50;489;2;1;4;0.07;0.25;0.26;0.01;-0.01;-0.04;0.03;-0.21;0.65;0.55;180.00;-0.08;0.06;0.024;3.90;3.49;-1000.00;-1000.00
6166.245;1079;0.70;0.68;182.33;0.25;0.65;154.12;-0.22;0.50;489;2;1;4;0.10;0.23;0.24;-0.00;-0.01;0.01;-0.01;-0.18;0.65;0.55;180.00;-0.08;0.06;0.014;3.90;3.49;-1000.00;-1000.00
6166.355;1087;0.68;0.68;181.92;0.25;0.65;154.12;-0.22;0.50;489;2;1;4;0.10;0.22;0.22;-0.00;-0.01;-0.03;0.04;-0.07;0.65;0.55;180.00;-0.08;0.06;0.021;3.90;3.49;-1000.00;-1000.00
6166.445;1098;0.66;0.67;181.54;0.25;0.65;154.12;-0.22;0.50;489;2;1;4;0.09;0.20;0.21;0.00;-0.01;-0.02;0.02;-0.05;0.65;0.55;180.00;-0.08;0.06;0.011;3.90;3.49;-1000.00;-1000.00
6166.545;1106;0.64;0.67;181.34;0.25;0.65;154.12;-0.22;0.50;489;2;1;4;0.08;0.19;0.19;0.00;-0.00;-0.02;0.01;-0.04;0.65;0.55;180.00;-0.08;0.06;0.012;3.90;3.49;-1000.00;-1000.00
6166.655;1119;0.62;0.67;181.04;0.25;0.65;154.12;-0.22;0.50;489;2;1;4;-0.13;0.18;0.17;0.00;-0.00;-0.02;0.01;-0.04;0.62;0.55;179.40;-0.28;0.22;0.024;3.90;3.49;-1000.00;-1000.00
6166.755;1130;0.60;0.67;180.38;0.25;0.65;154.12;-0.22;0.50;489;2;1;4;-0.22;0.17;0.18;0.00;-0.00;0.00;-0.01;-0.12;0.61;0.55;178.64;-0.35;0.28;0.019;3.90;3.49;-1000.00;-1000.00
6166.855;1139;0.58;0.67;179.63;0.25;0.65;154.12;-0.22;0.50;489;2;1;4;-0.36;0.17;0.17;0.00;-0.00;0.01;-0.01;-0.14;0.58;0.55;176.89;-0.46;0.36;0.021;3.90;3.49;-1000.00;-1000.00
6166.955;1149;0.57;0.67;178.76;0.25;0.65;154.12;-0.22;0.50;489;2;1;4;-0.43;0.18;0.16;0.01;-0.00;0.02;0.01;-0.16;0.56;0.55;175.63;-0.51;0.40;0.021;3.91;3.49;-1000.00;-1000.00
6167.055;1159;0.55;0.67;177.92;0.25;0.65;154.12;-0.22;0.50;489;2;1;4;-0.51;0.18;0.16;0.01;-0.01;0.01;0.00;-0.17;0.54;0.55;174.07;-0.56;0.44;0.022;3.91;3.49;-1000.00;-1000.00
6167.155;1168;0.54;0.67;177.05;0.25;0.65;154.12;-0.22;0.50;489;2;1;4;-0.61;0.19;0.18;0.00;-0.01;-0.01;-0.02;-0.17;0.52;0.56;172.18;-0.61;0.48;0.011;3.91;3.49;-1000.00;-1000.00
6167.255;1178;0.52;0.67;175.72;0.25;0.65;154.12;-0.22;0.50;489;2;1;4;-0.65;0.20;0.18;0.01;-0.01;0.03;0.03;-0.28;0.50;0.56;170.03;-0.61;0.50;0.012;3.91;3.49;-1000.00;-1000.00
6167.355;1189;0.50;0.67;173.84;0.25;0.65;154.12;-0.22;0.50;489;2;1;4;-0.63;0.21;0.20;0.04;-0.01;0.11;0.11;-0.39;0.48;0.56;167.98;-0.57;0.50;0.023;3.91;3.49;-1000.00;-1000.00
6167.445;1198;0.48;0.67;172.30;0.01;0.77;155.85;0.31;0.50;489;3;1;4;-0.62;0.23;0.21;0.01;-0.01;-0.02;-0.03;-0.25;0.46;0.57;166.08;-0.54;0.50;0.009;3.91;3.49;-1000.00;-1000.00
6167.545;1208;0.45;0.68;170.79;0.01;0.77;155.85;0.31;0.50;489;3;1;4;-0.56;0.23;0.26;0.04;-0.04;0.08;0.31;-0.45;0.42;0.58;163.48;-0.49;0.50;0.010;3.91;3.49;-1000.00;-1000.00
6167.645;1217;0.43;0.68;169.15;0.01;0.77;155.85;0.31;0.50;489;3;1;4;-0.54;0.24;0.23;0.00;-0.01;-0.01;-0.02;-0.23;0.40;0.59;161.91;-0.46;0.50;0.008;3.91;3.49;-1000.00;-1000.00
6167.735;1227;0.41;0.68;167.95;0.01;0.77;155.85;0.31;0.50;489;3;1;4;-0.52;0.24;0.27;0.03;-0.04;0.09;0.30;-0.36;0.38;0.59;160.47;-0.43;0.50;0.006;3.91;3.49;-1000.00;-1000.00
6167.845;1236;0.39;0.69;166.54;0.01;0.77;155.85;0.31;0.50;489;3;1;4;-0.49;0.25;0.24;0.01;-0.01;-0.04;-0.03;-0.22;0.36;0.60;159.15;-0.39;0.50;0.010;3.91;3.49;-1000.00;-1000.00
6167.955;1250;0.36;0.69;164.83;0.01;0.77;155.85;0.31;0.50;489;3;1;4;-0.46;0.25;0.25;0.04;-0.01;-0.03;-0.03;-0.16;0.33;0.61;157.40;-0.34;0.50;0.017;3.91;3.49;-1000.00;-1000.00
6168.045;1259;0.33;0.70;164.03;0.01;0.77;155.85;0.31;0.50;489;3;1;4;-0.45;0.26;0.23;0.02;-0.01;0.06;0.05;-0.22;0.31;0.62;156.38;-0.31;0.50;0.013;3.91;3.49;-1000.00;-1000.00
6168.155;1269;0.31;0.70;163.60;0.01;0.77;155.85;0.31;0.50;489;3;1;4;-0.44;0.26;0.26;-0.00;-0.01;-0.10;-0.08;-0.05;0.29;0.63;155.46;-0.28;0.50;0.019;3.91;3.49;-1000.00;-1000.00
6168.245;1278;0.29;0.71;162.84;0.01;0.77;155.85;0.31;0.50;489;3;1;4;-0.43;0.27;0.26;0.04;-0.01;-0.04;-0.03;-0.09;0.26;0.64;154.29;-0.23;0.50;0.014;3.91;3.49;-1000.00;-1000.00
6168.335;1288;0.26;0.71;162.18;0.01;0.77;155.85;0.31;0.50;489;3;1;4;-0.41;0.27;0.25;0.01;-0.01;0.05;0.03;-0.15;0.23;0.66;153.38;-0.17;0.50;0.005;3.91;3.49;-1000.00;-1000.00
6168.445;1297;0.24;0.72;161.90;0.01;0.77;155.85;0.31;0.50;489;3;1;4;-0.38;0.28;0.28;-0.00;-0.01;0.04;0.04;-0.08;0.21;0.67;152.93;-0.12;0.50;0.006;3.91;3.49;-1000.00;-1000.00
6168.535;1307;0.21;0.73;161.64;0.01;0.77;155.85;0.31;0.50;489;3;1;4;-0.34;0.29;0.28;0.00;-0.01;-0.06;-0.04;0.02;0.19;0.68;152.61;-0.08;0.50;0.005;3.91;3.49;-1000.00;-1000.00
6168.635;1315;0.19;0.74;161.54;0.01;0.77;155.85;0.31;0.50;489;3;1;4;-0.31;0.29;0.28;0.01;-0.01;0.01;0.00;0.03;0.17;0.69;152.42;-0.04;0.50;0.007;3.91;3.49;-1000.00;-1000.00
6168.745;1327;0.16;0.75;161.66;0.01;0.77;155.85;0.31;0.50;489;3;1;4;-0.27;0.30;0.29;0.01;-0.01;0.01;-0.00;0.05;0.14;0.71;152.39;0.03;0.50;0.006;3.91;3.49;-1000.00;-1000.00
6168.845;1337;0.13;0.75;161.97;0.01;0.77;155.85;0.31;0.50;489;3;1;4;-0.23;0.30;0.30;0.00;-0.01;-0.05;-0.04;0.08;0.12;0.72;152.53;0.07;0.50;0.014;3.91;3.49;-1000.00;-1000.00
6168.945;1349;0.10;0.77;162.32;-0.26;0.84;179.43;0.79;0.50;489;4;1;4;-0.16;0.31;0.30;0.00;-0.01;0.03;0.03;0.05;0.08;0.74;153.22;0.15;0.50;0.006;3.91;3.49;-1000.00;-1000.00
6169.035;1358;0.07;0.77;162.88;-0.26;0.84;179.43;0.79;0.50;489;4;1;4;-0.10;0.31;0.30;0.00;-0.01;0.07;0.05;0.08;0.06;0.75;153.77;0.20;0.50;0.007;3.91;3.49;-1000.00;-1000.00
6169.135;1368;0.04;0.78;163.65;-0.26;0.84;179.43;0.79;0.50;489;4;1;4;-0.04;0.31;0.30;0.00;-0.01;0.03;0.02;0.13;0.03;0.76;154.84;0.26;0.50;0.005;3.91;3.49;-1000.00;-1000.00
6169.235;1377;0.02;0.79;164.45;-0.26;0.84;179.43;0.79;0.50;489;4;1;4;0.01;0.31;0.30;0.00;-0.01;-0.01;-0.01;0.17;0.01;0.77;155.73;0.30;0.50;0.005;3.91;3.49;-1000.00;-1000.00
6169.375;1391;-0.03;0.80;165.71;-0.25;0.85;180.00;0.11;0.00;469;1;1;5;0.08;0.31;0.30;0.00;-0.00;0.03;0.03;0.12;-0.02;0.78;157.30;0.36;0.50;0.035;3.91;3.49;-1000.00;-1000.00
6169.475;1400;-0.05;0.81;166.48;-0.44;0.83;193.57;0.65;0.50;469;2;1;5;0.18;0.32;0.31;-0.00;0.00;-0.01;-0.01;0.11;-0.25;0.85;180.04;0.18;0.07;0.039;3.91;3.49;-1000.00;-1000.00
6169.555;1410;-0.08;0.81;167.36;-0.44;0.83;193.57;0.65;0.50;469;2;1;5;0.24;0.34;0.31;-0.01;-0.00;-0.01;0.01;0.17;-0.25;0.85;180.04;0.18;0.07;0.024;3.91;3.49;-1000.00;-1000.00
6169.655;1419;-0.11;0.82;168.34;-0.44;0.83;193.57;0.65;0.50;469;2;1;5;0.28;0.36;0.33;-0.01;-0.00;-0.01;0.01;0.21;-0.25;0.85;180.04;0.18;0.07;0.032;3.91;3.49;-1000.00;-1000.00
6169.755;1429;-0.14;0.83;169.42;-0.44;0.83;193.57;0.65;0.50;469;2;1;5;0.32;0.37;0.36;-0.00;-0.01;0.02;-0.06;0.17;-0.25;0.85;180.04;0.18;0.07;0.018;3.91;3.49;-1000.00;-1000.00
6169.855;1437;-0.17;0.83;170.40;-0.44;0.83;193.57;0.65;0.50;469;2;1;5;0.35;0.37;0.35;-0.02;-0.01;-0.02;0.05;0.28;-0.25;0.85;180.04;0.18;0.07;0.023;3.91;3.49;-1000.00;-1000.00
6169.945;1448;-0.21;0.84;171.77;-0.44;0.83;193.57;0.65;0.50;469;2;1;5;0.40;0.37;0.35;-0.02;-0.01;-0.03;0.06;0.31;-0.25;0.85;180.04;0.18;0.07;0.014;3.91;3.49;-1000.00;-1000.00
6170.045;1456;-0.24;0.84;172.74;-0.44;0.83;193.57;0.65;0.50;469;2;1;5;0.44;0.36;0.37;-0.00;-0.01;0.05;-0.09;0.21;-0.25;0.85;180.04;0.18;0.07;0.009;3.91;3.49;-1000.00;-1000.00
6170.145;1467;-0.28;0.85;175.02;-0.44;0.83;193.57;0.65;0.50;469;2;1;5;0.55;0.36;0.36;-0.01;-0.01;0.00;-0.01;0.36;-0.28;0.85;180.78;0.31;0.19;0.011;3.91;3.49;-1000.00;-1000.00
6170.265;1479;-0.32;0.85;178.25;-0.75;0.62;234.67;0.68;0.50;469;3;1;5;0.60;0.36;0.35;-0.03;-0.01;-0.10;0.15;0.66;-0.31;0.85;182.20;0.40;0.27;0.025;3.91;3.49;-1000.00;-1000.00
6170.345;1490;-0.36;0.86;181.83;-0.75;0.62;234.67;0.68;0.50;469;3;1;5;0.69;0.36;0.36;-0.00;-0.01;0.05;-0.08;0.53;-0.35;0.85;185.56;0.51;0.37;0.014;3.91;3.49;-1000.00;-1000.00
6170.445;1498;-0.39;0.85;184.83;-0.75;0.62;234.67;0.68;0.50;469;3;1;5;0.73;0.37;0.35;-0.03;-0.01;-0.08;0.10;0.83;-0.39;0.84;188.68;0.57;0.43;0.010;3.91;3.49;-1000.00;-1000.00
6170.545;1509;-0.43;0.85;190.21;-0.75;0.62;234.67;0.68;0.50;469;3;1;5;0.73;0.38;0.37;-0.01;-0.01;0.13;-0.13;0.95;-0.43;0.83;192.78;0.64;0.49;0.009;3.91;3.49;-1000.00;-1000.00
6170.655;1517;-0.46;0.85;194.99;-0.75;0.62;234.67;0.68;0.50;469;3;1;5;0.65;0.39;0.36;-0.02;-0.01;-0.16;0.12;0.98;-0.45;0.83;194.37;0.65;0.50;0.021;3.91;3.49;-1000.00;-1000.00
6170.735;1526;-0.49;0.84;199.48;-0.75;0.62;234.67;0.68;0.50;469;3;1;5;0.63;0.39;0.40;0.00;-0.00;0.28;-0.20;0.73;-0.49;0.82;199.22;0.65;0.50;0.005;3.91;3.49;-1000.00;-1000.00
6170.855;1540;-0.55;0.82;205.32;-0.75;0.62;234.67;0.68;0.50;469;3;1;5;0.61;0.39;0.42;-0.01;-0.01;0.16;-0.08;0.49;-0.52;0.80;202.48;0.66;0.50;0.016;3.91;3.49;-1000.00;-1000.00
6170.945;1546;-0.57;0.81;207.05;-0.75;0.62;234.67;0.68;0.50;469;3;1;5;0.66;0.40;0.38;-0.01;-0.09;-0.35;-0.26;0.59;-0.55;0.79;205.75;0.66;0.50;0.008;3.91;3.49;-1000.00;-1000.00
6171.035;1555;-0.60;0.80;210.04;-0.75;0.62;234.67;0.68;0.50;469;3;1;5;0.72;0.40;0.41;-0.02;-0.01;-0.01;0.01;0.52;-0.59;0.77;210.69;0.66;0.50;0.005;3.91;3.49;-1000.00;-1000.00
6171.145;1570;-0.66;0.77;215.63;-0.75;0.62;234.67;0.68;0.50;469;3;1;5;0.75;0.41;0.43;-0.06;-0.01;-0.07;0.04;0.73;-0.63;0.74;215.67;0.67;0.50;0.013;3.91;3.49;-1000.00;-1000.00
6171.235;1578;-0.69;0.75;219.11;-0.75;0.62;234.67;0.68;0.50;469;3;1;5;0.79;0.41;0.44;-0.08;-0.01;0.16;-0.05;0.82;-0.67;0.72;220.68;0.67;0.50;0.007;3.91;3.49;-1000.00;-1000.00
6171.335;1587;-0.73;0.73;224.04;-0.75;0.62;234.67;0.68;0.50;469;3;1;5;0.77;0.42;0.44;-0.12;-0.01;-0.05;-0.01;0.96;-0.69;0.69;224.05;0.67;0.50;0.006;3.91;3.49;-1000.00;-1000.00
6171.435;1597;-0.77;0.71;229.91;-0.75;0.62;234.67;0.68;0.50;469;3;1;5;0.77;0.42;0.45;-0.15;-0.01;-0.01;-0.02;1.12;-0.72;0.66;229.12;0.68;0.50;0.012;3.91;3.49;-1000.00;-1000.00
6171.545;1608;-0.81;0.68;237.00;-0.75;0.62;234.67;0.68;0.50;469;3;1;5;0.69;0.42;0.44;-0.18;-0.01;-0.01;-0.02;1.16;-0.74;0.64;232.53;0.68;0.50;0.010;3.91;3.49;-1000.00;-1000.00
6171.645;1616;-0.84;0.66;241.73;-0.75;0.62;234.67;0.68;0.50;469;3;1;5;0.66;0.41;0.46;-0.15;-0.01;-0.03;-0.00;0.84;-0.76;0.61;235.95;0.68;0.50;0.016;3.91;3.49;-1000.00;-1000.00
6171.745;1627;-0.87;0.62;247.38;-0.75;0.62;234.67;0.68;0.50;469;3;1;5;0.64;0.41;0.44;-0.09;-0.01;-0.04;0.01;0.87;-0.78;0.57;240.91;0.65;0.50;0.007;3.91;3.49;-1000.00;-1000.00
6171.855;1638;-0.89;0.57;253.15;-0.86;0.26;269.43;0.49;0.50;469;4;1;5;0.57;0.40;0.42;-0.06;-0.01;0.01;0.01;0.82;-0.80;0.55;244.08;0.64;0.50;0.015;3.91;3.49;-1000.00;-1000.00
6171.945;1650;-0.91;0.53;258.04;-0.86;0.26;269.43;0.49;0.50;469;4;1;5;0.39;0.40;0.40;-0.01;-0.01;0.02;0.00;0.58;-0.82;0.50;248.66;0.61;0.50;0.018;3.91;3.49;-1000.00;-1000.00
6172.105;1665;-0.92;0.47;260.75;-0.86;0.11;-98.62;-0.63;0.50;1052;1;1;4;0.43;0.40;0.40;-0.00;-0.01;-0.04;-0.02;0.35;-0.83;0.47;251.58;0.60;0.50;0.059;3.91;3.49;-1000.00;-1000.00
6172.155;1669;-0.92;0.45;261.51;-0.86;0.11;-98.62;-0.63;0.50;1052;1;1;4;0.79;0.39;0.40;0.00;-0.01;0.06;0.03;0.32;-0.85;0.25;-90.00;-0.08;0.06;0.018;3.91;3.49;-1000.00;-1000.00
6172.275;1679;-0.93;0.41;265.91;-0.86;0.11;-98.62;-0.63;0.50;1052;1;1;4;0.62;0.39;0.38;-0.05;-0.01;-0.16;-0.09;1.22;-0.85;0.25;-90.00;-0.08;0.06;0.036;3.91;3.49;-1000.00;-1000.00
6172.355;1688;-0.93;0.38;271.87;-0.95;-0.15;-115.88;-0.22;0.50;1052;2;1;4;0.28;0.38;0.41;-0.04;0.00;-0.02;-0.02;0.99;-0.85;0.25;-90.00;-0.08;0.06;0.014;3.91;3.49;-1000.00;-1000.00
6172.465;1699;-0.93;0.34;275.25;-0.95;-0.15;-115.88;-0.22;0.50;1052;2;1;4;-0.07;0.37;0.38;0.02;-0.01;0.01;-0.01;0.02;-0.85;0.25;-90.00;-0.08;0.06;0.022;3.91;3.49;-1000.00;-1000.00
6172.565;1709;-0.93;0.30;274.11;-0.95;-0.15;-115.88;-0.22;0.50;1052;2;1;4;-0.09;0.36;0.41;-0.02;-0.08;-0.20;0.27;-0.43;-0.85;0.25;-90.00;-0.08;0.06;0.018;3.91;3.49;-1000.00;-1000.00
6172.645;1715;-0.93;0.28;272.94;-0.95;-0.15;-115.88;-0.22;0.50;1052;2;1;4;-0.04;0.34;0.35;-0.01;-0.01;-0.06;-0.06;-0.31;-0.85;0.25;-90.00;-0.08;0.06;0.009;3.91;3.49;-1000.00;-1000.00
6172.755;1730;-0.93;0.22;270.99;-0.95;-0.15;-115.88;-0.22;0.50;1052;2;1;4;-0.08;0.33;0.34;-0.00;-0.00;0.02;0.01;-0.11;-0.85;0.24;-90.06;-0.15;0.12;0.020;3.91;3.49;-1000.00;-1000.00
6172.845;1739;-0.93;0.19;270.41;-0.95;-0.15;-115.88;-0.22;0.50;1052;2;1;4;-0.38;0.32;0.33;0.00;-0.00;0.01;0.01;-0.11;-0.85;0.19;-92.12;-0.41;0.32;0.010;3.91;3.49;-1000.00;-1000.00
6172.955;1749;-0.92;0.16;268.49;-0.95;-0.15;-115.88;-0.22;0.50;1052;2;1;4;-0.46;0.32;0.30;0.02;-0.01;-0.01;0.02;-0.42;-0.85;0.17;-93.70;-0.48;0.38;0.017;3.91;3.49;-1000.00;-1000.00
6173.045;1757;-0.92;0.14;266.83;-0.95;-0.15;-115.88;-0.22;0.50;1052;2;1;4;-0.62;0.32;0.32;0.01;-0.01;0.05;-0.04;-0.36;-0.86;0.13;-96.83;-0.58;0.46;0.011;3.91;3.49;-1000.00;-1000.00
6173.145;1767;-0.92;0.11;263.85;-0.95;-0.15;-115.88;-0.22;0.50;1052;2;1;4;-0.66;0.33;0.32;0.05;-0.01;-0.05;0.05;-0.64;-0.86;0.10;-99.97;-0.61;0.50;0.009;3.91;3.49;-1000.00;-1000.00
6173.245;1777;-0.93;0.07;260.49;-0.95;-0.15;-115.88;-0.22;0.50;1052;2;1;4;-0.63;0.34;0.33;0.01;-0.00;0.07;-0.05;-0.57;-0.87;0.06;-103.92;-0.54;0.50;0.012;3.91;3.49;-1000.00;-1000.00
6173.355;1790;-0.93;0.03;255.59;-1.07;-0.39;-114.15;0.31;0.50;1052;3;1;4;-0.47;0.34;0.32;0.05;-0.01;0.04;-0.04;-0.64;-0.88;0.03;-105.69;-0.51;0.50;0.025;3.91;3.49;-1000.00;-1000.00
6173.445;1796;-0.93;0.01;253.93;-1.07;-0.39;-114.15;0.31;0.50;1052;3;1;4;-0.45;0.35;0.35;0.02;-0.01;0.12;-0.15;-0.30;-0.89;-0.01;-108.82;-0.44;0.50;0.007;3.91;3.49;-1000.00;-1000.00
6173.555;1811;-0.95;-0.04;250.87;-1.07;-0.39;-114.15;0.31;0.50;1052;3;1;4;-0.36;0.35;0.35;0.01;-0.01;0.10;-0.13;-0.30;-0.90;-0.04;-110.85;-0.39;0.50;0.014;3.91;3.49;-1000.00;-1000.00
6173.645;1816;-0.95;-0.06;250.17;-1.07;-0.39;-114.15;0.31;0.50;1052;3;1;4;-0.37;0.35;0.38;0.04;-0.04;-0.29;0.12;-0.31;-0.91;-0.07;-112.60;-0.34;0.50;0.010;3.91;3.49;-1000.00;-1000.00
6173.745;1828;-0.96;-0.10;248.93;-1.07;-0.39;-114.15;0.31;0.50;1052;3;1;4;-0.35;0.36;0.35;0.02;-0.01;-0.04;0.05;-0.23;-0.93;-0.11;-114.54;-0.28;0.50;0.010;3.91;3.49;-1000.00;-1000.00
6173.845;1838;-0.97;-0.13;248.18;-1.07;-0.39;-114.15;0.31;0.50;1052;3;1;4;-0.32;0.36;0.36;0.00;-0.01;0.04;-0.06;-0.06;-0.94;-0.14;-115.71;-0.23;0.50;0.007;3.91;3.49;-1000.00;-1000.00
6173.945;1846;-0.98;-0.16;247.72;-1.07;-0.39;-114.15;0.31;0.50;1052;3;1;4;-0.29;0.37;0.35;0.01;-0.01;-0.01;0.03;-0.06;-0.96;-0.17;-116.62;-0.17;0.50;0.007;3.91;3.49;-1000.00;-1000.00
6174.035;1857;-1.00;-0.20;247.48;-1.07;-0.39;-114.15;0.31;0.50;1052;3;1;4;-0.24;0.37;0.35;0.01;-0.01;-0.02;0.04;-0.04;-0.97;-0.20;-117.25;-0.10;0.50;0.006;3.91;3.49;-1000.00;-1000.00
6174.145;1867;-1.01;-0.23;247.71;-1.07;-0.39;-114.15;0.31;0.50;1052;3;1;4;-0.21;0.37;0.37;0.01;-0.01;0.01;-0.02;0.08;-0.99;-0.23;-117.58;-0.04;0.50;0.016;3.91;3.49;-1000.00;-1000.00
6174.245;1880;-1.03;-0.27;248.18;-1.07;-0.39;-114.15;0.31;0.50;1052;3;1;4;-0.16;0.38;0.37;0.01;-0.01;0.03;-0.06;0.09;-1.01;-0.26;-117.61;0.03;0.50;0.019;3.91;3.49;-1000.00;-1000.00
6174.345;1888;-1.04;-0.30;248.61;-1.07;-0.39;-114.15;0.31;0.50;1052;3;1;4;-0.08;0.38;0.37;0.01;-0.01;-0.01;0.01;0.12;-1.03;-0.31;-117.00;0.13;0.50;0.011;3.91;3.49;-1000.00;-1000.00
6174.445;1899;-1.05;-0.34;249.48;-1.14;-0.66;-90.57;0.79;0.50;1052;4;1;4;-0.02;0.38;0.37;0.00;-0.01;0.01;-0.02;0.18;-1.05;-0.34;-116.23;0.20;0.50;0.006;3.91;3.49;-1000.00;-1000.00
6174.535;1907;-1.06;-0.37;250.33;-1.14;-0.66;-90.57;0.79;0.50;1052;4;1;4;0.06;0.38;0.38;0.00;-0.01;0.02;-0.03;0.23;-1.06;-0.37;-115.16;0.26;0.50;0.005;3.91;3.49;-1000.00;-1000.00
6174.695;1922;-1.08;-0.42;252.21;-1.16;-0.79;-98.62;-0.63;0.50;187;1;1;4;0.15;0.38;0.37;-0.00;-0.00;0.02;-0.02;0.27;-1.08;-0.41;-113.26;0.34;0.50;0.054;3.91;3.49;-1000.00;-1000.00
6174.745;1926;-1.09;-0.44;252.93;-1.16;-0.79;-98.62;-0.63;0.50;187;1;1;4;0.79;0.37;0.38;-0.01;-0.01;-0.03;0.04;0.31;-1.15;-0.65;-90.00;-0.08;0.06;0.014;3.91;3.49;-1000.00;-1000.00
6174.875;1941;-1.10;-0.49;258.78;-1.25;-1.05;-115.88;-0.22;0.50;187;2;1;4;0.67;0.35;0.36;-0.03;-0.01;0.00;-0.00;1.11;-1.15;-0.65;-90.00;-0.08;0.06;0.039;3.91;3.49;-1000.00;-1000.00
6174.945;1948;-1.11;-0.51;262.88;-1.25;-1.05;-115.88;-0.22;0.50;187;2;1;4;0.33;0.35;0.36;-0.05;-0.02;-0.15;-0.08;0.97;-1.15;-0.65;-90.00;-0.08;0.06;0.014;3.91;3.49;-1000.00;-1000.00
6175.035;1956;-1.11;-0.54;265.15;-1.25;-1.05;-115.88;-0.22;0.50;187;2;1;4;0.20;0.34;0.35;0.01;-0.01;0.04;0.01;0.06;-1.15;-0.65;-90.00;-0.08;0.06;0.010;3.91;3.49;-1000.00;-1000.00
6175.155;1969;-1.12;-0.59;264.88;-1.25;-1.05;-115.88;-0.22;0.50;187;2;1;4;0.17;0.33;0.33;-0.01;-0.01;-0.08;-0.04;-0.01;-1.15;-0.65;-90.00;-0.08;0.06;0.024;3.91;3.49;-1000.00;-1000.00
6175.255;1979;-1.12;-0.62;264.77;-1.25;-1.05;-115.88;-0.22;0.50;187;2;1;4;0.15;0.32;0.32;-0.00;-0.01;-0.05;-0.03;0.04;-1.15;-0.65;-90.00;-0.08;0.06;0.022;3.91;3.49;-1000.00;-1000.00
6175.345;1988;-1.12;-0.65;264.65;-1.25;-1.05;-115.88;-0.22;0.50;187;2;1;4;0.13;0.31;0.32;-0.00;-0.01;-0.00;0.00;-0.06;-1.15;-0.65;-90.00;-0.08;0.06;0.012;3.91;3.49;-1000.00;-1000.00
6175.455;1998;-1.13;-0.68;264.32;-1.25;-1.05;-115.88;-0.22;0.50;187;2;1;4;-0.08;0.30;0.30;-0.00;-0.01;0.01;0.01;-0.08;-1.15;-0.68;-90.60;-0.28;0.22;0.014;3.91;3.49;-1000.00;-1000.00
6175.555;2008;-1.13;-0.71;263.36;-1.25;-1.05;-115.88;-0.22;0.50;187;2;1;4;-0.20;0.30;0.29;0.00;-0.01;-0.05;-0.02;-0.26;-1.15;-0.70;-91.71;-0.38;0.30;0.018;3.91;3.49;-1000.00;-1000.00
6175.655;2017;-1.13;-0.73;261.96;-1.25;-1.05;-115.88;-0.22;0.50;187;2;1;4;-0.31;0.30;0.29;0.01;0.00;0.01;0.00;-0.28;-1.15;-0.73;-93.70;-0.48;0.38;0.021;3.91;3.49;-1000.00;-1000.00
6175.745;2027;-1.14;-0.76;260.62;-1.25;-1.05;-115.88;-0.22;0.50;187;2;1;4;-0.44;0.31;0.28;0.02;-0.00;0.00;0.00;-0.31;-1.15;-0.76;-95.93;-0.56;0.44;0.010;3.91;3.49;-1000.00;-1000.00
6175.855;2040;-1.14;-0.80;257.96;-1.25;-1.05;-115.88;-0.22;0.50;187;2;1;4;-0.52;0.31;0.30;0.01;-0.01;-0.01;0.01;-0.35;-1.16;-0.79;-98.90;-0.62;0.50;0.020;3.91;3.49;-1000.00;-1000.00
6175.965;2051;-1.15;-0.83;255.38;-1.25;-1.05;-115.88;-0.22;0.50;187;2;1;4;-0.47;0.32;0.31;0.05;-0.01;-0.09;0.11;-0.47;-1.16;-0.81;-101.01;-0.59;0.50;0.031;3.91;3.49;-1000.00;-1000.00
6176.055;2058;-1.15;-0.86;253.98;-1.25;-1.05;-115.88;-0.22;0.50;187;2;1;4;-0.49;0.33;0.32;0.03;-0.01;0.03;-0.03;-0.27;-1.17;-0.84;-103.92;-0.54;0.50;0.023;3.91;3.49;-1000.00;-1000.00
6176.165;2070;-1.16;-0.89;251.87;-1.37;-1.29;-114.15;0.31;0.50;187;3;1;4;-0.46;0.33;0.32;0.01;-0.01;-0.08;0.11;-0.39;-1.18;-0.88;-106.52;-0.49;0.50;0.026;3.91;3.49;-1000.00;-1000.00
6176.255;2079;-1.17;-0.92;250.19;-1.37;-1.29;-114.15;0.31;0.50;187;3;1;4;-0.42;0.34;0.33;0.00;-0.01;0.04;-0.05;-0.27;-1.19;-0.90;-108.09;-0.46;0.50;0.022;3.91;3.49;-1000.00;-1000.00
6176.345;2088;-1.18;-0.95;248.96;-1.37;-1.29;-114.15;0.31;0.50;187;3;1;4;-0.43;0.35;0.32;-0.02;-0.09;0.20;0.43;-0.31;-1.20;-0.94;-110.85;-0.39;0.50;0.011;3.91;3.49;-1000.00;-1000.00
6176.445;2099;-1.19;-0.99;247.27;-1.37;-1.29;-114.15;0.31;0.50;187;3;1;4;-0.38;0.36;0.35;0.00;-0.01;0.06;-0.09;-0.25;-1.21;-0.97;-112.60;-0.34;0.50;0.006;3.91;3.49;-1000.00;-1000.00
6176.535;2107;-1.20;-1.01;246.25;-1.37;-1.29;-114.15;0.31;0.50;187;3;1;4;-0.36;0.36;0.34;0.02;-0.01;-0.02;0.04;-0.19;-1.23;-1.00;-114.09;-0.29;0.50;0.006;3.91;3.49;-1000.00;-1000.00
6176.645;2116;-1.22;-1.04;245.69;-1.37;-1.29;-114.15;0.31;0.50;187;3;1;4;-0.34;0.37;0.38;0.04;-0.04;-0.26;0.12;-0.20;-1.24;-1.03;-115.34;-0.24;0.50;0.011;3.91;3.49;-1000.00;-1000.00
6176.735;2126;-1.23;-1.08;244.99;-1.37;-1.29;-114.15;0.31;0.50;187;3;1;4;-0.30;0.38;0.37;0.02;-0.01;0.04;-0.07;-0.09;-1.25;-1.06;-116.35;-0.19;0.50;0.005;3.91;3.49;-1000.00;-1000.00
6176.855;2139;-1.25;-1.12;244.36;-1.37;-1.29;-114.15;0.31;0.50;187;3;1;4;-0.23;0.38;0.38;0.01;-0.01;0.02;-0.04;-0.00;-1.27;-1.09;-117.07;-0.12;0.50;0.017;3.91;3.49;-1000.00;-1000.00
6176.935;2149;-1.26;-1.15;244.39;-1.37;-1.29;-114.15;0.31;0.50;187;3;1;4;-0.18;0.39;0.38;0.01;-0.01;0.02;-0.03;0.09;-1.30;-1.14;-117.62;-0.02;0.50;0.005;3.91;3.49;-1000.00;-1000.00
6177.045;2158;-1.28;-1.19;244.95;-1.37;-1.29;-114.15;0.31;0.50;187;3;1;4;-0.13;0.40;0.39;0.01;-0.01;0.00;-0.01;0.11;-1.31;-1.17;-117.56;0.05;0.50;0.007;3.91;3.49;-1000.00;-1000.00
6177.135;2168;-1.29;-1.22;245.58;-1.37;-1.29;-114.15;0.31;0.50;187;3;1;4;-0.08;0.40;0.39;0.01;-0.01;0.01;-0.03;0.14;-1.33;-1.20;-117.19;0.11;0.50;0.005;3.91;3.49;-1000.00;-1000.00
6177.245;2176;-1.31;-1.25;246.18;-1.37;-1.29;-114.15;0.31;0.50;187;3;1;4;-0.02;0.41;0.40;0.00;-0.01;0.01;-0.02;0.18;-1.34;-1.23;-116.52;0.18;0.50;0.005;3.91;3.49;-1000.00;-1000.00
6177.345;2185;-1.32;-1.28;247.06;-1.44;-1.56;-90.57;0.79;0.50;187;4;1;4;0.05;0.41;0.40;0.00;-0.01;0.02;-0.03;0.23;-1.36;-1.26;-115.55;0.24;0.50;0.006;3.91;3.49;-1000.00;-1000.00
6177.445;2197;-1.34;-1.33;248.45;-1.44;-1.56;-90.57;0.79;0.50;187;4;1;4;0.20;0.41;0.40;-0.00;-0.01;-0.03;0.05;0.21;-1.37;-1.30;-113.78;0.32;0.50;0.014;3.91;3.49;-1000.00;-1000.00
6177.595;2213;-1.36;-1.39;251.35;-1.45;-1.55;-90.00;-0.00;0.50;593;0;1;0;0.31;0.41;0.39;-0.02;-0.00;-0.01;-0.00;0.39;-1.40;-1.35;-110.84;0.42;0.50;0.050;3.91;3.49;-1000.00;-1000.00
6177.685;2220;-1.37;-1.41;252.72;-1.45;-1.55;-90.00;-0.00;0.50;593;0;1;0;0.66;0.43;0.41;-0.01;-0.00;-0.05;-0.02;0.35;-1.45;-1.55;-90.00;-0.00;0.50;0.040;3.91;3.49;-1000.00;-1000.00
6177.755;2227;-1.38;-1.44;254.32;-1.45;-1.55;-90.00;-0.00;0.50;593;0;1;0;0.60;0.44;0.42;-0.01;-0.01;-0.05;-0.02;0.67;-1.45;-1.55;-90.00;-0.00;0.50;0.020;3.91;3.49;-1000.00;-1000.00
6177.855;2238;-1.39;-1.49;259.32;-1.45;-1.55;-90.00;-0.00;0.50;593;0;1;0;0.38;0.45;0.49;-0.08;-0.09;-0.02;0.41;0.77;-1.45;-1.55;-90.00;-0.00;0.50;0.019;3.91;3.49;-1000.00;-1000.00
6177.975;2251;-1.40;-1.54;263.11;-1.45;-1.79;-90.00;-0.00;0.50;593;1;1;0;0.22;0.46;0.45;-0.00;-0.01;0.04;0.01;0.19;-1.45;-1.55;-90.00;-0.00;0.50;0.043;3.91;3.49;-1000.00;-1000.00
6178.045;2257;-1.41;-1.57;263.42;-1.45;-1.79;-90.00;-0.00;0.50;593;1;1;0;0.22;0.46;0.46;0.01;-0.00;0.19;0.10;-0.06;-1.45;-1.57;-90.00;-0.00;0.50;0.014;3.91;3.49;-1000.00;-1000.00
6178.165;2270;-1.41;-1.63;263.71;-1.45;-1.79;-90.00;-0.00;0.50;593;1;1;0;0.22;0.46;0.46;-0.01;-0.01;0.06;0.03;0.03;-1.45;-1.61;-90.00;-0.00;0.50;0.029;3.91;3.49;-1000.00;-1000.00
6178.265;2280;-1.42;-1.67;264.18;-1.45;-1.79;-90.00;-0.00;0.50;593;1;1;0;0.21;0.46;0.45;-0.01;-0.01;-0.00;-0.01;0.04;-1.45;-1.66;-90.00;-0.00;0.50;0.026;3.91;3.49;-1000.00;-1000.00
6178.355;2289;-1.42;-1.72;264.48;-1.45;-1.79;-90.00;-0.00;0.50;593;1;1;0;0.21;0.46;0.44;-0.01;-0.01;-0.05;-0.03;0.10;-1.45;-1.71;-90.00;-0.00;0.50;0.021;3.90;3.49;-1000.00;-1000.00
6178.475;2299;-1.43;-1.76;264.66;-1.45;-1.79;-90.00;-0.00;0.50;593;1;1;0;0.21;0.46;0.44;-0.01;-0.01;-0.05;-0.03;0.11;-1.45;-1.75;-90.00;-0.00;0.50;0.030;3.90;3.49;-1000.00;-1000.00
6178.555;2308;-1.43;-1.80;264.84;-1.45;-2.03;-90.00;-0.00;0.50;593;2;1;0;0.21;0.46;0.45;-0.01;-0.01;-0.04;-0.03;0.10;-1.45;-1.80;-90.00;-0.00;0.50;0.021;3.90;3.49;-1000.00;-1000.00
6178.655;2318;-1.44;-1.84;265.04;-1.45;-2.03;-90.00;-0.00;0.50;593;2;1;0;0.21;0.47;0.46;-0.01;-0.01;-0.05;-0.03;0.08;-1.45;-1.85;-90.00;-0.00;0.50;0.016;3.90;3.49;-1000.00;-1000.00
6178.745;2327;-1.44;-1.89;265.42;-1.45;-2.03;-90.00;-0.00;0.50;593;2;1;0;0.21;0.47;0.46;-0.01;-0.01;0.00;0.01;0.04;-1.45;-1.89;-90.00;-0.00;0.50;0.011;3.90;3.49;-1000.00;-1000.00
6178.845;2337;-1.45;-1.93;265.74;-1.45;-2.03;-90.00;-0.00;0.50;593;2;1;0;0.20;0.47;0.45;-0.01;-0.01;-0.05;-0.03;0.11;-1.45;-1.93;-90.00;-0.00;0.50;0.011;3.90;3.49;-1000.00;-1000.00
6178.985;2352;-1.45;-2.00;266.04;-1.45;-2.03;-90.00;-0.00;0.50;593;2;1;0;0.20;0.47;0.45;-0.01;-0.01;-0.06;-0.03;0.10;-1.45;-1.97;-90.00;-0.00;0.50;0.045;3.90;3.49;-1000.00;-1000.00
6179.045;2356;-1.45;-2.02;266.08;-1.45;-2.26;-90.00;-0.00;0.50;593;3;1;0;0.20;0.47;0.46;-0.01;-0.01;0.05;0.03;-0.01;-1.45;-2.02;-90.00;-0.00;0.50;0.010;3.90;3.49;-1000.00;-1000.00
6179.135;2365;-1.46;-2.06;266.30;-1.45;-2.26;-90.00;-0.00;0.50;593;3;1;0;0.20;0.47;0.45;-0.01;-0.01;-0.05;-0.03;0.09;-1.45;-2.05;-90.00;-0.00;0.50;0.005;3.90;3.49;-1000.00;-1000.00
6179.255;2380;-1.46;-2.13;266.60;-1.45;-2.26;-90.00;-0.00;0.50;593;3;1;0;0.20;0.47;0.46;-0.01;-0.01;0.02;0.01;-0.01;-1.45;-2.11;-90.00;-0.00;0.50;0.018;3.90;3.49;-1000.00;-1000.00
6179.345;2388;-1.47;-2.16;266.78;-1.45;-2.26;-90.00;-0.00;0.50;593;3;1;0;0.20;0.47;0.45;-0.01;-0.01;-0.04;-0.03;0.07;-1.45;-2.16;-90.00;-0.00;0.50;0.006;3.90;3.49;-1000.00;-1000.00
6179.435;2399;-1.47;-2.21;266.96;-1.45;-2.26;-90.00;-0.00;0.50;593;3;1;0;0.20;0.47;0.45;-0.01;-0.01;-0.04;-0.03;0.07;-1.45;-2.21;-90.00;-0.00;0.50;0.006;3.90;3.49;-1000.00;-1000.00
6179.535;2407;-1.47;-2.25;267.05;-1.45;-2.26;-90.00;-0.00;0.50;593;3;1;0;0.20;0.47;0.45;-0.01;-0.01;-0.04;-0.03;0.10;-1.45;-2.25;-90.00;-0.00;0.50;0.006;3.90;3.49;-1000.00;-1000.00
6179.645;2418;-1.48;-2.30;267.25;-1.45;-2.50;-90.00;0.00;0.50;593;4;1;0;0.20;0.48;0.46;-0.01;-0.01;-0.04;-0.03;0.10;-1.45;-2.31;-90.00;-0.00;0.50;0.007;3.90;3.49;-1000.00;-1000.00
6179.735;2426;-1.48;-2.34;267.33;-1.45;-2.50;-90.00;0.00;0.50;593;4;1;0;0.20;0.48;0.47;-0.01;-0.01;0.06;0.04;-0.02;-1.45;-2.34;-90.00;-0.00;0.50;0.001;3.90;3.49;-1000.00;-1000.00
6179.835;2436;-1.48;-2.39;267.75;-1.45;-2.50;-90.00;0.00;0.50;593;4;1;0;0.19;0.48;0.48;-0.04;-0.01;0.06;0.04;0.05;-1.45;-2.39;-90.00;-0.00;0.50;0.002;3.90;3.49;-1000.00;-1000.00
6179.935;2446;-1.49;-2.43;268.30;-1.45;-2.50;-90.00;0.00;0.50;593;4;1;0;0.17;0.48;0.46;-0.02;-0.01;-0.05;-0.03;0.12;-1.45;-2.43;-90.00;0.00;0.50;0.001;3.90;3.49;-1000.00;-1000.00
6180.035;2455;-1.49;-2.48;268.51;-1.45;-2.50;-90.00;0.00;0.50;593;4;1;0;0.17;0.48;0.47;-0.01;-0.01;-0.05;-0.03;0.11;-1.45;-2.48;-90.00;0.00;0.50;0.001;3.90;3.49;-1000.00;-1000.00
6180.185;2470;-1.49;-2.55;268.74;-1.45;-2.75;-90.00;0.00;-0.50;589;0;1;2;0.16;0.48;0.46;-0.01;-0.01;-0.05;-0.03;0.09;-1.45;-2.52;-90.00;0.00;0.50;0.044;3.90;3.49;-1000.00;-1000.00
6180.315;2484;-1.49;-2.61;268.94;-1.45;-2.45;-90.00;-0.00;0.37;590;0;1;7;0.16;0.48;0.46;-0.00;-0.01;-0.02;-0.03;0.05;-1.45;-2.57;-90.00;0.00;-0.50;0.037;3.90;3.49;-1000.00;-1000.00
6180.355;2489;-1.50;-2.62;268.81;-1.40;-2.83;-65.10;0.79;0.50;590;1;1;7;0.16;0.48;0.13;-0.05;-0.01;-0.01;-0.03;-0.06;-1.45;-2.63;-85.54;0.38;0.43;0.021;3.90;3.49;-1000.00;-1000.00
6180.465;2499;-1.50;-2.63;268.04;-1.40;-2.83;-65.10;0.79;0.50;590;1;1;7;0.16;0.48;0.00;-0.02;-0.00;-0.03;-0.05;-0.15;-1.45;-2.63;-85.54;0.38;0.43;0.031;3.90;3.49;-1000.00;-1000.00
6180.565;2510;-1.50;-2.62;267.64;-1.40;-2.83;-65.10;0.79;0.50;590;1;1;7;0.16;0.48;0.00;0.01;0.00;0.01;0.01;-0.03;-1.45;-2.63;-85.54;0.38;0.43;0.024;3.90;3.49;-1000.00;-1000.00
6180.655;2518;-1.50;-2.62;267.53;-1.40;-2.83;-65.10;0.79;0.50;590;1;1;7;0.16;0.48;0.00;0.00;0.00;0.00;0.00;-0.02;-1.45;-2.63;-85.54;0.38;0.43;0.031;3.90;3.49;-1000.00;-1000.00
6180.755;2527;-1.50;-2.62;267.44;-1.40;-2.83;-65.10;0.79;0.50;590;1;1;7;0.16;0.48;0.00;-0.00;-0.00;0.00;-0.00;-0.02;-1.45;-2.63;-85.54;0.38;0.43;0.019;3.90;3.49;-1000.00;-1000.00
6180.865;2542;-1.50;-2.63;267.34;-1.40;-2.83;-65.10;0.79;0.50;590;1;1;7;0.16;0.48;0.00;0.00;-0.00;0.00;-0.00;-0.01;-1.45;-2.63;-85.54;0.38;0.43;0.031;3.90;3.49;-1000.00;-1000.00
6180.965;2550;-1.50;-2.63;267.31;-1.40;-2.83;-65.10;0.79;0.50;590;1;1;7;0.16;0.48;0.00;0.00;-0.00;0.00;-0.00;-0.01;-1.45;-2.63;-85.54;0.38;0.43;0.034;3.90;3.49;-1000.00;-1000.00
6181.065;2561;-1.50;-2.63;267.28;-1.40;-2.83;-65.10;0.79;0.50;590;1;1;7;0.16;0.48;0.00;0.00;-0.00;0.00;-0.00;-0.00;-1.45;-2.63;-85.54;0.38;0.43;0.036;3.90;3.49;-1000.00;-1000.00
6181.155;2569;-1.50;-2.63;267.27;-1.40;-2.83;-65.10;0.79;0.50;590;1;1;7;0.16;0.48;0.00;0.00;-0.00;0.00;-0.00;-0.00;-1.45;-2.63;-85.54;0.38;0.43;0.018;3.90;3.49;-1000.00;-1000.00
6181.255;2580;-1.50;-2.63;267.26;-1.40;-2.83;-65.10;0.79;0.50;590;1;1;7;0.16;0.48;0.00;0.00;-0.00;0.00;-0.00;-0.00;-1.45;-2.63;-85.54;0.38;0.43;0.026;3.90;3.49;-1000.00;-1000.00
6181.355;2588;-1.50;-2.63;267.25;-1.40;-2.83;-65.10;0.79;0.50;590;1;1;7;0.16;0.48;0.00;0.00;-0.00;0.00;-0.00;-0.00;-1.45;-2.63;-85.54;0.38;0.43;0.022;3.90;3.49;-1000.00;-1000.00
6181.465;2598;-1.50;-2.63;267.24;-1.40;-2.83;-65.10;0.79;0.50;590;1;1;7;0.16;0.48;0.00;0.00;-0.00;0.00;-0.00;-0.00;-1.45;-2.63;-85.54;0.38;0.43;0.026;3.90;3.49;-1000.00;-1000.00
6181.545;2608;-1.50;-2.63;267.24;-1.40;-2.83;-65.10;0.79;0.50;590;1;1;7;0.16;0.48;0.00;0.00;-0.00;0.00;-0.00;-0.00;-1.45;-2.63;-85.54;0.38;0.43;0.017;3.90;3.49;-1000.00;-1000.00
6181.665;2619;-1.50;-2.63;267.24;-1.40;-2.83;-65.10;0.79;0.50;590;1;1;7;0.16;0.48;0.00;0.00;-0.00;0.00;-0.00;-0.00;-1.45;-2.63;-85.54;0.38;0.43;0.030;3.90;3.49;-1000.00;-1000.00
6181.755;2627;-1.50;-2.63;267.23;-1.40;-2.83;-65.10;0.79;0.50;590;1;1;7;0.16;0.48;0.00;0.00;-0.00;0.00;-0.00;-0.00;-1.45;-2.63;-85.54;0.38;0.43;0.018;3.90;3.49;-1000.00;-1000.00
6181.845;2636;-1.50;-2.63;267.23;-1.40;-2.83;-65.10;0.79;0.50;590;1;1;7;0.16;0.48;0.00;0.00;-0.00;0.00;-0.00;-0.00;-1.45;-2.63;-85.54;0.38;0.43;0.014;3.90;3.49;-1000.00;-1000.00
6181.945;2647;-1.50;-2.63;267.23;-1.40;-2.83;-65.10;0.79;0.50;590;1;1;7;0.16;0.48;0.00;0.00;-0.00;0.00;-0.00;-0.00;-1.45;-2.63;-85.54;0.38;0.43;0.015;3.90;3.49;-1000.00;-1000.00
6182.055;2661;-1.50;-2.63;267.23;-1.40;-2.83;-65.10;0.79;0.50;590;1;1;7;0.16;0.48;0.00;0.00;-0.00;0.00;-0.00;-0.00;-1.45;-2.63;-85.54;0.38;0.43;0.028;3.90;3.49;-1000.00;-1000.00
6182.165;2670;-1.50;-2.63;267.23;-1.40;-2.83;-65.10;0.79;0.50;590;1;1;7;0.16;0.48;0.00;0.00;-0.00;0.00;-0.00;-0.00;-1.45;-2.63;-85.54;0.38;0.43;0.028;3.90;3.49;-1000.00;-1000.00
6182.255;2680;-1.50;-2.63;267.23;-1.40;-2.83;-65.10;0.79;0.50;590;1;1;7;0.16;0.48;0.00;0.00;-0.00;0.00;0.00;-0.00;-1.45;-2.63;-85.54;0.38;0.43;0.023;3.90;3.49;-1000.00;-1000.00
6182.355;2688;-1.50;-2.63;267.23;-1.40;-2.83;-65.10;0.79;0.50;590;1;1;7;0.16;0.48;0.00;0.00;-0.00;0.00;0.00;-0.00;-1.45;-2.63;-85.54;0.38;0.43;0.020;3.90;3.49;-1000.00;-1000.00
6182.455;2699;-1.50;-2.63;267.23;-1.40;-2.83;-65.10;0.79;0.50;590;1;1;7;0.16;0.48;0.00;0.00;-0.00;0.00;0.00;-0.00;-1.45;-2.63;-85.54;0.38;0.43;0.019;3.90;3.49;-1000.00;-1000.00
6182.565;2707;-1.50;-2.63;267.23;-1.40;-2.83;-65.10;0.79;0.50;590;1;1;7;0.16;0.48;0.00;0.00;-0.00;0.00;0.00;-0.00;-1.45;-2.63;-85.54;0.38;0.43;0.030;3.90;3.49;-1000.00;-1000.00
6182.655;2718;-1.50;-2.63;267.23;-1.40;-2.83;-65.10;0.79;0.50;590;1;1;7;0.16;0.48;0.00;0.00;-0.00;0.00;0.00;-0.00;-1.45;-2.63;-85.54;0.38;0.43;0.018;3.90;3.49;-1000.00;-1000.00
6182.755;2726;-1.50;-2.63;267.23;-1.40;-2.83;-65.10;0.79;0.50;590;1;1;7;0.16;0.48;0.00;0.00;-0.00;0.00;0.00;-0.00;-1.45;-2.63;-85.54;0.38;0.43;0.020;3.90;3.49;-1000.00;-1000.00
6182.855;2741;-1.50;-2.63;267.23;-1.40;-2.83;-65.10;0.79;0.50;590;1;1;7;0.16;0.48;0.00;0.00;-0.00;0.00;0.00;-0.00;-1.45;-2.63;-85.54;0.38;0.43;0.027;3.90;3.49;-1000.00;-1000.00
6182.955;2750;-1.50;-2.63;267.23;-1.40;-2.83;-65.10;0.79;0.50;590;1;1;7;0.16;0.48;0.00;0.00;-0.00;0.00;0.00;-0.00;-1.45;-2.63;-85.54;0.38;0.43;0.022;3.90;3.49;-1000.00;-1000.00
6183.055;2759;-1.50;-2.63;267.23;-1.40;-2.83;-65.10;0.79;0.50;590;1;1;7;0.16;0.48;0.00;0.00;-0.00;0.00;0.00;-0.00;-1.45;-2.63;-85.54;0.38;0.43;0.025;3.90;3.49;-1000.00;-1000.00
6183.165;2770;-1.50;-2.63;267.23;-1.40;-2.83;-65.10;0.79;0.50;590;1;1;7;0.68;0.49;0.00;0.00;-0.00;0.00;0.00;-0.00;-1.45;-2.63;-85.54;0.38;0.43;0.027;3.90;3.49;-1000.00;-1000.00
6183.265;2778;-1.50;-2.64;268.16;-1.40;-2.83;-65.10;0.79;0.50;590;1;1;7;0.67;0.49;0.33;-0.01;0.01;-0.04;0.03;0.76;-1.45;-2.63;-85.54;0.38;0.43;0.027;3.90;3.49;-1000.00;-1000.00
6183.345;2789;-1.50;-2.69;275.87;-1.40;-2.83;-65.10;0.79;0.50;590;1;1;7;0.59;0.49;0.49;-0.03;-0.01;0.12;0.11;1.22;-1.44;-2.67;-82.52;0.48;0.45;0.015;3.90;3.49;-1000.00;-1000.00
6183.445;2797;-1.50;-2.73;281.65;-1.40;-2.83;-65.10;0.79;0.50;590;1;1;7;0.61;0.49;0.48;-0.10;-0.01;0.03;0.01;1.14;-1.43;-2.72;-78.49;0.57;0.46;0.014;3.90;3.49;-1000.00;-1000.00
6183.545;2808;-1.49;-2.78;288.28;-1.04;-3.07;-3.77;0.79;0.50;590;2;1;7;0.60;0.49;0.48;-0.06;-0.02;-0.12;-0.15;1.09;-1.43;-2.75;-75.18;0.63;0.47;0.014;3.90;3.49;-1000.00;-1000.00
6183.645;2816;-1.48;-2.82;292.38;-1.04;-3.07;-3.77;0.79;0.50;590;2;1;7;0.47;0.49;0.54;-0.04;-0.07;-0.12;0.28;0.71;-1.42;-2.79;-71.33;0.70;0.49;0.011;3.90;3.49;-1000.00;-1000.00
6183.755;2829;-1.45;-2.88;298.16;-1.04;-3.07;-3.77;0.79;0.50;590;2;1;7;0.63;0.49;0.48;-0.01;-0.01;-0.01;-0.03;0.58;-1.39;-2.84;-64.48;0.79;0.50;0.020;3.90;3.49;-1000.00;-1000.00
6183.845;2836;-1.44;-2.91;300.37;-1.04;-3.07;-3.77;0.79;0.50;590;2;1;7;0.73;0.50;0.51;-0.01;-0.01;0.04;0.09;0.61;-1.38;-2.87;-59.52;0.79;0.50;0.011;3.90;3.49;-1000.00;-1000.00
6183.945;2847;-1.41;-2.96;306.01;-1.04;-3.07;-3.77;0.79;0.50;590;2;1;7;0.79;0.50;0.53;-0.07;-0.01;-0.00;-0.02;1.06;-1.35;-2.91;-52.09;0.79;0.50;0.014;3.90;3.49;-1000.00;-1000.00
6184.065;2862;-1.37;-3.03;316.89;-1.04;-3.07;-3.77;0.79;0.50;590;2;1;7;0.69;0.50;0.56;-0.15;-0.01;0.04;0.09;1.31;-1.32;-2.94;-47.13;0.79;0.50;0.031;3.90;3.49;-1000.00;-1000.00
6184.155;2868;-1.35;-3.06;321.21;-1.04;-3.07;-3.77;0.79;0.50;590;2;1;7;0.78;0.50;0.54;-0.19;-0.01;0.02;-0.05;1.31;-1.28;-2.98;-39.70;0.79;0.50;0.011;3.90;3.49;-1000.00;-1000.00
6184.245;2880;-1.31;-3.12;330.77;-1.04;-3.07;-3.77;0.79;0.50;590;2;1;7;0.66;0.50;0.54;-0.23;-0.01;0.03;-0.02;1.71;-1.25;-3.00;-34.74;0.79;0.50;0.013;3.90;3.49;-1000.00;-1000.00
6184.345;2885;-1.29;-3.14;335.32;-1.04;-3.07;-3.77;0.79;0.50;590;2;1;7;0.65;0.50;0.53;-0.23;-0.01;0.04;-0.03;1.37;-1.22;-3.02;-29.79;0.79;0.50;0.010;3.90;3.49;-1000.00;-1000.00
6184.445;2897;-1.24;-3.19;343.81;-1.04;-3.07;-3.77;0.79;0.50;590;2;1;7;0.66;0.49;0.58;-0.22;-0.09;-0.40;0.01;1.21;-1.17;-3.04;-22.36;0.79;0.50;0.017;3.90;3.49;-1000.00;-1000.00
6184.545;2908;-1.19;-3.22;352.13;-1.04;-3.07;-3.77;0.79;0.50;590;2;1;7;0.60;0.48;0.53;-0.24;-0.09;-0.29;-0.27;1.40;-1.14;-3.06;-17.40;0.79;0.50;0.015;3.90;3.49;-1000.00;-1000.00
6184.645;2919;-1.13;-3.24;359.57;-1.04;-3.07;-3.77;0.79;0.50;590;2;1;7;0.61;0.47;0.49;-0.15;-0.01;0.02;-0.05;1.22;-1.09;-3.07;-9.97;0.79;0.50;0.015;3.90;3.49;-1000.00;-1000.00
6184.745;2927;-1.09;-3.25;364.86;-0.66;-2.89;54.20;0.73;0.50;590;3;1;7;0.56;0.46;0.50;-0.19;-0.09;-0.25;-0.28;1.20;-1.07;-3.07;-7.49;0.79;0.50;0.014;3.90;3.49;-1000.00;-1000.00
6184.845;2938;-1.04;-3.25;371.21;-0.66;-2.89;54.20;0.73;0.50;590;3;1;7;0.10;0.46;0.46;-0.10;-0.01;-0.15;0.10;0.89;-1.03;-3.07;-2.53;0.78;0.50;0.007;3.90;3.49;-1000.00;-1000.00
6184.945;2946;-1.00;-3.25;374.23;-0.66;-2.89;54.20;0.73;0.50;590;3;1;7;0.18;0.46;0.44;-0.03;-0.01;-0.05;0.04;0.06;-1.00;-3.07;2.39;0.78;0.50;0.006;3.90;3.49;-1000.00;-1000.00
6185.045;2957;-0.95;-3.24;373.64;-0.66;-2.89;54.20;0.73;0.50;590;3;1;7;0.46;0.47;0.45;0.01;-0.01;0.06;-0.05;0.08;-0.96;-3.07;7.26;0.78;0.50;0.007;3.90;3.50;-1000.00;-1000.00
6185.165;2971;-0.89;-3.22;376.42;-0.66;-2.89;54.20;0.73;0.50;590;3;1;7;0.59;0.47;0.44;0.00;-0.10;0.49;0.15;0.68;-0.94;-3.07;9.69;0.77;0.50;0.025;3.90;3.50;-1000.00;-1000.00
6185.245;2979;-0.85;-3.21;379.79;-0.66;-2.89;54.20;0.73;0.50;590;3;1;7;0.65;0.47;0.48;-0.00;-0.01;-0.10;0.07;0.75;-0.91;-3.06;14.50;0.77;0.50;0.009;3.90;3.50;-1000.00;-1000.00
6185.335;2989;-0.81;-3.20;383.98;-0.66;-2.89;54.20;0.73;0.50;590;3;1;7;0.76;0.47;0.50;-0.13;-0.12;-0.11;-0.50;0.96;-0.86;-3.04;21.63;0.76;0.50;0.006;3.90;3.50;-1000.00;-1000.00
6185.445;2998;-0.76;-3.19;389.34;-0.66;-2.89;54.20;0.73;0.50;590;3;1;7;0.72;0.47;0.54;-0.08;-0.01;-0.11;0.04;0.96;-0.84;-3.04;23.98;0.76;0.50;0.005;3.90;3.50;-1000.00;-1000.00
6185.545;3008;-0.71;-3.17;395.25;-0.66;-2.89;54.20;0.73;0.50;590;3;1;7;0.77;0.47;0.53;-0.13;-0.01;0.07;-0.04;1.00;-0.79;-3.01;30.99;0.75;0.50;0.007;3.90;3.50;-1000.00;-1000.00
6185.645;3018;-0.66;-3.14;400.62;-0.66;-2.89;54.20;0.73;0.50;590;3;1;7;0.79;0.47;0.56;-0.15;-0.01;-0.14;0.04;0.99;-0.76;-2.99;35.60;0.75;0.50;0.007;3.90;3.50;-1000.00;-1000.00
6185.735;3026;-0.62;-3.12;406.21;-0.66;-2.89;54.20;0.73;0.50;590;3;1;7;0.79;0.47;0.55;-0.18;-0.01;0.07;0.01;1.18;-0.73;-2.97;40.18;0.74;0.50;0.005;3.90;3.50;-1000.00;-1000.00
6185.845;3037;-0.56;-3.09;414.29;-0.66;-2.89;54.20;0.73;0.50;590;3;1;7;0.73;0.46;0.52;-0.23;-0.01;0.03;0.03;1.53;-0.71;-2.95;44.71;0.74;0.50;0.011;3.90;3.50;-1000.00;-1000.00
6185.945;3046;-0.52;-3.06;421.17;-0.66;-2.89;54.20;0.73;0.50;590;3;1;7;0.69;0.45;0.54;-0.25;-0.09;0.00;-0.34;1.24;-0.68;-2.92;49.20;0.73;0.50;0.010;3.90;3.50;-1000.00;-1000.00
6186.035;3056;-0.48;-3.02;428.36;-0.66;-2.89;54.20;0.73;0.50;590;3;1;7;0.61;0.43;0.49;-0.17;-0.00;0.00;0.02;1.31;-0.66;-2.89;53.65;0.73;0.50;0.005;3.90;3.50;-1000.00;-1000.00
6186.145;3069;-0.45;-2.97;435.83;-0.66;-2.89;54.20;0.73;0.50;590;3;1;7;0.50;0.40;0.43;-0.13;-0.01;0.08;0.01;0.93;-0.64;-2.86;57.96;0.70;0.50;0.010;3.90;3.50;-1000.00;-1000.00
6186.245;3079;-0.43;-2.93;439.50;-0.66;-2.89;54.20;0.73;0.50;590;3;1;7;0.45;0.38;0.41;-0.05;-0.01;0.03;0.02;0.44;-0.63;-2.85;60.01;0.68;0.50;0.013;3.90;3.50;-1000.00;-1000.00
6186.345;3088;-0.42;-2.90;440.99;-0.66;-2.89;54.20;0.73;0.50;590;3;1;7;0.49;0.36;0.39;0.01;-0.00;-0.18;-0.08;0.20;-0.61;-2.81;63.90;0.65;0.50;0.008;3.90;3.50;-1000.00;-1000.00
6186.445;3098;-0.42;-2.86;443.46;-0.66;-2.89;54.20;0.73;0.50;590;3;1;7;0.48;0.34;0.37;-0.01;-0.01;-0.09;-0.04;0.46;-0.60;-2.78;67.52;0.61;0.50;0.011;3.90;3.50;-1000.00;-1000.00
6186.545;3106;-0.41;-2.83;445.12;-0.66;-2.89;54.20;0.73;0.50;590;3;1;7;0.46;0.32;0.35;-0.01;-0.06;0.11;0.26;0.50;-0.59;-2.76;69.23;0.59;0.50;0.012;3.90;3.50;-1000.00;-1000.00
6186.645;3116;-0.41;-2.80;447.14;-0.66;-2.89;54.20;0.73;0.50;590;3;1;7;0.42;0.30;0.32;0.01;-0.01;-0.13;-0.09;0.25;-0.58;-2.75;70.88;0.58;0.50;0.007;3.90;3.50;-1000.00;-1000.00
6186.735;3126;-0.41;-2.77;448.93;-0.66;-2.89;54.20;0.73;0.50;590;3;1;7;0.42;0.28;0.30;-0.01;-0.01;-0.09;-0.06;0.19;-0.57;-2.71;73.98;0.54;0.50;0.005;3.90;3.50;-1000.00;-1000.00
6186.845;3139;-0.40;-2.73;450.57;-0.66;-2.89;54.20;0.73;0.50;590;3;1;7;0.40;0.26;0.28;-0.02;-0.01;0.05;0.03;0.26;-0.57;-2.70;75.44;0.52;0.50;0.008;3.90;3.50;-1000.00;-1000.00
6186.945;3149;-0.40;-2.70;451.67;-0.66;-2.89;54.20;0.73;0.50;590;3;1;7;0.39;0.25;0.27;-0.02;-0.01;-0.09;-0.07;0.12;-0.56;-2.68;76.84;0.51;0.50;0.013;3.90;3.50;-1000.00;-1000.00
6187.035;3158;-0.40;-2.68;452.41;-0.66;-2.89;54.20;0.73;0.50;590;3;1;7;0.41;0.24;0.24;0.00;-0.01;0.01;0.01;0.07;-0.56;-2.64;79.47;0.47;0.50;0.005;3.90;3.50;-1000.00;-1000.00
6187.145;3168;-0.40;-2.66;453.01;-0.66;-2.89;54.20;0.73;0.50;590;3;1;7;0.41;0.23;0.21;-0.02;-0.01;0.05;0.04;0.16;-0.55;-2.62;80.70;0.45;0.50;0.007;3.90;3.50;-1000.00;-1000.00
6187.245;3176;-0.40;-2.64;453.27;-0.66;-2.89;54.20;0.73;0.50;590;3;1;7;0.40;0.21;0.23;-0.00;-0.01;0.04;0.03;0.11;-0.55;-2.62;80.70;0.45;0.50;0.006;3.90;3.50;-1000.00;-1000.00
6187.345;3187;-0.40;-2.61;453.88;-0.66;-2.89;54.20;0.73;0.50;590;3;1;7;0.42;0.21;0.22;-0.02;-0.01;0.05;0.04;0.13;-0.55;-2.59;82.99;0.42;0.50;0.006;3.90;3.50;-1000.00;-1000.00
6187.445;3195;-0.40;-2.60;454.43;-0.66;-2.89;54.20;0.73;0.50;590;3;1;7;0.41;0.20;0.20;-0.01;-0.01;0.01;0.02;0.07;-0.55;-2.59;82.99;0.42;0.50;0.007;3.90;3.50;-1000.00;-1000.00
6187.575;3210;-0.40;-2.57;454.89;-0.55;-2.45;90.00;-0.00;0.50;114;0;1;0;0.41;0.19;0.19;0.00;-0.01;-0.02;-0.02;-0.01;-0.55;-2.57;84.06;0.40;0.50;0.034;3.90;3.50;-1000.00;-1000.00
6187.675;3221;-0.40;-2.55;455.08;-0.55;-2.45;90.00;-0.00;0.50;114;0;1;0;0.11;0.21;0.18;-0.00;-0.01;0.01;0.02;-0.00;-0.55;-2.45;90.00;-0.00;0.50;0.031;3.90;3.50;-1000.00;-1000.00
6187.775;3229;-0.40;-2.54;454.56;-0.55;-2.45;90.00;-0.00;0.50;114;0;1;0;0.13;0.24;0.21;0.01;-0.01;-0.00;-0.00;-0.22;-0.55;-2.45;90.00;-0.00;0.50;0.040;3.90;3.50;-1000.00;-1000.00
6187.905;3243;-0.41;-2.50;453.34;-0.55;-2.45;90.00;-0.00;0.50;114;0;1;0;0.18;0.26;0.23;-0.01;-0.01;-0.02;-0.01;-0.12;-0.55;-2.45;90.00;-0.00;0.50;0.065;3.90;3.50;-1000.00;-1000.00
6187.965;3248;-0.41;-2.49;453.11;-0.55;-2.45;90.00;-0.00;0.50;114;0;1;0;0.19;0.27;0.24;-0.00;-0.01;0.03;0.02;-0.06;-0.55;-2.45;90.00;-0.00;0.50;0.030;3.90;3.50;-1000.00;-1000.00
6188.055;3259;-0.41;-2.47;453.07;-0.55;-2.45;90.00;-0.00;0.50;114;0;1;0;0.19;0.29;0.26;-0.01;-0.01;0.05;0.03;0.06;-0.55;-2.45;90.00;-0.00;0.50;0.023;3.90;3.50;-1000.00;-1000.00
6188.175;3271;-0.41;-2.43;453.31;-0.55;-2.45;90.00;-0.00;0.50;114;0;1;0;0.18;0.30;0.27;-0.00;-0.01;0.01;0.02;0.04;-0.55;-2.44;90.00;-0.00;0.50;0.044;3.90;3.50;-1000.00;-1000.00
6188.245;3276;-0.41;-2.42;453.38;-0.55;-2.45;90.00;-0.00;0.50;114;0;1;0;0.17;0.31;0.28;-0.00;-0.01;0.02;0.02;0.03;-0.55;-2.41;90.00;-0.00;0.50;0.017;3.90;3.50;-1000.00;-1000.00
6188.355;3288;-0.41;-2.38;453.47;-0.55;-2.45;90.00;-0.00;0.50;114;0;1;0;0.17;0.32;0.29;-0.00;-0.01;0.01;0.02;0.03;-0.55;-2.39;90.00;-0.00;0.50;0.019;3.90;3.50;-1000.00;-1000.00
6188.465;3300;-0.41;-2.35;453.49;-0.55;-2.45;90.00;-0.00;0.50;114;0;1;0;0.16;0.32;0.32;0.01;-0.01;0.04;0.03;0.02;-0.55;-2.37;90.00;-0.00;0.50;0.032;3.90;3.50;-1000.00;-1000.00
6188.565;3310;-0.41;-2.32;453.63;-0.55;-2.45;90.00;-0.00;0.50;114;0;1;0;0.15;0.33;0.31;-0.01;-0.01;0.02;0.02;0.02;-0.55;-2.33;90.00;-0.00;0.50;0.031;3.90;3.50;-1000.00;-1000.00
6188.665;3319;-0.42;-2.29;453.65;-0.55;-2.45;90.00;-0.00;0.50;114;0;1;0;0.15;0.34;0.32;-0.00;-0.01;0.01;0.02;0.01;-0.55;-2.31;90.00;-0.00;0.50;0.035;3.90;3.50;-1000.00;-1000.00
6188.785;3333;-0.42;-2.25;453.67;-0.55;-2.45;90.00;-0.00;0.50;114;0;1;0;0.14;0.34;0.32;-0.00;-0.01;0.02;0.02;0.01;-0.55;-2.27;90.00;-0.00;0.50;0.050;3.90;3.50;-1000.00;-1000.00
6188.855;3337;-0.42;-2.23;453.68;-0.55;-2.45;90.00;-0.00;0.50;114;0;1;0;0.14;0.35;0.33;-0.00;-0.01;0.02;0.02;0.01;-0.55;-2.23;90.00;-0.00;0.50;0.022;3.90;3.50;-1000.00;-1000.00
6188.965;3351;-0.42;-2.19;453.67;-0.55;-2.45;90.00;-0.00;0.50;114;0;1;0;0.13;0.35;0.34;-0.00;-0.01;0.02;0.02;0.01;-0.55;-2.20;90.00;-0.00;0.50;0.024;3.90;3.50;-1000.00;-1000.00
6189.055;3357;-0.42;-2.17;453.67;-0.55;-2.45;90.00;-0.00;0.50;114;0;1;0;0.13;0.36;0.34;-0.00;-0.01;0.02;0.02;0.01;-0.55;-2.16;90.00;-0.00;0.50;0.022;3.90;3.50;-1000.00;-1000.00
6189.175;3372;-0.43;-2.11;453.69;-0.55;-2.45;90.00;-0.00;0.50;114;0;1;0;0.12;0.37;0.35;-0.00;-0.01;0.02;0.01;0.01;-0.55;-2.14;90.00;-0.00;0.50;0.040;3.90;3.50;-1000.00;-1000.00
6189.255;3377;-0.43;-2.10;453.69;-0.55;-2.45;90.00;-0.00;0.50;114;0;1;0;0.12;0.37;0.35;-0.00;-0.01;0.02;0.02;0.00;-0.55;-2.10;90.00;-0.00;0.50;0.021;3.90;3.50;-1000.00;-1000.00
6189.365;3391;-0.43;-2.05;453.67;-0.55;-2.45;90.00;-0.00;0.50;114;0;1;0;0.11;0.38;0.36;-0.00;-0.01;0.02;0.01;0.01;-0.55;-2.07;90.00;-0.00;0.50;0.030;3.90;3.50;-1000.00;-1000.00
6189.485;3402;-0.43;-2.01;453.65;-0.55;-1.97;90.00;-0.00;0.50;114;2;1;0;0.11;0.38;0.36;-0.00;-0.01;0.02;0.01;0.00;-0.55;-2.03;90.00;-0.00;0.50;0.046;3.90;3.50;-1000.00;-1000.00
6189.545;3406;-0.43;-1.99;453.65;-0.55;-1.97;90.00;-0.00;0.50;114;2;1;0;0.11;0.38;0.37;-0.00;-0.01;0.02;0.01;-0.00;-0.55;-1.99;90.00;-0.00;0.50;0.010;3.90;3.50;-1000.00;-1000.00
6189.655;3421;-0.44;-1.94;453.61;-0.55;-1.97;90.00;-0.00;0.50;114;2;1;0;0.10;0.39;0.37;-0.00;-0.01;0.02;0.01;0.00;-0.55;-1.96;90.00;-0.00;0.50;0.023;3.90;3.50;-1000.00;-1000.00
6189.755;3430;-0.44;-1.90;453.59;-0.55;-1.97;90.00;-0.00;0.50;114;2;1;0;0.10;0.39;0.38;-0.00;-0.01;0.02;0.01;-0.00;-0.55;-1.92;90.00;-0.00;0.50;0.029;3.90;3.50;-1000.00;-1000.00
6189.855;3440;-0.44;-1.87;453.58;-0.55;-1.97;90.00;-0.00;0.50;114;2;1;0;0.09;0.40;0.38;-0.00;-0.01;0.02;0.01;-0.00;-0.55;-1.89;90.00;-0.00;0.50;0.015;3.90;3.50;-1000.00;-1000.00
6189.955;3449;-0.44;-1.83;453.56;-0.55;-1.74;90.00;-0.00;0.50;114;3;1;0;0.09;0.40;0.38;-0.00;-0.00;0.01;0.01;-0.00;-0.55;-1.85;90.00;-0.00;0.50;0.022;3.90;3.50;-1000.00;-1000.00
6190.055;3459;-0.44;-1.79;453.53;-0.55;-1.74;90.00;-0.00;0.50;114;3;1;0;0.09;0.40;0.39;-0.00;-0.00;0.01;0.01;-0.00;-0.55;-1.81;90.00;-0.00;0.50;0.016;3.90;3.50;-1000.00;-1000.00
6190.135;3468;-0.45;-1.76;453.52;-0.55;-1.74;90.00;-0.00;0.50;114;3;1;0;0.08;0.41;0.39;-0.00;-0.00;0.01;0.01;-0.00;-0.55;-1.75;90.00;-0.00;0.50;0.008;3.90;3.50;-1000.00;-1000.00
6190.245;3478;-0.45;-1.72;453.49;-0.55;-1.74;90.00;-0.00;0.50;114;3;1;0;0.08;0.41;0.39;-0.00;-0.00;0.01;0.01;-0.00;-0.55;-1.72;90.00;-0.00;0.50;0.006;3.90;3.50;-1000.00;-1000.00
6190.345;3487;-0.45;-1.68;453.48;-0.55;-1.74;90.00;-0.00;0.50;114;3;1;0;0.07;0.42;0.40;-0.00;-0.00;0.01;0.01;-0.00;-0.55;-1.68;90.00;-0.00;0.50;0.007;3.90;3.50;-1000.00;-1000.00
6190.445;3497;-0.45;-1.64;453.44;-0.55;-1.74;90.00;-0.00;0.50;114;3;1;0;0.07;0.42;0.40;-0.00;-0.00;0.01;0.01;-0.01;-0.55;-1.64;90.00;-0.00;0.50;0.011;3.90;3.50;-1000.00;-1000.00
6190.535;3505;-0.45;-1.61;453.39;-0.55;-1.50;90.00;0.00;0.50;114;4;1;0;0.07;0.42;0.41;-0.00;-0.00;0.01;0.01;-0.01;-0.55;-1.61;90.00;-0.00;0.50;0.005;3.90;3.50;-1000.00;-1000.00
6190.635;3516;-0.46;-1.57;453.34;-0.55;-1.50;90.00;0.00;0.50;114;4;1;0;0.06;0.43;0.41;-0.00;-0.00;0.01;0.01;-0.00;-0.55;-1.57;90.00;0.00;0.50;0.001;3.90;3.50;-1000.00;-1000.00
6190.735;3527;-0.46;-1.52;453.30;-0.55;-1.50;90.00;0.00;0.50;114;4;1;0;0.06;0.43;0.41;-0.00;-0.00;0.01;0.01;-0.01;-0.55;-1.54;90.00;0.00;0.50;0.006;3.90;3.50;-1000.00;-1000.00
6190.905;3543;-0.46;-1.46;453.23;-0.55;-1.14;84.96;-0.49;0.50;1006;1;1;6;0.06;0.43;0.42;-0.00;-0.00;0.01;0.01;-0.01;-0.55;-1.48;90.00;0.00;0.50;0.066;3.90;3.50;-1000.00;-1000.00
6190.945;3547;-0.46;-1.44;453.20;-0.55;-1.14;84.96;-0.49;0.50;1006;1;1;6;0.29;0.44;0.42;-0.00;-0.00;0.01;0.01;-0.01;-0.55;-1.25;90.00;-0.05;0.05;0.017;3.90;3.50;-1000.00;-1000.00
6191.055;3558;-0.46;-1.39;454.27;-0.55;-1.14;84.96;-0.49;0.50;1006;1;1;6;0.16;0.45;0.44;-0.01;-0.00;-0.06;-0.05;0.35;-0.55;-1.25;90.00;-0.05;0.05;0.020;3.90;3.50;-1000.00;-1000.00
6191.155;3568;-0.47;-1.35;455.48;-0.49;-0.93;63.79;-0.75;0.50;1006;2;1;6;0.04;0.45;0.44;-0.00;-0.01;-0.04;-0.04;0.02;-0.55;-1.25;90.00;-0.05;0.05;0.017;3.90;3.50;-1000.00;-1000.00
6191.245;3577;-0.47;-1.31;455.35;-0.49;-0.93;63.79;-0.75;0.50;1006;2;1;6;-0.04;0.44;0.43;0.00;-0.01;0.03;0.03;-0.12;-0.55;-1.25;90.00;-0.05;0.05;0.009;3.90;3.50;-1000.00;-1000.00
6191.365;3588;-0.48;-1.26;454.08;-0.49;-0.93;63.79;-0.75;0.50;1006;2;1;6;-0.13;0.42;0.43;0.01;-0.01;0.04;0.04;-0.22;-0.55;-1.25;90.00;-0.05;0.05;0.029;3.90;3.50;-1000.00;-1000.00
6191.465;3601;-0.48;-1.21;452.46;-0.36;-0.77;37.77;-0.70;0.50;1006;3;1;6;-0.33;0.41;0.43;0.00;-0.00;-0.02;-0.01;-0.24;-0.55;-1.23;89.58;-0.22;0.23;0.027;3.90;3.50;-1000.00;-1000.00
6191.545;3606;-0.48;-1.19;451.42;-0.36;-0.77;37.77;-0.70;0.50;1006;3;1;6;-0.57;0.41;0.40;0.02;-0.00;0.00;-0.01;-0.46;-0.55;-1.18;87.40;-0.39;0.40;0.006;3.90;3.50;-1000.00;-1000.00
6191.655;3618;-0.48;-1.14;447.40;-0.36;-0.77;37.77;-0.70;0.50;1006;3;1;6;-0.64;0.42;0.42;0.02;-0.01;-0.04;0.03;-0.77;-0.55;-1.14;84.80;-0.49;0.50;0.015;3.90;3.50;-1000.00;-1000.00
6191.735;3626;-0.48;-1.10;443.71;-0.36;-0.77;37.77;-0.70;0.50;1006;3;1;6;-0.63;0.42;0.44;0.07;-0.04;0.26;-0.07;-1.08;-0.54;-1.11;82.31;-0.53;0.50;0.008;3.90;3.50;-1000.00;-1000.00
6191.845;3638;-0.48;-1.06;437.60;-0.16;-0.67;16.78;-0.54;0.50;1006;4;1;6;-0.60;0.42;0.43;-0.01;-0.01;-0.19;0.21;-0.92;-0.53;-1.05;77.62;-0.60;0.50;0.008;3.90;3.50;-1000.00;-1000.00
6191.935;3648;-0.47;-1.01;431.95;-0.16;-0.67;16.78;-0.54;0.50;1006;4;1;6;-0.66;0.42;0.41;0.01;-0.01;0.04;-0.09;-0.73;-0.52;-1.00;72.20;-0.66;0.50;0.001;3.90;3.50;-1000.00;-1000.00
6192.035;3658;-0.45;-0.97;428.58;-0.16;-0.67;16.78;-0.54;0.50;1006;4;1;6;-0.79;0.42;0.46;0.02;-0.00;-0.16;0.25;-0.49;-0.50;-0.95;65.97;-0.73;0.50;0.002;3.90;3.50;-1000.00;-1000.00
6192.135;3667;-0.44;-0.93;423.45;-0.16;-0.67;16.78;-0.54;0.50;1006;4;1;6;-0.79;0.42;0.47;0.05;-0.01;-0.04;0.06;-0.91;-0.48;-0.91;60.49;-0.74;0.50;0.002;3.90;3.50;-1000.00;-1000.00
6192.235;3677;-0.42;-0.89;418.02;-0.16;-0.67;16.78;-0.54;0.50;1006;4;1;6;-0.79;0.43;0.47;0.13;-0.03;0.13;-0.12;-1.17;-0.45;-0.86;53.73;-0.73;0.50;0.001;3.90;3.50;-1000.00;-1000.00
6192.335;3686;-0.41;-0.85;412.64;-0.16;-0.67;16.78;-0.54;0.50;1006;4;1;6;-0.79;0.44;0.50;0.12;-0.01;0.02;-0.10;-0.93;-0.42;-0.83;48.46;-0.72;0.50;0.002;3.90;3.50;-1000.00;-1000.00
6192.445;3696;-0.38;-0.80;406.58;0.05;-0.64;0.57;-0.47;0.50;1006;5;1;6;-0.79;0.44;0.50;0.15;-0.01;0.00;-0.05;-1.27;-0.39;-0.80;43.31;-0.71;0.50;0.007;3.90;3.50;-1000.00;-1000.00
6192.545;3707;-0.36;-0.75;398.83;0.05;-0.64;0.57;-0.47;0.50;1006;5;1;6;-0.77;0.45;0.50;0.18;-0.01;-0.02;-0.06;-1.22;-0.36;-0.77;38.26;-0.70;0.50;0.005;3.90;3.50;-1000.00;-1000.00
6192.635;3715;-0.33;-0.72;393.13;0.05;-0.64;0.57;-0.47;0.50;1006;5;1;6;-0.73;0.45;0.49;0.21;-0.00;-0.03;-0.04;-1.40;-0.31;-0.74;32.25;-0.66;0.50;0.001;3.90;3.50;-1000.00;-1000.00
6192.735;3728;-0.29;-0.66;383.22;0.05;-0.64;0.57;-0.47;0.50;1006;5;1;6;-0.54;0.46;0.49;0.13;-0.01;0.03;0.06;-1.31;-0.28;-0.72;27.78;-0.63;0.50;0.007;3.90;3.50;-1000.00;-1000.00
6192.835;3736;-0.26;-0.64;377.66;0.05;-0.64;0.57;-0.47;0.50;1006;5;1;6;-0.44;0.46;0.46;0.10;-0.01;-0.03;-0.09;-0.92;-0.24;-0.70;23.61;-0.60;0.50;0.005;3.89;3.50;-1000.00;-1000.00
6192.975;3749;-0.20;-0.62;372.37;0.19;-0.64;8.62;0.63;0.50;699;1;1;3;-0.40;0.46;0.46;0.04;-0.01;-0.00;-0.01;-0.57;-0.20;-0.68;19.71;-0.56;0.50;0.033;3.89;3.50;-1000.00;-1000.00
6193.055;3758;-0.16;-0.61;370.17;0.19;-0.64;8.62;0.63;0.50;699;1;1;3;-0.79;0.44;0.46;-0.00;-0.01;0.07;0.14;-0.34;0.05;-0.65;-0.00;0.08;0.06;0.017;3.89;3.50;-1000.00;-1000.00
6193.155;3768;-0.11;-0.60;365.55;0.45;-0.55;25.88;0.22;0.50;699;2;1;3;-0.61;0.43;0.44;0.04;-0.01;-0.02;-0.05;-1.33;0.05;-0.65;-0.00;0.08;0.06;0.022;3.89;3.50;-1000.00;-1000.00
6193.245;3776;-0.08;-0.60;358.78;0.45;-0.55;25.88;0.22;0.50;699;2;1;3;-0.10;0.42;0.46;0.06;-0.02;-0.09;-0.14;-1.36;0.05;-0.65;-0.00;0.08;0.06;0.009;3.89;3.50;-1000.00;-1000.00
6193.345;3787;-0.03;-0.60;354.42;0.45;-0.55;25.88;0.22;0.50;699;2;1;3;0.16;0.41;0.43;-0.00;-0.01;0.11;0.12;0.03;0.05;-0.65;-0.00;0.08;0.06;0.011;3.89;3.50;-1000.00;-1000.00
6193.455;3800;0.02;-0.60;356.67;0.45;-0.55;25.88;0.22;0.50;699;2;1;3;0.12;0.40;0.41;-0.01;-0.01;-0.03;-0.05;0.43;0.05;-0.65;-0.00;0.08;0.06;0.024;3.89;3.50;-1000.00;-1000.00
6193.535;3806;0.05;-0.60;357.71;0.45;-0.55;25.88;0.22;0.50;699;2;1;3;0.10;0.38;0.39;-0.00;-0.00;0.02;-0.02;0.19;0.05;-0.65;-0.00;0.08;0.06;0.009;3.89;3.50;-1000.00;-1000.00
6193.655;3820;0.10;-0.61;358.69;0.45;-0.55;25.88;0.22;0.50;699;2;1;3;0.44;0.37;0.37;-0.00;0.00;-0.00;0.01;0.09;0.10;-0.65;1.71;0.38;0.30;0.018;3.89;3.50;-1000.00;-1000.00
6193.765;3829;0.13;-0.61;360.69;0.45;-0.55;25.88;0.22;0.50;699;2;1;3;0.50;0.37;0.36;-0.03;-0.01;0.03;-0.05;0.58;0.12;-0.65;3.11;0.46;0.36;0.029;3.89;3.50;-1000.00;-1000.00
6193.855;3839;0.17;-0.61;363.57;0.45;-0.55;25.88;0.22;0.50;699;2;1;3;0.67;0.37;0.37;-0.00;-0.01;-0.08;0.10;0.48;0.17;-0.64;6.83;0.58;0.46;0.017;3.89;3.50;-1000.00;-1000.00
6193.945;3847;0.20;-0.61;366.83;0.45;-0.55;25.88;0.22;0.50;699;2;1;3;0.69;0.38;0.36;-0.02;-0.01;0.09;-0.10;0.86;0.20;-0.64;9.97;0.61;0.50;0.014;3.89;3.50;-1000.00;-1000.00
6194.045;3857;0.24;-0.60;371.61;0.45;-0.55;25.88;0.22;0.50;699;2;1;3;0.59;0.38;0.37;-0.00;-0.07;0.40;0.06;0.92;0.24;-0.63;13.92;0.54;0.50;0.012;3.89;3.50;-1000.00;-1000.00
6194.145;3867;0.27;-0.59;375.60;0.69;-0.43;24.15;-0.31;0.50;699;3;1;3;0.48;0.39;0.38;-0.00;0.00;-0.03;0.03;0.45;0.28;-0.62;16.52;0.49;0.50;0.010;3.89;3.50;-1000.00;-1000.00
6194.235;3875;0.30;-0.58;376.92;0.69;-0.43;24.15;-0.31;0.50;699;3;1;3;0.46;0.39;0.38;-0.00;-0.06;0.26;0.05;0.37;0.31;-0.61;18.82;0.44;0.50;0.005;3.89;3.50;-1000.00;-1000.00
6194.345;3886;0.35;-0.58;379.28;0.69;-0.43;24.15;-0.31;0.50;699;3;1;3;0.42;0.39;0.40;-0.01;-0.01;-0.14;0.11;0.28;0.35;-0.60;21.46;0.38;0.50;0.011;3.89;3.50;-1000.00;-1000.00
6194.445;3899;0.40;-0.56;381.51;0.69;-0.43;24.15;-0.31;0.50;699;3;1;3;0.36;0.40;0.39;-0.00;-0.01;-0.04;0.02;0.27;0.40;-0.57;24.09;0.29;0.50;0.007;3.89;3.50;-1000.00;-1000.00
6194.545;3909;0.43;-0.54;382.78;0.69;-0.43;24.15;-0.31;0.50;699;3;1;3;0.30;0.40;0.38;-0.01;-0.01;0.02;-0.01;0.16;0.42;-0.56;24.95;0.26;0.50;0.018;3.89;3.50;-1000.00;-1000.00
6194.635;3917;0.46;-0.53;383.02;0.69;-0.43;24.15;-0.31;0.50;699;3;1;3;0.29;0.40;0.39;-0.01;-0.01;0.06;-0.03;0.09;0.46;-0.55;26.35;0.19;0.50;0.005;3.89;3.50;-1000.00;-1000.00
6194.735;3928;0.50;-0.52;383.07;0.69;-0.43;24.15;-0.31;0.50;699;3;1;3;0.25;0.41;0.40;-0.01;-0.01;0.04;-0.03;0.04;0.50;-0.53;27.25;0.10;0.50;0.005;3.89;3.50;-1000.00;-1000.00
6194.835;3936;0.53;-0.51;383.07;0.69;-0.43;24.15;-0.31;0.50;699;3;1;3;0.21;0.41;0.40;-0.01;-0.01;-0.04;0.03;-0.09;0.53;-0.51;27.58;0.04;0.50;0.005;3.89;3.50;-1000.00;-1000.00
6194.935;3947;0.57;-0.49;382.69;0.69;-0.43;24.15;-0.31;0.50;699;3;1;3;0.15;0.41;0.40;-0.01;-0.01;-0.01;0.00;-0.08;0.57;-0.49;27.56;-0.05;0.50;0.005;3.89;3.50;-1000.00;-1000.00
6195.055;3959;0.62;-0.47;382.02;0.69;-0.43;24.15;-0.31;0.50;699;3;1;3;0.09;0.41;0.40;-0.00;-0.01;0.05;-0.03;-0.07;0.60;-0.47;27.19;-0.11;0.50;0.020;3.89;3.50;-1000.00;-1000.00
6195.145;3970;0.66;-0.46;381.13;0.69;-0.43;24.15;-0.31;0.50;699;3;1;3;-0.01;0.41;0.40;-0.01;-0.01;-0.02;0.01;-0.18;0.65;-0.45;25.91;-0.22;0.50;0.006;3.89;3.50;-1000.00;-1000.00
6195.235;3978;0.69;-0.44;380.14;0.96;-0.36;0.57;-0.79;0.50;699;4;1;3;-0.07;0.42;0.40;0.00;-0.01;0.06;-0.04;-0.22;0.68;-0.43;24.73;-0.28;0.50;0.008;3.89;3.50;-1000.00;-1000.00
6195.375;3989;0.73;-0.43;378.48;0.95;-0.35;0.00;0.00;-0.50;403;0;1;2;-0.19;0.42;0.41;0.00;-0.01;0.04;-0.03;-0.25;0.72;-0.42;22.70;-0.36;0.50;0.028;3.89;3.50;-1000.00;-1000.00
6195.515;4003;0.78;-0.41;376.03;0.65;-0.35;0.00;-0.00;0.50;217;0;1;0;0.79;0.37;0.40;0.01;-0.00;-0.00;-0.00;-0.25;0.76;-0.35;-0.00;0.00;-0.50;0.035;3.89;3.50;-1000.00;-1000.00
6195.575;4012;0.82;-0.40;378.76;0.89;-0.35;-0.00;-0.00;0.50;217;1;1;0;0.79;0.37;0.38;-0.04;-0.01;-0.09;0.08;1.22;0.79;-0.35;-0.00;-0.00;0.50;0.038;3.89;3.50;-1000.00;-1000.00
6195.655;4016;0.83;-0.40;381.61;0.89;-0.35;-0.00;-0.00;0.50;217;1;1;0;0.79;0.37;0.26;-0.10;-0.00;-0.03;0.04;1.19;0.83;-0.35;-0.00;-0.00;0.50;0.020;3.89;3.50;-1000.00;-1000.00
6195.765;4031;0.84;-0.40;382.00;0.89;-0.35;-0.00;-0.00;0.50;217;1;1;0;0.79;0.37;-0.02;0.02;-0.00;0.03;-0.04;-0.22;0.84;-0.35;-0.00;-0.00;0.50;0.034;3.89;3.50;-1000.00;-1000.00
6195.865;4040;0.84;-0.40;381.27;0.89;-0.35;-0.00;-0.00;0.50;217;1;1;0;0.79;0.37;-0.00;0.01;0.00;-0.01;0.01;-0.05;0.84;-0.35;-0.00;-0.00;0.50;0.033;3.89;3.50;-1000.00;-1000.00
6195.965;4050;0.84;-0.40;381.08;0.89;-0.35;-0.00;-0.00;0.50;217;1;1;0;0.79;0.37;0.00;0.00;0.00;-0.00;0.00;-0.03;0.84;-0.35;-0.00;-0.00;0.50;0.029;3.89;3.50;-1000.00;-1000.00
6196.055;4059;0.84;-0.40;380.96;0.89;-0.35;-0.00;-0.00;0.50;217;1;1;0;0.79;0.37;0.00;-0.00;-0.00;0.00;0.00;-0.02;0.84;-0.35;-0.00;-0.00;0.50;0.025;3.89;3.50;-1000.00;-1000.00
6196.175;4069;0.84;-0.40;380.88;0.89;-0.35;-0.00;-0.00;0.50;217;1;1;0;0.79;0.37;0.00;0.00;-0.00;0.00;0.00;-0.01;0.84;-0.35;-0.00;-0.00;0.50;0.038;3.89;3.50;-1000.00;-1000.00
6196.255;4077;0.84;-0.40;380.83;0.89;-0.35;-0.00;-0.00;0.50;217;1;1;0;0.79;0.37;0.00;0.00;-0.00;0.00;0.00;-0.01;0.84;-0.35;-0.00;-0.00;0.50;0.022;3.89;3.50;-1000.00;-1000.00
6196.345;4087;0.84;-0.40;380.80;0.89;-0.35;-0.00;-0.00;0.50;217;1;1;0;0.79;0.37;0.00;0.00;-0.00;0.00;0.00;-0.01;0.84;-0.35;-0.00;-0.00;0.50;0.014;3.89;3.50;-1000.00;-1000.00
6196.445;4096;0.84;-0.40;380.77;0.89;-0.35;-0.00;-0.00;0.50;217;1;1;0;0.79;0.37;0.00;0.00;-0.00;0.00;0.00;-0.00;0.84;-0.35;-0.00;-0.00;0.50;0.016;3.89;3.50;-1000.00;-1000.00
6196.565;4112;0.84;-0.40;380.75;0.89;-0.35;-0.00;-0.00;0.50;217;1;1;0;0.79;0.37;0.00;0.00;-0.00;-0.00;0.00;-0.00;0.84;-0.35;-0.00;-0.00;0.50;0.031;3.89;3.50;-1000.00;-1000.00
6196.665;4120;0.84;-0.40;380.75;0.89;-0.35;-0.00;-0.00;0.50;217;1;1;0;0.79;0.37;0.00;0.00;-0.00;-0.00;0.00;-0.00;0.84;-0.35;-0.00;-0.00;0.50;0.035;3.89;3.50;-1000.00;-1000.00
6196.765;4131;0.84;-0.40;380.74;0.89;-0.35;-0.00;-0.00;0.50;217;1;1;0;0.79;0.37;0.00;0.00;-0.00;-0.00;0.00;-0.00;0.84;-0.35;-0.00;-0.00;0.50;0.037;3.89;3.50;-1000.00;-1000.00
6196.855;4139;0.84;-0.40;380.74;0.89;-0.35;-0.00;-0.00;0.50;217;1;1;0;0.79;0.37;0.00;0.00;-0.00;-0.00;0.00;-0.00;0.84;-0.35;-0.00;-0.00;0.50;0.024;3.89;3.50;-1000.00;-1000.00
6196.955;4148;0.84;-0.40;380.74;0.89;-0.35;-0.00;-0.00;0.50;217;1;1;0;0.79;0.37;0.00;0.00;-0.00;-0.00;0.00;-0.00;0.84;-0.35;-0.00;-0.00;0.50;0.015;3.89;3.50;-1000.00;-1000.00
6197.065;4158;0.84;-0.40;380.74;0.89;-0.35;-0.00;-0.00;0.50;217;1;1;0;0.79;0.37;0.00;0.00;-0.00;-0.00;0.00;-0.00;0.84;-0.35;-0.00;-0.00;0.50;0.029;3.89;3.50;-1000.00;-1000.00
6197.155;4167;0.84;-0.40;380.74;0.89;-0.35;-0.00;-0.00;0.50;217;1;1;0;0.79;0.37;0.00;0.00;-0.00;-0.00;0.00;-0.00;0.84;-0.35;-0.00;-0.00;0.50;0.020;3.89;3.50;-1000.00;-1000.00
6197.255;4179;0.84;-0.40;380.74;0.89;-0.35;-0.00;-0.00;0.50;217;1;1;0;0.79;0.37;0.00;0.00;-0.00;-0.00;0.00;0.00;0.84;-0.35;-0.00;-0.00;0.50;0.022;3.89;3.50;-1000.00;-1000.00
6197.365;4191;0.84;-0.40;380.74;0.89;-0.35;-0.00;-0.00;0.50;217;1;1;0;0.79;0.37;0.00;0.00;-0.00;-0.00;0.00;0.00;0.84;-0.35;-0.00;-0.00;0.50;0.026;3.89;3.50;-1000.00;-1000.00
6197.455;4200;0.84;-0.40;380.74;0.89;-0.35;-0.00;-0.00;0.50;217;1;1;0;0.79;0.37;0.00;0.00;-0.00;-0.00;0.00;0.00;0.84;-0.35;-0.00;-0.00;0.50;0.022;3.89;3.50;-1000.00;-1000.00
6197.565;4210;0.84;-0.40;380.74;0.89;-0.35;-0.00;-0.00;0.50;217;1;1;0;0.79;0.37;0.00;0.00;-0.00;-0.00;0.00;0.00;0.84;-0.35;-0.00;-0.00;0.50;0.027;3.89;3.50;-1000.00;-1000.00
6197.655;4218;0.84;-0.40;380.74;0.89;-0.35;-0.00;-0.00;0.50;217;1;1;0;0.79;0.37;0.00;0.00;-0.00;-0.00;0.00;0.00;0.84;-0.35;-0.00;-0.00;0.50;0.025;3.89;3.50;-1000.00;-1000.00
6197.755;4229;0.84;-0.40;380.74;0.89;-0.35;-0.00;-0.00;0.50;217;1;1;0;0.79;0.37;0.00;0.00;-0.00;-0.00;0.00;0.00;0.84;-0.35;-0.00;-0.00;0.50;0.021;3.89;3.50;-1000.00;-1000.00
6197.845;4237;0.84;-0.40;380.74;0.89;-0.35;-0.00;-0.00;0.50;217;1;1;0;0.79;0.37;0.00;0.00;-0.00;-0.00;0.00;0.00;0.84;-0.35;-0.00;-0.00;0.50;0.014;3.89;3.50;-1000.00;-1000.00
6197.945;4247;0.84;-0.40;380.74;0.89;-0.35;-0.00;-0.00;0.50;217;1;1;0;0.79;0.37;0.00;0.00;-0.00;-0.00;0.00;0.00;0.84;-0.35;-0.00;-0.00;0.50;0.015;3.89;3.50;-1000.00;-1000.00
6198.045;4258;0.84;-0.40;380.74;0.89;-0.35;-0.00;-0.00;0.50;217;1;1;0;0.79;0.37;0.00;0.00;-0.00;-0.00;0.00;0.00;0.84;-0.35;-0.00;-0.00;0.50;0.014;3.89;3.50;-1000.00;-1000.00
6198.145;4266;0.84;-0.40;380.74;0.89;-0.35;-0.00;-0.00;0.50;217;1;1;0;0.79;0.37;0.00;0.00;-0.00;-0.00;0.00;0.00;0.84;-0.35;-0.00;-0.00;0.50;0.014;3.89;3.50;-1000.00;-1000.00
6198.275;4281;0.84;-0.40;380.74;0.89;-0.35;-0.00;-0.00;0.50;217;1;1;0;0.79;0.37;0.00;0.00;-0.00;-0.00;0.00;0.00;0.84;-0.35;-0.00;-0.00;0.50;0.043;3.89;3.50;-1000.00;-1000.00
6198.375;4289;0.84;-0.40;380.74;0.89;-0.35;-0.00;-0.00;0.50;217;1;1;0;0.79;0.37;0.00;0.00;-0.00;-0.00;0.00;0.00;0.84;-0.35;-0.00;-0.00;0.50;0.042;3.89;3.50;-1000.00;-1000.00
6198.465;4300;0.84;-0.40;380.74;0.89;-0.35;-0.00;-0.00;0.50;217;1;1;0;0.79;0.37;0.00;0.00;-0.00;-0.00;0.00;0.00;0.84;-0.35;-0.00;-0.00;0.50;0.030;3.89;3.50;-1000.00;-1000.00
6198.565;4308;0.84;-0.40;380.74;0.89;-0.35;-0.00;-0.00;0.50;217;1;1;0;-0.79;0.38;0.00;0.00;-0.00;-0.00;0.00;0.00;0.84;-0.35;-0.00;-0.00;0.50;0.031;3.89;3.50;-1000.00;-1000.00
6198.645;4319;0.85;-0.40;378.95;0.89;-0.35;-0.00;-0.00;0.50;217;1;1;0;-0.79;0.38;0.30;-0.02;-0.02;-0.10;0.18;-1.04;0.85;-0.35;-0.00;-0.00;0.50;0.016;3.89;3.50;-1000.00;-1000.00
6198.755;4327;0.88;-0.39;372.78;0.89;-0.35;-0.00;-0.00;0.50;217;1;1;0;-0.53;0.39;0.37;0.04;-0.01;-0.07;0.08;-1.32;0.88;-0.35;-0.00;-0.00;0.50;0.028;3.89;3.50;-1000.00;-1000.00
6198.855;4338;0.92;-0.37;366.07;1.13;-0.35;-0.00;-0.00;0.50;217;2;1;0;-0.24;0.39;0.39;0.11;-0.01;0.06;-0.11;-0.77;0.91;-0.35;-0.00;-0.00;0.50;0.025;3.89;3.50;-1000.00;-1000.00
6198.965;4350;0.97;-0.36;363.62;1.13;-0.35;-0.00;-0.00;0.50;217;2;1;0;-0.15;0.40;0.41;0.06;-0.04;0.06;-0.26;-0.19;0.95;-0.35;-0.00;-0.00;0.50;0.032;3.89;3.50;-1000.00;-1000.00
6199.055;4359;1.00;-0.36;363.47;1.13;-0.35;-0.00;-0.00;0.50;217;2;1;0;-0.15;0.40;0.42;0.03;-0.04;0.06;-0.27;-0.08;0.99;-0.35;-0.00;-0.00;0.50;0.020;3.89;3.50;-1000.00;-1000.00
6199.155;4369;1.04;-0.35;363.38;1.13;-0.35;-0.00;-0.00;0.50;217;2;1;0;-0.15;0.40;0.41;0.00;-0.01;0.04;-0.06;-0.06;1.02;-0.35;-0.00;-0.00;0.50;0.023;3.89;3.50;-1000.00;-1000.00
6199.245;4378;1.08;-0.35;363.21;1.13;-0.35;-0.00;-0.00;0.50;217;2;1;0;-0.15;0.41;0.41;-0.00;-0.01;0.06;-0.08;-0.05;1.08;-0.35;-0.00;-0.00;0.50;0.016;3.89;3.50;-1000.00;-1000.00
6199.345;4388;1.12;-0.35;363.08;1.36;-0.35;-0.00;-0.00;0.50;217;3;1;0;-0.15;0.41;0.41;-0.01;-0.01;-0.01;0.02;-0.01;1.12;-0.35;-0.00;-0.00;0.50;0.011;3.89;3.50;-1000.00;-1000.00
6199.445;4397;1.15;-0.35;362.94;1.36;-0.35;-0.00;-0.00;0.50;217;3;1;0;-0.14;0.42;0.41;-0.01;-0.01;0.01;-0.01;-0.03;1.15;-0.35;-0.00;-0.00;0.50;0.008;3.89;3.50;-1000.00;-1000.00
6199.545;4407;1.20;-0.35;362.82;1.36;-0.35;-0.00;-0.00;0.50;217;3;1;0;-0.14;0.42;0.42;-0.00;-0.01;0.04;-0.05;-0.04;1.19;-0.35;-0.00;-0.00;0.50;0.010;3.89;3.50;-1000.00;-1000.00
6199.645;4417;1.23;-0.35;362.69;1.36;-0.35;-0.00;-0.00;0.50;217;3;1;0;-0.14;0.42;0.42;-0.01;-0.01;-0.03;0.05;-0.01;1.23;-0.35;-0.00;-0.00;0.50;0.010;3.89;3.50;-1000.00;-1000.00
6199.745;4430;1.29;-0.34;362.53;1.36;-0.35;-0.00;-0.00;0.50;217;3;1;0;-0.14;0.42;0.43;-0.00;-0.01;0.05;-0.08;-0.03;1.28;-0.35;-0.00;-0.00;0.50;0.016;3.89;3.50;-1000.00;-1000.00
6199.835;4435;1.31;-0.34;362.50;1.36;-0.35;-0.00;-0.00;0.50;217;3;1;0;-0.14;0.43;0.43;-0.00;-0.01;0.04;-0.05;-0.04;1.31;-0.35;-0.00;-0.00;0.50;0.007;3.89;3.50;-1000.00;-1000.00
6199.945;4449;1.37;-0.34;362.34;1.60;-0.35;-0.00;0.00;0.50;217;4;1;0;-0.13;0.43;0.43;-0.00;-0.01;0.01;-0.00;-0.02;1.36;-0.35;-0.00;-0.00;0.50;0.011;3.89;3.50;-1000.00;-1000.00
6200.035;4457;1.41;-0.34;362.26;1.60;-0.35;-0.00;0.00;0.50;217;4;1;0;-0.13;0.43;0.43;-0.01;-0.01;-0.03;0.05;-0.01;1.41;-0.35;-0.00;-0.00;0.50;0.003;3.89;3.50;-1000.00;-1000.00
6200.135;4469;1.46;-0.34;362.14;1.60;-0.35;-0.00;0.00;0.50;217;4;1;0;-0.13;0.44;0.44;-0.00;-0.01;0.02;-0.02;-0.02;1.46;-0.35;-0.00;-0.00;0.50;0.003;3.89;3.50;-1000.00;-1000.00
6200.235;4477;1.50;-0.34;362.06;1.60;-0.35;-0.00;0.00;0.50;217;4;1;0;-0.13;0.44;0.44;-0.00;-0.01;0.04;-0.06;-0.03;1.49;-0.35;-0.00;-0.00;0.50;0.003;3.89;3.50;-1000.00;-1000.00
6200.345;4488;1.54;-0.34;361.96;1.60;-0.35;-0.00;0.00;0.50;217;4;1;0;-0.13;0.44;0.44;-0.00;-0.01;0.00;0.01;-0.02;1.54;-0.35;-0.00;0.00;0.50;0.002;3.89;3.50;-1000.00;-1000.00
6200.475;4503;1.61;-0.34;361.85;1.85;-0.35;0.00;-0.00;0.37;1130;0;1;7;-0.13;0.44;0.45;-0.00;-0.01;0.04;-0.05;-0.04;1.59;-0.35;-0.00;0.00;0.50;0.041;3.89;3.50;-1000.00;-1000.00
6200.555;4507;1.63;-0.34;361.81;1.85;-0.35;0.00;-0.00;0.37;1130;0;1;7;-0.19;0.47;0.45;-0.00;-0.01;0.02;-0.02;-0.02;1.85;-0.35;0.00;-0.00;0.37;0.025;3.89;3.50;-1000.00;-1000.00
6200.655;4518;1.68;-0.33;361.35;1.85;-0.35;0.00;-0.00;0.37;1130;0;1;7;-0.15;0.49;0.48;0.00;-0.01;0.06;-0.08;-0.17;1.85;-0.35;0.00;-0.00;0.37;0.021;3.89;3.50;-1000.00;-1000.00
6200.785;4533;1.75;-0.33;360.63;2.23;-0.30;24.90;0.79;0.50;1130;1;1;7;-0.09;0.50;0.49;-0.01;-0.01;-0.01;0.03;-0.04;1.85;-0.35;0.00;-0.00;0.37;0.050;3.89;3.50;-1000.00;-1000.00
6200.855;4537;1.77;-0.33;360.58;2.23;-0.30;24.90;0.79;0.50;1130;1;1;7;-0.22;0.50;0.49;-0.01;-0.01;-0.01;0.01;0.04;1.85;-0.35;0.00;-0.00;0.37;0.019;3.89;3.50;-1000.00;-1000.00
6200.955;4548;1.83;-0.33;360.22;2.23;-0.30;24.90;0.79;0.50;1130;1;1;7;-0.09;0.49;0.50;-0.00;-0.01;-0.05;0.08;-0.18;1.85;-0.35;0.00;-0.00;0.37;0.022;3.89;3.50;-1000.00;-1000.00
6201.065;4560;1.89;-0.34;359.98;2.23;-0.30;24.90;0.79;0.50;1130;1;1;7;0.08;0.48;0.50;-0.01;-0.01;0.03;-0.05;0.05;1.86;-0.35;0.02;0.03;0.37;0.029;3.89;3.50;-1000.00;-1000.00
6201.165;4571;1.94;-0.34;361.52;2.23;-0.30;24.90;0.79;0.50;1130;1;1;7;0.18;0.48;0.49;-0.02;-0.01;0.03;-0.03;0.31;1.93;-0.35;0.95;0.19;0.40;0.030;3.89;3.50;-1000.00;-1000.00
6201.255;4579;1.98;-0.34;363.41;2.23;-0.30;24.90;0.79;0.50;1130;1;1;7;0.22;0.47;0.49;-0.01;-0.04;0.03;-0.30;0.42;1.96;-0.35;1.79;0.25;0.41;0.024;3.89;3.50;-1000.00;-1000.00
6201.365;4588;2.02;-0.33;365.35;2.23;-0.30;24.90;0.79;0.50;1130;1;1;7;0.33;0.47;0.48;-0.00;-0.00;-0.01;-0.00;0.35;2.03;-0.35;4.46;0.38;0.43;0.027;3.89;3.50;-1000.00;-1000.00
6201.445;4599;2.07;-0.33;367.66;2.23;-0.30;24.90;0.79;0.50;1130;1;1;7;0.47;0.47;0.49;-0.02;-0.01;-0.03;-0.07;0.46;2.07;-0.34;7.48;0.48;0.45;0.013;3.89;3.50;-1000.00;-1000.00
6201.545;4607;2.11;-0.32;370.18;2.23;-0.30;24.90;0.79;0.50;1130;1;1;7;0.59;0.47;0.49;-0.03;-0.01;-0.07;-0.09;0.67;2.12;-0.33;11.51;0.57;0.46;0.014;3.89;3.50;-1000.00;-1000.00
6201.655;4618;2.16;-0.32;375.15;2.47;0.06;86.23;0.79;0.50;1130;2;1;7;0.65;0.47;0.47;-0.10;-0.01;-0.02;-0.12;0.98;2.15;-0.33;14.82;0.63;0.47;0.021;3.89;3.50;-1000.00;-1000.00
6201.755;4630;2.22;-0.31;381.88;2.47;0.06;86.23;0.79;0.50;1130;2;1;7;0.72;0.47;0.44;-0.13;-0.01;-0.03;-0.06;1.03;2.20;-0.31;20.80;0.73;0.49;0.017;3.89;3.50;-1000.00;-1000.00
6201.865;4639;2.26;-0.31;387.72;2.47;0.06;86.23;0.79;0.50;1130;2;1;7;0.71;0.47;0.43;-0.15;-0.01;-0.03;-0.06;1.23;2.24;-0.29;25.52;0.79;0.50;0.026;3.89;3.50;-1000.00;-1000.00
6201.955;4649;2.30;-0.30;394.24;2.47;0.06;86.23;0.79;0.50;1130;2;1;7;0.65;0.47;0.40;-0.13;-0.01;-0.02;0.14;1.02;2.27;-0.28;30.48;0.79;0.50;0.020;3.89;3.50;-1000.00;-1000.00
6202.045;4658;2.34;-0.28;399.58;2.47;0.06;86.23;0.79;0.50;1130;2;1;7;0.68;0.47;0.41;-0.10;-0.01;-0.04;0.11;0.86;2.31;-0.25;37.91;0.79;0.50;0.011;3.89;3.50;-1000.00;-1000.00
6202.145;4668;2.38;-0.26;405.26;2.47;0.06;86.23;0.79;0.50;1130;2;1;7;0.66;0.47;0.42;-0.13;-0.01;-0.01;-0.03;1.07;2.34;-0.22;42.87;0.79;0.50;0.009;3.89;3.50;-1000.00;-1000.00
6202.245;4677;2.41;-0.24;410.32;2.47;0.06;86.23;0.79;0.50;1130;2;1;7;0.66;0.48;0.42;-0.12;-0.01;0.01;-0.05;0.99;2.37;-0.20;47.82;0.79;0.50;0.011;3.89;3.50;-1000.00;-1000.00
6202.355;4688;2.45;-0.21;416.34;2.47;0.06;86.23;0.79;0.50;1130;2;1;7;0.66;0.48;0.42;-0.11;-0.01;0.03;-0.09;0.97;2.39;-0.17;52.78;0.79;0.50;0.022;3.89;3.50;-1000.00;-1000.00
6202.455;4700;2.48;-0.18;422.52;2.47;0.06;86.23;0.79;0.50;1130;2;1;7;0.65;0.48;0.42;-0.07;-0.01;-0.07;0.09;0.84;2.41;-0.14;57.73;0.79;0.50;0.022;3.89;3.50;-1000.00;-1000.00
6202.555;4709;2.50;-0.14;427.34;2.47;0.06;86.23;0.79;0.50;1130;2;1;7;0.67;0.48;0.44;-0.10;-0.01;0.06;-0.05;1.02;2.43;-0.11;62.69;0.79;0.50;0.017;3.89;3.50;-1000.00;-1000.00
6202.645;4719;2.53;-0.11;433.19;2.47;0.06;86.23;0.79;0.50;1130;2;1;7;0.60;0.47;0.43;-0.09;0.00;-0.08;0.08;1.02;2.44;-0.09;65.17;0.79;0.50;0.017;3.89;3.50;-1000.00;-1000.00
6202.755;4729;2.55;-0.07;438.49;2.47;0.06;86.23;0.79;0.50;1130;2;1;7;0.61;0.46;0.37;-0.09;-0.00;0.16;-0.14;0.63;2.45;-0.06;70.12;0.79;0.50;0.021;3.89;3.50;-1000.00;-1000.00
6202.845;4738;2.55;-0.04;442.65;2.47;0.06;86.23;0.79;0.50;1130;2;1;7;0.61;0.45;0.41;0.13;-0.10;-0.75;0.14;1.24;2.46;-0.02;75.08;0.79;0.50;0.011;3.89;3.50;-1000.00;-1000.00
6202.945;4748;2.55;0.01;448.95;2.29;0.44;144.20;0.73;0.50;1130;3;1;7;0.57;0.44;0.49;-0.07;-0.01;0.09;-0.09;1.08;2.47;0.01;80.03;0.79;0.50;0.012;3.89;3.50;-1000.00;-1000.00
6203.045;4757;2.56;0.05;453.73;2.29;0.44;144.20;0.73;0.50;1130;3;1;7;0.37;0.44;0.46;-0.12;-0.05;0.14;0.11;0.97;2.47;0.05;84.99;0.79;0.50;0.007;3.89;3.50;-1000.00;-1000.00
6203.155;4767;2.57;0.09;457.38;2.29;0.44;144.20;0.73;0.50;1130;3;1;7;0.45;0.44;0.45;-0.10;-0.04;0.27;-0.01;0.51;2.48;0.08;89.93;0.78;0.50;0.015;3.89;3.50;-1000.00;-1000.00
6203.235;4776;2.56;0.13;458.35;2.29;0.44;144.20;0.73;0.50;1130;3;1;7;0.62;0.45;0.42;-0.02;-0.01;0.00;0.02;0.44;2.47;0.12;94.83;0.78;0.50;0.006;3.89;3.50;-1000.00;-1000.00
6203.335;4786;2.55;0.17;460.72;2.29;0.44;144.20;0.73;0.50;1130;3;1;7;0.75;0.45;0.52;0.09;-0.06;0.19;-0.32;0.13;2.47;0.16;99.69;0.77;0.50;0.005;3.89;3.50;-1000.00;-1000.00
6203.435;4795;2.54;0.21;465.09;2.29;0.44;144.20;0.73;0.50;1130;3;1;7;0.78;0.46;0.49;-0.03;-0.01;0.16;-0.05;1.24;2.46;0.19;104.50;0.77;0.50;0.005;3.89;3.50;-1000.00;-1000.00
6203.555;4808;2.52;0.27;472.90;2.29;0.44;144.20;0.73;0.50;1130;3;1;7;0.78;0.46;0.43;-0.11;-0.00;-0.00;-0.02;1.27;2.45;0.23;109.26;0.76;0.50;0.011;3.89;3.50;-1000.00;-1000.00
6203.635;4819;2.51;0.32;479.36;2.29;0.44;144.20;0.73;0.50;1130;3;1;7;0.73;0.46;0.40;-0.17;-0.05;0.00;0.18;1.23;2.43;0.28;116.33;0.76;0.50;0.005;3.89;3.50;-1000.00;-1000.00
6203.745;4828;2.50;0.36;485.08;2.29;0.44;144.20;0.73;0.50;1130;3;1;7;0.70;0.46;0.41;-0.18;-0.01;0.16;0.05;1.16;2.41;0.31;120.99;0.75;0.50;0.009;3.89;3.50;-1000.00;-1000.00
6203.845;4839;2.49;0.40;491.39;2.29;0.44;144.20;0.73;0.50;1130;3;1;7;0.66;0.46;0.41;-0.13;-0.01;0.06;0.02;1.01;2.39;0.34;125.60;0.75;0.50;0.006;3.89;3.50;-1000.00;-1000.00
