t;frame;x;y;z;x_ref;y_ref;z_ref;delta_ref;u_ref;state;ellipse;control;action;delta;u;vx;vy;vz;wx;wy;wz;xr;yr;zr;delr;ur;obs1x;obs1y;obs2x;obs2y
1008.925;16;1.55;0.55;-179.98;0.95;-0.35;0.00;0.00;-0.50;403;0;1;2;-0.79;-0.09;0.00;0.00;-0.00;-0.00;-0.00;0.00;0.95;-0.35;0.00;0.00;-0.50;0.107;-0.86;2.24;-1000.00;-1000.00
1008.945;20;1.55;0.55;-179.98;0.95;-0.35;0.00;0.00;-0.50;403;0;1;2;-0.79;-0.18;0.00;0.00;-0.00;-0.00;-0.00;0.00;0.95;-0.35;0.00;0.00;-0.50;0.027;-0.85;2.25;-1000.00;-1000.00
1009.065;29;1.55;0.55;-179.98;0.95;-0.35;0.00;0.00;-0.50;403;0;1;2;-0.79;-0.27;0.00;0.00;-0.00;-0.00;-0.00;0.00;0.95;-0.35;0.00;0.00;-0.50;0.056;-0.83;2.28;-1000.00;-1000.00
1009.165;39;1.56;0.55;-178.60;0.95;-0.35;0.00;0.00;-0.50;403;0;1;2;-0.79;-0.35;-0.20;-0.05;0.01;0.02;-0.01;0.89;0.95;-0.35;0.00;0.00;-0.50;0.046;-0.80;2.31;-1000.00;-1000.00
1009.255;47;1.58;0.56;-173.68;0.95;-0.35;0.00;0.00;-0.50;403;0;1;2;-0.79;-0.43;-0.33;-0.08;-0.01;0.03;0.07;1.27;0.95;-0.35;0.00;0.00;-0.50;0.035;-0.78;2.33;-1000.00;-1000.00
1009.345;58;1.62;0.57;-165.65;0.95;-0.35;0.00;0.00;-0.50;403;0;1;2;-0.79;-0.50;-0.41;-0.17;-0.04;-0.02;0.29;1.56;0.95;-0.35;0.00;0.00;-0.50;0.033;-0.74;2.35;-1000.00;-1000.00
1009.445;66;1.65;0.60;-158.98;0.95;-0.35;0.00;0.00;-0.50;403;0;1;2;-0.79;-0.50;-0.50;-0.16;-0.06;0.21;0.07;1.59;0.95;-0.35;0.00;0.00;-0.50;0.032;-0.71;2.36;-1000.00;-1000.00
1009.565;81;1.71;0.65;-146.05;0.95;-0.35;0.00;0.00;-0.50;403;0;1;2;-0.79;-0.50;-0.54;-0.08;-0.01;0.03;0.05;1.46;0.95;-0.35;0.00;0.00;-0.50;0.050;-0.64;2.38;-1000.00;-1000.00
1009.655;87;1.74;0.68;-141.31;0.95;-0.35;0.00;0.00;-0.50;403;0;1;2;-0.79;-0.50;-0.60;-0.14;-0.05;-0.18;-0.04;1.33;0.95;-0.35;0.00;0.00;-0.50;0.038;-0.61;2.39;-1000.00;-1000.00
1009.755;100;1.78;0.75;-131.20;0.95;-0.35;0.00;0.00;-0.50;403;0;1;2;-0.79;-0.50;-0.61;-0.18;-0.00;0.01;0.01;1.36;0.95;-0.35;0.00;0.00;-0.50;0.042;-0.57;2.41;-1000.00;-1000.00
1009.865;110;1.80;0.81;-123.75;0.95;-0.35;0.00;0.00;-0.50;403;0;1;2;-0.79;-0.50;-0.65;-0.17;-0.01;-0.02;0.02;1.25;0.95;-0.35;0.00;0.00;-0.50;0.045;-0.53;2.43;-1000.00;-1000.00
1009.975;120;1.81;0.82;-113.12;0.95;-0.35;0.00;0.00;-0.50;403;0;1;2;-0.79;-0.50;-0.22;-0.01;-0.05;0.12;-0.46;1.91;0.95;-0.35;0.00;0.00;-0.50;0.065;-0.50;2.44;-1000.00;-1000.00
1010.035;124;1.81;0.84;-108.73;0.95;-0.35;0.00;0.00;-0.50;403;0;1;2;-0.79;-0.50;-0.33;-0.19;0.01;0.13;-0.01;1.90;0.95;-0.35;0.00;0.00;-0.50;0.026;-0.48;2.44;-1000.00;-1000.00
1010.175;140;1.79;0.89;-90.14;0.95;-0.35;0.00;0.00;-0.50;403;0;1;2;-0.79;-0.50;-0.36;-0.13;-0.00;0.27;-0.10;1.78;0.95;-0.35;0.00;0.00;-0.50;0.057;-0.43;2.45;-1000.00;-1000.00
1010.295;153;1.78;0.92;-83.91;0.95;-0.35;0.00;0.00;-0.50;403;0;1;2;-0.79;-0.50;-0.23;-0.05;0.08;1.01;0.25;0.96;0.95;-0.35;0.00;0.00;-0.50;0.078;-0.38;2.45;-1000.00;-1000.00
1010.365;159;1.77;0.93;-80.88;0.95;-0.35;0.00;0.00;-0.50;403;0;1;2;-0.79;-0.50;-0.21;0.00;0.01;0.96;0.73;0.90;0.95;-0.35;0.00;0.00;-0.50;0.041;-0.36;2.45;-1000.00;-1000.00
1010.445;167;1.76;0.95;-73.47;0.95;-0.35;0.00;0.00;-0.50;403;0;1;2;-0.79;-0.50;-0.36;-0.25;-0.07;0.26;0.06;2.27;0.95;-0.35;0.00;0.00;-0.50;0.033;-0.33;2.45;-1000.00;-1000.00
1010.565;182;1.69;1.00;-54.72;0.95;-0.35;0.00;0.00;-0.50;403;0;1;2;-0.79;-0.50;-0.51;-0.06;-0.11;-0.24;-0.81;1.23;0.95;-0.35;0.00;0.00;-0.50;0.052;-0.27;2.45;-1000.00;-1000.00
1010.645;185;1.68;1.01;-52.68;0.95;-0.35;0.00;0.00;-0.50;403;0;1;2;-0.79;-0.50;-0.52;-0.02;-0.10;-0.17;-0.69;1.06;0.95;-0.35;0.00;0.00;-0.50;0.026;-0.26;2.45;-1000.00;-1000.00
1010.825;204;1.61;1.07;-41.66;0.95;-0.35;0.00;0.00;-0.50;403;0;1;2;-0.79;-0.50;-0.57;0.06;-0.01;-0.03;0.10;1.58;0.95;-0.35;0.00;0.00;-0.50;0.123;-0.17;2.44;-1000.00;-1000.00
1010.925;215;1.57;1.11;-30.86;0.95;-0.35;0.00;0.00;-0.50;403;0;1;2;-0.79;-0.50;-0.51;0.06;0.01;-0.04;-0.05;1.72;0.95;-0.35;0.00;0.00;-0.50;0.095;-0.13;2.44;-1000.00;-1000.00
1010.995;224;1.53;1.14;-22.12;0.95;-0.35;0.00;0.00;-0.50;403;0;1;2;-0.79;-0.50;-0.47;0.03;0.01;0.96;0.60;1.61;0.95;-0.35;0.00;0.00;-0.50;0.069;-0.09;2.44;-1000.00;-1000.00
1011.075;230;1.51;1.13;-16.24;0.95;-0.35;0.00;0.00;-0.50;403;0;1;2;-0.79;-0.50;-0.36;-0.23;0.06;0.42;0.39;2.08;0.95;-0.35;0.00;0.00;-0.50;0.065;-0.06;2.44;-1000.00;-1000.00
1011.185;244;1.44;1.11;1.27;0.95;-0.35;0.00;0.00;-0.50;403;0;1;2;-0.79;-0.50;-0.52;-0.11;-0.04;0.56;0.19;1.74;0.95;-0.35;0.00;0.00;-0.50;0.077;-0.00;2.44;-1000.00;-1000.00
1011.265;252;1.41;1.08;8.24;0.95;-0.35;0.00;0.00;-0.50;403;0;1;2;-0.79;-0.50;-0.46;-0.14;0.04;0.01;-0.06;1.88;0.95;-0.35;0.00;0.00;-0.50;0.067;0.03;2.43;-1000.00;-1000.00
1011.385;262;1.38;1.06;17.05;0.95;-0.35;0.00;0.00;-0.50;403;0;1;2;-0.79;-0.50;-0.44;-0.09;0.03;0.02;-0.07;1.73;0.95;-0.35;0.00;0.00;-0.50;0.080;0.07;2.43;-1000.00;-1000.00
1011.475;271;1.35;1.04;24.35;0.95;-0.35;0.00;0.00;-0.50;403;0;1;2;-0.79;-0.50;-0.47;0.00;-0.05;0.31;0.15;1.76;0.95;-0.35;0.00;0.00;-0.50;0.060;0.11;2.43;-1000.00;-1000.00
1011.585;281;1.31;1.02;32.29;0.95;-0.35;0.00;0.00;-0.50;403;0;1;2;-0.79;-0.50;-0.46;0.05;-0.07;0.28;-0.12;1.77;0.95;-0.35;0.00;0.00;-0.50;0.067;0.16;2.43;-1000.00;-1000.00
1011.685;292;1.27;0.99;41.37;0.95;-0.35;0.00;0.00;-0.50;403;0;1;2;-0.79;-0.50;-0.48;0.06;-0.06;-0.26;-0.10;1.55;0.95;-0.35;0.00;0.00;-0.50;0.067;0.20;2.43;-1000.00;-1000.00
1011.745;296;1.25;0.98;45.12;0.95;-0.35;0.00;0.00;-0.50;403;0;1;2;-0.79;-0.50;-0.47;0.05;-0.05;-0.21;-0.22;1.60;0.95;-0.35;0.00;0.00;-0.50;0.035;0.22;2.43;-1000.00;-1000.00
1011.845;306;1.21;0.94;54.67;0.95;-0.35;0.00;0.00;-0.50;403;0;1;2;-0.46;-0.50;-0.50;0.07;-0.05;-0.23;0.02;1.73;0.95;-0.35;0.00;0.00;-0.50;0.028;0.27;2.42;-1000.00;-1000.00
1012.005;324;1.17;0.86;68.79;0.95;-0.35;0.00;0.00;-0.50;403;0;1;2;0.43;-0.50;-0.51;-0.07;-0.15;-0.27;-0.79;0.81;0.95;-0.35;0.00;0.00;-0.50;0.089;0.34;2.42;-1000.00;-1000.00
1012.055;330;1.16;0.84;71.07;0.95;-0.35;0.00;0.00;-0.50;403;0;1;2;0.61;-0.50;-0.47;0.02;-0.38;-0.63;-1.73;0.47;0.95;-0.35;0.00;0.00;-0.50;0.052;0.37;2.42;-1000.00;-1000.00
1012.215;345;1.13;0.77;64.15;0.95;-0.35;0.00;0.00;-0.50;403;0;1;2;0.43;-0.50;-0.51;0.03;-0.01;0.07;0.01;-0.93;0.95;-0.35;0.00;0.00;-0.50;0.098;0.44;2.42;-1000.00;-1000.00
1012.255;349;1.12;0.75;62.32;0.95;-0.35;0.00;0.00;-0.50;403;0;1;2;0.38;-0.50;-0.51;0.02;-0.01;-0.08;0.00;-0.68;0.95;-0.35;0.00;0.00;-0.50;0.046;0.46;2.42;-1000.00;-1000.00
1012.365;358;1.09;0.71;60.52;0.95;-0.35;0.00;0.00;-0.50;403;0;1;2;0.39;-0.50;-0.52;0.05;-0.01;-0.06;-0.02;-0.17;0.95;-0.35;0.00;0.00;-0.50;0.042;0.50;2.42;-1000.00;-1000.00
1012.455;368;1.06;0.67;59.12;0.95;-0.35;0.00;0.00;-0.50;403;0;1;2;0.42;-0.50;-0.52;0.05;-0.01;-0.06;-0.01;-0.24;0.95;-0.35;0.00;0.00;-0.50;0.034;0.54;2.41;-1000.00;-1000.00
1012.555;378;1.03;0.63;57.30;0.95;-0.35;0.00;0.00;-0.50;403;0;1;2;0.43;-0.50;-0.52;0.04;-0.01;-0.10;-0.01;-0.30;0.95;-0.35;0.00;0.00;-0.50;0.033;0.59;2.41;-1000.00;-1000.00
1012.645;388;0.99;0.59;55.29;0.95;-0.35;0.00;0.00;-0.50;403;0;1;2;0.42;-0.50;-0.52;0.03;-0.01;-0.13;0.00;-0.29;0.95;-0.35;0.00;0.00;-0.50;0.026;0.63;2.41;-1000.00;-1000.00
1012.745;397;0.97;0.56;53.59;0.95;-0.35;0.00;0.00;-0.50;403;0;1;2;0.42;-0.50;-0.51;0.04;-0.01;-0.10;-0.00;-0.28;0.95;-0.35;0.00;0.00;-0.50;0.038;0.67;2.41;-1000.00;-1000.00
1012.845;407;0.93;0.52;51.64;0.95;-0.35;0.00;0.00;-0.50;403;0;1;2;0.42;-0.50;-0.50;0.06;-0.02;0.07;-0.02;-0.37;0.93;-0.35;-0.00;0.00;-0.50;0.028;0.72;2.41;-1000.00;-1000.00
1012.955;418;0.89;0.48;49.71;0.95;-0.35;0.00;0.00;-0.50;403;0;1;2;0.42;-0.50;-0.52;0.05;-0.01;-0.10;0.01;-0.26;0.89;-0.35;-0.00;0.00;-0.50;0.039;0.77;2.41;-1000.00;-1000.00
1013.055;427;0.86;0.45;48.08;0.95;-0.35;0.00;0.00;-0.50;403;0;1;2;0.42;-0.50;-0.50;0.06;-0.02;0.08;-0.02;-0.34;0.86;-0.35;-0.00;0.00;-0.50;0.032;0.81;2.40;-1000.00;-1000.00
1013.155;440;0.81;0.41;45.85;0.95;-0.35;0.00;0.00;-0.50;403;0;1;2;0.41;-0.50;-0.50;0.06;-0.01;0.09;0.00;-0.33;0.82;-0.35;-0.00;0.00;-0.50;0.044;0.86;2.40;-1000.00;-1000.00
1013.265;450;0.77;0.38;44.19;0.95;-0.35;0.00;0.00;-0.50;403;0;1;2;0.41;-0.50;-0.51;0.05;-0.01;0.05;-0.02;-0.31;0.78;-0.35;-0.00;0.00;-0.50;0.054;0.87;2.41;-1000.00;-1000.00
1013.365;461;0.72;0.34;42.50;0.95;-0.35;0.00;0.00;-0.50;403;0;1;2;0.41;-0.49;-0.51;0.05;-0.01;-0.01;-0.00;-0.27;0.75;-0.35;-0.00;0.00;-0.50;0.050;0.87;2.41;-1000.00;-1000.00
1013.465;470;0.69;0.31;41.10;0.95;-0.35;0.00;0.00;-0.50;403;0;1;2;0.41;-0.49;-0.50;0.05;-0.01;0.05;-0.00;-0.30;0.71;-0.35;-0.00;0.00;-0.50;0.056;0.87;2.41;-1000.00;-1000.00
1013.555;481;0.64;0.28;39.46;0.95;-0.35;0.00;0.00;-0.50;403;0;1;2;0.40;-0.49;-0.50;0.05;-0.01;0.04;0.00;-0.27;0.67;-0.35;-0.00;0.00;-0.50;0.042;0.87;2.41;-1000.00;-1000.00
1013.665;489;0.61;0.26;38.33;0.95;-0.35;0.00;0.00;-0.50;403;0;1;2;0.40;-0.48;-0.49;0.05;-0.01;0.04;-0.01;-0.28;0.66;-0.35;-0.00;0.00;-0.50;0.048;0.87;2.41;-1000.00;-1000.00
1013.765;498;0.57;0.24;37.10;0.95;-0.35;0.00;0.00;-0.50;403;0;1;2;0.40;-0.47;-0.49;0.05;-0.01;0.04;-0.02;-0.27;0.66;-0.35;-0.00;0.00;-0.50;0.048;0.87;2.41;-1000.00;-1000.00
1013.855;508;0.53;0.21;35.82;0.95;-0.35;0.00;0.00;-0.50;403;0;1;2;0.40;-0.46;-0.48;0.05;-0.01;0.04;-0.02;-0.25;0.66;-0.35;-0.00;0.00;-0.50;0.044;0.87;2.41;-1000.00;-1000.00
1013.965;522;0.47;0.18;34.20;0.95;-0.35;0.00;0.00;-0.50;403;0;1;2;0.40;-0.44;-0.46;0.04;-0.01;0.04;0.01;-0.21;0.66;-0.35;-0.00;0.00;-0.50;0.047;0.87;2.41;-1000.00;-1000.00
1014.045;527;0.45;0.16;33.68;0.95;-0.35;0.00;0.00;-0.50;403;0;1;2;0.41;-0.42;-0.45;0.04;-0.01;0.04;-0.02;-0.19;0.66;-0.35;-0.00;0.00;-0.50;0.034;0.87;2.41;-1000.00;-1000.00
1014.185;542;0.39;0.13;32.33;0.95;-0.35;0.00;0.00;-0.50;403;0;1;2;0.42;-0.39;-0.41;0.03;-0.01;0.04;-0.01;-0.20;0.66;-0.35;-0.00;0.00;-0.50;0.069;0.87;2.41;-1000.00;-1000.00
1014.255;550;0.36;0.12;31.67;0.95;-0.35;0.00;0.00;-0.50;403;0;1;2;0.42;-0.36;-0.41;0.03;-0.01;-0.01;0.00;-0.11;0.66;-0.35;-0.00;0.00;-0.50;0.040;0.87;2.41;-1000.00;-1000.00
1014.365;560;0.33;0.10;30.99;0.95;-0.35;0.00;0.00;-0.50;403;0;1;2;0.43;-0.33;-0.36;0.03;-0.01;0.06;-0.02;-0.15;0.66;-0.35;-0.00;0.00;-0.50;0.050;0.87;2.41;-1000.00;-1000.00
1014.445;568;0.30;0.09;30.57;0.95;-0.35;0.00;0.00;-0.50;403;0;1;2;0.44;-0.30;-0.33;0.02;-0.01;0.04;-0.01;-0.08;0.66;-0.35;-0.00;0.00;-0.50;0.038;0.87;2.41;-1000.00;-1000.00
1014.545;579;0.27;0.07;30.34;0.95;-0.35;0.00;0.00;-0.50;403;0;1;2;0.47;-0.26;-0.29;0.01;-0.01;0.03;-0.00;-0.03;0.66;-0.35;-0.00;0.00;-0.50;0.033;0.87;2.41;-1000.00;-1000.00
1014.655;587;0.25;0.06;30.35;0.95;-0.35;0.00;0.00;-0.50;403;0;1;2;0.50;-0.23;-0.26;0.02;-0.01;0.04;-0.01;-0.00;0.66;-0.35;-0.00;0.00;-0.50;0.043;0.87;2.41;-1000.00;-1000.00
1014.745;598;0.23;0.05;30.36;0.95;-0.35;0.00;0.00;-0.50;403;0;1;2;0.53;-0.19;-0.22;0.01;-0.01;0.06;-0.02;-0.00;0.66;-0.35;-0.00;0.00;-0.50;0.030;0.87;2.41;-1000.00;-1000.00
1014.885;613;0.20;0.03;30.62;0.95;-0.35;0.00;0.00;-0.50;403;0;1;2;0.58;-0.15;-0.18;0.02;-0.01;0.07;-0.03;-0.02;0.66;-0.35;-0.00;0.00;-0.50;0.065;0.87;2.41;-1000.00;-1000.00
1014.955;617;0.20;0.03;30.65;0.95;-0.35;0.00;0.00;-0.50;403;0;1;2;0.58;-0.11;-0.17;0.01;-0.01;-0.00;0.00;0.05;0.66;-0.35;-0.00;0.00;-0.50;0.036;0.87;2.41;-1000.00;-1000.00
1015.075;632;0.18;0.02;31.37;0.95;-0.35;0.00;0.00;-0.50;403;0;1;2;0.64;-0.08;-0.11;-0.00;-0.01;0.01;0.00;0.09;0.66;-0.35;-0.00;0.00;-0.50;0.058;0.87;2.41;-1000.00;-1000.00
1015.145;636;0.18;0.02;31.59;0.95;-0.35;0.00;0.00;-0.50;403;0;1;2;0.66;-0.04;-0.09;0.00;-0.01;0.08;-0.03;0.10;0.66;-0.35;-0.00;0.00;-0.50;0.029;0.87;2.41;-1000.00;-1000.00
1015.275;651;0.17;0.01;33.03;0.95;-0.35;0.00;0.00;-0.50;403;0;1;2;0.74;-0.01;-0.04;-0.00;-0.01;-0.02;0.01;0.17;0.66;-0.35;-0.00;0.00;-0.50;0.071;0.93;2.40;-1000.00;-1000.00
1015.355;659;0.17;0.01;33.86;0.95;-0.35;0.00;0.00;-0.50;403;0;1;2;0.78;0.03;-0.02;-0.00;-0.01;-0.06;0.03;0.23;0.66;-0.35;-0.00;0.00;-0.50;0.045;0.96;2.40;-1000.00;-1000.00
1015.435;666;0.17;0.01;34.76;0.95;-0.35;0.00;0.00;-0.50;403;0;1;2;0.79;0.06;0.02;-0.00;-0.01;0.06;-0.03;0.25;0.66;-0.35;-0.00;0.00;-0.50;0.026;0.99;2.40;-1000.00;-1000.00
1015.555;679;0.17;0.01;36.74;0.95;-0.35;0.00;0.00;-0.50;403;0;1;2;0.79;0.09;0.06;0.00;-0.00;0.01;-0.03;0.21;0.66;-0.35;-0.00;0.00;-0.50;0.035;1.05;2.40;-1000.00;-1000.00
1015.675;690;0.18;0.02;38.12;0.95;-0.35;0.00;0.00;-0.50;403;0;1;2;0.79;0.12;0.09;-0.00;-0.00;-0.01;0.08;0.20;0.66;-0.35;-0.00;0.00;-0.50;0.066;1.09;2.39;-1000.00;-1000.00
1015.765;698;0.19;0.02;39.13;0.95;-0.35;0.00;0.00;-0.50;403;0;1;2;0.79;0.14;0.11;0.00;-0.00;-0.01;0.05;0.24;0.66;-0.35;-0.00;0.00;-0.50;0.058;1.13;2.39;-1000.00;-1000.00
1015.855;709;0.20;0.03;40.73;0.95;-0.35;0.00;0.00;-0.50;403;0;1;2;0.79;0.16;0.14;0.01;-0.01;-0.01;0.05;0.25;0.66;-0.35;-0.00;0.00;-0.50;0.045;1.18;2.39;-1000.00;-1000.00
1015.945;717;0.21;0.04;41.97;0.95;-0.35;0.00;0.00;-0.50;403;0;1;2;0.79;0.19;0.17;-0.00;-0.01;0.00;-0.06;0.31;0.66;-0.35;-0.00;0.00;-0.50;0.035;1.21;2.39;-1000.00;-1000.00
1016.045;726;0.22;0.05;43.38;0.95;-0.35;0.00;0.00;-0.50;403;0;1;2;0.79;0.20;0.20;-0.01;-0.01;-0.00;-0.11;0.33;0.66;-0.35;-0.00;0.00;-0.50;0.025;1.25;2.39;-1000.00;-1000.00
1016.145;736;0.23;0.07;45.11;0.95;-0.35;0.00;0.00;-0.50;403;0;1;2;0.79;0.22;0.19;-0.02;-0.01;0.01;-0.03;0.31;0.66;-0.35;-0.00;0.00;-0.50;0.028;1.30;2.38;-1000.00;-1000.00
1016.255;751;0.26;0.08;47.93;0.95;-0.35;0.00;0.00;-0.50;403;0;1;2;0.79;0.23;0.20;-0.05;-0.01;0.01;-0.06;0.38;0.66;-0.35;-0.00;0.00;-0.50;0.035;1.36;2.38;-1000.00;-1000.00
1016.365;759;0.27;0.09;49.79;0.95;-0.35;0.00;0.00;-0.50;403;0;1;2;0.79;0.24;0.21;-0.05;-0.01;0.00;-0.04;0.42;0.66;-0.35;-0.00;0.00;-0.50;0.044;1.40;2.38;-1000.00;-1000.00
1016.475;773;0.29;0.11;53.34;0.95;-0.35;0.00;0.00;-0.50;403;0;1;2;0.79;0.25;0.22;-0.05;-0.01;-0.01;-0.03;0.46;0.66;-0.35;-0.00;0.00;-0.50;0.064;1.46;2.38;-1000.00;-1000.00
1016.565;778;0.30;0.12;54.66;0.95;-0.35;0.00;0.00;-0.50;403;0;1;2;0.79;0.26;0.22;-0.06;-0.01;0.02;-0.04;0.49;0.66;-0.35;-0.00;0.00;-0.50;0.051;1.48;2.38;-1000.00;-1000.00
1016.635;789;0.32;0.14;57.67;0.95;-0.35;0.00;0.00;-0.50;403;0;1;2;0.79;0.26;0.22;-0.06;-0.01;0.00;-0.04;0.50;0.66;-0.35;-0.00;0.00;-0.50;0.030;1.53;2.38;-1000.00;-1000.00
1016.745;797;0.33;0.15;59.95;0.95;-0.35;0.00;0.00;-0.50;403;0;1;2;0.79;0.26;0.22;-0.06;-0.01;0.00;-0.03;0.51;0.66;-0.35;-0.00;0.00;-0.50;0.037;1.57;2.37;-1000.00;-1000.00
1016.845;808;0.35;0.17;63.07;0.95;-0.35;0.00;0.00;-0.50;403;0;1;2;0.79;0.26;0.22;-0.06;-0.00;-0.00;-0.03;0.49;0.66;-0.35;-0.00;0.00;-0.50;0.032;1.62;2.37;-1000.00;-1000.00
1016.955;821;0.37;0.19;66.70;0.95;-0.35;0.00;0.00;-0.50;403;0;1;2;0.79;0.26;0.22;-0.05;-0.00;0.01;-0.02;0.49;0.66;-0.35;-0.00;0.00;-0.50;0.047;1.68;2.37;-1000.00;-1000.00
1017.045;826;0.37;0.20;68.05;0.95;-0.35;0.00;0.00;-0.50;403;0;1;2;0.79;0.25;0.22;-0.05;-0.00;0.01;-0.03;0.46;0.66;-0.35;-0.00;0.00;-0.50;0.036;1.70;2.37;-1000.00;-1000.00
1017.155;841;0.39;0.23;71.95;0.95;-0.35;0.00;0.00;-0.50;403;0;1;2;0.79;0.25;0.21;-0.03;0.00;-0.04;0.05;0.43;0.66;-0.35;-0.00;0.00;-0.50;0.047;1.76;2.37;-1000.00;-1000.00
1017.295;854;0.41;0.25;76.07;0.95;-0.35;0.00;0.00;-0.50;403;0;1;2;0.79;0.24;0.23;-0.09;-0.04;0.11;0.09;0.65;0.66;-0.35;-0.00;0.00;-0.50;0.077;1.80;2.36;-1000.00;-1000.00
1017.355;860;0.41;0.27;78.23;0.95;-0.35;0.00;0.00;-0.50;403;0;1;2;0.79;0.24;0.27;-0.07;0.00;0.03;-0.08;0.68;0.66;-0.35;-0.00;0.00;-0.50;0.044;1.82;2.36;-1000.00;-1000.00
1017.455;868;0.42;0.28;81.22;0.95;-0.35;0.00;0.00;-0.50;403;0;1;2;0.79;0.23;0.23;-0.11;-0.05;0.14;0.10;0.71;0.66;-0.35;-0.00;0.00;-0.50;0.048;1.83;2.36;-1000.00;-1000.00
1017.565;879;0.44;0.31;85.28;0.95;-0.35;0.00;0.00;-0.50;403;0;1;2;0.79;0.22;0.24;-0.07;-0.00;0.03;-0.04;0.65;0.66;-0.35;-0.00;0.00;-0.50;0.052;1.84;2.36;-1000.00;-1000.00
1017.635;887;0.44;0.33;88.12;0.95;-0.35;0.00;0.00;-0.50;403;0;1;2;0.79;0.21;0.22;-0.10;-0.05;0.15;0.10;0.66;0.66;-0.35;-0.00;0.00;-0.50;0.027;1.85;2.36;-1000.00;-1000.00
1017.775;901;0.45;0.36;92.49;0.95;-0.35;0.00;0.00;-0.50;403;0;1;2;0.79;0.20;0.21;-0.09;-0.05;0.14;0.12;0.60;0.66;-0.35;-0.00;0.00;-0.50;0.065;1.85;2.36;-1000.00;-1000.00
1017.875;911;0.46;0.38;95.44;0.95;-0.35;0.00;0.00;-0.50;403;0;1;2;0.79;0.19;0.19;-0.06;-0.01;-0.02;0.02;0.45;0.66;-0.35;-0.00;0.00;-0.50;0.067;1.85;2.36;-1000.00;-1000.00
1017.965;919;0.46;0.39;97.51;0.95;-0.35;0.00;0.00;-0.50;403;0;1;2;0.79;0.18;0.18;-0.05;-0.01;-0.08;0.04;0.38;0.66;-0.35;-0.00;0.00;-0.50;0.051;1.84;2.36;-1000.00;-1000.00
1018.065;930;0.46;0.41;100.07;0.95;-0.35;0.00;0.00;-0.50;403;0;1;2;0.79;0.17;0.20;-0.08;-0.04;0.28;0.01;0.52;0.66;-0.35;-0.00;0.00;-0.50;0.055;1.82;2.36;-1000.00;-1000.00
1018.185;941;0.47;0.43;102.31;0.95;-0.35;0.00;0.00;-0.50;403;0;1;2;0.79;0.16;0.16;-0.06;-0.01;0.05;-0.01;0.35;0.66;-0.35;-0.00;0.00;-0.50;0.074;1.80;2.36;-1000.00;-1000.00
1018.325;956;0.46;0.46;104.63;0.95;-0.35;0.00;0.00;-0.50;403;0;1;2;0.79;0.15;0.16;0.00;-0.01;-0.06;0.01;0.19;0.66;-0.35;-0.00;0.00;-0.50;0.105;1.76;2.36;-1000.00;-1000.00
1018.375;961;0.46;0.47;105.23;0.95;-0.35;0.00;0.00;-0.50;403;0;1;2;0.79;0.14;0.16;-0.03;-0.06;0.12;0.15;0.25;0.66;-0.35;-0.00;0.00;-0.50;0.044;1.75;2.36;-1000.00;-1000.00
1018.495;971;0.46;0.48;106.28;0.95;-0.35;0.00;0.00;-0.50;403;0;1;2;0.79;0.14;0.16;-0.01;-0.01;0.05;-0.02;0.19;0.66;-0.35;-0.00;0.00;-0.50;0.080;1.71;2.37;-1000.00;-1000.00
1018.575;979;0.46;0.49;106.87;0.95;-0.35;0.00;0.00;-0.50;403;0;1;2;0.79;0.13;0.15;0.01;-0.01;0.03;-0.02;0.11;0.66;-0.35;-0.00;0.00;-0.50;0.054;1.68;2.37;-1000.00;-1000.00
1018.715;994;0.45;0.51;107.37;0.95;-0.35;0.00;0.00;-0.50;403;0;1;2;0.79;0.12;0.15;-0.00;-0.01;0.05;-0.01;0.07;0.66;-0.35;-0.00;0.00;-0.50;0.112;1.63;2.37;-1000.00;-1000.00
1018.765;998;0.45;0.52;107.46;0.95;-0.35;0.00;0.00;-0.50;403;0;1;2;0.79;0.12;0.13;0.00;-0.01;-0.06;0.01;0.00;0.66;-0.35;-0.00;0.00;-0.50;0.043;1.61;2.37;-1000.00;-1000.00
1018.865;1009;0.44;0.53;107.63;0.95;-0.35;0.00;0.00;-0.50;403;0;1;2;0.79;0.12;0.12;0.01;-0.01;-0.07;0.02;-0.04;0.66;-0.35;-0.00;0.00;-0.50;0.054;1.57;2.37;-1000.00;-1000.00
1018.965;1021;0.44;0.55;107.63;0.95;-0.35;0.00;0.00;-0.50;403;0;1;2;0.79;0.11;0.12;0.00;-0.01;-0.05;0.01;-0.03;0.66;-0.35;-0.00;0.00;-0.50;0.060;1.52;2.37;-1000.00;-1000.00
1019.075;1032;0.43;0.56;107.65;0.95;-0.35;0.00;0.00;-0.50;403;0;1;2;0.79;0.11;0.12;0.00;-0.01;-0.02;0.00;-0.01;0.66;-0.35;-0.00;0.00;-0.50;0.061;1.47;2.37;-1000.00;-1000.00
1019.205;1044;0.43;0.57;107.65;0.95;-0.35;0.00;0.00;-0.50;403;0;1;2;0.79;0.11;0.12;-0.00;-0.01;0.05;-0.01;0.02;0.66;-0.35;-0.00;0.00;-0.50;0.099;1.42;2.37;-1000.00;-1000.00
1019.285;1052;0.42;0.58;107.65;0.95;-0.35;0.00;0.00;-0.50;403;0;1;2;0.79;0.11;0.12;0.00;-0.01;0.05;-0.02;0.03;0.66;-0.35;-0.00;0.00;-0.50;0.078;1.39;2.37;-1000.00;-1000.00
1019.375;1063;0.42;0.59;107.67;0.95;-0.35;0.00;0.00;-0.50;403;0;1;2;0.79;0.10;0.12;-0.00;-0.01;0.10;-0.03;0.04;0.66;-0.35;-0.00;0.00;-0.50;0.055;1.34;2.37;-1000.00;-1000.00
1019.475;1072;0.42;0.60;107.71;0.95;-0.35;0.00;0.00;-0.50;403;0;1;2;0.79;0.10;0.11;0.00;-0.01;0.05;-0.02;0.03;0.66;-0.35;-0.00;0.00;-0.50;0.061;1.30;2.37;-1000.00;-1000.00
1019.635;1086;0.41;0.62;107.81;0.95;-0.35;0.00;0.00;-0.50;403;0;1;2;0.79;0.10;0.10;0.00;-0.01;-0.05;0.01;-0.00;0.66;-0.35;-0.00;0.00;-0.50;0.091;1.23;2.37;-1000.00;-1000.00
1019.725;1097;0.41;0.63;107.94;0.95;-0.35;0.00;0.00;-0.50;403;0;1;2;0.79;0.10;0.11;0.00;-0.01;-0.01;-0.00;0.01;0.66;-0.35;-0.00;0.00;-0.50;0.087;1.18;2.37;-1000.00;-1000.00
1019.805;1101;0.41;0.63;107.99;0.95;-0.35;0.00;0.00;-0.50;403;0;1;2;0.79;0.10;0.11;0.00;-0.01;-0.01;-0.00;0.02;0.66;-0.35;-0.00;0.00;-0.50;0.072;1.16;2.37;-1000.00;-1000.00
1019.895;1112;0.40;0.64;108.16;0.95;-0.35;0.00;0.00;-0.50;403;0;1;2;0.79;0.10;0.11;0.00;-0.01;0.05;-0.01;0.05;0.66;-0.35;-0.00;0.00;-0.50;0.079;1.11;2.37;-1000.00;-1000.00
1019.975;1120;0.40;0.65;108.29;0.95;-0.35;0.00;0.00;-0.50;403;0;1;2;0.79;0.11;0.11;0.00;-0.01;0.03;-0.01;0.03;0.66;-0.35;-0.00;0.00;-0.50;0.056;1.07;2.37;-1000.00;-1000.00
1020.075;1131;0.40;0.66;108.49;0.95;-0.35;0.00;0.00;-0.50;403;0;1;2;0.79;0.11;0.13;-0.00;-0.01;0.11;-0.03;0.09;0.66;-0.35;-0.00;0.00;-0.50;0.049;1.04;2.38;-1000.00;-1000.00
1020.125;1135;0.39;0.67;108.59;0.95;-0.35;0.00;0.00;-0.50;403;0;1;2;0.79;0.11;0.12;-0.00;-0.01;0.09;-0.02;0.07;0.66;-0.35;-0.00;0.00;-0.50;0.019;1.02;2.39;-1000.00;-1000.00
1020.285;1150;0.39;0.68;108.92;0.95;-0.35;0.00;0.00;-0.50;403;0;1;2;0.79;0.11;0.11;0.00;-0.01;-0.07;0.02;0.01;0.66;-0.35;-0.00;0.00;-0.50;0.070;0.99;2.41;-1000.00;-1000.00
1020.345;1159;0.39;0.69;109.18;0.95;-0.35;0.00;0.00;-0.50;403;0;1;2;0.79;0.11;0.13;-0.00;-0.01;0.11;-0.03;0.09;0.66;-0.35;-0.00;0.00;-0.50;0.034;0.97;2.42;-1000.00;-1000.00
1020.465;1169;0.38;0.71;109.45;0.95;-0.35;0.00;0.00;-0.50;403;0;1;2;0.79;0.12;0.12;0.00;-0.01;-0.03;0.00;0.03;0.66;-0.35;-0.00;0.00;-0.50;0.046;0.95;2.43;-1000.00;-1000.00
1020.565;1180;0.38;0.72;109.78;0.95;-0.35;0.00;0.00;-0.50;403;0;1;2;0.79;0.12;0.13;0.00;-0.01;0.03;-0.01;0.06;0.66;-0.35;-0.00;0.00;-0.50;0.044;0.94;2.44;-1000.00;-1000.00
1020.675;1189;0.37;0.73;110.05;0.95;-0.35;0.00;0.00;-0.50;403;0;1;2;0.79;0.12;0.13;0.01;-0.01;-0.02;-0.00;0.05;0.66;-0.35;-0.00;0.00;-0.50;0.056;0.93;2.45;-1000.00;-1000.00
1020.755;1199;0.37;0.74;110.38;0.95;-0.35;0.00;0.00;-0.50;403;0;1;2;0.79;0.13;0.14;-0.00;-0.01;0.10;-0.03;0.09;0.66;-0.35;-0.00;0.00;-0.50;0.034;0.92;2.46;-1000.00;-1000.00
1020.845;1207;0.36;0.75;110.65;0.95;-0.35;0.00;0.00;-0.50;403;0;1;2;0.79;0.13;0.15;-0.01;-0.01;0.10;-0.03;0.10;0.66;-0.35;-0.00;0.00;-0.50;0.031;0.92;2.46;-1000.00;-1000.00
1020.985;1222;0.36;0.77;111.18;0.95;-0.35;0.00;0.00;-0.50;403;0;1;2;0.79;0.14;0.13;0.01;-0.01;-0.08;0.01;0.03;0.66;-0.35;-0.00;0.00;-0.50;0.076;0.91;2.46;-1000.00;-1000.00
1021.055;1227;0.35;0.78;111.41;0.95;-0.35;0.00;0.00;-0.50;403;0;1;2;0.79;0.14;0.15;0.00;-0.01;0.07;-0.02;0.11;0.66;-0.35;-0.00;0.00;-0.50;0.031;0.91;2.46;-1000.00;-1000.00
1021.165;1241;0.34;0.80;111.99;0.95;-0.35;0.00;0.00;-0.50;403;0;1;2;0.79;0.15;0.14;-0.01;-0.01;-0.05;0.01;0.06;0.66;-0.35;-0.00;0.00;-0.50;0.044;0.91;2.46;-1000.00;-1000.00
1021.255;1251;0.34;0.81;112.62;0.95;-0.35;0.00;0.00;-0.50;403;0;1;2;0.79;0.15;0.16;-0.02;-0.01;0.09;-0.02;0.16;0.66;-0.35;-0.00;0.00;-0.50;0.037;0.92;2.46;-1000.00;-1000.00
1021.355;1256;0.34;0.82;112.96;0.95;-0.35;0.00;0.00;-0.50;403;0;1;2;0.79;0.16;0.16;-0.01;-0.01;0.02;-0.01;0.13;0.66;-0.35;-0.00;0.00;-0.50;0.032;0.92;2.46;-1000.00;-1000.00
1021.465;1270;0.33;0.84;114.21;0.95;-0.35;0.00;0.00;-0.50;403;0;1;2;0.79;0.17;0.15;-0.05;-0.01;0.10;-0.01;0.20;0.66;-0.35;-0.00;0.00;-0.50;0.056;0.93;2.45;-1000.00;-1000.00
1021.585;1280;0.33;0.86;115.33;0.95;-0.35;0.00;0.00;-0.50;403;0;1;2;0.79;0.17;0.16;-0.06;-0.01;0.15;-0.02;0.30;0.66;-0.35;-0.00;0.00;-0.50;0.066;0.94;2.45;-1000.00;-1000.00
1021.685;1290;0.32;0.87;116.76;0.95;-0.35;0.00;0.00;-0.50;403;0;1;2;0.79;0.18;0.18;-0.06;-0.01;0.15;-0.00;0.35;0.66;-0.35;-0.00;0.00;-0.50;0.055;0.94;2.45;-1000.00;-1000.00
1021.765;1299;0.32;0.89;118.13;0.95;-0.35;0.00;0.00;-0.50;403;0;1;2;0.79;0.19;0.19;-0.01;-0.01;0.08;-0.01;0.29;0.66;-0.35;-0.00;0.00;-0.50;0.056;0.95;2.44;-1000.00;-1000.00
1021.875;1310;0.31;0.90;119.45;0.95;-0.35;0.00;0.00;-0.50;403;0;1;2;0.79;0.20;0.20;0.02;-0.01;0.02;-0.01;0.19;0.66;-0.35;-0.00;0.00;-0.50;0.055;0.97;2.44;-1000.00;-1000.00
1021.955;1319;0.30;0.92;120.40;0.95;-0.35;0.00;0.00;-0.50;403;0;1;2;0.79;0.21;0.19;-0.05;-0.01;0.15;0.00;0.25;0.66;-0.35;-0.00;0.00;-0.50;0.040;0.98;2.44;-1000.00;-1000.00
1022.055;1329;0.29;0.94;121.57;0.95;-0.35;0.00;0.00;-0.50;403;0;1;2;0.79;0.21;0.22;-0.05;-0.01;0.09;-0.03;0.32;0.66;-0.35;-0.00;0.00;-0.50;0.031;0.99;2.44;-1000.00;-1000.00
1022.165;1341;0.28;0.96;123.76;0.95;-0.35;0.00;0.00;-0.50;403;0;1;2;0.79;0.22;0.21;-0.04;-0.01;0.06;0.00;0.38;0.66;-0.35;-0.00;0.00;-0.50;0.049;1.01;2.43;-1000.00;-1000.00
1022.275;1352;0.27;0.98;125.96;0.95;-0.35;0.00;0.00;-0.50;403;0;1;2;0.79;0.23;0.20;-0.05;-0.01;0.07;0.01;0.36;0.66;-0.35;-0.00;0.00;-0.50;0.060;1.02;2.43;-1000.00;-1000.00
1022.345;1356;0.27;0.99;126.62;0.95;-0.35;0.00;0.00;-0.50;403;0;1;2;0.79;0.24;0.20;-0.03;-0.01;-0.13;-0.02;0.27;0.66;-0.35;-0.00;0.00;-0.50;0.035;1.03;2.43;-1000.00;-1000.00
1022.485;1371;0.25;1.02;130.07;0.95;-0.35;0.00;0.00;-0.50;403;0;1;2;0.79;0.26;0.24;-0.04;-0.01;0.05;0.01;0.47;0.66;-0.35;-0.00;0.00;-0.50;0.060;1.06;2.42;-1000.00;-1000.00
1022.555;1379;0.24;1.04;132.02;0.95;-0.35;0.00;0.00;-0.50;403;0;1;2;0.79;0.27;0.24;-0.05;-0.01;0.05;0.02;0.46;0.66;-0.35;-0.00;0.00;-0.50;0.042;1.07;2.41;-1000.00;-1000.00
1022.665;1390;0.23;1.06;134.82;0.95;-0.35;0.00;0.00;-0.50;403;0;1;2;0.79;0.28;0.23;-0.06;-0.01;-0.11;-0.05;0.41;0.66;-0.35;-0.00;0.00;-0.50;0.060;1.09;2.40;-1000.00;-1000.00
1022.795;1403;0.21;1.09;138.68;0.95;-0.35;0.00;0.00;-0.50;403;0;1;2;0.79;0.30;0.24;-0.06;-0.01;-0.06;-0.03;0.51;0.66;-0.35;-0.00;0.00;-0.50;0.077;1.12;2.40;-1000.00;-1000.00
1022.865;1409;0.20;1.10;140.64;0.95;-0.35;0.00;0.00;-0.50;403;0;1;2;0.79;0.31;0.27;-0.08;-0.01;0.07;0.03;0.62;0.66;-0.35;-0.00;0.00;-0.50;0.054;1.14;2.39;-1000.00;-1000.00
1022.955;1418;0.19;1.12;143.78;0.95;-0.35;0.00;0.00;-0.50;403;0;1;2;0.79;0.33;0.27;-0.08;-0.01;0.04;0.01;0.66;0.66;-0.35;-0.00;0.00;-0.50;0.047;1.16;2.39;-1000.00;-1000.00
1023.055;1428;0.17;1.14;147.56;0.95;-0.35;0.00;0.00;-0.50;403;0;1;2;0.79;0.35;0.27;-0.09;-0.01;0.04;0.02;0.70;0.66;-0.35;-0.00;0.00;-0.50;0.046;1.19;2.39;-1000.00;-1000.00
1023.145;1437;0.15;1.16;151.12;0.95;-0.35;0.00;0.00;-0.50;403;0;1;2;0.79;0.36;0.28;-0.08;-0.01;-0.01;-0.01;0.70;0.66;-0.35;-0.00;0.00;-0.50;0.030;1.21;2.38;-1000.00;-1000.00
1023.275;1451;0.12;1.19;157.13;0.95;-0.35;0.00;0.00;-0.50;403;0;1;2;0.79;0.39;0.28;-0.08;-0.01;0.02;0.02;0.75;0.66;-0.35;-0.00;0.00;-0.50;0.060;1.26;2.38;-1000.00;-1000.00
1023.385;1461;0.10;1.20;161.51;0.95;-0.35;0.00;0.00;-0.50;403;0;1;2;0.79;0.41;0.28;-0.08;-0.00;0.01;0.01;0.76;0.66;-0.35;-0.00;0.00;-0.50;0.074;1.29;2.39;-1000.00;-1000.00
1023.495;1472;0.07;1.22;166.35;0.95;-0.35;0.00;0.00;-0.50;403;0;1;2;0.79;0.43;0.27;-0.13;-0.04;-0.10;0.12;0.85;0.66;-0.35;-0.00;0.00;-0.50;0.071;1.32;2.40;-1000.00;-1000.00
1023.575;1483;0.03;1.24;172.91;0.95;-0.35;0.00;0.00;-0.50;403;0;1;2;0.79;0.46;0.37;-0.10;0.01;0.04;0.01;1.18;0.66;-0.35;-0.00;0.00;-0.50;0.066;1.35;2.41;-1000.00;-1000.00
1023.655;1487;0.02;1.25;175.77;0.95;-0.35;0.00;0.00;-0.50;403;0;1;2;0.79;0.49;0.39;-0.13;0.00;0.00;-0.01;1.31;0.66;-0.35;-0.00;0.00;-0.50;0.036;1.36;2.42;-1000.00;-1000.00
1023.795;1502;-0.04;1.27;189.17;0.95;-0.35;0.00;0.00;-0.50;403;0;1;2;-0.79;0.50;0.43;-0.24;-0.00;-0.04;-0.08;1.64;0.66;-0.35;-0.00;0.00;-0.50;0.082;1.41;2.44;-1000.00;-1000.00
1023.855;1510;-0.08;1.28;195.94;0.95;-0.35;0.00;0.00;-0.50;403;0;1;2;-0.79;0.50;0.44;-0.19;-0.00;-0.01;-0.08;0.84;0.66;-0.35;-0.00;0.00;-0.50;0.043;1.43;2.45;-1000.00;-1000.00
1023.945;1520;-0.13;1.28;192.72;0.95;-0.35;0.00;0.00;-0.50;403;0;1;2;-0.79;0.50;0.45;0.05;-0.06;0.19;0.13;-1.57;0.66;-0.35;-0.00;0.00;-0.50;0.039;1.46;2.47;-1000.00;-1000.00
1024.045;1527;-0.16;1.27;185.39;0.95;-0.35;0.00;0.00;-0.50;403;0;1;2;-0.79;0.50;0.51;0.07;-0.01;-0.06;0.05;-1.88;0.66;-0.35;-0.00;0.00;-0.50;0.026;1.48;2.49;-1000.00;-1000.00
1024.165;1540;-0.22;1.25;172.04;0.95;-0.35;0.00;0.00;-0.50;403;0;1;2;0.79;0.50;0.44;0.26;-0.05;0.16;0.10;-1.81;0.66;-0.35;-0.00;0.00;-0.50;0.049;1.51;2.52;-1000.00;-1000.00
1024.265;1549;-0.27;1.24;165.54;0.95;-0.35;0.00;0.00;-0.50;403;0;1;2;0.79;0.50;0.46;0.11;-0.00;0.06;-0.21;-0.24;0.66;-0.35;-0.00;0.00;-0.50;0.059;1.53;2.54;-1000.00;-1000.00
1024.345;1559;-0.32;1.25;171.45;0.95;-0.35;0.00;0.00;-0.50;403;0;1;2;0.79;0.50;0.46;-0.08;-0.01;-0.07;0.20;1.91;0.66;-0.35;-0.00;0.00;-0.50;0.033;1.55;2.57;-1000.00;-1000.00
1024.475;1572;-0.38;1.26;185.07;0.95;-0.35;0.00;0.00;-0.50;403;0;1;2;-0.79;0.50;0.48;-0.17;-0.00;0.01;-0.00;1.79;0.66;-0.35;-0.00;0.00;-0.50;0.056;1.57;2.60;-1000.00;-1000.00
1024.555;1578;-0.41;1.27;190.17;0.95;-0.35;0.00;0.00;-0.50;403;0;1;2;-0.79;0.50;0.47;-0.22;-0.06;-0.19;0.13;1.11;0.66;-0.35;-0.00;0.00;-0.50;0.033;1.58;2.62;-1000.00;-1000.00
1024.665;1591;-0.47;1.26;183.24;0.95;-0.35;0.00;0.00;-0.50;403;0;1;2;-0.79;0.50;0.50;0.06;0.01;0.02;-0.02;-1.98;0.66;-0.35;-0.00;0.00;-0.50;0.052;1.60;2.66;-1000.00;-1000.00
1024.755;1597;-0.50;1.26;176.88;0.95;-0.35;0.00;0.00;-0.50;403;0;1;2;0.79;0.50;0.53;0.09;-0.01;-0.09;0.07;-1.88;0.66;-0.35;-0.00;0.00;-0.50;0.034;1.61;2.68;-1000.00;-1000.00
1024.855;1610;-0.57;1.25;168.25;0.95;-0.35;0.00;0.00;-0.50;403;0;1;2;0.79;0.50;0.48;0.06;-0.00;0.03;-0.10;0.27;0.66;-0.35;-0.00;0.00;-0.50;0.043;1.63;2.72;-1000.00;-1000.00
1024.945;1620;-0.61;1.27;177.01;0.95;-0.35;0.00;0.00;-0.50;403;0;1;2;0.79;0.50;0.51;-0.05;-0.05;0.08;-0.17;1.95;0.66;-0.35;-0.00;0.00;-0.50;0.034;1.64;2.76;-1000.00;-1000.00
1025.075;1629;-0.66;1.27;186.49;0.95;-0.35;0.00;0.00;-0.50;403;0;1;2;-0.79;0.50;0.49;-0.13;-0.00;-0.02;-0.11;1.76;0.66;-0.35;-0.00;0.00;-0.50;0.058;1.65;2.79;-1000.00;-1000.00
1025.145;1638;-0.70;1.28;195.01;0.95;-0.35;0.00;0.00;-0.50;403;0;1;2;-0.79;0.50;0.46;-0.21;-0.01;0.01;0.13;1.26;0.66;-0.35;-0.00;0.00;-0.50;0.029;1.66;2.83;-1000.00;-1000.00
1025.255;1647;-0.75;1.27;193.85;0.95;-0.35;0.00;0.00;-0.50;403;0;1;2;-0.79;0.50;0.48;0.00;-0.01;0.02;0.02;-1.30;0.66;-0.35;-0.00;0.00;-0.50;0.044;1.66;2.87;-1000.00;-1000.00
1025.335;1657;-0.79;1.26;183.69;0.95;-0.35;0.00;0.00;-0.50;403;0;1;2;-0.79;0.50;0.52;0.11;-0.01;-0.10;0.06;-1.86;0.66;-0.35;-0.00;0.00;-0.50;0.029;1.66;2.91;-1000.00;-1000.00
1025.425;1665;-0.83;1.25;175.08;0.95;-0.35;0.00;0.00;-0.50;403;0;1;2;0.79;0.50;0.48;0.21;-0.01;-0.01;0.04;-1.89;0.66;-0.35;-0.00;0.00;-0.50;0.021;1.66;2.94;-1000.00;-1000.00
1025.575;1680;-0.91;1.23;165.20;0.95;-0.35;0.00;0.00;-0.50;403;0;1;2;0.79;0.50;0.47;0.08;-0.01;0.04;-0.11;0.47;0.66;-0.35;-0.00;0.00;-0.50;0.068;1.67;3.01;-1000.00;-1000.00
1025.685;1694;-0.97;1.25;178.18;0.95;-0.35;0.00;0.00;-0.50;403;0;1;2;0.79;0.50;0.52;-0.13;-0.01;0.09;0.06;1.93;0.66;-0.35;-0.00;0.00;-0.50;0.070;1.67;3.08;-1000.00;-1000.00
1025.765;1697;-0.99;1.26;181.37;0.95;-0.35;0.00;0.00;-0.50;403;0;1;2;-0.79;0.50;0.49;-0.17;-0.00;0.04;0.03;1.83;0.66;-0.35;-0.00;0.00;-0.50;0.044;1.67;3.09;-1000.00;-1000.00
1025.875;1713;-1.07;1.27;190.40;0.95;-0.35;0.00;0.00;-0.50;403;0;1;2;-0.79;0.50;0.50;-0.03;-0.04;-0.02;0.26;-0.68;0.66;-0.35;-0.00;0.00;-0.50;0.059;1.68;3.16;-1000.00;-1000.00
1025.975;1721;-1.11;1.26;183.10;0.95;-0.35;0.00;0.00;-0.50;403;0;1;2;-0.79;0.50;0.50;0.07;-0.01;-0.05;0.03;-1.86;0.66;-0.35;-0.00;0.00;-0.50;0.054;1.68;3.20;-1000.00;-1000.00
1026.065;1732;-1.16;1.25;171.90;0.95;-0.35;0.00;0.00;-0.50;403;0;1;2;0.79;0.50;0.46;0.22;-0.05;0.19;0.04;-1.80;0.66;-0.35;-0.00;0.00;-0.50;0.045;1.68;3.25;-1000.00;-1000.00
1026.145;1736;-1.18;1.25;168.38;0.95;-0.35;0.00;0.00;-0.50;403;0;1;2;0.79;0.50;0.46;0.23;-0.05;0.19;0.09;-1.34;0.66;-0.35;-0.00;0.00;-0.50;0.026;1.68;3.27;-1000.00;-1000.00
1026.255;1748;-1.24;1.25;172.20;0.95;-0.35;0.00;0.00;-0.50;403;0;1;2;0.79;0.50;0.47;-0.06;0.00;-0.02;0.06;1.87;0.66;-0.35;-0.00;0.00;-0.50;0.040;1.68;3.32;-1000.00;-1000.00
1026.345;1758;-1.29;1.26;182.75;0.95;-0.35;0.00;0.00;-0.50;403;0;1;2;-0.79;0.50;0.49;-0.14;-0.01;0.02;0.00;1.79;0.66;-0.35;-0.00;0.00;-0.50;0.033;1.67;3.36;-1000.00;-1000.00
1026.465;1768;-1.33;1.27;189.56;0.95;-0.35;0.00;0.00;-0.50;403;0;1;2;-0.79;0.50;0.47;-0.09;-0.00;-0.04;-0.10;0.02;0.66;-0.35;-0.00;0.00;-0.50;0.054;1.66;3.40;-1000.00;-1000.00
1026.545;1776;-1.37;1.27;184.57;0.95;-0.35;0.00;0.00;-0.50;403;0;1;2;-0.79;0.50;0.49;0.02;0.01;0.00;-0.01;-1.87;0.66;-0.35;-0.00;0.00;-0.50;0.029;1.65;3.44;-1000.00;-1000.00
1026.675;1791;-1.45;1.26;168.79;0.95;-0.35;0.00;0.00;-0.50;403;0;1;2;0.79;0.50;0.46;0.18;-0.00;0.00;-0.09;-1.70;0.66;-0.35;-0.00;0.00;-0.50;0.061;1.61;3.50;-1000.00;-1000.00
1026.735;1796;-1.47;1.25;163.91;0.95;-0.35;0.00;0.00;-0.50;403;0;1;2;0.79;0.50;0.46;0.23;-0.01;0.00;0.15;-1.67;0.66;-0.35;-0.00;0.00;-0.50;0.031;1.60;3.52;-1000.00;-1000.00
1026.905;1814;-1.56;1.27;171.13;0.95;-0.35;0.00;0.00;-0.50;403;0;1;2;0.79;0.50;0.51;-0.05;0.01;0.01;-0.05;1.96;0.66;-0.35;-0.00;0.00;-0.50;0.078;1.56;3.59;-1000.00;-1000.00
1026.975;1822;-1.60;1.28;179.85;0.95;-0.35;0.00;0.00;-0.50;403;0;1;2;0.79;0.50;0.51;-0.16;-0.01;0.04;0.06;1.95;0.66;-0.35;-0.00;0.00;-0.50;0.059;1.54;3.62;-1000.00;-1000.00
1027.075;1832;-1.65;1.30;190.68;0.95;-0.35;0.00;0.00;-0.50;403;0;1;2;-0.79;0.50;0.45;-0.27;-0.00;-0.00;-0.03;1.84;0.66;-0.35;-0.00;0.00;-0.50;0.063;1.52;3.66;-1000.00;-1000.00
1027.195;1843;-1.70;1.31;196.03;0.95;-0.35;0.00;0.00;-0.50;403;0;1;2;-0.79;0.50;0.49;-0.05;-0.04;-0.05;0.29;-0.34;0.66;-0.35;-0.00;0.00;-0.50;0.088;1.48;3.69;-1000.00;-1000.00
1027.255;1847;-1.72;1.30;193.58;0.95;-0.35;0.00;0.00;-0.50;403;0;1;2;-0.79;0.50;0.45;0.01;-0.08;0.28;-0.09;-1.37;0.66;-0.35;-0.00;0.00;-0.50;0.034;1.47;3.70;-1000.00;-1000.00
1027.375;1862;-1.79;1.28;177.93;0.95;-0.35;0.00;0.00;-0.50;403;0;1;2;0.79;0.50;0.48;0.18;-0.00;-0.03;0.01;-1.81;0.66;-0.35;-0.00;0.00;-0.50;0.055;1.41;3.74;-1000.00;-1000.00
1027.485;1870;-1.83;1.27;172.04;0.95;-0.35;0.00;0.00;-0.50;403;0;1;2;0.79;0.50;0.47;0.15;-0.00;-0.01;0.05;-0.44;0.66;-0.35;-0.00;0.00;-0.50;0.068;1.38;3.75;-1000.00;-1000.00
1027.565;1879;-1.88;1.27;176.96;0.95;-0.35;0.00;0.00;-0.50;403;0;1;2;0.79;0.50;0.49;-0.04;0.01;-0.00;-0.00;1.88;0.66;-0.35;-0.00;0.00;-0.50;0.055;1.35;3.77;-1000.00;-1000.00
1027.695;1893;-1.95;1.28;191.13;0.95;-0.35;0.00;0.00;-0.50;403;0;1;2;-0.79;0.50;0.46;-0.19;-0.00;0.02;-0.02;1.70;0.66;-0.35;-0.00;0.00;-0.50;0.074;1.29;3.80;-1000.00;-1000.00
1027.805;1903;-2.00;1.29;196.48;0.95;-0.35;0.00;0.00;-0.50;403;0;1;2;-0.79;0.50;0.47;-0.07;-0.00;-0.04;-0.16;-0.31;0.66;-0.35;-0.00;0.00;-0.50;0.092;1.24;3.81;-1000.00;-1000.00
1027.885;1911;-2.03;1.28;190.67;0.95;-0.35;0.00;0.00;-0.50;403;0;1;2;-0.79;0.50;0.51;0.01;-0.05;-0.11;-0.14;-1.79;0.66;-0.35;-0.00;0.00;-0.50;0.073;1.21;3.82;-1000.00;-1000.00
1027.985;1922;-2.09;1.27;179.30;0.95;-0.35;0.00;0.00;-0.50;403;0;1;2;0.79;0.50;0.49;0.12;-0.00;0.01;-0.07;-1.77;0.66;-0.35;-0.00;0.00;-0.50;0.061;1.16;3.83;-1000.00;-1000.00
1028.095;1930;-2.13;1.26;172.79;0.95;-0.35;0.00;0.00;-0.50;403;0;1;2;0.79;0.50;0.47;0.14;-0.00;0.03;-0.09;-0.63;0.66;-0.35;-0.00;0.00;-0.50;0.069;1.12;3.83;-1000.00;-1000.00
1028.175;1941;-2.18;1.26;178.81;0.95;-0.35;0.00;0.00;-0.50;403;0;1;2;0.79;0.50;0.48;-0.09;-0.11;-0.16;0.20;1.98;0.66;-0.35;-0.00;0.00;-0.50;0.062;1.08;3.82;-1000.00;-1000.00
1028.305;1954;-2.25;1.27;192.48;0.95;-0.35;0.00;0.00;-0.50;403;0;1;2;-0.79;0.50;0.49;-0.18;-0.01;0.05;0.14;1.78;0.66;-0.35;-0.00;0.00;-0.50;0.078;1.03;3.81;-1000.00;-1000.00
1028.365;1960;-2.28;1.27;197.78;0.95;-0.35;0.00;0.00;-0.50;403;0;1;2;-0.79;0.50;0.45;-0.21;-0.06;-0.18;0.06;1.26;0.66;-0.35;-0.00;0.00;-0.50;0.041;1.00;3.80;-1000.00;-1000.00
1028.465;1968;-2.31;1.26;197.22;0.95;-0.35;0.00;0.00;-0.50;403;0;1;2;-0.79;0.50;0.48;0.05;-0.01;0.02;0.03;-1.10;0.66;-0.35;-0.00;0.00;-0.50;0.048;0.97;3.79;-1000.00;-1000.00
1028.545;1978;-2.36;1.25;187.11;0.95;-0.35;0.00;0.00;-0.50;403;0;1;2;-0.79;0.50;0.53;0.07;-0.01;-0.07;0.04;-1.89;0.66;-0.35;-0.00;0.00;-0.50;0.032;0.93;3.78;-1000.00;-1000.00
1028.685;1992;-2.43;1.22;172.52;0.95;-0.35;0.00;0.00;-0.50;403;0;1;2;0.79;0.50;0.44;0.27;-0.05;0.16;0.10;-1.84;0.66;-0.35;-0.00;0.00;-0.50;0.061;0.87;3.76;-1000.00;-1000.00
1028.775;2003;-2.48;1.21;165.90;0.95;-0.35;0.00;0.00;-0.50;403;0;1;2;0.79;0.50;0.49;0.11;-0.04;0.04;0.30;0.03;0.66;-0.35;-0.00;0.00;-0.50;0.051;0.82;3.75;-1000.00;-1000.00
1028.865;2011;-2.52;1.22;171.68;0.95;-0.35;0.00;0.00;-0.50;403;0;1;2;0.79;0.50;0.47;-0.09;-0.00;0.04;0.02;1.84;0.66;-0.35;-0.00;0.00;-0.50;0.047;0.79;3.74;-1000.00;-1000.00
1028.955;2020;-2.56;1.23;181.12;0.95;-0.35;0.00;0.00;-0.50;403;0;1;2;0.79;0.50;0.51;-0.16;-0.01;0.05;0.08;1.92;0.66;-0.35;-0.00;0.00;-0.50;0.036;0.76;3.72;-1000.00;-1000.00
1029.075;2030;-2.61;1.25;191.62;0.95;-0.35;0.00;0.00;-0.50;403;0;1;2;-0.79;0.50;0.47;-0.27;-0.01;0.01;0.14;1.85;0.66;-0.35;-0.00;0.00;-0.50;0.057;0.72;3.70;-1000.00;-1000.00
1029.225;2048;-2.70;1.24;195.05;0.95;-0.35;0.00;0.00;-0.50;403;0;1;2;-0.79;0.50;0.48;0.10;-0.01;0.09;0.23;-1.78;0.66;-0.35;-0.00;0.00;-0.50;0.109;0.67;3.65;-1000.00;-1000.00
1029.295;2053;-2.72;1.24;189.74;0.95;-0.35;0.00;0.00;-0.50;403;0;1;2;-0.79;0.50;0.51;0.03;-0.01;0.09;-0.07;-1.86;0.66;-0.35;-0.00;0.00;-0.50;0.061;0.65;3.63;-1000.00;-1000.00
1029.375;2061;-2.76;1.23;181.21;0.95;-0.35;0.00;0.00;-0.50;403;0;1;2;-0.79;0.50;0.52;0.17;-0.01;-0.06;0.09;-1.98;0.66;-0.35;-0.00;0.00;-0.50;0.062;0.63;3.61;-1000.00;-1000.00
1029.455;2071;-2.81;1.21;170.17;0.95;-0.35;0.00;0.00;-0.50;403;0;1;2;0.79;0.50;0.46;0.26;-0.00;-0.02;0.01;-1.86;0.66;-0.35;-0.00;0.00;-0.50;0.046;0.61;3.58;-1000.00;-1000.00
1029.565;2080;-2.86;1.20;164.31;0.95;-0.35;0.00;0.00;-0.50;403;0;1;2;0.79;0.50;0.46;0.14;-0.01;0.02;-0.03;-0.13;0.66;-0.35;-0.00;0.00;-0.50;0.056;0.59;3.56;-1000.00;-1000.00
1029.695;2095;-2.93;1.22;176.97;0.95;-0.35;0.00;0.00;-0.50;403;0;1;2;0.79;0.50;0.53;-0.10;-0.01;0.10;0.05;1.88;0.66;-0.35;-0.00;0.00;-0.50;0.074;0.57;3.51;-1000.00;-1000.00
1029.735;2098;-2.94;1.22;180.20;0.95;-0.35;0.00;0.00;-0.50;403;0;1;2;-0.79;0.50;0.49;-0.13;-0.01;0.01;-0.02;1.82;0.66;-0.35;-0.00;0.00;-0.50;0.027;0.56;3.50;-1000.00;-1000.00
1029.885;2113;-3.02;1.23;185.06;0.95;-0.35;0.00;0.00;-0.50;403;0;1;2;-0.79;0.50;0.49;-0.01;-0.01;0.03;0.03;-1.29;0.66;-0.35;-0.00;0.00;-0.50;0.072;0.54;3.45;-1000.00;-1000.00
1029.975;2122;-3.06;1.23;175.93;0.95;-0.35;0.00;0.00;-0.50;403;0;1;2;0.79;0.50;0.49;0.05;-0.01;0.13;-0.22;-1.72;0.66;-0.35;-0.00;0.00;-0.50;0.047;0.52;3.42;-1000.00;-1000.00
1030.075;2132;-3.11;1.22;171.47;0.95;-0.35;0.00;0.00;-0.50;403;0;1;2;0.79;0.50;0.49;0.05;-0.01;-0.05;0.12;0.42;0.66;-0.35;-0.00;0.00;-0.50;0.052;0.51;3.39;-1000.00;-1000.00
1030.145;2136;-3.13;1.23;174.13;0.95;-0.35;0.00;0.00;-0.50;403;0;1;2;0.79;0.50;0.49;-0.02;-0.01;0.04;-0.08;1.56;0.66;-0.35;-0.00;0.00;-0.50;0.034;0.51;3.38;-1000.00;-1000.00
1030.245;2146;-3.18;1.23;184.65;0.95;-0.35;0.00;0.00;-0.50;403;0;1;2;-0.79;0.50;0.50;-0.05;-0.01;-0.09;-0.21;1.72;0.66;-0.35;-0.00;0.00;-0.50;0.031;0.50;3.35;-1000.00;-1000.00
1030.365;2161;-3.26;1.24;193.97;0.95;-0.35;0.00;0.00;-0.50;403;0;1;2;-0.79;0.50;0.48;-0.05;-0.01;-0.04;-0.14;-0.56;0.66;-0.35;-0.00;0.00;-0.50;0.051;0.49;3.32;-1000.00;-1000.00
1030.445;2167;-3.28;1.23;189.02;0.95;-0.35;0.00;0.00;-0.50;403;0;1;2;-0.79;0.50;0.48;0.09;-0.01;0.14;0.25;-1.97;0.66;-0.35;-0.00;0.00;-0.50;0.020;0.49;3.30;-1000.00;-1000.00
1030.575;2179;-3.34;1.22;176.20;0.95;-0.35;0.00;0.00;-0.50;403;0;1;2;0.79;0.50;0.50;0.17;-0.01;-0.03;0.06;-1.91;0.66;-0.35;-0.00;0.00;-0.50;0.059;0.49;3.27;-1000.00;-1000.00
1030.655;2190;-3.40;1.20;167.14;0.95;-0.35;0.00;0.00;-0.50;403;0;1;2;0.79;0.50;0.47;0.18;-0.00;-0.04;0.03;-0.44;0.66;-0.35;-0.00;0.00;-0.50;0.041;0.49;3.25;-1000.00;-1000.00
1030.745;2198;-3.44;1.21;170.43;0.95;-0.35;0.00;0.00;-0.50;403;0;1;2;0.79;0.50;0.44;-0.01;-0.09;-0.42;0.07;1.49;0.66;-0.35;-0.00;0.00;-0.50;0.035;0.49;3.23;-1000.00;-1000.00
1030.875;2213;-3.51;1.22;185.72;0.95;-0.35;0.00;0.00;-0.50;403;0;1;2;-0.79;0.50;0.46;-0.21;-0.00;0.03;0.04;1.75;0.66;-0.35;-0.00;0.00;-0.50;0.057;0.49;3.20;-1000.00;-1000.00
1030.965;2221;-3.55;1.23;191.51;0.95;-0.35;0.00;0.00;-0.50;403;0;1;2;-0.79;0.50;0.47;-0.19;-0.01;0.02;0.11;0.49;0.66;-0.35;-0.00;0.00;-0.50;0.049;0.49;3.19;-1000.00;-1000.00
1031.065;2229;-3.59;1.23;187.53;0.95;-0.35;0.00;0.00;-0.50;403;0;1;2;-0.79;0.50;0.45;0.08;-0.07;0.21;0.14;-1.63;0.66;-0.35;-0.00;0.00;-0.50;0.040;0.49;3.17;-1000.00;-1000.00
1031.145;2237;-3.62;1.22;179.15;0.95;-0.35;0.00;0.00;-0.50;403;0;1;2;0.79;0.50;0.52;0.11;-0.01;-0.10;0.08;-1.88;0.66;-0.35;-0.00;0.00;-0.50;0.028;0.49;3.16;-1000.00;-1000.00
1031.275;2252;-3.70;1.21;172.69;0.95;-0.35;0.00;0.00;-0.50;403;0;1;2;0.79;0.50;0.49;0.02;-0.01;0.05;-0.10;1.07;0.66;-0.35;-0.00;0.00;-0.50;0.057;0.49;3.14;-1000.00;-1000.00
1031.345;2256;-3.72;1.22;176.47;0.95;-0.35;0.00;0.00;-0.50;403;0;1;2;0.79;0.50;0.45;-0.06;-0.09;-0.45;0.03;1.87;0.66;-0.35;-0.00;0.00;-0.50;0.029;0.49;3.13;-1000.00;-1000.00
1031.465;2271;-3.79;1.23;191.91;0.95;-0.35;0.00;0.00;-0.50;403;0;1;2;-0.79;0.50;0.46;-0.20;-0.00;0.02;-0.03;1.69;0.66;-0.35;-0.00;0.00;-0.50;0.050;0.49;3.11;-1000.00;-1000.00
1031.535;2278;-3.83;1.23;197.20;0.95;-0.35;0.00;0.00;-0.50;403;0;1;2;-0.79;0.50;0.46;-0.16;-0.01;0.01;0.07;0.68;0.66;-0.35;-0.00;0.00;-0.50;0.025;0.49;3.10;-1000.00;-1000.00
1031.655;2289;-3.88;1.22;190.98;0.95;-0.35;0.00;0.00;-0.50;403;0;1;2;-0.79;0.50;0.51;0.05;0.00;0.02;-0.03;-1.89;0.66;-0.35;-0.00;0.00;-0.50;0.038;0.49;3.08;-1000.00;-1000.00
1031.775;2301;-3.94;1.20;178.45;0.95;-0.35;0.00;0.00;-0.50;403;0;1;2;0.79;0.50;0.47;0.18;-0.05;0.19;0.00;-1.82;0.66;-0.35;-0.00;0.00;-0.50;0.061;0.50;3.07;-1000.00;-1000.00
1031.885;2311;-3.98;1.19;170.57;0.95;-0.35;0.00;0.00;-0.50;403;0;1;2;0.79;0.50;0.47;0.14;-0.01;-0.01;0.05;-0.43;0.66;-0.35;-0.00;0.00;-0.50;0.076;0.50;3.05;-1000.00;-1000.00
1031.995;2320;-4.03;1.20;176.01;0.95;-0.35;0.00;0.00;-0.50;403;0;1;2;0.79;0.50;0.48;-0.11;-0.01;-0.14;0.21;2.01;0.66;-0.35;-0.00;0.00;-0.50;0.073;0.50;3.04;-1000.00;-1000.00
1032.065;2330;-4.08;1.20;186.93;0.95;-0.35;0.00;0.00;-0.50;403;0;1;2;-0.79;0.50;0.51;-0.14;-0.01;0.02;0.06;1.84;0.66;-0.35;-0.00;0.00;-0.50;0.055;0.50;3.02;-1000.00;-1000.00
1032.145;2339;-4.12;1.21;193.52;0.95;-0.35;0.00;0.00;-0.50;403;0;1;2;-0.79;0.50;0.47;-0.12;-0.01;0.01;0.06;0.38;0.66;-0.35;-0.00;0.00;-0.50;0.039;0.50;3.00;-1000.00;-1000.00
1032.255;2350;-4.17;1.19;185.90;0.95;-0.35;0.00;0.00;-0.50;403;0;1;2;-0.79;0.50;0.47;0.03;-0.05;0.11;-0.37;-1.87;0.66;-0.35;-0.00;0.00;-0.50;0.050;0.50;2.97;-1000.00;-1000.00
1032.395;2364;-4.24;1.18;171.32;0.95;-0.35;0.00;0.00;-0.50;403;0;1;2;0.79;0.50;0.47;0.20;-0.00;-0.03;0.02;-1.78;0.66;-0.35;-0.00;0.00;-0.50;0.083;0.50;2.93;-1000.00;-1000.00
1032.455;2368;-4.26;1.17;167.53;0.95;-0.35;0.00;0.00;-0.50;403;0;1;2;0.79;0.50;0.46;0.22;-0.01;-0.03;0.06;-1.49;0.66;-0.35;-0.00;0.00;-0.50;0.038;0.50;2.92;-1000.00;-1000.00
1032.555;2379;-4.32;1.18;168.73;0.95;-0.35;0.00;0.00;-0.50;403;0;1;2;0.79;0.50;0.47;-0.07;-0.01;-0.02;0.06;1.57;0.66;-0.35;-0.00;0.00;-0.50;0.042;0.50;2.89;-1000.00;-1000.00
1032.655;2387;-4.36;1.19;177.25;0.95;-0.35;0.00;0.00;-0.50;403;0;1;2;0.79;0.50;0.50;-0.04;-0.01;-0.10;-0.13;1.79;0.66;-0.35;-0.00;0.00;-0.50;0.038;0.50;2.87;-1000.00;-1000.00
1032.755;2398;-4.41;1.20;188.51;0.95;-0.35;0.00;0.00;-0.50;403;0;1;2;-0.79;0.50;0.47;-0.22;-0.01;0.02;0.12;1.79;0.66;-0.35;-0.00;0.00;-0.50;0.043;0.50;2.83;-1000.00;-1000.00
1032.855;2406;-4.45;1.21;195.94;0.95;-0.35;0.00;0.00;-0.50;403;0;1;2;-0.79;0.50;0.45;-0.23;-0.01;-0.00;0.11;1.26;0.66;-0.35;-0.00;0.00;-0.50;0.042;0.51;2.81;-1000.00;-1000.00
1032.945;2416;-4.50;1.20;193.97;0.95;-0.35;0.00;0.00;-0.50;403;0;1;2;-0.79;0.50;0.49;0.02;-0.01;-0.02;-0.07;-1.56;0.66;-0.35;-0.00;0.00;-0.50;0.037;0.51;2.78;-1000.00;-1000.00
1033.065;2430;-4.56;1.18;179.27;0.95;-0.35;0.00;0.00;-0.50;403;0;1;2;0.79;0.50;0.50;0.16;-0.01;-0.00;0.02;-1.89;0.66;-0.35;-0.00;0.00;-0.50;0.050;0.51;2.73;-1000.00;-1000.00
1033.175;2441;-4.62;1.17;172.01;0.95;-0.35;0.00;0.00;-0.50;403;0;1;2;0.79;0.50;0.48;0.11;-0.01;0.07;-0.14;0.19;0.66;-0.35;-0.00;0.00;-0.50;0.065;0.51;2.69;-1000.00;-1000.00
1033.285;2454;-4.68;1.17;182.93;0.95;-0.35;0.00;0.00;-0.50;403;0;1;2;-0.79;0.50;0.52;-0.11;-0.01;0.09;0.08;1.90;0.66;-0.35;-0.00;0.00;-0.50;0.077;0.51;2.65;-1000.00;-1000.00
1033.395;2463;-4.73;1.18;188.86;0.95;-0.35;0.00;0.00;-0.50;403;0;1;2;-0.79;0.50;0.48;-0.09;-0.01;-0.01;-0.01;0.08;0.66;-0.35;-0.00;0.00;-0.50;0.078;0.52;2.62;-1000.00;-1000.00
1033.465;2468;-4.75;1.18;186.53;0.95;-0.35;0.00;0.00;-0.50;403;0;1;2;-0.79;0.50;0.48;0.05;-0.01;0.02;0.04;-1.36;0.66;-0.35;-0.00;0.00;-0.50;0.043;0.52;2.60;-1000.00;-1000.00
1033.565;2478;-4.80;1.17;175.99;0.95;-0.35;0.00;0.00;-0.50;403;0;1;2;0.79;0.50;0.53;0.09;-0.01;-0.08;0.07;-1.89;0.66;-0.35;-0.00;0.00;-0.50;0.048;0.52;2.57;-1000.00;-1000.00
1033.655;2489;-4.85;1.17;167.35;0.95;-0.35;0.00;0.00;-0.50;403;0;1;2;0.79;0.50;0.49;0.11;0.00;-0.05;0.03;-0.35;0.66;-0.35;-0.00;0.00;-0.50;0.055;0.52;2.53;-1000.00;-1000.00
1033.805;2504;-4.93;1.18;178.65;0.95;-0.35;0.00;0.00;-0.50;403;0;1;2;0.79;0.50;0.49;-0.05;-0.01;-0.14;-0.20;1.76;0.66;-0.35;-0.00;0.00;-0.50;0.092;0.53;2.47;-1000.00;-1000.00
1033.845;2508;-4.95;1.18;182.88;0.95;-0.35;0.00;0.00;-0.50;403;0;1;2;-0.79;0.50;0.49;-0.15;-0.01;0.05;0.06;1.82;0.66;-0.35;-0.00;0.00;-0.50;0.032;0.53;2.46;-1000.00;-1000.00
1033.955;2517;-4.99;1.19;189.66;0.95;-0.35;0.00;0.00;-0.50;403;0;1;2;-0.79;0.50;0.47;-0.13;-0.01;0.01;0.06;0.42;0.66;-0.35;-0.00;0.00;-0.50;0.042;0.53;2.42;-1000.00;-1000.00
1034.045;2527;-5.04;1.18;183.16;0.95;-0.35;0.00;0.00;-0.50;403;0;1;2;-0.79;0.50;0.48;0.09;-0.04;-0.14;-0.05;-1.93;0.66;-0.35;-0.00;0.00;-0.50;0.032;0.53;2.39;-1000.00;-1000.00
1034.145;2538;-5.09;1.18;171.68;0.95;-0.35;0.00;0.00;-0.50;403;0;1;2;0.79;0.50;0.48;0.14;-0.00;0.01;-0.09;-1.75;0.66;-0.35;-0.00;0.00;-0.50;0.031;0.53;2.35;-1000.00;-1000.00
1034.265;2551;-5.16;1.17;165.89;0.95;-0.35;0.00;0.00;-0.50;403;0;1;2;0.79;0.50;0.48;0.04;-0.01;-0.01;0.04;0.76;0.66;-0.35;-0.00;0.00;-0.50;0.047;0.54;2.30;-1000.00;-1000.00
1034.365;2561;-5.21;1.18;175.55;0.95;-0.35;0.00;0.00;-0.50;403;0;1;2;0.79;0.50;0.51;-0.06;-0.01;-0.00;0.00;1.89;0.66;-0.35;-0.00;0.00;-0.50;0.043;0.54;2.26;-1000.00;-1000.00
1034.445;2570;-5.25;1.19;184.81;0.95;-0.35;0.00;0.00;-0.50;403;0;1;2;0.79;0.50;0.46;-0.19;-0.05;-0.18;0.00;1.80;0.66;-0.35;-0.00;0.00;-0.50;0.022;0.54;2.22;-1000.00;-1000.00
1034.555;2581;-5.30;1.21;195.79;0.95;-0.35;0.00;0.00;-0.50;403;0;1;2;-0.79;0.50;0.45;-0.25;-0.01;0.01;0.14;1.77;0.66;-0.35;-0.00;0.00;-0.50;0.048;0.54;2.18;-1000.00;-1000.00
1034.655;2590;-5.35;1.21;200.98;0.95;-0.35;0.00;0.00;-0.50;403;0;1;2;-0.79;0.50;0.47;-0.09;-0.00;0.05;0.03;-0.01;0.66;-0.35;-0.00;0.00;-0.50;0.041;0.55;2.14;-1000.00;-1000.00
1034.765;2599;-5.39;1.20;195.09;0.95;-0.35;0.00;0.00;-0.50;403;0;1;2;-0.79;0.50;0.47;0.06;0.00;-0.01;-0.01;-1.85;0.66;-0.35;-0.00;0.00;-0.50;0.045;0.55;2.11;-1000.00;-1000.00
1034.865;2611;-5.44;1.17;182.87;0.95;-0.35;0.00;0.00;-0.50;403;0;1;2;-0.79;0.50;0.46;0.20;-0.05;0.16;0.06;-1.85;0.66;-0.35;-0.00;0.00;-0.50;0.053;0.55;2.06;-1000.00;-1000.00
1034.945;2619;-5.48;1.16;174.56;0.95;-0.35;0.00;0.00;-0.50;403;0;1;2;0.79;0.50;0.46;0.26;-0.01;-0.02;0.13;-1.87;0.66;-0.35;-0.00;0.00;-0.50;0.028;0.55;2.02;-1000.00;-1000.00
1035.055;2629;-5.53;1.15;168.84;0.95;-0.35;0.00;0.00;-0.50;403;0;1;2;0.79;0.50;0.47;0.08;-0.00;0.04;-0.14;0.28;0.66;-0.35;-0.00;0.00;-0.50;0.040;0.56;1.98;-1000.00;-1000.00
1035.175;2643;-5.60;1.16;180.87;0.95;-0.35;0.00;0.00;-0.50;403;0;1;2;-0.79;0.50;0.50;-0.07;-0.00;-0.04;-0.14;1.76;0.66;-0.35;-0.00;0.00;-0.50;0.060;0.56;1.92;-1000.00;-1000.00
1035.265;2651;-5.64;1.16;186.64;0.95;-0.35;0.00;0.00;-0.50;403;0;1;2;-0.79;0.50;0.48;-0.09;-0.00;-0.08;-0.16;0.29;0.66;-0.35;-0.00;0.00;-0.50;0.055;0.56;1.89;-1000.00;-1000.00
1035.345;2657;-5.67;1.16;184.60;0.95;-0.35;0.00;0.00;-0.50;403;0;1;2;-0.79;0.50;0.49;-0.01;-0.01;-0.01;-0.03;-1.31;0.66;-0.35;-0.00;0.00;-0.50;0.031;0.56;1.86;-1000.00;-1000.00
1035.455;2667;-5.71;1.16;174.40;0.95;-0.35;0.00;0.00;-0.50;403;0;1;2;0.79;0.50;0.52;0.11;-0.01;-0.08;0.09;-1.86;0.66;-0.35;-0.00;0.00;-0.50;0.036;0.57;1.81;-1000.00;-1000.00
1035.555;2678;-5.77;1.15;165.78;0.95;-0.35;0.00;0.00;-0.50;403;0;1;2;0.79;0.50;0.47;0.12;-0.01;-0.01;0.06;-0.39;0.66;-0.35;-0.00;0.00;-0.50;0.045;0.57;1.76;-1000.00;-1000.00
1035.655;2691;-5.83;1.17;175.57;0.95;-0.35;0.00;0.00;-0.50;403;0;1;2;0.79;0.50;0.52;-0.05;-0.01;-0.02;-0.01;1.90;0.66;-0.35;-0.00;0.00;-0.50;0.041;0.57;1.70;-1000.00;-1000.00
1035.775;2701;-5.88;1.18;185.90;0.95;-0.35;0.00;0.00;-0.50;403;0;1;2;-0.79;0.50;0.48;-0.20;-0.01;0.03;0.12;1.80;0.66;-0.35;-0.00;0.00;-0.50;0.052;0.57;1.65;-1000.00;-1000.00
1035.865;2712;-5.93;1.19;191.23;0.95;-0.35;0.00;0.00;-0.50;403;0;1;2;-0.79;0.50;0.48;-0.08;-0.01;0.04;0.11;-0.42;0.66;-0.35;-0.00;0.00;-0.50;0.049;0.58;1.59;-1000.00;-1000.00
1035.955;2720;-5.97;1.18;184.34;0.95;-0.35;0.00;0.00;-0.50;403;0;1;2;-0.79;0.50;0.53;0.08;-0.05;-0.36;0.08;-1.93;0.66;-0.35;-0.00;0.00;-0.50;0.040;0.58;1.56;-1000.00;-1000.00
1036.085;2734;-6.04;1.17;169.95;0.95;-0.35;0.00;0.00;-0.50;403;0;1;2;0.79;0.50;0.47;0.20;-0.00;-0.03;0.02;-1.76;0.66;-0.35;-0.00;0.00;-0.50;0.070;0.58;1.49;-1000.00;-1000.00
1036.175;2739;-6.07;1.16;165.93;0.95;-0.35;0.00;0.00;-0.50;403;0;1;2;0.79;0.50;0.46;0.21;-0.06;0.19;0.08;-1.05;0.66;-0.35;-0.00;0.00;-0.50;0.046;0.58;1.46;-1000.00;-1000.00
1036.275;2750;-6.12;1.17;170.76;0.95;-0.35;0.00;0.00;-0.50;403;0;1;2;0.79;0.50;0.48;-0.10;-0.01;-0.13;0.24;1.99;0.66;-0.35;-0.00;0.00;-0.50;0.057;0.59;1.41;-1000.00;-1000.00
1036.365;2758;-6.16;1.18;179.47;0.95;-0.35;0.00;0.00;-0.50;403;0;1;2;0.79;0.50;0.54;-0.09;-0.01;0.10;0.07;1.91;0.66;-0.35;-0.00;0.00;-0.50;0.051;0.59;1.37;-1000.00;-1000.00
1036.505;2773;-6.23;1.20;194.77;0.95;-0.35;0.00;0.00;-0.50;403;0;1;2;-0.79;0.50;0.43;-0.26;-0.05;-0.17;0.08;1.76;0.66;-0.35;-0.00;0.00;-0.50;0.083;0.59;1.30;-1000.00;-1000.00
1036.565;2781;-6.27;1.21;201.38;0.95;-0.35;0.00;0.00;-0.50;403;0;1;2;-0.79;0.50;0.44;-0.16;-0.01;-0.00;-0.11;0.80;0.66;-0.35;-0.00;0.00;-0.50;0.051;0.59;1.26;-1000.00;-1000.00
1036.675;2791;-6.32;1.19;198.00;0.95;-0.35;0.00;0.00;-0.50;403;0;1;2;-0.79;0.50;0.49;0.11;-0.05;-0.11;0.31;-1.74;0.66;-0.35;-0.00;0.00;-0.50;0.054;0.59;1.22;-1000.00;-1000.00
1036.765;2801;-6.36;1.18;187.56;0.95;-0.35;0.00;0.00;-0.50;403;0;1;2;-0.79;0.50;0.52;0.10;-0.01;-0.01;0.01;-1.86;0.66;-0.35;-0.00;0.00;-0.50;0.046;0.60;1.17;-1000.00;-1000.00
1036.845;2810;-6.41;1.16;177.65;0.95;-0.35;0.00;0.00;-0.50;403;0;1;2;0.79;0.50;0.48;0.24;-0.00;0.01;0.00;-1.93;0.66;-0.35;-0.00;0.00;-0.50;0.038;0.60;1.13;-1000.00;-1000.00
1036.955;2820;-6.46;1.14;171.45;0.95;-0.35;0.00;0.00;-0.50;403;0;1;2;0.79;0.50;0.47;0.11;-0.01;0.06;-0.14;0.22;0.66;-0.35;-0.00;0.00;-0.50;0.044;0.60;1.08;-1000.00;-1000.00
1037.065;2829;-6.50;1.15;178.35;0.95;-0.35;0.00;0.00;-0.50;403;0;1;2;0.79;0.50;0.48;-0.05;-0.05;0.12;-0.11;1.90;0.66;-0.35;-0.00;0.00;-0.50;0.047;0.60;1.03;-1000.00;-1000.00
1037.165;2840;-6.56;1.15;189.74;0.95;-0.35;0.00;0.00;-0.50;403;0;1;2;-0.79;0.50;0.47;-0.16;-0.01;-0.01;-0.07;1.75;0.66;-0.35;-0.00;0.00;-0.50;0.048;0.60;0.98;-1000.00;-1000.00
1037.255;2848;-6.60;1.16;196.05;0.95;-0.35;0.00;0.00;-0.50;403;0;1;2;-0.79;0.50;0.46;-0.15;-0.00;-0.02;-0.03;0.61;0.66;-0.35;-0.00;0.00;-0.50;0.040;0.60;0.94;-1000.00;-1000.00
1037.355;2857;-6.64;1.15;192.24;0.95;-0.35;0.00;0.00;-0.50;403;0;1;2;-0.79;0.50;0.49;0.03;-0.11;0.01;-0.01;-1.56;0.66;-0.35;-0.00;0.00;-0.50;0.043;0.61;0.90;-1000.00;-1000.00
1037.445;2868;-6.69;1.14;180.66;0.95;-0.35;0.00;0.00;-0.50;403;0;1;2;-0.79;0.50;0.52;0.15;-0.01;-0.09;0.13;-1.95;0.66;-0.35;-0.00;0.00;-0.50;0.028;0.61;0.85;-1000.00;-1000.00
1037.545;2878;-6.74;1.12;169.93;0.95;-0.35;0.00;0.00;-0.50;403;0;1;2;0.79;0.50;0.45;0.26;-0.00;0.00;-0.02;-1.80;0.66;-0.35;-0.00;0.00;-0.50;0.028;0.61;0.80;-1000.00;-1000.00
1037.655;2887;-6.79;1.11;163.16;0.95;-0.35;0.00;0.00;-0.50;403;0;1;2;0.79;0.50;0.46;0.15;-0.01;0.05;-0.14;-0.32;0.66;-0.35;-0.00;0.00;-0.50;0.044;0.61;0.75;-1000.00;-1000.00
1037.745;2897;-6.83;1.12;169.04;0.95;-0.35;0.00;0.00;-0.50;403;0;1;2;0.79;0.50;0.46;-0.09;0.00;0.01;0.01;1.91;0.66;-0.35;-0.00;0.00;-0.50;0.032;0.61;0.71;-1000.00;-1000.00
1037.865;2912;-6.90;1.14;184.82;0.95;-0.35;0.00;0.00;-0.50;403;0;1;2;-0.79;0.50;0.46;-0.21;-0.05;-0.16;0.05;1.83;0.66;-0.35;-0.00;0.00;-0.50;0.043;0.62;0.63;-1000.00;-1000.00
1037.945;2916;-6.92;1.14;188.41;0.95;-0.35;0.00;0.00;-0.50;403;0;1;2;-0.79;0.50;0.48;-0.25;-0.04;-0.01;0.28;1.48;0.66;-0.35;-0.00;0.00;-0.50;0.024;0.62;0.62;-1000.00;-1000.00
1038.055;2931;-7.00;1.14;181.32;0.95;-0.35;0.00;0.00;-0.50;403;0;1;2;-0.79;0.50;0.47;0.07;-0.01;0.04;-0.07;-1.84;0.66;-0.35;-0.00;0.00;-0.50;0.041;0.62;0.55;-1000.00;-1000.00
1038.155;2939;-7.04;1.13;173.15;0.95;-0.35;0.00;0.00;-0.50;403;0;1;2;0.79;0.50;0.48;0.15;-0.00;-0.02;-0.03;-1.76;0.66;-0.35;-0.00;0.00;-0.50;0.042;0.62;0.51;-1000.00;-1000.00
1038.255;2948;-7.08;1.13;166.56;0.95;-0.35;0.00;0.00;-0.50;403;0;1;2;0.79;0.50;0.47;0.11;-0.00;0.04;-0.13;-0.28;0.66;-0.35;-0.00;0.00;-0.50;0.048;0.63;0.47;-1000.00;-1000.00
1038.355;2958;-7.13;1.14;172.59;0.95;-0.35;0.00;0.00;-0.50;403;0;1;2;0.79;0.50;0.46;-0.07;-0.01;-0.05;-0.05;1.84;0.66;-0.35;-0.00;0.00;-0.50;0.038;0.63;0.43;-1000.00;-1000.00
1038.425;2966;-7.17;1.14;181.01;0.95;-0.35;0.00;0.00;-0.50;403;0;1;2;-0.79;0.50;0.53;-0.10;-0.01;0.08;0.05;1.88;0.66;-0.35;-0.00;0.00;-0.50;0.012;0.62;0.40;-1000.00;-1000.00
1038.525;2977;-7.22;1.15;187.81;0.95;-0.35;0.00;0.00;-0.50;403;0;1;2;-0.79;0.50;0.50;-0.10;-0.03;0.00;0.25;-0.08;0.66;-0.35;-0.00;0.00;-0.50;0.016;0.63;0.35;-1000.00;-1000.00
1038.625;2985;-7.26;1.15;181.76;0.95;-0.35;0.00;0.00;-0.50;403;0;1;2;-0.79;0.50;0.47;0.07;-0.06;0.19;0.15;-1.91;0.66;-0.35;-0.00;0.00;-0.50;0.009;0.63;0.32;-1000.00;-1000.00
1038.725;2996;-7.32;1.14;170.44;0.95;-0.35;0.00;0.00;-0.50;403;0;1;2;0.79;0.50;0.46;0.19;-0.05;0.17;0.03;-1.77;0.66;-0.35;-0.00;0.00;-0.50;0.007;0.62;0.27;-1000.00;-1000.00
1038.825;3004;-7.35;1.13;164.24;0.95;-0.35;0.00;0.00;-0.50;403;0;1;2;0.79;0.50;0.46;0.12;-0.00;0.02;-0.14;-0.55;0.66;-0.35;-0.00;0.00;-0.50;0.009;0.61;0.24;-1000.00;-1000.00
1038.925;3015;-7.41;1.15;170.20;0.95;-0.35;0.00;0.00;-0.50;403;0;1;2;0.79;0.50;0.48;-0.08;-0.11;-0.06;0.17;1.86;0.66;-0.35;-0.00;0.00;-0.50;0.009;0.60;0.20;-1000.00;-1000.00
1039.025;3025;-7.46;1.16;180.87;0.95;-0.35;0.00;0.00;-0.50;403;0;0;2;0.79;0.50;0.51;-0.16;-0.01;0.07;0.10;1.92;0.66;-0.35;-0.00;0.00;-0.50;0.012;0.58;0.16;-1000.00;-1000.00
1039.125;3037;-7.49;1.18;191.51;0.95;-0.35;0.00;0.00;-0.50;403;0;0;2;0.79;0.50;0.03;-0.26;0.00;0.03;-0.01;0.56;0.66;-0.35;-0.00;0.00;-0.50;0.009;0.56;0.11;-1000.00;-1000.00
1039.225;3047;-7.50;1.19;191.29;0.95;-0.35;0.00;0.00;-0.50;403;0;0;2;0.79;0.50;-0.01;0.04;-0.01;0.00;-0.00;-0.16;0.66;-0.35;-0.00;0.00;-0.50;0.008;0.54;0.07;-1000.00;-1000.00
1039.315;3056;-7.49;1.19;190.61;0.95;-0.35;0.00;0.00;-0.50;403;0;0;2;0.79;0.50;0.00;0.01;-0.01;0.01;0.03;-0.09;0.66;-0.35;-0.00;0.00;-0.50;0.003;0.52;0.03;-1000.00;-1000.00
1039.425;3066;-7.50;1.19;190.10;0.95;-0.35;0.00;0.00;-0.50;403;0;0;2;0.79;0.50;0.00;-0.01;-0.00;0.01;0.03;-0.07;0.66;-0.35;-0.00;0.00;-0.50;0.008;0.50;-0.01;-1000.00;-1000.00
1039.525;3074;-7.50;1.19;189.94;0.95;-0.35;0.00;0.00;-0.50;403;0;0;2;0.79;0.50;0.00;-0.00;0.00;0.00;-0.01;-0.02;0.66;-0.35;-0.00;0.00;-0.50;0.010;0.48;-0.04;-1000.00;-1000.00
1039.635;3088;-7.50;1.19;189.77;0.95;-0.35;0.00;0.00;-0.50;403;0;0;2;0.79;0.50;0.00;0.00;-0.00;0.00;-0.00;-0.02;0.66;-0.35;-0.00;0.00;-0.50;0.019;0.45;-0.10;-1000.00;-1000.00
1039.725;3097;-7.50;1.19;189.71;0.95;-0.35;0.00;0.00;-0.50;403;0;0;2;0.79;0.50;0.00;0.00;-0.00;0.00;-0.00;-0.01;0.66;-0.35;-0.00;0.00;-0.50;0.009;0.44;-0.14;-1000.00;-1000.00
1039.845;3107;-7.50;1.19;189.64;0.95;-0.35;0.00;0.00;-0.50;403;0;0;2;0.79;0.50;0.00;0.00;-0.00;0.00;-0.00;-0.01;0.66;-0.35;-0.00;0.00;-0.50;0.027;0.42;-0.18;-1000.00;-1000.00
1039.945;3117;-7.50;1.19;189.59;0.95;-0.35;0.00;0.00;-0.50;403;0;0;2;0.79;0.50;0.00;0.00;-0.00;0.00;-0.00;-0.01;0.66;-0.35;-0.00;0.00;-0.50;0.028;0.41;-0.22;-1000.00;-1000.00
1040.035;3125;-7.50;1.19;189.57;0.95;-0.35;0.00;0.00;-0.50;403;0;0;2;0.79;0.50;0.00;0.00;-0.00;0.00;-0.00;-0.01;0.66;-0.35;-0.00;0.00;-0.50;0.023;0.40;-0.26;-1000.00;-1000.00
1040.135;3136;-7.50;1.19;189.54;0.95;-0.35;0.00;0.00;-0.50;403;0;0;2;0.79;0.50;0.00;0.00;-0.00;0.00;-0.00;-0.00;0.66;-0.35;-0.00;0.00;-0.50;0.015;0.38;-0.30;-1000.00;-1000.00
1040.225;3144;-7.50;1.19;189.52;0.95;-0.35;0.00;0.00;-0.50;403;0;0;2;0.79;0.50;0.00;0.00;-0.00;0.00;-0.00;-0.00;0.66;-0.35;-0.00;0.00;-0.50;0.015;0.37;-0.33;-1000.00;-1000.00
1040.345;3160;-7.50;1.19;189.50;0.95;-0.35;0.00;0.00;-0.50;403;0;0;2;0.79;0.50;0.00;0.00;-0.00;0.00;-0.00;-0.00;0.66;-0.35;-0.00;0.00;-0.50;0.017;0.36;-0.39;-1000.00;-1000.00
1040.435;3168;-7.50;1.19;189.50;0.95;-0.35;0.00;0.00;-0.50;403;0;0;2;0.79;0.50;0.00;0.00;-0.00;0.00;-0.00;-0.00;0.66;-0.35;-0.00;0.00;-0.50;0.018;0.36;-0.42;-1000.00;-1000.00
1040.535;3177;-7.50;1.19;189.49;0.95;-0.35;0.00;0.00;-0.50;403;0;0;2;0.79;0.50;0.00;0.00;-0.00;0.00;-0.00;-0.00;0.66;-0.35;-0.00;0.00;-0.50;0.024;0.36;-0.45;-1000.00;-1000.00
1040.635;3187;-7.50;1.19;189.49;0.95;-0.35;0.00;0.00;-0.50;403;0;0;2;0.79;0.50;0.00;0.00;-0.00;0.00;-0.00;-0.00;0.66;-0.35;-0.00;0.00;-0.50;0.023;0.35;-0.49;-1000.00;-1000.00
1040.725;3196;-7.50;1.19;189.48;0.95;-0.35;0.00;0.00;-0.50;403;0;0;2;0.79;0.50;0.00;0.00;-0.00;0.00;-0.00;-0.00;0.66;-0.35;-0.00;0.00;-0.50;0.008;0.35;-0.52;-1000.00;-1000.00
1040.895;3211;-7.50;1.19;189.48;-2.05;1.15;180.00;-0.00;0.37;438;0;1;8;0.79;0.50;0.00;0.00;-0.00;0.00;-0.00;-0.00;0.66;-0.35;-0.00;0.00;-0.50;0.039;0.33;-0.57;-1000.00;-1000.00
1040.935;3215;-7.50;1.19;189.48;-2.05;1.15;180.00;-0.00;0.37;438;0;1;8;-0.79;-0.18;0.00;0.00;-0.00;0.00;-0.00;-0.00;-2.67;1.55;95.01;-0.79;0.50;0.024;0.33;-0.59;-1000.00;-1000.00
1041.035;3226;-7.49;1.19;190.98;-2.05;1.15;180.00;-0.00;0.37;438;0;1;8;-0.79;-0.50;-0.16;-0.02;-0.00;0.02;0.05;0.61;-2.67;1.55;95.01;-0.79;0.50;0.019;0.32;-0.62;-1000.00;-1000.00
1041.155;3239;-7.45;1.21;199.69;-2.05;1.15;180.00;-0.00;0.37;438;0;1;8;-0.79;-0.50;-0.53;-0.11;-0.01;-0.03;-0.21;1.67;-2.67;1.55;95.01;-0.79;0.50;0.039;0.31;-0.67;-1000.00;-1000.00
1041.245;3249;-7.41;1.25;208.69;-2.05;1.15;180.00;-0.00;0.37;438;0;1;8;-0.79;-0.50;-0.57;-0.18;-0.01;-0.03;0.12;1.51;-2.67;1.55;95.01;-0.79;0.50;0.026;0.30;-0.71;-1000.00;-1000.00
1041.345;3260;-7.36;1.30;217.46;-2.05;1.15;180.00;-0.00;0.37;438;0;1;8;-0.79;-0.50;-0.61;-0.20;-0.00;0.01;0.05;1.35;-2.67;1.57;92.53;-0.78;0.50;0.030;0.28;-0.75;-1000.00;-1000.00
1041.475;3271;-7.33;1.36;226.22;-2.05;1.15;180.00;-0.00;0.37;438;0;1;8;-0.79;-0.50;-0.57;-0.14;-0.01;0.03;-0.02;1.46;-2.67;1.57;92.53;-0.78;0.50;0.053;0.26;-0.79;-1000.00;-1000.00
1041.545;3279;-7.30;1.40;232.52;-2.05;1.15;180.00;-0.00;0.37;438;0;1;8;-0.79;-0.50;-0.61;-0.14;-0.01;0.02;-0.05;1.32;-2.67;1.57;92.53;-0.78;0.50;0.033;0.25;-0.82;-1000.00;-1000.00
1041.665;3287;-7.29;1.45;238.40;-2.05;1.15;180.00;-0.00;0.37;438;0;1;8;-0.79;-0.50;-0.64;-0.16;-0.01;-0.03;0.03;1.23;-2.67;1.57;92.53;-0.78;0.50;0.034;0.23;-0.85;-1000.00;-1000.00
1041.735;3298;-7.27;1.52;245.49;-2.05;1.15;180.00;-0.00;0.37;438;0;1;8;-0.79;-0.50;-0.70;-0.14;-0.01;-0.00;-0.04;1.04;-2.68;1.58;90.07;-0.78;0.50;0.026;0.21;-0.89;-1000.00;-1000.00
1041.845;3307;-7.25;1.59;250.70;-2.05;1.15;180.00;-0.00;0.37;438;0;1;8;-0.79;-0.50;-0.69;-0.14;-0.01;-0.07;0.08;1.00;-2.68;1.58;90.07;-0.78;0.50;0.027;0.20;-0.92;-1000.00;-1000.00
1041.935;3315;-7.25;1.64;255.25;-2.05;1.15;180.00;-0.00;0.37;438;0;1;8;-0.79;-0.50;-0.68;-0.17;-0.01;-0.21;0.18;1.17;-2.68;1.58;90.07;-0.78;0.50;0.023;0.18;-0.95;-1000.00;-1000.00
1042.045;3329;-7.24;1.73;264.12;-2.05;1.15;180.00;-0.00;0.37;438;0;1;8;-0.79;-0.50;-0.59;-0.01;-0.04;0.08;0.06;1.20;-2.67;1.60;87.61;-0.78;0.50;0.028;0.16;-1.00;-1000.00;-1000.00
1042.165;3340;-7.23;1.79;273.50;-2.05;1.15;180.00;-0.00;0.37;438;0;1;8;0.79;-0.50;-0.49;0.06;-0.00;0.09;-0.04;1.65;-2.67;1.60;87.61;-0.78;0.50;0.053;0.14;-1.05;-1000.00;-1000.00
1042.245;3347;-7.24;1.82;279.17;-2.05;1.15;180.00;-0.00;0.37;438;0;1;8;0.79;-0.50;-0.49;-0.02;-0.05;-0.21;-0.10;0.99;-2.67;1.60;87.61;-0.78;0.50;0.037;0.13;-1.08;-1000.00;-1000.00
1042.345;3358;-7.25;1.88;274.87;-2.05;1.15;180.00;-0.00;0.37;438;0;1;8;0.79;-0.50;-0.54;-0.03;-0.09;-0.03;0.43;-1.85;-2.67;1.60;87.61;-0.78;0.50;0.021;0.12;-1.12;-1000.00;-1000.00
1042.455;3367;-7.25;1.92;265.74;-2.05;1.15;180.00;-0.00;0.37;438;0;1;8;-0.79;-0.50;-0.50;-0.01;-0.00;0.05;0.05;-1.66;-2.67;1.60;87.61;-0.78;0.50;0.038;0.10;-1.15;-1000.00;-1000.00
1042.575;3380;-7.23;1.99;257.64;-2.05;1.15;180.00;-0.00;0.37;438;0;1;8;-0.79;-0.50;-0.50;0.02;-0.01;0.09;0.04;0.29;-2.67;1.62;85.17;-0.78;0.50;0.052;0.09;-1.20;-1000.00;-1000.00
1042.665;3389;-7.23;2.03;265.25;-2.05;1.15;180.00;-0.00;0.37;438;0;1;8;0.79;-0.50;-0.50;0.03;0.01;0.06;-0.01;2.05;-2.67;1.62;85.17;-0.78;0.50;0.050;0.08;-1.23;-1000.00;-1000.00
1042.755;3401;-7.23;2.09;273.49;-2.05;1.15;180.00;-0.00;0.37;438;0;1;8;0.79;-0.50;-0.50;-0.01;-0.01;0.02;-0.03;-0.26;-2.67;1.62;85.17;-0.78;0.50;0.035;0.08;-1.27;-1000.00;-1000.00
1042.865;3409;-7.23;2.13;267.23;-2.05;1.15;180.00;-0.00;0.37;438;0;1;8;0.79;-0.50;-0.52;-0.01;-0.07;-0.16;0.18;-1.92;-2.67;1.62;85.17;-0.78;0.50;0.048;0.08;-1.30;-1000.00;-1000.00
1042.935;3416;-7.23;2.17;259.87;-2.05;1.15;180.00;-0.00;0.37;438;0;1;8;-0.79;-0.50;-0.48;-0.00;-0.01;-0.07;-0.05;-1.72;-2.67;1.64;82.74;-0.78;0.50;0.025;0.07;-1.32;-1000.00;-1000.00
1043.065;3428;-7.21;2.23;252.63;-2.05;1.15;180.00;-0.00;0.37;438;0;1;8;-0.79;-0.50;-0.50;0.01;-0.00;0.06;0.03;0.17;-2.67;1.64;82.74;-0.78;0.50;0.042;0.07;-1.36;-1000.00;-1000.00
1043.165;3439;-7.20;2.28;262.03;-2.05;1.15;180.00;-0.00;0.37;438;0;1;8;-0.79;-0.50;-0.50;0.03;-0.06;0.16;0.12;1.99;-2.67;1.64;82.74;-0.78;0.50;0.049;0.06;-1.40;-1000.00;-1000.00
1043.255;3447;-7.19;2.32;270.40;-2.05;1.15;180.00;-0.00;0.37;438;0;1;8;0.79;-0.50;-0.50;-0.07;-0.01;-0.17;0.10;1.78;-2.67;1.64;82.74;-0.78;0.50;0.037;0.06;-1.43;-1000.00;-1000.00
1043.365;3462;-7.21;2.39;277.98;-2.05;1.15;180.00;-0.00;0.37;438;0;1;8;0.79;-0.50;-0.50;-0.01;-0.01;-0.03;0.01;-0.77;-2.67;1.66;80.31;-0.77;0.50;0.047;0.05;-1.48;-1000.00;-1000.00
1043.455;3467;-7.21;2.42;273.75;-2.05;1.15;180.00;-0.00;0.37;438;0;1;8;0.79;-0.50;-0.51;-0.00;-0.11;-0.19;0.13;-1.77;-2.67;1.66;80.31;-0.77;0.50;0.036;0.04;-1.50;-1000.00;-1000.00
1043.545;3478;-7.21;2.47;262.59;-2.05;1.15;180.00;-0.00;0.37;438;0;1;8;0.79;-0.50;-0.47;-0.05;-0.05;0.15;-0.08;-1.63;-2.67;1.66;80.31;-0.77;0.50;0.022;0.03;-1.53;-1000.00;-1000.00
1043.645;3486;-7.20;2.51;255.24;-2.05;1.15;180.00;-0.00;0.37;438;0;1;8;-0.79;-0.50;-0.50;0.03;-0.01;-0.07;-0.03;-1.56;-2.67;1.66;80.31;-0.77;0.50;0.023;0.02;-1.56;-1000.00;-1000.00
1043.735;3497;-7.18;2.56;247.97;-2.05;1.15;180.00;-0.00;0.37;438;0;1;8;-0.79;-0.50;-0.51;0.07;-0.01;-0.13;0.01;-0.28;-2.67;1.66;80.31;-0.77;0.50;0.018;0.01;-1.60;-1000.00;-1000.00
1043.845;3510;-7.16;2.62;257.67;-2.05;1.15;180.00;-0.00;0.37;438;0;1;8;-0.79;-0.50;-0.52;-0.01;-0.01;0.02;-0.01;1.87;-2.67;1.67;77.90;-0.77;0.50;0.031;-0.01;-1.65;-1000.00;-1000.00
1043.965;3519;-7.15;2.67;266.69;-2.05;1.15;180.00;-0.00;0.37;438;0;1;8;0.79;-0.50;-0.47;-0.02;-0.02;-0.15;0.11;1.82;-2.67;1.67;77.90;-0.77;0.50;0.044;-0.02;-1.68;-1000.00;-1000.00
1044.055;3530;-7.16;2.73;274.05;-2.05;1.15;180.00;-0.00;0.37;438;0;1;8;0.79;-0.50;-0.50;-0.01;-0.00;0.01;-0.02;-0.09;-2.67;1.67;77.90;-0.77;0.50;0.038;-0.04;-1.72;-1000.00;-1000.00
1044.165;3538;-7.16;2.77;267.95;-2.05;1.15;180.00;-0.00;0.37;438;0;1;8;0.79;-0.50;-0.51;-0.01;-0.02;-0.06;0.05;-2.12;-2.67;1.67;77.90;-0.77;0.50;0.048;-0.06;-1.75;-1000.00;-1000.00
1044.255;3549;-7.15;2.82;256.44;-2.05;1.15;180.00;-0.00;0.37;438;0;1;8;0.79;-0.50;-0.50;-0.00;-0.01;0.07;0.05;-1.53;-2.66;1.69;75.50;-0.77;0.50;0.043;-0.08;-1.79;-1000.00;-1000.00
1044.345;3557;-7.14;2.86;249.57;-2.05;1.15;180.00;-0.00;0.37;438;0;1;8;-0.79;-0.50;-0.50;0.03;-0.08;-0.05;0.24;-1.51;-2.66;1.69;75.50;-0.77;0.50;0.044;-0.09;-1.82;-1000.00;-1000.00
1044.455;3567;-7.11;2.90;242.80;-2.05;1.15;180.00;-0.00;0.37;438;0;1;8;-0.79;-0.50;-0.51;0.02;-0.01;0.03;0.01;-0.42;-2.66;1.69;75.50;-0.77;0.50;0.036;-0.11;-1.86;-1000.00;-1000.00
1044.535;3576;-7.09;2.94;247.23;-2.05;1.15;180.00;-0.00;0.37;438;0;1;8;-0.79;-0.50;-0.50;-0.05;-0.05;-0.28;0.13;1.73;-2.66;1.69;75.50;-0.77;0.50;0.021;-0.13;-1.89;-1000.00;-1000.00
1044.645;3587;-7.07;2.99;258.92;-2.05;1.15;180.00;-0.00;0.37;438;0;1;8;0.79;-0.50;-0.50;0.01;-0.01;0.02;-0.03;1.69;-2.66;1.71;73.12;-0.77;0.50;0.027;-0.15;-1.93;-1000.00;-1000.00
1044.765;3601;-7.07;3.07;265.74;-2.05;1.15;180.00;-0.00;0.37;438;0;1;8;0.79;-0.50;-0.51;-0.03;-0.01;-0.01;-0.01;-0.80;-2.66;1.71;73.12;-0.77;0.50;0.058;-0.17;-1.99;-1000.00;-1000.00
1044.855;3609;-7.07;3.11;257.71;-2.05;1.15;180.00;-0.00;0.37;438;0;1;8;0.79;-0.50;-0.51;-0.02;-0.00;-0.10;0.08;-2.06;-2.66;1.71;73.12;-0.77;0.50;0.042;-0.18;-2.02;-1000.00;-1000.00
1044.975;3620;-7.06;3.16;247.44;-2.05;1.15;180.00;-0.00;0.37;438;0;1;8;-0.79;-0.50;-0.44;-0.02;-0.01;-0.13;-0.08;-1.49;-2.66;1.71;73.12;-0.77;0.50;0.053;-0.19;-2.07;-1000.00;-1000.00
1045.055;3628;-7.04;3.19;241.62;-2.05;1.15;180.00;-0.00;0.37;438;0;1;8;-0.79;-0.50;-0.50;0.01;-0.01;0.11;0.01;-0.74;-2.66;1.71;73.12;-0.77;0.50;0.041;-0.20;-2.10;-1000.00;-1000.00
1045.135;3638;-7.01;3.24;245.46;-2.05;1.15;180.00;-0.00;0.37;438;0;1;8;-0.79;-0.50;-0.51;-0.00;-0.01;-0.22;-0.05;1.71;-2.65;1.73;70.74;-0.76;0.50;0.023;-0.21;-2.14;-1000.00;-1000.00
1045.265;3649;-6.99;3.29;256.77;-2.05;1.15;180.00;-0.00;0.37;438;0;1;8;0.79;-0.50;-0.49;-0.03;-0.01;-0.03;0.08;1.72;-2.65;1.73;70.74;-0.76;0.50;0.051;-0.23;-2.19;-1000.00;-1000.00
1045.365;3660;-6.99;3.34;264.67;-2.05;1.15;180.00;-0.00;0.37;438;0;1;8;0.79;-0.50;-0.50;-0.00;-0.01;0.03;-0.04;0.14;-2.65;1.73;70.74;-0.76;0.50;0.050;-0.24;-2.23;-1000.00;-1000.00
1045.455;3668;-6.98;3.38;259.34;-2.05;1.15;180.00;-0.00;0.37;438;0;1;8;0.79;-0.50;-0.52;0.01;-0.07;-0.13;0.22;-1.87;-2.65;1.73;70.74;-0.76;0.50;0.039;-0.24;-2.27;-1000.00;-1000.00
1045.545;3676;-6.97;3.42;251.08;-2.05;1.15;180.00;-0.00;0.37;438;0;1;8;0.79;-0.50;-0.50;-0.01;-0.01;0.05;0.02;-1.53;-2.64;1.74;68.37;-0.76;0.50;0.027;-0.25;-2.30;-1000.00;-1000.00
1045.665;3692;-6.94;3.49;238.09;-2.05;1.15;180.00;-0.00;0.37;438;0;1;8;-0.79;-0.50;-0.47;0.06;-0.07;-0.35;-0.20;-1.46;-2.64;1.74;68.37;-0.76;0.50;0.053;-0.25;-2.37;-1000.00;-1000.00
1045.735;3696;-6.92;3.51;235.35;-2.05;1.15;180.00;-0.00;0.37;438;0;1;8;-0.79;-0.50;-0.50;-0.00;-0.01;0.01;0.00;-0.90;-2.64;1.74;68.37;-0.76;0.50;0.022;-0.25;-2.38;-1000.00;-1000.00
1045.835;3705;-6.90;3.54;237.35;-2.05;1.15;180.00;-0.00;0.37;438;0;1;8;-0.79;-0.50;-0.50;0.00;-0.01;-0.05;0.00;1.36;-2.64;1.74;68.37;-0.76;0.50;0.017;-0.25;-2.42;-1000.00;-1000.00
1045.945;3719;-6.87;3.61;251.53;-2.05;1.15;180.00;-0.00;0.37;438;0;1;8;0.79;-0.50;-0.54;0.01;-0.01;0.10;-0.08;1.49;-2.64;1.76;66.02;-0.76;0.50;0.030;-0.24;-2.48;-1000.00;-1000.00
1046.045;3730;-6.86;3.67;255.91;-2.05;1.15;180.00;-0.00;0.37;438;0;1;8;0.79;-0.50;-0.52;-0.04;-0.00;-0.07;0.05;-0.58;-2.64;1.76;66.02;-0.76;0.50;0.034;-0.22;-2.52;-1000.00;-1000.00
1046.145;3738;-6.85;3.71;248.34;-2.05;1.15;180.00;-0.00;0.37;438;0;1;8;0.79;-0.50;-0.50;-0.09;0.00;0.22;0.06;-2.12;-2.64;1.76;66.02;-0.76;0.50;0.025;-0.21;-2.55;-1000.00;-1000.00
1046.245;3749;-6.82;3.75;238.37;-2.05;1.15;180.00;-0.00;0.37;438;0;1;8;-0.79;-0.50;-0.49;-0.00;-0.11;0.14;0.01;-1.33;-2.63;1.78;63.67;-0.76;0.50;0.024;-0.19;-2.59;-1000.00;-1000.00
1046.355;3757;-6.80;3.79;234.37;-2.05;1.15;180.00;-0.00;0.37;438;0;1;8;-0.79;-0.50;-0.49;0.02;-0.01;-0.06;-0.02;-0.08;-2.63;1.78;63.67;-0.76;0.50;0.037;-0.17;-2.62;-1000.00;-1000.00
1046.475;3772;-6.76;3.85;246.12;-2.05;1.15;180.00;-0.00;0.37;438;0;1;8;0.79;-0.50;-0.52;0.00;-0.01;0.04;-0.01;1.67;-2.63;1.78;63.67;-0.76;0.50;0.057;-0.14;-2.67;-1000.00;-1000.00
1046.555;3779;-6.75;3.89;250.69;-2.05;1.15;180.00;-0.00;0.37;438;0;1;8;0.79;-0.50;-0.52;-0.02;-0.05;0.04;0.23;0.67;-2.63;1.78;63.67;-0.76;0.50;0.032;-0.12;-2.69;-1000.00;-1000.00
1046.655;3789;-6.74;3.94;245.99;-2.05;1.15;180.00;-0.00;0.37;438;0;1;8;0.79;-0.50;-0.50;-0.05;-0.01;0.07;-0.14;-2.00;-2.63;1.78;63.67;-0.76;0.50;0.035;-0.09;-2.71;-1000.00;-1000.00
1046.745;3798;-6.72;3.98;237.09;-2.05;1.15;180.00;-0.00;0.37;438;0;1;8;-0.79;-0.50;-0.50;0.01;-0.01;-0.03;0.00;-1.40;-2.62;1.79;61.34;-0.75;0.50;0.026;-0.07;-2.74;-1000.00;-1000.00
1046.845;3807;-6.69;4.01;232.25;-2.05;1.15;180.00;-0.00;0.37;438;0;1;8;-0.79;-0.50;-0.49;0.03;-0.01;-0.08;-0.01;-0.18;-2.62;1.79;61.34;-0.75;0.50;0.026;-0.04;-2.76;-1000.00;-1000.00
1046.945;3818;-6.66;4.06;239.34;-2.05;1.15;180.00;-0.00;0.37;438;0;1;8;-0.79;-0.50;-0.47;0.07;-0.06;0.22;0.05;1.83;-2.62;1.79;61.34;-0.75;0.50;0.029;-0.01;-2.78;-1000.00;-1000.00
1047.065;3832;-6.63;4.12;252.35;-2.05;1.15;180.00;-0.00;0.37;438;0;1;8;0.79;-0.50;-0.54;-0.02;-0.00;-0.01;-0.02;1.36;-2.61;1.81;59.01;-0.75;0.50;0.048;0.04;-2.80;-1000.00;-1000.00
1047.135;3837;-6.62;4.15;255.35;-2.05;1.15;180.00;-0.00;0.37;438;0;1;8;0.79;-0.50;-0.53;0.04;-0.00;0.11;-0.13;0.72;-2.61;1.81;59.01;-0.75;0.50;0.021;0.06;-2.81;-1000.00;-1000.00
1047.255;3851;-6.61;4.22;246.88;-2.05;1.15;180.00;-0.00;0.37;438;0;1;8;0.79;-0.50;-0.48;-0.08;0.00;0.00;-0.04;-1.98;-2.61;1.81;59.01;-0.75;0.50;0.038;0.11;-2.83;-1000.00;-1000.00
