t;frame;x;y;z;x_ref;y_ref;z_ref;delta_ref;u_ref;state;ellipse;control;action;delta;u;vx;vy;vz;wx;wy;wz;xr;yr;zr;delr;ur;obs1x;obs1y;obs2x;obs2y
4836.735;16;1.10;-0.30;-0.00;0.85;-0.35;-0.00;0.00;-0.50;398;1;1;2;-0.12;-0.04;0.00;0.00;-0.00;0.00;0.00;0.00;0.95;-0.35;0.00;0.00;-0.50;0.096;1.63;2.36;-1000.00;-1000.00
4836.765;20;1.10;-0.30;-0.00;0.85;-0.35;-0.00;0.00;-0.50;398;1;1;2;-0.12;-0.04;0.00;0.00;-0.00;0.00;0.00;0.00;0.95;-0.35;0.00;0.00;-0.50;0.025;1.63;2.36;-1000.00;-1000.00
4836.885;29;1.10;-0.30;-0.00;0.85;-0.35;-0.00;0.00;-0.50;398;1;1;2;-0.12;-0.04;0.00;0.00;-0.00;0.00;0.00;0.00;0.95;-0.35;0.00;0.00;-0.50;0.035;1.63;2.36;-1000.00;-1000.00
4836.965;39;1.10;-0.30;-0.00;0.85;-0.35;-0.00;0.00;-0.50;398;1;1;2;-0.12;-0.04;0.00;0.00;-0.00;0.00;0.00;0.00;0.95;-0.35;0.00;0.00;-0.50;0.020;1.63;2.36;-1000.00;-1000.00
4837.065;47;1.10;-0.30;-0.00;0.85;-0.35;-0.00;0.00;-0.50;398;1;1;2;-0.12;-0.04;0.00;0.00;-0.00;0.00;0.00;0.00;0.95;-0.35;0.00;0.00;-0.50;0.020;1.63;2.36;-1000.00;-1000.00
4837.155;57;1.10;-0.30;-0.00;0.85;-0.35;-0.00;0.00;-0.50;398;1;1;2;-0.12;-0.04;0.00;0.00;-0.00;0.00;0.00;0.00;0.95;-0.35;0.00;0.00;-0.50;0.013;1.63;2.36;-1000.00;-1000.00
4837.255;66;1.10;-0.30;-0.00;0.85;-0.35;-0.00;0.00;-0.50;398;1;1;2;-0.12;-0.04;0.00;0.00;-0.00;0.00;0.00;0.00;0.95;-0.35;0.00;0.00;-0.50;0.014;1.63;2.36;-1000.00;-1000.00
4837.355;76;1.10;-0.30;-0.00;0.85;-0.35;-0.00;0.00;-0.50;398;1;1;2;-0.12;-0.04;0.00;0.00;-0.00;0.00;0.00;0.00;0.95;-0.35;0.00;0.00;-0.50;0.018;1.63;2.36;-1000.00;-1000.00
4837.455;86;1.10;-0.30;-0.00;0.85;-0.35;-0.00;0.00;-0.50;398;1;1;2;-0.12;-0.04;0.00;0.00;-0.00;0.00;0.00;0.00;0.95;-0.35;0.00;0.00;-0.50;0.014;1.63;2.36;-1000.00;-1000.00
4837.585;101;1.10;-0.30;-0.00;0.85;-0.35;-0.00;0.00;-0.50;398;1;1;2;-0.12;-0.04;0.00;0.00;-0.00;0.00;0.00;0.00;0.95;-0.35;0.00;0.00;-0.50;0.037;1.63;2.36;-1000.00;-1000.00
4837.675;109;1.10;-0.30;-0.00;0.85;-0.35;-0.00;0.00;-0.50;398;1;1;2;-0.12;-0.04;0.00;0.00;-0.00;0.00;0.00;0.00;0.95;-0.35;0.00;0.00;-0.50;0.033;1.63;2.36;-1000.00;-1000.00
4837.775;120;1.10;-0.30;-0.00;0.85;-0.35;-0.00;0.00;-0.50;398;1;1;2;-0.12;-0.04;0.00;0.00;-0.00;0.00;0.00;0.00;0.95;-0.35;0.00;0.00;-0.50;0.030;1.63;2.36;-1000.00;-1000.00
4837.875;128;1.10;-0.30;-0.00;0.85;-0.35;-0.00;0.00;-0.50;398;1;1;2;-0.12;-0.04;0.00;0.00;-0.00;0.00;0.00;0.00;0.95;-0.35;0.00;0.00;-0.50;0.031;1.63;2.36;-1000.00;-1000.00
4837.955;139;1.10;-0.30;-0.00;0.85;-0.35;-0.00;0.00;-0.50;398;1;1;2;-0.12;-0.04;0.00;0.00;-0.00;0.00;0.00;0.00;0.95;-0.35;0.00;0.00;-0.50;0.019;1.63;2.36;-1000.00;-1000.00
4838.075;147;1.10;-0.30;-0.00;0.85;-0.35;-0.00;0.00;-0.50;398;1;1;2;-0.12;-0.04;0.00;0.00;-0.00;0.00;0.00;0.00;0.95;-0.35;0.00;0.00;-0.50;0.035;1.63;2.36;-1000.00;-1000.00
4838.185;162;1.10;-0.30;-0.00;0.85;-0.35;-0.00;0.00;-0.50;398;1;1;2;-0.12;-0.04;0.00;0.00;-0.00;0.00;0.00;0.00;0.95;-0.35;0.00;0.00;-0.50;0.035;1.63;2.36;-1000.00;-1000.00
4838.265;166;1.10;-0.30;-0.00;0.85;-0.35;-0.00;0.00;-0.50;398;1;1;2;-0.12;-0.04;0.00;0.00;-0.00;0.00;0.00;0.00;0.95;-0.35;0.00;0.00;-0.50;0.015;1.63;2.36;-1000.00;-1000.00
4838.355;176;1.10;-0.30;-0.00;0.85;-0.35;-0.00;0.00;-0.50;398;1;1;2;-0.12;-0.04;0.00;0.00;-0.00;0.00;0.00;0.00;0.95;-0.35;0.00;0.00;-0.50;0.018;1.63;2.36;-1000.00;-1000.00
4838.455;186;1.10;-0.30;-0.00;0.85;-0.35;-0.00;0.00;-0.50;398;1;1;2;-0.12;-0.04;0.00;0.00;-0.00;0.00;0.00;0.00;0.95;-0.35;0.00;0.00;-0.50;0.017;1.63;2.36;-1000.00;-1000.00
4838.565;200;1.10;-0.30;-0.00;0.85;-0.35;-0.00;0.00;-0.50;398;1;1;2;-0.12;-0.04;0.00;0.00;-0.00;0.00;0.00;0.00;0.95;-0.35;0.00;0.00;-0.50;0.023;1.63;2.36;-1000.00;-1000.00
4838.665;209;1.10;-0.30;-0.00;0.85;-0.35;-0.00;0.00;-0.50;398;1;1;2;-0.12;-0.04;0.00;0.00;-0.00;0.00;0.00;0.00;0.95;-0.35;0.00;0.00;-0.50;0.024;1.63;2.36;-1000.00;-1000.00
4838.775;220;1.10;-0.30;-0.00;0.85;-0.35;-0.00;0.00;-0.50;398;1;1;2;-0.12;-0.08;0.00;0.00;-0.00;0.00;0.00;0.00;0.95;-0.35;0.00;0.00;-0.50;0.035;1.63;2.36;-1000.00;-1000.00
4838.885;228;1.10;-0.30;0.06;0.85;-0.35;-0.00;0.00;-0.50;398;1;1;2;-0.12;-0.12;-0.06;-0.01;-0.02;-0.02;-0.20;0.03;0.95;-0.35;0.00;0.00;-0.50;0.037;1.63;2.36;-1000.00;-1000.00
4838.975;239;1.09;-0.30;0.25;0.85;-0.35;-0.00;0.00;-0.50;398;1;1;2;-0.11;-0.15;-0.12;0.00;-0.00;0.02;0.04;0.03;0.95;-0.35;0.00;0.00;-0.50;0.024;1.63;2.36;-1000.00;-1000.00
4839.065;247;1.08;-0.30;0.40;0.85;-0.35;-0.00;0.00;-0.50;398;1;1;2;-0.10;-0.18;-0.15;-0.00;-0.00;-0.03;-0.06;0.03;0.95;-0.35;0.00;0.00;-0.50;0.020;1.63;2.36;-1000.00;-1000.00
4839.155;258;1.06;-0.30;0.63;0.85;-0.35;-0.00;0.00;-0.50;398;1;1;2;-0.09;-0.21;-0.18;-0.00;-0.00;-0.01;-0.03;0.04;0.95;-0.35;0.00;0.00;-0.50;0.014;1.63;2.36;-1000.00;-1000.00
4839.265;266;1.05;-0.30;0.83;0.85;-0.35;-0.00;0.00;-0.50;398;1;1;2;-0.08;-0.24;-0.21;0.00;0.00;0.00;-0.00;0.04;0.95;-0.35;0.00;0.00;-0.50;0.017;1.63;2.36;-1000.00;-1000.00
4839.365;281;1.01;-0.30;1.10;0.85;-0.35;-0.00;0.00;-0.50;398;1;1;2;-0.06;-0.26;-0.24;0.00;0.00;0.00;-0.00;0.03;0.95;-0.35;0.00;0.00;-0.50;0.024;1.63;2.36;-1000.00;-1000.00
4839.475;289;0.99;-0.30;1.17;0.76;-0.35;-0.00;0.00;-0.50;398;2;1;2;-0.06;-0.27;-0.26;-0.00;0.00;0.00;-0.00;0.01;0.95;-0.35;0.00;0.00;-0.50;0.033;1.63;2.36;-1000.00;-1000.00
4839.575;300;0.96;-0.30;1.24;0.76;-0.35;-0.00;0.00;-0.50;398;2;1;2;-0.05;-0.29;-0.27;0.00;0.00;0.00;-0.00;0.01;0.95;-0.35;0.00;0.00;-0.50;0.030;1.64;2.36;-1000.00;-1000.00
4839.655;308;0.94;-0.30;1.27;0.76;-0.35;-0.00;0.00;-0.50;398;2;1;2;-0.05;-0.29;-0.28;-0.00;-0.00;0.00;-0.00;0.01;0.95;-0.35;0.00;0.00;-0.50;0.013;1.64;2.36;-1000.00;-1000.00
4839.795;323;0.90;-0.30;1.30;0.65;-0.35;0.00;-0.00;0.37;220;0;1;7;-0.05;-0.30;-0.30;-0.00;-0.00;0.00;-0.00;0.00;0.91;-0.35;-0.00;0.00;-0.50;0.043;1.64;2.36;-1000.00;-1000.00
4839.865;327;0.88;-0.30;1.31;1.03;-0.30;24.90;0.79;0.50;220;1;1;7;0.76;-0.27;-0.30;0.00;-0.00;0.00;-0.00;0.00;0.89;-0.34;8.71;0.51;0.45;0.025;1.64;2.36;-1000.00;-1000.00
4839.955;336;0.86;-0.30;-0.32;1.03;-0.30;24.90;0.79;0.50;220;1;1;7;0.69;-0.23;-0.28;-0.01;-0.06;-0.23;-0.05;-0.86;0.86;-0.34;6.37;0.44;0.44;0.017;1.64;2.36;-1000.00;-1000.00
4840.065;346;0.83;-0.30;-4.58;1.03;-0.30;24.90;0.79;0.50;220;1;1;7;0.76;-0.19;-0.23;0.01;-0.01;0.02;0.01;-0.56;0.84;-0.35;5.36;0.41;0.44;0.022;1.64;2.36;-1000.00;-1000.00
4840.165;357;0.81;-0.30;-7.67;1.03;-0.30;24.90;0.79;0.50;220;1;1;7;0.76;-0.15;-0.17;-0.02;-0.01;0.05;0.06;-0.45;0.81;-0.35;3.66;0.35;0.43;0.017;1.64;2.36;-1000.00;-1000.00
4840.265;369;0.79;-0.30;-9.82;1.03;-0.30;24.90;0.79;0.50;220;1;1;7;0.77;-0.11;-0.15;-0.00;-0.01;-0.06;-0.06;-0.28;0.79;-0.35;2.95;0.32;0.42;0.023;1.64;2.36;-1000.00;-1000.00
4840.365;380;0.78;-0.29;-10.68;1.03;-0.30;24.90;0.79;0.50;220;1;1;7;0.75;-0.07;-0.11;-0.00;-0.01;0.09;0.09;-0.05;0.78;-0.35;2.32;0.29;0.42;0.024;1.64;2.36;-1000.00;-1000.00
4840.465;388;0.77;-0.29;-10.66;1.03;-0.30;24.90;0.79;0.50;220;1;1;7;0.73;-0.03;-0.09;0.00;-0.01;-0.05;-0.05;0.00;0.78;-0.35;2.32;0.29;0.42;0.025;1.64;2.36;-1000.00;-1000.00
4840.565;397;0.76;-0.29;-9.91;1.03;-0.30;24.90;0.79;0.50;220;1;1;7;0.68;-0.00;-0.04;0.00;-0.01;0.02;0.02;0.22;0.76;-0.35;1.79;0.25;0.41;0.016;1.64;2.36;-1000.00;-1000.00
4840.675;407;0.76;-0.29;-8.72;1.03;-0.30;24.90;0.79;0.50;220;1;1;7;0.63;0.03;-0.01;-0.00;-0.01;-0.01;-0.02;0.22;0.76;-0.35;1.79;0.25;0.41;0.028;1.64;2.36;-1000.00;-1000.00
4840.765;416;0.76;-0.29;-7.62;1.03;-0.30;24.90;0.79;0.50;220;1;1;7;0.58;0.05;0.01;-0.00;-0.00;-0.03;-0.02;0.25;0.76;-0.35;1.79;0.25;0.41;0.018;1.64;2.36;-1000.00;-1000.00
4840.855;426;0.76;-0.29;-6.22;1.03;-0.30;24.90;0.79;0.50;220;1;1;7;0.54;0.08;0.05;-0.00;-0.01;-0.03;-0.04;0.23;0.76;-0.35;1.79;0.25;0.41;0.014;1.64;2.36;-1000.00;-1000.00
4840.985;439;0.77;-0.29;-5.03;1.03;-0.30;24.90;0.79;0.50;220;1;1;7;0.51;0.10;0.07;-0.01;0.00;0.00;0.00;0.13;0.76;-0.35;1.79;0.25;0.41;0.037;1.64;2.36;-1000.00;-1000.00
4841.065;450;0.78;-0.30;-4.31;1.03;-0.30;24.90;0.79;0.50;220;1;1;7;0.52;0.12;0.08;-0.01;-0.00;0.00;-0.01;0.12;0.78;-0.35;2.32;0.29;0.42;0.022;1.64;2.36;-1000.00;-1000.00
4841.165;458;0.79;-0.30;-3.79;1.03;-0.30;24.90;0.79;0.50;220;1;1;7;0.52;0.14;0.12;0.00;-0.00;-0.04;0.06;0.11;0.78;-0.35;2.32;0.29;0.42;0.021;1.64;2.36;-1000.00;-1000.00
4841.255;467;0.80;-0.30;-3.06;1.03;-0.30;24.90;0.79;0.50;220;1;1;7;0.56;0.16;0.13;-0.00;-0.01;-0.01;0.01;0.12;0.81;-0.35;3.66;0.35;0.43;0.012;1.64;2.36;-1000.00;-1000.00
4841.375;477;0.81;-0.30;-2.13;1.03;-0.30;24.90;0.79;0.50;220;1;1;7;0.56;0.17;0.15;-0.00;-0.01;0.00;0.00;0.16;0.81;-0.35;3.66;0.35;0.43;0.031;1.64;2.36;-1000.00;-1000.00
4841.455;488;0.83;-0.30;-1.07;1.03;-0.30;24.90;0.79;0.50;220;1;1;7;0.61;0.19;0.16;-0.00;-0.01;0.01;-0.01;0.16;0.84;-0.35;5.36;0.41;0.44;0.015;1.64;2.36;-1000.00;-1000.00
4841.565;496;0.84;-0.30;-0.11;1.03;-0.30;24.90;0.79;0.50;220;1;1;7;0.64;0.21;0.17;-0.01;-0.01;0.04;-0.06;0.31;0.86;-0.34;6.37;0.44;0.44;0.019;1.64;2.36;-1000.00;-1000.00
4841.665;509;0.87;-0.30;1.76;1.03;-0.30;24.90;0.79;0.50;220;1;1;7;0.68;0.23;0.19;-0.02;-0.01;0.04;-0.05;0.37;0.87;-0.34;7.48;0.48;0.45;0.020;1.64;2.36;-1000.00;-1000.00
4841.755;516;0.88;-0.30;2.89;1.03;-0.30;24.90;0.79;0.50;220;1;1;7;0.70;0.24;0.22;-0.00;-0.01;0.00;0.01;0.26;0.89;-0.34;8.71;0.51;0.45;0.014;1.64;2.36;-1000.00;-1000.00
4841.855;524;0.90;-0.30;4.35;1.27;0.06;86.23;0.79;0.50;220;2;1;7;0.74;0.26;0.23;-0.01;-0.06;0.26;-0.07;0.55;0.91;-0.34;10.05;0.54;0.46;0.015;1.64;2.36;-1000.00;-1000.00
4841.965;540;0.94;-0.30;8.66;1.27;0.06;86.23;0.79;0.50;220;2;1;7;0.79;0.27;0.27;0.00;0.00;-0.13;0.14;0.41;0.94;-0.33;13.10;0.60;0.47;0.022;1.64;2.36;-1000.00;-1000.00
4842.065;548;0.96;-0.30;11.83;1.27;0.06;86.23;0.79;0.50;220;2;1;7;0.79;0.28;0.26;-0.06;-0.01;0.15;-0.14;0.71;0.95;-0.33;14.82;0.63;0.47;0.026;1.64;2.36;-1000.00;-1000.00
4842.165;558;0.99;-0.29;15.30;1.27;0.06;86.23;0.79;0.50;220;2;1;7;0.79;0.29;0.30;-0.01;0.00;-0.18;0.14;0.47;0.99;-0.32;18.67;0.70;0.49;0.020;1.64;2.36;-1000.00;-1000.00
4842.265;567;1.02;-0.29;18.87;1.27;0.06;86.23;0.79;0.50;220;2;1;7;0.79;0.30;0.28;-0.05;-0.01;0.15;-0.10;0.68;1.02;-0.30;23.09;0.76;0.50;0.021;1.64;2.36;-1000.00;-1000.00
4842.355;577;1.05;-0.28;22.03;1.27;0.06;86.23;0.79;0.50;220;2;1;7;0.79;0.32;0.33;-0.01;-0.00;-0.22;0.13;0.42;1.05;-0.29;28.00;0.79;0.50;0.010;1.64;2.36;-1000.00;-1000.00
4842.455;586;1.07;-0.27;25.59;1.27;0.06;86.23;0.79;0.50;220;2;1;7;0.79;0.33;0.32;-0.02;-0.01;0.13;-0.07;0.68;1.08;-0.27;32.96;0.79;0.50;0.010;1.64;2.36;-1000.00;-1000.00
4842.565;596;1.10;-0.25;28.87;1.27;0.06;86.23;0.79;0.50;220;2;1;7;0.79;0.35;0.36;-0.02;-0.01;-0.27;0.12;0.50;1.10;-0.26;35.43;0.79;0.50;0.020;1.64;2.36;-1000.00;-1000.00
4842.655;605;1.13;-0.24;32.62;1.27;0.06;86.23;0.79;0.50;220;2;1;7;0.79;0.37;0.36;-0.05;-0.01;0.04;-0.02;0.64;1.13;-0.24;40.39;0.79;0.50;0.010;1.64;2.36;-1000.00;-1000.00
4842.755;615;1.17;-0.23;36.54;1.27;0.06;86.23;0.79;0.50;220;2;1;7;0.79;0.38;0.38;-0.07;-0.01;0.07;-0.01;0.86;1.15;-0.21;45.35;0.79;0.50;0.012;1.64;2.36;-1000.00;-1000.00
4842.855;628;1.21;-0.20;42.42;1.27;0.06;86.23;0.79;0.50;220;2;1;7;0.79;0.40;0.42;-0.08;-0.01;-0.10;0.01;0.82;1.18;-0.18;50.30;0.79;0.50;0.017;1.64;2.36;-1000.00;-1000.00
4842.965;638;1.25;-0.18;47.83;1.27;0.06;86.23;0.79;0.50;220;2;1;7;0.79;0.41;0.44;-0.10;-0.01;0.00;-0.02;0.91;1.20;-0.15;55.26;0.79;0.50;0.013;1.64;2.36;-1000.00;-1000.00
4843.065;648;1.29;-0.15;53.92;1.27;0.06;86.23;0.79;0.50;220;2;1;7;0.79;0.42;0.44;-0.10;-0.01;0.19;-0.01;1.05;1.22;-0.12;60.21;0.79;0.50;0.021;1.64;2.36;-1000.00;-1000.00
4843.155;657;1.31;-0.12;60.31;1.27;0.06;86.23;0.79;0.50;220;2;1;7;0.79;0.43;0.44;-0.13;-0.01;0.33;0.05;1.45;1.24;-0.09;65.17;0.79;0.50;0.013;1.64;2.36;-1000.00;-1000.00
4843.265;667;1.34;-0.08;68.22;1.27;0.06;86.23;0.79;0.50;220;2;1;7;0.79;0.44;0.46;-0.07;-0.01;0.06;-0.02;1.42;1.25;-0.06;70.12;0.79;0.50;0.021;1.64;2.36;-1000.00;-1000.00
4843.355;676;1.36;-0.04;75.45;1.09;0.44;144.20;0.73;0.50;220;3;1;7;0.79;0.44;0.45;-0.11;-0.01;0.15;0.03;1.50;1.26;-0.02;75.08;0.79;0.50;0.012;1.64;2.36;-1000.00;-1000.00
4843.455;686;1.38;0.00;84.48;1.09;0.44;144.20;0.73;0.50;220;3;1;7;0.51;0.45;0.43;-0.08;-0.08;-0.01;0.43;1.84;1.27;0.01;80.03;0.79;0.50;0.011;1.64;2.36;-1000.00;-1000.00
4843.555;695;1.39;0.04;92.42;1.09;0.44;144.20;0.73;0.50;220;3;1;7;0.39;0.45;0.44;-0.12;-0.01;0.07;0.07;0.98;1.27;0.05;84.99;0.79;0.50;0.009;1.64;2.36;-1000.00;-1000.00
4843.655;705;1.39;0.09;96.19;1.09;0.44;144.20;0.73;0.50;220;3;1;7;0.46;0.45;0.46;-0.02;-0.01;-0.16;-0.14;0.40;1.28;0.08;89.93;0.78;0.50;0.009;1.64;2.36;-1000.00;-1000.00
4843.755;718;1.38;0.14;100.24;1.09;0.44;144.20;0.73;0.50;220;3;1;7;0.57;0.46;0.45;-0.00;-0.01;-0.03;-0.01;0.54;1.27;0.12;94.83;0.78;0.50;0.011;1.64;2.36;-1000.00;-1000.00
4843.855;728;1.38;0.19;103.84;1.09;0.44;144.20;0.73;0.50;220;3;1;7;0.65;0.46;0.45;0.00;-0.07;-0.08;0.40;0.77;1.27;0.16;99.69;0.77;0.50;0.014;1.64;2.36;-1000.00;-1000.00
4843.955;736;1.37;0.22;107.51;1.09;0.44;144.20;0.73;0.50;220;3;1;7;0.70;0.46;0.48;-0.02;-0.00;0.02;0.03;0.71;1.26;0.19;104.50;0.77;0.50;0.009;1.64;2.36;-1000.00;-1000.00
4844.055;747;1.35;0.28;111.13;1.09;0.44;144.20;0.73;0.50;220;3;1;7;0.79;0.47;0.52;-0.02;-0.00;-0.11;-0.15;0.59;1.24;0.24;111.63;0.76;0.50;0.008;1.64;2.36;-1000.00;-1000.00
4844.155;755;1.34;0.32;116.26;1.09;0.44;144.20;0.73;0.50;220;3;1;7;0.79;0.47;0.52;-0.12;-0.01;0.12;0.23;1.26;1.24;0.26;113.98;0.76;0.50;0.006;1.64;2.36;-1000.00;-1000.00
4844.245;766;1.32;0.37;123.54;1.09;0.44;144.20;0.73;0.50;220;3;1;7;0.79;0.47;0.54;-0.17;-0.03;0.13;0.11;1.43;1.21;0.31;120.99;0.75;0.50;0.005;1.64;2.36;-1000.00;-1000.00
4844.355;775;1.30;0.42;129.78;1.09;0.44;144.20;0.73;0.50;220;3;1;7;0.79;0.47;0.56;-0.16;-0.01;0.02;0.07;1.09;1.19;0.34;125.60;0.75;0.50;0.005;1.64;2.36;-1000.00;-1000.00
4844.455;785;1.28;0.48;136.25;1.09;0.44;144.20;0.73;0.50;220;3;1;7;0.79;0.47;0.58;-0.20;-0.01;-0.04;-0.19;1.19;1.16;0.38;132.45;0.74;0.50;0.009;1.64;2.36;-1000.00;-1000.00
4844.555;798;1.24;0.54;146.65;1.09;0.44;144.20;0.73;0.50;220;3;1;7;0.66;0.45;0.53;-0.20;-0.01;-0.02;-0.02;1.40;1.15;0.39;134.71;0.74;0.50;0.014;1.64;2.36;-1000.00;-1000.00
4844.665;808;1.21;0.58;154.20;1.09;0.44;144.20;0.73;0.50;220;3;1;7;0.68;0.44;0.46;-0.18;-0.01;-0.03;0.07;1.23;1.09;0.44;143.65;0.73;0.50;0.013;1.64;2.36;-1000.00;-1000.00
4844.745;816;1.18;0.61;159.02;1.09;0.44;144.20;0.73;0.50;220;3;1;7;0.61;0.42;0.49;-0.12;-0.02;0.05;-0.14;1.03;1.08;0.45;145.84;0.72;0.50;0.006;1.64;2.36;-1000.00;-1000.00
4844.855;826;1.14;0.63;164.78;1.09;0.44;144.20;0.73;0.50;220;3;1;7;0.54;0.40;0.43;-0.13;-0.01;-0.03;0.09;0.94;1.05;0.47;150.01;0.68;0.50;0.012;1.64;2.36;-1000.00;-1000.00
4844.955;836;1.10;0.65;169.00;1.09;0.44;144.20;0.73;0.50;220;3;1;7;0.49;0.38;0.42;-0.02;-0.01;0.08;-0.17;0.60;1.01;0.49;153.90;0.65;0.50;0.008;1.64;2.37;-1000.00;-1000.00
4845.045;845;1.06;0.66;172.31;1.09;0.44;144.20;0.73;0.50;220;3;1;7;0.42;0.36;0.38;0.00;-0.01;-0.04;0.08;0.49;1.00;0.50;155.74;0.63;0.50;0.005;1.64;2.37;-1000.00;-1000.00
4845.145;855;1.02;0.66;174.19;1.09;0.44;144.20;0.73;0.50;220;3;1;7;0.42;0.34;0.37;0.02;-0.01;0.12;-0.22;0.19;0.96;0.51;159.23;0.59;0.50;0.006;1.64;2.37;-1000.00;-1000.00
4845.255;868;0.98;0.67;176.46;1.09;0.44;144.20;0.73;0.50;220;3;1;7;0.41;0.33;0.35;0.00;-0.01;0.08;-0.12;0.25;0.93;0.52;162.46;0.56;0.50;0.009;1.64;2.37;-1000.00;-1000.00
4845.355;878;0.94;0.67;178.20;1.09;0.44;144.20;0.73;0.50;220;3;1;7;0.38;0.31;0.33;-0.02;-0.01;0.04;-0.05;0.23;0.91;0.53;163.98;0.54;0.50;0.005;1.64;2.37;-1000.00;-1000.00
4845.445;886;0.92;0.67;179.35;1.09;0.44;144.20;0.73;0.50;220;3;1;7;0.40;0.30;0.31;-0.04;-0.01;-0.03;0.04;0.23;0.88;0.54;166.84;0.51;0.50;0.005;1.64;2.37;-1000.00;-1000.00
4845.545;896;0.89;0.68;180.53;1.09;0.44;144.20;0.73;0.50;220;3;1;7;0.39;0.29;0.30;-0.05;-0.01;-0.10;0.14;0.30;0.86;0.54;168.18;0.49;0.50;0.005;1.64;2.37;-1000.00;-1000.00
4845.645;907;0.86;0.68;181.61;1.09;0.44;144.20;0.73;0.50;220;3;1;7;0.40;0.28;0.29;-0.01;-0.01;-0.03;0.05;0.23;0.82;0.55;170.70;0.45;0.50;0.005;1.64;2.37;-1000.00;-1000.00
4845.815;922;0.81;0.68;183.34;0.51;0.56;171.38;-0.63;0.50;481;1;1;4;0.39;0.27;0.25;-0.02;-0.01;-0.04;0.06;0.24;0.81;0.55;171.87;0.44;0.50;0.059;1.64;2.37;-1000.00;-1000.00
4845.865;925;0.81;0.68;183.62;0.51;0.56;171.38;-0.63;0.50;481;1;1;4;0.36;0.27;0.25;-0.01;-0.01;-0.02;0.02;0.13;0.65;0.55;180.00;-0.08;0.06;0.017;1.64;2.37;-1000.00;-1000.00
4845.965;940;0.77;0.68;184.53;0.25;0.65;154.12;-0.22;0.50;481;2;1;4;0.26;0.28;0.27;-0.03;-0.01;0.04;-0.05;0.08;0.65;0.55;180.00;-0.08;0.06;0.015;1.64;2.37;-1000.00;-1000.00
4846.055;945;0.75;0.68;184.59;0.25;0.65;154.12;-0.22;0.50;481;2;1;4;0.06;0.27;0.28;-0.01;-0.01;-0.03;0.04;0.05;0.65;0.55;180.00;-0.08;0.06;0.015;1.64;2.37;-1000.00;-1000.00
4846.155;956;0.72;0.68;184.11;0.25;0.65;154.12;-0.22;0.50;481;2;1;4;0.05;0.26;0.26;0.01;-0.01;0.03;-0.04;-0.26;0.65;0.55;180.00;-0.08;0.06;0.010;1.64;2.37;-1000.00;-1000.00
4846.265;969;0.69;0.68;182.71;0.25;0.65;154.12;-0.22;0.50;481;2;1;4;0.07;0.24;0.25;-0.00;-0.01;-0.03;0.04;-0.14;0.65;0.55;180.00;-0.08;0.06;0.025;1.64;2.37;-1000.00;-1000.00
4846.365;979;0.67;0.68;182.25;0.25;0.65;154.12;-0.22;0.50;481;2;1;4;0.07;0.23;0.23;-0.00;-0.01;-0.02;0.03;-0.06;0.65;0.55;180.00;-0.08;0.06;0.021;1.64;2.37;-1000.00;-1000.00
4846.455;988;0.65;0.67;181.98;0.25;0.65;154.12;-0.22;0.50;481;2;1;4;0.06;0.21;0.21;0.00;-0.00;-0.02;0.01;-0.05;0.65;0.55;180.00;-0.08;0.06;0.014;1.64;2.37;-1000.00;-1000.00
4846.555;998;0.63;0.67;181.72;0.25;0.65;154.12;-0.22;0.50;481;2;1;4;-0.10;0.20;0.20;0.00;-0.00;-0.01;0.01;-0.05;0.63;0.55;179.71;-0.23;0.18;0.012;1.64;2.37;-1000.00;-1000.00
4846.665;1006;0.61;0.67;181.27;0.25;0.65;154.12;-0.22;0.50;481;2;1;4;-0.21;0.19;0.20;0.00;-0.00;0.00;-0.01;-0.11;0.61;0.55;178.94;-0.33;0.26;0.011;1.64;2.37;-1000.00;-1000.00
4846.755;1017;0.59;0.67;180.44;0.25;0.65;154.12;-0.22;0.50;481;2;1;4;-0.34;0.19;0.19;0.00;-0.00;0.01;-0.01;-0.16;0.58;0.55;177.42;-0.43;0.34;0.012;1.64;2.37;-1000.00;-1000.00
4846.855;1025;0.58;0.67;179.68;0.25;0.65;154.12;-0.22;0.50;481;2;1;4;-0.41;0.19;0.17;0.01;-0.00;0.01;0.01;-0.18;0.57;0.55;176.30;-0.48;0.38;0.010;1.64;2.37;-1000.00;-1000.00
4846.975;1040;0.55;0.67;178.33;0.25;0.65;154.12;-0.22;0.50;481;2;1;4;-0.53;0.20;0.18;0.00;-0.00;0.01;-0.00;-0.14;0.54;0.55;174.07;-0.56;0.44;0.022;1.64;2.37;-1000.00;-1000.00
4847.055;1047;0.54;0.67;177.61;0.25;0.65;154.12;-0.22;0.50;481;2;1;4;-0.58;0.21;0.20;-0.00;-0.01;0.03;0.03;-0.28;0.53;0.56;173.17;-0.58;0.46;0.010;1.64;2.37;-1000.00;-1000.00
4847.165;1059;0.51;0.67;175.90;0.25;0.65;154.12;-0.22;0.50;481;2;1;4;-0.66;0.22;0.21;-0.00;-0.01;-0.07;-0.08;-0.21;0.50;0.56;170.03;-0.61;0.50;0.019;1.64;2.37;-1000.00;-1000.00
4847.255;1067;0.50;0.67;174.50;0.25;0.65;154.12;-0.22;0.50;481;2;1;4;-0.66;0.23;0.21;0.00;-0.01;0.02;0.02;-0.29;0.48;0.56;167.98;-0.57;0.50;0.008;1.64;2.37;-1000.00;-1000.00
4847.355;1078;0.47;0.68;172.37;0.01;0.77;155.85;0.31;0.50;481;3;1;4;-0.65;0.24;0.22;0.01;-0.01;0.14;0.14;-0.46;0.44;0.57;165.18;-0.52;0.50;0.009;1.64;2.37;-1000.00;-1000.00
4847.455;1086;0.45;0.68;170.64;0.01;0.77;155.85;0.31;0.50;481;3;1;4;-0.55;0.24;0.24;0.00;-0.01;-0.03;-0.04;-0.39;0.42;0.58;163.48;-0.49;0.50;0.008;1.64;2.37;-1000.00;-1000.00
4847.565;1097;0.43;0.68;168.66;0.01;0.77;155.85;0.31;0.50;481;3;1;4;-0.51;0.25;0.24;0.01;-0.01;0.12;0.11;-0.38;0.40;0.59;161.91;-0.46;0.50;0.014;1.64;2.37;-1000.00;-1000.00
4847.655;1105;0.41;0.69;167.54;0.01;0.77;155.85;0.31;0.50;481;3;1;4;-0.52;0.25;0.24;0.00;-0.01;-0.06;-0.05;-0.17;0.37;0.60;159.80;-0.41;0.50;0.009;1.64;2.37;-1000.00;-1000.00
4847.755;1118;0.38;0.69;165.85;0.01;0.77;155.85;0.31;0.50;481;3;1;4;-0.47;0.26;0.25;0.03;-0.01;-0.02;-0.02;-0.21;0.35;0.60;158.54;-0.38;0.50;0.013;1.64;2.37;-1000.00;-1000.00
4847.855;1128;0.35;0.70;164.83;0.01;0.77;155.85;0.31;0.50;481;3;1;4;-0.47;0.26;0.24;0.01;-0.01;0.06;0.05;-0.23;0.32;0.62;156.88;-0.33;0.50;0.006;1.64;2.37;-1000.00;-1000.00
4847.955;1136;0.33;0.70;164.41;0.01;0.77;155.85;0.31;0.50;481;3;1;4;-0.47;0.27;0.26;-0.00;-0.01;-0.07;-0.05;-0.06;0.30;0.63;155.91;-0.29;0.50;0.005;1.64;2.37;-1000.00;-1000.00
4848.045;1147;0.30;0.71;163.73;0.01;0.77;155.85;0.31;0.50;481;3;1;4;-0.46;0.27;0.27;0.01;-0.01;-0.03;-0.03;-0.04;0.27;0.64;154.66;-0.24;0.50;0.005;1.64;2.37;-1000.00;-1000.00
4848.155;1155;0.28;0.71;163.03;0.01;0.77;155.85;0.31;0.50;481;3;1;4;-0.44;0.28;0.26;0.01;-0.01;0.11;0.08;-0.21;0.25;0.65;153.96;-0.21;0.50;0.007;1.64;2.37;-1000.00;-1000.00
4848.255;1166;0.25;0.72;162.01;0.01;0.77;155.85;0.31;0.50;481;3;1;4;-0.38;0.28;0.28;0.00;-0.01;-0.10;-0.08;-0.13;0.23;0.66;153.38;-0.17;0.50;0.007;1.64;2.37;-1000.00;-1000.00
4848.355;1174;0.23;0.73;161.26;0.01;0.77;155.85;0.31;0.50;481;3;1;4;-0.33;0.29;0.29;0.04;-0.01;0.04;0.03;-0.13;0.21;0.67;152.93;-0.12;0.50;0.005;1.64;2.37;-1000.00;-1000.00
4848.445;1185;0.20;0.74;160.83;0.01;0.77;155.85;0.31;0.50;481;3;1;4;-0.29;0.29;0.29;0.01;-0.01;-0.02;-0.01;-0.02;0.18;0.68;152.50;-0.06;0.50;0.005;1.64;2.37;-1000.00;-1000.00
4848.555;1197;0.17;0.75;160.71;0.01;0.77;155.85;0.31;0.50;481;3;1;4;-0.23;0.30;0.27;0.01;-0.01;0.06;0.04;-0.07;0.15;0.70;152.37;0.00;0.50;0.009;1.64;2.37;-1000.00;-1000.00
4848.655;1207;0.14;0.76;161.01;0.01;0.77;155.85;0.31;0.50;481;3;1;4;-0.19;0.31;0.30;-0.00;-0.01;0.03;0.03;0.07;0.12;0.72;152.53;0.07;0.50;0.012;1.64;2.37;-1000.00;-1000.00
4848.745;1217;0.11;0.76;161.39;0.01;0.77;155.85;0.31;0.50;481;3;1;4;-0.15;0.31;0.30;0.01;-0.01;0.00;0.01;0.07;0.10;0.73;152.81;0.11;0.50;0.005;1.64;2.37;-1000.00;-1000.00
4848.855;1226;0.09;0.77;161.84;-0.26;0.84;179.43;0.79;0.50;481;4;1;4;-0.10;0.32;0.30;0.00;-0.01;0.04;0.03;0.09;0.07;0.74;153.48;0.18;0.50;0.006;1.64;2.37;-1000.00;-1000.00
4848.955;1236;0.06;0.78;162.41;-0.26;0.84;179.43;0.79;0.50;481;4;1;4;-0.04;0.32;0.31;0.00;-0.01;0.03;0.03;0.11;0.05;0.75;154.09;0.22;0.50;0.012;1.64;2.37;-1000.00;-1000.00
4849.045;1245;0.03;0.79;163.08;-0.26;0.84;179.43;0.79;0.50;481;4;1;4;0.02;0.32;0.31;0.00;-0.01;-0.00;-0.00;0.16;0.02;0.77;155.27;0.28;0.50;0.005;1.64;2.37;-1000.00;-1000.00
4849.185;1259;-0.01;0.80;164.27;-0.25;0.85;180.00;0.11;0.00;461;1;1;5;0.10;0.32;0.31;-0.00;-0.00;0.02;0.02;0.14;-0.01;0.78;156.74;0.34;0.50;0.035;1.64;2.37;-1000.00;-1000.00
4849.265;1268;-0.04;0.81;165.00;-0.44;0.83;193.57;0.65;0.50;461;2;1;5;0.18;0.33;0.32;-0.00;-0.00;-0.01;-0.01;0.13;-0.25;0.85;180.04;0.18;0.07;0.025;1.64;2.37;-1000.00;-1000.00
4849.365;1278;-0.07;0.82;165.93;-0.44;0.83;193.57;0.65;0.50;461;2;1;5;0.27;0.36;0.32;-0.01;-0.00;-0.01;0.01;0.15;-0.25;0.85;180.04;0.18;0.07;0.022;1.64;2.37;-1000.00;-1000.00
4849.455;1287;-0.10;0.83;166.89;-0.44;0.83;193.57;0.65;0.50;461;2;1;5;0.31;0.37;0.34;-0.01;-0.00;-0.01;-0.00;0.22;-0.25;0.85;180.04;0.18;0.07;0.012;1.65;2.37;-1000.00;-1000.00
4849.555;1297;-0.13;0.84;168.19;-0.44;0.83;193.57;0.65;0.50;461;2;1;5;0.35;0.38;0.36;-0.01;-0.01;-0.02;0.05;0.30;-0.25;0.85;180.04;0.18;0.07;0.009;1.65;2.37;-1000.00;-1000.00
4849.655;1305;-0.16;0.84;169.30;-0.44;0.83;193.57;0.65;0.50;461;2;1;5;0.38;0.39;0.38;-0.00;-0.01;0.02;-0.04;0.23;-0.25;0.85;180.04;0.18;0.07;0.011;1.65;2.37;-1000.00;-1000.00
4849.755;1316;-0.20;0.85;171.00;-0.44;0.83;193.57;0.65;0.50;461;2;1;5;0.42;0.39;0.38;-0.01;-0.01;-0.00;0.00;0.24;-0.25;0.85;180.04;0.18;0.07;0.012;1.65;2.37;-1000.00;-1000.00
4849.855;1329;-0.25;0.86;173.56;-0.44;0.83;193.57;0.65;0.50;461;2;1;5;0.45;0.38;0.38;-0.01;-0.01;-0.04;0.07;0.39;-0.25;0.85;180.04;0.18;0.07;0.018;1.65;2.37;-1000.00;-1000.00
4849.945;1335;-0.28;0.86;174.79;-0.44;0.83;193.57;0.65;0.50;461;2;1;5;0.56;0.38;0.38;-0.00;-0.01;0.05;-0.09;0.34;-0.28;0.85;180.78;0.31;0.19;0.009;1.65;2.37;-1000.00;-1000.00
4850.055;1348;-0.32;0.87;178.57;-0.75;0.62;234.67;0.68;0.50;461;3;1;5;0.66;0.38;0.37;-0.01;-0.01;-0.05;0.06;0.60;-0.32;0.85;183.30;0.44;0.31;0.010;1.65;2.37;-1000.00;-1000.00
4850.145;1358;-0.36;0.87;182.35;-0.75;0.62;234.67;0.68;0.50;461;3;1;5;0.64;0.38;0.35;0.02;-0.11;-0.30;-0.41;0.73;-0.34;0.85;184.72;0.49;0.35;0.008;1.65;2.37;-1000.00;-1000.00
4850.255;1366;-0.39;0.87;186.37;-0.75;0.62;234.67;0.68;0.50;461;3;1;5;0.67;0.39;0.37;-0.02;-0.01;-0.12;0.13;0.86;-0.39;0.84;188.68;0.57;0.43;0.011;1.65;2.37;-1000.00;-1000.00
4850.355;1377;-0.43;0.86;191.26;-0.75;0.62;234.67;0.68;0.50;461;3;1;5;0.70;0.39;0.38;0.00;-0.07;-0.41;-0.06;0.86;-0.43;0.83;192.78;0.64;0.49;0.010;1.65;2.37;-1000.00;-1000.00
4850.445;1385;-0.46;0.86;195.06;-0.75;0.62;234.67;0.68;0.50;461;3;1;5;0.68;0.40;0.39;-0.02;-0.00;-0.01;0.00;0.77;-0.46;0.83;195.98;0.65;0.50;0.006;1.65;2.37;-1000.00;-1000.00
4850.555;1396;-0.51;0.85;198.97;-0.75;0.62;234.67;0.68;0.50;461;3;1;5;0.70;0.41;0.41;-0.10;-0.06;-0.16;0.39;0.92;-0.49;0.82;199.22;0.65;0.50;0.007;1.65;2.37;-1000.00;-1000.00
4850.665;1409;-0.56;0.83;204.49;-0.75;0.62;234.67;0.68;0.50;461;3;1;5;0.68;0.41;0.44;-0.03;-0.01;0.19;-0.11;0.56;-0.52;0.80;202.48;0.66;0.50;0.021;1.65;2.37;-1000.00;-1000.00
4850.745;1415;-0.58;0.82;206.95;-0.75;0.62;234.67;0.68;0.50;461;3;1;5;0.73;0.41;0.41;-0.07;-0.01;-0.05;0.04;0.73;-0.56;0.78;207.39;0.66;0.50;0.004;1.65;2.37;-1000.00;-1000.00
4850.855;1428;-0.64;0.80;211.91;-0.75;0.62;234.67;0.68;0.50;461;3;1;5;0.75;0.42;0.45;-0.09;-0.01;-0.06;0.04;0.88;-0.59;0.77;210.69;0.66;0.50;0.011;1.65;2.37;-1000.00;-1000.00
4850.955;1438;-0.68;0.78;216.32;-0.75;0.62;234.67;0.68;0.50;461;3;1;5;0.79;0.42;0.47;-0.10;-0.01;0.07;-0.03;0.70;-0.63;0.74;215.67;0.67;0.50;0.011;1.65;2.37;-1000.00;-1000.00
4851.055;1449;-0.73;0.76;222.37;-0.75;0.62;234.67;0.68;0.50;461;3;1;5;0.79;0.42;0.47;-0.12;-0.01;-0.00;-0.01;0.98;-0.68;0.71;222.36;0.67;0.50;0.012;1.65;2.37;-1000.00;-1000.00
4851.155;1457;-0.76;0.74;227.40;-0.75;0.62;234.67;0.68;0.50;461;3;1;5;0.78;0.42;0.45;-0.16;-0.01;-0.07;0.00;1.28;-0.70;0.68;225.73;0.67;0.50;0.009;1.65;2.37;-1000.00;-1000.00
4851.255;1466;-0.80;0.72;233.09;-0.75;0.62;234.67;0.68;0.50;461;3;1;5;0.77;0.42;0.47;-0.16;-0.01;0.08;-0.01;1.08;-0.73;0.65;230.83;0.68;0.50;0.006;1.65;2.37;-1000.00;-1000.00
4851.355;1476;-0.84;0.69;240.21;-0.75;0.62;234.67;0.68;0.50;461;3;1;5;0.68;0.42;0.46;-0.16;-0.01;-0.07;-0.01;1.18;-0.75;0.62;234.24;0.68;0.50;0.007;1.65;2.37;-1000.00;-1000.00
4851.455;1485;-0.87;0.66;246.06;-0.75;0.62;234.67;0.68;0.50;461;3;1;5;0.61;0.41;0.45;-0.13;-0.01;-0.15;-0.02;1.06;-0.77;0.60;237.63;0.67;0.50;0.012;1.65;2.37;-1000.00;-1000.00
4851.545;1495;-0.89;0.62;250.95;-0.75;0.62;234.67;0.68;0.50;461;3;1;5;0.59;0.40;0.46;-0.10;-0.02;-0.15;0.01;0.85;-0.79;0.56;242.51;0.64;0.50;0.005;1.65;2.37;-1000.00;-1000.00
4851.675;1508;-0.92;0.57;257.38;-0.75;0.62;234.67;0.68;0.50;461;3;1;5;0.47;0.39;0.38;-0.04;-0.09;-0.10;-0.48;0.90;-0.80;0.53;245.63;0.63;0.50;0.029;1.65;2.37;-1000.00;-1000.00
4851.745;1518;-0.93;0.53;260.92;-0.86;0.26;269.43;0.49;0.50;461;4;1;5;0.46;0.37;0.41;-0.05;-0.04;-0.28;0.01;0.61;-0.82;0.49;250.13;0.60;0.50;0.006;1.65;2.37;-1000.00;-1000.00
4851.895;1531;-0.93;0.48;263.97;-0.86;0.11;-98.62;-0.63;0.50;1048;1;1;4;0.33;0.38;0.38;0.01;-0.01;0.10;0.06;0.25;-0.83;0.46;253.00;0.59;0.50;0.047;1.65;2.37;-1000.00;-1000.00
4851.955;1536;-0.94;0.46;264.39;-0.86;0.11;-98.62;-0.63;0.50;1048;1;1;4;0.79;0.38;0.39;-0.01;-0.00;-0.03;-0.01;0.21;-0.85;0.25;-90.00;-0.08;0.06;0.015;1.65;2.37;-1000.00;-1000.00
4852.055;1546;-0.94;0.43;267.02;-0.86;0.11;-98.62;-0.63;0.50;1048;1;1;4;0.61;0.37;0.38;-0.02;-0.01;0.06;0.04;0.98;-0.85;0.25;-90.00;-0.08;0.06;0.016;1.65;2.37;-1000.00;-1000.00
4852.155;1558;-0.95;0.38;274.12;-0.95;-0.15;-115.88;-0.22;0.50;1048;2;1;4;0.21;0.37;0.38;-0.05;-0.01;0.06;0.06;0.85;-0.85;0.25;-90.00;-0.08;0.06;0.019;1.65;2.37;-1000.00;-1000.00
4852.255;1569;-0.94;0.34;275.50;-0.95;-0.15;-115.88;-0.22;0.50;1048;2;1;4;-0.07;0.36;0.37;0.03;-0.08;0.01;-0.51;0.09;-0.85;0.25;-90.00;-0.08;0.06;0.013;1.65;2.37;-1000.00;-1000.00
4852.355;1577;-0.94;0.31;274.31;-0.95;-0.15;-115.88;-0.22;0.50;1048;2;1;4;-0.05;0.35;0.36;0.01;-0.01;0.09;0.09;-0.40;-0.85;0.25;-90.00;-0.08;0.06;0.010;1.65;2.37;-1000.00;-1000.00
4852.455;1586;-0.94;0.28;272.92;-0.95;-0.15;-115.88;-0.22;0.50;1048;2;1;4;-0.02;0.33;0.34;0.00;-0.01;-0.05;-0.04;-0.20;-0.85;0.25;-90.00;-0.08;0.06;0.009;1.65;2.37;-1000.00;-1000.00
4852.555;1596;-0.94;0.25;272.15;-0.95;-0.15;-115.88;-0.22;0.50;1048;2;1;4;-0.02;0.31;0.33;0.00;-0.00;0.01;-0.00;-0.06;-0.85;0.25;-90.00;-0.08;0.06;0.011;1.65;2.37;-1000.00;-1000.00
4852.665;1610;-0.93;0.20;271.78;-0.95;-0.15;-115.88;-0.22;0.50;1048;2;1;4;-0.29;0.30;0.31;-0.00;-0.00;0.00;-0.00;-0.04;-0.85;0.22;-90.81;-0.30;0.24;0.026;1.65;2.37;-1000.00;-1000.00
4852.775;1619;-0.93;0.17;270.42;-0.95;-0.15;-115.88;-0.22;0.50;1048;2;1;4;-0.47;0.30;0.28;0.01;-0.00;-0.01;0.01;-0.29;-0.85;0.18;-93.11;-0.46;0.36;0.025;1.65;2.37;-1000.00;-1000.00
4852.875;1628;-0.93;0.15;268.68;-0.95;-0.15;-115.88;-0.22;0.50;1048;2;1;4;-0.62;0.30;0.30;0.01;-0.01;0.03;-0.02;-0.40;-0.85;0.14;-95.93;-0.56;0.44;0.023;1.65;2.37;-1000.00;-1000.00
4852.955;1638;-0.93;0.12;265.79;-0.95;-0.15;-115.88;-0.22;0.50;1048;2;1;4;-0.64;0.31;0.29;0.02;-0.01;-0.05;0.05;-0.58;-0.86;0.12;-97.82;-0.61;0.48;0.013;1.65;2.37;-1000.00;-1000.00
4853.055;1649;-0.94;0.09;262.68;-0.95;-0.15;-115.88;-0.22;0.50;1048;2;1;4;-0.66;0.32;0.31;-0.00;0.00;0.12;-0.10;-0.44;-0.86;0.08;-102.02;-0.57;0.50;0.012;1.65;2.37;-1000.00;-1000.00
4853.155;1657;-0.94;0.06;259.67;-1.07;-0.39;-114.15;0.31;0.50;1048;3;1;4;-0.60;0.32;0.30;0.05;-0.01;-0.16;0.18;-0.64;-0.87;0.04;-104.82;-0.52;0.50;0.011;1.65;2.37;-1000.00;-1000.00
4853.255;1668;-0.94;0.03;255.40;-1.07;-0.39;-114.15;0.31;0.50;1048;3;1;4;-0.47;0.33;0.32;0.03;-0.00;-0.04;0.02;-0.65;-0.89;0.00;-108.09;-0.46;0.50;0.011;1.65;2.37;-1000.00;-1000.00
4853.355;1676;-0.95;0.00;252.97;-1.07;-0.39;-114.15;0.31;0.50;1048;3;1;4;-0.40;0.33;0.33;-0.00;-0.01;0.06;-0.07;-0.42;-0.89;-0.02;-109.53;-0.43;0.50;0.008;1.65;2.37;-1000.00;-1000.00
4853.445;1686;-0.96;-0.03;251.25;-1.07;-0.39;-114.15;0.31;0.50;1048;3;1;4;-0.37;0.34;0.35;0.02;-0.02;-0.08;0.15;-0.31;-0.90;-0.05;-111.46;-0.38;0.50;0.005;1.65;2.37;-1000.00;-1000.00
4853.545;1695;-0.96;-0.06;250.18;-1.07;-0.39;-114.15;0.31;0.50;1048;3;1;4;-0.35;0.34;0.35;0.01;-0.01;-0.05;0.05;-0.18;-0.92;-0.08;-113.12;-0.33;0.50;0.005;1.65;2.37;-1000.00;-1000.00
4853.655;1705;-0.98;-0.09;249.37;-1.07;-0.39;-114.15;0.31;0.50;1048;3;1;4;-0.34;0.35;0.34;0.00;-0.01;0.03;-0.04;-0.07;-0.93;-0.11;-114.54;-0.28;0.50;0.007;1.65;2.37;-1000.00;-1000.00
4853.755;1718;-0.99;-0.14;248.72;-1.07;-0.39;-114.15;0.31;0.50;1048;3;1;4;-0.30;0.35;0.35;0.01;-0.01;0.03;-0.05;-0.03;-0.94;-0.14;-115.71;-0.23;0.50;0.015;1.65;2.37;-1000.00;-1000.00
4853.855;1728;-1.00;-0.17;248.28;-1.07;-0.39;-114.15;0.31;0.50;1048;3;1;4;-0.27;0.35;0.34;0.04;-0.01;0.01;-0.02;-0.05;-0.96;-0.18;-116.87;-0.14;0.50;0.009;1.65;2.37;-1000.00;-1000.00
4853.955;1737;-1.01;-0.20;248.09;-1.07;-0.39;-114.15;0.31;0.50;1048;3;1;4;-0.24;0.36;0.35;0.01;-0.01;-0.02;0.03;-0.05;-0.98;-0.21;-117.39;-0.08;0.50;0.010;1.65;2.37;-1000.00;-1000.00
4854.055;1747;-1.02;-0.23;247.97;-1.07;-0.39;-114.15;0.31;0.50;1048;3;1;4;-0.18;0.36;0.35;0.00;-0.01;-0.02;0.04;-0.03;-1.00;-0.24;-117.62;-0.02;0.50;0.007;1.65;2.37;-1000.00;-1000.00
4854.155;1756;-1.03;-0.26;248.14;-1.07;-0.39;-114.15;0.31;0.50;1048;3;1;4;-0.13;0.36;0.36;0.00;-0.01;0.03;-0.05;0.12;-1.01;-0.27;-117.56;0.05;0.50;0.005;1.65;2.37;-1000.00;-1000.00
4854.245;1767;-1.05;-0.30;248.73;-1.07;-0.39;-114.15;0.31;0.50;1048;3;1;4;-0.07;0.37;0.36;0.00;-0.01;-0.02;0.02;0.10;-1.03;-0.31;-117.00;0.13;0.50;0.005;1.65;2.37;-1000.00;-1000.00
4854.355;1775;-1.06;-0.32;249.39;-1.14;-0.66;-90.57;0.79;0.50;1048;4;1;4;-0.03;0.37;0.36;-0.00;-0.01;-0.04;0.07;0.12;-1.04;-0.33;-116.52;0.18;0.50;0.006;1.65;2.37;-1000.00;-1000.00
4854.455;1789;-1.08;-0.37;250.70;-1.14;-0.66;-90.57;0.79;0.50;1048;4;1;4;0.06;0.37;0.37;0.01;-0.01;0.01;-0.02;0.17;-1.06;-0.36;-115.55;0.24;0.50;0.012;1.65;2.37;-1000.00;-1000.00
4854.585;1798;-1.09;-0.40;251.71;-1.16;-0.79;-98.62;-0.63;0.50;194;1;1;4;0.12;0.37;0.36;-0.01;-0.01;-0.02;0.03;0.20;-1.07;-0.39;-114.27;0.30;0.50;0.031;1.65;2.37;-1000.00;-1000.00
4854.665;1809;-1.10;-0.44;252.91;-1.16;-0.79;-98.62;-0.63;0.50;194;1;1;4;0.79;0.35;0.37;-0.00;-0.00;0.01;-0.01;0.17;-1.15;-0.65;-90.00;-0.08;0.06;0.018;1.65;2.37;-1000.00;-1000.00
4854.775;1817;-1.11;-0.47;255.53;-1.25;-1.05;-115.88;-0.22;0.50;194;2;1;4;0.79;0.34;0.33;-0.04;-0.01;-0.06;-0.02;1.07;-1.15;-0.65;-90.00;-0.08;0.06;0.030;1.65;2.37;-1000.00;-1000.00
4854.855;1826;-1.12;-0.50;260.67;-1.25;-1.05;-115.88;-0.22;0.50;194;2;1;4;0.47;0.33;0.39;-0.09;-0.09;-0.05;0.38;0.98;-1.15;-0.65;-90.00;-0.08;0.06;0.009;1.65;2.37;-1000.00;-1000.00
4854.955;1836;-1.12;-0.53;264.67;-1.25;-1.05;-115.88;-0.22;0.50;194;2;1;4;0.25;0.33;0.33;-0.00;-0.01;-0.01;-0.03;0.20;-1.15;-0.65;-90.00;-0.08;0.06;0.011;1.65;2.37;-1000.00;-1000.00
4855.045;1847;-1.13;-0.57;264.53;-1.25;-1.05;-115.88;-0.22;0.50;194;2;1;4;0.23;0.32;0.35;0.00;0.00;-0.02;-0.00;-0.05;-1.15;-0.65;-90.00;-0.08;0.06;0.009;1.65;2.37;-1000.00;-1000.00
4855.155;1855;-1.13;-0.59;264.66;-1.25;-1.05;-115.88;-0.22;0.50;194;2;1;4;0.20;0.31;0.30;-0.01;-0.01;-0.02;-0.02;0.01;-1.15;-0.65;-90.00;-0.08;0.06;0.012;1.65;2.37;-1000.00;-1000.00
4855.255;1866;-1.13;-0.63;264.51;-1.25;-1.05;-115.88;-0.22;0.50;194;2;1;4;0.18;0.30;0.30;-0.00;-0.01;0.02;0.01;-0.05;-1.15;-0.65;-90.00;-0.08;0.06;0.011;1.65;2.37;-1000.00;-1000.00
4855.355;1874;-1.14;-0.65;264.34;-1.25;-1.05;-115.88;-0.22;0.50;194;2;1;4;0.17;0.28;0.29;-0.00;-0.01;-0.03;-0.01;-0.05;-1.15;-0.65;-90.00;-0.08;0.06;0.009;1.65;2.37;-1000.00;-1000.00
4855.465;1889;-1.14;-0.69;263.85;-1.25;-1.05;-115.88;-0.22;0.50;194;2;1;4;-0.08;0.28;0.28;-0.00;-0.01;0.02;0.02;-0.07;-1.15;-0.68;-90.81;-0.30;0.24;0.018;1.65;2.37;-1000.00;-1000.00
4855.555;1897;-1.14;-0.71;262.96;-1.25;-1.05;-115.88;-0.22;0.50;194;2;1;4;-0.23;0.28;0.27;0.01;-0.01;-0.05;-0.03;-0.26;-1.15;-0.72;-92.58;-0.43;0.34;0.010;1.65;2.37;-1000.00;-1000.00
4855.675;1907;-1.15;-0.74;261.03;-1.25;-1.05;-115.88;-0.22;0.50;194;2;1;4;-0.30;0.28;0.27;0.00;0.01;0.04;-0.02;-0.32;-1.15;-0.74;-94.37;-0.51;0.40;0.022;1.65;2.37;-1000.00;-1000.00
4855.755;1917;-1.15;-0.77;259.45;-1.25;-1.05;-115.88;-0.22;0.50;194;2;1;4;-0.42;0.29;0.26;0.01;-0.00;-0.00;0.00;-0.28;-1.16;-0.77;-96.83;-0.58;0.46;0.013;1.65;2.37;-1000.00;-1000.00
4855.875;1929;-1.15;-0.80;257.54;-1.25;-1.05;-115.88;-0.22;0.50;194;2;1;4;-0.47;0.29;0.28;0.01;-0.01;0.00;-0.01;-0.32;-1.16;-0.79;-98.90;-0.62;0.50;0.026;1.65;2.37;-1000.00;-1000.00
4855.955;1936;-1.16;-0.82;256.06;-1.25;-1.05;-115.88;-0.22;0.50;194;2;1;4;-0.49;0.30;0.28;0.00;-0.01;-0.02;0.02;-0.34;-1.16;-0.82;-102.02;-0.57;0.50;0.013;1.65;2.37;-1000.00;-1000.00
4856.055;1947;-1.17;-0.85;254.15;-1.25;-1.05;-115.88;-0.22;0.50;194;2;1;4;-0.46;0.31;0.30;0.01;-0.01;0.01;-0.01;-0.27;-1.17;-0.84;-103.92;-0.54;0.50;0.013;1.65;2.37;-1000.00;-1000.00
4856.155;1956;-1.17;-0.88;252.89;-1.37;-1.29;-114.15;0.31;0.50;194;3;1;4;-0.47;0.32;0.30;0.01;-0.00;-0.01;0.02;-0.18;-1.18;-0.88;-106.52;-0.49;0.50;0.011;1.65;2.37;-1000.00;-1000.00
4856.245;1966;-1.18;-0.91;251.65;-1.37;-1.29;-114.15;0.31;0.50;194;3;1;4;-0.48;0.33;0.30;0.01;-0.01;-0.08;0.12;-0.30;-1.19;-0.91;-108.82;-0.44;0.50;0.007;1.65;2.37;-1000.00;-1000.00
4856.355;1976;-1.19;-0.94;250.00;-1.37;-1.29;-114.15;0.31;0.50;194;3;1;4;-0.43;0.34;0.33;0.00;-0.01;0.05;-0.06;-0.27;-1.20;-0.93;-110.20;-0.41;0.50;0.011;1.65;2.37;-1000.00;-1000.00
4856.445;1987;-1.20;-0.97;248.40;-1.37;-1.29;-114.15;0.31;0.50;194;3;1;4;-0.40;0.34;0.33;0.01;-0.01;-0.06;0.09;-0.29;-1.21;-0.96;-112.04;-0.36;0.50;0.006;1.65;2.37;-1000.00;-1000.00
4856.555;1998;-1.22;-1.01;247.01;-1.37;-1.29;-114.15;0.31;0.50;194;3;1;4;-0.34;0.35;0.34;0.00;-0.01;0.08;-0.14;-0.18;-1.22;-0.99;-113.62;-0.31;0.50;0.016;1.65;2.37;-1000.00;-1000.00
4856.645;2007;-1.23;-1.04;246.08;-1.37;-1.29;-114.15;0.31;0.50;194;3;1;4;-0.33;0.36;0.34;0.04;-0.01;0.02;-0.04;-0.10;-1.24;-1.03;-115.34;-0.24;0.50;0.005;1.65;2.37;-1000.00;-1000.00
4856.745;2017;-1.24;-1.07;245.46;-1.37;-1.29;-114.15;0.31;0.50;194;3;1;4;-0.29;0.36;0.35;0.01;-0.01;0.01;-0.01;-0.09;-1.25;-1.06;-116.35;-0.19;0.50;0.006;1.65;2.37;-1000.00;-1000.00
4856.855;2028;-1.26;-1.10;245.10;-1.37;-1.29;-114.15;0.31;0.50;194;3;1;4;-0.24;0.37;0.36;0.01;-0.01;-0.04;0.05;-0.08;-1.27;-1.09;-117.07;-0.12;0.50;0.009;1.65;2.37;-1000.00;-1000.00
4856.945;2036;-1.27;-1.13;245.12;-1.37;-1.29;-114.15;0.31;0.50;194;3;1;4;-0.21;0.38;0.37;0.01;-0.01;0.01;-0.03;0.05;-1.28;-1.12;-117.50;-0.06;0.50;0.004;1.65;2.37;-1000.00;-1000.00
4857.045;2046;-1.28;-1.17;245.40;-1.37;-1.29;-114.15;0.31;0.50;194;3;1;4;-0.16;0.38;0.37;0.01;-0.01;0.01;-0.02;0.07;-1.30;-1.15;-117.63;0.00;0.50;0.004;1.65;2.37;-1000.00;-1000.00
4857.155;2056;-1.30;-1.20;245.81;-1.37;-1.29;-114.15;0.31;0.50;194;3;1;4;-0.09;0.39;0.38;0.01;-0.01;0.01;-0.03;0.11;-1.32;-1.19;-117.34;0.09;0.50;0.013;1.65;2.37;-1000.00;-1000.00
4857.245;2067;-1.31;-1.24;246.50;-1.37;-1.29;-114.15;0.31;0.50;194;3;1;4;-0.03;0.39;0.38;0.00;-0.01;-0.02;0.03;0.12;-1.34;-1.22;-116.78;0.15;0.50;0.005;1.65;2.37;-1000.00;-1000.00
4857.355;2075;-1.33;-1.27;247.29;-1.44;-1.56;-90.57;0.79;0.50;194;4;1;4;0.03;0.40;0.38;0.00;-0.01;-0.02;0.03;0.18;-1.35;-1.25;-115.91;0.22;0.50;0.006;1.65;2.37;-1000.00;-1000.00
4857.455;2086;-1.34;-1.31;248.44;-1.44;-1.56;-90.57;0.79;0.50;194;4;1;4;0.17;0.40;0.38;-0.00;-0.01;-0.03;0.05;0.18;-1.37;-1.29;-114.27;0.30;0.50;0.013;1.65;2.37;-1000.00;-1000.00
4857.615;2104;-1.37;-1.37;251.31;-1.45;-1.55;-90.00;-0.00;0.50;586;0;1;0;0.23;0.39;0.38;-0.01;-0.00;-0.00;-0.00;0.29;-1.38;-1.32;-112.70;0.36;0.50;0.056;1.65;2.37;-1000.00;-1000.00
4857.675;2110;-1.37;-1.39;252.16;-1.45;-1.55;-90.00;-0.00;0.50;586;0;1;0;0.23;0.39;0.38;-0.01;-0.00;-0.02;-0.00;0.23;-1.45;-1.55;-90.00;-0.00;0.50;0.030;1.65;2.37;-1000.00;-1000.00
4857.765;2118;-1.38;-1.41;252.30;-1.45;-1.55;-90.00;-0.00;0.50;586;0;1;0;0.23;0.39;0.10;-0.03;-0.04;-0.25;0.09;-0.12;-1.45;-1.55;-90.00;-0.00;0.50;0.029;1.65;2.37;-1000.00;-1000.00
4857.865;2129;-1.38;-1.41;251.74;-1.45;-1.55;-90.00;-0.00;0.50;586;0;1;0;0.23;0.39;-0.00;0.01;0.00;0.00;0.00;-0.03;-1.45;-1.55;-90.00;-0.00;0.50;0.022;1.65;2.37;-1000.00;-1000.00
4857.975;2137;-1.38;-1.41;251.63;-1.45;-1.55;-90.00;-0.00;0.50;586;0;1;0;0.23;0.39;0.00;0.00;0.00;0.00;0.00;-0.02;-1.45;-1.55;-90.00;-0.00;0.50;0.024;1.65;2.37;-1000.00;-1000.00
4858.065;2146;-1.38;-1.41;251.54;-1.45;-1.55;-90.00;-0.00;0.50;586;0;1;0;0.23;0.39;0.00;-0.00;-0.00;0.00;-0.00;-0.01;-1.45;-1.55;-90.00;-0.00;0.50;0.019;1.65;2.37;-1000.00;-1000.00
4858.165;2157;-1.38;-1.41;251.48;-1.45;-1.55;-90.00;-0.00;0.50;586;0;1;0;0.23;0.39;0.00;-0.00;-0.00;0.00;-0.00;-0.01;-1.45;-1.55;-90.00;-0.00;0.50;0.021;1.65;2.37;-1000.00;-1000.00
4858.295;2170;-1.38;-1.41;251.43;-1.45;-1.55;-90.00;-0.00;0.50;586;0;1;0;0.23;0.39;0.00;0.00;-0.00;0.00;-0.00;-0.00;-1.45;-1.55;-90.00;-0.00;0.50;0.042;1.65;2.37;-1000.00;-1000.00
4858.365;2179;-1.38;-1.41;251.41;-1.45;-1.55;-90.00;-0.00;0.50;586;0;1;0;0.23;0.39;0.00;-0.00;-0.00;0.00;-0.00;-0.00;-1.45;-1.55;-90.00;-0.00;0.50;0.023;1.65;2.37;-1000.00;-1000.00
4858.475;2190;-1.38;-1.41;251.39;-1.45;-1.55;-90.00;-0.00;0.50;586;0;1;0;0.23;0.39;0.00;-0.00;-0.00;0.00;-0.00;-0.00;-1.45;-1.55;-90.00;-0.00;0.50;0.030;1.65;2.37;-1000.00;-1000.00
4858.585;2198;-1.38;-1.41;251.39;-1.45;-1.55;-90.00;-0.00;0.50;586;0;1;0;0.23;0.39;0.00;-0.00;-0.00;0.00;-0.00;-0.00;-1.45;-1.55;-90.00;-0.00;0.50;0.041;1.65;2.37;-1000.00;-1000.00
4858.675;2208;-1.38;-1.41;251.38;-1.45;-1.55;-90.00;-0.00;0.50;586;0;1;0;0.23;0.39;0.00;-0.00;-0.00;0.00;-0.00;-0.00;-1.45;-1.55;-90.00;-0.00;0.50;0.023;1.65;2.37;-1000.00;-1000.00
4858.785;2221;-1.38;-1.41;251.37;-1.45;-1.55;-90.00;-0.00;0.50;586;0;1;0;0.23;0.39;0.00;-0.00;-0.00;0.00;-0.00;-0.00;-1.45;-1.55;-90.00;-0.00;0.50;0.044;1.65;2.37;-1000.00;-1000.00
4858.865;2227;-1.38;-1.41;251.37;-1.45;-1.55;-90.00;-0.00;0.50;586;0;1;0;0.23;0.39;0.00;-0.00;-0.00;0.00;-0.00;-0.00;-1.45;-1.55;-90.00;-0.00;0.50;0.020;1.65;2.37;-1000.00;-1000.00
4858.965;2236;-1.38;-1.41;251.37;-1.45;-1.55;-90.00;-0.00;0.50;586;0;1;0;0.23;0.39;0.00;-0.00;-0.00;0.00;-0.00;-0.00;-1.45;-1.55;-90.00;-0.00;0.50;0.021;1.65;2.37;-1000.00;-1000.00
4859.075;2250;-1.38;-1.41;251.37;-1.45;-1.55;-90.00;-0.00;0.50;586;0;1;0;0.23;0.39;0.00;-0.00;-0.00;0.00;-0.00;-0.00;-1.45;-1.55;-90.00;-0.00;0.50;0.024;1.65;2.37;-1000.00;-1000.00
4859.185;2261;-1.38;-1.41;251.37;-1.45;-1.55;-90.00;-0.00;0.50;586;0;1;0;0.23;0.39;0.00;-0.00;-0.00;0.00;-0.00;-0.00;-1.45;-1.55;-90.00;-0.00;0.50;0.037;1.65;2.37;-1000.00;-1000.00
4859.275;2269;-1.38;-1.41;251.37;-1.45;-1.55;-90.00;-0.00;0.50;586;0;1;0;0.23;0.39;0.00;-0.00;-0.00;0.00;-0.00;-0.00;-1.45;-1.55;-90.00;-0.00;0.50;0.030;1.65;2.37;-1000.00;-1000.00
4859.375;2280;-1.38;-1.41;251.36;-1.45;-1.55;-90.00;-0.00;0.50;586;0;1;0;0.23;0.39;0.00;-0.00;-0.00;0.00;-0.00;-0.00;-1.45;-1.55;-90.00;-0.00;0.50;0.032;1.65;2.37;-1000.00;-1000.00
4859.465;2289;-1.38;-1.41;251.36;-1.45;-1.55;-90.00;-0.00;0.50;586;0;1;0;0.23;0.39;0.00;-0.00;-0.00;0.00;-0.00;-0.00;-1.45;-1.55;-90.00;-0.00;0.50;0.024;1.65;2.37;-1000.00;-1000.00
4859.565;2299;-1.38;-1.41;251.36;-1.45;-1.55;-90.00;-0.00;0.50;586;0;1;0;0.75;0.42;0.00;-0.00;-0.00;0.00;-0.00;-0.00;-1.45;-1.55;-90.00;-0.00;0.50;0.026;1.65;2.37;-1000.00;-1000.00
4859.665;2308;-1.39;-1.43;253.68;-1.45;-1.55;-90.00;-0.00;0.50;586;0;1;0;0.65;0.43;0.35;0.04;-0.03;0.24;-0.07;1.24;-1.45;-1.55;-90.00;-0.00;0.50;0.029;1.66;2.37;-1000.00;-1000.00
4859.775;2318;-1.40;-1.47;260.19;-1.45;-1.55;-90.00;-0.00;0.50;586;0;1;0;0.35;0.45;0.43;-0.01;-0.01;-0.08;-0.05;0.85;-1.45;-1.55;-90.00;-0.00;0.50;0.029;1.66;2.37;-1000.00;-1000.00
4859.865;2326;-1.40;-1.50;263.63;-1.45;-1.55;-90.00;-0.00;0.50;586;0;1;0;0.20;0.45;0.47;-0.02;-0.00;-0.02;-0.00;0.53;-1.45;-1.55;-90.00;-0.00;0.50;0.024;1.66;2.37;-1000.00;-1000.00
4859.985;2341;-1.41;-1.57;265.34;-1.45;-1.79;-90.00;-0.00;0.50;586;1;1;0;0.13;0.45;0.46;0.01;-0.01;0.15;0.09;0.01;-1.45;-1.55;-90.00;-0.00;0.50;0.047;1.66;2.38;-1000.00;-1000.00
4860.055;2345;-1.41;-1.59;265.52;-1.45;-1.79;-90.00;-0.00;0.50;586;1;1;0;0.13;0.46;0.46;-0.02;-0.01;-0.12;-0.08;0.07;-1.45;-1.59;-90.00;-0.00;0.50;0.015;1.66;2.38;-1000.00;-1000.00
4860.165;2359;-1.42;-1.65;265.40;-1.45;-1.79;-90.00;-0.00;0.50;586;1;1;0;0.15;0.46;0.45;-0.01;-0.01;-0.00;0.00;-0.02;-1.45;-1.63;-90.00;-0.00;0.50;0.020;1.66;2.38;-1000.00;-1000.00
4860.265;2370;-1.42;-1.70;265.65;-1.45;-1.79;-90.00;-0.00;0.50;586;1;1;0;0.15;0.46;0.44;-0.01;-0.01;-0.04;-0.02;0.08;-1.45;-1.67;-90.00;-0.00;0.50;0.026;1.66;2.38;-1000.00;-1000.00
4860.375;2378;-1.43;-1.73;265.87;-1.45;-1.79;-90.00;-0.00;0.50;586;1;1;0;0.15;0.46;0.44;-0.00;-0.01;-0.03;-0.03;0.06;-1.45;-1.72;-90.00;-0.00;0.50;0.034;1.66;2.38;-1000.00;-1000.00
4860.475;2388;-1.43;-1.78;266.06;-1.45;-2.03;-90.00;-0.00;0.50;586;2;1;0;0.15;0.46;0.44;-0.00;-0.01;-0.02;-0.02;0.05;-1.45;-1.78;-90.00;-0.00;0.50;0.030;1.66;2.38;-1000.00;-1000.00
4860.555;2397;-1.43;-1.82;266.23;-1.45;-2.03;-90.00;-0.00;0.50;586;2;1;0;0.14;0.46;0.44;-0.00;-0.01;-0.02;-0.02;0.05;-1.45;-1.81;-90.00;-0.00;0.50;0.010;1.66;2.38;-1000.00;-1000.00
4860.655;2407;-1.44;-1.86;266.34;-1.45;-2.03;-90.00;-0.00;0.50;586;2;1;0;0.15;0.46;0.46;-0.01;-0.01;0.06;0.03;-0.02;-1.45;-1.86;-90.00;-0.00;0.50;0.013;1.66;2.38;-1000.00;-1000.00
4860.765;2418;-1.44;-1.91;266.40;-1.45;-2.03;-90.00;-0.00;0.50;586;2;1;0;0.15;0.46;0.46;-0.01;-0.01;0.02;0.01;0.00;-1.45;-1.91;-90.00;-0.00;0.50;0.013;1.66;2.38;-1000.00;-1000.00
4860.865;2426;-1.44;-1.95;266.59;-1.45;-2.03;-90.00;-0.00;0.50;586;2;1;0;0.15;0.47;0.44;-0.01;-0.01;-0.04;-0.03;0.08;-1.45;-1.95;-90.00;-0.00;0.50;0.021;1.66;2.38;-1000.00;-1000.00
4860.955;2440;-1.45;-2.01;266.76;-1.45;-2.26;-90.00;-0.00;0.50;586;3;1;0;0.15;0.46;0.46;-0.00;-0.01;-0.03;-0.02;0.07;-1.45;-1.99;-90.00;-0.00;0.50;0.019;1.66;2.38;-1000.00;-1000.00
4861.045;2444;-1.45;-2.03;266.89;-1.45;-2.26;-90.00;-0.00;0.50;586;3;1;0;0.15;0.47;0.45;-0.01;-0.01;-0.04;-0.03;0.07;-1.45;-2.03;-90.00;-0.00;0.50;0.005;1.66;2.38;-1000.00;-1000.00
4861.155;2455;-1.45;-2.08;266.99;-1.45;-2.26;-90.00;-0.00;0.50;586;3;1;0;0.15;0.47;0.46;-0.00;-0.01;0.06;0.03;-0.03;-1.45;-2.08;-90.00;-0.00;0.50;0.005;1.66;2.38;-1000.00;-1000.00
4861.255;2468;-1.46;-2.14;267.24;-1.45;-2.26;-90.00;-0.00;0.50;586;3;1;0;0.15;0.47;0.45;-0.01;-0.01;-0.03;-0.03;0.05;-1.45;-2.11;-90.00;-0.00;0.50;0.016;1.66;2.38;-1000.00;-1000.00
4861.355;2478;-1.46;-2.18;267.38;-1.45;-2.26;-90.00;-0.00;0.50;586;3;1;0;0.15;0.47;0.45;-0.00;-0.01;-0.02;-0.02;0.04;-1.45;-2.16;-90.00;-0.00;0.50;0.014;1.66;2.38;-1000.00;-1000.00
4861.445;2487;-1.46;-2.22;267.51;-1.45;-2.26;-90.00;-0.00;0.50;586;3;1;0;0.15;0.47;0.45;-0.00;-0.01;-0.02;-0.02;0.04;-1.45;-2.22;-90.00;-0.00;0.50;0.004;1.66;2.38;-1000.00;-1000.00
4861.545;2496;-1.46;-2.27;267.54;-1.45;-2.50;-90.00;0.00;0.50;586;4;1;0;0.15;0.47;0.47;-0.01;-0.01;0.08;0.05;-0.04;-1.45;-2.27;-90.00;-0.00;0.50;0.006;1.66;2.38;-1000.00;-1000.00
4861.645;2506;-1.47;-2.31;267.60;-1.45;-2.50;-90.00;0.00;0.50;586;4;1;0;0.16;0.47;0.46;-0.01;-0.01;0.01;0.01;0.00;-1.45;-2.31;-90.00;-0.00;0.50;0.001;1.66;2.38;-1000.00;-1000.00
4861.755;2517;-1.47;-2.36;267.73;-1.45;-2.50;-90.00;0.00;0.50;586;4;1;0;0.16;0.47;0.47;-0.01;-0.01;0.07;0.04;-0.02;-1.45;-2.37;-90.00;-0.00;0.50;0.005;1.66;2.38;-1000.00;-1000.00
4861.845;2525;-1.47;-2.40;267.94;-1.45;-2.50;-90.00;0.00;0.50;586;4;1;0;0.15;0.47;0.45;-0.01;-0.01;-0.03;-0.02;0.06;-1.45;-2.40;-90.00;-0.00;0.50;0.003;1.66;2.38;-1000.00;-1000.00
4861.945;2534;-1.47;-2.44;267.98;-1.45;-2.50;-90.00;0.00;0.50;586;4;1;0;0.15;0.48;0.47;-0.00;-0.01;-0.03;-0.03;0.03;-1.45;-2.44;-90.00;0.00;0.50;0.002;1.66;2.38;-1000.00;-1000.00
4862.085;2548;-1.48;-2.51;268.25;-1.45;-2.75;-90.00;0.00;-0.50;582;0;1;2;0.15;0.47;0.46;-0.00;-0.01;-0.02;-0.03;0.05;-1.45;-2.49;-90.00;0.00;0.50;0.034;1.66;2.38;-1000.00;-1000.00
4862.205;2561;-1.48;-2.56;268.40;-1.45;-2.45;-90.00;-0.00;0.37;583;0;1;7;-0.01;0.43;0.46;-0.00;-0.01;-0.01;-0.02;0.04;-1.45;-2.55;-90.00;0.00;-0.50;0.033;1.66;2.38;-1000.00;-1000.00
4862.275;2571;-1.48;-2.61;267.38;-1.40;-2.83;-65.10;0.79;0.50;583;1;1;7;0.53;0.42;0.41;0.01;-0.01;-0.03;-0.02;-0.23;-1.45;-2.58;-87.68;0.29;0.42;0.027;1.66;2.38;-1000.00;-1000.00
4862.355;2577;-1.48;-2.63;268.04;-1.40;-2.83;-65.10;0.79;0.50;583;1;1;7;0.65;0.43;0.40;-0.02;-0.01;-0.02;-0.02;0.63;-1.45;-2.63;-85.54;0.38;0.43;0.014;1.66;2.38;-1000.00;-1000.00
4862.485;2590;-1.48;-2.69;274.72;-1.40;-2.83;-65.10;0.79;0.50;583;1;1;7;0.60;0.43;0.43;-0.07;-0.02;-0.14;-0.12;1.14;-1.44;-2.66;-83.63;0.44;0.44;0.045;1.66;2.38;-1000.00;-1000.00
4862.565;2600;-1.48;-2.73;280.08;-1.40;-2.83;-65.10;0.79;0.50;583;1;1;7;0.62;0.43;0.43;-0.03;-0.01;0.11;0.12;0.89;-1.44;-2.71;-79.95;0.54;0.46;0.022;1.66;2.38;-1000.00;-1000.00
4862.675;2609;-1.48;-2.77;284.79;-1.04;-3.07;-3.77;0.79;0.50;583;2;1;7;0.63;0.43;0.41;-0.03;-0.01;-0.11;-0.14;0.94;-1.43;-2.74;-76.90;0.60;0.47;0.024;1.66;2.38;-1000.00;-1000.00
4862.765;2619;-1.47;-2.81;289.36;-1.04;-3.07;-3.77;0.79;0.50;583;2;1;7;0.53;0.43;0.45;-0.00;-0.01;0.18;0.25;0.81;-1.42;-2.77;-73.33;0.67;0.48;0.014;1.66;2.38;-1000.00;-1000.00
4862.855;2628;-1.45;-2.85;293.35;-1.04;-3.07;-3.77;0.79;0.50;583;2;1;7;0.69;0.44;0.43;-0.02;-0.01;-0.03;-0.06;0.66;-1.40;-2.82;-66.91;0.76;0.50;0.009;1.66;2.38;-1000.00;-1000.00
4862.955;2638;-1.44;-2.89;297.20;-1.04;-3.07;-3.77;0.79;0.50;583;2;1;7;0.78;0.45;0.46;-0.02;-0.01;0.07;0.11;0.71;-1.39;-2.85;-62.00;0.79;0.50;0.012;1.66;2.38;-1000.00;-1000.00
4863.055;2647;-1.42;-2.93;302.24;-1.04;-3.07;-3.77;0.79;0.50;583;2;1;7;0.78;0.46;0.46;-0.08;-0.01;-0.07;-0.15;1.09;-1.37;-2.88;-57.04;0.79;0.50;0.010;1.66;2.38;-1000.00;-1000.00
4863.155;2657;-1.40;-2.97;308.13;-1.04;-3.07;-3.77;0.79;0.50;583;2;1;7;0.79;0.47;0.52;-0.07;-0.01;0.06;0.21;1.12;-1.34;-2.93;-49.61;0.79;0.50;0.010;1.66;2.38;-1000.00;-1000.00
4863.255;2666;-1.37;-3.01;314.56;-1.04;-3.07;-3.77;0.79;0.50;583;2;1;7;0.78;0.47;0.52;-0.13;-0.01;0.01;0.03;1.24;-1.31;-2.95;-44.65;0.79;0.50;0.011;1.66;2.38;-1000.00;-1000.00
4863.355;2676;-1.34;-3.06;322.24;-1.04;-3.07;-3.77;0.79;0.50;583;2;1;7;0.72;0.48;0.53;-0.17;-0.01;0.01;0.02;1.33;-1.28;-2.98;-39.70;0.79;0.50;0.015;1.66;2.37;-1000.00;-1000.00
4863.455;2687;-1.31;-3.11;330.71;-1.04;-3.07;-3.77;0.79;0.50;583;2;1;7;0.69;0.48;0.52;-0.20;-0.01;0.01;0.04;1.24;-1.24;-3.01;-32.27;0.79;0.50;0.010;1.66;2.37;-1000.00;-1000.00
4863.555;2695;-1.28;-3.14;336.54;-1.04;-3.07;-3.77;0.79;0.50;583;2;1;7;0.67;0.48;0.52;-0.18;-0.01;-0.02;0.01;1.18;-1.21;-3.03;-27.31;0.79;0.50;0.015;1.66;2.37;-1000.00;-1000.00
4863.675;2710;-1.21;-3.19;347.60;-1.04;-3.07;-3.77;0.79;0.50;583;2;1;7;0.56;0.47;0.50;-0.15;-0.01;0.03;-0.08;1.35;-1.17;-3.04;-22.36;0.79;0.50;0.032;1.66;2.37;-1000.00;-1000.00
4863.765;2719;-1.17;-3.21;353.12;-1.04;-3.07;-3.77;0.79;0.50;583;2;1;7;0.57;0.46;0.52;-0.18;-0.09;-0.40;-0.10;0.94;-1.14;-3.06;-17.40;0.79;0.50;0.022;1.66;2.37;-1000.00;-1000.00
4863.865;2728;-1.13;-3.22;357.83;-1.04;-3.07;-3.77;0.79;0.50;583;2;1;7;0.60;0.45;0.47;-0.11;-0.01;0.05;-0.07;0.97;-1.11;-3.07;-12.44;0.79;0.50;0.018;1.66;2.37;-1000.00;-1000.00
4863.975;2738;-1.08;-3.23;363.07;-0.66;-2.89;54.20;0.73;0.50;583;3;1;7;0.61;0.44;0.47;-0.03;-0.01;-0.12;0.14;0.95;-1.07;-3.07;-7.49;0.79;0.50;0.021;1.66;2.37;-1000.00;-1000.00
4864.055;2748;-1.04;-3.23;369.08;-0.66;-2.89;54.20;0.73;0.50;583;3;1;7;0.16;0.44;0.44;-0.05;-0.01;-0.07;0.08;1.00;-1.05;-3.07;-5.01;0.79;0.50;0.012;1.66;2.38;-1000.00;-1000.00
4864.155;2759;-0.99;-3.22;371.11;-0.66;-2.89;54.20;0.73;0.50;583;3;1;7;0.37;0.44;0.44;0.00;-0.02;0.15;-0.14;-0.00;-1.00;-3.07;2.39;0.78;0.50;0.013;1.66;2.38;-1000.00;-1000.00
4864.245;2767;-0.95;-3.21;371.96;-0.66;-2.89;54.20;0.73;0.50;583;3;1;7;0.54;0.45;0.44;-0.01;-0.01;-0.07;0.06;0.31;-0.96;-3.07;7.26;0.78;0.50;0.005;1.66;2.38;-1000.00;-1000.00
4864.355;2777;-0.91;-3.20;375.37;-0.66;-2.89;54.20;0.73;0.50;583;3;1;7;0.58;0.45;0.43;-0.02;-0.01;0.11;-0.09;0.73;-0.94;-3.07;9.69;0.77;0.50;0.005;1.66;2.38;-1000.00;-1000.00
4864.445;2787;-0.87;-3.19;379.04;-0.66;-2.89;54.20;0.73;0.50;583;3;1;7;0.65;0.45;0.47;-0.01;0.00;-0.20;0.15;0.50;-0.91;-3.06;14.50;0.77;0.50;0.006;1.66;2.38;-1000.00;-1000.00
4864.555;2795;-0.83;-3.18;382.62;-0.66;-2.89;54.20;0.73;0.50;583;3;1;7;0.70;0.46;0.45;-0.06;-0.01;0.19;-0.12;0.85;-0.87;-3.05;19.26;0.76;0.50;0.011;1.66;2.38;-1000.00;-1000.00
4864.655;2805;-0.79;-3.17;387.79;-0.66;-2.89;54.20;0.73;0.50;583;3;1;7;0.72;0.46;0.46;-0.09;-0.01;0.12;-0.07;1.11;-0.84;-3.04;23.98;0.76;0.50;0.006;1.66;2.38;-1000.00;-1000.00
4864.755;2815;-0.74;-3.15;392.56;-0.66;-2.89;54.20;0.73;0.50;583;3;1;7;0.75;0.46;0.51;-0.07;-0.01;0.01;-0.00;0.73;-0.81;-3.02;28.66;0.75;0.50;0.007;1.66;2.38;-1000.00;-1000.00
4864.865;2830;-0.67;-3.11;400.77;-0.66;-2.89;54.20;0.73;0.50;583;3;1;7;0.73;0.45;0.51;-0.13;-0.01;0.03;-0.00;1.04;-0.78;-3.00;33.30;0.75;0.50;0.023;1.66;2.38;-1000.00;-1000.00
4864.955;2838;-0.63;-3.10;405.52;-0.66;-2.89;54.20;0.73;0.50;583;3;1;7;0.75;0.45;0.50;-0.17;-0.01;0.03;0.01;1.18;-0.75;-2.98;37.90;0.75;0.50;0.010;1.66;2.38;-1000.00;-1000.00
4865.055;2849;-0.58;-3.07;412.10;-0.66;-2.89;54.20;0.73;0.50;583;3;1;7;0.77;0.44;0.50;-0.17;-0.01;-0.09;0.02;1.03;-0.71;-2.95;44.71;0.74;0.50;0.008;1.66;2.38;-1000.00;-1000.00
4865.155;2857;-0.55;-3.04;417.91;-0.66;-2.89;54.20;0.73;0.50;583;3;1;7;0.74;0.43;0.47;-0.20;-0.01;0.03;0.02;1.38;-0.68;-2.92;49.20;0.73;0.50;0.009;1.66;2.38;-1000.00;-1000.00
4865.255;2868;-0.51;-3.01;425.32;-0.66;-2.89;54.20;0.73;0.50;583;3;1;7;0.67;0.42;0.49;-0.12;-0.01;-0.11;-0.04;1.12;-0.66;-2.89;53.65;0.73;0.50;0.013;1.66;2.38;-1000.00;-1000.00
4865.345;2876;-0.48;-2.98;430.52;-0.66;-2.89;54.20;0.73;0.50;583;3;1;7;0.58;0.40;0.44;-0.12;-0.01;0.10;0.02;1.02;-0.65;-2.88;55.84;0.72;0.50;0.005;1.66;2.38;-1000.00;-1000.00
4865.445;2886;-0.46;-2.94;434.89;-0.66;-2.89;54.20;0.73;0.50;583;3;1;7;0.55;0.38;0.43;-0.08;-0.00;0.02;-0.00;0.77;-0.63;-2.85;60.01;0.68;0.50;0.008;1.66;2.38;-1000.00;-1000.00
4865.545;2896;-0.45;-2.90;438.57;-0.66;-2.89;54.20;0.73;0.50;583;3;1;7;0.51;0.36;0.40;0.00;-0.01;-0.05;-0.03;0.54;-0.61;-2.81;63.90;0.65;0.50;0.007;1.66;2.38;-1000.00;-1000.00
4865.655;2904;-0.44;-2.87;440.55;-0.66;-2.89;54.20;0.73;0.50;583;3;1;7;0.48;0.35;0.37;0.00;-0.06;0.11;0.25;0.56;-0.60;-2.80;65.74;0.63;0.50;0.007;1.66;2.38;-1000.00;-1000.00
4865.765;2919;-0.43;-2.82;445.06;-0.66;-2.89;54.20;0.73;0.50;583;3;1;7;0.40;0.33;0.34;-0.01;-0.01;0.00;0.00;0.41;-0.59;-2.76;69.23;0.59;0.50;0.018;1.66;2.38;-1000.00;-1000.00
4865.855;2928;-0.43;-2.79;446.65;-0.66;-2.89;54.20;0.73;0.50;583;3;1;7;0.38;0.31;0.32;-0.04;-0.01;0.07;0.05;0.28;-0.58;-2.75;70.88;0.58;0.50;0.011;1.66;2.38;-1000.00;-1000.00
4865.955;2939;-0.42;-2.75;447.99;-0.66;-2.89;54.20;0.73;0.50;583;3;1;7;0.40;0.29;0.30;-0.05;-0.01;0.05;0.04;0.21;-0.57;-2.71;73.98;0.54;0.50;0.010;1.66;2.38;-1000.00;-1000.00
4866.055;2947;-0.42;-2.73;448.73;-0.66;-2.89;54.20;0.73;0.50;583;3;1;7;0.42;0.28;0.30;-0.01;-0.01;-0.13;-0.10;0.15;-0.57;-2.70;75.44;0.52;0.50;0.012;1.66;2.38;-1000.00;-1000.00
4866.155;2958;-0.42;-2.70;450.12;-0.66;-2.89;54.20;0.73;0.50;583;3;1;7;0.42;0.27;0.28;-0.02;-0.01;-0.10;-0.08;0.15;-0.56;-2.66;78.18;0.49;0.50;0.006;1.66;2.38;-1000.00;-1000.00
4866.255;2966;-0.42;-2.68;451.19;-0.66;-2.89;54.20;0.73;0.50;583;3;1;7;0.41;0.26;0.26;-0.04;-0.01;-0.02;-0.01;0.19;-0.56;-2.64;79.47;0.47;0.50;0.014;1.66;2.38;-1000.00;-1000.00
4866.345;2975;-0.41;-2.65;452.20;-0.66;-2.89;54.20;0.73;0.50;583;3;1;7;0.40;0.25;0.26;-0.04;-0.01;0.08;0.06;0.22;-0.55;-2.62;80.70;0.45;0.50;0.004;1.66;2.38;-1000.00;-1000.00
4866.495;2990;-0.41;-2.62;453.59;-0.55;-2.45;90.00;-0.00;0.50;996;0;1;0;0.39;0.24;0.23;-0.01;-0.01;0.03;0.03;0.13;-0.55;-2.61;81.87;0.44;0.50;0.044;1.66;2.38;-1000.00;-1000.00
4866.585;2999;-0.41;-2.59;454.06;-0.55;-2.45;90.00;-0.00;0.50;996;0;1;0;0.13;0.27;0.22;-0.01;-0.01;0.05;0.04;0.15;-0.55;-2.45;90.00;-0.00;0.50;0.043;1.66;2.38;-1000.00;-1000.00
4866.675;3009;-0.42;-2.57;453.69;-0.55;-2.45;90.00;-0.00;0.50;996;0;1;0;0.15;0.29;0.26;0.01;-0.01;-0.08;-0.07;-0.21;-0.55;-2.45;90.00;-0.00;0.50;0.027;1.66;2.38;-1000.00;-1000.00
4866.785;3017;-0.42;-2.55;453.02;-0.55;-2.45;90.00;-0.00;0.50;996;0;1;0;0.17;0.31;0.28;-0.00;-0.01;-0.04;-0.03;-0.14;-0.55;-2.45;90.00;-0.00;0.50;0.035;1.66;2.38;-1000.00;-1000.00
4866.875;3028;-0.42;-2.52;452.60;-0.55;-2.45;90.00;-0.00;0.50;996;0;1;0;0.19;0.33;0.30;-0.01;-0.01;0.02;0.02;-0.02;-0.55;-2.45;90.00;-0.00;0.50;0.028;1.66;2.38;-1000.00;-1000.00
4866.965;3036;-0.42;-2.49;452.57;-0.55;-2.45;90.00;-0.00;0.50;996;0;1;0;0.19;0.34;0.32;-0.00;-0.01;0.05;0.04;0.05;-0.55;-2.45;90.00;-0.00;0.50;0.019;1.66;2.38;-1000.00;-1000.00
4867.085;3052;-0.42;-2.44;452.90;-0.55;-2.45;90.00;-0.00;0.50;996;0;1;0;0.17;0.35;0.33;-0.00;-0.01;0.05;0.04;0.09;-0.55;-2.45;90.00;-0.00;0.50;0.040;1.66;2.38;-1000.00;-1000.00
4867.165;3056;-0.42;-2.43;453.00;-0.55;-2.45;90.00;-0.00;0.50;996;0;1;0;0.17;0.36;0.33;-0.01;-0.01;0.04;0.03;0.04;-0.55;-2.43;90.00;-0.00;0.50;0.021;1.66;2.38;-1000.00;-1000.00
4867.275;3067;-0.42;-2.39;452.98;-0.55;-2.45;90.00;-0.00;0.50;996;0;1;0;0.16;0.36;0.35;0.00;-0.01;-0.05;-0.04;-0.03;-0.55;-2.39;90.00;-0.00;0.50;0.028;1.66;2.38;-1000.00;-1000.00
4867.375;3081;-0.42;-2.34;453.13;-0.55;-2.45;90.00;-0.00;0.50;996;0;1;0;0.15;0.37;0.35;-0.01;-0.01;0.02;0.02;0.03;-0.55;-2.35;90.00;-0.00;0.50;0.030;1.66;2.38;-1000.00;-1000.00
4867.485;3090;-0.43;-2.31;453.14;-0.55;-2.45;90.00;-0.00;0.50;996;0;1;0;0.15;0.37;0.35;-0.00;-0.01;0.01;0.02;0.02;-0.55;-2.32;90.00;-0.00;0.50;0.033;1.66;2.38;-1000.00;-1000.00
4867.585;3101;-0.43;-2.27;453.15;-0.55;-2.45;90.00;-0.00;0.50;996;0;1;0;0.14;0.38;0.36;-0.00;-0.01;0.01;0.02;0.02;-0.55;-2.29;90.00;-0.00;0.50;0.040;1.66;2.38;-1000.00;-1000.00
4867.695;3109;-0.43;-2.24;453.16;-0.55;-2.21;90.00;-0.00;0.50;996;1;1;0;0.14;0.38;0.36;-0.00;-0.01;0.01;0.02;0.01;-0.55;-2.26;90.00;-0.00;0.50;0.050;1.66;2.38;-1000.00;-1000.00
4867.775;3118;-0.43;-2.21;453.16;-0.55;-2.21;90.00;-0.00;0.50;996;1;1;0;0.14;0.38;0.36;-0.00;-0.01;0.01;0.02;0.01;-0.55;-2.22;90.00;-0.00;0.50;0.028;1.66;2.38;-1000.00;-1000.00
4867.865;3128;-0.43;-2.17;453.16;-0.55;-2.21;90.00;-0.00;0.50;996;1;1;0;0.13;0.39;0.37;-0.00;-0.01;0.01;0.02;0.01;-0.55;-2.19;90.00;-0.00;0.50;0.023;1.66;2.38;-1000.00;-1000.00
4867.965;3136;-0.43;-2.14;453.16;-0.55;-2.21;90.00;-0.00;0.50;996;1;1;0;0.13;0.39;0.37;-0.00;-0.01;0.01;0.02;0.01;-0.55;-2.14;90.00;-0.00;0.50;0.016;1.66;2.38;-1000.00;-1000.00
4868.085;3151;-0.44;-2.08;453.17;-0.55;-2.21;90.00;-0.00;0.50;996;1;1;0;0.12;0.40;0.38;-0.00;-0.01;0.01;0.02;0.01;-0.55;-2.10;90.00;-0.00;0.50;0.035;1.66;2.38;-1000.00;-1000.00
4868.165;3159;-0.44;-2.05;453.16;-0.55;-1.97;90.00;-0.00;0.50;996;2;1;0;0.12;0.40;0.38;-0.00;-0.01;0.01;0.02;0.01;-0.55;-2.07;90.00;-0.00;0.50;0.019;1.66;2.38;-1000.00;-1000.00
4868.255;3166;-0.44;-2.03;453.15;-0.55;-1.97;90.00;-0.00;0.50;996;2;1;0;0.12;0.40;0.39;-0.00;-0.01;0.01;0.02;0.01;-0.55;-2.03;90.00;-0.00;0.50;0.009;1.66;2.38;-1000.00;-1000.00
4868.365;3179;-0.44;-1.98;453.14;-0.55;-1.97;90.00;-0.00;0.50;996;2;1;0;0.11;0.41;0.39;-0.00;-0.01;0.02;0.02;0.01;-0.55;-1.99;90.00;-0.00;0.50;0.020;1.66;2.38;-1000.00;-1000.00
4868.455;3189;-0.44;-1.94;453.13;-0.55;-1.97;90.00;-0.00;0.50;996;2;1;0;0.11;0.41;0.39;-0.00;-0.01;0.02;0.02;0.00;-0.55;-1.96;90.00;-0.00;0.50;0.015;1.66;2.38;-1000.00;-1000.00
4868.555;3198;-0.44;-1.90;453.10;-0.55;-1.97;90.00;-0.00;0.50;996;2;1;0;0.11;0.41;0.40;-0.00;-0.01;0.02;0.02;0.00;-0.55;-1.92;90.00;-0.00;0.50;0.016;1.66;2.38;-1000.00;-1000.00
4868.655;3209;-0.45;-1.86;453.08;-0.55;-1.74;90.00;-0.00;0.50;996;3;1;0;0.10;0.42;0.40;-0.00;-0.01;0.02;0.02;0.00;-0.55;-1.86;90.00;-0.00;0.50;0.015;1.66;2.38;-1000.00;-1000.00
4868.755;3217;-0.45;-1.83;453.06;-0.55;-1.74;90.00;-0.00;0.50;996;3;1;0;0.10;0.42;0.40;-0.00;-0.01;0.02;0.02;0.00;-0.55;-1.82;90.00;-0.00;0.50;0.009;1.66;2.38;-1000.00;-1000.00
4868.855;3226;-0.45;-1.79;453.05;-0.55;-1.74;90.00;-0.00;0.50;996;3;1;0;0.10;0.42;0.41;-0.00;-0.01;0.02;0.01;0.00;-0.55;-1.79;90.00;-0.00;0.50;0.012;1.66;2.38;-1000.00;-1000.00
4868.955;3235;-0.45;-1.75;453.03;-0.55;-1.74;90.00;-0.00;0.50;996;3;1;0;0.09;0.43;0.41;-0.00;-0.01;0.02;0.01;-0.00;-0.55;-1.75;90.00;-0.00;0.50;0.009;1.66;2.38;-1000.00;-1000.00
4869.045;3245;-0.45;-1.71;453.01;-0.55;-1.74;90.00;-0.00;0.50;996;3;1;0;0.09;0.43;0.42;-0.00;-0.01;0.02;0.01;-0.00;-0.55;-1.72;90.00;-0.00;0.50;0.005;1.66;2.38;-1000.00;-1000.00
4869.155;3255;-0.45;-1.67;453.00;-0.55;-1.74;90.00;-0.00;0.50;996;3;1;0;0.09;0.43;0.42;-0.00;-0.01;0.02;0.02;0.01;-0.55;-1.67;90.00;-0.00;0.50;0.007;1.66;2.38;-1000.00;-1000.00
4869.255;3269;-0.46;-1.61;452.98;-0.55;-1.50;90.00;0.00;0.50;996;4;1;0;0.08;0.43;0.42;-0.00;-0.01;0.01;0.01;0.00;-0.55;-1.63;90.00;-0.00;0.50;0.012;1.66;2.38;-1000.00;-1000.00
4869.345;3275;-0.46;-1.59;452.96;-0.55;-1.50;90.00;0.00;0.50;996;4;1;0;0.08;0.44;0.42;-0.00;-0.01;0.01;0.01;-0.00;-0.55;-1.60;90.00;-0.00;0.50;0.002;1.66;2.38;-1000.00;-1000.00
4869.445;3288;-0.46;-1.53;452.88;-0.55;-1.50;90.00;0.00;0.50;996;4;1;0;0.08;0.44;0.42;-0.00;-0.00;0.02;0.01;-0.00;-0.55;-1.54;90.00;0.00;0.50;0.003;1.66;2.38;-1000.00;-1000.00
4869.545;3297;-0.46;-1.49;452.85;-0.55;-1.50;90.00;0.00;0.50;996;4;1;0;0.07;0.44;0.43;-0.00;-0.00;0.01;0.01;-0.00;-0.55;-1.49;90.00;0.00;0.50;0.002;1.66;2.38;-1000.00;-1000.00
4869.675;3308;-0.46;-1.45;452.83;-0.55;-1.14;84.96;-0.49;0.50;1000;1;1;6;0.07;0.44;0.43;-0.00;-0.00;0.01;0.01;-0.00;-0.55;-1.45;90.00;0.00;0.50;0.031;1.66;2.38;-1000.00;-1000.00
4869.755;3316;-0.47;-1.41;452.80;-0.55;-1.14;84.96;-0.49;0.50;1000;1;1;6;0.25;0.45;0.43;-0.00;-0.00;0.01;0.01;-0.00;-0.55;-1.25;90.00;-0.05;0.05;0.019;1.66;2.38;-1000.00;-1000.00
4869.865;3326;-0.47;-1.37;453.39;-0.49;-0.93;63.79;-0.75;0.50;1000;2;1;6;0.15;0.45;0.43;-0.01;-0.01;0.01;0.02;0.31;-0.55;-1.25;90.00;-0.05;0.05;0.019;1.66;2.38;-1000.00;-1000.00
4869.985;3341;-0.47;-1.30;454.68;-0.49;-0.93;63.79;-0.75;0.50;1000;2;1;6;-0.03;0.44;0.43;-0.01;-0.01;0.03;0.03;0.06;-0.55;-1.25;90.00;-0.05;0.05;0.038;1.66;2.38;-1000.00;-1000.00
4870.055;3345;-0.47;-1.28;454.54;-0.49;-0.93;63.79;-0.75;0.50;1000;2;1;6;-0.07;0.43;0.44;0.00;-0.01;-0.05;-0.04;-0.18;-0.55;-1.25;90.00;-0.05;0.05;0.010;1.66;2.38;-1000.00;-1000.00
4870.175;3360;-0.48;-1.22;452.26;-0.49;-0.93;63.79;-0.75;0.50;1000;2;1;6;-0.25;0.41;0.42;0.01;-0.01;0.04;0.02;-0.24;-0.55;-1.24;89.89;-0.15;0.15;0.027;1.66;2.38;-1000.00;-1000.00
4870.275;3368;-0.48;-1.19;450.64;-0.36;-0.77;37.77;-0.70;0.50;1000;3;1;6;-0.40;0.41;0.40;0.02;-0.00;0.00;-0.02;-0.39;-0.55;-1.20;88.64;-0.32;0.33;0.029;1.66;2.38;-1000.00;-1000.00
4870.355;3379;-0.48;-1.14;448.06;-0.36;-0.77;37.77;-0.70;0.50;1000;3;1;6;-0.59;0.41;0.41;0.01;-0.01;-0.04;0.03;-0.45;-0.55;-1.16;86.25;-0.44;0.45;0.013;1.66;2.38;-1000.00;-1000.00
4870.455;3387;-0.48;-1.11;444.69;-0.36;-0.77;37.77;-0.70;0.50;1000;3;1;6;-0.64;0.41;0.39;0.00;-0.09;-0.03;-0.51;-0.99;-0.54;-1.11;82.31;-0.53;0.50;0.006;1.66;2.38;-1000.00;-1000.00
4870.565;3396;-0.48;-1.07;440.12;-0.16;-0.67;16.78;-0.54;0.50;1000;4;1;6;-0.63;0.41;0.42;0.00;-0.00;-0.12;0.11;-0.83;-0.54;-1.06;78.61;-0.58;0.50;0.015;1.66;2.38;-1000.00;-1000.00
4870.645;3406;-0.47;-1.03;434.93;-0.16;-0.67;16.78;-0.54;0.50;1000;4;1;6;-0.67;0.41;0.40;0.01;-0.01;0.07;-0.12;-0.77;-0.52;-1.02;74.46;-0.64;0.50;0.002;1.66;2.38;-1000.00;-1000.00
4870.745;3415;-0.46;-1.00;430.42;-0.16;-0.67;16.78;-0.54;0.50;1000;4;1;6;-0.72;0.41;0.42;0.02;-0.05;-0.04;-0.27;-0.99;-0.51;-0.98;69.81;-0.69;0.50;0.002;1.66;2.38;-1000.00;-1000.00
4870.845;3425;-0.45;-0.96;425.12;-0.16;-0.67;16.78;-0.54;0.50;1000;4;1;6;-0.79;0.42;0.46;0.03;-0.01;-0.04;0.08;-0.76;-0.49;-0.93;63.24;-0.75;0.50;0.002;1.66;2.38;-1000.00;-1000.00
4870.945;3436;-0.43;-0.91;419.55;-0.16;-0.67;16.78;-0.54;0.50;1000;4;1;6;-0.79;0.42;0.44;0.10;-0.01;0.08;-0.13;-1.05;-0.46;-0.88;56.41;-0.73;0.50;0.003;1.66;2.38;-1000.00;-1000.00
4871.055;3446;-0.41;-0.86;414.44;-0.16;-0.67;16.78;-0.54;0.50;1000;4;1;6;-0.79;0.43;0.50;0.08;-0.01;-0.05;0.15;-0.89;-0.44;-0.86;52.40;-0.73;0.50;0.002;1.66;2.38;-1000.00;-1000.00
4871.145;3458;-0.39;-0.81;406.90;0.05;-0.64;0.57;-0.47;0.50;1000;5;1;6;-0.79;0.43;0.48;0.16;-0.01;0.02;-0.07;-1.25;-0.39;-0.80;43.31;-0.71;0.50;0.002;1.66;2.38;-1000.00;-1000.00
4871.255;3468;-0.36;-0.76;400.56;0.05;-0.64;0.57;-0.47;0.50;1000;5;1;6;-0.75;0.44;0.50;0.18;-0.01;-0.02;0.06;-1.11;-0.38;-0.78;40.77;-0.70;0.50;0.007;1.66;2.38;-1000.00;-1000.00
4871.345;3478;-0.33;-0.72;393.65;0.05;-0.64;0.57;-0.47;0.50;1000;5;1;6;-0.72;0.44;0.48;0.20;-0.01;-0.02;-0.01;-1.19;-0.32;-0.75;33.42;-0.67;0.50;0.002;1.66;2.38;-1000.00;-1000.00
