t;frame;x;y;z;x_ref;y_ref;z_ref;delta_ref;u_ref;state;ellipse;control;action;delta;u;vx;vy;vz;wx;wy;wz;xr;yr;zr;delr;ur
1190.135;15;1.01;-2.18;90.12;0.96;-2.06;90.00;-0.00;0.50;426;1;1;0;0.10;0.02;0.01;-0.02;-0.06;0.10;-0.27;0.00;0.96;-2.18;90.00;-0.00;0.50;0.063
1190.185;20;1.01;-2.18;90.15;0.96;-2.06;90.00;-0.00;0.50;426;1;1;0;0.10;0.05;0.00;-0.01;-0.00;-0.05;0.03;0.00;0.96;-2.18;90.00;-0.00;0.50;0.011
1190.295;29;1.01;-2.18;90.29;0.96;-2.06;90.00;-0.00;0.50;426;1;1;0;0.10;0.07;0.04;-0.01;0.00;0.00;-0.01;0.03;0.96;-2.18;90.00;-0.00;0.50;0.013
1190.385;39;1.01;-2.17;90.43;0.96;-2.06;90.00;-0.00;0.50;426;1;1;0;0.09;0.09;0.07;0.00;0.00;-0.01;0.00;0.02;0.96;-2.17;90.00;-0.00;0.50;0.017
1190.485;47;1.01;-2.16;90.54;0.96;-2.06;90.00;-0.00;0.50;426;1;1;0;0.08;0.11;0.09;0.00;0.00;-0.00;0.00;0.02;0.96;-2.16;90.00;-0.00;0.50;0.012
1190.585;58;1.01;-2.15;90.66;0.96;-2.06;90.00;-0.00;0.50;426;1;1;0;0.08;0.13;0.11;0.00;-0.00;-0.05;0.03;0.01;0.96;-2.15;90.00;-0.00;0.50;0.017
1190.675;66;1.01;-2.14;90.72;0.96;-2.06;90.00;-0.00;0.50;426;1;1;0;0.08;0.14;0.13;-0.00;-0.00;-0.04;0.02;0.01;0.96;-2.14;90.00;-0.00;0.50;0.007
1190.785;80;1.01;-2.12;90.82;0.96;-2.06;90.00;-0.00;0.50;426;1;1;0;0.07;0.16;0.14;0.00;-0.00;-0.04;0.02;0.01;0.96;-2.13;90.00;-0.00;0.50;0.015
1190.885;89;1.01;-2.11;90.88;0.96;-2.06;90.00;-0.00;0.50;426;1;1;0;0.07;0.18;0.16;-0.00;0.00;0.03;-0.01;0.01;0.96;-2.12;90.00;-0.00;0.50;0.013
1190.985;98;1.01;-2.09;90.94;0.96;-2.06;90.00;-0.00;0.50;426;1;1;0;0.06;0.19;0.17;0.00;-0.00;-0.03;0.02;0.01;0.96;-2.09;90.00;-0.00;0.50;0.011
1191.095;108;1.01;-2.08;91.01;0.94;-1.60;103.50;0.54;0.50;427;1;1;4;0.06;0.21;0.19;0.00;-0.00;-0.03;0.02;0.01;0.96;-2.08;90.00;-0.00;0.50;0.014
1191.185;117;1.01;-2.06;91.07;0.94;-1.60;103.50;0.54;0.50;427;1;1;4;-0.37;0.22;0.21;-0.00;0.00;0.03;-0.01;0.01;0.96;-1.85;90.00;0.07;0.06;0.012
1191.285;127;1.01;-2.04;90.06;0.94;-1.60;103.50;0.54;0.50;427;1;1;4;-0.28;0.24;0.21;0.01;0.00;-0.06;-0.03;-0.34;0.96;-1.85;90.00;0.07;0.06;0.010
1191.385;135;1.00;-2.02;88.71;0.94;-1.60;103.50;0.54;0.50;427;1;1;4;-0.18;0.25;0.24;0.01;0.00;-0.01;-0.00;-0.23;0.96;-1.85;90.00;0.07;0.06;0.008
1191.485;146;1.01;-1.99;87.72;0.94;-1.60;103.50;0.54;0.50;427;1;1;4;-0.08;0.26;0.25;-0.00;-0.00;0.00;-0.00;-0.08;0.96;-1.85;90.00;0.07;0.06;0.010
1191.585;159;1.01;-1.96;87.67;0.94;-1.60;103.50;0.54;0.50;427;1;1;4;-0.00;0.26;0.26;0.00;-0.00;0.00;-0.00;0.04;0.96;-1.85;90.00;0.07;0.06;0.008
1191.685;169;1.01;-1.93;88.18;0.94;-1.60;103.50;0.54;0.50;427;1;1;4;0.04;0.26;0.26;-0.00;-0.00;0.00;-0.00;0.10;0.96;-1.85;90.00;0.07;0.06;0.009
1191.785;177;1.01;-1.91;88.68;0.94;-1.60;103.50;0.54;0.50;427;1;1;4;0.06;0.26;0.26;-0.00;-0.00;-0.00;0.00;0.11;0.96;-1.85;90.00;0.07;0.06;0.013
1191.875;187;1.01;-1.89;89.32;0.94;-1.60;103.50;0.54;0.50;427;1;1;4;0.09;0.26;0.26;-0.00;-0.01;-0.05;-0.03;0.12;0.96;-1.85;90.00;0.07;0.06;0.007
1191.985;197;1.01;-1.86;89.93;0.94;-1.60;103.50;0.54;0.50;427;1;1;4;0.12;0.25;0.25;0.00;0.00;-0.01;0.01;0.09;0.96;-1.85;90.00;0.07;0.06;0.010
1192.095;210;1.01;-1.83;90.58;0.94;-1.60;103.50;0.54;0.50;427;1;1;4;0.23;0.24;0.25;-0.00;0.00;-0.01;0.00;0.10;0.96;-1.83;90.27;0.16;0.15;0.014
1192.185;216;1.01;-1.81;91.11;0.94;-1.60;103.50;0.54;0.50;427;1;1;4;0.28;0.24;0.24;-0.00;0.00;0.00;0.00;0.20;0.96;-1.81;90.86;0.23;0.21;0.009
1192.295;229;1.01;-1.78;92.53;0.94;-1.60;103.50;0.54;0.50;427;1;1;4;0.32;0.24;0.24;0.00;-0.00;0.00;0.00;0.18;0.96;-1.79;91.64;0.28;0.26;0.021
1192.385;239;1.01;-1.76;93.56;0.94;-1.60;103.50;0.54;0.50;427;1;1;4;0.37;0.24;0.24;-0.00;-0.01;0.00;0.00;0.18;0.96;-1.76;92.77;0.33;0.30;0.010
1192.485;248;1.01;-1.73;94.57;0.94;-1.60;103.50;0.54;0.50;427;1;1;4;0.43;0.25;0.24;-0.01;-0.01;-0.00;-0.01;0.21;0.96;-1.73;94.33;0.38;0.35;0.012
1192.585;259;1.01;-1.71;96.01;0.94;-1.60;103.50;0.54;0.50;427;1;1;4;0.47;0.25;0.25;-0.00;-0.01;-0.07;-0.07;0.22;0.96;-1.71;95.64;0.41;0.38;0.013
1192.685;267;1.00;-1.69;97.40;0.94;-1.60;103.50;0.54;0.50;427;1;1;4;0.48;0.26;0.25;-0.04;-0.01;0.02;0.03;0.31;0.96;-1.70;96.39;0.43;0.39;0.015
1192.795;281;1.00;-1.65;99.72;0.94;-1.60;103.50;0.54;0.50;427;1;1;4;0.51;0.26;0.25;-0.01;-0.01;0.03;0.03;0.27;0.95;-1.67;98.07;0.46;0.42;0.019
1192.895;290;1.00;-1.63;101.07;0.94;-1.60;103.50;0.54;0.50;427;1;1;4;0.57;0.27;0.29;-0.04;-0.04;0.30;0.08;0.44;0.95;-1.65;100.02;0.49;0.45;0.018
1192.995;300;0.99;-1.60;103.47;0.65;-1.19;145.14;0.53;0.50;427;2;1;4;0.55;0.28;0.27;-0.00;-0.01;-0.03;-0.03;0.41;0.94;-1.63;101.11;0.51;0.47;0.023
1193.095;310;0.99;-1.58;105.63;0.65;-1.19;145.14;0.53;0.50;427;2;1;4;0.52;0.29;0.25;0.01;-0.09;-0.16;0.45;0.52;0.94;-1.60;103.50;0.54;0.50;0.014
1193.185;319;0.98;-1.55;107.63;0.65;-1.19;145.14;0.53;0.50;427;2;1;4;0.53;0.30;0.28;-0.00;-0.01;-0.04;-0.04;0.33;0.93;-1.57;106.06;0.54;0.50;0.010
1193.285;329;0.97;-1.52;109.65;0.65;-1.19;145.14;0.53;0.50;427;2;1;4;0.53;0.30;0.28;-0.02;-0.01;0.09;0.13;0.44;0.92;-1.56;107.33;0.54;0.50;0.012
1193.385;338;0.96;-1.50;111.69;0.65;-1.19;145.14;0.53;0.50;427;2;1;4;0.55;0.30;0.29;-0.00;-0.01;-0.04;-0.05;0.36;0.91;-1.52;111.15;0.54;0.50;0.010
1193.485;348;0.95;-1.47;113.82;0.65;-1.19;145.14;0.53;0.50;427;2;1;4;0.55;0.30;0.28;-0.01;-0.01;0.07;0.11;0.44;0.90;-1.50;112.42;0.54;0.50;0.008
1193.585;356;0.94;-1.45;115.68;0.65;-1.19;145.14;0.53;0.50;427;2;1;4;0.56;0.30;0.29;0.00;-0.01;-0.04;-0.07;0.37;0.89;-1.47;114.96;0.54;0.50;0.011
1193.685;366;0.93;-1.42;117.66;0.65;-1.19;145.14;0.53;0.50;427;2;1;4;0.58;0.30;0.27;-0.02;-0.01;0.05;0.08;0.44;0.88;-1.45;117.50;0.54;0.50;0.010
1193.775;377;0.92;-1.40;120.15;0.65;-1.19;145.14;0.53;0.50;427;2;1;4;0.59;0.30;0.31;-0.00;-0.01;-0.06;-0.15;0.32;0.86;-1.42;120.03;0.54;0.50;0.007
1193.875;385;0.90;-1.38;121.83;0.65;-1.19;145.14;0.53;0.50;427;2;1;4;0.59;0.30;0.29;-0.02;-0.01;0.01;0.03;0.34;0.85;-1.40;121.29;0.54;0.50;0.005
1193.995;400;0.88;-1.33;124.61;0.65;-1.19;145.14;0.53;0.50;427;2;1;4;0.62;0.30;0.31;-0.03;-0.01;0.01;0.01;0.29;0.84;-1.38;123.82;0.54;0.50;0.015
1194.085;409;0.87;-1.31;126.47;0.65;-1.19;145.14;0.53;0.50;427;2;1;4;0.65;0.30;0.30;-0.06;-0.01;0.03;0.08;0.53;0.82;-1.35;126.34;0.54;0.50;0.010
1194.175;419;0.85;-1.28;128.77;0.65;-1.19;145.14;0.53;0.50;427;2;1;4;0.65;0.30;0.33;-0.05;-0.01;-0.02;-0.13;0.38;0.81;-1.34;127.60;0.54;0.50;0.007
1194.275;428;0.84;-1.26;131.15;0.65;-1.19;145.14;0.53;0.50;427;2;1;4;0.68;0.30;0.32;-0.06;-0.01;0.04;0.08;0.54;0.78;-1.30;131.38;0.54;0.50;0.005
1194.375;438;0.82;-1.23;133.94;0.65;-1.19;145.14;0.53;0.50;427;2;1;4;0.68;0.30;0.33;-0.06;-0.01;-0.00;-0.06;0.41;0.76;-1.28;133.89;0.54;0.50;0.005
1194.485;447;0.81;-1.20;136.60;0.17;-1.05;179.43;0.38;0.50;427;3;1;4;0.66;0.30;0.33;-0.08;-0.01;0.01;-0.03;0.48;0.75;-1.27;135.14;0.54;0.50;0.009
1194.585;457;0.79;-1.18;139.79;0.17;-1.05;179.43;0.38;0.50;427;3;1;4;0.54;0.30;0.31;-0.07;-0.01;0.01;0.07;0.53;0.73;-1.25;137.65;0.53;0.50;0.006
1194.685;465;0.77;-1.16;141.48;0.17;-1.05;179.43;0.38;0.50;427;3;1;4;0.57;0.30;0.32;-0.04;-0.01;-0.00;-0.13;0.25;0.70;-1.23;140.15;0.53;0.50;0.005
1194.785;480;0.74;-1.12;144.25;0.17;-1.05;179.43;0.38;0.50;427;3;1;4;0.57;0.30;0.31;-0.05;-0.01;0.04;0.08;0.42;0.69;-1.22;141.40;0.53;0.50;0.011
1194.875;485;0.73;-1.11;145.34;0.17;-1.05;179.43;0.38;0.50;427;3;1;4;0.60;0.30;0.29;-0.04;-0.01;-0.01;0.07;0.37;0.67;-1.20;143.89;0.53;0.50;0.005
1194.985;499;0.70;-1.09;148.19;0.17;-1.05;179.43;0.38;0.50;427;3;1;4;0.61;0.30;0.29;-0.01;-0.01;-0.01;0.06;0.42;0.64;-1.18;146.38;0.53;0.50;0.010
1195.085;508;0.67;-1.07;150.14;0.17;-1.05;179.43;0.38;0.50;427;3;1;4;0.61;0.30;0.32;-0.02;-0.00;-0.01;0.02;0.43;0.62;-1.17;148.82;0.52;0.50;0.008
1195.185;518;0.65;-1.06;153.43;0.17;-1.05;179.43;0.38;0.50;427;3;1;4;0.57;0.30;0.31;-0.02;-0.01;0.06;-0.30;0.58;0.59;-1.15;151.21;0.51;0.50;0.005
1195.285;528;0.62;-1.04;156.61;0.17;-1.05;179.43;0.38;0.50;427;3;1;4;0.51;0.30;0.30;-0.02;-0.01;0.01;-0.04;0.40;0.58;-1.14;152.38;0.50;0.50;0.006
1195.385;539;0.59;-1.02;158.86;0.17;-1.05;179.43;0.38;0.50;427;3;1;4;0.50;0.30;0.29;-0.02;-0.01;-0.03;0.13;0.38;0.55;-1.13;154.69;0.50;0.50;0.008
1195.485;547;0.57;-1.02;160.34;0.17;-1.05;179.43;0.38;0.50;427;3;1;4;0.51;0.30;0.30;0.00;-0.01;0.02;-0.07;0.29;0.52;-1.12;156.95;0.49;0.50;0.008
1195.585;556;0.54;-1.01;162.09;0.17;-1.05;179.43;0.38;0.50;427;3;1;4;0.50;0.30;0.29;-0.02;-0.01;-0.05;0.15;0.43;0.51;-1.11;158.07;0.48;0.50;0.010
1195.675;566;0.52;-1.00;164.09;0.17;-1.05;179.43;0.38;0.50;427;3;1;4;0.49;0.30;0.30;0.00;-0.01;0.03;-0.10;0.29;0.48;-1.10;160.25;0.47;0.50;0.004
1195.785;580;0.48;-0.99;166.94;0.17;-1.05;179.43;0.38;0.50;427;3;1;4;0.47;0.30;0.29;-0.01;-0.01;-0.00;0.00;0.33;0.45;-1.09;162.38;0.46;0.50;0.006
1195.885;589;0.45;-0.98;168.34;0.17;-1.05;179.43;0.38;0.50;427;3;1;4;0.46;0.30;0.31;-0.02;-0.00;-0.00;0.03;0.36;0.43;-1.09;163.43;0.46;0.50;0.009
1195.985;600;0.42;-0.97;170.59;0.17;-1.05;179.43;0.38;0.50;427;3;1;4;0.44;0.30;0.30;-0.00;-0.01;0.02;-0.04;0.29;0.40;-1.08;165.49;0.45;0.50;0.008
1196.125;614;0.38;-0.97;173.13;-0.02;-1.05;171.37;-0.49;0.50;541;1;1;3;0.44;0.30;0.29;-0.01;-0.01;-0.02;0.04;0.33;0.37;-1.07;167.51;0.44;0.50;0.035
1196.185;619;0.36;-0.96;173.98;-0.02;-1.05;171.37;-0.49;0.50;541;1;1;3;0.79;0.30;0.30;-0.00;-0.01;0.04;-0.07;0.28;0.16;-1.06;180.00;-0.06;0.06;0.008
1196.285;628;0.33;-0.96;177.60;-0.02;-1.05;171.37;-0.49;0.50;541;1;1;3;0.58;0.30;0.29;-0.04;-0.02;-0.11;0.17;1.12;0.16;-1.06;180.00;-0.06;0.06;0.009
1196.385;638;0.30;-0.96;182.40;-0.02;-1.05;171.37;-0.49;0.50;541;1;1;3;0.31;0.30;0.34;0.00;-0.00;-0.02;0.03;0.71;0.16;-1.06;180.00;-0.06;0.06;0.013
1196.485;647;0.28;-0.96;184.73;-0.02;-1.05;171.37;-0.49;0.50;541;1;1;3;0.14;0.30;0.30;0.01;-0.01;0.08;-0.08;0.13;0.16;-1.06;180.00;-0.06;0.06;0.008
1196.585;657;0.25;-0.96;184.80;-0.02;-1.05;171.37;-0.49;0.50;541;1;1;3;0.08;0.30;0.30;0.00;-0.01;0.04;-0.05;-0.16;0.16;-1.06;180.00;-0.06;0.06;0.011
1196.695;671;0.21;-0.97;183.74;-0.37;-0.93;153.74;-0.18;0.50;541;2;1;3;0.06;0.30;0.30;-0.00;-0.01;0.01;-0.01;-0.16;0.16;-1.06;180.00;-0.06;0.06;0.012
1196.785;676;0.19;-0.97;183.33;-0.37;-0.93;153.74;-0.18;0.50;541;2;1;3;-0.01;0.29;0.29;-0.00;-0.01;-0.04;0.04;-0.12;0.16;-1.06;180.00;-0.06;0.06;0.011
1196.885;687;0.16;-0.97;182.36;-0.37;-0.93;153.74;-0.18;0.50;541;2;1;3;-0.01;0.27;0.28;0.00;-0.01;-0.03;0.04;-0.16;0.16;-1.06;180.00;-0.06;0.06;0.010
1196.995;700;0.13;-0.97;181.53;-0.37;-0.93;153.74;-0.18;0.50;541;2;1;3;-0.10;0.26;0.27;0.00;-0.00;0.00;-0.01;-0.05;0.14;-1.06;179.77;-0.16;0.16;0.014
1197.075;706;0.11;-0.97;181.18;-0.37;-0.93;153.74;-0.18;0.50;541;2;1;3;-0.21;0.25;0.26;0.00;-0.00;0.00;-0.00;-0.14;0.11;-1.06;178.86;-0.26;0.26;0.005
1197.185;719;0.08;-0.97;179.90;-0.37;-0.93;153.74;-0.18;0.50;541;2;1;3;-0.30;0.25;0.24;0.01;-0.00;0.01;0.01;-0.16;0.07;-1.06;177.33;-0.34;0.34;0.010
1197.285;730;0.05;-0.97;178.74;-0.37;-0.93;153.74;-0.18;0.50;541;2;1;3;-0.38;0.26;0.24;0.01;-0.01;0.01;0.00;-0.20;0.04;-1.05;175.55;-0.40;0.40;0.008
1197.385;739;0.03;-0.97;177.60;-0.37;-0.93;153.74;-0.18;0.50;541;2;1;3;-0.40;0.26;0.26;-0.00;-0.01;-0.07;-0.09;-0.22;0.03;-1.05;174.82;-0.42;0.42;0.015
1197.485;749;0.00;-0.97;176.24;-0.37;-0.93;153.74;-0.18;0.50;541;2;1;3;-0.51;0.27;0.26;0.00;-0.01;-0.01;-0.01;-0.18;-0.01;-1.05;172.15;-0.47;0.48;0.011
1197.585;760;-0.02;-0.97;174.36;-0.37;-0.93;153.74;-0.18;0.50;541;2;1;3;-0.53;0.28;0.26;0.01;-0.01;0.01;0.01;-0.29;-0.04;-1.04;170.04;-0.47;0.50;0.010
1197.675;768;-0.05;-0.97;173.02;-0.37;-0.93;153.74;-0.18;0.50;541;2;1;3;-0.51;0.29;0.28;0.02;-0.00;0.00;0.02;-0.39;-0.05;-1.04;169.02;-0.46;0.50;0.005
1197.785;777;-0.07;-0.97;170.87;-0.37;-0.93;153.74;-0.18;0.50;541;2;1;3;-0.48;0.30;0.28;0.01;-0.01;0.05;0.04;-0.34;-0.08;-1.03;167.06;-0.44;0.50;0.006
1197.875;787;-0.10;-0.96;169.20;-0.37;-0.93;153.74;-0.18;0.50;541;2;1;3;-0.46;0.30;0.32;0.01;0.00;-0.01;0.01;-0.31;-0.11;-1.03;165.23;-0.41;0.50;0.005
1197.985;796;-0.13;-0.96;167.32;-0.37;-0.93;153.74;-0.18;0.50;541;2;1;3;-0.43;0.30;0.30;0.01;-0.01;-0.01;-0.01;-0.28;-0.14;-1.02;163.52;-0.39;0.50;0.008
1198.075;806;-0.16;-0.95;165.80;-0.37;-0.93;153.74;-0.18;0.50;541;2;1;3;-0.44;0.30;0.31;0.03;-0.02;0.16;0.10;-0.36;-0.18;-1.01;161.17;-0.35;0.50;0.005
1198.185;819;-0.20;-0.94;164.12;-0.37;-0.93;153.74;-0.18;0.50;541;2;1;3;-0.41;0.30;0.31;0.01;-0.00;0.04;0.05;-0.24;-0.21;-1.00;159.75;-0.32;0.50;0.005
1198.285;829;-0.23;-0.94;162.67;-0.70;-0.76;155.46;0.25;0.50;541;3;1;3;-0.39;0.30;0.30;0.02;-0.01;-0.04;-0.03;-0.17;-0.24;-0.99;158.45;-0.30;0.50;0.012
1198.385;838;-0.25;-0.93;161.76;-0.70;-0.76;155.46;0.25;0.50;541;3;1;3;-0.37;0.30;0.31;0.03;-0.01;0.13;0.10;-0.25;-0.27;-0.97;157.26;-0.27;0.50;0.005
1198.485;848;-0.28;-0.92;161.00;-0.70;-0.76;155.46;0.25;0.50;541;3;1;3;-0.37;0.30;0.31;0.01;-0.01;0.06;0.06;-0.13;-0.29;-0.96;156.17;-0.25;0.50;0.006
1198.575;856;-0.31;-0.92;160.25;-0.70;-0.76;155.46;0.25;0.50;541;3;1;3;-0.37;0.30;0.30;0.03;-0.01;-0.03;-0.02;-0.11;-0.32;-0.95;155.20;-0.22;0.50;0.003
1198.675;867;-0.34;-0.91;159.41;-0.70;-0.76;155.46;0.25;0.50;541;3;1;3;-0.35;0.30;0.29;0.01;-0.01;0.05;0.03;-0.16;-0.35;-0.94;154.33;-0.20;0.50;0.003
1198.775;876;-0.36;-0.90;159.07;-0.70;-0.76;155.46;0.25;0.50;541;3;1;3;-0.36;0.30;0.31;-0.00;-0.01;0.06;0.05;-0.07;-0.37;-0.92;153.56;-0.17;0.50;0.003
1198.875;886;-0.39;-0.89;158.47;-0.70;-0.76;155.46;0.25;0.50;541;3;1;3;-0.34;0.30;0.30;0.03;-0.01;-0.10;-0.06;-0.07;-0.40;-0.91;152.93;-0.14;0.50;0.003
1198.975;899;-0.43;-0.88;157.61;-0.70;-0.76;155.46;0.25;0.50;541;3;1;3;-0.31;0.30;0.30;0.02;-0.01;-0.07;-0.04;-0.06;-0.43;-0.90;152.44;-0.10;0.50;0.004
1199.085;909;-0.46;-0.87;157.14;-0.70;-0.76;155.46;0.25;0.50;541;3;1;3;-0.27;0.30;0.29;0.01;-0.01;0.02;0.01;-0.04;-0.47;-0.88;151.96;-0.05;0.50;0.008
1199.175;918;-0.48;-0.86;157.08;-0.70;-0.76;155.46;0.25;0.50;541;3;1;3;-0.24;0.30;0.28;0.01;-0.01;0.06;0.04;-0.07;-0.48;-0.87;151.87;-0.03;0.50;0.005
1199.275;928;-0.51;-0.85;157.32;-0.70;-0.76;155.46;0.25;0.50;541;3;1;3;-0.23;0.30;0.30;0.00;-0.01;-0.04;-0.02;0.06;-0.51;-0.86;151.81;0.00;0.50;0.005
1199.375;936;-0.53;-0.84;157.38;-0.70;-0.76;155.46;0.25;0.50;541;3;1;3;-0.21;0.30;0.29;0.01;-0.01;-0.02;-0.01;0.07;-0.53;-0.84;151.88;0.04;0.50;0.005
1199.485;947;-0.56;-0.83;157.64;-1.05;-0.67;179.43;0.63;0.50;541;4;1;3;-0.18;0.30;0.30;0.01;-0.01;-0.03;-0.02;0.08;-0.56;-0.83;152.10;0.07;0.50;0.006
1199.575;956;-0.59;-0.82;157.92;-1.05;-0.67;179.43;0.63;0.50;541;4;1;3;-0.12;0.30;0.29;0.00;-0.01;-0.00;0.00;0.07;-0.59;-0.81;152.46;0.11;0.50;0.002
1199.675;966;-0.61;-0.81;158.41;-1.05;-0.67;179.43;0.63;0.50;541;4;1;3;-0.09;0.30;0.29;0.00;-0.01;0.06;0.04;0.09;-0.61;-0.80;152.96;0.14;0.50;0.003
1199.775;979;-0.65;-0.79;159.21;-1.05;-0.67;179.43;0.63;0.50;541;4;1;3;-0.05;0.30;0.29;0.00;-0.01;0.02;0.02;0.09;-0.62;-0.79;153.27;0.16;0.50;0.005
1199.885;989;-0.68;-0.78;159.91;-1.05;-0.67;179.43;0.63;0.50;541;4;1;3;-0.01;0.30;0.30;0.00;-0.00;-0.04;-0.02;0.14;-0.66;-0.77;154.40;0.21;0.50;0.008
1199.975;999;-0.70;-0.77;160.51;-1.05;-0.67;179.43;0.63;0.50;541;4;1;3;0.03;0.30;0.29;0.00;-0.00;0.03;0.02;0.09;-0.69;-0.76;155.34;0.24;0.50;0.004
1200.075;1008;-0.73;-0.77;160.97;-1.05;-0.67;179.43;0.63;0.50;541;4;1;3;0.08;0.30;0.30;-0.00;0.00;-0.01;-0.01;0.07;-0.72;-0.75;156.41;0.28;0.50;0.002
1200.185;1019;-0.76;-0.75;161.57;-1.05;-0.67;179.43;0.63;0.50;541;4;1;3;0.13;0.30;0.30;-0.00;-0.00;0.00;-0.00;0.09;-0.75;-0.74;157.62;0.31;0.50;0.006
1200.275;1027;-0.78;-0.75;162.11;-1.05;-0.67;179.43;0.63;0.50;541;4;1;3;0.18;0.30;0.29;-0.00;-0.00;-0.00;0.00;0.11;-0.77;-0.73;158.96;0.34;0.50;0.005
1200.395;1038;-0.81;-0.74;162.81;-1.29;-0.68;193.50;0.54;0.50;338;1;1;4;0.25;0.30;0.28;-0.01;-0.00;-0.00;0.01;0.12;-0.80;-0.72;160.45;0.37;0.50;0.017
1200.475;1046;-0.83;-0.73;163.47;-1.29;-0.68;193.50;0.54;0.50;338;1;1;4;0.21;0.30;0.28;-0.00;-0.00;-0.01;0.02;0.17;-1.04;-0.66;180.00;0.07;0.06;0.007
1200.585;1060;-0.87;-0.72;164.35;-1.29;-0.68;193.50;0.54;0.50;338;1;1;4;0.28;0.30;0.28;0.00;-0.01;-0.01;0.02;0.09;-1.04;-0.66;180.00;0.07;0.06;0.016
1200.685;1070;-0.90;-0.71;164.98;-1.29;-0.68;193.50;0.54;0.50;338;1;1;4;0.32;0.30;0.30;-0.00;-0.01;0.04;-0.11;0.08;-1.04;-0.66;180.00;0.07;0.06;0.012
1200.785;1080;-0.93;-0.70;165.89;-1.29;-0.68;193.50;0.54;0.50;338;1;1;4;0.36;0.30;0.29;-0.01;-0.01;-0.02;0.03;0.16;-1.04;-0.66;180.00;0.07;0.06;0.010
1200.875;1088;-0.95;-0.70;166.59;-1.29;-0.68;193.50;0.54;0.50;338;1;1;4;0.38;0.30;0.28;-0.01;-0.01;-0.02;0.06;0.23;-1.04;-0.66;180.00;0.07;0.06;0.007
1200.985;1098;-0.98;-0.69;167.46;-1.29;-0.68;193.50;0.54;0.50;338;1;1;4;0.42;0.30;0.30;-0.01;-0.01;-0.02;0.05;0.22;-1.04;-0.66;180.00;0.07;0.06;0.019
1201.085;1108;-1.01;-0.68;168.87;-1.29;-0.68;193.50;0.54;0.50;338;1;1;4;0.44;0.30;0.30;-0.02;-0.01;0.04;-0.08;0.22;-1.04;-0.66;180.00;0.07;0.06;0.008
1201.185;1116;-1.03;-0.67;170.22;-1.29;-0.68;193.50;0.54;0.50;338;1;1;4;0.44;0.30;0.30;-0.04;-0.01;-0.06;0.11;0.36;-1.04;-0.66;180.00;0.07;0.06;0.013
1201.295;1131;-1.08;-0.66;172.75;-1.29;-0.68;193.50;0.54;0.50;338;1;1;4;0.50;0.30;0.29;-0.02;-0.01;-0.08;0.14;0.39;-1.06;-0.66;180.27;0.16;0.15;0.019
1201.385;1140;-1.10;-0.66;174.76;-1.29;-0.68;193.50;0.54;0.50;338;1;1;4;0.52;0.30;0.30;0.00;-0.01;0.04;-0.07;0.37;-1.08;-0.65;180.86;0.23;0.21;0.011
1201.485;1150;-1.13;-0.66;177.26;-1.29;-0.68;193.50;0.54;0.50;338;1;1;4;0.54;0.30;0.29;-0.02;-0.01;-0.08;0.12;0.49;-1.12;-0.66;182.35;0.31;0.29;0.012
1201.585;1159;-1.16;-0.66;179.53;-1.29;-0.68;193.50;0.54;0.50;338;1;1;4;0.58;0.30;0.30;-0.00;-0.01;0.04;-0.07;0.40;-1.16;-0.66;184.33;0.38;0.35;0.008
1201.685;1169;-1.19;-0.66;182.43;-1.29;-0.68;193.50;0.54;0.50;338;1;1;4;0.54;0.30;0.29;-0.02;-0.01;-0.08;0.11;0.59;-1.17;-0.66;184.96;0.40;0.36;0.015
1201.795;1178;-1.21;-0.66;184.67;-1.29;-0.68;193.50;0.54;0.50;338;1;1;4;0.58;0.30;0.30;0.00;-0.01;0.07;-0.09;0.35;-1.21;-0.67;187.20;0.44;0.41;0.019
1201.895;1188;-1.25;-0.66;187.45;-1.29;-0.68;193.50;0.54;0.50;338;1;1;4;0.62;0.30;0.29;-0.05;-0.01;-0.15;0.16;0.57;-1.25;-0.67;190.02;0.49;0.45;0.018
1202.005;1201;-1.28;-0.66;192.29;-1.70;-0.96;235.14;0.53;0.50;338;2;1;4;0.53;0.30;0.30;-0.00;-0.01;0.04;-0.05;0.56;-1.26;-0.68;191.11;0.51;0.47;0.023
1202.085;1207;-1.30;-0.67;194.07;-1.70;-0.96;235.14;0.53;0.50;338;2;1;4;0.54;0.30;0.28;0.02;-0.09;-0.48;-0.12;0.57;-1.29;-0.68;193.50;0.54;0.50;0.010
1202.175;1215;-1.32;-0.67;195.99;-1.70;-0.96;235.14;0.53;0.50;338;2;1;4;0.55;0.30;0.29;-0.00;-0.01;0.02;-0.03;0.37;-1.32;-0.69;196.06;0.54;0.50;0.008
1202.275;1226;-1.36;-0.68;198.34;-1.70;-0.96;235.14;0.53;0.50;338;2;1;4;0.57;0.30;0.28;-0.02;-0.01;-0.13;0.09;0.47;-1.35;-0.70;198.61;0.54;0.50;0.007
1202.375;1239;-1.39;-0.69;201.11;-1.70;-0.96;235.14;0.53;0.50;338;2;1;4;0.57;0.30;0.30;0.00;-0.00;0.17;-0.11;0.31;-1.38;-0.71;201.15;0.54;0.50;0.006
1202.475;1248;-1.42;-0.70;203.28;-1.70;-0.96;235.14;0.53;0.50;338;2;1;4;0.58;0.30;0.29;-0.00;-0.01;-0.03;0.01;0.40;-1.41;-0.72;203.69;0.54;0.50;0.006
1202.585;1257;-1.44;-0.71;204.97;-1.70;-0.96;235.14;0.53;0.50;338;2;1;4;0.60;0.30;0.31;0.00;-0.00;0.19;-0.10;0.26;-1.44;-0.73;206.23;0.54;0.50;0.010
1202.685;1267;-1.47;-0.72;207.20;-1.70;-0.96;235.14;0.53;0.50;338;2;1;4;0.60;0.30;0.29;-0.00;-0.01;0.06;-0.03;0.41;-1.45;-0.74;207.50;0.54;0.50;0.008
1202.775;1278;-1.50;-0.74;209.50;-1.70;-0.96;235.14;0.53;0.50;338;2;1;4;0.62;0.30;0.30;-0.02;-0.01;0.00;-0.00;0.26;-1.48;-0.76;210.03;0.54;0.50;0.005
1202.885;1286;-1.52;-0.75;210.83;-1.70;-0.96;235.14;0.53;0.50;338;2;1;4;0.65;0.30;0.28;-0.05;-0.01;-0.07;0.04;0.46;-1.50;-0.77;212.56;0.54;0.50;0.006
1202.985;1300;-1.56;-0.77;213.58;-1.70;-0.96;235.14;0.53;0.50;338;2;1;4;0.68;0.30;0.30;-0.05;-0.01;-0.08;0.03;0.49;-1.53;-0.79;215.08;0.54;0.50;0.009
1203.085;1309;-1.58;-0.78;215.71;-1.70;-0.96;235.14;0.53;0.50;338;2;1;4;0.70;0.30;0.32;-0.04;-0.01;0.07;-0.02;0.36;-1.56;-0.81;217.60;0.54;0.50;0.010
1203.185;1320;-1.61;-0.80;218.82;-1.70;-0.96;235.14;0.53;0.50;338;2;1;4;0.69;0.30;0.31;-0.05;-0.01;-0.05;0.02;0.47;-1.58;-0.83;220.12;0.54;0.50;0.012
1203.275;1328;-1.64;-0.81;220.67;-1.70;-0.96;235.14;0.53;0.50;338;2;1;4;0.72;0.30;0.34;-0.05;-0.01;0.17;-0.02;0.38;-1.60;-0.85;222.63;0.54;0.50;0.005
1203.375;1339;-1.67;-0.83;224.23;-1.85;-1.45;269.43;0.38;0.50;338;3;1;4;0.69;0.30;0.33;-0.06;-0.01;-0.02;0.03;0.43;-1.63;-0.87;225.14;0.54;0.50;0.005
1203.485;1347;-1.69;-0.84;226.25;-1.85;-1.45;269.43;0.38;0.50;338;3;1;4;0.64;0.30;0.34;-0.07;-0.02;-0.02;0.02;0.50;-1.65;-0.89;227.65;0.53;0.50;0.007
1203.575;1358;-1.72;-0.86;229.31;-1.85;-1.45;269.43;0.38;0.50;338;3;1;4;0.64;0.30;0.31;-0.07;-0.01;-0.10;0.03;0.54;-1.67;-0.92;230.15;0.53;0.50;0.007
1203.685;1366;-1.74;-0.88;231.28;-1.85;-1.45;269.43;0.38;0.50;338;3;1;4;0.63;0.30;0.31;-0.05;-0.01;-0.06;0.01;0.30;-1.68;-0.93;231.40;0.53;0.50;0.010
1203.785;1377;-1.76;-0.91;234.18;-1.85;-1.45;269.43;0.38;0.50;338;3;1;4;0.62;0.30;0.30;-0.05;-0.01;-0.03;-0.00;0.54;-1.70;-0.95;233.89;0.53;0.50;0.009
1203.875;1385;-1.78;-0.92;236.18;-1.85;-1.45;269.43;0.38;0.50;338;3;1;4;0.61;0.30;0.32;-0.07;-0.04;-0.24;0.13;0.58;-1.70;-0.96;235.14;0.53;0.50;0.008
1203.985;1399;-1.80;-0.96;239.52;-1.85;-1.45;269.43;0.38;0.50;338;3;1;4;0.59;0.30;0.32;-0.01;-0.00;-0.02;-0.01;0.43;-1.72;-0.99;237.61;0.52;0.50;0.009
1204.075;1409;-1.82;-0.98;242.57;-1.85;-1.45;269.43;0.38;0.50;338;3;1;4;0.55;0.30;0.31;-0.01;-0.01;0.31;0.06;0.50;-1.74;-1.02;240.02;0.51;0.50;0.010
1204.175;1418;-1.83;-1.01;245.19;-1.85;-1.45;269.43;0.38;0.50;338;3;1;4;0.53;0.30;0.30;-0.03;-0.01;0.03;0.01;0.37;-1.75;-1.04;242.38;0.50;0.50;0.005
1204.275;1428;-1.85;-1.03;247.23;-1.85;-1.45;269.43;0.38;0.50;338;3;1;4;0.53;0.30;0.29;-0.02;-0.01;-0.17;-0.04;0.42;-1.77;-1.07;244.69;0.50;0.50;0.007
1204.385;1437;-1.86;-1.06;249.03;-1.85;-1.45;269.43;0.38;0.50;338;3;1;4;0.53;0.30;0.30;0.00;-0.01;0.05;0.01;0.30;-1.78;-1.10;246.95;0.49;0.50;0.010
1204.475;1447;-1.87;-1.09;250.86;-1.85;-1.45;269.43;0.38;0.50;338;3;1;4;0.52;0.30;0.29;-0.03;-0.02;-0.17;-0.02;0.47;-1.78;-1.11;248.07;0.48;0.50;0.005
1204.575;1455;-1.88;-1.11;252.50;-1.85;-1.45;269.43;0.38;0.50;338;3;1;4;0.52;0.30;0.30;-0.00;-0.01;0.05;0.01;0.30;-1.80;-1.14;250.25;0.47;0.50;0.004
1204.685;1470;-1.89;-1.15;255.63;-1.85;-1.45;269.43;0.38;0.50;338;3;1;4;0.47;0.30;0.29;-0.01;-0.01;-0.02;-0.01;0.35;-1.80;-1.16;251.32;0.47;0.50;0.015
1204.785;1479;-1.90;-1.18;256.86;-1.85;-1.45;269.43;0.38;0.50;338;3;1;4;0.49;0.30;0.31;0.01;-0.01;0.22;0.09;0.19;-1.81;-1.19;253.43;0.46;0.50;0.013
1204.885;1490;-1.91;-1.21;259.19;-1.85;-1.45;269.43;0.38;0.50;338;3;1;4;0.49;0.30;0.30;-0.00;-0.01;0.02;0.01;0.32;-1.82;-1.23;256.51;0.44;0.50;0.012
1205.025;1504;-1.91;-1.25;261.97;-1.85;-1.64;-98.63;-0.49;0.50;324;1;1;3;0.47;0.30;0.29;-0.01;-0.01;-0.08;-0.04;0.36;-1.83;-1.25;257.51;0.44;0.50;0.040
1205.085;1509;-1.92;-1.26;262.87;-1.85;-1.64;-98.63;-0.49;0.50;324;1;1;3;0.79;0.30;0.30;-0.00;-0.01;0.04;0.02;0.29;-1.84;-1.46;-90.00;-0.06;0.06;0.009
1205.185;1518;-1.92;-1.29;266.18;-1.85;-1.64;-98.63;-0.49;0.50;324;1;1;3;0.60;0.30;0.30;-0.04;-0.06;-0.11;-0.25;1.12;-1.84;-1.46;-90.00;-0.06;0.06;0.018
1205.285;1528;-1.93;-1.32;271.48;-1.85;-1.64;-98.63;-0.49;0.50;324;1;1;3;0.31;0.30;0.31;-0.01;-0.01;0.21;0.16;0.67;-1.84;-1.46;-90.00;-0.06;0.06;0.009
1205.395;1537;-1.93;-1.35;273.88;-1.85;-1.64;-98.63;-0.49;0.50;324;1;1;3;0.16;0.30;0.30;-0.02;-0.01;0.00;0.00;0.11;-1.84;-1.46;-90.00;-0.06;0.06;0.018
1205.485;1547;-1.93;-1.38;273.97;-1.85;-1.64;-98.63;-0.49;0.50;324;1;1;3;0.09;0.30;0.29;0.00;-0.01;-0.05;-0.04;-0.01;-1.84;-1.46;-90.00;-0.06;0.06;0.009
1205.585;1555;-1.92;-1.40;273.54;-1.85;-1.64;-98.63;-0.49;0.50;324;1;1;3;0.07;0.30;0.29;-0.00;-0.01;0.01;-0.00;-0.18;-1.84;-1.46;-90.00;-0.06;0.06;0.009
1205.695;1570;-1.92;-1.45;272.20;-1.97;-1.99;-116.26;-0.18;0.50;324;2;1;3;0.04;0.29;0.29;-0.00;-0.01;0.01;0.01;-0.15;-1.84;-1.46;-90.00;-0.06;0.06;0.019
1205.785;1579;-1.92;-1.47;271.56;-1.97;-1.99;-116.26;-0.18;0.50;324;2;1;3;0.01;0.27;0.28;-0.00;-0.01;-0.04;-0.03;-0.09;-1.84;-1.46;-90.00;-0.06;0.06;0.014
1205.885;1589;-1.92;-1.50;270.97;-1.97;-1.99;-116.26;-0.18;0.50;324;2;1;3;-0.17;0.27;0.26;0.00;-0.00;-0.02;-0.02;-0.11;-1.84;-1.50;-90.88;-0.24;0.24;0.009
1205.975;1598;-1.92;-1.52;269.91;-1.97;-1.99;-116.26;-0.18;0.50;324;2;1;3;-0.22;0.26;0.27;0.01;-0.00;0.01;0.01;-0.23;-1.84;-1.53;-91.80;-0.30;0.30;0.004
1206.095;1608;-1.92;-1.55;268.70;-1.97;-1.99;-116.26;-0.18;0.50;324;2;1;3;-0.29;0.26;0.25;0.01;-0.00;-0.01;0.01;-0.18;-1.84;-1.55;-93.20;-0.36;0.36;0.015
1206.185;1617;-1.92;-1.57;267.82;-1.97;-1.99;-116.26;-0.18;0.50;324;2;1;3;-0.35;0.27;0.25;0.01;-0.01;-0.00;0.01;-0.21;-1.84;-1.58;-94.45;-0.40;0.40;0.010
1206.285;1627;-1.92;-1.60;266.75;-1.97;-1.99;-116.26;-0.18;0.50;324;2;1;3;-0.42;0.27;0.27;-0.00;-0.01;0.09;-0.08;-0.20;-1.84;-1.60;-95.99;-0.44;0.44;0.011
1206.385;1636;-1.92;-1.62;265.47;-1.97;-1.99;-116.26;-0.18;0.50;324;2;1;3;-0.48;0.28;0.27;0.00;-0.01;0.01;-0.01;-0.24;-1.85;-1.63;-97.85;-0.47;0.48;0.007
1206.485;1646;-1.92;-1.65;263.66;-1.97;-1.99;-116.26;-0.18;0.50;324;2;1;3;-0.50;0.29;0.27;0.04;-0.01;-0.07;0.06;-0.39;-1.85;-1.66;-99.96;-0.47;0.50;0.007
1206.585;1657;-1.92;-1.68;261.59;-1.97;-1.99;-116.26;-0.18;0.50;324;2;1;3;-0.48;0.30;0.29;0.01;-0.01;0.09;-0.08;-0.31;-1.86;-1.69;-101.97;-0.45;0.50;0.008
1206.685;1666;-1.93;-1.70;259.47;-1.97;-1.99;-116.26;-0.18;0.50;324;2;1;3;-0.45;0.30;0.29;0.01;-0.01;-0.07;0.08;-0.40;-1.86;-1.72;-103.87;-0.42;0.50;0.010
1206.775;1677;-1.93;-1.74;257.54;-1.97;-1.99;-116.26;-0.18;0.50;324;2;1;3;-0.43;0.30;0.30;-0.00;-0.01;0.10;-0.11;-0.23;-1.87;-1.75;-105.64;-0.40;0.50;0.005
1206.885;1690;-1.94;-1.77;255.42;-1.97;-1.99;-116.26;-0.18;0.50;324;2;1;3;-0.39;0.30;0.30;0.01;-0.01;0.02;-0.02;-0.26;-1.88;-1.77;-107.29;-0.37;0.50;0.012
1206.975;1696;-1.95;-1.79;254.64;-1.97;-1.99;-116.26;-0.18;0.50;324;2;1;3;-0.40;0.30;0.29;0.01;-0.01;-0.04;0.05;-0.26;-1.89;-1.80;-108.83;-0.35;0.50;0.005
1207.085;1709;-1.96;-1.83;253.34;-2.14;-2.31;-114.54;0.25;0.50;324;3;1;3;-0.40;0.30;0.32;0.04;-0.04;-0.28;0.10;-0.31;-1.91;-1.84;-110.91;-0.31;0.50;0.007
1207.175;1719;-1.96;-1.86;251.92;-2.14;-2.31;-114.54;0.25;0.50;324;3;1;3;-0.35;0.30;0.30;0.00;-0.01;0.03;-0.03;-0.22;-1.92;-1.87;-112.16;-0.29;0.50;0.004
1207.275;1728;-1.97;-1.88;251.06;-2.14;-2.31;-114.54;0.25;0.50;324;3;1;3;-0.35;0.30;0.34;0.03;-0.04;-0.29;0.12;-0.25;-1.93;-1.90;-113.30;-0.26;0.50;0.003
1207.375;1738;-1.98;-1.91;250.17;-2.14;-2.31;-114.54;0.25;0.50;324;3;1;3;-0.34;0.30;0.31;0.02;-0.01;-0.06;0.07;-0.15;-1.94;-1.93;-114.33;-0.24;0.50;0.004
1207.475;1747;-1.98;-1.94;249.28;-2.14;-2.31;-114.54;0.25;0.50;324;3;1;3;-0.34;0.30;0.30;0.03;-0.01;0.02;-0.04;-0.12;-1.95;-1.95;-115.25;-0.21;0.50;0.003
1207.575;1757;-1.99;-1.97;248.51;-2.14;-2.31;-114.54;0.25;0.50;324;3;1;3;-0.32;0.30;0.28;0.01;-0.01;-0.04;0.06;-0.20;-1.97;-1.98;-116.07;-0.19;0.50;0.002
1207.675;1765;-2.00;-1.99;248.18;-2.14;-2.31;-114.54;0.25;0.50;324;3;1;3;-0.32;0.30;0.30;-0.00;-0.01;0.06;-0.10;-0.03;-1.98;-2.01;-116.77;-0.15;0.50;0.005
1207.775;1776;-2.01;-2.02;247.78;-2.14;-2.31;-114.54;0.25;0.50;324;3;1;3;-0.30;0.30;0.30;0.00;-0.01;0.05;-0.09;-0.01;-1.99;-2.03;-117.34;-0.12;0.50;0.002
1207.885;1789;-2.03;-2.05;247.51;-2.14;-2.31;-114.54;0.25;0.50;324;3;1;3;-0.27;0.30;0.30;0.00;-0.01;-0.05;0.06;-0.04;-2.01;-2.06;-117.76;-0.09;0.50;0.007
1207.985;1799;-2.04;-2.08;247.53;-2.14;-2.31;-114.54;0.25;0.50;324;3;1;3;-0.25;0.30;0.30;0.00;-0.01;0.05;-0.08;0.06;-2.02;-2.09;-118.04;-0.05;0.50;0.006
1208.075;1807;-2.05;-2.10;247.50;-2.14;-2.31;-114.54;0.25;0.50;324;3;1;3;-0.24;0.30;0.29;0.01;-0.01;-0.00;0.01;0.04;-2.03;-2.11;-118.18;-0.02;0.50;0.005
1208.185;1817;-2.06;-2.13;247.70;-2.14;-2.31;-114.54;0.25;0.50;324;3;1;3;-0.22;0.30;0.29;0.00;-0.01;-0.03;0.05;-0.02;-2.05;-2.14;-118.18;0.02;0.50;0.008
1208.275;1827;-2.07;-2.16;247.84;-2.23;-2.67;-90.57;0.63;0.50;324;4;1;3;-0.20;0.30;0.30;0.00;-0.01;0.05;-0.09;0.08;-2.06;-2.16;-118.03;0.05;0.50;0.003
1208.375;1836;-2.08;-2.18;248.06;-2.23;-2.67;-90.57;0.63;0.50;324;4;1;3;-0.15;0.30;0.29;0.00;-0.01;-0.03;0.05;0.02;-2.08;-2.19;-117.74;0.09;0.50;0.005
1208.485;1846;-2.09;-2.21;248.46;-2.23;-2.67;-90.57;0.63;0.50;324;4;1;3;-0.11;0.30;0.29;0.00;-0.01;-0.03;0.04;0.09;-2.09;-2.22;-117.31;0.12;0.50;0.006
1208.575;1855;-2.10;-2.24;248.92;-2.23;-2.67;-90.57;0.63;0.50;324;4;1;3;-0.08;0.30;0.29;0.00;-0.01;-0.02;0.02;0.10;-2.10;-2.23;-117.04;0.14;0.50;0.002
1208.675;1869;-2.11;-2.27;249.76;-2.23;-2.67;-90.57;0.63;0.50;324;4;1;3;-0.04;0.30;0.29;0.00;-0.01;0.00;-0.01;0.11;-2.11;-2.26;-116.39;0.17;0.50;0.006
1208.775;1879;-2.12;-2.30;250.42;-2.23;-2.67;-90.57;0.63;0.50;324;4;1;3;-0.00;0.30;0.30;-0.00;-0.01;-0.04;0.06;0.10;-2.13;-2.30;-115.15;0.23;0.50;0.002
1208.875;1888;-2.13;-2.33;251.12;-2.23;-2.67;-90.57;0.63;0.50;324;4;1;3;0.03;0.30;0.29;0.00;-0.00;-0.03;0.04;0.11;-2.14;-2.32;-114.14;0.26;0.50;0.002
1208.975;1898;-2.14;-2.36;251.73;-2.23;-2.67;-90.57;0.63;0.50;324;4;1;3;0.08;0.30;0.30;-0.00;0.00;0.01;-0.01;0.07;-2.15;-2.35;-113.00;0.29;0.50;0.003
1209.075;1907;-2.15;-2.38;252.25;-2.23;-2.67;-90.57;0.63;0.50;324;4;1;3;0.13;0.30;0.30;-0.00;-0.00;0.00;-0.00;0.10;-2.16;-2.38;-111.73;0.32;0.50;0.003
1209.195;1917;-2.16;-2.41;252.90;-2.24;-2.66;-90.00;0.00;0.50;182;0;1;0;0.19;0.30;0.29;-0.00;-0.00;-0.00;-0.00;0.10;-2.18;-2.41;-110.31;0.35;0.50;0.016
1209.305;1932;-2.17;-2.45;253.85;-2.24;-2.66;-90.00;0.00;0.50;182;0;1;0;0.63;0.30;0.28;-0.01;-0.00;-0.01;-0.00;0.11;-2.24;-2.66;-90.00;0.00;0.50;0.025
1209.395;1936;-2.17;-2.46;254.49;-2.24;-2.66;-90.00;0.00;0.50;182;0;1;0;0.60;0.30;0.28;-0.01;-0.01;-0.04;-0.01;0.51;-2.24;-2.66;-90.00;0.00;0.50;0.015
1209.495;1951;-2.19;-2.50;259.84;-2.24;-2.66;-90.00;0.00;0.50;182;0;1;0;0.37;0.30;0.29;-0.02;-0.01;-0.14;-0.07;0.63;-2.24;-2.66;-90.00;0.00;0.50;0.020
1209.595;1960;-2.19;-2.53;261.26;-2.24;-2.66;-90.00;0.00;0.50;182;0;1;0;0.31;0.30;0.31;0.01;-0.01;0.18;0.09;0.10;-2.24;-2.66;-90.00;0.00;0.50;0.025
1209.695;1969;-2.20;-2.56;261.90;-2.24;-2.66;-90.00;0.00;0.50;182;0;1;0;0.29;0.30;0.30;-0.03;-0.01;0.07;0.04;0.07;-2.24;-2.66;-90.00;0.00;0.50;0.017
1209.785;1979;-2.20;-2.59;262.38;-2.24;-2.66;-90.00;0.00;0.50;182;0;1;0;0.28;0.30;0.29;-0.01;-0.01;0.00;0.00;0.04;-2.24;-2.66;-90.00;0.00;0.50;0.017
1209.885;1988;-2.21;-2.61;262.67;-2.24;-2.66;-90.00;0.00;0.50;182;0;1;0;0.28;0.30;0.28;-0.01;-0.01;-0.05;-0.02;0.08;-2.24;-2.66;-90.00;0.00;0.50;0.012
1209.985;1998;-2.21;-2.64;262.82;-2.24;-2.66;-90.00;0.00;0.50;182;0;1;0;0.28;0.30;0.29;-0.01;-0.01;-0.05;-0.03;0.11;-2.24;-2.66;-90.00;0.00;0.50;0.011
1210.095;2006;-2.21;-2.66;263.01;-2.24;-2.85;-90.00;-0.00;0.50;182;1;1;0;0.28;0.30;0.30;-0.00;-0.01;0.04;0.02;-0.01;-2.24;-2.67;-90.00;-0.00;0.50;0.020
1210.185;2016;-2.22;-2.69;263.25;-2.24;-2.85;-90.00;-0.00;0.50;182;1;1;0;0.28;0.30;0.29;-0.00;-0.01;0.01;0.00;0.00;-2.24;-2.69;-90.00;-0.00;0.50;0.009
1210.285;2026;-2.22;-2.72;263.53;-2.24;-2.85;-90.00;-0.00;0.50;182;1;1;0;0.27;0.30;0.29;-0.01;-0.01;0.01;0.01;0.02;-2.24;-2.72;-90.00;-0.00;0.50;0.009
1210.385;2040;-2.23;-2.76;263.86;-2.24;-2.85;-90.00;-0.00;0.50;182;1;1;0;0.27;0.30;0.29;-0.00;-0.01;-0.01;-0.01;0.02;-2.24;-2.75;-90.00;-0.00;0.50;0.013
1210.505;2049;-2.23;-2.79;264.05;-2.24;-3.06;-90.00;0.00;0.50;185;0;1;0;0.27;0.30;0.28;-0.01;-0.01;-0.03;-0.02;0.04;-2.24;-2.78;-90.00;-0.00;0.50;0.018
1210.585;2060;-2.23;-2.82;264.24;-2.24;-3.06;-90.00;0.00;0.50;185;0;1;0;0.27;0.30;0.29;-0.00;-0.01;-0.01;-0.01;0.01;-2.24;-3.06;-90.00;0.00;0.50;0.013
1210.705;2068;-2.24;-2.84;264.39;-2.24;-3.46;-90.00;-0.00;0.50;184;0;1;6;0.27;0.30;0.28;-0.01;-0.01;-0.04;-0.03;0.08;-2.24;-3.06;-90.00;0.00;0.50;0.015
1210.795;2079;-2.24;-2.87;264.58;-2.24;-3.46;-90.00;-0.00;0.50;184;0;1;6;0.05;0.30;0.28;-0.01;-0.01;-0.02;-0.02;0.04;-2.24;-3.46;-90.00;-0.00;0.50;0.024
1210.895;2087;-2.24;-2.90;264.02;-2.24;-3.46;-90.00;-0.00;0.50;184;0;1;6;0.09;0.30;0.30;0.01;-0.01;-0.06;-0.04;-0.21;-2.24;-3.46;-90.00;-0.00;0.50;0.019
1210.995;2101;-2.25;-2.94;262.59;-2.24;-3.46;-90.00;-0.00;0.50;184;0;1;6;0.18;0.30;0.29;-0.00;-0.01;-0.07;-0.04;-0.09;-2.24;-3.46;-90.00;-0.00;0.50;0.023
1211.085;2106;-2.25;-2.95;262.48;-2.24;-3.46;-90.00;-0.00;0.50;184;0;1;6;0.20;0.30;0.29;-0.01;-0.01;-0.03;-0.01;0.02;-2.24;-3.46;-90.00;-0.00;0.50;0.013
1211.195;2121;-2.26;-2.99;262.91;-2.24;-3.46;-90.00;-0.00;0.50;184;0;1;6;0.20;0.30;0.28;-0.00;-0.01;-0.04;-0.03;0.07;-2.24;-3.46;-90.00;-0.00;0.50;0.021
1211.285;2129;-2.26;-3.02;263.12;-2.24;-3.46;-90.00;-0.00;0.50;184;0;1;6;0.21;0.30;0.28;-0.00;-0.01;-0.02;-0.02;0.06;-2.24;-3.46;-90.00;-0.00;0.50;0.014
1211.395;2140;-2.26;-3.05;263.44;-2.24;-3.46;-90.00;-0.00;0.50;184;0;1;6;0.21;0.30;0.28;-0.00;-0.01;-0.02;-0.02;0.06;-2.24;-3.46;-90.00;-0.00;0.50;0.027
1211.495;2148;-2.27;-3.07;263.66;-2.24;-3.46;-90.00;-0.00;0.50;184;0;1;6;0.21;0.30;0.28;-0.00;-0.01;-0.02;-0.02;0.06;-2.24;-3.46;-90.00;-0.00;0.50;0.019
1211.595;2157;-2.27;-3.10;263.90;-2.24;-3.46;-90.00;-0.00;0.50;184;0;1;6;0.21;0.30;0.28;-0.00;-0.01;-0.02;-0.02;0.06;-2.24;-3.46;-90.00;-0.00;0.50;0.014
1211.685;2167;-2.27;-3.13;263.99;-2.24;-3.46;-90.00;-0.00;0.50;184;0;1;6;0.23;0.30;0.30;-0.00;-0.01;-0.04;-0.03;0.06;-2.24;-3.46;-90.00;-0.00;0.50;0.012
1211.785;2180;-2.28;-3.16;264.26;-2.24;-3.46;-90.00;-0.00;0.50;184;0;1;6;0.24;0.30;0.30;-0.00;-0.01;0.07;0.04;-0.00;-2.24;-3.46;-90.00;-0.00;0.50;0.016
1211.885;2190;-2.28;-3.19;264.61;-2.24;-3.46;-90.00;-0.00;0.50;184;0;1;6;0.24;0.30;0.28;-0.00;-0.01;-0.04;-0.03;0.08;-2.24;-3.46;-90.00;-0.00;0.50;0.015
1211.995;2199;-2.28;-3.22;264.84;-2.24;-3.46;-90.00;-0.00;0.50;184;0;1;6;0.24;0.30;0.28;-0.00;-0.01;-0.01;-0.02;0.07;-2.24;-3.46;-90.00;-0.00;0.50;0.017
1212.095;2210;-2.29;-3.25;265.14;-2.24;-3.46;-90.00;-0.00;0.50;184;0;1;6;0.24;0.30;0.28;-0.00;-0.01;-0.01;-0.02;0.07;-2.24;-3.46;-90.00;-0.00;0.50;0.021
1212.195;2218;-2.29;-3.27;265.36;-2.24;-3.46;-90.00;-0.00;0.50;184;0;1;6;0.24;0.30;0.28;-0.00;-0.01;-0.01;-0.02;0.07;-2.24;-3.46;-90.00;-0.00;0.50;0.023
1212.305;2229;-2.29;-3.30;265.52;-2.24;-3.46;-90.00;-0.00;0.50;184;0;1;6;0.25;0.30;0.29;-0.01;-0.01;-0.00;-0.00;0.05;-2.24;-3.46;-90.00;-0.00;0.50;0.023
1212.395;2237;-2.29;-3.33;265.67;-2.24;-3.46;-90.00;-0.00;0.50;184;0;1;6;0.26;0.30;0.29;-0.00;-0.01;-0.06;-0.04;0.06;-2.24;-3.46;-90.00;-0.00;0.50;0.024
1212.495;2248;-2.30;-3.36;265.98;-2.24;-3.46;-90.00;-0.00;0.50;184;0;1;6;0.26;0.30;0.28;-0.00;-0.01;-0.03;-0.03;0.07;-2.24;-3.46;-90.00;-0.00;0.50;0.013
1212.585;2257;-2.30;-3.38;266.20;-2.24;-3.46;-90.00;-0.00;0.50;184;0;1;6;0.26;0.30;0.28;-0.00;-0.01;-0.01;-0.02;0.08;-2.24;-3.46;-90.00;-0.00;0.50;0.017
1212.695;2268;-2.30;-3.41;266.52;-2.19;-3.94;-72.73;0.49;0.50;184;1;1;6;0.26;0.30;0.28;-0.00;-0.01;-0.01;-0.02;0.07;-2.24;-3.46;-90.00;-0.00;0.50;0.022
1212.785;2276;-2.30;-3.44;266.74;-2.19;-3.94;-72.73;0.49;0.50;184;1;1;6;0.15;0.30;0.28;-0.00;-0.01;-0.01;-0.02;0.07;-2.24;-3.46;-90.00;-0.00;0.50;0.009
1212.895;2291;-2.30;-3.48;266.27;-2.19;-3.94;-72.73;0.49;0.50;184;1;1;6;0.26;0.30;0.30;-0.00;-0.01;-0.05;-0.04;-0.07;-2.24;-3.46;-90.00;-0.00;0.50;0.020
1212.995;2299;-2.31;-3.50;266.43;-2.19;-3.94;-72.73;0.49;0.50;184;1;1;6;0.28;0.30;0.28;-0.01;-0.01;-0.05;-0.03;0.13;-2.24;-3.48;-89.96;0.02;0.50;0.017
1213.085;2310;-2.31;-3.53;266.82;-2.19;-3.94;-72.73;0.49;0.50;184;1;1;6;0.30;0.30;0.30;-0.00;-0.01;0.09;0.06;0.04;-2.24;-3.53;-89.63;0.07;0.50;0.009
1213.185;2319;-2.31;-3.56;267.35;-2.19;-3.94;-72.73;0.49;0.50;184;1;1;6;0.32;0.30;0.29;-0.00;-0.01;0.01;-0.00;0.05;-2.24;-3.56;-89.35;0.10;0.50;0.010
1213.285;2329;-2.31;-3.59;268.02;-2.19;-3.94;-72.73;0.49;0.50;184;1;1;6;0.34;0.30;0.28;-0.02;-0.01;-0.05;-0.03;0.18;-2.24;-3.58;-88.97;0.12;0.50;0.009
1213.375;2338;-2.32;-3.62;268.61;-2.19;-3.94;-72.73;0.49;0.50;184;1;1;6;0.36;0.30;0.29;-0.01;-0.01;-0.05;-0.03;0.21;-2.24;-3.61;-88.51;0.15;0.50;0.008
1213.485;2347;-2.32;-3.64;269.29;-2.19;-3.94;-72.73;0.49;0.50;184;1;1;6;0.39;0.30;0.30;-0.00;-0.01;0.06;0.04;0.09;-2.24;-3.63;-87.97;0.17;0.50;0.010
1213.575;2358;-2.32;-3.67;270.80;-2.19;-3.94;-72.73;0.49;0.50;184;1;1;6;0.40;0.30;0.29;-0.01;-0.01;-0.01;-0.00;0.25;-2.23;-3.68;-86.61;0.22;0.50;0.007
1213.695;2371;-2.32;-3.71;272.81;-2.19;-3.94;-72.73;0.49;0.50;184;1;1;6;0.40;0.30;0.30;-0.04;-0.01;-0.03;-0.03;0.28;-2.23;-3.68;-86.61;0.22;0.50;0.022
1213.805;2381;-2.32;-3.74;274.28;-2.19;-3.94;-72.73;0.49;0.50;184;1;1;6;0.43;0.30;0.31;-0.05;-0.01;-0.14;-0.12;0.35;-2.23;-3.73;-84.88;0.27;0.50;0.025
1213.895;2389;-2.32;-3.77;275.48;-2.19;-3.94;-72.73;0.49;0.50;184;1;1;6;0.44;0.30;0.30;-0.02;-0.01;0.06;0.05;0.24;-2.23;-3.75;-83.88;0.30;0.50;0.016
1213.995;2400;-2.32;-3.80;277.60;-2.19;-3.94;-72.73;0.49;0.50;184;1;1;6;0.45;0.30;0.29;-0.01;-0.01;-0.06;-0.05;0.37;-2.23;-3.78;-82.78;0.32;0.50;0.019
1214.085;2408;-2.32;-3.82;279.04;-2.19;-3.94;-72.73;0.49;0.50;184;1;1;6;0.46;0.30;0.30;0.00;-0.01;0.10;0.10;0.28;-2.22;-3.80;-81.59;0.35;0.50;0.008
1214.195;2419;-2.31;-3.86;281.39;-2.19;-3.94;-72.73;0.49;0.50;184;1;1;6;0.49;0.30;0.29;-0.01;-0.01;-0.01;-0.01;0.37;-2.21;-3.85;-78.92;0.40;0.50;0.019
1214.285;2427;-2.31;-3.88;282.95;-2.19;-3.94;-72.73;0.49;0.50;184;1;1;6;0.47;0.30;0.30;0.00;-0.01;0.14;0.16;0.34;-2.21;-3.85;-78.92;0.40;0.50;0.009
1214.385;2436;-2.30;-3.91;285.08;-2.19;-3.94;-72.73;0.49;0.50;184;1;1;6;0.48;0.30;0.30;-0.02;-0.01;0.04;0.04;0.32;-2.21;-3.88;-77.43;0.42;0.50;0.014
1214.485;2446;-2.29;-3.94;287.07;-1.89;-4.31;-25.94;0.72;0.50;184;2;1;6;0.55;0.30;0.29;-0.01;-0.01;-0.08;-0.11;0.41;-2.20;-3.92;-74.16;0.47;0.50;0.009
1214.575;2459;-2.28;-3.97;289.07;-1.89;-4.31;-25.94;0.72;0.50;184;2;1;6;0.34;0.30;0.14;0.09;0.00;0.17;0.23;-0.32;-2.20;-3.92;-74.16;0.47;0.50;0.005
1214.685;2469;-2.27;-3.98;286.96;-1.89;-4.31;-25.94;0.72;0.50;184;2;1;6;0.50;0.30;0.14;0.04;0.01;-0.03;-0.02;-0.11;-2.19;-3.95;-72.37;0.50;0.50;0.012
1214.785;2478;-2.27;-3.98;285.89;-1.89;-4.31;-25.94;0.72;0.50;184;2;1;6;0.56;0.30;0.07;0.01;0.06;-0.33;0.08;-0.07;-2.19;-3.95;-72.37;0.50;0.50;0.009
1214.885;2489;-2.26;-3.99;285.88;-1.89;-4.31;-25.94;0.72;0.50;184;2;1;6;0.60;0.30;0.08;-0.01;0.02;-0.29;-0.19;0.15;-2.18;-3.97;-70.51;0.51;0.50;0.011
1214.985;2497;-2.26;-4.00;286.87;-1.89;-4.31;-25.94;0.72;0.50;184;2;1;6;0.58;0.30;0.10;0.01;0.03;-0.41;-0.25;0.35;-2.18;-3.97;-70.51;0.51;0.50;0.012
1215.085;2507;-2.26;-4.01;288.79;-1.89;-4.31;-25.94;0.72;0.50;184;2;1;6;0.53;0.30;0.14;0.03;0.07;-0.58;-0.19;0.33;-2.18;-3.97;-70.51;0.51;0.50;0.012
1215.175;2517;-2.25;-4.02;290.47;-1.89;-4.31;-25.94;0.72;0.50;184;2;1;6;0.52;0.30;0.17;0.00;0.06;-0.62;-0.23;0.33;-2.17;-3.99;-68.60;0.52;0.50;0.006
1215.285;2526;-2.25;-4.03;291.82;-1.89;-4.31;-25.94;0.72;0.50;184;2;1;6;0.51;0.30;0.18;-0.01;0.05;-0.65;-0.27;0.26;-2.17;-3.99;-68.60;0.52;0.50;0.011
1215.375;2536;-2.24;-4.05;293.34;-1.89;-4.31;-25.94;0.72;0.50;184;2;1;6;0.52;0.30;0.21;-0.01;0.04;-0.67;-0.32;0.32;-2.16;-4.02;-66.65;0.53;0.50;0.005
1215.485;2550;-2.23;-4.07;295.60;-1.89;-4.31;-25.94;0.72;0.50;184;2;1;6;0.52;0.30;0.18;0.01;0.01;-0.59;-0.29;0.38;-2.15;-4.04;-64.64;0.54;0.50;0.013
1215.585;2559;-2.22;-4.08;297.84;-1.89;-4.31;-25.94;0.72;0.50;184;2;1;6;0.47;0.30;0.18;0.07;-0.01;-0.55;-0.21;0.47;-2.15;-4.04;-64.64;0.54;0.50;0.009
1215.675;2568;-2.21;-4.09;299.24;-1.89;-4.31;-25.94;0.72;0.50;184;2;1;6;0.47;0.30;0.14;0.03;-0.02;-0.40;-0.37;0.20;-2.14;-4.06;-62.58;0.55;0.50;0.005
1215.775;2579;-2.20;-4.11;301.57;-1.89;-4.31;-25.94;0.72;0.50;184;2;1;6;0.43;0.30;0.20;0.02;-0.04;-0.56;-0.37;0.39;-2.14;-4.06;-62.58;0.55;0.50;0.005
1215.885;2587;-2.19;-4.12;303.10;-1.89;-4.31;-25.94;0.72;0.50;184;2;1;6;0.44;0.30;0.17;-0.00;-0.10;-0.73;-0.22;0.30;-2.13;-4.08;-60.47;0.57;0.50;0.008
1215.985;2598;-2.18;-4.14;305.22;-1.89;-4.31;-25.94;0.72;0.50;184;2;1;6;0.44;0.30;0.17;0.05;-0.09;-0.33;-0.29;0.54;-2.12;-4.11;-58.30;0.58;0.50;0.006
1216.085;2606;-2.17;-4.15;307.01;-1.89;-4.31;-25.94;0.72;0.50;184;2;1;6;0.40;0.30;0.08;0.04;-0.02;-0.38;0.18;-0.14;-2.12;-4.11;-58.30;0.58;0.50;0.010
1216.185;2617;-2.16;-4.15;305.06;-1.89;-4.31;-25.94;0.72;0.50;184;2;1;6;0.49;0.30;0.01;-0.01;-0.06;0.06;-0.18;-0.29;-2.12;-4.11;-58.30;0.58;0.50;0.011
1216.285;2630;-2.16;-4.16;303.90;-1.89;-4.31;-25.94;0.72;0.50;184;2;1;6;0.58;0.30;0.07;-0.01;-0.01;-0.12;0.18;-0.19;-2.10;-4.13;-56.07;0.59;0.50;0.009
1216.385;2636;-2.16;-4.16;304.03;-1.89;-4.31;-25.94;0.72;0.50;184;2;1;6;0.60;0.30;0.08;0.01;-0.04;-0.18;0.05;0.04;-2.10;-4.13;-56.07;0.59;0.50;0.008
1216.485;2650;-2.15;-4.17;304.75;-1.89;-4.31;-25.94;0.72;0.50;184;2;1;6;0.59;0.30;0.04;0.04;-0.05;0.11;0.19;-0.01;-2.10;-4.13;-56.07;0.59;0.50;0.009
1216.585;2659;-2.15;-4.17;306.06;-1.89;-4.31;-25.94;0.72;0.50;184;2;1;6;0.56;0.30;0.12;0.03;-0.02;-0.15;0.43;-0.00;-2.10;-4.13;-56.07;0.59;0.50;0.011
1216.675;2668;-2.14;-4.18;308.08;-1.89;-4.31;-25.94;0.72;0.50;184;2;1;6;0.54;0.30;0.12;0.08;-0.09;0.08;0.34;0.18;-2.09;-4.15;-53.79;0.60;0.50;0.007
1216.785;2679;-2.12;-4.19;311.78;-1.89;-4.31;-25.94;0.72;0.50;184;2;1;6;0.47;0.30;0.17;0.09;-0.07;-0.09;0.38;0.14;-2.07;-4.17;-51.46;0.61;0.50;0.010
1216.885;2687;-2.10;-4.19;314.11;-1.89;-4.31;-25.94;0.72;0.50;184;2;1;6;0.42;0.30;0.14;0.10;-0.12;-0.28;0.53;0.06;-2.07;-4.17;-51.46;0.61;0.50;0.012
1216.975;2696;-2.09;-4.20;315.79;-1.89;-4.31;-25.94;0.72;0.50;184;2;1;6;0.43;0.30;0.18;0.11;-0.07;-0.06;0.38;0.05;-2.06;-4.19;-49.06;0.62;0.50;0.005
1217.075;2706;-2.06;-4.21;317.62;-1.89;-4.31;-25.94;0.72;0.50;184;2;1;6;0.40;0.30;0.19;0.11;-0.06;-0.07;0.40;0.09;-2.06;-4.19;-49.06;0.62;0.50;0.005
1217.175;2715;-2.05;-4.21;319.43;-1.89;-4.31;-25.94;0.72;0.50;184;2;1;6;0.41;0.30;0.16;0.11;-0.12;-0.29;0.54;-0.01;-2.04;-4.20;-46.61;0.63;0.50;0.005
1217.285;2729;-2.02;-4.23;321.48;-1.89;-4.31;-25.94;0.72;0.50;184;2;1;6;0.44;0.30;0.15;0.09;-0.12;-0.45;0.28;0.11;-2.02;-4.22;-44.10;0.65;0.50;0.008
1217.385;2739;-2.00;-4.23;323.64;-1.89;-4.31;-25.94;0.72;0.50;184;2;1;6;0.45;0.30;0.16;0.11;-0.11;-0.27;0.58;0.08;-2.01;-4.24;-41.52;0.66;0.50;0.011
1217.485;2749;-1.98;-4.24;325.36;-1.89;-4.31;-25.94;0.72;0.50;184;2;1;6;0.47;0.30;0.16;0.12;-0.11;-0.37;0.50;0.07;-1.99;-4.25;-38.89;0.67;0.50;0.012
1217.585;2758;-1.96;-4.24;327.03;-1.89;-4.31;-25.94;0.72;0.50;184;2;1;6;0.50;0.30;0.20;0.11;-0.03;-0.06;0.55;0.12;-1.97;-4.27;-36.19;0.68;0.50;0.008
1217.685;2769;-1.93;-4.25;329.18;-1.89;-4.31;-25.94;0.72;0.50;184;2;1;6;0.52;0.30;0.16;0.18;-0.09;-0.05;0.74;0.08;-1.95;-4.28;-33.43;0.69;0.50;0.011
1217.775;2777;-1.91;-4.25;330.10;-1.42;-4.30;27.41;0.63;0.50;184;3;1;6;0.58;0.30;0.17;0.19;-0.08;-0.03;0.99;-0.10;-1.93;-4.30;-30.60;0.70;0.50;0.006
1217.875;2788;-1.88;-4.25;330.00;-1.42;-4.30;27.41;0.63;0.50;184;3;1;6;0.79;0.30;0.22;0.18;0.02;-0.07;1.60;-0.43;-1.91;-4.31;-27.71;0.71;0.50;0.005
1217.975;2797;-1.85;-4.24;329.67;-1.42;-4.30;27.41;0.63;0.50;184;3;1;6;0.79;0.30;0.25;0.32;0.19;0.21;1.56;0.38;-1.88;-4.32;-24.76;0.72;0.50;0.003
1218.075;2807;-1.82;-4.22;332.23;-1.42;-4.30;27.41;0.63;0.50;184;3;1;6;0.79;0.30;0.19;0.29;0.12;-0.12;2.03;0.33;-1.86;-4.33;-21.82;0.71;0.50;0.006
1218.175;2818;-1.79;-4.21;334.89;-1.42;-4.30;27.41;0.63;0.50;184;3;1;6;0.79;0.30;0.15;0.07;0.27;-0.81;0.57;0.43;-1.84;-4.34;-18.91;0.71;0.50;0.003
1218.275;2827;-1.77;-4.19;336.62;-1.42;-4.30;27.41;0.63;0.50;184;3;1;6;0.79;0.30;0.03;0.15;0.22;-1.05;0.44;0.26;-1.81;-4.34;-16.03;0.70;0.50;0.005
1218.385;2837;-1.76;-4.16;337.17;-1.42;-4.30;27.41;0.63;0.50;184;3;1;6;0.79;0.30;-0.04;0.18;0.30;-1.48;0.54;0.03;-1.81;-4.34;-16.03;0.70;0.50;0.005
1218.475;2845;-1.75;-4.12;337.04;-1.42;-4.30;27.41;0.63;0.50;184;3;1;6;0.79;0.30;-0.06;0.11;0.48;-2.19;0.82;-0.03;-1.81;-4.34;-16.03;0.70;0.50;0.003
1218.585;2860;-1.72;-4.04;337.03;-1.42;-4.30;27.41;0.63;0.50;184;3;1;6;0.79;0.30;-0.00;-0.36;0.57;-2.77;0.94;0.01;-1.81;-4.34;-16.03;0.70;0.50;0.006
1218.685;2868;-1.70;-3.99;337.15;-1.42;-4.30;27.41;0.63;0.50;184;3;1;6;0.79;0.30;0.04;-0.40;0.57;-2.91;1.13;0.01;-1.74;-4.36;-7.55;0.69;0.50;0.006
1218.775;2878;-1.68;-3.93;337.16;-1.42;-4.30;27.41;0.63;0.50;184;3;1;6;0.79;0.30;-0.11;-0.40;0.07;-1.34;0.04;0.03;-1.67;-4.36;0.69;0.68;0.50;0.002
1218.875;2888;-1.69;-3.92;337.16;-1.42;-4.30;27.41;0.63;0.50;184;3;1;6;0.79;0.30;-0.29;0.16;0.02;-0.06;-1.08;-0.04;-1.77;-4.36;-10.35;0.69;0.50;0.003
1218.975;2896;-1.69;-3.93;337.01;-1.42;-4.30;27.41;0.63;0.50;184;3;1;6;0.79;0.30;0.11;0.20;-0.06;0.81;0.14;0.00;-1.77;-4.36;-10.35;0.69;0.50;0.002
1219.075;2907;-1.68;-3.96;336.78;-1.42;-4.30;27.41;0.63;0.50;184;3;1;6;0.79;0.30;0.14;0.15;-0.16;0.26;0.04;0.21;-1.69;-4.36;-2.03;0.68;0.50;0.003
1219.175;2915;-1.68;-3.97;338.59;-1.42;-4.30;27.41;0.63;0.50;184;3;1;6;0.79;0.30;0.03;0.02;-0.07;-0.25;0.04;0.37;-1.69;-4.36;-2.03;0.68;0.50;0.003
1219.275;2926;-1.68;-3.97;339.91;-1.42;-4.30;27.41;0.63;0.50;184;3;1;6;0.79;0.30;0.03;-0.02;-0.03;-0.18;0.11;0.10;-1.69;-4.36;-2.03;0.68;0.50;0.005
1219.375;2939;-1.68;-3.98;340.60;-1.42;-4.30;27.41;0.63;0.50;184;3;1;6;0.79;0.30;0.01;0.05;-0.02;0.15;-0.08;0.10;-1.69;-4.36;-2.03;0.68;0.50;0.003
1219.475;2949;-1.68;-3.98;341.14;-1.42;-4.30;27.41;0.63;0.50;184;3;1;6;0.79;0.30;0.02;0.06;-0.02;0.16;-0.08;0.10;-1.67;-4.36;0.69;0.68;0.50;0.004
1219.575;2958;-1.68;-3.99;341.64;-1.42;-4.30;27.41;0.63;0.50;184;3;1;6;0.79;0.30;0.02;-0.01;-0.03;-0.17;0.10;0.09;-1.67;-4.36;0.69;0.68;0.50;0.004
1219.675;2968;-1.67;-3.99;342.19;-1.42;-4.30;27.41;0.63;0.50;184;3;1;6;0.79;0.30;0.02;-0.01;-0.03;-0.17;0.10;0.09;-1.67;-4.36;0.69;0.68;0.50;0.007
1219.775;2976;-1.67;-3.99;342.63;-1.42;-4.30;27.41;0.63;0.50;184;3;1;6;0.79;0.30;0.02;-0.01;-0.03;-0.17;0.09;0.09;-1.67;-4.36;0.69;0.68;0.50;0.005
1219.875;2987;-1.67;-4.00;343.23;-1.42;-4.30;27.41;0.63;0.50;184;3;1;6;0.79;0.30;0.02;0.06;-0.02;0.16;-0.08;0.10;-1.67;-4.36;0.69;0.68;0.50;0.005
1219.985;3000;-1.67;-4.00;343.95;-1.42;-4.30;27.41;0.63;0.50;184;3;1;6;0.79;0.30;0.02;-0.01;-0.03;-0.17;0.09;0.09;-1.67;-4.36;0.69;0.68;0.50;0.008
1220.075;3006;-1.67;-4.01;344.28;-1.42;-4.30;27.41;0.63;0.50;184;3;1;6;0.79;0.30;0.02;-0.01;-0.03;-0.18;0.09;0.09;-1.67;-4.36;0.69;0.68;0.50;0.002
1220.175;3014;-1.67;-4.01;344.72;-1.42;-4.30;27.41;0.63;0.50;184;3;1;6;0.79;0.30;0.02;-0.01;-0.03;-0.18;0.09;0.09;-1.67;-4.36;0.69;0.68;0.50;0.002
1220.275;3029;-1.67;-4.02;345.54;-1.42;-4.30;27.41;0.63;0.50;184;3;1;6;0.79;0.30;0.02;0.06;-0.02;0.16;-0.07;0.10;-1.67;-4.36;0.69;0.68;0.50;0.006
1220.375;3038;-1.67;-4.02;346.04;-1.42;-4.30;27.41;0.63;0.50;184;3;1;6;0.79;0.30;0.02;-0.01;-0.03;-0.18;0.08;0.09;-1.67;-4.36;0.69;0.68;0.50;0.003
1220.485;3048;-1.67;-4.02;346.59;-1.42;-4.30;27.41;0.63;0.50;184;3;1;6;0.79;0.30;0.02;-0.01;-0.03;-0.18;0.08;0.09;-1.67;-4.36;0.69;0.68;0.50;0.006
1220.575;3056;-1.67;-4.03;347.03;-1.42;-4.30;27.41;0.63;0.50;184;3;1;6;0.79;0.30;0.02;-0.01;-0.03;-0.18;0.08;0.09;-1.64;-4.36;3.38;0.67;0.50;0.004
1220.675;3067;-1.67;-4.03;347.63;-1.42;-4.30;27.41;0.63;0.50;184;3;1;6;0.79;0.30;0.02;0.06;-0.02;0.16;-0.07;0.10;-1.64;-4.36;3.38;0.67;0.50;0.003
1220.775;3075;-1.67;-4.03;348.07;-1.42;-4.30;27.41;0.63;0.50;184;3;1;6;0.79;0.30;0.02;0.06;-0.02;0.16;-0.06;0.10;-1.64;-4.36;3.38;0.67;0.50;0.002
1220.885;3090;-1.66;-4.04;348.90;-1.42;-4.30;27.41;0.63;0.50;184;3;1;6;0.79;0.30;0.02;-0.01;-0.03;-0.18;0.07;0.09;-1.64;-4.36;3.38;0.67;0.50;0.012
1220.975;3099;-1.66;-4.04;349.39;-1.42;-4.30;27.41;0.63;0.50;184;3;1;6;0.79;0.30;0.02;0.06;-0.02;0.17;-0.06;0.10;-1.64;-4.36;3.38;0.67;0.50;0.005
1221.075;3109;-1.66;-4.05;349.94;-1.42;-4.30;27.41;0.63;0.50;184;3;1;6;0.79;0.30;0.02;0.06;-0.02;0.17;-0.06;0.10;-1.64;-4.36;3.38;0.67;0.50;0.008
1221.175;3118;-1.66;-4.05;350.43;-1.42;-4.30;27.41;0.63;0.50;184;3;1;6;0.79;0.30;0.02;-0.01;-0.03;-0.18;0.07;0.09;-1.64;-4.36;3.38;0.67;0.50;0.003
1221.285;3128;-1.66;-4.06;350.98;-1.42;-4.30;27.41;0.63;0.50;184;3;1;6;0.79;0.30;0.02;-0.01;-0.03;-0.18;0.07;0.09;-1.64;-4.36;3.38;0.67;0.50;0.007
1221.385;3136;-1.66;-4.06;351.42;-1.42;-4.30;27.41;0.63;0.50;184;3;1;6;0.79;0.30;0.02;-0.01;-0.03;-0.19;0.07;0.09;-1.64;-4.36;3.38;0.67;0.50;0.006
1221.485;3146;-1.66;-4.06;351.97;-1.42;-4.30;27.41;0.63;0.50;184;3;1;6;0.79;0.30;0.02;-0.01;-0.03;-0.19;0.06;0.09;-1.64;-4.36;3.38;0.67;0.50;0.006
1221.575;3156;-1.65;-4.07;352.52;-1.42;-4.30;27.41;0.63;0.50;184;3;1;6;0.79;0.30;0.02;-0.01;-0.03;-0.19;0.06;0.09;-1.62;-4.36;6.04;0.67;0.50;0.003
1221.675;3169;-1.65;-4.07;353.24;-1.42;-4.30;27.41;0.63;0.50;184;3;1;6;0.79;0.30;0.02;0.06;-0.02;0.17;-0.05;0.10;-1.62;-4.36;6.04;0.67;0.50;0.003
1221.775;3179;-1.65;-4.08;353.79;-1.42;-4.30;27.41;0.63;0.50;184;3;1;6;0.79;0.30;0.02;0.06;-0.02;0.17;-0.05;0.10;-1.62;-4.36;6.04;0.67;0.50;0.003
1221.875;3188;-1.65;-4.08;354.28;-1.42;-4.30;27.41;0.63;0.50;184;3;1;6;0.79;0.30;0.02;-0.01;-0.03;-0.19;0.06;0.09;-1.62;-4.36;6.04;0.67;0.50;0.003
1221.975;3198;-1.65;-4.08;354.83;-1.42;-4.30;27.41;0.63;0.50;184;3;1;6;0.79;0.30;0.02;-0.01;-0.03;-0.19;0.06;0.09;-1.62;-4.36;6.04;0.67;0.50;0.003
1222.075;3207;-1.65;-4.09;355.32;-1.42;-4.30;27.41;0.63;0.50;184;3;1;6;0.79;0.30;0.02;0.06;-0.02;0.17;-0.04;0.10;-1.62;-4.36;6.04;0.67;0.50;0.006
1222.175;3218;-1.64;-4.09;355.93;-1.42;-4.30;27.41;0.63;0.50;184;3;1;6;0.78;0.30;0.02;-0.01;-0.03;-0.19;0.05;0.09;-1.62;-4.36;6.04;0.67;0.50;0.002
1222.275;3226;-1.64;-4.09;356.35;-1.42;-4.30;27.41;0.63;0.50;184;3;1;6;0.77;0.30;0.02;-0.01;-0.03;-0.19;0.05;0.09;-1.62;-4.36;6.04;0.67;0.50;0.002
1222.385;3240;-1.64;-4.10;356.99;-1.42;-4.30;27.41;0.63;0.50;184;3;1;6;0.75;0.30;0.02;-0.01;-0.03;-0.19;0.05;0.07;-1.62;-4.36;6.04;0.67;0.50;0.005
1222.475;3245;-1.64;-4.10;357.15;-1.42;-4.30;27.41;0.63;0.50;184;3;1;6;0.75;0.30;0.00;0.05;-0.02;0.17;-0.04;0.05;-1.62;-4.36;6.04;0.67;0.50;0.006
1222.575;3256;-1.64;-4.11;357.43;-1.42;-4.30;27.41;0.63;0.50;184;3;1;6;0.74;0.30;0.01;-0.01;-0.03;-0.20;0.05;0.04;-1.62;-4.36;6.04;0.67;0.50;0.003
1222.675;3268;-1.64;-4.11;357.68;-1.42;-4.30;27.41;0.63;0.50;184;3;1;6;0.73;0.30;0.00;-0.01;-0.03;-0.19;0.04;0.03;-1.62;-4.36;6.04;0.67;0.50;0.003
1222.785;3279;-1.64;-4.11;357.79;-1.42;-4.30;27.41;0.63;0.50;184;3;1;6;0.73;0.30;0.01;0.07;0.05;0.01;0.00;0.03;-1.62;-4.36;6.04;0.67;0.50;0.006
1222.885;3287;-1.64;-4.11;357.95;-1.42;-4.30;27.41;0.63;0.50;184;3;1;6;0.72;0.30;0.00;0.07;0.05;0.01;-0.02;0.03;-1.62;-4.36;6.04;0.67;0.50;0.005
1222.975;3296;-1.64;-4.11;358.07;-1.42;-4.30;27.41;0.63;0.50;184;3;1;6;0.72;0.30;0.00;0.01;-0.01;0.07;0.00;0.01;-1.62;-4.36;6.04;0.67;0.50;0.004
1223.075;3306;-1.64;-4.11;358.27;-1.42;-4.30;27.41;0.63;0.50;184;3;1;6;0.71;0.30;-0.01;0.03;-0.01;0.09;-0.11;0.05;-1.62;-4.36;6.04;0.67;0.50;0.003
1223.185;3319;-1.64;-4.12;358.48;-1.42;-4.30;27.41;0.63;0.50;184;3;1;6;0.71;0.30;-0.01;0.02;-0.01;0.06;-0.07;0.04;-1.62;-4.36;6.04;0.67;0.50;0.004
1223.285;3329;-1.64;-4.12;358.64;-1.42;-4.30;27.41;0.63;0.50;184;3;1;6;0.70;0.30;0.00;0.01;-0.01;0.06;-0.00;0.01;-1.62;-4.36;6.04;0.67;0.50;0.004
