t;frame;x;y;z;x_ref;y_ref;z_ref;delta_ref;u_ref;state;ellipse;control;action;delta;u;vx;vy;vz;wx;wy;wz;xr;yr;zr;delr;ur
92112.415;8;1.26;-2.13;95.32;1.19;-1.95;90.00;-0.00;0.50;954;1;1;2;-0.08;0.01;-0.00;0.00;0.00;-0.01;0.01;0.01;1.19;-2.03;90.00;-0.00;0.05;0.015
92112.505;16;1.26;-2.14;95.33;1.19;-1.95;90.00;-0.00;0.50;954;1;1;2;-0.08;0.03;-0.00;-0.00;-0.00;0.01;-0.01;0.01;1.19;-2.03;90.00;-0.00;0.05;0.009
92112.605;24;1.26;-2.14;95.34;1.19;-1.95;90.00;-0.00;0.50;954;1;1;2;-0.09;0.04;-0.00;-0.00;-0.00;0.01;-0.01;0.01;1.19;-2.03;90.00;-0.00;0.05;0.005
92112.715;39;1.26;-2.13;95.34;1.19;-1.95;90.00;-0.00;0.50;954;1;1;2;-0.09;0.05;0.04;0.00;0.00;-0.01;-0.01;-0.01;1.19;-2.03;90.00;-0.00;0.05;0.013
92112.815;47;1.26;-2.13;95.27;1.19;-1.95;90.00;-0.00;0.50;954;1;1;2;-0.08;0.06;0.06;0.00;0.00;-0.00;-0.00;-0.01;1.19;-2.03;90.00;-0.00;0.05;0.008
92112.905;58;1.26;-2.12;95.19;1.19;-1.95;90.00;-0.00;0.50;954;1;1;2;-0.08;0.07;0.07;-0.00;-0.00;-0.00;-0.00;-0.01;1.19;-2.03;90.00;-0.00;0.05;0.006
92113.005;66;1.26;-2.12;95.13;1.19;-1.95;90.00;-0.00;0.50;954;1;1;2;-0.08;0.08;0.07;-0.00;0.00;-0.00;-0.00;-0.01;1.19;-2.03;90.00;-0.00;0.05;0.007
92113.115;75;1.26;-2.11;95.11;1.19;-1.95;90.00;-0.00;0.50;954;1;1;2;-0.08;0.09;0.08;0.00;-0.00;-0.03;-0.02;-0.00;1.19;-2.03;90.00;-0.00;0.05;0.007
92113.205;84;1.25;-2.10;95.08;1.19;-1.95;90.00;-0.00;0.50;954;1;1;2;-0.08;0.10;0.09;0.00;0.00;0.03;0.02;-0.01;1.19;-2.03;90.00;-0.00;0.05;0.005
92113.315;99;1.25;-2.09;95.01;1.19;-1.95;90.00;-0.00;0.50;954;1;1;2;-0.08;0.10;0.10;-0.00;-0.00;-0.03;-0.02;-0.00;1.19;-2.03;90.00;-0.00;0.05;0.018
92113.415;108;1.25;-2.08;94.96;1.19;-1.95;90.00;-0.00;0.50;954;1;1;2;-0.08;0.10;0.10;0.00;0.00;0.03;0.02;-0.01;1.19;-2.03;90.00;-0.00;0.05;0.007
92113.515;118;1.25;-2.07;94.92;1.19;-1.95;90.00;-0.00;0.50;954;1;1;2;-0.08;0.10;0.11;0.00;0.00;0.03;0.02;-0.01;1.19;-2.03;90.00;-0.00;0.05;0.007
92113.615;127;1.25;-2.06;94.88;1.19;-1.95;90.00;-0.00;0.50;954;1;1;2;-0.08;0.10;0.10;-0.00;-0.00;-0.03;-0.02;-0.00;1.19;-2.03;90.00;-0.00;0.05;0.011
92113.715;137;1.25;-2.05;94.84;1.19;-1.95;90.00;-0.00;0.50;954;1;1;2;-0.08;0.10;0.10;-0.00;-0.00;-0.03;-0.02;-0.00;1.19;-2.03;90.00;-0.00;0.05;0.007
92113.815;145;1.25;-2.04;94.80;1.19;-1.95;90.00;-0.00;0.50;954;1;1;2;-0.08;0.10;0.10;-0.00;-0.00;-0.03;-0.02;-0.00;1.19;-2.03;90.00;-0.00;0.05;0.010
92113.915;159;1.25;-2.02;94.76;1.19;-1.95;90.00;-0.00;0.50;954;1;1;2;-0.08;0.10;0.10;-0.00;-0.00;-0.03;-0.02;-0.00;1.19;-2.03;90.00;-0.00;0.09;0.011
92114.015;169;1.25;-2.01;94.73;1.19;-1.95;90.00;-0.00;0.50;954;1;1;2;-0.08;0.11;0.10;-0.00;-0.00;-0.03;-0.02;-0.00;1.19;-2.02;90.00;-0.00;0.21;0.014
92114.125;180;1.25;-2.00;94.69;1.19;-1.95;90.00;-0.00;0.50;954;1;1;2;-0.08;0.11;0.11;0.00;0.00;0.03;0.02;-0.01;1.19;-2.01;90.00;-0.00;0.27;0.020
92114.215;188;1.25;-1.99;94.66;1.19;-1.95;90.00;-0.00;0.50;954;1;1;2;-0.08;0.12;0.12;0.00;0.00;0.03;0.02;-0.01;1.19;-2.00;90.00;-0.00;0.32;0.012
92114.305;197;1.25;-1.98;94.62;1.19;-1.95;90.00;-0.00;0.50;954;1;1;2;-0.08;0.14;0.12;-0.00;-0.00;-0.03;-0.02;-0.01;1.19;-1.98;90.00;-0.00;0.39;0.006
92114.425;207;1.24;-1.97;94.55;1.19;-1.95;90.00;-0.00;0.50;954;1;1;2;-0.08;0.15;0.13;-0.00;-0.00;-0.03;-0.02;-0.01;1.19;-1.97;90.00;-0.00;0.44;0.008
92114.515;216;1.24;-1.96;94.46;1.19;-1.95;90.00;-0.00;0.50;954;1;1;2;-0.08;0.17;0.15;0.00;0.00;0.00;0.00;-0.02;1.19;-1.96;90.00;-0.00;0.48;0.010
92114.615;226;1.24;-1.94;94.37;1.19;-1.79;90.00;0.00;0.50;954;2;1;2;-0.08;0.18;0.17;0.00;0.00;-0.00;0.00;-0.02;1.19;-1.94;90.00;0.00;0.50;0.011
92114.715;237;1.24;-1.92;94.26;1.16;-1.57;107.65;0.79;0.50;955;1;1;5;-0.08;0.20;0.18;0.00;0.00;-0.00;0.00;-0.02;1.19;-1.92;90.00;0.00;0.50;0.008
92114.815;246;1.24;-1.90;94.16;1.16;-1.57;107.65;0.79;0.50;955;1;1;5;-0.36;0.20;0.20;0.00;0.00;-0.00;0.00;-0.02;1.19;-1.78;89.97;0.10;0.06;0.011
92114.905;256;1.24;-1.88;93.26;1.16;-1.57;107.65;0.79;0.50;955;1;1;5;-0.27;0.20;0.20;0.00;-0.00;0.00;0.00;-0.26;1.19;-1.78;89.97;0.10;0.06;0.007
92115.015;265;1.24;-1.87;92.35;1.16;-1.57;107.65;0.79;0.50;955;1;1;5;-0.19;0.21;0.21;-0.00;-0.00;0.00;0.00;-0.12;1.19;-1.78;89.97;0.10;0.06;0.013
92115.105;275;1.24;-1.85;91.96;1.16;-1.57;107.65;0.79;0.50;955;1;1;5;-0.12;0.21;0.21;-0.00;-0.01;0.00;-0.00;-0.02;1.19;-1.78;89.97;0.10;0.06;0.006
92115.215;288;1.24;-1.82;92.14;1.16;-1.57;107.65;0.79;0.50;955;1;1;5;-0.05;0.20;0.21;0.00;-0.01;0.00;-0.00;0.04;1.19;-1.78;89.97;0.10;0.06;0.017
92115.305;298;1.23;-1.80;92.54;1.16;-1.57;107.65;0.79;0.50;955;1;1;5;-0.02;0.20;0.20;-0.00;-0.00;0.00;-0.00;0.08;1.19;-1.78;89.97;0.10;0.06;0.005
92115.415;307;1.23;-1.78;93.00;1.16;-1.57;107.65;0.79;0.50;955;1;1;5;0.05;0.19;0.20;-0.00;-0.00;0.00;-0.00;0.08;1.19;-1.78;89.97;0.14;0.09;0.010
92115.505;318;1.23;-1.76;93.65;1.16;-1.57;107.65;0.79;0.50;955;1;1;5;0.17;0.18;0.19;-0.00;-0.00;0.00;0.00;0.10;1.19;-1.76;90.29;0.26;0.17;0.006
92115.615;326;1.23;-1.74;94.43;1.16;-1.57;107.65;0.79;0.50;955;1;1;5;0.23;0.18;0.20;0.01;-0.05;0.11;0.27;0.20;1.19;-1.74;90.83;0.33;0.21;0.013
92115.715;335;1.23;-1.73;95.15;1.16;-1.57;107.65;0.79;0.50;955;1;1;5;0.30;0.18;0.18;-0.00;0.00;-0.00;-0.00;0.15;1.19;-1.73;91.77;0.40;0.26;0.008
92115.835;349;1.23;-1.70;96.47;1.16;-1.57;107.65;0.79;0.50;955;1;1;5;0.36;0.18;0.18;0.00;-0.00;0.00;0.00;0.16;1.19;-1.71;92.67;0.45;0.29;0.027
92115.925;358;1.23;-1.69;97.34;1.16;-1.57;107.65;0.79;0.50;955;1;1;5;0.42;0.19;0.19;-0.00;-0.00;0.00;0.00;0.17;1.19;-1.70;93.82;0.50;0.32;0.023
92116.035;368;1.22;-1.67;98.37;1.16;-1.57;107.65;0.79;0.50;955;1;1;5;0.52;0.19;0.19;-0.00;-0.01;0.00;0.00;0.18;1.18;-1.67;96.07;0.57;0.36;0.025
92116.135;376;1.22;-1.65;99.35;1.16;-1.57;107.65;0.79;0.50;955;1;1;5;0.56;0.20;0.19;-0.02;-0.01;0.01;-0.00;0.29;1.18;-1.66;96.98;0.59;0.38;0.030
92116.225;386;1.22;-1.63;100.92;1.16;-1.57;107.65;0.79;0.50;955;1;1;5;0.63;0.21;0.19;-0.01;-0.01;0.03;0.03;0.30;1.18;-1.64;99.06;0.64;0.41;0.014
92116.315;397;1.22;-1.61;102.75;1.16;-1.57;107.65;0.79;0.50;955;1;1;5;0.70;0.22;0.20;-0.01;-0.01;0.02;0.03;0.31;1.17;-1.62;101.51;0.69;0.44;0.013
92116.435;409;1.21;-1.59;105.45;1.16;-1.57;107.65;0.79;0.50;955;1;1;5;0.70;0.22;0.20;-0.01;-0.01;0.07;0.09;0.49;1.17;-1.61;102.88;0.71;0.45;0.030
92116.535;418;1.21;-1.57;107.71;1.16;-1.57;107.65;0.79;0.50;955;1;1;5;0.77;0.23;0.22;0.00;-0.01;-0.07;-0.09;0.40;1.16;-1.59;105.95;0.76;0.48;0.024
92116.615;428;1.20;-1.55;110.50;0.87;-1.29;163.49;0.75;0.50;955;2;1;5;0.79;0.24;0.22;-0.05;-0.01;0.14;0.22;0.66;1.16;-1.56;109.40;0.78;0.50;0.011
92116.715;437;1.19;-1.53;113.60;0.87;-1.29;163.49;0.75;0.50;955;2;1;5;0.69;0.25;0.26;-0.00;-0.01;-0.08;-0.14;0.53;1.15;-1.55;111.15;0.78;0.50;0.010
92116.825;447;1.18;-1.50;116.43;0.87;-1.29;163.49;0.75;0.50;955;2;1;5;0.72;0.27;0.24;-0.02;-0.01;0.04;0.08;0.50;1.14;-1.53;114.63;0.78;0.50;0.012
92116.915;456;1.17;-1.48;118.77;0.87;-1.29;163.49;0.75;0.50;955;2;1;5;0.76;0.28;0.27;-0.00;-0.01;-0.05;-0.11;0.39;1.13;-1.50;118.10;0.78;0.50;0.008
92117.015;467;1.16;-1.46;121.86;0.87;-1.29;163.49;0.75;0.50;955;2;1;5;0.79;0.29;0.29;-0.02;-0.01;0.02;0.02;0.52;1.12;-1.48;121.56;0.78;0.50;0.012
92117.125;476;1.15;-1.43;124.93;0.87;-1.29;163.49;0.75;0.50;955;2;1;5;0.79;0.30;0.30;-0.03;-0.01;0.02;0.04;0.67;1.10;-1.46;125.00;0.77;0.50;0.020
92117.225;486;1.13;-1.41;128.91;0.87;-1.29;163.49;0.75;0.50;955;2;1;5;0.79;0.30;0.31;-0.05;-0.01;0.02;0.03;0.73;1.09;-1.44;128.43;0.77;0.50;0.017
92117.315;495;1.12;-1.38;132.68;0.87;-1.29;163.49;0.75;0.50;955;2;1;5;0.79;0.30;0.31;-0.08;-0.01;0.01;0.03;0.79;1.07;-1.42;131.84;0.77;0.50;0.009
92117.415;506;1.10;-1.35;137.62;0.87;-1.29;163.49;0.75;0.50;955;2;1;5;0.76;0.30;0.32;-0.08;-0.01;0.01;0.02;0.81;1.05;-1.40;135.23;0.77;0.50;0.011
92117.525;518;1.08;-1.32;142.89;0.87;-1.29;163.49;0.75;0.50;955;2;1;5;0.73;0.30;0.33;-0.09;-0.01;0.02;-0.04;0.67;1.04;-1.38;138.61;0.77;0.50;0.019
92117.625;527;1.06;-1.29;146.73;0.87;-1.29;163.49;0.75;0.50;955;2;1;5;0.77;0.30;0.33;-0.09;-0.01;0.02;-0.01;0.64;1.01;-1.36;143.65;0.76;0.50;0.020
92117.725;540;1.02;-1.27;152.64;0.87;-1.29;163.49;0.75;0.50;955;2;1;5;0.74;0.30;0.33;-0.04;-0.00;-0.00;0.03;0.99;0.98;-1.34;146.99;0.76;0.50;0.016
92117.805;544;1.01;-1.26;154.93;0.87;-1.29;163.49;0.75;0.50;955;2;1;5;0.67;0.30;0.31;-0.03;-0.01;0.02;-0.06;0.92;0.97;-1.34;148.66;0.76;0.50;0.007
92117.915;559;0.97;-1.24;161.20;0.87;-1.29;163.49;0.75;0.50;955;2;1;5;0.65;0.30;0.31;0.01;-0.01;0.01;-0.05;0.66;0.94;-1.32;153.64;0.76;0.50;0.012
92118.015;569;0.94;-1.23;165.72;0.87;-1.29;163.49;0.75;0.50;955;2;1;5;0.53;0.30;0.30;-0.03;-0.01;0.02;-0.03;0.80;0.93;-1.31;155.29;0.75;0.50;0.012
92118.135;578;0.92;-1.22;168.57;0.87;-1.29;163.49;0.75;0.50;955;2;1;5;0.53;0.29;0.27;-0.01;-0.09;-0.45;0.08;0.59;0.90;-1.30;158.58;0.75;0.50;0.034
92118.235;589;0.89;-1.22;171.31;0.87;-1.29;163.49;0.75;0.50;955;2;1;5;0.60;0.29;0.29;0.00;-0.01;0.03;-0.07;0.36;0.87;-1.29;163.49;0.75;0.50;0.025
92118.315;597;0.86;-1.21;173.24;0.87;-1.29;163.49;0.75;0.50;955;2;1;5;0.58;0.29;0.29;-0.01;-0.06;-0.25;0.12;0.65;0.84;-1.28;166.59;0.69;0.50;0.015
92118.415;608;0.83;-1.21;176.46;0.45;-1.27;180.57;-0.23;0.50;955;3;1;5;0.51;0.29;0.29;0.00;-0.01;0.04;-0.08;0.41;0.82;-1.28;169.39;0.63;0.50;0.010
92118.505;616;0.81;-1.21;178.28;0.45;-1.27;180.57;-0.23;0.50;955;3;1;5;0.43;0.30;0.28;-0.02;-0.01;-0.07;0.10;0.43;0.79;-1.27;171.89;0.57;0.50;0.003
92118.605;626;0.78;-1.21;179.93;0.45;-1.27;180.57;-0.23;0.50;955;3;1;5;0.39;0.30;0.30;0.00;-0.01;0.07;-0.10;0.19;0.77;-1.27;174.09;0.51;0.50;0.004
92118.705;636;0.75;-1.21;181.64;0.45;-1.27;180.57;-0.23;0.50;955;3;1;5;0.33;0.30;0.29;-0.01;-0.01;-0.00;0.00;0.23;0.74;-1.27;176.02;0.45;0.50;0.003
92118.805;645;0.72;-1.21;182.59;0.45;-1.27;180.57;-0.23;0.50;955;3;1;5;0.30;0.30;0.33;-0.03;-0.04;-0.03;0.30;0.28;0.72;-1.27;177.67;0.39;0.50;0.004
92118.915;655;0.69;-1.21;183.40;0.45;-1.27;180.57;-0.23;0.50;955;3;1;5;0.27;0.30;0.30;-0.02;-0.01;-0.04;0.06;0.18;0.69;-1.27;179.05;0.34;0.50;0.008
92119.005;664;0.66;-1.20;184.13;0.45;-1.27;180.57;-0.23;0.50;955;3;1;5;0.23;0.30;0.30;-0.02;-0.01;0.05;-0.06;0.06;0.67;-1.27;180.18;0.28;0.50;0.005
92119.115;675;0.63;-1.21;184.52;0.45;-1.27;180.57;-0.23;0.50;955;3;1;5;0.18;0.30;0.30;0.00;-0.01;0.03;-0.04;-0.02;0.63;-1.27;181.41;0.19;0.50;0.007
92119.215;689;0.59;-1.21;184.51;0.45;-1.27;180.57;-0.23;0.50;955;3;1;5;0.14;0.30;0.28;-0.00;-0.01;-0.03;0.02;-0.01;0.60;-1.27;181.93;0.13;0.50;0.008
92119.315;698;0.57;-1.21;184.17;0.45;-1.27;180.57;-0.23;0.50;955;3;1;5;0.09;0.30;0.28;0.00;-0.01;-0.02;0.01;-0.05;0.56;-1.27;182.28;0.04;0.50;0.007
92119.445;712;0.53;-1.21;183.43;0.36;-1.28;180.00;0.00;0.50;1348;1;1;0;0.07;0.30;0.29;0.00;-0.01;-0.03;0.02;-0.09;0.55;-1.27;182.29;0.01;0.50;0.017
92119.525;717;0.51;-1.21;183.17;0.36;-1.28;180.00;0.00;0.50;1348;1;1;0;0.01;0.30;0.29;0.00;-0.01;-0.03;0.02;-0.08;0.44;-1.28;180.00;0.00;0.07;0.021
92119.615;727;0.48;-1.22;182.59;0.36;-1.28;180.00;0.00;0.50;1348;1;1;0;0.04;0.29;0.29;0.00;-0.01;-0.02;0.01;-0.12;0.44;-1.28;180.00;0.00;0.07;0.015
92119.715;736;0.46;-1.22;182.15;0.36;-1.28;180.00;0.00;0.50;1348;1;1;0;0.05;0.28;0.28;0.00;-0.00;-0.02;0.00;-0.06;0.44;-1.28;180.00;0.00;0.07;0.013
92119.805;747;0.43;-1.22;182.00;0.36;-1.28;180.00;0.00;0.50;1348;1;1;0;0.06;0.28;0.29;0.00;-0.00;-0.00;-0.02;0.02;0.43;-1.28;180.00;0.00;0.18;0.007
92119.935;761;0.39;-1.22;182.16;0.21;-1.28;180.00;-0.00;0.50;1348;2;1;0;0.05;0.28;0.28;0.00;-0.00;-0.01;-0.01;0.02;0.40;-1.28;180.00;0.00;0.35;0.031
92120.015;765;0.38;-1.22;182.17;0.21;-1.28;180.00;-0.00;0.50;1348;2;1;0;0.04;0.29;0.28;0.00;-0.00;-0.01;-0.01;0.00;0.37;-1.28;180.00;0.00;0.46;0.014
92120.105;776;0.34;-1.22;182.17;0.21;-1.28;180.00;-0.00;0.50;1348;2;1;0;0.04;0.30;0.29;0.00;-0.00;-0.01;-0.01;0.00;0.34;-1.28;180.00;0.00;0.50;0.006
92120.225;790;0.30;-1.22;182.16;0.21;-1.28;180.00;-0.00;0.50;1348;2;1;0;0.04;0.30;0.30;0.00;-0.00;-0.01;-0.01;-0.00;0.32;-1.28;180.00;0.00;0.50;0.018
92120.315;795;0.29;-1.22;182.15;0.21;-1.28;180.00;-0.00;0.50;1348;2;1;0;0.04;0.30;0.30;0.00;-0.00;-0.01;-0.01;-0.00;0.29;-1.28;180.00;0.00;0.50;0.010
92120.415;809;0.25;-1.23;182.12;0.21;-1.28;180.00;-0.00;0.50;1348;2;1;0;0.03;0.30;0.30;0.00;-0.00;-0.01;-0.01;-0.00;0.27;-1.28;180.00;0.00;0.50;0.014
92120.515;818;0.22;-1.23;182.09;0.06;-1.28;180.00;0.00;0.50;1348;3;1;0;0.03;0.30;0.30;0.00;-0.00;-0.01;-0.01;-0.00;0.23;-1.28;180.00;-0.00;0.50;0.013
92120.605;826;0.19;-1.23;182.07;0.06;-1.28;180.00;0.00;0.50;1348;3;1;0;0.03;0.30;0.30;0.00;-0.00;-0.01;-0.01;-0.00;0.19;-1.28;180.00;-0.00;0.50;0.005
92120.715;837;0.16;-1.23;182.05;0.06;-1.28;180.00;0.00;0.50;1348;3;1;0;0.03;0.30;0.30;0.00;-0.00;-0.01;-0.01;-0.00;0.16;-1.28;180.00;-0.00;0.50;0.004
92120.805;845;0.14;-1.23;182.03;0.06;-1.28;180.00;0.00;0.50;1348;3;1;0;0.03;0.30;0.30;0.00;-0.00;-0.01;-0.01;-0.00;0.14;-1.28;180.00;0.00;0.50;0.002
92120.905;854;0.11;-1.23;182.01;0.06;-1.28;180.00;0.00;0.50;1348;3;1;0;0.03;0.30;0.30;0.00;-0.00;-0.00;-0.01;-0.00;0.11;-1.28;180.00;0.00;0.50;0.004
92121.015;868;0.07;-1.23;181.98;0.06;-1.28;180.00;0.00;0.50;1348;3;1;0;0.03;0.30;0.30;0.00;-0.00;-0.00;-0.01;-0.00;0.08;-1.28;180.00;0.00;0.50;0.015
92121.115;876;0.04;-1.23;181.96;-0.10;-1.28;180.00;-0.00;0.50;1348;4;1;0;0.03;0.30;0.30;0.00;-0.00;-0.00;-0.01;-0.00;0.04;-1.28;180.00;0.00;0.50;0.010
92121.205;885;0.02;-1.23;181.93;-0.10;-1.28;180.00;-0.00;0.50;1348;4;1;0;0.02;0.30;0.30;0.00;-0.00;-0.00;-0.01;-0.00;0.02;-1.28;180.00;0.00;0.50;0.002
92121.305;896;-0.02;-1.23;181.91;-0.10;-1.28;180.00;-0.00;0.50;1348;4;1;0;0.02;0.30;0.30;0.00;-0.00;-0.00;-0.00;-0.00;-0.01;-1.28;180.00;-0.00;0.50;0.002
92121.405;904;-0.04;-1.24;181.89;-0.10;-1.28;180.00;-0.00;0.50;1348;4;1;0;0.02;0.30;0.30;0.00;-0.00;-0.00;-0.00;-0.00;-0.04;-1.28;180.00;-0.00;0.50;0.001
92121.505;915;-0.07;-1.24;181.87;-0.10;-1.28;180.00;-0.00;0.50;1348;4;1;0;0.02;0.30;0.30;-0.00;-0.00;-0.00;-0.00;-0.00;-0.07;-1.28;180.00;-0.00;0.50;0.003
92121.605;928;-0.11;-1.24;181.84;-0.25;-1.28;180.00;0.00;0.50;1348;5;1;0;0.02;0.30;0.30;-0.00;-0.00;-0.00;-0.00;-0.00;-0.11;-1.28;180.00;-0.00;0.50;0.003
92121.705;938;-0.14;-1.24;181.81;-0.25;-1.28;180.00;0.00;0.50;1348;5;1;0;0.02;0.30;0.30;-0.00;-0.00;-0.00;-0.00;-0.00;-0.14;-1.28;180.00;-0.00;0.50;0.001
92121.805;947;-0.17;-1.24;181.79;-0.25;-1.28;180.00;0.00;0.50;1348;5;1;0;0.02;0.30;0.30;-0.00;-0.00;-0.00;-0.00;-0.00;-0.17;-1.28;180.00;-0.00;0.50;0.001
92121.905;956;-0.20;-1.24;181.77;-0.25;-1.28;180.00;0.00;0.50;1348;5;1;0;0.02;0.30;0.30;-0.00;-0.00;-0.00;-0.00;-0.00;-0.20;-1.28;180.00;-0.00;0.50;0.001
92122.005;967;-0.23;-1.24;181.74;-0.25;-1.28;180.00;0.00;0.50;1348;5;1;0;0.01;0.30;0.30;-0.00;-0.00;-0.00;-0.00;-0.00;-0.23;-1.28;180.00;0.00;0.50;0.001
92122.105;976;-0.26;-1.24;181.72;-0.25;-1.28;180.00;0.00;0.50;1348;5;1;0;0.01;0.30;0.30;-0.00;-0.00;-0.00;-0.00;-0.00;-0.26;-1.28;180.00;0.00;0.50;0.001
92122.205;986;-0.29;-1.24;181.70;-0.40;-1.28;180.00;-0.00;0.50;1348;6;1;0;0.01;0.30;0.30;-0.00;-0.00;-0.00;-0.00;-0.00;-0.28;-1.28;180.00;0.00;0.50;0.001
92122.305;995;-0.31;-1.24;181.68;-0.40;-1.28;180.00;-0.00;0.50;1348;6;1;0;0.01;0.30;0.30;-0.00;-0.00;-0.00;-0.00;-0.00;-0.32;-1.28;180.00;0.00;0.50;0.002
92122.405;1005;-0.34;-1.24;181.66;-0.40;-1.28;180.00;-0.00;0.50;1348;6;1;0;0.01;0.30;0.30;-0.00;-0.00;-0.00;-0.00;-0.00;-0.35;-1.28;180.00;0.00;0.50;0.001
92122.515;1019;-0.39;-1.25;181.63;-0.77;-1.27;170.76;-0.46;0.50;1664;1;1;4;0.01;0.30;0.30;-0.00;-0.00;-0.00;-0.00;-0.00;-0.37;-1.28;180.00;-0.00;0.50;0.015
92122.605;1028;-0.41;-1.25;181.61;-0.77;-1.27;170.76;-0.46;0.50;1664;1;1;4;0.19;0.30;0.30;-0.00;-0.00;-0.00;-0.00;-0.00;-0.57;-1.28;179.99;-0.06;0.06;0.009
92122.725;1039;-0.45;-1.25;182.65;-0.77;-1.27;170.76;-0.46;0.50;1664;1;1;4;0.09;0.30;0.29;-0.02;-0.00;-0.01;0.01;0.20;-0.57;-1.28;179.99;-0.06;0.06;0.015
92122.835;1047;-0.47;-1.25;183.05;-0.77;-1.27;170.76;-0.46;0.50;1664;1;1;4;0.03;0.30;0.29;-0.01;-0.00;-0.01;0.02;0.02;-0.57;-1.28;179.99;-0.06;0.06;0.029
92122.915;1056;-0.50;-1.25;182.97;-0.77;-1.27;170.76;-0.46;0.50;1664;1;1;4;-0.01;0.30;0.29;0.00;-0.00;-0.00;0.01;-0.06;-0.57;-1.28;179.99;-0.06;0.06;0.015
92123.015;1066;-0.53;-1.25;182.60;-0.77;-1.27;170.76;-0.46;0.50;1664;1;1;4;-0.04;0.29;0.30;0.00;0.00;0.01;-0.01;-0.05;-0.57;-1.28;179.99;-0.06;0.06;0.013
92123.125;1080;-0.57;-1.25;182.06;-0.77;-1.27;170.76;-0.46;0.50;1664;1;1;4;-0.08;0.28;0.29;-0.00;-0.00;-0.00;-0.00;-0.06;-0.57;-1.28;179.99;-0.06;0.06;0.016
92123.225;1089;-0.59;-1.25;181.58;-0.77;-1.27;170.76;-0.46;0.50;1664;1;1;4;-0.15;0.27;0.28;0.00;-0.00;-0.00;0.00;-0.09;-0.58;-1.28;179.90;-0.11;0.12;0.023
92123.335;1100;-0.62;-1.25;180.89;-0.77;-1.27;170.76;-0.46;0.50;1664;1;1;4;-0.27;0.27;0.26;0.01;-0.00;0.00;0.01;-0.09;-0.62;-1.28;178.84;-0.24;0.26;0.021
92123.445;1108;-0.64;-1.25;180.15;-0.77;-1.27;170.76;-0.46;0.50;1664;1;1;4;-0.31;0.28;0.27;0.01;-0.00;-0.00;-0.00;-0.20;-0.63;-1.28;178.35;-0.27;0.29;0.038
92123.515;1117;-0.67;-1.25;179.12;-0.77;-1.27;170.76;-0.46;0.50;1664;1;1;4;-0.37;0.28;0.26;0.01;-0.01;0.03;0.05;-0.24;-0.67;-1.28;176.99;-0.32;0.35;0.013
92123.615;1127;-0.69;-1.25;177.87;-0.77;-1.27;170.76;-0.46;0.50;1664;1;1;4;-0.42;0.29;0.27;0.00;-0.01;0.04;0.05;-0.29;-0.69;-1.28;175.59;-0.36;0.39;0.014
92123.715;1135;-0.72;-1.25;176.72;-0.77;-1.27;170.76;-0.46;0.50;1664;1;1;4;-0.48;0.30;0.28;0.00;-0.01;-0.02;-0.02;-0.24;-0.72;-1.28;173.81;-0.41;0.44;0.009
92123.815;1149;-0.76;-1.25;174.39;-0.77;-1.27;170.76;-0.46;0.50;1664;1;1;4;-0.51;0.30;0.30;0.00;-0.01;-0.03;-0.03;-0.26;-0.75;-1.27;172.39;-0.43;0.47;0.013
92123.905;1154;-0.77;-1.25;173.53;-1.17;-1.14;159.05;0.07;0.50;1664;2;1;4;-0.55;0.30;0.30;0.02;0.00;-0.00;0.02;-0.41;-0.77;-1.27;170.76;-0.46;0.50;0.006
92124.005;1165;-0.80;-1.25;170.66;-1.17;-1.14;159.05;0.07;0.50;1664;2;1;4;-0.49;0.30;0.30;0.01;-0.01;0.01;-0.00;-0.41;-0.81;-1.26;168.32;-0.41;0.50;0.004
92124.115;1178;-0.84;-1.24;168.27;-1.17;-1.14;159.05;0.07;0.50;1664;2;1;4;-0.41;0.30;0.28;-0.02;-0.09;0.47;-0.13;-0.49;-0.83;-1.26;166.85;-0.38;0.50;0.012
92124.225;1188;-0.87;-1.23;166.72;-1.17;-1.14;159.05;0.07;0.50;1664;2;1;4;-0.37;0.30;0.30;-0.01;-0.01;-0.04;-0.04;-0.17;-0.86;-1.25;165.52;-0.35;0.50;0.019
92124.335;1199;-0.90;-1.23;165.57;-0.89;-1.28;180.00;0.00;0.50;381;1;1;0;-0.37;0.30;0.30;0.03;-0.01;0.05;0.04;-0.20;-0.91;-1.24;163.22;-0.29;0.50;0.015
92124.425;1207;-0.92;-1.23;165.95;-0.89;-1.28;180.00;0.00;0.50;381;1;1;0;-0.37;0.30;0.05;0.02;-0.01;0.07;0.05;0.21;-0.92;-1.28;180.00;0.00;0.50;0.002
92124.555;1222;-0.92;-1.23;167.37;-0.89;-1.28;180.00;0.00;0.50;381;1;1;0;-0.37;0.30;-0.01;0.01;-0.00;0.04;0.04;0.10;-0.92;-1.28;180.00;0.00;0.50;0.014
92124.645;1231;-0.92;-1.23;167.66;-0.89;-1.28;180.00;0.00;0.50;381;1;1;0;-0.37;0.30;0.00;-0.00;0.00;-0.01;-0.01;0.03;-0.92;-1.28;180.00;0.00;0.50;0.002
92124.745;1241;-0.92;-1.23;167.79;-0.89;-1.28;180.00;0.00;0.50;381;1;1;0;-0.37;0.30;0.00;-0.00;-0.00;-0.00;-0.00;0.02;-0.92;-1.28;180.00;0.00;0.50;0.004
92124.845;1249;-0.92;-1.23;167.86;-0.89;-1.28;180.00;0.00;0.50;381;1;1;0;-0.37;0.30;0.00;0.00;-0.00;0.00;-0.00;0.01;-0.92;-1.28;180.00;0.00;0.50;0.003
92124.935;1258;-0.92;-1.23;167.92;-0.89;-1.28;180.00;0.00;0.50;381;1;1;0;-0.37;0.30;0.00;0.00;-0.00;0.00;-0.00;0.01;-0.92;-1.28;180.00;0.00;0.50;0.004
92125.035;1268;-0.92;-1.23;167.96;-0.89;-1.28;180.00;0.00;0.50;381;1;1;0;-0.37;0.30;0.00;-0.00;-0.00;0.00;-0.00;0.01;-0.92;-1.28;180.00;0.00;0.50;0.002
92125.155;1279;-0.92;-1.23;167.99;-0.89;-1.28;180.00;0.00;0.50;381;1;1;0;-0.37;0.30;0.00;-0.00;-0.00;0.00;-0.00;0.00;-0.92;-1.28;180.00;0.00;0.50;0.006
92125.265;1294;-0.92;-1.23;168.02;-0.89;-1.28;180.00;0.00;0.50;381;1;1;0;-0.37;0.30;0.00;-0.00;-0.00;0.00;-0.00;0.00;-0.92;-1.28;180.00;0.00;0.50;0.003
92125.345;1298;-0.92;-1.23;168.02;-0.89;-1.28;180.00;0.00;0.50;381;1;1;0;-0.37;0.30;0.00;-0.00;-0.00;-0.00;-0.00;0.00;-0.92;-1.28;180.00;0.00;0.50;0.005
92125.465;1313;-0.92;-1.23;168.03;-0.89;-1.28;180.00;0.00;0.50;381;1;1;0;-0.37;0.30;0.00;-0.00;-0.00;-0.00;-0.00;0.00;-0.92;-1.28;180.00;0.00;0.50;0.023
92125.555;1321;-0.92;-1.23;168.03;-0.89;-1.28;180.00;0.00;0.50;381;1;1;0;-0.37;0.30;0.00;-0.00;-0.00;-0.00;-0.00;0.00;-0.92;-1.28;180.00;0.00;0.50;0.006
92125.655;1332;-0.92;-1.23;168.04;-0.89;-1.28;180.00;0.00;0.50;381;1;1;0;-0.37;0.30;0.00;-0.00;-0.00;-0.00;-0.00;0.00;-0.92;-1.28;180.00;0.00;0.50;0.002
92125.715;1336;-0.92;-1.23;168.04;-0.89;-1.28;180.00;0.00;0.50;381;1;1;0;-0.37;0.30;0.00;-0.00;-0.00;-0.00;-0.00;0.00;-0.92;-1.28;180.00;0.00;0.50;0.002
92125.855;1351;-0.92;-1.23;168.04;-0.89;-1.28;180.00;0.00;0.50;381;1;1;0;-0.37;0.30;0.00;-0.00;-0.00;-0.00;-0.00;0.00;-0.92;-1.28;180.00;0.00;0.50;0.003
92125.945;1359;-0.92;-1.23;168.04;-0.89;-1.28;180.00;0.00;0.50;381;1;1;0;-0.37;0.30;0.00;-0.00;-0.00;-0.00;-0.00;0.00;-0.92;-1.28;180.00;0.00;0.50;0.003
92126.035;1368;-0.92;-1.23;168.04;-0.89;-1.28;180.00;0.00;0.50;381;1;1;0;-0.37;0.30;0.00;-0.00;-0.00;-0.00;-0.00;0.00;-0.92;-1.28;180.00;0.00;0.50;0.006
92126.125;1378;-0.92;-1.23;168.04;-0.89;-1.28;180.00;0.00;0.50;381;1;1;0;-0.37;0.30;0.00;-0.00;-0.00;-0.00;-0.00;-0.00;-0.92;-1.28;180.00;0.00;0.50;0.002
92126.225;1389;-0.92;-1.23;168.04;-0.89;-1.28;180.00;0.00;0.50;381;1;1;0;-0.37;0.30;0.00;-0.00;-0.00;-0.00;-0.00;-0.00;-0.92;-1.28;180.00;0.00;0.50;0.003
92126.335;1397;-0.92;-1.23;168.04;-0.89;-1.28;180.00;0.00;0.50;381;1;1;0;-0.37;0.30;0.00;-0.00;-0.00;-0.00;-0.00;-0.00;-0.92;-1.28;180.00;0.00;0.50;0.008
92126.435;1407;-0.92;-1.23;168.04;-0.89;-1.28;180.00;0.00;0.50;381;1;1;0;-0.37;0.30;0.00;-0.00;-0.00;-0.00;-0.00;-0.00;-0.92;-1.28;180.00;0.00;0.50;0.003
92126.535;1418;-0.92;-1.23;168.04;-0.89;-1.28;180.00;0.00;0.50;381;1;1;0;-0.37;0.30;0.00;-0.00;-0.00;-0.00;-0.00;-0.00;-0.92;-1.28;180.00;0.00;0.50;0.010
92126.645;1431;-0.92;-1.23;168.04;-0.89;-1.28;180.00;0.00;0.50;381;1;1;0;-0.37;0.30;0.00;-0.00;-0.00;-0.00;-0.00;-0.00;-0.92;-1.28;180.00;0.00;0.50;0.002
92126.725;1437;-0.92;-1.23;168.04;-0.89;-1.28;180.00;0.00;0.50;381;1;1;0;-0.37;0.30;0.00;-0.00;-0.00;-0.00;-0.00;-0.00;-0.92;-1.28;180.00;0.00;0.50;0.006
92126.835;1447;-0.92;-1.23;168.04;-0.89;-1.28;180.00;0.00;0.50;381;1;1;0;-0.37;0.30;0.00;-0.00;-0.00;-0.00;-0.00;-0.00;-0.92;-1.28;180.00;0.00;0.50;0.004
92126.935;1458;-0.92;-1.23;168.04;-0.89;-1.28;180.00;0.00;0.50;381;1;1;0;-0.37;0.30;0.00;-0.00;-0.00;-0.00;-0.00;-0.00;-0.92;-1.28;180.00;0.00;0.50;0.018
92127.035;1470;-0.92;-1.23;168.04;-0.89;-1.28;180.00;0.00;0.50;381;1;1;0;-0.37;0.30;0.00;-0.00;-0.00;-0.00;-0.00;-0.00;-0.92;-1.28;180.00;0.00;0.50;0.008
92127.135;1479;-0.92;-1.23;168.04;-0.89;-1.28;180.00;0.00;0.50;381;1;1;0;-0.37;0.30;0.00;-0.00;-0.00;-0.00;-0.00;-0.00;-0.92;-1.28;180.00;0.00;0.50;0.007
92127.245;1490;-0.92;-1.23;168.03;-0.89;-1.28;180.00;0.00;0.50;381;1;1;0;-0.37;0.30;0.00;-0.00;-0.00;-0.00;-0.00;-0.00;-0.92;-1.28;180.00;0.00;0.50;0.004
92127.315;1498;-0.92;-1.23;168.03;-0.89;-1.28;180.00;0.00;0.50;381;1;1;0;0.70;0.30;0.00;-0.00;-0.00;-0.00;-0.00;-0.00;-0.92;-1.28;180.00;0.00;0.50;0.007
92127.445;1509;-0.94;-1.23;171.27;-0.89;-1.28;180.00;0.00;0.50;381;1;0;0;0.55;0.30;0.30;0.01;-0.01;0.05;-0.10;0.98;-0.93;-1.28;180.00;0.00;0.50;0.041
92127.575;1523;-0.98;-1.22;176.15;-1.14;-1.28;180.00;0.00;0.50;1166;1;1;0;0.55;0.30;0.20;-0.04;0.01;-0.01;-0.10;0.23;-0.96;-1.28;180.00;0.00;0.50;0.022
92127.625;1527;-0.98;-1.22;175.91;-1.14;-1.28;180.00;0.00;0.50;1166;1;1;0;0.35;0.30;0.06;-0.07;-0.01;-0.06;0.04;-0.13;-1.06;-1.28;180.00;0.00;0.07;0.010
92127.705;1538;-1.00;-1.21;176.33;-1.14;-1.28;180.00;0.00;0.50;1166;1;1;0;0.35;0.30;0.27;-0.00;-0.00;0.10;-0.15;0.30;-1.06;-1.28;180.00;0.00;0.07;0.006
92127.815;1546;-1.02;-1.21;177.72;-1.14;-1.28;180.00;0.00;0.50;1166;1;1;0;0.28;0.29;0.29;-0.01;-0.01;-0.00;0.00;0.26;-1.06;-1.28;180.00;0.00;0.07;0.009
92127.925;1560;-1.06;-1.21;179.03;-1.14;-1.28;180.00;0.00;0.50;1166;1;1;0;0.24;0.28;0.29;0.00;-0.01;0.03;-0.04;0.07;-1.06;-1.28;180.00;0.00;0.07;0.013
92128.025;1566;-1.08;-1.21;179.26;-1.14;-1.28;180.00;0.00;0.50;1166;1;1;0;0.22;0.28;0.26;-0.00;-0.01;-0.03;0.05;0.08;-1.08;-1.28;180.00;0.00;0.21;0.019
92128.135;1579;-1.11;-1.21;179.28;-1.14;-1.28;180.00;0.00;0.50;1166;1;1;0;0.22;0.28;0.26;-0.00;-0.01;-0.03;0.05;0.05;-1.10;-1.28;180.00;0.00;0.35;0.030
92128.225;1589;-1.14;-1.21;179.34;-1.14;-1.28;180.00;0.00;0.50;1166;1;1;0;0.21;0.29;0.26;-0.00;-0.01;-0.02;0.01;0.03;-1.13;-1.28;180.00;0.00;0.46;0.026
92128.325;1600;-1.17;-1.20;179.45;-1.29;-1.28;180.00;-0.00;0.50;1166;2;1;0;0.21;0.30;0.27;-0.00;-0.01;-0.02;0.01;0.04;-1.17;-1.28;180.00;0.00;0.50;0.014
92128.435;1608;-1.19;-1.20;179.52;-1.29;-1.28;180.00;-0.00;0.50;1166;2;1;0;0.21;0.30;0.28;-0.00;-0.01;-0.02;0.01;0.04;-1.19;-1.28;180.00;0.00;0.50;0.020
92128.515;1619;-1.22;-1.20;179.70;-1.29;-1.28;180.00;-0.00;0.50;1166;2;1;0;0.21;0.30;0.28;-0.00;-0.01;-0.02;0.01;0.05;-1.22;-1.28;180.00;0.00;0.50;0.008
92128.605;1627;-1.24;-1.20;179.80;-1.29;-1.28;180.00;-0.00;0.50;1166;2;1;0;0.20;0.30;0.28;-0.00;-0.01;-0.02;0.01;0.04;-1.25;-1.28;180.00;0.00;0.50;0.006
92128.715;1636;-1.27;-1.20;179.88;-1.29;-1.28;180.00;-0.00;0.50;1166;2;1;0;0.20;0.30;0.28;-0.00;-0.01;-0.02;0.01;0.03;-1.27;-1.28;180.00;-0.00;0.50;0.012
92128.815;1647;-1.30;-1.20;179.97;-1.29;-1.28;180.00;-0.00;0.50;1166;2;1;0;0.19;0.30;0.28;-0.00;-0.01;-0.02;0.02;0.03;-1.30;-1.28;180.00;-0.00;0.50;0.013
92128.925;1658;-1.33;-1.20;180.06;-1.29;-1.28;180.00;-0.00;0.50;1166;2;1;0;0.19;0.30;0.28;-0.00;-0.01;-0.02;0.02;0.03;-1.33;-1.28;180.00;-0.00;0.50;0.023
92129.015;1666;-1.36;-1.20;180.12;-1.29;-1.28;180.00;-0.00;0.50;1166;2;1;0;0.19;0.30;0.28;-0.00;-0.01;-0.02;0.02;0.03;-1.35;-1.28;180.00;0.00;0.50;0.011
92129.105;1677;-1.39;-1.20;180.19;-1.44;-1.28;180.00;0.00;0.50;1166;3;1;0;0.19;0.30;0.28;-0.00;-0.01;-0.02;0.02;0.03;-1.39;-1.28;180.00;0.00;0.50;0.006
92129.215;1685;-1.41;-1.20;180.24;-1.44;-1.28;180.00;0.00;0.50;1166;3;1;0;0.18;0.30;0.28;-0.00;-0.01;-0.02;0.02;0.03;-1.41;-1.28;180.00;0.00;0.50;0.009
92129.325;1698;-1.45;-1.20;180.33;-1.44;-1.28;180.00;0.00;0.50;1166;3;1;0;0.18;0.30;0.28;-0.00;-0.01;-0.02;0.02;0.03;-1.43;-1.28;180.00;0.00;0.50;0.023
92129.415;1708;-1.48;-1.20;180.38;-1.44;-1.28;180.00;0.00;0.50;1166;3;1;0;0.18;0.30;0.28;-0.00;-0.01;-0.01;0.00;0.02;-1.46;-1.28;180.00;0.00;0.50;0.012
92129.505;1717;-1.50;-1.20;180.27;-1.44;-1.28;180.00;0.00;0.50;1166;3;1;0;0.18;0.30;0.30;-0.01;-0.01;-0.00;0.00;-0.01;-1.50;-1.28;180.00;0.00;0.50;0.003
92129.605;1727;-1.53;-1.20;180.32;-1.44;-1.28;180.00;0.00;0.50;1166;3;1;0;0.18;0.30;0.28;-0.01;-0.01;-0.03;0.04;0.05;-1.54;-1.28;180.00;-0.00;0.50;0.005
92129.715;1736;-1.56;-1.20;180.41;-1.44;-1.28;180.00;0.00;0.50;1166;3;1;0;0.18;0.30;0.28;-0.00;-0.01;-0.03;0.02;0.03;-1.56;-1.28;180.00;-0.00;0.50;0.006
92129.815;1746;-1.59;-1.20;180.46;-1.44;-1.28;180.00;0.00;0.50;1166;3;1;0;0.18;0.30;0.28;-0.00;-0.01;-0.02;0.01;0.02;-1.59;-1.28;180.00;-0.00;0.50;0.006
92129.935;1761;-1.63;-1.20;180.56;-1.44;-1.28;180.00;0.00;0.50;1166;3;1;0;0.17;0.30;0.28;-0.00;-0.01;-0.02;0.02;0.02;-1.61;-1.28;180.00;-0.00;0.50;0.021
92130.015;1765;-1.64;-1.20;180.58;-1.44;-1.28;180.00;0.00;0.50;1166;3;1;0;0.17;0.30;0.29;-0.00;-0.01;-0.02;0.02;0.02;-1.64;-1.28;180.00;-0.00;0.50;0.006
92130.105;1774;-1.67;-1.20;180.63;-1.44;-1.28;180.00;0.00;0.50;1166;3;1;0;0.17;0.30;0.29;-0.00;-0.01;-0.02;0.02;0.02;-1.67;-1.28;180.00;-0.00;0.50;0.005
92130.235;1788;-1.71;-1.20;180.70;-1.44;-1.28;180.00;0.00;0.50;1166;3;1;0;0.16;0.30;0.29;-0.00;-0.01;-0.02;0.02;0.02;-1.70;-1.28;180.00;-0.00;0.50;0.023
92130.315;1799;-1.74;-1.20;180.76;-1.44;-1.28;180.00;0.00;0.50;1166;3;1;0;0.16;0.30;0.29;-0.00;-0.01;-0.02;0.02;0.02;-1.73;-1.28;180.00;0.00;0.50;0.011
92130.415;1808;-1.76;-1.20;180.80;-1.44;-1.28;180.00;0.00;0.50;1166;3;1;0;0.16;0.30;0.29;-0.00;-0.01;-0.02;0.02;0.02;-1.76;-1.28;180.00;0.00;0.50;0.006
92130.535;1818;-1.79;-1.20;180.84;-1.44;-1.28;180.00;0.00;0.50;1166;3;1;0;0.16;0.30;0.29;-0.00;-0.01;-0.02;0.02;0.02;-1.78;-1.28;180.00;0.00;0.50;0.029
92130.605;1826;-1.81;-1.20;180.88;-1.44;-1.28;180.00;0.00;0.50;1166;3;1;0;0.15;0.30;0.29;-0.00;-0.01;-0.02;0.02;0.02;-1.82;-1.28;180.00;0.00;0.50;0.005
92130.715;1837;-1.85;-1.20;180.92;-1.44;-1.28;180.00;0.00;0.50;1166;3;1;0;0.15;0.30;0.29;-0.00;-0.01;-0.02;0.02;0.01;-1.85;-1.28;180.00;0.00;0.50;0.006
92130.805;1845;-1.87;-1.20;180.95;-1.44;-1.28;180.00;0.00;0.50;1166;3;1;0;0.15;0.30;0.29;-0.00;-0.01;-0.02;0.02;0.01;-1.87;-1.28;180.00;-0.00;0.50;0.003
92130.925;1860;-1.91;-1.20;181.01;-1.44;-1.28;180.00;0.00;0.50;1166;3;1;0;0.15;0.30;0.29;-0.00;-0.01;-0.02;0.02;0.01;-1.89;-1.28;180.00;-0.00;0.50;0.018
92131.025;1868;-1.93;-1.20;181.04;-1.44;-1.28;180.00;0.00;0.50;1166;3;1;0;0.14;0.30;0.29;-0.00;-0.01;-0.02;0.02;0.01;-1.92;-1.28;180.00;-0.00;0.50;0.019
92131.105;1874;-1.95;-1.20;181.07;-1.44;-1.28;180.00;0.00;0.50;1166;3;1;0;0.14;0.30;0.29;-0.00;-0.01;-0.02;0.02;0.01;-1.96;-1.28;180.00;-0.00;0.50;0.002
92131.215;1888;-1.99;-1.20;181.12;-1.44;-1.28;180.00;0.00;0.50;1166;3;1;0;0.14;0.30;0.29;-0.00;-0.01;-0.02;0.02;0.01;-1.98;-1.28;180.00;-0.00;0.50;0.010
92131.325;1899;-2.02;-1.20;181.15;-2.14;-1.28;180.00;-0.00;0.50;1001;1;1;2;0.14;0.30;0.29;-0.00;-0.01;-0.02;0.02;0.01;-2.02;-1.28;180.00;-0.00;0.50;0.021
92131.435;1907;-2.05;-1.20;181.17;-2.14;-1.28;180.00;-0.00;0.50;1001;1;1;2;0.13;0.29;0.29;-0.00;-0.01;-0.02;0.02;0.01;-2.06;-1.28;180.00;-0.00;0.05;0.028
92131.515;1918;-2.08;-1.20;181.21;-2.14;-1.28;180.00;-0.00;0.50;1001;1;1;2;0.13;0.29;0.28;-0.00;-0.01;-0.02;0.02;0.01;-2.08;-1.28;180.00;-0.00;0.21;0.013
92131.645;1930;-2.11;-1.20;181.20;-2.57;-1.26;165.35;-0.57;0.50;880;1;1;8;0.13;0.29;0.27;-0.00;-0.01;-0.02;0.02;-0.00;-2.10;-1.28;180.00;-0.00;0.33;0.018
92131.725;1940;-2.14;-1.21;181.07;-2.57;-1.26;165.35;-0.57;0.50;880;1;1;8;0.33;0.30;0.29;-0.00;-0.00;-0.04;0.04;-0.02;-2.32;-1.28;180.00;-0.07;0.06;0.023
92131.845;1949;-2.16;-1.20;182.04;-2.57;-1.26;165.35;-0.57;0.50;880;1;1;8;0.24;0.30;0.29;-0.01;-0.01;0.00;-0.01;0.22;-2.32;-1.28;180.00;-0.07;0.06;0.035
92131.905;1954;-2.18;-1.20;182.58;-2.57;-1.26;165.35;-0.57;0.50;880;1;1;8;0.19;0.30;0.30;-0.00;-0.01;-0.03;0.03;0.17;-2.32;-1.28;180.00;-0.07;0.06;0.007
92132.015;1968;-2.22;-1.21;182.82;-2.57;-1.26;165.35;-0.57;0.50;880;1;1;8;0.09;0.30;0.29;0.00;-0.01;-0.04;0.05;0.04;-2.32;-1.28;180.00;-0.07;0.06;0.005
92132.115;1979;-2.25;-1.21;182.23;-2.57;-1.26;165.35;-0.57;0.50;880;1;1;8;0.05;0.30;0.30;0.00;-0.01;-0.05;0.05;-0.11;-2.32;-1.28;180.00;-0.07;0.06;0.016
92132.225;1988;-2.28;-1.21;181.52;-2.57;-1.26;165.35;-0.57;0.50;880;1;1;8;0.02;0.29;0.29;-0.00;-0.01;-0.02;0.02;-0.14;-2.32;-1.28;180.00;-0.07;0.06;0.016
92132.325;1999;-2.31;-1.21;180.76;-2.57;-1.26;165.35;-0.57;0.50;880;1;1;8;-0.01;0.28;0.28;-0.00;-0.01;-0.03;0.04;-0.10;-2.32;-1.28;180.00;-0.07;0.06;0.020
92132.415;2007;-2.33;-1.21;180.27;-2.57;-1.26;165.35;-0.57;0.50;880;1;1;8;-0.05;0.27;0.27;0.00;-0.00;-0.01;0.02;-0.11;-2.32;-1.28;179.98;-0.09;0.08;0.016
92132.505;2018;-2.36;-1.21;179.72;-2.57;-1.26;165.35;-0.57;0.50;880;1;1;8;-0.18;0.26;0.27;0.00;-0.00;0.00;-0.00;-0.09;-2.36;-1.29;179.22;-0.23;0.20;0.008
92132.625;2026;-2.38;-1.21;178.87;-2.57;-1.26;165.35;-0.57;0.50;880;1;1;8;-0.24;0.26;0.26;0.00;-0.00;0.01;0.01;-0.18;-2.39;-1.29;178.13;-0.30;0.26;0.018
92132.735;2041;-2.42;-1.21;177.54;-2.57;-1.26;165.35;-0.57;0.50;880;1;1;8;-0.31;0.26;0.25;0.01;-0.00;0.01;0.01;-0.15;-2.41;-1.28;177.02;-0.34;0.30;0.031
92132.835;2049;-2.44;-1.21;176.77;-2.57;-1.26;165.35;-0.57;0.50;880;1;1;8;-0.37;0.27;0.26;0.00;-0.01;-0.03;-0.04;-0.16;-2.44;-1.28;175.54;-0.39;0.34;0.027
92132.925;2060;-2.47;-1.21;175.43;-2.57;-1.26;165.35;-0.57;0.50;880;1;1;8;-0.44;0.27;0.26;0.00;-0.01;-0.00;-0.00;-0.19;-2.47;-1.28;173.64;-0.44;0.38;0.018
92133.015;2068;-2.49;-1.21;174.17;-2.57;-1.26;165.35;-0.57;0.50;880;1;1;8;-0.47;0.28;0.30;0.04;-0.04;0.06;0.32;-0.41;-2.49;-1.27;172.52;-0.46;0.40;0.013
92133.105;2078;-2.52;-1.21;172.37;-2.57;-1.26;165.35;-0.57;0.50;880;1;1;8;-0.59;0.29;0.28;0.02;-0.01;-0.05;-0.05;-0.27;-2.54;-1.26;168.36;-0.53;0.46;0.007
92133.235;2087;-2.54;-1.20;169.99;-2.95;-0.92;107.15;-0.79;0.50;880;2;1;8;-0.60;0.30;0.27;-0.01;-0.09;0.50;-0.08;-0.67;-2.56;-1.26;166.70;-0.55;0.48;0.023
92133.315;2098;-2.58;-1.20;166.61;-2.95;-0.92;107.15;-0.79;0.50;880;2;1;8;-0.75;0.30;0.31;-0.00;-0.01;-0.14;-0.13;-0.46;-2.60;-1.25;163.01;-0.58;0.50;0.011
92133.415;2106;-2.60;-1.19;163.63;-2.95;-0.92;107.15;-0.79;0.50;880;2;1;8;-0.73;0.30;0.30;0.06;-0.02;0.23;0.18;-0.90;-2.62;-1.24;161.09;-0.59;0.50;0.009
92133.525;2119;-2.64;-1.18;158.49;-2.95;-0.92;107.15;-0.79;0.50;880;2;1;8;-0.67;0.30;0.33;0.02;-0.00;-0.20;-0.11;-0.49;-2.64;-1.23;159.14;-0.60;0.50;0.015
92133.605;2125;-2.66;-1.18;156.29;-2.95;-0.92;107.15;-0.79;0.50;880;2;1;8;-0.67;0.30;0.30;0.03;-0.01;0.12;0.07;-0.58;-2.68;-1.22;155.12;-0.61;0.50;0.006
92133.715;2136;-2.69;-1.17;153.51;-2.95;-0.92;107.15;-0.79;0.50;880;2;1;8;-0.69;0.30;0.32;0.03;-0.01;-0.08;-0.03;-0.33;-2.70;-1.21;153.05;-0.62;0.50;0.010
92133.815;2149;-2.73;-1.15;150.18;-2.95;-0.92;107.15;-0.79;0.50;880;2;1;8;-0.73;0.30;0.31;0.06;-0.01;0.04;0.04;-0.51;-2.74;-1.19;148.80;-0.64;0.50;0.012
92133.915;2159;-2.73;-1.14;150.33;-2.95;-0.92;107.15;-0.79;0.50;880;2;1;8;-0.79;0.30;0.04;-0.11;-0.08;0.23;-0.26;-0.04;-2.76;-1.17;146.62;-0.65;0.50;0.016
92134.015;2168;-2.73;-1.13;149.18;-2.95;-0.92;107.15;-0.79;0.50;880;2;1;8;-0.77;0.30;0.03;-0.06;-0.00;0.16;-0.02;-0.24;-2.76;-1.17;146.62;-0.65;0.50;0.016
92134.115;2178;-2.73;-1.13;147.75;-2.95;-0.92;107.15;-0.79;0.50;880;2;1;8;-0.73;0.30;0.04;-0.04;0.02;0.01;0.08;-0.37;-2.76;-1.17;146.62;-0.65;0.50;0.011
92134.205;2187;-2.73;-1.12;146.66;-2.95;-0.92;107.15;-0.79;0.50;880;2;1;8;-0.73;0.30;0.03;-0.04;0.02;0.04;0.08;-0.22;-2.77;-1.16;144.39;-0.66;0.50;0.009
92134.325;2197;-2.73;-1.12;145.22;-2.95;-0.92;107.15;-0.79;0.50;880;2;1;8;-0.68;0.30;0.04;-0.04;0.02;0.10;0.15;-0.29;-2.77;-1.16;144.39;-0.66;0.50;0.012
92134.415;2208;-2.74;-1.11;143.27;-2.95;-0.92;107.15;-0.79;0.50;880;2;1;8;-0.62;0.30;0.07;-0.03;0.04;0.21;0.29;-0.34;-2.77;-1.16;144.39;-0.66;0.50;0.005
92134.505;2216;-2.74;-1.11;141.70;-2.95;-0.92;107.15;-0.79;0.50;880;2;1;8;-0.58;0.30;0.12;-0.03;0.05;0.30;0.37;-0.37;-2.77;-1.16;144.39;-0.66;0.50;0.005
92134.625;2227;-2.75;-1.10;139.42;-2.95;-0.92;107.15;-0.79;0.50;880;2;1;8;-0.56;0.30;0.12;-0.04;0.03;0.23;0.22;-0.37;-2.79;-1.15;142.12;-0.67;0.50;0.029
92134.725;2236;-2.76;-1.09;137.24;-2.95;-0.92;107.15;-0.79;0.50;880;2;1;8;-0.55;0.30;0.17;-0.04;0.03;0.22;0.25;-0.41;-2.81;-1.14;139.81;-0.68;0.50;0.013
92134.805;2245;-2.76;-1.07;134.82;-2.95;-0.92;107.15;-0.79;0.50;880;2;1;8;-0.50;0.30;0.18;-0.01;-0.03;0.13;0.67;-0.57;-2.81;-1.14;139.81;-0.68;0.50;0.004
92134.925;2260;-2.78;-1.05;131.47;-2.95;-0.92;107.15;-0.79;0.50;880;2;1;8;-0.47;0.30;0.16;-0.04;-0.00;0.39;0.20;-0.38;-2.82;-1.12;137.46;-0.68;0.50;0.018
92135.015;2268;-2.78;-1.04;129.53;-2.95;-0.92;107.15;-0.79;0.50;880;2;1;8;-0.53;0.30;0.19;-0.02;-0.06;0.21;0.59;-0.33;-2.85;-1.09;132.63;-0.70;0.50;0.009
92135.115;2278;-2.79;-1.02;126.91;-2.95;-0.92;107.15;-0.79;0.50;880;2;1;8;-0.52;0.30;0.17;-0.06;-0.03;0.23;0.06;-0.44;-2.87;-1.08;130.14;-0.71;0.50;0.005
92135.225;2288;-2.80;-1.00;124.15;-2.95;-0.92;107.15;-0.79;0.50;880;2;1;8;-0.46;0.30;0.18;-0.05;-0.04;0.29;0.09;-0.48;-2.87;-1.08;130.14;-0.71;0.50;0.019
92135.325;2297;-2.80;-0.98;121.66;-2.95;-0.92;107.15;-0.79;0.50;880;2;1;8;-0.51;0.30;0.21;-0.05;-0.04;0.16;0.12;-0.52;-2.89;-1.04;125.04;-0.73;0.50;0.020
92135.435;2308;-2.81;-0.96;118.30;-2.95;-0.92;107.15;-0.79;0.50;880;2;1;8;-0.49;0.30;0.20;-0.04;-0.13;0.11;0.40;-0.49;-2.90;-1.03;122.42;-0.74;0.50;0.023
92135.515;2316;-2.81;-0.94;115.75;-2.95;-0.92;107.15;-0.79;0.50;880;2;1;8;-0.48;0.30;0.20;-0.04;-0.14;0.08;0.37;-0.50;-2.92;-1.01;119.75;-0.75;0.50;0.007
92135.635;2331;-2.82;-0.90;111.06;-2.95;-0.92;107.15;-0.79;0.50;880;2;1;8;-0.50;0.30;0.23;-0.06;-0.09;-0.03;0.00;-0.66;-2.93;-0.97;114.27;-0.76;0.50;0.032
92135.715;2334;-2.82;-0.90;109.89;-2.95;-0.92;107.15;-0.79;0.50;880;2;1;8;-0.54;0.30;0.24;-0.08;-0.12;-0.15;-0.07;-0.71;-2.94;-0.95;111.46;-0.77;0.50;0.013
92135.835;2350;-2.82;-0.85;103.65;-2.81;-0.44;42.45;-0.68;0.50;880;3;1;8;-0.51;0.30;0.25;-0.10;-0.14;-0.46;-0.14;-0.84;-2.96;-0.91;105.70;-0.78;0.50;0.031
92135.925;2358;-2.82;-0.83;100.29;-2.81;-0.44;42.45;-0.68;0.50;880;3;1;8;-0.79;0.30;0.27;-0.09;-0.16;-0.50;-0.14;-0.69;-2.97;-0.87;99.95;-0.77;0.50;0.008
92136.015;2368;-2.81;-0.79;93.98;-2.81;-0.44;42.45;-0.68;0.50;880;3;1;8;-0.79;0.30;0.34;-0.04;-0.17;-0.74;0.95;-1.27;-2.97;-0.78;88.76;-0.76;0.50;0.004
92136.105;2376;-2.80;-0.77;88.22;-2.81;-0.44;42.45;-0.68;0.50;880;3;1;8;-0.79;0.30;0.35;-0.12;-0.36;-2.51;0.01;-1.46;-2.97;-0.74;83.31;-0.75;0.50;0.007
92136.205;2387;-2.80;-0.72;80.85;-2.81;-0.44;42.45;-0.68;0.50;880;3;1;8;-0.79;0.30;0.47;0.07;-0.15;0.94;0.01;-0.16;-2.96;-0.68;75.32;-0.73;0.50;0.004
92136.315;2395;-2.79;-0.69;78.86;-2.81;-0.44;42.45;-0.68;0.50;880;3;1;8;-0.79;0.30;0.26;-0.06;-0.02;0.06;-0.03;-0.43;-2.94;-0.64;70.10;-0.73;0.50;0.006
92136.425;2410;-2.77;-0.65;73.02;-2.81;-0.44;42.45;-0.68;0.50;880;3;1;8;-0.79;0.30;0.28;-0.07;-0.01;-0.16;-0.02;-0.85;-2.93;-0.60;64.98;-0.72;0.50;0.019
92136.505;2415;-2.77;-0.64;70.38;-2.81;-0.44;42.45;-0.68;0.50;880;3;1;8;-0.79;0.30;0.30;0.02;-0.01;-0.13;-0.04;-0.88;-2.91;-0.56;59.95;-0.71;0.50;0.004
92136.625;2429;-2.75;-0.60;65.06;-2.81;-0.44;42.45;-0.68;0.50;880;3;1;8;-0.79;0.30;0.28;0.05;-0.05;-0.17;-0.20;-0.70;-2.88;-0.52;55.01;-0.70;0.50;0.013
92136.715;2435;-2.75;-0.58;62.45;-2.81;-0.44;42.45;-0.68;0.50;880;3;1;8;-0.79;0.30;0.29;0.13;-0.01;0.15;-0.03;-0.87;-2.86;-0.49;50.16;-0.69;0.50;0.010
92136.835;2450;-2.73;-0.54;56.77;-2.81;-0.44;42.45;-0.68;0.50;880;3;1;8;-0.79;0.30;0.26;0.05;-0.05;-0.26;-0.16;-0.69;-2.83;-0.46;45.39;-0.68;0.50;0.025
92136.905;2454;-2.73;-0.53;55.07;-2.81;-0.44;42.45;-0.68;0.50;880;3;1;8;-0.79;0.30;0.27;0.07;-0.01;-0.10;0.03;-0.68;-2.82;-0.44;43.04;-0.68;0.50;0.006
92137.015;2469;-2.72;-0.49;48.71;-2.81;-0.44;42.45;-0.68;0.50;880;3;1;8;-0.79;0.30;0.27;0.10;-0.01;0.05;0.01;-0.79;-2.78;-0.42;38.46;-0.65;0.50;0.014
92137.115;2478;-2.70;-0.47;44.80;-2.81;-0.44;42.45;-0.68;0.50;880;3;1;8;-0.79;0.30;0.26;0.09;-0.01;0.04;0.00;-0.78;-2.77;-0.40;36.25;-0.64;0.50;0.013
92137.215;2488;-2.69;-0.44;40.58;-2.81;-0.44;42.45;-0.68;0.50;880;3;1;8;-0.75;0.30;0.26;0.09;-0.01;0.03;0.01;-0.73;-2.75;-0.39;34.10;-0.63;0.50;0.007
92137.305;2498;-2.68;-0.42;36.80;-2.81;-0.44;42.45;-0.68;0.50;880;3;1;8;-0.74;0.30;0.26;0.08;-0.01;0.04;0.01;-0.62;-2.71;-0.37;29.96;-0.60;0.50;0.006
92137.405;2507;-2.66;-0.40;33.66;-2.81;-0.44;42.45;-0.68;0.50;880;3;1;8;-0.74;0.30;0.26;0.07;-0.01;0.04;0.00;-0.58;-2.68;-0.35;26.04;-0.58;0.50;0.005
92137.515;2516;-2.64;-0.38;30.61;-2.81;-0.44;42.45;-0.68;0.50;880;3;1;8;-0.70;0.30;0.26;0.07;-0.01;0.03;0.00;-0.57;-2.66;-0.34;24.15;-0.57;0.50;0.011
92137.625;2526;-2.62;-0.37;27.44;-2.81;-0.44;42.45;-0.68;0.50;880;3;1;8;-0.66;0.30;0.27;0.06;-0.01;0.03;-0.00;-0.50;-2.64;-0.33;22.32;-0.55;0.50;0.022
92137.705;2537;-2.60;-0.35;24.50;-2.81;-0.44;42.45;-0.68;0.50;880;3;1;8;-0.63;0.30;0.28;0.04;-0.01;0.03;-0.02;-0.43;-2.62;-0.32;20.54;-0.54;0.50;0.006
92137.815;2545;-2.58;-0.34;22.69;-2.32;-0.27;0.57;-0.37;0.50;880;4;1;8;-0.67;0.30;0.29;0.02;-0.00;-0.02;0.02;-0.36;-2.58;-0.31;17.13;-0.52;0.50;0.006
92137.915;2556;-2.55;-0.33;20.13;-2.32;-0.27;0.57;-0.37;0.50;880;4;1;8;-0.67;0.30;0.32;0.00;-0.00;0.04;-0.02;-0.44;-2.56;-0.30;15.50;-0.50;0.50;0.006
92138.005;2564;-2.52;-0.32;17.80;-2.32;-0.27;0.57;-0.37;0.50;880;4;1;8;-0.64;0.30;0.29;0.04;-0.01;-0.04;0.01;-0.57;-2.54;-0.30;13.92;-0.49;0.50;0.003
92138.115;2575;-2.50;-0.30;13.93;-2.32;-0.27;0.57;-0.37;0.50;880;4;1;8;-0.58;0.30;0.31;0.07;-0.00;0.07;-0.02;-0.64;-2.49;-0.29;10.89;-0.47;0.50;0.005
92138.205;2583;-2.47;-0.29;11.00;-2.32;-0.27;0.57;-0.37;0.50;880;4;1;8;-0.52;0.30;0.31;0.11;-0.03;0.08;-0.22;-0.70;-2.47;-0.29;9.45;-0.45;0.50;0.002
92138.335;2598;-2.43;-0.27;6.68;-2.23;-0.28;-0.00;-0.00;0.50;1526;1;1;2;-0.45;0.30;0.29;0.08;-0.01;0.07;-0.09;-0.52;-2.43;-0.28;6.70;-0.43;0.50;0.022
92138.405;2607;-2.41;-0.26;4.68;-2.23;-0.28;-0.00;-0.00;0.50;1526;1;1;2;-0.27;0.30;0.29;0.06;-0.01;0.01;-0.03;-0.36;-2.31;-0.28;-0.00;-0.00;0.05;0.006
92138.515;2616;-2.38;-0.26;3.70;-2.23;-0.28;-0.00;-0.00;0.50;1526;1;1;2;-0.24;0.29;0.29;0.04;-0.01;-0.00;-0.00;-0.09;-2.31;-0.28;-0.00;-0.00;0.05;0.014
92138.615;2627;-2.35;-0.25;3.11;-2.23;-0.28;-0.00;-0.00;0.50;1526;1;1;2;-0.22;0.29;0.29;0.02;-0.01;-0.05;0.07;-0.07;-2.31;-0.28;-0.00;-0.00;0.05;0.014
92138.735;2640;-2.31;-0.25;2.64;-2.23;-0.28;-0.00;-0.00;0.50;1526;1;1;2;-0.20;0.28;0.30;-0.01;-0.01;0.04;-0.06;-0.06;-2.31;-0.28;-0.00;-0.00;0.05;0.031
92138.835;2650;-2.28;-0.25;2.56;-2.23;-0.28;-0.00;-0.00;0.50;1526;1;1;2;-0.20;0.27;0.28;-0.00;-0.01;0.01;-0.00;-0.01;-2.29;-0.28;-0.00;-0.00;0.25;0.031
92138.925;2659;-2.26;-0.25;2.50;-2.23;-0.28;-0.00;-0.00;0.50;1526;1;1;2;-0.20;0.28;0.28;-0.00;-0.01;0.03;-0.04;-0.03;-2.27;-0.28;-0.00;-0.00;0.36;0.019
92139.015;2668;-2.23;-0.25;2.46;-2.07;-0.28;0.00;0.00;0.50;1526;2;1;2;-0.20;0.29;0.28;-0.00;-0.01;0.00;0.01;-0.01;-2.24;-0.28;-0.00;-0.00;0.48;0.017
92139.115;2679;-2.20;-0.25;2.34;-2.07;-0.28;0.00;0.00;0.50;1526;2;1;2;-0.20;0.29;0.29;-0.00;-0.01;0.01;-0.01;-0.02;-2.20;-0.28;-0.00;0.00;0.50;0.014
92139.235;2687;-2.18;-0.25;2.21;-1.85;-0.26;17.65;0.79;0.50;713;1;1;5;-0.19;0.30;0.29;-0.00;-0.01;-0.02;0.04;-0.02;-2.18;-0.28;0.00;0.00;0.50;0.014
92139.325;2696;-2.15;-0.25;2.07;-1.85;-0.26;17.65;0.79;0.50;713;1;1;5;-0.26;0.30;0.31;-0.00;-0.01;0.04;-0.05;-0.04;-2.06;-0.28;-0.03;0.10;0.06;0.018
92139.415;2706;-2.12;-0.25;1.67;-1.85;-0.26;17.65;0.79;0.50;713;1;1;5;-0.16;0.29;0.31;0.00;-0.01;0.04;-0.05;-0.12;-2.06;-0.28;-0.03;0.10;0.06;0.012
92139.555;2723;-2.07;-0.25;1.58;-1.85;-0.26;17.65;0.79;0.50;713;1;1;5;-0.03;0.28;0.29;-0.01;-0.01;-0.03;0.05;0.04;-2.06;-0.28;-0.03;0.10;0.06;0.041
92139.615;2727;-2.06;-0.25;1.79;-1.85;-0.26;17.65;0.79;0.50;713;1;1;5;-0.00;0.26;0.29;-0.01;-0.01;0.03;-0.05;0.14;-2.06;-0.28;-0.03;0.10;0.06;0.016
92139.725;2738;-2.03;-0.25;2.75;-1.85;-0.26;17.65;0.79;0.50;713;1;1;5;0.20;0.26;0.27;-0.01;-0.01;0.03;-0.02;0.13;-2.03;-0.29;0.61;0.31;0.20;0.020
92139.825;2747;-2.00;-0.24;4.01;-1.85;-0.26;17.65;0.79;0.50;713;1;1;5;0.31;0.26;0.26;-0.01;-0.00;0.01;-0.00;0.35;-2.00;-0.29;2.19;0.43;0.27;0.016
92139.935;2757;-1.98;-0.24;6.02;-1.85;-0.26;17.65;0.79;0.50;713;1;1;5;0.37;0.26;0.26;-0.00;-0.00;-0.01;-0.00;0.33;-1.98;-0.28;3.82;0.50;0.32;0.025
92140.035;2770;-1.94;-0.24;8.21;-1.85;-0.26;17.65;0.79;0.50;713;1;1;5;0.47;0.26;0.27;-0.01;-0.01;-0.02;-0.04;0.29;-1.95;-0.28;6.07;0.57;0.36;0.025
92140.115;2776;-1.93;-0.24;9.27;-1.85;-0.26;17.65;0.79;0.50;713;1;1;5;0.58;0.27;0.26;-0.00;-0.01;0.03;0.07;0.33;-1.92;-0.28;9.06;0.64;0.41;0.013
92140.235;2788;-1.90;-0.23;12.04;-1.85;-0.26;17.65;0.79;0.50;713;1;1;5;0.65;0.27;0.27;0.00;-0.01;0.03;0.09;0.40;-1.90;-0.27;11.51;0.69;0.44;0.023
92140.335;2799;-1.87;-0.23;14.97;-1.85;-0.26;17.65;0.79;0.50;713;1;1;5;0.79;0.29;0.26;-0.06;-0.01;-0.01;-0.06;0.55;-1.85;-0.26;17.65;0.79;0.50;0.029
92140.455;2813;-1.83;-0.23;20.87;-1.57;0.04;73.49;0.75;0.50;713;2;1;5;0.78;0.30;0.25;-0.12;-0.01;0.00;-0.06;0.86;-1.83;-0.25;21.15;0.78;0.50;0.051
92140.535;2818;-1.81;-0.23;23.23;-1.57;0.04;73.49;0.75;0.50;713;2;1;5;0.79;0.30;0.27;-0.14;-0.01;0.00;-0.16;0.93;-1.81;-0.24;24.63;0.78;0.50;0.021
92140.625;2829;-1.78;-0.22;28.63;-1.57;0.04;73.49;0.75;0.50;713;2;1;5;0.76;0.30;0.27;-0.11;-0.01;-0.01;-0.06;0.88;-1.78;-0.23;28.10;0.78;0.50;0.031
92140.715;2837;-1.76;-0.22;32.31;-1.57;0.04;73.49;0.75;0.50;713;2;1;5;0.74;0.30;0.24;-0.11;-0.06;0.17;0.13;0.73;-1.76;-0.21;31.56;0.78;0.50;0.011
92140.825;2848;-1.73;-0.21;37.01;-1.57;0.04;73.49;0.75;0.50;713;2;1;5;0.70;0.30;0.28;-0.11;-0.01;0.02;-0.14;0.76;-1.74;-0.20;35.00;0.77;0.50;0.021
92140.925;2856;-1.71;-0.20;39.99;-1.57;0.04;73.49;0.75;0.50;713;2;1;5;0.71;0.30;0.27;-0.07;-0.01;-0.01;-0.05;0.65;-1.72;-0.18;38.43;0.77;0.50;0.021
92141.025;2870;-1.68;-0.18;44.94;-1.57;0.04;73.49;0.75;0.50;713;2;1;5;0.65;0.30;0.27;-0.08;-0.01;0.02;-0.05;0.65;-1.71;-0.18;40.13;0.77;0.50;0.022
92141.115;2875;-1.66;-0.18;46.50;-1.57;0.04;73.49;0.75;0.50;713;2;1;5;0.69;0.30;0.27;-0.07;-0.01;-0.01;-0.06;0.52;-1.69;-0.16;43.54;0.77;0.50;0.008
92141.235;2890;-1.63;-0.15;51.28;-1.57;0.04;73.49;0.75;0.50;713;2;1;5;0.72;0.30;0.27;-0.07;-0.01;-0.00;-0.03;0.61;-1.66;-0.13;48.61;0.77;0.50;0.028
92141.325;2898;-1.61;-0.14;54.08;-1.57;0.04;73.49;0.75;0.50;713;2;1;5;0.70;0.30;0.26;-0.08;-0.01;0.01;-0.04;0.67;-1.66;-0.12;50.29;0.76;0.50;0.015
92141.425;2909;-1.59;-0.12;57.91;-1.57;0.04;73.49;0.75;0.50;713;2;1;5;0.73;0.30;0.26;-0.07;-0.01;-0.01;-0.02;0.58;-1.63;-0.09;55.33;0.76;0.50;0.023
92141.525;2917;-1.58;-0.11;60.71;-1.57;0.04;73.49;0.75;0.50;713;2;1;5;0.71;0.30;0.25;-0.08;-0.01;0.01;-0.03;0.66;-1.62;-0.08;56.99;0.76;0.50;0.020
92141.615;2926;-1.56;-0.09;63.90;-1.57;0.04;73.49;0.75;0.50;713;2;1;5;0.72;0.30;0.25;-0.07;-0.01;0.01;-0.03;0.59;-1.61;-0.06;60.32;0.76;0.50;0.008
92141.715;2936;-1.55;-0.07;67.20;-1.57;0.04;73.49;0.75;0.50;713;2;1;5;0.72;0.30;0.25;-0.06;-0.00;0.01;-0.02;0.57;-1.60;-0.04;63.64;0.76;0.50;0.009
92141.815;2945;-1.53;-0.05;70.17;-1.57;0.04;73.49;0.75;0.50;713;2;1;5;0.69;0.30;0.25;-0.06;-0.00;0.00;-0.02;0.57;-1.59;-0.02;65.29;0.75;0.50;0.008
92141.915;2956;-1.52;-0.02;73.58;-1.57;0.04;73.49;0.75;0.50;713;2;1;5;0.70;0.30;0.25;-0.04;0.00;-0.04;0.05;0.49;-1.58;-0.00;68.58;0.75;0.50;0.009
92142.025;2969;-1.50;0.01;78.44;-1.57;0.04;73.49;0.75;0.50;713;2;1;5;0.61;0.30;0.28;-0.10;-0.00;0.05;-0.00;0.75;-1.58;0.01;70.22;0.75;0.50;0.021
92142.105;2975;-1.49;0.02;80.84;-1.57;0.04;73.49;0.75;0.50;713;2;1;5;0.66;0.30;0.30;-0.11;-0.01;0.11;-0.05;0.73;-1.57;0.05;75.08;0.72;0.50;0.008
92142.225;2989;-1.48;0.06;86.21;-1.57;0.04;73.49;0.75;0.50;713;2;1;5;0.55;0.30;0.30;-0.11;-0.01;0.12;-0.05;0.80;-1.56;0.07;78.03;0.66;0.50;0.011
92142.315;2997;-1.47;0.08;88.96;-1.55;0.46;90.57;-0.23;0.50;713;3;1;5;0.48;0.29;0.28;-0.07;-0.00;-0.03;0.03;0.45;-1.56;0.10;80.68;0.60;0.50;0.014
92142.415;3008;-1.46;0.12;91.44;-1.55;0.46;90.57;-0.23;0.50;713;3;1;5;0.36;0.30;0.31;-0.05;-0.01;0.06;-0.07;0.40;-1.55;0.12;83.03;0.54;0.50;0.013
92142.525;3020;-1.46;0.15;93.22;-1.55;0.46;90.57;-0.23;0.50;713;3;1;5;0.35;0.30;0.29;-0.05;-0.01;0.06;-0.03;0.22;-1.55;0.15;85.09;0.48;0.50;0.009
92142.625;3026;-1.46;0.17;93.81;-1.55;0.46;90.57;-0.23;0.50;713;3;1;5;0.31;0.30;0.32;-0.03;-0.01;0.08;-0.06;0.22;-1.55;0.17;86.88;0.42;0.50;0.018
92142.715;3036;-1.46;0.20;94.96;-1.55;0.46;90.57;-0.23;0.50;713;3;1;5;0.26;0.30;0.31;-0.01;-0.01;0.05;-0.03;0.18;-1.55;0.20;88.39;0.36;0.50;0.008
92142.815;3046;-1.46;0.23;95.39;-1.55;0.46;90.57;-0.23;0.50;713;3;1;5;0.23;0.30;0.30;0.01;-0.01;-0.08;0.04;0.00;-1.55;0.23;89.65;0.31;0.50;0.008
92142.905;3057;-1.46;0.26;95.47;-1.55;0.46;90.57;-0.23;0.50;713;3;1;5;0.20;0.30;0.30;0.01;-0.01;-0.02;0.01;-0.02;-1.55;0.26;91.06;0.22;0.50;0.004
92143.005;3065;-1.47;0.29;95.38;-1.55;0.46;90.57;-0.23;0.50;713;3;1;5;0.17;0.30;0.30;0.01;-0.01;-0.02;0.01;-0.05;-1.55;0.29;91.70;0.16;0.50;0.003
92143.115;3075;-1.47;0.32;95.16;-1.55;0.46;90.57;-0.23;0.50;713;3;1;5;0.13;0.30;0.31;0.00;-0.01;0.08;-0.04;-0.03;-1.55;0.32;92.10;0.10;0.50;0.005
92143.205;3085;-1.47;0.35;94.88;-1.55;0.46;90.57;-0.23;0.50;713;3;1;5;0.09;0.30;0.31;0.01;-0.01;0.05;-0.03;-0.04;-1.55;0.34;92.28;0.04;0.50;0.004
92143.325;3100;-1.48;0.40;94.20;-1.56;0.54;90.00;0.00;0.50;1617;1;1;0;0.01;0.30;0.30;0.00;-0.01;-0.06;0.03;-0.12;-1.55;0.38;92.16;-0.05;0.50;0.018
92143.425;3109;-1.48;0.42;93.49;-1.56;0.54;90.00;0.00;0.50;1617;1;1;0;0.03;0.29;0.30;0.00;-0.00;-0.04;0.01;-0.16;-1.56;0.47;90.00;0.00;0.07;0.012
92143.535;3119;-1.48;0.45;92.97;-1.56;0.54;90.00;0.00;0.50;1617;1;1;0;0.05;0.29;0.30;0.00;-0.00;0.02;-0.02;-0.06;-1.56;0.47;90.00;0.00;0.07;0.034
92143.615;3127;-1.48;0.48;92.78;-1.56;0.54;90.00;0.00;0.50;1617;1;1;0;0.06;0.28;0.29;0.00;-0.00;0.00;-0.01;-0.03;-1.56;0.48;90.00;0.00;0.18;0.008
92143.715;3136;-1.49;0.50;92.69;-1.56;0.54;90.00;0.00;0.50;1617;1;1;0;0.06;0.28;0.28;0.00;-0.00;0.00;-0.01;-0.01;-1.56;0.50;90.00;0.00;0.32;0.014
92143.815;3147;-1.49;0.53;92.64;-1.56;0.54;90.00;0.00;0.50;1617;1;1;0;0.06;0.29;0.29;0.00;-0.00;0.00;-0.01;-0.00;-1.56;0.53;90.00;0.00;0.46;0.016
92143.945;3160;-1.49;0.57;92.72;-1.56;0.70;90.00;-0.00;0.50;1617;2;1;0;0.05;0.30;0.29;-0.00;-0.00;-0.02;-0.00;0.02;-1.56;0.55;90.00;0.00;0.50;0.030
92144.035;3170;-1.49;0.60;92.79;-1.56;0.70;90.00;-0.00;0.50;1617;2;1;0;0.04;0.30;0.30;0.00;-0.00;-0.01;-0.01;0.01;-1.56;0.59;90.00;0.00;0.50;0.028
92144.135;3178;-1.49;0.62;92.80;-1.56;0.70;90.00;-0.00;0.50;1617;2;1;0;0.04;0.30;0.30;0.00;-0.00;-0.01;-0.01;-0.00;-1.56;0.62;90.00;0.00;0.50;0.033
92144.225;3189;-1.49;0.66;92.79;-1.56;0.70;90.00;-0.00;0.50;1617;2;1;0;0.03;0.30;0.30;0.00;-0.00;-0.00;-0.00;-0.00;-1.56;0.66;90.00;0.00;0.50;0.018
92144.315;3197;-1.49;0.68;92.79;-1.56;0.70;90.00;-0.00;0.50;1617;2;1;0;0.03;0.30;0.30;-0.00;-0.00;-0.00;-0.00;0.00;-1.56;0.68;90.00;-0.00;0.50;0.005
92144.415;3207;-1.50;0.71;92.78;-1.56;0.85;90.00;0.00;0.50;1617;3;1;0;0.03;0.30;0.30;0.00;-0.00;-0.00;-0.00;-0.00;-1.56;0.71;90.00;-0.00;0.50;0.008
92144.515;3218;-1.50;0.74;92.75;-1.56;0.85;90.00;0.00;0.50;1617;3;1;0;0.02;0.30;0.30;0.00;-0.00;-0.00;-0.00;-0.00;-1.56;0.75;90.00;-0.00;0.50;0.011
92144.615;3226;-1.50;0.77;92.73;-1.56;0.85;90.00;0.00;0.50;1617;3;1;0;0.02;0.30;0.30;0.00;-0.00;-0.00;-0.00;-0.01;-1.56;0.77;90.00;0.00;0.50;0.006
92144.715;3237;-1.50;0.80;92.70;-1.56;0.85;90.00;0.00;0.50;1617;3;1;0;0.02;0.30;0.30;0.00;-0.00;-0.00;-0.00;-0.00;-1.56;0.80;90.00;0.00;0.50;0.006
92144.805;3245;-1.50;0.83;92.67;-1.56;0.85;90.00;0.00;0.50;1617;3;1;0;0.02;0.30;0.30;0.00;-0.00;-0.00;-0.00;-0.01;-1.56;0.82;90.00;0.00;0.50;0.002
92144.925;3256;-1.50;0.86;92.64;-1.56;0.85;90.00;0.00;0.50;1617;3;1;0;0.02;0.30;0.30;0.00;-0.00;-0.00;-0.00;-0.01;-1.56;0.85;90.00;0.00;0.50;0.008
92145.015;3268;-1.51;0.90;92.60;-1.56;1.00;90.00;-0.00;0.50;1617;4;1;0;0.01;0.30;0.30;0.00;-0.00;-0.00;-0.00;-0.01;-1.56;0.89;90.00;0.00;0.50;0.013
92145.105;3278;-1.51;0.93;92.57;-1.56;1.00;90.00;-0.00;0.50;1617;4;1;0;0.01;0.30;0.30;0.00;-0.00;-0.00;-0.00;-0.01;-1.56;0.93;90.00;-0.00;0.50;0.002
92145.205;3287;-1.51;0.95;92.53;-1.56;1.00;90.00;-0.00;0.50;1617;4;1;0;0.01;0.30;0.30;0.00;-0.00;-0.00;-0.00;-0.01;-1.56;0.95;90.00;-0.00;0.50;0.002
92145.305;3297;-1.51;0.98;92.50;-1.56;1.00;90.00;-0.00;0.50;1617;4;1;0;0.01;0.30;0.30;0.00;-0.00;-0.00;-0.00;-0.01;-1.56;0.98;90.00;-0.00;0.50;0.006
92145.405;3306;-1.51;1.01;92.47;-1.56;1.00;90.00;-0.00;0.50;1617;4;1;0;0.01;0.30;0.30;0.00;-0.00;-0.00;-0.00;-0.01;-1.56;1.01;90.00;-0.00;0.50;0.001
92145.505;3316;-1.51;1.04;92.44;-1.56;1.15;90.00;0.00;0.50;1617;5;1;0;0.01;0.30;0.30;0.00;-0.00;-0.00;-0.00;-0.01;-1.56;1.04;90.00;-0.00;0.50;0.006
92145.605;3324;-1.51;1.06;92.41;-1.56;1.15;90.00;0.00;0.50;1617;5;1;0;0.00;0.30;0.30;0.00;-0.00;-0.00;-0.00;-0.01;-1.56;1.06;90.00;-0.00;0.50;0.001
92145.715;3339;-1.51;1.11;92.37;-1.56;1.15;90.00;0.00;0.50;1617;5;1;0;0.00;0.30;0.30;0.00;-0.00;-0.00;-0.00;-0.00;-1.56;1.09;90.00;-0.00;0.50;0.011
92145.805;3344;-1.52;1.12;92.35;-1.56;1.15;90.00;0.00;0.50;1617;5;1;0;0.00;0.30;0.30;0.00;-0.00;-0.00;-0.00;-0.01;-1.56;1.12;90.00;0.00;0.50;0.001
92145.905;3355;-1.52;1.16;92.31;-1.56;1.15;90.00;0.00;0.50;1617;5;1;0;-0.00;0.30;0.30;0.00;-0.00;-0.00;-0.00;-0.01;-1.56;1.16;90.00;0.00;0.50;0.001
92146.015;3368;-1.52;1.20;92.27;-1.56;1.31;90.00;-0.00;0.50;1617;6;1;0;-0.00;0.30;0.30;0.00;-0.00;-0.00;-0.00;-0.01;-1.56;1.20;90.00;0.00;0.50;0.002
92146.105;3374;-1.52;1.21;92.25;-1.56;1.31;90.00;-0.00;0.50;1617;6;1;0;-0.00;0.30;0.30;0.00;-0.00;-0.00;-0.00;-0.01;-1.56;1.21;90.00;0.00;0.50;0.001
92146.215;3387;-1.52;1.25;92.21;-1.56;1.31;90.00;-0.00;0.50;1617;6;1;0;-0.00;0.30;0.30;0.00;-0.00;-0.00;-0.00;-0.01;-1.56;1.25;90.00;0.00;0.50;0.010
92146.305;3398;-1.52;1.29;92.18;-1.56;1.31;90.00;-0.00;0.50;1617;6;1;0;-0.01;0.30;0.30;0.00;-0.00;-0.00;-0.00;-0.01;-1.56;1.29;90.00;-0.00;0.50;0.001
92146.405;3406;-1.52;1.31;92.15;-1.56;1.31;90.00;-0.00;0.50;1617;6;1;0;-0.01;0.30;0.30;-0.00;-0.00;-0.00;-0.00;-0.01;-1.56;1.31;90.00;-0.00;0.50;0.001
92146.505;3416;-1.52;1.34;92.12;-1.56;1.46;90.00;0.00;0.50;1617;7;1;0;-0.01;0.30;0.30;-0.00;-0.00;-0.00;-0.00;-0.01;-1.56;1.34;90.00;-0.00;0.50;0.000
92146.635;3430;-1.53;1.38;92.07;-1.56;1.57;90.00;0.00;0.50;232;1;1;1;-0.01;0.30;0.30;-0.00;-0.00;-0.00;-0.00;-0.01;-1.56;1.37;90.00;-0.00;0.50;0.024
92146.725;3439;-1.53;1.41;92.04;-1.56;1.57;90.00;0.00;0.50;232;1;1;1;-0.01;0.30;0.30;-0.00;-0.00;-0.00;-0.00;-0.00;-1.56;1.47;90.00;0.00;0.06;0.018
92146.805;3445;-1.53;1.43;92.03;-1.56;1.57;90.00;0.00;0.50;232;1;1;1;-0.01;0.29;0.30;-0.00;-0.00;-0.00;-0.00;-0.01;-1.56;1.47;90.00;0.00;0.06;0.008
92146.925;3459;-1.53;1.47;91.99;-1.56;1.57;90.00;0.00;0.50;232;1;1;1;-0.01;0.28;0.29;-0.00;-0.00;0.00;0.00;-0.00;-1.56;1.47;90.00;0.00;0.06;0.014
92147.025;3467;-1.53;1.49;91.97;-1.56;1.57;90.00;0.00;0.50;232;1;1;1;-0.01;0.28;0.28;-0.00;-0.00;0.00;0.00;-0.00;-1.56;1.49;90.00;0.00;0.24;0.015
92147.125;3477;-1.53;1.52;91.94;-1.56;1.57;90.00;0.00;0.50;232;1;1;1;-0.01;0.28;0.28;-0.00;-0.00;0.00;-0.00;-0.00;-1.56;1.52;90.00;0.00;0.36;0.018
92147.205;3487;-1.53;1.55;91.91;-1.56;1.57;90.00;0.00;0.50;232;1;1;1;-0.01;0.29;0.28;-0.00;-0.00;-0.00;-0.00;-0.00;-1.56;1.55;90.00;0.00;0.45;0.007
92147.325;3496;-1.53;1.57;91.89;-1.56;1.76;90.00;-0.00;0.50;232;2;1;1;-0.02;0.30;0.29;-0.00;-0.00;-0.00;-0.00;-0.00;-1.56;1.57;90.00;0.00;0.50;0.020
92147.405;3506;-1.53;1.60;91.86;-1.56;1.76;90.00;-0.00;0.50;232;2;1;1;-0.02;0.30;0.30;-0.00;-0.00;-0.00;-0.00;-0.00;-1.56;1.60;90.00;0.00;0.50;0.007
92147.515;3519;-1.53;1.64;91.83;-1.56;1.76;90.00;-0.00;0.50;232;2;1;1;-0.02;0.30;0.30;-0.00;-0.00;-0.00;-0.00;-0.00;-1.56;1.62;90.00;-0.00;0.50;0.013
92147.615;3525;-1.53;1.66;91.81;-1.56;1.76;90.00;-0.00;0.50;232;2;1;1;-0.02;0.30;0.30;-0.00;-0.00;-0.00;-0.00;-0.01;-1.56;1.66;90.00;-0.00;0.50;0.008
92147.725;3540;-1.54;1.70;91.76;-1.56;1.76;90.00;-0.00;0.50;232;2;1;1;-0.02;0.30;0.30;-0.00;-0.00;-0.00;-0.00;-0.00;-1.56;1.70;90.00;-0.00;0.50;0.020
92147.805;3548;-1.54;1.73;91.74;-1.56;1.76;90.00;-0.00;0.50;232;2;1;1;-0.02;0.30;0.30;-0.00;-0.00;-0.00;-0.00;-0.01;-1.56;1.71;90.00;-0.00;0.50;0.009
92147.905;3557;-1.54;1.76;91.71;-1.56;1.76;90.00;-0.00;0.50;232;2;1;1;-0.02;0.30;0.30;-0.00;0.00;-0.00;-0.00;-0.01;-1.56;1.76;90.00;-0.00;0.50;0.006
92148.015;3566;-1.54;1.78;91.68;-1.56;1.76;90.00;-0.00;0.50;232;2;1;1;-0.02;0.30;0.30;0.00;-0.00;-0.00;0.00;-0.00;-1.56;1.79;90.00;-0.00;0.50;0.009
92148.115;3576;-1.54;1.81;91.65;-1.56;1.96;90.00;0.00;0.50;232;3;1;1;-0.02;0.30;0.30;-0.00;0.00;-0.00;0.00;-0.01;-1.56;1.81;90.00;-0.00;0.50;0.011
92148.265;3590;-1.54;1.86;91.63;-1.54;2.18;72.35;-0.79;0.50;230;1;1;6;-0.02;0.30;0.30;0.00;0.00;0.00;0.00;-0.00;-1.56;1.84;90.00;-0.00;0.50;0.015
92148.345;3600;-1.54;1.89;91.61;-1.54;2.18;72.35;-0.79;0.50;230;1;1;6;0.09;0.30;0.30;0.00;0.00;-0.00;-0.00;-0.00;-1.56;1.97;90.03;-0.10;0.06;0.010
92148.425;3609;-1.54;1.91;92.09;-1.54;2.18;72.35;-0.79;0.50;230;1;0;6;0.00;0.30;0.30;-0.00;0.00;-0.01;0.01;0.12;-1.56;1.97;90.03;-0.10;0.06;0.028
92148.565;3624;-1.54;1.96;92.19;-1.56;2.04;90.00;0.00;0.50;230;1;1;0;0.00;0.30;0.18;-0.00;0.00;-0.04;0.00;-0.02;-1.56;1.97;90.03;-0.10;0.06;0.022
92148.625;3630;-1.54;1.96;92.16;-1.56;2.04;90.00;0.00;0.50;230;1;1;0;-0.06;0.29;-0.00;-0.00;-0.00;0.01;0.00;-0.00;-1.56;1.97;90.00;0.00;0.07;0.018
92148.715;3638;-1.54;1.97;91.97;-1.56;2.20;90.00;-0.00;0.50;230;2;1;0;-0.05;0.28;0.29;0.00;-0.00;-0.01;-0.00;-0.06;-1.56;1.97;90.00;0.00;0.07;0.021
92148.805;3646;-1.54;2.00;91.79;-1.56;2.20;90.00;-0.00;0.50;230;2;1;0;-0.04;0.28;0.28;-0.00;0.00;-0.02;-0.01;-0.03;-1.56;2.00;90.00;0.00;0.32;0.004
92148.905;3657;-1.55;2.03;91.63;-1.56;2.20;90.00;-0.00;0.50;230;2;1;0;-0.04;0.29;0.28;0.00;0.00;-0.01;-0.00;-0.02;-1.56;2.02;90.00;0.00;0.42;0.004
92149.005;3665;-1.55;2.05;91.56;-1.56;2.20;90.00;-0.00;0.50;230;2;1;0;-0.04;0.30;0.29;0.00;0.00;-0.00;0.00;-0.01;-1.56;2.05;90.00;0.00;0.50;0.004
92149.105;3676;-1.55;2.08;91.49;-1.56;2.20;90.00;-0.00;0.50;230;2;1;0;-0.03;0.30;0.30;0.00;0.00;-0.00;0.00;-0.01;-1.56;2.09;90.00;0.00;0.50;0.007
92149.215;3684;-1.55;2.10;91.45;-1.56;2.20;90.00;-0.00;0.50;230;2;1;0;-0.03;0.30;0.30;0.00;0.00;-0.00;0.00;-0.01;-1.56;2.11;90.00;0.00;0.50;0.012
92149.325;3699;-1.55;2.15;91.40;-1.56;2.35;90.00;0.00;0.50;230;3;1;0;-0.03;0.30;0.30;0.00;0.00;0.00;0.00;-0.01;-1.56;2.14;90.00;0.00;0.50;0.013
92149.405;3708;-1.55;2.18;91.38;-1.56;2.35;90.00;0.00;0.50;230;3;1;0;-0.03;0.30;0.30;0.00;0.00;0.00;0.00;-0.01;-1.56;2.18;90.00;-0.00;0.50;0.002
92149.515;3718;-1.55;2.21;91.35;-1.56;2.35;90.00;0.00;0.50;230;3;1;0;-0.03;0.30;0.30;0.00;0.00;0.00;0.00;-0.01;-1.56;2.19;90.00;-0.00;0.50;0.007
92149.605;3727;-1.55;2.23;91.32;-1.56;2.35;90.00;0.00;0.50;230;3;1;0;-0.04;0.30;0.30;0.00;0.00;0.00;0.00;-0.00;-1.56;2.24;90.00;-0.00;0.50;0.003
92149.715;3737;-1.55;2.26;91.29;-1.56;2.35;90.00;0.00;0.50;230;3;1;0;-0.04;0.30;0.30;0.00;0.00;0.00;0.00;-0.00;-1.56;2.27;90.00;0.00;0.50;0.006
92149.805;3748;-1.55;2.30;91.26;-1.56;2.35;90.00;0.00;0.50;230;3;1;0;-0.04;0.30;0.30;0.00;0.00;0.00;0.00;-0.00;-1.56;2.30;90.00;0.00;0.50;0.006
92149.905;3757;-1.55;2.32;91.24;-1.56;2.50;90.00;-0.00;0.50;230;4;1;0;-0.04;0.30;0.30;0.00;0.00;0.00;0.00;-0.00;-1.56;2.32;90.00;0.00;0.50;0.003
92150.005;3767;-1.55;2.35;91.21;-1.56;2.50;90.00;-0.00;0.50;230;4;1;0;-0.04;0.30;0.30;0.00;0.00;0.00;0.00;-0.00;-1.56;2.35;90.00;0.00;0.50;0.003
92150.105;3776;-1.55;2.38;91.18;-1.56;2.50;90.00;-0.00;0.50;230;4;1;0;-0.04;0.30;0.30;0.00;0.00;0.00;0.00;-0.00;-1.56;2.39;90.00;0.00;0.50;0.002
92150.205;3786;-1.55;2.41;91.16;-1.56;2.50;90.00;-0.00;0.50;230;4;1;0;-0.04;0.30;0.30;0.00;0.00;0.00;0.00;-0.00;-1.56;2.41;90.00;0.00;0.50;0.002
92150.305;3796;-1.56;2.44;91.13;-1.56;2.50;90.00;-0.00;0.50;230;4;1;0;-0.04;0.30;0.30;0.00;0.00;0.00;0.00;-0.00;-1.56;2.44;90.00;-0.00;0.50;0.002
92150.405;3804;-1.56;2.47;91.11;-1.56;2.50;90.00;-0.00;0.50;230;4;1;0;-0.04;0.30;0.30;0.00;0.00;0.00;0.00;-0.00;-1.56;2.46;90.00;-0.00;0.50;0.002
92150.505;3815;-1.56;2.50;91.08;-1.56;2.65;90.00;0.00;0.50;230;5;1;0;-0.04;0.30;0.30;0.00;0.00;0.00;0.00;-0.00;-1.56;2.49;90.00;-0.00;0.50;0.002
92150.605;3828;-1.56;2.54;91.04;-1.56;2.65;90.00;0.00;0.50;230;5;1;0;-0.04;0.30;0.30;0.00;0.00;0.00;0.00;-0.00;-1.56;2.54;90.00;-0.00;0.50;0.001
92150.705;3834;-1.56;2.56;91.03;-1.56;2.65;90.00;0.00;0.50;230;5;1;0;-0.04;0.30;0.30;0.00;0.00;0.00;0.00;-0.00;-1.56;2.56;90.00;-0.00;0.50;0.002
92150.805;3847;-1.56;2.60;91.00;-1.56;2.65;90.00;0.00;0.50;230;5;1;0;-0.04;0.30;0.30;0.00;0.00;0.00;0.00;-0.00;-1.56;2.59;90.00;-0.00;0.50;0.001
92150.905;3857;-1.56;2.63;90.97;-1.56;2.65;90.00;0.00;0.50;230;5;1;0;-0.04;0.30;0.30;0.00;0.00;0.00;0.00;-0.00;-1.56;2.62;90.00;0.00;0.50;0.001
92151.005;3866;-1.56;2.65;90.95;-1.56;2.81;90.00;-0.00;0.50;230;6;1;0;-0.04;0.30;0.30;0.00;0.00;0.00;0.00;-0.00;-1.56;2.66;90.00;0.00;0.50;0.001
92151.105;3876;-1.56;2.68;90.93;-1.56;2.81;90.00;-0.00;0.50;230;6;1;0;-0.04;0.30;0.30;0.00;0.00;0.00;0.00;-0.00;-1.56;2.69;90.00;0.00;0.50;0.001
92151.205;3887;-1.56;2.72;90.90;-1.56;2.81;90.00;-0.00;0.50;230;6;1;0;-0.04;0.30;0.30;0.00;0.00;0.00;0.00;-0.00;-1.56;2.72;90.00;0.00;0.50;0.001
92151.305;3895;-1.56;2.74;90.88;-1.56;2.81;90.00;-0.00;0.50;230;6;1;0;-0.04;0.30;0.30;0.00;0.00;0.00;0.00;-0.00;-1.56;2.74;90.00;0.00;0.50;0.001
92151.405;3904;-1.56;2.77;90.86;-1.56;2.81;90.00;-0.00;0.50;230;6;1;0;-0.04;0.30;0.30;0.00;0.00;0.00;0.00;-0.00;-1.56;2.76;90.00;-0.00;0.50;0.001
92151.505;3915;-1.56;2.80;90.83;-1.56;2.81;90.00;-0.00;0.50;230;6;1;0;-0.04;0.30;0.30;0.00;0.00;0.00;0.00;-0.00;-1.56;2.80;90.00;-0.00;0.50;0.001
92151.615;3928;-1.56;2.84;90.80;-1.59;3.18;107.65;0.79;0.50;234;1;1;5;-0.04;0.30;0.30;0.00;0.00;0.00;0.00;-0.00;-1.56;2.84;90.00;-0.00;0.50;0.008
92151.715;3938;-1.56;2.87;90.78;-1.59;3.18;107.65;0.79;0.50;234;1;1;5;-0.21;0.30;0.30;0.00;0.00;0.00;0.00;-0.00;-1.56;2.97;89.97;0.10;0.06;0.009
92151.815;3947;-1.56;2.90;89.95;-1.59;3.18;107.65;0.79;0.50;234;1;1;5;-0.10;0.30;0.30;0.00;0.00;0.00;-0.02;-0.21;-1.56;2.97;89.97;0.10;0.06;0.007
92151.915;3957;-1.56;2.93;89.45;-1.59;3.18;107.65;0.79;0.50;234;1;1;5;-0.00;0.29;0.30;-0.00;-0.00;0.00;-0.01;-0.02;-1.56;2.97;89.97;0.10;0.06;0.010
92152.015;3968;-1.56;2.96;89.83;-1.59;3.18;107.65;0.79;0.50;234;1;1;5;0.07;0.28;0.29;-0.00;-0.00;0.00;-0.01;0.09;-1.56;2.97;89.97;0.10;0.06;0.011
92152.115;3976;-1.56;2.98;90.47;-1.59;3.18;107.65;0.79;0.50;234;1;1;5;0.19;0.27;0.30;0.00;-0.03;0.23;-0.03;0.16;-1.56;2.98;90.09;0.21;0.14;0.011
92152.215;3987;-1.56;3.01;91.68;-1.59;3.18;107.65;0.79;0.50;234;1;1;5;0.34;0.27;0.29;-0.02;-0.05;0.05;-0.30;0.21;-1.56;3.01;91.10;0.36;0.23;0.007
92152.315;3995;-1.56;3.04;93.00;-1.59;3.18;107.65;0.79;0.50;234;1;1;5;0.43;0.27;0.27;-0.01;0.00;-0.00;0.01;0.35;-1.56;3.04;92.67;0.45;0.29;0.012
92152.415;4006;-1.57;3.07;95.24;-1.59;3.18;107.65;0.79;0.50;234;1;1;5;0.50;0.27;0.27;-0.00;-0.01;0.00;0.00;0.38;-1.56;3.06;94.49;0.52;0.33;0.011
92152.515;4019;-1.57;3.10;98.07;-1.59;3.18;107.65;0.79;0.50;234;1;1;5;0.58;0.28;0.28;-0.00;-0.01;-0.10;-0.10;0.36;-1.57;3.09;96.98;0.59;0.38;0.013
92152.605;4025;-1.57;3.12;99.77;-1.59;3.18;107.65;0.79;0.50;234;1;1;5;0.68;0.28;0.27;-0.04;-0.01;0.03;0.03;0.51;-1.57;3.12;100.24;0.67;0.42;0.006
92152.715;4039;-1.57;3.16;104.33;-1.59;3.18;107.65;0.79;0.50;234;1;1;5;0.76;0.29;0.27;-0.03;-0.01;0.11;0.13;0.75;-1.58;3.15;104.36;0.74;0.47;0.010
92152.825;4047;-1.58;3.18;107.80;-1.59;3.18;107.65;0.79;0.50;234;1;1;5;0.79;0.30;0.30;-0.01;-0.00;0.03;0.05;0.68;-1.59;3.18;107.65;0.79;0.50;0.012
92152.905;4057;-1.59;3.21;110.73;-1.88;3.46;163.49;0.75;0.50;234;2;1;5;0.79;0.30;0.32;-0.01;-0.01;-0.12;-0.17;0.48;-1.60;3.20;111.15;0.78;0.50;0.005
92153.015;4066;-1.59;3.24;114.62;-1.88;3.46;163.49;0.75;0.50;234;2;1;5;0.79;0.30;0.31;-0.08;-0.01;0.06;0.12;0.91;-1.61;3.22;114.63;0.78;0.50;0.005
92153.105;4076;-1.60;3.27;119.01;-1.88;3.46;163.49;0.75;0.50;234;2;1;5;0.79;0.30;0.35;-0.05;-0.01;-0.04;-0.11;0.63;-1.63;3.26;119.83;0.78;0.50;0.004
92153.205;4085;-1.61;3.30;122.63;-1.88;3.46;163.49;0.75;0.50;234;2;1;5;0.79;0.30;0.31;-0.11;-0.01;0.06;0.09;0.94;-1.64;3.28;123.28;0.78;0.50;0.004
92153.305;4096;-1.63;3.33;127.04;-1.88;3.46;163.49;0.75;0.50;234;2;1;5;0.79;0.30;0.35;-0.10;-0.01;-0.02;-0.09;0.64;-1.66;3.31;128.43;0.77;0.50;0.004
92153.415;4108;-1.64;3.37;132.17;-1.88;3.46;163.49;0.75;0.50;234;2;1;5;0.79;0.30;0.35;-0.11;-0.01;0.01;0.04;0.81;-1.68;3.33;131.84;0.77;0.50;0.007
92153.515;4118;-1.66;3.41;136.58;-1.88;3.46;163.49;0.75;0.50;234;2;1;5;0.79;0.30;0.34;-0.12;-0.01;0.01;0.03;0.79;-1.71;3.36;136.92;0.77;0.50;0.007
92153.605;4128;-1.68;3.44;141.30;-1.88;3.46;163.49;0.75;0.50;234;2;1;5;0.79;0.30;0.34;-0.11;-0.01;0.02;0.03;0.70;-1.71;3.37;138.61;0.77;0.50;0.007
92153.705;4136;-1.69;3.46;144.78;-1.88;3.46;163.49;0.75;0.50;234;2;1;5;0.79;0.30;0.35;-0.12;-0.01;0.00;0.06;0.90;-1.74;3.39;143.65;0.76;0.50;0.003
92153.815;4145;-1.71;3.48;149.43;-1.88;3.46;163.49;0.75;0.50;234;2;1;5;0.79;0.30;0.35;-0.12;-0.09;0.36;0.08;0.84;-1.77;3.41;146.99;0.76;0.50;0.006
92153.915;4156;-1.74;3.50;155.38;-1.88;3.46;163.49;0.75;0.50;234;2;1;5;0.73;0.30;0.31;-0.07;-0.00;0.00;-0.00;1.10;-1.79;3.42;150.32;0.76;0.50;0.007
92154.015;4165;-1.77;3.52;160.79;-1.88;3.46;163.49;0.75;0.50;234;2;1;5;0.64;0.30;0.30;-0.06;-0.01;-0.02;0.05;0.89;-1.81;3.43;153.64;0.76;0.50;0.006
92154.115;4175;-1.79;3.53;164.71;-1.88;3.46;163.49;0.75;0.50;234;2;1;5;0.62;0.30;0.28;-0.01;-0.08;-0.46;0.13;0.72;-1.83;3.44;156.93;0.75;0.50;0.005
92154.215;4188;-1.83;3.54;168.85;-1.88;3.46;163.49;0.75;0.50;234;2;1;5;0.60;0.30;0.30;0.00;-0.01;0.04;-0.11;0.44;-1.86;3.45;160.22;0.75;0.50;0.009
92154.315;4198;-1.86;3.55;172.08;-1.88;3.46;163.49;0.75;0.50;234;2;1;5;0.61;0.30;0.29;-0.06;-0.01;-0.11;0.20;0.62;-1.88;3.46;163.49;0.75;0.50;0.011
92154.415;4206;-1.88;3.55;174.53;-1.88;3.46;163.49;0.75;0.50;234;2;1;5;0.57;0.29;0.31;-0.01;-0.01;0.12;-0.21;0.45;-1.91;3.47;166.59;0.69;0.50;0.010
92154.505;4216;-1.91;3.56;178.03;-1.88;3.46;163.49;0.75;0.50;234;2;1;5;0.49;0.29;0.30;-0.02;-0.01;0.05;-0.09;0.54;-1.93;3.47;169.39;0.63;0.50;0.007
92154.605;4226;-1.94;3.56;180.39;-2.30;3.48;180.57;-0.23;0.50;234;3;1;5;0.43;0.29;0.29;-0.02;-0.01;-0.10;0.13;0.45;-1.96;3.48;171.89;0.57;0.50;0.004
92154.705;4235;-1.97;3.56;182.00;-2.30;3.48;180.57;-0.23;0.50;234;3;1;5;0.34;0.30;0.29;0.01;-0.01;0.06;-0.08;0.22;-1.98;3.48;174.09;0.51;0.50;0.002
92154.815;4245;-2.00;3.56;183.32;-2.30;3.48;180.57;-0.23;0.50;234;3;1;5;0.29;0.30;0.29;-0.01;-0.01;-0.05;0.06;0.20;-2.01;3.48;176.02;0.45;0.50;0.005
92154.905;4256;-2.03;3.56;184.26;-2.30;3.48;180.57;-0.23;0.50;234;3;1;5;0.26;0.30;0.32;-0.03;-0.04;-0.03;0.31;0.23;-2.03;3.48;177.67;0.39;0.50;0.005
92155.025;4268;-2.07;3.56;185.07;-2.57;3.44;194.65;0.57;0.50;493;1;1;7;0.22;0.30;0.29;-0.02;-0.01;-0.04;0.06;0.17;-2.06;3.48;179.05;0.34;0.50;0.007
92155.105;4278;-2.10;3.56;185.28;-2.57;3.44;194.65;0.57;0.50;493;1;1;7;-0.50;0.30;0.30;0.00;-0.01;-0.05;0.05;0.04;-2.32;3.47;180.00;0.07;0.06;0.005
92155.205;4288;-2.13;3.55;181.83;-2.57;3.44;194.65;0.57;0.50;493;1;1;7;-0.31;0.30;0.29;0.03;-0.01;-0.11;0.11;-0.95;-2.32;3.47;180.00;0.07;0.06;0.005
92155.315;4298;-2.16;3.55;179.07;-2.57;3.44;194.65;0.57;0.50;493;1;1;7;-0.14;0.30;0.30;0.01;-0.00;-0.03;-0.03;-0.30;-2.32;3.47;180.00;0.07;0.06;0.008
92155.405;4307;-2.18;3.55;178.42;-2.57;3.44;194.65;0.57;0.50;493;1;1;7;-0.06;0.30;0.28;0.01;-0.01;0.02;0.03;-0.03;-2.32;3.47;180.00;0.07;0.06;0.005
92155.515;4318;-2.21;3.55;178.74;-2.57;3.44;194.65;0.57;0.50;493;1;1;7;-0.01;0.30;0.29;-0.00;-0.00;0.01;0.02;0.06;-2.32;3.47;180.00;0.07;0.06;0.012
92155.605;4326;-2.24;3.55;179.17;-2.57;3.44;194.65;0.57;0.50;493;1;1;7;0.02;0.30;0.29;-0.00;-0.00;0.01;0.01;0.11;-2.32;3.47;180.00;0.07;0.06;0.009
92155.705;4335;-2.26;3.55;179.64;-2.57;3.44;194.65;0.57;0.50;493;1;1;7;0.06;0.30;0.30;-0.00;0.00;-0.00;-0.01;0.07;-2.32;3.47;180.00;0.07;0.06;0.005
92155.815;4346;-2.30;3.55;180.16;-2.57;3.44;194.65;0.57;0.50;493;1;1;7;0.10;0.29;0.30;0.00;-0.00;0.00;-0.00;0.09;-2.32;3.47;180.00;0.07;0.06;0.006
92155.905;4354;-2.32;3.55;180.61;-2.57;3.44;194.65;0.57;0.50;493;1;1;7;0.18;0.28;0.29;-0.00;-0.00;-0.00;-0.00;0.12;-2.33;3.47;180.12;0.14;0.12;0.006
92156.015;4368;-2.36;3.55;181.66;-2.57;3.44;194.65;0.57;0.50;493;1;1;7;0.28;0.28;0.27;-0.01;-0.00;-0.01;0.01;0.12;-2.36;3.47;180.78;0.23;0.20;0.015
92156.115;4378;-2.39;3.55;182.63;-2.57;3.44;194.65;0.57;0.50;493;1;1;7;0.35;0.28;0.28;-0.00;-0.00;0.02;-0.03;0.16;-2.39;3.47;181.87;0.30;0.26;0.011
92156.205;4386;-2.41;3.55;183.65;-2.57;3.44;194.65;0.57;0.50;493;1;1;7;0.37;0.28;0.27;-0.01;-0.01;-0.03;0.04;0.25;-2.40;3.47;182.38;0.32;0.28;0.005
92156.315;4397;-2.44;3.55;185.04;-2.57;3.44;194.65;0.57;0.50;493;1;1;7;0.42;0.28;0.26;-0.01;-0.01;-0.04;0.04;0.22;-2.42;3.47;183.67;0.37;0.32;0.009
92156.405;4405;-2.46;3.55;185.89;-2.57;3.44;194.65;0.57;0.50;493;1;1;7;0.48;0.28;0.28;-0.01;-0.01;-0.03;0.05;0.28;-2.45;3.46;185.35;0.41;0.36;0.005
92156.515;4416;-2.49;3.55;187.82;-2.57;3.44;194.65;0.57;0.50;493;1;1;7;0.50;0.29;0.28;-0.02;-0.01;0.08;-0.09;0.29;-2.47;3.46;186.36;0.44;0.38;0.006
92156.615;4428;-2.52;3.54;190.50;-2.57;3.44;194.65;0.57;0.50;493;1;1;7;0.55;0.29;0.28;-0.01;-0.01;-0.01;0.00;0.36;-2.50;3.46;188.73;0.48;0.42;0.006
92156.715;4439;-2.56;3.54;192.96;-2.57;3.44;194.65;0.57;0.50;493;1;1;7;0.59;0.30;0.33;-0.05;-0.04;-0.09;0.28;0.58;-2.54;3.45;191.64;0.53;0.46;0.014
92156.815;4447;-2.58;3.53;195.35;-2.57;3.44;194.65;0.57;0.50;493;1;1;7;0.59;0.30;0.29;-0.01;-0.01;-0.01;-0.00;0.48;-2.56;3.44;193.30;0.55;0.48;0.011
92156.915;4458;-2.61;3.52;198.11;-2.95;3.11;252.85;0.79;0.50;493;2;1;7;0.59;0.30;0.27;0.00;-0.09;-0.41;-0.15;0.56;-2.58;3.44;195.11;0.57;0.50;0.010
92157.015;4466;-2.63;3.52;200.18;-2.95;3.11;252.85;0.79;0.50;493;2;1;7;0.38;0.30;0.29;-0.00;-0.01;0.01;-0.02;0.40;-2.60;3.43;196.99;0.58;0.50;0.008
92157.115;4475;-2.66;3.51;201.35;-2.95;3.11;252.85;0.79;0.50;493;2;1;7;0.43;0.30;0.33;-0.05;-0.08;0.23;0.25;0.05;-2.62;3.43;198.91;0.59;0.50;0.005
92157.215;4484;-2.68;3.50;202.06;-2.95;3.11;252.85;0.79;0.50;493;2;1;7;0.50;0.30;0.29;-0.00;-0.01;0.04;-0.02;0.18;-2.64;3.42;200.86;0.60;0.50;0.009
92157.305;4497;-2.72;3.49;203.80;-2.95;3.11;252.85;0.79;0.50;493;2;1;7;0.59;0.30;0.29;-0.02;-0.01;-0.01;0.00;0.26;-2.68;3.40;204.88;0.61;0.50;0.004
92157.415;4508;-2.75;3.47;205.77;-2.95;3.11;252.85;0.79;0.50;493;2;1;7;0.64;0.30;0.30;-0.03;-0.01;-0.02;0.00;0.27;-2.70;3.39;206.95;0.62;0.50;0.006
92157.505;4517;-2.78;3.46;207.33;-2.95;3.11;252.85;0.79;0.50;493;2;1;7;0.68;0.30;0.29;-0.05;-0.01;-0.06;0.03;0.46;-2.72;3.38;209.05;0.63;0.50;0.004
92157.615;4527;-2.80;3.45;209.37;-2.95;3.11;252.85;0.79;0.50;493;2;1;7;0.76;0.30;0.33;-0.04;-0.01;-0.06;0.02;0.40;-2.76;3.36;213.38;0.65;0.50;0.007
92157.705;4538;-2.84;3.44;212.60;-2.95;3.11;252.85;0.79;0.50;493;2;1;7;0.76;0.30;0.31;-0.06;-0.01;-0.08;0.04;0.63;-2.77;3.35;215.61;0.66;0.50;0.004
92157.805;4546;-2.86;3.43;215.06;-2.95;3.11;252.85;0.79;0.50;493;2;1;7;0.78;0.30;0.34;-0.07;-0.01;0.13;-0.04;0.51;-2.79;3.33;217.88;0.67;0.50;0.004
92157.915;4557;-2.90;3.41;218.99;-2.95;3.11;252.85;0.79;0.50;493;2;1;7;0.76;0.30;0.34;-0.07;-0.01;-0.01;0.01;0.57;-2.81;3.32;220.19;0.68;0.50;0.007
92158.015;4565;-2.92;3.40;222.08;-2.95;3.11;252.85;0.79;0.50;493;2;1;7;0.76;0.30;0.31;-0.11;-0.01;-0.06;0.02;0.82;-2.82;3.31;222.54;0.68;0.50;0.009
92158.105;4575;-2.95;3.38;225.52;-2.95;3.11;252.85;0.79;0.50;493;2;1;7;0.79;0.30;0.34;-0.10;-0.01;0.10;-0.02;0.56;-2.85;3.28;227.37;0.70;0.50;0.003
92158.215;4589;-2.99;3.36;231.20;-2.95;3.11;252.85;0.79;0.50;493;2;1;7;0.76;0.30;0.33;-0.11;-0.01;-0.07;0.02;0.86;-2.87;3.26;229.86;0.71;0.50;0.015
92158.305;4594;-3.01;3.35;233.49;-2.95;3.11;252.85;0.79;0.50;493;2;1;7;0.77;0.30;0.32;-0.10;-0.01;-0.09;0.02;0.72;-2.88;3.24;232.39;0.72;0.50;0.005
92158.415;4607;-3.04;3.32;238.70;-2.95;3.11;252.85;0.79;0.50;493;2;1;7;0.74;0.30;0.31;-0.07;-0.01;-0.18;0.01;0.79;-2.89;3.23;234.96;0.73;0.50;0.009
92158.505;4617;-3.06;3.29;243.53;-2.95;3.11;252.85;0.79;0.50;493;2;1;7;0.69;0.30;0.31;-0.04;-0.01;-0.14;-0.02;0.90;-2.90;3.21;237.58;0.74;0.50;0.008
92158.615;4626;-3.07;3.27;246.94;-2.95;3.11;252.85;0.79;0.50;493;2;1;7;0.68;0.30;0.30;0.00;-0.01;0.07;0.01;0.51;-2.92;3.19;240.25;0.75;0.50;0.008
92158.705;4636;-3.08;3.24;250.15;-2.95;3.11;252.85;0.79;0.50;493;2;1;7;0.69;0.30;0.29;-0.02;-0.01;-0.08;-0.02;0.62;-2.93;3.17;242.96;0.75;0.50;0.008
92158.815;4644;-3.09;3.22;252.61;-2.95;3.11;252.85;0.79;0.50;493;2;1;7;0.72;0.30;0.31;-0.02;-0.01;0.13;0.07;0.51;-2.93;3.15;245.73;0.76;0.50;0.010
92158.915;4656;-3.10;3.19;257.13;-2.95;3.11;252.85;0.79;0.50;493;2;1;7;0.69;0.30;0.30;-0.02;-0.01;0.04;0.02;0.63;-2.94;3.14;248.54;0.77;0.50;0.009
92159.015;4668;-3.11;3.15;262.52;-2.95;3.11;252.85;0.79;0.50;493;2;1;7;0.63;0.29;0.30;-0.02;-0.01;-0.10;-0.05;0.78;-2.95;3.12;251.40;0.78;0.50;0.011
92159.105;4678;-3.12;3.12;265.67;-2.95;3.11;252.85;0.79;0.50;493;2;1;7;0.63;0.28;0.29;0.01;-0.00;0.15;0.08;0.42;-2.96;3.10;254.30;0.78;0.50;0.007
92159.215;4688;-3.12;3.09;269.15;-2.81;2.63;317.55;0.68;0.50;493;3;1;7;0.62;0.27;0.29;-0.04;-0.01;0.03;0.01;0.68;-2.96;3.07;257.19;0.78;0.50;0.016
92159.305;4696;-3.12;3.07;272.46;-2.81;2.63;317.55;0.68;0.50;493;3;1;7;0.18;0.28;0.29;-0.06;-0.01;-0.03;-0.03;0.72;-2.97;3.05;260.05;0.77;0.50;0.003
92159.405;4707;-3.12;3.04;274.09;-2.81;2.63;317.55;0.68;0.50;493;3;1;7;0.26;0.29;0.26;0.00;-0.01;-0.05;-0.04;-0.04;-2.97;3.03;262.88;0.77;0.50;0.003
92159.505;4715;-3.12;3.02;273.89;-2.81;2.63;317.55;0.68;0.50;493;3;1;7;0.39;0.30;0.29;0.00;-0.01;0.05;0.04;-0.01;-2.97;3.01;265.69;0.77;0.50;0.004
92159.615;4729;-3.12;2.98;275.14;-2.81;2.63;317.55;0.68;0.50;493;3;1;7;0.51;0.30;0.30;-0.00;-0.01;0.09;0.08;0.18;-2.97;2.99;268.48;0.76;0.50;0.012
92159.715;4738;-3.12;2.95;277.09;-2.81;2.63;317.55;0.68;0.50;493;3;1;7;0.56;0.30;0.29;-0.02;-0.01;0.01;0.00;0.34;-2.97;2.97;271.24;0.76;0.50;0.007
92159.805;4748;-3.12;2.92;279.59;-2.81;2.63;317.55;0.68;0.50;493;3;1;7;0.59;0.30;0.29;-0.02;-0.01;-0.10;-0.10;0.53;-2.97;2.95;273.98;0.75;0.50;0.004
92159.905;4757;-3.11;2.89;282.08;-2.81;2.63;317.55;0.68;0.50;493;3;1;7;0.65;0.30;0.30;-0.00;-0.00;0.07;0.06;0.45;-2.96;2.91;279.38;0.74;0.50;0.005
92160.015;4766;-3.11;2.87;284.83;-2.81;2.63;317.55;0.68;0.50;493;3;1;7;0.67;0.30;0.33;-0.08;-0.06;-0.43;-0.12;0.79;-2.96;2.89;282.04;0.74;0.50;0.011
92160.115;4777;-3.10;2.83;288.77;-2.81;2.63;317.55;0.68;0.50;493;3;1;7;0.64;0.30;0.31;-0.01;-0.00;0.09;0.11;0.49;-2.96;2.86;284.68;0.73;0.50;0.006
92160.215;4785;-3.09;2.81;290.96;-2.81;2.63;317.55;0.68;0.50;493;3;1;7;0.67;0.30;0.33;-0.08;-0.06;-0.39;-0.17;0.71;-2.95;2.84;287.30;0.73;0.50;0.006
92160.315;4799;-3.08;2.77;295.42;-2.81;2.63;317.55;0.68;0.50;493;3;1;7;0.66;0.30;0.33;-0.01;-0.01;0.11;0.22;0.45;-2.94;2.82;289.90;0.73;0.50;0.010
92160.405;4805;-3.07;2.75;297.00;-2.81;2.63;317.55;0.68;0.50;493;3;1;7;0.68;0.30;0.30;-0.04;-0.01;-0.06;-0.11;0.60;-2.94;2.80;292.47;0.72;0.50;0.005
92160.515;4819;-3.05;2.71;301.42;-2.81;2.63;317.55;0.68;0.50;493;3;1;7;0.67;0.30;0.33;-0.03;-0.00;-0.01;-0.04;0.45;-2.93;2.78;295.02;0.72;0.50;0.007
92160.615;4827;-3.04;2.69;303.88;-2.81;2.63;317.55;0.68;0.50;493;3;1;7;0.68;0.30;0.32;-0.04;-0.01;-0.01;0.03;0.46;-2.92;2.77;297.54;0.71;0.50;0.006
92160.705;4837;-3.03;2.66;306.88;-2.81;2.63;317.55;0.68;0.50;493;3;1;7;0.73;0.30;0.31;-0.07;-0.01;-0.02;-0.06;0.50;-2.90;2.73;302.53;0.70;0.50;0.002
92160.815;4846;-3.02;2.63;309.32;-2.81;2.63;317.55;0.68;0.50;493;3;1;7;0.75;0.30;0.34;-0.05;-0.01;0.02;0.12;0.54;-2.88;2.71;304.99;0.70;0.50;0.005
92160.905;4856;-3.00;2.60;313.13;-2.81;2.63;317.55;0.68;0.50;493;3;1;7;0.72;0.30;0.33;-0.09;-0.01;-0.01;-0.01;0.64;-2.87;2.69;307.43;0.69;0.50;0.006
92161.015;4865;-2.99;2.58;316.64;-2.81;2.63;317.55;0.68;0.50;493;3;1;7;0.70;0.30;0.31;-0.10;-0.01;-0.03;-0.08;0.57;-2.86;2.68;309.84;0.69;0.50;0.004
92161.105;4876;-2.97;2.55;319.87;-2.81;2.63;317.55;0.68;0.50;493;3;1;7;0.71;0.30;0.35;-0.10;-0.01;-0.01;-0.07;0.64;-2.85;2.66;312.24;0.69;0.50;0.002
92161.205;4885;-2.95;2.52;323.17;-2.81;2.63;317.55;0.68;0.50;493;3;1;7;0.69;0.30;0.33;-0.07;-0.01;-0.03;0.06;0.56;-2.83;2.64;314.61;0.68;0.50;0.003
92161.315;4895;-2.93;2.50;326.81;-2.81;2.63;317.55;0.68;0.50;493;3;1;7;0.66;0.29;0.35;-0.11;-0.09;-0.36;0.00;0.54;-2.82;2.63;316.96;0.68;0.50;0.005
92161.405;4908;-2.89;2.47;331.69;-2.81;2.63;317.55;0.68;0.50;493;3;1;7;0.63;0.28;0.31;-0.05;-0.02;0.03;-0.15;0.74;-2.80;2.61;319.28;0.67;0.50;0.003
92161.505;4914;-2.88;2.46;333.65;-2.81;2.63;317.55;0.68;0.50;493;3;1;7;0.56;0.28;0.29;-0.02;-0.01;-0.01;0.04;0.48;-2.78;2.60;321.54;0.65;0.50;0.002
92161.615;4928;-2.85;2.45;336.91;-2.81;2.63;317.55;0.68;0.50;493;3;1;7;0.56;0.27;0.27;-0.00;-0.01;0.01;-0.03;0.33;-2.75;2.58;325.90;0.63;0.50;0.003
92161.705;4938;-2.82;2.44;338.53;-2.81;2.63;317.55;0.68;0.50;493;3;1;7;0.56;0.26;0.28;-0.01;-0.00;0.01;-0.03;0.37;-2.73;2.56;328.00;0.62;0.50;0.002
92161.805;4946;-2.80;2.43;340.32;-2.81;2.63;317.55;0.68;0.50;493;3;1;7;0.55;0.26;0.26;-0.01;-0.01;-0.00;0.01;0.33;-2.71;2.55;330.04;0.60;0.50;0.002
92161.905;4957;-2.77;2.42;342.52;-2.81;2.63;317.55;0.68;0.50;493;3;1;7;0.53;0.25;0.25;-0.01;-0.01;0.03;-0.10;0.38;-2.69;2.54;332.03;0.59;0.50;0.004
92162.015;4965;-2.76;2.41;343.90;-2.81;2.63;317.55;0.68;0.50;493;3;1;7;0.49;0.24;0.25;0.00;-0.01;-0.04;0.11;0.25;-2.69;2.54;332.03;0.59;0.50;0.008
92162.115;4979;-2.72;2.40;346.19;-2.81;2.63;317.55;0.68;0.50;493;3;1;7;0.49;0.24;0.24;-0.00;-0.01;-0.01;0.03;0.24;-2.68;2.53;333.96;0.58;0.50;0.002
92162.205;4983;-2.71;2.40;346.65;-2.81;2.63;317.55;0.68;0.50;493;3;1;7;0.50;0.23;0.24;0.00;-0.01;-0.06;0.14;0.19;-2.66;2.52;335.85;0.57;0.50;0.003
92162.315;4998;-2.68;2.39;348.81;-2.81;2.63;317.55;0.68;0.50;493;3;1;7;0.50;0.22;0.23;-0.05;-0.01;0.07;-0.15;0.32;-2.64;2.52;337.68;0.55;0.50;0.005
92162.405;5007;-2.66;2.38;349.87;-2.81;2.63;317.55;0.68;0.50;493;3;1;7;0.50;0.22;0.23;-0.01;-0.01;-0.05;0.10;0.17;-2.62;2.51;339.46;0.54;0.50;0.002
92162.515;5017;-2.64;2.37;351.17;-2.81;2.63;317.55;0.68;0.50;493;3;1;7;0.50;0.21;0.22;-0.03;-0.01;-0.02;0.04;0.18;-2.60;2.50;341.19;0.53;0.50;0.005
92162.605;5026;-2.62;2.37;352.30;-2.81;2.63;317.55;0.68;0.50;493;3;1;7;0.51;0.21;0.21;-0.04;-0.01;0.03;-0.05;0.23;-2.58;2.49;342.87;0.52;0.50;0.003
92162.705;5036;-2.60;2.36;353.44;-2.81;2.63;317.55;0.68;0.50;493;3;1;7;0.51;0.20;0.23;-0.05;-0.04;-0.02;-0.30;0.35;-2.56;2.49;344.50;0.50;0.50;0.003
92162.815;5049;-2.57;2.36;355.00;-2.81;2.63;317.55;0.68;0.50;493;3;1;7;0.49;0.20;0.19;-0.01;-0.01;0.03;-0.06;0.27;-2.56;2.49;344.50;0.50;0.50;0.007
92162.905;5055;-2.56;2.36;355.55;-2.81;2.63;317.55;0.68;0.50;493;3;1;7;0.49;0.19;0.19;-0.00;-0.01;0.01;-0.01;0.09;-2.54;2.48;346.08;0.49;0.50;0.006
92163.005;5068;-2.54;2.35;356.48;-2.81;2.63;317.55;0.68;0.50;493;3;1;7;0.50;0.19;0.19;-0.03;-0.01;-0.03;0.05;0.11;-2.52;2.48;347.62;0.48;0.50;0.003
92163.115;5078;-2.52;2.35;357.28;-2.81;2.63;317.55;0.68;0.50;493;3;1;7;0.51;0.18;0.18;-0.01;-0.01;0.02;-0.03;0.10;-2.49;2.47;349.11;0.47;0.50;0.007
92163.215;5086;-2.51;2.35;357.75;-2.81;2.63;317.55;0.68;0.50;493;3;1;7;0.53;0.18;0.17;-0.00;-0.01;0.03;-0.05;0.19;-2.47;2.47;350.55;0.45;0.50;0.008
92163.305;5096;-2.49;2.35;358.26;-2.81;2.63;317.55;0.68;0.50;493;3;1;7;0.51;0.18;0.18;-0.00;-0.01;0.02;-0.04;0.16;-2.47;2.47;350.55;0.45;0.50;0.008
92163.405;5106;-2.47;2.35;359.40;-2.81;2.63;317.55;0.68;0.50;493;3;1;7;0.50;0.18;0.18;-0.00;-0.01;-0.04;0.05;0.16;-2.45;2.47;351.95;0.44;0.50;0.002
92163.505;5115;-2.45;2.35;360.31;-2.81;2.63;317.55;0.68;0.50;493;3;1;7;0.50;0.18;0.18;-0.03;-0.01;0.06;-0.07;0.20;-2.43;2.46;353.30;0.43;0.50;0.003
92163.605;5125;-2.44;2.34;361.23;-2.81;2.63;317.55;0.68;0.50;493;3;1;7;0.47;0.17;0.16;-0.02;-0.01;0.04;-0.06;0.23;-2.43;2.46;353.30;0.43;0.50;0.003
92163.705;5138;-2.41;2.34;362.08;-2.81;2.63;317.55;0.68;0.50;493;3;1;7;0.47;0.17;0.16;-0.01;-0.01;0.04;-0.06;0.18;-2.41;2.46;354.61;0.42;0.50;0.003
92163.805;5148;-2.40;2.34;362.53;-2.81;2.63;317.55;0.68;0.50;493;3;1;7;0.49;0.17;0.17;-0.00;-0.01;-0.07;0.09;0.03;-2.39;2.46;355.88;0.41;0.50;0.006
92163.915;5156;-2.39;2.34;363.01;-2.32;2.46;359.43;0.37;0.50;493;4;1;7;0.47;0.17;0.16;-0.00;-0.01;0.01;-0.00;0.05;-2.39;2.46;355.88;0.41;0.50;0.006
92164.005;5167;-2.37;2.34;363.42;-2.32;2.46;359.43;0.37;0.50;493;4;1;7;0.37;0.18;0.15;-0.00;-0.01;0.03;-0.03;0.05;-2.37;2.46;357.10;0.39;0.50;0.001
92164.105;5175;-2.35;2.35;363.29;-2.32;2.46;359.43;0.37;0.50;493;4;1;7;0.40;0.20;0.18;0.01;-0.01;0.04;-0.05;0.01;-2.34;2.46;358.29;0.38;0.50;0.002
92164.205;5186;-2.34;2.35;363.41;-2.32;2.46;359.43;0.37;0.50;493;4;1;7;0.43;0.22;0.20;-0.00;-0.01;-0.02;0.03;0.01;-2.32;2.46;359.43;0.37;0.50;0.002
92164.305;5194;-2.32;2.35;363.81;-2.32;2.46;359.43;0.37;0.50;493;4;1;7;0.42;0.23;0.20;-0.01;-0.01;0.04;-0.04;0.14;-2.32;2.46;359.43;0.37;0.50;0.001
92164.405;5208;-2.29;2.35;364.65;-2.32;2.46;359.43;0.37;0.50;493;4;1;7;0.41;0.24;0.23;-0.00;-0.01;0.00;0.01;0.07;-2.32;2.46;359.43;0.37;0.50;0.001
92164.505;5214;-2.28;2.35;364.96;-2.32;2.46;359.43;0.37;0.50;493;4;1;7;0.41;0.25;0.23;-0.01;-0.01;0.03;-0.05;0.19;-2.32;2.46;359.43;0.37;0.50;0.002
92164.605;5227;-2.24;2.35;365.79;-2.32;2.46;359.43;0.37;0.50;493;4;1;7;0.40;0.25;0.27;-0.04;-0.04;0.05;-0.31;0.28;-2.32;2.46;359.43;0.37;0.50;0.002
92164.715;5237;-2.22;2.35;366.91;-2.24;2.47;0.00;0.00;0.50;1383;1;1;0;0.37;0.25;0.25;-0.00;-0.01;-0.05;0.06;0.15;-2.32;2.46;359.43;0.37;0.50;0.008
92164.805;5245;-2.20;2.35;367.63;-2.24;2.47;0.00;0.00;0.50;1383;1;1;0;-0.09;0.26;0.26;-0.03;-0.01;0.11;-0.11;0.21;-2.20;2.47;0.00;0.00;0.50;0.009
92164.905;5256;-2.17;2.36;367.22;-2.24;2.47;0.00;0.00;0.50;1383;1;1;0;-0.08;0.28;0.26;0.00;-0.01;-0.01;0.01;-0.38;-2.17;2.47;0.00;0.00;0.50;0.006
92165.015;5268;-2.14;2.36;365.14;-2.24;2.47;0.00;0.00;0.50;1383;1;1;0;0.01;0.28;0.27;0.00;-0.01;0.04;-0.04;-0.22;-2.15;2.47;0.00;0.00;0.50;0.011
92165.115;5279;-2.11;2.36;364.56;-2.08;2.47;0.00;-0.00;0.50;1383;2;1;0;0.03;0.29;0.29;0.00;-0.00;-0.00;0.01;-0.02;-2.11;2.47;0.00;-0.00;0.50;0.010
92165.205;5287;-2.09;2.36;364.59;-2.08;2.47;0.00;-0.00;0.50;1383;2;1;0;0.02;0.30;0.30;0.00;-0.00;0.00;0.01;0.01;-2.09;2.47;0.00;-0.00;0.50;0.004
92165.305;5298;-2.05;2.37;364.60;-2.08;2.47;0.00;-0.00;0.50;1383;2;1;0;0.02;0.30;0.30;-0.00;-0.00;0.00;0.00;-0.00;-2.06;2.47;0.00;-0.00;0.50;0.005
92165.415;5307;-2.03;2.37;364.56;-2.08;2.47;0.00;-0.00;0.50;1383;2;1;0;0.01;0.30;0.30;-0.00;-0.00;0.00;0.00;-0.01;-2.02;2.47;0.00;0.00;0.50;0.008
92165.515;5317;-2.00;2.37;364.51;-2.08;2.47;0.00;-0.00;0.50;1383;2;1;0;0.01;0.30;0.30;-0.00;-0.00;0.00;0.00;-0.01;-1.99;2.47;0.00;0.00;0.50;0.008
92165.615;5326;-1.97;2.37;364.46;-1.93;2.47;0.00;0.00;0.50;1383;3;1;0;0.01;0.30;0.30;-0.00;-0.00;0.00;0.00;-0.01;-1.97;2.47;0.00;0.00;0.50;0.005
92165.705;5336;-1.94;2.38;364.41;-1.93;2.47;0.00;0.00;0.50;1383;3;1;0;0.01;0.30;0.30;-0.00;-0.00;0.00;0.00;-0.01;-1.94;2.47;0.00;0.00;0.50;0.003
92165.815;5344;-1.92;2.38;364.36;-1.93;2.47;0.00;0.00;0.50;1383;3;1;0;0.00;0.30;0.30;-0.00;-0.00;0.00;0.00;-0.01;-1.92;2.47;0.00;0.00;0.50;0.005
92165.905;5355;-1.88;2.38;364.31;-1.93;2.47;0.00;0.00;0.50;1383;3;1;0;-0.00;0.30;0.30;-0.00;-0.00;0.00;0.00;-0.01;-1.88;2.47;0.00;0.00;0.50;0.002
92166.005;5368;-1.84;2.38;364.24;-1.93;2.47;0.00;0.00;0.50;1383;3;1;0;-0.00;0.30;0.30;-0.00;-0.00;0.00;0.00;-0.01;-1.86;2.47;0.00;-0.00;0.50;0.008
92166.105;5378;-1.81;2.39;364.18;-1.78;2.47;0.00;-0.00;0.50;1383;4;1;0;-0.01;0.30;0.30;-0.00;-0.00;0.00;0.00;-0.01;-1.83;2.47;0.00;-0.00;0.50;0.005
92166.215;5387;-1.79;2.39;364.13;-1.78;2.47;0.00;-0.00;0.50;1383;4;1;0;-0.01;0.30;0.30;-0.00;-0.00;0.00;0.00;-0.01;-1.79;2.47;0.00;-0.00;0.50;0.003
92166.305;5398;-1.75;2.39;364.07;-1.78;2.47;0.00;-0.00;0.50;1383;4;1;0;-0.01;0.30;0.30;0.00;-0.00;0.00;0.00;-0.01;-1.75;2.47;0.00;-0.00;0.50;0.002
92166.405;5406;-1.73;2.39;364.02;-1.78;2.47;0.00;-0.00;0.50;1383;4;1;0;-0.01;0.30;0.30;0.00;-0.00;0.00;0.00;-0.01;-1.73;2.47;0.00;-0.00;0.50;0.002
92166.505;5415;-1.70;2.39;363.97;-1.63;2.47;0.00;0.00;0.50;1383;5;1;0;-0.02;0.30;0.30;0.00;-0.00;0.00;0.00;-0.01;-1.70;2.47;0.00;-0.00;0.50;0.002
92166.605;5425;-1.67;2.40;363.92;-1.63;2.47;0.00;0.00;0.50;1383;5;1;0;-0.02;0.30;0.30;0.00;-0.00;0.00;0.00;-0.01;-1.67;2.47;0.00;0.00;0.50;0.001
92166.705;5436;-1.64;2.40;363.86;-1.63;2.47;0.00;0.00;0.50;1383;5;1;0;-0.02;0.30;0.30;0.00;-0.00;0.00;0.00;-0.01;-1.64;2.47;0.00;0.00;0.50;0.001
92166.805;5444;-1.61;2.40;363.81;-1.63;2.47;0.00;0.00;0.50;1383;5;1;0;-0.02;0.30;0.30;0.00;-0.00;0.00;0.00;-0.01;-1.61;2.47;0.00;0.00;0.50;0.001
92166.905;5458;-1.57;2.40;363.74;-1.63;2.47;0.00;0.00;0.50;1383;5;1;0;-0.03;0.30;0.30;0.00;-0.00;0.00;0.00;-0.01;-1.57;2.47;0.00;0.00;0.50;0.004
92167.005;5463;-1.56;2.40;363.71;-1.48;2.47;0.00;-0.00;0.50;1383;6;1;0;-0.03;0.30;0.30;0.00;-0.00;0.00;0.00;-0.01;-1.56;2.47;0.00;0.00;0.50;0.001
92167.105;5478;-1.51;2.41;363.64;-1.48;2.47;0.00;-0.00;0.50;1383;6;1;0;-0.03;0.30;0.30;-0.00;-0.00;0.00;0.00;-0.01;-1.53;2.47;0.00;0.00;0.50;0.003
92167.205;5486;-1.49;2.41;363.59;-1.48;2.47;0.00;-0.00;0.50;1383;6;1;0;-0.03;0.30;0.30;0.00;-0.00;0.00;0.00;-0.01;-1.48;2.47;0.00;-0.00;0.50;0.001
92167.305;5497;-1.46;2.41;363.54;-1.48;2.47;0.00;-0.00;0.50;1383;6;1;0;-0.03;0.30;0.30;0.00;-0.00;0.00;0.00;-0.01;-1.45;2.47;0.00;-0.00;0.50;0.001
92167.405;5505;-1.43;2.41;363.49;-1.48;2.47;0.00;-0.00;0.50;1383;6;1;0;-0.03;0.30;0.30;0.00;-0.00;0.00;0.00;-0.01;-1.43;2.47;0.00;-0.00;0.50;0.001
92167.505;5516;-1.40;2.41;363.44;-1.23;2.47;-0.00;-0.00;0.50;1590;1;1;2;-0.04;0.30;0.30;0.00;-0.00;0.00;0.00;-0.01;-1.40;2.47;0.00;-0.00;0.50;0.006
92167.605;5524;-1.37;2.41;363.39;-1.23;2.47;-0.00;-0.00;0.50;1590;1;1;2;-0.04;0.30;0.30;0.00;0.00;0.00;0.00;-0.01;-1.31;2.47;-0.00;-0.00;0.05;0.006
92167.715;5539;-1.33;2.42;363.35;-1.23;2.47;-0.00;-0.00;0.50;1590;1;1;2;-0.04;0.29;0.30;0.00;0.00;-0.00;0.00;-0.00;-1.31;2.47;-0.00;-0.00;0.05;0.007
92167.805;5548;-1.30;2.42;363.32;-1.23;2.47;-0.00;-0.00;0.50;1590;1;1;2;-0.04;0.27;0.29;0.00;0.00;-0.00;0.00;-0.00;-1.31;2.47;-0.00;-0.00;0.05;0.009
92167.915;5558;-1.28;2.42;363.28;-1.23;2.47;-0.00;-0.00;0.50;1590;1;1;2;-0.04;0.27;0.28;0.00;0.00;0.00;-0.00;-0.01;-1.29;2.47;-0.00;-0.00;0.28;0.008
92168.005;5568;-1.25;2.42;363.23;-1.07;2.47;0.00;0.00;0.50;1590;2;1;2;-0.05;0.28;0.27;0.00;0.00;0.00;0.00;-0.01;-1.25;2.47;-0.00;-0.00;0.45;0.004
92168.105;5577;-1.22;2.42;363.17;-1.07;2.47;0.00;0.00;0.50;1590;2;1;2;-0.05;0.29;0.28;0.00;0.00;0.00;0.00;-0.01;-1.22;2.47;-0.00;0.00;0.50;0.003
92168.205;5587;-1.19;2.43;363.10;-1.07;2.47;0.00;0.00;0.50;1590;2;1;2;-0.05;0.30;0.29;0.00;0.00;0.00;0.00;-0.01;-1.19;2.47;0.00;0.00;0.50;0.003
92168.325;5597;-1.16;2.43;363.02;-0.98;2.47;-0.00;-0.00;0.50;109;1;1;2;-0.05;0.30;0.30;0.00;0.00;0.00;0.00;-0.01;-1.16;2.47;0.00;0.00;0.50;0.011
92168.425;5606;-1.14;2.43;362.96;-0.98;2.47;-0.00;-0.00;0.50;109;1;1;2;-0.05;0.30;0.30;0.00;0.00;0.00;0.00;-0.01;-1.06;2.47;-0.00;-0.00;0.05;0.009
92168.515;5616;-1.11;2.43;362.91;-0.98;2.47;-0.00;-0.00;0.50;109;1;0;2;-0.05;0.29;0.30;0.00;0.00;0.00;-0.00;-0.01;-1.06;2.47;-0.00;-0.00;0.05;0.017
92168.625;5629;-1.07;2.43;362.86;-0.99;2.47;0.00;0.00;0.50;109;1;1;0;-0.05;0.29;0.29;-0.00;0.00;0.00;-0.00;-0.01;-1.06;2.47;-0.00;-0.00;0.05;0.003
92168.725;5639;-1.06;2.43;363.10;-0.99;2.47;0.00;0.00;0.50;109;1;1;0;-0.05;0.29;0.02;-0.01;-0.06;-0.31;-0.04;-0.02;-1.06;2.47;0.00;0.00;0.11;0.003
92168.825;5650;-1.06;2.43;363.22;-0.99;2.47;0.00;0.00;0.50;109;1;1;0;-0.05;0.29;-0.00;-0.00;0.00;-0.00;0.00;0.02;-1.06;2.47;0.00;0.00;0.14;0.004
92168.925;5658;-1.06;2.43;363.29;-0.99;2.47;0.00;0.00;0.50;109;1;1;0;-0.05;0.29;-0.01;0.00;0.00;-0.01;0.04;0.02;-1.06;2.47;0.00;0.00;0.14;0.002
92169.015;5669;-1.06;2.43;363.35;-0.99;2.47;0.00;0.00;0.50;109;1;1;0;-0.05;0.29;-0.00;0.00;0.00;0.05;0.06;-0.00;-1.06;2.47;0.00;0.00;0.14;0.003
92169.125;5677;-1.06;2.43;363.38;-0.99;2.47;0.00;0.00;0.50;109;1;1;0;-0.05;0.29;-0.00;-0.00;-0.00;-0.02;0.05;0.02;-1.06;2.47;0.00;0.00;0.14;0.003
92169.225;5686;-1.06;2.43;363.40;-0.99;2.47;0.00;0.00;0.50;109;1;1;0;-0.05;0.29;-0.00;-0.00;0.00;0.02;0.04;0.01;-1.06;2.47;0.00;0.00;0.14;0.004
92169.325;5700;-1.06;2.43;363.41;-0.99;2.47;0.00;0.00;0.50;109;1;1;0;-0.05;0.29;-0.00;0.00;0.00;0.02;0.04;0.01;-1.06;2.47;0.00;0.00;0.14;0.003
92169.425;5706;-1.06;2.43;363.41;-0.99;2.47;0.00;0.00;0.50;109;1;1;0;-0.05;0.29;-0.01;-0.00;0.01;-0.00;0.04;0.01;-1.06;2.47;0.00;0.00;0.14;0.003
92169.535;5720;-1.06;2.43;363.44;-0.99;2.47;0.00;0.00;0.50;109;1;1;0;-0.05;0.29;0.01;-0.03;-0.06;-0.27;-0.11;-0.00;-1.06;2.47;0.00;0.00;0.14;0.003
92169.615;5726;-1.06;2.43;363.46;-0.99;2.47;0.00;0.00;0.50;109;1;1;0;-0.05;0.29;0.01;-0.02;-0.06;-0.26;-0.12;0.00;-1.06;2.47;0.00;0.00;0.14;0.002
92169.725;5738;-1.06;2.43;363.52;-0.99;2.47;0.00;0.00;0.50;109;1;1;0;-0.05;0.29;0.01;-0.03;-0.06;-0.26;-0.12;0.00;-1.06;2.47;0.00;0.00;0.14;0.002
92169.825;5748;-1.06;2.43;363.58;-0.99;2.47;0.00;0.00;0.50;109;1;1;0;-0.05;0.29;0.00;-0.00;0.01;0.01;0.00;0.01;-1.06;2.47;0.00;0.00;0.14;0.002
92169.935;5758;-1.06;2.43;363.63;-0.99;2.47;0.00;0.00;0.50;109;1;1;0;-0.05;0.29;0.00;-0.01;-0.00;0.03;0.05;0.00;-1.06;2.47;0.00;0.00;0.14;0.004
92170.025;5769;-1.06;2.43;363.69;-0.99;2.47;0.00;0.00;0.50;109;1;1;0;-0.05;0.29;0.00;-0.01;-0.00;-0.01;-0.03;0.01;-1.06;2.47;0.00;0.00;0.14;0.003
92170.125;5777;-1.06;2.43;363.74;-0.99;2.47;0.00;0.00;0.50;109;1;1;0;-0.05;0.29;-0.00;-0.00;-0.00;-0.01;-0.00;0.00;-1.06;2.47;0.00;0.00;0.14;0.005
92170.225;5788;-1.06;2.43;363.79;-0.99;2.47;0.00;0.00;0.50;109;1;1;0;-0.05;0.29;-0.00;-0.00;-0.00;0.01;-0.00;0.02;-1.06;2.47;0.00;0.00;0.14;0.004
92170.325;5796;-1.06;2.43;363.81;-0.99;2.47;0.00;0.00;0.50;109;1;1;0;-0.05;0.29;-0.00;-0.00;-0.00;0.01;-0.00;0.02;-1.06;2.47;0.00;0.00;0.14;0.005
92170.435;5810;-1.06;2.43;363.83;-0.99;2.47;0.00;0.00;0.50;109;1;1;0;-0.05;0.29;-0.00;0.00;0.00;0.01;0.01;0.01;-1.06;2.47;0.00;0.00;0.14;0.005
92170.525;5820;-1.06;2.43;363.85;-0.99;2.47;0.00;0.00;0.50;109;1;1;0;-0.05;0.29;-0.00;-0.00;0.00;0.00;0.02;0.00;-1.06;2.47;0.00;0.00;0.14;0.006
92170.625;5829;-1.06;2.43;363.86;-0.99;2.47;0.00;0.00;0.50;109;1;1;0;-0.05;0.29;0.00;0.00;-0.00;-0.01;-0.02;-0.01;-1.06;2.47;0.00;0.00;0.14;0.003
92170.725;5840;-1.06;2.43;363.88;-0.99;2.47;0.00;0.00;0.50;109;1;1;0;-0.05;0.29;-0.00;-0.00;0.00;0.00;0.02;0.00;-1.06;2.47;0.00;0.00;0.14;0.004
92170.825;5848;-1.06;2.43;363.89;-0.99;2.47;0.00;0.00;0.50;109;1;1;0;-0.05;0.29;-0.00;-0.00;0.00;0.00;0.02;0.00;-1.06;2.47;0.00;0.00;0.14;0.009
92170.925;5859;-1.06;2.43;363.90;-0.99;2.47;0.00;0.00;0.50;109;1;1;0;-0.05;0.29;-0.00;-0.00;-0.00;-0.01;-0.01;0.01;-1.06;2.47;0.00;0.00;0.14;0.003
92171.035;5867;-1.06;2.43;363.91;-0.99;2.47;0.00;0.00;0.50;109;1;1;0;-0.05;0.29;-0.00;-0.00;-0.00;-0.01;-0.01;0.01;-1.06;2.47;0.00;0.00;0.14;0.003
92171.115;5878;-1.06;2.43;363.92;-0.99;2.47;0.00;0.00;0.50;109;1;1;0;-0.05;0.29;-0.00;-0.00;0.00;0.01;0.01;0.01;-1.06;2.47;0.00;0.00;0.14;0.003
92171.225;5886;-1.06;2.43;363.93;-0.99;2.47;0.00;0.00;0.50;109;1;1;0;-0.05;0.29;-0.00;-0.00;0.00;0.01;0.01;0.01;-1.06;2.47;0.00;0.00;0.14;0.002
92171.335;5901;-1.06;2.43;363.95;-0.99;2.47;0.00;0.00;0.50;109;1;1;0;-0.05;0.29;0.00;0.00;-0.00;-0.01;-0.02;-0.01;-1.06;2.47;0.00;0.00;0.14;0.004
92171.415;5905;-1.06;2.43;363.95;-0.99;2.47;0.00;0.00;0.50;109;1;1;0;-0.05;0.29;0.00;0.00;-0.00;-0.01;-0.02;-0.01;-1.06;2.47;0.00;0.00;0.14;0.002
92171.525;5920;-1.06;2.43;363.98;-0.99;2.47;0.00;0.00;0.50;109;1;1;0;-0.05;0.29;-0.00;-0.00;0.00;0.00;0.02;0.00;-1.06;2.47;0.00;0.00;0.14;0.005
92171.635;5928;-1.06;2.43;363.98;-0.99;2.47;0.00;0.00;0.50;109;1;1;0;-0.05;0.29;-0.00;-0.00;0.00;0.01;0.00;0.01;-1.06;2.47;0.00;0.00;0.14;0.003
92171.715;5937;-1.06;2.43;364.00;-0.99;2.47;0.00;0.00;0.50;109;1;1;0;-0.05;0.29;-0.00;-0.00;-0.00;-0.01;-0.01;0.01;-1.06;2.47;0.00;0.00;0.14;0.002
92171.815;5947;-1.06;2.43;364.00;-0.99;2.47;0.00;0.00;0.50;109;1;1;0;-0.05;0.29;0.00;0.00;-0.00;-0.01;-0.02;-0.01;-1.06;2.47;0.00;0.00;0.14;0.002
92171.915;5957;-1.06;2.43;364.02;-0.99;2.47;0.00;0.00;0.50;109;1;1;0;-0.05;0.29;-0.00;-0.00;-0.00;-0.01;-0.01;0.01;-1.06;2.47;0.00;0.00;0.14;0.002
92172.055;5973;-1.06;2.43;364.04;-0.99;2.47;0.00;0.00;0.50;109;1;1;0;-0.05;0.29;-0.00;-0.00;-0.00;-0.01;-0.01;0.01;-1.06;2.47;0.00;0.00;0.14;0.009
92172.135;5977;-1.06;2.43;364.05;-0.99;2.47;0.00;0.00;0.50;109;1;1;0;-0.05;0.29;-0.00;-0.00;-0.00;-0.01;-0.01;0.01;-1.06;2.47;0.00;0.00;0.14;0.003
92172.245;5990;-1.06;2.43;364.06;-0.99;2.47;0.00;0.00;0.50;109;1;1;0;-0.05;0.29;-0.00;-0.00;0.00;0.01;0.01;0.01;-1.06;2.47;0.00;0.00;0.14;0.003
92172.315;5996;-1.06;2.43;364.07;-0.99;2.47;0.00;0.00;0.50;109;1;1;0;-0.05;0.29;-0.00;-0.00;0.00;0.00;0.02;0.00;-1.06;2.47;0.00;0.00;0.11;0.002
92172.425;6009;-1.06;2.43;364.08;-0.99;2.47;0.00;0.00;0.50;109;1;1;0;-0.05;0.29;0.00;0.00;-0.00;-0.01;-0.02;-0.01;-1.06;2.47;0.00;0.00;0.11;0.002
92172.515;6018;-1.06;2.43;364.10;-0.99;2.47;0.00;0.00;0.50;109;1;1;0;-0.05;0.29;-0.00;-0.00;0.00;0.01;0.01;0.01;-1.06;2.47;0.00;0.00;0.11;0.003
92172.615;6028;-1.06;2.43;364.11;-0.99;2.47;0.00;0.00;0.50;109;1;1;0;-0.05;0.29;-0.00;-0.00;0.00;0.00;0.02;0.00;-1.06;2.47;0.00;0.00;0.11;0.002
92172.725;6038;-1.06;2.43;364.13;-0.99;2.47;0.00;0.00;0.50;109;1;1;0;-0.05;0.29;-0.00;-0.00;0.00;0.00;0.02;0.00;-1.06;2.47;0.00;0.00;0.11;0.002
92172.815;6047;-1.06;2.43;364.13;-0.99;2.47;0.00;0.00;0.50;109;1;1;0;-0.05;0.29;0.00;0.00;-0.00;-0.01;-0.02;-0.01;-1.06;2.47;0.00;0.00;0.11;0.002
92172.935;6058;-1.06;2.43;364.15;-0.99;2.47;0.00;0.00;0.50;109;1;1;0;-0.05;0.29;-0.00;-0.00;0.00;0.00;0.02;0.00;-1.06;2.47;0.00;0.00;0.11;0.003
92173.025;6066;-1.06;2.43;364.16;-0.99;2.47;0.00;0.00;0.50;109;1;1;0;-0.05;0.29;-0.00;-0.00;0.00;0.00;0.02;0.00;-1.06;2.47;0.00;0.00;0.11;0.003
92173.125;6080;-1.06;2.43;364.18;-0.99;2.47;0.00;0.00;0.50;109;1;1;0;-0.05;0.29;-0.00;-0.00;0.00;0.00;0.02;0.00;-1.06;2.47;0.00;0.00;0.11;0.003
92173.215;6085;-1.06;2.43;364.18;-0.99;2.47;0.00;0.00;0.50;109;1;1;0;-0.05;0.29;0.00;0.00;-0.00;-0.01;-0.02;-0.01;-1.06;2.47;0.00;0.00;0.11;0.002
92173.315;6096;-1.06;2.43;364.20;-0.99;2.47;0.00;0.00;0.50;109;1;1;0;-0.05;0.29;-0.00;-0.00;0.00;0.00;0.02;0.00;-1.06;2.47;0.00;0.00;0.11;0.004
92173.445;6111;-1.06;2.43;364.22;-0.99;2.47;0.00;0.00;0.50;109;1;1;0;-0.05;0.29;0.01;0.00;-0.03;0.02;-0.22;0.01;-1.06;2.47;0.00;0.00;0.11;0.004
92173.555;6120;-1.06;2.43;364.23;-0.99;2.47;0.00;0.00;0.50;109;1;1;0;-0.05;0.29;0.01;0.00;-0.03;0.02;-0.22;0.01;-1.06;2.47;0.00;0.00;0.11;0.035
92173.625;6126;-1.06;2.43;364.25;-0.99;2.47;0.00;0.00;0.50;109;1;1;0;-0.05;0.29;-0.01;-0.00;0.01;-0.00;0.04;0.01;-1.06;2.47;0.00;0.00;0.11;0.004
92173.735;6139;-1.06;2.43;364.24;-0.99;2.47;0.00;0.00;0.50;109;1;1;0;-0.05;0.29;0.00;-0.00;-0.00;-0.04;0.05;-0.00;-1.06;2.47;0.00;0.00;0.11;0.003
92173.835;6149;-1.06;2.43;364.25;-0.99;2.47;0.00;0.00;0.50;109;1;1;0;-0.05;0.29;0.01;0.00;-0.03;0.02;-0.24;-0.00;-1.06;2.47;0.00;0.00;0.11;0.004
92173.925;6157;-1.06;2.43;364.27;-0.99;2.47;0.00;0.00;0.50;109;1;1;0;-0.05;0.29;0.00;0.00;-0.00;0.04;0.06;-0.00;-1.06;2.47;0.00;0.00;0.11;0.002
92174.015;6168;-1.06;2.43;364.29;-0.99;2.47;0.00;0.00;0.50;109;1;1;0;-0.05;0.29;0.00;-0.00;0.01;0.01;0.01;0.01;-1.06;2.47;0.00;0.00;0.11;0.003
92174.135;6176;-1.06;2.42;364.33;-0.99;2.47;0.00;0.00;0.50;109;1;1;0;-0.05;0.29;0.01;-0.03;-0.06;-0.26;-0.12;0.00;-1.06;2.47;0.00;0.00;0.11;0.006
92174.235;6191;-1.06;2.42;364.40;-0.99;2.47;0.00;0.00;0.50;109;1;1;0;-0.05;0.29;0.01;-0.03;-0.06;-0.26;-0.13;0.00;-1.06;2.47;0.00;0.00;0.14;0.002
92174.325;6198;-1.06;2.42;364.44;-0.99;2.47;0.00;0.00;0.50;109;1;1;0;-0.05;0.29;0.00;-0.01;0.00;0.00;-0.00;0.01;-1.06;2.47;0.00;0.00;0.14;0.003
92174.425;6209;-1.06;2.42;364.51;-0.99;2.47;0.00;0.00;0.50;109;1;1;0;-0.05;0.29;-0.00;-0.00;0.00;0.01;-0.00;0.02;-1.06;2.47;0.00;0.00;0.14;0.004
92174.535;6220;-1.06;2.42;364.54;-0.99;2.47;0.00;0.00;0.50;109;1;1;0;-0.05;0.29;0.00;0.00;-0.00;-0.01;-0.02;-0.01;-1.06;2.47;0.00;0.00;0.14;0.002
92174.625;6228;-1.06;2.42;364.56;-0.99;2.47;0.00;0.00;0.50;109;1;1;0;-0.05;0.29;0.00;0.00;-0.00;-0.01;-0.02;-0.01;-1.06;2.47;0.00;0.00;0.14;0.002
92174.725;6238;-1.06;2.42;364.57;-0.99;2.47;0.00;0.00;0.50;109;1;1;0;-0.05;0.29;0.00;0.00;-0.00;-0.01;-0.02;-0.01;-1.06;2.47;0.00;0.00;0.11;0.003
92174.825;6248;-1.06;2.42;364.60;-0.99;2.47;0.00;0.00;0.50;109;1;1;0;-0.05;0.29;-0.00;-0.00;-0.00;-0.01;-0.01;0.01;-1.06;2.47;0.00;0.00;0.11;0.006
92174.925;6256;-1.06;2.42;364.61;-0.99;2.47;0.00;0.00;0.50;109;1;1;0;-0.05;0.29;-0.00;-0.00;-0.00;-0.01;-0.01;0.01;-1.06;2.47;0.00;0.00;0.11;0.002
92175.015;6267;-1.06;2.42;364.62;-0.99;2.47;0.00;0.00;0.50;109;1;1;0;-0.05;0.29;-0.00;-0.00;0.00;0.01;0.01;0.01;-1.06;2.47;0.00;0.00;0.11;0.002
92175.115;6275;-1.06;2.42;364.63;-0.99;2.47;0.00;0.00;0.50;109;1;1;0;-0.05;0.29;-0.00;-0.00;0.00;0.01;0.01;0.01;-1.06;2.47;0.00;0.00;0.11;0.002
92175.215;6286;-1.06;2.42;364.64;-0.99;2.47;0.00;0.00;0.50;109;1;1;0;-0.05;0.29;0.00;0.00;-0.00;-0.01;-0.02;-0.01;-1.06;2.47;0.00;0.00;0.11;0.002
92175.315;6294;-1.06;2.42;364.65;-0.99;2.47;0.00;0.00;0.50;109;1;1;0;-0.05;0.29;0.00;0.00;-0.00;-0.01;-0.02;-0.01;-1.06;2.47;0.00;0.00;0.11;0.002
