t;frame;x;y;z;x_ref;y_ref;z_ref;delta_ref;u_ref;state;ellipse;control;action;delta;u;vx;vy;vz;wx;wy;wz;xr;yr;zr;delr;ur;obs1x;obs1y;obs2x;obs2y
15505.275;13;0.45;0.70;-171.89;0.35;0.55;180.00;0.00;-0.50;1070;0;1;2;0.76;-0.02;0.00;0.00;-0.00;0.00;-0.00;-0.00;0.45;0.55;180.00;0.00;-0.50;0.066;4.66;5.71;-1000.00;-1000.00
15505.325;16;0.45;0.70;-171.89;0.35;0.55;180.00;0.00;-0.50;1070;0;1;2;0.76;-0.05;0.00;0.00;-0.00;0.00;-0.00;-0.00;0.45;0.55;180.00;0.00;-0.50;0.018;4.66;5.71;-1000.00;-1000.00
15505.445;29;0.45;0.70;-172.59;0.35;0.55;180.00;0.00;-0.50;1070;0;1;2;0.73;-0.07;-0.05;0.00;-0.00;-0.02;0.03;-0.13;0.45;0.55;180.00;0.00;-0.50;0.026;4.66;5.71;-1000.00;-1000.00
15505.545;39;0.46;0.70;-173.57;0.35;0.55;180.00;0.00;-0.50;1070;0;1;2;0.68;-0.09;-0.07;0.00;0.00;0.00;-0.00;-0.17;0.46;0.55;180.00;0.00;-0.50;0.026;4.66;5.71;-1000.00;-1000.00
15505.635;47;0.46;0.70;-174.36;0.35;0.55;180.00;0.00;-0.50;1070;0;1;2;0.64;-0.11;-0.09;-0.00;-0.00;-0.00;0.00;-0.17;0.46;0.55;180.00;0.00;-0.50;0.023;4.66;5.71;-1000.00;-1000.00
15505.745;58;0.48;0.70;-175.41;0.35;0.55;180.00;0.00;-0.50;1070;0;1;2;0.59;-0.13;-0.11;-0.00;-0.01;-0.00;0.00;-0.15;0.47;0.55;180.00;0.00;-0.50;0.029;4.66;5.71;-1000.00;-1000.00
15505.845;66;0.48;0.70;-176.07;0.35;0.55;180.00;0.00;-0.50;1070;0;1;2;0.56;-0.14;-0.12;-0.00;-0.01;-0.00;0.00;-0.14;0.48;0.55;180.00;0.00;-0.50;0.030;4.66;5.71;-1000.00;-1000.00
15505.935;77;0.50;0.70;-176.89;0.35;0.55;180.00;0.00;-0.50;1070;0;1;2;0.52;-0.16;-0.14;0.00;-0.01;-0.00;0.00;-0.13;0.50;0.55;180.00;0.00;-0.50;0.020;4.66;5.71;-1000.00;-1000.00
15506.105;95;0.53;0.70;-178.05;0.65;0.55;180.00;0.00;0.50;450;0;1;1;0.48;-0.18;-0.16;0.00;-0.01;-0.02;0.03;-0.11;0.51;0.55;180.00;0.00;-0.50;0.047;4.66;5.71;-1000.00;-1000.00
15506.155;101;0.54;0.70;-178.36;0.65;0.55;180.00;0.00;0.50;450;0;1;1;0.29;-0.14;-0.17;-0.00;-0.01;0.01;-0.02;-0.08;0.53;0.55;180.00;0.00;0.50;0.038;4.66;5.71;-1000.00;-1000.00
15506.255;109;0.55;0.70;-178.09;0.65;0.55;180.00;0.00;0.50;450;0;1;1;0.28;-0.11;-0.14;-0.00;-0.01;-0.03;0.05;0.08;0.54;0.55;180.00;0.00;0.50;0.039;4.66;5.71;-1000.00;-1000.00
15506.355;118;0.56;0.71;-177.50;0.65;0.55;180.00;0.00;0.50;450;0;1;1;0.25;-0.08;-0.12;0.00;-0.01;0.03;-0.05;0.14;0.55;0.55;180.00;0.00;0.50;0.040;4.66;5.71;-1000.00;-1000.00
15506.445;128;0.57;0.71;-176.86;0.65;0.55;180.00;0.00;0.50;450;0;1;1;0.22;-0.05;-0.08;0.00;-0.01;-0.03;0.05;0.10;0.57;0.55;180.00;0.00;0.50;0.023;4.66;5.71;-1000.00;-1000.00
15506.555;139;0.58;0.71;-176.17;0.65;0.55;180.00;0.00;0.50;450;0;1;1;0.19;-0.03;-0.05;-0.00;-0.01;-0.03;0.04;0.09;0.57;0.55;180.00;0.00;0.50;0.039;4.66;5.71;-1000.00;-1000.00
15506.655;147;0.58;0.71;-175.70;0.65;0.55;180.00;0.00;0.50;450;0;1;1;0.17;-0.00;-0.03;0.00;-0.00;0.03;-0.05;0.14;0.58;0.55;180.00;0.00;0.50;0.040;4.66;5.71;-1000.00;-1000.00
15506.745;156;0.58;0.71;-175.26;0.65;0.55;180.00;0.00;0.50;450;0;1;1;0.15;0.02;-0.01;-0.00;-0.00;-0.02;0.01;0.08;0.58;0.55;180.00;0.00;0.50;0.022;4.66;5.71;-1000.00;-1000.00
15506.835;166;0.58;0.71;-174.84;0.65;0.55;180.00;0.00;0.50;450;0;1;1;0.13;0.04;0.02;0.00;-0.00;0.00;-0.02;0.05;0.58;0.55;180.00;0.00;0.50;0.021;4.66;5.71;-1000.00;-1000.00
15506.935;174;0.58;0.71;-174.63;0.65;0.55;180.00;0.00;0.50;450;0;1;1;0.12;0.07;0.05;0.00;-0.00;-0.00;-0.01;0.05;0.58;0.55;180.00;0.00;0.50;0.020;4.66;5.71;-1000.00;-1000.00
15507.035;189;0.57;0.71;-174.28;0.65;0.55;180.00;0.00;0.50;450;0;1;1;0.10;0.09;0.07;0.00;-0.00;0.00;-0.00;0.04;0.57;0.55;180.00;0.00;0.50;0.027;4.66;5.71;-1000.00;-1000.00
15507.135;198;0.56;0.71;-174.11;0.65;0.55;180.00;0.00;0.50;450;0;1;1;0.09;0.11;0.09;0.00;-0.00;0.00;-0.00;0.03;0.57;0.55;180.00;0.00;0.50;0.020;4.66;5.71;-1000.00;-1000.00
15507.245;209;0.55;0.70;-173.94;0.65;0.55;180.00;0.00;0.50;450;0;1;1;0.08;0.12;0.11;0.00;-0.00;0.00;-0.00;0.02;0.56;0.55;180.00;0.00;0.50;0.026;4.66;5.71;-1000.00;-1000.00
15507.335;218;0.54;0.70;-173.83;0.65;0.55;180.00;0.00;0.50;450;0;1;1;0.07;0.14;0.13;0.00;-0.00;0.00;-0.00;0.02;0.55;0.55;180.00;0.00;0.50;0.022;4.66;5.71;-1000.00;-1000.00
15507.435;228;0.53;0.70;-173.73;0.65;0.55;180.00;0.00;0.50;450;0;1;1;0.06;0.16;0.14;0.00;-0.00;0.00;-0.00;0.02;0.53;0.55;180.00;0.00;0.50;0.020;4.66;5.71;-1000.00;-1000.00
15507.565;242;0.50;0.70;-173.63;0.65;0.55;180.00;0.00;0.50;450;0;1;1;0.05;0.17;0.16;0.00;-0.00;0.00;-0.00;0.01;0.52;0.55;180.00;0.00;0.50;0.048;4.66;5.71;-1000.00;-1000.00
15507.685;251;0.49;0.70;-173.59;0.35;0.55;180.00;0.11;0.00;1070;1;1;5;0.05;0.19;0.17;0.00;-0.00;0.00;-0.00;0.01;0.50;0.55;180.00;0.00;0.50;0.032;4.65;5.71;-1000.00;-1000.00
15507.745;260;0.47;0.70;-173.56;0.16;0.53;193.57;0.65;0.50;1070;2;1;5;0.18;0.20;0.19;0.00;-0.00;0.00;-0.00;0.00;0.35;0.55;180.04;0.18;0.07;0.031;4.65;5.71;-1000.00;-1000.00
15507.825;266;0.46;0.69;-173.36;0.16;0.53;193.57;0.65;0.50;1070;2;1;5;-0.19;0.20;0.20;0.00;0.00;0.00;-0.01;0.10;0.35;0.55;180.04;0.18;0.07;0.010;4.65;5.71;-1000.00;-1000.00
15507.935;277;0.44;0.69;-173.87;0.16;0.53;193.57;0.65;0.50;1070;2;1;5;-0.13;0.20;0.20;0.00;0.00;-0.00;-0.00;-0.17;0.35;0.55;180.04;0.18;0.07;0.016;4.65;5.71;-1000.00;-1000.00
15508.025;285;0.42;0.69;-174.48;0.16;0.53;193.57;0.65;0.50;1070;2;1;5;-0.06;0.20;0.20;-0.00;0.00;0.00;-0.01;-0.08;0.35;0.55;180.04;0.18;0.07;0.011;4.65;5.71;-1000.00;-1000.00
15508.145;297;0.40;0.69;-174.73;0.16;0.53;193.57;0.65;0.50;1070;2;1;5;0.00;0.19;0.20;-0.00;-0.00;0.00;-0.00;-0.02;0.35;0.55;180.04;0.18;0.07;0.024;4.65;5.71;-1000.00;-1000.00
15508.225;307;0.38;0.69;-174.66;0.16;0.53;193.57;0.65;0.50;1070;2;1;5;0.05;0.19;0.19;-0.00;-0.00;-0.00;0.00;0.03;0.35;0.55;180.04;0.18;0.07;0.014;4.65;5.71;-1000.00;-1000.00
15508.325;317;0.36;0.68;-174.40;0.16;0.53;193.57;0.65;0.50;1070;2;1;5;0.08;0.18;0.19;0.00;-0.00;-0.00;-0.00;0.04;0.35;0.55;180.04;0.18;0.07;0.011;4.65;5.71;-1000.00;-1000.00
15508.425;326;0.34;0.68;-174.13;0.16;0.53;193.57;0.65;0.50;1070;2;1;5;0.16;0.17;0.18;0.00;-0.00;-0.00;0.00;0.05;0.34;0.55;180.26;0.24;0.13;0.010;4.65;5.71;-1000.00;-1000.00
15508.525;336;0.33;0.68;-173.73;0.16;0.53;193.57;0.65;0.50;1070;2;1;5;0.23;0.17;0.17;0.00;0.00;-0.00;-0.01;0.08;0.32;0.55;180.78;0.31;0.19;0.010;4.65;5.71;-1000.00;-1000.00
15508.635;345;0.31;0.68;-173.27;0.16;0.53;193.57;0.65;0.50;1070;2;1;5;0.28;0.17;0.17;-0.00;-0.00;0.00;0.01;0.08;0.31;0.55;181.37;0.35;0.23;0.015;4.65;5.71;-1000.00;-1000.00
15508.725;356;0.29;0.68;-172.69;0.16;0.53;193.57;0.65;0.50;1070;2;1;5;0.34;0.17;0.18;-0.00;-0.00;0.01;0.01;0.10;0.29;0.55;182.20;0.40;0.27;0.012;4.65;5.71;-1000.00;-1000.00
15508.835;364;0.28;0.68;-172.20;-0.15;0.32;234.67;0.68;0.50;1070;3;1;5;0.38;0.17;0.18;-0.00;-0.00;0.01;0.02;0.12;0.29;0.55;182.71;0.42;0.29;0.022;4.65;5.71;-1000.00;-1000.00
15508.925;374;0.26;0.67;-171.60;-0.15;0.32;234.67;0.68;0.50;1070;3;1;5;0.22;0.18;0.18;-0.00;-0.00;0.01;0.02;0.11;0.28;0.55;183.30;0.44;0.31;0.004;4.65;5.71;-1000.00;-1000.00
15509.025;384;0.24;0.67;-171.29;-0.15;0.32;234.67;0.68;0.50;1070;3;1;5;0.30;0.19;0.18;0.00;-0.01;0.01;0.02;-0.01;0.26;0.55;184.72;0.49;0.35;0.009;4.65;5.71;-1000.00;-1000.00
15509.115;393;0.23;0.67;-171.22;-0.15;0.32;234.67;0.68;0.50;1070;3;1;5;0.37;0.20;0.19;0.00;-0.01;0.01;0.03;0.07;0.25;0.55;185.56;0.51;0.37;0.005;4.65;5.71;-1000.00;-1000.00
15509.235;408;0.20;0.66;-170.39;-0.15;0.32;234.67;0.68;0.50;1070;3;1;5;0.48;0.22;0.22;-0.00;-0.01;0.02;0.06;0.13;0.22;0.54;187.54;0.55;0.41;0.014;4.65;5.71;-1000.00;-1000.00
15509.325;417;0.18;0.66;-169.44;-0.15;0.32;234.67;0.68;0.50;1070;3;1;5;0.54;0.23;0.23;-0.00;-0.01;0.03;0.07;0.23;0.21;0.54;188.68;0.57;0.43;0.015;4.65;5.71;-1000.00;-1000.00
15509.425;427;0.16;0.65;-168.07;-0.15;0.32;234.67;0.68;0.50;1070;3;1;5;0.58;0.25;0.25;-0.01;-0.01;0.05;0.10;0.26;0.20;0.54;189.93;0.60;0.45;0.015;4.65;5.71;-1000.00;-1000.00
15509.515;437;0.13;0.65;-166.56;-0.15;0.32;234.67;0.68;0.50;1070;3;1;5;0.67;0.26;0.25;0.00;-0.01;-0.01;-0.05;0.25;0.17;0.53;192.78;0.64;0.49;0.008;4.65;5.72;-1000.00;-1000.00
15509.635;446;0.11;0.64;-164.61;-0.15;0.32;234.67;0.68;0.50;1070;3;1;5;0.71;0.28;0.28;-0.03;-0.01;0.04;0.07;0.45;0.14;0.53;195.98;0.65;0.50;0.013;4.65;5.72;-1000.00;-1000.00
15509.725;455;0.09;0.64;-162.25;-0.15;0.32;234.67;0.68;0.50;1070;3;1;5;0.71;0.30;0.27;-0.02;-0.01;-0.04;-0.16;0.44;0.12;0.52;197.60;0.65;0.50;0.005;4.65;5.72;-1000.00;-1000.00
15509.815;465;0.06;0.64;-159.19;-0.15;0.32;234.67;0.68;0.50;1070;3;1;5;0.69;0.31;0.28;-0.05;-0.01;-0.03;-0.17;0.49;0.11;0.52;199.22;0.65;0.50;0.005;4.65;5.72;-1000.00;-1000.00
15509.925;473;0.03;0.63;-156.55;-0.15;0.32;234.67;0.68;0.50;1070;3;1;5;0.70;0.32;0.31;-0.08;-0.01;0.05;0.08;0.61;0.08;0.50;202.48;0.66;0.50;0.005;4.65;5.72;-1000.00;-1000.00
15510.015;484;0.00;0.63;-152.81;-0.15;0.32;234.67;0.68;0.50;1070;3;1;5;0.67;0.33;0.30;-0.06;-0.01;-0.00;-0.03;0.58;0.06;0.50;204.11;0.66;0.50;0.006;4.65;5.72;-1000.00;-1000.00
15510.115;493;-0.02;0.62;-149.68;-0.15;0.32;234.67;0.68;0.50;1070;3;1;5;0.67;0.34;0.30;-0.05;-0.01;0.01;-0.11;0.50;0.04;0.48;207.39;0.66;0.50;0.004;4.65;5.72;-1000.00;-1000.00
15510.225;507;-0.07;0.60;-144.94;-0.15;0.32;234.67;0.68;0.50;1070;3;1;5;0.64;0.35;0.32;-0.05;-0.01;-0.00;-0.06;0.59;0.02;0.48;209.04;0.66;0.50;0.012;4.65;5.72;-1000.00;-1000.00
15510.315;516;-0.09;0.59;-142.14;-0.15;0.32;234.67;0.68;0.50;1070;3;1;5;0.66;0.35;0.33;-0.07;-0.01;0.02;0.08;0.52;-0.00;0.46;212.34;0.66;0.50;0.005;4.65;5.72;-1000.00;-1000.00
15510.415;527;-0.13;0.57;-138.60;-0.15;0.32;234.67;0.68;0.50;1070;3;1;5;0.67;0.35;0.33;-0.07;-0.01;-0.03;0.06;0.62;-0.03;0.44;215.67;0.67;0.50;0.008;4.65;5.72;-1000.00;-1000.00
15510.515;535;-0.15;0.56;-135.92;-0.15;0.32;234.67;0.68;0.50;1070;3;1;5;0.69;0.36;0.32;-0.07;-0.01;0.00;-0.03;0.59;-0.05;0.43;219.00;0.67;0.50;0.005;4.65;5.72;-1000.00;-1000.00
15510.625;546;-0.18;0.54;-131.85;-0.15;0.32;234.67;0.68;0.50;1070;3;1;5;0.66;0.36;0.31;-0.07;-0.01;0.04;-0.09;0.62;-0.07;0.42;220.68;0.67;0.50;0.005;4.65;5.72;-1000.00;-1000.00
15510.725;554;-0.20;0.52;-128.99;-0.15;0.32;234.67;0.68;0.50;1070;3;1;5;0.67;0.36;0.33;-0.06;-0.01;0.01;0.03;0.59;-0.09;0.39;224.05;0.67;0.50;0.008;4.65;5.72;-1000.00;-1000.00
15510.815;565;-0.23;0.50;-125.28;-0.15;0.32;234.67;0.68;0.50;1070;3;1;5;0.64;0.35;0.32;-0.07;-0.01;-0.01;0.04;0.60;-0.10;0.38;225.73;0.67;0.50;0.005;4.65;5.72;-1000.00;-1000.00
15510.925;577;-0.25;0.47;-121.50;-0.15;0.32;234.67;0.68;0.50;1070;3;1;5;0.65;0.35;0.32;-0.06;-0.01;-0.02;0.04;0.53;-0.12;0.36;229.12;0.68;0.50;0.008;4.65;5.72;-1000.00;-1000.00
15511.015;587;-0.27;0.45;-118.55;-0.15;0.32;234.67;0.68;0.50;1070;3;1;5;0.67;0.34;0.31;-0.06;-0.00;0.00;0.03;0.52;-0.14;0.34;232.53;0.68;0.50;0.004;4.65;5.72;-1000.00;-1000.00
15511.125;597;-0.29;0.42;-115.52;-0.15;0.32;234.67;0.68;0.50;1070;3;1;5;0.65;0.33;0.30;-0.06;-0.00;0.01;0.02;0.53;-0.15;0.32;234.24;0.68;0.50;0.005;4.66;5.72;-1000.00;-1000.00
15511.215;603;-0.30;0.41;-113.79;-0.15;0.32;234.67;0.68;0.50;1070;3;1;5;0.65;0.33;0.30;-0.05;-0.00;0.00;0.02;0.48;-0.16;0.31;235.95;0.68;0.50;0.004;4.66;5.72;-1000.00;-1000.00
15511.315;616;-0.32;0.37;-110.45;-0.15;0.32;234.67;0.68;0.50;1070;3;1;5;0.65;0.32;0.30;-0.03;-0.00;0.02;-0.03;0.42;-0.17;0.29;239.28;0.66;0.50;0.007;4.66;5.72;-1000.00;-1000.00
15511.425;626;-0.33;0.34;-107.94;-0.15;0.32;234.67;0.68;0.50;1070;3;1;5;0.66;0.31;0.34;-0.03;0.00;-0.03;0.09;0.48;-0.19;0.26;242.51;0.64;0.50;0.006;4.66;5.72;-1000.00;-1000.00
15511.525;635;-0.35;0.32;-105.05;-0.15;0.32;234.67;0.68;0.50;1070;3;1;5;0.62;0.30;0.29;-0.09;-0.04;-0.10;-0.11;0.63;-0.20;0.25;244.08;0.64;0.50;0.008;4.66;5.72;-1000.00;-1000.00
15511.625;645;-0.36;0.29;-101.58;-0.15;0.32;234.67;0.68;0.50;1070;3;1;5;0.59;0.29;0.29;-0.07;-0.00;0.02;-0.04;0.52;-0.21;0.22;247.16;0.62;0.50;0.013;4.66;5.72;-1000.00;-1000.00
15511.715;654;-0.37;0.27;-98.85;-0.15;0.32;234.67;0.68;0.50;1070;3;1;5;0.55;0.28;0.30;-0.08;-0.01;-0.10;0.06;0.57;-0.22;0.20;248.66;0.61;0.50;0.007;4.66;5.72;-1000.00;-1000.00
15511.825;664;-0.38;0.24;-96.28;-0.15;0.32;234.67;0.68;0.50;1070;3;1;5;0.51;0.27;0.29;-0.05;-0.01;-0.03;0.04;0.41;-0.22;0.19;250.13;0.60;0.50;0.014;4.66;5.72;-1000.00;-1000.00
15511.915;675;-0.39;0.21;-94.12;-0.15;0.32;234.67;0.68;0.50;1070;3;1;5;0.52;0.26;0.27;-0.02;-0.00;0.05;-0.03;0.25;-0.23;0.16;253.00;0.59;0.50;0.004;4.66;5.72;-1000.00;-1000.00
15512.015;683;-0.39;0.19;-92.82;-0.15;0.32;234.67;0.68;0.50;1070;3;1;5;0.52;0.24;0.26;-0.06;-0.01;-0.11;0.06;0.34;-0.23;0.14;254.41;0.58;0.50;0.005;4.66;5.72;-1000.00;-1000.00
15512.135;699;-0.40;0.15;-90.55;-0.15;0.32;234.67;0.68;0.50;1070;3;1;5;0.49;0.23;0.24;-0.03;-0.01;0.05;-0.03;0.21;-0.24;0.13;255.78;0.57;0.50;0.020;4.66;5.72;-1000.00;-1000.00
15512.225;707;-0.40;0.13;-89.79;-0.15;0.32;234.67;0.68;0.50;1070;3;1;5;0.53;0.22;0.23;0.00;-0.01;0.08;-0.04;0.10;-0.25;0.10;258.47;0.56;0.50;0.004;4.66;5.72;-1000.00;-1000.00
15512.325;716;-0.40;0.11;-88.98;-0.15;0.32;234.67;0.68;0.50;1070;3;1;5;0.54;0.21;0.22;0.00;-0.01;0.06;-0.03;0.12;-0.25;0.08;259.77;0.55;0.50;0.005;4.66;5.72;-1000.00;-1000.00
15512.455;731;-0.40;0.07;-87.98;-0.25;-0.16;-95.04;-0.49;0.50;108;1;1;6;0.58;0.21;0.22;0.00;-0.00;-0.02;0.03;0.09;-0.25;0.05;262.32;0.53;0.50;0.029;4.66;5.72;-1000.00;-1000.00
15512.525;735;-0.40;0.06;-87.79;-0.25;-0.16;-95.04;-0.49;0.50;108;1;1;6;0.27;0.22;0.22;0.00;-0.00;-0.02;0.02;0.09;-0.25;-0.05;-90.00;-0.05;0.05;0.015;4.66;5.72;-1000.00;-1000.00
15512.635;746;-0.40;0.04;-88.18;-0.25;-0.16;-95.04;-0.49;0.50;108;1;1;6;0.24;0.22;0.23;0.01;-0.01;-0.02;0.02;-0.16;-0.25;-0.05;-90.00;-0.05;0.05;0.018;4.66;5.72;-1000.00;-1000.00
15512.735;755;-0.39;0.02;-88.90;-0.31;-0.37;-116.21;-0.75;0.50;108;2;1;6;0.23;0.23;0.23;0.01;-0.01;-0.04;0.02;-0.10;-0.25;-0.05;-90.00;-0.05;0.05;0.019;4.66;5.72;-1000.00;-1000.00
15512.825;765;-0.39;-0.00;-89.42;-0.31;-0.37;-116.21;-0.75;0.50;108;2;1;6;0.17;0.22;0.24;0.00;-0.01;-0.04;0.03;-0.05;-0.25;-0.05;-90.00;-0.05;0.05;0.013;4.66;5.72;-1000.00;-1000.00
15512.935;778;-0.39;-0.03;-90.12;-0.31;-0.37;-116.21;-0.75;0.50;108;2;1;6;0.11;0.21;0.22;-0.00;-0.01;0.07;-0.04;-0.14;-0.25;-0.05;-90.00;-0.05;0.05;0.016;4.66;5.72;-1000.00;-1000.00
15513.025;784;-0.39;-0.05;-90.52;-0.31;-0.37;-116.21;-0.75;0.50;108;2;1;6;0.08;0.20;0.22;-0.00;-0.01;-0.06;0.04;-0.11;-0.25;-0.05;-90.00;-0.05;0.05;0.008;4.66;5.72;-1000.00;-1000.00
15513.125;797;-0.39;-0.07;-91.26;-0.31;-0.37;-116.21;-0.75;0.50;108;2;1;6;-0.11;0.20;0.20;0.01;-0.01;-0.02;0.02;-0.09;-0.25;-0.08;-90.59;-0.25;0.25;0.010;4.66;5.72;-1000.00;-1000.00
15513.235;807;-0.39;-0.09;-92.35;-0.31;-0.37;-116.21;-0.75;0.50;108;2;1;6;-0.17;0.20;0.20;0.01;-0.01;-0.03;0.03;-0.19;-0.25;-0.10;-91.36;-0.32;0.33;0.021;4.66;5.72;-1000.00;-1000.00
15513.335;815;-0.39;-0.11;-93.32;-0.44;-0.53;-142.23;-0.70;0.50;108;3;1;6;-0.23;0.21;0.20;-0.01;-0.00;-0.03;0.02;-0.22;-0.25;-0.12;-92.60;-0.39;0.40;0.014;4.66;5.72;-1000.00;-1000.00
15513.425;825;-0.39;-0.13;-94.36;-0.44;-0.53;-142.23;-0.70;0.50;108;3;1;6;-0.43;0.21;0.21;-0.00;-0.00;-0.01;-0.01;-0.16;-0.25;-0.14;-93.75;-0.44;0.45;0.008;4.66;5.72;-1000.00;-1000.00
15513.515;835;-0.40;-0.15;-95.68;-0.44;-0.53;-142.23;-0.70;0.50;108;3;1;6;-0.49;0.21;0.21;0.01;-0.00;0.08;0.03;-0.25;-0.25;-0.16;-95.20;-0.49;0.50;0.007;4.66;5.72;-1000.00;-1000.00
15513.625;848;-0.40;-0.18;-97.58;-0.44;-0.53;-142.23;-0.70;0.50;108;3;1;6;-0.52;0.21;0.22;0.01;-0.01;-0.06;-0.02;-0.25;-0.26;-0.18;-96.83;-0.52;0.50;0.014;4.66;5.72;-1000.00;-1000.00
15513.725;858;-0.40;-0.20;-98.88;-0.44;-0.53;-142.23;-0.70;0.50;108;3;1;6;-0.58;0.22;0.23;0.00;-0.01;-0.07;-0.03;-0.24;-0.26;-0.21;-99.48;-0.56;0.50;0.016;4.66;5.72;-1000.00;-1000.00
15513.815;867;-0.40;-0.22;-100.08;-0.64;-0.63;-163.22;-0.54;0.50;108;4;1;6;-0.68;0.23;0.23;-0.00;-0.01;-0.04;-0.02;-0.24;-0.27;-0.26;-103.41;-0.61;0.50;0.004;4.66;5.72;-1000.00;-1000.00
15513.915;877;-0.41;-0.24;-101.84;-0.64;-0.63;-163.22;-0.54;0.50;108;4;1;6;-0.79;0.23;0.23;-0.00;-0.01;0.10;0.03;-0.27;-0.27;-0.27;-104.46;-0.62;0.50;0.003;4.66;5.72;-1000.00;-1000.00
15514.015;885;-0.41;-0.26;-103.97;-0.64;-0.63;-163.22;-0.54;0.50;108;4;1;6;-0.79;0.24;0.22;0.03;-0.01;0.14;0.05;-0.43;-0.28;-0.31;-108.98;-0.68;0.50;0.001;4.66;5.72;-1000.00;-1000.00
15514.115;896;-0.41;-0.29;-107.38;-0.64;-0.63;-163.22;-0.54;0.50;108;4;1;6;-0.79;0.25;0.23;0.09;-0.01;-0.12;-0.02;-0.60;-0.30;-0.34;-112.72;-0.72;0.50;0.002;4.66;5.72;-1000.00;-1000.00
15514.215;904;-0.41;-0.31;-109.79;-0.64;-0.63;-163.22;-0.54;0.50;108;4;1;6;-0.79;0.26;0.24;0.09;-0.01;-0.12;-0.02;-0.61;-0.31;-0.36;-115.38;-0.74;0.50;0.001;4.66;5.72;-1000.00;-1000.00
15514.315;915;-0.41;-0.34;-113.13;-0.64;-0.63;-163.22;-0.54;0.50;108;4;1;6;-0.79;0.27;0.24;0.05;-0.01;0.12;0.03;-0.47;-0.32;-0.39;-119.51;-0.74;0.50;0.001;4.66;5.72;-1000.00;-1000.00
15514.415;923;-0.42;-0.36;-115.64;-0.64;-0.63;-163.22;-0.54;0.50;108;4;1;6;-0.79;0.28;0.24;0.04;-0.01;0.16;0.00;-0.47;-0.33;-0.41;-122.24;-0.74;0.50;0.001;4.66;5.72;-1000.00;-1000.00
15514.515;933;-0.42;-0.38;-119.07;-0.64;-0.63;-163.22;-0.54;0.50;108;4;1;6;-0.79;0.29;0.28;0.13;-0.06;-0.39;0.16;-0.84;-0.35;-0.44;-126.27;-0.73;0.50;0.001;4.66;5.71;-1000.00;-1000.00
15514.615;943;-0.43;-0.41;-122.48;-0.64;-0.63;-163.22;-0.54;0.50;108;4;1;6;-0.79;0.31;0.27;0.07;-0.01;-0.06;-0.00;-0.64;-0.37;-0.46;-130.23;-0.72;0.50;0.002;4.66;5.71;-1000.00;-1000.00
15514.715;957;-0.45;-0.44;-127.64;-0.64;-0.63;-163.22;-0.54;0.50;108;4;1;6;-0.79;0.32;0.29;0.08;-0.01;-0.06;0.01;-0.70;-0.40;-0.49;-135.41;-0.71;0.50;0.002;4.66;5.71;-1000.00;-1000.00
15514.815;966;-0.46;-0.47;-131.16;-0.85;-0.66;-179.43;-0.47;0.50;108;5;1;6;-0.79;0.33;0.29;0.10;-0.01;-0.06;0.01;-0.73;-0.42;-0.51;-137.96;-0.70;0.50;0.002;4.66;5.71;-1000.00;-1000.00
15514.915;975;-0.47;-0.49;-134.93;-0.85;-0.66;-179.43;-0.47;0.50;108;5;1;6;-0.79;0.34;0.29;0.10;-0.01;-0.05;0.01;-0.78;-0.44;-0.53;-141.74;-0.70;0.50;0.003;4.66;5.71;-1000.00;-1000.00
15515.015;984;-0.48;-0.52;-138.88;-0.85;-0.66;-179.43;-0.47;0.50;108;5;1;6;-0.79;0.35;0.30;0.10;-0.01;-0.05;0.01;-0.81;-0.46;-0.54;-144.20;-0.68;0.50;0.001;4.66;5.71;-1000.00;-1000.00
15515.115;994;-0.50;-0.54;-143.39;-0.85;-0.66;-179.43;-0.47;0.50;108;5;1;6;-0.79;0.36;0.31;0.09;-0.01;-0.04;0.00;-0.79;-0.49;-0.56;-147.75;-0.66;0.50;0.001;4.66;5.71;-1000.00;-1000.00
15515.215;1005;-0.52;-0.57;-148.37;-0.85;-0.66;-179.43;-0.47;0.50;108;5;1;6;-0.75;0.37;0.30;0.10;-0.01;-0.04;0.01;-0.79;-0.51;-0.58;-151.13;-0.64;0.50;0.002;4.66;5.71;-1000.00;-1000.00
15515.315;1013;-0.54;-0.59;-151.90;-0.85;-0.66;-179.43;-0.47;0.50;108;5;1;6;-0.69;0.38;0.31;0.09;-0.01;-0.02;-0.01;-0.71;-0.53;-0.59;-153.29;-0.62;0.50;0.001;4.66;5.71;-1000.00;-1000.00
15515.415;1024;-0.57;-0.61;-156.00;-0.85;-0.66;-179.43;-0.47;0.50;108;5;1;6;-0.65;0.38;0.32;0.06;-0.00;-0.02;-0.01;-0.57;-0.57;-0.61;-157.39;-0.59;0.50;0.001;4.66;5.71;-1000.00;-1000.00
15515.545;1036;-0.60;-0.63;-159.72;-0.85;-0.65;180.00;0.11;0.00;769;1;1;5;-0.61;0.39;0.34;0.05;-0.00;-0.03;0.00;-0.51;-0.60;-0.62;-160.29;-0.56;0.50;0.029;4.66;5.71;-1000.00;-1000.00
15515.635;1047;-0.64;-0.65;-162.86;-1.04;-0.67;193.57;0.65;0.50;769;2;1;5;0.18;0.41;0.34;0.09;-0.05;0.06;0.15;-0.57;-0.85;-0.65;180.04;0.18;0.07;0.015;4.66;5.71;-1000.00;-1000.00
15515.715;1055;-0.66;-0.66;-164.28;-1.04;-0.67;193.57;0.65;0.50;769;2;1;5;-0.79;0.40;0.41;0.05;-0.04;-0.11;0.24;0.19;-0.85;-0.65;180.04;0.18;0.07;0.007;4.66;5.71;-1000.00;-1000.00
15515.825;1063;-0.69;-0.67;-163.00;-1.04;-0.67;193.57;0.65;0.50;769;2;1;5;-0.79;0.39;0.40;0.01;-0.01;0.14;-0.12;-0.32;-0.85;-0.65;180.04;0.18;0.07;0.010;4.66;5.71;-1000.00;-1000.00
15515.935;1077;-0.75;-0.69;-171.96;-1.04;-0.67;193.57;0.65;0.50;769;2;1;5;-0.45;0.38;0.39;0.15;-0.01;-0.08;0.11;-1.37;-0.85;-0.65;180.04;0.18;0.07;0.021;4.66;5.71;-1000.00;-1000.00
15516.025;1088;-0.79;-0.71;-177.66;-1.04;-0.67;193.57;0.65;0.50;769;2;1;5;-0.15;0.37;0.39;0.09;-0.00;-0.04;0.03;-0.49;-0.85;-0.65;180.04;0.18;0.07;0.013;4.66;5.71;-1000.00;-1000.00
15516.125;1096;-0.82;-0.72;-178.27;-1.04;-0.67;193.57;0.65;0.50;769;2;1;5;-0.06;0.36;0.38;0.01;-0.01;-0.04;0.04;0.04;-0.85;-0.65;180.04;0.18;0.07;0.011;4.66;5.71;-1000.00;-1000.00
15516.245;1110;-0.87;-0.72;-177.11;-1.04;-0.67;193.57;0.65;0.50;769;2;1;5;0.02;0.34;0.36;-0.02;-0.01;-0.03;0.04;0.15;-0.85;-0.65;180.04;0.18;0.07;0.024;4.66;5.72;-1000.00;-1000.00
15516.335;1115;-0.89;-0.72;-176.53;-1.04;-0.67;193.57;0.65;0.50;769;2;1;5;0.16;0.33;0.35;-0.01;-0.01;-0.03;0.04;0.22;-0.88;-0.65;181.05;0.33;0.21;0.017;4.66;5.72;-1000.00;-1000.00
15516.425;1124;-0.92;-0.72;-175.16;-1.35;-0.88;234.67;0.68;0.50;769;3;1;5;0.28;0.33;0.33;-0.01;-0.01;-0.04;0.04;0.34;-0.92;-0.65;183.30;0.44;0.31;0.013;4.66;5.72;-1000.00;-1000.00
15516.525;1138;-0.96;-0.72;-172.17;-1.35;-0.88;234.67;0.68;0.50;769;3;1;5;0.47;0.32;0.33;-0.01;-0.00;0.01;0.00;0.33;-0.95;-0.65;185.56;0.51;0.37;0.014;4.66;5.72;-1000.00;-1000.00
15516.625;1147;-0.99;-0.73;-169.86;-1.35;-0.88;234.67;0.68;0.50;769;3;1;5;0.54;0.32;0.32;-0.01;-0.01;-0.05;-0.12;0.45;-0.99;-0.66;188.68;0.57;0.43;0.010;4.66;5.72;-1000.00;-1000.00
15516.725;1157;-1.02;-0.73;-167.14;-1.35;-0.88;234.67;0.68;0.50;769;3;1;5;0.60;0.32;0.33;-0.01;-0.01;0.03;0.06;0.46;-1.02;-0.66;191.29;0.62;0.47;0.015;4.66;5.72;-1000.00;-1000.00
15516.825;1168;-1.06;-0.74;-164.25;-1.35;-0.88;234.67;0.68;0.50;769;3;1;5;0.70;0.33;0.32;-0.06;-0.01;0.03;0.14;0.54;-1.08;-0.68;197.60;0.65;0.50;0.006;4.66;5.72;-1000.00;-1000.00
15516.925;1176;-1.08;-0.74;-161.35;-1.35;-0.88;234.67;0.68;0.50;769;3;1;5;0.70;0.34;0.31;-0.08;-0.01;0.00;0.06;0.70;-1.11;-0.69;200.85;0.66;0.50;0.014;4.66;5.72;-1000.00;-1000.00
15517.025;1187;-1.12;-0.75;-157.22;-1.35;-0.88;234.67;0.68;0.50;769;3;1;5;0.68;0.34;0.34;-0.12;-0.03;-0.03;0.24;0.82;-1.14;-0.70;204.11;0.66;0.50;0.012;4.66;5.71;-1000.00;-1000.00
15517.115;1196;-1.15;-0.75;-153.71;-1.35;-0.88;234.67;0.68;0.50;769;3;1;5;0.68;0.35;0.32;-0.09;-0.01;-0.01;0.02;0.67;-1.16;-0.72;207.39;0.66;0.50;0.005;4.66;5.71;-1000.00;-1000.00
15517.225;1205;-1.18;-0.76;-150.22;-1.35;-0.88;234.67;0.68;0.50;769;3;1;5;0.68;0.36;0.31;-0.07;-0.01;0.01;-0.08;0.61;-1.19;-0.73;210.69;0.66;0.50;0.008;4.66;5.71;-1000.00;-1000.00
15517.315;1215;-1.21;-0.77;-146.56;-1.35;-0.88;234.67;0.68;0.50;769;3;1;5;0.68;0.36;0.34;-0.08;-0.01;0.01;0.07;0.70;-1.22;-0.75;214.00;0.67;0.50;0.005;4.66;5.71;-1000.00;-1000.00
15517.425;1225;-1.24;-0.78;-142.60;-1.35;-0.88;234.67;0.68;0.50;769;3;1;5;0.70;0.37;0.34;-0.07;-0.01;-0.02;0.04;0.69;-1.25;-0.77;219.00;0.67;0.50;0.006;4.66;5.71;-1000.00;-1000.00
15517.525;1234;-1.27;-0.80;-139.06;-1.35;-0.88;234.67;0.68;0.50;769;3;1;5;0.71;0.38;0.34;-0.10;-0.01;-0.02;0.05;0.77;-1.28;-0.79;222.36;0.67;0.50;0.006;4.66;5.71;-1000.00;-1000.00
15517.625;1244;-1.30;-0.81;-134.69;-1.35;-0.88;234.67;0.68;0.50;769;3;1;5;0.69;0.39;0.34;-0.10;-0.01;-0.01;0.05;0.82;-1.30;-0.82;225.73;0.67;0.50;0.010;4.66;5.71;-1000.00;-1000.00
15517.725;1258;-1.34;-0.84;-128.51;-1.35;-0.88;234.67;0.68;0.50;769;3;1;5;0.64;0.39;0.33;-0.08;-0.01;0.05;-0.09;0.71;-1.32;-0.84;229.12;0.68;0.50;0.016;4.66;5.71;-1000.00;-1000.00
15517.825;1267;-1.36;-0.86;-125.13;-1.35;-0.88;234.67;0.68;0.50;769;3;1;5;0.66;0.39;0.35;-0.07;-0.01;-0.01;0.04;0.62;-1.34;-0.86;232.53;0.68;0.50;0.011;4.66;5.71;-1000.00;-1000.00
15517.925;1278;-1.39;-0.89;-121.10;-1.46;-1.24;269.43;0.49;0.50;769;4;1;5;0.68;0.39;0.34;-0.08;-0.01;-0.02;0.03;0.65;-1.37;-0.90;237.63;0.67;0.50;0.007;4.66;5.71;-1000.00;-1000.00
15518.025;1286;-1.41;-0.91;-117.88;-1.46;-1.24;269.43;0.49;0.50;769;4;1;5;0.64;0.40;0.33;-0.09;-0.01;-0.01;0.03;0.73;-1.38;-0.93;240.91;0.65;0.50;0.008;4.66;5.71;-1000.00;-1000.00
15518.125;1297;-1.43;-0.94;-113.75;-1.46;-1.24;269.43;0.49;0.50;769;4;1;5;0.60;0.41;0.35;-0.07;-0.00;-0.00;0.02;0.61;-1.40;-0.95;244.08;0.64;0.50;0.007;4.66;5.71;-1000.00;-1000.00
15518.225;1305;-1.45;-0.96;-111.12;-1.46;-1.24;269.43;0.49;0.50;769;4;1;5;0.61;0.41;0.36;-0.05;-0.00;0.01;0.02;0.54;-1.41;-0.98;247.16;0.62;0.50;0.009;4.66;5.71;-1000.00;-1000.00
15518.365;1320;-1.47;-1.01;-106.43;-1.45;-1.25;-90.00;0.00;0.50;552;0;1;1;0.61;0.42;0.37;-0.05;0.00;0.00;0.01;0.55;-1.42;-1.01;250.13;0.60;0.50;0.036;4.66;5.71;-1000.00;-1000.00
15518.435;1328;-1.48;-1.04;-103.79;-1.45;-1.25;-90.00;0.00;0.50;552;0;1;1;0.76;0.45;0.38;-0.04;0.00;0.06;-0.08;0.60;-1.45;-1.25;-90.00;0.00;0.50;0.022;4.66;5.71;-1000.00;-1000.00
15518.535;1339;-1.50;-1.08;-97.56;-1.45;-1.25;-90.00;0.00;0.50;552;0;1;1;0.50;0.47;0.40;-0.14;-0.01;-0.08;0.04;1.25;-1.45;-1.25;-90.00;0.00;0.50;0.024;4.66;5.71;-1000.00;-1000.00
15518.645;1347;-1.51;-1.11;-93.45;-1.45;-1.25;-90.00;0.00;0.50;552;0;1;1;0.32;0.49;0.45;-0.09;0.00;0.02;-0.02;0.65;-1.45;-1.25;-90.00;0.00;0.50;0.027;4.66;5.71;-1000.00;-1000.00
15518.735;1356;-1.52;-1.16;-90.72;-1.45;-1.35;-90.00;0.00;0.50;552;1;1;1;0.21;0.50;0.47;-0.04;-0.00;0.13;-0.08;0.23;-1.45;-1.25;-90.00;0.00;0.50;0.016;4.66;5.71;-1000.00;-1000.00
15518.845;1366;-1.53;-1.20;-89.52;-1.45;-1.35;-90.00;0.00;0.50;552;1;1;1;0.16;0.50;0.51;-0.03;-0.01;-0.06;0.07;0.13;-1.45;-1.25;-90.00;0.00;0.50;0.025;4.66;5.71;-1000.00;-1000.00
15518.955;1381;-1.53;-1.28;-88.81;-1.45;-1.44;-90.00;0.00;0.50;552;2;1;1;0.13;0.50;0.50;0.02;-0.01;0.06;-0.03;0.01;-1.45;-1.25;-90.00;0.00;0.50;0.037;4.66;5.71;-1000.00;-1000.00
15519.065;1389;-1.53;-1.32;-88.87;-1.45;-1.55;-90.00;-0.00;0.50;551;0;1;0;0.13;0.50;0.50;0.01;-0.01;-0.02;0.02;-0.04;-1.45;-1.30;-90.00;0.00;0.50;0.042;4.66;5.71;-1000.00;-1000.00
15519.135;1398;-1.52;-1.37;-89.03;-1.45;-1.55;-90.00;-0.00;0.50;551;0;1;0;0.13;0.50;0.50;0.01;-0.01;0.02;-0.01;-0.03;-1.45;-1.55;-90.00;-0.00;0.50;0.021;4.66;5.71;-1000.00;-1000.00
15519.235;1408;-1.53;-1.39;-89.27;-1.45;-1.55;-90.00;-0.00;0.50;551;0;1;0;0.13;0.50;0.04;-0.06;-0.03;-0.24;0.01;0.02;-1.45;-1.55;-90.00;-0.00;0.50;0.024;4.66;5.71;-1000.00;-1000.00
15519.335;1417;-1.53;-1.39;-89.24;-1.45;-1.55;-90.00;-0.00;0.50;551;0;1;0;0.13;0.50;-0.00;0.01;0.00;-0.00;0.00;-0.03;-1.45;-1.55;-90.00;-0.00;0.50;0.021;4.66;5.71;-1000.00;-1000.00
15519.455;1431;-1.53;-1.39;-89.39;-1.45;-1.55;-90.00;-0.00;0.50;551;0;1;0;0.13;0.50;0.00;-0.00;-0.00;0.01;0.00;-0.01;-1.45;-1.55;-90.00;-0.00;0.50;0.043;4.66;5.71;-1000.00;-1000.00
15519.555;1440;-1.53;-1.39;-89.45;-1.45;-1.55;-90.00;-0.00;0.50;551;0;1;0;0.13;0.50;0.00;-0.00;-0.00;0.00;0.00;-0.01;-1.45;-1.55;-90.00;-0.00;0.50;0.041;4.66;5.71;-1000.00;-1000.00
15519.645;1450;-1.53;-1.39;-89.49;-1.45;-1.55;-90.00;-0.00;0.50;551;0;1;0;0.13;0.50;0.00;-0.00;-0.00;0.00;0.00;-0.01;-1.45;-1.55;-90.00;-0.00;0.50;0.030;4.66;5.71;-1000.00;-1000.00
15519.735;1459;-1.53;-1.39;-89.52;-1.45;-1.55;-90.00;-0.00;0.50;551;0;1;0;0.13;0.50;0.00;-0.00;-0.00;0.00;0.00;-0.01;-1.45;-1.55;-90.00;-0.00;0.50;0.018;4.66;5.71;-1000.00;-1000.00
15519.855;1468;-1.53;-1.39;-89.55;-1.45;-1.55;-90.00;-0.00;0.50;551;0;1;0;0.13;0.50;0.00;-0.00;-0.00;0.00;0.00;-0.00;-1.45;-1.55;-90.00;-0.00;0.50;0.043;4.66;5.71;-1000.00;-1000.00
15519.955;1479;-1.53;-1.39;-89.57;-1.45;-1.55;-90.00;-0.00;0.50;551;0;1;0;0.13;0.50;0.00;0.00;-0.00;0.00;0.00;-0.00;-1.45;-1.55;-90.00;-0.00;0.50;0.045;4.66;5.71;-1000.00;-1000.00
15520.035;1487;-1.53;-1.39;-89.58;-1.45;-1.55;-90.00;-0.00;0.50;551;0;1;0;0.13;0.50;0.00;0.00;-0.00;0.00;-0.00;-0.00;-1.45;-1.55;-90.00;-0.00;0.50;0.023;4.66;5.71;-1000.00;-1000.00
15520.135;1496;-1.53;-1.39;-89.59;-1.45;-1.55;-90.00;-0.00;0.50;551;0;1;0;0.13;0.50;0.00;0.00;-0.00;0.00;-0.00;-0.00;-1.45;-1.55;-90.00;-0.00;0.50;0.022;4.66;5.71;-1000.00;-1000.00
15520.265;1511;-1.53;-1.39;-89.60;-1.45;-1.55;-90.00;-0.00;0.50;551;0;1;0;0.13;0.50;0.00;0.00;-0.00;0.00;-0.00;-0.00;-1.45;-1.55;-90.00;-0.00;0.50;0.044;4.66;5.71;-1000.00;-1000.00
15520.335;1517;-1.53;-1.39;-89.60;-1.45;-1.55;-90.00;-0.00;0.50;551;0;1;0;0.13;0.50;0.00;0.00;-0.00;0.00;-0.00;-0.00;-1.45;-1.55;-90.00;-0.00;0.50;0.020;4.66;5.71;-1000.00;-1000.00
15520.455;1531;-1.53;-1.39;-89.61;-1.45;-1.55;-90.00;-0.00;0.50;551;0;1;0;0.13;0.50;0.00;0.00;-0.00;0.00;-0.00;-0.00;-1.45;-1.55;-90.00;-0.00;0.50;0.039;4.66;5.71;-1000.00;-1000.00
15520.535;1536;-1.53;-1.39;-89.61;-1.45;-1.55;-90.00;-0.00;0.50;551;0;1;0;0.13;0.50;0.00;0.00;-0.00;0.00;-0.00;-0.00;-1.45;-1.55;-90.00;-0.00;0.50;0.022;4.66;5.71;-1000.00;-1000.00
15520.635;1547;-1.53;-1.39;-89.61;-1.45;-1.55;-90.00;-0.00;0.50;551;0;1;0;0.13;0.50;0.00;0.00;-0.00;0.00;-0.00;-0.00;-1.45;-1.55;-90.00;-0.00;0.50;0.018;4.66;5.71;-1000.00;-1000.00
15520.755;1560;-1.53;-1.39;-89.61;-1.45;-1.55;-90.00;-0.00;0.50;551;0;1;0;0.13;0.50;0.00;0.00;-0.00;0.00;-0.00;-0.00;-1.45;-1.55;-90.00;-0.00;0.50;0.035;4.66;5.71;-1000.00;-1000.00
15520.845;1569;-1.53;-1.39;-89.61;-1.45;-1.55;-90.00;-0.00;0.50;551;0;1;0;0.13;0.50;0.00;0.00;-0.00;0.00;-0.00;-0.00;-1.45;-1.55;-90.00;-0.00;0.50;0.038;4.67;5.71;-1000.00;-1000.00
15520.925;1575;-1.53;-1.39;-89.61;-1.45;-1.55;-90.00;-0.00;0.50;551;0;1;0;0.13;0.50;0.00;0.00;-0.00;0.00;-0.00;-0.00;-1.45;-1.55;-90.00;-0.00;0.50;0.017;4.67;5.71;-1000.00;-1000.00
15521.045;1589;-1.53;-1.39;-89.61;-1.45;-1.55;-90.00;-0.00;0.50;551;0;1;0;0.17;0.50;0.00;0.00;-0.00;0.00;-0.00;-0.00;-1.45;-1.55;-90.00;-0.00;0.50;0.032;4.67;5.71;-1000.00;-1000.00
15521.145;1598;-1.53;-1.41;-88.27;-1.45;-1.55;-90.00;-0.00;0.50;551;0;1;0;0.10;0.50;0.44;0.03;0.01;-0.01;-0.02;0.30;-1.45;-1.55;-90.00;-0.00;0.50;0.032;4.67;5.71;-1000.00;-1000.00
15521.235;1607;-1.52;-1.46;-87.31;-1.45;-1.55;-90.00;-0.00;0.50;551;0;1;0;0.05;0.50;0.52;0.00;-0.00;-0.02;0.01;0.10;-1.45;-1.55;-90.00;-0.00;0.50;0.023;4.67;5.71;-1000.00;-1000.00
15521.355;1617;-1.52;-1.51;-87.13;-1.45;-1.55;-90.00;-0.00;0.50;551;0;1;0;0.03;0.50;0.50;0.00;-0.00;-0.02;0.01;-0.01;-1.45;-1.55;-90.00;-0.00;0.50;0.039;4.67;5.71;-1000.00;-1000.00
15521.455;1627;-1.52;-1.56;-87.23;-1.45;-1.79;-90.00;-0.00;0.50;551;1;1;0;0.03;0.50;0.50;0.00;-0.00;-0.01;0.00;-0.03;-1.45;-1.56;-90.00;-0.00;0.50;0.039;4.67;5.71;-1000.00;-1000.00
15521.535;1636;-1.52;-1.60;-87.36;-1.45;-1.79;-90.00;-0.00;0.50;551;1;1;0;0.03;0.50;0.50;-0.00;-0.00;0.02;-0.00;-0.00;-1.45;-1.60;-90.00;-0.00;0.50;0.015;4.67;5.71;-1000.00;-1000.00
15521.645;1646;-1.52;-1.65;-87.34;-1.45;-1.79;-90.00;-0.00;0.50;551;1;1;0;0.03;0.50;0.50;-0.00;-0.00;0.00;-0.00;0.00;-1.45;-1.65;-90.00;-0.00;0.50;0.030;4.67;5.71;-1000.00;-1000.00
15521.725;1657;-1.51;-1.71;-87.35;-1.45;-1.79;-90.00;-0.00;0.50;551;1;1;0;0.02;0.50;0.50;0.00;-0.00;-0.00;-0.00;-0.01;-1.45;-1.71;-90.00;-0.00;0.50;0.016;4.67;5.71;-1000.00;-1000.00
15521.825;1665;-1.51;-1.75;-87.39;-1.45;-1.79;-90.00;-0.00;0.50;551;1;1;0;0.02;0.50;0.50;-0.00;-0.00;-0.00;-0.00;-0.01;-1.45;-1.74;-90.00;-0.00;0.50;0.014;4.67;5.71;-1000.00;-1000.00
15521.925;1676;-1.51;-1.80;-87.46;-1.45;-2.03;-90.00;-0.00;0.50;551;2;1;0;0.02;0.50;0.50;0.00;-0.00;-0.00;-0.00;-0.01;-1.45;-1.80;-90.00;-0.00;0.50;0.014;4.67;5.71;-1000.00;-1000.00
15522.025;1684;-1.51;-1.84;-87.52;-1.45;-2.03;-90.00;-0.00;0.50;551;2;1;0;0.02;0.50;0.50;0.00;-0.00;-0.00;-0.00;-0.01;-1.45;-1.84;-90.00;-0.00;0.50;0.013;4.67;5.71;-1000.00;-1000.00
15522.125;1698;-1.50;-1.91;-87.62;-1.45;-2.03;-90.00;-0.00;0.50;551;2;1;0;0.01;0.50;0.50;0.00;0.00;0.00;-0.00;-0.01;-1.45;-1.89;-90.00;-0.00;0.50;0.017;4.67;5.71;-1000.00;-1000.00
15522.225;1707;-1.50;-1.96;-87.68;-1.45;-2.03;-90.00;-0.00;0.50;551;2;1;0;0.01;0.49;0.50;0.00;0.00;0.00;-0.00;-0.01;-1.45;-1.93;-90.00;-0.00;0.50;0.013;4.67;5.71;-1000.00;-1000.00
15522.325;1718;-1.50;-2.01;-87.76;-1.45;-2.03;-90.00;-0.00;0.50;551;2;1;0;0.01;0.49;0.49;0.00;0.00;0.00;-0.00;-0.01;-1.45;-2.01;-90.00;-0.00;0.50;0.014;4.67;5.71;-1000.00;-1000.00
15522.435;1726;-1.50;-2.05;-87.81;-1.45;-2.26;-90.00;-0.00;0.50;551;3;1;0;0.01;0.49;0.49;0.00;0.00;0.00;-0.00;-0.01;-1.45;-2.05;-90.00;-0.00;0.50;0.022;4.67;5.71;-1000.00;-1000.00
15522.525;1737;-1.50;-2.10;-87.88;-1.45;-2.26;-90.00;-0.00;0.50;551;3;1;0;0.01;0.49;0.50;0.00;0.00;0.00;-0.00;-0.01;-1.45;-2.10;-90.00;-0.00;0.50;0.010;4.67;5.71;-1000.00;-1000.00
15522.615;1746;-1.49;-2.15;-87.94;-1.45;-2.26;-90.00;-0.00;0.50;551;3;1;0;0.01;0.49;0.50;0.00;0.00;0.00;-0.00;-0.01;-1.45;-2.15;-90.00;-0.00;0.50;0.005;4.67;5.71;-1000.00;-1000.00
15522.715;1756;-1.49;-2.20;-88.00;-1.45;-2.26;-90.00;-0.00;0.50;551;3;1;0;0.00;0.50;0.50;0.00;0.00;0.00;-0.00;-0.01;-1.45;-2.20;-90.00;-0.00;0.50;0.005;4.67;5.71;-1000.00;-1000.00
15522.815;1764;-1.49;-2.24;-88.04;-1.45;-2.26;-90.00;-0.00;0.50;551;3;1;0;0.00;0.50;0.50;0.00;0.00;0.00;-0.00;-0.01;-1.45;-2.24;-90.00;-0.00;0.50;0.005;4.67;5.71;-1000.00;-1000.00
15522.915;1774;-1.49;-2.29;-88.10;-1.45;-2.50;-90.00;0.00;0.50;551;4;1;0;0.00;0.49;0.50;0.00;0.00;0.00;-0.00;-0.01;-1.45;-2.28;-90.00;-0.00;0.50;0.005;4.67;5.71;-1000.00;-1000.00
15523.015;1784;-1.49;-2.34;-88.16;-1.45;-2.50;-90.00;0.00;0.50;551;4;1;0;0.00;0.49;0.49;0.00;0.00;-0.00;0.00;-0.00;-1.45;-2.33;-90.00;-0.00;0.50;0.001;4.67;5.71;-1000.00;-1000.00
15523.115;1793;-1.49;-2.38;-88.17;-1.45;-2.50;-90.00;0.00;0.50;551;4;1;0;-0.00;0.49;0.50;0.00;0.00;0.00;-0.00;-0.00;-1.45;-2.38;-90.00;-0.00;0.50;0.001;4.67;5.71;-1000.00;-1000.00
15523.215;1803;-1.48;-2.43;-88.19;-1.45;-2.50;-90.00;0.00;0.50;551;4;1;0;-0.01;0.49;0.50;0.00;0.00;-0.00;0.00;-0.01;-1.45;-2.43;-90.00;0.00;0.50;0.001;4.67;5.71;-1000.00;-1000.00
15523.365;1822;-1.48;-2.53;-88.29;-1.45;-2.75;-90.00;0.00;-0.50;547;0;1;2;-0.01;0.49;0.50;-0.00;0.00;-0.00;0.00;-0.01;-1.45;-2.50;-90.00;0.00;0.50;0.051;4.67;5.71;-1000.00;-1000.00
15523.535;1834;-1.48;-2.58;-87.88;-1.45;-2.45;-90.00;-0.00;0.37;548;0;1;7;0.16;0.45;0.46;-0.00;0.00;0.03;-0.01;0.22;-1.45;-2.54;-90.00;0.00;-0.50;0.025;4.67;5.71;-1000.00;-1000.00
15523.565;1839;-1.48;-2.61;-87.22;-1.40;-2.83;-65.10;0.79;0.50;548;1;1;7;0.32;0.44;0.45;-0.01;0.00;0.00;-0.00;0.24;-1.45;-2.58;-87.68;0.29;0.42;0.027;4.67;5.71;-1000.00;-1000.00
15523.635;1849;-1.48;-2.65;-85.17;-1.40;-2.83;-65.10;0.79;0.50;548;1;1;7;0.44;0.44;0.44;-0.00;-0.01;-0.00;-0.01;0.45;-1.45;-2.63;-85.54;0.38;0.43;0.020;4.67;5.71;-1000.00;-1000.00
15523.725;1858;-1.47;-2.69;-82.04;-1.40;-2.83;-65.10;0.79;0.50;548;1;1;7;0.53;0.44;0.43;-0.03;-0.01;0.00;0.00;0.60;-1.44;-2.67;-82.52;0.48;0.45;0.016;4.67;5.71;-1000.00;-1000.00
15523.845;1869;-1.47;-2.74;-77.75;-1.40;-2.83;-65.10;0.79;0.50;548;1;1;7;0.55;0.44;0.41;-0.00;-0.09;0.12;-0.47;0.85;-1.44;-2.71;-79.95;0.54;0.46;0.026;4.67;5.71;-1000.00;-1000.00
15523.935;1877;-1.46;-2.77;-74.47;-1.04;-3.07;-3.77;0.79;0.50;548;2;1;7;0.61;0.43;0.43;-0.01;-0.01;-0.01;-0.04;0.65;-1.43;-2.74;-76.90;0.60;0.47;0.022;4.67;5.71;-1000.00;-1000.00
15524.025;1886;-1.45;-2.81;-71.76;-1.04;-3.07;-3.77;0.79;0.50;548;2;1;7;0.76;0.44;0.46;-0.01;-0.00;0.10;0.14;0.42;-1.41;-2.80;-69.20;0.73;0.49;0.011;4.67;5.71;-1000.00;-1000.00
15524.125;1896;-1.44;-2.85;-66.93;-1.04;-3.07;-3.77;0.79;0.50;548;2;1;7;0.79;0.45;0.42;-0.08;-0.01;-0.00;-0.02;1.13;-1.39;-2.84;-64.48;0.79;0.50;0.011;4.67;5.71;-1000.00;-1000.00
15524.225;1907;-1.42;-2.90;-60.61;-1.04;-3.07;-3.77;0.79;0.50;548;2;1;7;0.79;0.46;0.51;-0.05;-0.01;0.05;0.07;0.90;-1.38;-2.87;-59.52;0.79;0.50;0.009;4.67;5.71;-1000.00;-1000.00
15524.335;1915;-1.40;-2.94;-55.92;-1.04;-3.07;-3.77;0.79;0.50;548;2;1;7;0.79;0.47;0.51;-0.10;-0.01;-0.03;-0.06;1.15;-1.36;-2.90;-54.57;0.79;0.50;0.021;4.67;5.71;-1000.00;-1000.00
15524.425;1924;-1.38;-2.99;-50.16;-1.04;-3.07;-3.77;0.79;0.50;548;2;1;7;0.79;0.48;0.52;-0.14;-0.01;-0.02;-0.10;1.30;-1.32;-2.94;-47.13;0.79;0.50;0.009;4.67;5.71;-1000.00;-1000.00
15524.525;1935;-1.35;-3.04;-42.55;-1.04;-3.07;-3.77;0.79;0.50;548;2;1;7;0.79;0.48;0.55;-0.18;-0.01;0.03;0.11;1.23;-1.30;-2.97;-42.18;0.79;0.50;0.009;4.67;5.71;-1000.00;-1000.00
15524.625;1948;-1.31;-3.10;-31.91;-1.04;-3.07;-3.77;0.79;0.50;548;2;1;7;0.68;0.48;0.54;-0.22;-0.01;0.02;0.04;1.46;-1.27;-2.99;-37.22;0.79;0.50;0.017;4.67;5.71;-1000.00;-1000.00
15524.735;1957;-1.28;-3.14;-24.76;-1.04;-3.07;-3.77;0.79;0.50;548;2;1;7;0.68;0.48;0.50;-0.20;-0.01;0.06;-0.07;1.32;-1.22;-3.02;-29.79;0.79;0.50;0.019;4.67;5.71;-1000.00;-1000.00
15524.825;1968;-1.23;-3.18;-17.11;-1.04;-3.07;-3.77;0.79;0.50;548;2;1;7;0.68;0.48;0.54;-0.20;-0.09;-0.34;-0.17;1.42;-1.17;-3.04;-22.36;0.79;0.50;0.014;4.67;5.71;-1000.00;-1000.00
15524.935;1976;-1.20;-3.20;-11.07;-1.04;-3.07;-3.77;0.79;0.50;548;2;1;7;0.66;0.48;0.50;-0.14;-0.01;0.02;-0.07;1.30;-1.14;-3.06;-17.40;0.79;0.50;0.019;4.67;5.71;-1000.00;-1000.00
15525.035;1987;-1.15;-3.22;-2.73;-1.04;-3.07;-3.77;0.79;0.50;548;2;1;7;0.58;0.47;0.49;-0.07;-0.02;-0.08;0.04;1.31;-1.11;-3.07;-12.44;0.79;0.50;0.021;4.67;5.71;-1000.00;-1000.00
15525.125;1996;-1.10;-3.22;3.25;-0.66;-2.89;54.20;0.73;0.50;548;3;1;7;0.56;0.46;0.47;-0.08;-0.01;-0.07;0.08;1.06;-1.07;-3.07;-7.49;0.79;0.50;0.009;4.67;5.71;-1000.00;-1000.00
15525.215;2006;-1.06;-3.22;8.56;-0.66;-2.89;54.20;0.73;0.50;548;3;1;7;0.12;0.45;0.45;-0.03;-0.01;0.11;-0.12;0.89;-1.05;-3.07;-5.01;0.79;0.50;0.005;4.67;5.71;-1000.00;-1000.00
15525.325;2017;-1.01;-3.21;9.88;-0.66;-2.89;54.20;0.73;0.50;548;3;1;7;0.32;0.45;0.46;0.02;-0.01;-0.15;0.16;-0.26;-1.02;-3.08;-0.07;0.78;0.50;0.006;4.67;5.71;-1000.00;-1000.00
15525.425;2025;-0.97;-3.21;10.14;-0.66;-2.89;54.20;0.73;0.50;548;3;1;7;0.52;0.46;0.43;-0.04;-0.01;0.06;-0.05;0.36;-0.98;-3.07;4.83;0.78;0.50;0.005;4.67;5.71;-1000.00;-1000.00
15525.525;2034;-0.93;-3.20;12.11;-0.66;-2.89;54.20;0.73;0.50;548;3;1;7;0.65;0.47;0.46;-0.02;-0.01;-0.07;0.07;0.57;-0.94;-3.07;9.69;0.77;0.50;0.008;4.67;5.71;-1000.00;-1000.00
15525.635;2048;-0.87;-3.19;18.66;-0.66;-2.89;54.20;0.73;0.50;548;3;1;7;0.63;0.46;0.49;-0.02;-0.01;-0.15;0.10;0.79;-0.93;-3.07;12.10;0.77;0.50;0.016;4.67;5.71;-1000.00;-1000.00
15525.725;2058;-0.82;-3.18;23.18;-0.66;-2.89;54.20;0.73;0.50;548;3;1;7;0.68;0.46;0.47;-0.08;-0.01;0.19;-0.12;0.86;-0.89;-3.06;16.88;0.77;0.50;0.009;4.67;5.71;-1000.00;-1000.00
15525.815;2067;-0.78;-3.16;27.88;-0.66;-2.89;54.20;0.73;0.50;548;3;1;7;0.70;0.46;0.51;-0.08;-0.03;0.11;-0.16;1.15;-0.86;-3.04;21.63;0.76;0.50;0.007;4.67;5.71;-1000.00;-1000.00
15525.925;2076;-0.74;-3.14;32.81;-0.66;-2.89;54.20;0.73;0.50;548;3;1;7;0.75;0.46;0.50;-0.07;-0.01;-0.02;0.01;0.75;-0.81;-3.02;28.66;0.75;0.50;0.005;4.67;5.71;-1000.00;-1000.00
15526.015;2086;-0.69;-3.12;38.05;-0.66;-2.89;54.20;0.73;0.50;548;3;1;7;0.77;0.46;0.51;-0.10;-0.01;0.07;-0.02;1.01;-0.78;-3.00;33.30;0.75;0.50;0.004;4.67;5.71;-1000.00;-1000.00
15526.125;2095;-0.65;-3.10;43.41;-0.66;-2.89;54.20;0.73;0.50;548;3;1;7;0.77;0.46;0.50;-0.16;-0.01;0.07;0.02;1.27;-0.75;-2.98;37.90;0.75;0.50;0.009;4.67;5.71;-1000.00;-1000.00
15526.225;2105;-0.60;-3.07;50.11;-0.66;-2.89;54.20;0.73;0.50;548;3;1;7;0.74;0.45;0.51;-0.16;-0.01;-0.09;0.02;1.16;-0.72;-2.96;42.45;0.74;0.50;0.009;4.67;5.71;-1000.00;-1000.00
15526.315;2113;-0.57;-3.05;55.97;-0.66;-2.89;54.20;0.73;0.50;548;3;1;7;0.70;0.44;0.48;-0.14;-0.01;0.13;-0.00;1.20;-0.69;-2.93;46.96;0.74;0.50;0.008;4.67;5.71;-1000.00;-1000.00
15526.425;2128;-0.52;-2.99;65.44;-0.66;-2.89;54.20;0.73;0.50;548;3;1;7;0.57;0.42;0.49;-0.08;0.00;-0.05;-0.11;1.06;-0.67;-2.90;51.43;0.73;0.50;0.015;4.67;5.71;-1000.00;-1000.00
15526.525;2138;-0.50;-2.95;70.07;-0.66;-2.89;54.20;0.73;0.50;548;3;1;7;0.56;0.40;0.44;-0.04;-0.01;0.01;-0.01;0.59;-0.65;-2.88;55.84;0.72;0.50;0.013;4.67;5.71;-1000.00;-1000.00
15526.625;2147;-0.48;-2.92;73.04;-0.66;-2.89;54.20;0.73;0.50;548;3;1;7;0.56;0.39;0.41;-0.01;-0.01;-0.10;-0.03;0.49;-0.63;-2.85;60.01;0.68;0.50;0.005;4.67;5.71;-1000.00;-1000.00
15526.715;2157;-0.47;-2.88;76.42;-0.66;-2.89;54.20;0.73;0.50;548;3;1;7;0.54;0.37;0.38;-0.01;-0.01;0.11;0.05;0.53;-0.61;-2.81;63.90;0.65;0.50;0.009;4.67;5.71;-1000.00;-1000.00
15526.825;2166;-0.46;-2.85;78.47;-0.66;-2.89;54.20;0.73;0.50;548;3;1;7;0.52;0.36;0.37;0.01;-0.01;-0.14;-0.05;0.32;-0.60;-2.80;65.74;0.63;0.50;0.005;4.67;5.71;-1000.00;-1000.00
15526.915;2177;-0.45;-2.81;81.25;-0.66;-2.89;54.20;0.73;0.50;548;3;1;7;0.50;0.34;0.35;-0.04;-0.01;0.14;0.08;0.43;-0.59;-2.76;69.23;0.59;0.50;0.004;4.67;5.71;-1000.00;-1000.00
15527.015;2185;-0.45;-2.78;82.92;-0.66;-2.89;54.20;0.73;0.50;548;3;1;7;0.51;0.33;0.35;-0.01;-0.01;-0.25;-0.14;0.30;-0.58;-2.73;72.46;0.56;0.50;0.005;4.67;5.71;-1000.00;-1000.00
15527.125;2196;-0.44;-2.75;85.74;-0.66;-2.89;54.20;0.73;0.50;548;3;1;7;0.45;0.32;0.33;-0.00;-0.01;-0.03;-0.02;0.37;-0.57;-2.71;73.98;0.54;0.50;0.006;4.67;5.71;-1000.00;-1000.00
15527.215;2204;-0.44;-2.72;87.31;-0.66;-2.89;54.20;0.73;0.50;548;3;1;7;0.42;0.31;0.30;0.01;-0.09;0.01;0.46;0.44;-0.57;-2.70;75.44;0.52;0.50;0.006;4.67;5.71;-1000.00;-1000.00
15527.315;2215;-0.44;-2.69;88.98;-0.66;-2.89;54.20;0.73;0.50;548;3;1;7;0.41;0.30;0.31;0.00;-0.01;-0.14;-0.10;0.18;-0.56;-2.66;78.18;0.49;0.50;0.006;4.67;5.71;-1000.00;-1000.00
15527.455;2228;-0.44;-2.65;90.75;-0.55;-2.45;90.00;-0.00;0.50;97;0;1;0;0.40;0.29;0.29;-0.03;-0.01;0.07;0.04;0.31;-0.56;-2.64;79.47;0.47;0.50;0.033;4.67;5.71;-1000.00;-1000.00
15527.545;2238;-0.43;-2.62;91.69;-0.55;-2.45;90.00;-0.00;0.50;97;0;1;0;0.20;0.31;0.28;-0.00;-0.01;-0.07;-0.05;0.09;-0.55;-2.45;90.00;-0.00;0.50;0.025;4.67;5.71;-1000.00;-1000.00
15527.635;2247;-0.43;-2.59;92.07;-0.55;-2.45;90.00;-0.00;0.50;97;0;1;0;0.18;0.34;0.31;-0.03;-0.01;0.02;0.02;-0.07;-0.55;-2.45;90.00;-0.00;0.50;0.023;4.67;5.71;-1000.00;-1000.00
15527.735;2257;-0.43;-2.56;91.66;-0.55;-2.45;90.00;-0.00;0.50;97;0;1;0;0.21;0.36;0.34;-0.00;-0.01;-0.13;-0.10;-0.06;-0.55;-2.45;90.00;-0.00;0.50;0.024;4.67;5.71;-1000.00;-1000.00
15527.835;2266;-0.43;-2.53;91.81;-0.55;-2.45;90.00;-0.00;0.50;97;0;1;0;0.20;0.38;0.35;-0.00;-0.01;-0.01;-0.01;0.01;-0.55;-2.45;90.00;-0.00;0.50;0.019;4.67;5.71;-1000.00;-1000.00
15527.935;2276;-0.43;-2.49;92.03;-0.55;-2.45;90.00;-0.00;0.50;97;0;1;0;0.18;0.39;0.35;-0.01;-0.01;0.03;0.03;0.07;-0.55;-2.45;90.00;-0.00;0.50;0.019;4.67;5.71;-1000.00;-1000.00
15528.035;2287;-0.43;-2.45;92.18;-0.55;-2.45;90.00;-0.00;0.50;97;0;1;0;0.17;0.39;0.37;-0.01;-0.01;0.04;0.03;0.07;-0.55;-2.45;90.00;-0.00;0.50;0.020;4.67;5.71;-1000.00;-1000.00
15528.155;2299;-0.44;-2.41;92.21;-0.55;-2.45;90.00;-0.00;0.50;97;0;1;0;0.17;0.40;0.38;-0.00;-0.01;0.04;0.03;0.06;-0.55;-2.43;90.00;-0.00;0.50;0.039;4.67;5.71;-1000.00;-1000.00
15528.255;2310;-0.44;-2.36;92.36;-0.55;-2.45;90.00;-0.00;0.50;97;0;1;0;0.16;0.40;0.38;-0.01;-0.01;0.01;0.02;0.04;-0.55;-2.39;90.00;-0.00;0.50;0.037;4.67;5.71;-1000.00;-1000.00
15528.345;2318;-0.44;-2.33;92.38;-0.55;-2.45;90.00;-0.00;0.50;97;0;1;0;0.16;0.40;0.38;-0.00;-0.01;0.01;0.02;0.02;-0.55;-2.35;90.00;-0.00;0.50;0.027;4.67;5.71;-1000.00;-1000.00
15528.455;2329;-0.44;-2.29;92.40;-0.55;-2.21;90.00;-0.00;0.50;97;1;1;0;0.15;0.40;0.38;-0.00;-0.01;0.01;0.02;0.02;-0.55;-2.32;90.00;-0.00;0.50;0.040;4.67;5.71;-1000.00;-1000.00
15528.535;2337;-0.44;-2.26;92.42;-0.55;-2.21;90.00;-0.00;0.50;97;1;1;0;0.15;0.40;0.39;-0.00;-0.01;0.01;0.02;0.02;-0.55;-2.28;90.00;-0.00;0.50;0.019;4.67;5.71;-1000.00;-1000.00
15528.655;2348;-0.44;-2.22;92.43;-0.55;-2.21;90.00;-0.00;0.50;97;1;1;0;0.15;0.41;0.39;-0.00;-0.01;0.01;0.02;0.02;-0.55;-2.22;90.00;-0.00;0.50;0.035;4.67;5.71;-1000.00;-1000.00
15528.745;2357;-0.44;-2.18;92.44;-0.55;-2.21;90.00;-0.00;0.50;97;1;1;0;0.14;0.41;0.39;-0.00;-0.01;0.01;0.02;0.02;-0.55;-2.20;90.00;-0.00;0.50;0.033;4.67;5.71;-1000.00;-1000.00
15528.835;2368;-0.44;-2.14;92.46;-0.55;-2.21;90.00;-0.00;0.50;97;1;1;0;0.14;0.42;0.40;-0.00;-0.01;0.01;0.02;0.02;-0.55;-2.14;90.00;-0.00;0.50;0.028;4.67;5.71;-1000.00;-1000.00
15528.935;2377;-0.44;-2.10;92.46;-0.55;-1.97;90.00;-0.00;0.50;97;2;1;0;0.14;0.42;0.40;-0.00;-0.01;0.01;0.02;0.02;-0.55;-2.10;90.00;-0.00;0.50;0.017;4.67;5.71;-1000.00;-1000.00
15529.025;2387;-0.45;-2.06;92.48;-0.55;-1.97;90.00;-0.00;0.50;97;2;1;0;0.13;0.42;0.40;-0.00;-0.01;0.02;0.02;0.02;-0.55;-2.07;90.00;-0.00;0.50;0.009;4.67;5.71;-1000.00;-1000.00
15529.135;2396;-0.45;-2.03;92.49;-0.55;-1.97;90.00;-0.00;0.50;97;2;1;0;0.13;0.43;0.41;-0.00;-0.01;0.01;0.02;0.03;-0.55;-2.03;90.00;-0.00;0.50;0.019;4.67;5.71;-1000.00;-1000.00
15529.225;2405;-0.45;-1.99;92.50;-0.55;-1.97;90.00;-0.00;0.50;97;2;1;0;0.12;0.43;0.41;-0.00;-0.01;0.01;0.02;0.02;-0.55;-1.99;90.00;-0.00;0.50;0.010;4.67;5.71;-1000.00;-1000.00
15529.325;2416;-0.45;-1.94;92.50;-0.55;-1.97;90.00;-0.00;0.50;97;2;1;0;0.12;0.43;0.41;-0.00;-0.01;0.01;0.02;0.00;-0.55;-1.95;90.00;-0.00;0.50;0.013;4.67;5.71;-1000.00;-1000.00
15529.435;2429;-0.45;-1.89;92.47;-0.55;-1.97;90.00;-0.00;0.50;97;2;1;0;0.12;0.44;0.42;-0.00;-0.01;0.02;0.02;0.01;-0.55;-1.91;90.00;-0.00;0.50;0.021;4.67;5.71;-1000.00;-1000.00
15529.525;2434;-0.45;-1.87;92.47;-0.55;-1.74;90.00;-0.00;0.50;97;3;1;0;0.12;0.44;0.42;-0.00;-0.01;0.02;0.02;0.01;-0.55;-1.87;90.00;-0.00;0.50;0.010;4.67;5.71;-1000.00;-1000.00
15529.625;2444;-0.45;-1.83;92.48;-0.55;-1.74;90.00;-0.00;0.50;97;3;1;0;0.11;0.44;0.42;-0.00;-0.01;0.02;0.02;0.01;-0.55;-1.82;90.00;-0.00;0.50;0.009;4.67;5.71;-1000.00;-1000.00
15529.725;2457;-0.46;-1.77;92.49;-0.55;-1.74;90.00;-0.00;0.50;97;3;1;0;0.11;0.44;0.43;-0.00;-0.01;0.02;0.02;0.01;-0.55;-1.78;90.00;-0.00;0.50;0.012;4.67;5.71;-1000.00;-1000.00
15529.825;2467;-0.46;-1.73;92.49;-0.55;-1.74;90.00;-0.00;0.50;97;3;1;0;0.10;0.45;0.43;-0.00;-0.01;0.02;0.02;0.00;-0.55;-1.73;90.00;-0.00;0.50;0.006;4.67;5.71;-1000.00;-1000.00
15529.915;2476;-0.46;-1.69;92.48;-0.55;-1.74;90.00;-0.00;0.50;97;3;1;0;0.10;0.45;0.43;-0.00;-0.01;0.02;0.02;0.00;-0.55;-1.69;90.00;-0.00;0.50;0.004;4.67;5.71;-1000.00;-1000.00
15530.015;2486;-0.46;-1.65;92.47;-0.55;-1.50;90.00;0.00;0.50;97;4;1;0;0.10;0.45;0.44;-0.00;-0.01;0.02;0.02;0.00;-0.55;-1.64;90.00;-0.00;0.50;0.004;4.67;5.71;-1000.00;-1000.00
15530.115;2497;-0.46;-1.60;92.47;-0.55;-1.50;90.00;0.00;0.50;97;4;1;0;0.09;0.45;0.44;-0.00;-0.01;0.02;0.02;0.00;-0.55;-1.60;90.00;-0.00;0.50;0.002;4.67;5.71;-1000.00;-1000.00
15530.215;2505;-0.46;-1.56;92.46;-0.55;-1.50;90.00;0.00;0.50;97;4;1;0;0.09;0.46;0.44;-0.00;-0.01;0.02;0.02;0.00;-0.55;-1.56;90.00;0.00;0.50;0.001;4.67;5.71;-1000.00;-1000.00
15530.315;2514;-0.46;-1.52;92.32;-0.55;-1.50;90.00;0.00;0.50;97;4;1;0;0.09;0.46;0.46;-0.01;-0.01;-0.10;-0.07;-0.07;-0.55;-1.52;90.00;0.00;0.50;0.002;4.67;5.71;-1000.00;-1000.00
15530.445;2528;-0.47;-1.46;92.35;-0.55;-1.14;84.96;-0.49;0.50;923;1;1;6;0.09;0.46;0.44;-0.00;-0.01;0.02;0.02;0.00;-0.55;-1.48;90.00;0.00;0.50;0.029;4.67;5.71;-1000.00;-1000.00
15530.555;2537;-0.47;-1.42;92.34;-0.55;-1.14;84.96;-0.49;0.50;923;1;1;6;0.28;0.47;0.45;-0.00;-0.01;0.02;0.02;0.00;-0.55;-1.25;90.00;-0.05;0.05;0.036;4.67;5.71;-1000.00;-1000.00
15530.635;2547;-0.47;-1.38;93.03;-0.55;-1.14;84.96;-0.49;0.50;923;1;1;6;0.17;0.47;0.45;-0.02;-0.01;0.02;0.03;0.36;-0.55;-1.25;90.00;-0.05;0.05;0.021;4.67;5.71;-1000.00;-1000.00
15530.735;2556;-0.47;-1.33;94.01;-0.49;-0.93;63.79;-0.75;0.50;923;2;1;6;0.06;0.46;0.47;0.00;-0.01;0.05;0.04;0.10;-0.55;-1.25;90.00;-0.05;0.05;0.016;4.67;5.71;-1000.00;-1000.00
15530.825;2566;-0.47;-1.29;93.86;-0.49;-0.93;63.79;-0.75;0.50;923;2;1;6;-0.03;0.45;0.45;0.00;-0.01;-0.02;-0.01;-0.18;-0.55;-1.25;90.00;-0.05;0.05;0.009;4.67;5.71;-1000.00;-1000.00
15530.925;2574;-0.48;-1.25;92.81;-0.49;-0.93;63.79;-0.75;0.50;923;2;1;6;-0.10;0.43;0.45;0.00;-0.01;-0.03;-0.03;-0.30;-0.55;-1.25;90.00;-0.05;0.05;0.014;4.67;5.71;-1000.00;-1000.00
15531.045;2590;-0.48;-1.18;90.51;-0.36;-0.77;37.77;-0.70;0.50;923;3;1;6;-0.39;0.42;0.43;0.00;-0.00;-0.01;-0.01;-0.19;-0.55;-1.21;88.95;-0.29;0.30;0.026;4.67;5.71;-1000.00;-1000.00
15531.115;2594;-0.48;-1.17;89.61;-0.36;-0.77;37.77;-0.70;0.50;923;3;1;6;-0.59;0.42;0.41;0.02;-0.00;-0.01;-0.00;-0.57;-0.55;-1.16;86.25;-0.44;0.45;0.004;4.67;5.71;-1000.00;-1000.00
15531.225;2607;-0.48;-1.11;84.10;-0.36;-0.77;37.77;-0.70;0.50;923;3;1;6;-0.58;0.42;0.42;0.04;-0.00;0.03;-0.00;-0.92;-0.54;-1.13;84.00;-0.50;0.50;0.010;4.67;5.71;-1000.00;-1000.00
15531.325;2617;-0.48;-1.07;78.99;-0.16;-0.67;16.78;-0.54;0.50;923;4;1;6;-0.60;0.42;0.42;0.01;-0.01;-0.10;0.10;-0.78;-0.54;-1.06;78.61;-0.58;0.50;0.011;4.67;5.71;-1000.00;-1000.00
15531.415;2626;-0.47;-1.03;75.04;-0.16;-0.67;16.78;-0.54;0.50;923;4;1;6;-0.68;0.42;0.42;0.08;-0.01;0.19;-0.23;-0.91;-0.52;-1.02;74.46;-0.64;0.50;0.001;4.67;5.71;-1000.00;-1000.00
15531.515;2636;-0.46;-0.99;70.28;-0.16;-0.67;16.78;-0.54;0.50;923;4;1;6;-0.76;0.42;0.45;0.04;-0.01;-0.08;0.15;-0.78;-0.51;-0.97;68.56;-0.70;0.50;0.001;4.67;5.71;-1000.00;-1000.00
15531.615;2644;-0.45;-0.96;65.88;-0.16;-0.67;16.78;-0.54;0.50;923;4;1;6;-0.79;0.42;0.41;0.13;-0.01;0.18;-0.32;-1.30;-0.49;-0.94;64.62;-0.74;0.50;0.002;4.67;5.71;-1000.00;-1000.00
15531.715;2655;-0.44;-0.91;59.49;-0.16;-0.67;16.78;-0.54;0.50;923;4;1;6;-0.79;0.43;0.48;0.07;-0.01;-0.04;0.07;-0.87;-0.47;-0.89;57.76;-0.74;0.50;0.001;4.67;5.71;-1000.00;-1000.00
15531.815;2663;-0.42;-0.87;55.10;-0.16;-0.67;16.78;-0.54;0.50;923;4;1;6;-0.79;0.43;0.47;0.15;-0.03;0.12;-0.12;-1.22;-0.44;-0.86;52.40;-0.73;0.50;0.002;4.67;5.71;-1000.00;-1000.00
15531.915;2674;-0.40;-0.82;48.62;-0.16;-0.67;16.78;-0.54;0.50;923;4;1;6;-0.79;0.44;0.51;0.11;-0.02;-0.07;0.11;-0.89;-0.41;-0.81;45.87;-0.71;0.50;0.002;4.67;5.71;-1000.00;-1000.00
15532.015;2686;-0.37;-0.77;40.40;0.05;-0.64;0.57;-0.47;0.50;923;5;1;6;-0.77;0.44;0.48;0.18;-0.00;-0.03;-0.03;-1.38;-0.37;-0.78;39.51;-0.70;0.50;0.003;4.67;5.71;-1000.00;-1000.00
15532.115;2697;-0.34;-0.72;32.60;0.05;-0.64;0.57;-0.47;0.50;923;5;1;6;-0.67;0.45;0.48;0.18;-0.01;-0.01;0.07;-1.21;-0.32;-0.75;33.42;-0.67;0.50;0.001;4.67;5.71;-1000.00;-1000.00
15532.215;2706;-0.31;-0.68;26.69;0.05;-0.64;0.57;-0.47;0.50;923;5;1;6;-0.60;0.45;0.46;0.17;-0.01;-0.03;-0.05;-1.14;-0.29;-0.72;28.87;-0.64;0.50;0.001;4.67;5.71;-1000.00;-1000.00
15532.325;2716;-0.27;-0.65;21.68;0.05;-0.64;0.57;-0.47;0.50;923;5;1;6;-0.56;0.46;0.52;0.12;-0.09;0.43;0.05;-0.87;-0.25;-0.70;24.62;-0.60;0.50;0.005;4.67;5.71;-1000.00;-1000.00
15532.435;2727;-0.23;-0.63;16.52;0.19;-0.64;8.62;0.63;0.50;647;1;1;3;-0.49;0.46;0.49;0.03;-0.01;0.04;0.12;-0.79;-0.21;-0.69;20.66;-0.57;0.50;0.027;4.67;5.71;-1000.00;-1000.00
15532.525;2735;-0.19;-0.62;13.12;0.19;-0.64;8.62;0.63;0.50;647;1;1;3;-0.79;0.44;0.45;0.04;-0.01;-0.07;-0.18;-0.75;0.05;-0.65;-0.00;0.08;0.06;0.016;4.67;5.71;-1000.00;-1000.00
15532.635;2746;-0.14;-0.61;6.86;0.19;-0.64;8.62;0.63;0.50;647;1;1;3;-0.72;0.43;0.44;0.05;-0.02;-0.07;-0.15;-1.52;0.05;-0.65;-0.00;0.08;0.06;0.016;4.67;5.71;-1000.00;-1000.00
15532.735;2758;-0.09;-0.60;-2.76;0.45;-0.55;25.88;0.22;0.50;647;2;1;3;-0.19;0.43;0.44;0.04;-0.02;-0.10;-0.14;-1.37;0.05;-0.65;-0.00;0.08;0.06;0.020;4.67;5.71;-1000.00;-1000.00
15532.825;2768;-0.04;-0.60;-6.87;0.45;-0.55;25.88;0.22;0.50;647;2;1;3;0.21;0.42;0.44;-0.01;-0.01;0.15;0.15;-0.06;0.05;-0.65;-0.00;0.08;0.06;0.012;4.67;5.71;-1000.00;-1000.00
15532.925;2778;-0.00;-0.61;-4.64;0.45;-0.55;25.88;0.22;0.50;647;2;1;3;0.16;0.41;0.42;-0.00;-0.01;-0.01;-0.02;0.60;0.05;-0.65;-0.00;0.08;0.06;0.015;4.67;5.71;-1000.00;-1000.00
15533.025;2787;0.04;-0.61;-2.69;0.45;-0.55;25.88;0.22;0.50;647;2;1;3;0.11;0.39;0.40;-0.00;0.00;-0.00;0.00;0.25;0.05;-0.65;-0.00;0.08;0.06;0.015;4.67;5.71;-1000.00;-1000.00
15533.135;2797;0.07;-0.61;-1.89;0.45;-0.55;25.88;0.22;0.50;647;2;1;3;0.29;0.38;0.38;-0.01;-0.00;0.00;-0.01;0.08;0.07;-0.65;0.43;0.25;0.20;0.011;4.67;5.71;-1000.00;-1000.00
15533.225;2808;0.12;-0.61;-0.47;0.45;-0.55;25.88;0.22;0.50;647;2;1;3;0.40;0.37;0.37;-0.01;-0.01;0.03;-0.05;0.34;0.09;-0.65;1.36;0.35;0.28;0.015;4.67;5.71;-1000.00;-1000.00
15533.325;2816;0.15;-0.61;1.21;0.45;-0.55;25.88;0.22;0.50;647;2;1;3;0.65;0.38;0.38;-0.00;-0.01;-0.08;0.09;0.37;0.15;-0.65;5.11;0.53;0.42;0.012;4.67;5.71;-1000.00;-1000.00
15533.415;2825;0.18;-0.61;4.19;0.45;-0.55;25.88;0.22;0.50;647;2;1;3;0.72;0.38;0.38;-0.01;-0.01;-0.02;0.03;0.75;0.18;-0.64;7.82;0.61;0.48;0.008;4.67;5.71;-1000.00;-1000.00
15533.545;2839;0.23;-0.61;11.97;0.45;-0.55;25.88;0.22;0.50;647;2;1;3;0.54;0.39;0.38;-0.05;-0.02;-0.17;0.17;1.08;0.22;-0.64;12.02;0.57;0.50;0.025;4.67;5.71;-1000.00;-1000.00
15533.635;2849;0.27;-0.61;16.61;0.69;-0.43;24.15;-0.31;0.50;647;3;1;3;0.42;0.39;0.39;-0.05;-0.01;0.07;-0.05;0.57;0.26;-0.63;14.82;0.52;0.50;0.018;4.66;5.71;-1000.00;-1000.00
15533.715;2854;0.29;-0.60;17.62;0.69;-0.43;24.15;-0.31;0.50;647;3;1;3;0.45;0.39;0.38;-0.01;-0.01;-0.01;0.02;0.23;0.30;-0.61;18.09;0.46;0.50;0.004;4.66;5.71;-1000.00;-1000.00
15533.835;2869;0.35;-0.58;19.85;0.69;-0.43;24.15;-0.31;0.50;647;3;1;3;0.38;0.39;0.38;-0.01;-0.01;0.05;-0.04;0.34;0.33;-0.60;20.20;0.41;0.50;0.015;4.66;5.71;-1000.00;-1000.00
15533.915;2873;0.36;-0.58;20.46;0.69;-0.43;24.15;-0.31;0.50;647;3;1;3;0.40;0.40;0.38;-0.00;-0.01;-0.03;0.02;0.22;0.36;-0.59;22.04;0.36;0.50;0.004;4.66;5.71;-1000.00;-1000.00
15534.015;2887;0.41;-0.56;21.98;0.69;-0.43;24.15;-0.31;0.50;647;3;1;3;0.36;0.40;0.39;-0.01;-0.00;-0.04;0.03;0.11;0.41;-0.57;24.54;0.28;0.50;0.005;4.66;5.71;-1000.00;-1000.00
15534.115;2896;0.44;-0.55;22.84;0.69;-0.43;24.15;-0.31;0.50;647;3;1;3;0.33;0.40;0.39;-0.01;-0.01;0.04;-0.03;0.19;0.44;-0.56;25.71;0.23;0.50;0.005;4.66;5.71;-1000.00;-1000.00
15534.235;2905;0.48;-0.53;23.54;0.69;-0.43;24.15;-0.31;0.50;647;3;1;3;0.28;0.41;0.41;-0.00;-0.01;-0.18;0.10;0.10;0.48;-0.54;26.87;0.14;0.50;0.015;4.66;5.71;-1000.00;-1000.00
15534.315;2916;0.52;-0.52;24.34;0.69;-0.43;24.15;-0.31;0.50;647;3;1;3;0.20;0.41;0.41;-0.02;-0.01;-0.05;0.03;-0.01;0.52;-0.52;27.50;0.06;0.50;0.005;4.66;5.71;-1000.00;-1000.00
15534.425;2924;0.55;-0.51;24.11;0.69;-0.43;24.15;-0.31;0.50;647;3;1;3;0.16;0.41;0.41;-0.01;-0.01;0.03;-0.02;-0.07;0.54;-0.50;27.62;0.02;0.50;0.009;4.66;5.71;-1000.00;-1000.00
15534.535;2939;0.61;-0.48;23.44;0.69;-0.43;24.15;-0.31;0.50;647;3;1;3;0.09;0.41;0.40;-0.01;-0.01;0.02;-0.01;-0.07;0.58;-0.48;27.47;-0.07;0.50;0.019;4.66;5.71;-1000.00;-1000.00
15534.625;2948;0.64;-0.47;22.71;0.69;-0.43;24.15;-0.31;0.50;647;3;1;3;0.04;0.42;0.41;-0.00;-0.01;0.02;-0.01;-0.16;0.61;-0.47;27.00;-0.13;0.50;0.009;4.66;5.71;-1000.00;-1000.00
15534.725;2958;0.68;-0.45;21.80;0.96;-0.36;0.57;-0.79;0.50;647;4;1;3;-0.05;0.42;0.40;-0.00;-0.01;0.04;-0.02;-0.15;0.65;-0.45;25.91;-0.22;0.50;0.011;4.66;5.71;-1000.00;-1000.00
15534.835;2967;0.71;-0.44;20.66;0.95;-0.35;0.00;0.00;-0.50;375;0;1;2;-0.16;0.41;0.41;0.01;-0.01;0.03;-0.01;-0.22;0.68;-0.43;24.73;-0.28;0.50;0.024;4.66;5.71;-1000.00;-1000.00
15534.955;2977;0.75;-0.43;18.86;0.65;-0.35;0.00;-0.00;0.50;196;0;1;0;-0.16;0.41;0.41;0.01;-0.00;-0.01;-0.01;-0.25;0.73;-0.35;-0.00;0.00;-0.50;0.025;4.66;5.71;-1000.00;-1000.00
15535.045;2986;0.77;-0.42;18.35;0.89;-0.35;-0.00;-0.00;0.50;196;1;1;0;-0.16;0.41;0.02;0.02;0.01;-0.04;0.04;0.01;0.77;-0.35;-0.00;-0.00;0.50;0.030;4.66;5.71;-1000.00;-1000.00
15535.135;2996;0.77;-0.42;18.44;0.89;-0.35;-0.00;-0.00;0.50;196;1;1;0;-0.16;0.41;-0.01;-0.01;0.00;-0.01;0.01;-0.00;0.77;-0.35;-0.00;-0.00;0.50;0.015;4.66;5.71;-1000.00;-1000.00
15535.255;3011;0.77;-0.42;18.46;0.89;-0.35;-0.00;-0.00;0.50;196;1;1;0;-0.16;0.41;-0.00;-0.00;0.00;-0.00;0.02;0.01;0.77;-0.35;-0.00;-0.00;0.50;0.036;4.66;5.71;-1000.00;-1000.00
15535.325;3015;0.77;-0.42;18.47;0.89;-0.35;-0.00;-0.00;0.50;196;1;1;0;-0.16;0.41;-0.01;-0.00;0.01;-0.01;0.04;0.01;0.77;-0.35;-0.00;-0.00;0.50;0.013;4.66;5.71;-1000.00;-1000.00
15535.435;3028;0.77;-0.42;18.49;0.89;-0.35;-0.00;-0.00;0.50;196;1;1;0;-0.16;0.41;0.00;0.00;-0.00;-0.01;-0.04;-0.01;0.77;-0.35;-0.00;-0.00;0.50;0.018;4.66;5.71;-1000.00;-1000.00
15535.535;3039;0.77;-0.42;18.51;0.89;-0.35;-0.00;-0.00;0.50;196;1;1;0;-0.16;0.41;-0.00;-0.00;0.00;0.00;0.02;0.01;0.77;-0.35;-0.00;-0.00;0.50;0.021;4.66;5.71;-1000.00;-1000.00
15535.635;3047;0.77;-0.42;18.52;0.89;-0.35;-0.00;-0.00;0.50;196;1;1;0;-0.16;0.41;-0.00;-0.00;0.00;0.02;0.01;0.01;0.77;-0.35;-0.00;-0.00;0.50;0.018;4.66;5.71;-1000.00;-1000.00
15535.725;3056;0.77;-0.42;18.53;0.89;-0.35;-0.00;-0.00;0.50;196;1;1;0;-0.16;0.41;-0.00;0.00;-0.00;-0.01;-0.03;0.00;0.77;-0.35;-0.00;-0.00;0.50;0.013;4.66;5.71;-1000.00;-1000.00
15535.835;3067;0.77;-0.42;18.56;0.89;-0.35;-0.00;-0.00;0.50;196;1;1;0;-0.16;0.41;-0.00;-0.00;0.00;0.02;0.01;0.01;0.77;-0.35;-0.00;-0.00;0.50;0.018;4.66;5.71;-1000.00;-1000.00
15535.935;3075;0.77;-0.42;18.57;0.89;-0.35;-0.00;-0.00;0.50;196;1;1;0;-0.16;0.41;-0.00;-0.00;0.00;0.02;0.01;0.01;0.77;-0.35;-0.00;-0.00;0.50;0.020;4.66;5.71;-1000.00;-1000.00
15536.035;3089;0.77;-0.42;18.58;0.89;-0.35;-0.00;-0.00;0.50;196;1;1;0;-0.16;0.41;-0.00;-0.00;0.00;0.02;0.01;0.01;0.77;-0.35;-0.00;-0.00;0.50;0.019;4.66;5.71;-1000.00;-1000.00
15536.135;3098;0.77;-0.42;18.62;0.89;-0.35;-0.00;-0.00;0.50;196;1;1;0;-0.16;0.41;-0.00;-0.00;-0.00;-0.01;-0.01;0.01;0.77;-0.35;-0.00;-0.00;0.50;0.021;4.66;5.71;-1000.00;-1000.00
15536.245;3109;0.77;-0.42;18.63;0.89;-0.35;-0.00;-0.00;0.50;196;1;1;0;-0.16;0.41;-0.00;0.00;0.00;0.02;0.01;0.01;0.77;-0.35;-0.00;-0.00;0.50;0.028;4.66;5.71;-1000.00;-1000.00
15536.345;3117;0.77;-0.42;18.64;0.89;-0.35;-0.00;-0.00;0.50;196;1;1;0;-0.16;0.41;-0.00;-0.00;0.00;0.02;0.01;0.01;0.77;-0.35;-0.00;-0.00;0.50;0.029;4.66;5.71;-1000.00;-1000.00
15536.445;3128;0.77;-0.42;18.68;0.89;-0.35;-0.00;-0.00;0.50;196;1;1;0;-0.16;0.41;0.00;0.00;-0.00;-0.01;-0.03;-0.00;0.77;-0.35;-0.00;-0.00;0.50;0.033;4.66;5.71;-1000.00;-1000.00
15536.535;3137;0.77;-0.42;18.71;0.89;-0.35;-0.00;-0.00;0.50;196;1;1;0;-0.16;0.41;-0.00;-0.00;0.00;-0.00;0.02;0.00;0.77;-0.35;-0.00;-0.00;0.50;0.016;4.66;5.71;-1000.00;-1000.00
15536.635;3147;0.77;-0.42;18.73;0.89;-0.35;-0.00;-0.00;0.50;196;1;1;0;-0.16;0.41;-0.00;-0.00;0.00;0.02;0.01;0.01;0.77;-0.35;-0.00;-0.00;0.50;0.019;4.66;5.71;-1000.00;-1000.00
15536.745;3155;0.77;-0.42;18.75;0.89;-0.35;-0.00;-0.00;0.50;196;1;1;0;-0.16;0.41;-0.00;-0.00;0.00;0.02;0.01;0.01;0.77;-0.35;-0.00;-0.00;0.50;0.029;4.66;5.71;-1000.00;-1000.00
15536.845;3166;0.77;-0.42;18.78;0.89;-0.35;-0.00;-0.00;0.50;196;1;1;0;-0.16;0.41;0.00;0.00;-0.00;-0.01;-0.03;-0.00;0.77;-0.35;-0.00;-0.00;0.50;0.027;4.66;5.71;-1000.00;-1000.00
15536.945;3179;0.76;-0.42;18.82;0.89;-0.35;-0.00;-0.00;0.50;196;1;1;0;-0.75;0.42;-0.00;-0.00;0.00;0.02;0.01;0.01;0.77;-0.35;-0.00;-0.00;0.50;0.030;4.66;5.71;-1000.00;-1000.00
15537.035;3189;0.78;-0.42;15.41;0.89;-0.35;-0.00;-0.00;0.50;196;1;1;0;-0.60;0.42;0.35;-0.02;-0.00;-0.03;0.05;-1.36;0.77;-0.35;-0.00;-0.00;0.50;0.024;4.66;5.71;-1000.00;-1000.00
15537.135;3197;0.81;-0.41;10.64;0.89;-0.35;-0.00;-0.00;0.50;196;1;1;0;-0.38;0.42;0.42;0.01;-0.01;-0.09;0.10;-0.82;0.79;-0.35;-0.00;-0.00;0.50;0.020;4.66;5.71;-1000.00;-1000.00
15537.225;3208;0.86;-0.39;6.94;0.89;-0.35;-0.00;-0.00;0.50;196;1;1;0;-0.23;0.43;0.44;0.09;-0.04;0.07;-0.26;-0.51;0.85;-0.35;-0.00;-0.00;0.50;0.016;4.66;5.71;-1000.00;-1000.00
15537.335;3217;0.90;-0.39;5.96;1.13;-0.35;-0.00;-0.00;0.50;196;2;1;0;-0.21;0.43;0.42;0.05;-0.01;0.09;-0.10;-0.18;0.90;-0.35;-0.00;-0.00;0.50;0.017;4.66;5.71;-1000.00;-1000.00
15537.425;3227;0.94;-0.38;5.25;1.13;-0.35;-0.00;-0.00;0.50;196;2;1;0;-0.19;0.43;0.42;0.03;-0.01;0.05;-0.06;-0.15;0.94;-0.35;-0.00;-0.00;0.50;0.013;4.66;5.71;-1000.00;-1000.00
15537.525;3235;0.97;-0.37;4.78;1.13;-0.35;-0.00;-0.00;0.50;196;2;1;0;-0.17;0.44;0.44;0.00;-0.01;-0.00;0.01;-0.10;0.97;-0.35;-0.00;-0.00;0.50;0.017;4.66;5.71;-1000.00;-1000.00
