t;frame;x;y;z;x_ref;y_ref;z_ref;delta_ref;u_ref;state;ellipse;control;action;delta;u;vx;vy;vz;wx;wy;wz;xr;yr;zr;delr;ur;obs1x;obs1y;obs2x;obs2y
607.075;16;1.10;-0.30;-0.13;0.85;-0.35;-0.00;0.00;-0.50;389;1;1;2;-0.13;-0.04;0.01;0.00;-0.03;-0.00;-0.24;-0.00;0.95;-0.35;0.00;0.00;-0.50;0.101;1.32;2.24;-1000.00;-1000.00
607.105;19;1.10;-0.30;-0.13;0.85;-0.35;-0.00;0.00;-0.50;389;1;1;2;-0.13;-0.08;0.00;0.00;0.00;-0.00;0.01;-0.01;0.95;-0.35;0.00;0.00;-0.50;0.022;1.32;2.24;-1000.00;-1000.00
607.205;30;1.10;-0.30;0.00;0.85;-0.35;-0.00;0.00;-0.50;389;1;1;2;-0.12;-0.12;-0.08;0.00;0.00;0.00;0.00;0.03;0.95;-0.35;0.00;0.00;-0.50;0.021;1.32;2.24;-1000.00;-1000.00
607.295;39;1.09;-0.30;0.19;0.85;-0.35;-0.00;0.00;-0.50;389;1;1;2;-0.11;-0.15;-0.12;-0.02;-0.05;-0.28;0.00;0.04;0.95;-0.35;0.00;0.00;-0.50;0.015;1.32;2.24;-1000.00;-1000.00
607.405;49;1.07;-0.30;0.40;0.85;-0.35;-0.00;0.00;-0.50;389;1;1;2;-0.10;-0.18;-0.15;-0.00;-0.00;0.02;0.04;0.03;0.95;-0.35;0.00;0.00;-0.50;0.026;1.32;2.24;-1000.00;-1000.00
607.495;58;1.06;-0.30;0.56;0.85;-0.35;-0.00;0.00;-0.50;389;1;1;2;-0.09;-0.21;-0.18;0.00;-0.00;0.02;0.04;0.03;0.95;-0.35;0.00;0.00;-0.50;0.020;1.32;2.24;-1000.00;-1000.00
607.595;68;1.04;-0.30;0.80;0.85;-0.35;-0.00;0.00;-0.50;389;1;1;2;-0.08;-0.23;-0.21;0.00;0.00;-0.00;-0.00;0.04;0.95;-0.35;0.00;0.00;-0.50;0.023;1.32;2.24;-1000.00;-1000.00
607.705;82;1.01;-0.30;1.05;0.76;-0.35;-0.00;0.00;-0.50;389;2;1;2;-0.07;-0.25;-0.23;0.00;0.00;0.00;-0.00;0.03;0.95;-0.35;0.00;0.00;-0.50;0.038;1.32;2.24;-1000.00;-1000.00
607.785;87;1.00;-0.30;1.10;0.76;-0.35;-0.00;0.00;-0.50;389;2;1;2;-0.06;-0.27;-0.25;-0.00;0.00;0.00;-0.00;0.01;0.95;-0.35;0.00;0.00;-0.50;0.010;1.32;2.24;-1000.00;-1000.00
607.895;101;0.96;-0.30;1.21;0.76;-0.35;-0.00;0.00;-0.50;389;2;1;2;-0.06;-0.28;-0.27;0.00;0.00;0.00;-0.00;0.01;0.95;-0.35;0.00;0.00;-0.50;0.022;1.32;2.24;-1000.00;-1000.00
607.985;106;0.94;-0.30;1.23;0.76;-0.35;-0.00;0.00;-0.50;389;2;1;2;-0.06;-0.29;-0.28;-0.00;-0.00;0.00;-0.00;0.01;0.94;-0.35;-0.00;0.00;-0.50;0.009;1.32;2.24;-1000.00;-1000.00
608.125;121;0.90;-0.30;1.28;0.65;-0.35;0.00;0.00;-0.50;206;0;1;2;-0.05;-0.30;-0.29;0.00;-0.00;0.00;-0.00;0.01;0.91;-0.35;-0.00;0.00;-0.50;0.028;1.32;2.24;-1000.00;-1000.00
608.235;134;0.86;-0.30;1.30;0.65;-0.35;0.00;0.00;-0.50;206;0;1;2;-0.05;-0.30;-0.30;0.00;-0.00;0.00;-0.00;0.00;0.65;-0.35;0.00;0.00;-0.50;0.054;1.32;2.24;-1000.00;-1000.00
608.305;140;0.85;-0.30;1.06;0.65;-0.35;0.00;0.00;-0.50;206;0;1;2;-0.05;-0.30;-0.06;0.00;-0.00;-0.00;-0.03;-0.09;0.65;-0.35;0.00;0.00;-0.50;0.031;1.32;2.24;-1000.00;-1000.00
608.405;148;0.85;-0.30;0.85;0.65;-0.35;0.00;0.00;-0.50;206;0;1;2;-0.05;-0.30;0.01;-0.01;0.00;-0.01;-0.01;-0.04;0.65;-0.35;0.00;0.00;-0.50;0.024;1.32;2.24;-1000.00;-1000.00
608.525;163;0.85;-0.30;0.66;0.65;-0.35;0.00;0.00;-0.50;206;0;1;2;-0.05;-0.30;0.00;0.00;-0.00;-0.00;-0.00;-0.02;0.65;-0.35;0.00;0.00;-0.50;0.042;1.32;2.24;-1000.00;-1000.00
608.635;173;0.85;-0.30;0.57;0.65;-0.35;0.00;0.00;-0.50;206;0;1;2;-0.05;-0.30;0.00;0.00;-0.00;-0.00;-0.00;-0.01;0.65;-0.35;0.00;0.00;-0.50;0.057;1.32;2.24;-1000.00;-1000.00
608.695;178;0.85;-0.30;0.53;0.65;-0.35;0.00;0.00;-0.50;206;0;1;2;-0.05;-0.30;0.00;-0.00;-0.00;-0.01;-0.03;-0.02;0.65;-0.35;0.00;0.00;-0.50;0.025;1.32;2.24;-1000.00;-1000.00
608.805;189;0.85;-0.30;0.50;0.65;-0.35;0.00;0.00;-0.50;206;0;1;2;-0.05;-0.30;-0.00;-0.00;-0.00;-0.01;-0.01;-0.01;0.65;-0.35;0.00;0.00;-0.50;0.029;1.32;2.24;-1000.00;-1000.00
608.905;197;0.85;-0.30;0.49;0.65;-0.35;0.00;0.00;-0.50;206;0;1;2;-0.05;-0.30;-0.00;-0.00;-0.00;-0.01;-0.01;-0.01;0.65;-0.35;0.00;0.00;-0.50;0.024;1.32;2.24;-1000.00;-1000.00
608.995;207;0.85;-0.30;0.49;0.65;-0.35;0.00;0.00;-0.50;206;0;1;2;-0.05;-0.30;-0.00;-0.00;-0.00;-0.01;-0.00;0.01;0.65;-0.35;0.00;0.00;-0.50;0.019;1.32;2.24;-1000.00;-1000.00
609.105;217;0.85;-0.30;0.49;0.65;-0.35;0.00;0.00;-0.50;206;0;1;2;-0.05;-0.30;-0.00;-0.00;0.00;0.01;-0.00;0.01;0.65;-0.35;0.00;0.00;-0.50;0.022;1.32;2.24;-1000.00;-1000.00
609.195;228;0.85;-0.30;0.48;0.65;-0.35;0.00;0.00;-0.50;206;0;1;2;-0.05;-0.30;0.00;0.00;-0.00;-0.01;-0.02;-0.01;0.65;-0.35;0.00;0.00;-0.50;0.023;1.32;2.24;-1000.00;-1000.00
609.315;241;0.85;-0.30;0.50;0.65;-0.35;0.00;0.00;-0.50;206;0;1;2;-0.05;-0.30;-0.00;-0.00;0.00;0.00;0.02;0.00;0.65;-0.35;0.00;0.00;-0.50;0.041;1.32;2.24;-1000.00;-1000.00
609.405;251;0.85;-0.30;0.52;0.65;-0.35;0.00;0.00;-0.50;206;0;1;2;-0.05;-0.30;-0.00;-0.00;0.00;0.01;0.00;0.01;0.65;-0.35;0.00;0.00;-0.50;0.028;1.32;2.24;-1000.00;-1000.00
609.505;259;0.85;-0.30;0.53;0.65;-0.35;0.00;0.00;-0.50;206;0;1;2;-0.05;-0.30;-0.00;-0.00;0.00;0.00;0.02;0.00;0.65;-0.35;0.00;0.00;-0.50;0.031;1.32;2.24;-1000.00;-1000.00
609.605;269;0.85;-0.30;0.54;0.65;-0.35;0.00;0.00;-0.50;206;0;1;2;-0.05;-0.30;-0.00;-0.00;0.00;0.01;0.01;0.01;0.65;-0.35;0.00;0.00;-0.50;0.027;1.32;2.24;-1000.00;-1000.00
609.695;279;0.85;-0.30;0.56;0.65;-0.35;0.00;0.00;-0.50;206;0;1;2;-0.05;-0.30;-0.00;-0.00;0.00;0.01;0.01;0.01;0.65;-0.35;0.00;0.00;-0.50;0.025;1.32;2.24;-1000.00;-1000.00
609.795;287;0.85;-0.30;0.57;0.65;-0.35;0.00;0.00;-0.50;206;0;1;2;-0.05;-0.30;-0.00;-0.00;0.00;0.00;0.02;0.00;0.65;-0.35;0.00;0.00;-0.50;0.020;1.32;2.24;-1000.00;-1000.00
609.915;302;0.85;-0.30;0.59;0.65;-0.35;0.00;0.00;-0.50;206;0;1;2;-0.05;-0.30;0.00;0.00;-0.00;-0.01;-0.02;-0.01;0.65;-0.35;0.00;0.00;-0.50;0.033;1.32;2.24;-1000.00;-1000.00
610.005;311;0.85;-0.30;0.61;0.65;-0.35;0.00;0.00;-0.50;206;0;1;2;-0.05;-0.30;-0.00;-0.00;0.00;0.00;0.02;0.00;0.65;-0.35;0.00;0.00;-0.50;0.026;1.32;2.24;-1000.00;-1000.00
610.105;321;0.85;-0.30;0.63;0.65;-0.35;0.00;0.00;-0.50;206;0;1;2;-0.08;-0.33;-0.00;-0.00;0.00;0.00;0.02;0.00;0.65;-0.35;0.00;0.00;-0.50;0.035;1.32;2.24;-1000.00;-1000.00
610.215;332;0.83;-0.31;0.94;0.65;-0.35;0.00;0.00;-0.50;206;0;1;2;-0.06;-0.36;-0.33;-0.00;-0.00;0.03;0.05;0.11;0.65;-0.35;0.00;0.00;-0.50;0.042;1.32;2.24;-1000.00;-1000.00
610.295;340;0.80;-0.31;1.26;0.55;-0.35;-0.00;0.00;-0.50;206;1;1;2;-0.04;-0.39;-0.37;-0.00;-0.00;0.02;0.04;0.05;0.65;-0.35;0.00;0.00;-0.50;0.026;1.32;2.24;-1000.00;-1000.00
610.415;351;0.76;-0.31;1.46;0.55;-0.35;-0.00;0.00;-0.50;206;1;1;2;-0.03;-0.41;-0.39;-0.00;-0.00;0.02;0.03;0.02;0.65;-0.35;0.00;0.00;-0.50;0.035;1.32;2.24;-1000.00;-1000.00
610.505;359;0.73;-0.31;1.53;0.55;-0.35;-0.00;0.00;-0.50;206;1;1;2;-0.03;-0.42;-0.41;0.00;-0.00;0.02;0.04;0.01;0.65;-0.35;0.00;0.00;-0.50;0.029;1.32;2.24;-1000.00;-1000.00
610.605;370;0.68;-0.31;1.56;0.46;-0.35;-0.00;0.00;-0.50;206;2;1;2;-0.02;-0.43;-0.42;-0.00;0.00;-0.01;-0.03;-0.00;0.65;-0.35;0.00;0.00;-0.50;0.026;1.32;2.24;-1000.00;-1000.00
610.685;378;0.65;-0.31;1.57;0.46;-0.35;-0.00;0.00;-0.50;206;2;1;2;-0.02;-0.43;-0.43;0.00;-0.00;0.00;-0.00;-0.00;0.65;-0.35;0.00;0.00;-0.50;0.015;1.32;2.24;-1000.00;-1000.00
610.845;394;0.58;-0.31;1.56;0.35;-0.35;0.00;-0.00;0.37;984;0;1;7;-0.02;-0.43;-0.43;0.00;-0.00;0.00;0.00;-0.00;0.61;-0.35;-0.00;0.00;-0.50;0.039;1.32;2.24;-1000.00;-1000.00
610.915;400;0.55;-0.31;1.54;0.73;-0.30;24.90;0.79;0.50;984;1;1;7;0.67;-0.39;-0.43;-0.00;-0.00;-0.00;-0.00;-0.00;0.57;-0.34;7.48;0.48;0.45;0.034;1.32;2.24;-1000.00;-1000.00
610.995;407;0.52;-0.31;0.89;0.73;-0.30;24.90;0.79;0.50;984;1;1;7;0.50;-0.35;-0.41;0.00;0.01;-0.01;0.03;-0.63;0.53;-0.35;4.46;0.38;0.43;0.013;1.32;2.24;-1000.00;-1000.00
611.095;417;0.49;-0.31;-3.97;0.73;-0.30;24.90;0.79;0.50;984;1;1;7;0.55;-0.31;-0.35;-0.01;-0.01;-0.03;0.06;-0.55;0.49;-0.35;2.95;0.32;0.42;0.018;1.32;2.24;-1000.00;-1000.00
611.195;431;0.44;-0.31;-7.26;0.73;-0.30;24.90;0.79;0.50;984;1;1;7;0.53;-0.26;-0.29;0.03;-0.01;0.06;-0.09;-0.40;0.46;-0.35;1.79;0.25;0.41;0.023;1.32;2.24;-1000.00;-1000.00
611.295;440;0.42;-0.30;-8.61;0.73;-0.30;24.90;0.79;0.50;984;1;1;7;0.50;-0.22;-0.27;0.03;-0.01;-0.04;0.09;-0.17;0.43;-0.35;0.95;0.19;0.40;0.019;1.32;2.24;-1000.00;-1000.00
611.405;450;0.39;-0.29;-9.58;0.73;-0.30;24.90;0.79;0.50;984;1;1;7;0.46;-0.18;-0.23;0.03;-0.01;-0.02;0.04;-0.10;0.41;-0.35;0.40;0.13;0.39;0.025;1.32;2.24;-1000.00;-1000.00
611.485;458;0.38;-0.29;-9.96;0.73;-0.30;24.90;0.79;0.50;984;1;1;7;0.43;-0.15;-0.18;0.05;-0.01;0.07;-0.16;-0.11;0.38;-0.35;0.09;0.06;0.38;0.016;1.32;2.24;-1000.00;-1000.00
611.585;469;0.36;-0.28;-10.00;0.73;-0.30;24.90;0.79;0.50;984;1;1;7;0.38;-0.11;-0.12;0.01;-0.01;0.04;-0.09;-0.02;0.36;-0.35;0.02;0.03;0.37;0.017;1.32;2.24;-1000.00;-1000.00
611.695;479;0.35;-0.28;-9.96;0.73;-0.30;24.90;0.79;0.50;984;1;1;7;0.35;-0.08;-0.12;0.01;-0.01;-0.04;0.10;0.05;0.35;-0.35;0.00;-0.00;0.37;0.018;1.32;2.24;-1000.00;-1000.00
611.785;487;0.34;-0.27;-9.72;0.73;-0.30;24.90;0.79;0.50;984;1;1;7;0.32;-0.05;-0.08;-0.00;-0.01;0.03;-0.07;0.06;0.35;-0.35;0.00;-0.00;0.37;0.018;1.32;2.24;-1000.00;-1000.00
611.905;502;0.33;-0.27;-9.09;0.73;-0.30;24.90;0.79;0.50;984;1;1;7;0.27;-0.02;-0.05;-0.00;-0.01;0.02;-0.03;0.05;0.35;-0.35;0.00;-0.00;0.37;0.036;1.32;2.24;-1000.00;-1000.00
611.985;506;0.33;-0.27;-8.89;0.73;-0.30;24.90;0.79;0.50;984;1;1;7;0.26;0.01;-0.03;-0.00;-0.00;0.00;0.02;0.12;0.35;-0.35;0.00;-0.00;0.37;0.017;1.32;2.24;-1000.00;-1000.00
612.095;521;0.33;-0.27;-8.14;0.73;-0.30;24.90;0.79;0.50;984;1;1;7;0.23;0.03;0.01;-0.00;0.00;0.00;0.02;0.06;0.35;-0.35;0.00;-0.00;0.37;0.026;1.32;2.24;-1000.00;-1000.00
612.195;529;0.33;-0.27;-7.89;0.73;-0.30;24.90;0.79;0.50;984;1;1;7;0.23;0.05;0.03;0.00;0.00;0.00;0.01;0.05;0.35;-0.35;0.00;-0.00;0.37;0.024;1.32;2.24;-1000.00;-1000.00
612.315;540;0.34;-0.27;-7.51;0.73;-0.30;24.90;0.79;0.50;984;1;1;7;0.23;0.08;0.06;-0.00;-0.00;0.00;0.00;0.06;0.35;-0.35;0.00;-0.00;0.37;0.030;1.32;2.24;-1000.00;-1000.00
612.415;549;0.34;-0.28;-7.22;0.73;-0.30;24.90;0.79;0.50;984;1;1;7;0.23;0.10;0.08;0.00;-0.00;0.00;0.00;0.06;0.35;-0.35;0.00;-0.00;0.37;0.034;1.32;2.24;-1000.00;-1000.00
612.515;563;0.35;-0.28;-6.77;0.73;-0.30;24.90;0.79;0.50;984;1;1;7;0.24;0.11;0.10;0.00;-0.00;0.00;0.01;0.05;0.35;-0.35;0.00;-0.00;0.37;0.038;1.32;2.24;-1000.00;-1000.00
612.595;568;0.36;-0.28;-6.60;0.73;-0.30;24.90;0.79;0.50;984;1;1;7;0.25;0.13;0.11;0.00;0.00;0.00;0.02;0.07;0.36;-0.35;0.02;0.03;0.37;0.020;1.32;2.24;-1000.00;-1000.00
612.715;582;0.38;-0.28;-6.14;0.73;-0.30;24.90;0.79;0.50;984;1;1;7;0.28;0.15;0.14;-0.00;-0.00;-0.01;-0.01;0.04;0.38;-0.35;0.09;0.06;0.38;0.034;1.32;2.24;-1000.00;-1000.00
612.795;588;0.39;-0.28;-5.95;0.73;-0.30;24.90;0.79;0.50;984;1;1;7;0.29;0.16;0.15;-0.00;-0.00;-0.01;-0.01;0.07;0.39;-0.35;0.22;0.10;0.38;0.016;1.32;2.24;-1000.00;-1000.00
612.905;600;0.41;-0.28;-5.47;0.73;-0.30;24.90;0.79;0.50;984;1;1;7;0.32;0.18;0.17;-0.00;-0.00;-0.01;-0.01;0.07;0.39;-0.35;0.22;0.10;0.38;0.024;1.32;2.24;-1000.00;-1000.00
612.995;611;0.42;-0.28;-4.96;0.73;-0.30;24.90;0.79;0.50;984;1;1;7;0.36;0.19;0.18;-0.00;-0.01;-0.03;-0.04;0.10;0.42;-0.35;0.64;0.16;0.39;0.024;1.32;2.24;-1000.00;-1000.00
613.115;619;0.44;-0.29;-4.46;0.73;-0.30;24.90;0.79;0.50;984;1;1;7;0.39;0.20;0.20;-0.00;-0.01;-0.04;-0.06;0.13;0.43;-0.35;0.95;0.19;0.40;0.034;1.32;2.24;-1000.00;-1000.00
613.195;628;0.46;-0.29;-3.84;0.73;-0.30;24.90;0.79;0.50;984;1;1;7;0.43;0.22;0.20;0.00;-0.01;-0.01;-0.01;0.14;0.46;-0.35;1.79;0.25;0.41;0.021;1.32;2.24;-1000.00;-1000.00
613.285;638;0.48;-0.29;-2.95;0.73;-0.30;24.90;0.79;0.50;984;1;1;7;0.46;0.23;0.22;0.00;-0.01;0.03;0.04;0.16;0.48;-0.35;2.32;0.29;0.42;0.014;1.32;2.24;-1000.00;-1000.00
613.395;648;0.50;-0.29;-1.87;0.73;-0.30;24.90;0.79;0.50;984;1;1;7;0.52;0.24;0.24;-0.00;-0.01;-0.02;-0.02;0.19;0.51;-0.35;3.66;0.35;0.43;0.020;1.32;2.24;-1000.00;-1000.00
613.485;658;0.53;-0.29;-0.69;0.73;-0.30;24.90;0.79;0.50;984;1;1;7;0.56;0.26;0.24;0.01;-0.01;0.03;0.06;0.22;0.53;-0.35;4.46;0.38;0.43;0.012;1.32;2.24;-1000.00;-1000.00
613.585;667;0.55;-0.29;0.64;0.73;-0.30;24.90;0.79;0.50;984;1;1;7;0.62;0.27;0.27;-0.01;-0.01;-0.05;-0.05;0.31;0.56;-0.34;6.37;0.44;0.44;0.017;1.32;2.24;-1000.00;-1000.00
613.695;677;0.58;-0.29;2.35;0.73;-0.30;24.90;0.79;0.50;984;1;1;7;0.70;0.29;0.29;-0.06;-0.04;-0.03;-0.25;0.50;0.59;-0.34;8.71;0.51;0.45;0.021;1.32;2.24;-1000.00;-1000.00
613.785;688;0.61;-0.29;5.38;0.97;0.06;86.23;0.79;0.50;984;2;1;7;0.75;0.30;0.29;-0.09;-0.01;-0.04;-0.12;0.68;0.62;-0.33;11.51;0.57;0.46;0.016;1.32;2.24;-1000.00;-1000.00
613.885;696;0.63;-0.30;8.51;0.97;0.06;86.23;0.79;0.50;984;2;1;7;0.79;0.31;0.28;-0.09;-0.01;-0.00;-0.05;0.75;0.64;-0.33;13.10;0.60;0.47;0.012;1.32;2.24;-1000.00;-1000.00
613.995;711;0.67;-0.30;15.16;0.97;0.06;86.23;0.79;0.50;984;2;1;7;0.79;0.32;0.28;-0.09;-0.00;0.01;0.11;0.78;0.67;-0.32;16.67;0.67;0.48;0.020;1.32;2.24;-1000.00;-1000.00
614.095;720;0.70;-0.30;19.56;0.97;0.06;86.23;0.79;0.50;984;2;1;7;0.72;0.32;0.29;-0.10;-0.00;-0.02;0.02;0.82;0.69;-0.32;18.67;0.70;0.49;0.026;1.32;2.24;-1000.00;-1000.00
614.195;729;0.73;-0.30;23.37;0.97;0.06;86.23;0.79;0.50;984;2;1;7;0.77;0.33;0.30;-0.10;-0.01;-0.01;-0.09;0.72;0.72;-0.30;23.09;0.76;0.50;0.017;1.32;2.24;-1000.00;-1000.00
614.295;740;0.76;-0.30;28.08;0.97;0.06;86.23;0.79;0.50;984;2;1;7;0.78;0.34;0.31;-0.12;-0.01;0.00;-0.15;0.87;0.75;-0.29;28.00;0.79;0.50;0.024;1.32;2.24;-1000.00;-1000.00
614.405;748;0.79;-0.29;31.83;0.97;0.06;86.23;0.79;0.50;984;2;1;7;0.79;0.35;0.29;-0.09;-0.01;-0.02;0.08;0.79;0.78;-0.27;32.96;0.79;0.50;0.027;1.32;2.24;-1000.00;-1000.00
614.495;758;0.82;-0.28;36.78;0.97;0.06;86.23;0.79;0.50;984;2;1;7;0.72;0.36;0.29;-0.10;-0.01;-0.02;0.09;0.81;0.80;-0.26;35.43;0.79;0.50;0.022;1.32;2.24;-1000.00;-1000.00
614.585;768;0.85;-0.27;41.55;0.97;0.06;86.23;0.79;0.50;984;2;1;7;0.70;0.37;0.32;-0.09;-0.01;0.01;-0.06;0.78;0.83;-0.24;40.39;0.79;0.50;0.016;1.32;2.24;-1000.00;-1000.00
614.695;777;0.88;-0.25;45.33;0.97;0.06;86.23;0.79;0.50;984;2;1;7;0.68;0.37;0.33;-0.09;-0.01;0.00;-0.05;0.74;0.84;-0.22;42.87;0.79;0.50;0.015;1.32;2.24;-1000.00;-1000.00
614.805;788;0.91;-0.23;49.85;0.97;0.06;86.23;0.79;0.50;984;2;1;7;0.70;0.38;0.33;-0.09;-0.01;0.01;-0.05;0.72;0.87;-0.20;47.82;0.79;0.50;0.026;1.32;2.24;-1000.00;-1000.00
614.885;797;0.93;-0.22;53.42;0.97;0.06;86.23;0.79;0.50;984;2;1;7;0.69;0.39;0.34;-0.08;-0.01;0.01;-0.05;0.75;0.88;-0.18;50.30;0.79;0.50;0.010;1.32;2.24;-1000.00;-1000.00
614.985;808;0.96;-0.19;58.03;0.97;0.06;86.23;0.79;0.50;984;2;1;7;0.70;0.39;0.34;-0.08;-0.01;0.01;-0.03;0.73;0.90;-0.15;55.26;0.79;0.50;0.009;1.32;2.24;-1000.00;-1000.00
615.085;816;0.98;-0.17;61.26;0.97;0.06;86.23;0.79;0.50;984;2;1;7;0.75;0.40;0.32;-0.09;-0.01;0.02;-0.03;0.72;0.92;-0.12;60.21;0.79;0.50;0.015;1.32;2.24;-1000.00;-1000.00
615.185;827;1.00;-0.14;66.17;0.97;0.06;86.23;0.79;0.50;984;2;1;7;0.70;0.40;0.31;-0.10;-0.01;0.01;-0.02;0.83;0.93;-0.11;62.69;0.79;0.50;0.018;1.32;2.24;-1000.00;-1000.00
615.295;840;1.02;-0.11;71.86;0.97;0.06;86.23;0.79;0.50;984;2;1;7;0.64;0.40;0.33;-0.07;-0.00;-0.01;-0.01;0.68;0.94;-0.09;65.17;0.79;0.50;0.027;1.32;2.24;-1000.00;-1000.00
615.385;849;1.04;-0.08;75.11;0.97;0.06;86.23;0.79;0.50;984;2;1;7;0.70;0.40;0.32;-0.10;-0.04;0.13;0.11;0.65;0.95;-0.06;70.12;0.79;0.50;0.016;1.32;2.24;-1000.00;-1000.00
615.495;860;1.06;-0.04;80.45;0.97;0.06;86.23;0.79;0.50;984;2;1;7;0.70;0.40;0.36;-0.12;-0.00;0.04;-0.00;0.95;0.96;-0.02;75.08;0.79;0.50;0.026;1.32;2.24;-1000.00;-1000.00
615.595;869;1.07;-0.01;85.40;0.79;0.44;144.20;0.73;0.50;984;3;1;7;0.65;0.39;0.36;-0.14;-0.04;0.02;0.18;0.98;0.97;-0.01;77.56;0.79;0.50;0.019;1.32;2.24;-1000.00;-1000.00
615.675;879;1.08;0.03;90.87;0.79;0.44;144.20;0.73;0.50;984;3;1;7;0.41;0.40;0.38;-0.11;-0.00;-0.12;0.06;0.82;0.97;0.05;84.99;0.79;0.50;0.004;1.32;2.24;-1000.00;-1000.00
615.795;888;1.09;0.06;93.73;0.79;0.44;144.20;0.73;0.50;984;3;1;7;0.45;0.40;0.38;-0.08;-0.01;0.03;-0.01;0.38;0.97;0.07;87.47;0.78;0.50;0.014;1.32;2.24;-1000.00;-1000.00
615.885;897;1.09;0.10;95.79;0.79;0.44;144.20;0.73;0.50;984;3;1;7;0.56;0.41;0.40;-0.05;-0.01;-0.03;0.02;0.43;0.97;0.10;92.39;0.78;0.50;0.015;1.33;2.24;-1000.00;-1000.00
615.985;907;1.09;0.14;98.92;0.79;0.44;144.20;0.73;0.50;984;3;1;7;0.61;0.42;0.42;-0.06;-0.01;0.07;-0.06;0.73;0.97;0.12;94.83;0.78;0.50;0.006;1.33;2.24;-1000.00;-1000.00
616.075;916;1.09;0.18;102.79;0.79;0.44;144.20;0.73;0.50;984;3;1;7;0.65;0.43;0.41;-0.10;-0.01;0.12;-0.03;0.85;0.97;0.16;99.69;0.77;0.50;0.005;1.33;2.24;-1000.00;-1000.00
616.185;927;1.09;0.22;107.84;0.79;0.44;144.20;0.73;0.50;984;3;1;7;0.66;0.43;0.40;-0.09;-0.00;-0.14;0.02;0.78;0.96;0.19;104.50;0.77;0.50;0.010;1.33;2.24;-1000.00;-1000.00
616.295;941;1.09;0.28;114.95;0.79;0.44;144.20;0.73;0.50;984;3;1;7;0.59;0.43;0.41;-0.14;-0.01;0.12;-0.01;0.96;0.96;0.21;106.88;0.77;0.50;0.019;1.33;2.24;-1000.00;-1000.00
616.385;946;1.08;0.30;117.06;0.79;0.44;144.20;0.73;0.50;984;3;1;7;0.65;0.43;0.42;-0.11;-0.01;0.08;-0.04;0.75;0.94;0.24;111.63;0.76;0.50;0.006;1.33;2.24;-1000.00;-1000.00
616.475;955;1.07;0.34;120.77;0.79;0.44;144.20;0.73;0.50;984;3;1;7;0.70;0.44;0.41;-0.08;-0.01;0.05;-0.02;0.77;0.93;0.28;116.33;0.76;0.50;0.005;1.33;2.24;-1000.00;-1000.00
616.585;969;1.05;0.39;127.60;0.79;0.44;144.20;0.73;0.50;984;3;1;7;0.67;0.44;0.40;-0.13;-0.01;0.16;0.04;0.98;0.91;0.31;120.99;0.75;0.50;0.009;1.33;2.24;-1000.00;-1000.00
616.685;979;1.03;0.43;132.39;0.79;0.44;144.20;0.73;0.50;984;3;1;7;0.64;0.43;0.41;-0.11;-0.01;0.12;0.02;0.88;0.90;0.32;123.30;0.75;0.50;0.015;1.33;2.24;-1000.00;-1000.00
616.785;988;1.01;0.46;136.25;0.79;0.44;144.20;0.73;0.50;984;3;1;7;0.67;0.43;0.40;-0.07;-0.01;0.05;-0.00;0.70;0.88;0.35;127.90;0.75;0.50;0.009;1.33;2.24;-1000.00;-1000.00
616.875;998;0.99;0.49;140.33;0.79;0.44;144.20;0.73;0.50;984;3;1;7;0.69;0.42;0.38;-0.09;-0.01;0.04;0.00;0.74;0.86;0.38;132.45;0.74;0.50;0.005;1.33;2.24;-1000.00;-1000.00
616.975;1006;0.97;0.51;143.90;0.79;0.44;144.20;0.73;0.50;984;3;1;7;0.67;0.41;0.35;-0.09;-0.01;-0.11;-0.07;0.73;0.85;0.39;134.71;0.74;0.50;0.006;1.33;2.24;-1000.00;-1000.00
617.085;1017;0.94;0.54;148.59;0.79;0.44;144.20;0.73;0.50;984;3;1;7;0.68;0.41;0.37;-0.07;-0.01;0.03;-0.00;0.68;0.82;0.42;139.20;0.73;0.50;0.007;1.33;2.24;-1000.00;-1000.00
617.195;1030;0.90;0.57;153.62;0.79;0.44;144.20;0.73;0.50;984;3;1;7;0.64;0.39;0.35;-0.07;-0.01;0.03;0.01;0.65;0.80;0.43;141.43;0.73;0.50;0.015;1.33;2.24;-1000.00;-1000.00
617.295;1039;0.88;0.59;156.68;0.79;0.44;144.20;0.73;0.50;984;3;1;7;0.62;0.38;0.35;-0.06;-0.00;0.03;-0.00;0.53;0.79;0.44;143.65;0.73;0.50;0.021;1.33;2.24;-1000.00;-1000.00
617.385;1049;0.85;0.61;159.53;0.79;0.44;144.20;0.73;0.50;984;3;1;7;0.64;0.37;0.35;-0.04;-0.00;0.00;-0.01;0.44;0.76;0.46;147.96;0.70;0.50;0.009;1.33;2.24;-1000.00;-1000.00
617.495;1058;0.82;0.62;161.89;0.79;0.44;144.20;0.73;0.50;984;3;1;7;0.63;0.35;0.36;-0.02;-0.00;0.02;-0.00;0.45;0.75;0.47;150.01;0.68;0.50;0.015;1.33;2.24;-1000.00;-1000.00
617.575;1069;0.78;0.64;165.47;0.79;0.44;144.20;0.73;0.50;984;3;1;7;0.61;0.34;0.34;-0.09;-0.04;-0.08;0.13;0.65;0.71;0.49;153.90;0.65;0.50;0.004;1.33;2.24;-1000.00;-1000.00
617.685;1078;0.75;0.65;168.76;0.79;0.44;144.20;0.73;0.50;984;3;1;7;0.58;0.33;0.33;-0.07;-0.00;-0.05;-0.04;0.60;0.68;0.50;157.52;0.61;0.50;0.013;1.33;2.24;-1000.00;-1000.00
617.785;1086;0.73;0.66;171.55;0.79;0.44;144.20;0.73;0.50;984;3;1;7;0.53;0.32;0.35;-0.06;-0.00;0.07;0.04;0.61;0.66;0.51;159.23;0.59;0.50;0.006;1.33;2.24;-1000.00;-1000.00
617.885;1100;0.68;0.68;175.75;0.79;0.44;144.20;0.73;0.50;984;3;1;7;0.46;0.30;0.32;-0.04;-0.01;-0.01;-0.00;0.45;0.65;0.52;160.88;0.58;0.50;0.006;1.33;2.24;-1000.00;-1000.00
617.985;1109;0.66;0.68;177.55;0.79;0.44;144.20;0.73;0.50;984;3;1;7;0.42;0.28;0.29;-0.04;-0.01;-0.05;-0.06;0.25;0.63;0.52;162.46;0.56;0.50;0.009;1.33;2.24;-1000.00;-1000.00
618.085;1120;0.62;0.69;179.14;0.79;0.44;144.20;0.73;0.50;984;3;1;7;0.43;0.27;0.28;-0.02;-0.01;-0.04;-0.07;0.17;0.60;0.53;165.44;0.52;0.50;0.013;1.33;2.24;-1000.00;-1000.00
618.185;1128;0.60;0.69;179.90;0.79;0.44;144.20;0.73;0.50;984;3;1;7;0.43;0.25;0.29;0.00;-0.01;0.07;0.07;0.16;0.58;0.54;166.84;0.51;0.50;0.009;1.33;2.24;-1000.00;-1000.00
618.295;1139;0.57;0.69;180.62;0.79;0.44;144.20;0.73;0.50;984;3;1;7;0.44;0.24;0.27;0.00;-0.01;0.03;0.04;0.09;0.54;0.54;169.47;0.47;0.50;0.012;1.33;2.24;-1000.00;-1000.00
618.385;1147;0.55;0.69;180.94;0.79;0.44;144.20;0.73;0.50;984;3;1;7;0.46;0.24;0.26;-0.00;-0.01;0.02;0.03;0.08;0.52;0.55;170.70;0.45;0.50;0.009;1.33;2.24;-1000.00;-1000.00
618.525;1161;0.52;0.69;181.78;0.35;0.55;180.00;0.11;0.00;494;1;1;5;0.46;0.23;0.23;-0.02;-0.01;-0.06;-0.08;0.12;0.51;0.55;171.87;0.44;0.50;0.039;1.33;2.24;-1000.00;-1000.00
618.585;1167;0.50;0.69;182.44;0.16;0.53;193.57;0.65;0.50;494;2;1;5;0.18;0.24;0.23;-0.05;-0.01;0.04;0.06;0.23;0.35;0.55;180.04;0.18;0.07;0.015;1.33;2.24;-1000.00;-1000.00
618.695;1181;0.47;0.69;182.52;0.16;0.53;193.57;0.65;0.50;494;2;1;5;-0.06;0.24;0.25;0.02;-0.01;0.03;0.04;-0.07;0.35;0.55;180.04;0.18;0.07;0.017;1.33;2.24;-1000.00;-1000.00
618.795;1190;0.45;0.69;181.24;0.16;0.53;193.57;0.65;0.50;494;2;1;5;0.05;0.25;0.25;0.00;-0.01;0.03;0.05;-0.27;0.35;0.55;180.04;0.18;0.07;0.022;1.33;2.24;-1000.00;-1000.00
618.895;1199;0.43;0.69;180.40;0.16;0.53;193.57;0.65;0.50;494;2;1;5;0.13;0.25;0.25;-0.00;-0.01;0.03;0.05;-0.09;0.35;0.55;180.04;0.18;0.07;0.015;1.33;2.24;-1000.00;-1000.00
618.985;1209;0.40;0.69;180.30;0.16;0.53;193.57;0.65;0.50;494;2;1;5;0.20;0.25;0.25;0.00;-0.01;0.02;0.01;0.02;0.35;0.55;180.04;0.18;0.07;0.018;1.33;2.24;-1000.00;-1000.00
619.085;1218;0.38;0.69;180.56;0.16;0.53;193.57;0.65;0.50;494;2;1;5;0.24;0.24;0.25;-0.00;-0.01;0.01;0.01;0.07;0.35;0.55;180.04;0.18;0.07;0.012;1.33;2.24;-1000.00;-1000.00
619.185;1228;0.35;0.69;180.96;0.16;0.53;193.57;0.65;0.50;494;2;1;5;0.32;0.24;0.25;-0.00;-0.01;0.00;-0.01;0.07;0.34;0.55;180.16;0.22;0.11;0.009;1.33;2.24;-1000.00;-1000.00
619.295;1237;0.33;0.68;181.48;0.16;0.53;193.57;0.65;0.50;494;2;1;5;0.40;0.23;0.24;0.00;-0.01;-0.00;-0.01;0.13;0.33;0.55;180.57;0.29;0.17;0.020;1.33;2.24;-1000.00;-1000.00
619.385;1248;0.31;0.68;182.43;0.16;0.53;193.57;0.65;0.50;494;2;1;5;0.48;0.23;0.24;0.00;-0.01;0.00;-0.00;0.18;0.31;0.55;181.37;0.35;0.23;0.012;1.33;2.24;-1000.00;-1000.00
619.485;1257;0.28;0.68;183.44;-0.15;0.32;234.67;0.68;0.50;494;3;1;5;0.53;0.23;0.24;0.00;-0.01;-0.02;-0.03;0.21;0.29;0.55;182.20;0.40;0.27;0.013;1.33;2.24;-1000.00;-1000.00
619.575;1267;0.26;0.68;184.69;-0.15;0.32;234.67;0.68;0.50;494;3;1;5;0.40;0.25;0.25;-0.01;-0.01;0.06;0.09;0.26;0.27;0.55;183.97;0.46;0.33;0.008;1.33;2.24;-1000.00;-1000.00
619.685;1278;0.23;0.68;185.45;-0.15;0.32;234.67;0.68;0.50;494;3;1;5;0.50;0.26;0.27;0.00;-0.01;0.05;0.09;0.10;0.25;0.55;185.56;0.51;0.37;0.014;1.33;2.24;-1000.00;-1000.00
619.775;1286;0.21;0.68;186.00;-0.15;0.32;234.67;0.68;0.50;494;3;1;5;0.57;0.28;0.28;-0.00;-0.01;0.04;0.07;0.22;0.23;0.55;186.50;0.53;0.39;0.007;1.33;2.24;-1000.00;-1000.00
619.875;1297;0.18;0.67;187.51;-0.15;0.32;234.67;0.68;0.50;494;3;1;5;0.65;0.29;0.29;-0.01;-0.01;0.03;0.05;0.31;0.21;0.54;188.68;0.57;0.43;0.005;1.33;2.24;-1000.00;-1000.00
619.985;1305;0.16;0.67;189.29;-0.15;0.32;234.67;0.68;0.50;494;3;1;5;0.72;0.31;0.27;-0.05;-0.01;-0.02;-0.02;0.46;0.18;0.54;191.29;0.62;0.47;0.009;1.33;2.24;-1000.00;-1000.00
620.095;1320;0.11;0.67;194.43;-0.15;0.32;234.67;0.68;0.50;494;3;1;5;0.71;0.33;0.30;-0.09;-0.01;-0.01;0.04;0.71;0.15;0.53;194.37;0.65;0.50;0.015;1.33;2.24;-1000.00;-1000.00
620.185;1329;0.09;0.67;198.10;-0.15;0.32;234.67;0.68;0.50;494;3;1;5;0.66;0.34;0.30;-0.08;-0.01;-0.01;-0.06;0.65;0.14;0.53;195.98;0.65;0.50;0.009;1.33;2.24;-1000.00;-1000.00
620.285;1339;0.05;0.67;201.75;-0.15;0.32;234.67;0.68;0.50;494;3;1;5;0.65;0.35;0.34;-0.11;-0.04;-0.04;0.27;0.79;0.11;0.52;199.22;0.65;0.50;0.010;1.33;2.24;-1000.00;-1000.00
620.385;1347;0.03;0.66;204.54;-0.15;0.32;234.67;0.68;0.50;494;3;1;5;0.64;0.36;0.33;-0.09;-0.01;0.01;0.08;0.65;0.09;0.51;200.85;0.66;0.50;0.010;1.33;2.24;-1000.00;-1000.00
620.485;1358;-0.01;0.65;208.39;-0.15;0.32;234.67;0.68;0.50;494;3;1;5;0.64;0.37;0.33;-0.05;-0.01;0.01;-0.14;0.52;0.06;0.50;204.11;0.66;0.50;0.011;1.33;2.24;-1000.00;-1000.00
620.585;1366;-0.04;0.65;211.17;-0.15;0.32;234.67;0.68;0.50;494;3;1;5;0.63;0.37;0.35;-0.07;-0.01;0.03;0.06;0.65;0.05;0.49;205.75;0.66;0.50;0.010;1.33;2.24;-1000.00;-1000.00
620.685;1377;-0.07;0.63;215.08;-0.15;0.32;234.67;0.68;0.50;494;3;1;5;0.64;0.38;0.34;-0.06;-0.01;0.02;-0.09;0.55;0.02;0.48;209.04;0.66;0.50;0.006;1.33;2.24;-1000.00;-1000.00
620.775;1386;-0.10;0.62;218.20;-0.15;0.32;234.67;0.68;0.50;494;3;1;5;0.65;0.38;0.36;-0.07;-0.01;0.02;0.08;0.62;-0.00;0.46;212.34;0.66;0.50;0.005;1.33;2.24;-1000.00;-1000.00
620.875;1396;-0.13;0.60;221.86;-0.15;0.32;234.67;0.68;0.50;494;3;1;5;0.66;0.38;0.35;-0.08;-0.01;-0.01;0.06;0.68;-0.03;0.44;215.67;0.67;0.50;0.005;1.33;2.24;-1000.00;-1000.00
620.985;1409;-0.17;0.58;226.84;-0.15;0.32;234.67;0.68;0.50;494;3;1;5;0.62;0.38;0.34;-0.08;-0.01;0.01;-0.02;0.67;-0.04;0.44;217.33;0.67;0.50;0.015;1.33;2.24;-1000.00;-1000.00
621.085;1419;-0.20;0.55;230.23;-0.15;0.32;234.67;0.68;0.50;494;3;1;5;0.66;0.38;0.35;-0.06;-0.01;0.02;0.03;0.57;-0.08;0.41;222.36;0.67;0.50;0.009;1.33;2.24;-1000.00;-1000.00
621.185;1430;-0.23;0.53;234.13;-0.15;0.32;234.67;0.68;0.50;494;3;1;5;0.62;0.37;0.34;-0.07;-0.01;0.00;0.03;0.63;-0.09;0.39;224.05;0.67;0.50;0.012;1.33;2.24;-1000.00;-1000.00
621.275;1438;-0.25;0.51;236.75;-0.15;0.32;234.67;0.68;0.50;494;3;1;5;0.65;0.37;0.34;-0.06;-0.01;0.00;0.03;0.54;-0.11;0.37;227.43;0.68;0.50;0.006;1.33;2.24;-1000.00;-1000.00
621.385;1447;-0.27;0.49;239.66;-0.15;0.32;234.67;0.68;0.50;494;3;1;5;0.64;0.36;0.33;-0.07;-0.01;-0.00;0.03;0.57;-0.12;0.36;229.12;0.68;0.50;0.013;1.33;2.24;-1000.00;-1000.00
621.485;1457;-0.29;0.46;242.82;-0.15;0.32;234.67;0.68;0.50;494;3;1;5;0.65;0.35;0.32;-0.06;-0.01;-0.01;0.03;0.52;-0.14;0.34;232.53;0.68;0.50;0.009;1.33;2.24;-1000.00;-1000.00
621.575;1466;-0.30;0.44;245.48;-0.15;0.32;234.67;0.68;0.50;494;3;1;5;0.64;0.34;0.32;-0.06;-0.00;-0.01;0.03;0.51;-0.15;0.32;234.24;0.68;0.50;0.005;1.33;2.24;-1000.00;-1000.00
621.685;1476;-0.32;0.41;248.36;-0.15;0.32;234.67;0.68;0.50;494;3;1;5;0.62;0.33;0.31;-0.05;-0.00;-0.00;0.02;0.47;-0.16;0.31;235.95;0.68;0.50;0.007;1.33;2.24;-1000.00;-1000.00
621.785;1489;-0.34;0.37;251.69;-0.15;0.32;234.67;0.68;0.50;494;3;1;5;0.63;0.32;0.31;-0.07;-0.01;-0.10;0.09;0.49;-0.17;0.29;239.28;0.66;0.50;0.007;1.33;2.25;-1000.00;-1000.00
621.885;1497;-0.35;0.35;253.97;-0.15;0.32;234.67;0.68;0.50;494;3;1;5;0.60;0.31;0.31;-0.09;-0.04;-0.13;-0.07;0.60;-0.18;0.27;240.91;0.65;0.50;0.009;1.33;2.25;-1000.00;-1000.00
621.985;1509;-0.37;0.32;257.93;-0.15;0.32;234.67;0.68;0.50;494;3;1;5;0.57;0.30;0.32;-0.06;-0.00;-0.02;0.04;0.57;-0.20;0.25;244.08;0.64;0.50;0.009;1.33;2.25;-1000.00;-1000.00
622.095;1518;-0.38;0.29;260.61;-0.15;0.32;234.67;0.68;0.50;494;3;1;5;0.55;0.28;0.30;-0.08;-0.05;-0.15;-0.09;0.55;-0.21;0.22;247.16;0.62;0.50;0.015;1.33;2.25;-1000.00;-1000.00
622.185;1529;-0.39;0.26;263.54;-0.15;0.32;234.67;0.68;0.50;494;3;1;5;0.51;0.27;0.28;-0.05;-0.01;0.07;-0.06;0.37;-0.22;0.20;248.66;0.61;0.50;0.006;1.33;2.25;-1000.00;-1000.00
622.285;1537;-0.40;0.24;265.30;-0.15;0.32;234.67;0.68;0.50;494;3;1;5;0.53;0.26;0.28;-0.04;-0.01;-0.04;0.03;0.33;-0.23;0.17;251.58;0.60;0.50;0.006;1.33;2.25;-1000.00;-1000.00
622.375;1546;-0.40;0.21;266.85;-0.15;0.32;234.67;0.68;0.50;494;3;1;5;0.51;0.24;0.26;-0.04;-0.01;-0.04;0.03;0.32;-0.23;0.16;253.00;0.59;0.50;0.005;1.33;2.25;-1000.00;-1000.00
622.485;1556;-0.40;0.19;268.44;-0.15;0.32;234.67;0.68;0.50;494;3;1;5;0.50;0.23;0.24;-0.05;-0.01;-0.05;0.03;0.29;-0.23;0.14;254.41;0.58;0.50;0.007;1.33;2.25;-1000.00;-1000.00
622.585;1565;-0.41;0.17;269.52;-0.15;0.32;234.67;0.68;0.50;494;3;1;5;0.50;0.22;0.23;0.00;-0.01;0.08;-0.04;0.14;-0.24;0.13;255.78;0.57;0.50;0.009;1.33;2.25;-1000.00;-1000.00
622.695;1581;-0.41;0.13;270.76;-0.15;0.32;234.67;0.68;0.50;494;3;1;5;0.53;0.21;0.24;-0.00;-0.01;-0.08;0.06;0.16;-0.25;0.10;258.47;0.56;0.50;0.018;1.33;2.25;-1000.00;-1000.00
622.785;1589;-0.41;0.11;271.35;-0.15;0.32;234.67;0.68;0.50;494;3;1;5;0.55;0.20;0.21;-0.05;-0.01;-0.12;0.06;0.21;-0.25;0.08;259.77;0.55;0.50;0.012;1.33;2.25;-1000.00;-1000.00
622.885;1598;-0.41;0.09;272.15;-0.15;0.32;234.67;0.68;0.50;494;3;1;5;0.56;0.19;0.21;-0.02;-0.01;-0.05;0.03;0.21;-0.25;0.07;261.06;0.54;0.50;0.006;1.33;2.25;-1000.00;-1000.00
623.015;1612;-0.41;0.07;273.19;-0.25;-0.05;-90.00;0.00;0.50;842;0;1;1;0.56;0.18;0.21;-0.01;-0.01;-0.07;0.06;0.12;-0.25;0.05;262.32;0.53;0.50;0.033;1.33;2.25;-1000.00;-1000.00
623.095;1617;-0.41;0.06;273.43;-0.25;-0.05;-90.00;0.00;0.50;842;0;1;1;0.21;0.21;0.18;0.00;-0.01;0.05;-0.02;0.06;-0.25;-0.05;-90.00;0.00;0.50;0.023;1.33;2.25;-1000.00;-1000.00
623.195;1628;-0.41;0.03;273.23;-0.25;-0.05;-90.00;0.00;0.50;842;0;1;1;0.22;0.23;0.21;0.01;-0.01;-0.04;0.03;-0.16;-0.25;-0.05;-90.00;0.00;0.50;0.020;1.33;2.25;-1000.00;-1000.00
623.305;1642;-0.40;0.00;272.16;-0.25;-0.05;-90.00;0.00;0.50;842;0;1;1;0.27;0.25;0.24;-0.00;-0.01;-0.01;0.01;-0.08;-0.25;-0.05;-90.00;0.00;0.50;0.035;1.33;2.25;-1000.00;-1000.00
623.405;1651;-0.40;-0.02;272.05;-0.25;-0.05;-90.00;0.00;0.50;842;0;1;1;0.27;0.27;0.26;-0.00;-0.01;-0.05;0.04;0.03;-0.25;-0.05;-90.00;0.00;0.50;0.034;1.33;2.25;-1000.00;-1000.00
623.505;1660;-0.40;-0.04;272.16;-0.25;-0.05;-90.00;0.00;0.50;842;0;1;1;0.26;0.28;0.28;0.00;-0.01;-0.03;0.02;0.04;-0.25;-0.05;-90.00;0.00;0.50;0.029;1.33;2.25;-1000.00;-1000.00
623.605;1671;-0.40;-0.07;272.33;-0.25;-0.05;-90.00;0.00;0.50;842;0;1;1;0.25;0.29;0.29;0.00;-0.01;-0.05;0.03;0.06;-0.25;-0.06;-90.00;0.00;0.50;0.032;1.33;2.25;-1000.00;-1000.00
623.705;1679;-0.40;-0.10;272.44;-0.25;-0.05;-90.00;0.00;0.50;842;0;1;1;0.24;0.30;0.30;0.00;-0.01;-0.05;0.03;0.04;-0.25;-0.09;-90.00;0.00;0.50;0.027;1.33;2.25;-1000.00;-1000.00
623.795;1688;-0.40;-0.12;272.57;-0.25;-0.05;-90.00;0.00;0.50;842;0;1;1;0.23;0.31;0.31;0.00;-0.01;-0.05;0.03;0.04;-0.25;-0.12;-90.00;0.00;0.50;0.018;1.33;2.25;-1000.00;-1000.00
623.905;1700;-0.39;-0.16;272.73;-0.25;-0.05;-90.00;0.00;0.50;842;0;1;1;0.22;0.32;0.31;0.00;-0.01;-0.01;0.01;0.02;-0.25;-0.15;-90.00;0.00;0.50;0.029;1.33;2.25;-1000.00;-1000.00
624.065;1715;-0.39;-0.21;272.87;-0.25;-0.46;-95.04;-0.49;0.50;50;1;1;6;0.21;0.32;0.32;0.01;-0.01;-0.00;0.01;0.00;-0.25;-0.18;-90.00;0.00;0.50;0.052;1.33;2.25;-1000.00;-1000.00
624.115;1720;-0.39;-0.22;272.91;-0.25;-0.46;-95.04;-0.49;0.50;50;1;1;6;0.26;0.33;0.33;0.00;-0.01;-0.05;0.03;0.05;-0.25;-0.35;-90.00;-0.05;0.05;0.039;1.33;2.25;-1000.00;-1000.00
624.195;1730;-0.39;-0.26;273.18;-0.25;-0.46;-95.04;-0.49;0.50;50;1;1;6;0.20;0.34;0.33;0.00;-0.01;0.06;-0.03;0.07;-0.25;-0.35;-90.00;-0.05;0.05;0.019;1.33;2.25;-1000.00;-1000.00
624.295;1740;-0.39;-0.29;273.38;-0.31;-0.67;-116.21;-0.75;0.50;50;2;1;6;0.12;0.33;0.35;0.00;-0.01;-0.07;0.04;0.03;-0.25;-0.35;-90.00;-0.05;0.05;0.025;1.33;2.25;-1000.00;-1000.00
624.395;1748;-0.38;-0.32;273.15;-0.31;-0.67;-116.21;-0.75;0.50;50;2;1;6;0.02;0.32;0.34;0.01;-0.01;-0.05;0.03;-0.06;-0.25;-0.35;-90.00;-0.05;0.05;0.012;1.33;2.25;-1000.00;-1000.00
624.485;1759;-0.38;-0.35;272.37;-0.31;-0.67;-116.21;-0.75;0.50;50;2;1;6;-0.06;0.31;0.33;0.01;-0.01;-0.03;0.03;-0.15;-0.25;-0.35;-90.00;-0.05;0.05;0.013;1.33;2.25;-1000.00;-1000.00
624.585;1768;-0.38;-0.38;271.32;-0.31;-0.67;-116.21;-0.75;0.50;50;2;1;6;-0.26;0.31;0.31;0.01;-0.01;-0.03;0.03;-0.19;-0.25;-0.38;-90.80;-0.27;0.28;0.012;1.33;2.25;-1000.00;-1000.00
624.685;1778;-0.38;-0.41;269.52;-0.44;-0.83;-142.23;-0.70;0.50;50;3;1;6;-0.37;0.31;0.31;0.00;-0.05;0.03;-0.25;-0.36;-0.25;-0.42;-92.60;-0.39;0.40;0.013;1.33;2.25;-1000.00;-1000.00
624.785;1788;-0.38;-0.44;267.51;-0.44;-0.83;-142.23;-0.70;0.50;50;3;1;6;-0.60;0.32;0.31;0.00;-0.00;0.09;0.05;-0.35;-0.25;-0.46;-95.20;-0.49;0.50;0.009;1.33;2.25;-1000.00;-1000.00
624.885;1797;-0.38;-0.47;264.92;-0.44;-0.83;-142.23;-0.70;0.50;50;3;1;6;-0.62;0.32;0.33;0.02;-0.01;-0.06;-0.04;-0.62;-0.26;-0.49;-97.69;-0.53;0.50;0.010;1.33;2.25;-1000.00;-1000.00
624.975;1807;-0.38;-0.51;261.74;-0.44;-0.83;-142.23;-0.70;0.50;50;3;1;6;-0.64;0.32;0.32;-0.00;-0.01;0.10;0.03;-0.48;-0.26;-0.53;-100.42;-0.57;0.50;0.006;1.33;2.25;-1000.00;-1000.00
625.085;1816;-0.39;-0.53;258.96;-0.64;-0.93;-163.22;-0.54;0.50;50;4;1;6;-0.67;0.33;0.31;0.02;-0.00;0.20;0.08;-0.45;-0.27;-0.56;-103.41;-0.61;0.50;0.005;1.33;2.25;-1000.00;-1000.00
625.175;1825;-0.39;-0.56;255.76;-0.64;-0.93;-163.22;-0.54;0.50;50;4;1;6;-0.79;0.33;0.32;0.10;-0.01;-0.12;-0.03;-0.69;-0.28;-0.60;-107.80;-0.66;0.50;0.002;1.33;2.25;-1000.00;-1000.00
625.275;1836;-0.39;-0.60;251.29;-0.64;-0.93;-163.22;-0.54;0.50;50;4;1;6;-0.79;0.34;0.30;0.08;-0.00;0.12;0.00;-0.80;-0.30;-0.64;-112.72;-0.72;0.50;0.004;1.33;2.25;-1000.00;-1000.00
625.375;1848;-0.39;-0.64;245.49;-0.64;-0.93;-163.22;-0.54;0.50;50;4;1;6;-0.79;0.34;0.32;0.13;-0.01;-0.16;0.00;-0.96;-0.32;-0.68;-118.14;-0.75;0.50;0.002;1.33;2.25;-1000.00;-1000.00
625.475;1859;-0.39;-0.67;240.28;-0.64;-0.93;-163.22;-0.54;0.50;50;4;1;6;-0.79;0.35;0.32;0.11;-0.01;-0.07;-0.01;-0.88;-0.33;-0.71;-122.24;-0.74;0.50;0.002;1.33;2.25;-1000.00;-1000.00
625.575;1867;-0.40;-0.70;236.51;-0.64;-0.93;-163.22;-0.54;0.50;50;4;1;6;-0.79;0.35;0.32;0.13;-0.03;-0.20;0.08;-0.96;-0.35;-0.74;-126.27;-0.73;0.50;0.001;1.33;2.25;-1000.00;-1000.00
625.675;1878;-0.41;-0.73;231.33;-0.64;-0.93;-163.22;-0.54;0.50;50;4;1;6;-0.75;0.36;0.33;0.14;-0.03;-0.24;0.09;-0.99;-0.37;-0.76;-130.23;-0.72;0.50;0.002;1.33;2.25;-1000.00;-1000.00
625.775;1886;-0.42;-0.76;227.65;-0.64;-0.93;-163.22;-0.54;0.50;50;4;1;6;-0.74;0.37;0.32;0.10;-0.01;-0.06;0.01;-0.81;-0.39;-0.79;-134.13;-0.71;0.50;0.002;1.33;2.25;-1000.00;-1000.00
625.875;1895;-0.44;-0.78;223.74;-0.85;-0.96;-179.43;-0.47;0.50;50;5;1;6;-0.73;0.37;0.33;0.09;-0.01;-0.04;0.01;-0.79;-0.42;-0.81;-137.96;-0.70;0.50;0.002;1.33;2.25;-1000.00;-1000.00
625.975;1906;-0.46;-0.81;218.92;-0.85;-0.96;-179.43;-0.47;0.50;50;5;1;6;-0.71;0.38;0.30;0.08;-0.01;0.13;-0.06;-0.66;-0.44;-0.83;-141.74;-0.70;0.50;0.002;1.34;2.25;-1000.00;-1000.00
626.075;1918;-0.48;-0.84;214.04;-0.85;-0.96;-179.43;-0.47;0.50;50;5;1;6;-0.68;0.38;0.34;0.07;-0.01;-0.04;0.01;-0.70;-0.48;-0.85;-146.58;-0.67;0.50;0.002;1.34;2.25;-1000.00;-1000.00
626.175;1928;-0.51;-0.87;210.39;-0.85;-0.96;-179.43;-0.47;0.50;50;5;1;6;-0.66;0.39;0.34;0.07;-0.01;-0.04;0.01;-0.61;-0.50;-0.87;-150.02;-0.64;0.50;0.001;1.34;2.25;-1000.00;-1000.00
626.275;1938;-0.53;-0.89;207.07;-0.85;-0.96;-179.43;-0.47;0.50;50;5;1;6;-0.64;0.39;0.34;0.07;-0.01;-0.03;0.01;-0.57;-0.53;-0.89;-153.29;-0.62;0.50;0.001;1.34;2.25;-1000.00;-1000.00
626.375;1947;-0.56;-0.91;204.24;-0.85;-0.96;-179.43;-0.47;0.50;50;5;1;6;-0.63;0.40;0.35;0.06;-0.01;-0.03;0.01;-0.54;-0.56;-0.90;-156.39;-0.60;0.50;0.001;1.34;2.25;-1000.00;-1000.00
626.515;1961;-0.60;-0.93;200.01;-0.85;-0.95;180.00;0.11;0.00;357;1;1;5;-0.62;0.41;0.37;0.05;-0.00;-0.02;-0.01;-0.51;-0.59;-0.91;-159.34;-0.57;0.50;0.035;1.34;2.25;-1000.00;-1000.00
626.575;1966;-0.62;-0.94;198.57;-0.85;-0.95;180.00;0.11;0.00;357;1;1;5;0.18;0.43;0.37;0.04;-0.00;-0.02;0.00;-0.51;-0.85;-0.95;180.04;0.18;0.07;0.017;1.34;2.25;-1000.00;-1000.00
626.695;1979;-0.67;-0.96;197.25;-1.04;-0.97;193.57;0.65;0.50;357;2;1;5;0.18;0.44;0.43;-0.02;-0.00;-0.06;0.05;0.60;-0.85;-0.95;180.04;0.18;0.07;0.027;1.34;2.25;-1000.00;-1000.00
626.795;1990;-0.72;-0.97;201.25;-1.04;-0.97;193.57;0.65;0.50;357;2;1;5;-0.79;0.42;0.44;-0.01;-0.01;-0.06;0.02;0.52;-0.85;-0.95;180.04;0.18;0.07;0.020;1.34;2.25;-1000.00;-1000.00
626.895;1999;-0.75;-0.99;200.72;-1.04;-0.97;193.57;0.65;0.50;357;2;1;5;-0.79;0.40;0.44;0.05;-0.01;-0.04;0.03;-1.03;-0.85;-0.95;180.04;0.18;0.07;0.014;1.34;2.25;-1000.00;-1000.00
626.995;2009;-0.79;-1.00;193.37;-1.04;-0.97;193.57;0.65;0.50;357;2;1;5;-0.58;0.37;0.40;0.09;-0.00;0.07;-0.05;-1.28;-0.85;-0.95;180.04;0.18;0.07;0.015;1.34;2.25;-1000.00;-1000.00
627.085;2018;-0.82;-1.02;187.74;-1.04;-0.97;193.57;0.65;0.50;357;2;1;5;-0.29;0.36;0.36;0.15;-0.01;-0.04;0.08;-0.82;-0.85;-0.95;180.04;0.18;0.07;0.013;1.34;2.25;-1000.00;-1000.00
627.195;2028;-0.86;-1.04;185.39;-1.04;-0.97;193.57;0.65;0.50;357;2;1;5;-0.13;0.34;0.37;0.05;-0.01;-0.06;0.04;-0.18;-0.85;-0.95;180.04;0.18;0.07;0.016;1.34;2.25;-1000.00;-1000.00
627.285;2036;-0.89;-1.04;184.98;-1.04;-0.97;193.57;0.65;0.50;357;2;1;5;0.07;0.32;0.35;0.01;-0.01;-0.04;0.05;0.03;-0.88;-0.95;181.05;0.33;0.21;0.010;1.34;2.25;-1000.00;-1000.00
627.395;2050;-0.93;-1.04;186.53;-1.35;-1.18;234.67;0.68;0.50;357;3;1;5;0.22;0.32;0.33;-0.02;-0.01;-0.04;0.03;0.26;-0.92;-0.95;183.30;0.44;0.31;0.013;1.34;2.25;-1000.00;-1000.00
627.475;2055;-0.95;-1.04;187.55;-1.35;-1.18;234.67;0.68;0.50;357;3;1;5;0.47;0.32;0.32;-0.01;-0.01;-0.03;0.02;0.41;-0.97;-0.95;186.50;0.53;0.39;0.005;1.34;2.25;-1000.00;-1000.00
627.575;2066;-0.98;-1.05;190.80;-1.35;-1.18;234.67;0.68;0.50;357;3;1;5;0.53;0.32;0.32;0.00;0.00;-0.02;-0.05;0.58;-1.00;-0.96;189.93;0.60;0.45;0.005;1.34;2.25;-1000.00;-1000.00
627.695;2081;-1.03;-1.06;195.16;-1.35;-1.18;234.67;0.68;0.50;357;3;1;5;0.57;0.32;0.33;-0.01;-0.01;0.02;0.06;0.45;-1.03;-0.97;192.78;0.64;0.49;0.016;1.34;2.25;-1000.00;-1000.00
627.785;2089;-1.06;-1.07;197.19;-1.35;-1.18;234.67;0.68;0.50;357;3;1;5;0.64;0.32;0.32;-0.04;-0.06;-0.16;0.12;0.50;-1.08;-0.98;197.60;0.65;0.50;0.008;1.34;2.25;-1000.00;-1000.00
627.885;2098;-1.08;-1.07;199.99;-1.35;-1.18;234.67;0.68;0.50;357;3;1;5;0.68;0.33;0.33;-0.08;-0.01;0.02;0.14;0.66;-1.12;-1.00;202.48;0.66;0.50;0.010;1.34;2.25;-1000.00;-1000.00
627.985;2108;-1.12;-1.08;203.50;-1.35;-1.18;234.67;0.68;0.50;357;3;1;5;0.68;0.34;0.31;-0.05;-0.01;-0.01;-0.07;0.58;-1.15;-1.01;205.75;0.66;0.50;0.013;1.34;2.25;-1000.00;-1000.00
628.075;2117;-1.14;-1.08;206.50;-1.35;-1.18;234.67;0.68;0.50;357;3;1;5;0.69;0.35;0.31;-0.05;-0.01;0.00;-0.14;0.55;-1.18;-1.02;209.04;0.66;0.50;0.005;1.34;2.25;-1000.00;-1000.00
628.185;2127;-1.18;-1.09;210.40;-1.35;-1.18;234.67;0.68;0.50;357;3;1;5;0.68;0.35;0.32;-0.09;-0.01;-0.01;0.02;0.67;-1.20;-1.04;212.34;0.66;0.50;0.008;1.34;2.25;-1000.00;-1000.00
628.285;2136;-1.20;-1.10;213.75;-1.35;-1.18;234.67;0.68;0.50;357;3;1;5;0.69;0.36;0.31;-0.06;-0.01;0.03;-0.14;0.59;-1.23;-1.06;215.67;0.67;0.50;0.009;1.34;2.25;-1000.00;-1000.00
628.385;2146;-1.23;-1.11;217.66;-1.35;-1.18;234.67;0.68;0.50;357;3;1;5;0.72;0.37;0.32;-0.08;-0.01;0.02;-0.03;0.68;-1.27;-1.08;220.68;0.67;0.50;0.010;1.34;2.25;-1000.00;-1000.00
628.475;2158;-1.27;-1.13;222.66;-1.35;-1.18;234.67;0.68;0.50;357;3;1;5;0.70;0.38;0.34;-0.09;-0.01;0.00;-0.02;0.78;-1.29;-1.11;224.05;0.67;0.50;0.007;1.34;2.25;-1000.00;-1000.00
628.595;2169;-1.30;-1.15;227.59;-1.35;-1.18;234.67;0.68;0.50;357;3;1;5;0.66;0.38;0.33;-0.08;-0.01;0.04;-0.08;0.71;-1.31;-1.13;227.43;0.68;0.50;0.018;1.34;2.25;-1000.00;-1000.00
628.685;2178;-1.33;-1.17;231.21;-1.35;-1.18;234.67;0.68;0.50;357;3;1;5;0.71;0.39;0.33;-0.07;-0.01;0.07;-0.13;0.60;-1.34;-1.16;232.53;0.68;0.50;0.013;1.34;2.25;-1000.00;-1000.00
628.775;2188;-1.36;-1.19;235.50;-1.35;-1.18;234.67;0.68;0.50;357;3;1;5;0.69;0.40;0.34;-0.09;-0.01;0.00;0.04;0.82;-1.36;-1.19;235.95;0.68;0.50;0.006;1.34;2.25;-1000.00;-1000.00
628.885;2196;-1.38;-1.21;239.05;-1.46;-1.54;269.43;0.49;0.50;357;4;1;5;0.68;0.40;0.34;-0.09;-0.01;-0.02;0.05;0.77;-1.37;-1.21;239.28;0.66;0.50;0.012;1.34;2.25;-1000.00;-1000.00
628.985;2207;-1.40;-1.24;243.67;-1.46;-1.54;269.43;0.49;0.50;357;4;1;5;0.62;0.41;0.34;-0.08;-0.01;-0.01;0.03;0.71;-1.39;-1.24;242.51;0.64;0.50;0.010;1.34;2.25;-1000.00;-1000.00
629.085;2216;-1.42;-1.27;247.10;-1.46;-1.54;269.43;0.49;0.50;357;4;1;5;0.60;0.41;0.35;-0.06;-0.00;0.02;0.01;0.57;-1.40;-1.27;245.63;0.63;0.50;0.010;1.34;2.25;-1000.00;-1000.00
629.275;2235;-1.45;-1.33;253.08;-1.45;-1.55;-90.00;-0.00;0.50;578;0;1;0;0.62;0.42;0.36;-0.05;0.00;0.00;0.01;0.56;-1.42;-1.31;250.13;0.60;0.50;0.089;1.34;2.25;-1000.00;-1000.00
629.335;2241;-1.46;-1.35;255.06;-1.45;-1.55;-90.00;-0.00;0.50;578;0;1;0;0.76;0.44;0.34;-0.10;-0.04;-0.11;-0.12;0.62;-1.45;-1.55;-90.00;-0.00;0.50;0.053;1.34;2.25;-1000.00;-1000.00
629.405;2249;-1.48;-1.37;258.55;-1.45;-1.55;-90.00;-0.00;0.50;578;0;1;0;0.62;0.47;0.40;-0.09;0.00;0.00;0.07;0.92;-1.45;-1.55;-90.00;-0.00;0.50;0.036;1.34;2.25;-1000.00;-1000.00
629.495;2260;-1.49;-1.42;265.35;-1.45;-1.55;-90.00;-0.00;0.50;578;0;1;0;0.34;0.48;0.42;-0.14;-0.04;-0.09;-0.13;1.01;-1.45;-1.55;-90.00;-0.00;0.50;0.028;1.34;2.25;-1000.00;-1000.00
629.615;2269;-1.51;-1.46;268.68;-1.45;-1.55;-90.00;-0.00;0.50;578;0;1;0;0.20;0.50;0.47;-0.07;-0.00;0.07;-0.04;0.29;-1.45;-1.55;-90.00;-0.00;0.50;0.036;1.34;2.25;-1000.00;-1000.00
629.715;2279;-1.51;-1.51;270.10;-1.45;-1.55;-90.00;-0.00;0.50;578;0;1;0;0.15;0.50;0.52;-0.03;-0.01;-0.05;0.07;0.12;-1.45;-1.55;-90.00;-0.00;0.50;0.037;1.34;2.25;-1000.00;-1000.00
629.805;2288;-1.51;-1.55;270.48;-1.45;-1.55;-90.00;-0.00;0.50;578;0;1;0;0.13;0.50;0.52;-0.02;-0.01;-0.07;0.06;0.02;-1.45;-1.55;-90.00;-0.00;0.50;0.021;1.34;2.25;-1000.00;-1000.00
629.895;2298;-1.51;-1.60;270.66;-1.45;-1.79;-90.00;-0.00;0.50;578;1;1;0;0.12;0.50;0.50;0.01;-0.01;-0.01;0.01;-0.01;-1.45;-1.60;-90.00;-0.00;0.50;0.026;1.34;2.25;-1000.00;-1000.00
629.995;2307;-1.51;-1.65;270.61;-1.45;-1.79;-90.00;-0.00;0.50;578;1;1;0;0.12;0.50;0.51;0.00;-0.01;-0.09;0.05;0.01;-1.45;-1.65;-90.00;-0.00;0.50;0.021;1.34;2.25;-1000.00;-1000.00
630.095;2317;-1.51;-1.70;270.56;-1.45;-1.79;-90.00;-0.00;0.50;578;1;1;0;0.12;0.50;0.50;0.01;-0.01;0.02;-0.01;-0.02;-1.45;-1.69;-90.00;-0.00;0.50;0.021;1.34;2.25;-1000.00;-1000.00
630.195;2330;-1.51;-1.76;270.55;-1.45;-1.79;-90.00;-0.00;0.50;578;1;1;0;0.12;0.50;0.50;0.01;-0.01;0.06;-0.04;-0.02;-1.45;-1.74;-90.00;-0.00;0.50;0.020;1.34;2.25;-1000.00;-1000.00
630.295;2341;-1.51;-1.82;270.59;-1.45;-2.03;-90.00;-0.00;0.50;578;2;1;0;0.11;0.49;0.50;0.01;-0.01;0.02;-0.01;-0.01;-1.45;-1.79;-90.00;-0.00;0.50;0.024;1.34;2.25;-1000.00;-1000.00
630.405;2349;-1.51;-1.86;270.59;-1.45;-2.03;-90.00;-0.00;0.50;578;2;1;0;0.11;0.49;0.49;0.01;-0.01;0.02;-0.01;-0.02;-1.45;-1.84;-90.00;-0.00;0.50;0.030;1.34;2.25;-1000.00;-1000.00
630.485;2358;-1.51;-1.90;270.58;-1.45;-2.03;-90.00;-0.00;0.50;578;2;1;0;0.11;0.49;0.49;0.01;-0.01;0.06;-0.04;-0.02;-1.45;-1.90;-90.00;-0.00;0.50;0.009;1.34;2.25;-1000.00;-1000.00
630.585;2367;-1.51;-1.95;270.61;-1.45;-2.03;-90.00;-0.00;0.50;578;2;1;0;0.11;0.49;0.51;0.00;-0.01;-0.08;0.05;0.03;-1.45;-1.95;-90.00;-0.00;0.50;0.009;1.34;2.25;-1000.00;-1000.00
630.705;2381;-1.50;-2.02;270.63;-1.45;-2.03;-90.00;-0.00;0.50;578;2;1;0;0.10;0.49;0.49;0.01;-0.01;0.02;-0.01;-0.01;-1.45;-1.99;-90.00;-0.00;0.50;0.026;1.34;2.25;-1000.00;-1000.00
630.785;2387;-1.50;-2.05;270.64;-1.45;-2.26;-90.00;-0.00;0.50;578;3;1;0;0.10;0.49;0.51;0.00;-0.01;-0.08;0.05;0.02;-1.45;-2.04;-90.00;-0.00;0.50;0.014;1.34;2.25;-1000.00;-1000.00
630.885;2396;-1.50;-2.09;270.65;-1.45;-2.26;-90.00;-0.00;0.50;578;3;1;0;0.10;0.49;0.50;0.00;-0.01;-0.02;0.02;0.00;-1.45;-2.09;-90.00;-0.00;0.50;0.006;1.34;2.25;-1000.00;-1000.00
630.985;2407;-1.50;-2.15;270.65;-1.45;-2.26;-90.00;-0.00;0.50;578;3;1;0;0.09;0.49;0.50;0.00;-0.01;-0.08;0.05;0.02;-1.45;-2.15;-90.00;-0.00;0.50;0.016;1.34;2.25;-1000.00;-1000.00
631.085;2416;-1.50;-2.19;270.65;-1.45;-2.26;-90.00;-0.00;0.50;578;3;1;0;0.09;0.49;0.50;0.00;-0.01;-0.02;0.02;0.00;-1.45;-2.19;-90.00;-0.00;0.50;0.006;1.34;2.25;-1000.00;-1000.00
631.175;2426;-1.50;-2.24;270.64;-1.45;-2.26;-90.00;-0.00;0.50;578;3;1;0;0.09;0.49;0.49;0.01;-0.01;0.06;-0.03;-0.01;-1.45;-2.24;-90.00;-0.00;0.50;0.007;1.34;2.25;-1000.00;-1000.00
631.275;2435;-1.50;-2.29;270.65;-1.45;-2.50;-90.00;0.00;0.50;578;4;1;0;0.09;0.49;0.50;0.00;-0.01;-0.07;0.05;0.01;-1.45;-2.28;-90.00;-0.00;0.50;0.005;1.34;2.25;-1000.00;-1000.00
631.385;2447;-1.50;-2.34;270.65;-1.45;-2.50;-90.00;0.00;0.50;578;4;1;0;0.08;0.49;0.50;0.00;-0.01;-0.07;0.05;0.01;-1.45;-2.33;-90.00;-0.00;0.50;0.005;1.34;2.25;-1000.00;-1000.00
631.475;2459;-1.50;-2.40;270.72;-1.45;-2.50;-90.00;0.00;0.50;578;4;1;0;0.08;0.49;0.50;0.00;-0.01;-0.04;0.03;0.02;-1.45;-2.39;-90.00;-0.00;0.50;0.003;1.34;2.25;-1000.00;-1000.00
631.575;2469;-1.50;-2.45;270.73;-1.45;-2.50;-90.00;0.00;0.50;578;4;1;0;0.07;0.49;0.49;0.00;-0.01;-0.02;0.02;-0.00;-1.45;-2.44;-90.00;0.00;0.50;0.004;1.34;2.25;-1000.00;-1000.00
631.715;2479;-1.49;-2.50;270.72;-1.45;-2.75;-90.00;0.00;-0.50;574;0;1;2;0.07;0.49;0.50;0.00;-0.01;-0.02;0.01;0.00;-1.45;-2.50;-90.00;0.00;0.50;0.032;1.34;2.25;-1000.00;-1000.00
631.835;2492;-1.49;-2.57;270.72;-1.45;-2.45;-90.00;-0.00;0.37;575;0;1;7;0.07;0.49;0.50;0.00;-0.01;-0.02;0.01;0.00;-1.45;-2.54;-90.00;0.00;-0.50;0.038;1.34;2.25;-1000.00;-1000.00
631.895;2498;-1.49;-2.58;270.67;-1.40;-2.83;-65.10;0.79;0.50;575;1;1;7;0.07;0.49;0.11;-0.05;0.00;0.04;0.02;0.09;-1.45;-2.58;-87.68;0.29;0.42;0.023;1.34;2.25;-1000.00;-1000.00
632.015;2511;-1.50;-2.58;270.80;-1.40;-2.83;-65.10;0.79;0.50;575;1;1;7;0.07;0.49;-0.00;0.01;0.00;0.01;-0.01;-0.01;-1.45;-2.58;-87.68;0.29;0.42;0.041;1.34;2.25;-1000.00;-1000.00
632.105;2521;-1.50;-2.58;270.74;-1.40;-2.83;-65.10;0.79;0.50;575;1;1;7;0.07;0.49;0.00;-0.00;0.00;0.00;-0.00;-0.01;-1.45;-2.58;-87.68;0.29;0.42;0.033;1.34;2.25;-1000.00;-1000.00
632.195;2530;-1.50;-2.58;270.71;-1.40;-2.83;-65.10;0.79;0.50;575;1;1;7;0.07;0.49;0.00;-0.00;-0.00;0.00;0.00;-0.01;-1.45;-2.58;-87.68;0.29;0.42;0.022;1.34;2.25;-1000.00;-1000.00
632.295;2540;-1.50;-2.58;270.68;-1.40;-2.83;-65.10;0.79;0.50;575;1;1;7;0.07;0.49;0.00;0.00;-0.00;0.00;-0.00;-0.00;-1.45;-2.58;-87.68;0.29;0.42;0.025;1.34;2.25;-1000.00;-1000.00
632.395;2549;-1.50;-2.58;270.66;-1.40;-2.83;-65.10;0.79;0.50;575;1;1;7;0.07;0.49;0.00;0.00;-0.00;0.00;0.00;-0.00;-1.45;-2.58;-87.68;0.29;0.42;0.025;1.34;2.25;-1000.00;-1000.00
632.495;2559;-1.50;-2.58;270.64;-1.40;-2.83;-65.10;0.79;0.50;575;1;1;7;0.07;0.49;0.00;0.00;-0.00;0.00;0.00;-0.00;-1.45;-2.58;-87.68;0.29;0.42;0.017;1.34;2.25;-1000.00;-1000.00
632.585;2568;-1.50;-2.58;270.63;-1.40;-2.83;-65.10;0.79;0.50;575;1;1;7;0.07;0.49;0.00;0.00;-0.00;0.00;0.00;-0.00;-1.45;-2.58;-87.68;0.29;0.42;0.014;1.34;2.25;-1000.00;-1000.00
632.695;2579;-1.50;-2.58;270.62;-1.40;-2.83;-65.10;0.79;0.50;575;1;1;7;0.07;0.49;0.00;0.00;-0.00;0.00;0.00;-0.00;-1.45;-2.58;-87.68;0.29;0.42;0.020;1.34;2.25;-1000.00;-1000.00
632.795;2588;-1.50;-2.58;270.62;-1.40;-2.83;-65.10;0.79;0.50;575;1;1;7;0.07;0.49;0.00;0.00;-0.00;0.00;0.00;-0.00;-1.45;-2.58;-87.68;0.29;0.42;0.018;1.34;2.25;-1000.00;-1000.00
632.895;2598;-1.50;-2.58;270.61;-1.40;-2.83;-65.10;0.79;0.50;575;1;1;7;0.07;0.49;0.00;0.00;-0.00;0.00;0.00;-0.00;-1.45;-2.58;-87.68;0.29;0.42;0.016;1.34;2.25;-1000.00;-1000.00
632.995;2611;-1.50;-2.58;270.61;-1.40;-2.83;-65.10;0.79;0.50;575;1;1;7;0.07;0.49;0.00;0.00;-0.00;0.00;0.00;-0.00;-1.45;-2.58;-87.68;0.29;0.42;0.027;1.34;2.25;-1000.00;-1000.00
633.095;2617;-1.50;-2.58;270.61;-1.40;-2.83;-65.10;0.79;0.50;575;1;1;7;0.07;0.49;0.00;0.00;-0.00;0.00;0.00;-0.00;-1.45;-2.58;-87.68;0.29;0.42;0.019;1.34;2.25;-1000.00;-1000.00
633.195;2630;-1.50;-2.58;270.61;-1.40;-2.83;-65.10;0.79;0.50;575;1;1;7;0.07;0.49;0.00;0.00;-0.00;0.00;0.00;-0.00;-1.45;-2.58;-87.68;0.29;0.42;0.023;1.34;2.25;-1000.00;-1000.00
633.295;2641;-1.50;-2.58;270.61;-1.40;-2.83;-65.10;0.79;0.50;575;1;1;7;0.07;0.49;0.00;0.00;-0.00;0.00;0.00;-0.00;-1.45;-2.58;-87.68;0.29;0.42;0.028;1.34;2.25;-1000.00;-1000.00
633.415;2649;-1.50;-2.58;270.61;-1.40;-2.83;-65.10;0.79;0.50;575;1;1;7;0.07;0.49;0.00;0.00;-0.00;0.00;0.00;-0.00;-1.45;-2.58;-87.68;0.29;0.42;0.034;1.34;2.25;-1000.00;-1000.00
633.515;2661;-1.50;-2.58;270.60;-1.40;-2.83;-65.10;0.79;0.50;575;1;1;7;0.07;0.49;0.00;0.00;-0.00;0.00;0.00;-0.00;-1.45;-2.58;-87.68;0.29;0.42;0.031;1.34;2.25;-1000.00;-1000.00
633.585;2668;-1.50;-2.58;270.60;-1.40;-2.83;-65.10;0.79;0.50;575;1;1;7;0.07;0.49;0.00;0.00;-0.00;0.00;-0.00;-0.00;-1.45;-2.58;-87.68;0.29;0.42;0.017;1.34;2.25;-1000.00;-1000.00
633.685;2677;-1.50;-2.58;270.60;-1.40;-2.83;-65.10;0.79;0.50;575;1;1;7;0.07;0.49;0.00;0.00;-0.00;0.00;-0.00;-0.00;-1.45;-2.58;-87.68;0.29;0.42;0.019;1.34;2.25;-1000.00;-1000.00
633.805;2687;-1.50;-2.58;270.60;-1.40;-2.83;-65.10;0.79;0.50;575;1;1;7;0.38;0.49;0.00;0.00;-0.00;0.00;-0.00;-0.00;-1.45;-2.58;-87.68;0.29;0.42;0.021;1.34;2.25;-1000.00;-1000.00
633.895;2701;-1.49;-2.61;273.34;-1.40;-2.83;-65.10;0.79;0.50;575;1;1;7;0.36;0.49;0.47;0.03;-0.00;0.06;-0.01;0.71;-1.45;-2.59;-87.05;0.32;0.42;0.022;1.34;2.25;-1000.00;-1000.00
634.015;2711;-1.49;-2.66;276.54;-1.40;-2.83;-65.10;0.79;0.50;575;1;1;7;0.44;0.48;0.51;-0.03;-0.01;-0.10;0.06;0.51;-1.45;-2.64;-84.64;0.41;0.44;0.040;1.34;2.25;-1000.00;-1000.00
634.095;2717;-1.49;-2.69;278.17;-1.40;-2.83;-65.10;0.79;0.50;575;1;1;7;0.55;0.48;0.49;-0.01;-0.01;0.05;-0.01;0.50;-1.44;-2.69;-81.29;0.51;0.45;0.013;1.34;2.25;-1000.00;-1000.00
634.195;2729;-1.48;-2.75;282.56;-1.40;-2.83;-65.10;0.79;0.50;575;1;1;7;0.62;0.48;0.50;-0.07;-0.00;-0.08;0.07;0.83;-1.43;-2.72;-78.49;0.57;0.46;0.025;1.34;2.25;-1000.00;-1000.00
634.295;2740;-1.48;-2.80;288.10;-1.04;-3.07;-3.77;0.79;0.50;575;2;1;7;0.71;0.48;0.46;-0.15;-0.03;-0.20;-0.02;1.04;-1.42;-2.77;-73.33;0.67;0.48;0.025;1.34;2.25;-1000.00;-1000.00
634.395;2749;-1.47;-2.84;293.62;-1.04;-3.07;-3.77;0.79;0.50;575;2;1;7;0.55;0.48;0.42;-0.14;-0.01;0.10;-0.00;1.12;-1.41;-2.80;-69.20;0.73;0.49;0.019;1.34;2.25;-1000.00;-1000.00
634.495;2759;-1.47;-2.89;299.22;-1.04;-3.07;-3.77;0.79;0.50;575;2;1;7;0.57;0.48;0.43;-0.09;-0.01;0.13;0.01;0.62;-1.39;-2.84;-64.48;0.79;0.50;0.022;1.34;2.25;-1000.00;-1000.00
634.585;2768;-1.45;-2.93;302.85;-1.04;-3.07;-3.77;0.79;0.50;575;2;1;7;0.63;0.49;0.46;-0.10;-0.03;-0.18;-0.04;0.81;-1.38;-2.87;-59.52;0.79;0.50;0.015;1.34;2.25;-1000.00;-1000.00
634.695;2778;-1.43;-2.97;307.35;-1.04;-3.07;-3.77;0.79;0.50;575;2;1;7;0.67;0.49;0.42;-0.11;-0.06;0.15;-0.16;0.80;-1.36;-2.90;-54.57;0.79;0.50;0.013;1.34;2.25;-1000.00;-1000.00
634.785;2786;-1.42;-3.00;311.58;-1.04;-3.07;-3.77;0.79;0.50;575;2;1;7;0.69;0.50;0.44;-0.12;-0.01;-0.04;0.01;0.95;-1.34;-2.93;-49.61;0.79;0.50;0.010;1.34;2.25;-1000.00;-1000.00
634.905;2800;-1.39;-3.06;319.85;-1.04;-3.07;-3.77;0.79;0.50;575;2;1;7;0.62;0.50;0.44;-0.13;-0.01;-0.03;0.01;1.10;-1.31;-2.95;-44.65;0.79;0.50;0.027;1.34;2.25;-1000.00;-1000.00
634.985;2810;-1.36;-3.09;325.42;-1.04;-3.07;-3.77;0.79;0.50;575;2;1;7;0.63;0.50;0.47;-0.15;-0.05;-0.22;-0.22;1.06;-1.28;-2.98;-39.70;0.79;0.50;0.013;1.34;2.25;-1000.00;-1000.00
635.085;2819;-1.33;-3.12;330.13;-1.04;-3.07;-3.77;0.79;0.50;575;2;1;7;0.65;0.50;0.44;-0.13;-0.06;0.01;-0.19;0.97;-1.25;-3.00;-34.74;0.79;0.50;0.014;1.34;2.25;-1000.00;-1000.00
635.185;2829;-1.29;-3.15;335.99;-1.04;-3.07;-3.77;0.79;0.50;575;2;1;7;0.64;0.50;0.46;-0.09;-0.01;0.03;0.02;1.03;-1.22;-3.02;-29.79;0.79;0.50;0.014;1.34;2.25;-1000.00;-1000.00
635.285;2837;-1.26;-3.17;340.69;-1.04;-3.07;-3.77;0.79;0.50;575;2;1;7;0.66;0.50;0.46;-0.09;-0.01;0.06;0.03;1.03;-1.19;-3.04;-24.83;0.79;0.50;0.009;1.34;2.25;-1000.00;-1000.00
635.395;2848;-1.21;-3.20;347.36;-1.04;-3.07;-3.77;0.79;0.50;575;2;1;7;0.64;0.49;0.48;-0.16;-0.03;-0.10;-0.20;1.25;-1.16;-3.05;-19.88;0.79;0.50;0.014;1.34;2.25;-1000.00;-1000.00
635.485;2856;-1.18;-3.21;352.54;-1.04;-3.07;-3.77;0.79;0.50;575;2;1;7;0.64;0.49;0.48;-0.11;0.00;0.02;0.06;1.12;-1.12;-3.06;-14.92;0.79;0.50;0.011;1.34;2.25;-1000.00;-1000.00
635.605;2871;-1.11;-3.24;362.74;-1.04;-3.07;-3.77;0.79;0.50;575;2;1;7;0.55;0.47;0.47;-0.16;-0.00;-0.01;-0.02;1.18;-1.09;-3.07;-9.97;0.79;0.50;0.029;1.34;2.25;-1000.00;-1000.00
635.685;2877;-1.08;-3.24;366.20;-0.66;-2.89;54.20;0.73;0.50;575;3;1;7;0.53;0.46;0.45;-0.11;-0.00;0.03;0.11;0.84;-1.07;-3.07;-7.49;0.79;0.50;0.011;1.34;2.25;-1000.00;-1000.00
635.785;2886;-1.04;-3.25;370.54;-0.66;-2.89;54.20;0.73;0.50;575;3;1;7;0.13;0.46;0.44;-0.10;-0.01;0.02;0.02;0.75;-1.03;-3.07;-2.53;0.78;0.50;0.008;1.34;2.25;-1000.00;-1000.00
635.895;2899;-0.98;-3.24;373.33;-0.66;-2.89;54.20;0.73;0.50;575;3;1;7;0.29;0.45;0.44;-0.03;-0.01;-0.00;-0.01;-0.11;-1.00;-3.07;2.39;0.78;0.50;0.015;1.34;2.25;-1000.00;-1000.00
635.985;2909;-0.94;-3.23;373.79;-0.66;-2.89;54.20;0.73;0.50;575;3;1;7;0.51;0.46;0.46;0.01;-0.01;0.01;0.06;0.21;-0.96;-3.07;7.26;0.78;0.50;0.010;1.34;2.25;-1000.00;-1000.00
636.085;2918;-0.89;-3.22;376.27;-0.66;-2.89;54.20;0.73;0.50;575;3;1;7;0.62;0.46;0.45;-0.06;-0.01;-0.04;-0.13;0.71;-0.93;-3.07;12.10;0.77;0.50;0.010;1.34;2.25;-1000.00;-1000.00
636.175;2928;-0.85;-3.22;380.86;-0.66;-2.89;54.20;0.73;0.50;575;3;1;7;0.66;0.47;0.45;-0.11;-0.01;-0.02;-0.08;0.99;-0.89;-3.06;16.88;0.77;0.50;0.006;1.34;2.25;-1000.00;-1000.00
636.275;2939;-0.80;-3.21;386.97;-0.66;-2.89;54.20;0.73;0.50;575;3;1;7;0.64;0.47;0.41;-0.15;-0.05;0.18;0.05;0.98;-0.86;-3.04;21.63;0.76;0.50;0.005;1.34;2.25;-1000.00;-1000.00
636.375;2947;-0.77;-3.20;391.38;-0.66;-2.89;54.20;0.73;0.50;575;3;1;7;0.61;0.47;0.42;-0.11;-0.01;-0.01;0.11;0.88;-0.84;-3.04;23.98;0.76;0.50;0.005;1.34;2.25;-1000.00;-1000.00
636.485;2956;-0.73;-3.19;396.07;-0.66;-2.89;54.20;0.73;0.50;575;3;1;7;0.62;0.47;0.43;-0.11;-0.01;0.00;-0.01;0.86;-0.81;-3.02;28.66;0.75;0.50;0.010;1.34;2.25;-1000.00;-1000.00
