t;frame;x;y;z;x_ref;y_ref;z_ref;delta_ref;u_ref;state;ellipse;control;action;delta;u;vx;vy;vz;wx;wy;wz;xr;yr;zr;delr;ur;obs1x;obs1y;obs2x;obs2y
499.215;15;1.10;-0.30;0.03;0.85;-0.35;-0.00;0.00;-0.50;403;1;1;2;-0.12;-0.04;0.00;0.00;-0.00;0.00;0.00;0.00;0.95;-0.35;0.00;0.00;-0.50;0.086;1.26;2.23;-1000.00;-1000.00
499.255;16;1.10;-0.30;0.03;0.85;-0.35;-0.00;0.00;-0.50;403;1;1;2;-0.12;-0.08;0.00;0.00;-0.00;0.00;0.00;0.00;0.95;-0.35;0.00;0.00;-0.50;0.020;1.26;2.23;-1000.00;-1000.00
499.385;31;1.09;-0.30;0.26;0.85;-0.35;-0.00;0.00;-0.50;403;1;1;2;-0.11;-0.12;-0.08;0.00;-0.00;0.00;-0.00;0.03;0.95;-0.35;0.00;0.00;-0.50;0.049;1.26;2.23;-1000.00;-1000.00
499.455;35;1.09;-0.30;0.28;0.85;-0.35;-0.00;0.00;-0.50;403;1;1;2;-0.11;-0.15;-0.10;0.00;-0.00;-0.01;-0.01;-0.01;0.95;-0.35;0.00;0.00;-0.50;0.027;1.26;2.23;-1000.00;-1000.00
499.555;47;1.07;-0.30;0.42;0.85;-0.35;-0.00;0.00;-0.50;403;1;1;2;-0.10;-0.18;-0.15;-0.00;-0.00;-0.01;-0.03;0.02;0.95;-0.35;0.00;0.00;-0.50;0.029;1.26;2.23;-1000.00;-1000.00
499.655;55;1.06;-0.30;0.60;0.85;-0.35;-0.00;0.00;-0.50;403;1;1;2;-0.09;-0.21;-0.18;-0.00;0.00;0.00;0.00;0.04;0.95;-0.35;0.00;0.00;-0.50;0.023;1.26;2.23;-1000.00;-1000.00
499.765;66;1.04;-0.30;0.83;0.85;-0.35;-0.00;0.00;-0.50;403;1;1;2;-0.08;-0.23;-0.21;0.00;0.00;0.00;-0.00;0.03;0.95;-0.35;0.00;0.00;-0.50;0.030;1.26;2.23;-1000.00;-1000.00
499.855;75;1.02;-0.30;0.97;0.85;-0.35;-0.00;0.00;-0.50;403;1;1;2;-0.07;-0.25;-0.23;-0.00;0.00;0.00;-0.00;0.02;0.95;-0.35;0.00;0.00;-0.50;0.024;1.26;2.23;-1000.00;-1000.00
499.965;89;0.98;-0.30;1.12;0.76;-0.35;-0.00;0.00;-0.50;403;2;1;2;-0.06;-0.27;-0.25;0.00;0.00;0.00;-0.00;0.01;0.95;-0.35;0.00;0.00;-0.50;0.034;1.26;2.23;-1000.00;-1000.00
500.075;99;0.96;-0.30;1.17;0.76;-0.35;-0.00;0.00;-0.50;403;2;1;2;-0.06;-0.28;-0.27;0.00;-0.00;0.00;-0.00;0.01;0.95;-0.35;0.00;0.00;-0.50;0.034;1.26;2.23;-1000.00;-1000.00
500.155;105;0.94;-0.30;1.20;0.76;-0.35;-0.00;0.00;-0.50;403;2;1;2;-0.06;-0.29;-0.28;-0.00;-0.00;0.00;0.00;0.01;0.95;-0.35;-0.00;0.00;-0.50;0.022;1.26;2.23;-1000.00;-1000.00
500.315;123;0.89;-0.30;1.25;0.65;-0.35;0.00;-0.00;0.37;217;0;1;7;-0.05;-0.30;-0.30;-0.00;-0.00;0.00;0.00;0.00;0.92;-0.35;-0.00;0.00;-0.50;0.059;1.26;2.23;-1000.00;-1000.00
500.385;129;0.87;-0.30;1.26;1.03;-0.30;24.90;0.79;0.50;217;1;1;7;-0.05;-0.30;-0.30;0.00;-0.00;0.00;-0.00;0.00;0.89;-0.34;8.71;0.51;0.45;0.047;1.26;2.23;-1000.00;-1000.00
500.475;137;0.85;-0.30;1.03;1.03;-0.30;24.90;0.79;0.50;217;1;1;7;-0.05;-0.30;-0.06;0.00;-0.00;-0.00;-0.03;-0.09;0.87;-0.34;7.48;0.48;0.45;0.040;1.26;2.23;-1000.00;-1000.00
500.555;148;0.85;-0.30;0.75;1.03;-0.30;24.90;0.79;0.50;217;1;1;7;-0.05;-0.30;0.01;-0.01;0.00;-0.01;-0.01;-0.04;0.86;-0.34;6.37;0.44;0.44;0.030;1.26;2.23;-1000.00;-1000.00
500.665;157;0.85;-0.30;0.64;1.03;-0.30;24.90;0.79;0.50;217;1;1;7;-0.05;-0.30;0.00;0.00;-0.00;-0.00;-0.00;-0.02;0.86;-0.34;6.37;0.44;0.44;0.037;1.26;2.23;-1000.00;-1000.00
500.765;166;0.85;-0.30;0.56;1.03;-0.30;24.90;0.79;0.50;217;1;1;7;-0.05;-0.30;0.00;0.00;-0.00;-0.00;-0.00;-0.01;0.86;-0.34;6.37;0.44;0.44;0.027;1.26;2.23;-1000.00;-1000.00
500.855;178;0.85;-0.30;0.48;1.03;-0.30;24.90;0.79;0.50;217;1;1;7;-0.05;-0.30;-0.00;-0.00;0.00;0.01;-0.01;0.00;0.86;-0.34;6.37;0.44;0.44;0.030;1.26;2.23;-1000.00;-1000.00
500.965;187;0.85;-0.30;0.45;1.03;-0.30;24.90;0.79;0.50;217;1;1;7;-0.05;-0.30;-0.00;-0.00;0.00;0.01;0.00;0.01;0.86;-0.34;6.37;0.44;0.44;0.030;1.26;2.23;-1000.00;-1000.00
501.065;197;0.85;-0.30;0.43;1.03;-0.30;24.90;0.79;0.50;217;1;1;7;-0.05;-0.30;-0.00;-0.00;0.00;0.01;-0.00;0.01;0.86;-0.34;6.37;0.44;0.44;0.029;1.26;2.23;-1000.00;-1000.00
501.155;205;0.85;-0.30;0.43;1.03;-0.30;24.90;0.79;0.50;217;1;1;7;-0.05;-0.30;-0.00;-0.00;0.00;0.00;0.02;0.00;0.86;-0.34;6.37;0.44;0.44;0.021;1.26;2.23;-1000.00;-1000.00
501.275;219;0.85;-0.30;0.44;1.03;-0.30;24.90;0.79;0.50;217;1;1;7;-0.05;-0.30;-0.00;-0.00;0.00;0.01;0.00;0.01;0.86;-0.34;6.37;0.44;0.44;0.046;1.26;2.23;-1000.00;-1000.00
501.385;229;0.85;-0.30;0.45;1.03;-0.30;24.90;0.79;0.50;217;1;1;7;-0.05;-0.30;-0.00;-0.00;0.00;0.01;0.01;0.01;0.86;-0.34;6.37;0.44;0.44;0.047;1.26;2.23;-1000.00;-1000.00
501.495;239;0.85;-0.30;0.47;1.03;-0.30;24.90;0.79;0.50;217;1;1;7;-0.05;-0.30;-0.00;-0.00;0.00;0.00;0.02;0.00;0.86;-0.34;6.37;0.44;0.44;0.059;1.26;2.23;-1000.00;-1000.00
501.585;249;0.85;-0.30;0.49;1.03;-0.30;24.90;0.79;0.50;217;1;1;7;-0.05;-0.30;-0.00;-0.00;0.00;0.00;0.02;0.00;0.86;-0.34;6.37;0.44;0.44;0.047;1.26;2.23;-1000.00;-1000.00
501.675;260;0.85;-0.30;0.50;1.03;-0.30;24.90;0.79;0.50;217;1;1;7;-0.05;-0.30;0.00;0.00;-0.00;-0.01;-0.02;-0.01;0.86;-0.34;6.37;0.44;0.44;0.040;1.26;2.23;-1000.00;-1000.00
501.795;269;0.85;-0.30;0.52;1.03;-0.30;24.90;0.79;0.50;217;1;1;7;-0.05;-0.30;-0.00;-0.00;0.00;0.00;0.02;0.00;0.86;-0.34;6.37;0.44;0.44;0.047;1.26;2.23;-1000.00;-1000.00
501.885;280;0.85;-0.30;0.53;1.03;-0.30;24.90;0.79;0.50;217;1;1;7;-0.05;-0.30;-0.00;0.00;-0.00;-0.01;-0.01;-0.00;0.86;-0.34;6.37;0.44;0.44;0.047;1.26;2.23;-1000.00;-1000.00
501.955;288;0.85;-0.30;0.54;1.03;-0.30;24.90;0.79;0.50;217;1;1;7;-0.05;-0.30;0.00;0.00;-0.00;-0.01;-0.02;-0.01;0.86;-0.34;6.37;0.44;0.44;0.027;1.26;2.23;-1000.00;-1000.00
502.085;298;0.85;-0.30;0.56;1.03;-0.30;24.90;0.79;0.50;217;1;1;7;-0.05;-0.30;0.00;0.00;-0.00;-0.01;-0.02;-0.01;0.86;-0.34;6.37;0.44;0.44;0.052;1.26;2.23;-1000.00;-1000.00
502.185;307;0.85;-0.31;0.58;1.03;-0.30;24.90;0.79;0.50;217;1;1;7;-0.05;-0.30;-0.00;-0.00;0.00;0.00;0.02;0.00;0.86;-0.34;6.37;0.44;0.44;0.049;1.26;2.23;-1000.00;-1000.00
502.275;317;0.85;-0.31;0.59;1.03;-0.30;24.90;0.79;0.50;217;1;1;7;0.64;-0.26;-0.00;-0.00;0.00;0.00;0.02;0.00;0.86;-0.34;6.37;0.44;0.44;0.040;1.26;2.23;-1000.00;-1000.00
502.355;327;0.85;-0.30;-0.60;1.03;-0.30;24.90;0.79;0.50;217;1;1;7;0.67;-0.22;-0.20;0.03;0.01;0.02;0.02;-0.65;0.86;-0.34;6.37;0.44;0.44;0.023;1.26;2.23;-1000.00;-1000.00
502.455;336;0.82;-0.30;-3.79;1.03;-0.30;24.90;0.79;0.50;217;1;1;7;0.68;-0.18;-0.22;0.01;-0.01;0.03;-0.07;-0.53;0.83;-0.35;4.46;0.38;0.43;0.023;1.26;2.23;-1000.00;-1000.00
502.565;346;0.80;-0.30;-5.99;1.03;-0.30;24.90;0.79;0.50;217;1;1;7;0.68;-0.14;-0.19;-0.01;-0.01;-0.01;0.03;-0.25;0.81;-0.35;3.66;0.35;0.43;0.022;1.26;2.23;-1000.00;-1000.00
502.705;360;0.78;-0.30;-7.30;1.03;-0.30;24.90;0.79;0.50;217;1;1;7;0.66;-0.11;-0.14;0.00;-0.01;-0.02;0.05;-0.08;0.79;-0.35;2.95;0.32;0.42;0.065;1.26;2.23;-1000.00;-1000.00
502.805;373;0.77;-0.30;-7.51;1.03;-0.30;24.90;0.79;0.50;217;1;1;7;0.62;-0.07;-0.10;-0.01;-0.01;0.02;-0.04;0.01;0.78;-0.35;2.32;0.29;0.42;0.063;1.26;2.23;-1000.00;-1000.00
502.885;379;0.76;-0.30;-7.19;1.03;-0.30;24.90;0.79;0.50;217;1;1;7;0.57;-0.04;-0.08;0.00;-0.01;-0.01;0.02;0.17;0.76;-0.35;1.79;0.25;0.41;0.053;1.26;2.23;-1000.00;-1000.00
502.975;387;0.76;-0.29;-6.55;1.03;-0.30;24.90;0.79;0.50;217;1;1;7;0.53;-0.01;-0.05;0.00;-0.01;0.01;-0.01;0.20;0.76;-0.35;1.79;0.25;0.41;0.039;1.26;2.23;-1000.00;-1000.00
503.065;398;0.75;-0.29;-5.25;1.03;-0.30;24.90;0.79;0.50;217;1;1;7;0.47;0.01;-0.00;0.00;-0.01;0.04;-0.08;0.19;0.75;-0.35;1.33;0.22;0.40;0.037;1.26;2.23;-1000.00;-1000.00
503.145;406;0.75;-0.29;-4.46;1.03;-0.30;24.90;0.79;0.50;217;1;1;7;0.43;0.04;0.01;-0.00;-0.01;-0.00;0.03;0.22;0.75;-0.35;1.33;0.22;0.40;0.015;1.26;2.23;-1000.00;-1000.00
503.275;420;0.76;-0.29;-2.98;1.03;-0.30;24.90;0.79;0.50;217;1;1;7;0.40;0.06;0.04;-0.01;-0.00;0.01;-0.03;0.14;0.76;-0.35;1.79;0.25;0.41;0.041;1.26;2.23;-1000.00;-1000.00
503.355;425;0.76;-0.29;-2.55;1.03;-0.30;24.90;0.79;0.50;217;1;1;7;0.39;0.08;0.05;-0.00;-0.00;-0.02;0.05;0.17;0.76;-0.35;1.79;0.25;0.41;0.022;1.26;2.23;-1000.00;-1000.00
503.455;436;0.77;-0.29;-1.71;1.03;-0.30;24.90;0.79;0.50;217;1;1;7;0.37;0.10;0.08;0.00;0.00;0.00;0.00;0.12;0.76;-0.35;1.79;0.25;0.41;0.022;1.27;2.23;-1000.00;-1000.00
503.555;445;0.77;-0.30;-1.14;1.03;-0.30;24.90;0.79;0.50;217;1;1;7;0.39;0.11;0.10;0.00;0.00;0.00;0.02;0.11;0.78;-0.35;2.32;0.29;0.42;0.026;1.27;2.23;-1000.00;-1000.00
503.655;457;0.79;-0.30;-0.46;1.03;-0.30;24.90;0.79;0.50;217;1;1;7;0.41;0.13;0.12;-0.00;0.00;0.00;0.02;0.12;0.79;-0.35;2.95;0.32;0.42;0.023;1.27;2.23;-1000.00;-1000.00
503.785;468;0.80;-0.30;0.34;1.03;-0.30;24.90;0.79;0.50;217;1;1;7;0.41;0.14;0.13;-0.00;-0.00;-0.00;0.00;0.13;0.79;-0.35;2.95;0.32;0.42;0.051;1.27;2.23;-1000.00;-1000.00
503.865;479;0.82;-0.30;1.10;1.03;-0.30;24.90;0.79;0.50;217;1;1;7;0.47;0.16;0.15;-0.00;-0.00;-0.00;0.00;0.12;0.83;-0.35;4.46;0.38;0.43;0.031;1.27;2.23;-1000.00;-1000.00
503.965;487;0.83;-0.30;1.78;1.03;-0.30;24.90;0.79;0.50;217;1;1;7;0.47;0.17;0.16;-0.00;-0.01;0.00;0.00;0.16;0.83;-0.35;4.46;0.38;0.43;0.033;1.27;2.23;-1000.00;-1000.00
504.085;498;0.85;-0.29;2.72;1.03;-0.30;24.90;0.79;0.50;217;1;1;7;0.51;0.19;0.18;-0.00;-0.01;0.00;0.00;0.14;0.84;-0.35;5.36;0.41;0.44;0.047;1.27;2.23;-1000.00;-1000.00
504.155;506;0.86;-0.29;3.39;1.03;-0.30;24.90;0.79;0.50;217;1;1;7;0.59;0.20;0.19;-0.00;-0.01;-0.00;0.00;0.18;0.87;-0.34;7.48;0.48;0.45;0.026;1.27;2.23;-1000.00;-1000.00
504.255;516;0.88;-0.29;4.64;1.03;-0.30;24.90;0.79;0.50;217;1;1;7;0.63;0.22;0.20;-0.01;-0.01;0.01;-0.01;0.26;0.89;-0.34;8.71;0.51;0.45;0.030;1.27;2.23;-1000.00;-1000.00
504.375;529;0.91;-0.29;6.67;1.27;0.06;86.23;0.79;0.50;217;2;1;7;0.65;0.23;0.20;-0.02;-0.01;0.03;-0.04;0.37;0.91;-0.34;10.05;0.54;0.46;0.034;1.27;2.23;-1000.00;-1000.00
504.445;535;0.92;-0.29;7.86;1.27;0.06;86.23;0.79;0.50;217;2;1;7;0.79;0.25;0.23;-0.02;-0.01;0.03;-0.05;0.38;0.94;-0.33;13.10;0.60;0.47;0.012;1.27;2.23;-1000.00;-1000.00
504.575;549;0.95;-0.29;12.37;1.27;0.06;86.23;0.79;0.50;217;2;1;7;0.79;0.26;0.25;0.00;-0.00;-0.19;0.18;0.53;0.95;-0.33;14.82;0.63;0.47;0.042;1.27;2.23;-1000.00;-1000.00
504.665;560;0.98;-0.28;16.58;1.27;0.06;86.23;0.79;0.50;217;2;1;7;0.77;0.26;0.26;-0.01;-0.01;-0.09;0.08;0.60;0.97;-0.32;16.67;0.67;0.48;0.028;1.27;2.23;-1000.00;-1000.00
504.765;569;1.00;-0.28;19.12;1.27;0.06;86.23;0.79;0.50;217;2;1;7;0.79;0.27;0.26;-0.00;-0.06;0.26;0.06;0.59;1.00;-0.31;20.80;0.73;0.49;0.036;1.27;2.23;-1000.00;-1000.00
504.875;579;1.03;-0.27;22.70;1.27;0.06;86.23;0.79;0.50;217;2;1;7;0.79;0.28;0.28;-0.01;-0.01;-0.12;0.08;0.50;1.04;-0.29;25.52;0.79;0.50;0.040;1.27;2.23;-1000.00;-1000.00
504.965;588;1.06;-0.26;25.28;1.27;0.06;86.23;0.79;0.50;217;2;1;7;0.79;0.29;0.27;-0.04;-0.01;0.14;-0.08;0.63;1.05;-0.29;28.00;0.79;0.50;0.031;1.27;2.23;-1000.00;-1000.00
505.065;598;1.08;-0.25;28.52;1.27;0.06;86.23;0.79;0.50;217;2;1;7;0.79;0.31;0.30;-0.02;-0.01;-0.03;0.03;0.44;1.08;-0.27;32.96;0.79;0.50;0.035;1.27;2.23;-1000.00;-1000.00
505.155;607;1.11;-0.24;30.93;1.27;0.06;86.23;0.79;0.50;217;2;1;7;0.79;0.32;0.31;-0.04;-0.01;0.06;-0.04;0.64;1.10;-0.26;35.43;0.79;0.50;0.027;1.27;2.23;-1000.00;-1000.00
505.265;618;1.14;-0.22;34.56;1.27;0.06;86.23;0.79;0.50;217;2;1;7;0.79;0.33;0.34;-0.04;-0.01;-0.05;0.03;0.50;1.14;-0.22;42.87;0.79;0.50;0.028;1.27;2.23;-1000.00;-1000.00
505.365;627;1.17;-0.21;37.93;1.27;0.06;86.23;0.79;0.50;217;2;1;7;0.79;0.35;0.34;-0.06;-0.01;0.07;-0.03;0.73;1.15;-0.21;45.35;0.79;0.50;0.031;1.27;2.23;-1000.00;-1000.00
505.455;637;1.20;-0.19;41.71;1.27;0.06;86.23;0.79;0.50;217;2;1;7;0.79;0.37;0.38;-0.07;-0.01;0.06;-0.00;0.82;1.18;-0.18;50.30;0.79;0.50;0.023;1.27;2.23;-1000.00;-1000.00
505.565;648;1.24;-0.17;46.84;1.27;0.06;86.23;0.79;0.50;217;2;1;7;0.79;0.39;0.38;-0.10;-0.01;0.09;-0.01;0.99;1.21;-0.14;57.73;0.79;0.50;0.022;1.27;2.23;-1000.00;-1000.00
505.655;656;1.26;-0.15;50.78;1.27;0.06;86.23;0.79;0.50;217;2;1;7;0.79;0.40;0.41;-0.10;-0.01;-0.02;-0.01;0.84;1.22;-0.12;60.21;0.79;0.50;0.024;1.27;2.23;-1000.00;-1000.00
505.765;670;1.31;-0.11;58.31;1.27;0.06;86.23;0.79;0.50;217;2;1;7;0.79;0.42;0.45;-0.11;-0.05;-0.08;-0.20;1.08;1.24;-0.09;65.17;0.79;0.50;0.030;1.27;2.23;-1000.00;-1000.00
505.865;676;1.33;-0.09;63.22;1.27;0.06;86.23;0.79;0.50;217;2;1;7;0.79;0.43;0.46;-0.12;-0.07;-0.09;-0.35;1.36;1.25;-0.06;70.12;0.79;0.50;0.036;1.27;2.23;-1000.00;-1000.00
505.955;685;1.35;-0.05;70.47;1.09;0.44;144.20;0.73;0.50;217;3;1;7;0.79;0.44;0.46;-0.14;-0.00;-0.02;0.00;1.58;1.26;-0.02;75.08;0.79;0.50;0.013;1.27;2.23;-1000.00;-1000.00
506.045;695;1.38;-0.01;79.94;1.09;0.44;144.20;0.73;0.50;217;3;1;7;0.66;0.45;0.44;-0.16;-0.00;-0.01;0.03;1.76;1.27;0.01;80.03;0.79;0.50;0.008;1.27;2.23;-1000.00;-1000.00
506.155;709;1.40;0.05;91.27;1.09;0.44;144.20;0.73;0.50;217;3;1;7;0.46;0.46;0.46;-0.13;-0.01;0.01;0.02;1.23;1.27;0.05;84.99;0.79;0.50;0.019;1.27;2.23;-1000.00;-1000.00
506.245;715;1.40;0.08;94.41;1.09;0.44;144.20;0.73;0.50;217;3;1;7;0.51;0.46;0.46;-0.11;-0.01;-0.08;-0.06;0.74;1.28;0.08;89.93;0.78;0.50;0.007;1.27;2.23;-1000.00;-1000.00
506.345;724;1.40;0.12;97.61;1.09;0.44;144.20;0.73;0.50;217;3;1;7;0.60;0.47;0.47;-0.04;0.00;0.03;0.01;0.74;1.27;0.12;94.83;0.78;0.50;0.007;1.27;2.23;-1000.00;-1000.00
506.465;739;1.39;0.19;105.10;1.09;0.44;144.20;0.73;0.50;217;3;1;7;0.55;0.47;0.49;-0.03;0.00;0.00;0.02;0.99;1.27;0.14;97.26;0.78;0.50;0.019;1.27;2.23;-1000.00;-1000.00
506.545;745;1.39;0.22;108.40;1.09;0.44;144.20;0.73;0.50;217;3;1;7;0.59;0.47;0.46;-0.02;-0.01;0.06;0.10;0.83;1.27;0.17;102.10;0.77;0.50;0.013;1.27;2.23;-1000.00;-1000.00
506.645;755;1.37;0.26;111.95;1.09;0.44;144.20;0.73;0.50;217;3;1;7;0.67;0.47;0.49;-0.01;-0.01;-0.06;-0.07;0.47;1.26;0.21;106.88;0.77;0.50;0.016;1.27;2.23;-1000.00;-1000.00
506.745;767;1.35;0.32;116.47;1.09;0.44;144.20;0.73;0.50;217;3;1;7;0.79;0.47;0.48;-0.08;-0.01;0.07;0.08;0.84;1.24;0.26;113.98;0.76;0.50;0.007;1.27;2.23;-1000.00;-1000.00
506.845;776;1.34;0.36;120.85;1.09;0.44;144.20;0.73;0.50;217;3;1;7;0.79;0.47;0.54;-0.07;-0.01;0.01;0.04;0.98;1.22;0.29;118.66;0.75;0.50;0.012;1.27;2.23;-1000.00;-1000.00
506.945;786;1.31;0.41;127.11;1.09;0.44;144.20;0.73;0.50;217;3;1;7;0.79;0.47;0.54;-0.14;-0.01;0.01;0.08;1.33;1.19;0.34;125.60;0.75;0.50;0.006;1.27;2.23;-1000.00;-1000.00
507.045;797;1.29;0.47;134.49;1.09;0.44;144.20;0.73;0.50;217;3;1;7;0.79;0.47;0.57;-0.18;-0.01;-0.03;-0.11;1.15;1.17;0.37;130.18;0.74;0.50;0.007;1.27;2.23;-1000.00;-1000.00
507.145;806;1.26;0.51;141.41;1.09;0.44;144.20;0.73;0.50;217;3;1;7;0.79;0.46;0.54;-0.20;-0.01;-0.02;0.06;1.31;1.15;0.39;134.71;0.74;0.50;0.010;1.27;2.23;-1000.00;-1000.00
507.245;816;1.23;0.56;149.47;1.09;0.44;144.20;0.73;0.50;217;3;1;7;0.71;0.45;0.51;-0.23;-0.01;-0.03;0.04;1.63;1.12;0.42;139.20;0.73;0.50;0.012;1.27;2.23;-1000.00;-1000.00
507.345;827;1.19;0.61;158.20;1.09;0.44;144.20;0.73;0.50;217;3;1;7;0.64;0.43;0.47;-0.19;-0.01;-0.03;-0.02;1.30;1.08;0.45;145.84;0.72;0.50;0.008;1.27;2.23;-1000.00;-1000.00
507.435;836;1.16;0.63;163.79;1.09;0.44;144.20;0.73;0.50;217;3;1;7;0.53;0.41;0.46;-0.14;-0.01;-0.02;0.09;0.98;1.06;0.46;147.96;0.70;0.50;0.006;1.27;2.23;-1000.00;-1000.00
507.545;847;1.11;0.66;168.48;1.09;0.44;144.20;0.73;0.50;217;3;1;7;0.50;0.39;0.43;-0.08;-0.01;-0.02;0.04;0.64;1.03;0.48;151.99;0.66;0.50;0.015;1.27;2.23;-1000.00;-1000.00
507.645;855;1.08;0.67;170.72;1.09;0.44;144.20;0.73;0.50;217;3;1;7;0.50;0.37;0.40;-0.02;-0.01;0.08;-0.15;0.42;1.00;0.50;155.74;0.63;0.50;0.007;1.27;2.23;-1000.00;-1000.00
507.745;865;1.04;0.67;173.74;1.09;0.44;144.20;0.73;0.50;217;3;1;7;0.44;0.35;0.37;-0.01;-0.01;-0.03;0.04;0.45;0.98;0.50;157.52;0.61;0.50;0.011;1.27;2.23;-1000.00;-1000.00
507.845;875;1.00;0.68;175.60;1.09;0.44;144.20;0.73;0.50;217;3;1;7;0.44;0.33;0.36;-0.01;0.00;0.02;-0.01;0.34;0.95;0.52;160.88;0.58;0.50;0.007;1.27;2.23;-1000.00;-1000.00
507.945;886;0.97;0.68;177.72;1.09;0.44;144.20;0.73;0.50;217;3;1;7;0.42;0.32;0.33;0.00;-0.01;0.07;-0.11;0.25;0.91;0.53;163.98;0.54;0.50;0.012;1.27;2.23;-1000.00;-1000.00
508.035;894;0.94;0.68;179.34;1.09;0.44;144.20;0.73;0.50;217;3;1;7;0.39;0.30;0.31;-0.01;-0.01;-0.02;0.04;0.31;0.90;0.53;165.44;0.52;0.50;0.006;1.27;2.23;-1000.00;-1000.00
508.145;904;0.91;0.68;180.73;1.09;0.44;144.20;0.73;0.50;217;3;1;7;0.37;0.29;0.33;-0.04;-0.04;-0.03;0.30;0.33;0.88;0.54;166.84;0.51;0.50;0.010;1.27;2.23;-1000.00;-1000.00
508.245;915;0.88;0.68;181.93;1.09;0.44;144.20;0.73;0.50;217;3;1;7;0.36;0.27;0.31;-0.05;-0.04;-0.02;0.30;0.29;0.86;0.54;168.18;0.49;0.50;0.012;1.27;2.23;-1000.00;-1000.00
508.355;927;0.84;0.69;182.91;1.09;0.44;144.20;0.73;0.50;217;3;1;7;0.37;0.26;0.27;-0.01;-0.01;-0.04;0.06;0.21;0.82;0.55;170.70;0.45;0.50;0.019;1.27;2.23;-1000.00;-1000.00
508.485;939;0.81;0.68;183.68;0.51;0.56;171.38;-0.63;0.50;489;1;1;4;0.37;0.25;0.24;-0.00;-0.01;-0.04;0.06;0.16;0.81;0.55;171.87;0.44;0.50;0.036;1.27;2.23;-1000.00;-1000.00
508.555;948;0.79;0.68;183.98;0.51;0.56;171.38;-0.63;0.50;489;1;1;4;0.32;0.26;0.25;0.00;-0.01;0.05;-0.07;0.01;0.65;0.55;180.00;-0.08;0.06;0.022;1.27;2.23;-1000.00;-1000.00
508.685;962;0.76;0.68;184.22;0.25;0.65;154.12;-0.22;0.50;489;2;1;4;0.23;0.26;0.25;-0.01;-0.01;0.06;-0.07;-0.03;0.65;0.55;180.00;-0.08;0.06;0.050;1.27;2.23;-1000.00;-1000.00
508.745;966;0.75;0.68;184.20;0.25;0.65;154.12;-0.22;0.50;489;2;1;4;0.07;0.25;0.24;-0.00;-0.01;-0.04;0.05;0.02;0.65;0.55;180.00;-0.08;0.06;0.013;1.27;2.23;-1000.00;-1000.00
508.875;979;0.72;0.68;182.99;0.25;0.65;154.12;-0.22;0.50;489;2;1;4;0.09;0.24;0.24;0.00;-0.01;-0.00;0.01;-0.20;0.65;0.55;180.00;-0.08;0.06;0.033;1.27;2.23;-1000.00;-1000.00
508.945;984;0.70;0.68;182.50;0.25;0.65;154.12;-0.22;0.50;489;2;1;4;0.10;0.22;0.24;0.00;-0.01;-0.03;0.04;-0.13;0.65;0.55;180.00;-0.08;0.06;0.011;1.27;2.23;-1000.00;-1000.00
509.045;994;0.68;0.68;181.82;0.25;0.65;154.12;-0.22;0.50;489;2;1;4;0.11;0.21;0.22;-0.00;-0.01;-0.04;0.05;-0.07;0.65;0.55;180.00;-0.08;0.06;0.017;1.27;2.23;-1000.00;-1000.00
509.155;1008;0.65;0.68;181.36;0.25;0.65;154.12;-0.22;0.50;489;2;1;4;0.10;0.19;0.19;-0.00;-0.00;-0.02;0.03;-0.04;0.65;0.55;180.00;-0.08;0.06;0.020;1.27;2.23;-1000.00;-1000.00
509.265;1019;0.63;0.68;181.13;0.25;0.65;154.12;-0.22;0.50;489;2;1;4;0.09;0.17;0.18;0.00;-0.00;-0.01;0.01;-0.04;0.65;0.55;180.00;-0.08;0.06;0.025;1.27;2.23;-1000.00;-1000.00
509.365;1028;0.62;0.68;180.95;0.25;0.65;154.12;-0.22;0.50;489;2;1;4;-0.10;0.16;0.16;0.00;-0.00;-0.01;0.01;-0.04;0.63;0.55;179.57;-0.25;0.20;0.023;1.27;2.23;-1000.00;-1000.00
509.465;1037;0.60;0.68;180.50;0.25;0.65;154.12;-0.22;0.50;489;2;1;4;-0.25;0.16;0.17;0.00;0.00;0.01;-0.01;-0.11;0.60;0.55;178.29;-0.38;0.30;0.034;1.27;2.23;-1000.00;-1000.00
509.565;1048;0.58;0.68;179.62;0.25;0.65;154.12;-0.22;0.50;489;2;1;4;-0.31;0.16;0.16;0.00;-0.00;0.00;-0.00;-0.16;0.58;0.55;177.42;-0.43;0.34;0.033;1.27;2.23;-1000.00;-1000.00
509.655;1057;0.57;0.68;178.95;0.25;0.65;154.12;-0.22;0.50;489;2;1;4;-0.38;0.16;0.15;0.01;-0.00;0.01;0.01;-0.11;0.57;0.55;176.30;-0.48;0.38;0.025;1.27;2.23;-1000.00;-1000.00
509.765;1068;0.55;0.68;178.20;0.25;0.65;154.12;-0.22;0.50;489;2;1;4;-0.52;0.17;0.15;0.01;-0.00;0.01;0.01;-0.12;0.54;0.55;174.07;-0.56;0.44;0.027;1.27;2.23;-1000.00;-1000.00
509.855;1076;0.54;0.68;177.51;0.25;0.65;154.12;-0.22;0.50;489;2;1;4;-0.62;0.18;0.17;0.00;-0.00;-0.01;-0.01;-0.19;0.52;0.56;172.18;-0.61;0.48;0.021;1.27;2.23;-1000.00;-1000.00
509.955;1087;0.52;0.68;176.00;0.25;0.65;154.12;-0.22;0.50;489;2;1;4;-0.65;0.19;0.17;0.00;-0.01;0.01;0.02;-0.27;0.50;0.56;170.03;-0.61;0.50;0.016;1.27;2.23;-1000.00;-1000.00
510.045;1095;0.51;0.68;174.80;0.25;0.65;154.12;-0.22;0.50;489;2;1;4;-0.63;0.20;0.19;0.00;-0.01;0.02;0.03;-0.36;0.49;0.56;168.99;-0.59;0.50;0.014;1.27;2.23;-1000.00;-1000.00
510.165;1109;0.48;0.68;172.65;0.01;0.77;155.85;0.31;0.50;489;3;1;4;-0.61;0.21;0.23;0.04;-0.04;0.06;0.32;-0.41;0.47;0.57;167.02;-0.56;0.50;0.032;1.27;2.23;-1000.00;-1000.00
510.245;1114;0.47;0.68;171.65;0.01;0.77;155.85;0.31;0.50;489;3;1;4;-0.54;0.22;0.20;0.01;-0.01;0.08;0.09;-0.31;0.44;0.57;165.18;-0.52;0.50;0.011;1.27;2.23;-1000.00;-1000.00
510.345;1124;0.45;0.68;170.13;0.01;0.77;155.85;0.31;0.50;489;3;1;4;-0.55;0.22;0.24;-0.00;-0.00;0.02;0.04;-0.23;0.41;0.58;162.68;-0.47;0.50;0.010;1.27;2.23;-1000.00;-1000.00
510.445;1138;0.42;0.69;168.25;0.01;0.77;155.85;0.31;0.50;489;3;1;4;-0.50;0.23;0.21;0.02;-0.01;0.06;0.06;-0.29;0.39;0.59;161.18;-0.44;0.50;0.021;1.27;2.23;-1000.00;-1000.00
510.555;1147;0.40;0.69;167.56;0.01;0.77;155.85;0.31;0.50;489;3;1;4;-0.51;0.23;0.23;-0.00;-0.01;-0.05;-0.05;-0.07;0.37;0.60;159.80;-0.41;0.50;0.018;1.27;2.23;-1000.00;-1000.00
510.645;1158;0.37;0.69;166.46;0.01;0.77;155.85;0.31;0.50;489;3;1;4;-0.51;0.24;0.23;0.03;-0.01;0.00;-0.00;-0.17;0.34;0.61;157.96;-0.36;0.50;0.009;1.27;2.23;-1000.00;-1000.00
510.745;1166;0.35;0.70;165.77;0.01;0.77;155.85;0.31;0.50;489;3;1;4;-0.51;0.25;0.24;0.00;-0.01;-0.13;-0.11;-0.14;0.32;0.62;156.88;-0.33;0.50;0.007;1.27;2.23;-1000.00;-1000.00
510.845;1177;0.33;0.70;164.43;0.01;0.77;155.85;0.31;0.50;489;3;1;4;-0.47;0.25;0.25;0.02;-0.01;-0.06;-0.05;-0.14;0.30;0.63;155.91;-0.29;0.50;0.008;1.27;2.23;-1000.00;-1000.00
510.945;1185;0.31;0.71;163.70;0.01;0.77;155.85;0.31;0.50;489;3;1;4;-0.46;0.26;0.24;0.02;-0.01;0.03;0.03;-0.20;0.28;0.64;155.05;-0.26;0.50;0.011;1.27;2.23;-1000.00;-1000.00
511.045;1195;0.28;0.71;163.06;0.01;0.77;155.85;0.31;0.50;489;3;1;4;-0.45;0.26;0.25;0.01;-0.01;-0.01;-0.01;-0.07;0.25;0.65;153.96;-0.21;0.50;0.011;1.27;2.23;-1000.00;-1000.00
511.155;1205;0.26;0.72;162.53;0.01;0.77;155.85;0.31;0.50;489;3;1;4;-0.41;0.27;0.26;0.00;-0.01;0.01;0.00;-0.04;0.24;0.65;153.65;-0.19;0.50;0.014;1.27;2.23;-1000.00;-1000.00
511.255;1216;0.23;0.73;162.11;0.01;0.77;155.85;0.31;0.50;489;3;1;4;-0.38;0.28;0.25;0.02;-0.01;0.04;0.03;-0.08;0.21;0.67;152.93;-0.12;0.50;0.014;1.27;2.23;-1000.00;-1000.00
511.355;1227;0.20;0.73;162.01;0.01;0.77;155.85;0.31;0.50;489;3;1;4;-0.34;0.28;0.27;0.03;-0.01;0.10;0.07;-0.12;0.19;0.68;152.61;-0.08;0.50;0.015;1.27;2.23;-1000.00;-1000.00
511.445;1237;0.18;0.74;161.74;0.01;0.77;155.85;0.31;0.50;489;3;1;4;-0.31;0.28;0.28;0.02;-0.01;0.02;0.02;-0.02;0.17;0.69;152.42;-0.04;0.50;0.017;1.27;2.23;-1000.00;-1000.00
511.535;1246;0.15;0.75;161.59;0.01;0.77;155.85;0.31;0.50;489;3;1;4;-0.25;0.29;0.27;0.00;-0.01;0.04;0.02;-0.00;0.13;0.71;152.44;0.05;0.50;0.006;1.27;2.23;-1000.00;-1000.00
511.645;1256;0.13;0.75;161.90;0.01;0.77;155.85;0.31;0.50;489;3;1;4;-0.22;0.30;0.29;0.00;-0.01;-0.00;-0.00;0.05;0.11;0.72;152.66;0.09;0.50;0.017;1.27;2.23;-1000.00;-1000.00
511.755;1264;0.10;0.76;162.13;0.01;0.77;155.85;0.31;0.50;489;3;1;4;-0.18;0.30;0.29;0.00;-0.01;0.00;0.00;0.08;0.09;0.73;153.00;0.13;0.50;0.018;1.27;2.24;-1000.00;-1000.00
511.845;1275;0.07;0.77;162.56;-0.26;0.84;179.43;0.79;0.50;489;4;1;4;-0.11;0.31;0.30;0.00;-0.01;-0.00;0.00;0.10;0.06;0.75;153.77;0.20;0.50;0.008;1.27;2.24;-1000.00;-1000.00
511.945;1284;0.05;0.78;163.11;-0.26;0.84;179.43;0.79;0.50;489;4;1;4;-0.05;0.31;0.30;0.00;-0.01;-0.03;-0.02;0.15;0.04;0.76;154.45;0.24;0.50;0.009;1.27;2.24;-1000.00;-1000.00
512.045;1294;0.02;0.79;163.86;-0.26;0.84;179.43;0.79;0.50;489;4;1;4;0.02;0.31;0.30;0.00;-0.01;0.01;0.01;0.16;0.01;0.77;155.73;0.30;0.50;0.010;1.27;2.24;-1000.00;-1000.00
512.215;1314;-0.04;0.80;165.50;-0.25;0.85;180.00;0.11;0.00;469;1;1;5;0.08;0.31;0.31;-0.00;-0.00;-0.01;-0.01;0.13;-0.01;0.78;156.74;0.34;0.50;0.062;1.27;2.24;-1000.00;-1000.00
512.265;1318;-0.05;0.81;165.77;-0.44;0.83;193.57;0.65;0.50;469;2;1;5;0.18;0.32;0.31;-0.00;-0.00;-0.01;-0.01;0.11;-0.25;0.85;180.04;0.18;0.07;0.028;1.27;2.24;-1000.00;-1000.00
512.345;1327;-0.08;0.81;166.63;-0.44;0.83;193.57;0.65;0.50;469;2;1;5;0.26;0.34;0.32;-0.00;-0.00;-0.01;0.00;0.19;-0.25;0.85;180.04;0.18;0.07;0.023;1.27;2.24;-1000.00;-1000.00
512.465;1336;-0.11;0.82;167.61;-0.44;0.83;193.57;0.65;0.50;469;2;1;5;0.30;0.36;0.32;-0.01;-0.01;-0.01;0.02;0.23;-0.25;0.85;180.04;0.18;0.07;0.025;1.27;2.24;-1000.00;-1000.00
512.555;1348;-0.15;0.83;168.96;-0.44;0.83;193.57;0.65;0.50;469;2;1;5;0.35;0.37;0.34;-0.02;-0.01;-0.02;0.04;0.24;-0.25;0.85;180.04;0.18;0.07;0.024;1.27;2.24;-1000.00;-1000.00
512.665;1356;-0.18;0.84;169.87;-0.44;0.83;193.57;0.65;0.50;469;2;1;5;0.39;0.37;0.37;-0.00;-0.01;0.06;-0.11;0.22;-0.25;0.85;180.04;0.18;0.07;0.029;1.27;2.24;-1000.00;-1000.00
512.755;1365;-0.21;0.84;171.16;-0.44;0.83;193.57;0.65;0.50;469;2;1;5;0.42;0.37;0.37;-0.00;-0.01;0.01;-0.02;0.22;-0.25;0.85;180.04;0.18;0.07;0.020;1.27;2.24;-1000.00;-1000.00
512.845;1376;-0.25;0.85;173.22;-0.44;0.83;193.57;0.65;0.50;469;2;1;5;0.44;0.36;0.36;-0.01;-0.01;-0.04;0.08;0.38;-0.25;0.85;180.04;0.18;0.07;0.012;1.27;2.24;-1000.00;-1000.00
512.945;1384;-0.28;0.85;174.75;-0.44;0.83;193.57;0.65;0.50;469;2;1;5;0.55;0.36;0.37;-0.00;-0.01;0.07;-0.11;0.31;-0.28;0.85;180.78;0.31;0.19;0.018;1.27;2.24;-1000.00;-1000.00
513.045;1395;-0.32;0.86;177.53;-0.75;0.62;234.67;0.68;0.50;469;3;1;5;0.64;0.36;0.35;-0.02;-0.01;-0.05;0.08;0.58;-0.31;0.85;182.71;0.42;0.29;0.017;1.28;2.24;-1000.00;-1000.00
513.145;1405;-0.35;0.86;180.91;-0.75;0.62;234.67;0.68;0.50;469;3;1;5;0.68;0.37;0.37;-0.00;-0.00;0.08;-0.13;0.62;-0.34;0.85;184.72;0.49;0.35;0.012;1.28;2.24;-1000.00;-1000.00
513.255;1417;-0.40;0.86;186.03;-0.75;0.62;234.67;0.68;0.50;469;3;1;5;0.67;0.37;0.36;-0.02;-0.00;0.01;-0.02;0.74;-0.38;0.84;187.54;0.55;0.41;0.018;1.28;2.24;-1000.00;-1000.00
513.335;1426;-0.43;0.86;190.11;-0.75;0.62;234.67;0.68;0.50;469;3;1;5;0.69;0.38;0.36;-0.02;-0.01;-0.07;0.05;0.74;-0.42;0.84;191.29;0.62;0.47;0.008;1.28;2.24;-1000.00;-1000.00
513.445;1436;-0.46;0.85;194.26;-0.75;0.62;234.67;0.68;0.50;469;3;1;5;0.72;0.39;0.38;-0.01;-0.01;0.19;-0.16;0.81;-0.46;0.83;195.98;0.65;0.50;0.008;1.28;2.23;-1000.00;-1000.00
513.535;1445;-0.50;0.84;199.25;-0.75;0.62;234.67;0.68;0.50;469;3;1;5;0.66;0.39;0.39;-0.04;-0.02;0.07;-0.04;0.93;-0.49;0.82;199.22;0.65;0.50;0.008;1.28;2.23;-1000.00;-1000.00
513.645;1455;-0.54;0.83;203.35;-0.75;0.62;234.67;0.68;0.50;469;3;1;5;0.66;0.40;0.41;-0.08;-0.03;-0.09;0.18;0.73;-0.52;0.80;202.48;0.66;0.50;0.016;1.28;2.23;-1000.00;-1000.00
513.755;1468;-0.59;0.81;208.14;-0.75;0.62;234.67;0.68;0.50;469;3;1;5;0.66;0.40;0.42;-0.04;-0.01;0.03;-0.02;0.46;-0.55;0.79;205.75;0.66;0.50;0.017;1.28;2.23;-1000.00;-1000.00
513.845;1477;-0.62;0.80;210.76;-0.75;0.62;234.67;0.68;0.50;469;3;1;5;0.75;0.41;0.43;-0.09;-0.04;-0.12;0.18;0.73;-0.59;0.77;210.69;0.66;0.50;0.016;1.28;2.23;-1000.00;-1000.00
513.945;1484;-0.65;0.79;213.56;-0.75;0.62;234.67;0.68;0.50;469;3;1;5;0.78;0.41;0.44;-0.08;-0.01;0.02;-0.01;0.70;-0.62;0.75;214.00;0.67;0.50;0.012;1.28;2.23;-1000.00;-1000.00
514.065;1497;-0.70;0.76;219.91;-0.75;0.62;234.67;0.68;0.50;469;3;1;5;0.77;0.41;0.46;-0.11;-0.01;0.00;-0.01;0.81;-0.65;0.73;219.00;0.67;0.50;0.030;1.28;2.23;-1000.00;-1000.00
514.145;1508;-0.75;0.74;226.06;-0.75;0.62;234.67;0.68;0.50;469;3;1;5;0.76;0.41;0.45;-0.14;-0.01;-0.07;-0.02;1.02;-0.69;0.69;224.05;0.67;0.50;0.012;1.27;2.23;-1000.00;-1000.00
514.245;1516;-0.78;0.72;230.26;-0.75;0.62;234.67;0.68;0.50;469;3;1;5;0.79;0.42;0.47;-0.15;-0.01;0.13;-0.01;0.93;-0.72;0.66;229.12;0.68;0.50;0.010;1.28;2.24;-1000.00;-1000.00
514.345;1527;-0.83;0.69;237.76;-0.75;0.62;234.67;0.68;0.50;469;3;1;5;0.75;0.41;0.43;-0.19;-0.01;-0.06;-0.01;1.35;-0.75;0.62;234.24;0.68;0.50;0.010;1.27;2.23;-1000.00;-1000.00
514.435;1536;-0.86;0.66;243.27;-0.75;0.62;234.67;0.68;0.50;469;3;1;5;0.69;0.41;0.47;-0.12;-0.01;0.11;0.02;1.02;-0.77;0.60;237.63;0.67;0.50;0.006;1.27;2.23;-1000.00;-1000.00
514.545;1546;-0.89;0.63;249.17;-0.75;0.62;234.67;0.68;0.50;469;3;1;5;0.61;0.40;0.43;-0.11;-0.01;-0.06;-0.01;1.00;-0.78;0.57;240.91;0.65;0.50;0.014;1.27;2.23;-1000.00;-1000.00
514.635;1555;-0.91;0.59;253.37;-0.75;0.62;234.67;0.68;0.50;469;3;1;5;0.56;0.39;0.43;-0.02;-0.01;0.19;0.08;0.70;-0.80;0.55;244.08;0.64;0.50;0.005;1.27;2.23;-1000.00;-1000.00
514.755;1566;-0.92;0.55;257.90;-0.86;0.26;269.43;0.49;0.50;469;4;1;5;0.53;0.38;0.40;0.00;-0.01;0.16;0.08;0.62;-0.82;0.50;248.66;0.61;0.50;0.019;1.27;2.23;-1000.00;-1000.00
514.855;1575;-0.93;0.51;260.99;-0.86;0.26;269.43;0.49;0.50;469;4;1;5;0.35;0.38;0.38;-0.03;-0.01;-0.09;-0.04;0.57;-0.82;0.49;250.13;0.60;0.50;0.024;1.27;2.23;-1000.00;-1000.00
515.005;1593;-0.94;0.45;264.15;-0.86;0.11;-98.62;-0.63;0.50;1052;1;1;4;0.39;0.39;0.38;-0.01;-0.01;-0.06;-0.04;0.31;-0.83;0.44;254.41;0.58;0.50;0.065;1.27;2.24;-1000.00;-1000.00
515.085;1598;-0.94;0.43;264.99;-0.86;0.11;-98.62;-0.63;0.50;1052;1;1;4;0.70;0.38;0.39;-0.01;-0.01;0.05;0.03;0.28;-0.85;0.25;-90.00;-0.08;0.06;0.050;1.27;2.24;-1000.00;-1000.00
515.185;1608;-0.94;0.39;267.91;-0.95;-0.15;-115.88;-0.22;0.50;1052;2;1;4;0.50;0.38;0.37;-0.03;-0.01;-0.14;-0.09;0.94;-0.85;0.25;-90.00;-0.08;0.06;0.050;1.28;2.24;-1000.00;-1000.00
515.265;1617;-0.94;0.36;272.37;-0.95;-0.15;-115.88;-0.22;0.50;1052;2;1;4;0.10;0.36;0.38;0.01;-0.01;0.33;0.27;0.67;-0.85;0.25;-90.00;-0.08;0.06;0.032;1.28;2.24;-1000.00;-1000.00
515.365;1627;-0.94;0.32;274.54;-0.95;-0.15;-115.88;-0.22;0.50;1052;2;1;4;-0.05;0.35;0.36;0.01;-0.01;0.04;0.04;-0.10;-0.85;0.25;-90.00;-0.08;0.06;0.027;1.28;2.24;-1000.00;-1000.00
515.465;1638;-0.94;0.28;273.24;-0.95;-0.15;-115.88;-0.22;0.50;1052;2;1;4;-0.04;0.33;0.34;0.01;-0.01;-0.00;0.00;-0.28;-0.85;0.25;-90.00;-0.08;0.06;0.023;1.28;2.24;-1000.00;-1000.00
515.555;1647;-0.94;0.25;272.24;-0.95;-0.15;-115.88;-0.22;0.50;1052;2;1;4;-0.02;0.32;0.32;0.00;-0.00;-0.03;-0.03;-0.16;-0.85;0.25;-90.00;-0.08;0.06;0.019;1.28;2.24;-1000.00;-1000.00
515.655;1657;-0.93;0.22;271.73;-0.95;-0.15;-115.88;-0.22;0.50;1052;2;1;4;-0.24;0.30;0.32;0.00;-0.00;0.01;-0.00;-0.05;-0.85;0.22;-90.60;-0.28;0.22;0.022;1.28;2.24;-1000.00;-1000.00
515.755;1666;-0.93;0.19;270.73;-0.95;-0.15;-115.88;-0.22;0.50;1052;2;1;4;-0.43;0.30;0.29;0.01;-0.00;-0.01;0.01;-0.26;-0.85;0.18;-92.58;-0.43;0.34;0.018;1.28;2.24;-1000.00;-1000.00
515.885;1680;-0.93;0.15;268.16;-0.95;-0.15;-115.88;-0.22;0.50;1052;2;1;4;-0.54;0.30;0.30;0.01;-0.01;0.05;-0.04;-0.33;-0.85;0.15;-95.11;-0.53;0.42;0.047;1.28;2.24;-1000.00;-1000.00
515.965;1688;-0.93;0.12;266.32;-0.95;-0.15;-115.88;-0.22;0.50;1052;2;1;4;-0.60;0.31;0.29;0.02;-0.01;-0.05;0.05;-0.48;-0.86;0.13;-96.83;-0.58;0.46;0.027;1.28;2.24;-1000.00;-1000.00
516.055;1698;-0.93;0.09;263.89;-0.95;-0.15;-115.88;-0.22;0.50;1052;2;1;4;-0.66;0.31;0.31;-0.00;-0.00;0.10;-0.09;-0.41;-0.86;0.10;-99.97;-0.61;0.50;0.018;1.28;2.24;-1000.00;-1000.00
516.165;1708;-0.94;0.06;260.33;-1.07;-0.39;-114.15;0.31;0.50;1052;3;1;4;-0.59;0.32;0.30;0.01;-0.01;-0.05;0.06;-0.59;-0.87;0.07;-102.98;-0.56;0.50;0.029;1.28;2.24;-1000.00;-1000.00
516.245;1717;-0.94;0.04;257.93;-1.07;-0.39;-114.15;0.31;0.50;1052;3;1;4;-0.49;0.32;0.33;-0.00;0.00;0.18;-0.20;-0.33;-0.88;0.03;-105.69;-0.51;0.50;0.016;1.28;2.24;-1000.00;-1000.00
516.345;1726;-0.95;0.01;255.80;-1.07;-0.39;-114.15;0.31;0.50;1052;3;1;4;-0.50;0.32;0.31;0.04;-0.01;-0.08;0.10;-0.32;-0.89;-0.01;-108.82;-0.44;0.50;0.010;1.28;2.24;-1000.00;-1000.00
516.445;1737;-0.96;-0.03;253.95;-1.07;-0.39;-114.15;0.31;0.50;1052;3;1;4;-0.48;0.33;0.34;0.01;0.00;-0.01;0.01;-0.30;-0.90;-0.05;-111.46;-0.38;0.50;0.010;1.28;2.24;-1000.00;-1000.00
516.565;1747;-0.96;-0.06;251.62;-1.07;-0.39;-114.15;0.31;0.50;1052;3;1;4;-0.40;0.33;0.33;0.01;-0.01;0.09;-0.12;-0.34;-0.91;-0.07;-112.60;-0.34;0.50;0.028;1.28;2.24;-1000.00;-1000.00
516.635;1754;-0.97;-0.08;250.32;-1.07;-0.39;-114.15;0.31;0.50;1052;3;1;4;-0.38;0.34;0.34;0.03;-0.02;-0.09;0.16;-0.35;-0.93;-0.10;-114.09;-0.29;0.50;0.006;1.28;2.24;-1000.00;-1000.00
516.745;1768;-0.98;-0.13;248.74;-1.07;-0.39;-114.15;0.31;0.50;1052;3;1;4;-0.33;0.34;0.36;0.04;-0.05;-0.29;0.13;-0.25;-0.94;-0.13;-115.34;-0.24;0.50;0.017;1.28;2.24;-1000.00;-1000.00
516.855;1777;-0.99;-0.16;248.09;-1.07;-0.39;-114.15;0.31;0.50;1052;3;1;4;-0.29;0.34;0.34;0.03;-0.01;0.05;-0.08;-0.08;-0.96;-0.17;-116.62;-0.17;0.50;0.015;1.28;2.24;-1000.00;-1000.00
516.945;1787;-1.00;-0.19;247.49;-1.07;-0.39;-114.15;0.31;0.50;1052;3;1;4;-0.24;0.35;0.34;0.04;-0.01;0.00;0.00;-0.07;-0.97;-0.20;-117.25;-0.10;0.50;0.007;1.28;2.24;-1000.00;-1000.00
517.055;1796;-1.01;-0.22;247.36;-1.07;-0.39;-114.15;0.31;0.50;1052;3;1;4;-0.19;0.35;0.35;0.01;-0.01;-0.04;0.05;-0.07;-0.99;-0.23;-117.58;-0.04;0.50;0.017;1.28;2.24;-1000.00;-1000.00
517.135;1806;-1.03;-0.25;247.34;-1.07;-0.39;-114.15;0.31;0.50;1052;3;1;4;-0.13;0.36;0.34;-0.00;-0.01;-0.03;0.05;-0.02;-1.01;-0.26;-117.61;0.03;0.50;0.010;1.28;2.24;-1000.00;-1000.00
517.245;1815;-1.04;-0.28;247.69;-1.07;-0.39;-114.15;0.31;0.50;1052;3;1;4;-0.08;0.36;0.36;-0.00;-0.01;-0.04;0.07;0.08;-1.02;-0.29;-117.34;0.09;0.50;0.011;1.28;2.24;-1000.00;-1000.00
517.335;1825;-1.05;-0.31;248.36;-1.14;-0.66;-90.57;0.79;0.50;1052;4;1;4;-0.03;0.37;0.36;0.00;-0.01;0.00;-0.00;0.15;-1.04;-0.32;-116.78;0.15;0.50;0.007;1.28;2.24;-1000.00;-1000.00
517.435;1834;-1.06;-0.34;249.18;-1.14;-0.66;-90.57;0.79;0.50;1052;4;1;4;0.04;0.37;0.36;0.00;-0.01;0.02;-0.04;0.20;-1.05;-0.35;-115.91;0.22;0.50;0.007;1.28;2.24;-1000.00;-1000.00
517.555;1846;-1.08;-0.38;250.37;-1.14;-0.66;-90.57;0.79;0.50;1052;4;1;4;0.12;0.37;0.36;-0.00;-0.00;-0.02;0.03;0.17;-1.07;-0.38;-114.73;0.28;0.50;0.022;1.28;2.24;-1000.00;-1000.00
517.695;1862;-1.10;-0.44;252.02;-1.16;-0.79;-98.62;-0.63;0.50;187;1;1;4;0.19;0.37;0.36;-0.01;-0.00;-0.00;-0.01;0.21;-1.08;-0.41;-113.26;0.34;0.50;0.056;1.28;2.24;-1000.00;-1000.00
517.775;1868;-1.10;-0.46;252.62;-1.25;-1.05;-115.88;-0.22;0.50;187;2;1;4;0.79;0.35;0.35;-0.01;-0.00;-0.02;-0.01;0.15;-1.15;-0.65;-90.00;-0.08;0.06;0.043;1.28;2.24;-1000.00;-1000.00
517.855;1876;-1.11;-0.49;253.67;-1.25;-1.05;-115.88;-0.22;0.50;187;2;1;4;0.79;0.34;0.34;-0.01;-0.01;-0.04;-0.01;0.60;-1.15;-0.65;-90.00;-0.08;0.06;0.021;1.28;2.24;-1000.00;-1000.00
517.985;1891;-1.13;-0.54;262.45;-1.25;-1.05;-115.88;-0.22;0.50;187;2;1;4;0.46;0.33;0.33;-0.10;-0.01;-0.24;-0.14;1.17;-1.15;-0.65;-90.00;-0.08;0.06;0.032;1.28;2.24;-1000.00;-1000.00
518.045;1895;-1.13;-0.55;264.77;-1.25;-1.05;-115.88;-0.22;0.50;187;2;1;4;0.25;0.33;0.34;-0.05;-0.01;0.23;0.14;0.77;-1.15;-0.65;-90.00;-0.08;0.06;0.020;1.28;2.24;-1000.00;-1000.00
518.175;1910;-1.14;-0.60;266.88;-1.25;-1.05;-115.88;-0.22;0.50;187;2;1;4;0.11;0.32;0.33;0.00;-0.01;0.12;0.09;-0.00;-1.15;-0.65;-90.00;-0.08;0.06;0.025;1.28;2.24;-1000.00;-1000.00
518.255;1915;-1.14;-0.62;267.02;-1.25;-1.05;-115.88;-0.22;0.50;187;2;1;4;0.09;0.31;0.30;0.00;-0.01;-0.06;-0.03;-0.03;-1.15;-0.65;-90.00;-0.08;0.06;0.018;1.28;2.24;-1000.00;-1000.00
518.345;1928;-1.14;-0.65;266.04;-1.25;-1.05;-115.88;-0.22;0.50;187;2;1;4;0.10;0.29;0.30;0.00;-0.01;0.02;0.02;-0.14;-1.15;-0.65;-90.00;-0.08;0.06;0.021;1.28;2.24;-1000.00;-1000.00
518.455;1937;-1.15;-0.68;265.59;-1.25;-1.05;-115.88;-0.22;0.50;187;2;1;4;-0.08;0.28;0.29;-0.00;-0.01;-0.06;-0.04;-0.06;-1.15;-0.67;-90.43;-0.25;0.20;0.020;1.28;2.24;-1000.00;-1000.00
518.565;1947;-1.15;-0.71;264.58;-1.25;-1.05;-115.88;-0.22;0.50;187;2;1;4;-0.18;0.28;0.27;0.01;-0.01;-0.05;-0.03;-0.22;-1.15;-0.69;-91.36;-0.35;0.28;0.034;1.28;2.24;-1000.00;-1000.00
518.655;1956;-1.15;-0.73;263.45;-1.25;-1.05;-115.88;-0.22;0.50;187;2;1;4;-0.35;0.28;0.28;0.01;-0.00;0.01;0.01;-0.23;-1.15;-0.73;-93.70;-0.48;0.38;0.025;1.28;2.24;-1000.00;-1000.00
518.755;1966;-1.15;-0.76;261.93;-1.25;-1.05;-115.88;-0.22;0.50;187;2;1;4;-0.46;0.29;0.27;0.01;-0.00;0.02;-0.02;-0.30;-1.15;-0.76;-95.93;-0.56;0.44;0.019;1.28;2.24;-1000.00;-1000.00
518.865;1976;-1.16;-0.79;260.02;-1.25;-1.05;-115.88;-0.22;0.50;187;2;1;4;-0.57;0.30;0.28;0.01;-0.01;-0.02;0.02;-0.36;-1.16;-0.79;-98.90;-0.62;0.50;0.023;1.28;2.24;-1000.00;-1000.00
518.945;1985;-1.16;-0.81;258.15;-1.25;-1.05;-115.88;-0.22;0.50;187;2;1;4;-0.55;0.31;0.30;0.01;-0.01;-0.05;0.03;-0.48;-1.16;-0.81;-101.01;-0.59;0.50;0.018;1.28;2.24;-1000.00;-1000.00
519.045;1995;-1.17;-0.84;255.78;-1.25;-1.05;-115.88;-0.22;0.50;187;2;1;4;-0.53;0.31;0.30;0.00;-0.00;0.04;-0.04;-0.32;-1.17;-0.84;-103.92;-0.54;0.50;0.012;1.28;2.24;-1000.00;-1000.00
519.165;2009;-1.18;-0.88;252.79;-1.37;-1.29;-114.15;0.31;0.50;187;3;1;4;-0.46;0.32;0.31;0.01;-0.01;-0.00;0.02;-0.34;-1.18;-0.87;-105.69;-0.51;0.50;0.025;1.28;2.24;-1000.00;-1000.00
519.245;2015;-1.18;-0.90;251.89;-1.37;-1.29;-114.15;0.31;0.50;187;3;1;4;-0.46;0.33;0.32;0.00;-0.01;0.08;-0.09;-0.19;-1.19;-0.90;-108.09;-0.46;0.50;0.006;1.28;2.24;-1000.00;-1000.00
519.335;2025;-1.19;-0.93;250.43;-1.37;-1.29;-114.15;0.31;0.50;187;3;1;4;-0.44;0.34;0.32;0.04;-0.01;-0.15;0.22;-0.37;-1.20;-0.93;-110.20;-0.41;0.50;0.005;1.28;2.24;-1000.00;-1000.00
519.445;2035;-1.20;-0.96;248.72;-1.37;-1.29;-114.15;0.31;0.50;187;3;1;4;-0.40;0.34;0.34;-0.00;-0.01;0.12;-0.18;-0.24;-1.21;-0.96;-112.04;-0.36;0.50;0.014;1.28;2.24;-1000.00;-1000.00
519.545;2044;-1.21;-0.99;247.32;-1.37;-1.29;-114.15;0.31;0.50;187;3;1;4;-0.37;0.35;0.34;0.04;-0.01;0.02;-0.04;-0.20;-1.22;-0.99;-113.62;-0.31;0.50;0.007;1.28;2.24;-1000.00;-1000.00
519.645;2054;-1.22;-1.03;246.27;-1.37;-1.29;-114.15;0.31;0.50;187;3;1;4;-0.34;0.36;0.35;0.01;-0.01;-0.01;0.02;-0.13;-1.24;-1.02;-114.95;-0.26;0.50;0.006;1.28;2.24;-1000.00;-1000.00
519.745;2068;-1.24;-1.07;245.61;-1.37;-1.29;-114.15;0.31;0.50;187;3;1;4;-0.29;0.36;0.36;0.02;-0.01;-0.01;0.02;-0.07;-1.25;-1.05;-116.04;-0.21;0.50;0.012;1.28;2.24;-1000.00;-1000.00
519.855;2077;-1.26;-1.10;245.59;-1.37;-1.29;-114.15;0.31;0.50;187;3;1;4;-0.26;0.37;0.37;0.01;-0.01;-0.06;0.07;-0.02;-1.26;-1.08;-116.87;-0.14;0.50;0.015;1.28;2.24;-1000.00;-1000.00
519.945;2085;-1.27;-1.13;245.68;-1.37;-1.29;-114.15;0.31;0.50;187;3;1;4;-0.24;0.37;0.37;0.02;-0.01;0.01;-0.02;0.04;-1.28;-1.11;-117.39;-0.08;0.50;0.011;1.28;2.24;-1000.00;-1000.00
520.065;2098;-1.28;-1.18;245.79;-1.37;-1.29;-114.15;0.31;0.50;187;3;1;4;-0.17;0.38;0.37;0.01;-0.01;-0.02;0.03;0.00;-1.30;-1.15;-117.63;0.00;0.50;0.021;1.28;2.24;-1000.00;-1000.00
520.135;2104;-1.29;-1.20;245.90;-1.37;-1.29;-114.15;0.31;0.50;187;3;1;4;-0.12;0.38;0.37;0.00;-0.01;-0.01;0.01;0.08;-1.32;-1.18;-117.47;0.07;0.50;0.007;1.28;2.24;-1000.00;-1000.00
520.245;2117;-1.31;-1.24;246.79;-1.37;-1.29;-114.15;0.31;0.50;187;3;1;4;-0.06;0.39;0.38;0.00;-0.01;-0.01;0.01;0.11;-1.33;-1.21;-117.00;0.13;0.50;0.012;1.28;2.24;-1000.00;-1000.00
520.365;2128;-1.33;-1.28;247.75;-1.44;-1.56;-90.57;0.79;0.50;187;4;1;4;0.02;0.39;0.38;0.00;-0.01;-0.01;0.02;0.16;-1.35;-1.25;-115.91;0.22;0.50;0.032;1.28;2.24;-1000.00;-1000.00
520.465;2140;-1.35;-1.32;249.01;-1.44;-1.56;-90.57;0.79;0.50;187;4;1;4;0.16;0.39;0.38;-0.00;-0.01;-0.04;0.06;0.18;-1.37;-1.28;-114.73;0.28;0.50;0.026;1.28;2.24;-1000.00;-1000.00
520.645;2155;-1.37;-1.38;251.82;-1.45;-1.55;-90.00;-0.00;0.50;593;0;1;0;0.23;0.38;0.37;-0.01;-0.00;-0.00;-0.01;0.29;-1.38;-1.32;-112.70;0.36;0.50;0.086;1.28;2.24;-1000.00;-1000.00
520.695;2161;-1.37;-1.40;252.66;-1.45;-1.55;-90.00;-0.00;0.50;593;0;1;0;0.66;0.41;0.37;-0.01;-0.00;-0.02;-0.01;0.22;-1.45;-1.55;-90.00;-0.00;0.50;0.061;1.28;2.24;-1000.00;-1000.00
520.765;2166;-1.38;-1.41;253.24;-1.45;-1.55;-90.00;-0.00;0.50;593;0;1;0;0.65;0.43;0.38;-0.01;-0.01;-0.04;-0.01;0.27;-1.45;-1.55;-90.00;-0.00;0.50;0.029;1.28;2.24;-1000.00;-1000.00
520.865;2177;-1.39;-1.46;258.20;-1.45;-1.55;-90.00;-0.00;0.50;593;0;1;0;0.44;0.44;0.43;-0.02;-0.01;0.09;0.04;0.83;-1.45;-1.55;-90.00;-0.00;0.50;0.030;1.28;2.24;-1000.00;-1000.00
520.965;2185;-1.40;-1.49;261.74;-1.45;-1.55;-90.00;-0.00;0.50;593;0;1;0;0.28;0.45;0.43;-0.02;-0.01;-0.13;-0.07;0.51;-1.45;-1.55;-90.00;-0.00;0.50;0.029;1.28;2.24;-1000.00;-1000.00
521.105;2201;-1.41;-1.56;263.20;-1.45;-1.79;-90.00;-0.00;0.50;593;1;1;0;0.23;0.45;0.46;0.00;-0.00;0.24;0.13;-0.00;-1.45;-1.55;-90.00;-0.00;0.50;0.076;1.28;2.24;-1000.00;-1000.00
521.155;2206;-1.41;-1.58;263.70;-1.45;-1.79;-90.00;-0.00;0.50;593;1;1;0;0.22;0.45;0.45;-0.02;-0.01;-0.09;-0.05;0.23;-1.45;-1.59;-90.00;-0.00;0.50;0.025;1.28;2.24;-1000.00;-1000.00
521.265;2217;-1.42;-1.63;264.38;-1.45;-1.79;-90.00;-0.00;0.50;593;1;1;0;0.20;0.45;0.45;-0.03;-0.01;-0.14;-0.09;0.17;-1.45;-1.61;-90.00;-0.00;0.50;0.035;1.28;2.24;-1000.00;-1000.00
521.355;2226;-1.42;-1.67;264.79;-1.45;-1.79;-90.00;-0.00;0.50;593;1;1;0;0.19;0.46;0.46;-0.02;-0.01;0.11;0.07;0.04;-1.45;-1.67;-90.00;-0.00;0.50;0.024;1.28;2.24;-1000.00;-1000.00
521.465;2240;-1.43;-1.74;265.60;-1.45;-1.79;-90.00;-0.00;0.50;593;1;1;0;0.18;0.46;0.46;-0.01;-0.01;0.12;0.08;0.07;-1.45;-1.72;-90.00;-0.00;0.50;0.031;1.28;2.24;-1000.00;-1000.00
521.585;2249;-1.44;-1.78;266.08;-1.45;-2.03;-90.00;-0.00;0.50;593;2;1;0;0.16;0.46;0.45;-0.00;-0.01;-0.01;-0.01;0.03;-1.45;-1.75;-90.00;-0.00;0.50;0.049;1.28;2.24;-1000.00;-1000.00
521.675;2260;-1.44;-1.83;266.30;-1.45;-2.03;-90.00;-0.00;0.50;593;2;1;0;0.16;0.45;0.43;-0.01;-0.01;-0.04;-0.03;0.06;-1.45;-1.80;-90.00;-0.00;0.50;0.028;1.28;2.24;-1000.00;-1000.00
521.775;2268;-1.44;-1.86;266.40;-1.45;-2.03;-90.00;-0.00;0.50;593;2;1;0;0.16;0.45;0.43;-0.00;-0.01;-0.02;-0.03;0.04;-1.45;-1.84;-90.00;-0.00;0.50;0.035;1.28;2.24;-1000.00;-1000.00
521.875;2279;-1.45;-1.91;266.55;-1.45;-2.03;-90.00;-0.00;0.50;593;2;1;0;0.16;0.45;0.44;-0.00;-0.01;-0.02;-0.02;0.05;-1.45;-1.89;-90.00;-0.00;0.50;0.036;1.28;2.24;-1000.00;-1000.00
521.965;2287;-1.45;-1.94;266.69;-1.45;-2.03;-90.00;-0.00;0.50;593;2;1;0;0.16;0.45;0.44;-0.00;-0.01;-0.01;-0.02;0.05;-1.45;-1.92;-90.00;-0.00;0.50;0.034;1.28;2.24;-1000.00;-1000.00
522.065;2298;-1.45;-1.99;266.69;-1.45;-2.03;-90.00;-0.00;0.50;593;2;1;0;0.17;0.45;0.45;-0.01;-0.01;0.02;0.02;-0.00;-1.45;-1.97;-90.00;-0.00;0.50;0.034;1.28;2.24;-1000.00;-1000.00
522.165;2306;-1.46;-2.03;266.83;-1.45;-2.26;-90.00;-0.00;0.50;593;3;1;0;0.17;0.46;0.43;-0.01;-0.01;-0.04;-0.03;0.08;-1.45;-2.03;-90.00;-0.00;0.50;0.025;1.28;2.24;-1000.00;-1000.00
522.245;2315;-1.46;-2.07;266.97;-1.45;-2.26;-90.00;-0.00;0.50;593;3;1;0;0.17;0.46;0.44;-0.01;-0.01;-0.04;-0.03;0.08;-1.45;-2.07;-90.00;-0.00;0.50;0.016;1.28;2.24;-1000.00;-1000.00
522.345;2326;-1.46;-2.12;267.14;-1.45;-2.26;-90.00;-0.00;0.50;593;3;1;0;0.17;0.46;0.45;-0.00;-0.01;0.04;0.02;-0.01;-1.45;-2.11;-90.00;-0.00;0.50;0.010;1.28;2.24;-1000.00;-1000.00
522.465;2339;-1.47;-2.18;267.39;-1.45;-2.26;-90.00;-0.00;0.50;593;3;1;0;0.16;0.46;0.45;-0.01;-0.01;0.01;-0.00;0.00;-1.45;-2.15;-90.00;-0.00;0.50;0.037;1.28;2.24;-1000.00;-1000.00
522.535;2343;-1.47;-2.19;267.37;-1.45;-2.26;-90.00;-0.00;0.50;593;3;1;0;0.17;0.46;0.46;-0.00;-0.01;-0.05;-0.04;0.04;-1.45;-2.20;-90.00;-0.00;0.50;0.008;1.28;2.24;-1000.00;-1000.00
522.635;2353;-1.47;-2.24;267.60;-1.45;-2.26;-90.00;-0.00;0.50;593;3;1;0;0.16;0.46;0.44;-0.01;-0.01;-0.03;-0.02;0.04;-1.45;-2.24;-90.00;-0.00;0.50;0.005;1.28;2.24;-1000.00;-1000.00
522.755;2367;-1.47;-2.30;267.75;-1.45;-2.50;-90.00;0.00;0.50;593;4;1;0;0.16;0.46;0.44;-0.01;-0.01;-0.03;-0.03;0.05;-1.45;-2.28;-90.00;-0.00;0.50;0.016;1.28;2.24;-1000.00;-1000.00
522.835;2377;-1.47;-2.35;267.80;-1.45;-2.50;-90.00;0.00;0.50;593;4;1;0;0.17;0.46;0.45;-0.01;-0.01;-0.04;-0.03;0.08;-1.45;-2.34;-90.00;-0.00;0.50;0.005;1.28;2.24;-1000.00;-1000.00
522.935;2386;-1.48;-2.39;268.00;-1.45;-2.50;-90.00;0.00;0.50;593;4;1;0;0.16;0.47;0.44;-0.01;-0.01;-0.03;-0.03;0.06;-1.45;-2.39;-90.00;-0.00;0.50;0.002;1.28;2.24;-1000.00;-1000.00
523.045;2397;-1.48;-2.44;268.17;-1.45;-2.50;-90.00;0.00;0.50;593;4;1;0;0.16;0.47;0.45;-0.00;-0.01;-0.01;-0.02;0.05;-1.45;-2.43;-90.00;0.00;0.50;0.004;1.28;2.24;-1000.00;-1000.00
523.135;2405;-1.48;-2.47;268.28;-1.45;-2.50;-90.00;0.00;0.50;593;4;1;0;0.16;0.47;0.45;-0.00;-0.01;-0.01;-0.02;0.05;-1.45;-2.48;-90.00;0.00;0.50;0.002;1.28;2.24;-1000.00;-1000.00
523.295;2420;-1.48;-2.54;268.32;-1.45;-2.75;-90.00;0.00;-0.50;589;0;1;2;0.16;0.47;0.46;-0.01;-0.01;-0.01;-0.01;0.02;-1.45;-2.52;-90.00;0.00;0.50;0.061;1.28;2.24;-1000.00;-1000.00
523.425;2433;-1.49;-2.60;268.58;-1.45;-2.45;-90.00;-0.00;0.37;590;0;1;7;0.16;0.47;0.39;-0.02;-0.00;0.06;0.01;0.05;-1.45;-2.56;-90.00;0.00;-0.50;0.046;1.28;2.24;-1000.00;-1000.00
523.475;2439;-1.49;-2.61;267.88;-1.40;-2.83;-65.10;0.79;0.50;590;1;1;7;0.16;0.47;0.09;-0.04;-0.04;-0.26;-0.02;-0.14;-1.45;-2.59;-87.05;0.32;0.42;0.039;1.28;2.24;-1000.00;-1000.00
523.585;2452;-1.49;-2.61;266.65;-1.40;-2.83;-65.10;0.79;0.50;590;1;1;7;0.16;0.47;-0.01;0.00;-0.00;-0.05;-0.02;-0.08;-1.45;-2.61;-86.34;0.35;0.43;0.055;1.28;2.24;-1000.00;-1000.00
523.675;2458;-1.49;-2.61;266.51;-1.40;-2.83;-65.10;0.79;0.50;590;1;1;7;0.16;0.47;0.00;0.01;0.00;0.01;0.01;-0.02;-1.45;-2.61;-86.34;0.35;0.43;0.045;1.28;2.24;-1000.00;-1000.00
523.765;2467;-1.49;-2.61;266.41;-1.40;-2.83;-65.10;0.79;0.50;590;1;1;7;0.16;0.47;0.00;0.00;0.00;0.00;0.00;-0.02;-1.45;-2.61;-86.34;0.35;0.43;0.028;1.28;2.24;-1000.00;-1000.00
523.855;2476;-1.49;-2.61;266.33;-1.40;-2.83;-65.10;0.79;0.50;590;1;1;7;0.16;0.47;0.00;-0.00;-0.00;0.00;-0.00;-0.01;-1.45;-2.61;-86.34;0.35;0.43;0.028;1.28;2.24;-1000.00;-1000.00
523.955;2487;-1.49;-2.61;266.26;-1.40;-2.83;-65.10;0.79;0.50;590;1;1;7;0.16;0.47;0.00;0.00;-0.00;-0.00;-0.00;-0.01;-1.45;-2.61;-86.34;0.35;0.43;0.024;1.28;2.24;-1000.00;-1000.00
524.055;2495;-1.49;-2.61;266.23;-1.40;-2.83;-65.10;0.79;0.50;590;1;1;7;0.16;0.47;0.00;0.00;-0.00;-0.00;-0.00;-0.01;-1.45;-2.61;-86.34;0.35;0.43;0.026;1.28;2.24;-1000.00;-1000.00
524.185;2510;-1.49;-2.61;266.19;-1.40;-2.83;-65.10;0.79;0.50;590;1;1;7;0.16;0.47;0.00;0.00;-0.00;-0.00;-0.00;-0.00;-1.45;-2.61;-86.34;0.35;0.43;0.050;1.28;2.24;-1000.00;-1000.00
524.265;2515;-1.49;-2.61;266.19;-1.40;-2.83;-65.10;0.79;0.50;590;1;1;7;0.16;0.47;0.00;0.00;-0.00;-0.00;-0.00;-0.00;-1.45;-2.61;-86.34;0.35;0.43;0.027;1.28;2.24;-1000.00;-1000.00
524.385;2529;-1.49;-2.61;266.17;-1.40;-2.83;-65.10;0.79;0.50;590;1;1;7;0.16;0.47;0.00;0.00;-0.00;-0.00;-0.00;-0.00;-1.45;-2.61;-86.34;0.35;0.43;0.052;1.28;2.24;-1000.00;-1000.00
524.475;2538;-1.49;-2.61;266.16;-1.40;-2.83;-65.10;0.79;0.50;590;1;1;7;0.16;0.47;0.00;0.00;-0.00;-0.00;-0.00;-0.00;-1.45;-2.61;-86.34;0.35;0.43;0.041;1.28;2.24;-1000.00;-1000.00
524.565;2548;-1.49;-2.61;266.16;-1.40;-2.83;-65.10;0.79;0.50;590;1;1;7;0.16;0.47;0.00;0.00;-0.00;-0.00;-0.00;-0.00;-1.45;-2.61;-86.34;0.35;0.43;0.027;1.28;2.24;-1000.00;-1000.00
524.685;2560;-1.49;-2.61;266.15;-1.40;-2.83;-65.10;0.79;0.50;590;1;1;7;0.16;0.47;0.00;0.00;-0.00;-0.00;0.00;-0.00;-1.45;-2.61;-86.34;0.35;0.43;0.053;1.28;2.24;-1000.00;-1000.00
524.795;2572;-1.49;-2.61;266.15;-1.40;-2.83;-65.10;0.79;0.50;590;1;1;7;0.16;0.47;0.00;0.00;-0.00;-0.00;0.00;-0.00;-1.45;-2.61;-86.34;0.35;0.43;0.064;1.28;2.24;-1000.00;-1000.00
524.905;2583;-1.49;-2.61;266.15;-1.40;-2.83;-65.10;0.79;0.50;590;1;1;7;0.16;0.47;0.00;0.00;-0.00;-0.00;0.00;-0.00;-1.45;-2.61;-86.34;0.35;0.43;0.051;1.28;2.24;-1000.00;-1000.00
524.975;2589;-1.49;-2.61;266.15;-1.40;-2.83;-65.10;0.79;0.50;590;1;1;7;0.16;0.47;0.00;0.00;-0.00;-0.00;0.00;-0.00;-1.45;-2.61;-86.34;0.35;0.43;0.040;1.28;2.24;-1000.00;-1000.00
525.075;2597;-1.49;-2.61;266.15;-1.40;-2.83;-65.10;0.79;0.50;590;1;1;7;0.16;0.47;0.00;0.00;-0.00;-0.00;0.00;-0.00;-1.45;-2.61;-86.34;0.35;0.43;0.036;1.28;2.24;-1000.00;-1000.00
525.215;2615;-1.49;-2.61;266.15;-1.40;-2.83;-65.10;0.79;0.50;590;1;1;7;0.66;0.48;0.00;0.00;-0.00;-0.00;0.00;-0.00;-1.45;-2.61;-86.34;0.35;0.43;0.083;1.29;2.24;-1000.00;-1000.00
525.275;2618;-1.49;-2.61;266.19;-1.40;-2.83;-65.10;0.79;0.50;590;1;1;7;0.66;0.49;0.07;-0.00;-0.00;-0.04;0.00;0.07;-1.45;-2.61;-86.34;0.35;0.43;0.041;1.29;2.24;-1000.00;-1000.00
525.375;2629;-1.49;-2.65;271.50;-1.40;-2.83;-65.10;0.79;0.50;590;1;1;7;0.58;0.48;0.47;-0.02;-0.01;0.05;0.04;1.23;-1.45;-2.63;-85.54;0.38;0.43;0.040;1.29;2.24;-1000.00;-1000.00
525.465;2638;-1.49;-2.70;277.22;-1.40;-2.83;-65.10;0.79;0.50;590;1;1;7;0.57;0.48;0.51;-0.13;-0.07;-0.48;-0.06;1.20;-1.44;-2.67;-82.52;0.48;0.45;0.034;1.29;2.24;-1000.00;-1000.00
525.575;2648;-1.49;-2.75;283.04;-1.40;-2.83;-65.10;0.79;0.50;590;1;1;7;0.55;0.48;0.50;-0.06;-0.00;-0.05;-0.03;1.01;-1.44;-2.71;-79.95;0.54;0.46;0.039;1.29;2.24;-1000.00;-1000.00
525.665;2658;-1.48;-2.79;288.14;-1.04;-3.07;-3.77;0.79;0.50;590;2;1;7;0.63;0.47;0.49;-0.02;-0.01;-0.05;-0.08;0.64;-1.43;-2.75;-75.18;0.63;0.47;0.027;1.29;2.24;-1000.00;-1000.00
525.745;2666;-1.47;-2.83;290.60;-1.04;-3.07;-3.77;0.79;0.50;590;2;1;7;0.66;0.48;0.52;-0.02;-0.00;0.14;0.22;0.51;-1.41;-2.80;-69.20;0.73;0.49;0.016;1.29;2.24;-1000.00;-1000.00
525.845;2675;-1.46;-2.88;295.34;-1.04;-3.07;-3.77;0.79;0.50;590;2;1;7;0.72;0.49;0.49;-0.07;-0.01;0.03;0.05;0.93;-1.39;-2.84;-64.48;0.79;0.50;0.014;1.29;2.24;-1000.00;-1000.00
525.945;2686;-1.44;-2.93;300.96;-1.04;-3.07;-3.77;0.79;0.50;590;2;1;7;0.79;0.49;0.55;-0.06;-0.01;0.07;0.14;0.88;-1.37;-2.88;-57.04;0.79;0.50;0.016;1.29;2.24;-1000.00;-1000.00
526.065;2698;-1.41;-2.99;308.98;-1.04;-3.07;-3.77;0.79;0.50;590;2;1;7;0.74;0.50;0.57;-0.10;-0.01;0.04;0.03;1.12;-1.35;-2.91;-52.09;0.79;0.50;0.025;1.29;2.24;-1000.00;-1000.00
526.145;2706;-1.39;-3.03;314.81;-1.04;-3.07;-3.77;0.79;0.50;590;2;1;7;0.74;0.50;0.56;-0.15;-0.01;0.00;-0.03;1.37;-1.32;-2.94;-47.13;0.79;0.50;0.021;1.29;2.24;-1000.00;-1000.00
526.245;2716;-1.36;-3.08;322.37;-1.04;-3.07;-3.77;0.79;0.50;590;2;1;7;0.72;0.50;0.56;-0.19;-0.01;0.02;-0.04;1.26;-1.28;-2.98;-39.70;0.79;0.50;0.013;1.29;2.24;-1000.00;-1000.00
526.365;2728;-1.32;-3.14;331.72;-1.04;-3.07;-3.77;0.79;0.50;590;2;1;7;0.67;0.50;0.53;-0.23;-0.01;0.02;-0.06;1.48;-1.25;-3.00;-34.74;0.79;0.50;0.026;1.29;2.24;-1000.00;-1000.00
526.445;2735;-1.29;-3.17;337.12;-1.04;-3.07;-3.77;0.79;0.50;590;2;1;7;0.68;0.50;0.53;-0.20;-0.01;0.02;0.04;1.27;-1.21;-3.03;-27.31;0.79;0.50;0.017;1.29;2.24;-1000.00;-1000.00
526.575;2747;-1.23;-3.21;346.54;-1.04;-3.07;-3.77;0.79;0.50;590;2;1;7;0.54;0.49;0.55;-0.19;-0.04;-0.10;-0.27;1.69;-1.19;-3.04;-24.83;0.79;0.50;0.038;1.29;2.24;-1000.00;-1000.00
526.655;2758;-1.18;-3.23;355.08;-1.04;-3.07;-3.77;0.79;0.50;590;2;1;7;0.51;0.48;0.49;-0.13;-0.01;0.04;-0.09;0.98;-1.14;-3.06;-17.40;0.79;0.50;0.022;1.29;2.24;-1000.00;-1000.00
526.755;2767;-1.14;-3.24;359.16;-1.04;-3.07;-3.77;0.79;0.50;590;2;1;7;0.56;0.46;0.49;-0.05;-0.01;-0.11;0.14;0.72;-1.11;-3.07;-12.44;0.79;0.50;0.024;1.29;2.24;-1000.00;-1000.00
526.855;2777;-1.09;-3.24;364.05;-0.66;-2.89;54.20;0.73;0.50;590;3;1;7;0.54;0.45;0.43;-0.03;-0.09;0.50;0.02;0.99;-1.09;-3.07;-9.97;0.79;0.50;0.023;1.29;2.24;-1000.00;-1000.00
526.945;2788;-1.04;-3.24;369.37;-0.66;-2.89;54.20;0.73;0.50;590;3;1;7;0.18;0.45;0.46;0.00;-0.01;-0.23;0.23;0.76;-1.03;-3.07;-2.53;0.78;0.50;0.013;1.29;2.24;-1000.00;-1000.00
527.055;2797;-1.00;-3.23;371.46;-0.66;-2.89;54.20;0.73;0.50;590;3;1;7;0.31;0.45;0.44;0.00;-0.01;-0.01;0.01;0.01;-1.00;-3.07;2.39;0.78;0.50;0.009;1.29;2.24;-1000.00;-1000.00
527.155;2807;-0.95;-3.23;372.32;-0.66;-2.89;54.20;0.73;0.50;590;3;1;7;0.47;0.45;0.43;-0.02;-0.01;0.06;-0.06;0.34;-0.98;-3.07;4.83;0.78;0.50;0.015;1.29;2.24;-1000.00;-1000.00
527.245;2816;-0.92;-3.22;374.20;-0.66;-2.89;54.20;0.73;0.50;590;3;1;7;0.61;0.46;0.46;-0.02;-0.00;0.02;-0.03;0.54;-0.94;-3.07;9.69;0.77;0.50;0.012;1.29;2.24;-1000.00;-1000.00
527.345;2827;-0.87;-3.21;378.89;-0.66;-2.89;54.20;0.73;0.50;590;3;1;7;0.65;0.46;0.47;-0.00;-0.01;-0.06;0.06;0.73;-0.91;-3.06;14.50;0.77;0.50;0.006;1.29;2.24;-1000.00;-1000.00
527.445;2836;-0.83;-3.19;381.98;-0.66;-2.89;54.20;0.73;0.50;590;3;1;7;0.74;0.47;0.48;-0.07;-0.03;0.09;-0.16;0.81;-0.87;-3.05;19.26;0.76;0.50;0.007;1.29;2.24;-1000.00;-1000.00
527.545;2846;-0.78;-3.18;387.59;-0.66;-2.89;54.20;0.73;0.50;590;3;1;7;0.74;0.47;0.53;-0.06;-0.01;-0.07;0.04;0.90;-0.84;-3.04;23.98;0.76;0.50;0.008;1.29;2.24;-1000.00;-1000.00
527.635;2855;-0.73;-3.16;392.62;-0.66;-2.89;54.20;0.73;0.50;590;3;1;7;0.77;0.47;0.50;-0.14;-0.01;0.10;-0.05;1.22;-0.81;-3.02;28.66;0.75;0.50;0.008;1.29;2.24;-1000.00;-1000.00
527.745;2865;-0.68;-3.14;398.16;-0.66;-2.89;54.20;0.73;0.50;590;3;1;7;0.79;0.47;0.55;-0.13;-0.01;-0.01;0.01;0.92;-0.78;-3.00;33.30;0.75;0.50;0.011;1.29;2.24;-1000.00;-1000.00
527.855;2876;-0.63;-3.11;405.26;-0.66;-2.89;54.20;0.73;0.50;590;3;1;7;0.79;0.46;0.54;-0.18;-0.01;0.04;0.01;1.26;-0.75;-2.98;37.90;0.75;0.50;0.020;1.29;2.24;-1000.00;-1000.00
527.945;2885;-0.58;-3.09;411.93;-0.66;-2.89;54.20;0.73;0.50;590;3;1;7;0.74;0.46;0.52;-0.20;-0.01;0.08;0.00;1.30;-0.72;-2.96;42.45;0.74;0.50;0.009;1.29;2.24;-1000.00;-1000.00
528.055;2897;-0.53;-3.05;420.69;-0.66;-2.89;54.20;0.73;0.50;590;3;1;7;0.63;0.44;0.49;-0.21;-0.01;0.03;0.03;1.41;-0.69;-2.93;46.96;0.74;0.50;0.016;1.29;2.24;-1000.00;-1000.00
528.155;2907;-0.49;-3.01;427.33;-0.66;-2.89;54.20;0.73;0.50;590;3;1;7;0.62;0.42;0.47;-0.10;-0.01;-0.00;-0.00;1.04;-0.66;-2.89;53.65;0.73;0.50;0.013;1.29;2.24;-1000.00;-1000.00
528.245;2916;-0.47;-2.98;431.76;-0.66;-2.89;54.20;0.73;0.50;590;3;1;7;0.56;0.40;0.43;-0.09;-0.01;0.06;0.01;0.81;-0.65;-2.88;55.84;0.72;0.50;0.011;1.29;2.24;-1000.00;-1000.00
528.345;2927;-0.45;-2.93;436.20;-0.66;-2.89;54.20;0.73;0.50;590;3;1;7;0.52;0.38;0.42;-0.02;-0.00;-0.11;-0.05;0.56;-0.63;-2.85;60.01;0.68;0.50;0.014;1.29;2.24;-1000.00;-1000.00
528.445;2937;-0.44;-2.90;439.40;-0.66;-2.89;54.20;0.73;0.50;590;3;1;7;0.49;0.36;0.37;-0.00;-0.01;0.08;0.04;0.46;-0.61;-2.81;63.90;0.65;0.50;0.012;1.29;2.24;-1000.00;-1000.00
528.545;2946;-0.44;-2.86;441.15;-0.66;-2.89;54.20;0.73;0.50;590;3;1;7;0.47;0.34;0.37;0.01;-0.01;-0.19;-0.09;0.27;-0.60;-2.80;65.74;0.63;0.50;0.008;1.29;2.24;-1000.00;-1000.00
528.635;2955;-0.43;-2.83;443.30;-0.66;-2.89;54.20;0.73;0.50;590;3;1;7;0.47;0.33;0.34;-0.04;-0.01;0.13;0.08;0.38;-0.59;-2.76;69.23;0.59;0.50;0.006;1.29;2.24;-1000.00;-1000.00
528.745;2965;-0.43;-2.80;445.39;-0.66;-2.89;54.20;0.73;0.50;590;3;1;7;0.44;0.31;0.31;-0.00;-0.09;0.02;0.45;0.49;-0.58;-2.75;70.88;0.58;0.50;0.011;1.29;2.24;-1000.00;-1000.00
528.845;2975;-0.42;-2.77;447.23;-0.66;-2.89;54.20;0.73;0.50;590;3;1;7;0.41;0.29;0.31;0.01;-0.01;-0.11;-0.08;0.23;-0.58;-2.73;72.46;0.56;0.50;0.008;1.29;2.24;-1000.00;-1000.00
528.945;2983;-0.42;-2.74;448.51;-0.66;-2.89;54.20;0.73;0.50;590;3;1;7;0.42;0.28;0.29;-0.03;-0.01;-0.01;-0.01;0.22;-0.57;-2.70;75.44;0.52;0.50;0.011;1.29;2.24;-1000.00;-1000.00
529.045;2998;-0.42;-2.70;450.01;-0.66;-2.89;54.20;0.73;0.50;590;3;1;7;0.40;0.27;0.28;0.00;-0.01;-0.05;-0.03;0.09;-0.56;-2.68;76.84;0.51;0.50;0.015;1.29;2.24;-1000.00;-1000.00
529.155;3007;-0.42;-2.68;450.88;-0.66;-2.89;54.20;0.73;0.50;590;3;1;7;0.40;0.25;0.26;-0.03;-0.01;-0.03;-0.02;0.13;-0.56;-2.66;78.18;0.49;0.50;0.023;1.29;2.24;-1000.00;-1000.00
529.245;3017;-0.42;-2.65;451.81;-0.66;-2.89;54.20;0.73;0.50;590;3;1;7;0.41;0.24;0.25;-0.04;-0.01;0.00;0.01;0.15;-0.55;-2.62;80.70;0.45;0.50;0.010;1.29;2.24;-1000.00;-1000.00
529.385;3029;-0.41;-2.62;452.93;-0.55;-2.45;90.00;-0.00;0.50;114;0;1;0;0.42;0.24;0.24;-0.04;-0.01;0.03;0.02;0.17;-0.55;-2.61;81.87;0.44;0.50;0.050;1.29;2.24;-1000.00;-1000.00
529.515;3044;-0.41;-2.58;454.29;-0.55;-2.45;90.00;-0.00;0.50;114;0;1;0;0.12;0.26;0.23;-0.03;-0.01;-0.03;-0.02;0.14;-0.55;-2.45;90.00;-0.00;0.50;0.079;1.29;2.24;-1000.00;-1000.00
529.605;3052;-0.41;-2.56;454.18;-0.55;-2.45;90.00;-0.00;0.50;114;0;1;0;0.13;0.29;0.26;0.01;-0.01;0.03;0.02;-0.12;-0.55;-2.45;90.00;-0.00;0.50;0.067;1.29;2.24;-1000.00;-1000.00
529.675;3057;-0.41;-2.55;453.86;-0.55;-2.45;90.00;-0.00;0.50;114;0;1;0;0.14;0.31;0.27;0.01;-0.01;0.06;0.04;-0.09;-0.55;-2.45;90.00;-0.00;0.50;0.037;1.29;2.24;-1000.00;-1000.00
529.775;3068;-0.42;-2.52;453.41;-0.55;-2.45;90.00;-0.00;0.50;114;0;1;0;0.16;0.33;0.31;-0.00;-0.01;-0.01;-0.01;-0.05;-0.55;-2.45;90.00;-0.00;0.50;0.035;1.29;2.24;-1000.00;-1000.00
529.875;3077;-0.42;-2.49;453.42;-0.55;-2.45;90.00;-0.00;0.50;114;0;1;0;0.16;0.34;0.31;-0.01;-0.01;0.04;0.03;0.05;-0.55;-2.45;90.00;-0.00;0.50;0.042;1.29;2.24;-1000.00;-1000.00
529.965;3087;-0.42;-2.46;453.53;-0.55;-2.45;90.00;-0.00;0.50;114;0;1;0;0.15;0.35;0.32;-0.00;-0.01;0.01;0.02;0.03;-0.55;-2.45;90.00;-0.00;0.50;0.033;1.29;2.24;-1000.00;-1000.00
530.085;3100;-0.42;-2.42;453.65;-0.55;-2.45;90.00;-0.00;0.50;114;0;1;0;0.14;0.35;0.34;-0.00;-0.01;0.01;0.02;0.02;-0.55;-2.44;90.00;-0.00;0.50;0.058;1.29;2.24;-1000.00;-1000.00
530.175;3110;-0.42;-2.38;453.68;-0.55;-2.45;90.00;-0.00;0.50;114;0;1;0;0.13;0.36;0.34;-0.00;-0.01;0.02;0.02;0.01;-0.55;-2.40;90.00;-0.00;0.50;0.041;1.29;2.24;-1000.00;-1000.00
530.305;3121;-0.42;-2.35;453.67;-0.55;-2.45;90.00;-0.00;0.50;114;0;1;0;0.13;0.36;0.35;-0.00;-0.01;0.02;0.02;0.01;-0.55;-2.37;90.00;-0.00;0.50;0.081;1.29;2.24;-1000.00;-1000.00
530.395;3130;-0.43;-2.31;453.66;-0.55;-2.45;90.00;-0.00;0.50;114;0;1;0;0.12;0.37;0.35;-0.00;-0.01;0.02;0.02;0.00;-0.55;-2.33;90.00;-0.00;0.50;0.058;1.29;2.24;-1000.00;-1000.00
530.455;3136;-0.43;-2.29;453.65;-0.55;-2.45;90.00;-0.00;0.50;114;0;1;0;0.12;0.37;0.35;-0.00;-0.01;0.02;0.02;0.00;-0.55;-2.29;90.00;-0.00;0.50;0.028;1.29;2.24;-1000.00;-1000.00
530.595;3148;-0.43;-2.25;453.63;-0.55;-2.21;90.00;-0.00;0.50;114;1;1;0;0.12;0.38;0.36;-0.00;-0.01;0.02;0.02;0.01;-0.55;-2.27;90.00;-0.00;0.50;0.056;1.29;2.24;-1000.00;-1000.00
530.665;3159;-0.43;-2.21;453.64;-0.55;-2.21;90.00;-0.00;0.50;114;1;1;0;0.11;0.38;0.36;-0.00;-0.01;0.02;0.01;0.00;-0.55;-2.23;90.00;-0.00;0.50;0.034;1.29;2.24;-1000.00;-1000.00
530.785;3170;-0.43;-2.17;453.62;-0.55;-2.21;90.00;-0.00;0.50;114;1;1;0;0.11;0.39;0.37;-0.00;-0.01;0.02;0.01;0.00;-0.55;-2.19;90.00;-0.00;0.50;0.046;1.29;2.24;-1000.00;-1000.00
530.875;3179;-0.44;-2.14;453.60;-0.55;-2.21;90.00;-0.00;0.50;114;1;1;0;0.10;0.39;0.37;-0.00;-0.01;0.02;0.01;-0.00;-0.55;-2.16;90.00;-0.00;0.50;0.045;1.29;2.24;-1000.00;-1000.00
530.985;3189;-0.44;-2.10;453.56;-0.55;-2.21;90.00;-0.00;0.50;114;1;1;0;0.10;0.39;0.38;-0.00;-0.01;0.02;0.01;-0.00;-0.55;-2.11;90.00;-0.00;0.50;0.051;1.29;2.24;-1000.00;-1000.00
531.075;3198;-0.44;-2.07;453.54;-0.55;-1.97;90.00;-0.00;0.50;114;2;1;0;0.09;0.39;0.38;-0.00;-0.01;0.02;0.01;-0.00;-0.55;-2.09;90.00;-0.00;0.50;0.040;1.29;2.24;-1000.00;-1000.00
531.185;3207;-0.44;-2.03;453.52;-0.55;-1.97;90.00;-0.00;0.50;114;2;1;0;0.09;0.40;0.38;-0.00;-0.01;0.02;0.01;-0.00;-0.55;-2.04;90.00;-0.00;0.50;0.044;1.29;2.24;-1000.00;-1000.00
531.265;3218;-0.44;-1.99;453.51;-0.55;-1.97;90.00;-0.00;0.50;114;2;1;0;0.09;0.40;0.39;-0.00;-0.00;0.01;0.01;-0.00;-0.55;-2.01;90.00;-0.00;0.50;0.031;1.29;2.24;-1000.00;-1000.00
531.375;3229;-0.45;-1.95;453.48;-0.55;-1.97;90.00;-0.00;0.50;114;2;1;0;0.08;0.41;0.39;-0.00;-0.00;0.01;0.01;-0.00;-0.55;-1.96;90.00;-0.00;0.50;0.030;1.29;2.24;-1000.00;-1000.00
531.485;3237;-0.45;-1.92;453.47;-0.55;-1.97;90.00;-0.00;0.50;114;2;1;0;0.08;0.41;0.39;-0.00;-0.00;0.02;0.01;-0.00;-0.55;-1.93;90.00;-0.00;0.50;0.044;1.29;2.24;-1000.00;-1000.00
531.545;3248;-0.45;-1.87;453.44;-0.55;-1.74;90.00;-0.00;0.50;114;3;1;0;0.07;0.41;0.39;-0.00;-0.00;0.01;0.01;-0.00;-0.55;-1.87;90.00;-0.00;0.50;0.015;1.29;2.25;-1000.00;-1000.00
531.645;3256;-0.45;-1.84;453.37;-0.55;-1.74;90.00;-0.00;0.50;114;3;1;0;0.07;0.42;0.40;-0.00;-0.00;0.01;0.01;-0.01;-0.55;-1.84;90.00;-0.00;0.50;0.008;1.29;2.25;-1000.00;-1000.00
531.745;3267;-0.45;-1.80;453.32;-0.55;-1.74;90.00;-0.00;0.50;114;3;1;0;0.07;0.42;0.40;-0.00;-0.00;0.01;0.01;-0.00;-0.55;-1.80;90.00;-0.00;0.50;0.010;1.29;2.25;-1000.00;-1000.00
531.835;3275;-0.46;-1.76;453.30;-0.55;-1.74;90.00;-0.00;0.50;114;3;1;0;0.07;0.42;0.41;-0.00;-0.00;0.01;0.01;-0.00;-0.55;-1.76;90.00;-0.00;0.50;0.007;1.29;2.25;-1000.00;-1000.00
531.955;3286;-0.46;-1.72;453.26;-0.55;-1.74;90.00;-0.00;0.50;114;3;1;0;0.06;0.43;0.41;-0.00;-0.00;0.01;0.01;-0.00;-0.55;-1.72;90.00;-0.00;0.50;0.018;1.29;2.25;-1000.00;-1000.00
532.055;3296;-0.46;-1.68;453.23;-0.55;-1.74;90.00;-0.00;0.50;114;3;1;0;0.06;0.43;0.42;-0.00;-0.00;0.01;0.01;-0.01;-0.55;-1.68;90.00;-0.00;0.50;0.014;1.29;2.25;-1000.00;-1000.00
532.155;3307;-0.46;-1.63;453.18;-0.55;-1.50;90.00;0.00;0.50;114;4;1;0;0.06;0.44;0.42;-0.00;-0.00;0.01;0.01;-0.01;-0.55;-1.64;90.00;-0.00;0.50;0.008;1.29;2.25;-1000.00;-1000.00
