t;frame;x;y;z;x_ref;y_ref;z_ref;delta_ref;u_ref;state;ellipse;control;action;delta;u;vx;vy;vz;wx;wy;wz;xr;yr;zr;delr;ur
32546.825;15;1.00;-2.20;90.48;1.06;-2.16;90.00;-0.00;0.50;770;0;1;0;-0.17;0.03;0.00;0.00;0.00;-0.00;-0.00;-0.00;1.06;-2.16;90.00;-0.00;0.50;0.054
32546.885;20;1.00;-2.20;90.47;1.06;-2.16;90.00;-0.00;0.50;770;0;1;0;-0.17;0.06;0.00;-0.00;-0.00;-0.05;-0.03;-0.00;1.06;-2.16;90.00;-0.00;0.50;0.027
32546.985;28;1.00;-2.20;90.40;1.06;-2.16;90.00;-0.00;0.50;770;0;1;0;-0.17;0.08;0.06;0.00;-0.03;0.23;-0.00;-0.03;1.06;-2.16;90.00;-0.00;0.50;0.014
32547.085;38;1.00;-2.19;90.24;1.06;-2.16;90.00;-0.00;0.50;770;0;1;0;-0.16;0.11;0.08;0.00;-0.00;0.01;0.02;-0.03;1.06;-2.16;90.00;-0.00;0.50;0.018
32547.195;48;1.00;-2.18;89.99;1.06;-2.16;90.00;-0.00;0.50;770;0;1;0;-0.15;0.13;0.11;0.00;0.00;-0.01;-0.00;-0.04;1.06;-2.16;90.00;-0.00;0.50;0.028
32547.285;56;1.00;-2.17;89.80;1.06;-2.16;90.00;-0.00;0.50;770;0;1;0;-0.14;0.15;0.13;-0.00;0.00;0.00;0.00;-0.04;1.06;-2.16;90.00;-0.00;0.50;0.025
32547.395;72;1.00;-2.15;89.46;1.06;-2.16;90.00;-0.00;0.50;770;0;1;0;-0.13;0.16;0.15;0.00;0.00;-0.00;0.00;-0.03;1.06;-2.16;90.00;-0.00;0.50;0.033
32547.495;81;1.00;-2.14;89.32;1.06;-2.16;90.00;-0.00;0.50;770;0;1;0;-0.12;0.18;0.17;0.00;0.00;-0.00;0.00;-0.02;1.06;-2.15;90.00;0.00;0.50;0.033
32547.575;87;1.00;-2.13;89.24;1.06;-2.16;90.00;-0.00;0.50;770;0;1;0;-0.11;0.19;0.18;-0.00;0.00;-0.00;0.00;-0.02;1.06;-2.12;90.00;0.00;0.50;0.015
32547.695;99;1.00;-2.10;89.09;1.06;-2.16;90.00;-0.00;0.50;770;0;1;0;-0.11;0.21;0.20;0.00;0.00;-0.00;0.00;-0.02;1.06;-2.11;90.00;0.00;0.50;0.030
32547.785;110;1.00;-2.08;88.98;1.06;-1.86;90.00;0.00;0.50;770;1;1;0;-0.10;0.22;0.21;0.00;0.00;-0.00;0.00;-0.02;1.06;-2.09;90.00;0.00;0.50;0.017
32547.875;118;1.00;-2.06;88.91;1.06;-1.86;90.00;0.00;0.50;770;1;1;0;-0.10;0.24;0.22;0.00;0.00;-0.00;0.00;-0.01;1.06;-2.06;90.00;0.00;0.50;0.011
32547.975;129;1.00;-2.04;88.82;1.06;-1.86;90.00;0.00;0.50;770;1;1;0;-0.09;0.25;0.24;0.00;0.00;-0.00;-0.00;-0.01;1.06;-2.04;90.00;0.00;0.50;0.010
32548.075;137;1.00;-2.02;88.77;1.06;-1.86;90.00;0.00;0.50;770;1;1;0;-0.09;0.26;0.25;0.00;-0.00;-0.00;-0.00;-0.01;1.06;-2.01;90.00;0.00;0.50;0.011
32548.175;146;1.00;-2.00;88.71;1.06;-1.86;90.00;0.00;0.50;770;1;1;0;-0.08;0.27;0.26;-0.00;-0.00;0.00;-0.00;-0.01;1.06;-2.00;90.00;0.00;0.50;0.011
32548.285;160;1.00;-1.96;88.64;1.06;-1.86;90.00;0.00;0.50;770;1;1;0;-0.08;0.28;0.27;0.00;-0.00;0.00;-0.00;-0.01;1.06;-1.97;90.00;0.00;0.50;0.016
32548.375;170;1.00;-1.93;88.59;1.06;-1.86;90.00;0.00;0.50;770;1;1;0;-0.07;0.29;0.28;0.00;-0.00;0.00;-0.00;-0.01;1.06;-1.94;90.00;0.00;0.50;0.014
32548.475;179;1.00;-1.90;88.57;1.06;-1.86;90.00;0.00;0.50;770;1;1;0;-0.07;0.30;0.29;-0.00;-0.00;0.00;-0.00;-0.00;1.06;-1.92;90.00;0.00;0.50;0.015
32548.575;190;1.00;-1.87;88.54;1.06;-1.86;90.00;0.00;0.50;770;1;1;0;-0.07;0.30;0.30;-0.00;-0.00;0.00;-0.00;-0.00;1.06;-1.87;90.00;0.00;0.50;0.013
32548.685;198;1.01;-1.85;88.53;1.06;-1.86;90.00;0.00;0.50;770;1;1;0;-0.07;0.30;0.30;-0.00;-0.00;0.00;-0.00;-0.00;1.06;-1.85;90.00;0.00;0.50;0.020
32548.785;209;1.01;-1.81;88.53;1.06;-1.86;90.00;0.00;0.50;770;1;1;0;-0.06;0.30;0.30;-0.00;-0.00;0.00;-0.00;-0.00;1.06;-1.82;90.00;0.00;0.50;0.023
32548.885;218;1.01;-1.79;88.52;1.06;-1.56;90.00;-0.00;0.50;770;2;1;0;-0.06;0.30;0.30;-0.00;-0.00;0.00;-0.00;-0.00;1.06;-1.78;90.00;0.00;0.50;0.021
32548.975;228;1.01;-1.76;88.52;1.06;-1.56;90.00;-0.00;0.50;770;2;1;0;-0.06;0.30;0.30;-0.00;-0.00;0.00;-0.00;-0.00;1.06;-1.76;90.00;0.00;0.50;0.008
32549.075;236;1.01;-1.73;88.53;1.06;-1.56;90.00;-0.00;0.50;770;2;1;0;-0.06;0.30;0.30;-0.00;-0.00;0.00;-0.00;0.00;1.06;-1.74;90.00;0.00;0.50;0.013
32549.165;246;1.01;-1.70;88.53;1.06;-1.56;90.00;-0.00;0.50;770;2;1;0;-0.06;0.30;0.30;-0.00;-0.00;0.00;-0.00;0.00;1.06;-1.70;90.00;0.00;0.50;0.006
32549.265;256;1.01;-1.67;88.53;1.06;-1.56;90.00;-0.00;0.50;770;2;1;0;-0.05;0.30;0.30;-0.00;-0.00;0.00;-0.00;0.00;1.06;-1.68;90.00;0.00;0.50;0.006
32549.365;265;1.01;-1.65;88.53;1.06;-1.56;90.00;-0.00;0.50;770;2;1;0;-0.05;0.30;0.30;-0.00;-0.00;0.00;-0.00;0.00;1.06;-1.64;90.00;0.00;0.50;0.006
32549.475;276;1.01;-1.61;88.54;1.06;-1.56;90.00;-0.00;0.50;770;2;1;0;-0.05;0.30;0.30;-0.00;-0.00;0.00;-0.00;0.00;1.06;-1.62;90.00;-0.00;0.50;0.007
32549.565;289;1.01;-1.57;88.54;1.06;-1.56;90.00;-0.00;0.50;770;2;1;0;-0.05;0.30;0.30;-0.00;-0.00;0.00;-0.00;0.00;1.06;-1.59;90.00;-0.00;0.50;0.008
32549.675;299;1.01;-1.54;88.55;1.06;-1.56;90.00;-0.00;0.50;770;2;1;0;-0.05;0.30;0.30;-0.00;-0.00;0.00;-0.00;0.00;1.06;-1.56;90.00;-0.00;0.50;0.009
32549.765;308;1.01;-1.52;88.56;1.06;-1.56;90.00;-0.00;0.50;770;2;1;0;-0.05;0.30;0.30;-0.00;-0.00;0.00;-0.00;0.00;1.06;-1.52;90.00;-0.00;0.50;0.006
32549.885;318;1.01;-1.49;88.56;1.06;-1.27;90.00;-0.00;0.50;770;3;1;0;-0.04;0.30;0.30;-0.00;-0.00;0.00;-0.00;0.00;1.06;-1.48;90.00;-0.00;0.50;0.014
32549.965;327;1.02;-1.46;88.57;1.06;-1.27;90.00;-0.00;0.50;770;3;1;0;-0.04;0.30;0.30;-0.00;-0.00;0.00;-0.00;0.00;1.06;-1.46;90.00;-0.00;0.50;0.003
32550.075;337;1.02;-1.43;88.57;1.06;-1.27;90.00;-0.00;0.50;770;3;1;0;-0.04;0.30;0.30;-0.00;-0.00;0.00;-0.00;0.00;1.06;-1.42;90.00;-0.00;0.50;0.007
32550.175;346;1.02;-1.40;88.58;1.06;-1.27;90.00;-0.00;0.50;770;3;1;0;-0.04;0.30;0.30;-0.00;-0.00;0.00;-0.00;0.00;1.06;-1.40;90.00;-0.00;0.50;0.003
32550.265;356;1.02;-1.37;88.51;1.06;-1.27;90.00;-0.00;0.50;770;3;1;0;-0.04;0.30;0.30;0.01;-0.00;0.04;-0.04;-0.01;1.06;-1.38;90.00;-0.00;0.50;0.006
32550.375;369;1.02;-1.33;88.43;1.06;-1.27;90.00;-0.00;0.50;770;3;1;0;-0.03;0.30;0.30;-0.00;0.00;-0.00;0.00;-0.01;1.06;-1.34;90.00;-0.00;0.50;0.003
32550.475;380;1.02;-1.30;88.41;1.06;-1.27;90.00;-0.00;0.50;770;3;1;0;-0.03;0.30;0.30;0.00;0.00;-0.00;0.00;-0.00;1.06;-1.32;90.00;-0.00;0.50;0.009
32550.575;390;1.02;-1.27;88.39;1.06;-1.27;90.00;-0.00;0.50;770;3;1;0;-0.02;0.30;0.30;-0.00;-0.00;0.00;0.00;-0.00;1.06;-1.28;90.00;-0.00;0.50;0.009
32550.675;399;1.02;-1.24;88.39;1.06;-1.27;90.00;-0.00;0.50;770;3;1;0;-0.02;0.30;0.30;-0.00;-0.00;0.00;0.00;0.00;1.06;-1.26;90.00;-0.00;0.50;0.005
32550.785;409;1.02;-1.21;88.40;1.06;-0.96;90.00;0.00;-0.50;778;0;1;2;-0.02;0.30;0.30;-0.00;-0.00;0.00;0.00;0.00;1.06;-1.21;90.00;-0.00;0.50;0.018
32550.905;423;1.02;-1.17;88.37;1.06;-1.36;90.00;0.00;-0.50;772;0;1;2;-0.18;0.26;0.28;0.00;-0.00;-0.01;-0.00;-0.09;1.06;-1.19;90.00;-0.00;-0.50;0.022
32550.975;428;1.02;-1.16;87.96;1.06;-1.36;90.00;0.00;-0.50;772;0;1;2;-0.20;0.20;0.26;0.00;0.00;-0.00;-0.00;-0.14;1.06;-1.36;90.00;0.00;-0.50;0.014
32551.095;442;1.02;-1.13;87.19;1.06;-1.36;90.00;0.00;-0.50;772;0;1;2;-0.23;0.14;0.20;-0.00;-0.00;0.00;-0.00;-0.07;1.06;-1.36;90.00;0.00;-0.50;0.030
32551.195;451;1.02;-1.11;86.97;1.06;-1.36;90.00;0.00;-0.50;772;0;1;2;-0.24;0.08;0.14;-0.00;-0.00;0.01;-0.01;-0.03;1.06;-1.36;90.00;0.00;-0.50;0.032
32551.295;460;1.02;-1.10;86.99;1.06;-1.36;90.00;0.00;-0.50;772;0;1;2;-0.24;0.03;0.08;-0.00;-0.00;0.00;-0.00;0.02;1.06;-1.36;90.00;0.00;-0.50;0.032
32551.395;470;1.02;-1.10;87.25;1.06;-1.36;90.00;0.00;-0.50;772;0;1;2;-0.22;-0.03;0.02;-0.00;-0.00;0.00;-0.00;0.06;1.06;-1.36;90.00;0.00;-0.50;0.032
32551.475;479;1.02;-1.10;87.66;1.06;-1.36;90.00;0.00;-0.50;772;0;1;2;-0.21;-0.08;-0.03;0.00;-0.00;0.01;-0.00;0.09;1.06;-1.36;90.00;0.00;-0.50;0.016
32551.585;489;1.02;-1.10;88.30;1.06;-1.36;90.00;0.00;-0.50;772;0;1;2;-0.18;-0.13;-0.08;0.00;-0.00;0.01;-0.00;0.11;1.06;-1.36;90.00;0.00;-0.50;0.015
32551.685;498;1.02;-1.11;88.83;1.06;-1.36;90.00;0.00;-0.50;772;0;1;2;-0.15;-0.18;-0.13;-0.00;0.00;-0.01;-0.00;0.09;1.06;-1.36;90.00;0.00;-0.50;0.018
32551.785;508;1.02;-1.13;89.21;1.06;-1.36;90.00;0.00;-0.50;772;0;1;2;-0.13;-0.22;-0.18;-0.01;-0.00;0.02;0.01;0.07;1.06;-1.36;90.00;0.00;-0.50;0.022
32551.885;519;1.02;-1.15;89.65;1.06;-1.36;90.00;0.00;-0.50;772;0;1;2;-0.11;-0.26;-0.22;0.00;0.00;0.00;-0.00;0.06;1.06;-1.36;90.00;0.00;-0.50;0.023
32551.975;528;1.02;-1.17;89.93;1.06;-1.36;90.00;0.00;-0.50;772;0;1;2;-0.10;-0.29;-0.26;0.00;0.00;0.00;-0.00;0.05;1.06;-1.36;90.00;0.00;-0.50;0.014
32552.085;538;1.02;-1.20;90.16;1.06;-1.36;90.00;0.00;-0.50;772;0;1;2;-0.08;-0.30;-0.29;0.00;-0.00;0.01;-0.00;0.03;1.06;-1.36;90.00;0.00;-0.50;0.021
32552.185;546;1.02;-1.22;90.28;1.06;-1.36;90.00;0.00;-0.50;772;0;1;2;-0.08;-0.30;-0.30;-0.00;-0.00;0.00;-0.00;0.02;1.06;-1.36;90.00;0.00;-0.50;0.015
32552.285;561;1.02;-1.27;90.39;1.06;-1.36;90.00;0.00;-0.50;772;0;1;2;-0.07;-0.30;-0.30;-0.00;-0.00;0.00;-0.00;0.01;1.06;-1.36;90.00;0.00;-0.50;0.016
32552.395;572;1.02;-1.30;90.42;1.06;-1.36;90.00;0.00;-0.50;772;0;1;2;-0.07;-0.30;-0.30;-0.00;-0.00;0.00;-0.00;0.00;1.06;-1.36;90.00;0.00;-0.50;0.038
32552.495;580;1.02;-1.32;90.42;1.06;-1.36;90.00;0.00;-0.50;772;0;1;2;-0.07;-0.30;-0.30;-0.00;-0.00;0.00;-0.00;0.00;1.06;-1.36;90.00;0.00;-0.50;0.030
32552.575;587;1.02;-1.35;90.43;1.06;-1.36;90.00;0.00;-0.50;772;0;1;2;-0.07;-0.30;-0.30;-0.00;-0.00;0.01;-0.00;0.00;1.06;-1.36;90.00;0.00;-0.50;0.014
32552.695;600;1.02;-1.39;90.44;1.06;-1.55;90.00;-0.00;-0.50;772;1;1;2;-0.07;-0.30;-0.30;-0.00;-0.00;0.01;-0.00;0.00;1.06;-1.37;90.00;-0.00;-0.50;0.026
32552.785;610;1.03;-1.42;90.46;1.06;-1.55;90.00;-0.00;-0.50;772;1;1;2;-0.07;-0.30;-0.30;-0.00;-0.00;0.00;-0.00;0.00;1.06;-1.40;90.00;-0.00;-0.50;0.016
32552.875;619;1.03;-1.44;90.46;1.06;-1.55;90.00;-0.00;-0.50;772;1;1;2;-0.06;-0.30;-0.30;-0.00;-0.00;0.00;-0.00;0.00;1.06;-1.44;90.00;-0.00;-0.50;0.013
32552.975;629;1.03;-1.47;90.47;1.06;-1.55;90.00;-0.00;-0.50;772;1;1;2;-0.06;-0.30;-0.30;-0.00;-0.00;0.00;-0.00;0.00;1.06;-1.46;90.00;-0.00;-0.50;0.018
32553.095;638;1.03;-1.50;90.48;1.06;-1.76;90.00;0.00;-0.50;771;0;1;2;-0.06;-0.30;-0.30;-0.00;-0.00;0.00;-0.00;0.00;1.06;-1.50;90.00;-0.00;-0.50;0.019
32553.175;648;1.03;-1.53;90.49;1.06;-1.76;90.00;0.00;-0.50;771;0;1;2;-0.06;-0.30;-0.30;-0.00;-0.00;0.00;-0.00;0.00;1.06;-1.76;90.00;0.00;-0.50;0.014
32553.295;662;1.03;-1.57;90.51;1.06;-1.76;90.00;0.00;-0.50;771;0;1;2;-0.06;-0.30;-0.30;-0.00;-0.00;0.00;-0.00;0.00;1.06;-1.76;90.00;0.00;-0.50;0.032
32553.395;671;1.03;-1.60;90.51;1.06;-1.76;90.00;0.00;-0.50;771;0;1;2;-0.06;-0.30;-0.30;-0.00;-0.00;0.00;-0.00;0.00;1.06;-1.76;90.00;0.00;-0.50;0.025
32553.485;681;1.03;-1.63;90.52;1.06;-1.76;90.00;0.00;-0.50;771;0;1;2;-0.06;-0.30;-0.30;-0.00;-0.00;0.00;-0.00;0.00;1.06;-1.76;90.00;0.00;-0.50;0.019
32553.595;690;1.03;-1.65;90.53;1.06;-1.76;90.00;0.00;-0.50;771;0;1;2;-0.06;-0.30;-0.30;-0.00;-0.00;0.00;-0.00;0.00;1.06;-1.76;90.00;0.00;-0.50;0.027
32553.695;699;1.03;-1.68;90.54;1.06;-1.76;90.00;0.00;-0.50;771;0;1;2;-0.06;-0.30;-0.30;-0.00;-0.00;0.00;-0.00;0.00;1.06;-1.76;90.00;0.00;-0.50;0.037
32553.785;709;1.03;-1.71;90.54;1.06;-1.76;90.00;0.00;-0.50;771;0;1;2;-0.06;-0.30;-0.30;-0.00;-0.00;0.00;-0.00;0.00;1.06;-1.76;90.00;0.00;-0.50;0.024
32553.885;718;1.03;-1.74;90.55;1.06;-1.76;90.00;0.00;-0.50;771;0;1;2;-0.05;-0.30;-0.30;-0.00;-0.00;0.00;-0.00;0.00;1.06;-1.76;90.00;0.00;-0.50;0.027
32553.975;728;1.03;-1.77;90.56;1.06;-1.95;90.00;-0.00;-0.50;771;1;1;2;-0.05;-0.30;-0.30;-0.00;-0.00;0.00;-0.00;0.00;1.06;-1.77;90.00;-0.00;-0.50;0.018
32554.085;741;1.03;-1.81;90.56;1.06;-1.95;90.00;-0.00;-0.50;771;1;1;2;-0.05;-0.30;-0.30;-0.00;-0.00;0.00;-0.00;0.00;1.06;-1.79;90.00;-0.00;-0.50;0.020
32554.185;751;1.03;-1.84;90.57;1.06;-1.95;90.00;-0.00;-0.50;771;1;1;2;-0.05;-0.30;-0.30;-0.00;-0.00;0.00;-0.00;0.00;1.06;-1.82;90.00;-0.00;-0.50;0.023
32554.295;760;1.03;-1.86;90.57;1.06;-1.95;90.00;-0.00;-0.50;771;1;1;2;-0.05;-0.30;-0.30;-0.00;-0.00;0.00;-0.00;0.00;1.06;-1.85;90.00;-0.00;-0.50;0.026
32554.405;769;1.03;-1.89;90.58;1.06;-2.16;90.00;0.00;-0.50;770;0;1;2;-0.05;-0.30;-0.30;-0.00;-0.00;0.00;-0.00;0.00;1.06;-1.88;90.00;-0.00;-0.50;0.017
32554.475;779;1.03;-1.92;90.58;1.06;-2.16;90.00;0.00;-0.50;770;0;1;2;-0.05;-0.30;-0.30;-0.00;-0.00;0.00;-0.00;0.00;1.06;-2.16;90.00;0.00;-0.50;0.018
32554.585;789;1.03;-1.95;90.56;1.06;-2.16;90.00;0.00;-0.50;770;0;1;2;-0.05;-0.30;-0.30;-0.00;0.00;-0.01;-0.01;0.01;1.06;-2.16;90.00;0.00;-0.50;0.019
32554.735;802;1.03;-1.99;90.62;1.04;-2.30;103.50;0.54;0.50;769;1;1;5;-0.05;-0.30;-0.30;-0.00;0.00;-0.00;-0.00;0.03;1.06;-2.16;90.00;0.00;-0.50;0.041
32554.785;807;1.03;-2.00;90.67;0.75;-1.89;145.14;0.53;0.50;769;2;1;5;0.79;-0.24;-0.30;-0.00;0.00;-0.00;-0.00;0.03;0.93;-2.07;125.08;0.54;0.50;0.020
32554.865;817;1.03;-2.03;89.38;0.75;-1.89;145.14;0.53;0.50;769;2;1;5;0.79;-0.17;-0.26;0.02;0.01;0.00;0.01;-0.81;0.95;-2.09;122.56;0.54;0.50;0.005
32554.965;825;1.03;-2.05;86.26;0.75;-1.89;145.14;0.53;0.50;769;2;1;5;0.79;-0.10;-0.18;0.00;-0.01;0.03;0.02;-0.49;0.95;-2.10;121.29;0.54;0.50;0.006
32555.075;840;1.03;-2.07;84.26;0.75;-1.89;145.14;0.53;0.50;769;2;1;5;0.79;-0.04;-0.10;0.00;-0.01;-0.07;-0.03;-0.09;0.95;-2.10;121.29;0.54;0.50;0.008
32555.175;848;1.03;-2.08;84.61;0.75;-1.89;145.14;0.53;0.50;769;2;1;5;0.79;0.02;-0.04;0.00;-0.01;-0.08;-0.04;0.16;0.96;-2.12;120.03;0.54;0.50;0.006
32555.285;858;1.03;-2.08;85.94;0.75;-1.89;145.14;0.53;0.50;769;2;1;5;0.79;0.08;0.03;-0.00;-0.01;0.08;0.04;0.27;0.96;-2.12;120.03;0.54;0.50;0.015
32555.375;868;1.03;-2.07;87.85;0.75;-1.89;145.14;0.53;0.50;769;2;1;5;0.79;0.13;0.07;-0.00;-0.01;0.01;0.01;0.43;0.96;-2.12;120.03;0.54;0.50;0.014
32555.465;876;1.03;-2.06;89.72;0.75;-1.89;145.14;0.53;0.50;769;2;1;5;0.79;0.18;0.12;-0.01;0.00;0.03;-0.02;0.45;0.95;-2.10;121.29;0.54;0.50;0.008
32555.575;887;1.03;-2.05;92.73;0.75;-1.89;145.14;0.53;0.50;769;2;1;5;0.79;0.22;0.17;-0.00;-0.01;-0.10;0.06;0.49;0.95;-2.09;122.56;0.54;0.50;0.008
32555.675;900;1.03;-2.02;96.52;0.75;-1.89;145.14;0.53;0.50;769;2;1;5;0.79;0.26;0.23;-0.01;-0.01;0.04;-0.03;0.54;0.95;-2.09;122.56;0.54;0.50;0.015
32555.765;906;1.03;-2.01;98.48;0.75;-1.89;145.14;0.53;0.50;769;2;1;5;0.79;0.30;0.25;-0.07;-0.01;0.12;-0.04;0.66;0.93;-2.07;125.08;0.54;0.50;0.006
32555.865;919;1.03;-1.97;103.40;0.75;-1.89;145.14;0.53;0.50;769;2;1;5;0.79;0.30;0.25;-0.11;-0.05;0.03;0.18;0.71;0.92;-2.05;126.34;0.54;0.50;0.008
32555.975;929;1.03;-1.94;107.73;0.75;-1.89;145.14;0.53;0.50;769;2;1;5;0.79;0.30;0.27;-0.09;-0.01;-0.10;0.01;0.69;0.91;-2.04;127.60;0.54;0.50;0.009
32556.075;940;1.03;-1.91;112.33;0.75;-1.89;145.14;0.53;0.50;769;2;1;5;0.79;0.30;0.27;-0.08;-0.01;-0.08;0.00;0.67;0.90;-2.03;128.86;0.54;0.50;0.008
32556.165;948;1.03;-1.89;115.61;0.75;-1.89;145.14;0.53;0.50;769;2;1;5;0.79;0.30;0.26;-0.07;-0.01;-0.16;-0.00;0.60;0.88;-2.00;131.38;0.54;0.50;0.006
32556.275;959;1.02;-1.86;119.83;0.75;-1.89;145.14;0.53;0.50;769;2;1;5;0.79;0.30;0.26;-0.07;-0.01;-0.12;-0.01;0.60;0.87;-1.99;132.63;0.54;0.50;0.013
32556.385;967;1.02;-1.83;122.93;0.75;-1.89;145.14;0.53;0.50;769;2;1;5;0.79;0.30;0.29;-0.12;-0.04;0.28;0.11;0.86;0.86;-1.98;133.89;0.54;0.50;0.012
32556.485;981;1.00;-1.80;128.04;0.75;-1.89;145.14;0.53;0.50;769;2;1;5;0.79;0.30;0.27;-0.08;-0.01;0.03;0.00;0.65;0.85;-1.97;135.14;0.54;0.50;0.018
32556.575;986;1.00;-1.78;129.85;0.75;-1.89;145.14;0.53;0.50;769;2;1;5;0.79;0.30;0.27;-0.10;-0.01;0.11;0.02;0.69;0.84;-1.96;136.39;0.53;0.50;0.007
32556.675;1000;0.98;-1.75;134.88;0.75;-1.89;145.14;0.53;0.50;769;2;1;5;0.79;0.30;0.28;-0.07;-0.01;0.06;0.01;0.67;0.83;-1.95;137.65;0.53;0.50;0.014
32556.775;1009;0.97;-1.73;138.05;0.75;-1.89;145.14;0.53;0.50;769;2;1;5;0.79;0.30;0.27;-0.08;-0.01;0.05;0.01;0.63;0.80;-1.93;140.15;0.53;0.50;0.009
32556.875;1020;0.95;-1.70;141.86;0.75;-1.89;145.14;0.53;0.50;769;2;1;5;0.79;0.30;0.26;-0.08;-0.01;0.05;0.00;0.64;0.79;-1.92;141.40;0.53;0.50;0.014
32556.975;1028;0.94;-1.69;144.59;0.75;-1.89;145.14;0.53;0.50;769;2;1;5;0.79;0.30;0.27;-0.06;-0.01;0.05;0.00;0.63;0.77;-1.90;143.89;0.53;0.50;0.009
32557.075;1039;0.91;-1.67;148.36;0.75;-1.89;145.14;0.53;0.50;769;2;1;5;0.79;0.30;0.26;-0.06;-0.01;0.03;-0.01;0.57;0.75;-1.89;145.14;0.53;0.50;0.007
32557.175;1047;0.90;-1.65;151.00;0.75;-1.89;145.14;0.53;0.50;769;2;1;5;0.79;0.30;0.25;-0.07;-0.01;0.03;-0.01;0.57;0.74;-1.88;146.38;0.53;0.50;0.008
32557.275;1058;0.88;-1.63;154.57;0.75;-1.89;145.14;0.53;0.50;769;2;1;5;0.79;0.30;0.25;-0.06;-0.01;0.03;-0.00;0.55;0.73;-1.87;147.61;0.52;0.50;0.009
32557.375;1067;0.86;-1.62;157.42;0.75;-1.89;145.14;0.53;0.50;769;2;1;5;0.79;0.29;0.25;-0.06;-0.00;0.02;-0.01;0.53;0.72;-1.87;148.82;0.52;0.50;0.007
32557.475;1077;0.84;-1.61;160.42;0.75;-1.89;145.14;0.53;0.50;769;2;1;5;0.76;0.28;0.24;-0.05;-0.00;0.02;-0.01;0.50;0.70;-1.86;150.02;0.51;0.50;0.010
32557.565;1085;0.82;-1.60;162.64;0.75;-1.89;145.14;0.53;0.50;769;2;1;5;0.72;0.27;0.26;-0.04;0.00;0.06;0.01;0.52;0.69;-1.85;151.21;0.51;0.50;0.005
32557.675;1100;0.79;-1.58;167.45;0.75;-1.89;145.14;0.53;0.50;769;2;1;5;0.62;0.26;0.29;-0.06;-0.00;0.08;0.04;0.63;0.66;-1.84;153.55;0.50;0.50;0.016
32557.775;1109;0.77;-1.57;169.82;0.75;-1.89;145.14;0.53;0.50;769;2;1;5;0.57;0.24;0.28;-0.04;-0.00;0.04;0.02;0.42;0.65;-1.83;154.69;0.50;0.50;0.014
32557.865;1119;0.74;-1.56;171.78;0.75;-1.89;145.14;0.53;0.50;769;2;1;5;0.54;0.23;0.25;-0.07;-0.06;-0.09;0.17;0.39;0.63;-1.82;155.83;0.49;0.50;0.006
32557.965;1128;0.72;-1.55;173.21;0.75;-1.89;145.14;0.53;0.50;769;2;1;5;0.52;0.22;0.24;-0.01;-0.00;-0.01;-0.03;0.21;0.62;-1.82;156.95;0.49;0.50;0.007
32558.075;1138;0.70;-1.55;174.18;0.75;-1.89;145.14;0.53;0.50;769;2;1;5;0.54;0.20;0.22;-0.04;-0.01;0.08;0.10;0.20;0.59;-1.81;159.16;0.48;0.50;0.013
32558.175;1149;0.68;-1.54;175.34;0.75;-1.89;145.14;0.53;0.50;769;2;1;5;0.54;0.19;0.20;-0.05;-0.01;0.00;0.01;0.21;0.58;-1.80;160.25;0.47;0.50;0.013
32558.285;1157;0.66;-1.54;176.29;0.75;-1.89;145.14;0.53;0.50;769;2;1;5;0.51;0.18;0.18;-0.04;-0.01;0.00;0.01;0.19;0.58;-1.80;160.25;0.47;0.50;0.015
32558.405;1172;0.63;-1.54;177.43;0.26;-1.76;180.00;-0.00;0.50;802;0;1;8;0.51;0.16;0.19;0.01;-0.01;0.04;0.05;0.09;0.56;-1.80;161.32;0.47;0.50;0.032
32558.495;1180;0.62;-1.54;177.66;0.26;-1.76;180.00;-0.00;0.50;802;0;1;8;0.63;0.23;0.16;0.01;-0.01;-0.05;-0.08;0.02;0.26;-1.76;180.00;-0.00;0.50;0.031
32558.575;1190;0.60;-1.54;178.77;0.26;-1.76;180.00;-0.00;0.50;802;0;1;8;0.58;0.29;0.23;0.00;-0.01;-0.00;-0.01;0.31;0.26;-1.76;180.00;-0.00;0.50;0.018
32558.695;1199;0.57;-1.54;180.43;0.26;-1.76;180.00;-0.00;0.50;802;0;1;8;0.49;0.30;0.31;-0.01;-0.00;0.08;0.06;0.39;0.26;-1.76;180.00;-0.00;0.50;0.031
32558.775;1208;0.55;-1.53;182.22;0.26;-1.76;180.00;-0.00;0.50;802;0;1;8;0.41;0.30;0.31;-0.04;-0.01;0.02;0.06;0.32;0.26;-1.76;180.00;-0.00;0.50;0.017
32558.875;1218;0.52;-1.53;183.52;0.26;-1.76;180.00;-0.00;0.50;802;0;1;8;0.34;0.30;0.31;-0.05;-0.01;0.05;0.12;0.24;0.26;-1.76;180.00;-0.00;0.50;0.014
32558.975;1227;0.49;-1.53;184.15;0.26;-1.76;180.00;-0.00;0.50;802;0;1;8;0.30;0.30;0.31;-0.00;-0.01;0.03;0.04;0.10;0.26;-1.76;180.00;-0.00;0.50;0.017
32559.075;1237;0.46;-1.53;184.32;0.26;-1.76;180.00;-0.00;0.50;802;0;1;8;0.27;0.30;0.31;0.01;-0.01;0.02;0.01;-0.01;0.26;-1.76;180.00;-0.00;0.50;0.014
32559.195;1252;0.41;-1.54;184.27;0.26;-1.76;180.00;-0.00;0.50;802;0;1;8;0.25;0.30;0.31;0.01;-0.01;0.03;0.04;0.02;0.26;-1.76;180.00;-0.00;0.50;0.032
32559.295;1260;0.39;-1.54;184.19;0.26;-1.76;180.00;-0.00;0.50;802;0;1;8;0.24;0.30;0.31;0.01;-0.01;0.02;0.04;0.00;0.26;-1.76;180.00;-0.00;0.50;0.026
32559.385;1269;0.36;-1.54;184.12;0.26;-1.76;180.00;-0.00;0.50;802;0;1;8;0.23;0.30;0.31;0.00;-0.01;0.02;0.04;0.01;0.26;-1.76;180.00;-0.00;0.50;0.023
32559.495;1279;0.33;-1.55;184.06;0.26;-1.76;180.00;-0.00;0.50;802;0;1;8;0.22;0.30;0.31;0.00;-0.01;0.02;0.04;0.02;0.26;-1.76;180.00;-0.00;0.50;0.029
32559.595;1288;0.30;-1.55;184.02;0.26;-1.76;180.00;-0.00;0.50;802;0;1;8;0.21;0.30;0.31;0.00;-0.01;0.02;0.04;0.01;0.26;-1.76;180.00;-0.00;0.50;0.031
32559.685;1298;0.27;-1.55;183.97;0.26;-1.76;180.00;-0.00;0.50;802;0;1;8;0.20;0.30;0.31;0.00;-0.01;0.02;0.04;0.01;0.26;-1.76;180.00;-0.00;0.50;0.015
32559.785;1311;0.23;-1.55;183.88;0.26;-1.76;180.00;-0.00;0.50;802;0;1;8;0.16;0.30;0.31;0.00;-0.01;0.02;0.04;0.01;0.24;-1.76;179.96;-0.02;0.50;0.026
32559.885;1317;0.22;-1.56;183.77;0.26;-1.76;180.00;-0.00;0.50;802;0;1;8;0.14;0.30;0.31;0.00;-0.01;0.02;0.04;-0.02;0.21;-1.76;179.84;-0.05;0.50;0.023
32559.985;1331;0.17;-1.56;183.36;-0.22;-1.71;162.73;-0.49;0.50;802;1;1;8;0.11;0.30;0.31;-0.00;-0.01;0.03;0.05;-0.04;0.19;-1.76;179.63;-0.07;0.50;0.020
32560.085;1340;0.15;-1.56;183.11;-0.22;-1.71;162.73;-0.49;0.50;802;1;1;8;-0.09;0.30;0.30;0.01;-0.01;0.02;0.03;-0.05;0.16;-1.76;179.35;-0.10;0.50;0.020
32560.175;1350;0.12;-1.56;181.89;-0.22;-1.71;162.73;-0.49;0.50;802;1;1;8;-0.10;0.30;0.30;-0.00;-0.00;-0.03;-0.07;-0.29;0.14;-1.76;178.97;-0.12;0.50;0.013
32560.275;1359;0.09;-1.56;180.82;-0.22;-1.71;162.73;-0.49;0.50;802;1;1;8;-0.10;0.30;0.30;0.00;-0.00;0.01;0.00;-0.20;0.09;-1.76;177.97;-0.17;0.50;0.013
32560.375;1368;0.06;-1.56;179.96;-0.22;-1.71;162.73;-0.49;0.50;802;1;1;8;-0.12;0.30;0.30;-0.00;0.00;0.00;-0.01;-0.12;0.06;-1.75;177.33;-0.20;0.50;0.013
32560.465;1378;0.03;-1.56;179.29;-0.22;-1.71;162.73;-0.49;0.50;802;1;1;8;-0.17;0.30;0.30;-0.00;0.00;0.00;-0.02;-0.12;0.01;-1.75;175.79;-0.25;0.50;0.010
32560.575;1386;0.01;-1.56;178.72;-0.22;-1.71;162.73;-0.49;0.50;802;1;1;8;-0.21;0.30;0.30;0.01;-0.00;-0.01;0.01;-0.13;-0.01;-1.75;174.88;-0.27;0.50;0.011
32560.685;1400;-0.04;-1.56;177.64;-0.22;-1.71;162.73;-0.49;0.50;802;1;1;8;-0.26;0.30;0.31;0.01;-0.00;-0.01;0.02;-0.13;-0.04;-1.75;173.88;-0.30;0.50;0.020
32560.795;1411;-0.07;-1.56;176.71;-0.22;-1.71;162.73;-0.49;0.50;802;1;1;8;-0.35;0.30;0.31;0.00;-0.01;-0.02;0.05;-0.16;-0.08;-1.74;171.59;-0.35;0.50;0.023
32560.895;1419;-0.09;-1.56;175.81;-0.22;-1.71;162.73;-0.49;0.50;802;1;1;8;-0.39;0.30;0.31;0.00;-0.01;-0.03;0.06;-0.24;-0.11;-1.74;170.30;-0.37;0.50;0.027
32560.985;1430;-0.13;-1.56;174.39;-0.22;-1.71;162.73;-0.49;0.50;802;1;1;8;-0.48;0.30;0.30;-0.01;-0.01;0.03;-0.06;-0.21;-0.16;-1.73;167.43;-0.42;0.50;0.020
32561.085;1438;-0.15;-1.55;173.15;-0.60;-1.41;115.94;-0.72;0.50;802;2;1;8;-0.57;0.30;0.30;-0.00;-0.01;0.01;-0.03;-0.29;-0.20;-1.72;164.16;-0.47;0.50;0.019
32561.175;1449;-0.18;-1.55;170.85;-0.60;-1.41;115.94;-0.72;0.50;802;2;1;8;-0.79;0.30;0.29;0.05;-0.01;-0.02;0.06;-0.45;-0.23;-1.71;162.37;-0.50;0.50;0.006
32561.275;1457;-0.21;-1.55;167.89;-0.60;-1.41;115.94;-0.72;0.50;802;2;1;8;-0.79;0.30;0.30;0.10;-0.01;-0.02;0.13;-0.93;-0.25;-1.70;160.51;-0.51;0.50;0.012
32561.375;1468;-0.24;-1.55;162.71;-0.60;-1.41;115.94;-0.72;0.50;802;2;1;8;-0.79;0.30;0.27;0.08;-0.00;0.02;-0.17;-0.71;-0.30;-1.68;156.65;-0.53;0.50;0.012
32561.475;1476;-0.26;-1.55;159.13;-0.60;-1.41;115.94;-0.72;0.50;802;2;1;8;-0.73;0.30;0.27;0.09;-0.01;0.01;-0.01;-0.75;-0.32;-1.67;154.64;-0.54;0.50;0.013
32561.575;1490;-0.31;-1.55;153.38;-0.60;-1.41;115.94;-0.72;0.50;802;2;1;8;-0.65;0.30;0.27;0.10;-0.01;-0.00;0.10;-0.68;-0.34;-1.66;152.58;-0.55;0.50;0.015
32561.665;1495;-0.32;-1.55;152.02;-0.60;-1.41;115.94;-0.72;0.50;802;2;1;8;-0.67;0.30;0.28;0.02;-0.01;0.01;-0.24;-0.36;-0.39;-1.64;148.30;-0.58;0.50;0.006
32561.785;1510;-0.36;-1.53;147.87;-0.60;-1.41;115.94;-0.72;0.50;802;2;1;8;-0.66;0.30;0.28;0.03;-0.01;0.00;-0.16;-0.42;-0.41;-1.62;146.07;-0.59;0.50;0.015
32561.875;1518;-0.38;-1.52;145.64;-0.60;-1.41;115.94;-0.72;0.50;802;2;1;8;-0.71;0.30;0.30;0.05;-0.01;-0.00;0.09;-0.53;-0.45;-1.59;141.46;-0.61;0.50;0.009
32561.965;1529;-0.41;-1.51;142.59;-0.60;-1.41;115.94;-0.72;0.50;802;2;1;8;-0.71;0.30;0.27;0.04;-0.01;-0.03;-0.19;-0.42;-0.47;-1.58;139.06;-0.62;0.50;0.007
32562.085;1538;-0.43;-1.50;139.79;-0.60;-1.41;115.94;-0.72;0.50;802;2;1;8;-0.72;0.30;0.28;0.07;-0.01;0.01;0.07;-0.59;-0.48;-1.56;136.61;-0.63;0.50;0.012
32562.165;1548;-0.46;-1.48;136.58;-0.60;-1.41;115.94;-0.72;0.50;802;2;1;8;-0.77;0.30;0.29;0.05;-0.01;0.01;0.04;-0.57;-0.52;-1.53;131.52;-0.66;0.50;0.006
32562.275;1557;-0.48;-1.47;133.47;-0.60;-1.41;115.94;-0.72;0.50;802;2;1;8;-0.77;0.30;0.30;0.05;-0.01;0.02;0.04;-0.72;-0.53;-1.51;128.89;-0.67;0.50;0.008
32562.365;1568;-0.50;-1.44;129.31;-0.58;-0.94;62.59;-0.63;0.50;802;3;1;8;-0.74;0.30;0.30;0.04;-0.01;0.00;0.04;-0.68;-0.55;-1.49;126.19;-0.68;0.50;0.005
32562.465;1576;-0.52;-1.43;126.51;-0.58;-0.94;62.59;-0.63;0.50;802;3;1;8;-0.79;0.30;0.31;0.02;-0.01;0.01;0.04;-0.64;-0.56;-1.47;123.43;-0.69;0.50;0.004
32562.575;1590;-0.54;-1.39;121.40;-0.58;-0.94;62.59;-0.63;0.50;802;3;1;8;-0.79;0.30;0.34;-0.01;-0.01;0.02;0.04;-0.64;-0.59;-1.43;117.71;-0.71;0.50;0.010
32562.665;1595;-0.55;-1.38;119.47;-0.58;-0.94;62.59;-0.63;0.50;802;3;1;8;-0.79;0.30;0.34;-0.02;-0.01;0.01;0.03;-0.65;-0.60;-1.40;114.76;-0.72;0.50;0.006
32562.765;1609;-0.57;-1.33;114.38;-0.58;-0.94;62.59;-0.63;0.50;802;3;1;8;-0.79;0.30;0.37;-0.04;-0.00;-0.01;0.01;-0.61;-0.63;-1.33;106.03;-0.70;0.50;0.006
32562.865;1618;-0.58;-1.30;111.24;-0.58;-0.94;62.59;-0.63;0.50;802;3;1;8;-0.79;0.30;0.40;-0.06;-0.00;0.01;0.03;-0.56;-0.63;-1.31;103.18;-0.70;0.50;0.006
32562.965;1627;-0.59;-1.26;108.32;-0.58;-0.94;62.59;-0.63;0.50;802;3;1;8;-0.79;0.30;0.41;-0.07;-0.00;0.01;0.03;-0.53;-0.64;-1.26;97.55;-0.69;0.50;0.004
32563.065;1637;-0.60;-1.23;104.16;-0.58;-0.94;62.59;-0.63;0.50;802;3;1;8;-0.79;0.30;0.30;0.09;-0.00;0.04;-0.00;-0.86;-0.64;-1.24;94.78;-0.69;0.50;0.003
32563.175;1648;-0.61;-1.20;98.67;-0.58;-0.94;62.59;-0.63;0.50;802;3;1;8;-0.79;0.30;0.30;0.13;-0.01;0.10;0.05;-0.97;-0.64;-1.19;89.31;-0.68;0.50;0.006
32563.275;1656;-0.63;-1.18;94.46;-0.58;-0.94;62.59;-0.63;0.50;802;3;1;8;-0.79;0.30;0.28;0.11;-0.00;-0.05;-0.06;-0.85;-0.64;-1.19;89.31;-0.68;0.50;0.008
32563.365;1665;-0.64;-1.15;89.91;-0.58;-0.94;62.59;-0.63;0.50;802;3;1;8;-0.79;0.30;0.28;0.08;-0.00;-0.14;-0.07;-0.79;-0.64;-1.16;86.62;-0.67;0.50;0.004
32563.475;1676;-0.65;-1.12;84.56;-0.58;-0.94;62.59;-0.63;0.50;802;3;1;8;-0.79;0.30;0.31;0.10;-0.00;0.06;0.07;-0.92;-0.64;-1.11;81.32;-0.66;0.50;0.007
32563.575;1688;-0.66;-1.08;78.80;-0.58;-0.94;62.59;-0.63;0.50;802;3;1;8;-0.69;0.30;0.28;0.12;-0.01;0.07;0.02;-0.84;-0.63;-1.09;78.71;-0.66;0.50;0.008
32563.665;1699;-0.66;-1.05;74.66;-0.22;-0.62;24.68;-0.40;0.50;802;4;1;8;-0.65;0.30;0.30;0.07;-0.01;0.04;0.05;-0.61;-0.63;-1.06;76.12;-0.65;0.50;0.003
32563.765;1707;-0.66;-1.03;72.15;-0.22;-0.62;24.68;-0.40;0.50;802;4;1;8;-0.61;0.30;0.31;0.09;-0.04;0.27;-0.04;-0.66;-0.62;-1.04;73.56;-0.65;0.50;0.002
32563.865;1718;-0.65;-1.00;69.38;-0.22;-0.62;24.68;-0.40;0.50;802;4;1;8;-0.61;0.30;0.28;0.04;-0.01;-0.10;-0.03;-0.35;-0.61;-1.02;71.02;-0.64;0.50;0.002
32563.965;1726;-0.65;-0.97;67.50;-0.22;-0.62;24.68;-0.40;0.50;802;4;1;8;-0.64;0.30;0.28;0.04;-0.01;-0.10;-0.02;-0.36;-0.61;-0.99;68.51;-0.64;0.50;0.001
32564.065;1735;-0.64;-0.95;65.35;-0.22;-0.62;24.68;-0.40;0.50;802;4;1;8;-0.65;0.30;0.28;0.03;-0.01;-0.15;-0.03;-0.37;-0.60;-0.97;66.02;-0.63;0.50;0.002
32564.165;1749;-0.63;-0.91;61.67;-0.22;-0.62;24.68;-0.40;0.50;802;4;1;8;-0.66;0.30;0.28;0.04;-0.01;-0.10;-0.01;-0.40;-0.59;-0.95;63.56;-0.63;0.50;0.001
32564.265;1759;-0.62;-0.88;59.08;-0.22;-0.62;24.68;-0.40;0.50;802;4;1;8;-0.68;0.30;0.29;0.07;-0.06;0.06;-0.18;-0.49;-0.56;-0.91;58.76;-0.61;0.50;0.001
32564.365;1768;-0.61;-0.86;56.69;-0.22;-0.62;24.68;-0.40;0.50;802;4;1;8;-0.67;0.30;0.30;0.05;-0.01;0.05;-0.01;-0.48;-0.55;-0.88;56.44;-0.60;0.50;0.001
32564.465;1777;-0.60;-0.83;54.48;-0.22;-0.62;24.68;-0.40;0.50;802;4;1;8;-0.67;0.30;0.30;0.02;-0.01;0.03;0.02;-0.41;-0.54;-0.86;54.17;-0.58;0.50;0.001
32564.565;1787;-0.58;-0.81;52.24;-0.22;-0.62;24.68;-0.40;0.50;802;4;1;8;-0.67;0.30;0.30;0.05;-0.01;0.08;-0.03;-0.45;-0.52;-0.84;51.96;-0.57;0.50;0.001
32564.665;1798;-0.56;-0.78;49.70;-0.22;-0.62;24.68;-0.40;0.50;802;4;1;8;-0.67;0.30;0.30;0.04;-0.01;0.04;-0.01;-0.41;-0.51;-0.83;49.81;-0.56;0.50;0.001
32564.765;1806;-0.55;-0.76;48.03;-0.22;-0.62;24.68;-0.40;0.50;802;4;1;8;-0.68;0.30;0.29;0.05;-0.01;0.05;-0.02;-0.41;-0.49;-0.81;47.71;-0.55;0.50;0.001
32564.865;1817;-0.53;-0.73;45.59;-0.22;-0.62;24.68;-0.40;0.50;802;4;1;8;-0.67;0.30;0.30;0.04;-0.01;0.04;-0.00;-0.43;-0.47;-0.79;45.66;-0.54;0.50;0.002
32564.965;1825;-0.52;-0.71;43.83;-0.22;-0.62;24.68;-0.40;0.50;802;4;1;8;-0.68;0.30;0.30;0.05;-0.01;0.04;-0.02;-0.42;-0.45;-0.77;43.66;-0.53;0.50;0.002
32565.065;1839;-0.49;-0.68;40.90;-0.22;-0.62;24.68;-0.40;0.50;802;4;1;8;-0.66;0.30;0.30;0.04;-0.01;0.05;-0.01;-0.37;-0.44;-0.75;41.72;-0.52;0.50;0.001
32565.165;1848;-0.47;-0.66;39.05;-0.22;-0.62;24.68;-0.40;0.50;802;4;1;8;-0.66;0.30;0.30;0.03;-0.01;0.04;0.00;-0.34;-0.42;-0.74;39.82;-0.51;0.50;0.002
32565.265;1859;-0.45;-0.64;36.85;-0.22;-0.62;24.68;-0.40;0.50;802;4;1;8;-0.65;0.30;0.31;0.02;-0.01;0.06;-0.01;-0.37;-0.40;-0.72;37.98;-0.49;0.50;0.001
32565.365;1867;-0.43;-0.63;35.10;-0.22;-0.62;24.68;-0.40;0.50;802;4;1;8;-0.64;0.30;0.32;-0.01;-0.01;0.03;-0.01;-0.37;-0.38;-0.71;36.19;-0.48;0.50;0.002
32565.465;1876;-0.40;-0.61;33.30;-0.22;-0.62;24.68;-0.40;0.50;802;4;1;8;-0.63;0.30;0.33;-0.02;-0.01;0.03;-0.02;-0.39;-0.36;-0.69;34.44;-0.47;0.50;0.002
32565.565;1887;-0.37;-0.59;31.26;-0.22;-0.62;24.68;-0.40;0.50;802;4;1;8;-0.64;0.30;0.35;-0.05;-0.01;0.02;-0.01;-0.31;-0.32;-0.67;31.10;-0.45;0.50;0.001
32565.665;1895;-0.34;-0.58;29.80;-0.22;-0.62;24.68;-0.40;0.50;802;4;1;8;-0.63;0.30;0.36;-0.05;-0.01;0.03;0.00;-0.35;-0.29;-0.65;29.49;-0.44;0.50;0.001
32565.765;1909;-0.30;-0.56;27.00;-0.22;-0.62;24.68;-0.40;0.50;802;4;1;8;-0.59;0.30;0.30;0.03;-0.01;-0.02;0.00;-0.42;-0.27;-0.64;27.94;-0.43;0.50;0.001
32565.865;1918;-0.28;-0.55;25.21;-0.22;-0.62;24.68;-0.40;0.50;802;4;1;8;-0.57;0.30;0.30;0.02;-0.01;0.07;-0.03;-0.32;-0.25;-0.63;26.43;-0.42;0.50;0.001
32565.965;1929;-0.25;-0.53;23.59;-0.22;-0.62;24.68;-0.40;0.50;802;4;1;8;-0.59;0.30;0.32;0.00;-0.00;0.03;-0.01;-0.23;-0.21;-0.61;23.54;-0.40;0.50;0.001
32566.065;1937;-0.22;-0.53;22.57;-0.22;-0.62;24.68;-0.40;0.50;802;4;1;8;-0.61;0.30;0.32;-0.01;-0.00;-0.05;0.06;-0.22;-0.18;-0.60;22.13;-0.39;0.50;0.001
32566.165;1948;-0.19;-0.51;20.93;-0.22;-0.62;24.68;-0.40;0.50;802;4;1;8;-0.60;0.30;0.34;-0.01;-0.00;0.03;-0.01;-0.27;-0.16;-0.59;20.75;-0.39;0.50;0.002
32566.265;1956;-0.16;-0.50;19.67;-0.22;-0.62;24.68;-0.40;0.50;802;4;1;8;-0.60;0.30;0.34;-0.00;-0.00;0.04;-0.01;-0.27;-0.14;-0.58;19.39;-0.38;0.50;0.001
32566.365;1967;-0.13;-0.49;17.86;0.25;-0.52;0.57;-0.29;0.50;802;5;1;8;-0.59;0.30;0.31;0.01;-0.00;-0.09;0.08;-0.32;-0.11;-0.57;18.06;-0.37;0.50;0.001
32566.465;1975;-0.11;-0.48;15.94;0.25;-0.52;0.57;-0.29;0.50;802;5;1;8;-0.51;0.30;0.29;0.04;-0.00;-0.15;0.12;-0.35;-0.09;-0.57;16.74;-0.37;0.50;0.002
32566.565;1986;-0.08;-0.47;13.24;0.25;-0.52;0.57;-0.29;0.50;802;5;1;8;-0.47;0.30;0.29;0.08;-0.01;0.08;-0.09;-0.43;-0.07;-0.56;15.45;-0.36;0.50;0.001
32566.665;1999;-0.04;-0.45;10.81;0.25;-0.52;0.57;-0.29;0.50;802;5;1;8;-0.46;0.30;0.29;0.02;-0.01;-0.13;0.13;-0.25;-0.02;-0.55;12.92;-0.35;0.50;0.002
32566.765;2009;-0.01;-0.45;9.13;0.25;-0.52;0.57;-0.29;0.50;802;5;1;8;-0.45;0.30;0.31;0.01;-0.01;0.02;-0.01;-0.28;0.01;-0.54;11.69;-0.35;0.50;0.001
32566.905;2022;0.03;-0.44;7.44;0.26;-0.56;0.00;-0.00;0.50;70;0;1;0;-0.44;0.30;0.31;0.01;-0.00;0.04;-0.03;-0.21;0.03;-0.54;10.49;-0.34;0.50;0.040
32566.975;2028;0.05;-0.44;6.85;0.26;-0.56;0.00;-0.00;0.50;70;0;1;0;-0.63;0.30;0.32;0.01;-0.00;0.07;-0.06;-0.22;0.26;-0.56;0.00;-0.00;0.50;0.014
32567.095;2041;0.08;-0.43;3.48;0.26;-0.56;0.00;-0.00;0.50;70;0;1;0;-0.49;0.30;0.30;0.07;-0.01;0.02;-0.04;-0.59;0.26;-0.56;0.00;-0.00;0.50;0.030
32567.195;2051;0.11;-0.42;1.25;0.26;-0.56;0.00;-0.00;0.50;70;0;1;0;-0.39;0.30;0.29;0.04;-0.01;-0.09;0.12;-0.24;0.26;-0.56;0.00;-0.00;0.50;0.027
32567.295;2059;0.14;-0.42;0.03;0.26;-0.56;0.00;-0.00;0.50;70;0;1;0;-0.35;0.30;0.29;0.03;-0.01;-0.08;0.12;-0.16;0.26;-0.56;0.00;-0.00;0.50;0.031
32567.385;2069;0.17;-0.41;-1.08;0.26;-0.56;0.00;-0.00;0.50;70;0;1;0;-0.30;0.30;0.30;0.01;-0.01;-0.11;0.17;-0.11;0.26;-0.56;0.00;-0.00;0.50;0.022
32567.495;2079;0.20;-0.41;-2.01;0.26;-0.56;0.00;-0.00;0.50;70;0;1;0;-0.26;0.30;0.32;0.02;-0.01;0.06;-0.08;-0.15;0.26;-0.56;0.00;-0.00;0.50;0.023
32567.595;2088;0.22;-0.41;-2.55;0.26;-0.56;0.00;-0.00;0.50;70;0;1;0;-0.23;0.30;0.31;-0.00;-0.01;0.04;-0.07;-0.07;0.26;-0.56;0.00;-0.00;0.50;0.020
32567.685;2098;0.25;-0.41;-2.75;0.26;-0.56;0.00;-0.00;0.50;70;0;1;0;-0.21;0.30;0.30;-0.01;-0.01;0.02;-0.02;-0.01;0.26;-0.56;0.00;-0.00;0.50;0.019
32567.795;2109;0.29;-0.42;-2.79;0.26;-0.56;0.00;-0.00;0.50;70;0;1;0;-0.21;0.30;0.31;-0.00;-0.01;0.03;-0.05;-0.04;0.29;-0.56;0.00;0.00;0.50;0.026
32567.885;2117;0.31;-0.42;-2.82;0.26;-0.56;0.00;-0.00;0.50;70;0;1;0;-0.20;0.30;0.31;-0.00;-0.01;0.03;-0.06;-0.03;0.31;-0.56;0.00;0.00;0.50;0.024
32567.985;2128;0.35;-0.42;-2.87;0.26;-0.56;0.00;-0.00;0.50;70;0;1;0;-0.19;0.30;0.31;-0.00;-0.01;0.03;-0.05;-0.02;0.35;-0.56;0.00;0.00;0.50;0.020
32568.095;2142;0.39;-0.42;-2.93;0.26;-0.56;0.00;-0.00;0.50;70;0;1;0;-0.19;0.30;0.31;-0.00;-0.01;0.02;-0.04;-0.03;0.37;-0.56;0.00;0.00;0.50;0.036
32568.185;2147;0.40;-0.42;-2.94;0.26;-0.56;0.00;-0.00;0.50;70;0;1;0;-0.18;0.30;0.31;-0.00;-0.01;0.02;-0.04;-0.02;0.41;-0.56;0.00;0.00;0.50;0.015
32568.295;2160;0.44;-0.43;-2.94;0.26;-0.56;0.00;-0.00;0.50;70;0;1;0;-0.18;0.30;0.31;-0.00;-0.01;0.02;-0.04;-0.01;0.43;-0.56;0.00;0.00;0.50;0.025
32568.375;2170;0.47;-0.43;-2.95;0.26;-0.56;0.00;-0.00;0.50;70;0;1;0;-0.17;0.30;0.31;-0.00;-0.01;0.02;-0.03;-0.01;0.47;-0.56;0.00;0.00;0.50;0.018
32568.475;2179;0.50;-0.43;-2.96;0.26;-0.56;0.00;-0.00;0.50;70;0;1;0;-0.17;0.30;0.31;-0.00;-0.01;0.02;-0.03;-0.01;0.49;-0.56;0.00;0.00;0.50;0.019
32568.585;2189;0.53;-0.43;-2.98;0.26;-0.56;0.00;-0.00;0.50;70;0;1;0;-0.16;0.30;0.31;-0.00;-0.01;0.02;-0.03;-0.01;0.53;-0.56;0.00;0.00;0.50;0.014
32568.685;2197;0.56;-0.43;-3.00;0.26;-0.56;0.00;-0.00;0.50;70;0;1;0;-0.16;0.30;0.31;-0.00;-0.01;0.02;-0.03;-0.00;0.55;-0.56;0.00;0.00;0.50;0.022
32568.795;2212;0.60;-0.44;-3.02;0.26;-0.56;0.00;-0.00;0.50;70;0;1;0;-0.15;0.30;0.31;-0.00;-0.01;0.02;-0.02;-0.02;0.59;-0.56;0.00;0.00;0.50;0.031
32568.895;2221;0.63;-0.44;-3.05;0.26;-0.56;0.00;-0.00;0.50;70;0;1;0;-0.14;0.30;0.31;-0.00;-0.01;0.02;-0.03;-0.01;0.62;-0.56;0.00;0.00;0.50;0.035
32569.005;2232;0.66;-0.44;-3.06;0.26;-0.56;0.00;-0.00;0.50;70;0;1;0;-0.14;0.30;0.31;-0.00;-0.01;0.02;-0.02;-0.01;0.65;-0.56;0.00;0.00;0.50;0.036
32569.085;2240;0.69;-0.44;-3.06;0.26;-0.56;0.00;-0.00;0.50;70;0;1;0;-0.13;0.30;0.31;-0.00;-0.01;0.02;-0.02;-0.01;0.67;-0.56;0.00;0.00;0.50;0.019
32569.175;2250;0.72;-0.44;-3.06;0.26;-0.56;0.00;-0.00;0.50;70;0;1;0;-0.13;0.30;0.31;-0.00;-0.01;0.02;-0.03;0.00;0.71;-0.56;0.00;0.00;0.50;0.018
32569.285;2259;0.74;-0.44;-3.06;0.26;-0.56;0.00;-0.00;0.50;70;0;1;0;-0.13;0.30;0.31;-0.00;-0.01;0.02;-0.02;0.00;0.73;-0.56;0.00;0.00;0.50;0.021
32569.385;2270;0.78;-0.45;-3.06;0.86;-0.56;0.00;-0.00;0.50;70;2;1;0;-0.12;0.30;0.31;-0.00;-0.01;0.01;-0.02;-0.00;0.78;-0.56;0.00;0.00;0.50;0.017
32569.475;2278;0.80;-0.45;-3.06;0.86;-0.56;0.00;-0.00;0.50;70;2;1;0;-0.12;0.30;0.31;-0.00;-0.01;0.01;-0.02;0.00;0.80;-0.56;0.00;-0.00;0.50;0.010
32569.575;2289;0.84;-0.45;-3.06;0.86;-0.56;0.00;-0.00;0.50;70;2;1;0;-0.11;0.30;0.31;-0.00;-0.01;0.01;-0.02;-0.00;0.84;-0.56;0.00;-0.00;0.50;0.011
32569.665;2297;0.86;-0.45;-3.05;0.86;-0.56;0.00;-0.00;0.50;70;2;1;0;-0.11;0.30;0.31;-0.00;-0.00;0.01;-0.02;0.00;0.86;-0.56;0.00;-0.00;0.50;0.006
32569.775;2306;0.89;-0.45;-3.05;0.86;-0.56;0.00;-0.00;0.50;70;2;1;0;-0.11;0.30;0.31;-0.00;-0.00;0.01;-0.02;0.00;0.89;-0.56;0.00;-0.00;0.50;0.008
32569.865;2316;0.92;-0.45;-3.04;0.86;-0.56;0.00;-0.00;0.50;70;2;1;0;-0.10;0.30;0.31;-0.00;-0.00;0.01;-0.02;0.00;0.92;-0.56;0.00;-0.00;0.50;0.006
32569.985;2331;0.96;-0.46;-3.02;0.86;-0.56;0.00;-0.00;0.50;70;2;1;0;-0.10;0.30;0.31;-0.00;-0.00;0.01;-0.01;0.00;0.95;-0.56;0.00;-0.00;0.50;0.019
32570.075;2339;0.99;-0.46;-3.00;0.86;-0.56;0.00;-0.00;0.50;70;2;1;0;-0.09;0.30;0.31;-0.00;-0.00;0.01;-0.01;0.01;0.98;-0.56;0.00;-0.00;0.50;0.012
32570.175;2348;1.02;-0.46;-2.97;1.15;-0.56;-0.00;-0.00;0.50;70;3;1;0;-0.09;0.30;0.31;-0.00;-0.00;0.00;-0.01;0.00;1.02;-0.56;0.00;-0.00;0.50;0.011
32570.265;2358;1.05;-0.46;-2.95;1.15;-0.56;-0.00;-0.00;0.50;70;3;1;0;-0.09;0.30;0.31;-0.00;-0.00;0.00;-0.01;0.00;1.04;-0.56;0.00;-0.00;0.50;0.003
32570.375;2367;1.07;-0.46;-3.05;1.15;-0.56;-0.00;-0.00;0.50;70;3;1;0;-0.08;0.30;0.30;0.00;-0.00;-0.01;0.00;-0.02;1.08;-0.56;-0.00;-0.00;0.50;0.007
32570.475;2377;1.10;-0.46;-3.14;1.15;-0.56;-0.00;-0.00;0.50;70;3;1;0;-0.07;0.30;0.30;-0.00;-0.00;-0.01;-0.01;-0.01;1.10;-0.56;-0.00;-0.00;0.50;0.007
32570.565;2385;1.13;-0.47;-3.17;1.15;-0.56;-0.00;-0.00;0.50;70;3;1;0;-0.07;0.30;0.30;-0.00;-0.00;-0.01;-0.01;-0.00;1.13;-0.56;-0.00;-0.00;0.50;0.003
32570.665;2397;1.16;-0.47;-3.16;1.15;-0.56;-0.00;-0.00;0.50;70;3;1;0;-0.06;0.30;0.30;-0.00;-0.00;-0.01;-0.01;0.00;1.16;-0.56;-0.00;-0.00;0.50;0.006
32570.795;2409;1.20;-0.47;-3.14;1.46;-0.56;0.00;0.00;0.50;368;0;1;1;-0.06;0.30;0.30;-0.00;-0.00;-0.01;-0.01;0.00;1.19;-0.56;-0.00;-0.00;0.50;0.021
32570.875;2418;1.23;-0.47;-3.12;1.46;-0.56;0.00;0.00;0.50;368;0;1;1;-0.06;0.30;0.30;0.00;-0.00;-0.01;-0.01;0.00;1.46;-0.56;0.00;0.00;0.50;0.015
32570.975;2428;1.26;-0.47;-3.12;1.46;-0.56;0.00;0.00;0.50;368;0;1;1;-0.05;0.30;0.30;0.00;-0.00;-0.01;-0.01;0.00;1.46;-0.56;0.00;0.00;0.50;0.014
32571.085;2438;1.29;-0.47;-3.09;1.46;-0.56;0.00;0.00;0.50;368;0;1;1;-0.05;0.30;0.30;0.00;-0.00;-0.01;-0.01;0.00;1.46;-0.56;0.00;0.00;0.50;0.025
32571.175;2447;1.31;-0.48;-3.07;1.46;-0.56;0.00;0.00;0.50;368;0;1;1;-0.05;0.30;0.30;-0.00;-0.00;-0.01;-0.01;0.00;1.46;-0.56;0.00;0.00;0.50;0.018
32571.285;2456;1.34;-0.48;-3.05;1.46;-0.56;0.00;0.00;0.50;368;0;1;1;-0.05;0.30;0.30;-0.00;-0.00;-0.01;-0.01;0.01;1.46;-0.56;0.00;0.00;0.50;0.020
32571.395;2472;1.39;-0.48;-3.00;1.46;-0.56;0.00;0.00;0.50;368;0;1;1;-0.04;0.30;0.30;-0.00;-0.00;-0.00;-0.01;0.00;1.46;-0.56;0.00;0.00;0.50;0.030
32571.475;2476;1.40;-0.48;-2.98;1.46;-0.56;0.00;0.00;0.50;368;0;1;1;-0.04;0.30;0.30;-0.00;-0.00;-0.00;-0.01;0.01;1.46;-0.56;0.00;0.00;0.50;0.014
32571.585;2489;1.44;-0.48;-2.93;1.46;-0.56;0.00;0.00;0.50;368;0;1;1;-0.04;0.30;0.30;-0.00;-0.00;-0.00;-0.00;0.01;1.46;-0.56;0.00;0.00;0.50;0.019
32571.685;2498;1.47;-0.48;-2.90;1.46;-0.56;0.00;0.00;0.50;368;0;1;1;-0.04;0.30;0.30;-0.00;-0.00;-0.00;-0.00;0.01;1.47;-0.56;-0.00;-0.00;0.50;0.023
32571.795;2509;1.50;-0.49;-2.86;1.46;-0.56;0.00;0.00;0.50;368;0;1;1;-0.03;0.30;0.30;-0.00;-0.00;-0.00;-0.00;0.01;1.50;-0.56;-0.00;-0.00;0.50;0.027
32571.895;2522;1.54;-0.49;-2.82;1.66;-0.56;-0.00;-0.00;0.50;368;1;1;1;-0.03;0.30;0.30;-0.00;-0.00;-0.00;-0.00;0.01;1.52;-0.56;-0.00;-0.00;0.50;0.027
32571.975;2527;1.56;-0.49;-2.80;1.66;-0.56;-0.00;-0.00;0.50;368;1;1;1;-0.03;0.30;0.30;-0.00;-0.00;-0.00;-0.00;0.01;1.56;-0.56;-0.00;-0.00;0.50;0.010
32572.075;2537;1.59;-0.49;-2.76;1.66;-0.56;-0.00;-0.00;0.50;368;1;1;1;-0.03;0.30;0.30;-0.00;-0.00;-0.00;-0.00;0.01;1.58;-0.56;-0.00;-0.00;0.50;0.010
32572.185;2551;1.63;-0.49;-2.72;1.66;-0.56;-0.00;-0.00;0.50;368;1;1;1;-0.03;0.30;0.30;-0.00;-0.00;-0.00;-0.00;0.01;1.61;-0.56;-0.00;-0.00;0.50;0.022
32572.285;2560;1.65;-0.49;-2.68;1.66;-0.56;-0.00;-0.00;0.50;368;1;1;1;-0.03;0.30;0.30;-0.00;-0.00;-0.00;-0.00;0.01;1.64;-0.56;-0.00;-0.00;0.50;0.015
32572.405;2572;1.69;-0.49;-2.64;2.11;-0.53;13.50;0.54;0.50;416;1;1;5;-0.02;0.30;0.30;-0.00;0.00;-0.00;0.00;0.01;1.67;-0.56;-0.00;-0.00;0.50;0.029
32572.475;2579;1.71;-0.50;-2.61;2.11;-0.53;13.50;0.54;0.50;416;1;1;5;-0.25;0.30;0.30;-0.00;0.00;-0.00;0.00;0.01;1.87;-0.56;0.00;0.07;0.06;0.014
32572.575;2588;1.74;-0.50;-3.38;2.11;-0.53;13.50;0.54;0.50;416;1;1;5;-0.15;0.30;0.30;-0.00;0.00;-0.01;-0.00;-0.24;1.87;-0.56;0.00;0.07;0.06;0.012
32572.685;2598;1.77;-0.50;-4.13;2.11;-0.53;13.50;0.54;0.50;416;1;1;5;-0.05;0.30;0.30;-0.00;-0.00;-0.02;-0.00;-0.07;1.87;-0.56;0.00;0.07;0.06;0.020
32572.775;2607;1.80;-0.50;-4.16;2.11;-0.53;13.50;0.54;0.50;416;1;1;5;0.01;0.30;0.30;-0.00;-0.00;-0.01;-0.00;0.06;1.87;-0.56;0.00;0.07;0.06;0.015
32572.875;2617;1.83;-0.50;-3.68;2.11;-0.53;13.50;0.54;0.50;416;1;1;5;0.06;0.30;0.30;-0.00;-0.00;-0.00;-0.00;0.10;1.87;-0.56;0.00;0.07;0.06;0.011
32572.975;2630;1.86;-0.51;-2.82;2.11;-0.53;13.50;0.54;0.50;416;1;1;5;0.09;0.29;0.30;0.01;-0.00;0.01;0.04;0.11;1.87;-0.56;0.00;0.07;0.06;0.011
32573.075;2636;1.88;-0.51;-2.44;2.11;-0.53;13.50;0.54;0.50;416;1;1;5;0.18;0.28;0.29;0.00;0.00;-0.01;-0.00;0.12;1.88;-0.56;0.12;0.13;0.12;0.010
32573.175;2650;1.92;-0.51;-1.35;2.11;-0.53;13.50;0.54;0.50;416;1;1;5;0.28;0.28;0.28;-0.00;0.00;0.00;0.00;0.16;1.91;-0.56;0.86;0.23;0.21;0.016
32573.275;2656;1.94;-0.51;-0.64;2.11;-0.53;13.50;0.54;0.50;416;1;1;5;0.34;0.28;0.28;-0.00;0.00;0.01;-0.00;0.25;1.94;-0.56;1.97;0.30;0.27;0.010
32573.375;2669;1.98;-0.51;1.13;2.11;-0.53;13.50;0.54;0.50;416;1;1;5;0.40;0.28;0.28;-0.00;-0.01;0.01;-0.00;0.23;1.98;-0.56;3.76;0.36;0.33;0.011
32573.475;2679;2.00;-0.51;2.67;2.11;-0.53;13.50;0.54;0.50;416;1;1;5;0.46;0.29;0.26;-0.04;-0.01;0.01;-0.01;0.28;2.01;-0.55;5.64;0.41;0.38;0.010
32573.575;2688;2.03;-0.51;3.98;2.11;-0.53;13.50;0.54;0.50;416;1;1;5;0.52;0.30;0.29;-0.00;-0.01;-0.08;0.10;0.26;2.03;-0.55;7.20;0.44;0.41;0.012
32573.675;2698;2.06;-0.51;5.83;2.11;-0.53;13.50;0.54;0.50;416;1;1;5;0.59;0.30;0.30;-0.00;-0.01;-0.04;0.05;0.28;2.07;-0.54;10.02;0.49;0.45;0.012
32573.785;2711;2.10;-0.50;9.19;2.53;-0.25;55.14;0.53;0.50;416;2;1;5;0.59;0.30;0.29;-0.01;-0.01;0.00;0.01;0.44;2.09;-0.54;11.11;0.51;0.47;0.019
32573.875;2717;2.11;-0.50;10.50;2.53;-0.25;55.14;0.53;0.50;416;2;1;5;0.68;0.30;0.30;0.00;-0.01;-0.12;0.12;0.35;2.11;-0.53;13.50;0.54;0.50;0.007
32573.985;2729;2.15;-0.50;13.89;2.53;-0.25;55.14;0.53;0.50;416;2;1;5;0.66;0.30;0.30;-0.02;-0.01;-0.07;0.07;0.62;2.14;-0.53;16.06;0.54;0.50;0.014
32574.075;2735;2.17;-0.49;15.92;2.53;-0.25;55.14;0.53;0.50;416;2;1;5;0.65;0.30;0.30;0.00;-0.00;-0.18;0.16;0.42;2.17;-0.52;18.61;0.54;0.50;0.007
32574.175;2750;2.21;-0.48;19.97;2.53;-0.25;55.14;0.53;0.50;416;2;1;5;0.62;0.30;0.30;0.00;-0.00;-0.08;0.06;0.36;2.20;-0.51;21.15;0.54;0.50;0.015
32574.285;2758;2.23;-0.47;21.58;2.53;-0.25;55.14;0.53;0.50;416;2;1;5;0.65;0.30;0.28;-0.02;-0.01;0.14;-0.09;0.42;2.25;-0.49;24.96;0.54;0.50;0.013
32574.375;2769;2.26;-0.46;24.05;2.53;-0.25;55.14;0.53;0.50;416;2;1;5;0.66;0.30;0.30;-0.00;-0.01;-0.10;0.07;0.37;2.27;-0.47;27.50;0.54;0.50;0.009
32574.475;2777;2.28;-0.45;25.83;2.53;-0.25;55.14;0.53;0.50;416;2;1;5;0.66;0.30;0.28;-0.02;-0.01;0.11;-0.07;0.46;2.29;-0.47;28.76;0.54;0.50;0.008
32574.565;2788;2.31;-0.44;28.27;2.53;-0.25;55.14;0.53;0.50;416;2;1;5;0.67;0.30;0.31;-0.01;-0.01;-0.13;0.06;0.28;2.31;-0.45;31.29;0.54;0.50;0.007
32574.675;2796;2.34;-0.43;29.90;2.53;-0.25;55.14;0.53;0.50;416;2;1;5;0.70;0.30;0.30;-0.05;-0.01;-0.01;0.00;0.39;2.34;-0.43;33.82;0.54;0.50;0.012
32574.775;2810;2.38;-0.41;32.93;2.53;-0.25;55.14;0.53;0.50;416;2;1;5;0.72;0.30;0.32;-0.04;-0.01;0.02;-0.02;0.31;2.37;-0.42;36.34;0.54;0.50;0.011
32574.875;2819;2.40;-0.40;34.99;2.53;-0.25;55.14;0.53;0.50;416;2;1;5;0.74;0.30;0.30;-0.06;-0.01;0.08;-0.04;0.50;2.39;-0.40;38.86;0.54;0.50;0.017
32574.975;2830;2.43;-0.38;37.40;2.53;-0.25;55.14;0.53;0.50;416;2;1;5;0.79;0.30;0.34;-0.06;-0.01;0.06;-0.01;0.45;2.43;-0.37;42.63;0.54;0.50;0.010
32575.065;2838;2.46;-0.37;40.09;2.67;0.23;89.43;0.38;0.50;416;3;1;5;0.76;0.30;0.33;-0.07;-0.01;0.06;-0.03;0.51;2.44;-0.36;43.89;0.54;0.50;0.006
32575.165;2847;2.48;-0.35;42.49;2.67;0.23;89.43;0.38;0.50;416;3;1;5;0.74;0.30;0.34;-0.08;-0.01;0.02;-0.01;0.52;2.46;-0.33;46.39;0.53;0.50;0.008
32575.265;2857;2.51;-0.34;45.49;2.67;0.23;89.43;0.38;0.50;416;3;1;5;0.73;0.30;0.33;-0.07;-0.01;0.03;-0.01;0.56;2.48;-0.31;48.90;0.53;0.50;0.006
32575.375;2866;2.54;-0.32;48.40;2.67;0.23;89.43;0.38;0.50;416;3;1;5;0.71;0.30;0.32;-0.05;-0.01;0.05;-0.02;0.40;2.50;-0.29;51.40;0.53;0.50;0.015
32575.475;2877;2.56;-0.30;51.12;2.67;0.23;89.43;0.38;0.50;416;3;1;5;0.72;0.30;0.32;-0.08;-0.01;0.04;-0.01;0.51;2.52;-0.26;53.89;0.53;0.50;0.007
32575.585;2890;2.59;-0.27;54.79;2.67;0.23;89.43;0.38;0.50;416;3;1;5;0.68;0.30;0.31;-0.05;-0.01;0.01;-0.01;0.56;2.53;-0.25;55.14;0.53;0.50;0.018
32575.675;2900;2.61;-0.25;57.08;2.67;0.23;89.43;0.38;0.50;416;3;1;5;0.69;0.30;0.32;-0.03;-0.00;0.04;0.00;0.48;2.54;-0.22;57.61;0.52;0.50;0.008
32575.775;2908;2.63;-0.23;59.46;2.67;0.23;89.43;0.38;0.50;416;3;1;5;0.68;0.30;0.29;-0.01;-0.01;0.06;0.01;0.45;2.57;-0.18;61.21;0.51;0.50;0.013
32575.875;2919;2.64;-0.20;61.59;2.67;0.23;89.43;0.38;0.50;416;3;1;5;0.69;0.30;0.31;-0.01;-0.01;-0.25;-0.04;0.28;2.58;-0.16;63.55;0.50;0.50;0.007
32575.975;2928;2.66;-0.17;64.59;2.67;0.23;89.43;0.38;0.50;416;3;1;5;0.63;0.30;0.31;-0.02;-0.01;-0.15;-0.03;0.51;2.59;-0.14;64.69;0.50;0.50;0.006
32576.065;2938;2.67;-0.15;67.43;2.67;0.23;89.43;0.38;0.50;416;3;1;5;0.59;0.30;0.29;-0.01;-0.01;0.14;0.03;0.48;2.60;-0.12;66.95;0.49;0.50;0.006
32576.175;2946;2.68;-0.13;69.19;2.67;0.23;89.43;0.38;0.50;416;3;1;5;0.58;0.30;0.30;0.01;-0.01;-0.16;-0.04;0.31;2.61;-0.10;68.07;0.48;0.50;0.006
32576.285;2957;2.70;-0.09;71.58;2.67;0.23;89.43;0.38;0.50;416;3;1;5;0.56;0.30;0.29;-0.01;-0.01;0.05;0.01;0.35;2.62;-0.07;70.25;0.47;0.50;0.013
32576.375;2969;2.71;-0.06;73.82;2.67;0.23;89.43;0.38;0.50;416;3;1;5;0.55;0.30;0.27;0.00;-0.09;0.12;0.44;0.47;2.63;-0.04;72.38;0.46;0.50;0.010
32576.495;2980;2.72;-0.03;75.98;2.66;0.24;90.00;-0.00;0.50;622;0;1;0;0.54;0.30;0.30;-0.00;-0.01;-0.09;-0.03;0.28;2.64;-0.01;74.47;0.45;0.50;0.017
32576.575;2989;2.72;-0.00;77.67;2.66;0.24;90.00;-0.00;0.50;622;0;1;0;0.75;0.30;0.29;-0.02;-0.01;0.12;0.06;0.42;2.66;0.24;90.00;-0.00;0.50;0.017
32576.695;2999;2.73;0.03;80.68;2.66;0.24;90.00;-0.00;0.50;622;0;1;0;0.62;0.30;0.30;-0.00;-0.01;-0.11;-0.05;0.64;2.66;0.24;90.00;-0.00;0.50;0.032
32576.785;3008;2.73;0.05;84.09;2.66;0.24;90.00;-0.00;0.50;622;0;1;0;0.47;0.30;0.30;-0.02;-0.01;0.08;0.05;0.51;2.66;0.24;90.00;-0.00;0.50;0.025
32576.885;3018;2.74;0.08;85.69;2.66;0.24;90.00;-0.00;0.50;622;0;1;0;0.40;0.30;0.30;0.01;-0.00;-0.16;-0.09;0.11;2.66;0.24;90.00;-0.00;0.50;0.015
32576.975;3026;2.74;0.11;86.75;2.66;0.24;90.00;-0.00;0.50;622;0;1;0;0.35;0.30;0.29;-0.00;-0.01;0.03;0.02;0.17;2.66;0.24;90.00;-0.00;0.50;0.014
32577.085;3041;2.74;0.15;88.03;2.66;0.24;90.00;-0.00;0.50;622;0;1;0;0.31;0.30;0.30;-0.03;-0.01;-0.05;-0.03;0.11;2.66;0.24;90.00;-0.00;0.50;0.017
32577.195;3050;2.75;0.18;88.53;2.66;0.24;90.00;-0.00;0.50;622;0;1;0;0.28;0.30;0.28;-0.01;-0.01;0.05;0.03;0.10;2.66;0.24;90.00;-0.00;0.50;0.030
32577.285;3060;2.75;0.21;88.69;2.66;0.24;90.00;-0.00;0.50;622;0;1;0;0.27;0.30;0.28;-0.00;-0.01;0.05;0.03;0.10;2.66;0.24;90.00;-0.00;0.50;0.017
32577.375;3068;2.75;0.23;88.79;2.66;0.24;90.00;-0.00;0.50;622;0;1;0;0.27;0.30;0.29;-0.00;-0.01;-0.02;-0.00;-0.02;2.66;0.24;90.00;-0.00;0.50;0.014
32577.475;3079;2.75;0.26;88.94;2.66;0.24;90.00;-0.00;0.50;622;0;1;0;0.26;0.30;0.28;-0.01;-0.01;0.03;0.03;0.05;2.66;0.27;90.00;0.00;0.50;0.013
32577.585;3087;2.75;0.28;88.98;2.66;0.24;90.00;-0.00;0.50;622;0;1;0;0.26;0.30;0.28;-0.00;-0.01;0.01;0.02;0.05;2.66;0.28;90.00;0.00;0.50;0.027
32577.685;3098;2.75;0.32;89.13;2.66;0.24;90.00;-0.00;0.50;622;0;1;0;0.26;0.30;0.28;-0.00;-0.01;0.01;0.02;0.05;2.66;0.31;90.00;0.00;0.50;0.019
32577.785;3106;2.75;0.34;89.23;2.66;0.24;90.00;-0.00;0.50;622;0;1;0;0.26;0.30;0.28;-0.00;-0.01;0.01;0.02;0.04;2.66;0.34;90.00;0.00;0.50;0.014
32577.895;3121;2.75;0.38;89.40;2.66;0.54;90.00;0.00;0.50;622;1;1;0;0.25;0.30;0.28;-0.00;-0.01;0.01;0.02;0.04;2.66;0.37;90.00;0.00;0.50;0.028
32577.985;3130;2.75;0.41;89.49;2.66;0.54;90.00;0.00;0.50;622;1;1;0;0.25;0.30;0.28;-0.00;-0.01;0.01;0.02;0.04;2.66;0.39;90.00;0.00;0.50;0.021
32578.085;3140;2.75;0.43;89.58;2.66;0.54;90.00;0.00;0.50;622;1;1;0;0.24;0.30;0.28;-0.00;-0.01;0.01;0.02;0.04;2.66;0.42;90.00;0.00;0.50;0.022
32578.185;3149;2.75;0.46;89.66;2.66;0.54;90.00;0.00;0.50;622;1;1;0;0.24;0.30;0.28;-0.00;-0.01;0.01;0.02;0.04;2.66;0.46;90.00;0.00;0.50;0.023
32578.275;3159;2.75;0.49;89.61;2.66;0.54;90.00;0.00;0.50;622;1;1;0;0.24;0.30;0.30;-0.01;-0.01;-0.11;-0.07;-0.05;2.66;0.48;90.00;0.00;0.50;0.015
32578.385;3168;2.76;0.52;89.65;2.66;0.54;90.00;0.00;0.50;622;1;1;0;0.24;0.30;0.29;-0.01;-0.01;-0.01;-0.01;-0.01;2.66;0.52;90.00;0.00;0.50;0.027
32578.485;3178;2.76;0.54;89.77;2.66;0.54;90.00;0.00;0.50;622;1;1;0;0.24;0.30;0.28;-0.01;-0.01;0.03;0.03;0.04;2.66;0.54;90.00;0.00;0.50;0.021
32578.585;3191;2.76;0.58;89.82;2.66;0.54;90.00;0.00;0.50;622;1;1;0;0.24;0.30;0.28;-0.01;-0.01;0.05;0.03;0.07;2.66;0.57;90.00;0.00;0.50;0.024
32578.675;3197;2.76;0.60;89.91;2.66;0.54;90.00;0.00;0.50;622;1;1;0;0.24;0.30;0.28;-0.01;-0.01;0.03;0.03;0.04;2.66;0.60;90.00;0.00;0.50;0.015
32578.775;3206;2.76;0.62;89.99;2.66;0.54;90.00;0.00;0.50;622;1;1;0;0.23;0.30;0.28;-0.00;-0.01;0.01;0.02;0.04;2.66;0.63;90.00;0.00;0.50;0.012
32578.885;3220;2.76;0.66;90.14;2.66;0.54;90.00;0.00;0.50;622;1;1;0;0.23;0.30;0.28;-0.00;-0.01;0.01;0.02;0.04;2.66;0.65;90.00;0.00;0.50;0.020
32578.975;3230;2.76;0.69;90.22;2.66;0.54;90.00;0.00;0.50;622;1;1;0;0.22;0.30;0.28;-0.00;-0.01;0.01;0.02;0.04;2.66;0.68;90.00;0.00;0.50;0.015
32579.075;3239;2.76;0.72;90.27;2.66;0.84;90.00;-0.00;0.50;622;2;1;0;0.22;0.30;0.28;-0.00;-0.01;0.01;0.02;0.04;2.66;0.71;90.00;0.00;0.50;0.016
32579.165;3249;2.76;0.75;90.33;2.66;0.84;90.00;-0.00;0.50;622;2;1;0;0.22;0.30;0.28;-0.00;-0.01;0.01;0.03;0.03;2.66;0.75;90.00;0.00;0.50;0.006
32579.275;3259;2.76;0.78;90.36;2.66;0.84;90.00;-0.00;0.50;622;2;1;0;0.22;0.30;0.28;-0.00;-0.01;0.01;0.02;0.03;2.66;0.77;90.00;-0.00;0.50;0.007
32579.365;3269;2.76;0.80;90.42;2.66;0.84;90.00;-0.00;0.50;622;2;1;0;0.22;0.30;0.28;-0.00;-0.01;0.01;0.02;0.03;2.66;0.80;90.00;-0.00;0.50;0.008
32579.475;3278;2.76;0.83;90.48;2.66;0.84;90.00;-0.00;0.50;622;2;1;0;0.21;0.30;0.28;-0.00;-0.01;0.02;0.02;0.03;2.66;0.83;90.00;-0.00;0.50;0.007
32579.565;3288;2.76;0.86;90.55;2.66;0.84;90.00;-0.00;0.50;622;2;1;0;0.21;0.30;0.28;-0.00;-0.01;0.02;0.02;0.03;2.66;0.86;90.00;-0.00;0.50;0.006
32579.665;3297;2.76;0.88;90.60;2.66;0.84;90.00;-0.00;0.50;622;2;1;0;0.21;0.30;0.28;-0.00;-0.01;0.02;0.02;0.03;2.66;0.88;90.00;-0.00;0.50;0.007
32579.775;3307;2.76;0.91;90.67;2.66;0.84;90.00;-0.00;0.50;622;2;1;0;0.20;0.30;0.28;-0.00;-0.01;0.02;0.02;0.03;2.66;0.92;90.00;-0.00;0.50;0.013
32579.875;3316;2.76;0.94;90.73;2.66;0.84;90.00;-0.00;0.50;622;2;1;0;0.20;0.30;0.28;-0.00;-0.01;0.02;0.02;0.02;2.66;0.94;90.00;-0.00;0.50;0.008
32579.965;3325;2.76;0.96;90.78;2.66;0.84;90.00;-0.00;0.50;622;2;1;0;0.20;0.30;0.28;-0.00;-0.01;0.02;0.02;0.02;2.66;0.96;90.00;-0.00;0.50;0.008
32580.075;3340;2.76;1.01;90.87;2.66;0.84;90.00;-0.00;0.50;622;2;1;0;0.19;0.30;0.28;-0.00;-0.01;0.02;0.02;0.02;2.66;0.99;90.00;-0.00;0.50;0.010
32580.175;3349;2.76;1.03;90.91;2.66;1.13;90.00;-0.00;0.50;622;3;1;0;0.19;0.30;0.28;-0.00;-0.01;0.02;0.02;0.02;2.66;1.02;90.00;-0.00;0.50;0.009
32580.265;3359;2.76;1.06;90.96;2.66;1.13;90.00;-0.00;0.50;622;3;1;0;0.19;0.30;0.28;-0.00;-0.01;0.02;0.02;0.02;2.66;1.06;90.00;-0.00;0.50;0.003
32580.375;3368;2.76;1.09;91.00;2.66;1.13;90.00;-0.00;0.50;622;3;1;0;0.18;0.30;0.29;-0.00;-0.01;0.02;0.02;0.02;2.66;1.08;90.00;-0.00;0.50;0.009
32580.475;3378;2.76;1.12;91.05;2.66;1.13;90.00;-0.00;0.50;622;3;1;0;0.18;0.30;0.29;-0.00;-0.01;0.02;0.02;0.02;2.66;1.12;90.00;-0.00;0.50;0.007
32580.565;3387;2.76;1.14;90.97;2.66;1.13;90.00;-0.00;0.50;622;3;1;0;0.19;0.30;0.30;-0.00;-0.01;0.02;0.02;-0.01;2.66;1.14;90.00;-0.00;0.50;0.003
32580.665;3397;2.76;1.17;91.05;2.66;1.13;90.00;-0.00;0.50;622;3;1;0;0.18;0.30;0.28;-0.00;-0.01;0.03;0.03;0.02;2.66;1.17;90.00;-0.00;0.50;0.003
32580.815;3412;2.76;1.21;91.10;2.66;1.44;90.00;-0.00;0.50;625;0;1;0;0.18;0.30;0.29;-0.00;-0.01;0.02;0.02;0.02;2.66;1.20;90.00;-0.00;0.50;0.037
32580.875;3416;2.76;1.22;91.12;2.66;1.44;90.00;-0.00;0.50;625;0;1;0;0.18;0.30;0.29;-0.00;-0.01;0.02;0.02;0.02;2.66;1.44;90.00;-0.00;0.50;0.014
32580.975;3430;2.76;1.26;91.19;2.66;1.44;90.00;-0.00;0.50;625;0;1;0;0.17;0.30;0.29;-0.00;-0.01;0.02;0.02;0.02;2.66;1.44;90.00;-0.00;0.50;0.017
32581.085;3440;2.76;1.29;91.22;2.66;1.44;90.00;-0.00;0.50;625;0;1;0;0.17;0.30;0.29;-0.00;-0.01;0.02;0.02;0.01;2.66;1.44;90.00;-0.00;0.50;0.022
32581.195;3450;2.76;1.32;91.26;2.66;1.44;90.00;-0.00;0.50;625;0;1;0;0.17;0.30;0.29;-0.00;-0.01;0.02;0.02;0.01;2.66;1.44;90.00;-0.00;0.50;0.028
32581.285;3458;2.76;1.34;91.29;2.66;1.44;90.00;-0.00;0.50;625;0;1;0;0.16;0.30;0.29;-0.00;-0.01;0.02;0.02;0.01;2.66;1.44;90.00;-0.00;0.50;0.028
32581.385;3469;2.76;1.38;91.33;2.66;1.44;90.00;-0.00;0.50;625;0;1;0;0.16;0.30;0.29;-0.00;-0.01;0.02;0.02;0.01;2.66;1.44;90.00;-0.00;0.50;0.028
32581.485;3477;2.75;1.40;91.36;2.66;1.44;90.00;-0.00;0.50;625;0;1;0;0.16;0.30;0.29;-0.00;-0.01;0.02;0.02;0.01;2.66;1.44;90.00;-0.00;0.50;0.014
32581.585;3488;2.75;1.43;91.40;2.66;1.44;90.00;-0.00;0.50;625;0;1;0;0.16;0.30;0.29;-0.00;-0.01;0.02;0.02;0.01;2.66;1.44;90.00;-0.00;0.50;0.024
32581.675;3496;2.75;1.45;91.43;2.66;1.44;90.00;-0.00;0.50;625;0;1;0;0.15;0.30;0.29;-0.00;-0.01;0.02;0.02;0.01;2.66;1.45;90.00;0.00;0.50;0.014
32581.785;3510;2.75;1.49;91.48;2.66;1.44;90.00;-0.00;0.50;625;0;1;0;0.15;0.30;0.29;-0.00;-0.01;0.02;0.02;0.01;2.66;1.48;90.00;0.00;0.50;0.022
32581.895;3520;2.75;1.52;91.50;2.66;1.44;90.00;-0.00;0.50;625;0;1;0;0.15;0.30;0.29;-0.00;-0.01;0.02;0.02;0.01;2.66;1.51;90.00;0.00;0.50;0.026
32581.995;3529;2.75;1.55;91.52;2.66;1.44;90.00;-0.00;0.50;625;0;1;0;0.15;0.30;0.29;-0.00;-0.01;0.02;0.02;0.01;2.66;1.55;90.00;0.00;0.50;0.031
32582.095;3539;2.75;1.58;91.55;2.66;1.74;90.00;0.00;0.50;625;1;1;0;0.14;0.30;0.29;-0.00;-0.01;0.02;0.02;0.01;2.66;1.56;90.00;0.00;0.50;0.031
32582.175;3547;2.75;1.60;91.57;2.66;1.74;90.00;0.00;0.50;625;1;1;0;0.14;0.30;0.29;-0.00;-0.01;0.02;0.02;0.01;2.66;1.60;90.00;0.00;0.50;0.011
32582.285;3558;2.75;1.63;91.60;2.66;1.74;90.00;0.00;0.50;625;1;1;0;0.14;0.30;0.29;-0.00;-0.01;0.02;0.02;0.01;2.66;1.63;90.00;0.00;0.50;0.020
32582.385;3571;2.75;1.67;91.64;2.66;1.74;90.00;0.00;0.50;625;1;1;0;0.13;0.30;0.29;-0.00;-0.01;0.02;0.02;0.01;2.66;1.66;90.00;0.00;0.50;0.020
32582.485;3580;2.75;1.69;91.66;2.66;1.74;90.00;0.00;0.50;625;1;1;0;0.13;0.30;0.29;-0.00;-0.01;0.02;0.02;0.01;2.66;1.68;90.00;0.00;0.50;0.016
32582.575;3589;2.75;1.72;91.68;2.66;1.74;90.00;0.00;0.50;625;1;1;0;0.13;0.30;0.29;-0.00;-0.01;0.02;0.02;0.01;2.66;1.71;90.00;0.00;0.50;0.015
32582.675;3600;2.75;1.75;91.70;2.66;1.74;90.00;0.00;0.50;625;1;1;0;0.13;0.30;0.29;-0.00;-0.01;0.02;0.02;0.01;2.66;1.75;90.00;0.00;0.50;0.011
32582.775;3608;2.75;1.77;91.72;2.66;1.74;90.00;0.00;0.50;625;1;1;0;0.12;0.30;0.29;-0.00;-0.01;0.02;0.02;0.00;2.66;1.78;90.00;0.00;0.50;0.012
32582.875;3619;2.75;1.81;91.74;2.66;1.74;90.00;0.00;0.50;625;1;1;0;0.12;0.30;0.29;-0.00;-0.01;0.01;0.02;0.01;2.66;1.80;90.00;0.00;0.50;0.020
32582.975;3627;2.75;1.83;91.75;2.66;1.74;90.00;0.00;0.50;625;1;1;0;0.12;0.30;0.29;-0.00;-0.01;0.01;0.02;0.00;2.66;1.83;90.00;0.00;0.50;0.014
32583.095;3642;2.74;1.87;91.78;2.66;2.04;90.00;-0.00;0.50;625;2;1;0;0.12;0.30;0.29;-0.00;-0.01;0.01;0.02;0.01;2.66;1.85;90.00;0.00;0.50;0.024
32583.165;3646;2.74;1.88;91.79;2.66;2.04;90.00;-0.00;0.50;625;2;1;0;0.11;0.30;0.29;-0.00;-0.01;0.01;0.02;0.00;2.66;1.89;90.00;0.00;0.50;0.005
32583.265;3657;2.74;1.92;91.80;2.66;2.04;90.00;-0.00;0.50;625;2;1;0;0.11;0.30;0.29;-0.00;-0.01;0.01;0.02;0.00;2.66;1.91;90.00;0.00;0.50;0.006
32583.375;3669;2.74;1.95;91.82;2.66;2.04;90.00;-0.00;0.50;625;2;1;0;0.11;0.30;0.29;-0.00;-0.01;0.01;0.02;0.00;2.66;1.94;90.00;0.00;0.50;0.011
32583.465;3679;2.74;1.98;91.83;2.66;2.04;90.00;-0.00;0.50;625;2;1;0;0.11;0.30;0.29;-0.00;-0.01;0.01;0.02;0.00;2.66;1.98;90.00;-0.00;0.50;0.006
32583.565;3688;2.74;2.00;91.83;2.66;2.04;90.00;-0.00;0.50;625;2;1;0;0.10;0.30;0.29;-0.00;-0.01;0.01;0.02;0.00;2.66;2.01;90.00;-0.00;0.50;0.009
32583.675;3699;2.74;2.04;91.84;2.66;2.04;90.00;-0.00;0.50;625;2;1;0;0.10;0.30;0.29;-0.00;-0.01;0.01;0.02;0.00;2.66;2.03;90.00;-0.00;0.50;0.011
32583.775;3707;2.74;2.06;91.85;2.66;2.04;90.00;-0.00;0.50;625;2;1;0;0.10;0.30;0.29;-0.00;-0.00;0.01;0.02;0.00;2.66;2.06;90.00;-0.00;0.50;0.007
32583.875;3716;2.74;2.08;91.85;2.66;2.04;90.00;-0.00;0.50;625;2;1;0;0.10;0.30;0.29;-0.00;-0.00;0.01;0.02;0.00;2.66;2.08;90.00;-0.00;0.50;0.009
32583.965;3726;2.74;2.11;91.85;2.66;2.04;90.00;-0.00;0.50;625;2;1;0;0.10;0.30;0.29;-0.00;-0.00;0.01;0.02;0.00;2.66;2.12;90.00;-0.00;0.50;0.010
32584.075;3739;2.74;2.15;91.85;2.66;2.33;90.00;-0.00;0.50;625;3;1;0;0.09;0.30;0.29;-0.00;-0.00;0.01;0.01;0.00;2.66;2.14;90.00;-0.00;0.50;0.017
32584.175;3749;2.74;2.18;91.85;2.66;2.33;90.00;-0.00;0.50;625;3;1;0;0.09;0.30;0.29;-0.00;-0.00;0.01;0.01;0.00;2.66;2.16;90.00;-0.00;0.50;0.009
32584.275;3758;2.74;2.20;91.84;2.66;2.33;90.00;-0.00;0.50;625;3;1;0;0.09;0.30;0.29;-0.00;-0.00;0.01;0.01;0.00;2.66;2.20;90.00;-0.00;0.50;0.007
32584.365;3768;2.74;2.23;91.84;2.66;2.33;90.00;-0.00;0.50;625;3;1;0;0.09;0.30;0.29;-0.00;-0.00;0.01;0.01;0.00;2.66;2.24;90.00;-0.00;0.50;0.003
32584.475;3777;2.73;2.26;91.84;2.66;2.33;90.00;-0.00;0.50;625;3;1;0;0.09;0.30;0.29;-0.00;-0.00;0.01;0.01;0.00;2.66;2.26;90.00;-0.00;0.50;0.008
32584.565;3787;2.73;2.29;91.84;2.66;2.33;90.00;-0.00;0.50;625;3;1;0;0.09;0.30;0.29;-0.00;-0.00;0.01;0.01;0.00;2.66;2.28;90.00;-0.00;0.50;0.003
32584.665;3795;2.73;2.31;91.84;2.66;2.33;90.00;-0.00;0.50;625;3;1;0;0.08;0.30;0.29;-0.00;-0.00;0.00;0.01;-0.00;2.66;2.31;90.00;-0.00;0.50;0.006
32584.765;3806;2.73;2.34;91.83;2.66;2.33;90.00;-0.00;0.50;625;3;1;0;0.08;0.30;0.29;-0.00;-0.00;0.00;0.01;-0.00;2.66;2.34;90.00;-0.00;0.50;0.003
32584.905;3819;2.73;2.38;91.83;2.66;2.64;90.00;0.00;0.50;624;0;1;1;0.08;0.30;0.29;-0.00;-0.00;0.00;0.01;0.00;2.66;2.38;90.00;-0.00;0.50;0.033
32584.985;3829;2.73;2.41;91.82;2.66;2.64;90.00;0.00;0.50;624;0;1;1;0.08;0.30;0.29;-0.00;-0.00;0.00;0.01;-0.00;2.66;2.64;90.00;0.00;0.50;0.022
32585.085;3837;2.73;2.43;91.81;2.66;2.64;90.00;0.00;0.50;624;0;1;1;0.08;0.30;0.29;-0.00;-0.00;0.00;0.01;-0.00;2.66;2.64;90.00;0.00;0.50;0.023
32585.195;3848;2.73;2.46;91.81;2.66;2.64;90.00;0.00;0.50;624;0;1;1;0.07;0.30;0.29;-0.00;-0.00;0.00;0.01;-0.00;2.66;2.64;90.00;0.00;0.50;0.024
32585.295;3861;2.73;2.50;91.86;2.66;2.64;90.00;0.00;0.50;624;0;1;1;0.07;0.30;0.30;0.00;-0.00;-0.02;-0.00;0.04;2.66;2.64;90.00;0.00;0.50;0.023
32585.385;3871;2.73;2.53;92.03;2.66;2.64;90.00;0.00;0.50;624;0;1;1;0.06;0.30;0.30;0.00;-0.00;-0.01;0.00;0.02;2.66;2.64;90.00;0.00;0.50;0.027
32585.485;3879;2.73;2.56;92.07;2.66;2.64;90.00;0.00;0.50;624;0;1;1;0.05;0.30;0.30;-0.00;-0.00;-0.01;0.00;0.01;2.66;2.64;90.00;0.00;0.50;0.017
32585.575;3889;2.72;2.59;92.08;2.66;2.64;90.00;0.00;0.50;624;0;1;1;0.05;0.30;0.30;-0.00;-0.00;-0.01;0.01;0.00;2.66;2.64;90.00;0.00;0.50;0.014
32585.685;3899;2.72;2.62;92.07;2.66;2.64;90.00;0.00;0.50;624;0;1;1;0.05;0.30;0.30;-0.00;-0.00;-0.01;0.01;-0.00;2.66;2.64;90.00;0.00;0.50;0.017
32585.795;3907;2.72;2.64;92.06;2.66;2.64;90.00;0.00;0.50;624;0;1;1;0.05;0.30;0.30;0.00;-0.00;-0.01;0.01;-0.00;2.66;2.64;90.00;0.00;0.50;0.028
32585.885;3918;2.72;2.67;92.04;2.66;2.84;90.00;-0.00;0.50;624;1;1;1;0.05;0.30;0.30;0.00;-0.00;-0.01;0.00;-0.00;2.66;2.67;90.00;-0.00;0.50;0.028
32585.975;3926;2.72;2.70;92.02;2.66;2.84;90.00;-0.00;0.50;624;1;1;1;0.04;0.30;0.30;0.00;-0.00;-0.01;0.00;-0.00;2.66;2.70;90.00;-0.00;0.50;0.010
32586.085;3941;2.72;2.74;91.99;2.66;2.84;90.00;-0.00;0.50;624;1;1;1;0.04;0.30;0.30;-0.00;-0.00;-0.01;0.00;-0.00;2.66;2.73;90.00;-0.00;0.50;0.017
32586.185;3950;2.72;2.77;91.97;2.66;2.84;90.00;-0.00;0.50;624;1;1;1;0.04;0.30;0.30;-0.00;-0.00;-0.01;0.00;-0.00;2.66;2.76;90.00;-0.00;0.50;0.019
32586.285;3959;2.72;2.80;91.95;2.66;2.84;90.00;-0.00;0.50;624;1;1;1;0.04;0.30;0.30;-0.00;-0.00;-0.01;0.00;-0.00;2.66;2.80;90.00;-0.00;0.50;0.019
32586.415;3973;2.72;2.84;91.92;2.64;3.30;103.50;0.54;0.50;617;1;1;5;0.04;0.30;0.30;-0.00;-0.00;-0.00;0.00;-0.00;2.66;2.83;90.00;-0.00;0.50;0.030
32586.485;3978;2.72;2.85;91.91;2.64;3.30;103.50;0.54;0.50;617;1;1;5;-0.36;0.30;0.30;-0.00;-0.00;-0.00;0.00;-0.00;2.66;3.05;90.00;0.07;0.06;0.022
32586.585;3988;2.71;2.88;90.54;2.64;3.30;103.50;0.54;0.50;617;1;1;5;-0.24;0.30;0.29;0.01;-0.00;-0.00;-0.00;-0.46;2.66;3.05;90.00;0.07;0.06;0.022
32586.675;3997;2.71;2.91;88.97;2.64;3.30;103.50;0.54;0.50;617;1;1;5;-0.12;0.30;0.30;0.00;-0.00;0.02;-0.01;-0.18;2.66;3.05;90.00;0.07;0.06;0.012
32586.775;4007;2.71;2.94;88.58;2.64;3.30;103.50;0.54;0.50;617;1;1;5;-0.04;0.30;0.29;0.00;-0.01;0.02;-0.02;0.01;2.66;3.05;90.00;0.07;0.06;0.010
32586.885;4021;2.71;2.98;89.24;2.64;3.30;103.50;0.54;0.50;617;1;1;5;0.03;0.30;0.29;-0.00;-0.00;0.03;-0.02;0.08;2.66;3.05;90.00;0.07;0.06;0.018
32586.975;4030;2.72;3.01;89.86;2.64;3.30;103.50;0.54;0.50;617;1;1;5;0.06;0.29;0.29;-0.00;0.00;-0.01;0.01;0.10;2.66;3.05;90.00;0.07;0.06;0.015
32587.085;4040;2.72;3.04;90.38;2.64;3.30;103.50;0.54;0.50;617;1;1;5;0.10;0.28;0.29;-0.00;-0.00;-0.00;0.00;0.08;2.66;3.05;90.00;0.07;0.06;0.017
32587.185;4050;2.71;3.06;90.96;2.64;3.30;103.50;0.54;0.50;617;1;1;5;0.18;0.27;0.28;-0.00;-0.00;-0.00;0.00;0.10;2.66;3.06;90.12;0.13;0.12;0.021
32587.275;4058;2.71;3.09;91.52;2.64;3.30;103.50;0.54;0.50;617;1;1;5;0.27;0.27;0.26;-0.01;-0.00;0.01;0.01;0.12;2.66;3.09;90.86;0.23;0.21;0.015
32587.375;4069;2.71;3.11;92.47;2.64;3.30;103.50;0.54;0.50;617;1;1;5;0.32;0.27;0.26;-0.01;-0.00;0.02;0.01;0.16;2.66;3.11;91.64;0.28;0.26;0.016
32587.475;4078;2.71;3.14;93.31;2.64;3.30;103.50;0.54;0.50;617;1;1;5;0.38;0.27;0.26;-0.00;-0.01;0.05;0.03;0.21;2.66;3.14;92.77;0.33;0.30;0.011
32587.575;4088;2.71;3.16;94.39;2.64;3.30;103.50;0.54;0.50;617;1;1;5;0.42;0.27;0.27;0.00;-0.01;-0.09;-0.08;0.17;2.66;3.16;93.76;0.36;0.33;0.017
32587.665;4096;2.71;3.18;95.41;2.64;3.30;103.50;0.54;0.50;617;1;1;5;0.46;0.28;0.27;-0.00;-0.01;-0.01;-0.01;0.19;2.66;3.18;94.96;0.40;0.36;0.009
32587.785;4107;2.71;3.21;96.81;2.64;3.30;103.50;0.54;0.50;617;1;1;5;0.51;0.28;0.27;-0.01;-0.01;0.01;0.02;0.21;2.66;3.20;96.39;0.43;0.39;0.019
32587.895;4120;2.70;3.25;98.57;2.64;3.30;103.50;0.54;0.50;617;1;1;5;0.56;0.28;0.27;-0.01;-0.00;0.00;0.01;0.21;2.65;3.23;98.07;0.46;0.42;0.022
32587.975;4130;2.70;3.28;100.34;2.35;3.71;145.14;0.53;0.50;617;2;1;5;0.61;0.29;0.27;-0.01;-0.01;0.10;0.10;0.42;2.65;3.25;100.02;0.49;0.45;0.015
32588.075;4138;2.70;3.30;102.26;2.35;3.71;145.14;0.53;0.50;617;2;1;5;0.57;0.30;0.29;-0.00;-0.01;-0.05;-0.04;0.41;2.64;3.28;102.27;0.53;0.48;0.007
32588.175;4149;2.69;3.33;104.82;2.35;3.71;145.14;0.53;0.50;617;2;1;5;0.59;0.30;0.29;-0.01;-0.01;0.08;0.09;0.46;2.63;3.31;104.78;0.54;0.50;0.013
32588.265;4157;2.68;3.35;106.64;2.35;3.71;145.14;0.53;0.50;617;2;1;5;0.60;0.30;0.30;-0.00;-0.01;-0.07;-0.08;0.37;2.62;3.34;107.33;0.54;0.50;0.008
32588.375;4168;2.68;3.38;109.25;2.35;3.71;145.14;0.53;0.50;617;2;1;5;0.60;0.30;0.28;-0.01;-0.01;0.05;0.07;0.45;2.61;3.37;109.88;0.54;0.50;0.014
32588.475;4176;2.67;3.41;111.07;2.35;3.71;145.14;0.53;0.50;617;2;1;5;0.60;0.30;0.30;0.00;-0.01;-0.07;-0.10;0.36;2.61;3.38;111.15;0.54;0.50;0.008
32588.575;4187;2.66;3.44;113.54;2.35;3.71;145.14;0.53;0.50;617;2;1;5;0.61;0.30;0.29;-0.01;-0.01;0.02;0.04;0.41;2.60;3.41;113.69;0.54;0.50;0.009
32588.665;4195;2.65;3.46;115.20;2.35;3.71;145.14;0.53;0.50;617;2;1;5;0.61;0.30;0.30;0.00;-0.00;-0.09;-0.15;0.33;2.59;3.43;114.96;0.54;0.50;0.006
32588.775;4210;2.63;3.50;118.48;2.35;3.71;145.14;0.53;0.50;617;2;1;5;0.61;0.30;0.30;0.00;-0.01;-0.05;-0.09;0.35;2.58;3.45;117.50;0.54;0.50;0.014
32588.875;4218;2.62;3.52;119.92;2.35;3.71;145.14;0.53;0.50;617;2;1;5;0.64;0.30;0.30;-0.05;-0.01;0.03;0.04;0.35;2.56;3.48;120.03;0.54;0.50;0.010
32588.975;4229;2.60;3.55;122.26;2.35;3.71;145.14;0.53;0.50;617;2;1;5;0.66;0.30;0.30;-0.04;-0.01;0.01;0.04;0.37;2.55;3.51;122.56;0.54;0.50;0.008
32589.075;4237;2.59;3.57;123.74;2.35;3.71;145.14;0.53;0.50;617;2;1;5;0.70;0.30;0.32;-0.05;-0.01;0.04;0.05;0.41;2.53;3.53;125.08;0.54;0.50;0.012
32589.175;4248;2.58;3.60;126.13;2.35;3.71;145.14;0.53;0.50;617;2;1;5;0.72;0.30;0.33;-0.05;-0.01;-0.02;-0.12;0.35;2.51;3.56;127.60;0.54;0.50;0.012
32589.265;4256;2.57;3.63;128.43;2.35;3.71;145.14;0.53;0.50;617;2;1;5;0.71;0.30;0.31;-0.07;-0.01;0.02;0.07;0.52;2.50;3.57;128.86;0.54;0.50;0.006
32589.375;4267;2.55;3.66;131.09;2.35;3.71;145.14;0.53;0.50;617;2;1;5;0.73;0.30;0.34;-0.07;-0.01;0.01;0.01;0.46;2.48;3.60;131.38;0.54;0.50;0.006
32589.475;4280;2.53;3.70;134.92;2.35;3.71;145.14;0.53;0.50;617;2;1;5;0.71;0.30;0.33;-0.06;-0.01;0.01;-0.05;0.43;2.46;3.62;133.89;0.54;0.50;0.011
32589.575;4286;2.52;3.71;136.87;1.87;3.85;179.43;0.38;0.50;617;3;1;5;0.71;0.30;0.29;-0.08;-0.01;0.00;0.06;0.67;2.44;3.64;136.39;0.53;0.50;0.009
32589.715;4304;2.48;3.76;141.82;1.86;3.84;180.00;-0.00;0.50;538;0;1;7;0.56;0.30;0.31;-0.05;-0.01;0.00;0.00;0.39;2.43;3.65;137.65;0.53;0.50;0.036
32589.775;4308;2.47;3.77;142.51;1.86;3.84;180.00;-0.00;0.50;538;0;1;7;0.79;0.30;0.31;-0.03;-0.01;0.02;0.08;0.32;1.86;3.84;180.00;-0.00;0.50;0.015
32589.885;4318;2.45;3.79;145.51;1.86;3.84;180.00;-0.00;0.50;538;0;1;7;0.79;0.30;0.29;-0.08;-0.01;0.02;0.10;0.83;1.86;3.84;180.00;-0.00;0.50;0.027
32589.995;4328;2.43;3.81;149.42;1.86;3.84;180.00;-0.00;0.50;538;0;1;7;0.79;0.30;0.30;-0.08;-0.02;-0.02;0.20;0.76;1.86;3.84;180.00;-0.00;0.50;0.028
32590.085;4336;2.41;3.82;152.78;1.86;3.84;180.00;-0.00;0.50;538;0;1;7;0.79;0.30;0.32;-0.01;-0.01;0.05;-0.30;0.77;1.86;3.84;180.00;-0.00;0.50;0.014
32590.175;4347;2.38;3.84;158.13;1.86;3.84;180.00;-0.00;0.50;538;0;1;7;0.79;0.30;0.34;-0.02;-0.07;0.29;-0.10;0.85;1.86;3.84;180.00;-0.00;0.50;0.014
32590.275;4360;2.34;3.86;164.79;1.86;3.84;180.00;-0.00;0.50;538;0;1;7;0.57;0.30;0.30;-0.00;-0.01;-0.00;-0.01;0.76;1.86;3.84;180.00;-0.00;0.50;0.018
32590.385;4370;2.31;3.86;167.07;1.86;3.84;180.00;-0.00;0.50;538;0;1;7;0.48;0.30;0.29;-0.00;-0.06;-0.24;0.12;0.47;1.86;3.84;180.00;-0.00;0.50;0.023
32590.475;4378;2.29;3.87;168.92;1.86;3.84;180.00;-0.00;0.50;538;0;1;7;0.42;0.30;0.33;-0.06;-0.09;0.49;-0.11;0.41;1.86;3.84;180.00;-0.00;0.50;0.014
32590.585;4389;2.25;3.88;170.86;1.86;3.84;180.00;-0.00;0.50;538;0;1;7;0.35;0.30;0.30;0.01;-0.01;0.06;-0.11;0.19;1.86;3.84;180.00;-0.00;0.50;0.029
32590.675;4397;2.23;3.88;171.93;1.86;3.84;180.00;-0.00;0.50;538;0;1;7;0.32;0.30;0.30;-0.03;-0.01;0.02;-0.04;0.13;1.86;3.84;180.00;-0.00;0.50;0.014
32590.795;4408;2.20;3.89;172.81;1.86;3.84;180.00;-0.00;0.50;538;0;1;7;0.31;0.30;0.30;-0.04;-0.01;-0.01;0.02;0.12;1.86;3.84;180.00;-0.00;0.50;0.029
32590.895;4420;2.16;3.90;173.62;1.86;3.84;180.00;-0.00;0.50;538;0;1;7;0.29;0.30;0.28;-0.02;-0.01;-0.03;0.05;0.17;1.86;3.84;180.00;-0.00;0.50;0.029
32590.995;4431;2.13;3.90;174.09;1.86;3.84;180.00;-0.00;0.50;538;0;1;7;0.29;0.30;0.28;-0.01;-0.01;-0.03;0.05;0.13;1.86;3.84;180.00;-0.00;0.50;0.035
32591.085;4440;2.11;3.90;174.37;1.86;3.84;180.00;-0.00;0.50;538;0;1;7;0.29;0.30;0.30;-0.00;-0.01;0.02;-0.04;0.01;1.86;3.84;180.00;-0.00;0.50;0.022
32591.195;4450;2.08;3.91;174.71;1.86;3.84;180.00;-0.00;0.50;538;0;1;7;0.29;0.30;0.28;-0.01;-0.01;-0.02;0.04;0.07;1.86;3.84;180.00;-0.00;0.50;0.029
32591.285;4458;2.06;3.91;174.86;1.86;3.84;180.00;-0.00;0.50;538;0;1;7;0.29;0.30;0.29;-0.00;-0.01;0.00;-0.02;0.02;1.86;3.84;180.00;-0.00;0.50;0.025
32591.385;4469;2.02;3.91;175.20;1.86;3.84;180.00;-0.00;0.50;538;0;1;7;0.30;0.30;0.28;-0.01;-0.01;-0.02;0.03;0.07;1.86;3.84;180.00;-0.00;0.50;0.026
32591.475;4477;2.00;3.91;175.29;1.86;3.84;180.00;-0.00;0.50;538;0;1;7;0.30;0.30;0.30;-0.00;-0.01;0.04;-0.08;-0.00;1.86;3.84;180.00;-0.00;0.50;0.014
32591.585;4488;1.97;3.92;175.66;1.86;3.84;180.00;-0.00;0.50;538;0;1;7;0.30;0.30;0.29;-0.00;-0.01;-0.01;-0.00;0.02;1.86;3.84;180.00;-0.00;0.50;0.026
32591.695;4502;1.93;3.92;176.01;1.38;3.79;197.27;0.49;0.50;538;1;1;7;0.31;0.30;0.29;-0.00;-0.01;-0.02;0.01;0.03;1.86;3.84;180.00;-0.00;0.50;0.027
32591.775;4506;1.92;3.92;176.02;1.38;3.79;197.27;0.49;0.50;538;1;1;7;0.13;0.30;0.30;-0.00;-0.01;0.04;-0.08;-0.00;1.86;3.84;180.00;-0.00;0.50;0.010
32591.885;4521;1.87;3.93;175.39;1.38;3.79;197.27;0.49;0.50;538;1;1;7;0.25;0.30;0.30;0.01;-0.01;-0.04;0.05;-0.13;1.86;3.84;180.00;-0.00;0.50;0.023
32591.975;4526;1.86;3.93;175.27;1.38;3.79;197.27;0.49;0.50;538;1;1;7;0.28;0.30;0.29;-0.01;-0.01;-0.01;0.02;0.03;1.86;3.84;180.00;-0.00;0.50;0.011
32592.085;4539;1.82;3.93;175.67;1.38;3.79;197.27;0.49;0.50;538;1;1;7;0.32;0.30;0.29;-0.00;-0.01;-0.01;-0.01;0.04;1.84;3.84;180.04;0.02;0.50;0.024
32592.175;4549;1.79;3.93;176.18;1.38;3.79;197.27;0.49;0.50;538;1;1;7;0.33;0.30;0.28;-0.01;-0.01;-0.03;0.05;0.14;1.79;3.84;180.37;0.07;0.50;0.011
32592.285;4560;1.76;3.94;176.74;1.38;3.79;197.27;0.49;0.50;538;1;1;7;0.36;0.30;0.28;-0.01;-0.01;-0.03;0.05;0.15;1.76;3.84;180.65;0.10;0.50;0.021
32592.375;4568;1.74;3.94;177.12;1.38;3.79;197.27;0.49;0.50;538;1;1;7;0.38;0.30;0.30;-0.00;-0.01;0.04;-0.07;0.07;1.74;3.84;181.03;0.12;0.50;0.013
32592.485;4579;1.71;3.94;178.08;1.38;3.79;197.27;0.49;0.50;538;1;1;7;0.40;0.30;0.29;-0.01;-0.01;0.00;-0.02;0.10;1.71;3.84;181.49;0.15;0.50;0.014
32592.565;4587;1.68;3.94;178.88;1.38;3.79;197.27;0.49;0.50;538;1;1;7;0.42;0.30;0.30;-0.04;-0.01;-0.07;0.09;0.25;1.69;3.84;182.03;0.17;0.50;0.010
32592.675;4598;1.65;3.95;180.05;1.38;3.79;197.27;0.49;0.50;538;1;1;7;0.44;0.30;0.30;-0.02;-0.00;-0.02;0.05;0.28;1.66;3.84;182.67;0.20;0.50;0.011
32592.775;4606;1.62;3.95;181.26;1.38;3.79;197.27;0.49;0.50;538;1;1;7;0.45;0.30;0.30;-0.03;-0.01;0.03;-0.04;0.21;1.64;3.84;183.39;0.22;0.50;0.013
32592.885;4621;1.58;3.95;183.41;1.38;3.79;197.27;0.49;0.50;538;1;1;7;0.47;0.30;0.30;-0.03;-0.01;0.05;-0.06;0.20;1.61;3.84;184.21;0.25;0.50;0.021
32592.975;4625;1.57;3.95;183.87;1.38;3.79;197.27;0.49;0.50;538;1;1;7;0.49;0.30;0.30;-0.01;-0.01;0.11;-0.13;0.20;1.59;3.83;185.12;0.27;0.50;0.010
32593.075;4636;1.53;3.95;186.06;1.38;3.79;197.27;0.49;0.50;538;1;1;7;0.50;0.30;0.30;-0.00;-0.01;0.01;-0.02;0.31;1.54;3.83;187.22;0.32;0.50;0.010
32593.185;4649;1.50;3.95;188.64;1.38;3.79;197.27;0.49;0.50;538;1;1;7;0.50;0.30;0.29;-0.01;-0.01;-0.06;0.06;0.40;1.52;3.83;188.41;0.35;0.50;0.022
32593.285;4659;1.47;3.94;190.44;1.38;3.79;197.27;0.49;0.50;538;1;1;7;0.51;0.30;0.30;0.00;-0.01;0.15;-0.15;0.26;1.49;3.82;189.70;0.37;0.50;0.020
32593.375;4668;1.44;3.94;192.49;1.38;3.79;197.27;0.49;0.50;538;1;1;7;0.52;0.30;0.30;-0.01;-0.01;0.00;-0.00;0.35;1.47;3.82;191.08;0.40;0.50;0.012
32593.475;4678;1.41;3.93;194.40;1.38;3.79;197.27;0.49;0.50;538;1;1;7;0.53;0.30;0.31;-0.03;-0.02;-0.15;0.10;0.43;1.44;3.81;192.57;0.42;0.50;0.018
32593.575;4686;1.39;3.93;195.94;1.38;3.79;197.27;0.49;0.50;538;1;1;7;0.56;0.30;0.30;-0.02;-0.01;0.09;-0.07;0.29;1.42;3.81;194.16;0.45;0.50;0.011
32593.685;4697;1.35;3.92;198.35;1.00;3.50;244.06;0.72;0.50;538;2;1;7;0.57;0.30;0.29;-0.00;-0.01;-0.01;0.01;0.38;1.40;3.80;195.84;0.47;0.50;0.021
32593.785;4710;1.32;3.91;201.05;1.00;3.50;244.06;0.72;0.50;538;2;1;7;0.36;0.30;0.29;-0.01;-0.01;-0.10;0.07;0.43;1.37;3.79;197.63;0.50;0.50;0.019
32593.865;4716;1.30;3.90;201.91;1.00;3.50;244.06;0.72;0.50;538;2;1;7;0.39;0.30;0.29;0.00;-0.01;0.05;-0.03;0.08;1.35;3.79;199.49;0.51;0.50;0.006
32593.975;4729;1.26;3.89;202.57;1.00;3.50;244.06;0.72;0.50;538;2;1;7;0.49;0.30;0.29;-0.02;-0.01;-0.00;-0.00;0.07;1.32;3.78;201.40;0.52;0.50;0.012
32594.085;4739;1.24;3.88;203.31;1.00;3.50;244.06;0.72;0.50;538;2;1;7;0.56;0.30;0.30;-0.01;-0.01;0.06;-0.04;0.15;1.30;3.77;203.35;0.53;0.50;0.019
32594.175;4748;1.21;3.87;204.46;1.00;3.50;244.06;0.72;0.50;538;2;1;7;0.61;0.30;0.29;-0.03;-0.01;-0.06;0.04;0.33;1.28;3.76;205.36;0.54;0.50;0.008
32594.285;4758;1.18;3.85;205.67;1.00;3.50;244.06;0.72;0.50;538;2;1;7;0.67;0.30;0.32;-0.02;-0.00;-0.04;0.02;0.21;1.26;3.75;207.42;0.55;0.50;0.014
32594.385;4767;1.16;3.84;207.06;1.00;3.50;244.06;0.72;0.50;538;2;1;7;0.72;0.30;0.31;-0.03;-0.01;0.02;-0.01;0.22;1.24;3.73;209.53;0.57;0.50;0.014
32594.465;4777;1.13;3.83;208.98;1.00;3.50;244.06;0.72;0.50;538;2;1;7;0.76;0.30;0.31;-0.05;-0.01;-0.04;0.02;0.37;1.21;3.72;211.70;0.58;0.50;0.005
32594.565;4785;1.10;3.82;210.58;1.00;3.50;244.06;0.72;0.50;538;2;1;7;0.79;0.30;0.33;-0.04;-0.01;-0.07;0.02;0.49;1.19;3.71;213.93;0.59;0.50;0.006
32594.685;4800;1.06;3.81;214.95;1.00;3.50;244.06;0.72;0.50;538;2;1;7;0.79;0.30;0.32;-0.08;-0.01;-0.06;0.04;0.63;1.17;3.69;216.21;0.60;0.50;0.016
32594.775;4809;1.03;3.79;217.63;1.00;3.50;244.06;0.72;0.50;538;2;1;7;0.79;0.30;0.34;-0.07;-0.01;0.06;-0.02;0.46;1.13;3.66;220.94;0.62;0.50;0.009
32594.875;4819;1.00;3.78;220.76;1.00;3.50;244.06;0.72;0.50;538;2;1;7;0.79;0.30;0.35;-0.09;-0.01;0.07;0.01;0.46;1.13;3.66;220.94;0.62;0.50;0.011
32594.985;4828;0.97;3.76;224.01;1.00;3.50;244.06;0.72;0.50;538;2;1;7;0.79;0.30;0.33;-0.07;-0.01;-0.08;0.03;0.51;1.10;3.63;225.90;0.65;0.50;0.015
32595.075;4838;0.94;3.75;227.02;1.00;3.50;244.06;0.72;0.50;538;2;1;7;0.79;0.30;0.34;-0.09;-0.01;0.01;0.00;0.63;1.08;3.61;228.48;0.66;0.50;0.008
32595.165;4847;0.92;3.73;230.29;1.00;3.50;244.06;0.72;0.50;538;2;1;7;0.79;0.30;0.33;-0.09;-0.01;-0.08;0.02;0.69;1.07;3.59;231.11;0.67;0.50;0.007
32595.275;4857;0.89;3.71;233.91;1.00;3.50;244.06;0.72;0.50;538;2;1;7;0.79;0.30;0.29;-0.05;-0.09;-0.29;-0.41;0.76;1.05;3.57;233.81;0.68;0.50;0.007
32595.375;4870;0.87;3.68;239.31;1.00;3.50;244.06;0.72;0.50;538;2;1;7;0.78;0.30;0.29;-0.03;-0.08;-0.23;-0.38;0.92;1.05;3.57;233.81;0.68;0.50;0.010
32595.485;4880;0.85;3.65;243.64;1.00;3.50;244.06;0.72;0.50;538;2;1;7;0.77;0.30;0.27;-0.01;-0.09;-0.21;-0.40;0.83;1.04;3.55;236.57;0.69;0.50;0.016
32595.575;4889;0.84;3.63;247.40;1.00;3.50;244.06;0.72;0.50;538;2;1;7;0.72;0.30;0.32;0.00;-0.01;0.31;0.08;0.76;1.02;3.53;239.40;0.70;0.50;0.009
32595.675;4899;0.83;3.60;251.69;1.02;3.02;297.41;0.63;0.50;538;3;1;7;0.68;0.29;0.29;-0.01;-0.01;-0.07;-0.02;0.60;1.01;3.51;242.29;0.71;0.50;0.007
32595.765;4907;0.82;3.58;253.78;1.02;3.02;297.41;0.63;0.50;538;3;1;7;0.27;0.30;0.30;0.01;-0.01;0.15;0.04;0.37;1.00;3.49;245.24;0.72;0.50;0.003
32595.865;4917;0.81;3.55;254.85;1.02;3.02;297.41;0.63;0.50;538;3;1;7;0.37;0.30;0.29;-0.01;-0.01;-0.01;-0.00;-0.04;0.99;3.47;248.18;0.71;0.50;0.007
32595.965;4927;0.80;3.52;255.23;1.02;3.02;297.41;0.63;0.50;538;3;1;7;0.49;0.30;0.29;-0.04;-0.01;-0.03;-0.02;0.13;0.98;3.44;251.09;0.71;0.50;0.007
32596.075;4935;0.79;3.50;256.03;1.02;3.02;297.41;0.63;0.50;538;3;1;7;0.52;0.30;0.31;-0.01;-0.01;0.14;0.06;0.24;0.98;3.44;251.09;0.71;0.50;0.007
32596.165;4945;0.78;3.47;257.95;1.02;3.02;297.41;0.63;0.50;538;3;1;7;0.57;0.30;0.30;-0.03;-0.01;0.05;0.02;0.29;0.97;3.42;253.97;0.70;0.50;0.005
32596.265;4956;0.77;3.44;260.41;1.02;3.02;297.41;0.63;0.50;538;3;1;7;0.61;0.30;0.29;-0.02;-0.01;-0.12;-0.06;0.48;0.97;3.39;256.82;0.70;0.50;0.003
32596.365;4969;0.77;3.40;263.95;1.02;3.02;297.41;0.63;0.50;538;3;1;7;0.62;0.30;0.28;0.00;-0.09;-0.04;-0.45;0.66;0.96;3.37;259.65;0.69;0.50;0.007
32596.475;4979;0.77;3.37;266.82;1.02;3.02;297.41;0.63;0.50;538;3;1;7;0.62;0.30;0.30;-0.00;-0.01;0.07;0.04;0.43;0.96;3.35;262.45;0.69;0.50;0.005
32596.565;4988;0.76;3.34;269.38;1.02;3.02;297.41;0.63;0.50;538;3;1;7;0.63;0.30;0.29;-0.02;-0.01;-0.15;-0.11;0.64;0.96;3.32;265.22;0.69;0.50;0.004
32596.675;4998;0.76;3.31;272.34;1.02;3.02;297.41;0.63;0.50;538;3;1;7;0.63;0.30;0.30;0.01;-0.01;0.05;0.03;0.45;0.96;3.30;267.97;0.68;0.50;0.007
32596.765;5006;0.77;3.29;274.26;1.02;3.02;297.41;0.63;0.50;538;3;1;7;0.61;0.30;0.32;-0.01;0.01;-0.01;-0.01;0.53;0.96;3.30;267.97;0.68;0.50;0.003
32596.865;5016;0.77;3.26;277.57;1.02;3.02;297.41;0.63;0.50;538;3;1;7;0.60;0.30;0.31;-0.02;-0.01;0.10;0.08;0.49;0.96;3.27;270.69;0.68;0.50;0.004
32596.965;5026;0.77;3.22;280.27;1.02;3.02;297.41;0.63;0.50;538;3;1;7;0.61;0.30;0.31;-0.05;-0.01;-0.20;-0.21;0.62;0.96;3.25;273.38;0.67;0.50;0.004
32597.065;5035;0.77;3.20;282.87;1.02;3.02;297.41;0.63;0.50;538;3;1;7;0.61;0.30;0.31;-0.01;-0.01;0.13;0.13;0.43;0.96;3.22;276.04;0.67;0.50;0.003
32597.165;5044;0.78;3.17;285.41;1.02;3.02;297.41;0.63;0.50;538;3;1;7;0.62;0.30;0.30;-0.05;-0.01;-0.14;-0.18;0.58;0.96;3.20;278.68;0.66;0.50;0.003
32597.275;5059;0.79;3.13;289.51;1.02;3.02;297.41;0.63;0.50;538;3;1;7;0.60;0.30;0.33;-0.06;-0.06;-0.43;-0.17;0.62;0.97;3.17;281.29;0.66;0.50;0.010
32597.365;5069;0.80;3.10;292.30;1.02;3.02;297.41;0.63;0.50;538;3;1;7;0.60;0.30;0.30;-0.00;-0.01;0.11;0.17;0.39;0.97;3.15;283.88;0.65;0.50;0.006
32597.465;5079;0.81;3.07;294.64;1.02;3.02;297.41;0.63;0.50;538;3;1;7;0.61;0.30;0.29;-0.01;-0.01;-0.04;-0.06;0.43;0.98;3.13;286.44;0.65;0.50;0.003
32597.575;5087;0.82;3.05;296.42;1.38;2.70;335.32;0.40;0.50;538;4;1;7;0.62;0.30;0.30;0.00;-0.01;0.07;0.12;0.35;0.99;3.10;288.98;0.64;0.50;0.008
32597.665;5098;0.83;3.02;298.58;1.38;2.70;335.32;0.40;0.50;538;4;1;7;0.43;0.30;0.30;-0.02;-0.01;-0.00;-0.01;0.29;0.99;3.08;291.49;0.64;0.50;0.002
32597.765;5107;0.84;2.99;299.15;1.38;2.70;335.32;0.40;0.50;538;4;1;7;0.52;0.30;0.31;-0.02;-0.01;-0.02;-0.02;0.03;1.00;3.06;293.98;0.63;0.50;0.001
32597.865;5117;0.85;2.97;300.01;1.38;2.70;335.32;0.40;0.50;538;4;1;7;0.60;0.30;0.30;-0.03;-0.01;-0.01;-0.02;0.16;1.01;3.03;296.44;0.63;0.50;0.001
32597.965;5128;0.87;2.94;301.41;1.38;2.70;335.32;0.40;0.50;538;4;1;7;0.66;0.30;0.29;-0.05;-0.01;-0.03;-0.05;0.37;1.02;3.01;298.87;0.62;0.50;0.001
32598.065;5137;0.88;2.91;303.02;1.38;2.70;335.32;0.40;0.50;538;4;1;7;0.70;0.30;0.33;-0.04;-0.01;-0.02;-0.06;0.35;1.04;2.99;301.24;0.61;0.50;0.002
32598.165;5146;0.89;2.88;305.18;1.38;2.70;335.32;0.40;0.50;538;4;1;7;0.67;0.30;0.32;-0.05;-0.01;-0.01;-0.00;0.36;1.04;2.99;301.24;0.61;0.50;0.001
32598.265;5157;0.91;2.85;307.78;1.38;2.70;335.32;0.40;0.50;538;4;1;7;0.71;0.30;0.31;-0.06;-0.01;-0.01;-0.05;0.45;1.06;2.95;305.83;0.58;0.50;0.001
32598.365;5165;0.92;2.83;309.54;1.38;2.70;335.32;0.40;0.50;538;4;1;7;0.70;0.30;0.33;-0.06;-0.01;-0.01;-0.07;0.48;1.06;2.95;305.83;0.58;0.50;0.002
32598.465;5179;0.95;2.79;313.24;1.38;2.70;335.32;0.40;0.50;538;4;1;7;0.71;0.30;0.33;-0.07;-0.01;0.01;0.13;0.36;1.09;2.91;310.19;0.56;0.50;0.001
32598.565;5189;0.96;2.76;315.94;1.38;2.70;335.32;0.40;0.50;538;4;1;7;0.69;0.30;0.33;-0.06;-0.01;-0.01;0.07;0.42;1.11;2.89;312.29;0.55;0.50;0.002
32598.665;5197;0.98;2.74;318.18;1.38;2.70;335.32;0.40;0.50;538;4;1;7;0.68;0.30;0.32;-0.06;-0.01;-0.01;0.06;0.40;1.13;2.87;314.34;0.54;0.50;0.001
32598.765;5207;1.00;2.72;320.99;1.38;2.70;335.32;0.40;0.50;538;4;1;7;0.66;0.30;0.31;-0.06;-0.01;-0.01;-0.08;0.43;1.15;2.86;316.34;0.53;0.50;0.002
32598.865;5217;1.02;2.69;323.17;1.38;2.70;335.32;0.40;0.50;538;4;1;7;0.65;0.30;0.32;-0.07;-0.01;-0.03;-0.06;0.51;1.16;2.84;318.28;0.52;0.50;0.002
32598.965;5225;1.04;2.67;324.97;1.38;2.70;335.32;0.40;0.50;538;4;1;7;0.63;0.30;0.32;-0.05;-0.01;-0.02;0.04;0.30;1.16;2.84;318.28;0.52;0.50;0.001
32599.065;5236;1.06;2.65;327.61;1.38;2.70;335.32;0.40;0.50;538;4;1;7;0.62;0.30;0.31;0.00;-0.01;-0.01;0.15;0.39;1.20;2.81;322.02;0.49;0.50;0.001
32599.165;5245;1.09;2.64;329.75;1.38;2.70;335.32;0.40;0.50;538;4;1;7;0.57;0.30;0.30;-0.04;-0.01;0.03;-0.25;0.50;1.20;2.81;322.02;0.49;0.50;0.001
32599.265;5259;1.12;2.61;333.70;1.38;2.70;335.32;0.40;0.50;538;4;1;7;0.52;0.30;0.30;-0.03;-0.01;-0.01;0.03;0.39;1.24;2.78;325.56;0.47;0.50;0.002
32599.365;5265;1.14;2.60;334.69;1.38;2.70;335.32;0.40;0.50;538;4;1;7;0.50;0.30;0.31;-0.00;-0.01;-0.04;0.16;0.23;1.24;2.78;325.56;0.47;0.50;0.002
32599.465;5278;1.17;2.59;337.08;1.38;2.70;335.32;0.40;0.50;538;4;1;7;0.49;0.30;0.30;0.00;-0.01;-0.02;0.08;0.25;1.28;2.75;328.90;0.45;0.50;0.001
32599.565;5289;1.20;2.57;338.91;1.38;2.70;335.32;0.40;0.50;538;4;1;7;0.47;0.30;0.29;-0.02;-0.01;0.02;-0.09;0.32;1.31;2.74;330.51;0.44;0.50;0.003
32599.665;5297;1.22;2.57;340.10;1.38;2.70;335.32;0.40;0.50;538;4;1;7;0.47;0.30;0.30;0.00;-0.01;-0.04;0.12;0.22;1.33;2.73;332.06;0.43;0.50;0.001
32599.765;5308;1.26;2.55;341.82;1.38;2.70;335.32;0.40;0.50;538;4;1;7;0.45;0.30;0.30;-0.03;-0.01;-0.01;0.03;0.24;1.35;2.72;333.57;0.42;0.50;0.001
32599.865;5316;1.28;2.54;342.94;1.38;2.70;335.32;0.40;0.50;538;4;1;7;0.43;0.30;0.30;-0.04;-0.01;0.06;-0.16;0.32;1.35;2.72;333.57;0.42;0.50;0.002
32599.965;5325;1.30;2.53;343.99;1.38;2.70;335.32;0.40;0.50;538;4;1;7;0.44;0.30;0.30;-0.02;-0.01;-0.04;0.11;0.15;1.37;2.70;335.03;0.40;0.50;0.002
32600.065;5335;1.33;2.52;345.27;1.38;2.70;335.32;0.40;0.50;538;4;1;7;0.45;0.30;0.30;-0.03;-0.01;-0.01;0.03;0.19;1.39;2.69;336.46;0.40;0.50;0.001
32600.165;5346;1.36;2.51;346.71;1.38;2.70;335.32;0.40;0.50;538;4;1;7;0.47;0.30;0.29;-0.04;-0.01;0.01;-0.03;0.23;1.44;2.68;339.25;0.39;0.50;0.001
32600.265;5359;1.40;2.50;348.56;1.38;2.70;335.32;0.40;0.50;538;4;1;7;0.46;0.30;0.29;-0.05;-0.01;0.03;-0.06;0.29;1.46;2.67;340.61;0.38;0.50;0.001
32600.365;5369;1.43;2.49;349.78;1.38;2.70;335.32;0.40;0.50;538;4;1;7;0.46;0.30;0.30;-0.02;-0.01;0.01;-0.05;0.29;1.49;2.66;341.94;0.37;0.50;0.002
32600.465;5378;1.45;2.48;351.20;1.38;2.70;335.32;0.40;0.50;538;4;1;7;0.45;0.29;0.30;-0.02;-0.01;-0.03;0.05;0.21;1.51;2.65;343.26;0.37;0.50;0.002
32600.565;5388;1.48;2.48;352.66;1.38;2.70;335.32;0.40;0.50;538;4;1;7;0.44;0.29;0.29;-0.04;-0.01;0.01;-0.02;0.25;1.53;2.65;344.55;0.36;0.50;0.001
32600.665;5397;1.51;2.47;353.77;1.38;2.70;335.32;0.40;0.50;538;4;1;7;0.44;0.29;0.31;-0.05;-0.04;-0.01;-0.30;0.37;1.56;2.64;345.83;0.36;0.50;0.002
32600.765;5407;1.54;2.46;355.02;1.38;2.70;335.32;0.40;0.50;538;4;1;7;0.43;0.29;0.29;-0.02;-0.01;-0.06;0.10;0.17;1.58;2.63;347.08;0.35;0.50;0.001
32600.865;5416;1.56;2.46;356.31;1.38;2.70;335.32;0.40;0.50;538;4;1;7;0.43;0.29;0.29;-0.04;-0.01;-0.00;0.00;0.20;1.61;2.63;348.31;0.35;0.50;0.002
32600.965;5426;1.59;2.46;357.55;1.38;2.70;335.32;0.40;0.50;538;4;1;7;0.42;0.28;0.28;-0.05;-0.01;0.06;-0.09;0.27;1.63;2.62;349.51;0.34;0.50;0.001
32601.065;5439;1.63;2.45;359.03;1.38;2.70;335.32;0.40;0.50;538;4;1;7;0.41;0.28;0.29;-0.04;-0.01;0.10;-0.14;0.29;1.65;2.62;350.70;0.34;0.50;0.003
32601.185;5449;1.66;2.45;359.94;1.86;2.64;0.00;0.00;-0.50;198;0;1;2;0.41;0.28;0.29;-0.01;-0.01;-0.09;0.12;0.12;1.68;2.62;351.86;0.33;0.50;0.020
32601.275;5458;1.68;2.44;361.05;1.86;2.64;0.00;0.00;-0.50;198;0;1;2;0.53;0.24;0.28;-0.03;-0.01;-0.04;0.05;0.15;1.68;2.64;0.00;-0.00;-0.50;0.016
32601.375;5468;1.71;2.44;362.46;1.86;2.64;0.00;0.00;-0.50;198;0;1;2;0.61;0.20;0.24;-0.04;-0.01;-0.01;0.01;0.27;1.71;2.64;0.00;-0.00;-0.50;0.014
32601.475;5476;1.73;2.44;363.81;1.86;2.64;0.00;0.00;-0.50;198;0;1;2;0.68;0.17;0.21;-0.05;-0.01;0.05;-0.06;0.33;1.73;2.64;0.00;-0.00;-0.50;0.015
32601.585;5491;1.76;2.44;366.11;1.86;2.64;0.00;0.00;-0.50;198;0;1;2;0.79;0.14;0.17;-0.03;-0.01;-0.03;0.03;0.21;1.75;2.64;0.00;-0.00;-0.50;0.028
32601.695;5500;1.77;2.44;367.44;1.86;2.64;0.00;0.00;-0.50;198;0;1;2;0.79;0.11;0.14;-0.04;-0.01;0.03;-0.03;0.26;1.76;2.64;0.00;-0.00;-0.50;0.031
32601.785;5510;1.78;2.43;368.50;1.86;2.64;0.00;0.00;-0.50;198;0;1;2;0.79;0.08;0.11;-0.04;-0.01;0.06;-0.06;0.17;1.78;2.64;0.00;-0.00;-0.50;0.018
32601.885;5518;1.79;2.43;368.76;1.86;2.64;0.00;0.00;-0.50;198;0;1;2;0.79;0.05;0.11;-0.06;-0.08;-0.23;-0.26;0.06;1.79;2.64;0.00;-0.00;-0.50;0.014
32601.975;5529;1.80;2.43;369.06;1.86;2.64;0.00;0.00;-0.50;198;0;1;2;0.79;0.02;0.03;-0.01;-0.01;0.03;-0.02;-0.00;1.80;2.64;0.00;-0.00;-0.50;0.014
32602.075;5537;1.80;2.43;368.67;1.86;2.64;0.00;0.00;-0.50;198;0;1;2;0.79;-0.00;0.02;0.01;-0.01;-0.01;0.01;-0.14;1.80;2.64;0.00;-0.00;-0.50;0.015
32602.185;5548;1.80;2.43;367.73;1.86;2.64;0.00;0.00;-0.50;198;0;1;2;0.79;-0.02;-0.01;0.01;-0.01;0.04;-0.04;-0.15;1.80;2.64;0.00;-0.00;-0.50;0.019
32602.285;5560;1.80;2.43;366.59;1.86;2.64;0.00;0.00;-0.50;198;0;1;2;0.79;-0.05;-0.03;0.01;0.00;-0.01;0.01;-0.14;1.80;2.64;0.00;-0.00;-0.50;0.019
32602.405;5570;1.79;2.43;365.60;1.86;2.64;0.00;0.00;-0.50;198;0;1;2;0.78;-0.07;-0.05;-0.00;-0.00;-0.01;0.01;-0.17;1.79;2.64;0.00;-0.00;-0.50;0.040
32602.495;5580;1.79;2.43;364.72;1.86;2.64;0.00;0.00;-0.50;198;0;1;2;0.74;-0.09;-0.08;0.01;-0.00;-0.01;-0.01;-0.17;1.79;2.64;0.00;-0.00;-0.50;0.031
32602.585;5588;1.78;2.43;363.98;1.86;2.64;0.00;0.00;-0.50;198;0;1;2;0.70;-0.11;-0.10;0.01;-0.01;-0.01;-0.01;-0.17;1.78;2.64;0.00;-0.00;-0.50;0.018
32602.695;5599;1.77;2.43;363.02;1.86;2.64;0.00;0.00;-0.50;198;0;1;2;0.66;-0.13;-0.11;-0.01;-0.01;0.01;0.02;-0.13;1.77;2.64;0.00;-0.00;-0.50;0.029
32602.805;5612;1.75;2.43;361.93;1.86;2.64;0.00;0.00;-0.50;198;0;1;2;0.61;-0.14;-0.13;-0.00;-0.01;0.01;0.01;-0.10;1.76;2.64;0.00;-0.00;-0.50;0.023
32602.875;5618;1.74;2.43;361.49;1.86;2.64;0.00;0.00;-0.50;198;0;1;2;0.58;-0.16;-0.12;0.02;-0.04;-0.01;-0.30;-0.23;1.74;2.64;0.00;-0.00;-0.50;0.015
32602.975;5626;1.73;2.43;360.77;1.86;2.64;0.00;0.00;-0.50;198;0;1;2;0.54;-0.18;-0.16;0.02;-0.01;0.08;0.11;-0.14;1.73;2.64;0.00;-0.00;-0.50;0.014
32603.095;5641;1.70;2.44;359.15;1.86;2.64;0.00;0.00;-0.50;198;0;1;2;0.46;-0.19;-0.17;-0.00;-0.01;-0.03;-0.05;-0.22;1.71;2.64;0.00;-0.00;-0.50;0.026
32603.195;5650;1.69;2.44;358.29;1.86;2.64;0.00;0.00;-0.50;198;0;1;2;0.41;-0.20;-0.19;0.01;-0.01;0.07;0.08;-0.10;1.70;2.64;0.00;-0.00;-0.50;0.032
32603.305;5659;1.67;2.44;357.52;1.86;2.64;0.00;0.00;-0.50;198;0;1;2;0.37;-0.22;-0.21;0.02;-0.01;0.02;0.02;-0.12;1.68;2.64;0.00;-0.00;-0.50;0.032
32603.395;5669;1.65;2.44;356.83;1.46;2.64;0.00;-0.00;0.50;94;0;1;0;0.33;-0.23;-0.24;0.01;-0.01;-0.04;-0.06;-0.14;1.65;2.64;0.00;-0.00;-0.50;0.018
32603.475;5679;1.63;2.44;356.51;1.46;2.64;0.00;-0.00;0.50;94;0;1;0;0.65;-0.20;-0.25;-0.00;-0.01;-0.04;-0.06;-0.10;1.63;2.64;0.00;0.00;0.50;0.013
32603.585;5688;1.61;2.44;355.64;1.46;2.64;0.00;-0.00;0.50;94;0;1;0;0.69;-0.16;-0.20;-0.01;-0.01;-0.00;-0.00;-0.28;1.61;2.64;0.00;0.00;0.50;0.022
32603.685;5698;1.59;2.45;354.21;1.46;2.64;0.00;-0.00;0.50;94;0;1;0;0.76;-0.13;-0.18;0.01;-0.01;-0.05;-0.06;-0.27;1.58;2.64;0.00;0.00;0.50;0.019
32603.785;5706;1.57;2.45;353.58;1.46;2.64;0.00;-0.00;0.50;94;0;1;0;0.79;-0.10;-0.14;-0.01;-0.01;-0.00;-0.00;-0.07;1.57;2.64;0.00;0.00;0.50;0.016
32603.895;5721;1.56;2.45;352.55;1.46;2.64;0.00;-0.00;0.50;94;0;1;0;0.79;-0.07;-0.11;0.00;-0.01;-0.03;-0.03;-0.11;1.56;2.64;0.00;0.00;0.50;0.033
32603.975;5729;1.55;2.45;352.32;1.46;2.64;0.00;-0.00;0.50;94;0;1;0;0.79;-0.05;-0.07;-0.01;-0.01;0.14;0.15;0.03;1.56;2.64;0.00;0.00;0.50;0.016
32604.085;5740;1.54;2.45;352.58;1.46;2.64;0.00;-0.00;0.50;94;0;1;0;0.79;-0.02;-0.05;0.02;-0.01;0.04;0.05;0.09;1.55;2.64;0.00;0.00;0.50;0.016
32604.195;5748;1.54;2.45;353.09;1.46;2.64;0.00;-0.00;0.50;94;0;1;0;0.79;0.01;-0.02;-0.00;-0.01;0.02;0.01;0.14;1.55;2.64;0.00;0.00;0.50;0.030
32604.285;5759;1.54;2.45;354.05;1.46;2.64;0.00;-0.00;0.50;94;0;1;0;0.75;0.03;0.00;-0.00;-0.00;-0.03;-0.03;0.17;1.55;2.64;0.00;0.00;0.50;0.022
32604.375;5767;1.54;2.45;354.96;1.46;2.64;0.00;-0.00;0.50;94;0;1;0;0.71;0.05;0.02;0.00;-0.00;0.02;0.03;0.25;1.55;2.64;0.00;0.00;0.50;0.015
32604.485;5781;1.55;2.45;356.34;1.46;2.64;0.00;-0.00;0.50;94;0;1;0;0.64;0.07;0.04;-0.01;-0.00;0.00;-0.00;0.13;1.55;2.64;0.00;0.00;0.50;0.020
32604.595;5791;1.55;2.45;357.21;1.46;2.64;0.00;-0.00;0.50;94;0;1;0;0.60;0.09;0.06;-0.01;-0.00;0.00;-0.01;0.13;1.55;2.64;0.00;0.00;0.50;0.032
32604.695;5799;1.56;2.45;357.68;1.46;2.64;0.00;-0.00;0.50;94;0;1;0;0.58;0.11;0.09;0.00;-0.00;-0.04;0.04;0.10;1.56;2.64;0.00;0.00;0.50;0.024
32604.785;5810;1.57;2.45;358.55;1.46;2.64;0.00;-0.00;0.50;94;0;1;0;0.54;0.13;0.11;0.00;-0.01;-0.02;0.03;0.11;1.57;2.64;0.00;0.00;0.50;0.023
