t;frame;x;y;z;x_ref;y_ref;z_ref;delta_ref;u_ref;state;ellipse;control;action;delta;u;vx;vy;vz;wx;wy;wz;xr;yr;zr;delr;ur;obs1x;obs1y;obs2x;obs2y
252.975;16;1.10;-0.30;-0.00;0.85;-0.35;-0.00;0.00;-0.50;403;1;1;2;-0.12;-0.04;0.00;0.00;-0.00;0.00;0.00;0.00;0.95;-0.35;0.00;0.00;-0.50;0.088;-0.97;0.34;-1000.00;-1000.00
253.015;20;1.10;-0.30;-0.00;0.85;-0.35;-0.00;0.00;-0.50;403;1;1;2;-0.12;-0.08;0.00;0.00;-0.00;0.00;0.00;0.00;0.95;-0.35;0.00;0.00;-0.50;0.027;-0.97;0.34;-1000.00;-1000.00
253.105;29;1.10;-0.30;0.11;0.85;-0.35;-0.00;0.00;-0.50;403;1;1;2;-0.12;-0.12;-0.08;0.00;-0.00;0.00;-0.01;0.03;0.95;-0.35;0.00;0.00;-0.50;0.022;-0.97;0.34;-1000.00;-1000.00
253.215;39;1.09;-0.30;0.27;0.85;-0.35;-0.00;0.00;-0.50;403;1;1;2;-0.11;-0.15;-0.12;0.00;-0.00;-0.01;-0.02;0.03;0.95;-0.35;0.00;0.00;-0.50;0.031;-0.97;0.34;-1000.00;-1000.00
253.305;48;1.08;-0.30;0.39;0.85;-0.35;-0.00;0.00;-0.50;403;1;1;2;-0.10;-0.18;-0.15;-0.00;0.00;0.00;0.01;0.04;0.95;-0.35;0.00;0.00;-0.50;0.022;-0.97;0.34;-1000.00;-1000.00
253.395;58;1.06;-0.30;0.57;0.85;-0.35;-0.00;0.00;-0.50;403;1;1;2;-0.09;-0.21;-0.18;0.00;0.00;0.00;-0.00;0.04;0.95;-0.35;0.00;0.00;-0.50;0.016;-0.97;0.34;-1000.00;-1000.00
253.505;69;1.04;-0.30;0.81;0.85;-0.35;-0.00;0.00;-0.50;403;1;1;2;-0.08;-0.23;-0.21;0.00;0.00;0.00;-0.00;0.03;0.95;-0.35;0.00;0.00;-0.50;0.018;-0.97;0.34;-1000.00;-1000.00
253.605;77;1.02;-0.30;0.94;0.85;-0.35;-0.00;0.00;-0.50;403;1;1;2;-0.07;-0.26;-0.23;-0.00;0.00;0.00;-0.00;0.02;0.95;-0.35;0.00;0.00;-0.50;0.022;-0.97;0.34;-1000.00;-1000.00
253.715;92;0.98;-0.30;1.10;0.76;-0.35;-0.00;0.00;-0.50;403;2;1;2;-0.06;-0.27;-0.26;0.00;0.00;0.00;-0.00;0.02;0.95;-0.35;0.00;0.00;-0.50;0.030;-0.97;0.34;-1000.00;-1000.00
253.795;97;0.97;-0.30;1.13;0.76;-0.35;-0.00;0.00;-0.50;403;2;1;2;-0.06;-0.28;-0.27;-0.00;-0.00;0.00;-0.00;0.01;0.95;-0.35;0.00;0.00;-0.50;0.011;-0.97;0.34;-1000.00;-1000.00
253.895;108;0.94;-0.30;1.19;0.76;-0.35;-0.00;0.00;-0.50;403;2;1;2;-0.06;-0.29;-0.28;0.00;-0.00;0.00;-0.00;0.01;0.94;-0.35;-0.00;0.00;-0.50;0.015;-0.97;0.34;-1000.00;-1000.00
254.045;123;0.90;-0.30;1.24;0.65;-0.35;0.00;-0.00;0.37;217;0;1;7;-0.05;-0.30;-0.30;-0.00;-0.00;0.00;0.00;0.00;0.91;-0.35;-0.00;0.00;-0.50;0.043;-0.97;0.34;-1000.00;-1000.00
254.115;127;0.88;-0.30;1.24;1.03;-0.30;24.90;0.79;0.50;217;1;1;7;0.76;-0.27;-0.30;-0.00;-0.00;0.00;-0.00;0.00;0.89;-0.34;8.71;0.51;0.45;0.027;-0.97;0.34;-1000.00;-1000.00
254.215;142;0.84;-0.30;-3.01;1.03;-0.30;24.90;0.79;0.50;217;1;1;7;0.75;-0.23;-0.27;0.01;-0.00;0.00;0.02;-0.88;0.86;-0.34;6.37;0.44;0.44;0.031;-0.97;0.34;-1000.00;-1000.00
254.305;147;0.83;-0.30;-5.03;1.03;-0.30;24.90;0.79;0.50;217;1;1;7;0.73;-0.19;-0.24;0.01;-0.01;-0.03;0.07;-0.60;0.83;-0.35;4.46;0.38;0.43;0.020;-0.97;0.34;-1000.00;-1000.00
254.425;161;0.80;-0.30;-8.24;1.03;-0.30;24.90;0.79;0.50;217;1;1;7;0.76;-0.14;-0.18;0.04;-0.06;-0.14;-0.15;-0.36;0.81;-0.35;3.66;0.35;0.43;0.039;-0.97;0.34;-1000.00;-1000.00
254.505;167;0.79;-0.29;-9.20;1.03;-0.30;24.90;0.79;0.50;217;1;1;7;0.75;-0.11;-0.17;0.04;-0.01;-0.02;0.03;-0.17;0.79;-0.35;2.95;0.32;0.42;0.021;-0.97;0.34;-1000.00;-1000.00
254.615;181;0.77;-0.28;-10.12;1.03;-0.30;24.90;0.79;0.50;217;1;1;7;0.72;-0.07;-0.11;0.01;-0.01;-0.05;0.12;-0.03;0.78;-0.35;2.32;0.29;0.42;0.027;-0.97;0.34;-1000.00;-1000.00
254.725;191;0.77;-0.28;-10.14;1.03;-0.30;24.90;0.79;0.50;217;1;1;7;0.69;-0.04;-0.08;0.02;-0.01;-0.01;0.02;0.03;0.76;-0.35;1.79;0.25;0.41;0.038;-0.97;0.34;-1000.00;-1000.00
254.815;200;0.76;-0.28;-9.77;1.03;-0.30;24.90;0.79;0.50;217;1;1;7;0.66;-0.00;-0.04;-0.00;-0.01;-0.01;0.03;0.11;0.76;-0.35;1.79;0.25;0.41;0.032;-0.97;0.34;-1000.00;-1000.00
254.935;211;0.76;-0.28;-8.94;1.03;-0.30;24.90;0.79;0.50;217;1;1;7;0.62;0.02;0.00;-0.00;-0.01;0.02;-0.05;0.14;0.76;-0.35;1.79;0.25;0.41;0.049;-0.97;0.34;-1000.00;-1000.00
255.025;219;0.76;-0.28;-8.23;1.03;-0.30;24.90;0.79;0.50;217;1;1;7;0.60;0.05;0.02;0.00;-0.00;-0.00;0.03;0.22;0.76;-0.35;1.79;0.25;0.41;0.034;-0.97;0.34;-1000.00;-1000.00
255.115;230;0.76;-0.28;-6.98;1.03;-0.30;24.90;0.79;0.50;217;1;1;7;0.56;0.08;0.05;0.00;-0.00;-0.02;0.05;0.23;0.76;-0.35;1.79;0.25;0.41;0.028;-0.97;0.34;-1000.00;-1000.00
255.225;239;0.77;-0.28;-5.99;1.03;-0.30;24.90;0.79;0.50;217;1;1;7;0.54;0.10;0.08;0.00;0.00;0.01;0.02;0.17;0.76;-0.35;1.79;0.25;0.41;0.044;-0.97;0.34;-1000.00;-1000.00
255.305;250;0.78;-0.28;-4.95;1.03;-0.30;24.90;0.79;0.50;217;1;1;7;0.54;0.12;0.10;-0.00;0.00;-0.00;0.00;0.17;0.78;-0.35;2.32;0.29;0.42;0.022;-0.97;0.34;-1000.00;-1000.00
255.425;259;0.79;-0.28;-4.01;1.03;-0.30;24.90;0.79;0.50;217;1;1;7;0.54;0.14;0.12;-0.00;-0.00;-0.00;-0.00;0.18;0.79;-0.35;2.95;0.32;0.42;0.033;-0.97;0.34;-1000.00;-1000.00
255.515;269;0.80;-0.28;-3.02;1.03;-0.30;24.90;0.79;0.50;217;1;1;7;0.56;0.16;0.14;-0.00;-0.01;-0.00;0.00;0.18;0.81;-0.35;3.66;0.35;0.43;0.021;-0.97;0.34;-1000.00;-1000.00
255.615;279;0.82;-0.28;-1.96;1.03;-0.30;24.90;0.79;0.50;217;1;1;7;0.55;0.17;0.16;-0.00;-0.01;-0.00;0.00;0.19;0.81;-0.35;3.66;0.35;0.43;0.029;-0.97;0.34;-1000.00;-1000.00
255.725;288;0.83;-0.29;-1.02;1.03;-0.30;24.90;0.79;0.50;217;1;1;7;0.61;0.19;0.18;-0.00;-0.01;-0.01;0.00;0.19;0.84;-0.35;5.36;0.41;0.44;0.033;-0.97;0.34;-1000.00;-1000.00
255.835;303;0.86;-0.29;0.74;1.03;-0.30;24.90;0.79;0.50;217;1;1;7;0.64;0.21;0.19;0.01;-0.01;-0.07;0.09;0.21;0.86;-0.34;6.37;0.44;0.44;0.036;-0.97;0.34;-1000.00;-1000.00
255.905;308;0.87;-0.29;1.55;1.03;-0.30;24.90;0.79;0.50;217;1;1;7;0.67;0.23;0.19;-0.01;-0.01;0.05;-0.07;0.37;0.87;-0.34;7.48;0.48;0.45;0.024;-0.97;0.34;-1000.00;-1000.00
256.025;319;0.89;-0.29;3.49;1.03;-0.30;24.90;0.79;0.50;217;1;1;7;0.74;0.24;0.25;-0.05;-0.04;0.04;-0.32;0.54;0.91;-0.34;10.05;0.54;0.46;0.037;-0.97;0.34;-1000.00;-1000.00
256.135;333;0.92;-0.28;7.27;1.27;0.06;86.23;0.79;0.50;217;2;1;7;0.72;0.26;0.25;-0.00;-0.01;-0.07;0.09;0.45;0.92;-0.33;11.51;0.57;0.46;0.043;-0.97;0.34;-1000.00;-1000.00
256.215;339;0.94;-0.28;8.68;1.27;0.06;86.23;0.79;0.50;217;2;1;7;0.79;0.27;0.26;0.00;0.00;-0.18;0.19;0.38;0.95;-0.33;14.82;0.63;0.47;0.026;-0.97;0.34;-1000.00;-1000.00
256.295;347;0.96;-0.28;11.70;1.27;0.06;86.23;0.79;0.50;217;2;1;7;0.79;0.28;0.25;-0.04;-0.01;-0.02;0.04;0.71;0.97;-0.32;16.67;0.67;0.48;0.013;-0.97;0.34;-1000.00;-1000.00
256.415;362;1.00;-0.27;17.36;1.27;0.06;86.23;0.79;0.50;217;2;1;7;0.79;0.29;0.28;-0.06;-0.01;0.17;-0.12;0.71;1.00;-0.31;20.80;0.73;0.49;0.026;-0.97;0.34;-1000.00;-1000.00
256.515;372;1.03;-0.27;20.71;1.27;0.06;86.23;0.79;0.50;217;2;1;7;0.79;0.31;0.32;-0.01;-0.00;-0.17;0.11;0.44;1.04;-0.29;25.52;0.79;0.50;0.017;-0.97;0.34;-1000.00;-1000.00
256.595;377;1.04;-0.26;22.24;1.27;0.06;86.23;0.79;0.50;217;2;1;7;0.79;0.32;0.27;-0.02;-0.09;0.39;0.18;0.72;1.05;-0.29;28.00;0.79;0.50;0.010;-0.97;0.34;-1000.00;-1000.00
256.695;387;1.07;-0.25;25.96;1.27;0.06;86.23;0.79;0.50;217;2;1;7;0.79;0.33;0.32;-0.02;-0.01;0.04;-0.01;0.51;1.08;-0.27;32.96;0.79;0.50;0.012;-0.97;0.34;-1000.00;-1000.00
256.795;400;1.12;-0.23;30.44;1.27;0.06;86.23;0.79;0.50;217;2;1;7;0.79;0.35;0.33;-0.07;-0.01;0.08;-0.03;0.79;1.11;-0.25;37.91;0.79;0.50;0.012;-0.97;0.34;-1000.00;-1000.00
256.905;410;1.15;-0.22;34.31;1.27;0.06;86.23;0.79;0.50;217;2;1;7;0.79;0.37;0.38;-0.05;-0.01;-0.06;0.03;0.65;1.14;-0.22;42.87;0.79;0.50;0.015;-0.97;0.34;-1000.00;-1000.00
257.005;419;1.18;-0.20;38.33;1.27;0.06;86.23;0.79;0.50;217;2;1;7;0.79;0.38;0.39;-0.07;-0.01;0.09;-0.03;0.85;1.15;-0.21;45.35;0.79;0.50;0.025;-0.97;0.34;-1000.00;-1000.00
257.105;430;1.22;-0.18;43.31;1.27;0.06;86.23;0.79;0.50;217;2;1;7;0.79;0.40;0.42;-0.10;-0.01;0.06;0.01;0.98;1.19;-0.17;52.78;0.79;0.50;0.016;-0.97;0.34;-1000.00;-1000.00
257.205;438;1.25;-0.16;47.55;1.27;0.06;86.23;0.79;0.50;217;2;1;7;0.79;0.42;0.44;-0.12;-0.01;-0.07;-0.01;0.84;1.21;-0.14;57.73;0.79;0.50;0.011;-0.97;0.34;-1000.00;-1000.00
257.305;449;1.29;-0.13;53.95;1.27;0.06;86.23;0.79;0.50;217;2;1;7;0.79;0.43;0.46;-0.09;-0.01;-0.03;0.00;1.03;1.23;-0.11;62.69;0.79;0.50;0.017;-0.97;0.34;-1000.00;-1000.00
257.395;457;1.32;-0.11;59.61;1.27;0.06;86.23;0.79;0.50;217;2;1;7;0.79;0.44;0.45;-0.14;-0.01;0.05;0.01;1.29;1.24;-0.07;67.64;0.79;0.50;0.012;-0.97;0.34;-1000.00;-1000.00
257.505;468;1.35;-0.07;67.73;1.27;0.06;86.23;0.79;0.50;217;2;1;7;0.79;0.45;0.44;-0.10;-0.11;0.00;0.54;1.40;1.26;-0.04;72.60;0.79;0.50;0.020;-0.97;0.34;-1000.00;-1000.00
257.595;476;1.37;-0.03;74.38;1.09;0.44;144.20;0.73;0.50;217;3;1;7;0.79;0.46;0.47;-0.15;0.00;0.00;-0.02;1.77;1.27;-0.01;77.56;0.79;0.50;0.010;-0.97;0.34;-1000.00;-1000.00
257.695;490;1.40;0.03;87.88;1.09;0.44;144.20;0.73;0.50;217;3;1;7;0.63;0.47;0.47;-0.05;-0.06;-0.46;0.07;1.70;1.27;0.03;82.51;0.79;0.50;0.010;-0.97;0.34;-1000.00;-1000.00
257.795;496;1.41;0.06;93.13;1.09;0.44;144.20;0.73;0.50;217;3;1;7;0.45;0.47;0.47;-0.10;-0.01;0.05;0.03;1.30;1.27;0.07;87.47;0.78;0.50;0.011;-0.97;0.34;-1000.00;-1000.00
257.895;509;1.41;0.12;100.03;1.09;0.44;144.20;0.73;0.50;217;3;1;7;0.49;0.48;0.47;-0.04;-0.01;0.11;0.11;0.66;1.27;0.12;94.83;0.78;0.50;0.006;-0.97;0.34;-1000.00;-1000.00
257.995;519;1.40;0.17;103.54;1.09;0.44;144.20;0.73;0.50;217;3;1;7;0.54;0.48;0.48;0.01;-0.00;-0.13;-0.13;0.56;1.27;0.14;97.26;0.78;0.50;0.012;-0.97;0.34;-1000.00;-1000.00
258.095;529;1.39;0.21;107.25;1.09;0.44;144.20;0.73;0.50;217;3;1;7;0.67;0.49;0.47;-0.06;-0.01;0.12;0.16;0.76;1.26;0.19;104.50;0.77;0.50;0.010;-0.97;0.34;-1000.00;-1000.00
258.195;539;1.38;0.26;111.65;1.09;0.44;144.20;0.73;0.50;217;3;1;7;0.73;0.49;0.52;-0.04;-0.01;-0.12;-0.19;0.72;1.25;0.23;109.26;0.76;0.50;0.006;-0.97;0.34;-1000.00;-1000.00
258.285;549;1.36;0.31;117.80;1.09;0.44;144.20;0.73;0.50;217;3;1;7;0.72;0.49;0.53;-0.12;-0.01;0.12;0.24;1.18;1.24;0.26;113.98;0.76;0.50;0.006;-0.97;0.34;-1000.00;-1000.00
258.395;559;1.34;0.36;124.43;1.09;0.44;144.20;0.73;0.50;217;3;1;7;0.69;0.49;0.52;-0.11;-0.01;0.06;0.13;1.31;1.22;0.29;118.66;0.75;0.50;0.007;-0.97;0.34;-1000.00;-1000.00
258.495;569;1.32;0.41;130.46;1.09;0.44;144.20;0.73;0.50;217;3;1;7;0.68;0.48;0.55;-0.12;-0.01;-0.01;-0.08;0.92;1.20;0.32;123.30;0.75;0.50;0.007;-0.97;0.34;-1000.00;-1000.00
258.595;578;1.29;0.46;135.56;1.09;0.44;144.20;0.73;0.50;217;3;1;7;0.75;0.48;0.53;-0.16;-0.01;-0.00;0.02;1.03;1.17;0.37;130.18;0.74;0.50;0.006;-0.97;0.34;-1000.00;-1000.00
258.695;589;1.26;0.51;143.08;1.09;0.44;144.20;0.73;0.50;217;3;1;7;0.70;0.47;0.52;-0.19;-0.01;-0.03;0.07;1.27;1.15;0.39;134.71;0.74;0.50;0.012;-0.97;0.34;-1000.00;-1000.00
258.795;597;1.24;0.54;148.51;1.09;0.44;144.20;0.73;0.50;217;3;1;7;0.69;0.46;0.51;-0.20;-0.00;-0.02;0.04;1.29;1.12;0.42;139.20;0.73;0.50;0.006;-0.97;0.34;-1000.00;-1000.00
258.895;607;1.20;0.58;155.44;1.09;0.44;144.20;0.73;0.50;217;3;1;7;0.63;0.44;0.46;-0.14;-0.10;-0.52;0.16;1.22;1.09;0.44;143.65;0.73;0.50;0.013;-0.97;0.34;-1000.00;-1000.00
258.995;616;1.16;0.61;161.37;1.09;0.44;144.20;0.73;0.50;217;3;1;7;0.56;0.43;0.46;-0.13;-0.01;-0.02;0.07;1.18;1.06;0.46;147.96;0.70;0.50;0.010;-0.97;0.34;-1000.00;-1000.00
259.085;627;1.12;0.63;166.86;1.09;0.44;144.20;0.73;0.50;217;3;1;7;0.49;0.41;0.45;-0.10;-0.01;-0.04;0.08;0.85;1.03;0.48;151.99;0.66;0.50;0.005;-0.97;0.34;-1000.00;-1000.00
259.195;639;1.07;0.65;170.91;1.09;0.44;144.20;0.73;0.50;217;3;1;7;0.42;0.38;0.41;-0.05;-0.01;-0.02;0.04;0.52;1.01;0.49;153.90;0.65;0.50;0.018;-0.97;0.34;-1000.00;-1000.00
259.285;649;1.03;0.66;172.95;1.09;0.44;144.20;0.73;0.50;217;3;1;7;0.46;0.37;0.40;-0.05;-0.04;0.01;0.28;0.49;0.96;0.51;159.23;0.59;0.50;0.006;-0.97;0.34;-1000.00;-1000.00
259.395;658;1.00;0.66;174.98;1.09;0.44;144.20;0.73;0.50;217;3;1;7;0.43;0.35;0.37;0.00;-0.01;0.02;-0.03;0.35;0.95;0.52;160.88;0.58;0.50;0.014;-0.97;0.34;-1000.00;-1000.00
259.495;669;0.96;0.67;177.10;1.09;0.44;144.20;0.73;0.50;217;3;1;7;0.41;0.34;0.34;-0.02;-0.01;-0.06;0.10;0.37;0.91;0.53;163.98;0.54;0.50;0.009;-0.97;0.34;-1000.00;-1000.00
259.595;677;0.93;0.67;178.34;1.09;0.44;144.20;0.73;0.50;217;3;1;7;0.40;0.32;0.34;0.00;-0.01;0.08;-0.12;0.22;0.90;0.53;165.44;0.52;0.50;0.006;-0.97;0.34;-1000.00;-1000.00
259.695;686;0.90;0.67;179.93;1.09;0.44;144.20;0.73;0.50;217;3;1;7;0.37;0.31;0.32;-0.01;-0.01;-0.01;0.02;0.28;0.88;0.54;166.84;0.51;0.50;0.010;-0.97;0.34;-1000.00;-1000.00
259.795;700;0.86;0.67;181.78;1.09;0.44;144.20;0.73;0.50;217;3;1;7;0.36;0.29;0.30;-0.03;-0.01;0.03;-0.04;0.18;0.84;0.54;169.47;0.47;0.50;0.012;-0.97;0.34;-1000.00;-1000.00
259.945;715;0.81;0.67;182.97;0.65;0.55;180.00;0.00;0.50;489;0;1;1;0.36;0.28;0.29;0.00;-0.01;0.07;-0.08;0.06;0.81;0.55;171.87;0.44;0.50;0.035;-0.97;0.34;-1000.00;-1000.00
260.005;719;0.80;0.67;183.32;0.65;0.55;180.00;0.00;0.50;489;0;1;1;0.13;0.31;0.29;-0.03;-0.01;-0.10;0.13;0.20;0.65;0.55;180.00;0.00;0.50;0.026;-0.97;0.34;-1000.00;-1000.00
260.115;728;0.78;0.67;183.38;0.65;0.55;180.00;0.00;0.50;489;0;1;1;0.13;0.34;0.31;-0.01;-0.01;0.06;-0.07;-0.15;0.65;0.55;180.00;0.00;0.50;0.028;-0.97;0.34;-1000.00;-1000.00
260.205;738;0.75;0.67;182.75;0.65;0.55;180.00;0.00;0.50;489;0;1;1;0.16;0.35;0.33;0.00;-0.01;-0.05;0.06;-0.06;0.65;0.55;180.00;0.00;0.50;0.024;-0.97;0.34;-1000.00;-1000.00
260.345;753;0.69;0.67;182.56;0.65;0.55;180.00;0.00;0.50;489;0;1;1;0.16;0.37;0.34;-0.01;-0.01;-0.03;0.04;0.04;0.65;0.55;180.00;0.00;0.50;0.054;-0.97;0.34;-1000.00;-1000.00
260.445;763;0.66;0.67;182.66;0.65;0.55;180.00;0.00;0.50;489;0;1;1;0.16;0.37;0.35;-0.00;-0.01;-0.02;0.02;0.04;0.65;0.55;180.00;0.00;0.50;0.048;-0.97;0.34;-1000.00;-1000.00
260.515;769;0.64;0.67;182.73;0.55;0.55;180.00;0.00;0.50;489;1;1;1;0.15;0.38;0.36;-0.00;-0.01;-0.02;0.01;0.03;0.64;0.55;180.00;0.00;0.50;0.026;-0.97;0.34;-1000.00;-1000.00
260.595;777;0.61;0.67;182.79;0.55;0.55;180.00;0.00;0.50;489;1;1;1;0.14;0.39;0.36;-0.00;-0.01;-0.02;0.01;0.03;0.61;0.55;180.00;0.00;0.50;0.016;-0.97;0.34;-1000.00;-1000.00
260.735;790;0.56;0.66;182.86;0.35;0.55;180.00;0.00;0.50;509;0;1;1;0.14;0.39;0.37;-0.00;-0.01;-0.02;0.01;0.02;0.58;0.55;180.00;0.00;0.50;0.024;-0.97;0.34;-1000.00;-1000.00
260.815;801;0.52;0.66;182.87;0.35;0.55;180.00;0.00;0.50;509;0;1;1;0.13;0.41;0.37;-0.00;-0.01;-0.02;0.01;0.01;0.35;0.55;180.00;0.00;0.50;0.025;-0.97;0.34;-1000.00;-1000.00
260.935;810;0.48;0.66;182.76;0.35;0.55;180.00;0.00;0.50;509;0;1;1;0.13;0.43;0.41;0.00;-0.01;0.06;-0.07;-0.04;0.35;0.55;180.00;0.00;0.50;0.047;-0.97;0.34;-1000.00;-1000.00
261.025;820;0.44;0.66;182.87;0.35;0.55;180.00;0.00;0.50;509;0;1;1;0.12;0.45;0.42;-0.01;-0.01;0.00;-0.01;-0.01;0.35;0.55;180.00;0.00;0.50;0.037;-0.97;0.34;-1000.00;-1000.00
261.125;829;0.40;0.66;182.95;0.25;0.55;180.00;0.00;0.50;509;1;1;1;0.12;0.46;0.43;-0.01;-0.01;-0.03;0.03;0.04;0.35;0.55;180.00;0.00;0.50;0.035;-0.97;0.34;-1000.00;-1000.00
261.195;839;0.36;0.66;183.01;0.25;0.55;180.00;0.00;0.50;509;1;1;1;0.11;0.46;0.44;-0.00;-0.01;-0.02;0.01;0.02;0.35;0.55;180.00;0.00;0.50;0.010;-0.97;0.34;-1000.00;-1000.00
261.305;848;0.32;0.65;183.02;0.25;0.55;180.00;0.00;0.50;509;1;1;1;0.11;0.46;0.45;-0.00;-0.01;-0.02;0.01;0.01;0.32;0.55;180.00;0.00;0.50;0.024;-0.97;0.34;-1000.00;-1000.00
261.425;862;0.26;0.65;183.01;0.16;0.55;180.00;0.00;0.50;920;2;0;9;0.10;0.46;0.45;-0.00;-0.01;-0.02;0.02;0.01;0.28;0.55;180.00;0.00;0.50;0.025;-0.97;0.34;-1000.00;-1000.00
261.495;866;0.24;0.65;182.99;0.16;0.55;180.00;0.00;0.50;920;2;0;9;0.10;0.46;0.45;-0.00;-0.01;-0.02;0.02;0.00;0.05;0.55;180.00;0.00;0.50;0.008;-0.97;0.34;-1000.00;-1000.00
261.595;877;0.20;0.65;182.30;0.16;0.55;180.00;0.00;0.50;920;2;0;9;0.10;0.46;0.15;-0.04;-0.06;0.29;0.10;-0.36;0.05;0.55;180.00;0.00;0.50;0.016;-0.96;0.34;-1000.00;-1000.00
261.695;890;0.20;0.65;181.53;0.16;0.55;180.00;0.00;0.50;920;2;0;9;0.10;0.46;-0.01;0.00;0.00;0.01;-0.01;-0.03;0.05;0.55;180.00;0.00;0.50;0.008;-0.96;0.34;-1000.00;-1000.00
261.805;900;0.20;0.65;181.41;0.16;0.55;180.00;0.00;0.50;920;2;0;9;0.10;0.46;0.00;0.00;0.00;0.00;-0.00;-0.01;0.05;0.55;180.00;0.00;0.50;0.015;-0.96;0.34;-1000.00;-1000.00
261.895;909;0.20;0.65;181.36;0.16;0.55;180.00;0.00;0.50;920;2;0;9;0.10;0.46;0.00;-0.00;-0.00;-0.00;-0.00;-0.01;0.05;0.55;180.00;0.00;0.50;0.012;-0.96;0.34;-1000.00;-1000.00
261.995;919;0.20;0.65;181.30;0.16;0.55;180.00;0.00;0.50;920;2;0;9;0.10;0.46;0.00;-0.00;-0.00;-0.00;-0.00;-0.01;0.05;0.55;180.00;0.00;0.50;0.014;-0.96;0.34;-1000.00;-1000.00
262.095;928;0.20;0.65;181.27;0.16;0.55;180.00;0.00;0.50;920;2;0;9;0.10;0.46;0.00;0.00;-0.00;-0.00;-0.00;-0.00;0.05;0.55;180.00;0.00;0.50;0.006;-0.96;0.34;-1000.00;-1000.00
262.185;938;0.20;0.65;181.25;0.16;0.55;180.00;0.00;0.50;920;2;0;9;0.10;0.46;0.00;0.00;-0.00;-0.00;-0.00;-0.00;0.05;0.55;180.00;0.00;0.50;0.005;-0.96;0.34;-1000.00;-1000.00
262.305;946;0.20;0.65;181.24;0.16;0.55;180.00;0.00;0.50;920;2;0;9;0.10;0.46;0.00;0.00;-0.00;-0.00;-0.00;-0.00;0.05;0.55;180.00;0.00;0.50;0.013;-0.96;0.34;-1000.00;-1000.00
262.395;957;0.20;0.65;181.23;0.16;0.55;180.00;0.00;0.50;920;2;0;9;0.10;0.46;0.00;0.00;-0.00;-0.00;-0.00;-0.00;0.05;0.55;180.00;0.00;0.50;0.006;-0.96;0.34;-1000.00;-1000.00
262.495;969;0.20;0.65;181.22;0.16;0.55;180.00;0.00;0.50;920;2;0;9;0.10;0.46;0.00;0.00;-0.00;0.00;-0.00;-0.00;0.05;0.55;180.00;0.00;0.50;0.009;-0.96;0.34;-1000.00;-1000.00
262.595;979;0.20;0.65;181.22;0.16;0.55;180.00;0.00;0.50;920;2;0;9;0.10;0.46;0.00;0.00;-0.00;0.00;-0.00;-0.00;0.05;0.55;180.00;0.00;0.50;0.009;-0.96;0.34;-1000.00;-1000.00
262.705;989;0.20;0.65;181.22;0.16;0.55;180.00;0.00;0.50;920;2;0;9;0.10;0.46;0.00;0.00;-0.00;0.00;-0.00;-0.00;0.05;0.55;180.00;0.00;0.50;0.010;-0.96;0.34;-1000.00;-1000.00
262.815;1000;0.20;0.65;181.22;0.35;0.55;180.00;-0.00;0.50;509;0;1;0;0.10;0.46;0.00;0.00;-0.00;0.00;-0.00;-0.00;0.05;0.55;180.00;0.00;0.50;0.014;-0.96;0.34;-1000.00;-1000.00
262.925;1012;0.20;0.65;181.21;0.11;0.55;180.00;-0.00;0.50;509;1;0;0;0.10;0.46;0.00;0.00;-0.00;0.00;-0.00;-0.00;0.21;0.55;180.00;-0.00;0.50;0.034;-0.96;0.34;-1000.00;-1000.00
262.995;1017;0.20;0.65;181.21;0.11;0.55;180.00;-0.00;0.50;509;1;0;0;0.10;0.46;0.00;0.00;-0.00;0.00;-0.00;-0.00;0.21;0.55;180.00;-0.00;0.50;0.011;-0.96;0.34;-1000.00;-1000.00
263.095;1026;0.20;0.65;181.21;0.11;0.55;180.00;-0.00;0.50;509;1;0;0;0.10;0.46;0.00;0.00;-0.00;0.00;-0.00;-0.00;0.21;0.55;180.00;-0.00;0.50;0.014;-0.96;0.34;-1000.00;-1000.00
263.205;1041;0.20;0.65;181.21;0.11;0.55;180.00;-0.00;0.50;509;1;0;0;0.10;0.46;0.00;0.00;-0.00;0.00;-0.00;-0.00;0.21;0.55;180.00;-0.00;0.50;0.018;-0.96;0.34;-1000.00;-1000.00
263.295;1046;0.20;0.65;181.21;0.11;0.55;180.00;-0.00;0.50;509;1;0;0;0.10;0.46;0.00;0.00;-0.00;0.00;-0.00;-0.00;0.21;0.55;180.00;-0.00;0.50;0.013;-0.96;0.34;-1000.00;-1000.00
263.405;1060;0.20;0.65;181.21;0.11;0.55;180.00;-0.00;0.50;509;1;0;0;0.10;0.46;0.00;0.00;-0.00;0.00;-0.00;-0.00;0.21;0.55;180.00;-0.00;0.50;0.018;-0.96;0.34;-1000.00;-1000.00
263.505;1069;0.20;0.65;181.21;0.11;0.55;180.00;-0.00;0.50;509;1;0;0;0.10;0.46;0.00;0.00;-0.00;0.00;-0.00;0.00;0.21;0.55;180.00;-0.00;0.50;0.013;-0.96;0.34;-1000.00;-1000.00
263.605;1080;0.20;0.65;181.21;0.11;0.55;180.00;-0.00;0.50;509;1;0;0;0.10;0.46;0.00;0.00;-0.00;0.00;-0.00;0.00;0.21;0.55;180.00;-0.00;0.50;0.014;-0.96;0.34;-1000.00;-1000.00
263.695;1088;0.20;0.65;181.21;0.11;0.55;180.00;-0.00;0.50;509;1;0;0;0.10;0.46;0.00;0.00;-0.00;0.00;-0.00;0.00;0.21;0.55;180.00;-0.00;0.50;0.010;-0.96;0.34;-1000.00;-1000.00
263.805;1101;0.20;0.65;181.21;0.11;0.55;180.00;-0.00;0.50;509;1;0;0;0.10;0.46;0.00;0.00;-0.00;0.00;-0.00;0.00;0.21;0.55;180.00;-0.00;0.50;0.018;-0.96;0.34;-1000.00;-1000.00
263.895;1107;0.20;0.65;181.21;0.11;0.55;180.00;-0.00;0.50;509;1;0;0;0.10;0.46;0.00;0.00;-0.00;0.00;-0.00;0.00;0.21;0.55;180.00;-0.00;0.50;0.010;-0.96;0.34;-1000.00;-1000.00
264.005;1120;0.20;0.65;181.21;0.11;0.55;180.00;-0.00;0.50;509;1;0;0;0.10;0.46;0.00;0.00;-0.00;0.00;-0.00;0.00;0.21;0.55;180.00;-0.00;0.50;0.021;-0.96;0.34;-1000.00;-1000.00
264.095;1130;0.20;0.65;181.21;0.11;0.55;180.00;-0.00;0.50;509;1;0;0;0.10;0.46;0.00;0.00;-0.00;0.00;-0.00;0.00;0.21;0.55;180.00;-0.00;0.50;0.010;-0.96;0.34;-1000.00;-1000.00
264.205;1139;0.20;0.65;181.21;0.11;0.55;180.00;-0.00;0.50;509;1;0;0;0.10;0.46;0.00;0.00;-0.00;0.00;-0.00;0.00;0.21;0.55;180.00;-0.00;0.50;0.016;-0.96;0.34;-1000.00;-1000.00
264.315;1149;0.20;0.65;181.21;0.11;0.55;180.00;-0.00;0.50;509;1;0;0;0.10;0.46;0.00;0.00;-0.00;0.00;-0.00;0.00;0.21;0.55;180.00;-0.00;0.50;0.029;-0.96;0.34;-1000.00;-1000.00
264.395;1160;0.20;0.65;181.21;0.11;0.55;180.00;-0.00;0.50;509;1;0;0;0.10;0.46;0.00;0.00;-0.00;0.00;-0.00;0.00;0.19;0.55;180.00;-0.00;0.50;0.012;-0.96;0.34;-1000.00;-1000.00
264.495;1168;0.20;0.65;181.21;0.11;0.55;180.00;-0.00;0.50;509;1;0;0;0.10;0.46;0.00;0.00;-0.00;0.00;-0.00;0.00;0.19;0.55;180.00;-0.00;0.50;0.011;-0.96;0.34;-1000.00;-1000.00
264.595;1177;0.20;0.65;181.21;0.11;0.55;180.00;-0.00;0.50;509;1;0;0;0.10;0.46;0.00;0.00;-0.00;0.00;-0.00;0.00;0.19;0.55;180.00;-0.00;0.50;0.009;-0.96;0.34;-1000.00;-1000.00
264.695;1188;0.20;0.65;181.21;0.11;0.55;180.00;-0.00;0.50;509;1;0;0;0.10;0.46;0.00;0.00;-0.00;0.00;-0.00;0.00;0.19;0.55;180.00;-0.00;0.50;0.011;-0.96;0.34;-1000.00;-1000.00
264.795;1196;0.20;0.65;181.21;0.11;0.55;180.00;-0.00;0.50;509;1;0;0;0.10;0.46;0.00;0.00;-0.00;0.00;-0.00;0.00;0.19;0.55;180.00;-0.00;0.50;0.010;-0.96;0.34;-1000.00;-1000.00
264.915;1211;0.20;0.65;181.21;0.05;0.55;180.00;-0.00;0.50;920;0;1;0;0.10;0.46;0.00;0.00;-0.00;0.00;-0.00;0.00;0.19;0.55;180.00;-0.00;0.50;0.007;-0.96;0.34;-1000.00;-1000.00
265.005;1220;0.20;0.65;181.21;0.05;0.55;180.00;-0.00;0.50;920;0;0;0;0.10;0.46;0.00;0.00;-0.00;0.00;-0.00;0.00;0.05;0.55;180.00;-0.00;0.50;0.018;-0.96;0.34;-1000.00;-1000.00
265.105;1230;0.20;0.65;181.21;0.05;0.55;180.00;-0.00;0.50;920;0;0;0;0.10;0.46;0.00;0.00;-0.00;0.00;-0.00;0.00;0.05;0.55;180.00;-0.00;0.50;0.018;-0.96;0.34;-1000.00;-1000.00
265.205;1239;0.20;0.65;181.21;0.05;0.55;180.00;-0.00;0.50;920;0;0;0;0.10;0.46;0.00;0.00;-0.00;0.00;-0.00;0.00;0.05;0.55;180.00;-0.00;0.50;0.019;-0.96;0.34;-1000.00;-1000.00
265.295;1249;0.20;0.65;181.21;0.05;0.55;180.00;-0.00;0.50;920;0;0;0;0.10;0.46;0.00;0.00;-0.00;0.00;-0.00;0.00;0.05;0.55;180.00;-0.00;0.50;0.007;-0.96;0.34;-1000.00;-1000.00
265.395;1257;0.20;0.65;181.21;0.05;0.55;180.00;-0.00;0.50;920;0;0;0;0.10;0.46;0.00;0.00;-0.00;0.00;-0.00;0.00;0.05;0.55;180.00;-0.00;0.50;0.010;-0.96;0.34;-1000.00;-1000.00
265.505;1268;0.20;0.65;181.21;0.05;0.55;180.00;-0.00;0.50;920;0;0;0;0.10;0.46;0.00;0.00;-0.00;0.00;-0.00;0.00;0.05;0.55;180.00;-0.00;0.50;0.022;-0.96;0.34;-1000.00;-1000.00
265.615;1281;0.20;0.65;181.21;0.05;0.55;180.00;-0.00;0.50;920;0;0;0;0.10;0.46;0.00;0.00;-0.00;0.00;-0.00;0.00;0.05;0.55;180.00;-0.00;0.50;0.024;-0.96;0.34;-1000.00;-1000.00
265.695;1287;0.20;0.65;181.21;0.05;0.55;180.00;-0.00;0.50;920;0;0;0;0.10;0.46;0.00;0.00;-0.00;0.00;-0.00;0.00;0.05;0.55;180.00;-0.00;0.50;0.007;-0.96;0.34;-1000.00;-1000.00
265.815;1301;0.20;0.65;181.22;0.05;0.55;180.00;-0.00;0.50;920;0;0;0;0.10;0.46;0.00;0.00;-0.00;0.00;-0.00;0.00;0.05;0.55;180.00;-0.00;0.50;0.029;-0.96;0.34;-1000.00;-1000.00
265.905;1309;0.20;0.65;181.22;0.05;0.55;180.00;-0.00;0.50;920;0;0;0;0.10;0.46;0.00;0.00;-0.00;0.00;-0.00;0.00;0.05;0.55;180.00;-0.00;0.50;0.023;-0.96;0.34;-1000.00;-1000.00
265.995;1319;0.20;0.65;181.22;0.05;0.55;180.00;-0.00;0.50;920;0;0;0;0.10;0.46;0.00;0.00;-0.00;0.00;-0.00;0.00;0.05;0.55;180.00;-0.00;0.50;0.013;-0.96;0.33;-1000.00;-1000.00
266.095;1330;0.20;0.65;181.22;0.05;0.55;180.00;-0.00;0.50;920;0;0;0;0.10;0.46;0.00;0.00;-0.00;0.00;-0.00;0.00;0.05;0.55;180.00;-0.00;0.50;0.013;-0.96;0.33;-1000.00;-1000.00
266.215;1338;0.20;0.65;181.22;0.05;0.55;180.00;-0.00;0.50;920;0;0;0;0.10;0.46;0.00;0.00;-0.00;0.00;-0.00;0.00;0.05;0.55;180.00;-0.00;0.50;0.027;-0.96;0.33;-1000.00;-1000.00
266.285;1347;0.20;0.65;181.22;0.05;0.55;180.00;-0.00;0.50;920;0;0;0;0.10;0.46;0.00;0.00;-0.00;0.00;-0.00;0.00;0.05;0.55;180.00;-0.00;0.50;0.007;-0.96;0.34;-1000.00;-1000.00
266.385;1357;0.20;0.65;181.22;0.05;0.55;180.00;-0.00;0.50;920;0;0;0;0.10;0.46;0.00;0.00;-0.00;0.00;-0.00;0.00;0.05;0.55;180.00;-0.00;0.50;0.008;-0.96;0.33;-1000.00;-1000.00
266.495;1368;0.20;0.65;181.22;0.05;0.55;180.00;-0.00;0.50;920;0;0;0;0.10;0.46;0.00;0.00;-0.00;0.00;-0.00;0.00;0.05;0.55;180.00;-0.00;0.50;0.017;-0.96;0.33;-1000.00;-1000.00
266.605;1376;0.20;0.65;181.22;0.05;0.55;180.00;-0.00;0.50;920;0;0;0;0.10;0.46;0.00;0.00;-0.00;0.00;-0.00;0.00;0.05;0.55;180.00;-0.00;0.50;0.012;-0.96;0.33;-1000.00;-1000.00
266.695;1387;0.20;0.65;181.22;0.05;0.55;180.00;-0.00;0.50;920;0;0;0;0.10;0.46;0.00;0.00;-0.00;0.00;-0.00;0.00;0.05;0.55;180.00;-0.00;0.50;0.009;-0.96;0.33;-1000.00;-1000.00
266.805;1400;0.20;0.65;181.22;0.05;0.55;180.00;-0.00;0.50;920;0;1;0;0.10;0.46;0.00;0.00;-0.00;0.00;-0.00;0.00;0.05;0.55;180.00;-0.00;0.50;0.009;-0.96;0.33;-1000.00;-1000.00
266.905;1410;0.20;0.65;181.22;0.05;0.55;180.00;-0.00;0.50;920;0;1;0;0.10;0.46;0.00;0.00;-0.00;0.00;-0.00;0.00;0.05;0.55;180.00;-0.00;0.50;0.013;-0.96;0.33;-1000.00;-1000.00
266.995;1419;0.20;0.65;181.22;0.05;0.55;180.00;-0.00;0.50;920;0;0;0;0.10;0.46;0.00;0.00;-0.00;0.00;-0.00;0.00;0.05;0.55;180.00;-0.00;0.50;0.009;-0.96;0.33;-1000.00;-1000.00
267.095;1429;0.20;0.65;181.22;0.05;0.55;180.00;-0.00;0.50;920;0;0;0;0.10;0.46;0.00;0.00;-0.00;0.00;-0.00;0.00;0.05;0.55;180.00;-0.00;0.50;0.017;-0.96;0.33;-1000.00;-1000.00
267.195;1438;0.20;0.65;181.22;0.05;0.55;180.00;-0.00;0.50;920;0;0;0;0.10;0.46;0.00;0.00;-0.00;0.00;-0.00;0.00;0.05;0.55;180.00;-0.00;0.50;0.011;-0.96;0.33;-1000.00;-1000.00
267.295;1448;0.20;0.65;181.22;0.05;0.55;180.00;-0.00;0.50;920;0;0;0;0.10;0.46;0.00;0.00;-0.00;0.00;-0.00;0.00;0.05;0.55;180.00;-0.00;0.50;0.011;-0.96;0.33;-1000.00;-1000.00
267.395;1459;0.20;0.65;181.22;0.05;0.55;180.00;-0.00;0.50;920;0;0;0;0.10;0.46;0.00;0.00;-0.00;0.00;-0.00;0.00;0.05;0.55;180.00;-0.00;0.50;0.009;-0.96;0.33;-1000.00;-1000.00
267.495;1467;0.20;0.65;181.22;0.05;0.55;180.00;-0.00;0.50;920;0;0;0;0.10;0.46;0.00;0.00;-0.00;0.00;-0.00;0.00;0.05;0.55;180.00;-0.00;0.50;0.009;-0.96;0.33;-1000.00;-1000.00
267.595;1476;0.20;0.65;181.22;0.05;0.55;180.00;-0.00;0.50;920;0;0;0;0.10;0.46;0.00;0.00;-0.00;0.00;-0.00;0.00;0.05;0.55;180.00;-0.00;0.50;0.011;-0.96;0.33;-1000.00;-1000.00
267.705;1490;0.20;0.65;181.22;0.05;0.55;180.00;-0.00;0.50;920;0;0;0;0.10;0.46;0.00;0.00;-0.00;0.00;-0.00;0.00;0.05;0.55;180.00;-0.00;0.50;0.020;-0.96;0.33;-1000.00;-1000.00
267.795;1499;0.20;0.65;181.22;0.05;0.55;180.00;-0.00;0.50;920;0;0;0;0.10;0.46;0.00;0.00;-0.00;0.00;-0.00;0.00;0.05;0.55;180.00;-0.00;0.50;0.019;-0.96;0.33;-1000.00;-1000.00
267.895;1509;0.20;0.65;181.22;0.05;0.55;180.00;-0.00;0.50;920;0;0;0;0.10;0.46;0.00;0.00;-0.00;0.00;-0.00;0.00;0.05;0.55;180.00;-0.00;0.50;0.008;-0.96;0.33;-1000.00;-1000.00
267.985;1517;0.20;0.65;181.22;0.05;0.55;180.00;-0.00;0.50;920;0;0;0;0.10;0.46;0.00;0.00;-0.00;0.00;-0.00;0.00;0.05;0.55;180.00;-0.00;0.50;0.010;-0.96;0.33;-1000.00;-1000.00
268.095;1528;0.20;0.65;181.22;0.05;0.55;180.00;-0.00;0.50;920;0;0;0;0.10;0.46;0.00;0.00;-0.00;0.00;-0.00;0.00;0.05;0.55;180.00;-0.00;0.50;0.018;-0.96;0.33;-1000.00;-1000.00
268.205;1540;0.20;0.65;181.22;0.05;0.55;180.00;-0.00;0.50;920;0;0;0;0.10;0.46;0.00;0.00;-0.00;0.00;-0.00;0.00;0.05;0.55;180.00;-0.00;0.50;0.016;-0.96;0.33;-1000.00;-1000.00
268.295;1546;0.20;0.65;181.22;0.05;0.55;180.00;-0.00;0.50;920;0;0;0;0.10;0.46;0.00;0.00;-0.00;0.00;-0.00;0.00;0.05;0.55;180.00;-0.00;0.50;0.014;-0.96;0.33;-1000.00;-1000.00
268.395;1557;0.20;0.65;181.22;0.05;0.55;180.00;-0.00;0.50;920;0;0;0;0.10;0.46;0.00;0.00;-0.00;0.00;-0.00;0.00;0.05;0.55;180.00;-0.00;0.50;0.010;-0.96;0.33;-1000.00;-1000.00
268.505;1571;0.19;0.65;181.22;0.05;0.55;180.00;-0.00;0.50;920;0;0;0;0.10;0.46;0.00;0.00;-0.00;0.00;-0.00;0.00;0.05;0.55;180.00;-0.00;0.50;0.017;-0.96;0.33;-1000.00;-1000.00
268.605;1579;0.19;0.65;181.22;0.05;0.55;180.00;-0.00;0.50;920;0;0;0;0.10;0.46;0.00;0.00;-0.00;0.00;-0.00;0.00;0.05;0.55;180.00;-0.00;0.50;0.022;-0.96;0.33;-1000.00;-1000.00
268.695;1588;0.19;0.65;181.22;0.05;0.55;180.00;-0.00;0.50;920;0;0;0;0.10;0.46;0.00;0.00;-0.00;0.00;-0.00;0.00;0.05;0.55;180.00;-0.00;0.50;0.009;-0.96;0.33;-1000.00;-1000.00
268.785;1597;0.19;0.65;181.22;0.05;0.55;180.00;-0.00;0.50;920;0;0;0;0.10;0.46;0.00;0.00;-0.00;0.00;-0.00;0.00;0.05;0.55;180.00;-0.00;0.50;0.009;-0.96;0.33;-1000.00;-1000.00
268.925;1612;0.19;0.65;181.22;0.05;0.55;180.00;-0.00;0.50;920;0;1;0;0.10;0.46;0.00;0.00;-0.00;0.00;-0.00;0.00;0.05;0.55;180.00;-0.00;0.50;0.017;-0.96;0.33;-1000.00;-1000.00
269.005;1617;0.19;0.65;181.22;0.05;0.55;180.00;-0.00;0.50;920;0;0;0;0.10;0.46;0.00;0.00;-0.00;0.00;-0.00;0.00;0.05;0.55;180.00;-0.00;0.50;0.023;-0.96;0.33;-1000.00;-1000.00
269.095;1626;0.19;0.65;181.22;0.05;0.55;180.00;-0.00;0.50;920;0;0;0;0.10;0.46;0.00;0.00;-0.00;0.00;-0.00;0.00;0.05;0.55;180.00;-0.00;0.50;0.011;-0.96;0.33;-1000.00;-1000.00
269.205;1641;0.19;0.65;181.22;0.05;0.55;180.00;-0.00;0.50;920;0;0;0;0.10;0.46;0.00;0.00;-0.00;0.00;-0.00;0.00;0.05;0.55;180.00;-0.00;0.50;0.020;-0.96;0.33;-1000.00;-1000.00
269.295;1650;0.19;0.65;181.22;0.05;0.55;180.00;-0.00;0.50;920;0;0;0;0.10;0.46;0.00;0.00;-0.00;0.00;-0.00;0.00;0.05;0.55;180.00;-0.00;0.50;0.015;-0.96;0.33;-1000.00;-1000.00
269.395;1656;0.19;0.65;181.22;0.05;0.55;180.00;-0.00;0.50;920;0;0;0;0.10;0.46;0.00;0.00;-0.00;0.00;-0.00;0.00;0.05;0.55;180.00;-0.00;0.50;0.010;-0.96;0.33;-1000.00;-1000.00
269.505;1671;0.19;0.65;181.22;0.05;0.55;180.00;-0.00;0.50;920;0;0;0;0.10;0.46;0.00;0.00;-0.00;0.00;-0.00;0.00;0.05;0.55;180.00;-0.00;0.50;0.025;-0.96;0.33;-1000.00;-1000.00
269.595;1679;0.19;0.65;181.22;0.05;0.55;180.00;-0.00;0.50;920;0;0;0;0.10;0.46;0.00;0.00;-0.00;0.00;-0.00;0.00;0.05;0.55;180.00;-0.00;0.50;0.019;-0.96;0.33;-1000.00;-1000.00
269.685;1689;0.19;0.65;181.22;0.05;0.55;180.00;-0.00;0.50;920;0;0;0;0.10;0.46;0.00;0.00;-0.00;0.00;-0.00;0.00;0.05;0.55;180.00;-0.00;0.50;0.007;-0.96;0.33;-1000.00;-1000.00
269.805;1698;0.19;0.65;181.22;0.05;0.55;180.00;-0.00;0.50;920;0;0;0;0.10;0.46;0.00;0.00;-0.00;0.00;-0.00;0.00;0.05;0.55;180.00;-0.00;0.50;0.018;-0.96;0.33;-1000.00;-1000.00
269.905;1709;0.19;0.65;181.22;0.05;0.55;180.00;-0.00;0.50;920;0;0;0;0.10;0.46;0.00;0.00;-0.00;0.00;-0.00;0.00;0.05;0.55;180.00;-0.00;0.50;0.019;-0.96;0.33;-1000.00;-1000.00
269.995;1717;0.19;0.65;181.22;0.05;0.55;180.00;-0.00;0.50;920;0;0;0;0.10;0.46;0.00;0.00;-0.00;0.00;-0.00;0.00;0.05;0.55;180.00;-0.00;0.50;0.010;-0.96;0.33;-1000.00;-1000.00
270.095;1728;0.19;0.65;181.22;0.05;0.55;180.00;-0.00;0.50;920;0;0;0;0.10;0.46;0.00;0.00;-0.00;0.00;-0.00;0.00;0.05;0.55;180.00;-0.00;0.50;0.008;-0.96;0.33;-1000.00;-1000.00
270.185;1736;0.19;0.65;181.22;0.05;0.55;180.00;-0.00;0.50;920;0;0;0;0.10;0.46;0.00;0.00;-0.00;0.00;-0.00;0.00;0.05;0.55;180.00;-0.00;0.50;0.008;-0.96;0.33;-1000.00;-1000.00
270.295;1747;0.19;0.65;181.22;0.05;0.55;180.00;-0.00;0.50;920;0;0;0;0.10;0.46;0.00;0.00;-0.00;0.00;-0.00;0.00;0.05;0.55;180.00;-0.00;0.50;0.013;-0.96;0.33;-1000.00;-1000.00
270.415;1759;0.19;0.65;181.22;0.05;0.55;180.00;-0.00;0.50;920;0;0;0;0.10;0.46;0.00;0.00;-0.00;0.00;-0.00;0.00;0.05;0.55;180.00;-0.00;0.50;0.022;-0.96;0.33;-1000.00;-1000.00
270.505;1768;0.19;0.65;181.22;0.05;0.55;180.00;-0.00;0.50;920;0;0;0;0.10;0.46;0.00;0.00;-0.00;0.00;-0.00;0.00;0.05;0.55;180.00;-0.00;0.50;0.015;-0.96;0.33;-1000.00;-1000.00
270.585;1778;0.19;0.65;181.22;0.05;0.55;180.00;-0.00;0.50;920;0;0;0;0.10;0.46;0.00;0.00;-0.00;0.00;-0.00;0.00;0.05;0.55;180.00;-0.00;0.50;0.007;-0.96;0.33;-1000.00;-1000.00
270.705;1787;0.19;0.65;181.22;0.05;0.55;180.00;-0.00;0.50;920;0;0;0;0.10;0.46;0.00;0.00;-0.00;0.00;-0.00;0.00;0.05;0.55;180.00;-0.00;0.50;0.015;-0.96;0.33;-1000.00;-1000.00
270.795;1797;0.19;0.65;181.22;0.05;0.55;180.00;-0.00;0.50;920;0;0;0;0.10;0.46;0.00;0.00;-0.00;0.00;-0.00;0.00;0.05;0.55;180.00;-0.00;0.50;0.013;-0.96;0.33;-1000.00;-1000.00
270.905;1810;0.19;0.65;181.22;0.05;0.55;180.00;-0.00;0.50;920;0;1;0;0.10;0.46;0.00;0.00;-0.00;0.00;-0.00;0.00;0.05;0.55;180.00;-0.00;0.50;0.014;-0.96;0.33;-1000.00;-1000.00
270.995;1816;0.19;0.65;181.22;0.05;0.55;180.00;-0.00;0.50;920;0;0;0;0.10;0.46;0.00;0.00;-0.00;0.00;-0.00;0.00;0.05;0.55;180.00;-0.00;0.50;0.009;-0.96;0.33;-1000.00;-1000.00
271.105;1828;0.19;0.65;181.22;0.05;0.55;180.00;-0.00;0.50;920;0;0;0;0.10;0.46;0.00;0.00;-0.00;0.00;-0.00;0.00;0.05;0.55;180.00;-0.00;0.50;0.018;-0.96;0.33;-1000.00;-1000.00
271.195;1839;0.19;0.65;181.22;0.05;0.55;180.00;-0.00;0.50;920;0;0;0;0.10;0.46;0.00;0.00;-0.00;0.00;-0.00;0.00;0.05;0.55;180.00;-0.00;0.50;0.010;-0.96;0.33;-1000.00;-1000.00
271.295;1847;0.19;0.65;181.22;0.05;0.55;180.00;-0.00;0.50;920;0;0;0;0.10;0.46;0.00;0.00;-0.00;0.00;-0.00;0.00;0.05;0.55;180.00;-0.00;0.50;0.011;-0.96;0.33;-1000.00;-1000.00
271.405;1858;0.19;0.65;181.22;0.05;0.55;180.00;-0.00;0.50;920;0;0;0;0.10;0.46;0.00;0.00;-0.00;0.00;-0.00;0.00;0.05;0.55;180.00;-0.00;0.50;0.012;-0.96;0.33;-1000.00;-1000.00
271.495;1866;0.19;0.65;181.22;0.05;0.55;180.00;-0.00;0.50;920;0;0;0;0.10;0.46;0.00;0.00;-0.00;0.00;-0.00;0.00;0.05;0.55;180.00;-0.00;0.50;0.009;-0.96;0.33;-1000.00;-1000.00
271.615;1882;0.19;0.65;181.22;0.05;0.55;180.00;-0.00;0.50;920;0;0;0;0.10;0.46;0.00;0.00;-0.00;0.00;-0.00;0.00;0.05;0.55;180.00;-0.00;0.50;0.027;-0.96;0.33;-1000.00;-1000.00
271.695;1886;0.19;0.65;181.22;0.05;0.55;180.00;-0.00;0.50;920;0;0;0;0.10;0.46;0.00;0.00;-0.00;0.00;-0.00;0.00;0.05;0.55;180.00;-0.00;0.50;0.019;-0.96;0.33;-1000.00;-1000.00
271.805;1900;0.19;0.65;181.22;0.05;0.55;180.00;-0.00;0.50;920;0;0;0;0.10;0.46;0.00;0.00;-0.00;0.00;-0.00;0.00;0.05;0.55;180.00;-0.00;0.50;0.027;-0.97;0.33;-1000.00;-1000.00
271.905;1910;0.19;0.65;181.22;0.05;0.55;180.00;-0.00;0.50;920;0;0;0;0.10;0.46;0.00;0.00;-0.00;0.00;-0.00;0.00;0.05;0.55;180.00;-0.00;0.50;0.021;-0.97;0.33;-1000.00;-1000.00
271.995;1918;0.19;0.65;181.22;0.05;0.55;180.00;-0.00;0.50;920;0;0;0;0.10;0.46;0.00;0.00;-0.00;0.00;-0.00;0.00;0.05;0.55;180.00;-0.00;0.50;0.010;-0.97;0.33;-1000.00;-1000.00
272.105;1929;0.19;0.65;181.22;0.05;0.55;180.00;-0.00;0.50;920;0;0;0;0.10;0.46;0.00;0.00;-0.00;0.00;-0.00;0.00;0.05;0.55;180.00;-0.00;0.50;0.019;-0.97;0.33;-1000.00;-1000.00
272.195;1937;0.19;0.65;181.22;0.05;0.55;180.00;-0.00;0.50;920;0;0;0;0.10;0.46;0.00;0.00;-0.00;0.00;-0.00;0.00;0.05;0.55;180.00;-0.00;0.50;0.011;-0.97;0.33;-1000.00;-1000.00
272.305;1948;0.19;0.65;181.22;0.05;0.55;180.00;-0.00;0.50;920;0;0;0;0.10;0.46;0.00;0.00;-0.00;0.00;-0.00;0.00;0.05;0.55;180.00;-0.00;0.50;0.023;-0.97;0.33;-1000.00;-1000.00
272.395;1956;0.19;0.65;181.22;0.05;0.55;180.00;-0.00;0.50;920;0;0;0;0.10;0.46;0.00;0.00;-0.00;0.00;-0.00;0.00;0.05;0.55;180.00;-0.00;0.50;0.008;-0.97;0.33;-1000.00;-1000.00
272.505;1971;0.19;0.65;181.22;0.05;0.55;180.00;-0.00;0.50;920;0;0;0;0.10;0.46;0.00;0.00;-0.00;0.00;-0.00;0.00;0.05;0.55;180.00;-0.00;0.50;0.021;-0.97;0.33;-1000.00;-1000.00
272.615;1979;0.19;0.65;181.22;0.05;0.55;180.00;-0.00;0.50;920;0;0;0;0.10;0.46;0.00;0.00;-0.00;0.00;-0.00;0.00;0.05;0.55;180.00;-0.00;0.50;0.025;-0.97;0.33;-1000.00;-1000.00
272.705;1990;0.19;0.65;181.22;0.05;0.55;180.00;-0.00;0.50;920;0;0;0;0.10;0.46;0.00;0.00;-0.00;0.00;-0.00;0.00;0.05;0.55;180.00;-0.00;0.50;0.024;-0.97;0.33;-1000.00;-1000.00
272.785;1998;0.19;0.65;181.22;0.05;0.55;180.00;-0.00;0.50;920;0;0;0;0.10;0.46;0.00;0.00;-0.00;0.00;-0.00;0.00;0.05;0.55;180.00;-0.00;0.50;0.008;-0.97;0.33;-1000.00;-1000.00
272.905;2007;0.19;0.65;181.22;0.05;0.55;180.00;-0.00;0.50;920;0;1;0;0.10;0.46;0.00;0.00;-0.00;0.00;-0.00;0.00;0.05;0.55;180.00;-0.00;0.50;0.010;-0.97;0.33;-1000.00;-1000.00
272.995;2018;0.19;0.65;181.22;0.05;0.55;180.00;-0.00;0.50;920;0;0;0;0.10;0.46;0.00;0.00;-0.00;0.00;-0.00;0.00;0.05;0.55;180.00;-0.00;0.50;0.011;-0.97;0.33;-1000.00;-1000.00
273.095;2026;0.19;0.65;181.22;0.05;0.55;180.00;-0.00;0.50;920;0;0;0;0.10;0.46;0.00;0.00;-0.00;0.00;-0.00;0.00;0.05;0.55;180.00;-0.00;0.50;0.008;-0.97;0.33;-1000.00;-1000.00
273.205;2037;0.19;0.65;181.22;0.05;0.55;180.00;-0.00;0.50;920;0;0;0;0.10;0.46;0.00;0.00;-0.00;0.00;-0.00;0.00;0.05;0.55;180.00;-0.00;0.50;0.012;-0.97;0.33;-1000.00;-1000.00
273.295;2049;0.19;0.65;181.22;0.05;0.55;180.00;-0.00;0.50;920;0;0;0;0.10;0.46;0.00;0.00;-0.00;0.00;-0.00;0.00;0.05;0.55;180.00;-0.00;0.50;0.019;-0.97;0.33;-1000.00;-1000.00
273.405;2060;0.19;0.65;181.22;0.05;0.55;180.00;-0.00;0.50;920;0;0;0;0.10;0.46;0.00;0.00;-0.00;0.00;-0.00;0.00;0.05;0.55;180.00;-0.00;0.50;0.016;-0.97;0.33;-1000.00;-1000.00
273.495;2068;0.19;0.65;181.21;0.05;0.55;180.00;-0.00;0.50;920;0;0;0;0.10;0.46;-0.00;-0.00;0.00;0.00;-0.00;0.00;0.05;0.55;180.00;-0.00;0.50;0.011;-0.97;0.33;-1000.00;-1000.00
273.585;2079;0.19;0.65;181.21;0.05;0.55;180.00;-0.00;0.50;920;0;0;0;0.10;0.46;0.00;0.00;0.00;-0.00;0.00;0.00;0.05;0.55;180.00;-0.00;0.50;0.008;-0.97;0.33;-1000.00;-1000.00
273.705;2087;0.19;0.65;181.21;0.05;0.55;180.00;-0.00;0.50;920;0;0;0;0.10;0.46;0.00;-0.00;-0.00;-0.00;-0.00;0.00;0.05;0.55;180.00;-0.00;0.50;0.017;-0.97;0.33;-1000.00;-1000.00
273.795;2098;0.19;0.65;181.22;0.05;0.55;180.00;-0.00;0.50;920;0;0;0;0.10;0.46;0.00;-0.00;-0.00;0.00;-0.00;0.00;0.05;0.55;180.00;-0.00;0.50;0.012;-0.97;0.34;-1000.00;-1000.00
273.895;2106;0.19;0.65;181.22;0.05;0.55;180.00;-0.00;0.50;920;0;0;0;0.10;0.46;0.00;0.00;-0.00;-0.00;-0.00;0.00;0.05;0.55;180.00;-0.00;0.50;0.009;-0.97;0.34;-1000.00;-1000.00
274.015;2121;0.19;0.65;181.22;0.05;0.55;180.00;-0.00;0.50;920;0;0;0;0.10;0.46;0.00;0.00;-0.00;-0.00;-0.00;0.00;0.05;0.55;180.00;-0.00;0.50;0.025;-0.97;0.34;-1000.00;-1000.00
274.085;2126;0.19;0.65;181.22;0.05;0.55;180.00;-0.00;0.50;920;0;0;0;0.10;0.46;0.00;0.00;-0.00;-0.00;-0.00;0.00;0.05;0.55;180.00;-0.00;0.50;0.007;-0.97;0.34;-1000.00;-1000.00
274.195;2136;0.19;0.65;181.22;0.05;0.55;180.00;-0.00;0.50;920;0;0;0;0.10;0.46;0.00;0.00;-0.00;-0.00;-0.00;0.00;0.05;0.55;180.00;-0.00;0.50;0.008;-0.97;0.34;-1000.00;-1000.00
274.305;2151;0.19;0.65;181.22;0.05;0.55;180.00;-0.00;0.50;920;0;0;0;0.10;0.46;0.00;0.00;-0.00;-0.00;-0.00;0.00;0.05;0.55;180.00;-0.00;0.50;0.018;-0.97;0.34;-1000.00;-1000.00
274.405;2159;0.19;0.65;181.22;0.05;0.55;180.00;-0.00;0.50;920;0;0;0;0.10;0.46;0.00;0.00;-0.00;-0.00;-0.00;0.00;0.05;0.55;180.00;-0.00;0.50;0.017;-0.97;0.34;-1000.00;-1000.00
274.495;2170;0.19;0.65;181.22;0.05;0.55;180.00;-0.00;0.50;920;0;0;0;0.10;0.46;0.00;0.00;-0.00;-0.00;-0.00;0.00;0.05;0.55;180.00;-0.00;0.50;0.009;-0.97;0.34;-1000.00;-1000.00
274.595;2178;0.19;0.65;181.22;0.05;0.55;180.00;-0.00;0.50;920;0;0;0;0.10;0.46;0.00;0.00;-0.00;-0.00;-0.00;0.00;0.05;0.55;180.00;-0.00;0.50;0.009;-0.97;0.34;-1000.00;-1000.00
274.695;2189;0.19;0.65;181.22;0.05;0.55;180.00;-0.00;0.50;920;0;0;0;0.10;0.46;0.00;0.00;-0.00;-0.00;-0.00;0.00;0.05;0.55;180.00;-0.00;0.50;0.008;-0.97;0.33;-1000.00;-1000.00
274.805;2197;0.19;0.65;181.22;0.05;0.55;180.00;-0.00;0.50;920;0;0;0;0.10;0.46;0.00;0.00;-0.00;-0.00;-0.00;0.00;0.05;0.55;180.00;-0.00;0.50;0.015;-0.97;0.33;-1000.00;-1000.00
274.915;2211;0.19;0.65;181.22;0.05;0.55;180.00;-0.00;0.50;920;0;1;0;0.10;0.46;0.00;0.00;-0.00;-0.00;-0.00;0.00;0.05;0.55;180.00;-0.00;0.50;0.019;-0.97;0.33;-1000.00;-1000.00
275.005;2217;0.19;0.65;181.22;0.05;0.55;180.00;-0.00;0.50;920;0;0;0;0.10;0.46;0.00;0.00;-0.00;-0.00;-0.00;0.00;0.05;0.55;180.00;-0.00;0.50;0.020;-0.97;0.33;-1000.00;-1000.00
275.105;2231;0.19;0.65;181.22;0.05;0.55;180.00;-0.00;0.50;920;0;0;0;0.10;0.46;0.00;0.00;-0.00;-0.00;-0.00;-0.00;0.05;0.55;180.00;-0.00;0.50;0.016;-0.97;0.33;-1000.00;-1000.00
275.195;2236;0.19;0.65;181.22;0.05;0.55;180.00;-0.00;0.50;920;0;0;0;0.10;0.46;0.00;0.00;-0.00;-0.00;-0.00;-0.00;0.05;0.55;180.00;-0.00;0.50;0.014;-0.97;0.33;-1000.00;-1000.00
275.295;2250;0.19;0.65;181.22;0.05;0.55;180.00;-0.00;0.50;920;0;0;0;0.10;0.46;0.00;0.00;-0.00;-0.00;-0.00;-0.00;0.05;0.55;180.00;-0.00;0.50;0.015;-0.97;0.33;-1000.00;-1000.00
275.395;2259;0.19;0.65;181.22;0.05;0.55;180.00;-0.00;0.50;920;0;0;0;0.10;0.46;0.00;0.00;-0.00;-0.00;-0.00;-0.00;0.05;0.55;180.00;-0.00;0.50;0.015;-0.97;0.33;-1000.00;-1000.00
275.495;2270;0.19;0.65;181.22;0.05;0.55;180.00;-0.00;0.50;920;0;0;0;0.10;0.46;0.00;0.00;-0.00;-0.00;-0.00;-0.00;0.05;0.55;180.00;-0.00;0.50;0.014;-0.97;0.34;-1000.00;-1000.00
275.595;2278;0.19;0.65;181.22;0.05;0.55;180.00;-0.00;0.50;920;0;0;0;0.10;0.46;0.00;0.00;-0.00;-0.00;-0.00;-0.00;0.05;0.55;180.00;-0.00;0.50;0.012;-0.97;0.34;-1000.00;-1000.00
275.705;2287;0.19;0.65;181.22;0.05;0.55;180.00;-0.00;0.50;920;0;0;0;0.10;0.46;0.00;0.00;-0.00;-0.00;-0.00;-0.00;0.05;0.55;180.00;-0.00;0.50;0.020;-0.97;0.34;-1000.00;-1000.00
275.805;2297;0.19;0.65;181.22;0.05;0.55;180.00;-0.00;0.50;920;0;0;0;0.10;0.46;0.00;0.00;-0.00;-0.00;-0.00;-0.00;0.05;0.55;180.00;-0.00;0.50;0.015;-0.97;0.34;-1000.00;-1000.00
275.895;2308;0.19;0.65;181.22;0.05;0.55;180.00;-0.00;0.50;920;0;0;0;0.10;0.46;0.00;0.00;-0.00;-0.00;-0.00;-0.00;0.05;0.55;180.00;-0.00;0.50;0.007;-0.97;0.34;-1000.00;-1000.00
276.005;2320;0.19;0.65;181.22;0.05;0.55;180.00;-0.00;0.50;920;0;0;0;0.10;0.46;0.00;0.00;-0.00;-0.00;-0.00;-0.00;0.05;0.55;180.00;-0.00;0.50;0.019;-0.97;0.34;-1000.00;-1000.00
276.105;2331;0.19;0.65;181.22;0.05;0.55;180.00;-0.00;0.50;920;0;0;0;0.10;0.46;0.00;0.00;-0.00;-0.00;-0.00;-0.00;0.05;0.55;180.00;-0.00;0.50;0.019;-0.97;0.34;-1000.00;-1000.00
276.195;2339;0.19;0.65;181.22;0.05;0.55;180.00;-0.00;0.50;920;0;0;0;0.10;0.46;0.00;0.00;-0.00;-0.00;-0.00;-0.00;0.05;0.55;180.00;-0.00;0.50;0.015;-0.97;0.34;-1000.00;-1000.00
276.295;2350;0.19;0.65;181.22;0.05;0.55;180.00;-0.00;0.50;920;0;0;0;0.10;0.46;0.00;0.00;-0.00;-0.00;-0.00;-0.00;0.05;0.55;180.00;-0.00;0.50;0.009;-0.97;0.34;-1000.00;-1000.00
276.385;2358;0.19;0.65;181.22;0.05;0.55;180.00;-0.00;0.50;920;0;0;0;0.10;0.46;0.00;0.00;-0.00;-0.00;-0.00;-0.00;0.05;0.55;180.00;-0.00;0.50;0.008;-0.97;0.34;-1000.00;-1000.00
276.495;2367;0.19;0.65;181.22;0.05;0.55;180.00;-0.00;0.50;920;0;0;0;0.10;0.46;0.00;0.00;-0.00;-0.00;-0.00;-0.00;0.05;0.55;180.00;-0.00;0.50;0.015;-0.97;0.34;-1000.00;-1000.00
276.595;2377;0.19;0.65;181.22;0.05;0.55;180.00;-0.00;0.50;920;0;0;0;0.10;0.46;0.00;0.00;-0.00;-0.00;-0.00;-0.00;0.05;0.55;180.00;-0.00;0.50;0.016;-0.97;0.34;-1000.00;-1000.00
276.695;2386;0.19;0.65;181.22;0.05;0.55;180.00;-0.00;0.50;920;0;0;0;0.10;0.46;0.00;0.00;-0.00;-0.00;-0.00;-0.00;0.05;0.55;180.00;-0.00;0.50;0.009;-0.97;0.34;-1000.00;-1000.00
276.785;2396;0.19;0.65;181.22;0.05;0.55;180.00;-0.00;0.50;920;0;0;0;0.10;0.46;0.00;0.00;-0.00;-0.00;-0.00;-0.00;0.05;0.55;180.00;-0.00;0.50;0.007;-0.97;0.34;-1000.00;-1000.00
276.915;2409;0.19;0.65;181.22;0.05;0.55;180.00;-0.00;0.50;920;0;1;0;0.10;0.46;0.00;0.00;-0.00;-0.00;-0.00;-0.00;0.05;0.55;180.00;-0.00;0.50;0.012;-0.97;0.34;-1000.00;-1000.00
277.005;2419;0.19;0.65;181.22;0.05;0.55;180.00;-0.00;0.50;920;0;0;0;0.10;0.46;0.00;0.00;-0.00;-0.00;-0.00;-0.00;0.05;0.55;180.00;-0.00;0.50;0.017;-0.97;0.34;-1000.00;-1000.00
277.105;2430;0.18;0.65;181.22;0.05;0.55;180.00;-0.00;0.50;920;0;0;0;0.10;0.46;0.00;0.00;-0.00;-0.00;-0.00;-0.00;0.05;0.55;180.00;-0.00;0.50;0.015;-0.97;0.34;-1000.00;-1000.00
277.195;2438;0.18;0.65;181.22;0.05;0.55;180.00;-0.00;0.50;920;0;0;0;0.10;0.46;0.00;0.00;-0.00;-0.00;-0.00;-0.00;0.05;0.55;180.00;-0.00;0.50;0.009;-0.97;0.34;-1000.00;-1000.00
277.295;2449;0.18;0.65;181.22;0.05;0.55;180.00;-0.00;0.50;920;0;0;0;0.10;0.46;0.00;0.00;-0.00;-0.00;-0.00;-0.00;0.05;0.55;180.00;-0.00;0.50;0.009;-0.97;0.34;-1000.00;-1000.00
277.415;2461;0.18;0.65;181.22;0.05;0.55;180.00;-0.00;0.50;920;0;0;0;0.10;0.46;0.00;0.00;-0.00;-0.00;-0.00;-0.00;0.05;0.55;180.00;-0.00;0.50;0.027;-0.97;0.34;-1000.00;-1000.00
277.495;2466;0.18;0.65;181.22;0.05;0.55;180.00;-0.00;0.50;920;0;0;0;0.10;0.46;0.00;0.00;-0.00;-0.00;-0.00;-0.00;0.05;0.55;180.00;-0.00;0.50;0.011;-0.97;0.34;-1000.00;-1000.00
277.585;2476;0.18;0.65;181.22;0.05;0.55;180.00;-0.00;0.50;920;0;0;0;0.10;0.46;0.00;0.00;-0.00;-0.00;-0.00;-0.00;0.05;0.55;180.00;-0.00;0.50;0.008;-0.97;0.34;-1000.00;-1000.00
277.705;2491;0.18;0.65;181.22;0.05;0.55;180.00;-0.00;0.50;920;0;0;0;0.10;0.46;0.00;0.00;-0.00;-0.00;-0.00;-0.00;0.05;0.55;180.00;-0.00;0.50;0.024;-0.97;0.34;-1000.00;-1000.00
277.805;2499;0.18;0.65;181.22;0.05;0.55;180.00;-0.00;0.50;920;0;0;0;0.10;0.46;0.00;0.00;-0.00;-0.00;-0.00;-0.00;0.05;0.55;180.00;-0.00;0.50;0.022;-0.97;0.34;-1000.00;-1000.00
277.885;2508;0.18;0.65;181.22;0.05;0.55;180.00;-0.00;0.50;920;0;0;0;0.10;0.46;0.00;0.00;-0.00;-0.00;-0.00;-0.00;0.05;0.55;180.00;-0.00;0.50;0.009;-0.97;0.34;-1000.00;-1000.00
277.995;2517;0.18;0.65;181.22;0.05;0.55;180.00;-0.00;0.50;920;0;0;0;0.10;0.46;0.00;0.00;-0.00;-0.00;-0.00;-0.00;0.05;0.55;180.00;-0.00;0.50;0.017;-0.97;0.34;-1000.00;-1000.00
278.095;2527;0.18;0.65;181.22;0.05;0.55;180.00;-0.00;0.50;920;0;0;0;0.10;0.46;0.00;0.00;-0.00;-0.00;-0.00;-0.00;0.05;0.55;180.00;-0.00;0.50;0.010;-0.97;0.34;-1000.00;-1000.00
278.195;2537;0.18;0.65;181.22;0.05;0.55;180.00;-0.00;0.50;920;0;0;0;0.10;0.46;0.00;0.00;-0.00;-0.00;-0.00;-0.00;0.05;0.55;180.00;-0.00;0.50;0.010;-0.97;0.34;-1000.00;-1000.00
278.305;2550;0.18;0.65;181.22;0.05;0.55;180.00;-0.00;0.50;920;0;0;0;0.10;0.46;0.00;0.00;-0.00;-0.00;-0.00;-0.00;0.05;0.55;180.00;-0.00;0.50;0.018;-0.97;0.34;-1000.00;-1000.00
278.395;2556;0.18;0.65;181.22;0.05;0.55;180.00;-0.00;0.50;920;0;0;0;0.10;0.46;0.00;0.00;-0.00;-0.00;-0.00;-0.00;0.05;0.55;180.00;-0.00;0.50;0.008;-0.97;0.34;-1000.00;-1000.00
278.505;2569;0.18;0.65;181.22;0.05;0.55;180.00;-0.00;0.50;920;0;0;0;0.10;0.46;0.00;0.00;-0.00;-0.00;-0.00;-0.00;0.05;0.55;180.00;-0.00;0.50;0.020;-0.97;0.34;-1000.00;-1000.00
278.595;2579;0.18;0.65;181.22;0.05;0.55;180.00;-0.00;0.50;920;0;0;0;0.10;0.46;0.00;0.00;-0.00;-0.00;-0.00;-0.00;0.05;0.55;180.00;-0.00;0.50;0.012;-0.97;0.34;-1000.00;-1000.00
278.705;2587;0.18;0.65;181.22;0.05;0.55;180.00;-0.00;0.50;920;0;0;0;0.10;0.46;0.00;0.00;-0.00;-0.00;-0.00;-0.00;0.05;0.55;180.00;-0.00;0.50;0.020;-0.97;0.34;-1000.00;-1000.00
278.795;2598;0.18;0.65;181.22;0.05;0.55;180.00;-0.00;0.50;920;0;0;0;0.10;0.46;0.00;0.00;-0.00;-0.00;-0.00;-0.00;0.05;0.55;180.00;-0.00;0.50;0.008;-0.97;0.34;-1000.00;-1000.00
278.915;2610;0.18;0.65;181.22;0.05;0.55;180.00;-0.00;0.50;920;0;1;0;0.10;0.46;0.00;0.00;-0.00;-0.00;-0.00;-0.00;0.05;0.55;180.00;-0.00;0.50;0.016;-0.97;0.34;-1000.00;-1000.00
279.005;2621;0.18;0.65;181.22;0.05;0.55;180.00;-0.00;0.50;920;0;0;0;0.10;0.46;0.00;0.00;-0.00;-0.00;-0.00;-0.00;0.05;0.55;180.00;-0.00;0.50;0.027;-0.97;0.34;-1000.00;-1000.00
279.105;2629;0.18;0.65;181.22;0.05;0.55;180.00;-0.00;0.50;920;0;0;0;0.10;0.46;0.00;0.00;-0.00;-0.00;-0.00;-0.00;0.05;0.55;180.00;-0.00;0.50;0.021;-0.97;0.34;-1000.00;-1000.00
279.195;2638;0.18;0.65;181.22;0.05;0.55;180.00;-0.00;0.50;920;0;0;0;0.10;0.46;0.00;0.00;-0.00;-0.00;-0.00;-0.00;0.05;0.55;180.00;-0.00;0.50;0.016;-0.97;0.34;-1000.00;-1000.00
279.295;2648;0.18;0.65;181.22;0.05;0.55;180.00;-0.00;0.50;920;0;0;0;0.10;0.46;0.00;0.00;-0.00;-0.00;-0.00;-0.00;0.05;0.55;180.00;-0.00;0.50;0.010;-0.97;0.34;-1000.00;-1000.00
279.415;2662;0.18;0.65;181.22;0.05;0.55;180.00;-0.00;0.50;920;0;0;0;0.10;0.46;0.00;0.00;-0.00;-0.00;-0.00;-0.00;0.05;0.55;180.00;-0.00;0.50;0.027;-0.97;0.34;-1000.00;-1000.00
279.525;2671;0.18;0.65;181.22;0.05;0.55;180.00;-0.00;0.50;920;0;0;0;0.10;0.46;0.00;0.00;-0.00;-0.00;-0.00;-0.00;0.05;0.55;180.00;-0.00;0.50;0.032;-0.97;0.34;-1000.00;-1000.00
279.595;2676;0.18;0.65;181.22;0.05;0.55;180.00;-0.00;0.50;920;0;0;0;0.10;0.46;0.00;0.00;-0.00;-0.00;-0.00;-0.00;0.05;0.55;180.00;-0.00;0.50;0.011;-0.97;0.34;-1000.00;-1000.00
279.705;2691;0.18;0.65;181.22;0.05;0.55;180.00;-0.00;0.50;920;0;0;0;0.10;0.46;0.00;0.00;-0.00;-0.00;-0.00;-0.00;0.05;0.55;180.00;-0.00;0.50;0.020;-0.97;0.34;-1000.00;-1000.00
279.805;2697;0.18;0.65;181.22;0.05;0.55;180.00;-0.00;0.50;920;0;0;0;0.10;0.46;0.00;0.00;-0.00;-0.00;-0.00;-0.00;0.05;0.55;180.00;-0.00;0.50;0.020;-0.97;0.34;-1000.00;-1000.00
279.905;2709;0.18;0.65;181.22;0.05;0.55;180.00;-0.00;0.50;920;0;0;0;0.10;0.46;0.00;0.00;-0.00;-0.00;-0.00;-0.00;0.05;0.55;180.00;-0.00;0.50;0.021;-0.97;0.34;-1000.00;-1000.00
280.005;2720;0.18;0.65;181.22;0.05;0.55;180.00;-0.00;0.50;920;0;0;0;0.10;0.46;0.00;0.00;-0.00;-0.00;-0.00;-0.00;0.05;0.55;180.00;-0.00;0.50;0.020;-0.97;0.34;-1000.00;-1000.00
280.095;2728;0.18;0.65;181.22;0.05;0.55;180.00;-0.00;0.50;920;0;0;0;0.10;0.46;0.00;0.00;-0.00;-0.00;-0.00;-0.00;0.05;0.55;180.00;-0.00;0.50;0.010;-0.97;0.34;-1000.00;-1000.00
280.205;2738;0.18;0.65;181.22;0.05;0.55;180.00;-0.00;0.50;920;0;0;0;0.10;0.46;0.00;0.00;-0.00;-0.00;-0.00;-0.00;0.05;0.55;180.00;-0.00;0.50;0.022;-0.97;0.34;-1000.00;-1000.00
280.295;2747;0.18;0.65;181.22;0.05;0.55;180.00;-0.00;0.50;920;0;0;0;0.10;0.46;0.00;0.00;-0.00;-0.00;-0.00;-0.00;0.05;0.55;180.00;-0.00;0.50;0.008;-0.97;0.34;-1000.00;-1000.00
280.385;2757;0.18;0.65;181.22;0.05;0.55;180.00;-0.00;0.50;920;0;0;0;0.10;0.46;0.00;0.00;-0.00;-0.00;-0.00;-0.00;0.05;0.55;180.00;-0.00;0.50;0.008;-0.97;0.34;-1000.00;-1000.00
280.535;2772;0.18;0.65;181.22;0.05;0.55;180.00;-0.00;0.50;920;0;0;0;0.10;0.46;0.00;0.00;-0.00;-0.00;-0.00;-0.00;0.05;0.55;180.00;-0.00;0.50;0.047;-0.97;0.34;-1000.00;-1000.00
280.615;2781;0.18;0.65;181.22;0.05;0.55;180.00;-0.00;0.50;920;0;0;0;0.10;0.46;0.00;0.00;-0.00;-0.00;-0.00;-0.00;0.05;0.55;180.00;-0.00;0.50;0.024;-0.97;0.34;-1000.00;-1000.00
280.695;2787;0.18;0.65;181.22;0.05;0.55;180.00;-0.00;0.50;920;0;0;0;0.10;0.46;0.00;0.00;-0.00;-0.00;-0.00;-0.00;0.05;0.55;180.00;-0.00;0.50;0.010;-0.97;0.34;-1000.00;-1000.00
280.795;2796;0.18;0.65;181.22;0.05;0.55;180.00;-0.00;0.50;920;0;0;0;0.10;0.46;0.00;0.00;-0.00;-0.00;-0.00;-0.00;0.05;0.55;180.00;-0.00;0.50;0.018;-0.97;0.34;-1000.00;-1000.00
280.905;2810;0.18;0.65;181.22;0.05;0.55;180.00;-0.00;0.50;920;0;1;0;0.10;0.46;0.00;0.00;-0.00;-0.00;-0.00;-0.00;0.05;0.55;180.00;-0.00;0.50;0.009;-0.97;0.34;-1000.00;-1000.00
280.995;2819;0.18;0.65;181.22;0.05;0.55;180.00;-0.00;0.50;920;0;0;0;0.10;0.46;0.00;0.00;-0.00;-0.00;-0.00;-0.00;0.05;0.55;180.00;-0.00;0.50;0.011;-0.97;0.34;-1000.00;-1000.00
281.105;2830;0.18;0.65;181.22;0.05;0.55;180.00;-0.00;0.50;920;0;0;0;0.10;0.46;0.00;0.00;-0.00;-0.00;-0.00;-0.00;0.05;0.55;180.00;-0.00;0.50;0.016;-0.97;0.34;-1000.00;-1000.00
281.195;2839;0.18;0.65;181.22;0.05;0.55;180.00;-0.00;0.50;920;0;0;0;0.10;0.46;0.00;0.00;-0.00;-0.00;-0.00;-0.00;0.05;0.55;180.00;-0.00;0.50;0.008;-0.97;0.34;-1000.00;-1000.00
281.305;2849;0.18;0.65;181.22;0.05;0.55;180.00;-0.00;0.50;920;0;0;0;0.10;0.46;0.00;0.00;-0.00;-0.00;-0.00;-0.00;0.05;0.55;180.00;-0.00;0.50;0.020;-0.97;0.34;-1000.00;-1000.00
281.395;2858;0.18;0.65;181.22;0.05;0.55;180.00;-0.00;0.50;920;0;0;0;0.10;0.46;0.00;0.00;-0.00;-0.00;-0.00;-0.00;0.05;0.55;180.00;-0.00;0.50;0.008;-0.97;0.34;-1000.00;-1000.00
281.505;2868;0.18;0.65;181.22;0.05;0.55;180.00;-0.00;0.50;920;0;0;0;0.10;0.46;0.00;0.00;-0.00;-0.00;-0.00;-0.00;0.05;0.55;180.00;-0.00;0.50;0.019;-0.97;0.34;-1000.00;-1000.00
281.595;2877;0.18;0.65;181.22;0.05;0.55;180.00;-0.00;0.50;920;0;0;0;0.10;0.46;0.00;0.00;-0.00;-0.00;-0.00;-0.00;0.05;0.55;180.00;-0.00;0.50;0.008;-0.97;0.34;-1000.00;-1000.00
281.695;2888;0.18;0.65;181.22;0.05;0.55;180.00;-0.00;0.50;920;0;0;0;0.10;0.46;0.00;0.00;-0.00;-0.00;-0.00;-0.00;0.05;0.55;180.00;-0.00;0.50;0.013;-0.97;0.34;-1000.00;-1000.00
281.795;2896;0.18;0.65;181.22;0.05;0.55;180.00;-0.00;0.50;920;0;0;0;0.10;0.46;0.00;0.00;-0.00;-0.00;-0.00;-0.00;0.05;0.55;180.00;-0.00;0.50;0.013;-0.97;0.34;-1000.00;-1000.00
281.895;2905;0.18;0.65;181.22;0.05;0.55;180.00;-0.00;0.50;920;0;0;0;0.10;0.46;0.00;0.00;-0.00;-0.00;-0.00;-0.00;0.05;0.55;180.00;-0.00;0.50;0.010;-0.97;0.34;-1000.00;-1000.00
281.995;2920;0.18;0.65;181.22;0.05;0.55;180.00;-0.00;0.50;920;0;0;0;0.10;0.46;0.00;0.00;-0.00;-0.00;-0.00;-0.00;0.05;0.55;180.00;-0.00;0.50;0.014;-0.97;0.34;-1000.00;-1000.00
282.095;2929;0.18;0.65;181.22;0.05;0.55;180.00;-0.00;0.50;920;0;0;0;0.10;0.46;0.00;0.00;-0.00;-0.00;-0.00;-0.00;0.05;0.55;180.00;-0.00;0.50;0.008;-0.97;0.34;-1000.00;-1000.00
282.195;2938;0.18;0.65;181.22;0.05;0.55;180.00;-0.00;0.50;920;0;0;0;0.10;0.46;0.00;0.00;-0.00;-0.00;-0.00;-0.00;0.05;0.55;180.00;-0.00;0.50;0.011;-0.97;0.34;-1000.00;-1000.00
282.295;2949;0.18;0.65;181.22;0.05;0.55;180.00;-0.00;0.50;920;0;0;0;0.10;0.46;0.00;0.00;-0.00;-0.00;-0.00;-0.00;0.05;0.55;180.00;-0.00;0.50;0.008;-0.97;0.34;-1000.00;-1000.00
282.395;2957;0.18;0.65;181.22;0.05;0.55;180.00;-0.00;0.50;920;0;0;0;0.10;0.46;0.00;0.00;-0.00;-0.00;-0.00;-0.00;0.05;0.55;180.00;-0.00;0.50;0.010;-0.97;0.34;-1000.00;-1000.00
282.495;2968;0.18;0.65;181.22;0.05;0.55;180.00;-0.00;0.50;920;0;0;0;0.10;0.46;0.00;0.00;-0.00;-0.00;-0.00;-0.00;0.05;0.55;180.00;-0.00;0.50;0.009;-0.97;0.34;-1000.00;-1000.00
282.585;2976;0.18;0.65;181.22;0.05;0.55;180.00;-0.00;0.50;920;0;0;0;0.10;0.46;0.00;0.00;-0.00;-0.00;-0.00;-0.00;0.05;0.55;180.00;-0.00;0.50;0.009;-0.97;0.34;-1000.00;-1000.00
282.695;2987;0.18;0.65;181.22;0.05;0.55;180.00;-0.00;0.50;920;0;0;0;0.10;0.46;0.00;0.00;-0.00;-0.00;-0.00;-0.00;0.05;0.55;180.00;-0.00;0.50;0.011;-0.97;0.34;-1000.00;-1000.00
282.795;2999;0.18;0.65;181.22;0.05;0.55;180.00;-0.00;0.50;920;0;0;0;0.10;0.46;0.00;0.00;-0.00;-0.00;-0.00;-0.00;0.05;0.55;180.00;-0.00;0.50;0.018;-0.97;0.33;-1000.00;-1000.00
282.925;3010;0.18;0.65;181.22;0.05;0.55;180.00;-0.00;0.50;920;0;1;0;0.10;0.46;0.00;0.00;-0.00;-0.00;-0.00;-0.00;0.05;0.55;180.00;-0.00;0.50;0.020;-0.97;0.33;-1000.00;-1000.00
282.995;3018;0.18;0.65;181.22;0.05;0.55;180.00;-0.00;0.50;920;0;0;0;0.10;0.46;0.00;0.00;-0.00;-0.00;-0.00;-0.00;0.05;0.55;180.00;-0.00;0.50;0.010;-0.97;0.33;-1000.00;-1000.00
283.095;3028;0.18;0.65;181.22;0.05;0.55;180.00;-0.00;0.50;920;0;0;0;0.10;0.46;0.00;0.00;-0.00;-0.00;-0.00;-0.00;0.05;0.55;180.00;-0.00;0.50;0.011;-0.97;0.33;-1000.00;-1000.00
283.185;3036;0.18;0.65;181.22;0.05;0.55;180.00;-0.00;0.50;920;0;0;0;0.10;0.46;0.00;0.00;-0.00;-0.00;-0.00;-0.00;0.05;0.55;180.00;-0.00;0.50;0.008;-0.97;0.33;-1000.00;-1000.00
283.285;3047;0.18;0.65;181.22;0.05;0.55;180.00;-0.00;0.50;920;0;0;0;0.10;0.46;0.00;0.00;-0.00;-0.00;-0.00;-0.00;0.05;0.55;180.00;-0.00;0.50;0.008;-0.97;0.33;-1000.00;-1000.00
283.405;3059;0.18;0.65;181.22;0.05;0.55;180.00;-0.00;0.50;920;0;0;0;0.10;0.46;0.00;0.00;-0.00;-0.00;-0.00;-0.00;0.05;0.55;180.00;-0.00;0.50;0.022;-0.97;0.33;-1000.00;-1000.00
283.495;3070;0.18;0.65;181.20;0.05;0.55;180.00;-0.00;0.50;920;0;0;0;0.10;0.46;0.00;-0.01;0.00;0.05;-0.03;-0.01;0.05;0.55;180.00;-0.00;0.50;0.011;-0.97;0.33;-1000.00;-1000.00
283.595;3078;0.18;0.65;181.20;0.05;0.55;180.00;-0.00;0.50;920;0;0;0;0.10;0.46;-0.00;-0.00;-0.00;-0.03;-0.05;0.01;0.05;0.55;180.00;-0.00;0.50;0.015;-0.97;0.33;-1000.00;-1000.00
283.695;3087;0.18;0.65;181.22;0.05;0.55;180.00;-0.00;0.50;920;0;0;0;0.10;0.46;0.00;-0.01;-0.00;-0.03;-0.05;0.00;0.05;0.55;180.00;-0.00;0.50;0.009;-0.97;0.33;-1000.00;-1000.00
283.795;3098;0.18;0.65;181.29;0.05;0.55;180.00;-0.00;0.50;920;0;0;0;0.10;0.46;0.00;-0.00;0.01;-0.01;-0.00;0.01;0.05;0.55;180.00;-0.00;0.50;0.009;-0.97;0.33;-1000.00;-1000.00
283.895;3106;0.18;0.65;181.33;0.05;0.55;180.00;-0.00;0.50;920;0;0;0;0.10;0.46;0.01;-0.03;-0.06;0.27;0.11;0.00;0.05;0.55;180.00;-0.00;0.50;0.013;-0.97;0.33;-1000.00;-1000.00
283.995;3120;0.18;0.65;181.41;0.05;0.55;180.00;-0.00;0.50;920;0;0;0;0.10;0.46;0.00;-0.01;0.00;-0.01;-0.01;0.01;0.05;0.55;180.00;-0.00;0.50;0.015;-0.97;0.33;-1000.00;-1000.00
284.105;3130;0.18;0.66;181.47;0.05;0.55;180.00;-0.00;0.50;920;0;0;0;0.10;0.46;-0.00;-0.00;-0.00;0.01;0.00;0.00;0.05;0.55;180.00;-0.00;0.50;0.013;-0.97;0.33;-1000.00;-1000.00
284.205;3139;0.18;0.66;181.51;0.05;0.55;180.00;-0.00;0.50;920;0;0;0;0.10;0.46;-0.00;0.00;0.00;-0.01;-0.00;0.01;0.05;0.55;180.00;-0.00;0.50;0.011;-0.97;0.33;-1000.00;-1000.00
284.295;3150;0.18;0.66;181.54;0.05;0.55;180.00;-0.00;0.50;920;0;0;0;0.10;0.46;0.00;0.00;-0.00;0.01;0.02;-0.01;0.05;0.55;180.00;-0.00;0.50;0.012;-0.97;0.33;-1000.00;-1000.00
284.395;3158;0.18;0.66;181.55;0.05;0.55;180.00;-0.00;0.50;920;0;0;0;0.10;0.46;0.00;0.00;-0.00;0.01;0.02;-0.01;0.05;0.55;180.00;-0.00;0.50;0.010;-0.96;0.33;-1000.00;-1000.00
284.495;3168;0.18;0.66;181.57;0.05;0.55;180.00;-0.00;0.50;920;0;0;0;0.10;0.46;-0.00;-0.00;-0.00;0.01;0.01;0.01;0.05;0.55;180.00;-0.00;0.50;0.010;-0.96;0.33;-1000.00;-1000.00
284.585;3176;0.18;0.66;181.59;0.05;0.55;180.00;-0.00;0.50;920;0;0;0;0.10;0.46;-0.00;-0.00;-0.00;0.01;0.01;0.01;0.05;0.55;180.00;-0.00;0.50;0.007;-0.96;0.33;-1000.00;-1000.00
284.695;3190;0.18;0.66;181.61;0.05;0.55;180.00;-0.00;0.50;920;0;0;0;0.10;0.46;-0.00;-0.00;-0.00;0.01;0.00;0.01;0.05;0.55;180.00;-0.00;0.50;0.017;-0.96;0.33;-1000.00;-1000.00
284.825;3200;0.18;0.66;181.61;0.05;0.55;180.00;-0.00;0.50;920;0;1;0;0.10;0.46;0.00;0.00;-0.00;0.01;0.02;-0.01;0.05;0.55;180.00;-0.00;0.50;0.015;-0.96;0.33;-1000.00;-1000.00
284.935;3209;0.18;0.66;181.63;0.05;0.55;180.00;-0.00;0.50;920;0;1;0;0.10;0.46;-0.00;-0.00;0.00;-0.00;-0.02;0.00;0.05;0.55;180.00;-0.00;0.50;0.019;-0.96;0.33;-1000.00;-1000.00
284.995;3219;0.18;0.66;181.65;0.05;0.55;180.00;-0.00;0.50;920;0;0;0;0.10;0.46;-0.00;-0.00;0.00;-0.01;-0.01;0.01;0.05;0.55;180.00;-0.00;0.50;0.017;-0.96;0.33;-1000.00;-1000.00
285.115;3229;0.18;0.66;181.66;0.05;0.55;180.00;-0.00;0.50;920;0;0;0;0.10;0.46;-0.00;-0.00;0.00;-0.01;-0.01;0.01;0.05;0.55;180.00;-0.00;0.50;0.023;-0.96;0.33;-1000.00;-1000.00
285.195;3240;0.18;0.66;181.68;0.05;0.55;180.00;-0.00;0.50;920;0;0;0;0.10;0.46;-0.00;-0.00;-0.00;0.01;0.01;0.01;0.05;0.55;180.00;-0.00;0.50;0.009;-0.96;0.33;-1000.00;-1000.00
285.295;3248;0.18;0.66;181.69;0.05;0.55;180.00;-0.00;0.50;920;0;0;0;0.10;0.46;-0.00;-0.00;-0.00;0.01;0.01;0.01;0.05;0.55;180.00;-0.00;0.50;0.008;-0.96;0.33;-1000.00;-1000.00
285.405;3258;0.18;0.66;181.71;0.05;0.55;180.00;-0.00;0.50;920;0;0;0;0.10;0.46;-0.00;-0.00;-0.00;0.01;0.01;0.01;0.05;0.55;180.00;-0.00;0.50;0.021;-0.96;0.33;-1000.00;-1000.00
285.495;3268;0.18;0.66;181.72;0.05;0.55;180.00;-0.00;0.50;920;0;0;0;0.10;0.46;-0.00;-0.00;-0.00;0.01;0.00;0.01;0.05;0.55;180.00;-0.00;0.50;0.008;-0.96;0.33;-1000.00;-1000.00
285.595;3277;0.18;0.66;181.73;0.05;0.55;180.00;-0.00;0.50;920;0;0;0;0.10;0.46;-0.00;-0.00;0.00;-0.00;-0.02;0.00;0.05;0.55;180.00;-0.00;0.50;0.008;-0.96;0.33;-1000.00;-1000.00
285.705;3288;0.18;0.66;181.74;0.05;0.55;180.00;-0.00;0.50;920;0;0;0;0.10;0.46;0.00;0.00;-0.00;0.01;0.02;-0.01;0.05;0.55;180.00;-0.00;0.50;0.011;-0.96;0.33;-1000.00;-1000.00
285.815;3300;0.18;0.66;181.77;0.05;0.55;180.00;-0.00;0.50;920;0;0;0;0.10;0.46;-0.00;-0.00;-0.00;0.01;0.00;0.01;0.05;0.55;180.00;-0.00;0.50;0.025;-0.96;0.33;-1000.00;-1000.00
285.915;3311;0.18;0.66;181.78;0.05;0.55;180.00;-0.00;0.50;920;0;0;0;0.10;0.46;-0.00;-0.00;0.00;-0.01;-0.01;0.01;0.05;0.55;180.00;-0.00;0.50;0.029;-0.96;0.33;-1000.00;-1000.00
285.995;3319;0.18;0.66;181.79;0.05;0.55;180.00;-0.00;0.50;920;0;0;0;0.10;0.46;-0.00;-0.00;0.00;-0.00;-0.02;0.00;0.05;0.55;180.00;-0.00;0.50;0.010;-0.96;0.33;-1000.00;-1000.00
286.105;3328;0.18;0.66;181.80;0.05;0.55;180.00;-0.00;0.50;920;0;0;0;0.10;0.46;0.00;0.00;-0.00;0.01;0.02;-0.01;0.05;0.55;180.00;-0.00;0.50;0.018;-0.96;0.33;-1000.00;-1000.00
286.205;3338;0.18;0.66;181.81;0.05;0.55;180.00;-0.00;0.50;920;0;0;0;0.10;0.46;0.00;0.00;-0.00;0.01;0.02;-0.01;0.05;0.55;180.00;-0.00;0.50;0.014;-0.96;0.33;-1000.00;-1000.00
286.295;3347;0.18;0.66;181.83;0.05;0.55;180.00;-0.00;0.50;920;0;0;0;0.10;0.46;-0.00;-0.00;0.00;-0.01;-0.01;0.01;0.05;0.55;180.00;-0.00;0.50;0.008;-0.96;0.33;-1000.00;-1000.00
286.395;3357;0.18;0.66;181.85;0.05;0.55;180.00;-0.00;0.50;920;0;0;0;0.10;0.46;-0.00;-0.00;0.00;-0.01;-0.01;0.01;0.05;0.55;180.00;-0.00;0.50;0.012;-0.96;0.33;-1000.00;-1000.00
