t;frame;x;y;z;x_ref;y_ref;z_ref;delta_ref;u_ref;state;ellipse;control;action;delta;u;vx;vy;vz;wx;wy;wz;xr;yr;zr;delr;ur;obs1x;obs1y;obs2x;obs2y
925.855;15;1.10;-0.30;-0.00;0.85;-0.35;-0.00;0.00;-0.50;403;1;1;2;-0.12;-0.04;0.00;0.00;-0.00;0.00;0.00;0.00;0.95;-0.35;0.00;0.00;-0.50;0.079;-0.98;0.28;-1000.00;-1000.00
925.905;16;1.10;-0.30;-0.00;0.85;-0.35;-0.00;0.00;-0.50;403;1;1;2;-0.12;-0.08;0.00;0.00;-0.00;0.00;0.00;0.00;0.95;-0.35;0.00;0.00;-0.50;0.026;-0.98;0.28;-1000.00;-1000.00
925.985;25;1.10;-0.30;0.07;0.85;-0.35;-0.00;0.00;-0.50;403;1;1;2;-0.12;-0.12;-0.07;-0.00;-0.00;0.00;-0.00;0.04;0.95;-0.35;0.00;0.00;-0.50;0.011;-0.98;0.28;-1000.00;-1000.00
926.095;39;1.09;-0.30;0.32;0.85;-0.35;-0.00;0.00;-0.50;403;1;1;2;-0.11;-0.15;-0.12;0.00;-0.00;-0.01;-0.03;0.01;0.95;-0.35;0.00;0.00;-0.50;0.017;-0.98;0.28;-1000.00;-1000.00
926.195;49;1.07;-0.30;0.47;0.85;-0.35;-0.00;0.00;-0.50;403;1;1;2;-0.10;-0.18;-0.15;-0.00;-0.00;0.02;0.04;0.02;0.95;-0.35;0.00;0.00;-0.50;0.022;-0.98;0.28;-1000.00;-1000.00
926.305;58;1.06;-0.30;0.59;0.85;-0.35;-0.00;0.00;-0.50;403;1;1;2;-0.09;-0.21;-0.18;0.00;-0.00;0.02;0.03;0.03;0.95;-0.35;0.00;0.00;-0.50;0.024;-0.98;0.28;-1000.00;-1000.00
926.395;69;1.03;-0.30;0.81;0.85;-0.35;-0.00;0.00;-0.50;403;1;1;2;-0.08;-0.23;-0.21;0.00;0.00;-0.00;-0.01;0.03;0.95;-0.35;0.00;0.00;-0.50;0.025;-0.98;0.28;-1000.00;-1000.00
926.495;77;1.01;-0.30;0.94;0.85;-0.35;-0.00;0.00;-0.50;403;1;1;2;-0.07;-0.25;-0.23;0.00;0.00;0.00;-0.00;0.02;0.95;-0.35;0.00;0.00;-0.50;0.016;-0.98;0.28;-1000.00;-1000.00
926.585;86;0.99;-0.30;1.05;0.76;-0.35;-0.00;0.00;-0.50;403;2;1;2;-0.07;-0.27;-0.25;-0.00;0.00;0.00;-0.00;0.02;0.95;-0.35;0.00;0.00;-0.50;0.012;-0.98;0.28;-1000.00;-1000.00
926.685;97;0.96;-0.30;1.15;0.76;-0.35;-0.00;0.00;-0.50;403;2;1;2;-0.06;-0.28;-0.27;0.00;0.00;0.00;-0.00;0.01;0.95;-0.35;0.00;0.00;-0.50;0.011;-0.98;0.28;-1000.00;-1000.00
926.795;105;0.94;-0.30;1.19;0.76;-0.35;-0.00;0.00;-0.50;403;2;1;2;-0.06;-0.29;-0.28;-0.00;-0.00;0.00;-0.00;0.01;0.94;-0.35;-0.00;0.00;-0.50;0.022;-0.98;0.28;-1000.00;-1000.00
926.935;119;0.90;-0.30;1.24;0.65;-0.35;0.00;-0.00;0.37;217;0;1;7;-0.05;-0.30;-0.29;0.00;-0.00;0.00;-0.00;0.01;0.91;-0.35;-0.00;0.00;-0.50;0.046;-0.98;0.28;-1000.00;-1000.00
927.025;129;0.87;-0.30;1.26;1.03;-0.30;24.90;0.79;0.50;217;1;1;7;0.75;-0.27;-0.30;0.00;-0.00;0.00;-0.00;0.00;0.89;-0.34;8.71;0.51;0.45;0.043;-0.98;0.28;-1000.00;-1000.00
927.095;137;0.85;-0.30;0.16;1.03;-0.30;24.90;0.79;0.50;217;1;1;7;0.64;-0.23;-0.27;-0.01;0.01;-0.02;0.04;-0.82;0.86;-0.34;6.37;0.44;0.44;0.022;-0.98;0.28;-1000.00;-1000.00
927.205;148;0.82;-0.30;-4.00;1.03;-0.30;24.90;0.79;0.50;217;1;1;7;0.68;-0.19;-0.23;0.00;-0.01;-0.06;0.12;-0.47;0.83;-0.35;4.46;0.38;0.43;0.028;-0.98;0.28;-1000.00;-1000.00
927.285;156;0.80;-0.30;-5.78;1.03;-0.30;24.90;0.79;0.50;217;1;1;7;0.68;-0.15;-0.18;0.01;-0.01;0.05;-0.09;-0.34;0.81;-0.35;3.66;0.35;0.43;0.012;-0.98;0.28;-1000.00;-1000.00
927.385;167;0.79;-0.30;-7.02;1.03;-0.30;24.90;0.79;0.50;217;1;1;7;0.66;-0.11;-0.14;0.00;-0.01;0.02;-0.03;-0.14;0.79;-0.35;2.95;0.32;0.42;0.013;-0.98;0.28;-1000.00;-1000.00
927.485;175;0.78;-0.30;-7.17;1.03;-0.30;24.90;0.79;0.50;217;1;1;7;0.62;-0.08;-0.12;-0.00;-0.01;-0.03;0.08;0.04;0.78;-0.35;2.32;0.29;0.42;0.013;-0.98;0.28;-1000.00;-1000.00
927.585;183;0.77;-0.30;-6.98;1.03;-0.30;24.90;0.79;0.50;217;1;1;7;0.58;-0.05;-0.09;-0.00;-0.01;-0.00;0.01;0.12;0.76;-0.35;1.79;0.25;0.41;0.011;-0.98;0.28;-1000.00;-1000.00
927.695;198;0.76;-0.29;-5.97;1.03;-0.30;24.90;0.79;0.50;217;1;1;7;0.52;-0.02;-0.04;-0.00;-0.01;0.03;-0.06;0.09;0.76;-0.35;1.79;0.25;0.41;0.021;-0.98;0.28;-1000.00;-1000.00
927.795;207;0.76;-0.29;-5.13;1.03;-0.30;24.90;0.79;0.50;217;1;1;7;0.48;0.01;-0.01;0.01;-0.01;0.03;-0.05;0.16;0.76;-0.35;1.79;0.25;0.41;0.015;-0.98;0.28;-1000.00;-1000.00
927.895;218;0.76;-0.29;-4.08;1.03;-0.30;24.90;0.79;0.50;217;1;1;7;0.44;0.03;0.01;0.00;-0.01;0.03;-0.05;0.15;0.76;-0.35;1.79;0.25;0.41;0.021;-0.98;0.28;-1000.00;-1000.00
927.995;226;0.76;-0.29;-3.32;1.03;-0.30;24.90;0.79;0.50;217;1;1;7;0.42;0.05;0.03;0.00;-0.00;-0.04;0.08;0.19;0.76;-0.35;1.79;0.25;0.41;0.015;-0.98;0.28;-1000.00;-1000.00
928.095;237;0.76;-0.30;-2.46;1.03;-0.30;24.90;0.79;0.50;217;1;1;7;0.39;0.07;0.06;-0.00;0.00;-0.00;0.01;0.11;0.76;-0.35;1.79;0.25;0.41;0.017;-0.98;0.28;-1000.00;-1000.00
928.185;245;0.77;-0.30;-1.96;1.03;-0.30;24.90;0.79;0.50;217;1;1;7;0.39;0.09;0.07;0.00;-0.00;0.00;0.00;0.11;0.76;-0.35;1.79;0.25;0.41;0.013;-0.98;0.28;-1000.00;-1000.00
928.295;256;0.78;-0.30;-1.29;1.03;-0.30;24.90;0.79;0.50;217;1;1;7;0.40;0.11;0.09;0.00;0.00;0.00;0.02;0.11;0.78;-0.35;2.32;0.29;0.42;0.018;-0.98;0.28;-1000.00;-1000.00
928.405;269;0.79;-0.30;-0.61;1.03;-0.30;24.90;0.79;0.50;217;1;1;7;0.43;0.13;0.11;-0.01;-0.00;-0.01;-0.01;0.09;0.79;-0.35;2.95;0.32;0.42;0.030;-0.98;0.28;-1000.00;-1000.00
928.485;275;0.80;-0.30;-0.29;1.03;-0.30;24.90;0.79;0.50;217;1;1;7;0.43;0.14;0.13;-0.00;-0.00;-0.01;-0.02;0.11;0.79;-0.35;2.95;0.32;0.42;0.013;-0.98;0.28;-1000.00;-1000.00
928.595;289;0.82;-0.30;0.55;1.03;-0.30;24.90;0.79;0.50;217;1;1;7;0.47;0.15;0.15;-0.00;-0.01;-0.03;-0.04;0.11;0.81;-0.35;3.66;0.35;0.43;0.020;-0.98;0.28;-1000.00;-1000.00
928.695;298;0.83;-0.30;1.19;1.03;-0.30;24.90;0.79;0.50;217;1;1;7;0.50;0.17;0.17;-0.00;-0.01;-0.03;-0.06;0.15;0.83;-0.35;4.46;0.38;0.43;0.022;-0.98;0.28;-1000.00;-1000.00
928.795;307;0.85;-0.30;1.96;1.03;-0.30;24.90;0.79;0.50;217;1;1;7;0.54;0.18;0.17;0.00;-0.01;-0.00;0.01;0.16;0.84;-0.35;5.36;0.41;0.44;0.025;-0.98;0.28;-1000.00;-1000.00
928.905;318;0.87;-0.29;3.07;1.03;-0.30;24.90;0.79;0.50;217;1;1;7;0.61;0.20;0.20;-0.01;-0.01;-0.05;-0.09;0.19;0.87;-0.34;7.48;0.48;0.45;0.027;-0.98;0.28;-1000.00;-1000.00
929.015;326;0.88;-0.29;4.03;1.03;-0.30;24.90;0.79;0.50;217;1;1;7;0.65;0.22;0.20;0.01;-0.01;0.05;0.09;0.23;0.89;-0.34;8.71;0.51;0.45;0.017;-0.98;0.28;-1000.00;-1000.00
929.095;337;0.91;-0.29;5.68;1.27;0.06;86.23;0.79;0.50;217;2;1;7;0.74;0.23;0.22;0.00;-0.01;0.01;0.04;0.27;0.92;-0.33;11.51;0.57;0.46;0.018;-0.98;0.28;-1000.00;-1000.00
929.185;345;0.92;-0.29;7.53;1.27;0.06;86.23;0.79;0.50;217;2;1;7;0.79;0.25;0.22;-0.03;-0.01;0.03;0.05;0.45;0.94;-0.33;13.10;0.60;0.47;0.017;-0.98;0.28;-1000.00;-1000.00
929.285;356;0.95;-0.29;10.97;1.27;0.06;86.23;0.79;0.50;217;2;1;7;0.79;0.26;0.26;-0.06;-0.01;-0.06;-0.07;0.65;0.95;-0.33;14.82;0.63;0.47;0.009;-0.98;0.28;-1000.00;-1000.00
929.395;368;0.98;-0.30;15.40;1.27;0.06;86.23;0.79;0.50;217;2;1;7;0.79;0.27;0.24;-0.06;-0.01;0.03;0.08;0.57;0.97;-0.32;16.67;0.67;0.48;0.023;-0.98;0.28;-1000.00;-1000.00
929.505;378;1.01;-0.30;19.04;1.27;0.06;86.23;0.79;0.50;217;2;1;7;0.79;0.28;0.27;-0.09;-0.01;-0.05;-0.07;0.69;1.00;-0.31;20.80;0.73;0.49;0.022;-0.98;0.28;-1000.00;-1000.00
929.595;388;1.03;-0.29;22.91;1.27;0.06;86.23;0.79;0.50;217;2;1;7;0.79;0.29;0.25;-0.09;-0.01;0.00;-0.04;0.68;1.02;-0.30;23.09;0.76;0.50;0.014;-0.98;0.28;-1000.00;-1000.00
929.685;397;1.06;-0.29;26.33;1.27;0.06;86.23;0.79;0.50;217;2;1;7;0.79;0.30;0.26;-0.07;-0.01;-0.01;0.11;0.62;1.05;-0.29;28.00;0.79;0.50;0.008;-0.98;0.28;-1000.00;-1000.00
929.785;407;1.09;-0.29;30.48;1.27;0.06;86.23;0.79;0.50;217;2;1;7;0.79;0.31;0.27;-0.10;-0.01;-0.00;-0.05;0.72;1.07;-0.28;30.48;0.79;0.50;0.012;-0.98;0.28;-1000.00;-1000.00
929.885;416;1.11;-0.28;34.20;1.27;0.06;86.23;0.79;0.50;217;2;1;7;0.79;0.32;0.26;-0.08;-0.01;-0.03;0.12;0.68;1.10;-0.26;35.43;0.79;0.50;0.011;-0.98;0.28;-1000.00;-1000.00
929.995;426;1.14;-0.27;38.56;1.27;0.06;86.23;0.79;0.50;217;2;1;7;0.75;0.33;0.27;-0.08;-0.01;-0.04;0.09;0.71;1.11;-0.25;37.91;0.79;0.50;0.020;-0.98;0.28;-1000.00;-1000.00
930.095;435;1.16;-0.26;42.52;1.27;0.06;86.23;0.79;0.50;217;2;1;7;0.76;0.34;0.30;-0.09;-0.01;0.00;-0.06;0.76;1.14;-0.22;42.87;0.79;0.50;0.016;-0.98;0.28;-1000.00;-1000.00
930.185;445;1.19;-0.24;46.83;1.27;0.06;86.23;0.79;0.50;217;2;1;7;0.72;0.35;0.30;-0.09;-0.01;-0.00;0.02;0.77;1.15;-0.21;45.35;0.79;0.50;0.009;-0.98;0.28;-1000.00;-1000.00
930.285;454;1.21;-0.23;50.73;1.27;0.06;86.23;0.79;0.50;217;2;1;7;0.69;0.36;0.31;-0.08;-0.01;-0.01;-0.04;0.73;1.17;-0.20;47.82;0.79;0.50;0.012;-0.98;0.28;-1000.00;-1000.00
930.375;464;1.24;-0.21;54.61;1.27;0.06;86.23;0.79;0.50;217;2;1;7;0.72;0.37;0.30;-0.07;-0.00;-0.05;0.08;0.59;1.19;-0.17;52.78;0.79;0.50;0.008;-0.98;0.28;-1000.00;-1000.00
930.495;479;1.27;-0.17;60.50;1.27;0.06;86.23;0.79;0.50;217;2;1;7;0.66;0.37;0.31;-0.08;-0.01;0.00;-0.03;0.73;1.20;-0.15;55.26;0.79;0.50;0.021;-0.98;0.28;-1000.00;-1000.00
930.585;487;1.29;-0.15;63.39;1.27;0.06;86.23;0.79;0.50;217;2;1;7;0.72;0.37;0.32;-0.07;-0.01;0.01;-0.03;0.60;1.22;-0.12;60.21;0.79;0.50;0.012;-0.98;0.28;-1000.00;-1000.00
930.695;498;1.31;-0.13;67.43;1.27;0.06;86.23;0.79;0.50;217;2;1;7;0.75;0.38;0.30;-0.08;-0.00;0.02;-0.02;0.68;1.24;-0.09;65.17;0.79;0.50;0.014;-0.98;0.28;-1000.00;-1000.00
930.785;506;1.33;-0.11;70.71;1.27;0.06;86.23;0.79;0.50;217;2;1;7;0.74;0.38;0.30;-0.08;-0.00;0.01;-0.01;0.72;1.24;-0.07;67.64;0.79;0.50;0.009;-0.98;0.28;-1000.00;-1000.00
930.895;515;1.34;-0.08;74.33;1.27;0.06;86.23;0.79;0.50;217;2;1;7;0.72;0.38;0.30;-0.07;0.00;-0.01;0.00;0.68;1.25;-0.06;70.12;0.79;0.50;0.015;-0.98;0.28;-1000.00;-1000.00
930.975;526;1.36;-0.05;79.65;1.27;0.06;86.23;0.79;0.50;217;2;1;7;0.71;0.38;0.32;-0.10;-0.00;-0.08;0.12;0.83;1.26;-0.02;75.08;0.79;0.50;0.007;-0.98;0.28;-1000.00;-1000.00
931.085;534;1.37;-0.02;84.07;1.09;0.44;144.20;0.73;0.50;217;3;1;7;0.67;0.38;0.36;-0.11;0.00;-0.06;0.05;0.94;1.27;-0.01;77.56;0.79;0.50;0.010;-0.98;0.28;-1000.00;-1000.00
931.185;548;1.39;0.03;91.80;1.09;0.44;144.20;0.73;0.50;217;3;1;7;0.32;0.39;0.37;-0.12;-0.00;-0.03;0.01;0.88;1.27;0.03;82.51;0.79;0.50;0.009;-0.98;0.28;-1000.00;-1000.00
931.285;558;1.40;0.06;94.22;1.09;0.44;144.20;0.73;0.50;217;3;1;7;0.39;0.39;0.38;-0.07;-0.01;0.11;-0.06;0.24;1.27;0.05;84.99;0.79;0.50;0.009;-0.98;0.28;-1000.00;-1000.00
931.385;564;1.40;0.09;95.04;1.09;0.44;144.20;0.73;0.50;217;3;1;7;0.52;0.40;0.41;-0.04;-0.01;0.07;-0.07;0.34;1.28;0.08;89.93;0.78;0.50;0.006;-0.98;0.28;-1000.00;-1000.00
931.485;577;1.40;0.14;98.53;1.09;0.44;144.20;0.73;0.50;217;3;1;7;0.62;0.40;0.40;-0.07;-0.01;0.13;-0.05;0.64;1.27;0.12;94.83;0.78;0.50;0.009;-0.98;0.28;-1000.00;-1000.00
931.585;587;1.40;0.18;102.54;1.09;0.44;144.20;0.73;0.50;217;3;1;7;0.67;0.41;0.38;-0.06;-0.00;-0.08;0.03;0.70;1.27;0.16;99.69;0.77;0.50;0.004;-0.98;0.28;-1000.00;-1000.00
931.685;596;1.39;0.21;106.82;1.09;0.44;144.20;0.73;0.50;217;3;1;7;0.64;0.42;0.40;-0.13;-0.01;0.15;-0.02;0.92;1.27;0.17;102.10;0.77;0.50;0.004;-0.98;0.28;-1000.00;-1000.00
931.785;606;1.39;0.25;111.37;1.09;0.44;144.20;0.73;0.50;217;3;1;7;0.66;0.42;0.40;-0.12;-0.01;0.15;-0.01;0.83;1.26;0.21;106.88;0.77;0.50;0.009;-0.98;0.28;-1000.00;-1000.00
931.885;614;1.39;0.29;114.99;1.09;0.44;144.20;0.73;0.50;217;3;1;7;0.65;0.42;0.38;-0.10;-0.01;-0.03;-0.01;0.79;1.25;0.23;109.26;0.76;0.50;0.005;-0.98;0.28;-1000.00;-1000.00
931.975;625;1.38;0.33;119.85;1.09;0.44;144.20;0.73;0.50;217;3;1;7;0.67;0.42;0.39;-0.08;-0.01;-0.04;-0.02;0.72;1.24;0.26;113.98;0.76;0.50;0.005;-0.98;0.28;-1000.00;-1000.00
932.075;634;1.36;0.36;123.86;1.09;0.44;144.20;0.73;0.50;217;3;1;7;0.70;0.43;0.38;-0.10;-0.01;0.02;-0.01;0.80;1.22;0.29;118.66;0.75;0.50;0.004;-0.98;0.28;-1000.00;-1000.00
932.185;644;1.35;0.40;128.58;1.09;0.44;144.20;0.73;0.50;217;3;1;7;0.67;0.42;0.39;-0.11;-0.01;0.05;-0.00;0.88;1.21;0.31;120.99;0.75;0.50;0.007;-0.98;0.28;-1000.00;-1000.00
932.285;658;1.32;0.45;135.04;1.09;0.44;144.20;0.73;0.50;217;3;1;7;0.64;0.42;0.39;-0.09;-0.01;0.04;0.01;0.79;1.19;0.34;125.60;0.75;0.50;0.006;-0.98;0.28;-1000.00;-1000.00
932.375;663;1.31;0.46;137.02;1.09;0.44;144.20;0.73;0.50;217;3;1;7;0.66;0.41;0.40;-0.09;-0.01;0.10;0.02;0.72;1.18;0.35;127.90;0.75;0.50;0.007;-0.98;0.28;-1000.00;-1000.00
932.485;678;1.27;0.51;142.89;1.09;0.44;144.20;0.73;0.50;217;3;1;7;0.69;0.41;0.37;-0.08;-0.01;0.04;-0.00;0.70;1.16;0.38;132.45;0.74;0.50;0.007;-0.98;0.28;-1000.00;-1000.00
932.585;687;1.25;0.53;146.53;1.09;0.44;144.20;0.73;0.50;217;3;1;7;0.69;0.40;0.36;-0.09;-0.01;0.04;0.01;0.75;1.13;0.41;136.96;0.74;0.50;0.005;-0.98;0.28;-1000.00;-1000.00
932.685;697;1.23;0.56;150.54;1.09;0.44;144.20;0.73;0.50;217;3;1;7;0.66;0.39;0.34;-0.08;-0.01;0.04;0.01;0.71;1.12;0.42;139.20;0.73;0.50;0.005;-0.98;0.28;-1000.00;-1000.00
932.775;705;1.20;0.58;153.44;1.09;0.44;144.20;0.73;0.50;217;3;1;7;0.70;0.38;0.34;-0.07;-0.01;0.03;0.00;0.59;1.09;0.44;143.65;0.73;0.50;0.006;-0.98;0.28;-1000.00;-1000.00
932.885;716;1.17;0.60;157.14;1.09;0.44;144.20;0.73;0.50;217;3;1;7;0.66;0.37;0.33;-0.07;-0.01;0.03;0.01;0.62;1.08;0.45;145.84;0.72;0.50;0.005;-0.98;0.28;-1000.00;-1000.00
932.985;724;1.15;0.61;159.81;1.09;0.44;144.20;0.73;0.50;217;3;1;7;0.64;0.36;0.33;-0.05;-0.00;0.02;-0.02;0.51;1.06;0.46;147.96;0.70;0.50;0.007;-0.98;0.28;-1000.00;-1000.00
933.075;734;1.12;0.63;162.60;1.09;0.44;144.20;0.73;0.50;217;3;1;7;0.61;0.34;0.32;-0.08;-0.04;-0.07;0.13;0.54;1.05;0.47;150.01;0.68;0.50;0.004;-0.98;0.28;-1000.00;-1000.00
933.175;745;1.09;0.64;166.14;1.09;0.44;144.20;0.73;0.50;217;3;1;7;0.59;0.33;0.33;-0.07;-0.00;-0.04;-0.02;0.54;1.01;0.49;153.90;0.65;0.50;0.005;-0.98;0.28;-1000.00;-1000.00
933.275;753;1.06;0.65;168.76;1.09;0.44;144.20;0.73;0.50;217;3;1;7;0.56;0.31;0.32;-0.06;-0.00;-0.09;-0.08;0.49;1.00;0.50;155.74;0.63;0.50;0.004;-0.98;0.28;-1000.00;-1000.00
933.375;767;1.02;0.67;173.09;1.09;0.44;144.20;0.73;0.50;217;3;1;7;0.50;0.30;0.33;-0.05;-0.01;0.05;0.04;0.51;0.96;0.51;159.23;0.59;0.50;0.005;-0.98;0.28;-1000.00;-1000.00
933.485;777;0.99;0.68;175.34;1.09;0.44;144.20;0.73;0.50;217;3;1;7;0.47;0.28;0.31;-0.04;-0.01;0.05;0.05;0.37;0.95;0.52;160.88;0.58;0.50;0.007;-0.98;0.28;-1000.00;-1000.00
933.575;786;0.96;0.68;176.87;1.09;0.44;144.20;0.73;0.50;217;3;1;7;0.48;0.27;0.28;-0.03;-0.01;-0.08;-0.11;0.21;0.91;0.53;163.98;0.54;0.50;0.006;-0.98;0.28;-1000.00;-1000.00
933.675;796;0.94;0.69;178.50;1.09;0.44;144.20;0.73;0.50;217;3;1;7;0.46;0.26;0.27;-0.02;-0.01;-0.01;-0.03;0.24;0.90;0.53;165.44;0.52;0.50;0.004;-0.98;0.28;-1000.00;-1000.00
933.785;805;0.91;0.69;179.70;1.09;0.44;144.20;0.73;0.50;217;3;1;7;0.44;0.25;0.25;-0.03;-0.01;-0.03;-0.05;0.19;0.88;0.54;166.84;0.51;0.50;0.007;-0.98;0.28;-1000.00;-1000.00
933.885;815;0.89;0.69;180.66;1.09;0.44;144.20;0.73;0.50;217;3;1;7;0.44;0.23;0.25;0.00;-0.01;0.01;-0.00;0.13;0.86;0.54;168.18;0.49;0.50;0.005;-0.97;0.28;-1000.00;-1000.00
933.985;828;0.85;0.69;181.32;1.09;0.44;144.20;0.73;0.50;217;3;1;7;0.44;0.22;0.24;0.01;-0.01;0.03;0.04;0.06;0.84;0.54;169.47;0.47;0.50;0.006;-0.97;0.28;-1000.00;-1000.00
934.075;834;0.84;0.69;181.45;1.09;0.44;144.20;0.73;0.50;217;3;1;7;0.45;0.21;0.24;0.00;-0.01;0.02;0.03;0.05;0.82;0.55;170.70;0.45;0.50;0.008;-0.97;0.28;-1000.00;-1000.00
934.205;847;0.81;0.69;181.70;0.51;0.56;171.38;-0.63;0.50;489;1;1;4;0.47;0.21;0.23;0.00;-0.01;0.02;0.03;0.05;0.81;0.55;171.87;0.44;0.50;0.025;-0.97;0.28;-1000.00;-1000.00
934.285;857;0.79;0.69;181.89;0.51;0.56;171.38;-0.63;0.50;489;1;1;4;0.42;0.21;0.22;0.00;-0.01;0.02;0.03;0.05;0.65;0.55;180.00;-0.08;0.06;0.017;-0.97;0.28;-1000.00;-1000.00
934.375;865;0.77;0.69;181.95;0.25;0.65;154.12;-0.22;0.50;489;2;1;4;0.37;0.22;0.22;0.01;-0.01;0.03;0.04;0.02;0.65;0.55;180.00;-0.08;0.06;0.012;-0.97;0.28;-1000.00;-1000.00
934.485;876;0.75;0.69;181.88;0.25;0.65;154.12;-0.22;0.50;489;2;1;4;0.19;0.21;0.23;0.00;-0.01;0.02;0.04;-0.00;0.65;0.55;180.00;-0.08;0.06;0.009;-0.97;0.28;-1000.00;-1000.00
934.585;884;0.73;0.68;181.49;0.25;0.65;154.12;-0.22;0.50;489;2;1;4;0.19;0.20;0.22;0.01;-0.01;0.02;0.03;-0.14;0.65;0.55;180.00;-0.08;0.06;0.013;-0.97;0.28;-1000.00;-1000.00
934.685;895;0.71;0.68;180.71;0.25;0.65;154.12;-0.22;0.50;489;2;1;4;0.20;0.18;0.21;0.01;-0.01;0.02;0.04;-0.09;0.65;0.55;180.00;-0.08;0.06;0.019;-0.97;0.28;-1000.00;-1000.00
934.785;903;0.69;0.68;180.33;0.25;0.65;154.12;-0.22;0.50;489;2;1;4;0.20;0.17;0.19;0.00;-0.01;0.02;0.03;-0.06;0.65;0.55;180.00;-0.08;0.06;0.008;-0.97;0.28;-1000.00;-1000.00
934.895;918;0.66;0.68;179.86;0.25;0.65;154.12;-0.22;0.50;489;2;1;4;0.19;0.15;0.17;0.00;-0.01;0.02;0.02;-0.04;0.65;0.55;180.00;-0.08;0.06;0.017;-0.97;0.28;-1000.00;-1000.00
934.995;927;0.65;0.68;179.55;0.25;0.65;154.12;-0.22;0.50;489;2;1;4;0.19;0.14;0.16;0.00;-0.01;0.03;0.03;-0.03;0.65;0.55;180.00;-0.08;0.06;0.013;-0.97;0.28;-1000.00;-1000.00
935.085;937;0.64;0.68;179.33;0.25;0.65;154.12;-0.22;0.50;489;2;1;4;0.11;0.12;0.14;0.00;-0.01;0.02;0.02;-0.03;0.64;0.55;179.94;-0.15;0.12;0.008;-0.97;0.28;-1000.00;-1000.00
935.185;946;0.62;0.68;179.02;0.25;0.65;154.12;-0.22;0.50;489;2;1;4;-0.02;0.12;0.13;0.00;-0.01;0.02;0.01;-0.06;0.62;0.55;179.40;-0.28;0.22;0.015;-0.97;0.28;-1000.00;-1000.00
935.285;956;0.61;0.68;178.53;0.25;0.65;154.12;-0.22;0.50;489;2;1;4;-0.10;0.11;0.12;0.00;-0.00;0.02;0.01;-0.10;0.61;0.55;178.64;-0.35;0.28;0.011;-0.97;0.28;-1000.00;-1000.00
935.375;965;0.60;0.68;177.89;0.25;0.65;154.12;-0.22;0.50;489;2;1;4;-0.16;0.11;0.12;-0.00;-0.00;0.02;0.02;-0.12;0.59;0.55;177.88;-0.41;0.32;0.008;-0.97;0.28;-1000.00;-1000.00
935.485;975;0.59;0.68;177.37;0.25;0.65;154.12;-0.22;0.50;489;2;1;4;-0.23;0.11;0.11;-0.00;0.00;-0.00;-0.01;-0.08;0.58;0.55;176.89;-0.46;0.36;0.013;-0.97;0.28;-1000.00;-1000.00
935.595;988;0.57;0.68;176.73;0.25;0.65;154.12;-0.22;0.50;489;2;1;4;-0.26;0.12;0.11;-0.00;-0.00;-0.00;-0.00;-0.08;0.57;0.55;176.30;-0.48;0.38;0.018;-0.97;0.28;-1000.00;-1000.00
935.685;998;0.56;0.68;176.30;0.25;0.65;154.12;-0.22;0.50;489;2;1;4;-0.35;0.12;0.12;-0.00;-0.00;-0.00;-0.02;-0.08;0.55;0.55;174.89;-0.53;0.42;0.012;-0.97;0.28;-1000.00;-1000.00
935.785;1007;0.55;0.68;175.78;0.25;0.65;154.12;-0.22;0.50;489;2;1;4;-0.45;0.13;0.13;0.01;-0.00;-0.01;0.02;-0.07;0.53;0.56;173.17;-0.58;0.46;0.008;-0.97;0.28;-1000.00;-1000.00
935.895;1017;0.54;0.68;175.12;0.25;0.65;154.12;-0.22;0.50;489;2;1;4;-0.49;0.14;0.14;0.01;-0.00;-0.02;0.02;-0.12;0.52;0.56;172.18;-0.61;0.48;0.015;-0.97;0.28;-1000.00;-1000.00
935.975;1026;0.53;0.69;174.47;0.25;0.65;154.12;-0.22;0.50;489;2;1;4;-0.53;0.15;0.15;0.00;-0.01;-0.01;0.03;-0.14;0.51;0.56;171.10;-0.62;0.50;0.007;-0.97;0.28;-1000.00;-1000.00
936.085;1036;0.51;0.69;173.66;0.25;0.65;154.12;-0.22;0.50;489;2;1;4;-0.56;0.16;0.16;0.00;-0.01;-0.03;0.06;-0.16;0.49;0.56;168.99;-0.59;0.50;0.009;-0.97;0.28;-1000.00;-1000.00
936.175;1045;0.50;0.69;172.88;0.01;0.77;155.85;0.31;0.50;489;3;1;4;-0.58;0.17;0.17;0.00;-0.01;-0.03;0.07;-0.18;0.47;0.57;167.02;-0.56;0.50;0.009;-0.97;0.28;-1000.00;-1000.00
936.275;1055;0.48;0.69;171.93;0.01;0.77;155.85;0.31;0.50;489;3;1;4;-0.52;0.18;0.18;-0.00;-0.01;-0.00;-0.01;-0.17;0.44;0.57;165.18;-0.52;0.50;0.003;-0.98;0.27;-1000.00;-1000.00
936.385;1064;0.47;0.69;171.30;0.01;0.77;155.85;0.31;0.50;489;3;1;4;-0.52;0.19;0.18;-0.01;-0.01;0.01;-0.03;-0.09;0.43;0.58;164.31;-0.51;0.50;0.005;-0.98;0.27;-1000.00;-1000.00
936.485;1074;0.45;0.70;170.72;0.01;0.77;155.85;0.31;0.50;489;3;1;4;-0.53;0.19;0.19;-0.00;-0.01;-0.02;0.03;-0.09;0.41;0.58;162.68;-0.47;0.50;0.009;-0.98;0.27;-1000.00;-1000.00
936.575;1087;0.42;0.70;170.05;0.01;0.77;155.85;0.31;0.50;489;3;1;4;-0.54;0.20;0.19;-0.00;-0.01;0.01;-0.04;-0.08;0.39;0.59;161.18;-0.44;0.50;0.007;-0.98;0.27;-1000.00;-1000.00
936.685;1097;0.40;0.71;169.47;0.01;0.77;155.85;0.31;0.50;489;3;1;4;-0.57;0.20;0.20;-0.00;-0.01;-0.00;-0.01;-0.10;0.36;0.60;159.15;-0.39;0.50;0.007;-0.98;0.27;-1000.00;-1000.00
936.785;1105;0.38;0.71;168.92;0.01;0.77;155.85;0.31;0.50;489;3;1;4;-0.58;0.21;0.20;0.01;-0.01;0.01;-0.02;-0.14;0.34;0.61;157.96;-0.36;0.50;0.008;-0.98;0.27;-1000.00;-1000.00
936.885;1116;0.36;0.71;167.94;0.01;0.77;155.85;0.31;0.50;489;3;1;4;-0.56;0.21;0.22;-0.00;-0.01;-0.02;0.03;-0.16;0.32;0.62;156.88;-0.33;0.50;0.010;-0.98;0.27;-1000.00;-1000.00
936.985;1124;0.35;0.72;167.37;0.01;0.77;155.85;0.31;0.50;489;3;1;4;-0.54;0.22;0.22;-0.00;-0.01;-0.01;0.03;-0.13;0.31;0.62;156.38;-0.31;0.50;0.007;-0.98;0.27;-1000.00;-1000.00
937.085;1135;0.32;0.72;166.75;0.01;0.77;155.85;0.31;0.50;489;3;1;4;-0.54;0.23;0.23;-0.01;-0.00;-0.01;0.03;-0.10;0.28;0.64;155.05;-0.26;0.50;0.004;-0.98;0.27;-1000.00;-1000.00
937.185;1144;0.30;0.73;166.28;0.01;0.77;155.85;0.31;0.50;489;3;1;4;-0.53;0.23;0.24;-0.01;-0.00;-0.01;0.02;-0.10;0.26;0.64;154.29;-0.23;0.50;0.005;-0.98;0.27;-1000.00;-1000.00
937.275;1154;0.28;0.74;165.76;0.01;0.77;155.85;0.31;0.50;489;3;1;4;-0.50;0.24;0.24;-0.01;-0.00;-0.00;0.01;-0.09;0.24;0.65;153.65;-0.19;0.50;0.007;-0.98;0.27;-1000.00;-1000.00
937.385;1167;0.25;0.74;165.11;0.01;0.77;155.85;0.31;0.50;489;3;1;4;-0.47;0.24;0.23;0.02;-0.01;0.07;-0.20;-0.06;0.22;0.66;153.13;-0.14;0.50;0.007;-0.98;0.27;-1000.00;-1000.00
937.475;1177;0.22;0.74;164.16;0.01;0.77;155.85;0.31;0.50;489;3;1;4;-0.42;0.25;0.26;0.04;-0.01;-0.05;0.10;-0.20;0.19;0.68;152.61;-0.08;0.50;0.007;-0.98;0.27;-1000.00;-1000.00
937.575;1186;0.20;0.74;163.31;0.01;0.77;155.85;0.31;0.50;489;3;1;4;-0.37;0.26;0.26;0.02;-0.01;-0.03;0.07;-0.16;0.17;0.69;152.42;-0.04;0.50;0.004;-0.98;0.27;-1000.00;-1000.00
937.675;1195;0.18;0.75;162.75;0.01;0.77;155.85;0.31;0.50;489;3;1;4;-0.31;0.26;0.27;-0.01;-0.01;-0.02;0.05;-0.09;0.15;0.70;152.37;0.00;0.50;0.007;-0.98;0.27;-1000.00;-1000.00
937.775;1205;0.15;0.76;162.53;0.01;0.77;155.85;0.31;0.50;489;3;1;4;-0.25;0.27;0.28;-0.01;-0.01;-0.02;0.06;-0.04;0.13;0.71;152.44;0.05;0.50;0.005;-0.98;0.27;-1000.00;-1000.00
937.885;1214;0.13;0.77;162.61;0.01;0.77;155.85;0.31;0.50;489;3;1;4;-0.21;0.28;0.27;-0.00;-0.01;0.01;-0.04;0.06;0.11;0.72;152.66;0.09;0.50;0.005;-0.98;0.27;-1000.00;-1000.00
937.985;1224;0.10;0.78;162.88;-0.26;0.84;179.43;0.79;0.50;489;4;1;4;-0.15;0.28;0.29;0.00;-0.01;-0.02;0.07;0.04;0.08;0.74;153.22;0.15;0.50;0.004;-0.98;0.27;-1000.00;-1000.00
938.095;1238;0.07;0.79;163.35;-0.26;0.84;179.43;0.79;0.50;489;4;1;4;-0.08;0.29;0.29;-0.00;-0.01;-0.02;0.05;0.04;0.06;0.75;153.77;0.20;0.50;0.014;-0.98;0.27;-1000.00;-1000.00
938.175;1244;0.05;0.80;163.71;-0.26;0.84;179.43;0.79;0.50;489;4;1;4;-0.03;0.29;0.29;-0.00;-0.01;-0.01;0.00;0.13;0.03;0.76;154.84;0.26;0.50;0.006;-0.98;0.27;-1000.00;-1000.00
938.305;1257;0.01;0.81;164.54;-0.25;0.85;180.00;-0.00;0.50;469;0;1;0;0.06;0.29;0.30;-0.01;-0.01;-0.02;0.02;0.10;-0.00;0.77;156.22;0.32;0.50;0.021;-0.98;0.27;-1000.00;-1000.00
938.395;1267;-0.01;0.82;165.38;-0.25;0.85;180.00;-0.00;0.50;469;0;1;0;0.63;0.33;0.29;-0.01;-0.00;-0.01;0.01;0.16;-0.25;0.85;180.00;-0.00;0.50;0.016;-0.98;0.27;-1000.00;-1000.00
938.485;1276;-0.04;0.82;168.03;-0.25;0.85;180.00;-0.00;0.50;469;0;1;0;0.52;0.36;0.33;-0.00;0.01;-0.02;0.00;0.92;-0.25;0.85;180.00;-0.00;0.50;0.015;-0.98;0.27;-1000.00;-1000.00
938.585;1286;-0.08;0.83;172.16;-0.25;0.85;180.00;-0.00;0.50;469;0;1;0;0.33;0.39;0.36;0.00;-0.01;-0.10;-0.12;0.57;-0.25;0.85;180.00;-0.00;0.50;0.007;-0.98;0.27;-1000.00;-1000.00
938.685;1294;-0.11;0.83;174.09;-0.25;0.85;180.00;-0.00;0.50;469;0;1;0;0.25;0.41;0.39;0.00;-0.01;-0.00;-0.02;0.22;-0.25;0.85;180.00;-0.00;0.50;0.014;-0.98;0.27;-1000.00;-1000.00
938.785;1305;-0.15;0.84;174.99;-0.25;0.85;180.00;-0.00;0.50;469;0;1;0;0.21;0.43;0.41;0.01;-0.01;-0.05;-0.08;0.04;-0.25;0.85;180.00;-0.00;0.50;0.008;-0.98;0.28;-1000.00;-1000.00
938.885;1314;-0.19;0.84;175.24;-0.25;0.85;180.00;-0.00;0.50;469;0;1;0;0.20;0.44;0.44;0.01;-0.01;0.05;0.06;0.04;-0.25;0.85;180.00;-0.00;0.50;0.009;-0.98;0.28;-1000.00;-1000.00
938.985;1325;-0.23;0.84;175.36;-0.49;0.85;180.00;-0.00;0.50;469;1;1;0;0.20;0.44;0.45;0.01;-0.01;0.03;0.02;0.03;-0.25;0.85;180.00;-0.00;0.50;0.011;-0.98;0.28;-1000.00;-1000.00
939.085;1337;-0.29;0.84;175.58;-0.49;0.85;180.00;-0.00;0.50;469;1;1;0;0.20;0.44;0.45;0.00;-0.01;0.02;0.02;0.03;-0.27;0.85;180.00;-0.00;0.50;0.010;-0.98;0.28;-1000.00;-1000.00
939.185;1347;-0.34;0.85;175.70;-0.49;0.85;180.00;-0.00;0.50;469;1;1;0;0.20;0.44;0.44;0.01;-0.01;-0.05;-0.07;-0.00;-0.32;0.85;180.00;-0.00;0.50;0.012;-0.98;0.28;-1000.00;-1000.00
939.285;1356;-0.38;0.85;175.88;-0.49;0.85;180.00;-0.00;0.50;469;1;1;0;0.20;0.45;0.46;0.00;-0.01;0.06;0.08;0.05;-0.37;0.85;180.00;-0.00;0.50;0.014;-0.98;0.28;-1000.00;-1000.00
939.385;1366;-0.42;0.85;176.04;-0.49;0.85;180.00;-0.00;0.50;469;1;1;0;0.20;0.45;0.45;0.01;-0.01;-0.02;-0.03;0.01;-0.42;0.85;180.00;-0.00;0.50;0.013;-0.98;0.28;-1000.00;-1000.00
939.485;1374;-0.46;0.85;176.18;-0.49;0.85;180.00;-0.00;0.50;469;1;1;0;0.20;0.45;0.45;0.01;-0.01;-0.02;-0.03;0.01;-0.45;0.85;180.00;-0.00;0.50;0.010;-0.98;0.28;-1000.00;-1000.00
939.585;1385;-0.51;0.86;176.38;-0.73;0.85;180.00;-0.00;0.50;469;2;1;0;0.19;0.45;0.46;0.01;-0.01;0.02;0.02;0.03;-0.50;0.85;180.00;-0.00;0.50;0.012;-0.98;0.28;-1000.00;-1000.00
939.685;1397;-0.56;0.86;176.57;-0.73;0.85;180.00;-0.00;0.50;469;2;1;0;0.19;0.45;0.46;0.01;-0.01;0.02;0.02;0.03;-0.54;0.85;180.00;-0.00;0.50;0.012;-0.98;0.28;-1000.00;-1000.00
939.775;1407;-0.61;0.86;176.67;-0.73;0.85;180.00;-0.00;0.50;469;2;1;0;0.19;0.45;0.45;0.01;-0.01;-0.04;-0.07;-0.01;-0.61;0.85;180.00;-0.00;0.50;0.006;-0.98;0.28;-1000.00;-1000.00
939.885;1416;-0.65;0.86;176.84;-0.73;0.85;180.00;-0.00;0.50;469;2;1;0;0.18;0.46;0.47;0.00;-0.01;0.06;0.09;0.07;-0.65;0.85;180.00;-0.00;0.50;0.011;-0.98;0.28;-1000.00;-1000.00
939.975;1427;-0.70;0.86;176.98;-0.73;0.85;180.00;-0.00;0.50;469;2;1;0;0.18;0.46;0.45;0.01;-0.01;-0.04;-0.06;-0.00;-0.69;0.85;180.00;-0.00;0.50;0.006;-0.98;0.28;-1000.00;-1000.00
940.075;1435;-0.74;0.87;177.09;-0.96;0.85;180.00;-0.00;0.50;469;3;1;0;0.18;0.46;0.46;0.01;-0.01;-0.04;-0.06;-0.00;-0.74;0.85;180.00;-0.00;0.50;0.008;-0.98;0.28;-1000.00;-1000.00
940.185;1446;-0.79;0.87;177.27;-0.96;0.85;180.00;-0.00;0.50;469;3;1;0;0.18;0.46;0.46;0.01;-0.01;-0.01;-0.03;0.01;-0.79;0.85;180.00;-0.00;0.50;0.009;-0.98;0.28;-1000.00;-1000.00
940.275;1454;-0.83;0.87;177.38;-0.96;0.85;180.00;-0.00;0.50;469;3;1;0;0.17;0.46;0.46;0.01;-0.01;-0.01;-0.03;0.00;-0.83;0.85;180.00;-0.00;0.50;0.003;-0.98;0.28;-1000.00;-1000.00
940.395;1469;-0.90;0.87;177.58;-0.96;0.85;180.00;-0.00;0.50;469;3;1;0;0.17;0.46;0.47;0.01;-0.01;0.02;0.02;0.03;-0.86;0.85;180.00;-0.00;0.50;0.014;-0.98;0.28;-1000.00;-1000.00
940.475;1473;-0.92;0.87;177.62;-0.96;0.85;180.00;-0.00;0.50;469;3;1;0;0.17;0.46;0.47;0.01;-0.01;0.02;0.02;0.01;-0.91;0.85;180.00;-0.00;0.50;0.003;-0.98;0.28;-1000.00;-1000.00
940.575;1487;-0.98;0.87;177.73;-1.20;0.85;180.00;0.00;0.50;469;4;1;0;0.17;0.46;0.46;0.01;-0.01;-0.04;-0.06;-0.00;-0.97;0.85;180.00;-0.00;0.50;0.004;-0.98;0.28;-1000.00;-1000.00
940.675;1496;-1.02;0.87;177.87;-1.20;0.85;180.00;0.00;0.50;469;4;1;0;0.16;0.46;0.48;0.00;-0.01;0.06;0.09;0.05;-1.02;0.85;180.00;-0.00;0.50;0.001;-0.98;0.28;-1000.00;-1000.00
940.775;1507;-1.08;0.88;177.97;-1.20;0.85;180.00;0.00;0.50;469;4;1;0;0.16;0.47;0.46;0.01;-0.01;-0.04;-0.06;-0.01;-1.08;0.85;180.00;-0.00;0.50;0.001;-0.98;0.28;-1000.00;-1000.00
940.875;1515;-1.11;0.88;178.06;-1.20;0.85;180.00;0.00;0.50;469;4;1;0;0.16;0.47;0.47;0.01;-0.01;-0.04;-0.06;-0.00;-1.12;0.85;180.00;-0.00;0.50;0.001;-0.98;0.28;-1000.00;-1000.00
940.975;1524;-1.16;0.88;178.18;-1.20;0.85;180.00;0.00;0.50;469;4;1;0;0.15;0.47;0.49;0.00;-0.01;0.06;0.09;0.05;-1.15;0.85;180.00;0.00;0.50;0.001;-0.98;0.28;-1000.00;-1000.00
941.085;1534;-1.20;0.88;178.28;-1.44;0.85;180.00;-0.00;0.50;173;5;0;9;0.15;0.47;0.47;0.01;-0.01;-0.01;-0.02;0.00;-1.20;0.85;180.00;0.00;0.50;0.005;-0.98;0.28;-1000.00;-1000.00
941.175;1544;-1.25;0.88;178.37;-1.44;0.85;180.00;-0.00;0.50;173;5;0;9;0.15;0.47;0.49;0.00;-0.01;0.06;0.09;0.05;-1.45;0.85;180.00;-0.00;0.50;0.001;-0.98;0.28;-1000.00;-1000.00
941.285;1556;-1.28;0.88;178.23;-1.44;0.85;180.00;-0.00;0.50;173;5;0;9;0.15;0.47;0.05;-0.06;-0.02;0.02;0.14;0.01;-1.45;0.85;180.00;-0.00;0.50;0.008;-0.98;0.28;-1000.00;-1000.00
941.375;1563;-1.28;0.89;178.12;-1.44;0.85;180.00;-0.00;0.50;173;5;0;9;0.15;0.47;-0.01;-0.03;0.00;0.02;0.02;-0.05;-1.45;0.85;180.00;-0.00;0.50;0.001;-0.98;0.27;-1000.00;-1000.00
941.475;1576;-1.28;0.89;177.91;-1.44;0.85;180.00;-0.00;0.50;173;5;0;9;0.15;0.47;0.00;0.00;-0.00;0.00;-0.01;-0.02;-1.45;0.85;180.00;-0.00;0.50;0.001;-0.98;0.27;-1000.00;-1000.00
941.575;1586;-1.28;0.89;177.81;-1.44;0.85;180.00;-0.00;0.50;173;5;0;9;0.15;0.47;0.00;-0.00;-0.00;0.00;-0.00;-0.01;-1.45;0.85;180.00;-0.00;0.50;0.002;-0.98;0.27;-1000.00;-1000.00
941.675;1597;-1.28;0.89;177.74;-1.44;0.85;180.00;-0.00;0.50;173;5;0;9;0.15;0.47;0.00;-0.00;-0.00;0.00;-0.00;-0.01;-1.45;0.85;180.00;-0.00;0.50;0.001;-0.98;0.27;-1000.00;-1000.00
941.775;1605;-1.28;0.89;177.70;-1.15;0.85;180.00;-0.00;0.37;331;0;1;8;0.15;0.47;0.00;-0.00;-0.00;0.00;-0.00;-0.01;-1.45;0.85;180.00;-0.00;0.50;0.001;-0.98;0.27;-1000.00;-1000.00
941.885;1614;-1.28;0.89;177.66;-1.53;0.90;155.10;-0.79;0.50;331;1;0;8;0.15;0.47;0.00;-0.00;-0.00;0.00;-0.00;-0.01;-1.28;0.85;177.68;-0.29;0.42;0.009;-0.98;0.27;-1000.00;-1000.00
941.995;1628;-1.28;0.89;177.62;-1.53;0.90;155.10;-0.79;0.50;331;1;0;8;0.15;0.47;0.00;-0.00;-0.00;-0.00;-0.00;-0.00;-1.28;0.85;177.68;-0.29;0.42;0.018;-0.98;0.27;-1000.00;-1000.00
942.075;1638;-1.28;0.89;177.60;-1.53;0.90;155.10;-0.79;0.50;331;1;0;8;0.15;0.47;0.00;0.00;-0.00;-0.00;-0.00;-0.00;-1.28;0.85;177.68;-0.29;0.42;0.010;-0.98;0.27;-1000.00;-1000.00
942.185;1647;-1.28;0.89;177.59;-1.53;0.90;155.10;-0.79;0.50;331;1;0;8;0.15;0.47;0.00;0.00;-0.00;-0.00;-0.00;-0.00;-1.28;0.85;177.68;-0.29;0.42;0.010;-0.98;0.27;-1000.00;-1000.00
942.295;1658;-1.28;0.89;177.58;-1.53;0.90;155.10;-0.79;0.50;331;1;0;8;0.15;0.47;0.00;0.00;-0.00;-0.00;-0.00;-0.00;-1.28;0.85;177.68;-0.29;0.42;0.019;-0.98;0.27;-1000.00;-1000.00
942.375;1666;-1.28;0.89;177.57;-1.53;0.90;155.10;-0.79;0.50;331;1;0;8;0.15;0.47;0.00;0.00;-0.00;-0.00;-0.00;-0.00;-1.28;0.85;177.68;-0.29;0.42;0.009;-0.98;0.27;-1000.00;-1000.00
942.485;1675;-1.28;0.89;177.57;-1.53;0.90;155.10;-0.79;0.50;331;1;0;8;0.15;0.47;0.00;0.00;-0.00;-0.00;-0.00;-0.00;-1.28;0.85;177.68;-0.29;0.42;0.012;-0.98;0.27;-1000.00;-1000.00
942.585;1685;-1.28;0.89;177.56;-1.53;0.90;155.10;-0.79;0.50;331;1;0;8;0.15;0.47;0.00;0.00;-0.00;-0.00;-0.00;-0.00;-1.28;0.85;177.68;-0.29;0.42;0.009;-0.98;0.28;-1000.00;-1000.00
942.675;1694;-1.28;0.89;177.56;-1.53;0.90;155.10;-0.79;0.50;331;1;0;8;0.15;0.47;0.00;0.00;-0.00;-0.00;-0.00;-0.00;-1.28;0.85;177.68;-0.29;0.42;0.006;-0.98;0.28;-1000.00;-1000.00
942.795;1708;-1.28;0.89;177.56;-1.53;0.90;155.10;-0.79;0.50;331;1;0;8;0.15;0.47;0.00;0.00;-0.00;-0.00;-0.00;-0.00;-1.28;0.85;177.68;-0.29;0.42;0.018;-0.98;0.28;-1000.00;-1000.00
942.885;1718;-1.28;0.89;177.56;-1.53;0.90;155.10;-0.79;0.50;331;1;0;8;0.15;0.47;0.00;0.00;-0.00;-0.00;-0.00;-0.00;-1.28;0.85;177.68;-0.29;0.42;0.010;-0.98;0.28;-1000.00;-1000.00
942.995;1727;-1.28;0.89;177.56;-1.53;0.90;155.10;-0.79;0.50;331;1;0;8;0.15;0.47;0.00;0.00;-0.00;-0.00;-0.00;-0.00;-1.28;0.85;177.68;-0.29;0.42;0.013;-0.98;0.28;-1000.00;-1000.00
943.075;1737;-1.28;0.89;177.56;-1.53;0.90;155.10;-0.79;0.50;331;1;0;8;0.15;0.47;0.00;0.00;-0.00;-0.00;-0.00;-0.00;-1.28;0.85;177.68;-0.29;0.42;0.009;-0.98;0.28;-1000.00;-1000.00
943.185;1747;-1.28;0.89;177.55;-1.53;0.90;155.10;-0.79;0.50;331;1;0;8;0.15;0.47;0.00;0.00;-0.00;-0.00;-0.00;-0.00;-1.28;0.85;177.68;-0.29;0.42;0.010;-0.98;0.28;-1000.00;-1000.00
943.295;1755;-1.28;0.89;177.55;-1.53;0.90;155.10;-0.79;0.50;331;1;0;8;0.15;0.47;0.00;0.00;-0.00;-0.00;-0.00;-0.00;-1.28;0.85;177.68;-0.29;0.42;0.017;-0.98;0.28;-1000.00;-1000.00
943.375;1766;-1.28;0.89;177.55;-1.53;0.90;155.10;-0.79;0.50;331;1;0;8;0.15;0.47;0.00;0.00;-0.00;-0.00;-0.00;-0.00;-1.28;0.85;177.68;-0.29;0.42;0.008;-0.98;0.28;-1000.00;-1000.00
943.475;1774;-1.29;0.89;177.55;-1.53;0.90;155.10;-0.79;0.50;331;1;0;8;0.15;0.47;0.00;0.00;-0.00;-0.00;-0.00;-0.00;-1.28;0.85;177.68;-0.29;0.42;0.008;-0.98;0.28;-1000.00;-1000.00
943.585;1785;-1.29;0.89;177.55;-1.53;0.90;155.10;-0.79;0.50;331;1;0;8;0.15;0.47;0.00;0.00;-0.00;-0.00;-0.00;-0.00;-1.28;0.85;177.68;-0.29;0.42;0.012;-0.98;0.28;-1000.00;-1000.00
943.675;1794;-1.29;0.89;177.55;-1.53;0.90;155.10;-0.79;0.50;331;1;0;8;0.15;0.47;0.00;0.00;-0.00;-0.00;-0.00;0.00;-1.28;0.85;177.68;-0.29;0.42;0.008;-0.98;0.28;-1000.00;-1000.00
943.795;1808;-1.29;0.89;177.55;-1.15;0.85;180.00;-0.00;0.37;331;0;1;8;0.15;0.47;0.00;0.00;-0.00;-0.00;-0.00;0.00;-1.28;0.85;177.68;-0.29;0.42;0.014;-0.98;0.28;-1000.00;-1000.00
943.885;1817;-1.29;0.89;177.55;-1.53;0.90;155.10;-0.79;0.50;331;1;0;8;0.15;0.47;0.00;0.00;-0.00;-0.00;-0.00;0.00;-1.29;0.85;177.05;-0.32;0.42;0.015;-0.98;0.28;-1000.00;-1000.00
943.985;1827;-1.29;0.89;177.55;-1.53;0.90;155.10;-0.79;0.50;331;1;0;8;0.15;0.47;0.00;0.00;-0.00;-0.00;-0.00;0.00;-1.29;0.85;177.05;-0.32;0.42;0.012;-0.98;0.28;-1000.00;-1000.00
944.085;1835;-1.29;0.89;177.55;-1.53;0.90;155.10;-0.79;0.50;331;1;0;8;0.15;0.47;0.00;0.00;-0.00;-0.00;-0.00;0.00;-1.29;0.85;177.05;-0.32;0.42;0.010;-0.98;0.28;-1000.00;-1000.00
944.185;1846;-1.29;0.89;177.55;-1.53;0.90;155.10;-0.79;0.50;331;1;0;8;0.15;0.47;0.00;0.00;-0.00;-0.00;-0.00;0.00;-1.29;0.85;177.05;-0.32;0.42;0.015;-0.99;0.28;-1000.00;-1000.00
944.285;1854;-1.29;0.89;177.55;-1.53;0.90;155.10;-0.79;0.50;331;1;0;8;0.15;0.47;0.00;0.00;-0.00;-0.00;-0.00;0.00;-1.29;0.85;177.05;-0.32;0.42;0.008;-0.99;0.28;-1000.00;-1000.00
944.385;1868;-1.29;0.89;177.55;-1.53;0.90;155.10;-0.79;0.50;331;1;0;8;0.15;0.47;0.00;0.00;-0.00;-0.00;-0.00;0.00;-1.29;0.85;177.05;-0.32;0.42;0.012;-0.99;0.28;-1000.00;-1000.00
944.485;1878;-1.29;0.89;177.56;-1.53;0.90;155.10;-0.79;0.50;331;1;0;8;0.15;0.47;0.00;0.00;-0.00;-0.00;-0.00;0.00;-1.29;0.85;177.05;-0.32;0.42;0.008;-0.99;0.28;-1000.00;-1000.00
944.575;1886;-1.29;0.89;177.56;-1.53;0.90;155.10;-0.79;0.50;331;1;0;8;0.15;0.47;0.00;0.00;-0.00;-0.00;-0.00;0.00;-1.29;0.85;177.05;-0.32;0.42;0.007;-0.99;0.28;-1000.00;-1000.00
944.695;1896;-1.29;0.89;177.56;-1.53;0.90;155.10;-0.79;0.50;331;1;0;8;0.15;0.47;0.00;0.00;-0.00;-0.00;-0.00;0.00;-1.29;0.85;177.05;-0.32;0.42;0.018;-0.99;0.28;-1000.00;-1000.00
944.775;1906;-1.29;0.89;177.56;-1.53;0.90;155.10;-0.79;0.50;331;1;0;8;0.15;0.47;0.00;0.00;-0.00;-0.00;-0.00;0.00;-1.29;0.85;177.05;-0.32;0.42;0.007;-0.99;0.28;-1000.00;-1000.00
944.875;1914;-1.29;0.89;177.56;-1.53;0.90;155.10;-0.79;0.50;331;1;0;8;0.15;0.47;0.00;0.00;-0.00;-0.00;-0.00;0.00;-1.29;0.85;177.05;-0.32;0.42;0.008;-0.99;0.28;-1000.00;-1000.00
944.975;1924;-1.29;0.89;177.56;-1.53;0.90;155.10;-0.79;0.50;331;1;0;8;0.15;0.47;0.00;0.00;-0.00;-0.00;-0.00;0.00;-1.29;0.85;177.05;-0.32;0.42;0.007;-0.99;0.28;-1000.00;-1000.00
945.095;1938;-1.29;0.89;177.56;-1.53;0.90;155.10;-0.79;0.50;331;1;0;8;0.15;0.47;0.00;0.00;-0.00;-0.00;-0.00;0.00;-1.29;0.85;177.05;-0.32;0.42;0.012;-0.99;0.28;-1000.00;-1000.00
945.185;1947;-1.29;0.89;177.56;-1.53;0.90;155.10;-0.79;0.50;331;1;0;8;0.15;0.47;0.00;0.00;-0.00;-0.00;-0.00;0.00;-1.29;0.85;177.05;-0.32;0.42;0.012;-0.99;0.28;-1000.00;-1000.00
945.285;1957;-1.29;0.89;177.56;-1.53;0.90;155.10;-0.79;0.50;331;1;0;8;0.15;0.47;0.00;0.00;-0.00;-0.00;-0.00;0.00;-1.29;0.85;177.05;-0.32;0.42;0.010;-0.99;0.28;-1000.00;-1000.00
945.385;1966;-1.29;0.89;177.56;-1.53;0.90;155.10;-0.79;0.50;331;1;0;8;0.15;0.47;0.00;0.00;-0.00;-0.00;-0.00;0.00;-1.29;0.85;177.05;-0.32;0.42;0.011;-0.99;0.28;-1000.00;-1000.00
945.485;1976;-1.29;0.89;177.56;-1.53;0.90;155.10;-0.79;0.50;331;1;0;8;0.15;0.47;0.00;0.00;-0.00;-0.00;-0.00;0.00;-1.29;0.85;177.05;-0.32;0.42;0.017;-0.99;0.28;-1000.00;-1000.00
945.575;1985;-1.29;0.89;177.56;-1.53;0.90;155.10;-0.79;0.50;331;1;0;8;0.15;0.47;0.00;0.00;-0.00;-0.00;-0.00;0.00;-1.29;0.85;177.05;-0.32;0.42;0.007;-0.99;0.28;-1000.00;-1000.00
945.685;1995;-1.29;0.89;177.56;-1.53;0.90;155.10;-0.79;0.50;331;1;0;8;0.15;0.47;0.00;0.00;-0.00;-0.00;-0.00;0.00;-1.29;0.85;177.05;-0.32;0.42;0.011;-0.99;0.28;-1000.00;-1000.00
945.805;2010;-1.29;0.89;177.56;-1.15;0.85;180.00;-0.00;0.37;331;0;1;8;0.15;0.47;0.00;0.00;-0.00;-0.00;-0.00;0.00;-1.29;0.85;177.05;-0.32;0.42;0.018;-0.99;0.28;-1000.00;-1000.00
945.885;2014;-1.29;0.89;177.56;-1.53;0.90;155.10;-0.79;0.50;331;1;0;8;0.15;0.47;0.00;0.00;-0.00;-0.00;-0.00;0.00;-1.29;0.85;177.05;-0.32;0.42;0.007;-0.99;0.28;-1000.00;-1000.00
945.985;2027;-1.29;0.89;177.56;-1.53;0.90;155.10;-0.79;0.50;331;1;0;8;0.15;0.47;0.00;0.00;-0.00;-0.00;-0.00;0.00;-1.29;0.85;177.05;-0.32;0.42;0.011;-0.99;0.28;-1000.00;-1000.00
946.085;2037;-1.29;0.89;177.56;-1.53;0.90;155.10;-0.79;0.50;331;1;0;8;0.15;0.47;0.00;0.00;-0.00;-0.00;-0.00;0.00;-1.29;0.85;177.05;-0.32;0.42;0.011;-0.99;0.28;-1000.00;-1000.00
946.185;2046;-1.29;0.89;177.56;-1.53;0.90;155.10;-0.79;0.50;331;1;0;8;0.15;0.47;0.00;0.00;-0.00;-0.00;-0.00;0.00;-1.29;0.85;177.05;-0.32;0.42;0.008;-0.99;0.28;-1000.00;-1000.00
946.295;2055;-1.29;0.89;177.56;-1.53;0.90;155.10;-0.79;0.50;331;1;0;8;0.15;0.47;0.00;0.00;-0.00;-0.00;-0.00;0.00;-1.29;0.85;177.05;-0.32;0.42;0.019;-0.99;0.28;-1000.00;-1000.00
946.375;2066;-1.29;0.89;177.56;-1.53;0.90;155.10;-0.79;0.50;331;1;0;8;0.15;0.47;0.00;0.00;-0.00;-0.00;-0.00;0.00;-1.29;0.85;177.05;-0.32;0.42;0.006;-0.99;0.28;-1000.00;-1000.00
946.475;2074;-1.29;0.89;177.56;-1.53;0.90;155.10;-0.79;0.50;331;1;0;8;0.15;0.47;0.00;0.00;-0.00;-0.00;-0.00;0.00;-1.29;0.85;177.05;-0.32;0.42;0.007;-0.99;0.28;-1000.00;-1000.00
946.595;2085;-1.29;0.89;177.56;-1.53;0.90;155.10;-0.79;0.50;331;1;0;8;0.15;0.47;0.00;0.00;-0.00;-0.00;-0.00;0.00;-1.29;0.85;177.05;-0.32;0.42;0.015;-0.99;0.28;-1000.00;-1000.00
946.675;2093;-1.29;0.89;177.56;-1.53;0.90;155.10;-0.79;0.50;331;1;0;8;0.15;0.47;0.00;0.00;-0.00;-0.00;-0.00;0.00;-1.29;0.85;177.05;-0.32;0.42;0.009;-0.99;0.28;-1000.00;-1000.00
946.785;2108;-1.29;0.89;177.56;-1.53;0.90;155.10;-0.79;0.50;331;1;0;8;0.15;0.47;0.00;0.00;-0.00;-0.00;-0.00;0.00;-1.29;0.85;177.05;-0.32;0.42;0.008;-0.99;0.28;-1000.00;-1000.00
946.895;2116;-1.29;0.89;177.56;-1.53;0.90;155.10;-0.79;0.50;331;1;0;8;0.15;0.47;0.00;0.00;-0.00;-0.00;-0.00;0.00;-1.29;0.85;177.05;-0.32;0.42;0.016;-0.99;0.28;-1000.00;-1000.00
946.985;2125;-1.29;0.89;177.56;-1.53;0.90;155.10;-0.79;0.50;331;1;0;8;0.15;0.47;0.00;0.00;-0.00;-0.00;-0.00;0.00;-1.29;0.85;177.05;-0.32;0.42;0.007;-0.99;0.28;-1000.00;-1000.00
947.085;2136;-1.29;0.89;177.56;-1.53;0.90;155.10;-0.79;0.50;331;1;0;8;0.15;0.47;0.00;0.00;-0.00;-0.00;-0.00;0.00;-1.29;0.85;177.05;-0.32;0.42;0.008;-0.99;0.28;-1000.00;-1000.00
947.175;2144;-1.29;0.89;177.56;-1.53;0.90;155.10;-0.79;0.50;331;1;0;8;0.15;0.47;0.00;0.00;-0.00;-0.00;-0.00;0.00;-1.29;0.85;177.05;-0.32;0.42;0.008;-0.99;0.28;-1000.00;-1000.00
947.295;2159;-1.29;0.89;177.56;-1.53;0.90;155.10;-0.79;0.50;331;1;0;8;0.15;0.47;0.00;0.00;-0.00;-0.00;-0.00;0.00;-1.29;0.85;177.05;-0.32;0.42;0.023;-0.99;0.28;-1000.00;-1000.00
947.385;2167;-1.29;0.89;177.56;-1.53;0.90;155.10;-0.79;0.50;331;1;0;8;0.15;0.47;0.00;0.00;-0.00;-0.00;-0.00;0.00;-1.29;0.85;177.05;-0.32;0.42;0.011;-0.99;0.28;-1000.00;-1000.00
947.485;2178;-1.29;0.89;177.56;-1.53;0.90;155.10;-0.79;0.50;331;1;0;8;0.15;0.47;0.00;0.00;-0.00;-0.00;-0.00;0.00;-1.29;0.85;177.05;-0.32;0.42;0.009;-0.99;0.28;-1000.00;-1000.00
947.585;2186;-1.29;0.89;177.56;-1.53;0.90;155.10;-0.79;0.50;331;1;0;8;0.15;0.47;0.00;0.00;-0.00;-0.00;-0.00;0.00;-1.29;0.85;177.05;-0.32;0.42;0.008;-0.99;0.28;-1000.00;-1000.00
947.685;2197;-1.29;0.89;177.56;-1.53;0.90;155.10;-0.79;0.50;331;1;0;8;0.15;0.47;0.00;0.00;-0.00;-0.00;-0.00;0.00;-1.29;0.85;177.05;-0.32;0.42;0.017;-0.99;0.28;-1000.00;-1000.00
947.785;2206;-1.29;0.89;177.56;-1.15;0.85;180.00;-0.00;0.37;331;0;1;8;0.15;0.47;0.00;0.00;-0.00;-0.00;-0.00;0.00;-1.29;0.85;177.05;-0.32;0.42;0.008;-0.99;0.28;-1000.00;-1000.00
947.875;2216;-1.29;0.89;177.56;-1.53;0.90;155.10;-0.79;0.50;331;1;0;8;0.15;0.47;0.00;0.00;-0.00;-0.00;-0.00;0.00;-1.29;0.85;177.05;-0.32;0.42;0.007;-0.99;0.28;-1000.00;-1000.00
947.985;2225;-1.29;0.89;177.56;-1.53;0.90;155.10;-0.79;0.50;331;1;0;8;0.15;0.47;0.00;0.00;-0.00;-0.00;-0.00;0.00;-1.29;0.85;177.05;-0.32;0.42;0.014;-0.99;0.28;-1000.00;-1000.00
948.085;2235;-1.29;0.89;177.56;-1.53;0.90;155.10;-0.79;0.50;331;1;0;8;0.15;0.47;0.00;0.00;-0.00;-0.00;-0.00;0.00;-1.29;0.85;177.05;-0.32;0.42;0.012;-0.99;0.28;-1000.00;-1000.00
948.175;2244;-1.29;0.89;177.56;-1.53;0.90;155.10;-0.79;0.50;331;1;0;8;0.15;0.47;0.00;0.00;-0.00;-0.00;-0.00;0.00;-1.29;0.85;177.05;-0.32;0.42;0.007;-0.99;0.28;-1000.00;-1000.00
948.285;2254;-1.29;0.89;177.56;-1.53;0.90;155.10;-0.79;0.50;331;1;0;8;0.15;0.47;0.00;0.00;-0.00;-0.00;-0.00;0.00;-1.29;0.85;177.05;-0.32;0.42;0.010;-0.99;0.28;-1000.00;-1000.00
948.375;2265;-1.29;0.89;177.56;-1.53;0.90;155.10;-0.79;0.50;331;1;0;8;0.15;0.47;0.00;0.00;-0.00;-0.00;-0.00;0.00;-1.29;0.85;177.05;-0.32;0.42;0.006;-0.99;0.28;-1000.00;-1000.00
948.495;2278;-1.29;0.89;177.56;-1.53;0.90;155.10;-0.79;0.50;331;1;0;8;0.15;0.47;0.00;0.00;-0.00;-0.00;-0.00;0.00;-1.29;0.85;177.05;-0.32;0.42;0.015;-0.99;0.28;-1000.00;-1000.00
948.575;2284;-1.29;0.89;177.56;-1.53;0.90;155.10;-0.79;0.50;331;1;0;8;0.15;0.47;0.00;0.00;-0.00;-0.00;-0.00;0.00;-1.29;0.85;177.05;-0.32;0.42;0.006;-0.99;0.28;-1000.00;-1000.00
948.685;2297;-1.29;0.89;177.56;-1.53;0.90;155.10;-0.79;0.50;331;1;0;8;0.15;0.47;0.00;0.00;-0.00;-0.00;-0.00;0.00;-1.29;0.85;177.05;-0.32;0.42;0.014;-0.99;0.28;-1000.00;-1000.00
948.785;2307;-1.29;0.89;177.56;-1.53;0.90;155.10;-0.79;0.50;331;1;0;8;0.15;0.47;0.00;0.00;-0.00;-0.00;-0.00;0.00;-1.29;0.85;177.05;-0.32;0.42;0.010;-0.99;0.28;-1000.00;-1000.00
948.885;2316;-1.29;0.89;177.56;-1.53;0.90;155.10;-0.79;0.50;331;1;0;8;0.15;0.47;0.00;0.00;-0.00;-0.00;-0.00;0.00;-1.29;0.85;177.05;-0.32;0.42;0.014;-0.99;0.28;-1000.00;-1000.00
948.985;2326;-1.29;0.89;177.56;-1.53;0.90;155.10;-0.79;0.50;331;1;0;8;0.15;0.47;0.00;0.00;-0.00;-0.00;-0.00;0.00;-1.29;0.85;177.05;-0.32;0.42;0.015;-0.99;0.28;-1000.00;-1000.00
949.085;2335;-1.29;0.89;177.56;-1.53;0.90;155.10;-0.79;0.50;331;1;0;8;0.15;0.47;0.00;0.00;-0.00;-0.00;-0.00;0.00;-1.29;0.85;177.05;-0.32;0.42;0.007;-0.99;0.28;-1000.00;-1000.00
949.185;2345;-1.29;0.89;177.56;-1.53;0.90;155.10;-0.79;0.50;331;1;0;8;0.15;0.47;0.00;0.00;-0.00;-0.00;-0.00;0.00;-1.29;0.85;177.05;-0.32;0.42;0.011;-0.99;0.28;-1000.00;-1000.00
949.275;2354;-1.29;0.89;177.56;-1.53;0.90;155.10;-0.79;0.50;331;1;0;8;0.15;0.47;0.00;0.00;-0.00;-0.00;-0.00;0.00;-1.29;0.85;177.05;-0.32;0.42;0.007;-0.99;0.28;-1000.00;-1000.00
949.385;2365;-1.29;0.89;177.56;-1.53;0.90;155.10;-0.79;0.50;331;1;0;8;0.15;0.47;0.00;0.00;-0.00;-0.00;-0.00;0.00;-1.29;0.85;177.05;-0.32;0.42;0.008;-0.99;0.28;-1000.00;-1000.00
949.485;2373;-1.29;0.89;177.56;-1.53;0.90;155.10;-0.79;0.50;331;1;0;8;0.15;0.47;0.00;0.00;-0.00;-0.00;-0.00;0.00;-1.29;0.85;177.05;-0.32;0.42;0.008;-0.99;0.28;-1000.00;-1000.00
949.585;2384;-1.29;0.89;177.56;-1.53;0.90;155.10;-0.79;0.50;331;1;0;8;0.15;0.47;0.00;0.00;-0.00;-0.00;-0.00;0.00;-1.29;0.85;177.05;-0.32;0.42;0.009;-0.99;0.28;-1000.00;-1000.00
949.685;2397;-1.29;0.89;177.56;-1.53;0.90;155.10;-0.79;0.50;331;1;0;8;0.15;0.47;0.00;0.00;-0.00;-0.00;-0.00;0.00;-1.29;0.85;177.05;-0.32;0.42;0.008;-0.99;0.28;-1000.00;-1000.00
949.805;2407;-1.29;0.89;177.56;-1.15;0.85;180.00;-0.00;0.37;331;0;1;8;0.15;0.47;0.00;0.00;-0.00;-0.00;-0.00;0.00;-1.29;0.85;177.05;-0.32;0.42;0.009;-0.99;0.28;-1000.00;-1000.00
949.885;2416;-1.29;0.89;177.56;-1.53;0.90;155.10;-0.79;0.50;331;1;0;8;0.15;0.47;0.00;0.00;-0.00;-0.00;-0.00;0.00;-1.29;0.85;177.05;-0.32;0.42;0.011;-0.99;0.28;-1000.00;-1000.00
949.975;2426;-1.29;0.89;177.56;-1.53;0.90;155.10;-0.79;0.50;331;1;0;8;0.15;0.47;0.00;0.00;-0.00;-0.00;-0.00;0.00;-1.29;0.85;177.05;-0.32;0.42;0.006;-0.99;0.28;-1000.00;-1000.00
950.085;2437;-1.29;0.89;177.56;-1.53;0.90;155.10;-0.79;0.50;331;1;0;8;0.15;0.47;0.00;0.00;-0.00;-0.00;-0.00;0.00;-1.29;0.85;177.05;-0.32;0.42;0.008;-0.99;0.28;-1000.00;-1000.00
950.185;2445;-1.29;0.89;177.56;-1.53;0.90;155.10;-0.79;0.50;331;1;0;8;0.15;0.47;0.00;0.00;-0.00;-0.00;-0.00;0.00;-1.29;0.85;177.05;-0.32;0.42;0.008;-0.99;0.28;-1000.00;-1000.00
950.295;2459;-1.29;0.89;177.56;-1.53;0.90;155.10;-0.79;0.50;331;1;0;8;0.15;0.47;0.00;0.00;-0.00;-0.00;-0.00;0.00;-1.29;0.85;177.05;-0.32;0.42;0.019;-0.99;0.28;-1000.00;-1000.00
950.375;2464;-1.29;0.89;177.56;-1.53;0.90;155.10;-0.79;0.50;331;1;0;8;0.15;0.47;0.00;0.00;-0.00;-0.00;-0.00;0.00;-1.29;0.85;177.05;-0.32;0.42;0.007;-0.99;0.28;-1000.00;-1000.00
950.485;2475;-1.29;0.89;177.56;-1.53;0.90;155.10;-0.79;0.50;331;1;0;8;0.15;0.47;0.00;0.00;-0.00;-0.00;-0.00;0.00;-1.29;0.85;177.05;-0.32;0.42;0.017;-0.99;0.28;-1000.00;-1000.00
950.575;2483;-1.29;0.89;177.56;-1.53;0.90;155.10;-0.79;0.50;331;1;0;8;0.15;0.47;0.00;0.00;-0.00;-0.00;-0.00;0.00;-1.29;0.85;177.05;-0.32;0.42;0.007;-0.99;0.28;-1000.00;-1000.00
950.685;2498;-1.29;0.89;177.56;-1.53;0.90;155.10;-0.79;0.50;331;1;0;8;0.15;0.47;0.00;0.00;-0.00;-0.00;-0.00;0.00;-1.29;0.85;177.05;-0.32;0.42;0.011;-0.99;0.28;-1000.00;-1000.00
950.785;2506;-1.29;0.89;177.56;-1.53;0.90;155.10;-0.79;0.50;331;1;0;8;0.15;0.47;0.00;0.00;-0.00;-0.00;-0.00;0.00;-1.29;0.85;177.05;-0.32;0.42;0.014;-0.99;0.28;-1000.00;-1000.00
950.885;2517;-1.29;0.89;177.56;-1.53;0.90;155.10;-0.79;0.50;331;1;0;8;0.15;0.47;0.00;0.00;-0.00;-0.00;-0.00;0.00;-1.29;0.85;177.05;-0.32;0.42;0.009;-0.99;0.28;-1000.00;-1000.00
950.985;2525;-1.29;0.89;177.56;-1.53;0.90;155.10;-0.79;0.50;331;1;0;8;0.15;0.47;0.00;0.00;-0.00;-0.00;-0.00;0.00;-1.29;0.85;177.05;-0.32;0.42;0.008;-0.99;0.28;-1000.00;-1000.00
951.085;2535;-1.29;0.89;177.56;-1.53;0.90;155.10;-0.79;0.50;331;1;0;8;0.15;0.47;0.00;0.00;-0.00;-0.00;-0.00;0.00;-1.29;0.85;177.05;-0.32;0.42;0.007;-0.99;0.28;-1000.00;-1000.00
951.175;2544;-1.29;0.89;177.56;-1.53;0.90;155.10;-0.79;0.50;331;1;0;8;0.15;0.47;0.00;0.00;-0.00;-0.00;-0.00;0.00;-1.29;0.85;177.05;-0.32;0.42;0.006;-0.99;0.28;-1000.00;-1000.00
951.285;2554;-1.29;0.89;177.56;-1.53;0.90;155.10;-0.79;0.50;331;1;0;8;0.15;0.47;0.00;0.00;-0.00;-0.00;-0.00;0.00;-1.29;0.85;177.05;-0.32;0.42;0.015;-0.99;0.28;-1000.00;-1000.00
951.395;2569;-1.29;0.89;177.56;-1.53;0.90;155.10;-0.79;0.50;331;1;0;8;0.15;0.47;0.00;0.00;-0.00;-0.00;-0.00;0.00;-1.29;0.85;177.05;-0.32;0.42;0.020;-0.99;0.28;-1000.00;-1000.00
951.485;2577;-1.29;0.89;177.56;-1.53;0.90;155.10;-0.79;0.50;331;1;0;8;0.15;0.47;0.00;0.00;-0.00;-0.00;-0.00;0.00;-1.29;0.85;177.05;-0.32;0.42;0.014;-0.99;0.28;-1000.00;-1000.00
951.585;2586;-1.29;0.89;177.56;-1.53;0.90;155.10;-0.79;0.50;331;1;0;8;0.15;0.47;0.00;0.00;-0.00;-0.00;-0.00;0.00;-1.29;0.85;177.05;-0.32;0.42;0.010;-0.99;0.28;-1000.00;-1000.00
951.685;2596;-1.29;0.89;177.56;-1.53;0.90;155.10;-0.79;0.50;331;1;0;8;0.15;0.47;0.00;0.00;-0.00;-0.00;-0.00;0.00;-1.29;0.85;177.05;-0.32;0.42;0.008;-0.99;0.28;-1000.00;-1000.00
951.795;2604;-1.29;0.89;177.56;-1.15;0.85;180.00;-0.00;0.37;331;0;1;8;0.15;0.47;0.00;0.00;-0.00;-0.00;-0.00;0.00;-1.29;0.85;177.05;-0.32;0.42;0.008;-0.99;0.28;-1000.00;-1000.00
951.895;2619;-1.29;0.89;177.56;-1.53;0.90;155.10;-0.79;0.50;331;1;0;8;0.15;0.47;0.00;0.00;-0.00;-0.00;-0.00;0.00;-1.29;0.85;177.05;-0.32;0.42;0.018;-0.99;0.28;-1000.00;-1000.00
