t;frame;x;y;z;x_ref;y_ref;z_ref;delta_ref;u_ref;state;ellipse;control;action;delta;u;vx;vy;vz;wx;wy;wz;xr;yr;zr;delr;ur;obs1x;obs1y;obs2x;obs2y
1595606584.432;11;1.11;-0.38;3.03;0.85;-0.35;-0.00;0.00;-0.50;363;1;1;2;0.21;-0.04;-0.00;0.00;0.00;-0.00;0.01;0.00;0.95;-0.35;0.00;0.00;-0.50;0.012;0.70;2.25;1.38;-1.07
1595606584.525;20;1.11;-0.38;3.00;0.85;-0.35;-0.00;0.00;-0.50;363;1;1;2;0.21;-0.08;-0.00;0.00;0.00;-0.00;0.00;0.00;0.95;-0.35;0.00;0.00;-0.50;0.005;0.69;2.25;1.38;-1.07
1595606584.625;30;1.11;-0.38;2.76;0.85;-0.35;-0.00;0.00;-0.50;363;1;1;2;0.20;-0.12;-0.01;0.00;0.00;-0.00;0.04;-0.06;0.95;-0.35;0.00;0.00;-0.50;0.005;0.69;2.25;1.38;-1.07
1595606584.725;40;1.10;-0.38;2.57;0.85;-0.35;-0.00;0.00;-0.50;363;1;1;2;0.19;-0.16;-0.03;0.00;0.00;-0.00;0.02;-0.06;0.95;-0.35;0.00;0.00;-0.50;0.006;0.69;2.25;1.38;-1.07
1595606584.826;50;1.09;-0.38;2.12;0.85;-0.35;-0.00;0.00;-0.50;363;1;1;2;0.17;-0.19;-0.10;0.00;0.00;-0.00;0.04;-0.07;0.95;-0.35;0.00;0.00;-0.50;0.006;0.69;2.25;1.38;-1.07
1595606584.925;60;1.07;-0.38;1.63;0.85;-0.35;-0.00;0.00;-0.50;363;1;1;2;0.15;-0.22;-0.14;0.00;0.00;-0.00;0.00;-0.09;0.95;-0.35;0.00;0.00;-0.50;0.006;0.70;2.25;1.38;-1.07
1595606585.025;70;1.05;-0.38;1.15;0.85;-0.35;-0.00;0.00;-0.50;363;1;1;2;0.13;-0.24;-0.15;0.00;0.00;-0.00;0.02;-0.09;0.95;-0.35;0.00;0.00;-0.50;0.006;0.71;2.25;1.38;-1.07
1595606585.125;80;1.03;-0.38;0.73;0.85;-0.35;-0.00;0.00;-0.50;363;1;1;2;0.11;-0.26;-0.20;0.00;0.00;0.01;0.01;-0.08;0.95;-0.35;0.00;0.00;-0.50;0.006;0.73;2.25;1.38;-1.07
1595606585.225;90;1.01;-0.38;0.30;0.76;-0.35;-0.00;0.00;-0.50;363;2;1;2;0.09;-0.28;-0.23;0.00;0.00;0.00;0.01;-0.08;0.95;-0.35;0.00;0.00;-0.50;0.006;0.75;2.24;1.38;-1.07
1595606585.324;100;0.98;-0.38;-0.11;0.76;-0.35;-0.00;0.00;-0.50;363;2;1;2;0.07;-0.30;-0.24;0.00;0.00;-0.00;0.02;-0.07;0.95;-0.35;0.00;0.00;-0.50;0.004;0.77;2.24;1.38;-1.07
1595606585.424;110;0.96;-0.38;-0.40;0.76;-0.35;-0.00;0.00;-0.50;363;2;1;2;0.05;-0.31;-0.27;0.00;0.00;-0.00;0.01;-0.06;0.95;-0.35;0.00;0.00;-0.50;0.004;0.79;2.23;1.38;-1.07
1595606585.536;121;0.93;-0.38;-0.87;0.65;-0.35;0.00;0.00;-0.50;205;0;1;2;0.03;-0.32;-0.28;0.00;0.00;0.01;0.01;-0.05;0.93;-0.35;-0.00;0.00;-0.50;0.012;0.82;2.23;1.38;-1.07
1595606585.642;132;0.89;-0.38;-1.03;0.35;-0.35;0.00;-0.00;0.37;909;0;1;7;0.02;-0.35;-0.30;0.00;0.00;0.01;0.00;-0.03;0.65;-0.35;0.00;0.00;-0.50;0.015;0.85;2.23;1.38;-1.07
1595606585.735;141;0.87;-0.38;-1.30;0.97;0.06;86.23;0.79;0.50;909;2;1;7;0.79;-0.34;-0.31;0.00;0.00;0.00;0.01;-0.04;0.78;-0.27;32.96;0.79;0.50;0.015;0.87;2.22;1.38;-1.07
1595606585.830;151;0.83;-0.38;-2.12;0.97;0.06;86.23;0.79;0.50;909;2;1;7;0.79;-0.26;-0.34;0.00;0.00;-0.01;-0.00;-0.31;0.77;-0.28;30.48;0.79;0.50;0.009;0.90;2.22;1.38;-1.07
1595606585.929;161;0.80;-0.38;-7.70;0.97;0.06;86.23;0.79;0.50;909;2;1;7;0.79;-0.17;-0.35;0.00;0.00;0.01;-0.02;-0.77;0.75;-0.29;28.00;0.79;0.50;0.009;0.93;2.22;1.38;-1.07
1595606586.024;170;0.78;-0.38;-11.78;0.97;0.06;86.23;0.79;0.50;909;2;1;7;0.79;-0.09;-0.31;0.00;0.00;0.00;-0.03;-0.71;0.74;-0.29;25.52;0.79;0.50;0.004;0.95;2.22;1.38;-1.07
1595606586.124;180;0.76;-0.38;-14.07;0.97;0.06;86.23;0.79;0.50;909;2;1;7;0.79;-0.02;-0.19;0.00;0.00;-0.00;0.01;-0.49;0.72;-0.30;23.09;0.76;0.50;0.004;0.98;2.22;1.38;-1.07
1595606586.224;190;0.76;-0.38;-14.93;0.97;0.06;86.23;0.79;0.50;909;2;1;7;0.79;0.06;-0.15;0.00;0.00;-0.00;0.00;-0.13;0.72;-0.30;23.09;0.76;0.50;0.004;1.01;2.22;1.38;-1.07
1595606586.324;200;0.76;-0.38;-14.61;0.97;0.06;86.23;0.79;0.50;909;2;1;7;0.79;0.13;-0.06;0.00;0.00;0.00;0.00;0.07;0.72;-0.30;23.09;0.76;0.50;0.005;1.03;2.22;1.38;-1.07
1595606586.424;210;0.76;-0.39;-13.79;0.97;0.06;86.23;0.79;0.50;909;2;1;7;0.79;0.19;0.01;0.00;0.00;0.01;-0.04;0.15;0.72;-0.30;23.09;0.76;0.50;0.004;1.06;2.22;1.38;-1.07
1595606586.524;220;0.78;-0.39;-11.54;0.97;0.06;86.23;0.79;0.50;909;2;1;7;0.79;0.26;0.08;0.00;0.00;0.00;-0.02;0.42;0.74;-0.29;25.52;0.79;0.50;0.004;1.08;2.23;1.38;-1.07
1595606586.624;230;0.80;-0.39;-7.91;0.97;0.06;86.23;0.79;0.50;909;2;1;7;0.79;0.32;0.15;0.00;0.00;-0.01;0.00;0.57;0.75;-0.29;28.00;0.79;0.50;0.004;1.11;2.23;1.38;-1.07
1595606586.724;240;0.82;-0.39;-3.12;0.97;0.06;86.23;0.79;0.50;909;2;1;7;0.79;0.37;0.22;0.00;0.00;-0.00;-0.00;0.75;0.77;-0.28;30.48;0.79;0.50;0.005;1.14;2.24;1.38;-1.07
1595606586.824;250;0.85;-0.39;2.27;0.97;0.06;86.23;0.79;0.50;909;2;1;7;0.79;0.42;0.31;0.00;0.00;-0.01;0.00;0.99;0.78;-0.27;32.96;0.79;0.50;0.005;1.16;2.25;1.38;-1.07
1595606586.924;260;0.88;-0.38;8.91;0.97;0.06;86.23;0.79;0.50;909;2;1;7;0.79;0.47;0.33;0.00;0.00;-0.02;-0.00;1.21;0.80;-0.26;35.43;0.79;0.50;0.004;1.19;2.26;1.38;-1.07
1595606587.024;270;0.92;-0.37;17.33;0.97;0.06;86.23;0.79;0.50;909;2;1;7;0.79;0.50;0.39;0.00;0.00;-0.02;-0.00;1.40;0.81;-0.25;37.91;0.79;0.50;0.004;1.21;2.27;1.38;-1.07
1595606587.124;280;0.97;-0.35;26.00;0.97;0.06;86.23;0.79;0.50;909;2;1;7;0.79;0.50;0.33;0.00;0.00;0.01;-0.02;1.51;0.84;-0.22;42.87;0.79;0.50;0.004;1.24;2.28;1.38;-1.07
1595606587.224;290;1.01;-0.33;35.03;0.97;0.06;86.23;0.79;0.50;909;2;1;7;0.79;0.50;0.47;0.00;0.00;-0.01;-0.03;1.57;0.87;-0.20;47.82;0.79;0.50;0.004;1.27;2.29;1.38;-1.07
1595606587.324;300;1.05;-0.30;44.01;0.97;0.06;86.23;0.79;0.50;909;2;1;7;0.79;0.50;0.49;0.00;0.00;0.01;-0.02;1.60;0.89;-0.17;52.78;0.79;0.50;0.004;1.29;2.31;1.38;-1.07
1595606587.424;310;1.08;-0.27;53.20;0.97;0.06;86.23;0.79;0.50;909;2;1;7;0.79;0.50;0.50;0.00;0.00;-0.00;0.02;1.63;0.90;-0.15;55.26;0.79;0.50;0.004;1.32;2.32;1.38;-1.07
1595606587.529;321;1.11;-0.23;63.76;0.97;0.06;86.23;0.79;0.50;909;2;1;7;0.77;0.50;0.49;0.00;0.00;-0.01;0.01;1.65;0.92;-0.12;60.21;0.79;0.50;0.009;1.35;2.35;1.38;-1.07
1595606587.629;331;1.13;-0.19;73.30;0.97;0.06;86.23;0.79;0.50;909;2;1;7;0.61;0.50;0.50;0.00;0.00;-0.01;0.02;1.64;0.94;-0.09;65.17;0.79;0.50;0.009;1.37;2.37;1.38;-1.07
1595606587.724;340;1.14;-0.15;81.41;0.97;0.06;86.23;0.79;0.50;909;2;1;7;0.42;0.49;0.62;0.00;0.00;-0.02;0.03;1.57;0.94;-0.07;67.64;0.79;0.50;0.004;1.40;2.40;1.38;-1.07
1595606587.824;350;1.15;-0.11;87.24;0.97;0.06;86.23;0.79;0.50;909;2;1;7;0.40;0.48;0.49;0.00;0.00;-0.01;0.01;1.20;0.96;-0.04;72.60;0.79;0.50;0.005;1.42;2.44;1.38;-1.07
1595606587.924;360;1.15;-0.06;91.01;0.97;0.06;86.23;0.79;0.50;909;2;1;7;0.40;0.46;0.37;0.00;0.00;-0.01;-0.00;0.72;0.96;-0.02;75.08;0.79;0.50;0.004;1.44;2.47;1.38;-1.07
1595606588.024;370;1.15;-0.02;94.45;0.97;0.06;86.23;0.79;0.50;909;2;1;7;0.46;0.44;0.49;0.00;0.00;0.02;-0.02;0.62;0.97;0.01;80.03;0.79;0.50;0.004;1.46;2.52;1.38;-1.07
1595606588.124;380;1.15;0.02;98.02;0.79;0.44;144.20;0.73;0.50;909;3;1;7;0.52;0.43;0.47;0.00;0.00;-0.00;0.01;0.64;0.97;0.05;84.99;0.79;0.50;0.004;1.46;2.56;1.38;-1.07
1595606588.222;390;1.14;0.06;101.94;0.79;0.44;144.20;0.73;0.50;909;3;1;7;0.07;0.43;0.44;0.00;0.00;-0.01;0.02;0.70;0.97;0.07;87.47;0.78;0.50;0.002;1.47;2.61;1.38;-1.07
1595606588.322;400;1.13;0.10;105.34;0.79;0.44;144.20;0.73;0.50;909;3;1;7;0.13;0.43;0.43;0.00;0.00;-0.00;0.01;0.41;0.97;0.10;92.39;0.78;0.50;0.003;1.48;2.65;1.38;-1.07
1595606588.422;410;1.12;0.14;105.66;0.79;0.44;144.20;0.73;0.50;909;3;1;7;0.30;0.43;0.42;0.00;0.00;-0.01;0.03;0.20;0.97;0.12;94.83;0.78;0.50;0.003;1.48;2.69;1.38;-1.07
1595606588.522;420;1.11;0.17;107.28;0.79;0.44;144.20;0.73;0.50;909;3;1;7;0.44;0.43;0.42;0.00;0.00;-0.01;0.01;0.34;0.97;0.16;99.69;0.77;0.50;0.003;1.49;2.74;1.38;-1.07
1595606588.622;430;1.10;0.21;110.09;0.79;0.44;144.20;0.73;0.50;909;3;1;7;0.49;0.43;0.42;0.00;0.00;-0.01;0.01;0.54;0.97;0.17;102.10;0.77;0.50;0.002;1.49;2.78;1.38;-1.07
1595606588.722;440;1.08;0.25;114.08;0.79;0.44;144.20;0.73;0.50;909;3;1;7;0.53;0.43;0.43;0.00;0.00;-0.00;0.00;0.63;0.96;0.21;106.88;0.77;0.50;0.002;1.50;2.82;1.38;-1.07
1595606588.822;450;1.06;0.29;118.24;0.79;0.44;144.20;0.73;0.50;909;3;1;7;0.56;0.43;0.42;0.00;0.00;-0.01;0.01;0.73;0.94;0.24;111.63;0.76;0.50;0.003;1.50;2.87;1.38;-1.07
1595606588.922;460;1.04;0.32;122.96;0.79;0.44;144.20;0.73;0.50;909;3;1;7;0.56;0.43;0.43;0.00;0.00;-0.02;0.00;0.80;0.93;0.28;116.33;0.76;0.50;0.003;1.50;2.91;1.38;-1.07
1595606589.022;470;1.02;0.35;127.82;0.79;0.44;144.20;0.73;0.50;909;3;1;7;0.52;0.43;0.43;0.00;0.00;0.00;-0.01;0.85;0.92;0.29;118.66;0.75;0.50;0.002;1.51;2.96;1.38;-1.07
1595606589.122;480;0.99;0.38;132.69;0.79;0.44;144.20;0.73;0.50;909;3;1;7;0.50;0.42;0.43;0.00;0.00;0.00;0.01;0.80;0.90;0.32;123.30;0.75;0.50;0.003;1.51;3.00;1.38;-1.07
1595606589.222;490;0.96;0.41;136.91;0.79;0.44;144.20;0.73;0.50;909;3;1;7;0.51;0.42;0.42;0.00;0.00;-0.00;0.03;0.74;0.88;0.35;127.90;0.75;0.50;0.002;1.51;3.04;1.38;-1.07
1595606589.322;500;0.93;0.44;141.04;0.79;0.44;144.20;0.73;0.50;909;3;1;7;0.52;0.41;0.42;0.00;0.00;-0.00;0.02;0.72;0.86;0.38;132.45;0.74;0.50;0.002;1.51;3.09;1.38;-1.07
1595606589.422;510;0.90;0.46;145.20;0.79;0.44;144.20;0.73;0.50;909;3;1;7;0.47;0.40;0.41;0.00;0.00;-0.01;0.02;0.72;0.85;0.39;134.71;0.74;0.50;0.003;1.51;3.13;1.38;-1.07
1595606589.522;520;0.87;0.48;149.14;0.79;0.44;144.20;0.73;0.50;909;3;1;7;0.48;0.40;0.41;0.00;0.00;-0.01;-0.00;0.68;0.82;0.42;139.20;0.73;0.50;0.002;1.50;3.17;1.38;-1.07
1595606589.622;530;0.84;0.50;152.78;0.79;0.44;144.20;0.73;0.50;909;3;1;7;0.49;0.39;0.40;0.00;0.00;-0.01;0.00;0.64;0.79;0.44;143.65;0.73;0.50;0.002;1.50;3.21;1.38;-1.07
1595606589.722;540;0.80;0.51;156.36;0.79;0.44;144.20;0.73;0.50;909;3;1;7;0.44;0.38;0.40;0.00;0.00;0.01;-0.01;0.62;0.78;0.45;145.84;0.72;0.50;0.003;1.49;3.25;1.38;-1.07
1595606589.822;550;0.77;0.52;159.59;0.79;0.44;144.20;0.73;0.50;909;3;1;7;0.42;0.37;0.39;0.00;0.00;-0.00;0.01;0.57;0.75;0.47;150.01;0.68;0.50;0.002;1.47;3.29;1.38;-1.07
1595606589.922;560;0.74;0.53;162.60;0.79;0.44;144.20;0.73;0.50;909;3;1;7;0.41;0.37;0.38;0.00;0.00;-0.01;-0.01;0.52;0.71;0.49;153.90;0.65;0.50;0.003;1.46;3.33;1.38;-1.07
1595606590.022;570;0.70;0.54;165.39;0.79;0.44;144.20;0.73;0.50;909;3;1;7;0.38;0.36;0.38;0.00;0.00;-0.01;0.02;0.49;0.68;0.50;157.52;0.61;0.50;0.002;1.44;3.36;1.38;-1.07
1595606590.137;581;0.67;0.55;168.16;0.24;0.55;174.96;-0.49;0.50;456;1;1;6;0.34;0.36;0.36;0.00;0.00;0.01;0.02;0.45;0.66;0.51;159.23;0.59;0.50;0.014;1.41;3.40;1.38;-1.07
1595606590.229;590;0.64;0.55;170.30;0.24;0.55;174.96;-0.49;0.50;456;1;1;6;0.79;0.37;0.36;0.00;0.00;-0.00;0.01;0.40;0.35;0.55;180.00;-0.05;0.05;0.009;1.39;3.42;1.38;-1.07
1595606590.329;601;0.60;0.56;173.24;0.24;0.55;174.96;-0.49;0.50;456;1;1;6;0.71;0.39;0.36;0.00;0.00;-0.01;0.02;0.59;0.35;0.55;180.00;-0.05;0.05;0.009;1.35;3.45;1.38;-1.07
1595606590.428;610;0.57;0.56;178.74;0.24;0.55;174.96;-0.49;0.50;456;1;1;6;0.41;0.40;0.36;0.00;0.00;-0.00;0.01;0.88;0.35;0.55;180.00;-0.05;0.05;0.008;1.33;3.47;1.38;-1.07
1595606590.528;620;0.54;0.56;184.42;0.24;0.55;174.96;-0.49;0.50;456;1;1;6;0.12;0.41;0.37;0.00;0.00;-0.01;0.01;0.80;0.35;0.55;180.00;-0.05;0.05;0.008;1.29;3.49;1.38;-1.07
1595606590.628;630;0.50;0.56;187.07;0.03;0.61;153.79;-0.75;0.50;456;2;1;6;-0.05;0.42;0.38;0.00;0.00;-0.01;0.02;0.43;0.35;0.55;180.00;-0.05;0.05;0.008;1.26;3.50;1.38;-1.07
1595606590.725;640;0.46;0.55;187.61;0.03;0.61;153.79;-0.75;0.50;456;2;1;6;-0.04;0.42;0.39;0.00;0.00;-0.01;0.04;0.14;0.35;0.55;180.00;-0.05;0.05;0.006;1.22;3.52;1.38;-1.07
1595606590.825;650;0.42;0.55;186.96;0.03;0.61;153.79;-0.75;0.50;456;2;1;6;-0.13;0.42;0.41;0.00;0.00;0.00;0.01;-0.02;0.35;0.55;180.00;-0.05;0.05;0.005;1.19;3.53;1.38;-1.07
1595606590.925;660;0.38;0.54;186.60;0.03;0.61;153.79;-0.75;0.50;456;2;1;6;-0.23;0.41;0.41;0.00;0.00;0.01;-0.00;-0.08;0.35;0.55;180.00;-0.05;0.05;0.005;1.15;3.53;1.38;-1.07
1595606591.025;670;0.34;0.54;185.63;-0.13;0.74;127.77;-0.70;0.50;456;3;1;6;-0.38;0.41;0.41;0.00;0.00;-0.00;0.04;-0.18;0.34;0.55;179.89;-0.15;0.15;0.005;1.12;3.53;1.38;-1.07
1595606591.123;680;0.30;0.54;183.81;-0.13;0.74;127.77;-0.70;0.50;456;3;1;6;-0.55;0.41;0.41;0.00;0.00;0.00;-0.01;-0.37;0.30;0.55;178.64;-0.32;0.33;0.003;1.08;3.53;1.38;-1.07
1595606591.223;690;0.26;0.54;180.36;-0.13;0.74;127.77;-0.70;0.50;456;3;1;6;-0.61;0.42;0.40;0.00;0.00;0.00;-0.01;-0.61;0.26;0.55;176.25;-0.44;0.45;0.003;1.04;3.53;1.38;-1.07
1595606591.323;700;0.23;0.55;175.95;-0.13;0.74;127.77;-0.70;0.50;456;3;1;6;-0.59;0.42;0.41;0.00;0.00;0.01;0.00;-0.79;0.23;0.56;174.00;-0.50;0.50;0.003;1.00;3.53;1.38;-1.07
1595606591.423;710;0.19;0.56;170.88;-0.13;0.74;127.77;-0.70;0.50;456;3;1;6;-0.56;0.43;0.41;0.00;0.00;0.00;0.00;-0.84;0.19;0.56;170.52;-0.56;0.50;0.003;0.97;3.51;1.38;-1.07
1595606591.523;720;0.15;0.57;166.20;-0.23;0.94;106.78;-0.54;0.50;456;4;1;6;-0.54;0.43;0.42;0.00;0.00;0.00;-0.01;-0.81;0.15;0.57;167.62;-0.60;0.50;0.003;0.94;3.50;1.38;-1.07
1595606591.620;730;0.12;0.59;161.87;-0.23;0.94;106.78;-0.54;0.50;456;4;1;6;-0.58;0.43;0.32;0.00;0.00;-0.00;0.02;-0.77;0.11;0.58;163.34;-0.65;0.50;0.001;0.91;3.49;1.38;-1.07
1595606591.720;740;0.08;0.60;157.18;-0.23;0.94;106.78;-0.54;0.50;456;4;1;6;-0.63;0.43;0.42;0.00;0.00;0.01;-0.00;-0.82;0.07;0.59;158.56;-0.70;0.50;0.001;0.88;3.46;1.38;-1.07
1595606591.821;750;0.04;0.62;151.97;-0.23;0.94;106.78;-0.54;0.50;456;4;1;6;-0.67;0.43;0.42;0.00;0.00;0.02;0.00;-0.91;0.03;0.61;153.24;-0.75;0.50;0.001;0.85;3.44;1.38;-1.07
1595606591.921;760;0.01;0.65;146.03;-0.23;0.94;106.78;-0.54;0.50;456;4;1;6;-0.63;0.43;0.43;0.00;0.00;0.00;-0.00;-1.03;-0.01;0.63;147.76;-0.74;0.50;0.001;0.83;3.42;1.38;-1.07
1595606592.021;770;-0.02;0.67;140.03;-0.23;0.94;106.78;-0.54;0.50;456;4;1;6;-0.56;0.43;0.32;0.00;0.00;0.01;0.01;-1.02;-0.04;0.65;143.73;-0.73;0.50;0.001;0.80;3.39;1.38;-1.07
1595606592.121;780;-0.05;0.70;134.66;-0.23;0.94;106.78;-0.54;0.50;456;4;1;6;-0.53;0.43;0.43;0.00;0.00;0.01;-0.01;-0.91;-0.07;0.68;138.46;-0.72;0.50;0.001;0.78;3.36;1.38;-1.07
1595606592.221;790;-0.08;0.73;129.94;-0.23;0.94;106.78;-0.54;0.50;456;4;1;6;-0.53;0.43;0.43;0.00;0.00;0.01;0.01;-0.81;-0.10;0.71;133.31;-0.71;0.50;0.001;0.77;3.33;1.38;-1.07
1595606592.321;800;-0.10;0.76;125.46;-0.26;1.15;90.57;-0.47;0.50;456;5;1;6;-0.53;0.43;0.43;0.00;0.00;-0.00;-0.00;-0.78;-0.13;0.74;128.26;-0.70;0.50;0.001;0.75;3.30;1.38;-1.07
1595606592.420;810;-0.12;0.80;120.96;-0.26;1.15;90.57;-0.47;0.50;456;5;1;6;-0.52;0.42;0.43;0.00;0.00;0.00;0.01;-0.78;-0.15;0.78;123.42;-0.67;0.50;0.001;0.74;3.26;1.38;-1.07
1595606592.520;820;-0.14;0.84;116.60;-0.26;1.15;90.57;-0.47;0.50;456;5;1;6;-0.49;0.42;0.43;0.00;0.00;0.00;0.03;-0.76;-0.18;0.81;118.87;-0.64;0.50;0.001;0.72;3.23;1.38;-1.07
1595606592.620;830;-0.16;0.87;112.40;-0.26;1.15;90.57;-0.47;0.50;456;5;1;6;-0.45;0.42;0.42;0.00;0.00;0.01;-0.00;-0.73;-0.20;0.85;114.62;-0.60;0.50;0.001;0.71;3.19;1.38;-1.07
1595606592.736;841;-0.17;0.91;108.26;-0.25;1.15;90.00;-0.00;0.50;327;0;1;0;-0.41;0.42;0.42;0.00;0.00;0.00;0.00;-0.65;-0.21;0.89;110.66;-0.57;0.50;0.015;0.71;3.16;1.38;-1.07
1595606592.832;851;-0.18;0.95;104.97;-0.25;1.15;90.00;-0.00;0.50;327;0;1;0;-0.56;0.44;0.42;0.00;0.00;-0.00;-0.00;-0.57;-0.25;1.15;90.00;-0.00;0.50;0.012;0.71;3.12;1.38;-1.07
1595606592.932;861;-0.19;0.99;101.14;-0.25;1.15;90.00;-0.00;0.50;327;0;1;0;-0.39;0.46;0.42;0.00;0.00;0.00;0.01;-0.71;-0.25;1.15;90.00;-0.00;0.50;0.012;0.71;3.08;1.38;-1.07
1595606593.031;871;-0.19;1.03;96.44;-0.25;1.15;90.00;-0.00;0.50;327;0;1;0;-0.17;0.48;0.43;0.00;0.00;0.00;-0.01;-0.70;-0.25;1.15;90.00;-0.00;0.50;0.011;0.71;3.04;1.38;-1.07
1595606593.131;881;-0.19;1.08;93.72;-0.25;1.15;90.00;-0.00;0.50;327;0;1;0;-0.04;0.49;0.44;0.00;0.00;-0.01;0.00;-0.39;-0.25;1.15;90.00;-0.00;0.50;0.011;0.72;3.00;1.38;-1.07
1595606593.231;891;-0.19;1.12;92.75;-0.25;1.15;90.00;-0.00;0.50;327;0;1;0;0.01;0.49;0.46;0.00;0.00;0.01;0.02;-0.16;-0.25;1.15;90.00;-0.00;0.50;0.011;0.72;2.96;1.38;-1.07
1595606593.332;901;-0.19;1.17;92.64;-0.25;1.39;90.00;-0.00;0.50;327;1;1;0;0.01;0.49;0.48;0.00;0.00;0.00;0.01;-0.04;-0.25;1.16;90.00;-0.00;0.50;0.012;0.72;2.92;1.38;-1.07
1595606593.428;910;-0.19;1.21;92.58;-0.25;1.39;90.00;-0.00;0.50;327;1;1;0;0.01;0.49;0.49;0.00;0.00;-0.00;0.01;-0.02;-0.25;1.21;90.00;-0.00;0.50;0.008;0.73;2.88;1.38;-1.07
1595606593.528;920;-0.19;1.25;92.52;-0.25;1.39;90.00;-0.00;0.50;327;1;1;0;0.01;0.49;0.50;0.00;0.00;0.00;0.01;-0.01;-0.25;1.26;90.00;-0.00;0.50;0.008;0.73;2.84;1.38;-1.07
1595606593.628;930;-0.19;1.30;92.58;-0.25;1.39;90.00;-0.00;0.50;327;1;1;0;0.01;0.49;0.50;0.00;0.00;-0.01;0.03;0.01;-0.25;1.31;90.00;-0.00;0.50;0.008;0.72;2.80;1.38;-1.07
1595606593.728;940;-0.20;1.35;92.59;-0.25;1.39;90.00;-0.00;0.50;327;1;1;0;0.01;0.49;0.49;0.00;0.00;-0.00;-0.00;0.01;-0.25;1.34;90.00;-0.00;0.50;0.008;0.72;2.76;1.38;-1.07
1595606593.828;950;-0.20;1.39;92.69;-0.25;1.63;90.00;-0.00;0.50;327;2;1;0;0.00;0.49;0.49;0.00;0.00;0.01;-0.01;0.00;-0.25;1.39;90.00;-0.00;0.50;0.008;0.72;2.71;1.38;-1.07
1595606593.926;960;-0.20;1.44;92.68;-0.25;1.63;90.00;-0.00;0.50;327;2;1;0;-0.00;0.50;0.49;0.00;0.00;0.02;-0.00;-0.00;-0.25;1.44;90.00;-0.00;0.50;0.006;0.70;2.67;1.38;-1.07
1595606594.025;970;-0.20;1.48;92.52;-0.25;1.63;90.00;-0.00;0.50;327;2;1;0;0.01;0.50;0.49;0.00;0.00;-0.00;-0.01;-0.02;-0.25;1.49;90.00;-0.00;0.50;0.005;0.69;2.63;1.38;-1.07
1595606594.125;980;-0.20;1.53;92.36;-0.25;1.63;90.00;-0.00;0.50;327;2;1;0;0.01;0.50;0.49;0.00;0.00;-0.01;0.01;-0.01;-0.25;1.53;90.00;-0.00;0.50;0.005;0.67;2.59;1.38;-1.07
1595606594.225;990;-0.20;1.57;92.43;-0.25;1.63;90.00;-0.00;0.50;327;2;1;0;0.01;0.50;0.49;0.00;0.00;-0.00;-0.01;0.00;-0.25;1.57;90.00;-0.00;0.50;0.005;0.64;2.55;1.38;-1.07
1595606594.325;1000;-0.20;1.62;92.51;-0.25;1.63;90.00;-0.00;0.50;327;2;1;0;0.00;0.50;0.49;0.00;0.00;-0.00;-0.02;0.00;-0.25;1.62;90.00;-0.00;0.50;0.005;0.61;2.51;1.38;-1.07
1595606594.425;1010;-0.20;1.67;92.51;-0.25;1.86;90.00;-0.00;0.50;327;3;1;0;-0.00;0.50;0.49;0.00;0.00;-0.01;0.01;-0.00;-0.25;1.67;90.00;-0.00;0.50;0.005;0.58;2.48;1.38;-1.07
1595606594.523;1020;-0.20;1.71;92.41;-0.25;1.86;90.00;-0.00;0.50;327;3;1;0;0.00;0.50;0.49;0.00;0.00;0.01;0.02;-0.00;-0.25;1.71;90.00;-0.00;0.50;0.003;0.54;2.44;1.38;-1.07
1595606594.622;1030;-0.20;1.76;92.40;-0.25;1.86;90.00;-0.00;0.50;327;3;1;0;0.00;0.50;0.49;0.00;0.00;-0.01;0.00;-0.01;-0.25;1.76;90.00;-0.00;0.50;0.002;0.51;2.41;1.38;-1.07
1595606594.722;1040;-0.20;1.81;92.33;-0.25;1.86;90.00;-0.00;0.50;327;3;1;0;0.00;0.50;0.49;0.00;0.00;0.01;0.01;-0.01;-0.25;1.81;90.00;-0.00;0.50;0.002;0.47;2.39;1.38;-1.07
1595606594.822;1050;-0.20;1.85;92.29;-0.25;1.86;90.00;-0.00;0.50;327;3;1;0;0.00;0.50;0.49;0.00;0.00;-0.00;0.03;0.00;-0.25;1.85;90.00;-0.00;0.50;0.002;0.45;2.37;1.38;-1.07
1595606594.922;1060;-0.20;1.90;92.35;-0.25;2.10;90.00;0.00;0.50;327;4;1;0;0.00;0.50;0.50;0.00;0.00;0.00;0.01;0.01;-0.25;1.90;90.00;-0.00;0.50;0.002;0.45;2.37;1.38;-1.07
1595606595.020;1070;-0.20;1.94;92.25;-0.25;2.10;90.00;0.00;0.50;327;4;1;0;0.01;0.50;0.50;0.00;0.00;0.01;-0.01;-0.00;-0.25;1.94;90.00;-0.00;0.50;0.001;0.45;2.37;1.38;-1.07
1595606595.120;1080;-0.20;1.99;92.22;-0.25;2.10;90.00;0.00;0.50;327;4;1;0;0.01;0.50;0.49;0.00;0.00;-0.00;0.01;-0.00;-0.25;1.99;90.00;-0.00;0.50;0.001;0.45;2.37;1.38;-1.07
1595606595.220;1090;-0.20;2.04;92.12;-0.25;2.10;90.00;0.00;0.50;327;4;1;0;0.01;0.50;0.50;0.00;0.00;0.01;-0.00;-0.00;-0.25;2.04;90.00;0.00;0.50;0.001;0.45;2.37;1.38;-1.07
1595606595.327;1100;-0.20;2.08;92.14;-0.25;2.35;90.00;0.00;-0.50;331;0;1;2;0.01;0.50;0.62;0.00;0.00;-0.02;0.01;-0.01;-0.25;2.09;90.00;0.00;0.50;0.006;0.45;2.37;1.38;-1.07
1595606595.431;1111;-0.20;2.13;92.14;-0.25;2.06;90.00;0.00;-0.50;331;3;1;2;0.22;0.45;0.49;0.00;0.00;-0.00;-0.00;0.00;-0.25;2.13;90.00;0.00;-0.50;0.006;0.45;2.37;1.38;-1.07
1595606595.530;1121;-0.20;2.18;92.70;-0.25;2.06;90.00;0.00;-0.50;331;3;1;2;0.23;0.41;0.49;0.00;0.00;0.00;0.03;0.14;-0.25;2.17;90.00;0.00;-0.50;0.006;0.45;2.37;1.38;-1.07
1595606595.630;1131;-0.21;2.22;94.48;-0.25;2.06;90.00;0.00;-0.50;331;3;1;2;0.32;0.36;0.44;0.00;0.00;-0.01;-0.02;0.25;-0.25;2.22;90.00;0.00;-0.50;0.006;0.45;2.37;1.38;-1.07
1595606595.730;1141;-0.21;2.26;96.34;-0.25;2.06;90.00;0.00;-0.50;331;3;1;2;0.40;0.32;0.42;0.00;0.00;-0.01;-0.01;0.33;-0.25;2.25;90.00;0.00;-0.50;0.006;0.45;2.37;1.38;-1.07
1595606595.830;1151;-0.21;2.29;98.48;-0.25;2.06;90.00;0.00;-0.50;331;3;1;2;0.49;0.28;0.38;0.00;0.00;-0.01;0.01;0.39;-0.25;2.29;90.00;0.00;-0.50;0.007;0.45;2.37;1.38;-1.07
1595606595.930;1161;-0.22;2.32;100.99;-0.25;2.06;90.00;0.00;-0.50;331;3;1;2;0.60;0.25;0.34;0.00;0.00;-0.00;-0.00;0.44;-0.25;2.31;90.00;0.00;-0.50;0.006;0.45;2.37;1.38;-1.07
1595606596.030;1171;-0.23;2.34;103.89;-0.25;2.06;90.00;0.00;-0.50;331;3;1;2;0.72;0.21;0.30;0.00;0.00;-0.00;-0.01;0.49;-0.25;2.34;90.00;0.00;-0.50;0.006;0.45;2.37;1.38;-1.07
1595606596.130;1181;-0.23;2.36;106.85;-0.25;2.06;90.00;0.00;-0.50;331;3;1;2;0.79;0.17;0.26;0.00;0.00;-0.01;0.00;0.53;-0.25;2.35;90.00;0.00;-0.50;0.007;0.45;2.37;1.38;-1.07
1595606596.230;1191;-0.24;2.38;109.81;-0.25;2.06;90.00;0.00;-0.50;331;3;1;2;0.79;0.14;0.18;0.00;0.00;-0.00;-0.01;0.51;-0.25;2.35;90.00;0.00;-0.50;0.006;0.45;2.37;1.38;-1.07
1595606596.330;1201;-0.25;2.40;112.43;-0.25;2.06;90.00;0.00;-0.50;331;3;1;2;0.79;0.10;0.19;0.00;0.00;-0.00;-0.01;0.44;-0.25;2.35;90.00;0.00;-0.50;0.007;0.45;2.37;1.38;-1.07
1595606596.423;1210;-0.25;2.41;114.13;-0.25;2.06;90.00;0.00;-0.50;331;3;0;2;0.79;0.07;0.15;0.00;0.00;-0.01;0.01;0.33;-0.25;2.35;90.00;0.00;-0.50;0.004;0.45;2.37;1.38;-1.07
1595606596.523;1220;-0.26;2.42;115.42;-0.25;2.06;90.00;0.00;-0.50;331;3;0;2;0.79;0.07;0.13;0.00;0.00;-0.00;0.00;0.22;-0.25;2.35;90.00;0.00;-0.50;0.004;0.45;2.37;1.38;-1.07
1595606596.623;1230;-0.26;2.42;115.95;-0.25;2.06;90.00;0.00;-0.50;331;3;0;2;0.79;0.07;0.09;0.00;0.00;-0.00;0.01;0.04;-0.25;2.35;90.00;0.00;-0.50;0.004;0.45;2.37;1.38;-1.07
1595606596.723;1240;-0.26;2.42;115.86;-0.25;2.06;90.00;0.00;-0.50;331;3;0;2;0.79;0.07;0.02;0.00;0.00;-0.00;0.00;0.01;-0.25;2.35;90.00;0.00;-0.50;0.004;0.45;2.37;1.38;-1.07
1595606596.824;1250;-0.26;2.42;115.86;-0.25;2.06;90.00;0.00;-0.50;331;3;0;2;0.79;0.07;0.01;0.00;0.00;-0.00;0.00;-0.00;-0.25;2.35;90.00;0.00;-0.50;0.004;0.45;2.37;1.38;-1.07
1595606596.924;1260;-0.26;2.42;115.79;-0.25;2.06;90.00;0.00;-0.50;331;3;0;2;0.79;0.07;0.00;0.00;0.00;-0.00;0.01;-0.00;-0.25;2.35;90.00;0.00;-0.50;0.004;0.45;2.37;1.38;-1.07
1595606597.023;1270;-0.26;2.42;115.77;-0.25;2.06;90.00;0.00;-0.50;331;3;0;2;0.79;0.07;0.00;0.00;0.00;-0.00;0.01;-0.00;-0.25;2.35;90.00;0.00;-0.50;0.004;0.45;2.37;1.38;-1.07
1595606597.124;1280;-0.26;2.42;115.78;-0.25;2.06;90.00;0.00;-0.50;331;3;0;2;0.79;0.07;0.00;0.00;0.00;-0.00;0.00;-0.00;-0.25;2.35;90.00;0.00;-0.50;0.004;0.45;2.37;1.38;-1.07
1595606597.227;1290;-0.26;2.42;115.82;-0.25;2.06;90.00;0.00;-0.50;331;3;0;2;0.79;0.07;0.00;0.00;0.00;-0.00;0.01;0.00;-0.25;2.35;90.00;0.00;-0.50;0.007;0.45;2.37;1.38;-1.07
1595606597.337;1301;-0.26;2.42;115.81;-0.25;2.35;90.00;-0.00;0.37;331;0;1;8;0.79;0.07;0.00;0.00;0.00;-0.00;0.00;0.00;-0.25;2.35;90.00;0.00;-0.50;0.002;0.45;2.37;1.38;-1.07
1595606597.434;1311;-0.26;2.42;115.81;-0.25;2.35;90.00;-0.00;0.37;331;0;1;8;0.79;0.07;0.00;0.00;0.00;-0.00;0.01;0.00;-0.25;2.42;89.36;-0.16;0.39;0.002;0.45;2.37;1.38;-1.07
1595606597.525;1320;-0.26;2.42;115.85;-0.20;2.73;65.10;-0.79;0.50;331;1;0;8;0.79;0.07;-0.00;0.00;0.00;-0.00;0.01;0.00;-0.25;2.42;89.36;-0.16;0.39;0.005;0.45;2.37;1.38;-1.07
1595606597.625;1330;-0.26;2.42;115.83;-0.20;2.73;65.10;-0.79;0.50;331;1;0;8;0.79;0.07;0.00;0.00;0.00;-0.00;0.01;0.00;-0.25;2.42;89.36;-0.16;0.39;0.005;0.45;2.37;1.38;-1.07
1595606597.726;1340;-0.26;2.42;115.78;-0.20;2.73;65.10;-0.79;0.50;331;1;0;8;0.79;0.07;0.00;0.00;0.00;-0.00;0.00;0.00;-0.25;2.42;89.36;-0.16;0.39;0.006;0.45;2.37;1.38;-1.07
1595606597.825;1350;-0.26;2.42;115.78;-0.20;2.73;65.10;-0.79;0.50;331;1;0;8;0.79;0.07;-0.00;0.00;0.00;-0.00;0.00;0.00;-0.25;2.42;89.36;-0.16;0.39;0.005;0.45;2.37;1.38;-1.07
1595606597.925;1360;-0.26;2.42;115.78;-0.20;2.73;65.10;-0.79;0.50;331;1;0;8;0.79;0.07;0.00;0.00;0.00;-0.00;0.00;0.00;-0.25;2.42;89.36;-0.16;0.39;0.005;0.45;2.37;1.38;-1.07
1595606598.025;1370;-0.26;2.42;115.78;-0.20;2.73;65.10;-0.79;0.50;331;1;0;8;0.79;0.07;0.00;0.00;0.00;-0.00;0.00;0.00;-0.25;2.42;89.36;-0.16;0.39;0.005;0.45;2.37;1.38;-1.07
1595606598.125;1380;-0.26;2.42;115.78;-0.20;2.73;65.10;-0.79;0.50;331;1;0;8;0.79;0.07;-0.00;0.00;0.00;-0.00;0.01;0.00;-0.25;2.42;89.36;-0.16;0.39;0.005;0.45;2.37;1.38;-1.07
1595606598.225;1390;-0.26;2.42;115.80;-0.20;2.73;65.10;-0.79;0.50;331;1;0;8;0.79;0.07;-0.00;0.00;0.00;-0.00;0.00;0.00;-0.25;2.42;89.36;-0.16;0.39;0.006;0.45;2.37;1.38;-1.07
1595606598.340;1402;-0.26;2.42;115.78;-0.25;2.35;90.00;-0.00;0.37;331;0;1;8;0.79;0.07;-0.00;0.00;0.00;-0.00;0.00;0.00;-0.25;2.42;89.36;-0.16;0.39;0.002;0.45;2.37;1.38;-1.07
1595606598.430;1411;-0.26;2.42;115.81;-0.20;2.73;65.10;-0.79;0.50;331;1;0;8;0.79;0.07;-0.00;0.00;0.00;-0.00;0.01;0.00;-0.25;2.42;89.36;-0.16;0.39;0.010;0.45;2.37;1.38;-1.07
1595606598.531;1421;-0.26;2.42;115.83;-0.20;2.73;65.10;-0.79;0.50;331;1;0;8;0.79;0.07;0.00;0.00;0.00;-0.00;0.00;0.00;-0.25;2.42;89.36;-0.16;0.39;0.011;0.45;2.37;1.38;-1.07
1595606598.631;1431;-0.26;2.42;115.81;-0.20;2.73;65.10;-0.79;0.50;331;1;0;8;0.79;0.07;0.00;0.00;0.00;-0.00;0.01;0.00;-0.25;2.42;89.36;-0.16;0.39;0.011;0.45;2.37;1.38;-1.07
1595606598.731;1441;-0.26;2.42;115.77;-0.20;2.73;65.10;-0.79;0.50;331;1;0;8;0.79;0.07;-0.00;0.00;0.00;-0.00;0.00;0.00;-0.25;2.42;89.36;-0.16;0.39;0.011;0.45;2.37;1.38;-1.07
1595606598.831;1451;-0.26;2.42;115.83;-0.20;2.73;65.10;-0.79;0.50;331;1;0;8;0.79;0.07;-0.00;0.00;0.00;-0.00;0.00;0.00;-0.25;2.42;89.36;-0.16;0.39;0.011;0.45;2.37;1.38;-1.07
1595606598.931;1461;-0.26;2.42;115.78;-0.20;2.73;65.10;-0.79;0.50;331;1;0;8;0.79;0.07;-0.00;0.00;0.00;-0.00;0.01;0.00;-0.25;2.42;89.36;-0.16;0.39;0.011;0.45;2.37;1.38;-1.07
1595606599.025;1470;-0.26;2.42;115.77;-0.20;2.73;65.10;-0.79;0.50;331;1;0;8;0.79;0.07;-0.00;0.00;0.00;-0.00;0.01;0.00;-0.25;2.42;89.36;-0.16;0.39;0.005;0.45;2.37;1.38;-1.07
1595606599.125;1480;-0.26;2.42;115.81;-0.20;2.73;65.10;-0.79;0.50;331;1;0;8;0.79;0.07;-0.00;0.00;0.00;-0.00;0.01;0.00;-0.25;2.42;89.36;-0.16;0.39;0.005;0.45;2.37;1.38;-1.07
1595606599.225;1490;-0.26;2.42;115.77;-0.20;2.73;65.10;-0.79;0.50;331;1;0;8;0.79;0.07;-0.00;0.00;0.00;-0.00;0.01;0.00;-0.25;2.42;89.36;-0.16;0.39;0.005;0.45;2.37;1.38;-1.07
1595606599.335;1501;-0.26;2.42;115.78;-0.25;2.35;90.00;-0.00;0.37;331;0;1;8;0.79;0.07;-0.00;0.00;0.00;-0.00;0.00;0.00;-0.25;2.42;89.36;-0.16;0.39;0.002;0.45;2.37;1.38;-1.07
1595606599.435;1511;-0.26;2.42;115.81;-0.25;2.35;90.00;-0.00;0.37;331;0;1;8;0.79;0.07;-0.00;0.00;0.00;-0.00;0.00;0.00;-0.25;2.42;89.36;-0.16;0.39;0.002;0.45;2.37;1.38;-1.07
1595606599.525;1520;-0.26;2.42;115.78;-0.20;2.73;65.10;-0.79;0.50;331;1;0;8;0.79;0.07;-0.00;0.00;0.00;-0.00;0.00;0.00;-0.25;2.42;89.36;-0.16;0.39;0.006;0.45;2.37;1.38;-1.07
1595606599.625;1530;-0.26;2.42;115.81;-0.20;2.73;65.10;-0.79;0.50;331;1;0;8;0.79;0.07;-0.00;0.00;0.00;-0.00;0.00;0.00;-0.25;2.42;89.36;-0.16;0.39;0.005;0.45;2.37;1.38;-1.07
1595606599.726;1540;-0.26;2.42;115.77;-0.20;2.73;65.10;-0.79;0.50;331;1;0;8;0.79;0.07;-0.00;0.00;0.00;-0.00;0.00;0.00;-0.25;2.42;89.36;-0.16;0.39;0.006;0.45;2.37;1.38;-1.07
1595606599.831;1551;-0.26;2.42;115.78;-0.20;2.73;65.10;-0.79;0.50;331;1;0;8;0.79;0.07;-0.00;0.00;0.00;-0.00;0.01;0.00;-0.25;2.42;89.36;-0.16;0.39;0.010;0.45;2.37;1.38;-1.07
1595606599.931;1561;-0.26;2.42;115.79;-0.20;2.73;65.10;-0.79;0.50;331;1;0;8;0.79;0.07;-0.00;0.00;0.00;-0.00;0.01;0.00;-0.25;2.42;89.36;-0.16;0.39;0.011;0.45;2.37;1.38;-1.07
1595606600.031;1571;-0.26;2.42;115.77;-0.20;2.73;65.10;-0.79;0.50;331;1;0;8;0.79;0.07;-0.00;0.00;0.00;-0.00;0.01;0.00;-0.25;2.42;89.36;-0.16;0.39;0.011;0.45;2.37;1.38;-1.07
1595606600.126;1580;-0.26;2.42;115.77;-0.20;2.73;65.10;-0.79;0.50;331;1;0;8;0.79;0.07;-0.00;0.00;0.00;0.00;0.00;0.00;-0.25;2.42;89.36;-0.16;0.39;0.005;0.45;2.37;1.38;-1.07
1595606600.226;1590;-0.26;2.42;115.81;-0.20;2.73;65.10;-0.79;0.50;331;1;0;8;0.79;0.07;-0.00;0.00;0.00;-0.00;0.00;0.00;-0.25;2.42;89.36;-0.16;0.39;0.006;0.45;2.37;1.38;-1.07
1595606600.335;1601;-0.26;2.42;115.79;-0.25;2.35;90.00;-0.00;0.37;331;0;1;8;0.79;0.07;-0.00;0.00;0.00;-0.00;0.00;0.00;-0.25;2.42;89.36;-0.16;0.39;0.002;0.45;2.37;1.38;-1.07
1595606600.434;1611;-0.26;2.42;115.77;-0.25;2.35;90.00;-0.00;0.37;331;0;1;8;0.79;0.07;-0.00;0.00;0.00;-0.00;0.00;0.00;-0.25;2.42;89.36;-0.16;0.39;0.002;0.45;2.37;1.38;-1.07
1595606600.525;1620;-0.26;2.42;115.79;-0.20;2.73;65.10;-0.79;0.50;331;1;0;8;0.79;0.07;-0.00;0.00;0.00;-0.00;0.00;0.00;-0.25;2.42;89.36;-0.16;0.39;0.005;0.45;2.37;1.38;-1.07
1595606600.625;1630;-0.26;2.42;115.77;-0.20;2.73;65.10;-0.79;0.50;331;1;0;8;0.79;0.07;-0.00;0.00;0.00;-0.00;0.00;0.00;-0.25;2.42;89.36;-0.16;0.39;0.005;0.45;2.37;1.38;-1.07
1595606600.726;1640;-0.26;2.42;115.80;-0.20;2.73;65.10;-0.79;0.50;331;1;0;8;0.79;0.07;-0.00;0.00;0.00;-0.00;0.00;0.00;-0.25;2.42;89.36;-0.16;0.39;0.005;0.45;2.37;1.38;-1.07
1595606600.825;1650;-0.26;2.42;115.81;-0.20;2.73;65.10;-0.79;0.50;331;1;0;8;0.79;0.07;-0.00;0.00;0.00;-0.00;0.00;0.00;-0.25;2.42;89.36;-0.16;0.39;0.005;0.45;2.37;1.38;-1.07
1595606600.926;1660;-0.26;2.42;115.78;-0.20;2.73;65.10;-0.79;0.50;331;1;0;8;0.79;0.07;-0.00;0.00;0.00;-0.00;0.00;0.00;-0.25;2.42;89.36;-0.16;0.39;0.006;0.45;2.37;1.38;-1.07
1595606601.025;1670;-0.26;2.42;115.82;-0.20;2.73;65.10;-0.79;0.50;331;1;0;8;0.79;0.07;-0.00;0.00;0.00;-0.00;0.00;0.00;-0.25;2.42;89.36;-0.16;0.39;0.005;0.45;2.37;1.38;-1.07
1595606601.132;1681;-0.26;2.42;115.83;-0.20;2.73;65.10;-0.79;0.50;331;1;0;8;0.79;0.07;-0.00;0.00;0.00;-0.00;0.00;0.00;-0.25;2.42;89.36;-0.16;0.39;0.011;0.45;2.37;1.38;-1.07
1595606601.231;1691;-0.26;2.42;115.78;-0.20;2.73;65.10;-0.79;0.50;331;1;0;8;0.79;0.07;-0.00;0.00;0.00;-0.00;0.01;0.00;-0.25;2.42;89.36;-0.16;0.39;0.011;0.45;2.37;1.38;-1.07
1595606601.343;1702;-0.26;2.42;115.83;-0.25;2.35;90.00;-0.00;0.37;331;0;1;8;0.79;0.07;-0.00;0.00;0.00;-0.00;0.01;0.00;-0.25;2.42;89.36;-0.16;0.39;0.002;0.45;2.37;1.38;-1.07
1595606601.435;1711;-0.26;2.42;115.77;-0.25;2.35;90.00;-0.00;0.37;331;0;1;8;0.79;0.07;-0.00;0.00;0.00;-0.00;0.00;0.00;-0.25;2.42;89.36;-0.16;0.39;0.002;0.45;2.37;1.38;-1.07
1595606601.525;1720;-0.26;2.42;115.79;-0.20;2.73;65.10;-0.79;0.50;331;1;0;8;0.79;0.07;-0.00;0.00;0.00;-0.00;0.00;0.00;-0.25;2.42;89.36;-0.16;0.39;0.005;0.45;2.37;1.38;-1.07
1595606601.625;1730;-0.26;2.42;115.78;-0.20;2.73;65.10;-0.79;0.50;331;1;0;8;0.79;0.07;-0.00;0.00;0.00;-0.00;0.00;0.00;-0.25;2.42;89.36;-0.16;0.39;0.005;0.45;2.37;1.38;-1.07
1595606601.726;1740;-0.26;2.42;115.81;-0.20;2.73;65.10;-0.79;0.50;331;1;0;8;0.79;0.07;-0.00;0.00;0.00;-0.00;0.00;0.00;-0.25;2.42;89.36;-0.16;0.39;0.005;0.45;2.37;1.38;-1.07
1595606601.826;1750;-0.26;2.42;115.80;-0.20;2.73;65.10;-0.79;0.50;331;1;0;8;0.79;0.07;-0.00;0.00;0.00;-0.00;0.00;0.00;-0.25;2.42;89.36;-0.16;0.39;0.006;0.45;2.37;1.38;-1.07
1595606601.925;1760;-0.26;2.42;115.81;-0.20;2.73;65.10;-0.79;0.50;331;1;0;8;0.79;0.07;-0.00;0.00;0.00;-0.00;0.00;0.00;-0.25;2.42;89.36;-0.16;0.39;0.005;0.45;2.37;1.38;-1.07
1595606602.025;1770;-0.26;2.42;115.84;-0.20;2.73;65.10;-0.79;0.50;331;1;0;8;0.79;0.07;-0.00;0.00;0.00;-0.00;0.00;0.00;-0.25;2.42;89.36;-0.16;0.39;0.005;0.45;2.37;1.38;-1.07
1595606602.125;1780;-0.26;2.42;115.81;-0.20;2.73;65.10;-0.79;0.50;331;1;0;8;0.79;0.07;0.00;0.00;0.00;-0.00;0.00;0.00;-0.25;2.42;89.36;-0.16;0.39;0.005;0.45;2.37;1.38;-1.07
1595606602.225;1790;-0.26;2.42;115.80;-0.20;2.73;65.10;-0.79;0.50;331;1;0;8;0.79;0.07;0.00;0.00;0.00;-0.00;0.00;0.00;-0.25;2.42;89.36;-0.16;0.39;0.005;0.45;2.37;1.38;-1.07
1595606602.335;1801;-0.26;2.42;115.76;-0.25;2.35;90.00;-0.00;0.37;331;0;1;8;0.79;0.07;0.00;0.00;0.00;-0.00;0.00;-0.00;-0.25;2.42;89.36;-0.16;0.39;0.002;0.45;2.37;1.38;-1.07
1595606602.438;1811;-0.26;2.42;115.80;-0.25;2.35;90.00;-0.00;0.37;331;0;1;8;0.79;0.07;-0.00;0.00;0.00;-0.00;0.00;0.00;-0.25;2.42;89.36;-0.16;0.39;0.004;0.45;2.37;1.38;-1.07
1595606602.531;1821;-0.26;2.42;115.78;-0.20;2.73;65.10;-0.79;0.50;331;1;0;8;0.79;0.07;-0.00;0.00;0.00;-0.00;0.00;0.00;-0.25;2.42;89.36;-0.16;0.39;0.011;0.45;2.37;1.38;-1.07
1595606602.631;1831;-0.26;2.42;115.82;-0.20;2.73;65.10;-0.79;0.50;331;1;0;8;0.79;0.07;-0.00;0.00;0.00;-0.00;0.00;0.00;-0.25;2.42;89.36;-0.16;0.39;0.011;0.45;2.37;1.38;-1.07
1595606602.730;1841;-0.26;2.42;115.81;-0.20;2.73;65.10;-0.79;0.50;331;1;0;8;0.79;0.07;-0.00;0.00;0.00;-0.00;0.00;0.00;-0.25;2.42;89.36;-0.16;0.39;0.011;0.45;2.37;1.38;-1.07
1595606602.825;1850;-0.26;2.42;115.78;-0.20;2.73;65.10;-0.79;0.50;331;1;0;8;0.79;0.07;-0.00;0.00;0.00;-0.00;0.00;0.00;-0.25;2.42;89.36;-0.16;0.39;0.005;0.45;2.37;1.38;-1.07
1595606602.925;1860;-0.26;2.42;115.79;-0.20;2.73;65.10;-0.79;0.50;331;1;0;8;0.79;0.07;-0.00;0.00;0.00;-0.00;0.00;0.00;-0.25;2.42;89.36;-0.16;0.39;0.005;0.45;2.37;1.38;-1.07
1595606603.025;1870;-0.26;2.42;115.83;-0.20;2.73;65.10;-0.79;0.50;331;1;0;8;0.79;0.07;-0.00;0.00;0.00;-0.00;0.00;0.00;-0.25;2.42;89.36;-0.16;0.39;0.005;0.45;2.37;1.38;-1.07
1595606603.131;1881;-0.26;2.42;115.84;-0.20;2.73;65.10;-0.79;0.50;331;1;0;8;0.79;0.07;-0.00;0.00;0.00;-0.00;0.00;0.00;-0.25;2.42;89.36;-0.16;0.39;0.011;0.45;2.37;1.38;-1.07
1595606603.231;1891;-0.26;2.42;115.80;-0.20;2.73;65.10;-0.79;0.50;331;1;0;8;0.79;0.07;-0.00;0.00;0.00;-0.00;0.00;0.00;-0.25;2.42;89.36;-0.16;0.39;0.011;0.45;2.37;1.38;-1.07
1595606603.350;1903;-0.26;2.42;115.78;-0.25;2.35;90.00;-0.00;0.37;331;0;1;8;0.79;0.07;-0.00;0.00;0.00;-0.00;0.00;0.00;-0.25;2.42;89.36;-0.16;0.39;0.005;0.45;2.37;1.38;-1.07
1595606603.435;1911;-0.26;2.42;115.78;-0.25;2.35;90.00;-0.00;0.37;331;0;1;8;0.79;0.07;-0.00;0.00;0.00;-0.00;0.00;0.00;-0.25;2.42;89.36;-0.16;0.39;0.002;0.45;2.37;1.38;-1.07
1595606603.525;1920;-0.26;2.42;115.78;-0.20;2.73;65.10;-0.79;0.50;331;1;0;8;0.79;0.07;-0.00;0.00;0.00;-0.00;0.00;0.00;-0.25;2.42;89.36;-0.16;0.39;0.005;0.45;2.37;1.38;-1.07
1595606603.625;1930;-0.26;2.42;115.78;-0.20;2.73;65.10;-0.79;0.50;331;1;0;8;0.79;0.07;-0.00;0.00;0.00;-0.00;0.00;0.00;-0.25;2.42;89.36;-0.16;0.39;0.005;0.45;2.37;1.38;-1.07
1595606603.725;1940;-0.26;2.42;115.81;-0.20;2.73;65.10;-0.79;0.50;331;1;0;8;0.79;0.07;-0.00;0.00;0.00;-0.00;0.00;0.00;-0.25;2.42;89.36;-0.16;0.39;0.005;0.45;2.37;1.38;-1.07
1595606603.825;1950;-0.26;2.42;115.78;-0.20;2.73;65.10;-0.79;0.50;331;1;0;8;0.79;0.07;-0.00;0.00;0.00;-0.00;0.01;0.00;-0.25;2.42;89.36;-0.16;0.39;0.005;0.45;2.37;1.38;-1.07
1595606603.925;1960;-0.26;2.42;115.83;-0.20;2.73;65.10;-0.79;0.50;331;1;0;8;0.79;0.07;-0.00;0.00;0.00;-0.00;0.00;0.00;-0.25;2.42;89.36;-0.16;0.39;0.005;0.45;2.37;1.38;-1.07
1595606604.025;1970;-0.26;2.42;115.80;-0.20;2.73;65.10;-0.79;0.50;331;1;0;8;0.79;0.07;-0.00;0.00;0.00;-0.00;0.00;0.00;-0.25;2.42;89.36;-0.16;0.39;0.005;0.45;2.37;1.38;-1.07
1595606604.126;1980;-0.26;2.42;115.84;-0.20;2.73;65.10;-0.79;0.50;331;1;0;8;0.79;0.07;-0.00;0.00;0.00;-0.00;0.01;0.00;-0.25;2.42;89.36;-0.16;0.39;0.006;0.45;2.37;1.38;-1.07
1595606604.231;1991;-0.26;2.42;115.78;-0.20;2.73;65.10;-0.79;0.50;331;1;0;8;0.79;0.07;0.00;0.00;0.00;-0.00;0.00;0.00;-0.25;2.42;89.36;-0.16;0.39;0.011;0.45;2.37;1.38;-1.07
1595606604.349;2002;-0.26;2.42;115.81;-0.25;2.35;90.00;-0.00;0.37;331;0;1;8;0.79;0.07;0.00;0.00;0.00;-0.00;0.00;0.00;-0.25;2.42;89.36;-0.16;0.39;0.004;0.45;2.37;1.38;-1.07
1595606604.430;2011;-0.26;2.42;115.78;-0.20;2.73;65.10;-0.79;0.50;331;1;0;8;0.79;0.07;-0.00;0.00;0.00;-0.00;0.00;0.00;-0.25;2.42;89.36;-0.16;0.39;0.010;0.45;2.37;1.38;-1.07
1595606604.526;2020;-0.26;2.42;115.81;-0.20;2.73;65.10;-0.79;0.50;331;1;0;8;0.79;0.07;-0.00;0.00;0.00;0.00;0.00;0.00;-0.25;2.42;89.36;-0.16;0.39;0.005;0.45;2.37;1.38;-1.07
1595606604.625;2030;-0.26;2.42;115.78;-0.20;2.73;65.10;-0.79;0.50;331;1;0;8;0.79;0.07;-0.00;0.00;0.00;-0.00;0.01;0.00;-0.25;2.42;89.36;-0.16;0.39;0.005;0.45;2.37;1.38;-1.07
1595606604.726;2040;-0.26;2.42;115.77;-0.20;2.73;65.10;-0.79;0.50;331;1;0;8;0.79;0.07;-0.00;0.00;0.00;-0.00;0.01;0.00;-0.25;2.42;89.36;-0.16;0.39;0.005;0.45;2.37;1.38;-1.07
1595606604.825;2050;-0.26;2.42;115.83;-0.20;2.73;65.10;-0.79;0.50;331;1;0;8;0.79;0.07;-0.00;0.00;0.00;-0.00;0.00;0.00;-0.25;2.42;89.36;-0.16;0.39;0.005;0.45;2.37;1.38;-1.07
1595606604.925;2060;-0.26;2.42;115.80;-0.20;2.73;65.10;-0.79;0.50;331;1;0;8;0.79;0.07;-0.00;0.00;0.00;-0.00;0.00;0.00;-0.25;2.42;89.36;-0.16;0.39;0.005;0.45;2.37;1.38;-1.07
1595606605.025;2070;-0.26;2.42;115.79;-0.20;2.73;65.10;-0.79;0.50;331;1;0;8;0.79;0.07;-0.00;0.00;0.00;-0.00;0.00;0.00;-0.25;2.42;89.36;-0.16;0.39;0.005;0.45;2.37;1.38;-1.07
1595606605.125;2080;-0.26;2.42;115.82;-0.20;2.73;65.10;-0.79;0.50;331;1;0;8;0.79;0.07;-0.00;0.00;0.00;-0.00;0.00;0.00;-0.25;2.42;89.36;-0.16;0.39;0.005;0.45;2.37;1.38;-1.07
1595606605.225;2090;-0.26;2.42;115.78;-0.20;2.73;65.10;-0.79;0.50;331;1;0;8;0.79;0.07;-0.00;0.00;0.00;-0.00;0.00;0.00;-0.25;2.42;89.36;-0.16;0.39;0.005;0.45;2.37;1.38;-1.07
1595606605.335;2101;-0.26;2.42;115.83;-0.25;2.35;90.00;-0.00;0.37;331;0;1;8;0.79;0.07;0.00;0.00;0.00;-0.00;0.01;0.00;-0.25;2.42;89.36;-0.16;0.39;0.002;0.45;2.37;1.38;-1.07
1595606605.438;2111;-0.26;2.42;115.82;-0.25;2.35;90.00;-0.00;0.37;331;0;1;8;0.79;0.07;0.00;0.00;0.00;-0.00;0.00;0.00;-0.25;2.42;89.36;-0.16;0.39;0.004;0.45;2.37;1.38;-1.07
1595606605.525;2120;-0.26;2.42;115.80;-0.20;2.73;65.10;-0.79;0.50;331;1;0;8;0.79;0.07;0.00;0.00;0.00;-0.00;0.00;0.00;-0.25;2.42;89.36;-0.16;0.39;0.005;0.45;2.37;1.38;-1.07
1595606605.625;2130;-0.26;2.42;115.81;-0.20;2.73;65.10;-0.79;0.50;331;1;0;8;0.79;0.07;-0.00;0.00;0.00;-0.00;0.00;0.00;-0.25;2.42;89.36;-0.16;0.39;0.005;0.45;2.37;1.38;-1.07
1595606605.731;2141;-0.26;2.42;115.79;-0.20;2.73;65.10;-0.79;0.50;331;1;0;8;0.79;0.07;-0.00;0.00;0.00;-0.00;0.00;0.00;-0.25;2.42;89.36;-0.16;0.39;0.011;0.45;2.37;1.38;-1.07
1595606605.831;2151;-0.26;2.42;115.81;-0.20;2.73;65.10;-0.79;0.50;331;1;0;8;0.79;0.07;-0.00;0.00;0.00;-0.00;0.00;0.00;-0.25;2.42;89.36;-0.16;0.39;0.011;0.45;2.37;1.38;-1.07
1595606605.931;2161;-0.26;2.42;115.81;-0.20;2.73;65.10;-0.79;0.50;331;1;0;8;0.79;0.07;-0.00;0.00;0.00;-0.00;0.00;0.00;-0.25;2.42;89.36;-0.16;0.39;0.011;0.45;2.37;1.38;-1.07
1595606606.031;2171;-0.26;2.42;115.79;-0.20;2.73;65.10;-0.79;0.50;331;1;0;8;0.79;0.07;-0.00;0.00;0.00;-0.00;0.00;0.00;-0.25;2.42;89.36;-0.16;0.39;0.011;0.45;2.37;1.38;-1.07
1595606606.131;2181;-0.26;2.42;115.82;-0.20;2.73;65.10;-0.79;0.50;331;1;0;8;0.79;0.07;-0.00;0.00;0.00;-0.00;0.00;0.00;-0.25;2.42;89.36;-0.16;0.39;0.011;0.45;2.37;1.38;-1.07
1595606606.225;2190;-0.26;2.42;115.81;-0.20;2.73;65.10;-0.79;0.50;331;1;0;8;0.79;0.07;-0.00;0.00;0.00;-0.00;0.00;0.00;-0.25;2.42;89.36;-0.16;0.39;0.005;0.45;2.37;1.38;-1.07
1595606606.335;2201;-0.26;2.42;115.84;-0.25;2.35;90.00;-0.00;0.37;331;0;1;8;0.79;0.07;0.00;0.00;0.00;-0.00;0.01;0.00;-0.25;2.42;89.36;-0.16;0.39;0.002;0.45;2.37;1.38;-1.07
1595606606.438;2211;-0.26;2.42;115.79;-0.25;2.35;90.00;-0.00;0.37;331;0;1;8;0.79;0.07;0.00;0.00;0.00;-0.00;0.00;0.00;-0.25;2.42;89.36;-0.16;0.39;0.004;0.45;2.37;1.38;-1.07
1595606606.525;2220;-0.26;2.42;115.84;-0.20;2.73;65.10;-0.79;0.50;331;1;0;8;0.79;0.07;-0.00;0.00;0.00;-0.00;0.00;0.00;-0.25;2.42;89.36;-0.16;0.39;0.005;0.45;2.37;1.38;-1.07
1595606606.625;2230;-0.26;2.42;115.78;-0.20;2.73;65.10;-0.79;0.50;331;1;0;8;0.79;0.07;-0.00;0.00;0.00;-0.00;0.00;0.00;-0.25;2.42;89.36;-0.16;0.39;0.005;0.45;2.37;1.38;-1.07
1595606606.725;2240;-0.26;2.42;115.82;-0.20;2.73;65.10;-0.79;0.50;331;1;0;8;0.79;0.07;-0.00;0.00;0.00;-0.00;0.00;0.00;-0.25;2.42;89.36;-0.16;0.39;0.005;0.45;2.37;1.38;-1.07
1595606606.825;2250;-0.26;2.42;115.78;-0.20;2.73;65.10;-0.79;0.50;331;1;0;8;0.79;0.07;-0.00;0.00;0.00;-0.00;0.00;0.00;-0.25;2.42;89.36;-0.16;0.39;0.005;0.45;2.37;1.38;-1.07
1595606606.925;2260;-0.26;2.42;115.84;-0.20;2.73;65.10;-0.79;0.50;331;1;0;8;0.79;0.07;-0.00;0.00;0.00;-0.00;0.00;0.00;-0.25;2.42;89.36;-0.16;0.39;0.005;0.45;2.37;1.38;-1.07
1595606607.026;2270;-0.26;2.42;115.78;-0.20;2.73;65.10;-0.79;0.50;331;1;0;8;0.79;0.07;-0.00;0.00;0.00;-0.00;0.00;0.00;-0.25;2.42;89.36;-0.16;0.39;0.005;0.45;2.37;1.38;-1.07
1595606607.125;2280;-0.26;2.42;115.83;-0.20;2.73;65.10;-0.79;0.50;331;1;0;8;0.79;0.07;-0.00;0.00;0.00;-0.00;0.00;0.00;-0.25;2.42;89.36;-0.16;0.39;0.005;0.45;2.37;1.38;-1.07
1595606607.225;2290;-0.26;2.42;115.78;-0.20;2.73;65.10;-0.79;0.50;331;1;0;8;0.79;0.07;-0.00;0.00;0.00;-0.00;0.00;0.00;-0.25;2.42;89.36;-0.16;0.39;0.005;0.45;2.37;1.38;-1.07
1595606607.336;2301;-0.26;2.42;115.81;-0.25;2.35;90.00;-0.00;0.37;331;0;1;8;0.79;0.07;-0.00;0.00;0.00;-0.00;0.00;0.00;-0.25;2.42;89.36;-0.16;0.39;0.002;0.45;2.37;1.38;-1.07
1595606607.435;2311;-0.26;2.42;115.84;-0.25;2.35;90.00;-0.00;0.37;331;0;1;8;0.79;0.07;-0.00;0.00;0.00;-0.00;0.00;0.00;-0.25;2.42;89.36;-0.16;0.39;0.002;0.45;2.37;1.38;-1.07
1595606607.525;2320;-0.26;2.42;115.84;-0.20;2.73;65.10;-0.79;0.50;331;1;0;8;0.79;0.07;-0.00;0.00;0.00;-0.00;0.00;0.00;-0.25;2.42;89.36;-0.16;0.39;0.005;0.45;2.37;1.38;-1.07
1595606607.625;2330;-0.26;2.42;115.78;-0.20;2.73;65.10;-0.79;0.50;331;1;0;8;0.79;0.07;-0.00;0.00;0.00;-0.00;0.00;0.00;-0.25;2.42;89.36;-0.16;0.39;0.005;0.45;2.37;1.38;-1.07
1595606607.726;2340;-0.26;2.42;115.81;-0.20;2.73;65.10;-0.79;0.50;331;1;0;8;0.79;0.07;-0.00;0.00;0.00;-0.00;0.00;0.00;-0.25;2.42;89.36;-0.16;0.39;0.005;0.45;2.37;1.38;-1.07
1595606607.825;2350;-0.26;2.42;115.82;-0.20;2.73;65.10;-0.79;0.50;331;1;0;8;0.79;0.07;-0.00;0.00;0.00;-0.00;0.00;0.00;-0.25;2.42;89.36;-0.16;0.39;0.005;0.45;2.37;1.38;-1.07
1595606607.930;2361;-0.26;2.42;115.78;-0.20;2.73;65.10;-0.79;0.50;331;1;0;8;0.79;0.07;-0.00;0.00;0.00;-0.00;0.01;0.00;-0.25;2.42;89.36;-0.16;0.39;0.010;0.45;2.37;1.38;-1.07
1595606608.031;2371;-0.26;2.42;115.79;-0.20;2.73;65.10;-0.79;0.50;331;1;0;8;0.79;0.07;-0.00;0.00;0.00;-0.00;0.01;0.00;-0.25;2.42;89.36;-0.16;0.39;0.011;0.45;2.37;1.38;-1.07
1595606608.130;2381;-0.26;2.42;115.81;-0.20;2.73;65.10;-0.79;0.50;331;1;0;8;0.79;0.07;-0.00;0.00;0.00;-0.00;0.00;0.00;-0.25;2.42;89.36;-0.16;0.39;0.010;0.45;2.37;1.38;-1.07
1595606608.225;2390;-0.26;2.42;115.78;-0.20;2.73;65.10;-0.79;0.50;331;1;0;8;0.79;0.07;-0.00;0.00;0.00;-0.00;0.00;0.00;-0.25;2.42;89.36;-0.16;0.39;0.005;0.45;2.37;1.38;-1.07
1595606608.335;2401;-0.26;2.42;115.82;-0.25;2.35;90.00;-0.00;0.37;331;0;1;8;0.79;0.07;-0.00;0.00;0.00;-0.00;0.00;0.00;-0.25;2.42;89.36;-0.16;0.39;0.002;0.45;2.37;1.38;-1.07
1595606608.430;2411;-0.26;2.42;115.82;-0.20;2.73;65.10;-0.79;0.50;331;1;0;8;0.79;0.07;-0.00;0.00;0.00;-0.00;0.00;0.00;-0.25;2.42;89.36;-0.16;0.39;0.010;0.45;2.37;1.38;-1.07
1595606608.525;2420;-0.26;2.42;115.82;-0.20;2.73;65.10;-0.79;0.50;331;1;0;8;0.79;0.07;-0.00;0.00;0.00;-0.00;0.00;0.00;-0.25;2.42;89.36;-0.16;0.39;0.005;0.45;2.37;1.38;-1.07
1595606608.625;2430;-0.26;2.42;115.80;-0.20;2.73;65.10;-0.79;0.50;331;1;0;8;0.79;0.07;-0.00;0.00;0.00;-0.00;0.00;0.00;-0.25;2.42;89.36;-0.16;0.39;0.005;0.45;2.37;1.38;-1.07
1595606608.726;2440;-0.26;2.42;115.84;-0.20;2.73;65.10;-0.79;0.50;331;1;0;8;0.79;0.07;-0.00;0.00;0.00;-0.00;0.00;0.00;-0.25;2.42;89.36;-0.16;0.39;0.006;0.45;2.37;1.38;-1.07
1595606608.825;2450;-0.26;2.42;115.81;-0.20;2.73;65.10;-0.79;0.50;331;1;0;8;0.79;0.07;-0.00;0.00;0.00;-0.00;0.00;0.00;-0.25;2.42;89.36;-0.16;0.39;0.005;0.45;2.37;1.38;-1.07
1595606608.926;2460;-0.26;2.42;115.84;-0.20;2.73;65.10;-0.79;0.50;331;1;0;8;0.79;0.07;-0.00;0.00;0.00;-0.00;0.00;0.00;-0.25;2.42;89.36;-0.16;0.39;0.005;0.45;2.37;1.38;-1.07
1595606609.031;2471;-0.26;2.42;115.80;-0.20;2.73;65.10;-0.79;0.50;331;1;0;8;0.79;0.07;-0.00;0.00;0.00;-0.00;0.00;0.00;-0.25;2.42;89.36;-0.16;0.39;0.011;0.45;2.37;1.38;-1.07
1595606609.125;2480;-0.26;2.42;115.78;-0.20;2.73;65.10;-0.79;0.50;331;1;0;8;0.79;0.07;-0.00;0.00;0.00;-0.00;0.00;0.00;-0.25;2.42;89.36;-0.16;0.39;0.005;0.45;2.37;1.38;-1.07
1595606609.225;2490;-0.26;2.42;115.78;-0.20;2.73;65.10;-0.79;0.50;331;1;0;8;0.79;0.07;-0.00;0.00;0.00;-0.00;0.00;0.00;-0.25;2.42;89.36;-0.16;0.39;0.005;0.45;2.37;1.38;-1.07
1595606609.335;2501;-0.26;2.42;115.80;-0.25;2.35;90.00;-0.00;0.37;331;0;1;8;0.79;0.07;-0.00;0.00;0.00;-0.00;0.01;0.00;-0.25;2.42;89.36;-0.16;0.39;0.003;0.45;2.37;1.38;-1.07
1595606609.430;2511;-0.26;2.42;115.84;-0.20;2.73;65.10;-0.79;0.50;331;1;0;8;0.79;0.07;-0.00;0.00;0.00;-0.00;0.00;0.00;-0.25;2.42;89.36;-0.16;0.39;0.010;0.45;2.37;1.38;-1.07
1595606609.530;2521;-0.26;2.42;115.82;-0.20;2.73;65.10;-0.79;0.50;331;1;0;8;0.79;0.07;-0.00;0.00;0.00;-0.00;0.00;0.00;-0.25;2.42;89.36;-0.16;0.39;0.010;0.45;2.37;1.38;-1.07
1595606609.630;2531;-0.26;2.42;115.82;-0.20;2.73;65.10;-0.79;0.50;331;1;0;8;0.79;0.07;-0.00;0.00;0.00;-0.00;0.00;0.00;-0.25;2.42;89.36;-0.16;0.39;0.010;0.45;2.37;1.38;-1.07
1595606609.730;2541;-0.26;2.42;115.82;-0.20;2.73;65.10;-0.79;0.50;331;1;0;8;0.79;0.07;-0.00;0.00;0.00;-0.00;0.01;0.00;-0.25;2.42;89.36;-0.16;0.39;0.010;0.45;2.37;1.38;-1.07
1595606609.830;2551;-0.26;2.42;115.78;-0.20;2.73;65.10;-0.79;0.50;331;1;0;8;0.79;0.07;-0.00;0.00;0.00;-0.00;0.00;0.00;-0.25;2.42;89.36;-0.16;0.39;0.010;0.45;2.37;1.38;-1.07
1595606609.931;2561;-0.26;2.42;115.79;-0.20;2.73;65.10;-0.79;0.50;331;1;0;8;0.79;0.07;-0.00;0.00;0.00;-0.00;0.00;0.00;-0.25;2.42;89.36;-0.16;0.39;0.011;0.45;2.37;1.38;-1.07
1595606610.031;2571;-0.26;2.42;115.81;-0.20;2.73;65.10;-0.79;0.50;331;1;0;8;0.79;0.07;-0.00;0.00;0.00;-0.00;0.00;0.00;-0.25;2.42;89.36;-0.16;0.39;0.011;0.45;2.37;1.38;-1.07
1595606610.131;2581;-0.26;2.42;115.79;-0.20;2.73;65.10;-0.79;0.50;331;1;0;8;0.79;0.07;-0.00;0.00;0.00;-0.00;0.01;0.00;-0.25;2.42;89.36;-0.16;0.39;0.011;0.45;2.37;1.38;-1.07
1595606610.231;2591;-0.26;2.42;115.78;-0.20;2.73;65.10;-0.79;0.50;331;1;0;8;0.79;0.07;-0.00;0.00;0.00;-0.00;0.00;0.00;-0.25;2.42;89.36;-0.16;0.39;0.011;0.45;2.37;1.38;-1.07
1595606610.334;2601;-0.26;2.42;115.82;-0.25;2.35;90.00;-0.00;0.37;331;0;1;8;0.79;0.07;-0.00;0.00;0.00;-0.00;0.00;0.00;-0.25;2.42;89.36;-0.16;0.39;0.002;0.45;2.37;1.38;-1.07
1595606610.434;2611;-0.26;2.42;115.82;-0.25;2.35;90.00;-0.00;0.37;331;0;1;8;0.79;0.07;-0.00;0.00;0.00;-0.00;0.00;0.00;-0.25;2.42;89.36;-0.16;0.39;0.002;0.45;2.37;1.38;-1.07
1595606610.525;2620;-0.26;2.42;115.83;-0.20;2.73;65.10;-0.79;0.50;331;1;0;8;0.79;0.07;-0.00;0.00;0.00;-0.00;0.00;0.00;-0.25;2.42;89.36;-0.16;0.39;0.005;0.45;2.37;1.38;-1.07
1595606610.632;2631;-0.26;2.42;115.79;-0.20;2.73;65.10;-0.79;0.50;331;1;0;8;0.79;0.07;-0.00;0.00;0.00;-0.00;0.00;0.00;-0.25;2.42;89.36;-0.16;0.39;0.011;0.45;2.37;1.38;-1.07
1595606610.725;2640;-0.26;2.42;115.79;-0.20;2.73;65.10;-0.79;0.50;331;1;0;8;0.79;0.07;-0.00;0.00;0.00;-0.00;0.00;0.00;-0.25;2.42;89.36;-0.16;0.39;0.005;0.45;2.37;1.38;-1.07
1595606610.825;2650;-0.26;2.42;115.82;-0.20;2.73;65.10;-0.79;0.50;331;1;0;8;0.79;0.07;-0.00;0.00;0.00;-0.00;0.01;0.00;-0.25;2.42;89.36;-0.16;0.39;0.005;0.45;2.37;1.38;-1.07
1595606610.925;2660;-0.26;2.42;115.80;-0.20;2.73;65.10;-0.79;0.50;331;1;0;8;0.79;0.07;-0.00;0.00;0.00;-0.00;0.00;0.00;-0.25;2.42;89.36;-0.16;0.39;0.005;0.45;2.37;1.38;-1.07
1595606611.025;2670;-0.26;2.42;115.79;-0.20;2.73;65.10;-0.79;0.50;331;1;0;8;0.79;0.07;-0.00;0.00;0.00;-0.00;0.00;0.00;-0.25;2.42;89.36;-0.16;0.39;0.005;0.45;2.37;1.38;-1.07
1595606611.125;2680;-0.26;2.42;115.78;-0.20;2.73;65.10;-0.79;0.50;331;1;0;8;0.79;0.07;-0.00;0.00;0.00;-0.00;0.00;0.00;-0.25;2.42;89.36;-0.16;0.39;0.005;0.45;2.37;1.38;-1.07
1595606611.226;2690;-0.26;2.42;115.81;-0.20;2.73;65.10;-0.79;0.50;331;1;0;8;0.79;0.07;-0.00;0.00;0.00;-0.00;0.00;0.00;-0.25;2.42;89.36;-0.16;0.39;0.006;0.45;2.37;1.38;-1.07
1595606611.335;2701;-0.26;2.42;115.81;-0.25;2.35;90.00;-0.00;0.37;331;0;1;8;0.79;0.07;-0.00;0.00;0.00;-0.00;0.00;0.00;-0.25;2.42;89.36;-0.16;0.39;0.002;0.45;2.37;1.38;-1.07
1595606611.434;2711;-0.26;2.42;115.79;-0.25;2.35;90.00;-0.00;0.37;331;0;1;8;0.79;0.07;-0.00;0.00;0.00;-0.00;0.00;0.00;-0.25;2.42;89.36;-0.16;0.39;0.002;0.45;2.37;1.38;-1.07
1595606611.525;2720;-0.26;2.42;115.79;-0.20;2.73;65.10;-0.79;0.50;331;1;0;8;0.79;0.07;-0.00;0.00;0.00;-0.00;0.01;0.00;-0.25;2.42;89.36;-0.16;0.39;0.005;0.45;2.37;1.38;-1.07
1595606611.625;2730;-0.26;2.42;115.78;-0.20;2.73;65.10;-0.79;0.50;331;1;0;8;0.79;0.07;-0.00;0.00;0.00;-0.00;0.00;0.00;-0.25;2.42;89.36;-0.16;0.39;0.005;0.45;2.37;1.38;-1.07
1595606611.731;2741;-0.26;2.42;115.78;-0.20;2.73;65.10;-0.79;0.50;331;1;0;8;0.79;0.07;-0.00;0.00;0.00;0.00;0.00;0.00;-0.25;2.42;89.36;-0.16;0.39;0.011;0.45;2.37;1.38;-1.07
1595606611.827;2750;-0.26;2.42;115.78;-0.20;2.73;65.10;-0.79;0.50;331;1;0;8;0.79;0.07;0.00;0.00;0.00;-0.00;0.00;0.00;-0.25;2.42;89.36;-0.16;0.39;0.007;0.45;2.37;1.38;-1.07
1595606611.925;2760;-0.26;2.42;115.79;-0.20;2.73;65.10;-0.79;0.50;331;1;0;8;0.79;0.07;0.00;0.00;0.00;-0.00;0.00;0.00;-0.25;2.42;89.36;-0.16;0.39;0.005;0.45;2.37;1.38;-1.07
1595606612.025;2770;-0.26;2.42;115.82;-0.20;2.73;65.10;-0.79;0.50;331;1;0;8;0.79;0.07;-0.00;0.00;0.00;-0.00;0.01;0.00;-0.25;2.42;89.36;-0.16;0.39;0.005;0.45;2.37;1.38;-1.07
1595606612.126;2780;-0.26;2.42;115.81;-0.20;2.73;65.10;-0.79;0.50;331;1;0;8;0.79;0.07;-0.00;0.00;0.00;-0.00;0.01;0.00;-0.25;2.42;89.36;-0.16;0.39;0.006;0.45;2.37;1.38;-1.07
1595606612.225;2790;-0.26;2.42;115.81;-0.20;2.73;65.10;-0.79;0.50;331;1;0;8;0.79;0.07;-0.00;0.00;0.00;-0.00;0.00;0.00;-0.25;2.42;89.36;-0.16;0.39;0.005;0.45;2.37;1.38;-1.07
1595606612.335;2801;-0.26;2.42;115.79;-0.25;2.35;90.00;-0.00;0.37;331;0;1;8;0.79;0.07;-0.00;0.00;0.00;0.00;0.00;0.00;-0.25;2.42;89.36;-0.16;0.39;0.002;0.45;2.37;1.38;-1.07
1595606612.431;2811;-0.26;2.42;115.84;-0.20;2.73;65.10;-0.79;0.50;331;1;0;8;0.79;0.07;-0.00;0.00;0.00;-0.00;0.00;0.00;-0.25;2.42;89.36;-0.16;0.39;0.010;0.45;2.37;1.38;-1.07
1595606612.526;2820;-0.26;2.42;115.82;-0.20;2.73;65.10;-0.79;0.50;331;1;0;8;0.79;0.07;-0.00;0.00;0.00;-0.00;0.00;0.00;-0.25;2.42;89.36;-0.16;0.39;0.006;0.45;2.37;1.38;-1.07
1595606612.626;2830;-0.26;2.42;115.80;-0.20;2.73;65.10;-0.79;0.50;331;1;0;8;0.79;0.07;-0.00;0.00;0.00;-0.00;0.00;0.00;-0.25;2.42;89.36;-0.16;0.39;0.006;0.45;2.37;1.38;-1.07
1595606612.725;2840;-0.26;2.42;115.78;-0.20;2.73;65.10;-0.79;0.50;331;1;0;8;0.79;0.07;-0.00;0.00;0.00;-0.00;0.00;0.00;-0.25;2.42;89.36;-0.16;0.39;0.005;0.45;2.37;1.38;-1.07
1595606612.826;2850;-0.26;2.42;115.84;-0.20;2.73;65.10;-0.79;0.50;331;1;0;8;0.79;0.07;-0.00;0.00;0.00;-0.00;0.00;0.00;-0.25;2.42;89.36;-0.16;0.39;0.006;0.45;2.37;1.38;-1.07
1595606612.926;2860;-0.26;2.42;115.82;-0.20;2.73;65.10;-0.79;0.50;331;1;0;8;0.79;0.07;-0.00;0.00;0.00;0.00;0.00;0.00;-0.25;2.42;89.36;-0.16;0.39;0.006;0.45;2.37;1.38;-1.07
1595606613.026;2870;-0.26;2.42;115.78;-0.20;2.73;65.10;-0.79;0.50;331;1;0;8;0.79;0.07;-0.00;0.00;0.00;-0.00;0.00;0.00;-0.25;2.42;89.36;-0.16;0.39;0.006;0.45;2.37;1.38;-1.07
1595606613.126;2880;-0.26;2.42;115.82;-0.20;2.73;65.10;-0.79;0.50;331;1;0;8;0.79;0.07;-0.00;0.00;0.00;-0.00;0.00;0.00;-0.25;2.42;89.36;-0.16;0.39;0.006;0.45;2.37;1.38;-1.07
1595606613.225;2890;-0.26;2.42;115.81;-0.20;2.73;65.10;-0.79;0.50;331;1;0;8;0.79;0.07;-0.00;0.00;0.00;-0.00;0.00;0.00;-0.25;2.42;89.36;-0.16;0.39;0.005;0.45;2.37;1.38;-1.07
1595606613.334;2901;-0.26;2.42;115.79;-0.25;2.35;90.00;-0.00;0.37;331;0;1;8;0.79;0.07;-0.00;0.00;0.00;-0.00;0.00;0.00;-0.25;2.42;89.36;-0.16;0.39;0.002;0.45;2.37;1.38;-1.07
1595606613.435;2911;-0.26;2.42;115.82;-0.25;2.35;90.00;-0.00;0.37;331;0;1;8;0.79;0.07;-0.00;0.00;0.00;0.00;0.00;0.00;-0.25;2.42;89.36;-0.16;0.39;0.002;0.45;2.37;1.38;-1.07
1595606613.525;2920;-0.26;2.42;115.78;-0.20;2.73;65.10;-0.79;0.50;331;1;0;8;0.79;0.07;-0.00;0.00;0.00;0.00;0.00;0.00;-0.25;2.42;89.36;-0.16;0.39;0.005;0.45;2.37;1.38;-1.07
1595606613.626;2930;-0.26;2.42;115.79;-0.20;2.73;65.10;-0.79;0.50;331;1;0;8;0.79;0.07;-0.00;0.00;0.00;-0.00;0.01;0.00;-0.25;2.42;89.36;-0.16;0.39;0.006;0.45;2.37;1.38;-1.07
1595606613.725;2940;-0.26;2.42;115.79;-0.20;2.73;65.10;-0.79;0.50;331;1;0;8;0.79;0.07;-0.00;0.00;0.00;-0.00;0.01;0.00;-0.25;2.42;89.36;-0.16;0.39;0.005;0.45;2.37;1.38;-1.07
1595606613.826;2950;-0.26;2.42;115.82;-0.20;2.73;65.10;-0.79;0.50;331;1;0;8;0.79;0.07;-0.00;0.00;0.00;-0.00;0.00;0.00;-0.25;2.42;89.36;-0.16;0.39;0.005;0.45;2.37;1.38;-1.07
1595606613.925;2960;-0.26;2.42;115.81;-0.20;2.73;65.10;-0.79;0.50;331;1;0;8;0.79;0.07;-0.00;0.00;0.00;-0.00;0.01;0.00;-0.25;2.42;89.36;-0.16;0.39;0.005;0.45;2.37;1.38;-1.07
1595606614.030;2970;-0.26;2.42;115.81;-0.20;2.73;65.10;-0.79;0.50;331;1;0;8;0.79;0.07;-0.00;0.00;0.00;-0.00;0.00;0.00;-0.25;2.42;89.36;-0.16;0.39;0.009;0.45;2.37;1.38;-1.07
1595606614.126;2980;-0.26;2.42;115.77;-0.20;2.73;65.10;-0.79;0.50;331;1;0;8;0.79;0.07;-0.00;0.00;0.00;-0.00;0.01;0.00;-0.25;2.42;89.36;-0.16;0.39;0.006;0.45;2.37;1.38;-1.07
1595606614.232;2991;-0.26;2.42;115.82;-0.20;2.73;65.10;-0.79;0.50;331;1;0;8;0.79;0.07;-0.00;0.00;0.00;-0.00;0.00;0.00;-0.25;2.42;89.36;-0.16;0.39;0.012;0.45;2.37;1.38;-1.07
1595606614.349;3002;-0.26;2.42;115.79;-0.25;2.35;90.00;-0.00;0.37;331;0;1;8;0.79;0.07;-0.00;0.00;0.00;-0.00;0.00;0.00;-0.25;2.42;89.36;-0.16;0.39;0.004;0.45;2.37;1.38;-1.07
1595606614.435;3011;-0.26;2.42;115.79;-0.25;2.35;90.00;-0.00;0.37;331;0;1;8;0.79;0.07;-0.00;0.00;0.00;-0.00;0.00;0.00;-0.25;2.42;89.36;-0.16;0.39;0.002;0.45;2.37;1.38;-1.07
1595606614.530;3021;-0.26;2.42;115.78;-0.20;2.73;65.10;-0.79;0.50;331;1;0;8;0.79;0.07;-0.00;0.00;0.00;-0.00;0.01;0.00;-0.25;2.42;89.36;-0.16;0.39;0.009;0.45;2.37;1.38;-1.07
1595606614.625;3030;-0.26;2.42;115.78;-0.20;2.73;65.10;-0.79;0.50;331;1;0;8;0.79;0.07;-0.00;0.00;0.00;-0.00;0.01;0.00;-0.25;2.42;89.36;-0.16;0.39;0.005;0.45;2.37;1.38;-1.07
1595606614.730;3041;-0.26;2.42;115.80;-0.20;2.73;65.10;-0.79;0.50;331;1;0;8;0.79;0.07;-0.00;0.00;0.00;-0.00;0.01;0.00;-0.25;2.42;89.36;-0.16;0.39;0.010;0.45;2.37;1.38;-1.07
1595606614.826;3050;-0.26;2.42;115.82;-0.20;2.73;65.10;-0.79;0.50;331;1;0;8;0.79;0.07;-0.00;0.00;0.00;-0.00;0.00;0.00;-0.25;2.42;89.36;-0.16;0.39;0.006;0.45;2.37;1.38;-1.07
1595606614.926;3060;-0.26;2.42;115.81;-0.20;2.73;65.10;-0.79;0.50;331;1;0;8;0.79;0.07;-0.00;0.00;0.00;-0.00;0.00;0.00;-0.25;2.42;89.36;-0.16;0.39;0.006;0.45;2.37;1.38;-1.07
1595606615.025;3070;-0.26;2.42;115.80;-0.20;2.73;65.10;-0.79;0.50;331;1;0;8;0.79;0.07;-0.00;0.00;0.00;-0.00;0.00;0.00;-0.25;2.42;89.36;-0.16;0.39;0.005;0.45;2.37;1.38;-1.07
1595606615.126;3080;-0.26;2.42;115.82;-0.20;2.73;65.10;-0.79;0.50;331;1;0;8;0.79;0.07;-0.00;0.00;0.00;-0.00;0.00;0.00;-0.25;2.42;89.36;-0.16;0.39;0.005;0.45;2.37;1.38;-1.07
1595606615.226;3090;-0.26;2.42;115.80;-0.20;2.73;65.10;-0.79;0.50;331;1;0;8;0.79;0.07;-0.00;0.00;0.00;-0.00;0.00;0.00;-0.25;2.42;89.36;-0.16;0.39;0.005;0.45;2.37;1.38;-1.07
1595606615.334;3101;-0.26;2.42;115.81;-0.25;2.35;90.00;-0.00;0.37;331;0;1;8;0.79;0.07;-0.00;0.00;0.00;-0.00;0.01;0.00;-0.25;2.42;89.36;-0.16;0.39;0.002;0.45;2.37;1.38;-1.07
1595606615.434;3111;-0.26;2.42;115.80;-0.25;2.35;90.00;-0.00;0.37;331;0;1;8;0.79;0.07;-0.00;0.00;0.00;-0.00;0.00;0.00;-0.25;2.42;89.36;-0.16;0.39;0.002;0.45;2.37;1.38;-1.07
1595606615.531;3121;-0.26;2.42;115.80;-0.20;2.73;65.10;-0.79;0.50;331;1;0;8;0.79;0.07;-0.00;0.00;0.00;-0.00;0.00;0.00;-0.25;2.42;89.36;-0.16;0.39;0.011;0.45;2.37;1.38;-1.07
1595606615.631;3131;-0.26;2.42;115.83;-0.20;2.73;65.10;-0.79;0.50;331;1;0;8;0.79;0.07;-0.00;0.00;0.00;-0.00;0.00;0.00;-0.25;2.42;89.36;-0.16;0.39;0.011;0.45;2.37;1.38;-1.07
1595606615.730;3141;-0.26;2.42;115.78;-0.20;2.73;65.10;-0.79;0.50;331;1;0;8;0.79;0.07;-0.00;0.00;0.00;-0.00;0.00;0.00;-0.25;2.42;89.36;-0.16;0.39;0.010;0.45;2.37;1.38;-1.07
1595606615.831;3151;-0.26;2.42;115.83;-0.20;2.73;65.10;-0.79;0.50;331;1;0;8;0.79;0.07;-0.00;0.00;0.00;-0.00;0.01;0.00;-0.25;2.42;89.36;-0.16;0.39;0.011;0.45;2.37;1.38;-1.07
1595606615.926;3160;-0.26;2.42;115.81;-0.20;2.73;65.10;-0.79;0.50;331;1;0;8;0.79;0.07;-0.00;0.00;0.00;-0.00;0.00;0.00;-0.25;2.42;89.36;-0.16;0.39;0.005;0.45;2.37;1.38;-1.07
1595606616.025;3170;-0.26;2.42;115.83;-0.20;2.73;65.10;-0.79;0.50;331;1;0;8;0.79;0.07;-0.00;0.00;0.00;-0.00;0.00;0.00;-0.25;2.42;89.36;-0.16;0.39;0.005;0.45;2.37;1.38;-1.07
1595606616.126;3180;-0.26;2.42;115.80;-0.20;2.73;65.10;-0.79;0.50;331;1;0;8;0.79;0.07;-0.00;0.00;0.00;-0.00;0.00;0.00;-0.25;2.42;89.36;-0.16;0.39;0.006;0.45;2.37;1.38;-1.07
1595606616.226;3190;-0.26;2.42;115.82;-0.20;2.73;65.10;-0.79;0.50;331;1;0;8;0.79;0.07;-0.00;0.00;0.00;-0.00;0.00;0.00;-0.25;2.42;89.36;-0.16;0.39;0.005;0.45;2.37;1.38;-1.07
1595606616.335;3201;-0.26;2.42;115.81;-0.25;2.35;90.00;-0.00;0.37;331;0;1;8;0.79;0.07;-0.00;0.00;0.00;-0.00;0.00;0.00;-0.25;2.42;89.36;-0.16;0.39;0.002;0.45;2.37;1.38;-1.07
1595606616.437;3211;-0.26;2.42;115.84;-0.25;2.35;90.00;-0.00;0.37;331;0;1;8;0.79;0.07;-0.00;0.00;0.00;-0.00;0.00;0.00;-0.25;2.42;89.36;-0.16;0.39;0.004;0.45;2.37;1.38;-1.07
1595606616.525;3220;-0.26;2.42;115.81;-0.20;2.73;65.10;-0.79;0.50;331;1;0;8;0.79;0.07;-0.00;0.00;0.00;-0.00;0.00;0.00;-0.25;2.42;89.36;-0.16;0.39;0.005;0.45;2.37;1.38;-1.07
1595606616.626;3230;-0.26;2.42;115.84;-0.20;2.73;65.10;-0.79;0.50;331;1;0;8;0.79;0.07;-0.00;0.00;0.00;-0.00;0.00;0.00;-0.25;2.42;89.36;-0.16;0.39;0.006;0.45;2.37;1.38;-1.07
1595606616.725;3240;-0.26;2.42;115.80;-0.20;2.73;65.10;-0.79;0.50;331;1;0;8;0.79;0.07;-0.00;0.00;0.00;-0.00;0.00;0.00;-0.25;2.42;89.36;-0.16;0.39;0.005;0.45;2.37;1.38;-1.07
1595606616.825;3250;-0.26;2.42;115.77;-0.20;2.73;65.10;-0.79;0.50;331;1;0;8;0.79;0.07;-0.00;0.00;0.00;-0.00;0.00;0.00;-0.25;2.42;89.36;-0.16;0.39;0.005;0.45;2.37;1.38;-1.07
1595606616.926;3260;-0.26;2.42;115.82;-0.20;2.73;65.10;-0.79;0.50;331;1;0;8;0.79;0.07;-0.00;0.00;0.00;-0.00;0.01;-0.00;-0.25;2.42;89.36;-0.16;0.39;0.006;0.45;2.37;1.38;-1.07
1595606617.026;3270;-0.26;2.42;115.82;-0.20;2.73;65.10;-0.79;0.50;331;1;0;8;0.79;0.07;-0.00;0.00;0.00;-0.00;0.00;0.00;-0.25;2.42;89.36;-0.16;0.39;0.006;0.45;2.37;1.38;-1.07
1595606617.126;3280;-0.26;2.42;115.79;-0.20;2.73;65.10;-0.79;0.50;331;1;0;8;0.79;0.07;-0.00;0.00;0.00;-0.00;0.00;0.00;-0.25;2.42;89.36;-0.16;0.39;0.005;0.45;2.37;1.38;-1.07
1595606617.231;3291;-0.26;2.42;115.78;-0.20;2.73;65.10;-0.79;0.50;331;1;0;8;0.79;0.07;-0.00;0.00;0.00;-0.00;0.00;0.00;-0.25;2.42;89.36;-0.16;0.39;0.011;0.45;2.37;1.38;-1.07
1595606617.342;3302;-0.26;2.42;115.82;-0.25;2.35;90.00;-0.00;0.37;331;0;1;8;0.79;0.07;-0.00;0.00;0.00;-0.00;0.00;0.00;-0.25;2.42;89.36;-0.16;0.39;0.003;0.45;2.37;1.38;-1.07
1595606617.433;3311;-0.26;2.42;115.79;-0.25;2.35;90.00;-0.00;0.37;331;0;1;8;0.79;0.07;-0.00;0.00;0.00;-0.00;0.00;0.00;-0.25;2.42;89.36;-0.16;0.39;0.002;0.45;2.37;1.38;-1.07
1595606617.525;3320;-0.26;2.42;115.83;-0.20;2.73;65.10;-0.79;0.50;331;1;0;8;0.79;0.07;-0.00;0.00;0.00;-0.00;0.00;0.00;-0.25;2.42;89.36;-0.16;0.39;0.005;0.45;2.37;1.38;-1.07
1595606617.626;3330;-0.26;2.42;115.82;-0.20;2.73;65.10;-0.79;0.50;331;1;0;8;0.79;0.07;-0.00;0.00;0.00;-0.00;0.01;0.00;-0.25;2.42;89.36;-0.16;0.39;0.006;0.45;2.37;1.38;-1.07
1595606617.732;3341;-0.26;2.42;115.79;-0.20;2.73;65.10;-0.79;0.50;331;1;0;8;0.79;0.07;-0.00;0.00;0.00;-0.00;0.00;0.00;-0.25;2.42;89.36;-0.16;0.39;0.012;0.45;2.37;1.38;-1.07
1595606617.831;3351;-0.26;2.42;115.81;-0.20;2.73;65.10;-0.79;0.50;331;1;0;8;0.79;0.07;-0.00;0.00;0.00;0.00;0.00;0.00;-0.25;2.42;89.36;-0.16;0.39;0.011;0.45;2.37;1.38;-1.07
1595606617.932;3361;-0.26;2.42;115.83;-0.20;2.73;65.10;-0.79;0.50;331;1;0;8;0.79;0.07;-0.00;0.00;0.00;-0.00;0.00;0.00;-0.25;2.42;89.36;-0.16;0.39;0.012;0.45;2.37;1.38;-1.07
1595606618.031;3371;-0.26;2.42;115.82;-0.20;2.73;65.10;-0.79;0.50;331;1;0;8;0.79;0.07;-0.00;0.00;0.00;-0.00;0.01;0.00;-0.25;2.42;89.36;-0.16;0.39;0.011;0.45;2.37;1.38;-1.07
1595606618.126;3380;-0.26;2.42;115.77;-0.20;2.73;65.10;-0.79;0.50;331;1;0;8;0.79;0.07;-0.00;0.00;0.00;-0.00;0.01;-0.00;-0.25;2.42;89.36;-0.16;0.39;0.006;0.45;2.37;1.38;-1.07
1595606618.225;3390;-0.26;2.42;115.79;-0.20;2.73;65.10;-0.79;0.50;331;1;0;8;0.79;0.07;-0.00;0.00;0.00;-0.00;0.00;0.00;-0.25;2.42;89.36;-0.16;0.39;0.005;0.45;2.37;1.38;-1.07
1595606618.335;3401;-0.26;2.42;115.80;-0.25;2.35;90.00;-0.00;0.37;331;0;1;8;0.79;0.07;-0.00;0.00;0.00;-0.00;0.00;0.00;-0.25;2.42;89.36;-0.16;0.39;0.002;0.45;2.37;1.38;-1.07
1595606618.435;3411;-0.26;2.42;115.77;-0.25;2.35;90.00;-0.00;0.37;331;0;1;8;0.79;0.07;-0.00;0.00;0.00;-0.00;0.00;0.00;-0.25;2.42;89.36;-0.16;0.39;0.002;0.45;2.37;1.38;-1.07
1595606618.525;3420;-0.26;2.42;115.82;-0.20;2.73;65.10;-0.79;0.50;331;1;0;8;0.79;0.07;-0.00;0.00;0.00;-0.00;0.00;0.00;-0.25;2.42;89.36;-0.16;0.39;0.005;0.45;2.37;1.38;-1.07
1595606618.630;3430;-0.26;2.42;115.78;-0.20;2.73;65.10;-0.79;0.50;331;1;0;8;0.79;0.07;-0.00;0.00;0.00;-0.00;0.00;0.00;-0.25;2.42;89.36;-0.16;0.39;0.010;0.45;2.37;1.38;-1.07
1595606618.725;3440;-0.26;2.42;115.81;-0.20;2.73;65.10;-0.79;0.50;331;1;0;8;0.79;0.07;-0.00;0.00;0.00;-0.00;0.00;0.00;-0.25;2.42;89.36;-0.16;0.39;0.005;0.45;2.37;1.38;-1.07
1595606618.825;3450;-0.26;2.42;115.82;-0.20;2.73;65.10;-0.79;0.50;331;1;0;8;0.79;0.07;-0.00;0.00;0.00;-0.00;0.00;0.00;-0.25;2.42;89.36;-0.16;0.39;0.005;0.45;2.37;1.38;-1.07
1595606618.926;3460;-0.26;2.42;115.80;-0.20;2.73;65.10;-0.79;0.50;331;1;0;8;0.79;0.07;-0.00;0.00;0.00;-0.00;0.01;0.00;-0.25;2.42;89.36;-0.16;0.39;0.006;0.45;2.37;1.38;-1.07
1595606619.031;3471;-0.26;2.42;115.80;-0.20;2.73;65.10;-0.79;0.50;331;1;0;8;0.79;0.07;-0.00;0.00;0.00;-0.00;0.01;0.00;-0.25;2.42;89.36;-0.16;0.39;0.011;0.45;2.37;1.38;-1.07
1595606619.131;3481;-0.26;2.42;115.80;-0.20;2.73;65.10;-0.79;0.50;331;1;0;8;0.79;0.07;-0.00;0.00;0.00;-0.00;0.00;0.00;-0.25;2.42;89.36;-0.16;0.39;0.011;0.45;2.37;1.38;-1.07
1595606619.231;3491;-0.26;2.42;115.83;-0.20;2.73;65.10;-0.79;0.50;331;1;0;8;0.79;0.07;-0.00;0.00;0.00;-0.00;0.00;0.00;-0.25;2.42;89.36;-0.16;0.39;0.011;0.45;2.37;1.38;-1.07
1595606619.335;3501;-0.26;2.42;115.81;-0.25;2.35;90.00;-0.00;0.37;331;0;1;8;0.79;0.07;-0.00;0.00;0.00;-0.00;0.01;0.00;-0.25;2.42;89.36;-0.16;0.39;0.002;0.45;2.37;1.38;-1.07
1595606619.434;3511;-0.26;2.42;115.78;-0.25;2.35;90.00;-0.00;0.37;331;0;1;8;0.79;0.07;-0.00;0.00;0.00;-0.00;0.01;0.00;-0.25;2.42;89.36;-0.16;0.39;0.002;0.45;2.37;1.38;-1.07
1595606619.530;3521;-0.26;2.42;115.81;-0.20;2.73;65.10;-0.79;0.50;331;1;0;8;0.79;0.07;-0.00;0.00;0.00;-0.00;0.01;0.00;-0.25;2.42;89.36;-0.16;0.39;0.009;0.45;2.37;1.38;-1.07
1595606619.626;3530;-0.26;2.42;115.84;-0.20;2.73;65.10;-0.79;0.50;331;1;0;8;0.79;0.07;-0.00;0.00;0.00;-0.00;0.00;0.00;-0.25;2.42;89.36;-0.16;0.39;0.006;0.45;2.37;1.38;-1.07
1595606619.731;3541;-0.26;2.42;115.79;-0.20;2.73;65.10;-0.79;0.50;331;1;0;8;0.79;0.07;-0.00;0.00;0.00;-0.00;0.01;0.00;-0.25;2.42;89.36;-0.16;0.39;0.011;0.45;2.37;1.38;-1.07
1595606619.831;3551;-0.26;2.42;115.83;-0.20;2.73;65.10;-0.79;0.50;331;1;0;8;0.79;0.07;-0.00;0.00;0.00;-0.00;0.01;0.00;-0.25;2.42;89.36;-0.16;0.39;0.011;0.45;2.37;1.38;-1.07
1595606619.925;3560;-0.26;2.42;115.81;-0.20;2.73;65.10;-0.79;0.50;331;1;0;8;0.79;0.07;-0.00;0.00;0.00;-0.00;0.00;0.00;-0.25;2.42;89.36;-0.16;0.39;0.005;0.45;2.37;1.38;-1.07
1595606620.025;3570;-0.26;2.42;115.80;-0.20;2.73;65.10;-0.79;0.50;331;1;0;8;0.79;0.07;-0.00;0.00;0.00;-0.00;0.01;0.00;-0.25;2.42;89.36;-0.16;0.39;0.005;0.45;2.37;1.38;-1.07
1595606620.126;3580;-0.26;2.42;115.79;-0.20;2.73;65.10;-0.79;0.50;331;1;0;8;0.79;0.07;-0.00;0.00;0.00;-0.00;0.01;0.00;-0.25;2.42;89.36;-0.16;0.39;0.006;0.45;2.37;1.38;-1.07
1595606620.226;3590;-0.26;2.42;115.79;-0.20;2.73;65.10;-0.79;0.50;331;1;0;8;0.79;0.07;-0.00;0.00;0.00;-0.00;0.00;0.00;-0.25;2.42;89.36;-0.16;0.39;0.006;0.45;2.37;1.38;-1.07
1595606620.349;3602;-0.26;2.42;115.79;-0.25;2.35;90.00;-0.00;0.37;331;0;1;8;0.79;0.07;-0.00;0.00;0.00;-0.00;0.01;0.00;-0.25;2.42;89.36;-0.16;0.39;0.004;0.45;2.37;1.38;-1.07
1595606620.431;3611;-0.26;2.42;115.80;-0.20;2.73;65.10;-0.79;0.50;331;1;0;8;0.79;0.07;-0.00;0.00;0.00;-0.00;0.01;0.00;-0.25;2.42;89.36;-0.16;0.39;0.010;0.45;2.37;1.38;-1.07
1595606620.531;3621;-0.26;2.42;115.83;-0.20;2.73;65.10;-0.79;0.50;331;1;0;8;0.79;0.07;-0.00;0.00;0.00;-0.00;0.01;0.00;-0.25;2.42;89.36;-0.16;0.39;0.011;0.45;2.37;1.38;-1.07
1595606620.625;3630;-0.26;2.42;115.82;-0.20;2.73;65.10;-0.79;0.50;331;1;0;8;0.79;0.07;-0.00;0.00;0.00;-0.00;0.00;0.00;-0.25;2.42;89.36;-0.16;0.39;0.005;0.45;2.37;1.38;-1.07
1595606620.725;3640;-0.26;2.42;115.81;-0.20;2.73;65.10;-0.79;0.50;331;1;0;8;0.79;0.07;-0.00;0.00;0.00;-0.00;0.01;0.00;-0.25;2.42;89.36;-0.16;0.39;0.005;0.45;2.37;1.38;-1.07
1595606620.825;3650;-0.26;2.42;115.80;-0.20;2.73;65.10;-0.79;0.50;331;1;0;8;0.79;0.07;-0.00;0.00;0.00;-0.00;0.00;0.00;-0.25;2.42;89.36;-0.16;0.39;0.005;0.45;2.37;1.38;-1.07
1595606620.926;3660;-0.26;2.42;115.80;-0.20;2.73;65.10;-0.79;0.50;331;1;0;8;0.79;0.07;-0.00;0.00;0.00;-0.00;0.01;0.00;-0.25;2.42;89.36;-0.16;0.39;0.006;0.45;2.37;1.38;-1.07
1595606621.025;3670;-0.26;2.42;115.78;-0.20;2.73;65.10;-0.79;0.50;331;1;0;8;0.79;0.07;-0.00;0.00;0.00;-0.00;0.01;0.00;-0.25;2.42;89.36;-0.16;0.39;0.005;0.45;2.37;1.38;-1.07
1595606621.125;3680;-0.26;2.42;115.80;-0.20;2.73;65.10;-0.79;0.50;331;1;0;8;0.79;0.07;-0.00;0.00;0.00;-0.00;0.00;0.00;-0.25;2.42;89.36;-0.16;0.39;0.005;0.45;2.37;1.38;-1.07
1595606621.226;3690;-0.26;2.42;115.82;-0.20;2.73;65.10;-0.79;0.50;331;1;0;8;0.79;0.07;-0.00;0.00;0.00;-0.00;0.01;0.00;-0.25;2.42;89.36;-0.16;0.39;0.006;0.45;2.37;1.38;-1.07
1595606621.336;3701;-0.26;2.42;115.80;-0.25;2.35;90.00;-0.00;0.37;331;0;1;8;0.79;0.07;-0.00;0.00;0.00;-0.00;0.01;0.00;-0.25;2.42;89.36;-0.16;0.39;0.002;0.45;2.37;1.38;-1.07
1595606621.436;3711;-0.26;2.42;115.78;-0.25;2.35;90.00;-0.00;0.37;331;0;1;8;0.79;0.07;-0.00;0.00;0.00;-0.00;0.00;0.00;-0.25;2.42;89.36;-0.16;0.39;0.002;0.45;2.37;1.38;-1.07
1595606621.525;3720;-0.26;2.42;115.78;-0.20;2.73;65.10;-0.79;0.50;331;1;0;8;0.79;0.07;-0.00;0.00;0.00;-0.00;0.00;0.00;-0.25;2.42;89.36;-0.16;0.39;0.005;0.45;2.37;1.38;-1.07
1595606621.630;3730;-0.26;2.42;115.81;-0.20;2.73;65.10;-0.79;0.50;331;1;0;8;0.79;0.07;-0.00;0.00;0.00;-0.00;0.00;0.00;-0.25;2.42;89.36;-0.16;0.39;0.010;0.45;2.37;1.38;-1.07
1595606621.731;3741;-0.26;2.42;115.80;-0.20;2.73;65.10;-0.79;0.50;331;1;0;8;0.79;0.07;-0.00;0.00;0.00;-0.00;0.01;0.00;-0.25;2.42;89.36;-0.16;0.39;0.011;0.45;2.37;1.38;-1.07
1595606621.825;3750;-0.26;2.42;115.81;-0.20;2.73;65.10;-0.79;0.50;331;1;0;8;0.79;0.07;-0.00;0.00;0.00;-0.00;0.01;0.00;-0.25;2.42;89.36;-0.16;0.39;0.005;0.45;2.37;1.38;-1.07
1595606621.926;3760;-0.26;2.42;115.81;-0.20;2.73;65.10;-0.79;0.50;331;1;0;8;0.79;0.07;-0.00;0.00;0.00;-0.00;0.00;0.00;-0.25;2.42;89.36;-0.16;0.39;0.006;0.45;2.37;1.38;-1.07
1595606622.026;3770;-0.26;2.42;115.83;-0.20;2.73;65.10;-0.79;0.50;331;1;0;8;0.79;0.07;-0.00;0.00;0.00;-0.00;0.00;0.00;-0.25;2.42;89.36;-0.16;0.39;0.006;0.45;2.37;1.38;-1.07
1595606622.126;3780;-0.26;2.42;115.82;-0.20;2.73;65.10;-0.79;0.50;331;1;0;8;0.79;0.07;-0.00;0.00;0.00;-0.00;0.00;0.00;-0.25;2.42;89.36;-0.16;0.39;0.006;0.45;2.37;1.38;-1.07
1595606622.225;3790;-0.26;2.42;115.80;-0.20;2.73;65.10;-0.79;0.50;331;1;0;8;0.79;0.07;-0.00;0.00;0.00;-0.00;0.00;0.00;-0.25;2.42;89.36;-0.16;0.39;0.005;0.45;2.37;1.38;-1.07
1595606622.335;3801;-0.26;2.42;115.78;-0.25;2.35;90.00;-0.00;0.37;331;0;1;8;0.79;0.07;-0.00;0.00;0.00;-0.00;0.00;0.00;-0.25;2.42;89.36;-0.16;0.39;0.002;0.45;2.37;1.38;-1.07
1595606622.435;3811;-0.26;2.42;115.81;-0.25;2.35;90.00;-0.00;0.37;331;0;1;8;0.79;0.07;-0.00;0.00;0.00;-0.00;0.00;0.00;-0.25;2.42;89.36;-0.16;0.39;0.002;0.45;2.37;1.38;-1.07
1595606622.525;3820;-0.26;2.42;115.79;-0.20;2.73;65.10;-0.79;0.50;331;1;0;8;0.79;0.07;-0.00;0.00;0.00;-0.00;0.01;0.00;-0.25;2.42;89.36;-0.16;0.39;0.005;0.45;2.37;1.38;-1.07
1595606622.626;3830;-0.26;2.42;115.82;-0.20;2.73;65.10;-0.79;0.50;331;1;0;8;0.79;0.07;-0.00;0.00;0.00;-0.00;0.00;0.00;-0.25;2.42;89.36;-0.16;0.39;0.006;0.45;2.37;1.38;-1.07
1595606622.726;3840;-0.26;2.42;115.80;-0.20;2.73;65.10;-0.79;0.50;331;1;0;8;0.79;0.07;-0.00;0.00;0.00;0.00;0.00;0.00;-0.25;2.42;89.36;-0.16;0.39;0.006;0.45;2.37;1.38;-1.07
1595606622.825;3850;-0.26;2.42;115.83;-0.20;2.73;65.10;-0.79;0.50;331;1;0;8;0.79;0.07;-0.00;0.00;0.00;-0.00;0.00;0.00;-0.25;2.42;89.36;-0.16;0.39;0.005;0.45;2.37;1.38;-1.07
1595606622.930;3861;-0.26;2.42;115.80;-0.20;2.73;65.10;-0.79;0.50;331;1;0;8;0.79;0.07;-0.00;0.00;0.00;-0.00;0.01;0.00;-0.25;2.42;89.36;-0.16;0.39;0.010;0.45;2.37;1.38;-1.07
1595606623.025;3870;-0.26;2.42;115.84;-0.20;2.73;65.10;-0.79;0.50;331;1;0;8;0.79;0.07;-0.00;0.00;0.00;-0.00;0.00;0.00;-0.25;2.42;89.36;-0.16;0.39;0.005;0.45;2.37;1.38;-1.07
1595606623.126;3880;-0.26;2.42;115.82;-0.20;2.73;65.10;-0.79;0.50;331;1;0;8;0.79;0.07;-0.00;0.00;0.00;-0.00;0.00;-0.00;-0.25;2.42;89.36;-0.16;0.39;0.006;0.45;2.37;1.38;-1.07
1595606623.225;3890;-0.26;2.42;115.82;-0.20;2.73;65.10;-0.79;0.50;331;1;0;8;0.79;0.07;-0.00;0.00;0.00;-0.00;0.01;0.00;-0.25;2.42;89.36;-0.16;0.39;0.005;0.45;2.37;1.38;-1.07
1595606623.336;3901;-0.26;2.42;115.78;-0.25;2.35;90.00;-0.00;0.37;331;0;1;8;0.79;0.07;-0.00;0.00;0.00;-0.00;0.00;0.00;-0.25;2.42;89.36;-0.16;0.39;0.003;0.45;2.37;1.38;-1.07
1595606623.435;3911;-0.26;2.42;115.84;-0.25;2.35;90.00;-0.00;0.37;331;0;1;8;0.79;0.07;-0.00;0.00;0.00;-0.00;0.00;0.00;-0.25;2.42;89.36;-0.16;0.39;0.002;0.45;2.37;1.38;-1.07
1595606623.525;3920;-0.26;2.42;115.78;-0.20;2.73;65.10;-0.79;0.50;331;1;0;8;0.79;0.07;-0.00;0.00;0.00;-0.00;0.01;0.00;-0.25;2.42;89.36;-0.16;0.39;0.005;0.45;2.37;1.38;-1.07
1595606623.626;3930;-0.26;2.42;115.81;-0.20;2.73;65.10;-0.79;0.50;331;1;0;8;0.79;0.07;-0.00;0.00;0.00;0.00;0.01;0.00;-0.25;2.42;89.36;-0.16;0.39;0.006;0.45;2.37;1.38;-1.07
1595606623.726;3940;-0.26;2.42;115.81;-0.20;2.73;65.10;-0.79;0.50;331;1;0;8;0.79;0.07;-0.00;0.00;0.00;-0.00;0.01;0.00;-0.25;2.42;89.36;-0.16;0.39;0.006;0.45;2.37;1.38;-1.07
1595606623.826;3950;-0.26;2.42;115.81;-0.20;2.73;65.10;-0.79;0.50;331;1;0;8;0.79;0.07;-0.00;0.00;0.00;-0.00;0.00;0.00;-0.25;2.42;89.36;-0.16;0.39;0.005;0.45;2.37;1.38;-1.07
1595606623.931;3961;-0.26;2.42;115.82;-0.20;2.73;65.10;-0.79;0.50;331;1;0;8;0.79;0.07;-0.00;0.00;0.00;-0.00;0.01;0.00;-0.25;2.42;89.36;-0.16;0.39;0.011;0.45;2.37;1.38;-1.07
1595606624.032;3971;-0.26;2.42;115.80;-0.20;2.73;65.10;-0.79;0.50;331;1;0;8;0.79;0.07;-0.00;0.00;0.00;-0.00;0.01;0.00;-0.25;2.42;89.36;-0.16;0.39;0.012;0.45;2.37;1.38;-1.07
1595606624.132;3981;-0.26;2.42;115.78;-0.20;2.73;65.10;-0.79;0.50;331;1;0;8;0.79;0.07;-0.00;0.00;0.00;-0.00;0.01;0.00;-0.25;2.42;89.36;-0.16;0.39;0.012;0.45;2.37;1.38;-1.07
1595606624.225;3990;-0.26;2.42;115.81;-0.20;2.73;65.10;-0.79;0.50;331;1;0;8;0.79;0.07;-0.00;0.00;0.00;-0.00;0.01;0.00;-0.25;2.42;89.36;-0.16;0.39;0.005;0.45;2.37;1.38;-1.07
1595606624.335;4001;-0.26;2.42;115.82;-0.25;2.35;90.00;-0.00;0.37;331;0;1;8;0.79;0.07;-0.00;0.00;0.00;-0.00;0.01;0.00;-0.25;2.42;89.36;-0.16;0.39;0.002;0.45;2.37;1.38;-1.07
1595606624.435;4011;-0.26;2.42;115.84;-0.25;2.35;90.00;-0.00;0.37;331;0;1;8;0.79;0.07;-0.00;0.00;0.00;-0.00;0.00;0.00;-0.25;2.42;89.36;-0.16;0.39;0.002;0.45;2.37;1.38;-1.07
1595606624.525;4020;-0.26;2.42;115.80;-0.20;2.73;65.10;-0.79;0.50;331;1;0;8;0.79;0.07;-0.00;0.00;0.00;-0.00;0.00;0.00;-0.25;2.42;89.36;-0.16;0.39;0.005;0.45;2.37;1.38;-1.07
1595606624.626;4030;-0.26;2.42;115.81;-0.20;2.73;65.10;-0.79;0.50;331;1;0;8;0.79;0.07;-0.00;0.00;0.00;-0.00;0.01;0.00;-0.25;2.42;89.36;-0.16;0.39;0.006;0.45;2.37;1.38;-1.07
1595606624.726;4040;-0.26;2.42;115.81;-0.20;2.73;65.10;-0.79;0.50;331;1;0;8;0.79;0.07;-0.00;0.00;0.00;-0.00;0.01;0.00;-0.25;2.42;89.36;-0.16;0.39;0.006;0.45;2.37;1.38;-1.07
1595606624.826;4050;-0.26;2.42;115.80;-0.20;2.73;65.10;-0.79;0.50;331;1;0;8;0.79;0.07;-0.00;0.00;0.00;-0.00;0.00;0.00;-0.25;2.42;89.36;-0.16;0.39;0.006;0.45;2.37;1.38;-1.07
1595606624.926;4060;-0.26;2.42;115.81;-0.20;2.73;65.10;-0.79;0.50;331;1;0;8;0.79;0.07;-0.00;0.00;0.00;-0.00;0.00;0.00;-0.25;2.42;89.36;-0.16;0.39;0.006;0.45;2.37;1.38;-1.07
1595606625.026;4070;-0.26;2.42;115.79;-0.20;2.73;65.10;-0.79;0.50;331;1;0;8;0.79;0.07;-0.00;0.00;0.00;-0.00;0.00;0.00;-0.25;2.42;89.36;-0.16;0.39;0.006;0.45;2.37;1.38;-1.07
1595606625.126;4080;-0.26;2.42;115.80;-0.20;2.73;65.10;-0.79;0.50;331;1;0;8;0.79;0.07;-0.00;0.00;0.00;-0.00;0.01;0.00;-0.25;2.42;89.36;-0.16;0.39;0.006;0.45;2.37;1.38;-1.07
1595606625.226;4090;-0.26;2.42;115.81;-0.20;2.73;65.10;-0.79;0.50;331;1;0;8;0.79;0.07;-0.00;0.00;0.00;0.00;0.01;0.00;-0.25;2.42;89.36;-0.16;0.39;0.006;0.45;2.37;1.38;-1.07
1595606625.336;4101;-0.26;2.42;115.84;-0.25;2.35;90.00;-0.00;0.37;331;0;1;8;0.79;0.07;-0.00;0.00;0.00;-0.00;0.00;0.00;-0.25;2.42;89.36;-0.16;0.39;0.002;0.45;2.37;1.38;-1.07
1595606625.435;4111;-0.26;2.42;115.82;-0.25;2.35;90.00;-0.00;0.37;331;0;1;8;0.79;0.07;-0.00;0.00;0.00;-0.00;0.00;0.00;-0.25;2.42;89.36;-0.16;0.39;0.002;0.45;2.37;1.38;-1.07
1595606625.525;4120;-0.26;2.42;115.78;-0.20;2.73;65.10;-0.79;0.50;331;1;0;8;0.79;0.07;-0.00;0.00;0.00;-0.00;0.00;0.00;-0.25;2.42;89.36;-0.16;0.39;0.005;0.45;2.37;1.38;-1.07
1595606625.625;4130;-0.26;2.42;115.80;-0.20;2.73;65.10;-0.79;0.50;331;1;0;8;0.79;0.07;-0.00;0.00;0.00;-0.00;0.00;0.00;-0.25;2.42;89.36;-0.16;0.39;0.005;0.45;2.37;1.38;-1.07
1595606625.725;4140;-0.26;2.42;115.78;-0.20;2.73;65.10;-0.79;0.50;331;1;0;8;0.79;0.07;-0.00;0.00;0.00;-0.00;0.01;0.00;-0.25;2.42;89.36;-0.16;0.39;0.005;0.45;2.37;1.38;-1.07
1595606625.826;4150;-0.26;2.42;115.78;-0.20;2.73;65.10;-0.79;0.50;331;1;0;8;0.79;0.07;-0.00;0.00;0.00;-0.00;0.00;0.00;-0.25;2.42;89.36;-0.16;0.39;0.006;0.45;2.37;1.38;-1.07
1595606625.926;4160;-0.26;2.42;115.76;-0.20;2.73;65.10;-0.79;0.50;331;1;0;8;0.79;0.07;-0.00;0.00;0.00;-0.00;0.00;0.00;-0.25;2.42;89.36;-0.16;0.39;0.005;0.45;2.37;1.38;-1.07
1595606626.026;4170;-0.26;2.42;115.79;-0.20;2.73;65.10;-0.79;0.50;331;1;0;8;0.79;0.07;-0.00;0.00;0.00;-0.00;0.01;0.00;-0.25;2.42;89.36;-0.16;0.39;0.006;0.45;2.37;1.38;-1.07
1595606626.126;4180;-0.26;2.42;115.83;-0.20;2.73;65.10;-0.79;0.50;331;1;0;8;0.79;0.07;-0.00;0.00;0.00;-0.00;0.00;0.00;-0.25;2.42;89.36;-0.16;0.39;0.006;0.45;2.37;1.38;-1.07
1595606626.226;4190;-0.26;2.42;115.78;-0.20;2.73;65.10;-0.79;0.50;331;1;0;8;0.79;0.07;-0.00;0.00;0.00;-0.00;0.00;0.00;-0.25;2.42;89.36;-0.16;0.39;0.006;0.45;2.37;1.38;-1.07
1595606626.335;4201;-0.26;2.42;115.82;-0.25;2.35;90.00;-0.00;0.37;331;0;1;8;0.79;0.07;-0.00;0.00;0.00;-0.00;0.00;0.00;-0.25;2.42;89.36;-0.16;0.39;0.002;0.45;2.37;1.38;-1.07
1595606626.438;4211;-0.26;2.42;115.79;-0.25;2.35;90.00;-0.00;0.37;331;0;1;8;0.79;0.07;-0.00;0.00;0.00;-0.00;0.01;0.00;-0.25;2.42;89.36;-0.16;0.39;0.004;0.45;2.37;1.38;-1.07
1595606626.531;4221;-0.26;2.42;115.80;-0.20;2.73;65.10;-0.79;0.50;331;1;0;8;0.79;0.07;-0.00;0.00;0.00;-0.00;0.00;0.00;-0.25;2.42;89.36;-0.16;0.39;0.011;0.45;2.37;1.38;-1.07
1595606626.625;4230;-0.26;2.42;115.81;-0.20;2.73;65.10;-0.79;0.50;331;1;0;8;0.79;0.07;-0.00;0.00;0.00;-0.00;0.00;0.00;-0.25;2.42;89.36;-0.16;0.39;0.005;0.45;2.37;1.38;-1.07
1595606626.726;4240;-0.26;2.42;115.82;-0.20;2.73;65.10;-0.79;0.50;331;1;0;8;0.79;0.07;-0.00;0.00;0.00;-0.00;0.00;0.00;-0.25;2.42;89.36;-0.16;0.39;0.006;0.45;2.37;1.38;-1.07
1595606626.826;4250;-0.26;2.42;115.79;-0.20;2.73;65.10;-0.79;0.50;331;1;0;8;0.79;0.07;-0.00;0.00;0.00;-0.00;0.00;0.00;-0.25;2.42;89.36;-0.16;0.39;0.006;0.45;2.37;1.38;-1.07
1595606626.926;4260;-0.26;2.42;115.79;-0.20;2.73;65.10;-0.79;0.50;331;1;0;8;0.79;0.07;-0.00;0.00;0.00;-0.00;0.00;0.00;-0.25;2.42;89.36;-0.16;0.39;0.006;0.45;2.37;1.38;-1.07
1595606627.026;4270;-0.26;2.42;115.84;-0.20;2.73;65.10;-0.79;0.50;331;1;0;8;0.79;0.07;-0.00;0.00;0.00;-0.00;0.00;0.00;-0.25;2.42;89.36;-0.16;0.39;0.005;0.45;2.37;1.38;-1.07
1595606627.126;4280;-0.26;2.42;115.80;-0.20;2.73;65.10;-0.79;0.50;331;1;0;8;0.79;0.07;-0.00;0.00;0.00;-0.00;0.00;0.00;-0.25;2.42;89.36;-0.16;0.39;0.006;0.45;2.37;1.38;-1.07
1595606627.231;4291;-0.26;2.42;115.80;-0.20;2.73;65.10;-0.79;0.50;331;1;0;8;0.79;0.07;-0.00;0.00;0.00;-0.00;0.00;0.00;-0.25;2.42;89.36;-0.16;0.39;0.011;0.45;2.37;1.38;-1.07
1595606627.335;4301;-0.26;2.42;115.81;-0.25;2.35;90.00;-0.00;0.37;331;0;1;8;0.79;0.07;-0.00;0.00;0.00;-0.00;0.00;0.00;-0.25;2.42;89.36;-0.16;0.39;0.002;0.45;2.37;1.38;-1.07
1595606627.435;4311;-0.26;2.42;115.78;-0.25;2.35;90.00;-0.00;0.37;331;0;1;8;0.79;0.07;-0.00;0.00;0.00;-0.00;0.00;0.00;-0.25;2.42;89.36;-0.16;0.39;0.002;0.45;2.37;1.38;-1.07
1595606627.525;4320;-0.26;2.42;115.81;-0.20;2.73;65.10;-0.79;0.50;331;1;0;8;0.79;0.07;-0.00;0.00;0.00;-0.00;0.00;0.00;-0.25;2.42;89.36;-0.16;0.39;0.006;0.45;2.37;1.38;-1.07
1595606627.631;4331;-0.26;2.42;115.79;-0.20;2.73;65.10;-0.79;0.50;331;1;0;8;0.79;0.07;-0.00;0.00;0.00;-0.00;0.00;0.00;-0.25;2.42;89.36;-0.16;0.39;0.011;0.45;2.37;1.38;-1.07
1595606627.726;4340;-0.26;2.42;115.82;-0.20;2.73;65.10;-0.79;0.50;331;1;0;8;0.79;0.07;-0.00;0.00;0.00;-0.00;0.00;0.00;-0.25;2.42;89.36;-0.16;0.39;0.005;0.45;2.37;1.38;-1.07
1595606627.826;4350;-0.26;2.42;115.84;-0.20;2.73;65.10;-0.79;0.50;331;1;0;8;0.79;0.07;-0.00;0.00;0.00;-0.00;0.01;0.00;-0.25;2.42;89.36;-0.16;0.39;0.006;0.45;2.37;1.38;-1.07
1595606627.926;4360;-0.26;2.42;115.80;-0.20;2.73;65.10;-0.79;0.50;331;1;0;8;0.79;0.07;-0.00;0.00;0.00;-0.00;0.00;-0.00;-0.25;2.42;89.36;-0.16;0.39;0.006;0.45;2.37;1.38;-1.07
1595606628.031;4371;-0.26;2.42;115.80;-0.20;2.73;65.10;-0.79;0.50;331;1;0;8;0.79;0.07;-0.00;0.00;0.00;-0.00;0.00;0.00;-0.25;2.42;89.36;-0.16;0.39;0.011;0.45;2.37;1.38;-1.07
1595606628.126;4380;-0.26;2.42;115.78;-0.20;2.73;65.10;-0.79;0.50;331;1;0;8;0.79;0.07;-0.00;0.00;0.00;-0.00;0.00;0.00;-0.25;2.42;89.36;-0.16;0.39;0.006;0.45;2.37;1.38;-1.07
1595606628.226;4390;-0.26;2.42;115.80;-0.20;2.73;65.10;-0.79;0.50;331;1;0;8;0.79;0.07;-0.00;0.00;0.00;-0.00;0.00;0.00;-0.25;2.42;89.36;-0.16;0.39;0.006;0.45;2.37;1.38;-1.07
1595606628.335;4401;-0.26;2.42;115.79;-0.25;2.35;90.00;-0.00;0.37;331;0;1;8;0.79;0.07;-0.00;0.00;0.00;-0.00;0.01;0.00;-0.25;2.42;89.36;-0.16;0.39;0.002;0.45;2.37;1.38;-1.07
1595606628.435;4411;-0.26;2.42;115.79;-0.25;2.35;90.00;-0.00;0.37;331;0;1;8;0.79;0.07;-0.00;0.00;0.00;-0.00;0.00;0.00;-0.25;2.42;89.36;-0.16;0.39;0.002;0.45;2.37;1.38;-1.07
1595606628.526;4420;-0.26;2.42;115.78;-0.20;2.73;65.10;-0.79;0.50;331;1;0;8;0.79;0.07;-0.00;0.00;0.00;-0.00;0.00;0.00;-0.25;2.42;89.36;-0.16;0.39;0.006;0.45;2.37;1.38;-1.07
1595606628.626;4430;-0.26;2.42;115.78;-0.20;2.73;65.10;-0.79;0.50;331;1;0;8;0.79;0.07;-0.00;0.00;0.00;-0.00;0.00;0.00;-0.25;2.42;89.36;-0.16;0.39;0.006;0.45;2.37;1.38;-1.07
1595606628.726;4440;-0.26;2.42;115.80;-0.20;2.73;65.10;-0.79;0.50;331;1;0;8;0.79;0.07;-0.00;0.00;0.00;-0.00;0.00;0.00;-0.25;2.42;89.36;-0.16;0.39;0.006;0.45;2.37;1.38;-1.07
1595606628.826;4450;-0.26;2.42;115.80;-0.20;2.73;65.10;-0.79;0.50;331;1;0;8;0.79;0.07;-0.00;0.00;0.00;-0.00;0.00;0.00;-0.25;2.42;89.36;-0.16;0.39;0.006;0.45;2.37;1.38;-1.07
1595606628.926;4460;-0.26;2.42;115.84;-0.20;2.73;65.10;-0.79;0.50;331;1;0;8;0.79;0.07;-0.00;0.00;0.00;-0.00;0.00;0.00;-0.25;2.42;89.36;-0.16;0.39;0.006;0.45;2.37;1.38;-1.07
1595606629.026;4470;-0.26;2.42;115.79;-0.20;2.73;65.10;-0.79;0.50;331;1;0;8;0.79;0.07;-0.00;0.00;0.00;-0.00;0.01;0.00;-0.25;2.42;89.36;-0.16;0.39;0.006;0.45;2.37;1.38;-1.07
1595606629.126;4480;-0.26;2.42;115.82;-0.20;2.73;65.10;-0.79;0.50;331;1;0;8;0.79;0.07;-0.00;0.00;0.00;-0.00;0.00;0.00;-0.25;2.42;89.36;-0.16;0.39;0.006;0.45;2.37;1.38;-1.07
1595606629.226;4490;-0.26;2.42;115.79;-0.20;2.73;65.10;-0.79;0.50;331;1;0;8;0.79;0.07;-0.00;0.00;0.00;-0.00;0.00;0.00;-0.25;2.42;89.36;-0.16;0.39;0.006;0.45;2.37;1.38;-1.07
1595606629.335;4501;-0.26;2.42;115.79;-0.25;2.35;90.00;-0.00;0.37;331;0;1;8;0.79;0.07;-0.00;0.00;0.00;-0.00;0.01;0.00;-0.25;2.42;89.36;-0.16;0.39;0.002;0.45;2.37;1.38;-1.07
1595606629.435;4511;-0.26;2.42;115.83;-0.25;2.35;90.00;-0.00;0.37;331;0;1;8;0.79;0.07;-0.00;0.00;0.00;-0.00;0.00;0.00;-0.25;2.42;89.36;-0.16;0.39;0.002;0.45;2.37;1.38;-1.07
1595606629.525;4520;-0.26;2.42;115.81;-0.20;2.73;65.10;-0.79;0.50;331;1;0;8;0.79;0.07;-0.00;0.00;0.00;-0.00;0.00;0.00;-0.25;2.42;89.36;-0.16;0.39;0.005;0.45;2.37;1.38;-1.07
1595606629.625;4530;-0.26;2.42;115.80;-0.20;2.73;65.10;-0.79;0.50;331;1;0;8;0.79;0.07;-0.00;0.00;0.00;-0.00;0.01;0.00;-0.25;2.42;89.36;-0.16;0.39;0.005;0.45;2.37;1.38;-1.07
1595606629.726;4540;-0.26;2.42;115.83;-0.20;2.73;65.10;-0.79;0.50;331;1;0;8;0.79;0.07;-0.00;0.00;0.00;-0.00;0.00;0.00;-0.25;2.42;89.36;-0.16;0.39;0.006;0.45;2.37;1.38;-1.07
1595606629.826;4550;-0.26;2.42;115.84;-0.20;2.73;65.10;-0.79;0.50;331;1;0;8;0.79;0.07;-0.00;0.00;0.00;-0.00;0.00;0.00;-0.25;2.42;89.36;-0.16;0.39;0.006;0.45;2.37;1.38;-1.07
1595606629.926;4560;-0.26;2.42;115.82;-0.20;2.73;65.10;-0.79;0.50;331;1;0;8;0.79;0.07;-0.00;0.00;0.00;-0.00;0.01;0.00;-0.25;2.42;89.36;-0.16;0.39;0.006;0.45;2.37;1.38;-1.07
1595606630.026;4570;-0.26;2.42;115.81;-0.20;2.73;65.10;-0.79;0.50;331;1;0;8;0.79;0.07;-0.00;0.00;0.00;-0.00;0.00;0.00;-0.25;2.42;89.36;-0.16;0.39;0.006;0.45;2.37;1.38;-1.07
1595606630.126;4580;-0.26;2.42;115.80;-0.20;2.73;65.10;-0.79;0.50;331;1;0;8;0.79;0.07;-0.00;0.00;0.00;-0.00;0.00;0.00;-0.25;2.42;89.36;-0.16;0.39;0.006;0.45;2.37;1.38;-1.07
1595606630.226;4590;-0.26;2.42;115.79;-0.20;2.73;65.10;-0.79;0.50;331;1;0;8;0.79;0.07;-0.00;0.00;0.00;-0.00;0.00;0.00;-0.25;2.42;89.36;-0.16;0.39;0.006;0.45;2.37;1.38;-1.07
1595606630.335;4601;-0.26;2.42;115.82;-0.25;2.35;90.00;-0.00;0.37;331;0;1;8;0.79;0.07;-0.00;0.00;0.00;-0.00;0.00;0.00;-0.25;2.42;89.36;-0.16;0.39;0.002;0.45;2.37;1.38;-1.07
1595606630.434;4611;-0.26;2.42;115.84;-0.25;2.35;90.00;-0.00;0.37;331;0;1;8;0.79;0.07;-0.00;0.00;0.00;-0.00;0.00;0.00;-0.25;2.42;89.36;-0.16;0.39;0.002;0.45;2.37;1.38;-1.07
1595606630.525;4620;-0.26;2.42;115.78;-0.20;2.73;65.10;-0.79;0.50;331;1;0;8;0.79;0.07;-0.00;0.00;0.00;-0.00;0.00;0.00;-0.25;2.42;89.36;-0.16;0.39;0.005;0.45;2.37;1.38;-1.07
