t;frame;x;y;z;x_ref;y_ref;z_ref;delta_ref;u_ref;state;ellipse;control;action;delta;u;vx;vy;vz;wx;wy;wz;xr;yr;zr;delr;ur;obs1x;obs1y;obs2x;obs2y
879.645;14;1.10;2.30;-0.01;0.85;2.35;-0.00;0.00;-0.50;395;1;1;2;0.12;-0.04;0.00;0.00;-0.00;0.00;0.00;0.00;0.95;2.35;0.00;0.00;-0.50;0.083;-0.74;0.78;-1000.00;-1000.00
879.695;16;1.10;2.30;-0.01;0.85;2.35;-0.00;0.00;-0.50;395;1;1;2;0.12;-0.08;0.00;0.00;-0.00;0.00;0.00;0.00;0.95;2.35;0.00;0.00;-0.50;0.028;-0.75;0.78;-1000.00;-1000.00
879.795;24;1.10;2.30;-0.12;0.85;2.35;-0.00;0.00;-0.50;395;1;1;2;0.11;-0.12;-0.08;-0.00;-0.00;-0.00;-0.00;-0.03;0.95;2.35;0.00;0.00;-0.50;0.027;-0.77;0.75;-1000.00;-1000.00
879.915;40;1.08;2.30;-0.34;0.85;2.35;-0.00;0.00;-0.50;395;1;1;2;0.10;-0.15;-0.12;-0.00;-0.00;0.01;-0.03;-0.01;0.95;2.35;0.00;0.00;-0.50;0.044;-0.82;0.71;-1000.00;-1000.00
879.995;48;1.07;2.30;-0.48;0.85;2.35;-0.00;0.00;-0.50;395;1;1;2;0.10;-0.18;-0.15;0.00;0.00;-0.00;0.00;-0.03;0.95;2.35;0.00;0.00;-0.50;0.029;-0.84;0.69;-1000.00;-1000.00
880.085;58;1.05;2.30;-0.67;0.85;2.35;-0.00;0.00;-0.50;395;1;1;2;0.09;-0.21;-0.18;-0.00;0.00;0.00;-0.00;-0.03;0.95;2.35;0.00;0.00;-0.50;0.028;-0.86;0.66;-1000.00;-1000.00
880.175;66;1.04;2.30;-0.80;0.85;2.35;-0.00;0.00;-0.50;395;1;1;2;0.08;-0.23;-0.21;-0.00;0.00;-0.00;-0.00;-0.03;0.95;2.35;0.00;0.00;-0.50;0.016;-0.88;0.63;-1000.00;-1000.00
880.285;77;1.01;2.30;-0.95;0.85;2.35;-0.00;0.00;-0.50;395;1;1;2;0.07;-0.25;-0.23;-0.00;0.00;-0.00;-0.00;-0.02;0.95;2.35;0.00;0.00;-0.50;0.016;-0.90;0.60;-1000.00;-1000.00
880.375;85;0.99;2.30;-1.03;0.76;2.35;-0.00;0.00;-0.50;395;2;1;2;0.07;-0.27;-0.25;0.00;0.00;-0.00;-0.00;-0.02;0.95;2.35;0.00;0.00;-0.50;0.012;-0.91;0.57;-1000.00;-1000.00
880.475;94;0.97;2.30;-1.10;0.76;2.35;-0.00;0.00;-0.50;395;2;1;2;0.06;-0.28;-0.27;-0.00;0.00;-0.00;-0.00;-0.01;0.95;2.35;0.00;0.00;-0.50;0.012;-0.93;0.54;-1000.00;-1000.00
880.585;104;0.94;2.30;-1.16;0.76;2.35;-0.00;0.00;-0.50;395;2;1;2;0.06;-0.29;-0.28;0.00;-0.00;-0.00;-0.00;-0.01;0.94;2.35;-0.00;0.00;-0.50;0.019;-0.94;0.50;-1000.00;-1000.00
880.695;119;0.90;2.30;-1.21;0.65;2.35;-0.00;0.11;0.00;226;1;1;5;0.05;-0.30;-0.30;0.00;-0.00;-0.00;0.00;-0.00;0.91;2.35;-0.00;0.00;-0.50;0.020;-0.96;0.45;-1000.00;-1000.00
880.785;127;0.87;2.30;-1.23;1.15;2.58;54.67;0.68;0.50;226;3;1;5;0.65;-0.28;-0.30;-0.00;-0.00;-0.00;-0.00;-0.00;0.86;2.37;15.98;0.65;0.50;0.017;-0.96;0.41;-1000.00;-1000.00
880.865;132;0.86;2.30;-1.92;1.15;2.58;54.67;0.68;0.50;226;3;1;5;0.79;-0.22;-0.28;0.00;-0.00;0.01;-0.01;-0.63;0.85;2.37;14.37;0.65;0.50;0.004;-0.97;0.40;-1000.00;-1000.00
880.975;147;0.82;2.31;-7.55;1.15;2.58;54.67;0.68;0.50;226;3;1;5;0.79;-0.16;-0.22;0.00;-0.01;0.00;-0.02;-0.59;0.82;2.36;11.29;0.62;0.47;0.010;-0.98;0.34;-1000.00;-1000.00
881.075;156;0.81;2.31;-9.94;1.15;2.58;54.67;0.68;0.50;226;3;1;5;0.79;-0.11;-0.16;-0.01;-0.01;0.11;0.10;-0.31;0.80;2.36;9.93;0.60;0.45;0.011;-0.98;0.30;-1000.00;-1000.00
881.175;166;0.80;2.31;-10.91;1.15;2.58;54.67;0.68;0.50;226;3;1;5;0.79;-0.06;-0.11;0.01;-0.01;0.03;0.02;-0.06;0.79;2.36;8.68;0.57;0.43;0.007;-0.97;0.27;-1000.00;-1000.00
881.275;175;0.79;2.31;-10.59;1.15;2.58;54.67;0.68;0.50;226;3;1;5;0.79;-0.01;-0.06;0.00;-0.01;0.01;0.01;0.14;0.78;2.36;7.54;0.55;0.41;0.015;-0.97;0.24;-1000.00;-1000.00
881.375;185;0.78;2.31;-9.40;1.15;2.58;54.67;0.68;0.50;226;3;1;5;0.79;0.03;-0.02;0.00;-0.01;0.03;0.03;0.26;0.78;2.36;7.54;0.55;0.41;0.012;-0.97;0.20;-1000.00;-1000.00
881.475;194;0.78;2.31;-7.98;1.15;2.58;54.67;0.68;0.50;226;3;1;5;0.79;0.06;0.02;-0.01;-0.01;-0.06;-0.06;0.28;0.78;2.36;7.54;0.55;0.41;0.006;-0.97;0.17;-1000.00;-1000.00
881.575;204;0.79;2.31;-6.02;1.15;2.58;54.67;0.68;0.50;226;3;1;5;0.79;0.10;0.06;0.00;-0.01;0.03;0.04;0.40;0.78;2.36;7.54;0.55;0.41;0.007;-0.97;0.14;-1000.00;-1000.00
881.665;215;0.80;2.31;-3.94;1.15;2.58;54.67;0.68;0.50;226;3;1;5;0.79;0.13;0.10;-0.00;0.00;0.02;0.02;0.30;0.79;2.36;8.68;0.57;0.43;0.006;-0.97;0.11;-1000.00;-1000.00
881.775;223;0.81;2.31;-2.35;1.15;2.58;54.67;0.68;0.50;226;3;1;5;0.79;0.16;0.14;-0.01;-0.01;-0.05;-0.07;0.40;0.80;2.36;9.93;0.60;0.45;0.006;-0.96;0.08;-1000.00;-1000.00
881.875;237;0.83;2.31;0.65;1.15;2.58;54.67;0.68;0.50;226;3;1;5;0.79;0.19;0.17;-0.00;-0.01;0.00;0.01;0.37;0.80;2.36;9.93;0.60;0.45;0.015;-0.96;0.03;-1000.00;-1000.00
881.975;246;0.84;2.31;2.71;1.15;2.58;54.67;0.68;0.50;226;3;1;5;0.79;0.21;0.20;-0.01;-0.01;-0.02;-0.03;0.42;0.82;2.36;11.29;0.62;0.47;0.010;-0.96;0.00;-1000.00;-1000.00
882.065;256;0.87;2.31;5.29;1.15;2.58;54.67;0.68;0.50;226;3;1;5;0.79;0.24;0.20;-0.03;-0.01;0.04;0.07;0.42;0.85;2.37;14.37;0.65;0.50;0.005;-0.97;-0.03;-1000.00;-1000.00
882.175;265;0.89;2.31;8.01;1.15;2.58;54.67;0.68;0.50;226;3;1;5;0.79;0.26;0.23;-0.06;-0.00;0.02;0.01;0.55;0.86;2.37;15.98;0.65;0.50;0.011;-0.97;-0.06;-1000.00;-1000.00
882.275;276;0.91;2.30;11.80;1.15;2.58;54.67;0.68;0.50;226;3;1;5;0.79;0.29;0.25;-0.05;-0.01;0.05;0.13;0.57;0.89;2.38;19.22;0.65;0.50;0.015;-0.98;-0.10;-1000.00;-1000.00
882.375;284;0.93;2.30;14.84;1.15;2.58;54.67;0.68;0.50;226;3;1;5;0.79;0.31;0.24;-0.09;-0.05;0.20;0.08;0.66;0.91;2.39;20.85;0.66;0.50;0.006;-0.99;-0.12;-1000.00;-1000.00
882.475;293;0.96;2.30;18.73;1.15;2.58;54.67;0.68;0.50;226;3;1;5;0.79;0.32;0.27;-0.09;-0.01;-0.01;-0.00;0.77;0.92;2.40;22.48;0.66;0.50;0.009;-1.00;-0.15;-1000.00;-1000.00
882.575;304;0.99;2.30;23.72;1.15;2.58;54.67;0.68;0.50;226;3;1;5;0.79;0.34;0.29;-0.10;-0.01;-0.01;0.02;0.80;0.95;2.41;25.75;0.66;0.50;0.010;-1.01;-0.19;-1000.00;-1000.00
882.685;316;1.03;2.31;29.53;1.15;2.58;54.67;0.68;0.50;226;3;1;5;0.74;0.35;0.27;-0.12;-0.05;0.18;0.10;0.82;0.96;2.42;27.39;0.66;0.50;0.017;-1.03;-0.23;-1000.00;-1000.00
882.775;325;1.06;2.31;33.78;1.15;2.58;54.67;0.68;0.50;226;3;1;5;0.70;0.35;0.30;-0.08;-0.01;-0.03;0.10;0.70;0.99;2.43;30.69;0.66;0.50;0.008;-1.04;-0.26;-1000.00;-1000.00
882.875;334;1.09;2.32;37.52;1.15;2.58;54.67;0.68;0.50;226;3;1;5;0.66;0.36;0.33;-0.11;-0.01;0.03;-0.15;0.74;1.00;2.44;32.34;0.66;0.50;0.009;-1.06;-0.29;-1000.00;-1000.00
882.975;344;1.12;2.34;41.10;1.15;2.58;54.67;0.68;0.50;226;3;1;5;0.66;0.36;0.32;-0.05;-0.01;-0.04;0.14;0.53;1.03;2.46;35.67;0.67;0.50;0.008;-1.07;-0.32;-1000.00;-1000.00
883.075;353;1.14;2.36;44.17;1.15;2.58;54.67;0.68;0.50;226;3;1;5;0.67;0.36;0.33;-0.07;-0.01;-0.01;-0.09;0.60;1.05;2.47;39.00;0.67;0.50;0.008;-1.08;-0.35;-1000.00;-1000.00
883.175;364;1.17;2.38;48.01;1.15;2.58;54.67;0.68;0.50;226;3;1;5;0.68;0.36;0.33;-0.08;-0.01;0.01;-0.06;0.66;1.08;2.49;42.36;0.67;0.50;0.015;-1.10;-0.39;-1000.00;-1000.00
883.275;372;1.19;2.39;50.96;1.15;2.58;54.67;0.68;0.50;226;3;1;5;0.66;0.36;0.33;-0.08;-0.01;0.02;-0.04;0.68;1.09;2.51;44.05;0.67;0.50;0.005;-1.11;-0.42;-1000.00;-1000.00
883.375;387;1.23;2.43;56.31;1.15;2.58;54.67;0.68;0.50;226;3;1;5;0.63;0.36;0.33;-0.06;-0.01;0.01;-0.04;0.62;1.11;2.53;47.43;0.68;0.50;0.009;-1.12;-0.47;-1000.00;-1000.00
883.465;392;1.24;2.44;57.94;1.15;2.58;54.67;0.68;0.50;226;3;1;5;0.64;0.35;0.33;-0.05;-0.00;-0.01;-0.02;0.53;1.12;2.54;49.12;0.68;0.50;0.005;-1.13;-0.49;-1000.00;-1000.00
883.585;407;1.27;2.48;62.30;1.15;2.58;54.67;0.68;0.50;226;3;1;5;0.64;0.35;0.32;-0.06;-0.01;0.01;-0.03;0.51;1.14;2.56;52.53;0.68;0.50;0.020;-1.15;-0.54;-1000.00;-1000.00
883.665;415;1.29;2.50;64.56;1.15;2.58;54.67;0.68;0.50;226;3;1;5;0.67;0.34;0.31;-0.05;-0.00;0.00;-0.02;0.50;1.16;2.59;55.95;0.68;0.50;0.007;-1.16;-0.57;-1000.00;-1000.00
883.765;424;1.30;2.52;67.17;1.15;2.58;54.67;0.68;0.50;226;3;1;5;0.65;0.33;0.30;-0.06;-0.00;0.01;-0.02;0.53;1.17;2.60;57.63;0.67;0.50;0.004;-1.16;-0.60;-1000.00;-1000.00
883.885;433;1.31;2.54;69.72;1.15;2.58;54.67;0.68;0.50;226;3;1;5;0.66;0.33;0.31;-0.05;-0.00;0.01;-0.07;0.49;1.18;2.63;60.91;0.65;0.50;0.012;-1.16;-0.63;-1000.00;-1000.00
883.975;443;1.33;2.57;73.03;1.15;2.58;54.67;0.68;0.50;226;3;1;5;0.61;0.32;0.32;-0.07;0.00;-0.00;-0.08;0.60;1.19;2.64;62.51;0.64;0.50;0.009;-1.16;-0.66;-1000.00;-1000.00
884.075;452;1.35;2.60;76.35;1.15;2.58;54.67;0.68;0.50;226;3;1;5;0.59;0.31;0.32;-0.10;-0.01;0.11;-0.07;0.68;1.20;2.67;65.63;0.63;0.50;0.010;-1.16;-0.68;-1000.00;-1000.00
884.175;464;1.36;2.63;80.26;1.15;2.58;54.67;0.68;0.50;226;3;1;5;0.55;0.30;0.31;-0.07;-0.00;0.02;-0.00;0.55;1.22;2.70;68.66;0.61;0.50;0.010;-1.16;-0.72;-1000.00;-1000.00
884.265;473;1.37;2.66;82.79;1.15;2.58;54.67;0.68;0.50;226;3;1;5;0.52;0.29;0.31;-0.06;-0.00;0.03;-0.04;0.46;1.22;2.71;70.13;0.60;0.50;0.005;-1.17;-0.74;-1000.00;-1000.00
884.375;483;1.38;2.69;85.04;1.15;2.58;54.67;0.68;0.50;226;3;1;5;0.52;0.28;0.30;-0.04;-0.00;0.01;-0.02;0.35;1.23;2.74;73.00;0.59;0.50;0.006;-1.17;-0.77;-1000.00;-1000.00
884.485;496;1.39;2.72;87.68;1.15;2.58;54.67;0.68;0.50;226;3;1;5;0.51;0.27;0.27;-0.05;-0.01;-0.01;0.01;0.34;1.24;2.77;75.78;0.57;0.50;0.014;-1.18;-0.81;-1000.00;-1000.00
884.575;506;1.39;2.75;89.52;1.15;2.58;54.67;0.68;0.50;226;3;1;5;0.46;0.25;0.26;-0.04;-0.01;-0.01;0.01;0.30;1.24;2.77;75.78;0.57;0.50;0.015;-1.18;-0.84;-1000.00;-1000.00
884.675;515;1.39;2.77;90.64;1.15;2.58;54.67;0.68;0.50;226;3;1;5;0.49;0.24;0.27;-0.00;-0.01;0.04;-0.03;0.18;1.25;2.80;78.47;0.56;0.50;0.005;-1.19;-0.87;-1000.00;-1000.00
884.795;526;1.39;2.80;91.46;1.25;2.95;90.00;-0.00;0.37;992;0;1;7;0.53;0.23;0.25;0.00;-0.01;0.03;-0.03;0.11;1.25;2.83;81.06;0.54;0.50;0.029;-1.19;-0.90;-1000.00;-1000.00
884.905;539;1.39;2.83;92.59;1.20;3.33;114.90;0.79;0.50;992;1;1;7;0.01;0.25;0.22;-0.03;-0.01;-0.01;0.02;0.18;1.25;2.95;90.00;-0.00;0.37;0.031;-1.20;-0.94;-1000.00;-1000.00
884.975;545;1.39;2.85;92.48;1.20;3.33;114.90;0.79;0.50;992;1;1;7;-0.29;0.27;0.26;-0.01;-0.01;0.07;-0.06;-0.26;1.25;2.95;90.00;-0.00;0.37;0.018;-1.20;-0.96;-1000.00;-1000.00
885.085;558;1.39;2.88;89.22;1.20;3.33;114.90;0.79;0.50;992;1;1;7;-0.09;0.29;0.27;0.00;-0.01;-0.12;0.08;-0.48;1.25;2.95;90.00;-0.00;0.37;0.028;-1.22;-1.00;-1000.00;-1000.00
885.195;568;1.39;2.91;87.87;1.20;3.33;114.90;0.79;0.50;992;1;1;7;0.03;0.30;0.29;-0.00;-0.00;0.04;-0.02;-0.14;1.25;2.95;90.00;-0.00;0.37;0.028;-1.23;-1.03;-1000.00;-1000.00
885.305;579;1.40;2.94;87.85;1.20;3.33;114.90;0.79;0.50;992;1;1;7;0.12;0.31;0.31;0.00;0.00;-0.01;0.00;0.03;1.25;2.95;90.00;-0.00;0.37;0.038;-1.25;-1.07;-1000.00;-1000.00
885.405;587;1.40;2.97;88.24;1.20;3.33;114.90;0.79;0.50;992;1;1;7;0.16;0.32;0.32;-0.00;0.00;0.01;-0.01;0.11;1.25;2.95;90.00;-0.00;0.37;0.040;-1.26;-1.09;-1000.00;-1000.00
885.495;597;1.40;3.00;88.98;1.20;3.33;114.90;0.79;0.50;992;1;1;7;0.22;0.33;0.32;-0.00;0.00;-0.00;-0.00;0.15;1.25;2.99;90.22;0.10;0.38;0.036;-1.28;-1.13;-1000.00;-1000.00
885.595;605;1.40;3.03;89.76;1.20;3.33;114.90;0.79;0.50;992;1;1;7;0.26;0.34;0.33;-0.00;-0.00;0.00;-0.00;0.19;1.25;3.02;90.64;0.16;0.39;0.030;-1.29;-1.16;-1000.00;-1000.00
885.675;616;1.40;3.06;90.96;1.20;3.33;114.90;0.79;0.50;992;1;1;7;0.34;0.35;0.34;-0.00;-0.01;0.00;0.00;0.20;1.25;3.06;91.79;0.25;0.41;0.012;-1.31;-1.19;-1000.00;-1000.00
885.795;629;1.40;3.11;92.91;1.20;3.33;114.90;0.79;0.50;992;1;1;7;0.38;0.36;0.33;-0.04;-0.01;0.02;0.02;0.28;1.25;3.08;92.32;0.29;0.42;0.033;-1.33;-1.24;-1000.00;-1000.00
885.875;635;1.40;3.13;93.83;1.20;3.33;114.90;0.79;0.50;992;1;1;7;0.47;0.36;0.35;-0.01;-0.01;-0.02;-0.02;0.27;1.25;3.13;94.46;0.38;0.43;0.014;-1.34;-1.26;-1000.00;-1000.00
885.995;649;1.39;3.18;96.72;1.20;3.33;114.90;0.79;0.50;992;1;1;7;0.50;0.37;0.36;-0.00;-0.01;-0.04;-0.03;0.32;1.25;3.14;95.36;0.41;0.44;0.029;-1.36;-1.31;-1000.00;-1000.00
886.095;658;1.39;3.21;99.10;1.20;3.33;114.90;0.79;0.50;992;1;1;7;0.56;0.37;0.36;-0.01;-0.01;0.09;0.09;0.50;1.24;3.17;97.48;0.48;0.45;0.031;-1.37;-1.34;-1000.00;-1000.00
886.215;669;1.38;3.25;102.22;1.20;3.33;114.90;0.79;0.50;992;1;1;7;0.62;0.37;0.37;-0.00;-0.00;-0.11;-0.11;0.47;1.24;3.21;100.05;0.54;0.46;0.056;-1.38;-1.38;-1000.00;-1000.00
886.275;672;1.38;3.26;102.98;1.20;3.33;114.90;0.79;0.50;992;1;1;7;0.67;0.38;0.38;-0.00;0.00;-0.16;-0.18;0.43;1.23;3.22;101.51;0.57;0.46;0.013;-1.38;-1.39;-1000.00;-1000.00
886.395;688;1.37;3.32;109.27;1.20;3.33;114.90;0.79;0.50;992;1;1;7;0.68;0.38;0.40;-0.01;-0.00;-0.09;-0.14;0.57;1.23;3.25;104.82;0.63;0.47;0.032;-1.40;-1.46;-1000.00;-1000.00
886.505;697;1.36;3.36;112.62;0.84;3.57;176.23;0.79;0.50;992;2;1;7;0.79;0.38;0.38;-0.07;-0.01;0.12;0.20;0.84;1.21;3.30;110.80;0.73;0.49;0.025;-1.41;-1.49;-1000.00;-1000.00
886.575;707;1.35;3.39;116.97;0.84;3.57;176.23;0.79;0.50;992;2;1;7;0.43;0.39;0.42;-0.04;-0.01;-0.09;-0.16;0.74;1.20;3.32;113.09;0.76;0.50;0.012;-1.42;-1.54;-1000.00;-1000.00
886.685;716;1.33;3.43;119.94;0.84;3.57;176.23;0.79;0.50;992;2;1;7;0.48;0.41;0.41;-0.06;-0.01;0.00;0.01;0.31;1.19;3.34;115.52;0.79;0.50;0.023;-1.43;-1.58;-1000.00;-1000.00
886.775;726;1.31;3.47;121.53;0.84;3.57;176.23;0.79;0.50;992;2;1;7;0.62;0.42;0.42;-0.02;-0.01;0.04;0.06;0.37;1.18;3.37;120.48;0.79;0.50;0.010;-1.43;-1.62;-1000.00;-1000.00
886.875;734;1.30;3.50;123.70;0.84;3.57;176.23;0.79;0.50;992;2;1;7;0.72;0.44;0.43;-0.03;-0.01;0.00;0.02;0.53;1.16;3.40;125.43;0.79;0.50;0.011;-1.43;-1.66;-1000.00;-1000.00
886.995;749;1.26;3.56;130.27;0.84;3.57;176.23;0.79;0.50;992;2;1;7;0.69;0.45;0.47;-0.07;-0.01;-0.02;-0.05;0.84;1.15;3.41;127.91;0.79;0.50;0.027;-1.43;-1.73;-1000.00;-1000.00
887.075;753;1.25;3.57;132.41;0.84;3.57;176.23;0.79;0.50;992;2;1;7;0.75;0.47;0.47;-0.10;-0.01;0.01;0.08;1.04;1.12;3.44;132.87;0.79;0.50;0.009;-1.44;-1.75;-1000.00;-1000.00
887.185;768;1.21;3.63;141.16;0.84;3.57;176.23;0.79;0.50;992;2;1;7;0.70;0.47;0.47;-0.10;-0.01;0.03;0.16;1.34;1.10;3.47;137.82;0.79;0.50;0.020;-1.44;-1.81;-1000.00;-1000.00
887.285;776;1.18;3.66;146.61;0.84;3.57;176.23;0.79;0.50;992;2;1;7;0.69;0.48;0.51;-0.06;-0.00;-0.00;0.02;1.24;1.07;3.49;142.78;0.79;0.50;0.027;-1.44;-1.85;-1000.00;-1000.00
887.385;786;1.14;3.69;153.19;0.84;3.57;176.23;0.79;0.50;992;2;1;7;0.66;0.48;0.50;-0.12;0.00;0.01;-0.00;1.27;1.04;3.51;147.73;0.79;0.50;0.022;-1.44;-1.90;-1000.00;-1000.00
887.485;797;1.10;3.72;160.60;0.84;3.57;176.23;0.79;0.50;992;2;1;7;0.62;0.48;0.51;-0.10;-0.00;0.01;0.04;1.28;1.01;3.53;152.69;0.79;0.50;0.024;-1.45;-1.95;-1000.00;-1000.00
887.575;805;1.06;3.74;165.93;0.84;3.57;176.23;0.79;0.50;992;2;1;7;0.62;0.47;0.51;-0.09;-0.02;0.06;-0.13;1.04;0.97;3.54;157.64;0.79;0.50;0.009;-1.45;-1.98;-1000.00;-1000.00
887.685;814;1.02;3.76;171.36;0.84;3.57;176.23;0.79;0.50;992;2;1;7;0.63;0.47;0.48;-0.08;-0.01;-0.05;0.13;1.08;0.94;3.56;162.60;0.79;0.50;0.022;-1.45;-2.03;-1000.00;-1000.00
887.805;829;0.95;3.78;180.79;0.84;3.57;176.23;0.79;0.50;992;2;1;7;0.54;0.46;0.47;-0.04;-0.01;0.17;-0.21;1.09;0.91;3.57;167.56;0.79;0.50;0.036;-1.45;-2.10;-1000.00;-1000.00
887.885;837;0.91;3.78;185.53;0.84;3.57;176.23;0.79;0.50;992;2;1;7;0.49;0.44;0.45;-0.02;-0.01;-0.12;0.13;0.88;0.89;3.57;170.03;0.79;0.50;0.018;-1.45;-2.13;-1000.00;-1000.00
887.985;847;0.86;3.77;189.92;0.46;3.39;234.20;0.73;0.50;992;3;1;7;0.46;0.42;0.48;-0.06;-0.07;-0.08;0.47;0.88;0.87;3.57;172.51;0.79;0.50;0.015;-1.46;-2.18;-1000.00;-1000.00
888.075;857;0.82;3.76;193.43;0.46;3.39;234.20;0.73;0.50;992;3;1;7;0.05;0.41;0.44;-0.02;-0.00;-0.03;0.04;0.53;0.83;3.57;177.47;0.78;0.50;0.008;-1.46;-2.23;-1000.00;-1000.00
888.175;865;0.79;3.76;193.96;0.46;3.39;234.20;0.73;0.50;992;3;1;7;0.23;0.42;0.41;-0.01;-0.01;0.06;-0.05;-0.25;0.80;3.57;182.39;0.78;0.50;0.009;-1.46;-2.27;-1000.00;-1000.00
888.275;876;0.74;3.75;193.83;0.46;3.39;234.20;0.73;0.50;992;3;1;7;0.47;0.42;0.40;-0.01;-0.01;-0.04;0.03;0.15;0.76;3.57;187.26;0.78;0.50;0.011;-1.46;-2.32;-1000.00;-1000.00
888.375;884;0.71;3.74;195.28;0.46;3.39;234.20;0.73;0.50;992;3;1;7;0.56;0.43;0.43;-0.02;-0.01;-0.05;0.06;0.54;0.74;3.57;189.69;0.77;0.50;0.007;-1.46;-2.36;-1000.00;-1000.00
888.475;895;0.67;3.73;198.65;0.46;3.39;234.20;0.73;0.50;992;3;1;7;0.66;0.44;0.44;-0.03;0.00;-0.01;0.01;0.56;0.71;3.56;194.50;0.77;0.50;0.012;-1.46;-2.41;-1000.00;-1000.00
888.575;903;0.63;3.72;201.97;0.46;3.39;234.20;0.73;0.50;992;3;1;7;0.67;0.44;0.44;-0.02;-0.01;-0.13;0.08;0.71;0.69;3.56;196.88;0.77;0.50;0.007;-1.46;-2.45;-1000.00;-1000.00
888.685;916;0.58;3.70;206.65;0.46;3.39;234.20;0.73;0.50;992;3;1;7;0.74;0.44;0.45;-0.09;-0.01;-0.09;0.06;0.87;0.66;3.54;201.63;0.76;0.50;0.019;-1.46;-2.51;-1000.00;-1000.00
888.775;927;0.53;3.68;211.42;0.46;3.39;234.20;0.73;0.50;992;3;1;7;0.79;0.45;0.50;-0.07;-0.01;0.02;-0.02;0.76;0.61;3.52;208.66;0.75;0.50;0.010;-1.47;-2.56;-1000.00;-1000.00
888.875;935;0.49;3.66;215.87;0.46;3.39;234.20;0.73;0.50;992;3;1;7;0.79;0.45;0.50;-0.11;-0.01;-0.09;0.02;1.11;0.59;3.51;210.99;0.75;0.50;0.010;-1.47;-2.60;-1000.00;-1000.00
888.975;946;0.44;3.64;222.53;0.46;3.39;234.20;0.73;0.50;992;3;1;7;0.79;0.45;0.50;-0.17;-0.01;-0.06;-0.00;1.26;0.55;3.48;217.90;0.75;0.50;0.009;-1.47;-2.65;-1000.00;-1000.00
889.075;954;0.40;3.62;227.67;0.46;3.39;234.20;0.73;0.50;992;3;1;7;0.79;0.44;0.52;-0.17;-0.01;0.01;-0.02;1.08;0.53;3.47;220.18;0.74;0.50;0.009;-1.47;-2.68;-1000.00;-1000.00
889.175;965;0.35;3.59;235.57;0.46;3.39;234.20;0.73;0.50;992;3;1;7;0.73;0.43;0.49;-0.20;-0.01;-0.06;-0.04;1.22;0.51;3.45;224.71;0.74;0.50;0.011;-1.48;-2.73;-1000.00;-1000.00
889.275;974;0.31;3.56;241.66;0.46;3.39;234.20;0.73;0.50;992;3;1;7;0.69;0.42;0.48;-0.15;-0.01;0.08;0.02;1.20;0.48;3.42;229.20;0.73;0.50;0.010;-1.49;-2.77;-1000.00;-1000.00
889.375;983;0.28;3.53;247.74;0.46;3.39;234.20;0.73;0.50;992;3;1;7;0.64;0.40;0.46;-0.11;-0.01;0.02;0.01;1.00;0.46;3.39;233.65;0.73;0.50;0.015;-1.49;-2.81;-1000.00;-1000.00
889.475;994;0.26;3.49;253.75;0.46;3.39;234.20;0.73;0.50;992;3;1;7;0.55;0.38;0.42;-0.06;-0.01;0.00;0.01;0.76;0.44;3.36;237.96;0.70;0.50;0.011;-1.48;-2.85;-1000.00;-1000.00
889.575;1007;0.24;3.44;258.56;0.46;3.39;234.20;0.73;0.50;992;3;1;7;0.45;0.36;0.39;0.01;-0.01;0.05;0.02;0.46;0.43;3.35;240.01;0.68;0.50;0.008;-1.46;-2.90;-1000.00;-1000.00
889.665;1013;0.24;3.41;259.76;0.46;3.39;234.20;0.73;0.50;992;3;1;7;0.46;0.34;0.38;-0.03;-0.03;-0.25;0.02;0.47;0.42;3.33;241.99;0.66;0.50;0.007;-1.45;-2.93;-1000.00;-1000.00
889.775;1027;0.23;3.37;262.32;0.46;3.39;234.20;0.73;0.50;992;3;1;7;0.45;0.32;0.35;-0.04;-0.04;-0.29;0.01;0.47;0.40;3.30;245.74;0.63;0.50;0.010;-1.43;-2.98;-1000.00;-1000.00
889.875;1035;0.23;3.34;263.90;0.46;3.39;234.20;0.73;0.50;992;3;1;7;0.44;0.30;0.31;-0.00;-0.01;0.04;0.02;0.28;0.40;3.28;247.52;0.61;0.50;0.007;-1.41;-3.01;-1000.00;-1000.00
889.975;1046;0.22;3.31;265.64;0.46;3.39;234.20;0.73;0.50;992;3;1;7;0.45;0.28;0.30;-0.04;-0.01;0.01;0.00;0.23;0.38;3.25;250.88;0.58;0.50;0.011;-1.39;-3.05;-1000.00;-1000.00
890.075;1054;0.22;3.28;266.76;0.46;3.39;234.20;0.73;0.50;992;3;1;7;0.45;0.27;0.29;-0.05;-0.01;-0.14;-0.09;0.33;0.38;3.23;252.46;0.56;0.50;0.013;-1.37;-3.08;-1000.00;-1000.00
890.165;1063;0.21;3.26;267.80;0.46;3.39;234.20;0.73;0.50;992;3;1;7;0.45;0.26;0.28;-0.02;-0.01;0.11;0.07;0.15;0.37;3.21;253.98;0.54;0.50;0.007;-1.34;-3.11;-1000.00;-1000.00
890.275;1073;0.21;3.23;269.03;0.46;3.39;234.20;0.73;0.50;992;3;1;7;0.44;0.24;0.26;-0.03;-0.01;0.05;0.04;0.16;0.37;3.20;255.44;0.52;0.50;0.007;-1.31;-3.14;-1000.00;-1000.00
890.365;1082;0.21;3.21;270.10;0.46;3.39;234.20;0.73;0.50;992;3;1;7;0.44;0.23;0.24;-0.04;-0.01;-0.00;-0.00;0.18;0.36;3.18;256.84;0.51;0.50;0.006;-1.28;-3.16;-1000.00;-1000.00
890.475;1097;0.20;3.18;271.53;0.46;3.39;234.20;0.73;0.50;992;3;1;7;0.43;0.22;0.23;-0.03;-0.01;0.05;0.04;0.13;0.36;3.16;258.18;0.49;0.50;0.012;-1.23;-3.19;-1000.00;-1000.00
890.575;1107;0.20;3.15;272.41;0.46;3.39;234.20;0.73;0.50;992;3;1;7;0.42;0.21;0.20;-0.01;-0.01;-0.03;-0.02;0.12;0.36;3.14;259.47;0.47;0.50;0.006;-1.19;-3.21;-1000.00;-1000.00
890.665;1115;0.20;3.14;272.79;0.46;3.39;234.20;0.73;0.50;992;3;1;7;0.44;0.20;0.19;-0.01;-0.01;-0.06;-0.04;0.14;0.35;3.11;261.87;0.44;0.50;0.006;-1.15;-3.23;-1000.00;-1000.00
890.765;1126;0.20;3.12;273.20;0.46;3.39;234.20;0.73;0.50;992;3;1;7;0.43;0.19;0.19;-0.00;-0.01;-0.05;-0.04;0.13;0.35;3.11;261.87;0.44;0.50;0.005;-1.11;-3.25;-1000.00;-1000.00
890.905;1138;0.20;3.10;273.47;0.35;2.95;-90.00;-0.00;0.50;819;0;1;0;0.44;0.18;0.19;0.00;-0.01;-0.02;-0.02;0.05;0.35;3.09;262.99;0.42;0.50;0.032;-1.05;-3.26;-1000.00;-1000.00
890.995;1149;0.20;3.08;273.68;0.35;2.95;-90.00;-0.00;0.50;819;0;1;0;0.17;0.21;0.18;0.00;-0.01;0.05;0.04;-0.02;0.35;2.95;-90.00;-0.00;0.50;0.029;-1.00;-3.26;-1000.00;-1000.00
891.115;1157;0.21;3.06;273.18;0.35;2.95;-90.00;-0.00;0.50;819;0;1;0;0.20;0.24;0.20;0.00;-0.01;0.01;0.00;-0.17;0.35;2.95;-90.00;-0.00;0.50;0.051;-0.97;-3.25;-1000.00;-1000.00
891.205;1166;0.21;3.04;272.50;0.35;2.95;-90.00;-0.00;0.50;819;0;1;0;0.23;0.26;0.23;-0.00;-0.01;-0.01;-0.01;-0.10;0.35;2.95;-90.00;-0.00;0.50;0.031;-0.93;-3.24;-1000.00;-1000.00
891.305;1177;0.21;3.02;272.21;0.35;2.95;-90.00;-0.00;0.50;819;0;1;0;0.24;0.28;0.26;-0.01;-0.01;0.04;0.04;-0.02;0.35;2.95;-90.00;-0.00;0.50;0.042;-0.88;-3.23;-1000.00;-1000.00
891.395;1185;0.21;3.00;272.37;0.35;2.95;-90.00;-0.00;0.50;819;0;1;0;0.23;0.30;0.26;-0.01;-0.01;-0.02;-0.02;0.02;0.35;2.95;-90.00;-0.00;0.50;0.037;-0.84;-3.22;-1000.00;-1000.00
891.505;1199;0.21;2.96;272.67;0.35;2.95;-90.00;-0.00;0.50;819;0;1;0;0.21;0.31;0.29;-0.00;-0.01;0.00;-0.01;0.03;0.35;2.95;-90.00;-0.00;0.50;0.035;-0.78;-3.21;-1000.00;-1000.00
891.585;1205;0.21;2.94;272.72;0.35;2.95;-90.00;-0.00;0.50;819;0;1;0;0.21;0.32;0.30;-0.00;-0.01;-0.05;-0.03;0.07;0.35;2.94;-90.00;-0.00;0.50;0.019;-0.75;-3.21;-1000.00;-1000.00
891.685;1217;0.21;2.90;272.84;0.35;2.95;-90.00;-0.00;0.50;819;0;1;0;0.20;0.32;0.32;-0.00;-0.01;0.09;0.08;-0.02;0.35;2.91;-90.00;-0.00;0.50;0.028;-0.70;-3.19;-1000.00;-1000.00
891.815;1227;0.21;2.87;273.06;0.35;2.95;-90.00;-0.00;0.50;819;0;1;0;0.19;0.33;0.30;-0.01;-0.01;-0.02;-0.03;0.05;0.35;2.89;-90.00;-0.00;0.50;0.046;-0.66;-3.16;-1000.00;-1000.00
891.915;1238;0.21;2.84;273.07;0.35;2.95;-90.00;-0.00;0.50;819;0;1;0;0.18;0.34;0.33;0.00;-0.01;0.07;0.05;-0.03;0.35;2.85;-90.00;-0.00;0.50;0.052;-0.62;-3.14;-1000.00;-1000.00
891.995;1246;0.21;2.81;273.18;0.35;2.95;-90.00;-0.00;0.50;819;0;1;0;0.17;0.34;0.32;-0.01;-0.01;-0.04;-0.03;0.04;0.35;2.82;-90.00;-0.00;0.50;0.027;-0.60;-3.12;-1000.00;-1000.00
892.115;1261;0.22;2.76;273.20;0.35;2.95;-90.00;-0.00;0.50;819;0;1;0;0.17;0.35;0.33;-0.00;-0.01;-0.04;-0.03;0.05;0.35;2.78;-90.00;-0.00;0.50;0.046;-0.55;-3.08;-1000.00;-1000.00
892.185;1265;0.22;2.75;273.24;0.35;2.95;-90.00;-0.00;0.50;819;0;1;0;0.17;0.36;0.33;-0.01;-0.01;-0.03;-0.03;0.03;0.35;2.75;-90.00;-0.00;0.50;0.022;-0.54;-3.06;-1000.00;-1000.00
892.285;1274;0.22;2.72;273.26;0.35;2.95;-90.00;-0.00;0.50;819;0;1;0;0.16;0.36;0.34;-0.00;-0.01;-0.01;-0.02;0.02;0.35;2.72;-90.00;-0.00;0.50;0.025;-0.52;-3.04;-1000.00;-1000.00
892.405;1289;0.22;2.67;273.34;0.35;2.95;-90.00;-0.00;0.50;819;0;1;0;0.15;0.37;0.35;-0.00;-0.01;-0.01;-0.02;0.03;0.35;2.69;-90.00;-0.00;0.50;0.036;-0.49;-2.99;-1000.00;-1000.00
892.505;1298;0.22;2.63;273.35;0.35;2.95;-90.00;-0.00;0.50;819;0;1;0;0.15;0.37;0.35;-0.00;-0.01;-0.01;-0.02;0.02;0.35;2.65;-90.00;-0.00;0.50;0.047;-0.47;-2.96;-1000.00;-1000.00
892.605;1308;0.22;2.60;273.35;0.35;2.95;-90.00;-0.00;0.50;819;0;1;0;0.14;0.38;0.36;-0.00;-0.01;-0.01;-0.02;0.02;0.35;2.61;-90.00;-0.00;0.50;0.039;-0.46;-2.92;-1000.00;-1000.00
892.695;1317;0.22;2.57;273.35;0.35;2.95;-90.00;-0.00;0.50;819;0;1;0;0.14;0.38;0.36;-0.00;-0.01;-0.01;-0.02;0.01;0.35;2.59;-90.00;-0.00;0.50;0.030;-0.44;-2.89;-1000.00;-1000.00
892.795;1327;0.23;2.53;273.35;0.35;2.95;-90.00;-0.00;0.50;819;0;1;0;0.14;0.38;0.36;-0.00;-0.01;-0.01;-0.02;0.01;0.35;2.54;-90.00;-0.00;0.50;0.026;-0.43;-2.86;-1000.00;-1000.00
892.905;1336;0.23;2.50;273.35;0.35;2.95;-90.00;-0.00;0.50;819;0;1;0;0.13;0.39;0.37;-0.00;-0.01;-0.01;-0.02;0.01;0.35;2.49;-90.00;-0.00;0.50;0.037;-0.42;-2.83;-1000.00;-1000.00
893.005;1346;0.23;2.46;273.34;0.35;2.47;-90.00;-0.00;0.50;819;2;1;0;0.13;0.40;0.37;-0.00;-0.01;-0.01;-0.02;0.01;0.35;2.46;-90.00;-0.00;0.50;0.036;-0.42;-2.80;-1000.00;-1000.00
893.075;1355;0.23;2.43;273.35;0.35;2.47;-90.00;-0.00;0.50;819;2;1;0;0.12;0.40;0.38;-0.00;-0.01;-0.01;-0.02;0.01;0.35;2.42;-90.00;-0.00;0.50;0.019;-0.41;-2.77;-1000.00;-1000.00
893.195;1365;0.23;2.39;273.34;0.35;2.47;-90.00;-0.00;0.50;819;2;1;0;0.12;0.41;0.39;-0.00;-0.01;-0.01;-0.02;0.01;0.35;2.39;-90.00;-0.00;0.50;0.022;-0.41;-2.75;-1000.00;-1000.00
893.285;1373;0.23;2.36;273.34;0.35;2.47;-90.00;-0.00;0.50;819;2;1;0;0.12;0.41;0.39;-0.00;-0.01;-0.02;-0.02;0.01;0.35;2.36;-90.00;-0.00;0.50;0.018;-0.41;-2.72;-1000.00;-1000.00
893.375;1384;0.24;2.31;273.33;0.35;2.24;-90.00;-0.00;0.50;819;3;1;0;0.11;0.41;0.40;-0.00;-0.01;-0.01;-0.02;0.01;0.35;2.31;-90.00;-0.00;0.50;0.011;-0.41;-2.70;-1000.00;-1000.00
893.465;1392;0.24;2.28;273.32;0.35;2.24;-90.00;-0.00;0.50;819;3;1;0;0.11;0.42;0.40;-0.00;-0.01;-0.02;-0.02;0.00;0.35;2.28;-90.00;-0.00;0.50;0.004;-0.41;-2.68;-1000.00;-1000.00
893.575;1407;0.24;2.22;273.29;0.35;2.24;-90.00;-0.00;0.50;819;3;1;0;0.10;0.42;0.41;-0.00;-0.01;-0.02;-0.02;0.01;0.35;2.24;-90.00;-0.00;0.50;0.016;-0.41;-2.64;-1000.00;-1000.00
893.675;1416;0.24;2.18;273.27;0.35;2.24;-90.00;-0.00;0.50;819;3;1;0;0.10;0.42;0.41;-0.00;-0.01;-0.02;-0.02;-0.00;0.35;2.18;-90.00;-0.00;0.50;0.008;-0.41;-2.62;-1000.00;-1000.00
893.785;1425;0.24;2.15;273.23;0.35;2.24;-90.00;-0.00;0.50;819;3;1;0;0.10;0.43;0.41;-0.00;-0.01;-0.02;-0.01;-0.00;0.35;2.16;-90.00;-0.00;0.50;0.020;-0.41;-2.60;-1000.00;-1000.00
893.875;1436;0.25;2.10;273.21;0.35;2.00;-90.00;0.00;0.50;819;4;1;0;0.09;0.43;0.42;-0.00;-0.01;-0.02;-0.01;-0.00;0.35;2.10;-90.00;-0.00;0.50;0.013;-0.41;-2.58;-1000.00;-1000.00
893.965;1444;0.25;2.07;273.18;0.35;2.00;-90.00;0.00;0.50;819;4;1;0;0.09;0.43;0.42;-0.00;-0.01;-0.02;-0.01;-0.00;0.35;2.07;-90.00;0.00;0.50;0.004;-0.41;-2.56;-1000.00;-1000.00
894.065;1453;0.25;2.03;273.16;0.35;2.00;-90.00;0.00;0.50;819;4;1;0;0.09;0.44;0.42;-0.00;-0.01;-0.02;-0.01;-0.00;0.35;2.04;-90.00;0.00;0.50;0.002;-0.41;-2.53;-1000.00;-1000.00
894.165;1464;0.25;1.98;273.14;0.35;2.00;-90.00;0.00;0.50;819;4;1;0;0.08;0.44;0.42;-0.00;-0.01;-0.02;-0.01;-0.00;0.35;1.99;-90.00;0.00;0.50;0.001;-0.41;-2.50;-1000.00;-1000.00
894.325;1482;0.26;1.91;273.10;0.35;1.75;-90.00;-0.00;0.50;256;0;1;0;0.08;0.44;0.43;-0.00;-0.00;-0.01;-0.01;-0.00;0.35;1.95;-90.00;0.00;0.50;0.052;-0.41;-2.45;-1000.00;-1000.00
894.405;1487;0.26;1.89;273.09;0.35;1.75;-90.00;-0.00;0.50;256;0;1;0;0.07;0.46;0.43;-0.00;-0.00;-0.01;-0.01;0.00;0.35;1.75;-90.00;-0.00;0.50;0.042;-0.41;-2.43;-1000.00;-1000.00
894.515;1500;0.26;1.83;272.98;0.35;1.75;-90.00;-0.00;0.50;256;0;1;0;0.07;0.47;0.45;-0.00;-0.00;-0.01;-0.01;-0.01;0.35;1.75;-90.00;-0.00;0.50;0.045;-0.42;-2.39;-1000.00;-1000.00
894.615;1509;0.26;1.79;272.96;0.35;1.75;-90.00;-0.00;0.50;256;0;1;0;0.07;0.48;0.46;-0.00;-0.00;-0.01;-0.01;0.00;0.35;1.75;-90.00;-0.00;0.50;0.049;-0.42;-2.35;-1000.00;-1000.00
894.675;1514;0.26;1.77;272.97;0.35;1.75;-90.00;-0.00;0.50;256;0;1;0;0.07;0.48;0.46;-0.00;-0.00;-0.01;-0.01;0.00;0.35;1.75;-90.00;-0.00;0.50;0.026;-0.42;-2.34;-1000.00;-1000.00
894.785;1524;0.27;1.72;272.96;0.35;1.51;-90.00;-0.00;0.50;256;1;1;0;0.06;0.48;0.47;-0.00;-0.00;-0.01;-0.01;-0.00;0.35;1.71;-90.00;-0.00;0.50;0.021;-0.42;-2.30;-1000.00;-1000.00
894.895;1539;0.27;1.65;272.92;0.35;1.51;-90.00;-0.00;0.50;256;1;1;0;0.05;0.48;0.47;-0.00;-0.00;-0.01;-0.01;-0.00;0.35;1.68;-90.00;-0.00;0.50;0.033;-0.43;-2.25;-1000.00;-1000.00
894.995;1547;0.27;1.61;272.86;0.35;1.51;-90.00;-0.00;0.50;256;1;1;0;0.05;0.48;0.47;-0.00;-0.00;-0.01;-0.01;-0.01;0.35;1.63;-90.00;-0.00;0.50;0.027;-0.43;-2.22;-1000.00;-1000.00
895.095;1557;0.27;1.57;272.79;0.35;1.51;-90.00;-0.00;0.50;256;1;1;0;0.05;0.48;0.47;-0.00;-0.00;-0.01;-0.01;-0.01;0.35;1.58;-90.00;-0.00;0.50;0.031;-0.43;-2.18;-1000.00;-1000.00
895.205;1566;0.27;1.52;272.74;0.35;1.51;-90.00;-0.00;0.50;256;1;1;0;0.05;0.48;0.47;-0.00;-0.00;-0.01;-0.01;-0.01;0.35;1.52;-90.00;-0.00;0.50;0.034;-0.43;-2.15;-1000.00;-1000.00
895.295;1576;0.28;1.48;272.68;0.35;1.27;-90.00;-0.00;0.50;256;2;1;0;0.05;0.48;0.47;-0.00;-0.00;-0.01;-0.01;-0.01;0.35;1.47;-90.00;-0.00;0.50;0.022;-0.43;-2.11;-1000.00;-1000.00
895.375;1587;0.28;1.43;272.62;0.35;1.27;-90.00;-0.00;0.50;256;2;1;0;0.04;0.48;0.47;-0.00;-0.00;-0.00;-0.01;-0.01;0.35;1.43;-90.00;-0.00;0.50;0.012;-0.44;-2.07;-1000.00;-1000.00
895.485;1595;0.28;1.39;272.58;0.35;1.27;-90.00;-0.00;0.50;256;2;1;0;0.04;0.48;0.47;-0.00;-0.00;-0.00;-0.01;-0.01;0.35;1.39;-90.00;-0.00;0.50;0.020;-0.44;-2.04;-1000.00;-1000.00
895.585;1606;0.28;1.34;272.52;0.35;1.27;-90.00;-0.00;0.50;256;2;1;0;0.04;0.48;0.47;-0.00;-0.00;-0.00;-0.01;-0.01;0.35;1.34;-90.00;-0.00;0.50;0.022;-0.44;-2.00;-1000.00;-1000.00
895.675;1614;0.28;1.30;272.60;0.35;1.27;-90.00;-0.00;0.50;256;2;1;0;0.03;0.48;0.49;0.00;-0.00;0.02;0.00;0.03;0.35;1.29;-90.00;-0.00;0.50;0.018;-0.44;-1.97;-1000.00;-1000.00
895.785;1624;0.29;1.25;272.69;0.35;1.04;-90.00;-0.00;0.50;256;3;1;0;0.02;0.49;0.49;0.00;-0.00;0.01;-0.00;0.00;0.35;1.25;-90.00;-0.00;0.50;0.015;-0.45;-1.93;-1000.00;-1000.00
895.875;1634;0.29;1.20;272.65;0.35;1.04;-90.00;-0.00;0.50;256;3;1;0;0.02;0.49;0.49;-0.00;-0.00;0.01;-0.01;-0.02;0.35;1.20;-90.00;-0.00;0.50;0.013;-0.45;-1.88;-1000.00;-1000.00
895.975;1643;0.29;1.16;272.57;0.35;1.04;-90.00;-0.00;0.50;256;3;1;0;0.02;0.49;0.49;-0.00;-0.00;0.01;-0.00;-0.02;0.35;1.16;-90.00;-0.00;0.50;0.007;-0.45;-1.85;-1000.00;-1000.00
896.065;1653;0.29;1.11;272.48;0.35;1.04;-90.00;-0.00;0.50;256;3;1;0;0.02;0.49;0.49;-0.00;-0.00;0.01;-0.00;-0.01;0.35;1.11;-90.00;-0.00;0.50;0.005;-0.45;-1.81;-1000.00;-1000.00
896.165;1662;0.29;1.06;272.41;0.35;1.04;-90.00;-0.00;0.50;256;3;1;0;0.02;0.49;0.49;-0.00;-0.00;0.00;-0.00;-0.01;0.35;1.06;-90.00;-0.00;0.50;0.004;-0.45;-1.77;-1000.00;-1000.00
896.265;1672;0.30;1.02;272.35;0.35;0.80;-90.00;0.00;0.50;256;4;1;0;0.01;0.49;0.49;-0.00;-0.00;0.00;-0.00;-0.01;0.35;1.02;-90.00;-0.00;0.50;0.007;-0.46;-1.73;-1000.00;-1000.00
896.365;1683;0.30;0.96;272.29;0.35;0.80;-90.00;0.00;0.50;256;4;1;0;0.01;0.49;0.49;-0.00;-0.00;0.00;-0.00;-0.01;0.35;0.96;-90.00;-0.00;0.50;0.008;-0.46;-1.68;-1000.00;-1000.00
896.465;1696;0.30;0.90;272.21;0.35;0.80;-90.00;0.00;0.50;256;4;1;0;0.01;0.49;0.49;-0.00;-0.00;0.00;-0.00;-0.01;0.35;0.90;-90.00;-0.00;0.50;0.002;-0.46;-1.63;-1000.00;-1000.00
896.565;1706;0.30;0.85;272.15;0.35;0.80;-90.00;0.00;0.50;256;4;1;0;0.01;0.49;0.49;-0.00;-0.00;0.00;-0.00;-0.01;0.35;0.85;-90.00;0.00;0.50;0.001;-0.46;-1.58;-1000.00;-1000.00
896.695;1715;0.30;0.81;272.09;0.35;0.44;-95.04;-0.49;0.50;846;1;1;6;0.01;0.49;0.49;-0.00;-0.00;0.00;-0.00;-0.01;0.35;0.80;-90.00;0.00;0.50;0.027;-0.47;-1.54;-1000.00;-1000.00
896.775;1726;0.31;0.75;272.03;0.35;0.44;-95.04;-0.49;0.50;846;1;1;6;0.30;0.50;0.49;-0.00;-0.00;0.00;-0.00;-0.01;0.35;0.55;-90.00;-0.05;0.05;0.011;-0.47;-1.49;-1000.00;-1000.00
896.885;1734;0.31;0.71;273.47;0.35;0.44;-95.04;-0.49;0.50;846;1;1;6;0.17;0.50;0.49;-0.02;-0.00;0.06;0.05;0.51;0.35;0.55;-90.00;-0.05;0.05;0.018;-0.47;-1.46;-1000.00;-1000.00
897.005;1749;0.31;0.64;275.76;0.29;0.23;-116.21;-0.75;0.50;846;2;1;6;-0.06;0.49;0.49;-0.00;-0.01;-0.06;-0.05;0.15;0.35;0.55;-90.00;-0.05;0.05;0.032;-0.47;-1.39;-1000.00;-1000.00
897.085;1758;0.32;0.59;274.85;0.29;0.23;-116.21;-0.75;0.50;846;2;1;6;-0.09;0.48;0.49;0.01;-0.01;-0.02;-0.01;-0.37;0.35;0.55;-90.00;-0.05;0.05;0.026;-0.48;-1.35;-1000.00;-1000.00
897.175;1764;0.32;0.57;273.65;0.29;0.23;-116.21;-0.75;0.50;846;2;1;6;-0.13;0.47;0.48;0.01;-0.01;-0.06;-0.04;-0.32;0.35;0.55;-90.00;-0.05;0.05;0.015;-0.48;-1.32;-1000.00;-1000.00
897.285;1777;0.32;0.50;271.72;0.16;0.07;-142.23;-0.70;0.50;846;3;1;6;-0.36;0.45;0.46;0.01;-0.00;0.01;0.01;-0.21;0.35;0.53;-90.42;-0.22;0.23;0.020;-0.49;-1.27;-1000.00;-1000.00
897.375;1783;0.32;0.48;270.53;0.16;0.07;-142.23;-0.70;0.50;846;3;1;6;-0.54;0.45;0.43;0.03;-0.01;-0.00;0.00;-0.54;0.35;0.48;-92.60;-0.39;0.40;0.006;-0.49;-1.24;-1000.00;-1000.00
897.475;1796;0.32;0.42;265.77;0.16;0.07;-142.23;-0.70;0.50;846;3;1;6;-0.61;0.45;0.46;0.01;-0.01;0.11;-0.09;-0.75;0.35;0.44;-95.20;-0.49;0.50;0.013;-0.49;-1.18;-1000.00;-1000.00
897.575;1806;0.32;0.37;260.37;-0.04;-0.03;-163.22;-0.54;0.50;846;4;1;6;-0.62;0.46;0.44;0.01;-0.01;0.05;-0.02;-0.96;0.34;0.39;-99.48;-0.56;0.50;0.011;-0.49;-1.14;-1000.00;-1000.00
897.665;1815;0.32;0.33;254.90;-0.04;-0.03;-163.22;-0.54;0.50;846;4;1;6;-0.60;0.46;0.45;0.06;-0.02;-0.17;0.22;-1.12;0.33;0.33;-104.46;-0.62;0.50;0.003;-0.49;-1.11;-1000.00;-1000.00
897.775;1825;0.30;0.29;249.90;-0.04;-0.03;-163.22;-0.54;0.50;846;4;1;6;-0.68;0.46;0.49;0.02;-0.00;0.08;-0.13;-0.64;0.31;0.28;-110.19;-0.69;0.50;0.005;-0.49;-1.06;-1000.00;-1000.00
897.865;1834;0.29;0.25;245.46;-0.04;-0.03;-163.22;-0.54;0.50;846;4;1;6;-0.76;0.46;0.47;0.08;-0.01;-0.09;0.14;-0.99;0.29;0.24;-115.38;-0.74;0.50;0.001;-0.49;-1.03;-1000.00;-1000.00
897.975;1844;0.27;0.20;240.40;-0.04;-0.03;-163.22;-0.54;0.50;846;4;1;6;-0.79;0.46;0.54;0.07;-0.01;0.07;-0.15;-0.90;0.27;0.20;-120.88;-0.74;0.50;0.003;-0.49;-0.99;-1000.00;-1000.00
898.065;1853;0.26;0.15;234.48;-0.04;-0.03;-163.22;-0.54;0.50;846;4;1;6;-0.79;0.47;0.52;0.15;-0.01;-0.05;0.14;-1.21;0.25;0.16;-126.27;-0.73;0.50;0.001;-0.49;-0.95;-1000.00;-1000.00
898.165;1862;0.24;0.11;228.96;-0.04;-0.03;-163.22;-0.54;0.50;846;4;1;6;-0.79;0.47;0.56;0.13;-0.02;0.05;-0.12;-1.01;0.22;0.12;-132.84;-0.72;0.50;0.002;-0.48;-0.91;-1000.00;-1000.00
898.265;1876;0.20;0.04;218.39;-0.25;-0.06;-179.43;-0.47;0.50;846;5;1;6;-0.73;0.47;0.59;0.14;-0.09;-0.37;-0.26;-1.21;0.17;0.08;-140.49;-0.70;0.50;0.002;-0.47;-0.86;-1000.00;-1000.00
898.365;1886;0.16;-0.00;210.23;-0.25;-0.06;-179.43;-0.47;0.50;846;5;1;6;-0.55;0.47;0.50;0.16;-0.01;0.02;0.02;-1.31;0.14;0.06;-144.20;-0.68;0.50;0.005;-0.45;-0.82;-1000.00;-1000.00
898.475;1895;0.13;-0.03;205.68;-0.25;-0.06;-179.43;-0.47;0.50;846;5;1;6;-0.56;0.48;0.52;0.12;-0.01;-0.02;-0.03;-0.70;0.10;0.03;-150.02;-0.64;0.50;0.004;-0.43;-0.79;-1000.00;-1000.00
898.565;1905;0.09;-0.06;201.18;-0.25;-0.06;-179.43;-0.47;0.50;846;5;1;6;-0.54;0.48;0.51;0.10;-0.02;0.03;0.01;-0.79;0.06;0.01;-154.34;-0.61;0.50;0.001;-0.40;-0.76;-1000.00;-1000.00
898.665;1914;0.05;-0.09;197.22;-0.25;-0.06;-179.43;-0.47;0.50;846;5;1;6;-0.52;0.49;0.51;0.07;-0.01;-0.05;-0.11;-0.78;0.02;-0.01;-158.38;-0.58;0.50;0.001;-0.38;-0.73;-1000.00;-1000.00
898.785;1928;-0.02;-0.11;190.34;-0.25;-0.06;-179.43;-0.47;0.50;472;5;0;9;-0.46;0.49;0.50;-0.00;-0.01;-0.19;-0.36;-0.85;-0.02;-0.02;-162.14;-0.55;0.50;0.016;-0.37;-0.71;-1000.00;-1000.00
898.865;1933;-0.04;-0.11;187.84;-0.25;-0.06;-179.43;-0.47;0.50;472;5;0;9;-0.46;0.49;0.49;0.02;-0.01;0.04;0.09;-0.78;-0.25;-0.05;180.00;-0.05;0.05;0.001;-0.37;-0.71;-1000.00;-1000.00
898.965;1943;-0.08;-0.12;185.46;-0.25;-0.06;-179.43;-0.47;0.50;472;5;0;9;-0.46;0.49;0.15;0.06;-0.00;0.04;0.00;0.05;-0.25;-0.05;180.00;-0.05;0.05;0.001;-0.37;-0.71;-1000.00;-1000.00
899.065;1954;-0.08;-0.13;186.55;-0.25;-0.06;-179.43;-0.47;0.50;472;5;0;9;-0.46;0.49;-0.00;0.00;0.00;0.03;-0.03;0.05;-0.25;-0.05;180.00;-0.05;0.05;0.002;-0.37;-0.71;-1000.00;-1000.00
899.165;1962;-0.08;-0.13;186.66;-0.25;-0.06;-179.43;-0.47;0.50;472;5;0;9;-0.46;0.49;-0.00;-0.01;-0.00;0.01;0.02;0.03;-0.25;-0.05;180.00;-0.05;0.05;0.001;-0.37;-0.71;-1000.00;-1000.00
899.265;1973;-0.08;-0.12;186.76;-0.25;-0.06;-179.43;-0.47;0.50;472;5;0;9;-0.46;0.49;-0.00;-0.00;-0.00;-0.02;0.01;0.02;-0.25;-0.05;180.00;-0.05;0.05;0.004;-0.37;-0.71;-1000.00;-1000.00
899.375;1986;-0.08;-0.12;186.84;-0.25;-0.06;-179.43;-0.47;0.50;472;5;0;9;-0.46;0.49;-0.00;-0.00;-0.00;0.01;0.01;0.01;-0.25;-0.05;180.00;-0.05;0.05;0.005;-0.37;-0.71;-1000.00;-1000.00
899.465;1992;-0.08;-0.12;186.86;-0.25;-0.06;-179.43;-0.47;0.50;472;5;0;9;-0.46;0.49;0.00;0.00;-0.00;0.02;0.03;-0.00;-0.25;-0.05;180.00;-0.05;0.05;0.001;-0.37;-0.71;-1000.00;-1000.00
899.565;2005;-0.08;-0.12;186.89;0.05;-0.05;180.00;-0.00;0.50;1116;0;1;0;-0.46;0.49;-0.00;-0.00;0.00;-0.03;-0.01;0.00;-0.25;-0.05;180.00;-0.05;0.05;0.001;-0.37;-0.71;-1000.00;-1000.00
899.685;2015;-0.08;-0.12;186.91;-0.19;-0.05;180.00;-0.00;0.50;1116;1;1;0;-0.52;0.49;-0.00;-0.00;0.00;-0.00;-0.02;0.00;-0.08;-0.05;180.00;-0.00;0.50;0.017;-0.37;-0.71;-1000.00;-1000.00
899.775;2025;-0.09;-0.13;185.31;-0.19;-0.05;180.00;-0.00;0.50;1116;1;1;0;-0.44;0.49;0.36;-0.03;0.01;0.02;0.01;-0.86;-0.09;-0.05;180.00;-0.00;0.50;0.008;-0.37;-0.71;-1000.00;-1000.00
899.875;2035;-0.14;-0.13;180.57;-0.19;-0.05;180.00;-0.00;0.50;1116;1;1;0;-0.21;0.49;0.50;-0.00;-0.01;0.06;-0.10;-0.67;-0.14;-0.05;180.00;-0.00;0.50;0.012;-0.37;-0.71;-1000.00;-1000.00
899.965;2043;-0.18;-0.13;178.38;-0.19;-0.05;180.00;-0.00;0.50;1116;1;1;0;-0.11;0.49;0.49;0.05;-0.01;-0.00;0.01;-0.20;-0.18;-0.05;180.00;-0.00;0.50;0.007;-0.37;-0.71;-1000.00;-1000.00
900.075;2053;-0.23;-0.13;178.12;-0.43;-0.05;180.00;-0.00;0.50;1116;2;1;0;-0.10;0.49;0.50;-0.02;-0.01;-0.03;0.04;0.04;-0.23;-0.05;180.00;-0.00;0.50;0.008;-0.37;-0.71;-1000.00;-1000.00
900.185;2067;-0.30;-0.12;178.68;-0.43;-0.05;180.00;-0.00;0.50;1116;2;1;0;-0.11;0.49;0.50;-0.01;-0.01;-0.03;0.04;0.04;-0.27;-0.05;180.00;-0.00;0.50;0.019;-0.37;-0.71;-1000.00;-1000.00
900.265;2072;-0.32;-0.12;178.78;-0.43;-0.05;180.00;-0.00;0.50;1116;2;1;0;-0.12;0.49;0.50;-0.00;-0.01;-0.02;0.04;0.00;-0.32;-0.05;180.00;-0.00;0.50;0.007;-0.37;-0.71;-1000.00;-1000.00
900.385;2087;-0.40;-0.12;178.81;-0.43;-0.05;180.00;-0.00;0.50;1116;2;1;0;-0.11;0.49;0.50;-0.00;-0.01;-0.03;0.05;-0.02;-0.38;-0.05;180.00;-0.00;0.50;0.012;-0.37;-0.71;-1000.00;-1000.00
900.465;2095;-0.44;-0.12;178.83;-0.43;-0.05;180.00;-0.00;0.50;1116;2;1;0;-0.11;0.49;0.49;-0.01;-0.01;0.03;-0.05;0.02;-0.44;-0.05;180.00;-0.00;0.50;0.005;-0.37;-0.71;-1000.00;-1000.00
900.565;2106;-0.49;-0.12;178.83;-0.66;-0.05;180.00;-0.00;0.50;1116;3;1;0;-0.11;0.49;0.49;-0.01;-0.01;0.02;-0.04;0.02;-0.49;-0.05;180.00;-0.00;0.50;0.008;-0.37;-0.71;-1000.00;-1000.00
900.665;2115;-0.54;-0.12;178.82;-0.66;-0.05;180.00;-0.00;0.50;1116;3;1;0;-0.10;0.49;0.50;-0.00;-0.01;-0.03;0.05;-0.01;-0.54;-0.05;180.00;-0.00;0.50;0.004;-0.37;-0.71;-1000.00;-1000.00
900.775;2125;-0.58;-0.12;178.81;-0.66;-0.05;180.00;-0.00;0.50;1116;3;1;0;-0.10;0.49;0.50;-0.00;-0.01;-0.04;0.07;-0.01;-0.59;-0.05;180.00;-0.00;0.50;0.005;-0.37;-0.71;-1000.00;-1000.00
900.875;2133;-0.62;-0.11;178.80;-0.66;-0.05;180.00;-0.00;0.50;1116;3;1;0;-0.10;0.49;0.50;-0.00;-0.01;-0.03;0.04;-0.02;-0.62;-0.05;180.00;-0.00;0.50;0.009;-0.37;-0.71;-1000.00;-1000.00
900.975;2143;-0.67;-0.11;178.78;-0.66;-0.05;180.00;-0.00;0.50;1116;3;1;0;-0.09;0.49;0.50;-0.00;-0.01;-0.02;0.03;-0.00;-0.67;-0.05;180.00;-0.00;0.50;0.005;-0.37;-0.71;-1000.00;-1000.00
901.075;2153;-0.72;-0.11;178.78;-0.90;-0.05;180.00;0.00;0.50;1116;4;1;0;-0.09;0.49;0.50;-0.00;-0.01;-0.02;0.02;0.00;-0.72;-0.05;180.00;-0.00;0.50;0.005;-0.37;-0.71;-1000.00;-1000.00
901.165;2166;-0.79;-0.11;178.80;-0.90;-0.05;180.00;0.00;0.50;1116;4;1;0;-0.08;0.49;0.50;-0.00;-0.01;-0.02;0.02;0.00;-0.79;-0.05;180.00;-0.00;0.50;0.001;-0.37;-0.71;-1000.00;-1000.00
901.265;2172;-0.82;-0.11;178.81;-0.90;-0.05;180.00;0.00;0.50;1116;4;1;0;-0.08;0.49;0.50;-0.00;-0.01;-0.02;0.02;0.00;-0.82;-0.05;180.00;-0.00;0.50;0.001;-0.37;-0.71;-1000.00;-1000.00
901.385;2187;-0.89;-0.11;178.82;-1.15;-0.05;180.00;0.00;-0.50;458;0;1;2;-0.08;0.49;0.50;-0.00;-0.01;-0.02;0.02;-0.00;-0.89;-0.05;180.00;0.00;0.50;0.021;-0.37;-0.71;-1000.00;-1000.00
901.525;2200;-0.96;-0.10;178.84;-0.85;-0.05;180.00;0.00;-0.50;673;0;1;2;-0.19;0.45;0.50;-0.00;-0.01;-0.01;0.02;-0.00;-0.93;-0.05;180.00;0.00;-0.50;0.018;-0.37;-0.71;-1000.00;-1000.00
901.585;2206;-0.99;-0.10;178.45;-0.75;-0.05;180.00;0.00;-0.50;673;1;1;2;-0.21;0.38;0.46;0.01;-0.01;-0.02;0.03;-0.17;-0.85;-0.05;180.00;0.00;-0.50;0.014;-0.37;-0.71;-1000.00;-1000.00
901.675;2215;-1.02;-0.10;177.72;-0.75;-0.05;180.00;0.00;-0.50;673;1;1;2;-0.24;0.32;0.40;0.00;-0.01;-0.03;0.06;-0.13;-0.85;-0.05;180.00;0.00;-0.50;0.015;-0.37;-0.71;-1000.00;-1000.00
901.775;2225;-1.06;-0.10;177.13;-0.75;-0.05;180.00;0.00;-0.50;673;1;1;2;-0.26;0.26;0.33;-0.00;-0.01;-0.03;0.06;-0.11;-0.85;-0.05;180.00;0.00;-0.50;0.016;-0.37;-0.71;-1000.00;-1000.00
901.875;2234;-1.09;-0.10;176.81;-0.75;-0.05;180.00;0.00;-0.50;673;1;1;2;-0.27;0.20;0.27;-0.00;-0.01;-0.03;0.06;-0.06;-0.85;-0.05;180.00;0.00;-0.50;0.013;-0.37;-0.71;-1000.00;-1000.00
901.985;2244;-1.11;-0.10;176.72;-0.75;-0.05;180.00;0.00;-0.50;673;1;1;2;-0.27;0.13;0.21;-0.00;-0.01;-0.02;0.05;-0.00;-0.85;-0.05;180.00;0.00;-0.50;0.016;-0.37;-0.71;-1000.00;-1000.00
902.075;2255;-1.13;-0.10;176.95;-0.75;-0.05;180.00;0.00;-0.50;673;1;1;2;-0.26;0.07;0.14;-0.00;-0.01;-0.02;0.04;0.05;-0.85;-0.05;180.00;0.00;-0.50;0.010;-0.37;-0.71;-1000.00;-1000.00
902.185;2267;-1.14;-0.09;177.56;-0.75;-0.05;180.00;0.00;-0.50;673;1;1;2;-0.23;0.01;0.07;-0.00;-0.01;-0.02;0.03;0.08;-0.85;-0.05;180.00;0.00;-0.50;0.021;-0.37;-0.71;-1000.00;-1000.00
902.285;2278;-1.14;-0.09;178.26;-0.75;-0.05;180.00;0.00;-0.50;673;1;1;2;-0.19;-0.05;0.01;-0.01;-0.01;-0.02;0.02;0.09;-0.85;-0.05;180.00;0.00;-0.50;0.019;-0.37;-0.71;-1000.00;-1000.00
902.375;2287;-1.14;-0.09;178.91;-0.75;-0.05;180.00;0.00;-0.50;673;1;1;2;-0.16;-0.10;-0.05;-0.01;-0.00;-0.01;0.02;0.11;-0.85;-0.05;180.00;0.00;-0.50;0.018;-0.37;-0.71;-1000.00;-1000.00
902.485;2297;-1.13;-0.09;179.55;-0.75;-0.05;180.00;0.00;-0.50;673;1;1;2;-0.13;-0.16;-0.10;0.00;0.00;0.00;-0.01;0.08;-0.85;-0.05;180.00;0.00;-0.50;0.021;-0.37;-0.71;-1000.00;-1000.00
902.575;2305;-1.12;-0.09;179.90;-0.75;-0.05;180.00;0.00;-0.50;673;1;1;2;-0.11;-0.20;-0.15;0.00;-0.00;0.00;0.00;0.07;-0.85;-0.05;180.00;0.00;-0.50;0.014;-0.37;-0.71;-1000.00;-1000.00
902.675;2316;-1.10;-0.09;180.31;-0.75;-0.05;180.00;0.00;-0.50;673;1;1;2;-0.09;-0.25;-0.20;-0.00;0.00;0.00;-0.01;0.06;-0.85;-0.05;180.00;0.00;-0.50;0.014;-0.37;-0.71;-1000.00;-1000.00
902.785;2324;-1.08;-0.09;180.55;-0.75;-0.05;180.00;0.00;-0.50;673;1;1;2;-0.08;-0.29;-0.25;0.00;-0.00;0.00;-0.01;0.05;-0.85;-0.05;180.00;0.00;-0.50;0.025;-0.37;-0.71;-1000.00;-1000.00
902.885;2338;-1.05;-0.09;180.87;-0.75;-0.05;180.00;0.00;-0.50;673;1;1;2;-0.06;-0.32;-0.29;-0.00;-0.00;0.00;-0.01;0.03;-0.85;-0.05;180.00;0.00;-0.50;0.019;-0.37;-0.71;-1000.00;-1000.00
902.965;2343;-1.03;-0.09;180.93;-0.75;-0.05;180.00;0.00;-0.50;673;1;1;2;-0.06;-0.35;-0.31;-0.00;-0.00;0.01;-0.01;0.02;-0.85;-0.05;180.00;0.00;-0.50;0.008;-0.37;-0.71;-1000.00;-1000.00
903.085;2358;-0.98;-0.09;181.07;-0.75;-0.05;180.00;0.00;-0.50;673;1;1;2;-0.05;-0.37;-0.35;-0.00;-0.00;0.01;-0.01;0.01;-0.85;-0.05;180.00;0.00;-0.50;0.022;-0.36;-0.71;-1000.00;-1000.00
903.175;2366;-0.95;-0.09;181.09;-0.75;-0.05;180.00;0.00;-0.50;673;1;1;2;-0.05;-0.39;-0.37;-0.00;-0.00;0.01;-0.01;0.00;-0.85;-0.05;180.00;0.00;-0.50;0.012;-0.36;-0.71;-1000.00;-1000.00
903.285;2377;-0.91;-0.09;181.11;-0.66;-0.05;180.00;0.00;-0.50;673;2;1;2;-0.04;-0.40;-0.39;-0.00;-0.00;0.01;-0.01;-0.00;-0.85;-0.05;180.00;0.00;-0.50;0.017;-0.36;-0.71;-1000.00;-1000.00
903.375;2385;-0.88;-0.09;181.11;-0.66;-0.05;180.00;0.00;-0.50;673;2;1;2;-0.04;-0.41;-0.40;0.00;-0.00;0.01;-0.01;0.00;-0.85;-0.05;180.00;0.00;-0.50;0.012;-0.36;-0.71;-1000.00;-1000.00
903.475;2394;-0.84;-0.09;181.10;-0.66;-0.05;180.00;0.00;-0.50;673;2;1;2;-0.04;-0.41;-0.41;0.00;-0.00;0.01;-0.01;0.00;-0.84;-0.05;180.00;0.00;-0.50;0.011;-0.36;-0.71;-1000.00;-1000.00
903.585;2404;-0.80;-0.09;181.05;-0.55;-0.05;180.00;0.00;-0.50;937;0;1;2;-0.04;-0.42;-0.41;-0.01;-0.00;0.01;0.01;-0.00;-0.80;-0.05;180.00;0.00;-0.50;0.009;-0.36;-0.71;-1000.00;-1000.00
903.675;2412;-0.77;-0.09;181.11;-0.55;-0.05;180.00;0.00;-0.50;937;0;1;2;-0.03;-0.45;-0.41;-0.00;0.00;0.00;-0.01;0.02;-0.55;-0.05;180.00;0.00;-0.50;0.006;-0.36;-0.71;-1000.00;-1000.00
903.785;2427;-0.70;-0.08;181.20;-0.45;-0.05;180.00;0.00;-0.50;937;1;1;2;-0.03;-0.47;-0.45;-0.00;-0.00;0.00;-0.00;0.01;-0.55;-0.05;180.00;0.00;-0.50;0.013;-0.36;-0.71;-1000.00;-1000.00
903.875;2437;-0.66;-0.08;181.19;-0.45;-0.05;180.00;0.00;-0.50;937;1;1;2;-0.02;-0.48;-0.47;-0.00;-0.00;0.00;-0.00;-0.00;-0.55;-0.05;180.00;0.00;-0.50;0.014;-0.36;-0.71;-1000.00;-1000.00
903.975;2446;-0.61;-0.08;181.16;-0.36;-0.05;180.00;0.00;-0.50;937;2;1;2;-0.02;-0.49;-0.48;-0.00;-0.00;0.00;-0.00;-0.00;-0.55;-0.05;180.00;0.00;-0.50;0.010;-0.36;-0.71;-1000.00;-1000.00
904.075;2455;-0.57;-0.08;181.13;-0.36;-0.05;180.00;0.00;-0.50;937;2;1;2;-0.02;-0.49;-0.49;-0.00;-0.00;0.00;-0.00;-0.00;-0.55;-0.05;180.00;0.00;-0.50;0.013;-0.36;-0.71;-1000.00;-1000.00
904.185;2465;-0.52;-0.08;181.10;-0.36;-0.05;180.00;0.00;-0.50;472;2;0;9;-0.02;-0.49;-0.49;-0.00;-0.00;0.00;-0.00;-0.00;-0.52;-0.05;180.00;0.00;-0.50;0.012;-0.36;-0.71;-1000.00;-1000.00
904.275;2473;-0.48;-0.08;181.08;-0.36;-0.05;180.00;0.00;-0.50;472;2;0;9;-0.02;-0.49;-0.49;-0.00;-0.00;0.00;-0.00;-0.01;-0.25;-0.05;180.00;0.00;-0.50;0.015;-0.36;-0.71;-1000.00;-1000.00
904.365;2483;-0.44;-0.08;180.83;-0.36;-0.05;180.00;0.00;-0.50;472;2;0;9;-0.02;-0.49;-0.18;0.00;-0.08;-0.02;0.11;-0.02;-0.25;-0.05;180.00;0.00;-0.50;0.005;-0.36;-0.71;-1000.00;-1000.00
904.475;2493;-0.44;-0.08;180.84;-0.36;-0.05;180.00;0.00;-0.50;472;2;0;9;-0.02;-0.49;0.01;0.00;0.00;-0.00;-0.02;-0.01;-0.25;-0.05;180.00;0.00;-0.50;0.013;-0.36;-0.71;-1000.00;-1000.00
904.575;2507;-0.44;-0.08;180.74;-0.36;-0.05;180.00;0.00;-0.50;472;2;0;9;-0.02;-0.49;0.00;-0.00;0.00;0.00;-0.00;-0.01;-0.25;-0.05;180.00;0.00;-0.50;0.008;-0.36;-0.71;-1000.00;-1000.00
904.675;2516;-0.44;-0.08;180.70;-0.36;-0.05;180.00;0.00;-0.50;472;2;0;9;-0.02;-0.49;0.00;0.00;-0.00;0.00;-0.00;-0.01;-0.25;-0.05;180.00;0.00;-0.50;0.012;-0.36;-0.71;-1000.00;-1000.00
904.775;2525;-0.44;-0.08;180.67;-0.36;-0.05;180.00;0.00;-0.50;472;2;0;9;-0.02;-0.49;0.00;0.00;-0.00;0.00;-0.00;-0.01;-0.25;-0.05;180.00;0.00;-0.50;0.012;-0.36;-0.71;-1000.00;-1000.00
904.865;2535;-0.44;-0.08;180.64;-0.36;-0.05;180.00;0.00;-0.50;472;2;0;9;-0.02;-0.49;0.00;0.00;-0.00;0.00;-0.00;-0.00;-0.25;-0.05;180.00;0.00;-0.50;0.006;-0.36;-0.71;-1000.00;-1000.00
904.965;2544;-0.44;-0.08;180.62;-0.36;-0.05;180.00;0.00;-0.50;472;2;0;9;-0.02;-0.49;0.00;0.00;-0.00;0.00;-0.00;-0.00;-0.25;-0.05;180.00;0.00;-0.50;0.006;-0.36;-0.71;-1000.00;-1000.00
905.065;2554;-0.44;-0.08;180.61;-0.36;-0.05;180.00;0.00;-0.50;472;2;0;9;-0.02;-0.49;0.00;0.00;-0.00;0.00;-0.00;-0.00;-0.25;-0.05;180.00;0.00;-0.50;0.006;-0.36;-0.71;-1000.00;-1000.00
905.175;2563;-0.44;-0.08;180.60;-0.36;-0.05;180.00;0.00;-0.50;472;2;0;9;-0.02;-0.49;0.00;0.00;-0.00;0.00;-0.00;-0.00;-0.25;-0.05;180.00;0.00;-0.50;0.006;-0.36;-0.71;-1000.00;-1000.00
905.285;2577;-0.44;-0.08;180.59;-0.36;-0.05;180.00;0.00;-0.50;472;2;0;9;-0.02;-0.49;0.00;0.00;-0.00;0.00;-0.00;-0.00;-0.25;-0.05;180.00;0.00;-0.50;0.017;-0.36;-0.71;-1000.00;-1000.00
905.375;2587;-0.44;-0.08;180.58;-0.36;-0.05;180.00;0.00;-0.50;472;2;0;9;-0.02;-0.49;0.00;0.00;-0.00;0.00;-0.00;-0.00;-0.25;-0.05;180.00;0.00;-0.50;0.013;-0.36;-0.71;-1000.00;-1000.00
905.465;2592;-0.44;-0.08;180.58;-0.36;-0.05;180.00;0.00;-0.50;472;2;0;9;-0.02;-0.49;0.00;0.00;-0.00;0.00;-0.00;-0.00;-0.25;-0.05;180.00;0.00;-0.50;0.007;-0.36;-0.71;-1000.00;-1000.00
905.575;2607;-0.44;-0.08;180.57;-0.55;-0.05;180.00;-0.00;0.50;937;0;1;0;-0.02;-0.49;0.00;0.00;-0.00;0.00;-0.00;-0.00;-0.25;-0.05;180.00;0.00;-0.50;0.008;-0.36;-0.71;-1000.00;-1000.00
905.675;2615;-0.44;-0.08;180.57;-0.55;-0.05;180.00;-0.00;0.50;937;0;1;0;-0.10;-0.43;0.00;0.00;-0.00;0.00;-0.00;-0.00;-0.55;-0.05;180.00;-0.00;0.50;0.012;-0.36;-0.71;-1000.00;-1000.00
905.775;2626;-0.42;-0.08;181.41;-0.55;-0.05;180.00;-0.00;0.50;937;0;1;0;-0.14;-0.37;-0.41;-0.02;-0.00;0.02;0.01;0.18;-0.55;-0.05;180.00;-0.00;0.50;0.009;-0.36;-0.71;-1000.00;-1000.00
905.875;2634;-0.39;-0.08;182.13;-0.55;-0.05;180.00;-0.00;0.50;937;0;1;0;-0.17;-0.31;-0.39;0.00;0.00;-0.00;-0.00;0.14;-0.55;-0.05;180.00;-0.00;0.50;0.010;-0.36;-0.71;-1000.00;-1000.00
905.975;2643;-0.36;-0.08;182.73;-0.55;-0.05;180.00;-0.00;0.50;937;0;1;0;-0.20;-0.25;-0.32;0.00;-0.00;0.01;0.02;0.10;-0.55;-0.05;180.00;-0.00;0.50;0.010;-0.36;-0.71;-1000.00;-1000.00
906.075;2654;-0.33;-0.07;183.30;-0.55;-0.05;180.00;-0.00;0.50;937;0;1;0;-0.22;-0.19;-0.25;-0.00;-0.00;-0.01;-0.02;0.07;-0.55;-0.05;180.00;-0.00;0.50;0.008;-0.36;-0.71;-1000.00;-1000.00
906.175;2666;-0.30;-0.07;183.57;-0.55;-0.05;180.00;-0.00;0.50;937;0;1;0;-0.23;-0.13;-0.19;0.00;-0.01;-0.04;-0.08;0.02;-0.55;-0.05;180.00;-0.00;0.50;0.008;-0.36;-0.71;-1000.00;-1000.00
906.275;2676;-0.28;-0.07;183.53;-0.55;-0.05;180.00;-0.00;0.50;937;0;1;0;-0.22;-0.07;-0.13;0.00;-0.00;-0.03;-0.06;-0.02;-0.55;-0.05;180.00;-0.00;0.50;0.015;-0.36;-0.71;-1000.00;-1000.00
906.375;2686;-0.28;-0.07;183.25;-0.55;-0.05;180.00;-0.00;0.50;937;0;1;0;-0.21;-0.01;-0.07;0.00;-0.00;-0.03;-0.07;-0.06;-0.55;-0.05;180.00;-0.00;0.50;0.010;-0.36;-0.71;-1000.00;-1000.00
906.485;2695;-0.27;-0.07;182.82;-0.55;-0.05;180.00;-0.00;0.50;937;0;1;0;-0.19;0.05;-0.01;0.00;-0.00;-0.02;-0.04;-0.09;-0.55;-0.05;180.00;-0.00;0.50;0.017;-0.36;-0.71;-1000.00;-1000.00
906.575;2705;-0.27;-0.07;182.29;-0.55;-0.05;180.00;-0.00;0.50;937;0;1;0;-0.16;0.10;0.04;0.00;-0.00;-0.02;-0.04;-0.10;-0.55;-0.05;180.00;-0.00;0.50;0.011;-0.36;-0.71;-1000.00;-1000.00
906.675;2714;-0.28;-0.07;181.79;-0.55;-0.05;180.00;-0.00;0.50;937;0;1;0;-0.14;0.15;0.10;-0.00;0.00;0.00;-0.00;-0.07;-0.55;-0.05;180.00;-0.00;0.50;0.019;-0.36;-0.71;-1000.00;-1000.00
906.775;2725;-0.29;-0.07;181.36;-0.55;-0.05;180.00;-0.00;0.50;937;0;1;0;-0.12;0.20;0.15;0.00;0.00;0.00;-0.00;-0.07;-0.55;-0.05;180.00;-0.00;0.50;0.014;-0.36;-0.71;-1000.00;-1000.00
906.875;2733;-0.31;-0.07;181.14;-0.55;-0.05;180.00;-0.00;0.50;937;0;1;0;-0.11;0.24;0.20;-0.00;0.00;-0.00;0.00;-0.06;-0.55;-0.05;180.00;-0.00;0.50;0.008;-0.36;-0.71;-1000.00;-1000.00
906.965;2744;-0.33;-0.07;180.80;-0.55;-0.05;180.00;-0.00;0.50;937;0;1;0;-0.09;0.28;0.24;0.00;0.00;-0.00;-0.00;-0.05;-0.55;-0.05;180.00;-0.00;0.50;0.007;-0.36;-0.71;-1000.00;-1000.00
907.085;2757;-0.37;-0.07;180.49;-0.55;-0.05;180.00;-0.00;0.50;937;0;1;0;-0.08;0.31;0.28;0.00;0.00;-0.00;-0.00;-0.03;-0.55;-0.05;180.00;-0.00;0.50;0.021;-0.36;-0.71;-1000.00;-1000.00
907.185;2767;-0.40;-0.07;180.34;-0.55;-0.05;180.00;-0.00;0.50;937;0;1;0;-0.07;0.33;0.31;0.00;0.00;0.00;-0.00;-0.02;-0.55;-0.05;180.00;-0.00;0.50;0.017;-0.36;-0.71;-1000.00;-1000.00
907.265;2775;-0.42;-0.07;180.25;-0.55;-0.05;180.00;-0.00;0.50;937;0;1;0;-0.07;0.36;0.34;0.00;-0.00;0.00;-0.00;-0.02;-0.55;-0.05;180.00;-0.00;0.50;0.006;-0.36;-0.71;-1000.00;-1000.00
907.375;2785;-0.46;-0.07;180.16;-0.55;-0.05;180.00;-0.00;0.50;937;0;1;0;-0.06;0.37;0.36;0.00;-0.00;0.00;0.00;-0.01;-0.55;-0.05;180.00;-0.00;0.50;0.011;-0.36;-0.71;-1000.00;-1000.00
907.485;2795;-0.49;-0.07;180.09;-0.55;-0.05;180.00;-0.00;0.50;937;0;1;0;-0.06;0.39;0.38;0.00;-0.00;0.00;0.00;-0.01;-0.55;-0.05;180.00;-0.00;0.50;0.015;-0.36;-0.71;-1000.00;-1000.00
907.585;2804;-0.53;-0.07;180.04;-0.79;-0.05;180.00;-0.00;0.50;937;1;1;0;-0.06;0.39;0.39;-0.00;-0.00;0.00;0.00;-0.01;-0.55;-0.05;180.00;-0.00;0.50;0.014;-0.36;-0.71;-1000.00;-1000.00
907.685;2813;-0.56;-0.07;180.00;-0.79;-0.05;180.00;-0.00;0.50;937;1;1;0;-0.05;0.40;0.40;-0.00;-0.00;0.00;0.00;-0.01;-0.56;-0.05;180.00;-0.00;0.50;0.018;-0.36;-0.71;-1000.00;-1000.00
907.775;2824;-0.61;-0.07;179.97;-0.79;-0.05;180.00;-0.00;0.50;937;1;1;0;-0.05;0.40;0.40;-0.00;-0.00;0.00;0.00;-0.00;-0.61;-0.05;180.00;-0.00;0.50;0.015;-0.36;-0.71;-1000.00;-1000.00
907.885;2837;-0.66;-0.07;179.94;-0.79;-0.05;180.00;-0.00;0.50;937;1;1;0;-0.05;0.41;0.41;-0.00;-0.00;0.00;0.00;-0.00;-0.65;-0.05;180.00;-0.00;0.50;0.015;-0.36;-0.71;-1000.00;-1000.00
907.975;2847;-0.70;-0.07;179.92;-0.79;-0.05;180.00;-0.00;0.50;937;1;1;0;-0.05;0.41;0.41;-0.00;-0.00;0.00;0.00;-0.00;-0.68;-0.05;180.00;-0.00;0.50;0.010;-0.36;-0.71;-1000.00;-1000.00
908.065;2856;-0.74;-0.07;179.90;-0.79;-0.05;180.00;-0.00;0.50;937;1;1;0;-0.05;0.41;0.41;-0.00;-0.00;0.00;0.00;-0.00;-0.74;-0.05;180.00;-0.00;0.50;0.007;-0.36;-0.71;-1000.00;-1000.00
908.175;2866;-0.78;-0.07;179.88;-1.03;-0.05;180.00;-0.00;0.50;937;2;1;0;-0.05;0.42;0.42;-0.00;-0.00;0.01;0.00;-0.00;-0.78;-0.05;180.00;-0.00;0.50;0.009;-0.36;-0.71;-1000.00;-1000.00
908.265;2875;-0.82;-0.07;179.87;-1.03;-0.05;180.00;-0.00;0.50;937;2;1;0;-0.05;0.42;0.42;-0.00;-0.00;0.01;0.00;-0.00;-0.81;-0.05;180.00;-0.00;0.50;0.007;-0.36;-0.71;-1000.00;-1000.00
908.385;2885;-0.86;-0.07;179.85;-1.03;-0.05;180.00;-0.00;0.50;937;2;1;0;-0.04;0.43;0.42;-0.00;-0.00;0.01;0.00;-0.00;-0.86;-0.05;180.00;-0.00;0.50;0.011;-0.36;-0.71;-1000.00;-1000.00
908.475;2893;-0.89;-0.07;179.83;-1.03;-0.05;180.00;-0.00;0.50;937;2;1;0;-0.04;0.43;0.43;-0.00;-0.00;0.01;0.00;-0.00;-0.90;-0.05;180.00;-0.00;0.50;0.011;-0.36;-0.71;-1000.00;-1000.00
908.575;2904;-0.94;-0.07;179.81;-1.03;-0.05;180.00;-0.00;0.50;937;2;1;0;-0.04;0.43;0.43;-0.00;-0.00;0.01;0.00;-0.00;-0.93;-0.05;180.00;-0.00;0.50;0.014;-0.36;-0.71;-1000.00;-1000.00
908.685;2918;-1.00;-0.07;179.79;-1.03;-0.05;180.00;-0.00;0.50;937;2;1;0;-0.04;0.43;0.43;-0.00;-0.00;0.01;0.00;-0.00;-0.98;-0.05;180.00;-0.00;0.50;0.022;-0.36;-0.71;-1000.00;-1000.00
908.775;2923;-1.02;-0.07;179.79;-1.26;-0.05;180.00;-0.00;0.50;937;3;1;0;-0.04;0.44;0.44;-0.00;-0.00;0.01;0.00;-0.00;-1.02;-0.05;180.00;-0.00;0.50;0.008;-0.36;-0.71;-1000.00;-1000.00
908.875;2936;-1.08;-0.07;179.77;-1.26;-0.05;180.00;-0.00;0.50;937;3;1;0;-0.04;0.44;0.44;-0.00;-0.00;0.01;0.00;-0.00;-1.05;-0.05;180.00;-0.00;0.50;0.013;-0.36;-0.71;-1000.00;-1000.00
908.965;2946;-1.12;-0.07;179.79;-1.26;-0.05;180.00;-0.00;0.50;937;3;1;0;-0.04;0.44;0.44;-0.00;0.00;0.02;-0.02;-0.01;-1.13;-0.05;180.00;-0.00;0.50;0.004;-0.36;-0.71;-1000.00;-1000.00
909.075;2955;-1.16;-0.07;179.81;-1.26;-0.05;180.00;-0.00;0.50;937;3;1;0;-0.04;0.44;0.44;-0.00;-0.00;-0.00;0.03;0.01;-1.16;-0.05;180.00;-0.00;0.50;0.008;-0.36;-0.71;-1000.00;-1000.00
909.175;2964;-1.20;-0.07;179.81;-1.26;-0.05;180.00;-0.00;0.50;937;3;1;0;-0.04;0.45;0.44;-0.00;0.00;0.02;-0.02;-0.01;-1.20;-0.05;180.00;-0.00;0.50;0.005;-0.36;-0.70;-1000.00;-1000.00
909.275;2974;-1.25;-0.07;179.79;-1.26;-0.05;180.00;-0.00;0.50;937;3;1;0;-0.04;0.45;0.45;0.01;-0.00;-0.01;0.03;0.00;-1.25;-0.05;180.00;-0.00;0.50;0.009;-0.36;-0.70;-1000.00;-1000.00
909.365;2983;-1.29;-0.07;179.71;-1.50;-0.05;180.00;0.00;0.50;937;4;1;0;-0.04;0.45;0.46;0.01;-0.03;0.01;0.22;-0.03;-1.28;-0.05;180.00;-0.00;0.50;0.005;-0.36;-0.70;-1000.00;-1000.00
909.465;2993;-1.33;-0.07;179.60;-1.50;-0.05;180.00;0.00;0.50;937;4;1;0;-0.03;0.45;0.46;-0.00;0.01;0.03;-0.02;-0.02;-1.33;-0.05;180.00;-0.00;0.50;0.001;-0.36;-0.70;-1000.00;-1000.00
909.565;3006;-1.39;-0.07;179.44;-1.50;-0.05;180.00;0.00;0.50;937;4;1;0;-0.03;0.45;0.47;0.01;-0.03;0.02;0.24;-0.02;-1.39;-0.05;180.00;-0.00;0.50;0.001;-0.36;-0.70;-1000.00;-1000.00
909.665;3016;-1.44;-0.07;179.32;-1.50;-0.05;180.00;0.00;0.50;937;4;1;0;-0.02;0.46;0.46;0.00;-0.00;-0.01;-0.04;-0.01;-1.42;-0.05;180.00;-0.00;0.50;0.005;-0.36;-0.70;-1000.00;-1000.00
909.815;3031;-1.51;-0.07;179.20;-1.75;-0.05;180.00;0.00;-0.50;524;0;1;2;-0.02;0.46;0.46;0.00;0.00;-0.00;-0.00;0.00;-1.48;-0.05;180.00;0.00;0.50;0.042;-0.36;-0.70;-1000.00;-1000.00
909.915;3039;-1.54;-0.07;179.20;-1.45;-0.05;180.00;-0.00;0.37;168;0;1;7;-0.09;0.41;0.46;-0.00;0.00;-0.00;0.00;-0.00;-1.53;-0.05;180.00;0.00;-0.50;0.033;-0.36;-0.70;-1000.00;-1000.00
909.995;3048;-1.58;-0.07;178.66;-1.83;-0.10;204.90;0.79;0.50;168;1;1;7;0.36;0.41;0.41;-0.00;0.00;-0.00;0.00;-0.10;-1.56;-0.05;181.79;0.25;0.41;0.031;-0.36;-0.70;-1000.00;-1000.00
910.085;3054;-1.61;-0.07;179.35;-1.83;-0.10;204.90;0.79;0.50;168;1;1;7;0.50;0.41;0.41;-0.02;0.00;0.05;-0.02;0.54;-1.61;-0.05;183.66;0.35;0.43;0.016;-0.36;-0.70;-1000.00;-1000.00
910.175;3063;-1.64;-0.07;182.79;-1.83;-0.10;204.90;0.79;0.50;168;1;1;7;0.51;0.42;0.41;-0.00;-0.00;-0.00;0.01;0.79;-1.64;-0.05;185.36;0.41;0.44;0.018;-0.36;-0.70;-1000.00;-1000.00
910.295;3077;-1.70;-0.07;188.14;-1.83;-0.10;204.90;0.79;0.50;168;1;1;7;0.56;0.42;0.42;-0.00;-0.01;0.07;-0.08;0.53;-1.69;-0.06;188.71;0.51;0.45;0.023;-0.36;-0.70;-1000.00;-1000.00
910.385;3088;-1.75;-0.08;192.22;-2.07;-0.46;266.23;0.79;0.50;168;2;1;7;0.60;0.42;0.41;-0.01;-0.01;-0.09;0.07;0.64;-1.72;-0.07;191.51;0.57;0.46;0.023;-0.36;-0.70;-1000.00;-1000.00
910.475;3097;-1.78;-0.09;195.26;-2.07;-0.46;266.23;0.79;0.50;168;2;1;7;0.76;0.42;0.43;-0.01;-0.00;0.08;-0.06;0.50;-1.77;-0.08;196.67;0.67;0.48;0.016;-0.36;-0.70;-1000.00;-1000.00
910.595;3107;-1.82;-0.10;198.75;-2.07;-0.46;266.23;0.79;0.50;168;2;1;7;0.79;0.42;0.41;-0.12;-0.07;-0.17;0.45;1.20;-1.80;-0.09;200.80;0.73;0.49;0.023;-0.36;-0.70;-1000.00;-1000.00
910.695;3115;-1.86;-0.10;203.73;-2.07;-0.46;266.23;0.79;0.50;168;2;1;7;0.79;0.43;0.45;-0.04;-0.01;0.02;-0.01;0.94;-1.85;-0.11;208.00;0.79;0.50;0.022;-0.36;-0.70;-1000.00;-1000.00
910.785;3125;-1.90;-0.12;208.26;-2.07;-0.46;266.23;0.79;0.50;168;2;1;7;0.79;0.44;0.48;-0.06;-0.00;-0.03;-0.02;0.93;-1.88;-0.13;212.96;0.79;0.50;0.020;-0.36;-0.70;-1000.00;-1000.00
910.875;3135;-1.95;-0.14;214.10;-2.07;-0.46;266.23;0.79;0.50;168;2;1;7;0.79;0.45;0.48;-0.08;-0.01;-0.07;0.01;0.88;-1.93;-0.16;220.39;0.79;0.50;0.010;-0.36;-0.70;-1000.00;-1000.00
910.965;3144;-1.99;-0.16;219.31;-2.07;-0.46;266.23;0.79;0.50;168;2;1;7;0.79;0.46;0.51;-0.12;-0.00;-0.03;-0.04;1.20;-1.95;-0.19;225.35;0.79;0.50;0.007;-0.36;-0.70;-1000.00;-1000.00
911.075;3154;-2.03;-0.18;226.34;-2.07;-0.46;266.23;0.79;0.50;168;2;1;7;0.79;0.48;0.51;-0.16;-0.01;-0.07;0.00;1.38;-1.99;-0.23;232.78;0.79;0.50;0.013;-0.36;-0.70;-1000.00;-1000.00
911.175;3167;-2.09;-0.22;235.99;-2.07;-0.46;266.23;0.79;0.50;168;2;1;7;0.79;0.48;0.52;-0.21;-0.01;-0.01;-0.02;1.47;-2.00;-0.25;235.26;0.79;0.50;0.012;-0.36;-0.70;-1000.00;-1000.00
911.275;3177;-2.14;-0.26;244.58;-2.07;-0.46;266.23;0.79;0.50;168;2;1;7;0.79;0.48;0.53;-0.19;0.02;-0.06;0.10;1.64;-2.03;-0.29;242.69;0.79;0.50;0.010;-0.36;-0.70;-1000.00;-1000.00
911.375;3186;-2.16;-0.30;253.25;-2.07;-0.46;266.23;0.79;0.50;168;2;1;7;0.77;0.48;0.53;-0.16;-0.03;-0.17;0.11;1.90;-2.05;-0.34;250.12;0.79;0.50;0.011;-0.36;-0.70;-1000.00;-1000.00
911.475;3196;-2.19;-0.34;263.27;-2.07;-0.46;266.23;0.79;0.50;168;2;1;7;0.61;0.47;0.47;-0.19;-0.01;-0.05;0.05;1.76;-2.06;-0.38;255.08;0.79;0.50;0.009;-0.36;-0.70;-1000.00;-1000.00
911.575;3205;-2.21;-0.39;270.84;-2.07;-0.46;266.23;0.79;0.50;168;2;1;7;0.54;0.46;0.47;-0.17;-0.01;-0.04;0.02;1.23;-2.07;-0.41;260.03;0.79;0.50;0.013;-0.36;-0.70;-1000.00;-1000.00
911.685;3216;-2.22;-0.44;276.83;-1.89;-0.84;324.20;0.73;0.50;168;3;1;7;0.54;0.45;0.47;-0.14;-0.04;-0.24;0.01;0.98;-2.07;-0.45;264.99;0.79;0.50;0.020;-0.36;-0.70;-1000.00;-1000.00
911.775;3224;-2.22;-0.47;280.42;-1.89;-0.84;324.20;0.73;0.50;168;3;1;7;0.23;0.45;0.43;-0.08;-0.01;0.03;-0.02;0.72;-2.08;-0.48;269.93;0.78;0.50;0.006;-0.36;-0.70;-1000.00;-1000.00
911.875;3233;-2.22;-0.51;282.97;-1.89;-0.84;324.20;0.73;0.50;168;3;1;7;0.29;0.45;0.45;-0.03;-0.01;-0.05;0.03;0.11;-2.07;-0.50;272.39;0.78;0.50;0.008;-0.36;-0.70;-1000.00;-1000.00
911.975;3244;-2.20;-0.56;283.36;-1.89;-0.84;324.20;0.73;0.50;168;3;1;7;0.53;0.45;0.46;0.02;-0.01;-0.03;0.02;0.10;-2.07;-0.54;277.26;0.78;0.50;0.012;-0.36;-0.70;-1000.00;-1000.00
912.065;3252;-2.19;-0.60;284.35;-1.89;-0.84;324.20;0.73;0.50;168;3;1;7;0.69;0.46;0.45;0.01;-0.00;0.07;-0.02;0.46;-2.07;-0.57;282.10;0.77;0.50;0.004;-0.36;-0.70;-1000.00;-1000.00
912.175;3267;-2.19;-0.66;291.37;-1.89;-0.84;324.20;0.73;0.50;168;3;1;7;0.69;0.46;0.41;-0.13;-0.00;0.01;0.02;1.00;-2.06;-0.61;286.88;0.77;0.50;0.011;-0.36;-0.70;-1000.00;-1000.00
912.265;3275;-2.18;-0.70;296.01;-1.89;-0.84;324.20;0.73;0.50;168;3;1;7;0.69;0.46;0.41;-0.13;-0.00;0.04;0.03;0.96;-2.04;-0.64;291.63;0.76;0.50;0.006;-0.36;-0.70;-1000.00;-1000.00
912.375;3286;-2.17;-0.74;302.19;-1.89;-0.84;324.20;0.73;0.50;168;3;1;7;0.66;0.46;0.42;-0.12;-0.01;-0.05;0.02;0.97;-2.03;-0.68;296.33;0.76;0.50;0.007;-0.36;-0.70;-1000.00;-1000.00
912.475;3294;-2.16;-0.77;306.35;-1.89;-0.84;324.20;0.73;0.50;168;3;1;7;0.63;0.46;0.42;-0.12;-0.01;-0.10;-0.01;0.93;-2.02;-0.69;298.66;0.75;0.50;0.006;-0.36;-0.70;-1000.00;-1000.00
912.575;3303;-2.15;-0.81;310.59;-1.89;-0.84;324.20;0.73;0.50;168;3;1;7;0.65;0.45;0.40;-0.09;-0.01;0.11;0.04;0.72;-2.00;-0.72;303.30;0.75;0.50;0.005;-0.36;-0.70;-1000.00;-1000.00
912.675;3313;-2.12;-0.85;315.20;-1.89;-0.84;324.20;0.73;0.50;168;3;1;7;0.63;0.45;0.42;-0.08;-0.01;-0.05;0.01;0.83;-1.99;-0.74;305.60;0.75;0.50;0.005;-0.36;-0.70;-1000.00;-1000.00
912.775;3327;-2.09;-0.89;321.31;-1.89;-0.84;324.20;0.73;0.50;168;3;1;7;0.62;0.44;0.43;-0.07;-0.01;-0.05;-0.01;0.76;-1.97;-0.77;310.18;0.74;0.50;0.014;-0.36;-0.70;-1000.00;-1000.00
912.875;3336;-2.06;-0.92;324.86;-1.89;-0.84;324.20;0.73;0.50;168;3;1;7;0.66;0.43;0.41;-0.06;-0.01;-0.04;-0.00;0.68;-1.95;-0.79;314.71;0.74;0.50;0.013;-0.36;-0.70;-1000.00;-1000.00
912.965;3345;-2.03;-0.94;328.30;-1.89;-0.84;324.20;0.73;0.50;168;3;1;7;0.70;0.42;0.40;-0.05;-0.01;-0.04;-0.00;0.74;-1.92;-0.82;319.20;0.73;0.50;0.004;-0.36;-0.70;-1000.00;-1000.00
913.065;3356;-2.00;-0.97;332.94;-1.89;-0.84;324.20;0.73;0.50;168;3;1;7;0.69;0.41;0.40;-0.04;-0.01;-0.03;0.00;0.72;-1.89;-0.84;323.65;0.73;0.50;0.004;-0.36;-0.70;-1000.00;-1000.00
913.175;3364;-1.97;-0.98;336.16;-1.89;-0.84;324.20;0.73;0.50;168;3;1;7;0.66;0.40;0.39;-0.03;-0.00;-0.02;-0.01;0.65;-1.88;-0.85;325.84;0.72;0.50;0.008;-0.36;-0.70;-1000.00;-1000.00
913.275;3373;-1.94;-1.00;339.46;-1.89;-0.84;324.20;0.73;0.50;168;3;1;7;0.62;0.38;0.40;-0.02;-0.00;-0.02;0.01;0.56;-1.86;-0.86;327.96;0.70;0.50;0.007;-0.36;-0.70;-1000.00;-1000.00
913.375;3383;-1.90;-1.01;342.80;-1.89;-0.84;324.20;0.73;0.50;168;3;1;7;0.60;0.37;0.37;-0.05;-0.00;0.04;0.01;0.61;-1.83;-0.88;331.99;0.66;0.50;0.012;-0.36;-0.70;-1000.00;-1000.00
913.465;3393;-1.87;-1.03;346.54;-1.89;-0.84;324.20;0.73;0.50;168;3;1;7;0.57;0.36;0.38;-0.07;-0.00;-0.06;-0.01;0.68;-1.80;-0.90;335.74;0.63;0.50;0.004;-0.35;-0.70;-1000.00;-1000.00
913.565;3404;-1.83;-1.05;350.77;-1.89;-0.84;324.20;0.73;0.50;168;3;1;7;0.49;0.34;0.35;-0.06;-0.00;0.09;0.09;0.54;-1.78;-0.90;337.52;0.61;0.50;0.004;-0.35;-0.70;-1000.00;-1000.00
913.675;3416;-1.79;-1.06;354.43;-1.89;-0.84;324.20;0.73;0.50;168;3;1;7;0.45;0.33;0.33;-0.05;-0.01;0.07;0.08;0.38;-1.75;-0.92;340.88;0.58;0.50;0.007;-0.35;-0.70;-1000.00;-1000.00
913.775;3427;-1.75;-1.07;356.83;-1.89;-0.84;324.20;0.73;0.50;168;3;1;7;0.44;0.31;0.33;-0.07;-0.06;0.11;-0.17;0.43;-1.71;-0.93;343.98;0.54;0.50;0.006;-0.35;-0.70;-1000.00;-1000.00
913.865;3435;-1.73;-1.07;358.37;-1.89;-0.84;324.20;0.73;0.50;168;3;1;7;0.42;0.30;0.33;-0.02;-0.01;-0.04;-0.05;0.31;-1.70;-0.93;345.44;0.52;0.50;0.004;-0.35;-0.70;-1000.00;-1000.00
913.975;3446;-1.69;-1.08;359.99;-1.89;-0.84;324.20;0.73;0.50;168;3;1;7;0.42;0.29;0.31;-0.02;-0.01;-0.01;-0.01;0.23;-1.66;-0.94;348.18;0.49;0.50;0.009;-0.35;-0.70;-1000.00;-1000.00
914.075;3454;-1.67;-1.08;360.84;-1.89;-0.84;324.20;0.73;0.50;168;3;1;7;0.41;0.28;0.31;0.00;-0.01;-0.04;-0.05;0.17;-1.64;-0.94;349.47;0.47;0.50;0.012;-0.35;-0.70;-1000.00;-1000.00
914.195;3469;-1.63;-1.08;361.57;-1.89;-0.84;324.20;0.73;0.50;778;3;0;9;0.41;0.27;0.29;-0.00;-0.00;-0.05;-0.05;0.10;-1.62;-0.95;350.70;0.45;0.50;0.022;-0.35;-0.70;-1000.00;-1000.00
914.265;3473;-1.62;-1.08;361.81;-1.89;-0.84;324.20;0.73;0.50;778;3;0;9;0.41;0.27;0.27;-0.00;-0.01;0.04;0.06;0.08;-1.45;-0.95;0.00;-0.00;0.37;0.006;-0.35;-0.70;-1000.00;-1000.00
914.365;3482;-1.60;-1.08;361.73;-1.89;-0.84;324.20;0.73;0.50;778;3;0;9;0.41;0.27;0.04;-0.04;-0.01;-0.03;-0.06;-0.21;-1.45;-0.95;0.00;-0.00;0.37;0.005;-0.35;-0.70;-1000.00;-1000.00
914.465;3496;-1.60;-1.08;360.14;-1.89;-0.84;324.20;0.73;0.50;778;3;0;9;0.41;0.27;-0.01;-0.00;-0.01;0.02;0.03;-0.21;-1.45;-0.95;0.00;-0.00;0.37;0.007;-0.35;-0.70;-1000.00;-1000.00
914.565;3505;-1.60;-1.08;359.46;-1.89;-0.84;324.20;0.73;0.50;778;3;0;9;0.41;0.27;0.00;0.01;-0.01;-0.02;-0.02;-0.10;-1.45;-0.95;0.00;-0.00;0.37;0.003;-0.35;-0.70;-1000.00;-1000.00
914.675;3515;-1.60;-1.08;358.95;-1.89;-0.84;324.20;0.73;0.50;778;3;0;9;0.41;0.27;0.00;0.00;-0.00;-0.02;-0.01;-0.08;-1.45;-0.95;0.00;-0.00;0.37;0.005;-0.35;-0.70;-1000.00;-1000.00
914.775;3526;-1.60;-1.08;358.38;-1.89;-0.84;324.20;0.73;0.50;778;3;0;9;0.41;0.27;0.00;-0.00;-0.00;-0.02;-0.02;-0.06;-1.45;-0.95;0.00;-0.00;0.37;0.006;-0.35;-0.70;-1000.00;-1000.00
914.875;3534;-1.60;-1.08;358.22;-1.89;-0.84;324.20;0.73;0.50;778;3;0;9;0.41;0.27;0.00;-0.00;0.00;-0.00;0.01;-0.02;-1.45;-0.95;0.00;-0.00;0.37;0.007;-0.35;-0.70;-1000.00;-1000.00
914.965;3542;-1.60;-1.08;358.12;-1.89;-0.84;324.20;0.73;0.50;778;3;0;9;0.41;0.27;0.00;-0.00;-0.00;-0.00;0.00;-0.02;-1.45;-0.95;0.00;-0.00;0.37;0.005;-0.35;-0.70;-1000.00;-1000.00
915.065;3553;-1.60;-1.08;358.01;-1.89;-0.84;324.20;0.73;0.50;778;3;0;9;0.41;0.27;0.00;-0.00;-0.00;0.00;0.00;-0.01;-1.45;-0.95;0.00;-0.00;0.37;0.006;-0.35;-0.70;-1000.00;-1000.00
915.175;3566;-1.60;-1.08;357.93;-1.89;-0.84;324.20;0.73;0.50;778;3;0;9;0.41;0.27;0.00;-0.00;-0.00;-0.00;0.00;-0.01;-1.45;-0.95;0.00;-0.00;0.37;0.011;-0.35;-0.70;-1000.00;-1000.00
915.265;3576;-1.60;-1.08;357.88;-1.89;-0.84;324.20;0.73;0.50;778;3;0;9;0.41;0.27;0.00;-0.00;-0.00;-0.00;0.00;-0.01;-1.45;-0.95;0.00;-0.00;0.37;0.003;-0.35;-0.70;-1000.00;-1000.00
915.365;3585;-1.60;-1.08;357.85;-1.89;-0.84;324.20;0.73;0.50;778;3;0;9;0.41;0.27;0.00;-0.00;-0.00;0.00;0.00;-0.01;-1.45;-0.95;0.00;-0.00;0.37;0.003;-0.35;-0.70;-1000.00;-1000.00
915.465;3595;-1.60;-1.08;357.83;-1.89;-0.84;324.20;0.73;0.50;778;3;0;9;0.41;0.27;0.00;-0.00;-0.00;0.00;0.00;-0.00;-1.45;-0.95;0.00;-0.00;0.37;0.005;-0.35;-0.70;-1000.00;-1000.00
915.575;3604;-1.60;-1.08;357.81;-1.45;-0.95;0.00;-0.00;0.50;778;0;1;0;0.41;0.27;0.00;0.00;-0.00;0.00;0.00;-0.00;-1.45;-0.95;0.00;-0.00;0.37;0.004;-0.35;-0.70;-1000.00;-1000.00
