t;frame;x;y;z;x_ref;y_ref;z_ref;delta_ref;u_ref;state;ellipse;control;action;delta;u;vx;vy;vz;wx;wy;wz;xr;yr;zr;delr;ur;obs1x;obs1y;obs2x;obs2y
1595606148.429;9;1.07;-0.33;3.21;0.85;-0.35;-0.00;0.00;-0.50;363;1;1;2;0.11;-0.04;-0.00;0.00;0.00;-0.00;0.00;0.00;0.95;-0.35;0.00;0.00;-0.50;0.012;1.13;2.22;1.38;-1.07
1595606148.522;18;1.07;-0.33;3.26;0.85;-0.35;-0.00;0.00;-0.50;363;1;1;2;0.11;-0.07;-0.00;0.00;0.00;-0.00;0.00;0.00;0.95;-0.35;0.00;0.00;-0.50;0.006;1.13;2.22;1.38;-1.07
1595606148.622;28;1.07;-0.33;3.23;0.85;-0.35;-0.00;0.00;-0.50;363;1;1;2;0.11;-0.11;-0.00;0.00;0.00;-0.00;0.00;0.00;0.95;-0.35;0.00;0.00;-0.50;0.006;1.13;2.22;1.38;-1.07
1595606148.722;38;1.07;-0.33;2.95;0.85;-0.35;-0.00;0.00;-0.50;363;1;1;2;0.09;-0.14;-0.01;0.00;0.00;0.00;0.02;-0.09;0.95;-0.35;0.00;0.00;-0.50;0.005;1.13;2.22;1.38;-1.07
1595606148.822;48;1.06;-0.33;2.96;0.85;-0.35;-0.00;0.00;-0.50;363;1;1;2;0.09;-0.17;-0.06;0.00;0.00;0.00;0.00;-0.00;0.95;-0.35;0.00;0.00;-0.50;0.005;1.13;2.22;1.38;-1.07
1595606148.922;58;1.05;-0.33;2.83;0.85;-0.35;-0.00;0.00;-0.50;363;1;1;2;0.09;-0.20;-0.12;0.00;0.00;-0.00;0.02;-0.04;0.95;-0.35;0.00;0.00;-0.50;0.005;1.13;2.22;1.38;-1.07
1595606149.022;68;1.03;-0.33;2.64;0.85;-0.35;-0.00;0.00;-0.50;363;1;1;2;0.08;-0.22;-0.15;0.00;0.00;0.00;-0.00;-0.03;0.95;-0.35;0.00;0.00;-0.50;0.005;1.13;2.22;1.38;-1.07
1595606149.122;78;1.01;-0.33;2.43;0.76;-0.35;-0.00;0.00;-0.50;363;2;1;2;0.07;-0.24;-0.13;0.00;0.00;-0.00;0.01;-0.03;0.95;-0.35;0.00;0.00;-0.50;0.006;1.13;2.22;1.38;-1.07
1595606149.220;88;0.99;-0.33;2.15;0.76;-0.35;-0.00;0.00;-0.50;363;2;1;2;0.06;-0.26;-0.15;0.00;0.00;-0.01;0.02;-0.04;0.95;-0.35;0.00;0.00;-0.50;0.004;1.13;2.22;1.38;-1.07
1595606149.321;98;0.97;-0.33;1.95;0.76;-0.35;-0.00;0.00;-0.50;363;2;1;2;0.05;-0.27;-0.22;0.00;0.00;-0.00;0.02;-0.03;0.95;-0.35;0.00;0.00;-0.50;0.005;1.13;2.22;1.38;-1.07
1595606149.421;108;0.94;-0.33;1.84;0.76;-0.35;-0.00;0.00;-0.50;363;2;1;2;0.05;-0.28;-0.24;0.00;0.00;0.00;0.01;-0.02;0.94;-0.35;-0.00;0.00;-0.50;0.005;1.13;2.22;1.38;-1.07
1595606149.533;120;0.91;-0.33;1.70;0.65;-0.35;0.00;0.00;-0.50;205;0;1;2;0.04;-0.29;-0.25;0.00;0.00;0.00;-0.00;-0.03;0.92;-0.35;-0.00;0.00;-0.50;0.011;1.13;2.22;1.38;-1.07
1595606149.638;130;0.89;-0.33;1.57;0.35;-0.35;0.00;-0.00;0.37;909;0;1;7;0.05;-0.33;-0.27;0.00;0.00;-0.01;0.00;-0.04;0.65;-0.35;0.00;0.00;-0.50;0.014;1.13;2.22;1.38;-1.07
1595606149.726;139;0.86;-0.33;1.32;0.97;0.06;86.23;0.79;0.50;909;2;1;7;0.79;-0.32;-0.28;0.00;0.00;-0.00;-0.00;-0.05;0.80;-0.26;35.43;0.79;0.50;0.009;1.13;2.22;1.38;-1.07
1595606149.821;148;0.83;-0.34;0.77;0.97;0.06;86.23;0.79;0.50;909;2;1;7;0.79;-0.24;-0.29;0.00;0.00;0.01;-0.01;-0.25;0.78;-0.27;32.96;0.79;0.50;0.004;1.13;2.22;1.38;-1.07
1595606149.921;158;0.80;-0.34;-4.30;0.97;0.06;86.23;0.79;0.50;909;2;1;7;0.79;-0.16;-0.32;0.00;0.00;0.00;-0.03;-0.74;0.77;-0.28;30.48;0.79;0.50;0.004;1.13;2.22;1.38;-1.07
1595606150.021;168;0.78;-0.34;-8.28;0.97;0.06;86.23;0.79;0.50;909;2;1;7;0.79;-0.08;-0.25;0.00;0.00;-0.00;-0.02;-0.63;0.75;-0.29;28.00;0.79;0.50;0.004;1.13;2.22;1.38;-1.07
1595606150.121;178;0.77;-0.35;-10.49;0.97;0.06;86.23;0.79;0.50;909;2;1;7;0.79;-0.01;-0.21;0.00;0.00;-0.01;-0.02;-0.36;0.74;-0.29;25.52;0.79;0.50;0.004;1.13;2.22;1.38;-1.07
1595606150.221;188;0.76;-0.34;-11.04;0.97;0.06;86.23;0.79;0.50;909;2;1;7;0.79;0.06;-0.13;0.00;0.00;-0.00;0.00;-0.07;0.74;-0.29;25.52;0.79;0.50;0.004;1.13;2.22;1.38;-1.07
1595606150.320;198;0.76;-0.35;-10.97;0.97;0.06;86.23;0.79;0.50;909;2;1;7;0.79;0.12;-0.02;0.00;0.00;0.00;0.01;0.01;0.74;-0.29;25.52;0.79;0.50;0.004;1.13;2.22;1.38;-1.07
1595606150.421;208;0.77;-0.35;-9.67;0.97;0.06;86.23;0.79;0.50;909;2;1;7;0.79;0.18;0.01;0.00;0.00;0.00;-0.01;0.22;0.74;-0.29;25.52;0.79;0.50;0.004;1.13;2.22;1.38;-1.07
1595606150.521;218;0.78;-0.35;-7.27;0.97;0.06;86.23;0.79;0.50;909;2;1;7;0.79;0.24;0.07;0.00;0.00;-0.00;-0.01;0.42;0.75;-0.29;28.00;0.79;0.50;0.004;1.13;2.22;1.38;-1.07
1595606150.621;228;0.80;-0.35;-4.12;0.97;0.06;86.23;0.79;0.50;909;2;1;7;0.79;0.30;0.17;0.00;0.00;-0.00;-0.02;0.57;0.77;-0.28;30.48;0.79;0.50;0.004;1.13;2.22;1.38;-1.07
1595606150.721;238;0.82;-0.35;-0.08;0.97;0.06;86.23;0.79;0.50;909;2;1;7;0.79;0.35;0.20;0.00;0.00;-0.02;-0.00;0.73;0.77;-0.28;30.48;0.79;0.50;0.004;1.13;2.22;1.38;-1.07
1595606150.821;248;0.85;-0.34;5.24;0.97;0.06;86.23;0.79;0.50;909;2;1;7;0.79;0.40;0.29;0.00;0.00;-0.01;-0.01;0.89;0.80;-0.26;35.43;0.79;0.50;0.004;1.13;2.22;1.38;-1.07
1595606150.921;258;0.88;-0.34;11.49;0.97;0.06;86.23;0.79;0.50;909;2;1;7;0.79;0.44;0.34;0.00;0.00;-0.01;-0.02;1.08;0.81;-0.25;37.91;0.79;0.50;0.004;1.13;2.22;1.38;-1.07
1595606151.021;268;0.91;-0.32;18.66;0.97;0.06;86.23;0.79;0.50;909;2;1;7;0.79;0.47;0.36;0.00;0.00;-0.01;-0.02;1.22;0.83;-0.24;40.39;0.79;0.50;0.004;1.13;2.22;1.38;-1.07
1595606151.121;278;0.95;-0.31;26.50;0.97;0.06;86.23;0.79;0.50;909;2;1;7;0.79;0.50;0.43;0.00;0.00;-0.01;-0.05;1.35;0.85;-0.21;45.35;0.79;0.50;0.004;1.13;2.22;1.38;-1.07
1595606151.221;288;0.99;-0.29;35.12;0.97;0.06;86.23;0.79;0.50;909;2;1;7;0.79;0.50;0.45;0.00;0.00;0.03;-0.04;1.48;0.88;-0.18;50.30;0.79;0.50;0.004;1.13;2.22;1.38;-1.07
1595606151.321;298;1.02;-0.26;44.11;0.97;0.06;86.23;0.79;0.50;909;2;1;7;0.79;0.50;0.48;0.00;0.00;0.00;0.02;1.58;0.89;-0.17;52.78;0.79;0.50;0.004;1.13;2.22;1.38;-1.07
1595606151.421;308;1.05;-0.23;53.51;0.97;0.06;86.23;0.79;0.50;909;2;1;7;0.79;0.50;0.49;0.00;0.00;-0.01;0.02;1.62;0.91;-0.14;57.73;0.79;0.50;0.004;1.13;2.22;1.38;-1.07
1595606151.521;318;1.08;-0.19;62.90;0.97;0.06;86.23;0.79;0.50;909;2;1;7;0.79;0.50;0.49;0.00;0.00;-0.01;0.02;1.65;0.93;-0.11;62.69;0.79;0.50;0.004;1.13;2.22;1.38;-1.07
1595606151.621;328;1.10;-0.15;72.40;0.97;0.06;86.23;0.79;0.50;909;2;1;7;0.70;0.50;0.37;0.00;0.00;-0.01;-0.00;1.62;0.94;-0.07;67.64;0.79;0.50;0.004;1.13;2.22;1.38;-1.07
1595606151.721;338;1.11;-0.11;81.55;0.97;0.06;86.23;0.79;0.50;909;2;1;7;0.50;0.49;0.49;0.00;0.00;0.00;0.00;1.55;0.95;-0.06;70.12;0.79;0.50;0.004;1.13;2.22;1.38;-1.07
1595606151.821;348;1.11;-0.06;89.03;0.97;0.06;86.23;0.79;0.50;909;2;1;7;0.42;0.47;0.50;0.00;0.00;-0.01;0.01;1.34;0.96;-0.02;75.08;0.79;0.50;0.004;1.13;2.22;1.38;-1.07
1595606151.921;358;1.12;-0.02;93.42;0.97;0.06;86.23;0.79;0.50;909;2;1;7;0.45;0.46;0.49;0.00;0.00;0.02;0.01;0.85;0.97;0.01;80.03;0.79;0.50;0.004;1.13;2.22;1.38;-1.07
1595606152.021;368;1.11;0.03;97.23;0.79;0.44;144.20;0.73;0.50;909;3;1;7;0.50;0.45;0.48;0.00;0.00;-0.01;0.04;0.71;0.97;0.05;84.99;0.79;0.50;0.004;1.13;2.22;1.38;-1.07
1595606152.119;378;1.11;0.07;101.36;0.79;0.44;144.20;0.73;0.50;909;3;1;7;0.13;0.44;0.46;0.00;0.00;-0.00;0.01;0.73;0.97;0.07;87.47;0.78;0.50;0.003;1.13;2.22;1.38;-1.07
1595606152.219;388;1.10;0.11;104.82;0.79;0.44;144.20;0.73;0.50;909;3;1;7;0.20;0.44;0.45;0.00;0.00;-0.01;0.02;0.55;0.97;0.10;92.39;0.78;0.50;0.003;1.13;2.22;1.38;-1.07
1595606152.319;398;1.09;0.15;105.75;0.79;0.44;144.20;0.73;0.50;909;3;1;7;0.38;0.44;0.44;0.00;0.00;-0.02;0.01;0.34;0.97;0.14;97.26;0.78;0.50;0.003;1.13;2.22;1.38;-1.07
1595606152.419;408;1.08;0.19;108.20;0.79;0.44;144.20;0.73;0.50;909;3;1;7;0.45;0.44;0.44;0.00;0.00;-0.01;0.01;0.47;0.97;0.16;99.69;0.77;0.50;0.003;1.13;2.22;1.38;-1.07
1595606152.519;418;1.06;0.22;111.47;0.79;0.44;144.20;0.73;0.50;909;3;1;7;0.52;0.44;0.43;0.00;0.00;-0.01;-0.00;0.60;0.96;0.19;104.50;0.77;0.50;0.003;1.13;2.22;1.38;-1.07
1595606152.619;428;1.04;0.26;115.63;0.79;0.44;144.20;0.73;0.50;909;3;1;7;0.55;0.44;0.44;0.00;0.00;-0.02;0.02;0.71;0.95;0.23;109.26;0.76;0.50;0.003;1.13;2.22;1.38;-1.07
1595606152.719;438;1.02;0.29;120.15;0.79;0.44;144.20;0.73;0.50;909;3;1;7;0.56;0.44;0.43;0.00;0.00;-0.01;-0.02;0.80;0.94;0.26;113.98;0.76;0.50;0.003;1.13;2.22;1.38;-1.07
1595606152.819;448;1.00;0.33;125.27;0.79;0.44;144.20;0.73;0.50;909;3;1;7;0.55;0.44;0.43;0.00;0.00;-0.00;0.01;0.85;0.92;0.29;118.66;0.75;0.50;0.003;1.13;2.22;1.38;-1.07
1595606152.919;458;0.98;0.36;130.16;0.79;0.44;144.20;0.73;0.50;909;3;1;7;0.54;0.43;0.43;0.00;0.00;0.01;0.02;0.85;0.90;0.32;123.30;0.75;0.50;0.003;1.13;2.22;1.38;-1.07
1595606153.019;468;0.95;0.39;134.99;0.79;0.44;144.20;0.73;0.50;909;3;1;7;0.48;0.43;0.43;0.00;0.00;-0.00;0.02;0.82;0.89;0.34;125.60;0.75;0.50;0.002;1.13;2.22;1.38;-1.07
1595606153.119;478;0.92;0.42;139.35;0.79;0.44;144.20;0.73;0.50;909;3;1;7;0.48;0.42;0.43;0.00;0.00;-0.00;0.01;0.74;0.87;0.37;130.18;0.74;0.50;0.002;1.13;2.22;1.38;-1.07
1595606153.219;488;0.89;0.44;143.34;0.79;0.44;144.20;0.73;0.50;909;3;1;7;0.49;0.41;0.42;0.00;0.00;-0.02;0.00;0.70;0.85;0.39;134.71;0.74;0.50;0.003;1.13;2.22;1.38;-1.07
1595606153.319;498;0.86;0.46;147.47;0.79;0.44;144.20;0.73;0.50;909;3;1;7;0.50;0.41;0.41;0.00;0.00;-0.00;0.00;0.70;0.82;0.42;139.20;0.73;0.50;0.003;1.13;2.22;1.38;-1.07
1595606153.419;508;0.82;0.48;151.40;0.79;0.44;144.20;0.73;0.50;909;3;1;7;0.50;0.40;0.51;0.00;0.00;-0.01;-0.00;0.69;0.79;0.44;143.65;0.73;0.50;0.003;1.13;2.22;1.38;-1.07
1595606153.519;518;0.79;0.49;155.19;0.79;0.44;144.20;0.73;0.50;909;3;1;7;0.48;0.40;0.40;0.00;0.00;-0.00;-0.01;0.67;0.76;0.46;147.96;0.70;0.50;0.003;1.13;2.22;1.38;-1.07
1595606153.619;528;0.75;0.51;158.95;0.79;0.44;144.20;0.73;0.50;909;3;1;7;0.44;0.39;0.40;0.00;0.00;0.01;-0.00;0.65;0.73;0.48;151.99;0.66;0.50;0.003;1.13;2.22;1.38;-1.07
1595606153.719;538;0.72;0.52;162.47;0.79;0.44;144.20;0.73;0.50;909;3;1;7;0.37;0.39;0.49;0.00;0.00;0.00;-0.01;0.58;0.71;0.49;153.90;0.65;0.50;0.003;1.13;2.22;1.38;-1.07
1595606153.819;548;0.68;0.53;165.30;0.79;0.44;144.20;0.73;0.50;909;3;1;7;0.36;0.38;0.39;0.00;0.00;0.00;0.00;0.50;0.68;0.50;157.52;0.61;0.50;0.003;1.13;2.22;1.38;-1.07
1595606153.934;560;0.64;0.54;168.21;0.24;0.55;174.96;-0.49;0.50;456;1;1;6;0.34;0.38;0.39;0.00;0.00;-0.00;0.01;0.43;0.65;0.52;160.88;0.58;0.50;0.015;1.13;2.22;1.38;-1.07
1595606154.025;569;0.61;0.54;170.27;0.24;0.55;174.96;-0.49;0.50;456;1;1;6;0.79;0.39;0.38;0.00;0.00;-0.02;0.03;0.41;0.35;0.55;180.00;-0.05;0.05;0.009;1.13;2.22;1.38;-1.07
1595606154.125;579;0.58;0.55;173.28;0.24;0.55;174.96;-0.49;0.50;456;1;1;6;0.62;0.40;0.38;0.00;0.00;-0.01;0.01;0.58;0.35;0.55;180.00;-0.05;0.05;0.009;1.13;2.22;1.38;-1.07
1595606154.225;589;0.54;0.55;179.62;0.24;0.55;174.96;-0.49;0.50;456;1;1;6;0.31;0.41;0.38;0.00;0.00;-0.01;0.01;0.97;0.35;0.55;180.00;-0.05;0.05;0.008;1.13;2.22;1.38;-1.07
1595606154.325;599;0.50;0.55;184.19;0.03;0.61;153.79;-0.75;0.50;456;2;1;6;0.06;0.42;0.39;0.00;0.00;-0.01;0.00;0.75;0.35;0.55;180.00;-0.05;0.05;0.008;1.13;2.22;1.38;-1.07
1595606154.422;608;0.47;0.54;185.62;0.03;0.61;153.79;-0.75;0.50;456;2;1;6;0.07;0.42;0.40;0.00;0.00;-0.01;0.01;0.33;0.35;0.55;180.00;-0.05;0.05;0.005;1.13;2.22;1.38;-1.07
1595606154.522;618;0.43;0.54;185.68;0.03;0.61;153.79;-0.75;0.50;456;2;1;6;-0.05;0.42;0.41;0.00;0.00;-0.01;0.02;0.11;0.35;0.55;180.00;-0.05;0.05;0.005;1.13;2.22;1.38;-1.07
1595606154.622;628;0.39;0.54;186.09;0.03;0.61;153.79;-0.75;0.50;456;2;1;6;-0.18;0.41;0.41;0.00;0.00;0.01;0.01;0.03;0.35;0.55;180.00;-0.05;0.05;0.005;1.13;2.22;1.38;-1.07
1595606154.722;638;0.35;0.54;185.64;0.03;0.61;153.79;-0.75;0.50;456;2;1;6;-0.28;0.40;0.41;0.00;0.00;0.00;0.02;-0.02;0.35;0.55;180.00;-0.05;0.05;0.005;1.13;2.22;1.38;-1.07
1595606154.822;648;0.31;0.54;184.63;-0.13;0.74;127.77;-0.70;0.50;456;3;1;6;-0.53;0.40;0.41;0.00;0.00;0.01;0.02;-0.17;0.31;0.55;178.95;-0.29;0.30;0.005;1.13;2.22;1.38;-1.07
1595606154.919;658;0.28;0.54;182.36;-0.13;0.74;127.77;-0.70;0.50;456;3;1;6;-0.61;0.41;0.40;0.00;0.00;-0.00;-0.01;-0.41;0.28;0.55;177.40;-0.39;0.40;0.003;1.13;2.22;1.38;-1.07
1595606155.019;668;0.24;0.54;178.04;-0.13;0.74;127.77;-0.70;0.50;456;3;1;6;-0.63;0.42;0.40;0.00;0.00;-0.00;0.01;-0.76;0.24;0.55;174.80;-0.49;0.50;0.003;1.13;2.22;1.38;-1.07
1595606155.119;678;0.20;0.55;173.04;-0.13;0.74;127.77;-0.70;0.50;456;3;1;6;-0.57;0.42;0.40;0.00;0.00;0.01;-0.01;-0.84;0.21;0.56;172.31;-0.53;0.50;0.003;1.13;2.22;1.38;-1.07
1595606155.219;688;0.17;0.56;168.13;-0.23;0.94;106.78;-0.54;0.50;456;4;1;6;-0.56;0.43;0.41;0.00;0.00;0.01;-0.00;-0.82;0.16;0.56;168.61;-0.58;0.50;0.003;1.13;2.22;1.38;-1.07
1595606155.317;698;0.13;0.57;163.73;-0.23;0.94;106.78;-0.54;0.50;456;4;1;6;-0.56;0.43;0.42;0.00;0.00;0.02;0.00;-0.79;0.13;0.57;165.54;-0.62;0.50;0.001;1.13;2.22;1.38;-1.07
1595606155.417;708;0.09;0.59;159.07;-0.23;0.94;106.78;-0.54;0.50;456;4;1;6;-0.60;0.43;0.42;0.00;0.00;0.00;-0.02;-0.80;0.09;0.58;161.02;-0.68;0.50;0.001;1.13;2.22;1.38;-1.07
1595606155.517;718;0.05;0.61;154.17;-0.23;0.94;106.78;-0.54;0.50;456;4;1;6;-0.65;0.43;0.42;0.00;0.00;0.00;-0.00;-0.84;0.05;0.60;155.97;-0.73;0.50;0.001;1.13;2.22;1.38;-1.07
1595606155.617;728;0.02;0.63;148.98;-0.23;0.94;106.78;-0.54;0.50;456;4;1;6;-0.66;0.43;0.43;0.00;0.00;0.01;0.01;-0.94;0.01;0.62;150.49;-0.74;0.50;0.001;1.13;2.22;1.38;-1.07
1595606155.717;738;-0.01;0.65;142.91;-0.23;0.94;106.78;-0.54;0.50;456;4;1;6;-0.61;0.43;0.43;0.00;0.00;0.01;0.00;-1.01;-0.03;0.64;145.07;-0.73;0.50;0.001;1.13;2.22;1.38;-1.07
1595606155.817;748;-0.05;0.68;137.08;-0.23;0.94;106.78;-0.54;0.50;456;4;1;6;-0.57;0.43;0.43;0.00;0.00;0.01;-0.01;-0.98;-0.06;0.67;139.77;-0.72;0.50;0.001;1.13;2.22;1.38;-1.07
1595606155.917;758;-0.07;0.71;131.82;-0.23;0.94;106.78;-0.54;0.50;456;4;1;6;-0.52;0.43;0.43;0.00;0.00;0.01;0.00;-0.90;-0.09;0.69;135.87;-0.71;0.50;0.001;1.13;2.22;1.38;-1.07
1595606156.017;768;-0.10;0.74;127.22;-0.26;1.15;90.57;-0.47;0.50;456;5;1;6;-0.52;0.43;0.43;0.00;0.00;-0.00;0.01;-0.81;-0.12;0.72;130.77;-0.70;0.50;0.001;1.13;2.22;1.38;-1.07
1595606156.117;778;-0.12;0.78;122.87;-0.26;1.15;90.57;-0.47;0.50;456;5;1;6;-0.53;0.43;0.43;0.00;0.00;0.00;0.01;-0.77;-0.14;0.76;125.80;-0.68;0.50;0.001;1.13;2.22;1.38;-1.07
1595606156.217;788;-0.14;0.81;118.43;-0.26;1.15;90.57;-0.47;0.50;456;5;1;6;-0.50;0.42;0.43;0.00;0.00;0.01;0.00;-0.77;-0.17;0.79;121.11;-0.65;0.50;0.001;1.13;2.22;1.38;-1.07
1595606156.317;798;-0.16;0.85;114.17;-0.26;1.15;90.57;-0.47;0.50;456;5;1;6;-0.46;0.42;0.32;0.00;0.00;0.01;-0.03;-0.75;-0.19;0.83;116.71;-0.62;0.50;0.001;1.13;2.22;1.38;-1.07
1595606156.417;808;-0.17;0.89;110.29;-0.26;1.15;90.57;-0.47;0.50;456;5;1;6;-0.43;0.42;0.32;0.00;0.00;0.00;-0.00;-0.66;-0.21;0.87;112.61;-0.59;0.50;0.001;1.13;2.22;1.38;-1.07
1595606156.531;819;-0.18;0.93;106.47;-0.25;1.15;90.00;-0.00;0.50;327;0;1;0;-0.40;0.42;0.42;0.00;0.00;-0.00;0.01;-0.59;-0.22;0.91;108.77;-0.56;0.50;0.014;1.13;2.22;1.38;-1.07
1595606156.628;829;-0.19;0.97;103.26;-0.25;1.15;90.00;-0.00;0.50;327;0;1;0;-0.50;0.44;0.42;0.00;0.00;0.00;0.00;-0.55;-0.25;1.15;90.00;-0.00;0.50;0.011;1.13;2.22;1.38;-1.07
1595606156.727;839;-0.19;1.01;99.67;-0.25;1.15;90.00;-0.00;0.50;327;0;1;0;-0.34;0.46;0.42;0.00;0.00;-0.00;0.01;-0.65;-0.25;1.15;90.00;-0.00;0.50;0.011;1.13;2.22;1.38;-1.07
1595606156.827;849;-0.20;1.05;95.81;-0.25;1.15;90.00;-0.00;0.50;327;0;1;0;-0.15;0.48;0.44;0.00;0.00;-0.01;0.00;-0.59;-0.25;1.15;90.00;-0.00;0.50;0.011;1.13;2.22;1.38;-1.07
1595606156.927;859;-0.20;1.09;93.54;-0.25;1.15;90.00;-0.00;0.50;327;0;1;0;-0.04;0.48;0.47;0.00;0.00;-0.00;0.02;-0.32;-0.25;1.15;90.00;-0.00;0.50;0.011;1.13;2.22;1.38;-1.07
1595606157.027;869;-0.20;1.14;92.79;-0.25;1.39;90.00;-0.00;0.50;327;1;1;0;-0.01;0.49;0.47;0.00;0.00;0.01;0.02;-0.11;-0.25;1.15;90.00;-0.00;0.50;0.011;1.13;2.22;1.38;-1.07
1595606157.125;879;-0.20;1.18;92.78;-0.25;1.39;90.00;-0.00;0.50;327;1;1;0;-0.01;0.49;0.47;0.00;0.00;0.00;0.01;-0.05;-0.25;1.17;90.00;-0.00;0.50;0.008;1.13;2.22;1.38;-1.07
1595606157.225;889;-0.20;1.23;92.56;-0.25;1.39;90.00;-0.00;0.50;327;1;1;0;0.00;0.49;0.49;0.00;0.00;0.00;0.02;-0.03;-0.25;1.22;90.00;-0.00;0.50;0.008;1.13;2.22;1.38;-1.07
1595606157.325;899;-0.20;1.27;92.42;-0.25;1.39;90.00;-0.00;0.50;327;1;1;0;0.01;0.49;0.49;0.00;0.00;0.01;0.03;-0.03;-0.25;1.27;90.00;-0.00;0.50;0.008;1.13;2.22;1.38;-1.07
1595606157.425;909;-0.20;1.32;92.29;-0.25;1.39;90.00;-0.00;0.50;327;1;1;0;0.01;0.49;0.48;0.00;0.00;-0.01;-0.00;-0.01;-0.25;1.32;90.00;-0.00;0.50;0.008;1.13;2.22;1.38;-1.07
1595606157.525;919;-0.20;1.36;92.24;-0.25;1.39;90.00;-0.00;0.50;327;1;1;0;0.01;0.49;0.48;0.00;0.00;-0.00;-0.01;-0.01;-0.25;1.35;90.00;-0.00;0.50;0.008;1.13;2.22;1.38;-1.07
1595606157.625;929;-0.20;1.41;92.28;-0.25;1.63;90.00;-0.00;0.50;327;2;1;0;0.01;0.49;0.48;0.00;0.00;-0.00;-0.00;0.01;-0.25;1.40;90.00;-0.00;0.50;0.008;1.13;2.22;1.38;-1.07
1595606157.721;938;-0.20;1.45;92.37;-0.25;1.63;90.00;-0.00;0.50;327;2;1;0;0.00;0.49;0.49;0.00;0.00;0.00;0.01;0.00;-0.25;1.45;90.00;-0.00;0.50;0.005;1.13;2.22;1.38;-1.07
1595606157.821;948;-0.20;1.49;92.31;-0.25;1.63;90.00;-0.00;0.50;327;2;1;0;0.01;0.49;0.48;0.00;0.00;-0.00;0.01;-0.01;-0.25;1.49;90.00;-0.00;0.50;0.005;1.13;2.22;1.38;-1.07
1595606157.921;958;-0.20;1.54;92.22;-0.25;1.63;90.00;-0.00;0.50;327;2;1;0;0.01;0.49;0.48;0.00;0.00;0.00;0.01;-0.01;-0.25;1.53;90.00;-0.00;0.50;0.005;1.13;2.22;1.38;-1.07
1595606158.022;968;-0.20;1.58;92.18;-0.25;1.63;90.00;-0.00;0.50;327;2;1;0;0.01;0.49;0.37;0.00;0.00;0.00;-0.01;0.01;-0.25;1.58;90.00;-0.00;0.50;0.005;1.13;2.22;1.38;-1.07
1595606158.122;978;-0.20;1.63;92.29;-0.25;1.86;90.00;-0.00;0.50;327;3;1;0;0.00;0.49;0.49;0.00;0.00;-0.01;-0.01;0.01;-0.25;1.63;90.00;-0.00;0.50;0.005;1.13;2.22;1.38;-1.07
1595606158.222;988;-0.20;1.67;92.31;-0.25;1.86;90.00;-0.00;0.50;327;3;1;0;0.00;0.49;0.48;0.00;0.00;-0.01;0.02;0.00;-0.25;1.68;90.00;-0.00;0.50;0.005;1.13;2.22;1.38;-1.07
1595606158.322;998;-0.20;1.72;92.31;-0.25;1.86;90.00;-0.00;0.50;327;3;1;0;0.00;0.49;0.48;0.00;0.00;-0.01;0.01;0.00;-0.25;1.71;90.00;-0.00;0.50;0.005;1.13;2.22;1.38;-1.07
1595606158.422;1008;-0.20;1.76;92.29;-0.25;1.86;90.00;-0.00;0.50;327;3;1;0;-0.00;0.49;0.48;0.00;0.00;-0.00;0.00;0.00;-0.25;1.76;90.00;-0.00;0.50;0.005;1.13;2.22;1.38;-1.07
1595606158.522;1018;-0.20;1.81;92.31;-0.25;1.86;90.00;-0.00;0.50;327;3;1;0;-0.00;0.49;0.48;0.00;0.00;0.01;0.00;-0.00;-0.25;1.81;90.00;-0.00;0.50;0.005;1.13;2.22;1.38;-1.07
1595606158.622;1028;-0.20;1.86;92.26;-0.25;1.86;90.00;-0.00;0.50;327;3;1;0;0.00;0.49;0.48;0.00;0.00;0.01;0.02;0.00;-0.25;1.86;90.00;-0.00;0.50;0.005;1.13;2.22;1.38;-1.07
1595606158.722;1038;-0.20;1.90;92.32;-0.25;2.10;90.00;0.00;0.50;327;4;1;0;-0.00;0.49;0.49;0.00;0.00;-0.00;-0.01;-0.00;-0.25;1.91;90.00;-0.00;0.50;0.005;1.13;2.22;1.38;-1.07
1595606158.818;1048;-0.21;1.95;92.24;-0.25;2.10;90.00;0.00;0.50;327;4;1;0;-0.00;0.49;0.49;0.00;0.00;-0.00;-0.01;0.00;-0.25;1.94;90.00;-0.00;0.50;0.001;1.13;2.22;1.38;-1.07
1595606158.918;1058;-0.21;1.99;92.21;-0.25;2.10;90.00;0.00;0.50;327;4;1;0;-0.00;0.49;0.49;0.00;0.00;-0.00;0.01;-0.00;-0.25;1.99;90.00;-0.00;0.50;0.001;1.13;2.22;1.38;-1.07
1595606159.018;1068;-0.21;2.04;92.02;-0.25;2.10;90.00;0.00;0.50;327;4;1;0;0.01;0.49;0.49;0.00;0.00;0.00;0.00;-0.01;-0.25;2.04;90.00;0.00;0.50;0.001;1.13;2.22;1.38;-1.07
1595606159.145;1081;-0.21;2.10;92.17;-0.25;2.35;90.00;0.00;-0.50;331;0;1;2;0.00;0.49;0.49;0.00;0.00;0.00;0.00;0.00;-0.25;2.09;90.00;0.00;0.50;0.027;1.13;2.22;1.38;-1.07
1595606159.242;1090;-0.21;2.14;92.09;-0.25;2.05;90.00;0.11;0.00;330;1;1;5;0.21;0.45;0.49;0.00;0.00;-0.00;-0.00;-0.01;-0.25;2.13;90.00;0.00;-0.50;0.015;1.13;2.22;1.38;-1.07
1595606159.325;1099;-0.21;2.18;92.23;-0.48;2.55;144.67;0.68;0.50;330;3;1;5;0.53;0.44;0.49;0.00;0.00;-0.00;0.02;0.09;-0.25;2.17;96.50;0.53;0.39;0.008;1.13;2.22;1.38;-1.07
1595606159.419;1108;-0.21;2.22;94.13;-0.48;2.55;144.67;0.68;0.50;330;3;1;5;0.79;0.45;0.47;0.00;0.00;-0.02;0.00;0.38;-0.26;2.20;99.93;0.60;0.45;0.003;1.13;2.22;1.38;-1.07
1595606159.519;1118;-0.22;2.26;99.70;-0.48;2.55;144.67;0.68;0.50;330;3;1;5;0.79;0.46;0.45;0.00;0.00;-0.02;0.01;0.99;-0.27;2.25;104.37;0.65;0.50;0.003;1.13;2.22;1.38;-1.07
1595606159.619;1128;-0.23;2.30;107.89;-0.48;2.55;144.67;0.68;0.50;330;3;1;5;0.69;0.46;0.34;0.00;0.00;-0.01;-0.01;1.32;-0.28;2.28;107.60;0.65;0.50;0.003;1.13;2.22;1.38;-1.07
1595606159.719;1138;-0.25;2.34;115.58;-0.48;2.55;144.67;0.68;0.50;330;3;1;5;0.56;0.46;0.46;0.00;0.00;0.00;-0.01;1.28;-0.30;2.32;112.48;0.66;0.50;0.003;1.13;2.22;1.38;-1.07
1595606159.819;1148;-0.27;2.38;121.91;-0.48;2.55;144.67;0.68;0.50;330;3;1;5;0.50;0.46;0.46;0.00;0.00;-0.01;0.02;1.08;-0.32;2.36;117.39;0.66;0.50;0.003;1.13;2.22;1.38;-1.07
1595606159.919;1158;-0.29;2.42;126.76;-0.48;2.55;144.67;0.68;0.50;330;3;1;5;0.48;0.46;0.46;0.00;0.00;0.01;0.02;0.87;-0.33;2.39;120.69;0.66;0.50;0.003;1.13;2.22;1.38;-1.07
1595606160.019;1168;-0.32;2.45;131.28;-0.48;2.55;144.67;0.68;0.50;330;3;1;5;0.49;0.45;0.46;0.00;0.00;0.00;0.02;0.77;-0.36;2.43;125.67;0.67;0.50;0.003;1.13;2.22;1.38;-1.07
1595606160.134;1180;-0.35;2.49;136.34;-0.85;2.65;180.00;0.11;0.00;452;1;1;5;0.48;0.45;0.46;0.00;0.00;-0.00;0.00;0.74;-0.37;2.45;129.00;0.67;0.50;0.015;1.13;2.22;1.38;-1.07
1595606160.225;1189;-0.38;2.52;140.01;-0.85;2.65;180.00;0.11;0.00;452;1;1;5;0.18;0.49;0.34;0.00;0.00;-0.02;0.01;0.73;-0.85;2.65;180.04;0.18;0.07;0.009;1.13;2.22;1.38;-1.07
1595606160.325;1199;-0.41;2.54;143.64;-0.85;2.65;180.00;0.11;0.00;452;1;1;5;0.18;0.50;0.45;0.00;0.00;0.01;-0.03;0.52;-0.85;2.65;180.04;0.18;0.07;0.008;1.13;2.22;1.38;-1.07
1595606160.425;1209;-0.45;2.57;144.81;-0.85;2.65;180.00;0.11;0.00;452;1;1;5;0.18;0.50;0.47;0.00;0.00;-0.01;0.01;0.31;-0.85;2.65;180.04;0.18;0.07;0.009;1.13;2.22;1.38;-1.07
1595606160.525;1219;-0.49;2.60;146.26;-1.04;2.63;193.57;0.65;0.50;452;2;1;5;0.18;0.50;0.50;0.00;0.00;0.01;-0.01;0.26;-0.85;2.65;180.04;0.18;0.07;0.009;1.13;2.22;1.38;-1.07
1595606160.622;1228;-0.52;2.62;147.51;-1.04;2.63;193.57;0.65;0.50;452;2;1;5;0.67;0.50;0.50;0.00;0.00;-0.01;-0.00;0.25;-0.85;2.65;180.04;0.18;0.07;0.005;1.13;2.22;1.38;-1.07
1595606160.722;1238;-0.56;2.64;149.30;-1.04;2.63;193.57;0.65;0.50;452;2;1;5;0.72;0.50;0.50;0.00;0.00;-0.00;-0.01;0.49;-0.85;2.65;180.04;0.18;0.07;0.005;1.13;2.22;1.38;-1.07
1595606160.823;1248;-0.61;2.66;156.18;-1.04;2.63;193.57;0.65;0.50;452;2;1;5;0.57;0.50;0.50;0.00;0.00;0.02;0.00;1.10;-0.85;2.65;180.04;0.18;0.07;0.006;1.13;2.22;1.38;-1.07
1595606160.922;1258;-0.65;2.68;163.89;-1.04;2.63;193.57;0.65;0.50;452;2;1;5;0.39;0.50;0.50;0.00;0.00;-0.02;0.04;1.23;-0.85;2.65;180.04;0.18;0.07;0.006;1.13;2.22;1.38;-1.07
1595606161.022;1268;-0.70;2.69;169.60;-1.04;2.63;193.57;0.65;0.50;452;2;1;5;0.28;0.50;0.50;0.00;0.00;-0.01;0.03;0.92;-0.85;2.65;180.04;0.18;0.07;0.005;1.13;2.22;1.38;-1.07
1595606161.122;1278;-0.74;2.70;172.96;-1.04;2.63;193.57;0.65;0.50;452;2;1;5;0.26;0.50;0.50;0.00;0.00;-0.02;0.03;0.62;-0.85;2.65;180.04;0.18;0.07;0.006;1.13;2.22;1.38;-1.07
1595606161.222;1288;-0.79;2.71;175.31;-1.04;2.63;193.57;0.65;0.50;452;2;1;5;0.29;0.49;0.50;0.00;0.00;0.00;0.02;0.45;-0.85;2.65;180.04;0.18;0.07;0.006;1.13;2.22;1.38;-1.07
1595606161.322;1298;-0.84;2.71;177.66;-1.04;2.63;193.57;0.65;0.50;452;2;1;5;0.31;0.47;0.50;0.00;0.00;-0.00;0.01;0.43;-0.85;2.65;180.04;0.18;0.07;0.006;1.13;2.22;1.38;-1.07
1595606161.422;1308;-0.88;2.71;180.11;-1.04;2.63;193.57;0.65;0.50;452;2;1;5;0.44;0.46;0.50;0.00;0.00;-0.00;0.00;0.43;-0.88;2.65;181.05;0.33;0.21;0.006;1.13;2.22;1.38;-1.07
1595606161.522;1318;-0.93;2.71;182.89;-1.35;2.42;234.67;0.68;0.50;452;3;1;5;0.54;0.46;0.49;0.00;0.00;-0.00;0.00;0.55;-0.92;2.65;183.30;0.44;0.31;0.006;1.13;2.22;1.38;-1.07
1595606161.619;1328;-0.97;2.70;186.95;-1.35;2.42;234.67;0.68;0.50;452;3;1;5;0.51;0.46;0.47;0.00;0.00;-0.01;-0.00;0.71;-0.97;2.65;186.50;0.53;0.39;0.003;1.13;2.22;1.38;-1.07
1595606161.719;1338;-1.01;2.69;191.77;-1.35;2.42;234.67;0.68;0.50;452;3;1;5;0.53;0.46;0.46;0.00;0.00;0.01;-0.01;0.80;-1.00;2.64;189.93;0.60;0.45;0.003;1.13;2.22;1.38;-1.07
1595606161.819;1348;-1.06;2.68;196.21;-1.35;2.42;234.67;0.68;0.50;452;3;1;5;0.58;0.46;0.46;0.00;0.00;-0.02;0.02;0.80;-1.05;2.63;194.37;0.65;0.50;0.003;1.13;2.22;1.38;-1.07
1595606161.920;1358;-1.10;2.67;201.17;-1.35;2.42;234.67;0.68;0.50;452;3;1;5;0.54;0.46;0.46;0.00;0.00;-0.01;-0.01;0.88;-1.08;2.62;197.60;0.65;0.50;0.003;1.13;2.22;1.38;-1.07
1595606162.019;1368;-1.13;2.65;206.17;-1.35;2.42;234.67;0.68;0.50;452;3;1;5;0.52;0.46;0.35;0.00;0.00;-0.03;0.01;0.87;-1.12;2.60;202.48;0.66;0.50;0.003;1.13;2.22;1.38;-1.07
1595606162.119;1378;-1.17;2.63;211.24;-1.35;2.42;234.67;0.68;0.50;452;3;1;5;0.48;0.46;0.46;0.00;0.00;-0.00;0.01;0.86;-1.15;2.59;205.75;0.66;0.50;0.003;1.13;2.22;1.38;-1.07
1595606162.219;1388;-1.21;2.60;215.67;-1.35;2.42;234.67;0.68;0.50;452;3;1;5;0.50;0.45;0.46;0.00;0.00;-0.01;-0.00;0.78;-1.19;2.57;210.69;0.66;0.50;0.003;1.13;2.22;1.38;-1.07
1595606162.319;1398;-1.24;2.57;220.12;-1.35;2.42;234.67;0.68;0.50;452;3;1;5;0.51;0.45;0.35;0.00;0.00;-0.01;0.01;0.77;-1.23;2.54;215.67;0.67;0.50;0.003;1.13;2.22;1.38;-1.07
1595606162.419;1408;-1.27;2.54;224.69;-1.35;2.42;234.67;0.68;0.50;452;3;1;5;0.48;0.45;0.46;0.00;0.00;-0.01;-0.02;0.79;-1.25;2.53;219.00;0.67;0.50;0.003;1.13;2.22;1.38;-1.07
1595606162.519;1418;-1.30;2.51;229.13;-1.35;2.42;234.67;0.68;0.50;452;3;1;5;0.49;0.45;0.45;0.00;0.00;-0.01;-0.01;0.76;-1.29;2.49;224.05;0.67;0.50;0.003;1.13;2.22;1.38;-1.07
1595606162.619;1428;-1.33;2.48;233.39;-1.35;2.42;234.67;0.68;0.50;452;3;1;5;0.48;0.44;0.45;0.00;0.00;-0.01;-0.00;0.76;-1.31;2.47;227.43;0.68;0.50;0.003;1.13;2.22;1.38;-1.07
1595606162.719;1438;-1.35;2.44;237.80;-1.35;2.42;234.67;0.68;0.50;452;3;1;5;0.49;0.44;0.45;0.00;0.00;-0.01;0.02;0.75;-1.34;2.44;232.53;0.68;0.50;0.003;1.13;2.22;1.38;-1.07
1595606162.819;1448;-1.37;2.41;242.09;-1.35;2.42;234.67;0.68;0.50;452;3;1;5;0.49;0.44;0.44;0.00;0.00;-0.00;0.00;0.75;-1.37;2.40;237.63;0.67;0.50;0.003;1.13;2.22;1.38;-1.07
1595606162.919;1458;-1.39;2.37;246.46;-1.46;2.06;269.43;0.49;0.50;452;4;1;5;0.44;0.43;0.44;0.00;0.00;-0.03;0.02;0.76;-1.38;2.37;240.91;0.65;0.50;0.003;1.13;2.22;1.38;-1.07
1595606163.019;1468;-1.40;2.33;250.55;-1.46;2.06;269.43;0.49;0.50;452;4;1;5;0.42;0.43;0.44;0.00;0.00;-0.01;0.02;0.73;-1.40;2.33;245.63;0.63;0.50;0.003;1.13;2.22;1.38;-1.07
1595606163.134;1480;-1.42;2.28;254.90;-1.45;2.05;-90.00;-0.00;0.50;448;0;1;0;0.42;0.43;0.44;0.00;0.00;-0.02;0.00;0.63;-1.42;2.29;250.13;0.60;0.50;0.015;1.13;2.22;1.38;-1.07
1595606163.228;1489;-1.42;2.25;258.19;-1.45;2.05;-90.00;-0.00;0.50;448;0;1;0;0.52;0.46;0.43;0.00;0.00;-0.01;-0.02;0.61;-1.45;2.05;-90.00;-0.00;0.50;0.011;1.13;2.22;1.38;-1.07
1595606163.328;1499;-1.43;2.21;261.94;-1.45;2.05;-90.00;-0.00;0.50;448;0;1;0;0.35;0.48;0.43;0.00;0.00;-0.00;-0.02;0.71;-1.45;2.05;-90.00;-0.00;0.50;0.011;1.13;2.22;1.38;-1.07
1595606163.428;1509;-1.43;2.16;266.27;-1.45;2.05;-90.00;-0.00;0.50;448;0;1;0;0.14;0.49;0.45;0.00;0.00;-0.00;-0.03;0.66;-1.45;2.05;-90.00;-0.00;0.50;0.011;1.13;2.22;1.38;-1.07
1595606163.528;1519;-1.44;2.12;268.80;-1.45;2.05;-90.00;-0.00;0.50;448;0;1;0;0.02;0.50;0.46;0.00;0.00;0.01;-0.03;0.38;-1.45;2.05;-90.00;-0.00;0.50;0.012;1.13;2.22;1.38;-1.07
1595606163.628;1529;-1.44;2.07;269.65;-1.45;1.81;-90.00;-0.00;0.50;448;1;1;0;-0.01;0.50;0.48;0.00;0.00;-0.00;-0.00;0.13;-1.45;2.05;-90.00;-0.00;0.50;0.011;1.13;2.22;1.38;-1.07
1595606163.726;1539;-1.44;2.02;269.80;-1.45;1.81;-90.00;-0.00;0.50;448;1;1;0;-0.02;0.50;0.49;0.00;0.00;-0.00;0.03;0.07;-1.45;2.03;-90.00;-0.00;0.50;0.009;1.13;2.22;1.38;-1.07
1595606163.825;1549;-1.44;1.98;270.01;-1.45;1.81;-90.00;-0.00;0.50;448;1;1;0;-0.02;0.50;0.50;0.00;0.00;0.00;0.02;0.04;-1.45;1.98;-90.00;-0.00;0.50;0.009;1.13;2.22;1.38;-1.07
1595606163.925;1559;-1.44;1.93;269.94;-1.45;1.81;-90.00;-0.00;0.50;448;1;1;0;-0.02;0.50;0.49;0.00;0.00;-0.00;0.00;0.01;-1.45;1.93;-90.00;-0.00;0.50;0.009;1.13;2.22;1.38;-1.07
1595606164.025;1569;-1.44;1.88;269.87;-1.45;1.81;-90.00;-0.00;0.50;448;1;1;0;-0.01;0.50;0.50;0.00;0.00;-0.02;0.02;-0.00;-1.45;1.88;-90.00;-0.00;0.50;0.009;1.13;2.22;1.38;-1.07
1595606164.125;1579;-1.44;1.83;269.81;-1.45;1.57;-90.00;-0.00;0.50;448;2;1;0;-0.01;0.50;0.50;0.00;0.00;-0.01;0.01;-0.00;-1.45;1.83;-90.00;-0.00;0.50;0.009;1.13;2.22;1.38;-1.07
1595606164.222;1588;-1.45;1.79;269.78;-1.45;1.57;-90.00;-0.00;0.50;448;2;1;0;-0.00;0.50;0.50;0.00;0.00;0.00;0.01;0.00;-1.45;1.79;-90.00;-0.00;0.50;0.005;1.13;2.22;1.38;-1.07
1595606164.322;1598;-1.45;1.74;269.89;-1.45;1.57;-90.00;-0.00;0.50;448;2;1;0;-0.01;0.50;0.49;0.00;0.00;0.01;-0.00;0.01;-1.45;1.74;-90.00;-0.00;0.50;0.005;1.13;2.22;1.38;-1.07
1595606164.422;1608;-1.45;1.69;270.04;-1.45;1.57;-90.00;-0.00;0.50;448;2;1;0;-0.01;0.50;0.50;0.00;0.00;-0.00;-0.01;0.00;-1.45;1.69;-90.00;-0.00;0.50;0.005;1.13;2.22;1.38;-1.07
1595606164.522;1618;-1.45;1.65;269.99;-1.45;1.57;-90.00;-0.00;0.50;448;2;1;0;-0.00;0.50;0.49;0.00;0.00;0.01;-0.00;-0.02;-1.45;1.64;-90.00;-0.00;0.50;0.005;1.13;2.22;1.38;-1.07
1595606164.622;1628;-1.45;1.60;269.89;-1.45;1.34;-90.00;-0.00;0.50;448;3;1;0;0.00;0.50;0.49;0.00;0.00;-0.01;-0.02;-0.01;-1.45;1.59;-90.00;-0.00;0.50;0.006;1.13;2.22;1.38;-1.07
1595606164.719;1638;-1.45;1.55;269.75;-1.45;1.34;-90.00;-0.00;0.50;448;3;1;0;0.02;0.50;0.50;0.00;0.00;-0.00;-0.02;-0.01;-1.45;1.56;-90.00;-0.00;0.50;0.003;1.13;2.22;1.38;-1.07
1595606164.819;1648;-1.45;1.51;269.75;-1.45;1.34;-90.00;-0.00;0.50;448;3;1;0;0.02;0.50;0.50;0.00;0.00;0.00;0.00;-0.01;-1.45;1.51;-90.00;-0.00;0.50;0.003;1.13;2.22;1.38;-1.07
1595606164.919;1658;-1.45;1.46;269.68;-1.45;1.34;-90.00;-0.00;0.50;448;3;1;0;0.03;0.50;0.49;0.00;0.00;-0.01;0.01;0.00;-1.45;1.46;-90.00;-0.00;0.50;0.003;1.13;2.22;1.38;-1.07
1595606165.019;1668;-1.46;1.41;269.84;-1.45;1.34;-90.00;-0.00;0.50;448;3;1;0;0.02;0.50;0.37;0.00;0.00;0.01;-0.02;0.02;-1.45;1.41;-90.00;-0.00;0.50;0.003;1.13;2.22;1.38;-1.07
1595606165.119;1678;-1.46;1.37;269.96;-1.45;1.34;-90.00;-0.00;0.50;448;3;1;0;0.02;0.50;0.49;0.00;0.00;-0.00;-0.00;0.01;-1.45;1.36;-90.00;-0.00;0.50;0.003;1.13;2.22;1.38;-1.07
1595606165.219;1688;-1.46;1.32;270.13;-1.45;1.10;-90.00;0.00;0.50;448;4;1;0;0.01;0.50;0.49;0.00;0.00;-0.01;-0.01;0.03;-1.45;1.32;-90.00;-0.00;0.50;0.003;1.13;2.22;1.38;-1.07
1595606165.317;1698;-1.46;1.27;270.18;-1.45;1.10;-90.00;0.00;0.50;448;4;1;0;0.01;0.50;0.62;0.00;0.00;-0.03;0.01;0.02;-1.45;1.27;-90.00;-0.00;0.50;0.001;1.13;2.22;1.38;-1.07
1595606165.417;1708;-1.46;1.22;270.51;-1.45;1.10;-90.00;0.00;0.50;448;4;1;0;-0.00;0.50;0.49;0.00;0.00;-0.00;0.02;0.04;-1.45;1.22;-90.00;-0.00;0.50;0.001;1.13;2.22;1.38;-1.07
1595606165.517;1718;-1.46;1.18;270.61;-1.45;1.10;-90.00;0.00;0.50;448;4;1;0;-0.00;0.50;0.49;0.00;0.00;-0.00;0.02;0.02;-1.45;1.17;-90.00;0.00;0.50;0.001;1.13;2.22;1.38;-1.07
1595606165.631;1729;-1.46;1.12;270.51;-1.45;0.85;-90.00;-0.00;0.50;444;0;1;0;-0.00;0.50;0.50;0.00;0.00;-0.01;-0.00;0.01;-1.45;1.12;-90.00;0.00;0.50;0.014;1.13;2.22;1.38;-1.07
1595606165.728;1739;-1.46;1.07;270.78;-1.45;0.85;-90.00;-0.00;0.50;444;0;1;0;-0.00;0.50;0.50;0.00;0.00;0.01;0.03;0.01;-1.45;0.85;-90.00;-0.00;0.50;0.011;1.13;2.22;1.38;-1.07
1595606165.828;1749;-1.46;1.03;270.72;-1.45;0.85;-90.00;-0.00;0.50;444;0;1;0;-0.00;0.50;0.50;0.00;0.00;-0.01;0.03;-0.00;-1.45;0.85;-90.00;-0.00;0.50;0.011;1.13;2.22;1.38;-1.07
1595606165.928;1759;-1.47;0.98;270.72;-1.45;0.85;-90.00;-0.00;0.50;444;0;1;0;0.00;0.50;0.50;0.00;0.00;-0.01;0.01;0.01;-1.45;0.85;-90.00;-0.00;0.50;0.011;1.13;2.22;1.38;-1.07
1595606166.027;1769;-1.47;0.93;270.88;-1.45;0.85;-90.00;-0.00;0.50;444;0;1;0;-0.00;0.50;0.50;0.00;0.00;0.01;0.01;0.01;-1.45;0.85;-90.00;-0.00;0.50;0.011;1.13;2.22;1.38;-1.07
1595606166.128;1779;-1.47;0.88;270.84;-1.45;0.61;-90.00;-0.00;0.50;444;1;1;0;-0.00;0.50;0.50;0.00;0.00;-0.00;0.05;0.00;-1.45;0.85;-90.00;-0.00;0.50;0.011;1.13;2.22;1.38;-1.07
1595606166.225;1789;-1.47;0.83;270.82;-1.45;0.61;-90.00;-0.00;0.50;444;1;1;0;-0.00;0.50;0.50;0.00;0.00;0.00;0.03;0.01;-1.45;0.84;-90.00;-0.00;0.50;0.009;1.13;2.22;1.38;-1.07
1595606166.325;1799;-1.47;0.78;270.88;-1.45;0.61;-90.00;-0.00;0.50;444;1;1;0;0.00;0.50;0.50;0.00;0.00;0.01;0.01;0.01;-1.45;0.79;-90.00;-0.00;0.50;0.009;1.13;2.22;1.38;-1.07
1595606166.425;1809;-1.47;0.73;270.76;-1.45;0.61;-90.00;-0.00;0.50;444;1;1;0;0.01;0.50;0.50;0.00;0.00;-0.01;0.03;0.01;-1.45;0.74;-90.00;-0.00;0.50;0.009;1.13;2.22;1.38;-1.07
1595606166.525;1819;-1.47;0.69;270.91;-1.45;0.61;-90.00;-0.00;0.50;444;1;1;0;0.00;0.50;0.50;0.00;0.00;-0.01;0.03;0.02;-1.45;0.69;-90.00;-0.00;0.50;0.009;1.13;2.22;1.38;-1.07
1595606166.625;1829;-1.47;0.64;271.04;-1.45;0.37;-90.00;-0.00;0.50;444;2;1;0;-0.00;0.50;0.50;0.00;0.00;-0.00;0.01;0.02;-1.45;0.65;-90.00;-0.00;0.50;0.009;1.13;2.22;1.38;-1.07
1595606166.722;1838;-1.47;0.59;271.01;-1.45;0.37;-90.00;-0.00;0.50;444;2;1;0;0.00;0.50;0.49;0.00;0.00;-0.00;0.02;0.01;-1.45;0.60;-90.00;-0.00;0.50;0.005;1.13;2.22;1.38;-1.07
1595606166.822;1848;-1.47;0.55;271.05;-1.45;0.37;-90.00;-0.00;0.50;444;2;1;0;-0.00;0.50;0.50;0.00;0.00;0.01;0.01;0.01;-1.45;0.55;-90.00;-0.00;0.50;0.005;1.13;2.22;1.38;-1.07
1595606166.922;1858;-1.47;0.50;271.06;-1.45;0.37;-90.00;-0.00;0.50;444;2;1;0;-0.00;0.50;0.49;0.00;0.00;-0.00;0.01;0.01;-1.45;0.50;-90.00;-0.00;0.50;0.005;1.13;2.22;1.38;-1.07
1595606167.022;1868;-1.47;0.45;271.13;-1.45;0.37;-90.00;-0.00;0.50;444;2;1;0;-0.00;0.50;0.49;0.00;0.00;0.01;0.01;0.01;-1.45;0.45;-90.00;-0.00;0.50;0.005;1.13;2.22;1.38;-1.07
1595606167.122;1878;-1.47;0.40;271.13;-1.45;0.37;-90.00;-0.00;0.50;444;2;1;0;-0.00;0.50;0.49;0.00;0.00;0.00;-0.01;0.01;-1.45;0.41;-90.00;-0.00;0.50;0.005;1.13;2.22;1.38;-1.07
1595606167.222;1888;-1.47;0.35;271.16;-1.45;0.14;-90.00;-0.00;0.50;444;3;1;0;-0.00;0.49;0.49;0.00;0.00;0.00;-0.02;0.01;-1.45;0.36;-90.00;-0.00;0.50;0.005;1.13;2.22;1.38;-1.07
1595606167.319;1898;-1.47;0.31;271.21;-1.45;0.14;-90.00;-0.00;0.50;444;3;1;0;-0.00;0.49;0.49;0.00;0.00;-0.00;-0.01;-0.00;-1.45;0.31;-90.00;-0.00;0.50;0.003;1.13;2.22;1.38;-1.07
1595606167.419;1908;-1.47;0.26;271.16;-1.45;0.14;-90.00;-0.00;0.50;444;3;1;0;-0.00;0.50;0.49;0.00;0.00;-0.02;0.01;0.00;-1.45;0.26;-90.00;-0.00;0.50;0.003;1.13;2.22;1.38;-1.07
1595606167.519;1918;-1.47;0.21;271.06;-1.45;0.14;-90.00;-0.00;0.50;444;3;1;0;0.00;0.50;0.49;0.00;0.00;0.01;-0.01;0.00;-1.45;0.21;-90.00;-0.00;0.50;0.003;1.13;2.22;1.38;-1.07
1595606167.619;1928;-1.47;0.17;271.02;-1.45;0.14;-90.00;-0.00;0.50;444;3;1;0;0.01;0.50;0.49;0.00;0.00;0.01;0.00;0.01;-1.45;0.16;-90.00;-0.00;0.50;0.003;1.13;2.22;1.38;-1.07
1595606167.719;1938;-1.47;0.12;271.15;-1.45;-0.10;-90.00;0.00;0.50;444;4;1;0;0.00;0.50;0.49;0.00;0.00;-0.01;-0.01;0.00;-1.45;0.12;-90.00;-0.00;0.50;0.003;1.13;2.22;1.38;-1.07
1595606167.817;1948;-1.47;0.07;271.06;-1.45;-0.10;-90.00;0.00;0.50;444;4;1;0;0.01;0.50;0.49;0.00;0.00;-0.01;0.02;0.02;-1.45;0.07;-90.00;-0.00;0.50;0.001;1.13;2.22;1.38;-1.07
1595606167.917;1958;-1.47;0.02;271.10;-1.45;-0.10;-90.00;0.00;0.50;444;4;1;0;0.00;0.50;0.50;0.00;0.00;-0.00;0.02;0.02;-1.45;0.02;-90.00;-0.00;0.50;0.001;1.13;2.22;1.38;-1.07
1595606168.017;1968;-1.47;-0.03;271.14;-1.45;-0.10;-90.00;0.00;0.50;444;4;1;0;0.00;0.50;0.50;0.00;0.00;-0.00;0.00;0.01;-1.45;-0.03;-90.00;0.00;0.50;0.001;1.13;2.22;1.38;-1.07
1595606168.131;1979;-1.47;-0.08;271.29;-1.45;-0.35;-90.00;-0.00;0.50;440;0;1;0;-0.00;0.50;0.49;0.00;0.00;0.00;0.00;0.01;-1.45;-0.08;-90.00;0.00;0.50;0.014;1.13;2.22;1.38;-1.07
1595606168.228;1989;-1.47;-0.13;271.39;-1.45;-0.35;-90.00;-0.00;0.50;440;0;1;0;-0.01;0.50;0.37;0.00;0.00;0.01;0.00;0.01;-1.45;-0.35;-90.00;-0.00;0.50;0.011;1.13;2.22;1.38;-1.07
1595606168.327;1999;-1.48;-0.18;271.27;-1.45;-0.35;-90.00;-0.00;0.50;440;0;1;0;-0.00;0.50;0.50;0.00;0.00;0.00;0.00;-0.01;-1.45;-0.35;-90.00;-0.00;0.50;0.011;1.13;2.22;1.38;-1.07
1595606168.428;2009;-1.48;-0.22;271.18;-1.45;-0.35;-90.00;-0.00;0.50;440;0;1;0;0.00;0.50;0.49;0.00;0.00;-0.01;-0.02;-0.00;-1.45;-0.35;-90.00;-0.00;0.50;0.011;1.13;2.22;1.38;-1.07
1595606168.528;2019;-1.48;-0.27;271.30;-1.45;-0.35;-90.00;-0.00;0.50;440;0;1;0;0.00;0.50;0.38;0.00;0.00;0.01;0.01;0.01;-1.45;-0.35;-90.00;-0.00;0.50;0.012;1.13;2.22;1.38;-1.07
1595606168.628;2029;-1.48;-0.32;271.46;-1.45;-0.59;-90.00;-0.00;0.50;440;1;1;0;-0.01;0.50;0.50;0.00;0.00;-0.02;0.02;0.01;-1.45;-0.35;-90.00;-0.00;0.50;0.011;1.13;2.22;1.38;-1.07
1595606168.725;2039;-1.48;-0.37;271.35;-1.45;-0.59;-90.00;-0.00;0.50;440;1;1;0;-0.00;0.50;0.50;0.00;0.00;0.00;0.01;-0.00;-1.45;-0.36;-90.00;-0.00;0.50;0.009;1.13;2.22;1.38;-1.07
1595606168.825;2049;-1.48;-0.41;271.23;-1.45;-0.59;-90.00;-0.00;0.50;440;1;1;0;0.01;0.50;0.50;0.00;0.00;0.01;0.01;-0.00;-1.45;-0.41;-90.00;-0.00;0.50;0.009;1.13;2.22;1.38;-1.07
1595606168.925;2059;-1.48;-0.46;271.35;-1.45;-0.59;-90.00;-0.00;0.50;440;1;1;0;0.00;0.50;0.50;0.00;0.00;-0.01;0.03;0.00;-1.45;-0.46;-90.00;-0.00;0.50;0.009;1.13;2.22;1.38;-1.07
1595606169.026;2069;-1.48;-0.51;271.38;-1.45;-0.59;-90.00;-0.00;0.50;440;1;1;0;0.00;0.50;0.50;0.00;0.00;-0.01;0.01;0.01;-1.45;-0.51;-90.00;-0.00;0.50;0.009;1.13;2.22;1.38;-1.07
1595606169.126;2079;-1.48;-0.55;271.43;-1.45;-0.59;-90.00;-0.00;0.50;440;1;1;0;-0.00;0.50;0.50;0.00;0.00;-0.01;0.02;0.01;-1.45;-0.55;-90.00;-0.00;0.50;0.009;1.13;2.22;1.38;-1.07
1595606169.226;2089;-1.48;-0.60;271.59;-1.45;-0.83;-90.00;-0.00;0.50;440;2;1;0;-0.01;0.50;0.50;0.00;0.00;0.01;0.00;0.01;-1.45;-0.59;-90.00;-0.00;0.50;0.009;1.13;2.22;1.38;-1.07
1595606169.323;2098;-1.48;-0.64;271.52;-1.45;-0.83;-90.00;-0.00;0.50;440;2;1;0;-0.00;0.50;0.50;0.00;0.00;0.01;-0.01;0.01;-1.45;-0.64;-90.00;-0.00;0.50;0.006;1.13;2.22;1.38;-1.07
1595606169.422;2108;-1.48;-0.69;271.55;-1.45;-0.83;-90.00;-0.00;0.50;440;2;1;0;-0.00;0.50;0.50;0.00;0.00;-0.00;-0.02;0.01;-1.45;-0.69;-90.00;-0.00;0.50;0.006;1.13;2.22;1.38;-1.07
1595606169.522;2118;-1.48;-0.74;271.60;-1.45;-0.83;-90.00;-0.00;0.50;440;2;1;0;-0.01;0.50;0.50;0.00;0.00;0.00;-0.00;0.00;-1.45;-0.73;-90.00;-0.00;0.50;0.005;1.13;2.22;1.38;-1.07
1595606169.622;2128;-1.48;-0.78;271.64;-1.45;-0.83;-90.00;-0.00;0.50;440;2;1;0;-0.01;0.50;0.50;0.00;0.00;0.00;-0.01;0.00;-1.45;-0.78;-90.00;-0.00;0.50;0.005;1.13;2.22;1.38;-1.07
1595606169.722;2138;-1.48;-0.83;271.65;-1.45;-1.06;-90.00;-0.00;0.50;440;3;1;0;-0.01;0.50;0.62;0.00;0.00;-0.00;-0.03;0.01;-1.45;-0.83;-90.00;-0.00;0.50;0.006;1.13;2.22;1.38;-1.07
1595606169.819;2148;-1.48;-0.88;271.73;-1.45;-1.06;-90.00;-0.00;0.50;440;3;1;0;-0.01;0.50;0.50;0.00;0.00;0.00;-0.01;0.01;-1.45;-0.88;-90.00;-0.00;0.50;0.003;1.13;2.22;1.38;-1.07
1595606169.919;2158;-1.48;-0.93;271.76;-1.45;-1.06;-90.00;-0.00;0.50;440;3;1;0;-0.01;0.50;0.49;0.00;0.00;-0.01;0.03;-0.00;-1.45;-0.93;-90.00;-0.00;0.50;0.003;1.13;2.22;1.38;-1.07
1595606170.019;2168;-1.48;-0.97;271.67;-1.45;-1.06;-90.00;-0.00;0.50;440;3;1;0;-0.01;0.50;0.50;0.00;0.00;0.01;-0.00;-0.01;-1.45;-0.98;-90.00;-0.00;0.50;0.003;1.13;2.22;1.38;-1.07
1595606170.119;2178;-1.48;-1.02;271.47;-1.45;-1.06;-90.00;-0.00;0.50;440;3;1;0;0.00;0.50;0.50;0.00;0.00;-0.00;0.01;-0.01;-1.45;-1.02;-90.00;-0.00;0.50;0.003;1.13;2.22;1.38;-1.07
1595606170.219;2188;-1.48;-1.07;271.46;-1.45;-1.30;-90.00;0.00;0.50;440;4;1;0;0.00;0.50;0.50;0.00;0.00;-0.01;0.02;0.00;-1.45;-1.07;-90.00;-0.00;0.50;0.003;1.13;2.22;1.38;-1.07
1595606170.317;2198;-1.48;-1.12;271.52;-1.45;-1.30;-90.00;0.00;0.50;440;4;1;0;-0.00;0.50;0.50;0.00;0.00;-0.01;0.03;0.01;-1.45;-1.12;-90.00;-0.00;0.50;0.001;1.13;2.22;1.38;-1.07
1595606170.417;2208;-1.48;-1.17;271.46;-1.45;-1.30;-90.00;0.00;0.50;440;4;1;0;0.00;0.50;0.50;0.00;0.00;-0.00;0.02;0.01;-1.45;-1.17;-90.00;-0.00;0.50;0.001;1.13;2.22;1.38;-1.07
1595606170.517;2218;-1.48;-1.22;271.63;-1.45;-1.30;-90.00;0.00;0.50;440;4;1;0;-0.01;0.50;0.50;0.00;0.00;0.01;0.02;0.01;-1.45;-1.22;-90.00;-0.00;0.50;0.001;1.13;2.22;1.38;-1.07
1595606170.617;2228;-1.48;-1.27;271.46;-1.45;-1.30;-90.00;0.00;0.50;440;4;1;0;0.00;0.50;0.50;0.00;0.00;-0.00;0.01;-0.01;-1.45;-1.26;-90.00;0.00;0.50;0.001;1.13;2.22;1.38;-1.07
1595606170.732;2239;-1.48;-1.32;271.59;-1.45;-1.55;-90.00;-0.00;0.50;527;0;1;0;0.00;0.50;0.50;0.00;0.00;0.01;-0.02;0.02;-1.45;-1.31;-90.00;0.00;0.50;0.014;1.13;2.22;1.38;-1.07
1595606170.827;2249;-1.48;-1.37;271.54;-1.45;-1.55;-90.00;-0.00;0.50;527;0;1;0;-0.00;0.50;0.50;0.00;0.00;-0.00;-0.02;0.01;-1.45;-1.55;-90.00;-0.00;0.50;0.011;1.13;2.22;1.38;-1.07
1595606170.927;2259;-1.48;-1.42;271.49;-1.45;-1.55;-90.00;-0.00;0.50;527;0;1;0;0.00;0.50;0.50;0.00;0.00;-0.00;-0.02;-0.00;-1.45;-1.55;-90.00;-0.00;0.50;0.011;1.13;2.22;1.38;-1.07
1595606171.032;2269;-1.48;-1.46;271.57;-1.45;-1.55;-90.00;-0.00;0.50;527;0;1;0;-0.00;0.50;0.50;0.00;0.00;0.01;-0.00;0.00;-1.45;-1.55;-90.00;-0.00;0.50;0.016;1.13;2.22;1.38;-1.07
1595606171.128;2279;-1.48;-1.51;271.48;-1.45;-1.55;-90.00;-0.00;0.50;527;0;1;0;-0.00;0.50;0.50;0.00;0.00;-0.02;0.00;-0.01;-1.45;-1.55;-90.00;-0.00;0.50;0.011;1.13;2.22;1.38;-1.07
1595606171.228;2289;-1.48;-1.56;271.55;-1.45;-1.79;-90.00;-0.00;0.50;527;1;1;0;-0.00;0.50;0.50;0.00;0.00;0.00;0.01;-0.00;-1.45;-1.56;-90.00;-0.00;0.50;0.011;1.13;2.22;1.38;-1.07
1595606171.325;2299;-1.48;-1.61;271.49;-1.45;-1.79;-90.00;-0.00;0.50;527;1;1;0;0.00;0.50;0.50;0.00;0.00;0.00;0.01;-0.00;-1.45;-1.61;-90.00;-0.00;0.50;0.009;1.13;2.22;1.38;-1.07
1595606171.426;2309;-1.48;-1.66;271.42;-1.45;-1.79;-90.00;-0.00;0.50;527;1;1;0;0.00;0.50;0.50;0.00;0.00;-0.01;0.01;-0.01;-1.45;-1.66;-90.00;-0.00;0.50;0.010;1.13;2.22;1.38;-1.07
1595606171.525;2319;-1.48;-1.71;271.38;-1.45;-1.79;-90.00;-0.00;0.50;527;1;1;0;0.01;0.50;0.50;0.00;0.00;-0.02;0.00;-0.00;-1.45;-1.71;-90.00;-0.00;0.50;0.009;1.13;2.22;1.38;-1.07
1595606171.626;2329;-1.48;-1.76;271.48;-1.45;-1.79;-90.00;-0.00;0.50;527;1;1;0;-0.00;0.50;0.50;0.00;0.00;-0.01;0.02;0.01;-1.45;-1.75;-90.00;-0.00;0.50;0.009;1.13;2.22;1.38;-1.07
1595606171.725;2339;-1.48;-1.80;271.57;-1.45;-2.03;-90.00;-0.00;0.50;527;2;1;0;-0.01;0.50;0.50;0.00;0.00;0.00;0.00;0.01;-1.45;-1.80;-90.00;-0.00;0.50;0.009;1.13;2.22;1.38;-1.07
1595606171.822;2348;-1.48;-1.85;271.39;-1.45;-2.03;-90.00;-0.00;0.50;527;2;1;0;0.00;0.50;0.50;0.00;0.00;-0.00;-0.01;-0.01;-1.45;-1.85;-90.00;-0.00;0.50;0.006;1.13;2.22;1.38;-1.07
1595606171.922;2358;-1.48;-1.90;271.35;-1.45;-2.03;-90.00;-0.00;0.50;527;2;1;0;0.01;0.50;0.50;0.00;0.00;0.01;-0.03;-0.00;-1.45;-1.90;-90.00;-0.00;0.50;0.006;1.13;2.22;1.38;-1.07
1595606172.022;2368;-1.48;-1.94;271.23;-1.45;-2.03;-90.00;-0.00;0.50;527;2;1;0;0.01;0.50;0.37;0.00;0.00;-0.00;-0.02;-0.02;-1.45;-1.95;-90.00;-0.00;0.50;0.006;1.13;2.22;1.38;-1.07
1595606172.122;2378;-1.48;-1.99;271.20;-1.45;-2.03;-90.00;-0.00;0.50;527;2;1;0;0.02;0.50;0.50;0.00;0.00;0.01;-0.01;-0.02;-1.45;-1.99;-90.00;-0.00;0.50;0.006;1.13;2.22;1.38;-1.07
1595606172.222;2388;-1.48;-2.04;271.15;-1.45;-2.26;-90.00;-0.00;0.50;527;3;1;0;0.02;0.50;0.63;0.00;0.00;0.01;-0.01;-0.00;-1.45;-2.03;-90.00;-0.00;0.50;0.006;1.13;2.22;1.38;-1.07
1595606172.319;2398;-1.48;-2.08;271.17;-1.45;-2.26;-90.00;-0.00;0.50;527;3;1;0;0.02;0.50;0.50;0.00;0.00;-0.00;0.00;-0.01;-1.45;-2.08;-90.00;-0.00;0.50;0.003;1.13;2.22;1.38;-1.07
1595606172.419;2408;-1.48;-2.13;271.19;-1.45;-2.26;-90.00;-0.00;0.50;527;3;1;0;0.02;0.50;0.50;0.00;0.00;-0.00;0.02;0.00;-1.45;-2.13;-90.00;-0.00;0.50;0.003;1.13;2.22;1.38;-1.07
1595606172.519;2418;-1.48;-2.18;271.17;-1.45;-2.26;-90.00;-0.00;0.50;527;3;1;0;0.02;0.50;0.50;0.00;0.00;0.01;0.01;0.00;-1.45;-2.18;-90.00;-0.00;0.50;0.003;1.13;2.22;1.38;-1.07
1595606172.619;2428;-1.48;-2.23;271.22;-1.45;-2.26;-90.00;-0.00;0.50;527;3;1;0;0.02;0.50;0.50;0.00;0.00;-0.00;0.02;0.00;-1.45;-2.22;-90.00;-0.00;0.50;0.003;1.13;2.22;1.38;-1.07
1595606172.719;2438;-1.48;-2.27;271.16;-1.45;-2.50;-90.00;0.00;0.50;527;4;1;0;0.02;0.50;0.50;0.00;0.00;-0.00;0.01;0.01;-1.45;-2.27;-90.00;-0.00;0.50;0.003;1.13;2.22;1.38;-1.07
1595606172.817;2448;-1.48;-2.32;271.28;-1.45;-2.50;-90.00;0.00;0.50;527;4;1;0;0.02;0.50;0.50;0.00;0.00;0.00;0.02;0.01;-1.45;-2.32;-90.00;-0.00;0.50;0.001;1.13;2.22;1.38;-1.07
1595606172.917;2458;-1.48;-2.37;271.36;-1.45;-2.50;-90.00;0.00;0.50;527;4;1;0;0.01;0.50;0.50;0.00;0.00;0.00;0.02;0.01;-1.45;-2.37;-90.00;-0.00;0.50;0.001;1.13;2.22;1.38;-1.07
1595606173.017;2468;-1.48;-2.42;271.43;-1.45;-2.50;-90.00;0.00;0.50;527;4;1;0;0.01;0.50;0.50;0.00;0.00;0.01;0.01;0.02;-1.45;-2.42;-90.00;-0.00;0.50;0.001;1.13;2.22;1.38;-1.07
1595606173.117;2478;-1.48;-2.46;271.60;-1.45;-2.50;-90.00;0.00;0.50;527;4;1;0;0.00;0.50;0.50;0.00;0.00;-0.00;0.01;0.04;-1.45;-2.46;-90.00;0.00;0.50;0.001;1.13;2.22;1.38;-1.07
1595606173.232;2489;-1.48;-2.51;271.80;-1.45;-2.75;-90.00;0.00;-0.50;523;0;1;2;-0.00;0.50;0.50;0.00;0.00;0.01;-0.00;0.02;-1.45;-2.51;-90.00;0.00;0.50;0.014;1.13;2.22;1.38;-1.07
1595606173.344;2501;-1.48;-2.57;271.84;-1.45;-2.45;-90.00;0.11;0.00;524;1;1;5;0.17;0.45;0.50;0.00;0.00;0.01;0.01;0.01;-1.45;-2.56;-90.00;0.00;-0.50;0.015;1.13;2.22;1.38;-1.07
1595606173.425;2509;-1.48;-2.61;272.07;-1.22;-2.95;-35.33;0.68;0.50;524;3;1;5;0.57;0.44;0.50;0.00;0.00;0.01;0.02;0.10;-1.44;-2.59;-81.32;0.57;0.43;0.009;1.13;2.22;1.38;-1.07
1595606173.519;2518;-1.48;-2.65;273.96;-1.22;-2.95;-35.33;0.68;0.50;524;3;1;5;0.79;0.46;0.48;0.00;0.00;0.00;-0.01;0.32;-1.43;-2.63;-77.22;0.64;0.49;0.003;1.13;2.22;1.38;-1.07
1595606173.619;2528;-1.48;-2.69;279.79;-1.22;-2.95;-35.33;0.68;0.50;524;3;1;5;0.79;0.47;0.46;0.00;0.00;0.00;-0.02;1.02;-1.42;-2.68;-72.40;0.65;0.50;0.003;1.13;2.22;1.38;-1.07
1595606173.719;2538;-1.47;-2.73;287.83;-1.22;-2.95;-35.33;0.68;0.50;524;3;1;5;0.79;0.48;0.46;0.00;0.00;-0.02;-0.00;1.35;-1.41;-2.71;-69.15;0.66;0.50;0.003;1.13;2.22;1.38;-1.07
1595606173.819;2548;-1.45;-2.77;296.26;-1.22;-2.95;-35.33;0.68;0.50;524;3;1;5;0.68;0.48;0.48;0.00;0.00;-0.01;-0.00;1.46;-1.39;-2.75;-64.25;0.66;0.50;0.003;1.13;2.22;1.38;-1.07
1595606173.919;2558;-1.42;-2.81;304.35;-1.22;-2.95;-35.33;0.68;0.50;524;3;1;5;0.52;0.48;0.48;0.00;0.00;-0.00;-0.02;1.32;-1.38;-2.78;-60.96;0.66;0.50;0.003;1.13;2.22;1.38;-1.07
1595606174.019;2568;-1.40;-2.84;309.78;-1.22;-2.95;-35.33;0.68;0.50;524;3;1;5;0.49;0.47;0.48;0.00;0.00;0.00;-0.02;1.05;-1.35;-2.82;-56.00;0.67;0.50;0.003;1.13;2.22;1.38;-1.07
1595606174.119;2578;-1.37;-2.88;314.92;-1.22;-2.95;-35.33;0.68;0.50;524;3;1;5;0.48;0.47;0.60;0.00;0.00;-0.02;-0.00;0.84;-1.33;-2.85;-51.00;0.67;0.50;0.003;1.13;2.22;1.38;-1.07
1595606174.219;2588;-1.33;-2.91;319.19;-1.22;-2.95;-35.33;0.68;0.50;524;3;1;5;0.47;0.46;0.48;0.00;0.00;0.01;-0.02;0.77;-1.31;-2.88;-47.64;0.67;0.50;0.003;1.13;2.22;1.38;-1.07
1595606174.319;2598;-1.30;-2.94;323.45;-1.22;-2.95;-35.33;0.68;0.50;524;3;1;5;0.49;0.46;0.48;0.00;0.00;-0.01;0.01;0.74;-1.27;-2.91;-42.57;0.68;0.50;0.003;1.13;2.22;1.38;-1.07
1595606174.419;2608;-1.26;-2.96;327.59;-1.22;-2.95;-35.33;0.68;0.50;524;3;1;5;0.51;0.45;0.59;0.00;0.00;0.00;-0.01;0.73;-1.24;-2.94;-37.47;0.68;0.50;0.003;1.13;2.22;1.38;-1.07
1595606174.519;2618;-1.22;-2.98;331.99;-1.22;-2.95;-35.33;0.68;0.50;524;3;1;5;0.48;0.45;0.46;0.00;0.00;-0.01;0.01;0.76;-1.21;-2.96;-34.05;0.68;0.50;0.003;1.13;2.22;1.38;-1.07
1595606174.619;2628;-1.19;-3.00;336.24;-0.86;-3.06;-0.57;0.49;0.50;524;4;1;5;0.47;0.45;0.46;0.00;0.00;-0.01;0.00;0.74;-1.17;-2.98;-29.09;0.65;0.50;0.003;1.13;2.22;1.38;-1.07
1595606174.746;2641;-1.13;-3.01;341.45;-0.71;-3.06;-8.62;-0.63;0.50;513;1;1;4;0.41;0.44;0.45;0.00;0.00;-0.01;-0.02;0.69;-1.15;-3.00;-25.92;0.64;0.50;0.026;1.13;2.22;1.38;-1.07
1595606174.834;2650;-1.10;-3.02;344.58;-0.71;-3.06;-8.62;-0.63;0.50;513;1;1;4;0.79;0.43;0.34;0.00;0.00;0.00;-0.02;0.60;-0.85;-3.05;0.00;-0.08;0.06;0.017;1.13;2.22;1.38;-1.07
1595606174.925;2659;-1.06;-3.03;348.12;-0.71;-3.06;-8.62;-0.63;0.50;513;1;1;4;0.79;0.41;0.45;0.00;0.00;0.01;-0.03;0.77;-0.85;-3.05;0.00;-0.08;0.06;0.009;1.13;2.22;1.38;-1.07
1595606175.025;2669;-1.02;-3.04;355.30;-0.45;-3.15;-25.88;-0.22;0.50;513;2;1;4;0.46;0.41;0.44;0.00;0.00;-0.00;0.00;1.16;-0.85;-3.05;0.00;-0.08;0.06;0.009;1.13;2.22;1.38;-1.07
1595606175.122;2678;-0.98;-3.04;361.78;-0.45;-3.15;-25.88;-0.22;0.50;513;2;1;4;-0.04;0.40;0.43;0.00;0.00;-0.01;0.02;1.09;-0.85;-3.05;0.00;-0.08;0.06;0.006;1.13;2.22;1.38;-1.07
1595606175.222;2688;-0.95;-3.04;364.77;-0.45;-3.15;-25.88;-0.22;0.50;513;2;1;4;-0.23;0.40;0.42;0.00;0.00;-0.02;0.04;0.57;-0.85;-3.05;0.00;-0.08;0.06;0.006;1.13;2.22;1.38;-1.07
1595606175.322;2698;-0.91;-3.03;364.06;-0.45;-3.15;-25.88;-0.22;0.50;513;2;1;4;-0.23;0.40;0.41;0.00;0.00;-0.00;0.00;0.03;-0.85;-3.05;0.00;-0.08;0.06;0.006;1.13;2.22;1.38;-1.07
1595606175.422;2708;-0.87;-3.03;362.97;-0.45;-3.15;-25.88;-0.22;0.50;513;2;1;4;-0.22;0.39;0.41;0.00;0.00;0.01;0.02;-0.16;-0.85;-3.05;0.00;-0.08;0.06;0.006;1.13;2.22;1.38;-1.07
1595606175.522;2718;-0.83;-3.03;361.55;-0.45;-3.15;-25.88;-0.22;0.50;513;2;1;4;-0.35;0.38;0.40;0.00;0.00;-0.00;0.00;-0.22;-0.83;-3.05;-0.29;-0.23;0.18;0.006;1.13;2.22;1.38;-1.07
1595606175.622;2728;-0.79;-3.03;360.28;-0.45;-3.15;-25.88;-0.22;0.50;513;2;1;4;-0.55;0.38;0.40;0.00;0.00;0.00;-0.00;-0.30;-0.79;-3.05;-2.12;-0.41;0.32;0.006;1.13;2.22;1.38;-1.07
1595606175.722;2738;-0.76;-3.04;357.63;-0.45;-3.15;-25.88;-0.22;0.50;513;2;1;4;-0.63;0.38;0.39;0.00;0.00;0.00;0.01;-0.50;-0.76;-3.05;-4.37;-0.51;0.40;0.005;1.13;2.22;1.38;-1.07
1595606175.822;2748;-0.72;-3.04;353.33;-0.45;-3.15;-25.88;-0.22;0.50;513;2;1;4;-0.69;0.39;0.39;0.00;0.00;-0.01;-0.00;-0.71;-0.72;-3.06;-7.82;-0.61;0.48;0.006;1.13;2.22;1.38;-1.07
1595606175.922;2758;-0.68;-3.05;348.32;-0.45;-3.15;-25.88;-0.22;0.50;513;2;1;4;-0.58;0.40;0.39;0.00;0.00;-0.01;0.01;-0.85;-0.69;-3.06;-11.01;-0.59;0.50;0.006;1.13;2.22;1.38;-1.07
1595606176.022;2768;-0.65;-3.07;342.94;-0.45;-3.15;-25.88;-0.22;0.50;513;2;1;4;-0.40;0.40;0.39;0.00;0.00;-0.01;0.01;-0.85;-0.66;-3.07;-13.92;-0.54;0.50;0.005;1.13;2.22;1.38;-1.07
1595606176.122;2778;-0.62;-3.08;338.72;-0.21;-3.27;-24.15;0.31;0.50;513;3;1;4;-0.26;0.40;0.40;0.00;0.00;0.00;-0.00;-0.71;-0.62;-3.08;-16.52;-0.49;0.50;0.006;1.13;2.22;1.38;-1.07
1595606176.219;2788;-0.59;-3.10;336.11;-0.21;-3.27;-24.15;0.31;0.50;513;3;1;4;-0.23;0.41;0.40;0.00;0.00;-0.01;-0.01;-0.46;-0.58;-3.09;-19.53;-0.43;0.50;0.003;1.13;2.22;1.38;-1.07
1595606176.319;2798;-0.55;-3.11;334.58;-0.21;-3.27;-24.15;0.31;0.50;513;3;1;4;-0.19;0.41;0.40;0.00;0.00;0.00;-0.00;-0.30;-0.55;-3.10;-21.46;-0.38;0.50;0.003;1.13;2.22;1.38;-1.07
1595606176.419;2808;-0.52;-3.13;333.08;-0.21;-3.27;-24.15;0.31;0.50;513;3;1;4;-0.13;0.41;0.41;0.00;0.00;-0.00;0.00;-0.22;-0.52;-3.12;-23.12;-0.33;0.50;0.003;1.13;2.22;1.38;-1.07
1595606176.534;2820;-0.48;-3.16;332.01;0.05;-3.35;-0.00;0.11;0.00;617;1;1;5;-0.10;0.42;0.41;0.00;0.00;-0.01;0.00;-0.15;-0.48;-3.14;-24.95;-0.26;0.50;0.014;1.13;2.22;1.38;-1.07
1595606176.625;2829;-0.45;-3.17;331.21;0.05;-3.35;-0.00;0.11;0.00;617;1;1;5;0.18;0.47;0.42;0.00;0.00;0.00;-0.01;-0.11;0.05;-3.35;0.04;0.18;0.07;0.009;1.13;2.22;1.38;-1.07
1595606176.725;2839;-0.42;-3.19;331.12;0.05;-3.35;-0.00;0.11;0.00;617;1;1;5;0.18;0.50;0.42;0.00;0.00;-0.01;-0.01;-0.03;0.05;-3.35;0.04;0.18;0.07;0.009;1.13;2.22;1.38;-1.07
1595606176.825;2849;-0.38;-3.21;332.59;0.05;-3.35;-0.00;0.11;0.00;617;1;1;5;0.18;0.50;0.44;0.00;0.00;0.00;0.00;0.17;0.05;-3.35;0.04;0.18;0.07;0.009;1.13;2.22;1.38;-1.07
1595606176.925;2859;-0.34;-3.23;333.89;0.05;-3.35;-0.00;0.11;0.00;617;1;1;5;0.18;0.50;0.49;0.00;0.00;0.02;0.01;0.25;0.05;-3.35;0.04;0.18;0.07;0.009;1.13;2.22;1.38;-1.07
1595606177.025;2869;-0.29;-3.25;335.99;0.05;-3.35;-0.00;0.11;0.00;617;1;1;5;0.18;0.50;0.50;0.00;0.00;-0.01;0.00;0.25;0.05;-3.35;0.04;0.18;0.07;0.009;1.13;2.22;1.38;-1.07
1595606177.125;2879;-0.25;-3.27;337.34;0.24;-3.33;13.57;0.65;0.50;617;2;1;5;0.18;0.50;0.50;0.00;0.00;-0.01;-0.00;0.25;0.05;-3.35;0.04;0.18;0.07;0.009;1.13;2.22;1.38;-1.07
1595606177.222;2888;-0.21;-3.28;338.73;0.24;-3.33;13.57;0.65;0.50;617;2;1;5;0.33;0.50;0.50;0.00;0.00;-0.01;0.01;0.27;0.05;-3.35;0.04;0.18;0.07;0.006;1.13;2.22;1.38;-1.07
1595606177.322;2898;-0.17;-3.30;340.13;0.24;-3.33;13.57;0.65;0.50;617;2;1;5;0.40;0.50;0.38;0.00;0.00;-0.02;0.02;0.33;0.05;-3.35;0.04;0.18;0.07;0.005;1.13;2.22;1.38;-1.07
1595606177.422;2908;-0.12;-3.32;343.91;0.24;-3.33;13.57;0.65;0.50;617;2;1;5;0.38;0.50;0.50;0.00;0.00;-0.01;0.00;0.53;0.05;-3.35;0.04;0.18;0.07;0.006;1.13;2.22;1.38;-1.07
1595606177.522;2918;-0.07;-3.33;347.51;0.24;-3.33;13.57;0.65;0.50;617;2;1;5;0.36;0.50;0.51;0.00;0.00;0.01;-0.01;0.61;0.05;-3.35;0.04;0.18;0.07;0.005;1.13;2.22;1.38;-1.07
1595606177.622;2928;-0.03;-3.33;350.61;0.24;-3.33;13.57;0.65;0.50;617;2;1;5;0.35;0.50;0.38;0.00;0.00;-0.00;0.00;0.57;0.05;-3.35;0.04;0.18;0.07;0.006;1.13;2.22;1.38;-1.07
1595606177.722;2938;0.02;-3.34;354.10;0.24;-3.33;13.57;0.65;0.50;617;2;1;5;0.33;0.49;0.50;0.00;0.00;-0.00;0.00;0.54;0.05;-3.35;0.04;0.18;0.07;0.006;1.13;2.22;1.38;-1.07
1595606177.822;2948;0.07;-3.35;357.15;0.24;-3.33;13.57;0.65;0.50;617;2;1;5;0.41;0.47;0.50;0.00;0.00;-0.00;0.01;0.51;0.07;-3.35;0.57;0.29;0.17;0.006;1.13;2.22;1.38;-1.07
1595606177.922;2958;0.12;-3.35;360.17;0.55;-3.12;54.67;0.68;0.50;617;3;1;5;0.52;0.47;0.50;0.00;0.00;0.02;0.01;0.53;0.11;-3.35;2.71;0.42;0.29;0.005;1.13;2.22;1.38;-1.07
1595606178.019;2968;0.16;-3.35;364.16;0.55;-3.12;54.67;0.68;0.50;617;3;1;5;0.61;0.47;0.49;0.00;0.00;-0.01;0.04;0.66;0.17;-3.35;6.50;0.53;0.39;0.003;1.13;2.22;1.38;-1.07
1595606178.119;2978;0.20;-3.34;369.32;0.55;-3.12;54.67;0.68;0.50;617;3;1;5;0.61;0.47;0.47;0.00;0.00;-0.01;0.01;0.91;0.20;-3.34;9.93;0.60;0.45;0.003;1.13;2.22;1.38;-1.07
1595606178.219;2988;0.25;-3.34;375.13;0.55;-3.12;54.67;0.68;0.50;617;3;1;5;0.61;0.47;0.47;0.00;0.00;-0.02;0.02;1.01;0.25;-3.33;14.37;0.65;0.50;0.003;1.13;2.22;1.38;-1.07
1595606178.319;2998;0.29;-3.32;380.90;0.55;-3.12;54.67;0.68;0.50;617;3;1;5;0.57;0.47;0.47;0.00;0.00;-0.00;0.02;1.04;0.29;-3.32;19.22;0.65;0.50;0.003;1.13;2.22;1.38;-1.07
1595606178.419;3008;0.33;-3.30;386.58;0.55;-3.12;54.67;0.68;0.50;617;3;1;5;0.51;0.47;0.47;0.00;0.00;0.01;0.00;0.98;0.32;-3.30;22.48;0.66;0.50;0.003;1.13;2.22;1.38;-1.07
1595606178.519;3018;0.37;-3.28;391.52;0.55;-3.12;54.67;0.68;0.50;617;3;1;5;0.50;0.46;0.47;0.00;0.00;-0.00;0.01;0.88;0.36;-3.28;27.39;0.66;0.50;0.003;1.13;2.22;1.38;-1.07
1595606178.619;3028;0.41;-3.26;396.32;0.55;-3.12;54.67;0.68;0.50;617;3;1;5;0.51;0.46;0.47;0.00;0.00;0.00;-0.01;0.82;0.40;-3.26;32.34;0.66;0.50;0.003;1.13;2.22;1.38;-1.07
1595606178.719;3038;0.44;-3.23;400.91;0.55;-3.12;54.67;0.68;0.50;617;3;1;5;0.51;0.46;0.46;0.00;0.00;0.01;-0.02;0.81;0.44;-3.24;37.33;0.67;0.50;0.003;1.13;2.22;1.38;-1.07
1595606178.819;3043;0.46;-3.22;403.33;0.55;-3.12;54.67;0.68;0.50;617;3;1;5;0.49;0.45;0.58;0.00;0.00;0.00;0.01;0.80;0.45;-3.23;39.00;0.67;0.50;0.003;1.13;2.22;1.38;-1.07
1595606178.919;3043;0.46;-3.22;403.33;0.55;-3.12;54.67;0.68;0.50;617;3;1;5;0.49;0.45;0.58;0.00;0.00;0.00;0.01;0.80;0.45;-3.23;39.00;0.67;0.50;0.003;1.13;2.22;1.38;-1.07
1595606179.019;3043;0.46;-3.22;403.33;0.55;-3.12;54.67;0.68;0.50;617;3;1;5;0.49;0.45;0.58;0.00;0.00;0.00;0.01;0.80;0.45;-3.23;39.00;0.67;0.50;0.003;1.13;2.22;1.38;-1.07
1595606179.119;3049;0.71;-2.87;239.76;0.55;-3.12;54.67;0.68;0.50;617;3;1;5;-0.79;0.28;0.46;0.00;0.00;-0.01;0.03;0.78;0.65;-2.87;81.06;0.54;0.50;0.003;1.13;2.22;1.38;-1.07
1595606179.219;3059;0.71;-2.83;242.99;0.55;-3.12;54.67;0.68;0.50;617;3;1;5;-0.79;0.12;0.43;0.00;0.00;-0.01;0.02;0.49;0.66;-2.82;84.78;0.52;0.50;0.003;1.13;2.22;1.38;-1.07
1595606179.319;3069;0.74;-2.81;239.80;0.55;-3.12;54.67;0.68;0.50;617;3;1;5;-0.79;-0.04;0.34;0.00;0.00;-0.01;0.04;-0.43;0.66;-2.81;85.97;0.51;0.50;0.003;1.13;2.22;1.38;-1.07
1595606179.419;3079;0.75;-2.80;239.51;0.55;-3.12;54.67;0.68;0.50;617;3;1;5;-0.79;-0.18;0.26;0.00;0.00;0.00;-0.00;-0.14;0.66;-2.79;87.14;0.50;0.50;0.003;1.13;2.22;1.38;-1.07
1595606179.519;3089;0.74;-2.80;240.89;0.55;-3.12;54.67;0.68;0.50;617;3;1;5;-0.79;-0.32;-0.00;0.00;0.00;-0.01;0.05;0.25;0.66;-2.81;85.97;0.51;0.50;0.003;1.13;2.22;1.38;-1.07
1595606179.619;3099;0.71;-2.81;243.91;0.55;-3.12;54.67;0.68;0.50;617;3;1;5;-0.79;-0.45;-0.15;0.00;0.00;0.00;0.01;0.68;0.66;-2.81;85.97;0.51;0.50;0.003;1.13;2.22;1.38;-1.07
1595606179.719;3109;0.67;-2.82;249.33;0.55;-3.12;54.67;0.68;0.50;617;3;1;5;-0.79;-0.50;-0.22;0.00;0.00;-0.01;0.00;0.95;0.66;-2.82;84.78;0.52;0.50;0.003;1.13;2.22;1.38;-1.07
1595606179.819;3119;0.62;-2.83;257.24;0.55;-3.12;54.67;0.68;0.50;617;3;1;5;-0.79;-0.50;-0.35;0.00;0.00;-0.01;-0.00;1.31;0.66;-2.84;83.56;0.53;0.50;0.003;1.13;2.22;1.38;-1.07
1595606179.919;3124;0.52;-2.85;261.50;0.55;-3.12;54.67;0.68;0.50;617;3;1;5;0.79;-0.25;-0.41;0.00;0.00;-0.03;0.01;1.44;0.65;-2.87;81.06;0.54;0.50;0.003;1.13;2.22;1.38;-1.07
1595606180.019;3124;0.52;-2.85;261.50;0.55;-3.12;54.67;0.68;0.50;617;3;1;5;0.79;-0.02;-0.41;0.00;0.00;-0.03;0.01;1.44;0.65;-2.87;81.06;0.54;0.50;0.003;1.13;2.22;1.38;-1.07
1595606180.119;3124;0.52;-2.85;261.50;0.55;-3.12;54.67;0.68;0.50;617;3;1;5;0.79;0.21;-0.41;0.00;0.00;-0.03;0.01;1.44;0.65;-2.87;81.06;0.54;0.50;0.003;1.13;2.22;1.38;-1.07
1595606180.219;3124;0.52;-2.85;261.50;0.55;-3.12;54.67;0.68;0.50;617;3;1;5;0.79;0.42;-0.41;0.00;0.00;-0.03;0.01;1.44;0.65;-2.87;81.06;0.54;0.50;0.003;1.13;2.22;1.38;-1.07
1595606180.319;3124;0.52;-2.85;261.50;0.55;-3.12;54.67;0.68;0.50;617;3;1;5;0.79;0.50;-0.41;0.00;0.00;-0.03;0.01;1.44;0.65;-2.87;81.06;0.54;0.50;0.003;1.13;2.22;1.38;-1.07
1595606180.419;3124;0.52;-2.85;261.50;0.55;-3.12;54.67;0.68;0.50;617;3;1;5;0.79;0.50;-0.41;0.00;0.00;-0.03;0.01;1.44;0.65;-2.87;81.06;0.54;0.50;0.003;1.13;2.22;1.38;-1.07
1595606180.519;3124;0.52;-2.85;261.50;0.55;-3.12;54.67;0.68;0.50;617;3;1;5;0.79;0.50;-0.41;0.00;0.00;-0.03;0.01;1.44;0.65;-2.87;81.06;0.54;0.50;0.003;1.13;2.22;1.38;-1.07
1595606180.619;3124;0.52;-2.85;261.50;0.55;-3.12;54.67;0.68;0.50;617;3;1;5;0.79;0.50;-0.41;0.00;0.00;-0.03;0.01;1.44;0.65;-2.87;81.06;0.54;0.50;0.003;1.13;2.22;1.38;-1.07
1595606180.719;3127;0.40;-3.05;134.85;0.55;-3.12;54.67;0.68;0.50;617;3;1;5;-0.79;0.41;0.50;0.00;0.00;-0.01;0.01;1.60;0.52;-3.16;49.12;0.68;0.50;0.003;1.13;2.22;1.38;-1.07
1595606180.819;3137;0.37;-3.02;143.66;0.55;-3.12;54.67;0.68;0.50;617;3;1;5;-0.79;0.32;0.50;0.00;0.00;-0.04;0.04;1.39;0.52;-3.16;49.12;0.68;0.50;0.003;1.13;2.22;1.38;-1.07
1595606180.919;3147;0.34;-3.00;144.09;0.55;-3.12;54.67;0.68;0.50;617;3;1;5;-0.79;0.23;0.48;0.00;0.00;-0.03;0.06;-0.02;0.52;-3.16;49.12;0.68;0.50;0.003;1.13;2.22;1.38;-1.07
1595606181.019;3157;0.31;-2.98;138.32;0.55;-3.12;54.67;0.68;0.50;617;3;1;5;-0.79;0.15;0.41;0.00;0.00;-0.00;0.03;-0.69;0.52;-3.16;49.12;0.68;0.50;0.003;1.13;2.22;1.38;-1.07
1595606181.119;3167;0.30;-2.96;135.06;0.55;-3.12;54.67;0.68;0.50;617;3;1;5;-0.79;0.08;0.28;0.00;0.00;0.01;0.02;-0.50;0.52;-3.16;49.12;0.68;0.50;0.003;1.13;2.22;1.38;-1.07
1595606181.219;3177;0.29;-2.95;133.20;0.55;-3.12;54.67;0.68;0.50;617;3;1;5;-0.79;0.01;0.18;0.00;0.00;0.01;0.02;-0.27;0.53;-3.15;50.83;0.68;0.50;0.003;1.13;2.22;1.38;-1.07
1595606181.319;3187;0.29;-2.95;132.82;0.55;-3.12;54.67;0.68;0.50;617;3;1;5;-0.79;-0.05;0.11;0.00;0.00;0.00;0.00;-0.05;0.53;-3.15;50.83;0.68;0.50;0.003;1.13;2.22;1.38;-1.07
1595606181.419;3197;0.28;-2.95;133.27;0.55;-3.12;54.67;0.68;0.50;617;3;1;5;-0.79;-0.10;0.04;0.00;0.00;-0.00;0.00;0.07;0.53;-3.15;50.83;0.68;0.50;0.003;1.13;2.22;1.38;-1.07
1595606181.519;3207;0.29;-2.95;134.05;0.55;-3.12;54.67;0.68;0.50;617;3;1;5;-0.79;-0.16;-0.01;0.00;0.00;-0.01;0.03;0.21;0.52;-3.16;49.12;0.68;0.50;0.003;1.13;2.22;1.38;-1.07
1595606181.619;3217;0.30;-2.96;136.00;0.55;-3.12;54.67;0.68;0.50;617;3;1;5;-0.79;-0.22;-0.07;0.00;0.00;0.00;0.01;0.39;0.52;-3.16;49.12;0.68;0.50;0.003;1.13;2.22;1.38;-1.07
1595606181.719;3227;0.30;-2.98;139.21;0.55;-3.12;54.67;0.68;0.50;617;3;1;5;-0.79;-0.28;-0.10;0.00;0.00;-0.00;0.01;0.55;0.51;-3.17;47.43;0.68;0.50;0.003;1.13;2.22;1.38;-1.07
1595606181.819;3237;0.31;-2.99;143.32;0.55;-3.12;54.67;0.68;0.50;617;3;1;5;-0.79;-0.34;-0.19;0.00;0.00;-0.03;0.04;0.70;0.51;-3.17;47.43;0.68;0.50;0.003;1.13;2.22;1.38;-1.07
1595606181.919;3247;0.32;-3.01;148.48;0.55;-3.12;54.67;0.68;0.50;617;3;1;5;-0.79;-0.41;-0.25;0.00;0.00;-0.01;-0.01;0.93;0.50;-3.18;45.73;0.67;0.50;0.003;1.13;2.22;1.38;-1.07
1595606182.019;3257;0.34;-3.03;154.62;0.55;-3.12;54.67;0.68;0.50;617;3;1;5;-0.79;-0.48;-0.28;0.00;0.00;-0.02;-0.02;1.14;0.50;-3.18;45.73;0.67;0.50;0.003;1.13;2.22;1.38;-1.07
1595606182.119;3267;0.37;-3.05;162.31;0.55;-3.12;54.67;0.68;0.50;617;3;1;5;-0.79;-0.50;-0.38;0.00;0.00;-0.01;-0.01;1.30;0.51;-3.17;47.43;0.68;0.50;0.003;1.13;2.22;1.38;-1.07
1595606182.219;3277;0.41;-3.07;170.87;0.55;-3.12;54.67;0.68;0.50;617;3;1;5;-0.79;-0.50;-0.45;0.00;0.00;-0.02;-0.02;1.46;0.52;-3.16;49.12;0.68;0.50;0.003;1.13;2.22;1.38;-1.07
1595606182.319;3287;0.45;-3.09;179.70;0.55;-3.12;54.67;0.68;0.50;617;3;1;5;-0.79;-0.50;-0.48;0.00;0.00;-0.02;0.02;1.55;0.53;-3.15;50.83;0.68;0.50;0.003;1.13;2.22;1.38;-1.07
1595606182.419;3297;0.49;-3.10;189.45;0.55;-3.12;54.67;0.68;0.50;617;3;1;5;-0.79;-0.50;-0.48;0.00;0.00;-0.03;0.00;1.58;0.54;-3.14;52.53;0.68;0.50;0.003;1.13;2.22;1.38;-1.07
1595606182.519;3307;0.54;-3.11;198.49;0.55;-3.12;54.67;0.68;0.50;617;3;1;5;-0.79;-0.50;-0.49;0.00;0.00;-0.03;-0.01;1.59;0.55;-3.12;54.24;0.68;0.50;0.003;1.13;2.22;1.38;-1.07
1595606182.619;3317;0.58;-3.11;207.64;0.55;-3.12;54.67;0.68;0.50;617;3;1;5;-0.79;-0.50;-0.49;0.00;0.00;-0.02;-0.04;1.61;0.57;-3.10;57.63;0.67;0.50;0.003;1.13;2.22;1.38;-1.07
1595606182.719;3327;0.63;-3.10;216.68;0.55;-3.12;54.67;0.68;0.50;617;3;1;5;-0.79;-0.50;-0.48;0.00;0.00;-0.00;-0.05;1.62;0.58;-3.07;60.91;0.65;0.50;0.003;1.13;2.22;1.38;-1.07
1595606182.819;3337;0.67;-3.09;226.09;0.55;-3.12;54.67;0.68;0.50;617;3;1;5;-0.79;-0.50;-0.49;0.00;0.00;-0.01;0.02;1.63;0.60;-3.05;64.08;0.64;0.50;0.003;1.13;2.22;1.38;-1.07
1595606182.919;3347;0.71;-3.07;235.54;0.55;-3.12;54.67;0.68;0.50;617;3;1;5;-0.79;-0.50;-0.49;0.00;0.00;-0.02;0.01;1.63;0.61;-3.02;67.16;0.62;0.50;0.003;1.13;2.22;1.38;-1.07
1595606183.019;3357;0.75;-3.04;244.74;0.55;-3.12;54.67;0.68;0.50;617;3;1;5;-0.79;-0.50;-0.48;0.00;0.00;-0.02;0.00;1.62;0.62;-2.99;70.13;0.60;0.50;0.003;1.13;2.22;1.38;-1.07
1595606183.119;3367;0.78;-3.00;254.38;0.55;-3.12;54.67;0.68;0.50;617;3;1;5;0.79;-0.27;-0.49;0.00;0.00;0.00;-0.02;1.62;0.63;-2.96;73.00;0.59;0.50;0.003;1.13;2.22;1.38;-1.07
1595606183.219;3377;0.81;-2.96;263.35;0.55;-3.12;54.67;0.68;0.50;617;3;1;5;0.79;-0.06;-0.47;0.00;0.00;0.01;-0.03;1.51;0.64;-2.93;75.78;0.57;0.50;0.003;1.13;2.22;1.38;-1.07
1595606183.319;3387;0.82;-2.93;265.95;0.55;-3.12;54.67;0.68;0.50;617;3;1;5;0.79;0.14;-0.44;0.00;0.00;-0.01;-0.07;0.42;0.65;-2.90;78.47;0.56;0.50;0.003;1.13;2.22;1.38;-1.07
1595606183.419;3397;0.82;-2.93;265.50;0.55;-3.12;54.67;0.68;0.50;617;3;1;5;0.79;0.33;-0.20;0.00;0.00;-0.01;0.02;0.24;0.65;-2.90;78.47;0.56;0.50;0.003;1.13;2.22;1.38;-1.07
1595606183.519;3407;0.82;-2.95;268.25;0.55;-3.12;54.67;0.68;0.50;617;3;1;5;0.79;0.50;0.06;0.00;0.00;-0.01;0.01;0.54;0.64;-2.91;77.14;0.57;0.50;0.003;1.13;2.22;1.38;-1.07
1595606183.619;3417;0.83;-2.97;274.32;0.55;-3.12;54.67;0.68;0.50;617;3;1;5;0.79;0.50;0.16;0.00;0.00;-0.00;0.02;1.10;0.64;-2.93;75.78;0.57;0.50;0.003;1.13;2.22;1.38;-1.07
1595606183.719;3427;0.85;-3.01;283.54;0.55;-3.12;54.67;0.68;0.50;617;3;1;5;0.79;0.50;0.42;0.00;0.00;0.00;0.01;1.49;0.63;-2.94;74.41;0.58;0.50;0.003;1.13;2.22;1.38;-1.07
1595606183.819;3437;0.86;-3.06;292.23;0.55;-3.12;54.67;0.68;0.50;617;3;1;5;0.79;0.50;0.49;0.00;0.00;-0.01;0.02;1.59;0.63;-2.97;71.58;0.60;0.50;0.003;1.13;2.22;1.38;-1.07
1595606183.919;3447;0.88;-3.10;302.13;0.55;-3.12;54.67;0.68;0.50;617;3;1;5;0.79;0.50;0.49;0.00;0.00;-0.01;0.02;1.63;0.62;-3.00;68.66;0.61;0.50;0.003;1.13;2.22;1.38;-1.07
1595606184.019;3457;0.90;-3.13;311.23;0.55;-3.12;54.67;0.68;0.50;617;3;1;5;0.79;0.50;0.51;0.00;0.00;0.00;0.00;1.64;0.61;-3.02;67.16;0.62;0.50;0.003;1.13;2.22;1.38;-1.07
1595606184.119;3467;0.93;-3.17;321.96;0.55;-3.12;54.67;0.68;0.50;617;3;1;5;0.79;0.50;0.51;0.00;0.00;-0.02;0.02;1.65;0.61;-3.02;67.16;0.62;0.50;0.003;1.13;2.22;1.38;-1.07
1595606184.219;3477;0.97;-3.19;330.42;0.55;-3.12;54.67;0.68;0.50;617;3;1;5;0.79;0.50;0.50;0.00;0.00;-0.03;0.01;1.63;0.60;-3.03;65.63;0.63;0.50;0.003;1.13;2.22;1.38;-1.07
1595606184.319;3487;1.01;-3.21;339.24;0.55;-3.12;54.67;0.68;0.50;617;3;1;5;0.79;0.50;0.49;0.00;0.00;-0.01;-0.01;1.61;0.60;-3.03;65.63;0.63;0.50;0.003;1.13;2.22;1.38;-1.07
1595606184.419;3497;1.05;-3.22;348.55;0.55;-3.12;54.67;0.68;0.50;617;3;1;5;0.79;0.50;0.50;0.00;0.00;-0.01;-0.02;1.61;0.60;-3.03;65.63;0.63;0.50;0.003;1.13;2.22;1.38;-1.07
1595606184.519;3507;1.10;-3.23;358.06;0.55;-3.12;54.67;0.68;0.50;617;3;1;5;0.79;0.50;0.50;0.00;0.00;0.01;-0.01;1.62;0.61;-3.02;67.16;0.62;0.50;0.003;1.13;2.22;1.38;-1.07
1595606184.619;3517;1.14;-3.24;368.07;0.55;-3.12;54.67;0.68;0.50;617;3;1;5;0.79;0.50;0.50;0.00;0.00;-0.00;0.01;1.64;0.61;-3.02;67.16;0.62;0.50;0.003;1.13;2.22;1.38;-1.07
1595606184.719;3527;1.19;-3.23;377.50;0.55;-3.12;54.67;0.68;0.50;617;3;1;5;0.79;0.50;0.50;0.00;0.00;-0.02;0.02;1.65;0.62;-3.00;68.66;0.61;0.50;0.003;1.13;2.22;1.38;-1.07
1595606184.819;3537;1.23;-3.22;387.14;0.55;-3.12;54.67;0.68;0.50;617;3;1;5;0.79;0.50;0.50;0.00;0.00;-0.00;0.02;1.66;0.62;-2.99;70.13;0.60;0.50;0.003;1.13;2.22;1.38;-1.07
1595606184.919;3547;1.27;-3.20;396.31;0.55;-3.12;54.67;0.68;0.50;617;3;1;5;0.79;0.50;0.49;0.00;0.00;-0.01;-0.00;1.63;0.63;-2.97;71.58;0.60;0.50;0.003;1.13;2.22;1.38;-1.07
1595606185.019;3557;1.31;-3.17;405.76;0.55;-3.12;54.67;0.68;0.50;617;3;1;5;0.79;0.49;0.50;0.00;0.00;-0.00;-0.02;1.64;0.63;-2.96;73.00;0.59;0.50;0.003;1.13;2.22;1.38;-1.07
1595606185.119;3567;1.34;-3.13;414.58;0.55;-3.12;54.67;0.68;0.50;617;3;1;5;0.79;0.47;0.51;0.00;0.00;0.01;-0.02;1.66;0.63;-2.94;74.41;0.58;0.50;0.003;1.13;2.22;1.38;-1.07
1595606185.219;3577;1.50;-2.85;243.88;0.55;-3.12;54.67;0.68;0.50;617;3;1;5;-0.79;0.24;0.38;0.00;0.00;-0.02;0.01;1.63;0.66;-2.79;87.14;0.50;0.50;0.003;1.13;2.22;1.38;-1.07
1595606185.319;3587;1.48;-2.79;253.15;0.55;-3.12;54.67;0.68;0.50;617;3;1;5;-0.79;0.01;0.48;0.00;0.00;-0.02;0.02;1.38;0.66;-2.78;88.30;0.50;0.50;0.003;1.13;2.22;1.38;-1.07
1595606185.419;3597;1.49;-2.76;254.63;0.55;-3.12;54.67;0.68;0.50;617;3;1;5;-0.79;-0.20;0.40;0.00;0.00;-0.00;0.08;0.38;0.66;-2.76;89.43;0.49;0.50;0.003;1.13;2.22;1.38;-1.07
1595606185.519;3607;1.48;-2.77;254.80;0.55;-3.12;54.67;0.68;0.50;617;3;1;5;-0.79;-0.41;0.20;0.00;0.00;0.01;-0.04;0.29;0.66;-2.76;89.43;0.49;0.50;0.003;1.13;2.22;1.38;-1.07
1595606185.619;3617;1.46;-2.78;259.25;0.55;-3.12;54.67;0.68;0.50;617;3;1;5;-0.79;-0.50;-0.06;0.00;0.00;-0.01;0.01;0.73;0.66;-2.76;89.43;0.49;0.50;0.003;1.13;2.22;1.38;-1.07
1595606185.719;3627;1.41;-2.81;266.33;0.55;-3.12;54.67;0.68;0.50;617;3;1;5;-0.79;-0.50;-0.28;0.00;0.00;-0.00;-0.00;1.21;0.66;-2.78;88.30;0.50;0.50;0.003;1.13;2.22;1.38;-1.07
1595606185.819;3637;1.36;-2.85;275.40;0.55;-3.12;54.67;0.68;0.50;617;3;1;5;0.79;-0.32;-0.43;0.00;0.00;-0.00;0.02;1.51;0.66;-2.81;85.97;0.51;0.50;0.003;1.13;2.22;1.38;-1.07
1595606185.919;3647;1.31;-2.90;284.88;0.55;-3.12;54.67;0.68;0.50;617;3;1;5;0.79;-0.16;-0.49;0.00;0.00;-0.01;-0.01;1.53;0.66;-2.84;83.56;0.53;0.50;0.003;1.13;2.22;1.38;-1.07
1595606186.019;3657;1.30;-2.95;288.25;0.55;-3.12;54.67;0.68;0.50;617;3;1;5;0.79;-0.01;-0.45;0.00;0.00;-0.01;-0.06;0.56;0.65;-2.85;82.32;0.53;0.50;0.003;1.13;2.22;1.38;-1.07
1595606186.119;3667;1.32;-2.96;285.58;0.55;-3.12;54.67;0.68;0.50;617;3;1;5;0.79;0.13;-0.31;0.00;0.00;0.01;-0.00;-0.04;0.65;-2.85;82.32;0.53;0.50;0.003;1.13;2.22;1.38;-1.07
1595606186.219;3677;1.32;-2.95;286.80;0.55;-3.12;54.67;0.68;0.50;617;3;1;5;0.79;0.27;-0.12;0.00;0.00;0.00;-0.03;0.12;0.65;-2.85;82.32;0.53;0.50;0.003;1.13;2.22;1.38;-1.07
1595606186.319;3687;1.38;-3.21;109.49;0.55;-3.12;54.67;0.68;0.50;617;3;1;5;0.79;0.20;0.06;0.00;0.00;-0.01;0.00;0.52;0.63;-2.97;71.58;0.60;0.50;0.003;1.13;2.22;1.38;-1.07
1595606186.419;3697;1.36;-3.19;113.54;0.55;-3.12;54.67;0.68;0.50;617;3;1;5;0.79;0.13;0.19;0.00;0.00;-0.03;0.05;0.66;0.63;-2.96;73.00;0.59;0.50;0.003;1.13;2.22;1.38;-1.07
1595606186.519;3707;1.35;-3.17;116.55;0.55;-3.12;54.67;0.68;0.50;617;3;1;5;0.79;0.06;0.22;0.00;0.00;-0.01;0.03;0.51;0.63;-2.96;73.00;0.59;0.50;0.003;1.13;2.22;1.38;-1.07
1595606186.619;3717;1.35;-3.17;118.50;0.55;-3.12;54.67;0.68;0.50;617;3;1;5;0.79;-0.01;0.19;0.00;0.00;-0.00;0.03;0.27;0.63;-2.96;73.00;0.59;0.50;0.003;1.13;2.22;1.38;-1.07
1595606186.719;3727;1.35;-3.16;118.96;0.55;-3.12;54.67;0.68;0.50;617;3;1;5;0.79;-0.08;0.08;0.00;0.00;-0.01;0.03;0.07;0.63;-2.96;73.00;0.59;0.50;0.003;1.13;2.22;1.38;-1.07
1595606186.819;3737;1.35;-3.17;118.73;0.55;-3.12;54.67;0.68;0.50;617;3;1;5;0.79;-0.14;0.01;0.00;0.00;-0.01;0.01;-0.08;0.63;-2.96;73.00;0.59;0.50;0.003;1.13;2.22;1.38;-1.07
1595606186.919;3747;1.35;-3.17;116.82;0.55;-3.12;54.67;0.68;0.50;617;3;1;5;0.79;-0.20;-0.02;0.00;0.00;-0.01;-0.00;-0.26;0.63;-2.96;73.00;0.59;0.50;0.003;1.13;2.22;1.38;-1.07
1595606187.019;3757;1.36;-3.19;114.80;0.55;-3.12;54.67;0.68;0.50;617;3;1;5;0.79;-0.25;-0.12;0.00;0.00;0.01;0.02;-0.48;0.63;-2.96;73.00;0.59;0.50;0.003;1.13;2.22;1.38;-1.07
1595606187.119;3767;1.37;-3.21;111.03;0.55;-3.12;54.67;0.68;0.50;617;3;1;5;0.79;-0.30;-0.16;0.00;0.00;0.03;0.00;-0.65;0.63;-2.97;71.58;0.60;0.50;0.003;1.13;2.22;1.38;-1.07
1595606187.219;3777;1.38;-3.23;106.85;0.55;-3.12;54.67;0.68;0.50;617;3;1;5;0.79;-0.34;-0.21;0.00;0.00;0.02;0.00;-0.79;0.63;-2.97;71.58;0.60;0.50;0.003;1.13;2.22;1.38;-1.07
1595606187.319;3787;1.39;-3.26;101.45;0.55;-3.12;54.67;0.68;0.50;617;3;1;5;0.79;-0.38;-0.28;0.00;0.00;0.01;0.02;-0.93;0.62;-2.99;70.13;0.60;0.50;0.003;1.13;2.22;1.38;-1.07
1595606187.419;3797;1.40;-3.29;94.87;0.55;-3.12;54.67;0.68;0.50;617;3;1;5;0.79;-0.40;-0.31;0.00;0.00;0.02;-0.01;-1.06;0.62;-3.00;68.66;0.61;0.50;0.003;1.13;2.22;1.38;-1.07
1595606187.519;3807;1.40;-3.32;88.58;0.55;-3.12;54.67;0.68;0.50;617;3;1;5;0.79;-0.42;-0.34;0.00;0.00;-0.00;0.00;-1.18;0.62;-3.00;68.66;0.61;0.50;0.003;1.13;2.22;1.38;-1.07
1595606187.619;3817;1.40;-3.36;81.31;0.55;-3.12;54.67;0.68;0.50;617;3;1;5;0.79;-0.43;-0.39;0.00;0.00;0.01;0.02;-1.27;0.61;-3.02;67.16;0.62;0.50;0.003;1.13;2.22;1.38;-1.07
1595606187.719;3827;1.40;-3.40;74.16;0.55;-3.12;54.67;0.68;0.50;617;3;1;5;0.79;-0.43;-0.40;0.00;0.00;0.02;0.01;-1.30;0.60;-3.03;65.63;0.63;0.50;0.003;1.13;2.22;1.38;-1.07
1595606187.819;3837;1.39;-3.45;66.47;0.55;-3.12;54.67;0.68;0.50;617;3;1;5;0.79;-0.42;-0.42;0.00;0.00;0.01;0.03;-1.34;0.60;-3.05;64.08;0.64;0.50;0.003;1.13;2.22;1.38;-1.07
1595606187.919;3847;1.38;-3.49;58.28;0.55;-3.12;54.67;0.68;0.50;617;3;1;5;0.79;-0.41;-0.42;0.00;0.00;0.01;-0.00;-1.33;0.59;-3.06;62.51;0.64;0.50;0.003;1.13;2.22;1.38;-1.07
1595606188.019;3857;1.36;-3.53;51.16;0.55;-3.12;54.67;0.68;0.50;617;3;1;5;0.79;-0.39;-0.42;0.00;0.00;0.01;-0.00;-1.29;0.57;-3.09;59.28;0.66;0.50;0.003;1.13;2.22;1.38;-1.07
1595606188.119;3867;1.43;-3.57;44.75;0.55;-3.12;54.67;0.68;0.50;617;3;1;5;0.79;-0.36;-0.41;0.00;0.00;0.00;0.01;-1.22;0.57;-3.09;59.28;0.66;0.50;0.003;1.13;2.22;1.38;-1.07
1595606188.219;3867;1.43;-3.57;44.75;0.55;-3.12;54.67;0.68;0.50;617;3;1;5;0.79;-0.34;-0.41;0.00;0.00;0.00;0.01;-1.22;0.57;-3.09;59.28;0.66;0.50;0.003;1.13;2.22;1.38;-1.07
1595606188.319;3867;1.43;-3.57;44.75;0.55;-3.12;54.67;0.68;0.50;617;3;1;5;0.79;-0.31;-0.41;0.00;0.00;0.00;0.01;-1.22;0.57;-3.09;59.28;0.66;0.50;0.003;1.13;2.22;1.38;-1.07
1595606188.419;3867;1.43;-3.57;44.75;0.55;-3.12;54.67;0.68;0.50;617;3;1;5;0.79;-0.29;-0.41;0.00;0.00;0.00;0.01;-1.22;0.57;-3.09;59.28;0.66;0.50;0.003;1.13;2.22;1.38;-1.07
1595606188.519;3867;1.43;-3.57;44.75;0.55;-3.12;54.67;0.68;0.50;617;3;1;5;0.79;-0.27;-0.41;0.00;0.00;0.00;0.01;-1.22;0.57;-3.09;59.28;0.66;0.50;0.003;1.13;2.22;1.38;-1.07
1595606188.619;3867;1.43;-3.57;44.75;0.55;-3.12;54.67;0.68;0.50;617;3;1;5;0.79;-0.25;-0.41;0.00;0.00;0.00;0.01;-1.22;0.57;-3.09;59.28;0.66;0.50;0.003;1.13;2.22;1.38;-1.07
1595606188.721;3870;1.48;-3.63;-167.08;0.55;-3.12;54.67;0.68;0.50;617;3;1;5;-0.79;-0.39;-0.27;0.00;0.00;0.01;0.01;-0.78;0.57;-3.09;59.28;0.66;0.50;0.004;1.13;2.22;1.38;-1.07
1595606188.822;3880;1.46;-3.66;-170.80;0.55;-3.12;54.67;0.68;0.50;617;3;1;5;-0.79;-0.50;-0.26;0.00;0.00;0.01;-0.01;-0.49;0.57;-3.10;57.63;0.67;0.50;0.005;1.13;2.22;1.38;-1.07
1595606188.922;3890;1.42;-3.64;-166.58;0.55;-3.12;54.67;0.68;0.50;617;3;1;5;-0.79;-0.50;-0.27;0.00;0.00;0.02;-0.04;0.79;0.57;-3.10;57.63;0.67;0.50;0.006;1.13;2.22;1.38;-1.07
1595606189.022;3900;1.37;-3.61;-160.96;0.55;-3.12;54.67;0.68;0.50;617;3;1;5;-0.79;-0.50;-0.37;0.00;0.00;-0.00;-0.01;1.35;0.57;-3.10;57.63;0.67;0.50;0.006;1.13;2.22;1.38;-1.07
1595606189.122;3910;1.31;-3.58;-151.96;0.55;-3.12;54.67;0.68;0.50;617;3;1;5;-0.79;-0.50;-0.37;0.00;0.00;-0.03;-0.00;1.50;0.57;-3.10;57.63;0.67;0.50;0.005;1.13;2.22;1.38;-1.07
1595606189.222;3920;1.24;-3.56;-143.59;0.55;-3.12;54.67;0.68;0.50;617;3;1;5;-0.79;-0.50;-0.50;0.00;0.00;-0.00;0.00;1.54;0.56;-3.11;55.95;0.68;0.50;0.005;1.13;2.22;1.38;-1.07
1595606189.322;3923;1.23;-3.54;-138.19;0.55;-3.12;54.67;0.68;0.50;617;3;1;5;-0.79;-0.50;-0.50;0.00;0.00;-0.01;0.02;1.56;0.57;-3.10;57.63;0.67;0.50;0.005;1.13;2.22;1.38;-1.07
1595606189.422;3923;1.23;-3.54;-138.19;0.55;-3.12;54.67;0.68;0.50;617;3;1;5;-0.79;-0.50;-0.50;0.00;0.00;-0.01;0.02;1.56;0.57;-3.10;57.63;0.67;0.50;0.005;1.13;2.22;1.38;-1.07
1595606189.522;3923;1.23;-3.54;-138.19;0.55;-3.12;54.67;0.68;0.50;617;3;1;5;-0.79;-0.50;-0.50;0.00;0.00;-0.01;0.02;1.56;0.57;-3.10;57.63;0.67;0.50;0.005;1.13;2.22;1.38;-1.07
1595606189.622;3923;1.23;-3.54;-138.19;0.55;-3.12;54.67;0.68;0.50;617;3;1;5;-0.79;-0.50;-0.50;0.00;0.00;-0.01;0.02;1.56;0.57;-3.10;57.63;0.67;0.50;0.006;1.13;2.22;1.38;-1.07
1595606189.722;3923;1.23;-3.54;-138.19;0.55;-3.12;54.67;0.68;0.50;617;3;1;5;-0.79;-0.50;-0.50;0.00;0.00;-0.01;0.02;1.56;0.57;-3.10;57.63;0.67;0.50;0.006;1.13;2.22;1.38;-1.07
1595606189.822;3923;1.23;-3.54;-138.19;0.55;-3.12;54.67;0.68;0.50;617;3;1;5;-0.79;-0.50;-0.50;0.00;0.00;-0.01;0.02;1.56;0.57;-3.10;57.63;0.67;0.50;0.006;1.13;2.22;1.38;-1.07
1595606189.922;3923;1.23;-3.54;-138.19;0.55;-3.12;54.67;0.68;0.50;617;3;1;5;-0.79;-0.50;-0.50;0.00;0.00;-0.01;0.02;1.56;0.57;-3.10;57.63;0.67;0.50;0.005;1.13;2.22;1.38;-1.07
1595606190.022;3927;0.63;-3.71;-71.40;0.55;-3.12;54.67;0.68;0.50;617;3;1;5;0.79;-0.33;-0.49;0.00;0.00;-0.01;-0.00;1.63;0.38;-3.28;29.04;0.66;0.50;0.006;1.13;2.22;1.38;-1.07
1595606190.122;3927;0.63;-3.71;-71.40;0.55;-3.12;54.67;0.68;0.50;617;3;1;5;0.79;-0.18;-0.49;0.00;0.00;-0.01;-0.00;1.63;0.38;-3.28;29.04;0.66;0.50;0.006;1.13;2.22;1.38;-1.07
