t;frame;x;y;z;x_ref;y_ref;z_ref;delta_ref;u_ref;state;ellipse;control;action;delta;u;vx;vy;vz;wx;wy;wz;xr;yr;zr;delr;ur
246967.445;10;-0.30;-2.24;-177.59;-0.39;-2.28;180.00;0.00;0.50;876;1;1;0;-0.00;0.00;-0.00;0.00;-0.00;0.01;0.01;0.00;-0.31;-2.28;180.00;0.00;0.07;0.033
246967.515;16;-0.30;-2.24;-177.58;-0.39;-2.28;180.00;0.00;0.50;876;1;1;0;-0.00;0.01;-0.00;-0.00;0.00;0.01;0.00;0.00;-0.31;-2.28;180.00;0.00;0.07;0.006
246967.615;24;-0.30;-2.24;-177.57;-0.39;-2.28;180.00;0.00;0.50;876;1;1;0;-0.00;0.01;-0.00;-0.00;0.00;-0.01;-0.00;0.01;-0.31;-2.28;180.00;0.00;0.07;0.008
246967.715;33;-0.30;-2.24;-177.56;-0.39;-2.28;180.00;0.00;0.50;876;1;1;0;-0.01;0.02;0.01;0.00;0.00;-0.01;-0.01;0.01;-0.31;-2.28;180.00;0.00;0.07;0.006
246967.835;48;-0.31;-2.24;-177.55;-0.39;-2.28;180.00;0.00;0.50;876;1;1;0;-0.01;0.02;0.02;-0.01;0.01;0.01;-0.01;-0.00;-0.31;-2.28;180.00;0.00;0.07;0.026
246967.915;53;-0.31;-2.24;-177.55;-0.39;-2.28;180.00;0.00;0.50;876;1;1;0;-0.01;0.02;0.02;-0.00;-0.00;0.01;0.01;0.00;-0.31;-2.28;180.00;0.00;0.07;0.009
246968.015;63;-0.31;-2.24;-177.53;-0.39;-2.28;180.00;0.00;0.50;876;1;1;0;-0.01;0.03;0.02;-0.00;-0.00;0.01;0.01;0.01;-0.31;-2.28;180.00;0.00;0.07;0.012
246968.115;76;-0.31;-2.24;-177.52;-0.39;-2.28;180.00;0.00;0.50;876;1;1;0;-0.01;0.03;0.03;-0.00;0.00;-0.00;-0.02;0.00;-0.31;-2.28;180.00;0.00;0.07;0.007
246968.215;86;-0.32;-2.24;-177.51;-0.39;-2.28;180.00;0.00;0.50;876;1;1;0;-0.01;0.03;0.03;0.00;0.00;0.00;-0.04;0.01;-0.31;-2.28;180.00;0.00;0.07;0.006
246968.325;95;-0.32;-2.24;-177.50;-0.39;-2.28;180.00;0.00;0.50;876;1;1;0;-0.01;0.04;0.04;0.00;-0.03;-0.01;0.24;-0.00;-0.32;-2.28;180.00;0.00;0.14;0.011
246968.415;105;-0.32;-2.24;-177.51;-0.39;-2.28;180.00;0.00;0.50;876;1;1;0;-0.01;0.04;0.04;-0.00;-0.00;0.04;-0.06;-0.00;-0.32;-2.28;180.00;0.00;0.18;0.007
246968.515;114;-0.33;-2.24;-177.51;-0.39;-2.28;180.00;0.00;0.50;876;1;1;0;-0.01;0.05;0.04;0.00;0.00;0.00;-0.00;-0.01;-0.33;-2.28;180.00;0.00;0.21;0.011
246968.625;124;-0.33;-2.24;-177.52;-0.39;-2.28;180.00;0.00;0.50;876;1;1;0;-0.01;0.06;0.05;0.00;-0.00;-0.01;0.01;-0.01;-0.33;-2.28;180.00;0.00;0.25;0.012
246968.715;133;-0.34;-2.24;-177.52;-0.54;-2.28;180.00;-0.00;0.50;876;2;1;0;-0.01;0.07;0.06;0.00;0.00;0.00;-0.00;-0.00;-0.34;-2.28;180.00;0.00;0.28;0.008
246968.805;143;-0.34;-2.24;-177.53;-0.54;-2.28;180.00;-0.00;0.50;876;2;1;0;-0.01;0.08;0.08;0.00;-0.03;-0.01;0.24;-0.00;-0.34;-2.28;180.00;0.00;0.32;0.003
246968.905;152;-0.35;-2.24;-177.53;-0.54;-2.28;180.00;-0.00;0.50;876;2;1;0;-0.01;0.10;0.09;0.00;-0.03;-0.01;0.22;0.00;-0.35;-2.28;180.00;0.00;0.35;0.003
246969.005;162;-0.36;-2.24;-177.54;-0.54;-2.28;180.00;-0.00;0.50;876;2;1;0;-0.01;0.11;0.09;-0.00;0.01;0.00;-0.04;0.00;-0.36;-2.28;180.00;0.00;0.39;0.003
246969.105;173;-0.37;-2.24;-177.54;-0.54;-2.28;180.00;-0.00;0.50;876;2;1;0;-0.02;0.13;0.11;-0.00;-0.00;-0.03;-0.06;0.00;-0.37;-2.28;180.00;0.00;0.42;0.003
246969.215;186;-0.38;-2.24;-177.52;-0.54;-2.28;180.00;-0.00;0.50;876;2;1;0;-0.02;0.14;0.12;-0.00;0.01;0.00;-0.04;0.00;-0.39;-2.28;180.00;0.00;0.49;0.007
246969.305;196;-0.40;-2.24;-177.52;-0.54;-2.28;180.00;-0.00;0.50;876;2;1;0;-0.02;0.16;0.14;0.00;-0.00;0.01;0.02;-0.01;-0.39;-2.28;180.00;0.00;0.49;0.006
246969.415;205;-0.41;-2.24;-177.50;-0.54;-2.28;180.00;-0.00;0.50;876;2;1;0;-0.02;0.18;0.15;-0.00;0.01;0.00;-0.04;-0.00;-0.41;-2.28;180.00;0.00;0.50;0.008
246969.515;214;-0.43;-2.24;-177.52;-0.54;-2.28;180.00;-0.00;0.50;876;2;1;0;-0.02;0.19;0.18;0.00;-0.03;-0.01;0.22;-0.01;-0.43;-2.28;180.00;0.00;0.50;0.007
246969.605;224;-0.45;-2.24;-177.55;-0.54;-2.28;180.00;-0.00;0.50;876;2;1;0;-0.02;0.21;0.20;0.00;-0.03;-0.01;0.22;-0.01;-0.44;-2.28;180.00;0.00;0.50;0.007
246969.715;234;-0.47;-2.24;-177.59;-0.54;-2.28;180.00;-0.00;0.50;876;2;1;0;-0.02;0.22;0.22;0.00;-0.03;-0.01;0.22;-0.01;-0.46;-2.28;180.00;0.00;0.50;0.013
246969.845;249;-0.50;-2.24;-177.63;-0.54;-2.28;180.00;-0.00;0.50;876;2;1;0;-0.02;0.23;0.21;0.00;0.01;0.00;-0.04;-0.01;-0.48;-2.28;180.00;0.00;0.50;0.025
246969.915;253;-0.51;-2.24;-177.66;-0.69;-2.28;180.00;0.00;0.50;876;3;1;0;-0.02;0.25;0.22;-0.00;0.00;0.00;-0.04;-0.01;-0.51;-2.28;180.00;0.00;0.50;0.007
246970.015;264;-0.53;-2.25;-177.66;-0.69;-2.28;180.00;0.00;0.50;876;3;1;0;-0.02;0.26;0.25;-0.00;-0.00;-0.03;-0.06;-0.01;-0.53;-2.28;180.00;-0.00;0.50;0.008
246970.115;272;-0.55;-2.25;-177.69;-0.69;-2.28;180.00;0.00;0.50;876;3;1;0;-0.02;0.27;0.26;0.00;-0.03;-0.01;0.21;-0.01;-0.55;-2.28;180.00;-0.00;0.50;0.009
246970.225;287;-0.59;-2.25;-177.74;-0.69;-2.28;180.00;0.00;0.50;876;3;1;0;-0.03;0.28;0.27;-0.00;0.00;0.01;-0.03;-0.01;-0.58;-2.28;180.00;-0.00;0.50;0.010
246970.305;296;-0.62;-2.25;-177.81;-0.69;-2.28;180.00;0.00;0.50;876;3;1;0;-0.02;0.29;0.27;0.00;0.00;0.01;-0.04;-0.01;-0.61;-2.28;180.00;0.00;0.50;0.002
246970.425;306;-0.64;-2.25;-177.89;-0.69;-2.28;180.00;0.00;0.50;876;3;1;0;-0.02;0.30;0.29;-0.00;-0.00;-0.02;0.03;-0.00;-0.65;-2.28;180.00;0.00;0.50;0.012
246970.505;315;-0.67;-2.25;-177.95;-0.69;-2.28;180.00;0.00;0.50;876;3;1;0;-0.02;0.30;0.30;-0.00;0.00;0.00;-0.01;-0.02;-0.67;-2.28;180.00;0.00;0.50;0.002
246970.605;324;-0.70;-2.25;-177.99;-0.85;-2.28;180.00;-0.00;0.50;876;4;1;0;-0.02;0.30;0.30;-0.00;0.00;0.00;-0.01;-0.01;-0.70;-2.28;180.00;0.00;0.50;0.005
246970.705;335;-0.73;-2.25;-178.02;-0.85;-2.28;180.00;-0.00;0.50;876;4;1;0;-0.02;0.30;0.30;0.00;-0.00;-0.03;0.05;-0.00;-0.73;-2.28;180.00;0.00;0.50;0.001
246970.805;343;-0.76;-2.25;-178.06;-0.85;-2.28;180.00;-0.00;0.50;876;4;1;0;-0.02;0.30;0.30;0.00;0.00;-0.02;0.02;-0.02;-0.75;-2.28;180.00;0.00;0.50;0.001
246970.905;352;-0.78;-2.25;-178.11;-0.85;-2.28;180.00;-0.00;0.50;876;4;1;0;-0.02;0.30;0.30;-0.00;-0.00;0.02;-0.03;-0.01;-0.79;-2.28;180.00;-0.00;0.50;0.002
246971.005;363;-0.82;-2.26;-178.17;-0.85;-2.28;180.00;-0.00;0.50;876;4;1;0;-0.02;0.30;0.30;-0.00;0.00;-0.02;0.03;-0.01;-0.82;-2.28;180.00;-0.00;0.50;0.001
246971.105;375;-0.85;-2.26;-178.22;-1.00;-2.28;180.00;0.00;0.50;876;5;1;0;-0.02;0.30;0.30;-0.00;0.00;-0.02;0.03;-0.01;-0.85;-2.28;180.00;-0.00;0.50;0.002
246971.205;386;-0.88;-2.26;-178.26;-1.00;-2.28;180.00;0.00;0.50;876;5;1;0;-0.02;0.30;0.30;-0.00;-0.00;0.02;-0.03;-0.00;-0.88;-2.28;180.00;-0.00;0.50;0.000
246971.305;394;-0.91;-2.26;-178.29;-1.00;-2.28;180.00;0.00;0.50;876;5;1;0;-0.02;0.30;0.30;-0.00;-0.00;0.02;-0.03;-0.00;-0.90;-2.28;180.00;-0.00;0.50;0.001
246971.415;405;-0.94;-2.26;-178.33;-1.00;-2.28;180.00;0.00;0.50;876;5;1;0;-0.02;0.30;0.30;-0.00;0.00;-0.02;0.03;-0.01;-0.94;-2.28;180.00;-0.00;0.50;0.002
246971.505;413;-0.97;-2.26;-178.36;-1.00;-2.28;180.00;0.00;0.50;876;5;1;0;-0.02;0.30;0.30;-0.00;0.00;-0.02;0.03;-0.01;-0.97;-2.28;180.00;0.00;0.50;0.001
246971.605;423;-1.00;-2.26;-178.39;-1.15;-2.28;180.00;-0.00;0.50;876;6;1;0;-0.02;0.30;0.30;-0.00;0.00;-0.02;0.03;-0.01;-0.99;-2.28;180.00;0.00;0.50;0.001
246971.705;433;-1.03;-2.26;-178.43;-1.15;-2.28;180.00;-0.00;0.50;876;6;1;0;-0.03;0.30;0.30;-0.00;0.00;-0.02;0.03;-0.01;-1.02;-2.28;180.00;0.00;0.50;0.000
246971.805;442;-1.05;-2.26;-178.46;-1.15;-2.28;180.00;-0.00;0.50;876;6;1;0;-0.03;0.30;0.30;-0.00;-0.00;0.02;-0.03;-0.00;-1.06;-2.28;180.00;0.00;0.50;0.000
246971.905;452;-1.08;-2.26;-178.49;-1.15;-2.28;180.00;-0.00;0.50;876;6;1;0;-0.03;0.30;0.30;-0.00;-0.00;0.02;-0.03;-0.00;-1.09;-2.28;180.00;0.00;0.50;0.000
246972.015;466;-1.13;-2.26;-178.54;-1.15;-2.28;180.00;-0.00;0.50;876;6;1;0;-0.03;0.30;0.30;-0.00;-0.00;0.02;-0.03;-0.00;-1.12;-2.28;180.00;-0.00;0.50;0.005
246972.105;475;-1.15;-2.26;-178.57;-1.15;-2.28;180.00;-0.00;0.50;876;6;1;0;-0.03;0.30;0.30;-0.00;0.00;-0.02;0.03;-0.01;-1.15;-2.28;180.00;-0.00;0.50;0.001
246972.235;486;-1.19;-2.27;-178.60;-1.52;-2.26;162.35;-0.79;0.50;1602;1;1;6;-0.03;0.30;0.30;-0.00;-0.00;0.02;-0.03;-0.00;-1.18;-2.28;180.00;-0.00;0.50;0.020
246972.355;499;-1.22;-2.27;-178.65;-1.52;-2.26;162.35;-0.79;0.50;1602;1;1;6;0.16;0.30;0.30;-0.00;0.00;-0.02;0.03;-0.01;-1.32;-2.28;180.03;-0.10;0.06;0.031
246972.425;505;-1.24;-2.27;-178.10;-1.52;-2.26;162.35;-0.79;0.50;1602;1;1;6;0.05;0.30;0.30;-0.00;-0.00;0.00;0.02;0.20;-1.32;-2.28;180.03;-0.10;0.06;0.022
246972.515;513;-1.27;-2.27;-177.61;-1.52;-2.26;162.35;-0.79;0.50;1602;1;1;6;-0.04;0.30;0.30;0.00;0.00;-0.02;-0.04;0.00;-1.32;-2.28;180.03;-0.10;0.06;0.008
246972.605;523;-1.30;-2.27;-177.79;-1.52;-2.26;162.35;-0.79;0.50;1602;1;1;6;-0.11;0.29;0.30;0.00;-0.00;0.01;0.02;-0.09;-1.32;-2.28;180.03;-0.10;0.06;0.005
246972.725;537;-1.34;-2.27;-178.59;-1.52;-2.26;162.35;-0.79;0.50;1602;1;1;6;-0.22;0.28;0.29;-0.00;-0.00;0.03;-0.05;-0.09;-1.32;-2.28;180.01;-0.17;0.11;0.013
246972.815;544;-1.35;-2.27;-179.22;-1.52;-2.26;162.35;-0.79;0.50;1602;1;1;6;-0.39;0.28;0.28;0.00;0.00;0.00;0.00;-0.23;-1.35;-2.29;179.17;-0.33;0.21;0.014
246972.935;556;-1.39;-2.27;-181.53;-1.52;-2.26;162.35;-0.79;0.50;1602;1;1;6;-0.53;0.28;0.28;0.00;-0.01;-0.00;0.00;-0.35;-1.39;-2.28;176.79;-0.48;0.30;0.025
246973.015;565;-1.42;-2.27;-183.66;-1.52;-2.26;162.35;-0.79;0.50;1602;1;1;6;-0.60;0.29;0.27;0.03;-0.01;-0.00;-0.00;-0.51;-1.42;-2.28;174.76;-0.55;0.35;0.010
246973.125;576;-1.45;-2.27;-186.88;-1.52;-2.26;162.35;-0.79;0.50;1602;1;1;6;-0.66;0.29;0.31;0.05;-0.04;0.07;0.31;-0.71;-1.44;-2.28;172.02;-0.62;0.39;0.017
246973.235;588;-1.48;-2.26;-191.29;-1.52;-2.26;162.35;-0.79;0.50;1602;1;1;6;-0.74;0.30;0.30;-0.00;-0.00;-0.15;-0.15;-0.57;-1.48;-2.27;168.49;-0.69;0.44;0.025
246973.325;598;-1.51;-2.26;-195.63;-1.52;-2.26;162.35;-0.79;0.50;1602;1;1;6;-0.78;0.30;0.29;0.05;-0.01;0.16;0.12;-0.81;-1.50;-2.26;165.64;-0.74;0.47;0.015
246973.435;607;-1.54;-2.25;-200.37;-1.81;-1.96;106.51;-0.75;0.50;1602;2;1;6;-0.72;0.30;0.28;0.00;-0.09;0.45;-0.14;-1.06;-1.52;-2.26;162.35;-0.79;0.50;0.038
246973.525;617;-1.57;-2.24;-205.01;-1.81;-1.96;106.51;-0.75;0.50;1602;2;1;6;-0.68;0.30;0.31;-0.00;-0.01;-0.04;-0.03;-0.55;-1.55;-2.25;158.85;-0.78;0.50;0.018
246973.625;627;-1.60;-2.23;-207.44;-1.81;-1.96;106.51;-0.75;0.50;1602;2;1;6;-0.78;0.30;0.31;0.06;-0.01;0.09;0.05;-0.52;-1.58;-2.23;153.63;-0.78;0.50;0.028
246973.725;638;-1.63;-2.22;-211.20;-1.81;-1.96;106.51;-0.75;0.50;1602;2;1;6;-0.79;0.30;0.31;0.08;-0.01;0.07;0.04;-0.70;-1.60;-2.22;150.17;-0.78;0.50;0.013
246973.805;646;-1.66;-2.21;-213.79;-1.81;-1.96;106.51;-0.75;0.50;1602;2;1;6;-0.79;0.30;0.35;0.07;-0.01;0.00;0.00;-0.52;-1.64;-2.20;145.00;-0.77;0.50;0.007
246973.905;656;-1.69;-2.20;-217.75;-1.81;-1.96;106.51;-0.75;0.50;1602;2;1;6;-0.79;0.30;0.33;0.11;-0.01;0.07;0.03;-0.71;-1.67;-2.18;139.87;-0.77;0.50;0.004
246974.015;666;-1.72;-2.18;-221.28;-1.81;-1.96;106.51;-0.75;0.50;1602;2;1;6;-0.79;0.30;0.35;0.12;-0.01;0.02;-0.01;-0.80;-1.70;-2.15;134.77;-0.77;0.50;0.012
246974.115;675;-1.75;-2.17;-224.99;-1.81;-1.96;106.51;-0.75;0.50;1602;2;1;6;-0.79;0.30;0.36;0.11;-0.01;-0.06;0.00;-0.62;-1.71;-2.13;131.39;-0.77;0.50;0.015
246974.215;684;-1.78;-2.16;-228.95;-1.81;-1.96;106.51;-0.75;0.50;1602;2;1;6;-0.79;0.30;0.35;0.11;-0.01;-0.00;0.03;-0.66;-1.73;-2.11;128.02;-0.76;0.50;0.015
246974.315;694;-1.81;-2.14;-233.35;-1.81;-1.96;106.51;-0.75;0.50;1602;2;1;6;-0.79;0.30;0.34;0.11;-0.01;0.06;0.02;-0.70;-1.74;-2.09;124.67;-0.76;0.50;0.008
246974.445;709;-1.85;-2.10;-240.78;-1.81;-1.96;106.51;-0.75;0.50;1602;2;1;6;-0.79;0.30;0.31;0.09;-0.01;0.05;0.00;-0.83;-1.76;-2.07;121.34;-0.76;0.50;0.057
246974.515;712;-1.85;-2.10;-242.06;-1.81;-1.96;106.51;-0.75;0.50;1602;2;1;6;-0.79;0.30;0.32;0.09;-0.01;0.01;0.02;-0.73;-1.77;-2.05;118.02;-0.76;0.50;0.004
246974.615;723;-1.87;-2.07;-247.43;-1.81;-1.96;106.51;-0.75;0.50;1602;2;1;6;-0.79;0.30;0.31;0.05;-0.02;0.17;-0.03;-0.97;-1.78;-2.02;114.71;-0.75;0.50;0.010
246974.725;735;-1.89;-2.03;-253.61;-1.81;-1.96;106.51;-0.75;0.50;1602;2;1;6;-0.79;0.30;0.32;0.03;-0.00;0.03;-0.01;-1.08;-1.79;-2.00;111.42;-0.75;0.50;0.019
246974.825;748;-1.91;-2.00;-262.36;-1.81;-1.96;106.51;-0.75;0.50;1602;2;1;6;-0.67;0.30;0.30;0.03;-0.01;-0.05;0.03;-1.20;-1.80;-1.98;108.15;-0.75;0.50;0.016
246974.925;754;-1.91;-1.98;-265.41;-1.81;-1.96;106.51;-0.75;0.50;1602;2;1;6;-0.52;0.29;0.31;-0.00;-0.01;-0.11;0.07;-0.70;-1.81;-1.95;104.92;-0.72;0.50;0.019
246975.015;764;-1.91;-1.95;-269.01;-1.81;-1.96;106.51;-0.75;0.50;1602;2;1;6;-0.42;0.29;0.29;0.00;-0.01;0.09;-0.07;-0.42;-1.82;-1.93;101.97;-0.66;0.50;0.016
246975.135;777;-1.91;-1.91;-271.48;-1.82;-1.54;89.43;0.23;0.50;1602;3;1;6;-0.39;0.28;0.29;0.01;-0.02;0.13;-0.06;-0.36;-1.82;-1.90;99.32;-0.60;0.50;0.032
246975.225;788;-1.91;-1.88;-273.00;-1.82;-1.54;89.43;0.23;0.50;1602;3;1;6;-0.28;0.30;0.30;0.04;-0.04;0.32;-0.04;-0.33;-1.82;-1.88;96.97;-0.54;0.50;0.017
246975.335;795;-1.91;-1.86;-273.58;-1.82;-1.54;89.43;0.23;0.50;1602;3;1;6;-0.28;0.30;0.29;0.03;-0.01;-0.01;0.00;-0.05;-1.83;-1.85;94.91;-0.48;0.50;0.029
246975.415;805;-1.91;-1.83;-273.97;-1.82;-1.54;89.43;0.23;0.50;1602;3;1;6;-0.28;0.30;0.29;0.01;-0.01;0.06;-0.04;-0.16;-1.83;-1.83;93.12;-0.42;0.50;0.017
246975.525;815;-1.91;-1.80;-274.30;-1.82;-1.54;89.43;0.23;0.50;1602;3;1;6;-0.27;0.30;0.30;-0.00;-0.01;-0.08;0.07;-0.02;-1.83;-1.80;91.61;-0.36;0.50;0.015
246975.625;824;-1.91;-1.77;-274.66;-1.82;-1.54;89.43;0.23;0.50;1602;3;1;6;-0.24;0.30;0.29;0.00;-0.01;-0.01;0.00;-0.00;-1.83;-1.77;90.35;-0.31;0.50;0.020
246975.715;834;-1.90;-1.74;-274.96;-1.82;-1.54;89.43;0.23;0.50;1602;3;1;6;-0.21;0.30;0.30;0.04;-0.01;0.01;-0.02;-0.05;-1.83;-1.75;89.35;-0.25;0.50;0.003
246975.805;843;-1.90;-1.72;-275.11;-1.82;-1.54;89.43;0.23;0.50;1602;3;1;6;-0.18;0.30;0.29;0.01;-0.01;0.05;-0.04;-0.10;-1.83;-1.72;88.59;-0.19;0.50;0.005
246975.905;853;-1.90;-1.69;-275.19;-1.82;-1.54;89.43;0.23;0.50;1602;3;1;6;-0.13;0.30;0.30;0.00;-0.01;-0.05;0.04;0.06;-1.83;-1.68;87.90;-0.10;0.50;0.004
246976.025;866;-1.90;-1.65;-274.91;-1.82;-1.54;89.43;0.23;0.50;1602;3;1;6;-0.08;0.30;0.28;0.00;-0.01;0.02;-0.02;0.04;-1.83;-1.66;87.72;-0.04;0.50;0.018
246976.145;876;-1.90;-1.62;-274.42;-1.81;-1.46;90.00;0.00;0.50;795;1;1;0;-0.04;0.30;0.29;-0.00;-0.01;0.02;-0.03;0.09;-1.83;-1.63;87.75;0.02;0.50;0.027
246976.225;885;-1.90;-1.60;-273.86;-1.81;-1.46;90.00;0.00;0.50;795;1;1;0;-0.01;0.30;0.29;-0.00;-0.01;0.02;-0.02;0.11;-1.81;-1.53;90.00;0.00;0.07;0.010
246976.315;895;-1.89;-1.57;-273.27;-1.81;-1.46;90.00;0.00;0.50;795;1;1;0;-0.04;0.29;0.29;-0.00;-0.00;0.01;-0.02;0.10;-1.81;-1.53;90.00;0.00;0.07;0.015
246976.445;907;-1.89;-1.53;-272.89;-1.81;-1.46;90.00;0.00;0.50;795;1;1;0;-0.05;0.28;0.28;-0.00;-0.00;0.00;-0.01;0.03;-1.81;-1.53;90.00;0.00;0.07;0.030
246976.525;916;-1.89;-1.51;-272.88;-1.81;-1.46;90.00;0.00;0.50;795;1;1;0;-0.05;0.27;0.28;-0.00;-0.00;-0.02;-0.00;-0.02;-1.81;-1.52;90.00;0.00;0.18;0.023
246976.615;926;-1.89;-1.48;-272.95;-1.81;-1.46;90.00;0.00;0.50;795;1;1;0;-0.04;0.28;0.27;-0.00;-0.00;-0.01;-0.01;-0.01;-1.81;-1.48;90.00;0.00;0.42;0.011
246976.715;934;-1.89;-1.46;-272.96;-1.81;-1.30;90.00;-0.00;0.50;795;2;1;0;-0.04;0.29;0.28;-0.00;-0.00;-0.01;-0.01;-0.00;-1.81;-1.46;90.00;0.00;0.49;0.016
246976.845;950;-1.88;-1.41;-272.95;-1.81;-1.30;90.00;-0.00;0.50;795;2;1;0;-0.03;0.30;0.29;-0.00;-0.00;-0.01;-0.01;0.00;-1.81;-1.43;90.00;0.00;0.50;0.034
246976.945;958;-1.88;-1.39;-272.92;-1.81;-1.30;90.00;-0.00;0.50;795;2;1;0;-0.03;0.30;0.30;-0.00;-0.00;-0.01;-0.01;0.01;-1.81;-1.40;90.00;0.00;0.50;0.034
246977.015;963;-1.88;-1.37;-272.90;-1.81;-1.30;90.00;-0.00;0.50;795;2;1;0;-0.03;0.30;0.30;-0.00;-0.00;-0.01;-0.01;0.01;-1.81;-1.37;90.00;0.00;0.50;0.006
246977.135;977;-1.88;-1.33;-272.85;-1.81;-1.30;90.00;-0.00;0.50;795;2;1;0;-0.02;0.30;0.30;-0.00;-0.00;-0.01;-0.00;0.00;-1.81;-1.34;90.00;0.00;0.50;0.014
246977.235;988;-1.88;-1.30;-272.81;-1.81;-1.15;90.00;0.00;0.50;795;3;1;0;-0.02;0.30;0.30;-0.00;-0.00;-0.01;-0.00;0.00;-1.81;-1.32;90.00;-0.00;0.50;0.030
246977.325;996;-1.88;-1.27;-272.79;-1.81;-1.15;90.00;0.00;0.50;795;3;1;0;-0.02;0.30;0.30;-0.00;-0.00;-0.01;-0.00;0.01;-1.81;-1.27;90.00;-0.00;0.50;0.010
246977.415;1007;-1.88;-1.24;-272.74;-1.81;-1.15;90.00;0.00;0.50;795;3;1;0;-0.02;0.30;0.30;-0.00;-0.00;-0.01;-0.00;0.01;-1.81;-1.24;90.00;0.00;0.50;0.015
246977.505;1015;-1.88;-1.22;-272.71;-1.81;-1.15;90.00;0.00;0.50;795;3;1;0;-0.02;0.30;0.30;-0.00;-0.00;-0.00;-0.00;0.01;-1.81;-1.22;90.00;0.00;0.50;0.002
246977.615;1026;-1.87;-1.18;-272.67;-1.81;-1.15;90.00;0.00;0.50;795;3;1;0;-0.02;0.30;0.30;-0.00;-0.00;-0.00;-0.00;0.01;-1.81;-1.18;90.00;0.00;0.50;0.004
246977.705;1034;-1.87;-1.16;-272.64;-1.81;-1.15;90.00;0.00;0.50;795;3;1;0;-0.01;0.30;0.30;-0.00;-0.00;-0.00;-0.00;0.01;-1.81;-1.16;90.00;0.00;0.50;0.002
246977.805;1044;-1.87;-1.13;-272.61;-1.81;-1.00;90.00;-0.00;0.50;795;4;1;0;-0.01;0.30;0.30;-0.00;-0.00;-0.00;-0.00;0.01;-1.81;-1.12;90.00;0.00;0.50;0.002
246977.905;1054;-1.87;-1.10;-272.58;-1.81;-1.00;90.00;-0.00;0.50;795;4;1;0;-0.01;0.30;0.30;0.00;-0.00;-0.00;-0.00;0.01;-1.81;-1.10;90.00;0.00;0.50;0.003
246978.005;1063;-1.87;-1.07;-272.55;-1.81;-1.00;90.00;-0.00;0.50;795;4;1;0;-0.01;0.30;0.30;0.00;-0.00;-0.00;-0.00;0.00;-1.81;-1.07;90.00;-0.00;0.50;0.001
246978.105;1073;-1.87;-1.04;-272.52;-1.81;-1.00;90.00;-0.00;0.50;795;4;1;0;-0.01;0.30;0.30;-0.00;-0.00;-0.00;-0.00;0.01;-1.81;-1.04;90.00;-0.00;0.50;0.002
246978.205;1084;-1.87;-1.01;-272.49;-1.81;-1.00;90.00;-0.00;0.50;795;4;1;0;-0.01;0.30;0.30;0.00;-0.00;-0.00;-0.00;0.00;-1.81;-1.01;90.00;-0.00;0.50;0.001
246978.305;1092;-1.87;-0.98;-272.47;-1.81;-1.00;90.00;-0.00;0.50;795;4;1;0;-0.00;0.30;0.30;0.00;-0.00;-0.00;-0.00;0.00;-1.81;-0.98;90.00;-0.00;0.50;0.003
246978.405;1103;-1.86;-0.95;-272.44;-1.81;-0.85;90.00;0.00;0.50;795;5;1;0;-0.00;0.30;0.30;0.00;-0.00;-0.00;-0.00;0.00;-1.81;-0.95;90.00;-0.00;0.50;0.001
246978.515;1111;-1.86;-0.93;-272.42;-1.81;-0.85;90.00;0.00;0.50;795;5;1;0;-0.00;0.30;0.30;0.00;-0.00;-0.00;0.00;0.01;-1.81;-0.93;90.00;-0.00;0.50;0.005
246978.615;1126;-1.86;-0.88;-272.37;-1.81;-0.85;90.00;0.00;0.50;795;5;1;0;0.00;0.30;0.30;0.00;-0.00;-0.00;-0.00;0.00;-1.81;-0.90;90.00;-0.00;0.50;0.004
246978.705;1135;-1.86;-0.85;-272.34;-1.81;-0.85;90.00;0.00;0.50;795;5;1;0;0.00;0.30;0.30;0.00;-0.00;-0.00;-0.00;0.01;-1.81;-0.85;90.00;0.00;0.50;0.001
246978.805;1145;-1.86;-0.82;-272.31;-1.81;-0.69;90.00;-0.00;0.50;795;6;1;0;0.00;0.30;0.30;0.00;-0.00;-0.00;-0.00;0.01;-1.81;-0.82;90.00;0.00;0.50;0.002
246978.915;1156;-1.86;-0.79;-272.28;-1.81;-0.69;90.00;-0.00;0.50;795;6;1;0;0.01;0.30;0.30;-0.00;-0.00;-0.00;-0.00;0.00;-1.81;-0.79;90.00;0.00;0.50;0.006
246979.015;1164;-1.86;-0.77;-272.25;-1.80;-0.32;80.76;-0.46;0.50;1271;1;1;4;0.01;0.30;0.30;-0.00;-0.00;-0.00;-0.00;0.01;-1.81;-0.77;90.00;0.00;0.50;0.014
246979.115;1175;-1.85;-0.73;-272.22;-1.80;-0.32;80.76;-0.46;0.50;1271;1;1;4;0.29;0.30;0.30;-0.00;-0.00;-0.00;-0.00;0.00;-1.81;-0.53;89.99;-0.06;0.06;0.009
246979.205;1183;-1.85;-0.71;-271.39;-1.80;-0.32;80.76;-0.46;0.50;1271;1;1;4;0.22;0.30;0.29;-0.02;0.00;-0.03;-0.02;0.34;-1.81;-0.53;89.99;-0.06;0.06;0.008
246979.335;1198;-1.85;-0.67;-269.59;-1.80;-0.32;80.76;-0.46;0.50;1271;1;1;4;0.07;0.30;0.29;-0.00;-0.00;-0.01;-0.01;0.10;-1.81;-0.53;89.99;-0.06;0.06;0.027
246979.415;1206;-1.85;-0.64;-269.69;-1.80;-0.32;80.76;-0.46;0.50;1271;1;1;4;0.03;0.30;0.29;0.00;-0.01;0.03;0.02;-0.06;-1.81;-0.53;89.99;-0.06;0.06;0.013
246979.545;1220;-1.85;-0.60;-270.49;-1.80;-0.32;80.76;-0.46;0.50;1271;1;1;4;0.00;0.30;0.29;0.00;-0.00;0.03;0.02;-0.07;-1.81;-0.53;89.99;-0.06;0.06;0.040
246979.615;1225;-1.85;-0.59;-270.73;-1.80;-0.32;80.76;-0.46;0.50;1271;1;1;4;-0.01;0.29;0.29;0.00;-0.00;0.02;0.01;-0.09;-1.81;-0.53;89.99;-0.06;0.06;0.017
246979.755;1240;-1.85;-0.54;-271.21;-1.80;-0.32;80.76;-0.46;0.50;1271;1;1;4;-0.06;0.28;0.29;0.00;-0.00;-0.00;-0.00;-0.04;-1.81;-0.53;89.99;-0.06;0.06;0.044
246979.825;1244;-1.85;-0.53;-271.34;-1.80;-0.32;80.76;-0.46;0.50;1271;1;1;4;-0.07;0.27;0.28;0.00;-0.00;-0.00;-0.00;-0.08;-1.81;-0.53;89.99;-0.06;0.06;0.016
246979.925;1257;-1.85;-0.50;-271.93;-1.80;-0.32;80.76;-0.46;0.50;1271;1;1;4;-0.17;0.26;0.27;0.00;-0.00;0.00;0.00;-0.07;-1.81;-0.51;89.72;-0.15;0.17;0.020
246980.005;1263;-1.85;-0.48;-272.32;-1.80;-0.32;80.76;-0.46;0.50;1271;1;1;4;-0.24;0.26;0.25;0.01;-0.00;0.01;-0.00;-0.14;-1.81;-0.48;89.04;-0.22;0.24;0.009
246980.115;1276;-1.85;-0.45;-273.35;-1.80;-0.32;80.76;-0.46;0.50;1271;1;1;4;-0.28;0.26;0.26;0.00;-0.00;-0.06;0.06;-0.12;-1.81;-0.46;88.35;-0.27;0.29;0.022
246980.245;1286;-1.85;-0.42;-274.30;-1.80;-0.32;80.76;-0.46;0.50;1271;1;1;4;-0.33;0.26;0.26;0.00;-0.01;-0.01;0.01;-0.14;-1.81;-0.44;87.38;-0.31;0.33;0.042
246980.355;1300;-1.85;-0.39;-275.60;-1.80;-0.32;80.76;-0.46;0.50;1271;1;1;4;-0.41;0.27;0.26;0.00;-0.01;-0.04;0.04;-0.14;-1.81;-0.40;85.59;-0.36;0.39;0.041
246980.435;1305;-1.84;-0.38;-276.18;-1.80;-0.32;80.76;-0.46;0.50;1271;1;1;4;-0.45;0.27;0.25;0.01;-0.01;0.06;-0.05;-0.30;-1.81;-0.38;84.44;-0.39;0.42;0.029
246980.515;1315;-1.84;-0.35;-277.57;-1.80;-0.32;80.76;-0.46;0.50;1271;1;1;4;-0.52;0.28;0.27;0.01;-0.01;0.04;-0.03;-0.32;-1.80;-0.35;82.39;-0.43;0.47;0.007
246980.615;1324;-1.84;-0.32;-279.25;-1.80;-0.32;80.76;-0.46;0.50;1271;1;1;4;-0.51;0.29;0.28;0.00;-0.01;-0.03;0.02;-0.30;-1.80;-0.34;81.60;-0.45;0.48;0.013
246980.745;1339;-1.83;-0.28;-282.46;-1.67;0.07;69.05;0.07;0.50;1271;2;1;4;-0.50;0.30;0.29;0.01;-0.01;0.00;-0.01;-0.35;-1.80;-0.30;79.10;-0.43;0.50;0.023
246980.815;1344;-1.83;-0.27;-283.37;-1.67;0.07;69.05;0.07;0.50;1271;2;1;4;-0.45;0.30;0.30;0.00;-0.01;-0.07;0.06;-0.30;-1.79;-0.27;77.57;-0.40;0.50;0.013
246980.965;1358;-1.82;-0.23;-285.94;-1.67;0.07;69.05;0.07;0.50;1271;2;1;4;-0.36;0.30;0.29;0.03;-0.01;-0.06;0.06;-0.33;-1.78;-0.25;76.17;-0.37;0.50;0.044
246981.005;1363;-1.82;-0.21;-286.78;-1.67;0.07;69.05;0.07;0.50;1271;2;1;4;-0.35;0.30;0.30;0.00;-0.01;-0.12;0.15;-0.26;-1.78;-0.23;74.89;-0.33;0.50;0.007
246981.105;1376;-1.81;-0.17;-288.01;-1.67;0.07;69.05;0.07;0.50;1271;2;1;4;-0.32;0.30;0.30;0.02;-0.01;-0.08;0.12;-0.10;-1.77;-0.19;73.22;-0.29;0.50;0.030
246981.215;1387;-1.80;-0.14;-289.00;-1.67;0.07;69.05;0.07;0.50;1271;2;1;4;-0.31;0.30;0.30;0.02;-0.01;-0.04;0.05;-0.09;-1.76;-0.15;71.82;-0.24;0.50;0.007
246981.325;1395;-1.79;-0.12;-289.49;-1.67;0.07;69.05;0.07;0.50;1271;2;1;4;-0.29;0.30;0.28;0.01;-0.01;0.04;-0.06;-0.16;-1.75;-0.13;71.03;-0.21;0.50;0.010
246981.415;1406;-1.78;-0.09;-289.83;-1.67;0.07;69.05;0.07;0.50;1271;2;1;4;-0.27;0.30;0.30;0.00;-0.01;0.00;0.00;-0.03;-1.74;-0.10;70.37;-0.17;0.50;0.008
246981.525;1414;-1.78;-0.06;-289.91;-1.67;0.07;69.05;0.07;0.50;1271;2;1;4;-0.26;0.30;0.30;0.01;-0.01;-0.03;0.05;0.02;-1.73;-0.08;69.83;-0.14;0.50;0.013
246981.615;1425;-1.77;-0.03;-289.99;-1.67;0.07;69.05;0.07;0.50;1271;2;1;4;-0.24;0.30;0.29;0.00;-0.01;-0.01;0.02;0.01;-1.72;-0.06;69.40;-0.11;0.50;0.007
246981.735;1439;-1.75;0.00;-289.93;-1.67;0.07;69.05;0.07;0.50;1271;2;1;4;-0.22;0.30;0.30;0.00;-0.01;0.05;-0.07;-0.01;-1.71;-0.03;69.08;-0.08;0.50;0.028
246981.805;1443;-1.75;0.02;-289.87;-1.67;0.07;69.05;0.07;0.50;1271;2;1;4;-0.20;0.30;0.29;0.00;-0.01;-0.01;0.02;0.05;-1.70;0.00;68.82;-0.03;0.50;0.005
246981.915;1454;-1.74;0.05;-289.59;-1.67;0.07;69.05;0.07;0.50;1271;2;1;4;-0.18;0.30;0.30;0.00;-0.01;-0.03;0.05;0.07;-1.69;0.03;68.79;0.00;0.50;0.009
246982.025;1467;-1.73;0.08;-289.29;-1.67;0.07;69.05;0.07;0.50;1271;2;1;4;-0.16;0.30;0.29;0.00;-0.01;0.01;-0.00;0.05;-1.68;0.05;68.86;0.04;0.50;0.024
246982.155;1478;-1.72;0.11;-288.93;-1.67;0.07;69.05;0.07;0.50;1271;2;1;4;-0.12;0.30;0.29;0.00;-0.01;-0.01;0.02;0.08;-1.67;0.09;69.18;0.08;0.50;0.045
246982.205;1482;-1.71;0.12;-288.82;-1.57;0.48;89.43;0.60;0.50;1271;3;1;4;-0.09;0.30;0.29;0.00;-0.01;0.04;-0.05;0.02;-1.66;0.11;69.52;0.12;0.50;0.005
246982.315;1493;-1.70;0.15;-288.16;-1.57;0.48;89.43;0.60;0.50;1271;3;1;4;-0.00;0.30;0.30;0.00;-0.01;0.00;0.00;0.13;-1.65;0.13;69.97;0.15;0.50;0.010
246982.445;1508;-1.69;0.20;-286.86;-1.57;0.48;89.43;0.60;0.50;1271;3;1;4;0.03;0.30;0.30;0.00;-0.00;0.02;-0.02;0.17;-1.64;0.16;70.53;0.18;0.50;0.034
246982.525;1516;-1.68;0.22;-286.20;-1.57;0.48;89.43;0.60;0.50;1271;3;1;4;0.07;0.30;0.29;-0.00;-0.00;0.03;-0.03;0.14;-1.63;0.19;71.60;0.23;0.50;0.016
246982.615;1527;-1.67;0.25;-285.46;-1.57;0.48;89.43;0.60;0.50;1271;3;1;4;0.12;0.30;0.30;-0.00;-0.00;-0.00;0.00;0.10;-1.62;0.23;72.93;0.28;0.50;0.008
246982.725;1535;-1.67;0.27;-284.85;-1.55;0.68;80.76;-0.46;0.50;1617;1;1;4;0.17;0.30;0.30;-0.00;-0.00;-0.00;0.00;0.13;-1.61;0.25;73.97;0.31;0.50;0.023
246982.805;1546;-1.66;0.30;-284.08;-1.55;0.68;80.76;-0.46;0.50;1617;1;1;4;0.67;0.29;0.28;-0.01;-0.00;0.01;0.01;0.11;-1.56;0.47;89.99;-0.06;0.06;0.007
246982.915;1555;-1.65;0.33;-281.72;-1.55;0.68;80.76;-0.46;0.50;1617;1;1;4;0.54;0.28;0.29;-0.02;-0.01;-0.01;0.00;0.74;-1.56;0.47;89.99;-0.06;0.06;0.015
246983.055;1570;-1.64;0.37;-277.23;-1.55;0.68;80.76;-0.46;0.50;1617;1;1;4;0.28;0.28;0.28;-0.01;-0.01;0.06;0.03;0.41;-1.56;0.47;89.99;-0.06;0.06;0.046
246983.145;1578;-1.64;0.39;-276.33;-1.55;0.68;80.76;-0.46;0.50;1617;1;1;4;0.21;0.27;0.28;0.01;-0.01;-0.15;-0.09;-0.04;-1.56;0.47;89.99;-0.06;0.06;0.039
246983.215;1583;-1.64;0.41;-276.31;-1.55;0.68;80.76;-0.46;0.50;1617;1;1;4;0.19;0.26;0.28;-0.02;-0.01;0.10;0.06;0.03;-1.56;0.47;89.99;-0.06;0.06;0.009
246983.325;1597;-1.63;0.44;-276.76;-1.55;0.68;80.76;-0.46;0.50;1617;1;1;4;0.16;0.25;0.25;-0.01;-0.01;0.04;0.02;-0.05;-1.56;0.47;89.99;-0.06;0.06;0.024
246983.415;1607;-1.63;0.47;-277.12;-1.55;0.68;80.76;-0.46;0.50;1617;1;1;4;0.15;0.23;0.24;0.00;-0.01;0.06;0.03;-0.04;-1.56;0.47;89.99;-0.06;0.06;0.017
246983.525;1616;-1.62;0.49;-277.47;-1.55;0.68;80.76;-0.46;0.50;1617;1;1;4;0.09;0.22;0.22;-0.00;-0.01;0.04;0.02;-0.05;-1.56;0.48;89.90;-0.11;0.12;0.023
246983.635;1626;-1.62;0.51;-277.96;-1.55;0.68;80.76;-0.46;0.50;1617;1;1;4;0.03;0.21;0.21;-0.00;-0.01;0.01;0.00;-0.10;-1.56;0.50;89.51;-0.18;0.20;0.016
246983.725;1636;-1.62;0.53;-278.50;-1.55;0.68;80.76;-0.46;0.50;1617;1;1;4;-0.02;0.21;0.20;0.00;-0.00;0.04;0.02;-0.10;-1.56;0.52;88.84;-0.24;0.26;0.021
246983.815;1644;-1.62;0.55;-278.98;-1.55;0.68;80.76;-0.46;0.50;1617;1;1;4;-0.06;0.20;0.20;0.00;-0.00;0.02;0.01;-0.12;-1.56;0.54;88.06;-0.28;0.30;0.010
246983.955;1659;-1.61;0.58;-279.67;-1.55;0.68;80.76;-0.46;0.50;1617;1;1;4;-0.11;0.20;0.21;-0.00;-0.00;-0.00;0.00;-0.07;-1.56;0.56;87.38;-0.31;0.33;0.046
246984.015;1663;-1.61;0.58;-279.83;-1.55;0.68;80.76;-0.46;0.50;1617;1;1;4;-0.15;0.20;0.20;0.00;-0.00;-0.00;0.00;-0.08;-1.56;0.58;86.56;-0.34;0.36;0.008
246984.115;1674;-1.61;0.61;-280.42;-1.55;0.68;80.76;-0.46;0.50;1617;1;1;4;-0.20;0.21;0.20;0.00;-0.00;0.01;-0.01;-0.08;-1.56;0.60;85.59;-0.36;0.39;0.012
246984.235;1688;-1.60;0.63;-281.06;-1.55;0.68;80.76;-0.46;0.50;1617;1;1;4;-0.25;0.21;0.19;0.01;-0.00;0.00;-0.00;-0.08;-1.56;0.62;84.44;-0.39;0.42;0.033
246984.335;1697;-1.60;0.65;-281.50;-1.55;0.68;80.76;-0.46;0.50;1617;1;1;4;-0.31;0.22;0.21;-0.00;-0.00;0.02;-0.02;-0.11;-1.56;0.64;83.12;-0.42;0.45;0.031
246984.405;1703;-1.60;0.66;-281.96;-1.55;0.68;80.76;-0.46;0.50;1617;1;1;4;-0.34;0.23;0.21;0.00;-0.00;0.01;-0.01;-0.14;-1.55;0.65;82.39;-0.43;0.47;0.009
246984.525;1717;-1.59;0.69;-283.14;-1.42;1.07;69.05;0.07;0.50;1617;2;1;4;-0.39;0.23;0.22;0.00;-0.01;-0.05;0.06;-0.12;-1.55;0.68;80.76;-0.46;0.50;0.018
246984.625;1726;-1.59;0.71;-283.99;-1.42;1.07;69.05;0.07;0.50;1617;2;1;4;-0.38;0.25;0.23;0.00;-0.01;-0.03;0.04;-0.15;-1.55;0.70;79.10;-0.43;0.50;0.013
246984.725;1737;-1.58;0.74;-284.95;-1.42;1.07;69.05;0.07;0.50;1617;2;1;4;-0.37;0.26;0.25;0.00;-0.01;-0.06;0.08;-0.11;-1.54;0.73;77.57;-0.40;0.50;0.014
246984.805;1745;-1.57;0.76;-285.57;-1.42;1.07;69.05;0.07;0.50;1617;2;1;4;-0.38;0.28;0.26;0.00;-0.01;-0.05;0.06;-0.10;-1.53;0.75;76.17;-0.37;0.50;0.032
246984.935;1756;-1.57;0.78;-286.38;-1.42;1.07;69.05;0.07;0.50;1617;2;1;4;-0.37;0.29;0.27;0.01;-0.01;0.01;-0.01;-0.13;-1.53;0.77;74.89;-0.33;0.50;0.019
246985.025;1764;-1.56;0.80;-286.97;-1.42;1.07;69.05;0.07;0.50;1617;2;1;4;-0.36;0.30;0.26;0.02;-0.01;0.05;-0.06;-0.19;-1.52;0.80;73.74;-0.30;0.50;0.021
246985.105;1775;-1.55;0.84;-287.45;-1.42;1.07;69.05;0.07;0.50;1617;2;1;4;-0.35;0.30;0.31;0.01;-0.01;0.05;-0.05;-0.12;-1.51;0.82;72.72;-0.27;0.50;0.009
246985.215;1783;-1.55;0.86;-288.36;-1.42;1.07;69.05;0.07;0.50;1617;2;1;4;-0.32;0.30;0.29;0.01;-0.01;0.01;-0.02;-0.18;-1.51;0.85;71.82;-0.24;0.50;0.009
246985.345;1798;-1.53;0.90;-289.60;-1.42;1.07;69.05;0.07;0.50;1617;2;1;4;-0.26;0.30;0.29;0.01;-0.01;0.01;-0.02;-0.11;-1.50;0.87;71.03;-0.21;0.50;0.039
246985.435;1806;-1.53;0.92;-289.82;-1.42;1.07;69.05;0.07;0.50;1617;2;1;4;-0.26;0.30;0.28;0.01;-0.01;0.04;-0.05;-0.08;-1.49;0.91;70.08;-0.16;0.50;0.022
246985.505;1812;-1.52;0.94;-289.76;-1.42;1.07;69.05;0.07;0.50;1617;2;1;4;-0.25;0.30;0.30;0.00;-0.01;-0.04;0.06;0.05;-1.48;0.92;69.83;-0.14;0.50;0.006
246985.635;1827;-1.51;0.98;-289.82;-1.42;1.07;69.05;0.07;0.50;1617;2;1;4;-0.23;0.30;0.28;0.01;-0.01;0.04;-0.06;-0.06;-1.47;0.95;69.23;-0.09;0.50;0.027
246985.715;1835;-1.50;1.00;-289.69;-1.42;1.07;69.05;0.07;0.50;1617;2;1;4;-0.22;0.30;0.30;0.00;-0.01;0.01;-0.01;0.03;-1.45;0.99;68.88;-0.04;0.50;0.007
246985.805;1846;-1.49;1.03;-289.51;-1.42;1.07;69.05;0.07;0.50;1617;2;1;4;-0.19;0.30;0.30;0.00;-0.01;-0.04;0.06;0.08;-1.44;1.01;68.79;-0.01;0.50;0.007
246985.945;1854;-1.48;1.06;-289.28;-1.42;1.07;69.05;0.07;0.50;1617;2;1;4;-0.18;0.30;0.30;0.01;-0.01;0.00;0.00;0.06;-1.44;1.04;68.81;0.02;0.50;0.045
246986.005;1863;-1.47;1.08;-289.08;-1.42;1.07;69.05;0.07;0.50;1617;2;1;4;-0.15;0.30;0.29;0.01;-0.01;-0.01;0.02;0.06;-1.43;1.06;68.94;0.05;0.50;0.004
246986.125;1873;-1.46;1.11;-288.76;-1.42;1.07;69.05;0.07;0.50;1617;2;1;4;-0.12;0.30;0.29;0.00;-0.01;0.01;-0.02;0.06;-1.42;1.09;69.18;0.08;0.50;0.022
246986.235;1888;-1.45;1.15;-288.16;-1.32;1.48;89.43;0.60;0.50;1617;3;1;4;-0.08;0.30;0.29;0.00;-0.01;0.00;0.00;0.09;-1.40;1.12;69.73;0.13;0.50;0.028
246986.315;1896;-1.44;1.17;-287.73;-1.32;1.48;89.43;0.60;0.50;1617;3;1;4;0.01;0.30;0.29;0.00;-0.01;0.00;0.00;0.12;-1.40;1.14;70.24;0.16;0.50;0.007
246986.415;1907;-1.43;1.20;-286.70;-1.32;1.48;89.43;0.60;0.50;1617;3;1;4;0.06;0.30;0.29;-0.00;-0.01;0.03;-0.04;0.15;-1.38;1.18;71.21;0.21;0.50;0.023
246986.515;1915;-1.43;1.23;-286.05;-1.32;1.48;89.43;0.60;0.50;1617;3;1;4;0.09;0.30;0.30;-0.00;-0.00;-0.01;0.00;0.12;-1.37;1.20;72.01;0.25;0.50;0.009
246986.635;1929;-1.41;1.27;-285.14;-1.32;1.48;89.43;0.60;0.50;1617;3;1;4;0.17;0.30;0.30;-0.00;-0.00;-0.00;0.01;0.10;-1.36;1.24;73.43;0.29;0.50;0.028
246986.755;1938;-1.41;1.29;-284.43;-1.32;1.48;89.43;0.60;0.50;1617;3;1;4;0.22;0.30;0.28;-0.01;-0.00;0.01;0.01;0.11;-1.36;1.27;74.54;0.33;0.50;0.040
246986.815;1943;-1.40;1.31;-284.15;-1.32;1.48;89.43;0.60;0.50;1617;3;1;4;0.27;0.30;0.28;-0.01;-0.00;0.01;0.01;0.12;-1.35;1.29;75.77;0.36;0.50;0.014
246986.915;1953;-1.40;1.33;-283.47;-1.32;1.48;89.43;0.60;0.50;1617;3;1;4;0.36;0.30;0.30;-0.00;-0.00;0.02;0.01;0.16;-1.34;1.33;77.87;0.41;0.50;0.009
246987.025;1964;-1.39;1.36;-282.30;-1.32;1.48;89.43;0.60;0.50;1617;3;1;4;0.42;0.30;0.28;-0.01;-0.01;0.04;0.02;0.25;-1.34;1.35;79.44;0.44;0.50;0.005
246987.165;1982;-1.38;1.42;-279.92;-1.31;1.57;90.00;0.00;0.50;129;1;1;1;0.47;0.30;0.30;-0.00;-0.01;-0.06;-0.03;0.22;-1.33;1.38;81.15;0.47;0.50;0.030
246987.225;1987;-1.37;1.43;-278.94;-1.31;1.57;90.00;0.00;0.50;129;1;1;1;0.29;0.29;0.27;0.01;-0.09;0.07;0.47;0.46;-1.31;1.47;90.00;0.00;0.06;0.014
246987.345;1996;-1.37;1.46;-278.10;-1.31;1.57;90.00;0.00;0.50;129;1;1;1;0.26;0.28;0.29;0.00;-0.01;-0.06;-0.04;0.05;-1.31;1.47;90.00;0.00;0.06;0.033
246987.445;2006;-1.36;1.48;-277.62;-1.31;1.57;90.00;0.00;0.50;129;1;1;1;0.25;0.28;0.28;-0.03;-0.01;0.01;0.01;0.08;-1.31;1.49;90.00;0.00;0.21;0.034
246987.545;2019;-1.36;1.52;-277.20;-1.31;1.57;90.00;0.00;0.50;129;1;1;1;0.24;0.28;0.27;-0.00;-0.01;-0.02;-0.01;0.03;-1.31;1.51;90.00;0.00;0.32;0.040
246987.615;2025;-1.36;1.54;-277.00;-1.31;1.57;90.00;0.00;0.50;129;1;1;1;0.24;0.29;0.26;-0.01;-0.01;0.04;0.02;0.09;-1.31;1.54;90.00;0.00;0.42;0.012
246987.725;2036;-1.35;1.57;-276.76;-1.31;1.57;90.00;0.00;0.50;129;1;1;1;0.24;0.30;0.27;-0.00;-0.01;0.02;0.02;0.06;-1.31;1.57;90.00;0.00;0.50;0.021
246987.825;2044;-1.35;1.59;-276.63;-1.31;1.76;90.00;-0.00;0.50;129;2;1;1;0.24;0.30;0.29;-0.00;-0.01;-0.06;-0.02;0.00;-1.31;1.59;90.00;0.00;0.50;0.019
246987.945;2059;-1.34;1.63;-276.29;-1.31;1.76;90.00;-0.00;0.50;129;2;1;1;0.24;0.30;0.29;-0.00;-0.01;0.05;0.03;0.08;-1.31;1.62;90.00;-0.00;0.50;0.039
246988.035;2067;-1.34;1.65;-276.13;-1.31;1.76;90.00;-0.00;0.50;129;2;1;1;0.24;0.30;0.30;-0.00;-0.01;-0.05;-0.02;-0.01;-1.31;1.64;90.00;-0.00;0.50;0.034
246988.105;2072;-1.34;1.67;-276.00;-1.31;1.76;90.00;-0.00;0.50;129;2;1;1;0.23;0.30;0.28;-0.01;-0.01;0.04;0.03;0.09;-1.31;1.67;90.00;-0.00;0.50;0.005
246988.235;2086;-1.33;1.71;-275.75;-1.31;1.76;90.00;-0.00;0.50;129;2;1;1;0.23;0.30;0.28;-0.00;-0.01;0.02;0.02;0.03;-1.31;1.70;90.00;-0.00;0.50;0.029
246988.315;2096;-1.33;1.74;-275.62;-1.31;1.76;90.00;-0.00;0.50;129;2;1;1;0.23;0.30;0.28;-0.00;-0.01;0.02;0.02;0.04;-1.31;1.74;90.00;-0.00;0.50;0.005
246988.415;2106;-1.33;1.77;-275.48;-1.31;1.76;90.00;-0.00;0.50;129;2;1;1;0.23;0.30;0.28;-0.01;-0.01;0.04;0.02;0.07;-1.31;1.77;90.00;-0.00;0.50;0.009
246988.525;2115;-1.32;1.79;-275.36;-1.31;1.76;90.00;-0.00;0.50;129;2;1;1;0.24;0.30;0.28;-0.01;-0.01;0.04;0.03;0.08;-1.31;1.79;90.00;-0.00;0.50;0.016
246988.665;2130;-1.32;1.83;-275.11;-1.31;2.04;90.00;0.00;0.50;127;1;1;0;0.24;0.30;0.29;-0.00;-0.01;-0.00;0.01;0.01;-1.31;1.82;90.00;-0.00;0.50;0.039
246988.745;2139;-1.32;1.86;-274.96;-1.31;2.04;90.00;0.00;0.50;127;1;1;0;0.23;0.30;0.28;-0.01;-0.01;0.04;0.03;0.07;-1.31;1.97;90.00;0.00;0.07;0.034
246988.815;2145;-1.32;1.88;-274.87;-1.31;2.04;90.00;0.00;0.50;127;1;1;0;0.23;0.30;0.28;-0.00;-0.01;0.03;0.03;0.04;-1.31;1.97;90.00;0.00;0.07;0.008
246988.925;2153;-1.31;1.90;-274.88;-1.31;2.04;90.00;0.00;0.50;127;1;1;0;0.23;0.30;0.30;-0.00;-0.01;-0.07;-0.04;-0.03;-1.31;1.97;90.00;0.00;0.07;0.014
246989.045;2167;-1.31;1.94;-274.67;-1.31;2.04;90.00;0.00;0.50;127;1;1;0;0.23;0.29;0.28;-0.01;-0.01;0.04;0.03;0.07;-1.31;1.97;90.00;0.00;0.07;0.042
246989.145;2178;-1.31;1.97;-274.48;-1.31;2.04;90.00;0.00;0.50;127;1;1;0;0.23;0.28;0.27;-0.00;-0.01;0.02;0.03;0.04;-1.31;1.97;90.00;0.00;0.07;0.039
246989.235;2186;-1.30;1.99;-274.40;-1.31;2.20;90.00;-0.00;0.50;127;2;1;0;0.23;0.27;0.26;0.00;-0.01;0.02;0.02;0.03;-1.31;1.98;90.00;0.00;0.21;0.027
246989.315;2195;-1.30;2.02;-274.31;-1.31;2.20;90.00;-0.00;0.50;127;2;1;0;0.24;0.28;0.26;0.00;-0.01;0.02;0.02;0.03;-1.31;2.01;90.00;0.00;0.39;0.008
246989.405;2206;-1.30;2.05;-274.33;-1.31;2.20;90.00;-0.00;0.50;127;2;1;0;0.24;0.29;0.27;-0.00;-0.01;0.05;0.03;0.05;-1.31;2.04;90.00;0.00;0.49;0.007
246989.515;2214;-1.30;2.07;-274.17;-1.31;2.20;90.00;-0.00;0.50;127;2;1;0;0.24;0.30;0.27;-0.01;-0.01;0.02;0.02;0.05;-1.31;2.06;90.00;0.00;0.50;0.009
246989.625;2227;-1.29;2.10;-273.90;-1.31;2.20;90.00;-0.00;0.50;127;2;1;0;0.24;0.30;0.28;-0.01;-0.01;0.02;0.03;0.07;-1.31;2.09;90.00;0.00;0.50;0.016
246989.705;2233;-1.29;2.12;-273.77;-1.31;2.20;90.00;-0.00;0.50;127;2;1;0;0.23;0.30;0.28;-0.00;-0.01;0.02;0.03;0.06;-1.31;2.12;90.00;0.00;0.50;0.004
246989.815;2246;-1.29;2.16;-273.50;-1.31;2.35;90.00;0.00;0.50;127;3;1;0;0.23;0.30;0.28;-0.00;-0.01;0.01;0.02;0.06;-1.31;2.14;90.00;0.00;0.50;0.016
246989.905;2254;-1.29;2.18;-273.38;-1.31;2.35;90.00;0.00;0.50;127;3;1;0;0.22;0.30;0.28;-0.00;-0.01;0.01;0.02;0.05;-1.31;2.17;90.00;-0.00;0.50;0.008
246990.015;2267;-1.29;2.22;-273.32;-1.31;2.35;90.00;0.00;0.50;127;3;1;0;0.23;0.30;0.30;-0.00;-0.01;0.01;0.01;0.01;-1.31;2.21;90.00;-0.00;0.50;0.015
246990.105;2276;-1.28;2.24;-273.17;-1.31;2.35;90.00;0.00;0.50;127;3;1;0;0.23;0.30;0.28;-0.01;-0.01;0.02;0.02;0.03;-1.31;2.23;90.00;-0.00;0.50;0.014
246990.205;2286;-1.28;2.27;-273.08;-1.31;2.35;90.00;0.00;0.50;127;3;1;0;0.23;0.30;0.28;-0.01;-0.01;0.04;0.03;0.07;-1.31;2.27;90.00;0.00;0.50;0.002
246990.325;2295;-1.28;2.30;-272.96;-1.31;2.35;90.00;0.00;0.50;127;3;1;0;0.22;0.30;0.28;-0.00;-0.01;0.02;0.03;0.04;-1.31;2.30;90.00;0.00;0.50;0.012
246990.405;2305;-1.28;2.33;-272.81;-1.31;2.35;90.00;0.00;0.50;127;3;1;0;0.22;0.30;0.28;-0.00;-0.01;0.01;0.02;0.05;-1.31;2.32;90.00;0.00;0.50;0.006
246990.505;2315;-1.28;2.36;-272.66;-1.31;2.50;90.00;-0.00;0.50;127;4;1;0;0.22;0.30;0.28;-0.00;-0.01;0.01;0.02;0.05;-1.31;2.35;90.00;0.00;0.50;0.002
246990.605;2324;-1.28;2.38;-272.56;-1.31;2.50;90.00;-0.00;0.50;127;4;1;0;0.22;0.30;0.29;-0.00;-0.01;-0.02;0.00;0.00;-1.31;2.38;90.00;0.00;0.50;0.001
246990.715;2335;-1.27;2.41;-272.59;-1.31;2.50;90.00;-0.00;0.50;127;4;1;0;0.22;0.30;0.29;-0.01;-0.01;0.04;0.03;0.04;-1.31;2.41;90.00;0.00;0.50;0.001
246990.805;2344;-1.27;2.44;-272.52;-1.31;2.50;90.00;-0.00;0.50;127;4;1;0;0.22;0.30;0.30;-0.00;-0.01;-0.06;-0.04;-0.03;-1.31;2.44;90.00;-0.00;0.50;0.001
246990.905;2354;-1.27;2.47;-272.31;-1.31;2.50;90.00;-0.00;0.50;127;4;1;0;0.22;0.30;0.28;-0.00;-0.01;0.03;0.02;0.05;-1.31;2.47;90.00;-0.00;0.50;0.002
246991.005;2363;-1.27;2.49;-272.32;-1.31;2.50;90.00;-0.00;0.50;127;4;1;0;0.22;0.30;0.30;-0.00;-0.01;-0.08;-0.05;-0.03;-1.31;2.49;90.00;-0.00;0.50;0.005
246991.105;2373;-1.27;2.52;-272.11;-1.31;2.50;90.00;-0.00;0.50;127;4;1;0;0.21;0.30;0.28;-0.01;-0.01;0.02;0.02;0.05;-1.31;2.53;90.00;-0.00;0.50;0.001
246991.215;2386;-1.27;2.56;-271.97;-1.31;2.65;90.00;0.00;0.50;127;5;1;0;0.21;0.30;0.28;-0.00;-0.01;0.01;0.02;0.04;-1.31;2.56;90.00;-0.00;0.50;0.004
246991.305;2396;-1.26;2.59;-271.87;-1.31;2.65;90.00;0.00;0.50;127;5;1;0;0.21;0.30;0.28;-0.00;-0.01;0.01;0.02;0.04;-1.31;2.59;90.00;-0.00;0.50;0.002
246991.415;2405;-1.26;2.61;-271.77;-1.31;2.65;90.00;0.00;0.50;127;5;1;0;0.21;0.30;0.28;-0.00;-0.01;0.02;0.02;0.04;-1.31;2.61;90.00;0.00;0.50;0.001
246991.505;2416;-1.26;2.64;-271.64;-1.31;2.65;90.00;0.00;0.50;127;5;1;0;0.20;0.30;0.28;-0.00;-0.01;0.02;0.02;0.04;-1.31;2.65;90.00;0.00;0.50;0.001
246991.615;2424;-1.26;2.67;-271.56;-1.31;2.65;90.00;0.00;0.50;127;5;1;0;0.20;0.30;0.28;-0.00;-0.01;0.02;0.02;0.04;-1.31;2.67;90.00;0.00;0.50;0.009
246991.705;2435;-1.26;2.70;-271.59;-1.31;2.65;90.00;0.00;0.50;127;5;1;0;0.21;0.30;0.30;-0.00;-0.01;0.04;0.04;0.02;-1.31;2.70;90.00;0.00;0.50;0.001
246991.805;2443;-1.26;2.72;-271.51;-1.31;2.81;90.00;-0.00;0.50;127;6;1;0;0.21;0.30;0.28;-0.01;-0.01;0.05;0.03;0.07;-1.31;2.72;90.00;0.00;0.50;0.004
246991.955;2458;-1.26;2.77;-271.38;-1.29;3.23;75.35;-0.57;0.50;123;1;1;8;0.20;0.30;0.28;-0.00;-0.01;0.04;0.03;0.06;-1.31;2.75;90.00;0.00;0.50;0.045
246992.005;2462;-1.26;2.78;-271.31;-1.29;3.23;75.35;-0.57;0.50;123;1;1;8;0.43;0.30;0.28;-0.01;-0.01;0.03;0.03;0.05;-1.31;2.97;90.00;-0.07;0.06;0.007
246992.115;2477;-1.26;2.82;-269.81;-1.29;3.23;75.35;-0.57;0.50;123;1;1;8;0.28;0.30;0.30;-0.00;-0.01;-0.11;-0.08;0.27;-1.31;2.97;90.00;-0.07;0.06;0.012
246992.225;2487;-1.25;2.85;-268.82;-1.29;3.23;75.35;-0.57;0.50;123;1;1;8;0.19;0.30;0.29;-0.01;-0.01;0.05;0.03;0.13;-1.31;2.97;90.00;-0.07;0.06;0.022
246992.315;2493;-1.25;2.87;-268.79;-1.29;3.23;75.35;-0.57;0.50;123;1;1;8;0.15;0.30;0.28;-0.00;-0.01;0.03;0.04;-0.04;-1.31;2.97;90.00;-0.07;0.06;0.005
246992.455;2511;-1.25;2.92;-269.80;-1.29;3.23;75.35;-0.57;0.50;123;1;1;8;0.08;0.29;0.29;-0.00;-0.01;-0.02;-0.02;-0.09;-1.31;2.97;90.00;-0.07;0.06;0.047
246992.525;2516;-1.25;2.93;-270.11;-1.29;3.23;75.35;-0.57;0.50;123;1;1;8;0.07;0.29;0.29;-0.00;-0.01;0.01;0.01;-0.14;-1.31;2.97;90.00;-0.07;0.06;0.027
246992.655;2531;-1.25;2.98;-271.32;-1.29;3.23;75.35;-0.57;0.50;123;1;1;8;0.03;0.27;0.28;-0.00;-0.01;-0.04;-0.03;-0.14;-1.31;2.97;90.00;-0.07;0.06;0.053
246992.715;2535;-1.25;2.99;-271.57;-1.29;3.23;75.35;-0.57;0.50;123;1;1;8;-0.03;0.26;0.27;-0.00;-0.01;0.04;0.03;-0.10;-1.32;2.98;89.88;-0.14;0.12;0.016
246992.845;2549;-1.25;3.02;-272.68;-1.29;3.23;75.35;-0.57;0.50;123;1;1;8;-0.12;0.26;0.26;0.01;-0.00;-0.00;-0.00;-0.11;-1.32;3.01;89.22;-0.23;0.20;0.030
246992.915;2555;-1.25;3.04;-273.12;-1.29;3.23;75.35;-0.57;0.50;123;1;1;8;-0.18;0.25;0.26;0.00;0.00;-0.01;-0.00;-0.16;-1.32;3.04;88.13;-0.30;0.26;0.008
246993.035;2568;-1.25;3.07;-274.34;-1.29;3.23;75.35;-0.57;0.50;123;1;1;8;-0.24;0.25;0.24;0.01;-0.00;0.01;-0.01;-0.13;-1.31;3.06;87.02;-0.34;0.30;0.025
246993.135;2578;-1.25;3.10;-275.16;-1.29;3.23;75.35;-0.57;0.50;123;1;1;8;-0.31;0.26;0.24;0.01;-0.00;0.01;-0.01;-0.15;-1.31;3.09;85.54;-0.39;0.34;0.026
246993.225;2587;-1.25;3.12;-275.99;-1.29;3.23;75.35;-0.57;0.50;123;1;1;8;-0.35;0.26;0.25;0.00;-0.01;-0.03;0.02;-0.16;-1.31;3.11;84.65;-0.41;0.36;0.022
246993.315;2593;-1.25;3.13;-276.65;-1.29;3.23;75.35;-0.57;0.50;123;1;1;8;-0.42;0.27;0.25;0.01;-0.01;0.05;-0.04;-0.25;-1.31;3.14;82.52;-0.46;0.40;0.009
246993.455;2611;-1.24;3.18;-279.01;-1.29;3.23;75.35;-0.57;0.50;123;1;1;8;-0.45;0.27;0.26;0.00;-0.01;-0.02;0.02;-0.19;-1.30;3.16;81.27;-0.48;0.42;0.058
246993.505;2612;-1.24;3.18;-279.11;-1.29;3.23;75.35;-0.57;0.50;123;1;1;8;-0.55;0.28;0.26;0.00;-0.01;-0.03;0.03;-0.18;-1.29;3.19;78.36;-0.53;0.46;0.005
246993.625;2627;-1.23;3.22;-282.57;-0.95;3.61;17.15;-0.79;0.50;123;2;1;8;-0.60;0.29;0.29;-0.00;-0.01;-0.11;0.12;-0.46;-1.28;3.23;74.89;-0.57;0.50;0.016
246993.725;2635;-1.23;3.24;-285.01;-0.95;3.61;17.15;-0.79;0.50;123;2;1;8;-0.72;0.30;0.28;0.02;-0.01;0.11;-0.14;-0.64;-1.28;3.25;73.01;-0.58;0.50;0.022
246993.835;2646;-1.22;3.28;-289.09;-0.95;3.61;17.15;-0.79;0.50;123;2;1;8;-0.70;0.30;0.31;0.01;-0.00;-0.01;0.01;-0.64;-1.26;3.29;69.14;-0.60;0.50;0.009
246993.925;2654;-1.21;3.30;-291.28;-0.95;3.61;17.15;-0.79;0.50;123;2;1;8;-0.71;0.30;0.33;0.02;-0.00;-0.11;0.19;-0.39;-1.26;3.31;67.15;-0.60;0.50;0.018
246994.015;2665;-1.20;3.33;-295.42;-0.95;3.61;17.15;-0.79;0.50;123;2;1;8;-0.70;0.30;0.33;0.02;-0.01;-0.04;0.07;-0.62;-1.24;3.35;63.05;-0.62;0.50;0.006
246994.145;2678;-1.19;3.37;-299.77;-0.95;3.61;17.15;-0.79;0.50;123;2;1;8;-0.67;0.30;0.31;0.06;-0.01;0.02;-0.01;-0.59;-1.23;3.37;60.95;-0.63;0.50;0.041
246994.235;2688;-1.18;3.40;-302.70;-0.95;3.61;17.15;-0.79;0.50;123;2;1;8;-0.73;0.30;0.34;0.09;-0.04;0.20;-0.14;-0.61;-1.21;3.41;56.62;-0.65;0.50;0.020
246994.305;2692;-1.17;3.42;-304.07;-0.95;3.61;17.15;-0.79;0.50;123;2;1;8;-0.73;0.30;0.32;0.07;-0.01;0.05;-0.06;-0.57;-1.19;3.43;54.39;-0.66;0.50;0.004
246994.435;2707;-1.15;3.46;-309.43;-0.95;3.61;17.15;-0.79;0.50;123;2;1;8;-0.77;0.30;0.32;0.10;-0.01;0.04;-0.08;-0.69;-1.17;3.46;49.81;-0.68;0.50;0.011
246994.525;2718;-1.13;3.50;-313.44;-0.95;3.61;17.15;-0.79;0.50;123;2;1;8;-0.73;0.30;0.35;0.11;-0.01;0.00;-0.03;-0.79;-1.15;3.48;47.46;-0.68;0.50;0.018
246994.605;2722;-1.13;3.51;-315.15;-0.95;3.61;17.15;-0.79;0.50;123;2;1;8;-0.79;0.30;0.34;0.12;-0.01;0.01;-0.01;-0.68;-1.12;3.51;42.63;-0.70;0.50;0.007
246994.715;2737;-1.10;3.56;-321.53;-0.95;3.61;17.15;-0.79;0.50;123;2;1;8;-0.78;0.30;0.34;0.11;-0.01;0.02;-0.05;-0.72;-1.09;3.53;37.61;-0.72;0.50;0.015
246994.825;2745;-1.09;3.58;-324.93;-0.95;3.61;17.15;-0.79;0.50;123;2;1;8;-0.78;0.30;0.35;0.11;-0.01;0.03;0.15;-0.75;-1.07;3.55;35.04;-0.73;0.50;0.019
246994.905;2754;-1.07;3.60;-329.67;-0.95;3.61;17.15;-0.79;0.50;123;2;1;8;-0.79;0.30;0.35;0.12;-0.09;0.36;-0.15;-0.83;-1.04;3.57;29.75;-0.75;0.50;0.006
246995.005;2765;-1.04;3.62;-335.88;-0.95;3.61;17.15;-0.79;0.50;123;2;1;8;-0.70;0.30;0.32;0.03;-0.06;0.11;0.19;-1.03;-1.02;3.58;27.04;-0.75;0.50;0.004
246995.155;2778;-1.00;3.64;-342.69;-0.95;3.61;17.15;-0.79;0.50;123;2;1;8;-0.60;0.30;0.31;-0.01;-0.01;0.05;0.13;-0.72;-1.00;3.59;24.27;-0.76;0.50;0.044
246995.225;2788;-0.97;3.65;-346.69;-0.95;3.61;17.15;-0.79;0.50;123;2;1;8;-0.57;0.30;0.31;-0.01;-0.01;0.02;0.07;-0.59;-0.98;3.60;21.46;-0.77;0.50;0.025
246995.335;2797;-0.95;3.65;-349.24;-0.47;3.47;-47.55;-0.68;0.50;123;3;1;8;-0.67;0.30;0.32;0.06;-0.06;0.07;-0.45;-0.67;-0.94;3.61;15.70;-0.78;0.50;0.029
246995.415;2807;-0.92;3.66;-352.74;-0.47;3.47;-47.55;-0.68;0.50;123;3;1;8;-0.55;0.30;0.31;0.01;-0.01;0.11;0.20;-0.61;-0.92;3.62;12.81;-0.78;0.50;0.003
246995.515;2816;-0.89;3.67;-355.87;-0.47;3.47;-47.55;-0.68;0.50;123;3;1;8;-0.60;0.30;0.30;0.04;-0.01;0.02;0.03;-0.57;-0.88;3.62;7.12;-0.77;0.50;0.008
246995.615;2826;-0.86;3.67;-358.88;-0.47;3.47;-47.55;-0.68;0.50;123;3;1;8;-0.62;0.30;0.33;0.05;-0.03;-0.02;-0.27;-0.75;-0.86;3.62;4.31;-0.77;0.50;0.006
246995.705;2836;-0.83;3.67;-362.35;-0.47;3.47;-47.55;-0.68;0.50;123;3;1;8;-0.61;0.30;0.30;0.00;-0.01;-0.02;-0.01;-0.52;-0.84;3.63;1.52;-0.76;0.50;0.002
246995.825;2846;-0.80;3.67;-364.91;-0.47;3.47;-47.55;-0.68;0.50;123;3;1;8;-0.65;0.30;0.31;0.02;0.00;0.20;0.21;-0.43;-0.82;3.63;-1.24;-0.76;0.50;0.017
246995.925;2856;-0.77;3.67;-368.95;-0.47;3.47;-47.55;-0.68;0.50;123;3;1;8;-0.66;0.30;0.28;-0.00;-0.07;0.06;0.48;-0.72;-0.77;3.62;-6.69;-0.75;0.50;0.010
246996.005;2864;-0.74;3.67;-372.59;-0.47;3.47;-47.55;-0.68;0.50;123;3;1;8;-0.63;0.30;0.30;0.04;-0.01;-0.01;-0.01;-0.73;-0.75;3.62;-9.38;-0.74;0.50;0.003
246996.105;2874;-0.71;3.66;-375.83;-0.47;3.47;-47.55;-0.68;0.50;123;3;1;8;-0.63;0.30;0.30;0.02;0.00;0.01;0.00;-0.52;-0.73;3.61;-12.04;-0.74;0.50;0.001
246996.205;2884;-0.69;3.66;-378.97;-0.47;3.47;-47.55;-0.68;0.50;123;3;1;8;-0.62;0.30;0.29;-0.00;-0.01;-0.07;-0.04;-0.46;-0.71;3.61;-14.68;-0.73;0.50;0.002
246996.305;2893;-0.66;3.65;-380.79;-0.47;3.47;-47.55;-0.68;0.50;123;3;1;8;-0.71;0.30;0.31;0.01;-0.00;0.12;0.08;-0.24;-0.67;3.60;-19.90;-0.73;0.50;0.003
246996.415;2903;-0.63;3.64;-383.08;-0.47;3.47;-47.55;-0.68;0.50;123;3;1;8;-0.75;0.30;0.29;0.04;-0.01;-0.10;-0.07;-0.67;-0.65;3.59;-22.47;-0.72;0.50;0.009
246996.505;2911;-0.61;3.63;-385.68;-0.47;3.47;-47.55;-0.68;0.50;123;3;1;8;-0.75;0.30;0.32;0.03;-0.01;0.01;0.00;-0.46;-0.63;3.58;-25.02;-0.72;0.50;0.002
246996.605;2926;-0.56;3.61;-390.41;-0.47;3.47;-47.55;-0.68;0.50;123;3;1;8;-0.78;0.30;0.34;0.07;-0.01;-0.02;-0.03;-0.51;-0.59;3.56;-30.05;-0.71;0.50;0.009
246996.715;2937;-0.53;3.60;-394.31;-0.47;3.47;-47.55;-0.68;0.50;123;3;1;8;-0.78;0.30;0.32;0.11;-0.01;-0.09;-0.04;-0.80;-0.57;3.55;-32.53;-0.70;0.50;0.008
246996.805;2945;-0.50;3.59;-396.93;-0.47;3.47;-47.55;-0.68;0.50;123;3;1;8;-0.79;0.30;0.36;0.10;-0.01;-0.00;-0.00;-0.52;-0.54;3.53;-37.43;-0.69;0.50;0.002
246996.915;2954;-0.47;3.58;-400.53;-0.47;3.47;-47.55;-0.68;0.50;123;3;1;8;-0.79;0.30;0.31;0.11;0.00;-0.07;0.11;-0.96;-0.52;3.51;-39.84;-0.69;0.50;0.002
246997.005;2965;-0.43;3.56;-405.27;-0.47;3.47;-47.55;-0.68;0.50;123;3;1;8;-0.78;0.30;0.34;0.09;-0.01;0.03;-0.00;-0.68;-0.51;3.50;-42.24;-0.69;0.50;0.004
246997.105;2973;-0.41;3.55;-408.41;-0.47;3.47;-47.55;-0.68;0.50;123;3;1;8;-0.79;0.30;0.34;0.10;-0.00;-0.04;0.01;-0.81;-0.47;3.47;-46.96;-0.68;0.50;0.001
246997.205;2983;-0.38;3.53;-412.92;-0.47;3.47;-47.55;-0.68;0.50;123;3;1;8;-0.76;0.30;0.31;0.12;-0.01;-0.08;-0.01;-0.91;-0.46;3.45;-49.28;-0.67;0.50;0.003
246997.315;2993;-0.35;3.51;-417.14;-0.47;3.47;-47.55;-0.68;0.50;123;3;1;8;-0.70;0.30;0.34;0.06;-0.01;0.12;0.01;-0.71;-0.45;3.44;-51.54;-0.65;0.50;0.008
246997.405;3002;-0.34;3.49;-420.89;-0.47;3.47;-47.55;-0.68;0.50;123;3;1;8;-0.64;0.30;0.31;0.03;-0.01;-0.09;0.00;-0.71;-0.43;3.42;-53.75;-0.64;0.50;0.002
246997.505;3012;-0.32;3.46;-423.81;-0.47;3.47;-47.55;-0.68;0.50;123;3;1;8;-0.60;0.29;0.31;0.00;-0.01;0.14;-0.03;-0.34;-0.42;3.40;-55.90;-0.63;0.50;0.002
246997.615;3027;-0.30;3.42;-427.67;-0.47;3.47;-47.55;-0.68;0.50;123;3;1;8;-0.59;0.29;0.29;0.01;-0.01;0.04;-0.01;-0.34;-0.40;3.37;-60.04;-0.60;0.50;0.005
246997.705;3034;-0.29;3.40;-428.77;-0.47;3.47;-47.55;-0.68;0.50;123;3;1;8;-0.60;0.29;0.30;-0.00;-0.01;0.21;-0.06;-0.24;-0.39;3.35;-62.03;-0.59;0.50;0.004
246997.805;3042;-0.28;3.38;-431.27;-0.47;3.47;-47.55;-0.68;0.50;123;3;1;8;-0.57;0.28;0.30;0.03;-0.07;0.21;-0.18;-0.60;-0.38;3.33;-63.96;-0.58;0.50;0.003
246997.905;3052;-0.27;3.35;-434.67;-0.47;3.47;-47.55;-0.68;0.50;123;3;1;8;-0.50;0.28;0.29;0.04;-0.01;-0.02;0.01;-0.46;-0.37;3.31;-65.85;-0.57;0.50;0.003
246998.015;3062;-0.26;3.33;-436.57;-0.47;3.47;-47.55;-0.68;0.50;123;3;1;8;-0.49;0.27;0.28;0.02;-0.00;-0.04;0.01;-0.34;-0.36;3.29;-67.68;-0.55;0.50;0.002
246998.105;3072;-0.25;3.30;-438.58;-0.47;3.47;-47.55;-0.68;0.50;123;3;1;8;-0.47;0.27;0.28;-0.00;-0.01;0.05;-0.02;-0.33;-0.35;3.27;-69.46;-0.54;0.50;0.003
246998.225;3086;-0.25;3.26;-440.91;-0.34;2.71;-104.65;-0.57;0.50;420;1;1;8;-0.45;0.26;0.26;0.01;-0.01;-0.02;0.00;-0.28;-0.35;3.25;-71.19;-0.53;0.50;0.022
246998.355;3099;-0.24;3.23;-442.77;-0.34;2.96;-104.65;-0.57;0.50;419;1;1;8;-0.45;0.26;0.20;0.05;-0.01;0.17;-0.07;-0.15;-0.31;2.96;-90.00;-0.07;0.06;0.024
246998.455;3109;-0.24;3.23;-442.00;-0.34;2.96;-104.65;-0.57;0.50;419;1;1;8;-0.45;0.26;-0.02;0.01;-0.01;-0.10;0.04;0.19;-0.31;3.21;-90.00;-0.07;0.06;0.004
246998.595;3123;-0.24;3.23;-440.57;-0.34;2.96;-104.65;-0.57;0.50;419;1;1;8;-0.45;0.26;-0.01;-0.00;-0.00;-0.03;0.01;0.11;-0.31;3.21;-90.00;-0.07;0.06;0.009
246998.665;3129;-0.24;3.23;-440.36;-0.34;2.96;-104.65;-0.57;0.50;419;1;1;8;-0.45;0.26;0.00;-0.00;0.00;0.01;-0.00;0.04;-0.31;3.21;-90.00;-0.07;0.06;0.006
246998.745;3140;-0.24;3.23;-440.15;-0.34;2.96;-104.65;-0.57;0.50;419;1;1;8;-0.45;0.26;0.00;0.00;-0.00;0.00;0.00;0.03;-0.31;3.21;-90.00;-0.07;0.06;0.007
246998.835;3148;-0.24;3.23;-440.04;-0.34;2.96;-104.65;-0.57;0.50;419;1;1;8;-0.45;0.26;0.00;0.00;-0.00;0.00;0.00;0.02;-0.31;3.21;-90.00;-0.07;0.06;0.002
246998.975;3159;-0.24;3.23;-439.94;-0.34;2.96;-104.65;-0.57;0.50;419;1;1;8;-0.45;0.26;0.00;-0.00;-0.00;0.00;0.00;0.01;-0.31;3.21;-90.00;-0.07;0.06;0.003
246999.055;3167;-0.24;3.23;-439.89;-0.34;2.96;-104.65;-0.57;0.50;419;1;1;8;-0.45;0.26;0.00;0.00;-0.00;0.00;0.00;0.01;-0.31;3.21;-90.00;-0.07;0.06;0.019
246999.145;3177;-0.24;3.23;-439.85;-0.34;2.96;-104.65;-0.57;0.50;419;1;1;8;-0.45;0.26;0.00;0.00;-0.00;0.00;0.00;0.01;-0.31;3.21;-90.00;-0.07;0.06;0.004
246999.235;3187;-0.24;3.23;-439.82;-0.34;2.96;-104.65;-0.57;0.50;419;1;1;8;-0.45;0.26;0.00;0.00;-0.00;0.00;0.00;0.00;-0.31;3.21;-90.00;-0.07;0.06;0.010
246999.355;3200;-0.24;3.23;-439.80;-0.34;2.96;-104.65;-0.57;0.50;419;1;1;8;-0.45;0.26;0.00;0.00;-0.00;0.00;0.00;0.00;-0.31;3.21;-90.00;-0.07;0.06;0.020
246999.445;3210;-0.24;3.23;-439.79;-0.34;2.96;-104.65;-0.57;0.50;419;1;1;8;-0.45;0.26;0.00;0.00;-0.00;0.00;0.00;0.00;-0.31;3.21;-90.00;-0.07;0.06;0.006
246999.575;3219;-0.24;3.23;-439.78;-0.34;2.96;-104.65;-0.57;0.50;419;1;1;8;-0.45;0.26;0.00;0.00;-0.00;0.00;0.00;0.00;-0.31;3.21;-90.00;-0.07;0.06;0.003
246999.665;3230;-0.24;3.23;-439.78;-0.34;2.96;-104.65;-0.57;0.50;419;1;1;8;-0.45;0.26;0.00;0.00;-0.00;0.00;0.00;0.00;-0.31;3.21;-90.00;-0.07;0.06;0.003
246999.735;3239;-0.24;3.23;-439.78;-0.34;2.96;-104.65;-0.57;0.50;419;1;1;8;-0.45;0.26;0.00;0.00;-0.00;0.00;0.00;0.00;-0.31;3.21;-90.00;-0.07;0.06;0.016
246999.845;3246;-0.24;3.23;-439.77;-0.34;2.96;-104.65;-0.57;0.50;419;1;1;8;-0.45;0.26;0.00;0.00;-0.00;0.00;0.00;0.00;-0.31;3.21;-90.00;-0.07;0.06;0.010
246999.935;3256;-0.24;3.23;-439.77;-0.34;2.96;-104.65;-0.57;0.50;419;1;1;8;-0.45;0.26;0.00;0.00;-0.00;0.00;0.00;0.00;-0.31;3.21;-90.00;-0.07;0.06;0.004
247000.035;3266;-0.24;3.23;-439.77;-0.34;2.96;-104.65;-0.57;0.50;419;1;1;8;-0.45;0.26;0.00;0.00;-0.00;0.00;0.00;0.00;-0.31;3.21;-90.00;-0.07;0.06;0.003
247000.195;3285;-0.24;3.23;-439.77;-0.34;2.96;-104.65;-0.57;0.50;419;1;1;8;-0.45;0.26;0.00;0.00;-0.00;0.00;0.00;0.00;-0.31;3.21;-90.00;-0.07;0.06;0.019
247000.255;3289;-0.24;3.23;-439.77;-0.34;2.96;-104.65;-0.57;0.50;419;1;1;8;-0.45;0.26;0.00;0.00;-0.00;0.00;0.00;0.00;-0.31;3.21;-90.00;-0.07;0.06;0.015
247000.395;3303;-0.24;3.22;-439.77;-0.34;2.96;-104.65;-0.57;0.50;419;1;1;8;-0.45;0.26;0.00;0.00;-0.00;0.00;0.00;0.00;-0.31;3.21;-90.00;-0.07;0.06;0.031
247000.485;3313;-0.24;3.22;-439.77;-0.34;2.96;-104.65;-0.57;0.50;419;1;1;8;-0.45;0.26;0.00;0.00;-0.00;0.00;0.00;0.00;-0.31;3.21;-90.00;-0.07;0.06;0.021
247000.545;3317;-0.24;3.22;-439.77;-0.34;2.96;-104.65;-0.57;0.50;419;1;1;8;-0.45;0.26;0.00;0.00;-0.00;0.00;0.00;0.00;-0.31;3.21;-90.00;-0.07;0.06;0.009
247000.655;3328;-0.24;3.22;-439.76;-0.34;2.96;-104.65;-0.57;0.50;419;1;1;8;-0.45;0.26;0.00;0.00;-0.00;0.00;0.00;0.00;-0.31;3.21;-90.00;-0.07;0.06;0.009
247000.755;3336;-0.24;3.22;-439.76;-0.34;2.96;-104.65;-0.57;0.50;419;1;1;8;-0.45;0.26;0.00;0.00;-0.00;0.00;0.00;0.00;-0.31;3.21;-90.00;-0.07;0.06;0.005
247000.835;3347;-0.24;3.22;-439.76;-0.34;2.96;-104.65;-0.57;0.50;419;1;1;8;-0.45;0.26;0.00;0.00;-0.00;0.00;0.00;0.00;-0.31;3.21;-90.00;-0.07;0.06;0.004
247000.935;3355;-0.24;3.22;-439.76;-0.34;2.96;-104.65;-0.57;0.50;419;1;1;8;-0.45;0.26;0.00;0.00;-0.00;0.00;0.00;0.00;-0.31;3.21;-90.00;-0.07;0.06;0.003
247001.045;3366;-0.24;3.22;-439.76;-0.34;2.96;-104.65;-0.57;0.50;419;1;1;8;-0.45;0.26;0.00;0.00;-0.00;0.00;0.00;0.00;-0.31;3.21;-90.00;-0.07;0.06;0.005
247001.135;3379;-0.24;3.22;-439.76;-0.34;2.96;-104.65;-0.57;0.50;419;1;1;8;-0.45;0.26;0.00;0.00;-0.00;0.00;0.00;0.00;-0.31;3.21;-90.00;-0.07;0.06;0.004
247001.225;3389;-0.24;3.22;-439.76;-0.34;2.96;-104.65;-0.57;0.50;419;1;1;8;-0.45;0.26;0.00;0.00;-0.00;0.00;0.00;0.00;-0.31;3.21;-90.00;-0.07;0.06;0.002
247001.385;3403;-0.24;3.22;-439.76;-0.34;2.96;-104.65;-0.57;0.50;419;1;1;8;-0.45;0.26;0.00;0.00;-0.00;0.00;0.00;0.00;-0.31;3.21;-90.00;-0.07;0.06;0.022
247001.525;3413;-0.24;3.22;-439.76;-0.34;2.96;-104.65;-0.57;0.50;419;1;1;8;-0.45;0.26;0.00;0.00;-0.00;0.00;0.00;0.00;-0.31;3.21;-90.00;-0.07;0.06;0.021
247001.645;3429;-0.24;3.22;-439.76;-0.34;2.96;-104.65;-0.57;0.50;419;1;1;8;-0.45;0.26;0.00;0.00;-0.00;0.00;0.00;0.00;-0.31;3.21;-90.00;-0.07;0.06;0.009
247001.735;3438;-0.24;3.22;-439.76;-0.34;2.96;-104.65;-0.57;0.50;419;1;1;8;-0.45;0.26;0.00;0.00;-0.00;0.00;0.00;0.00;-0.31;3.21;-90.00;-0.07;0.06;0.013
247001.805;3444;-0.24;3.22;-439.76;-0.34;2.96;-104.65;-0.57;0.50;419;1;1;8;-0.45;0.26;0.00;0.00;-0.00;0.00;0.00;0.00;-0.31;3.21;-90.00;-0.07;0.06;0.012
247001.865;3452;-0.24;3.22;-439.76;-0.34;2.96;-104.65;-0.57;0.50;419;1;1;8;-0.45;0.26;0.00;0.00;-0.00;0.00;0.00;0.00;-0.31;3.21;-90.00;-0.07;0.06;0.015
247001.945;3456;-0.24;3.22;-439.76;-0.34;2.96;-104.65;-0.57;0.50;419;1;1;8;-0.45;0.26;0.00;0.00;-0.00;0.00;0.00;0.00;-0.31;3.21;-90.00;-0.07;0.06;0.008
247002.045;3467;-0.24;3.22;-439.76;-0.34;2.96;-104.65;-0.57;0.50;419;1;1;8;-0.45;0.26;0.00;0.00;-0.00;0.00;0.00;0.00;-0.31;3.21;-90.00;-0.07;0.06;0.004
247002.135;3475;-0.24;3.22;-439.76;-0.34;2.96;-104.65;-0.57;0.50;419;1;1;8;-0.45;0.26;0.00;0.00;-0.00;0.00;0.00;0.00;-0.31;3.21;-90.00;-0.07;0.06;0.005
247002.265;3490;-0.24;3.22;-439.75;-0.34;2.96;-104.65;-0.57;0.50;419;1;1;8;-0.45;0.26;0.00;0.00;-0.00;0.00;0.00;0.00;-0.31;3.21;-90.00;-0.07;0.06;0.007
247002.355;3499;-0.24;3.22;-439.75;-0.34;2.96;-104.65;-0.57;0.50;419;1;1;8;-0.45;0.26;0.00;0.00;-0.00;0.00;0.00;0.00;-0.31;3.21;-90.00;-0.07;0.06;0.017
247002.455;3509;-0.24;3.22;-439.75;-0.34;2.96;-104.65;-0.57;0.50;419;1;1;8;-0.45;0.26;0.00;0.00;-0.00;0.00;0.00;0.00;-0.31;3.21;-90.00;-0.07;0.06;0.019
247002.525;3514;-0.24;3.22;-439.75;-0.34;2.96;-104.65;-0.57;0.50;419;1;1;8;-0.53;0.26;0.00;0.00;-0.00;0.00;0.00;0.00;-0.31;3.21;-90.00;-0.07;0.06;0.022
247002.655;3529;-0.23;3.20;-442.41;-0.34;2.96;-104.65;-0.57;0.50;419;1;1;8;-0.50;0.26;0.26;-0.00;-0.00;-0.02;0.01;-0.59;-0.31;3.21;-90.06;-0.11;0.10;0.039
247002.725;3535;-0.23;3.19;-444.12;-0.34;2.96;-104.65;-0.57;0.50;419;1;1;8;-0.53;0.27;0.26;0.02;-0.01;-0.01;0.01;-0.41;-0.31;3.18;-90.54;-0.21;0.18;0.024
247002.855;3550;-0.22;3.15;-447.49;-0.34;2.96;-104.65;-0.57;0.50;419;1;1;8;-0.51;0.27;0.26;0.04;-0.01;-0.00;0.01;-0.35;-0.31;3.16;-91.07;-0.25;0.22;0.046
247002.965;3559;-0.22;3.12;-448.94;-0.34;2.96;-104.65;-0.57;0.50;419;1;1;8;-0.54;0.27;0.27;0.00;-0.01;0.14;-0.09;-0.24;-0.31;3.14;-91.87;-0.30;0.26;0.050
247003.055;3569;-0.22;3.10;-451.33;-0.34;2.96;-104.65;-0.57;0.50;419;1;1;8;-0.54;0.27;0.26;0.00;-0.01;-0.03;0.03;-0.38;-0.31;3.12;-92.98;-0.34;0.30;0.047
247003.135;3578;-0.22;3.07;-453.04;-0.34;2.96;-104.65;-0.57;0.50;419;1;1;8;-0.57;0.27;0.27;-0.00;-0.01;0.14;-0.10;-0.30;-0.31;3.09;-94.46;-0.39;0.34;0.035
247003.215;3584;-0.22;3.06;-454.42;-0.34;2.96;-104.65;-0.57;0.50;419;1;1;8;-0.58;0.28;0.27;0.02;-0.02;-0.14;0.08;-0.54;-0.32;3.08;-95.35;-0.41;0.36;0.013
247003.335;3599;-0.23;3.02;-458.15;-0.34;2.96;-104.65;-0.57;0.50;419;1;1;8;-0.58;0.28;0.29;0.02;0.00;-0.03;0.01;-0.46;-0.32;3.05;-97.48;-0.46;0.40;0.026
247003.405;3603;-0.23;3.01;-459.46;-0.34;2.96;-104.65;-0.57;0.50;419;1;1;8;-0.59;0.29;0.27;0.01;-0.01;-0.11;0.11;-0.53;-0.32;3.03;-98.73;-0.48;0.42;0.010
247003.535;3618;-0.23;2.96;-463.12;-0.34;2.96;-104.65;-0.57;0.50;419;1;1;8;-0.62;0.29;0.29;-0.00;0.00;0.13;-0.14;-0.36;-0.33;2.99;-101.64;-0.53;0.46;0.025
247003.615;3626;-0.24;2.94;-465.52;-0.34;2.96;-104.65;-0.57;0.50;419;1;1;8;-0.62;0.30;0.28;0.05;-0.01;-0.14;0.18;-0.59;-0.34;2.97;-103.30;-0.55;0.48;0.026
247003.705;3634;-0.24;2.92;-467.92;-0.68;2.58;-162.85;-0.79;0.50;419;2;1;8;-0.62;0.30;0.30;0.01;-0.01;0.11;-0.13;-0.47;-0.34;2.95;-105.11;-0.57;0.50;0.015
247003.815;3644;-0.25;2.89;-470.76;-0.68;2.58;-162.85;-0.79;0.50;419;2;1;8;-0.36;0.30;0.29;0.02;-0.01;-0.07;0.11;-0.54;-0.35;2.93;-106.99;-0.58;0.50;0.006
247003.905;3654;-0.26;2.86;-472.73;-0.68;2.58;-162.85;-0.79;0.50;419;2;1;8;-0.42;0.30;0.30;-0.01;-0.00;0.06;-0.08;-0.04;-0.36;2.89;-110.86;-0.60;0.50;0.007
247004.015;3662;-0.27;2.84;-472.88;-0.68;2.58;-162.85;-0.79;0.50;419;2;1;8;-0.51;0.30;0.29;-0.03;-0.08;0.14;0.47;-0.13;-0.37;2.87;-112.85;-0.60;0.50;0.010
247004.135;3677;-0.29;2.80;-475.25;-0.68;2.58;-162.85;-0.79;0.50;419;2;1;8;-0.56;0.30;0.32;0.01;-0.01;-0.05;0.06;-0.34;-0.38;2.85;-114.88;-0.61;0.50;0.022
247004.225;3686;-0.30;2.77;-476.98;-0.68;2.58;-162.85;-0.79;0.50;419;2;1;8;-0.59;0.30;0.31;0.02;-0.00;0.00;-0.02;-0.26;-0.39;2.83;-116.95;-0.62;0.50;0.017
247004.315;3696;-0.31;2.74;-478.93;-0.68;2.58;-162.85;-0.79;0.50;419;2;1;8;-0.63;0.30;0.29;0.06;-0.01;-0.03;0.05;-0.43;-0.40;2.81;-119.05;-0.63;0.50;0.019
247004.415;3707;-0.32;2.71;-481.24;-0.68;2.58;-162.85;-0.79;0.50;419;2;1;8;-0.70;0.30;0.34;0.04;-0.01;0.03;-0.12;-0.33;-0.42;2.78;-123.38;-0.65;0.50;0.009
247004.525;3715;-0.33;2.69;-483.87;-0.68;2.58;-162.85;-0.79;0.50;419;2;1;8;-0.70;0.30;0.32;0.06;-0.01;-0.05;0.09;-0.56;-0.43;2.76;-125.61;-0.66;0.50;0.015
247004.615;3724;-0.34;2.66;-486.46;-0.68;2.58;-162.85;-0.79;0.50;419;2;1;8;-0.72;0.30;0.35;0.07;-0.01;0.02;-0.11;-0.47;-0.45;2.74;-127.88;-0.67;0.50;0.008
247004.715;3734;-0.36;2.63;-490.14;-0.68;2.58;-162.85;-0.79;0.50;419;2;1;8;-0.71;0.30;0.33;0.08;-0.01;-0.04;0.08;-0.60;-0.46;2.72;-130.19;-0.68;0.50;0.012
247004.805;3744;-0.37;2.60;-493.34;-0.68;2.58;-162.85;-0.79;0.50;419;2;1;8;-0.72;0.30;0.34;0.07;-0.01;0.02;-0.16;-0.53;-0.47;2.71;-132.54;-0.68;0.50;0.005
247004.905;3753;-0.39;2.57;-496.97;-0.68;2.58;-162.85;-0.79;0.50;419;2;1;8;-0.75;0.30;0.32;0.08;-0.01;-0.02;0.08;-0.61;-0.50;2.68;-137.37;-0.70;0.50;0.003
247005.015;3763;-0.41;2.55;-500.36;-0.68;2.58;-162.85;-0.79;0.50;419;2;1;8;-0.76;0.30;0.34;0.09;-0.01;-0.00;-0.19;-0.64;-0.52;2.66;-139.86;-0.71;0.50;0.005
247005.105;3775;-0.43;2.52;-505.27;-0.68;2.58;-162.85;-0.79;0.50;419;2;1;8;-0.72;0.30;0.31;0.11;-0.01;-0.02;0.08;-0.92;-0.54;2.65;-142.39;-0.72;0.50;0.006
247005.225;3786;-0.46;2.49;-510.30;-0.68;2.58;-162.85;-0.79;0.50;419;2;1;8;-0.68;0.30;0.31;0.06;-0.01;0.01;0.21;-0.71;-0.55;2.64;-144.96;-0.73;0.50;0.022
247005.345;3800;-0.49;2.47;-516.27;-0.68;2.58;-162.85;-0.79;0.50;419;2;1;8;-0.66;0.30;0.31;-0.00;-0.01;-0.03;-0.10;-0.69;-0.57;2.63;-147.58;-0.74;0.50;0.032
247005.415;3806;-0.51;2.46;-518.63;-0.68;2.58;-162.85;-0.79;0.50;419;2;1;8;-0.62;0.30;0.29;0.02;-0.01;0.05;0.20;-0.70;-0.59;2.62;-150.25;-0.75;0.50;0.011
247005.525;3814;-0.53;2.45;-521.34;-0.68;2.58;-162.85;-0.79;0.50;419;2;1;8;-0.63;0.30;0.31;-0.01;-0.01;-0.06;-0.19;-0.49;-0.61;2.61;-152.96;-0.75;0.50;0.024
247005.615;3825;-0.56;2.44;-525.26;-0.68;2.58;-162.85;-0.79;0.50;419;2;1;8;-0.62;0.30;0.29;0.01;-0.04;0.05;-0.28;-0.74;-0.63;2.60;-155.73;-0.76;0.50;0.008
247005.715;3833;-0.59;2.43;-528.45;-0.68;2.58;-162.85;-0.79;0.50;419;2;1;8;-0.62;0.29;0.30;0.01;-0.01;0.02;0.03;-0.59;-0.65;2.59;-158.54;-0.77;0.50;0.004
247005.805;3844;-0.62;2.42;-531.71;-0.68;2.58;-162.85;-0.79;0.50;419;2;1;8;-0.63;0.29;0.29;0.01;-0.06;0.25;0.11;-0.70;-0.67;2.58;-161.40;-0.78;0.50;0.006
247005.915;3856;-0.65;2.42;-536.75;-0.68;2.58;-162.85;-0.79;0.50;419;2;1;8;-0.63;0.29;0.30;0.06;-0.01;0.10;0.14;-0.82;-0.69;2.57;-164.30;-0.78;0.50;0.007
247006.025;3865;-0.68;2.41;-539.89;-0.68;2.58;-162.85;-0.79;0.50;419;2;1;8;-0.57;0.28;0.29;0.02;-0.01;-0.02;-0.04;-0.50;-0.71;2.57;-167.19;-0.78;0.50;0.016
247006.115;3876;-0.71;2.41;-542.84;-1.16;2.72;-227.55;-0.68;0.50;419;3;1;8;-0.58;0.27;0.28;0.05;-0.01;0.20;0.25;-0.58;-0.73;2.57;-170.05;-0.77;0.50;0.016
247006.215;3884;-0.73;2.41;-545.37;-1.16;2.72;-227.55;-0.68;0.50;419;3;1;8;-0.17;0.28;0.27;0.03;-0.01;0.04;0.05;-0.64;-0.75;2.56;-172.88;-0.77;0.50;0.005
247006.315;3894;-0.76;2.41;-546.80;-1.16;2.72;-227.55;-0.68;0.50;419;3;1;8;-0.25;0.29;0.28;-0.01;-0.01;-0.06;-0.06;0.14;-0.77;2.56;-175.69;-0.77;0.50;0.007
247006.415;3903;-0.78;2.41;-546.55;-1.16;2.72;-227.55;-0.68;0.50;419;3;1;8;-0.38;0.30;0.27;0.00;-0.01;0.04;0.03;-0.02;-0.79;2.56;-178.48;-0.76;0.50;0.007
247006.515;3913;-0.81;2.42;-546.98;-1.16;2.72;-227.55;-0.68;0.50;419;3;1;8;-0.50;0.30;0.28;0.01;-0.01;0.05;0.05;-0.29;-0.81;2.56;-181.24;-0.76;0.50;0.003
247006.615;3924;-0.84;2.42;-548.74;-1.16;2.72;-227.55;-0.68;0.50;419;3;1;8;-0.57;0.30;0.28;0.02;-0.01;0.05;0.05;-0.45;-0.83;2.56;-183.98;-0.75;0.50;0.007
247006.715;3933;-0.87;2.42;-550.41;-1.16;2.72;-227.55;-0.68;0.50;419;3;1;8;-0.63;0.30;0.30;0.00;-0.00;-0.04;-0.05;-0.33;-0.85;2.56;-186.69;-0.75;0.50;0.011
247006.805;3944;-0.90;2.43;-553.50;-1.16;2.72;-227.55;-0.68;0.50;419;3;1;8;-0.64;0.30;0.29;0.01;-0.01;0.08;0.06;-0.53;-0.87;2.57;-189.38;-0.74;0.50;0.002
247006.935;3957;-0.94;2.44;-556.56;-1.16;2.72;-227.55;-0.68;0.50;419;3;1;8;-0.67;0.30;0.32;0.01;-0.00;-0.16;-0.12;-0.26;-0.90;2.57;-192.04;-0.74;0.50;0.032
247007.015;3967;-0.97;2.44;-559.65;-1.16;2.72;-227.55;-0.68;0.50;419;3;1;8;-0.70;0.30;0.30;0.05;-0.01;0.14;0.09;-0.58;-0.92;2.57;-194.68;-0.73;0.50;0.008
247007.125;3976;-1.00;2.45;-562.23;-1.16;2.72;-227.55;-0.68;0.50;419;3;1;8;-0.70;0.30;0.33;0.01;-0.01;-0.18;-0.10;-0.42;-0.94;2.58;-197.30;-0.73;0.50;0.020
247007.215;3987;-1.03;2.46;-566.21;-1.16;2.72;-227.55;-0.68;0.50;419;3;1;8;-0.73;0.30;0.30;0.05;-0.01;0.06;0.03;-0.68;-0.98;2.60;-202.47;-0.72;0.50;0.004
247007.325;3996;-1.06;2.47;-569.15;-1.16;2.72;-227.55;-0.68;0.50;419;3;1;8;-0.68;0.30;0.34;0.04;-0.01;-0.08;-0.02;-0.48;-0.98;2.60;-202.47;-0.72;0.50;0.025
247007.405;4006;-1.09;2.48;-571.98;-1.16;2.72;-227.55;-0.68;0.50;419;3;1;8;-0.74;0.30;0.30;0.08;-0.01;0.08;0.06;-0.62;-1.02;2.61;-207.54;-0.71;0.50;0.018
247007.515;4014;-1.11;2.49;-574.16;-1.16;2.72;-227.55;-0.68;0.50;419;3;1;8;-0.77;0.30;0.33;0.07;-0.01;-0.02;-0.00;-0.48;-1.03;2.62;-210.05;-0.71;0.50;0.006
247007.605;4025;-1.15;2.51;-578.19;-1.16;2.72;-227.55;-0.68;0.50;419;3;1;8;-0.75;0.30;0.32;0.09;-0.01;0.11;0.05;-0.73;-1.05;2.63;-212.53;-0.70;0.50;0.002
247007.705;4033;-1.17;2.52;-580.89;-1.16;2.72;-227.55;-0.68;0.50;419;3;1;8;-0.75;0.30;0.34;0.08;-0.01;-0.03;0.01;-0.53;-1.07;2.65;-214.99;-0.70;0.50;0.001
247007.825;4044;-1.21;2.54;-584.85;-1.16;2.72;-227.55;-0.68;0.50;419;3;1;8;-0.78;0.30;0.34;0.11;-0.01;-0.00;0.02;-0.62;-1.11;2.67;-219.84;-0.69;0.50;0.017
247007.925;4053;-1.23;2.55;-587.96;-1.16;2.72;-227.55;-0.68;0.50;419;3;1;8;-0.78;0.30;0.32;0.13;-0.01;0.08;0.01;-0.87;-1.12;2.69;-222.24;-0.69;0.50;0.010
247008.015;4067;-1.28;2.58;-593.96;-1.16;2.72;-227.55;-0.68;0.50;419;3;1;8;-0.73;0.30;0.35;0.11;-0.01;-0.14;0.03;-0.66;-1.14;2.70;-224.61;-0.68;0.50;0.004
247008.115;4076;-1.29;2.60;-597.33;-1.16;2.72;-227.55;-0.68;0.50;419;3;1;8;-0.70;0.29;0.33;0.04;-0.01;-0.04;0.01;-0.69;-1.15;2.72;-226.96;-0.68;0.50;0.004
247008.215;4086;-1.32;2.63;-602.12;-1.16;2.72;-227.55;-0.68;0.50;419;3;1;8;-0.63;0.29;0.30;0.03;-0.01;-0.03;0.01;-0.60;-1.17;2.73;-229.28;-0.67;0.50;0.001
247008.305;4091;-1.32;2.64;-603.45;-1.16;2.72;-227.55;-0.68;0.50;419;3;1;8;-0.59;0.28;0.30;0.01;-0.01;-0.14;0.03;-0.36;-1.18;2.75;-231.54;-0.65;0.50;0.004
247008.405;4106;-1.34;2.68;-606.91;-1.16;2.72;-227.55;-0.68;0.50;419;3;1;8;-0.58;0.27;0.29;-0.01;-0.01;-0.24;0.05;-0.24;-1.20;2.78;-235.90;-0.63;0.50;0.002
247008.515;4115;-1.35;2.70;-608.83;-1.16;2.72;-227.55;-0.68;0.50;419;3;1;8;-0.57;0.27;0.26;0.01;-0.01;0.06;-0.01;-0.34;-1.22;2.80;-238.00;-0.62;0.50;0.008
247008.605;4125;-1.36;2.72;-610.30;-1.16;2.72;-227.55;-0.68;0.50;419;3;1;8;-0.54;0.26;0.27;-0.00;-0.01;-0.19;0.06;-0.21;-1.22;2.80;-238.00;-0.62;0.50;0.001
247008.725;4134;-1.37;2.75;-612.12;-1.16;2.72;-227.55;-0.68;0.50;419;3;1;8;-0.53;0.25;0.25;0.01;-0.01;0.04;-0.01;-0.26;-1.23;2.82;-240.04;-0.60;0.50;0.010
247008.805;4144;-1.38;2.77;-613.26;-1.16;2.72;-227.55;-0.68;0.50;419;3;1;8;-0.55;0.24;0.25;-0.00;-0.01;-0.22;0.08;-0.15;-1.24;2.84;-242.03;-0.59;0.50;0.002
247008.905;4153;-1.38;2.79;-615.00;-1.16;2.72;-227.55;-0.68;0.50;419;3;1;8;-0.53;0.23;0.23;0.00;-0.01;0.05;-0.01;-0.29;-1.25;2.85;-243.96;-0.58;0.50;0.003
247009.005;4163;-1.39;2.81;-616.31;-1.16;2.72;-227.55;-0.68;0.50;419;3;1;8;-0.53;0.23;0.24;-0.01;-0.01;-0.21;0.09;-0.18;-1.26;2.87;-245.85;-0.57;0.50;0.003
247009.115;4175;-1.40;2.84;-618.42;-1.16;2.72;-227.55;-0.68;0.50;419;3;1;8;-0.51;0.22;0.22;0.00;-0.01;-0.04;0.02;-0.24;-1.26;2.89;-247.68;-0.55;0.50;0.002
247009.225;4186;-1.40;2.86;-619.92;-1.16;2.72;-227.55;-0.68;0.50;419;3;1;8;-0.50;0.21;0.22;0.04;-0.01;0.04;-0.02;-0.23;-1.27;2.91;-249.46;-0.54;0.50;0.014
247009.325;4194;-1.41;2.88;-620.73;-1.16;2.72;-227.55;-0.68;0.50;419;3;1;8;-0.52;0.21;0.21;0.02;-0.01;0.04;-0.02;-0.25;-1.28;2.93;-251.19;-0.53;0.50;0.009
247009.405;4205;-1.42;2.90;-622.05;-1.16;2.72;-227.55;-0.68;0.50;419;3;1;8;-0.53;0.20;0.21;0.02;-0.01;-0.06;0.03;-0.16;-1.29;2.95;-252.87;-0.52;0.50;0.002
247009.505;4213;-1.42;2.92;-623.04;-1.16;2.72;-227.55;-0.68;0.50;419;3;1;8;-0.50;0.20;0.20;0.04;-0.01;0.10;-0.06;-0.26;-1.29;2.95;-252.87;-0.52;0.50;0.002
247009.605;4223;-1.42;2.94;-623.95;-1.16;2.72;-227.55;-0.68;0.50;419;3;1;8;-0.51;0.19;0.20;0.01;-0.01;-0.13;0.08;-0.10;-1.29;2.97;-254.50;-0.50;0.50;0.002
247009.715;4234;-1.43;2.96;-625.10;-1.16;2.72;-227.55;-0.68;0.50;419;3;1;8;-0.52;0.19;0.20;0.02;-0.01;-0.07;0.05;-0.13;-1.30;2.99;-256.08;-0.49;0.50;0.008
247009.815;4242;-1.43;2.97;-626.03;-1.16;2.72;-227.55;-0.68;0.50;419;3;1;8;-0.52;0.19;0.19;0.04;-0.01;0.05;-0.04;-0.20;-1.30;3.02;-257.62;-0.48;0.50;0.001
247009.905;4251;-1.43;2.99;-626.81;-1.16;2.72;-227.55;-0.68;0.50;419;3;1;8;-0.50;0.18;0.19;0.01;-0.01;-0.12;0.08;-0.13;-1.30;3.02;-257.62;-0.48;0.50;0.005
247010.005;4266;-1.44;3.02;-628.26;-1.16;2.72;-227.55;-0.68;0.50;419;3;1;8;-0.49;0.18;0.19;0.00;-0.01;-0.13;0.09;-0.10;-1.31;3.04;-259.11;-0.47;0.50;0.003
247010.115;4276;-1.44;3.04;-629.23;-1.16;2.72;-227.55;-0.68;0.50;419;3;1;8;-0.50;0.17;0.18;0.02;-0.01;-0.06;0.04;-0.11;-1.31;3.06;-260.55;-0.45;0.50;0.007
247010.215;4285;-1.44;3.05;-630.10;-1.16;2.72;-227.55;-0.68;0.50;419;3;1;8;-0.50;0.17;0.17;0.03;-0.01;0.03;-0.03;-0.16;-1.31;3.08;-261.95;-0.44;0.50;0.004
247010.315;4295;-1.45;3.07;-630.85;-1.16;2.72;-227.55;-0.68;0.50;419;3;1;8;-0.48;0.16;0.17;-0.00;-0.01;0.05;-0.03;-0.19;-1.31;3.08;-261.95;-0.44;0.50;0.003
247010.415;4303;-1.45;3.08;-631.61;-1.16;2.72;-227.55;-0.68;0.50;419;3;1;8;-0.49;0.16;0.16;0.02;-0.01;-0.05;0.04;-0.10;-1.32;3.10;-263.30;-0.43;0.50;0.008
247010.505;4314;-1.45;3.10;-632.34;-1.16;2.72;-227.55;-0.68;0.50;419;3;1;8;-0.49;0.16;0.15;0.00;-0.01;0.01;-0.01;-0.08;-1.32;3.12;-264.61;-0.42;0.50;0.002
247010.605;4322;-1.45;3.11;-632.76;-1.16;2.72;-227.55;-0.68;0.50;419;3;1;8;-0.47;0.16;0.14;0.00;-0.01;0.06;-0.04;-0.15;-1.32;3.12;-264.61;-0.42;0.50;0.006
247010.705;4331;-1.45;3.13;-633.06;-1.16;2.72;-227.55;-0.68;0.50;419;3;1;8;-0.49;0.15;0.15;-0.00;-0.01;0.03;-0.03;-0.08;-1.32;3.14;-265.88;-0.41;0.50;0.002
247010.815;4347;-1.45;3.15;-633.61;-1.32;3.21;-269.43;-0.37;0.50;419;4;1;8;-0.51;0.15;0.15;0.03;-0.01;0.08;-0.07;-0.12;-1.32;3.16;-267.10;-0.39;0.50;0.003
247010.915;4355;-1.45;3.16;-634.06;-1.32;3.21;-269.43;-0.37;0.50;419;4;1;8;-0.36;0.17;0.16;0.02;-0.01;-0.09;0.08;-0.07;-1.32;3.16;-267.10;-0.39;0.50;0.011
247011.015;4366;-1.45;3.18;-634.37;-1.32;3.21;-269.43;-0.37;0.50;419;4;1;8;-0.38;0.19;0.17;-0.00;-0.01;-0.02;0.02;0.04;-1.32;3.19;-268.29;-0.38;0.50;0.003
247011.105;4374;-1.45;3.19;-634.51;-1.32;3.21;-269.43;-0.37;0.50;419;4;1;8;-0.39;0.20;0.17;0.00;-0.01;0.06;-0.05;-0.11;-1.32;3.19;-268.29;-0.38;0.50;0.003
247011.215;4383;-1.45;3.21;-634.71;-1.32;3.21;-269.43;-0.37;0.50;419;4;1;8;-0.41;0.22;0.20;0.00;-0.01;-0.08;0.07;-0.04;-1.32;3.21;-269.43;-0.37;0.50;0.009
247011.305;4393;-1.44;3.23;-635.27;-1.32;3.21;-269.43;-0.37;0.50;419;4;1;8;-0.40;0.23;0.21;0.00;-0.01;-0.00;-0.00;-0.07;-1.32;3.21;-269.43;-0.37;0.50;0.006
247011.405;4402;-1.44;3.25;-635.81;-1.32;3.21;-269.43;-0.37;0.50;419;4;1;8;-0.39;0.24;0.21;0.01;-0.01;0.05;-0.05;-0.18;-1.32;3.21;-269.43;-0.37;0.50;0.003
247011.525;4417;-1.44;3.28;-636.81;-1.32;3.21;-269.43;-0.37;0.50;419;4;1;8;-0.37;0.24;0.23;0.04;-0.01;0.03;-0.02;-0.13;-1.32;3.21;-269.43;-0.37;0.50;0.021
247011.605;4425;-1.44;3.30;-637.22;-1.32;3.21;-269.43;-0.37;0.50;419;4;1;8;-0.37;0.24;0.24;0.01;-0.01;-0.10;0.09;-0.07;-1.32;3.21;-269.43;-0.37;0.50;0.003
247011.715;4434;-1.44;3.32;-638.02;-1.32;3.21;-269.43;-0.37;0.50;419;4;1;8;-0.36;0.24;0.24;0.03;-0.01;-0.01;0.01;-0.12;-1.32;3.21;-269.43;-0.37;0.50;0.004
247011.805;4445;-1.44;3.35;-638.79;-1.32;3.21;-269.43;-0.37;0.50;419;4;1;8;-0.34;0.24;0.23;0.01;-0.01;0.04;-0.04;-0.13;-1.32;3.21;-269.43;-0.37;0.50;0.003
247011.905;4454;-1.44;3.37;-639.14;-1.32;3.21;-269.43;-0.37;0.50;419;4;1;8;-0.34;0.23;0.26;0.03;-0.05;0.32;-0.06;-0.16;-1.32;3.21;-269.43;-0.37;0.50;0.002
247012.005;4465;-1.43;3.40;-639.62;-1.32;3.21;-269.43;-0.37;0.50;419;4;1;8;-0.34;0.22;0.23;0.01;-0.01;0.05;-0.05;-0.11;-1.32;3.21;-269.43;-0.37;0.50;0.003
247012.115;4473;-1.43;3.41;-640.00;-1.32;3.21;-269.43;-0.37;0.50;419;4;1;8;-0.34;0.20;0.21;0.00;-0.01;-0.01;0.01;-0.02;-1.32;3.21;-269.43;-0.37;0.50;0.016
247012.215;4484;-1.43;3.44;-640.30;-1.32;3.21;-269.43;-0.37;0.50;419;4;1;8;-0.33;0.19;0.19;0.00;-0.01;0.01;-0.02;-0.01;-1.32;3.21;-269.43;-0.37;0.50;0.004
247012.305;4492;-1.43;3.45;-640.34;-1.32;3.21;-269.43;-0.37;0.50;419;4;1;8;-0.34;0.17;0.18;0.00;-0.01;0.05;-0.05;-0.07;-1.32;3.21;-269.43;-0.37;0.50;0.002
247012.415;4507;-1.42;3.48;-640.32;-1.32;3.21;-269.43;-0.37;0.50;419;4;1;8;-0.36;0.16;0.15;0.01;-0.01;0.04;-0.04;-0.03;-1.32;3.21;-269.43;-0.37;0.50;0.011
247012.515;4515;-1.42;3.49;-640.18;-1.32;3.21;-269.43;-0.37;0.50;419;4;1;8;-0.37;0.14;0.15;-0.00;-0.01;0.04;-0.04;-0.03;-1.32;3.21;-269.43;-0.37;0.50;0.003
247012.605;4526;-1.42;3.50;-640.09;-1.32;3.21;-269.43;-0.37;0.50;419;4;1;8;-0.38;0.12;0.13;0.00;-0.01;-0.02;0.02;0.07;-1.32;3.21;-269.43;-0.37;0.50;0.002
247012.705;4534;-1.42;3.51;-639.98;-1.32;3.21;-269.43;-0.37;0.50;419;4;1;8;-0.39;0.10;0.10;0.00;-0.01;0.04;-0.04;-0.00;-1.32;3.21;-269.43;-0.37;0.50;0.002
247012.805;4545;-1.41;3.52;-639.68;-1.32;3.21;-269.43;-0.37;0.50;419;4;1;8;-0.41;0.08;0.08;0.00;-0.01;0.04;-0.04;0.01;-1.32;3.21;-269.43;-0.37;0.50;0.013
247012.915;4553;-1.41;3.53;-639.49;-1.32;3.21;-269.43;-0.37;0.50;419;4;1;8;-0.42;0.06;0.07;0.00;-0.01;0.02;-0.03;0.04;-1.32;3.21;-269.43;-0.37;0.50;0.013
247013.015;4566;-1.41;3.54;-639.07;-1.32;3.21;-269.43;-0.37;0.50;419;4;1;8;-0.45;0.05;0.05;-0.00;-0.01;0.02;-0.02;0.06;-1.32;3.21;-269.43;-0.37;0.50;0.003
247013.115;4576;-1.41;3.54;-638.69;-1.32;3.21;-269.43;-0.37;0.50;419;4;1;8;-0.47;0.03;0.03;-0.00;-0.01;0.02;-0.02;0.06;-1.32;3.21;-269.43;-0.37;0.50;0.003
247013.215;4585;-1.41;3.54;-638.18;-1.32;3.21;-269.43;-0.37;0.50;419;4;1;8;-0.49;0.01;0.02;-0.00;-0.00;0.01;-0.00;0.10;-1.32;3.21;-269.43;-0.37;0.50;0.005
247013.315;4596;-1.41;3.54;-637.56;-1.32;3.21;-269.43;-0.37;0.50;419;4;1;8;-0.52;0.00;0.01;-0.00;-0.00;0.03;-0.03;0.09;-1.32;3.21;-269.43;-0.37;0.50;0.010
247013.405;4604;-1.41;3.54;-637.19;-1.32;3.21;-269.43;-0.37;0.50;419;4;1;8;-0.54;0.00;-0.01;-0.00;-0.00;0.02;-0.02;0.08;-1.32;3.21;-269.43;-0.37;0.50;0.001
247013.515;4613;-1.41;3.54;-636.96;-1.32;3.21;-269.43;-0.37;0.50;419;4;1;8;-0.54;0.00;0.00;-0.00;0.00;-0.01;0.00;0.03;-1.32;3.21;-269.43;-0.37;0.50;0.009
247013.605;4623;-1.41;3.54;-636.83;-1.32;3.21;-269.43;-0.37;0.50;419;4;1;8;-0.55;0.00;0.00;0.00;-0.00;-0.00;-0.00;0.02;-1.32;3.21;-269.43;-0.37;0.50;0.004
247013.715;4636;-1.41;3.54;-636.73;-1.32;3.21;-269.43;-0.37;0.50;419;4;1;8;-0.56;0.00;0.00;0.00;-0.00;-0.00;-0.00;0.01;-1.32;3.21;-269.43;-0.37;0.50;0.003
247013.815;4647;-1.41;3.54;-636.67;-1.32;3.21;-269.43;-0.37;0.50;419;4;1;8;-0.56;0.00;0.00;-0.00;-0.00;-0.00;-0.00;0.01;-1.32;3.21;-269.43;-0.37;0.50;0.006
247013.905;4655;-1.41;3.54;-636.65;-1.32;3.21;-269.43;-0.37;0.50;419;4;1;8;-0.56;0.00;0.00;0.00;-0.00;-0.00;-0.00;0.00;-1.32;3.21;-269.43;-0.37;0.50;0.003
247014.005;4666;-1.41;3.54;-636.62;-1.32;3.21;-269.43;-0.37;0.50;419;4;1;8;-0.56;0.00;0.00;0.00;-0.00;-0.00;-0.00;0.00;-1.32;3.21;-269.43;-0.37;0.50;0.003
247014.105;4674;-1.41;3.54;-636.61;-1.32;3.21;-269.43;-0.37;0.50;419;4;1;8;-0.56;0.00;0.00;0.00;-0.00;-0.00;-0.00;0.00;-1.32;3.21;-269.43;-0.37;0.50;0.006
247014.215;4685;-1.41;3.54;-636.60;-1.32;3.21;-269.43;-0.37;0.50;419;4;1;8;-0.56;0.00;0.00;0.00;-0.00;-0.00;-0.00;0.00;-1.32;3.21;-269.43;-0.37;0.50;0.006
247014.315;4693;-1.41;3.54;-636.60;-1.32;3.21;-269.43;-0.37;0.50;419;4;1;8;-0.56;0.00;0.00;0.00;-0.00;-0.00;-0.00;0.00;-1.32;3.21;-269.43;-0.37;0.50;0.004
247014.415;4704;-1.41;3.55;-636.59;-1.32;3.21;-269.43;-0.37;0.50;419;4;1;8;-0.56;0.00;0.00;0.00;-0.00;-0.00;-0.00;0.00;-1.32;3.21;-269.43;-0.37;0.50;0.015
247014.505;4712;-1.41;3.55;-636.59;-1.32;3.21;-269.43;-0.37;0.50;419;4;1;8;-0.56;0.00;0.00;0.00;-0.00;-0.00;-0.00;0.00;-1.32;3.21;-269.43;-0.37;0.50;0.002
247014.625;4727;-1.41;3.55;-636.59;-1.32;3.21;-269.43;-0.37;0.50;419;4;1;8;-0.56;0.00;0.00;0.00;-0.00;-0.00;0.00;0.00;-1.32;3.21;-269.43;-0.37;0.50;0.009
247014.735;4735;-1.41;3.55;-636.59;-1.32;3.21;-269.43;-0.37;0.50;419;4;1;8;-0.56;0.00;0.00;0.00;-0.00;-0.00;0.00;0.00;-1.32;3.21;-269.43;-0.37;0.50;0.021
247014.805;4745;-1.41;3.55;-636.59;-1.32;3.21;-269.43;-0.37;0.50;419;4;1;8;-0.56;0.00;0.00;0.00;-0.00;-0.00;0.00;0.00;-1.32;3.21;-269.43;-0.37;0.50;0.002
247014.915;4754;-1.41;3.55;-636.59;-1.32;3.21;-269.43;-0.37;0.50;419;4;1;8;-0.56;0.00;0.00;0.00;-0.00;-0.00;0.00;0.00;-1.32;3.21;-269.43;-0.37;0.50;0.003
247015.015;4764;-1.41;3.55;-636.59;-1.32;3.21;-269.43;-0.37;0.50;419;4;1;8;-0.56;0.00;0.00;0.00;-0.00;-0.00;0.00;-0.00;-1.32;3.21;-269.43;-0.37;0.50;0.009
247015.105;4773;-1.41;3.55;-636.59;-1.32;3.21;-269.43;-0.37;0.50;419;4;1;8;-0.56;0.00;0.00;0.00;-0.00;-0.00;0.00;-0.00;-1.32;3.21;-269.43;-0.37;0.50;0.003
247015.205;4783;-1.41;3.55;-636.59;-1.32;3.21;-269.43;-0.37;0.50;419;4;1;8;-0.56;0.00;0.00;0.00;-0.00;-0.00;0.00;-0.00;-1.32;3.21;-269.43;-0.37;0.50;0.002
247015.325;4797;-1.41;3.55;-636.59;-1.32;3.21;-269.43;-0.37;0.50;419;4;1;8;-0.56;0.00;0.00;0.00;-0.00;-0.00;0.00;-0.00;-1.32;3.21;-269.43;-0.37;0.50;0.008
247015.405;4803;-1.41;3.55;-636.59;-1.32;3.21;-269.43;-0.37;0.50;419;4;1;8;-0.56;0.00;0.00;0.00;-0.00;-0.00;0.00;-0.00;-1.32;3.21;-269.43;-0.37;0.50;0.003
247015.535;4816;-1.41;3.55;-636.59;-1.32;3.21;-269.43;-0.37;0.50;419;4;1;8;-0.56;0.00;0.00;0.00;-0.00;-0.00;0.00;-0.00;-1.32;3.21;-269.43;-0.37;0.50;0.026
247015.615;4826;-1.41;3.55;-636.59;-1.32;3.21;-269.43;-0.37;0.50;419;4;1;8;-0.56;0.00;0.00;0.00;-0.00;-0.00;0.00;-0.00;-1.32;3.21;-269.43;-0.37;0.50;0.002
247015.705;4834;-1.41;3.55;-636.59;-1.32;3.21;-269.43;-0.37;0.50;419;4;1;8;-0.56;0.00;0.00;0.00;-0.00;-0.00;0.00;-0.00;-1.32;3.21;-269.43;-0.37;0.50;0.003
247015.815;4845;-1.41;3.55;-636.59;-1.32;3.21;-269.43;-0.37;0.50;419;4;1;8;-0.56;0.00;0.00;0.00;-0.00;-0.00;0.00;-0.00;-1.32;3.21;-269.43;-0.37;0.50;0.005
247015.905;4853;-1.41;3.55;-636.59;-1.32;3.21;-269.43;-0.37;0.50;419;4;1;8;-0.56;0.00;0.00;0.00;-0.00;-0.00;0.00;-0.00;-1.32;3.21;-269.43;-0.37;0.50;0.002
247016.015;4864;-1.41;3.55;-636.59;-1.32;3.21;-269.43;-0.37;0.50;419;4;1;8;-0.56;0.00;0.00;0.00;-0.00;-0.00;0.00;-0.00;-1.32;3.21;-269.43;-0.37;0.50;0.011
247016.115;4876;-1.41;3.55;-636.59;-1.32;3.21;-269.43;-0.37;0.50;419;4;1;8;-0.56;0.00;0.00;0.00;-0.00;-0.00;0.00;-0.00;-1.32;3.21;-269.43;-0.37;0.50;0.005
247016.215;4887;-1.41;3.55;-636.59;-1.32;3.21;-269.43;-0.37;0.50;419;4;1;8;-0.56;0.00;0.00;0.00;-0.00;-0.00;0.00;-0.00;-1.32;3.21;-269.43;-0.37;0.50;0.001
247016.305;4895;-1.41;3.55;-636.59;-1.32;3.21;-269.43;-0.37;0.50;419;4;1;8;-0.56;0.00;0.00;0.00;-0.00;-0.00;0.00;-0.00;-1.32;3.21;-269.43;-0.37;0.50;0.002
247016.415;4906;-1.41;3.55;-636.59;-1.32;3.21;-269.43;-0.37;0.50;419;4;1;8;-0.56;0.00;0.00;0.00;-0.00;-0.00;0.00;-0.00;-1.32;3.21;-269.43;-0.37;0.50;0.002
247016.505;4914;-1.41;3.55;-636.59;-1.32;3.21;-269.43;-0.37;0.50;419;4;1;8;-0.56;0.00;0.00;0.00;-0.00;-0.00;0.00;-0.00;-1.32;3.21;-269.43;-0.37;0.50;0.006
247016.615;4925;-1.41;3.55;-636.59;-1.32;3.21;-269.43;-0.37;0.50;419;4;1;8;-0.56;0.00;0.00;0.00;-0.00;-0.00;0.00;-0.00;-1.32;3.21;-269.43;-0.37;0.50;0.009
247016.705;4933;-1.41;3.55;-636.59;-1.32;3.21;-269.43;-0.37;0.50;419;4;1;8;-0.56;0.00;0.00;0.00;-0.00;-0.00;0.00;-0.00;-1.32;3.21;-269.43;-0.37;0.50;0.004
247016.815;4946;-1.41;3.55;-636.59;-1.32;3.21;-269.43;-0.37;0.50;419;4;1;8;-0.56;0.00;0.00;0.00;-0.00;-0.00;0.00;-0.00;-1.32;3.21;-269.43;-0.37;0.50;0.003
247016.905;4956;-1.41;3.55;-636.59;-1.32;3.21;-269.43;-0.37;0.50;419;4;1;8;-0.56;0.00;0.00;0.00;-0.00;-0.00;0.00;-0.00;-1.32;3.21;-269.43;-0.37;0.50;0.005
247017.015;4965;-1.41;3.55;-636.59;-1.32;3.21;-269.43;-0.37;0.50;419;4;1;8;-0.56;0.00;0.00;0.00;-0.00;-0.00;0.00;-0.00;-1.32;3.21;-269.43;-0.37;0.50;0.004
247017.105;4974;-1.41;3.55;-636.59;-1.32;3.21;-269.43;-0.37;0.50;419;4;1;8;-0.56;0.00;0.00;0.00;-0.00;-0.00;0.00;-0.00;-1.32;3.21;-269.43;-0.37;0.50;0.005
247017.205;4985;-1.41;3.55;-636.59;-1.32;3.21;-269.43;-0.37;0.50;419;4;1;8;-0.56;0.00;0.00;0.00;-0.00;-0.00;0.00;-0.00;-1.32;3.21;-269.43;-0.37;0.50;0.003
247017.315;4993;-1.41;3.55;-636.59;-1.32;3.21;-269.43;-0.37;0.50;419;4;1;8;-0.56;0.00;0.00;0.00;-0.00;-0.00;0.00;-0.00;-1.32;3.21;-269.43;-0.37;0.50;0.004
247017.405;5004;-1.41;3.55;-636.59;-1.32;3.21;-269.43;-0.37;0.50;419;4;1;8;-0.56;0.00;0.00;0.00;-0.00;-0.00;0.00;-0.00;-1.32;3.21;-269.43;-0.37;0.50;0.001
247017.505;5013;-1.41;3.55;-636.59;-1.32;3.21;-269.43;-0.37;0.50;419;4;1;8;-0.56;0.00;0.00;0.00;-0.00;-0.00;0.00;-0.00;-1.32;3.21;-269.43;-0.37;0.50;0.002
247017.605;5023;-1.41;3.55;-636.59;-1.32;3.21;-269.43;-0.37;0.50;419;4;1;8;-0.56;0.00;0.00;0.00;-0.00;-0.00;0.00;-0.00;-1.32;3.21;-269.43;-0.37;0.50;0.002
247017.705;5034;-1.41;3.55;-636.59;-1.32;3.21;-269.43;-0.37;0.50;419;4;1;8;-0.56;0.00;0.00;0.00;-0.00;-0.00;0.00;-0.00;-1.32;3.21;-269.43;-0.37;0.50;0.004
247017.815;5043;-1.41;3.55;-636.59;-1.32;3.21;-269.43;-0.37;0.50;419;4;1;8;-0.56;0.00;0.00;0.00;-0.00;-0.00;0.00;-0.00;-1.32;3.21;-269.43;-0.37;0.50;0.008
247017.905;5052;-1.41;3.55;-636.59;-1.32;3.21;-269.43;-0.37;0.50;419;4;1;8;-0.56;0.00;0.00;0.00;-0.00;-0.00;0.00;-0.00;-1.32;3.21;-269.43;-0.37;0.50;0.003
247018.005;5062;-1.41;3.55;-636.59;-1.32;3.21;-269.43;-0.37;0.50;419;4;1;8;-0.56;0.00;0.00;0.00;-0.00;-0.00;0.00;-0.00;-1.32;3.21;-269.43;-0.37;0.50;0.001
247018.105;5072;-1.41;3.55;-636.59;-1.32;3.21;-269.43;-0.37;0.50;419;4;1;8;-0.56;0.00;0.00;0.00;-0.00;-0.00;0.00;-0.00;-1.32;3.21;-269.43;-0.37;0.50;0.004
247018.215;5086;-1.41;3.55;-636.59;-1.32;3.21;-269.43;-0.37;0.50;419;4;1;8;-0.56;0.00;0.00;0.00;-0.00;-0.00;0.00;-0.00;-1.32;3.21;-269.43;-0.37;0.50;0.008
247018.305;5096;-1.41;3.55;-636.60;-1.32;3.21;-269.43;-0.37;0.50;419;4;1;8;-0.56;0.00;0.00;0.00;-0.00;-0.00;0.00;-0.00;-1.32;3.21;-269.43;-0.37;0.50;0.002
247018.405;5104;-1.41;3.55;-636.60;-1.32;3.21;-269.43;-0.37;0.50;419;4;1;8;-0.56;0.00;0.00;0.00;-0.00;-0.00;0.00;-0.00;-1.32;3.21;-269.43;-0.37;0.50;0.002
247018.505;5115;-1.41;3.55;-636.60;-1.32;3.21;-269.43;-0.37;0.50;419;4;1;8;-0.56;0.00;0.00;0.00;-0.00;-0.00;0.00;-0.00;-1.32;3.21;-269.43;-0.37;0.50;0.006
247018.605;5124;-1.41;3.55;-636.60;-1.32;3.21;-269.43;-0.37;0.50;419;4;1;8;-0.56;0.00;0.00;0.00;-0.00;-0.00;0.00;-0.00;-1.32;3.21;-269.43;-0.37;0.50;0.003
247018.705;5134;-1.41;3.55;-636.60;-1.32;3.21;-269.43;-0.37;0.50;419;4;1;8;-0.56;0.00;0.00;0.00;-0.00;-0.00;0.00;-0.00;-1.32;3.21;-269.43;-0.37;0.50;0.002
247018.805;5143;-1.41;3.55;-636.60;-1.32;3.21;-269.43;-0.37;0.50;419;4;1;8;-0.56;0.00;0.00;0.00;-0.00;-0.00;0.00;-0.00;-1.32;3.21;-269.43;-0.37;0.50;0.002
247018.935;5157;-1.41;3.55;-636.60;-1.32;3.21;-269.43;-0.37;0.50;419;4;1;8;-0.57;0.00;0.00;0.00;-0.00;-0.00;0.00;-0.00;-1.32;3.21;-269.43;-0.37;0.50;0.022
247019.005;5166;-1.41;3.55;-636.60;-1.32;3.21;-269.43;-0.37;0.50;419;4;1;8;-0.57;0.00;0.00;0.00;-0.00;-0.00;0.00;-0.00;-1.32;3.21;-269.43;-0.37;0.50;0.002
247019.105;5172;-1.41;3.55;-636.60;-1.32;3.21;-269.43;-0.37;0.50;419;4;1;8;-0.57;0.00;0.00;0.00;-0.00;-0.00;0.00;-0.00;-1.32;3.21;-269.43;-0.37;0.50;0.001
247019.205;5183;-1.41;3.55;-636.60;-1.32;3.21;-269.43;-0.37;0.50;419;4;1;8;-0.57;0.00;0.00;0.00;-0.00;-0.00;0.00;-0.00;-1.32;3.21;-269.43;-0.37;0.50;0.002
247019.305;5195;-1.41;3.55;-636.60;-1.32;3.21;-269.43;-0.37;0.50;419;4;1;8;-0.57;0.00;0.00;0.00;-0.00;-0.00;0.00;-0.00;-1.32;3.21;-269.43;-0.37;0.50;0.002
247019.405;5205;-1.41;3.55;-636.60;-1.32;3.21;-269.43;-0.37;0.50;419;4;1;8;-0.57;0.00;0.00;0.00;-0.00;-0.00;0.00;-0.00;-1.32;3.21;-269.43;-0.37;0.50;0.001
247019.505;5215;-1.41;3.55;-636.60;-1.32;3.21;-269.43;-0.37;0.50;419;4;1;8;-0.57;0.00;0.00;0.00;-0.00;-0.00;0.00;-0.00;-1.32;3.21;-269.43;-0.37;0.50;0.001
247019.605;5223;-1.41;3.55;-636.60;-1.32;3.21;-269.43;-0.37;0.50;419;4;1;8;-0.57;0.00;0.00;0.00;-0.00;-0.00;0.00;-0.00;-1.32;3.21;-269.43;-0.37;0.50;0.001
