t;frame;x;y;z;x_ref;y_ref;z_ref;delta_ref;u_ref;state;ellipse;control;action;delta;u;vx;vy;vz;wx;wy;wz;xr;yr;zr;delr;ur
92115.605;12;-0.29;-2.23;-176.11;-0.39;-2.28;180.00;0.00;0.50;876;1;1;0;-0.05;0.01;-0.00;0.00;0.00;-0.01;-0.01;0.01;-0.31;-2.28;180.00;0.00;0.07;0.033
92115.695;20;-0.29;-2.23;-176.11;-0.39;-2.28;180.00;0.00;0.50;876;1;1;0;-0.05;0.01;0.00;0.00;0.00;0.00;-0.01;-0.00;-0.31;-2.28;180.00;0.00;0.07;0.042
92115.795;29;-0.29;-2.23;-176.11;-0.39;-2.28;180.00;0.00;0.50;876;1;1;0;-0.05;0.02;0.02;0.00;-0.03;-0.02;0.22;0.00;-0.31;-2.28;180.00;0.00;0.07;0.044
92115.885;39;-0.29;-2.23;-176.12;-0.39;-2.28;180.00;0.00;0.50;876;1;1;0;-0.05;0.02;0.02;0.00;-0.00;0.01;0.02;-0.01;-0.31;-2.28;180.00;0.00;0.07;0.028
92115.955;43;-0.29;-2.23;-176.12;-0.39;-2.28;180.00;0.00;0.50;876;1;1;0;-0.05;0.03;0.02;0.00;-0.00;0.01;0.02;-0.01;-0.31;-2.28;180.00;0.00;0.07;0.007
92116.065;57;-0.30;-2.23;-176.11;-0.39;-2.28;180.00;0.00;0.50;876;1;1;0;-0.05;0.03;0.04;0.00;-0.03;-0.02;0.24;-0.01;-0.31;-2.28;180.00;0.00;0.07;0.024
92116.185;65;-0.30;-2.23;-176.14;-0.39;-2.28;180.00;0.00;0.50;876;1;1;0;-0.05;0.04;0.03;-0.01;-0.00;0.06;-0.06;-0.03;-0.31;-2.28;180.00;0.00;0.07;0.028
92116.275;80;-0.30;-2.23;-176.14;-0.39;-2.28;180.00;0.00;0.50;876;1;1;0;-0.05;0.04;0.03;-0.00;0.01;0.00;-0.03;0.01;-0.31;-2.28;180.00;0.00;0.07;0.026
92116.395;89;-0.31;-2.23;-176.12;-0.39;-2.28;180.00;0.00;0.50;876;1;1;0;-0.05;0.04;0.05;0.00;-0.03;-0.03;0.23;0.01;-0.31;-2.28;180.00;0.00;0.07;0.041
92116.475;97;-0.31;-2.23;-176.12;-0.39;-2.28;180.00;0.00;0.50;876;1;1;0;-0.05;0.04;0.04;0.00;0.00;0.00;-0.01;-0.01;-0.31;-2.28;180.00;0.00;0.07;0.027
92116.575;108;-0.32;-2.23;-176.14;-0.39;-2.28;180.00;0.00;0.50;876;1;1;0;-0.05;0.04;0.04;0.00;0.00;0.00;-0.04;0.00;-0.31;-2.28;180.00;0.00;0.07;0.020
92116.685;116;-0.32;-2.23;-176.16;-0.39;-2.28;180.00;0.00;0.50;876;1;1;0;-0.05;0.05;0.05;0.00;-0.03;-0.01;0.22;-0.00;-0.32;-2.28;180.00;0.00;0.14;0.023
92116.775;127;-0.32;-2.23;-176.18;-0.39;-2.28;180.00;0.00;0.50;876;1;1;0;-0.05;0.05;0.06;0.00;-0.03;-0.01;0.22;-0.00;-0.32;-2.28;180.00;0.00;0.18;0.018
92116.875;138;-0.33;-2.23;-176.19;-0.39;-2.28;180.00;0.00;0.50;876;1;1;0;-0.05;0.06;0.05;-0.00;0.01;0.00;-0.04;-0.00;-0.33;-2.28;180.00;0.00;0.21;0.014
92116.965;146;-0.33;-2.23;-176.21;-0.39;-2.28;180.00;0.00;0.50;876;1;1;0;-0.05;0.07;0.06;0.00;-0.00;0.01;0.02;-0.01;-0.33;-2.28;180.00;0.00;0.25;0.010
92117.075;156;-0.34;-2.23;-176.21;-0.54;-2.28;180.00;-0.00;0.50;876;2;1;0;-0.05;0.08;0.06;-0.00;0.00;0.02;-0.07;0.01;-0.34;-2.28;180.00;0.00;0.28;0.019
92117.175;167;-0.35;-2.23;-176.23;-0.54;-2.28;180.00;-0.00;0.50;876;2;1;0;-0.06;0.09;0.08;0.00;0.00;-0.00;-0.00;-0.01;-0.35;-2.28;180.00;0.00;0.35;0.019
92117.275;176;-0.36;-2.23;-176.26;-0.54;-2.28;180.00;-0.00;0.50;876;2;1;0;-0.06;0.11;0.09;-0.00;0.01;0.00;-0.03;-0.01;-0.36;-2.28;180.00;0.00;0.39;0.020
92117.385;186;-0.37;-2.23;-176.34;-0.54;-2.28;180.00;-0.00;0.50;876;2;1;0;-0.05;0.12;0.11;-0.00;0.01;-0.01;-0.01;-0.02;-0.37;-2.28;180.00;0.00;0.42;0.025
92117.475;196;-0.38;-2.23;-176.45;-0.54;-2.28;180.00;-0.00;0.50;876;2;1;0;-0.05;0.14;0.12;0.00;0.01;-0.01;0.00;-0.03;-0.38;-2.28;180.00;0.00;0.46;0.009
92117.555;205;-0.39;-2.23;-176.55;-0.54;-2.28;180.00;-0.00;0.50;876;2;1;0;-0.05;0.16;0.14;-0.00;0.00;0.01;-0.01;-0.02;-0.39;-2.28;180.00;0.00;0.49;0.025
92117.675;219;-0.41;-2.23;-176.64;-0.54;-2.28;180.00;-0.00;0.50;876;2;1;0;-0.04;0.17;0.16;-0.00;0.00;0.00;-0.01;-0.02;-0.40;-2.28;180.00;0.00;0.50;0.017
92117.765;227;-0.42;-2.23;-176.70;-0.54;-2.28;180.00;-0.00;0.50;876;2;1;0;-0.04;0.19;0.18;0.00;0.00;-0.02;0.02;-0.01;-0.42;-2.28;180.00;0.00;0.50;0.021
92117.865;236;-0.44;-2.23;-176.73;-0.54;-2.28;180.00;-0.00;0.50;876;2;1;0;-0.04;0.20;0.19;-0.00;-0.00;0.02;-0.03;-0.00;-0.44;-2.28;180.00;0.00;0.50;0.013
92117.965;245;-0.46;-2.24;-176.78;-0.54;-2.28;180.00;-0.00;0.50;876;2;1;0;-0.04;0.21;0.20;-0.00;0.00;-0.02;0.03;-0.02;-0.45;-2.28;180.00;0.00;0.50;0.006
92118.055;255;-0.48;-2.24;-176.84;-0.54;-2.28;180.00;-0.00;0.50;876;2;1;0;-0.04;0.23;0.22;-0.00;0.00;-0.02;0.03;-0.02;-0.47;-2.28;180.00;0.00;0.50;0.007
92118.175;269;-0.51;-2.24;-176.94;-0.54;-2.28;180.00;-0.00;0.50;876;2;1;0;-0.04;0.24;0.23;0.00;0.00;-0.00;-0.00;-0.01;-0.50;-2.28;180.00;0.00;0.50;0.013
92118.265;275;-0.52;-2.24;-176.98;-0.69;-2.28;180.00;0.00;0.50;876;3;1;0;-0.04;0.25;0.24;0.00;0.00;-0.00;-0.00;-0.01;-0.53;-2.28;180.00;-0.00;0.50;0.010
92118.365;288;-0.56;-2.24;-177.07;-0.69;-2.28;180.00;0.00;0.50;876;3;1;0;-0.04;0.27;0.25;0.00;0.00;-0.00;-0.00;-0.01;-0.55;-2.28;180.00;-0.00;0.50;0.013
92118.455;293;-0.57;-2.24;-177.10;-0.69;-2.28;180.00;0.00;0.50;876;3;1;0;-0.04;0.28;0.27;-0.00;0.00;-0.00;-0.00;-0.01;-0.57;-2.28;180.00;-0.00;0.50;0.008
92118.565;308;-0.61;-2.24;-177.20;-0.69;-2.28;180.00;0.00;0.50;876;3;1;0;-0.04;0.29;0.28;0.00;0.00;-0.00;-0.00;-0.01;-0.60;-2.28;180.00;0.00;0.50;0.011
92118.655;317;-0.64;-2.24;-177.25;-0.69;-2.28;180.00;0.00;0.50;876;3;1;0;-0.04;0.30;0.29;0.00;0.00;-0.00;-0.00;-0.01;-0.62;-2.28;180.00;0.00;0.50;0.007
92118.765;327;-0.67;-2.25;-177.32;-0.69;-2.28;180.00;0.00;0.50;876;3;1;0;-0.04;0.30;0.30;0.00;0.00;-0.00;-0.00;-0.01;-0.66;-2.28;180.00;0.00;0.50;0.012
92118.865;335;-0.69;-2.25;-177.36;-0.85;-2.28;180.00;-0.00;0.50;876;4;1;0;-0.04;0.30;0.30;0.00;0.00;-0.00;-0.00;-0.01;-0.69;-2.28;180.00;0.00;0.50;0.005
92118.965;346;-0.72;-2.25;-177.42;-0.85;-2.28;180.00;-0.00;0.50;876;4;1;0;-0.04;0.30;0.30;0.00;0.00;-0.00;-0.00;-0.01;-0.72;-2.28;180.00;0.00;0.50;0.002
92119.065;355;-0.75;-2.25;-177.47;-0.85;-2.28;180.00;-0.00;0.50;876;4;1;0;-0.05;0.30;0.30;0.00;0.00;-0.00;0.00;-0.01;-0.75;-2.28;180.00;0.00;0.50;0.003
92119.155;365;-0.78;-2.25;-177.52;-0.85;-2.28;180.00;-0.00;0.50;876;4;1;0;-0.05;0.30;0.30;0.00;0.00;-0.00;0.00;-0.01;-0.78;-2.28;180.00;-0.00;0.50;0.002
92119.255;373;-0.80;-2.25;-177.56;-0.85;-2.28;180.00;-0.00;0.50;876;4;1;0;-0.05;0.30;0.30;0.00;0.00;-0.00;0.00;-0.01;-0.81;-2.28;180.00;-0.00;0.50;0.005
92119.355;384;-0.84;-2.25;-177.61;-1.00;-2.28;180.00;0.00;0.50;876;5;1;0;-0.05;0.30;0.30;0.00;0.00;-0.00;0.00;-0.01;-0.84;-2.28;180.00;-0.00;0.50;0.002
92119.465;398;-0.88;-2.26;-177.67;-1.00;-2.28;180.00;0.00;0.50;876;5;1;0;-0.05;0.30;0.30;0.00;0.00;-0.00;0.00;-0.01;-0.87;-2.28;180.00;-0.00;0.50;0.006
92119.555;402;-0.89;-2.26;-177.69;-1.00;-2.28;180.00;0.00;0.50;876;5;1;0;-0.05;0.30;0.30;0.00;0.00;-0.00;0.00;-0.01;-0.89;-2.28;180.00;-0.00;0.50;0.001
92119.655;417;-0.94;-2.26;-177.76;-1.00;-2.28;180.00;0.00;0.50;876;5;1;0;-0.05;0.30;0.30;0.00;0.00;-0.00;0.00;-0.01;-0.94;-2.28;180.00;-0.00;0.50;0.003
92119.755;426;-0.96;-2.26;-177.81;-1.00;-2.28;180.00;0.00;0.50;876;5;1;0;-0.05;0.30;0.30;0.00;0.00;-0.00;0.00;-0.01;-0.96;-2.28;180.00;0.00;0.50;0.001
92119.855;435;-0.99;-2.26;-177.85;-1.00;-2.28;180.00;0.00;0.50;876;5;1;0;-0.05;0.30;0.30;0.00;0.00;-0.00;0.00;-0.01;-0.99;-2.28;180.00;0.00;0.50;0.001
92119.955;446;-1.02;-2.26;-177.90;-1.15;-2.28;180.00;-0.00;0.50;876;6;1;0;-0.05;0.30;0.30;0.00;-0.00;0.00;0.00;-0.01;-1.02;-2.28;180.00;0.00;0.50;0.001
92120.055;454;-1.05;-2.26;-177.93;-1.15;-2.28;180.00;-0.00;0.50;876;6;1;0;-0.05;0.30;0.30;0.00;-0.00;0.00;0.00;-0.01;-1.04;-2.28;180.00;0.00;0.50;0.001
92120.155;464;-1.08;-2.26;-177.98;-1.15;-2.28;180.00;-0.00;0.50;876;6;1;0;-0.05;0.30;0.30;0.00;-0.00;0.00;0.00;-0.01;-1.08;-2.28;180.00;0.00;0.50;0.001
92120.255;475;-1.11;-2.26;-178.02;-1.15;-2.28;180.00;-0.00;0.50;876;6;1;0;-0.05;0.30;0.30;-0.00;-0.00;0.00;0.00;-0.01;-1.11;-2.28;180.00;-0.00;0.50;0.001
92120.365;483;-1.14;-2.27;-178.06;-1.15;-2.28;180.00;-0.00;0.50;876;6;1;0;-0.05;0.30;0.30;-0.00;-0.00;0.00;0.00;-0.01;-1.13;-2.28;180.00;-0.00;0.50;0.003
92120.455;494;-1.17;-2.27;-178.11;-1.30;-2.28;180.00;0.00;0.50;876;7;1;0;-0.05;0.30;0.30;-0.00;-0.00;0.00;0.00;-0.01;-1.16;-2.28;180.00;-0.00;0.50;0.001
92120.585;506;-1.20;-2.27;-178.16;-1.52;-2.26;162.35;-0.79;0.50;1602;1;1;6;-0.05;0.30;0.30;-0.00;-0.00;0.00;0.00;-0.01;-1.21;-2.28;180.00;-0.00;0.50;0.024
92120.675;515;-1.23;-2.27;-178.19;-1.52;-2.26;162.35;-0.79;0.50;1602;1;1;6;0.08;0.30;0.30;-0.00;-0.00;0.00;0.00;-0.01;-1.32;-2.28;180.03;-0.10;0.06;0.016
92120.765;525;-1.26;-2.27;-177.79;-1.52;-2.26;162.35;-0.79;0.50;1602;1;1;6;-0.02;0.30;0.31;-0.00;-0.03;0.02;0.23;0.17;-1.32;-2.28;180.03;-0.10;0.06;0.005
92120.865;533;-1.29;-2.27;-177.42;-1.52;-2.26;162.35;-0.79;0.50;1602;1;1;6;-0.10;0.29;0.30;-0.00;0.00;0.01;0.03;-0.00;-1.32;-2.28;180.03;-0.10;0.06;0.013
92120.965;548;-1.33;-2.27;-177.93;-1.52;-2.26;162.35;-0.79;0.50;1602;1;1;6;-0.20;0.28;0.29;-0.00;0.00;0.00;-0.00;-0.09;-1.32;-2.28;180.03;-0.10;0.06;0.015
92121.065;556;-1.35;-2.27;-178.74;-1.52;-2.26;162.35;-0.79;0.50;1602;1;1;6;-0.41;0.28;0.28;0.00;0.00;0.01;0.00;-0.18;-1.35;-2.29;179.17;-0.33;0.21;0.011
92121.175;564;-1.38;-2.27;-180.15;-1.52;-2.26;162.35;-0.79;0.50;1602;1;1;6;-0.49;0.28;0.28;0.00;-0.01;0.01;0.00;-0.40;-1.38;-2.29;177.81;-0.43;0.27;0.020
92121.275;579;-1.42;-2.27;-183.59;-1.52;-2.26;162.35;-0.79;0.50;1602;1;1;6;-0.58;0.28;0.28;0.02;-0.01;-0.00;-0.01;-0.36;-1.41;-2.28;175.51;-0.52;0.33;0.018
92121.385;588;-1.44;-2.27;-185.73;-1.52;-2.26;162.35;-0.79;0.50;1602;1;1;6;-0.66;0.29;0.29;0.01;-0.00;0.01;0.04;-0.51;-1.44;-2.28;173.02;-0.59;0.38;0.029
92121.475;599;-1.47;-2.27;-189.69;-1.52;-2.26;162.35;-0.79;0.50;1602;1;1;6;-0.71;0.29;0.31;-0.01;-0.01;-0.04;-0.06;-0.65;-1.47;-2.27;169.76;-0.67;0.42;0.016
92121.565;607;-1.50;-2.27;-192.56;-1.52;-2.26;162.35;-0.79;0.50;1602;1;1;6;-0.79;0.30;0.32;0.03;-0.01;0.03;0.11;-0.75;-1.50;-2.26;165.64;-0.74;0.47;0.006
92121.665;618;-1.53;-2.26;-198.38;-1.81;-1.96;106.51;-0.75;0.50;1602;2;1;6;-0.79;0.30;0.32;0.04;-0.00;-0.02;-0.01;-1.07;-1.52;-2.26;162.35;-0.79;0.50;0.016
92121.765;626;-1.56;-2.26;-202.94;-1.81;-1.96;106.51;-0.75;0.50;1602;2;1;6;-0.72;0.30;0.31;0.05;-0.01;0.04;0.04;-0.79;-1.55;-2.25;158.85;-0.78;0.50;0.006
92121.875;637;-1.59;-2.25;-206.06;-1.81;-1.96;106.51;-0.75;0.50;1602;2;1;6;-0.79;0.30;0.35;0.05;-0.01;-0.18;-0.08;-0.36;-1.58;-2.23;153.63;-0.78;0.50;0.020
92121.965;645;-1.62;-2.24;-208.90;-1.81;-1.96;106.51;-0.75;0.50;1602;2;1;6;-0.79;0.30;0.34;0.08;-0.01;0.02;0.03;-0.59;-1.60;-2.22;150.17;-0.78;0.50;0.008
92122.075;655;-1.65;-2.23;-212.54;-1.81;-1.96;106.51;-0.75;0.50;1602;2;1;6;-0.79;0.30;0.34;0.11;-0.01;0.05;0.04;-0.76;-1.64;-2.20;145.00;-0.77;0.50;0.016
92122.155;666;-1.69;-2.22;-216.32;-1.81;-1.96;106.51;-0.75;0.50;1602;2;1;6;-0.79;0.30;0.37;0.10;-0.01;-0.09;-0.03;-0.58;-1.66;-2.18;141.57;-0.77;0.50;0.005
92122.265;674;-1.72;-2.21;-219.82;-1.81;-1.96;106.51;-0.75;0.50;1602;2;1;6;-0.79;0.30;0.35;0.12;-0.01;0.07;0.03;-0.68;-1.68;-2.17;138.16;-0.77;0.50;0.008
92122.355;685;-1.76;-2.19;-224.05;-1.81;-1.96;106.51;-0.75;0.50;1602;2;1;6;-0.79;0.30;0.34;0.13;-0.01;0.06;0.01;-0.91;-1.70;-2.14;133.08;-0.77;0.50;0.006
92122.475;699;-1.80;-2.17;-229.88;-1.81;-1.96;106.51;-0.75;0.50;1602;2;1;6;-0.79;0.30;0.35;0.11;-0.01;-0.10;0.01;-0.68;-1.72;-2.12;129.71;-0.76;0.50;0.021
92122.565;704;-1.82;-2.16;-232.17;-1.81;-1.96;106.51;-0.75;0.50;1602;2;1;6;-0.79;0.30;0.33;0.13;-0.01;0.07;0.00;-0.95;-1.74;-2.10;126.35;-0.76;0.50;0.008
92122.675;719;-1.86;-2.13;-239.25;-1.81;-1.96;106.51;-0.75;0.50;1602;2;1;6;-0.79;0.30;0.33;0.07;-0.01;-0.08;0.02;-0.84;-1.76;-2.07;121.34;-0.76;0.50;0.018
92122.775;727;-1.87;-2.11;-243.10;-1.81;-1.96;106.51;-0.75;0.50;1602;2;1;6;-0.79;0.30;0.31;0.05;-0.01;0.15;-0.00;-0.87;-1.77;-2.06;119.68;-0.76;0.50;0.018
92122.895;738;-1.89;-2.08;-249.12;-1.81;-1.96;106.51;-0.75;0.50;1602;2;1;6;-0.79;0.30;0.30;0.06;-0.01;0.29;-0.08;-1.13;-1.78;-2.02;114.71;-0.75;0.50;0.034
92122.975;746;-1.90;-2.05;-254.21;-1.81;-1.96;106.51;-0.75;0.50;1602;2;1;6;-0.72;0.30;0.28;0.04;-0.08;0.11;-0.45;-1.21;-1.79;-2.01;113.07;-0.75;0.50;0.013
92123.075;755;-1.91;-2.03;-259.31;-1.81;-1.96;106.51;-0.75;0.50;1602;2;1;6;-0.63;0.30;0.31;0.06;-0.03;0.26;0.01;-1.03;-1.80;-1.99;109.78;-0.75;0.50;0.023
92123.155;765;-1.91;-2.00;-263.68;-1.81;-1.96;106.51;-0.75;0.50;1602;2;1;6;-0.58;0.29;0.31;-0.00;-0.01;-0.16;0.09;-0.56;-1.81;-1.96;106.51;-0.75;0.50;0.007
92123.255;774;-1.92;-1.97;-266.67;-1.81;-1.96;106.51;-0.75;0.50;1602;2;1;6;-0.52;0.29;0.29;0.05;-0.01;0.21;-0.14;-0.60;-1.81;-1.94;103.41;-0.69;0.50;0.005
92123.365;784;-1.92;-1.94;-269.10;-1.81;-1.96;106.51;-0.75;0.50;1602;2;1;6;-0.47;0.29;0.30;-0.00;-0.01;-0.21;0.14;-0.28;-1.82;-1.91;100.61;-0.63;0.50;0.014
92123.475;797;-1.92;-1.90;-272.19;-1.82;-1.54;89.43;0.23;0.50;1602;3;1;6;-0.39;0.28;0.29;0.01;-0.01;-0.15;0.12;-0.30;-1.82;-1.90;99.32;-0.60;0.50;0.019
92123.565;807;-1.92;-1.87;-274.02;-1.82;-1.54;89.43;0.23;0.50;1602;3;1;6;-0.27;0.29;0.27;0.00;-0.01;0.01;-0.00;-0.24;-1.83;-1.86;95.91;-0.51;0.50;0.006
92123.665;818;-1.92;-1.84;-274.84;-1.82;-1.54;89.43;0.23;0.50;1602;3;1;6;-0.25;0.30;0.28;0.01;-0.01;0.06;-0.04;-0.16;-1.83;-1.84;93.98;-0.45;0.50;0.013
92123.755;826;-1.92;-1.82;-275.09;-1.82;-1.54;89.43;0.23;0.50;1602;3;1;6;-0.25;0.30;0.30;0.01;-0.01;-0.03;0.03;-0.01;-1.83;-1.81;92.33;-0.39;0.50;0.004
92123.865;834;-1.92;-1.80;-275.37;-1.82;-1.54;89.43;0.23;0.50;1602;3;1;6;-0.24;0.30;0.28;0.01;-0.01;0.05;-0.04;-0.11;-1.83;-1.79;90.95;-0.34;0.50;0.005
92123.965;845;-1.91;-1.76;-275.58;-1.82;-1.54;89.43;0.23;0.50;1602;3;1;6;-0.22;0.30;0.28;0.00;-0.01;0.06;-0.05;-0.10;-1.83;-1.76;89.82;-0.28;0.50;0.008
92124.055;853;-1.91;-1.74;-275.61;-1.82;-1.54;89.43;0.23;0.50;1602;3;1;6;-0.20;0.30;0.30;0.00;-0.01;-0.05;0.04;0.05;-1.83;-1.74;88.94;-0.22;0.50;0.002
92124.155;864;-1.91;-1.71;-275.53;-1.82;-1.54;89.43;0.23;0.50;1602;3;1;6;-0.16;0.30;0.30;0.00;-0.01;-0.02;0.01;0.07;-1.83;-1.71;88.30;-0.16;0.50;0.008
92124.265;877;-1.91;-1.67;-275.24;-1.82;-1.54;89.43;0.23;0.50;1602;3;1;6;-0.11;0.30;0.28;0.01;-0.01;0.03;-0.03;0.03;-1.83;-1.67;87.78;-0.07;0.50;0.006
92124.365;887;-1.90;-1.64;-274.63;-1.82;-1.54;89.43;0.23;0.50;1602;3;1;6;-0.08;0.30;0.30;0.00;-0.01;-0.08;0.06;0.15;-1.83;-1.65;87.71;-0.01;0.50;0.009
92124.485;896;-1.90;-1.62;-274.08;-1.81;-1.46;90.00;0.00;0.50;795;1;1;0;-0.03;0.30;0.30;0.00;-0.01;-0.01;0.01;0.13;-1.83;-1.62;87.84;0.05;0.50;0.025
92124.565;906;-1.90;-1.59;-273.35;-1.81;-1.46;90.00;0.00;0.50;795;1;1;0;-0.05;0.30;0.30;-0.00;-0.01;0.06;-0.05;0.12;-1.81;-1.53;90.00;0.00;0.07;0.012
92124.685;920;-1.90;-1.55;-272.63;-1.81;-1.46;90.00;0.00;0.50;795;1;1;0;-0.07;0.29;0.28;0.00;-0.00;0.03;-0.02;0.05;-1.81;-1.53;90.00;0.00;0.07;0.020
92124.765;925;-1.90;-1.53;-272.58;-1.81;-1.46;90.00;0.00;0.50;795;1;1;0;-0.08;0.28;0.28;0.00;-0.00;0.02;-0.01;0.01;-1.81;-1.53;90.00;0.00;0.07;0.014
92124.875;937;-1.90;-1.50;-272.56;-1.81;-1.46;90.00;0.00;0.50;795;1;1;0;-0.07;0.28;0.27;0.00;-0.00;0.01;-0.00;-0.00;-1.81;-1.51;90.00;0.00;0.28;0.018
92124.975;948;-1.89;-1.47;-272.55;-1.81;-1.46;90.00;0.00;0.50;795;1;1;0;-0.07;0.28;0.27;0.00;-0.00;0.00;-0.00;0.00;-1.81;-1.48;90.00;0.00;0.42;0.020
92125.085;957;-1.89;-1.45;-272.66;-1.81;-1.30;90.00;-0.00;0.50;795;2;1;0;-0.06;0.29;0.29;-0.00;-0.00;-0.01;0.00;-0.04;-1.81;-1.45;90.00;0.00;0.50;0.021
92125.185;967;-1.89;-1.42;-272.81;-1.81;-1.30;90.00;-0.00;0.50;795;2;1;0;-0.05;0.30;0.30;-0.00;-0.00;-0.01;-0.00;-0.02;-1.81;-1.43;90.00;0.00;0.50;0.027
92125.285;978;-1.89;-1.38;-272.86;-1.81;-1.30;90.00;-0.00;0.50;795;2;1;0;-0.05;0.30;0.30;-0.00;-0.00;-0.00;-0.00;-0.00;-1.81;-1.38;90.00;0.00;0.50;0.033
92125.365;986;-1.89;-1.36;-272.85;-1.81;-1.30;90.00;-0.00;0.50;795;2;1;0;-0.04;0.30;0.30;0.00;-0.00;-0.00;-0.00;0.01;-1.81;-1.36;90.00;0.00;0.50;0.018
92125.465;997;-1.89;-1.33;-272.82;-1.81;-1.30;90.00;-0.00;0.50;795;2;1;0;-0.04;0.30;0.30;-0.00;-0.00;-0.00;-0.00;0.01;-1.81;-1.33;90.00;-0.00;0.50;0.009
92125.565;1005;-1.89;-1.30;-272.79;-1.81;-1.30;90.00;-0.00;0.50;795;2;1;0;-0.04;0.30;0.30;0.00;-0.00;-0.00;-0.00;0.01;-1.81;-1.31;90.00;-0.00;0.50;0.007
92125.675;1018;-1.88;-1.26;-272.75;-1.81;-1.15;90.00;0.00;0.50;795;3;1;0;-0.04;0.30;0.30;0.00;-0.00;-0.00;-0.00;0.00;-1.81;-1.27;90.00;-0.00;0.50;0.011
92125.765;1028;-1.88;-1.23;-272.71;-1.81;-1.15;90.00;0.00;0.50;795;3;1;0;-0.04;0.30;0.30;0.00;-0.00;-0.00;-0.00;0.01;-1.81;-1.25;90.00;-0.00;0.50;0.015
92125.855;1033;-1.88;-1.22;-272.70;-1.81;-1.15;90.00;0.00;0.50;795;3;1;0;-0.03;0.30;0.30;0.00;-0.00;-0.00;-0.00;0.01;-1.81;-1.22;90.00;0.00;0.50;0.005
92125.965;1047;-1.88;-1.18;-272.65;-1.81;-1.15;90.00;0.00;0.50;795;3;1;0;-0.03;0.30;0.30;0.00;-0.00;-0.00;-0.00;0.00;-1.81;-1.18;90.00;0.00;0.50;0.009
92126.055;1057;-1.88;-1.15;-272.62;-1.81;-1.15;90.00;0.00;0.50;795;3;1;0;-0.03;0.30;0.30;0.00;-0.00;-0.00;-0.00;0.01;-1.81;-1.16;90.00;0.00;0.50;0.002
92126.155;1066;-1.88;-1.12;-272.59;-1.81;-1.00;90.00;-0.00;0.50;795;4;1;0;-0.03;0.30;0.30;0.00;-0.00;-0.00;-0.00;0.01;-1.81;-1.11;90.00;0.00;0.50;0.006
92126.265;1076;-1.88;-1.09;-272.56;-1.81;-1.00;90.00;-0.00;0.50;795;4;1;0;-0.03;0.30;0.30;0.00;-0.00;0.00;-0.00;0.01;-1.81;-1.09;90.00;0.00;0.50;0.002
92126.355;1085;-1.88;-1.06;-272.53;-1.81;-1.00;90.00;-0.00;0.50;795;4;1;0;-0.03;0.30;0.30;0.00;-0.00;0.00;-0.00;0.01;-1.81;-1.06;90.00;-0.00;0.50;0.002
92126.455;1095;-1.87;-1.03;-272.50;-1.81;-1.00;90.00;-0.00;0.50;795;4;1;0;-0.02;0.30;0.30;0.00;-0.00;0.00;-0.00;0.01;-1.81;-1.03;90.00;-0.00;0.50;0.003
92126.555;1106;-1.87;-1.00;-272.46;-1.81;-1.00;90.00;-0.00;0.50;795;4;1;0;-0.02;0.30;0.30;0.00;-0.00;0.00;-0.00;0.01;-1.81;-0.99;90.00;-0.00;0.50;0.003
92126.655;1114;-1.87;-0.97;-272.44;-1.81;-1.00;90.00;-0.00;0.50;795;4;1;0;-0.02;0.30;0.30;0.00;-0.00;0.00;-0.00;0.01;-1.81;-0.97;90.00;-0.00;0.50;0.001
92126.755;1124;-1.87;-0.94;-272.41;-1.81;-0.85;90.00;0.00;0.50;795;5;1;0;-0.02;0.30;0.30;0.00;-0.00;0.00;-0.00;0.01;-1.81;-0.94;90.00;-0.00;0.50;0.003
92126.855;1134;-1.87;-0.91;-272.38;-1.81;-0.85;90.00;0.00;0.50;795;5;1;0;-0.02;0.30;0.30;0.00;-0.00;0.00;-0.00;0.01;-1.81;-0.91;90.00;-0.00;0.50;0.001
92126.965;1145;-1.87;-0.88;-272.35;-1.81;-0.85;90.00;0.00;0.50;795;5;1;0;-0.02;0.30;0.30;0.00;-0.00;0.00;-0.00;0.01;-1.81;-0.88;90.00;0.00;0.50;0.004
92127.055;1154;-1.87;-0.85;-272.32;-1.81;-0.85;90.00;0.00;0.50;795;5;1;0;-0.02;0.30;0.30;0.00;-0.00;0.00;-0.00;0.01;-1.81;-0.85;90.00;0.00;0.50;0.001
92127.155;1163;-1.87;-0.83;-272.29;-1.81;-0.85;90.00;0.00;0.50;795;5;1;0;-0.01;0.30;0.30;0.00;-0.00;0.00;-0.00;0.01;-1.81;-0.82;90.00;0.00;0.50;0.002
92127.265;1174;-1.86;-0.79;-272.26;-1.81;-0.69;90.00;-0.00;0.50;795;6;1;0;-0.01;0.30;0.30;0.00;-0.00;0.00;-0.00;0.01;-1.81;-0.79;90.00;0.00;0.50;0.001
92127.385;1189;-1.86;-0.75;-272.22;-1.80;-0.32;80.76;-0.46;0.50;1271;1;1;4;-0.01;0.30;0.30;0.00;-0.00;0.00;-0.00;0.01;-1.81;-0.76;90.00;0.00;0.50;0.024
92127.525;1203;-1.86;-0.71;-272.18;-1.80;-0.32;80.76;-0.46;0.50;1271;1;1;4;0.23;0.30;0.30;0.00;-0.00;0.00;-0.00;0.00;-1.81;-0.53;89.99;-0.06;0.06;0.068
92127.615;1213;-1.86;-0.68;-270.94;-1.80;-0.32;80.76;-0.46;0.50;1271;1;1;4;0.18;0.30;0.30;-0.01;0.00;-0.06;-0.04;0.26;-1.81;-0.53;89.99;-0.06;0.06;0.048
92127.675;1217;-1.86;-0.66;-270.44;-1.80;-0.32;80.76;-0.46;0.50;1271;1;1;4;0.09;0.30;0.30;-0.01;-0.00;0.03;0.01;0.18;-1.81;-0.53;89.99;-0.06;0.06;0.022
92127.775;1228;-1.86;-0.63;-270.04;-1.80;-0.32;80.76;-0.46;0.50;1271;1;1;4;0.02;0.30;0.29;-0.00;-0.00;0.01;0.00;0.01;-1.81;-0.53;89.99;-0.06;0.06;0.015
92127.875;1236;-1.86;-0.61;-270.27;-1.80;-0.32;80.76;-0.46;0.50;1271;1;1;4;-0.01;0.30;0.29;0.01;-0.00;0.01;0.01;-0.08;-1.81;-0.53;89.99;-0.06;0.06;0.013
92127.985;1250;-1.86;-0.57;-270.77;-1.80;-0.32;80.76;-0.46;0.50;1271;1;1;4;-0.04;0.29;0.30;0.00;0.00;-0.00;-0.00;-0.04;-1.81;-0.53;89.99;-0.06;0.06;0.022
92128.065;1256;-1.86;-0.55;-270.99;-1.80;-0.32;80.76;-0.46;0.50;1271;1;1;4;-0.07;0.28;0.29;-0.00;0.00;-0.00;0.00;-0.07;-1.81;-0.53;89.99;-0.06;0.06;0.010
92128.185;1269;-1.86;-0.51;-271.58;-1.80;-0.32;80.76;-0.46;0.50;1271;1;1;4;-0.12;0.27;0.28;0.00;-0.00;0.00;0.00;-0.07;-1.81;-0.53;89.97;-0.08;0.09;0.031
92128.275;1275;-1.86;-0.50;-271.90;-1.80;-0.32;80.76;-0.46;0.50;1271;1;1;4;-0.22;0.27;0.27;0.00;-0.00;0.01;0.00;-0.10;-1.82;-0.49;89.38;-0.20;0.21;0.005
92128.375;1288;-1.86;-0.46;-272.78;-1.80;-0.32;80.76;-0.46;0.50;1271;1;1;4;-0.27;0.27;0.26;0.01;-0.00;0.03;-0.02;-0.18;-1.81;-0.48;88.84;-0.24;0.26;0.020
92128.485;1298;-1.86;-0.44;-273.74;-1.80;-0.32;80.76;-0.46;0.50;1271;1;1;4;-0.33;0.27;0.27;-0.00;-0.01;-0.05;0.05;-0.15;-1.81;-0.45;87.74;-0.29;0.32;0.029
92128.565;1307;-1.85;-0.41;-274.75;-1.80;-0.32;80.76;-0.46;0.50;1271;1;1;4;-0.38;0.27;0.26;0.00;-0.01;0.01;-0.01;-0.19;-1.81;-0.42;86.56;-0.34;0.36;0.007
92128.675;1316;-1.85;-0.39;-275.88;-1.80;-0.32;80.76;-0.46;0.50;1271;1;1;4;-0.43;0.28;0.25;0.01;-0.01;0.05;-0.03;-0.27;-1.81;-0.39;85.04;-0.38;0.41;0.018
92128.775;1327;-1.85;-0.36;-277.37;-1.80;-0.32;80.76;-0.46;0.50;1271;1;1;4;-0.46;0.28;0.30;0.04;-0.05;0.32;-0.07;-0.39;-1.81;-0.37;83.81;-0.41;0.44;0.014
92128.875;1336;-1.85;-0.34;-278.94;-1.80;-0.32;80.76;-0.46;0.50;1271;1;1;4;-0.49;0.29;0.28;0.03;-0.01;-0.04;0.04;-0.28;-1.80;-0.35;82.39;-0.43;0.47;0.021
92128.985;1346;-1.85;-0.31;-280.87;-1.80;-0.32;80.76;-0.46;0.50;1271;1;1;4;-0.52;0.30;0.28;0.02;-0.01;0.13;-0.14;-0.46;-1.80;-0.31;79.92;-0.45;0.50;0.024
92129.065;1355;-1.84;-0.28;-283.04;-1.67;0.07;69.05;0.07;0.50;1271;2;1;4;-0.46;0.30;0.31;-0.00;-0.01;-0.09;0.09;-0.45;-1.79;-0.29;78.32;-0.41;0.50;0.007
92129.155;1365;-1.83;-0.25;-285.33;-1.67;0.07;69.05;0.07;0.50;1271;2;1;4;-0.39;0.30;0.30;0.01;-0.01;0.07;-0.09;-0.40;-1.79;-0.26;76.85;-0.38;0.50;0.007
92129.265;1377;-1.82;-0.22;-286.96;-1.67;0.07;69.05;0.07;0.50;1271;2;1;4;-0.34;0.30;0.31;0.00;-0.01;0.04;-0.04;-0.19;-1.78;-0.24;75.52;-0.35;0.50;0.010
92129.365;1388;-1.82;-0.18;-288.05;-1.67;0.07;69.05;0.07;0.50;1271;2;1;4;-0.31;0.30;0.30;0.01;-0.01;-0.07;0.09;-0.10;-1.77;-0.21;74.30;-0.32;0.50;0.017
92129.465;1396;-1.81;-0.16;-288.71;-1.67;0.07;69.05;0.07;0.50;1271;2;1;4;-0.31;0.30;0.30;0.04;-0.01;0.01;-0.02;-0.11;-1.76;-0.18;72.72;-0.27;0.50;0.005
92129.565;1407;-1.80;-0.13;-289.34;-1.67;0.07;69.05;0.07;0.50;1271;2;1;4;-0.30;0.30;0.30;0.01;-0.01;0.00;-0.01;-0.10;-1.75;-0.14;71.41;-0.22;0.50;0.016
92129.665;1415;-1.79;-0.11;-289.85;-1.67;0.07;69.05;0.07;0.50;1271;2;1;4;-0.28;0.30;0.29;0.01;-0.01;0.02;-0.04;-0.08;-1.75;-0.13;71.03;-0.21;0.50;0.009
92129.785;1426;-1.78;-0.08;-290.14;-1.67;0.07;69.05;0.07;0.50;1271;2;1;4;-0.26;0.30;0.28;0.01;-0.01;0.02;-0.03;-0.06;-1.74;-0.09;70.08;-0.16;0.50;0.017
92129.865;1434;-1.78;-0.05;-290.17;-1.67;0.07;69.05;0.07;0.50;1271;2;1;4;-0.25;0.30;0.29;0.00;-0.01;0.01;-0.02;-0.02;-1.73;-0.07;69.60;-0.13;0.50;0.008
92129.965;1445;-1.77;-0.02;-290.13;-1.67;0.07;69.05;0.07;0.50;1271;2;1;4;-0.24;0.30;0.29;0.01;-0.01;0.04;-0.05;-0.03;-1.72;-0.05;69.23;-0.09;0.50;0.010
92130.065;1453;-1.76;-0.00;-290.09;-1.67;0.07;69.05;0.07;0.50;1271;2;1;4;-0.22;0.30;0.29;0.01;-0.01;0.00;-0.00;0.02;-1.71;-0.02;68.97;-0.06;0.50;0.008
92130.155;1464;-1.75;0.03;-289.92;-1.67;0.07;69.05;0.07;0.50;1271;2;1;4;-0.20;0.30;0.30;0.00;-0.01;0.01;-0.00;0.04;-1.69;0.01;68.79;-0.01;0.50;0.006
92130.255;1477;-1.73;0.07;-289.58;-1.67;0.07;69.05;0.07;0.50;1271;2;1;4;-0.18;0.30;0.29;0.00;-0.01;0.04;-0.07;-0.01;-1.69;0.03;68.79;0.00;0.50;0.007
92130.365;1487;-1.73;0.09;-289.33;-1.67;0.07;69.05;0.07;0.50;1271;2;1;4;-0.15;0.30;0.29;0.00;-0.01;0.04;-0.07;-0.01;-1.68;0.06;68.94;0.05;0.50;0.012
92130.485;1498;-1.72;0.12;-288.93;-1.57;0.48;89.43;0.60;0.50;1271;3;1;4;-0.11;0.30;0.29;0.00;-0.01;-0.01;0.01;0.09;-1.66;0.10;69.34;0.10;0.50;0.030
92130.565;1506;-1.71;0.15;-288.53;-1.57;0.48;89.43;0.60;0.50;1271;3;1;4;-0.01;0.30;0.30;0.00;-0.01;-0.02;0.03;0.13;-1.65;0.12;69.73;0.13;0.50;0.008
92130.655;1515;-1.70;0.17;-287.81;-1.57;0.48;89.43;0.60;0.50;1271;3;1;4;0.01;0.30;0.29;-0.00;-0.01;0.04;-0.06;0.15;-1.64;0.16;70.53;0.18;0.50;0.004
92130.765;1525;-1.69;0.20;-286.91;-1.57;0.48;89.43;0.60;0.50;1271;3;1;4;0.04;0.30;0.29;-0.00;-0.00;0.01;-0.03;0.15;-1.63;0.18;71.21;0.21;0.50;0.008
92130.875;1538;-1.68;0.24;-286.13;-1.57;0.48;89.43;0.60;0.50;1271;3;1;4;0.09;0.30;0.30;-0.00;-0.00;-0.01;0.00;0.07;-1.62;0.20;72.01;0.25;0.50;0.020
92130.955;1544;-1.67;0.25;-285.77;-1.57;0.48;89.43;0.60;0.50;1271;3;1;4;0.14;0.30;0.30;-0.00;-0.00;-0.01;0.01;0.13;-1.62;0.23;72.93;0.28;0.50;0.005
92131.085;1558;-1.66;0.29;-284.80;-1.55;0.68;80.76;-0.46;0.50;1617;1;1;4;0.19;0.30;0.29;-0.01;-0.00;0.01;0.01;0.07;-1.61;0.25;73.97;0.31;0.50;0.014
92131.175;1568;-1.66;0.32;-284.22;-1.55;0.68;80.76;-0.46;0.50;1617;1;1;4;0.66;0.29;0.28;-0.01;-0.00;0.02;0.01;0.10;-1.56;0.47;89.99;-0.06;0.06;0.018
92131.265;1577;-1.65;0.34;-282.04;-1.55;0.68;80.76;-0.46;0.50;1617;1;1;4;0.53;0.28;0.27;-0.04;-0.01;0.06;0.02;0.80;-1.56;0.47;89.99;-0.06;0.06;0.010
92131.375;1587;-1.64;0.37;-279.50;-1.55;0.68;80.76;-0.46;0.50;1617;1;1;4;0.38;0.27;0.28;0.00;-0.01;-0.14;-0.07;0.26;-1.56;0.47;89.99;-0.06;0.06;0.023
92131.485;1600;-1.64;0.41;-277.68;-1.55;0.68;80.76;-0.46;0.50;1617;1;1;4;0.25;0.26;0.27;0.00;-0.01;-0.10;-0.06;0.11;-1.56;0.47;89.99;-0.06;0.06;0.032
92131.585;1606;-1.63;0.42;-277.34;-1.55;0.68;80.76;-0.46;0.50;1617;1;1;4;0.22;0.25;0.26;-0.03;-0.01;0.11;0.07;0.09;-1.56;0.47;89.99;-0.06;0.06;0.030
92131.675;1614;-1.63;0.44;-277.34;-1.55;0.68;80.76;-0.46;0.50;1617;1;1;4;0.19;0.24;0.25;-0.02;-0.01;0.02;0.01;-0.01;-1.56;0.47;89.99;-0.06;0.06;0.015
92131.765;1625;-1.62;0.47;-277.54;-1.55;0.68;80.76;-0.46;0.50;1617;1;1;4;0.16;0.22;0.23;-0.00;-0.01;-0.02;-0.02;-0.06;-1.56;0.47;89.98;-0.07;0.08;0.014
92131.875;1638;-1.62;0.50;-277.97;-1.55;0.68;80.76;-0.46;0.50;1617;1;1;4;0.09;0.21;0.21;-0.00;-0.01;0.02;0.01;-0.07;-1.56;0.49;89.79;-0.14;0.15;0.012
92131.955;1644;-1.62;0.51;-278.32;-1.55;0.68;80.76;-0.46;0.50;1617;1;1;4;0.03;0.20;0.21;-0.00;-0.01;-0.03;-0.02;-0.13;-1.57;0.51;89.22;-0.21;0.23;0.005
92132.075;1657;-1.62;0.53;-279.20;-1.55;0.68;80.76;-0.46;0.50;1617;1;1;4;-0.00;0.20;0.19;0.00;-0.00;0.03;0.02;-0.10;-1.56;0.53;88.61;-0.25;0.27;0.022
92132.185;1667;-1.61;0.55;-279.66;-1.55;0.68;80.76;-0.46;0.50;1617;1;1;4;-0.05;0.20;0.20;0.00;0.00;-0.01;-0.00;-0.05;-1.56;0.55;87.74;-0.29;0.32;0.022
92132.265;1677;-1.61;0.57;-280.03;-1.55;0.68;80.76;-0.46;0.50;1617;1;1;4;-0.08;0.20;0.20;0.00;-0.00;-0.00;-0.00;-0.08;-1.56;0.56;87.38;-0.31;0.33;0.015
92132.385;1687;-1.61;0.59;-280.47;-1.55;0.68;80.76;-0.46;0.50;1617;1;1;4;-0.12;0.20;0.20;-0.00;-0.00;0.00;0.00;-0.07;-1.56;0.58;86.56;-0.34;0.36;0.034
92132.505;1702;-1.60;0.62;-281.04;-1.55;0.68;80.76;-0.46;0.50;1617;1;1;4;-0.21;0.20;0.19;0.00;-0.00;0.01;-0.01;-0.03;-1.56;0.61;85.04;-0.38;0.41;0.043
92132.565;1706;-1.60;0.63;-281.19;-1.55;0.68;80.76;-0.46;0.50;1617;1;1;4;-0.26;0.21;0.18;0.01;-0.00;0.01;-0.01;-0.09;-1.56;0.63;83.81;-0.41;0.44;0.009
92132.665;1714;-1.60;0.64;-281.72;-1.55;0.68;80.76;-0.46;0.50;1617;1;1;4;-0.29;0.21;0.20;0.01;-0.00;-0.02;0.02;-0.11;-1.56;0.64;83.12;-0.42;0.45;0.012
92132.775;1729;-1.59;0.68;-282.71;-1.55;0.68;80.76;-0.46;0.50;1617;1;1;4;-0.35;0.22;0.22;-0.00;-0.01;-0.06;0.08;-0.09;-1.55;0.66;81.60;-0.45;0.48;0.022
92132.875;1738;-1.59;0.69;-283.53;-1.42;1.07;69.05;0.07;0.50;1617;2;1;4;-0.37;0.23;0.22;0.00;-0.01;-0.02;0.03;-0.13;-1.55;0.68;80.76;-0.46;0.50;0.020
92132.955;1744;-1.58;0.71;-284.10;-1.42;1.07;69.05;0.07;0.50;1617;2;1;4;-0.37;0.25;0.22;0.01;-0.01;0.05;-0.05;-0.21;-1.55;0.70;79.10;-0.43;0.50;0.004
92133.065;1757;-1.58;0.74;-285.21;-1.42;1.07;69.05;0.07;0.50;1617;2;1;4;-0.35;0.26;0.24;0.00;-0.01;-0.02;0.03;-0.12;-1.54;0.73;77.57;-0.40;0.50;0.009
92133.175;1767;-1.57;0.76;-285.87;-1.42;1.07;69.05;0.07;0.50;1617;2;1;4;-0.35;0.27;0.26;0.00;-0.01;-0.04;0.06;-0.07;-1.53;0.75;76.17;-0.37;0.50;0.008
92133.265;1776;-1.56;0.78;-286.47;-1.42;1.07;69.05;0.07;0.50;1617;2;1;4;-0.35;0.29;0.27;0.00;-0.01;-0.00;-0.00;-0.07;-1.53;0.77;74.89;-0.33;0.50;0.008
92133.355;1786;-1.56;0.81;-287.06;-1.42;1.07;69.05;0.07;0.50;1617;2;1;4;-0.35;0.30;0.27;0.01;-0.01;0.03;-0.05;-0.14;-1.52;0.80;73.74;-0.30;0.50;0.004
92133.465;1794;-1.55;0.83;-287.36;-1.42;1.07;69.05;0.07;0.50;1617;2;1;4;-0.35;0.30;0.30;0.00;-0.01;-0.06;0.09;-0.05;-1.51;0.82;72.72;-0.27;0.50;0.009
92133.555;1805;-1.54;0.86;-287.94;-1.42;1.07;69.05;0.07;0.50;1617;2;1;4;-0.33;0.30;0.30;0.00;-0.01;-0.05;0.07;-0.04;-1.51;0.85;71.82;-0.24;0.50;0.006
92133.665;1814;-1.53;0.89;-288.42;-1.42;1.07;69.05;0.07;0.50;1617;2;1;4;-0.32;0.30;0.29;0.01;-0.01;0.00;-0.01;-0.03;-1.50;0.87;71.03;-0.21;0.50;0.008
92133.775;1828;-1.52;0.93;-288.84;-1.42;1.07;69.05;0.07;0.50;1617;2;1;4;-0.31;0.30;0.29;0.02;-0.01;-0.01;0.01;-0.01;-1.49;0.91;70.08;-0.16;0.50;0.007
92133.865;1837;-1.52;0.95;-289.00;-1.42;1.07;69.05;0.07;0.50;1617;2;1;4;-0.28;0.30;0.28;0.02;-0.01;0.03;-0.05;-0.11;-1.48;0.93;69.60;-0.13;0.50;0.005
92133.975;1847;-1.51;0.98;-288.92;-1.42;1.07;69.05;0.07;0.50;1617;2;1;4;-0.27;0.30;0.30;0.01;-0.01;0.04;-0.04;-0.03;-1.47;0.95;69.23;-0.09;0.50;0.023
92134.065;1858;-1.50;1.01;-288.91;-1.42;1.07;69.05;0.07;0.50;1617;2;1;4;-0.25;0.30;0.30;0.00;-0.01;0.05;-0.05;0.00;-1.45;0.99;68.88;-0.04;0.50;0.014
92134.165;1866;-1.49;1.03;-288.88;-1.42;1.07;69.05;0.07;0.50;1617;2;1;4;-0.23;0.30;0.30;0.01;-0.01;-0.01;0.01;0.06;-1.44;1.01;68.79;-0.01;0.50;0.012
92134.265;1877;-1.48;1.06;-288.60;-1.42;1.07;69.05;0.07;0.50;1617;2;1;4;-0.20;0.30;0.30;0.00;-0.01;-0.00;0.01;0.04;-1.43;1.05;68.86;0.04;0.50;0.010
92134.365;1886;-1.47;1.09;-288.36;-1.42;1.07;69.05;0.07;0.50;1617;2;1;4;-0.17;0.30;0.29;0.00;-0.01;-0.02;0.03;0.08;-1.42;1.07;69.05;0.07;0.50;0.010
92134.475;1896;-1.46;1.12;-288.00;-1.42;1.07;69.05;0.07;0.50;1617;2;1;4;-0.14;0.30;0.29;0.00;-0.01;0.03;-0.04;0.06;-1.41;1.10;69.34;0.10;0.50;0.019
92134.555;1905;-1.45;1.14;-287.58;-1.32;1.48;89.43;0.60;0.50;1617;3;1;4;-0.11;0.30;0.29;-0.00;-0.01;0.04;-0.07;0.03;-1.40;1.12;69.73;0.13;0.50;0.006
92134.665;1914;-1.45;1.17;-287.16;-1.32;1.48;89.43;0.60;0.50;1617;3;1;4;-0.01;0.30;0.29;0.00;-0.01;0.03;-0.03;0.08;-1.40;1.14;70.24;0.16;0.50;0.011
92134.765;1925;-1.44;1.20;-286.31;-1.32;1.48;89.43;0.60;0.50;1617;3;1;4;0.02;0.30;0.29;-0.00;-0.01;0.03;-0.04;0.17;-1.38;1.18;71.21;0.21;0.50;0.009
92134.865;1938;-1.43;1.23;-285.09;-1.32;1.48;89.43;0.60;0.50;1617;3;1;4;0.06;0.30;0.29;-0.00;-0.00;0.02;-0.03;0.14;-1.37;1.20;72.01;0.25;0.50;0.015
92134.965;1948;-1.42;1.26;-284.11;-1.32;1.48;89.43;0.60;0.50;1617;3;1;4;0.10;0.30;0.30;-0.00;0.00;-0.01;0.01;0.13;-1.37;1.23;72.93;0.28;0.50;0.009
92135.065;1957;-1.41;1.29;-283.46;-1.32;1.48;89.43;0.60;0.50;1617;3;1;4;0.18;0.30;0.30;-0.00;-0.00;-0.00;0.00;0.12;-1.35;1.28;75.14;0.34;0.50;0.005
92135.155;1967;-1.41;1.32;-282.61;-1.32;1.48;89.43;0.60;0.50;1617;3;1;4;0.23;0.30;0.28;-0.01;-0.00;0.01;0.01;0.14;-1.35;1.30;76.44;0.37;0.50;0.005
92135.255;1976;-1.40;1.34;-281.75;-1.32;1.48;89.43;0.60;0.50;1617;3;1;4;0.29;0.30;0.28;-0.01;-0.00;0.02;0.01;0.17;-1.34;1.33;77.87;0.41;0.50;0.005
92135.365;1986;-1.39;1.37;-280.72;-1.32;1.48;89.43;0.60;0.50;1617;3;1;4;0.38;0.30;0.28;-0.01;-0.01;0.01;0.01;0.20;-1.33;1.36;80.28;0.46;0.50;0.006
92135.505;2000;-1.39;1.41;-279.02;-1.31;1.57;90.00;0.00;0.50;129;1;1;1;0.44;0.30;0.30;0.00;-0.01;-0.12;-0.06;0.22;-1.33;1.39;82.06;0.49;0.50;0.034
92135.585;2009;-1.38;1.44;-277.27;-1.31;1.57;90.00;0.00;0.50;129;1;1;1;0.19;0.29;0.30;-0.04;-0.01;-0.03;-0.02;0.29;-1.31;1.47;90.00;0.00;0.06;0.028
92135.695;2018;-1.37;1.46;-276.83;-1.31;1.57;90.00;0.00;0.50;129;1;1;1;0.18;0.28;0.28;-0.03;-0.01;0.07;0.04;0.05;-1.31;1.47;90.00;0.00;0.06;0.039
92135.775;2028;-1.37;1.49;-277.00;-1.31;1.57;90.00;0.00;0.50;129;1;1;1;0.20;0.27;0.28;-0.01;-0.01;0.06;0.03;-0.00;-1.31;1.48;90.00;0.00;0.15;0.019
92135.875;2037;-1.37;1.52;-277.04;-1.31;1.57;90.00;0.00;0.50;129;1;1;1;0.22;0.28;0.27;0.00;-0.01;0.05;0.03;0.02;-1.31;1.51;90.00;0.00;0.32;0.022
92135.965;2048;-1.36;1.54;-276.93;-1.31;1.57;90.00;0.00;0.50;129;1;1;1;0.22;0.28;0.27;-0.00;-0.01;-0.02;-0.01;-0.01;-1.31;1.54;90.00;0.00;0.44;0.015
92136.065;2056;-1.36;1.57;-276.77;-1.31;1.57;90.00;0.00;0.50;129;1;1;1;0.22;0.29;0.27;-0.00;-0.01;-0.00;0.00;0.02;-1.31;1.57;90.00;0.00;0.50;0.014
92136.175;2065;-1.36;1.59;-276.60;-1.31;1.76;90.00;-0.00;0.50;129;2;1;1;0.22;0.30;0.27;-0.01;-0.01;0.03;0.02;0.08;-1.31;1.59;90.00;0.00;0.50;0.022
92136.265;2075;-1.35;1.62;-276.40;-1.31;1.76;90.00;-0.00;0.50;129;2;1;1;0.22;0.30;0.28;-0.01;-0.01;0.04;0.02;0.08;-1.31;1.62;90.00;-0.00;0.50;0.006
92136.365;2084;-1.35;1.64;-276.17;-1.31;1.76;90.00;-0.00;0.50;129;2;1;1;0.22;0.30;0.28;-0.00;-0.01;0.02;0.02;0.06;-1.31;1.64;90.00;-0.00;0.50;0.007
92136.465;2095;-1.35;1.67;-275.93;-1.31;1.76;90.00;-0.00;0.50;129;2;1;1;0.21;0.30;0.28;0.00;-0.01;0.02;0.02;0.05;-1.31;1.67;90.00;-0.00;0.50;0.005
92136.575;2107;-1.34;1.71;-275.70;-1.31;1.76;90.00;-0.00;0.50;129;2;1;1;0.21;0.30;0.29;-0.00;-0.01;-0.01;0.01;0.01;-1.31;1.70;90.00;-0.00;0.50;0.018
92136.675;2119;-1.34;1.74;-275.68;-1.31;1.76;90.00;-0.00;0.50;129;2;1;1;0.22;0.30;0.29;-0.01;-0.01;-0.04;-0.03;-0.01;-1.31;1.73;90.00;-0.00;0.50;0.018
92136.775;2128;-1.34;1.77;-275.55;-1.31;1.76;90.00;-0.00;0.50;129;2;1;1;0.22;0.30;0.28;-0.01;-0.01;0.05;0.03;0.08;-1.31;1.76;90.00;-0.00;0.50;0.019
92136.875;2138;-1.33;1.80;-275.38;-1.31;1.96;90.00;0.00;0.50;129;3;1;1;0.22;0.30;0.28;-0.01;-0.01;0.04;0.03;0.08;-1.31;1.79;90.00;-0.00;0.50;0.017
92136.995;2149;-1.33;1.83;-275.21;-1.31;2.04;90.00;0.00;0.50;127;1;1;0;0.22;0.30;0.28;-0.01;-0.01;0.04;0.03;0.08;-1.31;1.81;90.00;-0.00;0.50;0.020
92137.075;2157;-1.33;1.85;-275.04;-1.31;2.04;90.00;0.00;0.50;127;1;1;0;0.21;0.30;0.28;-0.00;-0.01;0.03;0.03;0.05;-1.31;1.97;90.00;0.00;0.07;0.015
92137.175;2167;-1.32;1.88;-274.92;-1.31;2.04;90.00;0.00;0.50;127;1;1;0;0.21;0.30;0.28;0.00;-0.01;0.02;0.02;0.04;-1.31;1.97;90.00;0.00;0.07;0.026
92137.265;2176;-1.32;1.91;-274.79;-1.31;2.04;90.00;0.00;0.50;127;1;1;0;0.21;0.30;0.28;-0.00;-0.01;0.02;0.02;0.04;-1.31;1.97;90.00;0.00;0.07;0.012
92137.365;2187;-1.32;1.94;-274.73;-1.31;2.04;90.00;0.00;0.50;127;1;1;0;0.21;0.29;0.28;-0.00;-0.01;0.04;0.03;0.05;-1.31;1.97;90.00;0.00;0.07;0.016
92137.485;2199;-1.32;1.97;-274.63;-1.31;2.20;90.00;-0.00;0.50;127;2;1;0;0.22;0.28;0.28;-0.00;-0.01;-0.04;-0.01;-0.03;-1.31;1.97;90.00;0.00;0.07;0.029
92137.585;2210;-1.31;2.00;-274.62;-1.31;2.20;90.00;-0.00;0.50;127;2;1;0;0.23;0.27;0.27;-0.00;-0.01;-0.06;-0.04;-0.03;-1.31;1.99;90.00;0.00;0.25;0.032
92137.665;2214;-1.31;2.01;-274.55;-1.31;2.20;90.00;-0.00;0.50;127;2;1;0;0.23;0.28;0.26;-0.01;-0.01;0.04;0.03;0.07;-1.31;2.01;90.00;0.00;0.39;0.014
92137.765;2228;-1.31;2.05;-274.42;-1.31;2.20;90.00;-0.00;0.50;127;2;1;0;0.23;0.29;0.28;0.00;-0.01;0.02;0.02;0.04;-1.31;2.04;90.00;0.00;0.49;0.010
92137.875;2237;-1.31;2.07;-274.17;-1.31;2.20;90.00;-0.00;0.50;127;2;1;0;0.22;0.30;0.27;-0.01;-0.01;0.03;0.02;0.06;-1.31;2.06;90.00;0.00;0.50;0.018
92137.965;2248;-1.30;2.10;-274.03;-1.31;2.20;90.00;-0.00;0.50;127;2;1;0;0.22;0.30;0.28;-0.00;-0.01;0.05;0.03;0.09;-1.31;2.10;90.00;0.00;0.50;0.014
92138.065;2256;-1.30;2.13;-273.84;-1.31;2.20;90.00;-0.00;0.50;127;2;1;0;0.22;0.30;0.28;-0.01;-0.01;0.02;0.02;0.05;-1.31;2.13;90.00;0.00;0.50;0.010
92138.165;2267;-1.30;2.16;-273.65;-1.31;2.35;90.00;0.00;0.50;127;3;1;0;0.22;0.30;0.28;-0.00;-0.01;0.02;0.02;0.05;-1.31;2.16;90.00;0.00;0.50;0.012
92138.265;2275;-1.30;2.18;-273.53;-1.31;2.35;90.00;0.00;0.50;127;3;1;0;0.21;0.30;0.28;-0.00;-0.01;0.01;0.02;0.04;-1.31;2.18;90.00;-0.00;0.50;0.011
92138.365;2285;-1.29;2.21;-273.38;-1.31;2.35;90.00;0.00;0.50;127;3;1;0;0.21;0.30;0.28;-0.00;-0.01;0.02;0.02;0.04;-1.31;2.21;90.00;-0.00;0.50;0.006
92138.455;2295;-1.29;2.24;-273.25;-1.31;2.35;90.00;0.00;0.50;127;3;1;0;0.21;0.30;0.29;-0.00;-0.01;-0.01;0.01;0.01;-1.31;2.24;90.00;-0.00;0.50;0.006
92138.555;2303;-1.29;2.26;-273.29;-1.31;2.35;90.00;0.00;0.50;127;3;1;0;0.21;0.30;0.29;-0.00;-0.01;0.04;0.03;0.04;-1.31;2.26;90.00;0.00;0.50;0.005
92138.675;2318;-1.29;2.30;-273.07;-1.31;2.35;90.00;0.00;0.50;127;3;1;0;0.21;0.30;0.28;-0.01;-0.01;0.04;0.03;0.06;-1.31;2.29;90.00;0.00;0.50;0.017
92138.765;2327;-1.29;2.33;-272.97;-1.31;2.35;90.00;0.00;0.50;127;3;1;0;0.21;0.30;0.28;-0.00;-0.01;0.02;0.02;0.04;-1.31;2.31;90.00;0.00;0.50;0.014
92138.855;2334;-1.29;2.35;-272.88;-1.31;2.50;90.00;-0.00;0.50;127;4;1;0;0.21;0.30;0.28;-0.00;-0.01;0.01;0.02;0.04;-1.31;2.34;90.00;0.00;0.50;0.004
92138.965;2346;-1.28;2.38;-272.69;-1.31;2.50;90.00;-0.00;0.50;127;4;1;0;0.20;0.30;0.28;-0.00;-0.01;0.02;0.02;0.04;-1.31;2.39;90.00;0.00;0.50;0.006
92139.055;2356;-1.28;2.41;-272.58;-1.31;2.50;90.00;-0.00;0.50;127;4;1;0;0.20;0.30;0.29;-0.00;-0.01;-0.02;0.00;0.00;-1.31;2.41;90.00;0.00;0.50;0.003
92139.155;2364;-1.28;2.44;-272.64;-1.31;2.50;90.00;-0.00;0.50;127;4;1;0;0.21;0.30;0.30;-0.00;-0.01;0.05;0.03;0.03;-1.31;2.44;90.00;-0.00;0.50;0.001
92139.255;2375;-1.28;2.47;-272.48;-1.31;2.50;90.00;-0.00;0.50;127;4;1;0;0.21;0.30;0.28;-0.01;-0.01;0.04;0.03;0.06;-1.31;2.47;90.00;-0.00;0.50;0.001
92139.355;2384;-1.28;2.49;-272.38;-1.31;2.50;90.00;-0.00;0.50;127;4;1;0;0.21;0.30;0.28;-0.00;-0.01;0.02;0.02;0.04;-1.31;2.49;90.00;-0.00;0.50;0.002
92139.455;2394;-1.28;2.52;-272.25;-1.31;2.65;90.00;0.00;0.50;127;5;1;0;0.20;0.30;0.28;-0.00;-0.01;0.01;0.02;0.04;-1.31;2.53;90.00;-0.00;0.50;0.002
92139.555;2404;-1.27;2.55;-272.12;-1.31;2.65;90.00;0.00;0.50;127;5;1;0;0.20;0.30;0.28;-0.00;-0.01;0.02;0.02;0.04;-1.31;2.55;90.00;-0.00;0.50;0.001
92139.655;2413;-1.27;2.58;-272.02;-1.31;2.65;90.00;0.00;0.50;127;5;1;0;0.20;0.30;0.28;-0.00;-0.01;0.02;0.02;0.04;-1.31;2.58;90.00;-0.00;0.50;0.002
92139.755;2423;-1.27;2.60;-271.94;-1.31;2.65;90.00;0.00;0.50;127;5;1;0;0.20;0.30;0.29;-0.00;-0.01;-0.04;-0.01;-0.02;-1.31;2.60;90.00;-0.00;0.50;0.001
92139.855;2434;-1.27;2.64;-271.99;-1.31;2.65;90.00;0.00;0.50;127;5;1;0;0.20;0.30;0.29;-0.01;-0.01;0.02;0.01;0.01;-1.31;2.63;90.00;0.00;0.50;0.002
92139.965;2447;-1.27;2.67;-271.79;-1.31;2.65;90.00;0.00;0.50;127;5;1;0;0.20;0.30;0.28;-0.00;-0.01;0.02;0.03;0.04;-1.31;2.68;90.00;0.00;0.50;0.005
92140.055;2457;-1.27;2.70;-271.69;-1.31;2.81;90.00;-0.00;0.50;127;6;1;0;0.20;0.30;0.28;-0.00;-0.01;0.01;0.02;0.04;-1.31;2.70;90.00;0.00;0.50;0.001
92140.155;2466;-1.27;2.73;-271.59;-1.31;2.81;90.00;-0.00;0.50;127;6;1;0;0.19;0.30;0.28;-0.00;-0.01;0.02;0.02;0.03;-1.31;2.73;90.00;0.00;0.50;0.001
92140.275;2476;-1.26;2.76;-271.49;-1.29;3.23;75.35;-0.57;0.50;123;1;1;8;0.19;0.30;0.28;-0.00;-0.01;0.02;0.02;0.03;-1.31;2.75;90.00;0.00;0.50;0.022
92140.385;2488;-1.26;2.79;-271.37;-1.29;3.23;75.35;-0.57;0.50;123;1;1;8;0.40;0.30;0.28;-0.00;-0.01;0.02;0.02;0.03;-1.31;2.97;90.00;-0.07;0.06;0.033
92140.475;2499;-1.26;2.82;-270.24;-1.29;3.23;75.35;-0.57;0.50;123;1;1;8;0.29;0.30;0.29;-0.01;-0.01;-0.02;-0.00;0.26;-1.31;2.97;90.00;-0.07;0.06;0.024
92140.565;2507;-1.26;2.85;-269.53;-1.29;3.23;75.35;-0.57;0.50;123;1;1;8;0.22;0.30;0.30;-0.03;-0.01;0.12;0.09;0.18;-1.31;2.97;90.00;-0.07;0.06;0.018
92140.695;2518;-1.26;2.88;-269.27;-1.29;3.23;75.35;-0.57;0.50;123;1;1;8;0.14;0.30;0.30;-0.01;-0.01;-0.01;-0.01;0.00;-1.31;2.97;90.00;-0.07;0.06;0.037
92140.775;2526;-1.26;2.90;-269.29;-1.29;3.23;75.35;-0.57;0.50;123;1;1;8;0.10;0.30;0.28;-0.00;-0.01;0.03;0.03;-0.04;-1.31;2.97;90.00;-0.07;0.06;0.016
92140.865;2535;-1.26;2.93;-269.86;-1.29;3.23;75.35;-0.57;0.50;123;1;1;8;0.07;0.29;0.29;0.01;-0.01;0.06;0.05;-0.10;-1.31;2.97;90.00;-0.07;0.06;0.009
92140.965;2546;-1.26;2.96;-270.65;-1.29;3.23;75.35;-0.57;0.50;123;1;1;8;0.03;0.28;0.28;-0.00;-0.01;-0.03;-0.02;-0.14;-1.31;2.97;90.00;-0.07;0.06;0.012
92141.085;2559;-1.26;3.00;-271.50;-1.29;3.23;75.35;-0.57;0.50;123;1;1;8;-0.02;0.26;0.26;-0.00;-0.01;0.04;0.03;-0.09;-1.31;2.97;89.98;-0.09;0.08;0.031
92141.185;2570;-1.26;3.02;-272.19;-1.29;3.23;75.35;-0.57;0.50;123;1;1;8;-0.14;0.26;0.26;0.00;-0.00;-0.01;-0.00;-0.08;-1.32;3.01;89.22;-0.23;0.20;0.026
92141.275;2578;-1.26;3.04;-272.94;-1.29;3.23;75.35;-0.57;0.50;123;1;1;8;-0.21;0.26;0.26;0.00;-0.00;-0.01;-0.00;-0.17;-1.32;3.04;88.13;-0.30;0.26;0.017
92141.375;2587;-1.26;3.07;-273.85;-1.29;3.23;75.35;-0.57;0.50;123;1;1;8;-0.26;0.26;0.24;0.01;-0.00;0.01;-0.01;-0.16;-1.31;3.06;87.02;-0.34;0.30;0.019
92141.485;2597;-1.25;3.09;-274.74;-1.29;3.23;75.35;-0.57;0.50;123;1;1;8;-0.32;0.26;0.24;0.01;-0.00;0.01;-0.01;-0.16;-1.31;3.09;85.54;-0.39;0.34;0.030
92141.575;2605;-1.25;3.11;-275.40;-1.29;3.23;75.35;-0.57;0.50;123;1;1;8;-0.40;0.27;0.26;-0.00;-0.01;-0.07;0.06;-0.16;-1.31;3.12;83.64;-0.44;0.38;0.017
92141.675;2616;-1.25;3.14;-276.79;-1.29;3.23;75.35;-0.57;0.50;123;1;1;8;-0.47;0.28;0.27;0.00;-0.01;-0.05;0.05;-0.23;-1.30;3.16;81.27;-0.48;0.42;0.026
92141.765;2624;-1.25;3.16;-278.15;-1.29;3.23;75.35;-0.57;0.50;123;1;1;8;-0.50;0.29;0.27;0.01;-0.01;0.03;-0.03;-0.32;-1.30;3.17;79.88;-0.50;0.44;0.013
92141.875;2639;-1.24;3.20;-281.35;-0.95;3.61;17.15;-0.79;0.50;123;2;1;8;-0.50;0.29;0.28;0.01;-0.01;0.08;-0.09;-0.43;-1.29;3.19;78.36;-0.53;0.46;0.016
92141.985;2648;-1.24;3.23;-283.38;-0.95;3.61;17.15;-0.79;0.50;123;2;1;8;-0.70;0.30;0.30;-0.00;-0.01;-0.17;0.19;-0.33;-1.28;3.23;74.89;-0.57;0.50;0.023
92142.065;2658;-1.23;3.26;-286.90;-0.95;3.61;17.15;-0.79;0.50;123;2;1;8;-0.67;0.30;0.29;0.01;-0.01;0.04;-0.06;-0.76;-1.28;3.25;73.01;-0.58;0.50;0.016
92142.175;2667;-1.22;3.28;-289.86;-0.95;3.61;17.15;-0.79;0.50;123;2;1;8;-0.68;0.30;0.32;0.01;-0.00;-0.06;0.10;-0.39;-1.26;3.29;69.14;-0.60;0.50;0.013
92142.285;2677;-1.21;3.31;-292.67;-0.95;3.61;17.15;-0.79;0.50;123;2;1;8;-0.68;0.30;0.30;0.06;-0.01;0.13;-0.22;-0.69;-1.26;3.31;67.15;-0.60;0.50;0.028
92142.375;2686;-1.21;3.34;-295.79;-0.95;3.61;17.15;-0.79;0.50;123;2;1;8;-0.69;0.30;0.32;0.01;-0.01;-0.08;0.15;-0.52;-1.24;3.35;63.05;-0.62;0.50;0.017
92142.465;2695;-1.19;3.37;-298.73;-0.95;3.61;17.15;-0.79;0.50;123;2;1;8;-0.72;0.30;0.30;0.03;-0.01;0.03;-0.06;-0.64;-1.22;3.39;58.80;-0.64;0.50;0.017
92142.565;2706;-1.18;3.40;-302.31;-0.95;3.61;17.15;-0.79;0.50;123;2;1;8;-0.71;0.30;0.33;0.04;-0.01;-0.06;0.19;-0.48;-1.21;3.41;56.62;-0.65;0.50;0.008
92142.665;2715;-1.17;3.42;-305.49;-0.95;3.61;17.15;-0.79;0.50;123;2;1;8;-0.74;0.30;0.32;0.06;-0.01;0.03;-0.03;-0.53;-1.18;3.44;52.12;-0.67;0.50;0.007
92142.775;2726;-1.15;3.46;-309.27;-0.95;3.61;17.15;-0.79;0.50;123;2;1;8;-0.73;0.30;0.31;0.10;-0.01;0.04;-0.11;-0.83;-1.17;3.46;49.81;-0.68;0.50;0.015
92142.865;2735;-1.14;3.48;-312.60;-0.95;3.61;17.15;-0.79;0.50;123;2;1;8;-0.77;0.30;0.33;0.08;-0.01;0.01;0.03;-0.59;-1.14;3.49;45.07;-0.69;0.50;0.014
92142.965;2745;-1.12;3.51;-316.53;-0.95;3.61;17.15;-0.79;0.50;123;2;1;8;-0.75;0.30;0.32;0.10;-0.01;0.01;-0.01;-0.81;-1.12;3.51;42.63;-0.70;0.50;0.012
92143.085;2759;-1.10;3.55;-322.39;-0.95;3.61;17.15;-0.79;0.50;123;2;1;8;-0.75;0.30;0.34;0.09;-0.01;0.02;0.07;-0.64;-1.09;3.53;37.61;-0.72;0.50;0.029
92143.155;2765;-1.08;3.57;-325.21;-0.95;3.61;17.15;-0.79;0.50;123;2;1;8;-0.75;0.30;0.30;0.12;-0.01;0.01;-0.07;-0.85;-1.07;3.55;35.04;-0.73;0.50;0.005
92143.255;2773;-1.07;3.59;-328.39;-0.95;3.61;17.15;-0.79;0.50;123;2;1;8;-0.76;0.30;0.32;0.10;-0.01;0.00;0.08;-0.69;-1.06;3.56;32.42;-0.74;0.50;0.006
92143.375;2788;-1.03;3.62;-335.24;-0.95;3.61;17.15;-0.79;0.50;123;2;1;8;-0.74;0.30;0.33;0.03;0.00;0.00;-0.01;-1.01;-1.02;3.58;27.04;-0.75;0.50;0.023
92143.465;2798;-1.00;3.63;-340.33;-0.95;3.61;17.15;-0.79;0.50;123;2;1;8;-0.68;0.30;0.30;0.01;-0.01;-0.01;-0.03;-0.74;-1.00;3.59;24.27;-0.76;0.50;0.011
92143.565;2807;-0.98;3.64;-343.32;-0.95;3.61;17.15;-0.79;0.50;123;2;1;8;-0.77;0.30;0.31;0.03;-0.00;0.10;0.24;-0.52;-0.96;3.60;18.60;-0.78;0.50;0.009
92143.675;2815;-0.95;3.66;-347.55;-0.47;3.47;-47.55;-0.68;0.50;123;3;1;8;-0.73;0.30;0.31;0.05;-0.06;0.15;0.18;-1.01;-0.94;3.61;15.70;-0.78;0.50;0.010
92143.775;2825;-0.92;3.67;-353.61;-0.47;3.47;-47.55;-0.68;0.50;123;3;1;8;-0.48;0.30;0.29;0.03;-0.01;-0.10;-0.18;-0.96;-0.92;3.62;12.81;-0.78;0.50;0.012
92143.855;2835;-0.89;3.67;-358.58;-0.47;3.47;-47.55;-0.68;0.50;123;3;1;8;-0.47;0.30;0.31;0.01;-0.01;-0.04;-0.07;-0.63;-0.88;3.62;7.12;-0.77;0.50;0.005
92143.965;2844;-0.87;3.67;-360.90;-0.47;3.47;-47.55;-0.68;0.50;123;3;1;8;-0.51;0.30;0.32;0.04;-0.04;-0.03;-0.32;-0.53;-0.86;3.62;4.31;-0.77;0.50;0.005
92144.065;2854;-0.84;3.67;-363.17;-0.47;3.47;-47.55;-0.68;0.50;123;3;1;8;-0.56;0.30;0.30;0.02;-0.01;0.04;0.05;-0.36;-0.84;3.63;1.52;-0.76;0.50;0.010
92144.165;2867;-0.80;3.67;-366.59;-0.47;3.47;-47.55;-0.68;0.50;123;3;1;8;-0.58;0.30;0.29;0.01;-0.01;-0.08;-0.09;-0.51;-0.82;3.63;-1.24;-0.76;0.50;0.018
92144.265;2876;-0.77;3.67;-368.86;-0.47;3.47;-47.55;-0.68;0.50;123;3;1;8;-0.66;0.30;0.30;0.00;-0.01;0.06;0.07;-0.41;-0.77;3.62;-6.69;-0.75;0.50;0.004
92144.365;2887;-0.74;3.66;-372.33;-0.47;3.47;-47.55;-0.68;0.50;123;3;1;8;-0.66;0.30;0.30;0.06;-0.01;-0.18;-0.16;-0.72;-0.75;3.62;-9.38;-0.74;0.50;0.007
92144.465;2896;-0.71;3.66;-375.51;-0.47;3.47;-47.55;-0.68;0.50;123;3;1;8;-0.65;0.30;0.30;0.02;-0.01;0.17;0.13;-0.54;-0.73;3.61;-12.04;-0.74;0.50;0.006
92144.565;2906;-0.68;3.65;-379.14;-0.47;3.47;-47.55;-0.68;0.50;123;3;1;8;-0.68;0.30;0.29;0.05;-0.01;-0.19;-0.12;-0.62;-0.69;3.60;-17.30;-0.73;0.50;0.016
92144.655;2915;-0.65;3.65;-381.75;-0.47;3.47;-47.55;-0.68;0.50;123;3;1;8;-0.69;0.30;0.33;0.01;-0.01;0.16;0.09;-0.41;-0.67;3.60;-19.90;-0.73;0.50;0.003
92144.765;2925;-0.62;3.64;-385.20;-0.47;3.47;-47.55;-0.68;0.50;123;3;1;8;-0.68;0.30;0.30;0.06;-0.01;-0.08;-0.04;-0.68;-0.65;3.59;-22.47;-0.72;0.50;0.005
92144.855;2934;-0.60;3.63;-387.96;-0.47;3.47;-47.55;-0.68;0.50;123;3;1;8;-0.69;0.30;0.33;0.03;-0.01;0.02;0.01;-0.41;-0.63;3.58;-25.02;-0.72;0.50;0.002
92144.965;2944;-0.57;3.62;-390.37;-0.47;3.47;-47.55;-0.68;0.50;123;3;1;8;-0.77;0.30;0.31;0.07;-0.01;-0.10;-0.03;-0.59;-0.59;3.56;-30.05;-0.71;0.50;0.004
92145.065;2957;-0.53;3.60;-394.41;-0.47;3.47;-47.55;-0.68;0.50;123;3;1;8;-0.79;0.30;0.34;0.08;-0.01;0.12;0.03;-0.54;-0.56;3.54;-34.99;-0.70;0.50;0.008
92145.155;2966;-0.50;3.59;-398.12;-0.47;3.47;-47.55;-0.68;0.50;123;3;1;8;-0.79;0.30;0.33;0.09;-0.01;-0.13;-0.06;-0.68;-0.54;3.53;-37.43;-0.69;0.50;0.006
92145.265;2977;-0.46;3.57;-402.07;-0.47;3.47;-47.55;-0.68;0.50;123;3;1;8;-0.78;0.30;0.36;0.10;-0.01;0.14;0.01;-0.61;-0.52;3.51;-39.84;-0.69;0.50;0.008
92145.365;2985;-0.44;3.56;-405.84;-0.47;3.47;-47.55;-0.68;0.50;123;3;1;8;-0.74;0.30;0.31;0.11;-0.01;-0.11;-0.02;-0.86;-0.51;3.50;-42.24;-0.69;0.50;0.004
92145.455;2996;-0.41;3.54;-409.82;-0.47;3.47;-47.55;-0.68;0.50;123;3;1;8;-0.76;0.30;0.34;0.08;-0.02;0.08;-0.01;-0.56;-0.47;3.47;-46.96;-0.68;0.50;0.005
92145.555;3004;-0.38;3.53;-413.01;-0.47;3.47;-47.55;-0.68;0.50;123;3;1;8;-0.74;0.30;0.32;0.10;-0.01;-0.06;-0.01;-0.83;-0.46;3.45;-49.28;-0.67;0.50;0.003
92145.665;3013;-0.36;3.51;-416.78;-0.47;3.47;-47.55;-0.68;0.50;123;3;1;8;-0.69;0.30;0.32;0.06;-0.01;-0.03;-0.02;-0.76;-0.45;3.44;-51.54;-0.65;0.50;0.002
92145.775;3028;-0.34;3.47;-422.90;-0.47;3.47;-47.55;-0.68;0.50;123;3;1;8;-0.60;0.30;0.31;-0.00;-0.01;0.11;-0.03;-0.66;-0.43;3.42;-53.75;-0.64;0.50;0.010
92145.855;3033;-0.33;3.45;-424.52;-0.47;3.47;-47.55;-0.68;0.50;123;3;1;8;-0.55;0.29;0.31;0.04;-0.04;-0.26;-0.08;-0.62;-0.42;3.40;-55.90;-0.63;0.50;0.004
92145.955;3043;-0.32;3.43;-427.10;-0.47;3.47;-47.55;-0.68;0.50;123;3;1;8;-0.56;0.29;0.30;-0.01;-0.01;0.18;-0.04;-0.32;-0.40;3.37;-60.04;-0.60;0.50;0.005
92146.065;3058;-0.30;3.39;-430.69;-0.47;3.47;-47.55;-0.68;0.50;123;3;1;8;-0.50;0.29;0.30;0.00;-0.01;0.22;-0.07;-0.35;-0.39;3.35;-62.03;-0.59;0.50;0.007
92146.165;3066;-0.29;3.36;-432.59;-0.47;3.47;-47.55;-0.68;0.50;123;3;1;8;-0.49;0.28;0.28;0.01;-0.01;-0.10;0.03;-0.36;-0.38;3.33;-63.96;-0.58;0.50;0.007
92146.255;3076;-0.28;3.34;-434.22;-0.47;3.47;-47.55;-0.68;0.50;123;3;1;8;-0.48;0.28;0.29;-0.01;-0.01;0.24;-0.09;-0.22;-0.37;3.31;-65.85;-0.57;0.50;0.004
92146.355;3086;-0.27;3.31;-436.24;-0.47;3.47;-47.55;-0.68;0.50;123;3;1;8;-0.50;0.28;0.27;0.01;-0.01;-0.00;-0.00;-0.29;-0.35;3.27;-69.46;-0.54;0.50;0.003
92146.455;3095;-0.27;3.29;-437.65;-0.47;3.47;-47.55;-0.68;0.50;123;3;1;8;-0.50;0.28;0.28;0.01;-0.00;-0.02;0.00;-0.39;-0.35;3.25;-71.19;-0.53;0.50;0.004
92146.575;3105;-0.26;3.26;-439.84;-0.34;2.71;-104.65;-0.57;0.50;420;1;1;8;-0.46;0.27;0.29;-0.00;-0.01;0.09;-0.04;-0.36;-0.34;3.23;-72.87;-0.52;0.50;0.020
92146.685;3120;-0.26;3.22;-442.60;-0.34;2.71;-104.65;-0.57;0.50;420;1;1;8;0.10;0.30;0.27;0.01;-0.01;-0.01;0.00;-0.28;-0.31;2.96;-90.00;-0.07;0.06;0.033
92146.765;3124;-0.25;3.21;-442.74;-0.34;2.71;-104.65;-0.57;0.50;420;1;1;8;0.08;0.30;0.29;-0.01;-0.01;0.03;-0.02;0.19;-0.31;2.96;-90.00;-0.07;0.06;0.014
92146.865;3135;-0.25;3.18;-440.39;-0.34;2.71;-104.65;-0.57;0.50;420;1;1;8;-0.08;0.30;0.29;-0.01;-0.01;-0.07;0.03;0.29;-0.31;2.96;-90.00;-0.07;0.06;0.010
92146.985;3147;-0.24;3.14;-439.47;-0.34;2.71;-104.65;-0.57;0.50;420;1;1;8;-0.19;0.30;0.29;0.01;-0.00;-0.02;0.02;-0.01;-0.31;2.96;-90.00;-0.07;0.06;0.031
92147.065;3158;-0.24;3.11;-440.12;-0.34;2.71;-104.65;-0.57;0.50;420;1;1;8;-0.23;0.30;0.30;0.00;-0.00;0.04;-0.02;-0.12;-0.31;2.96;-90.00;-0.07;0.06;0.009
92147.175;3166;-0.23;3.09;-440.77;-0.34;2.71;-104.65;-0.57;0.50;420;1;1;8;-0.26;0.30;0.28;0.01;-0.01;-0.02;0.01;-0.16;-0.31;2.96;-90.00;-0.07;0.06;0.021
92147.265;3175;-0.23;3.06;-441.41;-0.34;2.71;-104.65;-0.57;0.50;420;1;1;8;-0.29;0.30;0.28;0.00;-0.01;-0.03;0.02;-0.16;-0.31;2.96;-90.00;-0.07;0.06;0.006
92147.365;3185;-0.22;3.03;-442.10;-0.34;2.71;-104.65;-0.57;0.50;420;1;1;8;-0.33;0.30;0.30;-0.01;-0.01;-0.05;0.03;-0.17;-0.31;2.96;-90.00;-0.07;0.06;0.015
92147.485;3200;-0.22;2.99;-443.42;-0.34;2.71;-104.65;-0.57;0.50;420;1;1;8;-0.37;0.30;0.28;0.01;-0.01;-0.06;0.03;-0.22;-0.31;2.96;-90.00;-0.07;0.06;0.026
92147.575;3208;-0.21;2.97;-444.07;-0.34;2.71;-104.65;-0.57;0.50;420;1;1;8;-0.38;0.30;0.30;0.00;-0.01;0.07;-0.04;-0.13;-0.31;2.96;-90.00;-0.07;0.06;0.012
92147.675;3218;-0.21;2.94;-445.01;-0.34;2.71;-104.65;-0.57;0.50;420;1;1;8;-0.48;0.29;0.29;0.00;-0.01;0.02;-0.01;-0.11;-0.31;2.95;-90.22;-0.16;0.14;0.015
92147.765;3227;-0.21;2.91;-446.59;-0.34;2.71;-104.65;-0.57;0.50;420;1;1;8;-0.52;0.29;0.28;0.01;-0.01;-0.11;0.07;-0.41;-0.31;2.92;-90.78;-0.23;0.20;0.021
92147.865;3237;-0.21;2.88;-448.84;-0.34;2.71;-104.65;-0.57;0.50;420;1;1;8;-0.56;0.30;0.30;-0.00;-0.01;0.22;-0.15;-0.35;-0.31;2.88;-92.38;-0.32;0.28;0.020
92147.995;3250;-0.21;2.84;-452.64;-0.34;2.71;-104.65;-0.57;0.50;420;1;1;8;-0.51;0.30;0.30;0.00;-0.01;0.03;-0.01;-0.45;-0.31;2.87;-92.98;-0.34;0.30;0.046
92148.075;3256;-0.21;2.83;-453.89;-0.34;2.71;-104.65;-0.57;0.50;420;1;1;8;-0.55;0.30;0.30;-0.00;-0.00;0.14;-0.11;-0.30;-0.31;2.84;-94.46;-0.39;0.34;0.020
92148.165;3265;-0.21;2.80;-456.21;-0.34;2.71;-104.65;-0.57;0.50;420;1;1;8;-0.57;0.30;0.29;0.01;-0.01;-0.07;0.07;-0.48;-0.32;2.81;-96.36;-0.44;0.38;0.012
92148.295;3281;-0.21;2.75;-460.32;-0.34;2.71;-104.65;-0.57;0.50;420;1;1;8;-0.54;0.30;0.33;0.07;-0.06;-0.45;0.10;-0.69;-0.32;2.80;-97.48;-0.46;0.40;0.037
92148.375;3285;-0.21;2.74;-461.61;-0.34;2.71;-104.65;-0.57;0.50;420;1;1;8;-0.60;0.30;0.29;0.05;-0.01;-0.12;0.14;-0.49;-0.33;2.76;-100.12;-0.50;0.44;0.023
