t;frame;x;y;z;x_ref;y_ref;z_ref;delta_ref;u_ref;state;ellipse;control;action;delta;u;vx;vy;vz;wx;wy;wz;xr;yr;zr;delr;ur;obs1x;obs1y;obs2x;obs2y
2497.515;16;1.10;2.30;-0.02;0.85;2.35;-0.00;0.00;-0.50;395;1;1;2;0.12;-0.04;0.00;0.00;-0.00;0.00;0.00;0.00;0.95;2.35;0.00;0.00;-0.50;0.086;-1.32;0.39;-1000.00;-1000.00
2497.555;20;1.10;2.30;-0.04;0.85;2.35;-0.00;0.00;-0.50;395;1;1;2;0.12;-0.08;-0.03;0.00;-0.00;0.00;0.01;-0.02;0.95;2.35;0.00;0.00;-0.50;0.016;-1.32;0.39;-1000.00;-1000.00
2497.665;31;1.09;2.30;-0.22;0.85;2.35;-0.00;0.00;-0.50;395;1;1;2;0.11;-0.12;-0.08;-0.00;-0.00;-0.00;-0.00;-0.03;0.95;2.35;0.00;0.00;-0.50;0.035;-1.32;0.39;-1000.00;-1000.00
2497.755;39;1.09;2.30;-0.30;0.85;2.35;-0.00;0.00;-0.50;395;1;1;2;0.11;-0.15;-0.12;-0.00;-0.00;-0.03;0.04;-0.01;0.95;2.35;0.00;0.00;-0.50;0.022;-1.32;0.39;-1000.00;-1000.00
2497.845;48;1.07;2.30;-0.41;0.85;2.35;-0.00;0.00;-0.50;395;1;1;2;0.10;-0.18;-0.15;0.00;0.00;-0.00;0.00;-0.04;0.95;2.35;0.00;0.00;-0.50;0.015;-1.32;0.39;-1000.00;-1000.00
2497.945;58;1.06;2.30;-0.62;0.85;2.35;-0.00;0.00;-0.50;395;1;1;2;0.09;-0.21;-0.18;0.00;0.00;-0.00;-0.00;-0.04;0.95;2.35;0.00;0.00;-0.50;0.016;-1.32;0.39;-1000.00;-1000.00
2498.065;72;1.03;2.30;-0.87;0.85;2.35;-0.00;0.00;-0.50;395;1;1;2;0.08;-0.23;-0.21;-0.00;0.00;-0.00;-0.00;-0.03;0.95;2.35;0.00;0.00;-0.50;0.026;-1.32;0.39;-1000.00;-1000.00
2498.145;77;1.02;2.30;-0.93;0.85;2.35;-0.00;0.00;-0.50;395;1;1;2;0.07;-0.25;-0.23;0.00;0.00;-0.00;-0.00;-0.02;0.95;2.35;0.00;0.00;-0.50;0.013;-1.32;0.39;-1000.00;-1000.00
2498.255;91;0.98;2.30;-1.07;0.76;2.35;-0.00;0.00;-0.50;395;2;1;2;0.07;-0.27;-0.25;-0.00;0.00;-0.00;-0.00;-0.02;0.95;2.35;0.00;0.00;-0.50;0.021;-1.33;0.39;-1000.00;-1000.00
2498.345;96;0.97;2.30;-1.10;0.76;2.35;-0.00;0.00;-0.50;395;2;1;2;0.06;-0.28;-0.27;0.00;-0.00;-0.00;-0.00;-0.01;0.95;2.35;0.00;0.00;-0.50;0.009;-1.33;0.39;-1000.00;-1000.00
2498.445;105;0.95;2.30;-1.15;0.76;2.35;-0.00;0.00;-0.50;395;2;1;2;0.06;-0.29;-0.28;0.00;-0.00;-0.00;-0.00;-0.01;0.95;2.35;-0.00;0.00;-0.50;0.010;-1.33;0.39;-1000.00;-1000.00
2498.575;120;0.90;2.30;-1.21;0.65;2.35;-0.00;0.11;0.00;226;1;1;5;0.05;-0.30;-0.29;-0.00;-0.00;-0.00;-0.00;-0.01;0.91;2.35;-0.00;0.00;-0.50;0.026;-1.33;0.39;-1000.00;-1000.00
2498.665;129;0.88;2.30;-1.23;1.15;2.58;54.67;0.68;0.50;226;3;1;5;0.65;-0.27;-0.30;0.00;-0.00;-0.00;-0.00;-0.00;0.86;2.37;15.98;0.65;0.50;0.015;-1.33;0.39;-1000.00;-1000.00
2498.745;139;0.85;2.30;-3.55;1.15;2.58;54.67;0.68;0.50;226;3;1;5;0.79;-0.21;-0.27;-0.01;-0.01;0.01;-0.00;-0.70;0.85;2.37;14.37;0.65;0.50;0.014;-1.33;0.39;-1000.00;-1000.00
2498.835;148;0.83;2.31;-6.84;1.15;2.58;54.67;0.68;0.50;226;3;1;5;0.79;-0.16;-0.22;0.00;-0.01;0.00;-0.01;-0.62;0.82;2.36;11.29;0.62;0.47;0.006;-1.33;0.39;-1000.00;-1000.00
2498.945;158;0.81;2.31;-8.89;1.15;2.58;54.67;0.68;0.50;226;3;1;5;0.79;-0.10;-0.16;-0.01;-0.01;-0.03;-0.02;-0.17;0.80;2.36;9.93;0.60;0.45;0.008;-1.33;0.39;-1000.00;-1000.00
2499.035;169;0.79;2.31;-9.07;1.15;2.58;54.67;0.68;0.50;226;3;1;5;0.79;-0.06;-0.10;-0.01;-0.01;0.09;0.10;0.06;0.79;2.36;8.68;0.57;0.43;0.008;-1.33;0.39;-1000.00;-1000.00
2499.135;177;0.79;2.31;-8.68;1.15;2.58;54.67;0.68;0.50;226;3;1;5;0.79;-0.02;-0.07;0.00;-0.01;-0.12;-0.13;0.05;0.78;2.36;7.54;0.55;0.41;0.005;-1.33;0.39;-1000.00;-1000.00
2499.245;186;0.78;2.31;-8.07;1.15;2.58;54.67;0.68;0.50;226;3;1;5;0.79;0.02;-0.02;0.00;-0.01;0.07;0.07;0.19;0.78;2.36;7.54;0.55;0.41;0.014;-1.33;0.39;-1000.00;-1000.00
2499.335;196;0.78;2.31;-6.83;1.15;2.58;54.67;0.68;0.50;226;3;1;5;0.79;0.06;0.02;-0.01;-0.01;-0.01;-0.01;0.28;0.78;2.36;7.54;0.55;0.41;0.005;-1.33;0.39;-1000.00;-1000.00
2499.445;210;0.79;2.31;-4.39;1.15;2.58;54.67;0.68;0.50;226;3;1;5;0.79;0.09;0.06;-0.00;0.00;-0.04;0.07;0.23;0.78;2.36;7.54;0.55;0.41;0.014;-1.33;0.39;-1000.00;-1000.00
2499.545;219;0.80;2.31;-2.96;1.15;2.58;54.67;0.68;0.50;226;3;1;5;0.79;0.12;0.08;-0.01;-0.00;0.02;-0.04;0.30;0.79;2.36;8.68;0.57;0.43;0.012;-1.33;0.39;-1000.00;-1000.00
2499.645;228;0.81;2.31;-1.37;1.15;2.58;54.67;0.68;0.50;226;3;1;5;0.79;0.15;0.12;0.00;-0.01;-0.02;0.02;0.31;0.79;2.36;8.68;0.57;0.43;0.005;-1.33;0.39;-1000.00;-1000.00
2499.745;238;0.82;2.31;0.60;1.15;2.58;54.67;0.68;0.50;226;3;1;5;0.79;0.18;0.14;-0.01;-0.01;0.02;-0.03;0.35;0.80;2.36;9.93;0.60;0.45;0.009;-1.33;0.39;-1000.00;-1000.00
2499.845;247;0.83;2.31;2.40;1.15;2.58;54.67;0.68;0.50;226;3;1;5;0.79;0.20;0.16;-0.02;-0.01;0.04;-0.06;0.47;0.82;2.36;11.29;0.62;0.47;0.005;-1.33;0.40;-1000.00;-1000.00
2499.935;257;0.85;2.31;4.51;1.15;2.58;54.67;0.68;0.50;226;3;1;5;0.79;0.23;0.20;-0.00;-0.00;-0.04;0.06;0.35;0.83;2.37;12.78;0.64;0.49;0.004;-1.33;0.40;-1000.00;-1000.00
2500.045;265;0.87;2.31;6.83;1.15;2.58;54.67;0.68;0.50;226;3;1;5;0.79;0.25;0.21;-0.01;-0.01;0.12;-0.12;0.56;0.85;2.37;14.37;0.65;0.50;0.008;-1.33;0.40;-1000.00;-1000.00
2500.145;280;0.90;2.31;11.04;1.15;2.58;54.67;0.68;0.50;226;3;1;5;0.79;0.28;0.26;-0.02;-0.00;-0.17;0.12;0.48;0.88;2.38;17.60;0.65;0.50;0.010;-1.33;0.40;-1000.00;-1000.00
2500.245;289;0.93;2.32;14.33;1.15;2.58;54.67;0.68;0.50;226;3;1;5;0.79;0.29;0.25;-0.09;-0.01;0.23;-0.19;0.78;0.89;2.38;19.22;0.65;0.50;0.008;-1.33;0.40;-1000.00;-1000.00
2500.345;300;0.96;2.32;19.56;1.15;2.58;54.67;0.68;0.50;226;3;1;5;0.79;0.31;0.26;-0.02;-0.10;0.48;0.18;0.96;0.92;2.40;22.48;0.66;0.50;0.007;-1.33;0.40;-1000.00;-1000.00
2500.445;308;0.98;2.33;23.33;1.15;2.58;54.67;0.68;0.50;226;3;1;5;0.79;0.32;0.32;0.01;-0.01;-0.11;0.08;0.71;0.95;2.41;25.75;0.66;0.50;0.010;-1.33;0.40;-1000.00;-1000.00
2500.535;319;1.01;2.34;27.35;1.15;2.58;54.67;0.68;0.50;226;3;1;5;0.79;0.34;0.32;-0.05;-0.01;0.05;-0.04;0.69;0.98;2.42;29.04;0.66;0.50;0.005;-1.33;0.40;-1000.00;-1000.00
2500.635;327;1.04;2.35;30.07;1.15;2.58;54.67;0.68;0.50;226;3;1;5;0.79;0.35;0.36;-0.04;-0.01;-0.04;0.02;0.58;0.99;2.43;30.69;0.66;0.50;0.004;-1.33;0.40;-1000.00;-1000.00
2500.735;336;1.07;2.36;33.60;1.15;2.58;54.67;0.68;0.50;226;3;1;5;0.79;0.36;0.36;-0.06;-0.01;0.07;-0.03;0.77;1.02;2.45;34.00;0.67;0.50;0.004;-1.33;0.40;-1000.00;-1000.00
2500.835;346;1.10;2.38;37.51;1.15;2.58;54.67;0.68;0.50;226;3;1;5;0.79;0.36;0.39;-0.07;-0.01;0.05;-0.00;0.81;1.04;2.46;37.33;0.67;0.50;0.006;-1.33;0.40;-1000.00;-1000.00
2500.955;360;1.15;2.41;43.67;1.15;2.58;54.67;0.68;0.50;226;3;1;5;0.79;0.37;0.41;-0.09;-0.01;-0.10;0.01;0.78;1.07;2.48;40.68;0.67;0.50;0.015;-1.33;0.40;-1000.00;-1000.00
2501.045;370;1.19;2.43;48.62;1.15;2.58;54.67;0.68;0.50;226;3;1;5;0.76;0.37;0.41;-0.10;-0.01;-0.02;-0.02;0.81;1.09;2.51;44.05;0.67;0.50;0.011;-1.33;0.40;-1000.00;-1000.00
2501.135;379;1.22;2.45;53.01;1.15;2.58;54.67;0.68;0.50;226;3;1;5;0.78;0.37;0.40;-0.12;-0.01;-0.00;-0.02;0.76;1.11;2.53;47.43;0.68;0.50;0.004;-1.33;0.40;-1000.00;-1000.00
2501.245;389;1.25;2.48;58.35;1.15;2.58;54.67;0.68;0.50;226;3;1;5;0.70;0.36;0.36;-0.08;-0.08;0.25;0.52;1.19;1.13;2.55;50.83;0.68;0.50;0.009;-1.33;0.40;-1000.00;-1000.00
2501.345;399;1.27;2.51;64.28;1.15;2.58;54.67;0.68;0.50;226;3;1;5;0.62;0.35;0.36;-0.06;-0.01;0.08;0.02;0.92;1.15;2.58;54.24;0.68;0.50;0.011;-1.33;0.40;-1000.00;-1000.00
2501.445;408;1.29;2.54;67.46;1.15;2.58;54.67;0.68;0.50;226;3;1;5;0.64;0.35;0.36;-0.00;-0.01;-0.08;-0.01;0.43;1.17;2.61;59.28;0.66;0.50;0.007;-1.33;0.40;-1000.00;-1000.00
2501.545;418;1.30;2.57;70.42;1.15;2.58;54.67;0.68;0.50;226;3;1;5;0.61;0.34;0.34;-0.04;-0.01;0.10;0.03;0.62;1.18;2.63;60.91;0.65;0.50;0.008;-1.33;0.40;-1000.00;-1000.00
2501.635;427;1.32;2.60;72.83;1.15;2.58;54.67;0.68;0.50;226;3;1;5;0.61;0.33;0.34;-0.00;-0.01;-0.13;-0.04;0.36;1.20;2.65;64.08;0.64;0.50;0.005;-1.33;0.39;-1000.00;-1000.00
2501.755;436;1.33;2.63;75.72;1.15;2.58;54.67;0.68;0.50;226;3;1;5;0.60;0.33;0.33;-0.04;-0.01;-0.04;-0.01;0.66;1.21;2.68;67.16;0.62;0.50;0.015;-1.33;0.39;-1000.00;-1000.00
2501.845;447;1.34;2.66;79.98;1.15;2.58;54.67;0.68;0.50;226;3;1;5;0.54;0.32;0.33;-0.04;-0.01;0.01;0.00;0.55;1.22;2.71;70.13;0.60;0.50;0.008;-1.33;0.39;-1000.00;-1000.00
2501.935;455;1.34;2.69;81.89;1.26;2.94;89.43;0.49;0.50;226;4;1;5;0.52;0.31;0.33;0.00;-0.01;-0.16;-0.08;0.30;1.23;2.73;71.58;0.60;0.50;0.005;-1.33;0.39;-1000.00;-1000.00
2502.105;474;1.35;2.75;85.68;1.25;2.95;90.00;-0.00;0.37;992;0;1;7;0.35;0.32;0.32;-0.00;-0.00;0.03;0.01;0.23;1.23;2.76;74.41;0.58;0.50;0.051;-1.33;0.39;-1000.00;-1000.00
2502.155;480;1.35;2.76;86.45;1.25;2.95;90.00;-0.00;0.37;992;0;1;7;0.17;0.34;0.31;-0.01;-0.01;0.02;0.01;0.17;1.25;2.95;90.00;-0.00;0.37;0.024;-1.33;0.40;-1000.00;-1000.00
2502.265;488;1.35;2.79;86.50;1.25;2.95;90.00;-0.00;0.37;992;0;1;7;0.19;0.36;0.34;0.01;-0.01;-0.13;-0.09;-0.09;1.25;2.95;90.00;-0.00;0.37;0.025;-1.33;0.40;-1000.00;-1000.00
2502.355;499;1.36;2.83;86.50;1.20;3.33;114.90;0.79;0.50;992;1;1;7;0.21;0.37;0.36;-0.02;-0.01;-0.09;-0.06;-0.00;1.25;2.95;90.00;-0.00;0.37;0.021;-1.33;0.40;-1000.00;-1000.00
2502.475;512;1.36;2.87;87.04;1.20;3.33;114.90;0.79;0.50;992;1;1;7;-0.04;0.38;0.35;-0.01;-0.01;0.02;0.02;0.07;1.25;2.95;90.00;-0.00;0.37;0.031;-1.33;0.40;-1000.00;-1000.00
2502.545;518;1.36;2.90;86.66;1.20;3.33;114.90;0.79;0.50;992;1;1;7;0.03;0.40;0.38;0.01;-0.01;-0.09;-0.06;-0.28;1.25;2.95;90.00;-0.00;0.37;0.012;-1.33;0.40;-1000.00;-1000.00
2502.665;531;1.37;2.95;85.40;1.20;3.33;114.90;0.79;0.50;992;1;1;7;0.21;0.40;0.38;-0.00;-0.01;0.04;0.03;-0.08;1.25;2.95;90.00;-0.00;0.37;0.031;-1.33;0.40;-1000.00;-1000.00
2502.745;537;1.37;2.97;85.57;1.20;3.33;114.90;0.79;0.50;992;1;1;7;0.26;0.41;0.38;-0.01;-0.00;0.01;0.02;0.19;1.25;2.96;90.02;0.03;0.37;0.013;-1.33;0.40;-1000.00;-1000.00
2502.855;550;1.37;3.02;87.11;1.20;3.33;114.90;0.79;0.50;992;1;1;7;0.33;0.42;0.41;-0.01;-0.01;-0.05;-0.03;0.18;1.25;3.01;90.40;0.13;0.39;0.020;-1.33;0.40;-1000.00;-1000.00
2502.955;560;1.38;3.06;88.68;1.20;3.33;114.90;0.79;0.50;992;1;1;7;0.40;0.42;0.41;-0.01;-0.01;0.02;0.02;0.27;1.25;3.05;91.33;0.22;0.40;0.020;-1.33;0.40;-1000.00;-1000.00
2503.075;569;1.38;3.10;90.48;1.20;3.33;114.90;0.79;0.50;992;1;1;7;0.45;0.43;0.40;0.01;-0.09;-0.01;0.48;0.54;1.25;3.08;92.32;0.29;0.42;0.042;-1.33;0.40;-1000.00;-1000.00
2503.155;579;1.38;3.14;93.16;1.20;3.33;114.90;0.79;0.50;992;1;1;7;0.49;0.43;0.42;-0.01;-0.01;-0.04;-0.02;0.47;1.25;3.11;93.66;0.35;0.43;0.023;-1.33;0.40;-1000.00;-1000.00
2503.245;590;1.38;3.19;96.37;1.20;3.33;114.90;0.79;0.50;992;1;1;7;0.60;0.43;0.43;-0.04;-0.02;0.13;0.08;0.69;1.24;3.17;97.48;0.48;0.45;0.017;-1.33;0.40;-1000.00;-1000.00
2503.355;599;1.37;3.22;100.23;1.20;3.33;114.90;0.79;0.50;992;1;1;7;0.59;0.43;0.43;-0.01;-0.00;-0.04;-0.02;0.75;1.24;3.19;98.71;0.51;0.45;0.022;-1.33;0.40;-1000.00;-1000.00
2503.455;609;1.36;3.27;104.68;1.20;3.33;114.90;0.79;0.50;992;1;1;7;0.61;0.43;0.42;-0.02;-0.00;-0.00;0.02;0.73;1.23;3.22;101.51;0.57;0.46;0.017;-1.33;0.40;-1000.00;-1000.00
2503.555;617;1.36;3.30;107.22;1.20;3.33;114.90;0.79;0.50;992;1;1;7;0.71;0.43;0.46;-0.01;0.00;-0.08;-0.12;0.42;1.23;3.25;104.82;0.63;0.47;0.018;-1.33;0.40;-1000.00;-1000.00
2503.655;628;1.34;3.35;111.92;0.84;3.57;176.23;0.79;0.50;992;2;1;7;0.79;0.43;0.45;-0.04;-0.01;-0.02;-0.02;0.80;1.21;3.30;110.80;0.73;0.49;0.018;-1.33;0.40;-1000.00;-1000.00
2503.755;640;1.33;3.40;119.50;0.84;3.57;176.23;0.79;0.50;992;2;1;7;0.38;0.44;0.46;-0.07;-0.01;0.06;0.12;1.03;1.20;3.32;113.09;0.76;0.50;0.021;-1.33;0.40;-1000.00;-1000.00
2503.855;651;1.30;3.45;122.41;0.84;3.57;176.23;0.79;0.50;992;2;1;7;0.52;0.45;0.46;-0.02;-0.01;-0.05;-0.12;0.06;1.19;3.35;118.00;0.79;0.50;0.021;-1.33;0.40;-1000.00;-1000.00
2503.945;656;1.29;3.47;123.01;0.84;3.57;176.23;0.79;0.50;992;2;1;7;0.66;0.46;0.48;-0.03;-0.00;0.01;0.05;0.37;1.17;3.38;122.96;0.79;0.50;0.011;-1.33;0.40;-1000.00;-1000.00
2504.045;670;1.26;3.53;128.50;0.84;3.57;176.23;0.79;0.50;992;2;1;7;0.71;0.47;0.48;-0.09;-0.01;0.02;0.08;0.96;1.15;3.41;127.91;0.79;0.50;0.016;-1.33;0.40;-1000.00;-1000.00
2504.155;679;1.24;3.57;133.32;0.84;3.57;176.23;0.79;0.50;992;2;1;7;0.69;0.48;0.51;-0.11;-0.01;-0.02;-0.09;0.94;1.14;3.43;130.39;0.79;0.50;0.023;-1.33;0.40;-1000.00;-1000.00
2504.245;689;1.21;3.61;139.36;0.84;3.57;176.23;0.79;0.50;992;2;1;7;0.73;0.49;0.53;-0.12;-0.01;0.01;0.06;0.95;1.10;3.47;137.82;0.79;0.50;0.012;-1.33;0.40;-1000.00;-1000.00
2504.345;697;1.18;3.64;144.41;0.84;3.57;176.23;0.79;0.50;992;2;1;7;0.74;0.50;0.53;-0.18;-0.00;-0.04;0.03;1.36;1.07;3.49;142.78;0.79;0.50;0.013;-1.33;0.40;-1000.00;-1000.00
2504.445;708;1.14;3.69;153.01;0.84;3.57;176.23;0.79;0.50;992;2;1;7;0.66;0.50;0.55;-0.10;-0.01;0.01;-0.26;1.33;1.04;3.51;147.73;0.79;0.50;0.014;-1.33;0.40;-1000.00;-1000.00
2504.555;720;1.09;3.73;162.95;0.84;3.57;176.23;0.79;0.50;992;2;1;7;0.55;0.49;0.51;-0.14;-0.01;-0.03;0.05;1.31;1.01;3.53;152.69;0.79;0.50;0.022;-1.33;0.40;-1000.00;-1000.00
2504.645;730;1.04;3.75;168.69;0.84;3.57;176.23;0.79;0.50;992;2;1;7;0.56;0.48;0.55;-0.14;-0.09;0.41;-0.01;0.87;0.97;3.54;157.64;0.79;0.50;0.012;-1.33;0.40;-1000.00;-1000.00
2504.755;740;0.99;3.76;173.97;0.84;3.57;176.23;0.79;0.50;992;2;1;7;0.58;0.47;0.49;-0.00;-0.01;0.19;-0.31;0.92;0.94;3.56;162.60;0.79;0.50;0.017;-1.33;0.40;-1000.00;-1000.00
2504.845;748;0.96;3.77;178.69;0.84;3.57;176.23;0.79;0.50;992;2;1;7;0.59;0.46;0.48;-0.00;-0.01;0.05;-0.08;0.93;0.91;3.57;167.56;0.79;0.50;0.009;-1.33;0.40;-1000.00;-1000.00
2504.955;759;0.90;3.77;184.69;0.84;3.57;176.23;0.79;0.50;992;2;1;7;0.57;0.45;0.45;-0.01;-0.01;-0.10;0.09;0.85;0.87;3.57;172.51;0.79;0.50;0.021;-1.33;0.40;-1000.00;-1000.00
2505.045;767;0.87;3.76;188.50;0.46;3.39;234.20;0.73;0.50;992;3;1;7;0.55;0.43;0.46;-0.01;-0.01;0.28;-0.28;0.80;0.85;3.57;174.99;0.79;0.50;0.010;-1.33;0.40;-1000.00;-1000.00
2505.145;778;0.82;3.76;193.81;0.46;3.39;234.20;0.73;0.50;992;3;1;7;0.09;0.43;0.43;0.01;-0.01;-0.05;0.02;0.64;0.82;3.58;179.93;0.78;0.50;0.009;-1.33;0.40;-1000.00;-1000.00
2505.235;786;0.79;3.75;195.06;0.46;3.39;234.20;0.73;0.50;992;3;1;7;0.19;0.43;0.44;0.02;-0.00;0.16;-0.14;-0.24;0.80;3.57;182.39;0.78;0.50;0.004;-1.33;0.40;-1000.00;-1000.00
2505.345;800;0.73;3.73;194.26;0.46;3.39;234.20;0.73;0.50;992;3;1;7;0.51;0.44;0.42;-0.01;-0.01;-0.00;-0.00;0.01;0.76;3.57;187.26;0.78;0.50;0.010;-1.33;0.40;-1000.00;-1000.00
2505.435;809;0.69;3.72;196.30;0.46;3.39;234.20;0.73;0.50;992;3;1;7;0.59;0.44;0.44;-0.03;-0.01;-0.01;0.01;0.58;0.74;3.57;189.69;0.77;0.50;0.007;-1.33;0.40;-1000.00;-1000.00
2505.545;818;0.65;3.71;199.44;0.46;3.39;234.20;0.73;0.50;992;3;1;7;0.72;0.45;0.46;-0.08;-0.03;-0.09;0.21;0.75;0.69;3.56;196.88;0.77;0.50;0.006;-1.33;0.40;-1000.00;-1000.00
2505.655;828;0.61;3.70;203.83;0.46;3.39;234.20;0.73;0.50;992;3;1;7;0.72;0.45;0.48;-0.03;-0.01;0.03;-0.03;0.69;0.67;3.55;199.26;0.76;0.50;0.019;-1.33;0.40;-1000.00;-1000.00
2505.745;837;0.57;3.68;208.05;0.46;3.39;234.20;0.73;0.50;992;3;1;7;0.76;0.45;0.50;-0.11;-0.03;-0.10;0.12;1.05;0.64;3.54;203.98;0.76;0.50;0.010;-1.33;0.40;-1000.00;-1000.00
2505.835;847;0.52;3.66;213.28;0.46;3.39;234.20;0.73;0.50;992;3;1;7;0.78;0.45;0.52;-0.09;-0.01;-0.03;0.01;0.84;0.61;3.52;208.66;0.75;0.50;0.004;-1.33;0.40;-1000.00;-1000.00
2505.945;856;0.48;3.65;218.31;0.46;3.39;234.20;0.73;0.50;992;3;1;7;0.79;0.45;0.51;-0.14;-0.01;-0.09;0.02;1.19;0.58;3.50;213.30;0.75;0.50;0.006;-1.33;0.40;-1000.00;-1000.00
2506.045;866;0.43;3.62;224.48;0.46;3.39;234.20;0.73;0.50;992;3;1;7;0.79;0.45;0.53;-0.16;-0.01;0.10;-0.03;1.08;0.55;3.48;217.90;0.75;0.50;0.009;-1.33;0.40;-1000.00;-1000.00
2506.145;879;0.37;3.59;233.58;0.46;3.39;234.20;0.73;0.50;992;3;1;7;0.71;0.43;0.51;-0.19;-0.01;0.03;-0.02;1.17;0.52;3.46;222.45;0.74;0.50;0.012;-1.33;0.40;-1000.00;-1000.00
2506.245;890;0.32;3.55;240.79;0.46;3.39;234.20;0.73;0.50;992;3;1;7;0.70;0.42;0.48;-0.16;-0.01;0.01;0.01;1.00;0.48;3.42;229.20;0.73;0.50;0.014;-1.33;0.40;-1000.00;-1000.00
2506.335;898;0.29;3.53;245.47;0.46;3.39;234.20;0.73;0.50;992;3;1;7;0.71;0.41;0.46;-0.16;-0.01;-0.10;-0.02;1.06;0.46;3.39;233.65;0.73;0.50;0.004;-1.33;0.40;-1000.00;-1000.00
2506.435;909;0.26;3.49;252.62;0.46;3.39;234.20;0.73;0.50;992;3;1;7;0.57;0.39;0.43;-0.17;-0.01;-0.06;-0.04;1.23;0.45;3.38;235.84;0.72;0.50;0.005;-1.33;0.40;-1000.00;-1000.00
2506.545;917;0.24;3.46;256.30;0.46;3.39;234.20;0.73;0.50;992;3;1;7;0.55;0.37;0.41;-0.09;-0.01;0.04;0.03;0.62;0.43;3.35;240.01;0.68;0.50;0.005;-1.33;0.40;-1000.00;-1000.00
2506.645;928;0.22;3.42;260.03;0.46;3.39;234.20;0.73;0.50;992;3;1;7;0.52;0.35;0.37;-0.03;-0.01;-0.02;-0.01;0.49;0.41;3.31;243.90;0.65;0.50;0.005;-1.33;0.40;-1000.00;-1000.00
2506.745;936;0.22;3.39;261.79;0.46;3.39;234.20;0.73;0.50;992;3;1;7;0.51;0.33;0.35;-0.02;0.00;0.01;0.01;0.45;0.40;3.30;245.74;0.63;0.50;0.006;-1.33;0.40;-1000.00;-1000.00
2506.835;945;0.21;3.36;264.10;0.46;3.39;234.20;0.73;0.50;992;3;1;7;0.46;0.31;0.33;0.00;-0.01;0.02;0.01;0.33;0.40;3.28;247.52;0.61;0.50;0.004;-1.33;0.40;-1000.00;-1000.00
2506.955;959;0.21;3.31;266.48;0.46;3.39;234.20;0.73;0.50;992;3;1;7;0.42;0.29;0.30;-0.01;-0.01;-0.02;-0.01;0.29;0.39;3.26;249.23;0.59;0.50;0.016;-1.33;0.40;-1000.00;-1000.00
2507.035;968;0.21;3.29;267.75;0.46;3.39;234.20;0.73;0.50;992;3;1;7;0.44;0.27;0.29;-0.04;-0.01;-0.07;-0.05;0.25;0.38;3.23;252.46;0.56;0.50;0.004;-1.33;0.40;-1000.00;-1000.00
2507.135;979;0.20;3.26;269.10;0.46;3.39;234.20;0.73;0.50;992;3;1;7;0.43;0.26;0.27;-0.05;-0.01;-0.09;-0.07;0.25;0.37;3.21;253.98;0.54;0.50;0.005;-1.33;0.40;-1000.00;-1000.00
2507.245;987;0.20;3.23;269.82;0.46;3.39;234.20;0.73;0.50;992;3;1;7;0.44;0.24;0.26;-0.01;-0.01;0.11;0.09;0.12;0.37;3.20;255.44;0.52;0.50;0.005;-1.33;0.40;-1000.00;-1000.00
2507.345;998;0.20;3.21;271.00;0.46;3.39;234.20;0.73;0.50;992;3;1;7;0.43;0.23;0.24;-0.02;-0.01;0.09;0.07;0.13;0.36;3.18;256.84;0.51;0.50;0.005;-1.33;0.40;-1000.00;-1000.00
2507.435;1006;0.20;3.19;271.74;0.46;3.39;234.20;0.73;0.50;992;3;1;7;0.43;0.21;0.21;-0.00;-0.01;-0.03;-0.02;0.10;0.36;3.16;258.18;0.49;0.50;0.004;-1.33;0.40;-1000.00;-1000.00
2507.545;1020;0.20;3.16;272.34;0.46;3.39;234.20;0.73;0.50;992;3;1;7;0.43;0.20;0.20;-0.00;-0.01;-0.00;-0.01;0.02;0.36;3.14;259.47;0.47;0.50;0.010;-1.33;0.40;-1000.00;-1000.00
2507.645;1029;0.20;3.14;272.67;0.46;3.39;234.20;0.73;0.50;992;3;1;7;0.45;0.19;0.20;-0.04;-0.01;-0.03;-0.02;0.09;0.35;3.12;260.70;0.45;0.50;0.009;-1.33;0.40;-1000.00;-1000.00
2507.745;1040;0.19;3.12;273.28;0.46;3.39;234.20;0.73;0.50;992;3;1;7;0.45;0.18;0.18;-0.04;-0.01;-0.03;-0.04;0.16;0.35;3.11;261.87;0.44;0.50;0.007;-1.34;0.40;-1000.00;-1000.00
2507.835;1048;0.19;3.11;273.81;0.46;3.39;234.20;0.73;0.50;992;3;1;7;0.46;0.17;0.16;-0.01;-0.01;-0.05;-0.04;0.16;0.35;3.09;262.99;0.42;0.50;0.004;-1.34;0.40;-1000.00;-1000.00
2507.945;1057;0.19;3.09;274.18;0.46;3.39;234.20;0.73;0.50;992;3;1;7;0.46;0.17;0.16;0.00;-0.01;-0.05;-0.04;0.12;0.35;3.07;264.06;0.40;0.50;0.006;-1.34;0.40;-1000.00;-1000.00
2508.085;1071;0.20;3.07;274.68;0.35;2.95;-90.00;-0.00;0.50;819;0;1;0;0.46;0.16;0.15;-0.01;-0.01;-0.05;-0.04;0.09;0.34;3.05;265.07;0.38;0.50;0.049;-1.34;0.40;-1000.00;-1000.00
2508.175;1080;0.20;3.05;274.78;0.35;2.95;-90.00;-0.00;0.50;819;0;1;0;0.14;0.19;0.16;0.01;-0.01;-0.05;-0.05;0.05;0.35;2.95;-90.00;-0.00;0.50;0.042;-1.34;0.40;-1000.00;-1000.00
2508.255;1090;0.20;3.04;274.40;0.35;2.95;-90.00;-0.00;0.50;819;0;1;0;0.15;0.22;0.19;0.00;-0.01;0.02;0.01;-0.22;0.35;2.95;-90.00;-0.00;0.50;0.025;-1.34;0.40;-1000.00;-1000.00
2508.375;1099;0.20;3.02;273.62;0.35;2.95;-90.00;-0.00;0.50;819;0;1;0;0.19;0.24;0.21;-0.00;-0.01;0.01;0.01;-0.11;0.35;2.95;-90.00;-0.00;0.50;0.036;-1.34;0.40;-1000.00;-1000.00
2508.455;1109;0.20;3.00;273.20;0.35;2.95;-90.00;-0.00;0.50;819;0;1;0;0.21;0.26;0.23;-0.01;-0.01;0.03;0.03;-0.05;0.35;2.95;-90.00;-0.00;0.50;0.019;-1.34;0.40;-1000.00;-1000.00
2508.555;1118;0.20;2.98;273.27;0.35;2.95;-90.00;-0.00;0.50;819;0;1;0;0.20;0.27;0.24;-0.01;-0.01;-0.02;-0.03;0.04;0.35;2.95;-90.00;-0.00;0.50;0.022;-1.34;0.40;-1000.00;-1000.00
2508.665;1128;0.20;2.95;273.41;0.35;2.95;-90.00;-0.00;0.50;819;0;1;0;0.19;0.28;0.26;-0.00;-0.01;-0.01;-0.02;0.04;0.35;2.95;-90.00;-0.00;0.50;0.039;-1.34;0.40;-1000.00;-1000.00
2508.755;1139;0.20;2.92;273.57;0.35;2.95;-90.00;-0.00;0.50;819;0;1;0;0.18;0.29;0.27;-0.00;-0.01;-0.01;-0.02;0.03;0.35;2.93;-90.00;-0.00;0.50;0.022;-1.34;0.40;-1000.00;-1000.00
2508.855;1147;0.20;2.90;273.60;0.35;2.95;-90.00;-0.00;0.50;819;0;1;0;0.18;0.30;0.29;0.00;-0.01;0.04;0.02;-0.02;0.35;2.90;-90.00;-0.00;0.50;0.020;-1.34;0.40;-1000.00;-1000.00
2508.965;1162;0.21;2.86;273.77;0.35;2.95;-90.00;-0.00;0.50;819;0;1;0;0.16;0.31;0.29;-0.01;-0.01;-0.02;-0.02;0.03;0.35;2.88;-90.00;-0.00;0.50;0.028;-1.34;0.40;-1000.00;-1000.00
2509.055;1170;0.21;2.83;273.79;0.35;2.95;-90.00;-0.00;0.50;819;0;1;0;0.16;0.32;0.30;-0.00;-0.01;-0.01;-0.02;0.02;0.35;2.84;-90.00;-0.00;0.50;0.024;-1.34;0.40;-1000.00;-1000.00
2509.155;1181;0.21;2.80;273.82;0.35;2.95;-90.00;-0.00;0.50;819;0;1;0;0.15;0.32;0.30;-0.00;-0.01;-0.01;-0.02;0.02;0.35;2.82;-90.00;-0.00;0.50;0.028;-1.34;0.40;-1000.00;-1000.00
2509.265;1189;0.21;2.78;273.84;0.35;2.95;-90.00;-0.00;0.50;819;0;1;0;0.15;0.33;0.31;-0.00;-0.01;-0.01;-0.02;0.01;0.35;2.78;-90.00;-0.00;0.50;0.030;-1.34;0.40;-1000.00;-1000.00
2509.355;1198;0.21;2.75;273.86;0.35;2.95;-90.00;-0.00;0.50;819;0;1;0;0.15;0.34;0.32;-0.00;-0.01;-0.01;-0.02;0.01;0.35;2.75;-90.00;-0.00;0.50;0.020;-1.34;0.40;-1000.00;-1000.00
2509.465;1208;0.21;2.72;273.82;0.35;2.95;-90.00;-0.00;0.50;819;0;1;0;0.14;0.35;0.34;0.00;-0.01;0.05;0.04;-0.03;0.35;2.72;-90.00;-0.00;0.50;0.034;-1.34;0.40;-1000.00;-1000.00
2509.555;1217;0.22;2.69;273.93;0.35;2.95;-90.00;-0.00;0.50;819;0;1;0;0.13;0.35;0.33;-0.01;-0.01;-0.03;-0.02;0.03;0.35;2.69;-90.00;-0.00;0.50;0.016;-1.34;0.40;-1000.00;-1000.00
2509.665;1231;0.22;2.64;273.95;0.35;2.95;-90.00;-0.00;0.50;819;0;1;0;0.12;0.36;0.34;-0.00;-0.01;-0.01;-0.02;0.01;0.35;2.65;-90.00;-0.00;0.50;0.031;-1.34;0.40;-1000.00;-1000.00
2509.755;1240;0.22;2.61;273.95;0.35;2.95;-90.00;-0.00;0.50;819;0;1;0;0.12;0.36;0.35;-0.00;-0.01;-0.02;-0.02;0.00;0.35;2.63;-90.00;-0.00;0.50;0.024;-1.34;0.40;-1000.00;-1000.00
2509.855;1250;0.22;2.57;273.93;0.35;2.95;-90.00;-0.00;0.50;819;0;1;0;0.12;0.37;0.35;-0.00;-0.01;-0.02;-0.02;0.00;0.35;2.59;-90.00;-0.00;0.50;0.021;-1.34;0.40;-1000.00;-1000.00
2509.955;1259;0.22;2.54;273.91;0.35;2.95;-90.00;-0.00;0.50;819;0;1;0;0.11;0.38;0.36;-0.00;-0.01;-0.02;-0.01;0.00;0.35;2.54;-90.00;-0.00;0.50;0.024;-1.34;0.40;-1000.00;-1000.00
2510.055;1269;0.23;2.51;273.89;0.35;2.95;-90.00;-0.00;0.50;819;0;1;0;0.11;0.38;0.36;-0.00;-0.01;-0.02;-0.01;0.00;0.35;2.51;-90.00;-0.00;0.50;0.021;-1.34;0.40;-1000.00;-1000.00
2510.165;1278;0.23;2.47;273.87;0.35;2.47;-90.00;-0.00;0.50;819;2;1;0;0.10;0.39;0.37;-0.00;-0.01;-0.02;-0.01;-0.00;0.35;2.47;-90.00;-0.00;0.50;0.025;-1.34;0.40;-1000.00;-1000.00
2510.245;1288;0.23;2.44;273.86;0.35;2.47;-90.00;-0.00;0.50;819;2;1;0;0.10;0.39;0.37;-0.00;-0.01;-0.02;-0.01;-0.00;0.35;2.43;-90.00;-0.00;0.50;0.008;-1.34;0.40;-1000.00;-1000.00
2510.345;1297;0.23;2.40;273.83;0.35;2.47;-90.00;-0.00;0.50;819;2;1;0;0.10;0.40;0.38;-0.00;-0.01;-0.02;-0.01;-0.00;0.35;2.40;-90.00;-0.00;0.50;0.013;-1.34;0.40;-1000.00;-1000.00
2510.455;1307;0.23;2.36;273.81;0.35;2.47;-90.00;-0.00;0.50;819;2;1;0;0.09;0.40;0.39;-0.00;-0.01;-0.02;-0.01;-0.00;0.35;2.36;-90.00;-0.00;0.50;0.020;-1.34;0.40;-1000.00;-1000.00
2510.545;1315;0.24;2.33;273.81;0.35;2.47;-90.00;-0.00;0.50;819;2;1;0;0.09;0.41;0.39;-0.00;-0.01;-0.02;-0.01;-0.00;0.35;2.34;-90.00;-0.00;0.50;0.013;-1.34;0.40;-1000.00;-1000.00
2510.665;1331;0.24;2.27;273.78;0.35;2.24;-90.00;-0.00;0.50;819;3;1;0;0.08;0.41;0.40;-0.00;-0.00;-0.02;-0.01;0.00;0.35;2.29;-90.00;-0.00;0.50;0.021;-1.34;0.40;-1000.00;-1000.00
2510.745;1339;0.24;2.24;273.74;0.35;2.24;-90.00;-0.00;0.50;819;3;1;0;0.08;0.41;0.40;-0.00;-0.00;-0.01;-0.01;-0.01;0.35;2.25;-90.00;-0.00;0.50;0.008;-1.34;0.40;-1000.00;-1000.00
2510.835;1349;0.24;2.20;273.72;0.35;2.24;-90.00;-0.00;0.50;819;3;1;0;0.07;0.42;0.40;-0.00;-0.00;-0.02;-0.01;-0.00;0.35;2.19;-90.00;-0.00;0.50;0.005;-1.34;0.40;-1000.00;-1000.00
2510.945;1358;0.25;2.16;273.68;0.35;2.24;-90.00;-0.00;0.50;819;3;1;0;0.07;0.42;0.41;-0.00;-0.00;-0.01;-0.01;-0.00;0.35;2.16;-90.00;-0.00;0.50;0.008;-1.34;0.40;-1000.00;-1000.00
2511.045;1367;0.25;2.13;273.60;0.35;2.00;-90.00;0.00;0.50;819;4;1;0;0.07;0.43;0.41;-0.00;-0.00;-0.01;-0.01;-0.01;0.35;2.12;-90.00;-0.00;0.50;0.008;-1.34;0.40;-1000.00;-1000.00
2511.135;1377;0.25;2.08;273.56;0.35;2.00;-90.00;0.00;0.50;819;4;1;0;0.06;0.43;0.41;-0.00;-0.00;-0.01;-0.01;-0.00;0.35;2.08;-90.00;-0.00;0.50;0.001;-1.34;0.40;-1000.00;-1000.00
2511.235;1386;0.25;2.05;273.52;0.35;2.00;-90.00;0.00;0.50;819;4;1;0;0.06;0.43;0.42;-0.00;-0.00;-0.01;-0.01;-0.01;0.35;2.05;-90.00;0.00;0.50;0.001;-1.34;0.40;-1000.00;-1000.00
2511.335;1396;0.26;2.00;273.48;0.35;2.00;-90.00;0.00;0.50;819;4;1;0;0.06;0.44;0.42;-0.00;-0.00;-0.01;-0.01;-0.01;0.35;2.00;-90.00;0.00;0.50;0.002;-1.34;0.40;-1000.00;-1000.00
2511.475;1411;0.26;1.94;273.40;0.35;1.75;-90.00;-0.00;0.50;256;0;1;0;0.05;0.44;0.43;-0.00;-0.00;-0.01;-0.01;-0.01;0.35;1.96;-90.00;0.00;0.50;0.044;-1.34;0.40;-1000.00;-1000.00
2511.555;1420;0.26;1.90;273.35;0.35;1.75;-90.00;-0.00;0.50;256;0;1;0;0.05;0.46;0.43;-0.00;-0.00;-0.00;-0.01;-0.01;0.35;1.75;-90.00;-0.00;0.50;0.022;-1.34;0.40;-1000.00;-1000.00
2511.665;1430;0.26;1.86;273.27;0.35;1.75;-90.00;-0.00;0.50;256;0;1;0;0.05;0.48;0.45;-0.00;-0.00;-0.00;-0.01;-0.01;0.35;1.75;-90.00;-0.00;0.50;0.023;-1.34;0.40;-1000.00;-1000.00
2511.755;1439;0.27;1.82;273.29;0.35;1.75;-90.00;-0.00;0.50;256;0;1;0;0.04;0.48;0.48;0.00;-0.00;0.02;0.00;0.04;0.35;1.75;-90.00;-0.00;0.50;0.019;-1.34;0.40;-1000.00;-1000.00
2511.865;1449;0.27;1.77;273.44;0.35;1.75;-90.00;-0.00;0.50;256;0;1;0;0.03;0.49;0.49;0.00;-0.00;0.01;-0.00;0.02;0.35;1.75;-90.00;-0.00;0.50;0.032;-1.34;0.40;-1000.00;-1000.00
2511.955;1458;0.27;1.72;273.44;0.35;1.51;-90.00;-0.00;0.50;256;1;1;0;0.02;0.49;0.49;-0.00;-0.00;0.01;-0.00;-0.01;0.35;1.73;-90.00;-0.00;0.50;0.018;-1.34;0.40;-1000.00;-1000.00
2512.045;1468;0.28;1.68;273.33;0.35;1.51;-90.00;-0.00;0.50;256;1;1;0;0.02;0.49;0.49;-0.00;-0.00;0.01;-0.00;-0.02;0.35;1.68;-90.00;-0.00;0.50;0.013;-1.34;0.40;-1000.00;-1000.00
2512.155;1477;0.28;1.63;273.23;0.35;1.51;-90.00;-0.00;0.50;256;1;1;0;0.02;0.49;0.49;-0.00;-0.00;0.00;-0.00;-0.02;0.35;1.63;-90.00;-0.00;0.50;0.018;-1.34;0.40;-1000.00;-1000.00
2512.245;1487;0.28;1.58;273.14;0.35;1.51;-90.00;-0.00;0.50;256;1;1;0;0.02;0.49;0.49;-0.00;-0.00;0.00;-0.00;-0.01;0.35;1.58;-90.00;-0.00;0.50;0.012;-1.34;0.40;-1000.00;-1000.00
2512.365;1502;0.28;1.51;273.02;0.35;1.51;-90.00;-0.00;0.50;256;1;1;0;0.01;0.49;0.49;-0.00;-0.00;0.00;-0.00;-0.01;0.35;1.53;-90.00;-0.00;0.50;0.034;-1.34;0.40;-1000.00;-1000.00
2512.455;1510;0.29;1.47;272.95;0.35;1.27;-90.00;-0.00;0.50;256;2;1;0;0.01;0.49;0.49;-0.00;-0.00;0.00;-0.00;-0.02;0.35;1.49;-90.00;-0.00;0.50;0.016;-1.34;0.40;-1000.00;-1000.00
2512.555;1521;0.29;1.42;272.86;0.35;1.27;-90.00;-0.00;0.50;256;2;1;0;0.01;0.48;0.49;-0.00;-0.00;0.00;-0.00;-0.01;0.35;1.45;-90.00;-0.00;0.50;0.027;-1.34;0.40;-1000.00;-1000.00
2512.645;1529;0.29;1.38;272.80;0.35;1.27;-90.00;-0.00;0.50;256;2;1;0;0.01;0.48;0.48;-0.00;-0.00;-0.00;-0.00;-0.01;0.35;1.40;-90.00;-0.00;0.50;0.011;-1.34;0.40;-1000.00;-1000.00
2512.755;1540;0.29;1.32;272.73;0.35;1.27;-90.00;-0.00;0.50;256;2;1;0;0.00;0.48;0.48;-0.00;-0.00;0.00;-0.00;-0.01;0.35;1.33;-90.00;-0.00;0.50;0.020;-1.34;0.40;-1000.00;-1000.00
2512.855;1549;0.29;1.28;272.68;0.35;1.27;-90.00;-0.00;0.50;256;2;1;0;0.00;0.48;0.48;-0.00;-0.00;0.00;-0.00;-0.01;0.35;1.28;-90.00;-0.00;0.50;0.019;-1.34;0.40;-1000.00;-1000.00
2512.945;1559;0.30;1.23;272.61;0.35;1.04;-90.00;-0.00;0.50;256;3;1;0;-0.00;0.48;0.48;-0.00;-0.00;0.00;-0.00;-0.01;0.35;1.23;-90.00;-0.00;0.50;0.008;-1.34;0.40;-1000.00;-1000.00
2513.045;1567;0.30;1.19;272.56;0.35;1.04;-90.00;-0.00;0.50;256;3;1;0;-0.00;0.48;0.48;-0.00;-0.00;0.00;-0.00;-0.01;0.35;1.20;-90.00;-0.00;0.50;0.009;-1.34;0.40;-1000.00;-1000.00
2513.145;1578;0.30;1.14;272.49;0.35;1.04;-90.00;-0.00;0.50;256;3;1;0;-0.00;0.49;0.49;-0.00;-0.00;0.00;-0.00;-0.01;0.35;1.14;-90.00;-0.00;0.50;0.010;-1.34;0.40;-1000.00;-1000.00
2513.235;1587;0.30;1.10;272.44;0.35;1.04;-90.00;-0.00;0.50;256;3;1;0;-0.01;0.49;0.49;-0.00;-0.00;0.00;-0.00;-0.01;0.35;1.10;-90.00;-0.00;0.50;0.005;-1.34;0.40;-1000.00;-1000.00
2513.345;1597;0.31;1.05;272.38;0.35;1.04;-90.00;-0.00;0.50;256;3;1;0;-0.01;0.49;0.49;0.00;-0.00;0.00;-0.00;-0.01;0.35;1.05;-90.00;-0.00;0.50;0.010;-1.34;0.40;-1000.00;-1000.00
2513.435;1605;0.31;1.01;272.33;0.35;0.80;-90.00;0.00;0.50;256;4;1;0;-0.01;0.49;0.49;0.00;-0.00;0.00;-0.00;-0.01;0.35;1.00;-90.00;-0.00;0.50;0.004;-1.34;0.40;-1000.00;-1000.00
2513.535;1616;0.31;0.96;272.26;0.35;0.80;-90.00;0.00;0.50;256;4;1;0;-0.01;0.49;0.49;0.00;-0.00;0.00;-0.00;-0.01;0.35;0.96;-90.00;-0.00;0.50;0.001;-1.34;0.40;-1000.00;-1000.00
2513.635;1629;0.31;0.89;272.18;0.35;0.80;-90.00;0.00;0.50;256;4;1;0;-0.01;0.49;0.49;0.00;-0.00;0.00;-0.00;-0.01;0.35;0.90;-90.00;-0.00;0.50;0.002;-1.34;0.40;-1000.00;-1000.00
2513.735;1635;0.31;0.86;272.14;0.35;0.80;-90.00;0.00;0.50;256;4;1;0;-0.01;0.49;0.49;0.00;-0.00;0.00;-0.00;-0.01;0.35;0.86;-90.00;0.00;0.50;0.001;-1.34;0.40;-1000.00;-1000.00
2513.875;1653;0.32;0.78;272.05;0.35;0.44;-95.04;-0.49;0.50;846;1;1;6;-0.02;0.49;0.49;-0.00;-0.00;0.00;-0.00;-0.01;0.35;0.80;-90.00;0.00;0.50;0.030;-1.34;0.40;-1000.00;-1000.00
2513.945;1658;0.32;0.75;272.03;0.35;0.44;-95.04;-0.49;0.50;846;1;1;6;0.28;0.50;0.49;0.00;-0.00;0.00;-0.00;-0.01;0.35;0.55;-90.00;-0.05;0.05;0.018;-1.34;0.40;-1000.00;-1000.00
2514.065;1671;0.32;0.69;274.64;0.29;0.23;-116.21;-0.75;0.50;846;2;1;6;0.06;0.50;0.49;-0.02;-0.01;-0.03;-0.02;0.51;0.35;0.55;-90.00;-0.05;0.05;0.025;-1.34;0.40;-1000.00;-1000.00
2514.135;1677;0.32;0.66;275.53;0.29;0.23;-116.21;-0.75;0.50;846;2;1;6;0.07;0.49;0.50;0.00;-0.01;-0.06;-0.04;0.02;0.35;0.55;-90.00;-0.05;0.05;0.007;-1.34;0.40;-1000.00;-1000.00
2514.255;1690;0.33;0.60;275.27;0.29;0.23;-116.21;-0.75;0.50;846;2;1;6;-0.11;0.48;0.48;-0.00;-0.01;-0.02;-0.02;-0.03;0.35;0.55;-90.00;-0.05;0.05;0.022;-1.34;0.40;-1000.00;-1000.00
2514.345;1700;0.33;0.55;273.84;0.29;0.23;-116.21;-0.75;0.50;846;2;1;6;-0.18;0.47;0.48;0.02;-0.01;-0.05;-0.03;-0.34;0.35;0.55;-90.00;-0.05;0.05;0.016;-1.34;0.40;-1000.00;-1000.00
2514.445;1708;0.33;0.51;272.34;0.16;0.07;-142.23;-0.70;0.50;846;3;1;6;-0.42;0.46;0.45;0.02;-0.00;-0.00;0.01;-0.31;0.35;0.51;-91.05;-0.29;0.30;0.009;-1.34;0.40;-1000.00;-1000.00
2514.545;1719;0.34;0.46;269.30;0.16;0.07;-142.23;-0.70;0.50;846;3;1;6;-0.58;0.46;0.46;0.02;-0.01;0.03;-0.02;-0.61;0.35;0.46;-93.75;-0.44;0.45;0.014;-1.34;0.40;-1000.00;-1000.00
2514.645;1727;0.34;0.42;265.83;0.16;0.07;-142.23;-0.70;0.50;846;3;1;6;-0.62;0.47;0.47;0.03;-0.00;-0.03;0.01;-0.98;0.34;0.42;-96.83;-0.52;0.50;0.010;-1.34;0.40;-1000.00;-1000.00
2514.735;1736;0.33;0.38;260.47;0.16;0.07;-142.23;-0.70;0.50;846;3;1;6;-0.57;0.47;0.45;-0.04;-0.07;0.46;-0.05;-1.06;0.34;0.39;-99.48;-0.56;0.50;0.005;-1.34;0.40;-1000.00;-1000.00
2514.845;1746;0.33;0.33;254.27;-0.04;-0.03;-163.22;-0.54;0.50;846;4;1;6;-0.56;0.47;0.47;0.03;-0.01;0.06;-0.07;-0.94;0.33;0.33;-104.46;-0.62;0.50;0.005;-1.34;0.40;-1000.00;-1000.00
2514.935;1759;0.31;0.27;248.63;-0.04;-0.03;-163.22;-0.54;0.50;846;4;1;6;-0.69;0.47;0.45;0.09;-0.02;-0.09;0.14;-0.91;0.31;0.27;-111.44;-0.70;0.50;0.001;-1.34;0.40;-1000.00;-1000.00
2515.035;1769;0.30;0.23;243.59;-0.04;-0.03;-163.22;-0.54;0.50;846;4;1;6;-0.73;0.47;0.53;0.05;-0.01;0.05;-0.11;-0.79;0.29;0.24;-115.38;-0.74;0.50;0.003;-1.34;0.40;-1000.00;-1000.00
2515.135;1778;0.28;0.18;238.58;-0.04;-0.03;-163.22;-0.54;0.50;846;4;1;6;-0.79;0.47;0.50;0.13;-0.02;-0.07;0.12;-1.16;0.27;0.19;-122.24;-0.74;0.50;0.001;-1.34;0.40;-1000.00;-1000.00
2515.235;1788;0.26;0.13;232.57;-0.04;-0.03;-163.22;-0.54;0.50;846;4;1;6;-0.79;0.48;0.57;0.10;-0.01;0.04;-0.11;-1.04;0.24;0.15;-128.92;-0.72;0.50;0.001;-1.34;0.40;-1000.00;-1000.00
2515.335;1796;0.24;0.09;226.70;-0.04;-0.03;-163.22;-0.54;0.50;846;4;1;6;-0.79;0.48;0.56;0.16;-0.01;-0.00;0.04;-1.35;0.21;0.11;-134.13;-0.71;0.50;0.004;-1.34;0.40;-1000.00;-1000.00
2515.445;1807;0.21;0.03;218.16;-0.25;-0.06;-179.43;-0.47;0.50;846;5;1;6;-0.72;0.48;0.55;0.21;-0.01;0.02;0.08;-1.35;0.17;0.08;-140.49;-0.70;0.50;0.003;-1.34;0.40;-1000.00;-1000.00
2515.535;1815;0.18;-0.01;212.13;-0.25;-0.06;-179.43;-0.47;0.50;846;5;1;6;-0.62;0.49;0.55;0.21;-0.01;0.02;-0.07;-1.27;0.14;0.06;-144.20;-0.68;0.50;0.001;-1.34;0.40;-1000.00;-1000.00
2515.635;1829;0.13;-0.06;202.49;-0.25;-0.06;-179.43;-0.47;0.50;846;5;1;6;-0.50;0.49;0.53;0.17;-0.01;0.01;0.04;-1.03;0.09;0.02;-151.13;-0.64;0.50;0.001;-1.34;0.40;-1000.00;-1000.00
2515.735;1838;0.09;-0.09;198.12;-0.25;-0.06;-179.43;-0.47;0.50;846;5;1;6;-0.49;0.49;0.52;0.11;-0.01;0.04;0.07;-0.86;0.05;0.00;-155.38;-0.60;0.50;0.002;-1.34;0.40;-1000.00;-1000.00
2515.835;1849;0.03;-0.11;193.71;-0.25;-0.06;-179.43;-0.47;0.50;846;5;1;6;-0.48;0.50;0.50;0.07;-0.01;0.02;0.05;-0.72;-0.00;-0.02;-160.29;-0.56;0.50;0.001;-1.34;0.40;-1000.00;-1000.00
2515.945;1857;-0.00;-0.13;190.92;-0.25;-0.06;-179.43;-0.47;0.50;472;5;0;9;-0.46;0.50;0.54;0.09;-0.09;-0.36;0.11;-0.62;-0.03;-0.03;-163.04;-0.54;0.50;0.015;-1.34;0.40;-1000.00;-1000.00
2516.035;1867;-0.05;-0.14;186.63;-0.25;-0.06;-179.43;-0.47;0.50;472;5;0;9;-0.46;0.50;0.49;0.03;-0.01;0.09;0.17;-0.75;-0.25;-0.05;180.00;-0.05;0.05;0.001;-1.34;0.40;-1000.00;-1000.00
2516.135;1877;-0.09;-0.14;184.53;-0.25;-0.06;-179.43;-0.47;0.50;472;5;0;9;-0.46;0.50;0.15;0.10;-0.05;-0.30;-0.10;0.20;-0.25;-0.05;180.00;-0.05;0.05;0.001;-1.34;0.40;-1000.00;-1000.00
2516.235;1885;-0.09;-0.15;185.07;-0.25;-0.06;-179.43;-0.47;0.50;472;5;0;9;-0.46;0.50;-0.01;0.03;-0.00;-0.01;-0.07;0.14;-0.25;-0.05;180.00;-0.05;0.05;0.001;-1.34;0.40;-1000.00;-1000.00
2516.335;1896;-0.09;-0.15;185.60;-0.25;-0.06;-179.43;-0.47;0.50;472;5;0;9;-0.46;0.50;-0.00;-0.01;-0.00;0.01;0.02;0.04;-0.25;-0.05;180.00;-0.05;0.05;0.001;-1.34;0.40;-1000.00;-1000.00
2516.435;1909;-0.09;-0.15;185.71;-0.25;-0.06;-179.43;-0.47;0.50;472;5;0;9;-0.46;0.50;0.00;0.00;0.00;0.00;-0.00;0.01;-0.25;-0.05;180.00;-0.05;0.05;0.003;-1.34;0.40;-1000.00;-1000.00
2516.535;1919;-0.09;-0.15;185.77;-0.25;-0.06;-179.43;-0.47;0.50;472;5;0;9;-0.46;0.50;0.00;0.00;-0.00;0.00;-0.00;0.01;-0.25;-0.05;180.00;-0.05;0.05;0.001;-1.34;0.40;-1000.00;-1000.00
2516.635;1929;-0.09;-0.15;185.80;-0.25;-0.06;-179.43;-0.47;0.50;472;5;0;9;-0.46;0.50;0.00;-0.00;-0.00;0.00;-0.00;0.01;-0.25;-0.05;180.00;-0.05;0.05;0.001;-1.34;0.40;-1000.00;-1000.00
2516.735;1935;-0.09;-0.15;185.82;-0.25;-0.06;-179.43;-0.47;0.50;472;5;0;9;-0.46;0.50;0.00;0.00;-0.00;0.00;-0.00;0.00;-0.25;-0.05;180.00;-0.05;0.05;0.001;-1.34;0.40;-1000.00;-1000.00
2516.835;1948;-0.09;-0.15;185.84;-0.25;-0.06;-179.43;-0.47;0.50;472;5;0;9;-0.46;0.50;0.00;0.00;-0.00;0.00;-0.00;0.00;-0.25;-0.05;180.00;-0.05;0.05;0.001;-1.34;0.40;-1000.00;-1000.00
2516.935;1958;-0.09;-0.15;185.85;-0.25;-0.06;-179.43;-0.47;0.50;472;5;0;9;-0.46;0.50;0.00;0.00;-0.00;0.00;-0.00;0.00;-0.25;-0.05;180.00;-0.05;0.05;0.001;-1.34;0.40;-1000.00;-1000.00
2517.035;1967;-0.09;-0.15;185.86;-0.25;-0.06;-179.43;-0.47;0.50;472;5;0;9;-0.46;0.50;0.00;0.00;-0.00;0.00;-0.00;0.00;-0.25;-0.05;180.00;-0.05;0.05;0.003;-1.34;0.40;-1000.00;-1000.00
2517.135;1977;-0.09;-0.15;185.87;-0.25;-0.06;-179.43;-0.47;0.50;472;5;0;9;-0.46;0.50;0.00;0.00;-0.00;0.00;-0.00;0.00;-0.25;-0.05;180.00;-0.05;0.05;0.001;-1.34;0.40;-1000.00;-1000.00
2517.235;1986;-0.09;-0.15;185.87;-0.25;-0.06;-179.43;-0.47;0.50;472;5;0;9;-0.46;0.50;0.00;0.00;-0.00;0.00;-0.00;0.00;-0.25;-0.05;180.00;-0.05;0.05;0.002;-1.34;0.40;-1000.00;-1000.00
2517.335;1996;-0.09;-0.15;185.87;-0.25;-0.06;-179.43;-0.47;0.50;472;5;0;9;-0.46;0.50;0.00;0.00;-0.00;0.00;-0.00;0.00;-0.25;-0.05;180.00;-0.05;0.05;0.002;-1.34;0.40;-1000.00;-1000.00
2517.445;2010;-0.09;-0.15;185.87;0.05;-0.05;180.00;-0.00;0.50;1116;0;1;0;-0.46;0.50;0.00;0.00;-0.00;0.00;-0.00;0.00;-0.25;-0.05;180.00;-0.05;0.05;0.001;-1.34;0.40;-1000.00;-1000.00
2517.555;2019;-0.09;-0.15;185.87;0.05;-0.05;180.00;-0.00;0.50;1116;0;0;0;-0.46;0.50;0.00;0.00;-0.00;0.00;-0.00;0.00;-0.09;-0.05;180.00;-0.00;0.50;0.020;-1.34;0.40;-1000.00;-1000.00
2517.655;2028;-0.09;-0.15;185.88;0.05;-0.05;180.00;-0.00;0.50;1116;0;0;0;-0.46;0.50;0.00;0.00;-0.00;0.00;-0.00;0.00;-0.09;-0.05;180.00;-0.00;0.50;0.019;-1.35;0.40;-1000.00;-1000.00
2517.745;2038;-0.09;-0.15;185.88;0.05;-0.05;180.00;-0.00;0.50;1116;0;0;0;-0.46;0.50;0.00;0.00;-0.00;0.00;-0.00;0.00;-0.09;-0.05;180.00;-0.00;0.50;0.016;-1.35;0.40;-1000.00;-1000.00
2517.845;2047;-0.09;-0.15;185.88;0.05;-0.05;180.00;-0.00;0.50;1116;0;0;0;-0.46;0.50;0.00;0.00;-0.00;0.00;-0.00;0.00;-0.09;-0.05;180.00;-0.00;0.50;0.018;-1.35;0.40;-1000.00;-1000.00
2517.945;2057;-0.09;-0.15;185.88;0.05;-0.05;180.00;-0.00;0.50;1116;0;0;0;-0.46;0.50;0.00;0.00;-0.00;0.00;-0.00;0.00;-0.09;-0.05;180.00;-0.00;0.50;0.017;-1.35;0.40;-1000.00;-1000.00
2518.075;2070;-0.09;-0.15;185.88;0.05;-0.05;180.00;-0.00;0.50;1116;0;0;0;-0.46;0.50;0.00;0.00;-0.00;0.00;-0.00;0.00;-0.09;-0.05;180.00;-0.00;0.50;0.043;-1.35;0.40;-1000.00;-1000.00
2518.165;2080;-0.09;-0.15;185.88;0.05;-0.05;180.00;-0.00;0.50;1116;0;0;0;-0.46;0.50;0.00;0.00;-0.00;0.00;-0.00;0.00;-0.09;-0.05;180.00;-0.00;0.50;0.029;-1.35;0.40;-1000.00;-1000.00
2518.255;2089;-0.09;-0.15;185.88;0.05;-0.05;180.00;-0.00;0.50;1116;0;0;0;-0.46;0.50;0.00;0.00;-0.00;0.00;-0.00;0.00;-0.09;-0.05;180.00;-0.00;0.50;0.017;-1.35;0.40;-1000.00;-1000.00
2518.345;2099;-0.09;-0.15;185.88;0.05;-0.05;180.00;-0.00;0.50;1116;0;0;0;-0.46;0.50;0.00;0.00;-0.00;0.00;-0.00;0.00;-0.09;-0.05;180.00;-0.00;0.50;0.015;-1.35;0.40;-1000.00;-1000.00
2518.445;2108;-0.09;-0.15;185.88;0.05;-0.05;180.00;-0.00;0.50;1116;0;0;0;-0.46;0.50;0.00;0.00;-0.00;0.00;-0.00;0.00;-0.09;-0.05;180.00;-0.00;0.50;0.016;-1.35;0.40;-1000.00;-1000.00
2518.565;2118;-0.09;-0.15;185.88;0.05;-0.05;180.00;-0.00;0.50;1116;0;0;0;-0.46;0.50;0.00;0.00;-0.00;0.00;-0.00;0.00;-0.09;-0.05;180.00;-0.00;0.50;0.033;-1.35;0.40;-1000.00;-1000.00
2518.665;2132;-0.09;-0.15;185.88;0.05;-0.05;180.00;-0.00;0.50;1116;0;0;0;-0.46;0.50;0.00;0.00;-0.00;0.00;-0.00;0.00;-0.09;-0.05;180.00;-0.00;0.50;0.029;-1.35;0.40;-1000.00;-1000.00
2518.765;2141;-0.09;-0.15;185.88;0.05;-0.05;180.00;-0.00;0.50;1116;0;0;0;-0.46;0.50;0.00;0.00;-0.00;0.00;-0.00;0.00;-0.09;-0.05;180.00;-0.00;0.50;0.032;-1.35;0.40;-1000.00;-1000.00
2518.855;2150;-0.09;-0.15;185.88;0.05;-0.05;180.00;-0.00;0.50;1116;0;0;0;-0.46;0.50;0.00;0.00;-0.00;0.00;-0.00;0.00;-0.09;-0.05;180.00;-0.00;0.50;0.024;-1.35;0.40;-1000.00;-1000.00
2518.955;2160;-0.09;-0.15;185.88;0.05;-0.05;180.00;-0.00;0.50;1116;0;0;0;-0.46;0.50;0.00;0.00;-0.00;0.00;-0.00;0.00;-0.09;-0.05;180.00;-0.00;0.50;0.021;-1.35;0.40;-1000.00;-1000.00
2519.055;2169;-0.09;-0.15;185.88;0.05;-0.05;180.00;-0.00;0.50;1116;0;0;0;-0.46;0.50;0.00;0.00;-0.00;0.00;-0.00;0.00;-0.09;-0.05;180.00;-0.00;0.50;0.025;-1.35;0.40;-1000.00;-1000.00
2519.155;2179;-0.09;-0.15;185.88;0.05;-0.05;180.00;-0.00;0.50;1116;0;0;0;-0.46;0.50;0.00;0.00;-0.00;0.00;-0.00;0.00;-0.09;-0.05;180.00;-0.00;0.50;0.027;-1.35;0.40;-1000.00;-1000.00
2519.255;2187;-0.09;-0.15;185.88;0.05;-0.05;180.00;-0.00;0.50;1116;0;0;0;-0.46;0.50;0.00;0.00;-0.00;0.00;-0.00;0.00;-0.09;-0.05;180.00;-0.00;0.50;0.016;-1.35;0.40;-1000.00;-1000.00
2519.345;2198;-0.09;-0.15;185.88;0.05;-0.05;180.00;-0.00;0.50;1116;0;0;0;-0.46;0.50;0.00;0.00;-0.00;0.00;-0.00;0.00;-0.09;-0.05;180.00;-0.00;0.50;0.017;-1.35;0.40;-1000.00;-1000.00
2519.475;2213;-0.09;-0.15;185.88;0.05;-0.05;180.00;-0.00;0.50;1116;0;1;0;-0.46;0.50;0.00;0.00;-0.00;0.00;-0.00;0.00;-0.09;-0.05;180.00;-0.00;0.50;0.028;-1.35;0.40;-1000.00;-1000.00
2519.545;2217;-0.09;-0.15;185.88;0.05;-0.05;180.00;-0.00;0.50;1116;0;0;0;-0.46;0.50;0.00;0.00;-0.00;0.00;-0.00;0.00;-0.09;-0.05;180.00;-0.00;0.50;0.013;-1.35;0.40;-1000.00;-1000.00
2519.655;2230;-0.09;-0.15;185.88;0.05;-0.05;180.00;-0.00;0.50;1116;0;0;0;-0.46;0.50;0.00;0.00;-0.00;0.00;-0.00;0.00;-0.09;-0.05;180.00;-0.00;0.50;0.021;-1.35;0.40;-1000.00;-1000.00
2519.765;2240;-0.09;-0.15;185.88;0.05;-0.05;180.00;-0.00;0.50;1116;0;0;0;-0.46;0.50;0.00;0.00;-0.00;0.00;-0.00;0.00;-0.09;-0.05;180.00;-0.00;0.50;0.025;-1.35;0.40;-1000.00;-1000.00
2519.865;2249;-0.09;-0.15;185.88;0.05;-0.05;180.00;-0.00;0.50;1116;0;0;0;-0.46;0.50;0.00;0.00;-0.00;0.00;-0.00;0.00;-0.09;-0.05;180.00;-0.00;0.50;0.030;-1.35;0.40;-1000.00;-1000.00
2519.955;2259;-0.09;-0.15;185.88;0.05;-0.05;180.00;-0.00;0.50;1116;0;0;0;-0.46;0.50;0.00;0.00;-0.00;0.00;-0.00;0.00;-0.09;-0.05;180.00;-0.00;0.50;0.018;-1.35;0.40;-1000.00;-1000.00
2520.055;2267;-0.09;-0.15;185.88;0.05;-0.05;180.00;-0.00;0.50;1116;0;0;0;-0.46;0.50;0.00;0.00;-0.00;0.00;-0.00;0.00;-0.09;-0.05;180.00;-0.00;0.50;0.017;-1.35;0.40;-1000.00;-1000.00
2520.145;2278;-0.09;-0.15;185.88;0.05;-0.05;180.00;-0.00;0.50;1116;0;0;0;-0.46;0.50;0.00;0.00;-0.00;0.00;-0.00;0.00;-0.09;-0.05;180.00;-0.00;0.50;0.015;-1.35;0.40;-1000.00;-1000.00
2520.255;2290;-0.09;-0.15;185.88;0.05;-0.05;180.00;-0.00;0.50;1116;0;0;0;-0.46;0.50;0.00;0.00;-0.00;0.00;-0.00;0.00;-0.09;-0.05;180.00;-0.00;0.50;0.022;-1.35;0.40;-1000.00;-1000.00
2520.365;2301;-0.09;-0.15;185.88;0.05;-0.05;180.00;-0.00;0.50;1116;0;0;0;-0.46;0.50;0.00;0.00;-0.00;0.00;-0.00;0.00;-0.09;-0.05;180.00;-0.00;0.50;0.022;-1.35;0.40;-1000.00;-1000.00
2520.455;2309;-0.09;-0.15;185.88;0.05;-0.05;180.00;-0.00;0.50;1116;0;0;0;-0.46;0.50;0.00;0.00;-0.00;0.00;-0.00;0.00;-0.09;-0.05;180.00;-0.00;0.50;0.016;-1.35;0.40;-1000.00;-1000.00
2520.555;2319;-0.09;-0.15;185.88;0.05;-0.05;180.00;-0.00;0.50;1116;0;0;0;-0.46;0.50;0.00;0.00;-0.00;0.00;-0.00;0.00;-0.09;-0.05;180.00;-0.00;0.50;0.017;-1.35;0.40;-1000.00;-1000.00
2520.665;2332;-0.09;-0.15;185.88;0.05;-0.05;180.00;-0.00;0.50;1116;0;0;0;-0.46;0.50;0.00;0.00;-0.00;0.00;-0.00;0.00;-0.09;-0.05;180.00;-0.00;0.50;0.031;-1.35;0.40;-1000.00;-1000.00
2520.745;2338;-0.09;-0.15;185.88;0.05;-0.05;180.00;-0.00;0.50;1116;0;0;0;-0.46;0.50;0.00;0.00;-0.00;0.00;-0.00;0.00;-0.09;-0.05;180.00;-0.00;0.50;0.014;-1.35;0.40;-1000.00;-1000.00
2520.865;2350;-0.09;-0.15;185.89;0.05;-0.05;180.00;-0.00;0.50;1116;0;0;0;-0.46;0.50;0.00;0.00;-0.00;0.00;-0.00;0.00;-0.09;-0.05;180.00;-0.00;0.50;0.035;-1.35;0.40;-1000.00;-1000.00
2520.955;2361;-0.09;-0.15;185.89;0.05;-0.05;180.00;-0.00;0.50;1116;0;0;0;-0.46;0.50;0.00;0.00;-0.00;0.00;-0.00;0.00;-0.09;-0.05;180.00;-0.00;0.50;0.018;-1.35;0.40;-1000.00;-1000.00
2521.065;2369;-0.09;-0.15;185.89;0.05;-0.05;180.00;-0.00;0.50;1116;0;0;0;-0.46;0.50;0.00;0.00;-0.00;0.00;-0.00;0.00;-0.09;-0.05;180.00;-0.00;0.50;0.030;-1.35;0.40;-1000.00;-1000.00
2521.145;2380;-0.09;-0.15;185.89;0.05;-0.05;180.00;-0.00;0.50;1116;0;0;0;-0.46;0.50;0.00;0.00;-0.00;0.00;-0.00;0.00;-0.09;-0.05;180.00;-0.00;0.50;0.015;-1.35;0.40;-1000.00;-1000.00
2521.255;2388;-0.09;-0.15;185.89;0.05;-0.05;180.00;-0.00;0.50;1116;0;0;0;-0.46;0.50;0.00;0.00;-0.00;0.00;-0.00;0.00;-0.09;-0.05;180.00;-0.00;0.50;0.018;-1.35;0.40;-1000.00;-1000.00
2521.355;2397;-0.09;-0.15;185.89;0.05;-0.05;180.00;-0.00;0.50;1116;0;0;0;-0.46;0.50;0.00;0.00;-0.00;0.00;-0.00;0.00;-0.09;-0.05;180.00;-0.00;0.50;0.024;-1.35;0.40;-1000.00;-1000.00
2521.495;2412;-0.09;-0.15;185.89;0.05;-0.05;180.00;-0.00;0.50;1116;0;1;0;-0.46;0.50;0.00;0.00;-0.00;0.00;-0.00;0.00;-0.09;-0.05;180.00;-0.00;0.50;0.027;-1.35;0.41;-1000.00;-1000.00
2521.555;2416;-0.09;-0.15;185.89;0.05;-0.05;180.00;-0.00;0.50;1116;0;0;0;-0.46;0.50;0.00;0.00;-0.00;0.00;-0.00;0.00;-0.09;-0.05;180.00;-0.00;0.50;0.015;-1.35;0.41;-1000.00;-1000.00
2521.665;2431;-0.09;-0.15;185.89;0.05;-0.05;180.00;-0.00;0.50;1116;0;0;0;-0.46;0.50;0.00;0.00;-0.00;0.00;-0.00;0.00;-0.09;-0.05;180.00;-0.00;0.50;0.027;-1.35;0.41;-1000.00;-1000.00
2521.755;2440;-0.09;-0.15;185.89;0.05;-0.05;180.00;-0.00;0.50;1116;0;0;0;-0.46;0.50;0.00;0.00;-0.00;0.00;-0.00;0.00;-0.09;-0.05;180.00;-0.00;0.50;0.027;-1.35;0.41;-1000.00;-1000.00
2521.855;2450;-0.09;-0.15;185.89;0.05;-0.05;180.00;-0.00;0.50;1116;0;0;0;-0.46;0.50;0.00;0.00;-0.00;0.00;-0.00;0.00;-0.09;-0.05;180.00;-0.00;0.50;0.025;-1.35;0.41;-1000.00;-1000.00
2521.955;2459;-0.09;-0.15;185.89;0.05;-0.05;180.00;-0.00;0.50;1116;0;0;0;-0.46;0.50;0.00;0.00;-0.00;0.00;-0.00;0.00;-0.09;-0.05;180.00;-0.00;0.50;0.021;-1.35;0.41;-1000.00;-1000.00
2522.055;2469;-0.10;-0.15;185.89;0.05;-0.05;180.00;-0.00;0.50;1116;0;0;0;-0.46;0.50;0.00;0.00;-0.00;0.00;-0.00;0.00;-0.09;-0.05;180.00;-0.00;0.50;0.016;-1.35;0.41;-1000.00;-1000.00
2522.165;2478;-0.10;-0.15;185.89;0.05;-0.05;180.00;-0.00;0.50;1116;0;0;0;-0.46;0.50;0.00;0.00;-0.00;0.00;-0.00;0.00;-0.09;-0.05;180.00;-0.00;0.50;0.029;-1.35;0.41;-1000.00;-1000.00
2522.245;2488;-0.10;-0.15;185.89;0.05;-0.05;180.00;-0.00;0.50;1116;0;0;0;-0.46;0.50;0.00;0.00;-0.00;0.00;-0.00;0.00;-0.09;-0.05;180.00;-0.00;0.50;0.015;-1.35;0.41;-1000.00;-1000.00
2522.345;2496;-0.10;-0.15;185.89;0.05;-0.05;180.00;-0.00;0.50;1116;0;0;0;-0.46;0.50;0.00;0.00;-0.00;0.00;-0.00;0.00;-0.09;-0.05;180.00;-0.00;0.50;0.016;-1.35;0.41;-1000.00;-1000.00
2522.455;2511;-0.10;-0.15;185.89;0.05;-0.05;180.00;-0.00;0.50;1116;0;0;0;-0.46;0.50;0.00;0.00;-0.00;0.00;-0.00;0.00;-0.09;-0.05;180.00;-0.00;0.50;0.019;-1.35;0.41;-1000.00;-1000.00
2522.555;2520;-0.10;-0.15;185.89;0.05;-0.05;180.00;-0.00;0.50;1116;0;0;0;-0.46;0.50;0.00;0.00;-0.00;0.00;-0.00;0.00;-0.09;-0.05;180.00;-0.00;0.50;0.021;-1.35;0.41;-1000.00;-1000.00
2522.655;2530;-0.10;-0.15;185.89;0.05;-0.05;180.00;-0.00;0.50;1116;0;0;0;-0.46;0.50;0.00;0.00;-0.00;0.00;-0.00;0.00;-0.09;-0.05;180.00;-0.00;0.50;0.016;-1.35;0.41;-1000.00;-1000.00
2522.745;2538;-0.10;-0.15;185.89;0.05;-0.05;180.00;-0.00;0.50;1116;0;0;0;-0.46;0.50;0.00;0.00;-0.00;0.00;-0.00;0.00;-0.09;-0.05;180.00;-0.00;0.50;0.014;-1.35;0.41;-1000.00;-1000.00
2522.855;2549;-0.10;-0.15;185.89;0.05;-0.05;180.00;-0.00;0.50;1116;0;0;0;-0.46;0.50;0.00;0.00;-0.00;0.00;-0.00;0.00;-0.09;-0.05;180.00;-0.00;0.50;0.017;-1.35;0.41;-1000.00;-1000.00
2522.945;2557;-0.10;-0.15;185.89;0.05;-0.05;180.00;-0.00;0.50;1116;0;0;0;-0.46;0.50;0.00;0.00;-0.00;0.00;-0.00;0.00;-0.09;-0.05;180.00;-0.00;0.50;0.015;-1.35;0.41;-1000.00;-1000.00
2523.045;2568;-0.10;-0.15;185.89;0.05;-0.05;180.00;-0.00;0.50;1116;0;0;0;-0.46;0.50;0.00;0.00;-0.00;0.00;-0.00;0.00;-0.09;-0.05;180.00;-0.00;0.50;0.015;-1.35;0.41;-1000.00;-1000.00
2523.165;2580;-0.10;-0.15;185.89;0.05;-0.05;180.00;-0.00;0.50;1116;0;0;0;-0.46;0.50;0.00;0.00;-0.00;0.00;-0.00;0.00;-0.09;-0.05;180.00;-0.00;0.50;0.035;-1.35;0.41;-1000.00;-1000.00
2523.275;2591;-0.10;-0.15;185.89;0.05;-0.05;180.00;-0.00;0.50;1116;0;0;0;-0.46;0.50;0.00;0.00;-0.00;0.00;-0.00;0.00;-0.09;-0.05;180.00;-0.00;0.50;0.036;-1.35;0.41;-1000.00;-1000.00
2523.365;2599;-0.10;-0.15;185.89;0.05;-0.05;180.00;-0.00;0.50;1116;0;0;0;-0.46;0.50;0.00;0.00;-0.00;0.00;-0.00;0.00;-0.09;-0.05;180.00;-0.00;0.50;0.021;-1.35;0.41;-1000.00;-1000.00
2523.475;2610;-0.10;-0.15;185.89;0.05;-0.05;180.00;-0.00;0.50;1116;0;1;0;-0.46;0.50;0.00;0.00;-0.00;0.00;-0.00;0.00;-0.09;-0.05;180.00;-0.00;0.50;0.021;-1.35;0.41;-1000.00;-1000.00
2523.555;2618;-0.10;-0.15;185.89;0.05;-0.05;180.00;-0.00;0.50;1116;0;0;0;-0.46;0.50;0.00;0.00;-0.00;0.00;-0.00;0.00;-0.09;-0.05;180.00;-0.00;0.50;0.017;-1.35;0.41;-1000.00;-1000.00
2523.645;2629;-0.10;-0.15;185.89;0.05;-0.05;180.00;-0.00;0.50;1116;0;0;0;-0.46;0.50;0.00;0.00;-0.00;0.00;-0.00;0.00;-0.09;-0.05;180.00;-0.00;0.50;0.016;-1.35;0.41;-1000.00;-1000.00
2523.755;2637;-0.10;-0.15;185.89;0.05;-0.05;180.00;-0.00;0.50;1116;0;0;0;-0.46;0.50;0.00;0.00;-0.00;0.00;-0.00;0.00;-0.09;-0.05;180.00;-0.00;0.50;0.016;-1.35;0.41;-1000.00;-1000.00
2523.855;2648;-0.10;-0.15;185.89;0.05;-0.05;180.00;-0.00;0.50;1116;0;0;0;-0.46;0.50;0.00;0.00;-0.00;0.00;-0.00;0.00;-0.09;-0.05;180.00;-0.00;0.50;0.019;-1.35;0.41;-1000.00;-1000.00
2523.945;2656;-0.10;-0.15;185.89;0.05;-0.05;180.00;-0.00;0.50;1116;0;0;0;-0.46;0.50;0.00;0.00;-0.00;0.00;-0.00;0.00;-0.09;-0.05;180.00;-0.00;0.50;0.014;-1.35;0.41;-1000.00;-1000.00
2524.055;2671;-0.10;-0.15;185.89;0.05;-0.05;180.00;-0.00;0.50;1116;0;0;0;-0.46;0.50;0.00;0.00;-0.00;0.00;-0.00;0.00;-0.09;-0.05;180.00;-0.00;0.50;0.025;-1.35;0.41;-1000.00;-1000.00
2524.155;2680;-0.10;-0.15;185.89;0.05;-0.05;180.00;-0.00;0.50;1116;0;0;0;-0.46;0.50;0.00;0.00;-0.00;0.00;-0.00;0.00;-0.09;-0.05;180.00;-0.00;0.50;0.019;-1.35;0.41;-1000.00;-1000.00
2524.265;2690;-0.10;-0.15;185.89;0.05;-0.05;180.00;-0.00;0.50;1116;0;0;0;-0.46;0.50;0.00;0.00;-0.00;0.00;-0.00;0.00;-0.09;-0.05;180.00;-0.00;0.50;0.026;-1.35;0.41;-1000.00;-1000.00
2524.355;2701;-0.10;-0.15;185.89;0.05;-0.05;180.00;-0.00;0.50;1116;0;0;0;-0.46;0.50;0.00;0.00;-0.00;0.00;-0.00;0.00;-0.09;-0.05;180.00;-0.00;0.50;0.025;-1.35;0.41;-1000.00;-1000.00
2524.455;2709;-0.10;-0.15;185.89;0.05;-0.05;180.00;-0.00;0.50;1116;0;0;0;-0.46;0.50;0.00;0.00;-0.00;0.00;-0.00;0.00;-0.09;-0.05;180.00;-0.00;0.50;0.020;-1.35;0.41;-1000.00;-1000.00
2524.555;2720;-0.10;-0.15;185.90;0.05;-0.05;180.00;-0.00;0.50;1116;0;0;0;-0.46;0.50;0.00;0.00;-0.00;0.00;-0.00;0.00;-0.09;-0.05;180.00;-0.00;0.50;0.020;-1.35;0.41;-1000.00;-1000.00
2524.675;2732;-0.10;-0.15;185.90;0.05;-0.05;180.00;-0.00;0.50;1116;0;0;0;-0.46;0.50;0.00;0.00;-0.00;0.00;-0.00;0.00;-0.09;-0.05;180.00;-0.00;0.50;0.031;-1.35;0.41;-1000.00;-1000.00
2524.765;2742;-0.10;-0.15;185.90;0.05;-0.05;180.00;-0.00;0.50;1116;0;0;0;-0.46;0.50;0.00;0.00;-0.00;0.00;-0.00;0.00;-0.09;-0.05;180.00;-0.00;0.50;0.035;-1.35;0.41;-1000.00;-1000.00
2524.865;2751;-0.10;-0.15;185.90;0.05;-0.05;180.00;-0.00;0.50;1116;0;0;0;-0.46;0.50;0.00;0.00;-0.00;0.00;-0.00;0.00;-0.09;-0.05;180.00;-0.00;0.50;0.031;-1.35;0.41;-1000.00;-1000.00
2524.955;2760;-0.10;-0.15;185.90;0.05;-0.05;180.00;-0.00;0.50;1116;0;0;0;-0.46;0.50;0.00;0.00;-0.00;0.00;-0.00;0.00;-0.09;-0.05;180.00;-0.00;0.50;0.024;-1.35;0.41;-1000.00;-1000.00
2525.055;2770;-0.10;-0.15;185.90;0.05;-0.05;180.00;-0.00;0.50;1116;0;0;0;-0.46;0.50;0.00;0.00;-0.00;0.00;-0.00;0.00;-0.09;-0.05;180.00;-0.00;0.50;0.021;-1.35;0.41;-1000.00;-1000.00
2525.165;2781;-0.10;-0.15;185.90;0.05;-0.05;180.00;-0.00;0.50;1116;0;0;0;-0.46;0.50;0.00;0.00;-0.00;0.00;-0.00;0.00;-0.09;-0.05;180.00;-0.00;0.50;0.029;-1.35;0.41;-1000.00;-1000.00
2525.265;2789;-0.10;-0.15;185.90;0.05;-0.05;180.00;-0.00;0.50;1116;0;0;0;-0.46;0.50;0.00;0.00;-0.00;0.00;-0.00;0.00;-0.09;-0.05;180.00;-0.00;0.50;0.028;-1.35;0.41;-1000.00;-1000.00
2525.355;2798;-0.10;-0.15;185.90;0.05;-0.05;180.00;-0.00;0.50;1116;0;0;0;-0.46;0.50;0.00;0.00;-0.00;0.00;-0.00;0.00;-0.09;-0.05;180.00;-0.00;0.50;0.017;-1.35;0.41;-1000.00;-1000.00
2525.455;2808;-0.10;-0.15;185.90;0.05;-0.05;180.00;-0.00;0.50;1116;0;1;0;-0.46;0.50;0.00;0.00;-0.00;0.00;-0.00;0.00;-0.09;-0.05;180.00;-0.00;0.50;0.015;-1.35;0.41;-1000.00;-1000.00
2525.565;2822;-0.10;-0.15;185.90;0.05;-0.05;180.00;-0.00;0.50;1116;0;0;0;-0.46;0.50;0.00;0.00;-0.00;0.00;-0.00;0.00;-0.09;-0.05;180.00;-0.00;0.50;0.028;-1.35;0.41;-1000.00;-1000.00
2525.645;2827;-0.10;-0.15;185.90;0.05;-0.05;180.00;-0.00;0.50;1116;0;0;0;-0.46;0.50;0.00;0.00;-0.00;0.00;-0.00;0.00;-0.09;-0.05;180.00;-0.00;0.50;0.015;-1.35;0.41;-1000.00;-1000.00
2525.755;2840;-0.10;-0.15;185.90;0.05;-0.05;180.00;-0.00;0.50;1116;0;0;0;-0.46;0.50;0.00;0.00;-0.00;0.00;-0.00;0.00;-0.09;-0.05;180.00;-0.00;0.50;0.023;-1.35;0.41;-1000.00;-1000.00
2525.855;2850;-0.10;-0.15;185.90;0.05;-0.05;180.00;-0.00;0.50;1116;0;0;0;-0.46;0.50;0.00;0.00;-0.00;0.00;-0.00;0.00;-0.09;-0.05;180.00;-0.00;0.50;0.014;-1.35;0.41;-1000.00;-1000.00
2525.965;2861;-0.10;-0.15;185.90;0.05;-0.05;180.00;-0.00;0.50;1116;0;0;0;-0.46;0.50;0.00;0.00;-0.00;0.00;-0.00;0.00;-0.09;-0.05;180.00;-0.00;0.50;0.033;-1.35;0.41;-1000.00;-1000.00
2526.055;2869;-0.10;-0.15;185.90;0.05;-0.05;180.00;-0.00;0.50;1116;0;0;0;-0.46;0.50;0.00;0.00;-0.00;0.00;-0.00;0.00;-0.09;-0.05;180.00;-0.00;0.50;0.019;-1.35;0.41;-1000.00;-1000.00
2526.155;2879;-0.10;-0.15;185.90;0.05;-0.05;180.00;-0.00;0.50;1116;0;0;0;-0.46;0.50;0.00;0.00;-0.00;0.00;-0.00;0.00;-0.09;-0.05;180.00;-0.00;0.50;0.017;-1.35;0.40;-1000.00;-1000.00
2526.265;2889;-0.10;-0.15;185.90;0.05;-0.05;180.00;-0.00;0.50;1116;0;0;0;-0.46;0.50;0.00;0.00;-0.00;0.00;-0.00;0.00;-0.09;-0.05;180.00;-0.00;0.50;0.033;-1.35;0.40;-1000.00;-1000.00
2526.355;2898;-0.10;-0.15;185.90;0.05;-0.05;180.00;-0.00;0.50;1116;0;0;0;-0.46;0.50;0.00;0.00;-0.00;0.00;-0.00;0.00;-0.09;-0.05;180.00;-0.00;0.50;0.016;-1.36;0.40;-1000.00;-1000.00
2526.455;2909;-0.10;-0.15;185.90;0.05;-0.05;180.00;-0.00;0.50;1116;0;0;0;-0.46;0.50;0.00;0.00;-0.00;0.00;-0.00;0.00;-0.09;-0.05;180.00;-0.00;0.50;0.023;-1.36;0.40;-1000.00;-1000.00
2526.555;2917;-0.10;-0.15;185.90;0.05;-0.05;180.00;-0.00;0.50;1116;0;0;0;-0.46;0.50;0.00;0.00;-0.00;0.00;-0.00;0.00;-0.09;-0.05;180.00;-0.00;0.50;0.018;-1.36;0.40;-1000.00;-1000.00
2526.655;2931;-0.10;-0.15;185.90;0.05;-0.05;180.00;-0.00;0.50;1116;0;0;0;-0.46;0.50;0.00;0.00;-0.00;0.00;-0.00;0.00;-0.11;-0.05;180.00;-0.00;0.50;0.021;-1.36;0.40;-1000.00;-1000.00
2526.745;2936;-0.10;-0.15;185.90;0.05;-0.05;180.00;-0.00;0.50;1116;0;0;0;-0.46;0.50;0.00;0.00;-0.00;0.00;-0.00;0.00;-0.11;-0.05;180.00;-0.00;0.50;0.015;-1.36;0.40;-1000.00;-1000.00
2526.855;2951;-0.10;-0.15;185.90;0.05;-0.05;180.00;-0.00;0.50;1116;0;0;0;-0.46;0.50;0.00;0.00;-0.00;0.00;-0.00;0.00;-0.11;-0.05;180.00;-0.00;0.50;0.021;-1.36;0.41;-1000.00;-1000.00
2526.955;2959;-0.10;-0.15;185.90;0.05;-0.05;180.00;-0.00;0.50;1116;0;0;0;-0.46;0.50;0.00;0.00;-0.00;0.00;-0.00;0.00;-0.11;-0.05;180.00;-0.00;0.50;0.025;-1.36;0.41;-1000.00;-1000.00
2527.045;2968;-0.10;-0.15;185.90;0.05;-0.05;180.00;-0.00;0.50;1116;0;0;0;-0.46;0.50;0.00;0.00;-0.00;0.00;-0.00;0.00;-0.11;-0.05;180.00;-0.00;0.50;0.016;-1.36;0.41;-1000.00;-1000.00
2527.155;2978;-0.10;-0.15;185.90;0.05;-0.05;180.00;-0.00;0.50;1116;0;0;0;-0.46;0.50;0.00;0.00;-0.00;0.00;-0.00;0.00;-0.11;-0.05;180.00;-0.00;0.50;0.016;-1.36;0.41;-1000.00;-1000.00
2527.245;2987;-0.10;-0.15;185.90;0.05;-0.05;180.00;-0.00;0.50;1116;0;0;0;-0.46;0.50;0.00;0.00;-0.00;0.00;-0.00;0.00;-0.11;-0.05;180.00;-0.00;0.50;0.017;-1.36;0.41;-1000.00;-1000.00
2527.375;3001;-0.10;-0.15;185.90;-0.25;-0.05;180.00;-0.00;0.50;472;0;1;0;-0.46;0.50;0.00;0.00;-0.00;0.00;-0.00;0.00;-0.11;-0.05;180.00;-0.00;0.50;0.008;-1.36;0.41;-1000.00;-1000.00
2527.455;3010;-0.10;-0.15;185.88;-0.25;-0.05;180.00;-0.00;0.50;472;0;1;0;-0.46;0.50;-0.00;-0.00;0.00;0.00;-0.00;0.00;-0.25;-0.05;180.00;-0.00;0.50;0.014;-1.36;0.41;-1000.00;-1000.00
2527.545;3016;-0.10;-0.15;185.88;-0.25;-0.05;180.00;-0.00;0.50;472;0;0;0;-0.46;0.50;0.00;0.00;0.00;-0.00;0.00;-0.00;-0.25;-0.05;180.00;-0.00;0.50;0.008;-1.36;0.41;-1000.00;-1000.00
2527.645;3029;-0.10;-0.15;185.88;-0.25;-0.05;180.00;-0.00;0.50;472;0;0;0;-0.46;0.50;0.00;-0.00;-0.00;-0.00;-0.00;-0.00;-0.25;-0.05;180.00;-0.00;0.50;0.011;-1.36;0.41;-1000.00;-1000.00
2527.745;3039;-0.10;-0.15;185.88;-0.25;-0.05;180.00;-0.00;0.50;472;0;0;0;-0.46;0.50;0.00;0.00;-0.00;0.00;-0.00;-0.00;-0.25;-0.05;180.00;-0.00;0.50;0.010;-1.36;0.41;-1000.00;-1000.00
2527.845;3047;-0.10;-0.15;185.88;-0.25;-0.05;180.00;-0.00;0.50;472;0;0;0;-0.46;0.50;0.00;0.00;-0.00;0.00;-0.00;-0.00;-0.25;-0.05;180.00;-0.00;0.50;0.015;-1.36;0.41;-1000.00;-1000.00
2527.955;3058;-0.10;-0.15;185.88;-0.25;-0.05;180.00;-0.00;0.50;472;0;0;0;-0.46;0.50;0.00;0.00;-0.00;0.00;-0.00;-0.00;-0.25;-0.05;180.00;-0.00;0.50;0.017;-1.36;0.41;-1000.00;-1000.00
2528.055;3071;-0.10;-0.15;185.88;-0.25;-0.05;180.00;-0.00;0.50;472;0;0;0;-0.46;0.50;0.00;0.00;-0.00;0.00;-0.00;-0.00;-0.25;-0.05;180.00;-0.00;0.50;0.023;-1.36;0.41;-1000.00;-1000.00
2528.145;3077;-0.10;-0.15;185.88;-0.25;-0.05;180.00;-0.00;0.50;472;0;0;0;-0.46;0.50;0.00;0.00;-0.00;0.00;-0.00;-0.00;-0.25;-0.05;180.00;-0.00;0.50;0.010;-1.36;0.41;-1000.00;-1000.00
2528.245;3085;-0.10;-0.15;185.88;-0.25;-0.05;180.00;-0.00;0.50;472;0;0;0;-0.46;0.50;0.00;0.00;-0.00;0.00;-0.00;-0.00;-0.25;-0.05;180.00;-0.00;0.50;0.008;-1.36;0.41;-1000.00;-1000.00
2528.345;3096;-0.10;-0.15;185.88;-0.25;-0.05;180.00;-0.00;0.50;472;0;0;0;-0.46;0.50;0.00;0.00;-0.00;0.00;-0.00;-0.00;-0.25;-0.05;180.00;-0.00;0.50;0.010;-1.36;0.41;-1000.00;-1000.00
2528.445;3108;-0.10;-0.15;185.87;-0.25;-0.05;180.00;-0.00;0.50;472;0;0;0;-0.46;0.50;0.00;0.00;-0.00;0.00;-0.00;-0.00;-0.25;-0.05;180.00;-0.00;0.50;0.012;-1.36;0.41;-1000.00;-1000.00
2528.535;3119;-0.10;-0.15;185.87;-0.25;-0.05;180.00;-0.00;0.50;472;0;0;0;-0.46;0.50;0.00;0.00;-0.00;0.00;-0.00;-0.00;-0.25;-0.05;180.00;-0.00;0.50;0.011;-1.36;0.41;-1000.00;-1000.00
2528.645;3127;-0.10;-0.15;185.87;-0.25;-0.05;180.00;-0.00;0.50;472;0;0;0;-0.46;0.50;0.00;0.00;-0.00;0.00;-0.00;-0.00;-0.25;-0.05;180.00;-0.00;0.50;0.012;-1.36;0.41;-1000.00;-1000.00
2528.745;3138;-0.10;-0.15;185.87;-0.25;-0.05;180.00;-0.00;0.50;472;0;0;0;-0.46;0.50;0.00;0.00;-0.00;0.00;-0.00;-0.00;-0.25;-0.05;180.00;-0.00;0.50;0.013;-1.36;0.41;-1000.00;-1000.00
2528.845;3146;-0.10;-0.15;185.87;-0.25;-0.05;180.00;-0.00;0.50;472;0;0;0;-0.46;0.50;0.00;0.00;-0.00;0.00;-0.00;-0.00;-0.25;-0.05;180.00;-0.00;0.50;0.009;-1.36;0.41;-1000.00;-1000.00
2528.955;3161;-0.10;-0.15;185.87;-0.25;-0.05;180.00;-0.00;0.50;472;0;0;0;-0.46;0.50;0.00;0.00;-0.00;0.00;-0.00;-0.00;-0.25;-0.05;180.00;-0.00;0.50;0.020;-1.36;0.41;-1000.00;-1000.00
2529.055;3170;-0.10;-0.15;185.87;-0.25;-0.05;180.00;-0.00;0.50;472;0;0;0;-0.46;0.50;0.00;0.00;-0.00;0.00;-0.00;-0.00;-0.25;-0.05;180.00;-0.00;0.50;0.018;-1.36;0.41;-1000.00;-1000.00
2529.135;3176;-0.10;-0.15;185.87;-0.25;-0.05;180.00;-0.00;0.50;472;0;0;0;-0.46;0.50;0.00;0.00;-0.00;0.00;-0.00;-0.00;-0.25;-0.05;180.00;-0.00;0.50;0.008;-1.36;0.41;-1000.00;-1000.00
2529.245;3189;-0.10;-0.15;185.87;-0.25;-0.05;180.00;-0.00;0.50;472;0;0;0;-0.46;0.50;0.00;0.00;-0.00;0.00;-0.00;-0.00;-0.25;-0.05;180.00;-0.00;0.50;0.011;-1.36;0.41;-1000.00;-1000.00
2529.355;3199;-0.10;-0.15;185.87;-0.25;-0.05;180.00;-0.00;0.50;472;0;0;0;-0.46;0.50;0.00;0.00;-0.00;0.00;-0.00;-0.00;-0.25;-0.05;180.00;-0.00;0.50;0.021;-1.36;0.41;-1000.00;-1000.00
2529.455;3208;-0.10;-0.15;185.87;-0.25;-0.05;180.00;-0.00;0.50;472;0;1;0;-0.46;0.50;0.00;0.00;-0.00;0.00;-0.00;-0.00;-0.25;-0.05;180.00;-0.00;0.50;0.009;-1.36;0.41;-1000.00;-1000.00
2529.545;3218;-0.10;-0.15;185.87;-0.25;-0.05;180.00;-0.00;0.50;472;0;0;0;-0.46;0.50;0.00;0.00;-0.00;0.00;-0.00;-0.00;-0.25;-0.05;180.00;-0.00;0.50;0.009;-1.36;0.41;-1000.00;-1000.00
2529.645;3226;-0.10;-0.15;185.87;-0.25;-0.05;180.00;-0.00;0.50;472;0;0;0;-0.46;0.50;0.00;0.00;-0.00;0.00;-0.00;-0.00;-0.25;-0.05;180.00;-0.00;0.50;0.012;-1.36;0.41;-1000.00;-1000.00
2529.745;3236;-0.10;-0.15;185.87;-0.25;-0.05;180.00;-0.00;0.50;472;0;0;0;-0.46;0.50;0.00;0.00;-0.00;0.00;-0.00;-0.00;-0.25;-0.05;180.00;-0.00;0.50;0.010;-1.36;0.41;-1000.00;-1000.00
2529.845;3250;-0.10;-0.15;185.87;-0.25;-0.05;180.00;-0.00;0.50;472;0;0;0;-0.46;0.50;0.00;0.00;-0.00;0.00;-0.00;-0.00;-0.25;-0.05;180.00;-0.00;0.50;0.011;-1.36;0.41;-1000.00;-1000.00
2529.955;3261;-0.10;-0.15;185.87;-0.25;-0.05;180.00;-0.00;0.50;472;0;0;0;-0.46;0.50;0.00;0.00;-0.00;0.00;-0.00;-0.00;-0.25;-0.05;180.00;-0.00;0.50;0.022;-1.36;0.41;-1000.00;-1000.00
2530.045;3269;-0.10;-0.15;185.87;-0.25;-0.05;180.00;-0.00;0.50;472;0;0;0;-0.46;0.50;0.00;0.00;-0.00;0.00;-0.00;-0.00;-0.25;-0.05;180.00;-0.00;0.50;0.012;-1.36;0.41;-1000.00;-1000.00
2530.145;3280;-0.10;-0.15;185.87;-0.25;-0.05;180.00;-0.00;0.50;472;0;0;0;-0.46;0.50;0.00;0.00;-0.00;0.00;-0.00;-0.00;-0.25;-0.05;180.00;-0.00;0.50;0.010;-1.36;0.41;-1000.00;-1000.00
2530.255;3288;-0.10;-0.15;185.87;-0.25;-0.05;180.00;-0.00;0.50;472;0;0;0;-0.46;0.50;0.00;0.00;-0.00;0.00;-0.00;-0.00;-0.25;-0.05;180.00;-0.00;0.50;0.018;-1.36;0.41;-1000.00;-1000.00
2530.345;3297;-0.10;-0.15;185.87;-0.25;-0.05;180.00;-0.00;0.50;472;0;0;0;-0.46;0.50;0.00;0.00;-0.00;0.00;-0.00;-0.00;-0.25;-0.05;180.00;-0.00;0.50;0.017;-1.36;0.41;-1000.00;-1000.00
2530.435;3307;-0.10;-0.15;185.87;-0.25;-0.05;180.00;-0.00;0.50;472;0;0;0;-0.46;0.50;0.00;0.00;-0.00;0.00;-0.00;-0.00;-0.25;-0.05;180.00;-0.00;0.50;0.007;-1.36;0.41;-1000.00;-1000.00
2530.555;3321;-0.10;-0.15;185.87;-0.25;-0.05;180.00;-0.00;0.50;472;0;0;0;-0.46;0.50;0.00;0.00;-0.00;0.00;-0.00;-0.00;-0.25;-0.05;180.00;-0.00;0.50;0.021;-1.36;0.41;-1000.00;-1000.00
2530.645;3326;-0.11;-0.15;185.87;-0.25;-0.05;180.00;-0.00;0.50;472;0;0;0;-0.46;0.50;0.00;0.00;-0.00;0.00;-0.00;-0.00;-0.25;-0.05;180.00;-0.00;0.50;0.011;-1.36;0.41;-1000.00;-1000.00
2530.745;3340;-0.11;-0.15;185.87;-0.25;-0.05;180.00;-0.00;0.50;472;0;0;0;-0.46;0.50;0.00;0.00;-0.00;0.00;-0.00;-0.00;-0.25;-0.05;180.00;-0.00;0.50;0.014;-1.36;0.41;-1000.00;-1000.00
2530.845;3349;-0.11;-0.15;185.87;-0.25;-0.05;180.00;-0.00;0.50;472;0;0;0;-0.46;0.50;0.00;0.00;-0.00;0.00;-0.00;-0.00;-0.25;-0.05;180.00;-0.00;0.50;0.014;-1.36;0.41;-1000.00;-1000.00
2530.935;3359;-0.11;-0.15;185.87;-0.25;-0.05;180.00;-0.00;0.50;472;0;0;0;-0.46;0.50;0.00;0.00;-0.00;0.00;-0.00;-0.00;-0.25;-0.05;180.00;-0.00;0.50;0.008;-1.36;0.41;-1000.00;-1000.00
2531.055;3368;-0.11;-0.15;185.87;-0.25;-0.05;180.00;-0.00;0.50;472;0;0;0;-0.46;0.50;0.00;0.00;-0.00;0.00;-0.00;-0.00;-0.25;-0.05;180.00;-0.00;0.50;0.019;-1.36;0.41;-1000.00;-1000.00
2531.145;3377;-0.11;-0.15;185.87;-0.25;-0.05;180.00;-0.00;0.50;472;0;0;0;-0.46;0.50;0.00;0.00;-0.00;0.00;-0.00;-0.00;-0.25;-0.05;180.00;-0.00;0.50;0.011;-1.36;0.41;-1000.00;-1000.00
2531.245;3387;-0.11;-0.15;185.87;-0.25;-0.05;180.00;-0.00;0.50;472;0;0;0;-0.46;0.50;0.00;0.00;-0.00;0.00;-0.00;-0.00;-0.25;-0.05;180.00;-0.00;0.50;0.009;-1.36;0.41;-1000.00;-1000.00
2531.375;3402;-0.11;-0.15;185.87;-0.25;-0.05;180.00;-0.00;0.50;472;0;1;0;-0.46;0.50;0.00;0.00;-0.00;0.00;-0.00;-0.00;-0.25;-0.05;180.00;-0.00;0.50;0.014;-1.36;0.41;-1000.00;-1000.00
2531.465;3410;-0.11;-0.15;185.87;-0.25;-0.05;180.00;-0.00;0.50;472;0;1;0;-0.46;0.50;0.00;0.00;-0.00;0.00;-0.00;-0.00;-0.25;-0.05;180.00;-0.00;0.50;0.010;-1.36;0.41;-1000.00;-1000.00
2531.545;3420;-0.11;-0.15;185.87;-0.25;-0.05;180.00;-0.00;0.50;472;0;0;0;-0.46;0.50;0.00;0.00;-0.00;0.00;-0.00;-0.00;-0.25;-0.05;180.00;-0.00;0.50;0.015;-1.36;0.41;-1000.00;-1000.00
2531.645;3429;-0.11;-0.15;185.87;-0.25;-0.05;180.00;-0.00;0.50;472;0;0;0;-0.46;0.50;0.00;0.00;-0.00;0.00;-0.00;-0.00;-0.25;-0.05;180.00;-0.00;0.50;0.013;-1.36;0.41;-1000.00;-1000.00
2531.755;3440;-0.11;-0.15;185.87;-0.25;-0.05;180.00;-0.00;0.50;472;0;0;0;-0.46;0.50;0.00;0.00;-0.00;0.00;-0.00;-0.00;-0.25;-0.05;180.00;-0.00;0.50;0.020;-1.36;0.41;-1000.00;-1000.00
2531.845;3449;-0.11;-0.15;185.87;-0.25;-0.05;180.00;-0.00;0.50;472;0;0;0;-0.46;0.50;0.00;0.00;-0.00;0.00;-0.00;-0.00;-0.25;-0.05;180.00;-0.00;0.50;0.009;-1.36;0.41;-1000.00;-1000.00
2531.955;3459;-0.11;-0.15;185.87;-0.25;-0.05;180.00;-0.00;0.50;472;0;0;0;-0.46;0.50;0.00;0.00;-0.00;0.00;-0.00;-0.00;-0.25;-0.05;180.00;-0.00;0.50;0.021;-1.36;0.41;-1000.00;-1000.00
2532.045;3468;-0.11;-0.15;185.87;-0.25;-0.05;180.00;-0.00;0.50;472;0;0;0;-0.46;0.50;0.00;0.00;-0.00;0.00;-0.00;-0.00;-0.25;-0.05;180.00;-0.00;0.50;0.011;-1.36;0.41;-1000.00;-1000.00
2532.145;3479;-0.11;-0.15;185.87;-0.25;-0.05;180.00;-0.00;0.50;472;0;0;0;-0.46;0.50;0.00;0.00;-0.00;0.00;-0.00;-0.00;-0.25;-0.05;180.00;-0.00;0.50;0.013;-1.36;0.41;-1000.00;-1000.00
2532.235;3487;-0.11;-0.15;185.87;-0.25;-0.05;180.00;-0.00;0.50;472;0;0;0;-0.46;0.50;0.00;0.00;-0.00;0.00;-0.00;-0.00;-0.25;-0.05;180.00;-0.00;0.50;0.008;-1.36;0.41;-1000.00;-1000.00
2532.345;3496;-0.11;-0.15;185.87;-0.25;-0.05;180.00;-0.00;0.50;472;0;0;0;-0.46;0.50;0.00;0.00;-0.00;0.00;-0.00;-0.00;-0.25;-0.05;180.00;-0.00;0.50;0.010;-1.36;0.41;-1000.00;-1000.00
2532.455;3510;-0.11;-0.15;185.87;-0.25;-0.05;180.00;-0.00;0.50;472;0;0;0;-0.46;0.50;0.00;0.00;-0.00;0.00;-0.00;-0.00;-0.25;-0.05;180.00;-0.00;0.50;0.015;-1.36;0.41;-1000.00;-1000.00
2532.545;3520;-0.11;-0.15;185.87;-0.25;-0.05;180.00;-0.00;0.50;472;0;0;0;-0.46;0.50;0.00;0.00;-0.00;0.00;-0.00;-0.00;-0.25;-0.05;180.00;-0.00;0.50;0.015;-1.36;0.41;-1000.00;-1000.00
2532.645;3529;-0.11;-0.15;185.87;-0.25;-0.05;180.00;-0.00;0.50;472;0;0;0;-0.46;0.50;0.00;0.00;-0.00;0.00;-0.00;-0.00;-0.25;-0.05;180.00;-0.00;0.50;0.014;-1.36;0.41;-1000.00;-1000.00
2532.745;3538;-0.11;-0.15;185.87;-0.25;-0.05;180.00;-0.00;0.50;472;0;0;0;-0.46;0.50;0.00;0.00;-0.00;0.00;-0.00;-0.00;-0.25;-0.05;180.00;-0.00;0.50;0.009;-1.36;0.41;-1000.00;-1000.00
2532.855;3548;-0.11;-0.15;185.87;-0.25;-0.05;180.00;-0.00;0.50;472;0;0;0;-0.46;0.50;0.00;0.00;-0.00;0.00;-0.00;-0.00;-0.25;-0.05;180.00;-0.00;0.50;0.021;-1.36;0.41;-1000.00;-1000.00
2532.955;3557;-0.11;-0.15;185.86;-0.25;-0.05;180.00;-0.00;0.50;472;0;0;0;-0.46;0.50;0.00;0.00;-0.00;0.00;-0.00;-0.00;-0.25;-0.05;180.00;-0.00;0.50;0.020;-1.36;0.41;-1000.00;-1000.00
2533.035;3567;-0.11;-0.15;185.86;-0.25;-0.05;180.00;-0.00;0.50;472;0;0;0;-0.46;0.50;0.00;0.00;-0.00;0.00;-0.00;-0.00;-0.25;-0.05;180.00;-0.00;0.50;0.008;-1.36;0.41;-1000.00;-1000.00
2533.155;3580;-0.11;-0.15;185.86;-0.25;-0.05;180.00;-0.00;0.50;472;0;0;0;-0.46;0.50;0.00;0.00;-0.00;0.00;-0.00;-0.00;-0.25;-0.05;180.00;-0.00;0.50;0.017;-1.36;0.41;-1000.00;-1000.00
2533.235;3586;-0.11;-0.15;185.86;-0.25;-0.05;180.00;-0.00;0.50;472;0;0;0;-0.46;0.50;0.00;0.00;-0.00;0.00;-0.00;-0.00;-0.25;-0.05;180.00;-0.00;0.50;0.008;-1.36;0.41;-1000.00;-1000.00
2533.355;3599;-0.11;-0.15;185.86;-0.25;-0.05;180.00;-0.00;0.50;472;0;0;0;-0.46;0.50;0.00;0.00;-0.00;0.00;-0.00;-0.00;-0.25;-0.05;180.00;-0.00;0.50;0.013;-1.36;0.41;-1000.00;-1000.00
2533.455;3609;-0.11;-0.15;185.86;-0.25;-0.05;180.00;-0.00;0.50;472;0;1;0;-0.46;0.50;0.00;0.00;-0.00;0.00;-0.00;-0.00;-0.25;-0.05;180.00;-0.00;0.50;0.009;-1.36;0.41;-1000.00;-1000.00
2533.545;3617;-0.11;-0.15;185.86;-0.25;-0.05;180.00;-0.00;0.50;472;0;0;0;-0.46;0.50;0.00;0.00;-0.00;0.00;-0.00;-0.00;-0.25;-0.05;180.00;-0.00;0.50;0.008;-1.36;0.41;-1000.00;-1000.00
2533.655;3628;-0.11;-0.15;185.86;-0.25;-0.05;180.00;-0.00;0.50;472;0;0;0;-0.46;0.50;0.00;0.00;-0.00;0.00;-0.00;-0.00;-0.25;-0.05;180.00;-0.00;0.50;0.153;-1.36;0.41;-1000.00;-1000.00
