t;frame;x;y;z;x_ref;y_ref;z_ref;delta_ref;u_ref;state;ellipse;control;action;delta;u;vx;vy;vz;wx;wy;wz;xr;yr;zr;delr;ur
1595263692.735;13;-1.18;2.09;8.24;-1.30;2.20;0.00;-0.00;0.50;323;0;1;0;-0.14;0.05;-0.00;0.00;0.00;-0.00;0.00;0.00;-1.18;2.20;0.00;0.00;0.50;0.016
1595263692.835;23;-1.18;2.09;8.28;-1.30;2.20;0.00;-0.00;0.50;323;0;1;0;-0.15;0.07;-0.00;0.00;0.00;-0.00;0.01;0.00;-1.18;2.20;0.00;0.00;0.50;0.016
1595263692.934;33;-1.18;2.09;8.25;-1.30;2.20;0.00;-0.00;0.50;323;0;1;0;-0.14;0.09;-0.00;0.00;0.00;0.00;-0.01;-0.00;-1.18;2.20;0.00;0.00;0.50;0.015
1595263693.035;43;-1.18;2.09;8.16;-1.30;2.20;0.00;-0.00;0.50;323;0;1;0;-0.14;0.11;0.02;0.00;0.00;0.00;0.01;-0.02;-1.18;2.20;0.00;0.00;0.50;0.016
1595263693.135;53;-1.17;2.09;7.95;-1.30;2.20;0.00;-0.00;0.50;323;0;1;0;-0.13;0.13;0.05;0.00;0.00;0.00;-0.02;-0.03;-1.17;2.20;0.00;0.00;0.50;0.016
1595263693.235;63;-1.16;2.09;7.71;-1.30;2.20;0.00;-0.00;0.50;323;0;1;0;-0.12;0.15;0.08;0.00;0.00;0.00;-0.01;-0.03;-1.16;2.20;0.00;0.00;0.50;0.016
1595263693.335;73;-1.15;2.09;7.63;-1.00;2.20;0.00;0.00;0.50;323;1;1;0;-0.11;0.16;0.10;0.00;0.00;0.01;0.01;-0.02;-1.16;2.20;0.00;0.00;0.50;0.016
1595263693.430;83;-1.13;2.09;7.38;-1.00;2.20;0.00;0.00;0.50;323;1;1;0;-0.10;0.18;0.12;0.00;0.00;0.01;0.02;-0.02;-1.13;2.20;0.00;0.00;0.50;0.011
1595263693.530;93;-1.12;2.09;7.37;-1.00;2.20;0.00;0.00;0.50;323;1;1;0;-0.10;0.19;0.14;0.00;0.00;0.00;0.01;-0.04;-1.12;2.20;0.00;0.00;0.50;0.011
1595263693.630;103;-1.10;2.09;6.78;-1.00;2.20;0.00;0.00;0.50;323;1;1;0;-0.07;0.21;0.16;0.00;0.00;-0.01;0.03;-0.04;-1.11;2.20;0.00;0.00;0.50;0.011
1595263693.730;113;-1.08;2.09;6.50;-1.00;2.20;0.00;0.00;0.50;323;1;1;0;-0.06;0.22;0.18;0.00;0.00;-0.02;0.02;-0.04;-1.08;2.20;0.00;0.00;0.50;0.011
1595263693.830;123;-1.06;2.09;6.51;-1.00;2.20;0.00;0.00;0.50;323;1;1;0;-0.06;0.23;0.19;0.00;0.00;-0.02;0.01;-0.02;-1.07;2.20;0.00;0.00;0.50;0.011
1595263693.930;133;-1.04;2.09;6.24;-1.00;2.20;0.00;0.00;0.50;323;1;1;0;-0.04;0.25;0.25;0.00;0.00;0.00;-0.01;-0.02;-1.05;2.20;0.00;0.00;0.50;0.011
1595263694.030;143;-1.02;2.09;6.28;-1.00;2.20;0.00;0.00;0.50;323;1;1;0;-0.04;0.26;0.21;0.00;0.00;0.01;-0.00;-0.02;-1.02;2.20;0.00;0.00;0.50;0.011
1595263694.130;153;-1.00;2.09;6.05;-1.00;2.20;0.00;0.00;0.50;323;1;1;0;-0.03;0.27;0.23;0.00;0.00;0.00;0.00;-0.03;-1.00;2.20;0.00;0.00;0.50;0.012
1595263694.230;163;-0.98;2.09;5.99;-1.00;2.20;0.00;0.00;0.50;323;1;1;0;-0.03;0.28;0.24;0.00;0.00;-0.00;0.01;-0.02;-0.98;2.20;0.00;0.00;0.50;0.012
1595263694.324;172;-0.96;2.09;5.95;-1.00;2.20;0.00;0.00;0.50;323;1;1;0;-0.02;0.29;0.25;0.00;0.00;0.01;-0.01;-0.02;-0.96;2.20;0.00;0.00;0.50;0.006
1595263694.424;182;-0.93;2.09;5.96;-1.00;2.20;0.00;0.00;0.50;323;1;1;0;-0.02;0.30;0.26;0.00;0.00;0.01;-0.01;-0.02;-0.93;2.20;0.00;0.00;0.50;0.006
1595263694.524;192;-0.90;2.09;5.68;-1.00;2.20;0.00;0.00;0.50;323;1;1;0;-0.01;0.31;0.34;0.00;0.00;-0.02;-0.01;-0.03;-0.90;2.20;0.00;0.00;0.50;0.006
1595263694.624;202;-0.88;2.09;5.67;-1.00;2.20;0.00;0.00;0.50;323;1;1;0;-0.00;0.32;0.28;0.00;0.00;-0.01;-0.02;-0.00;-0.88;2.20;0.00;0.00;0.50;0.006
1595263694.724;212;-0.85;2.09;5.66;-1.00;2.20;0.00;0.00;0.50;323;1;1;0;-0.00;0.33;0.29;0.00;0.00;-0.00;0.01;-0.00;-0.86;2.20;0.00;0.00;0.50;0.006
1595263694.824;222;-0.82;2.09;5.43;-1.00;2.20;0.00;0.00;0.50;323;1;1;0;0.01;0.34;0.37;0.00;0.00;-0.00;0.02;0.01;-0.82;2.20;0.00;0.00;0.50;0.006
1595263694.924;232;-0.79;2.08;5.58;-0.71;2.20;0.00;-0.00;0.50;323;2;1;0;0.01;0.34;0.38;0.00;0.00;-0.01;-0.03;0.01;-0.80;2.20;0.00;0.00;0.50;0.006
1595263695.022;242;-0.76;2.08;5.75;-0.71;2.20;0.00;-0.00;0.50;323;2;1;0;0.00;0.35;0.31;0.00;0.00;-0.00;-0.02;0.02;-0.76;2.20;0.00;-0.00;0.50;0.004
1595263695.122;252;-0.73;2.08;5.85;-0.71;2.20;0.00;-0.00;0.50;323;2;1;0;-0.00;0.36;0.32;0.00;0.00;0.01;-0.02;0.01;-0.74;2.20;0.00;-0.00;0.50;0.003
1595263695.222;262;-0.70;2.08;5.89;-0.71;2.20;0.00;-0.00;0.50;323;2;1;0;0.00;0.36;0.33;0.00;0.00;0.02;0.00;0.01;-0.70;2.20;0.00;-0.00;0.50;0.004
1595263695.322;272;-0.67;2.08;5.61;-0.71;2.20;0.00;-0.00;0.50;323;2;1;0;0.02;0.37;0.34;0.00;0.00;-0.00;-0.02;0.00;-0.67;2.20;0.00;-0.00;0.50;0.004
1595263695.422;282;-0.63;2.08;5.75;-0.71;2.20;0.00;-0.00;0.50;323;2;1;0;0.01;0.37;0.43;0.00;0.00;0.00;-0.00;0.01;-0.64;2.20;0.00;-0.00;0.50;0.004
1595263695.522;292;-0.60;2.08;5.85;-0.71;2.20;0.00;-0.00;0.50;323;2;1;0;0.00;0.38;0.35;0.00;0.00;0.01;0.01;0.02;-0.60;2.20;0.00;-0.00;0.50;0.004
1595263695.622;302;-0.57;2.08;5.96;-0.71;2.20;0.00;-0.00;0.50;323;2;1;0;-0.00;0.39;0.36;0.00;0.00;0.01;-0.02;-0.01;-0.57;2.20;0.00;-0.00;0.50;0.004
1595263695.722;312;-0.53;2.08;5.97;-0.71;2.20;0.00;-0.00;0.50;323;2;1;0;0.00;0.39;0.36;0.00;0.00;0.00;0.04;-0.01;-0.53;2.20;0.00;-0.00;0.50;0.004
1595263695.822;322;-0.50;2.08;5.69;-0.71;2.20;0.00;-0.00;0.50;323;2;1;0;0.01;0.40;0.28;0.00;0.00;-0.04;0.03;-0.00;-0.49;2.20;-0.00;-0.00;0.50;0.004
1595263695.922;332;-0.46;2.08;5.92;-0.71;2.20;0.00;-0.00;0.50;323;2;1;0;0.00;0.40;0.38;0.00;0.00;0.01;-0.02;0.02;-0.46;2.20;-0.00;-0.00;0.50;0.003
1595263696.022;342;-0.42;2.08;5.89;-0.71;2.20;0.00;-0.00;0.50;323;2;1;0;0.01;0.41;0.38;0.00;0.00;0.01;0.00;0.00;-0.42;2.20;-0.00;-0.00;0.50;0.003
1595263696.122;352;-0.39;2.08;6.11;-0.71;2.20;0.00;-0.00;0.50;323;2;1;0;-0.00;0.41;0.48;0.00;0.00;-0.00;0.00;0.01;-0.39;2.20;-0.00;-0.00;0.50;0.004
1595263696.232;363;-0.35;2.07;6.03;-0.10;2.20;0.00;0.00;-0.50;426;0;1;2;0.01;0.42;0.39;0.00;0.00;0.02;-0.01;-0.00;-0.35;2.20;-0.00;-0.00;0.50;0.010
1595263696.337;373;-0.31;2.07;5.74;-0.50;2.20;0.00;0.00;-0.50;123;0;1;2;0.60;0.37;0.30;0.00;0.00;-0.02;-0.02;0.02;-0.32;2.20;0.00;-0.00;-0.50;0.010
1595263696.426;382;-0.28;2.07;6.79;-0.50;2.20;0.00;0.00;-0.50;123;0;1;2;0.64;0.30;0.40;0.00;0.00;0.01;0.02;0.27;-0.50;2.20;0.00;0.00;-0.50;0.008
1595263696.526;392;-0.24;2.07;11.88;-0.50;2.20;0.00;0.00;-0.50;123;0;1;2;0.79;0.24;0.38;0.00;0.00;0.01;0.02;0.68;-0.50;2.20;0.00;0.00;-0.50;0.008
1595263696.626;402;-0.22;2.07;15.78;-0.50;2.20;0.00;0.00;-0.50;123;0;1;2;0.79;0.17;0.33;0.00;0.00;0.00;0.00;0.68;-0.50;2.20;0.00;0.00;-0.50;0.008
1595263696.726;412;-0.20;2.07;19.38;-0.50;2.20;0.00;0.00;-0.50;123;0;1;2;0.79;0.10;0.21;0.00;0.00;0.01;0.02;0.63;-0.50;2.20;0.00;0.00;-0.50;0.008
1595263696.826;422;-0.19;2.07;21.67;-0.50;2.20;0.00;0.00;-0.50;123;0;1;2;0.79;0.04;0.20;0.00;0.00;0.00;0.01;0.37;-0.50;2.20;0.00;0.00;-0.50;0.008
1595263696.926;432;-0.18;2.08;22.69;-0.50;2.20;0.00;0.00;-0.50;123;0;1;2;0.79;-0.03;0.13;0.00;0.00;-0.00;0.03;0.18;-0.50;2.20;0.00;0.00;-0.50;0.008
1595263697.026;442;-0.18;2.08;22.50;-0.50;2.20;0.00;0.00;-0.50;123;0;1;2;0.79;-0.09;0.07;0.00;0.00;0.00;0.02;0.02;-0.50;2.20;0.00;0.00;-0.50;0.008
1595263697.126;452;-0.18;2.08;21.76;-0.50;2.20;0.00;0.00;-0.50;123;0;1;2;0.79;-0.14;-0.01;0.00;0.00;0.00;0.02;-0.11;-0.50;2.20;0.00;0.00;-0.50;0.008
1595263697.226;462;-0.19;2.07;20.30;-0.50;2.20;0.00;0.00;-0.50;123;0;1;2;0.79;-0.19;-0.05;0.00;0.00;-0.00;0.03;-0.26;-0.50;2.20;0.00;0.00;-0.50;0.008
1595263697.326;472;-0.20;2.07;17.58;-0.50;2.20;0.00;0.00;-0.50;123;0;1;2;0.79;-0.24;-0.13;0.00;0.00;-0.02;0.03;-0.43;-0.50;2.20;0.00;0.00;-0.50;0.008
1595263697.427;482;-0.21;2.07;13.83;-0.50;2.20;0.00;0.00;-0.50;123;0;1;2;0.79;-0.29;-0.16;0.00;0.00;-0.02;0.02;-0.60;-0.50;2.20;0.00;0.00;-0.50;0.008
1595263697.526;492;-0.23;2.06;9.52;-0.50;2.20;0.00;0.00;-0.50;123;0;1;2;0.79;-0.33;-0.21;0.00;0.00;-0.01;0.03;-0.75;-0.50;2.20;0.00;0.00;-0.50;0.008
1595263697.626;502;-0.26;2.06;4.21;-0.50;2.20;0.00;0.00;-0.50;123;0;1;2;0.54;-0.37;-0.25;0.00;0.00;-0.03;-0.00;-0.91;-0.50;2.20;0.00;0.00;-0.50;0.008
1595263697.737;513;-0.29;2.07;-1.21;-0.65;2.18;-13.50;-0.54;0.50;384;1;1;6;0.27;-0.40;-0.29;0.00;0.00;0.02;-0.00;-0.83;-0.50;2.20;0.00;0.00;-0.50;0.010
1595263697.824;522;-0.32;2.07;-4.42;-0.09;1.41;-89.43;-0.38;0.50;384;3;1;6;-0.79;-0.33;-0.33;0.00;0.00;-0.01;0.00;-0.47;-0.35;2.02;-41.38;-0.54;0.50;0.006
1595263697.922;532;-0.35;2.08;-5.17;-0.09;1.41;-89.43;-0.38;0.50;384;3;1;6;-0.79;-0.25;-0.36;0.00;0.00;-0.03;-0.05;-0.16;-0.37;2.04;-38.86;-0.54;0.50;0.004
1595263698.022;542;-0.38;2.08;0.10;-0.09;1.41;-89.43;-0.38;0.50;384;3;1;6;-0.79;-0.18;-0.27;0.00;0.00;0.02;-0.03;0.63;-0.40;2.06;-36.34;-0.54;0.50;0.004
1595263698.122;552;-0.41;2.09;3.92;-0.09;1.41;-89.43;-0.38;0.50;384;3;1;6;-0.79;-0.11;-0.29;0.00;0.00;0.02;-0.01;0.58;-0.41;2.07;-35.08;-0.54;0.50;0.004
1595263698.222;562;-0.42;2.09;6.23;-0.09;1.41;-89.43;-0.38;0.50;384;3;1;6;-0.79;-0.05;-0.20;0.00;0.00;0.02;-0.00;0.38;-0.42;2.08;-33.82;-0.54;0.50;0.004
1595263698.322;572;-0.43;2.09;7.70;-0.09;1.41;-89.43;-0.38;0.50;384;3;1;6;-0.79;0.01;-0.19;0.00;0.00;0.01;-0.02;0.20;-0.43;2.08;-32.56;-0.54;0.50;0.004
1595263698.422;582;-0.43;2.09;7.77;-0.09;1.41;-89.43;-0.38;0.50;384;3;1;6;-0.79;0.07;-0.05;0.00;0.00;-0.00;-0.02;0.04;-0.43;2.08;-32.56;-0.54;0.50;0.004
1595263698.522;592;-0.43;2.09;6.91;-0.09;1.41;-89.43;-0.38;0.50;384;3;1;6;-0.79;0.12;-0.01;0.00;0.00;-0.00;-0.02;-0.13;-0.43;2.08;-32.56;-0.54;0.50;0.004
1595263698.622;602;-0.42;2.09;5.68;-0.09;1.41;-89.43;-0.38;0.50;384;3;1;6;-0.79;0.18;0.04;0.00;0.00;-0.01;-0.04;-0.22;-0.42;2.08;-33.82;-0.54;0.50;0.004
1595263698.722;612;-0.40;2.08;2.92;-0.09;1.41;-89.43;-0.38;0.50;384;3;1;6;-0.79;0.23;0.10;0.00;0.00;-0.02;-0.01;-0.40;-0.41;2.07;-35.08;-0.54;0.50;0.004
1595263698.822;622;-0.38;2.08;-0.11;-0.09;1.41;-89.43;-0.38;0.50;384;3;1;6;-0.79;0.27;0.11;0.00;0.00;-0.02;-0.02;-0.49;-0.41;2.07;-35.08;-0.54;0.50;0.004
1595263698.922;632;-0.36;2.08;-4.36;-0.09;1.41;-89.43;-0.38;0.50;384;3;1;6;-0.79;0.32;0.24;0.00;0.00;0.00;0.00;-0.64;-0.38;2.05;-37.60;-0.54;0.50;0.004
1595263699.022;642;-0.33;2.08;-9.10;-0.09;1.41;-89.43;-0.38;0.50;384;3;1;6;-0.79;0.36;0.25;0.00;0.00;-0.01;0.01;-0.83;-0.37;2.04;-38.86;-0.54;0.50;0.004
1595263699.122;652;-0.30;2.07;-14.89;-0.09;1.41;-89.43;-0.38;0.50;384;3;1;6;-0.79;0.39;0.29;0.00;0.00;-0.02;0.01;-0.95;-0.35;2.02;-41.38;-0.54;0.50;0.004
1595263699.222;662;-0.27;2.06;-21.36;-0.09;1.41;-89.43;-0.38;0.50;384;3;1;6;-0.79;0.42;0.33;0.00;0.00;-0.01;-0.02;-1.10;-0.32;2.00;-43.89;-0.54;0.50;0.004
1595263699.325;672;-0.24;2.04;-28.41;-0.09;1.41;-89.43;-0.38;0.50;384;3;1;6;-0.79;0.45;0.37;0.00;0.00;0.01;-0.00;-1.18;-0.30;1.98;-46.39;-0.53;0.50;0.006
1595263699.425;682;-0.20;2.02;-36.27;-0.09;1.41;-89.43;-0.38;0.50;384;3;1;6;-0.79;0.48;0.51;0.00;0.00;-0.01;-0.02;-1.37;-0.28;1.95;-48.90;-0.53;0.50;0.007
1595263699.525;692;-0.16;1.99;-44.74;-0.09;1.41;-89.43;-0.38;0.50;384;3;1;6;-0.79;0.50;0.43;0.00;0.00;-0.04;-0.00;-1.46;-0.25;1.92;-52.65;-0.53;0.50;0.007
1595263699.625;702;-0.13;1.95;-53.74;-0.09;1.41;-89.43;-0.38;0.50;384;3;1;6;-0.76;0.50;0.34;0.00;0.00;-0.00;-0.02;-1.52;-0.23;1.89;-55.14;-0.53;0.50;0.007
1595263699.725;712;-0.11;1.91;-62.70;-0.09;1.41;-89.43;-0.38;0.50;384;3;1;6;-0.52;0.50;0.35;0.00;0.00;0.02;0.01;-1.52;-0.21;1.85;-58.82;-0.52;0.50;0.007
1595263699.825;722;-0.09;1.87;-71.21;-0.09;1.41;-89.43;-0.38;0.50;384;3;1;6;-0.28;0.50;0.48;0.00;0.00;-0.04;-0.01;-1.32;-0.19;1.81;-62.38;-0.50;0.50;0.007
1595263699.925;732;-0.07;1.82;-75.52;-0.09;1.41;-89.43;-0.38;0.50;384;3;1;6;-0.20;0.50;0.48;0.00;0.00;0.01;0.03;-0.83;-0.17;1.79;-64.69;-0.50;0.50;0.007
1595263700.025;742;-0.07;1.78;-77.85;-0.09;1.41;-89.43;-0.38;0.50;384;3;1;6;-0.21;0.50;0.49;0.00;0.00;0.01;-0.00;-0.42;-0.15;1.74;-68.07;-0.48;0.50;0.007
1595263700.125;752;-0.06;1.73;-79.56;-0.09;1.41;-89.43;-0.38;0.50;384;3;1;6;-0.24;0.50;0.49;0.00;0.00;-0.03;0.01;-0.36;-0.14;1.70;-71.32;-0.47;0.50;0.007
1595263700.225;762;-0.06;1.68;-81.54;-0.09;1.41;-89.43;-0.38;0.50;384;3;1;6;-0.25;0.50;0.49;0.00;0.00;0.01;0.03;-0.39;-0.13;1.67;-73.43;-0.46;0.50;0.007
1595263700.345;774;-0.06;1.62;-84.36;-0.10;1.40;-90.00;0.00;0.50;420;0;1;1;-0.25;0.49;0.49;0.00;0.00;-0.01;0.03;-0.39;-0.12;1.63;-76.51;-0.44;0.50;0.019
1595263700.434;783;-0.06;1.58;-86.15;-0.10;1.40;-90.00;0.00;0.50;420;0;1;1;-0.29;0.50;0.49;0.00;0.00;0.01;-0.01;-0.39;-0.10;1.40;-90.00;0.00;0.50;0.015
1595263700.534;793;-0.06;1.54;-88.62;-0.10;1.40;-90.00;0.00;0.50;420;0;1;1;-0.17;0.50;0.48;0.00;0.00;-0.01;-0.02;-0.43;-0.10;1.40;-90.00;0.00;0.50;0.015
1595263700.634;803;-0.07;1.49;-91.07;-0.10;1.40;-90.00;0.00;0.50;420;0;1;1;-0.03;0.50;0.49;0.00;0.00;0.00;0.00;-0.40;-0.10;1.40;-90.00;0.00;0.50;0.015
1595263700.734;813;-0.07;1.44;-92.52;-0.10;1.40;-90.00;0.00;0.50;420;0;1;1;0.05;0.50;0.49;0.00;0.00;-0.00;-0.02;-0.24;-0.10;1.40;-90.00;0.00;0.50;0.015
1595263700.834;823;-0.08;1.40;-92.29;-0.10;1.21;-90.00;-0.00;0.50;420;1;1;1;0.06;0.50;0.49;0.00;0.00;0.01;0.03;-0.04;-0.10;1.40;-90.00;0.00;0.50;0.015
1595263700.949;835;-0.09;1.35;-91.69;-0.11;0.82;-98.63;-0.49;0.50;419;1;1;4;0.05;0.50;0.49;0.00;0.00;-0.01;-0.01;0.01;-0.10;1.36;-90.00;-0.00;0.50;0.019
1595263701.030;843;-0.09;1.31;-91.65;-0.11;0.82;-98.63;-0.49;0.50;419;1;1;4;0.58;0.50;0.49;0.00;0.00;0.00;0.02;0.04;-0.10;1.00;-90.00;-0.06;0.06;0.011
1595263701.130;853;-0.10;1.26;-90.40;-0.11;0.82;-98.63;-0.49;0.50;419;1;1;4;0.44;0.50;0.48;0.00;0.00;-0.01;-0.03;0.27;-0.10;1.00;-90.00;-0.06;0.06;0.011
1595263701.230;863;-0.10;1.22;-84.99;-0.11;0.82;-98.63;-0.49;0.50;419;1;1;4;0.12;0.50;0.49;0.00;0.00;0.02;0.02;0.64;-0.10;1.00;-90.00;-0.06;0.06;0.011
1595263701.330;873;-0.11;1.17;-82.42;-0.11;0.82;-98.63;-0.49;0.50;419;1;1;4;-0.07;0.50;0.61;0.00;0.00;0.05;0.01;0.38;-0.10;1.00;-90.00;-0.06;0.06;0.011
1595263701.430;883;-0.10;1.13;-82.48;-0.11;0.82;-98.63;-0.49;0.50;419;1;1;4;-0.16;0.50;0.49;0.00;0.00;-0.03;0.02;0.14;-0.10;1.00;-90.00;-0.06;0.06;0.011
1595263701.530;893;-0.10;1.08;-83.58;-0.23;0.47;-116.26;-0.18;0.50;419;2;1;4;-0.20;0.49;0.49;0.00;0.00;0.02;-0.00;-0.10;-0.10;1.00;-90.00;-0.06;0.06;0.011
1595263701.625;902;-0.10;1.03;-85.14;-0.23;0.47;-116.26;-0.18;0.50;419;2;1;4;-0.24;0.48;0.61;0.00;0.00;-0.01;0.10;-0.25;-0.10;1.00;-90.00;-0.06;0.06;0.007
1595263701.725;912;-0.11;0.99;-86.92;-0.23;0.47;-116.26;-0.18;0.50;419;2;1;4;-0.22;0.46;0.49;0.00;0.00;0.01;-0.02;-0.32;-0.10;1.00;-90.02;-0.08;0.08;0.007
1595263701.825;922;-0.11;0.94;-88.98;-0.23;0.47;-116.26;-0.18;0.50;419;2;1;4;-0.34;0.45;0.48;0.00;0.00;0.00;0.03;-0.32;-0.10;0.95;-91.14;-0.26;0.26;0.007
1595263701.925;932;-0.11;0.90;-91.19;-0.23;0.47;-116.26;-0.18;0.50;419;2;1;4;-0.43;0.45;0.46;0.00;0.00;0.01;0.01;-0.39;-0.10;0.90;-93.20;-0.36;0.36;0.007
1595263702.025;942;-0.12;0.86;-94.11;-0.23;0.47;-116.26;-0.18;0.50;419;2;1;4;-0.44;0.45;0.34;0.00;0.00;0.01;-0.02;-0.54;-0.10;0.87;-95.18;-0.42;0.42;0.007
1595263702.125;952;-0.13;0.82;-98.07;-0.23;0.47;-116.26;-0.18;0.50;419;2;1;4;-0.49;0.45;0.44;0.00;0.00;-0.01;0.02;-0.62;-0.11;0.81;-98.90;-0.49;0.50;0.007
1595263702.226;962;-0.14;0.77;-102.31;-0.23;0.47;-116.26;-0.18;0.50;419;2;1;4;-0.39;0.45;0.44;0.00;0.00;-0.01;0.01;-0.70;-0.12;0.77;-101.97;-0.45;0.50;0.007
1595263702.326;972;-0.15;0.73;-106.28;-0.23;0.47;-116.26;-0.18;0.50;419;2;1;4;-0.29;0.45;0.44;0.00;0.00;-0.01;-0.03;-0.66;-0.13;0.73;-104.77;-0.41;0.50;0.007
1595263702.426;982;-0.17;0.70;-109.36;-0.23;0.47;-116.26;-0.18;0.50;419;2;1;4;-0.19;0.45;0.33;0.00;0.00;-0.03;-0.00;-0.50;-0.14;0.70;-106.48;-0.39;0.50;0.007
1595263702.526;992;-0.19;0.66;-111.28;-0.23;0.47;-116.26;-0.18;0.50;419;2;1;4;-0.17;0.45;0.44;0.00;0.00;0.00;-0.00;-0.36;-0.15;0.66;-108.83;-0.35;0.50;0.007
1595263702.626;1002;-0.20;0.62;-112.61;-0.40;0.14;-114.54;0.25;0.50;419;3;1;4;-0.15;0.45;0.44;0.00;0.00;-0.02;0.03;-0.27;-0.17;0.61;-110.91;-0.31;0.50;0.007
1595263702.722;1012;-0.22;0.58;-113.70;-0.40;0.14;-114.54;0.25;0.50;419;3;1;4;-0.13;0.45;0.44;0.00;0.00;-0.03;0.03;-0.23;-0.18;0.57;-112.74;-0.27;0.50;0.004
1595263702.821;1022;-0.25;0.55;-115.04;-0.40;0.14;-114.54;0.25;0.50;419;3;1;4;-0.10;0.45;0.44;0.00;0.00;0.00;-0.03;-0.20;-0.20;0.53;-114.33;-0.24;0.50;0.002
1595263702.921;1032;-0.27;0.51;-115.78;-0.40;0.14;-114.54;0.25;0.50;419;3;1;4;-0.08;0.45;0.44;0.00;0.00;-0.01;0.01;-0.14;-0.22;0.49;-115.67;-0.20;0.50;0.002
1595263703.021;1042;-0.29;0.48;-116.77;-0.40;0.14;-114.54;0.25;0.50;419;3;1;4;-0.03;0.45;0.33;0.00;0.00;0.01;0.02;-0.12;-0.24;0.45;-116.77;-0.15;0.50;0.002
1595263703.121;1052;-0.31;0.44;-117.01;-0.40;0.14;-114.54;0.25;0.50;419;3;1;4;0.01;0.45;0.44;0.00;0.00;-0.01;-0.00;-0.09;-0.25;0.42;-117.34;-0.12;0.50;0.002
1595263703.221;1062;-0.33;0.41;-117.44;-0.40;0.14;-114.54;0.25;0.50;419;3;1;4;0.06;0.45;0.44;0.00;0.00;-0.03;0.05;-0.03;-0.27;0.38;-117.92;-0.07;0.50;0.002
1595263703.321;1072;-0.36;0.37;-117.00;-0.40;0.14;-114.54;0.25;0.50;419;3;1;4;0.08;0.45;0.44;0.00;0.00;-0.00;0.07;0.04;-0.30;0.35;-118.18;-0.02;0.50;0.002
1595263703.421;1082;-0.38;0.34;-116.51;-0.49;-0.21;-90.57;0.63;0.50;419;4;1;4;0.11;0.45;0.44;0.00;0.00;-0.01;-0.04;0.07;-0.32;0.31;-118.12;0.04;0.50;0.002
1595263703.521;1092;-0.40;0.30;-116.09;-0.49;-0.21;-90.57;0.63;0.50;419;4;1;4;0.10;0.45;0.43;0.00;0.00;0.00;-0.01;0.10;-0.34;0.27;-117.74;0.09;0.50;0.002
1595263703.621;1102;-0.42;0.27;-115.30;-0.49;-0.21;-90.57;0.63;0.50;419;4;1;4;0.15;0.46;0.44;0.00;0.00;0.03;0.02;0.11;-0.35;0.24;-117.31;0.12;0.50;0.002
1595263703.720;1112;-0.44;0.23;-114.54;-0.49;-0.21;-90.57;0.63;0.50;419;4;1;4;0.21;0.47;0.44;0.00;0.00;-0.00;-0.02;0.15;-0.37;0.20;-116.39;0.17;0.50;0.002
1595263703.822;1122;-0.47;0.19;-113.13;-0.49;-0.21;-90.57;0.63;0.50;419;4;1;4;0.25;0.48;0.45;0.00;0.00;0.01;0.00;0.23;-0.39;0.16;-115.15;0.23;0.50;0.003
1595263703.922;1132;-0.49;0.16;-111.84;-0.49;-0.21;-90.57;0.63;0.50;419;4;1;4;0.31;0.48;0.46;0.00;0.00;0.03;0.01;0.31;-0.41;0.12;-113.59;0.28;0.50;0.004
1595263704.022;1142;-0.51;0.12;-109.44;-0.49;-0.21;-90.57;0.63;0.50;419;4;1;4;0.33;0.49;0.47;0.00;0.00;-0.04;0.03;0.40;-0.42;0.09;-112.38;0.31;0.50;0.004
1595263704.142;1154;-0.53;0.07;-106.05;-0.50;-0.20;-90.00;-0.00;0.50;79;0;1;0;0.35;0.49;0.48;0.00;0.00;0.00;0.01;0.48;-0.44;0.05;-110.31;0.35;0.50;0.020
1595263704.234;1163;-0.54;0.03;-103.45;-0.50;-0.20;-90.00;-0.00;0.50;79;0;1;0;0.77;0.50;0.48;0.00;0.00;0.02;-0.00;0.52;-0.50;-0.20;-90.00;-0.00;0.50;0.015
1595263704.334;1173;-0.56;-0.01;-99.80;-0.50;-0.20;-90.00;-0.00;0.50;79;0;1;0;0.62;0.50;0.49;0.00;0.00;-0.02;-0.02;0.68;-0.50;-0.20;-90.00;-0.00;0.50;0.015
1595263704.434;1183;-0.57;-0.05;-91.51;-0.50;-0.20;-90.00;-0.00;0.50;79;0;1;0;0.24;0.50;0.49;0.00;0.00;0.00;0.06;1.25;-0.50;-0.20;-90.00;-0.00;0.50;0.015
1595263704.534;1193;-0.58;-0.10;-85.83;-0.50;-0.20;-90.00;-0.00;0.50;79;0;1;0;-0.02;0.50;0.37;0.00;0.00;0.01;0.01;1.06;-0.50;-0.20;-90.00;-0.00;0.50;0.015
1595263704.634;1203;-0.58;-0.14;-84.51;-0.50;-0.20;-90.00;-0.00;0.50;79;0;1;0;-0.07;0.50;0.49;0.00;0.00;0.00;0.02;0.32;-0.50;-0.20;-90.00;-0.00;0.50;0.015
1595263704.734;1213;-0.58;-0.19;-85.33;-0.50;-0.20;-90.00;-0.00;0.50;79;0;1;0;-0.03;0.50;0.49;0.00;0.00;-0.00;-0.01;-0.00;-0.50;-0.20;-90.00;-0.00;0.50;0.015
1595263704.834;1223;-0.58;-0.23;-86.07;-0.50;-0.20;-90.00;-0.00;0.50;79;0;1;0;0.01;0.50;0.49;0.00;0.00;0.03;0.00;-0.08;-0.50;-0.22;-90.00;0.00;0.50;0.015
1595263704.934;1233;-0.59;-0.28;-86.38;-0.50;-0.20;-90.00;-0.00;0.50;79;0;1;0;0.03;0.50;0.49;0.00;0.00;-0.01;0.06;-0.03;-0.50;-0.27;-90.00;0.00;0.50;0.015
1595263705.034;1243;-0.59;-0.33;-86.36;-0.50;-0.50;-90.00;0.00;0.50;79;1;1;0;0.03;0.50;0.49;0.00;0.00;-0.04;0.01;0.02;-0.50;-0.32;-90.00;0.00;0.50;0.015
1595263705.130;1253;-0.59;-0.37;-86.06;-0.50;-0.50;-90.00;0.00;0.50;79;1;1;0;0.02;0.50;0.49;0.00;0.00;-0.00;0.01;0.03;-0.50;-0.36;-90.00;0.00;0.50;0.011
1595263705.230;1263;-0.59;-0.42;-86.05;-0.50;-0.50;-90.00;0.00;0.50;79;1;1;0;0.03;0.50;0.49;0.00;0.00;0.02;0.02;0.01;-0.50;-0.40;-90.00;0.00;0.50;0.011
1595263705.330;1273;-0.60;-0.46;-86.07;-0.50;-0.50;-90.00;0.00;0.50;79;1;1;0;0.03;0.49;0.49;0.00;0.00;0.02;0.02;0.00;-0.50;-0.45;-90.00;0.00;0.50;0.011
1595263705.430;1283;-0.60;-0.51;-86.01;-0.50;-0.50;-90.00;0.00;0.50;79;1;1;0;0.04;0.49;0.49;0.00;0.00;-0.05;0.01;0.04;-0.50;-0.50;-90.00;0.00;0.50;0.011
1595263705.530;1293;-0.60;-0.55;-85.78;-0.50;-0.50;-90.00;0.00;0.50;79;1;1;0;0.03;0.49;0.48;0.00;0.00;0.00;0.02;0.04;-0.50;-0.55;-90.00;0.00;0.50;0.011
1595263705.630;1303;-0.60;-0.60;-85.78;-0.50;-0.50;-90.00;0.00;0.50;79;1;1;0;0.03;0.49;0.48;0.00;0.00;-0.03;0.02;0.02;-0.50;-0.60;-90.00;0.00;0.50;0.011
1595263705.730;1313;-0.60;-0.64;-85.27;-0.50;-0.79;-90.00;-0.00;0.50;79;2;1;0;0.01;0.49;0.48;0.00;0.00;0.02;-0.02;0.07;-0.50;-0.63;-90.00;0.00;0.50;0.011
1595263705.826;1322;-0.60;-0.68;-85.25;-0.50;-0.79;-90.00;-0.00;0.50;79;2;1;0;0.02;0.49;0.49;0.00;0.00;0.01;-0.02;0.01;-0.50;-0.68;-90.00;0.00;0.50;0.007
1595263705.925;1332;-0.60;-0.73;-85.21;-0.50;-0.79;-90.00;-0.00;0.50;79;2;1;0;0.02;0.49;0.49;0.00;0.00;-0.00;-0.02;0.03;-0.50;-0.73;-90.00;-0.00;0.50;0.007
1595263706.026;1342;-0.61;-0.77;-85.10;-0.50;-0.79;-90.00;-0.00;0.50;79;2;1;0;0.01;0.49;0.48;0.00;0.00;0.01;-0.02;0.01;-0.50;-0.76;-90.00;-0.00;0.50;0.007
1595263706.126;1352;-0.61;-0.82;-84.92;-0.50;-0.79;-90.00;-0.00;0.50;79;2;1;0;0.01;0.49;0.60;0.00;0.00;0.03;-0.00;0.00;-0.50;-0.81;-90.00;-0.00;0.50;0.007
1595263706.225;1362;-0.61;-0.87;-84.99;-0.50;-0.79;-90.00;-0.00;0.50;79;2;1;0;0.02;0.49;0.48;0.00;0.00;-0.04;0.04;0.01;-0.50;-0.86;-90.00;-0.00;0.50;0.007
1595263706.326;1372;-0.61;-0.91;-84.82;-0.50;-0.79;-90.00;-0.00;0.50;79;2;1;0;0.01;0.49;0.48;0.00;0.00;-0.03;-0.01;0.03;-0.50;-0.91;-90.00;-0.00;0.50;0.007
1595263706.426;1382;-0.61;-0.96;-84.48;-0.50;-0.79;-90.00;-0.00;0.50;79;2;1;0;-0.01;0.49;0.60;0.00;0.00;0.01;0.00;0.03;-0.50;-0.96;-90.00;-0.00;0.50;0.007
1595263706.526;1392;-0.61;-1.00;-84.55;-0.50;-1.09;-90.00;-0.00;0.50;79;3;1;0;0.00;0.49;0.48;0.00;0.00;0.03;0.01;-0.01;-0.50;-0.99;-90.00;-0.00;0.50;0.007
1595263706.622;1402;-0.61;-1.05;-84.83;-0.50;-1.09;-90.00;-0.00;0.50;79;3;1;0;0.02;0.49;0.36;0.00;0.00;-0.01;-0.00;-0.02;-0.50;-1.04;-90.00;-0.00;0.50;0.004
1595263706.722;1412;-0.61;-1.09;-84.52;-0.50;-1.09;-90.00;-0.00;0.50;79;3;1;0;-0.00;0.49;0.48;0.00;0.00;-0.04;0.01;0.03;-0.50;-1.09;-90.00;-0.00;0.50;0.004
1595263706.822;1422;-0.61;-1.14;-84.36;-0.50;-1.09;-90.00;-0.00;0.50;79;3;1;0;-0.00;0.49;0.48;0.00;0.00;0.01;0.04;0.02;-0.50;-1.14;-90.00;-0.00;0.50;0.004
1595263706.942;1433;-0.61;-1.19;-84.51;-0.50;-1.40;-90.00;0.00;0.50;78;0;1;1;0.01;0.49;0.48;0.00;0.00;-0.02;0.00;0.01;-0.50;-1.19;-90.00;-0.00;0.50;0.019
1595263707.034;1443;-0.61;-1.24;-84.42;-0.50;-1.40;-90.00;0.00;0.50;78;0;1;1;0.00;0.50;0.48;0.00;0.00;0.04;-0.02;0.02;-0.50;-1.40;-90.00;0.00;0.50;0.015
1595263707.134;1453;-0.62;-1.28;-84.34;-0.50;-1.40;-90.00;0.00;0.50;78;0;1;1;0.00;0.50;0.36;0.00;0.00;-0.02;-0.01;0.01;-0.50;-1.40;-90.00;0.00;0.50;0.016
1595263707.227;1462;-0.62;-1.32;-84.26;-0.50;-1.40;-90.00;0.00;0.50;78;0;1;1;-0.00;0.50;0.49;0.00;0.00;0.01;-0.01;0.00;-0.50;-1.40;-90.00;0.00;0.50;0.008
1595263707.327;1472;-0.62;-1.37;-84.33;-0.50;-1.40;-90.00;0.00;0.50;78;0;1;1;0.01;0.50;0.49;0.00;0.00;0.02;-0.01;0.00;-0.50;-1.40;-90.00;0.00;0.50;0.008
1595263707.426;1481;-0.62;-1.41;-84.41;-0.50;-1.40;-90.00;0.00;0.50;78;0;1;1;0.01;0.50;0.49;0.00;0.00;0.02;0.00;-0.01;-0.50;-1.41;-90.00;-0.00;0.50;0.007
1595263707.526;1492;-0.62;-1.46;-84.53;-0.50;-1.40;-90.00;0.00;0.50;78;0;1;1;0.02;0.50;0.49;0.00;0.00;-0.04;0.04;0.01;-0.50;-1.46;-90.00;-0.00;0.50;0.008
1595263707.626;1502;-0.62;-1.51;-84.23;-0.50;-1.40;-90.00;0.00;0.50;78;0;1;1;0.00;0.50;0.49;0.00;0.00;-0.01;-0.01;0.03;-0.50;-1.51;-90.00;-0.00;0.50;0.008
1595263707.726;1511;-0.62;-1.55;-83.97;-0.50;-1.40;-90.00;0.00;0.50;78;0;1;1;-0.01;0.50;0.49;0.00;0.00;0.01;-0.01;0.03;-0.50;-1.55;-90.00;-0.00;0.50;0.007
1595263707.835;1523;-0.62;-1.61;-84.16;-0.48;-2.05;-76.50;0.54;0.50;83;1;1;5;0.00;0.50;0.37;0.00;0.00;0.04;-0.01;-0.01;-0.50;-1.60;-90.00;-0.00;0.50;0.009
1595263707.930;1533;-0.62;-1.65;-84.30;-0.48;-2.05;-76.50;0.54;0.50;83;1;1;5;-0.34;0.49;0.49;0.00;0.00;-0.04;-0.02;-0.01;-0.50;-1.80;-90.00;0.07;0.06;0.011
1595263708.030;1543;-0.62;-1.70;-85.03;-0.48;-2.05;-76.50;0.54;0.50;83;1;1;5;-0.20;0.48;0.49;0.00;0.00;0.01;0.00;-0.25;-0.50;-1.80;-90.00;0.07;0.06;0.011
1595263708.130;1553;-0.62;-1.75;-87.81;-0.48;-2.05;-76.50;0.54;0.50;83;1;1;5;0.02;0.46;0.49;0.00;0.00;-0.03;0.01;-0.30;-0.50;-1.80;-90.00;0.07;0.06;0.012
1595263708.230;1562;-0.63;-1.79;-88.65;-0.48;-2.05;-76.50;0.54;0.50;83;1;1;5;0.15;0.45;0.49;0.00;0.00;0.02;-0.04;-0.03;-0.50;-1.80;-90.00;0.07;0.06;0.011
1595263708.330;1573;-0.63;-1.84;-88.05;-0.48;-2.05;-76.50;0.54;0.50;83;1;1;5;0.32;0.43;0.47;0.00;0.00;0.02;0.01;0.06;-0.50;-1.83;-89.49;0.20;0.18;0.011
1595263708.430;1583;-0.63;-1.87;-85.83;-0.48;-2.05;-76.50;0.54;0.50;83;1;1;5;0.35;0.42;0.45;0.00;0.00;-0.00;-0.01;0.36;-0.50;-1.86;-88.66;0.26;0.24;0.011
1595263708.530;1592;-0.63;-1.91;-83.60;-0.48;-2.05;-76.50;0.54;0.50;83;1;1;5;0.39;0.41;0.44;0.00;0.00;0.01;0.01;0.43;-0.50;-1.89;-87.23;0.33;0.30;0.011
1595263708.630;1603;-0.63;-1.95;-80.45;-0.48;-2.05;-76.50;0.54;0.50;83;1;1;5;0.40;0.40;0.43;0.00;0.00;0.02;-0.02;0.49;-0.50;-1.92;-85.67;0.38;0.35;0.011
1595263708.730;1613;-0.63;-1.99;-77.55;-0.48;-2.05;-76.50;0.54;0.50;83;1;1;5;0.42;0.39;0.42;0.00;0.00;0.01;0.02;0.51;-0.49;-1.96;-83.61;0.43;0.39;0.012
1595263708.830;1623;-0.63;-2.03;-74.45;-0.48;-2.05;-76.50;0.54;0.50;83;1;1;5;0.45;0.39;0.51;0.00;0.00;-0.01;0.02;0.54;-0.49;-2.00;-80.99;0.48;0.44;0.011
1595263708.930;1632;-0.62;-2.06;-71.48;-0.48;-2.05;-76.50;0.54;0.50;83;1;1;5;0.46;0.38;0.40;0.00;0.00;0.02;0.05;0.57;-0.48;-2.02;-78.89;0.51;0.47;0.011
1595263709.030;1643;-0.61;-2.10;-67.81;-0.19;-2.47;-34.86;0.53;0.50;83;2;1;5;0.46;0.38;0.39;0.00;0.00;0.02;0.02;0.57;-0.48;-2.05;-76.50;0.54;0.50;0.011
1595263709.126;1652;-0.60;-2.13;-64.69;-0.19;-2.47;-34.86;0.53;0.50;83;2;1;5;0.23;0.38;0.39;0.00;0.00;-0.03;0.02;0.58;-0.47;-2.08;-73.94;0.54;0.50;0.007
1595263709.225;1661;-0.59;-2.16;-62.05;-0.19;-2.47;-34.86;0.53;0.50;83;2;1;5;0.23;0.39;0.38;0.00;0.00;-0.02;0.04;0.51;-0.46;-2.11;-71.39;0.54;0.50;0.007
1595263709.326;1672;-0.58;-2.19;-60.60;-0.19;-2.47;-34.86;0.53;0.50;83;2;1;5;0.30;0.39;0.38;0.00;0.00;-0.00;0.00;0.29;-0.45;-2.14;-68.85;0.54;0.50;0.007
1595263709.426;1682;-0.56;-2.22;-58.91;-0.19;-2.47;-34.86;0.53;0.50;83;2;1;5;0.35;0.39;0.38;0.00;0.00;0.00;-0.04;0.34;-0.44;-2.17;-66.31;0.54;0.50;0.007
1595263709.526;1692;-0.55;-2.26;-56.49;-0.19;-2.47;-34.86;0.53;0.50;83;2;1;5;0.36;0.40;0.39;0.00;0.00;0.01;0.02;0.40;-0.42;-2.20;-63.77;0.54;0.50;0.007
1595263709.625;1702;-0.53;-2.29;-53.86;-0.19;-2.47;-34.86;0.53;0.50;83;2;1;5;0.37;0.40;0.39;0.00;0.00;0.00;-0.02;0.44;-0.41;-2.23;-61.24;0.54;0.50;0.007
1595263709.725;1712;-0.51;-2.32;-51.27;-0.19;-2.47;-34.86;0.53;0.50;83;2;1;5;0.37;0.40;0.40;0.00;0.00;0.01;-0.01;0.47;-0.40;-2.24;-59.97;0.54;0.50;0.007
1595263709.825;1722;-0.50;-2.35;-48.32;-0.19;-2.47;-34.86;0.53;0.50;83;2;1;5;0.36;0.40;0.40;0.00;0.00;0.01;0.00;0.49;-0.38;-2.27;-57.44;0.54;0.50;0.007
1595263709.925;1732;-0.48;-2.38;-45.59;-0.19;-2.47;-34.86;0.53;0.50;83;2;1;5;0.37;0.40;0.40;0.00;0.00;-0.03;0.02;0.49;-0.37;-2.29;-54.92;0.54;0.50;0.007
1595263710.025;1742;-0.45;-2.41;-42.81;-0.19;-2.47;-34.86;0.53;0.50;83;2;1;5;0.37;0.39;0.40;0.00;0.00;-0.01;0.00;0.49;-0.35;-2.32;-52.40;0.54;0.50;0.007
1595263710.125;1752;-0.43;-2.44;-40.12;-0.19;-2.47;-34.86;0.53;0.50;83;2;1;5;0.38;0.39;0.40;0.00;0.00;0.02;0.01;0.48;-0.33;-2.34;-49.88;0.54;0.50;0.006
1595263710.222;1762;-0.41;-2.47;-37.28;-0.19;-2.47;-34.86;0.53;0.50;83;2;1;5;0.37;0.38;0.40;0.00;0.00;0.03;0.04;0.47;-0.31;-2.36;-47.37;0.54;0.50;0.004
1595263710.322;1772;-0.38;-2.49;-34.74;-0.19;-2.47;-34.86;0.53;0.50;83;2;1;5;0.37;0.38;0.39;0.00;0.00;-0.05;0.03;0.45;-0.29;-2.39;-44.86;0.54;0.50;0.003
1595263710.422;1782;-0.36;-2.51;-31.99;-0.19;-2.47;-34.86;0.53;0.50;83;2;1;5;0.36;0.38;0.48;0.00;0.00;0.01;0.00;0.45;-0.27;-2.41;-42.35;0.53;0.50;0.004
1595263710.521;1791;-0.33;-2.53;-29.60;0.29;-2.61;-0.57;0.38;0.50;83;3;0;5;0.36;0.38;0.38;0.00;0.00;0.02;0.01;0.45;-0.24;-2.43;-39.85;0.53;0.50;0.003
1595263710.628;1802;-0.30;-2.55;-26.95;-0.50;-2.60;0.00;-0.00;0.50;20;0;1;0;0.36;0.38;0.37;0.00;0.00;-0.00;0.11;0.43;-0.22;-2.45;-37.35;0.53;0.50;0.002
1595263710.726;1812;-0.30;-2.56;-26.07;-0.50;-2.60;0.00;-0.00;0.50;20;0;0;0;0.36;0.38;0.23;0.00;0.00;0.03;-0.10;0.08;-0.30;-2.60;0.00;0.00;0.50;0.007
1595263710.826;1822;-0.30;-2.55;-26.09;-0.50;-2.60;0.00;-0.00;0.50;20;0;0;0;0.36;0.38;0.05;0.00;0.00;-0.01;-0.02;0.06;-0.31;-2.60;0.00;0.00;0.50;0.007
1595263710.926;1832;-0.30;-2.56;-26.45;-0.50;-2.60;0.00;-0.00;0.50;20;0;0;0;0.36;0.38;0.01;0.00;0.00;0.00;0.01;0.01;-0.31;-2.60;0.00;0.00;0.50;0.007
1595263711.032;1843;-0.30;-2.56;-26.32;-0.50;-2.60;0.00;-0.00;0.50;20;0;0;0;0.36;0.38;0.00;0.00;0.00;0.00;-0.00;0.01;-0.31;-2.60;0.00;0.00;0.50;0.014
1595263711.133;1853;-0.30;-2.56;-26.35;-0.50;-2.60;0.00;-0.00;0.50;20;0;0;0;0.36;0.38;0.00;0.00;0.00;-0.00;0.00;0.01;-0.31;-2.60;0.00;0.00;0.50;0.014
1595263711.233;1863;-0.30;-2.56;-26.27;-0.50;-2.60;0.00;-0.00;0.50;20;0;0;0;0.36;0.38;0.00;0.00;0.00;-0.00;0.00;0.01;-0.31;-2.60;0.00;0.00;0.50;0.014
1595263711.333;1873;-0.30;-2.56;-26.20;-0.50;-2.60;0.00;-0.00;0.50;20;0;0;0;0.36;0.38;0.00;0.00;0.00;-0.00;0.01;0.00;-0.31;-2.60;0.00;0.00;0.50;0.014
1595263711.433;1883;-0.30;-2.56;-26.16;-0.50;-2.60;0.00;-0.00;0.50;20;0;0;0;0.36;0.38;0.00;0.00;0.00;0.00;0.00;0.01;-0.31;-2.60;0.00;0.00;0.50;0.014
1595263711.533;1893;-0.30;-2.56;-26.13;-0.50;-2.60;0.00;-0.00;0.50;20;0;0;0;0.36;0.38;0.00;0.00;0.00;-0.00;0.00;0.01;-0.31;-2.60;0.00;0.00;0.50;0.014
1595263711.652;1904;-0.30;-2.56;-26.08;-0.50;-2.60;0.00;-0.00;0.50;20;0;1;0;0.36;0.38;0.00;0.00;0.00;-0.00;0.00;0.01;-0.30;-2.60;0.00;0.00;0.50;0.004
1595263711.733;1913;-0.30;-2.56;-26.08;-0.50;-2.60;0.00;-0.00;0.50;20;0;0;0;0.36;0.38;0.00;0.00;0.00;-0.00;0.00;0.00;-0.30;-2.60;0.00;0.00;0.50;0.014
1595263711.833;1923;-0.30;-2.56;-26.05;-0.50;-2.60;0.00;-0.00;0.50;20;0;0;0;0.36;0.38;0.00;0.00;0.00;-0.00;0.00;0.00;-0.30;-2.60;0.00;0.00;0.50;0.014
1595263711.933;1933;-0.30;-2.56;-26.20;-0.50;-2.60;0.00;-0.00;0.50;20;0;0;0;0.36;0.38;0.01;0.00;0.00;-0.00;0.00;0.00;-0.30;-2.60;0.00;0.00;0.50;0.014
1595263712.033;1943;-0.30;-2.56;-26.10;-0.50;-2.60;0.00;-0.00;0.50;20;0;0;0;0.36;0.38;0.00;0.00;0.00;-0.00;0.00;-0.01;-0.30;-2.60;0.00;0.00;0.50;0.014
1595263712.133;1953;-0.30;-2.56;-26.17;-0.50;-2.60;0.00;-0.00;0.50;20;0;0;0;0.36;0.38;0.00;0.00;0.00;-0.00;0.00;-0.00;-0.30;-2.60;0.00;0.00;0.50;0.014
1595263712.226;1962;-0.30;-2.56;-26.12;-0.50;-2.60;0.00;-0.00;0.50;20;0;0;0;0.36;0.38;0.00;0.00;0.00;-0.00;0.01;0.00;-0.30;-2.60;0.00;0.00;0.50;0.007
1595263712.326;1972;-0.30;-2.56;-26.12;-0.50;-2.60;0.00;-0.00;0.50;20;0;0;0;0.36;0.38;0.00;0.00;0.00;-0.00;0.01;0.00;-0.30;-2.60;0.00;0.00;0.50;0.007
1595263712.427;1982;-0.30;-2.56;-26.09;-0.50;-2.60;0.00;-0.00;0.50;20;0;0;0;0.36;0.38;0.00;0.00;0.00;-0.00;0.00;0.00;-0.30;-2.60;0.00;0.00;0.50;0.008
1595263712.526;1992;-0.30;-2.56;-26.12;-0.50;-2.60;0.00;-0.00;0.50;20;0;0;0;0.36;0.38;0.00;0.00;0.00;-0.00;0.01;0.00;-0.30;-2.60;0.00;0.00;0.50;0.007
1595263712.635;2003;-0.30;-2.56;-26.19;-0.10;-2.60;0.00;-0.00;0.50;207;0;1;0;0.36;0.38;0.00;0.00;0.00;-0.00;0.01;0.00;-0.30;-2.60;0.00;0.00;0.50;0.002
1595263712.727;2012;-0.30;-2.56;-26.17;-0.10;-2.60;0.00;-0.00;0.50;207;0;0;0;0.36;0.38;0.00;0.00;0.00;-0.00;0.01;0.00;-0.10;-2.60;0.00;-0.00;0.50;0.008
1595263712.827;2022;-0.30;-2.56;-26.17;-0.10;-2.60;0.00;-0.00;0.50;207;0;0;0;0.36;0.38;0.00;0.00;0.00;-0.00;0.00;0.00;-0.10;-2.60;0.00;-0.00;0.50;0.008
1595263712.927;2032;-0.30;-2.56;-26.14;-0.10;-2.60;0.00;-0.00;0.50;207;0;0;0;0.36;0.38;0.00;0.00;0.00;-0.00;0.00;0.01;-0.10;-2.60;0.00;-0.00;0.50;0.008
1595263713.027;2041;-0.30;-2.56;-26.18;-0.10;-2.60;0.00;-0.00;0.50;207;0;0;0;0.36;0.38;0.00;0.00;0.00;-0.00;0.00;0.00;-0.10;-2.60;0.00;-0.00;0.50;0.008
1595263713.127;2052;-0.30;-2.56;-26.12;-0.10;-2.60;0.00;-0.00;0.50;207;0;0;0;0.36;0.38;0.00;0.00;0.00;0.00;0.00;0.01;-0.10;-2.60;0.00;-0.00;0.50;0.008
1595263713.227;2062;-0.30;-2.56;-26.21;-0.10;-2.60;0.00;-0.00;0.50;207;0;0;0;0.36;0.38;0.00;0.00;0.00;-0.00;0.00;0.00;-0.10;-2.60;0.00;-0.00;0.50;0.008
1595263713.327;2072;-0.30;-2.56;-26.11;-0.10;-2.60;0.00;-0.00;0.50;207;0;0;0;0.36;0.38;0.00;0.00;0.00;-0.00;0.00;0.01;-0.10;-2.60;0.00;-0.00;0.50;0.008
1595263713.427;2082;-0.30;-2.56;-26.10;-0.10;-2.60;0.00;-0.00;0.50;207;0;0;0;0.36;0.38;0.00;0.00;0.00;-0.00;0.00;0.00;-0.10;-2.60;0.00;-0.00;0.50;0.008
1595263713.527;2092;-0.30;-2.56;-26.11;-0.10;-2.60;0.00;-0.00;0.50;207;0;0;0;0.36;0.38;0.00;0.00;0.00;-0.00;0.00;0.00;-0.10;-2.60;0.00;-0.00;0.50;0.008
1595263713.641;2104;-0.30;-2.56;-26.12;-0.10;-2.60;0.00;-0.00;0.50;207;0;1;0;0.36;0.38;0.00;0.00;0.00;-0.00;0.00;0.00;-0.10;-2.60;0.00;-0.00;0.50;0.005
1595263713.727;2112;-0.30;-2.56;-26.10;-0.10;-2.60;0.00;-0.00;0.50;207;0;0;0;0.36;0.38;0.00;0.00;0.00;-0.00;0.00;0.00;-0.10;-2.60;0.00;-0.00;0.50;0.008
1595263713.827;2122;-0.30;-2.56;-26.11;-0.10;-2.60;0.00;-0.00;0.50;207;0;0;0;0.36;0.38;-0.00;0.00;0.00;-0.00;0.00;0.00;-0.10;-2.60;0.00;-0.00;0.50;0.008
1595263713.927;2132;-0.30;-2.56;-26.11;-0.10;-2.60;0.00;-0.00;0.50;207;0;0;0;0.36;0.38;0.00;0.00;0.00;-0.00;0.01;0.00;-0.10;-2.60;0.00;-0.00;0.50;0.008
1595263714.027;2142;-0.30;-2.56;-26.11;-0.10;-2.60;0.00;-0.00;0.50;207;0;0;0;0.36;0.38;0.00;0.00;0.00;-0.00;0.01;0.00;-0.10;-2.60;0.00;-0.00;0.50;0.008
1595263714.127;2152;-0.30;-2.56;-26.14;-0.10;-2.60;0.00;-0.00;0.50;207;0;0;0;0.36;0.38;-0.00;0.00;0.00;-0.00;0.01;0.00;-0.10;-2.60;0.00;-0.00;0.50;0.008
1595263714.227;2162;-0.30;-2.56;-26.12;-0.10;-2.60;0.00;-0.00;0.50;207;0;0;0;0.36;0.38;0.00;0.00;0.00;-0.00;0.00;0.00;-0.10;-2.60;0.00;-0.00;0.50;0.008
1595263714.327;2172;-0.30;-2.56;-26.15;-0.10;-2.60;0.00;-0.00;0.50;207;0;0;0;0.36;0.38;0.00;0.00;0.00;-0.00;0.01;0.00;-0.10;-2.60;0.00;-0.00;0.50;0.008
1595263714.427;2182;-0.30;-2.56;-26.14;-0.10;-2.60;0.00;-0.00;0.50;207;0;0;0;0.36;0.38;0.00;0.00;0.00;-0.00;0.01;0.00;-0.10;-2.60;0.00;-0.00;0.50;0.008
1595263714.527;2192;-0.30;-2.56;-26.19;-0.10;-2.60;0.00;-0.00;0.50;207;0;0;0;0.36;0.38;0.00;0.00;0.00;-0.00;0.01;0.00;-0.10;-2.60;0.00;-0.00;0.50;0.008
1595263714.641;2204;-0.30;-2.56;-26.11;-0.10;-2.60;0.00;-0.00;0.50;207;0;1;0;0.36;0.38;0.00;0.00;0.00;-0.00;0.00;0.00;-0.10;-2.60;0.00;-0.00;0.50;0.005
1595263714.727;2212;-0.30;-2.56;-26.16;-0.10;-2.60;0.00;-0.00;0.50;207;0;0;0;0.36;0.38;0.00;0.00;0.00;-0.00;0.00;0.00;-0.10;-2.60;0.00;-0.00;0.50;0.008
1595263714.827;2222;-0.30;-2.56;-26.19;-0.10;-2.60;0.00;-0.00;0.50;207;0;0;0;0.36;0.38;-0.00;0.00;0.00;0.00;0.00;0.00;-0.10;-2.60;0.00;-0.00;0.50;0.009
1595263714.927;2232;-0.30;-2.56;-26.11;-0.10;-2.60;0.00;-0.00;0.50;207;0;0;0;0.36;0.38;0.00;0.00;0.00;0.00;0.01;0.00;-0.10;-2.60;0.00;-0.00;0.50;0.008
1595263715.027;2242;-0.30;-2.56;-26.11;-0.10;-2.60;0.00;-0.00;0.50;207;0;0;0;0.36;0.38;0.00;0.00;0.00;-0.00;0.00;0.00;-0.10;-2.60;0.00;-0.00;0.50;0.008
1595263715.127;2252;-0.30;-2.56;-26.14;-0.10;-2.60;0.00;-0.00;0.50;207;0;0;0;0.36;0.38;0.00;0.00;0.00;-0.00;0.01;0.00;-0.10;-2.60;0.00;-0.00;0.50;0.009
1595263715.227;2262;-0.30;-2.56;-26.11;-0.10;-2.60;0.00;-0.00;0.50;207;0;0;0;0.36;0.38;-0.00;0.00;0.00;-0.00;0.00;0.00;-0.10;-2.60;0.00;-0.00;0.50;0.008
1595263715.328;2272;-0.30;-2.56;-26.13;-0.10;-2.60;0.00;-0.00;0.50;207;0;0;0;0.36;0.38;-0.00;0.00;0.00;-0.00;0.01;0.00;-0.10;-2.60;0.00;-0.00;0.50;0.009
1595263715.427;2282;-0.30;-2.56;-26.11;-0.10;-2.60;0.00;-0.00;0.50;207;0;0;0;0.36;0.38;-0.00;0.00;0.00;-0.00;0.01;0.00;-0.10;-2.60;0.00;-0.00;0.50;0.008
1595263715.527;2292;-0.30;-2.56;-26.13;-0.10;-2.60;0.00;-0.00;0.50;207;0;0;0;0.36;0.38;0.00;0.00;0.00;-0.00;0.00;0.00;-0.10;-2.60;0.00;-0.00;0.50;0.008
1595263715.630;2303;-0.30;-2.56;-26.10;-0.10;-2.60;0.00;-0.00;0.50;207;0;1;0;0.36;0.38;0.00;0.00;0.00;-0.00;0.00;0.00;-0.10;-2.60;0.00;-0.00;0.50;0.003
1595263715.723;2312;-0.30;-2.56;-26.11;-0.10;-2.60;0.00;-0.00;0.50;207;0;0;0;0.36;0.38;0.00;0.00;0.00;-0.00;0.00;0.00;-0.10;-2.60;0.00;-0.00;0.50;0.004
1595263715.823;2322;-0.30;-2.56;-26.11;-0.10;-2.60;0.00;-0.00;0.50;207;0;0;0;0.36;0.38;-0.00;0.00;0.00;-0.00;0.00;0.01;-0.10;-2.60;0.00;-0.00;0.50;0.005
1595263715.923;2332;-0.30;-2.56;-26.11;-0.10;-2.60;0.00;-0.00;0.50;207;0;0;0;0.36;0.38;0.00;0.00;0.00;-0.00;0.01;0.00;-0.10;-2.60;0.00;-0.00;0.50;0.005
1595263716.023;2342;-0.30;-2.56;-26.12;-0.10;-2.60;0.00;-0.00;0.50;207;0;0;0;0.36;0.38;0.00;0.00;0.00;0.00;0.01;0.00;-0.10;-2.60;0.00;-0.00;0.50;0.005
1595263716.123;2352;-0.30;-2.56;-26.13;-0.10;-2.60;0.00;-0.00;0.50;207;0;0;0;0.36;0.38;0.00;0.00;0.00;-0.00;0.00;0.00;-0.10;-2.60;0.00;-0.00;0.50;0.004
1595263716.223;2362;-0.30;-2.56;-26.11;-0.10;-2.60;0.00;-0.00;0.50;207;0;0;0;0.36;0.38;0.00;0.00;0.00;-0.00;0.01;0.00;-0.10;-2.60;0.00;-0.00;0.50;0.004
1595263716.323;2372;-0.30;-2.56;-26.14;-0.10;-2.60;0.00;-0.00;0.50;207;0;0;0;0.36;0.38;0.00;0.00;0.00;-0.00;0.01;0.00;-0.10;-2.60;0.00;-0.00;0.50;0.004
1595263716.423;2382;-0.30;-2.56;-26.13;-0.10;-2.60;0.00;-0.00;0.50;207;0;0;0;0.36;0.38;0.00;0.00;0.00;-0.00;0.00;0.00;-0.10;-2.60;0.00;-0.00;0.50;0.004
1595263716.523;2392;-0.30;-2.56;-26.18;-0.10;-2.60;0.00;-0.00;0.50;207;0;0;0;0.36;0.38;0.00;0.00;0.00;-0.00;0.00;0.00;-0.10;-2.60;0.00;-0.00;0.50;0.004
1595263716.630;2403;-0.30;-2.56;-26.19;-0.10;-2.60;0.00;-0.00;0.50;207;0;1;0;0.36;0.38;0.00;0.00;0.00;-0.00;0.01;0.00;-0.10;-2.60;0.00;-0.00;0.50;0.002
1595263716.723;2412;-0.30;-2.56;-26.20;-0.10;-2.60;0.00;-0.00;0.50;207;0;0;0;0.36;0.38;0.00;0.00;0.00;-0.00;0.00;0.00;-0.10;-2.60;0.00;-0.00;0.50;0.004
1595263716.823;2422;-0.30;-2.56;-26.19;-0.10;-2.60;0.00;-0.00;0.50;207;0;0;0;0.36;0.38;0.00;0.00;0.00;-0.00;0.01;0.00;-0.10;-2.60;0.00;-0.00;0.50;0.004
1595263716.924;2432;-0.30;-2.56;-26.13;-0.10;-2.60;0.00;-0.00;0.50;207;0;0;0;0.36;0.38;0.00;0.00;0.00;-0.00;0.01;0.00;-0.10;-2.60;0.00;-0.00;0.50;0.005
1595263717.023;2442;-0.30;-2.56;-26.19;-0.10;-2.60;0.00;-0.00;0.50;207;0;0;0;0.36;0.38;0.00;0.00;0.00;0.00;0.00;0.00;-0.10;-2.60;0.00;-0.00;0.50;0.004
1595263717.123;2451;-0.30;-2.56;-26.18;-0.10;-2.60;0.00;-0.00;0.50;207;0;0;0;0.36;0.38;-0.00;0.00;0.00;-0.00;0.00;0.00;-0.10;-2.60;0.00;-0.00;0.50;0.004
1595263717.223;2462;-0.30;-2.56;-26.14;-0.10;-2.60;0.00;-0.00;0.50;207;0;0;0;0.36;0.38;0.00;0.00;0.00;-0.00;0.00;0.00;-0.10;-2.60;0.00;-0.00;0.50;0.005
1595263717.323;2472;-0.30;-2.56;-26.13;-0.10;-2.60;0.00;-0.00;0.50;207;0;0;0;0.36;0.38;0.00;0.00;0.00;-0.00;0.00;0.00;-0.10;-2.60;0.00;-0.00;0.50;0.005
1595263717.423;2482;-0.30;-2.56;-26.18;-0.10;-2.60;0.00;-0.00;0.50;207;0;0;0;0.36;0.38;0.00;0.00;0.00;-0.00;0.01;0.00;-0.10;-2.60;0.00;-0.00;0.50;0.004
1595263717.523;2492;-0.30;-2.56;-26.17;-0.10;-2.60;0.00;-0.00;0.50;207;0;0;0;0.36;0.38;0.00;0.00;0.00;-0.00;0.00;0.00;-0.10;-2.60;0.00;-0.00;0.50;0.005
1595263717.631;2503;-0.30;-2.56;-26.17;-0.10;-2.60;0.00;-0.00;0.50;207;0;1;0;0.36;0.38;0.00;0.00;0.00;-0.00;0.00;-0.00;-0.10;-2.60;0.00;-0.00;0.50;0.003
1595263717.723;2512;-0.30;-2.56;-26.15;-0.10;-2.60;0.00;-0.00;0.50;207;0;0;0;0.36;0.38;0.00;0.00;0.00;-0.00;0.00;0.00;-0.10;-2.60;0.00;-0.00;0.50;0.004
1595263717.823;2522;-0.30;-2.56;-26.03;-0.10;-2.60;0.00;-0.00;0.50;207;0;0;0;0.36;0.38;0.00;0.00;0.00;-0.00;0.00;0.00;-0.10;-2.60;0.00;-0.00;0.50;0.005
1595263717.923;2532;-0.30;-2.56;-26.19;-0.10;-2.60;0.00;-0.00;0.50;207;0;0;0;0.36;0.38;0.00;0.00;0.00;-0.00;0.00;0.00;-0.10;-2.60;0.00;-0.00;0.50;0.005
1595263718.023;2542;-0.30;-2.56;-26.12;-0.10;-2.60;0.00;-0.00;0.50;207;0;0;0;0.36;0.38;0.00;0.00;0.00;-0.00;0.01;0.00;-0.10;-2.60;0.00;-0.00;0.50;0.005
1595263718.123;2552;-0.30;-2.56;-26.17;-0.10;-2.60;0.00;-0.00;0.50;207;0;0;0;0.36;0.38;0.00;0.00;0.00;-0.00;0.00;0.00;-0.10;-2.60;0.00;-0.00;0.50;0.005
1595263718.223;2562;-0.30;-2.56;-26.09;-0.10;-2.60;0.00;-0.00;0.50;207;0;0;0;0.36;0.38;0.00;0.00;0.00;-0.00;0.00;0.00;-0.10;-2.60;0.00;-0.00;0.50;0.005
1595263718.323;2572;-0.30;-2.56;-26.05;-0.10;-2.60;0.00;-0.00;0.50;207;0;0;0;0.36;0.38;-0.00;0.00;0.00;0.00;0.00;0.00;-0.10;-2.60;0.00;-0.00;0.50;0.005
1595263718.423;2582;-0.30;-2.56;-26.07;-0.10;-2.60;0.00;-0.00;0.50;207;0;0;0;0.36;0.38;-0.00;0.00;0.00;0.00;0.01;0.00;-0.10;-2.60;0.00;-0.00;0.50;0.004
1595263718.523;2592;-0.30;-2.56;-25.98;-0.10;-2.60;0.00;-0.00;0.50;207;0;0;0;0.36;0.38;-0.00;0.00;0.00;-0.00;0.00;0.00;-0.10;-2.60;0.00;-0.00;0.50;0.004
1595263718.631;2603;-0.30;-2.56;-26.04;-0.10;-2.60;0.00;-0.00;0.50;207;0;1;0;0.36;0.38;-0.00;0.00;0.00;-0.00;0.00;0.00;-0.10;-2.60;0.00;-0.00;0.50;0.003
1595263718.723;2612;-0.30;-2.56;-26.04;-0.10;-2.60;0.00;-0.00;0.50;207;0;0;0;0.36;0.38;-0.00;0.00;0.00;-0.00;0.00;0.00;-0.10;-2.60;0.00;-0.00;0.50;0.004
1595263718.823;2622;-0.30;-2.56;-26.12;-0.10;-2.60;0.00;-0.00;0.50;207;0;0;0;0.36;0.38;-0.00;0.00;0.00;-0.00;0.00;0.00;-0.10;-2.60;0.00;-0.00;0.50;0.005
1595263718.923;2632;-0.30;-2.56;-26.06;-0.10;-2.60;0.00;-0.00;0.50;207;0;0;0;0.36;0.38;-0.00;0.00;0.00;-0.00;0.00;0.00;-0.10;-2.60;0.00;-0.00;0.50;0.004
1595263719.023;2642;-0.30;-2.56;-26.05;-0.10;-2.60;0.00;-0.00;0.50;207;0;0;0;0.36;0.38;-0.00;0.00;0.00;0.00;0.00;0.00;-0.10;-2.60;0.00;-0.00;0.50;0.005
1595263719.123;2652;-0.30;-2.56;-26.15;-0.10;-2.60;0.00;-0.00;0.50;207;0;0;0;0.36;0.38;0.00;0.00;0.00;-0.00;0.01;0.00;-0.10;-2.60;0.00;-0.00;0.50;0.004
1595263719.223;2662;-0.30;-2.56;-25.99;-0.10;-2.60;0.00;-0.00;0.50;207;0;0;0;0.36;0.38;0.00;0.00;0.00;-0.00;0.01;0.00;-0.10;-2.60;0.00;-0.00;0.50;0.004
1595263719.323;2672;-0.30;-2.56;-26.03;-0.10;-2.60;0.00;-0.00;0.50;207;0;0;0;0.36;0.38;-0.00;0.00;0.00;-0.00;0.01;0.00;-0.10;-2.60;0.00;-0.00;0.50;0.004
1595263719.423;2682;-0.30;-2.56;-26.11;-0.10;-2.60;0.00;-0.00;0.50;207;0;0;0;0.36;0.38;-0.00;0.00;0.00;-0.00;0.01;0.00;-0.10;-2.60;0.00;-0.00;0.50;0.004
1595263719.523;2692;-0.30;-2.56;-26.04;-0.10;-2.60;0.00;-0.00;0.50;207;0;0;0;0.36;0.38;-0.00;0.00;0.00;-0.00;0.00;0.00;-0.10;-2.60;0.00;-0.00;0.50;0.004
1595263719.631;2703;-0.30;-2.56;-26.13;-0.10;-2.60;0.00;-0.00;0.50;207;0;1;0;0.36;0.38;-0.00;0.00;0.00;-0.00;0.00;0.00;-0.10;-2.60;0.00;-0.00;0.50;0.003
1595263719.723;2712;-0.30;-2.56;-26.14;-0.10;-2.60;0.00;-0.00;0.50;207;0;0;0;0.36;0.38;0.00;0.00;0.00;-0.00;0.01;0.00;-0.10;-2.60;0.00;-0.00;0.50;0.004
1595263719.823;2722;-0.30;-2.56;-26.16;-0.10;-2.60;0.00;-0.00;0.50;207;0;0;0;0.36;0.38;0.00;0.00;0.00;-0.00;0.00;0.00;-0.10;-2.60;0.00;-0.00;0.50;0.004
1595263719.924;2732;-0.30;-2.56;-26.01;-0.10;-2.60;0.00;-0.00;0.50;207;0;0;0;0.36;0.38;-0.00;0.00;0.00;0.00;0.00;0.00;-0.10;-2.60;0.00;-0.00;0.50;0.006
1595263720.024;2742;-0.30;-2.56;-26.05;-0.10;-2.60;0.00;-0.00;0.50;207;0;0;0;0.36;0.38;-0.00;0.00;0.00;-0.00;0.00;0.00;-0.10;-2.60;0.00;-0.00;0.50;0.005
1595263720.124;2752;-0.30;-2.56;-26.07;-0.10;-2.60;0.00;-0.00;0.50;207;0;0;0;0.36;0.38;-0.00;0.00;0.00;-0.00;0.00;0.00;-0.10;-2.60;0.00;-0.00;0.50;0.005
1595263720.223;2762;-0.30;-2.56;-26.05;-0.10;-2.60;0.00;-0.00;0.50;207;0;0;0;0.36;0.38;-0.00;0.00;0.00;-0.00;0.01;0.00;-0.10;-2.60;0.00;-0.00;0.50;0.005
1595263720.323;2772;-0.30;-2.56;-26.15;-0.10;-2.60;0.00;-0.00;0.50;207;0;0;0;0.36;0.38;-0.00;0.00;0.00;-0.00;0.00;0.00;-0.10;-2.60;0.00;-0.00;0.50;0.004
1595263720.423;2782;-0.30;-2.56;-26.06;-0.10;-2.60;0.00;-0.00;0.50;207;0;0;0;0.36;0.38;-0.00;0.00;0.00;-0.00;0.01;0.00;-0.10;-2.60;0.00;-0.00;0.50;0.004
1595263720.523;2792;-0.30;-2.56;-26.01;-0.10;-2.60;0.00;-0.00;0.50;207;0;0;0;0.36;0.38;0.00;0.00;0.00;-0.00;0.01;0.00;-0.10;-2.60;0.00;-0.00;0.50;0.004
1595263720.630;2803;-0.30;-2.56;-26.05;-0.10;-2.60;0.00;-0.00;0.50;207;0;1;0;0.36;0.38;0.00;0.00;0.00;-0.00;0.01;0.00;-0.10;-2.60;0.00;-0.00;0.50;0.002
1595263720.727;2812;-0.30;-2.56;-26.05;-0.10;-2.60;0.00;-0.00;0.50;207;0;0;0;0.36;0.38;-0.00;0.00;0.00;-0.00;0.01;0.00;-0.10;-2.60;0.00;-0.00;0.50;0.008
1595263720.827;2822;-0.30;-2.56;-26.04;-0.10;-2.60;0.00;-0.00;0.50;207;0;0;0;0.36;0.38;-0.00;0.00;0.00;-0.00;0.00;0.00;-0.10;-2.60;0.00;-0.00;0.50;0.008
1595263720.923;2832;-0.30;-2.56;-26.09;-0.10;-2.60;0.00;-0.00;0.50;207;0;0;0;0.36;0.38;-0.00;0.00;0.00;-0.00;0.00;0.00;-0.10;-2.60;0.00;-0.00;0.50;0.004
1595263721.023;2842;-0.30;-2.56;-26.05;-0.10;-2.60;0.00;-0.00;0.50;207;0;0;0;0.36;0.38;-0.00;0.00;0.00;-0.00;0.00;0.00;-0.10;-2.60;0.00;-0.00;0.50;0.004
1595263721.123;2852;-0.30;-2.56;-26.05;-0.10;-2.60;0.00;-0.00;0.50;207;0;0;0;0.36;0.38;-0.00;0.00;0.00;-0.00;0.00;0.00;-0.10;-2.60;0.00;-0.00;0.50;0.004
1595263721.223;2862;-0.30;-2.56;-26.10;-0.10;-2.60;0.00;-0.00;0.50;207;0;0;0;0.36;0.38;-0.00;0.00;0.00;-0.00;0.00;0.00;-0.10;-2.60;0.00;-0.00;0.50;0.004
1595263721.323;2872;-0.30;-2.56;-26.05;-0.10;-2.60;0.00;-0.00;0.50;207;0;0;0;0.36;0.38;-0.00;0.00;0.00;-0.00;0.01;0.00;-0.10;-2.60;0.00;-0.00;0.50;0.004
1595263721.423;2882;-0.30;-2.56;-26.06;-0.10;-2.60;0.00;-0.00;0.50;207;0;0;0;0.36;0.38;-0.00;0.00;0.00;-0.00;0.00;0.00;-0.10;-2.60;0.00;-0.00;0.50;0.004
1595263721.523;2892;-0.30;-2.56;-26.04;-0.10;-2.60;0.00;-0.00;0.50;207;0;0;0;0.36;0.38;-0.00;0.00;0.00;-0.00;0.00;0.00;-0.10;-2.60;0.00;-0.00;0.50;0.004
1595263721.630;2903;-0.30;-2.56;-26.02;-0.10;-2.60;0.00;-0.00;0.50;207;0;1;0;0.36;0.38;-0.00;0.00;0.00;-0.00;0.00;0.00;-0.10;-2.60;0.00;-0.00;0.50;0.002
1595263721.723;2912;-0.30;-2.56;-26.11;-0.10;-2.60;0.00;-0.00;0.50;207;0;0;0;0.36;0.38;-0.00;0.00;0.00;-0.00;0.00;-0.00;-0.10;-2.60;0.00;-0.00;0.50;0.004
1595263721.823;2922;-0.30;-2.56;-26.05;-0.10;-2.60;0.00;-0.00;0.50;207;0;0;0;0.36;0.38;-0.00;0.00;0.00;-0.00;0.01;0.00;-0.10;-2.60;0.00;-0.00;0.50;0.004
1595263721.923;2932;-0.30;-2.56;-26.03;-0.10;-2.60;0.00;-0.00;0.50;207;0;0;0;0.36;0.38;-0.00;0.00;0.00;0.00;0.00;0.00;-0.10;-2.60;0.00;-0.00;0.50;0.004
1595263722.023;2942;-0.30;-2.56;-26.06;-0.10;-2.60;0.00;-0.00;0.50;207;0;0;0;0.36;0.38;-0.00;0.00;0.00;-0.00;0.01;0.00;-0.10;-2.60;0.00;-0.00;0.50;0.004
1595263722.123;2952;-0.30;-2.56;-25.98;-0.10;-2.60;0.00;-0.00;0.50;207;0;0;0;0.36;0.38;-0.00;0.00;0.00;-0.00;0.00;0.00;-0.10;-2.60;0.00;-0.00;0.50;0.004
1595263722.223;2962;-0.30;-2.56;-26.08;-0.10;-2.60;0.00;-0.00;0.50;207;0;0;0;0.36;0.38;-0.00;0.00;0.00;-0.00;0.00;0.00;-0.10;-2.60;0.00;-0.00;0.50;0.005
1595263722.327;2972;-0.30;-2.56;-26.05;-0.10;-2.60;0.00;-0.00;0.50;207;0;0;0;0.36;0.38;-0.00;0.00;0.00;-0.00;0.00;0.00;-0.10;-2.60;0.00;-0.00;0.50;0.008
1595263722.423;2982;-0.30;-2.56;-26.17;-0.10;-2.60;0.00;-0.00;0.50;207;0;0;0;0.36;0.38;-0.00;0.00;0.00;-0.00;0.00;0.00;-0.10;-2.60;0.00;-0.00;0.50;0.005
1595263722.523;2992;-0.30;-2.56;-26.03;-0.10;-2.60;0.00;-0.00;0.50;207;0;0;0;0.36;0.38;-0.00;0.00;0.00;-0.00;0.00;0.00;-0.10;-2.60;0.00;-0.00;0.50;0.004
1595263722.630;3003;-0.30;-2.56;-26.03;-0.10;-2.60;0.00;-0.00;0.50;207;0;1;0;0.36;0.38;-0.00;0.00;0.00;-0.00;0.01;0.00;-0.10;-2.60;0.00;-0.00;0.50;0.003
1595263722.723;3012;-0.30;-2.56;-26.17;-0.10;-2.60;0.00;-0.00;0.50;207;0;0;0;0.36;0.38;-0.00;0.00;0.00;-0.00;0.00;0.00;-0.10;-2.60;0.00;-0.00;0.50;0.005
