t;frame;x;y;z;x_ref;y_ref;z_ref;delta_ref;u_ref;state;ellipse;control;action;delta;u;vx;vy;vz;wx;wy;wz;xr;yr;zr;delr;ur
161431.885;14;-0.30;-2.25;179.96;-0.44;-2.16;180.00;0.00;0.50;816;1;1;0;-0.22;0.02;0.00;0.00;-0.00;-0.00;-0.00;0.00;-0.31;-2.16;180.00;0.00;0.50;0.099
161431.925;16;-0.30;-2.25;179.95;-0.44;-2.16;180.00;0.00;0.50;816;1;1;0;-0.22;0.05;0.01;0.00;-0.00;0.00;0.01;-0.01;-0.31;-2.16;180.00;0.00;0.50;0.022
161432.005;24;-0.30;-2.25;179.81;-0.44;-2.16;180.00;0.00;0.50;816;1;1;0;-0.22;0.07;0.05;-0.00;-0.00;0.00;-0.00;-0.04;-0.31;-2.16;180.00;0.00;0.50;0.011
161432.115;34;-0.31;-2.25;179.60;-0.44;-2.16;180.00;0.00;0.50;816;1;1;0;-0.20;0.09;0.07;-0.00;0.00;0.03;-0.05;-0.02;-0.31;-2.16;180.00;0.00;0.50;0.018
161432.215;44;-0.32;-2.25;179.42;-0.44;-2.16;180.00;0.00;0.50;816;1;1;0;-0.20;0.11;0.09;0.00;0.00;0.00;-0.01;-0.04;-0.32;-2.16;180.00;0.00;0.50;0.018
161432.305;53;-0.33;-2.25;179.21;-0.44;-2.16;180.00;0.00;0.50;816;1;1;0;-0.19;0.13;0.11;0.00;0.00;-0.00;-0.00;-0.04;-0.33;-2.16;180.00;0.00;0.50;0.016
161432.405;63;-0.34;-2.25;178.97;-0.44;-2.16;180.00;0.00;0.50;816;1;1;0;-0.17;0.15;0.13;0.00;0.00;-0.00;-0.00;-0.04;-0.34;-2.16;180.00;0.00;0.50;0.017
161432.535;78;-0.36;-2.25;178.66;-0.44;-2.16;180.00;0.00;0.50;816;1;1;0;-0.16;0.16;0.15;0.00;0.00;0.00;-0.00;-0.03;-0.35;-2.16;180.00;0.00;0.50;0.042
161432.615;83;-0.37;-2.25;178.57;-0.44;-2.16;180.00;0.00;0.50;816;1;1;0;-0.15;0.18;0.16;-0.00;0.00;0.00;0.00;-0.03;-0.37;-2.16;180.00;0.00;0.50;0.018
161432.715;94;-0.39;-2.25;178.40;-0.44;-2.16;180.00;0.00;0.50;816;1;1;0;-0.14;0.19;0.18;0.00;-0.00;0.00;0.00;-0.03;-0.39;-2.16;180.00;0.00;0.50;0.017
161432.805;103;-0.40;-2.25;178.26;-0.44;-2.16;180.00;0.00;0.50;816;1;1;0;-0.13;0.21;0.20;-0.00;-0.00;0.00;0.00;-0.02;-0.40;-2.16;180.00;0.00;0.50;0.013
161432.935;118;-0.43;-2.25;178.08;-0.44;-2.16;180.00;0.00;0.50;816;1;1;0;-0.12;0.22;0.21;0.00;-0.00;0.00;0.00;-0.02;-0.43;-2.16;180.00;0.00;0.50;0.034
161433.015;123;-0.45;-2.25;178.03;-0.44;-2.16;180.00;0.00;0.50;816;1;1;0;-0.12;0.24;0.22;-0.00;-0.00;0.00;0.00;-0.01;-0.45;-2.16;180.00;0.00;0.50;0.015
161433.125;137;-0.48;-2.25;177.91;-0.44;-2.16;180.00;0.00;0.50;816;1;1;0;-0.11;0.25;0.24;0.00;-0.00;0.00;0.00;-0.02;-0.46;-2.16;180.00;0.00;0.50;0.029
161433.235;148;-0.50;-2.24;177.83;-0.44;-2.16;180.00;0.00;0.50;816;1;1;0;-0.10;0.26;0.25;-0.00;-0.00;0.01;0.00;-0.01;-0.49;-2.16;180.00;0.00;0.50;0.040
161433.315;157;-0.53;-2.24;177.79;-0.44;-2.16;180.00;0.00;0.50;816;1;1;0;-0.10;0.27;0.26;-0.00;-0.00;0.01;0.00;-0.01;-0.51;-2.16;180.00;0.00;0.50;0.018
161433.405;163;-0.54;-2.24;177.75;-0.44;-2.16;180.00;0.00;0.50;816;1;1;0;-0.10;0.28;0.27;-0.00;-0.00;0.01;0.00;-0.01;-0.55;-2.16;180.00;0.00;0.50;0.014
161433.515;176;-0.58;-2.24;177.68;-0.73;-2.16;180.00;-0.00;0.50;816;2;1;0;-0.09;0.29;0.28;-0.00;-0.00;0.01;0.00;-0.01;-0.57;-2.16;180.00;0.00;0.50;0.020
161433.615;186;-0.61;-2.24;177.65;-0.73;-2.16;180.00;-0.00;0.50;816;2;1;0;-0.09;0.30;0.29;-0.00;-0.00;0.01;0.00;-0.01;-0.60;-2.16;180.00;0.00;0.50;0.019
161433.715;197;-0.64;-2.24;177.62;-0.73;-2.16;180.00;-0.00;0.50;816;2;1;0;-0.08;0.30;0.30;-0.00;-0.00;0.01;0.00;-0.00;-0.62;-2.16;180.00;0.00;0.50;0.021
161433.815;206;-0.67;-2.24;177.61;-0.73;-2.16;180.00;-0.00;0.50;816;2;1;0;-0.08;0.30;0.30;-0.00;-0.00;0.01;0.00;-0.00;-0.66;-2.16;180.00;0.00;0.50;0.023
161433.915;216;-0.70;-2.24;177.61;-0.73;-2.16;180.00;-0.00;0.50;816;2;1;0;-0.08;0.30;0.30;-0.00;-0.00;0.01;0.00;-0.00;-0.69;-2.16;180.00;-0.00;0.50;0.023
161434.025;227;-0.73;-2.24;177.62;-0.73;-2.16;180.00;-0.00;0.50;816;2;1;0;-0.07;0.30;0.30;-0.00;-0.00;0.01;0.00;0.00;-0.72;-2.16;180.00;-0.00;0.50;0.029
161434.115;235;-0.75;-2.23;177.62;-0.73;-2.16;180.00;-0.00;0.50;816;2;1;0;-0.07;0.30;0.30;-0.00;-0.00;0.01;0.00;0.00;-0.75;-2.16;180.00;-0.00;0.50;0.013
161434.235;245;-0.78;-2.23;177.63;-0.73;-2.16;180.00;-0.00;0.50;816;2;1;0;-0.07;0.30;0.30;-0.00;-0.00;0.01;0.00;0.00;-0.79;-2.16;180.00;-0.00;0.50;0.020
161434.305;256;-0.82;-2.23;177.64;-0.73;-2.16;180.00;-0.00;0.50;816;2;1;0;-0.06;0.30;0.30;-0.00;-0.00;0.01;0.00;0.00;-0.81;-2.16;180.00;-0.00;0.50;0.015
161434.415;264;-0.84;-2.23;177.65;-1.03;-2.16;180.00;-0.00;0.50;816;3;1;0;-0.06;0.30;0.30;-0.00;-0.00;0.01;0.00;0.00;-0.85;-2.16;180.00;-0.00;0.50;0.019
161434.495;275;-0.87;-2.23;177.67;-1.03;-2.16;180.00;-0.00;0.50;816;3;1;0;-0.06;0.30;0.30;-0.00;-0.00;0.01;0.00;0.00;-0.87;-2.16;180.00;-0.00;0.50;0.007
161434.595;283;-0.90;-2.23;177.68;-1.03;-2.16;180.00;-0.00;0.50;816;3;1;0;-0.06;0.30;0.30;-0.00;-0.00;0.01;0.00;0.00;-0.90;-2.16;180.00;-0.00;0.50;0.004
161434.705;294;-0.93;-2.23;177.69;-1.03;-2.16;180.00;-0.00;0.50;816;3;1;0;-0.06;0.30;0.30;-0.00;-0.00;0.01;0.00;0.00;-0.93;-2.16;180.00;-0.00;0.50;0.003
161434.805;303;-0.96;-2.23;177.70;-1.03;-2.16;180.00;-0.00;0.50;816;3;1;0;-0.05;0.30;0.30;-0.00;-0.00;0.01;0.00;0.00;-0.96;-2.16;180.00;-0.00;0.50;0.005
161434.905;313;-0.99;-2.22;177.72;-1.03;-2.16;180.00;-0.00;0.50;816;3;1;0;-0.05;0.30;0.30;-0.00;-0.00;0.01;0.00;0.00;-0.99;-2.16;180.00;-0.00;0.50;0.006
161435.005;322;-1.02;-2.22;177.73;-1.03;-2.16;180.00;-0.00;0.50;816;3;1;0;-0.05;0.30;0.30;-0.00;-0.00;0.01;0.00;0.00;-1.02;-2.16;180.00;-0.00;0.50;0.006
161435.105;332;-1.05;-2.22;177.75;-1.03;-2.16;180.00;-0.00;0.50;816;3;1;0;-0.05;0.30;0.32;0.01;-0.03;0.03;0.23;-0.01;-1.05;-2.16;180.00;-0.00;0.50;0.005
161435.205;343;-1.08;-2.22;177.74;-1.03;-2.16;180.00;-0.00;0.50;816;3;1;0;-0.05;0.30;0.31;0.01;0.00;0.02;0.00;-0.02;-1.08;-2.16;180.00;-0.00;0.50;0.005
161435.295;351;-1.10;-2.22;177.69;-1.03;-2.16;180.00;-0.00;0.50;816;3;1;0;-0.04;0.30;0.31;0.01;-0.00;-0.01;0.03;-0.01;-1.10;-2.16;180.00;-0.00;0.50;0.003
161435.435;365;-1.15;-2.22;177.48;-1.59;-2.13;166.50;-0.54;0.50;694;1;1;6;-0.03;0.30;0.30;0.01;-0.00;-0.01;0.03;-0.03;-1.14;-2.16;180.00;-0.00;0.50;0.029
161435.535;375;-1.18;-2.22;177.38;-1.59;-2.13;166.50;-0.54;0.50;694;1;1;6;0.32;0.30;0.30;0.00;0.00;0.00;-0.00;-0.01;-1.34;-2.16;180.00;-0.07;0.06;0.036
161435.615;385;-1.21;-2.22;178.17;-1.59;-2.13;166.50;-0.54;0.50;694;1;1;6;0.22;0.30;0.31;-0.01;0.01;-0.01;0.01;0.36;-1.34;-2.16;180.00;-0.07;0.06;0.025
161435.715;394;-1.23;-2.22;179.66;-1.59;-2.13;166.50;-0.54;0.50;694;1;1;6;0.10;0.30;0.30;0.00;0.00;-0.00;0.01;0.19;-1.34;-2.16;180.00;-0.07;0.06;0.015
161435.805;405;-1.27;-2.22;180.15;-1.59;-2.13;166.50;-0.54;0.50;694;1;1;6;0.01;0.30;0.30;0.00;-0.00;-0.00;0.00;0.01;-1.34;-2.16;180.00;-0.07;0.06;0.018
161435.915;414;-1.29;-2.22;179.87;-1.59;-2.13;166.50;-0.54;0.50;694;1;1;6;-0.04;0.29;0.30;0.00;-0.00;-0.00;-0.00;-0.09;-1.34;-2.16;180.00;-0.07;0.06;0.022
161436.015;424;-1.32;-2.22;179.27;-1.59;-2.13;166.50;-0.54;0.50;694;1;1;6;-0.08;0.28;0.29;0.00;-0.00;0.00;0.00;-0.11;-1.34;-2.16;180.00;-0.07;0.06;0.022
161436.125;435;-1.36;-2.22;178.55;-1.59;-2.13;166.50;-0.54;0.50;694;1;1;6;-0.17;0.28;0.28;-0.01;0.00;0.01;-0.07;-0.11;-1.36;-2.16;179.81;-0.15;0.14;0.030
161436.215;444;-1.38;-2.22;177.82;-1.59;-2.13;166.50;-0.54;0.50;694;1;1;6;-0.24;0.27;0.29;0.01;-0.03;0.01;0.25;-0.18;-1.38;-2.16;179.14;-0.23;0.21;0.022
161436.315;454;-1.41;-2.22;176.72;-1.59;-2.13;166.50;-0.54;0.50;694;1;1;6;-0.29;0.27;0.27;0.00;0.00;0.00;0.00;-0.21;-1.41;-2.16;178.36;-0.28;0.26;0.021
161436.415;465;-1.44;-2.21;175.45;-1.59;-2.13;166.50;-0.54;0.50;694;1;1;6;-0.34;0.27;0.27;-0.00;-0.00;0.00;0.00;-0.19;-1.43;-2.16;177.23;-0.33;0.30;0.021
161436.525;474;-1.46;-2.21;174.42;-1.59;-2.13;166.50;-0.54;0.50;694;1;1;6;-0.40;0.27;0.27;0.00;-0.01;0.00;0.00;-0.20;-1.46;-2.16;175.67;-0.38;0.35;0.029
161436.635;488;-1.50;-2.21;172.73;-1.59;-2.13;166.50;-0.54;0.50;694;1;1;6;-0.45;0.28;0.27;0.02;-0.01;-0.00;-0.00;-0.19;-1.49;-2.15;174.36;-0.41;0.38;0.030
161436.745;499;-1.53;-2.20;171.35;-1.59;-2.13;166.50;-0.54;0.50;694;1;1;6;-0.51;0.28;0.26;0.01;-0.01;0.04;0.04;-0.25;-1.51;-2.15;172.80;-0.44;0.41;0.043
161436.805;503;-1.54;-2.20;170.88;-1.59;-2.13;166.50;-0.54;0.50;694;1;1;6;-0.57;0.29;0.27;0.00;-0.01;-0.01;-0.01;-0.21;-1.53;-2.15;170.99;-0.48;0.44;0.014
161436.925;518;-1.58;-2.20;167.69;-2.00;-1.85;124.86;-0.53;0.50;694;2;1;6;-0.55;0.29;0.30;-0.00;-0.01;-0.10;-0.09;-0.42;-1.55;-2.14;169.98;-0.49;0.45;0.025
161437.005;522;-1.59;-2.19;166.90;-2.00;-1.85;124.86;-0.53;0.50;694;2;1;6;-0.53;0.30;0.30;-0.00;-0.01;-0.19;-0.16;-0.31;-1.58;-2.14;167.73;-0.53;0.48;0.009
161437.095;533;-1.63;-2.19;164.57;-2.00;-1.85;124.86;-0.53;0.50;694;2;1;6;-0.56;0.30;0.30;0.02;-0.01;-0.05;-0.04;-0.28;-1.61;-2.13;165.22;-0.54;0.50;0.008
161437.215;546;-1.66;-2.18;161.82;-2.00;-1.85;124.86;-0.53;0.50;694;2;1;6;-0.58;0.30;0.29;0.01;-0.01;0.06;0.04;-0.37;-1.64;-2.12;162.67;-0.54;0.50;0.015
161437.315;556;-1.69;-2.17;160.02;-2.00;-1.85;124.86;-0.53;0.50;694;2;1;6;-0.61;0.30;0.30;-0.00;-0.01;-0.14;-0.10;-0.27;-1.67;-2.11;160.12;-0.54;0.50;0.019
161437.405;566;-1.72;-2.16;157.70;-2.00;-1.85;124.86;-0.53;0.50;694;2;1;6;-0.62;0.30;0.29;0.04;-0.01;0.17;0.10;-0.45;-1.69;-2.10;157.58;-0.54;0.50;0.010
161437.505;575;-1.75;-2.15;155.72;-2.00;-1.85;124.86;-0.53;0.50;694;2;1;6;-0.62;0.30;0.31;-0.01;-0.01;-0.22;-0.13;-0.31;-1.71;-2.09;156.31;-0.54;0.50;0.016
161437.615;584;-1.77;-2.14;153.54;-2.00;-1.85;124.86;-0.53;0.50;694;2;1;6;-0.62;0.30;0.29;0.00;-0.01;0.06;0.03;-0.39;-1.74;-2.08;153.77;-0.54;0.50;0.022
161437.705;594;-1.80;-2.13;151.74;-2.00;-1.85;124.86;-0.53;0.50;694;2;1;6;-0.65;0.30;0.31;0.00;-0.01;-0.15;-0.07;-0.24;-1.76;-2.07;151.24;-0.54;0.50;0.009
161437.805;605;-1.83;-2.11;149.75;-2.00;-1.85;124.86;-0.53;0.50;694;2;1;6;-0.68;0.30;0.30;0.04;-0.01;-0.07;-0.02;-0.31;-1.79;-2.05;148.71;-0.54;0.50;0.009
161437.915;614;-1.85;-2.10;147.93;-2.00;-1.85;124.86;-0.53;0.50;694;2;1;6;-0.71;0.30;0.32;0.04;-0.01;0.03;0.03;-0.27;-1.82;-2.03;146.18;-0.54;0.50;0.019
161438.015;624;-1.88;-2.09;145.89;-2.00;-1.85;124.86;-0.53;0.50;694;2;1;6;-0.73;0.30;0.30;0.08;-0.01;0.08;0.05;-0.60;-1.83;-2.03;144.92;-0.54;0.50;0.022
161438.105;634;-1.91;-2.08;143.39;-2.00;-1.85;124.86;-0.53;0.50;694;2;1;6;-0.74;0.30;0.33;0.05;-0.01;-0.08;-0.01;-0.39;-1.86;-2.01;142.40;-0.54;0.50;0.010
161438.205;644;-1.94;-2.06;140.49;-2.00;-1.85;124.86;-0.53;0.50;694;2;1;6;-0.74;0.30;0.31;0.07;-0.01;0.08;0.01;-0.54;-1.88;-1.99;139.88;-0.54;0.50;0.011
161438.305;655;-1.97;-2.04;137.98;-2.00;-1.85;124.86;-0.53;0.50;694;2;1;6;-0.76;0.30;0.34;0.07;-0.01;-0.16;-0.01;-0.38;-1.90;-1.97;137.37;-0.54;0.50;0.010
161438.405;664;-2.00;-2.03;134.88;-2.00;-1.85;124.86;-0.53;0.50;694;2;1;6;-0.74;0.30;0.32;0.07;-0.01;0.07;0.02;-0.51;-1.93;-1.95;134.86;-0.54;0.50;0.011
161438.525;674;-2.03;-2.01;132.42;-2.15;-1.37;90.57;-0.38;0.50;694;3;1;6;-0.73;0.30;0.34;0.07;-0.01;-0.17;0.01;-0.41;-1.94;-1.93;133.61;-0.53;0.50;0.026
161438.605;682;-2.05;-2.00;129.43;-2.15;-1.37;90.57;-0.38;0.50;694;3;1;6;-0.58;0.30;0.30;0.07;-0.01;0.08;0.00;-0.57;-1.96;-1.91;131.10;-0.53;0.50;0.009
161438.725;698;-2.08;-1.96;125.75;-2.15;-1.37;90.57;-0.38;0.50;694;3;1;6;-0.58;0.30;0.30;0.04;-0.01;0.03;0.00;-0.37;-1.98;-1.89;128.60;-0.53;0.50;0.037
161438.805;702;-2.09;-1.95;125.10;-2.15;-1.37;90.57;-0.38;0.50;694;3;1;6;-0.59;0.30;0.30;0.02;-0.01;-0.05;0.00;-0.24;-1.99;-1.88;127.35;-0.53;0.50;0.013
161438.905;713;-2.11;-1.92;122.93;-2.15;-1.37;90.57;-0.38;0.50;694;3;1;6;-0.61;0.30;0.30;-0.00;-0.01;-0.16;0.02;-0.33;-2.00;-1.85;124.86;-0.53;0.50;0.011
161439.025;726;-2.13;-1.89;120.14;-2.15;-1.37;90.57;-0.38;0.50;694;3;1;6;-0.59;0.30;0.30;0.01;-0.01;-0.05;0.00;-0.29;-2.01;-1.84;123.62;-0.53;0.50;0.028
161439.105;736;-2.15;-1.87;118.54;-2.15;-1.37;90.57;-0.38;0.50;694;3;1;6;-0.63;0.30;0.29;0.02;-0.02;0.18;0.01;-0.41;-2.04;-1.80;119.98;-0.51;0.50;0.011
161439.205;745;-2.16;-1.84;116.72;-2.15;-1.37;90.57;-0.38;0.50;694;3;1;6;-0.62;0.30;0.30;0.00;-0.01;-0.04;0.01;-0.32;-2.05;-1.78;118.79;-0.51;0.50;0.014
161439.305;756;-2.18;-1.81;114.50;-2.15;-1.37;90.57;-0.38;0.50;694;3;1;6;-0.62;0.30;0.29;0.02;-0.01;0.13;-0.03;-0.42;-2.06;-1.76;116.45;-0.50;0.50;0.014
161439.415;765;-2.19;-1.79;112.77;-2.15;-1.37;90.57;-0.38;0.50;694;3;1;6;-0.63;0.30;0.30;0.00;-0.01;-0.07;0.01;-0.28;-2.07;-1.73;114.17;-0.49;0.50;0.015
161439.495;771;-2.20;-1.77;111.82;-2.15;-1.37;90.57;-0.38;0.50;694;3;1;6;-0.64;0.30;0.30;0.02;-0.00;0.02;-0.01;-0.41;-2.08;-1.72;113.05;-0.49;0.50;0.008
161439.605;785;-2.21;-1.73;108.34;-2.15;-1.37;90.57;-0.38;0.50;694;3;1;6;-0.57;0.30;0.31;-0.01;-0.01;-0.23;0.07;-0.33;-2.08;-1.70;111.93;-0.48;0.50;0.018
161439.705;795;-2.22;-1.71;105.66;-2.15;-1.37;90.57;-0.38;0.50;694;3;1;6;-0.55;0.30;0.29;0.00;-0.04;-0.29;-0.05;-0.51;-2.10;-1.66;108.68;-0.47;0.50;0.010
161439.805;804;-2.23;-1.68;103.21;-2.15;-1.37;90.57;-0.38;0.50;694;3;1;6;-0.51;0.30;0.30;0.01;-0.01;-0.01;0.00;-0.37;-2.11;-1.64;107.62;-0.46;0.50;0.012
161439.905;814;-2.24;-1.65;101.20;-2.15;-1.37;90.57;-0.38;0.50;694;3;1;6;-0.50;0.30;0.29;0.02;-0.01;0.16;-0.08;-0.40;-2.11;-1.61;105.53;-0.45;0.50;0.011
161440.015;823;-2.24;-1.62;99.46;-2.15;-1.37;90.57;-0.38;0.50;694;3;1;6;-0.47;0.30;0.31;-0.00;-0.01;-0.15;0.08;-0.29;-2.12;-1.60;104.51;-0.45;0.50;0.011
161440.165;838;-2.25;-1.58;96.65;-2.14;-1.36;90.00;0.00;-0.50;808;0;1;2;-0.46;0.30;0.30;0.00;-0.01;-0.02;0.01;-0.27;-2.13;-1.57;102.49;-0.44;0.50;0.050
161440.265;848;-2.25;-1.55;95.10;-2.13;-1.57;81.37;-0.49;0.50;807;1;1;4;0.01;0.26;0.28;-0.01;-0.09;0.03;-0.46;-0.42;-2.14;-1.56;90.00;-0.00;-0.50;0.034
161440.315;852;-2.25;-1.54;94.74;-2.01;-1.23;63.74;-0.18;0.50;807;2;1;4;-0.79;0.29;0.27;0.01;-0.01;-0.01;0.01;0.07;-2.12;-1.56;80.04;-0.47;0.50;0.017
161440.415;867;-2.26;-1.50;92.87;-2.01;-1.23;63.74;-0.18;0.50;807;2;1;4;-0.79;0.30;0.28;0.02;-0.01;0.05;-0.03;-0.87;-2.12;-1.54;79.02;-0.46;0.50;0.012
161440.505;872;-2.26;-1.48;90.48;-2.01;-1.23;63.74;-0.18;0.50;807;2;1;4;-0.79;0.30;0.30;0.01;-0.01;-0.01;-0.00;-0.79;-2.12;-1.51;77.06;-0.44;0.50;0.017
161440.605;886;-2.26;-1.44;83.93;-2.01;-1.23;63.74;-0.18;0.50;807;2;1;4;-0.79;0.30;0.29;0.03;-0.01;-0.01;0.05;-0.78;-2.11;-1.50;76.13;-0.42;0.50;0.018
161440.715;895;-2.26;-1.42;79.20;-2.01;-1.23;63.74;-0.18;0.50;807;2;1;4;-0.79;0.30;0.33;0.09;-0.07;0.49;-0.10;-1.10;-2.10;-1.47;74.36;-0.40;0.50;0.020
161440.815;905;-2.26;-1.39;73.54;-2.01;-1.23;63.74;-0.18;0.50;807;2;1;4;-0.76;0.30;0.34;0.06;-0.04;0.25;-0.11;-1.09;-2.10;-1.46;73.52;-0.39;0.50;0.023
161440.905;915;-2.25;-1.36;68.56;-2.01;-1.23;63.74;-0.18;0.50;807;2;1;4;-0.58;0.30;0.31;0.02;-0.01;-0.02;0.05;-0.66;-2.09;-1.43;71.93;-0.36;0.50;0.014
161441.015;926;-2.24;-1.32;65.94;-2.01;-1.23;63.74;-0.18;0.50;807;2;1;4;-0.51;0.30;0.29;0.01;-0.01;0.03;-0.05;-0.35;-2.08;-1.38;69.75;-0.32;0.50;0.027
161441.115;935;-2.23;-1.30;64.54;-2.01;-1.23;63.74;-0.18;0.50;807;2;1;4;-0.48;0.30;0.31;0.00;-0.01;0.05;-0.07;-0.23;-2.07;-1.36;68.45;-0.30;0.50;0.010
161441.205;945;-2.22;-1.27;63.51;-2.01;-1.23;63.74;-0.18;0.50;807;2;1;4;-0.45;0.30;0.30;0.01;-0.00;-0.04;0.08;-0.09;-2.06;-1.34;67.84;-0.29;0.50;0.016
161441.305;955;-2.20;-1.24;62.95;-2.01;-1.23;63.74;-0.18;0.50;807;2;1;4;-0.45;0.30;0.31;0.02;-0.01;-0.03;0.06;-0.04;-2.05;-1.32;66.70;-0.26;0.50;0.009
161441.405;964;-2.19;-1.22;62.52;-2.01;-1.23;63.74;-0.18;0.50;807;2;1;4;-0.46;0.30;0.31;0.02;-0.01;-0.00;0.01;-0.08;-2.04;-1.29;65.67;-0.24;0.50;0.012
161441.495;975;-2.18;-1.19;61.85;-2.01;-1.23;63.74;-0.18;0.50;807;2;1;4;-0.45;0.30;0.31;0.02;-0.01;0.01;-0.02;-0.11;-2.02;-1.26;64.75;-0.21;0.50;0.007
161441.605;983;-2.17;-1.17;61.27;-2.01;-1.23;63.74;-0.18;0.50;807;2;1;4;-0.43;0.30;0.30;0.02;-0.01;-0.00;0.00;-0.06;-2.02;-1.25;64.33;-0.20;0.50;0.010
161441.705;994;-2.16;-1.14;60.73;-1.84;-0.90;65.46;0.25;0.50;807;3;1;4;-0.41;0.30;0.29;0.02;-0.01;0.02;-0.05;-0.11;-2.00;-1.21;63.23;-0.15;0.50;0.012
161441.795;1003;-2.14;-1.11;60.54;-1.84;-0.90;65.46;0.25;0.50;807;3;1;4;-0.40;0.30;0.30;0.01;-0.01;0.03;-0.04;-0.08;-1.99;-1.19;62.93;-0.14;0.50;0.006
161441.905;1013;-2.13;-1.09;60.25;-1.84;-0.90;65.46;0.25;0.50;807;3;1;4;-0.37;0.30;0.30;0.01;-0.01;-0.02;0.04;0.02;-1.98;-1.17;62.44;-0.10;0.50;0.007
161441.995;1022;-2.12;-1.06;60.01;-1.84;-0.90;65.46;0.25;0.50;807;3;1;4;-0.35;0.30;0.28;0.02;-0.01;0.02;-0.03;-0.07;-1.96;-1.14;62.08;-0.07;0.50;0.004
161442.095;1033;-2.10;-1.03;60.12;-1.84;-0.90;65.46;0.25;0.50;807;3;1;4;-0.32;0.30;0.30;0.00;-0.01;-0.04;0.09;0.05;-1.95;-1.12;61.87;-0.03;0.50;0.004
161442.195;1041;-2.09;-1.01;60.02;-1.84;-0.90;65.46;0.25;0.50;807;3;1;4;-0.30;0.30;0.28;0.01;-0.01;0.01;-0.03;-0.03;-1.94;-1.09;61.81;0.00;0.50;0.004
161442.295;1052;-2.08;-0.99;60.28;-1.84;-0.90;65.46;0.25;0.50;807;3;1;4;-0.27;0.30;0.30;-0.00;-0.01;0.03;-0.06;0.02;-1.92;-1.06;61.88;0.04;0.50;0.004
161442.395;1065;-2.06;-0.95;60.58;-1.84;-0.90;65.46;0.25;0.50;807;3;1;4;-0.23;0.30;0.30;0.01;-0.01;-0.01;0.02;0.08;-1.92;-1.05;61.97;0.05;0.50;0.007
161442.495;1075;-2.05;-0.93;60.97;-1.84;-0.90;65.46;0.25;0.50;807;3;1;4;-0.20;0.30;0.29;0.00;-0.01;0.03;-0.07;0.03;-1.89;-1.01;62.46;0.11;0.50;0.005
161442.605;1084;-2.03;-0.90;61.39;-1.84;-0.90;65.46;0.25;0.50;807;3;1;4;-0.16;0.30;0.30;0.00;-0.01;-0.02;0.05;0.10;-1.88;-0.98;62.96;0.14;0.50;0.005
161442.705;1094;-2.02;-0.88;61.84;-1.84;-0.90;65.46;0.25;0.50;807;3;1;4;-0.11;0.30;0.29;0.00;-0.01;-0.00;0.01;0.11;-1.87;-0.96;63.61;0.17;0.50;0.005
161442.805;1102;-2.01;-0.86;62.30;-1.75;-0.55;89.43;0.63;0.50;807;4;1;4;-0.07;0.30;0.29;0.00;-0.01;-0.01;0.03;0.14;-1.85;-0.93;64.40;0.21;0.50;0.005
161442.895;1113;-1.99;-0.83;63.05;-1.75;-0.55;89.43;0.63;0.50;807;4;1;4;0.13;0.30;0.30;0.00;-0.01;-0.02;0.03;0.15;-1.84;-0.90;65.34;0.24;0.50;0.005
161443.055;1128;-1.97;-0.79;64.86;-1.73;-0.37;81.37;-0.49;0.50;20;1;1;4;0.16;0.29;0.30;-0.00;0.00;-0.01;0.01;0.17;-1.83;-0.88;66.41;0.28;0.50;0.040
161443.105;1132;-1.97;-0.78;65.26;-1.73;-0.37;81.37;-0.49;0.50;20;1;1;4;0.79;0.28;0.29;-0.00;-0.00;-0.01;0.01;0.17;-1.74;-0.55;90.00;-0.06;0.06;0.017
161443.215;1147;-1.95;-0.74;69.37;-1.73;-0.37;81.37;-0.49;0.50;20;1;1;4;0.79;0.27;0.27;-0.02;-0.01;-0.01;0.00;0.72;-1.74;-0.55;90.00;-0.06;0.06;0.019
161443.335;1155;-1.94;-0.72;72.07;-1.73;-0.37;81.37;-0.49;0.50;20;1;1;4;0.65;0.26;0.28;-0.03;-0.00;0.02;0.01;0.67;-1.74;-0.55;90.00;-0.06;0.06;0.040
161443.405;1166;-1.93;-0.69;75.63;-1.73;-0.37;81.37;-0.49;0.50;20;1;1;4;0.45;0.25;0.27;0.02;-0.01;-0.17;-0.06;0.31;-1.74;-0.55;90.00;-0.06;0.06;0.013
161443.515;1174;-1.93;-0.67;76.41;-1.73;-0.37;81.37;-0.49;0.50;20;1;1;4;0.38;0.24;0.25;-0.02;-0.01;0.26;0.11;0.23;-1.74;-0.55;90.00;-0.06;0.06;0.022
161443.615;1183;-1.92;-0.65;77.02;-1.73;-0.37;81.37;-0.49;0.50;20;1;1;4;0.33;0.23;0.25;-0.00;-0.01;-0.25;-0.12;0.03;-1.74;-0.55;90.00;-0.06;0.06;0.022
161443.705;1193;-1.92;-0.63;77.54;-1.73;-0.37;81.37;-0.49;0.50;20;1;1;4;0.28;0.22;0.23;-0.01;-0.01;0.06;0.03;0.07;-1.74;-0.55;90.00;-0.06;0.06;0.017
161443.825;1204;-1.91;-0.60;77.64;-1.73;-0.37;81.37;-0.49;0.50;20;1;1;4;0.24;0.21;0.21;0.00;-0.01;-0.00;-0.01;-0.03;-1.74;-0.55;90.00;-0.06;0.06;0.029
161443.915;1213;-1.91;-0.59;77.52;-1.61;-0.03;63.74;-0.18;0.50;20;2;1;4;0.22;0.19;0.20;-0.00;-0.01;0.01;0.00;-0.04;-1.74;-0.55;90.00;-0.06;0.06;0.016
161444.005;1223;-1.90;-0.57;77.22;-1.61;-0.03;63.74;-0.18;0.50;20;2;1;4;0.26;0.19;0.19;-0.00;-0.01;-0.02;-0.01;-0.08;-1.74;-0.55;90.00;-0.06;0.06;0.014
161444.115;1234;-1.90;-0.55;77.00;-1.61;-0.03;63.74;-0.18;0.50;20;2;1;4;0.19;0.19;0.18;-0.00;-0.01;-0.01;-0.01;-0.02;-1.74;-0.54;89.85;-0.14;0.14;0.014
161444.205;1242;-1.89;-0.53;76.90;-1.61;-0.03;63.74;-0.18;0.50;20;2;1;4;0.15;0.19;0.19;-0.00;-0.01;0.02;0.01;-0.05;-1.74;-0.53;89.66;-0.18;0.18;0.009
161444.305;1256;-1.89;-0.51;76.46;-1.61;-0.03;63.74;-0.18;0.50;20;2;1;4;0.09;0.20;0.19;-0.00;-0.00;0.03;0.01;-0.04;-1.74;-0.51;89.12;-0.24;0.24;0.016
161444.405;1262;-1.88;-0.50;76.29;-1.61;-0.03;63.74;-0.18;0.50;20;2;1;4;0.04;0.21;0.18;-0.00;-0.00;0.03;0.01;-0.07;-1.74;-0.50;88.55;-0.28;0.28;0.012
161444.515;1275;-1.88;-0.47;75.83;-1.61;-0.03;63.74;-0.18;0.50;20;2;1;4;-0.01;0.21;0.21;0.00;0.00;-0.01;-0.00;-0.03;-1.74;-0.48;87.79;-0.32;0.32;0.013
161444.605;1285;-1.87;-0.45;75.57;-1.61;-0.03;63.74;-0.18;0.50;20;2;1;4;-0.05;0.22;0.22;0.00;-0.00;-0.00;-0.00;-0.05;-1.74;-0.47;87.33;-0.34;0.34;0.013
161444.695;1294;-1.87;-0.43;75.24;-1.61;-0.03;63.74;-0.18;0.50;20;2;1;4;-0.12;0.23;0.22;-0.00;-0.00;-0.00;0.00;-0.06;-1.74;-0.45;86.21;-0.38;0.38;0.007
161444.805;1304;-1.86;-0.41;74.71;-1.61;-0.03;63.74;-0.18;0.50;20;2;1;4;-0.19;0.24;0.23;0.00;-0.00;-0.00;0.00;-0.09;-1.73;-0.43;84.82;-0.42;0.42;0.011
161444.915;1313;-1.86;-0.39;74.18;-1.61;-0.03;63.74;-0.18;0.50;20;2;1;4;-0.22;0.25;0.23;0.01;-0.00;0.01;-0.01;-0.10;-1.73;-0.41;84.01;-0.44;0.44;0.021
161445.025;1327;-1.85;-0.36;73.49;-1.61;-0.03;63.74;-0.18;0.50;20;2;1;4;-0.31;0.26;0.25;0.00;-0.00;0.03;-0.03;-0.12;-1.73;-0.39;82.15;-0.47;0.48;0.017
161445.105;1332;-1.85;-0.35;73.09;-1.61;-0.03;63.74;-0.18;0.50;20;2;1;4;-0.35;0.28;0.25;0.01;-0.00;0.01;-0.01;-0.16;-1.73;-0.37;81.10;-0.49;0.50;0.008
161445.205;1342;-1.84;-0.32;72.02;-1.61;-0.03;63.74;-0.18;0.50;20;2;1;4;-0.37;0.29;0.27;0.01;-0.01;0.02;-0.02;-0.21;-1.72;-0.34;79.02;-0.46;0.50;0.010
161445.315;1353;-1.83;-0.29;70.84;-1.61;-0.03;63.74;-0.18;0.50;20;2;1;4;-0.37;0.30;0.28;0.00;-0.01;0.00;-0.01;-0.17;-1.72;-0.31;77.06;-0.44;0.50;0.019
161445.415;1365;-1.82;-0.26;69.77;-1.61;-0.03;63.74;-0.18;0.50;20;2;1;4;-0.36;0.30;0.30;0.00;-0.01;-0.02;0.03;-0.12;-1.71;-0.30;76.13;-0.42;0.50;0.022
161445.515;1375;-1.81;-0.23;69.11;-1.61;-0.03;63.74;-0.18;0.50;20;2;1;4;-0.38;0.30;0.29;0.01;-0.01;0.03;-0.05;-0.16;-1.70;-0.27;74.36;-0.40;0.50;0.020
161445.605;1385;-1.80;-0.21;68.56;-1.61;-0.03;63.74;-0.18;0.50;20;2;1;4;-0.41;0.30;0.30;0.00;-0.01;-0.04;0.06;-0.05;-1.70;-0.24;72.71;-0.37;0.50;0.009
161445.715;1393;-1.79;-0.18;67.89;-1.61;-0.03;63.74;-0.18;0.50;20;2;1;4;-0.42;0.30;0.29;0.02;-0.01;0.01;-0.02;-0.15;-1.69;-0.21;71.17;-0.35;0.50;0.017
161445.815;1403;-1.78;-0.16;67.13;-1.61;-0.03;63.74;-0.18;0.50;20;2;1;4;-0.41;0.30;0.29;0.02;-0.01;0.02;-0.04;-0.12;-1.68;-0.20;70.45;-0.34;0.50;0.019
161445.905;1413;-1.77;-0.13;66.64;-1.61;-0.03;63.74;-0.18;0.50;20;2;1;4;-0.43;0.30;0.29;0.01;-0.01;0.04;-0.06;-0.17;-1.67;-0.17;69.09;-0.31;0.50;0.010
161446.025;1426;-1.76;-0.09;66.00;-1.61;-0.03;63.74;-0.18;0.50;20;2;1;4;-0.44;0.30;0.30;0.01;-0.00;-0.01;0.00;-0.08;-1.66;-0.14;67.84;-0.29;0.50;0.027
161446.115;1436;-1.74;-0.06;65.55;-1.61;-0.03;63.74;-0.18;0.50;20;2;1;4;-0.45;0.30;0.30;0.02;-0.01;0.03;-0.04;-0.11;-1.65;-0.12;66.70;-0.26;0.50;0.017
161446.225;1445;-1.74;-0.04;64.97;-1.61;-0.03;63.74;-0.18;0.50;20;2;1;4;-0.44;0.30;0.29;0.02;-0.00;0.01;-0.03;-0.09;-1.64;-0.09;65.67;-0.24;0.50;0.025
161446.305;1454;-1.72;-0.01;64.61;-1.44;0.30;65.46;0.25;0.50;20;3;1;4;-0.45;0.30;0.29;0.02;-0.01;0.04;-0.05;-0.15;-1.62;-0.06;64.75;-0.21;0.50;0.009
161446.395;1464;-1.71;0.01;64.20;-1.44;0.30;65.46;0.25;0.50;20;3;1;4;-0.45;0.30;0.30;0.01;-0.00;-0.05;0.10;-0.04;-1.61;-0.03;63.93;-0.19;0.50;0.003
161446.505;1474;-1.70;0.04;63.64;-1.44;0.30;65.46;0.25;0.50;20;3;1;4;-0.42;0.30;0.30;0.02;-0.01;-0.02;0.03;-0.04;-1.60;-0.01;63.23;-0.15;0.50;0.007
161446.595;1482;-1.69;0.06;63.26;-1.44;0.30;65.46;0.25;0.50;20;3;1;4;-0.40;0.30;0.28;0.03;-0.01;0.03;-0.06;-0.16;-1.59;0.01;62.93;-0.14;0.50;0.003
161446.705;1493;-1.68;0.09;63.05;-1.44;0.30;65.46;0.25;0.50;20;3;1;4;-0.37;0.30;0.29;0.02;-0.01;0.03;-0.04;-0.10;-1.58;0.03;62.44;-0.10;0.50;0.011
161446.795;1501;-1.67;0.11;62.91;-1.44;0.30;65.46;0.25;0.50;20;3;1;4;-0.36;0.30;0.30;0.01;-0.01;-0.03;0.05;0.04;-1.56;0.06;62.08;-0.07;0.50;0.005
161446.905;1516;-1.65;0.15;62.88;-1.44;0.30;65.46;0.25;0.50;20;3;1;4;-0.32;0.30;0.30;0.01;-0.01;0.02;-0.03;-0.01;-1.55;0.08;61.87;-0.03;0.50;0.011
161446.995;1525;-1.64;0.18;63.00;-1.44;0.30;65.46;0.25;0.50;20;3;1;4;-0.30;0.30;0.30;0.01;-0.01;-0.00;0.01;0.04;-1.54;0.11;61.81;0.00;0.50;0.009
161447.105;1535;-1.63;0.21;63.19;-1.44;0.30;65.46;0.25;0.50;20;3;1;4;-0.27;0.30;0.30;0.02;-0.01;-0.01;0.02;0.05;-1.52;0.15;61.97;0.05;0.50;0.003
161447.195;1543;-1.62;0.23;63.32;-1.44;0.30;65.46;0.25;0.50;20;3;1;4;-0.24;0.30;0.30;0.01;-0.01;0.03;-0.05;0.02;-1.50;0.18;62.26;0.09;0.50;0.003
161447.295;1553;-1.60;0.26;63.53;-1.44;0.30;65.46;0.25;0.50;20;3;1;4;-0.20;0.30;0.29;0.00;-0.01;-0.00;0.01;0.05;-1.49;0.20;62.69;0.12;0.50;0.004
161447.395;1564;-1.59;0.28;63.88;-1.35;0.65;89.43;0.63;0.50;20;4;1;4;-0.15;0.30;0.29;0.00;-0.01;-0.00;0.01;0.08;-1.47;0.23;63.27;0.16;0.50;0.004
161447.495;1572;-1.58;0.31;64.26;-1.35;0.65;89.43;0.63;0.50;20;4;1;4;0.01;0.30;0.29;0.00;-0.01;-0.01;0.02;0.12;-1.47;0.24;63.61;0.17;0.50;0.003
161447.605;1586;-1.56;0.34;65.65;-1.35;0.65;89.43;0.63;0.50;20;4;1;4;0.03;0.29;0.28;-0.00;-0.01;0.04;-0.06;0.18;-1.45;0.27;64.40;0.21;0.50;0.004
161447.695;1592;-1.56;0.36;66.26;-1.35;0.65;89.43;0.63;0.50;20;4;1;4;0.06;0.29;0.28;-0.00;-0.01;0.02;-0.04;0.17;-1.44;0.31;65.86;0.26;0.50;0.003
161447.805;1605;-1.54;0.39;67.20;-1.35;0.65;89.43;0.63;0.50;20;4;1;4;0.12;0.29;0.29;-0.00;-0.00;-0.01;0.01;0.08;-1.42;0.34;67.00;0.29;0.50;0.011
161447.905;1615;-1.53;0.42;67.82;-1.35;0.65;89.43;0.63;0.50;20;4;1;4;0.17;0.28;0.29;-0.00;-0.00;-0.00;0.01;0.11;-1.41;0.36;68.27;0.32;0.50;0.008
161448.075;1630;-1.51;0.46;68.67;-1.34;0.64;90.00;-0.00;0.50;106;0;1;0;0.23;0.28;0.26;-0.01;-0.00;0.01;0.01;0.11;-1.40;0.39;69.69;0.35;0.50;0.068
161448.145;1638;-1.51;0.48;69.13;-1.34;0.64;90.00;-0.00;0.50;106;0;1;0;0.62;0.30;0.26;-0.01;-0.00;0.01;0.01;0.09;-1.34;0.64;90.00;-0.00;0.50;0.050
161448.215;1647;-1.50;0.50;70.56;-1.34;0.64;90.00;-0.00;0.50;106;0;1;0;0.57;0.30;0.28;-0.02;-0.01;0.06;0.01;0.57;-1.34;0.64;90.00;-0.00;0.50;0.027
161448.345;1656;-1.49;0.52;72.62;-1.34;0.64;90.00;-0.00;0.50;106;0;1;0;0.49;0.30;0.30;-0.00;-0.01;-0.13;-0.04;0.31;-1.34;0.64;90.00;-0.00;0.50;0.054
161448.425;1667;-1.48;0.55;74.95;-1.34;0.64;90.00;-0.00;0.50;106;0;1;0;0.40;0.30;0.29;-0.00;-0.01;0.02;0.01;0.26;-1.34;0.64;90.00;-0.00;0.50;0.034
161448.545;1675;-1.47;0.58;75.62;-1.34;0.64;90.00;-0.00;0.50;106;0;1;0;0.38;0.30;0.30;0.01;-0.01;-0.20;-0.08;0.08;-1.34;0.64;90.00;-0.00;0.50;0.050
161448.625;1687;-1.46;0.61;76.69;-1.34;0.64;90.00;-0.00;0.50;106;0;1;0;0.36;0.30;0.30;-0.03;-0.01;0.06;0.02;0.19;-1.34;0.64;90.00;-0.00;0.50;0.032
161448.735;1696;-1.45;0.64;77.50;-1.34;0.64;90.00;-0.00;0.50;106;0;1;0;0.34;0.30;0.30;-0.03;-0.01;-0.04;-0.02;0.09;-1.34;0.64;90.00;-0.00;0.50;0.043
161448.825;1705;-1.44;0.66;78.17;-1.34;0.64;90.00;-0.00;0.50;106;0;1;0;0.33;0.30;0.30;-0.03;-0.01;0.09;0.04;0.17;-1.34;0.65;90.00;0.00;0.50;0.033
161448.925;1716;-1.43;0.70;78.93;-1.34;0.64;90.00;-0.00;0.50;106;0;1;0;0.31;0.30;0.29;-0.01;-0.01;0.06;0.02;0.18;-1.34;0.69;90.00;0.00;0.50;0.032
161449.055;1729;-1.43;0.73;79.54;-1.34;0.64;90.00;-0.00;0.50;106;0;1;0;0.30;0.30;0.28;-0.01;-0.01;0.05;0.02;0.11;-1.34;0.71;90.00;0.00;0.50;0.049
161449.125;1734;-1.42;0.75;79.64;-1.34;0.94;90.00;0.00;0.50;106;1;1;0;0.30;0.30;0.30;-0.00;-0.01;-0.04;-0.02;0.00;-1.34;0.75;90.00;0.00;0.50;0.031
161449.205;1744;-1.42;0.78;79.89;-1.34;0.94;90.00;0.00;0.50;106;1;1;0;0.30;0.30;0.29;-0.01;-0.01;0.03;0.01;0.06;-1.34;0.77;90.00;0.00;0.50;0.018
161449.305;1752;-1.41;0.80;80.02;-1.34;0.94;90.00;0.00;0.50;106;1;1;0;0.31;0.30;0.29;-0.00;-0.01;-0.02;-0.01;0.01;-1.34;0.80;90.00;0.00;0.50;0.016
161449.425;1767;-1.41;0.84;80.34;-1.34;0.94;90.00;0.00;0.50;106;1;1;0;0.31;0.30;0.28;-0.01;-0.01;0.05;0.02;0.10;-1.34;0.83;90.00;0.00;0.50;0.028
161449.515;1775;-1.40;0.86;80.53;-1.34;0.94;90.00;0.00;0.50;106;1;1;0;0.31;0.30;0.29;-0.01;-0.01;0.00;0.00;0.03;-1.34;0.86;90.00;0.00;0.50;0.024
161449.625;1786;-1.40;0.90;80.78;-1.34;0.94;90.00;0.00;0.50;106;1;1;0;0.31;0.30;0.29;-0.01;-0.01;0.03;0.02;0.06;-1.34;0.88;90.00;0.00;0.50;0.028
161449.735;1795;-1.39;0.92;80.94;-1.34;0.94;90.00;0.00;0.50;106;1;1;0;0.32;0.30;0.30;-0.00;-0.01;-0.05;-0.03;0.00;-1.34;0.92;90.00;0.00;0.50;0.034
161449.835;1805;-1.39;0.95;81.20;-1.34;0.94;90.00;0.00;0.50;106;1;1;0;0.32;0.30;0.29;-0.01;-0.01;0.00;0.00;0.03;-1.34;0.94;90.00;0.00;0.50;0.044
161449.925;1815;-1.38;0.98;81.42;-1.34;0.94;90.00;0.00;0.50;106;1;1;0;0.32;0.30;0.28;-0.01;-0.01;0.05;0.03;0.10;-1.34;0.98;90.00;0.00;0.50;0.019
161450.015;1826;-1.38;1.01;81.63;-1.34;1.24;90.00;-0.00;0.50;106;2;1;0;0.32;0.30;0.29;-0.00;-0.01;0.05;0.03;0.07;-1.34;1.00;90.00;0.00;0.50;0.021
161450.115;1835;-1.37;1.04;81.85;-1.34;1.24;90.00;-0.00;0.50;106;2;1;0;0.32;0.30;0.29;-0.01;-0.01;0.01;0.00;0.03;-1.34;1.04;90.00;0.00;0.50;0.014
161450.205;1845;-1.37;1.07;82.06;-1.34;1.24;90.00;-0.00;0.50;106;2;1;0;0.32;0.30;0.28;-0.01;-0.01;0.06;0.03;0.10;-1.34;1.06;90.00;0.00;0.50;0.010
161450.305;1854;-1.36;1.09;82.23;-1.34;1.24;90.00;-0.00;0.50;106;2;1;0;0.32;0.30;0.29;-0.00;-0.01;-0.02;-0.01;0.01;-1.34;1.09;90.00;0.00;0.50;0.009
161450.405;1864;-1.36;1.12;82.46;-1.34;1.24;90.00;-0.00;0.50;106;2;1;0;0.32;0.30;0.29;-0.01;-0.01;0.03;0.01;0.06;-1.34;1.12;90.00;0.00;0.50;0.015
161450.515;1872;-1.35;1.14;82.60;-1.34;1.24;90.00;-0.00;0.50;106;2;1;0;0.32;0.30;0.29;-0.00;-0.01;-0.02;-0.01;0.01;-1.34;1.15;90.00;0.00;0.50;0.021
161450.605;1883;-1.35;1.17;82.84;-1.34;1.24;90.00;-0.00;0.50;106;2;1;0;0.32;0.30;0.29;-0.01;-0.01;0.01;0.00;0.03;-1.34;1.17;90.00;-0.00;0.50;0.011
161450.715;1896;-1.34;1.21;83.08;-1.34;1.24;90.00;-0.00;0.50;106;2;1;0;0.32;0.30;0.29;-0.00;-0.01;-0.02;-0.01;0.01;-1.34;1.20;90.00;-0.00;0.50;0.017
161450.815;1906;-1.34;1.24;83.31;-1.34;1.24;90.00;-0.00;0.50;106;2;1;0;0.32;0.30;0.29;-0.01;-0.01;0.03;0.02;0.05;-1.34;1.23;90.00;-0.00;0.50;0.015
161450.915;1917;-1.34;1.27;83.51;-1.34;1.24;90.00;-0.00;0.50;106;2;1;0;0.32;0.30;0.28;-0.01;-0.01;0.05;0.03;0.10;-1.34;1.27;90.00;-0.00;0.50;0.012
161451.005;1925;-1.33;1.30;83.66;-1.34;1.53;90.00;-0.00;0.50;106;3;1;0;0.32;0.30;0.29;-0.01;-0.01;0.00;0.00;0.02;-1.34;1.29;90.00;-0.00;0.50;0.012
161451.095;1934;-1.33;1.32;83.81;-1.34;1.53;90.00;-0.00;0.50;106;3;1;0;0.32;0.30;0.30;-0.00;-0.01;-0.04;-0.02;-0.01;-1.34;1.32;90.00;-0.00;0.50;0.004
161451.205;1944;-1.33;1.35;84.03;-1.34;1.53;90.00;-0.00;0.50;106;3;1;0;0.32;0.30;0.28;-0.01;-0.01;0.05;0.03;0.10;-1.34;1.35;90.00;-0.00;0.50;0.005
161451.295;1953;-1.32;1.38;84.20;-1.34;1.53;90.00;-0.00;0.50;106;3;1;0;0.32;0.30;0.28;-0.01;-0.01;0.05;0.03;0.09;-1.34;1.38;90.00;-0.00;0.50;0.007
161451.415;1963;-1.32;1.40;84.40;-1.34;1.53;90.00;-0.00;0.50;106;3;1;0;0.32;0.30;0.28;-0.01;-0.01;0.05;0.03;0.08;-1.34;1.40;90.00;-0.00;0.50;0.015
161451.505;1972;-1.32;1.43;84.56;-1.34;1.53;90.00;-0.00;0.50;106;3;1;0;0.32;0.30;0.28;-0.01;-0.01;0.05;0.03;0.10;-1.34;1.44;90.00;-0.00;0.50;0.007
161451.605;1983;-1.31;1.46;84.77;-1.34;1.53;90.00;-0.00;0.50;106;3;1;0;0.32;0.30;0.28;-0.01;-0.01;0.05;0.03;0.08;-1.34;1.46;90.00;-0.00;0.50;0.005
161451.715;1995;-1.31;1.50;84.97;-1.34;1.53;90.00;-0.00;0.50;106;3;1;0;0.32;0.30;0.29;-0.00;-0.01;0.01;0.01;0.01;-1.34;1.48;90.00;-0.00;0.50;0.019
161451.805;2006;-1.31;1.53;85.13;-1.34;1.53;90.00;-0.00;0.50;106;3;1;0;0.32;0.30;0.29;-0.00;-0.01;-0.02;-0.00;-0.01;-1.34;1.52;90.00;-0.00;0.50;0.008
161451.915;2015;-1.30;1.55;85.30;-1.34;1.53;90.00;-0.00;0.50;106;3;1;0;0.31;0.30;0.29;-0.00;-0.01;0.01;0.01;0.01;-1.34;1.54;90.00;-0.00;0.50;0.017
161452.085;2030;-1.30;1.60;85.47;-1.34;1.84;90.00;-0.00;0.50;105;0;1;0;0.31;0.30;0.29;-0.00;-0.01;0.03;0.02;0.05;-1.34;1.58;90.00;-0.00;0.50;0.070
161452.145;2040;-1.30;1.63;85.62;-1.34;1.84;90.00;-0.00;0.50;105;0;1;0;0.32;0.30;0.30;-0.00;-0.01;-0.07;-0.04;-0.03;-1.34;1.84;90.00;-0.00;0.50;0.048
161452.225;2045;-1.30;1.64;85.80;-1.34;1.84;90.00;-0.00;0.50;105;0;1;0;0.31;0.30;0.28;-0.01;-0.01;0.04;0.03;0.09;-1.34;1.84;90.00;-0.00;0.50;0.033
161452.325;2054;-1.29;1.67;85.92;-1.34;1.84;90.00;-0.00;0.50;105;0;1;0;0.31;0.30;0.28;-0.01;-0.01;0.04;0.03;0.10;-1.34;1.84;90.00;-0.00;0.50;0.030
161452.455;2068;-1.29;1.71;86.17;-1.34;1.84;90.00;-0.00;0.50;105;0;1;0;0.31;0.30;0.28;-0.01;-0.01;0.04;0.03;0.06;-1.34;1.84;90.00;-0.00;0.50;0.055
161452.535;2079;-1.29;1.74;86.27;-1.34;1.84;90.00;-0.00;0.50;105;0;1;0;0.31;0.30;0.28;-0.01;-0.01;0.04;0.03;0.10;-1.34;1.84;90.00;-0.00;0.50;0.041
161452.645;2087;-1.29;1.76;86.36;-1.34;1.84;90.00;-0.00;0.50;105;0;1;0;0.31;0.30;0.30;-0.00;-0.01;-0.05;-0.02;-0.02;-1.34;1.84;90.00;-0.00;0.50;0.042
161452.735;2098;-1.28;1.79;86.61;-1.34;1.84;90.00;-0.00;0.50;105;0;1;0;0.30;0.30;0.28;-0.01;-0.01;0.03;0.02;0.04;-1.34;1.84;90.00;-0.00;0.50;0.037
161452.835;2106;-1.28;1.82;86.67;-1.34;1.84;90.00;-0.00;0.50;105;0;1;0;0.30;0.30;0.32;-0.04;-0.04;0.30;-0.01;0.15;-1.34;1.84;90.00;-0.00;0.50;0.035
161452.965;2121;-1.27;1.86;87.34;-1.34;1.84;90.00;-0.00;0.50;105;0;1;0;0.29;0.30;0.28;-0.01;-0.01;0.06;0.03;0.14;-1.34;1.84;90.00;-0.00;0.50;0.062
161453.035;2126;-1.27;1.87;87.51;-1.34;1.84;90.00;-0.00;0.50;105;0;1;0;0.28;0.30;0.29;-0.00;-0.01;-0.00;0.00;0.02;-1.34;1.85;90.00;0.00;0.50;0.037
161453.135;2136;-1.27;1.90;87.78;-1.34;1.84;90.00;-0.00;0.50;105;0;1;0;0.27;0.30;0.28;-0.01;-0.01;0.05;0.03;0.08;-1.34;1.89;90.00;0.00;0.50;0.037
161453.245;2150;-1.27;1.94;87.97;-1.34;2.14;90.00;0.00;0.50;105;1;1;0;0.27;0.30;0.28;-0.01;-0.01;0.04;0.03;0.07;-1.34;1.93;90.00;0.00;0.50;0.033
161453.315;2155;-1.27;1.96;88.01;-1.34;2.14;90.00;0.00;0.50;105;1;1;0;0.27;0.30;0.28;-0.00;-0.01;0.02;0.02;0.03;-1.34;1.96;90.00;0.00;0.50;0.021
161453.415;2164;-1.27;1.98;88.12;-1.34;2.14;90.00;0.00;0.50;105;1;1;0;0.26;0.30;0.28;-0.00;-0.01;0.01;0.02;0.05;-1.34;1.99;90.00;0.00;0.50;0.020
161453.515;2175;-1.27;2.01;88.28;-1.34;2.14;90.00;0.00;0.50;105;1;1;0;0.26;0.30;0.28;-0.00;-0.01;0.01;0.02;0.05;-1.34;2.01;90.00;0.00;0.50;0.022
161453.625;2183;-1.27;2.04;88.39;-1.34;2.14;90.00;0.00;0.50;105;1;1;0;0.25;0.30;0.28;-0.00;-0.01;0.01;0.02;0.04;-1.34;2.03;90.00;0.00;0.50;0.028
161453.715;2194;-1.26;2.07;88.54;-1.34;2.14;90.00;0.00;0.50;105;1;1;0;0.25;0.30;0.28;-0.00;-0.01;0.01;0.02;0.04;-1.34;2.07;90.00;0.00;0.50;0.023
161453.845;2207;-1.26;2.11;88.66;-1.34;2.14;90.00;0.00;0.50;105;1;1;0;0.25;0.30;0.29;-0.00;-0.01;-0.02;0.00;-0.00;-1.34;2.09;90.00;0.00;0.50;0.042
161453.925;2217;-1.26;2.13;88.65;-1.34;2.14;90.00;0.00;0.50;105;1;1;0;0.25;0.30;0.29;-0.01;-0.01;0.01;0.01;0.01;-1.34;2.12;90.00;0.00;0.50;0.024
161454.065;2231;-1.26;2.17;88.79;-1.34;2.14;90.00;0.00;0.50;105;1;1;0;0.25;0.30;0.28;-0.00;-0.01;0.02;0.03;0.04;-1.34;2.15;90.00;0.00;0.50;0.048
161454.125;2237;-1.26;2.19;88.85;-1.34;2.14;90.00;0.00;0.50;105;1;1;0;0.25;0.30;0.28;-0.00;-0.01;0.01;0.02;0.04;-1.34;2.18;90.00;0.00;0.50;0.031
161454.245;2249;-1.26;2.23;89.00;-1.34;2.14;90.00;0.00;0.50;105;1;1;0;0.24;0.30;0.28;-0.00;-0.01;0.01;0.02;0.04;-1.34;2.22;90.00;0.00;0.50;0.046
161454.325;2254;-1.26;2.24;89.06;-1.34;2.14;90.00;0.00;0.50;105;1;1;0;0.24;0.30;0.28;-0.00;-0.01;0.01;0.02;0.04;-1.34;2.24;90.00;0.00;0.50;0.032
161454.425;2264;-1.26;2.27;89.17;-1.34;2.44;90.00;-0.00;0.50;105;2;1;0;0.24;0.30;0.28;-0.00;-0.01;0.01;0.02;0.04;-1.34;2.26;90.00;0.00;0.50;0.032
161454.505;2273;-1.26;2.29;89.26;-1.34;2.44;90.00;-0.00;0.50;105;2;1;0;0.23;0.30;0.28;-0.00;-0.01;0.01;0.02;0.04;-1.34;2.30;90.00;0.00;0.50;0.015
161454.615;2283;-1.26;2.32;89.27;-1.34;2.44;90.00;-0.00;0.50;105;2;1;0;0.23;0.30;0.30;-0.01;-0.01;-0.07;-0.04;-0.04;-1.34;2.32;90.00;0.00;0.50;0.022
161454.725;2298;-1.25;2.37;89.29;-1.34;2.44;90.00;-0.00;0.50;105;2;1;0;0.24;0.30;0.28;-0.01;-0.01;0.05;0.03;0.07;-1.34;2.35;90.00;0.00;0.50;0.030
161454.825;2306;-1.25;2.39;89.40;-1.34;2.44;90.00;-0.00;0.50;105;2;1;0;0.23;0.30;0.28;-0.01;-0.01;0.03;0.02;0.03;-1.34;2.38;90.00;-0.00;0.50;0.022
161454.915;2317;-1.25;2.42;89.45;-1.34;2.44;90.00;-0.00;0.50;105;2;1;0;0.23;0.30;0.28;-0.01;-0.01;0.04;0.03;0.06;-1.34;2.42;90.00;-0.00;0.50;0.018
161455.015;2325;-1.25;2.44;89.53;-1.34;2.44;90.00;-0.00;0.50;105;2;1;0;0.23;0.30;0.28;-0.00;-0.01;0.02;0.02;0.04;-1.34;2.43;90.00;-0.00;0.50;0.024
161455.105;2334;-1.25;2.47;89.63;-1.34;2.44;90.00;-0.00;0.50;105;2;1;0;0.23;0.30;0.28;-0.00;-0.01;0.01;0.02;0.04;-1.34;2.47;90.00;-0.00;0.50;0.015
161455.205;2345;-1.25;2.50;89.75;-1.34;2.44;90.00;-0.00;0.50;105;2;1;0;0.22;0.30;0.28;-0.00;-0.01;0.01;0.02;0.04;-1.34;2.50;90.00;-0.00;0.50;0.011
161455.305;2354;-1.25;2.53;89.83;-1.34;2.44;90.00;-0.00;0.50;105;2;1;0;0.22;0.30;0.28;-0.00;-0.01;0.02;0.03;0.04;-1.34;2.53;90.00;-0.00;0.50;0.012
161455.405;2364;-1.25;2.56;89.90;-1.34;2.44;90.00;-0.00;0.50;105;2;1;0;0.22;0.30;0.28;-0.00;-0.01;0.01;0.03;0.02;-1.34;2.55;90.00;-0.00;0.50;0.010
161455.505;2373;-1.25;2.58;89.94;-1.34;2.44;90.00;-0.00;0.50;105;2;1;0;0.22;0.30;0.28;-0.00;-0.01;0.01;0.02;0.03;-1.34;2.58;90.00;-0.00;0.50;0.016
161455.605;2383;-1.25;2.61;90.00;-1.34;2.73;90.00;-0.00;0.50;105;3;1;0;0.21;0.30;0.28;-0.00;-0.01;0.02;0.02;0.03;-1.34;2.61;90.00;-0.00;0.50;0.009
161455.695;2391;-1.25;2.63;90.06;-1.34;2.73;90.00;-0.00;0.50;105;3;1;0;0.21;0.30;0.28;-0.00;-0.01;0.02;0.02;0.03;-1.34;2.64;90.00;-0.00;0.50;0.008
161455.815;2406;-1.25;2.68;90.18;-1.34;2.73;90.00;-0.00;0.50;105;3;1;0;0.21;0.30;0.28;-0.00;-0.01;0.02;0.02;0.03;-1.34;2.66;90.00;-0.00;0.50;0.011
161455.905;2415;-1.25;2.70;90.24;-1.34;2.73;90.00;-0.00;0.50;105;3;1;0;0.20;0.30;0.28;-0.00;-0.01;0.02;0.02;0.03;-1.34;2.68;90.00;-0.00;0.50;0.008
161456.005;2425;-1.25;2.73;90.30;-1.34;2.73;90.00;-0.00;0.50;105;3;1;0;0.20;0.30;0.28;-0.00;-0.01;0.02;0.02;0.03;-1.34;2.73;90.00;-0.00;0.50;0.007
161456.095;2433;-1.25;2.75;90.35;-1.34;2.73;90.00;-0.00;0.50;105;3;1;0;0.20;0.30;0.28;-0.00;-0.01;0.02;0.02;0.02;-1.34;2.76;90.00;-0.00;0.50;0.008
161456.275;2452;-1.25;2.81;90.48;-1.34;3.04;90.00;0.00;-0.50;113;0;1;2;0.19;0.30;0.28;-0.00;-0.01;0.02;0.02;0.02;-1.34;2.78;90.00;-0.00;0.50;0.062
161456.365;2462;-1.25;2.84;90.59;-1.34;2.64;90.00;0.00;-0.50;103;0;1;2;0.24;0.26;0.26;-0.00;-0.01;-0.00;0.02;0.06;-1.34;2.81;90.00;-0.00;-0.50;0.037
161456.425;2467;-1.25;2.85;90.73;-1.34;2.64;90.00;0.00;-0.50;103;0;1;2;0.25;0.20;0.24;-0.00;-0.01;0.02;0.02;0.05;-1.34;2.64;90.00;0.00;-0.50;0.028
161456.515;2476;-1.25;2.87;90.83;-1.34;2.64;90.00;0.00;-0.50;103;0;1;2;0.26;0.14;0.18;0.00;-0.01;0.03;0.03;-0.00;-1.34;2.64;90.00;0.00;-0.50;0.027
161456.645;2486;-1.25;2.88;90.62;-1.34;2.64;90.00;0.00;-0.50;103;0;1;2;0.25;0.08;0.12;0.00;-0.01;0.04;0.03;-0.06;-1.34;2.64;90.00;0.00;-0.50;0.048
161456.715;2494;-1.25;2.89;90.22;-1.34;2.64;90.00;0.00;-0.50;103;0;1;2;0.23;0.03;0.09;0.00;-0.01;0.01;0.02;-0.08;-1.34;2.64;90.00;0.00;-0.50;0.023
161456.815;2505;-1.25;2.90;89.60;-1.34;2.64;90.00;0.00;-0.50;103;0;1;2;0.20;-0.03;0.01;0.00;-0.01;0.04;0.03;-0.12;-1.34;2.64;90.00;0.00;-0.50;0.023
161456.935;2518;-1.25;2.89;88.69;-1.34;2.64;90.00;0.00;-0.50;103;0;1;2;0.15;-0.08;-0.04;0.01;-0.00;0.01;0.01;-0.12;-1.34;2.64;90.00;0.00;-0.50;0.043
161457.025;2528;-1.25;2.89;88.24;-1.34;2.64;90.00;0.00;-0.50;103;0;1;2;0.13;-0.13;-0.08;0.00;-0.00;-0.01;0.00;-0.07;-1.34;2.64;90.00;0.00;-0.50;0.030
161457.125;2538;-1.25;2.87;87.83;-1.34;2.64;90.00;0.00;-0.50;103;0;1;2;0.10;-0.17;-0.13;-0.00;-0.00;-0.00;-0.00;-0.06;-1.34;2.64;90.00;0.00;-0.50;0.032
161457.225;2547;-1.25;2.86;87.53;-1.34;2.64;90.00;0.00;-0.50;103;0;1;2;0.09;-0.21;-0.17;-0.00;-0.00;-0.00;-0.01;-0.05;-1.34;2.64;90.00;0.00;-0.50;0.031
161457.325;2558;-1.25;2.84;87.25;-1.34;2.64;90.00;0.00;-0.50;103;0;1;2;0.07;-0.25;-0.21;-0.00;-0.00;-0.01;-0.01;-0.04;-1.34;2.64;90.00;0.00;-0.50;0.034
161457.415;2567;-1.25;2.82;87.10;-1.34;2.64;90.00;0.00;-0.50;103;0;1;2;0.06;-0.28;-0.25;-0.00;-0.00;-0.01;-0.00;-0.03;-1.34;2.64;90.00;0.00;-0.50;0.027
161457.555;2579;-1.26;2.79;86.97;-1.34;2.24;90.00;-0.00;0.50;102;0;1;7;0.05;-0.30;-0.28;-0.00;-0.00;-0.01;-0.01;-0.02;-1.34;2.64;90.00;0.00;-0.50;0.033
161457.635;2586;-1.26;2.76;86.91;-1.68;3.10;154.06;0.72;0.50;102;2;1;7;0.79;-0.27;-0.30;-0.00;-0.00;-0.01;-0.01;-0.01;-1.39;2.73;107.63;0.50;0.50;0.040
161457.705;2596;-1.26;2.73;84.87;-1.68;3.10;154.06;0.72;0.50;102;2;1;7;0.79;-0.20;-0.29;0.02;-0.01;0.02;-0.01;-0.92;-1.38;2.71;105.84;0.47;0.50;0.018
161457.815;2605;-1.26;2.71;81.45;-1.68;3.10;154.06;0.72;0.50;102;2;1;7;0.79;-0.14;-0.21;-0.00;-0.01;-0.01;0.01;-0.46;-1.37;2.69;104.16;0.45;0.50;0.017
161457.915;2614;-1.26;2.70;80.11;-1.68;3.10;154.06;0.72;0.50;102;2;1;7;0.79;-0.08;-0.14;-0.01;-0.01;-0.09;0.09;-0.10;-1.37;2.66;102.57;0.42;0.50;0.023
161458.005;2625;-1.27;2.68;79.28;-1.68;3.10;154.06;0.72;0.50;102;2;1;7;0.79;-0.02;-0.08;0.00;-0.01;-0.08;0.07;0.01;-1.37;2.66;102.57;0.42;0.50;0.009
161458.105;2633;-1.27;2.68;80.02;-1.68;3.10;154.06;0.72;0.50;102;2;1;7;0.79;0.04;-0.02;-0.01;-0.01;-0.11;0.11;0.25;-1.37;2.66;102.57;0.42;0.50;0.012
161458.205;2644;-1.27;2.68;81.90;-1.68;3.10;154.06;0.72;0.50;102;2;1;7;0.79;0.09;0.03;0.01;-0.01;-0.02;0.02;0.40;-1.37;2.66;102.57;0.42;0.50;0.014
161458.305;2653;-1.27;2.69;84.08;-1.68;3.10;154.06;0.72;0.50;102;2;1;7;0.79;0.14;0.09;-0.00;0.01;-0.06;-0.03;0.45;-1.37;2.66;102.57;0.42;0.50;0.009
161458.405;2663;-1.26;2.70;86.36;-1.68;3.10;154.06;0.72;0.50;102;2;1;7;0.79;0.18;0.13;-0.00;-0.00;-0.02;-0.02;0.42;-1.37;2.66;102.57;0.42;0.50;0.014
161458.495;2671;-1.26;2.71;88.30;-1.68;3.10;154.06;0.72;0.50;102;2;1;7;0.79;0.22;0.16;-0.01;-0.01;0.08;0.05;0.47;-1.37;2.69;104.16;0.45;0.50;0.008
161458.615;2685;-1.26;2.74;92.11;-1.68;3.10;154.06;0.72;0.50;102;2;1;7;0.79;0.26;0.23;-0.00;-0.01;-0.14;-0.10;0.47;-1.38;2.71;105.84;0.47;0.50;0.012
161458.705;2696;-1.26;2.76;96.31;-1.68;3.10;154.06;0.72;0.50;102;2;1;7;0.79;0.29;0.25;-0.00;-0.01;-0.06;-0.02;0.73;-1.39;2.73;107.63;0.50;0.50;0.016
161458.805;2704;-1.27;2.79;99.56;-1.68;3.10;154.06;0.72;0.50;102;2;1;7;0.79;0.30;0.28;0.02;-0.09;-0.13;0.41;0.77;-1.39;2.73;107.63;0.50;0.50;0.010
161458.915;2715;-1.27;2.82;104.41;-1.68;3.10;154.06;0.72;0.50;102;2;1;7;0.73;0.30;0.27;0.01;-0.08;-0.08;0.44;0.79;-1.40;2.78;111.40;0.52;0.50;0.024
161459.005;2723;-1.28;2.84;107.64;-1.68;3.10;154.06;0.72;0.50;102;2;1;7;0.66;0.30;0.30;-0.00;-0.00;0.02;0.03;0.58;-1.40;2.78;111.40;0.52;0.50;0.008
161459.115;2734;-1.29;2.87;109.76;-1.68;3.10;154.06;0.72;0.50;102;2;1;7;0.69;0.30;0.32;-0.02;0.01;-0.01;-0.01;0.31;-1.41;2.80;113.35;0.53;0.50;0.021
161459.215;2747;-1.30;2.91;113.44;-1.68;3.10;154.06;0.72;0.50;102;2;1;7;0.67;0.30;0.31;-0.01;-0.00;-0.04;-0.08;0.42;-1.42;2.82;115.36;0.54;0.50;0.020
161459.305;2753;-1.31;2.93;114.95;-1.68;3.10;154.06;0.72;0.50;102;2;1;7;0.69;0.30;0.28;-0.03;-0.01;0.08;0.15;0.51;-1.44;2.85;117.42;0.55;0.50;0.012
161459.405;2766;-1.32;2.96;118.39;-1.68;3.10;154.06;0.72;0.50;102;2;1;7;0.69;0.30;0.31;-0.01;-0.01;-0.07;-0.14;0.34;-1.45;2.87;119.53;0.57;0.50;0.014
161459.515;2776;-1.33;2.99;120.83;-1.68;3.10;154.06;0.72;0.50;102;2;1;7;0.70;0.30;0.30;-0.05;-0.01;-0.01;-0.03;0.47;-1.46;2.89;121.70;0.58;0.50;0.016
161459.615;2784;-1.34;3.01;122.98;-1.68;3.10;154.06;0.72;0.50;102;2;1;7;0.72;0.30;0.30;-0.05;-0.01;0.04;0.06;0.54;-1.47;2.91;123.93;0.59;0.50;0.012
161459.715;2795;-1.36;3.04;125.65;-1.68;3.10;154.06;0.72;0.50;102;2;1;7;0.74;0.30;0.32;-0.06;-0.01;0.04;0.06;0.50;-1.49;2.93;126.21;0.60;0.50;0.022
161459.805;2803;-1.37;3.07;127.95;-1.68;3.10;154.06;0.72;0.50;102;2;1;7;0.75;0.30;0.33;-0.05;-0.01;0.02;0.02;0.45;-1.50;2.95;128.54;0.61;0.50;0.016
161459.905;2814;-1.39;3.10;131.42;-1.68;3.10;154.06;0.72;0.50;102;2;1;7;0.75;0.30;0.30;-0.07;-0.01;0.03;0.09;0.68;-1.52;2.97;130.94;0.62;0.50;0.011
161460.015;2822;-1.40;3.12;133.82;-1.68;3.10;154.06;0.72;0.50;102;2;1;7;0.77;0.30;0.33;-0.06;-0.01;0.00;-0.07;0.49;-1.54;2.99;133.39;0.63;0.50;0.019
161460.105;2833;-1.42;3.15;137.80;-1.68;3.10;154.06;0.72;0.50;102;2;1;7;0.76;0.30;0.30;-0.10;-0.01;0.00;0.07;0.75;-1.55;3.01;135.90;0.65;0.50;0.016
161460.225;2845;-1.45;3.18;141.69;-1.68;3.10;154.06;0.72;0.50;102;2;1;7;0.76;0.30;0.34;-0.09;-0.01;0.01;0.07;0.66;-1.57;3.02;138.48;0.66;0.50;0.015
161460.315;2856;-1.47;3.21;145.95;-1.68;3.10;154.06;0.72;0.50;102;2;1;7;0.74;0.30;0.33;-0.07;-0.01;0.04;-0.07;0.57;-1.59;3.04;141.11;0.67;0.50;0.022
161460.405;2866;-1.49;3.23;149.79;-1.68;3.10;154.06;0.72;0.50;102;2;1;7;0.73;0.30;0.31;0.04;-0.06;-0.24;-0.40;0.70;-1.61;3.05;143.81;0.68;0.50;0.010
161460.525;2875;-1.52;3.24;153.59;-1.68;3.10;154.06;0.72;0.50;102;2;1;7;0.70;0.30;0.30;-0.02;-0.01;0.01;-0.04;0.64;-1.63;3.07;146.57;0.69;0.50;0.029
161460.605;2885;-1.54;3.26;157.05;-1.68;3.10;154.06;0.72;0.50;102;2;1;7;0.70;0.30;0.29;-0.02;-0.01;-0.04;0.18;0.62;-1.65;3.08;149.40;0.70;0.50;0.011
161460.705;2895;-1.57;3.27;160.58;-2.16;3.09;207.41;0.63;0.50;102;3;1;7;0.62;0.29;0.34;-0.00;0.00;0.00;0.02;0.76;-1.65;3.08;149.40;0.70;0.50;0.018
161460.805;2904;-1.60;3.28;164.04;-2.16;3.09;207.41;0.63;0.50;102;3;1;7;0.24;0.30;0.31;-0.05;-0.04;0.06;0.30;0.69;-1.69;3.10;155.24;0.72;0.50;0.006
161460.905;2914;-1.63;3.29;165.39;-2.16;3.09;207.41;0.63;0.50;102;3;1;7;0.27;0.30;0.30;-0.01;-0.01;0.02;-0.06;-0.08;-1.69;3.10;155.24;0.72;0.50;0.005
161460.995;2925;-1.66;3.30;165.42;-2.16;3.09;207.41;0.63;0.50;102;3;1;7;0.41;0.30;0.30;-0.03;-0.01;-0.00;-0.01;0.05;-1.72;3.11;158.18;0.71;0.50;0.006
161461.105;2934;-1.68;3.31;166.56;-2.16;3.09;207.41;0.63;0.50;102;3;1;7;0.49;0.30;0.30;-0.05;-0.01;-0.06;0.11;0.31;-1.74;3.12;161.09;0.71;0.50;0.008
161461.205;2944;-1.71;3.32;168.23;-2.16;3.09;207.41;0.63;0.50;102;3;1;7;0.55;0.30;0.30;-0.01;-0.01;0.05;-0.11;0.30;-1.76;3.13;163.97;0.70;0.50;0.009
161461.305;2954;-1.74;3.33;170.51;-2.16;3.09;207.41;0.63;0.50;102;3;1;7;0.59;0.30;0.30;-0.04;-0.01;0.01;-0.02;0.38;-1.79;3.14;166.82;0.70;0.50;0.012
161461.405;2964;-1.77;3.33;173.01;-2.16;3.09;207.41;0.63;0.50;102;3;1;7;0.62;0.30;0.29;-0.03;-0.01;-0.09;0.16;0.56;-1.81;3.14;169.65;0.69;0.50;0.014
161461.505;2973;-1.80;3.34;175.50;-2.16;3.09;207.41;0.63;0.50;102;3;1;7;0.63;0.30;0.30;-0.00;-0.01;0.00;-0.02;0.44;-1.83;3.14;172.45;0.69;0.50;0.005
161461.605;2983;-1.83;3.34;177.82;-2.16;3.09;207.41;0.63;0.50;102;3;1;7;0.62;0.30;0.32;-0.01;0.01;-0.01;0.01;0.54;-1.83;3.14;172.45;0.69;0.50;0.005
161461.705;2994;-1.86;3.34;181.41;-2.16;3.09;207.41;0.63;0.50;102;3;1;7;0.60;0.30;0.31;-0.01;-0.01;0.10;-0.15;0.44;-1.86;3.15;175.22;0.69;0.50;0.006
161461.795;3002;-1.89;3.34;183.68;-2.16;3.09;207.41;0.63;0.50;102;3;1;7;0.62;0.30;0.31;-0.05;-0.01;-0.19;0.23;0.63;-1.88;3.15;177.97;0.68;0.50;0.007
161461.895;3012;-1.92;3.34;186.60;-2.16;3.09;207.41;0.63;0.50;102;3;1;7;0.62;0.30;0.31;0.00;-0.01;0.14;-0.17;0.42;-1.91;3.15;180.69;0.68;0.50;0.004
161462.015;3026;-1.96;3.34;190.80;-2.16;3.09;207.41;0.63;0.50;102;3;1;7;0.59;0.30;0.30;0.01;-0.01;0.01;-0.03;0.44;-1.93;3.15;183.38;0.67;0.50;0.016
161462.105;3035;-1.98;3.33;192.79;-2.16;3.09;207.41;0.63;0.50;102;3;1;7;0.62;0.30;0.33;-0.04;-0.04;-0.08;0.24;0.55;-1.96;3.15;186.04;0.67;0.50;0.010
161462.205;3046;-2.02;3.32;195.68;-2.16;3.09;207.41;0.63;0.50;102;3;1;7;0.62;0.30;0.30;0.00;-0.01;0.06;-0.06;0.39;-1.98;3.14;188.68;0.66;0.50;0.012
161462.295;3054;-2.04;3.32;197.58;-2.16;3.09;207.41;0.63;0.50;102;3;1;7;0.64;0.30;0.28;-0.02;-0.01;-0.13;0.09;0.49;-2.01;3.14;191.29;0.66;0.50;0.005
161462.405;3065;-2.07;3.31;200.18;-2.16;3.09;207.41;0.63;0.50;102;3;1;7;0.65;0.30;0.30;0.00;-0.00;0.11;-0.08;0.36;-2.03;3.13;193.88;0.65;0.50;0.009
161462.515;3073;-2.09;3.30;202.02;-2.16;3.09;207.41;0.63;0.50;102;3;1;7;0.67;0.30;0.28;-0.02;-0.01;-0.12;0.08;0.46;-2.06;3.13;196.44;0.65;0.50;0.014
161462.605;3082;-2.12;3.29;204.17;-2.48;2.73;245.32;0.40;0.50;102;4;1;7;0.63;0.30;0.30;-0.00;-0.01;0.07;-0.05;0.38;-2.06;3.13;196.44;0.65;0.50;0.014
161462.695;3093;-2.15;3.28;206.38;-2.48;2.73;245.32;0.40;0.50;102;4;1;7;0.44;0.30;0.29;-0.01;-0.01;-0.04;0.03;0.39;-2.08;3.12;198.98;0.64;0.50;0.001
161462.795;3101;-2.17;3.26;207.56;-2.48;2.73;245.32;0.40;0.50;102;4;1;7;0.49;0.30;0.31;0.00;-0.01;-0.07;0.05;0.12;-2.10;3.11;201.49;0.64;0.50;0.001
161462.895;3112;-2.20;3.25;208.25;-2.48;2.73;245.32;0.40;0.50;102;4;1;7;0.59;0.30;0.29;-0.02;-0.01;-0.05;0.03;0.17;-2.13;3.10;203.98;0.63;0.50;0.002
161463.005;3125;-2.23;3.23;209.57;-2.48;2.73;245.32;0.40;0.50;102;4;1;7;0.67;0.30;0.30;-0.03;-0.01;-0.06;0.04;0.29;-2.15;3.09;206.44;0.63;0.50;0.009
161463.105;3135;-2.26;3.22;211.11;-2.48;2.73;245.32;0.40;0.50;102;4;1;7;0.72;0.30;0.32;-0.03;-0.01;-0.06;0.02;0.31;-2.17;3.08;208.87;0.62;0.50;0.006
161463.195;3144;-2.28;3.21;213.14;-2.48;2.73;245.32;0.40;0.50;102;4;1;7;0.74;0.30;0.32;-0.04;-0.01;0.00;0.01;0.31;-2.19;3.07;211.24;0.61;0.50;0.002
161463.295;3155;-2.32;3.20;215.83;-2.48;2.73;245.32;0.40;0.50;102;4;1;7;0.74;0.30;0.31;-0.05;-0.01;-0.05;0.02;0.45;-2.21;3.05;213.56;0.60;0.50;0.003
161463.395;3163;-2.34;3.18;217.59;-2.48;2.73;245.32;0.40;0.50;102;4;1;7;0.76;0.30;0.33;-0.05;-0.01;0.17;-0.03;0.37;-2.23;3.04;215.83;0.58;0.50;0.002
161463.495;3174;-2.37;3.17;220.76;-2.48;2.73;245.32;0.40;0.50;102;4;1;7;0.73;0.30;0.33;-0.06;-0.01;0.01;0.01;0.39;-2.25;3.02;218.04;0.57;0.50;0.002
161463.615;3182;-2.39;3.15;222.82;-2.48;2.73;245.32;0.40;0.50;102;4;1;7;0.74;0.30;0.32;-0.08;-0.01;-0.03;0.00;0.50;-2.27;3.01;220.19;0.56;0.50;0.004
161463.695;3192;-2.42;3.14;225.70;-2.48;2.73;245.32;0.40;0.50;102;4;1;7;0.72;0.30;0.31;-0.08;-0.01;-0.05;0.00;0.56;-2.29;2.99;222.29;0.55;0.50;0.001
161463.795;3203;-2.45;3.11;228.57;-2.48;2.73;245.32;0.40;0.50;102;4;1;7;0.70;0.30;0.31;-0.08;-0.01;-0.03;0.01;0.54;-2.31;2.98;224.34;0.54;0.50;0.001
161463.895;3211;-2.47;3.10;230.63;-2.48;2.73;245.32;0.40;0.50;102;4;1;7;0.69;0.30;0.31;-0.08;-0.01;-0.05;0.01;0.48;-2.32;2.96;226.34;0.53;0.50;0.001
161463.995;3221;-2.49;3.08;232.94;-2.48;2.73;245.32;0.40;0.50;102;4;1;7;0.68;0.30;0.29;-0.04;-0.01;-0.12;0.01;0.51;-2.34;2.94;228.28;0.52;0.50;0.002
161464.095;3235;-2.52;3.04;235.78;-2.48;2.73;245.32;0.40;0.50;102;4;1;7;0.66;0.30;0.31;-0.02;-0.01;0.27;0.02;0.31;-2.36;2.92;230.18;0.51;0.50;0.001
161464.195;3244;-2.54;3.02;238.20;-2.48;2.73;245.32;0.40;0.50;102;4;1;7;0.63;0.30;0.30;-0.02;-0.01;-0.02;-0.00;0.38;-2.37;2.90;232.02;0.49;0.50;0.001
161464.295;3254;-2.55;3.00;239.93;-2.48;2.73;245.32;0.40;0.50;102;4;1;7;0.62;0.30;0.29;-0.01;-0.07;-0.20;-0.20;0.47;-2.39;2.88;233.81;0.48;0.50;0.001
161464.395;3265;-2.57;2.97;242.09;-2.48;2.73;245.32;0.40;0.50;102;4;1;7;0.60;0.30;0.30;0.00;-0.01;0.10;0.01;0.27;-2.40;2.86;235.56;0.47;0.50;0.002
161464.495;3273;-2.58;2.95;243.62;-2.48;2.73;245.32;0.40;0.50;102;4;1;7;0.59;0.30;0.28;-0.02;-0.01;-0.13;-0.02;0.38;-2.42;2.84;237.26;0.46;0.50;0.002
161464.595;3282;-2.59;2.93;245.18;-2.48;2.73;245.32;0.40;0.50;102;4;1;7;0.58;0.30;0.30;-0.00;-0.01;0.10;0.02;0.25;-2.43;2.82;238.90;0.45;0.50;0.002
161464.705;3292;-2.61;2.90;247.10;-2.48;2.73;245.32;0.40;0.50;102;4;1;7;0.56;0.30;0.29;-0.01;-0.01;-0.12;-0.03;0.38;-2.44;2.80;240.51;0.44;0.50;0.001
161464.795;3303;-2.62;2.87;248.91;-2.48;2.73;245.32;0.40;0.50;102;4;1;7;0.54;0.30;0.30;0.00;-0.01;0.17;0.05;0.22;-2.45;2.78;242.06;0.43;0.50;0.002
161464.905;3311;-2.63;2.85;250.47;-2.48;2.73;245.32;0.40;0.50;102;4;1;7;0.52;0.30;0.29;-0.01;-0.01;-0.11;-0.03;0.35;-2.47;2.76;243.57;0.42;0.50;0.003
161464.995;3322;-2.64;2.82;252.15;-2.48;2.73;245.32;0.40;0.50;102;4;1;7;0.50;0.30;0.30;0.00;-0.01;0.18;0.06;0.20;-2.48;2.73;245.03;0.40;0.50;0.001
161465.095;3334;-2.65;2.78;254.15;-2.48;2.73;245.32;0.40;0.50;102;4;1;7;0.48;0.30;0.30;-0.01;-0.01;0.00;0.00;0.27;-2.49;2.71;246.46;0.40;0.50;0.003
161465.195;3345;-2.66;2.75;256.04;-2.48;2.73;245.32;0.40;0.50;102;4;1;7;0.45;0.30;0.29;-0.01;-0.01;-0.10;-0.04;0.34;-2.50;2.69;247.87;0.39;0.50;0.002
161465.305;3354;-2.67;2.72;257.35;-2.48;2.73;245.32;0.40;0.50;102;4;1;7;0.44;0.30;0.30;0.00;-0.01;0.13;0.06;0.20;-2.50;2.66;249.25;0.39;0.50;0.006
161465.395;3363;-2.67;2.70;258.67;-2.48;2.73;245.32;0.40;0.50;102;4;1;7;0.43;0.30;0.30;-0.04;-0.01;0.02;0.01;0.21;-2.51;2.64;250.61;0.38;0.50;0.002
161465.495;3372;-2.68;2.67;259.86;-2.48;2.73;245.32;0.40;0.50;102;4;1;7;0.43;0.30;0.30;-0.05;-0.01;-0.10;-0.05;0.27;-2.52;2.62;251.94;0.37;0.50;0.002
161465.595;3382;-2.69;2.64;260.93;-2.48;2.73;245.32;0.40;0.50;102;4;1;7;0.44;0.30;0.30;-0.01;-0.01;0.13;0.07;0.16;-2.53;2.59;253.26;0.37;0.50;0.001
161465.695;3392;-2.70;2.61;262.35;-2.48;2.73;245.32;0.40;0.50;102;4;1;7;0.43;0.29;0.30;-0.03;-0.01;0.05;0.03;0.19;-2.54;2.57;254.55;0.36;0.50;0.001
161465.805;3403;-2.70;2.58;263.83;-2.48;2.73;245.32;0.40;0.50;102;4;1;7;0.42;0.29;0.29;-0.04;-0.01;-0.00;-0.00;0.20;-2.54;2.55;255.83;0.36;0.50;0.004
161465.895;3411;-2.71;2.56;264.63;-2.48;2.73;245.32;0.40;0.50;102;4;1;7;0.43;0.29;0.29;-0.02;-0.00;-0.04;-0.02;0.27;-2.55;2.52;257.08;0.35;0.50;0.001
161465.995;3422;-2.71;2.53;266.02;-2.48;2.73;245.32;0.40;0.50;102;4;1;7;0.43;0.29;0.29;-0.02;-0.01;0.10;0.07;0.16;-2.55;2.50;258.31;0.35;0.50;0.002
161466.105;3436;-2.72;2.49;267.73;-2.48;2.73;245.32;0.40;0.50;102;4;1;7;0.42;0.28;0.29;-0.01;-0.01;0.12;0.08;0.15;-2.56;2.47;259.51;0.34;0.50;0.002
161466.195;3441;-2.72;2.47;268.50;-2.48;2.73;245.32;0.40;0.50;102;4;1;7;0.41;0.28;0.28;-0.04;-0.01;-0.04;-0.03;0.23;-2.56;2.45;260.70;0.34;0.50;0.002
161466.325;3456;-2.73;2.43;270.23;-2.54;2.24;-90.00;-0.00;0.50;512;0;1;0;0.42;0.28;0.28;-0.04;-0.01;-0.00;-0.00;0.18;-2.57;2.40;263.01;0.32;0.50;0.031
161466.435;3464;-2.73;2.41;271.01;-2.54;2.24;-90.00;-0.00;0.50;512;0;1;0;0.41;0.30;0.28;-0.01;-0.01;-0.05;-0.03;0.26;-2.54;2.24;-90.00;-0.00;0.50;0.039
161466.535;3479;-2.73;2.36;272.85;-2.54;2.24;-90.00;-0.00;0.50;512;0;1;0;0.33;0.30;0.30;-0.00;-0.01;0.12;0.10;0.17;-2.54;2.24;-90.00;-0.00;0.50;0.045
161466.625;3487;-2.73;2.34;273.69;-2.54;2.24;-90.00;-0.00;0.50;512;0;1;0;0.30;0.30;0.30;-0.03;-0.01;0.03;0.02;0.08;-2.54;2.24;-90.00;-0.00;0.50;0.020
161466.725;3498;-2.73;2.31;274.33;-2.54;2.24;-90.00;-0.00;0.50;512;0;1;0;0.26;0.30;0.30;-0.04;-0.01;-0.02;-0.02;0.10;-2.54;2.24;-90.00;-0.00;0.50;0.030
161466.835;3507;-2.73;2.28;274.63;-2.54;2.24;-90.00;-0.00;0.50;512;0;1;0;0.25;0.30;0.29;-0.01;-0.01;-0.07;-0.04;0.15;-2.54;2.24;-90.00;-0.00;0.50;0.042
161466.915;3513;-2.73;2.26;274.98;-2.54;2.24;-90.00;-0.00;0.50;512;0;1;0;0.23;0.30;0.29;-0.01;-0.01;-0.01;-0.02;0.05;-2.54;2.24;-90.00;-0.00;0.50;0.018
161467.025;3526;-2.73;2.23;275.23;-2.54;2.24;-90.00;-0.00;0.50;512;0;1;0;0.21;0.30;0.28;-0.00;-0.01;-0.02;-0.03;0.02;-2.54;2.24;-90.00;-0.00;0.50;0.034
161467.135;3536;-2.73;2.20;275.25;-2.54;2.24;-90.00;-0.00;0.50;512;0;1;0;0.20;0.30;0.28;-0.00;-0.01;-0.04;-0.04;0.04;-2.54;2.21;-90.00;0.00;0.50;0.044
161467.205;3545;-2.73;2.17;275.26;-2.54;2.24;-90.00;-0.00;0.50;512;0;1;0;0.20;0.30;0.28;-0.01;-0.01;-0.02;-0.03;0.02;-2.54;2.17;-90.00;0.00;0.50;0.016
161467.315;3555;-2.72;2.14;275.24;-2.54;2.24;-90.00;-0.00;0.50;512;0;1;0;0.19;0.30;0.28;-0.00;-0.01;-0.01;-0.02;0.02;-2.54;2.16;-90.00;0.00;0.50;0.025
161467.425;3566;-2.72;2.11;275.21;-2.54;2.24;-90.00;-0.00;0.50;512;0;1;0;0.19;0.30;0.28;-0.00;-0.01;-0.01;-0.02;0.01;-2.54;2.11;-90.00;0.00;0.50;0.027
161467.515;3574;-2.72;2.09;275.19;-2.54;2.24;-90.00;-0.00;0.50;512;0;1;0;0.19;0.30;0.28;-0.00;-0.01;-0.01;-0.02;0.01;-2.54;2.09;-90.00;0.00;0.50;0.016
161467.625;3585;-2.72;2.06;275.15;-2.54;2.24;-90.00;-0.00;0.50;512;0;1;0;0.18;0.30;0.28;-0.00;-0.01;-0.01;-0.02;0.01;-2.54;2.06;-90.00;0.00;0.50;0.033
161467.745;3597;-2.71;2.02;275.06;-2.54;2.24;-90.00;-0.00;0.50;512;0;1;0;0.18;0.30;0.29;0.00;-0.01;-0.04;-0.03;0.03;-2.54;2.04;-90.00;0.00;0.50;0.051
161467.825;3608;-2.71;1.99;275.14;-2.54;2.24;-90.00;-0.00;0.50;512;0;1;0;0.17;0.30;0.28;-0.01;-0.01;-0.02;-0.02;0.01;-2.54;2.01;-90.00;0.00;0.50;0.030
161467.915;3616;-2.71;1.97;275.11;-2.54;2.24;-90.00;-0.00;0.50;512;0;1;0;0.17;0.30;0.29;-0.00;-0.01;-0.01;-0.02;0.01;-2.54;1.98;-90.00;0.00;0.50;0.019
161468.015;3625;-2.71;1.94;275.08;-2.54;2.24;-90.00;-0.00;0.50;512;0;1;0;0.16;0.30;0.29;-0.00;-0.01;-0.02;-0.02;0.01;-2.54;1.95;-90.00;0.00;0.50;0.021
161468.125;3635;-2.71;1.91;275.04;-2.54;2.24;-90.00;-0.00;0.50;512;0;1;0;0.16;0.30;0.29;-0.00;-0.01;-0.02;-0.02;0.00;-2.54;1.93;-90.00;0.00;0.50;0.029
161468.215;3643;-2.70;1.89;275.02;-2.54;2.24;-90.00;-0.00;0.50;512;0;1;0;0.16;0.30;0.29;-0.00;-0.01;-0.02;-0.02;0.00;-2.54;1.89;-90.00;0.00;0.50;0.018
161468.315;3654;-2.70;1.86;274.99;-2.54;2.24;-90.00;-0.00;0.50;512;0;1;0;0.15;0.30;0.29;-0.00;-0.01;-0.02;-0.02;0.00;-2.54;1.86;-90.00;0.00;0.50;0.017
161468.405;3662;-2.70;1.84;274.96;-2.54;2.24;-90.00;-0.00;0.50;512;0;1;0;0.15;0.30;0.29;-0.00;-0.01;-0.02;-0.02;0.00;-2.54;1.83;-90.00;0.00;0.50;0.014
161468.515;3676;-2.70;1.80;274.92;-2.54;2.24;-90.00;-0.00;0.50;512;0;1;0;0.15;0.30;0.29;-0.00;-0.01;-0.02;-0.02;0.00;-2.54;1.81;-90.00;0.00;0.50;0.020
161468.625;3687;-2.70;1.77;274.88;-2.54;2.24;-90.00;-0.00;0.50;512;0;1;0;0.14;0.30;0.29;-0.00;-0.01;-0.02;-0.01;-0.00;-2.54;1.79;-90.00;0.00;0.50;0.023
161468.715;3695;-2.69;1.74;274.85;-2.54;2.24;-90.00;-0.00;0.50;512;0;1;0;0.14;0.30;0.29;-0.00;-0.01;-0.02;-0.01;-0.00;-2.54;1.75;-90.00;0.00;0.50;0.025
161468.805;3706;-2.69;1.71;274.81;-2.54;2.24;-90.00;-0.00;0.50;512;0;1;0;0.13;0.30;0.29;-0.00;-0.01;-0.02;-0.01;-0.00;-2.54;1.71;-90.00;-0.00;0.50;0.015
161468.935;3718;-2.69;1.68;274.77;-2.54;2.24;-90.00;-0.00;0.50;512;0;1;0;0.13;0.30;0.29;-0.00;-0.01;-0.02;-0.01;-0.00;-2.54;1.69;-90.00;-0.00;0.50;0.041
161469.015;3723;-2.69;1.66;274.76;-2.54;2.24;-90.00;-0.00;0.50;512;0;1;0;0.13;0.30;0.29;-0.00;-0.01;-0.02;-0.01;-0.00;-2.54;1.67;-90.00;-0.00;0.50;0.019
161469.125;3737;-2.68;1.62;274.73;-2.54;2.24;-90.00;-0.00;0.50;512;0;1;0;0.12;0.30;0.29;-0.00;-0.00;-0.02;-0.01;0.00;-2.54;1.64;-90.00;-0.00;0.50;0.031
161469.245;3747;-2.68;1.59;274.71;-2.54;2.24;-90.00;-0.00;0.50;512;0;1;0;0.12;0.30;0.29;-0.00;-0.00;-0.02;-0.01;-0.00;-2.54;1.61;-90.00;-0.00;0.50;0.044
161469.335;3757;-2.68;1.57;274.69;-2.54;2.24;-90.00;-0.00;0.50;512;0;1;0;0.11;0.30;0.29;-0.00;-0.00;-0.02;-0.01;-0.00;-2.54;1.58;-90.00;-0.00;0.50;0.042
161469.425;3766;-2.68;1.54;274.66;-2.54;2.24;-90.00;-0.00;0.50;512;0;1;0;0.11;0.30;0.29;-0.00;-0.00;-0.02;-0.01;-0.00;-2.54;1.56;-90.00;-0.00;0.50;0.031
161469.525;3776;-2.68;1.51;274.65;-2.54;2.24;-90.00;-0.00;0.50;512;0;1;0;0.11;0.30;0.29;-0.00;-0.00;-0.01;-0.01;-0.00;-2.54;1.52;-90.00;-0.00;0.50;0.028
161469.615;3787;-2.67;1.48;274.63;-2.54;2.24;-90.00;-0.00;0.50;512;0;1;0;0.10;0.30;0.29;-0.00;-0.00;-0.01;-0.01;-0.00;-2.54;1.50;-90.00;-0.00;0.50;0.027
161469.735;3798;-2.67;1.45;274.62;-2.54;2.24;-90.00;-0.00;0.50;512;0;1;0;0.10;0.30;0.29;-0.00;-0.00;-0.01;-0.01;0.00;-2.54;1.46;-90.00;-0.00;0.50;0.039
161469.805;3802;-2.67;1.44;274.61;-2.54;2.24;-90.00;-0.00;0.50;512;0;1;0;0.09;0.30;0.29;-0.00;-0.00;-0.01;-0.01;-0.00;-2.54;1.44;-90.00;-0.00;0.50;0.014
161469.945;3816;-2.67;1.40;274.60;-2.53;0.86;-81.37;0.49;0.50;311;1;1;3;0.09;0.30;0.29;-0.00;-0.00;-0.01;-0.01;0.00;-2.54;1.41;-90.00;-0.00;0.50;0.023
161470.015;3826;-2.67;1.37;274.59;-2.53;0.86;-81.37;0.49;0.50;311;1;1;3;-0.49;0.30;0.29;-0.00;-0.00;-0.01;-0.01;-0.00;-2.54;1.04;-90.00;0.06;0.06;0.018
161470.105;3834;-2.66;1.34;272.91;-2.53;0.86;-81.37;0.49;0.50;311;1;1;3;-0.38;0.30;0.29;0.02;-0.00;0.01;0.02;-0.66;-2.54;1.04;-90.00;0.06;0.06;0.011
161470.205;3844;-2.66;1.32;270.44;-2.53;0.86;-81.37;0.49;0.50;311;1;1;3;-0.21;0.30;0.30;0.00;-0.01;-0.03;0.02;-0.31;-2.54;1.04;-90.00;0.06;0.06;0.014
161470.325;3854;-2.66;1.29;269.60;-2.53;0.86;-81.37;0.49;0.50;311;1;1;3;-0.12;0.30;0.30;-0.01;-0.01;0.06;-0.05;0.02;-2.54;1.04;-90.00;0.06;0.06;0.030
161470.405;3862;-2.66;1.26;269.58;-2.53;0.86;-81.37;0.49;0.50;311;1;1;3;-0.07;0.30;0.28;0.00;-0.01;-0.04;0.03;0.05;-2.54;1.04;-90.00;0.06;0.06;0.016
161470.515;3877;-2.66;1.22;270.51;-2.53;0.86;-81.37;0.49;0.50;311;1;1;3;-0.04;0.30;0.29;-0.00;-0.01;-0.02;0.01;0.09;-2.54;1.04;-90.00;0.06;0.06;0.020
161470.605;3882;-2.66;1.20;270.86;-2.53;0.86;-81.37;0.49;0.50;311;1;1;3;-0.03;0.30;0.30;0.00;-0.01;0.01;-0.01;0.14;-2.54;1.04;-90.00;0.06;0.06;0.010
161470.715;3897;-2.66;1.16;271.67;-2.53;0.86;-81.37;0.49;0.50;311;1;1;3;0.01;0.30;0.29;0.00;-0.00;-0.02;0.01;0.07;-2.54;1.04;-90.00;0.06;0.06;0.026
161470.805;3905;-2.66;1.14;271.97;-2.53;0.86;-81.37;0.49;0.50;311;1;1;3;0.04;0.30;0.30;-0.00;0.00;0.01;-0.00;0.06;-2.54;1.04;-90.00;0.06;0.06;0.017
161470.905;3916;-2.66;1.10;272.39;-2.53;0.86;-81.37;0.49;0.50;311;1;1;3;0.08;0.29;0.30;0.00;-0.00;0.00;0.00;0.07;-2.54;1.04;-90.00;0.06;0.06;0.016
161471.025;3924;-2.66;1.08;272.80;-2.41;0.51;-63.74;0.18;0.50;311;2;1;3;0.10;0.28;0.29;-0.00;-0.00;0.00;-0.00;0.09;-2.54;1.04;-90.00;0.06;0.06;0.028
161471.115;3935;-2.65;1.05;273.29;-2.41;0.51;-63.74;0.18;0.50;311;2;1;3;0.11;0.28;0.28;-0.00;-0.00;-0.00;-0.00;0.06;-2.54;1.04;-90.00;0.06;0.06;0.013
161471.205;3944;-2.65;1.02;273.48;-2.41;0.51;-63.74;0.18;0.50;311;2;1;3;0.21;0.28;0.27;-0.00;-0.00;-0.01;-0.01;0.03;-2.54;1.02;-89.77;0.16;0.16;0.007
161471.305;3954;-2.65;1.00;274.05;-2.41;0.51;-63.74;0.18;0.50;311;2;1;3;0.30;0.29;0.27;-0.01;-0.00;-0.01;-0.00;0.14;-2.54;1.00;-89.12;0.24;0.24;0.018
161471.405;3962;-2.65;0.98;274.75;-2.41;0.51;-63.74;0.18;0.50;311;2;1;3;0.34;0.29;0.27;-0.01;-0.01;-0.04;-0.03;0.23;-2.54;0.98;-88.55;0.28;0.28;0.011
161471.505;3973;-2.65;0.95;275.93;-2.41;0.51;-63.74;0.18;0.50;311;2;1;3;0.40;0.30;0.28;-0.00;-0.01;-0.05;-0.04;0.24;-2.54;0.96;-87.33;0.34;0.34;0.010
161471.605;3985;-2.65;0.91;277.43;-2.41;0.51;-63.74;0.18;0.50;311;2;1;3;0.43;0.30;0.29;-0.01;-0.01;-0.06;-0.05;0.30;-2.54;0.93;-86.21;0.38;0.38;0.009
161471.705;3996;-2.64;0.88;278.87;-2.41;0.51;-63.74;0.18;0.50;311;2;1;3;0.52;0.30;0.30;-0.00;-0.01;-0.03;-0.02;0.26;-2.53;0.90;-84.01;0.44;0.44;0.011
161471.805;4005;-2.64;0.85;280.42;-2.41;0.51;-63.74;0.18;0.50;311;2;1;3;0.52;0.30;0.30;-0.00;-0.00;0.04;0.03;0.25;-2.53;0.88;-83.12;0.45;0.46;0.014
161471.905;4015;-2.63;0.82;282.40;-2.41;0.51;-63.74;0.18;0.50;311;2;1;3;0.56;0.30;0.29;-0.01;-0.01;-0.04;-0.05;0.36;-2.53;0.86;-81.10;0.49;0.50;0.015
161472.005;4024;-2.63;0.80;284.17;-2.41;0.51;-63.74;0.18;0.50;311;2;1;3;0.54;0.30;0.30;0.00;-0.01;0.12;0.14;0.33;-2.52;0.83;-79.02;0.46;0.50;0.009
161472.105;4034;-2.62;0.77;286.57;-2.41;0.51;-63.74;0.18;0.50;311;2;1;3;0.49;0.30;0.29;-0.01;-0.01;-0.00;-0.01;0.36;-2.52;0.80;-77.06;0.44;0.50;0.009
161472.205;4043;-2.61;0.74;288.00;-2.41;0.51;-63.74;0.18;0.50;311;2;1;3;0.48;0.30;0.32;-0.01;-0.00;-0.04;-0.03;0.27;-2.51;0.77;-75.23;0.41;0.50;0.007
161472.305;4053;-2.60;0.71;289.79;-2.41;0.51;-63.74;0.18;0.50;311;2;1;3;0.45;0.30;0.30;-0.00;-0.01;0.05;0.08;0.26;-2.50;0.74;-73.52;0.39;0.50;0.009
161472.415;4066;-2.59;0.68;291.66;-2.41;0.51;-63.74;0.18;0.50;311;2;1;3;0.40;0.30;0.30;-0.03;-0.01;0.06;0.09;0.18;-2.50;0.73;-72.71;0.37;0.50;0.019
161472.505;4076;-2.58;0.65;292.57;-2.41;0.51;-63.74;0.18;0.50;311;2;1;3;0.41;0.30;0.29;-0.01;-0.01;0.01;0.01;0.08;-2.49;0.70;-71.17;0.35;0.50;0.008
161472.605;4085;-2.57;0.62;293.13;-2.41;0.51;-63.74;0.18;0.50;311;2;1;3;0.42;0.30;0.29;-0.01;-0.01;-0.00;-0.01;0.10;-2.48;0.67;-69.75;0.32;0.50;0.011
161472.715;4095;-2.56;0.60;293.70;-2.41;0.51;-63.74;0.18;0.50;311;2;1;3;0.43;0.30;0.29;-0.01;-0.01;-0.01;-0.02;0.09;-2.47;0.64;-68.45;0.30;0.50;0.015
161472.805;4104;-2.55;0.57;294.19;-2.41;0.51;-63.74;0.18;0.50;311;2;1;3;0.44;0.30;0.29;-0.02;-0.01;-0.02;-0.03;0.13;-2.45;0.61;-67.26;0.27;0.50;0.011
161472.905;4114;-2.54;0.55;294.70;-2.41;0.51;-63.74;0.18;0.50;311;2;1;3;0.44;0.30;0.29;-0.02;-0.00;-0.02;-0.03;0.12;-2.44;0.59;-66.17;0.25;0.50;0.009
161473.005;4122;-2.53;0.52;295.04;-2.41;0.51;-63.74;0.18;0.50;311;2;1;3;0.44;0.30;0.29;-0.02;-0.01;-0.03;-0.05;0.15;-2.44;0.57;-65.67;0.24;0.50;0.011
161473.115;4133;-2.52;0.49;295.67;-2.24;0.19;-65.46;-0.25;0.50;311;3;1;3;0.43;0.30;0.29;-0.02;-0.01;-0.02;-0.04;0.12;-2.42;0.55;-64.75;0.21;0.50;0.019
161473.205;4146;-2.51;0.46;296.20;-2.24;0.19;-65.46;-0.25;0.50;311;3;1;3;0.43;0.30;0.30;-0.02;-0.01;0.03;0.05;0.03;-2.41;0.52;-63.93;0.19;0.50;0.006
161473.295;4152;-2.50;0.44;296.39;-2.24;0.19;-65.46;-0.25;0.50;311;3;1;3;0.41;0.30;0.30;-0.02;-0.01;0.03;0.05;0.04;-2.40;0.49;-63.23;0.15;0.50;0.004
161473.395;4165;-2.48;0.40;296.80;-2.24;0.19;-65.46;-0.25;0.50;311;3;1;3;0.39;0.30;0.31;-0.02;-0.01;0.02;0.05;0.02;-2.38;0.45;-62.44;0.10;0.50;0.004
161473.495;4175;-2.47;0.38;297.07;-2.24;0.19;-65.46;-0.25;0.50;311;3;1;3;0.35;0.30;0.31;-0.02;-0.01;-0.02;-0.04;0.04;-2.37;0.44;-62.24;0.09;0.50;0.009
161473.595;4184;-2.46;0.35;297.18;-2.24;0.19;-65.46;-0.25;0.50;311;3;1;3;0.33;0.30;0.30;-0.02;-0.01;0.02;0.05;-0.01;-2.36;0.41;-61.96;0.05;0.50;0.007
161473.695;4194;-2.45;0.32;297.26;-2.24;0.19;-65.46;-0.25;0.50;311;3;1;3;0.31;0.30;0.30;-0.01;-0.01;-0.03;-0.04;0.01;-2.34;0.39;-61.82;0.02;0.50;0.007
161473.805;4203;-2.44;0.30;297.23;-2.24;0.19;-65.46;-0.25;0.50;311;3;1;3;0.28;0.30;0.30;-0.01;-0.01;-0.01;-0.00;-0.03;-2.33;0.36;-61.82;-0.02;0.50;0.005
161473.895;4213;-2.42;0.27;297.11;-2.24;0.19;-65.46;-0.25;0.50;311;3;1;3;0.25;0.30;0.30;-0.01;-0.01;0.03;0.07;-0.06;-2.32;0.34;-61.97;-0.05;0.50;0.004
161473.995;4224;-2.41;0.24;296.90;-2.24;0.19;-65.46;-0.25;0.50;311;3;1;3;0.20;0.30;0.29;-0.01;-0.01;0.00;0.01;-0.05;-2.29;0.30;-62.46;-0.11;0.50;0.005
161474.105;4232;-2.40;0.22;296.63;-2.24;0.19;-65.46;-0.25;0.50;311;3;1;3;0.18;0.30;0.29;-0.00;-0.01;0.01;0.02;-0.09;-2.29;0.28;-62.69;-0.12;0.50;0.007
161474.205;4242;-2.39;0.20;296.24;-2.24;0.19;-65.46;-0.25;0.50;311;3;1;3;0.13;0.30;0.29;-0.00;-0.01;-0.01;-0.02;-0.07;-2.27;0.26;-63.27;-0.16;0.50;0.007
161474.305;4255;-2.37;0.16;295.61;-2.15;-0.17;-89.43;-0.63;0.50;311;4;1;3;0.09;0.30;0.29;-0.00;-0.01;-0.04;-0.07;-0.07;-2.26;0.23;-63.99;-0.19;0.50;0.010
161474.395;4265;-2.36;0.13;294.96;-2.15;-0.17;-89.43;-0.63;0.50;311;4;1;3;-0.09;0.30;0.29;-0.00;-0.01;0.00;0.01;-0.13;-2.25;0.20;-64.85;-0.23;0.50;0.005
161474.505;4274;-2.35;0.11;293.80;-2.15;-0.17;-89.43;-0.63;0.50;311;4;1;3;-0.12;0.29;0.29;0.01;-0.01;-0.03;-0.05;-0.23;-2.23;0.16;-66.41;-0.28;0.50;0.013
161474.605;4284;-2.33;0.08;292.79;-2.15;-0.17;-89.43;-0.63;0.50;311;4;1;3;-0.15;0.29;0.30;0.00;-0.00;0.01;0.01;-0.13;-2.22;0.13;-67.62;-0.31;0.50;0.005
161474.695;4292;-2.33;0.06;292.19;-2.15;-0.17;-89.43;-0.63;0.50;311;4;1;3;-0.20;0.29;0.29;0.00;-0.00;-0.00;0.01;-0.12;-2.21;0.11;-68.96;-0.34;0.50;0.005
161474.805;4302;-2.31;0.04;291.64;-2.15;-0.17;-89.43;-0.63;0.50;311;4;1;3;-0.27;0.29;0.27;0.01;-0.00;-0.01;0.01;-0.11;-2.20;0.08;-70.45;-0.37;0.50;0.007
161474.895;4312;-2.30;0.01;291.11;-2.15;-0.17;-89.43;-0.63;0.50;311;4;1;3;-0.34;0.29;0.29;0.01;-0.00;0.06;-0.01;-0.08;-2.19;0.05;-72.08;-0.40;0.50;0.004
161475.015;4323;-2.29;-0.02;290.23;-2.11;-0.41;-76.50;0.54;0.50;844;1;1;5;-0.44;0.30;0.29;0.01;-0.01;0.04;-0.02;-0.14;-2.17;0.01;-74.81;-0.45;0.50;0.015
161475.155;4341;-2.27;-0.07;287.89;-2.11;-0.41;-76.50;0.54;0.50;844;1;1;5;-0.78;0.29;0.29;0.01;-0.01;0.01;-0.00;-0.41;-2.14;-0.16;-90.00;0.07;0.06;0.032
161475.255;4350;-2.26;-0.09;284.37;-2.11;-0.41;-76.50;0.54;0.50;844;1;1;5;-0.62;0.27;0.27;0.03;-0.01;-0.18;0.07;-0.68;-2.14;-0.16;-90.00;0.07;0.06;0.024
161475.345;4359;-2.26;-0.11;282.37;-2.11;-0.41;-76.50;0.54;0.50;844;1;1;5;-0.46;0.26;0.28;-0.01;-0.01;0.23;-0.10;-0.27;-2.14;-0.16;-90.00;0.07;0.06;0.022
161475.415;4365;-2.26;-0.13;281.50;-2.11;-0.41;-76.50;0.54;0.50;844;1;1;5;-0.33;0.24;0.25;0.01;-0.01;-0.07;0.03;-0.20;-2.14;-0.16;-90.00;0.07;0.06;0.008
161475.515;4373;-2.25;-0.15;281.14;-2.11;-0.41;-76.50;0.54;0.50;844;1;1;5;-0.27;0.23;0.25;-0.01;-0.01;-0.06;0.02;-0.05;-2.14;-0.16;-89.98;0.08;0.08;0.008
161475.635;4387;-2.24;-0.18;281.03;-2.11;-0.41;-76.50;0.54;0.50;844;1;1;5;-0.15;0.21;0.22;0.03;-0.01;-0.06;0.03;-0.06;-2.14;-0.18;-89.73;0.16;0.15;0.009
161475.725;4397;-2.24;-0.20;281.22;-2.11;-0.41;-76.50;0.54;0.50;844;1;1;5;-0.12;0.20;0.21;0.01;-0.01;0.03;-0.02;0.09;-2.14;-0.19;-89.49;0.20;0.18;0.015
161475.825;4407;-2.23;-0.22;281.66;-2.11;-0.41;-76.50;0.54;0.50;844;1;1;5;-0.06;0.20;0.20;-0.00;-0.00;-0.04;0.02;0.06;-2.14;-0.21;-88.92;0.25;0.23;0.016
161475.945;4418;-2.23;-0.24;282.18;-2.11;-0.41;-76.50;0.54;0.50;844;1;1;5;-0.01;0.19;0.18;0.00;-0.00;-0.03;0.01;0.06;-2.14;-0.23;-88.36;0.28;0.26;0.020
161476.015;4426;-2.23;-0.26;282.48;-2.11;-0.41;-76.50;0.54;0.50;844;1;0;5;0.03;0.18;0.19;-0.00;0.00;0.01;-0.00;0.04;-2.14;-0.24;-87.65;0.31;0.29;0.017
161476.125;4435;-2.22;-0.27;282.74;-2.11;-0.41;-76.50;0.54;0.50;844;1;0;5;0.03;0.18;0.19;0.00;0.00;0.00;-0.00;0.05;-2.14;-0.26;-86.76;0.35;0.32;0.033
161476.215;4445;-2.22;-0.28;282.92;-2.11;-0.41;-76.50;0.54;0.50;844;1;0;5;0.03;0.18;0.00;-0.00;-0.00;-0.01;-0.00;0.02;-2.14;-0.27;-86.24;0.36;0.33;0.018
161476.305;4456;-2.22;-0.28;283.03;-2.11;-0.41;-76.50;0.54;0.50;844;1;0;5;0.03;0.18;-0.00;-0.00;-0.00;-0.00;-0.00;0.01;-2.14;-0.27;-86.24;0.36;0.33;0.017
161476.415;4464;-2.22;-0.28;283.09;-2.11;-0.41;-76.50;0.54;0.50;844;1;0;5;0.03;0.18;0.00;0.00;-0.00;-0.00;0.00;0.01;-2.14;-0.27;-86.24;0.36;0.33;0.015
161476.505;4475;-2.22;-0.28;283.14;-2.11;-0.41;-76.50;0.54;0.50;844;1;0;5;0.03;0.18;0.00;0.00;-0.00;0.00;0.00;0.01;-2.14;-0.27;-86.24;0.36;0.33;0.014
161476.615;4483;-2.22;-0.28;283.16;-2.11;-0.41;-76.50;0.54;0.50;844;1;0;5;0.03;0.18;0.00;0.00;-0.00;0.00;0.00;0.00;-2.14;-0.27;-86.24;0.36;0.33;0.018
161476.705;4493;-2.22;-0.28;283.18;-2.11;-0.41;-76.50;0.54;0.50;844;1;0;5;0.03;0.18;0.00;0.00;-0.00;0.00;0.00;0.00;-2.14;-0.27;-86.24;0.36;0.33;0.012
161476.895;4511;-2.22;-0.28;283.21;-2.14;-0.16;-90.00;-0.00;0.50;844;0;1;0;0.03;0.18;0.00;0.00;-0.00;0.00;0.00;0.00;-2.14;-0.27;-86.24;0.36;0.33;0.052
161476.925;4516;-2.22;-0.28;283.21;-2.14;-0.46;-90.00;0.00;0.50;844;1;1;0;-0.45;0.20;0.00;0.00;-0.00;0.00;0.00;0.00;-2.14;-0.28;-90.00;0.00;0.50;0.033
161477.005;4526;-2.22;-0.29;282.25;-2.14;-0.46;-90.00;0.00;0.50;844;1;1;0;-0.41;0.21;0.19;0.01;-0.00;0.05;-0.01;-0.26;-2.14;-0.29;-90.00;0.00;0.50;0.018
161477.115;4535;-2.21;-0.31;281.05;-2.14;-0.46;-90.00;0.00;0.50;844;1;1;0;-0.36;0.22;0.20;0.01;-0.00;-0.02;0.01;-0.20;-2.14;-0.30;-90.00;0.00;0.50;0.017
161477.215;4544;-2.21;-0.33;280.32;-2.14;-0.46;-90.00;0.00;0.50;844;1;1;0;-0.34;0.24;0.22;0.00;-0.01;-0.05;0.02;-0.17;-2.14;-0.33;-90.00;0.00;0.50;0.025
161477.305;4555;-2.20;-0.35;279.75;-2.14;-0.46;-90.00;0.00;0.50;844;1;1;0;-0.32;0.25;0.24;-0.00;-0.01;0.06;-0.03;-0.05;-2.14;-0.35;-90.00;0.00;0.50;0.015
161477.415;4563;-2.20;-0.37;279.36;-2.14;-0.46;-90.00;0.00;0.50;844;1;1;0;-0.31;0.26;0.23;0.01;-0.01;-0.05;0.02;-0.10;-2.14;-0.37;-90.00;0.00;0.50;0.027
161477.505;4572;-2.20;-0.39;279.12;-2.14;-0.46;-90.00;0.00;0.50;844;1;1;0;-0.31;0.27;0.25;0.00;-0.01;-0.05;0.02;-0.11;-2.14;-0.40;-90.00;0.00;0.50;0.012
161477.605;4582;-2.19;-0.42;278.82;-2.14;-0.46;-90.00;0.00;0.50;844;1;1;0;-0.30;0.28;0.27;0.00;-0.01;0.05;-0.02;-0.02;-2.14;-0.42;-90.00;0.00;0.50;0.011
161477.715;4597;-2.19;-0.46;278.39;-2.14;-0.46;-90.00;0.00;0.50;844;1;1;0;-0.30;0.29;0.29;0.00;-0.01;0.10;-0.05;-0.02;-2.14;-0.46;-90.00;0.00;0.50;0.022
161477.815;4605;-2.18;-0.48;278.06;-2.14;-0.46;-90.00;0.00;0.50;844;1;1;0;-0.29;0.30;0.29;0.00;-0.01;-0.01;0.01;-0.03;-2.14;-0.47;-90.00;0.00;0.50;0.026
161477.915;4614;-2.18;-0.51;277.82;-2.14;-0.75;-90.00;-0.00;0.50;844;2;1;0;-0.29;0.30;0.28;0.01;-0.01;-0.05;0.03;-0.11;-2.14;-0.51;-90.00;0.00;0.50;0.013
161478.005;4624;-2.17;-0.54;277.65;-2.14;-0.75;-90.00;-0.00;0.50;844;2;1;0;-0.29;0.30;0.29;0.00;-0.01;-0.05;0.03;-0.10;-2.14;-0.54;-90.00;0.00;0.50;0.008
161478.105;4633;-2.17;-0.56;277.43;-2.14;-0.75;-90.00;-0.00;0.50;844;2;1;0;-0.29;0.30;0.30;0.00;-0.01;0.04;-0.02;0.00;-2.14;-0.57;-90.00;0.00;0.50;0.008
161478.205;4643;-2.17;-0.59;277.17;-2.14;-0.75;-90.00;-0.00;0.50;844;2;1;0;-0.28;0.30;0.29;0.00;-0.01;-0.02;0.02;-0.01;-2.14;-0.59;-90.00;0.00;0.50;0.008
161478.315;4657;-2.16;-0.63;276.95;-2.14;-0.75;-90.00;-0.00;0.50;844;2;1;0;-0.29;0.30;0.29;0.00;-0.01;0.00;0.00;0.00;-2.14;-0.61;-90.00;0.00;0.50;0.021
161478.405;4666;-2.16;-0.66;276.77;-2.14;-0.75;-90.00;-0.00;0.50;844;2;1;0;-0.29;0.30;0.28;0.01;-0.01;-0.05;0.03;-0.09;-2.14;-0.65;-90.00;0.00;0.50;0.012
161478.505;4675;-2.15;-0.68;276.70;-2.14;-0.75;-90.00;-0.00;0.50;844;2;1;0;-0.29;0.30;0.30;-0.00;-0.01;-0.05;0.03;-0.08;-2.14;-0.67;-90.00;0.00;0.50;0.013
161478.605;4685;-2.15;-0.71;276.50;-2.14;-0.75;-90.00;-0.00;0.50;844;2;1;0;-0.29;0.30;0.30;0.00;-0.01;0.04;-0.02;0.01;-2.14;-0.71;-90.00;-0.00;0.50;0.010
161478.705;4693;-2.15;-0.74;276.26;-2.14;-0.75;-90.00;-0.00;0.50;844;2;1;0;-0.29;0.30;0.28;0.01;-0.01;-0.05;0.03;-0.06;-2.14;-0.73;-90.00;-0.00;0.50;0.008
161478.805;4703;-2.14;-0.76;276.12;-2.14;-0.75;-90.00;-0.00;0.50;844;2;1;0;-0.29;0.30;0.28;0.01;-0.01;-0.06;0.03;-0.11;-2.14;-0.77;-90.00;-0.00;0.50;0.016
161478.905;4713;-2.14;-0.79;276.07;-2.14;-0.75;-90.00;-0.00;0.50;844;2;1;0;-0.30;0.30;0.30;0.00;-0.01;0.09;-0.05;0.01;-2.14;-0.79;-90.00;-0.00;0.50;0.006
161479.015;4724;-2.14;-0.83;275.81;-2.14;-1.05;-90.00;-0.00;0.50;844;3;1;0;-0.29;0.30;0.30;0.00;-0.01;0.04;-0.02;0.01;-2.14;-0.83;-90.00;-0.00;0.50;0.014
161479.095;4732;-2.13;-0.85;275.57;-2.14;-1.05;-90.00;-0.00;0.50;844;3;1;0;-0.29;0.30;0.29;0.01;-0.01;-0.04;0.03;-0.04;-2.14;-0.84;-90.00;-0.00;0.50;0.003
161479.205;4742;-2.13;-0.88;275.46;-2.14;-1.05;-90.00;-0.00;0.50;844;3;1;0;-0.29;0.30;0.28;0.01;-0.01;-0.05;0.03;-0.09;-2.14;-0.88;-90.00;-0.00;0.50;0.004
161479.305;4751;-2.13;-0.90;275.37;-2.14;-1.05;-90.00;-0.00;0.50;844;3;1;0;-0.29;0.30;0.29;0.00;-0.01;-0.05;0.03;-0.09;-2.14;-0.90;-90.00;-0.00;0.50;0.004
161479.415;4766;-2.12;-0.95;275.02;-2.14;-1.05;-90.00;-0.00;0.50;844;3;1;0;-0.29;0.30;0.28;0.02;-0.01;-0.06;0.03;-0.13;-2.14;-0.94;-90.00;-0.00;0.50;0.006
161479.495;4775;-2.12;-0.97;274.85;-2.14;-1.05;-90.00;-0.00;0.50;844;3;1;0;-0.29;0.30;0.30;0.01;-0.01;0.08;-0.05;-0.00;-2.14;-0.97;-90.00;-0.00;0.50;0.003
161479.595;4785;-2.12;-1.00;274.59;-2.14;-1.05;-90.00;-0.00;0.50;844;3;1;0;-0.28;0.30;0.30;0.00;-0.01;0.02;-0.01;0.01;-2.14;-0.99;-90.00;-0.00;0.50;0.006
161479.705;4793;-2.11;-1.03;274.41;-2.14;-1.05;-90.00;-0.00;0.50;844;3;1;0;-0.28;0.30;0.28;0.01;-0.01;-0.05;0.03;-0.08;-2.14;-1.02;-90.00;-0.00;0.50;0.009
161479.805;4803;-2.11;-1.05;274.37;-2.14;-1.05;-90.00;-0.00;0.50;844;3;1;0;-0.28;0.30;0.29;0.01;-0.01;-0.05;0.03;-0.09;-2.14;-1.06;-90.00;-0.00;0.50;0.005
161479.945;4817;-2.11;-1.09;274.12;-2.14;-1.36;-90.00;0.00;0.50;477;0;1;1;-0.28;0.30;0.28;0.01;-0.01;-0.06;0.03;-0.10;-2.14;-1.08;-90.00;-0.00;0.50;0.044
161480.015;4826;-2.10;-1.12;274.04;-2.14;-1.36;-90.00;0.00;0.50;477;0;1;1;-0.28;0.30;0.30;0.00;-0.01;0.06;-0.04;0.01;-2.14;-1.36;-90.00;0.00;0.50;0.024
161480.125;4836;-2.10;-1.15;273.83;-2.14;-1.36;-90.00;0.00;0.50;477;0;1;1;-0.28;0.30;0.29;0.00;-0.01;0.00;0.00;0.00;-2.14;-1.36;-90.00;0.00;0.50;0.033
161480.235;4845;-2.10;-1.18;273.67;-2.14;-1.76;-90.00;-0.00;0.50;476;0;1;7;-0.27;0.30;0.28;0.01;-0.01;-0.05;0.03;-0.07;-2.14;-1.36;-90.00;0.00;0.50;0.014
161480.365;4860;-2.10;-1.22;273.47;-2.14;-1.76;-90.00;-0.00;0.50;476;0;1;7;-0.43;0.30;0.29;0.01;-0.01;-0.03;0.03;-0.10;-2.14;-1.76;-90.00;-0.00;0.50;0.039
161480.445;4868;-2.10;-1.24;272.62;-2.14;-1.76;-90.00;-0.00;0.50;476;0;1;7;-0.40;0.30;0.30;0.01;-0.01;-0.04;0.02;-0.28;-2.14;-1.76;-90.00;-0.00;0.50;0.028
161480.555;4878;-2.09;-1.27;271.38;-2.14;-1.76;-90.00;-0.00;0.50;476;0;1;7;-0.32;0.30;0.30;0.03;-0.01;0.06;-0.04;-0.15;-2.14;-1.76;-90.00;-0.00;0.50;0.016
161480.645;4887;-2.09;-1.30;270.68;-2.14;-1.76;-90.00;-0.00;0.50;476;0;1;7;-0.29;0.30;0.30;0.04;-0.01;-0.05;0.04;-0.11;-2.14;-1.76;-90.00;-0.00;0.50;0.026
161480.745;4897;-2.09;-1.33;270.40;-2.14;-1.76;-90.00;-0.00;0.50;476;0;1;7;-0.27;0.30;0.30;0.01;-0.01;-0.05;0.03;-0.12;-2.14;-1.76;-90.00;-0.00;0.50;0.029
161480.845;4907;-2.08;-1.36;270.15;-2.14;-1.76;-90.00;-0.00;0.50;476;0;1;7;-0.24;0.30;0.30;-0.00;-0.01;0.05;-0.03;0.01;-2.14;-1.76;-90.00;-0.00;0.50;0.014
161480.935;4918;-2.08;-1.39;270.04;-2.14;-1.76;-90.00;-0.00;0.50;476;0;1;7;-0.23;0.30;0.29;0.00;-0.01;-0.01;0.02;0.02;-2.14;-1.76;-90.00;-0.00;0.50;0.018
161481.065;4931;-2.08;-1.43;270.08;-2.14;-1.76;-90.00;-0.00;0.50;476;0;1;7;-0.22;0.30;0.29;0.01;-0.01;-0.02;0.03;0.01;-2.14;-1.76;-90.00;-0.00;0.50;0.038
161481.155;4941;-2.08;-1.46;270.15;-2.14;-1.76;-90.00;-0.00;0.50;476;0;1;7;-0.22;0.30;0.28;0.01;-0.01;-0.04;0.03;-0.05;-2.14;-1.76;-90.00;-0.00;0.50;0.026
161481.225;4946;-2.08;-1.47;270.16;-2.14;-1.76;-90.00;-0.00;0.50;476;0;0;7;-0.21;0.30;0.28;0.01;-0.01;-0.03;0.02;-0.01;-2.14;-1.76;-90.00;-0.00;0.50;0.032
161481.315;4955;-2.08;-1.50;270.25;-2.14;-1.76;-90.00;-0.00;0.50;476;0;0;7;-0.21;0.30;0.29;0.00;-0.01;-0.05;0.03;-0.05;-2.14;-1.76;-90.00;-0.00;0.50;0.024
161481.415;4966;-2.08;-1.51;270.80;-2.14;-1.76;-90.00;-0.00;0.50;476;0;0;7;-0.21;0.30;0.01;0.02;-0.01;0.01;-0.02;0.20;-2.14;-1.76;-90.00;-0.00;0.50;0.021
161481.515;4974;-2.08;-1.51;271.54;-2.14;-1.76;-90.00;-0.00;0.50;476;0;0;7;-0.21;0.30;-0.02;0.00;-0.01;-0.04;0.02;0.15;-2.14;-1.76;-90.00;-0.00;0.50;0.016
161481.635;4989;-2.08;-1.51;272.52;-2.14;-1.76;-90.00;-0.00;0.50;476;0;0;7;-0.21;0.30;-0.00;-0.00;0.00;0.01;-0.01;0.05;-2.14;-1.76;-90.00;-0.00;0.50;0.045
161481.705;4994;-2.08;-1.51;272.61;-2.14;-1.76;-90.00;-0.00;0.50;476;0;0;7;-0.21;0.30;0.00;-0.00;0.00;0.01;-0.00;0.03;-2.14;-1.76;-90.00;-0.00;0.50;0.017
161481.925;5016;-2.08;-1.51;272.85;-2.14;-1.36;-90.00;-0.00;0.50;477;0;1;0;-0.21;0.30;0.00;0.00;-0.00;0.00;0.00;0.01;-2.14;-1.76;-90.00;-0.00;0.50;0.053
161481.965;5021;-2.08;-1.51;272.88;-2.14;-1.66;-90.00;0.00;0.50;477;1;1;0;-0.28;0.30;0.00;-0.00;-0.00;0.00;0.00;0.01;-2.14;-1.51;-90.00;0.00;0.50;0.031
161482.005;5026;-2.08;-1.52;272.64;-2.14;-1.66;-90.00;0.00;0.50;477;1;1;0;-0.28;0.30;0.18;-0.00;-0.00;-0.12;0.08;-0.19;-2.14;-1.51;-90.00;0.00;0.50;0.012
161482.115;5036;-2.08;-1.54;271.27;-2.14;-1.66;-90.00;0.00;0.50;477;1;1;0;-0.20;0.30;0.30;0.01;-0.00;-0.03;0.03;-0.24;-2.14;-1.54;-90.00;0.00;0.50;0.015
161482.205;5046;-2.08;-1.57;270.60;-2.14;-1.66;-90.00;0.00;0.50;477;1;1;0;-0.18;0.30;0.30;0.00;-0.01;0.05;-0.04;-0.04;-2.14;-1.56;-90.00;0.00;0.50;0.017
161482.315;5056;-2.08;-1.60;270.29;-2.14;-1.66;-90.00;0.00;0.50;477;1;1;0;-0.16;0.30;0.28;0.00;-0.01;-0.03;0.02;-0.04;-2.14;-1.59;-90.00;0.00;0.50;0.024
161482.415;5066;-2.08;-1.63;270.21;-2.14;-1.66;-90.00;0.00;0.50;477;1;1;0;-0.16;0.30;0.29;0.00;-0.01;-0.01;0.01;-0.02;-2.14;-1.62;-90.00;0.00;0.50;0.022
161482.525;5077;-2.08;-1.66;270.14;-2.14;-1.66;-90.00;0.00;0.50;477;1;1;0;-0.16;0.30;0.29;0.00;-0.01;-0.01;0.01;-0.02;-2.14;-1.65;-90.00;0.00;0.50;0.031
161482.605;5085;-2.08;-1.69;270.10;-2.14;-1.66;-90.00;0.00;0.50;477;1;1;0;-0.16;0.30;0.29;0.00;-0.01;-0.01;0.01;-0.02;-2.14;-1.67;-90.00;0.00;0.50;0.016
161482.725;5096;-2.08;-1.72;270.05;-2.14;-1.66;-90.00;0.00;0.50;477;1;1;0;-0.15;0.30;0.29;0.00;-0.01;-0.01;0.01;-0.02;-2.14;-1.72;-90.00;0.00;0.50;0.030
161482.805;5104;-2.08;-1.74;270.01;-2.14;-1.95;-90.00;-0.00;0.50;477;2;1;0;-0.15;0.30;0.29;0.00;-0.01;-0.01;0.01;-0.02;-2.14;-1.74;-90.00;0.00;0.50;0.016
161482.905;5114;-2.08;-1.77;269.96;-2.14;-1.95;-90.00;-0.00;0.50;477;2;1;0;-0.15;0.30;0.29;0.00;-0.01;-0.01;0.01;-0.02;-2.14;-1.77;-90.00;0.00;0.50;0.013
161483.005;5124;-2.08;-1.80;269.91;-2.14;-1.95;-90.00;-0.00;0.50;477;2;1;0;-0.15;0.30;0.29;0.00;-0.01;-0.01;0.01;-0.02;-2.14;-1.80;-90.00;0.00;0.50;0.008
161483.115;5132;-2.08;-1.82;269.88;-2.14;-1.95;-90.00;-0.00;0.50;477;2;1;0;-0.15;0.30;0.29;0.00;-0.01;-0.01;0.01;-0.01;-2.14;-1.83;-90.00;0.00;0.50;0.020
161483.195;5142;-2.08;-1.85;269.83;-2.14;-1.95;-90.00;-0.00;0.50;477;2;1;0;-0.15;0.30;0.29;0.00;-0.01;-0.01;0.01;-0.01;-2.14;-1.85;-90.00;0.00;0.50;0.005
161483.315;5156;-2.08;-1.89;269.80;-2.14;-1.95;-90.00;-0.00;0.50;477;2;1;0;-0.14;0.30;0.29;0.00;-0.01;-0.02;0.01;-0.01;-2.14;-1.87;-90.00;0.00;0.50;0.015
161483.405;5166;-2.08;-1.92;269.76;-2.14;-1.95;-90.00;-0.00;0.50;477;2;1;0;-0.14;0.30;0.29;0.00;-0.01;-0.02;0.01;-0.01;-2.14;-1.91;-90.00;-0.00;0.50;0.010
161483.515;5175;-2.08;-1.95;269.73;-2.14;-1.95;-90.00;-0.00;0.50;477;2;1;0;-0.14;0.30;0.29;0.00;-0.01;-0.02;0.01;-0.01;-2.14;-1.93;-90.00;-0.00;0.50;0.021
161483.615;5186;-2.08;-1.98;269.68;-2.14;-1.95;-90.00;-0.00;0.50;477;2;1;0;-0.14;0.30;0.29;0.00;-0.01;-0.02;0.01;-0.01;-2.14;-1.97;-90.00;-0.00;0.50;0.012
161483.705;5194;-2.07;-2.00;269.65;-2.14;-1.95;-90.00;-0.00;0.50;477;2;1;0;-0.14;0.30;0.29;0.00;-0.01;-0.02;0.01;-0.01;-2.14;-1.99;-90.00;-0.00;0.50;0.008
161483.805;5205;-2.08;-2.03;269.60;-2.14;-1.95;-90.00;-0.00;0.50;477;2;1;0;-0.13;0.30;0.29;0.00;-0.01;-0.02;0.01;-0.01;-2.14;-2.03;-90.00;-0.00;0.50;0.008
161483.905;5213;-2.08;-2.06;269.56;-2.14;-2.25;-90.00;-0.00;0.50;477;3;1;0;-0.13;0.30;0.29;0.00;-0.01;-0.02;0.01;-0.01;-2.14;-2.05;-90.00;-0.00;0.50;0.008
161483.995;5224;-2.08;-2.09;269.52;-2.14;-2.25;-90.00;-0.00;0.50;477;3;1;0;-0.13;0.30;0.29;0.00;-0.01;-0.02;0.01;-0.01;-2.14;-2.09;-90.00;-0.00;0.50;0.003
161484.095;5232;-2.08;-2.11;269.49;-2.14;-2.25;-90.00;-0.00;0.50;477;3;1;0;-0.13;0.30;0.29;0.00;-0.01;-0.01;0.01;-0.01;-2.14;-2.11;-90.00;-0.00;0.50;0.004
161484.205;5243;-2.08;-2.14;269.44;-2.14;-2.25;-90.00;-0.00;0.50;477;3;1;0;-0.13;0.30;0.29;0.00;-0.01;-0.01;0.01;-0.01;-2.14;-2.14;-90.00;-0.00;0.50;0.008
161484.295;5251;-2.08;-2.16;269.41;-2.14;-2.25;-90.00;-0.00;0.50;477;3;1;0;-0.12;0.30;0.29;0.00;-0.00;-0.01;0.01;-0.01;-2.14;-2.16;-90.00;-0.00;0.50;0.006
161484.405;5265;-2.08;-2.20;269.36;-2.14;-2.25;-90.00;-0.00;0.50;477;3;1;0;-0.12;0.30;0.29;0.00;-0.00;-0.01;0.01;-0.01;-2.14;-2.20;-90.00;-0.00;0.50;0.004
161484.505;5275;-2.08;-2.23;269.33;-2.14;-2.25;-90.00;-0.00;0.50;477;3;1;0;-0.12;0.30;0.29;0.00;-0.00;-0.01;0.01;-0.01;-2.14;-2.24;-90.00;-0.00;0.50;0.009
161484.595;5283;-2.08;-2.26;269.31;-2.14;-2.25;-90.00;-0.00;0.50;477;3;1;0;-0.12;0.30;0.29;0.00;-0.00;-0.01;0.01;-0.01;-2.14;-2.26;-90.00;-0.00;0.50;0.004
161484.735;5298;-2.08;-2.30;269.26;-2.14;-2.56;-90.00;0.00;-0.50;474;0;1;2;-0.12;0.30;0.29;0.00;-0.00;-0.01;0.01;-0.01;-2.14;-2.28;-90.00;-0.00;0.50;0.032
161484.855;5309;-2.08;-2.33;269.24;-2.14;-2.16;-90.00;0.00;-0.50;475;0;1;2;-0.19;0.26;0.27;0.00;-0.00;0.01;0.00;-0.05;-2.14;-2.31;-90.00;-0.00;-0.50;0.040
161484.945;5317;-2.08;-2.35;268.89;-2.14;-1.76;-90.00;-0.00;0.50;476;0;1;7;-0.20;0.20;0.25;0.00;-0.01;-0.02;0.02;-0.06;-2.14;-2.16;-90.00;0.00;-0.50;0.016
161485.065;5329;-2.08;-2.38;268.67;-1.79;-2.61;-25.94;0.72;0.50;476;2;1;7;0.79;0.21;0.19;0.00;-0.01;-0.02;0.02;-0.01;-2.05;-2.34;-64.64;0.54;0.50;0.025
161485.125;5334;-2.08;-2.39;269.62;-1.79;-2.61;-25.94;0.72;0.50;476;2;1;7;0.79;0.25;0.20;-0.01;-0.00;0.05;-0.04;0.72;-2.04;-2.36;-62.58;0.55;0.50;0.022
161485.225;5345;-2.08;-2.41;274.89;-1.79;-2.61;-25.94;0.72;0.50;476;2;1;7;0.79;0.29;0.24;-0.03;-0.01;-0.04;-0.02;0.93;-2.03;-2.38;-60.47;0.57;0.50;0.018
161485.325;5357;-2.07;-2.44;280.74;-1.79;-2.61;-25.94;0.72;0.50;476;2;1;7;0.79;0.30;0.29;-0.00;0.00;0.05;0.03;0.70;-2.02;-2.41;-58.30;0.58;0.50;0.024
161485.425;5367;-2.07;-2.47;285.40;-1.79;-2.61;-25.94;0.72;0.50;476;2;1;7;0.79;0.30;0.28;-0.02;-0.01;-0.12;-0.15;0.91;-2.00;-2.43;-56.07;0.59;0.50;0.025
