t;frame;x;y;z;x_ref;y_ref;z_ref;delta_ref;u_ref;state;ellipse;control;action;delta;u;vx;vy;vz;wx;wy;wz;xr;yr;zr;delr;ur
15174.125;13;-0.28;-2.19;-171.58;-0.39;-2.28;180.00;0.00;0.50;874;1;1;0;-0.19;0.01;-0.00;-0.00;-0.00;0.00;0.01;0.01;-0.31;-2.28;180.00;0.00;0.07;0.059
15174.195;16;-0.28;-2.19;-171.58;-0.39;-2.28;180.00;0.00;0.50;874;1;1;0;-0.19;0.02;-0.00;0.00;0.00;-0.01;-0.01;0.01;-0.31;-2.28;180.00;0.00;0.07;0.026
15174.295;29;-0.28;-2.19;-171.56;-0.39;-2.28;180.00;0.00;0.50;874;1;1;0;-0.19;0.02;-0.00;-0.00;-0.00;0.00;0.01;0.01;-0.31;-2.28;180.00;0.00;0.07;0.033
15174.395;39;-0.28;-2.19;-171.63;-0.39;-2.28;180.00;0.00;0.50;874;1;1;0;-0.19;0.03;0.02;0.00;-0.00;0.01;0.01;-0.02;-0.31;-2.28;180.00;0.00;0.07;0.029
15174.495;50;-0.28;-2.19;-171.68;-0.39;-2.28;180.00;0.00;0.50;874;1;1;0;-0.18;0.03;0.03;0.00;-0.00;-0.01;0.00;-0.01;-0.31;-2.28;180.00;0.00;0.07;0.031
15174.605;58;-0.28;-2.19;-171.74;-0.39;-2.28;180.00;0.00;0.50;874;1;1;0;-0.18;0.04;0.03;0.00;0.00;-0.01;-0.00;-0.01;-0.31;-2.28;180.00;0.00;0.07;0.038
15174.705;67;-0.29;-2.19;-171.81;-0.39;-2.28;180.00;0.00;0.50;874;1;1;0;-0.18;0.04;0.04;0.00;-0.00;0.04;-0.05;-0.01;-0.31;-2.28;180.00;0.00;0.07;0.035
15174.785;77;-0.29;-2.20;-171.89;-0.39;-2.28;180.00;0.00;0.50;874;1;1;0;-0.18;0.05;0.04;-0.00;-0.00;0.03;-0.03;-0.01;-0.31;-2.28;180.00;0.00;0.07;0.026
15174.905;88;-0.30;-2.20;-171.97;-0.39;-2.28;180.00;0.00;0.50;874;1;1;0;-0.18;0.05;0.05;-0.00;0.00;-0.02;0.03;-0.02;-0.31;-2.28;180.00;0.00;0.07;0.040
15175.005;101;-0.30;-2.20;-172.07;-0.39;-2.28;180.00;0.00;0.50;874;1;1;0;-0.17;0.05;0.05;-0.00;-0.00;0.02;-0.03;-0.01;-0.31;-2.28;180.00;0.00;0.07;0.044
15175.075;106;-0.31;-2.20;-172.10;-0.39;-2.28;180.00;0.00;0.50;874;1;1;0;-0.17;0.06;0.06;-0.00;0.00;-0.02;0.03;-0.02;-0.31;-2.28;180.00;0.00;0.07;0.015
15175.185;117;-0.31;-2.20;-172.18;-0.39;-2.28;180.00;0.00;0.50;874;1;1;0;-0.17;0.06;0.05;-0.00;-0.00;0.02;-0.03;-0.01;-0.31;-2.28;180.00;0.00;0.07;0.024
15175.315;130;-0.32;-2.20;-172.26;-0.39;-2.28;180.00;0.00;0.50;874;1;1;0;-0.17;0.06;0.06;0.00;0.00;-0.02;0.03;-0.01;-0.32;-2.28;180.00;0.00;0.11;0.050
15175.395;138;-0.32;-2.20;-172.30;-0.39;-2.28;180.00;0.00;0.50;874;1;1;0;-0.17;0.06;0.06;-0.00;0.00;-0.02;0.03;-0.01;-0.32;-2.28;180.00;0.00;0.18;0.034
15175.495;149;-0.33;-2.20;-172.36;-0.39;-2.28;180.00;0.00;0.50;874;1;1;0;-0.17;0.07;0.06;-0.00;-0.00;0.02;-0.03;-0.01;-0.33;-2.28;180.00;0.00;0.21;0.034
15175.585;158;-0.34;-2.20;-172.43;-0.39;-2.28;180.00;0.00;0.50;874;1;1;0;-0.17;0.08;0.07;-0.00;0.00;-0.02;0.03;-0.02;-0.33;-2.28;180.00;0.00;0.25;0.027
15175.695;168;-0.34;-2.20;-172.53;-0.39;-2.28;180.00;0.00;0.50;874;1;1;0;-0.16;0.09;0.08;0.00;0.00;-0.00;0.00;-0.02;-0.34;-2.28;180.00;0.00;0.32;0.024
15175.775;176;-0.35;-2.20;-172.63;-0.39;-2.28;180.00;0.00;0.50;874;1;1;0;-0.16;0.10;0.09;0.00;0.00;-0.00;-0.00;-0.02;-0.35;-2.28;180.00;0.00;0.35;0.009
15175.875;187;-0.36;-2.20;-172.79;-0.39;-2.28;180.00;0.00;0.50;874;1;1;0;-0.16;0.12;0.10;0.00;0.00;-0.00;-0.00;-0.02;-0.36;-2.28;180.00;0.00;0.39;0.012
15175.985;195;-0.37;-2.21;-172.91;-0.39;-2.28;180.00;0.00;0.50;874;1;1;0;-0.15;0.13;0.12;0.00;0.00;-0.00;-0.00;-0.03;-0.37;-2.28;180.00;0.00;0.42;0.023
15176.105;210;-0.39;-2.21;-173.13;-0.54;-2.28;180.00;-0.00;0.50;874;2;1;0;-0.15;0.15;0.13;0.00;0.00;-0.00;-0.00;-0.02;-0.39;-2.28;180.00;0.00;0.49;0.030
15176.225;220;-0.40;-2.21;-173.30;-0.54;-2.28;180.00;-0.00;0.50;874;2;1;0;-0.15;0.16;0.15;0.00;0.00;-0.00;-0.00;-0.03;-0.40;-2.28;180.00;0.00;0.50;0.063
15176.325;230;-0.42;-2.21;-173.47;-0.54;-2.28;180.00;-0.00;0.50;874;2;1;0;-0.15;0.18;0.17;0.00;-0.00;-0.00;-0.00;-0.03;-0.41;-2.28;180.00;0.00;0.50;0.063
15176.395;238;-0.43;-2.21;-173.61;-0.54;-2.28;180.00;-0.00;0.50;874;2;1;0;-0.15;0.19;0.18;-0.00;-0.00;-0.00;0.00;-0.03;-0.43;-2.28;180.00;0.00;0.50;0.035
15176.525;250;-0.46;-2.22;-173.84;-0.54;-2.28;180.00;-0.00;0.50;874;2;1;0;-0.14;0.21;0.20;0.00;-0.00;-0.00;-0.00;-0.03;-0.45;-2.28;180.00;0.00;0.50;0.057
15176.615;261;-0.48;-2.22;-174.03;-0.54;-2.28;180.00;-0.00;0.50;874;2;1;0;-0.14;0.22;0.21;0.00;-0.00;-0.00;0.00;-0.03;-0.46;-2.28;180.00;0.00;0.50;0.049
15176.705;269;-0.50;-2.22;-174.15;-0.54;-2.28;180.00;-0.00;0.50;874;2;1;0;-0.13;0.23;0.22;0.00;-0.00;0.00;0.00;-0.03;-0.48;-2.28;180.00;0.00;0.50;0.044
15176.785;279;-0.52;-2.22;-174.31;-0.54;-2.28;180.00;-0.00;0.50;874;2;1;0;-0.13;0.24;0.23;0.00;-0.00;0.00;0.00;-0.03;-0.51;-2.28;180.00;0.00;0.50;0.019
15176.885;288;-0.54;-2.22;-174.46;-0.69;-2.28;180.00;0.00;0.50;874;3;1;0;-0.13;0.26;0.25;0.00;-0.00;0.00;0.00;-0.03;-0.53;-2.28;180.00;-0.00;0.50;0.018
15177.035;303;-0.58;-2.23;-174.68;-0.69;-2.28;180.00;0.00;0.50;874;3;1;0;-0.13;0.26;0.26;-0.00;-0.00;0.01;0.00;-0.02;-0.56;-2.28;180.00;-0.00;0.50;0.066
15177.095;307;-0.59;-2.23;-174.74;-0.69;-2.28;180.00;0.00;0.50;874;3;1;0;-0.13;0.28;0.26;-0.00;-0.00;0.01;0.00;-0.03;-0.58;-2.28;180.00;-0.00;0.50;0.038
15177.195;319;-0.62;-2.23;-174.91;-0.69;-2.28;180.00;0.00;0.50;874;3;1;0;-0.13;0.29;0.28;-0.00;-0.00;0.01;0.00;-0.03;-0.61;-2.28;180.00;0.00;0.50;0.024
15177.315;330;-0.65;-2.23;-175.08;-0.69;-2.28;180.00;0.00;0.50;874;3;1;0;-0.13;0.29;0.29;-0.00;-0.00;0.01;0.00;-0.03;-0.64;-2.28;180.00;0.00;0.50;0.049
15177.375;334;-0.66;-2.24;-175.14;-0.69;-2.28;180.00;0.00;0.50;874;3;1;0;-0.12;0.30;0.29;-0.00;-0.00;0.01;0.00;-0.02;-0.67;-2.28;180.00;0.00;0.50;0.019
15177.475;345;-0.70;-2.24;-175.30;-0.85;-2.28;180.00;-0.00;0.50;874;4;1;0;-0.12;0.30;0.30;-0.00;-0.00;0.01;0.00;-0.02;-0.70;-2.28;180.00;0.00;0.50;0.015
15177.595;357;-0.73;-2.24;-175.44;-0.85;-2.28;180.00;-0.00;0.50;874;4;1;0;-0.12;0.30;0.30;-0.00;-0.01;0.01;0.00;-0.02;-0.72;-2.28;180.00;0.00;0.50;0.032
15177.685;367;-0.76;-2.24;-175.55;-0.85;-2.28;180.00;-0.00;0.50;874;4;1;0;-0.12;0.30;0.30;-0.00;-0.01;0.01;0.00;-0.02;-0.76;-2.28;180.00;-0.00;0.50;0.015
15177.795;377;-0.79;-2.25;-175.65;-0.85;-2.28;180.00;-0.00;0.50;874;4;1;0;-0.12;0.30;0.30;-0.00;-0.01;0.02;0.00;-0.02;-0.78;-2.28;180.00;-0.00;0.50;0.031
15177.885;389;-0.83;-2.25;-175.77;-0.85;-2.28;180.00;-0.00;0.50;874;4;1;0;-0.13;0.30;0.30;-0.00;-0.01;0.02;0.00;-0.02;-0.82;-2.28;180.00;-0.00;0.50;0.030
15177.995;400;-0.86;-2.25;-175.87;-1.00;-2.28;180.00;0.00;0.50;874;5;1;0;-0.13;0.30;0.30;-0.00;-0.01;0.02;0.00;-0.02;-0.84;-2.28;180.00;-0.00;0.50;0.029
15178.105;408;-0.88;-2.25;-175.95;-1.00;-2.28;180.00;0.00;0.50;874;5;1;0;-0.13;0.30;0.30;-0.00;-0.01;0.02;0.00;-0.02;-0.87;-2.28;180.00;-0.00;0.50;0.041
15178.185;419;-0.92;-2.26;-176.06;-1.00;-2.28;180.00;0.00;0.50;874;5;1;0;-0.13;0.30;0.30;-0.00;-0.01;0.02;0.00;-0.02;-0.90;-2.28;180.00;-0.00;0.50;0.027
15178.305;431;-0.95;-2.26;-176.17;-1.00;-2.28;180.00;0.00;0.50;874;5;1;0;-0.13;0.30;0.30;-0.00;-0.01;0.02;0.00;-0.02;-0.93;-2.28;180.00;-0.00;0.50;0.050
15178.385;437;-0.97;-2.26;-176.23;-1.00;-2.28;180.00;0.00;0.50;874;5;1;0;-0.13;0.30;0.30;-0.00;-0.01;0.02;0.00;-0.02;-0.96;-2.28;180.00;0.00;0.50;0.022
15178.475;446;-1.00;-2.26;-176.31;-1.15;-2.28;180.00;-0.00;0.50;874;6;1;0;-0.13;0.30;0.30;-0.00;-0.01;0.02;0.00;-0.02;-1.00;-2.28;180.00;0.00;0.50;0.014
15178.605;457;-1.03;-2.26;-176.41;-1.15;-2.28;180.00;-0.00;0.50;874;6;1;0;-0.13;0.30;0.30;-0.00;-0.01;0.03;0.00;-0.02;-1.03;-2.28;180.00;0.00;0.50;0.038
15178.715;472;-1.08;-2.27;-176.55;-1.15;-2.28;180.00;-0.00;0.50;874;6;1;0;-0.13;0.30;0.30;-0.00;-0.01;0.03;0.00;-0.02;-1.06;-2.28;180.00;0.00;0.50;0.045
15178.795;476;-1.09;-2.27;-176.58;-1.15;-2.28;180.00;-0.00;0.50;874;6;1;0;-0.13;0.30;0.30;-0.00;-0.01;0.03;0.00;-0.02;-1.09;-2.28;180.00;0.00;0.50;0.022
15178.945;491;-1.13;-2.27;-176.71;-1.15;-2.28;180.00;-0.00;0.50;874;6;1;0;-0.13;0.30;0.30;-0.00;-0.01;0.03;0.00;-0.02;-1.12;-2.28;180.00;-0.00;0.50;0.066
15179.005;500;-1.16;-2.27;-176.79;-1.30;-2.28;180.00;0.00;0.50;874;7;1;0;-0.13;0.30;0.30;-0.00;-0.01;0.03;0.00;-0.02;-1.14;-2.28;180.00;-0.00;0.50;0.043
15179.135;511;-1.19;-2.27;-176.88;-1.52;-2.26;162.35;-0.79;0.50;942;1;1;6;-0.13;0.30;0.30;-0.00;-0.01;0.03;0.00;-0.02;-1.17;-2.28;180.00;-0.00;0.50;0.049
15179.215;519;-1.22;-2.27;-176.95;-1.52;-2.26;162.35;-0.79;0.50;942;1;1;6;0.06;0.30;0.30;-0.00;-0.01;0.03;0.00;-0.02;-1.32;-2.28;180.03;-0.10;0.06;0.044
15179.305;530;-1.25;-2.28;-176.13;-1.52;-2.26;162.35;-0.79;0.50;942;1;1;6;-0.06;0.30;0.31;-0.01;-0.01;0.00;0.03;0.24;-1.32;-2.28;180.03;-0.10;0.06;0.034
15179.405;538;-1.28;-2.28;-175.83;-1.52;-2.26;162.35;-0.79;0.50;942;1;1;6;-0.14;0.30;0.31;0.01;0.00;0.02;-0.00;-0.02;-1.32;-2.28;180.03;-0.10;0.06;0.033
15179.495;548;-1.31;-2.28;-176.23;-1.52;-2.26;162.35;-0.79;0.50;942;1;1;6;-0.21;0.29;0.29;0.03;0.00;0.01;0.00;-0.15;-1.32;-2.28;180.03;-0.10;0.06;0.031
15179.595;558;-1.33;-2.29;-177.15;-1.52;-2.26;162.35;-0.79;0.50;942;1;1;6;-0.31;0.28;0.28;0.02;-0.00;0.01;0.03;-0.19;-1.32;-2.28;180.01;-0.17;0.11;0.027
15179.695;567;-1.36;-2.29;-178.14;-1.52;-2.26;162.35;-0.79;0.50;942;1;1;6;-0.48;0.28;0.29;-0.00;-0.00;-0.06;-0.07;-0.22;-1.36;-2.29;178.90;-0.36;0.23;0.032
15179.815;580;-1.40;-2.29;-180.64;-1.52;-2.26;162.35;-0.79;0.50;942;1;1;6;-0.57;0.29;0.29;-0.00;-0.01;-0.08;-0.10;-0.37;-1.38;-2.29;177.33;-0.45;0.29;0.048
15179.905;589;-1.42;-2.29;-182.80;-1.52;-2.26;162.35;-0.79;0.50;942;1;1;6;-0.63;0.29;0.28;0.00;-0.01;-0.01;-0.02;-0.40;-1.41;-2.28;175.51;-0.52;0.33;0.041
15180.005;599;-1.45;-2.29;-185.90;-1.52;-2.26;162.35;-0.79;0.50;942;1;1;6;-0.68;0.29;0.28;0.02;-0.01;0.12;0.14;-0.65;-1.44;-2.28;173.02;-0.59;0.38;0.037
15180.065;604;-1.46;-2.29;-187.58;-1.52;-2.26;162.35;-0.79;0.50;942;1;1;6;-0.78;0.30;0.28;0.01;-0.01;0.07;0.06;-0.59;-1.47;-2.27;169.76;-0.67;0.42;0.008
15180.175;614;-1.49;-2.28;-191.41;-1.52;-2.26;162.35;-0.79;0.50;942;1;1;6;-0.79;0.30;0.29;0.03;-0.01;0.09;0.09;-0.86;-1.49;-2.27;167.12;-0.71;0.45;0.014
15180.275;625;-1.53;-2.28;-196.18;-1.52;-2.26;162.35;-0.79;0.50;942;1;1;6;-0.79;0.30;0.31;0.03;0.00;-0.12;-0.09;-0.59;-1.52;-2.26;162.35;-0.79;0.50;0.019
15180.385;638;-1.56;-2.27;-201.89;-1.81;-1.96;106.51;-0.75;0.50;942;2;1;6;-0.79;0.30;0.33;0.02;-0.01;-0.10;-0.06;-0.68;-1.55;-2.25;158.85;-0.78;0.50;0.030
15180.495;649;-1.60;-2.26;-206.43;-1.81;-1.96;106.51;-0.75;0.50;942;2;1;6;-0.77;0.30;0.31;0.08;-0.01;0.22;0.11;-0.91;-1.57;-2.24;155.37;-0.78;0.50;0.020
15180.605;660;-1.63;-2.25;-210.68;-1.81;-1.96;106.51;-0.75;0.50;942;2;1;6;-0.79;0.30;0.35;0.03;-0.01;-0.21;-0.07;-0.57;-1.60;-2.22;150.17;-0.78;0.50;0.039
15180.675;668;-1.66;-2.24;-213.91;-1.81;-1.96;106.51;-0.75;0.50;942;2;1;6;-0.79;0.30;0.34;0.07;-0.01;0.07;0.05;-0.57;-1.63;-2.21;146.72;-0.78;0.50;0.014
15180.775;678;-1.69;-2.22;-217.29;-1.81;-1.96;106.51;-0.75;0.50;942;2;1;6;-0.79;0.30;0.33;0.11;-0.01;0.06;0.02;-0.82;-1.65;-2.19;143.28;-0.77;0.50;0.025
15180.875;687;-1.72;-2.21;-220.79;-1.81;-1.96;106.51;-0.75;0.50;942;2;1;6;-0.79;0.30;0.35;0.10;-0.01;-0.03;-0.00;-0.59;-1.67;-2.18;139.87;-0.77;0.50;0.012
15180.975;698;-1.76;-2.19;-225.36;-1.81;-1.96;106.51;-0.75;0.50;942;2;1;6;-0.79;0.30;0.35;0.11;-0.01;-0.02;0.02;-0.64;-1.70;-2.14;133.08;-0.77;0.50;0.008
15181.095;706;-1.78;-2.18;-228.93;-1.81;-1.96;106.51;-0.75;0.50;942;2;1;6;-0.79;0.30;0.33;0.11;-0.01;0.02;0.01;-0.74;-1.72;-2.12;129.71;-0.76;0.50;0.037
15181.195;720;-1.82;-2.15;-235.04;-1.81;-1.96;106.51;-0.75;0.50;942;2;1;6;-0.79;0.30;0.34;0.11;-0.02;-0.00;0.04;-0.68;-1.74;-2.10;126.35;-0.76;0.50;0.029
15181.295;729;-1.85;-2.13;-239.53;-1.81;-1.96;106.51;-0.75;0.50;942;2;1;6;-0.79;0.30;0.31;0.09;-0.01;-0.00;0.01;-0.95;-1.75;-2.08;123.01;-0.76;0.50;0.031
15181.395;738;-1.87;-2.11;-243.93;-1.81;-1.96;106.51;-0.75;0.50;942;2;1;6;-0.79;0.30;0.32;0.07;-0.01;0.03;0.02;-0.99;-1.76;-2.07;121.34;-0.76;0.50;0.026
15181.495;747;-1.88;-2.09;-248.61;-1.81;-1.96;106.51;-0.75;0.50;942;2;1;6;-0.75;0.30;0.29;0.03;-0.11;-0.08;-0.49;-0.86;-1.77;-2.05;118.02;-0.76;0.50;0.033
15181.615;762;-1.90;-2.04;-256.91;-1.81;-1.96;106.51;-0.75;0.50;942;2;1;6;-0.62;0.30;0.31;0.03;-0.01;-0.21;0.10;-0.99;-1.79;-2.01;113.07;-0.75;0.50;0.051
15181.695;766;-1.91;-2.03;-259.00;-1.81;-1.96;106.51;-0.75;0.50;942;2;1;6;-0.59;0.29;0.31;0.07;-0.01;0.14;-0.08;-0.84;-1.79;-2.00;111.42;-0.75;0.50;0.034
15181.835;782;-1.92;-1.99;-263.31;-1.81;-1.96;106.51;-0.75;0.50;942;2;1;6;-0.62;0.29;0.30;-0.01;-0.00;-0.17;0.09;-0.34;-1.81;-1.96;106.51;-0.75;0.50;0.071
15181.895;786;-1.92;-1.98;-264.69;-1.81;-1.96;106.51;-0.75;0.50;942;2;1;6;-0.60;0.28;0.27;0.02;-0.01;0.14;-0.09;-0.62;-1.81;-1.95;104.92;-0.72;0.50;0.028
15182.005;799;-1.92;-1.94;-268.02;-1.81;-1.96;106.51;-0.75;0.50;942;2;1;6;-0.52;0.28;0.29;-0.00;-0.00;-0.11;0.06;-0.34;-1.82;-1.93;101.97;-0.66;0.50;0.039
15182.085;809;-1.92;-1.91;-270.20;-1.81;-1.96;106.51;-0.75;0.50;942;2;1;6;-0.48;0.27;0.27;0.02;-0.01;0.05;-0.04;-0.37;-1.82;-1.90;99.32;-0.60;0.50;0.021
15182.185;818;-1.92;-1.89;-271.52;-1.82;-1.54;89.43;0.23;0.50;942;3;1;6;-0.46;0.27;0.27;0.01;-0.00;0.02;0.00;-0.32;-1.82;-1.88;96.97;-0.54;0.50;0.021
15182.285;827;-1.92;-1.86;-273.27;-1.82;-1.54;89.43;0.23;0.50;942;3;1;6;-0.33;0.29;0.27;0.00;-0.01;0.01;-0.01;-0.26;-1.83;-1.85;94.91;-0.48;0.50;0.015
15182.375;838;-1.92;-1.83;-274.17;-1.82;-1.54;89.43;0.23;0.50;942;3;1;6;-0.30;0.30;0.30;-0.00;-0.00;0.04;-0.02;-0.14;-1.83;-1.83;93.12;-0.42;0.50;0.024
15182.485;846;-1.92;-1.81;-274.89;-1.82;-1.54;89.43;0.23;0.50;942;3;1;6;-0.28;0.30;0.30;0.02;-0.01;-0.02;0.01;-0.10;-1.83;-1.80;91.61;-0.36;0.50;0.021
15182.615;861;-1.92;-1.76;-275.90;-1.80;-1.32;80.76;-0.46;0.50;789;1;1;4;-0.23;0.30;0.30;0.03;-0.01;-0.04;0.03;-0.07;-1.83;-1.77;90.35;-0.31;0.50;0.032
15182.695;870;-1.92;-1.74;-276.27;-1.80;-1.32;80.76;-0.46;0.50;789;1;1;4;0.34;0.30;0.30;0.03;-0.01;0.08;-0.08;-0.11;-1.81;-1.53;89.99;-0.06;0.06;0.037
15182.775;876;-1.92;-1.72;-275.70;-1.80;-1.32;80.76;-0.46;0.50;789;1;1;4;0.29;0.30;0.30;0.01;-0.01;-0.07;0.06;0.54;-1.81;-1.53;89.99;-0.06;0.06;0.012
15182.895;889;-1.92;-1.68;-271.95;-1.80;-1.32;80.76;-0.46;0.50;789;1;1;4;0.06;0.30;0.30;-0.00;-0.00;0.02;0.00;0.35;-1.81;-1.53;89.99;-0.06;0.06;0.030
15183.005;899;-1.92;-1.65;-271.50;-1.80;-1.32;80.76;-0.46;0.50;789;1;1;4;-0.01;0.30;0.29;0.00;-0.00;0.02;0.01;-0.03;-1.81;-1.53;89.99;-0.06;0.06;0.056
15183.095;907;-1.91;-1.63;-271.79;-1.80;-1.32;80.76;-0.46;0.50;789;1;1;4;-0.03;0.30;0.29;0.00;-0.00;0.02;0.01;-0.11;-1.81;-1.53;89.99;-0.06;0.06;0.040
15183.185;918;-1.91;-1.59;-272.25;-1.80;-1.32;80.76;-0.46;0.50;789;1;1;4;-0.06;0.29;0.30;0.00;0.00;-0.00;-0.00;-0.07;-1.81;-1.53;89.99;-0.06;0.06;0.025
15183.295;927;-1.91;-1.57;-272.66;-1.80;-1.32;80.76;-0.46;0.50;789;1;1;4;-0.08;0.29;0.29;-0.00;-0.00;0.00;0.00;-0.08;-1.81;-1.53;89.99;-0.06;0.06;0.036
15183.365;937;-1.91;-1.54;-273.13;-1.80;-1.32;80.76;-0.46;0.50;789;1;1;4;-0.11;0.27;0.29;0.00;-0.00;0.00;0.00;-0.08;-1.81;-1.53;89.99;-0.06;0.06;0.029
15183.485;945;-1.91;-1.52;-273.40;-1.80;-1.32;80.76;-0.46;0.50;789;1;1;4;-0.19;0.27;0.27;0.01;-0.00;0.01;-0.00;-0.05;-1.81;-1.51;89.79;-0.14;0.15;0.020
15183.615;960;-1.91;-1.48;-274.18;-1.80;-1.32;80.76;-0.46;0.50;789;1;1;4;-0.27;0.26;0.26;0.00;-0.00;0.03;-0.02;-0.14;-1.82;-1.49;89.22;-0.21;0.23;0.048
15183.725;968;-1.91;-1.46;-274.86;-1.80;-1.32;80.76;-0.46;0.50;789;1;1;4;-0.31;0.26;0.26;0.00;-0.00;-0.00;0.00;-0.16;-1.81;-1.47;88.61;-0.25;0.27;0.057
15183.785;979;-1.90;-1.43;-275.94;-1.80;-1.32;80.76;-0.46;0.50;789;1;1;4;-0.35;0.26;0.25;0.00;-0.01;0.02;-0.02;-0.17;-1.81;-1.45;87.74;-0.29;0.32;0.033
15183.925;991;-1.90;-1.40;-277.20;-1.80;-1.32;80.76;-0.46;0.50;789;1;1;4;-0.39;0.26;0.25;0.01;-0.01;0.03;-0.03;-0.17;-1.81;-1.42;86.56;-0.34;0.36;0.058
15184.015;1001;-1.90;-1.37;-278.26;-1.80;-1.32;80.76;-0.46;0.50;789;1;1;4;-0.45;0.27;0.25;0.02;-0.01;0.06;-0.05;-0.29;-1.81;-1.39;85.04;-0.38;0.41;0.052
15184.105;1010;-1.90;-1.35;-279.58;-1.80;-1.32;80.76;-0.46;0.50;789;1;1;4;-0.48;0.27;0.25;0.02;-0.01;0.06;-0.05;-0.33;-1.81;-1.37;83.81;-0.41;0.44;0.041
15184.205;1020;-1.89;-1.32;-280.88;-1.80;-1.32;80.76;-0.46;0.50;789;1;1;4;-0.51;0.28;0.27;0.00;-0.01;-0.08;0.09;-0.20;-1.80;-1.35;82.39;-0.43;0.47;0.035
15184.335;1029;-1.89;-1.30;-282.83;-1.80;-1.32;80.76;-0.46;0.50;789;1;1;4;-0.52;0.28;0.27;0.01;-0.01;0.03;-0.04;-0.37;-1.80;-1.32;80.76;-0.46;0.50;0.068
15189.745;1574;-1.88;-1.25;-282.76;-1.79;-1.02;75.35;-0.57;0.50;790;1;1;8;-0.52;0.28;0.00;-0.00;-0.00;-0.00;0.00;-0.00;-1.80;-1.30;79.10;-0.43;0.50;0.009
15189.755;1574;-1.88;-1.25;-282.76;-1.79;-1.02;75.35;-0.57;0.50;790;1;1;8;0.22;0.27;0.00;-0.00;-0.00;-0.00;0.00;-0.00;-1.82;-1.25;89.46;-0.21;0.18;0.009
15189.895;1587;-1.88;-1.23;-281.67;-1.79;-1.02;75.35;-0.57;0.50;790;1;1;8;0.13;0.26;0.28;0.00;0.00;-0.01;0.00;0.23;-1.82;-1.24;89.22;-0.23;0.20;0.038
15189.965;1593;-1.87;-1.21;-281.15;-1.79;-1.02;75.35;-0.57;0.50;790;1;1;8;0.04;0.25;0.26;-0.00;0.00;-0.01;0.00;0.07;-1.82;-1.22;88.57;-0.27;0.24;0.017
15190.055;1602;-1.87;-1.19;-281.04;-1.79;-1.02;75.35;-0.57;0.50;790;1;1;8;-0.04;0.24;0.25;0.00;-0.00;-0.00;0.00;-0.04;-1.82;-1.20;87.62;-0.32;0.28;0.014
15190.165;1617;-1.86;-1.16;-281.74;-1.79;-1.02;75.35;-0.57;0.50;790;1;1;8;-0.13;0.24;0.24;0.00;-0.00;0.00;-0.00;-0.09;-1.81;-1.17;86.33;-0.37;0.32;0.026
15190.255;1623;-1.86;-1.14;-282.22;-1.79;-1.02;75.35;-0.57;0.50;790;1;1;8;-0.19;0.24;0.25;-0.02;-0.05;0.06;-0.29;-0.18;-1.81;-1.14;84.65;-0.41;0.36;0.012
15190.375;1636;-1.85;-1.11;-283.33;-1.79;-1.02;75.35;-0.57;0.50;790;1;1;8;-0.23;0.24;0.24;0.00;0.00;-0.01;0.00;-0.14;-1.81;-1.13;83.64;-0.44;0.38;0.033
15190.475;1647;-1.84;-1.09;-284.27;-1.79;-1.02;75.35;-0.57;0.50;790;1;1;8;-0.32;0.24;0.24;-0.00;-0.00;0.00;-0.00;-0.14;-1.80;-1.09;81.27;-0.48;0.42;0.020
15190.565;1655;-1.84;-1.07;-285.12;-1.79;-1.02;75.35;-0.57;0.50;790;1;1;8;-0.36;0.25;0.24;0.00;-0.01;0.00;-0.00;-0.20;-1.80;-1.08;79.88;-0.50;0.44;0.022
15190.675;1666;-1.83;-1.04;-286.37;-1.79;-1.02;75.35;-0.57;0.50;790;1;1;8;-0.41;0.25;0.25;0.00;-0.01;0.00;0.00;-0.19;-1.79;-1.06;78.36;-0.53;0.46;0.039
15190.765;1674;-1.83;-1.02;-287.28;-1.79;-1.02;75.35;-0.57;0.50;790;1;1;8;-0.46;0.26;0.25;0.02;-0.01;-0.04;0.06;-0.22;-1.79;-1.04;76.70;-0.55;0.48;0.024
15190.875;1684;-1.82;-1.00;-288.70;-1.45;-0.64;17.15;-0.79;0.50;790;2;1;8;-0.50;0.27;0.25;0.00;-0.01;-0.03;0.04;-0.24;-1.78;-1.02;74.89;-0.57;0.50;0.032
15190.975;1696;-1.81;-0.97;-290.42;-1.45;-0.64;17.15;-0.79;0.50;790;2;1;8;-0.45;0.27;0.26;0.01;-0.01;0.04;-0.05;-0.30;-1.78;-1.00;73.01;-0.58;0.50;0.028
15191.085;1707;-1.80;-0.94;-291.66;-1.45;-0.64;17.15;-0.79;0.50;790;2;1;8;-0.50;0.28;0.26;0.01;-0.00;0.02;-0.03;-0.13;-1.77;-0.98;71.09;-0.59;0.50;0.045
15191.175;1715;-1.79;-0.92;-292.23;-1.45;-0.64;17.15;-0.79;0.50;790;2;1;8;-0.57;0.29;0.29;0.01;-0.00;0.03;-0.04;-0.19;-1.76;-0.96;69.14;-0.60;0.50;0.032
15191.265;1726;-1.78;-0.89;-294.47;-1.45;-0.64;17.15;-0.79;0.50;790;2;1;8;-0.62;0.30;0.29;0.00;-0.01;-0.01;0.00;-0.41;-1.75;-0.92;65.12;-0.61;0.50;0.011
15191.385;1735;-1.77;-0.87;-296.40;-1.45;-0.64;17.15;-0.79;0.50;790;2;1;8;-0.65;0.30;0.32;0.01;-0.00;-0.09;0.19;-0.32;-1.74;-0.90;63.05;-0.62;0.50;0.035
15191.465;1745;-1.76;-0.84;-299.32;-1.45;-0.64;17.15;-0.79;0.50;790;2;1;8;-0.68;0.30;0.29;0.01;-0.01;0.03;-0.06;-0.54;-1.72;-0.86;58.80;-0.64;0.50;0.020
15191.585;1754;-1.75;-0.82;-301.66;-1.45;-0.64;17.15;-0.79;0.50;790;2;1;8;-0.70;0.30;0.32;0.03;-0.01;-0.04;0.14;-0.41;-1.71;-0.84;56.62;-0.65;0.50;0.024
15191.655;1765;-1.73;-0.78;-305.04;-1.45;-0.64;17.15;-0.79;0.50;790;2;1;8;-0.70;0.30;0.33;0.06;-0.01;0.02;0.01;-0.51;-1.69;-0.82;54.39;-0.66;0.50;0.013
15191.765;1773;-1.72;-0.76;-307.59;-1.45;-0.64;17.15;-0.79;0.50;790;2;1;8;-0.71;0.30;0.32;0.09;-0.01;0.04;-0.07;-0.62;-1.68;-0.81;52.12;-0.67;0.50;0.017
15191.885;1788;-1.70;-0.71;-312.40;-1.45;-0.64;17.15;-0.79;0.50;790;2;1;8;-0.74;0.30;0.32;0.11;-0.01;0.03;-0.07;-0.73;-1.65;-0.77;47.46;-0.68;0.50;0.036
15191.965;1796;-1.69;-0.69;-315.14;-1.45;-0.64;17.15;-0.79;0.50;790;2;1;8;-0.75;0.30;0.34;0.10;-0.01;-0.01;0.04;-0.59;-1.64;-0.76;45.07;-0.69;0.50;0.023
15192.045;1804;-1.67;-0.66;-318.33;-1.45;-0.64;17.15;-0.79;0.50;790;2;1;8;-0.79;0.30;0.33;0.11;-0.01;-0.01;-0.04;-0.80;-1.61;-0.73;40.14;-0.71;0.50;0.007
15192.185;1819;-1.65;-0.62;-325.26;-1.45;-0.64;17.15;-0.79;0.50;790;2;1;8;-0.72;0.30;0.34;0.11;-0.01;0.02;0.04;-0.75;-1.59;-0.72;37.61;-0.72;0.50;0.044
15192.275;1828;-1.63;-0.59;-329.43;-1.45;-0.64;17.15;-0.79;0.50;790;2;1;8;-0.74;0.30;0.33;0.11;-0.01;0.02;-0.01;-0.66;-1.57;-0.70;35.04;-0.73;0.50;0.026
15192.355;1834;-1.61;-0.58;-331.99;-1.45;-0.64;17.15;-0.79;0.50;790;2;1;8;-0.71;0.30;0.36;0.13;-0.09;0.38;-0.07;-0.86;-1.56;-0.69;32.42;-0.74;0.50;0.009
15192.445;1842;-1.59;-0.56;-335.51;-1.45;-0.64;17.15;-0.79;0.50;790;2;1;8;-0.70;0.30;0.32;0.07;-0.01;-0.03;-0.10;-0.84;-1.54;-0.68;29.75;-0.75;0.50;0.008
15192.555;1853;-1.56;-0.55;-340.00;-1.45;-0.64;17.15;-0.79;0.50;790;2;1;8;-0.74;0.30;0.32;0.01;-0.01;0.06;0.19;-0.74;-1.50;-0.66;24.27;-0.76;0.50;0.012
15192.665;1867;-1.52;-0.53;-346.94;-1.45;-0.64;17.15;-0.79;0.50;790;2;1;8;-0.64;0.30;0.29;0.03;-0.06;-0.23;-0.14;-1.00;-1.48;-0.65;21.46;-0.77;0.50;0.027
15192.765;1877;-1.49;-0.52;-351.66;-1.45;-0.64;17.15;-0.79;0.50;790;2;1;8;-0.59;0.29;0.31;0.01;-0.01;0.14;0.25;-0.70;-1.46;-0.65;18.60;-0.78;0.50;0.027
15192.865;1883;-1.48;-0.52;-354.18;-1.45;-0.64;17.15;-0.79;0.50;790;2;1;8;-0.60;0.29;0.30;0.04;-0.01;-0.04;-0.06;-0.61;-1.44;-0.64;15.70;-0.78;0.50;0.020
15192.975;1898;-1.43;-0.51;-358.57;-0.97;-0.78;-47.55;-0.68;0.50;790;3;1;8;-0.57;0.28;0.27;-0.01;-0.09;-0.47;-0.02;-0.70;-1.42;-0.63;12.81;-0.78;0.50;0.028
15193.075;1906;-1.41;-0.51;-360.79;-0.97;-0.78;-47.55;-0.68;0.50;790;3;1;8;-0.27;0.29;0.28;0.00;-0.01;-0.01;-0.00;-0.39;-1.40;-0.63;9.95;-0.77;0.50;0.025
15193.225;1922;-1.36;-0.51;-361.62;-0.97;-0.78;-47.55;-0.68;0.50;790;3;1;8;-0.44;0.30;0.28;0.01;-0.01;-0.02;-0.02;-0.06;-1.38;-0.63;7.12;-0.77;0.50;0.084
15193.275;1928;-1.35;-0.51;-362.26;-0.97;-0.78;-47.55;-0.68;0.50;790;3;1;8;-0.51;0.30;0.27;0.02;-0.01;-0.05;-0.06;-0.37;-1.36;-0.63;4.31;-0.77;0.50;0.033
15193.365;1936;-1.32;-0.51;-363.83;-0.97;-0.78;-47.55;-0.68;0.50;790;3;1;8;-0.57;0.30;0.30;0.01;-0.01;0.03;0.04;-0.35;-1.34;-0.62;1.52;-0.76;0.50;0.023
15193.485;1947;-1.29;-0.51;-367.00;-0.97;-0.78;-47.55;-0.68;0.50;790;3;1;8;-0.58;0.30;0.29;0.01;-0.01;-0.08;-0.09;-0.53;-1.32;-0.62;-1.24;-0.76;0.50;0.040
15193.605;1960;-1.25;-0.52;-370.16;-0.97;-0.78;-47.55;-0.68;0.50;790;3;1;8;-0.61;0.30;0.31;-0.00;0.00;0.13;0.14;-0.35;-1.29;-0.63;-3.98;-0.75;0.50;0.059
15193.675;1966;-1.23;-0.52;-371.83;-0.97;-0.78;-47.55;-0.68;0.50;790;3;1;8;-0.69;0.30;0.32;0.07;-0.06;-0.10;-0.43;-0.70;-1.25;-0.63;-9.38;-0.74;0.50;0.024
15193.755;1974;-1.21;-0.53;-374.68;-0.97;-0.78;-47.55;-0.68;0.50;790;3;1;8;-0.64;0.30;0.31;0.01;-0.01;0.06;0.07;-0.63;-1.25;-0.63;-9.38;-0.74;0.50;0.018
15193.865;1985;-1.17;-0.53;-378.02;-0.97;-0.78;-47.55;-0.68;0.50;790;3;1;8;-0.70;0.30;0.31;0.06;-0.01;-0.22;-0.16;-0.67;-1.21;-0.64;-14.68;-0.73;0.50;0.019
15193.965;1993;-1.15;-0.54;-380.61;-0.97;-0.78;-47.55;-0.68;0.50;790;3;1;8;-0.70;0.30;0.32;0.02;-0.01;0.08;0.07;-0.49;-1.19;-0.65;-17.30;-0.73;0.50;0.019
15194.065;2004;-1.12;-0.55;-384.03;-0.97;-0.78;-47.55;-0.68;0.50;790;3;1;8;-0.75;0.30;0.31;0.07;-0.01;-0.25;-0.14;-0.78;-1.15;-0.66;-22.47;-0.72;0.50;0.011
15194.175;2017;-1.08;-0.56;-388.60;-0.97;-0.78;-47.55;-0.68;0.50;790;3;1;8;-0.72;0.30;0.35;0.03;-0.01;0.23;0.09;-0.53;-1.13;-0.67;-25.02;-0.72;0.50;0.032
15194.255;2023;-1.06;-0.57;-391.01;-0.97;-0.78;-47.55;-0.68;0.50;790;3;1;8;-0.72;0.30;0.31;0.07;-0.01;-0.03;-0.03;-0.61;-1.11;-0.68;-27.54;-0.71;0.50;0.014
15194.365;2036;-1.02;-0.58;-394.82;-0.97;-0.78;-47.55;-0.68;0.50;790;3;1;8;-0.73;0.30;0.32;0.09;-0.01;-0.06;-0.04;-0.54;-1.09;-0.69;-30.05;-0.71;0.50;0.025
15194.465;2046;-0.98;-0.60;-397.44;-0.97;-0.78;-47.55;-0.68;0.50;790;3;1;8;-0.76;0.30;0.35;0.09;-0.01;0.12;0.04;-0.48;-1.07;-0.70;-32.53;-0.70;0.50;0.025
15194.555;2055;-0.96;-0.61;-400.77;-0.97;-0.78;-47.55;-0.68;0.50;790;3;1;8;-0.79;0.30;0.35;0.10;-0.01;-0.06;-0.02;-0.53;-1.04;-0.72;-37.43;-0.69;0.50;0.012
15194.685;2068;-0.91;-0.63;-406.16;-0.97;-0.78;-47.55;-0.68;0.50;790;3;1;8;-0.75;0.30;0.33;0.13;-0.01;-0.09;-0.02;-0.77;-1.02;-0.74;-39.84;-0.69;0.50;0.028
15194.755;2073;-0.90;-0.64;-407.98;-0.97;-0.78;-47.55;-0.68;0.50;790;3;1;8;-0.77;0.30;0.34;0.11;-0.01;-0.01;0.00;-0.60;-1.01;-0.75;-42.24;-0.69;0.50;0.017
15194.865;2087;-0.86;-0.66;-413.63;-0.97;-0.78;-47.55;-0.68;0.50;790;3;1;8;-0.75;0.30;0.33;0.11;-0.01;-0.00;-0.02;-0.71;-0.99;-0.77;-44.61;-0.68;0.50;0.020
15194.975;2096;-0.83;-0.68;-417.38;-0.97;-0.78;-47.55;-0.68;0.50;790;3;1;8;-0.67;0.29;0.33;0.07;-0.01;-0.03;-0.02;-0.76;-0.97;-0.78;-46.96;-0.68;0.50;0.027
15195.065;2106;-0.81;-0.71;-420.96;-0.97;-0.78;-47.55;-0.68;0.50;790;3;1;8;-0.67;0.28;0.31;0.03;-0.01;0.04;-0.01;-0.48;-0.95;-0.81;-51.54;-0.65;0.50;0.020
15195.175;2115;-0.80;-0.73;-423.61;-0.97;-0.78;-47.55;-0.68;0.50;790;3;1;8;-0.64;0.28;0.29;0.03;-0.01;0.06;-0.01;-0.68;-0.93;-0.83;-53.75;-0.64;0.50;0.033
15195.285;2125;-0.78;-0.76;-426.96;-0.97;-0.78;-47.55;-0.68;0.50;790;3;1;8;-0.58;0.27;0.27;0.02;-0.01;-0.19;0.04;-0.58;-0.92;-0.85;-55.90;-0.63;0.50;0.044
15195.365;2134;-0.77;-0.78;-429.34;-0.97;-0.78;-47.55;-0.68;0.50;790;3;1;8;-0.55;0.26;0.28;-0.01;-0.01;0.25;-0.07;-0.30;-0.91;-0.86;-58.00;-0.62;0.50;0.022
15195.455;2144;-0.76;-0.80;-431.85;-0.97;-0.78;-47.55;-0.68;0.50;790;3;1;8;-0.52;0.26;0.27;0.01;-0.01;0.15;-0.05;-0.35;-0.90;-0.88;-60.04;-0.60;0.50;0.017
15195.555;2152;-0.76;-0.82;-433.40;-0.97;-0.78;-47.55;-0.68;0.50;790;3;1;8;-0.52;0.25;0.26;0.05;-0.01;-0.03;0.01;-0.29;-0.89;-0.90;-62.03;-0.59;0.50;0.015
15195.655;2163;-0.74;-0.85;-435.03;-0.97;-0.78;-47.55;-0.68;0.50;790;3;1;8;-0.53;0.24;0.25;0.05;-0.01;-0.12;0.05;-0.31;-0.88;-0.92;-63.96;-0.58;0.50;0.014
15195.775;2176;-0.73;-0.88;-436.48;-0.97;-0.78;-47.55;-0.68;0.50;790;3;1;8;-0.54;0.23;0.25;-0.00;-0.01;0.16;-0.07;-0.16;-0.87;-0.94;-65.85;-0.57;0.50;0.035
15195.885;2186;-0.73;-0.90;-438.30;-0.97;-0.78;-47.55;-0.68;0.50;790;3;1;8;-0.52;0.23;0.23;0.00;-0.01;0.01;-0.01;-0.27;-0.86;-0.96;-67.68;-0.55;0.50;0.042
15195.955;2194;-0.72;-0.92;-439.38;-0.97;-0.78;-47.55;-0.68;0.50;790;3;1;8;-0.52;0.22;0.23;0.00;-0.00;-0.02;0.00;-0.30;-0.85;-0.98;-69.46;-0.54;0.50;0.011
15196.065;2205;-0.72;-0.94;-440.89;-0.97;-0.78;-47.55;-0.68;0.50;790;3;1;8;-0.52;0.22;0.22;0.01;-0.01;0.10;-0.05;-0.17;-0.85;-1.00;-71.19;-0.53;0.50;0.018
15196.175;2214;-0.71;-0.96;-442.24;-0.97;-0.78;-47.55;-0.68;0.50;790;3;1;8;-0.48;0.21;0.21;0.04;-0.01;-0.00;0.00;-0.19;-0.85;-1.00;-71.19;-0.53;0.50;0.037
15196.265;2224;-0.71;-0.98;-443.21;-0.84;-1.54;-104.65;-0.57;0.50;742;1;1;8;-0.49;0.20;0.23;0.04;-0.04;-0.29;-0.01;-0.31;-0.84;-1.02;-72.87;-0.52;0.50;0.009
15196.355;2235;-0.70;-1.01;-444.16;-0.84;-1.54;-104.65;-0.57;0.50;742;1;1;8;0.16;0.23;0.21;0.01;-0.01;0.12;-0.07;-0.11;-0.81;-1.29;-90.00;-0.07;0.06;0.007
15196.455;2243;-0.70;-1.02;-443.76;-0.84;-1.54;-104.65;-0.57;0.50;742;1;1;8;0.11;0.26;0.23;0.03;-0.01;-0.05;0.04;0.44;-0.81;-1.29;-90.00;-0.07;0.06;0.014
15196.575;2258;-0.69;-1.06;-440.94;-0.84;-1.54;-104.65;-0.57;0.50;742;1;1;8;-0.09;0.29;0.26;-0.01;-0.01;-0.06;0.02;0.20;-0.81;-1.29;-90.00;-0.07;0.06;0.033
15196.675;2267;-0.69;-1.09;-441.01;-0.84;-1.54;-104.65;-0.57;0.50;742;1;1;8;-0.14;0.30;0.29;0.00;0.00;0.00;-0.00;-0.09;-0.81;-1.29;-90.00;-0.07;0.06;0.034
15196.775;2278;-0.68;-1.12;-441.73;-0.84;-1.54;-104.65;-0.57;0.50;742;1;1;8;-0.18;0.30;0.30;0.00;0.00;0.00;-0.00;-0.13;-0.81;-1.29;-90.00;-0.07;0.06;0.023
15196.875;2286;-0.68;-1.14;-442.44;-0.84;-1.54;-104.65;-0.57;0.50;742;1;1;8;-0.20;0.30;0.30;0.00;-0.00;-0.00;0.00;-0.14;-0.81;-1.29;-90.00;-0.07;0.06;0.035
15196.995;2296;-0.67;-1.17;-443.26;-0.84;-1.54;-104.65;-0.57;0.50;742;1;1;8;-0.23;0.30;0.30;0.00;-0.00;-0.00;0.00;-0.14;-0.81;-1.29;-90.00;-0.07;0.06;0.032
15197.105;2311;-0.67;-1.22;-444.43;-0.84;-1.54;-104.65;-0.57;0.50;742;1;1;8;-0.28;0.30;0.30;-0.00;-0.01;-0.00;0.00;-0.13;-0.81;-1.29;-90.00;-0.07;0.06;0.065
15197.175;2316;-0.67;-1.23;-444.90;-0.84;-1.54;-104.65;-0.57;0.50;742;1;1;8;-0.30;0.30;0.30;0.00;-0.01;-0.00;0.00;-0.18;-0.81;-1.29;-90.00;-0.07;0.06;0.034
15197.255;2325;-0.67;-1.26;-445.78;-0.84;-1.54;-104.65;-0.57;0.50;742;1;1;8;-0.32;0.30;0.30;0.01;-0.01;-0.00;-0.00;-0.18;-0.81;-1.29;-90.00;-0.07;0.06;0.019
15197.365;2335;-0.66;-1.29;-446.40;-0.84;-1.54;-104.65;-0.57;0.50;742;1;1;8;-0.40;0.30;0.30;0.00;-0.01;0.03;-0.02;-0.08;-0.81;-1.30;-90.12;-0.14;0.12;0.021
15197.485;2349;-0.66;-1.33;-447.99;-0.84;-1.54;-104.65;-0.57;0.50;742;1;1;8;-0.47;0.29;0.29;0.01;-0.01;0.00;-0.00;-0.18;-0.81;-1.32;-90.54;-0.21;0.18;0.040
15197.585;2358;-0.66;-1.35;-449.58;-0.84;-1.54;-104.65;-0.57;0.50;742;1;1;8;-0.49;0.29;0.28;0.02;-0.01;-0.15;0.11;-0.44;-0.81;-1.34;-91.07;-0.25;0.22;0.035
15197.665;2363;-0.66;-1.37;-450.73;-0.84;-1.54;-104.65;-0.57;0.50;742;1;1;8;-0.51;0.29;0.28;0.01;-0.01;-0.05;0.04;-0.38;-0.81;-1.36;-91.87;-0.30;0.26;0.016
15197.755;2373;-0.66;-1.40;-452.89;-0.84;-1.54;-104.65;-0.57;0.50;742;1;1;8;-0.53;0.29;0.31;0.00;0.00;-0.03;0.02;-0.45;-0.81;-1.38;-92.98;-0.34;0.30;0.013
15197.855;2382;-0.66;-1.42;-455.32;-0.84;-1.54;-104.65;-0.57;0.50;742;1;1;8;-0.54;0.30;0.29;0.01;-0.01;0.03;-0.02;-0.42;-0.81;-1.41;-94.46;-0.39;0.34;0.015
15197.945;2392;-0.66;-1.45;-457.97;-0.84;-1.54;-104.65;-0.57;0.50;742;1;1;8;-0.55;0.30;0.29;0.01;-0.01;-0.12;0.11;-0.53;-0.82;-1.44;-96.36;-0.44;0.38;0.007
15198.055;2403;-0.67;-1.49;-460.78;-0.84;-1.54;-104.65;-0.57;0.50;742;1;1;8;-0.54;0.30;0.30;0.00;-0.01;0.07;-0.06;-0.40;-0.82;-1.45;-97.48;-0.46;0.40;0.014
15198.165;2416;-0.67;-1.52;-463.97;-0.84;-1.54;-104.65;-0.57;0.50;742;1;1;8;-0.53;0.30;0.29;0.00;-0.01;-0.06;0.08;-0.45;-0.82;-1.47;-98.73;-0.48;0.42;0.018
15198.265;2426;-0.68;-1.55;-466.00;-0.84;-1.54;-104.65;-0.57;0.50;742;1;1;8;-0.59;0.30;0.30;-0.01;-0.00;0.10;-0.12;-0.30;-0.83;-1.51;-101.64;-0.53;0.46;0.016
15198.355;2434;-0.69;-1.58;-468.07;-0.84;-1.54;-104.65;-0.57;0.50;742;1;1;8;-0.60;0.30;0.29;0.05;-0.01;-0.15;0.21;-0.58;-0.84;-1.53;-103.30;-0.55;0.48;0.016
15198.455;2445;-0.70;-1.61;-471.18;-0.84;-1.54;-104.65;-0.57;0.50;742;1;1;8;-0.64;0.30;0.31;-0.00;-0.00;0.12;-0.19;-0.41;-0.85;-1.57;-106.99;-0.58;0.50;0.013
15198.555;2452;-0.70;-1.63;-473.38;-1.18;-1.92;-162.85;-0.79;0.50;742;2;1;8;-0.59;0.30;0.30;0.05;-0.01;-0.13;0.22;-0.65;-0.85;-1.57;-106.99;-0.58;0.50;0.011
15198.655;2463;-0.71;-1.66;-476.50;-1.18;-1.92;-162.85;-0.79;0.50;742;2;1;8;-0.23;0.30;0.32;0.00;-0.01;0.11;-0.22;-0.35;-0.86;-1.61;-110.86;-0.60;0.50;0.017
15198.765;2476;-0.73;-1.69;-478.12;-1.18;-1.92;-162.85;-0.79;0.50;742;2;1;8;-0.30;0.30;0.29;-0.01;-0.01;0.02;-0.04;0.08;-0.87;-1.63;-112.85;-0.60;0.50;0.016
15198.875;2486;-0.74;-1.72;-478.36;-1.18;-1.92;-162.85;-0.79;0.50;742;2;1;8;-0.40;0.30;0.29;0.01;-0.01;-0.01;0.02;-0.08;-0.88;-1.65;-114.88;-0.61;0.50;0.023
15198.965;2497;-0.76;-1.75;-479.25;-1.18;-1.92;-162.85;-0.79;0.50;742;2;1;8;-0.49;0.30;0.30;0.01;-0.01;0.02;-0.06;-0.16;-0.89;-1.67;-116.95;-0.62;0.50;0.027
15199.065;2505;-0.77;-1.77;-480.31;-1.18;-1.92;-162.85;-0.79;0.50;742;2;1;8;-0.54;0.30;0.30;0.01;-0.01;0.03;-0.08;-0.23;-0.90;-1.69;-119.05;-0.63;0.50;0.012
15199.165;2515;-0.78;-1.80;-481.91;-1.18;-1.92;-162.85;-0.79;0.50;742;2;1;8;-0.60;0.30;0.31;0.02;-0.01;-0.00;-0.01;-0.21;-0.91;-1.71;-121.20;-0.64;0.50;0.013
15199.295;2530;-0.80;-1.84;-484.60;-1.18;-1.92;-162.85;-0.79;0.50;742;2;1;8;-0.65;0.30;0.32;0.03;-0.01;-0.01;-0.00;-0.28;-0.92;-1.72;-123.38;-0.65;0.50;0.050
15199.435;2542;-0.82;-1.87;-487.63;-1.18;-1.92;-162.85;-0.79;0.50;742;2;1;8;-0.71;0.30;0.31;0.06;-0.01;-0.03;0.06;-0.47;-0.95;-1.76;-127.88;-0.67;0.50;0.092
15199.475;2547;-0.83;-1.89;-488.80;-1.18;-1.92;-162.85;-0.79;0.50;742;2;1;8;-0.71;0.30;0.33;0.06;-0.01;-0.01;-0.02;-0.43;-0.95;-1.76;-127.88;-0.67;0.50;0.029
15199.575;2557;-0.85;-1.92;-492.13;-1.18;-1.92;-162.85;-0.79;0.50;742;2;1;8;-0.75;0.30;0.32;0.09;-0.01;-0.03;0.08;-0.65;-0.97;-1.79;-132.54;-0.68;0.50;0.036
15199.685;2565;-0.86;-1.94;-494.81;-1.18;-1.92;-162.85;-0.79;0.50;742;2;1;8;-0.77;0.30;0.34;0.09;-0.01;0.02;-0.10;-0.63;-0.99;-1.81;-134.93;-0.69;0.50;0.036
15199.765;2576;-0.88;-1.97;-499.60;-1.18;-1.92;-162.85;-0.79;0.50;742;2;1;8;-0.73;0.30;0.32;0.12;-0.01;-0.00;0.05;-0.80;-1.00;-1.82;-137.37;-0.70;0.50;0.023
15199.895;2589;-0.90;-2.01;-504.41;-1.18;-1.92;-162.85;-0.79;0.50;742;2;1;8;-0.74;0.30;0.33;0.11;-0.01;-0.01;0.05;-0.79;-1.02;-1.84;-139.86;-0.71;0.50;0.033
15200.005;2599;-0.93;-2.03;-508.77;-1.18;-1.92;-162.85;-0.79;0.50;742;2;1;8;-0.68;0.30;0.30;0.02;-0.05;0.19;-0.32;-0.71;-1.04;-1.85;-142.39;-0.72;0.50;0.051
15200.095;2608;-0.95;-2.05;-512.74;-1.18;-1.92;-162.85;-0.79;0.50;742;2;1;8;-0.65;0.30;0.30;0.03;-0.01;0.01;0.08;-0.64;-1.05;-1.86;-144.96;-0.73;0.50;0.040
15200.175;2614;-0.96;-2.06;-514.58;-1.18;-1.92;-162.85;-0.79;0.50;742;2;1;8;-0.68;0.30;0.31;0.01;-0.01;-0.01;-0.04;-0.46;-1.07;-1.87;-147.58;-0.74;0.50;0.028
15200.315;2632;-1.01;-2.08;-521.32;-1.18;-1.92;-162.85;-0.79;0.50;742;2;1;8;-0.61;0.30;0.30;-0.00;-0.01;0.01;0.01;-0.60;-1.09;-1.88;-150.25;-0.75;0.50;0.072
15200.365;2637;-1.03;-2.09;-522.64;-1.18;-1.92;-162.85;-0.79;0.50;742;2;1;8;-0.65;0.29;0.30;-0.00;-0.01;-0.03;-0.13;-0.37;-1.11;-1.89;-152.96;-0.75;0.50;0.024
15200.465;2645;-1.05;-2.10;-525.19;-1.18;-1.92;-162.85;-0.79;0.50;742;2;1;8;-0.68;0.29;0.29;0.07;-0.01;0.12;0.30;-0.75;-1.13;-1.90;-155.73;-0.76;0.50;0.026
15200.575;2654;-1.08;-2.11;-529.08;-1.18;-1.92;-162.85;-0.79;0.50;742;2;1;8;-0.66;0.29;0.32;0.08;-0.04;-0.02;0.28;-0.95;-1.15;-1.91;-158.54;-0.77;0.50;0.029
15200.675;2664;-1.10;-2.11;-533.02;-1.18;-1.92;-162.85;-0.79;0.50;742;2;1;8;-0.64;0.28;0.29;0.02;-0.01;0.00;-0.02;-0.54;-1.17;-1.92;-161.40;-0.78;0.50;0.020
15200.795;2678;-1.14;-2.12;-537.69;-1.18;-1.92;-162.85;-0.79;0.50;742;2;1;8;-0.61;0.27;0.28;0.03;-0.01;0.06;0.09;-0.60;-1.19;-1.93;-164.30;-0.78;0.50;0.049
15200.865;2683;-1.16;-2.12;-539.15;-1.18;-1.92;-162.85;-0.79;0.50;742;2;1;8;-0.64;0.27;0.27;0.01;-0.01;0.01;0.00;-0.44;-1.21;-1.93;-167.19;-0.78;0.50;0.020
15200.955;2693;-1.18;-2.12;-541.37;-1.18;-1.92;-162.85;-0.79;0.50;742;2;1;8;-0.66;0.26;0.28;0.01;0.00;0.01;0.05;-0.55;-1.23;-1.93;-170.05;-0.77;0.50;0.015
15201.065;2704;-1.21;-2.12;-544.77;-1.66;-1.78;-227.55;-0.68;0.50;742;3;1;8;-0.64;0.25;0.26;0.01;-0.00;-0.05;-0.07;-0.45;-1.25;-1.94;-172.88;-0.77;0.50;0.016
15201.175;2716;-1.24;-2.12;-548.28;-1.66;-1.78;-227.55;-0.68;0.50;742;3;1;8;-0.08;0.26;0.25;0.01;-0.01;0.04;0.03;-0.43;-1.25;-1.94;-172.88;-0.77;0.50;0.023
15201.285;2727;-1.27;-2.12;-548.19;-1.66;-1.78;-227.55;-0.68;0.50;742;3;1;8;-0.22;0.27;0.27;-0.01;-0.01;-0.17;-0.18;0.39;-1.27;-1.94;-175.69;-0.77;0.50;0.038
15201.385;2735;-1.29;-2.12;-547.48;-1.66;-1.78;-227.55;-0.68;0.50;742;3;1;8;-0.37;0.28;0.26;0.03;-0.01;-0.00;-0.00;0.06;-1.29;-1.94;-178.48;-0.76;0.50;0.039
15201.485;2749;-1.33;-2.11;-548.00;-1.66;-1.78;-227.55;-0.68;0.50;742;3;1;8;-0.51;0.29;0.28;0.01;-0.01;-0.05;-0.05;-0.15;-1.31;-1.94;-181.24;-0.76;0.50;0.047
15201.605;2759;-1.36;-2.11;-549.88;-1.66;-1.78;-227.55;-0.68;0.50;742;3;1;8;-0.57;0.30;0.29;0.00;-0.01;-0.05;-0.06;-0.32;-1.33;-1.94;-183.98;-0.75;0.50;0.063
15201.705;2769;-1.39;-2.11;-552.56;-1.66;-1.78;-227.55;-0.68;0.50;742;3;1;8;-0.59;0.30;0.29;0.01;-0.01;0.09;0.08;-0.49;-1.35;-1.94;-186.69;-0.75;0.50;0.069
15201.805;2777;-1.41;-2.10;-554.66;-1.66;-1.78;-227.55;-0.68;0.50;742;3;1;8;-0.62;0.30;0.31;-0.00;-0.00;-0.19;-0.16;-0.40;-1.37;-1.93;-189.38;-0.74;0.50;0.066
15201.895;2786;-1.44;-2.10;-557.52;-1.66;-1.78;-227.55;-0.68;0.50;742;3;1;8;-0.63;0.30;0.29;0.04;-0.01;0.14;0.10;-0.57;-1.40;-1.93;-192.04;-0.74;0.50;0.053
15201.975;2796;-1.47;-2.09;-560.21;-1.66;-1.78;-227.55;-0.68;0.50;742;3;1;8;-0.64;0.30;0.31;-0.00;-0.00;-0.19;-0.13;-0.37;-1.42;-1.93;-194.68;-0.73;0.50;0.027
15202.105;2811;-1.51;-2.07;-564.76;-1.66;-1.78;-227.55;-0.68;0.50;742;3;1;8;-0.63;0.30;0.32;0.01;-0.01;-0.16;-0.08;-0.39;-1.44;-1.92;-197.30;-0.73;0.50;0.058
15202.165;2815;-1.52;-2.07;-565.68;-1.66;-1.78;-227.55;-0.68;0.50;742;3;1;8;-0.67;0.30;0.33;0.02;0.00;0.01;0.00;-0.38;-1.46;-1.91;-199.90;-0.73;0.50;0.021
15202.255;2824;-1.55;-2.06;-568.42;-1.66;-1.78;-227.55;-0.68;0.50;742;3;1;8;-0.68;0.30;0.30;0.02;-0.01;0.05;0.03;-0.51;-1.48;-1.90;-202.47;-0.72;0.50;0.008
15202.385;2839;-1.59;-2.04;-572.27;-1.66;-1.78;-227.55;-0.68;0.50;742;3;1;8;-0.69;0.30;0.30;0.06;-0.01;0.06;0.02;-0.53;-1.50;-1.90;-205.02;-0.72;0.50;0.040
15202.495;2848;-1.62;-2.03;-574.65;-1.66;-1.78;-227.55;-0.68;0.50;742;3;1;8;-0.72;0.30;0.33;0.05;-0.01;-0.10;-0.02;-0.43;-1.52;-1.89;-207.54;-0.71;0.50;0.048
15202.585;2858;-1.65;-2.01;-577.49;-1.66;-1.78;-227.55;-0.68;0.50;742;3;1;8;-0.78;0.30;0.33;0.07;-0.01;0.07;0.02;-0.57;-1.55;-1.87;-212.53;-0.70;0.50;0.047
15202.655;2862;-1.66;-2.01;-578.96;-1.66;-1.78;-227.55;-0.68;0.50;742;3;1;8;-0.79;0.30;0.31;0.10;-0.01;0.07;0.03;-0.70;-1.57;-1.85;-214.99;-0.70;0.50;0.015
15202.775;2877;-1.71;-1.98;-584.55;-1.66;-1.78;-227.55;-0.68;0.50;742;3;1;8;-0.75;0.30;0.32;0.12;-0.01;0.08;0.02;-0.90;-1.59;-1.84;-217.43;-0.69;0.50;0.043
15202.885;2885;-1.73;-1.97;-587.62;-1.66;-1.78;-227.55;-0.68;0.50;742;3;1;8;-0.74;0.30;0.34;0.09;-0.01;0.01;0.00;-0.57;-1.61;-1.83;-219.84;-0.69;0.50;0.035
15202.965;2896;-1.76;-1.95;-591.71;-1.66;-1.78;-227.55;-0.68;0.50;742;3;1;8;-0.71;0.29;0.32;0.12;-0.01;0.04;-0.01;-0.77;-1.62;-1.81;-222.24;-0.69;0.50;0.024
15203.115;2910;-1.80;-1.92;-596.59;-1.66;-1.78;-227.55;-0.68;0.50;742;3;1;8;-0.66;0.29;0.35;0.05;-0.07;-0.15;0.27;-0.66;-1.64;-1.80;-224.61;-0.68;0.50;0.074
15203.165;2913;-1.80;-1.91;-597.87;-1.66;-1.78;-227.55;-0.68;0.50;742;3;1;8;-0.67;0.28;0.33;0.01;0.00;0.00;0.00;-0.82;-1.65;-1.78;-226.96;-0.68;0.50;0.018
15203.275;2924;-1.82;-1.88;-601.40;-1.66;-1.78;-227.55;-0.68;0.50;742;3;1;8;-0.63;0.27;0.29;0.01;-0.01;-0.14;0.02;-0.39;-1.67;-1.77;-229.28;-0.67;0.50;0.019
15203.355;2933;-1.83;-1.86;-604.05;-1.66;-1.78;-227.55;-0.68;0.50;742;3;1;8;-0.59;0.26;0.27;-0.00;-0.01;-0.06;0.01;-0.45;-1.68;-1.75;-231.54;-0.65;0.50;0.017
15203.445;2943;-1.85;-1.84;-606.13;-1.66;-1.78;-227.55;-0.68;0.50;742;3;1;8;-0.58;0.25;0.25;0.02;-0.01;0.15;-0.03;-0.41;-1.69;-1.74;-233.75;-0.64;0.50;0.007
15203.575;2957;-1.86;-1.81;-608.32;-1.66;-1.78;-227.55;-0.68;0.50;742;3;1;8;-0.58;0.24;0.26;0.01;-0.01;0.01;0.01;-0.32;-1.70;-1.72;-235.90;-0.63;0.50;0.035
15203.655;2963;-1.87;-1.79;-609.58;-1.66;-1.78;-227.55;-0.68;0.50;742;3;1;8;-0.58;0.24;0.24;0.01;-0.01;0.08;-0.02;-0.31;-1.72;-1.70;-238.00;-0.62;0.50;0.007
15203.755;2972;-1.87;-1.77;-610.87;-1.66;-1.78;-227.55;-0.68;0.50;742;3;1;8;-0.59;0.23;0.24;-0.00;-0.01;-0.15;0.05;-0.21;-1.73;-1.68;-240.04;-0.60;0.50;0.009
15203.855;2982;-1.88;-1.75;-612.73;-1.66;-1.78;-227.55;-0.68;0.50;742;3;1;8;-0.58;0.22;0.22;0.01;-0.01;0.06;-0.02;-0.31;-1.74;-1.66;-242.03;-0.59;0.50;0.015
15203.965;2997;-1.89;-1.72;-615.12;-1.66;-1.78;-227.55;-0.68;0.50;742;3;1;8;-0.51;0.21;0.21;0.02;-0.01;0.15;-0.06;-0.36;-1.74;-1.66;-242.03;-0.59;0.50;0.026
15204.055;3005;-1.90;-1.70;-616.14;-1.66;-1.78;-227.55;-0.68;0.50;742;3;1;8;-0.56;0.21;0.21;0.00;-0.01;-0.06;0.02;-0.16;-1.76;-1.63;-245.85;-0.57;0.50;0.008
15204.165;3014;-1.90;-1.68;-617.33;-1.66;-1.78;-227.55;-0.68;0.50;742;3;1;8;-0.53;0.20;0.21;0.04;-0.01;0.09;-0.04;-0.29;-1.76;-1.63;-245.85;-0.57;0.50;0.027
15204.255;3024;-1.91;-1.67;-618.47;-1.66;-1.78;-227.55;-0.68;0.50;742;3;1;8;-0.54;0.19;0.21;0.02;-0.01;0.05;-0.01;-0.23;-1.76;-1.61;-247.68;-0.55;0.50;0.016
15204.365;3033;-1.92;-1.65;-619.50;-1.66;-1.78;-227.55;-0.68;0.50;742;3;1;8;-0.56;0.19;0.20;0.02;-0.01;-0.05;0.02;-0.14;-1.77;-1.59;-249.46;-0.54;0.50;0.025
15204.485;3048;-1.92;-1.62;-621.15;-1.66;-1.78;-227.55;-0.68;0.50;742;3;1;8;-0.55;0.18;0.19;0.02;-0.01;-0.05;0.03;-0.16;-1.78;-1.57;-251.19;-0.53;0.50;0.042
15204.565;3056;-1.93;-1.61;-622.13;-1.66;-1.78;-227.55;-0.68;0.50;742;3;1;8;-0.53;0.18;0.18;0.04;-0.01;0.10;-0.06;-0.25;-1.78;-1.57;-251.19;-0.53;0.50;0.029
15204.655;3065;-1.93;-1.59;-622.81;-1.66;-1.78;-227.55;-0.68;0.50;742;3;1;8;-0.55;0.17;0.18;0.01;-0.01;-0.10;0.06;-0.09;-1.79;-1.55;-252.87;-0.52;0.50;0.015
15204.765;3075;-1.94;-1.57;-623.82;-1.66;-1.78;-227.55;-0.68;0.50;742;3;1;8;-0.56;0.17;0.17;0.03;-0.01;-0.02;0.01;-0.14;-1.79;-1.53;-254.50;-0.50;0.50;0.022
15204.935;3090;-1.94;-1.55;-625.03;-1.80;-1.07;80.76;-0.46;0.50;790;1;1;4;-0.53;0.16;0.17;-0.00;-0.01;-0.04;0.02;-0.08;-1.79;-1.53;-254.50;-0.50;0.50;0.045
15204.995;3099;-1.94;-1.53;-625.66;-1.80;-1.07;80.76;-0.46;0.50;790;1;1;4;-0.13;0.19;0.16;0.03;-0.01;0.02;-0.01;-0.11;-1.81;-1.28;89.99;-0.06;0.06;0.042
15205.085;3105;-1.95;-1.52;-625.50;-1.80;-1.07;80.76;-0.46;0.50;790;1;1;4;-0.15;0.21;0.18;0.01;-0.01;-0.05;0.03;0.19;-1.81;-1.28;89.99;-0.06;0.06;0.034
15205.155;3113;-1.95;-1.51;-624.76;-1.80;-1.07;80.76;-0.46;0.50;790;1;1;4;-0.22;0.24;0.20;-0.00;-0.01;0.04;-0.02;0.13;-1.81;-1.28;89.99;-0.06;0.06;0.010
15205.265;3124;-1.95;-1.49;-624.39;-1.80;-1.07;80.76;-0.46;0.50;790;1;1;4;-0.28;0.26;0.24;0.00;-0.01;-0.06;0.04;0.02;-1.81;-1.28;89.99;-0.06;0.06;0.020
15205.385;3137;-1.95;-1.45;-624.83;-1.80;-1.07;80.76;-0.46;0.50;790;1;1;4;-0.31;0.27;0.26;0.00;-0.01;-0.06;0.03;-0.07;-1.81;-1.28;89.99;-0.06;0.06;0.037
15205.465;3143;-1.95;-1.44;-625.26;-1.80;-1.07;80.76;-0.46;0.50;790;1;1;4;-0.32;0.29;0.25;0.01;-0.01;0.06;-0.03;-0.19;-1.81;-1.28;89.99;-0.06;0.06;0.024
15205.575;3156;-1.96;-1.40;-626.30;-1.80;-1.07;80.76;-0.46;0.50;790;1;1;4;-0.34;0.30;0.27;0.01;-0.01;0.06;-0.03;-0.20;-1.81;-1.28;89.99;-0.06;0.06;0.028
15205.655;3166;-1.96;-1.38;-627.00;-1.80;-1.07;80.76;-0.46;0.50;790;1;1;4;-0.36;0.30;0.29;0.00;-0.01;0.05;-0.03;-0.19;-1.81;-1.28;89.99;-0.06;0.06;0.017
15205.765;3175;-1.96;-1.35;-627.79;-1.80;-1.07;80.76;-0.46;0.50;790;1;1;4;-0.36;0.30;0.30;0.00;-0.01;-0.04;0.02;-0.11;-1.81;-1.28;89.99;-0.06;0.06;0.024
15205.865;3185;-1.97;-1.32;-628.86;-1.80;-1.07;80.76;-0.46;0.50;790;1;1;4;-0.37;0.30;0.30;0.04;-0.01;0.01;-0.01;-0.17;-1.81;-1.28;89.99;-0.06;0.06;0.016
15205.965;3193;-1.97;-1.30;-629.52;-1.80;-1.07;80.76;-0.46;0.50;790;1;1;4;-0.38;0.29;0.30;0.01;-0.01;-0.12;0.09;-0.13;-1.81;-1.28;89.99;-0.06;0.06;0.024
15206.085;3208;-1.97;-1.25;-631.26;-1.80;-1.07;80.76;-0.46;0.50;790;1;1;4;-0.46;0.29;0.30;0.01;-0.01;-0.12;0.09;-0.15;-1.81;-1.26;89.72;-0.15;0.17;0.046
15206.205;3220;-1.97;-1.22;-633.35;-1.80;-1.07;80.76;-0.46;0.50;790;1;1;4;-0.48;0.29;0.29;0.02;-0.01;-0.06;0.05;-0.25;-1.82;-1.24;89.22;-0.21;0.23;0.052
15206.265;3224;-1.97;-1.20;-633.91;-1.80;-1.07;80.76;-0.46;0.50;790;1;1;4;-0.51;0.29;0.29;0.00;-0.01;-0.12;0.10;-0.24;-1.81;-1.21;88.35;-0.27;0.29;0.023
15206.365;3235;-1.97;-1.17;-636.55;-1.80;-1.07;80.76;-0.46;0.50;790;1;1;4;-0.51;0.29;0.28;0.00;-0.01;0.01;-0.01;-0.39;-1.81;-1.18;86.99;-0.32;0.35;0.021
15206.485;3248;-1.97;-1.14;-639.17;-1.80;-1.07;80.76;-0.46;0.50;790;1;1;4;-0.48;0.29;0.30;-0.00;-0.06;0.06;-0.28;-0.49;-1.81;-1.16;86.09;-0.35;0.38;0.034
15206.605;3258;-1.96;-1.11;-641.29;-1.80;-1.07;80.76;-0.46;0.50;790;1;1;4;-0.50;0.29;0.29;0.00;-0.01;-0.06;0.06;-0.29;-1.81;-1.13;84.44;-0.39;0.42;0.065
15206.685;3267;-1.96;-1.08;-643.23;-1.80;-1.07;80.76;-0.46;0.50;790;1;1;4;-0.50;0.29;0.28;0.01;-0.01;0.03;-0.04;-0.37;-1.81;-1.11;83.12;-0.42;0.45;0.029
15206.765;3276;-1.95;-1.06;-645.06;-1.80;-1.07;80.76;-0.46;0.50;790;1;1;4;-0.51;0.30;0.29;0.00;-0.01;-0.06;0.06;-0.32;-1.80;-1.09;81.60;-0.45;0.48;0.021
15206.865;3285;-1.95;-1.03;-646.83;-1.80;-1.07;80.76;-0.46;0.50;790;1;1;4;-0.50;0.30;0.27;-0.01;-0.09;-0.16;-0.45;-0.49;-1.80;-1.06;79.92;-0.45;0.50;0.014
15206.985;3295;-1.94;-1.00;-649.03;-1.80;-1.07;80.76;-0.46;0.50;790;1;1;4;-0.43;0.30;0.29;-0.00;-0.01;-0.02;0.02;-0.33;-1.80;-1.05;79.10;-0.43;0.50;0.041
15207.065;3304;-1.93;-0.98;-650.40;-1.80;-1.07;80.76;-0.46;0.50;790;1;1;4;-0.40;0.30;0.32;0.00;0.00;0.02;-0.02;-0.19;-1.79;-1.01;76.85;-0.38;0.50;0.028
15207.165;3314;-1.92;-0.95;-651.75;-1.80;-1.07;80.76;-0.46;0.50;790;1;1;4;-0.36;0.30;0.29;0.00;-0.01;-0.04;0.07;-0.19;-1.78;-0.99;75.52;-0.35;0.50;0.023
15207.265;3325;-1.91;-0.92;-652.81;-1.67;-0.68;69.05;0.07;0.50;790;2;1;4;-0.33;0.30;0.29;0.01;-0.01;0.02;-0.03;-0.13;-1.77;-0.96;74.30;-0.32;0.50;0.025
15207.355;3333;-1.90;-0.90;-653.16;-1.67;-0.68;69.05;0.07;0.50;790;2;1;4;-0.30;0.30;0.30;0.01;-0.01;-0.00;0.00;-0.04;-1.77;-0.94;73.22;-0.29;0.50;0.015
15207.465;3344;-1.89;-0.87;-653.29;-1.67;-0.68;69.05;0.07;0.50;790;2;1;4;-0.30;0.30;0.30;0.01;-0.01;0.01;-0.01;0.02;-1.76;-0.90;71.82;-0.24;0.50;0.019
15207.585;3357;-1.87;-0.83;-653.39;-1.67;-0.68;69.05;0.07;0.50;790;2;1;4;-0.28;0.30;0.31;0.01;-0.01;0.06;-0.08;-0.06;-1.75;-0.89;71.41;-0.22;0.50;0.041
15207.665;3363;-1.86;-0.81;-653.50;-1.67;-0.68;69.05;0.07;0.50;790;2;1;4;-0.29;0.30;0.30;0.01;-0.01;0.05;-0.06;-0.05;-1.74;-0.85;70.37;-0.17;0.50;0.014
15207.765;3377;-1.85;-0.77;-653.71;-1.67;-0.68;69.05;0.07;0.50;790;2;1;4;-0.26;0.30;0.29;0.01;-0.01;0.00;-0.00;-0.03;-1.73;-0.83;69.83;-0.14;0.50;0.018
15207.865;3386;-1.84;-0.75;-653.73;-1.67;-0.68;69.05;0.07;0.50;790;2;1;4;-0.24;0.30;0.30;0.00;-0.01;0.05;-0.07;-0.01;-1.72;-0.81;69.40;-0.11;0.50;0.024
15207.965;3396;-1.83;-0.72;-653.55;-1.67;-0.68;69.05;0.07;0.50;790;2;1;4;-0.23;0.30;0.30;0.00;-0.01;-0.03;0.05;0.06;-1.71;-0.78;69.08;-0.08;0.50;0.022
15208.065;3406;-1.82;-0.70;-653.42;-1.67;-0.68;69.05;0.07;0.50;790;2;1;4;-0.20;0.30;0.29;0.00;-0.01;-0.01;0.02;0.05;-1.70;-0.75;68.82;-0.03;0.50;0.014
15208.155;3415;-1.81;-0.67;-653.21;-1.67;-0.68;69.05;0.07;0.50;790;2;1;4;-0.17;0.30;0.29;0.00;-0.01;0.03;-0.04;0.05;-1.69;-0.71;68.81;0.02;0.50;0.009
15208.255;3425;-1.80;-0.64;-652.81;-1.67;-0.68;69.05;0.07;0.50;790;2;1;4;-0.15;0.30;0.29;0.00;-0.01;-0.00;0.01;0.08;-1.68;-0.69;68.94;0.05;0.50;0.007
15208.365;3433;-1.79;-0.62;-652.47;-1.67;-0.68;69.05;0.07;0.50;790;2;1;4;-0.12;0.30;0.29;0.00;-0.01;-0.01;0.02;0.10;-1.67;-0.66;69.18;0.08;0.50;0.024
15208.475;3444;-1.77;-0.59;-652.01;-1.67;-0.68;69.05;0.07;0.50;790;2;1;4;-0.09;0.30;0.29;0.00;-0.01;0.02;-0.03;0.07;-1.66;-0.64;69.52;0.12;0.50;0.020
15208.595;3456;-1.76;-0.56;-651.41;-1.67;-0.68;69.05;0.07;0.50;790;2;1;4;-0.06;0.30;0.29;0.00;-0.01;0.00;0.00;0.10;-1.65;-0.62;69.97;0.15;0.50;0.042
15208.695;3467;-1.75;-0.53;-650.82;-1.57;-0.27;89.43;0.60;0.50;790;3;1;4;-0.02;0.30;0.29;0.00;-0.01;0.03;-0.04;0.08;-1.64;-0.59;70.53;0.18;0.50;0.039
15208.785;3475;-1.74;-0.51;-650.43;-1.57;-0.27;89.43;0.60;0.50;790;3;1;4;0.14;0.30;0.29;-0.00;-0.00;0.02;-0.03;0.10;-1.63;-0.56;71.60;0.23;0.50;0.037
15208.885;3486;-1.73;-0.48;-649.38;-1.57;-0.27;89.43;0.60;0.50;790;3;1;4;0.19;0.30;0.30;-0.01;-0.00;0.02;-0.04;0.29;-1.62;-0.52;72.93;0.28;0.50;0.035
15209.005;3498;-1.72;-0.45;-647.84;-1.55;-0.07;80.76;-0.46;0.50;985;1;1;4;0.24;0.30;0.29;-0.01;-0.00;-0.00;0.00;0.18;-1.61;-0.48;74.54;0.33;0.50;0.035
15209.095;3509;-1.71;-0.42;-646.73;-1.55;-0.07;80.76;-0.46;0.50;985;1;1;4;0.64;0.29;0.28;-0.01;-0.00;0.02;0.00;0.16;-1.56;-0.28;89.99;-0.06;0.06;0.057
15209.155;3513;-1.71;-0.40;-646.20;-1.55;-0.07;80.76;-0.46;0.50;985;1;1;4;0.60;0.27;0.27;-0.01;-0.00;0.03;0.01;0.42;-1.56;-0.28;89.99;-0.06;0.06;0.011
15209.275;3528;-1.69;-0.36;-641.44;-1.55;-0.07;80.76;-0.46;0.50;985;1;1;4;0.34;0.26;0.26;-0.02;-0.01;0.14;0.06;0.56;-1.56;-0.28;89.99;-0.06;0.06;0.025
15209.365;3536;-1.69;-0.34;-640.47;-1.55;-0.07;80.76;-0.46;0.50;985;1;1;4;0.27;0.25;0.26;0.01;-0.01;-0.08;-0.04;0.03;-1.56;-0.28;89.99;-0.06;0.06;0.024
15209.475;3545;-1.69;-0.32;-640.39;-1.55;-0.07;80.76;-0.46;0.50;985;1;1;4;0.24;0.24;0.25;-0.03;-0.01;0.05;0.03;0.03;-1.56;-0.28;89.99;-0.06;0.06;0.030
15209.595;3560;-1.68;-0.29;-640.41;-1.55;-0.07;80.76;-0.46;0.50;985;1;1;4;0.21;0.22;0.22;-0.00;-0.01;0.06;0.02;0.03;-1.56;-0.28;89.99;-0.06;0.06;0.048
15209.685;3568;-1.67;-0.27;-640.56;-1.55;-0.07;80.76;-0.46;0.50;985;1;1;4;0.14;0.21;0.22;-0.00;-0.01;-0.02;-0.02;-0.06;-1.56;-0.27;89.90;-0.11;0.12;0.041
15209.825;3581;-1.67;-0.24;-641.19;-1.55;-0.07;80.76;-0.46;0.50;985;1;1;4;0.11;0.20;0.20;-0.00;-0.01;-0.01;-0.01;-0.10;-1.56;-0.26;89.72;-0.15;0.17;0.075
15209.905;3591;-1.66;-0.22;-641.62;-1.55;-0.07;80.76;-0.46;0.50;985;1;1;4;0.07;0.19;0.19;-0.00;-0.00;0.01;-0.00;-0.09;-1.57;-0.24;89.38;-0.20;0.21;0.063
15209.975;3596;-1.66;-0.21;-641.90;-1.55;-0.07;80.76;-0.46;0.50;985;1;1;4;0.04;0.18;0.18;0.00;-0.00;0.06;0.03;-0.08;-1.56;-0.23;88.84;-0.24;0.26;0.034
15210.065;3607;-1.66;-0.20;-642.41;-1.55;-0.07;80.76;-0.46;0.50;985;1;1;4;0.01;0.17;0.17;0.00;-0.00;0.02;0.00;-0.08;-1.56;-0.21;88.35;-0.27;0.29;0.022
15210.165;3615;-1.66;-0.18;-642.66;-1.55;-0.07;80.76;-0.46;0.50;985;1;1;4;-0.04;0.17;0.17;0.00;0.00;-0.01;-0.00;-0.04;-1.56;-0.19;87.38;-0.31;0.33;0.017
15210.265;3625;-1.65;-0.17;-642.98;-1.55;-0.07;80.76;-0.46;0.50;985;1;1;4;-0.09;0.17;0.17;-0.00;-0.00;-0.00;0.00;-0.06;-1.56;-0.17;86.56;-0.34;0.36;0.018
15210.375;3634;-1.65;-0.15;-643.34;-1.55;-0.07;80.76;-0.46;0.50;985;1;1;4;-0.11;0.17;0.17;-0.00;-0.00;-0.00;0.00;-0.07;-1.56;-0.16;86.09;-0.35;0.38;0.036
15210.475;3644;-1.64;-0.13;-643.72;-1.55;-0.07;80.76;-0.46;0.50;985;1;1;4;-0.16;0.18;0.17;0.00;-0.00;-0.00;-0.00;-0.07;-1.56;-0.14;85.04;-0.38;0.41;0.022
15210.575;3656;-1.64;-0.12;-644.16;-1.55;-0.07;80.76;-0.46;0.50;985;1;1;4;-0.19;0.18;0.18;0.00;-0.00;-0.04;0.03;-0.04;-1.56;-0.13;84.44;-0.39;0.42;0.020
15210.665;3662;-1.64;-0.10;-644.34;-1.55;-0.07;80.76;-0.46;0.50;985;1;1;4;-0.26;0.19;0.17;0.01;-0.00;0.01;-0.02;-0.06;-1.56;-0.11;83.12;-0.42;0.45;0.023
15210.785;3678;-1.63;-0.08;-644.94;-1.55;-0.07;80.76;-0.46;0.50;985;1;1;4;-0.29;0.19;0.18;-0.00;-0.00;0.03;-0.03;-0.11;-1.55;-0.10;82.39;-0.43;0.47;0.031
15210.885;3686;-1.63;-0.06;-645.40;-1.55;-0.07;80.76;-0.46;0.50;985;1;1;4;-0.32;0.20;0.19;0.00;-0.00;-0.02;0.03;-0.08;-1.55;-0.09;81.60;-0.45;0.48;0.047
15210.985;3697;-1.62;-0.04;-646.04;-1.55;-0.07;80.76;-0.46;0.50;985;1;1;4;-0.36;0.21;0.19;0.00;-0.01;-0.02;0.03;-0.08;-1.55;-0.06;79.92;-0.45;0.50;0.042
15211.105;3709;-1.62;-0.02;-646.83;-1.42;0.32;69.05;0.07;0.50;985;2;1;4;-0.35;0.21;0.20;0.00;-0.01;-0.04;0.05;-0.09;-1.55;-0.05;79.10;-0.43;0.50;0.061
15211.155;3714;-1.61;-0.01;-647.17;-1.42;0.32;69.05;0.07;0.50;985;2;1;4;-0.35;0.23;0.20;-0.00;-0.01;0.03;-0.03;-0.12;-1.54;-0.02;77.57;-0.40;0.50;0.013
15211.295;3729;-1.60;0.02;-648.02;-1.42;0.32;69.05;0.07;0.50;985;2;1;4;-0.33;0.25;0.22;0.00;-0.01;0.02;-0.03;-0.12;-1.53;0.00;76.17;-0.37;0.50;0.055
15211.405;3737;-1.60;0.04;-648.40;-1.42;0.32;69.05;0.07;0.50;985;2;1;4;-0.33;0.26;0.23;0.00;-0.01;0.01;-0.02;-0.08;-1.53;0.01;75.52;-0.35;0.50;0.059
15211.465;3747;-1.59;0.06;-648.76;-1.42;0.32;69.05;0.07;0.50;985;2;1;4;-0.33;0.27;0.25;0.00;-0.01;-0.01;0.02;-0.05;-1.52;0.04;74.30;-0.32;0.50;0.028
15211.555;3752;-1.59;0.07;-648.98;-1.42;0.32;69.05;0.07;0.50;985;2;1;4;-0.33;0.29;0.26;0.01;-0.01;0.03;-0.04;-0.10;-1.52;0.05;73.74;-0.30;0.50;0.013
15211.685;3767;-1.57;0.11;-649.68;-1.42;0.32;69.05;0.07;0.50;985;2;1;4;-0.31;0.30;0.28;0.01;-0.01;0.04;-0.05;-0.14;-1.51;0.09;72.25;-0.25;0.50;0.037
15211.785;3775;-1.57;0.13;-649.99;-1.42;0.32;69.05;0.07;0.50;985;2;1;4;-0.30;0.30;0.29;0.01;-0.01;0.02;-0.03;-0.07;-1.51;0.10;71.82;-0.24;0.50;0.042
15211.865;3786;-1.56;0.17;-650.24;-1.42;0.32;69.05;0.07;0.50;985;2;1;4;-0.30;0.30;0.30;0.01;-0.01;0.04;-0.05;-0.06;-1.49;0.15;70.37;-0.17;0.50;0.022
15211.965;3794;-1.55;0.19;-650.47;-1.42;0.32;69.05;0.07;0.50;985;2;1;4;-0.29;0.30;0.30;0.00;-0.01;-0.02;0.03;0.00;-1.48;0.17;69.83;-0.14;0.50;0.020
15212.075;3805;-1.54;0.22;-650.64;-1.42;0.32;69.05;0.07;0.50;985;2;1;4;-0.26;0.30;0.30;0.01;-0.01;-0.02;0.04;0.03;-1.47;0.19;69.40;-0.11;0.50;0.025
15212.175;3814;-1.53;0.24;-650.63;-1.42;0.32;69.05;0.07;0.50;985;2;1;4;-0.25;0.30;0.30;0.01;-0.01;0.01;-0.02;0.00;-1.46;0.22;69.08;-0.08;0.50;0.030
15212.275;3828;-1.52;0.28;-650.47;-1.42;0.32;69.05;0.07;0.50;985;2;1;4;-0.23;0.30;0.30;0.00;-0.01;0.05;-0.07;-0.01;-1.45;0.24;68.88;-0.04;0.50;0.034
15212.385;3839;-1.50;0.31;-650.27;-1.42;0.32;69.05;0.07;0.50;985;2;1;4;-0.20;0.30;0.30;0.00;-0.01;0.05;-0.07;0.00;-1.44;0.26;68.79;-0.01;0.50;0.034
15212.485;3847;-1.50;0.33;-650.06;-1.42;0.32;69.05;0.07;0.50;985;2;1;4;-0.17;0.30;0.29;0.00;-0.01;-0.01;0.02;0.07;-1.43;0.30;68.86;0.04;0.50;0.035
15212.575;3858;-1.49;0.36;-649.66;-1.42;0.32;69.05;0.07;0.50;985;2;1;4;-0.15;0.30;0.29;0.00;-0.01;0.03;-0.05;0.03;-1.42;0.32;69.05;0.07;0.50;0.032
15212.695;3866;-1.48;0.39;-649.33;-1.42;0.32;69.05;0.07;0.50;985;2;1;4;-0.12;0.30;0.29;0.00;-0.01;0.03;-0.03;0.07;-1.41;0.35;69.34;0.10;0.50;0.045
15212.765;3877;-1.47;0.42;-648.81;-1.32;0.73;89.43;0.60;0.50;985;3;1;4;-0.09;0.30;0.30;0.00;-0.01;-0.02;0.04;0.11;-1.40;0.37;69.73;0.13;0.50;0.022
15212.875;3885;-1.46;0.44;-648.40;-1.32;0.73;89.43;0.60;0.50;985;3;1;4;0.04;0.30;0.29;0.00;-0.01;0.04;-0.05;0.08;-1.39;0.41;70.53;0.18;0.50;0.053
15212.965;3896;-1.45;0.47;-647.61;-1.32;0.73;89.43;0.60;0.50;985;3;1;4;0.09;0.30;0.30;-0.00;-0.01;0.03;-0.05;0.20;-1.38;0.44;71.60;0.23;0.50;0.019
15213.095;3910;-1.44;0.51;-646.06;-1.32;0.73;89.43;0.60;0.50;985;3;1;4;0.12;0.30;0.30;-0.00;-0.00;-0.01;0.01;0.13;-1.37;0.47;72.45;0.26;0.50;0.048
15213.205;3920;-1.43;0.54;-645.27;-1.32;0.73;89.43;0.60;0.50;985;3;1;4;0.17;0.30;0.30;-0.00;-0.00;-0.01;0.01;0.12;-1.36;0.49;73.43;0.29;0.50;0.060
15213.265;3925;-1.43;0.55;-644.96;-1.32;0.73;89.43;0.60;0.50;985;3;1;4;0.21;0.30;0.28;-0.01;-0.00;0.01;0.01;0.11;-1.36;0.52;74.54;0.33;0.50;0.023
15213.355;3935;-1.42;0.58;-644.20;-1.32;0.73;89.43;0.60;0.50;985;3;1;4;0.29;0.30;0.28;-0.01;-0.00;0.02;0.01;0.14;-1.35;0.55;76.44;0.37;0.50;0.014
15213.455;3944;-1.41;0.60;-643.31;-1.32;0.73;89.43;0.60;0.50;985;3;1;4;0.37;0.30;0.28;-0.01;-0.01;0.01;0.01;0.21;-1.34;0.59;78.64;0.42;0.50;0.012
15213.595;3958;-1.40;0.64;-641.63;-1.32;0.73;89.43;0.60;0.50;985;3;1;4;0.46;0.30;0.29;-0.01;-0.01;0.02;0.01;0.19;-1.33;0.63;81.15;0.47;0.50;0.047
15213.745;3973;-1.39;0.69;-639.49;-1.31;0.80;90.00;-0.00;0.50;451;1;1;2;0.52;0.30;0.30;-0.00;-0.01;-0.05;-0.02;0.26;-1.33;0.65;83.00;0.50;0.50;0.047
15213.765;3977;-1.39;0.70;-638.79;-1.31;0.80;90.00;-0.00;0.50;451;1;1;2;0.24;0.29;0.30;-0.02;-0.00;0.03;0.01;0.42;-1.31;0.72;90.00;-0.00;0.05;0.035
15213.855;3986;-1.39;0.73;-637.91;-1.31;0.80;90.00;-0.00;0.50;451;1;1;2;0.20;0.28;0.29;-0.00;-0.01;-0.04;-0.02;-0.04;-1.31;0.72;90.00;-0.00;0.05;0.026
15213.955;3995;-1.38;0.75;-637.97;-1.31;0.80;90.00;-0.00;0.50;451;1;1;2;0.22;0.27;0.28;-0.02;-0.01;0.06;0.04;0.03;-1.31;0.74;90.00;-0.00;0.24;0.025
15214.085;4005;-1.38;0.78;-637.83;-1.31;0.80;90.00;-0.00;0.50;451;1;1;2;0.22;0.28;0.26;-0.01;-0.01;0.05;0.02;0.09;-1.31;0.78;90.00;-0.00;0.43;0.033
15214.165;4013;-1.37;0.80;-637.65;-1.31;0.80;90.00;-0.00;0.50;451;1;1;2;0.22;0.29;0.26;-0.01;-0.01;0.05;0.02;0.08;-1.31;0.80;90.00;-0.00;0.50;0.028
15214.315;4032;-1.37;0.85;-637.16;-1.31;1.04;90.00;0.00;0.50;458;1;1;0;0.22;0.30;0.28;-0.01;-0.01;0.05;0.02;0.10;-1.31;0.82;90.00;0.00;0.50;0.032
15214.405;4041;-1.36;0.88;-636.98;-1.31;1.04;90.00;0.00;0.50;458;1;1;0;0.21;0.30;0.30;-0.00;-0.01;-0.07;-0.04;-0.00;-1.31;0.97;90.00;0.00;0.07;0.053
15214.485;4047;-1.36;0.89;-636.79;-1.31;1.04;90.00;0.00;0.50;458;1;1;0;0.21;0.30;0.28;-0.01;-0.01;0.04;0.02;0.07;-1.31;0.97;90.00;0.00;0.07;0.037
15214.575;4058;-1.36;0.93;-636.64;-1.31;1.04;90.00;0.00;0.50;458;1;1;0;0.21;0.29;0.28;-0.00;-0.01;0.02;0.02;0.03;-1.31;0.97;90.00;0.00;0.07;0.026
15214.685;4070;-1.35;0.96;-636.53;-1.31;1.04;90.00;0.00;0.50;458;1;1;0;0.22;0.28;0.29;0.00;-0.01;0.04;0.03;0.03;-1.31;0.97;90.00;0.00;0.07;0.049
15214.755;4076;-1.35;0.98;-636.44;-1.31;1.04;90.00;0.00;0.50;458;1;1;0;0.22;0.28;0.28;-0.00;-0.01;-0.04;-0.02;-0.01;-1.31;0.97;90.00;0.00;0.14;0.015
15214.855;4084;-1.35;1.00;-636.35;-1.31;1.20;90.00;-0.00;0.50;458;2;1;0;0.22;0.28;0.26;-0.00;-0.01;0.05;0.02;0.06;-1.31;1.00;90.00;0.00;0.32;0.011
15214.965;4094;-1.34;1.02;-636.29;-1.31;1.20;90.00;-0.00;0.50;458;2;1;0;0.24;0.28;0.27;-0.00;-0.01;-0.03;-0.02;-0.01;-1.31;1.02;90.00;0.00;0.42;0.015
15215.065;4104;-1.34;1.05;-636.13;-1.31;1.20;90.00;-0.00;0.50;458;2;1;0;0.24;0.30;0.28;-0.00;-0.01;-0.04;-0.02;0.00;-1.31;1.05;90.00;0.00;0.50;0.017
15215.165;4113;-1.34;1.07;-635.86;-1.31;1.20;90.00;-0.00;0.50;458;2;1;0;0.23;0.30;0.27;-0.01;-0.01;0.03;0.03;0.07;-1.31;1.07;90.00;0.00;0.50;0.024
15215.265;4124;-1.33;1.11;-635.64;-1.31;1.20;90.00;-0.00;0.50;458;2;1;0;0.23;0.30;0.28;-0.01;-0.01;0.05;0.03;0.09;-1.31;1.11;90.00;0.00;0.50;0.017
15215.375;4136;-1.33;1.14;-635.36;-1.31;1.20;90.00;-0.00;0.50;458;2;1;0;0.22;0.30;0.28;-0.00;-0.01;0.02;0.02;0.06;-1.31;1.13;90.00;0.00;0.50;0.026
15215.455;4147;-1.33;1.17;-635.15;-1.31;1.35;90.00;0.00;0.50;458;3;1;0;0.22;0.30;0.28;0.00;-0.01;0.01;0.02;0.05;-1.31;1.16;90.00;0.00;0.50;0.025
15215.575;4157;-1.32;1.20;-634.97;-1.31;1.35;90.00;0.00;0.50;458;3;1;0;0.22;0.30;0.28;-0.00;-0.01;0.01;0.02;0.05;-1.31;1.18;90.00;-0.00;0.50;0.035
15215.665;4163;-1.32;1.22;-635.01;-1.31;1.35;90.00;0.00;0.50;458;3;1;0;0.22;0.30;0.30;-0.00;-0.01;0.04;0.04;0.03;-1.31;1.21;90.00;-0.00;0.50;0.020
15215.785;4174;-1.32;1.25;-634.90;-1.31;1.35;90.00;0.00;0.50;458;3;1;0;0.22;0.30;0.29;-0.00;-0.01;0.04;0.02;0.04;-1.31;1.25;90.00;-0.00;0.50;0.040
15215.885;4186;-1.32;1.28;-634.67;-1.31;1.35;90.00;0.00;0.50;458;3;1;0;0.22;0.30;0.28;-0.01;-0.01;0.02;0.02;0.03;-1.31;1.27;90.00;0.00;0.50;0.031
15215.995;4199;-1.31;1.32;-634.49;-1.31;1.35;90.00;0.00;0.50;458;3;1;0;0.22;0.30;0.29;-0.00;-0.01;-0.00;0.01;0.00;-1.31;1.30;90.00;0.00;0.50;0.043
15216.085;4209;-1.31;1.35;-634.34;-1.31;1.50;90.00;-0.00;0.50;458;4;1;0;0.22;0.30;0.28;-0.01;-0.01;0.03;0.02;0.06;-1.31;1.33;90.00;0.00;0.50;0.039
15216.175;4214;-1.31;1.36;-634.26;-1.31;1.50;90.00;-0.00;0.50;458;4;1;0;0.22;0.30;0.28;-0.00;-0.01;0.03;0.03;0.05;-1.31;1.37;90.00;0.00;0.50;0.029
15216.265;4225;-1.31;1.40;-634.10;-1.31;1.50;90.00;-0.00;0.50;458;4;1;0;0.22;0.30;0.28;-0.00;-0.01;0.01;0.02;0.05;-1.31;1.40;90.00;0.00;0.50;0.015
15216.365;4233;-1.30;1.42;-633.96;-1.31;1.50;90.00;-0.00;0.50;458;4;1;0;0.22;0.30;0.28;-0.00;-0.01;0.02;0.02;0.05;-1.31;1.42;90.00;-0.00;0.50;0.013
15216.455;4242;-1.30;1.44;-633.86;-1.31;1.50;90.00;-0.00;0.50;458;4;1;0;0.22;0.30;0.29;-0.00;-0.01;-0.04;-0.01;-0.01;-1.31;1.44;90.00;-0.00;0.50;0.009
15216.565;4257;-1.30;1.49;-633.79;-1.31;1.50;90.00;-0.00;0.50;458;4;1;0;0.22;0.30;0.29;-0.01;-0.01;-0.00;-0.00;0.00;-1.31;1.47;90.00;-0.00;0.50;0.025
15216.665;4266;-1.30;1.51;-633.65;-1.31;1.65;90.00;0.00;0.50;458;5;1;0;0.22;0.30;0.28;-0.01;-0.01;0.03;0.03;0.06;-1.31;1.49;90.00;-0.00;0.50;0.020
15216.765;4275;-1.29;1.54;-633.51;-1.31;1.65;90.00;0.00;0.50;458;5;1;0;0.22;0.30;0.28;-0.00;-0.01;0.02;0.02;0.05;-1.31;1.53;90.00;-0.00;0.50;0.023
15216.875;4286;-1.29;1.57;-633.33;-1.31;1.65;90.00;0.00;0.50;458;5;1;0;0.22;0.30;0.28;-0.00;-0.01;0.01;0.02;0.05;-1.31;1.57;90.00;-0.00;0.50;0.024
15216.955;4294;-1.29;1.59;-633.21;-1.31;1.65;90.00;0.00;0.50;458;5;1;0;0.21;0.30;0.28;-0.00;-0.01;0.02;0.02;0.04;-1.31;1.59;90.00;-0.00;0.50;0.011
15217.065;4305;-1.29;1.62;-633.20;-1.31;1.65;90.00;0.00;0.50;458;5;1;0;0.22;0.30;0.30;-0.01;-0.01;-0.11;-0.07;-0.04;-1.31;1.62;90.00;0.00;0.50;0.020
15217.145;4313;-1.29;1.65;-633.11;-1.31;1.65;90.00;0.00;0.50;458;5;1;0;0.22;0.30;0.29;-0.01;-0.01;0.05;0.03;0.07;-1.31;1.65;90.00;0.00;0.50;0.006
15217.255;4324;-1.28;1.68;-632.98;-1.31;1.81;90.00;-0.00;0.50;458;6;1;0;0.22;0.30;0.28;-0.01;-0.01;0.04;0.03;0.07;-1.31;1.68;90.00;0.00;0.50;0.019
15217.375;4337;-1.28;1.72;-632.79;-1.31;1.81;90.00;-0.00;0.50;458;6;1;0;0.21;0.30;0.28;-0.00;-0.01;0.02;0.02;0.04;-1.31;1.70;90.00;0.00;0.50;0.037
15217.455;4343;-1.28;1.73;-632.71;-1.31;1.81;90.00;-0.00;0.50;458;6;1;0;0.21;0.30;0.28;-0.00;-0.01;0.01;0.02;0.04;-1.31;1.73;90.00;0.00;0.50;0.012
15217.555;4352;-1.28;1.76;-632.59;-1.31;1.81;90.00;-0.00;0.50;458;6;1;0;0.21;0.30;0.28;-0.00;-0.01;0.02;0.02;0.04;-1.31;1.76;90.00;-0.00;0.50;0.013
15217.655;4367;-1.28;1.80;-632.39;-1.31;1.81;90.00;-0.00;0.50;458;6;1;0;0.20;0.30;0.28;-0.00;-0.01;0.02;0.02;0.04;-1.31;1.79;90.00;-0.00;0.50;0.021
15217.785;4376;-1.28;1.83;-632.46;-1.31;2.04;90.00;0.00;0.50;125;1;1;0;0.21;0.30;0.30;-0.01;-0.01;-0.03;-0.02;-0.02;-1.31;1.82;90.00;-0.00;0.50;0.018
15217.865;4387;-1.27;1.86;-632.31;-1.31;2.04;90.00;0.00;0.50;125;1;1;0;0.20;0.30;0.29;-0.01;-0.01;-0.02;-0.01;-0.01;-1.31;1.97;90.00;0.00;0.07;0.012
15217.955;4395;-1.27;1.88;-632.24;-1.31;2.04;90.00;0.00;0.50;125;1;1;0;0.20;0.30;0.28;-0.01;-0.01;0.04;0.03;0.05;-1.31;1.97;90.00;0.00;0.07;0.015
15218.065;4406;-1.27;1.91;-632.14;-1.31;2.04;90.00;0.00;0.50;125;1;1;0;0.20;0.29;0.28;-0.00;-0.01;0.02;0.02;0.03;-1.31;1.97;90.00;0.00;0.07;0.014
15218.155;4414;-1.27;1.94;-632.06;-1.31;2.04;90.00;0.00;0.50;125;1;1;0;0.20;0.29;0.28;-0.00;-0.01;0.02;0.02;0.03;-1.31;1.97;90.00;0.00;0.07;0.013
15218.255;4423;-1.27;1.96;-631.98;-1.31;2.04;90.00;0.00;0.50;125;1;1;0;0.20;0.28;0.27;-0.00;-0.01;0.02;0.02;0.03;-1.31;1.97;90.00;0.00;0.07;0.013
15218.375;4437;-1.27;2.00;-631.89;-1.31;2.04;90.00;0.00;0.50;125;1;1;0;0.20;0.28;0.26;-0.00;-0.01;0.02;0.02;0.02;-1.31;1.99;90.00;0.00;0.25;0.025
15218.465;4446;-1.27;2.02;-631.84;-1.31;2.20;90.00;-0.00;0.50;125;2;1;0;0.20;0.28;0.26;-0.00;-0.01;0.02;0.02;0.02;-1.31;2.01;90.00;0.00;0.35;0.022
15218.605;4460;-1.26;2.06;-631.94;-1.31;2.20;90.00;-0.00;0.50;125;2;1;0;0.21;0.29;0.27;-0.01;-0.01;0.01;0.01;0.00;-1.31;2.04;90.00;0.00;0.49;0.058
15218.675;4465;-1.26;2.07;-631.94;-1.31;2.20;90.00;-0.00;0.50;125;2;1;0;0.22;0.30;0.28;-0.01;-0.01;-0.03;-0.02;-0.01;-1.31;2.07;90.00;0.00;0.50;0.031
15218.765;4475;-1.26;2.10;-631.73;-1.31;2.20;90.00;-0.00;0.50;125;2;1;0;0.21;0.30;0.29;-0.00;-0.01;-0.03;-0.02;0.00;-1.31;2.09;90.00;0.00;0.50;0.022
15218.865;4483;-1.26;2.12;-631.53;-1.31;2.20;90.00;-0.00;0.50;125;2;1;0;0.20;0.30;0.28;-0.01;-0.01;0.04;0.03;0.07;-1.31;2.13;90.00;0.00;0.50;0.010
15218.965;4495;-1.26;2.16;-631.33;-1.31;2.20;90.00;-0.00;0.50;125;2;1;0;0.20;0.30;0.28;-0.00;-0.01;0.01;0.02;0.05;-1.31;2.16;90.00;0.00;0.50;0.021
15219.065;4504;-1.26;2.18;-631.22;-1.31;2.20;90.00;-0.00;0.50;125;2;1;0;0.19;0.30;0.28;-0.00;-0.01;0.01;0.02;0.04;-1.31;2.18;90.00;-0.00;0.50;0.025
15219.155;4514;-1.26;2.21;-631.12;-1.31;2.35;90.00;0.00;0.50;125;3;1;0;0.19;0.30;0.28;-0.00;-0.01;0.02;0.03;0.03;-1.31;2.21;90.00;-0.00;0.50;0.013
15219.315;4529;-1.26;2.26;-631.04;-1.31;2.35;90.00;0.00;0.50;125;3;1;0;0.19;0.30;0.28;-0.00;-0.01;0.02;0.02;0.03;-1.31;2.24;90.00;-0.00;0.50;0.069
15219.345;4533;-1.26;2.27;-631.01;-1.31;2.35;90.00;0.00;0.50;125;3;1;0;0.19;0.30;0.28;-0.00;-0.01;0.02;0.02;0.03;-1.31;2.27;90.00;0.00;0.50;0.014
15219.485;4548;-1.26;2.31;-630.87;-1.31;2.35;90.00;0.00;0.50;125;3;1;0;0.18;0.30;0.28;-0.00;-0.01;0.02;0.02;0.03;-1.31;2.29;90.00;0.00;0.50;0.037
15219.565;4557;-1.26;2.34;-630.80;-1.31;2.35;90.00;0.00;0.50;125;3;1;0;0.18;0.30;0.28;-0.00;-0.01;0.02;0.02;0.03;-1.31;2.32;90.00;0.00;0.50;0.018
15219.685;4567;-1.25;2.36;-630.71;-1.31;2.35;90.00;0.00;0.50;125;3;1;0;0.18;0.30;0.28;-0.00;-0.01;0.02;0.02;0.03;-1.31;2.35;90.00;0.00;0.50;0.045
15219.765;4576;-1.25;2.39;-630.64;-1.31;2.50;90.00;-0.00;0.50;125;4;1;0;0.18;0.30;0.28;-0.00;-0.01;0.02;0.02;0.03;-1.31;2.38;90.00;0.00;0.50;0.020
15219.875;4585;-1.25;2.42;-630.57;-1.31;2.50;90.00;-0.00;0.50;125;4;1;0;0.17;0.30;0.28;-0.00;-0.01;0.02;0.02;0.02;-1.31;2.41;90.00;0.00;0.50;0.022
15219.975;4594;-1.25;2.44;-630.58;-1.31;2.50;90.00;-0.00;0.50;125;4;1;0;0.18;0.30;0.30;-0.01;-0.01;-0.06;-0.04;-0.04;-1.31;2.44;90.00;-0.00;0.50;0.027
15220.055;4604;-1.25;2.47;-630.64;-1.31;2.50;90.00;-0.00;0.50;125;4;1;0;0.18;0.30;0.29;-0.01;-0.01;0.01;0.00;0.00;-1.31;2.47;90.00;-0.00;0.50;0.014
15220.195;4619;-1.25;2.51;-630.49;-1.31;2.50;90.00;-0.00;0.50;125;4;1;0;0.18;0.30;0.28;-0.01;-0.01;0.02;0.02;0.05;-1.31;2.49;90.00;-0.00;0.50;0.042
15220.305;4627;-1.25;2.54;-630.42;-1.31;2.50;90.00;-0.00;0.50;125;4;1;0;0.17;0.30;0.28;-0.00;-0.01;0.02;0.02;0.02;-1.31;2.53;90.00;-0.00;0.50;0.059
15220.375;4638;-1.25;2.57;-630.34;-1.31;2.65;90.00;0.00;0.50;125;5;1;0;0.17;0.30;0.29;-0.00;-0.01;0.02;0.02;0.02;-1.31;2.55;90.00;-0.00;0.50;0.035
15220.465;4646;-1.25;2.59;-630.29;-1.31;2.65;90.00;0.00;0.50;125;5;1;0;0.17;0.30;0.29;-0.00;-0.01;0.02;0.02;0.02;-1.31;2.58;90.00;-0.00;0.50;0.022
15220.565;4655;-1.25;2.62;-630.23;-1.31;2.65;90.00;0.00;0.50;125;5;1;0;0.17;0.30;0.29;-0.00;-0.01;0.02;0.02;0.02;-1.31;2.60;90.00;-0.00;0.50;0.022
15220.695;4669;-1.25;2.66;-630.13;-1.31;2.65;90.00;0.00;0.50;125;5;1;0;0.16;0.30;0.29;-0.00;-0.01;0.02;0.02;0.02;-1.31;2.63;90.00;0.00;0.50;0.056
15220.755;4674;-1.25;2.67;-630.10;-1.31;2.65;90.00;0.00;0.50;125;5;1;0;0.16;0.30;0.29;-0.00;-0.01;0.02;0.02;0.02;-1.31;2.67;90.00;0.00;0.50;0.010
15220.895;4688;-1.25;2.71;-630.01;-1.31;2.65;90.00;0.00;0.50;125;5;1;0;0.16;0.30;0.29;-0.00;-0.01;0.02;0.02;0.02;-1.31;2.70;90.00;0.00;0.50;0.045
15221.035;4701;-1.25;2.75;-629.93;-1.29;3.23;75.35;-0.57;0.50;121;1;1;8;0.16;0.30;0.29;-0.00;-0.01;0.02;0.02;0.02;-1.31;2.72;90.00;0.00;0.50;0.019
15221.065;4705;-1.25;2.76;-629.90;-1.29;3.23;75.35;-0.57;0.50;121;1;1;8;0.42;0.30;0.29;-0.00;-0.01;0.02;0.02;0.02;-1.31;2.97;90.00;-0.07;0.06;0.017
15221.155;4715;-1.25;2.79;-628.77;-1.29;3.23;75.35;-0.57;0.50;121;1;1;8;0.32;0.30;0.29;-0.01;-0.01;-0.01;0.01;0.35;-1.31;2.97;90.00;-0.07;0.06;0.010
15221.265;4725;-1.25;2.82;-627.57;-1.29;3.23;75.35;-0.57;0.50;121;1;1;8;0.21;0.30;0.28;-0.01;-0.01;0.05;0.04;0.19;-1.31;2.97;90.00;-0.07;0.06;0.017
15221.355;4734;-1.25;2.84;-627.50;-1.29;3.23;75.35;-0.57;0.50;121;1;1;8;0.15;0.30;0.30;0.01;-0.01;0.05;0.04;-0.02;-1.31;2.97;90.00;-0.07;0.06;0.013
15221.495;4748;-1.25;2.88;-628.11;-1.29;3.23;75.35;-0.57;0.50;121;1;1;8;0.09;0.30;0.30;0.00;-0.01;0.00;0.00;-0.10;-1.31;2.97;90.00;-0.07;0.06;0.042
15221.555;4753;-1.25;2.90;-628.38;-1.29;3.23;75.35;-0.57;0.50;121;1;1;8;0.07;0.30;0.29;0.00;-0.01;0.04;0.04;-0.10;-1.31;2.97;90.00;-0.07;0.06;0.015
15221.675;4766;-1.25;2.94;-629.39;-1.29;3.23;75.35;-0.57;0.50;121;1;1;8;0.04;0.29;0.28;-0.00;-0.01;0.05;0.03;-0.09;-1.31;2.97;90.00;-0.07;0.06;0.031
15221.785;4775;-1.25;2.96;-629.91;-1.29;3.23;75.35;-0.57;0.50;121;1;1;8;0.01;0.28;0.27;0.00;-0.01;0.03;0.03;-0.11;-1.31;2.97;90.00;-0.07;0.06;0.032
15221.865;4785;-1.25;2.99;-630.53;-1.29;3.23;75.35;-0.57;0.50;121;1;1;8;-0.07;0.27;0.27;0.01;-0.00;0.01;0.02;-0.11;-1.32;2.98;89.88;-0.14;0.12;0.020
15221.995;4800;-1.25;3.03;-631.57;-1.29;3.23;75.35;-0.57;0.50;121;1;1;8;-0.16;0.26;0.27;0.00;-0.00;-0.01;-0.00;-0.10;-1.32;3.00;89.46;-0.21;0.18;0.058
15222.065;4806;-1.25;3.05;-632.06;-1.29;3.23;75.35;-0.57;0.50;121;1;1;8;-0.24;0.26;0.26;0.00;-0.00;-0.01;-0.01;-0.18;-1.32;3.04;88.13;-0.30;0.26;0.024
15222.165;4814;-1.25;3.07;-632.90;-1.29;3.23;75.35;-0.57;0.50;121;1;1;8;-0.29;0.26;0.24;0.01;-0.00;0.01;-0.02;-0.19;-1.31;3.06;87.02;-0.34;0.30;0.016
15222.255;4822;-1.25;3.09;-633.65;-1.29;3.23;75.35;-0.57;0.50;121;1;1;8;-0.35;0.26;0.24;0.01;-0.01;0.00;-0.01;-0.19;-1.31;3.09;85.54;-0.39;0.34;0.016
15222.375;4837;-1.25;3.12;-635.15;-1.29;3.23;75.35;-0.57;0.50;121;1;1;8;-0.43;0.27;0.27;-0.00;-0.01;-0.11;0.10;-0.16;-1.31;3.12;83.64;-0.44;0.38;0.031
15222.515;4852;-1.24;3.16;-637.18;-1.29;3.23;75.35;-0.57;0.50;121;1;1;8;-0.46;0.27;0.27;0.00;-0.01;0.05;-0.03;-0.28;-1.31;3.14;82.52;-0.46;0.40;0.066
15222.595;4856;-1.24;3.17;-637.95;-1.29;3.23;75.35;-0.57;0.50;121;1;1;8;-0.53;0.28;0.27;0.04;-0.01;0.06;-0.06;-0.31;-1.30;3.17;79.88;-0.50;0.44;0.049
15222.675;4867;-1.24;3.20;-639.86;-0.95;3.61;17.15;-0.79;0.50;121;2;1;8;-0.57;0.29;0.29;0.01;-0.01;-0.10;0.10;-0.35;-1.29;3.19;78.36;-0.53;0.46;0.032
15222.805;4880;-1.24;3.24;-643.66;-0.95;3.61;17.15;-0.79;0.50;121;2;1;8;-0.72;0.30;0.30;-0.00;-0.01;-0.11;0.12;-0.46;-1.28;3.23;74.89;-0.57;0.50;0.054
15222.875;4885;-1.23;3.26;-645.07;-0.95;3.61;17.15;-0.79;0.50;121;2;1;8;-0.76;0.30;0.31;-0.00;-0.00;-0.17;0.21;-0.57;-1.27;3.27;71.09;-0.59;0.50;0.027
15222.975;4895;-1.23;3.29;-649.89;-0.95;3.61;17.15;-0.79;0.50;121;2;1;8;-0.68;0.30;0.33;0.05;-0.07;0.11;0.29;-0.79;-1.26;3.29;69.14;-0.60;0.50;0.036
15223.105;4908;-1.21;3.32;-656.24;-0.95;3.61;17.15;-0.79;0.50;121;2;1;8;-0.56;0.30;0.29;0.00;-0.01;0.02;-0.05;-0.68;-1.26;3.31;67.15;-0.60;0.50;0.061
15223.165;4913;-1.21;3.33;-657.86;-0.95;3.61;17.15;-0.79;0.50;121;2;1;8;-0.60;0.30;0.31;0.00;-0.01;-0.02;0.03;-0.43;-1.24;3.35;63.05;-0.62;0.50;0.024
15223.275;4924;-1.19;3.37;-659.73;-0.95;3.61;17.15;-0.79;0.50;121;2;1;8;-0.69;0.30;0.30;0.04;-0.01;0.04;-0.07;-0.43;-1.22;3.39;58.80;-0.64;0.50;0.023
15223.375;4938;-1.17;3.41;-662.85;-0.95;3.61;17.15;-0.79;0.50;121;2;1;8;-0.72;0.30;0.33;0.05;-0.00;0.01;-0.04;-0.47;-1.21;3.41;56.62;-0.65;0.50;0.027
15223.455;4944;-1.17;3.42;-664.95;-0.95;3.61;17.15;-0.79;0.50;121;2;1;8;-0.76;0.30;0.32;0.07;-0.01;0.04;-0.05;-0.57;-1.18;3.44;52.12;-0.67;0.50;0.016
15223.545;4953;-1.15;3.45;-667.98;-0.95;3.61;17.15;-0.79;0.50;121;2;1;8;-0.77;0.30;0.34;0.09;-0.01;0.01;-0.04;-0.71;-1.17;3.46;49.81;-0.68;0.50;0.006
15223.645;4963;-1.14;3.48;-672.07;-0.95;3.61;17.15;-0.79;0.50;121;2;1;8;-0.78;0.30;0.34;0.09;-0.01;0.00;0.00;-0.62;-1.14;3.49;45.07;-0.69;0.50;0.016
15223.755;4974;-1.12;3.52;-676.89;-0.95;3.61;17.15;-0.79;0.50;121;2;1;8;-0.75;0.30;0.32;0.12;-0.01;0.02;-0.08;-0.90;-1.12;3.51;42.63;-0.70;0.50;0.018
15223.865;4986;-1.10;3.55;-681.68;-0.95;3.61;17.15;-0.79;0.50;121;2;1;8;-0.77;0.30;0.34;0.10;-0.01;0.01;0.10;-0.63;-1.09;3.53;37.61;-0.72;0.50;0.020
15223.975;4997;-1.08;3.58;-687.01;-0.95;3.61;17.15;-0.79;0.50;121;2;1;8;-0.71;0.30;0.32;0.07;-0.01;0.01;-0.10;-0.80;-1.07;3.55;35.04;-0.73;0.50;0.033
15224.085;5005;-1.06;3.60;-690.66;-0.95;3.61;17.15;-0.79;0.50;121;2;1;8;-0.70;0.30;0.29;0.02;-0.09;-0.39;-0.23;-0.89;-1.06;3.56;32.42;-0.74;0.50;0.045
15224.175;5015;-1.03;3.61;-695.32;-0.95;3.61;17.15;-0.79;0.50;121;2;1;8;-0.72;0.30;0.33;0.03;-0.03;0.07;-0.22;-0.95;-1.02;3.58;27.04;-0.75;0.50;0.030
15224.265;5024;-1.01;3.62;-699.90;-0.95;3.61;17.15;-0.79;0.50;121;2;1;8;-0.66;0.30;0.26;-0.01;-0.08;-0.43;-0.15;-0.94;-1.00;3.59;24.27;-0.76;0.50;0.023
15224.365;5033;-0.98;3.63;-704.24;-0.95;3.61;17.15;-0.79;0.50;121;2;1;8;-0.69;0.30;0.27;0.00;-0.08;-0.44;-0.12;-0.83;-0.96;3.60;18.60;-0.78;0.50;0.022
15224.465;5044;-0.95;3.64;-708.62;-0.47;3.47;-47.55;-0.68;0.50;121;3;1;8;-0.66;0.30;0.31;0.00;-0.01;0.10;0.23;-0.61;-0.94;3.61;15.70;-0.78;0.50;0.026
15224.555;5052;-0.93;3.65;-712.32;-0.47;3.47;-47.55;-0.68;0.50;121;3;1;8;-0.54;0.30;0.30;0.05;-0.01;-0.00;0.00;-0.79;-0.92;3.62;12.81;-0.78;0.50;0.014
15224.665;5067;-0.88;3.65;-718.27;-0.47;3.47;-47.55;-0.68;0.50;121;3;1;8;-0.48;0.30;0.30;-0.00;-0.01;0.05;0.06;-0.48;-0.90;3.62;9.95;-0.77;0.50;0.028
15224.765;5076;-0.85;3.65;-720.69;-0.47;3.47;-47.55;-0.68;0.50;121;3;1;8;-0.57;0.30;0.29;0.01;-0.01;-0.08;-0.11;-0.45;-0.86;3.62;4.31;-0.77;0.50;0.030
15224.865;5087;-0.82;3.65;-723.64;-0.47;3.47;-47.55;-0.68;0.50;121;3;1;8;-0.59;0.30;0.31;-0.00;-0.01;0.19;0.23;-0.43;-0.84;3.63;1.52;-0.76;0.50;0.018
15224.955;5096;-0.79;3.65;-727.05;-0.47;3.47;-47.55;-0.68;0.50;121;3;1;8;-0.58;0.30;0.31;0.02;-0.01;0.07;0.08;-0.60;-0.82;3.63;-1.24;-0.76;0.50;0.016
15225.055;5102;-0.77;3.65;-728.72;-0.47;3.47;-47.55;-0.68;0.50;121;3;1;8;-0.66;0.30;0.31;0.00;-0.00;0.17;0.17;-0.43;-0.77;3.62;-6.69;-0.75;0.50;0.013
15225.165;5115;-0.73;3.64;-733.22;-0.47;3.47;-47.55;-0.68;0.50;121;3;1;8;-0.68;0.30;0.30;0.00;-0.01;0.01;0.03;-0.55;-0.73;3.61;-12.04;-0.74;0.50;0.022
15225.265;5124;-0.71;3.64;-735.51;-0.47;3.47;-47.55;-0.68;0.50;121;3;1;8;-0.71;0.30;0.32;0.00;0.00;0.18;0.14;-0.32;-0.71;3.61;-14.68;-0.73;0.50;0.015
15225.355;5134;-0.68;3.63;-739.22;-0.47;3.47;-47.55;-0.68;0.50;121;3;1;8;-0.69;0.30;0.32;0.02;-0.01;0.05;0.04;-0.62;-0.69;3.60;-17.30;-0.73;0.50;0.013
15225.465;5143;-0.65;3.62;-741.60;-0.47;3.47;-47.55;-0.68;0.50;121;3;1;8;-0.76;0.30;0.34;0.04;0.00;0.01;-0.00;-0.46;-0.65;3.59;-22.47;-0.72;0.50;0.022
15225.585;5159;-0.60;3.61;-747.01;-0.47;3.47;-47.55;-0.68;0.50;121;3;1;8;-0.73;0.30;0.34;0.05;-0.01;0.10;0.04;-0.46;-0.63;3.58;-25.02;-0.72;0.50;0.047
15225.665;5163;-0.59;3.60;-748.07;-0.47;3.47;-47.55;-0.68;0.50;121;3;1;8;-0.76;0.30;0.35;0.05;-0.01;0.18;0.07;-0.44;-0.61;3.57;-27.54;-0.71;0.50;0.025
15225.795;5177;-0.54;3.59;-752.99;-0.47;3.47;-47.55;-0.68;0.50;121;3;1;8;-0.78;0.30;0.33;0.10;-0.01;-0.05;-0.05;-0.73;-0.57;3.55;-32.53;-0.70;0.50;0.044
15225.885;5188;-0.50;3.58;-756.56;-0.47;3.47;-47.55;-0.68;0.50;121;3;1;8;-0.79;0.30;0.36;0.10;-0.01;0.06;0.02;-0.52;-0.56;3.54;-34.99;-0.70;0.50;0.047
15225.995;5196;-0.48;3.57;-759.91;-0.47;3.47;-47.55;-0.68;0.50;121;3;1;8;-0.78;0.30;0.33;0.12;-0.01;-0.08;-0.02;-0.85;-0.54;3.53;-37.43;-0.69;0.50;0.051
15226.065;5205;-0.45;3.55;-763.24;-0.47;3.47;-47.55;-0.68;0.50;121;3;1;8;-0.79;0.30;0.35;0.10;-0.01;0.06;0.02;-0.63;-0.51;3.50;-42.24;-0.69;0.50;0.022
15226.175;5216;-0.41;3.53;-768.07;-0.47;3.47;-47.55;-0.68;0.50;121;3;1;8;-0.79;0.30;0.32;0.11;-0.01;-0.08;-0.01;-0.90;-0.47;3.47;-46.96;-0.68;0.50;0.029
15226.275;5224;-0.39;3.52;-771.34;-0.47;3.47;-47.55;-0.68;0.50;121;3;1;8;-0.79;0.30;0.33;0.09;-0.01;0.07;0.01;-0.70;-0.46;3.45;-49.28;-0.67;0.50;0.032
15226.415;5239;-0.35;3.48;-778.50;-0.47;3.47;-47.55;-0.68;0.50;121;3;1;8;-0.65;0.30;0.33;0.03;-0.01;0.28;-0.04;-0.86;-0.45;3.44;-51.54;-0.65;0.50;0.071
15226.495;5247;-0.34;3.46;-782.51;-0.47;3.47;-47.55;-0.68;0.50;121;3;1;8;-0.56;0.29;0.31;0.00;-0.01;0.09;-0.02;-0.57;-0.43;3.42;-53.75;-0.64;0.50;0.043
15226.555;5252;-0.33;3.45;-783.99;-0.47;3.47;-47.55;-0.68;0.50;121;3;1;8;-0.56;0.29;0.31;0.05;-0.04;-0.25;-0.09;-0.61;-0.42;3.40;-55.90;-0.63;0.50;0.018
15226.695;5266;-0.31;3.41;-787.03;-0.47;3.47;-47.55;-0.68;0.50;121;3;1;8;-0.57;0.29;0.30;0.00;-0.00;-0.02;0.01;-0.41;-0.40;3.37;-60.04;-0.60;0.50;0.041
15226.775;5277;-0.30;3.39;-790.48;-0.47;3.47;-47.55;-0.68;0.50;121;3;1;8;-0.51;0.28;0.28;0.02;-0.01;-0.05;0.02;-0.54;-0.39;3.35;-62.03;-0.59;0.50;0.030
15226.845;5285;-0.29;3.36;-792.13;-0.47;3.47;-47.55;-0.68;0.50;121;3;1;8;-0.50;0.28;0.29;-0.00;-0.01;0.12;-0.04;-0.26;-0.38;3.33;-63.96;-0.58;0.50;0.027
15226.955;5295;-0.28;3.34;-794.23;-0.47;3.47;-47.55;-0.68;0.50;121;3;1;8;-0.48;0.27;0.28;0.00;-0.01;0.05;-0.02;-0.38;-0.37;3.31;-65.85;-0.57;0.50;0.009
15227.065;5305;-0.28;3.31;-796.04;-0.47;3.47;-47.55;-0.68;0.50;121;3;1;8;-0.50;0.27;0.28;0.04;-0.01;-0.08;0.04;-0.32;-0.35;3.27;-69.46;-0.54;0.50;0.015
15227.155;5314;-0.27;3.29;-797.39;-0.47;3.47;-47.55;-0.68;0.50;121;3;1;8;-0.51;0.27;0.27;0.02;-0.01;-0.04;0.01;-0.35;-0.35;3.25;-71.19;-0.53;0.50;0.011
15227.295;5328;-0.26;3.25;-799.74;-0.34;2.71;-104.65;-0.57;0.50;418;1;1;8;-0.50;0.27;0.28;0.01;-0.01;0.09;-0.04;-0.22;-0.34;3.23;-72.87;-0.52;0.50;0.024
15227.375;5338;-0.25;3.22;-801.54;-0.34;2.71;-104.65;-0.57;0.50;418;1;1;8;0.06;0.30;0.26;0.01;-0.01;-0.11;0.06;-0.35;-0.31;2.96;-90.00;-0.07;0.06;0.029
15227.475;5347;-0.25;3.20;-800.79;-0.34;2.71;-104.65;-0.57;0.50;418;1;1;8;-0.02;0.30;0.30;-0.01;-0.01;0.14;-0.07;0.42;-0.31;2.96;-90.00;-0.07;0.06;0.029
15227.595;5357;-0.24;3.17;-799.38;-0.34;2.71;-104.65;-0.57;0.50;418;1;1;8;-0.14;0.30;0.29;0.01;-0.00;-0.05;0.04;0.11;-0.31;2.96;-90.00;-0.07;0.06;0.042
15227.695;5366;-0.24;3.14;-799.24;-0.34;2.71;-104.65;-0.57;0.50;418;1;1;8;-0.20;0.30;0.28;0.01;-0.00;-0.03;0.01;-0.08;-0.31;2.96;-90.00;-0.07;0.06;0.055
15227.765;5377;-0.23;3.11;-799.85;-0.34;2.71;-104.65;-0.57;0.50;418;1;1;8;-0.25;0.30;0.29;0.00;-0.00;-0.01;0.01;-0.13;-0.31;2.96;-90.00;-0.07;0.06;0.018
15227.865;5385;-0.22;3.09;-800.52;-0.34;2.71;-104.65;-0.57;0.50;418;1;1;8;-0.27;0.30;0.28;0.00;-0.01;-0.01;0.01;-0.16;-0.31;2.96;-90.00;-0.07;0.06;0.019
15227.945;5395;-0.22;3.06;-801.32;-0.34;2.71;-104.65;-0.57;0.50;418;1;1;8;-0.30;0.30;0.28;0.00;-0.01;-0.01;0.01;-0.16;-0.31;2.96;-90.00;-0.07;0.06;0.006
15228.075;5405;-0.22;3.03;-802.08;-0.34;2.71;-104.65;-0.57;0.50;418;1;1;8;-0.33;0.30;0.30;0.00;-0.01;0.04;-0.01;-0.11;-0.31;2.96;-90.00;-0.07;0.06;0.022
15228.165;5415;-0.21;3.00;-802.93;-0.34;2.71;-104.65;-0.57;0.50;418;1;1;8;-0.36;0.30;0.29;0.01;-0.01;-0.04;0.03;-0.16;-0.31;2.96;-90.00;-0.07;0.06;0.026
15228.265;5423;-0.21;2.98;-803.49;-0.34;2.71;-104.65;-0.57;0.50;418;1;1;8;-0.39;0.30;0.30;0.00;-0.01;-0.03;0.01;-0.21;-0.31;2.96;-90.00;-0.07;0.06;0.018
15228.365;5434;-0.20;2.95;-804.46;-0.34;2.71;-104.65;-0.57;0.50;418;1;1;8;-0.48;0.30;0.30;0.00;-0.01;0.09;-0.05;-0.12;-0.31;2.95;-90.22;-0.16;0.14;0.023
15228.465;5446;-0.20;2.91;-806.89;-0.34;2.71;-104.65;-0.57;0.50;418;1;1;8;-0.51;0.30;0.31;-0.00;-0.01;0.12;-0.07;-0.40;-0.31;2.92;-90.78;-0.23;0.20;0.019
15228.555;5455;-0.20;2.89;-809.18;-0.34;2.71;-104.65;-0.57;0.50;418;1;1;8;-0.53;0.30;0.29;0.02;-0.01;-0.12;0.08;-0.49;-0.31;2.89;-91.87;-0.30;0.26;0.015
15228.665;5466;-0.20;2.85;-811.83;-0.34;2.71;-104.65;-0.57;0.50;418;1;1;8;-0.53;0.30;0.30;-0.00;-0.01;0.09;-0.06;-0.37;-0.31;2.87;-92.98;-0.34;0.30;0.017
15228.765;5474;-0.20;2.83;-813.74;-0.34;2.71;-104.65;-0.57;0.50;418;1;1;8;-0.55;0.30;0.30;0.02;-0.02;-0.14;0.08;-0.55;-0.31;2.84;-94.46;-0.39;0.34;0.023
15228.865;5485;-0.20;2.80;-816.59;-0.34;2.71;-104.65;-0.57;0.50;418;1;1;8;-0.57;0.30;0.30;0.00;-0.01;0.08;-0.07;-0.40;-0.32;2.81;-96.36;-0.44;0.38;0.018
15228.955;5493;-0.20;2.77;-818.90;-0.34;2.71;-104.65;-0.57;0.50;418;1;1;8;-0.56;0.30;0.29;0.02;-0.01;-0.08;0.09;-0.56;-0.32;2.80;-97.48;-0.46;0.40;0.008
15229.075;5504;-0.21;2.74;-821.69;-0.34;2.71;-104.65;-0.57;0.50;418;1;1;8;-0.59;0.30;0.30;-0.00;-0.00;0.10;-0.09;-0.37;-0.33;2.76;-100.12;-0.50;0.44;0.033
15229.165;5513;-0.21;2.71;-824.28;-0.34;2.71;-104.65;-0.57;0.50;418;1;1;8;-0.59;0.30;0.29;0.05;-0.01;-0.14;0.17;-0.58;-0.33;2.74;-101.64;-0.53;0.46;0.013
15229.255;5524;-0.22;2.68;-827.32;-0.34;2.71;-104.65;-0.57;0.50;418;1;1;8;-0.58;0.30;0.31;-0.01;0.00;0.15;-0.19;-0.40;-0.34;2.72;-103.30;-0.55;0.48;0.008
15229.365;5537;-0.23;2.64;-831.18;-0.68;2.33;-162.85;-0.79;0.50;418;2;1;8;-0.55;0.30;0.30;0.01;-0.01;0.08;-0.11;-0.44;-0.34;2.70;-105.11;-0.57;0.50;0.022
15229.455;5542;-0.24;2.63;-832.24;-0.68;2.33;-162.85;-0.79;0.50;418;2;1;8;-0.32;0.30;0.31;-0.01;-0.00;0.13;-0.21;-0.32;-0.35;2.66;-108.91;-0.59;0.50;0.014
15229.565;5556;-0.25;2.59;-834.42;-0.68;2.33;-162.85;-0.79;0.50;418;2;1;8;-0.38;0.30;0.30;0.00;-0.01;0.09;-0.16;-0.05;-0.36;2.64;-110.86;-0.60;0.50;0.022
15229.655;5562;-0.26;2.57;-834.88;-0.68;2.33;-162.85;-0.79;0.50;418;2;1;8;-0.44;0.30;0.32;0.03;-0.01;-0.07;0.13;-0.21;-0.37;2.62;-112.85;-0.60;0.50;0.016
15229.775;5577;-0.27;2.53;-836.76;-0.68;2.33;-162.85;-0.79;0.50;418;2;1;8;-0.51;0.30;0.30;0.01;-0.01;0.03;-0.07;-0.20;-0.38;2.60;-114.88;-0.61;0.50;0.027
15229.865;5586;-0.28;2.51;-838.11;-0.68;2.33;-162.85;-0.79;0.50;418;2;1;8;-0.57;0.30;0.31;0.01;-0.01;-0.04;0.07;-0.28;-0.39;2.58;-116.95;-0.62;0.50;0.027
15229.965;5596;-0.30;2.48;-839.86;-0.68;2.33;-162.85;-0.79;0.50;418;2;1;8;-0.61;0.30;0.30;0.05;-0.01;-0.04;0.06;-0.37;-0.40;2.56;-119.05;-0.63;0.50;0.024
15230.095;5608;-0.31;2.44;-842.00;-0.68;2.33;-162.85;-0.79;0.50;418;2;1;8;-0.70;0.30;0.32;0.07;-0.01;-0.04;0.05;-0.41;-0.42;2.53;-123.38;-0.65;0.50;0.054
15230.175;5613;-0.32;2.43;-843.12;-0.68;2.33;-162.85;-0.79;0.50;418;2;1;8;-0.74;0.30;0.33;0.06;-0.01;-0.03;0.05;-0.37;-0.43;2.51;-125.61;-0.66;0.50;0.025
15230.285;5627;-0.34;2.38;-847.50;-0.68;2.33;-162.85;-0.79;0.50;418;2;1;8;-0.73;0.30;0.34;0.08;-0.01;-0.04;0.06;-0.58;-0.45;2.49;-127.88;-0.67;0.50;0.042
15230.375;5638;-0.35;2.35;-851.23;-0.68;2.33;-162.85;-0.79;0.50;418;2;1;8;-0.73;0.30;0.33;0.11;-0.01;-0.03;0.06;-0.74;-0.46;2.47;-130.19;-0.68;0.50;0.029
15230.455;5642;-0.36;2.33;-852.78;-0.68;2.33;-162.85;-0.79;0.50;418;2;1;8;-0.75;0.30;0.33;0.11;-0.01;-0.03;0.07;-0.66;-0.47;2.46;-132.54;-0.68;0.50;0.014
15230.555;5657;-0.38;2.29;-858.29;-0.68;2.33;-162.85;-0.79;0.50;418;2;1;8;-0.76;0.30;0.32;0.11;-0.01;-0.02;0.08;-0.86;-0.50;2.43;-137.37;-0.70;0.50;0.027
15230.705;5670;-0.41;2.25;-863.75;-0.68;2.33;-162.85;-0.79;0.50;418;2;1;8;-0.75;0.30;0.34;0.09;-0.01;-0.04;-0.12;-0.69;-0.52;2.41;-139.86;-0.71;0.50;0.049
15230.765;5675;-0.42;2.24;-866.17;-0.68;2.33;-162.85;-0.79;0.50;418;2;1;8;-0.72;0.30;0.31;0.13;-0.01;-0.00;0.07;-0.96;-0.54;2.40;-142.39;-0.72;0.50;0.022
15230.865;5685;-0.44;2.21;-870.41;-0.68;2.33;-162.85;-0.79;0.50;418;2;1;8;-0.70;0.30;0.32;0.06;-0.01;-0.02;-0.05;-0.74;-0.55;2.39;-144.96;-0.73;0.50;0.010
15230.965;5694;-0.46;2.20;-874.25;-0.68;2.33;-162.85;-0.79;0.50;418;2;1;8;-0.68;0.30;0.31;0.03;-0.01;-0.01;0.00;-0.75;-0.57;2.38;-147.58;-0.74;0.50;0.020
15231.065;5704;-0.49;2.18;-878.18;-0.68;2.33;-162.85;-0.79;0.50;418;2;1;8;-0.66;0.30;0.27;0.02;-0.09;0.44;0.17;-0.80;-0.59;2.37;-150.25;-0.75;0.50;0.021
15231.185;5717;-0.53;2.17;-883.90;-0.68;2.33;-162.85;-0.79;0.50;418;2;1;8;-0.60;0.30;0.31;0.04;-0.01;0.03;0.08;-0.83;-0.61;2.36;-152.96;-0.75;0.50;0.033
15231.285;5727;-0.56;2.16;-887.22;-0.68;2.33;-162.85;-0.79;0.50;418;2;1;8;-0.60;0.29;0.30;0.00;-0.01;-0.06;-0.14;-0.42;-0.63;2.35;-155.73;-0.76;0.50;0.035
15231.385;5736;-0.58;2.15;-890.17;-0.68;2.33;-162.85;-0.79;0.50;418;2;1;8;-0.61;0.29;0.28;0.01;-0.01;0.05;0.09;-0.49;-0.65;2.34;-158.54;-0.77;0.50;0.042
15231.455;5745;-0.61;2.15;-892.46;-0.68;2.33;-162.85;-0.79;0.50;418;2;1;8;-0.64;0.28;0.30;-0.01;-0.00;-0.15;-0.28;-0.37;-0.67;2.33;-161.40;-0.78;0.50;0.007
15231.565;5756;-0.64;2.14;-896.42;-0.68;2.33;-162.85;-0.79;0.50;418;2;1;8;-0.62;0.27;0.29;0.01;-0.01;-0.07;-0.13;-0.55;-0.69;2.32;-164.30;-0.78;0.50;0.016
15231.655;5765;-0.67;2.14;-899.27;-0.68;2.33;-162.85;-0.79;0.50;418;2;1;8;-0.62;0.27;0.28;0.05;-0.01;0.18;0.25;-0.68;-0.71;2.32;-167.19;-0.78;0.50;0.015
15231.775;5776;-0.70;2.14;-902.46;-0.68;2.33;-162.85;-0.79;0.50;418;2;1;8;-0.62;0.26;0.28;-0.00;-0.00;-0.14;-0.19;-0.39;-0.73;2.32;-170.05;-0.77;0.50;0.027
15231.865;5784;-0.72;2.14;-905.02;-1.16;2.47;-227.55;-0.68;0.50;418;3;1;8;-0.62;0.25;0.25;-0.00;-0.01;0.08;0.08;-0.51;-0.75;2.31;-172.88;-0.77;0.50;0.021
15231.965;5795;-0.75;2.14;-907.46;-1.16;2.47;-227.55;-0.68;0.50;418;3;1;8;-0.17;0.26;0.26;-0.01;-0.00;-0.13;-0.15;-0.32;-0.77;2.31;-175.69;-0.77;0.50;0.021
15232.065;5804;-0.77;2.14;-908.49;-1.16;2.47;-227.55;-0.68;0.50;418;3;1;8;-0.20;0.27;0.26;0.00;-0.01;-0.01;-0.00;0.12;-0.77;2.31;-175.69;-0.77;0.50;0.017
15232.165;5814;-0.79;2.15;-908.02;-1.16;2.47;-227.55;-0.68;0.50;418;3;1;8;-0.35;0.28;0.25;0.01;-0.01;0.04;0.04;-0.01;-0.79;2.31;-178.48;-0.76;0.50;0.022
15232.265;5823;-0.82;2.15;-908.14;-1.16;2.47;-227.55;-0.68;0.50;418;3;1;8;-0.47;0.29;0.28;0.01;-0.01;-0.06;-0.06;-0.13;-0.81;2.31;-181.24;-0.76;0.50;0.028
15232.385;5837;-0.86;2.16;-910.03;-1.16;2.47;-227.55;-0.68;0.50;418;3;1;8;-0.56;0.30;0.30;0.00;-0.01;-0.07;-0.07;-0.28;-0.83;2.31;-183.98;-0.75;0.50;0.056
15232.505;5851;-0.90;2.16;-913.73;-1.16;2.47;-227.55;-0.68;0.50;418;3;1;8;-0.59;0.30;0.31;0.00;-0.01;-0.09;-0.08;-0.47;-0.85;2.31;-186.69;-0.75;0.50;0.058
15232.595;5856;-0.91;2.17;-914.92;-1.16;2.47;-227.55;-0.68;0.50;418;3;1;8;-0.61;0.30;0.31;-0.00;-0.00;-0.21;-0.17;-0.39;-0.87;2.32;-189.38;-0.74;0.50;0.048
15232.705;5871;-0.96;2.18;-919.59;-1.16;2.47;-227.55;-0.68;0.50;418;3;1;8;-0.60;0.30;0.31;0.01;-0.01;-0.16;-0.12;-0.43;-0.90;2.32;-192.04;-0.74;0.50;0.060
15232.765;5875;-0.97;2.18;-920.54;-1.16;2.47;-227.55;-0.68;0.50;418;3;1;8;-0.68;0.30;0.32;0.01;0.00;-0.01;-0.01;-0.37;-0.94;2.33;-197.30;-0.73;0.50;0.018
15232.865;5884;-1.00;2.19;-923.65;-1.16;2.47;-227.55;-0.68;0.50;418;3;1;8;-0.67;0.30;0.31;0.02;-0.01;-0.08;-0.05;-0.56;-0.96;2.34;-199.90;-0.73;0.50;0.020
15232.965;5894;-1.03;2.20;-926.53;-1.16;2.47;-227.55;-0.68;0.50;418;3;1;8;-0.69;0.30;0.28;0.02;-0.09;0.39;-0.19;-0.62;-0.98;2.35;-202.47;-0.72;0.50;0.021
15233.065;5903;-1.05;2.21;-929.31;-1.16;2.47;-227.55;-0.68;0.50;418;3;1;8;-0.69;0.30;0.31;0.02;-0.01;0.04;0.03;-0.46;-1.00;2.35;-205.02;-0.72;0.50;0.015
15233.165;5913;-1.08;2.22;-931.63;-1.16;2.47;-227.55;-0.68;0.50;418;3;1;8;-0.73;0.30;0.33;0.04;-0.00;0.04;0.01;-0.45;-1.02;2.36;-207.54;-0.71;0.50;0.014
15233.265;5926;-1.12;2.24;-935.56;-1.16;2.47;-227.55;-0.68;0.50;418;3;1;8;-0.73;0.30;0.34;0.06;-0.01;-0.12;-0.02;-0.49;-1.03;2.37;-210.05;-0.71;0.50;0.014
15233.355;5936;-1.15;2.25;-938.74;-1.16;2.47;-227.55;-0.68;0.50;418;3;1;8;-0.73;0.30;0.34;0.08;-0.01;0.03;0.02;-0.43;-1.05;2.38;-212.53;-0.70;0.50;0.017
15233.495;5950;-1.19;2.27;-943.27;-1.16;2.47;-227.55;-0.68;0.50;418;3;1;8;-0.72;0.30;0.34;0.10;-0.01;0.07;0.03;-0.49;-1.07;2.40;-214.99;-0.70;0.50;0.054
15233.585;5955;-1.21;2.28;-944.62;-1.16;2.47;-227.55;-0.68;0.50;418;3;1;8;-0.79;0.30;0.34;0.09;-0.01;-0.08;-0.02;-0.49;-1.11;2.42;-219.84;-0.69;0.50;0.029
15233.655;5964;-1.24;2.30;-947.88;-1.16;2.47;-227.55;-0.68;0.50;418;3;1;8;-0.79;0.30;0.33;0.11;-0.01;-0.00;0.01;-0.71;-1.12;2.44;-222.24;-0.69;0.50;0.013
15233.765;5974;-1.27;2.32;-952.19;-1.16;2.47;-227.55;-0.68;0.50;418;3;1;8;-0.75;0.30;0.34;0.11;-0.01;0.02;0.02;-0.69;-1.14;2.45;-224.61;-0.68;0.50;0.020
15233.885;5988;-1.30;2.35;-958.33;-1.16;2.47;-227.55;-0.68;0.50;418;3;1;8;-0.72;0.30;0.32;0.06;-0.08;0.32;-0.14;-0.96;-1.15;2.47;-226.96;-0.68;0.50;0.021
15233.995;5997;-1.32;2.37;-962.51;-1.16;2.47;-227.55;-0.68;0.50;418;3;1;8;-0.57;0.28;0.34;0.05;-0.03;0.20;0.09;-0.93;-1.17;2.48;-229.28;-0.67;0.50;0.054
15234.095;6008;-1.34;2.40;-966.40;-1.16;2.47;-227.55;-0.68;0.50;418;3;1;8;-0.51;0.27;0.29;0.06;-0.01;0.18;-0.04;-0.49;-1.18;2.50;-231.54;-0.65;0.50;0.054
15234.185;6016;-1.35;2.42;-967.67;-1.16;2.47;-227.55;-0.68;0.50;418;3;1;8;-0.53;0.26;0.28;0.02;-0.01;-0.02;0.00;-0.16;-1.19;2.51;-233.75;-0.64;0.50;0.038
15234.265;6026;-1.36;2.44;-968.79;-1.16;2.47;-227.55;-0.68;0.50;418;3;1;8;-0.56;0.25;0.24;-0.01;-0.09;0.13;-0.44;-0.37;-1.20;2.53;-235.90;-0.63;0.50;0.021
15234.355;6034;-1.37;2.46;-970.12;-1.16;2.47;-227.55;-0.68;0.50;418;3;1;8;-0.56;0.24;0.25;0.00;-0.01;-0.06;0.02;-0.26;-1.22;2.55;-238.00;-0.62;0.50;0.014
15234.465;6043;-1.38;2.48;-971.74;-1.16;2.47;-227.55;-0.68;0.50;418;3;1;8;-0.56;0.23;0.23;0.02;-0.01;0.13;-0.04;-0.36;-1.23;2.57;-240.04;-0.60;0.50;0.025
15234.585;6057;-1.39;2.51;-974.16;-1.16;2.47;-227.55;-0.68;0.50;418;3;1;8;-0.53;0.22;0.25;0.03;-0.04;0.26;0.04;-0.42;-1.24;2.59;-242.03;-0.59;0.50;0.046
15234.675;6068;-1.39;2.54;-975.99;-1.16;2.47;-227.55;-0.68;0.50;418;3;1;8;-0.51;0.22;0.22;-0.00;-0.01;-0.07;0.03;-0.21;-1.25;2.60;-243.96;-0.58;0.50;0.033
15234.785;6076;-1.40;2.55;-977.06;-1.16;2.47;-227.55;-0.68;0.50;418;3;1;8;-0.49;0.21;0.22;0.04;-0.01;0.09;-0.04;-0.25;-1.25;2.60;-243.96;-0.58;0.50;0.049
15234.885;6087;-1.41;2.58;-978.16;-1.16;2.47;-227.55;-0.68;0.50;418;3;1;8;-0.50;0.20;0.23;0.04;-0.04;0.29;0.05;-0.28;-1.26;2.62;-245.85;-0.57;0.50;0.041
15234.995;6099;-1.41;2.60;-979.15;-1.16;2.47;-227.55;-0.68;0.50;418;3;1;8;-0.53;0.19;0.20;0.01;-0.01;-0.13;0.07;-0.11;-1.26;2.64;-247.68;-0.55;0.50;0.066
15235.075;6104;-1.42;2.61;-979.83;-1.16;2.47;-227.55;-0.68;0.50;418;3;1;8;-0.55;0.18;0.19;0.04;-0.01;0.06;-0.03;-0.20;-1.27;2.66;-249.46;-0.54;0.50;0.028
15235.195;6119;-1.42;2.64;-981.46;-1.16;2.47;-227.55;-0.68;0.50;418;3;1;8;-0.56;0.18;0.18;0.04;-0.01;0.03;-0.02;-0.20;-1.28;2.68;-251.19;-0.53;0.50;0.041
15235.285;6129;-1.43;2.65;-982.41;-1.16;2.47;-227.55;-0.68;0.50;418;3;1;8;-0.52;0.17;0.18;0.00;-0.01;0.05;-0.02;-0.24;-1.28;2.68;-251.19;-0.53;0.50;0.043
15235.355;6133;-1.43;2.66;-982.97;-1.16;2.47;-227.55;-0.68;0.50;418;3;1;8;-0.54;0.17;0.17;0.04;-0.01;0.05;-0.03;-0.18;-1.29;2.70;-252.87;-0.52;0.50;0.014
15235.465;6143;-1.44;2.68;-983.75;-1.16;2.47;-227.55;-0.68;0.50;418;3;1;8;-0.56;0.16;0.18;0.04;-0.04;0.30;0.02;-0.26;-1.29;2.72;-254.50;-0.50;0.50;0.025
15235.595;6158;-1.44;2.70;-985.17;-1.16;2.47;-227.55;-0.68;0.50;418;3;1;8;-0.51;0.16;0.18;0.03;-0.04;0.30;0.01;-0.28;-1.29;2.72;-254.50;-0.50;0.50;0.045
15235.665;6167;-1.44;2.72;-985.92;-1.16;2.47;-227.55;-0.68;0.50;418;3;1;8;-0.53;0.15;0.16;0.02;-0.01;-0.08;0.05;-0.08;-1.30;2.74;-256.08;-0.49;0.50;0.021
15235.785;6177;-1.45;2.73;-986.58;-1.16;2.47;-227.55;-0.68;0.50;418;3;1;8;-0.55;0.15;0.14;-0.00;-0.01;0.02;-0.01;-0.07;-1.30;2.77;-257.62;-0.48;0.50;0.040
15235.905;6191;-1.45;2.75;-987.22;-1.16;2.47;-227.55;-0.68;0.50;418;3;1;8;-0.52;0.14;0.14;0.00;-0.01;-0.01;0.00;-0.04;-1.30;2.77;-257.62;-0.48;0.50;0.061
15235.995;6200;-1.45;2.76;-987.59;-1.16;2.47;-227.55;-0.68;0.50;418;3;1;8;-0.56;0.14;0.14;0.03;-0.01;0.04;-0.03;-0.09;-1.31;2.79;-259.11;-0.47;0.50;0.047
15236.065;6204;-1.45;2.77;-987.76;-1.16;2.47;-227.55;-0.68;0.50;418;3;1;8;-0.55;0.14;0.14;0.03;-0.01;-0.06;0.04;-0.07;-1.31;2.79;-259.11;-0.47;0.50;0.026
15236.165;6215;-1.45;2.78;-988.54;-1.16;2.47;-227.55;-0.68;0.50;418;3;1;8;-0.56;0.13;0.13;0.03;-0.01;0.00;-0.01;-0.11;-1.31;2.81;-260.55;-0.45;0.50;0.035
15236.255;6223;-1.46;2.79;-988.99;-1.16;2.47;-227.55;-0.68;0.50;418;3;1;8;-0.55;0.13;0.13;0.00;-0.01;0.04;-0.03;-0.19;-1.31;2.81;-260.55;-0.45;0.50;0.017
15236.405;6238;-1.46;2.81;-989.80;-1.34;3.23;104.65;0.57;0.50;121;1;1;7;-0.56;0.13;0.11;0.00;-0.01;0.06;-0.04;-0.12;-1.31;2.83;-261.95;-0.44;0.50;0.035
15236.465;6246;-1.46;2.82;-990.00;-1.34;3.23;104.65;0.57;0.50;121;1;1;7;-0.37;0.14;0.13;-0.00;-0.01;-0.07;0.05;-0.02;-1.31;2.97;90.00;0.07;0.06;0.025
15236.595;6257;-1.46;2.84;-989.91;-1.34;3.23;104.65;0.57;0.50;121;1;1;7;-0.35;0.15;0.14;-0.00;-0.01;-0.07;0.05;0.09;-1.31;2.97;90.00;0.07;0.06;0.051
15236.675;6265;-1.46;2.85;-989.81;-1.34;3.23;104.65;0.57;0.50;121;1;1;7;-0.33;0.16;0.13;0.00;-0.01;0.03;-0.03;0.03;-1.31;2.97;90.00;0.07;0.06;0.031
15236.795;6279;-1.46;2.87;-989.61;-1.34;3.23;104.65;0.57;0.50;121;1;1;7;-0.30;0.16;0.14;0.00;-0.01;0.03;-0.03;-0.02;-1.31;2.97;90.00;0.07;0.06;0.055
15236.865;6284;-1.46;2.87;-989.54;-1.34;3.23;104.65;0.57;0.50;121;1;1;7;-0.28;0.17;0.15;0.00;-0.01;-0.00;-0.01;0.05;-1.31;2.97;90.00;0.07;0.06;0.023
15236.965;6294;-1.46;2.89;-989.42;-1.34;3.23;104.65;0.57;0.50;121;1;1;7;-0.26;0.17;0.15;0.00;-0.01;0.04;-0.03;-0.02;-1.31;2.97;90.00;0.07;0.06;0.024
15237.065;6307;-1.46;2.91;-989.28;-1.34;3.23;104.65;0.57;0.50;121;1;1;7;-0.24;0.17;0.15;-0.00;-0.01;0.02;-0.02;0.01;-1.31;2.97;90.00;0.07;0.06;0.023
15237.235;6321;-1.46;2.93;-989.12;-1.34;3.23;104.65;0.57;0.50;121;1;1;7;-0.18;0.17;0.16;-0.00;-0.01;0.02;-0.02;0.00;-1.31;2.97;90.00;0.07;0.06;0.091
15237.275;6326;-1.46;2.94;-989.09;-1.34;3.23;104.65;0.57;0.50;121;1;1;7;-0.17;0.16;0.16;-0.00;-0.01;0.02;-0.02;0.02;-1.31;2.97;90.00;0.07;0.06;0.033
15237.365;6336;-1.46;2.96;-988.86;-1.34;3.23;104.65;0.57;0.50;121;1;1;7;-0.15;0.16;0.15;-0.00;-0.01;0.02;-0.02;0.04;-1.31;2.97;90.00;0.07;0.06;0.021
15237.495;6347;-1.46;2.97;-988.62;-1.34;3.23;104.65;0.57;0.50;121;1;1;7;-0.13;0.15;0.14;-0.00;-0.01;0.01;-0.02;0.03;-1.31;2.97;90.00;0.07;0.06;0.054
15237.565;6355;-1.46;2.98;-988.47;-1.34;3.23;104.65;0.57;0.50;121;1;1;7;-0.11;0.14;0.14;-0.00;-0.00;0.01;-0.02;0.04;-1.31;2.97;90.00;0.07;0.06;0.024
15237.665;6366;-1.46;3.00;-988.22;-1.34;3.23;104.65;0.57;0.50;121;1;1;7;-0.04;0.13;0.13;-0.00;-0.00;0.01;-0.01;0.04;-1.31;2.98;90.12;0.14;0.12;0.029
15237.795;6379;-1.46;3.01;-988.02;-1.34;3.23;104.65;0.57;0.50;121;1;1;7;0.03;0.13;0.13;-0.00;-0.00;-0.01;-0.01;0.02;-1.31;3.00;90.54;0.21;0.18;0.053
15237.885;6384;-1.46;3.02;-987.90;-1.34;3.23;104.65;0.57;0.50;121;1;1;7;0.07;0.13;0.13;-0.00;-0.00;-0.01;-0.01;0.06;-1.31;3.02;91.07;0.25;0.22;0.047
15237.955;6394;-1.46;3.03;-987.58;-1.34;3.23;104.65;0.57;0.50;121;1;1;7;0.12;0.14;0.13;-0.00;-0.00;-0.01;-0.00;0.06;-1.31;3.04;91.87;0.30;0.26;0.017
15238.065;6403;-1.46;3.05;-987.21;-1.34;3.23;104.65;0.57;0.50;121;1;1;7;0.15;0.14;0.14;-0.00;-0.00;-0.01;0.00;0.08;-1.31;3.05;92.38;0.32;0.28;0.020
15238.185;6417;-1.46;3.07;-986.65;-1.34;3.23;104.65;0.57;0.50;121;1;1;7;0.21;0.15;0.14;0.00;-0.00;-0.01;0.01;0.06;-1.31;3.08;93.67;0.37;0.32;0.034
15238.275;6425;-1.46;3.08;-986.35;-1.34;3.23;104.65;0.57;0.50;121;1;1;7;0.25;0.16;0.14;-0.00;-0.00;0.01;0.01;0.06;-1.31;3.09;94.46;0.39;0.34;0.034
15238.395;6439;-1.46;3.10;-985.82;-1.34;3.23;104.65;0.57;0.50;121;1;1;7;0.30;0.17;0.15;-0.00;-0.00;0.01;0.01;0.07;-1.32;3.11;95.35;0.41;0.36;0.051
15238.495;6449;-1.46;3.11;-985.35;-1.34;3.23;104.65;0.57;0.50;121;1;1;7;0.34;0.18;0.16;-0.00;-0.00;0.01;0.01;0.09;-1.32;3.12;96.36;0.44;0.38;0.048
15238.565;6455;-1.46;3.12;-985.02;-1.34;3.23;104.65;0.57;0.50;121;1;1;7;0.38;0.19;0.16;-0.01;-0.01;0.02;0.02;0.12;-1.32;3.14;97.48;0.46;0.40;0.024
15238.665;6463;-1.46;3.14;-984.54;-1.34;3.23;104.65;0.57;0.50;121;1;1;7;0.43;0.21;0.19;0.00;-0.01;0.04;0.04;0.17;-1.32;3.16;98.73;0.48;0.42;0.022
15238.775;6474;-1.47;3.16;-983.50;-1.34;3.23;104.65;0.57;0.50;121;1;1;7;0.53;0.23;0.21;0.00;-0.01;0.04;0.04;0.21;-1.33;3.19;101.64;0.53;0.46;0.022
15238.855;6482;-1.47;3.17;-982.53;-1.34;3.23;104.65;0.57;0.50;121;1;1;7;0.57;0.25;0.22;-0.00;-0.01;-0.01;-0.01;0.24;-1.34;3.21;103.30;0.55;0.48;0.010
15238.965;6497;-1.47;3.21;-979.82;-1.68;3.61;162.85;0.79;0.50;121;2;1;7;0.59;0.26;0.25;-0.00;-0.01;-0.07;-0.07;0.28;-1.34;3.23;105.11;0.57;0.50;0.021
15239.075;6506;-1.48;3.23;-977.55;-1.68;3.61;162.85;0.79;0.50;121;2;1;7;0.79;0.27;0.25;-0.01;-0.01;0.07;0.08;0.47;-1.35;3.25;106.99;0.58;0.50;0.033
15239.175;6516;-1.48;3.25;-974.17;-1.68;3.61;162.85;0.79;0.50;121;2;1;7;0.79;0.28;0.28;-0.01;-0.00;-0.08;-0.10;0.68;-1.36;3.29;110.86;0.60;0.50;0.021
15239.285;6528;-1.49;3.29;-969.26;-1.68;3.61;162.85;0.79;0.50;121;2;1;7;0.79;0.28;0.27;-0.05;-0.01;0.10;0.15;0.76;-1.38;3.33;114.88;0.61;0.50;0.044
15239.375;6538;-1.50;3.32;-965.74;-1.68;3.61;162.85;0.79;0.50;121;2;1;7;0.79;0.29;0.32;-0.02;-0.01;-0.12;-0.23;0.49;-1.39;3.35;116.95;0.62;0.50;0.036
15239.495;6547;-1.51;3.34;-961.92;-1.68;3.61;162.85;0.79;0.50;121;2;1;7;0.79;0.29;0.29;-0.02;-0.01;0.06;0.10;0.72;-1.41;3.39;121.20;0.64;0.50;0.053
15239.565;6553;-1.51;3.36;-959.71;-1.68;3.61;162.85;0.79;0.50;121;2;1;7;0.79;0.30;0.31;-0.03;-0.01;-0.03;-0.06;0.58;-1.42;3.41;123.38;0.65;0.50;0.011
15239.655;6563;-1.53;3.39;-955.96;-1.68;3.61;162.85;0.79;0.50;121;2;1;7;0.79;0.30;0.31;-0.06;-0.01;0.05;0.09;0.79;-1.45;3.44;127.88;0.67;0.50;0.010
15239.765;6577;-1.55;3.43;-950.31;-1.68;3.61;162.85;0.79;0.50;121;2;1;7;0.79;0.30;0.33;-0.07;-0.01;0.02;0.02;0.72;-1.47;3.48;132.54;0.68;0.50;0.022
15239.845;6582;-1.56;3.44;-948.29;-1.68;3.61;162.85;0.79;0.50;121;2;1;7;0.79;0.30;0.34;-0.09;-0.01;-0.00;0.06;0.79;-1.50;3.51;137.37;0.70;0.50;0.009
15239.965;6597;-1.58;3.49;-941.75;-1.68;3.61;162.85;0.79;0.50;121;2;1;7;0.79;0.30;0.35;-0.10;-0.01;0.00;-0.18;0.70;-1.52;3.52;139.86;0.71;0.50;0.030
15240.075;6606;-1.60;3.52;-937.20;-1.68;3.61;162.85;0.79;0.50;121;2;1;7;0.79;0.30;0.32;-0.12;-0.01;0.01;0.05;0.87;-1.55;3.55;144.96;0.73;0.50;0.019
15240.165;6616;-1.62;3.54;-932.59;-1.68;3.61;162.85;0.79;0.50;121;2;1;7;0.79;0.30;0.33;-0.13;-0.01;0.03;0.08;0.97;-1.59;3.57;150.25;0.75;0.50;0.019
15240.255;6626;-1.64;3.57;-927.21;-1.68;3.61;162.85;0.79;0.50;121;2;1;7;0.79;0.30;0.32;-0.12;-0.01;0.00;0.09;0.80;-1.63;3.59;155.73;0.76;0.50;0.011
15240.355;6635;-1.66;3.59;-922.85;-2.16;3.47;227.55;0.68;0.50;121;3;1;7;0.79;0.30;0.30;-0.05;-0.07;-0.41;0.15;1.08;-1.67;3.60;161.40;0.78;0.50;0.008
15240.455;6645;-1.69;3.60;-916.96;-2.16;3.47;227.55;0.68;0.50;121;3;1;7;0.78;0.30;0.31;-0.04;-0.01;0.00;0.02;1.10;-1.67;3.60;161.40;0.78;0.50;0.015
15240.555;6654;-1.72;3.61;-911.96;-2.16;3.47;227.55;0.68;0.50;121;3;1;7;0.77;0.30;0.29;-0.02;-0.07;-0.43;0.08;1.11;-1.71;3.62;167.19;0.78;0.50;0.009
15240.665;6663;-1.74;3.62;-907.01;-2.16;3.47;227.55;0.68;0.50;121;3;1;7;0.74;0.30;0.27;0.00;-0.11;-0.46;-0.18;0.94;-1.75;3.62;172.88;0.77;0.50;0.017
15240.755;6673;-1.77;3.63;-901.30;-2.16;3.47;227.55;0.68;0.50;121;3;1;7;0.65;0.30;0.30;-0.08;-0.01;-0.18;0.26;1.09;-1.77;3.62;175.69;0.77;0.50;0.008
15240.865;6683;-1.80;3.63;-896.02;-2.16;3.47;227.55;0.68;0.50;121;3;1;7;0.61;0.30;0.34;-0.07;-0.04;-0.06;0.29;0.94;-1.81;3.63;181.24;0.76;0.50;0.014
15240.965;6694;-1.84;3.63;-891.57;-2.16;3.47;227.55;0.68;0.50;121;3;1;7;0.57;0.30;0.31;0.01;-0.01;0.14;-0.16;0.53;-1.83;3.62;183.98;0.75;0.50;0.018
15241.065;6707;-1.87;3.62;-887.48;-2.16;3.47;227.55;0.68;0.50;121;3;1;7;0.57;0.30;0.30;-0.00;-0.01;0.04;-0.04;0.41;-1.85;3.62;186.69;0.75;0.50;0.012
15241.165;6713;-1.89;3.62;-886.16;-2.16;3.47;227.55;0.68;0.50;121;3;1;7;0.65;0.30;0.31;-0.01;0.00;0.00;0.01;0.44;-1.90;3.61;192.04;0.74;0.50;0.014
15241.265;6726;-1.93;3.61;-882.26;-2.16;3.47;227.55;0.68;0.50;121;3;1;7;0.64;0.30;0.30;-0.00;-0.00;0.08;-0.07;0.49;-1.92;3.61;194.68;0.73;0.50;0.020
15241.375;6736;-1.96;3.60;-879.52;-2.16;3.47;227.55;0.68;0.50;121;3;1;7;0.66;0.30;0.29;-0.02;-0.01;-0.11;0.07;0.52;-1.94;3.60;197.30;0.73;0.50;0.023
15241.465;6745;-1.98;3.59;-877.12;-2.16;3.47;227.55;0.68;0.50;121;3;1;7;0.72;0.30;0.31;-0.01;-0.01;0.07;-0.05;0.38;-1.98;3.59;202.47;0.72;0.50;0.023
15241.545;6755;-2.01;3.58;-874.51;-2.16;3.47;227.55;0.68;0.50;121;3;1;7;0.79;0.30;0.29;-0.06;-0.01;-0.04;0.03;0.61;-2.02;3.57;207.54;0.71;0.50;0.007
15241.655;6764;-2.04;3.57;-871.43;-2.16;3.47;227.55;0.68;0.50;121;3;1;7;0.79;0.30;0.32;-0.05;-0.01;-0.07;0.02;0.65;-2.03;3.56;210.05;0.71;0.50;0.010
15241.765;6775;-2.07;3.56;-867.59;-2.16;3.47;227.55;0.68;0.50;121;3;1;7;0.79;0.30;0.32;-0.07;-0.01;-0.06;0.04;0.71;-2.07;3.54;214.99;0.70;0.50;0.015
15241.855;6783;-2.10;3.55;-864.67;-2.16;3.47;227.55;0.68;0.50;121;3;1;7;0.79;0.30;0.34;-0.07;-0.01;0.00;0.00;0.54;-2.09;3.53;217.43;0.69;0.50;0.015
15241.945;6793;-2.13;3.53;-860.77;-2.16;3.47;227.55;0.68;0.50;121;3;1;7;0.79;0.30;0.32;-0.09;-0.01;-0.09;0.03;0.73;-2.11;3.51;219.84;0.69;0.50;0.006
15242.065;6803;-2.16;3.52;-857.21;-2.16;3.47;227.55;0.68;0.50;121;3;1;7;0.79;0.30;0.35;-0.10;-0.01;0.17;-0.01;0.61;-2.14;3.48;224.61;0.68;0.50;0.024
15242.185;6818;-2.21;3.49;-850.71;-2.16;3.47;227.55;0.68;0.50;121;3;1;7;0.79;0.30;0.33;-0.11;-0.01;0.00;0.01;0.72;-2.17;3.45;229.28;0.67;0.50;0.024
15242.315;6831;-2.25;3.47;-845.02;-2.16;3.47;227.55;0.68;0.50;121;3;1;7;0.67;0.30;0.33;-0.11;-0.01;-0.06;0.02;0.68;-2.17;3.45;229.28;0.67;0.50;0.061
15242.385;6835;-2.26;3.46;-843.67;-2.16;3.47;227.55;0.68;0.50;121;3;1;7;0.73;0.30;0.32;-0.10;-0.01;0.08;0.01;0.51;-2.19;3.42;233.75;0.64;0.50;0.041
15242.485;6846;-2.28;3.43;-840.16;-2.16;3.47;227.55;0.68;0.50;121;3;1;7;0.74;0.30;0.31;-0.04;-0.01;-0.14;0.00;0.64;-2.22;3.39;238.00;0.62;0.50;0.045
15242.585;6859;-2.30;3.40;-834.00;-2.16;3.47;227.55;0.68;0.50;121;3;1;7;0.58;0.30;0.32;-0.02;-0.02;0.11;0.03;0.83;-2.23;3.37;240.04;0.60;0.50;0.039
15242.655;6865;-2.31;3.38;-831.95;-2.16;3.47;227.55;0.68;0.50;121;3;1;7;0.56;0.30;0.32;-0.05;-0.04;-0.25;0.07;0.63;-2.24;3.35;242.03;0.59;0.50;0.016
15242.775;6877;-2.32;3.35;-829.09;-2.16;3.47;227.55;0.68;0.50;121;3;1;7;0.52;0.29;0.30;0.00;-0.01;0.08;0.02;0.32;-2.25;3.33;243.96;0.58;0.50;0.038
15252.945;7892;-2.35;3.30;-824.03;-2.31;3.14;-90.00;0.00;0.50;763;1;1;0;0.52;0.29;0.00;-0.00;-0.00;-0.00;0.00;0.00;-2.26;3.31;245.85;0.57;0.50;0.007
