t;frame;x;y;z;x_ref;y_ref;z_ref;delta_ref;u_ref;state;ellipse;control;action;delta;u;vx;vy;vz;wx;wy;wz;xr;yr;zr;delr;ur;obs1x;obs1y;obs2x;obs2y
1595879997.666;11;1.08;2.28;2.58;0.95;2.35;0.00;0.00;-0.50;356;0;1;2;0.30;-0.04;0.00;0.00;0.00;0.00;0.00;0.00;0.95;2.35;0.00;0.00;-0.50;0.030;-100.00;-100.00;-0.52;-1.92
1595879997.746;19;1.08;2.28;2.61;0.95;2.35;0.00;0.00;-0.50;356;0;1;2;0.30;-0.08;0.00;0.00;0.00;0.00;0.00;0.00;0.95;2.35;0.00;0.00;-0.50;0.011;-100.00;-100.00;-0.52;-1.92
1595879997.846;29;1.08;2.28;2.64;0.95;2.35;0.00;0.00;-0.50;356;0;1;2;0.30;-0.11;0.00;0.00;0.00;0.00;0.02;-0.02;0.95;2.35;0.00;0.00;-0.50;0.011;-100.00;-100.00;-0.52;-1.92
1595879997.946;39;1.08;2.28;2.24;0.95;2.35;0.00;0.00;-0.50;356;0;1;2;0.28;-0.15;-0.04;0.00;0.00;0.00;0.03;-0.06;0.95;2.35;0.00;0.00;-0.50;0.012;-100.00;-100.00;-0.52;-1.92
1595879998.046;49;1.07;2.28;1.66;0.85;2.35;-0.00;0.00;-0.50;356;1;1;2;0.25;-0.18;-0.07;0.00;0.00;-0.00;0.02;-0.10;0.95;2.35;0.00;0.00;-0.50;0.011;-100.00;-100.00;-0.52;-1.92
1595879998.143;59;1.06;2.28;1.23;0.85;2.35;-0.00;0.00;-0.50;356;1;1;2;0.23;-0.20;-0.10;0.00;0.00;-0.00;0.02;-0.12;0.95;2.35;0.00;0.00;-0.50;0.009;-100.00;-100.00;-0.52;-1.92
1595879998.243;69;1.04;2.28;0.23;0.85;2.35;-0.00;0.00;-0.50;356;1;1;2;0.18;-0.23;-0.15;0.00;0.00;0.01;-0.00;-0.13;0.95;2.35;0.00;0.00;-0.50;0.009;-100.00;-100.00;-0.52;-1.92
1595879998.343;79;1.02;2.28;-0.42;0.85;2.35;-0.00;0.00;-0.50;356;1;1;2;0.15;-0.25;-0.22;0.00;0.00;0.02;-0.01;-0.12;0.95;2.35;0.00;0.00;-0.50;0.008;-100.00;-100.00;-0.52;-1.92
1595879998.443;89;1.00;2.28;-1.06;0.85;2.35;-0.00;0.00;-0.50;356;1;1;2;0.13;-0.27;-0.19;0.00;0.00;0.02;0.02;-0.10;0.95;2.35;0.00;0.00;-0.50;0.008;-100.00;-100.00;-0.52;-1.92
1595879998.543;99;0.98;2.28;-1.63;0.85;2.35;-0.00;0.00;-0.50;356;1;1;2;0.10;-0.28;-0.16;0.00;0.00;0.00;-0.01;-0.08;0.95;2.35;0.00;0.00;-0.50;0.009;-100.00;-100.00;-0.52;-1.92
1595879998.643;108;0.96;2.28;-2.05;0.76;2.35;-0.00;0.00;-0.50;356;2;1;2;0.08;-0.29;-0.30;0.00;0.00;-0.01;0.00;-0.08;0.95;2.35;0.00;0.00;-0.50;0.008;-100.00;-100.00;-0.52;-1.92
1595879998.740;118;0.94;2.28;-2.42;0.76;2.35;-0.00;0.00;-0.50;356;2;1;2;0.06;-0.30;-0.25;0.00;0.00;-0.01;0.00;-0.07;0.94;2.35;-0.00;0.00;-0.50;0.006;-100.00;-100.00;-0.52;-1.92
1595879998.840;128;0.91;2.28;-2.67;0.76;2.35;-0.00;0.00;-0.50;356;2;1;2;0.04;-0.31;-0.27;0.00;0.00;-0.01;0.00;-0.05;0.91;2.35;-0.00;0.00;-0.50;0.005;-100.00;-100.00;-0.52;-1.92
1595879998.967;141;0.88;2.28;-2.94;0.65;2.35;0.00;0.00;0.50;214;0;1;1;0.02;-0.32;-0.35;0.00;0.00;-0.00;-0.00;-0.03;0.89;2.35;-0.00;0.00;-0.50;0.018;-100.00;-100.00;-0.52;-1.92
1595879999.060;150;0.85;2.28;-3.15;0.95;2.35;-0.00;0.11;0.00;356;1;1;5;0.32;-0.28;-0.29;0.00;0.00;0.01;0.00;-0.04;0.86;2.35;0.00;0.00;0.50;0.014;-100.00;-100.00;-0.52;-1.92
1595879999.143;159;0.83;2.28;-3.78;1.14;2.37;13.57;0.65;0.50;356;2;1;5;0.18;-0.25;-0.29;0.00;0.00;0.01;-0.01;-0.08;0.95;2.35;0.04;0.18;0.07;0.008;-100.00;-100.00;-0.52;-1.92
1595879999.240;168;0.81;2.28;-5.14;1.14;2.37;13.57;0.65;0.50;356;2;1;5;0.12;-0.22;-0.28;0.00;0.00;0.02;-0.01;-0.18;0.95;2.35;0.04;0.18;0.07;0.006;-100.00;-100.00;-0.52;-1.92
1595879999.340;178;0.79;2.28;-5.69;1.14;2.37;13.57;0.65;0.50;356;2;1;5;0.09;-0.18;-0.18;0.00;0.00;0.01;-0.04;-0.08;0.95;2.35;0.04;0.18;0.07;0.006;-100.00;-100.00;-0.52;-1.92
1595879999.440;188;0.77;2.29;-5.92;1.14;2.37;13.57;0.65;0.50;356;2;1;5;0.05;-0.14;-0.22;0.00;0.00;-0.00;0.00;-0.03;0.95;2.35;0.04;0.18;0.07;0.006;-100.00;-100.00;-0.52;-1.92
1595879999.540;198;0.76;2.29;-5.87;1.14;2.37;13.57;0.65;0.50;356;2;1;5;0.02;-0.10;-0.18;0.00;0.00;-0.00;0.01;-0.01;0.95;2.35;0.04;0.18;0.07;0.005;-100.00;-100.00;-0.52;-1.92
1595879999.640;208;0.75;2.29;-5.84;1.14;2.37;13.57;0.65;0.50;356;2;1;5;-0.01;-0.06;-0.14;0.00;0.00;0.00;-0.02;0.00;0.95;2.35;0.04;0.18;0.07;0.006;-100.00;-100.00;-0.52;-1.92
1595879999.740;218;0.74;2.29;-5.95;1.14;2.37;13.57;0.65;0.50;356;2;1;5;-0.02;-0.02;-0.08;0.00;0.00;0.00;0.00;0.00;0.95;2.35;0.04;0.18;0.07;0.005;-100.00;-100.00;-0.52;-1.92
1595879999.840;228;0.74;2.29;-5.86;1.14;2.37;13.57;0.65;0.50;356;2;1;5;-0.03;0.01;-0.06;0.00;0.00;0.00;-0.00;0.01;0.95;2.35;0.04;0.18;0.07;0.006;-100.00;-100.00;-0.52;-1.92
1595879999.940;238;0.74;2.29;-5.78;1.14;2.37;13.57;0.65;0.50;356;2;1;5;-0.03;0.05;-0.03;0.00;0.00;0.01;0.00;0.02;0.95;2.35;0.04;0.18;0.07;0.006;-100.00;-100.00;-0.52;-1.92
1595880000.040;248;0.74;2.29;-5.77;1.14;2.37;13.57;0.65;0.50;356;2;1;5;-0.03;0.08;0.01;0.00;0.00;0.00;-0.01;-0.01;0.95;2.35;0.04;0.18;0.07;0.005;-100.00;-100.00;-0.52;-1.92
1595880000.140;258;0.74;2.29;-5.87;1.14;2.37;13.57;0.65;0.50;356;2;1;5;-0.01;0.11;0.03;0.00;0.00;0.01;-0.00;-0.00;0.95;2.35;0.04;0.18;0.07;0.005;-100.00;-100.00;-0.52;-1.92
1595880000.240;268;0.75;2.29;-6.06;1.14;2.37;13.57;0.65;0.50;356;2;1;5;0.02;0.14;0.05;0.00;0.00;0.00;-0.00;-0.00;0.95;2.35;0.04;0.18;0.07;0.005;-100.00;-100.00;-0.52;-1.92
1595880000.340;278;0.76;2.29;-5.90;1.14;2.37;13.57;0.65;0.50;356;2;1;5;0.03;0.16;0.08;0.00;0.00;0.01;0.01;0.01;0.95;2.35;0.04;0.18;0.07;0.005;-100.00;-100.00;-0.52;-1.92
1595880000.440;288;0.77;2.29;-5.75;1.14;2.37;13.57;0.65;0.50;356;2;1;5;0.06;0.18;0.11;0.00;0.00;0.01;0.01;0.01;0.95;2.35;0.04;0.18;0.07;0.005;-100.00;-100.00;-0.52;-1.92
1595880000.540;298;0.79;2.28;-5.81;1.14;2.37;13.57;0.65;0.50;356;2;1;5;0.10;0.20;0.14;0.00;0.00;0.00;0.02;0.00;0.95;2.35;0.04;0.18;0.07;0.005;-100.00;-100.00;-0.52;-1.92
1595880000.640;308;0.80;2.28;-5.74;1.14;2.37;13.57;0.65;0.50;356;2;1;5;0.13;0.22;0.16;0.00;0.00;0.00;0.00;0.04;0.95;2.35;0.04;0.18;0.07;0.006;-100.00;-100.00;-0.52;-1.92
1595880000.740;318;0.82;2.28;-5.31;1.14;2.37;13.57;0.65;0.50;356;2;1;5;0.16;0.24;0.23;0.00;0.00;-0.00;0.02;0.07;0.95;2.35;0.04;0.18;0.07;0.005;-100.00;-100.00;-0.52;-1.92
1595880000.840;328;0.84;2.28;-4.77;1.14;2.37;13.57;0.65;0.50;356;2;1;5;0.19;0.25;0.20;0.00;0.00;-0.01;0.00;0.07;0.95;2.35;0.04;0.18;0.07;0.006;-100.00;-100.00;-0.52;-1.92
1595880000.940;338;0.86;2.28;-4.54;1.14;2.37;13.57;0.65;0.50;356;2;1;5;0.23;0.25;0.21;0.00;0.00;-0.01;0.02;0.09;0.95;2.35;0.04;0.18;0.07;0.006;-100.00;-100.00;-0.52;-1.92
1595880001.040;348;0.88;2.27;-3.65;1.14;2.37;13.57;0.65;0.50;356;2;1;5;0.25;0.26;0.29;0.00;0.00;0.01;-0.01;0.13;0.95;2.35;0.04;0.18;0.07;0.005;-100.00;-100.00;-0.52;-1.92
1595880001.140;358;0.91;2.27;-2.87;1.14;2.37;13.57;0.65;0.50;356;2;1;5;0.27;0.26;0.24;0.00;0.00;0.01;0.01;0.14;0.95;2.35;0.04;0.18;0.07;0.005;-100.00;-100.00;-0.52;-1.92
1595880001.240;368;0.93;2.27;-2.08;1.14;2.37;13.57;0.65;0.50;356;2;1;5;0.30;0.25;0.24;0.00;0.00;0.02;-0.01;0.15;0.95;2.35;0.04;0.18;0.07;0.005;-100.00;-100.00;-0.52;-1.92
1595880001.340;378;0.95;2.27;-1.11;1.14;2.37;13.57;0.65;0.50;356;2;1;5;0.35;0.25;0.30;0.00;0.00;0.01;0.02;0.17;0.96;2.35;0.16;0.22;0.11;0.005;-100.00;-100.00;-0.52;-1.92
1595880001.440;389;0.97;2.27;0.23;1.14;2.37;13.57;0.65;0.50;356;2;1;5;0.42;0.25;0.24;0.00;0.00;0.02;0.00;0.22;0.98;2.35;0.78;0.31;0.19;0.005;-100.00;-100.00;-0.52;-1.92
1595880001.540;398;0.99;2.27;1.49;1.14;2.37;13.57;0.65;0.50;356;2;1;5;0.45;0.25;0.24;0.00;0.00;-0.00;0.02;0.27;0.99;2.35;1.37;0.35;0.23;0.005;-100.00;-100.00;-0.52;-1.92
1595880001.640;408;1.01;2.27;3.33;1.45;2.58;54.67;0.68;0.50;356;3;1;5;0.47;0.25;0.24;0.00;0.00;-0.01;0.01;0.29;1.01;2.35;2.20;0.40;0.27;0.005;-100.00;-100.00;-0.52;-1.92
1595880001.738;418;1.04;2.27;5.45;1.45;2.58;54.67;0.68;0.50;356;3;1;5;0.35;0.25;0.18;0.00;0.00;0.01;0.03;0.33;1.02;2.35;3.30;0.44;0.31;0.003;-100.00;-100.00;-0.52;-1.92
1595880001.837;428;1.06;2.27;6.97;1.45;2.58;54.67;0.68;0.50;356;3;1;5;0.40;0.26;0.24;0.00;0.00;0.02;0.01;0.27;1.04;2.35;4.72;0.49;0.35;0.003;-100.00;-100.00;-0.52;-1.92
1595880001.937;438;1.08;2.27;8.21;1.45;2.58;54.67;0.68;0.50;356;3;1;5;0.46;0.27;0.24;0.00;0.00;-0.01;-0.01;0.27;1.07;2.35;6.50;0.53;0.39;0.003;-100.00;-100.00;-0.52;-1.92
1595880002.037;448;1.10;2.28;10.18;1.45;2.58;54.67;0.68;0.50;356;3;1;5;0.50;0.28;0.18;0.00;0.00;-0.00;-0.01;0.33;1.09;2.36;8.68;0.57;0.43;0.003;-100.00;-100.00;-0.52;-1.92
1595880002.142;458;1.12;2.28;12.56;1.45;2.58;54.67;0.68;0.50;356;3;1;5;0.51;0.29;0.25;0.00;0.00;0.02;0.00;0.41;1.10;2.36;9.93;0.60;0.45;0.006;-100.00;-100.00;-0.52;-1.92
1595880002.237;468;1.14;2.28;15.03;1.45;2.58;54.67;0.68;0.50;356;3;1;5;0.54;0.30;0.26;0.00;0.00;0.01;-0.02;0.44;1.13;2.37;12.78;0.64;0.49;0.003;-100.00;-100.00;-0.52;-1.92
1595880002.337;478;1.17;2.29;17.84;1.45;2.58;54.67;0.68;0.50;356;3;1;5;0.53;0.31;0.21;0.00;0.00;0.03;0.01;0.50;1.15;2.37;14.37;0.65;0.50;0.003;-100.00;-100.00;-0.52;-1.92
1595880002.437;488;1.19;2.30;21.07;1.45;2.58;54.67;0.68;0.50;356;3;1;5;0.50;0.32;0.28;0.00;0.00;0.04;-0.00;0.52;1.16;2.37;15.98;0.65;0.50;0.003;-100.00;-100.00;-0.52;-1.92
1595880002.537;498;1.22;2.31;23.91;1.45;2.58;54.67;0.68;0.50;356;3;1;5;0.50;0.33;0.30;0.00;0.00;0.02;0.02;0.49;1.19;2.38;19.22;0.65;0.50;0.003;-100.00;-100.00;-0.52;-1.92
1595880002.638;508;1.24;2.32;26.70;1.45;2.58;54.67;0.68;0.50;356;3;1;5;0.49;0.33;0.30;0.00;0.00;-0.01;0.02;0.49;1.21;2.39;20.85;0.66;0.50;0.003;-100.00;-100.00;-0.52;-1.92
1595880002.737;518;1.27;2.33;29.72;1.45;2.58;54.67;0.68;0.50;356;3;1;5;0.49;0.34;0.39;0.00;0.00;0.02;-0.01;0.50;1.24;2.40;24.11;0.66;0.50;0.003;-100.00;-100.00;-0.52;-1.92
1595880002.837;528;1.29;2.35;32.47;1.45;2.58;54.67;0.68;0.50;356;3;1;5;0.51;0.34;0.32;0.00;0.00;0.01;0.01;0.50;1.26;2.42;27.39;0.66;0.50;0.003;-100.00;-100.00;-0.52;-1.92
1595880002.937;538;1.32;2.36;35.58;1.45;2.58;54.67;0.68;0.50;356;3;1;5;0.49;0.34;0.32;0.00;0.00;0.02;-0.00;0.54;1.28;2.42;29.04;0.66;0.50;0.003;-100.00;-100.00;-0.52;-1.92
1595880003.037;548;1.34;2.38;38.68;1.45;2.58;54.67;0.68;0.50;356;3;1;5;0.49;0.34;0.33;0.00;0.00;0.01;-0.04;0.53;1.30;2.44;32.34;0.66;0.50;0.003;-100.00;-100.00;-0.52;-1.92
1595880003.137;558;1.36;2.40;41.48;1.45;2.58;54.67;0.68;0.50;356;3;1;5;0.51;0.35;0.33;0.00;0.00;-0.02;0.01;0.54;1.33;2.46;35.67;0.67;0.50;0.003;-100.00;-100.00;-0.52;-1.92
1595880003.240;568;1.39;2.42;44.80;1.45;2.58;54.67;0.68;0.50;356;3;1;5;0.47;0.35;0.25;0.00;0.00;0.01;-0.01;0.54;1.34;2.46;37.33;0.67;0.50;0.006;-100.00;-100.00;-0.52;-1.92
1595880003.337;578;1.41;2.44;47.74;1.45;2.58;54.67;0.68;0.50;356;3;1;5;0.48;0.35;0.34;0.00;0.00;-0.01;-0.01;0.52;1.37;2.48;40.68;0.67;0.50;0.003;-100.00;-100.00;-0.52;-1.92
1595880003.438;588;1.42;2.46;50.95;1.45;2.58;54.67;0.68;0.50;356;3;1;5;0.47;0.35;0.34;0.00;0.00;0.01;0.01;0.52;1.39;2.51;44.05;0.67;0.50;0.003;-100.00;-100.00;-0.52;-1.92
1595880003.537;598;1.44;2.48;53.86;1.45;2.58;54.67;0.68;0.50;356;3;1;5;0.45;0.35;0.34;0.00;0.00;0.00;-0.00;0.51;1.40;2.52;45.73;0.67;0.50;0.003;-100.00;-100.00;-0.52;-1.92
1595880003.637;608;1.46;2.51;56.35;1.45;2.58;54.67;0.68;0.50;356;3;1;5;0.47;0.34;0.34;0.00;0.00;0.01;-0.01;0.48;1.42;2.54;49.12;0.68;0.50;0.003;-100.00;-100.00;-0.52;-1.92
1595880003.749;619;1.47;2.53;59.41;1.45;2.58;54.67;0.68;0.50;356;3;1;5;0.48;0.34;0.42;0.00;0.00;0.03;0.01;0.50;1.44;2.56;52.53;0.68;0.50;0.012;-100.00;-100.00;-0.52;-1.92
1595880003.841;628;1.49;2.56;62.10;1.45;2.58;54.67;0.68;0.50;356;3;1;5;0.50;0.34;0.33;0.00;0.00;0.00;0.03;0.53;1.46;2.59;55.95;0.68;0.50;0.006;-100.00;-100.00;-0.52;-1.92
1595880003.941;639;1.50;2.59;65.81;1.56;2.94;89.43;0.49;0.50;356;4;1;5;0.44;0.34;0.33;0.00;0.00;-0.01;0.02;0.55;1.47;2.60;57.63;0.67;0.50;0.006;-100.00;-100.00;-0.52;-1.92
1595880004.040;648;1.51;2.61;68.73;1.56;2.94;89.43;0.49;0.50;356;4;1;5;0.38;0.34;0.33;0.00;0.00;0.02;0.01;0.50;1.48;2.63;60.91;0.65;0.50;0.006;-100.00;-100.00;-0.52;-1.92
1595880004.141;658;1.52;2.64;71.05;1.56;2.94;89.43;0.49;0.50;356;4;1;5;0.39;0.35;0.34;0.00;0.00;0.01;0.02;0.42;1.50;2.65;64.08;0.64;0.50;0.006;-100.00;-100.00;-0.52;-1.92
1595880004.240;668;1.53;2.67;73.40;1.56;2.94;89.43;0.49;0.50;356;4;1;5;0.39;0.35;0.33;0.00;0.00;0.02;0.02;0.42;1.51;2.68;67.16;0.62;0.50;0.006;-100.00;-100.00;-0.52;-1.92
1595880004.369;681;1.54;2.71;76.49;1.55;2.95;90.00;-0.00;0.37;393;0;1;7;0.40;0.36;0.42;0.00;0.00;-0.02;0.02;0.44;1.52;2.71;70.13;0.60;0.50;0.028;-100.00;-100.00;-0.52;-1.92
1595880004.457;690;1.55;2.73;78.94;1.55;2.95;90.00;-0.00;0.37;393;0;1;7;0.34;0.38;0.34;0.00;0.00;0.01;0.03;0.45;1.55;2.95;90.00;-0.00;0.37;0.022;-100.00;-100.00;-0.52;-1.92
1595880004.557;700;1.56;2.76;81.60;1.55;2.95;90.00;-0.00;0.37;393;0;1;7;0.25;0.40;0.34;0.00;0.00;0.02;-0.06;0.41;1.55;2.95;90.00;-0.00;0.37;0.022;-100.00;-100.00;-0.52;-1.92
1595880004.657;710;1.56;2.80;83.55;1.55;2.95;90.00;-0.00;0.37;393;0;1;7;0.19;0.41;0.36;0.00;0.00;0.01;-0.01;0.33;1.55;2.95;90.00;-0.00;0.37;0.022;-100.00;-100.00;-0.52;-1.92
1595880004.757;720;1.56;2.83;85.12;1.50;3.33;114.90;0.79;0.50;393;1;1;7;0.15;0.43;0.28;0.00;0.00;0.03;-0.02;0.26;1.55;2.95;90.00;-0.00;0.37;0.022;-100.00;-100.00;-0.52;-1.92
1595880004.852;730;1.57;2.87;86.19;1.50;3.33;114.90;0.79;0.50;393;1;1;7;-0.06;0.44;0.39;0.00;0.00;0.02;-0.02;0.21;1.55;2.95;90.00;-0.00;0.37;0.016;-100.00;-100.00;-0.52;-1.92
1595880004.952;740;1.57;2.91;87.14;1.50;3.33;114.90;0.79;0.50;393;1;1;7;0.01;0.44;0.41;0.00;0.00;0.03;-0.01;-0.00;1.55;2.95;90.00;-0.00;0.37;0.017;-100.00;-100.00;-0.52;-1.92
1595880005.051;749;1.57;2.94;86.38;1.50;3.33;114.90;0.79;0.50;393;1;1;7;0.12;0.44;0.31;0.00;0.00;0.01;-0.00;0.02;1.55;2.95;90.00;-0.00;0.37;0.017;-100.00;-100.00;-0.52;-1.92
1595880005.152;760;1.57;2.98;87.02;1.50;3.33;114.90;0.79;0.50;393;1;1;7;0.20;0.44;0.42;0.00;0.00;0.00;-0.01;0.11;1.55;2.98;90.09;0.06;0.38;0.017;-100.00;-100.00;-0.52;-1.92
1595880005.251;769;1.58;3.02;88.11;1.50;3.33;114.90;0.79;0.50;393;1;1;7;0.26;0.45;0.42;0.00;0.00;-0.01;0.03;0.21;1.55;3.02;90.64;0.16;0.39;0.016;-100.00;-100.00;-0.52;-1.92
1595880005.352;780;1.58;3.06;90.00;1.50;3.33;114.90;0.79;0.50;393;1;1;7;0.32;0.45;0.43;0.00;0.00;0.02;0.00;0.34;1.55;3.05;91.33;0.22;0.40;0.017;-100.00;-100.00;-0.52;-1.92
1595880005.451;789;1.58;3.10;91.89;1.50;3.33;114.90;0.79;0.50;393;1;1;7;0.37;0.45;0.43;0.00;0.00;0.02;0.00;0.39;1.55;3.09;92.95;0.32;0.42;0.016;-100.00;-100.00;-0.52;-1.92
1595880005.552;800;1.57;3.14;94.95;1.50;3.33;114.90;0.79;0.50;393;1;1;7;0.41;0.44;0.43;0.00;0.00;0.02;0.01;0.46;1.55;3.13;94.46;0.38;0.43;0.017;-100.00;-100.00;-0.52;-1.92
1595880005.651;809;1.57;3.17;97.64;1.50;3.33;114.90;0.79;0.50;393;1;1;7;0.48;0.45;0.43;0.00;0.00;-0.02;0.00;0.54;1.54;3.17;97.48;0.48;0.45;0.016;-100.00;-100.00;-0.52;-1.92
1595880005.751;820;1.56;3.22;101.76;1.50;3.33;114.90;0.79;0.50;393;1;1;7;0.51;0.44;0.43;0.00;0.00;-0.01;-0.02;0.66;1.54;3.21;100.05;0.54;0.46;0.017;-100.00;-100.00;-0.52;-1.92
1595880005.852;830;1.55;3.25;106.02;1.14;3.57;176.23;0.79;0.50;393;2;1;7;0.53;0.44;0.43;0.00;0.00;-0.00;-0.01;0.71;1.53;3.24;103.10;0.60;0.47;0.017;-100.00;-100.00;-0.52;-1.92
1595880005.946;839;1.54;3.28;109.93;1.14;3.57;176.23;0.79;0.50;393;2;1;7;0.52;0.44;0.32;0.00;0.00;0.00;-0.01;0.76;1.52;3.27;106.67;0.67;0.48;0.011;-100.00;-100.00;-0.52;-1.92
1595880006.046;849;1.53;3.32;114.51;1.14;3.57;176.23;0.79;0.50;393;2;1;7;0.57;0.44;0.43;0.00;0.00;0.02;-0.02;0.76;1.51;3.30;110.80;0.73;0.49;0.011;-100.00;-100.00;-0.52;-1.92
1595880006.146;859;1.51;3.35;118.98;1.14;3.57;176.23;0.79;0.50;393;2;1;7;0.64;0.44;0.53;0.00;0.00;0.02;0.01;0.79;1.49;3.34;115.52;0.79;0.50;0.011;-100.00;-100.00;-0.52;-1.92
1595880006.246;869;1.49;3.38;124.31;1.14;3.57;176.23;0.79;0.50;393;2;1;7;0.63;0.44;0.43;0.00;0.00;-0.00;0.03;0.92;1.48;3.37;120.48;0.79;0.50;0.011;-100.00;-100.00;-0.52;-1.92
1595880006.346;879;1.47;3.42;130.21;1.14;3.57;176.23;0.79;0.50;393;2;1;7;0.60;0.44;0.43;0.00;0.00;0.02;0.02;0.98;1.46;3.40;125.43;0.79;0.50;0.011;-100.00;-100.00;-0.52;-1.92
1595880006.446;889;1.45;3.44;135.40;1.14;3.57;176.23;0.79;0.50;393;2;1;7;0.60;0.44;0.53;0.00;0.00;0.02;0.01;0.95;1.44;3.43;130.39;0.79;0.50;0.011;-100.00;-100.00;-0.52;-1.92
1595880006.546;899;1.42;3.47;140.69;1.14;3.57;176.23;0.79;0.50;393;2;1;7;0.58;0.44;0.32;0.00;0.00;-0.02;0.01;0.92;1.41;3.45;135.35;0.79;0.50;0.011;-100.00;-100.00;-0.52;-1.92
1595880006.646;909;1.39;3.49;146.39;1.14;3.57;176.23;0.79;0.50;393;2;1;7;0.56;0.43;0.42;0.00;0.00;-0.00;-0.00;0.89;1.38;3.48;140.30;0.79;0.50;0.011;-100.00;-100.00;-0.52;-1.92
1595880006.746;919;1.36;3.51;150.91;1.14;3.57;176.23;0.79;0.50;393;2;1;7;0.58;0.43;0.42;0.00;0.00;0.01;-0.02;0.87;1.35;3.50;145.26;0.79;0.50;0.011;-100.00;-100.00;-0.52;-1.92
1595880006.846;929;1.33;3.53;155.93;1.14;3.57;176.23;0.79;0.50;393;2;1;7;0.57;0.43;0.42;0.00;0.00;0.00;-0.01;0.84;1.32;3.52;150.21;0.79;0.50;0.011;-100.00;-100.00;-0.52;-1.92
1595880006.946;939;1.29;3.54;160.74;1.14;3.57;176.23;0.79;0.50;393;2;1;7;0.57;0.42;0.31;0.00;0.00;0.02;0.00;0.84;1.29;3.54;155.17;0.79;0.50;0.011;-100.00;-100.00;-0.53;-1.91
1595880007.046;949;1.26;3.55;165.66;1.14;3.57;176.23;0.79;0.50;393;2;1;7;0.57;0.42;0.41;0.00;0.00;0.02;0.01;0.83;1.26;3.55;160.12;0.79;0.50;0.011;-100.00;-100.00;-0.53;-1.89
1595880007.160;960;1.22;3.56;170.67;0.76;3.39;234.20;0.73;0.50;393;3;1;7;0.58;0.42;0.41;0.00;0.00;-0.01;0.02;0.82;1.22;3.56;165.08;0.79;0.50;0.025;-100.00;-100.00;-0.52;-1.88
1595880007.240;969;1.18;3.57;174.91;0.76;3.39;234.20;0.73;0.50;393;3;1;7;0.59;0.42;0.40;0.00;0.00;0.02;-0.01;0.83;1.19;3.57;170.03;0.79;0.50;0.006;-100.00;-100.00;-0.53;-1.88
1595880007.341;978;1.15;3.57;179.28;0.76;3.39;234.20;0.73;0.50;393;3;1;7;0.60;0.42;0.50;0.00;0.00;0.03;0.00;0.83;1.15;3.57;174.99;0.79;0.50;0.006;-100.00;-100.00;-0.52;-1.89
1595880007.440;988;1.12;3.57;184.10;0.76;3.39;234.20;0.73;0.50;393;3;1;7;0.60;0.41;0.40;0.00;0.00;-0.02;-0.01;0.85;1.12;3.58;179.93;0.78;0.50;0.006;-100.00;-100.00;-0.52;-1.92
1595880007.540;998;1.08;3.57;189.02;0.76;3.39;234.20;0.73;0.50;393;3;1;7;0.59;0.41;0.40;0.00;0.00;0.02;0.02;0.87;1.08;3.57;184.83;0.78;0.50;0.006;-100.00;-100.00;-0.53;-2.00
1595880007.641;1008;1.05;3.56;193.83;0.76;3.39;234.20;0.73;0.50;393;3;1;7;0.58;0.41;0.50;0.00;0.00;0.02;-0.05;0.84;1.04;3.57;189.69;0.77;0.50;0.006;-100.00;-100.00;-0.54;-2.09
1595880007.740;1018;1.02;3.55;198.58;0.76;3.39;234.20;0.73;0.50;393;3;1;7;0.57;0.41;0.40;0.00;0.00;0.01;-0.01;0.82;1.01;3.56;194.50;0.77;0.50;0.005;-100.00;-100.00;-0.55;-2.17
1595880007.841;1029;0.98;3.54;203.67;0.76;3.39;234.20;0.73;0.50;393;3;1;7;0.56;0.41;0.40;0.00;0.00;0.03;-0.02;0.81;0.97;3.55;199.26;0.76;0.50;0.006;-100.00;-100.00;-0.56;-2.25
1595880007.940;1039;0.95;3.53;208.32;0.76;3.39;234.20;0.73;0.50;393;3;1;7;0.51;0.41;0.40;0.00;0.00;0.05;0.00;0.82;0.96;3.54;201.63;0.76;0.50;0.006;-100.00;-100.00;-0.58;-2.30
1595880008.041;1048;0.92;3.52;212.44;0.76;3.39;234.20;0.73;0.50;393;3;1;7;0.55;0.41;0.40;0.00;0.00;-0.01;0.04;0.76;0.91;3.52;208.66;0.75;0.50;0.006;-100.00;-100.00;-0.61;-2.36
1595880008.141;1058;0.89;3.50;216.90;0.76;3.39;234.20;0.73;0.50;393;3;1;7;0.56;0.41;0.40;0.00;0.00;0.01;-0.00;0.80;0.88;3.50;213.30;0.75;0.50;0.006;-100.00;-100.00;-0.63;-2.41
1595880008.240;1068;0.86;3.48;221.69;0.76;3.39;234.20;0.73;0.50;393;3;1;7;0.49;0.41;0.39;0.00;0.00;0.00;0.02;0.82;0.86;3.49;215.60;0.75;0.50;0.006;-100.00;-100.00;-0.66;-2.48
1595880008.340;1078;0.83;3.46;226.19;0.76;3.39;234.20;0.73;0.50;393;3;1;7;0.49;0.40;0.39;0.00;0.00;0.01;0.02;0.80;0.83;3.47;220.18;0.74;0.50;0.006;-100.00;-100.00;-0.68;-2.55
1595880008.450;1089;0.81;3.43;230.63;0.76;3.39;234.20;0.73;0.50;393;3;1;7;0.49;0.40;0.49;0.00;0.00;0.00;0.01;0.71;0.81;3.45;224.71;0.74;0.50;0.015;-100.00;-100.00;-0.70;-2.63
1595880008.540;1098;0.78;3.41;234.48;0.76;3.39;234.20;0.73;0.50;393;3;1;7;0.50;0.40;0.39;0.00;0.00;0.02;0.02;0.68;0.78;3.42;229.20;0.73;0.50;0.005;-100.00;-100.00;-0.72;-2.68
1595880008.640;1108;0.77;3.38;238.25;0.76;3.39;234.20;0.73;0.50;393;3;1;7;0.51;0.40;0.39;0.00;0.00;0.01;-0.02;0.68;0.76;3.39;233.65;0.73;0.50;0.005;-100.00;-100.00;-0.73;-2.73
1595880008.740;1118;0.75;3.35;241.87;0.76;3.39;234.20;0.73;0.50;393;3;1;7;0.49;0.40;0.38;0.00;0.00;0.01;-0.01;0.67;0.74;3.36;237.96;0.70;0.50;0.006;-100.00;-100.00;-0.75;-2.78
1595880008.840;1128;0.74;3.32;245.74;0.76;3.39;234.20;0.73;0.50;393;3;1;7;0.44;0.40;0.48;0.00;0.00;0.01;-0.00;0.66;0.72;3.33;241.99;0.66;0.50;0.005;-100.00;-100.00;-0.77;-2.81
1595880008.940;1138;0.73;3.29;249.46;0.76;3.39;234.20;0.73;0.50;393;3;1;7;0.40;0.40;0.38;0.00;0.00;0.06;-0.03;0.60;0.70;3.30;245.74;0.63;0.50;0.006;-100.00;-100.00;-0.78;-2.82
1595880009.040;1148;0.71;3.26;252.60;0.76;3.39;234.20;0.73;0.50;393;3;1;7;0.37;0.40;0.38;0.00;0.00;0.03;0.01;0.54;0.69;3.26;249.23;0.59;0.50;0.005;-100.00;-100.00;-0.79;-2.82
1595880009.141;1159;0.70;3.22;255.97;0.76;3.39;234.20;0.73;0.50;393;3;1;7;0.33;0.41;0.49;0.00;0.00;-0.00;0.02;0.50;0.68;3.23;252.46;0.56;0.50;0.006;-100.00;-100.00;-0.77;-2.85
1595880009.255;1170;0.69;3.18;259.30;0.65;2.84;-95.04;-0.49;0.50;176;1;1;6;0.30;0.41;0.39;0.00;0.00;0.01;0.01;0.44;0.67;3.20;255.44;0.52;0.50;0.014;-100.00;-100.00;-0.76;-2.86
1595880009.343;1179;0.69;3.15;261.15;0.65;2.84;-95.04;-0.49;0.50;176;1;1;6;0.61;0.41;0.39;0.00;0.00;0.01;0.02;0.39;0.65;2.95;-90.00;-0.05;0.05;0.009;-100.00;-100.00;-0.75;-2.87
1595880009.444;1189;0.68;3.12;263.37;0.65;2.84;-95.04;-0.49;0.50;176;1;1;6;0.47;0.41;0.49;0.00;0.00;0.00;-0.02;0.62;0.65;2.95;-90.00;-0.05;0.05;0.009;-100.00;-100.00;-0.74;-2.89
1595880009.543;1199;0.68;3.08;268.19;0.59;2.63;-116.21;-0.75;0.50;176;2;1;6;0.22;0.41;0.39;0.00;0.00;-0.01;0.01;0.70;0.65;2.95;-90.00;-0.05;0.05;0.009;-100.00;-100.00;-0.75;-2.91
1595880009.640;1208;0.68;3.05;271.49;0.59;2.63;-116.21;-0.75;0.50;176;2;1;6;0.16;0.41;0.40;0.00;0.00;0.01;-0.01;0.47;0.65;2.95;-90.00;-0.05;0.05;0.006;-100.00;-100.00;-0.75;-2.93
1595880009.741;1218;0.68;3.01;272.81;0.59;2.63;-116.21;-0.75;0.50;176;2;1;6;0.01;0.40;0.40;0.00;0.00;0.00;-0.03;0.27;0.65;2.95;-90.00;-0.05;0.05;0.006;-100.00;-100.00;-0.75;-2.95
1595880009.840;1228;0.68;2.98;273.49;0.59;2.63;-116.21;-0.75;0.50;176;2;1;6;-0.13;0.39;0.39;0.00;0.00;0.01;0.01;0.08;0.65;2.95;-90.00;-0.05;0.05;0.005;-100.00;-100.00;-0.75;-2.95
1595880009.940;1238;0.69;2.94;273.71;0.46;2.47;-142.23;-0.70;0.50;176;3;1;6;-0.32;0.39;0.39;0.00;0.00;-0.00;0.03;-0.03;0.65;2.94;-90.11;-0.15;0.15;0.005;-100.00;-100.00;-0.75;-2.95
1595880010.037;1248;0.69;2.91;272.24;0.46;2.47;-142.23;-0.70;0.50;176;3;1;6;-0.43;0.39;0.47;0.00;0.00;-0.00;-0.05;-0.18;0.65;2.91;-91.05;-0.29;0.30;0.003;-100.00;-100.00;-0.75;-2.95
1595880010.138;1258;0.69;2.87;269.81;0.46;2.47;-142.23;-0.70;0.50;176;3;1;6;-0.53;0.40;0.38;0.00;0.00;0.02;-0.02;-0.42;0.65;2.87;-93.14;-0.42;0.43;0.003;-100.00;-100.00;-0.75;-2.96
1595880010.237;1268;0.69;2.83;266.51;0.46;2.47;-142.23;-0.70;0.50;176;3;1;6;-0.56;0.41;0.37;0.00;0.00;0.04;-0.03;-0.59;0.65;2.84;-95.20;-0.49;0.50;0.003;-100.00;-100.00;-0.75;-2.96
1595880010.338;1278;0.69;2.80;262.52;0.46;2.47;-142.23;-0.70;0.50;176;3;1;6;-0.55;0.41;0.38;0.00;0.00;0.00;-0.01;-0.70;0.64;2.81;-97.69;-0.53;0.50;0.003;-100.00;-100.00;-0.76;-2.97
1595880010.441;1288;0.69;2.76;257.78;0.26;2.37;-163.22;-0.54;0.50;176;4;1;6;-0.52;0.42;0.39;0.00;0.00;-0.00;-0.02;-0.77;0.64;2.77;-100.42;-0.57;0.50;0.006;-100.00;-100.00;-0.76;-2.97
1595880010.535;1298;0.68;2.72;253.37;0.26;2.37;-163.22;-0.54;0.50;176;4;1;6;-0.50;0.42;0.40;0.00;0.00;0.00;0.02;-0.74;0.63;2.73;-104.46;-0.62;0.50;0.001;-100.00;-100.00;-0.76;-2.97
1595880010.635;1308;0.67;2.69;249.36;0.26;2.37;-163.22;-0.54;0.50;176;4;1;6;-0.53;0.43;0.40;0.00;0.00;-0.01;-0.04;-0.71;0.62;2.70;-107.80;-0.66;0.50;0.001;-100.00;-100.00;-0.76;-2.97
1595880010.735;1318;0.66;2.65;245.19;0.26;2.37;-163.22;-0.54;0.50;176;4;1;6;-0.56;0.43;0.41;0.00;0.00;-0.02;0.02;-0.74;0.61;2.67;-111.44;-0.70;0.50;0.001;-100.00;-100.00;-0.75;-2.96
1595880010.835;1328;0.64;2.61;240.91;0.26;2.37;-163.22;-0.54;0.50;176;4;1;6;-0.65;0.44;0.42;0.00;0.00;-0.03;-0.01;-0.79;0.59;2.63;-116.76;-0.75;0.50;0.001;-100.00;-100.00;-0.76;-2.97
1595880010.935;1338;0.62;2.58;235.79;0.26;2.37;-163.22;-0.54;0.50;176;4;1;6;-0.62;0.44;0.42;0.00;0.00;-0.02;0.02;-0.92;0.57;2.60;-120.88;-0.74;0.50;0.001;-100.00;-100.00;-0.76;-2.96
1595880011.036;1348;0.60;2.54;230.03;0.26;2.37;-163.22;-0.54;0.50;176;4;1;6;-0.57;0.44;0.42;0.00;0.00;-0.01;0.03;-0.95;0.56;2.57;-124.93;-0.73;0.50;0.001;-100.00;-100.00;-0.75;-2.95
1595880011.135;1358;0.57;2.51;224.73;0.26;2.37;-163.22;-0.54;0.50;176;4;1;6;-0.55;0.44;0.43;0.00;0.00;0.02;0.00;-0.88;0.53;2.54;-130.23;-0.72;0.50;0.001;-100.00;-100.00;-0.75;-2.94
1595880011.235;1368;0.54;2.48;219.70;0.26;2.37;-163.22;-0.54;0.50;176;4;1;6;-0.52;0.44;0.54;0.00;0.00;0.00;-0.00;-0.87;0.51;2.51;-134.13;-0.71;0.50;0.001;-100.00;-100.00;-0.74;-2.97
1595880011.335;1378;0.52;2.45;214.78;0.05;2.34;-179.43;-0.47;0.50;176;5;1;6;-0.51;0.44;0.43;0.00;0.00;0.00;-0.01;-0.82;0.48;2.48;-139.23;-0.70;0.50;0.001;-100.00;-100.00;-0.71;-3.01
1595880011.435;1388;0.48;2.42;210.45;0.05;2.34;-179.43;-0.47;0.50;176;5;1;6;-0.47;0.44;0.43;0.00;0.00;-0.00;0.03;-0.76;0.45;2.46;-142.98;-0.69;0.50;0.001;-100.00;-100.00;-0.67;-3.03
1595880011.535;1398;0.45;2.40;206.41;0.05;2.34;-179.43;-0.47;0.50;176;5;1;6;-0.46;0.45;0.43;0.00;0.00;0.01;0.00;-0.71;0.41;2.44;-147.75;-0.66;0.50;0.001;-100.00;-100.00;-0.63;-3.04
1595880011.635;1408;0.41;2.38;202.33;0.05;2.34;-179.43;-0.47;0.50;176;5;1;6;-0.43;0.45;0.43;0.00;0.00;-0.01;0.00;-0.67;0.39;2.42;-151.13;-0.64;0.50;0.001;-100.00;-100.00;-0.59;-3.03
1595880011.735;1418;0.37;2.36;198.77;0.05;2.34;-179.43;-0.47;0.50;176;5;1;6;-0.42;0.45;0.43;0.00;0.00;-0.02;-0.01;-0.62;0.35;2.40;-155.38;-0.60;0.50;0.001;-100.00;-100.00;-0.54;-3.01
1595880011.836;1428;0.34;2.35;195.45;0.05;2.34;-179.43;-0.47;0.50;176;5;1;6;-0.39;0.45;0.54;0.00;0.00;-0.02;-0.00;-0.57;0.32;2.39;-158.38;-0.58;0.50;0.001;-100.00;-100.00;-0.50;-3.01
1595880011.950;1439;0.29;2.33;191.92;-0.09;2.34;188.62;0.63;0.50;813;1;1;3;-0.38;0.45;0.44;0.00;0.00;-0.01;0.05;-0.54;0.28;2.38;-162.14;-0.55;0.50;0.014;-100.00;-100.00;-0.47;-3.01
1595880012.043;1449;0.25;2.32;188.90;-0.09;2.34;188.62;0.63;0.50;813;1;1;3;-0.79;0.44;0.43;0.00;0.00;0.00;0.01;-0.53;0.05;2.35;180.00;0.08;0.06;0.009;-100.00;-100.00;-0.46;-3.02
1595880012.144;1458;0.21;2.32;186.14;-0.35;2.25;205.88;0.22;0.50;813;2;1;3;-0.60;0.43;0.44;0.00;0.00;0.04;-0.01;-0.68;0.05;2.35;180.00;0.08;0.06;0.009;-100.00;-100.00;-0.46;-3.04
1595880012.240;1468;0.17;2.31;178.82;-0.35;2.25;205.88;0.22;0.50;813;2;1;3;-0.06;0.42;0.33;0.00;0.00;-0.00;-0.01;-1.10;0.05;2.35;180.00;0.08;0.06;0.005;-100.00;-100.00;-0.47;-3.06
1595880012.340;1478;0.13;2.31;173.81;-0.35;2.25;205.88;0.22;0.50;813;2;1;3;0.21;0.41;0.43;0.00;0.00;-0.04;-0.03;-0.56;0.05;2.35;180.00;0.08;0.06;0.006;-100.00;-100.00;-0.47;-3.07
1595880012.440;1488;0.09;2.31;174.87;-0.35;2.25;205.88;0.22;0.50;813;2;1;3;0.20;0.40;0.41;0.00;0.00;0.03;0.02;0.01;0.05;2.35;180.00;0.08;0.06;0.005;-100.00;-100.00;-0.47;-3.07
1595880012.540;1498;0.06;2.31;175.50;-0.35;2.25;205.88;0.22;0.50;813;2;1;3;0.21;0.38;0.29;0.00;0.00;-0.00;0.02;0.15;0.05;2.35;180.00;0.08;0.06;0.006;-100.00;-100.00;-0.47;-3.07
1595880012.640;1508;0.02;2.32;177.01;-0.35;2.25;205.88;0.22;0.50;813;2;1;3;0.38;0.37;0.39;0.00;0.00;0.03;-0.03;0.19;0.02;2.35;180.60;0.28;0.22;0.006;-100.00;-100.00;-0.47;-3.07
1595880012.740;1518;-0.01;2.32;178.81;-0.35;2.25;205.88;0.22;0.50;813;2;1;3;0.54;0.37;0.47;0.00;0.00;0.01;0.01;0.33;-0.02;2.35;182.58;0.43;0.34;0.006;-100.00;-100.00;-0.47;-3.07
1595880012.841;1528;-0.04;2.32;181.44;-0.35;2.25;205.88;0.22;0.50;813;2;1;3;0.65;0.38;0.37;0.00;0.00;0.02;-0.00;0.55;-0.05;2.35;185.11;0.53;0.42;0.006;-100.00;-100.00;-0.47;-3.07
1595880012.940;1538;-0.08;2.32;185.30;-0.35;2.25;205.88;0.22;0.50;813;2;1;3;0.67;0.38;0.37;0.00;0.00;-0.00;0.02;0.72;-0.08;2.34;187.82;0.61;0.48;0.006;-100.00;-100.00;-0.47;-3.07
1595880013.040;1548;-0.11;2.31;190.16;-0.35;2.25;205.88;0.22;0.50;813;2;1;3;0.58;0.39;0.37;0.00;0.00;-0.00;0.02;0.85;-0.11;2.34;191.01;0.59;0.50;0.005;-100.00;-100.00;-0.47;-3.07
1595880013.140;1558;-0.14;2.30;195.05;-0.59;2.13;204.15;-0.31;0.50;813;3;1;3;0.43;0.39;0.37;0.00;0.00;0.01;0.03;0.77;-0.14;2.33;193.92;0.54;0.50;0.005;-100.00;-100.00;-0.47;-3.07
1595880013.237;1568;-0.17;2.29;198.84;-0.59;2.13;204.15;-0.31;0.50;813;3;1;3;0.33;0.39;0.38;0.00;0.00;0.02;-0.01;0.59;-0.18;2.32;196.52;0.49;0.50;0.003;-100.00;-100.00;-0.47;-3.07
1595880013.337;1578;-0.20;2.28;201.48;-0.59;2.13;204.15;-0.31;0.50;813;3;1;3;0.26;0.40;0.38;0.00;0.00;-0.02;-0.02;0.46;-0.21;2.31;198.82;0.44;0.50;0.003;-100.00;-100.00;-0.47;-3.07
1595880013.437;1588;-0.24;2.27;203.36;-0.59;2.13;204.15;-0.31;0.50;813;3;1;3;0.23;0.40;0.29;0.00;0.00;-0.00;0.01;0.36;-0.25;2.30;201.46;0.38;0.50;0.003;-100.00;-100.00;-0.47;-3.07
1595880013.538;1598;-0.27;2.25;204.93;-0.59;2.13;204.15;-0.31;0.50;813;3;1;3;0.18;0.40;0.29;0.00;0.00;0.00;-0.02;0.28;-0.28;2.28;203.12;0.33;0.50;0.003;-100.00;-100.00;-0.47;-3.07
1595880013.638;1608;-0.30;2.24;206.26;-0.59;2.13;204.15;-0.31;0.50;813;3;1;3;0.13;0.41;0.39;0.00;0.00;0.00;-0.02;0.22;-0.31;2.27;204.54;0.28;0.50;0.003;-100.00;-100.00;-0.47;-3.07
1595880013.737;1618;-0.33;2.22;207.19;-0.59;2.13;204.15;-0.31;0.50;813;3;1;3;0.09;0.41;0.39;0.00;0.00;0.01;0.01;0.19;-0.35;2.25;206.04;0.21;0.50;0.003;-100.00;-100.00;-0.47;-3.07
1595880013.837;1628;-0.37;2.20;207.90;-0.59;2.13;204.15;-0.31;0.50;813;3;1;3;0.02;0.41;0.40;0.00;0.00;-0.00;-0.02;0.11;-0.38;2.24;206.87;0.14;0.50;0.003;-100.00;-100.00;-0.47;-3.07
1595880013.937;1638;-0.40;2.18;208.07;-0.59;2.13;204.15;-0.31;0.50;813;3;1;3;-0.03;0.42;0.40;0.00;0.00;0.02;-0.01;0.05;-0.41;2.22;207.39;0.08;0.50;0.003;-100.00;-100.00;-0.47;-3.07
1595880014.037;1648;-0.43;2.17;208.19;-0.59;2.13;204.15;-0.31;0.50;813;3;1;3;-0.10;0.42;0.30;0.00;0.00;0.03;-0.01;0.01;-0.45;2.20;207.63;-0.00;0.50;0.003;-100.00;-100.00;-0.47;-3.07
1595880014.138;1658;-0.46;2.15;207.80;-0.59;2.13;204.15;-0.31;0.50;813;3;1;3;-0.16;0.42;0.40;0.00;0.00;0.03;0.01;-0.07;-0.48;2.18;207.47;-0.07;0.50;0.003;-100.00;-100.00;-0.47;-3.07
1595880014.237;1668;-0.50;2.13;207.06;-0.59;2.13;204.15;-0.31;0.50;813;3;1;3;-0.24;0.43;0.41;0.00;0.00;-0.01;0.03;-0.12;-0.52;2.16;206.78;-0.15;0.50;0.003;-100.00;-100.00;-0.47;-3.07
1595880014.337;1678;-0.53;2.11;205.66;-0.86;2.06;180.57;-0.79;0.50;813;4;1;3;-0.29;0.43;0.41;0.00;0.00;-0.01;-0.00;-0.22;-0.55;2.15;205.91;-0.22;0.50;0.003;-100.00;-100.00;-0.47;-3.07
1595880014.437;1688;-0.57;2.09;203.91;-0.86;2.06;180.57;-0.79;0.50;813;4;1;3;-0.33;0.43;0.41;0.00;0.00;-0.00;0.04;-0.33;-0.59;2.13;204.27;-0.30;0.50;0.003;-100.00;-100.00;-0.47;-3.07
1595880014.551;1699;-0.61;2.08;201.38;-0.85;2.05;180.00;0.11;0.00;607;1;1;5;-0.38;0.44;0.52;0.00;0.00;0.01;0.00;-0.38;-0.62;2.12;202.70;-0.36;0.50;0.014;-100.00;-100.00;-0.47;-3.07
1595880014.643;1708;-0.65;2.06;198.98;-1.04;2.03;193.57;0.65;0.50;607;2;1;5;0.18;0.46;0.42;0.00;0.00;-0.02;-0.01;-0.48;-0.85;2.05;180.04;0.18;0.07;0.008;-100.00;-100.00;-0.47;-3.07
1595880014.740;1718;-0.69;2.05;196.24;-1.04;2.03;193.57;0.65;0.50;607;2;1;5;-0.79;0.44;0.43;0.00;0.00;-0.02;0.02;-0.34;-0.85;2.05;180.04;0.18;0.07;0.005;-100.00;-100.00;-0.47;-3.07
1595880014.840;1728;-0.72;2.04;197.77;-1.04;2.03;193.57;0.65;0.50;607;2;1;5;-0.79;0.42;0.43;0.00;0.00;-0.00;-0.08;-0.06;-0.85;2.05;180.04;0.18;0.07;0.005;-100.00;-100.00;-0.47;-3.07
1595880014.940;1738;-0.77;2.02;190.10;-1.04;2.03;193.57;0.65;0.50;607;2;1;5;-0.47;0.41;0.33;0.00;0.00;-0.00;0.01;-1.02;-0.85;2.05;180.04;0.18;0.07;0.005;-100.00;-100.00;-0.47;-3.07
1595880015.040;1748;-0.80;2.01;183.28;-1.04;2.03;193.57;0.65;0.50;607;2;1;5;-0.11;0.39;0.43;0.00;0.00;-0.00;0.01;-1.00;-0.85;2.05;180.04;0.18;0.07;0.005;-100.00;-100.00;-0.47;-3.07
1595880015.140;1758;-0.84;2.01;181.01;-1.04;2.03;193.57;0.65;0.50;607;2;1;5;0.06;0.38;0.50;0.00;0.00;-0.00;0.00;-0.37;-0.85;2.05;180.04;0.18;0.07;0.005;-100.00;-100.00;-0.47;-3.07
1595880015.240;1768;-0.88;2.01;180.96;-1.04;2.03;193.57;0.65;0.50;607;2;1;5;0.25;0.37;0.29;0.00;0.00;0.04;0.04;-0.08;-0.88;2.05;180.78;0.31;0.19;0.006;-100.00;-100.00;-0.47;-3.07
1595880015.340;1778;-0.91;2.01;181.64;-1.35;1.82;234.67;0.68;0.50;607;3;1;5;0.40;0.37;0.38;0.00;0.00;0.01;-0.01;0.06;-0.91;2.05;182.71;0.42;0.29;0.006;-100.00;-100.00;-0.47;-3.07
1595880015.438;1788;-0.94;2.00;183.79;-1.35;1.82;234.67;0.68;0.50;607;3;1;5;0.54;0.36;0.37;0.00;0.00;-0.00;0.02;0.34;-0.94;2.05;184.72;0.49;0.35;0.003;-100.00;-100.00;-0.47;-3.07
1595880015.538;1798;-0.97;2.00;186.68;-1.35;1.82;234.67;0.68;0.50;607;3;1;5;0.59;0.36;0.36;0.00;0.00;0.00;0.02;0.54;-0.98;2.04;187.54;0.55;0.41;0.003;-100.00;-100.00;-0.47;-3.07
1595880015.637;1808;-1.01;2.00;190.86;-1.35;1.82;234.67;0.68;0.50;607;3;1;5;0.61;0.37;0.36;0.00;0.00;0.02;-0.00;0.67;-1.02;2.04;191.29;0.62;0.47;0.003;-100.00;-100.00;-0.47;-3.07
1595880015.738;1818;-1.04;2.00;195.19;-1.35;1.82;234.67;0.68;0.50;607;3;1;5;0.59;0.37;0.36;0.00;0.00;0.03;-0.01;0.73;-1.05;2.03;194.37;0.65;0.50;0.003;-100.00;-100.00;-0.47;-3.07
1595880015.837;1828;-1.07;1.99;199.71;-1.35;1.82;234.67;0.68;0.50;607;3;1;5;0.55;0.37;0.27;0.00;0.00;0.01;0.04;0.74;-1.08;2.02;197.60;0.65;0.50;0.003;-100.00;-100.00;-0.47;-3.07
1595880015.938;1838;-1.10;1.98;203.65;-1.35;1.82;234.67;0.68;0.50;607;3;1;5;0.53;0.37;0.36;0.00;0.00;-0.00;0.02;0.69;-1.11;2.01;200.85;0.66;0.50;0.003;-100.00;-100.00;-0.47;-3.07
1595880016.037;1848;-1.13;1.96;207.63;-1.35;1.82;234.67;0.68;0.50;607;3;1;5;0.50;0.38;0.37;0.00;0.00;0.01;0.02;0.64;-1.14;2.00;204.11;0.66;0.50;0.003;-100.00;-100.00;-0.47;-3.07
1595880016.137;1858;-1.16;1.95;211.09;-1.35;1.82;234.67;0.68;0.50;607;3;1;5;0.52;0.38;0.37;0.00;0.00;0.00;0.01;0.60;-1.18;1.98;209.04;0.66;0.50;0.003;-100.00;-100.00;-0.47;-3.07
1595880016.237;1868;-1.18;1.93;214.42;-1.35;1.82;234.67;0.68;0.50;607;3;1;5;0.52;0.38;0.37;0.00;0.00;-0.00;-0.03;0.62;-1.20;1.96;212.34;0.66;0.50;0.003;-100.00;-100.00;-0.47;-3.07
1595880016.344;1878;-1.21;1.91;218.09;-1.35;1.82;234.67;0.68;0.50;607;3;1;5;0.51;0.38;0.46;0.00;0.00;0.01;0.02;0.65;-1.23;1.94;215.67;0.67;0.50;0.009;-100.00;-100.00;-0.47;-3.07
1595880016.437;1888;-1.24;1.89;221.75;-1.35;1.82;234.67;0.68;0.50;607;3;1;5;0.54;0.39;0.37;0.00;0.00;0.02;-0.01;0.65;-1.27;1.92;220.68;0.67;0.50;0.003;-100.00;-100.00;-0.47;-3.07
1595880016.537;1898;-1.26;1.87;225.47;-1.35;1.82;234.67;0.68;0.50;607;3;1;5;0.53;0.39;0.38;0.00;0.00;-0.00;-0.02;0.68;-1.29;1.89;224.05;0.67;0.50;0.003;-100.00;-100.00;-0.47;-3.07
1595880016.637;1908;-1.28;1.84;229.38;-1.35;1.82;234.67;0.68;0.50;607;3;1;5;0.51;0.40;0.38;0.00;0.00;0.00;-0.01;0.69;-1.31;1.87;227.43;0.68;0.50;0.003;-100.00;-100.00;-0.47;-3.07
1595880016.738;1918;-1.30;1.81;233.65;-1.35;1.82;234.67;0.68;0.50;607;3;1;5;0.51;0.40;0.29;0.00;0.00;0.01;0.00;0.66;-1.34;1.84;232.53;0.68;0.50;0.003;-100.00;-100.00;-0.47;-3.07
1595880016.838;1928;-1.32;1.78;237.21;-1.35;1.82;234.67;0.68;0.50;607;3;1;5;0.50;0.41;0.39;0.00;0.00;0.03;0.00;0.66;-1.36;1.81;235.95;0.68;0.50;0.003;-100.00;-100.00;-0.47;-3.07
1595880016.937;1938;-1.33;1.75;241.05;-1.35;1.82;234.67;0.68;0.50;607;3;1;5;0.47;0.41;0.39;0.00;0.00;-0.01;0.03;0.65;-1.37;1.79;239.28;0.66;0.50;0.003;-100.00;-100.00;-0.47;-3.07
1595880017.038;1948;-1.35;1.72;244.55;-1.46;1.46;269.43;0.49;0.50;607;4;1;5;0.47;0.42;0.30;0.00;0.00;-0.00;0.00;0.61;-1.40;1.75;244.08;0.64;0.50;0.003;-100.00;-100.00;-0.47;-3.07
1595880017.152;1960;-1.37;1.68;248.90;-1.45;1.45;-90.00;-0.00;0.50;442;0;1;0;0.54;0.42;0.40;0.00;0.00;0.01;0.00;0.62;-1.42;1.70;248.66;0.61;0.50;0.014;-100.00;-100.00;-0.47;-3.07
1595880017.246;1969;-1.38;1.65;252.47;-1.45;1.45;-90.00;-0.00;0.50;442;0;1;0;0.68;0.44;0.51;0.00;0.00;0.02;-0.00;0.72;-1.45;1.45;-90.00;-0.00;0.50;0.011;-100.00;-100.00;-0.47;-3.07
1595880017.346;1979;-1.39;1.62;257.05;-1.45;1.45;-90.00;-0.00;0.50;442;0;1;0;0.48;0.47;0.30;0.00;0.00;-0.02;-0.02;0.88;-1.45;1.45;-90.00;-0.00;0.50;0.011;-100.00;-100.00;-0.47;-3.07
1595880017.445;1989;-1.39;1.58;263.29;-1.45;1.45;-90.00;-0.00;0.50;442;0;1;0;0.19;0.48;0.41;0.00;0.00;0.01;-0.02;0.86;-1.45;1.45;-90.00;-0.00;0.50;0.011;-100.00;-100.00;-0.47;-3.07
1595880017.546;1999;-1.40;1.54;267.38;-1.45;1.45;-90.00;-0.00;0.50;442;0;1;0;-0.00;0.49;0.44;0.00;0.00;0.01;-0.00;0.51;-1.45;1.45;-90.00;-0.00;0.50;0.011;-100.00;-100.00;-0.47;-3.07
1595880017.646;2009;-1.40;1.50;268.14;-1.45;1.45;-90.00;-0.00;0.50;442;0;1;0;-0.04;0.50;0.34;0.00;0.00;0.01;0.04;0.16;-1.45;1.45;-90.00;-0.00;0.50;0.011;-100.00;-100.00;-0.47;-3.07
1595880017.746;2019;-1.40;1.46;267.71;-1.45;1.21;-90.00;-0.00;0.50;442;1;1;0;-0.01;0.50;0.47;0.00;0.00;0.00;0.01;0.01;-1.45;1.45;-90.00;-0.00;0.50;0.011;-100.00;-100.00;-0.47;-3.07
1595880017.842;2028;-1.40;1.42;267.47;-1.45;1.21;-90.00;-0.00;0.50;442;1;1;0;0.01;0.50;0.48;0.00;0.00;0.03;-0.01;-0.00;-1.45;1.41;-90.00;-0.00;0.50;0.008;-100.00;-100.00;-0.47;-3.07
1595880017.943;2039;-1.41;1.37;267.34;-1.45;1.21;-90.00;-0.00;0.50;442;1;1;0;0.02;0.50;0.36;0.00;0.00;0.03;0.00;-0.01;-1.45;1.38;-90.00;-0.00;0.50;0.008;-100.00;-100.00;-0.47;-3.07
1595880018.043;2048;-1.41;1.33;267.41;-1.45;1.21;-90.00;-0.00;0.50;442;1;1;0;0.02;0.50;0.48;0.00;0.00;-0.03;0.03;-0.00;-1.45;1.33;-90.00;-0.00;0.50;0.008;-100.00;-100.00;-0.47;-3.07
1595880018.143;2059;-1.41;1.28;267.78;-1.45;1.21;-90.00;-0.00;0.50;442;1;1;0;0.00;0.50;0.48;0.00;0.00;0.00;-0.01;0.03;-1.45;1.28;-90.00;-0.00;0.50;0.008;-100.00;-100.00;-0.47;-3.07
1595880018.243;2069;-1.41;1.24;267.81;-1.45;1.21;-90.00;-0.00;0.50;442;1;1;0;0.01;0.50;0.48;0.00;0.00;0.00;0.02;0.01;-1.45;1.23;-90.00;-0.00;0.50;0.008;-100.00;-100.00;-0.47;-3.07
1595880018.343;2079;-1.41;1.19;268.00;-1.45;0.97;-90.00;-0.00;0.50;442;2;1;0;0.00;0.50;0.48;0.00;0.00;0.02;0.01;0.01;-1.45;1.20;-90.00;-0.00;0.50;0.008;-100.00;-100.00;-0.47;-3.07
1595880018.440;2088;-1.41;1.15;268.03;-1.45;0.97;-90.00;-0.00;0.50;442;2;1;0;0.01;0.50;0.48;0.00;0.00;0.02;-0.02;-0.01;-1.45;1.15;-90.00;-0.00;0.50;0.005;-100.00;-100.00;-0.47;-3.07
1595880018.540;2098;-1.41;1.10;267.95;-1.45;0.97;-90.00;-0.00;0.50;442;2;1;0;0.01;0.50;0.36;0.00;0.00;-0.04;0.05;0.02;-1.45;1.10;-90.00;-0.00;0.50;0.005;-100.00;-100.00;-0.47;-3.07
1595880018.640;2108;-1.42;1.06;268.02;-1.45;0.97;-90.00;-0.00;0.50;442;2;1;0;0.01;0.50;0.48;0.00;0.00;0.00;0.04;0.03;-1.45;1.05;-90.00;-0.00;0.50;0.005;-100.00;-100.00;-0.47;-3.07
1595880018.740;2118;-1.42;1.01;268.37;-1.45;0.97;-90.00;-0.00;0.50;442;2;1;0;0.00;0.50;0.48;0.00;0.00;-0.01;-0.01;0.03;-1.45;1.02;-90.00;-0.00;0.50;0.006;-100.00;-100.00;-0.47;-3.07
1595880018.840;2128;-1.42;0.97;268.51;-1.45;0.74;-90.00;-0.00;0.50;442;3;1;0;-0.00;0.50;0.48;0.00;0.00;0.01;0.06;0.03;-1.45;0.97;-90.00;-0.00;0.50;0.005;-100.00;-100.00;-0.47;-3.07
1595880018.938;2138;-1.42;0.92;268.63;-1.45;0.74;-90.00;-0.00;0.50;442;3;1;0;-0.01;0.50;0.48;0.00;0.00;0.00;0.04;0.01;-1.45;0.92;-90.00;-0.00;0.50;0.003;-100.00;-100.00;-0.47;-3.07
1595880019.037;2148;-1.42;0.87;268.74;-1.45;0.74;-90.00;-0.00;0.50;442;3;1;0;-0.01;0.50;0.48;0.00;0.00;0.02;-0.00;0.01;-1.45;0.87;-90.00;-0.00;0.50;0.003;-100.00;-100.00;-0.47;-3.07
1595880019.137;2158;-1.42;0.83;268.59;-1.45;0.74;-90.00;-0.00;0.50;442;3;1;0;0.00;0.50;0.48;0.00;0.00;0.04;-0.01;0.00;-1.45;0.82;-90.00;-0.00;0.50;0.003;-100.00;-100.00;-0.47;-3.07
1595880019.237;2168;-1.43;0.78;268.51;-1.45;0.74;-90.00;-0.00;0.50;442;3;1;0;0.01;0.50;0.48;0.00;0.00;0.03;0.02;-0.01;-1.45;0.79;-90.00;-0.00;0.50;0.003;-100.00;-100.00;-0.47;-3.07
1595880019.337;2178;-1.43;0.74;268.66;-1.45;0.50;-90.00;0.00;0.50;442;4;1;0;0.01;0.50;0.60;0.00;0.00;-0.03;0.04;0.01;-1.45;0.74;-90.00;-0.00;0.50;0.003;-100.00;-100.00;-0.47;-3.07
1595880019.436;2188;-1.43;0.69;268.72;-1.45;0.50;-90.00;0.00;0.50;442;4;1;0;0.01;0.50;0.48;0.00;0.00;0.00;0.01;0.02;-1.45;0.69;-90.00;-0.00;0.50;0.001;-100.00;-100.00;-0.47;-3.07
1595880019.535;2198;-1.43;0.65;268.79;-1.45;0.50;-90.00;0.00;0.50;442;4;1;0;0.01;0.50;0.48;0.00;0.00;0.01;0.05;0.01;-1.45;0.64;-90.00;-0.00;0.50;0.001;-100.00;-100.00;-0.47;-3.07
1595880019.635;2208;-1.43;0.60;268.84;-1.45;0.50;-90.00;0.00;0.50;442;4;1;0;0.01;0.50;0.60;0.00;0.00;0.03;0.03;0.02;-1.45;0.60;-90.00;-0.00;0.50;0.001;-100.00;-100.00;-0.47;-3.07
1595880019.735;2218;-1.43;0.56;268.54;-1.45;0.50;-90.00;0.00;0.50;442;4;1;0;0.03;0.50;0.48;0.00;0.00;-0.00;-0.02;0.01;-1.45;0.56;-90.00;0.00;0.50;0.001;-100.00;-100.00;-0.47;-3.07
1595880019.850;2229;-1.43;0.50;269.09;-1.45;0.25;-90.00;-0.00;0.50;438;0;1;0;-0.00;0.50;0.48;0.00;0.00;-0.00;0.03;0.06;-1.45;0.51;-90.00;0.00;0.50;0.014;-100.00;-100.00;-0.47;-3.07
1595880019.945;2239;-1.43;0.46;268.87;-1.45;0.25;-90.00;-0.00;0.50;438;0;1;0;0.01;0.50;0.60;0.00;0.00;0.00;-0.02;0.01;-1.45;0.25;-90.00;-0.00;0.50;0.011;-100.00;-100.00;-0.47;-3.07
1595880020.046;2249;-1.43;0.41;269.29;-1.45;0.25;-90.00;-0.00;0.50;438;0;1;0;-0.01;0.50;0.36;0.00;0.00;0.00;-0.01;0.02;-1.45;0.25;-90.00;-0.00;0.50;0.011;-100.00;-100.00;-0.47;-3.07
1595880020.146;2259;-1.43;0.37;269.50;-1.45;0.25;-90.00;-0.00;0.50;438;0;1;0;-0.02;0.50;0.48;0.00;0.00;0.00;0.01;0.01;-1.45;0.25;-90.00;-0.00;0.50;0.011;-100.00;-100.00;-0.47;-3.07
1595880020.246;2269;-1.43;0.32;269.31;-1.45;0.25;-90.00;-0.00;0.50;438;0;1;0;-0.01;0.50;0.60;0.00;0.00;-0.00;-0.03;-0.00;-1.45;0.25;-90.00;-0.00;0.50;0.011;-100.00;-100.00;-0.47;-3.07
1595880020.346;2279;-1.43;0.28;269.09;-1.45;0.01;-90.00;-0.00;0.50;438;1;1;0;0.00;0.50;0.36;0.00;0.00;0.02;-0.03;0.00;-1.45;0.25;-90.00;-0.00;0.50;0.011;-100.00;-100.00;-0.47;-3.07
1595880020.443;2289;-1.44;0.23;269.23;-1.45;0.01;-90.00;-0.00;0.50;438;1;1;0;0.00;0.50;0.48;0.00;0.00;0.04;-0.02;0.01;-1.45;0.24;-90.00;-0.00;0.50;0.009;-100.00;-100.00;-0.47;-3.07
1595880020.543;2299;-1.44;0.19;268.98;-1.45;0.01;-90.00;-0.00;0.50;438;1;1;0;0.02;0.50;0.48;0.00;0.00;0.01;0.01;-0.01;-1.45;0.19;-90.00;-0.00;0.50;0.008;-100.00;-100.00;-0.47;-3.07
1595880020.643;2309;-1.44;0.14;269.04;-1.45;0.01;-90.00;-0.00;0.50;438;1;1;0;0.01;0.50;0.48;0.00;0.00;-0.03;0.01;0.02;-1.45;0.14;-90.00;-0.00;0.50;0.008;-100.00;-100.00;-0.47;-3.07
1595880020.743;2319;-1.44;0.10;269.19;-1.45;0.01;-90.00;-0.00;0.50;438;1;1;0;0.01;0.50;0.48;0.00;0.00;0.01;0.01;0.03;-1.45;0.11;-90.00;-0.00;0.50;0.009;-100.00;-100.00;-0.47;-3.07
1595880020.856;2330;-1.44;0.05;269.28;-1.45;0.01;-90.00;-0.00;0.50;438;1;1;0;0.00;0.50;0.48;0.00;0.00;-0.01;0.05;0.01;-1.45;0.06;-90.00;-0.00;0.50;0.021;-100.00;-100.00;-0.47;-3.07
1595880020.943;2339;-1.44;0.00;269.50;-1.45;-0.23;-90.00;-0.00;0.50;438;2;1;0;-0.00;0.50;0.48;0.00;0.00;0.02;0.00;0.02;-1.45;0.01;-90.00;-0.00;0.50;0.008;-100.00;-100.00;-0.47;-3.07
1595880021.040;2348;-1.44;-0.04;269.36;-1.45;-0.23;-90.00;-0.00;0.50;438;2;1;0;0.00;0.50;0.48;0.00;0.00;-0.03;-0.02;-0.00;-1.45;-0.04;-90.00;-0.00;0.50;0.006;-100.00;-100.00;-0.47;-3.07
1595880021.140;2359;-1.44;-0.09;269.57;-1.45;-0.23;-90.00;-0.00;0.50;438;2;1;0;-0.00;0.50;0.48;0.00;0.00;-0.00;0.04;0.02;-1.45;-0.09;-90.00;-0.00;0.50;0.005;-100.00;-100.00;-0.47;-3.07
1595880021.240;2368;-1.44;-0.13;269.47;-1.45;-0.23;-90.00;-0.00;0.50;438;2;1;0;-0.00;0.50;0.48;0.00;0.00;-0.01;-0.05;-0.01;-1.45;-0.12;-90.00;-0.00;0.50;0.006;-100.00;-100.00;-0.47;-3.07
1595880021.340;2378;-1.44;-0.17;269.64;-1.45;-0.23;-90.00;-0.00;0.50;438;2;1;0;-0.01;0.50;0.48;0.00;0.00;-0.00;-0.03;0.02;-1.45;-0.17;-90.00;-0.00;0.50;0.005;-100.00;-100.00;-0.47;-3.07
1595880021.440;2388;-1.44;-0.22;269.63;-1.45;-0.46;-90.00;-0.00;0.50;438;3;1;0;-0.01;0.50;0.48;0.00;0.00;0.01;0.03;-0.01;-1.45;-0.22;-90.00;-0.00;0.50;0.006;-100.00;-100.00;-0.47;-3.07
1595880021.538;2398;-1.44;-0.26;269.52;-1.45;-0.46;-90.00;-0.00;0.50;438;3;1;0;-0.01;0.50;0.48;0.00;0.00;-0.00;-0.01;-0.00;-1.45;-0.25;-90.00;-0.00;0.50;0.003;-100.00;-100.00;-0.47;-3.07
1595880021.637;2408;-1.44;-0.31;269.47;-1.45;-0.46;-90.00;-0.00;0.50;438;3;1;0;-0.00;0.50;0.48;0.00;0.00;0.03;-0.00;-0.01;-1.45;-0.30;-90.00;-0.00;0.50;0.003;-100.00;-100.00;-0.47;-3.07
1595880021.737;2418;-1.44;-0.35;269.49;-1.45;-0.46;-90.00;-0.00;0.50;438;3;1;0;0.00;0.50;0.48;0.00;0.00;0.04;-0.02;-0.00;-1.45;-0.35;-90.00;-0.00;0.50;0.003;-100.00;-100.00;-0.47;-3.07
1595880021.838;2428;-1.44;-0.39;269.36;-1.45;-0.46;-90.00;-0.00;0.50;438;3;1;0;0.01;0.50;0.48;0.00;0.00;-0.01;0.03;-0.01;-1.45;-0.39;-90.00;-0.00;0.50;0.003;-100.00;-100.00;-0.47;-3.07
1595880021.937;2438;-1.44;-0.44;269.36;-1.45;-0.46;-90.00;-0.00;0.50;438;3;1;0;0.01;0.50;0.48;0.00;0.00;-0.03;0.03;0.00;-1.45;-0.44;-90.00;-0.00;0.50;0.003;-100.00;-100.00;-0.47;-3.07
1595880022.038;2448;-1.44;-0.48;269.48;-1.45;-0.70;-90.00;0.00;0.50;438;4;1;0;0.01;0.50;0.48;0.00;0.00;0.01;0.00;0.01;-1.45;-0.48;-90.00;-0.00;0.50;0.003;-100.00;-100.00;-0.47;-3.07
1595880022.135;2458;-1.44;-0.53;269.54;-1.45;-0.70;-90.00;0.00;0.50;438;4;1;0;0.00;0.50;0.48;0.00;0.00;-0.00;0.05;0.01;-1.45;-0.53;-90.00;-0.00;0.50;0.001;-100.00;-100.00;-0.47;-3.07
1595880022.235;2468;-1.44;-0.57;269.71;-1.45;-0.70;-90.00;0.00;0.50;438;4;1;0;-0.00;0.50;0.48;0.00;0.00;0.02;-0.02;0.01;-1.45;-0.57;-90.00;-0.00;0.50;0.001;-100.00;-100.00;-0.47;-3.07
1595880022.335;2478;-1.44;-0.62;269.63;-1.45;-0.70;-90.00;0.00;0.50;438;4;1;0;-0.00;0.50;0.48;0.00;0.00;-0.03;0.01;0.00;-1.45;-0.62;-90.00;-0.00;0.50;0.001;-100.00;-100.00;-0.47;-3.07
1595880022.435;2488;-1.44;-0.66;269.74;-1.45;-0.70;-90.00;0.00;0.50;438;4;1;0;-0.01;0.50;0.48;0.00;0.00;0.01;0.02;0.03;-1.45;-0.66;-90.00;0.00;0.50;0.001;-100.00;-100.00;-0.47;-3.07
1595880022.550;2499;-1.44;-0.71;269.84;-1.45;-0.95;-90.00;-0.00;0.50;529;0;1;0;-0.01;0.50;0.48;0.00;0.00;-0.02;-0.06;0.01;-1.45;-0.71;-90.00;0.00;0.50;0.014;-100.00;-100.00;-0.47;-3.07
1595880022.646;2509;-1.44;-0.75;269.98;-1.45;-0.95;-90.00;-0.00;0.50;529;0;1;0;-0.02;0.50;0.48;0.00;0.00;0.02;0.01;0.00;-1.45;-0.95;-90.00;-0.00;0.50;0.011;-100.00;-100.00;-0.47;-3.07
1595880022.746;2519;-1.44;-0.80;269.80;-1.45;-0.95;-90.00;-0.00;0.50;529;0;1;0;-0.01;0.50;0.48;0.00;0.00;-0.00;-0.00;-0.01;-1.45;-0.95;-90.00;-0.00;0.50;0.011;-100.00;-100.00;-0.47;-3.07
1595880022.846;2529;-1.44;-0.84;269.80;-1.45;-0.95;-90.00;-0.00;0.50;529;0;1;0;-0.01;0.50;0.48;0.00;0.00;0.01;-0.01;0.00;-1.45;-0.95;-90.00;-0.00;0.50;0.011;-100.00;-100.00;-0.47;-3.07
1595880022.946;2539;-1.44;-0.89;269.74;-1.45;-0.95;-90.00;-0.00;0.50;529;0;1;0;-0.01;0.50;0.48;0.00;0.00;0.03;-0.02;-0.00;-1.45;-0.95;-90.00;-0.00;0.50;0.011;-100.00;-100.00;-0.47;-3.07
1595880023.046;2549;-1.44;-0.93;269.53;-1.45;-1.19;-90.00;-0.00;0.50;529;1;1;0;0.01;0.50;0.36;0.00;0.00;0.03;-0.01;-0.01;-1.45;-0.95;-90.00;-0.00;0.50;0.011;-100.00;-100.00;-0.47;-3.07
1595880023.143;2559;-1.44;-0.98;269.51;-1.45;-1.19;-90.00;-0.00;0.50;529;1;1;0;0.01;0.50;0.48;0.00;0.00;-0.03;0.03;0.01;-1.45;-0.97;-90.00;-0.00;0.50;0.009;-100.00;-100.00;-0.47;-3.07
1595880023.243;2569;-1.44;-1.03;269.61;-1.45;-1.19;-90.00;-0.00;0.50;529;1;1;0;0.00;0.50;0.48;0.00;0.00;-0.00;0.03;0.02;-1.45;-1.02;-90.00;-0.00;0.50;0.008;-100.00;-100.00;-0.47;-3.07
1595880023.343;2579;-1.44;-1.07;269.65;-1.45;-1.19;-90.00;-0.00;0.50;529;1;1;0;0.00;0.50;0.48;0.00;0.00;0.01;0.02;0.01;-1.45;-1.07;-90.00;-0.00;0.50;0.008;-100.00;-100.00;-0.47;-3.07
1595880023.443;2588;-1.44;-1.11;269.80;-1.45;-1.19;-90.00;-0.00;0.50;529;1;1;0;-0.01;0.50;0.48;0.00;0.00;0.01;0.04;0.01;-1.45;-1.12;-90.00;-0.00;0.50;0.008;-100.00;-100.00;-0.47;-3.07
1595880023.544;2599;-1.44;-1.16;269.77;-1.45;-1.43;-90.00;-0.00;0.50;529;2;1;0;-0.00;0.50;0.48;0.00;0.00;0.01;-0.03;-0.02;-1.45;-1.15;-90.00;-0.00;0.50;0.009;-100.00;-100.00;-0.47;-3.07
1595880023.640;2608;-1.44;-1.20;269.63;-1.45;-1.43;-90.00;-0.00;0.50;529;2;1;0;-0.00;0.50;0.48;0.00;0.00;-0.02;0.03;-0.01;-1.45;-1.20;-90.00;-0.00;0.50;0.006;-100.00;-100.00;-0.47;-3.07
1595880023.740;2618;-1.44;-1.25;269.77;-1.45;-1.43;-90.00;-0.00;0.50;529;2;1;0;-0.01;0.50;0.48;0.00;0.00;0.01;0.01;0.01;-1.45;-1.25;-90.00;-0.00;0.50;0.005;-100.00;-100.00;-0.47;-3.07
1595880023.840;2629;-1.44;-1.30;269.68;-1.45;-1.43;-90.00;-0.00;0.50;529;2;1;0;-0.01;0.50;0.49;0.00;0.00;-0.02;-0.05;0.00;-1.45;-1.30;-90.00;-0.00;0.50;0.005;-100.00;-100.00;-0.47;-3.07
1595880023.940;2638;-1.44;-1.34;269.79;-1.45;-1.43;-90.00;-0.00;0.50;529;2;1;0;-0.01;0.50;0.48;0.00;0.00;0.01;0.02;0.00;-1.45;-1.33;-90.00;-0.00;0.50;0.006;-100.00;-100.00;-0.47;-3.07
1595880024.040;2648;-1.44;-1.39;269.74;-1.45;-1.43;-90.00;-0.00;0.50;529;2;1;0;-0.00;0.50;0.48;0.00;0.00;-0.00;0.01;0.00;-1.45;-1.38;-90.00;-0.00;0.50;0.005;-100.00;-100.00;-0.47;-3.07
1595880024.140;2658;-1.44;-1.43;269.66;-1.45;-1.66;-90.00;-0.00;0.50;529;3;1;0;-0.00;0.50;0.48;0.00;0.00;0.02;-0.02;-0.00;-1.45;-1.43;-90.00;-0.00;0.50;0.006;-100.00;-100.00;-0.47;-3.07
1595880024.238;2668;-1.44;-1.48;269.68;-1.45;-1.66;-90.00;-0.00;0.50;529;3;1;0;0.00;0.50;0.48;0.00;0.00;0.03;-0.03;0.01;-1.45;-1.48;-90.00;-0.00;0.50;0.003;-100.00;-100.00;-0.47;-3.07
1595880024.337;2678;-1.44;-1.52;269.74;-1.45;-1.66;-90.00;-0.00;0.50;529;3;1;0;-0.00;0.50;0.48;0.00;0.00;0.02;0.01;-0.01;-1.45;-1.51;-90.00;-0.00;0.50;0.003;-100.00;-100.00;-0.47;-3.07
1595880024.448;2689;-1.44;-1.57;269.73;-1.45;-1.66;-90.00;-0.00;0.50;529;3;1;0;-0.00;0.50;0.48;0.00;0.00;-0.02;0.03;-0.00;-1.45;-1.56;-90.00;-0.00;0.50;0.012;-100.00;-100.00;-0.47;-3.07
1595880024.537;2698;-1.44;-1.61;269.64;-1.45;-1.66;-90.00;-0.00;0.50;529;3;1;0;0.00;0.50;0.48;0.00;0.00;0.00;-0.00;0.00;-1.45;-1.61;-90.00;-0.00;0.50;0.003;-100.00;-100.00;-0.47;-3.07
1595880024.637;2708;-1.44;-1.66;269.58;-1.45;-1.90;-90.00;0.00;0.50;529;4;1;0;0.01;0.50;0.48;0.00;0.00;0.01;0.02;-0.01;-1.45;-1.66;-90.00;-0.00;0.50;0.003;-100.00;-100.00;-0.47;-3.07
1595880024.735;2718;-1.44;-1.71;269.58;-1.45;-1.90;-90.00;0.00;0.50;529;4;1;0;0.00;0.50;0.48;0.00;0.00;0.01;0.03;0.01;-1.45;-1.71;-90.00;-0.00;0.50;0.001;-100.00;-100.00;-0.47;-3.07
1595880024.835;2728;-1.45;-1.75;269.48;-1.45;-1.90;-90.00;0.00;0.50;529;4;1;0;0.01;0.50;0.48;0.00;0.00;-0.01;-0.04;0.00;-1.45;-1.74;-90.00;-0.00;0.50;0.001;-100.00;-100.00;-0.47;-3.07
1595880024.935;2738;-1.44;-1.79;269.86;-1.45;-1.90;-90.00;0.00;0.50;529;4;1;0;-0.01;0.50;0.48;0.00;0.00;-0.02;0.03;0.02;-1.45;-1.79;-90.00;-0.00;0.50;0.001;-100.00;-100.00;-0.47;-3.07
1595880025.036;2748;-1.44;-1.84;269.67;-1.45;-1.90;-90.00;0.00;0.50;529;4;1;0;-0.00;0.50;0.48;0.00;0.00;-0.01;-0.05;-0.02;-1.45;-1.84;-90.00;0.00;0.50;0.001;-100.00;-100.00;-0.47;-3.07
1595880025.153;2760;-1.44;-1.89;269.64;-1.45;-2.15;-90.00;0.11;0.00;525;1;1;5;-0.00;0.50;0.48;0.00;0.00;0.00;-0.02;-0.01;-1.45;-1.89;-90.00;0.00;0.50;0.014;-100.00;-100.00;-0.47;-3.07
1595880034.836;3728;-1.44;-2.06;269.50;-1.45;-2.33;-90.00;-0.00;0.50;526;2;1;0;0.19;0.49;0.00;0.00;0.00;0.00;0.00;0.00;-1.45;-2.15;-89.96;0.18;0.07;0.042;-100.00;-100.00;-0.47;-3.07
1595880034.848;3729;-1.44;-2.06;269.52;-1.45;-2.33;-90.00;-0.00;0.50;526;2;1;0;0.01;0.49;0.00;0.00;0.00;0.00;0.00;0.00;-1.45;-2.07;-90.00;-0.00;0.50;0.011;-100.00;-100.00;-0.47;-3.07
1595880034.942;3738;-1.44;-2.06;269.69;-1.45;-2.33;-90.00;-0.00;0.50;526;2;1;0;0.00;0.49;0.00;0.00;0.00;0.04;-0.20;0.03;-1.45;-2.07;-90.00;-0.00;0.50;0.005;-100.00;-100.00;-0.47;-3.07
1595880035.042;3749;-1.44;-2.11;269.39;-1.45;-2.33;-90.00;-0.00;0.50;526;2;1;0;0.02;0.49;0.29;0.00;0.00;-0.02;0.30;-0.03;-1.45;-2.10;-90.00;-0.00;0.50;0.005;-100.00;-100.00;-0.47;-3.07
1595880035.142;3759;-1.44;-2.16;269.66;-1.45;-2.33;-90.00;-0.00;0.50;526;2;1;0;0.00;0.49;0.40;0.00;0.00;-0.01;0.03;0.02;-1.45;-2.15;-90.00;-0.00;0.50;0.005;-100.00;-100.00;-0.47;-3.07
1595880035.243;3769;-1.44;-2.20;269.52;-1.45;-2.33;-90.00;-0.00;0.50;526;2;1;0;0.01;0.49;0.48;0.00;0.00;0.02;-0.03;-0.00;-1.45;-2.20;-90.00;-0.00;0.50;0.006;-100.00;-100.00;-0.47;-3.07
1595880035.342;3778;-1.45;-2.24;269.45;-1.45;-2.33;-90.00;-0.00;0.50;526;2;1;0;0.02;0.49;0.47;0.00;0.00;0.01;0.08;-0.01;-1.45;-2.23;-90.00;-0.00;0.50;0.005;-100.00;-100.00;-0.47;-3.07
1595880035.442;3788;-1.45;-2.28;269.63;-1.45;-2.33;-90.00;-0.00;0.50;526;2;1;0;0.01;0.49;0.47;0.00;0.00;0.02;-0.02;0.02;-1.45;-2.28;-90.00;-0.00;0.50;0.005;-100.00;-100.00;-0.47;-3.07
1595880035.542;3799;-1.45;-2.33;269.80;-1.45;-2.56;-90.00;-0.00;0.50;526;3;1;0;-0.00;0.49;0.47;0.00;0.00;-0.02;0.01;0.00;-1.45;-2.33;-90.00;-0.00;0.50;0.005;-100.00;-100.00;-0.47;-3.07
1595880035.639;3808;-1.45;-2.37;269.70;-1.45;-2.56;-90.00;-0.00;0.50;526;3;1;0;0.00;0.49;0.47;0.00;0.00;-0.02;0.03;0.01;-1.45;-2.37;-90.00;-0.00;0.50;0.003;-100.00;-100.00;-0.47;-3.07
1595880035.739;3818;-1.45;-2.42;269.72;-1.45;-2.56;-90.00;-0.00;0.50;526;3;1;0;0.00;0.49;0.47;0.00;0.00;-0.01;-0.02;0.01;-1.45;-2.41;-90.00;-0.00;0.50;0.003;-100.00;-100.00;-0.47;-3.07
1595880035.840;3828;-1.44;-2.46;270.27;-1.45;-2.56;-90.00;-0.00;0.50;526;3;1;0;-0.03;0.49;0.48;0.00;0.00;0.00;-0.01;0.03;-1.45;-2.46;-90.00;-0.00;0.50;0.003;-100.00;-100.00;-0.47;-3.07
1595880035.940;3838;-1.45;-2.50;269.94;-1.45;-2.56;-90.00;-0.00;0.50;526;3;1;0;-0.01;0.49;0.36;0.00;0.00;0.01;0.04;-0.01;-1.45;-2.50;-90.00;-0.00;0.50;0.003;-100.00;-100.00;-0.47;-3.07
1595880036.040;3848;-1.45;-2.55;269.73;-1.45;-2.80;-90.00;0.00;0.50;526;4;1;0;0.00;0.49;0.47;0.00;0.00;-0.00;0.01;-0.01;-1.45;-2.55;-90.00;-0.00;0.50;0.003;-100.00;-100.00;-0.47;-3.07
1595880036.138;3858;-1.45;-2.59;269.64;-1.45;-2.80;-90.00;0.00;0.50;526;4;1;0;0.01;0.49;0.48;0.00;0.00;0.02;-0.01;0.01;-1.45;-2.60;-90.00;-0.00;0.50;0.001;-100.00;-100.00;-0.47;-3.07
1595880036.238;3868;-1.45;-2.63;269.76;-1.45;-2.80;-90.00;0.00;0.50;526;4;1;0;0.00;0.49;0.48;0.00;0.00;0.03;-0.02;0.01;-1.45;-2.63;-90.00;-0.00;0.50;0.001;-100.00;-100.00;-0.47;-3.07
1595880036.340;3878;-1.45;-2.68;269.64;-1.45;-2.80;-90.00;0.00;0.50;526;4;1;0;0.01;0.49;0.48;0.00;0.00;0.01;0.01;-0.00;-1.45;-2.68;-90.00;-0.00;0.50;0.003;-100.00;-100.00;-0.47;-3.07
1595880036.438;3888;-1.45;-2.72;269.55;-1.45;-2.80;-90.00;0.00;0.50;526;4;1;0;0.02;0.49;0.48;0.00;0.00;-0.02;0.01;0.01;-1.45;-2.72;-90.00;-0.00;0.50;0.001;-100.00;-100.00;-0.47;-3.07
1595880036.538;3898;-1.45;-2.77;269.83;-1.45;-2.80;-90.00;0.00;0.50;526;4;1;0;0.00;0.49;0.48;0.00;0.00;0.01;-0.03;0.03;-1.45;-2.76;-90.00;0.00;0.50;0.001;-100.00;-100.00;-0.47;-3.07
1595880036.651;3910;-1.45;-2.82;270.01;-1.45;-3.05;-90.00;0.00;-0.50;966;0;1;2;-0.01;0.49;0.48;0.00;0.00;0.00;0.03;0.01;-1.45;-2.81;-90.00;0.00;0.50;0.013;-100.00;-100.00;-0.47;-3.07
1595880036.760;3920;-1.45;-2.86;270.09;-1.45;-2.75;-90.00;0.00;-0.50;523;0;1;2;-0.01;0.45;0.48;0.00;0.00;0.02;-0.04;0.00;-1.45;-2.85;-90.00;0.00;-0.50;0.013;-100.00;-100.00;-0.47;-3.07
1595880036.847;3929;-1.45;-2.90;269.84;-1.45;-2.65;-90.00;0.00;-0.50;523;1;1;2;-0.02;0.38;0.48;0.00;0.00;-0.02;0.01;-0.01;-1.45;-2.75;-90.00;0.00;-0.50;0.010;-100.00;-100.00;-0.47;-3.07
1595880036.944;3939;-1.44;-2.94;269.74;-1.45;-2.65;-90.00;0.00;-0.50;523;1;1;2;-0.03;0.32;0.46;0.00;0.00;0.01;0.05;0.02;-1.45;-2.75;-90.00;0.00;-0.50;0.008;-100.00;-100.00;-0.47;-3.07
1595880037.044;3949;-1.45;-2.97;269.39;-1.45;-2.65;-90.00;0.00;-0.50;523;1;1;2;-0.04;0.25;0.38;0.00;0.00;-0.01;0.01;-0.02;-1.45;-2.75;-90.00;0.00;-0.50;0.008;-100.00;-100.00;-0.47;-3.07
1595880037.145;3959;-1.45;-3.00;269.27;-1.45;-2.65;-90.00;0.00;-0.50;523;1;1;2;-0.05;0.19;0.32;0.00;0.00;-0.01;-0.04;0.01;-1.45;-2.75;-90.00;0.00;-0.50;0.008;-100.00;-100.00;-0.47;-3.07
1595880037.245;3969;-1.44;-3.02;269.60;-1.45;-2.65;-90.00;0.00;-0.50;523;1;1;2;-0.03;0.13;0.29;0.00;0.00;-0.01;0.00;-0.01;-1.45;-2.75;-90.00;0.00;-0.50;0.008;-100.00;-100.00;-0.47;-3.07
1595880037.344;3979;-1.45;-3.04;269.33;-1.45;-2.65;-90.00;0.00;-0.50;523;1;1;2;-0.04;0.06;0.23;0.00;0.00;0.01;0.03;-0.02;-1.45;-2.75;-90.00;0.00;-0.50;0.008;-100.00;-100.00;-0.47;-3.07
1595880037.444;3989;-1.45;-3.05;269.00;-1.45;-2.65;-90.00;0.00;-0.50;523;1;1;2;-0.06;0.00;0.14;0.00;0.00;0.00;0.04;-0.02;-1.45;-2.75;-90.00;0.00;-0.50;0.007;-100.00;-100.00;-0.47;-3.07
1595880037.544;3998;-1.45;-3.05;268.81;-1.45;-2.65;-90.00;0.00;-0.50;523;1;1;2;-0.06;-0.06;0.11;0.00;0.00;0.01;0.03;-0.01;-1.45;-2.75;-90.00;0.00;-0.50;0.007;-100.00;-100.00;-0.47;-3.07
1595880037.644;4009;-1.45;-3.05;268.87;-1.45;-2.65;-90.00;0.00;-0.50;523;1;1;2;-0.06;-0.11;0.02;0.00;0.00;0.00;0.01;-0.01;-1.45;-2.75;-90.00;0.00;-0.50;0.008;-100.00;-100.00;-0.47;-3.07
1595880037.744;4019;-1.44;-3.05;269.22;-1.45;-2.65;-90.00;0.00;-0.50;523;1;1;2;-0.05;-0.17;-0.01;0.00;0.00;0.00;0.04;-0.02;-1.45;-2.75;-90.00;0.00;-0.50;0.007;-100.00;-100.00;-0.47;-3.07
1595880037.844;4029;-1.45;-3.04;268.99;-1.45;-2.65;-90.00;0.00;-0.50;523;1;1;2;-0.06;-0.21;-0.05;0.00;0.00;0.00;0.01;0.01;-1.45;-2.75;-90.00;0.00;-0.50;0.008;-100.00;-100.00;-0.47;-3.07
1595880037.944;4039;-1.45;-3.02;269.69;-1.45;-2.65;-90.00;0.00;-0.50;523;1;1;2;-0.03;-0.26;-0.10;0.00;0.00;0.00;0.03;0.01;-1.45;-2.75;-90.00;0.00;-0.50;0.007;-100.00;-100.00;-0.47;-3.07
1595880038.044;4049;-1.44;-3.00;269.97;-1.45;-2.65;-90.00;0.00;-0.50;523;1;1;2;-0.01;-0.30;-0.12;0.00;0.00;0.01;0.02;0.01;-1.45;-2.75;-90.00;0.00;-0.50;0.008;-100.00;-100.00;-0.47;-3.07
1595880038.144;4059;-1.45;-2.98;269.57;-1.45;-2.65;-90.00;0.00;-0.50;523;1;1;2;-0.03;-0.34;-0.22;0.00;0.00;0.01;0.04;-0.00;-1.45;-2.75;-90.00;0.00;-0.50;0.007;-100.00;-100.00;-0.47;-3.07
1595880038.244;4069;-1.45;-2.96;270.04;-1.45;-2.65;-90.00;0.00;-0.50;523;1;1;2;-0.01;-0.37;-0.24;0.00;0.00;0.01;0.03;0.01;-1.45;-2.75;-90.00;0.00;-0.50;0.007;-100.00;-100.00;-0.47;-3.07
1595880038.344;4079;-1.45;-2.93;270.02;-1.45;-2.65;-90.00;0.00;-0.50;523;1;1;2;-0.01;-0.40;-0.28;0.00;0.00;0.01;-0.00;0.01;-1.45;-2.75;-90.00;0.00;-0.50;0.008;-100.00;-100.00;-0.47;-3.07
1595880038.444;4089;-1.45;-2.90;270.41;-1.45;-2.65;-90.00;0.00;-0.50;523;1;1;2;0.01;-0.42;-0.24;0.00;0.00;0.02;0.01;0.01;-1.45;-2.75;-90.00;0.00;-0.50;0.007;-100.00;-100.00;-0.47;-3.07
1595880038.544;4099;-1.45;-2.86;269.89;-1.45;-2.65;-90.00;0.00;-0.50;523;1;1;2;-0.01;-0.43;-0.34;0.00;0.00;0.01;0.02;-0.02;-1.45;-2.75;-90.00;0.00;-0.50;0.007;-100.00;-100.00;-0.47;-3.07
1595880038.644;4109;-1.45;-2.83;270.12;-1.45;-2.56;-90.00;0.00;-0.50;523;2;1;2;-0.00;-0.45;-0.36;0.00;0.00;-0.00;0.06;0.01;-1.45;-2.75;-90.00;0.00;-0.50;0.007;-100.00;-100.00;-0.47;-3.07
1595880038.742;4119;-1.45;-2.79;270.24;-1.45;-2.56;-90.00;0.00;-0.50;523;2;1;2;0.01;-0.45;-0.39;0.00;0.00;-0.00;-0.02;0.01;-1.45;-2.75;-90.00;0.00;-0.50;0.005;-100.00;-100.00;-0.47;-3.07
1595880038.842;4129;-1.45;-2.75;270.02;-1.45;-2.56;-90.00;0.00;-0.50;523;2;1;2;-0.00;-0.45;-0.40;0.00;0.00;-0.00;0.02;0.00;-1.45;-2.75;-90.00;0.00;-0.50;0.005;-100.00;-100.00;-0.47;-3.07
1595880038.956;4140;-1.45;-2.71;270.31;-1.45;-2.45;-90.00;0.00;-0.50;524;0;1;2;0.01;-0.46;-0.41;0.00;0.00;0.02;0.02;-0.00;-1.45;-2.71;-90.00;0.00;-0.50;0.013;-100.00;-100.00;-0.47;-3.07
1595880039.047;4149;-1.45;-2.67;269.82;-1.45;-2.45;-90.00;0.00;-0.50;524;0;1;2;-0.01;-0.48;-0.41;0.00;0.00;0.03;-0.02;-0.01;-1.45;-2.45;-90.00;0.00;-0.50;0.010;-100.00;-100.00;-0.47;-3.07
1595880039.147;4159;-1.45;-2.63;270.12;-1.45;-2.35;-90.00;0.00;-0.50;524;1;1;2;0.01;-0.50;-0.43;0.00;0.00;-0.01;0.02;0.02;-1.45;-2.45;-90.00;0.00;-0.50;0.010;-100.00;-100.00;-0.47;-3.07
1595880039.244;4169;-1.45;-2.59;270.57;-1.45;-2.35;-90.00;0.00;-0.50;524;1;1;2;0.03;-0.50;-0.43;0.00;0.00;-0.03;0.02;-0.01;-1.45;-2.45;-90.00;0.00;-0.50;0.008;-100.00;-100.00;-0.47;-3.07
1595880039.344;4179;-1.45;-2.54;270.25;-1.45;-2.35;-90.00;0.00;-0.50;524;1;1;2;0.01;-0.50;-0.46;0.00;0.00;-0.01;0.01;-0.03;-1.45;-2.45;-90.00;0.00;-0.50;0.008;-100.00;-100.00;-0.47;-3.07
1595880039.444;4189;-1.45;-2.50;269.98;-1.45;-2.26;-90.00;0.00;-0.50;524;2;1;2;0.00;-0.50;-0.46;0.00;0.00;0.01;-0.02;-0.02;-1.45;-2.45;-90.00;0.00;-0.50;0.007;-100.00;-100.00;-0.47;-3.07
1595880039.547;4199;-1.45;-2.46;270.09;-1.45;-2.26;-90.00;0.00;-0.50;524;2;1;2;0.01;-0.50;-0.46;0.00;0.00;-0.00;-0.01;-0.01;-1.45;-2.45;-90.00;0.00;-0.50;0.010;-100.00;-100.00;-0.47;-3.07
1595880039.673;4212;-1.45;-2.40;269.94;-1.45;-2.26;-95.04;-0.49;0.50;525;1;1;6;-0.01;-0.50;-0.46;0.00;0.00;0.01;0.02;-0.02;-1.45;-2.41;-90.00;0.00;-0.50;0.025;-100.00;-100.00;-0.47;-3.07
1595880039.752;4220;-1.45;-2.37;269.92;-1.84;-2.73;-163.22;-0.54;0.50;525;4;1;6;-0.79;-0.44;-0.46;0.00;0.00;0.01;0.03;-0.00;-1.47;-2.37;-104.46;-0.62;0.50;0.015;-100.00;-100.00;-0.47;-3.07
1595880039.838;4228;-1.45;-2.33;270.04;-1.84;-2.73;-163.22;-0.54;0.50;525;4;1;6;-0.79;-0.39;-0.46;0.00;0.00;0.01;0.00;0.09;-1.46;-2.33;-100.42;-0.57;0.50;0.001;-100.00;-100.00;-0.47;-3.07
1595880039.938;4238;-1.45;-2.28;276.09;-1.84;-2.73;-163.22;-0.54;0.50;525;4;1;6;-0.79;-0.33;-0.45;0.00;0.00;0.01;-0.00;1.00;-1.46;-2.28;-96.83;-0.52;0.50;0.001;-100.00;-100.00;-0.47;-3.07
1595880040.038;4248;-1.45;-2.25;282.41;-1.84;-2.73;-163.22;-0.54;0.50;525;4;1;6;-0.79;-0.28;-0.40;0.00;0.00;-0.01;0.01;1.04;-1.45;-2.25;-94.44;-0.47;0.48;0.001;-100.00;-100.00;-0.47;-3.07
1595880040.138;4258;-1.46;-2.21;287.75;-1.84;-2.73;-163.22;-0.54;0.50;525;4;1;6;-0.79;-0.23;-0.34;0.00;0.00;0.03;0.02;0.88;-1.45;-2.21;-92.12;-0.37;0.38;0.001;-100.00;-100.00;-0.47;-3.07
1595880040.238;4268;-1.47;-2.19;292.07;-1.84;-2.73;-163.22;-0.54;0.50;525;4;1;6;-0.79;-0.18;-0.28;0.00;0.00;0.02;-0.00;0.76;-1.45;-2.19;-91.05;-0.29;0.30;0.001;-100.00;-100.00;-0.47;-3.07
1595880040.338;4278;-1.48;-2.17;295.63;-1.84;-2.73;-163.22;-0.54;0.50;525;4;1;6;-0.79;-0.14;-0.23;0.00;0.00;-0.00;0.00;0.63;-1.45;-2.17;-90.42;-0.22;0.23;0.001;-100.00;-100.00;-0.47;-3.07
1595880040.438;4288;-1.48;-2.16;298.30;-1.84;-2.73;-163.22;-0.54;0.50;525;4;1;6;-0.79;-0.10;-0.19;0.00;0.00;0.01;-0.00;0.43;-1.45;-2.16;-90.06;-0.12;0.13;0.001;-100.00;-100.00;-0.47;-3.07
1595880040.538;4298;-1.49;-2.15;300.00;-1.84;-2.73;-163.22;-0.54;0.50;525;4;1;6;-0.79;-0.07;-0.15;0.00;0.00;0.01;0.01;0.31;-1.45;-2.15;-90.00;-0.05;0.05;0.001;-100.00;-100.00;-0.47;-3.07
1595880040.638;4308;-1.49;-2.14;301.60;-1.84;-2.73;-163.22;-0.54;0.50;525;4;1;6;-0.79;-0.04;-0.11;0.00;0.00;0.01;0.01;0.20;-1.45;-2.15;-90.00;-0.05;0.05;0.001;-100.00;-100.00;-0.47;-3.07
1595880040.739;4318;-1.50;-2.14;302.05;-1.84;-2.73;-163.22;-0.54;0.50;525;4;1;6;-0.79;-0.01;-0.08;0.00;0.00;0.01;0.00;0.11;-1.45;-2.15;-90.00;-0.05;0.05;0.002;-100.00;-100.00;-0.47;-3.07
1595880040.838;4328;-1.50;-2.14;302.35;-1.84;-2.73;-163.22;-0.54;0.50;525;4;1;6;-0.79;0.02;-0.03;0.00;0.00;0.00;-0.00;0.02;-1.45;-2.15;-90.00;-0.05;0.05;0.001;-100.00;-100.00;-0.47;-3.07
1595880040.938;4338;-1.50;-2.14;302.01;-1.84;-2.73;-163.22;-0.54;0.50;525;4;1;6;-0.79;0.05;-0.02;0.00;0.00;0.00;-0.01;-0.06;-1.45;-2.15;-90.00;-0.05;0.05;0.001;-100.00;-100.00;-0.47;-3.07
1595880041.038;4348;-1.50;-2.14;301.42;-1.84;-2.73;-163.22;-0.54;0.50;525;4;1;6;-0.79;0.08;0.01;0.00;0.00;0.00;-0.01;-0.11;-1.45;-2.15;-90.00;-0.05;0.05;0.001;-100.00;-100.00;-0.47;-3.07
1595880041.138;4358;-1.49;-2.14;300.37;-1.84;-2.73;-163.22;-0.54;0.50;525;4;1;6;-0.79;0.10;0.04;0.00;0.00;0.00;-0.03;-0.15;-1.45;-2.15;-90.00;-0.05;0.05;0.001;-100.00;-100.00;-0.47;-3.07
1595880041.238;4368;-1.49;-2.15;299.29;-1.84;-2.73;-163.22;-0.54;0.50;525;4;1;6;-0.79;0.12;0.06;0.00;0.00;0.01;0.01;-0.23;-1.45;-2.15;-90.00;-0.05;0.05;0.001;-100.00;-100.00;-0.47;-3.07
1595880041.338;4378;-1.48;-2.16;297.61;-1.84;-2.73;-163.22;-0.54;0.50;525;4;1;6;-0.79;0.15;0.07;0.00;0.00;0.00;-0.01;-0.26;-1.45;-2.16;-90.06;-0.12;0.13;0.001;-100.00;-100.00;-0.47;-3.07
1595880041.438;4388;-1.48;-2.17;295.66;-1.84;-2.73;-163.22;-0.54;0.50;525;4;1;6;-0.79;0.17;0.10;0.00;0.00;0.01;-0.01;-0.34;-1.45;-2.17;-90.29;-0.20;0.20;0.001;-100.00;-100.00;-0.47;-3.07
1595880041.538;4398;-1.47;-2.18;293.33;-1.84;-2.73;-163.22;-0.54;0.50;525;4;1;6;-0.79;0.20;0.17;0.00;0.00;0.02;0.00;-0.42;-1.45;-2.18;-90.80;-0.27;0.28;0.001;-100.00;-100.00;-0.47;-3.07
1595880041.638;4408;-1.46;-2.20;290.42;-1.84;-2.73;-163.22;-0.54;0.50;525;4;1;6;-0.79;0.22;0.15;0.00;0.00;-0.00;-0.00;-0.52;-1.45;-2.20;-91.36;-0.32;0.33;0.001;-100.00;-100.00;-0.47;-3.07
1595880041.738;4418;-1.45;-2.21;286.98;-1.84;-2.73;-163.22;-0.54;0.50;525;4;1;6;-0.79;0.25;0.17;0.00;0.00;-0.01;-0.01;-0.62;-1.45;-2.21;-92.12;-0.37;0.38;0.001;-100.00;-100.00;-0.47;-3.07
1595880041.838;4428;-1.45;-2.23;282.87;-1.84;-2.73;-163.22;-0.54;0.50;525;4;1;6;-0.79;0.27;0.26;0.00;0.00;0.00;-0.01;-0.71;-1.45;-2.23;-93.14;-0.42;0.43;0.001;-100.00;-100.00;-0.47;-3.07
1595880041.938;4438;-1.44;-2.25;278.33;-1.84;-2.73;-163.22;-0.54;0.50;525;4;1;6;-0.79;0.30;0.22;0.00;0.00;-0.01;0.01;-0.78;-1.45;-2.25;-94.44;-0.47;0.48;0.001;-100.00;-100.00;-0.47;-3.07
1595880042.038;4448;-1.43;-2.28;273.51;-1.84;-2.73;-163.22;-0.54;0.50;525;4;1;6;-0.79;0.32;0.26;0.00;0.00;0.02;-0.01;-0.86;-1.46;-2.28;-96.83;-0.52;0.50;0.001;-100.00;-100.00;-0.47;-3.07
1595880042.138;4458;-1.43;-2.31;268.30;-1.84;-2.73;-163.22;-0.54;0.50;525;4;1;6;-0.79;0.34;0.27;0.00;0.00;-0.02;-0.01;-0.91;-1.46;-2.30;-98.57;-0.54;0.50;0.001;-100.00;-100.00;-0.47;-3.07
1595880042.239;4468;-1.43;-2.34;262.95;-1.84;-2.73;-163.22;-0.54;0.50;525;4;1;6;-0.74;0.35;0.29;0.00;0.00;-0.02;0.01;-0.98;-1.46;-2.34;-101.39;-0.58;0.50;0.001;-100.00;-100.00;-0.47;-3.07
1595880042.338;4478;-1.43;-2.37;256.85;-1.84;-2.73;-163.22;-0.54;0.50;525;4;1;6;-0.61;0.36;0.31;0.00;0.00;-0.01;0.00;-0.97;-1.47;-2.36;-103.41;-0.61;0.50;0.001;-100.00;-100.00;-0.47;-3.07
1595880042.438;4488;-1.43;-2.40;251.96;-1.84;-2.73;-163.22;-0.54;0.50;525;4;1;6;-0.58;0.37;0.33;0.00;0.00;-0.01;0.05;-0.81;-1.48;-2.39;-106.66;-0.65;0.50;0.001;-100.00;-100.00;-0.47;-3.07
1595880042.538;4498;-1.45;-2.44;247.83;-1.84;-2.73;-163.22;-0.54;0.50;525;4;1;6;-0.60;0.38;0.25;0.00;0.00;-0.00;0.02;-0.75;-1.49;-2.42;-110.19;-0.69;0.50;0.001;-100.00;-100.00;-0.47;-3.07
1595880042.638;4508;-1.46;-2.47;243.75;-1.84;-2.73;-163.22;-0.54;0.50;525;4;1;6;-0.64;0.39;0.35;0.00;0.00;0.02;0.01;-0.77;-1.50;-2.45;-114.03;-0.73;0.50;0.001;-100.00;-100.00;-0.47;-3.07
1595880042.738;4518;-1.47;-2.50;239.03;-1.84;-2.73;-163.22;-0.54;0.50;525;4;1;6;-0.64;0.39;0.36;0.00;0.00;0.03;-0.00;-0.84;-1.52;-2.48;-118.14;-0.75;0.50;0.001;-100.00;-100.00;-0.47;-3.07
1595880042.838;4528;-1.49;-2.53;233.85;-1.84;-2.73;-163.22;-0.54;0.50;525;4;1;6;-0.59;0.40;0.28;0.00;0.00;-0.02;-0.01;-0.88;-1.53;-2.51;-122.24;-0.74;0.50;0.001;-100.00;-100.00;-0.47;-3.07
1595880042.939;4538;-1.51;-2.56;228.80;-1.84;-2.73;-163.22;-0.54;0.50;525;4;1;6;-0.55;0.40;0.37;0.00;0.00;-0.02;-0.01;-0.84;-1.55;-2.54;-126.27;-0.73;0.50;0.001;-100.00;-100.00;-0.47;-3.07
1595880043.038;4548;-1.54;-2.59;224.37;-1.84;-2.73;-163.22;-0.54;0.50;525;4;1;6;-0.54;0.40;0.47;0.00;0.00;0.03;0.01;-0.75;-1.57;-2.56;-130.23;-0.72;0.50;0.001;-100.00;-100.00;-0.47;-3.07
1595880043.139;4558;-1.57;-2.61;220.22;-1.84;-2.73;-163.22;-0.54;0.50;525;4;1;6;-0.52;0.40;0.38;0.00;0.00;-0.03;-0.05;-0.74;-1.59;-2.59;-134.13;-0.71;0.50;0.002;-100.00;-100.00;-0.47;-3.07
1595880043.238;4568;-1.60;-2.64;216.11;-2.05;-2.76;-179.43;-0.47;0.50;525;5;1;6;-0.51;0.40;0.38;0.00;0.00;-0.01;-0.00;-0.70;-1.62;-2.61;-137.96;-0.70;0.50;0.001;-100.00;-100.00;-0.47;-3.07
1595880043.338;4578;-1.63;-2.66;211.80;-2.05;-2.76;-179.43;-0.47;0.50;525;5;1;6;-0.49;0.40;0.38;0.00;0.00;-0.01;-0.01;-0.65;-1.65;-2.64;-142.98;-0.69;0.50;0.001;-100.00;-100.00;-0.47;-3.07
1595880043.438;4588;-1.66;-2.67;207.94;-2.05;-2.76;-179.43;-0.47;0.50;525;5;1;6;-0.46;0.41;0.38;0.00;0.00;0.01;0.02;-0.64;-1.68;-2.65;-146.58;-0.67;0.50;0.001;-100.00;-100.00;-0.47;-3.07
1595880043.538;4598;-1.69;-2.69;205.01;-2.05;-2.76;-179.43;-0.47;0.50;525;5;1;6;-0.46;0.41;0.39;0.00;0.00;0.00;0.00;-0.59;-1.70;-2.67;-150.02;-0.64;0.50;0.001;-100.00;-100.00;-0.47;-3.07
1595880043.639;4608;-1.73;-2.70;201.97;-2.05;-2.76;-179.43;-0.47;0.50;525;5;1;6;-0.45;0.41;0.39;0.00;0.00;-0.00;-0.02;-0.58;-1.73;-2.69;-153.29;-0.62;0.50;0.001;-100.00;-100.00;-0.47;-3.07
1595880043.739;4618;-1.76;-2.72;198.37;-2.05;-2.76;-179.43;-0.47;0.50;525;5;1;6;-0.42;0.41;0.39;0.00;0.00;0.03;-0.02;-0.58;-1.77;-2.71;-157.39;-0.59;0.50;0.002;-100.00;-100.00;-0.47;-3.07
1595880043.874;4632;-1.82;-2.73;193.65;-2.05;-2.75;180.00;-0.00;0.37;1057;0;1;8;-0.40;0.41;0.39;0.00;0.00;-0.00;0.00;-0.56;-1.80;-2.72;-160.29;-0.56;0.50;0.034;-100.00;-100.00;-0.47;-3.07
1595880043.959;4640;-1.85;-2.74;190.86;-2.05;-2.75;180.00;-0.00;0.37;1057;0;1;8;-0.32;0.43;0.39;0.00;0.00;0.00;-0.00;-0.52;-2.05;-2.75;180.00;-0.00;0.37;0.022;-100.00;-100.00;-0.47;-3.07
1595880044.059;4650;-1.88;-2.75;188.48;-2.05;-2.75;180.00;-0.00;0.37;1057;0;1;8;-0.25;0.45;0.40;0.00;0.00;0.01;0.02;-0.43;-2.05;-2.75;180.00;-0.00;0.37;0.022;-100.00;-100.00;-0.47;-3.07
1595880044.159;4660;-1.92;-2.75;185.90;-2.05;-2.75;180.00;-0.00;0.37;1057;0;1;8;-0.17;0.46;0.41;0.00;0.00;0.02;-0.01;-0.35;-2.05;-2.75;180.00;-0.00;0.37;0.022;-100.00;-100.00;-0.47;-3.07
1595880044.259;4670;-1.96;-2.76;184.76;-2.43;-2.70;155.10;-0.79;0.50;1057;1;1;8;-0.15;0.46;0.42;0.00;0.00;-0.02;0.01;-0.27;-2.05;-2.75;180.00;-0.00;0.37;0.022;-100.00;-100.00;-0.47;-3.07
1595880044.354;4680;-2.00;-2.76;183.40;-2.43;-2.70;155.10;-0.79;0.50;1057;1;1;8;-0.02;0.47;0.44;0.00;0.00;-0.03;0.02;-0.20;-2.05;-2.75;180.00;-0.00;0.37;0.017;-100.00;-100.00;-0.47;-3.07
1595880044.453;4682;-2.01;-2.76;183.14;-2.43;-2.70;155.10;-0.79;0.50;1057;1;1;8;-0.03;0.47;0.44;0.00;0.00;-0.03;0.02;-0.19;-2.05;-2.75;180.00;-0.00;0.37;0.016;-100.00;-100.00;-0.47;-3.07
1595880044.553;4682;-2.01;-2.76;183.14;-2.43;-2.70;155.10;-0.79;0.50;1057;1;1;8;-0.03;0.47;0.44;0.00;0.00;-0.03;0.02;-0.19;-2.05;-2.75;180.00;-0.00;0.37;0.016;-100.00;-100.00;-0.47;-3.07
1595880044.653;4682;-2.01;-2.76;183.14;-2.43;-2.70;155.10;-0.79;0.50;1057;1;1;8;-0.03;0.47;0.44;0.00;0.00;-0.03;0.02;-0.19;-2.05;-2.75;180.00;-0.00;0.37;0.016;-100.00;-100.00;-0.47;-3.07
1595880044.753;4682;-2.01;-2.76;183.14;-2.43;-2.70;155.10;-0.79;0.50;1057;1;1;8;-0.03;0.48;0.44;0.00;0.00;-0.03;0.02;-0.19;-2.05;-2.75;180.00;-0.00;0.37;0.016;-100.00;-100.00;-0.47;-3.07
1595880044.853;4682;-2.01;-2.76;183.14;-2.43;-2.70;155.10;-0.79;0.50;1057;1;1;8;-0.03;0.48;0.44;0.00;0.00;-0.03;0.02;-0.19;-2.05;-2.75;180.00;-0.00;0.37;0.016;-100.00;-100.00;-0.47;-3.07
1595880044.953;4682;-2.01;-2.76;183.14;-2.43;-2.70;155.10;-0.79;0.50;1057;1;1;8;-0.03;0.48;0.44;0.00;0.00;-0.03;0.02;-0.19;-2.05;-2.75;180.00;-0.00;0.37;0.016;-100.00;-100.00;-0.47;-3.07
1595880045.053;4682;-2.01;-2.76;183.14;-2.43;-2.70;155.10;-0.79;0.50;1057;1;1;8;-0.03;0.48;0.44;0.00;0.00;-0.03;0.02;-0.19;-2.05;-2.75;180.00;-0.00;0.37;0.016;-100.00;-100.00;-0.47;-3.07
1595880045.153;4682;-2.01;-2.76;183.14;-2.43;-2.70;155.10;-0.79;0.50;1057;1;1;8;-0.03;0.49;0.44;0.00;0.00;-0.03;0.02;-0.19;-2.05;-2.75;180.00;-0.00;0.37;0.016;-100.00;-100.00;-0.47;-3.07
1595880045.254;4683;-2.01;-2.76;183.14;-2.43;-2.70;155.10;-0.79;0.50;1057;1;1;8;-0.03;0.49;0.46;0.00;0.00;0.01;-0.00;-0.05;-2.05;-2.75;180.00;-0.00;0.37;0.016;-100.00;-100.00;-0.47;-3.07
1595880045.353;4683;-2.01;-2.76;183.14;-2.43;-2.70;155.10;-0.79;0.50;1057;1;1;8;-0.03;0.49;0.46;0.00;0.00;0.01;-0.00;-0.05;-2.05;-2.75;180.00;-0.00;0.37;0.016;-100.00;-100.00;-0.47;-3.07
1595880045.453;4683;-2.01;-2.76;183.14;-2.43;-2.70;155.10;-0.79;0.50;1057;1;1;8;-0.03;0.49;0.46;0.00;0.00;0.01;-0.00;-0.05;-2.05;-2.75;180.00;-0.00;0.37;0.016;-100.00;-100.00;-0.47;-3.07
1595880045.553;4684;-2.01;-2.76;183.14;-2.43;-2.70;155.10;-0.79;0.50;1057;1;1;8;-0.03;0.49;0.47;0.00;0.00;0.02;-0.02;-0.06;-2.05;-2.75;180.00;-0.00;0.37;0.016;-100.00;-100.00;-0.47;-3.07
1595880045.653;4684;-2.01;-2.76;183.14;-2.43;-2.70;155.10;-0.79;0.50;1057;1;1;8;-0.03;0.50;0.47;0.00;0.00;0.02;-0.02;-0.06;-2.05;-2.75;180.00;-0.00;0.37;0.016;-100.00;-100.00;-0.47;-3.07
1595880045.753;4684;-2.01;-2.76;183.14;-2.43;-2.70;155.10;-0.79;0.50;1057;1;1;8;-0.03;0.50;0.47;0.00;0.00;0.02;-0.02;-0.06;-2.05;-2.75;180.00;-0.00;0.37;0.016;-100.00;-100.00;-0.47;-3.07
1595880045.853;4685;-2.01;-2.76;183.14;-2.43;-2.70;155.10;-0.79;0.50;1057;1;1;8;-0.03;0.50;0.47;0.00;0.00;-0.02;-0.01;-0.04;-2.05;-2.75;180.00;-0.00;0.37;0.016;-100.00;-100.00;-0.47;-3.07
1595880045.953;4685;-2.01;-2.76;183.14;-2.43;-2.70;155.10;-0.79;0.50;1057;1;1;8;-0.03;0.50;0.47;0.00;0.00;-0.02;-0.01;-0.04;-2.05;-2.75;180.00;-0.00;0.37;0.016;-100.00;-100.00;-0.47;-3.07
1595880046.053;4685;-2.01;-2.76;183.14;-2.43;-2.70;155.10;-0.79;0.50;1057;1;1;8;-0.03;0.50;0.47;0.00;0.00;-0.02;-0.01;-0.04;-2.05;-2.75;180.00;-0.00;0.37;0.016;-100.00;-100.00;-0.47;-3.07
1595880046.153;4685;-2.01;-2.76;183.14;-2.43;-2.70;155.10;-0.79;0.50;1057;1;1;8;-0.03;0.50;0.47;0.00;0.00;-0.02;-0.01;-0.04;-2.05;-2.75;180.00;-0.00;0.37;0.016;-100.00;-100.00;-0.47;-3.07
1595880046.253;4685;-2.01;-2.76;183.14;-2.43;-2.70;155.10;-0.79;0.50;1057;1;1;8;-0.03;0.50;0.47;0.00;0.00;-0.02;-0.01;-0.04;-2.05;-2.75;180.00;-0.00;0.37;0.016;-100.00;-100.00;-0.47;-3.07
1595880046.353;4688;-2.01;-2.76;183.14;-2.43;-2.70;155.10;-0.79;0.50;1057;1;1;8;-0.03;0.50;0.48;0.00;0.00;0.04;0.05;-0.05;-2.05;-2.75;180.00;-0.00;0.37;0.016;-100.00;-100.00;-0.47;-3.07
1595880046.453;4688;-2.01;-2.76;183.14;-2.43;-2.70;155.10;-0.79;0.50;1057;1;1;8;-0.03;0.50;0.48;0.00;0.00;0.04;0.05;-0.05;-2.05;-2.75;180.00;-0.00;0.37;0.016;-100.00;-100.00;-0.47;-3.07
1595880046.553;4688;-2.01;-2.76;183.14;-2.43;-2.70;155.10;-0.79;0.50;1057;1;1;8;-0.03;0.50;0.48;0.00;0.00;0.04;0.05;-0.05;-2.05;-2.75;180.00;-0.00;0.37;0.016;-100.00;-100.00;-0.47;-3.07
1595880046.653;4688;-2.01;-2.76;183.14;-2.43;-2.70;155.10;-0.79;0.50;1057;1;1;8;-0.03;0.50;0.48;0.00;0.00;0.04;0.05;-0.05;-2.05;-2.75;180.00;-0.00;0.37;0.016;-100.00;-100.00;-0.47;-3.07
1595880046.753;4688;-2.01;-2.76;183.14;-2.43;-2.70;155.10;-0.79;0.50;1057;1;1;8;-0.03;0.50;0.48;0.00;0.00;0.04;0.05;-0.05;-2.05;-2.75;180.00;-0.00;0.37;0.016;-100.00;-100.00;-0.47;-3.07
1595880046.853;4688;-2.01;-2.76;183.14;-2.43;-2.70;155.10;-0.79;0.50;1057;1;1;8;-0.03;0.50;0.48;0.00;0.00;0.04;0.05;-0.05;-2.05;-2.75;180.00;-0.00;0.37;0.016;-100.00;-100.00;-0.47;-3.07
1595880046.953;4688;-2.01;-2.76;183.14;-2.43;-2.70;155.10;-0.79;0.50;1057;1;1;8;-0.03;0.50;0.48;0.00;0.00;0.04;0.05;-0.05;-2.05;-2.75;180.00;-0.00;0.37;0.016;-100.00;-100.00;-0.47;-3.07
1595880047.053;4688;-2.01;-2.76;183.14;-2.43;-2.70;155.10;-0.79;0.50;1057;1;1;8;-0.03;0.50;0.48;0.00;0.00;0.04;0.05;-0.05;-2.05;-2.75;180.00;-0.00;0.37;0.016;-100.00;-100.00;-0.47;-3.07
1595880047.153;4688;-2.01;-2.76;183.14;-2.43;-2.70;155.10;-0.79;0.50;1057;1;1;8;-0.03;0.50;0.48;0.00;0.00;0.04;0.05;-0.05;-2.05;-2.75;180.00;-0.00;0.37;0.016;-100.00;-100.00;-0.47;-3.07
1595880047.253;4688;-2.01;-2.76;183.14;-2.43;-2.70;155.10;-0.79;0.50;1057;1;1;8;-0.03;0.50;0.48;0.00;0.00;0.04;0.05;-0.05;-2.05;-2.75;180.00;-0.00;0.37;0.016;-100.00;-100.00;-0.47;-3.07
1595880047.353;4688;-2.01;-2.76;183.14;-2.43;-2.70;155.10;-0.79;0.50;1057;1;1;8;-0.03;0.50;0.48;0.00;0.00;0.04;0.05;-0.05;-2.05;-2.75;180.00;-0.00;0.37;0.016;-100.00;-100.00;-0.47;-3.07
1595880047.453;4688;-2.01;-2.76;183.14;-2.43;-2.70;155.10;-0.79;0.50;1057;1;1;8;-0.03;0.50;0.48;0.00;0.00;0.04;0.05;-0.05;-2.05;-2.75;180.00;-0.00;0.37;0.016;-100.00;-100.00;-0.47;-3.07
1595880047.553;4688;-2.01;-2.76;183.14;-2.43;-2.70;155.10;-0.79;0.50;1057;1;1;8;-0.03;0.50;0.48;0.00;0.00;0.04;0.05;-0.05;-2.05;-2.75;180.00;-0.00;0.37;0.016;-100.00;-100.00;-0.47;-3.07
1595880047.653;4688;-2.01;-2.76;183.14;-2.43;-2.70;155.10;-0.79;0.50;1057;1;1;8;-0.03;0.50;0.48;0.00;0.00;0.04;0.05;-0.05;-2.05;-2.75;180.00;-0.00;0.37;0.016;-100.00;-100.00;-0.47;-3.07
1595880047.880;4688;-2.01;-2.76;183.14;-2.43;-2.70;155.10;-0.79;0.50;1057;1;1;8;-0.03;0.50;0.48;0.00;0.00;0.04;0.05;-0.05;-2.05;-2.75;180.00;-0.00;0.37;0.143;-100.00;-100.00;-0.47;-3.07
