t;frame;x;y;z;x_ref;y_ref;z_ref;delta_ref;u_ref;state;ellipse;control;action;delta;u;vx;vy;vz;wx;wy;wz;xr;yr;zr;delr;ur
1595276638.723;9;-1.05;0.07;-174.00;-1.08;0.12;180.00;-0.00;0.50;1418;0;1;2;-0.43;0.03;-0.00;0.00;0.00;-0.00;0.00;0.00;-1.08;0.12;180.00;-0.00;0.50;0.014
1595276638.817;19;-1.05;0.07;-173.95;-1.08;0.12;180.00;-0.00;0.50;1418;0;1;2;-0.44;0.05;-0.00;0.00;0.00;-0.00;0.00;0.00;-1.08;0.12;180.00;-0.00;0.50;0.008
1595276638.916;29;-1.06;0.07;-173.70;-1.08;0.12;180.00;-0.00;0.50;1418;0;1;2;-0.45;0.07;0.00;0.00;0.00;-0.00;0.00;0.01;-1.08;0.12;180.00;-0.00;0.50;0.008
1595276639.016;39;-1.06;0.07;-174.13;-1.08;0.12;180.00;-0.00;0.50;1418;0;1;2;-0.43;0.10;0.02;0.00;0.00;0.00;-0.01;-0.02;-1.08;0.12;180.00;-0.00;0.50;0.008
1595276639.116;49;-1.07;0.07;-174.46;-1.08;0.12;180.00;-0.00;0.50;1418;0;1;2;-0.41;0.12;0.06;0.00;0.00;-0.00;-0.00;-0.06;-1.08;0.12;180.00;-0.00;0.50;0.008
1595276639.216;59;-1.08;0.07;-174.90;-1.08;0.12;180.00;-0.00;0.50;1418;0;1;2;-0.39;0.14;0.08;0.00;0.00;-0.00;0.00;-0.08;-1.08;0.12;180.00;-0.00;0.50;0.008
1595276639.316;69;-1.09;0.07;-175.39;-1.08;0.12;180.00;-0.00;0.50;1418;0;1;2;-0.37;0.15;0.08;0.00;0.00;-0.00;0.01;-0.09;-1.09;0.12;180.00;-0.00;0.50;0.008
1595276639.417;79;-1.10;0.06;-175.93;-1.08;0.12;180.00;-0.00;0.50;1418;0;1;2;-0.35;0.17;0.13;0.00;0.00;-0.01;0.00;-0.11;-1.10;0.12;180.00;-0.00;0.50;0.008
1595276639.516;89;-1.12;0.06;-176.70;-1.08;0.12;180.00;-0.00;0.50;1418;0;1;2;-0.31;0.18;0.15;0.00;0.00;-0.01;0.00;-0.12;-1.12;0.12;180.00;-0.00;0.50;0.008
1595276639.616;99;-1.13;0.06;-177.45;-1.19;0.13;180.00;-0.00;0.50;1418;1;1;2;-0.27;0.20;0.12;0.00;0.00;-0.00;-0.01;-0.11;-1.13;0.12;180.00;-0.00;0.50;0.008
1595276639.714;108;-1.15;0.06;-177.86;-1.19;0.13;180.00;-0.00;0.50;1418;1;1;2;-0.25;0.21;0.18;0.00;0.00;-0.00;-0.00;-0.10;-1.15;0.13;180.00;-0.00;0.50;0.005
1595276639.814;118;-1.17;0.06;-178.42;-1.19;0.13;180.00;-0.00;0.50;1418;1;1;2;-0.23;0.23;0.19;0.00;0.00;-0.01;0.01;-0.10;-1.17;0.13;180.00;-0.00;0.50;0.005
1595276639.913;128;-1.19;0.06;-179.01;-1.19;0.13;180.00;-0.00;0.50;1418;1;1;2;-0.20;0.24;0.15;0.00;0.00;-0.01;0.01;-0.11;-1.19;0.13;180.00;-0.00;0.50;0.005
1595276640.013;138;-1.21;0.06;-179.66;-1.19;0.13;180.00;-0.00;0.50;1418;1;1;2;-0.16;0.25;0.27;0.00;0.00;-0.00;-0.01;-0.09;-1.21;0.13;180.00;-0.00;0.50;0.005
1595276640.114;148;-1.24;0.06;-180.13;-1.32;0.13;180.00;0.00;0.50;1418;2;1;2;-0.14;0.26;0.23;0.00;0.00;-0.01;-0.02;-0.08;-1.23;0.13;180.00;0.00;0.50;0.005
1595276640.224;159;-1.26;0.07;-180.56;-1.53;0.10;197.65;0.79;0.50;332;1;1;5;-0.11;0.28;0.25;0.00;0.00;-0.01;0.00;-0.07;-1.26;0.13;180.00;0.00;0.50;0.010
1595276640.314;168;-1.28;0.07;-180.93;-1.53;0.10;197.65;0.79;0.50;332;1;1;5;0.19;0.27;0.25;0.00;0.00;-0.01;-0.00;-0.07;-1.33;0.13;179.97;0.10;0.06;0.005
1595276640.414;178;-1.31;0.07;-181.17;-1.53;0.10;197.65;0.79;0.50;332;1;1;5;0.14;0.26;0.26;0.00;0.00;-0.00;0.03;0.00;-1.33;0.13;179.97;0.10;0.06;0.006
1595276640.514;188;-1.33;0.07;-180.41;-1.53;0.10;197.65;0.79;0.50;332;1;1;5;0.04;0.25;0.27;0.00;0.00;-0.01;0.01;0.08;-1.33;0.13;179.97;0.10;0.06;0.005
1595276640.614;198;-1.36;0.07;-180.16;-1.53;0.10;197.65;0.79;0.50;332;1;1;5;0.28;0.25;0.26;0.00;0.00;-0.01;0.01;0.04;-1.36;0.13;180.61;0.31;0.20;0.005
1595276640.714;208;-1.38;0.07;-179.60;-1.53;0.10;197.65;0.79;0.50;332;1;1;5;0.46;0.25;0.25;0.00;0.00;-0.01;0.01;0.16;-1.39;0.13;182.19;0.43;0.27;0.005
1595276640.814;218;-1.41;0.07;-177.89;-1.53;0.10;197.65;0.79;0.50;332;1;1;5;0.53;0.25;0.25;0.00;0.00;-0.00;0.01;0.30;-1.41;0.13;183.82;0.50;0.32;0.006
1595276640.914;228;-1.43;0.06;-175.60;-1.53;0.10;197.65;0.79;0.50;332;1;1;5;0.61;0.26;0.25;0.00;0.00;-0.01;0.01;0.41;-1.44;0.12;186.07;0.57;0.36;0.005
1595276641.014;238;-1.45;0.06;-172.85;-1.53;0.10;197.65;0.79;0.50;332;1;1;5;0.70;0.27;0.25;0.00;0.00;-0.00;0.01;0.50;-1.47;0.12;189.06;0.64;0.41;0.005
1595276641.114;248;-1.48;0.06;-169.39;-1.53;0.10;197.65;0.79;0.50;332;1;1;5;0.71;0.28;0.25;0.00;0.00;-0.01;-0.00;0.61;-1.49;0.11;191.51;0.69;0.44;0.005
1595276641.214;258;-1.50;0.05;-165.40;-1.53;0.10;197.65;0.79;0.50;332;1;1;5;0.79;0.29;0.26;0.00;0.00;-0.01;-0.00;0.69;-1.52;0.10;195.95;0.76;0.48;0.005
1595276641.314;268;-1.52;0.04;-160.96;-1.53;0.10;197.65;0.79;0.50;332;1;1;5;0.79;0.30;0.27;0.00;0.00;-0.01;-0.00;0.79;-1.55;0.10;199.40;0.78;0.50;0.006
1595276641.414;278;-1.55;0.03;-155.86;-1.53;0.10;197.65;0.79;0.50;332;1;1;5;0.75;0.31;0.28;0.00;0.00;-0.00;-0.01;0.87;-1.57;0.09;202.89;0.78;0.50;0.005
1595276641.514;288;-1.57;0.01;-150.73;-1.53;0.10;197.65;0.79;0.50;332;1;1;5;0.78;0.33;0.29;0.00;0.00;-0.01;0.01;0.89;-1.60;0.07;208.10;0.78;0.50;0.006
1595276641.614;298;-1.59;-0.00;-145.44;-1.82;-0.19;253.49;0.75;0.50;332;2;1;5;0.70;0.35;0.31;0.00;0.00;-0.01;-0.01;0.94;-1.63;0.06;211.56;0.78;0.50;0.005
1595276641.712;308;-1.62;-0.02;-139.93;-1.82;-0.19;253.49;0.75;0.50;332;2;1;5;0.79;0.36;0.32;0.00;0.00;-0.00;0.00;0.93;-1.66;0.03;216.72;0.77;0.50;0.003
1595276641.812;318;-1.64;-0.05;-134.27;-1.82;-0.19;253.49;0.75;0.50;332;2;1;5;0.79;0.38;0.34;0.00;0.00;-0.02;0.02;1.00;-1.69;0.01;221.84;0.77;0.50;0.003
1595276641.912;328;-1.66;-0.07;-127.74;-1.82;-0.19;253.49;0.75;0.50;332;2;1;5;0.78;0.40;0.35;0.00;0.00;-0.01;0.01;1.16;-1.72;-0.02;226.92;0.77;0.50;0.003
1595276642.012;338;-1.67;-0.10;-120.45;-1.82;-0.19;253.49;0.75;0.50;332;2;1;5;0.69;0.42;0.37;0.00;0.00;-0.00;0.00;1.22;-1.74;-0.05;231.98;0.76;0.50;0.003
1595276642.111;348;-1.69;-0.13;-113.25;-1.82;-0.19;253.49;0.75;0.50;332;2;1;5;0.70;0.44;0.38;0.00;0.00;-0.00;-0.01;1.18;-1.77;-0.09;238.66;0.76;0.50;0.003
1595276642.212;358;-1.70;-0.17;-106.76;-1.82;-0.19;253.49;0.75;0.50;332;2;1;5;0.64;0.46;0.41;0.00;0.00;-0.00;-0.02;1.18;-1.79;-0.12;243.64;0.76;0.50;0.003
1595276642.311;368;-1.71;-0.21;-100.00;-1.82;-0.19;253.49;0.75;0.50;332;2;1;5;0.66;0.48;0.43;0.00;0.00;0.01;-0.01;1.15;-1.81;-0.17;250.22;0.75;0.50;0.003
1595276642.412;378;-1.72;-0.25;-93.55;-1.82;-0.19;253.49;0.75;0.50;332;2;1;5;0.62;0.50;0.45;0.00;0.00;-0.02;0.02;1.15;-1.82;-0.22;256.59;0.69;0.50;0.004
1595276642.512;388;-1.72;-0.29;-86.58;-1.82;-0.19;253.49;0.75;0.50;332;2;1;5;0.46;0.50;0.46;0.00;0.00;-0.01;0.00;1.16;-1.84;-0.28;263.03;0.54;0.50;0.003
1595276642.612;398;-1.71;-0.34;-80.44;-1.82;-0.19;253.49;0.75;0.50;332;2;1;5;0.26;0.50;0.48;0.00;0.00;-0.01;0.01;1.03;-1.84;-0.33;266.88;0.42;0.50;0.004
1595276642.711;408;-1.70;-0.38;-76.33;-1.82;-0.19;253.49;0.75;0.50;332;2;1;5;0.10;0.50;0.49;0.00;0.00;0.00;0.01;0.64;-1.84;-0.38;269.65;0.31;0.50;0.003
1595276642.812;418;-1.69;-0.43;-74.51;-1.82;-0.19;253.49;0.75;0.50;332;2;1;5;0.01;0.50;0.49;0.00;0.00;0.00;0.00;0.34;-1.84;-0.43;271.41;0.19;0.50;0.003
1595276642.912;428;-1.68;-0.47;-73.94;-1.82;-0.19;253.49;0.75;0.50;332;2;1;5;-0.08;0.50;0.50;0.00;0.00;-0.01;0.01;0.13;-1.84;-0.49;272.22;0.07;0.50;0.003
1595276643.012;438;-1.67;-0.52;-73.92;-1.82;-0.19;253.49;0.75;0.50;332;2;1;5;-0.13;0.50;0.49;0.00;0.00;-0.02;0.03;0.04;-1.84;-0.52;272.25;-0.02;0.50;0.003
1595276643.112;448;-1.66;-0.56;-74.01;-1.82;-0.19;253.49;0.75;0.50;332;2;1;5;-0.20;0.50;0.49;0.00;0.00;-0.00;-0.02;-0.07;-1.84;-0.56;271.82;-0.11;0.50;0.003
1595276643.211;458;-1.65;-0.61;-75.25;-1.82;-0.19;253.49;0.75;0.50;332;2;1;5;-0.29;0.50;0.49;0.00;0.00;0.02;0.00;-0.18;-1.84;-0.61;270.57;-0.23;0.50;0.003
1595276643.312;468;-1.64;-0.66;-76.85;-1.82;-0.19;253.49;0.75;0.50;332;2;1;5;-0.13;0.50;0.49;0.00;0.00;0.00;-0.03;-0.35;-1.84;-0.61;270.57;-0.23;0.50;0.003
1595276643.412;478;-1.63;-0.70;-79.18;-1.82;-0.19;253.49;0.75;0.50;332;2;1;5;0.06;0.50;0.50;0.00;0.00;-0.01;-0.02;-0.30;-1.84;-0.61;270.57;-0.23;0.50;0.003
1595276643.512;488;-1.62;-0.75;-79.75;-1.82;-0.19;253.49;0.75;0.50;332;2;1;5;0.16;0.50;0.50;0.00;0.00;-0.02;0.01;-0.12;-1.84;-0.61;270.57;-0.23;0.50;0.003
1595276643.612;498;-1.61;-0.79;-79.10;-1.82;-0.19;253.49;0.75;0.50;332;2;1;5;0.21;0.50;0.50;0.00;0.00;0.01;-0.04;0.10;-1.84;-0.61;270.57;-0.23;0.50;0.004
1595276643.712;508;-1.60;-0.84;-77.66;-1.82;-0.19;253.49;0.75;0.50;332;2;1;5;0.23;0.50;0.49;0.00;0.00;-0.00;0.00;0.25;-1.84;-0.61;270.57;-0.23;0.50;0.003
1595276643.811;518;-1.59;-0.89;-75.59;-1.82;-0.19;253.49;0.75;0.50;332;2;1;5;0.23;0.50;0.49;0.00;0.00;-0.01;0.01;0.36;-1.84;-0.61;270.57;-0.23;0.50;0.003
1595276643.912;528;-1.58;-0.93;-73.25;-1.82;-0.19;253.49;0.75;0.50;332;2;1;5;0.21;0.50;0.50;0.00;0.00;-0.00;0.00;0.38;-1.84;-0.61;270.57;-0.23;0.50;0.003
1595276644.012;538;-1.57;-0.98;-71.09;-1.82;-0.19;253.49;0.75;0.50;332;2;1;5;0.22;0.50;0.50;0.00;0.00;0.00;0.01;0.37;-1.84;-0.61;270.57;-0.23;0.50;0.003
1595276644.112;548;-1.55;-1.03;-69.13;-1.82;-0.19;253.49;0.75;0.50;332;2;1;5;0.23;0.50;0.50;0.00;0.00;0.00;0.01;0.34;-1.84;-0.61;270.57;-0.23;0.50;0.003
1595276644.212;558;-1.53;-1.07;-67.12;-1.82;-0.19;253.49;0.75;0.50;332;2;1;5;0.25;0.50;0.50;0.00;0.00;-0.01;0.02;0.37;-1.84;-0.61;270.57;-0.23;0.50;0.003
1595276644.312;568;-1.51;-1.11;-64.89;-1.82;-0.19;253.49;0.75;0.50;332;2;1;5;0.26;0.50;0.50;0.00;0.00;0.00;0.01;0.40;-1.84;-0.61;270.57;-0.23;0.50;0.003
1595276644.411;578;-1.49;-1.16;-62.60;-1.82;-0.19;253.49;0.75;0.50;332;2;1;5;0.27;0.50;0.50;0.00;0.00;0.01;0.00;0.42;-1.84;-0.61;270.57;-0.23;0.50;0.003
1595276644.512;588;-1.47;-1.20;-59.98;-1.82;-0.19;253.49;0.75;0.50;332;2;1;5;0.27;0.50;0.50;0.00;0.00;-0.00;-0.00;0.43;-1.84;-0.61;270.57;-0.23;0.50;0.003
1595276644.612;598;-1.45;-1.24;-57.50;-1.82;-0.19;253.49;0.75;0.50;332;2;1;5;0.28;0.50;0.50;0.00;0.00;0.01;-0.00;0.44;-1.84;-0.61;270.57;-0.23;0.50;0.003
1595276644.712;608;-1.42;-1.28;-54.76;-1.82;-0.19;253.49;0.75;0.50;332;2;1;5;0.29;0.50;0.50;0.00;0.00;-0.01;0.01;0.45;-1.84;-0.61;270.57;-0.23;0.50;0.003
1595276644.811;618;-1.39;-1.32;-52.08;-1.82;-0.19;253.49;0.75;0.50;332;2;1;5;0.30;0.50;0.50;0.00;0.00;-0.01;-0.02;0.47;-1.84;-0.61;270.57;-0.23;0.50;0.003
1595276644.911;628;-1.36;-1.36;-49.18;-1.82;-0.19;253.49;0.75;0.50;332;2;1;5;0.30;0.50;0.50;0.00;0.00;-0.01;0.01;0.49;-1.84;-0.61;270.57;-0.23;0.50;0.003
1595276645.012;638;-1.33;-1.39;-46.46;-1.82;-0.19;253.49;0.75;0.50;332;2;1;5;0.32;0.50;0.50;0.00;0.00;-0.00;0.00;0.50;-1.84;-0.61;270.57;-0.23;0.50;0.003
1595276645.112;648;-1.30;-1.43;-43.44;-1.82;-0.19;253.49;0.75;0.50;332;2;1;5;0.33;0.50;0.50;0.00;0.00;-0.00;-0.00;0.53;-1.84;-0.61;270.57;-0.23;0.50;0.004
1595276645.212;658;-1.26;-1.46;-40.33;-1.82;-0.19;253.49;0.75;0.50;332;2;1;5;0.34;0.50;0.50;0.00;0.00;-0.00;0.01;0.54;-1.84;-0.61;270.57;-0.23;0.50;0.003
1595276645.312;668;-1.23;-1.49;-37.02;-1.82;-0.19;253.49;0.75;0.50;332;2;1;5;0.33;0.50;0.50;0.00;0.00;0.01;0.02;0.55;-1.84;-0.61;270.57;-0.23;0.50;0.004
1595276645.412;678;-1.19;-1.52;-33.77;-1.82;-0.19;253.49;0.75;0.50;332;2;1;5;0.34;0.50;0.50;0.00;0.00;0.01;0.01;0.56;-1.84;-0.61;270.57;-0.23;0.50;0.003
1595276645.512;688;-1.15;-1.55;-30.62;-1.82;-0.19;253.49;0.75;0.50;332;2;1;5;0.35;0.50;0.50;0.00;0.00;-0.01;0.02;0.55;-1.84;-0.61;270.57;-0.23;0.50;0.003
1595276645.612;698;-1.11;-1.57;-27.36;-1.82;-0.19;253.49;0.75;0.50;332;2;1;5;0.36;0.50;0.50;0.00;0.00;-0.01;0.00;0.57;-1.84;-0.61;270.57;-0.23;0.50;0.003
1595276645.712;708;-1.07;-1.59;-24.06;-1.82;-0.19;253.49;0.75;0.50;332;2;1;5;0.37;0.50;0.50;0.00;0.00;-0.02;0.01;0.59;-1.84;-0.61;270.57;-0.23;0.50;0.003
1595276645.812;718;-1.02;-1.61;-20.53;-1.82;-0.19;253.49;0.75;0.50;332;2;1;5;0.37;0.50;0.50;0.00;0.00;-0.00;-0.00;0.61;-1.84;-0.61;270.57;-0.23;0.50;0.003
1595276645.911;728;-0.98;-1.63;-16.99;-1.82;-0.19;253.49;0.75;0.50;332;2;1;5;0.36;0.50;0.50;0.00;0.00;-0.01;0.01;0.62;-1.84;-0.61;270.57;-0.23;0.50;0.003
1595276646.011;738;-0.93;-1.64;-13.43;-1.82;-0.19;253.49;0.75;0.50;332;2;1;5;0.36;0.50;0.50;0.00;0.00;-0.00;-0.00;0.62;-1.84;-0.61;270.57;-0.23;0.50;0.003
1595276646.112;748;-0.89;-1.65;-9.79;-1.82;-0.19;253.49;0.75;0.50;332;2;1;5;0.35;0.50;0.50;0.00;0.00;-0.02;-0.00;0.61;-1.84;-0.61;270.57;-0.23;0.50;0.003
1595276646.212;758;-0.84;-1.66;-6.62;-1.82;-0.19;253.49;0.75;0.50;332;2;1;5;0.36;0.50;0.50;0.00;0.00;-0.01;-0.01;0.58;-1.84;-0.61;270.57;-0.23;0.50;0.003
1595276646.312;768;-0.79;-1.66;-3.18;-1.82;-0.19;253.49;0.75;0.50;332;2;1;5;0.36;0.50;0.50;0.00;0.00;0.00;0.00;0.58;-1.84;-0.61;270.57;-0.23;0.50;0.004
1595276646.412;778;-0.75;-1.67;-0.01;-1.82;-0.19;253.49;0.75;0.50;332;2;1;5;0.37;0.50;0.50;0.00;0.00;-0.02;0.03;0.59;-1.84;-0.61;270.57;-0.23;0.50;0.003
1595276646.511;788;-0.70;-1.67;3.52;-1.82;-0.19;253.49;0.75;0.50;332;2;1;5;0.35;0.50;0.50;0.00;0.00;-0.01;0.02;0.59;-1.84;-0.61;270.57;-0.23;0.50;0.003
1595276646.612;798;-0.65;-1.66;6.94;-1.82;-0.19;253.49;0.75;0.50;332;2;1;5;0.34;0.50;0.50;0.00;0.00;-0.02;0.01;0.59;-1.84;-0.61;270.57;-0.23;0.50;0.004
1595276646.712;808;-0.61;-1.66;10.21;-1.82;-0.19;253.49;0.75;0.50;332;2;1;5;0.33;0.50;0.50;0.00;0.00;-0.02;-0.01;0.57;-1.84;-0.61;270.57;-0.23;0.50;0.003
1595276646.812;818;-0.56;-1.65;13.49;-1.82;-0.19;253.49;0.75;0.50;332;2;1;5;0.31;0.50;0.50;0.00;0.00;-0.02;-0.00;0.54;-1.84;-0.61;270.57;-0.23;0.50;0.003
1595276646.911;828;-0.51;-1.64;16.46;-1.82;-0.19;253.49;0.75;0.50;332;2;1;5;0.30;0.50;0.49;0.00;0.00;0.00;-0.01;0.51;-1.84;-0.61;270.57;-0.23;0.50;0.003
1595276647.012;838;-0.47;-1.63;19.13;-1.82;-0.19;253.49;0.75;0.50;332;2;1;5;0.31;0.50;0.49;0.00;0.00;-0.00;-0.01;0.49;-1.84;-0.61;270.57;-0.23;0.50;0.003
1595276647.111;848;-0.43;-1.61;21.91;-1.82;-0.19;253.49;0.75;0.50;332;2;1;5;0.30;0.50;0.50;0.00;0.00;0.00;-0.00;0.49;-1.84;-0.61;270.57;-0.23;0.50;0.003
1595276647.211;858;-0.38;-1.59;24.77;-1.82;-0.19;253.49;0.75;0.50;332;2;1;5;0.29;0.50;0.50;0.00;0.00;0.01;-0.00;0.49;-1.84;-0.61;270.57;-0.23;0.50;0.003
1595276647.312;868;-0.34;-1.58;27.31;-1.82;-0.19;253.49;0.75;0.50;332;2;1;5;0.29;0.50;0.50;0.00;0.00;0.00;0.01;0.47;-1.84;-0.61;270.57;-0.23;0.50;0.004
1595276647.412;878;-0.30;-1.55;30.00;-1.82;-0.19;253.49;0.75;0.50;332;2;1;5;0.26;0.50;0.49;0.00;0.00;-0.00;-0.01;0.46;-1.84;-0.61;270.57;-0.23;0.50;0.003
1595276647.515;889;-0.25;-1.53;32.72;-1.82;-0.19;253.49;0.75;0.50;332;2;1;5;0.25;0.50;0.50;0.00;0.00;-0.01;-0.00;0.43;-1.84;-0.61;270.57;-0.23;0.50;0.007
1595276647.615;899;-0.21;-1.50;35.03;-1.82;-0.19;253.49;0.75;0.50;332;2;1;5;0.23;0.50;0.50;0.00;0.00;-0.02;0.02;0.40;-1.84;-0.61;270.57;-0.23;0.50;0.007
1595276647.715;909;-0.18;-1.47;37.26;-1.82;-0.19;253.49;0.75;0.50;332;2;1;5;0.22;0.50;0.50;0.00;0.00;-0.01;-0.00;0.39;-1.84;-0.61;270.57;-0.23;0.50;0.007
1595276647.815;919;-0.14;-1.45;39.42;-1.82;-0.19;253.49;0.75;0.50;332;2;1;5;0.20;0.50;0.49;0.00;0.00;-0.01;-0.01;0.36;-1.84;-0.61;270.57;-0.23;0.50;0.007
1595276647.915;929;-0.10;-1.42;41.29;-1.82;-0.19;253.49;0.75;0.50;332;2;1;5;0.19;0.50;0.50;0.00;0.00;-0.01;-0.02;0.33;-1.84;-0.61;270.57;-0.23;0.50;0.007
1595276648.012;938;-0.07;-1.39;43.00;-1.82;-0.19;253.49;0.75;0.50;332;2;1;5;0.18;0.50;0.50;0.00;0.00;-0.01;-0.01;0.32;-1.84;-0.61;270.57;-0.23;0.50;0.003
1595276648.111;948;-0.04;-1.36;44.68;-1.82;-0.19;253.49;0.75;0.50;332;2;1;5;0.17;0.50;0.49;0.00;0.00;0.02;-0.02;0.30;-1.84;-0.61;270.57;-0.23;0.50;0.003
1595276648.212;958;-0.00;-1.33;46.30;-1.82;-0.19;253.49;0.75;0.50;332;2;1;5;0.79;0.43;0.49;0.00;0.00;0.01;0.00;0.28;-1.33;0.13;179.97;0.10;0.06;0.003
1595276648.312;968;0.03;-1.29;48.21;-1.82;-0.19;253.49;0.75;0.50;332;2;1;5;0.79;0.36;0.49;0.00;0.00;0.00;0.02;0.38;-1.33;0.13;179.97;0.10;0.06;0.004
1595276648.412;978;0.06;-1.26;55.27;-1.82;-0.19;253.49;0.75;0.50;332;2;1;5;0.79;0.31;0.46;0.00;0.00;-0.03;0.04;1.07;-1.33;0.13;179.97;0.10;0.06;0.003
1595276648.512;988;0.08;-1.23;61.88;-1.82;-0.19;253.49;0.75;0.50;332;2;1;5;0.79;0.26;0.43;0.00;0.00;-0.02;0.03;1.12;-1.33;0.13;179.97;0.10;0.06;0.003
1595276648.612;998;0.09;-1.21;67.79;-1.82;-0.19;253.49;0.75;0.50;332;2;1;5;0.79;0.23;0.32;0.00;0.00;-0.02;0.03;1.01;-1.33;0.13;179.97;0.10;0.06;0.003
1595276648.712;1008;0.10;-1.19;72.68;-1.82;-0.19;253.49;0.75;0.50;332;2;1;5;0.79;0.20;0.27;0.00;0.00;-0.01;0.01;0.87;-1.33;0.13;179.97;0.10;0.06;0.004
1595276648.812;1018;0.11;-1.17;76.81;-1.82;-0.19;253.49;0.75;0.50;332;2;1;5;0.79;0.17;0.25;0.00;0.00;-0.01;0.00;0.74;-1.33;0.13;179.97;0.10;0.06;0.003
1595276648.912;1028;0.11;-1.15;80.35;-1.82;-0.19;253.49;0.75;0.50;332;2;1;5;0.79;0.16;0.20;0.00;0.00;-0.01;0.01;0.62;-1.33;0.13;179.97;0.10;0.06;0.003
1595276649.012;1038;0.11;-1.13;83.42;-1.82;-0.19;253.49;0.75;0.50;332;2;1;5;0.79;0.14;0.18;0.00;0.00;-0.01;0.00;0.53;-1.33;0.13;179.97;0.10;0.06;0.003
1595276649.112;1048;0.12;-1.12;86.10;-1.82;-0.19;253.49;0.75;0.50;332;2;1;5;0.79;0.13;0.16;0.00;0.00;0.00;0.00;0.48;-1.33;0.13;179.97;0.10;0.06;0.003
1595276649.211;1058;0.12;-1.11;88.42;-1.82;-0.19;253.49;0.75;0.50;332;2;1;5;0.79;0.12;0.15;0.00;0.00;-0.00;0.01;0.43;-1.33;0.13;179.97;0.10;0.06;0.003
1595276649.311;1068;0.12;-1.10;90.91;-1.82;-0.19;253.49;0.75;0.50;332;2;1;5;0.79;0.12;0.14;0.00;0.00;-0.00;0.00;0.40;-1.33;0.13;179.97;0.10;0.06;0.003
1595276649.412;1078;0.11;-1.08;93.02;-1.82;-0.19;253.49;0.75;0.50;332;2;1;5;0.79;0.11;0.12;0.00;0.00;-0.00;-0.01;0.38;-1.33;0.13;179.97;0.10;0.06;0.003
1595276649.511;1088;0.11;-1.07;95.14;-1.82;-0.19;253.49;0.75;0.50;332;2;1;5;0.79;0.11;0.12;0.00;0.00;0.00;0.00;0.36;-1.33;0.13;179.97;0.10;0.06;0.003
1595276649.615;1099;0.11;-1.06;97.31;-1.82;-0.19;253.49;0.75;0.50;332;2;1;5;0.79;0.11;0.12;0.00;0.00;0.00;0.00;0.35;-1.33;0.13;179.97;0.10;0.06;0.007
1595276649.715;1109;0.11;-1.05;99.32;-1.82;-0.19;253.49;0.75;0.50;332;2;1;5;0.79;0.12;0.11;0.00;0.00;0.00;0.00;0.35;-1.33;0.13;179.97;0.10;0.06;0.007
1595276649.815;1119;0.11;-1.04;101.32;-1.82;-0.19;253.49;0.75;0.50;332;2;1;5;0.79;0.12;0.11;0.00;0.00;-0.00;0.00;0.35;-1.33;0.13;179.97;0.10;0.06;0.007
1595276649.915;1129;0.10;-1.03;103.23;-1.82;-0.19;253.49;0.75;0.50;332;2;1;5;0.79;0.13;0.12;0.00;0.00;-0.00;0.01;0.35;-1.33;0.13;179.97;0.10;0.06;0.007
1595276650.015;1139;0.10;-1.02;105.35;-1.82;-0.19;253.49;0.75;0.50;332;2;1;5;0.79;0.14;0.12;0.00;0.00;-0.01;0.01;0.37;-1.33;0.13;179.97;0.10;0.06;0.006
1595276650.115;1149;0.10;-1.01;107.68;-1.82;-0.19;253.49;0.75;0.50;332;2;1;5;0.79;0.15;0.13;0.00;0.00;-0.01;0.01;0.39;-1.33;0.13;179.97;0.10;0.06;0.007
1595276650.215;1159;0.09;-1.00;110.20;-1.82;-0.19;253.49;0.75;0.50;332;2;1;5;0.79;0.16;0.13;0.00;0.00;-0.01;-0.00;0.43;-1.33;0.13;179.97;0.10;0.06;0.007
1595276650.315;1169;0.08;-0.98;112.87;-1.82;-0.19;253.49;0.75;0.50;332;2;1;5;0.79;0.17;0.15;0.00;0.00;-0.00;0.01;0.47;-1.33;0.13;179.97;0.10;0.06;0.007
1595276650.415;1179;0.08;-0.97;115.76;-1.82;-0.19;253.49;0.75;0.50;332;2;1;5;0.79;0.19;0.16;0.00;0.00;-0.01;0.01;0.51;-1.33;0.13;179.97;0.10;0.06;0.007
1595276650.515;1189;0.07;-0.96;118.91;-1.82;-0.19;253.49;0.75;0.50;332;2;1;5;0.79;0.21;0.17;0.00;0.00;-0.01;0.01;0.56;-1.33;0.13;179.97;0.10;0.06;0.007
1595276650.615;1199;0.06;-0.94;122.57;-1.82;-0.19;253.49;0.75;0.50;332;2;1;5;0.79;0.23;0.19;0.00;0.00;-0.01;0.01;0.61;-1.33;0.13;179.97;0.10;0.06;0.007
1595276650.715;1209;0.04;-0.93;126.49;-1.82;-0.19;253.49;0.75;0.50;332;2;1;5;0.79;0.26;0.21;0.00;0.00;-0.01;0.00;0.69;-1.33;0.13;179.97;0.10;0.06;0.007
1595276650.815;1219;0.03;-0.91;130.92;-1.82;-0.19;253.49;0.75;0.50;332;2;1;5;0.79;0.28;0.23;0.00;0.00;-0.01;0.02;0.76;-1.33;0.13;179.97;0.10;0.06;0.007
1595276650.915;1229;0.01;-0.89;135.64;-1.82;-0.19;253.49;0.75;0.50;332;2;1;5;0.79;0.32;0.24;0.00;0.00;-0.00;0.01;0.85;-1.33;0.13;179.97;0.10;0.06;0.007
1595276651.015;1239;-0.01;-0.88;141.23;-1.82;-0.19;253.49;0.75;0.50;332;2;1;5;0.79;0.35;0.28;0.00;0.00;-0.01;0.01;0.94;-1.33;0.13;179.97;0.10;0.06;0.006
1595276651.115;1249;-0.03;-0.86;146.78;-1.82;-0.19;253.49;0.75;0.50;332;2;1;5;0.79;0.39;0.31;0.00;0.00;-0.01;-0.00;1.01;-1.33;0.13;179.97;0.10;0.06;0.007
1595276651.215;1258;-0.06;-0.85;152.70;-1.82;-0.19;253.49;0.75;0.50;332;2;1;5;0.79;0.44;0.33;0.00;0.00;0.01;-0.02;1.11;-1.33;0.13;179.97;0.10;0.06;0.006
1595276651.312;1268;-0.09;-0.83;159.71;-1.82;-0.19;253.49;0.75;0.50;332;2;1;5;0.79;0.49;0.36;0.00;0.00;-0.00;-0.01;1.23;-1.33;0.13;179.97;0.10;0.06;0.003
1595276651.412;1278;-0.13;-0.82;167.52;-1.82;-0.19;253.49;0.75;0.50;332;2;1;5;0.79;0.50;0.43;0.00;0.00;-0.01;-0.01;1.33;-1.33;0.13;179.97;0.10;0.06;0.003
1595276651.511;1288;-0.17;-0.82;176.09;-1.82;-0.19;253.49;0.75;0.50;332;2;1;5;0.79;0.50;0.45;0.00;0.00;-0.02;-0.01;1.48;-1.33;0.13;179.97;0.10;0.06;0.003
1595276651.612;1298;-0.22;-0.82;185.32;-1.82;-0.19;253.49;0.75;0.50;332;2;1;5;0.79;0.50;0.49;0.00;0.00;-0.01;0.00;1.57;-1.33;0.13;179.97;0.10;0.06;0.003
1595276651.711;1308;-0.26;-0.83;194.29;-1.82;-0.19;253.49;0.75;0.50;332;2;1;5;0.79;0.50;0.49;0.00;0.00;-0.02;-0.00;1.60;-1.33;0.13;179.97;0.10;0.06;0.003
1595276651.811;1318;-0.31;-0.84;203.86;-1.82;-0.19;253.49;0.75;0.50;332;2;1;5;0.79;0.50;0.49;0.00;0.00;-0.01;-0.01;1.62;-1.33;0.13;179.97;0.10;0.06;0.003
1595276651.911;1328;-0.35;-0.86;213.24;-1.82;-0.19;253.49;0.75;0.50;332;2;1;5;0.79;0.50;0.49;0.00;0.00;0.00;-0.00;1.62;-1.33;0.13;179.97;0.10;0.06;0.003
1595276652.011;1338;-0.39;-0.89;222.51;-1.82;-0.19;253.49;0.75;0.50;332;2;1;5;0.79;0.50;0.50;0.00;0.00;-0.03;0.01;1.62;-1.33;0.13;179.97;0.10;0.06;0.003
1595276652.111;1348;-0.42;-0.92;231.85;-1.82;-0.19;253.49;0.75;0.50;332;2;1;5;0.79;0.50;0.50;0.00;0.00;-0.03;0.03;1.63;-1.33;0.13;179.97;0.10;0.06;0.003
1595276652.211;1358;-0.45;-0.96;241.35;-1.82;-0.19;253.49;0.75;0.50;332;2;1;5;0.79;0.50;0.49;0.00;0.00;-0.02;0.01;1.66;-1.33;0.13;179.97;0.10;0.06;0.003
1595276652.312;1368;-0.47;-1.00;250.95;-1.82;-0.19;253.49;0.75;0.50;332;2;1;5;0.79;0.50;0.49;0.00;0.00;-0.02;-0.01;1.68;-1.33;0.13;179.97;0.10;0.06;0.003
1595276652.411;1378;-0.48;-1.04;260.66;-1.82;-0.19;253.49;0.75;0.50;332;2;1;5;0.79;0.50;0.49;0.00;0.00;-0.02;-0.02;1.69;-1.84;-0.61;270.57;-0.23;0.50;0.003
1595276652.511;1388;-0.49;-1.09;270.44;-1.82;-0.19;253.49;0.75;0.50;332;2;1;5;0.79;0.50;0.49;0.00;0.00;0.01;-0.00;1.68;-1.84;-0.61;270.57;-0.23;0.50;0.003
1595276652.612;1398;-0.49;-1.13;280.24;-1.82;-0.19;253.49;0.75;0.50;332;2;1;5;0.79;0.50;0.49;0.00;0.00;-0.03;0.04;1.67;-1.84;-0.61;270.57;-0.23;0.50;0.003
1595276652.711;1408;-0.48;-1.17;289.55;-1.82;-0.19;253.49;0.75;0.50;332;2;1;5;0.79;0.50;0.49;0.00;0.00;-0.02;0.02;1.67;-1.84;-0.61;270.57;-0.23;0.50;0.003
1595276652.812;1418;-0.47;-1.22;299.26;-1.82;-0.19;253.49;0.75;0.50;332;2;1;5;0.79;0.50;0.49;0.00;0.00;-0.03;0.02;1.67;-1.84;-0.61;270.57;-0.23;0.50;0.003
1595276652.911;1428;-0.45;-1.25;308.91;-1.82;-0.19;253.49;0.75;0.50;332;2;1;5;0.79;0.50;0.49;0.00;0.00;-0.01;0.00;1.70;-1.84;-0.61;270.57;-0.23;0.50;0.003
1595276653.011;1438;-0.43;-1.29;318.78;-1.82;-0.19;253.49;0.75;0.50;332;2;1;5;0.79;0.50;0.49;0.00;0.00;0.01;-0.00;1.70;-1.84;-0.61;270.57;-0.23;0.50;0.003
1595276653.111;1448;-0.39;-1.32;328.62;-1.82;-0.19;253.49;0.75;0.50;332;2;1;5;0.79;0.50;0.49;0.00;0.00;0.01;-0.00;1.68;-1.84;-0.61;270.57;-0.23;0.50;0.003
1595276653.211;1458;-0.36;-1.35;338.27;-1.82;-0.19;253.49;0.75;0.50;332;2;1;5;0.79;0.50;0.49;0.00;0.00;-0.01;0.02;1.67;-1.84;-0.61;270.57;-0.23;0.50;0.003
1595276653.311;1468;-0.32;-1.36;347.77;-1.82;-0.19;253.49;0.75;0.50;332;2;1;5;0.79;0.50;0.49;0.00;0.00;-0.01;-0.01;1.67;-1.84;-0.61;270.57;-0.23;0.50;0.003
1595276653.411;1478;-0.27;-1.37;357.22;-1.82;-0.19;253.49;0.75;0.50;332;2;1;5;0.79;0.50;0.49;0.00;0.00;-0.02;0.01;1.67;-1.84;-0.61;270.57;-0.23;0.50;0.003
1595276653.511;1488;-0.23;-1.38;367.04;-1.82;-0.19;253.49;0.75;0.50;332;2;1;5;0.79;0.50;0.49;0.00;0.00;-0.01;-0.01;1.69;-1.84;-0.61;270.57;-0.23;0.50;0.003
1595276653.611;1498;-0.19;-1.38;376.69;-1.82;-0.19;253.49;0.75;0.50;332;2;1;5;0.79;0.50;0.49;0.00;0.00;-0.00;-0.01;1.69;-1.84;-0.61;270.57;-0.23;0.50;0.003
1595276653.711;1508;-0.15;-1.37;386.22;-1.82;-0.19;253.49;0.75;0.50;332;2;1;5;0.68;0.50;0.49;0.00;0.00;-0.01;-0.03;1.68;-1.84;-0.61;270.57;-0.23;0.50;0.003
1595276653.811;1518;-0.11;-1.35;395.66;-1.82;-0.19;253.49;0.75;0.50;332;2;1;5;0.35;0.50;0.49;0.00;0.00;0.01;-0.02;1.54;-1.84;-0.61;270.57;-0.23;0.50;0.003
1595276653.912;1528;-0.07;-1.32;403.13;-1.82;-0.19;253.49;0.75;0.50;332;2;1;5;0.10;0.50;0.49;0.00;0.00;-0.02;0.01;1.20;-1.84;-0.61;270.57;-0.23;0.50;0.003
1595276654.011;1538;-0.03;-1.29;406.03;-1.82;-0.19;253.49;0.75;0.50;332;2;1;5;0.79;0.43;0.49;0.00;0.00;-0.02;0.03;0.56;-1.33;0.13;179.97;0.10;0.06;0.003
1595276654.112;1548;-0.00;-1.26;407.17;-1.82;-0.19;253.49;0.75;0.50;332;2;1;5;0.79;0.36;0.49;0.00;0.00;-0.02;0.05;0.51;-1.33;0.13;179.97;0.10;0.06;0.003
1595276654.211;1558;0.03;-1.23;414.27;-1.82;-0.19;253.49;0.75;0.50;332;2;1;5;0.79;0.30;0.47;0.00;0.00;-0.02;0.06;1.10;-1.33;0.13;179.97;0.10;0.06;0.003
1595276654.312;1568;0.05;-1.20;421.24;-1.82;-0.19;253.49;0.75;0.50;332;2;1;5;0.79;0.25;0.38;0.00;0.00;-0.02;0.04;1.16;-1.33;0.13;179.97;0.10;0.06;0.003
1595276654.412;1578;0.06;-1.18;427.05;-1.82;-0.19;253.49;0.75;0.50;332;2;1;5;0.79;0.21;0.31;0.00;0.00;-0.01;-0.00;1.00;-1.33;0.13;179.97;0.10;0.06;0.003
1595276654.511;1588;0.07;-1.16;431.83;-1.82;-0.19;253.49;0.75;0.50;332;2;1;5;0.79;0.18;0.28;0.00;0.00;-0.01;0.01;0.82;-1.33;0.13;179.97;0.10;0.06;0.003
1595276654.612;1598;0.08;-1.15;435.66;-1.82;-0.19;253.49;0.75;0.50;332;2;1;5;0.79;0.15;0.24;0.00;0.00;-0.01;0.00;0.66;-1.33;0.13;179.97;0.10;0.06;0.003
1595276654.711;1608;0.08;-1.13;438.83;-1.82;-0.19;253.49;0.75;0.50;332;2;1;5;0.79;0.13;0.18;0.00;0.00;-0.01;-0.00;0.54;-1.33;0.13;179.97;0.10;0.06;0.003
1595276654.811;1618;0.09;-1.12;441.48;-1.82;-0.19;253.49;0.75;0.50;332;2;1;5;0.79;0.11;0.17;0.00;0.00;-0.00;0.01;0.46;-1.33;0.13;179.97;0.10;0.06;0.003
1595276654.912;1628;0.09;-1.11;443.79;-1.82;-0.19;253.49;0.75;0.50;332;2;1;5;0.79;0.10;0.14;0.00;0.00;0.00;0.01;0.39;-1.33;0.13;179.97;0.10;0.06;0.003
1595276655.011;1638;0.09;-1.10;445.69;-1.82;-0.19;253.49;0.75;0.50;332;2;1;5;0.79;0.09;0.12;0.00;0.00;0.00;0.00;0.33;-1.33;0.13;179.97;0.10;0.06;0.003
1595276655.111;1648;0.09;-1.09;447.26;-1.82;-0.19;253.49;0.75;0.50;332;2;1;5;0.79;0.08;0.11;0.00;0.00;0.00;0.01;0.29;-1.33;0.13;179.97;0.10;0.06;0.003
1595276655.211;1658;0.09;-1.08;448.73;-1.82;-0.19;253.49;0.75;0.50;332;2;1;5;0.79;0.07;0.09;0.00;0.00;-0.00;0.01;0.24;-1.33;0.13;179.97;0.10;0.06;0.003
1595276655.312;1668;0.09;-1.07;450.10;-1.82;-0.19;253.49;0.75;0.50;332;2;1;5;0.79;0.06;0.08;0.00;0.00;-0.00;0.00;0.22;-1.33;0.13;179.97;0.10;0.06;0.003
1595276655.412;1678;0.09;-1.07;451.27;-1.82;-0.19;253.49;0.75;0.50;332;2;1;5;0.79;0.06;0.07;0.00;0.00;-0.00;0.00;0.20;-1.33;0.13;179.97;0.10;0.06;0.003
1595276655.511;1688;0.09;-1.06;452.34;-1.82;-0.19;253.49;0.75;0.50;332;2;1;5;0.79;0.05;0.07;0.00;0.00;-0.01;0.01;0.19;-1.33;0.13;179.97;0.10;0.06;0.003
1595276655.612;1698;0.09;-1.06;453.30;-1.82;-0.19;253.49;0.75;0.50;332;2;1;5;0.79;0.05;0.06;0.00;0.00;-0.01;0.00;0.18;-1.33;0.13;179.97;0.10;0.06;0.003
1595276655.711;1708;0.09;-1.05;454.28;-1.82;-0.19;253.49;0.75;0.50;332;2;1;5;0.79;0.05;0.05;0.00;0.00;-0.01;0.01;0.17;-1.33;0.13;179.97;0.10;0.06;0.003
1595276655.811;1718;0.09;-1.05;455.18;-1.82;-0.19;253.49;0.75;0.50;332;2;1;5;0.79;0.05;0.05;0.00;0.00;-0.00;0.00;0.16;-1.33;0.13;179.97;0.10;0.06;0.003
1595276655.912;1728;0.09;-1.04;456.05;-1.82;-0.19;253.49;0.75;0.50;332;2;1;5;0.79;0.05;0.05;0.00;0.00;-0.00;0.00;0.16;-1.33;0.13;179.97;0.10;0.06;0.003
1595276656.011;1738;0.08;-1.04;457.05;-1.82;-0.19;253.49;0.75;0.50;332;2;1;5;0.79;0.05;0.05;0.00;0.00;-0.00;0.00;0.16;-1.33;0.13;179.97;0.10;0.06;0.003
1595276656.111;1748;0.08;-1.04;458.06;-1.82;-0.19;253.49;0.75;0.50;332;2;1;5;0.79;0.06;0.05;0.00;0.00;-0.00;-0.00;0.16;-1.33;0.13;179.97;0.10;0.06;0.003
1595276656.211;1758;0.08;-1.03;458.93;-1.82;-0.19;253.49;0.75;0.50;332;2;1;5;0.79;0.06;0.05;0.00;0.00;-0.00;0.00;0.17;-1.33;0.13;179.97;0.10;0.06;0.003
1595276656.312;1768;0.08;-1.03;459.96;-1.82;-0.19;253.49;0.75;0.50;332;2;1;5;0.79;0.06;0.05;0.00;0.00;-0.01;0.00;0.18;-1.33;0.13;179.97;0.10;0.06;0.003
1595276656.411;1778;0.08;-1.02;461.01;-1.82;-0.19;253.49;0.75;0.50;332;2;1;5;0.79;0.07;0.06;0.00;0.00;-0.00;0.00;0.19;-1.33;0.13;179.97;0.10;0.06;0.003
1595276656.511;1788;0.08;-1.01;462.05;-1.82;-0.19;253.49;0.75;0.50;332;2;1;5;0.79;0.07;0.06;0.00;0.00;-0.01;0.01;0.20;-1.33;0.13;179.97;0.10;0.06;0.003
1595276656.612;1798;0.08;-1.01;463.26;-1.82;-0.19;253.49;0.75;0.50;332;2;1;5;0.79;0.08;0.07;0.00;0.00;-0.00;0.00;0.22;-1.33;0.13;179.97;0.10;0.06;0.003
1595276656.712;1808;0.07;-1.00;464.58;-1.82;-0.19;253.49;0.75;0.50;332;2;1;5;0.79;0.09;0.07;0.00;0.00;-0.01;0.01;0.24;-1.33;0.13;179.97;0.10;0.06;0.003
1595276656.812;1818;0.07;-1.00;466.15;-1.82;-0.19;253.49;0.75;0.50;332;2;1;5;0.79;0.10;0.08;0.00;0.00;-0.01;0.01;0.27;-1.33;0.13;179.97;0.10;0.06;0.003
1595276656.911;1828;0.07;-0.99;467.88;-1.82;-0.19;253.49;0.75;0.50;332;2;1;5;0.79;0.11;0.08;0.00;0.00;-0.01;0.00;0.30;-1.33;0.13;179.97;0.10;0.06;0.003
1595276657.012;1838;0.06;-0.98;469.75;-1.82;-0.19;253.49;0.75;0.50;332;2;1;5;0.79;0.12;0.09;0.00;0.00;-0.01;0.01;0.33;-1.33;0.13;179.97;0.10;0.06;0.003
1595276657.111;1848;0.06;-0.97;471.87;-1.82;-0.19;253.49;0.75;0.50;332;2;1;5;0.79;0.13;0.11;0.00;0.00;-0.01;0.00;0.37;-1.33;0.13;179.97;0.10;0.06;0.003
1595276657.211;1858;0.06;-0.96;474.13;-1.82;-0.19;253.49;0.75;0.50;332;2;1;5;0.79;0.15;0.11;0.00;0.00;-0.00;0.00;0.41;-1.33;0.13;179.97;0.10;0.06;0.003
1595276657.311;1868;0.05;-0.95;476.73;-1.82;-0.19;253.49;0.75;0.50;332;2;1;5;0.79;0.17;0.13;0.00;0.00;-0.00;0.01;0.46;-1.33;0.13;179.97;0.10;0.06;0.003
1595276657.411;1878;0.04;-0.94;479.47;-1.82;-0.19;253.49;0.75;0.50;332;2;1;5;0.79;0.18;0.14;0.00;0.00;-0.00;0.01;0.50;-1.33;0.13;179.97;0.10;0.06;0.003
1595276657.511;1888;0.03;-0.92;482.73;-1.82;-0.19;253.49;0.75;0.50;332;2;1;5;0.79;0.21;0.15;0.00;0.00;-0.00;0.00;0.55;-1.33;0.13;179.97;0.10;0.06;0.003
1595276657.612;1898;0.02;-0.91;486.31;-1.82;-0.19;253.49;0.75;0.50;332;2;1;5;0.79;0.23;0.18;0.00;0.00;-0.00;0.00;0.61;-1.33;0.13;179.97;0.10;0.06;0.003
1595276657.712;1908;0.01;-0.90;490.19;-1.82;-0.19;253.49;0.75;0.50;332;2;1;5;0.79;0.26;0.19;0.00;0.00;-0.00;0.00;0.68;-1.33;0.13;179.97;0.10;0.06;0.003
1595276657.811;1918;-0.00;-0.88;494.44;-1.82;-0.19;253.49;0.75;0.50;332;2;1;5;0.79;0.29;0.22;0.00;0.00;-0.00;-0.00;0.75;-1.33;0.13;179.97;0.10;0.06;0.003
1595276657.911;1928;-0.02;-0.87;499.11;-1.82;-0.19;253.49;0.75;0.50;332;2;1;5;0.79;0.32;0.24;0.00;0.00;0.01;0.01;0.83;-1.33;0.13;179.97;0.10;0.06;0.003
1595276658.012;1938;-0.04;-0.85;504.51;-1.82;-0.19;253.49;0.75;0.50;332;2;1;5;0.79;0.36;0.28;0.00;0.00;0.01;0.01;0.93;-1.33;0.13;179.97;0.10;0.06;0.003
1595276658.111;1948;-0.07;-0.84;510.37;-1.82;-0.19;253.49;0.75;0.50;332;2;1;5;0.79;0.40;0.31;0.00;0.00;-0.02;0.01;1.03;-1.33;0.13;179.97;0.10;0.06;0.003
1595276658.211;1958;-0.10;-0.82;516.95;-1.82;-0.19;253.49;0.75;0.50;332;2;1;5;0.79;0.45;0.35;0.00;0.00;-0.01;-0.01;1.14;-1.33;0.13;179.97;0.10;0.06;0.003
1595276658.311;1968;-0.13;-0.81;524.23;-1.82;-0.19;253.49;0.75;0.50;332;2;1;5;0.79;0.50;0.37;0.00;0.00;-0.02;0.01;1.29;-1.33;0.13;179.97;0.10;0.06;0.003
1595276658.412;1978;-0.17;-0.81;532.29;-1.82;-0.19;253.49;0.75;0.50;332;2;1;5;0.79;0.50;0.41;0.00;0.00;-0.01;-0.02;1.45;-1.33;0.13;179.97;0.10;0.06;0.003
1595276658.512;1988;-0.21;-0.80;541.41;-1.82;-0.19;253.49;0.75;0.50;332;2;1;5;0.79;0.50;0.48;0.00;0.00;-0.01;-0.01;1.55;-1.33;0.13;179.97;0.10;0.06;0.003
1595276658.612;1998;-0.26;-0.81;550.73;-1.82;-0.19;253.49;0.75;0.50;332;2;1;5;0.79;0.50;0.49;0.00;0.00;-0.02;-0.02;1.61;-1.33;0.13;179.97;0.10;0.06;0.003
1595276658.712;2008;-0.30;-0.82;560.18;-1.82;-0.19;253.49;0.75;0.50;332;2;1;5;0.79;0.50;0.49;0.00;0.00;-0.00;-0.02;1.62;-1.33;0.13;179.97;0.10;0.06;0.003
1595276658.811;2018;-0.35;-0.84;569.40;-1.82;-0.19;253.49;0.75;0.50;332;2;1;5;0.79;0.50;0.61;0.00;0.00;-0.02;0.01;1.62;-1.33;0.13;179.97;0.10;0.06;0.003
1595276658.912;2028;-0.38;-0.86;578.85;-1.82;-0.19;253.49;0.75;0.50;332;2;1;5;0.79;0.50;0.49;0.00;0.00;-0.03;0.02;1.64;-1.33;0.13;179.97;0.10;0.06;0.003
1595276659.011;2038;-0.42;-0.89;588.46;-1.82;-0.19;253.49;0.75;0.50;332;2;1;5;0.79;0.50;0.49;0.00;0.00;-0.02;0.01;1.67;-1.33;0.13;179.97;0.10;0.06;0.003
1595276659.112;2048;-0.45;-0.92;598.24;-1.82;-0.19;253.49;0.75;0.50;332;2;1;5;0.79;0.50;0.37;0.00;0.00;-0.01;-0.01;1.70;-1.33;0.13;179.97;0.10;0.06;0.003
1595276659.212;2058;-0.47;-0.96;608.03;-1.82;-0.19;253.49;0.75;0.50;332;2;1;5;0.79;0.50;0.62;0.00;0.00;-0.01;-0.01;1.70;-1.33;0.13;179.97;0.10;0.06;0.003
1595276659.311;2068;-0.49;-1.00;617.68;-1.82;-0.19;253.49;0.75;0.50;332;2;1;5;0.79;0.50;0.49;0.00;0.00;-0.01;-0.02;1.70;-1.84;-0.61;270.57;-0.23;0.50;0.003
1595276659.412;2078;-0.50;-1.04;627.46;-1.82;-0.19;253.49;0.75;0.50;332;2;1;5;0.79;0.50;0.37;0.00;0.00;-0.02;0.01;1.70;-1.84;-0.61;270.57;-0.23;0.50;0.003
1595276659.512;2088;-0.50;-1.09;637.19;-1.82;-0.19;253.49;0.75;0.50;332;2;1;5;0.79;0.50;0.49;0.00;0.00;-0.01;0.00;1.69;-1.84;-0.61;270.57;-0.23;0.50;0.003
1595276659.611;2098;-0.50;-1.13;647.10;-1.82;-0.19;253.49;0.75;0.50;332;2;1;5;0.79;0.50;0.49;0.00;0.00;-0.02;0.03;1.69;-1.84;-0.61;270.57;-0.23;0.50;0.003
1595276659.712;2108;-0.48;-1.18;656.77;-1.82;-0.19;253.49;0.75;0.50;332;2;1;5;0.79;0.50;0.49;0.00;0.00;-0.02;0.01;1.72;-1.84;-0.61;270.57;-0.23;0.50;0.003
1595276659.812;2118;-0.47;-1.22;666.75;-1.82;-0.19;253.49;0.75;0.50;332;2;1;5;0.79;0.50;0.37;0.00;0.00;-0.01;-0.00;1.72;-1.84;-0.61;270.57;-0.23;0.50;0.003
1595276659.912;2128;-0.44;-1.25;676.53;-1.82;-0.19;253.49;0.75;0.50;332;2;1;5;0.79;0.50;0.61;0.00;0.00;0.01;0.00;1.70;-1.84;-0.61;270.57;-0.23;0.50;0.003
1595276660.011;2138;-0.41;-1.28;686.27;-1.82;-0.19;253.49;0.75;0.50;332;2;1;5;0.79;0.50;0.49;0.00;0.00;-0.01;0.00;1.69;-1.84;-0.61;270.57;-0.23;0.50;0.003
1595276660.112;2148;-0.38;-1.31;695.95;-1.82;-0.19;253.49;0.75;0.50;332;2;1;5;0.79;0.50;0.49;0.00;0.00;-0.01;-0.01;1.68;-1.84;-0.61;270.57;-0.23;0.50;0.003
1595276660.211;2158;-0.34;-1.33;705.62;-1.82;-0.19;253.49;0.75;0.50;332;2;1;5;0.79;0.50;0.61;0.00;0.00;-0.02;0.02;1.69;-1.84;-0.61;270.57;-0.23;0.50;0.003
1595276660.311;2168;-0.30;-1.34;715.42;-1.82;-0.19;253.49;0.75;0.50;332;2;1;5;0.79;0.50;0.49;0.00;0.00;-0.02;0.01;1.71;-1.84;-0.61;270.57;-0.23;0.50;0.003
1595276660.412;2178;-0.26;-1.35;725.49;-1.82;-0.19;253.49;0.75;0.50;332;2;1;5;0.79;0.50;0.49;0.00;0.00;-0.01;0.00;1.72;-1.84;-0.61;270.57;-0.23;0.50;0.003
1595276660.512;2188;-0.22;-1.35;735.35;-1.82;-0.19;253.49;0.75;0.50;332;2;1;5;0.79;0.50;0.61;0.00;0.00;-0.00;-0.02;1.73;-1.84;-0.61;270.57;-0.23;0.50;0.003
1595276660.612;2198;-0.17;-1.34;744.85;-1.82;-0.19;253.49;0.75;0.50;332;2;1;5;0.63;0.50;0.49;0.00;0.00;-0.00;-0.00;1.69;-1.84;-0.61;270.57;-0.23;0.50;0.003
1595276660.712;2208;-0.13;-1.32;754.21;-1.82;-0.19;253.49;0.75;0.50;332;2;1;5;0.31;0.50;0.49;0.00;0.00;-0.02;-0.01;1.57;-1.84;-0.61;270.57;-0.23;0.50;0.003
1595276660.812;2218;-0.10;-1.30;761.20;-1.82;-0.19;253.49;0.75;0.50;332;2;1;5;0.08;0.50;0.49;0.00;0.00;-0.02;-0.00;1.11;-1.84;-0.61;270.57;-0.23;0.50;0.003
1595276660.912;2228;-0.06;-1.27;763.68;-1.82;-0.19;253.49;0.75;0.50;332;2;1;5;0.79;0.42;0.49;0.00;0.00;-0.02;0.03;0.40;-1.33;0.13;179.97;0.10;0.06;0.003
1595276661.011;2238;-0.02;-1.24;764.78;-1.82;-0.19;253.49;0.75;0.50;332;2;1;5;0.79;0.35;0.49;0.00;0.00;-0.00;0.04;0.48;-1.33;0.13;179.97;0.10;0.06;0.003
1595276661.112;2248;0.01;-1.21;771.61;-1.82;-0.19;253.49;0.75;0.50;332;2;1;5;0.79;0.28;0.47;0.00;0.00;-0.02;0.04;1.09;-1.33;0.13;179.97;0.10;0.06;0.003
1595276661.211;2258;0.03;-1.19;778.15;-1.82;-0.19;253.49;0.75;0.50;332;2;1;5;0.79;0.23;0.40;0.00;0.00;-0.01;0.03;1.10;-1.33;0.13;179.97;0.10;0.06;0.003
1595276661.311;2268;0.04;-1.16;783.62;-1.82;-0.19;253.49;0.75;0.50;332;2;1;5;0.79;0.18;0.23;0.00;0.00;-0.02;0.01;0.92;-1.33;0.13;179.97;0.10;0.06;0.003
1595276661.411;2278;0.05;-1.15;787.79;-1.82;-0.19;253.49;0.75;0.50;332;2;1;5;0.79;0.15;0.26;0.00;0.00;-0.01;0.02;0.74;-1.33;0.13;179.97;0.10;0.06;0.003
1595276661.511;2288;0.06;-1.13;790.93;-1.82;-0.19;253.49;0.75;0.50;332;2;1;5;0.79;0.11;0.21;0.00;0.00;-0.00;0.01;0.57;-1.33;0.13;179.97;0.10;0.06;0.003
1595276661.611;2298;0.06;-1.12;793.44;-1.82;-0.19;253.49;0.75;0.50;332;2;1;5;0.79;0.08;0.17;0.00;0.00;-0.00;0.00;0.41;-1.33;0.13;179.97;0.10;0.06;0.003
1595276661.711;2308;0.07;-1.11;795.27;-1.82;-0.19;253.49;0.75;0.50;332;2;1;5;0.79;0.06;0.13;0.00;0.00;-0.00;0.01;0.31;-1.33;0.13;179.97;0.10;0.06;0.003
1595276661.811;2318;0.07;-1.11;796.57;-1.82;-0.19;253.49;0.75;0.50;332;2;1;5;0.79;0.04;0.10;0.00;0.00;-0.00;0.01;0.21;-1.33;0.13;179.97;0.10;0.06;0.003
1595276661.911;2328;0.07;-1.10;797.45;-1.82;-0.19;253.49;0.75;0.50;332;2;1;5;0.79;0.02;0.07;0.00;0.00;-0.00;0.01;0.15;-1.33;0.13;179.97;0.10;0.06;0.003
1595276662.011;2338;0.07;-1.10;797.87;-1.82;-0.19;253.49;0.75;0.50;332;2;1;5;0.79;-0.00;0.05;0.00;0.00;-0.00;0.01;0.08;-1.33;0.13;179.97;0.10;0.06;0.003
1595276662.111;2348;0.07;-1.10;797.99;-1.82;-0.19;253.49;0.75;0.50;332;2;1;5;0.79;-0.02;0.03;0.00;0.00;-0.00;0.00;0.02;-1.33;0.13;179.97;0.10;0.06;0.003
1595276662.211;2358;0.07;-1.10;797.84;-1.82;-0.19;253.49;0.75;0.50;332;2;1;5;0.79;-0.04;0.01;0.00;0.00;-0.00;0.01;-0.02;-1.33;0.13;179.97;0.10;0.06;0.003
1595276662.311;2368;0.07;-1.10;797.68;-1.82;-0.19;253.49;0.75;0.50;332;2;1;5;0.79;-0.06;-0.01;0.00;0.00;-0.00;0.01;-0.03;-1.33;0.13;179.97;0.10;0.06;0.003
1595276662.411;2378;0.07;-1.10;797.44;-1.82;-0.19;253.49;0.75;0.50;332;2;1;5;0.79;-0.07;-0.02;0.00;0.00;-0.00;0.01;-0.06;-1.33;0.13;179.97;0.10;0.06;0.003
1595276662.511;2388;0.07;-1.11;797.00;-1.82;-0.19;253.49;0.75;0.50;332;2;1;5;0.79;-0.09;-0.03;0.00;0.00;-0.01;-0.00;-0.08;-1.33;0.13;179.97;0.10;0.06;0.003
1595276662.611;2398;0.07;-1.11;796.07;-1.82;-0.19;253.49;0.75;0.50;332;2;1;5;0.79;-0.10;-0.05;0.00;0.00;-0.00;0.02;-0.14;-1.33;0.13;179.97;0.10;0.06;0.003
1595276662.711;2408;0.07;-1.12;794.93;-1.82;-0.19;253.49;0.75;0.50;332;2;1;5;0.79;-0.12;-0.07;0.00;0.00;-0.00;0.01;-0.21;-1.33;0.13;179.97;0.10;0.06;0.003
1595276662.811;2418;0.06;-1.13;793.37;-1.82;-0.19;253.49;0.75;0.50;332;2;1;5;0.79;-0.14;-0.09;0.00;0.00;-0.00;0.01;-0.28;-1.33;0.13;179.97;0.10;0.06;0.003
1595276662.911;2428;0.06;-1.14;791.59;-1.82;-0.19;253.49;0.75;0.50;332;2;1;5;0.79;-0.15;-0.10;0.00;0.00;-0.00;0.01;-0.32;-1.33;0.13;179.97;0.10;0.06;0.003
1595276663.011;2438;0.06;-1.15;789.40;-1.82;-0.19;253.49;0.75;0.50;332;2;1;5;0.79;-0.17;-0.12;0.00;0.00;-0.01;0.01;-0.39;-1.33;0.13;179.97;0.10;0.06;0.003
1595276663.111;2448;0.05;-1.17;786.91;-1.82;-0.19;253.49;0.75;0.50;332;2;1;5;0.79;-0.19;-0.14;0.00;0.00;0.00;0.01;-0.44;-1.33;0.13;179.97;0.10;0.06;0.003
1595276663.212;2458;0.05;-1.18;783.94;-1.82;-0.19;253.49;0.75;0.50;332;2;1;5;0.79;-0.22;-0.16;0.00;0.00;0.01;0.02;-0.51;-1.33;0.13;179.97;0.10;0.06;0.003
1595276663.311;2468;0.04;-1.20;780.61;-1.82;-0.19;253.49;0.75;0.50;332;2;1;5;0.79;-0.24;-0.17;0.00;0.00;0.01;0.02;-0.58;-1.33;0.13;179.97;0.10;0.06;0.003
1595276663.411;2478;0.03;-1.22;776.79;-1.82;-0.19;253.49;0.75;0.50;332;2;1;5;0.79;-0.27;-0.20;0.00;0.00;0.01;0.01;-0.68;-1.33;0.13;179.97;0.10;0.06;0.003
1595276663.511;2488;0.02;-1.24;772.53;-1.82;-0.19;253.49;0.75;0.50;332;2;1;5;0.79;-0.30;-0.22;0.00;0.00;0.01;0.00;-0.74;-1.33;0.13;179.97;0.10;0.06;0.003
1595276663.611;2498;0.00;-1.26;767.61;-1.82;-0.19;253.49;0.75;0.50;332;2;1;5;0.79;-0.34;-0.25;0.00;0.00;0.00;0.00;-0.86;-1.33;0.13;179.97;0.10;0.06;0.003
1595276663.712;2508;-0.02;-1.28;762.15;-1.82;-0.19;253.49;0.75;0.50;332;2;1;5;0.79;-0.37;-0.28;0.00;0.00;0.01;-0.01;-0.95;-1.33;0.13;179.97;0.10;0.06;0.003
1595276663.812;2518;-0.04;-1.31;756.21;-1.82;-0.19;253.49;0.75;0.50;332;2;1;5;0.49;-0.07;-0.31;0.00;0.00;0.02;-0.02;-1.02;-1.84;-0.61;270.57;-0.23;0.50;0.003
1595276663.911;2528;-0.07;-1.33;749.59;-1.82;-0.19;253.49;0.75;0.50;332;2;1;5;0.74;0.21;-0.35;0.00;0.00;0.00;-0.03;-1.05;-1.84;-0.61;270.57;-0.23;0.50;0.003
1595276664.011;2538;-0.08;-1.35;747.11;-1.82;-0.19;253.49;0.75;0.50;332;2;1;5;0.79;0.48;-0.29;0.00;0.00;0.01;-0.01;-0.32;-1.84;-0.61;270.57;-0.23;0.50;0.003
1595276664.111;2548;-0.07;-1.34;748.95;-1.82;-0.19;253.49;0.75;0.50;332;2;1;5;0.76;0.50;-0.07;0.00;0.00;0.00;-0.01;0.28;-1.84;-0.61;270.57;-0.23;0.50;0.003
1595276664.211;2558;-0.05;-1.32;754.40;-1.82;-0.19;253.49;0.75;0.50;332;2;1;5;0.56;0.50;0.22;0.00;0.00;0.00;-0.02;0.97;-1.84;-0.61;270.57;-0.23;0.50;0.003
1595276664.311;2568;-0.02;-1.29;762.18;-1.82;-0.19;253.49;0.75;0.50;332;2;1;5;0.79;0.42;0.43;0.00;0.00;0.00;0.01;1.19;-1.33;0.13;179.97;0.10;0.06;0.003
1595276664.411;2578;0.01;-1.26;767.97;-1.82;-0.19;253.49;0.75;0.50;332;2;1;5;0.79;0.35;0.49;0.00;0.00;-0.00;0.04;1.11;-1.33;0.13;179.97;0.10;0.06;0.003
1595276664.511;2588;0.04;-1.23;775.80;-1.82;-0.19;253.49;0.75;0.50;332;2;1;5;0.79;0.30;0.46;0.00;0.00;-0.02;0.04;1.25;-1.33;0.13;179.97;0.10;0.06;0.003
1595276664.612;2598;0.06;-1.20;782.59;-1.82;-0.19;253.49;0.75;0.50;332;2;1;5;0.79;0.25;0.30;0.00;0.00;-0.01;0.02;1.17;-1.33;0.13;179.97;0.10;0.06;0.003
1595276664.711;2608;0.07;-1.18;788.27;-1.82;-0.19;253.49;0.75;0.50;332;2;1;5;0.79;0.21;0.32;0.00;0.00;-0.00;0.00;0.97;-1.33;0.13;179.97;0.10;0.06;0.003
1595276664.811;2618;0.08;-1.16;792.81;-1.82;-0.19;253.49;0.75;0.50;332;2;1;5;0.79;0.18;0.27;0.00;0.00;-0.00;0.02;0.80;-1.33;0.13;179.97;0.10;0.06;0.003
1595276664.912;2628;0.09;-1.14;796.50;-1.82;-0.19;253.49;0.75;0.50;332;2;1;5;0.79;0.16;0.23;0.00;0.00;-0.01;0.02;0.66;-1.33;0.13;179.97;0.10;0.06;0.003
1595276665.012;2638;0.09;-1.13;799.54;-1.82;-0.19;253.49;0.75;0.50;332;2;1;5;0.79;0.13;0.19;0.00;0.00;-0.01;0.01;0.53;-1.33;0.13;179.97;0.10;0.06;0.003
1595276665.112;2648;0.09;-1.11;802.06;-1.82;-0.19;253.49;0.75;0.50;332;2;1;5;0.79;0.12;0.17;0.00;0.00;-0.00;0.01;0.45;-1.33;0.13;179.97;0.10;0.06;0.003
1595276665.211;2658;0.09;-1.10;804.33;-1.82;-0.19;253.49;0.75;0.50;332;2;1;5;0.79;0.10;0.14;0.00;0.00;-0.00;0.00;0.38;-1.33;0.13;179.97;0.10;0.06;0.003
1595276665.311;2668;0.09;-1.09;806.24;-1.82;-0.19;253.49;0.75;0.50;332;2;1;5;0.79;0.09;0.12;0.00;0.00;-0.01;0.01;0.33;-1.33;0.13;179.97;0.10;0.06;0.003
1595276665.411;2678;0.09;-1.08;807.90;-1.82;-0.19;253.49;0.75;0.50;332;2;1;5;0.79;0.08;0.11;0.00;0.00;-0.00;0.01;0.28;-1.33;0.13;179.97;0.10;0.06;0.003
1595276665.512;2688;0.09;-1.08;809.34;-1.82;-0.19;253.49;0.75;0.50;332;2;1;5;0.79;0.07;0.09;0.00;0.00;-0.01;0.01;0.25;-1.33;0.13;179.97;0.10;0.06;0.003
1595276665.612;2698;0.09;-1.07;810.79;-1.82;-0.19;253.49;0.75;0.50;332;2;1;5;0.79;0.07;0.08;0.00;0.00;-0.01;0.01;0.23;-1.33;0.13;179.97;0.10;0.06;0.003
1595276665.711;2708;0.09;-1.06;812.03;-1.82;-0.19;253.49;0.75;0.50;332;2;1;5;0.79;0.06;0.08;0.00;0.00;-0.01;0.01;0.21;-1.33;0.13;179.97;0.10;0.06;0.003
1595276665.812;2718;0.09;-1.06;813.13;-1.82;-0.19;253.49;0.75;0.50;332;2;1;5;0.79;0.06;0.07;0.00;0.00;-0.01;0.01;0.19;-1.33;0.13;179.97;0.10;0.06;0.003
1595276665.911;2728;0.09;-1.05;814.05;-1.82;-0.19;253.49;0.75;0.50;332;2;1;5;0.79;0.06;0.06;0.00;0.00;-0.01;0.01;0.18;-1.33;0.13;179.97;0.10;0.06;0.003
1595276666.012;2738;0.09;-1.05;814.99;-1.82;-0.19;253.49;0.75;0.50;332;2;1;5;0.79;0.06;0.06;0.00;0.00;-0.00;0.00;0.17;-1.33;0.13;179.97;0.10;0.06;0.003
1595276666.112;2748;0.09;-1.04;815.96;-1.82;-0.19;253.49;0.75;0.50;332;2;1;5;0.79;0.06;0.06;0.00;0.00;-0.01;0.00;0.16;-1.33;0.13;179.97;0.10;0.06;0.003
1595276666.211;2758;0.09;-1.03;816.90;-1.82;-0.19;253.49;0.75;0.50;332;2;1;5;0.79;0.06;0.06;0.00;0.00;-0.00;0.00;0.17;-1.33;0.13;179.97;0.10;0.06;0.003
1595276666.312;2768;0.08;-1.03;818.02;-1.82;-0.19;253.49;0.75;0.50;332;2;1;5;0.79;0.06;0.04;0.00;0.00;-0.00;0.01;0.17;-1.33;0.13;179.97;0.10;0.06;0.003
1595276666.412;2778;0.08;-1.02;818.83;-1.82;-0.19;253.49;0.75;0.50;332;2;1;5;0.79;0.06;0.06;0.00;0.00;-0.00;0.00;0.18;-1.33;0.13;179.97;0.10;0.06;0.003
1595276666.512;2788;0.08;-1.02;819.91;-1.82;-0.19;253.49;0.75;0.50;332;2;1;5;0.79;0.07;0.06;0.00;0.00;-0.00;0.00;0.18;-1.33;0.13;179.97;0.10;0.06;0.003
1595276666.612;2798;0.08;-1.01;821.04;-1.82;-0.19;253.49;0.75;0.50;332;2;1;5;0.79;0.07;0.06;0.00;0.00;-0.01;0.00;0.19;-1.33;0.13;179.97;0.10;0.06;0.003
1595276666.711;2808;0.08;-1.01;822.22;-1.82;-0.19;253.49;0.75;0.50;332;2;1;5;0.79;0.08;0.06;0.00;0.00;-0.00;0.00;0.20;-1.33;0.13;179.97;0.10;0.06;0.003
1595276666.811;2818;0.08;-1.00;823.33;-1.82;-0.19;253.49;0.75;0.50;332;2;1;5;0.79;0.08;0.07;0.00;0.00;-0.00;0.00;0.22;-1.33;0.13;179.97;0.10;0.06;0.003
1595276666.912;2828;0.07;-0.99;824.75;-1.82;-0.19;253.49;0.75;0.50;332;2;1;5;0.79;0.09;0.07;0.00;0.00;-0.00;-0.00;0.24;-1.33;0.13;179.97;0.10;0.06;0.003
1595276667.012;2838;0.07;-0.98;826.10;-1.82;-0.19;253.49;0.75;0.50;332;2;1;5;0.79;0.10;0.08;0.00;0.00;-0.00;0.00;0.26;-1.33;0.13;179.97;0.10;0.06;0.003
1595276667.112;2848;0.07;-0.98;827.72;-1.82;-0.19;253.49;0.75;0.50;332;2;1;5;0.79;0.11;0.09;0.00;0.00;-0.00;-0.00;0.29;-1.33;0.13;179.97;0.10;0.06;0.003
1595276667.212;2858;0.07;-0.97;829.55;-1.82;-0.19;253.49;0.75;0.50;332;2;1;5;0.79;0.12;0.09;0.00;0.00;-0.00;-0.00;0.31;-1.33;0.13;179.97;0.10;0.06;0.003
1595276667.312;2868;0.06;-0.96;831.55;-1.82;-0.19;253.49;0.75;0.50;332;2;1;5;0.79;0.13;0.07;0.00;0.00;-0.00;0.01;0.34;-1.33;0.13;179.97;0.10;0.06;0.003
1595276667.411;2878;0.06;-0.95;833.58;-1.82;-0.19;253.49;0.75;0.50;332;2;1;5;0.79;0.14;0.11;0.00;0.00;-0.00;0.00;0.39;-1.33;0.13;179.97;0.10;0.06;0.003
1595276667.511;2888;0.05;-0.94;836.09;-1.82;-0.19;253.49;0.75;0.50;332;2;1;5;0.79;0.16;0.12;0.00;0.00;0.00;-0.00;0.43;-1.33;0.13;179.97;0.10;0.06;0.003
1595276667.612;2898;0.04;-0.93;838.75;-1.82;-0.19;253.49;0.75;0.50;332;2;1;5;0.79;0.18;0.14;0.00;0.00;-0.00;0.00;0.47;-1.33;0.13;179.97;0.10;0.06;0.003
1595276667.711;2908;0.03;-0.91;841.71;-1.82;-0.19;253.49;0.75;0.50;332;2;1;5;0.79;0.20;0.15;0.00;0.00;0.00;0.00;0.51;-1.33;0.13;179.97;0.10;0.06;0.003
1595276667.812;2918;0.02;-0.90;845.12;-1.82;-0.19;253.49;0.75;0.50;332;2;1;5;0.79;0.22;0.17;0.00;0.00;0.01;0.01;0.58;-1.33;0.13;179.97;0.10;0.06;0.003
1595276667.911;2928;0.01;-0.89;848.70;-1.82;-0.19;253.49;0.75;0.50;332;2;1;5;0.79;0.24;0.18;0.00;0.00;-0.00;0.01;0.64;-1.33;0.13;179.97;0.10;0.06;0.003
1595276668.012;2938;-0.00;-0.87;852.85;-1.82;-0.19;253.49;0.75;0.50;332;2;1;5;0.79;0.27;0.20;0.00;0.00;-0.01;0.01;0.71;-1.33;0.13;179.97;0.10;0.06;0.003
1595276668.111;2948;-0.02;-0.86;857.31;-1.82;-0.19;253.49;0.75;0.50;332;2;1;5;0.79;0.30;0.23;0.00;0.00;-0.00;0.01;0.78;-1.33;0.13;179.97;0.10;0.06;0.003
1595276668.211;2958;-0.04;-0.84;862.24;-1.82;-0.19;253.49;0.75;0.50;332;2;1;5;0.79;0.34;0.25;0.00;0.00;-0.01;-0.00;0.86;-1.33;0.13;179.97;0.10;0.06;0.003
1595276668.311;2968;-0.06;-0.83;867.58;-1.82;-0.19;253.49;0.75;0.50;332;2;1;5;0.79;0.38;0.28;0.00;0.00;-0.01;0.00;0.96;-1.33;0.13;179.97;0.10;0.06;0.003
1595276668.411;2978;-0.09;-0.82;873.88;-1.82;-0.19;253.49;0.75;0.50;332;2;1;5;0.79;0.42;0.32;0.00;0.00;-0.01;-0.01;1.06;-1.33;0.13;179.97;0.10;0.06;0.003
1595276668.512;2988;-0.12;-0.81;880.85;-1.82;-0.19;253.49;0.75;0.50;332;2;1;5;0.79;0.47;0.35;0.00;0.00;-0.01;-0.02;1.19;-1.33;0.13;179.97;0.10;0.06;0.003
1595276668.611;2998;-0.16;-0.80;888.64;-1.82;-0.19;253.49;0.75;0.50;332;2;1;5;0.79;0.50;0.39;0.00;0.00;-0.00;-0.03;1.38;-1.33;0.13;179.97;0.10;0.06;0.003
1595276668.712;3008;-0.20;-0.79;897.24;-1.82;-0.19;253.49;0.75;0.50;332;2;1;5;0.79;0.50;0.53;0.00;0.00;0.01;-0.01;1.52;-1.33;0.13;179.97;0.10;0.06;0.003
1595276668.811;3018;-0.25;-0.80;906.47;-1.82;-0.19;253.49;0.75;0.50;332;2;1;5;0.79;0.50;0.48;0.00;0.00;-0.02;0.01;1.57;-1.33;0.13;179.97;0.10;0.06;0.003
1595276668.911;3028;-0.29;-0.81;915.67;-1.82;-0.19;253.49;0.75;0.50;332;2;1;5;0.79;0.50;0.49;0.00;0.00;-0.02;0.00;1.59;-1.33;0.13;179.97;0.10;0.06;0.003
1595276669.012;3038;-0.34;-0.82;924.78;-1.82;-0.19;253.49;0.75;0.50;332;2;1;5;0.79;0.50;0.49;0.00;0.00;-0.04;0.02;1.59;-1.33;0.13;179.97;0.10;0.06;0.003
1595276669.111;3048;-0.38;-0.84;934.27;-1.82;-0.19;253.49;0.75;0.50;332;2;1;5;0.79;0.50;0.49;0.00;0.00;-0.03;-0.00;1.64;-1.33;0.13;179.97;0.10;0.06;0.003
1595276669.212;3058;-0.41;-0.87;943.89;-1.82;-0.19;253.49;0.75;0.50;332;2;1;5;0.79;0.50;0.50;0.00;0.00;-0.02;-0.01;1.67;-1.33;0.13;179.97;0.10;0.06;0.003
1595276669.311;3068;-0.45;-0.90;953.48;-1.82;-0.19;253.49;0.75;0.50;332;2;1;5;0.79;0.50;0.49;0.00;0.00;-0.00;-0.04;1.69;-1.33;0.13;179.97;0.10;0.06;0.003
1595276669.412;3078;-0.47;-0.94;963.06;-1.82;-0.19;253.49;0.75;0.50;332;2;1;5;0.79;0.50;0.49;0.00;0.00;0.01;-0.01;1.68;-1.33;0.13;179.97;0.10;0.06;0.003
1595276669.511;3088;-0.49;-0.98;972.50;-1.82;-0.19;253.49;0.75;0.50;332;2;1;5;0.73;0.50;0.49;0.00;0.00;-0.02;0.00;1.66;-1.33;0.13;179.97;0.10;0.06;0.003
1595276669.611;3098;-0.50;-1.02;981.89;-1.82;-0.19;253.49;0.75;0.50;332;2;1;5;0.79;0.50;0.49;0.00;0.00;-0.02;-0.00;1.62;-1.84;-0.61;270.57;-0.23;0.50;0.003
1595276669.712;3108;-0.51;-1.07;990.92;-1.82;-0.19;253.49;0.75;0.50;332;2;1;5;0.79;0.50;0.49;0.00;0.00;-0.01;0.01;1.60;-1.84;-0.61;270.57;-0.23;0.50;0.004
1595276669.812;3118;-0.51;-1.12;1000.83;-1.82;-0.19;253.49;0.75;0.50;332;2;1;5;0.79;0.50;0.49;0.00;0.00;-0.01;0.01;1.67;-1.84;-0.61;270.57;-0.23;0.50;0.003
1595276669.911;3128;-0.50;-1.16;1010.37;-1.82;-0.19;253.49;0.75;0.50;332;2;1;5;0.79;0.50;0.49;0.00;0.00;-0.01;0.01;1.69;-1.84;-0.61;270.57;-0.23;0.50;0.003
1595276670.012;3138;-0.48;-1.20;1020.26;-1.82;-0.19;253.49;0.75;0.50;332;2;1;5;0.79;0.50;0.49;0.00;0.00;-0.00;0.00;1.70;-1.84;-0.61;270.57;-0.23;0.50;0.003
1595276670.111;3148;-0.46;-1.24;1030.01;-1.82;-0.19;253.49;0.75;0.50;332;2;1;5;0.79;0.50;0.49;0.00;0.00;-0.02;0.03;1.68;-1.84;-0.61;270.57;-0.23;0.50;0.003
1595276670.211;3158;-0.43;-1.28;1039.58;-1.82;-0.19;253.49;0.75;0.50;332;2;1;5;0.79;0.50;0.49;0.00;0.00;-0.02;0.01;1.66;-1.84;-0.61;270.57;-0.23;0.50;0.003
1595276670.312;3168;-0.40;-1.30;1049.25;-1.82;-0.19;253.49;0.75;0.50;332;2;1;5;0.79;0.50;0.49;0.00;0.00;-0.01;0.01;1.68;-1.84;-0.61;270.57;-0.23;0.50;0.003
1595276670.411;3178;-0.36;-1.33;1058.77;-1.82;-0.19;253.49;0.75;0.50;332;2;1;5;0.79;0.50;0.49;0.00;0.00;0.00;0.01;1.69;-1.84;-0.61;270.57;-0.23;0.50;0.003
1595276670.512;3188;-0.32;-1.35;1068.69;-1.82;-0.19;253.49;0.75;0.50;332;2;1;5;0.79;0.50;0.49;0.00;0.00;-0.01;0.00;1.71;-1.84;-0.61;270.57;-0.23;0.50;0.003
1595276670.612;3198;-0.28;-1.36;1078.54;-1.82;-0.19;253.49;0.75;0.50;332;2;1;5;0.79;0.50;0.49;0.00;0.00;0.01;-0.01;1.71;-1.84;-0.61;270.57;-0.23;0.50;0.003
1595276670.711;3208;-0.24;-1.36;1088.48;-1.82;-0.19;253.49;0.75;0.50;332;2;1;5;0.79;0.50;0.49;0.00;0.00;-0.01;0.01;1.69;-1.84;-0.61;270.57;-0.23;0.50;0.003
1595276670.811;3218;-0.19;-1.35;1097.99;-1.82;-0.19;253.49;0.75;0.50;332;2;1;5;0.79;0.50;0.62;0.00;0.00;-0.02;-0.01;1.68;-1.84;-0.61;270.57;-0.23;0.50;0.003
1595276670.912;3228;-0.15;-1.34;1107.44;-1.82;-0.19;253.49;0.75;0.50;332;2;1;5;0.58;0.50;0.49;0.00;0.00;-0.04;0.01;1.68;-1.84;-0.61;270.57;-0.23;0.50;0.003
1595276671.011;3238;-0.11;-1.32;1116.85;-1.82;-0.19;253.49;0.75;0.50;332;2;1;5;0.25;0.50;0.49;0.00;0.00;-0.02;-0.00;1.58;-1.84;-0.61;270.57;-0.23;0.50;0.003
1595276671.112;3248;-0.08;-1.30;1123.11;-1.82;-0.19;253.49;0.75;0.50;332;2;1;5;0.05;0.50;0.49;0.00;0.00;-0.01;-0.01;1.11;-1.84;-0.61;270.57;-0.23;0.50;0.003
1595276671.212;3258;-0.04;-1.27;1125.03;-1.82;-0.19;253.49;0.75;0.50;332;2;1;5;0.79;0.42;0.49;0.00;0.00;-0.02;0.03;0.39;-1.33;0.13;179.97;0.10;0.06;0.003
1595276671.311;3268;-0.01;-1.24;1125.86;-1.82;-0.19;253.49;0.75;0.50;332;2;1;5;0.79;0.35;0.49;0.00;0.00;-0.00;0.01;0.35;-1.33;0.13;179.97;0.10;0.06;0.003
1595276671.412;3278;0.02;-1.20;1132.41;-1.82;-0.19;253.49;0.75;0.50;332;2;1;5;0.79;0.28;0.47;0.00;0.00;-0.00;0.04;1.03;-1.33;0.13;179.97;0.10;0.06;0.003
1595276671.511;3288;0.04;-1.18;1138.66;-1.82;-0.19;253.49;0.75;0.50;332;2;1;5;0.79;0.23;0.40;0.00;0.00;-0.02;0.06;1.02;-1.33;0.13;179.97;0.10;0.06;0.003
1595276671.611;3298;0.06;-1.15;1143.80;-1.82;-0.19;253.49;0.75;0.50;332;2;1;5;0.79;0.19;0.32;0.00;0.00;-0.01;0.02;0.87;-1.33;0.13;179.97;0.10;0.06;0.003
1595276671.711;3308;0.06;-1.13;1147.94;-1.82;-0.19;253.49;0.75;0.50;332;2;1;5;0.79;0.15;0.26;0.00;0.00;-0.01;0.02;0.72;-1.33;0.13;179.97;0.10;0.06;0.003
1595276671.812;3318;0.07;-1.12;1151.04;-1.82;-0.19;253.49;0.75;0.50;332;2;1;5;0.79;0.11;0.23;0.00;0.00;-0.01;0.01;0.55;-1.33;0.13;179.97;0.10;0.06;0.003
1595276671.912;3328;0.07;-1.11;1153.50;-1.82;-0.19;253.49;0.75;0.50;332;2;1;5;0.79;0.09;0.17;0.00;0.00;-0.01;0.02;0.43;-1.33;0.13;179.97;0.10;0.06;0.003
1595276672.012;3338;0.08;-1.10;1155.42;-1.82;-0.19;253.49;0.75;0.50;332;2;1;5;0.79;0.06;0.13;0.00;0.00;-0.00;0.01;0.32;-1.33;0.13;179.97;0.10;0.06;0.004
1595276672.111;3348;0.08;-1.09;1156.79;-1.82;-0.19;253.49;0.75;0.50;332;2;1;5;0.79;0.04;0.10;0.00;0.00;-0.00;0.01;0.23;-1.33;0.13;179.97;0.10;0.06;0.003
1595276672.212;3358;0.08;-1.09;1157.57;-1.82;-0.19;253.49;0.75;0.50;332;2;1;5;0.79;0.01;0.07;0.00;0.00;-0.00;0.00;0.14;-1.33;0.13;179.97;0.10;0.06;0.004
1595276672.311;3368;0.08;-1.08;1158.05;-1.82;-0.19;253.49;0.75;0.50;332;2;1;5;0.79;-0.01;0.05;0.00;0.00;-0.00;0.00;0.07;-1.33;0.13;179.97;0.10;0.06;0.003
1595276672.411;3378;0.08;-1.08;1158.12;-1.82;-0.19;253.49;0.75;0.50;332;2;1;5;0.79;-0.02;0.02;0.00;0.00;-0.00;-0.00;0.01;-1.33;0.13;179.97;0.10;0.06;0.003
1595276672.512;3388;0.08;-1.08;1157.95;-1.82;-0.19;253.49;0.75;0.50;332;2;1;5;0.79;-0.04;0.01;0.00;0.00;-0.00;0.00;-0.03;-1.33;0.13;179.97;0.10;0.06;0.003
1595276672.612;3398;0.08;-1.08;1157.75;-1.82;-0.19;253.49;0.75;0.50;332;2;1;5;0.79;-0.06;-0.01;0.00;0.00;-0.00;0.00;-0.03;-1.33;0.13;179.97;0.10;0.06;0.003
1595276672.712;3408;0.08;-1.09;1157.37;-1.82;-0.19;253.49;0.75;0.50;332;2;1;5;0.79;-0.08;-0.02;0.00;0.00;-0.01;0.01;-0.07;-1.33;0.13;179.97;0.10;0.06;0.003
1595276672.812;3418;0.08;-1.10;1156.90;-1.82;-0.19;253.49;0.75;0.50;332;2;1;5;0.79;-0.09;-0.04;0.00;0.00;-0.00;-0.01;-0.11;-1.33;0.13;179.97;0.10;0.06;0.003
1595276672.911;3428;0.07;-1.10;1155.79;-1.82;-0.19;253.49;0.75;0.50;332;2;1;5;0.79;-0.11;-0.06;0.00;0.00;-0.00;0.01;-0.19;-1.33;0.13;179.97;0.10;0.06;0.003
1595276673.011;3438;0.07;-1.11;1154.48;-1.82;-0.19;253.49;0.75;0.50;332;2;1;5;0.79;-0.13;-0.08;0.00;0.00;0.00;0.01;-0.23;-1.33;0.13;179.97;0.10;0.06;0.003
1595276673.111;3448;0.07;-1.12;1152.82;-1.82;-0.19;253.49;0.75;0.50;332;2;1;5;0.79;-0.14;-0.10;0.00;0.00;0.00;-0.00;-0.28;-1.33;0.13;179.97;0.10;0.06;0.003
1595276673.212;3458;0.07;-1.13;1150.81;-1.82;-0.19;253.49;0.75;0.50;332;2;1;5;0.79;-0.16;-0.10;0.00;0.00;0.00;0.01;-0.34;-1.33;0.13;179.97;0.10;0.06;0.003
1595276673.312;3468;0.07;-1.14;1148.55;-1.82;-0.19;253.49;0.75;0.50;332;2;1;5;0.79;-0.18;-0.13;0.00;0.00;0.00;0.00;-0.40;-1.33;0.13;179.97;0.10;0.06;0.003
1595276673.411;3478;0.06;-1.16;1145.84;-1.82;-0.19;253.49;0.75;0.50;332;2;1;5;0.79;-0.21;-0.15;0.00;0.00;0.00;0.01;-0.47;-1.33;0.13;179.97;0.10;0.06;0.003
1595276673.512;3488;0.05;-1.18;1142.76;-1.82;-0.19;253.49;0.75;0.50;332;2;1;5;0.79;-0.23;-0.16;0.00;0.00;0.01;0.01;-0.53;-1.33;0.13;179.97;0.10;0.06;0.003
1595276673.611;3498;0.05;-1.19;1139.23;-1.82;-0.19;253.49;0.75;0.50;332;2;1;5;0.79;-0.26;-0.19;0.00;0.00;0.01;-0.01;-0.59;-1.33;0.13;179.97;0.10;0.06;0.003
1595276673.712;3508;0.04;-1.21;1135.22;-1.82;-0.19;253.49;0.75;0.50;332;2;1;5;0.79;-0.29;-0.21;0.00;0.00;0.01;-0.00;-0.70;-1.33;0.13;179.97;0.10;0.06;0.003
1595276673.812;3518;0.02;-1.24;1130.68;-1.82;-0.19;253.49;0.75;0.50;332;2;1;5;0.79;-0.32;-0.24;0.00;0.00;0.00;0.01;-0.77;-1.33;0.13;179.97;0.10;0.06;0.003
1595276673.912;3527;0.01;-1.26;1126.15;-1.82;-0.19;253.49;0.75;0.50;332;2;1;5;0.79;-0.36;-0.26;0.00;0.00;0.00;0.00;-0.87;-1.33;0.13;179.97;0.10;0.06;0.003
1595276674.012;3538;-0.01;-1.28;1119.81;-1.82;-0.19;253.49;0.75;0.50;332;2;1;5;0.79;-0.40;-0.29;0.00;0.00;0.01;0.00;-1.01;-1.33;0.13;179.97;0.10;0.06;0.003
1595276674.112;3547;-0.03;-1.30;1114.02;-1.82;-0.19;253.49;0.75;0.50;332;2;1;5;0.79;-0.44;-0.33;0.00;0.00;0.01;-0.00;-1.11;-1.33;0.13;179.97;0.10;0.06;0.003
1595276674.212;3558;-0.07;-1.33;1106.24;-1.82;-0.19;253.49;0.75;0.50;332;2;1;5;0.79;-0.15;-0.37;0.00;0.00;0.01;0.02;-1.23;-1.84;-0.61;270.57;-0.23;0.50;0.003
1595276674.312;3567;-0.10;-1.35;1099.22;-1.82;-0.19;253.49;0.75;0.50;332;2;1;5;0.79;0.12;-0.41;0.00;0.00;0.02;-0.01;-1.29;-1.84;-0.61;270.57;-0.23;0.50;0.003
1595276674.411;3577;-0.13;-1.37;1094.10;-1.82;-0.19;253.49;0.75;0.50;332;2;1;5;0.79;0.38;-0.35;0.00;0.00;0.02;-0.04;-0.80;-1.84;-0.61;270.57;-0.23;0.50;0.003
1595276674.512;3587;-0.12;-1.37;1094.51;-1.82;-0.19;253.49;0.75;0.50;332;2;1;5;0.79;0.50;-0.25;0.00;0.00;-0.01;-0.01;0.03;-1.84;-0.61;270.57;-0.23;0.50;0.003
1595276674.612;3597;-0.10;-1.36;1098.77;-1.82;-0.19;253.49;0.75;0.50;332;2;1;5;0.79;0.50;0.16;0.00;0.00;-0.02;-0.00;0.78;-1.84;-0.61;270.57;-0.23;0.50;0.003
1595276674.711;3607;-0.07;-1.34;1106.34;-1.82;-0.19;253.49;0.75;0.50;332;2;1;5;0.79;0.50;0.38;0.00;0.00;-0.02;0.00;1.17;-1.84;-0.61;270.57;-0.23;0.50;0.003
1595276674.812;3617;-0.04;-1.31;1115.08;-1.82;-0.19;253.49;0.75;0.50;332;2;1;5;0.56;0.50;0.48;0.00;0.00;-0.00;-0.00;1.47;-1.84;-0.61;270.57;-0.23;0.50;0.003
1595276674.912;3627;-0.00;-1.29;1124.26;-1.82;-0.19;253.49;0.75;0.50;332;2;1;5;0.79;0.42;0.49;0.00;0.00;0.01;0.02;1.47;-1.33;0.13;179.97;0.10;0.06;0.003
1595276675.012;3637;0.03;-1.25;1130.33;-1.82;-0.19;253.49;0.75;0.50;332;2;1;5;0.79;0.36;0.49;0.00;0.00;-0.01;0.06;1.19;-1.33;0.13;179.97;0.10;0.06;0.003
1595276675.111;3647;0.06;-1.22;1137.99;-1.82;-0.19;253.49;0.75;0.50;332;2;1;5;0.79;0.30;0.45;0.00;0.00;-0.02;0.06;1.30;-1.33;0.13;179.97;0.10;0.06;0.003
1595276675.212;3657;0.08;-1.19;1144.86;-1.82;-0.19;253.49;0.75;0.50;332;2;1;5;0.79;0.26;0.42;0.00;0.00;-0.02;0.01;1.20;-1.33;0.13;179.97;0.10;0.06;0.003
1595276675.312;3667;0.09;-1.17;1150.48;-1.82;-0.19;253.49;0.75;0.50;332;2;1;5;0.79;0.22;0.33;0.00;0.00;-0.02;0.01;0.97;-1.33;0.13;179.97;0.10;0.06;0.003
1595276675.412;3677;0.10;-1.14;1155.18;-1.82;-0.19;253.49;0.75;0.50;332;2;1;5;0.79;0.20;0.27;0.00;0.00;-0.02;0.02;0.83;-1.33;0.13;179.97;0.10;0.06;0.003
1595276675.512;3687;0.10;-1.13;1159.13;-1.82;-0.19;253.49;0.75;0.50;332;2;1;5;0.79;0.17;0.23;0.00;0.00;-0.01;0.02;0.66;-1.33;0.13;179.97;0.10;0.06;0.003
1595276675.611;3697;0.10;-1.11;1162.45;-1.82;-0.19;253.49;0.75;0.50;332;2;1;5;0.79;0.15;0.20;0.00;0.00;-0.01;0.01;0.58;-1.33;0.13;179.97;0.10;0.06;0.003
1595276675.712;3707;0.10;-1.09;1165.37;-1.82;-0.19;253.49;0.75;0.50;332;2;1;5;0.79;0.14;0.18;0.00;0.00;-0.01;0.01;0.51;-1.33;0.13;179.97;0.10;0.06;0.003
1595276675.812;3717;0.10;-1.08;1168.00;-1.82;-0.19;253.49;0.75;0.50;332;2;1;5;0.79;0.13;0.16;0.00;0.00;-0.00;0.01;0.45;-1.33;0.13;179.97;0.10;0.06;0.003
1595276675.912;3727;0.10;-1.07;1170.40;-1.82;-0.19;253.49;0.75;0.50;332;2;1;5;0.79;0.12;0.14;0.00;0.00;-0.00;0.00;0.40;-1.33;0.13;179.97;0.10;0.06;0.003
1595276676.012;3737;0.10;-1.06;1172.51;-1.82;-0.19;253.49;0.75;0.50;332;2;1;5;0.79;0.11;0.13;0.00;0.00;-0.00;0.01;0.37;-1.33;0.13;179.97;0.10;0.06;0.003
1595276676.112;3747;0.10;-1.04;1174.46;-1.82;-0.19;253.49;0.75;0.50;332;2;1;5;0.79;0.11;0.12;0.00;0.00;-0.00;0.00;0.34;-1.33;0.13;179.97;0.10;0.06;0.003
1595276676.212;3757;0.10;-1.04;1176.48;-1.82;-0.19;253.49;0.75;0.50;332;2;1;5;0.79;0.11;0.12;0.00;0.00;-0.00;0.00;0.33;-1.33;0.13;179.97;0.10;0.06;0.003
1595276676.312;3767;0.09;-1.03;1178.17;-1.82;-0.19;253.49;0.75;0.50;332;2;1;5;0.79;0.11;0.11;0.00;0.00;-0.01;-0.00;0.32;-1.33;0.13;179.97;0.10;0.06;0.003
1595276676.411;3777;0.09;-1.02;1180.11;-1.82;-0.19;253.49;0.75;0.50;332;2;1;5;0.79;0.11;0.10;0.00;0.00;0.00;0.00;0.32;-1.33;0.13;179.97;0.10;0.06;0.003
1595276676.512;3787;0.09;-1.01;1181.90;-1.82;-0.19;253.49;0.75;0.50;332;2;1;5;0.79;0.11;0.10;0.00;0.00;0.00;0.00;0.32;-1.33;0.13;179.97;0.10;0.06;0.003
1595276676.612;3798;0.09;-1.00;1183.98;-1.82;-0.19;253.49;0.75;0.50;332;2;1;5;0.79;0.12;0.10;0.00;0.00;-0.00;0.00;0.33;-1.33;0.13;179.97;0.10;0.06;0.003
1595276676.712;3807;0.08;-0.99;1185.56;-1.82;-0.19;253.49;0.75;0.50;332;2;1;5;0.79;0.12;0.11;0.00;0.00;0.00;0.00;0.33;-1.33;0.13;179.97;0.10;0.06;0.003
1595276676.812;3817;0.08;-0.98;1187.51;-1.82;-0.19;253.49;0.75;0.50;332;2;1;5;0.79;0.13;0.11;0.00;0.00;0.00;0.01;0.36;-1.33;0.13;179.97;0.10;0.06;0.003
1595276676.912;3827;0.07;-0.97;1189.70;-1.82;-0.19;253.49;0.75;0.50;332;2;1;5;0.79;0.14;0.11;0.00;0.00;-0.01;0.01;0.38;-1.33;0.13;179.97;0.10;0.06;0.003
1595276677.012;3838;0.07;-0.95;1192.31;-1.82;-0.19;253.49;0.75;0.50;332;2;1;5;0.79;0.15;0.12;0.00;0.00;-0.01;0.01;0.41;-1.33;0.13;179.97;0.10;0.06;0.003
1595276677.112;3847;0.06;-0.95;1194.53;-1.82;-0.19;253.49;0.75;0.50;332;2;1;5;0.79;0.17;0.13;0.00;0.00;-0.00;0.01;0.44;-1.33;0.13;179.97;0.10;0.06;0.003
1595276677.212;3857;0.05;-0.93;1197.24;-1.82;-0.19;253.49;0.75;0.50;332;2;1;5;0.79;0.18;0.15;0.00;0.00;0.00;0.00;0.49;-1.33;0.13;179.97;0.10;0.06;0.003
1595276677.312;3867;0.05;-0.92;1200.19;-1.82;-0.19;253.49;0.75;0.50;332;2;1;5;0.79;0.20;0.16;0.00;0.00;-0.00;0.01;0.53;-1.33;0.13;179.97;0.10;0.06;0.003
1595276677.411;3877;0.03;-0.91;1203.55;-1.82;-0.19;253.49;0.75;0.50;332;2;1;5;0.79;0.22;0.17;0.00;0.00;-0.01;0.01;0.58;-1.33;0.13;179.97;0.10;0.06;0.003
1595276677.512;3887;0.02;-0.89;1207.20;-1.82;-0.19;253.49;0.75;0.50;332;2;1;5;0.79;0.24;0.19;0.00;0.00;-0.01;0.02;0.65;-1.33;0.13;179.97;0.10;0.06;0.003
1595276677.614;3898;0.01;-0.88;1211.60;-1.82;-0.19;253.49;0.75;0.50;332;2;1;5;0.79;0.27;0.27;0.00;0.00;-0.01;0.01;0.72;-1.33;0.13;179.97;0.10;0.06;0.005
1595276677.712;3907;-0.01;-0.86;1215.53;-1.82;-0.19;253.49;0.75;0.50;332;2;1;5;0.79;0.30;0.23;0.00;0.00;-0.01;0.01;0.76;-1.33;0.13;179.97;0.10;0.06;0.003
1595276677.812;3917;-0.03;-0.85;1220.62;-1.82;-0.19;253.49;0.75;0.50;332;2;1;5;0.79;0.33;0.25;0.00;0.00;-0.01;-0.00;0.86;-1.33;0.13;179.97;0.10;0.06;0.003
1595276677.911;3927;-0.05;-0.83;1225.79;-1.82;-0.19;253.49;0.75;0.50;332;2;1;5;0.79;0.37;0.28;0.00;0.00;0.00;-0.01;0.97;-1.33;0.13;179.97;0.10;0.06;0.003
1595276678.012;3937;-0.08;-0.82;1231.83;-1.82;-0.19;253.49;0.75;0.50;332;2;1;5;0.79;0.41;0.30;0.00;0.00;-0.00;-0.03;1.07;-1.33;0.13;179.97;0.10;0.06;0.003
1595276678.112;3947;-0.11;-0.81;1238.63;-1.82;-0.19;253.49;0.75;0.50;332;2;1;5;0.79;0.46;0.35;0.00;0.00;0.01;-0.02;1.18;-1.33;0.13;179.97;0.10;0.06;0.003
1595276678.211;3957;-0.15;-0.80;1245.99;-1.82;-0.19;253.49;0.75;0.50;332;2;1;5;0.79;0.50;0.39;0.00;0.00;-0.01;-0.01;1.29;-1.33;0.13;179.97;0.10;0.06;0.003
1595276678.311;3967;-0.19;-0.79;1254.08;-1.82;-0.19;253.49;0.75;0.50;332;2;1;5;0.79;0.50;0.43;0.00;0.00;-0.02;-0.02;1.45;-1.33;0.13;179.97;0.10;0.06;0.003
1595276678.412;3977;-0.23;-0.79;1262.77;-1.82;-0.19;253.49;0.75;0.50;332;2;1;5;0.79;0.50;0.45;0.00;0.00;-0.03;0.02;1.54;-1.33;0.13;179.97;0.10;0.06;0.004
1595276678.511;3987;-0.28;-0.80;1272.06;-1.82;-0.19;253.49;0.75;0.50;332;2;1;5;0.79;0.50;0.49;0.00;0.00;-0.03;0.01;1.58;-1.33;0.13;179.97;0.10;0.06;0.003
1595276678.611;3997;-0.32;-0.82;1281.50;-1.82;-0.19;253.49;0.75;0.50;332;2;1;5;0.79;0.50;0.49;0.00;0.00;-0.01;-0.00;1.60;-1.33;0.13;179.97;0.10;0.06;0.003
1595276678.712;4008;-0.37;-0.84;1291.75;-1.82;-0.19;253.49;0.75;0.50;332;2;1;5;0.79;0.50;0.37;0.00;0.00;-0.01;-0.01;1.63;-1.33;0.13;179.97;0.10;0.06;0.004
1595276678.811;4017;-0.41;-0.86;1300.10;-1.82;-0.19;253.49;0.75;0.50;332;2;1;5;0.79;0.50;0.49;0.00;0.00;-0.00;0.01;1.63;-1.33;0.13;179.97;0.10;0.06;0.003
1595276678.912;4028;-0.44;-0.89;1310.53;-1.82;-0.19;253.49;0.75;0.50;332;2;1;5;0.79;0.50;0.61;0.00;0.00;-0.01;0.00;1.65;-1.33;0.13;179.97;0.10;0.06;0.004
1595276679.012;4038;-0.47;-0.93;1319.91;-1.82;-0.19;253.49;0.75;0.50;332;2;1;5;0.79;0.50;0.49;0.00;0.00;-0.03;0.01;1.65;-1.33;0.13;179.97;0.10;0.06;0.004
1595276679.112;4047;-0.49;-0.97;1328.43;-1.82;-0.19;253.49;0.75;0.50;332;2;1;5;0.79;0.50;0.49;0.00;0.00;-0.02;0.00;1.66;-1.33;0.13;179.97;0.10;0.06;0.004
1595276679.212;4057;-0.51;-1.01;1338.12;-1.82;-0.19;253.49;0.75;0.50;332;2;1;5;0.79;0.50;0.49;0.00;0.00;-0.02;-0.01;1.67;-1.84;-0.61;270.57;-0.23;0.50;0.003
1595276679.312;4068;-0.52;-1.06;1348.89;-1.82;-0.19;253.49;0.75;0.50;332;2;1;5;0.79;0.50;0.49;0.00;0.00;-0.01;-0.01;1.68;-1.84;-0.61;270.57;-0.23;0.50;0.003
1595276679.412;4078;-0.52;-1.11;1358.70;-1.82;-0.19;253.49;0.75;0.50;332;2;1;5;0.79;0.50;0.49;0.00;0.00;0.01;0.00;1.68;-1.84;-0.61;270.57;-0.23;0.50;0.004
1595276679.512;4088;-0.51;-1.15;1368.26;-1.82;-0.19;253.49;0.75;0.50;332;2;1;5;0.79;0.50;0.49;0.00;0.00;-0.03;0.05;1.67;-1.84;-0.61;270.57;-0.23;0.50;0.004
1595276679.612;4098;-0.49;-1.20;1377.93;-1.82;-0.19;253.49;0.75;0.50;332;2;1;5;0.79;0.50;0.49;0.00;0.00;-0.02;0.03;1.68;-1.84;-0.61;270.57;-0.23;0.50;0.003
1595276679.712;4108;-0.47;-1.23;1387.64;-1.82;-0.19;253.49;0.75;0.50;332;2;1;5;0.79;0.50;0.37;0.00;0.00;-0.02;0.02;1.68;-1.84;-0.61;270.57;-0.23;0.50;0.004
1595276679.812;4118;-0.45;-1.27;1397.28;-1.82;-0.19;253.49;0.75;0.50;332;2;1;5;0.79;0.50;0.49;0.00;0.00;-0.01;-0.00;1.69;-1.84;-0.61;270.57;-0.23;0.50;0.004
1595276679.912;4128;-0.41;-1.30;1407.06;-1.82;-0.19;253.49;0.75;0.50;332;2;1;5;0.79;0.50;0.49;0.00;0.00;-0.01;-0.01;1.69;-1.84;-0.61;270.57;-0.23;0.50;0.004
1595276680.012;4138;-0.38;-1.33;1416.76;-1.82;-0.19;253.49;0.75;0.50;332;2;1;5;0.79;0.50;0.49;0.00;0.00;0.02;0.00;1.68;-1.84;-0.61;270.57;-0.23;0.50;0.004
