t;frame;x;y;z;x_ref;y_ref;z_ref;delta_ref;u_ref;state;ellipse;control;action;delta;u;vx;vy;vz;wx;wy;wz;xr;yr;zr;delr;ur;obs1x;obs1y;obs2x;obs2y
1595875728.400;15;1.08;2.39;0.54;0.85;2.35;-0.00;0.00;-0.50;356;1;1;2;-0.08;-0.04;0.00;0.00;0.00;0.00;0.00;0.00;0.95;2.35;0.00;0.00;-0.50;0.059;-100.00;-100.00;-0.52;-1.92
1595875728.449;20;1.08;2.39;0.51;0.85;2.35;-0.00;0.00;-0.50;356;1;1;2;-0.08;-0.08;0.00;0.00;0.00;0.00;0.00;0.00;0.95;2.35;0.00;0.00;-0.50;0.009;-100.00;-100.00;-0.52;-1.92
1595875728.549;30;1.08;2.39;0.51;0.85;2.35;-0.00;0.00;-0.50;356;1;1;2;-0.08;-0.11;0.00;0.00;0.00;0.00;0.00;0.00;0.95;2.35;0.00;0.00;-0.50;0.009;-100.00;-100.00;-0.52;-1.92
1595875728.649;40;1.08;2.39;0.28;0.85;2.35;-0.00;0.00;-0.50;356;1;1;2;-0.09;-0.15;-0.00;0.00;0.00;0.01;0.06;-0.04;0.95;2.35;0.00;0.00;-0.50;0.009;-100.00;-100.00;-0.52;-1.92
1595875728.749;50;1.07;2.39;0.46;0.85;2.35;-0.00;0.00;-0.50;356;1;1;2;-0.08;-0.18;-0.04;0.00;0.00;0.00;-0.01;0.03;0.95;2.35;0.00;0.00;-0.50;0.009;-100.00;-100.00;-0.52;-1.92
1595875728.858;61;1.06;2.39;0.55;0.85;2.35;-0.00;0.00;-0.50;356;1;1;2;-0.08;-0.20;-0.12;0.00;0.00;0.00;0.01;0.03;0.95;2.35;0.00;0.00;-0.50;0.018;-100.00;-100.00;-0.52;-1.92
1595875728.958;71;1.04;2.39;0.77;0.85;2.35;-0.00;0.00;-0.50;356;1;1;2;-0.07;-0.23;-0.14;0.00;0.00;0.00;-0.02;0.03;0.95;2.35;0.00;0.00;-0.50;0.018;-100.00;-100.00;-0.52;-1.92
1595875729.058;81;1.02;2.39;0.86;0.85;2.35;-0.00;0.00;-0.50;356;1;1;2;-0.06;-0.25;-0.16;0.00;0.00;0.02;-0.00;0.02;0.95;2.35;0.00;0.00;-0.50;0.017;-100.00;-100.00;-0.52;-1.92
1595875729.158;91;1.00;2.39;1.05;0.76;2.35;-0.00;0.00;-0.50;356;2;1;2;-0.05;-0.27;-0.20;0.00;0.00;0.03;-0.01;0.02;0.95;2.35;0.00;0.00;-0.50;0.018;-100.00;-100.00;-0.52;-1.92
1595875729.252;100;0.98;2.39;1.09;0.76;2.35;-0.00;0.00;-0.50;356;2;1;2;-0.04;-0.28;-0.21;0.00;0.00;0.03;0.00;0.03;0.95;2.35;0.00;0.00;-0.50;0.012;-100.00;-100.00;-0.52;-1.92
1595875729.346;110;0.96;2.39;1.44;0.76;2.35;-0.00;0.00;-0.50;356;2;1;2;-0.02;-0.29;-0.23;0.00;0.00;0.01;0.01;0.03;0.95;2.35;0.00;0.00;-0.50;0.006;-100.00;-100.00;-0.52;-1.92
1595875729.447;120;0.94;2.39;1.49;0.76;2.35;-0.00;0.00;-0.50;356;2;1;2;-0.02;-0.30;-0.25;0.00;0.00;-0.01;0.01;0.01;0.94;2.35;-0.00;0.00;-0.50;0.006;-100.00;-100.00;-0.52;-1.92
1595875729.561;131;0.91;2.39;1.03;0.65;2.35;0.00;0.00;0.50;214;0;1;1;-0.04;-0.31;-0.27;0.00;0.00;0.01;-0.00;0.01;0.91;2.35;-0.00;0.00;-0.50;0.014;-100.00;-100.00;-0.52;-1.92
1595875729.667;142;0.88;2.39;1.54;0.95;2.35;-0.00;0.11;0.00;356;1;1;5;-0.16;-0.27;-0.21;0.00;0.00;0.00;-0.01;0.03;0.89;2.35;0.00;0.00;0.50;0.015;-100.00;-100.00;-0.52;-1.92
1595875729.750;150;0.86;2.39;1.89;1.14;2.37;13.57;0.65;0.50;356;2;1;5;0.18;-0.24;-0.28;0.00;0.00;0.00;-0.05;0.04;0.95;2.35;0.04;0.18;0.07;0.009;-100.00;-100.00;-0.52;-1.92
1595875729.847;160;0.83;2.38;2.30;1.14;2.37;13.57;0.65;0.50;356;2;1;5;-0.24;-0.22;-0.27;0.00;0.00;0.01;-0.01;-0.02;0.95;2.35;0.04;0.18;0.07;0.006;-100.00;-100.00;-0.52;-1.92
1595875729.947;170;0.81;2.38;1.39;1.14;2.37;13.57;0.65;0.50;356;2;1;5;-0.25;-0.19;-0.18;0.00;0.00;0.01;0.03;0.05;0.95;2.35;0.04;0.18;0.07;0.006;-100.00;-100.00;-0.52;-1.92
1595875730.047;180;0.79;2.38;2.56;1.14;2.37;13.57;0.65;0.50;356;2;1;5;-0.34;-0.16;-0.22;0.00;0.00;0.03;-0.03;0.09;0.95;2.35;0.04;0.18;0.07;0.006;-100.00;-100.00;-0.52;-1.92
1595875730.147;190;0.78;2.38;3.21;1.14;2.37;13.57;0.65;0.50;356;2;1;5;-0.41;-0.13;-0.19;0.00;0.00;0.02;-0.00;0.13;0.95;2.35;0.04;0.18;0.07;0.006;-100.00;-100.00;-0.52;-1.92
1595875730.247;200;0.77;2.38;4.17;1.14;2.37;13.57;0.65;0.50;356;2;1;5;-0.47;-0.10;-0.16;0.00;0.00;0.01;-0.02;0.13;0.95;2.35;0.04;0.18;0.07;0.006;-100.00;-100.00;-0.52;-1.92
1595875730.347;210;0.75;2.38;4.87;1.14;2.37;13.57;0.65;0.50;356;2;1;5;-0.53;-0.08;-0.16;0.00;0.00;-0.00;-0.01;0.13;0.95;2.35;0.04;0.18;0.07;0.006;-100.00;-100.00;-0.52;-1.92
1595875730.447;220;0.75;2.38;5.47;1.14;2.37;13.57;0.65;0.50;356;2;1;5;-0.57;-0.05;-0.11;0.00;0.00;0.00;-0.01;0.10;0.95;2.35;0.04;0.18;0.07;0.006;-100.00;-100.00;-0.52;-1.92
1595875730.547;230;0.74;2.38;5.81;1.14;2.37;13.57;0.65;0.50;356;2;1;5;-0.60;-0.03;-0.07;0.00;0.00;-0.00;-0.01;0.07;0.95;2.35;0.04;0.18;0.07;0.006;-100.00;-100.00;-0.52;-1.92
1595875730.647;240;0.74;2.38;5.83;1.14;2.37;13.57;0.65;0.50;356;2;1;5;-0.61;-0.00;-0.06;0.00;0.00;0.00;-0.00;0.02;0.95;2.35;0.04;0.18;0.07;0.006;-100.00;-100.00;-0.52;-1.92
1595875730.748;250;0.74;2.38;5.58;1.14;2.37;13.57;0.65;0.50;356;2;1;5;-0.60;0.02;-0.03;0.00;0.00;0.00;0.01;-0.02;0.95;2.35;0.04;0.18;0.07;0.007;-100.00;-100.00;-0.52;-1.92
1595875730.846;260;0.74;2.38;5.28;1.14;2.37;13.57;0.65;0.50;356;2;1;5;-0.58;0.04;-0.01;0.00;0.00;0.00;-0.01;-0.06;0.95;2.35;0.04;0.18;0.07;0.006;-100.00;-100.00;-0.52;-1.92
1595875730.947;270;0.74;2.38;4.87;1.14;2.37;13.57;0.65;0.50;356;2;1;5;-0.56;0.06;0.02;0.00;0.00;0.01;0.00;-0.08;0.95;2.35;0.04;0.18;0.07;0.007;-100.00;-100.00;-0.52;-1.92
1595875731.047;280;0.74;2.38;4.39;1.14;2.37;13.57;0.65;0.50;356;2;1;5;-0.53;0.08;0.03;0.00;0.00;0.01;-0.01;-0.10;0.95;2.35;0.04;0.18;0.07;0.006;-100.00;-100.00;-0.52;-1.92
1595875731.155;291;0.75;2.38;3.79;1.14;2.37;13.57;0.65;0.50;356;2;1;5;-0.49;0.10;0.04;0.00;0.00;0.01;0.01;-0.11;0.95;2.35;0.04;0.18;0.07;0.014;-100.00;-100.00;-0.52;-1.92
1595875731.247;300;0.76;2.38;2.96;1.14;2.37;13.57;0.65;0.50;356;2;1;5;-0.44;0.12;0.07;0.00;0.00;0.01;0.01;-0.14;0.95;2.35;0.04;0.18;0.07;0.006;-100.00;-100.00;-0.52;-1.92
1595875731.347;310;0.77;2.38;2.09;1.14;2.37;13.57;0.65;0.50;356;2;1;5;-0.38;0.14;0.09;0.00;0.00;0.01;0.01;-0.15;0.95;2.35;0.04;0.18;0.07;0.006;-100.00;-100.00;-0.52;-1.92
1595875731.447;320;0.78;2.38;1.30;1.14;2.37;13.57;0.65;0.50;356;2;1;5;-0.32;0.15;0.11;0.00;0.00;-0.01;0.00;-0.13;0.95;2.35;0.04;0.18;0.07;0.006;-100.00;-100.00;-0.52;-1.92
1595875731.555;331;0.79;2.38;0.68;1.14;2.37;13.57;0.65;0.50;356;2;1;5;-0.26;0.17;0.13;0.00;0.00;-0.01;0.01;-0.12;0.95;2.35;0.04;0.18;0.07;0.014;-100.00;-100.00;-0.52;-1.92
1595875731.646;340;0.81;2.38;-0.08;1.14;2.37;13.57;0.65;0.50;356;2;1;5;-0.20;0.18;0.14;0.00;0.00;-0.01;-0.00;-0.11;0.95;2.35;0.04;0.18;0.07;0.006;-100.00;-100.00;-0.52;-1.92
1595875731.747;350;0.82;2.38;-0.52;1.14;2.37;13.57;0.65;0.50;356;2;1;5;-0.15;0.19;0.12;0.00;0.00;-0.01;-0.01;-0.09;0.95;2.35;0.04;0.18;0.07;0.006;-100.00;-100.00;-0.52;-1.92
1595875731.855;361;0.84;2.38;-0.92;1.14;2.37;13.57;0.65;0.50;356;2;1;5;-0.09;0.20;0.17;0.00;0.00;-0.01;-0.01;-0.05;0.95;2.35;0.04;0.18;0.07;0.013;-100.00;-100.00;-0.52;-1.92
1595875731.947;370;0.86;2.38;-1.10;1.14;2.37;13.57;0.65;0.50;356;2;1;5;-0.04;0.20;0.18;0.00;0.00;0.01;0.01;-0.03;0.95;2.35;0.04;0.18;0.07;0.006;-100.00;-100.00;-0.52;-1.92
1595875732.046;380;0.88;2.38;-1.27;1.14;2.37;13.57;0.65;0.50;356;2;1;5;0.01;0.21;0.14;0.00;0.00;0.00;0.01;-0.01;0.95;2.35;0.04;0.18;0.07;0.006;-100.00;-100.00;-0.52;-1.92
1595875732.147;390;0.90;2.38;-1.19;1.14;2.37;13.57;0.65;0.50;356;2;1;5;0.06;0.21;0.19;0.00;0.00;0.00;0.01;0.00;0.95;2.35;0.04;0.18;0.07;0.006;-100.00;-100.00;-0.52;-1.92
1595875732.247;400;0.91;2.38;-1.05;1.14;2.37;13.57;0.65;0.50;356;2;1;5;0.09;0.21;0.20;0.00;0.00;0.01;0.00;0.01;0.95;2.35;0.04;0.18;0.07;0.006;-100.00;-100.00;-0.52;-1.92
1595875732.347;410;0.93;2.38;-1.04;1.14;2.37;13.57;0.65;0.50;356;2;1;5;0.14;0.20;0.15;0.00;0.00;0.01;0.00;0.02;0.95;2.35;0.04;0.18;0.07;0.006;-100.00;-100.00;-0.52;-1.92
1595875732.447;420;0.95;2.38;-0.71;1.14;2.37;13.57;0.65;0.50;356;2;1;5;0.17;0.20;0.20;0.00;0.00;0.01;0.01;0.04;0.95;2.35;0.04;0.18;0.07;0.006;-100.00;-100.00;-0.52;-1.92
1595875732.547;430;0.97;2.37;-0.38;1.14;2.37;13.57;0.65;0.50;356;2;1;5;0.25;0.20;0.19;0.00;0.00;0.01;-0.00;0.05;0.96;2.35;0.26;0.24;0.13;0.006;-100.00;-100.00;-0.52;-1.92
1595875732.647;440;0.99;2.37;0.16;1.14;2.37;13.57;0.65;0.50;356;2;1;5;0.34;0.20;0.19;0.00;0.00;0.00;-0.01;0.10;0.98;2.35;1.05;0.33;0.21;0.006;-100.00;-100.00;-0.52;-1.92
1595875732.755;451;1.00;2.38;1.12;1.45;2.58;54.67;0.68;0.50;356;3;1;5;0.40;0.20;0.19;0.00;0.00;-0.02;0.01;0.16;1.01;2.35;2.20;0.40;0.27;0.014;-100.00;-100.00;-0.52;-1.92
1595875732.844;459;1.02;2.38;2.02;1.45;2.58;54.67;0.68;0.50;356;3;1;5;0.49;0.21;0.19;0.00;0.00;-0.01;0.01;0.21;1.02;2.35;3.30;0.44;0.31;0.003;-100.00;-100.00;-0.52;-1.92
1595875732.944;470;1.04;2.38;3.65;1.45;2.58;54.67;0.68;0.50;356;3;1;5;0.53;0.21;0.19;0.00;0.00;0.01;0.02;0.28;1.04;2.35;4.72;0.49;0.35;0.003;-100.00;-100.00;-0.52;-1.92
1595875733.043;479;1.05;2.38;5.36;1.45;2.58;54.67;0.68;0.50;356;3;1;5;0.53;0.22;0.20;0.00;0.00;0.01;0.01;0.31;1.05;2.35;5.56;0.51;0.37;0.003;-100.00;-100.00;-0.52;-1.92
1595875733.143;489;1.07;2.38;7.39;1.45;2.58;54.67;0.68;0.50;356;3;1;5;0.55;0.23;0.20;0.00;0.00;-0.00;-0.02;0.33;1.08;2.36;7.54;0.55;0.41;0.003;-100.00;-100.00;-0.52;-1.92
1595875733.244;499;1.09;2.39;9.42;1.45;2.58;54.67;0.68;0.50;356;3;1;5;0.55;0.23;0.21;0.00;0.00;-0.01;-0.01;0.36;1.09;2.36;8.68;0.57;0.43;0.003;-100.00;-100.00;-0.52;-1.92
1595875733.344;510;1.11;2.39;11.71;1.45;2.58;54.67;0.68;0.50;356;3;1;5;0.58;0.24;0.22;0.00;0.00;0.02;-0.01;0.38;1.12;2.36;11.29;0.62;0.47;0.003;-100.00;-100.00;-0.52;-1.92
1595875733.444;520;1.13;2.39;14.24;1.45;2.58;54.67;0.68;0.50;356;3;1;5;0.57;0.25;0.22;0.00;0.00;0.00;0.00;0.41;1.13;2.37;12.78;0.64;0.49;0.003;-100.00;-100.00;-0.52;-1.92
1595875733.544;530;1.15;2.40;16.92;1.45;2.58;54.67;0.68;0.50;356;3;1;5;0.56;0.26;0.23;0.00;0.00;0.00;-0.00;0.45;1.15;2.37;14.37;0.65;0.50;0.003;-100.00;-100.00;-0.52;-1.92
1595875733.644;539;1.17;2.40;19.33;1.45;2.58;54.67;0.68;0.50;356;3;1;5;0.55;0.27;0.24;0.00;0.00;0.02;-0.02;0.47;1.18;2.38;17.60;0.65;0.50;0.003;-100.00;-100.00;-0.52;-1.92
1595875733.743;549;1.19;2.41;22.17;1.45;2.58;54.67;0.68;0.50;356;3;1;5;0.52;0.27;0.25;0.00;0.00;0.03;-0.00;0.48;1.19;2.38;19.22;0.65;0.50;0.003;-100.00;-100.00;-0.52;-1.92
1595875733.843;559;1.21;2.42;24.65;1.45;2.58;54.67;0.68;0.50;356;3;1;5;0.53;0.28;0.25;0.00;0.00;0.02;0.01;0.47;1.22;2.40;22.48;0.66;0.50;0.003;-100.00;-100.00;-0.52;-1.92
1595875733.944;569;1.23;2.43;27.63;1.45;2.58;54.67;0.68;0.50;356;3;1;5;0.51;0.29;0.26;0.00;0.00;-0.00;0.02;0.48;1.24;2.40;24.11;0.66;0.50;0.003;-100.00;-100.00;-0.52;-1.92
1595875734.044;580;1.25;2.44;30.56;1.45;2.58;54.67;0.68;0.50;356;3;1;5;0.50;0.29;0.27;0.00;0.00;0.01;-0.00;0.46;1.26;2.42;27.39;0.66;0.50;0.003;-100.00;-100.00;-0.52;-1.92
1595875734.144;589;1.27;2.45;32.84;1.45;2.58;54.67;0.68;0.50;356;3;1;5;0.52;0.30;0.28;0.00;0.00;0.01;0.01;0.47;1.29;2.43;30.69;0.66;0.50;0.003;-100.00;-100.00;-0.52;-1.92
1595875734.244;600;1.29;2.47;35.83;1.45;2.58;54.67;0.68;0.50;356;3;1;5;0.53;0.31;0.28;0.00;0.00;0.01;0.01;0.49;1.32;2.45;34.00;0.67;0.50;0.003;-100.00;-100.00;-0.52;-1.92
1595875734.343;609;1.31;2.48;38.81;1.45;2.58;54.67;0.68;0.50;356;3;1;5;0.50;0.31;0.29;0.00;0.00;0.02;-0.00;0.52;1.33;2.46;35.67;0.67;0.50;0.003;-100.00;-100.00;-0.52;-1.92
1595875734.445;620;1.34;2.50;41.91;1.45;2.58;54.67;0.68;0.50;356;3;1;5;0.50;0.32;0.30;0.00;0.00;-0.02;0.01;0.52;1.35;2.47;39.00;0.67;0.50;0.004;-100.00;-100.00;-0.52;-1.92
1595875734.544;629;1.35;2.52;44.42;1.45;2.58;54.67;0.68;0.50;356;3;1;5;0.52;0.32;0.30;0.00;0.00;0.01;0.01;0.52;1.38;2.49;42.36;0.67;0.50;0.003;-100.00;-100.00;-0.52;-1.92
1595875734.644;640;1.38;2.54;47.94;1.45;2.58;54.67;0.68;0.50;356;3;1;5;0.52;0.33;0.31;0.00;0.00;0.01;-0.04;0.55;1.40;2.52;45.73;0.67;0.50;0.004;-100.00;-100.00;-0.52;-1.92
1595875734.744;649;1.39;2.56;50.65;1.45;2.58;54.67;0.68;0.50;356;3;1;5;0.53;0.34;0.31;0.00;0.00;0.00;0.00;0.55;1.42;2.54;49.12;0.68;0.50;0.003;-100.00;-100.00;-0.52;-1.92
1595875734.844;659;1.41;2.58;54.14;1.45;2.58;54.67;0.68;0.50;356;3;1;5;0.52;0.34;0.32;0.00;0.00;0.02;-0.01;0.59;1.44;2.56;52.53;0.68;0.50;0.003;-100.00;-100.00;-0.52;-1.92
1595875734.944;670;1.43;2.61;57.87;1.45;2.58;54.67;0.68;0.50;356;3;1;5;0.51;0.35;0.33;0.00;0.00;0.01;0.01;0.59;1.46;2.59;55.95;0.68;0.50;0.003;-100.00;-100.00;-0.52;-1.92
1595875735.043;679;1.44;2.63;61.13;1.45;2.58;54.67;0.68;0.50;356;3;1;5;0.48;0.36;0.33;0.00;0.00;0.02;-0.00;0.61;1.47;2.61;59.28;0.66;0.50;0.003;-100.00;-100.00;-0.52;-1.92
1595875735.143;689;1.46;2.66;64.40;1.56;2.94;89.43;0.49;0.50;356;4;1;5;0.46;0.36;0.34;0.00;0.00;0.04;0.00;0.59;1.49;2.64;62.51;0.64;0.50;0.003;-100.00;-100.00;-0.52;-1.92
1595875735.244;700;1.47;2.69;67.84;1.56;2.94;89.43;0.49;0.50;356;4;1;5;0.49;0.37;0.35;0.00;0.00;-0.00;0.03;0.57;1.50;2.67;65.63;0.63;0.50;0.003;-100.00;-100.00;-0.52;-1.92
1595875735.358;711;1.49;2.72;71.72;1.55;2.95;90.00;-0.00;0.37;393;0;1;7;0.46;0.37;0.35;0.00;0.00;0.03;-0.00;0.60;1.52;2.70;68.66;0.61;0.50;0.014;-100.00;-100.00;-0.52;-1.92
1595875735.452;720;1.50;2.74;74.93;1.55;2.95;90.00;-0.00;0.37;393;0;1;7;0.44;0.39;0.36;0.00;0.00;0.02;0.02;0.60;1.55;2.95;90.00;-0.00;0.37;0.011;-100.00;-100.00;-0.52;-1.92
1595875735.552;730;1.51;2.77;78.28;1.55;2.95;90.00;-0.00;0.37;393;0;1;7;0.33;0.41;0.36;0.00;0.00;0.02;-0.03;0.58;1.55;2.95;90.00;-0.00;0.37;0.011;-100.00;-100.00;-0.52;-1.92
1595875735.652;740;1.51;2.81;81.35;1.55;2.95;90.00;-0.00;0.37;393;0;1;7;0.23;0.42;0.37;0.00;0.00;-0.02;-0.00;0.50;1.55;2.95;90.00;-0.00;0.37;0.011;-100.00;-100.00;-0.52;-1.92
1595875735.752;750;1.52;2.84;83.75;1.50;3.33;114.90;0.79;0.50;393;1;1;7;0.16;0.43;0.39;0.00;0.00;0.03;0.01;0.36;1.55;2.95;90.00;-0.00;0.37;0.012;-100.00;-100.00;-0.52;-1.92
1595875735.849;760;1.52;2.88;85.33;1.50;3.33;114.90;0.79;0.50;393;1;1;7;-0.00;0.44;0.40;0.00;0.00;0.01;-0.04;0.26;1.55;2.95;90.00;-0.00;0.37;0.008;-100.00;-100.00;-0.52;-1.92
1595875735.949;770;1.53;2.92;86.33;1.50;3.33;114.90;0.79;0.50;393;1;1;7;0.06;0.44;0.42;0.00;0.00;-0.01;0.01;0.08;1.55;2.95;90.00;-0.00;0.37;0.009;-100.00;-100.00;-0.52;-1.92
1595875736.049;780;1.53;2.96;86.24;1.50;3.33;114.90;0.79;0.50;393;1;1;7;0.15;0.44;0.42;0.00;0.00;0.02;-0.03;0.09;1.55;2.95;90.00;-0.00;0.37;0.009;-100.00;-100.00;-0.52;-1.92
1595875736.149;790;1.53;3.00;87.00;1.50;3.33;114.90;0.79;0.50;393;1;1;7;0.22;0.44;0.43;0.00;0.00;0.00;-0.01;0.19;1.55;2.99;90.22;0.10;0.38;0.008;-100.00;-100.00;-0.52;-1.92
1595875736.249;800;1.53;3.03;88.45;1.50;3.33;114.90;0.79;0.50;393;1;1;7;0.28;0.44;0.43;0.00;0.00;0.01;-0.00;0.29;1.55;3.03;90.95;0.19;0.40;0.009;-100.00;-100.00;-0.52;-1.92
1595875736.350;810;1.53;3.07;90.46;1.50;3.33;114.90;0.79;0.50;393;1;1;7;0.32;0.44;0.43;0.00;0.00;0.01;0.01;0.36;1.55;3.06;91.79;0.25;0.41;0.009;-100.00;-100.00;-0.52;-1.92
1595875736.450;820;1.53;3.11;92.97;1.50;3.33;114.90;0.79;0.50;393;1;1;7;0.38;0.44;0.43;0.00;0.00;-0.02;0.02;0.43;1.55;3.11;93.66;0.35;0.43;0.009;-100.00;-100.00;-0.52;-1.92
1595875736.549;830;1.53;3.15;95.85;1.50;3.33;114.90;0.79;0.50;393;1;1;7;0.45;0.44;0.43;0.00;0.00;0.02;-0.00;0.51;1.54;3.16;96.37;0.44;0.44;0.009;-100.00;-100.00;-0.52;-1.92
1595875736.649;840;1.52;3.19;99.00;1.50;3.33;114.90;0.79;0.50;393;1;1;7;0.49;0.44;0.43;0.00;0.00;0.01;0.02;0.59;1.54;3.19;98.71;0.51;0.45;0.009;-100.00;-100.00;-0.52;-1.92
1595875736.749;850;1.52;3.23;102.93;1.14;3.57;176.23;0.79;0.50;393;2;1;7;0.52;0.44;0.43;0.00;0.00;0.00;0.00;0.69;1.53;3.22;101.51;0.57;0.46;0.009;-100.00;-100.00;-0.52;-1.92
1595875736.847;860;1.50;3.26;107.34;1.14;3.57;176.23;0.79;0.50;393;2;1;7;0.66;0.44;0.43;0.00;0.00;0.01;0.02;0.75;1.52;3.27;106.67;0.67;0.48;0.006;-100.00;-100.00;-0.52;-1.92
1595875736.947;870;1.49;3.30;112.19;1.14;3.57;176.23;0.79;0.50;393;2;1;7;0.70;0.44;0.43;0.00;0.00;0.01;-0.02;0.92;1.51;3.30;110.80;0.73;0.49;0.006;-100.00;-100.00;-0.52;-1.92
1595875737.048;880;1.48;3.33;118.73;1.14;3.57;176.23;0.79;0.50;393;2;1;7;0.69;0.43;0.43;0.00;0.00;0.01;0.01;1.05;1.49;3.34;115.52;0.79;0.50;0.007;-100.00;-100.00;-0.52;-1.92
1595875737.147;890;1.46;3.36;125.13;1.14;3.57;176.23;0.79;0.50;393;2;1;7;0.64;0.43;0.43;0.00;0.00;0.02;0.01;1.10;1.48;3.37;120.48;0.79;0.50;0.006;-100.00;-100.00;-0.52;-1.92
1595875737.247;900;1.44;3.39;131.29;1.14;3.57;176.23;0.79;0.50;393;2;1;7;0.59;0.42;0.43;0.00;0.00;0.03;0.00;1.06;1.46;3.40;125.43;0.79;0.50;0.006;-100.00;-100.00;-0.52;-1.92
1595875737.347;910;1.41;3.42;137.72;1.14;3.57;176.23;0.79;0.50;393;2;1;7;0.54;0.42;0.42;0.00;0.00;-0.02;0.04;0.93;1.44;3.43;130.39;0.79;0.50;0.006;-100.00;-100.00;-0.52;-1.92
1595875737.447;920;1.39;3.45;141.45;1.14;3.57;176.23;0.79;0.50;393;2;1;7;0.63;0.42;0.42;0.00;0.00;0.02;0.01;0.82;1.40;3.47;137.82;0.79;0.50;0.006;-100.00;-100.00;-0.52;-1.92
1595875737.547;930;1.36;3.47;146.42;1.14;3.57;176.23;0.79;0.50;393;2;1;7;0.64;0.42;0.41;0.00;0.00;0.01;0.01;0.86;1.37;3.49;142.78;0.79;0.50;0.006;-100.00;-100.00;-0.52;-1.92
1595875737.655;941;1.32;3.49;152.92;1.14;3.57;176.23;0.79;0.50;393;2;1;7;0.58;0.41;0.41;0.00;0.00;-0.01;-0.01;0.93;1.34;3.51;147.73;0.79;0.50;0.014;-100.00;-100.00;-0.52;-1.92
1595875737.746;950;1.29;3.51;157.71;1.14;3.57;176.23;0.79;0.50;393;2;1;7;0.58;0.41;0.41;0.00;0.00;0.01;0.02;0.94;1.31;3.53;152.69;0.79;0.50;0.006;-100.00;-100.00;-0.52;-1.92
1595875737.847;960;1.26;3.52;162.91;1.14;3.57;176.23;0.79;0.50;393;2;1;7;0.57;0.41;0.40;0.00;0.00;0.02;-0.06;0.86;1.27;3.54;157.64;0.79;0.50;0.006;-100.00;-100.00;-0.52;-1.92
1595875737.947;970;1.23;3.53;167.00;1.14;3.57;176.23;0.79;0.50;393;2;1;7;0.59;0.41;0.40;0.00;0.00;0.01;0.01;0.80;1.24;3.56;162.60;0.79;0.50;0.006;-100.00;-100.00;-0.52;-1.92
1595875738.047;980;1.20;3.53;171.64;0.76;3.39;234.20;0.73;0.50;393;3;1;7;0.59;0.41;0.40;0.00;0.00;0.02;-0.00;0.80;1.21;3.57;167.56;0.79;0.50;0.006;-100.00;-100.00;-0.52;-1.92
1595875738.143;989;1.17;3.54;175.62;0.76;3.39;234.20;0.73;0.50;393;3;1;7;0.67;0.41;0.40;0.00;0.00;0.03;-0.02;0.85;1.17;3.57;172.51;0.79;0.50;0.003;-100.00;-100.00;-0.52;-1.92
1595875738.244;999;1.13;3.55;180.54;0.76;3.39;234.20;0.73;0.50;393;3;1;7;0.66;0.41;0.40;0.00;0.00;-0.00;0.01;0.96;1.13;3.57;177.47;0.78;0.50;0.003;-100.00;-100.00;-0.52;-1.92
1595875738.344;1010;1.09;3.55;187.25;0.76;3.39;234.20;0.73;0.50;393;3;1;7;0.59;0.40;0.40;0.00;0.00;0.02;0.01;1.04;1.10;3.57;182.39;0.78;0.50;0.004;-100.00;-100.00;-0.52;-1.92
1595875738.444;1020;1.06;3.55;193.24;0.76;3.39;234.20;0.73;0.50;393;3;1;7;0.53;0.40;0.40;0.00;0.00;0.01;0.02;1.01;1.06;3.57;187.26;0.78;0.50;0.003;-100.00;-100.00;-0.52;-1.92
1595875738.544;1029;1.03;3.55;197.79;0.76;3.39;234.20;0.73;0.50;393;3;1;7;0.52;0.40;0.40;0.00;0.00;0.00;-0.02;0.86;1.03;3.57;192.10;0.77;0.50;0.003;-100.00;-100.00;-0.52;-1.92
1595875738.644;1040;0.99;3.54;202.60;0.76;3.39;234.20;0.73;0.50;393;3;1;7;0.52;0.39;0.39;0.00;0.00;-0.00;0.03;0.77;0.99;3.56;196.88;0.77;0.50;0.004;-100.00;-100.00;-0.52;-1.92
1595875738.743;1049;0.96;3.53;206.23;0.76;3.39;234.20;0.73;0.50;393;3;1;7;0.55;0.39;0.39;0.00;0.00;0.01;-0.02;0.75;0.96;3.54;201.63;0.76;0.50;0.003;-100.00;-100.00;-0.52;-1.92
1595875738.844;1059;0.93;3.51;210.55;0.76;3.39;234.20;0.73;0.50;393;3;1;7;0.55;0.39;0.38;0.00;0.00;0.01;-0.02;0.75;0.92;3.53;206.33;0.76;0.50;0.003;-100.00;-100.00;-0.52;-1.92
1595875738.944;1069;0.90;3.50;215.01;0.76;3.39;234.20;0.73;0.50;393;3;1;7;0.54;0.39;0.38;0.00;0.00;0.01;-0.02;0.75;0.89;3.51;210.99;0.75;0.50;0.003;-100.00;-100.00;-0.52;-1.92
1595875739.044;1079;0.88;3.48;219.52;0.76;3.39;234.20;0.73;0.50;393;3;1;7;0.53;0.39;0.38;0.00;0.00;0.02;-0.01;0.75;0.86;3.49;215.60;0.75;0.50;0.003;-100.00;-100.00;-0.52;-1.93
1595875739.144;1090;0.85;3.46;223.74;0.76;3.39;234.20;0.73;0.50;393;3;1;7;0.53;0.40;0.38;0.00;0.00;0.03;0.01;0.73;0.83;3.47;220.18;0.74;0.50;0.003;-100.00;-100.00;-0.52;-1.92
1595875739.244;1099;0.83;3.43;227.91;0.76;3.39;234.20;0.73;0.50;393;3;1;7;0.53;0.40;0.38;0.00;0.00;-0.01;0.03;0.71;0.81;3.45;224.71;0.74;0.50;0.003;-100.00;-100.00;-0.52;-1.92
1595875739.343;1109;0.81;3.41;232.12;0.76;3.39;234.20;0.73;0.50;393;3;1;7;0.47;0.40;0.39;0.00;0.00;0.01;-0.00;0.72;0.79;3.43;226.96;0.74;0.50;0.003;-100.00;-100.00;-0.52;-1.92
1595875739.449;1120;0.79;3.38;236.65;0.76;3.39;234.20;0.73;0.50;393;3;1;7;0.51;0.40;0.39;0.00;0.00;0.02;0.01;0.68;0.76;3.39;233.65;0.73;0.50;0.008;-100.00;-100.00;-0.52;-1.92
1595875739.543;1129;0.77;3.35;239.83;0.76;3.39;234.20;0.73;0.50;393;3;1;7;0.48;0.40;0.39;0.00;0.00;0.03;-0.02;0.68;0.75;3.38;235.84;0.72;0.50;0.003;-100.00;-100.00;-0.52;-1.92
1595875739.643;1139;0.75;3.32;243.64;0.76;3.39;234.20;0.73;0.50;393;3;1;7;0.48;0.40;0.39;0.00;0.00;-0.02;0.02;0.68;0.72;3.33;241.99;0.66;0.50;0.003;-100.00;-100.00;-0.52;-1.92
1595875739.744;1150;0.74;3.28;248.13;0.76;3.39;234.20;0.73;0.50;393;3;1;7;0.43;0.41;0.39;0.00;0.00;0.01;-0.01;0.67;0.70;3.30;245.74;0.63;0.50;0.003;-100.00;-100.00;-0.52;-1.93
1595875739.845;1160;0.73;3.25;251.99;0.76;3.39;234.20;0.73;0.50;393;3;1;7;0.36;0.41;0.39;0.00;0.00;-0.01;-0.00;0.62;0.69;3.26;249.23;0.59;0.50;0.004;-100.00;-100.00;-0.52;-1.92
1595875739.944;1170;0.72;3.22;255.45;0.76;3.39;234.20;0.73;0.50;393;3;1;7;0.32;0.41;0.40;0.00;0.00;0.01;0.00;0.53;0.68;3.23;252.46;0.56;0.50;0.003;-100.00;-100.00;-0.52;-1.92
1595875740.058;1181;0.71;3.18;258.18;0.65;2.84;-95.04;-0.49;0.50;176;1;1;6;0.29;0.42;0.40;0.00;0.00;0.01;-0.01;0.48;0.67;3.20;255.44;0.52;0.50;0.014;-100.00;-100.00;-0.52;-1.92
1595875740.149;1190;0.70;3.15;260.47;0.65;2.84;-95.04;-0.49;0.50;176;1;1;6;0.61;0.42;0.40;0.00;0.00;0.02;-0.02;0.43;0.65;2.95;-90.00;-0.05;0.05;0.009;-100.00;-100.00;-0.52;-1.92
1595875740.250;1200;0.70;3.11;263.17;0.65;2.84;-95.04;-0.49;0.50;176;1;1;6;0.45;0.42;0.41;0.00;0.00;0.02;-0.00;0.69;0.65;2.95;-90.00;-0.05;0.05;0.009;-100.00;-100.00;-0.52;-1.92
1595875740.349;1210;0.69;3.07;268.20;0.59;2.63;-116.21;-0.75;0.50;176;2;1;6;0.19;0.42;0.41;0.00;0.00;0.02;0.03;0.70;0.65;2.95;-90.00;-0.05;0.05;0.009;-100.00;-100.00;-0.52;-1.92
1595875740.447;1220;0.69;3.04;271.49;0.59;2.63;-116.21;-0.75;0.50;176;2;1;6;0.12;0.41;0.41;0.00;0.00;0.03;-0.00;0.50;0.65;2.95;-90.00;-0.05;0.05;0.006;-100.00;-100.00;-0.52;-1.92
1595875740.547;1230;0.70;3.00;272.59;0.59;2.63;-116.21;-0.75;0.50;176;2;1;6;-0.04;0.40;0.41;0.00;0.00;0.00;0.03;0.26;0.65;2.95;-90.00;-0.05;0.05;0.006;-100.00;-100.00;-0.52;-1.92
1595875740.647;1240;0.70;2.96;273.00;0.59;2.63;-116.21;-0.75;0.50;176;2;1;6;-0.17;0.39;0.40;0.00;0.00;0.01;0.01;0.05;0.65;2.95;-90.00;-0.05;0.05;0.006;-100.00;-100.00;-0.52;-1.92
1595875740.746;1250;0.70;2.93;272.42;0.46;2.47;-142.23;-0.70;0.50;176;3;1;6;-0.38;0.39;0.40;0.00;0.00;-0.02;-0.00;-0.08;0.65;2.93;-90.42;-0.22;0.23;0.006;-100.00;-100.00;-0.52;-1.92
1595875740.844;1259;0.70;2.90;271.50;0.46;2.47;-142.23;-0.70;0.50;176;3;1;6;-0.47;0.40;0.39;0.00;0.00;-0.00;-0.05;-0.19;0.65;2.90;-91.71;-0.34;0.35;0.003;-100.00;-100.00;-0.52;-1.92
1595875740.943;1269;0.70;2.86;268.64;0.46;2.47;-142.23;-0.70;0.50;176;3;1;6;-0.54;0.40;0.38;0.00;0.00;0.05;0.01;-0.48;0.65;2.86;-93.75;-0.44;0.45;0.003;-100.00;-100.00;-0.52;-1.92
1595875741.044;1279;0.70;2.82;265.11;0.46;2.47;-142.23;-0.70;0.50;176;3;1;6;-0.57;0.41;0.38;0.00;0.00;0.01;-0.01;-0.66;0.64;2.83;-96.00;-0.50;0.50;0.003;-100.00;-100.00;-0.52;-1.92
1595875741.144;1289;0.70;2.78;260.97;0.46;2.47;-142.23;-0.70;0.50;176;3;1;6;-0.58;0.42;0.39;0.00;0.00;-0.00;-0.02;-0.74;0.64;2.79;-99.48;-0.56;0.50;0.003;-100.00;-100.00;-0.52;-1.92
1595875741.248;1300;0.69;2.73;255.67;0.26;2.37;-163.22;-0.54;0.50;176;4;1;6;-0.55;0.43;0.40;0.00;0.00;0.02;-0.01;-0.79;0.63;2.75;-102.38;-0.60;0.50;0.007;-100.00;-100.00;-0.52;-1.92
1595875741.341;1309;0.68;2.70;251.56;0.26;2.37;-163.22;-0.54;0.50;176;4;1;6;-0.55;0.43;0.41;0.00;0.00;-0.01;-0.04;-0.80;0.62;2.71;-106.66;-0.65;0.50;0.001;-100.00;-100.00;-0.52;-1.92
1595875741.441;1319;0.67;2.66;247.12;0.26;2.37;-163.22;-0.54;0.50;176;4;1;6;-0.57;0.44;0.41;0.00;0.00;-0.02;-0.00;-0.79;0.61;2.68;-110.19;-0.69;0.50;0.001;-100.00;-100.00;-0.52;-1.92
1595875741.542;1329;0.65;2.62;242.47;0.26;2.37;-163.22;-0.54;0.50;176;4;1;6;-0.65;0.44;0.42;0.00;0.00;-0.00;-0.01;-0.82;0.59;2.64;-115.38;-0.74;0.50;0.001;-100.00;-100.00;-0.52;-1.92
1595875741.641;1339;0.63;2.58;237.35;0.26;2.37;-163.22;-0.54;0.50;176;4;1;6;-0.64;0.45;0.43;0.00;0.00;0.00;0.03;-0.92;0.58;2.61;-119.51;-0.74;0.50;0.001;-100.00;-100.00;-0.52;-1.92
1595875741.746;1350;0.60;2.54;230.85;0.26;2.37;-163.22;-0.54;0.50;176;4;1;6;-0.60;0.45;0.43;0.00;0.00;0.00;-0.01;-0.99;0.56;2.57;-124.93;-0.73;0.50;0.003;-100.00;-100.00;-0.52;-1.92
1595875741.841;1359;0.58;2.51;225.55;0.26;2.37;-163.22;-0.54;0.50;176;4;1;6;-0.54;0.45;0.43;0.00;0.00;0.03;-0.01;-0.98;0.54;2.55;-128.92;-0.72;0.50;0.001;-100.00;-100.00;-0.52;-1.92
1595875741.942;1369;0.55;2.48;220.23;0.26;2.37;-163.22;-0.54;0.50;176;4;1;6;-0.52;0.45;0.44;0.00;0.00;-0.02;-0.01;-0.90;0.51;2.51;-134.13;-0.71;0.50;0.001;-100.00;-100.00;-0.52;-1.92
1595875742.041;1379;0.52;2.45;215.25;0.05;2.34;-179.43;-0.47;0.50;176;5;1;6;-0.49;0.45;0.44;0.00;0.00;-0.02;-0.01;-0.83;0.48;2.49;-137.96;-0.70;0.50;0.001;-100.00;-100.00;-0.52;-1.92
1595875742.141;1389;0.48;2.42;210.91;0.05;2.34;-179.43;-0.47;0.50;176;5;1;6;-0.48;0.45;0.44;0.00;0.00;0.03;0.03;-0.76;0.45;2.46;-142.98;-0.69;0.50;0.001;-100.00;-100.00;-0.52;-1.92
1595875742.241;1399;0.45;2.40;206.80;0.05;2.34;-179.43;-0.47;0.50;176;5;1;6;-0.45;0.45;0.44;0.00;0.00;-0.02;-0.03;-0.73;0.42;2.45;-146.58;-0.67;0.50;0.001;-100.00;-100.00;-0.52;-1.92
1595875742.341;1409;0.41;2.38;202.81;0.05;2.34;-179.43;-0.47;0.50;176;5;1;6;-0.44;0.45;0.44;0.00;0.00;-0.01;0.01;-0.67;0.39;2.42;-151.13;-0.64;0.50;0.001;-100.00;-100.00;-0.52;-1.92
1595875742.441;1419;0.37;2.36;199.18;0.05;2.34;-179.43;-0.47;0.50;176;5;1;6;-0.41;0.45;0.44;0.00;0.00;-0.01;-0.02;-0.64;0.36;2.41;-154.34;-0.61;0.50;0.001;-100.00;-100.00;-0.52;-1.92
1595875742.541;1429;0.33;2.35;195.61;0.05;2.34;-179.43;-0.47;0.50;176;5;1;6;-0.39;0.45;0.44;0.00;0.00;0.00;0.04;-0.59;0.32;2.39;-158.38;-0.58;0.50;0.001;-100.00;-100.00;-0.52;-1.92
1595875742.657;1441;0.28;2.34;191.59;-0.09;2.34;188.62;0.63;0.50;813;1;1;3;-0.37;0.45;0.44;0.00;0.00;-0.03;0.01;-0.56;0.28;2.38;-162.14;-0.55;0.50;0.015;-100.00;-100.00;-0.52;-1.92
1595875742.749;1450;0.25;2.33;188.95;-0.09;2.34;188.62;0.63;0.50;813;1;1;3;-0.79;0.44;0.44;0.00;0.00;-0.00;-0.00;-0.52;0.05;2.35;180.00;0.08;0.06;0.009;-100.00;-100.00;-0.52;-1.92
1595875742.850;1460;0.21;2.32;185.54;-0.35;2.25;205.88;0.22;0.50;813;2;1;3;-0.56;0.43;0.44;0.00;0.00;0.03;0.01;-0.68;0.05;2.35;180.00;0.08;0.06;0.009;-100.00;-100.00;-0.52;-1.92
1595875742.947;1470;0.17;2.31;178.01;-0.35;2.25;205.88;0.22;0.50;813;2;1;3;-0.02;0.42;0.44;0.00;0.00;0.01;-0.04;-1.13;0.05;2.35;180.00;0.08;0.06;0.006;-100.00;-100.00;-0.52;-1.92
1595875743.047;1480;0.12;2.31;173.43;-0.35;2.25;205.88;0.22;0.50;813;2;1;3;0.23;0.41;0.43;0.00;0.00;-0.02;0.01;-0.85;0.05;2.35;180.00;0.08;0.06;0.007;-100.00;-100.00;-0.52;-1.92
1595875743.147;1490;0.09;2.31;174.59;-0.35;2.25;205.88;0.22;0.50;813;2;1;3;0.22;0.40;0.42;0.00;0.00;0.04;0.03;0.03;0.05;2.35;180.00;0.08;0.06;0.006;-100.00;-100.00;-0.52;-1.92
1595875743.247;1500;0.05;2.31;175.84;-0.35;2.25;205.88;0.22;0.50;813;2;1;3;0.20;0.38;0.41;0.00;0.00;0.02;-0.04;0.19;0.05;2.35;180.00;0.08;0.06;0.006;-100.00;-100.00;-0.52;-1.92
1595875743.347;1510;0.02;2.32;177.40;-0.35;2.25;205.88;0.22;0.50;813;2;1;3;0.40;0.37;0.40;0.00;0.00;-0.02;-0.00;0.21;0.02;2.35;180.81;0.30;0.24;0.006;-100.00;-100.00;-0.52;-1.92
1595875743.447;1520;-0.02;2.32;178.59;-0.35;2.25;205.88;0.22;0.50;813;2;1;3;0.56;0.37;0.38;0.00;0.00;-0.03;0.00;0.28;-0.02;2.35;182.58;0.43;0.34;0.006;-100.00;-100.00;-0.52;-1.92
1595875743.547;1530;-0.05;2.32;181.70;-0.35;2.25;205.88;0.22;0.50;813;2;1;3;0.64;0.38;0.37;0.00;0.00;0.00;-0.01;0.57;-0.05;2.35;185.11;0.53;0.42;0.006;-100.00;-100.00;-0.52;-1.92
1595875743.647;1540;-0.08;2.32;185.67;-0.35;2.25;205.88;0.22;0.50;813;2;1;3;0.66;0.38;0.37;0.00;0.00;0.00;-0.01;0.77;-0.08;2.34;187.82;0.61;0.48;0.006;-100.00;-100.00;-0.52;-1.92
1595875743.747;1550;-0.11;2.31;190.65;-0.35;2.25;205.88;0.22;0.50;813;2;1;3;0.56;0.38;0.37;0.00;0.00;0.01;-0.00;0.86;-0.11;2.34;191.01;0.59;0.50;0.006;-100.00;-100.00;-0.52;-1.92
1595875743.847;1560;-0.15;2.30;195.54;-0.59;2.13;204.15;-0.31;0.50;813;3;1;3;0.41;0.39;0.38;0.00;0.00;0.02;-0.00;0.78;-0.14;2.33;193.92;0.54;0.50;0.006;-100.00;-100.00;-0.52;-1.92
1595875743.944;1569;-0.18;2.29;199.15;-0.59;2.13;204.15;-0.31;0.50;813;3;1;3;0.34;0.39;0.38;0.00;0.00;0.02;-0.01;0.67;-0.19;2.32;197.32;0.47;0.50;0.003;-100.00;-100.00;-0.52;-1.92
1595875744.044;1580;-0.21;2.28;201.98;-0.59;2.13;204.15;-0.31;0.50;813;3;1;3;0.26;0.39;0.38;0.00;0.00;0.03;0.02;0.51;-0.22;2.31;199.53;0.43;0.50;0.003;-100.00;-100.00;-0.52;-1.92
1595875744.143;1589;-0.24;2.27;203.97;-0.59;2.13;204.15;-0.31;0.50;813;3;1;3;0.20;0.40;0.38;0.00;0.00;0.00;0.02;0.39;-0.25;2.30;201.46;0.38;0.50;0.003;-100.00;-100.00;-0.52;-1.92
1595875744.244;1599;-0.27;2.25;205.63;-0.59;2.13;204.15;-0.31;0.50;813;3;1;3;0.15;0.40;0.39;0.00;0.00;0.02;0.01;0.28;-0.28;2.28;203.12;0.33;0.50;0.003;-100.00;-100.00;-0.52;-1.92
1595875744.343;1609;-0.31;2.23;206.84;-0.59;2.13;204.15;-0.31;0.50;813;3;1;3;0.11;0.41;0.39;0.00;0.00;0.01;0.01;0.20;-0.32;2.26;204.95;0.26;0.50;0.003;-100.00;-100.00;-0.52;-1.92
1595875744.444;1620;-0.34;2.22;207.48;-0.59;2.13;204.15;-0.31;0.50;813;3;1;3;0.07;0.41;0.40;0.00;0.00;0.02;-0.01;0.14;-0.35;2.25;206.04;0.21;0.50;0.004;-100.00;-100.00;-0.52;-1.92
1595875744.544;1629;-0.37;2.20;208.07;-0.59;2.13;204.15;-0.31;0.50;813;3;1;3;0.02;0.41;0.40;0.00;0.00;-0.01;-0.02;0.09;-0.38;2.24;206.87;0.14;0.50;0.003;-100.00;-100.00;-0.52;-1.92
1595875744.643;1639;-0.40;2.18;208.57;-0.59;2.13;204.15;-0.31;0.50;813;3;1;3;-0.06;0.42;0.40;0.00;0.00;0.02;0.01;0.05;-0.42;2.22;207.50;0.06;0.50;0.003;-100.00;-100.00;-0.52;-1.92
1595875744.744;1649;-0.44;2.16;208.44;-0.59;2.13;204.15;-0.31;0.50;813;3;1;3;-0.12;0.42;0.40;0.00;0.00;0.02;0.02;-0.01;-0.45;2.20;207.63;-0.00;0.50;0.003;-100.00;-100.00;-0.52;-1.92
1595875744.848;1660;-0.47;2.14;207.80;-0.59;2.13;204.15;-0.31;0.50;813;3;1;3;-0.18;0.42;0.41;0.00;0.00;0.01;-0.03;-0.09;-0.48;2.18;207.47;-0.07;0.50;0.007;-100.00;-100.00;-0.52;-1.92
1595875744.945;1670;-0.51;2.13;207.19;-0.59;2.13;204.15;-0.31;0.50;813;3;1;3;-0.26;0.42;0.41;0.00;0.00;0.01;0.02;-0.15;-0.52;2.16;206.78;-0.15;0.50;0.005;-100.00;-100.00;-0.52;-1.92
1595875745.043;1679;-0.54;2.11;206.16;-0.86;2.06;180.57;-0.79;0.50;813;4;1;3;-0.34;0.43;0.41;0.00;0.00;0.00;0.02;-0.23;-0.56;2.14;205.55;-0.24;0.50;0.003;-100.00;-100.00;-0.52;-1.92
1595875745.144;1689;-0.57;2.09;204.05;-0.86;2.06;180.57;-0.79;0.50;813;4;1;3;-0.35;0.43;0.42;0.00;0.00;0.01;-0.00;-0.38;-0.59;2.13;204.27;-0.30;0.50;0.003;-100.00;-100.00;-0.52;-1.92
1595875745.259;1701;-0.62;2.07;200.90;-0.85;2.05;180.00;0.11;0.00;607;1;1;5;-0.38;0.44;0.42;0.00;0.00;-0.02;-0.01;-0.44;-0.62;2.12;202.70;-0.36;0.50;0.014;-100.00;-100.00;-0.52;-1.92
1595875745.349;1710;-0.65;2.06;198.53;-1.04;2.03;193.57;0.65;0.50;607;2;1;5;0.18;0.45;0.43;0.00;0.00;-0.02;-0.01;-0.47;-0.85;2.05;180.04;0.18;0.07;0.009;-100.00;-100.00;-0.52;-1.92
1595875745.447;1720;-0.69;2.04;196.23;-1.04;2.03;193.57;0.65;0.50;607;2;1;5;-0.79;0.44;0.43;0.00;0.00;-0.00;-0.00;-0.17;-0.85;2.05;180.04;0.18;0.07;0.006;-100.00;-100.00;-0.52;-1.92
1595875745.547;1730;-0.73;2.03;198.00;-1.04;2.03;193.57;0.65;0.50;607;2;1;5;-0.79;0.42;0.44;0.00;0.00;0.04;-0.02;-0.01;-0.85;2.05;180.04;0.18;0.07;0.006;-100.00;-100.00;-0.52;-1.93
1595875745.647;1740;-0.78;2.02;190.72;-1.04;2.03;193.57;0.65;0.50;607;2;1;5;-0.48;0.40;0.45;0.00;0.00;0.00;0.03;-1.09;-0.85;2.05;180.04;0.18;0.07;0.006;-100.00;-100.00;-0.52;-1.92
1595875745.747;1750;-0.81;2.00;182.96;-1.04;2.03;193.57;0.65;0.50;607;2;1;5;-0.10;0.39;0.43;0.00;0.00;0.01;-0.01;-1.01;-0.85;2.05;180.04;0.18;0.07;0.006;-100.00;-100.00;-0.52;-1.92
1595875745.847;1760;-0.85;2.00;179.82;-1.04;2.03;193.57;0.65;0.50;607;2;1;5;0.11;0.37;0.41;0.00;0.00;0.00;0.03;-0.49;-0.85;2.05;180.04;0.18;0.07;0.006;-100.00;-100.00;-0.52;-1.92
1595875745.947;1770;-0.88;2.00;179.96;-1.04;2.03;193.57;0.65;0.50;607;2;1;5;0.30;0.36;0.39;0.00;0.00;0.00;0.02;-0.08;-0.88;2.05;180.78;0.31;0.19;0.006;-100.00;-100.00;-0.52;-1.92
1595875746.047;1780;-0.92;2.00;180.92;-1.35;1.82;234.67;0.68;0.50;607;3;1;5;0.43;0.36;0.38;0.00;0.00;0.02;-0.02;0.11;-0.91;2.05;182.71;0.42;0.29;0.006;-100.00;-100.00;-0.52;-1.92
1595875746.143;1789;-0.95;2.00;182.95;-1.35;1.82;234.67;0.68;0.50;607;3;1;5;0.61;0.36;0.36;0.00;0.00;-0.00;0.04;0.34;-0.95;2.05;185.56;0.51;0.37;0.003;-100.00;-100.00;-0.52;-1.92
1595875746.244;1800;-0.98;2.00;186.41;-1.35;1.82;234.67;0.68;0.50;607;3;1;5;0.67;0.36;0.36;0.00;0.00;0.03;-0.01;0.58;-0.99;2.04;188.68;0.57;0.43;0.003;-100.00;-100.00;-0.52;-1.92
1595875746.343;1809;-1.01;1.99;190.46;-1.35;1.82;234.67;0.68;0.50;607;3;1;5;0.64;0.37;0.36;0.00;0.00;-0.03;0.03;0.77;-1.02;2.04;191.29;0.62;0.47;0.003;-100.00;-100.00;-0.52;-1.92
1595875746.443;1819;-1.04;1.99;195.40;-1.35;1.82;234.67;0.68;0.50;607;3;1;5;0.60;0.37;0.45;0.00;0.00;0.00;0.02;0.84;-1.05;2.03;194.37;0.65;0.50;0.003;-100.00;-100.00;-0.52;-1.92
1595875746.543;1829;-1.07;1.98;200.16;-1.35;1.82;234.67;0.68;0.50;607;3;1;5;0.53;0.37;0.37;0.00;0.00;0.01;-0.02;0.79;-1.08;2.02;197.60;0.65;0.50;0.003;-100.00;-100.00;-0.52;-1.92
1595875746.643;1839;-1.10;1.96;204.65;-1.35;1.82;234.67;0.68;0.50;607;3;1;5;0.48;0.37;0.37;0.00;0.00;0.00;0.00;0.73;-1.11;2.01;200.85;0.66;0.50;0.003;-100.00;-100.00;-0.52;-1.92
1595875746.743;1849;-1.12;1.95;208.31;-1.35;1.82;234.67;0.68;0.50;607;3;1;5;0.49;0.37;0.37;0.00;0.00;0.02;-0.01;0.64;-1.15;1.99;205.75;0.66;0.50;0.003;-100.00;-100.00;-0.52;-1.92
1595875746.843;1859;-1.15;1.93;211.49;-1.35;1.82;234.67;0.68;0.50;607;3;1;5;0.50;0.38;0.37;0.00;0.00;0.03;-0.02;0.60;-1.18;1.98;209.04;0.66;0.50;0.003;-100.00;-100.00;-0.52;-1.92
1595875746.947;1870;-1.18;1.91;215.16;-1.35;1.82;234.67;0.68;0.50;607;3;1;5;0.50;0.38;0.37;0.00;0.00;0.02;0.02;0.61;-1.20;1.96;212.34;0.66;0.50;0.007;-100.00;-100.00;-0.52;-1.92
1595875747.044;1879;-1.21;1.89;218.46;-1.35;1.82;234.67;0.68;0.50;607;3;1;5;0.53;0.38;0.37;0.00;0.00;-0.00;0.02;0.60;-1.24;1.94;217.33;0.67;0.50;0.003;-100.00;-100.00;-0.52;-1.92
1595875747.143;1889;-1.23;1.87;221.94;-1.35;1.82;234.67;0.68;0.50;607;3;1;5;0.53;0.38;0.38;0.00;0.00;0.02;-0.01;0.64;-1.27;1.92;220.68;0.67;0.50;0.003;-100.00;-100.00;-0.52;-1.92
1595875747.244;1899;-1.25;1.85;225.83;-1.35;1.82;234.67;0.68;0.50;607;3;1;5;0.55;0.39;0.38;0.00;0.00;0.00;0.02;0.66;-1.30;1.88;225.73;0.67;0.50;0.003;-100.00;-100.00;-0.52;-1.92
1595875747.343;1909;-1.28;1.82;229.61;-1.35;1.82;234.67;0.68;0.50;607;3;1;5;0.53;0.40;0.38;0.00;0.00;-0.02;0.01;0.69;-1.32;1.86;229.12;0.68;0.50;0.003;-100.00;-100.00;-0.52;-1.92
1595875747.444;1919;-1.30;1.80;233.98;-1.35;1.82;234.67;0.68;0.50;607;3;1;5;0.50;0.40;0.38;0.00;0.00;0.00;0.02;0.70;-1.34;1.84;232.53;0.68;0.50;0.003;-100.00;-100.00;-0.52;-1.92
1595875747.544;1930;-1.32;1.76;238.30;-1.35;1.82;234.67;0.68;0.50;607;3;1;5;0.50;0.41;0.39;0.00;0.00;0.00;-0.00;0.68;-1.37;1.80;237.63;0.67;0.50;0.003;-100.00;-100.00;-0.52;-1.92
1595875747.644;1940;-1.33;1.74;242.05;-1.46;1.46;269.43;0.49;0.50;607;4;1;5;0.47;0.41;0.40;0.00;0.00;0.02;-0.00;0.67;-1.38;1.77;240.91;0.65;0.50;0.003;-100.00;-100.00;-0.52;-1.92
1595875747.744;1950;-1.35;1.70;245.84;-1.46;1.46;269.43;0.49;0.50;607;4;1;5;0.54;0.41;0.40;0.00;0.00;0.02;0.01;0.66;-1.40;1.73;245.63;0.63;0.50;0.004;-100.00;-100.00;-0.52;-1.92
1595875747.858;1961;-1.36;1.67;249.99;-1.45;1.45;-90.00;-0.00;0.50;442;0;1;0;0.53;0.41;0.40;0.00;0.00;0.02;-0.01;0.71;-1.42;1.69;250.13;0.60;0.50;0.014;-100.00;-100.00;-0.52;-1.92
1595875747.952;1970;-1.37;1.64;254.15;-1.45;1.45;-90.00;-0.00;0.50;442;0;1;0;0.59;0.43;0.41;0.00;0.00;0.03;-0.01;0.72;-1.45;1.45;-90.00;-0.00;0.50;0.011;-100.00;-100.00;-0.52;-1.92
1595875748.052;1980;-1.38;1.60;258.72;-1.45;1.45;-90.00;-0.00;0.50;442;0;1;0;0.39;0.45;0.40;0.00;0.00;-0.00;0.02;0.74;-1.45;1.45;-90.00;-0.00;0.50;0.011;-100.00;-100.00;-0.52;-1.92
1595875748.152;1990;-1.39;1.56;263.46;-1.45;1.45;-90.00;-0.00;0.50;442;0;1;0;0.17;0.47;0.42;0.00;0.00;0.02;0.00;0.64;-1.45;1.45;-90.00;-0.00;0.50;0.012;-100.00;-100.00;-0.52;-1.92
1595875748.253;2001;-1.39;1.52;266.14;-1.45;1.45;-90.00;-0.00;0.50;442;0;1;0;0.05;0.48;0.44;0.00;0.00;0.02;0.01;0.35;-1.45;1.45;-90.00;-0.00;0.50;0.012;-100.00;-100.00;-0.52;-1.92
1595875748.352;2010;-1.39;1.48;266.99;-1.45;1.45;-90.00;-0.00;0.50;442;0;1;0;0.01;0.48;0.45;0.00;0.00;-0.00;-0.02;0.14;-1.45;1.45;-90.00;-0.00;0.50;0.012;-100.00;-100.00;-0.52;-1.92
1595875748.453;2020;-1.39;1.44;266.88;-1.45;1.21;-90.00;-0.00;0.50;442;1;1;0;0.02;0.49;0.47;0.00;0.00;-0.01;-0.01;0.08;-1.45;1.44;-90.00;-0.00;0.50;0.012;-100.00;-100.00;-0.52;-1.92
1595875748.550;2030;-1.40;1.39;267.17;-1.45;1.21;-90.00;-0.00;0.50;442;1;1;0;0.01;0.48;0.47;0.00;0.00;0.03;-0.02;0.03;-1.45;1.40;-90.00;-0.00;0.50;0.009;-100.00;-100.00;-0.52;-1.92
1595875748.650;2040;-1.40;1.35;267.10;-1.45;1.21;-90.00;-0.00;0.50;442;1;1;0;0.02;0.49;0.47;0.00;0.00;0.00;-0.03;0.02;-1.45;1.35;-90.00;-0.00;0.50;0.009;-100.00;-100.00;-0.52;-1.92
1595875748.749;2050;-1.40;1.31;267.43;-1.45;1.21;-90.00;-0.00;0.50;442;1;1;0;0.01;0.48;0.47;0.00;0.00;0.00;-0.01;0.03;-1.45;1.32;-90.00;-0.00;0.50;0.009;-100.00;-100.00;-0.52;-1.92
1595875748.850;2060;-1.41;1.26;267.46;-1.45;1.21;-90.00;-0.00;0.50;442;1;1;0;0.02;0.48;0.47;0.00;0.00;-0.01;0.01;0.01;-1.45;1.27;-90.00;-0.00;0.50;0.009;-100.00;-100.00;-0.52;-1.92
1595875748.950;2070;-1.41;1.22;267.95;-1.45;0.97;-90.00;-0.00;0.50;442;2;1;0;-0.01;0.49;0.47;0.00;0.00;0.01;0.02;0.03;-1.45;1.22;-90.00;-0.00;0.50;0.009;-100.00;-100.00;-0.52;-1.92
1595875749.047;2080;-1.41;1.18;268.07;-1.45;0.97;-90.00;-0.00;0.50;442;2;1;0;-0.00;0.48;0.47;0.00;0.00;0.02;-0.01;-0.01;-1.45;1.19;-90.00;-0.00;0.50;0.006;-100.00;-100.00;-0.52;-1.92
1595875749.147;2090;-1.41;1.13;267.92;-1.45;0.97;-90.00;-0.00;0.50;442;2;1;0;0.01;0.48;0.47;0.00;0.00;-0.00;0.04;-0.01;-1.45;1.14;-90.00;-0.00;0.50;0.007;-100.00;-100.00;-0.52;-1.92
1595875749.247;2100;-1.41;1.08;267.92;-1.45;0.97;-90.00;-0.00;0.50;442;2;1;0;0.01;0.48;0.47;0.00;0.00;-0.03;0.04;0.02;-1.45;1.09;-90.00;-0.00;0.50;0.006;-100.00;-100.00;-0.52;-1.92
1595875749.348;2110;-1.41;1.04;267.95;-1.45;0.97;-90.00;-0.00;0.50;442;2;1;0;0.01;0.49;0.47;0.00;0.00;-0.02;0.02;0.02;-1.45;1.04;-90.00;-0.00;0.50;0.007;-100.00;-100.00;-0.52;-1.92
1595875749.447;2120;-1.42;1.00;268.07;-1.45;0.97;-90.00;-0.00;0.50;442;2;1;0;0.01;0.48;0.47;0.00;0.00;0.01;0.05;0.02;-1.45;1.01;-90.00;-0.00;0.50;0.006;-100.00;-100.00;-0.52;-1.92
1595875749.547;2130;-1.42;0.95;268.35;-1.45;0.74;-90.00;-0.00;0.50;442;3;1;0;-0.00;0.48;0.47;0.00;0.00;0.01;0.04;0.03;-1.45;0.96;-90.00;-0.00;0.50;0.006;-100.00;-100.00;-0.52;-1.92
1595875749.644;2139;-1.42;0.91;268.43;-1.45;0.74;-90.00;-0.00;0.50;442;3;1;0;-0.00;0.49;0.47;0.00;0.00;-0.01;0.01;0.01;-1.45;0.91;-90.00;-0.00;0.50;0.003;-100.00;-100.00;-0.52;-1.92
1595875749.744;2149;-1.42;0.86;268.63;-1.45;0.74;-90.00;-0.00;0.50;442;3;1;0;-0.01;0.49;0.47;0.00;0.00;0.02;0.02;0.02;-1.45;0.86;-90.00;-0.00;0.50;0.003;-100.00;-100.00;-0.52;-1.92
1595875749.844;2159;-1.42;0.82;268.55;-1.45;0.74;-90.00;-0.00;0.50;442;3;1;0;-0.00;0.49;0.47;0.00;0.00;0.03;0.01;0.01;-1.45;0.82;-90.00;-0.00;0.50;0.003;-100.00;-100.00;-0.52;-1.92
1595875749.944;2170;-1.42;0.77;268.54;-1.45;0.74;-90.00;-0.00;0.50;442;3;1;0;0.01;0.49;0.48;0.00;0.00;0.00;-0.02;0.00;-1.45;0.78;-90.00;-0.00;0.50;0.003;-100.00;-100.00;-0.52;-1.92
1595875750.044;2179;-1.42;0.73;268.71;-1.45;0.50;-90.00;0.00;0.50;442;4;1;0;-0.00;0.49;0.48;0.00;0.00;0.01;0.02;0.02;-1.45;0.73;-90.00;-0.00;0.50;0.003;-100.00;-100.00;-0.52;-1.92
1595875750.144;2189;-1.42;0.68;268.65;-1.45;0.50;-90.00;0.00;0.50;442;4;1;0;0.01;0.49;0.48;0.00;0.00;0.00;0.01;-0.00;-1.45;0.68;-90.00;-0.00;0.50;0.002;-100.00;-100.00;-0.52;-1.92
1595875750.241;2199;-1.43;0.64;268.74;-1.45;0.50;-90.00;0.00;0.50;442;4;1;0;0.00;0.49;0.60;0.00;0.00;0.00;0.02;0.02;-1.45;0.63;-90.00;-0.00;0.50;0.001;-100.00;-100.00;-0.52;-1.92
1595875750.341;2209;-1.43;0.59;268.94;-1.45;0.50;-90.00;0.00;0.50;442;4;1;0;-0.00;0.49;0.48;0.00;0.00;0.03;-0.00;0.02;-1.45;0.60;-90.00;-0.00;0.50;0.001;-100.00;-100.00;-0.52;-1.92
1595875750.441;2219;-1.43;0.55;268.76;-1.45;0.50;-90.00;0.00;0.50;442;4;1;0;0.01;0.49;0.48;0.00;0.00;-0.01;0.03;-0.00;-1.45;0.55;-90.00;0.00;0.50;0.001;-100.00;-100.00;-0.52;-1.92
1595875750.556;2231;-1.43;0.49;268.70;-1.45;0.25;-90.00;-0.00;0.50;438;0;1;0;0.01;0.49;0.48;0.00;0.00;-0.03;0.02;0.01;-1.45;0.50;-90.00;0.00;0.50;0.014;-100.00;-100.00;-0.52;-1.92
1595875750.652;2240;-1.43;0.45;269.12;-1.45;0.25;-90.00;-0.00;0.50;438;0;1;0;-0.01;0.50;0.48;0.00;0.00;0.00;-0.00;0.04;-1.45;0.25;-90.00;-0.00;0.50;0.012;-100.00;-100.00;-0.52;-1.92
1595875750.752;2250;-1.43;0.41;269.01;-1.45;0.25;-90.00;-0.00;0.50;438;0;1;0;0.00;0.50;0.48;0.00;0.00;0.01;0.02;0.01;-1.45;0.25;-90.00;-0.00;0.50;0.011;-100.00;-100.00;-0.52;-1.92
1595875750.852;2260;-1.43;0.36;269.15;-1.45;0.25;-90.00;-0.00;0.50;438;0;1;0;-0.00;0.50;0.48;0.00;0.00;0.00;0.01;0.01;-1.45;0.25;-90.00;-0.00;0.50;0.012;-100.00;-100.00;-0.52;-1.92
1595875750.952;2270;-1.43;0.32;268.97;-1.45;0.25;-90.00;-0.00;0.50;438;0;1;0;0.00;0.50;0.49;0.00;0.00;-0.02;-0.03;0.02;-1.45;0.25;-90.00;-0.00;0.50;0.011;-100.00;-100.00;-0.52;-1.92
1595875751.052;2280;-1.43;0.27;269.25;-1.45;0.01;-90.00;-0.00;0.50;438;1;1;0;-0.01;0.50;0.49;0.00;0.00;0.03;0.01;0.03;-1.45;0.25;-90.00;-0.00;0.50;0.011;-100.00;-100.00;-0.52;-1.92
1595875751.149;2290;-1.43;0.22;269.23;-1.45;0.01;-90.00;-0.00;0.50;438;1;1;0;-0.00;0.50;0.49;0.00;0.00;0.03;-0.04;0.00;-1.45;0.23;-90.00;-0.00;0.50;0.009;-100.00;-100.00;-0.52;-1.92
1595875751.250;2300;-1.43;0.18;269.24;-1.45;0.01;-90.00;-0.00;0.50;438;1;1;0;-0.00;0.50;0.49;0.00;0.00;-0.00;-0.02;-0.00;-1.45;0.18;-90.00;-0.00;0.50;0.009;-100.00;-100.00;-0.52;-1.92
1595875751.350;2310;-1.43;0.13;269.17;-1.45;0.01;-90.00;-0.00;0.50;438;1;1;0;0.00;0.50;0.49;0.00;0.00;0.01;-0.00;0.00;-1.45;0.13;-90.00;-0.00;0.50;0.009;-100.00;-100.00;-0.52;-1.92
1595875751.450;2320;-1.43;0.08;269.12;-1.45;0.01;-90.00;-0.00;0.50;438;1;1;0;0.01;0.50;0.49;0.00;0.00;-0.01;0.02;-0.01;-1.45;0.09;-90.00;-0.00;0.50;0.009;-100.00;-100.00;-0.52;-1.92
1595875751.549;2330;-1.44;0.04;269.20;-1.45;-0.23;-90.00;-0.00;0.50;438;2;1;0;0.00;0.50;0.49;0.00;0.00;0.03;0.00;0.01;-1.45;0.05;-90.00;-0.00;0.50;0.008;-100.00;-100.00;-0.52;-1.92
1595875751.647;2340;-1.44;-0.01;269.31;-1.45;-0.23;-90.00;-0.00;0.50;438;2;1;0;0.00;0.50;0.49;0.00;0.00;0.02;-0.01;-0.01;-1.45;-0.00;-90.00;-0.00;0.50;0.006;-100.00;-100.00;-0.52;-1.92
1595875751.747;2350;-1.44;-0.05;269.08;-1.45;-0.23;-90.00;-0.00;0.50;438;2;1;0;0.01;0.50;0.49;0.00;0.00;-0.02;0.04;-0.01;-1.45;-0.05;-90.00;-0.00;0.50;0.006;-100.00;-100.00;-0.52;-1.92
1595875751.847;2360;-1.44;-0.10;269.34;-1.45;-0.23;-90.00;-0.00;0.50;438;2;1;0;-0.00;0.50;0.49;0.00;0.00;-0.01;-0.00;0.02;-1.45;-0.10;-90.00;-0.00;0.50;0.006;-100.00;-100.00;-0.52;-1.92
1595875751.952;2370;-1.44;-0.14;269.54;-1.45;-0.23;-90.00;-0.00;0.50;438;2;1;0;-0.01;0.50;0.49;0.00;0.00;0.02;0.01;0.02;-1.45;-0.13;-90.00;-0.00;0.50;0.011;-100.00;-100.00;-0.52;-1.92
1595875752.052;2380;-1.44;-0.19;269.32;-1.45;-0.23;-90.00;-0.00;0.50;438;2;1;0;0.01;0.50;0.49;0.00;0.00;-0.00;0.03;-0.00;-1.45;-0.18;-90.00;-0.00;0.50;0.011;-100.00;-100.00;-0.52;-1.92
1595875752.152;2390;-1.44;-0.24;269.44;-1.45;-0.46;-90.00;-0.00;0.50;438;3;1;0;0.00;0.50;0.49;0.00;0.00;-0.01;-0.00;0.00;-1.45;-0.23;-90.00;-0.00;0.50;0.011;-100.00;-100.00;-0.52;-1.92
1595875752.247;2400;-1.44;-0.28;269.26;-1.45;-0.46;-90.00;-0.00;0.50;438;3;1;0;0.01;0.50;0.49;0.00;0.00;-0.02;0.01;0.02;-1.45;-0.28;-90.00;-0.00;0.50;0.006;-100.00;-100.00;-0.52;-1.92
1595875752.355;2411;-1.44;-0.33;269.50;-1.45;-0.46;-90.00;-0.00;0.50;438;3;1;0;0.00;0.50;0.49;0.00;0.00;0.03;-0.00;0.01;-1.45;-0.33;-90.00;-0.00;0.50;0.013;-100.00;-100.00;-0.52;-1.92
1595875752.447;2420;-1.44;-0.37;269.34;-1.45;-0.46;-90.00;-0.00;0.50;438;3;1;0;0.01;0.49;0.49;0.00;0.00;0.02;-0.04;-0.00;-1.45;-0.36;-90.00;-0.00;0.50;0.006;-100.00;-100.00;-0.52;-1.92
1595875752.547;2430;-1.44;-0.42;269.34;-1.45;-0.46;-90.00;-0.00;0.50;438;3;1;0;0.01;0.49;0.49;0.00;0.00;0.01;0.03;0.02;-1.45;-0.41;-90.00;-0.00;0.50;0.006;-100.00;-100.00;-0.52;-1.92
1595875752.647;2440;-1.44;-0.46;269.44;-1.45;-0.70;-90.00;0.00;0.50;438;4;1;0;0.01;0.49;0.49;0.00;0.00;-0.00;-0.01;-0.00;-1.45;-0.46;-90.00;-0.00;0.50;0.006;-100.00;-100.00;-0.52;-1.92
1595875752.742;2449;-1.44;-0.50;269.51;-1.45;-0.70;-90.00;0.00;0.50;438;4;1;0;0.00;0.49;0.49;0.00;0.00;-0.01;0.02;0.02;-1.45;-0.50;-90.00;-0.00;0.50;0.001;-100.00;-100.00;-0.52;-1.92
1595875752.842;2459;-1.44;-0.55;269.63;-1.45;-0.70;-90.00;0.00;0.50;438;4;1;0;-0.00;0.49;0.49;0.00;0.00;0.02;-0.02;0.01;-1.45;-0.54;-90.00;-0.00;0.50;0.002;-100.00;-100.00;-0.52;-1.92
1595875752.942;2469;-1.44;-0.59;269.90;-1.45;-0.70;-90.00;0.00;0.50;438;4;1;0;-0.01;0.49;0.49;0.00;0.00;0.01;-0.00;-0.01;-1.45;-0.59;-90.00;-0.00;0.50;0.001;-100.00;-100.00;-0.52;-1.92
1595875753.042;2479;-1.44;-0.64;269.53;-1.45;-0.70;-90.00;0.00;0.50;438;4;1;0;0.01;0.49;0.49;0.00;0.00;-0.03;0.03;-0.01;-1.45;-0.64;-90.00;0.00;0.50;0.001;-100.00;-100.00;-0.52;-1.92
1595875753.161;2491;-1.44;-0.69;269.89;-1.45;-0.95;-90.00;-0.00;0.50;529;0;1;0;0.00;0.49;0.48;0.00;0.00;-0.00;-0.03;0.02;-1.45;-0.68;-90.00;0.00;0.50;0.019;-100.00;-100.00;-0.52;-1.92
1595875753.251;2500;-1.44;-0.73;269.73;-1.45;-0.95;-90.00;-0.00;0.50;529;0;1;0;-0.00;0.50;0.49;0.00;0.00;0.01;0.01;0.02;-1.45;-0.95;-90.00;-0.00;0.50;0.010;-100.00;-100.00;-0.52;-1.92
1595875753.351;2510;-1.44;-0.78;269.98;-1.45;-0.95;-90.00;-0.00;0.50;529;0;1;0;-0.02;0.50;0.49;0.00;0.00;0.00;0.02;0.01;-1.45;-0.95;-90.00;-0.00;0.50;0.010;-100.00;-100.00;-0.52;-1.92
1595875753.452;2520;-1.44;-0.82;269.84;-1.45;-0.95;-90.00;-0.00;0.50;529;0;1;0;-0.01;0.50;0.49;0.00;0.00;-0.02;-0.03;-0.00;-1.45;-0.95;-90.00;-0.00;0.50;0.011;-100.00;-100.00;-0.52;-1.92
1595875753.552;2530;-1.44;-0.87;270.01;-1.45;-0.95;-90.00;-0.00;0.50;529;0;1;0;-0.02;0.50;0.49;0.00;0.00;0.02;0.01;0.01;-1.45;-0.95;-90.00;-0.00;0.50;0.011;-100.00;-100.00;-0.52;-1.92
1595875753.651;2540;-1.44;-0.91;269.72;-1.45;-1.19;-90.00;-0.00;0.50;529;1;1;0;-0.00;0.50;0.49;0.00;0.00;0.03;-0.03;-0.01;-1.45;-0.95;-90.00;-0.00;0.50;0.010;-100.00;-100.00;-0.52;-1.92
1595875753.749;2550;-1.44;-0.96;269.63;-1.45;-1.19;-90.00;-0.00;0.50;529;1;1;0;0.00;0.50;0.49;0.00;0.00;-0.00;-0.02;-0.01;-1.45;-0.95;-90.00;-0.00;0.50;0.009;-100.00;-100.00;-0.52;-1.92
1595875753.848;2560;-1.44;-1.00;269.71;-1.45;-1.19;-90.00;-0.00;0.50;529;1;1;0;-0.00;0.50;0.49;0.00;0.00;0.02;0.02;0.01;-1.45;-1.00;-90.00;-0.00;0.50;0.007;-100.00;-100.00;-0.52;-1.92
1595875753.949;2570;-1.44;-1.05;269.76;-1.45;-1.19;-90.00;-0.00;0.50;529;1;1;0;-0.00;0.50;0.49;0.00;0.00;-0.01;0.01;-0.02;-1.45;-1.05;-90.00;-0.00;0.50;0.008;-100.00;-100.00;-0.52;-1.92
1595875754.048;2580;-1.44;-1.10;269.74;-1.45;-1.19;-90.00;-0.00;0.50;529;1;1;0;-0.00;0.50;0.49;0.00;0.00;0.01;0.03;0.01;-1.45;-1.09;-90.00;-0.00;0.50;0.007;-100.00;-100.00;-0.52;-1.92
1595875754.149;2590;-1.44;-1.14;269.56;-1.45;-1.19;-90.00;-0.00;0.50;529;1;1;0;0.01;0.50;0.49;0.00;0.00;0.03;-0.01;-0.02;-1.45;-1.14;-90.00;-0.00;0.50;0.009;-100.00;-100.00;-0.52;-1.92
1595875754.249;2600;-1.44;-1.19;269.41;-1.45;-1.43;-90.00;-0.00;0.50;529;2;1;0;0.02;0.50;0.49;0.00;0.00;-0.02;0.05;-0.01;-1.45;-1.19;-90.00;-0.00;0.50;0.008;-100.00;-100.00;-0.52;-1.92
1595875754.346;2610;-1.44;-1.24;269.48;-1.45;-1.43;-90.00;-0.00;0.50;529;2;1;0;0.01;0.50;0.49;0.00;0.00;-0.03;0.01;0.03;-1.45;-1.24;-90.00;-0.00;0.50;0.005;-100.00;-100.00;-0.52;-1.92
1595875754.446;2620;-1.44;-1.28;269.70;-1.45;-1.43;-90.00;-0.00;0.50;529;2;1;0;-0.00;0.50;0.49;0.00;0.00;0.01;-0.02;0.02;-1.45;-1.27;-90.00;-0.00;0.50;0.005;-100.00;-100.00;-0.52;-1.92
1595875754.546;2630;-1.44;-1.33;269.79;-1.45;-1.43;-90.00;-0.00;0.50;529;2;1;0;-0.00;0.50;0.49;0.00;0.00;0.00;0.03;0.01;-1.45;-1.32;-90.00;-0.00;0.50;0.005;-100.00;-100.00;-0.52;-1.92
1595875754.646;2640;-1.44;-1.38;269.61;-1.45;-1.43;-90.00;-0.00;0.50;529;2;1;0;0.00;0.50;0.49;0.00;0.00;-0.00;0.00;-0.00;-1.45;-1.37;-90.00;-0.00;0.50;0.005;-100.00;-100.00;-0.52;-1.92
1595875754.746;2650;-1.44;-1.42;269.74;-1.45;-1.66;-90.00;-0.00;0.50;529;3;1;0;-0.00;0.50;0.49;0.00;0.00;-0.02;-0.02;0.03;-1.45;-1.42;-90.00;-0.00;0.50;0.005;-100.00;-100.00;-0.52;-1.92
1595875754.844;2659;-1.44;-1.46;269.88;-1.45;-1.66;-90.00;-0.00;0.50;529;3;1;0;-0.01;0.50;0.49;0.00;0.00;0.03;0.01;0.02;-1.45;-1.47;-90.00;-0.00;0.50;0.003;-100.00;-100.00;-0.52;-1.92
1595875754.950;2670;-1.44;-1.51;269.78;-1.45;-1.66;-90.00;-0.00;0.50;529;3;1;0;-0.00;0.50;0.49;0.00;0.00;0.02;-0.03;-0.01;-1.45;-1.50;-90.00;-0.00;0.50;0.008;-100.00;-100.00;-0.52;-1.92
1595875755.049;2680;-1.44;-1.56;269.64;-1.45;-1.66;-90.00;-0.00;0.50;529;3;1;0;0.00;0.50;0.49;0.00;0.00;0.00;0.02;0.00;-1.45;-1.55;-90.00;-0.00;0.50;0.008;-100.00;-100.00;-0.52;-1.92
1595875755.144;2689;-1.44;-1.60;269.62;-1.45;-1.66;-90.00;-0.00;0.50;529;3;1;0;0.01;0.50;0.49;0.00;0.00;0.01;0.00;-0.01;-1.45;-1.60;-90.00;-0.00;0.50;0.003;-100.00;-100.00;-0.52;-1.92
1595875755.244;2699;-1.44;-1.65;269.56;-1.45;-1.90;-90.00;0.00;0.50;529;4;1;0;0.01;0.50;0.49;0.00;0.00;-0.00;0.00;-0.00;-1.45;-1.65;-90.00;-0.00;0.50;0.003;-100.00;-100.00;-0.52;-1.92
1595875755.341;2709;-1.44;-1.69;269.72;-1.45;-1.90;-90.00;0.00;0.50;529;4;1;0;0.00;0.50;0.49;0.00;0.00;0.01;0.00;0.00;-1.45;-1.70;-90.00;-0.00;0.50;0.001;-100.00;-100.00;-0.52;-1.92
1595875755.443;2719;-1.45;-1.74;269.68;-1.45;-1.90;-90.00;0.00;0.50;529;4;1;0;0.00;0.50;0.49;0.00;0.00;0.02;-0.02;-0.03;-1.45;-1.74;-90.00;-0.00;0.50;0.002;-100.00;-100.00;-0.52;-1.92
1595875755.541;2729;-1.44;-1.78;269.55;-1.45;-1.90;-90.00;0.00;0.50;529;4;1;0;0.01;0.50;0.49;0.00;0.00;-0.04;0.02;-0.01;-1.45;-1.78;-90.00;-0.00;0.50;0.001;-100.00;-100.00;-0.52;-1.92
1595875755.645;2740;-1.44;-1.83;269.63;-1.45;-1.90;-90.00;0.00;0.50;529;4;1;0;0.01;0.50;0.49;0.00;0.00;-0.00;-0.03;0.01;-1.45;-1.83;-90.00;0.00;0.50;0.003;-100.00;-100.00;-0.52;-1.92
1595875755.756;2751;-1.44;-1.88;269.59;-1.45;-2.15;-90.00;0.11;0.00;525;1;1;5;0.00;0.50;0.49;0.00;0.00;0.01;0.00;-0.00;-1.45;-1.88;-90.00;0.00;0.50;0.014;-100.00;-100.00;-0.52;-1.92
1595875755.850;2760;-1.44;-1.92;269.65;-1.43;-2.34;-76.43;0.65;0.50;525;2;1;5;0.18;0.50;0.49;0.00;0.00;-0.00;0.04;-0.02;-1.45;-2.15;-89.96;0.18;0.07;0.009;-100.00;-100.00;-0.52;-1.92
1595875755.947;2770;-1.44;-1.97;269.74;-1.43;-2.34;-76.43;0.65;0.50;525;2;1;5;-0.26;0.50;0.49;0.00;0.00;-0.02;-0.05;0.13;-1.45;-2.15;-89.96;0.18;0.07;0.006;-100.00;-100.00;-0.52;-1.92
1595875756.046;2780;-1.44;-2.02;271.26;-1.43;-2.34;-76.43;0.65;0.50;525;2;1;5;-0.21;0.49;0.49;0.00;0.00;-0.00;0.04;0.10;-1.45;-2.15;-89.96;0.18;0.07;0.006;-100.00;-100.00;-0.52;-1.92
1595875756.155;2791;-1.44;-2.07;268.49;-1.43;-2.34;-76.43;0.65;0.50;525;2;1;5;0.03;0.49;0.49;0.00;0.00;0.02;-0.03;-0.26;-1.45;-2.15;-89.96;0.18;0.07;0.013;-100.00;-100.00;-0.52;-1.92
1595875756.246;2800;-1.45;-2.11;267.32;-1.43;-2.34;-76.43;0.65;0.50;525;2;1;5;0.17;0.47;0.49;0.00;0.00;0.01;-0.01;-0.10;-1.45;-2.15;-89.96;0.18;0.07;0.006;-100.00;-100.00;-0.52;-1.92
1595875756.346;2810;-1.45;-2.15;268.07;-1.43;-2.34;-76.43;0.65;0.50;525;2;1;5;0.25;0.46;0.49;0.00;0.00;0.02;0.02;0.08;-1.45;-2.15;-89.96;0.18;0.07;0.006;-100.00;-100.00;-0.52;-1.92
1595875756.446;2820;-1.45;-2.19;269.66;-1.22;-2.65;-35.33;0.68;0.50;525;3;1;5;0.43;0.45;0.47;0.00;0.00;0.01;-0.03;0.27;-1.45;-2.19;-88.63;0.35;0.23;0.006;-100.00;-100.00;-0.52;-1.92
1595875756.549;2830;-1.45;-2.24;271.98;-1.22;-2.65;-35.33;0.68;0.50;525;3;1;5;0.56;0.44;0.46;0.00;0.00;0.01;0.05;0.49;-1.45;-2.23;-86.03;0.46;0.33;0.008;-100.00;-100.00;-0.52;-1.92
1595875756.649;2840;-1.45;-2.28;275.91;-1.22;-2.65;-35.33;0.68;0.50;525;3;1;5;0.59;0.44;0.45;0.00;0.00;0.03;-0.00;0.70;-1.45;-2.27;-83.50;0.53;0.39;0.008;-100.00;-100.00;-0.52;-1.92
1595875756.744;2849;-1.44;-2.31;280.27;-1.22;-2.65;-35.33;0.68;0.50;525;3;1;5;0.60;0.44;0.44;0.00;0.00;0.00;0.03;0.83;-1.44;-2.30;-80.07;0.60;0.45;0.003;-100.00;-100.00;-0.52;-1.92
1595875756.848;2860;-1.43;-2.35;286.22;-1.22;-2.65;-35.33;0.68;0.50;525;3;1;5;0.59;0.44;0.44;0.00;0.00;0.03;0.02;0.91;-1.43;-2.35;-75.63;0.65;0.50;0.007;-100.00;-100.00;-0.52;-1.92
1595875756.943;2869;-1.42;-2.39;291.01;-1.22;-2.65;-35.33;0.68;0.50;525;3;1;5;0.56;0.44;0.44;0.00;0.00;0.03;0.02;0.92;-1.42;-2.39;-70.78;0.65;0.50;0.003;-100.00;-100.00;-0.52;-1.92
1595875757.044;2879;-1.41;-2.42;296.23;-1.22;-2.65;-35.33;0.68;0.50;525;3;1;5;0.51;0.44;0.44;0.00;0.00;-0.01;0.01;0.89;-1.40;-2.42;-67.52;0.66;0.50;0.003;-100.00;-100.00;-0.52;-1.92
1595875757.144;2890;-1.39;-2.46;301.45;-1.22;-2.65;-35.33;0.68;0.50;525;3;1;5;0.49;0.44;0.44;0.00;0.00;0.00;0.01;0.79;-1.38;-2.46;-62.61;0.66;0.50;0.003;-100.00;-100.00;-0.52;-1.92
1595875757.244;2900;-1.37;-2.49;305.51;-1.22;-2.65;-35.33;0.68;0.50;525;3;1;5;0.47;0.44;0.44;0.00;0.00;0.01;-0.01;0.72;-1.37;-2.49;-59.31;0.66;0.50;0.003;-100.00;-100.00;-0.52;-1.92
1595875757.344;2909;-1.35;-2.52;309.17;-1.22;-2.65;-35.33;0.68;0.50;525;3;1;5;0.46;0.43;0.44;0.00;0.00;0.01;-0.01;0.68;-1.35;-2.52;-56.00;0.67;0.50;0.003;-100.00;-100.00;-0.52;-1.92
1595875757.444;2919;-1.32;-2.55;312.90;-1.22;-2.65;-35.33;0.68;0.50;525;3;1;5;0.49;0.43;0.43;0.00;0.00;0.02;-0.02;0.66;-1.33;-2.55;-51.00;0.67;0.50;0.003;-100.00;-100.00;-0.52;-1.92
1595875757.543;2929;-1.30;-2.57;316.74;-1.22;-2.65;-35.33;0.68;0.50;525;3;1;5;0.48;0.43;0.43;0.00;0.00;0.03;0.00;0.67;-1.31;-2.58;-47.64;0.67;0.50;0.003;-100.00;-100.00;-0.52;-1.92
1595875757.648;2940;-1.26;-2.60;321.17;-1.22;-2.65;-35.33;0.68;0.50;525;3;1;5;0.50;0.43;0.43;0.00;0.00;-0.00;0.03;0.68;-1.27;-2.61;-42.57;0.68;0.50;0.007;-100.00;-100.00;-0.52;-1.92
1595875757.744;2950;-1.23;-2.63;325.22;-1.22;-2.65;-35.33;0.68;0.50;525;3;1;5;0.54;0.43;0.43;0.00;0.00;0.02;0.02;0.70;-1.24;-2.64;-37.47;0.68;0.50;0.003;-100.00;-100.00;-0.52;-1.92
1595875757.843;2959;-1.20;-2.65;329.00;-1.22;-2.65;-35.33;0.68;0.50;525;3;1;5;0.51;0.43;0.43;0.00;0.00;0.02;0.00;0.74;-1.21;-2.66;-34.05;0.68;0.50;0.003;-100.00;-100.00;-0.52;-1.92
1595875757.944;2969;-1.17;-2.66;333.39;-0.86;-2.76;-0.57;0.49;0.50;525;4;1;5;0.49;0.43;0.43;0.00;0.00;-0.01;0.00;0.75;-1.17;-2.68;-29.09;0.65;0.50;0.003;-100.00;-100.00;-0.52;-1.92
1595875758.048;2980;-1.13;-2.68;338.06;-0.86;-2.76;-0.57;0.49;0.50;525;4;1;5;0.45;0.43;0.43;0.00;0.00;0.01;0.04;0.72;-1.15;-2.70;-25.92;0.64;0.50;0.007;-100.00;-100.00;-0.52;-1.92
1595875758.157;2991;-1.09;-2.70;342.15;-0.85;-2.75;0.00;-0.00;0.50;516;0;1;0;0.45;0.43;0.43;0.00;0.00;0.02;-0.05;0.65;-1.10;-2.72;-21.34;0.61;0.50;0.013;-100.00;-100.00;-0.52;-1.92
1595875758.250;3000;-1.06;-2.70;345.43;-0.85;-2.75;0.00;-0.00;0.50;516;0;1;0;0.60;0.46;0.43;0.00;0.00;0.02;-0.01;0.62;-0.85;-2.75;0.00;-0.00;0.50;0.009;-100.00;-100.00;-0.52;-1.92
1595875758.350;3010;-1.02;-2.71;349.44;-0.85;-2.75;0.00;-0.00;0.50;516;0;1;0;0.43;0.48;0.43;0.00;0.00;0.00;-0.03;0.72;-0.85;-2.75;0.00;-0.00;0.50;0.009;-100.00;-100.00;-0.52;-1.92
1595875758.450;3020;-0.99;-2.72;354.80;-0.85;-2.75;0.00;-0.00;0.50;516;0;1;0;0.17;0.50;0.44;0.00;0.00;0.02;-0.02;0.73;-0.85;-2.75;0.00;-0.00;0.50;0.009;-100.00;-100.00;-0.52;-1.92
1595875758.550;3030;-0.94;-2.72;357.68;-0.85;-2.75;0.00;-0.00;0.50;516;0;1;0;0.04;0.50;0.46;0.00;0.00;0.02;0.02;0.39;-0.85;-2.75;0.00;-0.00;0.50;0.009;-100.00;-100.00;-0.52;-1.92
1595875758.651;3040;-0.90;-2.72;358.53;-0.85;-2.75;0.00;-0.00;0.50;516;0;1;0;0.00;0.50;0.48;0.00;0.00;0.00;0.04;0.19;-0.85;-2.75;0.00;-0.00;0.50;0.010;-100.00;-100.00;-0.52;-1.92
1595875758.750;3050;-0.85;-2.72;358.50;-0.61;-2.75;-0.00;-0.00;0.50;516;1;1;0;0.01;0.50;0.49;0.00;0.00;0.00;0.02;0.03;-0.85;-2.75;0.00;-0.00;0.50;0.009;-100.00;-100.00;-0.52;-1.92
1595875758.847;3060;-0.81;-2.72;358.56;-0.61;-2.75;-0.00;-0.00;0.50;516;1;1;0;0.01;0.50;0.49;0.00;0.00;-0.00;0.02;0.03;-0.81;-2.75;-0.00;-0.00;0.50;0.007;-100.00;-100.00;-0.52;-1.92
1595875758.957;3071;-0.76;-2.73;358.51;-0.61;-2.75;-0.00;-0.00;0.50;516;1;1;0;0.02;0.50;0.49;0.00;0.00;-0.02;0.02;0.01;-0.77;-2.75;-0.00;-0.00;0.50;0.016;-100.00;-100.00;-0.52;-1.92
1595875759.047;3080;-0.71;-2.73;358.90;-0.61;-2.75;-0.00;-0.00;0.50;516;1;1;0;-0.01;0.50;0.49;0.00;0.00;-0.04;0.01;0.04;-0.72;-2.75;-0.00;-0.00;0.50;0.007;-100.00;-100.00;-0.52;-1.92
1595875759.148;3090;-0.67;-2.73;358.91;-0.61;-2.75;-0.00;-0.00;0.50;516;1;1;0;0.00;0.50;0.49;0.00;0.00;0.02;0.02;0.00;-0.67;-2.75;-0.00;-0.00;0.50;0.007;-100.00;-100.00;-0.52;-1.92
1595875759.248;3100;-0.62;-2.73;358.93;-0.37;-2.75;-0.00;-0.00;0.50;516;2;1;0;0.00;0.50;0.49;0.00;0.00;-0.03;-0.03;0.01;-0.63;-2.75;-0.00;-0.00;0.50;0.007;-100.00;-100.00;-0.52;-1.92
1595875759.346;3110;-0.58;-2.73;359.14;-0.37;-2.75;-0.00;-0.00;0.50;516;2;1;0;-0.01;0.50;0.49;0.00;0.00;0.00;0.01;0.02;-0.59;-2.75;-0.00;-0.00;0.50;0.005;-100.00;-100.00;-0.52;-1.92
1595875759.451;3120;-0.53;-2.73;359.21;-0.37;-2.75;-0.00;-0.00;0.50;516;2;1;0;-0.01;0.50;0.49;0.00;0.00;-0.01;0.00;0.01;-0.54;-2.75;-0.00;-0.00;0.50;0.010;-100.00;-100.00;-0.52;-1.92
1595875759.546;3130;-0.49;-2.73;359.17;-0.37;-2.75;-0.00;-0.00;0.50;516;2;1;0;-0.00;0.50;0.49;0.00;0.00;0.00;0.01;0.01;-0.49;-2.75;-0.00;-0.00;0.50;0.005;-100.00;-100.00;-0.52;-1.92
1595875759.646;3140;-0.44;-2.73;359.33;-0.37;-2.75;-0.00;-0.00;0.50;516;2;1;0;-0.01;0.50;0.49;0.00;0.00;0.00;0.01;0.01;-0.44;-2.75;-0.00;-0.00;0.50;0.005;-100.00;-100.00;-0.52;-1.92
1595875759.746;3150;-0.40;-2.73;359.39;-0.14;-2.75;-0.00;-0.00;0.50;516;3;1;0;-0.01;0.50;0.49;0.00;0.00;0.02;-0.01;-0.01;-0.41;-2.75;-0.00;-0.00;0.50;0.005;-100.00;-100.00;-0.52;-1.92
1595875759.844;3159;-0.36;-2.73;359.10;-0.14;-2.75;-0.00;-0.00;0.50;516;3;1;0;0.01;0.50;0.49;0.00;0.00;-0.00;-0.00;-0.01;-0.36;-2.75;-0.00;-0.00;0.50;0.003;-100.00;-100.00;-0.52;-1.92
1595875759.943;3169;-0.31;-2.74;359.17;-0.14;-2.75;-0.00;-0.00;0.50;516;3;1;0;0.01;0.50;0.48;0.00;0.00;0.03;-0.00;0.01;-0.31;-2.75;-0.00;-0.00;0.50;0.003;-100.00;-100.00;-0.52;-1.92
1595875760.044;3179;-0.27;-2.74;359.36;-0.14;-2.75;-0.00;-0.00;0.50;516;3;1;0;0.00;0.50;0.48;0.00;0.00;-0.00;0.01;-0.00;-0.27;-2.75;-0.00;-0.00;0.50;0.003;-100.00;-100.00;-0.52;-1.92
1595875760.144;3189;-0.22;-2.74;359.08;-0.14;-2.75;-0.00;-0.00;0.50;516;3;1;0;0.02;0.50;0.49;0.00;0.00;0.01;-0.01;0.00;-0.22;-2.75;-0.00;-0.00;0.50;0.003;-100.00;-100.00;-0.52;-1.92
1595875760.243;3199;-0.18;-2.74;359.21;-0.14;-2.75;-0.00;-0.00;0.50;516;3;1;0;0.01;0.50;0.49;0.00;0.00;-0.02;0.01;0.02;-0.18;-2.75;-0.00;-0.00;0.50;0.003;-100.00;-100.00;-0.52;-1.92
1595875760.344;3209;-0.13;-2.74;359.40;0.10;-2.75;-0.00;0.00;0.50;516;4;1;0;0.00;0.50;0.49;0.00;0.00;0.01;0.00;0.03;-0.13;-2.75;-0.00;-0.00;0.50;0.003;-100.00;-100.00;-0.52;-1.92
1595875760.441;3219;-0.09;-2.74;359.49;0.10;-2.75;-0.00;0.00;0.50;516;4;1;0;0.01;0.50;0.49;0.00;0.00;0.01;-0.01;0.00;-0.09;-2.75;-0.00;-0.00;0.50;0.001;-100.00;-100.00;-0.52;-1.92
1595875760.543;3229;-0.04;-2.74;359.45;0.10;-2.75;-0.00;0.00;0.50;516;4;1;0;0.01;0.50;0.49;0.00;0.00;-0.01;-0.03;0.00;-0.04;-2.75;-0.00;-0.00;0.50;0.002;-100.00;-100.00;-0.52;-1.92
1595875760.643;3239;0.00;-2.74;359.37;0.10;-2.75;-0.00;0.00;0.50;516;4;1;0;0.01;0.50;0.61;0.00;0.00;0.00;0.01;0.01;0.00;-2.75;-0.00;-0.00;0.50;0.002;-100.00;-100.00;-0.52;-1.92
1595875760.741;3249;0.05;-2.74;359.59;0.10;-2.75;-0.00;0.00;0.50;516;4;1;0;0.00;0.50;0.49;0.00;0.00;0.01;0.00;0.01;0.05;-2.75;-0.00;0.00;0.50;0.001;-100.00;-100.00;-0.52;-1.92
1595875760.856;3261;0.10;-2.74;359.78;0.35;-2.75;0.00;-0.00;0.37;90;0;1;7;0.00;0.50;0.49;0.00;0.00;0.00;0.03;0.00;0.10;-2.75;-0.00;0.00;0.50;0.014;-100.00;-100.00;-0.52;-1.92
1595875760.952;3270;0.14;-2.75;359.63;0.35;-2.75;0.00;-0.00;0.37;90;0;1;7;-0.09;0.50;0.49;0.00;0.00;0.00;0.01;0.00;0.35;-2.75;0.00;-0.00;0.37;0.011;-100.00;-100.00;-0.52;-1.92
1595875761.052;3280;0.19;-2.75;359.46;0.35;-2.75;0.00;-0.00;0.37;90;0;1;7;-0.06;0.50;0.49;0.00;0.00;0.01;0.02;-0.10;0.35;-2.75;0.00;-0.00;0.37;0.011;-100.00;-100.00;-0.52;-1.92
1595875761.152;3290;0.23;-2.75;358.43;0.35;-2.75;0.00;-0.00;0.37;90;0;1;7;0.00;0.50;0.49;0.00;0.00;0.01;-0.01;-0.06;0.35;-2.75;0.00;-0.00;0.37;0.011;-100.00;-100.00;-0.52;-1.92
1595875761.252;3300;0.28;-2.75;358.16;0.73;-2.70;24.90;0.79;0.50;90;1;1;7;0.04;0.50;0.49;0.00;0.00;0.01;0.03;-0.01;0.35;-2.75;0.00;-0.00;0.37;0.011;-100.00;-100.00;-0.52;-1.92
1595875761.349;3310;0.33;-2.75;358.29;0.73;-2.70;24.90;0.79;0.50;90;1;1;7;0.01;0.50;0.49;0.00;0.00;-0.00;0.02;0.00;0.35;-2.75;0.00;-0.00;0.37;0.008;-100.00;-100.00;-0.52;-1.92
1595875761.450;3320;0.37;-2.75;358.63;0.73;-2.70;24.90;0.79;0.50;90;1;1;7;0.11;0.49;0.49;0.00;0.00;0.01;0.02;0.01;0.36;-2.75;0.02;0.03;0.37;0.009;-100.00;-100.00;-0.52;-1.92
1595875761.549;3330;0.42;-2.76;358.86;0.73;-2.70;24.90;0.79;0.50;90;1;1;7;0.23;0.49;0.49;0.00;0.00;-0.05;0.02;0.07;0.42;-2.75;0.64;0.16;0.39;0.009;-100.00;-100.00;-0.52;-1.92
1595875761.650;3340;0.47;-2.76;360.12;0.73;-2.70;24.90;0.79;0.50;90;1;1;7;0.32;0.49;0.61;0.00;0.00;0.04;-0.00;0.27;0.46;-2.75;1.79;0.25;0.41;0.009;-100.00;-100.00;-0.52;-1.92
1595875761.749;3350;0.51;-2.76;362.03;0.73;-2.70;24.90;0.79;0.50;90;1;1;7;0.41;0.49;0.49;0.00;0.00;0.01;-0.02;0.37;0.51;-2.75;3.66;0.35;0.43;0.009;-100.00;-100.00;-0.52;-1.92
1595875761.849;3360;0.55;-2.76;364.95;0.73;-2.70;24.90;0.79;0.50;90;1;1;7;0.46;0.48;0.49;0.00;0.00;0.02;0.02;0.50;0.54;-2.75;5.36;0.41;0.44;0.009;-100.00;-100.00;-0.52;-1.93
1595875761.950;3370;0.59;-2.75;368.64;0.73;-2.70;24.90;0.79;0.50;90;1;1;7;0.52;0.48;0.49;0.00;0.00;0.01;0.01;0.65;0.59;-2.74;8.71;0.51;0.45;0.009;-100.00;-100.00;-0.52;-1.92
1595875762.049;3380;0.63;-2.74;373.17;0.73;-2.70;24.90;0.79;0.50;90;1;1;7;0.54;0.48;0.49;0.00;0.00;0.03;-0.02;0.76;0.62;-2.73;11.51;0.57;0.46;0.009;-100.00;-100.00;-0.52;-1.92
1595875762.149;3390;0.68;-2.73;378.35;0.97;-2.34;86.23;0.79;0.50;90;2;1;7;0.63;0.48;0.48;0.00;0.00;-0.02;0.02;0.84;0.67;-2.72;16.67;0.67;0.48;0.009;-100.00;-100.00;-0.52;-1.92
1595875762.247;3400;0.72;-2.72;383.52;0.97;-2.34;86.23;0.79;0.50;90;2;1;7;0.62;0.48;0.48;0.00;0.00;0.03;-0.01;1.00;0.70;-2.71;20.80;0.73;0.49;0.006;-100.00;-100.00;-0.52;-1.92
1595875762.347;3410;0.76;-2.71;389.51;0.97;-2.34;86.23;0.79;0.50;90;2;1;7;0.64;0.47;0.47;0.00;0.00;0.04;-0.01;1.05;0.74;-2.69;25.52;0.79;0.50;0.006;-100.00;-100.00;-0.52;-1.92
1595875762.447;3420;0.79;-2.69;395.51;0.97;-2.34;86.23;0.79;0.50;90;2;1;7;0.66;0.47;0.47;0.00;0.00;0.01;0.03;1.07;0.78;-2.67;32.96;0.79;0.50;0.006;-100.00;-100.00;-0.52;-1.92
1595875762.546;3430;0.83;-2.66;402.30;0.97;-2.34;86.23;0.79;0.50;90;2;1;7;0.61;0.47;0.47;0.00;0.00;0.00;-0.02;1.11;0.81;-2.65;37.91;0.79;0.50;0.006;-100.00;-100.00;-0.52;-1.92
1595875762.646;3440;0.86;-2.64;408.39;0.97;-2.34;86.23;0.79;0.50;90;2;1;7;0.57;0.47;0.47;0.00;0.00;0.03;0.01;1.06;0.84;-2.62;42.87;0.79;0.50;0.006;-100.00;-100.00;-0.52;-1.92
1595875762.747;3450;0.88;-2.60;414.21;0.97;-2.34;86.23;0.79;0.50;90;2;1;7;0.55;0.46;0.47;0.00;0.00;0.02;0.02;0.98;0.87;-2.60;47.82;0.79;0.50;0.006;-100.00;-100.00;-0.52;-1.92
1595875762.847;3460;0.91;-2.57;419.46;0.97;-2.34;86.23;0.79;0.50;90;2;1;7;0.55;0.46;0.46;0.00;0.00;0.03;0.01;0.90;0.89;-2.57;52.78;0.79;0.50;0.006;-100.00;-100.00;-0.52;-1.92
1595875762.947;3470;0.93;-2.53;424.46;0.97;-2.34;86.23;0.79;0.50;90;2;1;7;0.61;0.46;0.46;0.00;0.00;-0.03;0.06;0.87;0.92;-2.52;60.21;0.79;0.50;0.006;-100.00;-100.00;-0.52;-1.92
1595875763.055;3481;0.95;-2.49;430.38;0.97;-2.34;86.23;0.79;0.50;90;2;1;7;0.60;0.45;0.45;0.00;0.00;0.01;0.00;0.94;0.94;-2.49;65.17;0.79;0.50;0.014;-100.00;-100.00;-0.52;-1.92
1595875763.147;3490;0.96;-2.46;435.41;0.97;-2.34;86.23;0.79;0.50;90;2;1;7;0.60;0.45;0.45;0.00;0.00;0.02;0.01;0.96;0.95;-2.46;70.12;0.79;0.50;0.006;-100.00;-100.00;-0.52;-1.92
1595875763.246;3500;0.98;-2.42;441.04;0.79;-1.96;144.20;0.73;0.50;90;3;1;7;0.58;0.44;0.45;0.00;0.00;-0.03;-0.01;0.95;0.96;-2.42;75.08;0.79;0.50;0.006;-100.00;-100.00;-0.52;-1.92
1595875763.344;3509;0.98;-2.39;445.80;0.79;-1.96;144.20;0.73;0.50;90;3;1;7;0.53;0.44;0.45;0.00;0.00;0.00;0.01;0.93;0.97;-2.39;80.03;0.79;0.50;0.003;-100.00;-100.00;-0.52;-1.92
1595875763.444;3519;0.99;-2.35;450.85;0.79;-1.96;144.20;0.73;0.50;90;3;1;7;0.53;0.44;0.44;0.00;0.00;0.03;-0.05;0.86;0.97;-2.35;84.99;0.79;0.50;0.003;-100.00;-100.00;-0.52;-1.92
1595875763.549;3530;0.98;-2.31;455.76;0.79;-1.96;144.20;0.73;0.50;90;3;1;7;0.54;0.43;0.44;0.00;0.00;0.01;-0.01;0.78;0.98;-2.32;89.93;0.78;0.50;0.008;-100.00;-100.00;-0.52;-1.92
1595875763.644;3539;0.98;-2.28;459.69;0.79;-1.96;144.20;0.73;0.50;90;3;1;7;0.57;0.43;0.43;0.00;0.00;0.04;-0.02;0.79;0.97;-2.28;94.83;0.78;0.50;0.003;-100.00;-100.00;-0.52;-1.92
1595875763.744;3550;0.98;-2.24;464.85;0.79;-1.96;144.20;0.73;0.50;90;3;1;7;0.57;0.43;0.43;0.00;0.00;0.03;0.01;0.86;0.97;-2.24;99.69;0.77;0.50;0.003;-100.00;-100.00;-0.52;-1.92
1595875763.844;3559;0.97;-2.20;469.78;0.79;-1.96;144.20;0.73;0.50;90;3;1;7;0.56;0.43;0.43;0.00;0.00;-0.00;0.03;0.88;0.96;-2.21;104.50;0.77;0.50;0.003;-100.00;-100.00;-0.52;-1.92
1595875763.944;3570;0.96;-2.16;475.50;0.79;-1.96;144.20;0.73;0.50;90;3;1;7;0.53;0.42;0.43;0.00;0.00;0.02;-0.00;0.89;0.95;-2.17;109.26;0.76;0.50;0.003;-100.00;-100.00;-0.52;-1.92
1595875764.043;3579;0.95;-2.13;479.86;0.79;-1.96;144.20;0.73;0.50;90;3;1;7;0.53;0.42;0.42;0.00;0.00;0.03;0.02;0.85;0.94;-2.14;113.98;0.76;0.50;0.003;-100.00;-100.00;-0.52;-1.92
1595875764.143;3589;0.93;-2.10;484.23;0.79;-1.96;144.20;0.73;0.50;90;3;1;7;0.54;0.42;0.42;0.00;0.00;-0.03;0.01;0.83;0.92;-2.11;118.66;0.75;0.50;0.003;-100.00;-100.00;-0.52;-1.92
1595875764.243;3599;0.91;-2.06;489.57;0.79;-1.96;144.20;0.73;0.50;90;3;1;7;0.52;0.41;0.41;0.00;0.00;0.02;0.04;0.81;0.90;-2.08;123.30;0.75;0.50;0.003;-100.00;-100.00;-0.52;-1.92
1595875764.344;3609;0.89;-2.04;494.24;0.79;-1.96;144.20;0.73;0.50;90;3;1;7;0.50;0.41;0.41;0.00;0.00;0.02;-0.03;0.79;0.88;-2.05;127.90;0.75;0.50;0.003;-100.00;-100.00;-0.52;-1.92
1595875764.443;3619;0.87;-2.01;498.10;0.79;-1.96;144.20;0.73;0.50;90;3;1;7;0.52;0.41;0.41;0.00;0.00;0.01;0.03;0.71;0.86;-2.02;132.45;0.74;0.50;0.003;-100.00;-100.00;-0.52;-1.92
1595875764.544;3629;0.84;-1.99;501.94;0.79;-1.96;144.20;0.73;0.50;90;3;1;7;0.53;0.41;0.41;0.00;0.00;0.01;0.01;0.69;0.83;-1.99;136.96;0.74;0.50;0.003;-100.00;-100.00;-0.52;-1.92
1595875764.648;3640;0.81;-1.97;506.51;0.79;-1.96;144.20;0.73;0.50;90;3;1;7;0.52;0.41;0.40;0.00;0.00;0.03;-0.00;0.72;0.80;-1.97;141.43;0.73;0.50;0.007;-100.00;-100.00;-0.52;-1.92
1595875764.744;3649;0.78;-1.95;510.19;0.79;-1.96;144.20;0.73;0.50;90;3;1;7;0.52;0.41;0.40;0.00;0.00;0.02;0.02;0.70;0.78;-1.95;145.84;0.72;0.50;0.003;-100.00;-100.00;-0.52;-1.92
1595875764.847;3660;0.75;-1.93;514.61;0.79;-1.96;144.20;0.73;0.50;90;3;1;7;0.48;0.41;0.40;0.00;0.00;0.02;0.01;0.70;0.75;-1.93;150.01;0.68;0.50;0.006;-100.00;-100.00;-0.52;-1.92
1595875764.949;3670;0.71;-1.92;518.88;0.79;-1.96;144.20;0.73;0.50;90;3;1;7;0.41;0.41;0.40;0.00;0.00;0.02;0.01;0.65;0.71;-1.91;153.90;0.65;0.50;0.008;-100.00;-100.00;-0.52;-1.92
1595875765.044;3679;0.68;-1.90;521.88;0.79;-1.96;144.20;0.73;0.50;90;3;1;7;0.39;0.41;0.40;0.00;0.00;0.02;0.01;0.58;0.68;-1.90;157.52;0.61;0.50;0.003;-100.00;-100.00;-0.52;-1.92
1595875765.143;3689;0.65;-1.90;524.78;0.79;-1.96;144.20;0.73;0.50;90;3;1;7;0.37;0.41;0.40;0.00;0.00;-0.02;0.01;0.52;0.65;-1.88;160.88;0.58;0.50;0.003;-100.00;-100.00;-0.52;-1.92
1595875765.249;3700;0.61;-1.89;528.19;0.35;-1.85;180.00;0.00;-0.50;1024;0;1;2;0.32;0.41;0.40;0.00;0.00;-0.00;0.03;0.48;0.61;-1.87;163.98;0.54;0.50;0.005;-100.00;-100.00;-0.52;-1.92
1595875765.355;3711;0.57;-1.88;530.89;0.65;-1.85;180.00;0.00;-0.50;490;0;1;2;-0.55;0.36;0.40;0.00;0.00;0.00;-0.04;0.42;0.58;-1.85;180.00;0.00;-0.50;0.009;-100.00;-100.00;-0.52;-1.92
1595875765.448;3720;0.54;-1.88;532.41;0.75;-1.85;180.00;0.00;-0.50;490;1;1;2;-0.44;0.31;0.40;0.00;0.00;-0.01;0.03;0.17;0.65;-1.85;180.00;0.00;-0.50;0.007;-100.00;-100.00;-0.52;-1.92
1595875765.546;3730;0.51;-1.87;528.96;0.75;-1.85;180.00;0.00;-0.50;490;1;1;2;-0.60;0.26;0.39;0.00;0.00;0.01;0.03;-0.34;0.65;-1.85;180.00;0.00;-0.50;0.005;-100.00;-100.00;-0.52;-1.92
1595875765.645;3740;0.48;-1.87;526.67;0.75;-1.85;180.00;0.00;-0.50;490;1;1;2;-0.70;0.20;0.34;0.00;0.00;-0.00;0.03;-0.42;0.65;-1.85;180.00;0.00;-0.50;0.005;-100.00;-100.00;-0.52;-1.92
1595875765.745;3750;0.45;-1.86;524.06;0.75;-1.85;180.00;0.00;-0.50;490;1;1;2;-0.79;0.14;0.28;0.00;0.00;-0.01;0.03;-0.44;0.65;-1.85;180.00;0.00;-0.50;0.004;-100.00;-100.00;-0.52;-1.92
1595875765.846;3760;0.44;-1.86;521.68;0.75;-1.85;180.00;0.00;-0.50;490;1;1;2;-0.79;0.09;0.23;0.00;0.00;0.01;0.01;-0.40;0.65;-1.85;180.00;0.00;-0.50;0.005;-100.00;-100.00;-0.52;-1.92
1595875765.945;3770;0.42;-1.85;519.93;0.75;-1.85;180.00;0.00;-0.50;490;1;1;2;-0.79;0.03;0.17;0.00;0.00;0.00;0.02;-0.29;0.65;-1.85;180.00;0.00;-0.50;0.004;-100.00;-100.00;-0.52;-1.92
1595875766.045;3780;0.42;-1.85;518.46;0.75;-1.85;180.00;0.00;-0.50;490;1;1;2;-0.79;-0.02;0.10;0.00;0.00;-0.00;0.02;-0.11;0.65;-1.85;180.00;0.00;-0.50;0.005;-100.00;-100.00;-0.52;-1.92
1595875766.145;3790;0.41;-1.85;518.69;0.75;-1.85;180.00;0.00;-0.50;490;1;1;2;-0.79;-0.07;0.07;0.00;0.00;-0.00;0.01;0.06;0.65;-1.85;180.00;0.00;-0.50;0.005;-100.00;-100.00;-0.52;-1.92
1595875766.245;3800;0.42;-1.85;519.32;0.75;-1.85;180.00;0.00;-0.50;490;1;1;2;-0.79;-0.12;0.02;0.00;0.00;-0.00;0.01;0.09;0.65;-1.85;180.00;0.00;-0.50;0.005;-100.00;-100.00;-0.52;-1.92
1595875766.345;3810;0.42;-1.85;520.64;0.75;-1.85;180.00;0.00;-0.50;490;1;1;2;-0.79;-0.16;-0.06;0.00;0.00;-0.01;0.04;0.23;0.65;-1.85;180.00;0.00;-0.50;0.005;-100.00;-100.00;-0.52;-1.92
1595875766.445;3820;0.43;-1.86;523.02;0.75;-1.85;180.00;0.00;-0.50;490;1;1;2;-0.79;-0.20;-0.08;0.00;0.00;0.00;0.03;0.41;0.65;-1.85;180.00;0.00;-0.50;0.005;-100.00;-100.00;-0.52;-1.92
1595875766.545;3829;0.45;-1.86;525.59;0.75;-1.85;180.00;0.00;-0.50;490;1;1;2;-0.74;-0.24;-0.10;0.00;0.00;0.02;0.01;0.45;0.65;-1.85;180.00;0.00;-0.50;0.004;-100.00;-100.00;-0.52;-1.92
1595875766.645;3840;0.47;-1.87;529.14;0.75;-1.85;180.00;0.00;-0.50;490;1;1;2;-0.58;-0.27;-0.16;0.00;0.00;0.01;0.01;0.60;0.65;-1.85;180.00;0.00;-0.50;0.004;-100.00;-100.00;-0.52;-1.92
1595875766.745;3849;0.49;-1.87;532.26;0.75;-1.85;180.00;0.00;-0.50;490;1;1;2;-0.43;-0.30;-0.20;0.00;0.00;0.02;0.00;0.56;0.65;-1.85;180.00;0.00;-0.50;0.004;-100.00;-100.00;-0.52;-1.92
1595875766.849;3860;0.51;-1.88;535.56;0.75;-1.85;180.00;0.00;-0.50;490;1;1;2;-0.28;-0.33;-0.24;0.00;0.00;-0.00;0.01;0.45;0.65;-1.85;180.00;0.00;-0.50;0.008;-100.00;-100.00;-0.52;-1.92
1595875766.946;3870;0.54;-1.88;537.60;0.75;-1.85;180.00;0.00;-0.50;490;1;1;2;-0.19;-0.35;-0.27;0.00;0.00;0.01;0.04;0.33;0.65;-1.85;180.00;0.00;-0.50;0.005;-100.00;-100.00;-0.52;-1.92
1595875767.045;3880;0.57;-1.88;538.96;0.75;-1.85;180.00;0.00;-0.50;490;1;1;2;-0.13;-0.37;-0.29;0.00;0.00;-0.00;0.02;0.22;0.65;-1.85;180.00;0.00;-0.50;0.005;-100.00;-100.00;-0.52;-1.92
1595875767.145;3890;0.60;-1.88;539.92;0.84;-1.85;180.00;0.00;-0.50;490;2;1;2;-0.08;-0.38;-0.32;0.00;0.00;0.01;0.01;0.14;0.65;-1.85;180.00;0.00;-0.50;0.005;-100.00;-100.00;-0.52;-1.92
1595875767.245;3900;0.63;-1.88;540.35;0.84;-1.85;180.00;0.00;-0.50;490;2;1;2;-0.07;-0.39;-0.33;0.00;0.00;-0.01;0.03;0.09;0.65;-1.85;180.00;0.00;-0.50;0.003;-100.00;-100.00;-0.52;-1.92
1595875767.344;3910;0.67;-1.88;540.79;0.84;-1.85;180.00;0.00;-0.50;490;2;1;2;-0.04;-0.39;-0.35;0.00;0.00;0.00;0.04;0.07;0.66;-1.85;180.00;0.00;-0.50;0.004;-100.00;-100.00;-0.52;-1.92
1595875767.460;3921;0.70;-1.88;541.12;0.95;-1.85;180.00;-0.00;0.50;462;0;1;0;-0.03;-0.40;-0.36;0.00;0.00;-0.01;-0.04;0.05;0.70;-1.85;180.00;0.00;-0.50;0.016;-100.00;-100.00;-0.52;-1.92
1595875778.364;5011;0.82;-1.88;542.69;0.95;-1.85;180.00;-0.00;0.50;462;0;1;0;0.05;-0.34;0.00;0.00;0.00;0.00;0.00;0.00;0.73;-1.85;180.00;-0.00;0.50;0.036;-100.00;-100.00;-0.52;-1.92
1595875789.124;6087;0.89;-1.88;542.51;0.57;-1.80;155.10;-0.79;0.50;462;1;1;8;-0.10;-0.30;0.00;0.00;0.00;0.00;0.00;-0.00;0.82;-1.85;180.00;-0.00;0.50;0.022;-100.00;-100.00;-0.52;-1.92
1595875789.145;6089;0.89;-1.88;542.53;0.57;-1.80;155.10;-0.79;0.50;462;1;1;8;-0.26;-0.26;0.00;0.00;0.00;0.00;0.00;0.00;0.89;-1.85;179.60;-0.13;0.39;0.019;-100.00;-100.00;-0.52;-1.92
1595875789.233;6098;0.89;-1.88;542.56;0.57;-1.80;155.10;-0.79;0.50;462;1;1;8;-0.26;-0.23;-0.02;0.00;0.00;-0.01;0.15;0.05;0.89;-1.85;179.60;-0.13;0.39;0.008;-100.00;-100.00;-0.52;-1.92
1595875789.333;6108;0.91;-1.88;543.68;0.57;-1.80;155.10;-0.79;0.50;462;1;1;8;-0.25;-0.19;-0.08;0.00;0.00;0.03;-0.07;0.10;0.91;-1.85;179.78;-0.10;0.38;0.008;-100.00;-100.00;-0.52;-1.92
1595875789.433;6118;0.93;-1.88;544.52;0.57;-1.80;155.10;-0.79;0.50;462;1;1;8;-0.23;-0.16;-0.19;0.00;0.00;0.00;0.02;0.13;0.94;-1.85;179.98;-0.03;0.37;0.008;-100.00;-100.00;-0.52;-1.92
1595875789.533;6128;0.95;-1.88;544.86;0.57;-1.80;155.10;-0.79;0.50;462;1;1;8;-0.20;-0.13;-0.23;0.00;0.00;0.01;-0.02;0.10;0.95;-1.85;180.00;-0.00;0.37;0.008;-100.00;-100.00;-0.52;-1.92
1595875789.633;6138;0.96;-1.88;545.49;0.57;-1.80;155.10;-0.79;0.50;462;1;1;8;-0.20;-0.10;-0.15;0.00;0.00;0.01;-0.01;0.07;0.95;-1.85;180.00;-0.00;0.37;0.008;-100.00;-100.00;-0.52;-1.92
1595875789.733;6148;0.97;-1.88;545.80;0.57;-1.80;155.10;-0.79;0.50;462;1;1;8;-0.19;-0.06;-0.13;0.00;0.00;0.02;-0.03;0.04;0.95;-1.85;180.00;-0.00;0.37;0.008;-100.00;-100.00;-0.52;-1.92
1595875789.833;6158;0.98;-1.88;545.85;0.57;-1.80;155.10;-0.79;0.50;462;1;1;8;-0.17;-0.03;-0.12;0.00;0.00;0.01;-0.01;0.02;0.95;-1.85;180.00;-0.00;0.37;0.008;-100.00;-100.00;-0.52;-1.92
1595875789.933;6168;0.98;-1.88;546.07;0.57;-1.80;155.10;-0.79;0.50;462;1;1;8;-0.17;-0.00;-0.05;0.00;0.00;0.01;-0.01;-0.00;0.95;-1.85;180.00;-0.00;0.37;0.008;-100.00;-100.00;-0.52;-1.92
1595875790.033;6178;0.98;-1.88;545.83;0.57;-1.80;155.10;-0.79;0.50;462;1;1;8;-0.15;0.02;-0.04;0.00;0.00;0.00;0.01;-0.02;0.95;-1.85;180.00;-0.00;0.37;0.007;-100.00;-100.00;-0.52;-1.92
1595875790.133;6188;0.98;-1.88;545.80;0.57;-1.80;155.10;-0.79;0.50;462;1;1;8;-0.15;0.05;-0.01;0.00;0.00;0.00;-0.00;-0.02;0.95;-1.85;180.00;-0.00;0.37;0.008;-100.00;-100.00;-0.52;-1.92
1595875790.233;6198;0.98;-1.88;545.61;0.57;-1.80;155.10;-0.79;0.50;462;1;1;8;-0.15;0.08;0.02;0.00;0.00;0.00;-0.01;-0.03;0.95;-1.85;180.00;-0.00;0.37;0.008;-100.00;-100.00;-0.52;-1.92
1595875790.341;6209;0.97;-1.88;545.36;0.57;-1.80;155.10;-0.79;0.50;462;1;1;8;-0.16;0.10;0.04;0.00;0.00;-0.00;0.00;-0.03;0.95;-1.85;180.00;-0.00;0.37;0.016;-100.00;-100.00;-0.52;-1.92
1595875790.433;6218;0.97;-1.88;545.34;0.57;-1.80;155.10;-0.79;0.50;462;1;1;8;-0.17;0.12;0.06;0.00;0.00;-0.00;0.01;-0.01;0.95;-1.85;180.00;-0.00;0.37;0.008;-100.00;-100.00;-0.52;-1.92
1595875790.533;6228;0.96;-1.88;545.22;0.57;-1.80;155.10;-0.79;0.50;462;1;1;8;-0.19;0.14;0.08;0.00;0.00;-0.00;0.00;-0.03;0.95;-1.85;180.00;-0.00;0.37;0.008;-100.00;-100.00;-0.52;-1.92
1595875790.633;6238;0.95;-1.88;544.94;0.57;-1.80;155.10;-0.79;0.50;462;1;1;8;-0.21;0.16;0.10;0.00;0.00;-0.00;-0.01;-0.06;0.95;-1.85;180.00;-0.00;0.37;0.008;-100.00;-100.00;-0.52;-1.92
1595875790.733;6248;0.94;-1.88;544.56;0.57;-1.80;155.10;-0.79;0.50;462;1;1;8;-0.22;0.17;0.13;0.00;0.00;0.00;-0.01;-0.05;0.94;-1.85;179.98;-0.03;0.37;0.008;-100.00;-100.00;-0.52;-1.92
1595875790.833;6258;0.92;-1.88;544.28;0.57;-1.80;155.10;-0.79;0.50;462;1;1;8;-0.25;0.19;0.10;0.00;0.00;0.00;0.01;-0.06;0.92;-1.85;179.91;-0.06;0.38;0.008;-100.00;-100.00;-0.52;-1.92
1595875790.933;6268;0.90;-1.88;543.80;0.57;-1.80;155.10;-0.79;0.50;462;1;1;8;-0.27;0.20;0.16;0.00;0.00;0.01;-0.01;-0.10;0.91;-1.85;179.78;-0.10;0.38;0.008;-100.00;-100.00;-0.52;-1.92
1595875791.033;6278;0.89;-1.89;543.09;0.57;-1.80;155.10;-0.79;0.50;462;1;1;8;-0.29;0.22;0.18;0.00;0.00;0.01;-0.02;-0.12;0.89;-1.85;179.60;-0.13;0.39;0.008;-100.00;-100.00;-0.52;-1.92
1595875791.133;6288;0.87;-1.89;542.55;0.57;-1.80;155.10;-0.79;0.50;462;1;1;8;-0.33;0.23;0.14;0.00;0.00;0.01;-0.02;-0.13;0.87;-1.85;179.05;-0.19;0.40;0.008;-100.00;-100.00;-0.52;-1.92
1595875791.233;6298;0.85;-1.89;541.70;0.57;-1.80;155.10;-0.79;0.50;462;1;1;8;-0.36;0.24;0.21;0.00;0.00;0.01;-0.01;-0.18;0.85;-1.85;178.67;-0.22;0.40;0.008;-100.00;-100.00;-0.52;-1.92
1595875791.333;6308;0.83;-1.89;540.71;0.57;-1.80;155.10;-0.79;0.50;462;1;1;8;-0.40;0.26;0.21;0.00;0.00;0.01;-0.01;-0.21;0.82;-1.85;177.68;-0.29;0.42;0.008;-100.00;-100.00;-0.52;-1.92
1595875791.433;6318;0.80;-1.88;539.26;0.57;-1.80;155.10;-0.79;0.50;462;1;1;8;-0.42;0.27;0.17;0.00;0.00;-0.00;0.00;-0.27;0.81;-1.85;177.05;-0.32;0.42;0.007;-100.00;-100.00;-0.52;-1.92
1595875791.534;6329;0.78;-1.89;537.04;0.57;-1.80;155.10;-0.79;0.50;462;1;1;8;-0.42;0.28;0.25;0.00;0.00;0.01;-0.00;-0.31;0.79;-1.85;176.34;-0.35;0.43;0.008;-100.00;-100.00;-0.52;-1.92
1595875791.633;6338;0.76;-1.89;535.13;0.57;-1.80;155.10;-0.79;0.50;462;1;1;8;-0.45;0.29;0.25;0.00;0.00;-0.00;-0.02;-0.34;0.76;-1.85;174.64;-0.41;0.44;0.008;-100.00;-100.00;-0.52;-1.92
1595875791.733;6348;0.73;-1.89;533.04;0.57;-1.80;155.10;-0.79;0.50;462;1;1;8;-0.47;0.29;0.20;0.00;0.00;-0.01;0.01;-0.37;0.74;-1.84;173.63;-0.44;0.44;0.008;-100.00;-100.00;-0.52;-1.92
1595875791.832;6358;0.70;-1.88;530.78;0.57;-1.80;155.10;-0.79;0.50;462;1;1;8;-0.52;0.30;0.27;0.00;0.00;0.00;-0.00;-0.40;0.71;-1.84;171.29;-0.51;0.45;0.007;-100.00;-100.00;-0.52;-1.92
1595875791.933;6368;0.68;-1.88;528.24;0.57;-1.80;155.10;-0.79;0.50;462;1;1;8;-0.53;0.31;0.28;0.00;0.00;-0.01;-0.04;-0.48;0.69;-1.84;169.95;-0.54;0.46;0.008;-100.00;-100.00;-0.52;-1.92
1595875792.033;6378;0.65;-1.87;525.38;0.57;-1.80;155.10;-0.79;0.50;462;1;1;8;-0.59;0.31;0.29;0.00;0.00;-0.02;0.01;-0.49;0.66;-1.83;166.90;-0.60;0.47;0.008;-100.00;-100.00;-0.52;-1.92
1595875792.142;6389;0.62;-1.87;521.80;0.33;-1.44;93.77;-0.79;0.50;462;2;1;8;-0.59;0.31;0.30;0.00;0.00;-0.03;-0.03;-0.58;0.65;-1.83;165.18;-0.63;0.47;0.017;-100.00;-100.00;-0.52;-1.92
1595875792.230;6398;0.59;-1.86;518.59;0.33;-1.44;93.77;-0.79;0.50;462;2;1;8;-0.53;0.32;0.30;0.00;0.00;-0.00;-0.00;-0.61;0.61;-1.82;161.33;-0.70;0.49;0.005;-100.00;-100.00;-0.52;-1.92
1595875792.330;6408;0.57;-1.85;514.69;0.33;-1.44;93.77;-0.79;0.50;462;2;1;8;-0.60;0.34;0.31;0.00;0.00;-0.01;-0.00;-0.58;0.58;-1.80;156.91;-0.76;0.50;0.005;-100.00;-100.00;-0.52;-1.92
1595875792.430;6418;0.54;-1.84;511.42;0.33;-1.44;93.77;-0.79;0.50;462;2;1;8;-0.62;0.34;0.39;0.00;0.00;-0.01;0.02;-0.64;0.56;-1.79;154.48;-0.79;0.50;0.005;-100.00;-100.00;-0.52;-1.92
1595875792.530;6428;0.51;-1.82;507.13;0.33;-1.44;93.77;-0.79;0.50;462;2;1;8;-0.63;0.35;0.32;0.00;0.00;-0.02;-0.02;-0.70;0.53;-1.78;149.52;-0.79;0.50;0.005;-100.00;-100.00;-0.52;-1.92
1595875792.630;6438;0.48;-1.80;502.87;0.33;-1.44;93.77;-0.79;0.50;462;2;1;8;-0.61;0.36;0.33;0.00;0.00;0.02;-0.01;-0.75;0.52;-1.77;147.04;-0.79;0.50;0.005;-100.00;-100.00;-0.52;-1.92
1595875792.730;6448;0.45;-1.78;498.23;0.33;-1.44;93.77;-0.79;0.50;462;2;1;8;-0.61;0.36;0.34;0.00;0.00;0.00;-0.01;-0.77;0.49;-1.75;142.09;-0.79;0.50;0.005;-100.00;-100.00;-0.52;-1.92
1595875792.830;6458;0.43;-1.76;493.80;0.33;-1.44;93.77;-0.79;0.50;462;2;1;8;-0.63;0.37;0.43;0.00;0.00;-0.00;-0.02;-0.78;0.46;-1.72;137.13;-0.79;0.50;0.005;-100.00;-100.00;-0.52;-1.92
1595875792.936;6469;0.40;-1.73;488.43;0.33;-1.44;93.77;-0.79;0.50;462;2;1;8;-0.57;0.37;0.35;0.00;0.00;-0.02;0.01;-0.83;0.45;-1.71;134.65;-0.79;0.50;0.010;-100.00;-100.00;-0.52;-1.92
1595875793.030;6478;0.38;-1.71;484.19;0.33;-1.44;93.77;-0.79;0.50;462;2;1;8;-0.60;0.37;0.36;0.00;0.00;0.03;0.00;-0.77;0.42;-1.68;129.70;-0.79;0.50;0.005;-100.00;-100.00;-0.52;-1.92
1595875793.130;6488;0.36;-1.68;479.76;0.33;-1.44;93.77;-0.79;0.50;462;2;1;8;-0.61;0.38;0.45;0.00;0.00;-0.03;-0.04;-0.77;0.40;-1.65;124.74;-0.79;0.50;0.005;-100.00;-100.00;-0.52;-1.92
1595875793.230;6498;0.34;-1.65;475.29;0.33;-1.44;93.77;-0.79;0.50;462;2;1;8;-0.63;0.38;0.36;0.00;0.00;-0.02;0.03;-0.79;0.38;-1.62;119.79;-0.79;0.50;0.005;-100.00;-100.00;-0.52;-1.92
1595875793.331;6508;0.33;-1.61;470.60;0.33;-1.44;93.77;-0.79;0.50;462;2;1;8;-0.64;0.38;0.37;0.00;0.00;-0.01;-0.02;-0.82;0.36;-1.59;114.83;-0.79;0.50;0.005;-100.00;-100.00;-0.52;-1.92
1595875793.439;6519;0.31;-1.57;465.28;0.33;-1.44;93.77;-0.79;0.50;462;2;1;8;-0.64;0.38;0.37;0.00;0.00;-0.01;0.03;-0.85;0.35;-1.56;109.88;-0.79;0.50;0.013;-100.00;-100.00;-0.52;-1.92
1595875793.530;6528;0.30;-1.54;460.63;0.33;-1.44;93.77;-0.79;0.50;462;2;1;8;-0.64;0.38;0.37;0.00;0.00;-0.01;0.01;-0.87;0.34;-1.52;104.92;-0.79;0.50;0.005;-100.00;-100.00;-0.52;-1.92
1595875793.630;6538;0.29;-1.51;455.67;0.51;-1.06;35.80;-0.73;0.50;462;3;1;8;-0.59;0.38;0.37;0.00;0.00;0.01;-0.02;-0.87;0.33;-1.51;102.44;-0.79;0.50;0.005;-100.00;-100.00;-0.52;-1.92
1595875793.728;6548;0.29;-1.47;450.96;0.51;-1.06;35.80;-0.73;0.50;462;3;1;8;-0.49;0.38;0.37;0.00;0.00;0.01;-0.00;-0.85;0.33;-1.47;97.49;-0.79;0.50;0.003;-100.00;-100.00;-0.52;-1.92
1595875793.828;6558;0.29;-1.43;446.33;0.51;-1.06;35.80;-0.73;0.50;462;3;1;8;-0.50;0.38;0.37;0.00;0.00;-0.01;-0.00;-0.73;0.33;-1.43;92.53;-0.78;0.50;0.003;-100.00;-100.00;-0.52;-1.92
1595875793.928;6568;0.29;-1.40;442.65;0.51;-1.06;35.80;-0.73;0.50;462;3;1;8;-0.56;0.39;0.37;0.00;0.00;-0.01;0.01;-0.68;0.33;-1.40;87.61;-0.78;0.50;0.003;-100.00;-100.00;-0.52;-1.92
1595875794.028;6578;0.29;-1.36;438.73;0.51;-1.06;35.80;-0.73;0.50;462;3;1;8;-0.60;0.39;0.37;0.00;0.00;0.03;0.02;-0.70;0.33;-1.36;82.74;-0.78;0.50;0.003;-100.00;-100.00;-0.52;-1.92
1595875794.128;6588;0.30;-1.32;434.36;0.51;-1.06;35.80;-0.73;0.50;462;3;1;8;-0.61;0.39;0.28;0.00;0.00;-0.04;-0.08;-0.79;0.33;-1.33;77.90;-0.77;0.50;0.003;-100.00;-100.00;-0.52;-1.92
1595875794.228;6598;0.31;-1.29;429.56;0.51;-1.06;35.80;-0.73;0.50;462;3;1;8;-0.56;0.39;0.29;0.00;0.00;-0.00;0.03;-0.81;0.34;-1.31;75.50;-0.77;0.50;0.003;-100.00;-100.00;-0.52;-1.92
1595875794.328;6608;0.32;-1.25;424.86;0.51;-1.06;35.80;-0.73;0.50;462;3;1;8;-0.57;0.39;0.38;0.00;0.00;-0.02;-0.04;-0.79;0.35;-1.27;70.74;-0.76;0.50;0.003;-100.00;-100.00;-0.52;-1.92
1595875794.428;6618;0.34;-1.22;420.96;0.51;-1.06;35.80;-0.73;0.50;462;3;1;8;-0.65;0.39;0.38;0.00;0.00;-0.00;0.04;-0.77;0.37;-1.22;63.67;-0.76;0.50;0.003;-100.00;-100.00;-0.52;-1.92
1595875794.531;6628;0.35;-1.18;416.22;0.51;-1.06;35.80;-0.73;0.50;462;3;1;8;-0.60;0.39;0.29;0.00;0.00;-0.00;-0.00;-0.88;0.38;-1.21;61.34;-0.75;0.50;0.006;-100.00;-100.00;-0.52;-1.92
1595875794.628;6638;0.37;-1.15;410.45;0.51;-1.06;35.80;-0.73;0.50;462;3;1;8;-0.54;0.39;0.38;0.00;0.00;0.02;-0.00;-0.87;0.40;-1.18;56.70;-0.75;0.50;0.003;-100.00;-100.00;-0.52;-1.92
1595875794.728;6648;0.40;-1.13;406.03;0.51;-1.06;35.80;-0.73;0.50;462;3;1;8;-0.54;0.39;0.39;0.00;0.00;0.03;-0.00;-0.79;0.42;-1.15;52.10;-0.75;0.50;0.003;-100.00;-100.00;-0.52;-1.92
1595875794.828;6658;0.42;-1.10;401.70;0.51;-1.06;35.80;-0.73;0.50;462;3;1;8;-0.55;0.39;0.29;0.00;0.00;0.00;-0.01;-0.76;0.44;-1.12;47.55;-0.74;0.50;0.003;-100.00;-100.00;-0.52;-1.92
1595875794.928;6668;0.45;-1.07;397.38;0.51;-1.06;35.80;-0.73;0.50;462;3;1;8;-0.54;0.39;0.38;0.00;0.00;-0.02;0.00;-0.76;0.47;-1.09;43.04;-0.74;0.50;0.003;-100.00;-100.00;-0.52;-1.92
1595875795.028;6678;0.48;-1.05;393.16;0.51;-1.06;35.80;-0.73;0.50;462;3;1;8;-0.55;0.39;0.38;0.00;0.00;0.02;0.02;-0.74;0.50;-1.07;38.57;-0.73;0.50;0.003;-100.00;-100.00;-0.52;-1.92
1595875795.128;6688;0.50;-1.03;388.85;0.51;-1.06;35.80;-0.73;0.50;462;3;1;8;-0.49;0.38;0.28;0.00;0.00;-0.03;-0.05;-0.73;0.51;-1.06;36.35;-0.73;0.50;0.003;-100.00;-100.00;-0.52;-1.92
1595875795.228;6698;0.54;-1.01;384.77;0.51;-1.06;35.80;-0.73;0.50;462;3;1;8;-0.50;0.38;0.47;0.00;0.00;-0.01;0.03;-0.65;0.55;-1.03;29.99;-0.68;0.50;0.003;-100.00;-100.00;-0.52;-1.92
1595875795.332;6708;0.57;-1.00;381.19;0.51;-1.06;35.80;-0.73;0.50;462;3;1;8;-0.44;0.38;0.37;0.00;0.00;-0.01;-0.02;-0.63;0.57;-1.02;28.01;-0.66;0.50;0.007;-100.00;-100.00;-0.52;-1.92
1595875795.428;6718;0.60;-0.99;377.96;0.51;-1.06;35.80;-0.73;0.50;462;3;1;8;-0.42;0.37;0.37;0.00;0.00;-0.00;0.02;-0.56;0.60;-1.00;24.26;-0.63;0.50;0.003;-100.00;-100.00;-0.52;-1.92
1595875795.528;6728;0.64;-0.98;375.11;0.51;-1.06;35.80;-0.73;0.50;462;3;1;8;-0.40;0.37;0.46;0.00;0.00;-0.01;0.00;-0.51;0.64;-0.99;20.77;-0.59;0.50;0.003;-100.00;-100.00;-0.52;-1.92
1595875795.628;6738;0.67;-0.97;372.19;0.51;-1.06;35.80;-0.73;0.50;462;3;1;8;-0.37;0.37;0.37;0.00;0.00;-0.00;-0.01;-0.47;0.67;-0.98;17.54;-0.56;0.50;0.003;-100.00;-100.00;-0.52;-1.92
1595875795.728;6748;0.71;-0.96;369.61;0.51;-1.06;35.80;-0.73;0.50;462;3;1;8;-0.34;0.37;0.37;0.00;0.00;0.02;-0.01;-0.43;0.70;-0.97;14.56;-0.52;0.50;0.003;-100.00;-100.00;-0.52;-1.92
1595875795.828;6758;0.74;-0.96;367.38;0.51;-1.06;35.80;-0.73;0.50;462;3;1;8;-0.31;0.37;0.46;0.00;0.00;0.02;-0.00;-0.40;0.74;-0.96;11.82;-0.49;0.50;0.003;-100.00;-100.00;-0.52;-1.92
1595875795.928;6768;0.77;-0.95;365.12;0.94;-0.94;0.57;-0.30;0.50;462;4;1;8;-0.28;0.37;0.36;0.00;0.00;-0.02;-0.01;-0.37;0.78;-0.95;9.30;-0.45;0.50;0.003;-100.00;-100.00;-0.52;-1.92
1595875796.028;6778;0.81;-0.95;363.26;0.94;-0.94;0.57;-0.30;0.50;462;4;1;8;-0.24;0.38;0.36;0.00;0.00;-0.03;-0.02;-0.33;0.81;-0.95;7.01;-0.42;0.50;0.003;-100.00;-100.00;-0.52;-1.92
1595875796.129;6788;0.84;-0.94;361.44;0.94;-0.94;0.57;-0.30;0.50;462;4;1;8;-0.22;0.38;0.37;0.00;0.00;-0.01;0.03;-0.29;0.85;-0.94;4.93;-0.38;0.50;0.004;-100.00;-100.00;-0.52;-1.92
1595875796.228;6798;0.88;-0.94;359.85;0.94;-0.94;0.57;-0.30;0.50;462;4;1;8;-0.19;0.38;0.37;0.00;0.00;0.03;-0.03;-0.26;0.89;-0.94;3.04;-0.35;0.50;0.003;-100.00;-100.00;-0.52;-1.92
1595875796.328;6808;0.91;-0.95;358.45;0.94;-0.94;0.57;-0.30;0.50;462;4;1;8;-0.16;0.39;0.28;0.00;0.00;-0.00;-0.03;-0.23;0.90;-0.94;2.17;-0.33;0.50;0.003;-100.00;-100.00;-0.52;-1.92
1595875796.428;6818;0.95;-0.95;357.18;0.94;-0.94;0.57;-0.30;0.50;462;4;1;8;-0.13;0.39;0.37;0.00;0.00;-0.03;-0.04;-0.19;0.94;-0.94;0.57;-0.30;0.50;0.003;-100.00;-100.00;-0.52;-1.92
1595875796.528;6828;0.98;-0.95;356.23;0.94;-0.94;0.57;-0.30;0.50;462;4;1;8;-0.11;0.39;0.38;0.00;0.00;-0.01;-0.03;-0.16;0.94;-0.94;0.57;-0.30;0.50;0.003;-100.00;-100.00;-0.52;-1.92
1595875796.628;6838;1.02;-0.95;355.49;0.94;-0.94;0.57;-0.30;0.50;462;4;1;8;-0.10;0.38;0.28;0.00;0.00;0.01;-0.02;-0.12;0.94;-0.94;0.57;-0.30;0.50;0.003;-100.00;-100.00;-0.52;-1.92
1595875796.728;6848;1.05;-0.96;354.89;0.94;-0.94;0.57;-0.30;0.50;462;4;1;8;-0.09;0.37;0.38;0.00;0.00;0.00;-0.00;-0.11;0.94;-0.94;0.57;-0.30;0.50;0.003;-100.00;-100.00;-0.52;-1.92
1595875796.828;6858;1.09;-0.96;354.09;0.94;-0.94;0.57;-0.30;0.50;462;4;1;8;-0.07;0.35;0.37;0.00;0.00;-0.01;0.01;-0.10;0.94;-0.94;0.57;-0.30;0.50;0.003;-100.00;-100.00;-0.52;-1.92
1595875796.928;6868;1.12;-0.96;353.66;0.94;-0.94;0.57;-0.30;0.50;462;4;1;8;-0.07;0.33;0.27;0.00;0.00;-0.00;-0.02;-0.08;0.94;-0.94;0.57;-0.30;0.50;0.003;-100.00;-100.00;-0.52;-1.92
1595875797.028;6878;1.15;-0.97;353.44;0.94;-0.94;0.57;-0.30;0.50;462;4;1;8;-0.07;0.31;0.43;0.00;0.00;0.00;0.00;-0.09;0.94;-0.94;0.57;-0.30;0.50;0.003;-100.00;-100.00;-0.52;-1.92
1595875797.128;6888;1.18;-0.97;352.81;0.94;-0.94;0.57;-0.30;0.50;462;4;1;8;-0.06;0.29;0.33;0.00;0.00;0.02;0.01;-0.08;0.94;-0.94;0.57;-0.30;0.50;0.003;-100.00;-100.00;-0.52;-1.92
1595875797.228;6898;1.21;-0.98;352.53;0.94;-0.94;0.57;-0.30;0.50;462;4;1;8;-0.06;0.26;0.30;0.00;0.00;0.02;0.03;-0.08;0.94;-0.94;0.57;-0.30;0.50;0.003;-100.00;-100.00;-0.52;-1.92
1595875797.332;6908;1.23;-0.98;351.90;0.94;-0.94;0.57;-0.30;0.50;462;4;1;8;-0.04;0.23;0.35;0.00;0.00;-0.00;0.03;-0.08;0.94;-0.94;0.57;-0.30;0.50;0.007;-100.00;-100.00;-0.52;-1.92
1595875797.428;6918;1.25;-0.98;351.66;0.94;-0.94;0.57;-0.30;0.50;462;4;1;8;-0.04;0.20;0.25;0.00;0.00;-0.01;0.03;-0.05;0.94;-0.94;0.57;-0.30;0.50;0.003;-100.00;-100.00;-0.52;-1.92
1595875797.528;6928;1.27;-0.99;351.30;0.94;-0.94;0.57;-0.30;0.50;462;4;1;8;-0.03;0.17;0.24;0.00;0.00;-0.00;0.03;-0.04;0.94;-0.94;0.57;-0.30;0.50;0.003;-100.00;-100.00;-0.52;-1.92
1595875797.628;6938;1.29;-0.99;351.19;0.94;-0.94;0.57;-0.30;0.50;462;4;1;8;-0.03;0.14;0.20;0.00;0.00;0.01;0.03;-0.03;0.94;-0.94;0.57;-0.30;0.50;0.003;-100.00;-100.00;-0.52;-1.92
1595875797.728;6948;1.31;-0.99;350.92;0.94;-0.94;0.57;-0.30;0.50;462;4;1;8;-0.02;0.11;0.18;0.00;0.00;0.00;0.02;-0.03;0.94;-0.94;0.57;-0.30;0.50;0.003;-100.00;-100.00;-0.52;-1.92
1595875797.828;6958;1.32;-0.99;350.80;0.94;-0.94;0.57;-0.30;0.50;462;4;1;8;-0.02;0.08;0.14;0.00;0.00;0.00;0.00;-0.03;0.94;-0.94;0.57;-0.30;0.50;0.003;-100.00;-100.00;-0.52;-1.92
1595875797.928;6968;1.33;-1.00;350.65;0.94;-0.94;0.57;-0.30;0.50;462;4;1;8;-0.02;0.05;0.12;0.00;0.00;-0.00;0.01;-0.02;0.94;-0.94;0.57;-0.30;0.50;0.003;-100.00;-100.00;-0.52;-1.92
1595875798.028;6978;1.33;-1.00;350.60;0.94;-0.94;0.57;-0.30;0.50;462;4;1;8;-0.02;0.02;0.08;0.00;0.00;0.00;0.02;-0.01;0.94;-0.94;0.57;-0.30;0.50;0.003;-100.00;-100.00;-0.52;-1.92
1595875798.128;6988;1.34;-1.00;350.57;0.94;-0.94;0.57;-0.30;0.50;462;4;1;8;-0.02;-0.01;0.04;0.00;0.00;0.00;0.02;-0.01;0.94;-0.94;0.57;-0.30;0.50;0.003;-100.00;-100.00;-0.52;-1.92
1595875798.228;6998;1.34;-1.00;350.53;0.94;-0.94;0.57;-0.30;0.50;462;4;1;8;-0.02;-0.04;0.03;0.00;0.00;0.00;0.01;0.00;0.94;-0.94;0.57;-0.30;0.50;0.003;-100.00;-100.00;-0.52;-1.92
1595875798.328;7008;1.34;-1.00;350.61;0.94;-0.94;0.57;-0.30;0.50;462;4;1;8;-0.02;-0.07;0.01;0.00;0.00;0.00;0.02;0.01;0.94;-0.94;0.57;-0.30;0.50;0.003;-100.00;-100.00;-0.52;-1.92
1595875798.428;7018;1.33;-1.00;350.61;0.94;-0.94;0.57;-0.30;0.50;462;4;1;8;-0.02;-0.09;-0.01;0.00;0.00;0.00;0.01;-0.00;0.94;-0.94;0.57;-0.30;0.50;0.003;-100.00;-100.00;-0.52;-1.92
1595875798.528;7028;1.33;-1.00;350.67;0.94;-0.94;0.57;-0.30;0.50;462;4;1;8;-0.02;-0.11;-0.05;0.00;0.00;0.00;0.01;0.00;0.94;-0.94;0.57;-0.30;0.50;0.003;-100.00;-100.00;-0.52;-1.92
1595875798.628;7038;1.32;-1.00;350.59;0.94;-0.94;0.57;-0.30;0.50;462;4;1;8;-0.01;-0.14;-0.06;0.00;0.00;0.00;0.02;-0.00;0.94;-0.94;0.57;-0.30;0.50;0.003;-100.00;-100.00;-0.52;-1.92
1595875798.728;7048;1.31;-0.99;350.49;0.94;-0.94;0.57;-0.30;0.50;462;4;1;8;-0.00;-0.16;-0.09;0.00;0.00;0.00;0.00;0.00;0.94;-0.94;0.57;-0.30;0.50;0.003;-100.00;-100.00;-0.52;-1.92
1595875798.828;7058;1.30;-0.99;350.45;0.94;-0.94;0.57;-0.30;0.50;462;4;1;8;0.00;-0.17;-0.14;0.00;0.00;0.00;0.00;-0.01;0.94;-0.94;0.57;-0.30;0.50;0.003;-100.00;-100.00;-0.52;-1.92
1595875798.928;7068;1.29;-0.99;350.53;0.94;-0.94;0.57;-0.30;0.50;462;4;1;8;0.00;-0.19;-0.12;0.00;0.00;-0.01;0.00;-0.01;0.94;-0.94;0.57;-0.30;0.50;0.003;-100.00;-100.00;-0.52;-1.92
1595875799.028;7078;1.27;-0.99;350.46;0.94;-0.94;0.57;-0.30;0.50;462;4;1;8;0.01;-0.20;-0.15;0.00;0.00;0.01;-0.00;-0.01;0.94;-0.94;0.57;-0.30;0.50;0.003;-100.00;-100.00;-0.52;-1.92
1595875799.128;7088;1.26;-0.99;350.43;0.94;-0.94;0.57;-0.30;0.50;462;4;1;8;0.02;-0.21;-0.20;0.00;0.00;0.01;-0.01;-0.03;0.94;-0.94;0.57;-0.30;0.50;0.003;-100.00;-100.00;-0.52;-1.92
1595875799.228;7098;1.24;-0.98;350.17;0.94;-0.94;0.57;-0.30;0.50;462;4;1;8;0.04;-0.22;-0.17;0.00;0.00;0.02;-0.01;-0.03;0.94;-0.94;0.57;-0.30;0.50;0.003;-100.00;-100.00;-0.52;-1.92
1595875799.328;7108;1.22;-0.98;350.00;0.94;-0.94;0.57;-0.30;0.50;462;4;1;8;0.06;-0.22;-0.18;0.00;0.00;0.00;-0.01;-0.03;0.94;-0.94;0.57;-0.30;0.50;0.003;-100.00;-100.00;-0.52;-1.92
1595875799.428;7118;1.20;-0.98;349.79;0.94;-0.94;0.57;-0.30;0.50;462;4;1;8;0.07;-0.23;-0.24;0.00;0.00;-0.01;-0.02;-0.04;0.94;-0.94;0.57;-0.30;0.50;0.003;-100.00;-100.00;-0.52;-1.92
1595875799.528;7128;1.19;-0.97;349.53;0.94;-0.94;0.57;-0.30;0.50;462;4;1;8;0.09;-0.23;-0.20;0.00;0.00;-0.01;-0.01;-0.05;0.94;-0.94;0.57;-0.30;0.50;0.003;-100.00;-100.00;-0.52;-1.92
1595875799.628;7138;1.17;-0.97;349.22;0.94;-0.94;0.57;-0.30;0.50;462;4;1;8;0.11;-0.23;-0.21;0.00;0.00;-0.01;-0.00;-0.06;0.94;-0.94;0.57;-0.30;0.50;0.003;-100.00;-100.00;-0.52;-1.92
1595875799.728;7148;1.15;-0.97;348.82;0.94;-0.94;0.57;-0.30;0.50;462;4;1;8;0.14;-0.22;-0.26;0.00;0.00;-0.00;0.02;-0.07;0.94;-0.94;0.57;-0.30;0.50;0.003;-100.00;-100.00;-0.52;-1.92
1595875799.828;7158;1.13;-0.96;348.31;0.94;-0.94;0.57;-0.30;0.50;462;4;1;8;0.17;-0.22;-0.21;0.00;0.00;0.00;0.01;-0.09;0.94;-0.94;0.57;-0.30;0.50;0.003;-100.00;-100.00;-0.52;-1.92
1595875799.928;7168;1.11;-0.96;347.74;0.94;-0.94;0.57;-0.30;0.50;462;4;1;8;0.20;-0.21;-0.21;0.00;0.00;0.00;0.01;-0.11;0.94;-0.94;0.57;-0.30;0.50;0.003;-100.00;-100.00;-0.52;-1.92
1595875800.028;7178;1.09;-0.96;347.03;0.94;-0.94;0.57;-0.30;0.50;462;4;1;8;0.24;-0.21;-0.26;0.00;0.00;0.01;0.00;-0.12;0.94;-0.94;0.57;-0.30;0.50;0.003;-100.00;-100.00;-0.52;-1.92
1595875800.128;7188;1.08;-0.95;346.47;0.94;-0.94;0.57;-0.30;0.50;462;4;1;8;0.27;-0.20;-0.20;0.00;0.00;-0.00;0.01;-0.13;0.94;-0.94;0.57;-0.30;0.50;0.003;-100.00;-100.00;-0.52;-1.92
1595875800.228;7198;1.06;-0.95;345.41;0.94;-0.94;0.57;-0.30;0.50;462;4;1;8;0.32;-0.19;-0.20;0.00;0.00;-0.01;0.00;-0.15;0.94;-0.94;0.57;-0.30;0.50;0.003;-100.00;-100.00;-0.52;-1.92
1595875800.328;7208;1.04;-0.94;344.30;0.94;-0.94;0.57;-0.30;0.50;462;4;1;8;0.38;-0.18;-0.23;0.00;0.00;0.00;0.00;-0.18;0.94;-0.94;0.57;-0.30;0.50;0.003;-100.00;-100.00;-0.52;-1.92
1595875800.428;7218;1.03;-0.94;343.25;0.94;-0.94;0.57;-0.30;0.50;462;4;1;8;0.43;-0.17;-0.18;0.00;0.00;0.00;0.01;-0.19;0.94;-0.94;0.57;-0.30;0.50;0.003;-100.00;-100.00;-0.52;-1.92
1595875800.528;7228;1.02;-0.94;342.01;0.94;-0.94;0.57;-0.30;0.50;462;4;1;8;0.49;-0.16;-0.17;0.00;0.00;0.00;0.01;-0.22;0.94;-0.94;0.57;-0.30;0.50;0.003;-100.00;-100.00;-0.52;-1.92
1595875800.628;7238;1.00;-0.93;340.74;0.94;-0.94;0.57;-0.30;0.50;462;4;1;8;0.55;-0.15;-0.20;0.00;0.00;0.00;0.02;-0.23;0.94;-0.94;0.57;-0.30;0.50;0.003;-100.00;-100.00;-0.52;-1.92
1595875800.728;7248;0.99;-0.93;339.24;0.94;-0.94;0.57;-0.30;0.50;462;4;1;8;0.62;-0.14;-0.15;0.00;0.00;-0.01;-0.01;-0.24;0.94;-0.94;0.57;-0.30;0.50;0.003;-100.00;-100.00;-0.52;-1.92
1595875800.828;7258;0.98;-0.93;337.76;0.94;-0.94;0.57;-0.30;0.50;462;4;1;8;0.69;-0.13;-0.14;0.00;0.00;-0.01;-0.00;-0.27;0.94;-0.94;0.57;-0.30;0.50;0.003;-100.00;-100.00;-0.52;-1.92
1595875800.928;7268;0.97;-0.92;336.00;0.94;-0.94;0.57;-0.30;0.50;462;4;1;8;0.77;-0.12;-0.13;0.00;0.00;0.01;-0.01;-0.29;0.94;-0.94;0.57;-0.30;0.50;0.003;-100.00;-100.00;-0.52;-1.92
1595875801.028;7278;0.96;-0.92;334.24;0.94;-0.94;0.57;-0.30;0.50;462;4;1;8;0.79;-0.11;-0.12;0.00;0.00;0.01;-0.00;-0.31;0.94;-0.94;0.57;-0.30;0.50;0.003;-100.00;-100.00;-0.52;-1.92
1595875801.128;7288;0.95;-0.92;332.50;0.94;-0.94;0.57;-0.30;0.50;462;4;1;8;0.79;-0.10;-0.11;0.00;0.00;0.01;0.01;-0.30;0.94;-0.94;0.57;-0.30;0.50;0.003;-100.00;-100.00;-0.52;-1.92
1595875801.228;7298;0.94;-0.91;330.80;0.94;-0.94;0.57;-0.30;0.50;462;4;1;8;0.79;-0.09;-0.10;0.00;0.00;0.00;-0.00;-0.28;0.94;-0.94;0.57;-0.30;0.50;0.003;-100.00;-100.00;-0.52;-1.92
