t;frame;x;y;z;x_ref;y_ref;z_ref;delta_ref;u_ref;state;ellipse;control;action;delta;u;vx;vy;vz;wx;wy;wz;xr;yr;zr;delr;ur;obs1x;obs1y;obs2x;obs2y
1595606582.372;10;1.13;2.22;-2.42;0.95;2.35;0.00;0.00;-0.50;356;0;1;2;0.20;-0.04;0.00;0.00;0.00;0.00;0.00;0.00;0.95;2.35;0.00;0.00;-0.50;0.030;1.11;-0.38;1.38;-1.07
1595606582.453;18;1.13;2.22;-2.38;0.95;2.35;0.00;0.00;-0.50;356;0;1;2;0.21;-0.09;0.00;0.00;0.00;0.00;0.00;0.00;0.95;2.35;0.00;0.00;-0.50;0.012;1.11;-0.38;1.38;-1.07
1595606582.554;28;1.13;2.22;-2.45;0.95;2.35;0.00;0.00;-0.50;356;0;1;2;0.20;-0.13;-0.02;0.00;0.00;0.00;0.05;-0.01;0.95;2.35;0.00;0.00;-0.50;0.012;1.11;-0.38;1.38;-1.07
1595606582.654;38;1.12;2.22;-2.85;0.95;2.35;0.00;0.00;-0.50;356;0;1;2;0.18;-0.16;-0.04;0.00;0.00;0.00;0.01;-0.05;0.95;2.35;0.00;0.00;-0.50;0.012;1.11;-0.38;1.38;-1.07
1595606582.754;48;1.10;2.22;-3.32;0.95;2.35;0.00;0.00;-0.50;356;0;1;2;0.16;-0.20;-0.12;0.00;0.00;0.00;0.04;-0.07;0.95;2.35;0.00;0.00;-0.50;0.012;1.11;-0.38;1.38;-1.07
1595606582.854;58;1.09;2.22;-3.61;0.95;2.35;0.00;0.00;-0.50;356;0;1;2;0.14;-0.23;-0.14;0.00;0.00;0.01;0.01;-0.05;0.95;2.35;0.00;0.00;-0.50;0.012;1.11;-0.38;1.38;-1.07
1595606582.954;68;1.07;2.22;-3.88;0.95;2.35;0.00;0.00;-0.50;356;0;1;2;0.13;-0.25;-0.19;0.00;0.00;0.00;0.02;-0.06;0.95;2.35;0.00;0.00;-0.50;0.012;1.11;-0.38;1.38;-1.07
1595606583.054;78;1.05;2.22;-4.24;0.95;2.35;0.00;0.00;-0.50;356;0;1;2;0.11;-0.28;-0.21;0.00;0.00;-0.01;0.00;-0.07;0.95;2.35;0.00;0.00;-0.50;0.012;1.11;-0.38;1.38;-1.07
1595606583.154;88;1.02;2.22;-4.69;0.95;2.35;0.00;0.00;-0.50;356;0;1;2;0.08;-0.30;-0.25;0.00;0.00;-0.00;0.00;-0.07;0.95;2.35;0.00;0.00;-0.50;0.012;1.11;-0.38;1.38;-1.07
1595606583.254;98;1.00;2.22;-4.99;0.95;2.35;0.00;0.00;-0.50;356;0;1;2;0.06;-0.31;-0.26;0.00;0.00;0.02;-0.01;-0.06;0.95;2.35;0.00;0.00;-0.50;0.012;1.11;-0.38;1.38;-1.07
1595606583.354;108;0.97;2.23;-5.22;0.95;2.35;0.00;0.00;-0.50;356;0;1;2;0.05;-0.32;-0.28;0.00;0.00;-0.01;-0.04;-0.03;0.95;2.35;0.00;0.00;-0.50;0.012;1.11;-0.38;1.38;-1.07
1595606583.454;118;0.94;2.23;-5.46;0.85;2.35;-0.00;0.00;-0.50;356;1;1;2;0.03;-0.33;-0.31;0.00;0.00;0.00;-0.02;-0.03;0.94;2.35;-0.00;0.00;-0.50;0.012;1.11;-0.38;1.38;-1.07
1595606583.551;128;0.91;2.23;-5.62;0.85;2.35;-0.00;0.00;-0.50;356;1;1;2;0.01;-0.34;-0.31;0.00;0.00;-0.01;0.01;-0.02;0.91;2.35;-0.00;0.00;-0.50;0.009;1.11;-0.38;1.38;-1.07
1595606583.651;138;0.88;2.23;-5.86;0.85;2.35;-0.00;0.00;-0.50;356;1;1;2;-0.01;-0.35;-0.32;0.00;0.00;-0.00;0.00;-0.02;0.88;2.35;-0.00;0.00;-0.50;0.009;1.11;-0.38;1.38;-1.07
1595606583.767;149;0.85;2.24;-5.73;0.65;2.35;0.00;0.00;0.50;214;0;1;1;-0.00;-0.35;-0.33;0.00;0.00;0.01;0.00;0.02;0.85;2.35;-0.00;0.00;-0.50;0.015;1.11;-0.38;1.38;-1.07
1595606583.868;159;0.81;2.24;-5.46;0.95;2.35;-0.00;0.11;0.00;356;1;1;5;0.55;-0.31;-0.34;0.00;0.00;-0.01;0.01;0.02;0.82;2.35;0.00;0.00;0.50;0.014;1.11;-0.38;1.38;-1.07
1595606583.951;168;0.79;2.24;-6.42;1.14;2.37;13.57;0.65;0.50;356;2;1;5;0.18;-0.28;-0.34;0.00;0.00;-0.02;0.04;-0.16;0.95;2.35;0.04;0.18;0.07;0.009;1.11;-0.38;1.38;-1.07
1595606584.047;177;0.76;2.24;-9.35;1.14;2.37;13.57;0.65;0.50;356;2;1;5;0.23;-0.23;-0.33;0.00;0.00;0.00;0.04;-0.23;0.95;2.35;0.04;0.18;0.07;0.006;1.11;-0.38;1.38;-1.07
1595606584.147;187;0.74;2.24;-9.84;1.14;2.37;13.57;0.65;0.50;356;2;1;5;0.19;-0.18;-0.30;0.00;0.00;-0.02;0.00;-0.14;0.95;2.35;0.04;0.18;0.07;0.005;1.11;-0.38;1.38;-1.07
1595606584.248;197;0.72;2.25;-10.38;1.14;2.37;13.57;0.65;0.50;356;2;1;5;0.16;-0.13;-0.27;0.00;0.00;0.00;-0.01;-0.09;0.95;2.35;0.04;0.18;0.07;0.006;1.11;-0.38;1.38;-1.07
1595606584.348;207;0.71;2.25;-10.68;1.14;2.37;13.57;0.65;0.50;356;2;1;5;0.14;-0.08;-0.20;0.00;0.00;-0.00;-0.02;-0.05;0.95;2.35;0.04;0.18;0.07;0.006;1.11;-0.38;1.38;-1.07
1595606584.454;218;0.69;2.25;-11.11;1.14;2.37;13.57;0.65;0.50;356;2;1;5;0.13;-0.03;-0.15;0.00;0.00;0.01;-0.01;-0.01;0.95;2.35;0.04;0.18;0.07;0.012;1.11;-0.38;1.38;-1.07
1595606584.548;227;0.69;2.25;-11.08;1.14;2.37;13.57;0.65;0.50;356;2;1;5;0.11;0.02;-0.10;0.00;0.00;0.01;-0.03;0.01;0.95;2.35;0.04;0.18;0.07;0.006;1.11;-0.38;1.38;-1.07
1595606584.648;237;0.69;2.25;-10.82;1.14;2.37;13.57;0.65;0.50;356;2;1;5;0.10;0.06;-0.05;0.00;0.00;0.01;-0.01;0.02;0.95;2.35;0.04;0.18;0.07;0.006;1.11;-0.38;1.38;-1.07
1595606584.748;247;0.69;2.25;-10.78;1.14;2.37;13.57;0.65;0.50;356;2;1;5;0.10;0.10;-0.01;0.00;0.00;0.00;-0.02;0.02;0.95;2.35;0.04;0.18;0.07;0.006;1.10;-0.38;1.38;-1.07
1595606584.848;257;0.69;2.25;-10.59;1.14;2.37;13.57;0.65;0.50;356;2;1;5;0.11;0.14;0.03;0.00;0.00;-0.00;-0.01;0.01;0.95;2.35;0.04;0.18;0.07;0.006;1.08;-0.38;1.38;-1.07
1595606584.948;267;0.70;2.25;-10.54;1.14;2.37;13.57;0.65;0.50;356;2;1;5;0.13;0.18;0.05;0.00;0.00;-0.00;-0.02;0.04;0.95;2.35;0.04;0.18;0.07;0.006;1.07;-0.38;1.38;-1.07
1595606585.047;277;0.72;2.25;-9.79;1.14;2.37;13.57;0.65;0.50;356;2;1;5;0.13;0.21;0.11;0.00;0.00;-0.00;-0.02;0.07;0.95;2.35;0.04;0.18;0.07;0.005;1.05;-0.38;1.38;-1.07
1595606585.147;287;0.73;2.24;-9.55;1.14;2.37;13.57;0.65;0.50;356;2;1;5;0.16;0.24;0.15;0.00;0.00;0.01;-0.01;0.08;0.95;2.35;0.04;0.18;0.07;0.006;1.03;-0.38;1.38;-1.07
1595606585.248;297;0.75;2.24;-9.30;1.14;2.37;13.57;0.65;0.50;356;2;1;5;0.20;0.27;0.18;0.00;0.00;0.00;-0.02;0.09;0.95;2.35;0.04;0.18;0.07;0.006;1.00;-0.38;1.38;-1.07
1595606585.347;307;0.77;2.24;-8.39;1.14;2.37;13.57;0.65;0.50;356;2;1;5;0.22;0.29;0.22;0.00;0.00;0.02;-0.04;0.14;0.95;2.35;0.04;0.18;0.07;0.005;0.98;-0.38;1.38;-1.07
1595606585.447;317;0.79;2.23;-7.51;1.14;2.37;13.57;0.65;0.50;356;2;1;5;0.24;0.30;0.24;0.00;0.00;0.01;-0.02;0.16;0.95;2.35;0.04;0.18;0.07;0.006;0.95;-0.38;1.38;-1.07
1595606585.548;327;0.82;2.23;-6.40;1.14;2.37;13.57;0.65;0.50;356;2;1;5;0.26;0.31;0.27;0.00;0.00;0.02;0.00;0.17;0.95;2.35;0.04;0.18;0.07;0.006;0.92;-0.38;1.38;-1.07
1595606585.648;337;0.85;2.23;-5.15;1.14;2.37;13.57;0.65;0.50;356;2;1;5;0.28;0.32;0.29;0.00;0.00;0.00;0.00;0.21;0.95;2.35;0.04;0.18;0.07;0.006;0.89;-0.38;1.38;-1.07
1595606585.748;348;0.88;2.22;-3.68;1.14;2.37;13.57;0.65;0.50;356;2;1;5;0.30;0.32;0.30;0.00;0.00;0.00;0.02;0.24;0.95;2.35;0.04;0.18;0.07;0.006;0.86;-0.38;1.38;-1.07
1595606585.848;357;0.90;2.22;-2.34;1.14;2.37;13.57;0.65;0.50;356;2;1;5;0.31;0.32;0.31;0.00;0.00;0.01;-0.00;0.28;0.95;2.35;0.04;0.18;0.07;0.006;0.83;-0.38;1.38;-1.07
1595606585.948;367;0.93;2.22;-0.64;1.14;2.37;13.57;0.65;0.50;356;2;1;5;0.31;0.31;0.31;0.00;0.00;0.01;0.01;0.29;0.95;2.35;0.04;0.18;0.07;0.006;0.80;-0.38;1.38;-1.07
1595606586.047;377;0.96;2.22;0.98;1.14;2.37;13.57;0.65;0.50;356;2;1;5;0.38;0.30;0.31;0.00;0.00;0.01;0.03;0.28;0.97;2.35;0.39;0.27;0.15;0.005;0.77;-0.38;1.38;-1.07
1595606586.147;387;0.99;2.22;2.73;1.14;2.37;13.57;0.65;0.50;356;2;1;5;0.43;0.30;0.23;0.00;0.00;-0.01;0.03;0.34;0.98;2.35;1.05;0.33;0.21;0.005;0.76;-0.38;1.38;-1.07
1595606586.248;397;1.01;2.22;5.08;1.45;2.58;54.67;0.68;0.50;356;3;1;5;0.45;0.29;0.37;0.00;0.00;0.02;0.02;0.38;1.01;2.35;2.20;0.40;0.27;0.006;0.76;-0.38;1.38;-1.07
1595606586.345;407;1.04;2.22;7.21;1.45;2.58;54.67;0.68;0.50;356;3;1;5;0.27;0.30;0.29;0.00;0.00;0.02;0.03;0.38;1.02;2.35;3.30;0.44;0.31;0.003;0.76;-0.38;1.38;-1.07
1595606586.445;417;1.06;2.23;9.24;1.45;2.58;54.67;0.68;0.50;356;3;1;5;0.30;0.30;0.29;0.00;0.00;0.01;0.02;0.28;1.04;2.35;4.72;0.49;0.35;0.003;0.77;-0.39;1.38;-1.07
1595606586.545;427;1.09;2.23;10.49;1.45;2.58;54.67;0.68;0.50;356;3;1;5;0.38;0.31;0.29;0.00;0.00;0.00;-0.00;0.26;1.07;2.35;6.50;0.53;0.39;0.003;0.78;-0.39;1.38;-1.07
1595606586.645;437;1.11;2.23;12.39;1.45;2.58;54.67;0.68;0.50;356;3;1;5;0.44;0.32;0.29;0.00;0.00;-0.01;-0.00;0.32;1.09;2.36;8.68;0.57;0.43;0.003;0.80;-0.39;1.38;-1.07
1595606586.745;447;1.14;2.24;14.51;1.45;2.58;54.67;0.68;0.50;356;3;1;5;0.50;0.33;0.29;0.00;0.00;-0.01;0.02;0.41;1.12;2.36;11.29;0.62;0.47;0.003;0.83;-0.39;1.38;-1.07
1595606586.845;457;1.17;2.25;17.43;1.45;2.58;54.67;0.68;0.50;356;3;1;5;0.50;0.34;0.31;0.00;0.00;0.01;0.00;0.49;1.13;2.37;12.78;0.64;0.49;0.003;0.86;-0.39;1.38;-1.07
1595606586.945;467;1.19;2.26;20.55;1.45;2.58;54.67;0.68;0.50;356;3;1;5;0.51;0.35;0.31;0.00;0.00;0.00;-0.03;0.54;1.16;2.37;15.98;0.65;0.50;0.003;0.89;-0.38;1.38;-1.07
1595606587.045;477;1.22;2.27;23.69;1.45;2.58;54.67;0.68;0.50;356;3;1;5;0.48;0.35;0.32;0.00;0.00;0.01;-0.01;0.56;1.18;2.38;17.60;0.65;0.50;0.003;0.93;-0.37;1.38;-1.07
1595606587.145;487;1.25;2.28;27.16;1.45;2.58;54.67;0.68;0.50;356;3;1;5;0.47;0.36;0.34;0.00;0.00;-0.00;-0.02;0.56;1.21;2.39;20.85;0.66;0.50;0.003;0.97;-0.35;1.38;-1.07
1595606587.260;499;1.28;2.30;30.89;1.55;2.95;90.00;-0.00;0.37;393;0;1;7;0.44;0.36;0.34;0.00;0.00;0.01;-0.01;0.56;1.22;2.40;22.48;0.66;0.50;0.015;1.02;-0.32;1.38;-1.07
1595606587.362;509;1.30;2.31;33.92;1.55;2.95;90.00;-0.00;0.37;393;0;1;7;0.79;0.43;0.35;0.00;0.00;0.03;-0.01;0.53;1.55;2.95;90.00;-0.00;0.37;0.020;1.06;-0.29;1.38;-1.07
1595606587.465;519;1.33;2.33;37.25;1.55;2.95;90.00;-0.00;0.37;393;0;1;7;0.79;0.49;0.35;0.00;0.00;-0.00;-0.01;0.72;1.55;2.95;90.00;-0.00;0.37;0.023;1.09;-0.26;1.38;-1.07
1595606587.565;529;1.36;2.35;45.12;1.55;2.95;90.00;-0.00;0.37;393;0;1;7;0.79;0.50;0.38;0.00;0.00;0.03;-0.01;1.15;1.55;2.95;90.00;-0.00;0.37;0.023;1.12;-0.22;1.38;-1.07
1595606587.665;539;1.38;2.38;53.86;1.55;2.95;90.00;-0.00;0.37;393;0;1;7;0.79;0.50;0.45;0.00;0.00;0.01;0.00;1.43;1.55;2.95;90.00;-0.00;0.37;0.023;1.13;-0.18;1.38;-1.07
1595606587.757;548;1.41;2.41;62.26;1.55;2.95;90.00;-0.00;0.37;393;0;1;7;0.67;0.50;0.48;0.00;0.00;0.00;0.06;1.56;1.55;2.95;90.00;-0.00;0.37;0.015;1.14;-0.14;1.38;-1.07
1595606587.853;558;1.43;2.45;70.78;1.55;2.95;90.00;-0.00;0.37;393;0;1;7;0.38;0.50;0.49;0.00;0.00;0.03;-0.01;1.47;1.55;2.95;90.00;-0.00;0.37;0.011;1.15;-0.09;1.38;-1.07
1595606587.954;568;1.45;2.49;77.93;1.55;2.95;90.00;-0.00;0.37;393;0;1;7;0.14;0.50;0.49;0.00;0.00;0.03;0.02;1.10;1.55;2.95;90.00;-0.00;0.37;0.012;1.15;-0.05;1.38;-1.07
1595606588.053;578;1.46;2.53;80.51;1.55;2.95;90.00;-0.00;0.37;393;0;1;7;0.07;0.50;0.49;0.00;0.00;0.03;0.03;0.61;1.55;2.95;90.00;-0.00;0.37;0.011;1.15;-0.01;1.38;-1.07
1595606588.153;588;1.46;2.58;81.18;1.55;2.95;90.00;-0.00;0.37;393;0;1;7;0.07;0.50;0.49;0.00;0.00;-0.00;0.02;0.21;1.55;2.95;90.00;-0.00;0.37;0.011;1.14;0.03;1.38;-1.07
1595606588.253;598;1.47;2.62;81.46;1.55;2.95;90.00;-0.00;0.37;393;0;1;7;0.09;0.50;0.49;0.00;0.00;-0.01;0.03;0.14;1.55;2.95;90.00;-0.00;0.37;0.011;1.14;0.07;1.38;-1.07
1595606588.360;609;1.48;2.67;82.40;1.55;2.95;90.00;-0.00;0.37;393;0;1;7;0.08;0.50;0.49;0.00;0.00;-0.00;0.02;0.15;1.55;2.95;90.00;-0.00;0.37;0.018;1.13;0.11;1.38;-1.07
1595606588.466;619;1.49;2.71;83.20;1.55;2.95;90.00;-0.00;0.37;393;0;1;7;0.08;0.50;0.49;0.00;0.00;0.03;-0.01;0.13;1.55;2.95;90.00;-0.00;0.37;0.023;1.12;0.15;1.38;-1.07
1595606588.566;629;1.49;2.75;83.78;1.55;2.95;90.00;-0.00;0.37;393;0;1;7;0.08;0.50;0.49;0.00;0.00;0.02;0.00;0.12;1.55;2.95;90.00;-0.00;0.37;0.023;1.10;0.19;1.38;-1.07
1595606588.665;639;1.49;2.80;84.67;1.55;2.95;90.00;-0.00;0.37;393;0;1;7;0.07;0.50;0.49;0.00;0.00;-0.04;-0.01;0.14;1.55;2.95;90.00;-0.00;0.37;0.023;1.09;0.23;1.38;-1.07
1595606588.766;649;1.50;2.84;85.97;1.55;2.95;90.00;-0.00;0.37;393;0;1;7;0.05;0.50;0.49;0.00;0.00;-0.02;0.01;0.14;1.55;2.95;90.00;-0.00;0.37;0.023;1.07;0.26;1.38;-1.07
1595606588.866;659;1.50;2.89;85.95;1.50;3.33;114.90;0.79;0.50;393;1;1;7;0.07;0.50;0.37;0.00;0.00;0.00;-0.01;0.12;1.55;2.95;90.00;-0.00;0.37;0.023;1.05;0.30;1.38;-1.07
1595606588.960;669;1.50;2.93;86.63;1.50;3.33;114.90;0.79;0.50;393;1;1;7;0.06;0.50;0.49;0.00;0.00;0.01;-0.02;0.12;1.55;2.95;90.00;-0.00;0.37;0.018;1.03;0.33;1.38;-1.07
1595606589.060;679;1.51;2.97;87.30;1.50;3.33;114.90;0.79;0.50;393;1;1;7;0.15;0.49;0.49;0.00;0.00;0.02;-0.01;0.11;1.55;2.96;90.02;0.03;0.37;0.018;1.00;0.36;1.38;-1.07
1595606589.154;688;1.51;3.01;88.10;1.50;3.33;114.90;0.79;0.50;393;1;1;7;0.22;0.49;0.37;0.00;0.00;-0.02;-0.01;0.15;1.55;3.01;90.40;0.13;0.39;0.012;0.98;0.39;1.38;-1.07
1595606589.251;698;1.51;3.06;90.07;1.50;3.33;114.90;0.79;0.50;393;1;1;7;0.27;0.48;0.49;0.00;0.00;0.00;0.01;0.25;1.55;3.05;91.33;0.22;0.40;0.009;0.95;0.42;1.38;-1.07
1595606589.351;708;1.51;3.10;92.20;1.50;3.33;114.90;0.79;0.50;393;1;1;7;0.34;0.48;0.48;0.00;0.00;0.01;0.02;0.39;1.55;3.09;92.95;0.32;0.42;0.009;0.93;0.44;1.38;-1.07
1595606589.451;718;1.50;3.14;94.99;1.50;3.33;114.90;0.79;0.50;393;1;1;7;0.42;0.48;0.48;0.00;0.00;0.01;0.04;0.50;1.55;3.14;95.36;0.41;0.44;0.009;0.89;0.46;1.38;-1.07
1595606589.554;728;1.50;3.18;98.33;1.50;3.33;114.90;0.79;0.50;393;1;1;7;0.50;0.47;0.48;0.00;0.00;0.01;0.00;0.60;1.54;3.19;98.71;0.51;0.45;0.012;0.86;0.48;1.38;-1.07
1595606589.652;738;1.49;3.23;102.65;1.14;3.57;176.23;0.79;0.50;393;2;1;7;0.58;0.47;0.47;0.00;0.00;-0.01;0.02;0.69;1.53;3.24;103.10;0.60;0.47;0.010;0.83;0.50;1.38;-1.07
1595606589.754;748;1.48;3.27;107.69;1.14;3.57;176.23;0.79;0.50;393;2;1;7;0.70;0.47;0.47;0.00;0.00;-0.05;0.01;0.84;1.52;3.27;106.67;0.67;0.48;0.012;0.79;0.51;1.38;-1.07
1595606589.854;758;1.47;3.31;113.92;1.14;3.57;176.23;0.79;0.50;393;2;1;7;0.78;0.47;0.47;0.00;0.00;-0.00;0.01;1.12;1.50;3.32;113.09;0.76;0.50;0.012;0.76;0.53;1.38;-1.07
1595606589.951;768;1.45;3.34;121.64;1.14;3.57;176.23;0.79;0.50;393;2;1;7;0.69;0.46;0.46;0.00;0.00;0.03;0.01;1.29;1.49;3.35;118.00;0.79;0.50;0.009;0.73;0.54;1.38;-1.07
1595606590.047;777;1.43;3.37;128.99;1.14;3.57;176.23;0.79;0.50;393;2;1;7;0.65;0.46;0.47;0.00;0.00;0.01;0.02;1.33;1.46;3.40;125.43;0.79;0.50;0.006;0.69;0.54;1.38;-1.07
1595606590.147;787;1.41;3.40;135.77;1.14;3.57;176.23;0.79;0.50;393;2;1;7;0.59;0.45;0.46;0.00;0.00;0.03;-0.01;1.20;1.44;3.43;130.39;0.79;0.50;0.005;0.66;0.55;1.38;-1.07
1595606590.248;797;1.38;3.43;142.03;1.14;3.57;176.23;0.79;0.50;393;2;1;7;0.55;0.44;0.45;0.00;0.00;-0.01;0.04;1.06;1.41;3.45;135.35;0.79;0.50;0.006;0.63;0.56;1.38;-1.07
1595606590.348;807;1.35;3.46;147.05;1.14;3.57;176.23;0.79;0.50;393;2;1;7;0.60;0.44;0.45;0.00;0.00;0.01;0.01;0.93;1.37;3.49;142.78;0.79;0.50;0.006;0.60;0.56;1.38;-1.07
1595606590.447;817;1.32;3.48;152.07;1.14;3.57;176.23;0.79;0.50;393;2;1;7;0.60;0.44;0.44;0.00;0.00;0.00;-0.00;0.92;1.34;3.51;147.73;0.79;0.50;0.005;0.56;0.56;1.38;-1.07
1595606590.547;827;1.29;3.49;157.69;1.14;3.57;176.23;0.79;0.50;393;2;1;7;0.58;0.43;0.43;0.00;0.00;-0.04;0.02;0.94;1.31;3.53;152.69;0.79;0.50;0.006;0.53;0.56;1.38;-1.07
1595606590.647;837;1.25;3.51;163.03;1.14;3.57;176.23;0.79;0.50;393;2;1;7;0.62;0.43;0.43;0.00;0.00;-0.00;0.00;0.94;1.26;3.55;160.12;0.79;0.50;0.005;0.49;0.55;1.38;-1.07
1595606590.747;847;1.22;3.52;168.59;0.76;3.39;234.20;0.73;0.50;393;3;1;7;0.59;0.43;0.43;0.00;0.00;0.03;-0.04;0.95;1.22;3.56;165.08;0.79;0.50;0.005;0.45;0.55;1.38;-1.07
1595606590.845;857;1.18;3.53;173.61;0.76;3.39;234.20;0.73;0.50;393;3;1;7;0.67;0.43;0.42;0.00;0.00;0.01;-0.02;0.93;1.19;3.57;170.03;0.79;0.50;0.003;0.41;0.55;1.38;-1.07
1595606590.945;867;1.14;3.53;179.21;0.76;3.39;234.20;0.73;0.50;393;3;1;7;0.65;0.42;0.43;0.00;0.00;0.03;-0.03;1.00;1.15;3.57;174.99;0.79;0.50;0.003;0.37;0.54;1.38;-1.07
1595606591.045;877;1.11;3.54;185.41;0.76;3.39;234.20;0.73;0.50;393;3;1;7;0.63;0.42;0.43;0.00;0.00;0.01;0.04;1.04;1.10;3.57;182.39;0.78;0.50;0.003;0.33;0.54;1.38;-1.07
1595606591.145;887;1.07;3.53;191.45;0.76;3.39;234.20;0.73;0.50;393;3;1;7;0.58;0.42;0.42;0.00;0.00;0.03;0.02;1.05;1.06;3.57;187.26;0.78;0.50;0.003;0.29;0.54;1.38;-1.07
1595606591.245;897;1.03;3.53;197.26;0.76;3.39;234.20;0.73;0.50;393;3;1;7;0.54;0.41;0.42;0.00;0.00;0.03;0.01;1.00;1.03;3.57;192.10;0.77;0.50;0.003;0.26;0.54;1.38;-1.07
1595606591.345;907;1.00;3.52;202.43;0.76;3.39;234.20;0.73;0.50;393;3;1;7;0.52;0.41;0.42;0.00;0.00;-0.03;-0.01;0.89;0.99;3.56;196.88;0.77;0.50;0.003;0.22;0.55;1.38;-1.07
1595606591.445;917;0.96;3.51;206.92;0.76;3.39;234.20;0.73;0.50;393;3;1;7;0.53;0.41;0.41;0.00;0.00;-0.02;0.03;0.82;0.96;3.54;201.63;0.76;0.50;0.003;0.18;0.56;1.38;-1.07
1595606591.545;927;0.93;3.50;211.53;0.76;3.39;234.20;0.73;0.50;393;3;1;7;0.52;0.40;0.41;0.00;0.00;0.01;-0.00;0.81;0.92;3.53;206.33;0.76;0.50;0.003;0.15;0.58;1.38;-1.07
1595606591.645;937;0.90;3.48;216.41;0.76;3.39;234.20;0.73;0.50;393;3;1;7;0.55;0.40;0.40;0.00;0.00;0.02;-0.00;0.78;0.88;3.50;213.30;0.75;0.50;0.003;0.11;0.59;1.38;-1.07
1595606591.745;947;0.87;3.46;220.44;0.76;3.39;234.20;0.73;0.50;393;3;1;7;0.56;0.41;0.40;0.00;0.00;0.00;-0.01;0.79;0.85;3.48;217.90;0.75;0.50;0.003;0.07;0.61;1.38;-1.07
1595606591.845;957;0.85;3.44;225.35;0.76;3.39;234.20;0.73;0.50;393;3;1;7;0.53;0.41;0.40;0.00;0.00;0.03;-0.02;0.81;0.82;3.46;222.45;0.74;0.50;0.003;0.03;0.63;1.38;-1.07
1595606591.945;967;0.82;3.41;229.93;0.76;3.39;234.20;0.73;0.50;393;3;1;7;0.52;0.41;0.40;0.00;0.00;0.03;0.02;0.80;0.79;3.43;226.96;0.74;0.50;0.003;0.00;0.65;1.38;-1.07
1595606592.045;977;0.80;3.39;234.54;0.76;3.39;234.20;0.73;0.50;393;3;1;7;0.50;0.41;0.40;0.00;0.00;0.00;0.03;0.78;0.77;3.40;231.43;0.73;0.50;0.003;-0.03;0.68;1.38;-1.07
1595606592.145;987;0.78;3.36;239.02;0.76;3.39;234.20;0.73;0.50;393;3;1;7;0.48;0.41;0.41;0.00;0.00;0.02;-0.00;0.74;0.75;3.38;235.84;0.72;0.50;0.003;-0.06;0.71;1.38;-1.07
1595606592.245;997;0.76;3.33;242.61;0.76;3.39;234.20;0.73;0.50;393;3;1;7;0.46;0.42;0.41;0.00;0.00;0.01;0.00;0.71;0.73;3.35;240.01;0.68;0.50;0.003;-0.09;0.74;1.38;-1.07
1595606592.345;1007;0.75;3.29;246.84;0.76;3.39;234.20;0.73;0.50;393;3;1;7;0.41;0.42;0.41;0.00;0.00;-0.01;-0.02;0.69;0.71;3.31;243.90;0.65;0.50;0.003;-0.11;0.77;1.38;-1.07
1595606592.461;1019;0.73;3.25;251.35;0.65;2.84;-95.04;-0.49;0.50;176;1;1;6;0.36;0.42;0.41;0.00;0.00;0.00;0.03;0.64;0.70;3.28;247.52;0.61;0.50;0.015;-0.13;0.81;1.38;-1.07
1595606592.551;1028;0.72;3.22;254.22;0.65;2.84;-95.04;-0.49;0.50;176;1;1;6;0.79;0.43;0.41;0.00;0.00;0.01;-0.03;0.56;0.65;2.95;-90.00;-0.05;0.05;0.009;-0.15;0.85;1.38;-1.07
1595606592.651;1038;0.71;3.18;258.02;0.65;2.84;-95.04;-0.49;0.50;176;1;1;6;0.76;0.43;0.41;0.00;0.00;0.00;0.00;0.69;0.65;2.95;-90.00;-0.05;0.05;0.009;-0.16;0.88;1.38;-1.07
1595606592.751;1048;0.71;3.15;266.25;0.65;2.84;-95.04;-0.49;0.50;176;1;1;6;0.38;0.44;0.42;0.00;0.00;0.02;-0.01;1.14;0.65;2.95;-90.00;-0.05;0.05;0.009;-0.17;0.92;1.38;-1.07
1595606592.851;1058;0.71;3.11;272.97;0.59;2.63;-116.21;-0.75;0.50;176;2;1;6;0.05;0.44;0.42;0.00;0.00;0.02;0.01;1.02;0.65;2.95;-90.00;-0.05;0.05;0.009;-0.18;0.96;1.38;-1.07
1595606592.947;1067;0.71;3.08;274.68;0.59;2.63;-116.21;-0.75;0.50;176;2;1;6;0.09;0.44;0.43;0.00;0.00;0.01;0.01;0.38;0.65;2.95;-90.00;-0.05;0.05;0.006;-0.19;1.00;1.38;-1.07
1595606593.047;1077;0.71;3.04;274.83;0.59;2.63;-116.21;-0.75;0.50;176;2;1;6;-0.03;0.44;0.43;0.00;0.00;0.01;0.01;0.21;0.65;2.95;-90.00;-0.05;0.05;0.005;-0.19;1.04;1.38;-1.07
1595606593.147;1087;0.72;3.00;275.32;0.59;2.63;-116.21;-0.75;0.50;176;2;1;6;-0.17;0.44;0.44;0.00;0.00;0.05;0.01;0.08;0.65;2.95;-90.00;-0.05;0.05;0.005;-0.19;1.08;1.38;-1.07
1595606593.247;1097;0.72;2.96;274.81;0.59;2.63;-116.21;-0.75;0.50;176;2;1;6;-0.27;0.42;0.43;0.00;0.00;-0.02;0.02;-0.08;0.65;2.95;-90.00;-0.05;0.05;0.005;-0.19;1.13;1.38;-1.07
1595606593.347;1107;0.72;2.91;273.44;0.46;2.47;-142.23;-0.70;0.50;176;3;1;6;-0.50;0.42;0.43;0.00;0.00;-0.01;0.03;-0.19;0.65;2.92;-90.80;-0.27;0.28;0.005;-0.19;1.17;1.38;-1.07
1595606593.445;1117;0.73;2.88;271.05;0.46;2.47;-142.23;-0.70;0.50;176;3;1;6;-0.54;0.43;0.42;0.00;0.00;-0.00;-0.04;-0.41;0.65;2.88;-92.60;-0.39;0.40;0.003;-0.19;1.22;1.38;-1.07
1595606593.545;1127;0.73;2.83;266.80;0.46;2.47;-142.23;-0.70;0.50;176;3;1;6;-0.57;0.44;0.42;0.00;0.00;0.02;-0.01;-0.66;0.65;2.84;-95.20;-0.49;0.50;0.003;-0.19;1.26;1.38;-1.07
1595606593.645;1137;0.73;2.79;261.95;0.46;2.47;-142.23;-0.70;0.50;176;3;1;6;-0.53;0.45;0.43;0.00;0.00;-0.01;0.00;-0.79;0.64;2.81;-97.69;-0.53;0.50;0.003;-0.19;1.31;1.38;-1.07
1595606593.745;1147;0.72;2.75;256.61;0.26;2.37;-163.22;-0.54;0.50;176;4;1;6;-0.51;0.46;0.43;0.00;0.00;-0.04;-0.01;-0.85;0.64;2.76;-101.39;-0.58;0.50;0.003;-0.20;1.36;1.38;-1.07
1595606593.843;1157;0.71;2.71;252.24;0.26;2.37;-163.22;-0.54;0.50;176;4;1;6;-0.47;0.46;0.44;0.00;0.00;0.03;0.04;-0.81;0.63;2.73;-104.46;-0.62;0.50;0.001;-0.20;1.40;1.38;-1.07
1595606593.943;1167;0.70;2.66;247.59;0.26;2.37;-163.22;-0.54;0.50;176;4;1;6;-0.51;0.47;0.45;0.00;0.00;-0.04;-0.03;-0.77;0.62;2.69;-108.98;-0.68;0.50;0.001;-0.20;1.45;1.38;-1.07
1595606594.042;1177;0.68;2.62;243.35;0.26;2.37;-163.22;-0.54;0.50;176;4;1;6;-0.57;0.47;0.45;0.00;0.00;-0.01;-0.02;-0.76;0.60;2.66;-112.72;-0.72;0.50;0.001;-0.20;1.49;1.38;-1.07
1595606594.142;1187;0.66;2.58;238.66;0.26;2.37;-163.22;-0.54;0.50;176;4;1;6;-0.64;0.48;0.46;0.00;0.00;0.01;-0.02;-0.85;0.58;2.62;-118.14;-0.75;0.50;0.001;-0.20;1.54;1.38;-1.07
1595606594.243;1197;0.63;2.54;232.82;0.26;2.37;-163.22;-0.54;0.50;176;4;1;6;-0.62;0.48;0.47;0.00;0.00;-0.02;0.03;-0.98;0.56;2.58;-123.59;-0.73;0.50;0.001;-0.20;1.58;1.38;-1.07
1595606594.343;1207;0.60;2.50;226.77;0.26;2.37;-163.22;-0.54;0.50;176;4;1;6;-0.57;0.48;0.47;0.00;0.00;0.01;-0.01;-1.03;0.54;2.56;-127.60;-0.73;0.50;0.001;-0.20;1.63;1.38;-1.07
1595606594.443;1217;0.57;2.47;221.00;0.26;2.37;-163.22;-0.54;0.50;176;4;1;6;-0.54;0.48;0.47;0.00;0.00;0.03;0.02;-1.01;0.52;2.52;-132.84;-0.72;0.50;0.001;-0.20;1.68;1.38;-1.07
1595606594.543;1227;0.54;2.44;215.25;0.05;2.34;-179.43;-0.47;0.50;176;5;1;6;-0.51;0.47;0.48;0.00;0.00;-0.01;-0.00;-0.96;0.48;2.49;-137.96;-0.70;0.50;0.001;-0.20;1.72;1.38;-1.07
1595606594.642;1237;0.50;2.41;210.05;0.05;2.34;-179.43;-0.47;0.50;176;5;0;6;-0.51;0.47;0.47;0.00;0.00;-0.01;0.02;-0.85;0.46;2.47;-141.74;-0.70;0.50;0.001;-0.20;1.77;1.38;-1.07
1595606594.742;1247;0.46;2.38;205.30;0.05;2.34;-179.43;-0.47;0.50;176;5;0;6;-0.51;0.47;0.47;0.00;0.00;-0.00;0.08;-0.83;0.42;2.45;-146.58;-0.67;0.50;0.001;-0.20;1.82;1.38;-1.07
1595606594.842;1257;0.45;2.37;202.96;0.05;2.34;-179.43;-0.47;0.50;176;5;0;6;-0.51;0.47;0.29;0.00;0.00;-0.04;0.04;-0.27;0.41;2.43;-148.89;-0.65;0.50;0.001;-0.20;1.86;1.38;-1.07
1595606594.942;1267;0.45;2.38;203.33;0.05;2.34;-179.43;-0.47;0.50;176;5;0;6;-0.51;0.47;0.08;0.00;0.00;0.03;-0.08;-0.03;0.41;2.44;-147.75;-0.66;0.50;0.001;-0.20;1.91;1.38;-1.07
1595606595.042;1277;0.45;2.37;203.38;0.05;2.34;-179.43;-0.47;0.50;176;5;0;6;-0.51;0.47;0.02;0.00;0.00;-0.01;-0.00;0.01;0.41;2.44;-147.75;-0.66;0.50;0.001;-0.20;1.95;1.38;-1.07
1595606595.142;1287;0.45;2.37;203.49;0.05;2.34;-179.43;-0.47;0.50;176;5;0;6;-0.51;0.47;0.00;0.00;0.00;-0.00;-0.00;0.01;0.41;2.44;-147.75;-0.66;0.50;0.001;-0.20;2.00;1.38;-1.07
1595606595.242;1297;0.45;2.37;203.45;0.05;2.34;-179.43;-0.47;0.50;176;5;0;6;-0.51;0.47;0.00;0.00;0.00;0.00;0.00;0.00;0.41;2.44;-147.75;-0.66;0.50;0.001;-0.20;2.05;1.38;-1.07
1595606595.348;1307;0.45;2.37;203.50;0.35;2.35;180.00;-0.00;0.50;1038;0;1;0;-0.51;0.47;0.00;0.00;0.00;0.00;0.00;0.01;0.41;2.44;-147.75;-0.66;0.50;0.002;-0.20;2.09;1.38;-1.07
1595606595.447;1317;0.45;2.37;203.63;0.35;2.35;180.00;-0.00;0.50;1038;0;0;0;-0.51;0.47;0.00;0.00;0.00;0.00;0.00;0.01;0.35;2.35;180.00;-0.00;0.50;0.004;-0.20;2.14;1.38;-1.07
1595606595.547;1327;0.45;2.37;203.57;0.35;2.35;180.00;-0.00;0.50;1038;0;0;0;-0.51;0.47;0.00;0.00;0.00;0.00;0.00;0.01;0.35;2.35;180.00;-0.00;0.50;0.005;-0.20;2.18;1.38;-1.07
1595606595.647;1337;0.45;2.37;203.67;0.35;2.35;180.00;-0.00;0.50;1038;0;0;0;-0.51;0.47;0.00;0.00;0.00;0.00;0.00;0.01;0.35;2.35;180.00;-0.00;0.50;0.004;-0.21;2.22;1.38;-1.07
1595606595.744;1347;0.45;2.37;203.70;0.35;2.35;180.00;-0.00;0.50;1038;0;0;0;-0.51;0.47;0.00;0.00;0.00;0.00;0.00;0.01;0.35;2.35;180.00;-0.00;0.50;0.002;-0.21;2.26;1.38;-1.07
1595606595.844;1357;0.45;2.37;203.63;0.35;2.35;180.00;-0.00;0.50;1038;0;0;0;-0.51;0.47;0.00;0.00;0.00;0.00;0.00;0.01;0.35;2.35;180.00;-0.00;0.50;0.002;-0.21;2.29;1.38;-1.07
1595606595.944;1367;0.45;2.37;203.71;0.35;2.35;180.00;-0.00;0.50;1038;0;0;0;-0.51;0.47;0.00;0.00;0.00;0.00;0.00;0.00;0.35;2.35;180.00;-0.00;0.50;0.002;-0.22;2.32;1.38;-1.07
1595606596.044;1377;0.45;2.37;203.64;0.35;2.35;180.00;-0.00;0.50;1038;0;0;0;-0.51;0.47;-0.00;0.00;0.00;0.00;0.00;0.00;0.35;2.35;180.00;-0.00;0.50;0.002;-0.23;2.34;1.38;-1.07
1595606596.144;1387;0.45;2.37;203.66;0.35;2.35;180.00;-0.00;0.50;1038;0;0;0;-0.51;0.47;-0.00;0.00;0.00;0.00;0.01;0.00;0.35;2.35;180.00;-0.00;0.50;0.002;-0.23;2.36;1.38;-1.07
1595606596.244;1397;0.45;2.37;203.70;0.35;2.35;180.00;-0.00;0.50;1038;0;0;0;-0.51;0.47;-0.00;0.00;0.00;0.00;0.00;0.00;0.35;2.35;180.00;-0.00;0.50;0.002;-0.24;2.38;1.38;-1.07
1595606596.352;1408;0.45;2.37;203.68;0.35;2.35;180.00;-0.00;0.50;1038;0;1;0;-0.51;0.47;-0.00;0.00;0.00;0.00;0.00;0.00;0.35;2.35;180.00;-0.00;0.50;0.004;-0.25;2.40;1.38;-1.07
1595606596.444;1417;0.45;2.37;203.69;0.35;2.35;180.00;-0.00;0.50;1038;0;0;0;-0.51;0.47;-0.00;0.00;0.00;0.00;0.00;0.00;0.35;2.35;180.00;-0.00;0.50;0.002;-0.25;2.41;1.38;-1.07
1595606596.544;1427;0.45;2.37;203.65;0.35;2.35;180.00;-0.00;0.50;1038;0;0;0;-0.51;0.47;-0.00;0.00;0.00;0.00;0.00;0.00;0.35;2.35;180.00;-0.00;0.50;0.002;-0.26;2.42;1.38;-1.07
1595606596.645;1437;0.45;2.37;203.68;0.35;2.35;180.00;-0.00;0.50;1038;0;0;0;-0.51;0.47;-0.00;0.00;0.00;0.00;0.00;0.00;0.35;2.35;180.00;-0.00;0.50;0.003;-0.26;2.42;1.38;-1.07
1595606596.744;1447;0.45;2.37;203.72;0.35;2.35;180.00;-0.00;0.50;1038;0;0;0;-0.51;0.47;-0.00;0.00;0.00;0.00;0.00;0.00;0.35;2.35;180.00;-0.00;0.50;0.002;-0.26;2.42;1.38;-1.07
1595606596.844;1457;0.45;2.37;203.77;0.35;2.35;180.00;-0.00;0.50;1038;0;0;0;-0.51;0.47;-0.00;0.00;0.00;0.00;0.00;0.00;0.35;2.35;180.00;-0.00;0.50;0.002;-0.26;2.42;1.38;-1.07
1595606596.944;1467;0.45;2.37;203.65;0.35;2.35;180.00;-0.00;0.50;1038;0;0;0;-0.51;0.47;-0.00;0.00;0.00;0.00;0.01;0.00;0.35;2.35;180.00;-0.00;0.50;0.002;-0.26;2.42;1.38;-1.07
1595606597.044;1477;0.45;2.37;203.72;0.35;2.35;180.00;-0.00;0.50;1038;0;0;0;-0.51;0.47;-0.00;0.00;0.00;0.00;0.00;0.00;0.35;2.35;180.00;-0.00;0.50;0.002;-0.26;2.42;1.38;-1.07
1595606597.144;1487;0.45;2.37;203.71;0.35;2.35;180.00;-0.00;0.50;1038;0;0;0;-0.51;0.47;0.00;0.00;0.00;0.00;0.00;0.00;0.35;2.35;180.00;-0.00;0.50;0.002;-0.26;2.42;1.38;-1.07
1595606597.244;1497;0.45;2.37;203.67;0.35;2.35;180.00;-0.00;0.50;1038;0;0;0;-0.51;0.47;0.00;0.00;0.00;0.00;0.00;0.00;0.35;2.35;180.00;-0.00;0.50;0.002;-0.26;2.42;1.38;-1.07
1595606597.358;1508;0.45;2.37;203.69;0.35;2.35;180.00;-0.00;0.50;1038;0;1;0;-0.51;0.47;0.00;0.00;0.00;0.00;0.00;0.00;0.35;2.35;180.00;-0.00;0.50;0.004;-0.26;2.42;1.38;-1.07
1595606597.447;1517;0.45;2.37;203.68;0.35;2.35;180.00;-0.00;0.50;1038;0;0;0;-0.51;0.47;-0.00;0.00;0.00;0.00;0.00;0.00;0.35;2.35;180.00;-0.00;0.50;0.004;-0.26;2.42;1.38;-1.07
1595606597.547;1527;0.45;2.37;203.72;0.35;2.35;180.00;-0.00;0.50;1038;0;0;0;-0.51;0.47;-0.00;0.00;0.00;0.00;0.00;0.00;0.35;2.35;180.00;-0.00;0.50;0.004;-0.26;2.42;1.38;-1.07
1595606597.647;1537;0.45;2.37;203.68;0.35;2.35;180.00;-0.00;0.50;1038;0;0;0;-0.51;0.47;-0.00;0.00;0.00;0.00;0.00;0.00;0.35;2.35;180.00;-0.00;0.50;0.004;-0.26;2.42;1.38;-1.07
1595606597.746;1547;0.45;2.37;203.72;0.35;2.35;180.00;-0.00;0.50;1038;0;0;0;-0.51;0.47;-0.00;0.00;0.00;0.00;0.00;0.00;0.35;2.35;180.00;-0.00;0.50;0.004;-0.26;2.42;1.38;-1.07
1595606597.847;1557;0.45;2.37;203.72;0.35;2.35;180.00;-0.00;0.50;1038;0;0;0;-0.51;0.47;-0.00;0.00;0.00;0.00;0.01;0.00;0.35;2.35;180.00;-0.00;0.50;0.004;-0.26;2.42;1.38;-1.07
1595606597.947;1567;0.45;2.37;203.65;0.35;2.35;180.00;-0.00;0.50;1038;0;0;0;-0.51;0.47;-0.00;0.00;0.00;0.00;0.00;0.00;0.35;2.35;180.00;-0.00;0.50;0.004;-0.26;2.42;1.38;-1.07
1595606598.047;1577;0.45;2.37;203.73;0.35;2.35;180.00;-0.00;0.50;1038;0;0;0;-0.51;0.47;-0.00;0.00;0.00;0.00;0.01;0.00;0.35;2.35;180.00;-0.00;0.50;0.004;-0.26;2.42;1.38;-1.07
1595606598.146;1587;0.45;2.37;203.68;0.35;2.35;180.00;-0.00;0.50;1038;0;0;0;-0.51;0.47;-0.00;0.00;0.00;0.00;0.00;0.00;0.35;2.35;180.00;-0.00;0.50;0.004;-0.26;2.42;1.38;-1.07
1595606598.246;1597;0.45;2.37;203.67;0.35;2.35;180.00;-0.00;0.50;1038;0;0;0;-0.51;0.47;-0.00;0.00;0.00;0.00;0.00;0.00;0.35;2.35;180.00;-0.00;0.50;0.004;-0.26;2.42;1.38;-1.07
1595606598.358;1608;0.45;2.37;203.71;0.35;2.35;180.00;-0.00;0.50;1038;0;1;0;-0.51;0.47;-0.00;0.00;0.00;0.00;0.00;0.01;0.35;2.35;180.00;-0.00;0.50;0.004;-0.26;2.42;1.38;-1.07
1595606598.447;1617;0.45;2.37;203.61;0.35;2.35;180.00;-0.00;0.50;1038;0;0;0;-0.51;0.47;-0.00;0.00;0.00;0.00;0.00;0.00;0.35;2.35;180.00;-0.00;0.50;0.004;-0.26;2.42;1.38;-1.07
1595606598.546;1627;0.45;2.37;203.68;0.35;2.35;180.00;-0.00;0.50;1038;0;0;0;-0.51;0.47;-0.00;0.00;0.00;0.00;0.01;0.00;0.35;2.35;180.00;-0.00;0.50;0.004;-0.26;2.42;1.38;-1.07
1595606598.647;1637;0.45;2.37;203.68;0.35;2.35;180.00;-0.00;0.50;1038;0;0;0;-0.51;0.47;-0.00;0.00;0.00;0.00;0.00;0.00;0.35;2.35;180.00;-0.00;0.50;0.004;-0.26;2.42;1.38;-1.07
1595606598.747;1647;0.45;2.37;203.65;0.35;2.35;180.00;-0.00;0.50;1038;0;0;0;-0.51;0.47;-0.00;0.00;0.00;0.00;0.00;0.00;0.35;2.35;180.00;-0.00;0.50;0.005;-0.26;2.42;1.38;-1.07
1595606598.846;1657;0.45;2.37;203.60;0.35;2.35;180.00;-0.00;0.50;1038;0;0;0;-0.51;0.47;-0.00;0.00;0.00;0.00;0.00;0.00;0.35;2.35;180.00;-0.00;0.50;0.004;-0.26;2.42;1.38;-1.07
1595606598.946;1667;0.45;2.37;203.83;0.35;2.35;180.00;-0.00;0.50;1038;0;0;0;-0.51;0.47;-0.00;0.00;0.00;0.00;0.00;0.01;0.35;2.35;180.00;-0.00;0.50;0.004;-0.26;2.42;1.38;-1.07
1595606599.047;1677;0.45;2.37;203.72;0.35;2.35;180.00;-0.00;0.50;1038;0;0;0;-0.51;0.47;-0.00;0.00;0.00;0.00;0.00;0.01;0.35;2.35;180.00;-0.00;0.50;0.005;-0.26;2.42;1.38;-1.07
1595606599.146;1687;0.45;2.37;203.73;0.35;2.35;180.00;-0.00;0.50;1038;0;0;0;-0.51;0.47;-0.00;0.00;0.00;0.00;0.01;0.00;0.35;2.35;180.00;-0.00;0.50;0.004;-0.26;2.42;1.38;-1.07
1595606599.247;1697;0.45;2.37;203.84;0.35;2.35;180.00;-0.00;0.50;1038;0;0;0;-0.51;0.47;-0.00;0.00;0.00;0.00;0.00;0.00;0.35;2.35;180.00;-0.00;0.50;0.004;-0.26;2.42;1.38;-1.07
1595606599.357;1708;0.45;2.37;203.75;0.35;2.35;180.00;-0.00;0.50;1038;0;1;0;-0.51;0.47;-0.00;0.00;0.00;0.00;0.01;0.01;0.35;2.35;180.00;-0.00;0.50;0.004;-0.26;2.42;1.38;-1.07
1595606599.446;1717;0.45;2.37;203.68;0.35;2.35;180.00;-0.00;0.50;1038;0;0;0;-0.51;0.47;-0.00;0.00;0.00;0.00;0.01;0.01;0.35;2.35;180.00;-0.00;0.50;0.004;-0.26;2.42;1.38;-1.07
1595606599.547;1727;0.45;2.37;203.68;0.35;2.35;180.00;-0.00;0.50;1038;0;0;0;-0.51;0.47;-0.00;0.00;0.00;0.00;0.00;0.00;0.35;2.35;180.00;-0.00;0.50;0.004;-0.26;2.42;1.38;-1.07
1595606599.647;1737;0.45;2.37;203.68;0.35;2.35;180.00;-0.00;0.50;1038;0;0;0;-0.51;0.47;-0.00;0.00;0.00;0.00;0.00;0.00;0.35;2.35;180.00;-0.00;0.50;0.004;-0.26;2.42;1.38;-1.07
1595606599.746;1747;0.45;2.37;203.68;0.35;2.35;180.00;-0.00;0.50;1038;0;0;0;-0.51;0.47;-0.00;0.00;0.00;0.00;0.00;0.00;0.35;2.35;180.00;-0.00;0.50;0.004;-0.26;2.42;1.38;-1.07
1595606599.847;1757;0.45;2.37;203.68;0.35;2.35;180.00;-0.00;0.50;1038;0;0;0;-0.51;0.47;-0.00;0.00;0.00;0.00;0.00;0.00;0.35;2.35;180.00;-0.00;0.50;0.004;-0.26;2.42;1.38;-1.07
1595606599.947;1767;0.45;2.37;203.73;0.35;2.35;180.00;-0.00;0.50;1038;0;0;0;-0.51;0.47;-0.00;0.00;0.00;0.00;0.00;0.00;0.35;2.35;180.00;-0.00;0.50;0.004;-0.26;2.42;1.38;-1.07
1595606600.046;1777;0.45;2.37;203.76;0.35;2.35;180.00;-0.00;0.50;1038;0;0;0;-0.51;0.47;-0.00;0.00;0.00;0.00;0.00;0.00;0.35;2.35;180.00;-0.00;0.50;0.004;-0.26;2.42;1.38;-1.07
1595606600.146;1787;0.45;2.37;203.71;0.35;2.35;180.00;-0.00;0.50;1038;0;0;0;-0.51;0.47;-0.00;0.00;0.00;0.00;0.00;0.00;0.35;2.35;180.00;-0.00;0.50;0.004;-0.26;2.42;1.38;-1.07
1595606600.246;1797;0.45;2.37;203.68;0.35;2.35;180.00;-0.00;0.50;1038;0;0;0;-0.51;0.47;-0.00;0.00;0.00;0.00;0.00;0.01;0.35;2.35;180.00;-0.00;0.50;0.004;-0.26;2.42;1.38;-1.07
1595606600.357;1808;0.45;2.37;203.67;0.35;2.35;180.00;-0.00;0.50;1038;0;1;0;-0.51;0.47;-0.00;0.00;0.00;0.00;0.00;0.01;0.35;2.35;180.00;-0.00;0.50;0.004;-0.26;2.42;1.38;-1.07
1595606600.446;1817;0.45;2.37;203.71;0.35;2.35;180.00;-0.00;0.50;1038;0;0;0;-0.51;0.47;-0.00;0.00;0.00;0.00;0.01;0.00;0.35;2.35;180.00;-0.00;0.50;0.004;-0.26;2.42;1.38;-1.07
1595606600.547;1827;0.45;2.37;203.72;0.35;2.35;180.00;-0.00;0.50;1038;0;0;0;-0.51;0.47;-0.00;0.00;0.00;-0.00;0.00;0.00;0.35;2.35;180.00;-0.00;0.50;0.004;-0.26;2.42;1.38;-1.07
1595606600.647;1837;0.45;2.37;203.68;0.35;2.35;180.00;-0.00;0.50;1038;0;0;0;-0.51;0.47;-0.00;0.00;0.00;0.00;0.00;0.00;0.35;2.35;180.00;-0.00;0.50;0.004;-0.26;2.42;1.38;-1.07
1595606600.747;1847;0.45;2.37;203.71;0.35;2.35;180.00;-0.00;0.50;1038;0;0;0;-0.51;0.47;-0.00;0.00;0.00;0.00;0.01;0.00;0.35;2.35;180.00;-0.00;0.50;0.004;-0.26;2.42;1.38;-1.07
1595606600.846;1857;0.45;2.37;203.78;0.35;2.35;180.00;-0.00;0.50;1038;0;0;0;-0.51;0.47;-0.00;0.00;0.00;-0.00;0.01;0.00;0.35;2.35;180.00;-0.00;0.50;0.004;-0.26;2.42;1.38;-1.07
1595606600.946;1867;0.45;2.37;203.68;0.35;2.35;180.00;-0.00;0.50;1038;0;0;0;-0.51;0.47;-0.00;0.00;0.00;0.00;0.00;0.00;0.35;2.35;180.00;-0.00;0.50;0.004;-0.26;2.42;1.38;-1.07
1595606601.046;1877;0.45;2.37;203.77;0.35;2.35;180.00;-0.00;0.50;1038;0;0;0;-0.51;0.47;-0.00;0.00;0.00;-0.00;0.01;0.01;0.35;2.35;180.00;-0.00;0.50;0.004;-0.26;2.42;1.38;-1.07
1595606601.147;1887;0.45;2.37;203.69;0.35;2.35;180.00;-0.00;0.50;1038;0;0;0;-0.51;0.47;-0.00;0.00;0.00;0.00;0.01;0.00;0.35;2.35;180.00;-0.00;0.50;0.004;-0.26;2.42;1.38;-1.07
1595606601.247;1897;0.45;2.37;203.72;0.35;2.35;180.00;-0.00;0.50;1038;0;0;0;-0.51;0.47;-0.00;0.00;0.00;0.00;0.00;0.00;0.35;2.35;180.00;-0.00;0.50;0.004;-0.26;2.42;1.38;-1.07
1595606601.357;1908;0.45;2.37;203.71;0.35;2.35;180.00;-0.00;0.50;1038;0;1;0;-0.51;0.47;-0.00;0.00;0.00;0.00;0.00;0.00;0.35;2.35;180.00;-0.00;0.50;0.004;-0.26;2.42;1.38;-1.07
1595606601.446;1917;0.45;2.37;203.64;0.35;2.35;180.00;-0.00;0.50;1038;0;0;0;-0.51;0.47;-0.00;0.00;0.00;0.00;0.00;0.00;0.35;2.35;180.00;-0.00;0.50;0.004;-0.26;2.42;1.38;-1.07
1595606601.547;1927;0.45;2.37;203.64;0.35;2.35;180.00;-0.00;0.50;1038;0;0;0;-0.51;0.47;-0.00;0.00;0.00;0.00;0.00;0.00;0.35;2.35;180.00;-0.00;0.50;0.004;-0.26;2.42;1.38;-1.07
1595606601.646;1937;0.45;2.37;203.67;0.35;2.35;180.00;-0.00;0.50;1038;0;0;0;-0.51;0.47;-0.00;0.00;0.00;0.00;0.00;0.00;0.35;2.35;180.00;-0.00;0.50;0.004;-0.26;2.42;1.38;-1.07
1595606601.746;1947;0.45;2.37;203.64;0.35;2.35;180.00;-0.00;0.50;1038;0;0;0;-0.51;0.47;-0.00;0.00;0.00;0.00;0.00;0.00;0.35;2.35;180.00;-0.00;0.50;0.004;-0.26;2.42;1.38;-1.07
1595606601.847;1957;0.45;2.37;203.65;0.35;2.35;180.00;-0.00;0.50;1038;0;0;0;-0.51;0.47;-0.00;0.00;0.00;0.00;0.00;0.00;0.35;2.35;180.00;-0.00;0.50;0.004;-0.26;2.42;1.38;-1.07
1595606601.947;1967;0.45;2.37;203.58;0.35;2.35;180.00;-0.00;0.50;1038;0;0;0;-0.51;0.47;-0.00;0.00;0.00;0.00;0.00;0.00;0.35;2.35;180.00;-0.00;0.50;0.004;-0.26;2.42;1.38;-1.07
1595606602.046;1977;0.45;2.37;203.60;0.35;2.35;180.00;-0.00;0.50;1038;0;0;0;-0.51;0.47;-0.00;0.00;0.00;0.00;0.00;0.00;0.35;2.35;180.00;-0.00;0.50;0.004;-0.26;2.42;1.38;-1.07
1595606602.147;1987;0.45;2.37;203.68;0.35;2.35;180.00;-0.00;0.50;1038;0;0;0;-0.51;0.47;-0.00;0.00;0.00;0.00;0.00;0.00;0.35;2.35;180.00;-0.00;0.50;0.004;-0.26;2.42;1.38;-1.07
1595606602.247;1997;0.45;2.37;203.67;0.35;2.35;180.00;-0.00;0.50;1038;0;0;0;-0.51;0.47;-0.00;0.00;0.00;0.00;0.00;0.00;0.35;2.35;180.00;-0.00;0.50;0.004;-0.26;2.42;1.38;-1.07
1595606602.358;2008;0.45;2.37;203.65;0.35;2.35;180.00;-0.00;0.50;1038;0;1;0;-0.51;0.47;-0.00;0.00;0.00;-0.00;0.00;0.00;0.35;2.35;180.00;-0.00;0.50;0.004;-0.26;2.42;1.38;-1.07
1595606602.447;2017;0.45;2.37;203.73;0.35;2.35;180.00;-0.00;0.50;1038;0;0;0;-0.51;0.47;-0.00;0.00;0.00;0.00;0.00;0.00;0.35;2.35;180.00;-0.00;0.50;0.004;-0.26;2.42;1.38;-1.07
1595606602.547;2027;0.45;2.37;203.69;0.35;2.35;180.00;-0.00;0.50;1038;0;0;0;-0.51;0.47;-0.00;0.00;0.00;-0.00;0.00;0.00;0.35;2.35;180.00;-0.00;0.50;0.004;-0.26;2.42;1.38;-1.07
1595606602.647;2037;0.45;2.37;203.69;0.35;2.35;180.00;-0.00;0.50;1038;0;0;0;-0.51;0.47;-0.00;0.00;0.00;0.00;0.00;0.00;0.35;2.35;180.00;-0.00;0.50;0.004;-0.26;2.42;1.38;-1.07
1595606602.747;2047;0.45;2.37;203.73;0.35;2.35;180.00;-0.00;0.50;1038;0;0;0;-0.51;0.47;-0.00;0.00;0.00;0.00;0.00;0.00;0.35;2.35;180.00;-0.00;0.50;0.004;-0.26;2.42;1.38;-1.07
1595606602.846;2057;0.45;2.37;203.60;0.35;2.35;180.00;-0.00;0.50;1038;0;0;0;-0.51;0.47;-0.00;0.00;0.00;0.00;0.00;0.00;0.35;2.35;180.00;-0.00;0.50;0.004;-0.26;2.42;1.38;-1.07
1595606602.947;2067;0.45;2.37;203.79;0.35;2.35;180.00;-0.00;0.50;1038;0;0;0;-0.51;0.47;-0.00;0.00;0.00;0.00;0.00;0.00;0.35;2.35;180.00;-0.00;0.50;0.004;-0.26;2.42;1.38;-1.07
1595606603.047;2077;0.45;2.37;203.59;0.35;2.35;180.00;-0.00;0.50;1038;0;0;0;-0.51;0.47;-0.00;0.00;0.00;0.00;0.00;0.00;0.35;2.35;180.00;-0.00;0.50;0.004;-0.26;2.42;1.38;-1.07
1595606603.147;2087;0.45;2.37;203.64;0.35;2.35;180.00;-0.00;0.50;1038;0;0;0;-0.51;0.47;-0.00;0.00;0.00;0.00;0.01;0.00;0.35;2.35;180.00;-0.00;0.50;0.004;-0.26;2.42;1.38;-1.07
1595606603.246;2097;0.45;2.37;203.79;0.35;2.35;180.00;-0.00;0.50;1038;0;0;0;-0.51;0.47;-0.00;0.00;0.00;-0.00;0.01;0.00;0.35;2.35;180.00;-0.00;0.50;0.004;-0.26;2.42;1.38;-1.07
1595606603.358;2108;0.45;2.37;203.73;0.35;2.35;180.00;-0.00;0.50;1038;0;1;0;-0.51;0.47;-0.00;0.00;0.00;0.00;0.01;0.00;0.35;2.35;180.00;-0.00;0.50;0.004;-0.26;2.42;1.38;-1.07
1595606603.447;2117;0.45;2.37;203.62;0.35;2.35;180.00;-0.00;0.50;1038;0;0;0;-0.51;0.47;-0.00;0.00;0.00;0.00;0.00;0.00;0.35;2.35;180.00;-0.00;0.50;0.004;-0.26;2.42;1.38;-1.07
1595606603.547;2127;0.45;2.37;203.69;0.35;2.35;180.00;-0.00;0.50;1038;0;0;0;-0.51;0.47;-0.00;0.00;0.00;0.00;0.00;0.00;0.35;2.35;180.00;-0.00;0.50;0.004;-0.26;2.42;1.38;-1.07
1595606603.647;2137;0.45;2.37;203.73;0.35;2.35;180.00;-0.00;0.50;1038;0;0;0;-0.51;0.47;-0.00;0.00;0.00;0.00;0.00;0.00;0.35;2.35;180.00;-0.00;0.50;0.004;-0.26;2.42;1.38;-1.07
1595606603.747;2147;0.45;2.37;203.68;0.35;2.35;180.00;-0.00;0.50;1038;0;0;0;-0.51;0.47;-0.00;0.00;0.00;0.00;0.00;0.00;0.35;2.35;180.00;-0.00;0.50;0.004;-0.26;2.42;1.38;-1.07
1595606603.847;2157;0.45;2.37;203.72;0.35;2.35;180.00;-0.00;0.50;1038;0;0;0;-0.51;0.47;-0.00;0.00;0.00;0.00;0.00;0.00;0.35;2.35;180.00;-0.00;0.50;0.004;-0.26;2.42;1.38;-1.07
1595606603.947;2167;0.45;2.37;203.68;0.35;2.35;180.00;-0.00;0.50;1038;0;0;0;-0.51;0.47;-0.00;0.00;0.00;0.00;0.00;0.00;0.35;2.35;180.00;-0.00;0.50;0.004;-0.26;2.42;1.38;-1.07
1595606604.047;2177;0.45;2.37;203.71;0.35;2.35;180.00;-0.00;0.50;1038;0;0;0;-0.51;0.47;-0.00;0.00;0.00;0.00;0.00;0.00;0.35;2.35;180.00;-0.00;0.50;0.004;-0.26;2.42;1.38;-1.07
1595606604.147;2187;0.45;2.37;203.61;0.35;2.35;180.00;-0.00;0.50;1038;0;0;0;-0.51;0.47;-0.00;0.00;0.00;0.00;0.00;0.00;0.35;2.35;180.00;-0.00;0.50;0.004;-0.26;2.42;1.38;-1.07
1595606604.247;2197;0.45;2.37;203.80;0.35;2.35;180.00;-0.00;0.50;1038;0;0;0;-0.51;0.47;-0.00;0.00;0.00;0.00;0.00;0.00;0.35;2.35;180.00;-0.00;0.50;0.004;-0.26;2.42;1.38;-1.07
1595606604.358;2208;0.45;2.37;203.69;0.35;2.35;180.00;-0.00;0.50;1038;0;1;0;-0.51;0.47;-0.00;0.00;0.00;0.00;0.01;0.00;0.35;2.35;180.00;-0.00;0.50;0.004;-0.26;2.42;1.38;-1.07
1595606604.447;2217;0.45;2.37;203.69;0.35;2.35;180.00;-0.00;0.50;1038;0;0;0;-0.51;0.47;-0.00;0.00;0.00;0.00;0.00;0.00;0.35;2.35;180.00;-0.00;0.50;0.004;-0.26;2.42;1.38;-1.07
1595606604.547;2227;0.45;2.37;203.69;0.35;2.35;180.00;-0.00;0.50;1038;0;0;0;-0.51;0.47;-0.00;0.00;0.00;0.00;0.00;0.00;0.35;2.35;180.00;-0.00;0.50;0.004;-0.26;2.42;1.38;-1.07
1595606604.647;2237;0.45;2.37;203.69;0.35;2.35;180.00;-0.00;0.50;1038;0;0;0;-0.51;0.47;-0.00;0.00;0.00;0.00;0.00;0.00;0.35;2.35;180.00;-0.00;0.50;0.004;-0.26;2.42;1.38;-1.07
1595606604.747;2247;0.45;2.37;203.61;0.35;2.35;180.00;-0.00;0.50;1038;0;0;0;-0.51;0.47;-0.00;0.00;0.00;0.00;0.00;0.00;0.35;2.35;180.00;-0.00;0.50;0.004;-0.26;2.42;1.38;-1.07
1595606604.847;2257;0.45;2.37;203.65;0.35;2.35;180.00;-0.00;0.50;1038;0;0;0;-0.51;0.47;-0.00;0.00;0.00;0.00;0.00;0.00;0.35;2.35;180.00;-0.00;0.50;0.004;-0.26;2.42;1.38;-1.07
1595606604.946;2267;0.45;2.37;203.64;0.35;2.35;180.00;-0.00;0.50;1038;0;0;0;-0.51;0.47;-0.00;0.00;0.00;0.00;0.00;0.00;0.35;2.35;180.00;-0.00;0.50;0.004;-0.26;2.42;1.38;-1.07
1595606605.046;2277;0.45;2.37;203.77;0.35;2.35;180.00;-0.00;0.50;1038;0;0;0;-0.51;0.47;-0.00;0.00;0.00;0.00;0.00;0.00;0.35;2.35;180.00;-0.00;0.50;0.004;-0.26;2.42;1.38;-1.07
1595606605.147;2287;0.45;2.37;203.67;0.35;2.35;180.00;-0.00;0.50;1038;0;0;0;-0.51;0.47;-0.00;0.00;0.00;0.00;0.00;0.00;0.35;2.35;180.00;-0.00;0.50;0.004;-0.26;2.42;1.38;-1.07
1595606605.247;2297;0.45;2.37;203.70;0.35;2.35;180.00;-0.00;0.50;1038;0;0;0;-0.51;0.47;-0.00;0.00;0.00;-0.00;0.00;0.00;0.35;2.35;180.00;-0.00;0.50;0.004;-0.26;2.42;1.38;-1.07
1595606605.355;2308;0.45;2.37;203.63;0.35;2.35;180.00;-0.00;0.50;1038;0;1;0;-0.51;0.47;-0.00;0.00;0.00;0.00;0.00;0.00;0.35;2.35;180.00;-0.00;0.50;0.002;-0.26;2.42;1.38;-1.07
1595606605.444;2317;0.45;2.37;203.67;0.35;2.35;180.00;-0.00;0.50;1038;0;0;0;-0.51;0.47;-0.00;0.00;0.00;0.00;0.00;0.00;0.35;2.35;180.00;-0.00;0.50;0.002;-0.26;2.42;1.38;-1.07
1595606605.544;2327;0.45;2.37;203.66;0.35;2.35;180.00;-0.00;0.50;1038;0;0;0;-0.51;0.47;-0.00;0.00;0.00;0.00;0.00;0.00;0.35;2.35;180.00;-0.00;0.50;0.002;-0.26;2.42;1.38;-1.07
1595606605.644;2337;0.45;2.37;203.67;0.35;2.35;180.00;-0.00;0.50;1038;0;0;0;-0.51;0.47;-0.00;0.00;0.00;0.00;0.01;0.00;0.35;2.35;180.00;-0.00;0.50;0.002;-0.26;2.42;1.38;-1.07
1595606605.744;2347;0.45;2.37;203.68;0.35;2.35;180.00;-0.00;0.50;1038;0;0;0;-0.51;0.47;-0.00;0.00;0.00;-0.00;0.00;0.00;0.35;2.35;180.00;-0.00;0.50;0.003;-0.26;2.42;1.38;-1.07
1595606605.845;2357;0.45;2.37;203.73;0.35;2.35;180.00;-0.00;0.50;1038;0;0;0;-0.51;0.47;-0.00;0.00;0.00;0.00;0.00;0.00;0.35;2.35;180.00;-0.00;0.50;0.003;-0.26;2.42;1.38;-1.07
1595606605.945;2367;0.45;2.37;203.68;0.35;2.35;180.00;-0.00;0.50;1038;0;0;0;-0.51;0.47;-0.00;0.00;0.00;0.00;0.00;0.00;0.35;2.35;180.00;-0.00;0.50;0.003;-0.26;2.42;1.38;-1.07
1595606606.044;2377;0.45;2.37;203.77;0.35;2.35;180.00;-0.00;0.50;1038;0;0;0;-0.51;0.47;-0.00;0.00;0.00;0.00;0.00;0.00;0.35;2.35;180.00;-0.00;0.50;0.002;-0.26;2.42;1.38;-1.07
1595606606.144;2387;0.45;2.37;203.72;0.35;2.35;180.00;-0.00;0.50;1038;0;0;0;-0.51;0.47;-0.00;0.00;0.00;0.00;0.00;0.00;0.35;2.35;180.00;-0.00;0.50;0.003;-0.26;2.42;1.38;-1.07
1595606606.244;2397;0.45;2.37;203.71;0.35;2.35;180.00;-0.00;0.50;1038;0;0;0;-0.51;0.47;-0.00;0.00;0.00;-0.00;0.00;0.00;0.35;2.35;180.00;-0.00;0.50;0.002;-0.26;2.42;1.38;-1.07
1595606606.354;2408;0.45;2.37;203.68;0.35;2.35;180.00;-0.00;0.50;1038;0;1;0;-0.51;0.47;-0.00;0.00;0.00;0.00;0.00;0.00;0.35;2.35;180.00;-0.00;0.50;0.005;-0.26;2.42;1.38;-1.07
1595606606.447;2417;0.45;2.37;203.65;0.35;2.35;180.00;-0.00;0.50;1038;0;0;0;-0.51;0.47;-0.00;0.00;0.00;0.00;0.00;0.00;0.35;2.35;180.00;-0.00;0.50;0.004;-0.26;2.42;1.38;-1.07
1595606606.547;2427;0.45;2.37;203.68;0.35;2.35;180.00;-0.00;0.50;1038;0;0;0;-0.51;0.47;-0.00;0.00;0.00;-0.00;0.00;0.00;0.35;2.35;180.00;-0.00;0.50;0.004;-0.26;2.42;1.38;-1.07
1595606606.647;2437;0.45;2.37;203.67;0.35;2.35;180.00;-0.00;0.50;1038;0;0;0;-0.51;0.47;-0.00;0.00;0.00;0.00;0.00;0.00;0.35;2.35;180.00;-0.00;0.50;0.005;-0.26;2.42;1.38;-1.07
1595606606.747;2447;0.45;2.37;203.73;0.35;2.35;180.00;-0.00;0.50;1038;0;0;0;-0.51;0.47;-0.00;0.00;0.00;0.00;0.00;0.00;0.35;2.35;180.00;-0.00;0.50;0.004;-0.26;2.42;1.38;-1.07
1595606606.847;2457;0.45;2.37;203.59;0.35;2.35;180.00;-0.00;0.50;1038;0;0;0;-0.51;0.47;-0.00;0.00;0.00;0.00;0.00;0.00;0.35;2.35;180.00;-0.00;0.50;0.004;-0.26;2.42;1.38;-1.07
1595606606.947;2467;0.45;2.37;203.70;0.35;2.35;180.00;-0.00;0.50;1038;0;0;0;-0.51;0.47;-0.00;0.00;0.00;0.00;0.00;0.00;0.35;2.35;180.00;-0.00;0.50;0.004;-0.26;2.42;1.38;-1.07
1595606607.047;2477;0.45;2.37;203.62;0.35;2.35;180.00;-0.00;0.50;1038;0;0;0;-0.51;0.47;-0.00;0.00;0.00;0.00;0.00;0.00;0.35;2.35;180.00;-0.00;0.50;0.004;-0.26;2.42;1.38;-1.07
1595606607.147;2487;0.45;2.37;203.68;0.35;2.35;180.00;-0.00;0.50;1038;0;0;0;-0.51;0.47;-0.00;0.00;0.00;0.00;0.00;0.00;0.35;2.35;180.00;-0.00;0.50;0.004;-0.26;2.42;1.38;-1.07
1595606607.247;2497;0.45;2.37;203.67;0.35;2.35;180.00;-0.00;0.50;1038;0;0;0;-0.51;0.47;-0.00;0.00;0.00;0.00;0.00;0.00;0.35;2.35;180.00;-0.00;0.50;0.004;-0.26;2.42;1.38;-1.07
1595606607.355;2508;0.45;2.37;203.63;0.35;2.35;180.00;-0.00;0.50;1038;0;1;0;-0.51;0.47;-0.00;0.00;0.00;-0.00;0.00;0.00;0.35;2.35;180.00;-0.00;0.50;0.002;-0.26;2.42;1.38;-1.07
1595606607.444;2517;0.45;2.37;203.69;0.35;2.35;180.00;-0.00;0.50;1038;0;0;0;-0.51;0.47;-0.00;0.00;0.00;0.00;0.00;0.00;0.35;2.35;180.00;-0.00;0.50;0.002;-0.26;2.42;1.38;-1.07
1595606607.544;2527;0.45;2.37;203.64;0.35;2.35;180.00;-0.00;0.50;1038;0;0;0;-0.51;0.47;-0.00;0.00;0.00;-0.00;0.00;0.00;0.35;2.35;180.00;-0.00;0.50;0.002;-0.26;2.42;1.38;-1.07
1595606607.644;2537;0.45;2.37;203.71;0.35;2.35;180.00;-0.00;0.50;1038;0;0;0;-0.51;0.47;-0.00;0.00;0.00;0.00;0.00;0.00;0.35;2.35;180.00;-0.00;0.50;0.002;-0.26;2.42;1.38;-1.07
1595606607.747;2547;0.45;2.37;203.72;0.35;2.35;180.00;-0.00;0.50;1038;0;0;0;-0.51;0.47;-0.00;0.00;0.00;0.00;0.00;0.00;0.35;2.35;180.00;-0.00;0.50;0.005;-0.26;2.42;1.38;-1.07
1595606607.844;2557;0.45;2.37;203.69;0.35;2.35;180.00;-0.00;0.50;1038;0;0;0;-0.51;0.47;-0.00;0.00;0.00;0.00;0.00;0.00;0.35;2.35;180.00;-0.00;0.50;0.002;-0.26;2.42;1.38;-1.07
1595606607.945;2567;0.45;2.37;203.73;0.35;2.35;180.00;-0.00;0.50;1038;0;0;0;-0.51;0.47;-0.00;0.00;0.00;0.00;0.00;0.00;0.35;2.35;180.00;-0.00;0.50;0.003;-0.26;2.42;1.38;-1.07
1595606608.044;2577;0.45;2.37;203.74;0.35;2.35;180.00;-0.00;0.50;1038;0;0;0;-0.51;0.47;-0.00;0.00;0.00;0.00;0.01;0.00;0.35;2.35;180.00;-0.00;0.50;0.002;-0.26;2.42;1.38;-1.07
1595606608.145;2587;0.45;2.37;203.70;0.35;2.35;180.00;-0.00;0.50;1038;0;0;0;-0.51;0.47;-0.00;0.00;0.00;0.00;0.00;0.00;0.35;2.35;180.00;-0.00;0.50;0.003;-0.26;2.42;1.38;-1.07
1595606608.246;2597;0.45;2.37;203.68;0.35;2.35;180.00;-0.00;0.50;1038;0;0;0;-0.51;0.47;-0.00;0.00;0.00;0.00;0.00;0.00;0.35;2.35;180.00;-0.00;0.50;0.004;-0.26;2.42;1.38;-1.07
1595606608.357;2608;0.45;2.37;203.64;0.35;2.35;180.00;-0.00;0.50;1038;0;1;0;-0.51;0.47;-0.00;0.00;0.00;0.00;0.00;0.00;0.35;2.35;180.00;-0.00;0.50;0.004;-0.26;2.42;1.38;-1.07
1595606608.446;2617;0.45;2.37;203.63;0.35;2.35;180.00;-0.00;0.50;1038;0;0;0;-0.51;0.47;-0.00;0.00;0.00;0.00;0.01;0.00;0.35;2.35;180.00;-0.00;0.50;0.004;-0.26;2.42;1.38;-1.07
1595606608.547;2627;0.45;2.37;203.76;0.35;2.35;180.00;-0.00;0.50;1038;0;0;0;-0.51;0.47;-0.00;0.00;0.00;0.00;0.00;0.00;0.35;2.35;180.00;-0.00;0.50;0.004;-0.26;2.42;1.38;-1.07
1595606608.647;2637;0.45;2.37;203.69;0.35;2.35;180.00;-0.00;0.50;1038;0;0;0;-0.51;0.47;-0.00;0.00;0.00;-0.00;0.00;0.00;0.35;2.35;180.00;-0.00;0.50;0.004;-0.26;2.42;1.38;-1.07
1595606608.747;2647;0.45;2.37;203.68;0.35;2.35;180.00;-0.00;0.50;1038;0;0;0;-0.51;0.47;-0.00;0.00;0.00;0.00;0.00;0.00;0.35;2.35;180.00;-0.00;0.50;0.004;-0.26;2.42;1.38;-1.07
1595606608.847;2657;0.45;2.37;203.69;0.35;2.35;180.00;-0.00;0.50;1038;0;0;0;-0.51;0.47;-0.00;0.00;0.00;-0.00;0.00;0.00;0.35;2.35;180.00;-0.00;0.50;0.005;-0.26;2.42;1.38;-1.07
1595606608.947;2667;0.45;2.37;203.66;0.35;2.35;180.00;-0.00;0.50;1038;0;0;0;-0.51;0.47;-0.00;0.00;0.00;0.00;0.00;0.00;0.35;2.35;180.00;-0.00;0.50;0.004;-0.26;2.42;1.38;-1.07
1595606609.047;2677;0.45;2.37;203.70;0.35;2.35;180.00;-0.00;0.50;1038;0;0;0;-0.51;0.47;-0.00;0.00;0.00;0.00;0.00;0.00;0.35;2.35;180.00;-0.00;0.50;0.004;-0.26;2.42;1.38;-1.07
1595606609.147;2687;0.45;2.37;203.68;0.35;2.35;180.00;-0.00;0.50;1038;0;0;0;-0.51;0.47;-0.00;0.00;0.00;0.00;0.00;0.00;0.35;2.35;180.00;-0.00;0.50;0.004;-0.26;2.42;1.38;-1.07
1595606609.247;2697;0.45;2.37;203.68;0.35;2.35;180.00;-0.00;0.50;1038;0;0;0;-0.51;0.47;-0.00;0.00;0.00;0.00;0.00;0.00;0.35;2.35;180.00;-0.00;0.50;0.004;-0.26;2.42;1.38;-1.07
1595606609.355;2708;0.45;2.37;203.72;0.35;2.35;180.00;-0.00;0.50;1038;0;1;0;-0.51;0.47;-0.00;0.00;0.00;0.00;0.00;0.00;0.35;2.35;180.00;-0.00;0.50;0.002;-0.26;2.42;1.38;-1.07
1595606609.444;2717;0.45;2.37;203.68;0.35;2.35;180.00;-0.00;0.50;1038;0;0;0;-0.51;0.47;-0.00;0.00;0.00;0.00;0.01;0.00;0.35;2.35;180.00;-0.00;0.50;0.002;-0.26;2.42;1.38;-1.07
1595606609.544;2727;0.45;2.37;203.50;0.35;2.35;180.00;-0.00;0.50;1038;0;0;0;-0.51;0.47;-0.00;0.00;0.00;0.00;0.00;0.00;0.35;2.35;180.00;-0.00;0.50;0.002;-0.26;2.42;1.38;-1.07
1595606609.644;2737;0.45;2.37;203.61;0.35;2.35;180.00;-0.00;0.50;1038;0;0;0;-0.51;0.47;-0.00;0.00;0.00;0.00;0.00;0.00;0.35;2.35;180.00;-0.00;0.50;0.002;-0.26;2.42;1.38;-1.07
1595606609.744;2747;0.45;2.37;203.59;0.35;2.35;180.00;-0.00;0.50;1038;0;0;0;-0.51;0.47;-0.00;0.00;0.00;0.00;0.00;0.00;0.35;2.35;180.00;-0.00;0.50;0.002;-0.26;2.42;1.38;-1.07
1595606609.844;2757;0.45;2.37;203.58;0.35;2.35;180.00;-0.00;0.50;1038;0;0;0;-0.51;0.47;-0.00;0.00;0.00;0.00;0.00;0.00;0.35;2.35;180.00;-0.00;0.50;0.002;-0.26;2.42;1.38;-1.07
1595606609.944;2767;0.45;2.37;203.65;0.35;2.35;180.00;-0.00;0.50;1038;0;0;0;-0.51;0.47;-0.00;0.00;0.00;0.00;0.00;0.00;0.35;2.35;180.00;-0.00;0.50;0.002;-0.26;2.42;1.38;-1.07
1595606610.044;2777;0.45;2.37;203.61;0.35;2.35;180.00;-0.00;0.50;1038;0;0;0;-0.51;0.47;-0.00;0.00;0.00;0.00;0.00;0.00;0.35;2.35;180.00;-0.00;0.50;0.002;-0.26;2.42;1.38;-1.07
1595606610.144;2787;0.45;2.37;203.57;0.35;2.35;180.00;-0.00;0.50;1038;0;0;0;-0.51;0.47;-0.00;0.00;0.00;0.00;0.00;0.01;0.35;2.35;180.00;-0.00;0.50;0.002;-0.26;2.42;1.38;-1.07
1595606610.244;2797;0.45;2.37;203.61;0.35;2.35;180.00;-0.00;0.50;1038;0;0;0;-0.51;0.47;-0.00;0.00;0.00;0.00;0.00;0.00;0.35;2.35;180.00;-0.00;0.50;0.002;-0.26;2.42;1.38;-1.07
1595606610.351;2808;0.45;2.37;203.68;0.35;2.35;180.00;-0.00;0.50;1038;0;1;0;-0.51;0.47;-0.00;0.00;0.00;0.00;0.01;0.01;0.35;2.35;180.00;-0.00;0.50;0.003;-0.26;2.42;1.38;-1.07
1595606610.444;2817;0.45;2.37;203.66;0.35;2.35;180.00;-0.00;0.50;1038;0;0;0;-0.51;0.47;-0.00;0.00;0.00;0.00;0.00;0.00;0.35;2.35;180.00;-0.00;0.50;0.002;-0.26;2.42;1.38;-1.07
1595606610.547;2827;0.45;2.37;203.60;0.35;2.35;180.00;-0.00;0.50;1038;0;0;0;-0.51;0.47;-0.00;0.00;0.00;0.00;0.00;0.00;0.35;2.35;180.00;-0.00;0.50;0.004;-0.26;2.42;1.38;-1.07
1595606610.647;2837;0.45;2.37;203.60;0.35;2.35;180.00;-0.00;0.50;1038;0;0;0;-0.51;0.47;-0.00;0.00;0.00;0.00;0.01;0.00;0.35;2.35;180.00;-0.00;0.50;0.004;-0.26;2.42;1.38;-1.07
1595606610.747;2847;0.45;2.37;203.69;0.35;2.35;180.00;-0.00;0.50;1038;0;0;0;-0.51;0.47;-0.00;0.00;0.00;0.00;0.00;0.01;0.35;2.35;180.00;-0.00;0.50;0.004;-0.26;2.42;1.38;-1.07
1595606610.847;2857;0.45;2.37;203.67;0.35;2.35;180.00;-0.00;0.50;1038;0;0;0;-0.51;0.47;-0.00;0.00;0.00;0.00;0.00;0.00;0.35;2.35;180.00;-0.00;0.50;0.004;-0.26;2.42;1.38;-1.07
1595606610.947;2867;0.45;2.37;203.71;0.35;2.35;180.00;-0.00;0.50;1038;0;0;0;-0.51;0.47;-0.00;0.00;0.00;0.00;0.01;0.00;0.35;2.35;180.00;-0.00;0.50;0.004;-0.26;2.42;1.38;-1.07
1595606611.047;2877;0.45;2.37;203.67;0.35;2.35;180.00;-0.00;0.50;1038;0;0;0;-0.51;0.47;-0.00;0.00;0.00;0.00;0.00;0.01;0.35;2.35;180.00;-0.00;0.50;0.004;-0.26;2.42;1.38;-1.07
1595606611.147;2887;0.45;2.37;203.67;0.35;2.35;180.00;-0.00;0.50;1038;0;0;0;-0.51;0.47;-0.00;0.00;0.00;0.00;0.01;0.00;0.35;2.35;180.00;-0.00;0.50;0.004;-0.26;2.42;1.38;-1.07
1595606611.247;2897;0.45;2.37;203.60;0.35;2.35;180.00;-0.00;0.50;1038;0;0;0;-0.51;0.47;-0.00;0.00;0.00;0.00;0.00;0.00;0.35;2.35;180.00;-0.00;0.50;0.004;-0.26;2.42;1.38;-1.07
1595606611.357;2908;0.45;2.37;203.58;0.35;2.35;180.00;-0.00;0.50;1038;0;1;0;-0.51;0.47;-0.00;0.00;0.00;0.00;0.00;0.00;0.35;2.35;180.00;-0.00;0.50;0.004;-0.26;2.42;1.38;-1.07
1595606611.446;2917;0.45;2.37;203.62;0.35;2.35;180.00;-0.00;0.50;1038;0;0;0;-0.51;0.47;-0.00;0.00;0.00;0.00;0.00;0.01;0.35;2.35;180.00;-0.00;0.50;0.004;-0.26;2.42;1.38;-1.07
1595606611.547;2927;0.45;2.37;203.69;0.35;2.35;180.00;-0.00;0.50;1038;0;0;0;-0.51;0.47;-0.00;0.00;0.00;0.00;0.00;0.00;0.35;2.35;180.00;-0.00;0.50;0.004;-0.26;2.42;1.38;-1.07
1595606611.647;2937;0.45;2.37;203.67;0.35;2.35;180.00;-0.00;0.50;1038;0;0;0;-0.51;0.47;-0.00;0.00;0.00;-0.00;0.01;0.00;0.35;2.35;180.00;-0.00;0.50;0.004;-0.26;2.42;1.38;-1.07
1595606611.747;2947;0.45;2.37;203.71;0.35;2.35;180.00;-0.00;0.50;1038;0;0;0;-0.51;0.47;-0.00;0.00;0.00;0.00;0.00;0.01;0.35;2.35;180.00;-0.00;0.50;0.004;-0.26;2.42;1.38;-1.07
1595606611.847;2957;0.45;2.37;203.59;0.35;2.35;180.00;-0.00;0.50;1038;0;0;0;-0.51;0.47;-0.00;0.00;0.00;0.00;0.01;0.00;0.35;2.35;180.00;-0.00;0.50;0.004;-0.26;2.42;1.38;-1.07
1595606611.947;2967;0.45;2.37;203.66;0.35;2.35;180.00;-0.00;0.50;1038;0;0;0;-0.51;0.47;-0.00;0.00;0.00;0.00;0.00;0.00;0.35;2.35;180.00;-0.00;0.50;0.004;-0.26;2.42;1.38;-1.07
1595606612.047;2977;0.45;2.37;203.71;0.35;2.35;180.00;-0.00;0.50;1038;0;0;0;-0.51;0.47;-0.00;0.00;0.00;0.00;0.00;0.00;0.35;2.35;180.00;-0.00;0.50;0.004;-0.26;2.42;1.38;-1.07
1595606612.147;2987;0.45;2.37;203.65;0.35;2.35;180.00;-0.00;0.50;1038;0;0;0;-0.51;0.47;-0.00;0.00;0.00;0.00;0.00;0.00;0.35;2.35;180.00;-0.00;0.50;0.004;-0.26;2.42;1.38;-1.07
1595606612.246;2997;0.45;2.37;203.68;0.35;2.35;180.00;-0.00;0.50;1038;0;0;0;-0.51;0.47;-0.00;0.00;0.00;0.00;0.00;0.00;0.35;2.35;180.00;-0.00;0.50;0.004;-0.26;2.42;1.38;-1.07
1595606612.357;3008;0.45;2.37;203.67;0.35;2.35;180.00;-0.00;0.50;1038;0;1;0;-0.51;0.47;-0.00;0.00;0.00;0.00;0.00;0.01;0.35;2.35;180.00;-0.00;0.50;0.004;-0.26;2.42;1.38;-1.07
1595606612.447;3017;0.45;2.37;203.71;0.35;2.35;180.00;-0.00;0.50;1038;0;0;0;-0.51;0.47;-0.00;0.00;0.00;0.00;0.00;0.00;0.35;2.35;180.00;-0.00;0.50;0.004;-0.26;2.42;1.38;-1.07
1595606612.546;3027;0.45;2.37;203.64;0.35;2.35;180.00;-0.00;0.50;1038;0;0;0;-0.51;0.47;-0.00;0.00;0.00;0.00;0.00;0.00;0.35;2.35;180.00;-0.00;0.50;0.004;-0.26;2.42;1.38;-1.07
1595606612.646;3037;0.45;2.37;203.62;0.35;2.35;180.00;-0.00;0.50;1038;0;0;0;-0.51;0.47;-0.00;0.00;0.00;0.00;0.00;0.00;0.35;2.35;180.00;-0.00;0.50;0.004;-0.26;2.42;1.38;-1.07
1595606612.747;3047;0.45;2.37;203.68;0.35;2.35;180.00;-0.00;0.50;1038;0;0;0;-0.51;0.47;-0.00;0.00;0.00;0.00;0.00;0.00;0.35;2.35;180.00;-0.00;0.50;0.004;-0.26;2.42;1.38;-1.07
1595606612.847;3057;0.45;2.37;203.59;0.35;2.35;180.00;-0.00;0.50;1038;0;0;0;-0.51;0.47;-0.00;0.00;0.00;0.00;0.01;0.00;0.35;2.35;180.00;-0.00;0.50;0.004;-0.26;2.42;1.38;-1.07
1595606612.946;3067;0.45;2.37;203.63;0.35;2.35;180.00;-0.00;0.50;1038;0;0;0;-0.51;0.47;-0.00;0.00;0.00;0.00;0.00;0.00;0.35;2.35;180.00;-0.00;0.50;0.004;-0.26;2.42;1.38;-1.07
1595606613.046;3077;0.45;2.37;203.65;0.35;2.35;180.00;-0.00;0.50;1038;0;0;0;-0.51;0.47;-0.00;0.00;0.00;0.00;0.00;0.00;0.35;2.35;180.00;-0.00;0.50;0.004;-0.26;2.42;1.38;-1.07
1595606613.147;3087;0.45;2.37;203.69;0.35;2.35;180.00;-0.00;0.50;1038;0;0;0;-0.51;0.47;-0.00;0.00;0.00;0.00;0.01;0.00;0.35;2.35;180.00;-0.00;0.50;0.004;-0.26;2.42;1.38;-1.07
1595606613.247;3097;0.45;2.37;203.67;0.35;2.35;180.00;-0.00;0.50;1038;0;0;0;-0.51;0.47;-0.00;0.00;0.00;0.00;0.00;0.00;0.35;2.35;180.00;-0.00;0.50;0.004;-0.26;2.42;1.38;-1.07
1595606613.355;3108;0.45;2.37;203.75;0.35;2.35;180.00;-0.00;0.50;1038;0;1;0;-0.51;0.47;-0.00;0.00;0.00;0.00;0.00;0.00;0.35;2.35;180.00;-0.00;0.50;0.003;-0.26;2.42;1.38;-1.07
1595606613.444;3117;0.45;2.37;203.66;0.35;2.35;180.00;-0.00;0.50;1038;0;0;0;-0.51;0.47;-0.00;0.00;0.00;0.00;0.00;0.00;0.35;2.35;180.00;-0.00;0.50;0.002;-0.26;2.42;1.38;-1.07
1595606613.547;3127;0.45;2.37;203.60;0.35;2.35;180.00;-0.00;0.50;1038;0;0;0;-0.51;0.47;-0.00;0.00;0.00;0.00;0.00;0.00;0.35;2.35;180.00;-0.00;0.50;0.004;-0.26;2.42;1.38;-1.07
1595606613.647;3137;0.45;2.37;203.72;0.35;2.35;180.00;-0.00;0.50;1038;0;0;0;-0.51;0.47;-0.00;0.00;0.00;0.00;0.00;0.00;0.35;2.35;180.00;-0.00;0.50;0.004;-0.26;2.42;1.38;-1.07
1595606613.744;3147;0.45;2.37;203.62;0.35;2.35;180.00;-0.00;0.50;1038;0;0;0;-0.51;0.47;-0.00;0.00;0.00;0.00;0.00;0.00;0.35;2.35;180.00;-0.00;0.50;0.002;-0.26;2.42;1.38;-1.07
1595606613.844;3157;0.45;2.37;203.67;0.35;2.35;180.00;-0.00;0.50;1038;0;0;0;-0.51;0.47;-0.00;0.00;0.00;0.00;0.00;0.00;0.35;2.35;180.00;-0.00;0.50;0.002;-0.26;2.42;1.38;-1.07
1595606613.944;3167;0.45;2.37;203.70;0.35;2.35;180.00;-0.00;0.50;1038;0;0;0;-0.51;0.47;-0.00;0.00;0.00;0.00;0.00;0.00;0.35;2.35;180.00;-0.00;0.50;0.002;-0.26;2.42;1.38;-1.07
1595606614.044;3177;0.45;2.37;203.61;0.35;2.35;180.00;-0.00;0.50;1038;0;0;0;-0.51;0.47;-0.00;0.00;0.00;0.00;0.00;0.00;0.35;2.35;180.00;-0.00;0.50;0.002;-0.26;2.42;1.38;-1.07
1595606614.144;3187;0.45;2.37;203.65;0.35;2.35;180.00;-0.00;0.50;1038;0;0;0;-0.51;0.47;-0.00;0.00;0.00;0.00;0.00;0.00;0.35;2.35;180.00;-0.00;0.50;0.002;-0.26;2.42;1.38;-1.07
1595606614.244;3197;0.45;2.37;203.71;0.35;2.35;180.00;-0.00;0.50;1038;0;0;0;-0.51;0.47;-0.00;0.00;0.00;0.00;0.00;0.00;0.35;2.35;180.00;-0.00;0.50;0.002;-0.26;2.42;1.38;-1.07
1595606614.351;3208;0.45;2.37;203.60;0.35;2.35;180.00;-0.00;0.50;1038;0;1;0;-0.51;0.47;-0.00;0.00;0.00;0.00;0.00;0.00;0.35;2.35;180.00;-0.00;0.50;0.003;-0.26;2.42;1.38;-1.07
1595606614.444;3217;0.45;2.37;203.67;0.35;2.35;180.00;-0.00;0.50;1038;0;0;0;-0.51;0.47;-0.00;0.00;0.00;0.00;0.01;0.00;0.35;2.35;180.00;-0.00;0.50;0.002;-0.26;2.42;1.38;-1.07
1595606614.544;3227;0.45;2.37;203.65;0.35;2.35;180.00;-0.00;0.50;1038;0;0;0;-0.51;0.47;-0.00;0.00;0.00;0.00;0.00;0.00;0.35;2.35;180.00;-0.00;0.50;0.002;-0.26;2.42;1.38;-1.07
1595606614.644;3237;0.45;2.37;203.61;0.35;2.35;180.00;-0.00;0.50;1038;0;0;0;-0.51;0.47;-0.00;0.00;0.00;0.00;0.01;0.00;0.35;2.35;180.00;-0.00;0.50;0.002;-0.26;2.42;1.38;-1.07
1595606614.744;3247;0.45;2.37;203.73;0.35;2.35;180.00;-0.00;0.50;1038;0;0;0;-0.51;0.47;-0.00;0.00;0.00;0.00;0.00;0.00;0.35;2.35;180.00;-0.00;0.50;0.002;-0.26;2.42;1.38;-1.07
1595606614.844;3257;0.45;2.37;203.73;0.35;2.35;180.00;-0.00;0.50;1038;0;0;0;-0.51;0.47;-0.00;0.00;0.00;0.00;0.00;0.00;0.35;2.35;180.00;-0.00;0.50;0.002;-0.26;2.42;1.38;-1.07
1595606614.944;3267;0.45;2.37;203.63;0.35;2.35;180.00;-0.00;0.50;1038;0;0;0;-0.51;0.47;-0.00;0.00;0.00;0.00;0.01;0.00;0.35;2.35;180.00;-0.00;0.50;0.002;-0.26;2.42;1.38;-1.07
1595606615.044;3277;0.45;2.37;203.61;0.35;2.35;180.00;-0.00;0.50;1038;0;0;0;-0.51;0.47;-0.00;0.00;0.00;0.00;0.01;0.00;0.35;2.35;180.00;-0.00;0.50;0.002;-0.26;2.42;1.38;-1.07
1595606615.144;3287;0.45;2.37;203.60;0.35;2.35;180.00;-0.00;0.50;1038;0;0;0;-0.51;0.47;-0.00;0.00;0.00;0.00;0.00;0.00;0.35;2.35;180.00;-0.00;0.50;0.002;-0.26;2.42;1.38;-1.07
1595606615.244;3297;0.45;2.37;203.72;0.35;2.35;180.00;-0.00;0.50;1038;0;0;0;-0.51;0.47;-0.00;0.00;0.00;0.00;0.00;0.00;0.35;2.35;180.00;-0.00;0.50;0.002;-0.26;2.42;1.38;-1.07
1595606615.357;3308;0.45;2.37;203.65;0.35;2.35;180.00;-0.00;0.50;1038;0;1;0;-0.51;0.47;-0.00;0.00;0.00;0.00;0.00;0.00;0.35;2.35;180.00;-0.00;0.50;0.004;-0.26;2.42;1.38;-1.07
1595606615.447;3317;0.45;2.37;203.78;0.35;2.35;180.00;-0.00;0.50;1038;0;0;0;-0.51;0.47;-0.00;0.00;0.00;0.00;0.00;0.00;0.35;2.35;180.00;-0.00;0.50;0.005;-0.26;2.42;1.38;-1.07
1595606615.547;3327;0.45;2.37;203.69;0.35;2.35;180.00;-0.00;0.50;1038;0;0;0;-0.51;0.47;-0.00;0.00;0.00;0.00;0.00;0.00;0.35;2.35;180.00;-0.00;0.50;0.004;-0.26;2.42;1.38;-1.07
1595606615.644;3337;0.45;2.37;203.66;0.35;2.35;180.00;-0.00;0.50;1038;0;0;0;-0.51;0.47;-0.00;0.00;0.00;0.00;0.00;0.00;0.35;2.35;180.00;-0.00;0.50;0.002;-0.26;2.42;1.38;-1.07
1595606615.746;3347;0.45;2.37;203.57;0.35;2.35;180.00;-0.00;0.50;1038;0;0;0;-0.51;0.47;-0.00;0.00;0.00;0.00;0.00;0.00;0.35;2.35;180.00;-0.00;0.50;0.004;-0.26;2.42;1.38;-1.07
1595606615.846;3357;0.45;2.37;203.66;0.35;2.35;180.00;-0.00;0.50;1038;0;0;0;-0.51;0.47;-0.00;0.00;0.00;0.00;0.00;0.00;0.35;2.35;180.00;-0.00;0.50;0.004;-0.26;2.42;1.38;-1.07
1595606615.947;3367;0.45;2.37;203.69;0.35;2.35;180.00;-0.00;0.50;1038;0;0;0;-0.51;0.47;-0.00;0.00;0.00;0.00;0.00;0.00;0.35;2.35;180.00;-0.00;0.50;0.004;-0.26;2.42;1.38;-1.07
1595606616.047;3377;0.45;2.37;203.83;0.35;2.35;180.00;-0.00;0.50;1038;0;0;0;-0.51;0.47;-0.00;0.00;0.00;0.00;0.00;0.00;0.35;2.35;180.00;-0.00;0.50;0.004;-0.26;2.42;1.38;-1.07
1595606616.146;3387;0.45;2.37;203.64;0.35;2.35;180.00;-0.00;0.50;1038;0;0;0;-0.51;0.47;-0.00;0.00;0.00;0.00;0.00;0.00;0.35;2.35;180.00;-0.00;0.50;0.004;-0.26;2.42;1.38;-1.07
1595606616.246;3397;0.45;2.37;203.62;0.35;2.35;180.00;-0.00;0.50;1038;0;0;0;-0.51;0.47;-0.00;0.00;0.00;0.00;0.00;0.00;0.35;2.35;180.00;-0.00;0.50;0.004;-0.26;2.42;1.38;-1.07
1595606616.358;3408;0.45;2.37;203.69;0.35;2.35;180.00;-0.00;0.50;1038;0;1;0;-0.51;0.47;-0.00;0.00;0.00;0.00;0.00;0.00;0.35;2.35;180.00;-0.00;0.50;0.004;-0.26;2.42;1.38;-1.07
1595606616.447;3417;0.45;2.37;203.70;0.35;2.35;180.00;-0.00;0.50;1038;0;0;0;-0.51;0.47;-0.00;0.00;0.00;0.00;0.00;0.00;0.35;2.35;180.00;-0.00;0.50;0.004;-0.26;2.42;1.38;-1.07
1595606616.547;3427;0.45;2.37;203.65;0.35;2.35;180.00;-0.00;0.50;1038;0;0;0;-0.51;0.47;-0.00;0.00;0.00;0.00;0.01;0.00;0.35;2.35;180.00;-0.00;0.50;0.004;-0.26;2.42;1.38;-1.07
1595606616.647;3437;0.45;2.37;203.67;0.35;2.35;180.00;-0.00;0.50;1038;0;0;0;-0.51;0.47;-0.00;0.00;0.00;0.00;0.00;0.00;0.35;2.35;180.00;-0.00;0.50;0.004;-0.26;2.42;1.38;-1.07
1595606616.747;3447;0.45;2.37;203.61;0.35;2.35;180.00;-0.00;0.50;1038;0;0;0;-0.51;0.47;-0.00;0.00;0.00;0.00;0.00;0.00;0.35;2.35;180.00;-0.00;0.50;0.004;-0.26;2.42;1.38;-1.07
1595606616.847;3457;0.45;2.37;203.62;0.35;2.35;180.00;-0.00;0.50;1038;0;0;0;-0.51;0.47;-0.00;0.00;0.00;0.00;0.00;0.00;0.35;2.35;180.00;-0.00;0.50;0.004;-0.26;2.42;1.38;-1.07
1595606616.944;3467;0.45;2.37;203.60;0.35;2.35;180.00;-0.00;0.50;1038;0;0;0;-0.51;0.47;-0.00;0.00;0.00;0.00;0.00;0.00;0.35;2.35;180.00;-0.00;0.50;0.002;-0.26;2.42;1.38;-1.07
1595606617.044;3477;0.45;2.37;203.76;0.35;2.35;180.00;-0.00;0.50;1038;0;0;0;-0.51;0.47;-0.00;0.00;0.00;0.00;0.00;0.00;0.35;2.35;180.00;-0.00;0.50;0.002;-0.26;2.42;1.38;-1.07
1595606617.147;3487;0.45;2.37;203.67;0.35;2.35;180.00;-0.00;0.50;1038;0;0;0;-0.51;0.47;-0.00;0.00;0.00;0.00;0.00;0.00;0.35;2.35;180.00;-0.00;0.50;0.004;-0.26;2.42;1.38;-1.07
1595606617.247;3497;0.45;2.37;203.66;0.35;2.35;180.00;-0.00;0.50;1038;0;0;0;-0.51;0.47;-0.00;0.00;0.00;-0.00;0.00;0.00;0.35;2.35;180.00;-0.00;0.50;0.004;-0.26;2.42;1.38;-1.07
1595606617.355;3508;0.45;2.37;203.69;0.35;2.35;180.00;-0.00;0.50;1038;0;1;0;-0.51;0.47;-0.00;0.00;0.00;0.00;0.00;0.00;0.35;2.35;180.00;-0.00;0.50;0.002;-0.26;2.42;1.38;-1.07
1595606617.444;3517;0.45;2.37;203.71;0.35;2.35;180.00;-0.00;0.50;1038;0;0;0;-0.51;0.47;-0.00;0.00;0.00;0.00;0.00;0.00;0.35;2.35;180.00;-0.00;0.50;0.002;-0.26;2.42;1.38;-1.07
1595606617.544;3527;0.45;2.37;203.69;0.35;2.35;180.00;-0.00;0.50;1038;0;0;0;-0.51;0.47;-0.00;0.00;0.00;0.00;0.00;0.00;0.35;2.35;180.00;-0.00;0.50;0.002;-0.26;2.42;1.38;-1.07
1595606617.644;3537;0.45;2.37;203.68;0.35;2.35;180.00;-0.00;0.50;1038;0;0;0;-0.51;0.47;-0.00;0.00;0.00;0.00;0.00;0.00;0.35;2.35;180.00;-0.00;0.50;0.002;-0.26;2.42;1.38;-1.07
1595606617.744;3547;0.45;2.37;203.68;0.35;2.35;180.00;-0.00;0.50;1038;0;0;0;-0.51;0.47;-0.00;0.00;0.00;0.00;0.00;0.00;0.35;2.35;180.00;-0.00;0.50;0.002;-0.26;2.42;1.38;-1.07
1595606617.844;3557;0.45;2.37;203.69;0.35;2.35;180.00;-0.00;0.50;1038;0;0;0;-0.51;0.47;-0.00;0.00;0.00;0.00;0.00;0.00;0.35;2.35;180.00;-0.00;0.50;0.002;-0.26;2.42;1.38;-1.07
1595606617.947;3567;0.45;2.37;203.71;0.35;2.35;180.00;-0.00;0.50;1038;0;0;0;-0.51;0.47;-0.00;0.00;0.00;0.00;0.00;0.00;0.35;2.35;180.00;-0.00;0.50;0.004;-0.26;2.42;1.38;-1.07
1595606618.047;3577;0.45;2.37;203.66;0.35;2.35;180.00;-0.00;0.50;1038;0;0;0;-0.51;0.47;-0.00;0.00;0.00;0.00;0.01;0.00;0.35;2.35;180.00;-0.00;0.50;0.004;-0.26;2.42;1.38;-1.07
1595606618.146;3587;0.45;2.37;203.61;0.35;2.35;180.00;-0.00;0.50;1038;0;0;0;-0.51;0.47;-0.00;0.00;0.00;0.00;0.00;0.00;0.35;2.35;180.00;-0.00;0.50;0.004;-0.26;2.42;1.38;-1.07
1595606618.247;3597;0.45;2.37;203.59;0.35;2.35;180.00;-0.00;0.50;1038;0;0;0;-0.51;0.47;-0.00;0.00;0.00;0.00;0.00;0.00;0.35;2.35;180.00;-0.00;0.50;0.004;-0.26;2.42;1.38;-1.07
1595606618.350;3608;0.45;2.37;203.71;0.35;2.35;180.00;-0.00;0.50;1038;0;1;0;-0.51;0.47;-0.00;0.00;0.00;0.00;0.00;0.00;0.35;2.35;180.00;-0.00;0.50;0.002;-0.26;2.42;1.38;-1.07
1595606618.444;3617;0.45;2.37;203.73;0.35;2.35;180.00;-0.00;0.50;1038;0;0;0;-0.51;0.47;-0.00;0.00;0.00;0.00;0.00;0.01;0.35;2.35;180.00;-0.00;0.50;0.002;-0.26;2.42;1.38;-1.07
1595606618.544;3627;0.45;2.37;203.68;0.35;2.35;180.00;-0.00;0.50;1038;0;0;0;-0.51;0.47;-0.00;0.00;0.00;0.00;0.00;0.00;0.35;2.35;180.00;-0.00;0.50;0.002;-0.26;2.42;1.38;-1.07
1595606618.644;3637;0.45;2.37;203.71;0.35;2.35;180.00;-0.00;0.50;1038;0;0;0;-0.51;0.47;-0.00;0.00;0.00;0.00;0.00;0.00;0.35;2.35;180.00;-0.00;0.50;0.002;-0.26;2.42;1.38;-1.07
1595606618.744;3647;0.45;2.37;203.70;0.35;2.35;180.00;-0.00;0.50;1038;0;0;0;-0.51;0.47;-0.00;0.00;0.00;-0.00;0.00;0.00;0.35;2.35;180.00;-0.00;0.50;0.002;-0.26;2.42;1.38;-1.07
1595606618.847;3657;0.45;2.37;203.66;0.35;2.35;180.00;-0.00;0.50;1038;0;0;0;-0.51;0.47;-0.00;0.00;0.00;-0.00;0.00;-0.00;0.35;2.35;180.00;-0.00;0.50;0.004;-0.26;2.42;1.38;-1.07
1595606618.946;3667;0.45;2.37;203.70;0.35;2.35;180.00;-0.00;0.50;1038;0;0;0;-0.51;0.47;-0.00;0.00;0.00;0.00;0.00;0.00;0.35;2.35;180.00;-0.00;0.50;0.004;-0.26;2.42;1.38;-1.07
1595606619.047;3677;0.45;2.37;203.67;0.35;2.35;180.00;-0.00;0.50;1038;0;0;0;-0.51;0.47;-0.00;0.00;0.00;0.00;0.00;0.00;0.35;2.35;180.00;-0.00;0.50;0.004;-0.26;2.42;1.38;-1.07
1595606619.146;3687;0.45;2.37;203.64;0.35;2.35;180.00;-0.00;0.50;1038;0;0;0;-0.51;0.47;-0.00;0.00;0.00;0.00;0.00;0.00;0.35;2.35;180.00;-0.00;0.50;0.004;-0.26;2.42;1.38;-1.07
1595606619.246;3697;0.45;2.37;203.67;0.35;2.35;180.00;-0.00;0.50;1038;0;0;0;-0.51;0.47;-0.00;0.00;0.00;0.00;0.00;0.00;0.35;2.35;180.00;-0.00;0.50;0.004;-0.26;2.42;1.38;-1.07
1595606619.358;3708;0.45;2.37;203.61;0.35;2.35;180.00;-0.00;0.50;1038;0;1;0;-0.51;0.47;-0.00;0.00;0.00;0.00;0.00;0.00;0.35;2.35;180.00;-0.00;0.50;0.004;-0.26;2.42;1.38;-1.07
1595606619.447;3717;0.45;2.37;203.67;0.35;2.35;180.00;-0.00;0.50;1038;0;0;0;-0.51;0.47;-0.00;0.00;0.00;-0.00;0.00;0.00;0.35;2.35;180.00;-0.00;0.50;0.004;-0.26;2.42;1.38;-1.07
1595606619.546;3727;0.45;2.37;203.71;0.35;2.35;180.00;-0.00;0.50;1038;0;0;0;-0.51;0.47;-0.00;0.00;0.00;-0.00;0.00;0.00;0.35;2.35;180.00;-0.00;0.50;0.004;-0.26;2.42;1.38;-1.07
1595606619.647;3737;0.45;2.37;203.68;0.35;2.35;180.00;-0.00;0.50;1038;0;0;0;-0.51;0.47;-0.00;0.00;0.00;0.00;0.00;0.00;0.35;2.35;180.00;-0.00;0.50;0.004;-0.26;2.42;1.38;-1.07
1595606619.747;3747;0.45;2.37;203.61;0.35;2.35;180.00;-0.00;0.50;1038;0;0;0;-0.51;0.47;-0.00;0.00;0.00;0.00;0.00;0.01;0.35;2.35;180.00;-0.00;0.50;0.004;-0.26;2.42;1.38;-1.07
1595606619.846;3757;0.45;2.37;203.65;0.35;2.35;180.00;-0.00;0.50;1038;0;0;0;-0.51;0.47;-0.00;0.00;0.00;0.00;0.00;0.00;0.35;2.35;180.00;-0.00;0.50;0.004;-0.26;2.42;1.38;-1.07
1595606619.947;3767;0.45;2.37;203.70;0.35;2.35;180.00;-0.00;0.50;1038;0;0;0;-0.51;0.47;-0.00;0.00;0.00;0.00;0.00;0.00;0.35;2.35;180.00;-0.00;0.50;0.004;-0.26;2.42;1.38;-1.07
1595606620.047;3777;0.45;2.37;203.77;0.35;2.35;180.00;-0.00;0.50;1038;0;0;0;-0.51;0.47;-0.00;0.00;0.00;-0.00;0.01;0.00;0.35;2.35;180.00;-0.00;0.50;0.004;-0.26;2.42;1.38;-1.07
1595606620.147;3787;0.45;2.37;203.62;0.35;2.35;180.00;-0.00;0.50;1038;0;0;0;-0.51;0.47;-0.00;0.00;0.00;0.00;0.00;0.00;0.35;2.35;180.00;-0.00;0.50;0.004;-0.26;2.42;1.38;-1.07
1595606620.246;3797;0.45;2.37;203.58;0.35;2.35;180.00;-0.00;0.50;1038;0;0;0;-0.51;0.47;-0.00;0.00;0.00;0.00;0.00;0.00;0.35;2.35;180.00;-0.00;0.50;0.004;-0.26;2.42;1.38;-1.07
1595606620.358;3808;0.45;2.37;203.73;0.35;2.35;180.00;-0.00;0.50;1038;0;1;0;-0.51;0.47;-0.00;0.00;0.00;0.00;0.01;0.00;0.35;2.35;180.00;-0.00;0.50;0.004;-0.26;2.42;1.38;-1.07
1595606620.447;3817;0.45;2.37;203.61;0.35;2.35;180.00;-0.00;0.50;1038;0;0;0;-0.51;0.47;-0.00;0.00;0.00;0.00;0.00;0.00;0.35;2.35;180.00;-0.00;0.50;0.004;-0.26;2.42;1.38;-1.07
1595606620.547;3827;0.45;2.37;203.60;0.35;2.35;180.00;-0.00;0.50;1038;0;0;0;-0.51;0.47;-0.00;0.00;0.00;0.00;0.00;0.00;0.35;2.35;180.00;-0.00;0.50;0.004;-0.26;2.42;1.38;-1.07
1595606620.647;3837;0.45;2.37;203.67;0.35;2.35;180.00;-0.00;0.50;1038;0;0;0;-0.51;0.47;-0.00;0.00;0.00;0.00;0.01;-0.00;0.35;2.35;180.00;-0.00;0.50;0.004;-0.26;2.42;1.38;-1.07
1595606620.744;3847;0.45;2.37;203.68;0.35;2.35;180.00;-0.00;0.50;1038;0;0;0;-0.51;0.47;-0.00;0.00;0.00;0.00;0.00;0.00;0.35;2.35;180.00;-0.00;0.50;0.002;-0.26;2.42;1.38;-1.07
1595606620.844;3857;0.45;2.37;203.70;0.35;2.35;180.00;-0.00;0.50;1038;0;0;0;-0.51;0.47;-0.00;0.00;0.00;0.00;0.00;0.00;0.35;2.35;180.00;-0.00;0.50;0.002;-0.26;2.42;1.38;-1.07
1595606620.944;3867;0.45;2.37;203.66;0.35;2.35;180.00;-0.00;0.50;1038;0;0;0;-0.51;0.47;-0.00;0.00;0.00;0.00;0.00;0.01;0.35;2.35;180.00;-0.00;0.50;0.002;-0.26;2.42;1.38;-1.07
1595606621.044;3877;0.45;2.37;203.66;0.35;2.35;180.00;-0.00;0.50;1038;0;0;0;-0.51;0.47;-0.00;0.00;0.00;0.00;0.00;0.00;0.35;2.35;180.00;-0.00;0.50;0.002;-0.26;2.42;1.38;-1.07
1595606621.144;3887;0.45;2.37;203.71;0.35;2.35;180.00;-0.00;0.50;1038;0;0;0;-0.51;0.47;-0.00;0.00;0.00;0.00;0.00;0.01;0.35;2.35;180.00;-0.00;0.50;0.002;-0.26;2.42;1.38;-1.07
1595606621.244;3897;0.45;2.37;203.61;0.35;2.35;180.00;-0.00;0.50;1038;0;0;0;-0.51;0.47;-0.00;0.00;0.00;0.00;0.00;0.00;0.35;2.35;180.00;-0.00;0.50;0.002;-0.26;2.42;1.38;-1.07
1595606621.351;3908;0.45;2.37;203.57;0.35;2.35;180.00;-0.00;0.50;1038;0;1;0;-0.51;0.47;-0.00;0.00;0.00;0.00;0.01;0.00;0.35;2.35;180.00;-0.00;0.50;0.003;-0.26;2.42;1.38;-1.07
1595606621.444;3917;0.45;2.37;203.72;0.35;2.35;180.00;-0.00;0.50;1038;0;0;0;-0.51;0.47;-0.00;0.00;0.00;0.00;0.00;0.00;0.35;2.35;180.00;-0.00;0.50;0.002;-0.26;2.42;1.38;-1.07
1595606621.544;3927;0.45;2.37;203.67;0.35;2.35;180.00;-0.00;0.50;1038;0;0;0;-0.51;0.47;-0.00;0.00;0.00;0.00;0.00;0.00;0.35;2.35;180.00;-0.00;0.50;0.002;-0.26;2.42;1.38;-1.07
1595606621.644;3937;0.45;2.37;203.62;0.35;2.35;180.00;-0.00;0.50;1038;0;0;0;-0.51;0.47;-0.00;0.00;0.00;0.00;0.01;0.00;0.35;2.35;180.00;-0.00;0.50;0.002;-0.26;2.42;1.38;-1.07
1595606621.744;3947;0.45;2.37;203.67;0.35;2.35;180.00;-0.00;0.50;1038;0;0;0;-0.51;0.47;-0.00;0.00;0.00;-0.00;0.00;0.00;0.35;2.35;180.00;-0.00;0.50;0.002;-0.26;2.42;1.38;-1.07
1595606621.844;3957;0.45;2.37;203.67;0.35;2.35;180.00;-0.00;0.50;1038;0;0;0;-0.51;0.47;-0.00;0.00;0.00;0.00;0.00;0.00;0.35;2.35;180.00;-0.00;0.50;0.002;-0.26;2.42;1.38;-1.07
1595606621.947;3967;0.45;2.37;203.70;0.35;2.35;180.00;-0.00;0.50;1038;0;0;0;-0.51;0.47;-0.00;0.00;0.00;0.00;0.00;0.00;0.35;2.35;180.00;-0.00;0.50;0.004;-0.26;2.42;1.38;-1.07
1595606622.044;3977;0.45;2.37;203.61;0.35;2.35;180.00;-0.00;0.50;1038;0;0;0;-0.51;0.47;-0.00;0.00;0.00;0.00;0.00;0.00;0.35;2.35;180.00;-0.00;0.50;0.002;-0.26;2.42;1.38;-1.07
1595606622.144;3987;0.45;2.37;203.68;0.35;2.35;180.00;-0.00;0.50;1038;0;0;0;-0.51;0.47;-0.00;0.00;0.00;0.00;0.00;0.00;0.35;2.35;180.00;-0.00;0.50;0.002;-0.26;2.42;1.38;-1.07
1595606622.247;3997;0.45;2.37;203.65;0.35;2.35;180.00;-0.00;0.50;1038;0;0;0;-0.51;0.47;-0.00;0.00;0.00;0.00;0.00;0.01;0.35;2.35;180.00;-0.00;0.50;0.004;-0.26;2.42;1.38;-1.07
1595606622.350;4007;0.45;2.37;203.64;0.35;2.35;180.00;-0.00;0.50;1038;0;1;0;-0.51;0.47;-0.00;0.00;0.00;0.00;0.01;0.00;0.35;2.35;180.00;-0.00;0.50;0.002;-0.26;2.42;1.38;-1.07
1595606622.444;4017;0.45;2.37;203.65;0.35;2.35;180.00;-0.00;0.50;1038;0;0;0;-0.51;0.47;-0.00;0.00;0.00;0.00;0.00;0.00;0.35;2.35;180.00;-0.00;0.50;0.002;-0.26;2.42;1.38;-1.07
1595606622.544;4027;0.45;2.37;203.69;0.35;2.35;180.00;-0.00;0.50;1038;0;0;0;-0.51;0.47;-0.00;0.00;0.00;0.00;0.00;0.01;0.35;2.35;180.00;-0.00;0.50;0.002;-0.26;2.42;1.38;-1.07
1595606622.644;4037;0.45;2.37;203.70;0.35;2.35;180.00;-0.00;0.50;1038;0;0;0;-0.51;0.47;-0.00;0.00;0.00;0.00;0.00;0.00;0.35;2.35;180.00;-0.00;0.50;0.002;-0.26;2.42;1.38;-1.07
1595606622.744;4047;0.45;2.37;203.62;0.35;2.35;180.00;-0.00;0.50;1038;0;0;0;-0.51;0.47;-0.00;0.00;0.00;0.00;0.00;0.00;0.35;2.35;180.00;-0.00;0.50;0.002;-0.26;2.42;1.38;-1.07
1595606622.844;4057;0.45;2.37;203.68;0.35;2.35;180.00;-0.00;0.50;1038;0;0;0;-0.51;0.47;-0.00;0.00;0.00;0.00;0.00;0.00;0.35;2.35;180.00;-0.00;0.50;0.002;-0.26;2.42;1.38;-1.07
1595606622.944;4067;0.45;2.37;203.78;0.35;2.35;180.00;-0.00;0.50;1038;0;0;0;-0.51;0.47;-0.00;0.00;0.00;-0.00;0.00;0.00;0.35;2.35;180.00;-0.00;0.50;0.002;-0.26;2.42;1.38;-1.07
1595606623.044;4077;0.45;2.37;203.67;0.35;2.35;180.00;-0.00;0.50;1038;0;0;0;-0.51;0.47;-0.00;0.00;0.00;0.00;0.00;0.00;0.35;2.35;180.00;-0.00;0.50;0.002;-0.26;2.42;1.38;-1.07
1595606623.144;4087;0.45;2.37;203.67;0.35;2.35;180.00;-0.00;0.50;1038;0;0;0;-0.51;0.47;-0.00;0.00;0.00;-0.00;0.00;0.00;0.35;2.35;180.00;-0.00;0.50;0.002;-0.26;2.42;1.38;-1.07
1595606623.244;4097;0.45;2.37;203.60;0.35;2.35;180.00;-0.00;0.50;1038;0;0;0;-0.51;0.47;-0.00;0.00;0.00;-0.00;0.01;0.00;0.35;2.35;180.00;-0.00;0.50;0.002;-0.26;2.42;1.38;-1.07
1595606623.350;4107;0.45;2.37;203.63;0.35;2.35;180.00;-0.00;0.50;1038;0;1;0;-0.51;0.47;-0.00;0.00;0.00;0.00;0.00;0.01;0.35;2.35;180.00;-0.00;0.50;0.002;-0.26;2.42;1.38;-1.07
1595606623.444;4117;0.45;2.37;203.68;0.35;2.35;180.00;-0.00;0.50;1038;0;0;0;-0.51;0.47;-0.00;0.00;0.00;0.00;0.00;0.00;0.35;2.35;180.00;-0.00;0.50;0.002;-0.26;2.42;1.38;-1.07
1595606623.544;4127;0.45;2.37;203.71;0.35;2.35;180.00;-0.00;0.50;1038;0;0;0;-0.51;0.47;-0.00;0.00;0.00;0.00;0.00;0.00;0.35;2.35;180.00;-0.00;0.50;0.002;-0.26;2.42;1.38;-1.07
1595606623.644;4137;0.45;2.37;203.66;0.35;2.35;180.00;-0.00;0.50;1038;0;0;0;-0.51;0.47;-0.00;0.00;0.00;0.00;0.00;0.01;0.35;2.35;180.00;-0.00;0.50;0.002;-0.26;2.42;1.38;-1.07
1595606623.744;4147;0.45;2.37;203.69;0.35;2.35;180.00;-0.00;0.50;1038;0;0;0;-0.51;0.47;-0.00;0.00;0.00;0.00;0.00;0.01;0.35;2.35;180.00;-0.00;0.50;0.002;-0.26;2.42;1.38;-1.07
1595606623.844;4157;0.45;2.37;203.71;0.35;2.35;180.00;-0.00;0.50;1038;0;0;0;-0.51;0.47;-0.00;0.00;0.00;0.00;0.00;0.00;0.35;2.35;180.00;-0.00;0.50;0.002;-0.26;2.42;1.38;-1.07
1595606623.944;4167;0.45;2.37;203.71;0.35;2.35;180.00;-0.00;0.50;1038;0;0;0;-0.51;0.47;-0.00;0.00;0.00;0.00;0.00;0.00;0.35;2.35;180.00;-0.00;0.50;0.002;-0.26;2.42;1.38;-1.07
1595606624.044;4177;0.45;2.37;203.72;0.35;2.35;180.00;-0.00;0.50;1038;0;0;0;-0.51;0.47;-0.00;0.00;0.00;0.00;0.00;0.00;0.35;2.35;180.00;-0.00;0.50;0.002;-0.26;2.42;1.38;-1.07
1595606624.147;4187;0.45;2.37;203.68;0.35;2.35;180.00;-0.00;0.50;1038;0;0;0;-0.51;0.47;-0.00;0.00;0.00;0.00;0.00;0.00;0.35;2.35;180.00;-0.00;0.50;0.004;-0.26;2.42;1.38;-1.07
1595606624.247;4197;0.45;2.37;203.70;0.35;2.35;180.00;-0.00;0.50;1038;0;0;0;-0.51;0.47;-0.00;0.00;0.00;0.00;0.00;0.01;0.35;2.35;180.00;-0.00;0.50;0.004;-0.26;2.42;1.38;-1.07
1595606624.355;4208;0.45;2.37;203.61;0.35;2.35;180.00;-0.00;0.50;1038;0;1;0;-0.51;0.47;-0.00;0.00;0.00;0.00;0.00;0.00;0.35;2.35;180.00;-0.00;0.50;0.002;-0.26;2.42;1.38;-1.07
1595606624.444;4217;0.45;2.37;203.65;0.35;2.35;180.00;-0.00;0.50;1038;0;0;0;-0.51;0.47;-0.00;0.00;0.00;0.00;0.00;0.00;0.35;2.35;180.00;-0.00;0.50;0.002;-0.26;2.42;1.38;-1.07
1595606624.544;4227;0.45;2.37;203.67;0.35;2.35;180.00;-0.00;0.50;1038;0;0;0;-0.51;0.47;-0.00;0.00;0.00;0.00;0.00;0.00;0.35;2.35;180.00;-0.00;0.50;0.002;-0.26;2.42;1.38;-1.07
1595606624.644;4237;0.45;2.37;203.64;0.35;2.35;180.00;-0.00;0.50;1038;0;0;0;-0.51;0.47;-0.00;0.00;0.00;-0.00;0.00;0.00;0.35;2.35;180.00;-0.00;0.50;0.002;-0.26;2.42;1.38;-1.07
1595606624.744;4247;0.45;2.37;203.67;0.35;2.35;180.00;-0.00;0.50;1038;0;0;0;-0.51;0.47;-0.00;0.00;0.00;0.00;0.00;0.00;0.35;2.35;180.00;-0.00;0.50;0.002;-0.26;2.42;1.38;-1.07
1595606624.844;4257;0.45;2.37;203.70;0.35;2.35;180.00;-0.00;0.50;1038;0;0;0;-0.51;0.47;-0.00;0.00;0.00;0.00;0.00;0.01;0.35;2.35;180.00;-0.00;0.50;0.002;-0.26;2.42;1.38;-1.07
1595606624.944;4267;0.45;2.37;203.67;0.35;2.35;180.00;-0.00;0.50;1038;0;0;0;-0.51;0.47;-0.00;0.00;0.00;0.00;0.00;0.00;0.35;2.35;180.00;-0.00;0.50;0.002;-0.26;2.42;1.38;-1.07
1595606625.044;4277;0.45;2.37;203.68;0.35;2.35;180.00;-0.00;0.50;1038;0;0;0;-0.51;0.47;-0.00;0.00;0.00;0.00;0.00;0.00;0.35;2.35;180.00;-0.00;0.50;0.002;-0.26;2.42;1.38;-1.07
1595606625.144;4287;0.45;2.37;203.66;0.35;2.35;180.00;-0.00;0.50;1038;0;0;0;-0.51;0.47;-0.00;0.00;0.00;0.00;0.01;0.00;0.35;2.35;180.00;-0.00;0.50;0.002;-0.26;2.42;1.38;-1.07
1595606625.244;4297;0.45;2.37;203.66;0.35;2.35;180.00;-0.00;0.50;1038;0;0;0;-0.51;0.47;-0.00;0.00;0.00;0.00;0.00;0.01;0.35;2.35;180.00;-0.00;0.50;0.002;-0.26;2.42;1.38;-1.07
1595606625.350;4307;0.45;2.37;203.68;0.35;2.35;180.00;-0.00;0.50;1038;0;1;0;-0.51;0.47;-0.00;0.00;0.00;-0.00;0.00;0.00;0.35;2.35;180.00;-0.00;0.50;0.002;-0.26;2.42;1.38;-1.07
1595606625.447;4317;0.45;2.37;203.82;0.35;2.35;180.00;-0.00;0.50;1038;0;0;0;-0.51;0.47;-0.00;0.00;0.00;-0.00;0.01;0.00;0.35;2.35;180.00;-0.00;0.50;0.004;-0.26;2.42;1.38;-1.07
1595606625.547;4327;0.45;2.37;203.62;0.35;2.35;180.00;-0.00;0.50;1038;0;0;0;-0.51;0.47;-0.00;0.00;0.00;0.00;0.00;0.00;0.35;2.35;180.00;-0.00;0.50;0.004;-0.26;2.42;1.38;-1.07
1595606625.647;4337;0.45;2.37;203.63;0.35;2.35;180.00;-0.00;0.50;1038;0;0;0;-0.51;0.47;-0.00;0.00;0.00;0.00;0.00;0.01;0.35;2.35;180.00;-0.00;0.50;0.005;-0.26;2.42;1.38;-1.07
1595606625.747;4347;0.45;2.37;203.74;0.35;2.35;180.00;-0.00;0.50;1038;0;0;0;-0.51;0.47;-0.00;0.00;0.00;0.00;0.00;0.00;0.35;2.35;180.00;-0.00;0.50;0.004;-0.26;2.42;1.38;-1.07
1595606625.847;4357;0.45;2.37;203.66;0.35;2.35;180.00;-0.00;0.50;1038;0;0;0;-0.51;0.47;-0.00;0.00;0.00;0.00;0.00;0.00;0.35;2.35;180.00;-0.00;0.50;0.004;-0.26;2.42;1.38;-1.07
1595606625.947;4367;0.45;2.37;203.69;0.35;2.35;180.00;-0.00;0.50;1038;0;0;0;-0.51;0.47;-0.00;0.00;0.00;0.00;0.00;0.00;0.35;2.35;180.00;-0.00;0.50;0.004;-0.26;2.42;1.38;-1.07
1595606626.047;4377;0.45;2.37;203.59;0.35;2.35;180.00;-0.00;0.50;1038;0;0;0;-0.51;0.47;-0.00;0.00;0.00;0.00;0.00;0.00;0.35;2.35;180.00;-0.00;0.50;0.004;-0.26;2.42;1.38;-1.07
1595606626.147;4387;0.45;2.37;203.70;0.35;2.35;180.00;-0.00;0.50;1038;0;0;0;-0.51;0.47;-0.00;0.00;0.00;0.00;0.01;0.00;0.35;2.35;180.00;-0.00;0.50;0.005;-0.26;2.42;1.38;-1.07
1595606626.247;4397;0.45;2.37;203.66;0.35;2.35;180.00;-0.00;0.50;1038;0;0;0;-0.51;0.47;-0.00;0.00;0.00;0.00;0.01;0.00;0.35;2.35;180.00;-0.00;0.50;0.004;-0.26;2.42;1.38;-1.07
1595606626.355;4408;0.45;2.37;203.72;0.35;2.35;180.00;-0.00;0.50;1038;0;1;0;-0.51;0.47;-0.00;0.00;0.00;0.00;0.00;0.00;0.35;2.35;180.00;-0.00;0.50;0.002;-0.26;2.42;1.38;-1.07
1595606626.444;4417;0.45;2.37;203.57;0.35;2.35;180.00;-0.00;0.50;1038;0;0;0;-0.51;0.47;-0.00;0.00;0.00;0.00;0.00;0.01;0.35;2.35;180.00;-0.00;0.50;0.002;-0.26;2.42;1.38;-1.07
1595606626.544;4427;0.45;2.37;203.66;0.35;2.35;180.00;-0.00;0.50;1038;0;0;0;-0.51;0.47;-0.00;0.00;0.00;0.00;0.00;0.00;0.35;2.35;180.00;-0.00;0.50;0.002;-0.26;2.42;1.38;-1.07
1595606626.644;4437;0.45;2.37;203.63;0.35;2.35;180.00;-0.00;0.50;1038;0;0;0;-0.51;0.47;-0.00;0.00;0.00;0.00;0.00;0.00;0.35;2.35;180.00;-0.00;0.50;0.002;-0.26;2.42;1.38;-1.07
1595606626.744;4447;0.45;2.37;203.65;0.35;2.35;180.00;-0.00;0.50;1038;0;0;0;-0.51;0.47;-0.00;0.00;0.00;0.00;0.00;0.00;0.35;2.35;180.00;-0.00;0.50;0.002;-0.26;2.42;1.38;-1.07
1595606626.844;4457;0.45;2.37;203.59;0.35;2.35;180.00;-0.00;0.50;1038;0;0;0;-0.51;0.47;-0.00;0.00;0.00;-0.00;0.00;0.00;0.35;2.35;180.00;-0.00;0.50;0.002;-0.26;2.42;1.38;-1.07
1595606626.944;4467;0.45;2.37;203.74;0.35;2.35;180.00;-0.00;0.50;1038;0;0;0;-0.51;0.47;-0.00;0.00;0.00;-0.00;0.00;0.00;0.35;2.35;180.00;-0.00;0.50;0.002;-0.26;2.42;1.38;-1.07
1595606627.046;4477;0.45;2.37;203.73;0.35;2.35;180.00;-0.00;0.50;1038;0;0;0;-0.51;0.47;-0.00;0.00;0.00;0.00;0.00;0.00;0.35;2.35;180.00;-0.00;0.50;0.004;-0.26;2.42;1.38;-1.07
1595606627.147;4487;0.45;2.37;203.76;0.35;2.35;180.00;-0.00;0.50;1038;0;0;0;-0.51;0.47;-0.00;0.00;0.00;0.00;0.00;0.00;0.35;2.35;180.00;-0.00;0.50;0.004;-0.26;2.42;1.38;-1.07
1595606627.246;4497;0.45;2.37;203.65;0.35;2.35;180.00;-0.00;0.50;1038;0;0;0;-0.51;0.47;-0.00;0.00;0.00;0.00;0.00;0.00;0.35;2.35;180.00;-0.00;0.50;0.004;-0.26;2.42;1.38;-1.07
1595606627.358;4508;0.45;2.37;203.68;0.35;2.35;180.00;-0.00;0.50;1038;0;1;0;-0.51;0.47;-0.00;0.00;0.00;0.00;0.00;0.00;0.35;2.35;180.00;-0.00;0.50;0.004;-0.26;2.42;1.38;-1.07
1595606627.447;4517;0.45;2.37;203.63;0.35;2.35;180.00;-0.00;0.50;1038;0;0;0;-0.51;0.47;-0.00;0.00;0.00;0.00;0.00;0.00;0.35;2.35;180.00;-0.00;0.50;0.004;-0.26;2.42;1.38;-1.07
1595606627.546;4527;0.45;2.37;203.72;0.35;2.35;180.00;-0.00;0.50;1038;0;0;0;-0.51;0.47;-0.00;0.00;0.00;0.00;0.00;0.00;0.35;2.35;180.00;-0.00;0.50;0.004;-0.26;2.42;1.38;-1.07
1595606627.646;4537;0.45;2.37;203.70;0.35;2.35;180.00;-0.00;0.50;1038;0;0;0;-0.51;0.47;-0.00;0.00;0.00;0.00;0.00;0.00;0.35;2.35;180.00;-0.00;0.50;0.004;-0.26;2.42;1.38;-1.07
1595606627.747;4547;0.45;2.37;203.62;0.35;2.35;180.00;-0.00;0.50;1038;0;0;0;-0.51;0.47;-0.00;0.00;0.00;0.00;0.01;0.00;0.35;2.35;180.00;-0.00;0.50;0.004;-0.26;2.42;1.38;-1.07
1595606627.847;4557;0.45;2.37;203.59;0.35;2.35;180.00;-0.00;0.50;1038;0;0;0;-0.51;0.47;-0.00;0.00;0.00;0.00;0.00;0.00;0.35;2.35;180.00;-0.00;0.50;0.005;-0.26;2.42;1.38;-1.07
1595606627.947;4567;0.45;2.37;203.84;0.35;2.35;180.00;-0.00;0.50;1038;0;0;0;-0.51;0.47;-0.00;0.00;0.00;0.00;0.00;0.00;0.35;2.35;180.00;-0.00;0.50;0.004;-0.26;2.42;1.38;-1.07
1595606628.046;4577;0.45;2.37;203.62;0.35;2.35;180.00;-0.00;0.50;1038;0;0;0;-0.51;0.47;-0.00;0.00;0.00;0.00;0.00;0.01;0.35;2.35;180.00;-0.00;0.50;0.004;-0.26;2.42;1.38;-1.07
1595606628.146;4587;0.45;2.37;203.70;0.35;2.35;180.00;-0.00;0.50;1038;0;0;0;-0.51;0.47;-0.00;0.00;0.00;0.00;0.00;0.00;0.35;2.35;180.00;-0.00;0.50;0.004;-0.26;2.42;1.38;-1.07
1595606628.246;4597;0.45;2.37;203.72;0.35;2.35;180.00;-0.00;0.50;1038;0;0;0;-0.51;0.47;-0.00;0.00;0.00;-0.00;0.00;0.00;0.35;2.35;180.00;-0.00;0.50;0.004;-0.26;2.42;1.38;-1.07
1595606628.355;4608;0.45;2.37;203.72;0.35;2.35;180.00;-0.00;0.50;1038;0;1;0;-0.51;0.47;-0.00;0.00;0.00;0.00;0.00;0.00;0.35;2.35;180.00;-0.00;0.50;0.003;-0.26;2.42;1.38;-1.07
