t;frame;x;y;z;x_ref;y_ref;z_ref;delta_ref;u_ref;state;ellipse;control;action;delta;u;vx;vy;vz;wx;wy;wz;xr;yr;zr;delr;ur
1595263690.240;11;-1.13;0.10;-177.56;-1.15;0.18;193.50;0.54;0.50;281;1;1;5;-0.14;-0.02;-0.00;0.00;0.00;-0.00;0.01;0.00;-1.13;0.20;180.00;-0.00;-0.50;0.021
1595263690.306;17;-1.13;0.10;-177.48;-1.57;-0.11;235.14;0.53;0.50;281;2;1;5;0.79;0.01;-0.00;0.00;0.00;-0.00;0.00;0.00;-1.15;0.18;193.50;0.54;0.50;0.011
1595263690.402;27;-1.13;0.10;-177.56;-1.57;-0.11;235.14;0.53;0.50;281;2;1;5;0.79;0.04;-0.00;0.00;0.00;-0.00;0.00;0.00;-1.15;0.18;193.50;0.54;0.50;0.007
1595263690.502;37;-1.13;0.10;-177.25;-1.57;-0.11;235.14;0.53;0.50;281;2;1;5;0.79;0.07;-0.00;0.00;0.00;-0.00;0.00;0.07;-1.15;0.18;193.50;0.54;0.50;0.007
1595263690.602;47;-1.13;0.10;-176.60;-1.57;-0.11;235.14;0.53;0.50;281;2;1;5;0.79;0.09;0.02;0.00;0.00;-0.01;0.00;0.11;-1.15;0.18;193.50;0.54;0.50;0.007
1595263690.702;57;-1.14;0.09;-175.36;-1.57;-0.11;235.14;0.53;0.50;281;2;1;5;0.79;0.12;0.05;0.00;0.00;-0.01;0.00;0.20;-1.15;0.18;193.50;0.54;0.50;0.007
1595263690.802;67;-1.15;0.09;-173.87;-1.57;-0.11;235.14;0.53;0.50;281;2;1;5;0.79;0.14;0.06;0.00;0.00;-0.01;0.01;0.24;-1.17;0.17;194.78;0.54;0.50;0.007
1595263690.902;77;-1.16;0.09;-171.90;-1.57;-0.11;235.14;0.53;0.50;281;2;1;5;0.79;0.16;0.10;0.00;0.00;-0.01;0.00;0.34;-1.18;0.17;196.06;0.54;0.50;0.007
1595263691.002;87;-1.17;0.08;-169.50;-1.57;-0.11;235.14;0.53;0.50;281;2;1;5;0.77;0.18;0.12;0.00;0.00;-0.01;0.00;0.40;-1.20;0.16;197.33;0.54;0.50;0.007
1595263691.102;97;-1.18;0.08;-166.73;-1.57;-0.11;235.14;0.53;0.50;281;2;1;5;0.70;0.19;0.10;0.00;0.00;-0.01;-0.00;0.48;-1.21;0.16;198.61;0.54;0.50;0.007
1595263691.202;107;-1.20;0.07;-163.95;-1.57;-0.11;235.14;0.53;0.50;281;2;1;5;0.64;0.21;0.16;0.00;0.00;-0.01;0.00;0.49;-1.23;0.15;199.88;0.54;0.50;0.007
1595263691.302;117;-1.21;0.06;-161.19;-1.57;-0.11;235.14;0.53;0.50;281;2;1;5;0.58;0.22;0.18;0.00;0.00;-0.01;0.00;0.48;-1.24;0.15;201.15;0.54;0.50;0.007
1595263691.403;127;-1.23;0.05;-158.60;-1.57;-0.11;235.14;0.53;0.50;281;2;1;5;0.54;0.23;0.14;0.00;0.00;-0.00;0.00;0.45;-1.27;0.14;203.69;0.54;0.50;0.007
1595263691.502;137;-1.25;0.04;-156.14;-1.57;-0.11;235.14;0.53;0.50;281;2;1;5;0.50;0.24;0.20;0.00;0.00;-0.00;-0.00;0.43;-1.28;0.13;204.96;0.54;0.50;0.007
1595263691.602;147;-1.27;0.03;-153.79;-1.57;-0.11;235.14;0.53;0.50;281;2;1;5;0.48;0.25;0.21;0.00;0.00;-0.00;-0.01;0.41;-1.31;0.12;207.50;0.54;0.50;0.007
1595263691.703;157;-1.29;0.02;-151.42;-1.57;-0.11;235.14;0.53;0.50;281;2;1;5;0.44;0.26;0.22;0.00;0.00;0.00;-0.00;0.40;-1.33;0.11;208.76;0.54;0.50;0.007
1595263691.802;167;-1.30;0.01;-149.35;-1.57;-0.11;235.14;0.53;0.50;281;2;1;5;0.44;0.27;0.17;0.00;0.00;0.00;0.01;0.38;-1.35;0.09;211.29;0.54;0.50;0.007
1595263691.903;177;-1.32;-0.01;-147.23;-1.57;-0.11;235.14;0.53;0.50;281;2;1;5;0.44;0.28;0.25;0.00;0.00;-0.01;0.00;0.37;-1.38;0.08;213.82;0.54;0.50;0.007
1595263691.999;186;-1.34;-0.02;-145.10;-1.57;-0.11;235.14;0.53;0.50;281;2;1;5;0.43;0.29;0.25;0.00;0.00;-0.00;-0.01;0.39;-1.40;0.06;216.34;0.54;0.50;0.003
1595263692.099;196;-1.36;-0.04;-142.77;-1.57;-0.11;235.14;0.53;0.50;281;2;1;5;0.42;0.30;0.20;0.00;0.00;-0.01;0.00;0.40;-1.43;0.04;218.86;0.54;0.50;0.003
1595263692.199;206;-1.38;-0.06;-140.37;-1.57;-0.11;235.14;0.53;0.50;281;2;1;5;0.41;0.31;0.20;0.00;0.00;0.00;0.01;0.40;-1.45;0.02;221.38;0.54;0.50;0.004
1595263692.299;216;-1.40;-0.07;-138.15;-1.57;-0.11;235.14;0.53;0.50;281;2;1;5;0.41;0.32;0.28;0.00;0.00;0.00;-0.00;0.40;-1.48;-0.00;223.89;0.54;0.50;0.003
1595263692.399;226;-1.42;-0.10;-135.76;-1.57;-0.11;235.14;0.53;0.50;281;2;1;5;0.41;0.33;0.29;0.00;0.00;-0.01;0.02;0.42;-1.50;-0.02;226.39;0.53;0.50;0.003
1595263692.498;236;-1.44;-0.12;-133.27;-1.57;-0.11;235.14;0.53;0.50;281;2;1;5;0.40;0.34;0.38;0.00;0.00;-0.00;0.00;0.44;-1.52;-0.05;228.90;0.53;0.50;0.003
1595263692.599;247;-1.46;-0.15;-130.42;-1.71;-0.59;269.43;0.38;0.50;281;3;1;5;0.40;0.35;0.32;0.00;0.00;-0.01;-0.01;0.44;-1.54;-0.07;231.40;0.53;0.50;0.003
1595263692.703;257;-1.48;-0.17;-127.81;-1.71;-0.59;269.43;0.38;0.50;281;3;1;5;0.53;0.35;0.33;0.00;0.00;-0.01;0.01;0.47;-1.57;-0.11;235.14;0.53;0.50;0.007
1595263692.799;266;-1.49;-0.20;-124.93;-1.71;-0.59;269.43;0.38;0.50;281;3;1;5;0.49;0.35;0.42;0.00;0.00;-0.01;0.03;0.56;-1.58;-0.13;237.61;0.52;0.50;0.003
1595263692.899;276;-1.51;-0.23;-121.18;-1.71;-0.59;269.43;0.38;0.50;281;3;1;5;0.45;0.35;0.34;0.00;0.00;0.00;0.01;0.63;-1.61;-0.17;241.21;0.51;0.50;0.003
1595263692.999;287;-1.52;-0.26;-117.53;-1.71;-0.59;269.43;0.38;0.50;281;3;1;5;0.39;0.35;0.34;0.00;0.00;0.00;0.00;0.58;-1.62;-0.20;243.55;0.50;0.50;0.004
1595263693.098;296;-1.53;-0.29;-114.98;-1.71;-0.59;269.43;0.38;0.50;281;3;1;5;0.38;0.35;0.34;0.00;0.00;-0.01;0.01;0.50;-1.64;-0.24;246.95;0.49;0.50;0.003
1595263693.199;306;-1.55;-0.32;-112.40;-1.71;-0.59;269.43;0.38;0.50;281;3;1;5;0.35;0.34;0.34;0.00;0.00;-0.00;0.01;0.45;-1.65;-0.27;249.16;0.48;0.50;0.003
1595263693.309;317;-1.56;-0.35;-109.67;-1.69;-0.78;-81.37;0.49;0.50;140;1;1;3;0.35;0.35;0.34;0.00;0.00;-0.00;-0.00;0.42;-1.67;-0.31;252.38;0.46;0.50;0.009
1595263693.401;327;-1.56;-0.38;-107.45;-1.69;-0.78;-81.37;0.49;0.50;140;1;1;3;0.17;0.37;0.34;0.00;0.00;-0.00;-0.01;0.39;-1.70;-0.60;-90.00;0.06;0.06;0.006
1595263693.501;337;-1.57;-0.41;-105.64;-1.69;-0.78;-81.37;0.49;0.50;140;1;1;3;0.16;0.39;0.25;0.00;0.00;0.01;-0.02;0.28;-1.70;-0.60;-90.00;0.06;0.06;0.006
1595263693.601;347;-1.58;-0.44;-104.54;-1.69;-0.78;-81.37;0.49;0.50;140;1;1;3;0.19;0.40;0.35;0.00;0.00;0.02;0.00;0.22;-1.70;-0.60;-90.00;0.06;0.06;0.006
1595263693.704;357;-1.59;-0.48;-103.34;-1.69;-0.78;-81.37;0.49;0.50;140;1;1;3;0.21;0.41;0.37;0.00;0.00;0.00;0.02;0.21;-1.70;-0.60;-90.00;0.06;0.06;0.008
1595263693.806;367;-1.59;-0.52;-101.83;-1.69;-0.78;-81.37;0.49;0.50;140;1;1;3;0.22;0.41;0.39;0.00;0.00;-0.01;0.01;0.26;-1.70;-0.60;-90.00;0.06;0.06;0.011
1595263693.901;377;-1.60;-0.55;-100.23;-1.69;-0.78;-81.37;0.49;0.50;140;1;1;3;0.23;0.41;0.49;0.00;0.00;-0.01;0.01;0.29;-1.70;-0.60;-90.00;0.06;0.06;0.006
1595263694.001;387;-1.60;-0.59;-98.48;-1.57;-1.13;-63.74;0.18;0.50;140;2;1;3;0.22;0.40;0.40;0.00;0.00;-0.01;0.02;0.30;-1.70;-0.60;-90.00;0.06;0.06;0.006
1595263694.099;396;-1.61;-0.63;-97.07;-1.57;-1.13;-63.74;0.18;0.50;140;2;1;3;0.36;0.39;0.40;0.00;0.00;-0.01;0.01;0.29;-1.70;-0.62;-89.66;0.18;0.18;0.003
1595263694.199;406;-1.61;-0.66;-95.25;-1.57;-1.13;-63.74;0.18;0.50;140;2;1;3;0.46;0.38;0.39;0.00;0.00;0.00;-0.00;0.34;-1.70;-0.67;-88.20;0.30;0.30;0.003
1595263694.299;417;-1.61;-0.70;-91.77;-1.57;-1.13;-63.74;0.18;0.50;140;2;1;3;0.48;0.38;0.29;0.00;0.00;-0.01;0.01;0.50;-1.70;-0.71;-86.21;0.38;0.38;0.003
1595263694.399;427;-1.60;-0.74;-88.23;-1.57;-1.13;-63.74;0.18;0.50;140;2;1;3;0.47;0.38;0.38;0.00;0.00;-0.01;-0.01;0.61;-1.69;-0.74;-84.01;0.44;0.44;0.003
1595263694.499;437;-1.60;-0.77;-84.64;-1.57;-1.13;-63.74;0.18;0.50;140;2;1;3;0.49;0.38;0.37;0.00;0.00;-0.00;-0.02;0.62;-1.69;-0.79;-81.10;0.49;0.50;0.003
1595263694.599;447;-1.59;-0.80;-81.36;-1.57;-1.13;-63.74;0.18;0.50;140;2;1;3;0.39;0.39;0.46;0.00;0.00;-0.01;-0.02;0.63;-1.68;-0.82;-79.02;0.46;0.50;0.003
1595263694.699;456;-1.59;-0.84;-77.88;-1.57;-1.13;-63.74;0.18;0.50;140;2;1;3;0.32;0.39;0.37;0.00;0.00;-0.01;-0.01;0.62;-1.67;-0.86;-76.13;0.42;0.50;0.003
1595263694.799;467;-1.58;-0.87;-75.04;-1.57;-1.13;-63.74;0.18;0.50;140;2;1;3;0.26;0.39;0.38;0.00;0.00;0.01;-0.00;0.49;-1.66;-0.90;-73.52;0.39;0.50;0.003
1595263694.899;477;-1.56;-0.91;-72.68;-1.57;-1.13;-63.74;0.18;0.50;140;2;1;3;0.20;0.39;0.47;0.00;0.00;-0.01;0.01;0.38;-1.65;-0.93;-71.93;0.36;0.50;0.004
1595263694.999;487;-1.55;-0.94;-70.95;-1.57;-1.13;-63.74;0.18;0.50;140;2;1;3;0.18;0.39;0.38;0.00;0.00;-0.01;0.01;0.31;-1.64;-0.97;-69.75;0.32;0.50;0.003
1595263695.099;496;-1.54;-0.98;-69.63;-1.40;-1.46;-65.46;-0.25;0.50;140;3;1;3;0.16;0.40;0.38;0.00;0.00;-0.01;0.01;0.26;-1.62;-1.01;-67.84;0.29;0.50;0.003
1595263695.197;506;-1.52;-1.01;-68.48;-1.40;-1.46;-65.46;-0.25;0.50;140;3;1;3;0.12;0.40;0.48;0.00;0.00;-0.00;0.02;0.22;-1.61;-1.04;-66.70;0.26;0.50;0.002
1595263695.297;516;-1.50;-1.04;-67.35;-1.40;-1.46;-65.46;-0.25;0.50;140;3;1;3;0.11;0.40;0.39;0.00;0.00;-0.00;0.03;0.19;-1.59;-1.08;-65.20;0.22;0.50;0.002
1595263695.397;526;-1.49;-1.08;-66.47;-1.40;-1.46;-65.46;-0.25;0.50;140;3;1;3;0.09;0.40;0.39;0.00;0.00;-0.00;0.01;0.16;-1.57;-1.12;-63.93;0.19;0.50;0.002
1595263695.497;536;-1.47;-1.11;-65.46;-1.40;-1.46;-65.46;-0.25;0.50;140;3;1;3;0.04;0.40;0.39;0.00;0.00;-0.00;0.02;0.14;-1.56;-1.15;-63.23;0.15;0.50;0.002
1595263695.597;546;-1.45;-1.15;-65.07;-1.40;-1.46;-65.46;-0.25;0.50;140;3;1;3;0.01;0.40;0.29;0.00;0.00;0.01;0.01;0.08;-1.54;-1.19;-62.44;0.10;0.50;0.002
1595263695.697;556;-1.44;-1.18;-64.78;-1.40;-1.46;-65.46;-0.25;0.50;140;3;1;3;-0.02;0.40;0.39;0.00;0.00;0.00;0.01;0.05;-1.52;-1.23;-61.96;0.05;0.50;0.002
1595263695.797;566;-1.42;-1.22;-64.64;-1.40;-1.46;-65.46;-0.25;0.50;140;3;1;3;-0.06;0.40;0.39;0.00;0.00;0.01;0.01;0.02;-1.50;-1.25;-61.82;0.02;0.50;0.002
1595263695.897;576;-1.40;-1.25;-64.62;-1.40;-1.46;-65.46;-0.25;0.50;140;3;1;3;-0.11;0.40;0.39;0.00;0.00;-0.00;0.00;0.01;-1.48;-1.29;-61.88;-0.04;0.50;0.002
1595263695.997;586;-1.39;-1.28;-64.82;-1.31;-1.81;-89.43;-0.63;0.50;140;4;1;3;-0.15;0.41;0.29;0.00;0.00;-0.01;-0.01;-0.03;-1.47;-1.32;-62.10;-0.07;0.50;0.002
1595263696.097;596;-1.37;-1.32;-65.41;-1.31;-1.81;-89.43;-0.63;0.50;140;4;1;3;-0.12;0.42;0.39;0.00;0.00;0.00;0.00;-0.10;-1.45;-1.36;-62.69;-0.12;0.50;0.002
1595263696.197;606;-1.35;-1.35;-66.05;-1.31;-1.81;-89.43;-0.63;0.50;140;4;1;3;-0.17;0.43;0.39;0.00;0.00;0.01;-0.01;-0.11;-1.43;-1.40;-63.61;-0.17;0.50;0.002
1595263696.297;616;-1.34;-1.39;-66.97;-1.31;-1.81;-89.43;-0.63;0.50;140;4;1;3;-0.22;0.44;0.30;0.00;0.00;0.01;0.01;-0.15;-1.42;-1.43;-64.40;-0.21;0.50;0.002
1595263696.397;626;-1.32;-1.43;-68.14;-1.31;-1.81;-89.43;-0.63;0.50;140;4;1;3;-0.28;0.44;0.51;0.00;0.00;-0.01;-0.01;-0.23;-1.40;-1.47;-65.86;-0.26;0.50;0.002
1595263696.497;636;-1.30;-1.47;-69.95;-1.31;-1.81;-89.43;-0.63;0.50;140;4;1;3;-0.30;0.45;0.43;0.00;0.00;-0.01;0.00;-0.32;-1.39;-1.49;-67.00;-0.29;0.50;0.002
1595263696.597;646;-1.29;-1.51;-72.31;-1.31;-1.81;-89.43;-0.63;0.50;140;4;1;3;-0.33;0.46;0.44;0.00;0.00;-0.01;-0.00;-0.38;-1.37;-1.54;-68.96;-0.34;0.50;0.002
1595263696.697;656;-1.28;-1.55;-74.71;-1.31;-1.81;-89.43;-0.63;0.50;140;4;1;3;-0.36;0.46;0.55;0.00;0.00;0.00;0.01;-0.43;-1.35;-1.58;-71.25;-0.38;0.50;0.002
1595263696.797;666;-1.27;-1.59;-77.59;-1.31;-1.81;-89.43;-0.63;0.50;140;4;1;3;-0.40;0.47;0.45;0.00;0.00;-0.00;0.02;-0.50;-1.34;-1.62;-73.86;-0.43;0.50;0.002
1595263696.897;676;-1.26;-1.64;-80.68;-1.31;-1.81;-89.43;-0.63;0.50;140;4;1;3;-0.41;0.47;0.46;0.00;0.00;-0.00;0.01;-0.55;-1.33;-1.65;-75.80;-0.46;0.50;0.002
1595263697.007;687;-1.25;-1.69;-84.62;-1.28;-2.05;-76.50;0.54;0.50;231;1;1;5;-0.43;0.47;0.46;0.00;0.00;-0.00;0.02;-0.61;-1.32;-1.69;-79.00;-0.51;0.50;0.010
1595263697.101;697;-1.25;-1.73;-88.33;-1.28;-2.05;-76.50;0.54;0.50;231;1;1;5;-0.24;0.46;0.46;0.00;0.00;-0.00;0.02;-0.65;-1.30;-1.80;-90.00;0.07;0.06;0.006
1595263697.201;707;-1.24;-1.78;-91.50;-1.28;-2.05;-76.50;0.54;0.50;231;1;1;5;-0.01;0.44;0.46;0.00;0.00;0.00;0.00;-0.51;-1.30;-1.80;-90.00;0.07;0.06;0.006
1595263697.301;717;-1.24;-1.82;-92.55;-1.28;-2.05;-76.50;0.54;0.50;231;1;1;5;0.15;0.43;0.46;0.00;0.00;-0.00;0.01;-0.23;-1.30;-1.81;-89.96;0.10;0.09;0.006
1595263697.401;727;-1.24;-1.86;-92.32;-1.28;-2.05;-76.50;0.54;0.50;231;1;1;5;0.34;0.42;0.45;0.00;0.00;0.00;-0.00;-0.02;-1.30;-1.86;-88.66;0.26;0.24;0.006
1595263697.501;737;-1.24;-1.90;-90.74;-1.28;-2.05;-76.50;0.54;0.50;231;1;1;5;0.43;0.42;0.43;0.00;0.00;-0.00;-0.00;0.29;-1.30;-1.90;-86.76;0.35;0.32;0.006
1595263697.601;747;-1.24;-1.94;-87.64;-1.28;-2.05;-76.50;0.54;0.50;231;1;1;5;0.46;0.42;0.41;0.00;0.00;-0.01;-0.00;0.52;-1.30;-1.95;-84.36;0.41;0.38;0.006
1595263697.701;757;-1.24;-1.98;-84.02;-1.28;-2.05;-76.50;0.54;0.50;231;1;1;5;0.47;0.42;0.31;0.00;0.00;-0.01;-0.01;0.60;-1.29;-1.98;-81.93;0.46;0.42;0.006
1595263697.801;767;-1.23;-2.02;-80.19;-1.28;-2.05;-76.50;0.54;0.50;231;1;1;5;0.48;0.43;0.41;0.00;0.00;0.02;-0.01;0.65;-1.28;-2.02;-78.89;0.51;0.47;0.006
1595263697.901;777;-1.22;-2.06;-76.39;-0.99;-2.47;-34.86;0.53;0.50;231;2;1;5;0.49;0.43;0.42;0.00;0.00;-0.01;0.01;0.67;-1.27;-2.07;-75.22;0.54;0.50;0.006
1595263697.999;787;-1.21;-2.09;-72.29;-0.99;-2.47;-34.86;0.53;0.50;231;2;1;5;0.54;0.43;0.42;0.00;0.00;-0.00;-0.01;0.70;-1.26;-2.11;-71.39;0.54;0.50;0.004
1595263698.099;796;-1.19;-2.13;-68.38;-0.99;-2.47;-34.86;0.53;0.50;231;2;1;5;0.49;0.43;0.42;0.00;0.00;-0.01;0.02;0.76;-1.25;-2.14;-68.85;0.54;0.50;0.003
1595263698.199;807;-1.17;-2.17;-63.39;-0.99;-2.47;-34.86;0.53;0.50;231;2;1;5;0.44;0.43;0.43;0.00;0.00;-0.01;0.02;0.77;-1.23;-2.18;-65.04;0.54;0.50;0.003
1595263698.299;816;-1.15;-2.20;-59.65;-0.99;-2.47;-34.86;0.53;0.50;231;2;1;5;0.40;0.43;0.43;0.00;0.00;0.00;0.01;0.72;-1.21;-2.23;-61.24;0.54;0.50;0.003
1595263698.399;826;-1.13;-2.23;-56.18;-0.99;-2.47;-34.86;0.53;0.50;231;2;1;5;0.40;0.43;0.43;0.00;0.00;0.00;-0.01;0.63;-1.18;-2.27;-57.44;0.54;0.50;0.003
1595263698.499;837;-1.10;-2.27;-52.49;-0.99;-2.47;-34.86;0.53;0.50;231;2;1;5;0.40;0.43;0.53;0.00;0.00;0.01;0.00;0.56;-1.16;-2.30;-53.66;0.54;0.50;0.003
1595263698.599;847;-1.07;-2.30;-49.36;-0.99;-2.47;-34.86;0.53;0.50;231;2;1;5;0.40;0.44;0.43;0.00;0.00;0.00;-0.02;0.57;-1.13;-2.34;-49.88;0.54;0.50;0.003
1595263698.699;857;-1.04;-2.32;-46.21;-0.99;-2.47;-34.86;0.53;0.50;231;2;1;5;0.40;0.44;0.43;0.00;0.00;0.00;0.00;0.56;-1.10;-2.38;-46.11;0.54;0.50;0.004
1595263698.799;867;-1.01;-2.35;-43.01;-0.99;-2.47;-34.86;0.53;0.50;231;2;1;5;0.41;0.44;0.54;0.00;0.00;0.02;0.00;0.55;-1.07;-2.41;-42.35;0.53;0.50;0.003
1595263698.899;877;-0.98;-2.37;-39.87;-0.51;-2.61;-0.57;0.38;0.50;231;3;1;5;0.42;0.45;0.43;0.00;0.00;-0.02;0.02;0.56;-1.03;-2.44;-38.60;0.53;0.50;0.003
1595263698.999;887;-0.95;-2.40;-36.31;-0.51;-2.61;-0.57;0.38;0.50;231;3;1;5;0.50;0.45;0.44;0.00;0.00;-0.00;0.00;0.58;-0.99;-2.47;-34.86;0.53;0.50;0.003
1595263699.098;896;-0.92;-2.42;-33.06;-0.51;-2.61;-0.57;0.38;0.50;231;3;1;5;0.48;0.44;0.44;0.00;0.00;-0.02;0.00;0.67;-0.95;-2.49;-31.18;0.52;0.50;0.003
1595263699.198;906;-0.88;-2.44;-28.85;-0.51;-2.61;-0.57;0.38;0.50;231;3;1;5;0.42;0.44;0.55;0.00;0.00;-0.02;0.02;0.70;-0.91;-2.51;-27.62;0.50;0.50;0.003
1595263699.298;916;-0.84;-2.45;-24.93;-0.51;-2.61;-0.57;0.38;0.50;231;3;1;5;0.38;0.43;0.44;0.00;0.00;-0.02;0.00;0.67;-0.87;-2.53;-24.17;0.49;0.50;0.003
1595263699.409;927;-0.80;-2.47;-21.22;-0.32;-2.61;-8.63;-0.49;0.50;20;1;1;4;0.35;0.43;0.43;0.00;0.00;-0.01;0.01;0.58;-0.83;-2.55;-20.84;0.48;0.50;0.010
1595263699.501;937;-0.76;-2.48;-18.54;-0.32;-2.61;-8.63;-0.49;0.50;20;1;1;4;0.79;0.42;0.32;0.00;0.00;-0.00;-0.01;0.51;-0.50;-2.60;-0.00;-0.06;0.06;0.006
1595263699.601;947;-0.72;-2.49;-15.00;-0.32;-2.61;-8.63;-0.49;0.50;20;1;1;4;0.79;0.41;0.43;0.00;0.00;-0.01;0.00;0.67;-0.50;-2.60;-0.00;-0.06;0.06;0.006
1595263699.701;957;-0.68;-2.50;-7.61;-0.32;-2.61;-8.63;-0.49;0.50;20;1;1;4;0.42;0.41;0.42;0.00;0.00;0.00;0.00;1.17;-0.50;-2.60;-0.00;-0.06;0.06;0.006
1595263699.802;967;-0.64;-2.50;-1.06;-0.32;-2.61;-8.63;-0.49;0.50;20;1;1;4;0.05;0.41;0.41;0.00;0.00;-0.00;0.01;1.14;-0.50;-2.60;-0.00;-0.06;0.06;0.007
1595263699.906;977;-0.61;-2.50;1.18;-0.32;-2.61;-8.63;-0.49;0.50;20;1;1;4;-0.12;0.40;0.41;0.00;0.00;-0.00;0.01;0.46;-0.50;-2.60;-0.00;-0.06;0.06;0.011
1595263700.006;987;-0.57;-2.50;0.98;0.03;-2.73;-26.26;-0.18;0.50;20;2;1;4;-0.19;0.40;0.40;0.00;0.00;-0.02;0.05;0.05;-0.50;-2.60;-0.00;-0.06;0.06;0.011
1595263700.102;997;-0.53;-2.50;0.16;0.03;-2.73;-26.26;-0.18;0.50;20;2;1;4;-0.21;0.39;0.39;0.00;0.00;-0.01;-0.00;-0.11;-0.50;-2.60;-0.00;-0.06;0.06;0.007
1595263700.202;1007;-0.49;-2.50;-0.83;0.03;-2.73;-26.26;-0.18;0.50;20;2;1;4;-0.27;0.39;0.39;0.00;0.00;-0.01;0.01;-0.18;-0.49;-2.60;-0.09;-0.12;0.12;0.007
1595263700.302;1017;-0.46;-2.50;-2.37;0.03;-2.73;-26.26;-0.18;0.50;20;2;1;4;-0.35;0.38;0.39;0.00;0.00;-0.01;0.01;-0.24;-0.46;-2.60;-0.88;-0.24;0.24;0.007
1595263700.402;1027;-0.42;-2.50;-4.19;0.03;-2.73;-26.26;-0.18;0.50;20;2;1;4;-0.41;0.39;0.39;0.00;0.00;0.01;0.01;-0.34;-0.42;-2.60;-2.21;-0.32;0.32;0.007
1595263700.502;1037;-0.38;-2.51;-6.70;0.03;-2.73;-26.26;-0.18;0.50;20;2;1;4;-0.43;0.39;0.38;0.00;0.00;0.01;0.01;-0.43;-0.39;-2.60;-3.79;-0.38;0.38;0.007
1595263700.602;1047;-0.35;-2.51;-9.47;0.03;-2.73;-26.26;-0.18;0.50;20;2;1;4;-0.46;0.40;0.39;0.00;0.00;0.00;0.01;-0.48;-0.36;-2.61;-5.99;-0.44;0.44;0.007
1595263700.702;1057;-0.31;-2.52;-12.60;0.03;-2.73;-26.26;-0.18;0.50;20;2;1;4;-0.44;0.40;0.38;0.00;0.00;-0.00;-0.01;-0.54;-0.33;-2.61;-7.85;-0.47;0.48;0.007
1595263700.802;1067;-0.27;-2.53;-15.64;0.03;-2.73;-26.26;-0.18;0.50;20;2;1;4;-0.39;0.41;0.39;0.00;0.00;0.00;-0.01;-0.55;-0.30;-2.61;-9.96;-0.47;0.50;0.007
1595263700.902;1077;-0.24;-2.54;-18.83;0.03;-2.73;-26.26;-0.18;0.50;20;2;1;4;-0.33;0.41;0.40;0.00;0.00;-0.01;0.01;-0.51;-0.25;-2.62;-12.94;-0.44;0.50;0.007
1595263701.002;1087;-0.20;-2.55;-21.43;0.03;-2.73;-26.26;-0.18;0.50;20;2;1;4;-0.27;0.42;0.40;0.00;0.00;-0.01;0.00;-0.46;-0.23;-2.63;-14.77;-0.41;0.50;0.007
1595263701.102;1097;-0.16;-2.57;-23.41;0.03;-2.73;-26.26;-0.18;0.50;20;2;1;4;-0.24;0.42;0.41;0.00;0.00;0.01;-0.02;-0.36;-0.18;-2.64;-17.29;-0.37;0.50;0.007
1595263701.202;1107;-0.13;-2.58;-25.27;0.03;-2.73;-26.26;-0.18;0.50;20;2;1;4;-0.20;0.42;0.41;0.00;0.00;0.00;0.01;-0.31;-0.16;-2.65;-18.83;-0.35;0.50;0.007
1595263701.302;1117;-0.09;-2.60;-26.90;0.03;-2.73;-26.26;-0.18;0.50;20;2;1;4;-0.17;0.43;0.42;0.00;0.00;-0.00;-0.02;-0.25;-0.11;-2.67;-20.91;-0.31;0.50;0.006
1595263701.402;1127;-0.06;-2.62;-28.32;0.36;-2.90;-24.54;0.25;0.50;20;3;1;4;-0.14;0.43;0.31;0.00;0.00;0.00;0.00;-0.22;-0.09;-2.68;-22.16;-0.29;0.50;0.007
1595263701.499;1136;-0.02;-2.63;-29.26;0.36;-2.90;-24.54;0.25;0.50;20;3;1;4;-0.15;0.44;0.42;0.00;0.00;0.00;-0.01;-0.18;-0.04;-2.70;-23.83;-0.25;0.50;0.003
1595263701.599;1146;0.01;-2.65;-30.21;0.36;-2.90;-24.54;0.25;0.50;20;3;1;4;-0.11;0.44;0.43;0.00;0.00;0.01;-0.00;-0.19;-0.02;-2.71;-24.80;-0.22;0.50;0.003
1595263701.699;1156;0.05;-2.68;-31.32;0.36;-2.90;-24.54;0.25;0.50;20;3;1;4;-0.07;0.45;0.53;0.00;0.00;0.01;0.02;-0.17;0.02;-2.73;-26.07;-0.19;0.50;0.003
1595263701.799;1166;0.08;-2.70;-32.14;0.36;-2.90;-24.54;0.25;0.50;20;3;1;4;-0.03;0.45;0.32;0.00;0.00;-0.00;0.02;-0.15;0.06;-2.75;-27.07;-0.14;0.50;0.003
1595263701.899;1176;0.12;-2.72;-32.64;0.36;-2.90;-24.54;0.25;0.50;20;3;1;4;0.02;0.46;0.44;0.00;0.00;0.00;0.01;-0.09;0.10;-2.77;-27.76;-0.09;0.50;0.003
1595263701.999;1186;0.16;-2.74;-33.07;0.36;-2.90;-24.54;0.25;0.50;20;3;1;4;0.08;0.46;0.55;0.00;0.00;0.00;0.00;-0.05;0.13;-2.78;-28.04;-0.05;0.50;0.003
1595263702.099;1196;0.19;-2.76;-33.17;0.36;-2.90;-24.54;0.25;0.50;20;3;1;4;0.13;0.47;0.45;0.00;0.00;-0.01;0.01;0.02;0.17;-2.80;-28.19;0.00;0.50;0.003
1595263702.199;1206;0.23;-2.79;-32.76;0.71;-2.99;-0.57;0.63;0.50;20;4;1;4;0.18;0.47;0.45;0.00;0.00;-0.02;0.02;0.04;0.21;-2.82;-28.03;0.05;0.50;0.003
1595263702.299;1216;0.27;-2.81;-31.62;0.71;-2.99;-0.57;0.63;0.50;20;4;1;4;0.23;0.47;0.46;0.00;0.00;-0.01;-0.00;0.17;0.25;-2.84;-27.54;0.11;0.50;0.003
1595263702.399;1226;0.31;-2.83;-30.39;0.71;-2.99;-0.57;0.63;0.50;20;4;1;4;0.26;0.47;0.58;0.00;0.00;-0.01;0.01;0.28;0.29;-2.86;-26.73;0.16;0.50;0.003
1595263702.499;1236;0.35;-2.85;-28.17;0.71;-2.99;-0.57;0.63;0.50;20;4;1;4;0.28;0.47;0.47;0.00;0.00;-0.00;0.00;0.34;0.34;-2.89;-25.15;0.23;0.50;0.003
1595263702.599;1246;0.39;-2.87;-26.03;0.71;-2.99;-0.57;0.63;0.50;20;4;1;4;0.31;0.47;0.47;0.00;0.00;-0.00;0.01;0.38;0.38;-2.91;-23.59;0.28;0.50;0.003
1595263702.699;1256;0.43;-2.89;-24.05;0.71;-2.99;-0.57;0.63;0.50;20;4;1;4;0.35;0.47;0.47;0.00;0.00;-0.00;-0.02;0.41;0.42;-2.93;-21.73;0.32;0.50;0.003
1595263702.818;1268;0.48;-2.91;-20.33;0.95;-2.98;13.50;0.54;0.50;122;1;1;5;0.36;0.47;0.47;0.00;0.00;0.02;0.00;0.48;0.46;-2.94;-19.55;0.37;0.50;0.019
1595263702.906;1277;0.52;-2.92;-17.85;0.95;-2.98;13.50;0.54;0.50;122;1;1;5;0.32;0.49;0.47;0.00;0.00;-0.01;0.02;0.51;0.70;-3.00;0.00;0.07;0.06;0.011
1595263703.006;1287;0.57;-2.93;-14.80;0.95;-2.98;13.50;0.54;0.50;122;1;1;5;0.30;0.50;0.47;0.00;0.00;-0.01;-0.01;0.49;0.70;-3.00;0.00;0.07;0.06;0.010
1595263703.106;1297;0.61;-2.94;-12.23;0.95;-2.98;13.50;0.54;0.50;122;1;1;5;0.30;0.50;0.48;0.00;0.00;-0.01;0.02;0.46;0.70;-3.00;0.00;0.07;0.06;0.011
1595263703.206;1307;0.66;-2.94;-9.84;0.95;-2.98;13.50;0.54;0.50;122;1;1;5;0.31;0.49;0.37;0.00;0.00;-0.02;0.03;0.46;0.70;-3.00;0.00;0.07;0.06;0.010
1595263703.306;1317;0.71;-2.95;-6.94;0.95;-2.98;13.50;0.54;0.50;122;1;1;5;0.30;0.48;0.49;0.00;0.00;0.00;0.03;0.48;0.70;-3.00;0.00;0.07;0.06;0.011
1595263703.406;1327;0.75;-2.95;-4.09;0.95;-2.98;13.50;0.54;0.50;122;1;1;5;0.39;0.47;0.49;0.00;0.00;0.00;0.02;0.45;0.75;-3.00;0.86;0.23;0.21;0.011
1595263703.506;1337;0.80;-2.95;-1.21;0.95;-2.98;13.50;0.54;0.50;122;1;1;5;0.44;0.46;0.48;0.00;0.00;0.00;0.01;0.53;0.79;-3.00;2.77;0.33;0.30;0.010
1595263703.606;1347;0.84;-2.95;2.42;0.95;-2.98;13.50;0.54;0.50;122;1;1;5;0.47;0.46;0.59;0.00;0.00;-0.00;-0.01;0.62;0.85;-3.00;5.64;0.41;0.38;0.011
1595263703.706;1357;0.88;-2.95;6.30;0.95;-2.98;13.50;0.54;0.50;122;1;1;5;0.47;0.46;0.46;0.00;0.00;0.01;-0.01;0.67;0.88;-2.99;8.07;0.46;0.42;0.010
1595263703.806;1367;0.92;-2.94;10.14;0.95;-2.98;13.50;0.54;0.50;122;1;1;5;0.49;0.46;0.46;0.00;0.00;0.02;-0.00;0.69;0.92;-2.98;11.11;0.51;0.47;0.011
1595263703.906;1377;0.96;-2.93;14.21;1.37;-2.69;55.14;0.53;0.50;122;2;1;5;0.49;0.46;0.46;0.00;0.00;-0.01;0.02;0.73;0.97;-2.97;14.78;0.54;0.50;0.011
1595263704.002;1387;1.01;-2.91;18.66;1.37;-2.69;55.14;0.53;0.50;122;2;1;5;0.53;0.46;0.46;0.00;0.00;-0.01;0.00;0.75;1.01;-2.96;18.61;0.54;0.50;0.007
1595263704.102;1397;1.05;-2.89;22.96;1.37;-2.69;55.14;0.53;0.50;122;2;1;5;0.49;0.46;0.46;0.00;0.00;-0.03;0.01;0.81;1.06;-2.94;22.42;0.54;0.50;0.007
1595263704.202;1407;1.08;-2.87;27.99;1.37;-2.69;55.14;0.53;0.50;122;2;1;5;0.43;0.46;0.46;0.00;0.00;-0.01;0.01;0.81;1.10;-2.92;26.23;0.54;0.50;0.007
1595263704.302;1417;1.12;-2.85;31.88;1.37;-2.69;55.14;0.53;0.50;122;2;1;5;0.41;0.46;0.46;0.00;0.00;-0.02;0.01;0.76;1.14;-2.90;30.03;0.54;0.50;0.007
1595263704.402;1427;1.16;-2.83;36.08;1.37;-2.69;55.14;0.53;0.50;122;2;1;5;0.38;0.45;0.45;0.00;0.00;-0.01;-0.00;0.67;1.18;-2.88;33.82;0.54;0.50;0.007
1595263704.502;1437;1.19;-2.80;39.41;1.37;-2.69;55.14;0.53;0.50;122;2;1;5;0.38;0.45;0.45;0.00;0.00;-0.00;0.00;0.60;1.22;-2.85;37.60;0.54;0.50;0.007
1595263704.602;1447;1.22;-2.77;42.77;1.37;-2.69;55.14;0.53;0.50;122;2;1;5;0.39;0.45;0.45;0.00;0.00;0.00;-0.00;0.57;1.25;-2.82;41.38;0.54;0.50;0.007
1595263704.702;1457;1.25;-2.74;45.97;1.37;-2.69;55.14;0.53;0.50;122;2;1;5;0.40;0.45;0.45;0.00;0.00;0.01;0.01;0.56;1.29;-2.79;45.14;0.54;0.50;0.007
1595263704.802;1467;1.28;-2.71;49.44;1.51;-2.21;89.43;0.38;0.50;122;3;1;5;0.40;0.45;0.45;0.00;0.00;-0.02;0.02;0.57;1.32;-2.75;48.90;0.53;0.50;0.007
1595263704.902;1477;1.30;-2.67;52.75;1.51;-2.21;89.43;0.38;0.50;122;3;1;5;0.47;0.45;0.34;0.00;0.00;-0.02;-0.01;0.57;1.35;-2.72;52.65;0.53;0.50;0.007
1595263705.002;1487;1.32;-2.64;56.37;1.51;-2.21;89.43;0.38;0.50;122;3;1;5;0.46;0.44;0.45;0.00;0.00;-0.01;0.00;0.63;1.37;-2.68;56.38;0.53;0.50;0.007
1595263705.102;1497;1.34;-2.60;60.47;1.51;-2.21;89.43;0.38;0.50;122;3;1;5;0.41;0.44;0.44;0.00;0.00;-0.02;0.01;0.69;1.40;-2.64;60.02;0.51;0.50;0.007
1595263705.202;1507;1.36;-2.56;64.40;1.51;-2.21;89.43;0.38;0.50;122;3;1;5;0.37;0.44;0.44;0.00;0.00;-0.00;0.01;0.66;1.42;-2.60;63.55;0.50;0.50;0.007
1595263705.301;1517;1.38;-2.53;67.76;1.51;-2.21;89.43;0.38;0.50;122;3;1;5;0.34;0.43;0.44;0.00;0.00;-0.00;-0.01;0.60;1.44;-2.56;66.95;0.49;0.50;0.006
1595263705.399;1527;1.39;-2.49;70.67;1.51;-2.21;89.43;0.38;0.50;122;3;1;5;0.34;0.43;0.33;0.00;0.00;0.00;-0.00;0.52;1.46;-2.51;70.25;0.47;0.50;0.003
1595263705.517;1538;1.40;-2.44;73.68;1.50;-2.20;90.00;0.00;-0.50;313;0;1;2;0.33;0.43;0.43;0.00;0.00;0.00;-0.01;0.48;1.47;-2.47;73.43;0.46;0.50;0.017
1595263705.626;1549;1.41;-2.40;76.65;1.50;-2.60;90.00;0.00;-0.50;312;0;1;2;-0.79;0.38;0.42;0.00;0.00;0.01;-0.01;0.47;1.50;-2.41;90.00;-0.00;-0.50;0.015
1595263705.711;1558;1.42;-2.37;78.48;1.50;-2.60;90.00;0.00;-0.50;312;0;1;2;-0.76;0.31;0.42;0.00;0.00;0.02;0.00;0.33;1.50;-2.60;90.00;0.00;-0.50;0.015
1595263705.811;1568;1.43;-2.33;74.13;1.50;-2.60;90.00;0.00;-0.50;312;0;1;2;-0.79;0.24;0.41;0.00;0.00;0.01;0.03;-0.65;1.50;-2.60;90.00;0.00;-0.50;0.015
1595263705.910;1578;1.44;-2.30;69.33;1.50;-2.60;90.00;0.00;-0.50;312;0;1;2;-0.79;0.17;0.38;0.00;0.00;0.00;0.00;-0.76;1.50;-2.60;90.00;0.00;-0.50;0.015
1595263706.010;1588;1.44;-2.28;65.65;1.50;-2.60;90.00;0.00;-0.50;312;0;1;2;-0.79;0.11;0.28;0.00;0.00;0.01;0.02;-0.61;1.50;-2.60;90.00;0.00;-0.50;0.015
1595263706.110;1598;1.45;-2.27;63.39;1.50;-2.60;90.00;0.00;-0.50;312;0;1;2;-0.79;0.04;0.21;0.00;0.00;0.00;0.02;-0.41;1.50;-2.60;90.00;0.00;-0.50;0.015
1595263706.210;1608;1.45;-2.26;62.16;1.50;-2.60;90.00;0.00;-0.50;312;0;1;2;-0.79;-0.03;0.16;0.00;0.00;0.00;0.03;-0.20;1.50;-2.60;90.00;0.00;-0.50;0.015
1595263706.310;1618;1.45;-2.26;62.53;1.50;-2.60;90.00;0.00;-0.50;312;0;1;2;-0.79;-0.09;0.08;0.00;0.00;-0.00;0.01;0.02;1.50;-2.60;90.00;0.00;-0.50;0.015
1595263706.410;1628;1.45;-2.26;62.82;1.50;-2.60;90.00;0.00;-0.50;312;0;1;2;-0.79;-0.15;0.02;0.00;0.00;0.00;0.03;0.06;1.50;-2.60;90.00;0.00;-0.50;0.015
1595263706.510;1638;1.45;-2.27;64.92;1.50;-2.60;90.00;0.00;-0.50;312;0;1;2;-0.79;-0.20;-0.04;0.00;0.00;-0.00;-0.01;0.31;1.50;-2.60;90.00;0.00;-0.50;0.015
1595263706.610;1648;1.44;-2.28;67.96;1.50;-2.60;90.00;0.00;-0.50;312;0;1;2;-0.79;-0.25;-0.11;0.00;0.00;-0.01;0.01;0.53;1.50;-2.60;90.00;0.00;-0.50;0.015
1595263706.708;1657;1.43;-2.30;71.31;1.50;-2.60;90.00;0.00;-0.50;312;0;1;2;-0.79;-0.30;-0.16;0.00;0.00;-0.00;0.02;0.62;1.50;-2.60;90.00;0.00;-0.50;0.013
1595263706.808;1667;1.43;-2.32;76.26;1.50;-2.60;90.00;0.00;-0.50;312;0;1;2;-0.79;-0.34;-0.21;0.00;0.00;-0.01;0.02;0.82;1.50;-2.60;90.00;0.00;-0.50;0.013
1595263706.909;1677;1.42;-2.35;82.11;1.50;-2.60;90.00;0.00;-0.50;312;0;1;2;-0.59;-0.38;-0.26;0.00;0.00;-0.02;0.02;0.98;1.50;-2.60;90.00;0.00;-0.50;0.013
1595263707.003;1687;1.41;-2.38;88.10;1.50;-2.60;90.00;0.00;-0.50;312;0;1;2;-0.31;-0.41;-0.29;0.00;0.00;-0.03;0.01;1.01;1.50;-2.60;90.00;0.00;-0.50;0.008
1595263707.128;1699;1.41;-2.42;92.56;1.48;-2.75;103.50;0.54;0.50;311;1;1;5;-0.11;-0.43;-0.33;0.00;0.00;-0.02;0.04;0.61;1.50;-2.60;90.00;0.00;-0.50;0.018
1595263707.223;1709;1.41;-2.46;94.02;1.19;-2.33;145.14;0.53;0.50;311;2;1;5;0.79;-0.37;-0.36;0.00;0.00;-0.01;0.03;0.27;1.36;-2.50;126.34;0.54;0.50;0.017
1595263707.315;1718;1.42;-2.50;94.15;1.19;-2.33;145.14;0.53;0.50;311;2;1;5;0.79;-0.30;-0.40;0.00;0.00;-0.02;0.01;-0.01;1.38;-2.52;123.82;0.54;0.50;0.012
1595263707.413;1728;1.42;-2.53;87.98;1.19;-2.33;145.14;0.53;0.50;311;2;1;5;0.79;-0.23;-0.39;0.00;0.00;0.01;0.01;-0.79;1.39;-2.55;121.29;0.54;0.50;0.011
1595263707.507;1737;1.43;-2.56;84.18;1.19;-2.33;145.14;0.53;0.50;311;2;1;5;0.79;-0.16;-0.32;0.00;0.00;-0.01;-0.02;-0.74;1.40;-2.56;120.03;0.54;0.50;0.008
1595263707.607;1747;1.43;-2.58;80.78;1.19;-2.33;145.14;0.53;0.50;311;2;1;5;0.79;-0.10;-0.25;0.00;0.00;-0.00;0.01;-0.61;1.42;-2.59;117.50;0.54;0.50;0.008
1595263707.707;1757;1.43;-2.59;78.66;1.19;-2.33;145.14;0.53;0.50;311;2;1;5;0.79;-0.03;-0.18;0.00;0.00;-0.01;-0.01;-0.35;1.42;-2.59;117.50;0.54;0.50;0.008
1595263707.807;1767;1.43;-2.59;77.80;1.19;-2.33;145.14;0.53;0.50;311;2;1;5;0.79;0.03;-0.17;0.00;0.00;-0.00;-0.02;-0.15;1.42;-2.60;116.23;0.54;0.50;0.009
1595263707.906;1777;1.43;-2.59;78.02;1.19;-2.33;145.14;0.53;0.50;311;2;1;5;0.79;0.09;-0.05;0.00;0.00;0.00;-0.01;0.04;1.42;-2.60;116.23;0.54;0.50;0.007
1595263708.006;1787;1.43;-2.59;78.37;1.19;-2.33;145.14;0.53;0.50;311;2;1;5;0.79;0.14;0.01;0.00;0.00;0.00;-0.02;0.07;1.42;-2.60;116.23;0.54;0.50;0.007
1595263708.106;1797;1.43;-2.58;80.01;1.19;-2.33;145.14;0.53;0.50;311;2;1;5;0.79;0.19;0.06;0.00;0.00;0.00;0.01;0.26;1.42;-2.59;117.50;0.54;0.50;0.007
1595263708.198;1806;1.43;-2.57;82.34;1.19;-2.33;145.14;0.53;0.50;311;2;0;5;0.79;0.24;0.08;0.00;0.00;-0.00;-0.01;0.39;1.41;-2.57;118.76;0.54;0.50;0.003
1595263708.299;1817;1.43;-2.55;86.22;1.19;-2.33;145.14;0.53;0.50;311;2;0;5;0.79;0.24;0.17;0.00;0.00;-0.00;-0.01;0.58;1.40;-2.56;120.03;0.54;0.50;0.004
1595263708.399;1827;1.43;-2.53;90.34;1.19;-2.33;145.14;0.53;0.50;311;2;0;5;0.79;0.24;0.21;0.00;0.00;-0.01;0.03;0.66;1.39;-2.55;121.29;0.54;0.50;0.003
1595263708.499;1837;1.43;-2.52;91.07;1.19;-2.33;145.14;0.53;0.50;311;2;0;5;0.79;0.24;0.15;0.00;0.00;-0.01;-0.04;0.15;1.39;-2.55;121.29;0.54;0.50;0.004
1595263708.598;1846;1.43;-2.53;91.10;1.19;-2.33;145.14;0.53;0.50;311;2;0;5;0.79;0.24;0.04;0.00;0.00;0.00;-0.01;0.04;1.39;-2.55;121.29;0.54;0.50;0.003
1595263708.702;1857;1.43;-2.53;90.99;1.19;-2.33;145.14;0.53;0.50;311;2;0;5;0.79;0.24;0.00;0.00;0.00;-0.00;0.01;-0.01;1.39;-2.55;121.29;0.54;0.50;0.007
1595263708.802;1867;1.43;-2.52;90.92;1.19;-2.33;145.14;0.53;0.50;311;2;0;5;0.79;0.24;-0.00;0.00;0.00;-0.00;0.00;-0.00;1.39;-2.55;121.29;0.54;0.50;0.007
1595263708.902;1877;1.43;-2.53;91.00;1.19;-2.33;145.14;0.53;0.50;311;2;0;5;0.79;0.24;-0.00;0.00;0.00;-0.00;0.00;0.00;1.39;-2.55;121.29;0.54;0.50;0.007
1595263709.002;1887;1.43;-2.53;90.97;1.19;-2.33;145.14;0.53;0.50;311;2;0;5;0.79;0.24;-0.00;0.00;0.00;-0.00;0.00;0.00;1.39;-2.55;121.29;0.54;0.50;0.007
1595263709.102;1897;1.43;-2.52;90.97;1.19;-2.33;145.14;0.53;0.50;311;2;0;5;0.79;0.24;-0.00;0.00;0.00;-0.00;0.01;0.00;1.39;-2.55;121.29;0.54;0.50;0.007
1595263709.228;1909;1.43;-2.53;91.00;1.50;-2.60;90.00;0.00;-0.50;312;0;1;2;0.79;0.24;-0.00;0.00;0.00;-0.00;0.01;-0.00;1.39;-2.55;121.29;0.54;0.50;0.017
1595263709.310;1918;1.43;-2.52;90.96;1.48;-2.75;103.50;0.54;0.50;311;1;1;5;-0.12;0.20;-0.00;0.00;0.00;-0.00;0.01;0.00;1.50;-2.60;90.00;0.00;-0.50;0.007
1595263709.407;1927;1.43;-2.52;91.01;1.19;-2.33;145.14;0.53;0.50;311;2;1;5;0.79;0.24;0.01;0.00;0.00;-0.01;-0.11;0.01;1.39;-2.55;121.29;0.54;0.50;0.006
1595263709.504;1937;1.43;-2.50;91.34;1.19;-2.33;145.14;0.53;0.50;311;2;1;5;0.79;0.28;0.09;0.00;0.00;0.00;-0.00;0.25;1.38;-2.53;122.56;0.54;0.50;0.006
1595263709.605;1947;1.42;-2.48;96.01;1.19;-2.33;145.14;0.53;0.50;311;2;1;5;0.79;0.31;0.20;0.00;0.00;0.00;-0.03;0.69;1.38;-2.52;123.82;0.54;0.50;0.006
1595263709.705;1957;1.42;-2.45;100.98;1.19;-2.33;145.14;0.53;0.50;311;2;1;5;0.79;0.35;0.25;0.00;0.00;0.00;0.00;0.87;1.36;-2.50;126.34;0.54;0.50;0.006
1595263709.805;1967;1.41;-2.43;106.72;1.19;-2.33;145.14;0.53;0.50;311;2;1;5;0.79;0.38;0.29;0.00;0.00;-0.02;0.01;0.98;1.35;-2.48;127.60;0.54;0.50;0.006
1595263709.905;1977;1.40;-2.40;112.97;0.71;-2.19;179.43;0.38;0.50;311;3;1;5;0.79;0.40;0.24;0.00;0.00;-0.01;-0.00;1.08;1.33;-2.46;130.12;0.54;0.50;0.006
1595263710.004;1987;1.38;-2.37;119.88;0.71;-2.19;179.43;0.38;0.50;311;3;1;5;0.79;0.43;0.36;0.00;0.00;-0.03;0.03;1.18;1.31;-2.44;132.63;0.54;0.50;0.006
1595263710.104;1996;1.36;-2.34;126.50;0.71;-2.19;179.43;0.38;0.50;311;3;1;5;0.79;0.45;0.38;0.00;0.00;-0.01;0.00;1.27;1.29;-2.41;135.14;0.54;0.50;0.006
1595263710.204;2007;1.33;-2.31;135.26;0.71;-2.19;179.43;0.38;0.50;311;3;1;5;0.78;0.46;0.41;0.00;0.00;-0.01;-0.01;1.36;1.27;-2.39;137.65;0.53;0.50;0.005
1595263710.304;2017;1.30;-2.29;143.34;0.71;-2.19;179.43;0.38;0.50;311;3;1;5;0.55;0.47;0.43;0.00;0.00;-0.01;0.00;1.41;1.24;-2.37;140.15;0.53;0.50;0.005
1595263710.398;2026;1.26;-2.27;150.75;0.71;-2.19;179.43;0.38;0.50;311;3;0;5;0.34;0.48;0.44;0.00;0.00;-0.02;0.00;1.35;1.21;-2.34;143.89;0.53;0.50;0.003
1595263710.501;2037;1.22;-2.25;155.87;0.71;-2.19;179.43;0.38;0.50;311;3;0;5;0.34;0.48;0.45;0.00;0.00;0.00;0.00;0.78;1.18;-2.33;146.38;0.53;0.50;0.006
1595263710.601;2046;1.19;-2.23;158.29;0.71;-2.19;179.43;0.38;0.50;311;3;0;5;0.34;0.48;0.46;0.00;0.00;-0.04;0.12;0.55;1.14;-2.30;150.02;0.51;0.50;0.006
1595263710.702;2057;1.17;-2.22;160.46;0.71;-2.19;179.43;0.38;0.50;311;3;0;5;0.34;0.48;0.31;0.00;0.00;0.00;0.00;0.27;1.13;-2.29;151.21;0.51;0.50;0.007
1595263710.802;2067;1.17;-2.23;160.39;0.71;-2.19;179.43;0.38;0.50;311;3;0;5;0.34;0.48;0.09;0.00;0.00;-0.00;-0.04;0.05;1.13;-2.29;151.21;0.51;0.50;0.006
1595263710.901;2076;1.17;-2.23;160.40;0.71;-2.19;179.43;0.38;0.50;311;3;0;5;0.34;0.48;0.01;0.00;0.00;-0.01;0.01;-0.01;1.13;-2.29;151.21;0.51;0.50;0.006
1595263711.002;2087;1.17;-2.23;160.36;0.71;-2.19;179.43;0.38;0.50;311;3;0;5;0.34;0.48;0.00;0.00;0.00;-0.00;0.00;-0.00;1.13;-2.29;151.21;0.51;0.50;0.007
1595263711.101;2096;1.17;-2.23;160.38;0.71;-2.19;179.43;0.38;0.50;311;3;0;5;0.34;0.48;0.00;0.00;0.00;-0.00;0.00;0.00;1.13;-2.29;151.21;0.51;0.50;0.006
1595263711.212;2107;1.17;-2.23;160.39;1.10;-2.20;180.00;-0.00;0.50;380;0;1;0;0.34;0.48;0.00;0.00;0.00;-0.00;0.00;0.00;1.13;-2.29;151.21;0.51;0.50;0.004
1595263711.306;2117;1.17;-2.23;160.40;1.10;-2.20;180.00;-0.00;0.50;380;0;0;0;0.34;0.48;0.00;0.00;0.00;-0.00;0.00;0.00;1.10;-2.20;180.00;-0.00;0.50;0.011
1595263711.403;2127;1.17;-2.23;160.39;1.10;-2.20;180.00;-0.00;0.50;380;0;0;0;0.34;0.48;0.00;0.00;0.00;-0.00;0.00;0.00;1.10;-2.20;180.00;-0.00;0.50;0.008
1595263711.506;2136;1.17;-2.23;160.41;1.10;-2.20;180.00;-0.00;0.50;380;0;0;0;0.34;0.48;0.00;0.00;0.00;-0.00;0.00;0.00;1.10;-2.20;180.00;-0.00;0.50;0.010
1595263711.606;2147;1.17;-2.23;160.44;1.10;-2.20;180.00;-0.00;0.50;380;0;0;0;0.34;0.48;0.00;0.00;0.00;-0.00;0.01;-0.00;1.10;-2.20;180.00;-0.00;0.50;0.011
1595263711.707;2157;1.17;-2.23;160.45;1.10;-2.20;180.00;-0.00;0.50;380;0;0;0;0.34;0.48;0.00;0.00;0.00;-0.00;0.01;0.00;1.10;-2.20;180.00;-0.00;0.50;0.011
1595263711.806;2167;1.17;-2.23;160.42;1.10;-2.20;180.00;-0.00;0.50;380;0;0;0;0.34;0.48;0.00;0.00;0.00;-0.00;0.01;0.00;1.10;-2.20;180.00;-0.00;0.50;0.011
1595263711.906;2177;1.17;-2.23;160.44;1.10;-2.20;180.00;-0.00;0.50;380;0;0;0;0.34;0.48;0.00;0.00;0.00;-0.00;0.00;-0.00;1.10;-2.20;180.00;-0.00;0.50;0.011
1595263712.006;2187;1.17;-2.23;160.41;1.10;-2.20;180.00;-0.00;0.50;380;0;0;0;0.34;0.48;-0.00;0.00;0.00;-0.00;0.01;0.00;1.10;-2.20;180.00;-0.00;0.50;0.011
1595263712.106;2197;1.17;-2.23;160.27;1.10;-2.20;180.00;-0.00;0.50;380;0;0;0;0.34;0.48;0.00;0.00;0.00;-0.00;0.00;0.00;1.10;-2.20;180.00;-0.00;0.50;0.011
1595263712.222;2209;1.17;-2.23;160.45;1.10;-2.20;180.00;-0.00;0.50;380;0;1;0;0.34;0.48;0.00;0.00;0.00;-0.00;0.00;0.00;1.10;-2.20;180.00;-0.00;0.50;0.004
1595263712.306;2216;1.17;-2.23;160.39;1.10;-2.20;180.00;-0.00;0.50;380;0;0;0;0.34;0.48;0.00;0.00;0.00;-0.00;0.01;0.00;1.10;-2.20;180.00;-0.00;0.50;0.010
1595263712.406;2227;1.17;-2.23;160.44;1.10;-2.20;180.00;-0.00;0.50;380;0;0;0;0.34;0.48;0.00;0.00;0.00;-0.00;0.01;0.00;1.10;-2.20;180.00;-0.00;0.50;0.011
1595263712.506;2236;1.17;-2.23;160.42;1.10;-2.20;180.00;-0.00;0.50;380;0;0;0;0.34;0.48;0.00;0.00;0.00;-0.00;0.00;0.00;1.10;-2.20;180.00;-0.00;0.50;0.010
1595263712.606;2247;1.17;-2.23;160.40;1.10;-2.20;180.00;-0.00;0.50;380;0;0;0;0.34;0.48;0.00;0.00;0.00;-0.00;0.01;0.00;1.10;-2.20;180.00;-0.00;0.50;0.011
1595263712.706;2257;1.17;-2.23;160.42;1.10;-2.20;180.00;-0.00;0.50;380;0;0;0;0.34;0.48;-0.00;0.00;0.00;-0.00;0.01;0.00;1.10;-2.20;180.00;-0.00;0.50;0.011
1595263712.806;2267;1.17;-2.23;160.44;1.10;-2.20;180.00;-0.00;0.50;380;0;0;0;0.34;0.48;-0.00;0.00;0.00;-0.00;0.01;0.00;1.10;-2.20;180.00;-0.00;0.50;0.011
1595263712.906;2277;1.17;-2.23;160.46;1.10;-2.20;180.00;-0.00;0.50;380;0;0;0;0.34;0.48;0.00;0.00;0.00;-0.00;0.01;0.00;1.10;-2.20;180.00;-0.00;0.50;0.011
1595263713.006;2286;1.17;-2.23;160.41;1.10;-2.20;180.00;-0.00;0.50;380;0;0;0;0.34;0.48;0.00;0.00;0.00;-0.00;0.00;0.00;1.10;-2.20;180.00;-0.00;0.50;0.010
1595263713.106;2296;1.17;-2.23;160.41;1.10;-2.20;180.00;-0.00;0.50;380;0;0;0;0.34;0.48;0.00;0.00;0.00;-0.00;0.00;0.00;1.10;-2.20;180.00;-0.00;0.50;0.010
1595263713.217;2308;1.17;-2.23;160.41;1.10;-2.20;180.00;-0.00;0.50;380;0;1;0;0.34;0.48;0.00;0.00;0.00;-0.00;0.00;0.00;1.10;-2.20;180.00;-0.00;0.50;0.002
1595263713.307;2317;1.17;-2.23;160.42;1.10;-2.20;180.00;-0.00;0.50;380;0;0;0;0.34;0.48;0.00;0.00;0.00;-0.00;0.00;0.00;1.10;-2.20;180.00;-0.00;0.50;0.011
1595263713.406;2326;1.17;-2.23;160.41;1.10;-2.20;180.00;-0.00;0.50;380;0;0;0;0.34;0.48;0.00;0.00;0.00;-0.00;0.00;0.00;1.10;-2.20;180.00;-0.00;0.50;0.010
1595263713.506;2337;1.17;-2.23;160.39;1.10;-2.20;180.00;-0.00;0.50;380;0;0;0;0.34;0.48;0.00;0.00;0.00;-0.00;0.00;0.00;1.10;-2.20;180.00;-0.00;0.50;0.011
1595263713.606;2347;1.17;-2.23;160.42;1.10;-2.20;180.00;-0.00;0.50;380;0;0;0;0.34;0.48;-0.00;0.00;0.00;-0.00;0.00;0.00;1.10;-2.20;180.00;-0.00;0.50;0.011
1595263713.707;2357;1.17;-2.23;160.42;1.10;-2.20;180.00;-0.00;0.50;380;0;0;0;0.34;0.48;0.00;0.00;0.00;-0.00;0.00;0.00;1.10;-2.20;180.00;-0.00;0.50;0.011
1595263713.806;2367;1.17;-2.23;160.42;1.10;-2.20;180.00;-0.00;0.50;380;0;0;0;0.34;0.48;0.00;0.00;0.00;-0.00;0.01;0.00;1.10;-2.20;180.00;-0.00;0.50;0.011
1595263713.906;2377;1.17;-2.23;160.42;1.10;-2.20;180.00;-0.00;0.50;380;0;0;0;0.34;0.48;-0.00;0.00;0.00;-0.00;0.01;0.00;1.10;-2.20;180.00;-0.00;0.50;0.011
1595263714.006;2387;1.17;-2.23;160.46;1.10;-2.20;180.00;-0.00;0.50;380;0;0;0;0.34;0.48;-0.00;0.00;0.00;-0.00;0.00;0.00;1.10;-2.20;180.00;-0.00;0.50;0.011
1595263714.106;2397;1.17;-2.23;160.42;1.10;-2.20;180.00;-0.00;0.50;380;0;0;0;0.34;0.48;0.00;0.00;0.00;-0.00;0.00;-0.00;1.10;-2.20;180.00;-0.00;0.50;0.011
1595263714.211;2408;1.17;-2.23;160.46;1.10;-2.20;180.00;-0.00;0.50;380;0;1;0;0.34;0.48;0.00;0.00;0.00;-0.00;0.00;0.00;1.10;-2.20;180.00;-0.00;0.50;0.002
1595263714.301;2417;1.17;-2.23;160.40;1.10;-2.20;180.00;-0.00;0.50;380;0;0;0;0.34;0.48;-0.00;0.00;0.00;-0.00;0.00;0.00;1.10;-2.20;180.00;-0.00;0.50;0.005
1595263714.401;2427;1.17;-2.23;160.39;1.10;-2.20;180.00;-0.00;0.50;380;0;0;0;0.34;0.48;-0.00;0.00;0.00;-0.00;0.00;0.00;1.10;-2.20;180.00;-0.00;0.50;0.006
1595263714.501;2437;1.17;-2.23;160.35;1.10;-2.20;180.00;-0.00;0.50;380;0;0;0;0.34;0.48;0.00;0.00;0.00;-0.00;0.00;0.00;1.10;-2.20;180.00;-0.00;0.50;0.005
1595263714.601;2446;1.17;-2.23;160.42;1.10;-2.20;180.00;-0.00;0.50;380;0;0;0;0.34;0.48;0.00;0.00;0.00;-0.00;0.00;0.00;1.10;-2.20;180.00;-0.00;0.50;0.005
1595263714.701;2457;1.17;-2.23;160.41;1.10;-2.20;180.00;-0.00;0.50;380;0;0;0;0.34;0.48;-0.00;0.00;0.00;-0.00;0.00;0.00;1.10;-2.20;180.00;-0.00;0.50;0.005
1595263714.800;2466;1.17;-2.23;160.43;1.10;-2.20;180.00;-0.00;0.50;380;0;0;0;0.34;0.48;-0.00;0.00;0.00;-0.00;0.01;0.00;1.10;-2.20;180.00;-0.00;0.50;0.005
1595263714.901;2477;1.17;-2.23;160.44;1.10;-2.20;180.00;-0.00;0.50;380;0;0;0;0.34;0.48;-0.00;0.00;0.00;-0.00;0.01;0.00;1.10;-2.20;180.00;-0.00;0.50;0.005
1595263715.001;2487;1.17;-2.23;160.43;1.10;-2.20;180.00;-0.00;0.50;380;0;0;0;0.34;0.48;-0.00;0.00;0.00;-0.00;0.01;0.00;1.10;-2.20;180.00;-0.00;0.50;0.006
1595263715.101;2497;1.17;-2.23;160.40;1.10;-2.20;180.00;-0.00;0.50;380;0;0;0;0.34;0.48;-0.00;0.00;0.00;-0.00;0.01;0.00;1.10;-2.20;180.00;-0.00;0.50;0.006
1595263715.210;2508;1.17;-2.23;160.40;1.10;-2.20;180.00;-0.00;0.50;380;0;1;0;0.34;0.48;0.00;0.00;0.00;-0.00;0.00;0.00;1.10;-2.20;180.00;-0.00;0.50;0.003
1595263715.301;2517;1.17;-2.23;160.43;1.10;-2.20;180.00;-0.00;0.50;380;0;0;0;0.34;0.48;0.00;0.00;0.00;-0.00;0.00;0.00;1.10;-2.20;180.00;-0.00;0.50;0.006
1595263715.402;2527;1.17;-2.23;160.46;1.10;-2.20;180.00;-0.00;0.50;380;0;0;0;0.34;0.48;-0.00;0.00;0.00;-0.00;0.01;0.00;1.10;-2.20;180.00;-0.00;0.50;0.006
1595263715.501;2537;1.17;-2.23;160.41;1.10;-2.20;180.00;-0.00;0.50;380;0;0;0;0.34;0.48;0.00;0.00;0.00;-0.00;0.00;0.00;1.10;-2.20;180.00;-0.00;0.50;0.006
1595263715.601;2547;1.17;-2.23;160.42;1.10;-2.20;180.00;-0.00;0.50;380;0;0;0;0.34;0.48;0.00;0.00;0.00;-0.00;0.01;0.00;1.10;-2.20;180.00;-0.00;0.50;0.006
1595263715.701;2557;1.17;-2.23;160.42;1.10;-2.20;180.00;-0.00;0.50;380;0;0;0;0.34;0.48;-0.00;0.00;0.00;-0.00;0.00;0.00;1.10;-2.20;180.00;-0.00;0.50;0.005
1595263715.801;2567;1.17;-2.23;160.40;1.10;-2.20;180.00;-0.00;0.50;380;0;0;0;0.34;0.48;-0.00;0.00;0.00;-0.00;0.00;0.00;1.10;-2.20;180.00;-0.00;0.50;0.006
1595263715.902;2577;1.17;-2.23;160.42;1.10;-2.20;180.00;-0.00;0.50;380;0;0;0;0.34;0.48;-0.00;0.00;0.00;-0.00;0.00;0.00;1.10;-2.20;180.00;-0.00;0.50;0.006
1595263716.001;2587;1.17;-2.23;160.41;1.10;-2.20;180.00;-0.00;0.50;380;0;0;0;0.34;0.48;-0.00;0.00;0.00;-0.00;0.00;0.00;1.10;-2.20;180.00;-0.00;0.50;0.006
1595263716.101;2597;1.17;-2.23;160.42;1.10;-2.20;180.00;-0.00;0.50;380;0;0;0;0.34;0.48;-0.00;0.00;0.00;-0.00;0.00;0.00;1.10;-2.20;180.00;-0.00;0.50;0.006
1595263716.210;2608;1.17;-2.23;160.42;1.10;-2.20;180.00;-0.00;0.50;380;0;1;0;0.34;0.48;-0.00;0.00;0.00;-0.00;0.00;0.00;1.10;-2.20;180.00;-0.00;0.50;0.002
1595263716.304;2617;1.17;-2.23;160.34;1.10;-2.20;180.00;-0.00;0.50;380;0;0;0;0.34;0.48;-0.00;0.00;0.00;-0.00;0.01;0.00;1.10;-2.20;180.00;-0.00;0.50;0.008
1595263716.408;2627;1.17;-2.23;160.43;1.10;-2.20;180.00;-0.00;0.50;380;0;0;0;0.34;0.48;-0.00;0.00;0.00;-0.00;0.00;0.00;1.10;-2.20;180.00;-0.00;0.50;0.012
1595263716.507;2637;1.17;-2.23;160.36;1.10;-2.20;180.00;-0.00;0.50;380;0;0;0;0.34;0.48;-0.00;0.00;0.00;-0.00;0.00;0.00;1.10;-2.20;180.00;-0.00;0.50;0.012
1595263716.606;2647;1.17;-2.23;160.37;1.10;-2.20;180.00;-0.00;0.50;380;0;0;0;0.34;0.48;-0.00;0.00;0.00;-0.00;0.00;0.00;1.10;-2.20;180.00;-0.00;0.50;0.010
1595263716.707;2657;1.17;-2.23;160.40;1.10;-2.20;180.00;-0.00;0.50;380;0;0;0;0.34;0.48;-0.00;0.00;0.00;-0.00;0.00;0.00;1.10;-2.20;180.00;-0.00;0.50;0.011
1595263716.806;2667;1.17;-2.23;160.36;1.10;-2.20;180.00;-0.00;0.50;380;0;0;0;0.34;0.48;0.00;0.00;0.00;-0.00;0.00;0.00;1.10;-2.20;180.00;-0.00;0.50;0.011
1595263716.906;2677;1.17;-2.23;160.34;1.10;-2.20;180.00;-0.00;0.50;380;0;0;0;0.34;0.48;0.00;0.00;0.00;-0.00;0.01;0.00;1.10;-2.20;180.00;-0.00;0.50;0.011
1595263717.003;2687;1.17;-2.23;160.35;1.10;-2.20;180.00;-0.00;0.50;380;0;0;0;0.34;0.48;-0.00;0.00;0.00;-0.00;0.00;0.00;1.10;-2.20;180.00;-0.00;0.50;0.007
1595263717.101;2697;1.17;-2.23;160.45;1.10;-2.20;180.00;-0.00;0.50;380;0;0;0;0.34;0.48;-0.00;0.00;0.00;-0.00;0.00;0.00;1.10;-2.20;180.00;-0.00;0.50;0.006
1595263717.210;2708;1.17;-2.23;160.34;1.10;-2.20;180.00;-0.00;0.50;380;0;1;0;0.34;0.48;-0.00;0.00;0.00;-0.00;0.00;0.00;1.10;-2.20;180.00;-0.00;0.50;0.003
1595263717.306;2717;1.17;-2.23;160.43;1.10;-2.20;180.00;-0.00;0.50;380;0;0;0;0.34;0.48;-0.00;0.00;0.00;-0.00;0.00;0.00;1.10;-2.20;180.00;-0.00;0.50;0.011
1595263717.406;2727;1.17;-2.23;160.37;1.10;-2.20;180.00;-0.00;0.50;380;0;0;0;0.34;0.48;0.00;0.00;0.00;-0.00;0.00;0.00;1.10;-2.20;180.00;-0.00;0.50;0.010
1595263717.506;2737;1.17;-2.23;160.34;1.10;-2.20;180.00;-0.00;0.50;380;0;0;0;0.34;0.48;0.00;0.00;0.00;-0.00;0.01;0.00;1.10;-2.20;180.00;-0.00;0.50;0.011
1595263717.602;2747;1.17;-2.23;160.37;1.10;-2.20;180.00;-0.00;0.50;380;0;0;0;0.34;0.48;-0.00;0.00;0.00;-0.00;0.00;0.00;1.10;-2.20;180.00;-0.00;0.50;0.007
1595263717.701;2756;1.17;-2.23;160.39;1.10;-2.20;180.00;-0.00;0.50;380;0;0;0;0.34;0.48;-0.00;0.00;0.00;-0.00;0.00;0.00;1.10;-2.20;180.00;-0.00;0.50;0.005
1595263717.801;2767;1.17;-2.23;160.37;1.10;-2.20;180.00;-0.00;0.50;380;0;0;0;0.34;0.48;-0.00;0.00;0.00;-0.00;0.00;0.00;1.10;-2.20;180.00;-0.00;0.50;0.005
1595263717.901;2777;1.17;-2.23;160.35;1.10;-2.20;180.00;-0.00;0.50;380;0;0;0;0.34;0.48;-0.00;0.00;0.00;-0.00;0.01;0.00;1.10;-2.20;180.00;-0.00;0.50;0.005
1595263718.001;2787;1.17;-2.23;160.36;1.10;-2.20;180.00;-0.00;0.50;380;0;0;0;0.34;0.48;-0.00;0.00;0.00;-0.00;0.01;0.00;1.10;-2.20;180.00;-0.00;0.50;0.006
1595263718.101;2797;1.17;-2.23;160.36;1.10;-2.20;180.00;-0.00;0.50;380;0;0;0;0.34;0.48;-0.00;0.00;0.00;-0.00;0.01;0.00;1.10;-2.20;180.00;-0.00;0.50;0.006
1595263718.210;2808;1.17;-2.23;160.36;1.10;-2.20;180.00;-0.00;0.50;380;0;1;0;0.34;0.48;-0.00;0.00;0.00;-0.00;0.00;0.00;1.10;-2.20;180.00;-0.00;0.50;0.002
1595263718.301;2817;1.17;-2.23;160.34;1.10;-2.20;180.00;-0.00;0.50;380;0;0;0;0.34;0.48;-0.00;0.00;0.00;-0.00;0.00;0.00;1.10;-2.20;180.00;-0.00;0.50;0.006
1595263718.401;2827;1.17;-2.23;160.36;1.10;-2.20;180.00;-0.00;0.50;380;0;0;0;0.34;0.48;-0.00;0.00;0.00;-0.00;0.00;0.00;1.10;-2.20;180.00;-0.00;0.50;0.006
1595263718.501;2837;1.17;-2.23;160.39;1.10;-2.20;180.00;-0.00;0.50;380;0;0;0;0.34;0.48;-0.00;0.00;0.00;-0.00;0.00;0.00;1.10;-2.20;180.00;-0.00;0.50;0.006
1595263718.601;2847;1.17;-2.23;160.36;1.10;-2.20;180.00;-0.00;0.50;380;0;0;0;0.34;0.48;-0.00;0.00;0.00;-0.00;0.00;0.00;1.10;-2.20;180.00;-0.00;0.50;0.006
1595263718.701;2857;1.17;-2.23;160.37;1.10;-2.20;180.00;-0.00;0.50;380;0;0;0;0.34;0.48;0.00;0.00;0.00;-0.00;0.00;0.00;1.10;-2.20;180.00;-0.00;0.50;0.006
1595263718.801;2867;1.17;-2.23;160.37;1.10;-2.20;180.00;-0.00;0.50;380;0;0;0;0.34;0.48;0.00;0.00;0.00;-0.00;0.00;0.00;1.10;-2.20;180.00;-0.00;0.50;0.006
1595263718.901;2877;1.17;-2.23;160.36;1.10;-2.20;180.00;-0.00;0.50;380;0;0;0;0.34;0.48;0.00;0.00;0.00;-0.00;0.00;0.00;1.10;-2.20;180.00;-0.00;0.50;0.005
1595263719.001;2887;1.17;-2.23;160.39;1.10;-2.20;180.00;-0.00;0.50;380;0;0;0;0.34;0.48;-0.00;0.00;0.00;-0.00;0.01;0.00;1.10;-2.20;180.00;-0.00;0.50;0.005
1595263719.101;2897;1.17;-2.23;160.36;1.10;-2.20;180.00;-0.00;0.50;380;0;0;0;0.34;0.48;-0.00;0.00;0.00;-0.00;0.00;0.00;1.10;-2.20;180.00;-0.00;0.50;0.006
1595263719.209;2908;1.17;-2.23;160.35;1.10;-2.20;180.00;-0.00;0.50;380;0;1;0;0.34;0.48;-0.00;0.00;0.00;-0.00;0.00;0.00;1.10;-2.20;180.00;-0.00;0.50;0.002
1595263719.301;2917;1.17;-2.23;160.37;1.10;-2.20;180.00;-0.00;0.50;380;0;0;0;0.34;0.48;-0.00;0.00;0.00;-0.00;0.01;0.00;1.10;-2.20;180.00;-0.00;0.50;0.006
1595263719.401;2927;1.17;-2.23;160.34;1.10;-2.20;180.00;-0.00;0.50;380;0;0;0;0.34;0.48;-0.00;0.00;0.00;-0.00;0.00;0.00;1.10;-2.20;180.00;-0.00;0.50;0.006
1595263719.501;2937;1.17;-2.23;160.39;1.10;-2.20;180.00;-0.00;0.50;380;0;0;0;0.34;0.48;-0.00;0.00;0.00;-0.00;0.00;0.00;1.10;-2.20;180.00;-0.00;0.50;0.006
1595263719.601;2947;1.17;-2.23;160.35;1.10;-2.20;180.00;-0.00;0.50;380;0;0;0;0.34;0.48;-0.00;0.00;0.00;-0.00;0.00;0.00;1.10;-2.20;180.00;-0.00;0.50;0.005
1595263719.701;2957;1.17;-2.23;160.34;1.10;-2.20;180.00;-0.00;0.50;380;0;0;0;0.34;0.48;-0.00;0.00;0.00;-0.00;0.00;0.00;1.10;-2.20;180.00;-0.00;0.50;0.005
1595263719.801;2967;1.17;-2.23;160.37;1.10;-2.20;180.00;-0.00;0.50;380;0;0;0;0.34;0.48;-0.00;0.00;0.00;-0.00;0.00;0.00;1.10;-2.20;180.00;-0.00;0.50;0.006
1595263719.903;2977;1.17;-2.23;160.36;1.10;-2.20;180.00;-0.00;0.50;380;0;0;0;0.34;0.48;-0.00;0.00;0.00;-0.00;0.00;0.00;1.10;-2.20;180.00;-0.00;0.50;0.008
1595263720.006;2987;1.17;-2.23;160.37;1.10;-2.20;180.00;-0.00;0.50;380;0;0;0;0.34;0.48;-0.00;0.00;0.00;-0.00;0.00;0.00;1.10;-2.20;180.00;-0.00;0.50;0.011
1595263720.106;2997;1.17;-2.23;160.37;1.10;-2.20;180.00;-0.00;0.50;380;0;0;0;0.34;0.48;-0.00;0.00;0.00;-0.00;0.00;0.00;1.10;-2.20;180.00;-0.00;0.50;0.010
1595263720.216;3008;1.17;-2.23;160.37;1.10;-2.20;180.00;-0.00;0.50;380;0;1;0;0.34;0.48;-0.00;0.00;0.00;-0.00;0.00;0.00;1.10;-2.20;180.00;-0.00;0.50;0.002
1595263720.306;3017;1.17;-2.23;160.36;1.10;-2.20;180.00;-0.00;0.50;380;0;0;0;0.34;0.48;-0.00;0.00;0.00;-0.00;0.00;0.00;1.10;-2.20;180.00;-0.00;0.50;0.010
1595263720.406;3027;1.17;-2.23;160.36;1.10;-2.20;180.00;-0.00;0.50;380;0;0;0;0.34;0.48;-0.00;0.00;0.00;-0.00;0.00;0.00;1.10;-2.20;180.00;-0.00;0.50;0.010
1595263720.506;3037;1.17;-2.23;160.37;1.10;-2.20;180.00;-0.00;0.50;380;0;0;0;0.34;0.48;-0.00;0.00;0.00;-0.00;0.00;0.00;1.10;-2.20;180.00;-0.00;0.50;0.010
1595263720.606;3047;1.17;-2.23;160.39;1.10;-2.20;180.00;-0.00;0.50;380;0;0;0;0.34;0.48;-0.00;0.00;0.00;-0.00;0.00;0.00;1.10;-2.20;180.00;-0.00;0.50;0.010
1595263720.877;3057;1.17;-2.23;160.36;1.10;-2.20;180.00;-0.00;0.50;380;0;0;0;0.34;0.48;-0.00;0.00;0.00;-0.00;0.00;0.00;1.10;-2.20;180.00;-0.00;0.50;0.182
