t;frame;x;y;z;x_ref;y_ref;z_ref;delta_ref;u_ref;state;ellipse;control;action;delta;u;vx;vy;vz;wx;wy;wz;xr;yr;zr;delr;ur
1595263984.401;13;-1.14;0.07;175.60;-1.15;0.18;193.50;0.54;0.50;281;1;1;5;-0.53;-0.02;-0.00;0.00;0.00;-0.00;0.00;0.00;-1.14;0.20;180.00;-0.00;-0.50;0.035
1595263984.453;19;-1.14;0.07;175.55;-1.57;-0.11;235.14;0.53;0.50;281;2;1;5;0.79;0.02;-0.00;0.00;0.00;-0.00;0.01;0.00;-1.17;0.17;194.78;0.54;0.50;0.006
1595263984.551;28;-1.14;0.07;175.47;-1.57;-0.11;235.14;0.53;0.50;281;2;1;5;0.79;0.06;-0.00;0.00;0.00;-0.00;0.01;0.00;-1.17;0.17;194.78;0.54;0.50;0.003
1595263984.651;38;-1.14;0.07;175.91;-1.57;-0.11;235.14;0.53;0.50;281;2;1;5;0.79;0.09;0.00;0.00;0.00;-0.00;-0.01;0.08;-1.17;0.17;194.78;0.54;0.50;0.003
1595263984.751;48;-1.15;0.07;176.91;-1.57;-0.11;235.14;0.53;0.50;281;2;1;5;0.79;0.12;0.03;0.00;0.00;-0.00;0.01;0.17;-1.17;0.17;194.78;0.54;0.50;0.003
1595263984.851;58;-1.16;0.07;178.25;-1.57;-0.11;235.14;0.53;0.50;281;2;1;5;0.79;0.15;0.08;0.00;0.00;-0.01;0.00;0.26;-1.18;0.17;196.06;0.54;0.50;0.003
1595263984.951;68;-1.17;0.07;180.31;-1.57;-0.11;235.14;0.53;0.50;281;2;1;5;0.79;0.17;0.11;0.00;0.00;-0.01;0.01;0.34;-1.20;0.16;197.33;0.54;0.50;0.003
1595263985.051;78;-1.18;0.06;183.05;-1.57;-0.11;235.14;0.53;0.50;281;2;1;5;0.79;0.20;0.10;0.00;0.00;-0.00;0.00;0.44;-1.21;0.16;198.61;0.54;0.50;0.003
1595263985.151;88;-1.19;0.06;186.02;-1.57;-0.11;235.14;0.53;0.50;281;2;1;5;0.79;0.22;0.17;0.00;0.00;-0.01;0.00;0.52;-1.23;0.15;199.88;0.54;0.50;0.003
1595263985.251;98;-1.21;0.05;189.49;-1.57;-0.11;235.14;0.53;0.50;281;2;1;5;0.79;0.24;0.19;0.00;0.00;-0.01;0.01;0.61;-1.26;0.14;202.42;0.54;0.50;0.003
1595263985.351;108;-1.23;0.04;193.39;-1.57;-0.11;235.14;0.53;0.50;281;2;1;5;0.79;0.26;0.15;0.00;0.00;-0.01;0.01;0.67;-1.27;0.14;203.69;0.54;0.50;0.003
1595263985.451;118;-1.25;0.03;197.80;-1.57;-0.11;235.14;0.53;0.50;281;2;1;5;0.79;0.28;0.23;0.00;0.00;-0.02;0.01;0.74;-1.30;0.12;206.23;0.54;0.50;0.003
1595263985.551;128;-1.27;0.02;202.36;-1.57;-0.11;235.14;0.53;0.50;281;2;1;5;0.69;0.29;0.25;0.00;0.00;-0.01;0.01;0.80;-1.33;0.11;208.76;0.54;0.50;0.003
1595263985.651;138;-1.30;0.00;207.09;-1.57;-0.11;235.14;0.53;0.50;281;2;1;5;0.58;0.30;0.33;0.00;0.00;-0.00;0.01;0.79;-1.35;0.09;211.29;0.54;0.50;0.003
1595263985.751;148;-1.32;-0.01;210.86;-1.57;-0.11;235.14;0.53;0.50;281;2;1;5;0.51;0.31;0.28;0.00;0.00;-0.00;-0.01;0.66;-1.38;0.08;213.82;0.54;0.50;0.003
1595263985.851;158;-1.34;-0.03;214.22;-1.57;-0.11;235.14;0.53;0.50;281;2;1;5;0.46;0.32;0.29;0.00;0.00;0.00;-0.00;0.60;-1.40;0.06;216.34;0.54;0.50;0.003
1595263985.951;168;-1.36;-0.05;217.18;-1.57;-0.11;235.14;0.53;0.50;281;2;1;5;0.44;0.33;0.30;0.00;0.00;-0.01;-0.00;0.54;-1.43;0.04;218.86;0.54;0.50;0.003
1595263986.051;178;-1.39;-0.07;220.18;-1.57;-0.11;235.14;0.53;0.50;281;2;1;5;0.43;0.34;0.30;0.00;0.00;-0.01;0.00;0.49;-1.46;0.01;222.63;0.54;0.50;0.003
1595263986.151;188;-1.41;-0.09;222.67;-1.57;-0.11;235.14;0.53;0.50;281;2;1;5;0.43;0.35;0.32;0.00;0.00;0.01;-0.01;0.48;-1.49;-0.01;225.14;0.54;0.50;0.003
1595263986.251;198;-1.43;-0.11;225.39;-1.57;-0.11;235.14;0.53;0.50;281;2;1;5;0.42;0.36;0.33;0.00;0.00;-0.01;0.01;0.48;-1.51;-0.03;227.65;0.53;0.50;0.003
1595263986.355;209;-1.45;-0.14;228.54;-1.71;-0.59;269.43;0.38;0.50;281;3;1;5;0.42;0.37;0.34;0.00;0.00;-0.01;0.00;0.48;-1.54;-0.07;231.40;0.53;0.50;0.007
1595263986.455;219;-1.47;-0.17;231.36;-1.71;-0.59;269.43;0.38;0.50;281;3;1;5;0.52;0.37;0.35;0.00;0.00;-0.01;0.00;0.48;-1.56;-0.09;233.89;0.53;0.50;0.007
1595263986.555;229;-1.49;-0.20;234.58;-1.71;-0.59;269.43;0.38;0.50;281;3;1;5;0.51;0.36;0.36;0.00;0.00;-0.02;0.04;0.59;-1.58;-0.13;237.61;0.52;0.50;0.007
1595263986.655;239;-1.51;-0.23;238.65;-1.71;-0.59;269.43;0.38;0.50;281;3;1;5;0.45;0.36;0.36;0.00;0.00;-0.01;0.02;0.66;-1.61;-0.17;241.21;0.51;0.50;0.007
1595263986.755;249;-1.52;-0.26;242.19;-1.71;-0.59;269.43;0.38;0.50;281;3;1;5;0.39;0.36;0.36;0.00;0.00;-0.00;0.01;0.60;-1.62;-0.20;243.55;0.50;0.50;0.007
1595263986.855;259;-1.53;-0.29;245.16;-1.71;-0.59;269.43;0.38;0.50;281;3;1;5;0.38;0.36;0.36;0.00;0.00;-0.01;-0.00;0.53;-1.64;-0.24;246.95;0.49;0.50;0.007
1595263986.975;271;-1.55;-0.33;248.18;-1.69;-0.78;-81.37;0.49;0.50;140;1;1;3;0.35;0.35;0.35;0.00;0.00;-0.01;0.00;0.45;-1.65;-0.27;249.16;0.48;0.50;0.020
1595263987.059;279;-1.56;-0.35;250.18;-1.69;-0.78;-81.37;0.49;0.50;140;1;1;3;0.21;0.38;0.35;0.00;0.00;-0.01;0.01;0.43;-1.70;-0.60;-90.00;0.06;0.06;0.011
1595263987.159;289;-1.57;-0.38;252.41;-1.69;-0.78;-81.37;0.49;0.50;140;1;1;3;0.19;0.41;0.35;0.00;0.00;-0.01;-0.02;0.38;-1.70;-0.60;-90.00;0.06;0.06;0.011
1595263987.253;299;-1.58;-0.42;253.78;-1.69;-0.78;-81.37;0.49;0.50;140;1;1;3;0.21;0.42;0.36;0.00;0.00;-0.00;-0.00;0.28;-1.70;-0.60;-90.00;0.06;0.06;0.006
1595263987.353;309;-1.58;-0.46;255.28;-1.69;-0.78;-81.37;0.49;0.50;140;1;1;3;0.23;0.43;0.39;0.00;0.00;0.01;-0.00;0.27;-1.70;-0.60;-90.00;0.06;0.06;0.006
1595263987.454;319;-1.59;-0.49;257.00;-1.69;-0.78;-81.37;0.49;0.50;140;1;1;3;0.24;0.44;0.51;0.00;0.00;-0.00;0.01;0.30;-1.70;-0.60;-90.00;0.06;0.06;0.006
1595263987.559;329;-1.60;-0.53;258.94;-1.69;-0.78;-81.37;0.49;0.50;140;1;1;3;0.23;0.44;0.42;0.00;0.00;-0.00;0.03;0.32;-1.70;-0.60;-90.00;0.06;0.06;0.011
1595263987.659;339;-1.60;-0.57;260.72;-1.57;-1.13;-63.74;0.18;0.50;140;2;1;3;0.23;0.43;0.43;0.00;0.00;0.00;0.01;0.32;-1.70;-0.60;-90.00;0.06;0.06;0.011
1595263987.754;349;-1.61;-0.61;262.48;-1.57;-1.13;-63.74;0.18;0.50;140;2;1;3;0.26;0.41;0.32;0.00;0.00;-0.02;0.02;0.31;-1.70;-0.60;-90.00;0.06;0.06;0.007
1595263987.855;359;-1.61;-0.65;264.49;-1.57;-1.13;-63.74;0.18;0.50;140;2;1;3;0.41;0.40;0.53;0.00;0.00;-0.02;0.01;0.34;-1.70;-0.65;-88.86;0.26;0.26;0.007
1595263987.955;369;-1.61;-0.69;267.09;-1.57;-1.13;-63.74;0.18;0.50;140;2;1;3;0.48;0.40;0.41;0.00;0.00;-0.01;0.02;0.47;-1.70;-0.70;-86.80;0.36;0.36;0.007
1595263988.055;379;-1.61;-0.73;270.64;-1.57;-1.13;-63.74;0.18;0.50;140;2;1;3;0.47;0.39;0.40;0.00;0.00;-0.01;-0.00;0.60;-1.70;-0.73;-84.82;0.42;0.42;0.007
1595263988.155;389;-1.60;-0.77;274.20;-1.57;-1.13;-63.74;0.18;0.50;140;2;1;3;0.48;0.40;0.49;0.00;0.00;-0.00;-0.01;0.63;-1.69;-0.77;-82.15;0.47;0.48;0.007
1595263988.254;399;-1.60;-0.80;277.92;-1.57;-1.13;-63.74;0.18;0.50;140;2;1;3;0.43;0.40;0.39;0.00;0.00;-0.00;-0.01;0.64;-1.68;-0.82;-79.02;0.46;0.50;0.007
1595263988.354;409;-1.59;-0.84;281.51;-1.57;-1.13;-63.74;0.18;0.50;140;2;1;3;0.35;0.40;0.39;0.00;0.00;-0.01;-0.01;0.64;-1.67;-0.86;-76.13;0.42;0.50;0.007
1595263988.455;419;-1.58;-0.87;284.88;-1.57;-1.13;-63.74;0.18;0.50;140;2;1;3;0.25;0.40;0.49;0.00;0.00;0.00;-0.01;0.57;-1.67;-0.89;-74.36;0.40;0.50;0.007
1595263988.554;429;-1.56;-0.91;287.06;-1.57;-1.13;-63.74;0.18;0.50;140;2;1;3;0.22;0.40;0.39;0.00;0.00;-0.00;0.01;0.41;-1.65;-0.93;-71.93;0.36;0.50;0.007
1595263988.654;439;-1.55;-0.94;288.76;-1.57;-1.13;-63.74;0.18;0.50;140;2;1;3;0.20;0.40;0.39;0.00;0.00;-0.03;0.01;0.32;-1.64;-0.97;-69.75;0.32;0.50;0.006
1595263988.751;448;-1.54;-0.98;290.13;-1.40;-1.46;-65.46;-0.25;0.50;140;3;1;3;0.18;0.41;0.39;0.00;0.00;0.00;0.00;0.27;-1.62;-1.01;-67.84;0.29;0.50;0.004
1595263988.849;458;-1.52;-1.01;291.43;-1.40;-1.46;-65.46;-0.25;0.50;140;3;1;3;0.13;0.40;0.49;0.00;0.00;-0.00;0.01;0.25;-1.61;-1.04;-66.70;0.26;0.50;0.002
1595263988.949;468;-1.51;-1.05;292.67;-1.40;-1.46;-65.46;-0.25;0.50;140;3;1;3;0.11;0.41;0.30;0.00;0.00;-0.00;0.03;0.20;-1.59;-1.08;-65.20;0.22;0.50;0.002
1595263989.049;478;-1.49;-1.08;293.65;-1.40;-1.46;-65.46;-0.25;0.50;140;3;1;3;0.09;0.41;0.40;0.00;0.00;-0.02;0.01;0.17;-1.57;-1.12;-63.93;0.19;0.50;0.002
1595263989.149;488;-1.47;-1.12;294.42;-1.40;-1.46;-65.46;-0.25;0.50;140;3;1;3;0.06;0.41;0.40;0.00;0.00;-0.00;0.00;0.14;-1.55;-1.16;-62.93;0.14;0.50;0.002
1595263989.249;498;-1.45;-1.15;295.02;-1.40;-1.46;-65.46;-0.25;0.50;140;3;1;3;0.01;0.41;0.50;0.00;0.00;-0.00;0.02;0.11;-1.54;-1.19;-62.44;0.10;0.50;0.002
1595263989.349;508;-1.44;-1.19;295.34;-1.40;-1.46;-65.46;-0.25;0.50;140;3;1;3;-0.03;0.41;0.40;0.00;0.00;0.00;0.01;0.05;-1.52;-1.23;-61.96;0.05;0.50;0.002
1595263989.449;518;-1.42;-1.22;295.47;-1.40;-1.46;-65.46;-0.25;0.50;140;3;1;3;-0.07;0.41;0.40;0.00;0.00;0.01;-0.00;0.02;-1.50;-1.27;-61.81;-0.00;0.50;0.002
1595263989.549;528;-1.40;-1.25;295.41;-1.40;-1.46;-65.46;-0.25;0.50;140;3;1;3;-0.11;0.41;0.40;0.00;0.00;0.01;0.00;0.00;-1.48;-1.29;-61.88;-0.04;0.50;0.002
1595263989.649;538;-1.38;-1.29;295.00;-1.31;-1.81;-89.43;-0.63;0.50;140;4;1;3;-0.15;0.41;0.40;0.00;0.00;0.01;-0.00;-0.07;-1.46;-1.33;-62.26;-0.09;0.50;0.002
1595263989.749;548;-1.37;-1.33;294.48;-1.31;-1.81;-89.43;-0.63;0.50;140;4;1;3;-0.13;0.42;0.40;0.00;0.00;-0.00;-0.01;-0.12;-1.45;-1.36;-62.69;-0.12;0.50;0.002
1595263989.849;558;-1.35;-1.36;293.58;-1.31;-1.81;-89.43;-0.63;0.50;140;4;1;3;-0.18;0.43;0.41;0.00;0.00;-0.00;-0.01;-0.14;-1.43;-1.40;-63.61;-0.17;0.50;0.002
1595263989.949;568;-1.33;-1.40;292.62;-1.31;-1.81;-89.43;-0.63;0.50;140;4;1;3;-0.23;0.44;0.41;0.00;0.00;0.02;-0.01;-0.17;-1.41;-1.44;-64.85;-0.23;0.50;0.002
1595263990.049;578;-1.32;-1.44;291.17;-1.31;-1.81;-89.43;-0.63;0.50;140;4;1;3;-0.27;0.45;0.42;0.00;0.00;-0.01;-0.00;-0.26;-1.40;-1.47;-65.86;-0.26;0.50;0.002
1595263990.149;588;-1.30;-1.48;289.29;-1.31;-1.81;-89.43;-0.63;0.50;140;4;1;3;-0.30;0.45;0.43;0.00;0.00;-0.03;0.02;-0.32;-1.38;-1.51;-67.62;-0.31;0.50;0.002
1595263990.249;598;-1.29;-1.52;287.02;-1.31;-1.81;-89.43;-0.63;0.50;140;4;1;3;-0.34;0.46;0.44;0.00;0.00;0.00;0.00;-0.39;-1.36;-1.55;-69.69;-0.35;0.50;0.002
1595263990.349;608;-1.27;-1.56;284.40;-1.31;-1.81;-89.43;-0.63;0.50;140;4;1;3;-0.37;0.47;0.45;0.00;0.00;-0.00;0.01;-0.44;-1.35;-1.59;-72.08;-0.40;0.50;0.002
1595263990.449;618;-1.26;-1.61;281.39;-1.31;-1.81;-89.43;-0.63;0.50;140;4;1;3;-0.38;0.47;0.45;0.00;0.00;-0.02;-0.01;-0.53;-1.34;-1.62;-73.86;-0.43;0.50;0.002
1595263990.560;629;-1.25;-1.66;277.71;-1.28;-2.05;-76.50;0.54;0.50;231;1;1;5;-0.41;0.47;0.46;0.00;0.00;-0.01;0.00;-0.57;-1.33;-1.66;-76.83;-0.48;0.50;0.010
1595263990.653;639;-1.25;-1.70;274.26;-1.28;-2.05;-76.50;0.54;0.50;231;1;1;5;-0.42;0.46;0.58;0.00;0.00;-0.00;0.01;-0.61;-1.30;-1.80;-90.00;0.07;0.06;0.006
1595263990.754;649;-1.25;-1.74;270.72;-1.28;-2.05;-76.50;0.54;0.50;231;1;1;5;-0.17;0.44;0.46;0.00;0.00;0.01;0.00;-0.63;-1.30;-1.80;-90.00;0.07;0.06;0.006
1595263990.853;659;-1.25;-1.79;267.65;-1.28;-2.05;-76.50;0.54;0.50;231;1;1;5;0.06;0.43;0.46;0.00;0.00;0.01;0.01;-0.50;-1.30;-1.80;-90.00;0.07;0.06;0.006
1595263990.953;669;-1.25;-1.83;267.50;-1.28;-2.05;-76.50;0.54;0.50;231;1;1;5;0.22;0.42;0.45;0.00;0.00;0.00;0.00;-0.12;-1.30;-1.82;-89.73;0.16;0.15;0.006
1595263991.054;679;-1.25;-1.87;267.98;-1.28;-2.05;-76.50;0.54;0.50;231;1;1;5;0.36;0.41;0.43;0.00;0.00;-0.00;-0.01;0.06;-1.30;-1.87;-88.36;0.28;0.26;0.006
1595263991.153;689;-1.24;-1.91;270.49;-1.28;-2.05;-76.50;0.54;0.50;231;1;1;5;0.42;0.41;0.42;0.00;0.00;0.00;-0.01;0.31;-1.30;-1.91;-86.24;0.36;0.33;0.006
1595263991.253;699;-1.24;-1.95;273.53;-1.28;-2.05;-76.50;0.54;0.50;231;1;1;5;0.45;0.41;0.41;0.00;0.00;-0.01;-0.00;0.50;-1.29;-1.96;-83.61;0.43;0.39;0.006
1595263991.353;709;-1.23;-1.99;277.14;-1.28;-2.05;-76.50;0.54;0.50;231;1;1;5;0.46;0.42;0.51;0.00;0.00;-0.01;-0.02;0.61;-1.29;-2.00;-80.99;0.48;0.44;0.006
1595263991.453;719;-1.23;-2.03;280.66;-1.28;-2.05;-76.50;0.54;0.50;231;1;1;5;0.49;0.42;0.41;0.00;0.00;0.00;-0.00;0.63;-1.28;-2.04;-77.73;0.53;0.48;0.006
1595263991.553;729;-1.21;-2.07;284.58;-0.99;-2.47;-34.86;0.53;0.50;231;2;1;5;0.49;0.43;0.42;0.00;0.00;-0.00;0.01;0.67;-1.27;-2.08;-73.94;0.54;0.50;0.006
1595263991.651;738;-1.20;-2.10;288.26;-0.99;-2.47;-34.86;0.53;0.50;231;2;1;5;0.53;0.43;0.42;0.00;0.00;-0.00;-0.00;0.71;-1.26;-2.11;-71.39;0.54;0.50;0.003
1595263991.755;749;-1.18;-2.14;293.07;-0.99;-2.47;-34.86;0.53;0.50;231;2;1;5;0.47;0.43;0.42;0.00;0.00;-0.01;0.00;0.75;-1.24;-2.16;-67.58;0.54;0.50;0.007
1595263991.855;759;-1.16;-2.17;297.43;-0.99;-2.47;-34.86;0.53;0.50;231;2;1;5;0.43;0.43;0.42;0.00;0.00;-0.02;0.02;0.75;-1.22;-2.20;-63.77;0.54;0.50;0.007
1595263991.955;769;-1.14;-2.21;301.32;-0.99;-2.47;-34.86;0.53;0.50;231;2;1;5;0.40;0.43;0.43;0.00;0.00;-0.00;0.03;0.67;-1.20;-2.24;-59.97;0.54;0.50;0.007
1595263992.055;779;-1.12;-2.24;304.67;-0.99;-2.47;-34.86;0.53;0.50;231;2;1;5;0.40;0.43;0.43;0.00;0.00;-0.00;0.01;0.61;-1.18;-2.28;-56.18;0.54;0.50;0.007
1595263992.155;789;-1.09;-2.27;307.91;-0.99;-2.47;-34.86;0.53;0.50;231;2;1;5;0.41;0.43;0.43;0.00;0.00;-0.00;-0.01;0.56;-1.15;-2.32;-52.40;0.54;0.50;0.007
1595263992.255;799;-1.07;-2.30;311.14;-0.99;-2.47;-34.86;0.53;0.50;231;2;1;5;0.41;0.43;0.43;0.00;0.00;-0.00;-0.02;0.56;-1.12;-2.35;-48.62;0.54;0.50;0.007
1595263992.353;809;-1.04;-2.33;314.37;-0.99;-2.47;-34.86;0.53;0.50;231;2;1;5;0.39;0.44;0.43;0.00;0.00;-0.00;0.00;0.56;-1.10;-2.38;-46.11;0.54;0.50;0.006
1595263992.451;818;-1.01;-2.35;317.40;-0.99;-2.47;-34.86;0.53;0.50;231;2;1;5;0.40;0.44;0.43;0.00;0.00;0.01;-0.00;0.56;-1.07;-2.41;-42.35;0.53;0.50;0.003
1595263992.551;828;-0.98;-2.38;320.60;-0.51;-2.61;-0.57;0.38;0.50;231;3;1;5;0.41;0.44;0.43;0.00;0.00;-0.01;-0.00;0.55;-1.03;-2.44;-38.60;0.53;0.50;0.003
1595263992.651;838;-0.95;-2.40;323.88;-0.51;-2.61;-0.57;0.38;0.50;231;3;1;5;0.49;0.44;0.43;0.00;0.00;-0.01;0.00;0.57;-0.99;-2.47;-34.86;0.53;0.50;0.003
1595263992.751;848;-0.91;-2.42;327.46;-0.51;-2.61;-0.57;0.38;0.50;231;3;1;5;0.47;0.44;0.44;0.00;0.00;-0.01;0.00;0.62;-0.95;-2.49;-31.18;0.52;0.50;0.003
1595263992.851;858;-0.87;-2.44;331.49;-0.51;-2.61;-0.57;0.38;0.50;231;3;1;5;0.42;0.43;0.44;0.00;0.00;-0.01;0.02;0.68;-0.91;-2.51;-27.62;0.50;0.50;0.004
1595263992.951;868;-0.84;-2.46;335.34;-0.51;-2.61;-0.57;0.38;0.50;231;3;1;5;0.38;0.43;0.54;0.00;0.00;-0.01;0.01;0.66;-0.87;-2.53;-24.17;0.49;0.50;0.003
1595263993.061;879;-0.80;-2.47;338.80;-0.32;-2.61;-8.63;-0.49;0.50;20;1;1;4;0.36;0.43;0.43;0.00;0.00;-0.01;0.01;0.55;-0.83;-2.55;-20.84;0.48;0.50;0.010
1595263993.153;889;-0.76;-2.48;341.51;-0.32;-2.61;-8.63;-0.49;0.50;20;1;1;4;0.79;0.42;0.53;0.00;0.00;-0.00;0.01;0.49;-0.50;-2.60;-0.00;-0.06;0.06;0.006
1595263993.253;899;-0.72;-2.49;345.24;-0.32;-2.61;-8.63;-0.49;0.50;20;1;1;4;0.79;0.41;0.53;0.00;0.00;-0.01;0.01;0.72;-0.50;-2.60;-0.00;-0.06;0.06;0.006
1595263993.353;909;-0.68;-2.50;352.62;-0.32;-2.61;-8.63;-0.49;0.50;20;1;1;4;0.41;0.40;0.42;0.00;0.00;-0.00;0.00;1.15;-0.50;-2.60;-0.00;-0.06;0.06;0.006
1595263993.453;919;-0.65;-2.50;359.62;-0.32;-2.61;-8.63;-0.49;0.50;20;1;1;4;0.02;0.40;0.52;0.00;0.00;-0.00;0.02;1.19;-0.50;-2.60;-0.00;-0.06;0.06;0.005
1595263993.553;929;-0.61;-2.50;361.45;-0.32;-2.61;-8.63;-0.49;0.50;20;1;1;4;-0.13;0.40;0.40;0.00;0.00;-0.01;0.03;0.46;-0.50;-2.60;-0.00;-0.06;0.06;0.006
1595263993.653;939;-0.57;-2.50;361.17;0.03;-2.73;-26.26;-0.18;0.50;20;2;1;4;-0.19;0.39;0.39;0.00;0.00;-0.00;0.01;0.02;-0.50;-2.60;-0.00;-0.06;0.06;0.006
1595263993.751;948;-0.54;-2.50;360.74;0.03;-2.73;-26.26;-0.18;0.50;20;2;1;4;-0.23;0.39;0.39;0.00;0.00;-0.01;0.01;-0.10;-0.50;-2.60;-0.00;-0.06;0.06;0.003
1595263993.851;958;-0.50;-2.50;359.23;0.03;-2.73;-26.26;-0.18;0.50;20;2;1;4;-0.24;0.38;0.39;0.00;0.00;-0.01;0.01;-0.21;-0.49;-2.60;-0.04;-0.10;0.10;0.003
1595263993.951;968;-0.46;-2.50;357.90;0.03;-2.73;-26.26;-0.18;0.50;20;2;1;4;-0.33;0.38;0.39;0.00;0.00;-0.01;0.01;-0.23;-0.46;-2.60;-0.67;-0.22;0.22;0.003
1595263994.051;978;-0.42;-2.50;356.15;0.03;-2.73;-26.26;-0.18;0.50;20;2;1;4;-0.38;0.38;0.38;0.00;0.00;0.00;0.01;-0.32;-0.43;-2.60;-1.80;-0.30;0.30;0.003
1595263994.151;988;-0.39;-2.51;353.86;0.03;-2.73;-26.26;-0.18;0.50;20;2;1;4;-0.44;0.39;0.29;0.00;0.00;-0.00;0.02;-0.40;-0.39;-2.60;-3.79;-0.38;0.38;0.003
1595263994.251;998;-0.35;-2.51;351.12;0.03;-2.73;-26.26;-0.18;0.50;20;2;1;4;-0.43;0.39;0.38;0.00;0.00;-0.00;-0.01;-0.47;-0.37;-2.60;-5.18;-0.42;0.42;0.003
1595263994.351;1008;-0.32;-2.52;347.98;0.03;-2.73;-26.26;-0.18;0.50;20;2;1;4;-0.46;0.40;0.38;0.00;0.00;-0.00;-0.00;-0.51;-0.33;-2.61;-7.85;-0.47;0.48;0.003
1595263994.451;1018;-0.28;-2.53;344.87;0.03;-2.73;-26.26;-0.18;0.50;20;2;1;4;-0.41;0.41;0.39;0.00;0.00;-0.00;-0.01;-0.55;-0.30;-2.61;-9.96;-0.47;0.50;0.003
1595263994.554;1029;-0.24;-2.54;341.39;0.03;-2.73;-26.26;-0.18;0.50;20;2;1;4;-0.34;0.41;0.39;0.00;0.00;0.00;0.01;-0.54;-0.25;-2.62;-12.94;-0.44;0.50;0.006
1595263994.654;1039;-0.20;-2.55;338.62;0.03;-2.73;-26.26;-0.18;0.50;20;2;1;4;-0.27;0.41;0.30;0.00;0.00;0.01;0.00;-0.46;-0.23;-2.63;-14.77;-0.41;0.50;0.006
1595263994.754;1049;-0.17;-2.57;336.47;0.03;-2.73;-26.26;-0.18;0.50;20;2;1;4;-0.22;0.42;0.41;0.00;0.00;0.01;-0.00;-0.37;-0.20;-2.64;-16.48;-0.39;0.50;0.006
1595263994.854;1059;-0.13;-2.58;334.75;0.03;-2.73;-26.26;-0.18;0.50;20;2;1;4;-0.20;0.42;0.51;0.00;0.00;0.00;-0.01;-0.28;-0.16;-2.65;-18.83;-0.35;0.50;0.006
1595263994.954;1069;-0.09;-2.60;333.65;0.03;-2.73;-26.26;-0.18;0.50;20;2;1;4;-0.18;0.42;0.41;0.00;0.00;0.01;-0.01;-0.24;-0.13;-2.66;-20.25;-0.32;0.50;0.006
1595263995.054;1079;-0.06;-2.62;332.05;0.36;-2.90;-24.54;0.25;0.50;20;3;1;4;-0.15;0.42;0.41;0.00;0.00;-0.00;0.00;-0.22;-0.09;-2.68;-22.16;-0.29;0.50;0.006
1595263995.151;1088;-0.03;-2.64;330.93;0.36;-2.90;-24.54;0.25;0.50;20;3;1;4;-0.13;0.43;0.42;0.00;0.00;-0.01;-0.01;-0.20;-0.06;-2.69;-23.30;-0.26;0.50;0.003
1595263995.251;1098;0.01;-2.65;330.18;0.36;-2.90;-24.54;0.25;0.50;20;3;1;4;-0.13;0.44;0.42;0.00;0.00;0.00;-0.01;-0.17;-0.02;-2.71;-24.80;-0.22;0.50;0.003
1595263995.351;1108;0.04;-2.67;329.08;0.36;-2.90;-24.54;0.25;0.50;20;3;1;4;-0.10;0.44;0.42;0.00;0.00;0.02;0.02;-0.17;0.02;-2.73;-26.07;-0.19;0.50;0.003
1595263995.451;1118;0.08;-2.70;328.25;0.36;-2.90;-24.54;0.25;0.50;20;3;1;4;-0.04;0.45;0.43;0.00;0.00;-0.01;-0.00;-0.15;0.05;-2.74;-26.77;-0.15;0.50;0.003
1595263995.551;1128;0.11;-2.72;327.65;0.36;-2.90;-24.54;0.25;0.50;20;3;1;4;0.01;0.45;0.43;0.00;0.00;-0.01;0.01;-0.10;0.09;-2.76;-27.56;-0.10;0.50;0.003
1595263995.651;1138;0.15;-2.74;327.32;0.36;-2.90;-24.54;0.25;0.50;20;3;1;4;0.05;0.46;0.44;0.00;0.00;0.00;-0.01;-0.04;0.13;-2.78;-28.04;-0.05;0.50;0.003
1595263995.751;1148;0.19;-2.76;326.98;0.36;-2.90;-24.54;0.25;0.50;20;3;1;4;0.11;0.46;0.44;0.00;0.00;-0.01;0.01;-0.02;0.17;-2.80;-28.19;0.00;0.50;0.003
1595263995.851;1158;0.22;-2.78;327.20;0.71;-2.99;-0.57;0.63;0.50;20;4;1;4;0.17;0.47;0.45;0.00;0.00;-0.00;0.02;0.04;0.21;-2.82;-28.03;0.05;0.50;0.003
1595263995.951;1168;0.26;-2.81;327.89;0.71;-2.99;-0.57;0.63;0.50;20;4;1;4;0.23;0.47;0.45;0.00;0.00;-0.00;0.01;0.16;0.25;-2.84;-27.54;0.11;0.50;0.003
1595263996.051;1178;0.30;-2.83;329.43;0.71;-2.99;-0.57;0.63;0.50;20;4;1;4;0.25;0.47;0.46;0.00;0.00;-0.02;0.03;0.26;0.29;-2.86;-26.73;0.16;0.50;0.003
1595263996.151;1188;0.34;-2.85;331.17;0.71;-2.99;-0.57;0.63;0.50;20;4;1;4;0.28;0.47;0.47;0.00;0.00;-0.00;0.01;0.33;0.33;-2.88;-25.60;0.21;0.50;0.003
1595263996.251;1198;0.38;-2.87;333.29;0.71;-2.99;-0.57;0.63;0.50;20;4;1;4;0.31;0.47;0.47;0.00;0.00;-0.00;0.00;0.37;0.37;-2.90;-24.14;0.26;0.50;0.003
1595263996.351;1208;0.42;-2.88;335.55;0.71;-2.99;-0.57;0.63;0.50;20;4;1;4;0.33;0.47;0.47;0.00;0.00;-0.00;-0.01;0.41;0.41;-2.92;-22.38;0.31;0.50;0.003
1595263996.451;1218;0.47;-2.90;337.99;0.71;-2.99;-0.57;0.63;0.50;20;4;1;4;0.36;0.47;0.47;0.00;0.00;0.00;0.01;0.46;0.45;-2.94;-20.31;0.35;0.50;0.003
1595263996.570;1230;0.52;-2.92;342.08;0.95;-2.98;13.50;0.54;0.50;122;1;1;5;0.37;0.47;0.47;0.00;0.00;0.01;0.02;0.51;0.49;-2.95;-17.92;0.40;0.50;0.019
1595263996.659;1239;0.56;-2.93;344.80;0.95;-2.98;13.50;0.54;0.50;122;1;1;5;0.29;0.48;0.59;0.00;0.00;-0.03;0.03;0.54;0.70;-3.00;0.00;0.07;0.06;0.011
1595263996.759;1249;0.60;-2.93;347.78;0.95;-2.98;13.50;0.54;0.50;122;1;1;5;0.27;0.48;0.46;0.00;0.00;-0.01;0.00;0.49;0.70;-3.00;0.00;0.07;0.06;0.011
1595263996.859;1259;0.65;-2.94;349.96;0.95;-2.98;13.50;0.54;0.50;122;1;1;5;0.28;0.48;0.47;0.00;0.00;-0.01;0.02;0.42;0.70;-3.00;0.00;0.07;0.06;0.011
1595263996.958;1269;0.69;-2.94;352.41;0.95;-2.98;13.50;0.54;0.50;122;1;1;5;0.29;0.46;0.48;0.00;0.00;-0.01;0.03;0.40;0.70;-3.00;0.00;0.07;0.06;0.010
1595263997.054;1279;0.74;-2.95;355.06;0.95;-2.98;13.50;0.54;0.50;122;1;1;5;0.37;0.46;0.48;0.00;0.00;-0.00;0.03;0.41;0.73;-3.00;0.51;0.20;0.18;0.006
1595263997.153;1289;0.78;-2.95;357.81;0.95;-2.98;13.50;0.54;0.50;122;1;1;5;0.43;0.45;0.47;0.00;0.00;-0.01;-0.00;0.47;0.79;-3.00;2.35;0.31;0.29;0.006
1595263997.253;1299;0.83;-2.95;361.23;0.95;-2.98;13.50;0.54;0.50;122;1;1;5;0.44;0.45;0.46;0.00;0.00;-0.00;-0.00;0.58;0.82;-3.00;4.33;0.38;0.35;0.006
1595263997.353;1309;0.87;-2.95;364.84;0.95;-2.98;13.50;0.54;0.50;122;1;1;5;0.47;0.45;0.45;0.00;0.00;-0.00;-0.02;0.64;0.87;-2.99;7.20;0.44;0.41;0.006
1595263997.454;1319;0.91;-2.94;368.79;0.95;-2.98;13.50;0.54;0.50;122;1;1;5;0.48;0.45;0.45;0.00;0.00;0.01;-0.00;0.68;0.91;-2.99;10.02;0.49;0.45;0.006
1595263997.553;1328;0.94;-2.93;372.08;1.37;-2.69;55.14;0.53;0.50;122;2;1;5;0.52;0.45;0.45;0.00;0.00;0.02;-0.01;0.69;0.95;-2.98;13.50;0.54;0.50;0.005
1595263997.651;1338;0.98;-2.92;376.42;1.37;-2.69;55.14;0.53;0.50;122;2;1;5;0.55;0.46;0.45;0.00;0.00;-0.02;0.02;0.76;1.00;-2.96;17.33;0.54;0.50;0.003
1595263997.751;1348;1.02;-2.91;381.26;1.37;-2.69;55.14;0.53;0.50;122;2;1;5;0.49;0.46;0.45;0.00;0.00;-0.02;0.01;0.81;1.04;-2.95;21.15;0.54;0.50;0.003
1595263997.851;1358;1.06;-2.89;385.88;1.37;-2.69;55.14;0.53;0.50;122;2;1;5;0.44;0.46;0.45;0.00;0.00;-0.02;0.03;0.81;1.08;-2.93;24.96;0.54;0.50;0.003
1595263997.951;1368;1.10;-2.87;390.21;1.37;-2.69;55.14;0.53;0.50;122;2;1;5;0.40;0.46;0.45;0.00;0.00;-0.00;0.01;0.72;1.13;-2.91;28.76;0.54;0.50;0.003
1595263998.051;1378;1.13;-2.84;393.61;1.37;-2.69;55.14;0.53;0.50;122;2;1;5;0.40;0.46;0.45;0.00;0.00;-0.00;0.00;0.63;1.17;-2.88;32.56;0.54;0.50;0.003
1595263998.151;1388;1.17;-2.81;397.19;1.37;-2.69;55.14;0.53;0.50;122;2;1;5;0.40;0.46;0.45;0.00;0.00;-0.01;0.01;0.61;1.20;-2.86;36.34;0.54;0.50;0.003
1595263998.251;1398;1.20;-2.79;400.71;1.37;-2.69;55.14;0.53;0.50;122;2;1;5;0.40;0.46;0.45;0.00;0.00;-0.01;0.01;0.59;1.24;-2.83;40.12;0.54;0.50;0.003
1595263998.351;1408;1.23;-2.76;404.10;1.37;-2.69;55.14;0.53;0.50;122;2;1;5;0.40;0.46;0.34;0.00;0.00;0.00;0.01;0.60;1.28;-2.80;43.89;0.54;0.50;0.003
1595263998.451;1418;1.26;-2.72;407.80;1.37;-2.69;55.14;0.53;0.50;122;2;1;5;0.38;0.46;0.45;0.00;0.00;0.01;0.01;0.58;1.31;-2.77;47.65;0.53;0.50;0.003
1595263998.551;1428;1.28;-2.69;411.04;1.51;-2.21;89.43;0.38;0.50;122;3;1;5;0.39;0.47;0.45;0.00;0.00;-0.01;0.02;0.57;1.34;-2.73;51.40;0.53;0.50;0.003
1595263998.651;1438;1.31;-2.65;414.41;1.51;-2.21;89.43;0.38;0.50;122;3;1;5;0.47;0.46;0.46;0.00;0.00;-0.00;-0.01;0.59;1.37;-2.69;55.14;0.53;0.50;0.003
1595263998.751;1448;1.33;-2.62;418.16;1.51;-2.21;89.43;0.38;0.50;122;3;1;5;0.45;0.46;0.35;0.00;0.00;-0.00;0.01;0.64;1.39;-2.65;58.82;0.52;0.50;0.003
1595263998.851;1458;1.35;-2.58;422.42;1.51;-2.21;89.43;0.38;0.50;122;3;1;5;0.39;0.45;0.46;0.00;0.00;-0.02;0.02;0.71;1.41;-2.61;62.38;0.50;0.50;0.003
1595263998.951;1468;1.37;-2.54;426.27;1.51;-2.21;89.43;0.38;0.50;122;3;1;5;0.35;0.45;0.45;0.00;0.00;-0.01;0.02;0.67;1.43;-2.57;65.83;0.49;0.50;0.003
1595263999.051;1478;1.38;-2.50;429.57;1.51;-2.21;89.43;0.38;0.50;122;3;1;5;0.33;0.44;0.45;0.00;0.00;-0.01;-0.01;0.59;1.45;-2.53;69.16;0.48;0.50;0.003
1595263999.171;1490;1.40;-2.45;432.99;1.50;-2.20;90.00;0.00;-0.50;313;0;1;2;0.32;0.44;0.44;0.00;0.00;0.00;-0.00;0.50;1.47;-2.49;72.38;0.46;0.50;0.019
1595263999.283;1502;1.41;-2.40;436.24;1.50;-2.60;90.00;0.00;-0.50;312;0;1;2;-0.79;0.39;0.44;0.00;0.00;-0.00;-0.01;0.46;1.50;-2.42;90.00;-0.00;-0.50;0.019
1595263999.363;1510;1.41;-2.37;437.80;1.50;-2.60;90.00;0.00;-0.50;312;0;1;2;-0.79;0.33;0.44;0.00;0.00;0.01;0.01;0.32;1.50;-2.60;90.00;0.00;-0.50;0.015
1595263999.463;1520;1.42;-2.33;432.93;1.50;-2.60;90.00;0.00;-0.50;312;0;1;2;-0.79;0.26;0.41;0.00;0.00;0.01;0.05;-0.67;1.50;-2.60;90.00;0.00;-0.50;0.015
1595263999.563;1529;1.43;-2.31;427.88;1.50;-2.60;90.00;0.00;-0.50;312;0;1;2;-0.79;0.19;0.39;0.00;0.00;0.01;0.01;-0.90;1.50;-2.60;90.00;0.00;-0.50;0.015
1595263999.663;1539;1.44;-2.28;423.51;1.50;-2.60;90.00;0.00;-0.50;312;0;1;2;-0.79;0.12;0.30;0.00;0.00;-0.01;-0.01;-0.84;1.50;-2.60;90.00;0.00;-0.50;0.015
1595263999.763;1550;1.44;-2.26;420.42;1.50;-2.60;90.00;0.00;-0.50;312;0;1;2;-0.79;0.05;0.23;0.00;0.00;0.01;0.02;-0.58;1.50;-2.60;90.00;0.00;-0.50;0.015
1595263999.863;1560;1.45;-2.25;419.24;1.50;-2.60;90.00;0.00;-0.50;312;0;1;2;-0.79;-0.02;0.17;0.00;0.00;0.01;0.03;-0.24;1.50;-2.60;90.00;0.00;-0.50;0.015
1595263999.964;1570;1.45;-2.25;419.21;1.50;-2.60;90.00;0.00;-0.50;312;0;1;2;-0.79;-0.08;0.10;0.00;0.00;0.00;-0.01;-0.03;1.50;-2.60;90.00;0.00;-0.50;0.016
1595264000.064;1580;1.45;-2.25;419.61;1.50;-2.60;90.00;0.00;-0.50;312;0;1;2;-0.79;-0.14;0.00;0.00;0.00;-0.00;0.01;0.04;1.50;-2.60;90.00;0.00;-0.50;0.016
1595264000.163;1589;1.44;-2.26;421.11;1.50;-2.60;90.00;0.00;-0.50;312;0;1;2;-0.79;-0.20;-0.03;0.00;0.00;0.01;-0.00;0.18;1.50;-2.60;90.00;0.00;-0.50;0.015
1595264000.263;1600;1.44;-2.28;424.17;1.50;-2.60;90.00;0.00;-0.50;312;0;1;2;-0.79;-0.25;-0.09;0.00;0.00;-0.01;0.00;0.47;1.50;-2.60;90.00;0.00;-0.50;0.015
1595264000.363;1610;1.43;-2.29;427.98;1.50;-2.60;90.00;0.00;-0.50;312;0;1;2;-0.79;-0.30;-0.17;0.00;0.00;-0.01;0.01;0.64;1.50;-2.60;90.00;0.00;-0.50;0.016
1595264000.463;1620;1.42;-2.31;432.74;1.50;-2.60;90.00;0.00;-0.50;312;0;1;2;-0.79;-0.34;-0.27;0.00;0.00;-0.01;0.02;0.80;1.50;-2.60;90.00;0.00;-0.50;0.016
1595264000.563;1630;1.41;-2.34;438.46;1.50;-2.60;90.00;0.00;-0.50;312;0;1;2;-0.78;-0.38;-0.25;0.00;0.00;-0.01;0.04;0.96;1.50;-2.60;90.00;0.00;-0.50;0.016
1595264000.663;1639;1.40;-2.37;444.17;1.50;-2.60;90.00;0.00;-0.50;312;0;1;2;-0.52;-0.41;-0.23;0.00;0.00;0.00;0.01;1.09;1.50;-2.60;90.00;0.00;-0.50;0.016
1595264000.778;1651;1.40;-2.41;451.65;1.48;-2.75;103.50;0.54;0.50;311;1;1;5;-0.20;-0.44;-0.33;0.00;0.00;-0.01;0.04;0.97;1.50;-2.60;90.00;0.00;-0.50;0.015
1595264000.873;1661;1.40;-2.45;454.79;0.71;-2.19;179.43;0.38;0.50;311;3;1;5;0.79;-0.37;-0.36;0.00;0.00;-0.01;0.02;0.62;1.35;-2.48;127.60;0.54;0.50;0.014
1595264000.964;1670;1.41;-2.48;455.47;0.71;-2.19;179.43;0.38;0.50;311;3;1;5;0.79;-0.30;-0.30;0.00;0.00;-0.01;-0.00;0.31;1.37;-2.51;125.08;0.54;0.50;0.013
1595264001.067;1679;1.41;-2.52;450.90;0.71;-2.19;179.43;0.38;0.50;311;3;1;5;0.79;-0.23;-0.40;0.00;0.00;-0.01;-0.02;-0.64;1.38;-2.53;122.56;0.54;0.50;0.013
1595264001.168;1690;1.42;-2.55;445.74;0.71;-2.19;179.43;0.38;0.50;311;3;1;5;0.79;-0.16;-0.34;0.00;0.00;0.00;0.01;-0.78;1.39;-2.55;121.29;0.54;0.50;0.013
1595264001.268;1700;1.42;-2.57;442.34;0.71;-2.19;179.43;0.38;0.50;311;3;1;5;0.79;-0.10;-0.25;0.00;0.00;0.00;-0.01;-0.64;1.41;-2.57;118.76;0.54;0.50;0.013
1595264001.367;1710;1.43;-2.58;440.18;0.71;-2.19;179.43;0.38;0.50;311;3;1;5;0.79;-0.03;-0.19;0.00;0.00;-0.01;-0.04;-0.39;1.42;-2.59;117.50;0.54;0.50;0.013
1595264001.467;1720;1.43;-2.59;439.35;0.71;-2.19;179.43;0.38;0.50;311;3;1;5;0.79;0.02;-0.13;0.00;0.00;-0.00;-0.03;-0.19;1.42;-2.59;117.50;0.54;0.50;0.013
1595264001.567;1730;1.43;-2.58;439.67;0.71;-2.19;179.43;0.38;0.50;311;3;1;5;0.79;0.08;-0.06;0.00;0.00;0.00;0.02;0.04;1.42;-2.59;117.50;0.54;0.50;0.012
1595264001.667;1740;1.43;-2.58;439.96;0.71;-2.19;179.43;0.38;0.50;311;3;1;5;0.79;0.13;0.03;0.00;0.00;0.00;-0.02;0.10;1.42;-2.59;117.50;0.54;0.50;0.012
1595264001.767;1750;1.43;-2.57;441.97;0.71;-2.19;179.43;0.38;0.50;311;3;1;5;0.79;0.19;0.05;0.00;0.00;-0.01;0.02;0.28;1.41;-2.57;118.76;0.54;0.50;0.012
1595264001.855;1759;1.43;-2.56;444.07;0.71;-2.19;179.43;0.38;0.50;311;3;0;5;0.79;0.23;0.11;0.00;0.00;-0.00;-0.02;0.41;1.41;-2.57;118.76;0.54;0.50;0.007
1595264001.954;1769;1.42;-2.54;447.46;0.71;-2.19;179.43;0.38;0.50;311;3;0;5;0.79;0.23;0.15;0.00;0.00;0.00;-0.01;0.54;1.40;-2.56;120.03;0.54;0.50;0.007
1595264002.055;1779;1.42;-2.52;451.09;0.71;-2.19;179.43;0.38;0.50;311;3;0;5;0.79;0.23;0.15;0.00;0.00;-0.01;0.03;0.55;1.39;-2.55;121.29;0.54;0.50;0.007
1595264002.154;1788;1.42;-2.52;451.06;0.71;-2.19;179.43;0.38;0.50;311;3;0;5;0.79;0.23;0.14;0.00;0.00;-0.01;-0.02;0.20;1.39;-2.55;121.29;0.54;0.50;0.006
1595264002.254;1799;1.42;-2.52;451.17;0.71;-2.19;179.43;0.38;0.50;311;3;0;5;0.79;0.23;0.03;0.00;0.00;-0.00;0.01;0.04;1.39;-2.55;121.29;0.54;0.50;0.007
1595264002.383;1812;1.42;-2.52;451.07;1.50;-2.60;90.00;0.00;-0.50;312;0;1;2;0.79;0.23;0.00;0.00;0.00;0.00;0.01;-0.00;1.39;-2.55;121.29;0.54;0.50;0.019
1595264002.476;1821;1.42;-2.52;451.06;1.48;-2.75;103.50;0.54;0.50;311;1;1;5;-0.13;0.19;-0.00;0.00;0.00;-0.00;0.00;0.00;1.50;-2.60;90.00;0.00;-0.50;0.012
1595264002.571;1830;1.42;-2.52;451.15;1.19;-2.33;145.14;0.53;0.50;311;2;1;5;0.79;0.23;-0.00;0.00;0.00;-0.01;-0.09;0.02;1.39;-2.55;121.29;0.54;0.50;0.012
1595264002.667;1840;1.42;-2.50;451.31;1.19;-2.33;145.14;0.53;0.50;311;2;1;5;0.79;0.27;0.12;0.00;0.00;-0.01;0.00;0.20;1.38;-2.53;122.56;0.54;0.50;0.012
1595264002.767;1850;1.42;-2.47;456.10;1.19;-2.33;145.14;0.53;0.50;311;2;1;5;0.79;0.31;0.18;0.00;0.00;-0.00;-0.01;0.69;1.37;-2.51;125.08;0.54;0.50;0.012
1595264002.867;1860;1.41;-2.45;461.22;1.19;-2.33;145.14;0.53;0.50;311;2;1;5;0.79;0.34;0.27;0.00;0.00;0.02;-0.00;0.87;1.36;-2.50;126.34;0.54;0.50;0.012
1595264002.966;1870;1.40;-2.42;466.78;1.19;-2.33;145.14;0.53;0.50;311;2;1;5;0.79;0.37;0.29;0.00;0.00;-0.01;0.00;0.97;1.34;-2.47;128.86;0.54;0.50;0.011
1595264003.058;1878;1.39;-2.40;471.82;0.71;-2.19;179.43;0.38;0.50;311;3;1;5;0.79;0.39;0.32;0.00;0.00;-0.01;-0.00;1.06;1.33;-2.46;130.12;0.54;0.50;0.005
1595264003.156;1888;1.37;-2.37;478.44;0.71;-2.19;179.43;0.38;0.50;311;3;1;5;0.79;0.42;0.44;0.00;0.00;-0.02;0.01;1.15;1.31;-2.44;132.63;0.54;0.50;0.005
1595264003.256;1898;1.35;-2.35;485.56;0.71;-2.19;179.43;0.38;0.50;311;3;1;5;0.79;0.44;0.37;0.00;0.00;-0.03;0.01;1.25;1.29;-2.41;135.14;0.54;0.50;0.005
1595264003.356;1909;1.32;-2.31;494.29;0.71;-2.19;179.43;0.38;0.50;311;3;1;5;0.79;0.46;0.31;0.00;0.00;-0.02;-0.00;1.34;1.27;-2.39;137.65;0.53;0.50;0.006
1595264003.456;1919;1.29;-2.29;502.24;0.71;-2.19;179.43;0.38;0.50;311;3;1;5;0.63;0.47;0.42;0.00;0.00;-0.00;0.01;1.41;1.23;-2.36;141.40;0.53;0.50;0.005
1595264003.551;1928;1.26;-2.27;509.58;0.71;-2.19;179.43;0.38;0.50;311;3;0;5;0.40;0.48;0.44;0.00;0.00;-0.01;-0.02;1.31;1.21;-2.34;143.89;0.53;0.50;0.003
1595264003.650;1938;1.22;-2.25;514.88;0.71;-2.19;179.43;0.38;0.50;311;3;0;5;0.40;0.48;0.45;0.00;0.00;0.01;-0.01;0.95;1.17;-2.32;147.61;0.52;0.50;0.003
1595264003.751;1948;1.18;-2.23;518.21;0.71;-2.19;179.43;0.38;0.50;311;3;0;5;0.40;0.48;0.46;0.00;0.00;-0.04;0.11;0.66;1.14;-2.30;150.02;0.51;0.50;0.003
1595264003.851;1958;1.16;-2.22;520.48;0.71;-2.19;179.43;0.38;0.50;311;3;0;5;0.40;0.48;0.31;0.00;0.00;0.00;-0.01;0.27;1.13;-2.29;151.21;0.51;0.50;0.004
1595264003.950;1968;1.17;-2.23;520.29;0.71;-2.19;179.43;0.38;0.50;311;3;0;5;0.40;0.48;0.09;0.00;0.00;0.00;-0.03;0.06;1.13;-2.29;151.21;0.51;0.50;0.003
1595264004.051;1978;1.17;-2.23;520.28;0.71;-2.19;179.43;0.38;0.50;311;3;0;5;0.40;0.48;0.01;0.00;0.00;-0.01;0.01;-0.01;1.13;-2.29;151.21;0.51;0.50;0.004
1595264004.150;1988;1.16;-2.23;520.27;0.71;-2.19;179.43;0.38;0.50;311;3;0;5;0.40;0.48;0.00;0.00;0.00;-0.00;0.00;0.00;1.13;-2.29;151.21;0.51;0.50;0.003
1595264004.251;1998;1.16;-2.23;520.34;0.71;-2.19;179.43;0.38;0.50;311;3;0;5;0.40;0.48;0.00;0.00;0.00;-0.00;0.00;0.01;1.13;-2.29;151.21;0.51;0.50;0.003
1595264004.358;2009;1.16;-2.23;520.33;1.10;-2.20;180.00;-0.00;0.50;380;0;1;0;0.40;0.48;0.00;0.00;0.00;-0.00;0.01;0.00;1.13;-2.29;151.21;0.51;0.50;0.002
1595264004.452;2018;1.16;-2.23;520.40;1.10;-2.20;180.00;-0.00;0.50;380;0;0;0;0.40;0.48;0.00;0.00;0.00;-0.00;0.01;0.01;1.10;-2.20;180.00;-0.00;0.50;0.005
1595264004.552;2028;1.16;-2.23;520.40;1.10;-2.20;180.00;-0.00;0.50;380;0;0;0;0.40;0.48;0.00;0.00;0.00;-0.00;0.01;0.00;1.10;-2.20;180.00;-0.00;0.50;0.005
1595264004.656;2038;1.16;-2.23;520.39;1.10;-2.20;180.00;-0.00;0.50;380;0;0;0;0.40;0.48;0.00;0.00;0.00;-0.00;0.01;-0.00;1.10;-2.20;180.00;-0.00;0.50;0.008
1595264004.758;2049;1.16;-2.23;520.38;1.10;-2.20;180.00;-0.00;0.50;380;0;0;0;0.40;0.48;0.00;0.00;0.00;-0.00;0.01;0.00;1.10;-2.20;180.00;-0.00;0.50;0.010
1595264004.858;2058;1.16;-2.23;520.43;1.10;-2.20;180.00;-0.00;0.50;380;0;0;0;0.40;0.48;0.00;0.00;0.00;-0.00;0.01;0.00;1.10;-2.20;180.00;-0.00;0.50;0.010
1595264004.958;2069;1.16;-2.23;520.42;1.10;-2.20;180.00;-0.00;0.50;380;0;0;0;0.40;0.48;0.00;0.00;0.00;-0.00;0.01;0.00;1.10;-2.20;180.00;-0.00;0.50;0.010
1595264005.058;2079;1.16;-2.23;520.43;1.10;-2.20;180.00;-0.00;0.50;380;0;0;0;0.40;0.48;0.00;0.00;0.00;-0.00;0.01;0.00;1.10;-2.20;180.00;-0.00;0.50;0.010
1595264005.158;2089;1.16;-2.23;520.41;1.10;-2.20;180.00;-0.00;0.50;380;0;0;0;0.40;0.48;0.00;0.00;0.00;-0.00;0.00;0.00;1.10;-2.20;180.00;-0.00;0.50;0.010
1595264005.256;2099;1.16;-2.23;520.40;1.10;-2.20;180.00;-0.00;0.50;380;0;0;0;0.40;0.48;0.00;0.00;0.00;-0.00;0.00;0.00;1.10;-2.20;180.00;-0.00;0.50;0.008
1595264005.361;2109;1.16;-2.23;520.42;1.10;-2.20;180.00;-0.00;0.50;380;0;1;0;0.40;0.48;0.00;0.00;0.00;-0.00;0.00;0.00;1.10;-2.20;180.00;-0.00;0.50;0.002
1595264005.452;2118;1.16;-2.23;520.42;1.10;-2.20;180.00;-0.00;0.50;380;0;0;0;0.40;0.48;0.00;0.00;0.00;-0.00;0.00;0.00;1.10;-2.20;180.00;-0.00;0.50;0.005
1595264005.552;2128;1.16;-2.23;520.43;1.10;-2.20;180.00;-0.00;0.50;380;0;0;0;0.40;0.48;-0.00;0.00;0.00;-0.00;0.01;0.00;1.10;-2.20;180.00;-0.00;0.50;0.005
1595264005.653;2138;1.16;-2.23;520.43;1.10;-2.20;180.00;-0.00;0.50;380;0;0;0;0.40;0.48;-0.00;0.00;0.00;-0.00;0.00;0.00;1.10;-2.20;180.00;-0.00;0.50;0.005
1595264005.752;2148;1.16;-2.23;520.44;1.10;-2.20;180.00;-0.00;0.50;380;0;0;0;0.40;0.48;0.00;0.00;0.00;-0.00;0.00;0.00;1.10;-2.20;180.00;-0.00;0.50;0.005
1595264005.853;2159;1.16;-2.23;520.42;1.10;-2.20;180.00;-0.00;0.50;380;0;0;0;0.40;0.48;0.00;0.00;0.00;-0.00;0.00;0.00;1.10;-2.20;180.00;-0.00;0.50;0.005
1595264005.957;2168;1.16;-2.23;520.41;1.10;-2.20;180.00;-0.00;0.50;380;0;0;0;0.40;0.48;-0.00;0.00;0.00;-0.00;0.01;0.00;1.10;-2.20;180.00;-0.00;0.50;0.009
1595264006.058;2179;1.16;-2.23;520.40;1.10;-2.20;180.00;-0.00;0.50;380;0;0;0;0.40;0.48;0.00;0.00;0.00;-0.00;0.01;0.00;1.10;-2.20;180.00;-0.00;0.50;0.010
1595264006.158;2189;1.16;-2.23;520.45;1.10;-2.20;180.00;-0.00;0.50;380;0;0;0;0.40;0.48;0.00;0.00;0.00;-0.00;0.01;0.00;1.10;-2.20;180.00;-0.00;0.50;0.010
1595264006.258;2199;1.16;-2.23;520.43;1.10;-2.20;180.00;-0.00;0.50;380;0;0;0;0.40;0.48;-0.00;0.00;0.00;-0.00;0.01;0.00;1.10;-2.20;180.00;-0.00;0.50;0.010
1595264006.373;2210;1.16;-2.23;520.43;1.10;-2.20;180.00;-0.00;0.50;380;0;1;0;0.40;0.48;-0.00;0.00;0.00;-0.00;0.01;0.00;1.10;-2.20;180.00;-0.00;0.50;0.004
1595264006.458;2219;1.16;-2.23;520.43;1.10;-2.20;180.00;-0.00;0.50;380;0;0;0;0.40;0.48;0.00;0.00;0.00;-0.00;0.00;0.00;1.10;-2.20;180.00;-0.00;0.50;0.010
1595264006.558;2229;1.16;-2.23;520.45;1.10;-2.20;180.00;-0.00;0.50;380;0;0;0;0.40;0.48;0.00;0.00;0.00;-0.00;0.01;0.00;1.10;-2.20;180.00;-0.00;0.50;0.010
1595264006.658;2239;1.16;-2.23;520.39;1.10;-2.20;180.00;-0.00;0.50;380;0;0;0;0.40;0.48;-0.00;0.00;0.00;-0.00;0.01;0.00;1.10;-2.20;180.00;-0.00;0.50;0.010
1595264006.758;2248;1.16;-2.23;520.41;1.10;-2.20;180.00;-0.00;0.50;380;0;0;0;0.40;0.48;0.00;0.00;0.00;-0.00;0.01;0.00;1.10;-2.20;180.00;-0.00;0.50;0.010
1595264006.858;2259;1.16;-2.23;520.39;1.10;-2.20;180.00;-0.00;0.50;380;0;0;0;0.40;0.48;0.00;0.00;0.00;-0.00;0.01;0.00;1.10;-2.20;180.00;-0.00;0.50;0.010
1595264006.958;2269;1.16;-2.23;520.42;1.10;-2.20;180.00;-0.00;0.50;380;0;0;0;0.40;0.48;-0.00;0.00;0.00;-0.00;0.01;0.00;1.10;-2.20;180.00;-0.00;0.50;0.010
1595264007.057;2278;1.16;-2.23;520.42;1.10;-2.20;180.00;-0.00;0.50;380;0;0;0;0.40;0.48;-0.00;0.00;0.00;-0.00;0.01;0.00;1.10;-2.20;180.00;-0.00;0.50;0.009
1595264007.158;2289;1.16;-2.23;520.43;1.10;-2.20;180.00;-0.00;0.50;380;0;0;0;0.40;0.48;-0.00;0.00;0.00;-0.00;0.01;0.00;1.10;-2.20;180.00;-0.00;0.50;0.010
1595264007.258;2298;1.16;-2.23;520.42;1.10;-2.20;180.00;-0.00;0.50;380;0;0;0;0.40;0.48;-0.00;0.00;0.00;-0.00;0.01;0.00;1.10;-2.20;180.00;-0.00;0.50;0.010
1595264007.373;2311;1.16;-2.23;520.45;1.10;-2.20;180.00;-0.00;0.50;380;0;1;0;0.40;0.48;0.00;0.00;0.00;-0.00;0.01;0.00;1.10;-2.20;180.00;-0.00;0.50;0.005
1595264007.458;2319;1.16;-2.23;520.43;1.10;-2.20;180.00;-0.00;0.50;380;0;0;0;0.40;0.48;0.00;0.00;0.00;-0.00;0.00;0.00;1.10;-2.20;180.00;-0.00;0.50;0.010
1595264007.558;2328;1.16;-2.23;520.42;1.10;-2.20;180.00;-0.00;0.50;380;0;0;0;0.40;0.48;-0.00;0.00;0.00;-0.00;0.01;0.00;1.10;-2.20;180.00;-0.00;0.50;0.010
1595264007.658;2339;1.16;-2.23;520.45;1.10;-2.20;180.00;-0.00;0.50;380;0;0;0;0.40;0.48;-0.00;0.00;0.00;-0.00;0.01;0.00;1.10;-2.20;180.00;-0.00;0.50;0.010
1595264007.756;2349;1.16;-2.23;520.42;1.10;-2.20;180.00;-0.00;0.50;380;0;0;0;0.40;0.48;0.00;0.00;0.00;-0.00;0.01;0.00;1.10;-2.20;180.00;-0.00;0.50;0.008
1595264007.853;2358;1.16;-2.23;520.41;1.10;-2.20;180.00;-0.00;0.50;380;0;0;0;0.40;0.48;0.00;0.00;0.00;-0.00;0.01;0.00;1.10;-2.20;180.00;-0.00;0.50;0.005
1595264007.953;2368;1.16;-2.23;520.42;1.10;-2.20;180.00;-0.00;0.50;380;0;0;0;0.40;0.48;-0.00;0.00;0.00;-0.00;0.01;0.00;1.10;-2.20;180.00;-0.00;0.50;0.005
1595264008.058;2378;1.16;-2.23;520.40;1.10;-2.20;180.00;-0.00;0.50;380;0;0;0;0.40;0.48;-0.00;0.00;0.00;-0.00;0.00;0.00;1.10;-2.20;180.00;-0.00;0.50;0.010
1595264008.158;2389;1.16;-2.23;520.45;1.10;-2.20;180.00;-0.00;0.50;380;0;0;0;0.40;0.48;-0.00;0.00;0.00;-0.00;0.01;0.00;1.10;-2.20;180.00;-0.00;0.50;0.010
1595264008.258;2399;1.16;-2.23;520.44;1.10;-2.20;180.00;-0.00;0.50;380;0;0;0;0.40;0.48;-0.00;0.00;0.00;-0.00;0.00;0.00;1.10;-2.20;180.00;-0.00;0.50;0.010
1595264008.374;2411;1.16;-2.23;520.42;1.10;-2.20;180.00;-0.00;0.50;380;0;1;0;0.40;0.48;-0.00;0.00;0.00;-0.00;0.01;0.00;1.10;-2.20;180.00;-0.00;0.50;0.005
1595264008.458;2419;1.16;-2.23;520.43;1.10;-2.20;180.00;-0.00;0.50;380;0;0;0;0.40;0.48;-0.00;0.00;0.00;-0.00;0.01;0.00;1.10;-2.20;180.00;-0.00;0.50;0.010
1595264008.558;2429;1.16;-2.23;520.41;1.10;-2.20;180.00;-0.00;0.50;380;0;0;0;0.40;0.48;-0.00;0.00;0.00;-0.00;0.00;0.00;1.10;-2.20;180.00;-0.00;0.50;0.010
1595264008.658;2438;1.16;-2.23;520.39;1.10;-2.20;180.00;-0.00;0.50;380;0;0;0;0.40;0.48;-0.00;0.00;0.00;-0.00;0.01;0.00;1.10;-2.20;180.00;-0.00;0.50;0.010
1595264008.758;2449;1.16;-2.23;520.41;1.10;-2.20;180.00;-0.00;0.50;380;0;0;0;0.40;0.48;-0.00;0.00;0.00;-0.00;0.01;0.00;1.10;-2.20;180.00;-0.00;0.50;0.010
1595264008.858;2459;1.16;-2.23;520.43;1.10;-2.20;180.00;-0.00;0.50;380;0;0;0;0.40;0.48;-0.00;0.00;0.00;-0.00;0.01;0.00;1.10;-2.20;180.00;-0.00;0.50;0.010
1595264008.958;2469;1.16;-2.23;520.41;1.10;-2.20;180.00;-0.00;0.50;380;0;0;0;0.40;0.48;-0.00;0.00;0.00;-0.00;0.01;0.00;1.10;-2.20;180.00;-0.00;0.50;0.010
1595264009.058;2479;1.16;-2.23;520.42;1.10;-2.20;180.00;-0.00;0.50;380;0;0;0;0.40;0.48;-0.00;0.00;0.00;-0.00;0.01;0.00;1.10;-2.20;180.00;-0.00;0.50;0.010
1595264009.158;2489;1.16;-2.23;520.44;1.10;-2.20;180.00;-0.00;0.50;380;0;0;0;0.40;0.48;-0.00;0.00;0.00;-0.00;0.01;0.00;1.10;-2.20;180.00;-0.00;0.50;0.010
1595264009.258;2498;1.16;-2.23;520.43;1.10;-2.20;180.00;-0.00;0.50;380;0;0;0;0.40;0.48;-0.00;0.00;0.00;-0.00;0.01;0.00;1.10;-2.20;180.00;-0.00;0.50;0.010
1595264009.373;2511;1.16;-2.23;520.40;1.10;-2.20;180.00;-0.00;0.50;380;0;1;0;0.40;0.48;0.00;0.00;0.00;-0.00;0.01;0.00;1.10;-2.20;180.00;-0.00;0.50;0.005
1595264009.459;2519;1.16;-2.23;520.44;1.10;-2.20;180.00;-0.00;0.50;380;0;0;0;0.40;0.48;0.00;0.00;0.00;-0.00;0.01;0.00;1.10;-2.20;180.00;-0.00;0.50;0.011
1595264009.558;2529;1.16;-2.23;520.42;1.10;-2.20;180.00;-0.00;0.50;380;0;0;0;0.40;0.48;-0.00;0.00;0.00;-0.00;0.01;0.00;1.10;-2.20;180.00;-0.00;0.50;0.010
1595264009.658;2539;1.16;-2.23;520.44;1.10;-2.20;180.00;-0.00;0.50;380;0;0;0;0.40;0.48;-0.00;0.00;0.00;-0.00;0.01;0.00;1.10;-2.20;180.00;-0.00;0.50;0.010
1595264009.758;2549;1.16;-2.23;520.42;1.10;-2.20;180.00;-0.00;0.50;380;0;0;0;0.40;0.48;-0.00;0.00;0.00;-0.00;0.01;0.00;1.10;-2.20;180.00;-0.00;0.50;0.010
1595264009.858;2559;1.16;-2.23;520.42;1.10;-2.20;180.00;-0.00;0.50;380;0;0;0;0.40;0.48;-0.00;0.00;0.00;-0.00;0.01;0.00;1.10;-2.20;180.00;-0.00;0.50;0.010
1595264009.957;2568;1.16;-2.23;520.41;1.10;-2.20;180.00;-0.00;0.50;380;0;0;0;0.40;0.48;-0.00;0.00;0.00;-0.00;0.01;0.00;1.10;-2.20;180.00;-0.00;0.50;0.009
1595264010.058;2579;1.16;-2.23;520.40;1.10;-2.20;180.00;-0.00;0.50;380;0;0;0;0.40;0.48;-0.00;0.00;0.00;-0.00;0.01;0.00;1.10;-2.20;180.00;-0.00;0.50;0.010
1595264010.158;2589;1.16;-2.23;520.42;1.10;-2.20;180.00;-0.00;0.50;380;0;0;0;0.40;0.48;-0.00;0.00;0.00;-0.00;0.00;0.00;1.10;-2.20;180.00;-0.00;0.50;0.010
1595264010.257;2598;1.16;-2.23;520.43;1.10;-2.20;180.00;-0.00;0.50;380;0;0;0;0.40;0.48;0.00;0.00;0.00;-0.00;0.00;0.00;1.10;-2.20;180.00;-0.00;0.50;0.010
1595264010.373;2610;1.16;-2.23;520.42;1.10;-2.20;180.00;-0.00;0.50;380;0;1;0;0.40;0.48;0.00;0.00;0.00;-0.00;0.01;0.00;1.10;-2.20;180.00;-0.00;0.50;0.004
1595264010.459;2619;1.16;-2.23;520.44;1.10;-2.20;180.00;-0.00;0.50;380;0;0;0;0.40;0.48;0.00;0.00;0.00;-0.00;0.01;0.00;1.10;-2.20;180.00;-0.00;0.50;0.011
1595264010.558;2629;1.16;-2.23;520.44;1.10;-2.20;180.00;-0.00;0.50;380;0;0;0;0.40;0.48;-0.00;0.00;0.00;-0.00;0.01;0.00;1.10;-2.20;180.00;-0.00;0.50;0.010
1595264010.658;2639;1.16;-2.23;520.43;1.10;-2.20;180.00;-0.00;0.50;380;0;0;0;0.40;0.48;0.00;0.00;0.00;-0.00;0.00;0.00;1.10;-2.20;180.00;-0.00;0.50;0.010
1595264010.758;2649;1.16;-2.23;520.44;1.10;-2.20;180.00;-0.00;0.50;380;0;0;0;0.40;0.48;0.00;0.00;0.00;-0.00;0.01;0.00;1.10;-2.20;180.00;-0.00;0.50;0.010
1595264010.858;2659;1.16;-2.23;520.44;1.10;-2.20;180.00;-0.00;0.50;380;0;0;0;0.40;0.48;-0.00;0.00;0.00;-0.00;0.01;0.00;1.10;-2.20;180.00;-0.00;0.50;0.010
1595264010.958;2669;1.16;-2.23;520.41;1.10;-2.20;180.00;-0.00;0.50;380;0;0;0;0.40;0.48;-0.00;0.00;0.00;-0.00;0.01;0.00;1.10;-2.20;180.00;-0.00;0.50;0.010
1595264011.058;2679;1.16;-2.23;520.40;1.10;-2.20;180.00;-0.00;0.50;380;0;0;0;0.40;0.48;-0.00;0.00;0.00;-0.00;0.01;0.00;1.10;-2.20;180.00;-0.00;0.50;0.010
1595264011.158;2689;1.16;-2.23;520.38;1.10;-2.20;180.00;-0.00;0.50;380;0;0;0;0.40;0.48;-0.00;0.00;0.00;-0.00;0.01;0.00;1.10;-2.20;180.00;-0.00;0.50;0.010
1595264011.256;2699;1.16;-2.23;520.42;1.10;-2.20;180.00;-0.00;0.50;380;0;0;0;0.40;0.48;-0.00;0.00;0.00;-0.00;0.01;0.00;1.10;-2.20;180.00;-0.00;0.50;0.008
1595264011.361;2709;1.16;-2.23;520.42;1.10;-2.20;180.00;-0.00;0.50;380;0;1;0;0.40;0.48;-0.00;0.00;0.00;-0.00;0.01;0.00;1.10;-2.20;180.00;-0.00;0.50;0.002
1595264011.452;2718;1.16;-2.23;520.40;1.10;-2.20;180.00;-0.00;0.50;380;0;0;0;0.40;0.48;-0.00;0.00;0.00;-0.00;0.01;0.00;1.10;-2.20;180.00;-0.00;0.50;0.005
1595264011.553;2728;1.16;-2.23;520.43;1.10;-2.20;180.00;-0.00;0.50;380;0;0;0;0.40;0.48;-0.00;0.00;0.00;-0.00;0.01;0.00;1.10;-2.20;180.00;-0.00;0.50;0.005
