t;frame;x;y;z;x_ref;y_ref;z_ref;delta_ref;u_ref;state;ellipse;control;action;delta;u;vx;vy;vz;wx;wy;wz;xr;yr;zr;delr;ur;obs1x;obs1y;obs2x;obs2y
1595875514.991;13;1.08;2.29;5.50;0.95;2.35;0.00;0.00;-0.50;356;0;1;2;0.41;-0.08;0.00;0.00;0.00;0.00;0.00;-0.00;0.95;2.35;0.00;0.00;-0.50;0.012;-100.00;-100.00;-0.52;-1.92
1595875515.091;23;1.08;2.29;5.42;0.95;2.35;0.00;0.00;-0.50;356;0;1;2;0.41;-0.11;0.00;0.00;0.00;0.00;0.01;0.00;0.95;2.35;0.00;0.00;-0.50;0.012;-100.00;-100.00;-0.52;-1.92
1595875515.191;33;1.08;2.29;5.39;0.95;2.35;0.00;0.00;-0.50;356;0;1;2;0.41;-0.15;0.00;0.00;0.00;0.00;0.00;0.00;0.95;2.35;0.00;0.00;-0.50;0.012;-100.00;-100.00;-0.52;-1.92
1595875515.291;43;1.08;2.29;5.34;0.95;2.35;0.00;0.00;-0.50;356;0;1;2;0.40;-0.18;-0.01;0.00;0.00;0.01;0.09;-0.12;0.95;2.35;0.00;0.00;-0.50;0.012;-100.00;-100.00;-0.52;-1.92
1595875515.391;53;1.07;2.29;4.17;0.85;2.35;-0.00;0.00;-0.50;356;1;1;2;0.35;-0.21;-0.04;0.00;0.00;0.00;-0.03;-0.18;0.95;2.35;0.00;0.00;-0.50;0.012;-100.00;-100.00;-0.52;-1.92
1595875515.489;63;1.05;2.29;2.85;0.85;2.35;-0.00;0.00;-0.50;356;1;1;2;0.29;-0.23;-0.12;0.00;0.00;0.02;0.05;-0.21;0.95;2.35;0.00;0.00;-0.50;0.010;-100.00;-100.00;-0.52;-1.92
1595875515.589;73;1.04;2.29;1.59;0.85;2.35;-0.00;0.00;-0.50;356;1;1;2;0.23;-0.26;-0.18;0.00;0.00;-0.00;0.00;-0.20;0.95;2.35;0.00;0.00;-0.50;0.009;-100.00;-100.00;-0.52;-1.92
1595875515.688;83;1.02;2.29;0.51;0.85;2.35;-0.00;0.00;-0.50;356;1;1;2;0.17;-0.27;-0.21;0.00;0.00;0.00;0.01;-0.18;0.95;2.35;0.00;0.00;-0.50;0.009;-100.00;-100.00;-0.52;-1.92
1595875515.788;93;0.99;2.29;-0.40;0.85;2.35;-0.00;0.00;-0.50;356;1;1;2;0.13;-0.29;-0.22;0.00;0.00;-0.00;-0.00;-0.15;0.95;2.35;0.00;0.00;-0.50;0.009;-100.00;-100.00;-0.52;-1.92
1595875515.889;103;0.97;2.29;-1.19;0.76;2.35;-0.00;0.00;-0.50;356;2;1;2;0.09;-0.30;-0.24;0.00;0.00;0.01;-0.00;-0.11;0.95;2.35;0.00;0.00;-0.50;0.009;-100.00;-100.00;-0.52;-1.92
1595875515.985;113;0.94;2.29;-1.73;0.76;2.35;-0.00;0.00;-0.50;356;2;1;2;0.06;-0.31;-0.27;0.00;0.00;0.01;-0.01;-0.08;0.95;2.35;-0.00;0.00;-0.50;0.006;-100.00;-100.00;-0.52;-1.92
1595875516.085;123;0.92;2.29;-2.03;0.76;2.35;-0.00;0.00;-0.50;356;2;1;2;0.05;-0.32;-0.27;0.00;0.00;0.02;-0.01;-0.06;0.92;2.35;-0.00;0.00;-0.50;0.006;-100.00;-100.00;-0.52;-1.92
1595875516.200;134;0.89;2.29;-2.24;0.65;2.35;0.00;0.00;0.50;214;0;1;1;0.04;-0.33;-0.29;0.00;0.00;0.03;0.00;-0.05;0.89;2.35;-0.00;0.00;-0.50;0.014;-100.00;-100.00;-0.52;-1.92
1595875516.305;145;0.86;2.29;-2.61;0.95;2.35;-0.00;0.11;0.00;356;1;1;5;0.28;-0.29;-0.30;0.00;0.00;-0.01;-0.00;-0.04;0.87;2.35;0.00;0.00;0.50;0.014;-100.00;-100.00;-0.52;-1.92
1595875516.388;153;0.83;2.29;-2.91;1.14;2.37;13.57;0.65;0.50;356;2;1;5;0.18;-0.26;-0.30;0.00;0.00;-0.02;-0.02;-0.16;0.95;2.35;0.04;0.18;0.07;0.009;-100.00;-100.00;-0.52;-1.92
1595875516.486;163;0.81;2.29;-4.27;1.14;2.37;13.57;0.65;0.50;356;2;1;5;0.08;-0.22;-0.28;0.00;0.00;-0.00;0.02;-0.13;0.95;2.35;0.04;0.18;0.07;0.006;-100.00;-100.00;-0.52;-1.92
1595875516.586;173;0.79;2.29;-4.84;1.14;2.37;13.57;0.65;0.50;356;2;1;5;0.05;-0.18;-0.24;0.00;0.00;0.02;-0.03;-0.07;0.95;2.35;0.04;0.18;0.07;0.006;-100.00;-100.00;-0.52;-1.92
1595875516.685;183;0.77;2.29;-5.03;1.14;2.37;13.57;0.65;0.50;356;2;1;5;0.02;-0.15;-0.23;0.00;0.00;0.01;-0.01;-0.03;0.95;2.35;0.04;0.18;0.07;0.006;-100.00;-100.00;-0.52;-1.92
1595875516.786;193;0.76;2.29;-5.19;1.14;2.37;13.57;0.65;0.50;356;2;1;5;-0.01;-0.11;-0.17;0.00;0.00;0.01;-0.03;-0.03;0.95;2.35;0.04;0.18;0.07;0.006;-100.00;-100.00;-0.52;-1.92
1595875516.885;203;0.75;2.29;-5.14;1.14;2.37;13.57;0.65;0.50;356;2;1;5;-0.04;-0.07;-0.14;0.00;0.00;0.01;-0.00;-0.01;0.95;2.35;0.04;0.18;0.07;0.006;-100.00;-100.00;-0.52;-1.92
1595875516.985;213;0.74;2.30;-5.06;1.14;2.37;13.57;0.65;0.50;356;2;1;5;-0.06;-0.03;-0.12;0.00;0.00;0.00;-0.01;0.01;0.95;2.35;0.04;0.18;0.07;0.006;-100.00;-100.00;-0.52;-1.92
1595875517.085;223;0.73;2.29;-5.10;1.14;2.37;13.57;0.65;0.50;356;2;1;5;-0.07;0.00;-0.08;0.00;0.00;0.00;0.00;0.01;0.95;2.35;0.04;0.18;0.07;0.006;-100.00;-100.00;-0.52;-1.92
1595875517.185;233;0.73;2.30;-4.94;1.14;2.37;13.57;0.65;0.50;356;2;1;5;-0.08;0.04;-0.03;0.00;0.00;0.00;-0.00;0.01;0.95;2.35;0.04;0.18;0.07;0.006;-100.00;-100.00;-0.52;-1.92
1595875517.285;243;0.73;2.29;-5.09;1.14;2.37;13.57;0.65;0.50;356;2;1;5;-0.07;0.07;0.00;0.00;0.00;0.01;-0.01;-0.00;0.95;2.35;0.04;0.18;0.07;0.006;-100.00;-100.00;-0.52;-1.92
1595875517.394;254;0.74;2.30;-5.15;1.14;2.37;13.57;0.65;0.50;356;2;1;5;-0.06;0.10;0.01;0.00;0.00;0.01;-0.01;-0.02;0.95;2.35;0.04;0.18;0.07;0.014;-100.00;-100.00;-0.52;-1.92
1595875517.486;263;0.75;2.29;-5.27;1.14;2.37;13.57;0.65;0.50;356;2;1;5;-0.04;0.13;0.04;0.00;0.00;0.00;-0.02;-0.03;0.95;2.35;0.04;0.18;0.07;0.006;-100.00;-100.00;-0.52;-1.92
1595875517.585;273;0.75;2.29;-5.35;1.14;2.37;13.57;0.65;0.50;356;2;1;5;-0.01;0.15;0.09;0.00;0.00;-0.00;-0.00;-0.03;0.95;2.35;0.04;0.18;0.07;0.006;-100.00;-100.00;-0.52;-1.92
1595875517.694;284;0.77;2.29;-5.58;1.14;2.37;13.57;0.65;0.50;356;2;1;5;0.03;0.18;0.10;0.00;0.00;0.00;0.00;-0.01;0.95;2.35;0.04;0.18;0.07;0.014;-100.00;-100.00;-0.52;-1.92
1595875517.785;293;0.78;2.29;-5.51;1.14;2.37;13.57;0.65;0.50;356;2;1;5;0.06;0.20;0.13;0.00;0.00;-0.00;0.01;-0.00;0.95;2.35;0.04;0.18;0.07;0.006;-100.00;-100.00;-0.52;-1.93
1595875517.896;304;0.80;2.29;-5.47;1.14;2.37;13.57;0.65;0.50;356;2;1;5;0.10;0.22;0.16;0.00;0.00;-0.00;0.01;-0.00;0.95;2.35;0.04;0.18;0.07;0.016;-100.00;-100.00;-0.52;-1.92
1595875517.985;313;0.81;2.29;-5.50;1.14;2.37;13.57;0.65;0.50;356;2;1;5;0.14;0.23;0.17;0.00;0.00;0.01;-0.03;0.03;0.95;2.35;0.04;0.18;0.07;0.006;-100.00;-100.00;-0.52;-1.92
1595875518.085;323;0.83;2.29;-5.14;1.14;2.37;13.57;0.65;0.50;356;2;1;5;0.17;0.24;0.19;0.00;0.00;0.02;-0.02;0.07;0.95;2.35;0.04;0.18;0.07;0.006;-100.00;-100.00;-0.52;-1.92
1595875518.186;333;0.85;2.28;-4.72;1.14;2.37;13.57;0.65;0.50;356;2;1;5;0.21;0.25;0.21;0.00;0.00;0.02;-0.02;0.08;0.95;2.35;0.04;0.18;0.07;0.006;-100.00;-100.00;-0.52;-1.92
1595875518.285;343;0.87;2.28;-4.19;1.14;2.37;13.57;0.65;0.50;356;2;1;5;0.24;0.26;0.23;0.00;0.00;0.01;0.01;0.09;0.95;2.35;0.04;0.18;0.07;0.006;-100.00;-100.00;-0.52;-1.92
1595875518.386;353;0.90;2.28;-3.68;1.14;2.37;13.57;0.65;0.50;356;2;1;5;0.28;0.26;0.23;0.00;0.00;-0.00;0.00;0.12;0.95;2.35;0.04;0.18;0.07;0.006;-100.00;-100.00;-0.52;-1.92
1595875518.485;363;0.92;2.28;-2.69;1.14;2.37;13.57;0.65;0.50;356;2;1;5;0.30;0.26;0.25;0.00;0.00;-0.02;0.03;0.16;0.95;2.35;0.04;0.18;0.07;0.006;-100.00;-100.00;-0.52;-1.92
1595875518.586;373;0.94;2.28;-1.70;1.14;2.37;13.57;0.65;0.50;356;2;1;5;0.31;0.25;0.25;0.00;0.00;-0.00;0.01;0.17;0.95;2.35;0.04;0.18;0.07;0.006;-100.00;-100.00;-0.52;-1.92
1595875518.696;384;0.97;2.28;-0.49;1.14;2.37;13.57;0.65;0.50;356;2;1;5;0.39;0.25;0.25;0.00;0.00;0.00;0.02;0.19;0.97;2.35;0.39;0.27;0.15;0.016;-100.00;-100.00;-0.52;-1.92
1595875518.785;393;0.99;2.28;0.73;1.14;2.37;13.57;0.65;0.50;356;2;1;5;0.44;0.24;0.25;0.00;0.00;0.01;-0.00;0.23;0.98;2.35;1.05;0.33;0.21;0.006;-100.00;-100.00;-0.52;-1.92
1595875518.885;403;1.01;2.28;2.42;1.45;2.58;54.67;0.68;0.50;356;3;1;5;0.48;0.24;0.24;0.00;0.00;0.01;0.01;0.28;1.01;2.35;2.20;0.40;0.27;0.006;-100.00;-100.00;-0.52;-1.92
1595875518.985;413;1.03;2.28;4.20;1.45;2.58;54.67;0.68;0.50;356;3;1;5;0.39;0.25;0.24;0.00;0.00;0.02;-0.01;0.34;1.02;2.35;3.30;0.44;0.31;0.006;-100.00;-100.00;-0.52;-1.92
1595875519.085;423;1.05;2.28;6.06;1.45;2.58;54.67;0.68;0.50;356;3;1;5;0.42;0.26;0.24;0.00;0.00;0.00;0.00;0.30;1.04;2.35;4.72;0.49;0.35;0.006;-100.00;-100.00;-0.52;-1.92
1595875519.185;433;1.07;2.28;7.80;1.45;2.58;54.67;0.68;0.50;356;3;1;5;0.47;0.27;0.24;0.00;0.00;-0.01;0.02;0.32;1.07;2.35;6.50;0.53;0.39;0.006;-100.00;-100.00;-0.52;-1.92
1595875519.286;443;1.10;2.29;9.94;1.45;2.58;54.67;0.68;0.50;356;3;1;5;0.48;0.28;0.25;0.00;0.00;0.00;0.02;0.34;1.08;2.36;7.54;0.55;0.41;0.006;-100.00;-100.00;-0.52;-1.92
1595875519.386;453;1.12;2.29;11.92;1.45;2.58;54.67;0.68;0.50;356;3;1;5;0.53;0.29;0.25;0.00;0.00;0.00;0.00;0.38;1.10;2.36;9.93;0.60;0.45;0.006;-100.00;-100.00;-0.52;-1.92
1595875519.486;463;1.14;2.30;14.45;1.45;2.58;54.67;0.68;0.50;356;3;1;5;0.53;0.30;0.27;0.00;0.00;0.00;-0.02;0.42;1.12;2.36;11.29;0.62;0.47;0.006;-100.00;-100.00;-0.52;-1.92
1595875519.586;473;1.16;2.30;17.18;1.45;2.58;54.67;0.68;0.50;356;3;1;5;0.56;0.31;0.28;0.00;0.00;0.02;0.02;0.48;1.15;2.37;14.37;0.65;0.50;0.006;-100.00;-100.00;-0.52;-1.92
1595875519.685;483;1.19;2.31;20.37;1.45;2.58;54.67;0.68;0.50;356;3;1;5;0.52;0.31;0.29;0.00;0.00;0.01;-0.01;0.53;1.16;2.37;15.98;0.65;0.50;0.006;-100.00;-100.00;-0.52;-1.92
1595875519.785;493;1.21;2.32;23.38;1.45;2.58;54.67;0.68;0.50;356;3;1;5;0.52;0.32;0.29;0.00;0.00;0.02;-0.00;0.53;1.19;2.38;19.22;0.65;0.50;0.006;-100.00;-100.00;-0.52;-1.92
1595875519.885;503;1.24;2.33;26.39;1.45;2.58;54.67;0.68;0.50;356;3;1;5;0.50;0.32;0.30;0.00;0.00;0.02;-0.01;0.52;1.21;2.39;20.85;0.66;0.50;0.006;-100.00;-100.00;-0.52;-1.92
1595875519.985;513;1.26;2.34;29.40;1.45;2.58;54.67;0.68;0.50;356;3;1;5;0.50;0.33;0.31;0.00;0.00;0.02;0.01;0.52;1.24;2.40;24.11;0.66;0.50;0.006;-100.00;-100.00;-0.52;-1.92
1595875520.085;523;1.29;2.36;32.31;1.45;2.58;54.67;0.68;0.50;356;3;1;5;0.51;0.33;0.32;0.00;0.00;-0.01;0.01;0.52;1.26;2.42;27.39;0.66;0.50;0.006;-100.00;-100.00;-0.52;-1.92
1595875520.185;533;1.31;2.37;35.00;1.45;2.58;54.67;0.68;0.50;356;3;1;5;0.50;0.34;0.32;0.00;0.00;0.01;-0.00;0.53;1.28;2.42;29.04;0.66;0.50;0.006;-100.00;-100.00;-0.52;-1.92
1595875520.286;543;1.34;2.39;38.41;1.45;2.58;54.67;0.68;0.50;356;3;1;5;0.49;0.34;0.32;0.00;0.00;0.02;-0.00;0.54;1.30;2.44;32.34;0.66;0.50;0.006;-100.00;-100.00;-0.52;-1.92
1595875520.385;553;1.36;2.41;41.43;1.45;2.58;54.67;0.68;0.50;356;3;1;5;0.49;0.34;0.33;0.00;0.00;0.03;-0.01;0.53;1.33;2.46;35.67;0.67;0.50;0.006;-100.00;-100.00;-0.52;-1.92
1595875520.486;563;1.38;2.42;44.56;1.45;2.58;54.67;0.68;0.50;356;3;1;5;0.47;0.34;0.33;0.00;0.00;0.01;-0.02;0.54;1.34;2.46;37.33;0.67;0.50;0.006;-100.00;-100.00;-0.52;-1.92
1595875520.586;573;1.40;2.45;47.74;1.45;2.58;54.67;0.68;0.50;356;3;1;5;0.47;0.34;0.33;0.00;0.00;-0.00;0.02;0.54;1.37;2.48;40.68;0.67;0.50;0.006;-100.00;-100.00;-0.52;-1.92
1595875520.685;583;1.43;2.47;50.79;1.45;2.58;54.67;0.68;0.50;356;3;1;5;0.48;0.34;0.33;0.00;0.00;0.02;0.01;0.54;1.39;2.51;44.05;0.67;0.50;0.006;-100.00;-100.00;-0.52;-1.92
1595875520.785;593;1.44;2.49;54.21;1.45;2.58;54.67;0.68;0.50;356;3;1;5;0.44;0.34;0.33;0.00;0.00;0.01;-0.01;0.56;1.40;2.52;45.73;0.67;0.50;0.006;-100.00;-100.00;-0.52;-1.92
1595875520.885;603;1.46;2.51;57.25;1.45;2.58;54.67;0.68;0.50;356;3;1;5;0.45;0.34;0.33;0.00;0.00;0.01;0.01;0.53;1.42;2.54;49.12;0.68;0.50;0.006;-100.00;-100.00;-0.52;-1.92
1595875520.986;613;1.48;2.53;59.88;1.45;2.58;54.67;0.68;0.50;356;3;1;5;0.48;0.34;0.33;0.00;0.00;0.01;0.01;0.50;1.44;2.56;52.53;0.68;0.50;0.006;-100.00;-100.00;-0.52;-1.92
1595875521.086;623;1.49;2.56;62.83;1.45;2.58;54.67;0.68;0.50;356;3;1;5;0.49;0.34;0.33;0.00;0.00;0.01;0.00;0.51;1.46;2.59;55.95;0.68;0.50;0.006;-100.00;-100.00;-0.52;-1.92
1595875521.186;633;1.51;2.59;65.99;1.56;2.94;89.43;0.49;0.50;356;4;1;5;0.44;0.33;0.33;0.00;0.00;0.03;-0.00;0.54;1.47;2.60;57.63;0.67;0.50;0.006;-100.00;-100.00;-0.52;-1.92
1595875521.286;643;1.52;2.61;68.69;1.56;2.94;89.43;0.49;0.50;356;4;1;5;0.39;0.34;0.33;0.00;0.00;0.00;0.03;0.50;1.48;2.63;60.91;0.65;0.50;0.006;-100.00;-100.00;-0.52;-1.92
1595875521.394;654;1.53;2.64;71.62;1.56;2.94;89.43;0.49;0.50;356;4;1;5;0.39;0.34;0.33;0.00;0.00;-0.01;0.03;0.43;1.50;2.65;64.08;0.64;0.50;0.014;-100.00;-100.00;-0.52;-1.92
1595875521.496;664;1.54;2.67;74.09;1.56;2.94;89.43;0.49;0.50;356;4;1;5;0.39;0.34;0.33;0.00;0.00;0.02;0.00;0.41;1.51;2.68;67.16;0.62;0.50;0.017;-100.00;-100.00;-0.52;-1.92
1595875521.614;676;1.55;2.70;76.81;1.55;2.95;90.00;-0.00;0.37;393;0;1;7;0.37;0.35;0.33;0.00;0.00;0.01;0.01;0.40;1.52;2.70;68.66;0.61;0.50;0.028;-100.00;-100.00;-0.52;-1.92
1595875521.702;685;1.56;2.73;79.09;1.55;2.95;90.00;-0.00;0.37;393;0;1;7;0.34;0.37;0.34;0.00;0.00;0.03;-0.01;0.41;1.55;2.95;90.00;-0.00;0.37;0.023;-100.00;-100.00;-0.52;-1.92
1595875521.802;695;1.57;2.76;81.53;1.55;2.95;90.00;-0.00;0.37;393;0;1;7;0.26;0.39;0.34;0.00;0.00;-0.01;-0.03;0.39;1.55;2.95;90.00;-0.00;0.37;0.023;-100.00;-100.00;-0.52;-1.92
1595875521.900;704;1.57;2.79;83.33;1.55;2.95;90.00;-0.00;0.37;393;0;1;7;0.21;0.41;0.35;0.00;0.00;-0.01;0.01;0.35;1.55;2.95;90.00;-0.00;0.37;0.020;-100.00;-100.00;-0.52;-1.92
1595875521.991;714;1.57;2.83;85.05;1.50;3.33;114.90;0.79;0.50;393;1;1;7;0.16;0.42;0.38;0.00;0.00;-0.01;-0.02;0.28;1.55;2.95;90.00;-0.00;0.37;0.012;-100.00;-100.00;-0.52;-1.92
1595875522.088;723;1.57;2.86;86.19;1.50;3.33;114.90;0.79;0.50;393;1;1;7;-0.07;0.43;0.40;0.00;0.00;-0.00;-0.02;0.23;1.55;2.95;90.00;-0.00;0.37;0.009;-100.00;-100.00;-0.52;-1.92
1595875522.188;733;1.58;2.90;87.23;1.50;3.33;114.90;0.79;0.50;393;1;1;7;-0.02;0.44;0.40;0.00;0.00;0.01;-0.01;0.05;1.55;2.95;90.00;-0.00;0.37;0.009;-100.00;-100.00;-0.52;-1.92
1595875522.288;743;1.58;2.93;86.34;1.50;3.33;114.90;0.79;0.50;393;1;1;7;0.11;0.44;0.41;0.00;0.00;0.00;-0.02;0.01;1.55;2.95;90.00;-0.00;0.37;0.009;-100.00;-100.00;-0.52;-1.92
1595875522.388;753;1.58;2.97;86.73;1.50;3.33;114.90;0.79;0.50;393;1;1;7;0.19;0.44;0.42;0.00;0.00;0.01;-0.01;0.09;1.55;2.96;90.02;0.03;0.37;0.009;-100.00;-100.00;-0.52;-1.92
1595875522.488;763;1.58;3.01;88.18;1.50;3.33;114.90;0.79;0.50;393;1;1;7;0.24;0.44;0.43;0.00;0.00;0.01;-0.01;0.20;1.55;3.01;90.40;0.13;0.39;0.009;-100.00;-100.00;-0.52;-1.92
1595875522.588;773;1.58;3.05;89.67;1.50;3.33;114.90;0.79;0.50;393;1;1;7;0.30;0.44;0.43;0.00;0.00;0.01;0.02;0.30;1.55;3.05;91.33;0.22;0.40;0.009;-100.00;-100.00;-0.52;-1.92
1595875522.688;783;1.58;3.09;91.60;1.50;3.33;114.90;0.79;0.50;393;1;1;7;0.35;0.44;0.43;0.00;0.00;-0.01;0.02;0.38;1.55;3.08;92.32;0.29;0.42;0.009;-100.00;-100.00;-0.52;-1.92
1595875522.788;793;1.58;3.13;94.19;1.50;3.33;114.90;0.79;0.50;393;1;1;7;0.41;0.44;0.43;0.00;0.00;0.02;0.01;0.47;1.55;3.13;94.46;0.38;0.43;0.009;-100.00;-100.00;-0.52;-1.92
1595875522.888;803;1.58;3.17;97.32;1.50;3.33;114.90;0.79;0.50;393;1;1;7;0.45;0.44;0.44;0.00;0.00;0.02;0.03;0.53;1.54;3.16;96.37;0.44;0.44;0.009;-100.00;-100.00;-0.52;-1.92
1595875522.988;813;1.58;3.21;100.88;1.50;3.33;114.90;0.79;0.50;393;1;1;7;0.48;0.44;0.43;0.00;0.00;0.01;-0.01;0.63;1.54;3.19;98.71;0.51;0.45;0.009;-100.00;-100.00;-0.52;-1.92
1595875523.088;823;1.57;3.24;105.06;1.50;3.33;114.90;0.79;0.50;393;1;1;7;0.56;0.44;0.43;0.00;0.00;-0.01;0.03;0.70;1.53;3.24;103.10;0.60;0.47;0.009;-100.00;-100.00;-0.52;-1.92
1595875523.188;833;1.56;3.28;109.56;1.14;3.57;176.23;0.79;0.50;393;2;1;7;0.60;0.44;0.43;0.00;0.00;0.01;-0.02;0.79;1.52;3.27;106.67;0.67;0.48;0.009;-100.00;-100.00;-0.52;-1.92
1595875523.285;843;1.55;3.32;114.94;1.14;3.57;176.23;0.79;0.50;393;2;1;7;0.50;0.44;0.43;0.00;0.00;0.02;0.00;0.90;1.51;3.30;110.80;0.73;0.49;0.006;-100.00;-100.00;-0.52;-1.92
1595875523.386;853;1.54;3.35;120.39;1.14;3.57;176.23;0.79;0.50;393;2;1;7;0.53;0.44;0.43;0.00;0.00;0.00;-0.01;0.92;1.49;3.34;115.52;0.79;0.50;0.006;-100.00;-100.00;-0.52;-1.92
1595875523.485;863;1.52;3.39;125.00;1.14;3.57;176.23;0.79;0.50;393;2;1;7;0.55;0.44;0.43;0.00;0.00;0.02;-0.00;0.84;1.48;3.37;120.48;0.79;0.50;0.006;-100.00;-100.00;-0.52;-1.92
1595875523.585;873;1.50;3.42;129.81;1.14;3.57;176.23;0.79;0.50;393;2;1;7;0.56;0.45;0.43;0.00;0.00;0.00;0.04;0.85;1.46;3.40;125.43;0.79;0.50;0.006;-100.00;-100.00;-0.52;-1.92
1595875523.686;883;1.48;3.45;133.93;1.14;3.57;176.23;0.79;0.50;393;2;1;7;0.55;0.44;0.44;0.00;0.00;-0.00;0.04;0.88;1.45;3.41;127.91;0.79;0.50;0.006;-100.00;-100.00;-0.52;-1.92
1595875523.785;893;1.45;3.47;138.74;1.14;3.57;176.23;0.79;0.50;393;2;1;7;0.55;0.44;0.44;0.00;0.00;0.01;0.02;0.85;1.42;3.44;132.87;0.79;0.50;0.006;-100.00;-100.00;-0.52;-1.92
1595875523.885;895;1.45;3.48;139.60;1.14;3.57;176.23;0.79;0.50;393;2;1;7;0.59;0.44;0.44;0.00;0.00;0.01;0.03;0.84;1.41;3.45;135.35;0.79;0.50;0.006;-100.00;-100.00;-0.52;-1.92
1595875523.985;895;1.45;3.48;139.60;1.14;3.57;176.23;0.79;0.50;393;2;1;7;0.59;0.45;0.44;0.00;0.00;0.01;0.03;0.84;1.41;3.45;135.35;0.79;0.50;0.006;-100.00;-100.00;-0.52;-1.92
1595875524.086;895;1.45;3.48;139.60;1.14;3.57;176.23;0.79;0.50;393;2;1;7;0.59;0.45;0.44;0.00;0.00;0.01;0.03;0.84;1.41;3.45;135.35;0.79;0.50;0.006;-100.00;-100.00;-0.52;-1.92
1595875524.185;895;1.45;3.48;139.60;1.14;3.57;176.23;0.79;0.50;393;2;1;7;0.59;0.45;0.44;0.00;0.00;0.01;0.03;0.84;1.41;3.45;135.35;0.79;0.50;0.006;-100.00;-100.00;-0.52;-1.92
1595875524.285;895;1.45;3.48;139.60;1.14;3.57;176.23;0.79;0.50;393;2;1;7;0.59;0.45;0.44;0.00;0.00;0.01;0.03;0.84;1.41;3.45;135.35;0.79;0.50;0.006;-100.00;-100.00;-0.52;-1.92
1595875524.386;895;1.45;3.48;139.60;1.14;3.57;176.23;0.79;0.50;393;2;1;7;0.59;0.45;0.44;0.00;0.00;0.01;0.03;0.84;1.41;3.45;135.35;0.79;0.50;0.006;-100.00;-100.00;-0.52;-1.92
1595875524.494;898;1.20;3.58;176.34;0.76;3.39;234.20;0.73;0.50;393;3;1;7;0.48;0.44;0.44;0.00;0.00;-0.02;0.03;0.92;1.21;3.57;167.56;0.79;0.50;0.014;-100.00;-100.00;-0.52;-1.92
1595875524.583;907;1.17;3.58;181.11;0.76;3.39;234.20;0.73;0.50;393;3;1;7;0.43;0.44;0.44;0.00;0.00;0.00;0.01;0.89;1.17;3.57;172.51;0.79;0.50;0.003;-100.00;-100.00;-0.52;-1.92
1595875524.683;917;1.13;3.58;184.91;0.76;3.39;234.20;0.73;0.50;393;3;1;7;0.48;0.43;0.44;0.00;0.00;0.01;0.01;0.70;1.13;3.57;177.47;0.78;0.50;0.003;-100.00;-100.00;-0.52;-1.92
1595875524.784;927;1.09;3.58;188.11;0.76;3.39;234.20;0.73;0.50;393;3;1;7;0.55;0.43;0.43;0.00;0.00;-0.01;-0.03;0.68;1.10;3.57;182.39;0.78;0.50;0.004;-100.00;-100.00;-0.52;-1.92
1595875524.887;937;1.05;3.57;192.28;0.76;3.39;234.20;0.73;0.50;393;3;1;7;0.58;0.42;0.42;0.00;0.00;0.00;0.02;0.75;1.06;3.57;187.26;0.78;0.50;0.007;-100.00;-100.00;-0.52;-1.92
1595875524.983;947;1.02;3.56;197.14;0.76;3.39;234.20;0.73;0.50;393;3;1;7;0.58;0.42;0.42;0.00;0.00;0.01;-0.04;0.81;1.03;3.57;192.10;0.77;0.50;0.003;-100.00;-100.00;-0.52;-1.92
1595875525.088;957;0.99;3.55;202.31;0.76;3.39;234.20;0.73;0.50;393;3;1;7;0.55;0.42;0.42;0.00;0.00;0.02;0.00;0.86;0.99;3.56;196.88;0.77;0.50;0.008;-100.00;-100.00;-0.52;-1.92
1595875525.183;967;0.95;3.53;207.00;0.76;3.39;234.20;0.73;0.50;393;3;1;7;0.55;0.41;0.41;0.00;0.00;0.02;-0.02;0.83;0.96;3.54;201.63;0.76;0.50;0.003;-100.00;-100.00;-0.52;-1.92
1595875525.286;977;0.92;3.51;211.67;0.76;3.39;234.20;0.73;0.50;393;3;1;7;0.54;0.41;0.41;0.00;0.00;0.02;-0.01;0.82;0.92;3.53;206.33;0.76;0.50;0.007;-100.00;-100.00;-0.52;-1.92
1595875525.383;987;0.89;3.49;216.27;0.76;3.39;234.20;0.73;0.50;393;3;1;7;0.53;0.41;0.41;0.00;0.00;0.01;0.02;0.77;0.89;3.51;210.99;0.75;0.50;0.003;-100.00;-100.00;-0.52;-1.92
1595875525.483;997;0.87;3.47;220.58;0.76;3.39;234.20;0.73;0.50;393;3;1;7;0.53;0.40;0.40;0.00;0.00;-0.01;0.03;0.76;0.86;3.49;215.60;0.75;0.50;0.003;-100.00;-100.00;-0.52;-1.92
1595875525.583;1007;0.84;3.45;225.01;0.76;3.39;234.20;0.73;0.50;393;3;1;7;0.52;0.40;0.40;0.00;0.00;0.00;0.02;0.74;0.83;3.47;220.18;0.74;0.50;0.003;-100.00;-100.00;-0.52;-1.92
1595875525.682;1017;0.82;3.42;229.27;0.76;3.39;234.20;0.73;0.50;393;3;1;7;0.52;0.40;0.40;0.00;0.00;0.02;-0.01;0.74;0.81;3.45;224.71;0.74;0.50;0.003;-100.00;-100.00;-0.52;-1.92
1595875525.783;1027;0.79;3.40;233.64;0.76;3.39;234.20;0.73;0.50;393;3;1;7;0.51;0.40;0.39;0.00;0.00;-0.02;0.01;0.72;0.78;3.42;229.20;0.73;0.50;0.003;-100.00;-100.00;-0.52;-1.92
1595875525.888;1037;0.77;3.37;237.80;0.76;3.39;234.20;0.73;0.50;393;3;1;7;0.51;0.40;0.39;0.00;0.00;-0.00;0.02;0.72;0.76;3.39;233.65;0.73;0.50;0.008;-100.00;-100.00;-0.52;-1.92
1595875525.982;1047;0.76;3.34;241.63;0.76;3.39;234.20;0.73;0.50;393;3;1;7;0.49;0.40;0.39;0.00;0.00;0.01;-0.05;0.71;0.74;3.36;237.96;0.70;0.50;0.003;-100.00;-100.00;-0.52;-1.92
1595875526.083;1057;0.74;3.31;245.66;0.76;3.39;234.20;0.73;0.50;393;3;1;7;0.48;0.40;0.39;0.00;0.00;0.03;0.00;0.70;0.71;3.31;243.90;0.65;0.50;0.003;-100.00;-100.00;-0.52;-1.92
1595875526.182;1067;0.73;3.28;249.70;0.76;3.39;234.20;0.73;0.50;393;3;1;7;0.39;0.40;0.39;0.00;0.00;0.02;-0.02;0.67;0.70;3.30;245.74;0.63;0.50;0.003;-100.00;-100.00;-0.52;-1.92
1595875526.282;1077;0.72;3.24;253.34;0.76;3.39;234.20;0.73;0.50;393;3;1;7;0.36;0.41;0.39;0.00;0.00;0.03;0.00;0.60;0.68;3.25;250.88;0.58;0.50;0.003;-100.00;-100.00;-0.52;-1.92
1595875526.397;1088;0.70;3.21;256.63;0.65;2.84;-95.04;-0.49;0.50;176;1;1;6;0.31;0.41;0.40;0.00;0.00;0.04;0.01;0.53;0.68;3.23;252.46;0.56;0.50;0.014;-100.00;-100.00;-0.52;-1.92
1595875526.488;1097;0.70;3.17;259.32;0.65;2.84;-95.04;-0.49;0.50;176;1;1;6;0.71;0.41;0.40;0.00;0.00;0.01;0.03;0.48;0.65;2.95;-90.00;-0.05;0.05;0.009;-100.00;-100.00;-0.52;-1.92
1595875526.588;1107;0.69;3.14;261.80;0.65;2.84;-95.04;-0.49;0.50;176;1;1;6;0.56;0.42;0.40;0.00;0.00;0.01;0.01;0.57;0.65;2.95;-90.00;-0.05;0.05;0.009;-100.00;-100.00;-0.52;-1.92
1595875526.689;1117;0.68;3.10;268.32;0.59;2.63;-116.21;-0.75;0.50;176;2;1;6;0.25;0.42;0.40;0.00;0.00;0.01;0.03;0.92;0.65;2.95;-90.00;-0.05;0.05;0.009;-100.00;-100.00;-0.52;-1.92
1595875526.785;1127;0.67;3.07;273.39;0.59;2.63;-116.21;-0.75;0.50;176;2;1;6;0.14;0.42;0.40;0.00;0.00;0.01;-0.00;0.73;0.65;2.95;-90.00;-0.05;0.05;0.006;-100.00;-100.00;-0.52;-1.92
1595875526.885;1137;0.68;3.03;274.65;0.59;2.63;-116.21;-0.75;0.50;176;2;1;6;-0.02;0.42;0.41;0.00;0.00;0.00;0.02;0.32;0.65;2.95;-90.00;-0.05;0.05;0.006;-100.00;-100.00;-0.52;-1.92
1595875526.985;1147;0.68;2.99;275.56;0.59;2.63;-116.21;-0.75;0.50;176;2;1;6;-0.17;0.41;0.41;0.00;0.00;0.00;0.01;0.12;0.65;2.95;-90.00;-0.05;0.05;0.006;-100.00;-100.00;-0.52;-1.92
1595875527.085;1157;0.69;2.95;275.18;0.59;2.63;-116.21;-0.75;0.50;176;2;1;6;-0.27;0.40;0.41;0.00;0.00;0.01;-0.02;-0.02;0.65;2.95;-90.00;-0.05;0.05;0.005;-100.00;-100.00;-0.52;-1.92
1595875527.185;1167;0.69;2.92;273.77;0.46;2.47;-142.23;-0.70;0.50;176;3;1;6;-0.48;0.40;0.40;0.00;0.00;0.02;-0.01;-0.17;0.65;2.92;-90.80;-0.27;0.28;0.006;-100.00;-100.00;-0.52;-1.92
1595875527.282;1177;0.69;2.88;271.81;0.46;2.47;-142.23;-0.70;0.50;176;3;1;6;-0.57;0.41;0.39;0.00;0.00;-0.00;-0.00;-0.37;0.65;2.88;-92.60;-0.39;0.40;0.003;-100.00;-100.00;-0.52;-1.92
1595875527.382;1187;0.69;2.84;268.27;0.46;2.47;-142.23;-0.70;0.50;176;3;1;6;-0.62;0.42;0.39;0.00;0.00;-0.01;-0.02;-0.63;0.65;2.84;-95.20;-0.49;0.50;0.003;-100.00;-100.00;-0.52;-1.92
1595875527.482;1197;0.69;2.80;263.38;0.46;2.47;-142.23;-0.70;0.50;176;3;1;6;-0.57;0.43;0.39;0.00;0.00;-0.01;-0.02;-0.79;0.64;2.81;-97.69;-0.53;0.50;0.003;-100.00;-100.00;-0.52;-1.92
1595875527.582;1207;0.68;2.76;258.18;0.26;2.37;-163.22;-0.54;0.50;176;4;1;6;-0.56;0.43;0.41;0.00;0.00;-0.00;0.05;-0.84;0.64;2.76;-101.39;-0.58;0.50;0.003;-100.00;-100.00;-0.52;-1.92
1595875527.680;1217;0.67;2.72;253.34;0.26;2.37;-163.22;-0.54;0.50;176;4;1;6;-0.51;0.44;0.41;0.00;0.00;0.01;-0.02;-0.84;0.63;2.73;-104.46;-0.62;0.50;0.001;-100.00;-100.00;-0.52;-1.92
1595875527.780;1227;0.66;2.68;248.96;0.26;2.37;-163.22;-0.54;0.50;176;4;1;6;-0.53;0.44;0.42;0.00;0.00;0.04;-0.02;-0.76;0.62;2.70;-107.80;-0.66;0.50;0.001;-100.00;-100.00;-0.52;-1.92
1595875527.880;1237;0.65;2.64;244.58;0.26;2.37;-163.22;-0.54;0.50;176;4;1;6;-0.59;0.45;0.43;0.00;0.00;0.00;0.00;-0.76;0.60;2.66;-112.72;-0.72;0.50;0.001;-100.00;-100.00;-0.52;-1.92
1595875527.980;1247;0.64;2.61;239.56;0.26;2.37;-163.22;-0.54;0.50;176;4;1;6;-0.61;0.45;0.43;0.00;0.00;-0.02;-0.02;-0.92;0.59;2.63;-116.76;-0.75;0.50;0.001;-100.00;-100.00;-0.52;-1.92
1595875528.080;1257;0.62;2.57;233.98;0.26;2.37;-163.22;-0.54;0.50;176;4;1;6;-0.59;0.45;0.43;0.00;0.00;0.01;-0.00;-0.95;0.57;2.59;-122.24;-0.74;0.50;0.001;-100.00;-100.00;-0.52;-1.92
1595875528.180;1266;0.60;2.54;228.82;0.26;2.37;-163.22;-0.54;0.50;176;4;1;6;-0.55;0.45;0.44;0.00;0.00;-0.02;-0.05;-0.97;0.55;2.56;-126.27;-0.73;0.50;0.001;-100.00;-100.00;-0.52;-1.92
1595875528.280;1276;0.57;2.50;223.45;0.26;2.37;-163.22;-0.54;0.50;176;4;1;6;-0.51;0.45;0.44;0.00;0.00;-0.01;0.04;-0.87;0.53;2.54;-130.23;-0.72;0.50;0.001;-100.00;-100.00;-0.52;-1.92
1595875528.383;1287;0.54;2.47;218.42;0.26;2.37;-163.22;-0.54;0.50;176;4;1;6;-0.51;0.45;0.44;0.00;0.00;-0.03;-0.00;-0.79;0.50;2.51;-135.41;-0.71;0.50;0.003;-100.00;-100.00;-0.52;-1.92
1595875528.480;1296;0.51;2.44;214.38;0.05;2.34;-179.43;-0.47;0.50;176;5;1;6;-0.51;0.45;0.44;0.00;0.00;-0.01;0.07;-0.75;0.48;2.48;-139.23;-0.70;0.50;0.001;-100.00;-100.00;-0.52;-1.92
1595875528.580;1306;0.47;2.42;210.08;0.05;2.34;-179.43;-0.47;0.50;176;5;1;6;-0.49;0.45;0.44;0.00;0.00;-0.01;-0.02;-0.74;0.44;2.46;-144.20;-0.68;0.50;0.001;-100.00;-100.00;-0.52;-1.92
1595875528.680;1316;0.44;2.40;206.01;0.05;2.34;-179.43;-0.47;0.50;176;5;1;6;-0.46;0.45;0.44;0.00;0.00;0.02;-0.01;-0.74;0.41;2.44;-147.75;-0.66;0.50;0.001;-100.00;-100.00;-0.52;-1.92
1595875528.780;1326;0.40;2.37;201.83;0.05;2.34;-179.43;-0.47;0.50;176;5;1;6;-0.44;0.45;0.44;0.00;0.00;-0.01;0.00;-0.72;0.38;2.42;-152.22;-0.63;0.50;0.001;-100.00;-100.00;-0.52;-1.92
1595875528.880;1336;0.36;2.36;197.53;0.05;2.34;-179.43;-0.47;0.50;176;5;1;6;-0.39;0.45;0.44;0.00;0.00;-0.02;-0.01;-0.68;0.35;2.40;-155.38;-0.60;0.50;0.001;-100.00;-100.00;-0.52;-1.92
1595875528.996;1348;0.31;2.34;193.47;-0.09;2.34;188.62;0.63;0.50;813;1;1;3;-0.37;0.45;0.44;0.00;0.00;0.02;0.03;-0.59;0.31;2.39;-159.34;-0.57;0.50;0.015;-100.00;-100.00;-0.52;-1.92
1595875529.088;1357;0.28;2.33;190.81;-0.09;2.34;188.62;0.63;0.50;813;1;1;3;-0.79;0.44;0.44;0.00;0.00;-0.01;-0.04;-0.54;0.05;2.35;180.00;0.08;0.06;0.009;-100.00;-100.00;-0.52;-1.92
1595875529.188;1367;0.24;2.32;187.55;-0.09;2.34;188.62;0.63;0.50;813;1;1;3;-0.71;0.43;0.44;0.00;0.00;-0.01;-0.02;-0.66;0.05;2.35;180.00;0.08;0.06;0.009;-100.00;-100.00;-0.52;-1.92
1595875529.288;1377;0.19;2.32;180.44;-0.35;2.25;205.88;0.22;0.50;813;2;1;3;-0.31;0.42;0.44;0.00;0.00;-0.01;-0.01;-1.10;0.05;2.35;180.00;0.08;0.06;0.009;-100.00;-100.00;-0.52;-1.92
1595875529.385;1387;0.15;2.31;174.22;-0.35;2.25;205.88;0.22;0.50;813;2;1;3;0.18;0.41;0.42;0.00;0.00;-0.03;0.03;-0.93;0.05;2.35;180.00;0.08;0.06;0.006;-100.00;-100.00;-0.52;-1.92
1595875529.486;1397;0.11;2.32;172.60;-0.35;2.25;205.88;0.22;0.50;813;2;1;3;0.30;0.41;0.42;0.00;0.00;-0.02;0.03;-0.13;0.05;2.35;180.00;0.08;0.06;0.006;-100.00;-100.00;-0.52;-1.92
1595875529.585;1407;0.07;2.32;174.78;-0.35;2.25;205.88;0.22;0.50;813;2;1;3;0.24;0.39;0.41;0.00;0.00;0.01;-0.01;0.21;0.05;2.35;180.00;0.08;0.06;0.006;-100.00;-100.00;-0.52;-1.92
1595875529.685;1417;0.04;2.32;176.74;-0.35;2.25;205.88;0.22;0.50;813;2;1;3;0.26;0.38;0.40;0.00;0.00;0.01;-0.02;0.30;0.04;2.35;180.06;0.15;0.12;0.006;-100.00;-100.00;-0.52;-1.92
1595875529.785;1427;0.01;2.33;178.07;-0.35;2.25;205.88;0.22;0.50;813;2;1;3;0.43;0.37;0.39;0.00;0.00;0.03;-0.01;0.27;0.01;2.35;181.06;0.33;0.26;0.006;-100.00;-100.00;-0.52;-1.92
1595875529.885;1437;-0.03;2.33;179.98;-0.35;2.25;205.88;0.22;0.50;813;2;1;3;0.57;0.37;0.38;0.00;0.00;0.02;0.02;0.35;-0.02;2.35;183.11;0.46;0.36;0.006;-100.00;-100.00;-0.52;-1.92
1595875529.985;1447;-0.06;2.33;182.98;-0.35;2.25;205.88;0.22;0.50;813;2;1;3;0.67;0.38;0.38;0.00;0.00;0.02;-0.01;0.60;-0.06;2.35;185.93;0.56;0.44;0.006;-100.00;-100.00;-0.52;-1.92
1595875530.085;1457;-0.09;2.33;187.37;-0.35;2.25;205.88;0.22;0.50;813;2;1;3;0.67;0.38;0.37;0.00;0.00;0.02;0.02;0.77;-0.09;2.34;188.90;0.62;0.50;0.006;-100.00;-100.00;-0.52;-1.92
1595875530.186;1467;-0.13;2.33;192.91;-0.35;2.25;205.88;0.22;0.50;813;2;1;3;0.52;0.39;0.37;0.00;0.00;-0.00;0.04;0.94;-0.12;2.34;192.02;0.57;0.50;0.006;-100.00;-100.00;-0.52;-1.92
1595875530.285;1477;-0.16;2.32;198.54;-0.59;2.13;204.15;-0.31;0.50;813;3;1;3;0.35;0.39;0.37;0.00;0.00;0.02;0.01;0.84;-0.16;2.33;194.82;0.52;0.50;0.006;-100.00;-100.00;-0.52;-1.92
1595875530.383;1487;-0.20;2.31;201.97;-0.59;2.13;204.15;-0.31;0.50;813;3;1;3;0.27;0.39;0.38;0.00;0.00;0.02;0.01;0.63;-0.19;2.32;197.32;0.47;0.50;0.003;-100.00;-100.00;-0.52;-1.92
1595875530.483;1497;-0.23;2.30;204.12;-0.59;2.13;204.15;-0.31;0.50;813;3;1;3;0.24;0.40;0.39;0.00;0.00;0.02;-0.01;0.38;-0.23;2.30;200.20;0.41;0.50;0.003;-100.00;-100.00;-0.52;-1.92
1595875530.582;1507;-0.26;2.29;205.79;-0.59;2.13;204.15;-0.31;0.50;813;3;1;3;0.20;0.41;0.39;0.00;0.00;-0.01;-0.00;0.30;-0.26;2.29;202.04;0.36;0.50;0.003;-100.00;-100.00;-0.52;-1.92
1595875530.683;1517;-0.29;2.27;207.17;-0.59;2.13;204.15;-0.31;0.50;813;3;1;3;0.14;0.41;0.39;0.00;0.00;-0.00;0.01;0.24;-0.29;2.28;203.62;0.31;0.50;0.003;-100.00;-100.00;-0.52;-1.92
1595875530.783;1527;-0.33;2.25;208.37;-0.59;2.13;204.15;-0.31;0.50;813;3;1;3;0.10;0.42;0.40;0.00;0.00;0.02;-0.03;0.20;-0.33;2.26;205.34;0.24;0.50;0.003;-100.00;-100.00;-0.52;-1.92
1595875530.883;1537;-0.36;2.23;209.03;-0.59;2.13;204.15;-0.31;0.50;813;3;1;3;0.05;0.42;0.40;0.00;0.00;-0.00;-0.03;0.13;-0.36;2.25;206.35;0.19;0.50;0.003;-100.00;-100.00;-0.52;-1.92
1595875530.982;1547;-0.39;2.21;209.59;-0.59;2.13;204.15;-0.31;0.50;813;3;1;3;-0.02;0.42;0.41;0.00;0.00;0.00;0.00;0.08;-0.39;2.23;207.07;0.12;0.50;0.003;-100.00;-100.00;-0.52;-1.92
1595875531.083;1557;-0.42;2.19;209.83;-0.59;2.13;204.15;-0.31;0.50;813;3;1;3;-0.08;0.43;0.41;0.00;0.00;-0.01;-0.01;0.00;-0.43;2.21;207.58;0.04;0.50;0.003;-100.00;-100.00;-0.52;-1.92
1595875531.182;1566;-0.45;2.18;209.70;-0.59;2.13;204.15;-0.31;0.50;813;3;1;3;-0.15;0.43;0.42;0.00;0.00;-0.01;-0.01;-0.01;-0.46;2.19;207.61;-0.03;0.50;0.003;-100.00;-100.00;-0.52;-1.92
1595875531.284;1577;-0.49;2.16;209.05;-0.59;2.13;204.15;-0.31;0.50;813;3;1;3;-0.23;0.43;0.42;0.00;0.00;0.02;-0.00;-0.09;-0.50;2.17;207.19;-0.11;0.50;0.005;-100.00;-100.00;-0.52;-1.92
1595875531.383;1587;-0.53;2.14;208.00;-0.86;2.06;180.57;-0.79;0.50;813;4;1;3;-0.29;0.44;0.42;0.00;0.00;0.00;0.03;-0.19;-0.53;2.16;206.52;-0.18;0.50;0.003;-100.00;-100.00;-0.52;-1.92
1595875531.483;1597;-0.56;2.12;206.11;-0.86;2.06;180.57;-0.79;0.50;813;4;1;3;-0.33;0.44;0.43;0.00;0.00;0.01;0.02;-0.30;-0.57;2.14;205.16;-0.26;0.50;0.004;-100.00;-100.00;-0.52;-1.92
1595875531.597;1608;-0.61;2.10;203.69;-0.85;2.05;180.00;0.11;0.00;607;1;1;5;-0.40;0.45;0.43;0.00;0.00;-0.00;0.01;-0.41;-0.61;2.12;203.26;-0.34;0.50;0.014;-100.00;-100.00;-0.52;-1.92
1595875531.688;1617;-0.64;2.08;201.27;-1.04;2.03;193.57;0.65;0.50;607;2;1;5;0.18;0.47;0.44;0.00;0.00;0.00;0.01;-0.45;-0.85;2.05;180.04;0.18;0.07;0.009;-100.00;-100.00;-0.52;-1.92
1595875531.786;1627;-0.68;2.06;198.28;-1.04;2.03;193.57;0.65;0.50;607;2;1;5;-0.79;0.45;0.44;0.00;0.00;-0.00;0.02;-0.25;-0.85;2.05;180.04;0.18;0.07;0.006;-100.00;-100.00;-0.52;-1.92
1595875531.885;1637;-0.72;2.05;199.90;-1.04;2.03;193.57;0.65;0.50;607;2;1;5;-0.79;0.43;0.45;0.00;0.00;0.02;-0.03;-0.06;-0.85;2.05;180.04;0.18;0.07;0.006;-100.00;-100.00;-0.52;-1.92
1595875531.985;1647;-0.76;2.03;192.84;-1.04;2.03;193.57;0.65;0.50;607;2;1;5;-0.58;0.41;0.45;0.00;0.00;0.04;-0.01;-1.19;-0.85;2.05;180.04;0.18;0.07;0.006;-100.00;-100.00;-0.52;-1.92
1595875532.085;1657;-0.80;2.02;184.91;-1.04;2.03;193.57;0.65;0.50;607;2;1;5;-0.19;0.40;0.44;0.00;0.00;-0.04;-0.06;-1.14;-0.85;2.05;180.04;0.18;0.07;0.006;-100.00;-100.00;-0.52;-1.92
1595875532.185;1667;-0.84;2.01;180.77;-1.04;2.03;193.57;0.65;0.50;607;2;1;5;0.07;0.38;0.42;0.00;0.00;0.00;0.03;-0.56;-0.85;2.05;180.04;0.18;0.07;0.006;-100.00;-100.00;-0.52;-1.92
1595875532.285;1677;-0.87;2.01;180.43;-1.04;2.03;193.57;0.65;0.50;607;2;1;5;0.25;0.37;0.41;0.00;0.00;0.00;-0.03;-0.14;-0.87;2.05;180.57;0.29;0.17;0.006;-100.00;-100.00;-0.52;-1.92
1595875532.386;1687;-0.91;2.01;181.30;-1.35;1.82;234.67;0.68;0.50;607;3;1;5;0.39;0.37;0.38;0.00;0.00;-0.01;-0.02;0.13;-0.91;2.05;182.20;0.40;0.27;0.006;-100.00;-100.00;-0.52;-1.92
1595875532.483;1697;-0.94;2.01;183.27;-1.35;1.82;234.67;0.68;0.50;607;3;1;5;0.56;0.36;0.37;0.00;0.00;0.01;0.06;0.36;-0.94;2.05;184.72;0.49;0.35;0.003;-100.00;-100.00;-0.52;-1.92
1595875532.582;1707;-0.97;2.01;186.05;-1.35;1.82;234.67;0.68;0.50;607;3;1;5;0.62;0.37;0.37;0.00;0.00;0.01;-0.02;0.49;-0.98;2.04;187.54;0.55;0.41;0.003;-100.00;-100.00;-0.52;-1.92
1595875532.683;1717;-1.00;2.00;190.42;-1.35;1.82;234.67;0.68;0.50;607;3;1;5;0.59;0.37;0.36;0.00;0.00;0.01;0.03;0.71;-1.00;2.04;189.93;0.60;0.45;0.004;-100.00;-100.00;-0.52;-1.92
1595875532.783;1727;-1.03;1.99;194.98;-1.35;1.82;234.67;0.68;0.50;607;3;1;5;0.61;0.37;0.36;0.00;0.00;0.02;0.00;0.74;-1.05;2.03;194.37;0.65;0.50;0.003;-100.00;-100.00;-0.52;-1.92
1595875532.882;1737;-1.06;1.98;199.26;-1.35;1.82;234.67;0.68;0.50;607;3;1;5;0.56;0.37;0.36;0.00;0.00;0.02;-0.01;0.77;-1.08;2.02;197.60;0.65;0.50;0.003;-100.00;-100.00;-0.52;-1.92
1595875532.983;1747;-1.10;1.97;203.48;-1.35;1.82;234.67;0.68;0.50;607;3;1;5;0.53;0.37;0.37;0.00;0.00;0.02;0.02;0.73;-1.11;2.01;200.85;0.66;0.50;0.004;-100.00;-100.00;-0.52;-1.92
1595875533.082;1757;-1.13;1.95;207.65;-1.35;1.82;234.67;0.68;0.50;607;3;1;5;0.50;0.37;0.37;0.00;0.00;0.00;0.01;0.69;-1.14;2.00;204.11;0.66;0.50;0.003;-100.00;-100.00;-0.52;-1.92
1595875533.182;1767;-1.16;1.94;211.40;-1.35;1.82;234.67;0.68;0.50;607;3;1;5;0.51;0.38;0.37;0.00;0.00;0.01;-0.01;0.63;-1.18;1.98;209.04;0.66;0.50;0.003;-100.00;-100.00;-0.52;-1.92
1595875533.282;1777;-1.18;1.92;214.72;-1.35;1.82;234.67;0.68;0.50;607;3;1;5;0.51;0.38;0.37;0.00;0.00;0.02;0.00;0.62;-1.20;1.96;212.34;0.66;0.50;0.003;-100.00;-100.00;-0.52;-1.92
1595875533.384;1787;-1.21;1.90;218.49;-1.35;1.82;234.67;0.68;0.50;607;3;1;5;0.50;0.38;0.37;0.00;0.00;0.03;-0.00;0.64;-1.23;1.94;215.67;0.67;0.50;0.004;-100.00;-100.00;-0.52;-1.92
1595875533.482;1796;-1.23;1.88;222.04;-1.35;1.82;234.67;0.68;0.50;607;3;1;5;0.53;0.38;0.37;0.00;0.00;-0.01;0.00;0.65;-1.27;1.92;220.68;0.67;0.50;0.003;-100.00;-100.00;-0.52;-1.93
1595875533.583;1807;-1.26;1.86;225.88;-1.35;1.82;234.67;0.68;0.50;607;3;1;5;0.52;0.39;0.38;0.00;0.00;0.01;0.02;0.68;-1.29;1.89;224.05;0.67;0.50;0.003;-100.00;-100.00;-0.52;-1.92
1595875533.683;1817;-1.29;1.84;229.81;-1.35;1.82;234.67;0.68;0.50;607;3;1;5;0.51;0.39;0.38;0.00;0.00;0.02;-0.02;0.70;-1.31;1.87;227.43;0.68;0.50;0.003;-100.00;-100.00;-0.52;-1.92
1595875533.783;1827;-1.31;1.81;234.00;-1.35;1.82;234.67;0.68;0.50;607;3;1;5;0.53;0.39;0.38;0.00;0.00;0.01;0.02;0.68;-1.34;1.84;232.53;0.68;0.50;0.003;-100.00;-100.00;-0.52;-1.92
1595875533.883;1837;-1.33;1.79;238.02;-1.35;1.82;234.67;0.68;0.50;607;3;1;5;0.51;0.40;0.39;0.00;0.00;-0.00;0.01;0.69;-1.36;1.81;235.95;0.68;0.50;0.003;-100.00;-100.00;-0.52;-1.92
1595875533.988;1847;-1.35;1.76;241.96;-1.46;1.46;269.43;0.49;0.50;607;4;1;5;0.51;0.40;0.39;0.00;0.00;0.03;-0.02;0.70;-1.38;1.77;240.91;0.65;0.50;0.008;-100.00;-100.00;-0.52;-1.92
1595875534.082;1857;-1.37;1.73;246.09;-1.46;1.46;269.43;0.49;0.50;607;4;1;5;0.52;0.40;0.39;0.00;0.00;0.01;0.01;0.70;-1.40;1.75;244.08;0.64;0.50;0.003;-100.00;-100.00;-0.52;-1.92
1595875534.197;1868;-1.39;1.69;250.64;-1.45;1.45;-90.00;-0.00;0.50;442;0;1;0;0.47;0.40;0.40;0.00;0.00;-0.01;0.02;0.73;-1.41;1.72;247.16;0.62;0.50;0.014;-100.00;-100.00;-0.52;-1.92
1595875534.291;1877;-1.40;1.66;254.20;-1.45;1.45;-90.00;-0.00;0.50;442;0;1;0;0.65;0.43;0.40;0.00;0.00;0.02;0.01;0.68;-1.45;1.45;-90.00;-0.00;0.50;0.011;-100.00;-100.00;-0.52;-1.92
1595875534.392;1888;-1.41;1.63;258.50;-1.45;1.45;-90.00;-0.00;0.50;442;0;1;0;0.49;0.45;0.40;0.00;0.00;0.02;0.01;0.79;-1.45;1.45;-90.00;-0.00;0.50;0.012;-100.00;-100.00;-0.52;-1.92
1595875534.491;1897;-1.41;1.59;263.70;-1.45;1.45;-90.00;-0.00;0.50;442;0;1;0;0.21;0.47;0.41;0.00;0.00;-0.03;-0.02;0.79;-1.45;1.45;-90.00;-0.00;0.50;0.011;-100.00;-100.00;-0.52;-1.92
1595875534.591;1907;-1.41;1.55;267.62;-1.45;1.45;-90.00;-0.00;0.50;442;0;1;0;0.02;0.49;0.43;0.00;0.00;-0.00;0.02;0.62;-1.45;1.45;-90.00;-0.00;0.50;0.012;-100.00;-100.00;-0.52;-1.92
1595875534.691;1917;-1.41;1.51;268.53;-1.45;1.45;-90.00;-0.00;0.50;442;0;1;0;-0.02;0.49;0.46;0.00;0.00;0.01;-0.03;0.20;-1.45;1.45;-90.00;-0.00;0.50;0.011;-100.00;-100.00;-0.52;-1.92
1595875534.798;1928;-1.41;1.46;268.04;-1.45;1.21;-90.00;-0.00;0.50;442;1;1;0;0.01;0.50;0.47;0.00;0.00;-0.01;0.02;0.01;-1.45;1.45;-90.00;-0.00;0.50;0.018;-100.00;-100.00;-0.52;-1.92
1595875534.888;1937;-1.42;1.42;267.92;-1.45;1.21;-90.00;-0.00;0.50;442;1;1;0;0.02;0.50;0.48;0.00;0.00;-0.01;-0.03;-0.00;-1.45;1.43;-90.00;-0.00;0.50;0.009;-100.00;-100.00;-0.52;-1.92
1595875534.989;1947;-1.42;1.38;268.24;-1.45;1.21;-90.00;-0.00;0.50;442;1;1;0;0.00;0.49;0.48;0.00;0.00;0.01;-0.01;0.04;-1.45;1.39;-90.00;-0.00;0.50;0.010;-100.00;-100.00;-0.52;-1.92
1595875535.088;1957;-1.42;1.33;268.71;-1.45;1.21;-90.00;-0.00;0.50;442;1;1;0;-0.01;0.49;0.48;0.00;0.00;0.02;0.00;0.04;-1.45;1.34;-90.00;-0.00;0.50;0.009;-100.00;-100.00;-0.52;-1.92
1595875535.189;1967;-1.42;1.29;268.61;-1.45;1.21;-90.00;-0.00;0.50;442;1;1;0;-0.01;0.49;0.48;0.00;0.00;-0.00;0.03;0.00;-1.45;1.29;-90.00;-0.00;0.50;0.009;-100.00;-100.00;-0.52;-1.92
1595875535.288;1977;-1.42;1.24;268.64;-1.45;1.21;-90.00;-0.00;0.50;442;1;1;0;-0.01;0.49;0.48;0.00;0.00;-0.02;0.02;0.01;-1.45;1.25;-90.00;-0.00;0.50;0.009;-100.00;-100.00;-0.52;-1.92
1595875535.389;1987;-1.42;1.20;268.77;-1.45;0.97;-90.00;-0.00;0.50;442;2;1;0;-0.01;0.49;0.48;0.00;0.00;0.02;0.00;0.00;-1.45;1.21;-90.00;-0.00;0.50;0.009;-100.00;-100.00;-0.52;-1.92
1595875535.485;1997;-1.42;1.16;268.77;-1.45;0.97;-90.00;-0.00;0.50;442;2;1;0;-0.00;0.49;0.48;0.00;0.00;0.02;0.03;-0.01;-1.45;1.16;-90.00;-0.00;0.50;0.006;-100.00;-100.00;-0.52;-1.92
1595875535.585;2007;-1.43;1.11;268.65;-1.45;0.97;-90.00;-0.00;0.50;442;2;1;0;0.01;0.49;0.48;0.00;0.00;0.02;0.04;-0.00;-1.45;1.11;-90.00;-0.00;0.50;0.006;-100.00;-100.00;-0.52;-1.92
1595875535.686;2017;-1.43;1.06;268.46;-1.45;0.97;-90.00;-0.00;0.50;442;2;1;0;0.02;0.49;0.48;0.00;0.00;-0.02;0.01;0.00;-1.45;1.07;-90.00;-0.00;0.50;0.007;-100.00;-100.00;-0.52;-1.92
1595875535.785;2027;-1.43;1.02;268.63;-1.45;0.97;-90.00;-0.00;0.50;442;2;1;0;0.01;0.49;0.48;0.00;0.00;-0.01;0.05;0.03;-1.45;1.02;-90.00;-0.00;0.50;0.006;-100.00;-100.00;-0.52;-1.92
1595875535.885;2037;-1.43;0.97;268.88;-1.45;0.74;-90.00;-0.00;0.50;442;3;1;0;-0.00;0.49;0.48;0.00;0.00;0.00;0.00;0.03;-1.45;0.97;-90.00;-0.00;0.50;0.006;-100.00;-100.00;-0.52;-1.92
1595875535.983;2047;-1.43;0.93;269.05;-1.45;0.74;-90.00;-0.00;0.50;442;3;1;0;-0.01;0.49;0.48;0.00;0.00;0.01;-0.02;0.01;-1.45;0.93;-90.00;-0.00;0.50;0.003;-100.00;-100.00;-0.52;-1.92
1595875536.083;2057;-1.43;0.88;269.04;-1.45;0.74;-90.00;-0.00;0.50;442;3;1;0;-0.00;0.49;0.48;0.00;0.00;0.01;0.03;0.02;-1.45;0.89;-90.00;-0.00;0.50;0.003;-100.00;-100.00;-0.52;-1.92
1595875536.182;2066;-1.43;0.84;269.26;-1.45;0.74;-90.00;-0.00;0.50;442;3;1;0;-0.01;0.49;0.48;0.00;0.00;-0.00;-0.02;-0.01;-1.45;0.84;-90.00;-0.00;0.50;0.003;-100.00;-100.00;-0.52;-1.92
1595875536.283;2077;-1.43;0.79;269.15;-1.45;0.74;-90.00;-0.00;0.50;442;3;1;0;-0.01;0.49;0.48;0.00;0.00;-0.01;-0.01;0.00;-1.45;0.79;-90.00;-0.00;0.50;0.003;-100.00;-100.00;-0.52;-1.92
1595875536.383;2087;-1.43;0.74;269.52;-1.45;0.50;-90.00;0.00;0.50;442;4;1;0;-0.02;0.49;0.48;0.00;0.00;0.01;0.02;-0.00;-1.45;0.74;-90.00;-0.00;0.50;0.003;-100.00;-100.00;-0.52;-1.92
1595875536.480;2096;-1.43;0.70;269.20;-1.45;0.50;-90.00;0.00;0.50;442;4;1;0;-0.00;0.49;0.48;0.00;0.00;-0.01;0.05;-0.02;-1.45;0.70;-90.00;-0.00;0.50;0.001;-100.00;-100.00;-0.52;-1.92
1595875536.580;2106;-1.43;0.65;269.11;-1.45;0.50;-90.00;0.00;0.50;442;4;1;0;0.00;0.49;0.48;0.00;0.00;-0.01;0.02;0.01;-1.45;0.66;-90.00;-0.00;0.50;0.001;-100.00;-100.00;-0.52;-1.92
1595875536.680;2116;-1.43;0.61;269.31;-1.45;0.50;-90.00;0.00;0.50;442;4;1;0;-0.00;0.49;0.48;0.00;0.00;0.03;0.01;0.02;-1.45;0.61;-90.00;-0.00;0.50;0.001;-100.00;-100.00;-0.52;-1.92
1595875536.780;2126;-1.44;0.56;269.13;-1.45;0.50;-90.00;0.00;0.50;442;4;1;0;0.01;0.49;0.48;0.00;0.00;0.03;0.01;0.00;-1.45;0.56;-90.00;0.00;0.50;0.001;-100.00;-100.00;-0.52;-1.92
1595875536.895;2138;-1.44;0.51;269.01;-1.45;0.25;-90.00;-0.00;0.50;438;0;1;0;0.01;0.50;0.48;0.00;0.00;0.00;0.03;0.01;-1.45;0.51;-90.00;0.00;0.50;0.014;-100.00;-100.00;-0.52;-1.92
1595875536.992;2147;-1.44;0.47;269.19;-1.45;0.25;-90.00;-0.00;0.50;438;0;1;0;0.01;0.50;0.48;0.00;0.00;-0.03;-0.03;0.02;-1.45;0.25;-90.00;-0.00;0.50;0.012;-100.00;-100.00;-0.52;-1.92
1595875537.091;2157;-1.44;0.42;269.06;-1.45;0.25;-90.00;-0.00;0.50;438;0;1;0;0.02;0.50;0.49;0.00;0.00;0.00;0.05;0.02;-1.45;0.25;-90.00;-0.00;0.50;0.012;-100.00;-100.00;-0.52;-1.92
1595875537.192;2167;-1.44;0.37;269.35;-1.45;0.25;-90.00;-0.00;0.50;438;0;1;0;0.00;0.50;0.49;0.00;0.00;0.01;-0.05;0.03;-1.45;0.25;-90.00;-0.00;0.50;0.012;-100.00;-100.00;-0.52;-1.92
1595875537.291;2177;-1.44;0.33;269.60;-1.45;0.25;-90.00;-0.00;0.50;438;0;1;0;-0.01;0.50;0.49;0.00;0.00;0.01;-0.06;0.02;-1.45;0.25;-90.00;-0.00;0.50;0.011;-100.00;-100.00;-0.52;-1.92
1595875537.391;2187;-1.44;0.28;269.55;-1.45;0.01;-90.00;-0.00;0.50;438;1;1;0;-0.01;0.50;0.49;0.00;0.00;-0.01;-0.00;0.00;-1.45;0.25;-90.00;-0.00;0.50;0.011;-100.00;-100.00;-0.52;-1.92
1595875537.489;2197;-1.44;0.24;269.15;-1.45;0.01;-90.00;-0.00;0.50;438;1;1;0;0.01;0.50;0.49;0.00;0.00;-0.01;-0.04;0.00;-1.45;0.24;-90.00;-0.00;0.50;0.009;-100.00;-100.00;-0.52;-1.92
1595875537.588;2207;-1.44;0.19;269.21;-1.45;0.01;-90.00;-0.00;0.50;438;1;1;0;0.01;0.50;0.49;0.00;0.00;0.03;-0.00;0.03;-1.45;0.20;-90.00;-0.00;0.50;0.009;-100.00;-100.00;-0.52;-1.92
1595875537.688;2217;-1.44;0.14;269.54;-1.45;0.01;-90.00;-0.00;0.50;438;1;1;0;-0.00;0.50;0.49;0.00;0.00;0.01;0.02;0.02;-1.45;0.15;-90.00;-0.00;0.50;0.009;-100.00;-100.00;-0.52;-1.92
1595875537.789;2227;-1.44;0.10;269.96;-1.45;0.01;-90.00;-0.00;0.50;438;1;1;0;-0.02;0.50;0.49;0.00;0.00;-0.02;0.04;0.01;-1.45;0.11;-90.00;-0.00;0.50;0.009;-100.00;-100.00;-0.52;-1.92
1595875537.888;2237;-1.44;0.05;269.72;-1.45;0.01;-90.00;-0.00;0.50;438;1;1;0;-0.01;0.50;0.49;0.00;0.00;0.00;0.01;0.00;-1.45;0.06;-90.00;-0.00;0.50;0.009;-100.00;-100.00;-0.52;-1.92
1595875537.989;2247;-1.44;0.01;269.43;-1.45;-0.23;-90.00;-0.00;0.50;438;2;1;0;0.00;0.50;0.49;0.00;0.00;0.03;0.00;-0.01;-1.45;0.01;-90.00;-0.00;0.50;0.009;-100.00;-100.00;-0.52;-1.92
1595875538.086;2257;-1.44;-0.04;269.61;-1.45;-0.23;-90.00;-0.00;0.50;438;2;1;0;-0.00;0.50;0.49;0.00;0.00;0.03;0.01;-0.00;-1.45;-0.04;-90.00;-0.00;0.50;0.007;-100.00;-100.00;-0.52;-1.92
1595875538.186;2267;-1.44;-0.09;269.32;-1.45;-0.23;-90.00;-0.00;0.50;438;2;1;0;0.01;0.50;0.49;0.00;0.00;0.00;0.02;-0.01;-1.45;-0.09;-90.00;-0.00;0.50;0.006;-100.00;-100.00;-0.52;-1.92
1595875538.286;2277;-1.44;-0.13;269.70;-1.45;-0.23;-90.00;-0.00;0.50;438;2;1;0;-0.01;0.50;0.49;0.00;0.00;0.00;0.01;0.02;-1.45;-0.12;-90.00;-0.00;0.50;0.007;-100.00;-100.00;-0.52;-1.92
1595875538.386;2287;-1.44;-0.18;269.55;-1.45;-0.23;-90.00;-0.00;0.50;438;2;1;0;0.00;0.49;0.49;0.00;0.00;-0.00;0.04;0.01;-1.45;-0.17;-90.00;-0.00;0.50;0.006;-100.00;-100.00;-0.52;-1.92
1595875538.486;2297;-1.44;-0.22;269.59;-1.45;-0.46;-90.00;-0.00;0.50;438;3;1;0;-0.00;0.49;0.49;0.00;0.00;0.02;-0.05;0.00;-1.45;-0.22;-90.00;-0.00;0.50;0.007;-100.00;-100.00;-0.52;-1.92
1595875538.584;2307;-1.44;-0.27;269.66;-1.45;-0.46;-90.00;-0.00;0.50;438;3;1;0;-0.00;0.49;0.49;0.00;0.00;0.00;0.01;-0.00;-1.45;-0.27;-90.00;-0.00;0.50;0.005;-100.00;-100.00;-0.52;-1.92
1595875538.691;2317;-1.44;-0.31;269.44;-1.45;-0.46;-90.00;-0.00;0.50;438;3;1;0;0.01;0.49;0.49;0.00;0.00;-0.01;-0.02;0.00;-1.45;-0.31;-90.00;-0.00;0.50;0.011;-100.00;-100.00;-0.52;-1.92
1595875538.785;2327;-1.44;-0.36;269.65;-1.45;-0.46;-90.00;-0.00;0.50;438;3;1;0;-0.00;0.49;0.49;0.00;0.00;-0.00;-0.01;0.01;-1.45;-0.35;-90.00;-0.00;0.50;0.006;-100.00;-100.00;-0.52;-1.92
1595875538.885;2337;-1.44;-0.40;269.87;-1.45;-0.46;-90.00;-0.00;0.50;438;3;1;0;-0.01;0.49;0.49;0.00;0.00;0.02;-0.00;0.00;-1.45;-0.40;-90.00;-0.00;0.50;0.006;-100.00;-100.00;-0.52;-1.92
1595875538.985;2347;-1.44;-0.45;269.57;-1.45;-0.70;-90.00;0.00;0.50;438;4;1;0;0.00;0.49;0.49;0.00;0.00;-0.01;0.06;-0.02;-1.45;-0.45;-90.00;-0.00;0.50;0.006;-100.00;-100.00;-0.52;-1.92
1595875539.081;2356;-1.44;-0.49;269.68;-1.45;-0.70;-90.00;0.00;0.50;438;4;1;0;-0.00;0.49;0.49;0.00;0.00;-0.02;0.03;-0.00;-1.45;-0.48;-90.00;-0.00;0.50;0.001;-100.00;-100.00;-0.52;-1.92
1595875539.181;2366;-1.44;-0.53;269.54;-1.45;-0.70;-90.00;0.00;0.50;438;4;1;0;0.01;0.49;0.49;0.00;0.00;0.02;-0.02;0.01;-1.45;-0.53;-90.00;-0.00;0.50;0.001;-100.00;-100.00;-0.52;-1.92
1595875539.281;2376;-1.44;-0.58;269.59;-1.45;-0.70;-90.00;0.00;0.50;438;4;1;0;0.01;0.49;0.49;0.00;0.00;0.03;0.00;0.01;-1.45;-0.58;-90.00;-0.00;0.50;0.001;-100.00;-100.00;-0.52;-1.92
1595875539.381;2386;-1.45;-0.62;269.58;-1.45;-0.70;-90.00;0.00;0.50;438;4;1;0;0.01;0.50;0.49;0.00;0.00;0.03;0.00;0.01;-1.45;-0.63;-90.00;0.00;0.50;0.001;-100.00;-100.00;-0.52;-1.92
1595875539.481;2396;-1.44;-0.67;269.55;-1.45;-0.70;-90.00;0.00;0.50;438;4;1;0;0.01;0.50;0.49;0.00;0.00;-0.02;-0.02;0.01;-1.45;-0.66;-90.00;0.00;0.50;0.001;-100.00;-100.00;-0.52;-1.92
1595875539.607;2409;-1.44;-0.73;269.85;-1.45;-0.95;-90.00;-0.00;0.50;529;0;1;0;0.00;0.50;0.49;0.00;0.00;-0.00;0.04;0.03;-1.45;-0.71;-90.00;0.00;0.50;0.026;-100.00;-100.00;-0.52;-1.92
1595875539.700;2418;-1.44;-0.77;270.00;-1.45;-0.95;-90.00;-0.00;0.50;529;0;1;0;-0.01;0.50;0.49;0.00;0.00;0.00;-0.06;0.03;-1.45;-0.95;-90.00;-0.00;0.50;0.020;-100.00;-100.00;-0.52;-1.92
1595875539.800;2428;-1.45;-0.81;269.96;-1.45;-0.95;-90.00;-0.00;0.50;529;0;1;0;-0.01;0.50;0.49;0.00;0.00;0.01;-0.05;-0.01;-1.45;-0.95;-90.00;-0.00;0.50;0.020;-100.00;-100.00;-0.52;-1.92
1595875539.900;2438;-1.44;-0.86;269.88;-1.45;-0.95;-90.00;-0.00;0.50;529;0;1;0;-0.01;0.50;0.49;0.00;0.00;-0.01;0.01;-0.00;-1.45;-0.95;-90.00;-0.00;0.50;0.020;-100.00;-100.00;-0.52;-1.92
1595875540.000;2448;-1.44;-0.90;269.82;-1.45;-0.95;-90.00;-0.00;0.50;529;0;1;0;-0.01;0.50;0.49;0.00;0.00;-0.00;-0.03;-0.00;-1.45;-0.95;-90.00;-0.00;0.50;0.020;-100.00;-100.00;-0.52;-1.92
1595875540.100;2458;-1.44;-0.95;269.92;-1.45;-1.19;-90.00;-0.00;0.50;529;1;1;0;-0.01;0.50;0.49;0.00;0.00;0.02;0.00;0.00;-1.45;-0.95;-90.00;-0.00;0.50;0.020;-100.00;-100.00;-0.52;-1.92
1595875540.194;2468;-1.44;-0.99;269.71;-1.45;-1.19;-90.00;-0.00;0.50;529;1;1;0;0.00;0.50;0.49;0.00;0.00;0.01;0.01;-0.01;-1.45;-0.99;-90.00;-0.00;0.50;0.014;-100.00;-100.00;-0.52;-1.92
1595875540.294;2478;-1.44;-1.04;269.68;-1.45;-1.19;-90.00;-0.00;0.50;529;1;1;0;0.00;0.50;0.49;0.00;0.00;-0.01;0.07;-0.02;-1.45;-1.03;-90.00;-0.00;0.50;0.015;-100.00;-100.00;-0.52;-1.92
1595875540.394;2488;-1.44;-1.09;269.98;-1.45;-1.19;-90.00;-0.00;0.50;529;1;1;0;-0.01;0.50;0.49;0.00;0.00;0.01;0.01;0.00;-1.45;-1.08;-90.00;-0.00;0.50;0.014;-100.00;-100.00;-0.52;-1.92
1595875540.494;2498;-1.44;-1.13;269.78;-1.45;-1.19;-90.00;-0.00;0.50;529;1;1;0;-0.00;0.50;0.49;0.00;0.00;0.03;0.01;-0.01;-1.45;-1.13;-90.00;-0.00;0.50;0.014;-100.00;-100.00;-0.52;-1.92
1595875540.594;2508;-1.45;-1.18;269.58;-1.45;-1.43;-90.00;-0.00;0.50;529;2;1;0;0.01;0.50;0.49;0.00;0.00;0.03;0.02;-0.02;-1.45;-1.17;-90.00;-0.00;0.50;0.014;-100.00;-100.00;-0.52;-1.92
1595875540.689;2517;-1.45;-1.22;269.41;-1.45;-1.43;-90.00;-0.00;0.50;529;2;1;0;0.02;0.49;0.49;0.00;0.00;-0.00;0.02;-0.01;-1.45;-1.21;-90.00;-0.00;0.50;0.009;-100.00;-100.00;-0.52;-1.92
1595875540.789;2527;-1.44;-1.27;269.54;-1.45;-1.43;-90.00;-0.00;0.50;529;2;1;0;0.01;0.49;0.49;0.00;0.00;-0.03;-0.02;0.02;-1.45;-1.26;-90.00;-0.00;0.50;0.009;-100.00;-100.00;-0.52;-1.92
1595875540.890;2537;-1.44;-1.32;269.67;-1.45;-1.43;-90.00;-0.00;0.50;529;2;1;0;0.00;0.49;0.49;0.00;0.00;-0.00;0.04;0.01;-1.45;-1.31;-90.00;-0.00;0.50;0.010;-100.00;-100.00;-0.52;-1.92
1595875540.987;2547;-1.44;-1.36;269.80;-1.45;-1.43;-90.00;-0.00;0.50;529;2;1;0;-0.00;0.49;0.49;0.00;0.00;0.01;-0.04;0.03;-1.45;-1.36;-90.00;-0.00;0.50;0.007;-100.00;-100.00;-0.52;-1.92
1595875541.085;2557;-1.45;-1.41;269.72;-1.45;-1.66;-90.00;-0.00;0.50;529;3;1;0;0.00;0.49;0.49;0.00;0.00;0.01;-0.03;-0.01;-1.45;-1.41;-90.00;-0.00;0.50;0.006;-100.00;-100.00;-0.52;-1.92
1595875541.183;2567;-1.44;-1.45;269.82;-1.45;-1.66;-90.00;-0.00;0.50;529;3;1;0;-0.00;0.49;0.49;0.00;0.00;-0.00;-0.02;0.00;-1.45;-1.45;-90.00;-0.00;0.50;0.003;-100.00;-100.00;-0.52;-1.92
1595875541.283;2577;-1.44;-1.50;269.63;-1.45;-1.66;-90.00;-0.00;0.50;529;3;1;0;0.00;0.49;0.49;0.00;0.00;-0.01;-0.04;-0.00;-1.45;-1.49;-90.00;-0.00;0.50;0.003;-100.00;-100.00;-0.52;-1.92
1595875541.383;2587;-1.44;-1.54;269.74;-1.45;-1.66;-90.00;-0.00;0.50;529;3;1;0;0.00;0.49;0.49;0.00;0.00;0.02;0.01;0.01;-1.45;-1.54;-90.00;-0.00;0.50;0.003;-100.00;-100.00;-0.52;-1.92
1595875541.483;2597;-1.44;-1.59;269.77;-1.45;-1.66;-90.00;-0.00;0.50;529;3;1;0;-0.00;0.49;0.49;0.00;0.00;0.00;0.04;-0.02;-1.45;-1.59;-90.00;-0.00;0.50;0.003;-100.00;-100.00;-0.52;-1.92
1595875541.588;2607;-1.44;-1.64;269.72;-1.45;-1.66;-90.00;-0.00;0.50;529;3;1;0;-0.00;0.49;0.49;0.00;0.00;-0.02;0.01;-0.01;-1.45;-1.64;-90.00;-0.00;0.50;0.008;-100.00;-100.00;-0.52;-1.92
1595875541.683;2617;-1.44;-1.68;269.66;-1.45;-1.90;-90.00;0.00;0.50;529;4;1;0;0.00;0.49;0.49;0.00;0.00;0.00;0.00;-0.00;-1.45;-1.68;-90.00;-0.00;0.50;0.003;-100.00;-100.00;-0.52;-1.92
1595875541.780;2626;-1.44;-1.72;269.66;-1.45;-1.90;-90.00;0.00;0.50;529;4;1;0;0.00;0.49;0.49;0.00;0.00;0.02;0.00;-0.00;-1.45;-1.72;-90.00;-0.00;0.50;0.001;-100.00;-100.00;-0.52;-1.92
1595875541.880;2636;-1.45;-1.77;269.65;-1.45;-1.90;-90.00;0.00;0.50;529;4;1;0;0.01;0.49;0.49;0.00;0.00;0.02;0.00;-0.01;-1.45;-1.77;-90.00;-0.00;0.50;0.001;-100.00;-100.00;-0.52;-1.92
1595875541.980;2646;-1.44;-1.81;269.61;-1.45;-1.90;-90.00;0.00;0.50;529;4;1;0;0.01;0.49;0.49;0.00;0.00;-0.02;-0.01;-0.00;-1.45;-1.82;-90.00;-0.00;0.50;0.001;-100.00;-100.00;-0.52;-1.92
1595875542.080;2656;-1.44;-1.86;269.73;-1.45;-1.90;-90.00;0.00;0.50;529;4;1;0;-0.00;0.50;0.49;0.00;0.00;-0.00;-0.01;-0.01;-1.45;-1.86;-90.00;0.00;0.50;0.001;-100.00;-100.00;-0.52;-1.92
1595875542.194;2668;-1.44;-1.91;269.41;-1.45;-2.15;-90.00;0.11;0.00;525;1;1;5;0.01;0.50;0.49;0.00;0.00;-0.01;0.00;-0.02;-1.45;-1.91;-90.00;0.00;0.50;0.014;-100.00;-100.00;-0.52;-1.92
1595875542.288;2677;-1.44;-1.95;269.63;-1.43;-2.34;-76.43;0.65;0.50;525;2;1;5;0.18;0.50;0.49;0.00;0.00;0.02;-0.06;-0.01;-1.45;-2.15;-89.96;0.18;0.07;0.009;-100.00;-100.00;-0.52;-1.92
1595875542.385;2687;-1.45;-2.00;269.57;-1.43;-2.34;-76.43;0.65;0.50;525;2;1;5;-0.18;0.50;0.49;0.00;0.00;-0.00;-0.01;0.08;-1.45;-2.15;-89.96;0.18;0.07;0.006;-100.00;-100.00;-0.52;-1.92
1595875542.485;2697;-1.44;-2.05;271.02;-1.43;-2.34;-76.43;0.65;0.50;525;2;1;5;-0.13;0.49;0.49;0.00;0.00;-0.01;-0.01;0.10;-1.45;-2.15;-89.96;0.18;0.07;0.006;-100.00;-100.00;-0.52;-1.92
1595875542.585;2707;-1.44;-2.09;269.15;-1.43;-2.34;-76.43;0.65;0.50;525;2;1;5;0.06;0.48;0.49;0.00;0.00;-0.00;0.00;-0.14;-1.45;-2.15;-89.96;0.18;0.07;0.006;-100.00;-100.00;-0.52;-1.92
1595875542.685;2717;-1.45;-2.14;268.51;-1.43;-2.34;-76.43;0.65;0.50;525;2;1;5;0.19;0.46;0.49;0.00;0.00;0.01;0.04;-0.02;-1.45;-2.15;-89.96;0.18;0.07;0.006;-100.00;-100.00;-0.52;-1.92
1595875542.786;2727;-1.45;-2.18;269.13;-1.43;-2.34;-76.43;0.65;0.50;525;2;1;5;0.38;0.45;0.48;0.00;0.00;0.00;0.05;0.05;-1.45;-2.18;-89.22;0.31;0.19;0.006;-100.00;-100.00;-0.52;-1.92
1595875542.885;2737;-1.45;-2.22;270.84;-1.22;-2.65;-35.33;0.68;0.50;525;3;1;5;0.53;0.44;0.46;0.00;0.00;0.00;0.03;0.38;-1.45;-2.22;-86.70;0.44;0.31;0.006;-100.00;-100.00;-0.52;-1.92
1595875542.982;2747;-1.45;-2.26;274.32;-1.22;-2.65;-35.33;0.68;0.50;525;3;1;5;0.59;0.44;0.46;0.00;0.00;0.03;-0.00;0.63;-1.45;-2.25;-84.44;0.51;0.37;0.003;-100.00;-100.00;-0.52;-1.92
1595875543.088;2757;-1.44;-2.30;279.16;-1.22;-2.65;-35.33;0.68;0.50;525;3;1;5;0.62;0.44;0.45;0.00;0.00;0.03;0.01;0.80;-1.44;-2.30;-80.07;0.60;0.45;0.008;-100.00;-100.00;-0.52;-1.92
1595875543.183;2767;-1.44;-2.34;284.75;-1.22;-2.65;-35.33;0.68;0.50;525;3;1;5;0.58;0.44;0.44;0.00;0.00;-0.01;0.03;0.94;-1.43;-2.33;-77.22;0.64;0.49;0.003;-100.00;-100.00;-0.52;-1.92
1595875543.282;2777;-1.43;-2.38;290.36;-1.22;-2.65;-35.33;0.68;0.50;525;3;1;5;0.54;0.44;0.44;0.00;0.00;0.02;-0.01;0.93;-1.42;-2.38;-72.40;0.65;0.50;0.003;-100.00;-100.00;-0.52;-1.92
1595875543.388;2787;-1.42;-2.41;295.33;-1.22;-2.65;-35.33;0.68;0.50;525;3;1;5;0.48;0.44;0.44;0.00;0.00;0.04;-0.01;0.84;-1.41;-2.41;-69.15;0.66;0.50;0.008;-100.00;-100.00;-0.52;-1.92
1595875543.482;2797;-1.40;-2.45;299.80;-1.22;-2.65;-35.33;0.68;0.50;525;3;1;5;0.46;0.44;0.44;0.00;0.00;0.03;0.00;0.74;-1.40;-2.44;-65.89;0.66;0.50;0.003;-100.00;-100.00;-0.52;-1.92
1595875543.583;2807;-1.38;-2.48;303.66;-1.22;-2.65;-35.33;0.68;0.50;525;3;1;5;0.48;0.43;0.44;0.00;0.00;0.04;-0.01;0.69;-1.38;-2.48;-60.96;0.66;0.50;0.003;-100.00;-100.00;-0.52;-1.92
1595875543.688;2817;-1.36;-2.52;307.62;-1.22;-2.65;-35.33;0.68;0.50;525;3;1;5;0.48;0.43;0.44;0.00;0.00;0.03;0.01;0.69;-1.36;-2.50;-57.66;0.66;0.50;0.008;-100.00;-100.00;-0.52;-1.92
1595875543.783;2827;-1.34;-2.55;311.68;-1.22;-2.65;-35.33;0.68;0.50;525;3;1;5;0.51;0.43;0.44;0.00;0.00;-0.00;0.02;0.70;-1.34;-2.54;-52.67;0.67;0.50;0.003;-100.00;-100.00;-0.52;-1.92
1595875543.883;2837;-1.32;-2.58;315.95;-1.22;-2.65;-35.33;0.68;0.50;525;3;1;5;0.49;0.43;0.43;0.00;0.00;0.03;-0.01;0.73;-1.32;-2.57;-49.32;0.67;0.50;0.003;-100.00;-100.00;-0.52;-1.92
1595875543.983;2847;-1.29;-2.61;320.23;-1.22;-2.65;-35.33;0.68;0.50;525;3;1;5;0.50;0.43;0.43;0.00;0.00;0.02;0.02;0.73;-1.28;-2.60;-44.27;0.67;0.50;0.003;-100.00;-100.00;-0.52;-1.92
1595875544.083;2857;-1.26;-2.63;324.29;-1.22;-2.65;-35.33;0.68;0.50;525;3;1;5;0.50;0.42;0.43;0.00;0.00;-0.00;0.00;0.71;-1.26;-2.62;-40.88;0.68;0.50;0.003;-100.00;-100.00;-0.52;-1.92
1595875544.183;2867;-1.23;-2.65;328.35;-1.22;-2.65;-35.33;0.68;0.50;525;3;1;5;0.51;0.42;0.42;0.00;0.00;0.00;0.05;0.70;-1.22;-2.65;-35.76;0.68;0.50;0.004;-100.00;-100.00;-0.52;-1.92
1595875544.282;2877;-1.20;-2.67;332.39;-1.22;-2.65;-35.33;0.68;0.50;525;3;1;5;0.49;0.42;0.42;0.00;0.00;0.00;-0.02;0.70;-1.20;-2.67;-32.37;0.67;0.50;0.003;-100.00;-100.00;-0.52;-1.92
1595875544.383;2887;-1.17;-2.68;336.40;-0.86;-2.76;-0.57;0.49;0.50;525;4;1;5;0.43;0.42;0.42;0.00;0.00;0.03;-0.00;0.69;-1.17;-2.68;-29.09;0.65;0.50;0.003;-100.00;-100.00;-0.52;-1.92
1595875544.489;2897;-1.13;-2.70;340.06;-0.86;-2.76;-0.57;0.49;0.50;525;4;1;5;0.43;0.42;0.42;0.00;0.00;0.02;-0.01;0.60;-1.13;-2.70;-24.37;0.63;0.50;0.009;-100.00;-100.00;-0.52;-1.92
1595875544.595;2908;-1.09;-2.71;343.66;-0.85;-2.75;0.00;-0.00;0.50;516;0;1;0;0.41;0.42;0.42;0.00;0.00;0.02;-0.02;0.57;-1.10;-2.72;-21.34;0.61;0.50;0.012;-100.00;-100.00;-0.52;-1.92
1595875544.689;2917;-1.06;-2.72;346.46;-0.85;-2.75;0.00;-0.00;0.50;516;0;1;0;0.59;0.45;0.42;0.00;0.00;0.01;-0.00;0.53;-0.85;-2.75;0.00;-0.00;0.50;0.009;-100.00;-100.00;-0.52;-1.92
1595875544.789;2927;-1.02;-2.73;349.89;-0.85;-2.75;0.00;-0.00;0.50;516;0;1;0;0.44;0.47;0.42;0.00;0.00;-0.02;0.01;0.70;-0.85;-2.75;0.00;-0.00;0.50;0.009;-100.00;-100.00;-0.52;-1.92
1595875544.888;2937;-0.99;-2.73;355.17;-0.85;-2.75;0.00;-0.00;0.50;516;0;1;0;0.19;0.49;0.43;0.00;0.00;0.01;0.01;0.71;-0.85;-2.75;0.00;-0.00;0.50;0.009;-100.00;-100.00;-0.52;-1.92
1595875544.989;2947;-0.95;-2.73;358.43;-0.85;-2.75;0.00;-0.00;0.50;516;0;1;0;0.03;0.50;0.45;0.00;0.00;0.01;-0.01;0.45;-0.85;-2.75;0.00;-0.00;0.50;0.009;-100.00;-100.00;-0.52;-1.92
1595875545.089;2957;-0.90;-2.73;359.61;-0.85;-2.75;0.00;-0.00;0.50;516;0;1;0;-0.02;0.50;0.47;0.00;0.00;-0.03;0.02;0.21;-0.85;-2.75;0.00;-0.00;0.50;0.009;-100.00;-100.00;-0.52;-1.92
1595875545.190;2967;-0.86;-2.73;359.53;-0.61;-2.75;-0.00;-0.00;0.50;516;1;1;0;-0.02;0.50;0.48;0.00;0.00;-0.01;0.06;0.02;-0.85;-2.75;0.00;-0.00;0.50;0.010;-100.00;-100.00;-0.52;-1.92
1595875545.287;2977;-0.81;-2.73;359.21;-0.61;-2.75;-0.00;-0.00;0.50;516;1;1;0;-0.00;0.50;0.49;0.00;0.00;-0.02;0.02;-0.01;-0.81;-2.75;-0.00;-0.00;0.50;0.007;-100.00;-100.00;-0.52;-1.92
1595875545.386;2987;-0.77;-2.73;359.02;-0.61;-2.75;-0.00;-0.00;0.50;516;1;1;0;0.01;0.50;0.49;0.00;0.00;0.01;-0.02;0.02;-0.77;-2.75;-0.00;-0.00;0.50;0.007;-100.00;-100.00;-0.52;-1.92
1595875545.486;2997;-0.72;-2.74;359.47;-0.61;-2.75;-0.00;-0.00;0.50;516;1;1;0;-0.01;0.50;0.49;0.00;0.00;0.02;0.01;0.03;-0.73;-2.75;-0.00;-0.00;0.50;0.007;-100.00;-100.00;-0.52;-1.92
1595875545.587;3007;-0.68;-2.74;359.42;-0.61;-2.75;-0.00;-0.00;0.50;516;1;1;0;-0.00;0.50;0.49;0.00;0.00;0.02;-0.01;0.00;-0.68;-2.75;-0.00;-0.00;0.50;0.007;-100.00;-100.00;-0.52;-1.92
1595875545.687;3017;-0.63;-2.74;359.46;-0.37;-2.75;-0.00;-0.00;0.50;516;2;1;0;-0.00;0.50;0.49;0.00;0.00;0.01;0.00;0.01;-0.63;-2.75;-0.00;-0.00;0.50;0.007;-100.00;-100.00;-0.52;-1.92
1595875545.785;3027;-0.58;-2.74;359.28;-0.37;-2.75;-0.00;-0.00;0.50;516;2;1;0;0.01;0.50;0.49;0.00;0.00;0.02;0.00;-0.01;-0.59;-2.75;-0.00;-0.00;0.50;0.005;-100.00;-100.00;-0.52;-1.92
1595875545.885;3037;-0.54;-2.74;358.92;-0.37;-2.75;-0.00;-0.00;0.50;516;2;1;0;0.03;0.50;0.49;0.00;0.00;-0.04;0.05;-0.00;-0.55;-2.75;-0.00;-0.00;0.50;0.005;-100.00;-100.00;-0.52;-1.92
1595875545.984;3047;-0.49;-2.74;359.69;-0.37;-2.75;-0.00;-0.00;0.50;516;2;1;0;-0.01;0.50;0.49;0.00;0.00;0.00;0.00;0.04;-0.50;-2.75;-0.00;-0.00;0.50;0.005;-100.00;-100.00;-0.52;-1.92
1595875546.085;3057;-0.45;-2.74;359.81;-0.37;-2.75;-0.00;-0.00;0.50;516;2;1;0;-0.01;0.50;0.49;0.00;0.00;0.01;-0.01;-0.01;-0.45;-2.75;-0.00;-0.00;0.50;0.005;-100.00;-100.00;-0.52;-1.92
1595875546.185;3067;-0.40;-2.74;359.28;-0.37;-2.75;-0.00;-0.00;0.50;516;2;1;0;0.01;0.50;0.48;0.00;0.00;-0.01;0.01;-0.03;-0.41;-2.75;-0.00;-0.00;0.50;0.005;-100.00;-100.00;-0.52;-1.92
1595875546.284;3077;-0.36;-2.74;359.75;-0.14;-2.75;-0.00;-0.00;0.50;516;3;1;0;-0.01;0.50;0.48;0.00;0.00;-0.01;-0.02;0.01;-0.36;-2.75;-0.00;-0.00;0.50;0.005;-100.00;-100.00;-0.52;-1.92
1595875546.383;3087;-0.32;-2.74;359.44;-0.14;-2.75;-0.00;-0.00;0.50;516;3;1;0;0.01;0.49;0.48;0.00;0.00;-0.02;-0.01;0.01;-0.32;-2.75;-0.00;-0.00;0.50;0.003;-100.00;-100.00;-0.52;-1.92
1595875546.483;3097;-0.27;-2.74;359.60;-0.14;-2.75;-0.00;-0.00;0.50;516;3;1;0;-0.00;0.50;0.48;0.00;0.00;-0.00;0.04;0.02;-0.27;-2.75;-0.00;-0.00;0.50;0.003;-100.00;-100.00;-0.52;-1.92
1595875546.583;3107;-0.22;-2.74;360.02;-0.14;-2.75;-0.00;-0.00;0.50;516;3;1;0;-0.02;0.50;0.48;0.00;0.00;-0.01;-0.04;0.02;-0.22;-2.75;-0.00;-0.00;0.50;0.003;-100.00;-100.00;-0.52;-1.92
1595875546.683;3117;-0.18;-2.74;359.82;-0.14;-2.75;-0.00;-0.00;0.50;516;3;1;0;-0.00;0.50;0.49;0.00;0.00;0.01;-0.02;0.00;-0.19;-2.75;-0.00;-0.00;0.50;0.003;-100.00;-100.00;-0.52;-1.92
1595875546.783;3127;-0.13;-2.74;359.73;0.10;-2.75;-0.00;0.00;0.50;516;4;1;0;-0.01;0.50;0.61;0.00;0.00;0.02;-0.02;-0.00;-0.14;-2.75;-0.00;-0.00;0.50;0.003;-100.00;-100.00;-0.52;-1.92
1595875546.880;3136;-0.09;-2.74;359.77;0.10;-2.75;-0.00;0.00;0.50;516;4;1;0;-0.00;0.50;0.49;0.00;0.00;0.02;-0.02;-0.03;-0.09;-2.75;-0.00;-0.00;0.50;0.001;-100.00;-100.00;-0.52;-1.92
1595875546.980;3146;-0.05;-2.75;359.71;0.10;-2.75;-0.00;0.00;0.50;516;4;1;0;0.01;0.50;0.49;0.00;0.00;0.01;-0.00;-0.01;-0.04;-2.75;-0.00;-0.00;0.50;0.001;-100.00;-100.00;-0.52;-1.92
1595875547.080;3156;-0.00;-2.75;359.44;0.10;-2.75;-0.00;0.00;0.50;516;4;1;0;0.02;0.50;0.49;0.00;0.00;0.02;-0.01;-0.01;-0.01;-2.75;-0.00;-0.00;0.50;0.001;-100.00;-100.00;-0.52;-1.92
1595875547.180;3166;0.04;-2.75;359.41;0.10;-2.75;-0.00;0.00;0.50;516;4;1;0;0.02;0.50;0.36;0.00;0.00;-0.02;0.05;0.01;0.04;-2.75;-0.00;0.00;0.50;0.001;-100.00;-100.00;-0.52;-1.92
1595875547.295;3178;0.10;-2.75;359.74;0.35;-2.75;0.00;-0.00;0.37;90;0;1;7;0.01;0.50;0.49;0.00;0.00;0.03;-0.01;0.02;0.09;-2.75;-0.00;0.00;0.50;0.015;-100.00;-100.00;-0.52;-1.92
1595875547.391;3187;0.14;-2.75;359.71;0.35;-2.75;0.00;-0.00;0.37;90;0;1;7;-0.09;0.50;0.49;0.00;0.00;-0.00;0.01;-0.00;0.35;-2.75;0.00;-0.00;0.37;0.011;-100.00;-100.00;-0.52;-1.92
1595875547.491;3197;0.18;-2.75;359.63;0.35;-2.75;0.00;-0.00;0.37;90;0;1;7;-0.07;0.50;0.49;0.00;0.00;-0.00;0.01;-0.04;0.35;-2.75;0.00;-0.00;0.37;0.011;-100.00;-100.00;-0.52;-1.92
1595875547.591;3207;0.23;-2.75;358.63;0.35;-2.75;0.00;-0.00;0.37;90;0;1;7;-0.00;0.50;0.49;0.00;0.00;-0.01;0.01;-0.08;0.35;-2.75;0.00;-0.00;0.37;0.012;-100.00;-100.00;-0.52;-1.92
1595875547.691;3217;0.27;-2.75;358.47;0.73;-2.70;24.90;0.79;0.50;90;1;1;7;0.03;0.50;0.49;0.00;0.00;0.01;0.05;-0.02;0.35;-2.75;0.00;-0.00;0.37;0.012;-100.00;-100.00;-0.52;-1.92
1595875547.789;3227;0.32;-2.75;358.51;0.73;-2.70;24.90;0.79;0.50;90;1;1;7;-0.01;0.50;0.49;0.00;0.00;-0.00;0.03;0.02;0.35;-2.75;0.00;-0.00;0.37;0.010;-100.00;-100.00;-0.52;-1.92
1595875547.888;3237;0.37;-2.76;358.68;0.73;-2.70;24.90;0.79;0.50;90;1;1;7;0.09;0.49;0.49;0.00;0.00;-0.00;-0.02;0.02;0.36;-2.75;0.02;0.03;0.37;0.009;-100.00;-100.00;-0.52;-1.92
1595875547.989;3247;0.41;-2.76;358.80;0.73;-2.70;24.90;0.79;0.50;90;1;1;7;0.20;0.49;0.49;0.00;0.00;0.02;0.02;0.05;0.41;-2.75;0.40;0.13;0.39;0.009;-100.00;-100.00;-0.52;-1.92
1595875548.088;3257;0.46;-2.76;359.40;0.73;-2.70;24.90;0.79;0.50;90;1;1;7;0.32;0.49;0.49;0.00;0.00;0.02;0.01;0.14;0.45;-2.75;1.33;0.22;0.40;0.009;-100.00;-100.00;-0.52;-1.92
1595875548.189;3267;0.50;-2.76;361.55;0.73;-2.70;24.90;0.79;0.50;90;1;1;7;0.39;0.49;0.49;0.00;0.00;0.03;0.01;0.34;0.49;-2.75;2.95;0.32;0.42;0.010;-100.00;-100.00;-0.52;-1.92
1595875548.289;3277;0.55;-2.76;364.31;0.73;-2.70;24.90;0.79;0.50;90;1;1;7;0.47;0.48;0.49;0.00;0.00;0.02;0.02;0.50;0.54;-2.75;5.36;0.41;0.44;0.010;-100.00;-100.00;-0.52;-1.92
1595875548.390;3287;0.59;-2.76;368.10;0.73;-2.70;24.90;0.79;0.50;90;1;1;7;0.54;0.48;0.37;0.00;0.00;-0.01;0.04;0.68;0.59;-2.74;8.71;0.51;0.45;0.010;-100.00;-100.00;-0.52;-1.92
1595875548.489;3297;0.63;-2.76;372.39;0.73;-2.70;24.90;0.79;0.50;90;1;1;7;0.57;0.48;0.48;0.00;0.00;0.02;0.01;0.81;0.62;-2.73;11.51;0.57;0.46;0.009;-100.00;-100.00;-0.52;-1.92
1595875548.588;3307;0.68;-2.75;378.29;0.97;-2.34;86.23;0.79;0.50;90;2;1;7;0.63;0.48;0.60;0.00;0.00;0.01;0.01;0.93;0.67;-2.72;16.67;0.67;0.48;0.009;-100.00;-100.00;-0.52;-1.92
1595875548.687;3317;0.72;-2.74;384.13;0.97;-2.34;86.23;0.79;0.50;90;2;1;7;0.56;0.48;0.48;0.00;0.00;-0.02;0.03;1.01;0.70;-2.71;20.80;0.73;0.49;0.007;-100.00;-100.00;-0.52;-1.92
1595875548.786;3327;0.75;-2.72;389.69;0.97;-2.34;86.23;0.79;0.50;90;2;1;7;0.59;0.48;0.48;0.00;0.00;0.00;-0.01;1.02;0.74;-2.69;25.52;0.79;0.50;0.007;-100.00;-100.00;-0.52;-1.92
1595875548.890;3337;0.79;-2.70;394.84;0.97;-2.34;86.23;0.79;0.50;90;2;1;7;0.60;0.48;0.48;0.00;0.00;0.02;0.01;0.96;0.77;-2.68;30.48;0.79;0.50;0.011;-100.00;-100.00;-0.52;-1.92
1595875548.986;3347;0.82;-2.68;400.82;0.97;-2.34;86.23;0.79;0.50;90;2;1;7;0.57;0.47;0.47;0.00;0.00;0.03;-0.00;0.97;0.80;-2.66;35.43;0.79;0.50;0.006;-100.00;-100.00;-0.52;-1.92
1595875549.086;3357;0.85;-2.65;406.68;0.97;-2.34;86.23;0.79;0.50;90;2;1;7;0.55;0.47;0.47;0.00;0.00;0.03;0.02;0.96;0.83;-2.64;40.39;0.79;0.50;0.006;-100.00;-100.00;-0.52;-1.92
1595875549.185;3367;0.89;-2.62;411.98;0.97;-2.34;86.23;0.79;0.50;90;2;1;7;0.61;0.47;0.47;0.00;0.00;0.00;0.03;0.91;0.87;-2.60;47.82;0.79;0.50;0.006;-100.00;-100.00;-0.52;-1.92
1595875549.286;3377;0.91;-2.59;417.26;0.97;-2.34;86.23;0.79;0.50;90;2;1;7;0.62;0.47;0.47;0.00;0.00;0.01;0.02;0.95;0.89;-2.57;52.78;0.79;0.50;0.006;-100.00;-100.00;-0.52;-1.92
1595875549.386;3387;0.94;-2.55;423.23;0.97;-2.34;86.23;0.79;0.50;90;2;1;7;0.59;0.46;0.47;0.00;0.00;0.01;-0.00;0.99;0.91;-2.54;57.73;0.79;0.50;0.006;-100.00;-100.00;-0.52;-1.92
1595875549.485;3397;0.95;-2.52;428.78;0.97;-2.34;86.23;0.79;0.50;90;2;1;7;0.57;0.46;0.35;0.00;0.00;-0.03;0.03;0.97;0.93;-2.51;62.69;0.79;0.50;0.006;-100.00;-100.00;-0.52;-1.92
1595875549.586;3407;0.97;-2.48;434.10;0.97;-2.34;86.23;0.79;0.50;90;2;1;7;0.56;0.45;0.46;0.00;0.00;-0.00;-0.02;0.92;0.94;-2.47;67.64;0.79;0.50;0.006;-100.00;-100.00;-0.52;-1.92
1595875549.685;3417;0.97;-2.44;439.14;0.97;-2.34;86.23;0.79;0.50;90;2;1;7;0.56;0.45;0.46;0.00;0.00;0.02;-0.01;0.88;0.96;-2.44;72.60;0.79;0.50;0.006;-100.00;-100.00;-0.52;-1.92
1595875549.786;3427;0.98;-2.40;444.12;0.79;-1.96;144.20;0.73;0.50;90;3;1;7;0.56;0.44;0.45;0.00;0.00;0.01;-0.01;0.87;0.97;-2.41;77.56;0.79;0.50;0.006;-100.00;-100.00;-0.52;-1.92
1595875549.883;3437;0.98;-2.37;448.98;0.79;-1.96;144.20;0.73;0.50;90;3;1;7;0.51;0.44;0.56;0.00;0.00;0.03;-0.02;0.86;0.97;-2.37;82.51;0.79;0.50;0.003;-100.00;-100.00;-0.52;-1.92
1595875549.983;3447;0.98;-2.33;453.89;0.79;-1.96;144.20;0.73;0.50;90;3;1;7;0.53;0.43;0.44;0.00;0.00;-0.01;0.04;0.79;0.97;-2.33;87.47;0.78;0.50;0.003;-100.00;-100.00;-0.52;-1.92
1595875550.083;3457;0.98;-2.29;458.10;0.79;-1.96;144.20;0.73;0.50;90;3;1;7;0.57;0.43;0.44;0.00;0.00;0.02;0.01;0.79;0.97;-2.30;92.39;0.78;0.50;0.003;-100.00;-100.00;-0.52;-1.92
1595875550.183;3467;0.98;-2.25;462.53;0.79;-1.96;144.20;0.73;0.50;90;3;1;7;0.58;0.43;0.43;0.00;0.00;0.01;0.02;0.80;0.97;-2.26;97.26;0.78;0.50;0.003;-100.00;-100.00;-0.52;-1.92
1595875550.285;3477;0.97;-2.21;467.64;0.79;-1.96;144.20;0.73;0.50;90;3;1;7;0.62;0.43;0.43;0.00;0.00;-0.01;-0.00;0.84;0.96;-2.21;104.50;0.77;0.50;0.006;-100.00;-100.00;-0.52;-1.92
1595875550.386;3487;0.95;-2.18;472.62;0.79;-1.96;144.20;0.73;0.50;90;3;1;7;0.61;0.43;0.42;0.00;0.00;0.00;0.03;0.90;0.95;-2.17;109.26;0.76;0.50;0.006;-100.00;-100.00;-0.52;-1.92
1595875550.486;3497;0.94;-2.14;477.75;0.79;-1.96;144.20;0.73;0.50;90;3;1;7;0.59;0.43;0.42;0.00;0.00;0.02;-0.03;0.92;0.94;-2.14;113.98;0.76;0.50;0.006;-100.00;-100.00;-0.52;-1.92
1595875550.586;3507;0.92;-2.11;483.10;0.79;-1.96;144.20;0.73;0.50;90;3;1;7;0.55;0.43;0.42;0.00;0.00;0.02;0.00;0.89;0.92;-2.11;118.66;0.75;0.50;0.006;-100.00;-100.00;-0.52;-1.92
1595875550.686;3517;0.90;-2.08;487.78;0.79;-1.96;144.20;0.73;0.50;90;3;1;7;0.54;0.42;0.53;0.00;0.00;0.02;0.01;0.82;0.90;-2.08;123.30;0.75;0.50;0.006;-100.00;-100.00;-0.52;-1.92
1595875550.794;3528;0.87;-2.05;493.14;0.79;-1.96;144.20;0.73;0.50;90;3;1;7;0.51;0.42;0.42;0.00;0.00;0.04;0.00;0.79;0.88;-2.05;127.90;0.75;0.50;0.014;-100.00;-100.00;-0.52;-1.92
1595875550.886;3537;0.85;-2.03;497.05;0.79;-1.96;144.20;0.73;0.50;90;3;1;7;0.52;0.42;0.42;0.00;0.00;0.01;0.03;0.74;0.86;-2.02;132.45;0.74;0.50;0.006;-100.00;-100.00;-0.52;-1.92
1595875550.985;3547;0.82;-2.00;501.13;0.79;-1.96;144.20;0.73;0.50;90;3;1;7;0.54;0.42;0.31;0.00;0.00;0.02;-0.02;0.74;0.83;-1.99;136.96;0.74;0.50;0.006;-100.00;-100.00;-0.52;-1.92
1595875551.085;3557;0.79;-1.98;505.93;0.79;-1.96;144.20;0.73;0.50;90;3;1;7;0.51;0.42;0.31;0.00;0.00;0.02;0.01;0.75;0.80;-1.97;141.43;0.73;0.50;0.006;-100.00;-100.00;-0.52;-1.92
1595875551.186;3567;0.77;-1.96;509.83;0.79;-1.96;144.20;0.73;0.50;90;3;1;7;0.52;0.42;0.42;0.00;0.00;0.03;-0.03;0.73;0.78;-1.95;145.84;0.72;0.50;0.006;-100.00;-100.00;-0.52;-1.92
1595875551.286;3577;0.74;-1.94;513.91;0.79;-1.96;144.20;0.73;0.50;90;3;1;7;0.48;0.42;0.52;0.00;0.00;-0.00;0.00;0.72;0.75;-1.93;150.01;0.68;0.50;0.006;-100.00;-100.00;-0.52;-1.92
1595875551.386;3587;0.70;-1.92;518.19;0.79;-1.96;144.20;0.73;0.50;90;3;1;7;0.43;0.42;0.31;0.00;0.00;0.01;-0.00;0.72;0.71;-1.91;153.90;0.65;0.50;0.006;-100.00;-100.00;-0.52;-1.92
1595875551.494;3598;0.67;-1.90;522.59;0.79;-1.96;144.20;0.73;0.50;90;3;1;7;0.38;0.41;0.41;0.00;0.00;0.01;-0.00;0.61;0.68;-1.90;157.52;0.61;0.50;0.014;-100.00;-100.00;-0.52;-1.92
1595875551.586;3607;0.64;-1.89;525.53;0.79;-1.96;144.20;0.73;0.50;90;3;1;7;0.35;0.41;0.51;0.00;0.00;0.02;0.03;0.56;0.65;-1.88;160.88;0.58;0.50;0.006;-100.00;-100.00;-0.52;-1.92
1595875551.696;3618;0.60;-1.88;528.25;0.35;-1.85;180.00;0.00;-0.50;1024;0;1;2;0.33;0.41;0.31;0.00;0.00;0.01;0.00;0.47;0.61;-1.87;163.98;0.54;0.50;0.010;-100.00;-100.00;-0.52;-1.92
1595875551.806;3629;0.56;-1.87;531.01;0.65;-1.85;180.00;0.00;-0.50;490;0;1;2;-0.53;0.37;0.41;0.00;0.00;0.03;-0.01;0.42;0.57;-1.85;180.00;0.00;-0.50;0.018;-100.00;-100.00;-0.52;-1.92
1595875551.886;3637;0.53;-1.87;532.47;0.75;-1.85;180.00;0.00;-0.50;490;1;1;2;-0.42;0.31;0.41;0.00;0.00;0.01;0.06;0.15;0.65;-1.85;180.00;0.00;-0.50;0.006;-100.00;-100.00;-0.52;-1.92
1595875551.984;3647;0.49;-1.87;528.81;0.75;-1.85;180.00;0.00;-0.50;490;1;1;2;-0.59;0.26;0.40;0.00;0.00;-0.00;0.02;-0.40;0.65;-1.85;180.00;0.00;-0.50;0.005;-100.00;-100.00;-0.52;-1.92
1595875552.084;3657;0.47;-1.86;527.14;0.75;-1.85;180.00;0.00;-0.50;490;1;1;2;-0.66;0.20;0.35;0.00;0.00;-0.00;0.02;-0.43;0.65;-1.85;180.00;0.00;-0.50;0.005;-100.00;-100.00;-0.52;-1.92
1595875552.184;3667;0.44;-1.86;524.30;0.75;-1.85;180.00;0.00;-0.50;490;1;1;2;-0.79;0.14;0.29;0.00;0.00;-0.02;0.03;-0.43;0.65;-1.85;180.00;0.00;-0.50;0.005;-100.00;-100.00;-0.52;-1.92
1595875552.284;3677;0.42;-1.85;522.11;0.75;-1.85;180.00;0.00;-0.50;490;1;1;2;-0.79;0.08;0.17;0.00;0.00;-0.01;0.02;-0.41;0.65;-1.85;180.00;0.00;-0.50;0.005;-100.00;-100.00;-0.52;-1.92
1595875552.384;3687;0.41;-1.85;519.64;0.75;-1.85;180.00;0.00;-0.50;490;1;1;2;-0.79;0.03;0.18;0.00;0.00;-0.01;0.03;-0.28;0.65;-1.85;180.00;0.00;-0.50;0.004;-100.00;-100.00;-0.52;-1.92
1595875552.484;3697;0.41;-1.85;518.81;0.75;-1.85;180.00;0.00;-0.50;490;1;1;2;-0.79;-0.02;0.12;0.00;0.00;0.00;0.03;-0.10;0.65;-1.85;180.00;0.00;-0.50;0.005;-100.00;-100.00;-0.52;-1.92
1595875552.584;3707;0.40;-1.85;518.84;0.75;-1.85;180.00;0.00;-0.50;490;1;1;2;-0.79;-0.08;0.05;0.00;0.00;0.00;0.01;0.02;0.65;-1.85;180.00;0.00;-0.50;0.004;-100.00;-100.00;-0.52;-1.92
1595875552.684;3717;0.41;-1.85;519.72;0.75;-1.85;180.00;0.00;-0.50;490;1;1;2;-0.79;-0.12;0.01;0.00;0.00;0.00;0.02;0.11;0.65;-1.85;180.00;0.00;-0.50;0.005;-100.00;-100.00;-0.52;-1.92
1595875552.784;3727;0.41;-1.85;521.30;0.75;-1.85;180.00;0.00;-0.50;490;1;1;2;-0.79;-0.17;-0.03;0.00;0.00;0.01;0.03;0.26;0.65;-1.85;180.00;0.00;-0.50;0.005;-100.00;-100.00;-0.52;-1.92
1595875552.884;3737;0.42;-1.85;523.67;0.75;-1.85;180.00;0.00;-0.50;490;1;1;2;-0.79;-0.21;-0.08;0.00;0.00;0.02;0.02;0.40;0.65;-1.85;180.00;0.00;-0.50;0.005;-100.00;-100.00;-0.52;-1.92
1595875552.984;3747;0.44;-1.86;526.58;0.75;-1.85;180.00;0.00;-0.50;490;1;1;2;-0.68;-0.25;-0.14;0.00;0.00;0.03;0.01;0.52;0.65;-1.85;180.00;0.00;-0.50;0.005;-100.00;-100.00;-0.52;-1.92
1595875553.084;3757;0.46;-1.86;530.00;0.75;-1.85;180.00;0.00;-0.50;490;1;1;2;-0.52;-0.28;-0.17;0.00;0.00;0.01;0.02;0.59;0.65;-1.85;180.00;0.00;-0.50;0.005;-100.00;-100.00;-0.52;-1.92
1595875553.184;3767;0.48;-1.87;533.55;0.75;-1.85;180.00;0.00;-0.50;490;1;1;2;-0.36;-0.31;-0.21;0.00;0.00;0.01;0.04;0.54;0.65;-1.85;180.00;0.00;-0.50;0.005;-100.00;-100.00;-0.52;-1.92
1595875553.284;3777;0.50;-1.87;536.23;0.75;-1.85;180.00;0.00;-0.50;490;1;1;2;-0.23;-0.34;-0.25;0.00;0.00;0.01;-0.02;0.42;0.65;-1.85;180.00;0.00;-0.50;0.005;-100.00;-100.00;-0.52;-1.92
1595875553.384;3787;0.53;-1.87;537.68;0.75;-1.85;180.00;0.00;-0.50;490;1;1;2;-0.16;-0.36;-0.34;0.00;0.00;0.01;0.01;0.27;0.65;-1.85;180.00;0.00;-0.50;0.005;-100.00;-100.00;-0.52;-1.92
1595875553.484;3797;0.56;-1.87;538.90;0.75;-1.85;180.00;0.00;-0.50;490;1;1;2;-0.10;-0.38;-0.30;0.00;0.00;-0.00;-0.01;0.19;0.65;-1.85;180.00;0.00;-0.50;0.004;-100.00;-100.00;-0.52;-1.92
1595875553.585;3807;0.60;-1.87;539.46;0.84;-1.85;180.00;0.00;-0.50;490;2;1;2;-0.08;-0.39;-0.33;0.00;0.00;0.01;-0.00;0.14;0.65;-1.85;180.00;0.00;-0.50;0.006;-100.00;-100.00;-0.52;-1.92
1595875553.683;3817;0.63;-1.87;540.06;0.84;-1.85;180.00;0.00;-0.50;490;2;1;2;-0.05;-0.40;-0.44;0.00;0.00;-0.02;0.01;0.09;0.65;-1.85;180.00;0.00;-0.50;0.004;-100.00;-100.00;-0.52;-1.92
1595875553.789;3827;0.66;-1.87;540.47;0.84;-1.85;180.00;0.00;-0.50;490;2;1;2;-0.03;-0.40;-0.36;0.00;0.00;-0.02;0.02;0.06;0.66;-1.85;180.00;0.00;-0.50;0.010;-100.00;-100.00;-0.52;-1.92
1595875553.897;3838;0.70;-1.87;540.72;0.95;-1.85;180.00;-0.00;0.50;462;0;1;0;-0.02;-0.41;-0.37;0.00;0.00;0.00;0.02;0.03;0.69;-1.85;180.00;0.00;-0.50;0.013;-100.00;-100.00;-0.52;-1.92
