t;frame;x;y;z;x_ref;y_ref;z_ref;delta_ref;u_ref;state;ellipse;control;action;delta;u;vx;vy;vz;wx;wy;wz;xr;yr;zr;delr;ur
1578084338.880;8;0.75;-2.13;93.32;0.69;-1.96;90.00;0.00;1.00;0;1;0;0;-0.01;0.01;0.00;0.00;0.00;-0.00;0.01;0.00;0.69;-2.03;90.00;0.00;0.07
1578084338.979;20;0.75;-2.13;93.33;0.69;-1.96;90.00;0.00;1.00;0;1;0;0;-0.01;0.03;0.00;0.00;0.00;-0.00;0.00;0.00;0.69;-2.03;90.00;0.00;0.07
1578084339.080;32;0.75;-2.13;93.32;0.69;-1.96;90.00;0.00;1.00;0;1;0;0;-0.01;0.04;0.00;0.00;0.00;-0.00;0.00;0.00;0.69;-2.03;90.00;0.00;0.07
1578084339.179;44;0.75;-2.12;93.26;0.69;-1.96;90.00;0.00;1.00;0;1;0;0;-0.00;0.05;0.01;0.00;0.00;-0.00;0.01;-0.02;0.69;-2.03;90.00;0.00;0.07
1578084339.279;56;0.75;-2.12;93.21;0.69;-1.96;90.00;0.00;1.00;0;1;0;0;-0.00;0.06;0.02;0.00;0.00;-0.00;0.01;-0.00;0.69;-2.03;90.00;0.00;0.07
1578084339.379;68;0.75;-2.12;93.19;0.69;-1.96;90.00;0.00;1.00;0;1;0;0;0.00;0.07;0.04;0.00;0.00;-0.00;0.00;-0.00;0.69;-2.03;90.00;0.00;0.07
1578084339.479;80;0.75;-2.11;93.20;0.69;-1.96;90.00;0.00;1.00;0;1;0;0;0.00;0.08;0.05;0.00;0.00;-0.00;0.00;-0.00;0.69;-2.03;90.00;0.00;0.07
1578084339.579;92;0.75;-2.11;93.09;0.69;-1.96;90.00;0.00;1.00;0;1;0;0;0.01;0.09;0.05;0.00;0.00;-0.00;0.01;-0.01;0.69;-2.03;90.00;0.00;0.07
1578084339.679;104;0.75;-2.10;93.08;0.69;-1.96;90.00;0.00;1.00;0;1;0;0;0.01;0.10;0.07;0.00;0.00;-0.00;0.01;-0.01;0.69;-2.03;90.00;0.00;0.07
1578084339.779;116;0.75;-2.09;93.09;0.69;-1.96;90.00;0.00;1.00;0;1;0;0;0.01;0.10;0.08;0.00;0.00;-0.00;0.00;-0.01;0.69;-2.03;90.00;0.00;0.07
1578084339.879;128;0.75;-2.09;92.96;0.69;-1.96;90.00;0.00;1.00;0;1;0;0;0.02;0.11;0.08;0.00;0.00;-0.00;0.00;-0.00;0.69;-2.03;90.00;0.00;0.07
1578084339.979;140;0.75;-2.08;93.00;0.69;-1.96;90.00;0.00;1.00;0;1;0;0;0.02;0.11;0.09;0.00;0.00;-0.00;0.00;-0.01;0.69;-2.03;90.00;0.00;0.07
1578084340.079;152;0.76;-2.07;92.87;0.69;-1.96;90.00;0.00;1.00;0;1;0;0;0.03;0.11;0.09;0.00;0.00;-0.00;0.00;-0.01;0.69;-2.03;90.00;0.00;0.07
1578084340.179;164;0.76;-2.06;92.81;0.69;-1.96;90.00;0.00;1.00;0;1;0;0;0.03;0.12;0.10;0.00;0.00;-0.00;0.00;-0.01;0.69;-2.03;90.00;0.00;0.07
1578084340.280;176;0.76;-2.05;92.84;0.69;-1.80;90.00;0.00;1.00;0;2;0;0;0.03;0.12;0.10;0.00;0.00;-0.00;0.00;-0.00;0.69;-2.03;90.00;0.00;0.07
1578084340.379;188;0.76;-2.04;92.72;0.69;-1.80;90.00;0.00;1.00;0;2;0;0;0.04;0.12;0.10;0.00;0.00;-0.01;0.00;-0.01;0.69;-2.03;90.00;0.00;0.07
1578084340.479;200;0.76;-2.03;92.71;0.69;-1.80;90.00;0.00;1.00;0;2;0;0;0.04;0.11;0.11;0.00;0.00;-0.00;0.01;-0.01;0.69;-2.03;90.00;0.00;0.07
1578084340.579;212;0.76;-2.03;92.76;0.69;-1.80;90.00;0.00;1.00;0;2;0;0;0.04;0.12;0.13;0.00;0.00;-0.00;0.00;-0.00;0.69;-2.03;90.00;0.00;0.28
1578084340.679;224;0.76;-2.02;92.69;0.69;-1.80;90.00;0.00;1.00;0;2;0;0;0.05;0.14;0.10;0.00;0.00;-0.00;0.00;-0.00;0.69;-2.02;90.00;0.00;0.42
1578084340.779;236;0.76;-2.01;92.69;0.69;-1.80;90.00;0.00;1.00;0;2;0;0;0.05;0.16;0.11;0.00;0.00;-0.00;-0.00;-0.00;0.69;-2.01;90.00;0.00;0.57
1578084340.879;248;0.76;-2.00;92.69;0.69;-1.80;90.00;0.00;1.00;0;2;0;0;0.05;0.18;0.12;0.00;0.00;-0.00;0.01;-0.01;0.69;-1.99;90.00;0.00;0.71
1578084340.979;260;0.76;-1.98;92.65;0.69;-1.80;90.00;0.00;1.00;0;2;0;0;0.06;0.21;0.14;0.00;0.00;-0.01;-0.01;-0.01;0.69;-1.99;90.00;0.00;0.78
1578084341.079;272;0.76;-1.97;92.76;0.69;-1.80;90.00;0.00;1.00;0;2;0;0;0.05;0.24;0.15;0.00;0.00;-0.00;0.00;0.01;0.69;-1.97;90.00;0.00;0.92
1578084341.179;284;0.77;-1.95;92.84;0.69;-1.80;90.00;0.00;1.00;0;2;0;0;0.06;0.28;0.18;0.00;0.00;-0.00;-0.01;0.01;0.69;-1.95;90.00;0.00;1.00
1578084341.279;296;0.77;-1.93;92.83;0.69;-1.80;90.00;0.00;1.00;0;2;0;0;0.06;0.30;0.22;0.00;0.00;-0.00;0.01;0.01;0.69;-1.93;90.00;0.00;1.00
1578084341.379;308;0.77;-1.90;92.90;0.69;-1.80;90.00;0.00;1.00;0;2;0;0;0.06;0.30;0.25;0.00;0.00;-0.00;0.01;0.02;0.69;-1.90;90.00;0.00;1.00
1578084341.479;320;0.77;-1.88;92.90;0.69;-1.65;90.00;0.00;1.00;0;3;0;0;0.07;0.30;0.28;0.00;0.00;0.00;-0.00;0.01;0.69;-1.87;90.00;0.00;1.00
1578084341.579;332;0.78;-1.85;92.97;0.69;-1.65;90.00;0.00;1.00;0;3;0;0;0.07;0.30;0.29;0.00;0.00;0.01;0.01;0.01;0.69;-1.85;90.00;0.00;1.00
1578084341.679;344;0.78;-1.83;93.02;0.69;-1.65;90.00;0.00;1.00;0;3;0;0;0.07;0.30;0.29;0.00;0.00;-0.01;-0.01;0.01;0.69;-1.83;90.00;0.00;1.00
1578084341.779;356;0.78;-1.80;93.20;0.69;-1.65;90.00;0.00;1.00;0;3;0;0;0.07;0.30;0.29;0.00;0.00;0.01;0.02;0.03;0.69;-1.80;90.00;0.00;1.00
1578084341.879;368;0.78;-1.78;93.31;0.69;-1.65;90.00;0.00;1.00;0;3;0;0;0.07;0.30;0.29;0.00;0.00;0.00;0.02;0.02;0.69;-1.77;90.00;0.00;1.00
1578084341.979;380;0.78;-1.75;93.42;0.69;-1.65;90.00;0.00;1.00;0;3;0;0;0.07;0.30;0.29;0.00;0.00;0.01;0.01;0.03;0.69;-1.75;90.00;0.00;1.00
1578084342.079;392;0.79;-1.73;93.58;0.69;-1.65;90.00;0.00;1.00;0;3;0;0;0.07;0.30;0.29;0.00;0.00;0.00;0.01;0.02;0.69;-1.72;90.00;0.00;1.00
1578084342.179;404;0.79;-1.70;93.57;0.69;-1.50;90.00;0.00;1.00;0;4;0;0;0.07;0.30;0.29;0.00;0.00;-0.00;0.00;0.01;0.69;-1.70;90.00;0.00;1.00
1578084342.279;416;0.79;-1.67;93.64;0.69;-1.50;90.00;0.00;1.00;0;4;0;0;0.07;0.30;0.29;0.00;0.00;-0.01;0.01;0.01;0.69;-1.68;90.00;0.00;1.00
1578084342.379;428;0.79;-1.65;93.82;0.69;-1.50;90.00;0.00;1.00;0;4;0;0;0.07;0.30;0.29;0.00;0.00;-0.01;0.02;0.02;0.69;-1.65;90.00;0.00;1.00
1578084342.479;440;0.79;-1.62;93.92;0.69;-1.50;90.00;0.00;1.00;0;4;0;0;0.07;0.30;0.29;0.00;0.00;0.00;-0.00;0.03;0.69;-1.62;90.00;0.00;1.00
1578084342.579;452;0.80;-1.60;94.04;0.69;-1.50;90.00;0.00;1.00;0;4;0;0;0.07;0.30;0.29;0.00;0.00;-0.00;0.00;0.02;0.69;-1.60;90.00;0.00;1.00
1578084342.679;464;0.80;-1.57;94.17;0.69;-1.50;90.00;0.00;1.00;0;4;0;0;0.07;0.30;0.29;0.00;0.00;-0.00;-0.00;0.03;0.69;-1.57;90.00;0.00;1.00
1578084342.779;476;0.80;-1.55;94.27;0.69;-1.50;90.00;0.00;1.00;0;4;0;0;0.07;0.30;0.29;0.00;0.00;0.00;0.01;0.03;0.69;-1.55;90.00;0.00;1.00
1578084342.879;488;0.80;-1.52;94.44;0.69;-1.35;90.00;0.00;1.00;0;5;0;0;0.06;0.30;0.29;0.00;0.00;-0.00;0.00;0.02;0.69;-1.53;90.00;0.00;1.00
1578084342.979;500;0.80;-1.50;94.74;0.69;-1.35;90.00;0.00;1.00;0;5;0;0;0.05;0.30;0.29;0.00;0.00;-0.00;-0.00;0.03;0.69;-1.49;90.00;0.00;1.00
1578084343.079;512;0.80;-1.47;94.81;0.69;-1.35;90.00;0.00;1.00;0;5;0;0;0.05;0.30;0.29;0.00;0.00;-0.01;-0.00;0.02;0.69;-1.47;90.00;0.00;1.00
1578084343.179;524;0.81;-1.45;94.96;0.69;-1.35;90.00;0.00;1.00;0;5;0;0;0.05;0.30;0.29;0.00;0.00;-0.00;-0.00;0.02;0.69;-1.45;90.00;0.00;1.00
1578084343.279;536;0.81;-1.42;95.03;0.69;-1.35;90.00;0.00;1.00;0;5;0;0;0.05;0.30;0.29;0.00;0.00;-0.01;0.01;0.02;0.69;-1.42;90.00;0.00;1.00
1578084343.379;548;0.81;-1.40;95.14;0.69;-1.35;90.00;0.00;1.00;0;5;0;0;0.04;0.30;0.29;0.00;0.00;0.00;0.00;0.02;0.69;-1.40;90.00;0.00;1.00
1578084343.479;560;0.81;-1.37;95.21;0.69;-1.35;90.00;0.00;1.00;0;5;0;0;0.04;0.30;0.29;0.00;0.00;-0.01;0.01;0.02;0.69;-1.38;90.00;0.00;1.00
1578084343.579;572;0.81;-1.35;95.35;0.69;-1.35;90.00;0.00;1.00;0;5;0;0;0.04;0.30;0.29;0.00;0.00;-0.00;0.01;0.02;0.69;-1.34;90.00;0.00;1.00
1578084343.679;584;0.81;-1.32;95.43;0.69;-1.19;90.00;0.00;1.00;0;6;0;0;0.04;0.30;0.29;0.00;0.00;0.01;0.00;0.02;0.69;-1.32;90.00;0.00;1.00
1578084343.779;596;0.81;-1.30;95.49;0.69;-1.19;90.00;0.00;1.00;0;6;0;0;0.04;0.30;0.29;0.00;0.00;-0.01;-0.01;0.02;0.69;-1.30;90.00;0.00;1.00
1578084343.879;608;0.81;-1.27;95.60;0.69;-1.19;90.00;0.00;1.00;0;6;0;0;0.04;0.30;0.29;0.00;0.00;0.00;0.02;0.02;0.69;-1.27;90.00;0.00;1.00
1578084343.979;620;0.82;-1.25;95.71;0.69;-1.19;90.00;0.00;1.00;0;6;0;0;0.03;0.30;0.29;0.00;0.00;0.00;0.02;0.02;0.69;-1.25;90.00;0.00;1.00
1578084344.079;632;0.82;-1.22;95.85;0.67;-0.87;102.44;0.74;1.00;1;1;1;5;0.03;0.30;0.29;0.00;0.00;0.00;0.01;0.02;0.69;-1.21;90.00;0.00;1.00
1578084344.179;644;0.82;-1.19;95.90;0.67;-0.87;102.44;0.74;1.00;1;1;0;5;-0.37;0.30;0.29;0.00;0.00;0.01;0.02;0.01;0.69;-1.03;89.99;0.05;0.06
1578084344.279;656;0.82;-1.17;95.73;0.67;-0.87;102.44;0.74;1.00;1;1;0;5;-0.31;0.30;0.29;0.00;0.00;0.00;0.01;-0.04;0.69;-1.03;89.99;0.05;0.06
1578084344.379;668;0.82;-1.14;94.48;0.67;-0.87;102.44;0.74;1.00;1;1;0;5;-0.20;0.30;0.29;0.00;0.00;-0.01;0.01;-0.16;0.69;-1.03;89.99;0.05;0.06
1578084344.479;680;0.82;-1.12;93.66;0.67;-0.87;102.44;0.74;1.00;1;1;0;5;-0.11;0.30;0.30;0.00;0.00;-0.01;0.01;-0.13;0.69;-1.03;89.99;0.05;0.06
1578084344.579;692;0.83;-1.09;93.15;0.67;-0.87;102.44;0.74;1.00;1;1;0;5;-0.04;0.30;0.30;0.00;0.00;0.00;-0.01;-0.08;0.69;-1.03;89.99;0.05;0.06
1578084344.679;704;0.83;-1.07;92.92;0.67;-0.87;102.44;0.74;1.00;1;1;0;5;0.03;0.29;0.30;0.00;0.00;-0.00;-0.00;-0.03;0.69;-1.03;89.99;0.05;0.06
1578084344.779;716;0.83;-1.04;92.87;0.67;-0.87;102.44;0.74;1.00;1;1;0;5;0.16;0.29;0.29;0.00;0.00;-0.00;0.01;-0.01;0.69;-1.03;89.99;0.14;0.18
1578084344.879;728;0.83;-1.02;92.97;0.67;-0.87;102.44;0.74;1.00;1;1;0;5;0.30;0.29;0.29;0.00;0.00;-0.00;0.00;0.02;0.69;-1.01;90.23;0.25;0.33
1578084344.979;740;0.84;-0.99;93.52;0.67;-0.87;102.44;0.74;1.00;1;1;0;5;0.44;0.30;0.28;0.00;0.00;-0.00;-0.00;0.08;0.69;-0.99;91.04;0.36;0.48
1578084345.079;752;0.84;-0.97;94.64;0.67;-0.87;102.44;0.74;1.00;1;1;0;5;0.55;0.30;0.29;0.00;0.00;0.00;-0.02;0.20;0.69;-0.97;92.32;0.45;0.61
1578084345.179;764;0.84;-0.94;96.38;0.67;-0.87;102.44;0.74;1.00;1;1;0;5;0.62;0.30;0.29;0.00;0.00;-0.01;0.01;0.32;0.69;-0.95;93.76;0.52;0.70
1578084345.279;776;0.84;-0.92;98.50;0.67;-0.87;102.44;0.74;1.00;1;1;0;5;0.69;0.30;0.30;0.00;0.00;0.00;0.01;0.37;0.68;-0.93;95.68;0.59;0.79
1578084345.379;788;0.84;-0.89;100.96;0.50;-0.61;144.94;0.80;1.00;1;2;0;5;0.72;0.30;0.30;0.00;0.00;-0.00;0.02;0.46;0.68;-0.92;97.26;0.63;0.85
1578084345.479;800;0.84;-0.87;104.23;0.50;-0.61;144.94;0.80;1.00;1;2;0;5;0.50;0.30;0.30;0.00;0.00;-0.01;-0.00;0.52;0.68;-0.90;99.11;0.68;0.91
1578084345.579;812;0.83;-0.84;106.57;0.50;-0.61;144.94;0.80;1.00;1;2;0;5;0.61;0.30;0.30;0.00;0.00;0.00;-0.01;0.43;0.67;-0.87;102.44;0.74;1.00
1578084345.679;824;0.83;-0.82;108.64;0.50;-0.61;144.94;0.80;1.00;1;2;0;5;0.65;0.30;0.30;0.00;0.00;-0.00;0.00;0.40;0.67;-0.85;104.89;0.75;1.00
1578084345.779;836;0.82;-0.79;111.11;0.50;-0.61;144.94;0.80;1.00;1;2;0;5;0.67;0.30;0.30;0.00;0.00;0.00;0.01;0.44;0.66;-0.84;107.36;0.75;1.00
1578084345.879;848;0.82;-0.77;113.90;0.50;-0.61;144.94;0.80;1.00;1;2;0;5;0.64;0.30;0.30;0.00;0.00;0.01;-0.01;0.47;0.66;-0.83;108.60;0.75;1.00
1578084345.979;860;0.81;-0.74;116.77;0.50;-0.61;144.94;0.80;1.00;1;2;0;5;0.65;0.30;0.30;0.00;0.00;0.00;0.02;0.46;0.65;-0.81;111.09;0.76;1.00
1578084346.079;872;0.80;-0.72;119.36;0.50;-0.61;144.94;0.80;1.00;1;2;0;5;0.66;0.30;0.30;0.00;0.00;-0.01;0.03;0.46;0.65;-0.79;113.60;0.76;1.00
1578084346.179;884;0.79;-0.70;122.13;0.50;-0.61;144.94;0.80;1.00;1;2;0;5;0.67;0.30;0.29;0.00;0.00;-0.00;-0.01;0.47;0.64;-0.77;116.13;0.76;1.00
1578084346.279;896;0.77;-0.67;124.69;0.50;-0.61;144.94;0.80;1.00;1;2;0;5;0.69;0.30;0.30;0.00;0.00;-0.00;-0.00;0.48;0.63;-0.76;118.67;0.76;1.00
1578084346.379;908;0.76;-0.65;127.56;0.50;-0.61;144.94;0.80;1.00;1;2;0;5;0.70;0.30;0.30;0.00;0.00;-0.01;0.01;0.50;0.62;-0.74;121.22;0.77;1.00
1578084346.479;920;0.74;-0.63;130.94;0.50;-0.61;144.94;0.80;1.00;1;2;0;5;0.68;0.30;0.30;0.00;0.00;-0.01;0.01;0.51;0.61;-0.72;123.79;0.77;1.00
1578084346.579;932;0.73;-0.61;133.90;0.50;-0.61;144.94;0.80;1.00;1;2;0;5;0.68;0.30;0.30;0.00;0.00;-0.01;-0.00;0.50;0.60;-0.71;126.38;0.77;1.00
1578084346.679;944;0.71;-0.59;136.71;0.50;-0.61;144.94;0.80;1.00;1;2;0;5;0.69;0.30;0.30;0.00;0.00;-0.00;0.00;0.49;0.59;-0.69;128.98;0.78;1.00
1578084346.779;956;0.70;-0.57;139.32;0.50;-0.61;144.94;0.80;1.00;1;2;0;5;0.70;0.30;0.29;0.00;0.00;-0.00;-0.00;0.50;0.57;-0.68;131.60;0.78;1.00
1578084346.879;968;0.68;-0.55;142.28;0.50;-0.61;144.94;0.80;1.00;1;2;0;5;0.70;0.30;0.29;0.00;0.00;-0.01;0.00;0.50;0.56;-0.66;134.24;0.78;1.00
1578084346.979;980;0.66;-0.54;145.16;0.50;-0.61;144.94;0.80;1.00;1;2;0;5;0.70;0.30;0.30;0.00;0.00;0.00;0.00;0.51;0.55;-0.65;136.89;0.79;1.00
1578084347.079;992;0.64;-0.52;148.05;0.50;-0.61;144.94;0.80;1.00;1;2;0;5;0.66;0.30;0.30;0.00;0.00;0.00;0.01;0.52;0.54;-0.64;138.22;0.79;1.00
1578084347.179;1004;0.62;-0.50;151.05;0.50;-0.61;144.94;0.80;1.00;1;2;0;5;0.66;0.30;0.30;0.00;0.00;0.01;0.01;0.50;0.52;-0.63;140.89;0.79;1.00
1578084347.279;1016;0.60;-0.49;153.87;0.50;-0.61;144.94;0.80;1.00;1;2;0;5;0.67;0.30;0.30;0.00;0.00;0.00;0.01;0.48;0.51;-0.62;143.59;0.79;1.00
1578084347.379;1028;0.57;-0.48;156.59;0.50;-0.61;144.94;0.80;1.00;1;2;0;5;0.67;0.30;0.30;0.00;0.00;0.00;0.01;0.48;0.49;-0.61;146.28;0.79;1.00
1578084347.479;1040;0.55;-0.47;159.16;0.50;-0.61;144.94;0.80;1.00;1;2;0;5;0.66;0.30;0.30;0.00;0.00;-0.01;0.01;0.47;0.48;-0.59;148.91;0.77;1.00
1578084347.579;1052;0.53;-0.45;161.79;0.50;-0.61;144.94;0.80;1.00;1;2;0;5;0.64;0.30;0.30;0.00;0.00;-0.01;0.00;0.46;0.46;-0.59;151.45;0.75;1.00
1578084347.679;1064;0.50;-0.45;164.35;0.50;-0.61;144.94;0.80;1.00;1;2;0;5;0.63;0.30;0.30;0.00;0.00;-0.01;0.01;0.45;0.44;-0.58;153.91;0.74;1.00
1578084347.779;1076;0.48;-0.44;167.09;0.50;-0.61;144.94;0.80;1.00;1;2;0;5;0.59;0.30;0.30;0.00;0.00;-0.02;0.01;0.44;0.42;-0.57;156.30;0.72;1.00
1578084347.879;1088;0.45;-0.43;169.66;0.20;-0.52;179.43;0.53;1.00;1;3;0;5;0.60;0.30;0.30;0.00;0.00;-0.01;0.01;0.43;0.40;-0.56;159.73;0.70;1.00
1578084347.979;1100;0.43;-0.42;171.64;0.20;-0.52;179.43;0.53;1.00;1;3;0;5;0.50;0.30;0.30;0.00;0.00;-0.01;-0.01;0.42;0.38;-0.55;161.92;0.68;1.00
1578084348.079;1112;0.40;-0.42;174.12;0.20;-0.52;179.43;0.53;1.00;1;3;0;5;0.47;0.30;0.30;0.00;0.00;-0.00;-0.00;0.36;0.36;-0.55;164.05;0.67;1.00
1578084348.179;1124;0.37;-0.41;175.99;0.20;-0.52;179.43;0.53;1.00;1;3;0;5;0.47;0.30;0.30;0.00;0.00;-0.01;0.00;0.32;0.34;-0.54;166.10;0.65;1.00
1578084348.279;1136;0.35;-0.41;177.82;0.20;-0.52;179.43;0.53;1.00;1;3;0;5;0.46;0.30;0.30;0.00;0.00;-0.01;-0.00;0.30;0.32;-0.54;168.08;0.63;1.00
1578084348.379;1148;0.32;-0.41;179.51;0.20;-0.52;179.43;0.53;1.00;1;3;0;5;0.46;0.30;0.30;0.00;0.00;0.00;0.01;0.30;0.30;-0.53;170.00;0.62;1.00
1578084348.479;1160;0.30;-0.40;181.24;0.11;-0.53;180.00;0.00;1.00;2;1;1;0;0.45;0.30;0.30;0.00;0.00;-0.00;0.00;0.30;0.28;-0.53;171.85;0.60;1.00
1578084348.579;1172;0.27;-0.40;182.96;0.11;-0.53;180.00;0.00;1.00;2;1;0;0;0.17;0.30;0.30;0.00;0.00;-0.00;0.02;0.30;0.19;-0.53;180.00;0.00;0.07
1578084348.680;1184;0.25;-0.40;184.12;0.11;-0.53;180.00;0.00;1.00;2;1;0;0;0.12;0.30;0.30;0.00;0.00;0.00;0.00;0.21;0.19;-0.53;180.00;0.00;0.07
1578084348.779;1196;0.22;-0.40;184.44;0.11;-0.53;180.00;0.00;1.00;2;1;0;0;0.10;0.29;0.30;0.00;0.00;-0.01;0.01;0.09;0.19;-0.53;180.00;0.00;0.07
1578084348.880;1208;0.19;-0.40;184.75;0.11;-0.53;180.00;0.00;1.00;2;1;0;0;0.09;0.28;0.30;0.00;0.00;-0.00;0.01;0.07;0.19;-0.53;180.00;0.00;0.07
1578084348.979;1220;0.17;-0.40;184.99;0.11;-0.53;180.00;0.00;1.00;2;1;0;0;0.08;0.29;0.29;0.00;0.00;-0.01;0.01;0.05;0.17;-0.53;180.00;0.00;0.49
1578084349.079;1232;0.14;-0.40;185.25;0.11;-0.53;180.00;0.00;1.00;2;1;0;0;0.07;0.30;0.28;0.00;0.00;-0.01;0.02;0.05;0.14;-0.53;180.00;0.00;0.78
1578084349.179;1244;0.12;-0.40;185.50;-0.04;-0.53;180.00;0.00;1.00;2;2;0;0;0.06;0.30;0.28;0.00;0.00;0.00;-0.00;0.04;0.12;-0.53;180.00;0.00;0.92
1578084349.279;1256;0.09;-0.40;185.73;-0.04;-0.53;180.00;0.00;1.00;2;2;0;0;0.04;0.30;0.29;0.00;0.00;-0.00;0.01;0.04;0.09;-0.53;180.00;0.00;1.00
1578084349.379;1268;0.07;-0.40;185.90;-0.04;-0.53;180.00;0.00;1.00;2;2;0;0;0.04;0.30;0.29;0.00;0.00;-0.00;0.02;0.03;0.07;-0.53;180.00;0.00;1.00
1578084349.479;1280;0.04;-0.40;186.04;-0.04;-0.53;180.00;0.00;1.00;2;2;0;0;0.03;0.30;0.29;0.00;0.00;-0.01;0.00;0.03;0.04;-0.53;180.00;0.00;1.00
1578084349.579;1292;0.01;-0.40;186.21;-0.04;-0.53;180.00;0.00;1.00;2;2;0;0;0.02;0.30;0.29;0.00;0.00;-0.01;0.01;0.03;0.02;-0.53;180.00;0.00;1.00
1578084349.679;1304;-0.01;-0.40;186.24;-0.04;-0.53;180.00;0.00;1.00;2;2;0;0;0.02;0.30;0.30;0.00;0.00;-0.01;-0.00;0.02;-0.02;-0.53;180.00;0.00;1.00
1578084349.779;1316;-0.04;-0.40;186.38;-0.19;-0.53;180.00;0.00;1.00;2;3;0;0;0.02;0.30;0.30;0.00;0.00;-0.00;-0.00;0.03;-0.04;-0.53;180.00;0.00;1.00
1578084349.879;1328;-0.07;-0.40;186.50;-0.19;-0.53;180.00;0.00;1.00;2;3;0;0;0.01;0.30;0.30;0.00;0.00;-0.00;0.01;0.02;-0.06;-0.53;180.00;0.00;1.00
1578084349.979;1340;-0.09;-0.40;186.54;-0.19;-0.53;180.00;0.00;1.00;2;3;0;0;0.01;0.30;0.29;0.00;0.00;-0.00;0.00;0.02;-0.09;-0.53;180.00;0.00;1.00
1578084350.079;1352;-0.12;-0.40;186.68;-0.19;-0.53;180.00;0.00;1.00;2;3;0;0;0.00;0.30;0.29;0.00;0.00;-0.00;-0.00;0.02;-0.11;-0.53;180.00;0.00;1.00
1578084350.179;1364;-0.14;-0.40;186.83;-0.19;-0.53;180.00;0.00;1.00;2;3;0;0;-0.01;0.30;0.29;0.00;0.00;-0.00;-0.00;0.02;-0.15;-0.53;180.00;0.00;1.00
1578084350.279;1376;-0.17;-0.40;186.90;-0.19;-0.53;180.00;0.00;1.00;2;3;0;0;-0.01;0.30;0.30;0.00;0.00;-0.01;-0.00;0.02;-0.17;-0.53;180.00;0.00;1.00
1578084350.379;1388;-0.20;-0.40;187.02;-0.35;-0.53;180.00;0.00;1.00;2;4;0;0;-0.02;0.30;0.30;0.00;0.00;-0.00;-0.01;0.02;-0.20;-0.53;180.00;0.00;1.00
1578084350.479;1400;-0.22;-0.40;187.13;-0.35;-0.53;180.00;0.00;1.00;2;4;0;0;-0.02;0.30;0.30;0.00;0.00;-0.01;-0.02;0.01;-0.22;-0.53;180.00;0.00;1.00
1578084350.579;1412;-0.25;-0.40;187.11;-0.35;-0.53;180.00;0.00;1.00;2;4;0;0;-0.02;0.30;0.30;0.00;0.00;0.00;0.02;0.01;-0.24;-0.53;180.00;0.00;1.00
1578084350.679;1424;-0.27;-0.40;187.19;-0.35;-0.53;180.00;0.00;1.00;2;4;0;0;-0.03;0.30;0.30;0.00;0.00;0.01;0.01;0.01;-0.28;-0.53;180.00;0.00;1.00
1578084350.779;1436;-0.30;-0.40;187.24;-0.35;-0.53;180.00;0.00;1.00;2;4;0;0;-0.03;0.30;0.30;0.00;0.00;-0.00;-0.01;0.00;-0.30;-0.53;180.00;0.00;1.00
1578084350.879;1448;-0.32;-0.40;187.28;-0.35;-0.53;180.00;0.00;1.00;2;4;0;0;-0.03;0.30;0.30;0.00;0.00;0.00;-0.01;0.00;-0.33;-0.53;180.00;0.00;1.00
1578084350.979;1460;-0.35;-0.40;187.25;-0.50;-0.53;180.00;0.00;1.00;2;5;0;0;-0.03;0.30;0.30;0.00;0.00;-0.00;0.01;-0.00;-0.35;-0.53;180.00;0.00;1.00
1578084351.079;1472;-0.38;-0.40;187.12;-0.50;-0.53;180.00;0.00;1.00;2;5;0;0;-0.02;0.30;0.30;0.00;0.00;-0.00;0.01;-0.02;-0.37;-0.53;180.00;0.00;1.00
1578084351.179;1484;-0.40;-0.40;186.89;-0.50;-0.53;180.00;0.00;1.00;2;5;0;0;-0.01;0.30;0.30;0.00;0.00;-0.00;0.01;-0.02;-0.40;-0.53;180.00;0.00;1.00
1578084351.279;1496;-0.43;-0.40;186.82;-0.50;-0.53;180.00;0.00;1.00;2;5;0;0;-0.00;0.30;0.30;0.00;0.00;0.00;-0.01;-0.03;-0.43;-0.53;180.00;0.00;1.00
1578084351.379;1508;-0.46;-0.40;186.69;-0.50;-0.53;180.00;0.00;1.00;2;5;0;0;0.00;0.30;0.30;0.00;0.00;-0.00;0.01;-0.02;-0.46;-0.53;180.00;0.00;1.00
1578084351.479;1520;-0.48;-0.39;186.51;-0.50;-0.53;180.00;0.00;1.00;2;5;0;0;0.02;0.30;0.30;0.00;0.00;-0.01;0.00;-0.03;-0.48;-0.53;180.00;0.00;1.00
1578084351.579;1532;-0.51;-0.39;186.44;-0.50;-0.53;180.00;0.00;1.00;2;5;0;0;0.02;0.30;0.29;0.00;0.00;0.00;-0.00;-0.01;-0.51;-0.53;180.00;0.00;1.00
1578084351.679;1544;-0.54;-0.39;186.27;-0.65;-0.53;180.00;0.00;1.00;2;6;0;0;0.03;0.30;0.29;0.00;0.00;-0.01;0.02;-0.01;-0.53;-0.53;180.00;0.00;1.00
1578084351.779;1556;-0.56;-0.39;186.24;-0.65;-0.53;180.00;0.00;1.00;2;6;0;0;0.04;0.30;0.30;0.00;0.00;-0.00;0.00;-0.00;-0.57;-0.53;180.00;0.00;1.00
1578084351.879;1568;-0.59;-0.39;186.28;-0.65;-0.53;180.00;0.00;1.00;2;6;0;0;0.04;0.30;0.30;0.00;0.00;-0.00;0.01;0.00;-0.59;-0.53;180.00;0.00;1.00
1578084351.979;1580;-0.62;-0.39;186.39;-0.65;-0.53;180.00;0.00;1.00;2;6;0;0;0.03;0.30;0.30;0.00;0.00;0.00;0.00;0.02;-0.62;-0.53;180.00;0.00;1.00
1578084352.079;1592;-0.64;-0.39;186.50;-0.65;-0.53;180.00;0.00;1.00;2;6;0;0;0.03;0.30;0.30;0.00;0.00;0.01;0.01;0.02;-0.64;-0.53;180.00;0.00;1.00
1578084352.179;1604;-0.67;-0.39;186.64;-0.97;-0.52;167.56;-0.74;1.00;3;1;1;6;0.03;0.30;0.30;0.00;0.00;-0.00;0.01;0.03;-0.67;-0.53;180.00;0.00;1.00
1578084352.279;1616;-0.70;-0.39;186.75;-0.97;-0.52;167.56;-0.74;1.00;3;1;0;6;0.09;0.30;0.30;0.00;0.00;-0.00;0.00;0.02;-0.81;-0.53;180.01;-0.05;0.06
1578084352.379;1628;-0.72;-0.39;187.06;-0.97;-0.52;167.56;-0.74;1.00;3;1;0;6;0.03;0.30;0.30;0.00;0.00;-0.00;0.01;0.04;-0.81;-0.53;180.01;-0.05;0.06
1578084352.479;1640;-0.75;-0.38;187.22;-0.97;-0.52;167.56;-0.74;1.00;3;1;0;6;-0.03;0.30;0.30;0.00;0.00;0.00;0.00;0.03;-0.81;-0.53;180.01;-0.05;0.06
1578084352.579;1652;-0.77;-0.38;187.27;-0.97;-0.52;167.56;-0.74;1.00;3;1;0;6;-0.09;0.30;0.30;0.00;0.00;-0.00;-0.01;0.01;-0.81;-0.53;180.01;-0.05;0.06
1578084352.679;1664;-0.80;-0.38;187.31;-0.97;-0.52;167.56;-0.74;1.00;3;1;0;6;-0.14;0.29;0.29;0.00;0.00;0.01;0.01;0.00;-0.81;-0.53;180.01;-0.05;0.06
1578084352.779;1676;-0.83;-0.38;187.17;-0.97;-0.52;167.56;-0.74;1.00;3;1;0;6;-0.18;0.28;0.29;0.00;0.00;0.01;0.00;-0.03;-0.81;-0.53;180.01;-0.05;0.06
1578084352.879;1688;-0.85;-0.38;186.77;-0.97;-0.52;167.56;-0.74;1.00;3;1;0;6;-0.53;0.29;0.29;0.00;0.00;0.00;0.01;-0.05;-0.86;-0.53;178.70;-0.38;0.52
1578084352.979;1700;-0.88;-0.38;185.73;-1.24;-0.35;125.06;-0.80;1.00;3;2;0;6;-0.70;0.30;0.28;0.00;0.00;-0.00;-0.00;-0.20;-0.89;-0.53;176.24;-0.52;0.70
1578084353.079;1712;-0.90;-0.38;183.43;-1.24;-0.35;125.06;-0.80;1.00;3;2;0;6;-1.08;0.30;0.28;0.00;0.00;-0.00;0.01;-0.41;-0.93;-0.53;172.74;-0.63;0.85
1578084353.179;1724;-0.93;-0.37;179.63;-1.24;-0.35;125.06;-0.80;1.00;3;2;0;6;-1.16;0.30;0.29;0.00;0.00;0.00;0.02;-0.66;-0.96;-0.52;168.75;-0.72;0.97
1578084353.279;1736;-0.96;-0.36;172.45;-1.24;-0.35;125.06;-0.80;1.00;3;2;0;6;-1.05;0.30;0.30;0.00;0.00;0.00;0.03;-1.09;-1.00;-0.51;163.88;-0.75;1.00
1578084353.379;1748;-0.98;-0.35;164.91;-1.24;-0.35;125.06;-0.80;1.00;3;2;0;6;-0.91;0.30;0.30;0.00;0.00;0.01;0.00;-1.21;-1.04;-0.50;158.91;-0.76;1.00
1578084353.479;1760;-1.01;-0.34;158.92;-1.24;-0.35;125.06;-0.80;1.00;3;2;0;6;-0.87;0.30;0.31;0.00;0.00;0.01;-0.01;-1.05;-1.08;-0.48;152.61;-0.76;1.00
1578084353.579;1772;-1.03;-0.33;154.74;-1.24;-0.35;125.06;-0.80;1.00;3;2;0;6;-0.89;0.30;0.30;0.00;0.00;0.01;-0.01;-0.84;-1.12;-0.46;147.50;-0.77;1.00
1578084353.679;1784;-1.05;-0.31;150.19;-1.24;-0.35;125.06;-0.80;1.00;3;2;0;6;-0.93;0.30;0.30;0.00;0.00;0.01;-0.01;-0.77;-1.16;-0.43;141.02;-0.78;1.00
1578084353.779;1796;-1.07;-0.29;145.70;-1.24;-0.35;125.06;-0.80;1.00;3;2;0;6;-0.94;0.30;0.30;0.00;0.00;-0.01;-0.00;-0.80;-1.18;-0.41;135.76;-0.78;1.00
1578084353.879;1808;-1.09;-0.27;140.89;-1.24;-0.35;125.06;-0.80;1.00;3;2;0;6;-0.99;0.30;0.30;0.00;0.00;-0.00;0.00;-0.84;-1.22;-0.37;129.11;-0.79;1.00
1578084353.979;1820;-1.11;-0.25;136.01;-1.24;-0.35;125.06;-0.80;1.00;3;2;0;6;-0.99;0.30;0.30;0.00;0.00;0.01;0.01;-0.90;-1.24;-0.34;123.72;-0.79;1.00
1578084354.079;1832;-1.12;-0.22;129.95;-1.24;-0.35;125.06;-0.80;1.00;3;2;0;6;-0.93;0.30;0.30;0.00;0.00;0.01;0.01;-0.94;-1.27;-0.30;117.31;-0.75;1.00
1578084354.179;1844;-1.14;-0.20;124.62;-1.32;-0.04;90.57;-0.53;1.00;3;3;0;6;-0.89;0.30;0.30;0.00;0.00;-0.00;0.02;-0.92;-1.29;-0.25;111.40;-0.71;1.00
1578084354.279;1856;-1.15;-0.17;120.10;-1.32;-0.04;90.57;-0.53;1.00;3;3;0;6;-0.95;0.30;0.30;0.00;0.00;0.01;0.00;-0.83;-1.30;-0.22;107.00;-0.67;1.00
1578084354.379;1868;-1.16;-0.15;115.18;-1.32;-0.04;90.57;-0.53;1.00;3;3;0;6;-0.87;0.30;0.30;0.00;0.00;0.00;0.02;-0.85;-1.31;-0.18;102.90;-0.64;1.00
1578084354.479;1880;-1.16;-0.12;110.40;-1.31;0.04;90.00;0.00;1.00;4;1;1;0;-0.76;0.30;0.30;0.00;0.00;0.00;-0.00;-0.82;-1.31;-0.15;100.00;-0.62;1.00
1578084354.579;1892;-1.17;-0.09;106.39;-1.31;0.04;90.00;0.00;1.00;4;1;0;0;-0.44;0.30;0.30;0.00;0.00;-0.00;0.00;-0.68;-1.31;-0.03;90.00;0.00;0.07
1578084354.679;1904;-1.17;-0.07;103.60;-1.31;0.04;90.00;0.00;1.00;4;1;0;0;-0.31;0.29;0.30;0.00;0.00;0.00;0.00;-0.48;-1.31;-0.03;90.00;0.00;0.07
1578084354.779;1916;-1.17;-0.04;102.23;-1.31;0.04;90.00;0.00;1.00;4;1;0;0;-0.24;0.28;0.30;0.00;0.00;0.00;0.01;-0.26;-1.31;-0.03;90.00;0.00;0.07
1578084354.879;1928;-1.17;-0.02;101.39;-1.31;0.04;90.00;0.00;1.00;4;1;0;0;-0.21;0.29;0.29;0.00;0.00;-0.00;0.01;-0.17;-1.31;-0.01;90.00;0.00;0.49
1578084354.979;1940;-1.17;0.01;100.58;-1.31;0.04;90.00;0.00;1.00;4;1;0;0;-0.17;0.30;0.29;0.00;0.00;-0.01;0.01;-0.13;-1.31;0.01;90.00;0.00;0.71
1578084355.079;1952;-1.17;0.03;99.93;-1.31;0.20;90.00;0.00;1.00;4;2;0;0;-0.14;0.30;0.29;0.00;0.00;-0.01;0.01;-0.12;-1.31;0.03;90.00;0.00;0.92
1578084355.179;1964;-1.17;0.06;99.38;-1.31;0.20;90.00;0.00;1.00;4;2;0;0;-0.12;0.30;0.30;0.00;0.00;-0.00;0.01;-0.10;-1.31;0.06;90.00;0.00;1.00
1578084355.279;1976;-1.17;0.09;99.03;-1.31;0.20;90.00;0.00;1.00;4;2;0;0;-0.10;0.30;0.30;0.00;0.00;0.00;0.01;-0.08;-1.31;0.09;90.00;0.00;1.00
1578084355.379;1988;-1.17;0.11;98.37;-1.31;0.20;90.00;0.00;1.00;4;2;0;0;-0.07;0.30;0.30;0.00;0.00;0.00;0.01;-0.07;-1.31;0.12;90.00;0.00;1.00
1578084355.479;2000;-1.17;0.14;98.20;-1.31;0.20;90.00;0.00;1.00;4;2;0;0;-0.06;0.30;0.30;0.00;0.00;-0.00;0.01;-0.06;-1.31;0.14;90.00;0.00;1.00
1578084355.579;2012;-1.17;0.17;97.93;-1.31;0.20;90.00;0.00;1.00;4;2;0;0;-0.05;0.30;0.30;0.00;0.00;0.00;-0.01;-0.05;-1.31;0.16;90.00;0.00;1.00
1578084355.679;2024;-1.17;0.19;97.75;-1.31;0.35;90.00;0.00;1.00;4;3;0;0;-0.04;0.30;0.30;0.00;0.00;-0.00;0.00;-0.03;-1.31;0.19;90.00;0.00;1.00
1578084355.779;2036;-1.17;0.22;97.57;-1.31;0.35;90.00;0.00;1.00;4;3;0;0;-0.03;0.30;0.30;0.00;0.00;-0.00;0.01;-0.03;-1.31;0.21;90.00;0.00;1.00
1578084355.879;2048;-1.17;0.24;97.50;-1.31;0.35;90.00;0.00;1.00;4;3;0;0;-0.02;0.30;0.30;0.00;0.00;-0.00;-0.00;-0.02;-1.31;0.25;90.00;0.00;1.00
1578084355.979;2060;-1.17;0.27;97.37;-1.31;0.35;90.00;0.00;1.00;4;3;0;0;-0.01;0.30;0.30;0.00;0.00;0.01;-0.01;-0.01;-1.31;0.27;90.00;0.00;1.00
1578084356.079;2072;-1.17;0.30;97.23;-1.31;0.35;90.00;0.00;1.00;4;3;0;0;-0.01;0.30;0.30;0.00;0.00;-0.00;-0.00;-0.02;-1.31;0.29;90.00;0.00;1.00
1578084356.179;2084;-1.17;0.32;97.12;-1.31;0.35;90.00;0.00;1.00;4;3;0;0;0.00;0.30;0.29;0.00;0.00;-0.00;0.01;-0.02;-1.31;0.32;90.00;0.00;1.00
1578084356.279;2096;-1.17;0.35;97.19;-1.31;0.35;90.00;0.00;1.00;4;3;0;0;-0.00;0.30;0.30;0.00;0.00;0.01;0.01;-0.01;-1.31;0.34;90.00;0.00;1.00
1578084356.379;2108;-1.17;0.37;97.21;-1.31;0.50;90.00;0.00;1.00;4;4;0;0;-0.00;0.30;0.29;0.00;0.00;0.01;-0.01;-0.02;-1.31;0.38;90.00;0.00;1.00
1578084356.479;2120;-1.17;0.40;97.01;-1.31;0.50;90.00;0.00;1.00;4;4;0;0;0.01;0.30;0.29;0.00;0.00;-0.00;-0.01;-0.02;-1.31;0.40;90.00;0.00;1.00
1578084356.579;2132;-1.17;0.42;96.84;-1.31;0.50;90.00;0.00;1.00;4;4;0;0;0.02;0.30;0.30;0.00;0.00;0.00;-0.01;-0.01;-1.31;0.42;90.00;0.00;1.00
1578084356.679;2144;-1.17;0.45;96.83;-1.31;0.50;90.00;0.00;1.00;4;4;0;0;0.02;0.30;0.30;0.00;0.00;0.00;0.00;-0.01;-1.31;0.45;90.00;0.00;1.00
1578084356.779;2156;-1.16;0.47;96.58;-1.31;0.50;90.00;0.00;1.00;4;4;0;0;0.04;0.30;0.30;0.00;0.00;-0.00;0.02;-0.02;-1.31;0.47;90.00;0.00;1.00
1578084356.879;2168;-1.16;0.50;96.45;-1.31;0.50;90.00;0.00;1.00;4;4;0;0;0.05;0.30;0.30;0.00;0.00;-0.00;0.02;-0.01;-1.31;0.51;90.00;0.00;1.00
1578084356.979;2180;-1.16;0.53;96.62;-1.31;0.50;90.00;0.00;1.00;4;4;0;0;0.04;0.30;0.30;0.00;0.00;-0.00;0.00;0.00;-1.31;0.53;90.00;0.00;1.00
1578084357.079;2192;-1.16;0.55;96.68;-1.31;0.50;90.00;0.00;1.00;4;4;0;0;0.04;0.30;0.30;0.00;0.00;-0.00;0.00;0.01;-1.31;0.55;90.00;0.00;1.00
1578084357.179;2204;-1.16;0.58;96.69;-1.31;0.65;90.00;0.00;1.00;4;5;0;0;0.04;0.30;0.29;0.00;0.00;-0.00;0.01;0.01;-1.31;0.58;90.00;0.00;1.00
1578084357.279;2216;-1.16;0.60;96.69;-1.31;0.65;90.00;0.00;1.00;4;5;0;0;0.04;0.30;0.30;0.00;0.00;-0.01;0.01;0.01;-1.31;0.60;90.00;0.00;1.00
1578084357.379;2228;-1.16;0.63;96.77;-1.31;0.65;90.00;0.00;1.00;4;5;0;0;0.04;0.30;0.30;0.00;0.00;-0.00;0.02;0.01;-1.31;0.63;90.00;0.00;1.00
1578084357.479;2240;-1.16;0.66;96.74;-1.31;0.65;90.00;0.00;1.00;4;5;0;0;0.05;0.30;0.30;0.00;0.00;0.00;0.03;0.01;-1.31;0.66;90.00;0.00;1.00
1578084357.579;2252;-1.16;0.68;96.66;-1.31;0.65;90.00;0.00;1.00;4;5;0;0;0.05;0.30;0.30;0.00;0.00;-0.00;0.01;0.01;-1.31;0.69;90.00;0.00;1.00
1578084357.679;2264;-1.16;0.71;96.97;-1.31;0.65;90.00;0.00;1.00;4;5;0;0;0.04;0.30;0.30;0.00;0.00;-0.00;0.01;0.01;-1.31;0.71;90.00;0.00;1.00
1578084357.779;2276;-1.16;0.73;96.99;-1.31;0.65;90.00;0.00;1.00;4;5;0;0;0.04;0.30;0.30;0.00;0.00;-0.01;0.01;0.02;-1.31;0.73;90.00;0.00;1.00
1578084357.879;2288;-1.16;0.76;96.93;-1.31;0.65;90.00;0.00;1.00;4;5;0;0;0.04;0.30;0.29;0.00;0.00;-0.01;0.02;0.01;-1.31;0.76;90.00;0.00;1.00
1578084357.979;2300;-1.16;0.79;97.07;-1.31;0.81;90.00;0.00;1.00;4;6;0;0;0.04;0.30;0.29;0.00;0.00;-0.01;0.01;0.01;-1.31;0.79;90.00;0.00;1.00
1578084358.079;2312;-1.15;0.81;97.11;-1.31;0.81;90.00;0.00;1.00;4;6;0;0;0.04;0.30;0.30;0.00;0.00;0.01;0.01;0.01;-1.31;0.81;90.00;0.00;1.00
1578084358.179;2324;-1.15;0.84;97.04;-1.31;0.81;90.00;0.00;1.00;4;6;0;0;0.04;0.30;0.30;0.00;0.00;-0.00;0.01;0.01;-1.31;0.84;90.00;0.00;1.00
1578084358.279;2336;-1.15;0.86;97.12;-1.31;0.81;90.00;0.00;1.00;4;6;0;0;0.04;0.30;0.30;0.00;0.00;-0.00;0.01;0.01;-1.31;0.86;90.00;0.00;1.00
1578084358.379;2348;-1.15;0.89;97.26;-1.31;0.81;90.00;0.00;1.00;4;6;0;0;0.03;0.30;0.30;0.00;0.00;0.01;0.01;0.01;-1.31;0.89;90.00;0.00;1.00
1578084358.479;2360;-1.15;0.92;97.12;-1.31;1.04;90.00;0.00;1.00;5;1;1;0;0.04;0.30;0.30;0.00;0.00;-0.00;0.01;0.00;-1.31;0.91;90.00;0.00;1.00
1578084358.579;2372;-1.15;0.94;97.13;-1.31;1.04;90.00;0.00;1.00;5;1;0;0;0.04;0.29;0.30;0.00;0.00;-0.01;0.01;-0.00;-1.31;0.97;90.00;0.00;0.07
1578084358.679;2384;-1.15;0.97;97.18;-1.31;1.04;90.00;0.00;1.00;5;1;0;0;0.04;0.28;0.30;0.00;0.00;0.00;0.02;0.00;-1.31;0.97;90.00;0.00;0.14
1578084358.779;2396;-1.15;1.00;97.18;-1.31;1.04;90.00;0.00;1.00;5;1;0;0;0.04;0.30;0.30;0.00;0.00;0.00;0.02;0.00;-1.31;1.00;90.00;0.00;0.64
1578084358.879;2408;-1.15;1.02;97.25;-1.31;1.04;90.00;0.00;1.00;5;1;0;0;0.04;0.30;0.29;0.00;0.00;-0.00;0.03;0.03;-1.31;1.02;90.00;0.00;0.85
1578084358.979;2420;-1.15;1.05;97.27;-1.31;1.04;90.00;0.00;1.00;5;1;0;0;0.04;0.30;0.29;0.00;0.00;0.00;0.02;0.00;-1.31;1.04;90.00;0.00;0.99
1578084359.079;2432;-1.15;1.07;97.28;-1.31;1.04;90.00;0.00;1.00;5;1;0;0;0.04;0.30;0.30;0.00;0.00;-0.00;0.03;0.01;-1.31;1.07;90.00;0.00;1.00
1578084359.179;2444;-1.15;1.10;97.27;-1.31;1.20;90.00;0.00;1.00;5;2;0;0;0.04;0.30;0.30;0.00;0.00;-0.01;0.03;0.01;-1.31;1.10;90.00;0.00;1.00
1578084359.279;2456;-1.15;1.13;97.51;-1.31;1.20;90.00;0.00;1.00;5;2;0;0;0.03;0.30;0.30;0.00;0.00;-0.01;0.02;0.02;-1.31;1.13;90.00;0.00;1.00
1578084359.379;2468;-1.15;1.15;97.46;-1.31;1.20;90.00;0.00;1.00;5;2;0;0;0.03;0.30;0.30;0.00;0.00;-0.01;0.01;-0.00;-1.31;1.15;90.00;0.00;1.00
1578084359.479;2480;-1.15;1.18;97.39;-1.31;1.20;90.00;0.00;1.00;5;2;0;0;0.04;0.30;0.30;0.00;0.00;-0.00;0.02;0.00;-1.31;1.18;90.00;0.00;1.00
1578084359.579;2492;-1.15;1.20;97.55;-1.31;1.20;90.00;0.00;1.00;5;2;0;0;0.03;0.30;0.30;0.00;0.00;-0.00;0.01;0.01;-1.31;1.20;90.00;0.00;1.00
1578084359.679;2504;-1.15;1.23;97.52;-1.31;1.20;90.00;0.00;1.00;5;2;0;0;0.03;0.30;0.30;0.00;0.00;-0.00;-0.00;0.00;-1.31;1.24;90.00;0.00;1.00
1578084359.779;2516;-1.15;1.26;97.50;-1.31;1.20;90.00;0.00;1.00;5;2;0;0;0.03;0.30;0.30;0.00;0.00;-0.01;-0.00;-0.00;-1.31;1.26;90.00;0.00;1.00
1578084359.879;2528;-1.15;1.28;97.69;-1.31;1.35;90.00;0.00;1.00;5;3;0;0;0.02;0.30;0.30;0.00;0.00;0.00;0.01;0.01;-1.31;1.28;90.00;0.00;1.00
1578084359.979;2540;-1.15;1.31;97.57;-1.31;1.35;90.00;0.00;1.00;5;3;0;0;0.03;0.30;0.30;0.00;0.00;-0.00;0.00;-0.00;-1.31;1.31;90.00;0.00;1.00
1578084360.079;2552;-1.15;1.33;97.71;-1.31;1.35;90.00;0.00;1.00;5;3;0;0;0.03;0.30;0.30;0.00;0.00;0.00;-0.01;0.01;-1.31;1.33;90.00;0.00;1.00
1578084360.179;2564;-1.15;1.36;97.67;-1.31;1.35;90.00;0.00;1.00;5;3;0;0;0.03;0.30;0.30;0.00;0.00;0.00;-0.00;0.01;-1.31;1.37;90.00;0.00;1.00
1578084360.279;2576;-1.15;1.39;97.70;-1.31;1.35;90.00;0.00;1.00;5;3;0;0;0.03;0.30;0.30;0.00;0.00;-0.01;-0.00;0.00;-1.31;1.39;90.00;0.00;1.00
1578084360.379;2588;-1.15;1.41;97.83;-1.31;1.35;90.00;0.00;1.00;5;3;0;0;0.02;0.30;0.30;0.00;0.00;0.00;0.01;0.02;-1.31;1.41;90.00;0.00;1.00
1578084360.479;2600;-1.15;1.44;97.76;-1.31;1.35;90.00;0.00;1.00;5;3;0;0;0.03;0.30;0.30;0.00;0.00;0.00;-0.01;0.01;-1.31;1.44;90.00;0.00;1.00
1578084360.579;2612;-1.15;1.46;97.65;-1.31;1.50;90.00;0.00;1.00;5;4;0;0;0.03;0.30;0.30;0.00;0.00;-0.00;-0.01;-0.00;-1.31;1.46;90.00;0.00;1.00
1578084360.679;2624;-1.15;1.49;97.94;-1.31;1.50;90.00;0.00;1.00;5;4;0;0;0.02;0.30;0.30;0.00;0.00;-0.00;-0.01;0.01;-1.31;1.49;90.00;0.00;1.00
1578084360.779;2636;-1.15;1.52;97.79;-1.31;1.50;90.00;0.00;1.00;5;4;0;0;0.03;0.30;0.30;0.00;0.00;0.01;0.00;0.00;-1.31;1.52;90.00;0.00;1.00
1578084360.879;2648;-1.14;1.54;97.68;-1.31;1.50;90.00;0.00;1.00;5;4;0;0;0.03;0.30;0.30;0.00;0.00;-0.00;0.01;-0.00;-1.31;1.54;90.00;0.00;1.00
1578084360.979;2660;-1.14;1.57;97.66;-1.31;1.50;90.00;0.00;1.00;5;4;0;0;0.03;0.30;0.30;0.00;0.00;-0.00;0.00;0.01;-1.31;1.57;90.00;0.00;1.00
1578084361.079;2672;-1.14;1.59;97.70;-1.31;1.50;90.00;0.00;1.00;5;4;0;0;0.03;0.30;0.30;0.00;0.00;-0.00;-0.01;0.01;-1.31;1.59;90.00;0.00;1.00
1578084361.179;2684;-1.14;1.62;97.86;-1.31;1.50;90.00;0.00;1.00;5;4;0;0;0.03;0.30;0.30;0.00;0.00;-0.01;-0.00;0.00;-1.31;1.62;90.00;0.00;1.00
1578084361.279;2696;-1.14;1.65;97.73;-1.31;1.50;90.00;0.00;1.00;5;4;0;0;0.03;0.30;0.30;0.00;0.00;-0.01;0.00;-0.00;-1.31;1.65;90.00;0.00;1.00
1578084361.379;2708;-1.14;1.67;97.71;-1.31;1.50;90.00;0.00;1.00;5;4;0;0;0.03;0.30;0.30;0.00;0.00;-0.01;0.01;0.01;-1.31;1.67;90.00;0.00;1.00
1578084361.479;2720;-1.14;1.70;97.74;-1.31;1.50;90.00;0.00;1.00;5;4;0;0;0.03;0.30;0.30;0.00;0.00;-0.00;0.02;0.01;-1.31;1.70;90.00;0.00;1.00
1578084361.579;2732;-1.14;1.72;97.78;-1.31;1.50;90.00;0.00;1.00;5;4;0;0;0.03;0.30;0.30;0.00;0.00;-0.00;0.01;0.01;-1.31;1.72;90.00;0.00;1.00
1578084361.679;2744;-1.14;1.75;97.88;-1.31;1.50;90.00;0.00;1.00;5;4;0;0;0.03;0.30;0.30;0.00;0.00;0.00;0.01;0.02;-1.31;1.75;90.00;0.00;1.00
1578084361.779;2756;-1.14;1.78;98.00;-1.31;1.50;90.00;0.00;1.00;5;4;0;0;0.02;0.30;0.30;0.00;0.00;0.00;-0.00;0.01;-1.31;1.77;90.00;0.00;1.00
1578084361.879;2768;-1.14;1.80;98.16;-1.31;1.50;90.00;0.00;1.00;5;4;0;0;0.01;0.30;0.30;0.00;0.00;-0.01;0.00;0.01;-1.31;1.81;90.00;0.00;1.00
1578084361.979;2780;-1.14;1.83;98.02;-1.30;2.13;77.56;-0.74;1.00;6;1;1;6;0.02;0.30;0.30;0.00;0.00;-0.00;0.01;0.01;-1.31;1.83;90.00;0.00;1.00
1578084362.079;2792;-1.14;1.85;97.88;-1.30;2.13;77.56;-0.74;1.00;6;1;0;6;0.07;0.30;0.30;0.00;0.00;-0.01;0.01;0.00;-1.31;1.97;90.01;-0.05;0.06
1578084362.179;2804;-1.14;1.88;97.78;-1.30;2.13;77.56;-0.74;1.00;6;1;0;6;0.02;0.30;0.30;0.00;0.00;0.00;0.00;0.03;-1.31;1.97;90.01;-0.05;0.06
1578084362.279;2816;-1.14;1.91;98.98;-1.30;2.13;77.56;-0.74;1.00;6;1;0;6;-0.09;0.30;0.30;0.00;0.00;0.00;0.00;0.02;-1.31;1.97;90.01;-0.05;0.06
1578084362.379;2828;-1.14;1.93;98.95;-1.30;2.13;77.56;-0.74;1.00;6;1;0;6;-0.14;0.30;0.30;0.00;0.00;-0.01;0.01;-0.01;-1.31;1.97;90.01;-0.05;0.06
1578084362.479;2840;-1.14;1.96;98.69;-1.30;2.13;77.56;-0.74;1.00;6;1;0;6;-0.19;0.29;0.30;0.00;0.00;0.00;0.03;-0.04;-1.31;1.97;90.01;-0.05;0.06
1578084362.579;2852;-1.14;1.98;96.88;-1.30;2.13;77.56;-0.74;1.00;6;1;0;6;-0.15;0.28;0.30;0.00;0.00;0.01;-0.00;-0.07;-1.31;1.97;90.01;-0.05;0.06
1578084362.679;2864;-1.14;2.01;96.71;-1.30;2.13;77.56;-0.74;1.00;6;1;0;6;-0.56;0.29;0.29;0.00;0.00;-0.01;0.00;-0.07;-1.31;2.02;88.06;-0.43;0.58
1578084362.779;2876;-1.14;2.03;95.90;-1.13;2.39;35.06;-0.80;1.00;6;2;0;6;-0.72;0.30;0.28;0.00;0.00;0.00;-0.00;-0.25;-1.31;2.05;85.66;-0.54;0.73
1578084362.879;2888;-1.14;2.06;93.20;-1.13;2.39;35.06;-0.80;1.00;6;2;0;6;-1.12;0.30;0.29;0.00;0.00;0.01;0.00;-0.43;-1.31;2.09;81.85;-0.65;0.88
1578084362.979;2900;-1.13;2.09;89.43;-1.13;2.39;35.06;-0.80;1.00;6;2;0;6;-1.21;0.30;0.30;0.00;0.00;0.00;-0.01;-0.76;-1.30;2.13;77.56;-0.74;1.00
1578084363.079;2912;-1.12;2.11;81.15;-1.13;2.39;35.06;-0.80;1.00;6;2;0;6;-1.03;0.30;0.30;0.00;0.00;-0.01;0.00;-1.27;-1.29;2.16;72.64;-0.75;1.00
1578084363.179;2924;-1.11;2.14;72.34;-1.13;2.39;35.06;-0.80;1.00;6;2;0;6;-0.86;0.30;0.31;0.00;0.00;0.00;-0.00;-1.41;-1.27;2.21;66.40;-0.76;1.00
1578084363.279;2936;-1.10;2.16;66.73;-1.13;2.39;35.06;-0.80;1.00;6;2;0;6;-0.81;0.30;0.31;0.00;0.00;-0.01;-0.02;-1.04;-1.26;2.24;61.33;-0.76;1.00
1578084363.379;2948;-1.08;2.18;62.63;-1.13;2.39;35.06;-0.80;1.00;6;2;0;6;-0.87;0.30;0.31;0.00;0.00;0.00;-0.01;-0.75;-1.23;2.29;54.92;-0.77;1.00
1578084363.479;2960;-1.07;2.21;58.69;-1.13;2.39;35.06;-0.80;1.00;6;2;0;6;-0.94;0.30;0.30;0.00;0.00;-0.00;0.01;-0.72;-1.20;2.32;48.40;-0.78;1.00
1578084363.579;2972;-1.05;2.23;54.27;-1.13;2.39;35.06;-0.80;1.00;6;2;0;6;-1.00;0.30;0.30;0.00;0.00;0.00;-0.00;-0.79;-1.17;2.36;41.78;-0.79;1.00
1578084363.679;2984;-1.03;2.24;49.02;-1.13;2.39;35.06;-0.80;1.00;6;2;0;6;-1.03;0.30;0.30;0.00;0.00;0.01;0.01;-0.91;-1.13;2.39;35.06;-0.80;1.00
1578084363.779;2996;-1.00;2.26;43.08;-1.13;2.39;35.06;-0.80;1.00;6;2;0;6;-0.99;0.30;0.31;0.00;0.00;0.01;0.00;-1.01;-1.09;2.41;28.55;-0.75;1.00
1578084363.879;3008;-0.98;2.27;37.44;-0.82;2.48;0.57;-0.53;1.00;6;3;0;6;-0.91;0.30;0.31;0.00;0.00;-0.00;-0.00;-1.00;-1.05;2.43;23.70;-0.72;1.00
1578084363.979;3020;-0.96;2.28;32.25;-0.82;2.48;0.57;-0.53;1.00;6;3;0;6;-0.98;0.30;0.30;0.00;0.00;0.01;0.01;-0.89;-1.01;2.45;18.08;-0.68;1.00
1578084364.079;3032;-0.93;2.29;27.24;-0.82;2.48;0.57;-0.53;1.00;6;3;0;6;-0.89;0.30;0.30;0.00;0.00;0.00;-0.01;-0.88;-0.97;2.46;13.90;-0.65;1.00
1578084364.179;3044;-0.90;2.30;22.16;-0.82;2.48;0.57;-0.53;1.00;6;3;0;6;-0.79;0.30;0.30;0.00;0.00;0.00;-0.01;-0.85;-0.93;2.47;10.00;-0.62;1.00
1578084364.279;3056;-0.88;2.30;17.99;-0.74;2.47;0.00;0.00;1.00;7;1;1;0;-0.70;0.30;0.30;0.00;0.00;0.00;-0.01;-0.71;-0.90;2.47;7.24;-0.59;1.00
1578084364.379;3068;-0.85;2.30;14.56;-0.74;2.47;0.00;0.00;1.00;7;1;0;0;-0.31;0.29;0.30;0.00;0.00;0.00;0.01;-0.61;-0.81;2.47;0.00;0.00;0.07
1578084364.479;3080;-0.82;2.31;12.57;-0.74;2.47;0.00;0.00;1.00;7;1;0;0;-0.22;0.28;0.30;0.00;0.00;-0.00;0.00;-0.38;-0.81;2.47;0.00;0.00;0.07
1578084364.579;3092;-0.80;2.31;11.73;-0.74;2.47;0.00;0.00;1.00;7;1;0;0;-0.18;0.29;0.30;0.00;0.00;0.00;-0.01;-0.16;-0.80;2.47;0.00;0.00;0.42
1578084364.679;3104;-0.77;2.31;10.91;-0.74;2.47;0.00;0.00;1.00;7;1;0;0;-0.14;0.30;0.29;0.00;0.00;-0.00;0.00;-0.12;-0.78;2.47;0.00;0.00;0.71
1578084364.779;3116;-0.75;2.31;10.37;-0.74;2.47;0.00;0.00;1.00;7;1;0;0;-0.12;0.30;0.29;0.00;0.00;-0.00;0.01;-0.10;-0.75;2.47;0.00;0.00;0.92
1578084364.879;3128;-0.72;2.31;10.15;-0.58;2.47;0.00;0.00;1.00;7;2;0;0;-0.11;0.30;0.29;0.00;0.00;0.00;-0.00;-0.07;-0.72;2.47;0.00;0.00;1.00
1578084364.979;3140;-0.69;2.31;9.65;-0.58;2.47;0.00;0.00;1.00;7;2;0;0;-0.09;0.30;0.30;0.00;0.00;-0.01;0.02;-0.06;-0.70;2.47;0.00;0.00;1.00
1578084365.079;3152;-0.67;2.31;9.22;-0.58;2.47;0.00;0.00;1.00;7;2;0;0;-0.07;0.30;0.30;0.00;0.00;0.00;0.01;-0.05;-0.66;2.47;0.00;0.00;1.00
1578084365.179;3164;-0.64;2.31;8.95;-0.58;2.47;0.00;0.00;1.00;7;2;0;0;-0.05;0.30;0.30;0.00;0.00;-0.00;-0.00;-0.05;-0.64;2.47;0.00;0.00;1.00
1578084365.279;3176;-0.61;2.31;8.75;-0.58;2.47;0.00;0.00;1.00;7;2;0;0;-0.04;0.30;0.30;0.00;0.00;-0.01;0.00;-0.04;-0.61;2.47;0.00;0.00;1.00
1578084365.379;3188;-0.59;2.31;8.55;-0.58;2.47;0.00;0.00;1.00;7;2;0;0;-0.03;0.30;0.30;0.00;0.00;-0.00;0.02;-0.02;-0.59;2.47;0.00;0.00;1.00
1578084365.479;3200;-0.56;2.31;8.26;-0.58;2.47;0.00;0.00;1.00;7;2;0;0;-0.02;0.30;0.30;0.00;0.00;0.00;0.01;-0.02;-0.56;2.47;0.00;0.00;1.00
1578084365.579;3212;-0.53;2.31;8.15;-0.43;2.47;0.00;0.00;1.00;7;3;0;0;-0.01;0.30;0.30;0.00;0.00;0.00;0.03;-0.02;-0.53;2.47;0.00;0.00;1.00
1578084365.679;3224;-0.51;2.31;8.09;-0.43;2.47;0.00;0.00;1.00;7;3;0;0;-0.00;0.30;0.30;0.00;0.00;-0.00;0.01;-0.02;-0.50;2.47;0.00;0.00;1.00
1578084365.779;3236;-0.48;2.30;8.11;-0.43;2.47;0.00;0.00;1.00;7;3;0;0;-0.00;0.30;0.30;0.00;0.00;0.00;0.01;-0.01;-0.48;2.47;0.00;0.00;1.00
1578084365.879;3248;-0.45;2.30;7.87;-0.43;2.47;0.00;0.00;1.00;7;3;0;0;0.01;0.30;0.30;0.00;0.00;-0.01;0.01;-0.02;-0.45;2.47;0.00;0.00;1.00
1578084365.979;3260;-0.43;2.30;7.78;-0.43;2.47;0.00;0.00;1.00;7;3;0;0;0.02;0.30;0.30;0.00;0.00;-0.01;0.01;-0.01;-0.43;2.47;0.00;0.00;1.00
1578084366.079;3272;-0.40;2.30;8.01;-0.43;2.47;0.00;0.00;1.00;7;3;0;0;0.01;0.30;0.30;0.00;0.00;-0.00;0.02;-0.01;-0.39;2.47;0.00;0.00;1.00
1578084366.179;3284;-0.37;2.30;7.66;-0.43;2.47;0.00;0.00;1.00;7;3;0;0;0.03;0.30;0.30;0.00;0.00;-0.00;-0.00;-0.01;-0.37;2.47;0.00;0.00;1.00
1578084366.279;3296;-0.35;2.30;7.59;-0.43;2.47;0.00;0.00;1.00;7;3;0;0;0.03;0.30;0.30;0.00;0.00;0.00;-0.00;-0.01;-0.35;2.47;0.00;0.00;1.00
1578084366.379;3308;-0.32;2.30;7.57;-0.28;2.47;0.00;0.00;1.00;7;4;0;0;0.03;0.30;0.30;0.00;0.00;0.01;-0.00;-0.00;-0.32;2.47;0.00;0.00;1.00
1578084366.479;3320;-0.30;2.30;7.44;-0.28;2.47;0.00;0.00;1.00;7;4;0;0;0.04;0.30;0.30;0.00;0.00;0.00;-0.01;-0.01;-0.30;2.47;0.00;0.00;1.00
1578084366.579;3332;-0.27;2.30;7.51;-0.28;2.47;0.00;0.00;1.00;7;4;0;0;0.04;0.30;0.30;0.00;0.00;-0.01;0.00;-0.01;-0.26;2.47;0.00;0.00;1.00
1578084366.679;3344;-0.24;2.30;7.45;-0.28;2.47;0.00;0.00;1.00;7;4;0;0;0.05;0.30;0.30;0.00;0.00;-0.00;-0.01;0.00;-0.24;2.47;0.00;0.00;1.00
1578084366.779;3356;-0.22;2.30;7.42;-0.28;2.47;0.00;0.00;1.00;7;4;0;0;0.05;0.30;0.30;0.00;0.00;-0.00;0.01;0.00;-0.22;2.47;0.00;0.00;1.00
1578084366.879;3368;-0.19;2.30;7.46;-0.28;2.47;0.00;0.00;1.00;7;4;0;0;0.05;0.30;0.29;0.00;0.00;0.00;-0.00;0.00;-0.19;2.47;0.00;0.00;1.00
1578084366.979;3380;-0.16;2.30;7.36;-0.28;2.47;0.00;0.00;1.00;7;4;0;0;0.06;0.30;0.29;0.00;0.00;-0.01;0.01;0.00;-0.17;2.47;0.00;0.00;1.00
1578084367.079;3392;-0.14;2.29;7.58;-0.28;2.47;0.00;0.00;1.00;7;4;0;0;0.05;0.30;0.29;0.00;0.00;-0.01;0.02;0.01;-0.14;2.47;0.00;0.00;1.00
1578084367.179;3404;-0.11;2.29;7.60;-0.28;2.47;0.00;0.00;1.00;7;4;0;0;0.05;0.30;0.29;0.00;0.00;0.00;0.01;0.01;-0.11;2.47;0.00;0.00;1.00
1578084367.279;3416;-0.09;2.29;7.53;-0.28;2.47;0.00;0.00;1.00;7;4;0;0;0.05;0.30;0.29;0.00;0.00;-0.00;0.00;0.01;-0.08;2.47;0.00;0.00;1.00
1578084367.379;3428;-0.06;2.29;7.60;-0.28;2.47;0.00;0.00;1.00;7;4;0;0;0.05;0.30;0.29;0.00;0.00;-0.00;0.01;0.00;-0.06;2.47;0.00;0.00;1.00
1578084367.479;3440;-0.03;2.29;7.32;-0.28;2.47;0.00;0.00;1.00;7;4;0;0;0.07;0.30;0.29;0.00;0.00;0.00;0.02;0.01;-0.03;2.47;0.00;0.00;1.00
1578084367.579;3452;-0.00;2.29;7.50;-0.28;2.47;0.00;0.00;1.00;7;4;0;0;0.06;0.30;0.29;0.00;0.00;0.00;0.02;0.02;-0.01;2.47;0.00;0.00;1.00
1578084367.679;3464;0.02;2.29;7.86;-0.28;2.47;0.00;0.00;1.00;7;4;0;0;0.05;0.30;0.30;0.00;0.00;0.00;0.01;0.01;0.03;2.47;0.00;0.00;1.00
1578084367.779;3476;0.05;2.29;7.99;-0.28;2.47;0.00;0.00;1.00;7;4;0;0;0.04;0.30;0.30;0.00;0.00;-0.00;-0.00;0.01;0.05;2.47;0.00;0.00;1.00
1578084367.879;3488;0.07;2.29;8.10;-0.28;2.47;0.00;0.00;1.00;7;4;0;0;0.04;0.30;0.30;0.00;0.00;0.00;0.00;0.01;0.07;2.47;0.00;0.00;1.00
1578084367.979;3500;0.10;2.29;8.10;-0.28;2.47;0.00;0.00;1.00;7;4;0;0;0.04;0.30;0.30;0.00;0.00;-0.00;-0.01;0.01;0.10;2.47;0.00;0.00;1.00
1578084368.079;3512;0.13;2.29;8.14;-0.28;2.47;0.00;0.00;1.00;7;4;0;0;0.04;0.30;0.30;0.00;0.00;-0.00;-0.00;0.02;0.12;2.47;0.00;0.00;1.00
1578084368.179;3524;0.15;2.29;8.10;-0.28;2.47;0.00;0.00;1.00;7;4;0;0;0.04;0.30;0.30;0.00;0.00;0.00;0.00;0.01;0.16;2.47;0.00;0.00;1.00
1578084368.279;3536;0.18;2.29;8.19;-0.28;2.47;0.00;0.00;1.00;7;4;0;0;0.04;0.30;0.30;0.00;0.00;0.00;-0.01;0.01;0.18;2.47;0.00;0.00;1.00
1578084368.379;3548;0.20;2.29;8.24;0.26;2.47;0.00;0.00;1.00;8;1;1;0;0.04;0.30;0.30;0.00;0.00;0.00;-0.00;0.01;0.18;2.47;0.00;0.00;1.00
1578084368.479;3560;0.23;2.29;8.40;0.26;2.47;0.00;0.00;1.00;8;1;0;0;0.03;0.30;0.30;0.00;0.00;0.00;-0.00;0.00;0.23;2.47;0.00;0.00;0.78
1578084368.579;3572;0.26;2.28;8.37;0.26;2.47;0.00;0.00;1.00;8;1;0;0;0.03;0.30;0.30;0.00;0.00;-0.00;-0.00;0.00;0.25;2.47;0.00;0.00;0.92
1578084368.679;3584;0.28;2.28;8.37;0.26;2.47;0.00;0.00;1.00;8;1;0;0;0.04;0.30;0.30;0.00;0.00;-0.01;0.01;0.00;0.28;2.47;0.00;0.00;1.00
1578084368.779;3596;0.31;2.28;8.41;0.26;2.47;0.00;0.00;1.00;8;1;0;0;0.03;0.30;0.30;0.00;0.00;-0.00;-0.01;0.00;0.30;2.47;0.00;0.00;1.00
1578084368.879;3608;0.33;2.28;8.53;0.26;2.47;0.00;0.00;1.00;8;1;0;0;0.03;0.30;0.30;0.00;0.00;-0.01;0.00;0.00;0.34;2.47;0.00;0.00;1.00
1578084368.979;3620;0.36;2.28;8.52;0.26;2.47;0.00;0.00;1.00;8;1;0;0;0.03;0.30;0.30;0.00;0.00;-0.00;0.00;-0.00;0.36;2.47;0.00;0.00;1.00
1578084369.079;3632;0.39;2.28;8.64;0.26;2.47;0.00;0.00;1.00;8;1;0;0;0.02;0.30;0.29;0.00;0.00;-0.01;0.01;0.00;0.39;2.47;0.00;0.00;1.00
1578084369.179;3644;0.41;2.28;8.53;0.26;2.47;0.00;0.00;1.00;8;1;0;0;0.03;0.30;0.29;0.00;0.00;-0.00;0.02;0.01;0.41;2.47;0.00;0.00;1.00
1578084369.279;3656;0.44;2.28;8.54;0.26;2.47;0.00;0.00;1.00;8;1;0;0;0.03;0.30;0.30;0.00;0.00;0.00;0.02;0.00;0.44;2.47;0.00;0.00;1.00
1578084369.379;3668;0.47;2.28;8.68;0.26;2.47;0.00;0.00;1.00;8;1;0;0;0.03;0.30;0.30;0.00;0.00;-0.00;0.00;0.00;0.47;2.47;0.00;0.00;1.00
1578084369.479;3680;0.49;2.28;8.65;0.26;2.47;0.00;0.00;1.00;8;1;0;0;0.03;0.30;0.30;0.00;0.00;-0.01;0.01;-0.01;0.50;2.47;0.00;0.00;1.00
1578084369.579;3692;0.52;2.28;8.49;0.26;2.47;0.00;0.00;1.00;8;1;0;0;0.04;0.30;0.30;0.00;0.00;-0.00;0.01;-0.00;0.52;2.47;0.00;0.00;1.00
1578084369.679;3704;0.55;2.28;8.62;0.26;2.47;0.00;0.00;1.00;8;1;0;0;0.03;0.30;0.30;0.00;0.00;0.00;0.01;0.01;0.55;2.47;0.00;0.00;1.00
1578084369.779;3716;0.57;2.28;8.63;0.26;2.47;0.00;0.00;1.00;8;1;0;0;0.03;0.30;0.30;0.00;0.00;0.00;0.02;0.01;0.57;2.47;0.00;0.00;1.00
1578084369.879;3728;0.60;2.28;8.74;0.26;2.47;0.00;0.00;1.00;8;1;0;0;0.03;0.30;0.30;0.00;0.00;-0.00;0.01;0.00;0.61;2.47;0.00;0.00;1.00
1578084369.979;3740;0.63;2.28;8.77;0.26;2.47;0.00;0.00;1.00;8;1;0;0;0.03;0.30;0.30;0.00;0.00;-0.00;0.01;0.01;0.63;2.47;0.00;0.00;1.00
1578084370.079;3752;0.66;2.28;8.92;0.26;2.47;0.00;0.00;1.00;8;1;0;0;0.02;0.30;0.30;0.00;0.00;-0.01;-0.00;0.01;0.66;2.47;0.00;0.00;1.00
1578084370.179;3764;0.68;2.28;8.88;0.26;2.47;0.00;0.00;1.00;8;1;0;0;0.02;0.30;0.30;0.00;0.00;-0.00;0.02;0.01;0.68;2.47;0.00;0.00;1.00
1578084370.279;3776;0.71;2.28;9.16;0.26;2.47;0.00;0.00;1.00;8;1;0;0;0.01;0.30;0.30;0.00;0.00;0.01;0.01;0.00;0.71;2.47;0.00;0.00;1.00
1578084370.379;3788;0.73;2.28;8.82;0.26;2.47;0.00;0.00;1.00;8;1;0;0;0.03;0.30;0.30;0.00;0.00;-0.00;-0.00;-0.00;0.74;2.47;0.00;0.00;1.00
1578084370.479;3800;0.76;2.28;8.98;0.26;2.47;0.00;0.00;1.00;8;1;0;0;0.02;0.30;0.30;0.00;0.00;0.00;0.01;0.01;0.76;2.47;0.00;0.00;1.00
1578084370.579;3812;0.79;2.28;8.98;0.26;2.47;0.00;0.00;1.00;8;1;0;0;0.02;0.30;0.30;0.00;0.00;0.00;0.00;-0.00;0.79;2.47;0.00;0.00;1.00
1578084370.679;3824;0.81;2.28;8.71;0.26;2.47;0.00;0.00;1.00;8;1;0;0;0.04;0.30;0.30;0.00;0.00;-0.00;0.01;-0.01;0.81;2.47;0.00;0.00;1.00
1578084370.779;3836;0.84;2.28;8.82;0.26;2.47;0.00;0.00;1.00;8;1;0;0;0.03;0.30;0.30;0.00;0.00;-0.01;0.01;0.01;0.84;2.47;0.00;0.00;1.00
1578084370.879;3848;0.87;2.28;9.10;0.26;2.47;0.00;0.00;1.00;8;1;0;0;0.02;0.30;0.30;0.00;0.00;-0.00;0.00;0.01;0.86;2.47;0.00;0.00;1.00
1578084370.979;3860;0.89;2.28;8.72;0.26;2.47;0.00;0.00;1.00;8;1;0;0;0.04;0.30;0.30;0.00;0.00;-0.00;0.01;0.01;0.90;2.47;0.00;0.00;1.00
1578084371.079;3872;0.92;2.28;8.92;0.26;2.47;0.00;0.00;1.00;8;1;0;0;0.03;0.30;0.30;0.00;0.00;-0.00;0.01;0.01;0.92;2.47;0.00;0.00;1.00
1578084371.179;3884;0.95;2.28;8.79;0.26;2.47;0.00;0.00;1.00;8;1;0;0;0.04;0.30;0.30;0.00;0.00;-0.01;0.03;0.01;0.95;2.47;0.00;0.00;1.00
1578084371.279;3896;0.98;2.28;8.99;0.26;2.47;0.00;0.00;1.00;8;1;0;0;0.03;0.30;0.30;0.00;0.00;-0.01;0.03;0.01;0.97;2.47;0.00;0.00;1.00
1578084371.379;3908;1.00;2.28;8.86;0.26;2.47;0.00;0.00;1.00;8;1;0;0;0.03;0.30;0.30;0.00;0.00;-0.00;0.01;0.01;1.00;2.47;0.00;0.00;1.00
1578084371.479;3920;1.03;2.28;8.89;0.26;2.47;0.00;0.00;1.00;8;1;0;0;0.03;0.30;0.30;0.00;0.00;-0.00;-0.00;0.01;1.03;2.47;0.00;0.00;1.00
1578084371.579;3932;1.06;2.28;9.01;0.26;2.47;0.00;0.00;1.00;8;1;0;0;0.03;0.30;0.30;0.00;0.00;-0.01;-0.00;0.01;1.06;2.47;0.00;0.00;1.00
1578084371.679;3944;1.08;2.28;8.85;0.26;2.47;0.00;0.00;1.00;8;1;0;0;0.03;0.30;0.30;0.00;0.00;-0.00;0.00;0.01;1.08;2.47;0.00;0.00;1.00
1578084371.779;3956;1.11;2.28;8.91;0.26;2.47;0.00;0.00;1.00;8;1;0;0;0.03;0.30;0.30;0.00;0.00;0.00;0.01;0.01;1.11;2.47;0.00;0.00;1.00
1578084371.879;3968;1.14;2.28;8.97;0.26;2.47;0.00;0.00;1.00;8;1;0;0;0.03;0.30;0.30;0.00;0.00;-0.00;-0.00;0.01;1.13;2.47;0.00;0.00;1.00
1578084371.979;3980;1.16;2.27;8.98;0.26;2.47;0.00;0.00;1.00;8;1;0;0;0.03;0.30;0.30;0.00;0.00;-0.00;-0.01;0.01;1.17;2.47;0.00;0.00;1.00
1578084372.080;3992;1.19;2.28;9.29;1.23;2.47;-0.00;-0.00;1.00;9;1;1;2;0.01;0.30;0.30;0.00;0.00;-0.00;-0.02;0.01;1.18;2.47;0.00;0.00;1.00
1578084372.179;4004;1.22;2.28;9.20;1.23;2.47;-0.00;-0.00;1.00;9;1;0;2;0.01;0.30;0.30;0.00;0.00;-0.00;-0.01;0.02;1.22;2.47;-0.00;-0.00;0.79
1578084372.279;4016;1.24;2.28;9.21;1.23;2.47;-0.00;-0.00;1.00;9;1;0;2;0.01;0.30;0.30;0.00;0.00;0.00;0.00;0.00;1.24;2.47;-0.00;-0.00;1.00
1578084372.379;4028;1.27;2.27;9.29;1.23;2.47;-0.00;-0.00;1.00;9;1;0;2;0.01;0.30;0.30;0.00;0.00;0.01;0.00;0.01;1.27;2.47;-0.00;-0.00;1.00
1578084372.479;4040;1.30;2.27;9.16;1.23;2.47;-0.00;-0.00;1.00;9;1;0;2;0.02;0.30;0.30;0.00;0.00;-0.00;-0.01;-0.00;1.30;2.47;-0.00;-0.00;1.00
1578084372.579;4052;1.32;2.27;9.27;1.23;2.47;-0.00;-0.00;1.00;9;1;0;2;0.01;0.30;0.30;0.00;0.00;0.01;0.01;0.00;1.32;2.47;-0.00;-0.00;1.00
1578084372.679;4064;1.35;2.27;9.45;1.23;2.47;-0.00;-0.00;1.00;9;1;0;2;0.00;0.30;0.30;0.00;0.00;-0.00;-0.01;-0.00;1.35;2.47;-0.00;-0.00;1.00
1578084372.779;4076;1.37;2.27;9.32;1.23;2.47;-0.00;-0.00;1.00;9;1;0;2;0.01;0.30;0.30;0.00;0.00;-0.01;0.00;-0.01;1.37;2.47;-0.00;-0.00;1.00
1578084372.879;4088;1.40;2.27;8.94;1.23;2.47;-0.00;-0.00;1.00;9;1;0;2;0.03;0.30;0.30;0.00;0.00;-0.00;-0.01;-0.00;1.40;2.47;-0.00;-0.00;1.00
1578084372.979;4100;1.43;2.27;8.88;1.23;2.47;-0.00;-0.00;1.00;9;1;0;2;0.03;0.30;0.30;0.00;0.00;-0.00;0.01;0.00;1.43;2.47;-0.00;0.00;1.00
1578084373.079;4112;1.45;2.27;9.44;1.23;2.47;-0.00;-0.00;1.00;9;1;0;2;0.00;0.30;0.30;0.00;0.00;-0.00;0.01;0.01;1.43;2.47;-0.00;0.00;1.00
1578084373.179;4124;1.48;2.27;9.41;1.23;2.47;-0.00;-0.00;1.00;9;1;0;2;0.00;0.30;0.30;0.00;0.00;-0.01;0.01;0.00;1.43;2.47;-0.00;0.00;1.00
1578084373.279;4136;1.51;2.27;8.88;1.23;2.47;-0.00;-0.00;1.00;9;1;0;2;0.03;0.30;0.30;0.00;0.00;-0.01;0.02;-0.00;1.43;2.47;-0.00;0.00;1.00
1578084373.379;4148;1.53;2.27;9.43;1.23;2.47;-0.00;-0.00;1.00;9;1;0;2;0.00;0.30;0.30;0.00;0.00;-0.00;0.02;0.01;1.43;2.47;-0.00;0.00;1.00
1578084373.479;4160;1.56;2.27;9.40;1.23;2.47;-0.00;-0.00;1.00;9;1;0;2;0.01;0.30;0.30;0.00;0.00;-0.00;-0.01;-0.00;1.43;2.47;-0.00;0.00;1.00
1578084373.579;4172;1.59;2.27;9.15;1.23;2.47;-0.00;-0.00;1.00;9;1;0;2;0.02;0.30;0.30;0.00;0.00;-0.00;-0.00;-0.01;1.43;2.47;-0.00;0.00;1.00
1578084373.679;4184;1.61;2.27;9.37;1.23;2.47;-0.00;-0.00;1.00;9;1;0;2;0.01;0.30;0.30;0.00;0.00;-0.00;-0.00;0.00;1.43;2.47;-0.00;0.00;1.00
1578084373.779;4196;1.64;2.27;9.26;1.23;2.47;-0.00;-0.00;1.00;9;1;0;2;0.01;0.30;0.30;0.00;0.00;-0.00;0.02;-0.00;1.43;2.47;-0.00;0.00;1.00
1578084373.879;4208;1.67;2.27;9.13;1.23;2.47;-0.00;-0.00;1.00;9;1;0;2;0.02;0.30;0.30;0.00;0.00;0.00;0.01;0.00;1.43;2.47;-0.00;0.00;1.00
1578084373.979;4220;1.69;2.27;9.25;1.23;2.47;-0.00;-0.00;1.00;9;1;0;2;0.01;0.30;0.30;0.00;0.00;0.01;0.00;0.00;1.43;2.47;-0.00;0.00;1.00
1578084374.079;4232;1.72;2.27;9.31;1.23;2.47;-0.00;-0.00;1.00;9;1;0;2;0.01;0.30;0.30;0.00;0.00;0.00;-0.00;0.00;1.43;2.47;-0.00;0.00;1.00
1578084374.179;4244;1.75;2.27;9.36;1.23;2.47;-0.00;-0.00;1.00;9;1;0;2;0.01;0.30;0.30;0.00;0.00;-0.01;-0.01;0.01;1.43;2.47;-0.00;0.00;1.00
1578084374.279;4256;1.77;2.27;9.38;1.23;2.47;-0.00;-0.00;1.00;9;1;0;2;0.01;0.29;0.30;0.00;0.00;-0.00;0.01;0.01;1.43;2.47;-0.00;0.00;1.00
1578084374.379;4268;1.80;2.27;9.48;1.23;2.47;-0.00;-0.00;1.00;9;1;0;2;0.00;0.28;0.30;0.00;0.00;0.00;0.01;0.01;1.43;2.47;-0.00;0.00;1.00
1578084374.479;4280;1.82;2.27;9.33;1.23;2.47;-0.00;-0.00;1.00;9;1;0;2;0.01;0.27;0.29;0.00;0.00;0.00;-0.00;0.00;1.43;2.47;-0.00;0.00;1.00
1578084374.579;4292;1.84;2.27;8.40;1.23;2.47;-0.00;-0.00;1.00;9;1;0;2;0.05;0.26;0.28;0.00;0.00;0.00;0.01;0.00;1.43;2.47;-0.00;0.00;1.00
1578084374.679;4304;1.87;2.27;9.46;1.23;2.47;-0.00;-0.00;1.00;9;1;0;2;0.01;0.24;0.27;0.00;0.00;0.00;0.02;0.00;1.43;2.47;-0.00;0.00;1.00
1578084374.779;4316;1.89;2.27;8.98;1.23;2.47;-0.00;-0.00;1.00;9;1;0;2;0.03;0.22;0.26;0.00;0.00;-0.00;0.01;0.00;1.43;2.47;-0.00;0.00;1.00
1578084374.879;4328;1.92;2.27;9.43;1.23;2.47;-0.00;-0.00;1.00;9;1;0;2;0.01;0.20;0.25;0.00;0.00;-0.01;0.01;0.00;1.43;2.47;-0.00;0.00;1.00
1578084374.979;4340;1.93;2.27;8.38;1.23;2.47;-0.00;-0.00;1.00;9;1;0;2;0.06;0.18;0.23;0.00;0.00;-0.00;0.01;0.00;1.43;2.47;-0.00;0.00;1.00
1578084375.079;4352;1.95;2.28;7.79;1.23;2.47;-0.00;-0.00;1.00;9;1;0;2;0.08;0.16;0.21;0.00;0.00;0.00;0.01;-0.00;1.43;2.47;-0.00;0.00;1.00
1578084375.179;4364;1.97;2.27;8.92;1.23;2.47;-0.00;-0.00;1.00;9;1;0;2;0.03;0.14;0.20;0.00;0.00;-0.00;0.01;-0.00;1.43;2.47;-0.00;0.00;1.00
1578084375.279;4376;1.98;2.27;8.96;1.23;2.47;-0.00;-0.00;1.00;9;1;0;2;0.03;0.12;0.17;0.00;0.00;-0.00;0.02;-0.01;1.43;2.47;-0.00;0.00;1.00
1578084375.379;4388;1.99;2.27;8.91;1.23;2.47;-0.00;-0.00;1.00;9;1;0;2;0.04;0.09;0.15;0.00;0.00;-0.00;0.02;-0.00;1.43;2.47;-0.00;0.00;1.00
1578084375.479;4400;2.00;2.27;8.94;1.23;2.47;-0.00;-0.00;1.00;9;1;0;2;0.03;0.07;0.13;0.00;0.00;-0.00;0.01;-0.00;1.43;2.47;-0.00;0.00;1.00
1578084375.579;4412;2.01;2.27;8.54;1.23;2.47;-0.00;-0.00;1.00;9;1;0;2;0.05;0.05;0.11;0.00;0.00;-0.00;0.01;-0.01;1.43;2.47;-0.00;0.00;1.00
1578084375.679;4424;2.01;2.27;8.92;1.23;2.47;-0.00;-0.00;1.00;9;1;0;2;0.03;0.02;0.08;0.00;0.00;-0.00;0.01;-0.01;1.43;2.47;-0.00;0.00;1.00
1578084375.779;4436;2.02;2.27;8.52;1.23;2.47;-0.00;-0.00;1.00;9;1;0;2;0.05;0.00;0.06;0.00;0.00;-0.00;0.01;-0.01;1.43;2.47;-0.00;0.00;1.00
1578084375.879;4448;2.02;2.27;8.53;1.23;2.47;-0.00;-0.00;1.00;9;1;0;2;0.05;0.00;0.04;0.00;0.00;-0.00;0.00;-0.01;1.43;2.47;-0.00;0.00;1.00
1578084375.979;4460;2.02;2.27;8.54;1.23;2.47;-0.00;-0.00;1.00;9;1;0;2;0.05;0.00;0.02;0.00;0.00;-0.00;0.00;0.00;1.43;2.47;-0.00;0.00;1.00
1578084376.079;4472;2.02;2.27;8.91;1.23;2.47;-0.00;-0.00;1.00;9;1;0;2;0.03;0.00;0.01;0.00;0.00;-0.00;0.01;0.00;1.43;2.47;-0.00;0.00;1.00
1578084376.179;4484;2.02;2.27;8.95;1.23;2.47;-0.00;-0.00;1.00;9;1;0;2;0.03;0.00;0.01;0.00;0.00;-0.00;0.00;-0.00;1.43;2.47;-0.00;0.00;1.00
1578084376.279;4496;2.02;2.27;8.54;1.23;2.47;-0.00;-0.00;1.00;9;1;0;2;0.05;0.00;0.01;0.00;0.00;-0.00;0.01;0.00;1.43;2.47;-0.00;0.00;1.00
1578084376.379;4508;2.02;2.27;8.54;1.23;2.47;-0.00;-0.00;1.00;9;1;0;2;0.05;0.00;0.01;0.00;0.00;-0.00;0.01;0.00;1.43;2.47;-0.00;0.00;1.00
1578084376.479;4520;2.02;2.27;8.54;1.23;2.47;-0.00;-0.00;1.00;9;1;0;2;0.05;0.00;0.01;0.00;0.00;-0.00;0.01;0.00;1.43;2.47;-0.00;0.00;1.00
1578084376.579;4532;2.02;2.27;8.53;1.23;2.47;-0.00;-0.00;1.00;9;1;0;2;0.05;0.00;0.01;0.00;0.00;-0.00;0.01;0.00;1.43;2.47;-0.00;0.00;1.00
1578084376.679;4544;2.02;2.27;8.56;1.23;2.47;-0.00;-0.00;1.00;9;1;0;2;0.05;0.00;0.01;0.00;0.00;-0.00;0.00;0.00;1.43;2.47;-0.00;0.00;1.00
1578084376.779;4556;2.02;2.27;8.55;1.23;2.47;-0.00;-0.00;1.00;9;1;0;2;0.05;0.00;0.01;0.00;0.00;-0.00;0.01;0.00;1.43;2.47;-0.00;0.00;1.00
1578084376.879;4568;2.02;2.27;8.58;1.23;2.47;-0.00;-0.00;1.00;9;1;0;2;0.05;0.00;0.01;0.00;0.00;-0.00;0.01;0.00;1.43;2.47;-0.00;0.00;1.00
1578084376.979;4580;2.02;2.27;8.57;1.23;2.47;-0.00;-0.00;1.00;9;1;0;2;0.05;0.00;0.01;0.00;0.00;-0.00;0.01;0.00;1.43;2.47;-0.00;0.00;1.00
1578084377.079;4592;2.02;2.27;8.57;1.23;2.47;-0.00;-0.00;1.00;9;1;0;2;0.05;0.00;0.01;0.00;0.00;-0.00;0.01;0.00;1.43;2.47;-0.00;0.00;1.00
1578084377.179;4604;2.02;2.27;8.56;1.23;2.47;-0.00;-0.00;1.00;9;1;0;2;0.05;0.00;0.01;0.00;0.00;-0.00;0.01;0.00;1.43;2.47;-0.00;0.00;1.00
1578084377.279;4616;2.02;2.27;8.50;1.23;2.47;-0.00;-0.00;1.00;9;1;0;2;0.05;0.00;0.00;0.00;0.00;-0.00;0.01;0.00;1.43;2.47;-0.00;0.00;1.00
1578084377.379;4628;2.02;2.27;8.51;1.23;2.47;-0.00;-0.00;1.00;9;1;0;2;0.05;0.00;0.00;0.00;0.00;-0.00;0.01;0.00;1.43;2.47;-0.00;0.00;1.00
1578084377.479;4640;2.02;2.27;8.49;1.23;2.47;-0.00;-0.00;1.00;9;1;0;2;0.05;0.00;0.01;0.00;0.00;-0.00;0.01;0.00;1.43;2.47;-0.00;0.00;1.00
1578084377.579;4652;2.03;2.27;8.50;1.23;2.47;-0.00;-0.00;1.00;9;1;0;2;0.05;0.00;0.01;0.00;0.00;-0.00;0.01;0.00;1.43;2.47;-0.00;0.00;1.00
1578084377.679;4664;2.03;2.27;8.48;1.23;2.47;-0.00;-0.00;1.00;9;1;0;2;0.05;0.00;0.00;0.00;0.00;-0.00;0.01;0.00;1.43;2.47;-0.00;0.00;1.00
1578084377.779;4676;2.03;2.27;8.53;1.23;2.47;-0.00;-0.00;1.00;9;1;0;2;0.05;0.00;0.00;0.00;0.00;-0.00;0.01;0.00;1.43;2.47;-0.00;0.00;1.00
1578084377.879;4688;2.03;2.27;8.51;1.23;2.47;-0.00;-0.00;1.00;9;1;0;2;0.05;0.00;0.00;0.00;0.00;-0.00;0.01;0.00;1.43;2.47;-0.00;0.00;1.00
1578084377.979;4700;2.03;2.27;8.52;1.23;2.47;-0.00;-0.00;1.00;9;1;0;2;0.05;0.00;0.00;0.00;0.00;-0.00;0.01;0.00;1.43;2.47;-0.00;0.00;1.00
1578084378.079;4712;2.03;2.27;8.47;1.23;2.47;-0.00;-0.00;1.00;9;1;0;2;0.05;0.00;0.00;0.00;0.00;-0.00;0.01;0.00;1.43;2.47;-0.00;0.00;1.00
1578084378.179;4724;2.03;2.27;8.50;1.23;2.47;-0.00;-0.00;1.00;9;1;0;2;0.05;0.00;0.00;0.00;0.00;-0.00;0.01;0.00;1.43;2.47;-0.00;0.00;1.00
1578084378.279;4736;2.03;2.27;8.90;1.23;2.47;-0.00;-0.00;1.00;9;1;0;2;0.04;0.00;0.01;0.00;0.00;-0.00;0.00;0.00;1.43;2.47;-0.00;0.00;1.00
1578084378.379;4748;2.03;2.27;8.89;1.23;2.47;-0.00;-0.00;1.00;9;1;0;2;0.04;0.00;0.00;0.00;0.00;-0.00;0.01;0.00;1.43;2.47;-0.00;0.00;1.00
1578084378.479;4760;2.03;2.28;7.82;1.23;2.47;-0.00;-0.00;1.00;9;1;0;2;0.08;0.00;0.01;0.00;0.00;-0.00;0.01;0.00;1.43;2.47;-0.00;0.00;1.00
1578084378.579;4772;2.03;2.28;7.85;1.23;2.47;-0.00;-0.00;1.00;9;1;0;2;0.08;0.00;0.01;0.00;0.00;-0.00;0.00;0.00;1.43;2.47;-0.00;0.00;1.00
1578084378.679;4784;2.03;2.28;7.88;1.23;2.47;-0.00;-0.00;1.00;9;1;0;2;0.08;0.00;0.00;0.00;0.00;-0.00;0.01;0.00;1.43;2.47;-0.00;0.00;1.00
1578084378.779;4796;2.03;2.28;7.97;1.23;2.47;-0.00;-0.00;1.00;9;1;0;2;0.07;0.00;0.00;0.00;0.00;-0.00;0.01;0.00;1.43;2.47;-0.00;0.00;1.00
1578084378.879;4808;2.03;2.28;7.93;1.23;2.47;-0.00;-0.00;1.00;9;1;0;2;0.08;0.00;0.00;0.00;0.00;-0.00;0.00;0.00;1.43;2.47;-0.00;0.00;1.00
1578084378.979;4820;2.03;2.28;7.93;1.23;2.47;-0.00;-0.00;1.00;9;1;0;2;0.08;0.00;0.00;0.00;0.00;-0.00;0.00;0.00;1.43;2.47;-0.00;0.00;1.00
1578084379.079;4832;2.03;2.28;7.96;1.23;2.47;-0.00;-0.00;1.00;9;1;0;2;0.08;0.00;0.00;0.00;0.00;-0.00;0.00;0.00;1.43;2.47;-0.00;0.00;1.00
1578084379.179;4844;2.03;2.28;7.91;1.23;2.47;-0.00;-0.00;1.00;9;1;0;2;0.08;0.00;0.00;0.00;0.00;-0.00;0.00;0.00;1.43;2.47;-0.00;0.00;1.00
1578084379.279;4856;2.03;2.28;7.91;1.23;2.47;-0.00;-0.00;1.00;9;1;0;2;0.08;0.00;0.00;0.00;0.00;-0.00;0.00;0.00;1.43;2.47;-0.00;0.00;1.00
1578084379.379;4868;2.03;2.28;7.92;1.23;2.47;-0.00;-0.00;1.00;9;1;0;2;0.08;0.00;0.00;0.00;0.00;-0.00;0.00;0.00;1.43;2.47;-0.00;0.00;1.00
1578084379.479;4880;2.03;2.28;7.92;1.23;2.47;-0.00;-0.00;1.00;9;1;0;2;0.08;0.00;0.00;0.00;0.00;-0.00;0.01;0.00;1.43;2.47;-0.00;0.00;1.00
1578084379.579;4892;2.03;2.28;7.90;1.23;2.47;-0.00;-0.00;1.00;9;1;0;2;0.08;0.00;0.00;0.00;0.00;-0.00;0.01;0.00;1.43;2.47;-0.00;0.00;1.00
1578084379.679;4904;2.03;2.28;7.88;1.23;2.47;-0.00;-0.00;1.00;9;1;0;2;0.08;0.00;0.00;0.00;0.00;-0.00;0.00;0.00;1.43;2.47;-0.00;0.00;1.00
1578084379.779;4916;2.03;2.28;7.91;1.23;2.47;-0.00;-0.00;1.00;9;1;0;2;0.08;0.00;0.00;0.00;0.00;-0.00;0.00;0.00;1.43;2.47;-0.00;0.00;1.00
1578084379.879;4928;2.03;2.28;7.85;1.23;2.47;-0.00;-0.00;1.00;9;1;0;2;0.08;0.00;0.00;0.00;0.00;-0.00;0.00;0.00;1.43;2.47;-0.00;0.00;1.00
1578084379.979;4940;2.03;2.28;7.96;1.23;2.47;-0.00;-0.00;1.00;9;1;0;2;0.07;0.00;0.00;0.00;0.00;-0.00;0.00;0.00;1.43;2.47;-0.00;0.00;1.00
1578084380.079;4952;2.03;2.28;7.89;1.23;2.47;-0.00;-0.00;1.00;9;1;0;2;0.08;0.00;0.00;0.00;0.00;-0.00;0.00;0.00;1.43;2.47;-0.00;0.00;1.00
1578084380.179;4964;2.03;2.28;7.90;1.23;2.47;-0.00;-0.00;1.00;9;1;0;2;0.08;0.00;0.00;0.00;0.00;-0.00;0.01;0.00;1.43;2.47;-0.00;0.00;1.00
1578084380.279;4976;2.03;2.28;7.89;1.23;2.47;-0.00;-0.00;1.00;9;1;0;2;0.08;0.00;0.00;0.00;0.00;-0.00;0.01;0.00;1.43;2.47;-0.00;0.00;1.00
1578084380.379;4988;2.03;2.28;7.91;1.23;2.47;-0.00;-0.00;1.00;9;1;0;2;0.08;0.00;0.00;0.00;0.00;-0.00;0.00;0.00;1.43;2.47;-0.00;0.00;1.00
1578084380.479;5000;2.03;2.28;7.89;1.23;2.47;-0.00;-0.00;1.00;9;1;0;2;0.08;0.00;0.00;0.00;0.00;-0.00;0.01;0.00;1.43;2.47;-0.00;0.00;1.00
1578084380.579;5012;2.03;2.28;7.94;1.23;2.47;-0.00;-0.00;1.00;9;1;0;2;0.08;0.00;0.00;0.00;0.00;-0.00;0.01;0.00;1.43;2.47;-0.00;0.00;1.00
1578084380.679;5024;2.03;2.28;7.89;1.23;2.47;-0.00;-0.00;1.00;9;1;0;2;0.08;0.00;0.00;0.00;0.00;-0.00;0.01;-0.00;1.43;2.47;-0.00;0.00;1.00
1578084380.779;5036;2.03;2.28;7.90;1.23;2.47;-0.00;-0.00;1.00;9;1;0;2;0.08;0.00;0.00;0.00;0.00;-0.00;0.01;0.00;1.43;2.47;-0.00;0.00;1.00
1578084380.879;5048;2.03;2.28;7.89;1.23;2.47;-0.00;-0.00;1.00;9;1;0;2;0.08;0.00;0.00;0.00;0.00;-0.00;0.01;0.00;1.43;2.47;-0.00;0.00;1.00
1578084380.979;5060;2.03;2.28;7.91;1.23;2.47;-0.00;-0.00;1.00;9;1;0;2;0.08;0.00;0.00;0.00;0.00;-0.00;0.00;0.00;1.43;2.47;-0.00;0.00;1.00
1578084381.079;5072;2.03;2.28;7.92;1.23;2.47;-0.00;-0.00;1.00;9;1;0;2;0.08;0.00;0.00;0.00;0.00;-0.00;0.00;0.00;1.43;2.47;-0.00;0.00;1.00
1578084381.179;5084;2.03;2.28;7.90;1.23;2.47;-0.00;-0.00;1.00;9;1;0;2;0.08;0.00;0.00;0.00;0.00;-0.00;0.01;0.00;1.43;2.47;-0.00;0.00;1.00
1578084381.279;5096;2.03;2.28;7.91;1.23;2.47;-0.00;-0.00;1.00;9;1;0;2;0.08;0.00;0.00;0.00;0.00;-0.00;0.01;-0.00;1.43;2.47;-0.00;0.00;1.00
1578084381.379;5108;2.03;2.28;7.89;1.23;2.47;-0.00;-0.00;1.00;9;1;0;2;0.08;0.00;0.00;0.00;0.00;-0.00;0.00;0.00;1.43;2.47;-0.00;0.00;1.00
1578084381.479;5120;2.03;2.28;7.88;1.23;2.47;-0.00;-0.00;1.00;9;1;0;2;0.08;0.00;0.00;0.00;0.00;-0.00;0.00;-0.00;1.43;2.47;-0.00;0.00;1.00
1578084381.579;5132;2.03;2.28;7.89;1.23;2.47;-0.00;-0.00;1.00;9;1;0;2;0.08;0.00;0.00;0.00;0.00;-0.00;0.01;0.00;1.43;2.47;-0.00;0.00;1.00
1578084381.679;5144;2.03;2.28;7.90;1.23;2.47;-0.00;-0.00;1.00;9;1;0;2;0.08;0.00;0.00;0.00;0.00;-0.00;0.01;0.00;1.43;2.47;-0.00;0.00;1.00
1578084381.779;5156;2.03;2.28;7.93;1.23;2.47;-0.00;-0.00;1.00;9;1;0;2;0.08;0.00;0.00;0.00;0.00;-0.00;0.01;0.00;1.43;2.47;-0.00;0.00;1.00
1578084381.879;5168;2.03;2.28;7.93;1.23;2.47;-0.00;-0.00;1.00;9;1;0;2;0.08;0.00;0.00;0.00;0.00;-0.00;0.01;0.00;1.43;2.47;-0.00;0.00;1.00
1578084381.979;5180;2.03;2.28;7.91;1.23;2.47;-0.00;-0.00;1.00;9;1;0;2;0.08;0.00;0.00;0.00;0.00;-0.00;0.00;0.00;1.43;2.47;-0.00;0.00;1.00
1578084382.079;5192;2.03;2.28;7.88;1.23;2.47;-0.00;-0.00;1.00;9;1;0;2;0.08;0.00;0.00;0.00;0.00;-0.00;0.01;0.00;1.43;2.47;-0.00;0.00;1.00
1578084382.179;5204;2.03;2.28;7.95;1.23;2.47;-0.00;-0.00;1.00;9;1;0;2;0.08;0.00;0.00;0.00;0.00;-0.00;0.01;0.00;1.43;2.47;-0.00;0.00;1.00
1578084382.279;5216;2.03;2.28;7.89;1.23;2.47;-0.00;-0.00;1.00;9;1;0;2;0.08;0.00;0.00;0.00;0.00;-0.00;0.01;0.00;1.43;2.47;-0.00;0.00;1.00
1578084382.379;5228;2.03;2.28;7.90;1.23;2.47;-0.00;-0.00;1.00;9;1;0;2;0.08;0.00;0.00;0.00;0.00;-0.00;0.00;0.00;1.43;2.47;-0.00;0.00;1.00
1578084382.479;5240;2.03;2.28;7.88;1.23;2.47;-0.00;-0.00;1.00;9;1;0;2;0.08;0.00;0.00;0.00;0.00;-0.00;0.00;0.00;1.43;2.47;-0.00;0.00;1.00
1578084382.579;5252;2.03;2.28;7.94;1.23;2.47;-0.00;-0.00;1.00;9;1;0;2;0.08;0.00;0.00;0.00;0.00;-0.00;0.01;0.00;1.43;2.47;-0.00;0.00;1.00
1578084382.679;5264;2.03;2.28;7.88;1.23;2.47;-0.00;-0.00;1.00;9;1;0;2;0.08;0.00;0.00;0.00;0.00;-0.00;0.01;0.00;1.43;2.47;-0.00;0.00;1.00
1578084382.779;5276;2.03;2.28;7.92;1.23;2.47;-0.00;-0.00;1.00;9;1;0;2;0.08;0.00;0.00;0.00;0.00;-0.00;0.01;0.00;1.43;2.47;-0.00;0.00;1.00
1578084382.879;5288;2.03;2.28;7.90;1.23;2.47;-0.00;-0.00;1.00;9;1;0;2;0.08;0.00;0.00;0.00;0.00;-0.00;0.01;0.00;1.43;2.47;-0.00;0.00;1.00
1578084382.979;5300;2.03;2.28;7.91;1.23;2.47;-0.00;-0.00;1.00;9;1;0;2;0.08;0.00;0.00;0.00;0.00;-0.00;0.00;0.00;1.43;2.47;-0.00;0.00;1.00
1578084383.079;5312;2.03;2.28;7.94;1.23;2.47;-0.00;-0.00;1.00;9;1;0;2;0.08;0.00;0.00;0.00;0.00;-0.00;0.01;0.00;1.43;2.47;-0.00;0.00;1.00
1578084383.179;5324;2.03;2.28;7.97;1.23;2.47;-0.00;-0.00;1.00;9;1;0;2;0.07;0.00;0.00;0.00;0.00;-0.00;0.01;0.00;1.43;2.47;-0.00;0.00;1.00
1578084383.279;5336;2.03;2.28;7.92;1.23;2.47;-0.00;-0.00;1.00;9;1;0;2;0.08;0.00;0.00;0.00;0.00;-0.00;0.00;0.00;1.43;2.47;-0.00;0.00;1.00
1578084383.379;5348;2.03;2.28;7.93;1.23;2.47;-0.00;-0.00;1.00;9;1;0;2;0.08;0.00;0.00;0.00;0.00;-0.00;0.00;0.00;1.43;2.47;-0.00;0.00;1.00
1578084383.479;5360;2.03;2.28;7.94;1.23;2.47;-0.00;-0.00;1.00;9;1;0;2;0.08;0.00;0.00;0.00;0.00;-0.00;0.00;0.00;1.43;2.47;-0.00;0.00;1.00
1578084383.579;5372;2.03;2.28;7.95;1.23;2.47;-0.00;-0.00;1.00;9;1;0;2;0.08;0.00;0.00;0.00;0.00;-0.00;0.00;0.00;1.43;2.47;-0.00;0.00;1.00
1578084383.679;5384;2.03;2.28;7.92;1.23;2.47;-0.00;-0.00;1.00;9;1;0;2;0.08;0.00;0.00;0.00;0.00;-0.00;0.01;0.00;1.43;2.47;-0.00;0.00;1.00
1578084383.779;5396;2.03;2.28;7.88;1.23;2.47;-0.00;-0.00;1.00;9;1;0;2;0.08;0.00;0.00;0.00;0.00;-0.00;0.00;0.00;1.43;2.47;-0.00;0.00;1.00
1578084383.879;5408;2.03;2.28;7.92;1.23;2.47;-0.00;-0.00;1.00;9;1;0;2;0.08;0.00;0.00;0.00;0.00;-0.00;0.01;0.00;1.43;2.47;-0.00;0.00;1.00
1578084383.979;5420;2.03;2.28;7.92;1.23;2.47;-0.00;-0.00;1.00;9;1;0;2;0.08;0.00;0.00;0.00;0.00;-0.00;0.01;0.00;1.43;2.47;-0.00;0.00;1.00
1578084384.079;5432;2.03;2.28;7.92;1.23;2.47;-0.00;-0.00;1.00;9;1;0;2;0.08;0.00;0.00;0.00;0.00;-0.00;0.00;0.00;1.43;2.47;-0.00;0.00;1.00
1578084384.179;5444;2.03;2.28;7.92;1.23;2.47;-0.00;-0.00;1.00;9;1;0;2;0.08;0.00;0.00;0.00;0.00;-0.00;0.01;0.00;1.43;2.47;-0.00;0.00;1.00
1578084384.279;5456;2.03;2.28;7.95;1.23;2.47;-0.00;-0.00;1.00;9;1;0;2;0.08;0.00;0.00;0.00;0.00;-0.00;0.00;0.00;1.43;2.47;-0.00;0.00;1.00
1578084384.379;5468;2.03;2.28;7.94;1.23;2.47;-0.00;-0.00;1.00;9;1;0;2;0.08;0.00;0.00;0.00;0.00;-0.00;0.00;0.00;1.43;2.47;-0.00;0.00;1.00
1578084384.479;5480;2.03;2.28;7.92;1.23;2.47;-0.00;-0.00;1.00;9;1;0;2;0.08;0.00;0.00;0.00;0.00;-0.00;0.01;0.00;1.43;2.47;-0.00;0.00;1.00
1578084384.579;5492;2.03;2.28;7.91;1.23;2.47;-0.00;-0.00;1.00;9;1;0;2;0.08;0.00;0.00;0.00;0.00;-0.00;0.01;0.00;1.43;2.47;-0.00;0.00;1.00
1578084384.679;5504;2.03;2.28;7.92;1.23;2.47;-0.00;-0.00;1.00;9;1;0;2;0.08;0.00;0.00;0.00;0.00;-0.00;0.00;0.00;1.43;2.47;-0.00;0.00;1.00
1578084384.779;5516;2.03;2.28;7.92;1.23;2.47;-0.00;-0.00;1.00;9;1;0;2;0.08;0.00;0.00;0.00;0.00;-0.00;0.00;0.00;1.43;2.47;-0.00;0.00;1.00
1578084384.879;5528;2.03;2.28;7.94;1.23;2.47;-0.00;-0.00;1.00;9;1;0;2;0.08;0.00;0.00;0.00;0.00;-0.00;0.01;0.00;1.43;2.47;-0.00;0.00;1.00
1578084384.979;5540;2.03;2.28;7.92;1.23;2.47;-0.00;-0.00;1.00;9;1;0;2;0.08;0.00;0.00;0.00;0.00;-0.00;0.01;0.00;1.43;2.47;-0.00;0.00;1.00
1578084385.079;5552;2.03;2.28;7.92;1.23;2.47;-0.00;-0.00;1.00;9;1;0;2;0.08;0.00;0.00;0.00;0.00;-0.00;0.01;0.00;1.43;2.47;-0.00;0.00;1.00
1578084385.179;5564;2.03;2.28;7.91;1.23;2.47;-0.00;-0.00;1.00;9;1;0;2;0.08;0.00;0.00;0.00;0.00;-0.00;0.01;0.00;1.43;2.47;-0.00;0.00;1.00
1578084385.279;5576;2.03;2.28;7.90;1.23;2.47;-0.00;-0.00;1.00;9;1;0;2;0.08;0.00;0.00;0.00;0.00;-0.00;0.01;0.00;1.43;2.47;-0.00;0.00;1.00
1578084385.379;5588;2.03;2.28;7.92;1.23;2.47;-0.00;-0.00;1.00;9;1;0;2;0.08;0.00;0.00;0.00;0.00;-0.00;0.01;0.00;1.43;2.47;-0.00;0.00;1.00
1578084385.479;5600;2.03;2.28;7.94;1.23;2.47;-0.00;-0.00;1.00;9;1;0;2;0.08;0.00;0.00;0.00;0.00;-0.00;0.01;0.00;1.43;2.47;-0.00;0.00;1.00
1578084385.579;5612;2.03;2.28;7.96;1.23;2.47;-0.00;-0.00;1.00;9;1;0;2;0.07;0.00;0.00;0.00;0.00;-0.00;0.01;0.00;1.43;2.47;-0.00;0.00;1.00
1578084385.679;5624;2.03;2.28;7.92;1.23;2.47;-0.00;-0.00;1.00;9;1;0;2;0.08;0.00;0.00;0.00;0.00;-0.00;0.01;0.00;1.43;2.47;-0.00;0.00;1.00
1578084385.779;5636;2.03;2.28;7.93;1.23;2.47;-0.00;-0.00;1.00;9;1;0;2;0.08;0.00;0.00;0.00;0.00;-0.00;0.01;0.00;1.43;2.47;-0.00;0.00;1.00
1578084385.879;5648;2.03;2.28;7.97;1.23;2.47;-0.00;-0.00;1.00;9;1;0;2;0.07;0.00;0.00;0.00;0.00;-0.00;0.00;0.00;1.43;2.47;-0.00;0.00;1.00
1578084385.979;5660;2.03;2.28;7.92;1.23;2.47;-0.00;-0.00;1.00;9;1;0;2;0.08;0.00;0.00;0.00;0.00;-0.00;0.01;0.00;1.43;2.47;-0.00;0.00;1.00
1578084386.079;5672;2.03;2.28;7.95;1.23;2.47;-0.00;-0.00;1.00;9;1;0;2;0.08;0.00;0.00;0.00;0.00;-0.00;0.01;0.00;1.43;2.47;-0.00;0.00;1.00
1578084386.179;5684;2.03;2.28;7.89;1.23;2.47;-0.00;-0.00;1.00;9;1;0;2;0.08;0.00;0.00;0.00;0.00;-0.00;0.00;0.00;1.43;2.47;-0.00;0.00;1.00
1578084386.279;5696;2.03;2.28;7.91;1.23;2.47;-0.00;-0.00;1.00;9;1;0;2;0.08;0.00;0.00;0.00;0.00;-0.00;0.01;0.00;1.43;2.47;-0.00;0.00;1.00
1578084386.379;5708;2.03;2.28;7.93;1.23;2.47;-0.00;-0.00;1.00;9;1;0;2;0.08;0.00;0.00;0.00;0.00;-0.00;0.01;0.00;1.43;2.47;-0.00;0.00;1.00
1578084386.479;5720;2.03;2.28;7.89;1.23;2.47;-0.00;-0.00;1.00;9;1;0;2;0.08;0.00;0.00;0.00;0.00;-0.00;0.01;0.00;1.43;2.47;-0.00;0.00;1.00
1578084386.579;5732;2.03;2.28;7.94;1.23;2.47;-0.00;-0.00;1.00;9;1;0;2;0.08;0.00;0.00;0.00;0.00;-0.00;0.01;0.00;1.43;2.47;-0.00;0.00;1.00
1578084386.679;5744;2.03;2.28;7.92;1.23;2.47;-0.00;-0.00;1.00;9;1;0;2;0.08;0.00;0.00;0.00;0.00;-0.00;0.01;0.00;1.43;2.47;-0.00;0.00;1.00
