t;frame;x;y;z;x_ref;y_ref;z_ref;delta_ref;u_ref;state;ellipse;control;action;delta;u;vx;vy;vz;wx;wy;wz;xr;yr;zr;delr;ur
7.805;9;1.22;-2.13;90.03;1.19;-1.95;90.00;-0.00;0.50;0;1;0;2;0.08;0.03;0.00;0.00;-0.00;-0.00;0.00;0.00;1.19;-2.03;90.00;-0.00;0.05
7.905;16;1.22;-2.12;90.03;1.19;-1.95;90.00;-0.00;0.50;0;1;0;2;0.08;0.05;0.00;0.00;-0.00;-0.00;0.00;0.00;1.19;-2.03;90.00;-0.00;0.05
8.005;28;1.22;-2.12;90.10;1.19;-1.95;90.00;-0.00;0.50;0;1;0;2;0.07;0.07;0.05;-0.00;-0.00;-0.05;-0.03;0.01;1.19;-2.03;90.00;-0.00;0.05
8.105;39;1.22;-2.11;90.17;1.19;-1.95;90.00;-0.00;0.50;0;1;0;2;0.07;0.08;0.07;0.00;-0.00;0.02;-0.01;0.02;1.19;-2.03;90.00;-0.00;0.05
8.205;48;1.22;-2.11;90.25;1.19;-1.95;90.00;-0.00;0.50;0;1;0;2;0.07;0.10;0.08;0.00;0.00;-0.04;0.02;0.00;1.19;-2.03;90.00;-0.00;0.05
8.305;58;1.22;-2.10;90.29;1.19;-1.95;90.00;-0.00;0.50;0;1;0;2;0.07;0.11;0.10;-0.00;-0.00;-0.04;0.02;0.02;1.19;-2.03;90.00;-0.00;0.05
8.405;67;1.22;-2.09;90.39;1.19;-1.95;90.00;-0.00;0.50;0;1;0;2;0.06;0.12;0.11;0.00;0.01;0.00;0.01;0.03;1.19;-2.03;90.00;-0.00;0.05
8.505;77;1.22;-2.08;90.47;1.19;-1.95;90.00;-0.00;0.50;0;1;0;2;0.06;0.12;0.12;-0.00;0.00;0.01;-0.01;0.01;1.19;-2.03;90.00;-0.00;0.05
8.605;86;1.22;-2.07;90.54;1.19;-1.95;90.00;-0.00;0.50;0;1;0;2;0.06;0.12;0.12;0.00;0.00;0.00;0.00;0.01;1.19;-2.03;90.00;-0.00;0.05
8.705;96;1.22;-2.05;90.59;1.19;-1.95;90.00;-0.00;0.50;0;1;0;2;0.05;0.12;0.12;0.00;-0.00;-0.00;-0.00;0.01;1.19;-2.03;90.00;-0.00;0.05
8.805;105;1.22;-2.04;90.62;1.19;-1.95;90.00;-0.00;0.50;0;1;0;2;0.05;0.12;0.12;0.00;-0.00;0.00;0.00;0.01;1.19;-2.03;90.00;-0.00;0.05
8.905;115;1.22;-2.03;90.65;1.19;-1.95;90.00;-0.00;0.50;0;1;0;2;0.05;0.11;0.12;0.00;-0.00;0.00;0.00;0.00;1.19;-2.03;90.00;-0.00;0.07
9.005;126;1.22;-2.02;90.66;1.19;-1.95;90.00;-0.00;0.50;0;1;0;2;0.05;0.12;0.11;0.00;-0.00;0.00;0.00;0.00;1.19;-2.02;90.00;-0.00;0.21
9.105;138;1.22;-2.00;90.68;1.19;-1.95;90.00;-0.00;0.50;0;1;0;2;0.05;0.14;0.12;0.00;-0.00;-0.00;-0.00;0.00;1.19;-2.01;90.00;-0.00;0.29
9.205;149;1.22;-1.99;90.70;1.19;-1.95;90.00;-0.00;0.50;0;1;0;2;0.05;0.16;0.14;0.00;-0.00;-0.00;0.00;0.00;1.19;-1.99;90.00;-0.00;0.36
9.305;157;1.22;-1.98;90.72;1.19;-1.79;90.00;0.00;0.50;0;2;0;2;0.04;0.18;0.16;0.00;0.00;-0.00;0.00;0.00;1.19;-1.98;90.00;-0.00;0.41
9.405;168;1.22;-1.96;90.73;1.19;-1.79;90.00;0.00;0.50;0;2;0;2;0.04;0.21;0.18;-0.00;0.00;-0.00;-0.00;0.00;1.19;-1.96;90.00;-0.00;0.48
9.505;176;1.22;-1.94;90.72;1.19;-1.79;90.00;0.00;0.50;0;2;0;2;0.04;0.23;0.21;0.00;0.00;-0.00;-0.00;0.01;1.19;-1.94;90.00;0.00;0.50
9.605;185;1.22;-1.92;90.74;1.16;-1.57;107.65;0.79;0.50;1;1;1;5;0.04;0.26;0.24;-0.00;0.00;0.02;-0.01;0.00;1.19;-1.92;90.00;0.00;0.50
9.705;195;1.22;-1.90;90.77;1.16;-1.57;107.65;0.79;0.50;1;1;0;5;-0.23;0.27;0.26;-0.00;0.00;0.00;-0.00;0.00;1.19;-1.78;89.97;0.10;0.06
9.805;209;1.22;-1.86;90.08;1.16;-1.57;107.65;0.79;0.50;1;1;0;5;-0.10;0.27;0.27;0.00;0.00;0.04;0.02;-0.12;1.19;-1.78;89.97;0.10;0.06
9.905;218;1.22;-1.84;89.81;1.16;-1.57;107.65;0.79;0.50;1;1;0;5;-0.03;0.26;0.27;0.00;0.00;-0.01;-0.00;-0.04;1.19;-1.78;89.97;0.10;0.06
10.005;227;1.22;-1.81;89.82;1.16;-1.57;107.65;0.79;0.50;1;1;0;5;0.04;0.25;0.26;0.00;-0.00;-0.00;-0.00;0.02;1.19;-1.78;89.97;0.10;0.06
10.105;237;1.22;-1.79;90.07;1.16;-1.57;107.65;0.79;0.50;1;1;0;5;0.10;0.24;0.25;-0.01;0.00;-0.00;-0.00;0.05;1.19;-1.78;89.97;0.10;0.06
10.205;245;1.22;-1.77;90.33;1.16;-1.57;107.65;0.79;0.50;1;1;0;5;0.23;0.23;0.24;0.00;0.00;-0.00;0.00;0.06;1.19;-1.77;90.09;0.21;0.14
10.305;256;1.22;-1.74;90.82;1.16;-1.57;107.65;0.79;0.50;1;1;0;5;0.36;0.23;0.23;-0.00;-0.00;0.04;-0.02;0.10;1.19;-1.74;90.83;0.33;0.21
10.405;269;1.22;-1.71;91.92;1.16;-1.57;107.65;0.79;0.50;1;1;0;5;0.51;0.24;0.23;-0.00;0.00;0.00;0.00;0.16;1.19;-1.71;92.67;0.45;0.29
10.505;279;1.22;-1.69;93.22;1.16;-1.57;107.65;0.79;0.50;1;1;0;5;0.57;0.24;0.24;-0.00;-0.00;0.00;0.00;0.22;1.19;-1.70;93.82;0.50;0.32
10.605;288;1.22;-1.67;94.43;1.16;-1.57;107.65;0.79;0.50;1;1;0;5;0.67;0.26;0.25;-0.00;-0.01;0.00;0.00;0.22;1.18;-1.67;96.07;0.57;0.36
10.705;298;1.21;-1.64;96.13;1.16;-1.57;107.65;0.79;0.50;1;1;0;5;0.75;0.27;0.25;-0.02;-0.01;-0.04;-0.04;0.31;1.18;-1.65;97.98;0.62;0.39
10.805;306;1.21;-1.62;97.79;1.16;-1.57;107.65;0.79;0.50;1;1;0;5;0.79;0.29;0.26;-0.01;-0.01;0.03;0.03;0.37;1.18;-1.63;100.24;0.67;0.42
10.905;317;1.21;-1.59;100.11;1.16;-1.57;107.65;0.79;0.50;1;1;0;5;0.79;0.31;0.32;-0.05;-0.04;0.30;0.08;0.57;1.17;-1.60;104.36;0.74;0.47
11.005;325;1.20;-1.57;102.42;0.87;-1.29;163.49;0.75;0.50;1;2;0;5;0.79;0.34;0.30;-0.01;-0.01;0.04;0.05;0.48;1.16;-1.57;107.65;0.79;0.50
11.105;336;1.20;-1.53;105.13;0.87;-1.29;163.49;0.75;0.50;1;2;0;5;0.79;0.38;0.34;-0.00;0.00;-0.11;-0.12;0.41;1.15;-1.55;111.15;0.78;0.50
11.205;348;1.19;-1.49;108.93;0.87;-1.29;163.49;0.75;0.50;1;2;0;5;0.79;0.42;0.37;-0.05;-0.07;-0.06;-0.27;0.64;1.14;-1.51;116.37;0.78;0.50
11.305;359;1.18;-1.45;113.63;0.87;-1.29;163.49;0.75;0.50;1;2;0;5;0.79;0.45;0.41;-0.05;-0.01;0.04;0.08;0.73;1.12;-1.48;121.56;0.78;0.50
11.405;367;1.16;-1.41;116.39;0.87;-1.29;163.49;0.75;0.50;1;2;0;5;0.79;0.49;0.47;-0.02;-0.01;-0.04;-0.04;0.49;1.10;-1.46;125.00;0.77;0.50
11.505;377;1.14;-1.37;119.68;0.87;-1.29;163.49;0.75;0.50;1;2;0;5;0.79;0.50;0.51;-0.07;-0.03;0.18;0.13;0.77;1.08;-1.43;130.13;0.77;0.50
11.605;388;1.12;-1.32;124.19;0.87;-1.29;163.49;0.75;0.50;1;2;0;5;0.79;0.50;0.52;-0.06;-0.01;-0.02;-0.04;0.61;1.04;-1.39;136.92;0.77;0.50
11.705;396;1.10;-1.28;127.28;0.87;-1.29;163.49;0.75;0.50;1;2;0;5;0.79;0.50;0.54;-0.10;-0.01;0.03;0.06;0.80;1.03;-1.37;140.29;0.76;0.50
11.805;405;1.07;-1.24;131.04;0.87;-1.29;163.49;0.75;0.50;1;2;0;5;0.79;0.50;0.55;-0.09;-0.01;0.00;-0.01;0.66;0.99;-1.35;145.33;0.76;0.50
11.905;416;1.04;-1.19;135.95;0.87;-1.29;163.49;0.75;0.50;1;2;0;5;0.79;0.50;0.55;-0.11;-0.01;0.02;0.02;0.73;0.96;-1.33;150.32;0.76;0.50
12.005;429;1.00;-1.13;141.91;0.87;-1.29;163.49;0.75;0.50;1;2;0;5;0.79;0.50;0.55;-0.12;-0.01;0.02;-0.05;0.74;0.92;-1.31;156.93;0.75;0.50
12.105;439;0.96;-1.09;147.10;0.87;-1.29;163.49;0.75;0.50;1;2;0;5;0.79;0.50;0.53;-0.13;-0.01;0.01;0.10;0.79;0.89;-1.30;160.22;0.75;0.50
12.205;447;0.93;-1.06;150.71;0.87;-1.29;163.49;0.75;0.50;1;2;0;5;0.79;0.50;0.54;-0.12;-0.01;0.04;-0.09;0.80;0.87;-1.29;163.49;0.75;0.50
12.305;458;0.89;-1.02;156.85;0.87;-1.29;163.49;0.75;0.50;1;2;0;5;0.79;0.50;0.53;-0.10;-0.01;-0.00;0.07;0.94;0.83;-1.28;168.03;0.66;0.50
12.405;466;0.85;-1.00;161.21;0.87;-1.29;163.49;0.75;0.50;1;2;0;5;0.79;0.50;0.51;-0.08;-0.07;-0.43;0.12;1.15;0.81;-1.28;170.68;0.60;0.50
12.505;477;0.80;-0.98;167.80;0.87;-1.29;163.49;0.75;0.50;1;2;0;5;0.79;0.50;0.53;-0.09;-0.04;0.03;0.27;1.24;0.77;-1.27;174.09;0.51;0.50
12.605;485;0.76;-0.97;172.68;0.87;-1.29;163.49;0.75;0.50;1;2;0;5;0.79;0.50;0.51;-0.02;-0.01;0.06;-0.10;0.97;0.73;-1.27;176.88;0.42;0.50
12.705;499;0.69;-0.96;180.97;0.87;-1.29;163.49;0.75;0.50;1;2;0;5;0.79;0.49;0.51;-0.02;-0.01;0.19;-0.25;1.02;0.68;-1.27;179.65;0.31;0.50
12.805;508;0.64;-0.96;186.68;0.87;-1.29;163.49;0.75;0.50;1;2;0;5;0.79;0.46;0.48;-0.03;-0.01;-0.09;0.09;1.00;0.64;-1.27;181.06;0.22;0.50
12.905;517;0.60;-0.96;191.81;0.87;-1.29;163.49;0.75;0.50;1;2;0;5;0.66;0.42;0.48;-0.05;-0.01;-0.08;0.07;1.02;0.61;-1.27;181.70;0.16;0.50
13.005;527;0.55;-0.97;195.54;0.87;-1.29;163.49;0.75;0.50;1;2;0;5;0.37;0.38;0.45;-0.06;-0.03;-0.08;0.24;0.60;0.56;-1.27;182.28;0.04;0.50
13.105;536;0.52;-0.98;196.90;0.87;-1.29;163.49;0.75;0.50;1;2;0;5;0.23;0.34;0.38;0.01;-0.01;0.10;-0.08;-0.04;0.54;-1.27;182.25;-0.02;0.50
13.205;546;0.48;-0.99;196.62;0.87;-1.29;163.49;0.75;0.50;1;2;0;5;0.11;0.30;0.36;-0.02;-0.01;-0.07;0.06;-0.08;0.50;-1.27;181.82;-0.11;0.50
13.305;557;0.45;-1.00;195.82;0.87;-1.29;163.49;0.75;0.50;1;2;0;5;-0.01;0.27;0.29;-0.00;-0.01;-0.06;0.05;-0.12;0.46;-1.27;180.95;-0.20;0.50
13.405;565;0.43;-1.01;195.12;0.87;-1.29;163.49;0.75;0.50;1;2;0;5;-0.03;0.24;0.26;0.01;-0.01;-0.04;0.03;-0.18;0.45;-1.27;180.57;-0.23;0.50
13.505;579;0.40;-1.02;193.98;0.87;-1.29;163.49;0.75;0.50;1;2;0;5;0.03;0.21;0.23;0.00;-0.00;-0.02;0.00;-0.12;0.45;-1.27;180.57;-0.23;0.50
13.605;588;0.38;-1.02;193.74;0.87;-1.29;163.49;0.75;0.50;1;2;0;5;0.05;0.18;0.21;0.00;-0.00;0.00;-0.02;-0.01;0.45;-1.27;180.57;-0.23;0.50
13.705;598;0.36;-1.02;193.70;0.87;-1.29;163.49;0.75;0.50;1;2;0;5;0.06;0.15;0.18;-0.00;-0.00;-0.00;-0.01;-0.00;0.45;-1.27;180.57;-0.23;0.50
13.805;607;0.34;-1.03;193.68;0.87;-1.29;163.49;0.75;0.50;1;2;0;5;0.06;0.13;0.15;-0.00;-0.00;-0.00;-0.01;-0.00;0.45;-1.27;180.57;-0.23;0.50
13.905;617;0.33;-1.03;193.66;0.87;-1.29;163.49;0.75;0.50;1;2;0;5;0.07;0.10;0.13;-0.00;-0.00;-0.00;-0.01;-0.00;0.45;-1.27;180.57;-0.23;0.50
14.005;625;0.32;-1.03;193.64;0.87;-1.29;163.49;0.75;0.50;1;2;0;5;0.08;0.07;0.10;0.00;-0.00;-0.00;-0.01;-0.00;0.45;-1.27;180.57;-0.23;0.50
14.105;636;0.31;-1.04;193.61;0.23;-1.27;170.76;-0.46;0.50;2;1;1;4;0.08;0.05;0.07;0.00;-0.00;-0.00;-0.01;-0.00;0.45;-1.27;180.57;-0.23;0.50
14.205;644;0.31;-1.04;193.58;0.23;-1.27;170.76;-0.46;0.50;2;1;0;4;-0.78;0.12;0.05;0.00;-0.00;-0.00;-0.01;-0.01;0.28;-1.28;173.81;-0.41;0.44
14.305;659;0.29;-1.04;192.27;0.23;-1.27;170.76;-0.46;0.50;2;1;0;4;-0.77;0.18;0.10;0.01;-0.00;0.01;0.01;-0.23;0.26;-1.27;173.12;-0.42;0.45
14.405;667;0.28;-1.04;191.02;0.23;-1.27;170.76;-0.46;0.50;2;1;0;4;-0.77;0.24;0.19;0.01;-0.01;-0.06;-0.13;-0.27;0.25;-1.27;172.39;-0.43;0.47
14.505;678;0.26;-1.05;189.00;0.23;-1.27;170.76;-0.46;0.50;2;1;0;4;-0.79;0.30;0.24;0.01;-0.01;0.01;0.01;-0.31;0.23;-1.27;170.76;-0.46;0.50
14.605;687;0.24;-1.05;187.11;0.23;-1.27;170.76;-0.46;0.50;2;1;0;4;-0.78;0.35;0.30;0.01;-0.01;-0.02;-0.04;-0.39;0.19;-1.26;168.32;-0.41;0.50
14.705;697;0.20;-1.06;184.69;0.23;-1.27;170.76;-0.46;0.50;2;1;0;4;-0.74;0.40;0.35;0.03;0.00;0.01;0.01;-0.60;0.15;-1.25;166.17;-0.37;0.50
14.805;705;0.17;-1.06;181.34;-0.17;-1.14;159.05;0.07;0.50;2;2;0;4;-0.64;0.44;0.38;0.03;-0.01;-0.13;-0.18;-0.77;0.13;-1.25;164.89;-0.33;0.50
14.905;715;0.13;-1.06;177.04;-0.17;-1.14;159.05;0.07;0.50;2;2;0;4;-0.54;0.44;0.44;0.02;-0.01;-0.04;-0.04;-0.67;0.08;-1.23;162.72;-0.27;0.50
15.005;725;0.09;-1.06;173.98;-0.17;-1.14;159.05;0.07;0.50;2;2;0;4;-0.44;0.44;0.43;-0.01;-0.09;0.49;-0.04;-0.55;0.03;-1.22;161.03;-0.21;0.50
15.105;738;0.03;-1.06;171.82;-0.17;-1.14;159.05;0.07;0.50;2;2;0;4;-0.36;0.44;0.44;-0.00;-0.01;-0.09;-0.10;-0.15;-0.03;-1.20;159.60;-0.13;0.50
15.205;748;-0.01;-1.05;170.94;-0.17;-1.14;159.05;0.07;0.50;2;2;0;4;-0.32;0.43;0.44;0.03;-0.01;-0.01;-0.01;-0.11;-0.06;-1.18;159.08;-0.08;0.50
15.305;757;-0.05;-1.05;170.51;-0.17;-1.14;159.05;0.07;0.50;2;2;0;4;-0.28;0.43;0.42;0.01;-0.01;0.05;0.05;-0.14;-0.10;-1.17;158.82;-0.03;0.50
15.405;767;-0.09;-1.04;170.44;-0.17;-1.14;159.05;0.07;0.50;2;2;0;4;-0.25;0.43;0.43;-0.00;-0.01;0.04;0.04;-0.05;-0.13;-1.15;158.81;0.02;0.50
15.505;776;-0.13;-1.03;170.45;-0.17;-1.14;159.05;0.07;0.50;2;2;0;4;-0.21;0.44;0.43;0.00;-0.01;-0.03;-0.03;0.08;-0.17;-1.14;159.05;0.07;0.50
15.605;786;-0.17;-1.03;170.64;-0.57;-1.04;179.43;0.60;0.50;2;3;0;4;-0.16;0.44;0.42;0.01;-0.01;0.04;0.03;0.03;-0.20;-1.13;159.52;0.12;0.50
15.705;795;-0.21;-1.02;171.13;-0.57;-1.04;179.43;0.60;0.50;2;3;0;4;-0.12;0.43;0.43;0.00;-0.01;-0.02;-0.02;0.11;-0.24;-1.11;160.24;0.16;0.50
15.805;805;-0.25;-1.01;171.63;-0.57;-1.04;179.43;0.60;0.50;2;3;0;4;-0.05;0.43;0.43;0.00;-0.01;-0.00;0.00;0.12;-0.28;-1.10;161.21;0.21;0.50
15.905;818;-0.31;-1.01;172.60;-0.57;-1.04;179.43;0.60;0.50;2;3;0;4;0.04;0.43;0.43;0.00;-0.01;0.02;0.03;0.14;-0.34;-1.08;163.43;0.29;0.50
16.005;828;-0.35;-1.00;173.67;-0.57;-1.04;179.43;0.60;0.50;2;3;0;4;0.11;0.43;0.42;-0.00;-0.01;0.04;0.04;0.18;-0.37;-1.07;165.14;0.34;0.50
16.105;837;-0.39;-1.00;174.62;-0.57;-1.04;179.43;0.60;0.50;2;3;0;4;0.17;0.43;0.44;-0.00;0.00;-0.01;-0.01;0.16;-0.40;-1.07;166.44;0.37;0.50
16.205;847;-0.43;-0.99;175.55;-0.64;-1.03;180.00;0.00;0.50;3;1;1;0;0.30;0.44;0.42;-0.01;-0.00;-0.01;0.01;0.14;-0.45;-1.06;169.44;0.44;0.50
16.305;855;-0.47;-0.99;176.41;-0.64;-1.03;180.00;0.00;0.50;3;1;0;0;0.27;0.42;0.42;-0.01;-0.00;-0.01;0.01;0.25;-0.56;-1.03;180.00;0.00;0.07
16.405;866;-0.51;-0.99;177.55;-0.64;-1.03;180.00;0.00;0.50;3;1;0;0;0.22;0.40;0.41;-0.01;-0.01;-0.01;0.01;0.14;-0.56;-1.03;180.00;0.00;0.07
16.505;879;-0.56;-0.98;178.06;-0.64;-1.03;180.00;0.00;0.50;3;1;0;0;0.21;0.37;0.39;-0.00;-0.01;-0.02;0.02;0.04;-0.56;-1.03;180.00;0.00;0.07
16.605;889;-0.60;-0.98;178.12;-0.64;-1.03;180.00;0.00;0.50;3;1;0;0;0.21;0.37;0.36;-0.00;-0.01;-0.02;0.02;0.00;-0.60;-1.03;180.00;0.00;0.35
16.705;898;-0.63;-0.98;178.10;-0.79;-1.03;180.00;-0.00;0.50;3;2;0;0;0.21;0.38;0.36;-0.00;-0.01;-0.02;0.02;0.01;-0.63;-1.03;180.00;0.00;0.46
16.805;908;-0.67;-0.98;178.14;-0.79;-1.03;180.00;-0.00;0.50;3;2;0;0;0.22;0.39;0.36;-0.00;-0.01;-0.02;0.02;0.02;-0.67;-1.03;180.00;0.00;0.50
16.905;917;-0.70;-0.98;178.22;-0.79;-1.03;180.00;-0.00;0.50;3;2;0;0;0.22;0.40;0.38;-0.00;-0.01;-0.02;0.01;0.03;-0.70;-1.03;180.00;0.00;0.50
17.005;927;-0.74;-0.98;178.37;-0.79;-1.03;180.00;-0.00;0.50;3;2;0;0;0.21;0.41;0.39;-0.00;-0.01;-0.02;0.01;0.04;-0.73;-1.03;180.00;0.00;0.50
17.105;935;-0.77;-0.98;178.49;-0.79;-1.03;180.00;-0.00;0.50;3;2;0;0;0.21;0.42;0.39;-0.00;-0.01;-0.02;0.02;0.04;-0.77;-1.03;180.00;-0.00;0.50
17.205;946;-0.82;-0.98;178.66;-0.94;-1.03;180.00;0.00;0.50;3;3;0;0;0.20;0.42;0.40;-0.00;-0.01;-0.02;0.02;0.04;-0.81;-1.03;180.00;-0.00;0.50
17.305;959;-0.87;-0.97;178.84;-0.94;-1.03;180.00;0.00;0.50;3;3;0;0;0.20;0.43;0.41;-0.00;-0.01;-0.02;0.02;0.04;-0.86;-1.03;180.00;0.00;0.50
17.405;969;-0.91;-0.97;178.84;-0.94;-1.03;180.00;0.00;0.50;3;3;0;0;0.20;0.43;0.42;-0.01;-0.01;-0.03;0.04;0.05;-0.90;-1.03;180.00;0.00;0.50
17.505;977;-0.94;-0.97;178.96;-0.94;-1.03;180.00;0.00;0.50;3;3;0;0;0.20;0.44;0.42;-0.01;-0.01;-0.03;0.03;0.03;-0.94;-1.03;180.00;0.00;0.50
17.605;988;-0.99;-0.97;179.08;-0.94;-1.03;180.00;0.00;0.50;3;3;0;0;0.20;0.45;0.43;-0.00;-0.01;-0.02;0.01;0.03;-0.99;-1.03;180.00;0.00;0.50
17.705;996;-1.02;-0.97;179.18;-1.10;-1.03;180.00;-0.00;0.50;3;4;0;0;0.19;0.45;0.43;-0.00;-0.01;-0.02;0.02;0.03;-1.03;-1.03;180.00;-0.00;0.50
17.805;1005;-1.06;-0.97;179.29;-1.10;-1.03;180.00;-0.00;0.50;3;4;0;0;0.19;0.45;0.44;-0.00;-0.01;-0.02;0.02;0.03;-1.06;-1.03;180.00;-0.00;0.50
17.905;1015;-1.11;-0.97;179.33;-1.10;-1.03;180.00;-0.00;0.50;3;4;0;0;0.19;0.46;0.45;-0.01;-0.01;0.04;-0.07;-0.03;-1.11;-1.03;180.00;-0.00;0.50
18.005;1026;-1.16;-0.97;179.43;-1.10;-1.03;180.00;-0.00;0.50;3;4;0;0;0.19;0.46;0.44;-0.01;-0.01;-0.03;0.03;0.03;-1.15;-1.03;180.00;-0.00;0.50
18.105;1038;-1.21;-0.97;179.53;-1.25;-1.03;180.00;0.00;0.50;3;5;0;0;0.19;0.47;0.45;-0.00;-0.01;-0.02;0.01;0.03;-1.21;-1.03;180.00;0.00;0.50
18.205;1049;-1.26;-0.96;179.65;-1.25;-1.03;180.00;0.00;0.50;3;5;0;0;0.18;0.47;0.45;-0.00;-0.01;-0.02;0.02;0.03;-1.26;-1.03;180.00;0.00;0.50
18.305;1057;-1.30;-0.96;179.62;-1.25;-1.03;180.00;0.00;0.50;3;5;0;0;0.18;0.47;0.47;-0.01;-0.01;0.06;-0.09;-0.04;-1.29;-1.03;180.00;0.00;0.50
18.405;1068;-1.35;-0.96;179.63;-1.25;-1.03;180.00;0.00;0.50;3;5;0;0;0.19;0.48;0.46;-0.01;-0.01;-0.03;0.05;0.03;-1.35;-1.03;180.00;0.00;0.50
18.505;1076;-1.38;-0.96;179.72;-1.25;-1.03;180.00;0.00;0.50;3;5;0;0;0.18;0.48;0.46;-0.01;-0.01;-0.03;0.05;0.06;-1.38;-1.03;180.00;-0.00;0.50
18.605;1085;-1.43;-0.96;179.85;-1.25;-1.03;180.00;0.00;0.50;3;5;0;0;0.18;0.48;0.46;-0.00;-0.01;-0.03;0.03;0.03;-1.42;-1.03;180.00;-0.00;0.50
18.705;1096;-1.48;-0.96;179.93;-1.77;-1.01;162.35;-0.79;0.50;4;1;1;6;0.18;0.48;0.46;-0.00;-0.01;-0.02;0.02;0.02;-1.48;-1.03;180.00;-0.00;0.50
18.805;1108;-1.53;-0.96;180.03;-1.77;-1.01;162.35;-0.79;0.50;4;1;0;6;0.06;0.45;0.47;-0.00;-0.01;-0.02;0.02;0.03;-1.57;-1.03;180.03;-0.10;0.06
18.905;1119;-1.58;-0.96;179.57;-1.77;-1.01;162.35;-0.79;0.50;4;1;0;6;-0.11;0.41;0.43;0.01;-0.01;-0.02;0.03;-0.10;-1.57;-1.03;180.01;-0.17;0.11
19.005;1127;-1.62;-0.96;178.57;-1.77;-1.01;162.35;-0.79;0.50;4;1;0;6;-0.32;0.39;0.40;0.01;-0.01;-0.02;0.02;-0.25;-1.61;-1.04;178.59;-0.38;0.24
19.105;1138;-1.66;-0.96;176.59;-1.77;-1.01;162.35;-0.79;0.50;4;1;0;6;-0.53;0.39;0.38;0.01;-0.01;0.02;0.00;-0.31;-1.67;-1.03;174.76;-0.55;0.35
19.205;1146;-1.69;-0.96;174.96;-1.77;-1.01;162.35;-0.79;0.50;4;1;0;6;-0.70;0.40;0.39;0.02;-0.01;-0.01;-0.01;-0.44;-1.70;-1.03;170.94;-0.64;0.41
19.305;1155;-1.72;-0.96;172.38;-1.77;-1.01;162.35;-0.79;0.50;4;1;0;6;-0.79;0.42;0.40;0.01;-0.01;0.03;0.03;-0.58;-1.74;-1.02;167.12;-0.71;0.45
19.405;1166;-1.77;-0.95;168.71;-2.06;-0.71;106.51;-0.75;0.50;4;2;0;6;-0.79;0.45;0.42;0.03;0.01;0.01;0.01;-0.72;-1.78;-1.00;160.60;-0.78;0.50
19.505;1179;-1.82;-0.94;162.61;-2.06;-0.71;106.51;-0.75;0.50;4;2;0;6;-0.79;0.48;0.45;0.00;-0.01;-0.22;-0.16;-0.82;-1.84;-0.98;151.90;-0.78;0.50
19.605;1189;-1.87;-0.93;157.68;-2.06;-0.71;106.51;-0.75;0.50;4;2;0;6;-0.79;0.50;0.48;-0.00;-0.01;-0.06;-0.04;-0.79;-1.89;-0.95;145.00;-0.77;0.50
19.705;1198;-1.91;-0.91;154.53;-2.06;-0.71;106.51;-0.75;0.50;4;2;0;6;-0.79;0.50;0.52;0.01;-0.01;-0.18;-0.10;-0.51;-1.92;-0.93;139.87;-0.77;0.50
19.805;1208;-1.96;-0.89;150.62;-2.06;-0.71;106.51;-0.75;0.50;4;2;0;6;-0.79;0.50;0.53;0.06;-0.01;0.05;0.03;-0.54;-1.95;-0.89;133.08;-0.77;0.50
19.905;1216;-2.00;-0.87;148.17;-2.06;-0.71;106.51;-0.75;0.50;4;2;0;6;-0.79;0.50;0.55;0.08;-0.01;-0.13;-0.04;-0.56;-1.98;-0.86;128.02;-0.76;0.50
20.005;1227;-2.05;-0.85;143.70;-2.06;-0.71;106.51;-0.75;0.50;4;2;0;6;-0.79;0.50;0.54;0.09;-0.01;0.11;0.05;-0.61;-2.01;-0.82;121.34;-0.76;0.50
20.105;1235;-2.09;-0.83;140.87;-2.06;-0.71;106.51;-0.75;0.50;4;2;0;6;-0.79;0.50;0.55;0.11;-0.01;-0.10;-0.02;-0.64;-2.02;-0.80;118.02;-0.76;0.50
20.205;1246;-2.14;-0.80;136.29;-2.06;-0.71;106.51;-0.75;0.50;4;2;0;6;-0.79;0.50;0.55;0.11;-0.01;0.02;0.02;-0.68;-2.04;-0.75;111.42;-0.75;0.50
20.305;1258;-2.20;-0.76;131.30;-2.06;-0.71;106.51;-0.75;0.50;4;2;0;6;-0.79;0.50;0.54;0.12;-0.01;0.08;0.02;-0.83;-2.06;-0.71;106.51;-0.75;0.50
20.405;1269;-2.25;-0.72;126.28;-2.06;-0.71;106.51;-0.75;0.50;4;2;0;6;-0.79;0.50;0.54;0.12;-0.02;0.07;0.02;-0.68;-2.07;-0.68;101.97;-0.66;0.50
20.505;1277;-2.28;-0.69;122.28;-2.06;-0.71;106.51;-0.75;0.50;4;2;0;6;-0.79;0.50;0.52;0.10;-0.01;0.05;-0.01;-0.94;-2.07;-0.65;99.32;-0.60;0.50
20.605;1288;-2.31;-0.65;116.67;-2.06;-0.71;106.51;-0.75;0.50;4;2;0;6;-0.79;0.50;0.53;0.06;0.01;0.03;0.09;-1.12;-2.08;-0.61;95.91;-0.51;0.50
20.705;1296;-2.33;-0.61;112.13;-2.06;-0.71;106.51;-0.75;0.50;4;2;0;6;-0.79;0.50;0.52;0.06;-0.01;0.03;0.01;-0.87;-2.08;-0.59;93.98;-0.45;0.50
20.805;1307;-2.36;-0.56;106.43;-2.06;-0.71;106.51;-0.75;0.50;4;2;0;6;-0.79;0.50;0.53;0.06;-0.02;0.18;0.02;-1.04;-2.08;-0.55;91.61;-0.36;0.50
20.905;1316;-2.37;-0.52;100.87;-2.06;-0.71;106.51;-0.75;0.50;4;2;0;6;-0.79;0.50;0.53;0.04;-0.00;0.02;0.00;-1.17;-2.08;-0.51;89.82;-0.28;0.50
21.005;1326;-2.38;-0.47;94.62;-2.06;-0.71;106.51;-0.75;0.50;4;2;0;6;-0.79;0.50;0.51;0.02;-0.01;-0.11;0.07;-0.96;-2.08;-0.47;88.59;-0.19;0.50
21.105;1334;-2.39;-0.43;89.33;-2.06;-0.71;106.51;-0.75;0.50;4;2;0;6;-0.79;0.49;0.49;0.06;-0.06;-0.17;0.17;-1.18;-2.08;-0.43;87.90;-0.10;0.50
21.205;1345;-2.39;-0.37;81.90;-2.06;-0.71;106.51;-0.75;0.50;4;2;0;6;-0.71;0.46;0.50;0.02;-0.01;-0.05;0.05;-1.06;-2.08;-0.38;87.75;0.02;0.50
21.305;1358;-2.38;-0.31;75.49;-2.06;-0.71;106.51;-0.75;0.50;4;2;0;6;-0.19;0.42;0.46;-0.00;-0.00;-0.02;0.01;-0.64;-2.07;-0.32;88.71;0.17;0.50
21.405;1367;-2.37;-0.27;74.39;-2.06;-0.71;106.51;-0.75;0.50;4;2;0;6;-0.03;0.37;0.42;-0.01;-0.02;0.09;-0.08;0.00;-2.07;-0.29;89.43;0.23;0.50
21.505;1377;-2.36;-0.23;75.46;-2.06;-0.71;106.51;-0.75;0.50;4;2;0;6;-0.09;0.33;0.36;-0.01;-0.01;0.05;-0.07;0.21;-2.07;-0.29;89.43;0.23;0.50
21.605;1387;-2.35;-0.20;76.36;-2.06;-0.71;106.51;-0.75;0.50;4;2;0;6;-0.15;0.28;0.31;0.00;-0.01;0.04;-0.05;0.09;-2.07;-0.29;89.43;0.23;0.50
21.705;1398;-2.34;-0.17;76.75;-2.06;-0.71;106.51;-0.75;0.50;4;2;0;6;-0.18;0.24;0.27;0.00;-0.01;0.02;-0.03;0.04;-2.07;-0.29;89.43;0.23;0.50
21.805;1406;-2.34;-0.15;76.87;-2.06;-0.71;106.51;-0.75;0.50;4;2;0;6;-0.20;0.20;0.23;0.00;-0.01;0.02;-0.03;0.02;-2.07;-0.29;89.43;0.23;0.50
21.905;1417;-2.33;-0.13;77.02;-2.06;-0.71;106.51;-0.75;0.50;4;2;0;6;-0.21;0.16;0.19;0.00;-0.01;0.02;-0.02;0.02;-2.07;-0.29;89.43;0.23;0.50
22.005;1426;-2.33;-0.11;77.15;-2.06;-0.71;106.51;-0.75;0.50;4;2;0;6;-0.23;0.12;0.15;-0.00;-0.01;0.02;-0.02;0.03;-2.07;-0.29;89.43;0.23;0.50
22.105;1436;-2.33;-0.10;77.31;-2.06;-0.71;106.51;-0.75;0.50;4;2;0;6;-0.24;0.09;0.11;-0.00;-0.00;0.01;-0.02;0.03;-2.07;-0.29;89.43;0.23;0.50
22.205;1449;-2.32;-0.09;77.57;-2.06;-0.71;106.51;-0.75;0.50;4;2;0;6;-0.26;0.05;0.08;-0.00;-0.00;0.01;-0.02;0.04;-2.07;-0.29;89.43;0.23;0.50
22.305;1459;-2.32;-0.08;77.80;-2.06;-0.71;106.51;-0.75;0.50;4;2;0;6;-0.27;0.02;0.04;-0.00;-0.00;0.01;-0.01;0.05;-2.07;-0.29;89.43;0.23;0.50
22.405;1468;-2.32;-0.08;78.00;-2.06;-0.71;106.51;-0.75;0.50;4;2;0;6;-0.28;0.00;0.02;-0.00;-0.00;0.00;-0.01;0.04;-2.07;-0.29;89.43;0.23;0.50
22.505;1479;-2.32;-0.08;78.15;-2.06;-0.71;106.51;-0.75;0.50;4;2;0;6;-0.29;0.00;0.00;-0.00;-0.00;-0.00;-0.00;0.02;-2.07;-0.29;89.43;0.23;0.50
22.605;1487;-2.32;-0.08;78.24;-2.06;-0.71;106.51;-0.75;0.50;4;2;0;6;-0.29;0.00;0.00;0.00;-0.00;-0.00;-0.00;0.02;-2.07;-0.29;89.43;0.23;0.50
22.705;1496;-2.32;-0.08;78.31;-2.06;-0.71;106.51;-0.75;0.50;4;2;0;6;-0.30;0.00;0.00;-0.00;-0.00;-0.00;-0.00;0.01;-2.07;-0.29;89.43;0.23;0.50
22.805;1506;-2.32;-0.08;78.36;-2.06;-0.71;106.51;-0.75;0.50;4;2;0;6;-0.30;0.00;0.00;-0.00;-0.00;-0.00;-0.00;0.01;-2.07;-0.29;89.43;0.23;0.50
22.905;1516;-2.32;-0.08;78.40;-2.06;-0.71;106.51;-0.75;0.50;4;2;0;6;-0.30;0.00;0.00;-0.00;-0.00;-0.00;-0.00;0.00;-2.07;-0.29;89.43;0.23;0.50
23.005;1525;-2.32;-0.08;78.42;-2.06;-0.71;106.51;-0.75;0.50;4;2;0;6;-0.30;0.00;0.00;-0.00;-0.00;-0.00;0.00;0.00;-2.07;-0.29;89.43;0.23;0.50
23.105;1535;-2.32;-0.08;78.43;-2.06;-0.71;106.51;-0.75;0.50;4;2;0;6;-0.30;0.00;0.00;-0.00;-0.00;-0.00;0.00;0.00;-2.07;-0.29;89.43;0.23;0.50
23.205;1549;-2.32;-0.08;78.45;-2.06;-0.71;106.51;-0.75;0.50;4;2;0;6;-0.30;0.00;0.00;-0.00;-0.00;-0.00;0.00;0.00;-2.07;-0.29;89.43;0.23;0.50
23.305;1559;-2.32;-0.08;78.45;-2.06;-0.71;106.51;-0.75;0.50;4;2;0;6;-0.30;0.00;0.00;-0.00;-0.00;-0.00;0.00;0.00;-2.07;-0.29;89.43;0.23;0.50
23.405;1567;-2.32;-0.08;78.45;-2.06;-0.71;106.51;-0.75;0.50;4;2;0;6;-0.30;0.00;0.00;-0.00;-0.00;-0.00;0.00;0.00;-2.07;-0.29;89.43;0.23;0.50
23.505;1578;-2.32;-0.08;78.45;-2.06;-0.71;106.51;-0.75;0.50;4;2;0;6;-0.30;0.00;0.00;-0.00;-0.00;-0.00;0.00;0.00;-2.07;-0.29;89.43;0.23;0.50
23.605;1587;-2.32;-0.08;78.46;-2.06;-0.71;106.51;-0.75;0.50;4;2;0;6;-0.30;0.00;0.00;-0.00;-0.00;-0.00;0.00;0.00;-2.07;-0.29;89.43;0.23;0.50
23.705;1597;-2.32;-0.08;78.46;-2.06;-0.71;106.51;-0.75;0.50;4;2;0;6;-0.30;0.00;0.00;-0.00;-0.00;-0.00;0.00;0.00;-2.07;-0.29;89.43;0.23;0.50
23.805;1605;-2.32;-0.08;78.46;-2.06;-0.71;106.51;-0.75;0.50;4;2;0;6;-0.30;0.00;0.00;-0.00;-0.00;-0.00;0.00;0.00;-2.07;-0.29;89.43;0.23;0.50
23.905;1616;-2.32;-0.08;78.46;-2.06;-0.71;106.51;-0.75;0.50;4;2;0;6;-0.30;0.00;0.00;-0.00;-0.00;-0.00;0.00;-0.00;-2.07;-0.29;89.43;0.23;0.50
24.005;1625;-2.32;-0.08;78.46;-2.06;-0.71;106.51;-0.75;0.50;4;2;0;6;-0.30;0.00;0.00;-0.00;-0.00;-0.00;0.00;-0.00;-2.07;-0.29;89.43;0.23;0.50
24.105;1635;-2.32;-0.08;78.46;-2.06;-0.71;106.51;-0.75;0.50;4;2;0;6;-0.30;0.00;0.00;-0.00;-0.00;-0.00;0.00;-0.00;-2.07;-0.29;89.43;0.23;0.50
24.205;1649;-2.32;-0.08;78.46;-2.06;-0.71;106.51;-0.75;0.50;4;2;0;6;-0.30;0.00;0.00;-0.00;-0.00;-0.00;0.00;-0.00;-2.07;-0.29;89.43;0.23;0.50
24.305;1658;-2.32;-0.08;78.45;-2.06;-0.71;106.51;-0.75;0.50;4;2;0;6;-0.30;0.00;0.00;-0.00;-0.00;-0.00;0.00;-0.00;-2.07;-0.29;89.43;0.23;0.50
24.405;1669;-2.32;-0.08;78.45;-2.06;-0.71;106.51;-0.75;0.50;4;2;0;6;-0.30;0.00;0.00;-0.00;-0.00;-0.00;0.00;-0.00;-2.07;-0.29;89.43;0.23;0.50
24.505;1677;-2.32;-0.08;78.45;-2.06;-0.71;106.51;-0.75;0.50;4;2;0;6;-0.30;0.00;0.00;-0.00;-0.00;-0.00;0.00;-0.00;-2.07;-0.29;89.43;0.23;0.50
24.605;1686;-2.32;-0.08;78.45;-2.06;-0.71;106.51;-0.75;0.50;4;2;0;6;-0.30;0.00;0.00;-0.00;-0.00;-0.00;0.00;-0.00;-2.07;-0.29;89.43;0.23;0.50
24.705;1696;-2.32;-0.08;78.45;-2.06;-0.71;106.51;-0.75;0.50;4;2;0;6;-0.30;0.00;0.00;-0.00;-0.00;-0.00;0.00;-0.00;-2.07;-0.29;89.43;0.23;0.50
24.805;1707;-2.32;-0.08;78.45;-2.06;-0.71;106.51;-0.75;0.50;4;2;0;6;-0.30;0.00;0.00;-0.00;-0.00;-0.00;0.00;-0.00;-2.07;-0.29;89.43;0.23;0.50
24.905;1715;-2.32;-0.08;78.45;-2.06;-0.71;106.51;-0.75;0.50;4;2;0;6;-0.30;0.00;0.00;-0.00;-0.00;-0.00;0.00;-0.00;-2.07;-0.29;89.43;0.23;0.50
25.005;1726;-2.32;-0.08;78.45;-2.06;-0.71;106.51;-0.75;0.50;4;2;0;6;-0.30;0.00;0.00;-0.00;-0.00;-0.00;0.00;-0.00;-2.07;-0.29;89.43;0.23;0.50
25.105;1734;-2.32;-0.08;78.45;-2.06;-0.71;106.51;-0.75;0.50;4;2;0;6;-0.30;0.00;0.00;-0.00;-0.00;-0.00;0.00;-0.00;-2.07;-0.29;89.43;0.23;0.50
25.205;1745;-2.32;-0.08;78.45;-2.06;-0.71;106.51;-0.75;0.50;4;2;0;6;-0.30;0.00;0.00;-0.00;-0.00;-0.00;0.00;-0.00;-2.07;-0.29;89.43;0.23;0.50
25.305;1757;-2.32;-0.08;78.45;-2.06;-0.71;106.51;-0.75;0.50;4;2;0;6;-0.30;0.00;0.00;-0.00;-0.00;-0.00;0.00;-0.00;-2.07;-0.29;89.43;0.23;0.50
25.405;1767;-2.32;-0.08;78.45;-2.06;-0.71;106.51;-0.75;0.50;4;2;0;6;-0.30;0.00;0.00;-0.00;-0.00;-0.00;0.00;-0.00;-2.07;-0.29;89.43;0.23;0.50
25.505;1777;-2.32;-0.08;78.45;-2.06;-0.71;106.51;-0.75;0.50;4;2;0;6;-0.30;0.00;0.00;-0.00;-0.00;-0.00;0.00;-0.00;-2.07;-0.29;89.43;0.23;0.50
25.605;1785;-2.32;-0.08;78.45;-2.06;-0.71;106.51;-0.75;0.50;4;2;0;6;-0.30;0.00;0.00;-0.00;-0.00;-0.00;0.00;-0.00;-2.07;-0.29;89.43;0.23;0.50
25.705;1796;-2.32;-0.08;78.45;-2.06;-0.71;106.51;-0.75;0.50;4;2;0;6;-0.30;0.00;0.00;-0.00;-0.00;-0.00;0.00;-0.00;-2.07;-0.29;89.43;0.23;0.50
25.805;1809;-2.32;-0.08;78.45;-2.06;-0.71;106.51;-0.75;0.50;4;2;0;6;-0.30;0.00;0.00;-0.00;-0.00;-0.00;0.00;-0.00;-2.07;-0.29;89.43;0.23;0.50
25.905;1819;-2.32;-0.08;78.45;-2.06;-0.71;106.51;-0.75;0.50;4;2;0;6;-0.30;0.00;0.00;-0.00;-0.00;-0.00;0.00;-0.00;-2.07;-0.29;89.43;0.23;0.50
26.005;1828;-2.32;-0.08;78.45;-2.06;-0.71;106.51;-0.75;0.50;4;2;0;6;-0.30;0.00;0.00;-0.00;-0.00;-0.00;0.00;-0.00;-2.07;-0.29;89.43;0.23;0.50
26.105;1839;-2.32;-0.08;78.44;-2.06;-0.71;106.51;-0.75;0.50;4;2;0;6;-0.30;0.00;0.00;-0.00;-0.00;-0.00;0.00;-0.00;-2.07;-0.29;89.43;0.23;0.50
26.205;1847;-2.32;-0.08;78.44;-2.06;-0.71;106.51;-0.75;0.50;4;2;0;6;-0.30;0.00;0.00;-0.00;-0.00;-0.00;0.00;-0.00;-2.07;-0.29;89.43;0.23;0.50
26.305;1857;-2.32;-0.08;78.44;-2.06;-0.71;106.51;-0.75;0.50;4;2;0;6;-0.30;0.00;0.00;-0.00;-0.00;-0.00;0.00;-0.00;-2.07;-0.29;89.43;0.23;0.50
26.405;1867;-2.32;-0.08;78.44;-2.06;-0.71;106.51;-0.75;0.50;4;2;0;6;-0.30;0.00;0.00;-0.00;-0.00;-0.00;0.00;-0.00;-2.07;-0.29;89.43;0.23;0.50
26.505;1876;-2.32;-0.08;78.44;-2.06;-0.71;106.51;-0.75;0.50;4;2;0;6;-0.30;0.00;0.00;-0.00;-0.00;-0.00;0.00;-0.00;-2.07;-0.29;89.43;0.23;0.50
26.605;1886;-2.32;-0.08;78.44;-2.06;-0.71;106.51;-0.75;0.50;4;2;0;6;-0.30;0.00;0.00;-0.00;-0.00;-0.00;0.00;-0.00;-2.07;-0.29;89.43;0.23;0.50
26.705;1895;-2.32;-0.08;78.44;-2.06;-0.71;106.51;-0.75;0.50;4;2;0;6;-0.30;0.00;0.00;-0.00;-0.00;-0.00;0.00;-0.00;-2.07;-0.29;89.43;0.23;0.50
26.805;1905;-2.32;-0.08;78.44;-2.06;-0.71;106.51;-0.75;0.50;4;2;0;6;-0.30;0.00;0.00;-0.00;-0.00;-0.00;0.00;-0.00;-2.07;-0.29;89.43;0.23;0.50
26.905;1918;-2.32;-0.08;78.44;-2.06;-0.71;106.51;-0.75;0.50;4;2;0;6;-0.30;0.00;0.00;-0.00;-0.00;-0.00;0.00;-0.00;-2.07;-0.29;89.43;0.23;0.50
27.005;1928;-2.32;-0.08;78.44;-2.06;-0.71;106.51;-0.75;0.50;4;2;0;6;-0.30;0.00;0.00;-0.00;-0.00;-0.00;0.00;-0.00;-2.07;-0.29;89.43;0.23;0.50
27.105;1936;-2.32;-0.08;78.44;-2.06;-0.71;106.51;-0.75;0.50;4;2;0;6;-0.30;0.00;0.00;-0.00;-0.00;-0.00;0.00;-0.00;-2.07;-0.29;89.43;0.23;0.50
27.205;1946;-2.32;-0.08;78.44;-2.06;-0.71;106.51;-0.75;0.50;4;2;0;6;-0.30;0.00;0.00;-0.00;-0.00;-0.00;0.00;-0.00;-2.07;-0.29;89.43;0.23;0.50
27.305;1956;-2.32;-0.07;78.44;-2.06;-0.71;106.51;-0.75;0.50;4;2;0;6;-0.30;0.00;0.00;-0.00;-0.00;-0.00;0.00;-0.00;-2.07;-0.29;89.43;0.23;0.50
27.405;1969;-2.32;-0.07;78.44;-2.06;-0.71;106.51;-0.75;0.50;4;2;0;6;-0.30;0.00;0.00;-0.00;-0.00;-0.00;0.00;-0.00;-2.07;-0.29;89.43;0.23;0.50
27.505;1975;-2.32;-0.07;78.44;-2.06;-0.71;106.51;-0.75;0.50;4;2;0;6;-0.30;0.00;0.00;-0.00;-0.00;-0.00;0.00;-0.00;-2.07;-0.29;89.43;0.23;0.50
27.605;1989;-2.32;-0.07;78.44;-2.06;-0.71;106.51;-0.75;0.50;4;2;0;6;-0.30;0.00;0.00;-0.00;-0.00;-0.00;0.00;-0.00;-2.07;-0.29;89.43;0.23;0.50
27.705;1998;-2.32;-0.07;78.44;-2.06;-0.71;106.51;-0.75;0.50;4;2;0;6;-0.30;0.00;0.00;-0.00;-0.00;-0.00;0.00;-0.00;-2.07;-0.29;89.43;0.23;0.50
27.805;2009;-2.32;-0.07;78.44;-2.06;-0.71;106.51;-0.75;0.50;4;2;0;6;-0.30;0.00;0.00;-0.00;-0.00;-0.00;0.00;-0.00;-2.07;-0.29;89.43;0.23;0.50
27.905;2017;-2.32;-0.07;78.44;-2.06;-0.71;106.51;-0.75;0.50;4;2;0;6;-0.30;0.00;0.00;-0.00;-0.00;-0.00;0.00;-0.00;-2.07;-0.29;89.43;0.23;0.50
