t;frame;x;y;z;x_ref;y_ref;z_ref;delta_ref;u_ref;state;ellipse;control;action;delta;u;vx;vy;vz;wx;wy;wz;xr;yr;zr;delr;ur
1578083655.768;11;0.75;-2.16;99.25;0.69;-1.96;90.00;0.00;1.00;0;1;0;0;-0.28;0.02;0.00;0.00;0.00;-0.00;0.01;0.00;0.69;-2.03;90.00;0.00;0.07
1578083655.867;23;0.75;-2.16;99.25;0.69;-1.96;90.00;0.00;1.00;0;1;0;0;-0.28;0.04;0.00;0.00;0.00;-0.00;0.01;0.00;0.69;-2.03;90.00;0.00;0.07
1578083655.967;35;0.75;-2.16;99.25;0.69;-1.96;90.00;0.00;1.00;0;1;0;0;-0.28;0.05;0.01;0.00;0.00;-0.00;0.01;-0.00;0.69;-2.03;90.00;0.00;0.07
1578083656.067;47;0.75;-2.16;99.13;0.69;-1.96;90.00;0.00;1.00;0;1;0;0;-0.28;0.07;0.02;0.00;0.00;0.00;0.00;-0.03;0.69;-2.03;90.00;0.00;0.07
1578083656.167;59;0.75;-2.16;99.07;0.69;-1.96;90.00;0.00;1.00;0;1;0;0;-0.27;0.08;0.04;0.00;0.00;-0.00;0.01;-0.02;0.69;-2.03;90.00;0.00;0.07
1578083656.267;71;0.75;-2.15;98.80;0.69;-1.96;90.00;0.00;1.00;0;1;0;0;-0.26;0.10;0.06;0.00;0.00;-0.00;0.00;-0.03;0.69;-2.03;90.00;0.00;0.07
1578083656.367;83;0.75;-2.14;98.61;0.69;-1.96;90.00;0.00;1.00;0;1;0;0;-0.25;0.11;0.07;0.00;0.00;-0.01;0.00;-0.04;0.69;-2.03;90.00;0.00;0.07
1578083656.467;95;0.75;-2.13;98.51;0.69;-1.96;90.00;0.00;1.00;0;1;0;0;-0.25;0.12;0.09;0.00;0.00;-0.01;0.00;-0.04;0.69;-2.03;90.00;0.00;0.07
1578083656.567;107;0.75;-2.12;98.30;0.69;-1.96;90.00;0.00;1.00;0;1;0;0;-0.24;0.13;0.10;0.00;0.00;-0.00;0.01;-0.03;0.69;-2.03;90.00;0.00;0.07
1578083656.667;119;0.75;-2.11;98.13;0.69;-1.96;90.00;0.00;1.00;0;1;0;0;-0.23;0.13;0.11;0.00;0.00;-0.01;0.01;-0.03;0.69;-2.03;90.00;0.00;0.07
1578083656.767;131;0.75;-2.10;97.87;0.69;-1.96;90.00;0.00;1.00;0;1;0;0;-0.22;0.14;0.12;0.00;0.00;-0.00;0.01;-0.04;0.69;-2.03;90.00;0.00;0.07
1578083656.867;143;0.75;-2.09;97.62;0.69;-1.96;90.00;0.00;1.00;0;1;0;0;-0.20;0.14;0.13;0.00;0.00;-0.00;0.01;-0.04;0.69;-2.03;90.00;0.00;0.07
1578083656.967;155;0.75;-2.08;97.39;0.69;-1.96;90.00;0.00;1.00;0;1;0;0;-0.19;0.14;0.13;0.00;0.00;-0.00;0.00;-0.04;0.69;-2.03;90.00;0.00;0.07
1578083657.067;167;0.75;-2.07;97.20;0.69;-1.96;90.00;0.00;1.00;0;1;0;0;-0.18;0.14;0.14;0.00;0.00;-0.00;-0.00;-0.04;0.69;-2.03;90.00;0.00;0.07
1578083657.167;179;0.76;-2.06;96.88;0.69;-1.80;90.00;0.00;1.00;0;2;0;0;-0.17;0.14;0.14;0.00;0.00;-0.00;0.00;-0.04;0.69;-2.03;90.00;0.00;0.07
1578083657.267;191;0.76;-2.04;96.61;0.69;-1.80;90.00;0.00;1.00;0;2;0;0;-0.16;0.14;0.14;0.00;0.00;-0.00;0.01;-0.04;0.69;-2.03;90.00;0.00;0.07
1578083657.367;203;0.76;-2.03;96.43;0.69;-1.80;90.00;0.00;1.00;0;2;0;0;-0.15;0.14;0.14;0.00;0.00;-0.00;0.00;-0.03;0.69;-2.03;90.00;0.00;0.07
1578083657.467;215;0.76;-2.02;96.37;0.69;-1.80;90.00;0.00;1.00;0;2;0;0;-0.14;0.15;0.14;0.00;0.00;-0.00;-0.00;-0.02;0.69;-2.02;90.00;0.00;0.35
1578083657.567;227;0.76;-2.01;96.13;0.69;-1.80;90.00;0.00;1.00;0;2;0;0;-0.13;0.17;0.13;0.00;0.00;-0.00;-0.00;-0.03;0.69;-2.01;90.00;0.00;0.57
1578083657.667;239;0.76;-2.00;95.94;0.69;-1.80;90.00;0.00;1.00;0;2;0;0;-0.12;0.19;0.14;0.00;0.00;-0.00;-0.00;-0.04;0.69;-1.99;90.00;0.00;0.71
1578083657.767;251;0.76;-1.98;95.63;0.69;-1.80;90.00;0.00;1.00;0;2;0;0;-0.10;0.22;0.16;0.00;0.00;-0.01;-0.01;-0.04;0.69;-1.99;90.00;0.00;0.78
1578083657.867;263;0.76;-1.96;95.49;0.69;-1.80;90.00;0.00;1.00;0;2;0;0;-0.09;0.25;0.18;0.00;0.00;-0.01;0.01;-0.04;0.69;-1.97;90.00;0.00;0.92
1578083657.967;275;0.76;-1.94;95.17;0.69;-1.80;90.00;0.00;1.00;0;2;0;0;-0.07;0.29;0.19;0.00;0.00;-0.01;0.00;-0.05;0.69;-1.95;90.00;0.00;1.00
1578083658.067;287;0.76;-1.92;94.97;0.69;-1.80;90.00;0.00;1.00;0;2;0;0;-0.06;0.32;0.23;0.00;0.00;0.00;-0.00;-0.03;0.69;-1.93;90.00;0.00;1.00
1578083658.167;299;0.76;-1.90;94.74;0.69;-1.80;90.00;0.00;1.00;0;2;0;0;-0.04;0.36;0.26;0.00;0.00;-0.00;0.01;-0.04;0.69;-1.89;90.00;0.00;1.00
1578083658.267;311;0.77;-1.87;94.32;0.69;-1.65;90.00;0.00;1.00;0;3;0;0;-0.02;0.39;0.29;0.00;0.00;0.00;0.01;-0.05;0.69;-1.87;90.00;0.00;1.00
1578083658.367;323;0.77;-1.84;94.11;0.69;-1.65;90.00;0.00;1.00;0;3;0;0;-0.00;0.41;0.33;0.00;0.00;0.00;-0.00;-0.05;0.69;-1.84;90.00;0.00;1.00
1578083658.467;335;0.77;-1.80;93.92;0.69;-1.65;90.00;0.00;1.00;0;3;0;0;0.01;0.44;0.36;0.00;0.00;0.00;0.02;-0.04;0.69;-1.81;90.00;0.00;1.00
1578083658.567;347;0.77;-1.77;93.80;0.69;-1.65;90.00;0.00;1.00;0;3;0;0;0.03;0.47;0.39;0.00;0.00;-0.00;0.02;-0.03;0.69;-1.76;90.00;0.00;1.00
1578083658.667;359;0.78;-1.73;93.77;0.69;-1.65;90.00;0.00;1.00;0;3;0;0;0.03;0.49;0.41;0.00;0.00;0.01;0.03;-0.01;0.69;-1.73;90.00;0.00;1.00
1578083658.767;371;0.78;-1.69;93.83;0.69;-1.50;90.00;0.00;1.00;0;4;0;0;0.04;0.50;0.56;0.00;0.00;-0.01;0.02;0.00;0.69;-1.69;90.00;0.00;1.00
1578083658.867;383;0.78;-1.64;93.93;0.69;-1.50;90.00;0.00;1.00;0;4;0;0;0.04;0.50;0.47;0.00;0.00;0.01;0.01;0.01;0.69;-1.65;90.00;0.00;1.00
1578083658.967;395;0.79;-1.60;93.99;0.69;-1.50;90.00;0.00;1.00;0;4;0;0;0.05;0.50;0.48;0.00;0.00;-0.00;-0.00;0.02;0.69;-1.60;90.00;0.00;1.00
1578083659.067;407;0.79;-1.56;94.18;0.69;-1.50;90.00;0.00;1.00;0;4;0;0;0.05;0.50;0.49;0.00;0.00;-0.01;0.01;0.03;0.69;-1.56;90.00;0.00;1.00
1578083659.167;419;0.79;-1.52;94.23;0.69;-1.35;90.00;0.00;1.00;0;5;0;0;0.05;0.50;0.49;0.00;0.00;0.00;0.02;0.03;0.69;-1.52;90.00;0.00;1.00
1578083659.267;431;0.80;-1.47;94.46;0.69;-1.35;90.00;0.00;1.00;0;5;0;0;0.05;0.50;0.49;0.00;0.00;-0.01;-0.01;0.03;0.69;-1.47;90.00;0.00;1.00
1578083659.367;443;0.80;-1.43;94.64;0.69;-1.35;90.00;0.00;1.00;0;5;0;0;0.04;0.50;0.49;0.00;0.00;-0.01;-0.00;0.03;0.69;-1.43;90.00;0.00;1.00
1578083659.467;455;0.80;-1.39;94.89;0.69;-1.35;90.00;0.00;1.00;0;5;0;0;0.04;0.50;0.49;0.00;0.00;-0.00;-0.01;0.03;0.69;-1.39;90.00;0.00;1.00
1578083659.567;467;0.80;-1.35;95.04;0.69;-1.19;90.00;0.00;1.00;0;6;0;0;0.04;0.50;0.49;0.00;0.00;0.00;-0.00;0.04;0.69;-1.34;90.00;0.00;1.00
1578083659.667;479;0.81;-1.31;95.25;0.69;-1.19;90.00;0.00;1.00;0;6;0;0;0.03;0.50;0.49;0.00;0.00;-0.00;-0.01;0.03;0.69;-1.30;90.00;0.00;1.00
1578083659.767;491;0.81;-1.26;95.39;0.69;-1.19;90.00;0.00;1.00;0;6;0;0;0.03;0.50;0.49;0.00;0.00;-0.00;0.01;0.03;0.69;-1.26;90.00;0.00;1.00
1578083659.867;503;0.81;-1.22;95.56;0.67;-0.87;102.44;0.74;1.00;1;1;1;5;0.03;0.50;0.37;0.00;0.00;-0.00;0.01;0.02;0.69;-1.23;90.00;0.00;1.00
1578083659.967;515;0.81;-1.18;95.62;0.67;-0.87;102.44;0.74;1.00;1;1;0;5;-0.33;0.50;0.49;0.00;0.00;0.00;0.01;0.01;0.69;-1.03;89.99;0.05;0.06
1578083660.067;527;0.81;-1.13;94.81;0.67;-0.87;102.44;0.74;1.00;1;1;0;5;-0.21;0.49;0.49;0.00;0.00;-0.01;0.04;-0.20;0.69;-1.03;89.99;0.05;0.06
1578083660.167;539;0.82;-1.09;93.19;0.67;-0.87;102.44;0.74;1.00;1;1;0;5;-0.05;0.48;0.37;0.00;0.00;0.00;0.01;-0.22;0.69;-1.03;89.99;0.05;0.06
1578083660.267;551;0.82;-1.05;92.44;0.67;-0.87;102.44;0.74;1.00;1;1;0;5;0.07;0.46;0.49;0.00;0.00;-0.01;0.00;-0.12;0.69;-1.03;89.99;0.05;0.06
1578083660.367;563;0.83;-1.01;92.25;0.67;-0.87;102.44;0.74;1.00;1;1;0;5;0.38;0.46;0.47;0.00;0.00;-0.00;0.01;-0.05;0.69;-1.01;90.47;0.29;0.39
1578083660.467;575;0.83;-0.97;92.98;0.67;-0.87;102.44;0.74;1.00;1;1;0;5;0.58;0.47;0.46;0.00;0.00;0.00;0.02;0.20;0.69;-0.98;91.94;0.43;0.58
1578083660.567;587;0.83;-0.93;95.94;0.67;-0.87;102.44;0.74;1.00;1;1;0;5;0.69;0.48;0.46;0.00;0.00;0.00;0.02;0.44;0.69;-0.95;94.34;0.54;0.73
1578083660.667;599;0.83;-0.89;100.11;0.50;-0.61;144.94;0.80;1.00;1;2;0;5;0.75;0.49;0.46;0.00;0.00;-0.00;0.02;0.71;0.68;-0.92;97.26;0.63;0.85
1578083660.767;611;0.83;-0.85;105.23;0.50;-0.61;144.94;0.80;1.00;1;2;0;5;0.60;0.50;0.47;0.00;0.00;-0.00;-0.00;0.87;0.67;-0.88;101.25;0.72;0.97
1578083660.867;623;0.82;-0.81;110.25;0.50;-0.61;144.94;0.80;1.00;1;2;0;5;0.60;0.50;0.48;0.00;0.00;0.01;0.02;0.84;0.67;-0.85;104.89;0.75;1.00
1578083660.967;635;0.81;-0.77;114.61;0.50;-0.61;144.94;0.80;1.00;1;2;0;5;0.65;0.50;0.49;0.00;0.00;0.02;-0.00;0.74;0.66;-0.82;109.85;0.75;1.00
1578083661.067;647;0.80;-0.73;118.77;0.50;-0.61;144.94;0.80;1.00;1;2;0;5;0.67;0.50;0.49;0.00;0.00;-0.00;0.02;0.75;0.65;-0.79;113.60;0.76;1.00
1578083661.167;659;0.78;-0.69;123.32;0.50;-0.61;144.94;0.80;1.00;1;2;0;5;0.68;0.50;0.62;0.00;0.00;-0.00;-0.00;0.79;0.63;-0.76;117.39;0.76;1.00
1578083661.267;671;0.76;-0.65;128.15;0.50;-0.61;144.94;0.80;1.00;1;2;0;5;0.67;0.50;0.49;0.00;0.00;-0.01;0.01;0.82;0.62;-0.74;121.22;0.77;1.00
1578083661.367;683;0.74;-0.62;133.45;0.50;-0.61;144.94;0.80;1.00;1;2;0;5;0.64;0.50;0.37;0.00;0.00;-0.01;-0.00;0.85;0.60;-0.71;125.08;0.77;1.00
1578083661.467;695;0.71;-0.58;138.20;0.50;-0.61;144.94;0.80;1.00;1;2;0;5;0.64;0.50;0.49;0.00;0.00;-0.01;-0.01;0.82;0.59;-0.69;128.98;0.78;1.00
1578083661.567;707;0.68;-0.55;142.51;0.50;-0.61;144.94;0.80;1.00;1;2;0;5;0.70;0.50;0.50;0.00;0.00;-0.01;-0.01;0.79;0.56;-0.66;134.24;0.78;1.00
1578083661.667;719;0.65;-0.52;146.99;0.50;-0.61;144.94;0.80;1.00;1;2;0;5;0.71;0.50;0.49;0.00;0.00;-0.00;-0.00;0.83;0.54;-0.64;138.22;0.79;1.00
1578083661.767;731;0.62;-0.49;152.28;0.50;-0.61;144.94;0.80;1.00;1;2;0;5;0.68;0.50;0.62;0.00;0.00;0.00;0.01;0.89;0.52;-0.62;142.24;0.79;1.00
1578083661.867;743;0.58;-0.47;157.32;0.50;-0.61;144.94;0.80;1.00;1;2;0;5;0.65;0.50;0.49;0.00;0.00;-0.00;0.01;0.86;0.49;-0.61;146.28;0.79;1.00
1578083661.967;755;0.54;-0.45;161.88;0.50;-0.61;144.94;0.80;1.00;1;2;0;5;0.61;0.50;0.37;0.00;0.00;-0.01;0.01;0.82;0.47;-0.59;150.19;0.76;1.00
1578083662.067;767;0.50;-0.44;166.28;0.50;-0.61;144.94;0.80;1.00;1;2;0;5;0.60;0.50;0.50;0.00;0.00;-0.02;0.02;0.77;0.43;-0.57;155.11;0.73;1.00
1578083662.167;779;0.46;-0.42;170.48;0.20;-0.52;179.43;0.53;1.00;1;3;0;5;0.55;0.50;0.50;0.00;0.00;-0.01;0.02;0.72;0.41;-0.56;158.60;0.71;1.00
1578083662.267;791;0.42;-0.41;174.27;0.20;-0.52;179.43;0.53;1.00;1;3;0;5;0.42;0.50;0.50;0.00;0.00;-0.00;-0.01;0.65;0.38;-0.55;161.92;0.68;1.00
1578083662.367;803;0.38;-0.40;177.34;0.20;-0.52;179.43;0.53;1.00;1;3;0;5;0.43;0.50;0.62;0.00;0.00;-0.01;-0.01;0.52;0.34;-0.54;166.10;0.65;1.00
1578083662.467;815;0.33;-0.40;179.95;0.20;-0.52;179.43;0.53;1.00;1;3;0;5;0.45;0.50;0.49;0.00;0.00;-0.00;-0.00;0.47;0.30;-0.53;170.00;0.62;1.00
1578083662.567;827;0.29;-0.39;182.70;0.11;-0.53;180.00;0.00;1.00;2;1;1;0;0.44;0.50;0.49;0.00;0.00;-0.00;0.02;0.49;0.27;-0.53;172.76;0.59;1.00
1578083662.667;839;0.24;-0.39;185.60;0.11;-0.53;180.00;0.00;1.00;2;1;0;0;0.07;0.49;0.50;0.00;0.00;0.00;0.01;0.49;0.19;-0.53;180.00;0.00;0.07
1578083662.767;851;0.20;-0.39;187.04;0.11;-0.53;180.00;0.00;1.00;2;1;0;0;-0.00;0.47;0.50;0.00;0.00;-0.00;0.01;0.37;0.19;-0.53;180.00;0.00;0.07
1578083662.867;863;0.16;-0.39;187.11;0.11;-0.53;180.00;0.00;1.00;2;1;0;0;-0.01;0.48;0.37;0.00;0.00;-0.02;0.02;0.08;0.16;-0.53;180.00;0.00;0.64
1578083662.968;875;0.12;-0.39;187.26;-0.04;-0.53;180.00;0.00;1.00;2;2;0;0;-0.02;0.50;0.47;0.00;0.00;-0.00;-0.00;0.03;0.12;-0.53;180.00;0.00;0.92
1578083663.067;887;0.08;-0.39;187.36;-0.04;-0.53;180.00;0.00;1.00;2;2;0;0;-0.03;0.50;0.46;0.00;0.00;0.00;0.01;0.02;0.08;-0.53;180.00;0.00;1.00
1578083663.167;899;0.03;-0.39;187.28;-0.04;-0.53;180.00;0.00;1.00;2;2;0;0;-0.02;0.50;0.48;0.00;0.00;-0.01;0.02;-0.01;0.04;-0.53;180.00;0.00;1.00
1578083663.267;911;-0.01;-0.40;187.20;-0.04;-0.53;180.00;0.00;1.00;2;2;0;0;-0.02;0.50;0.49;0.00;0.00;-0.02;-0.01;-0.01;-0.01;-0.53;180.00;0.00;1.00
1578083663.367;923;-0.05;-0.39;187.05;-0.19;-0.53;180.00;0.00;1.00;2;3;0;0;-0.01;0.50;0.49;0.00;0.00;-0.01;-0.00;-0.00;-0.05;-0.53;180.00;0.00;1.00
1578083663.467;935;-0.10;-0.40;187.12;-0.19;-0.53;180.00;0.00;1.00;2;3;0;0;-0.02;0.50;0.49;0.00;0.00;-0.00;0.00;-0.00;-0.09;-0.53;180.00;0.00;1.00
1578083663.567;947;-0.14;-0.40;187.11;-0.19;-0.53;180.00;0.00;1.00;2;3;0;0;-0.02;0.50;0.49;0.00;0.00;-0.00;0.01;-0.00;-0.15;-0.53;180.00;0.00;1.00
1578083663.667;959;-0.19;-0.40;187.10;-0.19;-0.53;180.00;0.00;1.00;2;3;0;0;-0.01;0.50;0.49;0.00;0.00;0.01;-0.01;-0.00;-0.19;-0.53;180.00;0.00;1.00
1578083663.767;971;-0.23;-0.40;187.09;-0.35;-0.53;180.00;0.00;1.00;2;4;0;0;-0.02;0.50;0.49;0.00;0.00;-0.01;-0.01;-0.00;-0.23;-0.53;180.00;0.00;1.00
1578083663.867;983;-0.27;-0.40;186.93;-0.35;-0.53;180.00;0.00;1.00;2;4;0;0;-0.01;0.50;0.49;0.00;0.00;0.01;0.00;-0.01;-0.28;-0.53;180.00;0.00;1.00
1578083663.967;995;-0.32;-0.39;187.02;-0.35;-0.53;180.00;0.00;1.00;2;4;0;0;-0.01;0.50;0.49;0.00;0.00;0.01;0.01;-0.00;-0.32;-0.53;180.00;0.00;1.00
1578083664.067;1007;-0.36;-0.39;186.97;-0.50;-0.53;180.00;0.00;1.00;2;5;0;0;-0.01;0.50;0.49;0.00;0.00;-0.01;0.01;-0.01;-0.36;-0.53;180.00;0.00;1.00
1578083664.167;1019;-0.40;-0.39;186.73;-0.50;-0.53;180.00;0.00;1.00;2;5;0;0;0.01;0.50;0.49;0.00;0.00;-0.00;-0.00;-0.03;-0.40;-0.53;180.00;0.00;1.00
1578083664.267;1031;-0.45;-0.39;186.51;-0.50;-0.53;180.00;0.00;1.00;2;5;0;0;0.02;0.50;0.49;0.00;0.00;-0.01;-0.02;-0.04;-0.45;-0.53;180.00;0.00;1.00
1578083664.367;1043;-0.49;-0.39;186.28;-0.50;-0.53;180.00;0.00;1.00;2;5;0;0;0.03;0.50;0.49;0.00;0.00;-0.00;-0.00;-0.03;-0.49;-0.53;180.00;0.00;1.00
1578083664.467;1055;-0.53;-0.39;186.14;-0.50;-0.53;180.00;0.00;1.00;2;5;0;0;0.05;0.50;0.49;0.00;0.00;-0.00;0.00;-0.02;-0.53;-0.53;180.00;0.00;1.00
1578083664.567;1067;-0.58;-0.39;186.10;-0.65;-0.53;180.00;0.00;1.00;2;6;0;0;0.05;0.50;0.49;0.00;0.00;-0.01;0.01;-0.00;-0.58;-0.53;180.00;0.00;1.00
1578083664.667;1079;-0.62;-0.39;186.32;-0.65;-0.53;180.00;0.00;1.00;2;6;0;0;0.04;0.50;0.50;0.00;0.00;-0.00;0.01;0.03;-0.62;-0.53;180.00;0.00;1.00
1578083664.767;1091;-0.67;-0.38;186.55;-0.97;-0.52;167.56;-0.74;1.00;3;1;1;6;0.04;0.50;0.50;0.00;0.00;0.00;0.01;0.04;-0.66;-0.53;180.00;0.00;1.00
1578083664.867;1103;-0.71;-0.38;186.72;-0.97;-0.52;167.56;-0.74;1.00;3;1;0;6;0.07;0.49;0.49;0.00;0.00;0.00;0.02;0.03;-0.81;-0.53;180.01;-0.05;0.06
1578083664.967;1115;-0.76;-0.38;186.96;-0.97;-0.52;167.56;-0.74;1.00;3;1;0;6;-0.03;0.48;0.37;0.00;0.00;0.00;0.00;0.05;-0.81;-0.53;180.01;-0.05;0.06
1578083665.067;1127;-0.80;-0.38;186.99;-0.97;-0.52;167.56;-0.74;1.00;3;1;0;6;-0.12;0.47;0.49;0.00;0.00;0.00;0.01;0.01;-0.81;-0.53;180.01;-0.05;0.06
1578083665.167;1139;-0.84;-0.38;186.86;-0.97;-0.52;167.56;-0.74;1.00;3;1;0;6;-0.39;0.46;0.48;0.00;0.00;0.01;-0.00;-0.03;-0.83;-0.53;179.66;-0.27;0.36
1578083665.267;1151;-0.88;-0.37;185.71;-1.24;-0.35;125.06;-0.80;1.00;3;2;0;6;-0.74;0.48;0.47;0.00;0.00;0.01;0.02;-0.26;-0.90;-0.53;175.66;-0.54;0.73
1578083665.367;1163;-0.92;-0.37;182.39;-1.24;-0.35;125.06;-0.80;1.00;3;2;0;6;-1.22;0.50;0.46;0.00;0.00;-0.01;0.01;-0.53;-0.95;-0.52;169.86;-0.70;0.94
1578083665.467;1175;-0.96;-0.36;175.69;-1.24;-0.35;125.06;-0.80;1.00;3;2;0;6;-1.25;0.50;0.47;0.00;0.00;0.01;-0.00;-1.09;-1.01;-0.51;162.64;-0.75;1.00
1578083665.567;1187;-1.00;-0.35;162.39;-1.24;-0.35;125.06;-0.80;1.00;3;2;0;6;-0.98;0.50;0.48;0.00;0.00;-0.00;-0.01;-2.23;-1.07;-0.48;153.87;-0.76;1.00
1578083665.667;1199;-1.04;-0.32;146.19;-1.24;-0.35;125.06;-0.80;1.00;3;2;0;6;-0.59;0.50;0.61;0.00;0.00;0.03;0.04;-2.72;-1.13;-0.45;144.92;-0.77;1.00
1578083665.767;1211;-1.08;-0.30;135.25;-1.24;-0.35;125.06;-0.80;1.00;3;2;0;6;-0.43;0.50;0.50;0.00;0.00;-0.00;0.01;-1.89;-1.18;-0.41;137.08;-0.78;1.00
1578083665.867;1223;-1.10;-0.27;131.05;-1.24;-0.35;125.06;-0.80;1.00;3;2;0;6;-0.67;0.50;0.49;0.00;0.00;0.03;0.01;-0.83;-1.23;-0.35;126.41;-0.79;1.00
1578083665.967;1235;-1.13;-0.22;127.89;-1.32;-0.04;90.57;-0.53;1.00;3;3;0;6;-0.85;0.50;0.62;0.00;0.00;0.00;0.00;-0.69;-1.27;-0.30;117.31;-0.75;1.00
1578083666.067;1247;-1.15;-0.18;122.00;-1.32;-0.04;90.57;-0.53;1.00;3;3;0;6;-0.97;0.50;0.50;0.00;0.00;0.00;0.02;-0.99;-1.29;-0.23;109.16;-0.69;1.00
1578083666.167;1259;-1.16;-0.14;114.58;-1.32;-0.04;90.57;-0.53;1.00;3;3;0;6;-0.86;0.50;0.50;0.00;0.00;0.01;0.02;-1.27;-1.31;-0.18;102.90;-0.64;1.00
1578083666.267;1271;-1.17;-0.10;106.24;-1.31;0.04;90.00;0.00;1.00;4;1;1;0;-0.68;0.50;0.62;0.00;0.00;-0.00;-0.01;-1.38;-1.32;-0.12;97.24;-0.59;1.00
1578083666.367;1283;-1.18;-0.06;99.25;-1.31;0.04;90.00;0.00;1.00;4;1;0;0;-0.12;0.48;0.50;0.00;0.00;0.00;0.00;-1.16;-1.31;-0.03;90.00;0.00;0.07
1578083666.467;1295;-1.18;-0.01;95.14;-1.31;0.04;90.00;0.00;1.00;4;1;0;0;0.08;0.48;0.50;0.00;0.00;-0.00;-0.01;-0.63;-1.31;-0.01;90.00;0.00;0.49
1578083666.567;1307;-1.17;0.03;95.28;-1.31;0.20;90.00;0.00;1.00;4;2;0;0;0.08;0.50;0.61;0.00;0.00;-0.00;-0.01;-0.20;-1.31;0.03;90.00;0.00;0.92
1578083666.667;1319;-1.17;0.07;95.63;-1.31;0.20;90.00;0.00;1.00;4;2;0;0;0.06;0.50;0.48;0.00;0.00;-0.00;0.01;0.01;-1.31;0.07;90.00;0.00;1.00
1578083666.767;1331;-1.17;0.12;95.82;-1.31;0.20;90.00;0.00;1.00;4;2;0;0;0.06;0.50;0.48;0.00;0.00;0.00;0.01;0.03;-1.31;0.12;90.00;0.00;1.00
1578083666.867;1343;-1.17;0.16;96.08;-1.31;0.20;90.00;0.00;1.00;4;2;0;0;0.05;0.50;0.49;0.00;0.00;-0.01;-0.01;0.04;-1.31;0.16;90.00;0.00;1.00
1578083666.967;1355;-1.17;0.20;96.32;-1.31;0.35;90.00;0.00;1.00;4;3;0;0;0.04;0.50;0.49;0.00;0.00;-0.01;0.01;0.04;-1.31;0.20;90.00;0.00;1.00
1578083667.067;1367;-1.17;0.24;96.47;-1.31;0.35;90.00;0.00;1.00;4;3;0;0;0.04;0.50;0.49;0.00;0.00;0.00;-0.01;0.03;-1.31;0.25;90.00;0.00;1.00
1578083667.167;1379;-1.17;0.29;96.68;-1.31;0.35;90.00;0.00;1.00;4;3;0;0;0.03;0.50;0.49;0.00;0.00;0.01;-0.02;0.03;-1.31;0.29;90.00;0.00;1.00
1578083667.267;1391;-1.16;0.33;96.72;-1.31;0.35;90.00;0.00;1.00;4;3;0;0;0.03;0.50;0.49;0.00;0.00;0.00;-0.01;0.03;-1.31;0.33;90.00;0.00;1.00
1578083667.367;1403;-1.16;0.37;96.74;-1.31;0.35;90.00;0.00;1.00;4;3;0;0;0.04;0.50;0.37;0.00;0.00;-0.00;-0.02;0.02;-1.31;0.38;90.00;0.00;1.00
1578083667.467;1415;-1.16;0.41;96.93;-1.31;0.50;90.00;0.00;1.00;4;4;0;0;0.03;0.50;0.50;0.00;0.00;-0.00;-0.01;0.02;-1.31;0.42;90.00;0.00;1.00
1578083667.567;1427;-1.16;0.46;96.95;-1.31;0.50;90.00;0.00;1.00;4;4;0;0;0.03;0.50;0.49;0.00;0.00;-0.00;-0.00;0.02;-1.31;0.46;90.00;0.00;1.00
1578083667.667;1439;-1.16;0.50;97.19;-1.31;0.50;90.00;0.00;1.00;4;4;0;0;0.02;0.50;0.49;0.00;0.00;-0.00;0.03;0.02;-1.31;0.51;90.00;0.00;1.00
1578083667.767;1451;-1.16;0.54;97.15;-1.31;0.50;90.00;0.00;1.00;4;4;0;0;0.03;0.50;0.49;0.00;0.00;-0.00;0.01;0.01;-1.31;0.55;90.00;0.00;1.00
1578083667.867;1463;-1.16;0.59;97.28;-1.31;0.65;90.00;0.00;1.00;4;5;0;0;0.02;0.50;0.49;0.00;0.00;-0.01;0.01;0.01;-1.31;0.59;90.00;0.00;1.00
1578083667.967;1475;-1.16;0.63;97.24;-1.31;0.65;90.00;0.00;1.00;4;5;0;0;0.03;0.50;0.49;0.00;0.00;-0.00;0.03;0.01;-1.31;0.63;90.00;0.00;1.00
1578083668.067;1487;-1.15;0.68;97.29;-1.31;0.65;90.00;0.00;1.00;4;5;0;0;0.03;0.50;0.62;0.00;0.00;0.00;0.04;0.02;-1.31;0.68;90.00;0.00;1.00
1578083668.167;1499;-1.15;0.72;97.40;-1.31;0.65;90.00;0.00;1.00;4;5;0;0;0.02;0.50;0.50;0.00;0.00;-0.01;0.02;0.02;-1.31;0.72;90.00;0.00;1.00
1578083668.267;1511;-1.15;0.76;97.57;-1.31;0.65;90.00;0.00;1.00;4;5;0;0;0.02;0.50;0.50;0.00;0.00;-0.01;0.01;0.02;-1.31;0.76;90.00;0.00;1.00
1578083668.367;1523;-1.15;0.81;97.73;-1.31;0.65;90.00;0.00;1.00;4;5;0;0;0.01;0.50;0.62;0.00;0.00;0.00;0.01;0.03;-1.31;0.81;90.00;0.00;1.00
1578083668.467;1535;-1.15;0.85;97.85;-1.31;0.65;90.00;0.00;1.00;4;5;0;0;0.01;0.50;0.50;0.00;0.00;0.01;0.02;0.03;-1.31;0.85;90.00;0.00;1.00
1578083668.567;1547;-1.15;0.89;97.86;-1.31;0.65;90.00;0.00;1.00;4;5;0;0;0.01;0.50;0.49;0.00;0.00;0.01;-0.01;0.02;-1.31;0.89;90.00;0.00;1.00
1578083668.667;1559;-1.15;0.93;97.84;-1.31;1.04;90.00;0.00;1.00;5;1;1;0;0.01;0.50;0.62;0.00;0.00;0.00;0.02;0.00;-1.31;0.94;90.00;0.00;1.00
1578083668.767;1571;-1.15;0.98;97.78;-1.31;1.04;90.00;0.00;1.00;5;1;0;0;0.01;0.49;0.50;0.00;0.00;-0.01;0.04;-0.01;-1.31;0.98;90.00;0.00;0.35
1578083668.867;1583;-1.15;1.02;97.75;-1.31;1.04;90.00;0.00;1.00;5;1;0;0;0.02;0.50;0.49;0.00;0.00;-0.00;0.03;-0.01;-1.31;1.02;90.00;0.00;0.85
1578083668.967;1595;-1.15;1.07;97.80;-1.31;1.04;90.00;0.00;1.00;5;1;0;0;0.02;0.50;0.62;0.00;0.00;-0.00;0.05;0.00;-1.31;1.06;90.00;0.00;1.00
1578083669.067;1607;-1.15;1.11;97.67;-1.31;1.20;90.00;0.00;1.00;5;2;0;0;0.02;0.50;0.49;0.00;0.00;-0.01;0.03;0.00;-1.31;1.11;90.00;0.00;1.00
1578083669.167;1619;-1.15;1.15;97.76;-1.31;1.20;90.00;0.00;1.00;5;2;0;0;0.02;0.50;0.50;0.00;0.00;-0.01;0.02;-0.00;-1.31;1.15;90.00;0.00;1.00
1578083669.267;1631;-1.15;1.20;97.71;-1.31;1.20;90.00;0.00;1.00;5;2;0;0;0.02;0.50;0.62;0.00;0.00;-0.00;0.01;0.00;-1.31;1.19;90.00;0.00;1.00
1578083669.367;1643;-1.15;1.24;97.86;-1.31;1.20;90.00;0.00;1.00;5;2;0;0;0.01;0.50;0.50;0.00;0.00;-0.00;0.01;0.01;-1.31;1.25;90.00;0.00;1.00
1578083669.467;1655;-1.15;1.28;97.94;-1.31;1.35;90.00;0.00;1.00;5;3;0;0;0.01;0.50;0.50;0.00;0.00;-0.00;0.01;0.00;-1.31;1.29;90.00;0.00;1.00
1578083669.567;1667;-1.15;1.33;98.05;-1.31;1.35;90.00;0.00;1.00;5;3;0;0;0.01;0.50;0.62;0.00;0.00;0.01;-0.01;0.01;-1.31;1.33;90.00;0.00;1.00
1578083669.667;1679;-1.15;1.37;98.05;-1.31;1.35;90.00;0.00;1.00;5;3;0;0;0.01;0.50;0.50;0.00;0.00;0.00;-0.02;0.01;-1.31;1.38;90.00;0.00;1.00
1578083669.767;1691;-1.15;1.41;98.01;-1.31;1.35;90.00;0.00;1.00;5;3;0;0;0.01;0.50;0.50;0.00;0.00;-0.00;-0.02;0.01;-1.31;1.42;90.00;0.00;1.00
1578083669.867;1703;-1.15;1.46;97.85;-1.31;1.50;90.00;0.00;1.00;5;4;0;0;0.02;0.50;0.50;0.00;0.00;-0.00;-0.02;0.00;-1.31;1.46;90.00;0.00;1.00
1578083669.967;1715;-1.15;1.50;98.00;-1.31;1.50;90.00;0.00;1.00;5;4;0;0;0.01;0.50;0.50;0.00;0.00;-0.00;-0.01;0.00;-1.31;1.49;90.00;0.00;1.00
1578083670.067;1727;-1.15;1.54;98.07;-1.31;1.50;90.00;0.00;1.00;5;4;0;0;0.01;0.50;0.50;0.00;0.00;0.00;-0.01;0.01;-1.31;1.55;90.00;0.00;1.00
1578083670.167;1739;-1.15;1.59;98.08;-1.31;1.50;90.00;0.00;1.00;5;4;0;0;0.01;0.50;0.50;0.00;0.00;-0.00;0.00;0.00;-1.31;1.58;90.00;0.00;1.00
1578083670.267;1751;-1.15;1.63;97.96;-1.31;1.50;90.00;0.00;1.00;5;4;0;0;0.01;0.50;0.50;0.00;0.00;-0.01;0.01;-0.01;-1.31;1.63;90.00;0.00;1.00
1578083670.367;1763;-1.15;1.67;98.03;-1.31;1.50;90.00;0.00;1.00;5;4;0;0;0.01;0.50;0.50;0.00;0.00;-0.00;0.01;-0.00;-1.31;1.67;90.00;0.00;1.00
1578083670.467;1775;-1.15;1.72;97.88;-1.31;1.50;90.00;0.00;1.00;5;4;0;0;0.02;0.50;0.49;0.00;0.00;-0.01;0.01;-0.00;-1.31;1.72;90.00;0.00;1.00
1578083670.567;1787;-1.15;1.76;97.91;-1.31;1.50;90.00;0.00;1.00;5;4;0;0;0.02;0.50;0.49;0.00;0.00;0.00;0.01;0.01;-1.31;1.76;90.00;0.00;1.00
1578083670.667;1799;-1.15;1.80;98.10;-1.31;1.50;90.00;0.00;1.00;5;4;0;0;0.01;0.50;0.50;0.00;0.00;-0.01;0.01;0.00;-1.31;1.81;90.00;0.00;1.00
1578083670.767;1811;-1.15;1.85;98.01;-1.30;2.13;77.56;-0.74;1.00;6;1;1;6;0.01;0.50;0.49;0.00;0.00;-0.01;0.00;0.01;-1.31;1.85;90.00;0.00;1.00
1578083670.867;1823;-1.14;1.89;97.93;-1.30;2.13;77.56;-0.74;1.00;6;1;0;6;-0.01;0.49;0.49;0.00;0.00;-0.00;-0.01;0.01;-1.31;1.97;90.01;-0.05;0.06
1578083670.967;1835;-1.15;1.93;99.04;-1.30;2.13;77.56;-0.74;1.00;6;1;0;6;-0.15;0.48;0.49;0.00;0.00;0.01;0.01;0.01;-1.31;1.97;90.01;-0.05;0.06
1578083671.067;1847;-1.14;1.98;98.54;-1.30;2.13;77.56;-0.74;1.00;6;1;0;6;-0.21;0.46;0.49;0.00;0.00;-0.00;-0.01;-0.05;-1.31;1.97;90.01;-0.05;0.06
1578083671.167;1859;-1.14;2.02;97.72;-1.13;2.39;35.06;-0.80;1.00;6;2;0;6;-0.65;0.47;0.48;0.00;0.00;0.00;-0.00;-0.15;-1.31;2.03;87.68;-0.45;0.61
1578083671.267;1871;-1.14;2.06;94.86;-1.13;2.39;35.06;-0.80;1.00;6;2;0;6;-1.15;0.49;0.47;0.00;0.00;-0.00;-0.00;-0.35;-1.31;2.08;82.74;-0.63;0.85
1578083671.367;1883;-1.13;2.10;89.24;-1.13;2.39;35.06;-0.80;1.00;6;2;0;6;-1.26;0.50;0.59;0.00;0.00;-0.00;-0.00;-0.81;-1.30;2.14;76.34;-0.75;1.00
1578083671.467;1895;-1.12;2.14;76.25;-1.13;2.39;35.06;-0.80;1.00;6;2;0;6;-1.00;0.50;0.47;0.00;0.00;0.01;-0.02;-2.14;-1.28;2.20;67.65;-0.76;1.00
1578083671.567;1907;-1.10;2.17;59.88;-1.13;2.39;35.06;-0.80;1.00;6;2;0;6;-0.59;0.50;0.49;0.00;0.00;0.01;-0.01;-2.71;-1.25;2.26;58.78;-0.77;1.00
1578083671.667;1919;-1.08;2.21;48.95;-1.13;2.39;35.06;-0.80;1.00;6;2;0;6;-0.46;0.50;0.50;0.00;0.00;-0.00;0.02;-2.00;-1.21;2.32;49.71;-0.78;1.00
1578083671.767;1931;-1.05;2.24;44.56;-1.13;2.39;35.06;-0.80;1.00;6;2;0;6;-0.64;0.50;0.50;0.00;0.00;0.00;-0.01;-1.03;-1.16;2.37;40.45;-0.79;1.00
1578083671.867;1943;-1.01;2.27;41.23;-1.13;2.39;35.06;-0.80;1.00;6;2;0;6;-0.89;0.50;0.50;0.00;0.00;-0.01;-0.00;-0.73;-1.09;2.41;29.81;-0.76;1.00
1578083671.967;1955;-0.97;2.29;35.67;-0.82;2.48;0.57;-0.53;1.00;6;3;0;6;-0.93;0.50;0.62;0.00;0.00;0.01;0.01;-1.00;-1.03;2.44;21.40;-0.71;1.00
1578083672.066;1967;-0.93;2.30;27.87;-0.82;2.48;0.57;-0.53;1.00;6;3;0;6;-0.94;0.50;0.50;0.00;0.00;0.02;-0.02;-1.33;-0.97;2.46;13.90;-0.65;1.00
1578083672.167;1979;-0.89;2.31;19.60;-0.74;2.47;0.00;0.00;1.00;7;1;1;0;-0.77;0.50;0.50;0.00;0.00;0.02;-0.00;-1.43;-0.91;2.47;8.15;-0.60;1.00
1578083672.267;1991;-0.85;2.32;11.81;-0.74;2.47;0.00;0.00;1.00;7;1;0;0;-0.22;0.48;0.50;0.00;0.00;-0.00;-0.01;-1.32;-0.81;2.47;0.00;0.00;0.07
1578083672.367;2003;-0.80;2.32;6.82;-0.74;2.47;0.00;0.00;1.00;7;1;0;0;0.02;0.48;0.50;0.00;0.00;0.00;0.00;-0.80;-0.80;2.47;0.00;0.00;0.42
1578083672.467;2015;-0.76;2.32;6.56;-0.74;2.47;0.00;0.00;1.00;7;1;0;0;0.03;0.50;0.49;0.00;0.00;-0.00;-0.01;-0.15;-0.76;2.47;0.00;0.00;0.85
1578083672.567;2027;-0.72;2.32;6.43;-0.58;2.47;0.00;0.00;1.00;7;2;0;0;0.05;0.50;0.48;0.00;0.00;0.00;0.00;-0.02;-0.72;2.47;0.00;0.00;1.00
1578083672.667;2039;-0.67;2.32;6.48;-0.58;2.47;0.00;0.00;1.00;7;2;0;0;0.05;0.50;0.48;0.00;0.00;-0.01;-0.00;0.01;-0.67;2.47;0.00;0.00;1.00
1578083672.767;2051;-0.63;2.31;6.75;-0.58;2.47;0.00;0.00;1.00;7;2;0;0;0.04;0.50;0.49;0.00;0.00;-0.01;-0.01;0.01;-0.63;2.47;0.00;0.00;1.00
1578083672.867;2063;-0.59;2.31;6.70;-0.58;2.47;0.00;0.00;1.00;7;2;0;0;0.05;0.50;0.49;0.00;0.00;0.00;0.02;0.02;-0.59;2.47;0.00;0.00;1.00
1578083672.967;2075;-0.54;2.31;6.80;-0.43;2.47;0.00;0.00;1.00;7;3;0;0;0.05;0.50;0.49;0.00;0.00;0.01;0.02;0.02;-0.54;2.47;0.00;0.00;1.00
1578083673.067;2087;-0.50;2.31;6.92;-0.43;2.47;0.00;0.00;1.00;7;3;0;0;0.04;0.50;0.37;0.00;0.00;0.01;0.02;0.03;-0.49;2.47;0.00;0.00;1.00
1578083673.167;2099;-0.45;2.31;7.05;-0.43;2.47;0.00;0.00;1.00;7;3;0;0;0.04;0.50;0.49;0.00;0.00;-0.00;0.02;0.02;-0.45;2.47;0.00;0.00;1.00
1578083673.267;2111;-0.41;2.31;7.30;-0.43;2.47;0.00;0.00;1.00;7;3;0;0;0.04;0.50;0.49;0.00;0.00;-0.00;0.02;0.02;-0.40;2.47;0.00;0.00;1.00
1578083673.367;2123;-0.36;2.30;7.22;-0.43;2.47;0.00;0.00;1.00;7;3;0;0;0.04;0.50;0.37;0.00;0.00;0.00;0.01;0.01;-0.36;2.47;0.00;0.00;1.00
1578083673.467;2135;-0.32;2.30;7.31;-0.28;2.47;0.00;0.00;1.00;7;4;0;0;0.04;0.50;0.62;0.00;0.00;0.00;-0.00;0.01;-0.32;2.47;0.00;0.00;1.00
1578083673.567;2147;-0.28;2.30;7.42;-0.28;2.47;0.00;0.00;1.00;7;4;0;0;0.04;0.50;0.49;0.00;0.00;-0.01;-0.02;0.01;-0.28;2.47;0.00;0.00;1.00
1578083673.667;2159;-0.23;2.30;7.52;-0.28;2.47;0.00;0.00;1.00;7;4;0;0;0.04;0.50;0.49;0.00;0.00;-0.00;0.00;0.03;-0.23;2.47;0.00;0.00;1.00
1578083673.767;2171;-0.19;2.30;7.63;-0.28;2.47;0.00;0.00;1.00;7;4;0;0;0.04;0.50;0.62;0.00;0.00;-0.01;0.01;0.02;-0.19;2.47;0.00;0.00;1.00
1578083673.867;2183;-0.14;2.30;7.65;-0.28;2.47;0.00;0.00;1.00;7;4;0;0;0.04;0.50;0.49;0.00;0.00;-0.01;-0.00;0.02;-0.15;2.47;0.00;0.00;1.00
1578083673.967;2195;-0.10;2.30;7.92;-0.28;2.47;0.00;0.00;1.00;7;4;0;0;0.03;0.50;0.50;0.00;0.00;-0.00;0.00;0.02;-0.10;2.47;0.00;0.00;1.00
1578083674.067;2207;-0.06;2.30;8.01;-0.28;2.47;0.00;0.00;1.00;7;4;0;0;0.02;0.50;0.62;0.00;0.00;-0.01;0.02;0.02;-0.06;2.47;0.00;0.00;1.00
1578083674.167;2219;-0.01;2.29;7.87;-0.28;2.47;0.00;0.00;1.00;7;4;0;0;0.03;0.50;0.50;0.00;0.00;0.00;0.02;0.02;-0.01;2.47;0.00;0.00;1.00
1578083674.267;2231;0.03;2.29;8.34;-0.28;2.47;0.00;0.00;1.00;7;4;0;0;0.01;0.50;0.49;0.00;0.00;-0.00;0.01;0.02;0.04;2.47;0.00;0.00;1.00
1578083674.367;2243;0.08;2.29;8.34;-0.28;2.47;0.00;0.00;1.00;7;4;0;0;0.02;0.50;0.49;0.00;0.00;0.00;0.01;0.02;0.08;2.47;0.00;0.00;1.00
1578083674.467;2255;0.12;2.29;8.46;-0.28;2.47;0.00;0.00;1.00;7;4;0;0;0.01;0.50;0.49;0.00;0.00;0.00;-0.01;0.01;0.12;2.47;0.00;0.00;1.00
1578083674.567;2267;0.17;2.29;8.39;-0.28;2.47;0.00;0.00;1.00;7;4;0;0;0.02;0.50;0.49;0.00;0.00;0.00;0.01;0.01;0.17;2.47;0.00;0.00;1.00
1578083674.668;2279;0.21;2.29;8.43;0.26;2.47;0.00;0.00;1.00;8;1;1;0;0.02;0.50;0.49;0.00;0.00;-0.00;0.00;0.01;0.18;2.47;0.00;0.00;1.00
1578083674.768;2291;0.25;2.29;8.80;0.26;2.47;0.00;0.00;1.00;8;1;0;0;0.00;0.50;0.49;0.00;0.00;-0.01;-0.00;0.01;0.25;2.47;0.00;0.00;0.92
1578083674.867;2303;0.30;2.29;8.67;0.26;2.47;0.00;0.00;1.00;8;1;0;0;0.01;0.50;0.37;0.00;0.00;-0.01;-0.00;0.01;0.29;2.47;0.00;0.00;1.00
1578083674.967;2315;0.34;2.29;8.67;0.26;2.47;0.00;0.00;1.00;8;1;0;0;0.01;0.50;0.50;0.00;0.00;-0.01;-0.01;0.01;0.34;2.47;0.00;0.00;1.00
1578083675.067;2327;0.38;2.29;8.92;0.42;2.47;0.00;0.00;1.00;8;2;0;0;-0.00;0.50;0.49;0.00;0.00;-0.00;0.02;0.02;0.38;2.47;0.00;0.00;1.00
1578083675.167;2339;0.43;2.29;8.98;0.42;2.47;0.00;0.00;1.00;8;2;0;0;-0.01;0.50;0.37;0.00;0.00;0.00;-0.00;0.00;0.42;2.47;0.00;0.00;1.00
1578083675.267;2351;0.47;2.29;8.97;0.42;2.47;0.00;0.00;1.00;8;2;0;0;-0.01;0.50;0.49;0.00;0.00;-0.00;-0.00;-0.00;0.48;2.47;0.00;0.00;1.00
1578083675.367;2363;0.52;2.29;8.96;0.42;2.47;0.00;0.00;1.00;8;2;0;0;-0.00;0.50;0.49;0.00;0.00;-0.00;0.02;-0.01;0.52;2.47;0.00;0.00;1.00
1578083675.467;2375;0.56;2.29;8.80;0.42;2.47;0.00;0.00;1.00;8;2;0;0;0.01;0.50;0.37;0.00;0.00;0.00;0.03;-0.01;0.56;2.47;0.00;0.00;1.00
1578083675.567;2387;0.61;2.29;8.83;0.42;2.47;0.00;0.00;1.00;8;2;0;0;0.01;0.50;0.62;0.00;0.00;-0.00;0.02;0.01;0.61;2.47;0.00;0.00;1.00
1578083675.667;2399;0.65;2.28;8.28;0.42;2.47;0.00;0.00;1.00;8;2;0;0;0.04;0.50;0.50;0.00;0.00;0.01;0.02;-0.00;0.65;2.47;0.00;0.00;1.00
1578083675.767;2411;0.70;2.28;8.93;0.42;2.47;0.00;0.00;1.00;8;2;0;0;0.01;0.50;0.50;0.00;0.00;-0.00;0.00;0.00;0.69;2.47;0.00;0.00;1.00
1578083675.867;2423;0.74;2.28;8.48;0.42;2.47;0.00;0.00;1.00;8;2;0;0;0.03;0.50;0.62;0.00;0.00;0.01;0.02;0.01;0.74;2.47;0.00;0.00;1.00
1578083675.967;2435;0.78;2.28;9.02;0.42;2.47;0.00;0.00;1.00;8;2;0;0;0.00;0.50;0.49;0.00;0.00;-0.00;0.00;0.01;0.79;2.47;0.00;0.00;1.00
1578083676.067;2447;0.83;2.28;8.87;0.42;2.47;0.00;0.00;1.00;8;2;0;0;0.02;0.50;0.49;0.00;0.00;-0.01;0.01;0.01;0.83;2.47;0.00;0.00;1.00
1578083676.167;2459;0.87;2.28;8.96;0.42;2.47;0.00;0.00;1.00;8;2;0;0;0.01;0.50;0.49;0.00;0.00;-0.01;0.01;0.01;0.88;2.47;0.00;0.00;1.00
1578083676.267;2471;0.92;2.28;8.82;0.42;2.47;0.00;0.00;1.00;8;2;0;0;0.02;0.50;0.49;0.00;0.00;-0.01;0.02;0.02;0.92;2.47;0.00;0.00;1.00
1578083676.367;2483;0.96;2.28;9.15;0.42;2.47;0.00;0.00;1.00;8;2;0;0;0.00;0.50;0.49;0.00;0.00;-0.00;0.01;0.01;0.96;2.47;0.00;0.00;1.00
1578083676.467;2495;1.00;2.28;9.21;0.42;2.47;0.00;0.00;1.00;8;2;0;0;-0.00;0.50;0.50;0.00;0.00;-0.01;-0.00;0.00;1.00;2.47;0.00;0.00;1.00
1578083676.567;2507;1.05;2.28;8.83;0.42;2.47;0.00;0.00;1.00;8;2;0;0;0.02;0.50;0.50;0.00;0.00;-0.01;0.01;-0.00;1.05;2.47;0.00;0.00;1.00
1578083676.667;2519;1.09;2.28;9.09;0.42;2.47;0.00;0.00;1.00;8;2;0;0;0.01;0.50;0.37;0.00;0.00;0.01;-0.01;0.01;1.09;2.47;0.00;0.00;1.00
1578083676.768;2531;1.14;2.28;9.02;1.23;2.47;-0.00;-0.00;1.00;9;1;1;2;0.01;0.50;0.50;0.00;0.00;-0.01;0.00;-0.00;1.14;2.47;0.00;0.00;1.00
1578083676.867;2543;1.18;2.28;8.86;1.23;2.47;-0.00;-0.00;1.00;9;1;0;2;0.02;0.48;0.49;0.00;0.00;0.01;-0.02;0.01;1.19;2.47;-0.00;-0.00;0.06
1578083676.967;2555;1.23;2.28;8.92;1.23;2.47;-0.00;-0.00;1.00;9;1;0;2;0.02;0.50;0.37;0.00;0.00;0.00;-0.02;-0.00;1.23;2.47;-0.00;-0.00;0.91
1578083677.067;2567;1.27;2.28;9.13;1.23;2.47;-0.00;-0.00;1.00;9;1;0;2;0.01;0.50;0.61;0.00;0.00;0.01;0.01;0.02;1.27;2.47;-0.00;-0.00;1.00
1578083677.167;2579;1.31;2.28;8.80;1.23;2.47;-0.00;-0.00;1.00;9;1;0;2;0.03;0.50;0.49;0.00;0.00;0.00;0.02;-0.01;1.31;2.47;-0.00;-0.00;1.00
1578083677.267;2591;1.36;2.28;8.78;1.23;2.47;-0.00;-0.00;1.00;9;1;0;2;0.03;0.50;0.50;0.00;0.00;-0.01;-0.01;0.00;1.36;2.47;-0.00;-0.00;1.00
1578083677.367;2603;1.40;2.28;9.03;1.23;2.47;-0.00;-0.00;1.00;9;1;0;2;0.02;0.50;0.62;0.00;0.00;-0.02;-0.00;0.00;1.40;2.47;-0.00;-0.00;1.00
1578083677.467;2615;1.45;2.28;9.08;1.23;2.47;-0.00;-0.00;1.00;9;1;0;2;0.01;0.50;0.50;0.00;0.00;-0.01;0.01;0.01;1.43;2.47;-0.00;0.00;1.00
1578083677.567;2627;1.49;2.28;9.48;1.23;2.47;-0.00;-0.00;1.00;9;1;0;2;-0.01;0.50;0.50;0.00;0.00;-0.00;0.02;0.02;1.43;2.47;-0.00;0.00;1.00
1578083677.667;2639;1.53;2.28;8.95;1.23;2.47;-0.00;-0.00;1.00;9;1;0;2;0.02;0.50;0.62;0.00;0.00;-0.00;-0.01;0.00;1.43;2.47;-0.00;0.00;1.00
1578083677.767;2651;1.58;2.28;9.22;1.23;2.47;-0.00;-0.00;1.00;9;1;0;2;0.01;0.50;0.49;0.00;0.00;0.00;-0.00;0.01;1.43;2.47;-0.00;0.00;1.00
1578083677.867;2663;1.62;2.28;9.26;1.23;2.47;-0.00;-0.00;1.00;9;1;0;2;0.00;0.50;0.49;0.00;0.00;-0.00;0.00;0.00;1.43;2.47;-0.00;0.00;1.00
1578083677.967;2675;1.66;2.28;9.25;1.23;2.47;-0.00;-0.00;1.00;9;1;0;2;0.01;0.50;0.49;0.00;0.00;0.01;0.00;0.00;1.43;2.47;-0.00;0.00;1.00
1578083678.067;2687;1.71;2.28;9.28;1.23;2.47;-0.00;-0.00;1.00;9;1;0;2;0.01;0.49;0.49;0.00;0.00;0.01;0.01;0.00;1.43;2.47;-0.00;0.00;1.00
1578083678.167;2699;1.75;2.28;9.38;1.23;2.47;-0.00;-0.00;1.00;9;1;0;2;-0.00;0.47;0.49;0.00;0.00;0.01;0.01;-0.00;1.43;2.47;-0.00;0.00;1.00
1578083678.267;2711;1.79;2.28;8.86;1.23;2.47;-0.00;-0.00;1.00;9;1;0;2;0.03;0.46;0.48;0.00;0.00;0.00;0.01;-0.00;1.43;2.47;-0.00;0.00;1.00
1578083678.367;2723;1.83;2.28;8.40;1.23;2.47;-0.00;-0.00;1.00;9;1;0;2;0.05;0.44;0.48;0.00;0.00;0.00;0.02;0.01;1.43;2.47;-0.00;0.00;1.00
1578083678.467;2735;1.88;2.28;9.53;1.23;2.47;-0.00;-0.00;1.00;9;1;0;2;-0.01;0.41;0.46;0.00;0.00;-0.00;0.01;0.01;1.43;2.47;-0.00;0.00;1.00
1578083678.567;2747;1.91;2.28;8.34;1.23;2.47;-0.00;-0.00;1.00;9;1;0;2;0.05;0.38;0.43;0.00;0.00;-0.01;0.01;-0.01;1.43;2.47;-0.00;0.00;1.00
1578083678.667;2759;1.95;2.28;9.54;1.23;2.47;-0.00;-0.00;1.00;9;1;0;2;-0.01;0.35;0.42;0.00;0.00;-0.01;0.02;0.00;1.43;2.47;-0.00;0.00;1.00
1578083678.767;2771;1.98;2.28;7.78;1.23;2.47;-0.00;-0.00;1.00;9;1;0;2;0.08;0.32;0.40;0.00;0.00;-0.01;0.02;0.00;1.43;2.47;-0.00;0.00;1.00
1578083678.867;2783;2.01;2.28;7.82;1.23;2.47;-0.00;-0.00;1.00;9;1;0;2;0.07;0.28;0.36;0.00;0.00;-0.00;0.02;0.01;1.43;2.47;-0.00;0.00;1.00
1578083678.967;2795;2.04;2.28;9.28;1.23;2.47;-0.00;-0.00;1.00;9;1;0;2;0.01;0.25;0.34;0.00;0.00;0.00;0.01;0.02;1.43;2.47;-0.00;0.00;1.00
1578083679.067;2807;2.06;2.28;8.87;1.23;2.47;-0.00;-0.00;1.00;9;1;0;2;0.03;0.21;0.29;0.00;0.00;-0.00;0.01;0.01;1.43;2.47;-0.00;0.00;1.00
1578083679.167;2819;2.08;2.28;8.06;1.23;2.47;-0.00;-0.00;1.00;9;1;0;2;0.06;0.17;0.26;0.00;0.00;-0.00;-0.01;0.00;1.43;2.47;-0.00;0.00;1.00
1578083679.267;2831;2.10;2.28;8.01;1.23;2.47;-0.00;-0.00;1.00;9;1;0;2;0.06;0.13;0.24;0.00;0.00;-0.01;0.01;0.01;1.43;2.47;-0.00;0.00;1.00
1578083679.367;2843;2.12;2.28;9.72;1.23;2.47;-0.00;-0.00;1.00;9;1;0;2;-0.01;0.09;0.18;0.00;0.00;-0.00;0.00;0.00;1.43;2.47;-0.00;0.00;1.00
1578083679.467;2855;2.12;2.28;8.01;1.23;2.47;-0.00;-0.00;1.00;9;1;0;2;0.06;0.06;0.16;0.00;0.00;-0.00;-0.00;-0.00;1.43;2.47;-0.00;0.00;1.00
1578083679.567;2867;2.13;2.28;9.14;1.23;2.47;-0.00;-0.00;1.00;9;1;0;2;0.02;0.02;0.12;0.00;0.00;-0.00;0.01;0.00;1.43;2.47;-0.00;0.00;1.00
1578083679.667;2879;2.13;2.28;9.11;1.23;2.47;-0.00;-0.00;1.00;9;1;0;2;0.02;0.00;0.06;0.00;0.00;-0.00;0.00;-0.00;1.43;2.47;-0.00;0.00;1.00
1578083679.767;2891;2.13;2.28;9.05;1.23;2.47;-0.00;-0.00;1.00;9;1;0;2;0.02;0.00;0.05;0.00;0.00;-0.00;0.00;0.00;1.43;2.47;-0.00;0.00;1.00
1578083679.867;2903;2.13;2.28;9.09;1.23;2.47;-0.00;-0.00;1.00;9;1;0;2;0.02;0.00;0.01;0.00;0.00;-0.00;0.00;0.00;1.43;2.47;-0.00;0.00;1.00
1578083679.967;2915;2.14;2.28;9.05;1.23;2.47;-0.00;-0.00;1.00;9;1;0;2;0.02;0.00;0.01;0.00;0.00;-0.00;0.01;0.00;1.43;2.47;-0.00;0.00;1.00
1578083680.067;2927;2.14;2.28;9.07;1.23;2.47;-0.00;-0.00;1.00;9;1;0;2;0.02;0.00;0.01;0.00;0.00;-0.00;0.00;0.00;1.43;2.47;-0.00;0.00;1.00
1578083680.167;2939;2.14;2.28;9.07;1.23;2.47;-0.00;-0.00;1.00;9;1;0;2;0.02;0.00;0.01;0.00;0.00;-0.00;0.00;0.00;1.43;2.47;-0.00;0.00;1.00
1578083680.267;2951;2.14;2.28;9.04;1.23;2.47;-0.00;-0.00;1.00;9;1;0;2;0.02;0.00;0.01;0.00;0.00;-0.00;0.00;0.00;1.43;2.47;-0.00;0.00;1.00
1578083680.367;2963;2.14;2.28;9.05;1.23;2.47;-0.00;-0.00;1.00;9;1;0;2;0.02;0.00;0.01;0.00;0.00;-0.00;0.00;0.00;1.43;2.47;-0.00;0.00;1.00
1578083680.467;2975;2.14;2.28;9.20;1.23;2.47;-0.00;-0.00;1.00;9;1;0;2;0.01;0.00;0.01;0.00;0.00;-0.00;0.01;0.00;1.43;2.47;-0.00;0.00;1.00
1578083680.567;2987;2.14;2.28;9.02;1.23;2.47;-0.00;-0.00;1.00;9;1;0;2;0.02;0.00;0.01;0.00;0.00;-0.00;0.01;0.00;1.43;2.47;-0.00;0.00;1.00
1578083680.667;2999;2.14;2.28;9.05;1.23;2.47;-0.00;-0.00;1.00;9;1;0;2;0.02;0.00;0.01;0.00;0.00;-0.00;0.01;0.00;1.43;2.47;-0.00;0.00;1.00
1578083680.767;3011;2.14;2.28;9.07;1.23;2.47;-0.00;-0.00;1.00;9;1;0;2;0.02;0.00;0.01;0.00;0.00;-0.00;0.01;0.00;1.43;2.47;-0.00;0.00;1.00
1578083680.867;3023;2.14;2.28;9.07;1.23;2.47;-0.00;-0.00;1.00;9;1;0;2;0.02;0.00;0.01;0.00;0.00;-0.00;0.01;0.00;1.43;2.47;-0.00;0.00;1.00
1578083680.967;3035;2.14;2.28;9.06;1.23;2.47;-0.00;-0.00;1.00;9;1;0;2;0.02;0.00;0.01;0.00;0.00;-0.00;0.00;0.00;1.43;2.47;-0.00;0.00;1.00
1578083681.067;3047;2.14;2.28;9.05;1.23;2.47;-0.00;-0.00;1.00;9;1;0;2;0.02;0.00;0.01;0.00;0.00;-0.00;0.00;-0.00;1.43;2.47;-0.00;0.00;1.00
1578083681.167;3059;2.14;2.28;9.08;1.23;2.47;-0.00;-0.00;1.00;9;1;0;2;0.02;0.00;0.01;0.00;0.00;-0.00;0.00;-0.00;1.43;2.47;-0.00;0.00;1.00
1578083681.267;3071;2.14;2.28;9.25;1.23;2.47;-0.00;-0.00;1.00;9;1;0;2;0.01;0.00;0.01;0.00;0.00;-0.00;0.01;0.00;1.43;2.47;-0.00;0.00;1.00
1578083681.367;3083;2.14;2.28;9.09;1.23;2.47;-0.00;-0.00;1.00;9;1;0;2;0.02;0.00;0.01;0.00;0.00;-0.00;0.00;-0.00;1.43;2.47;-0.00;0.00;1.00
1578083681.467;3095;2.14;2.28;9.13;1.23;2.47;-0.00;-0.00;1.00;9;1;0;2;0.02;0.00;0.01;0.00;0.00;-0.00;0.01;0.00;1.43;2.47;-0.00;0.00;1.00
1578083681.567;3107;2.14;2.28;9.14;1.23;2.47;-0.00;-0.00;1.00;9;1;0;2;0.02;0.00;0.01;0.00;0.00;-0.00;0.01;0.00;1.43;2.47;-0.00;0.00;1.00
1578083681.667;3119;2.14;2.28;9.12;1.23;2.47;-0.00;-0.00;1.00;9;1;0;2;0.02;0.00;0.01;0.00;0.00;-0.00;0.01;0.00;1.43;2.47;-0.00;0.00;1.00
1578083681.767;3131;2.15;2.28;9.25;1.23;2.47;-0.00;-0.00;1.00;9;1;0;2;0.01;0.00;0.01;0.00;0.00;-0.00;0.01;0.00;1.43;2.47;-0.00;0.00;1.00
1578083681.867;3143;2.14;2.28;9.11;1.23;2.47;-0.00;-0.00;1.00;9;1;0;2;0.02;0.00;0.01;0.00;0.00;-0.00;0.01;0.00;1.43;2.47;-0.00;0.00;1.00
1578083681.967;3155;2.15;2.28;9.17;1.23;2.47;-0.00;-0.00;1.00;9;1;0;2;0.01;0.00;0.01;0.00;0.00;-0.00;0.00;0.00;1.43;2.47;-0.00;0.00;1.00
1578083682.067;3167;2.15;2.28;9.14;1.23;2.47;-0.00;-0.00;1.00;9;1;0;2;0.02;0.00;0.01;0.00;0.00;-0.00;0.01;0.00;1.43;2.47;-0.00;0.00;1.00
1578083682.167;3179;2.15;2.28;9.18;1.23;2.47;-0.00;-0.00;1.00;9;1;0;2;0.01;0.00;0.01;0.00;0.00;-0.00;0.01;0.00;1.43;2.47;-0.00;0.00;1.00
1578083682.267;3191;2.15;2.28;9.28;1.23;2.47;-0.00;-0.00;1.00;9;1;0;2;0.01;0.00;0.00;0.00;0.00;-0.00;0.00;0.00;1.43;2.47;-0.00;0.00;1.00
1578083682.367;3203;2.15;2.28;9.14;1.23;2.47;-0.00;-0.00;1.00;9;1;0;2;0.02;0.00;0.00;0.00;0.00;-0.00;0.00;0.00;1.43;2.47;-0.00;0.00;1.00
1578083682.467;3215;2.15;2.28;9.20;1.23;2.47;-0.00;-0.00;1.00;9;1;0;2;0.01;0.00;0.01;0.00;0.00;-0.00;0.01;0.00;1.43;2.47;-0.00;0.00;1.00
1578083682.567;3227;2.15;2.28;9.20;1.23;2.47;-0.00;-0.00;1.00;9;1;0;2;0.01;0.00;0.01;0.00;0.00;-0.00;0.01;0.00;1.43;2.47;-0.00;0.00;1.00
1578083682.667;3239;2.15;2.28;9.17;1.23;2.47;-0.00;-0.00;1.00;9;1;0;2;0.01;0.00;0.00;0.00;0.00;-0.00;0.00;0.00;1.43;2.47;-0.00;0.00;1.00
1578083682.767;3251;2.15;2.28;9.15;1.23;2.47;-0.00;-0.00;1.00;9;1;0;2;0.02;0.00;0.01;0.00;0.00;-0.00;0.01;0.00;1.43;2.47;-0.00;0.00;1.00
1578083682.867;3263;2.15;2.28;9.15;1.23;2.47;-0.00;-0.00;1.00;9;1;0;2;0.02;0.00;0.01;0.00;0.00;-0.00;0.00;-0.00;1.43;2.47;-0.00;0.00;1.00
1578083682.967;3275;2.15;2.28;9.26;1.23;2.47;-0.00;-0.00;1.00;9;1;0;2;0.01;0.00;0.00;0.00;0.00;-0.00;0.01;0.00;1.43;2.47;-0.00;0.00;1.00
1578083683.067;3287;2.15;2.28;9.11;1.23;2.47;-0.00;-0.00;1.00;9;1;0;2;0.02;0.00;0.00;0.00;0.00;-0.00;0.00;0.00;1.43;2.47;-0.00;0.00;1.00
1578083683.167;3299;2.15;2.28;9.24;1.23;2.47;-0.00;-0.00;1.00;9;1;0;2;0.01;0.00;0.00;0.00;0.00;-0.00;0.00;-0.00;1.43;2.47;-0.00;0.00;1.00
1578083683.267;3311;2.15;2.28;9.13;1.23;2.47;-0.00;-0.00;1.00;9;1;0;2;0.02;0.00;0.00;0.00;0.00;-0.00;0.01;0.00;1.43;2.47;-0.00;0.00;1.00
1578083683.367;3323;2.15;2.28;9.12;1.23;2.47;-0.00;-0.00;1.00;9;1;0;2;0.02;0.00;0.00;0.00;0.00;-0.00;0.01;0.00;1.43;2.47;-0.00;0.00;1.00
1578083683.467;3335;2.15;2.28;9.13;1.23;2.47;-0.00;-0.00;1.00;9;1;0;2;0.02;0.00;0.00;0.00;0.00;-0.00;0.01;0.00;1.43;2.47;-0.00;0.00;1.00
1578083683.567;3347;2.15;2.28;9.13;1.23;2.47;-0.00;-0.00;1.00;9;1;0;2;0.02;0.00;0.00;0.00;0.00;-0.00;0.00;0.00;1.43;2.47;-0.00;0.00;1.00
1578083683.667;3359;2.15;2.28;8.03;1.23;2.47;-0.00;-0.00;1.00;9;1;0;2;0.06;0.00;0.00;0.00;0.00;-0.00;0.01;0.00;1.43;2.47;-0.00;0.00;1.00
1578083683.767;3371;2.15;2.28;9.11;1.23;2.47;-0.00;-0.00;1.00;9;1;0;2;0.02;0.00;0.00;0.00;0.00;-0.00;0.01;0.00;1.43;2.47;-0.00;0.00;1.00
1578083683.867;3383;2.15;2.28;9.13;1.23;2.47;-0.00;-0.00;1.00;9;1;0;2;0.02;0.00;0.00;0.00;0.00;-0.00;0.00;0.00;1.43;2.47;-0.00;0.00;1.00
1578083683.967;3395;2.15;2.28;9.13;1.23;2.47;-0.00;-0.00;1.00;9;1;0;2;0.02;0.00;0.00;0.00;0.00;-0.00;0.00;0.00;1.43;2.47;-0.00;0.00;1.00
1578083684.067;3407;2.15;2.28;7.99;1.23;2.47;-0.00;-0.00;1.00;9;1;0;2;0.06;0.00;0.00;0.00;0.00;-0.00;0.00;0.00;1.43;2.47;-0.00;0.00;1.00
1578083684.167;3419;2.15;2.28;8.01;1.23;2.47;-0.00;-0.00;1.00;9;1;0;2;0.06;0.00;0.00;0.00;0.00;-0.00;0.01;0.00;1.43;2.47;-0.00;0.00;1.00
1578083684.267;3431;2.15;2.28;9.13;1.23;2.47;-0.00;-0.00;1.00;9;1;0;2;0.02;0.00;0.00;0.00;0.00;-0.00;0.00;0.00;1.43;2.47;-0.00;0.00;1.00
1578083684.367;3443;2.15;2.28;7.95;1.23;2.47;-0.00;-0.00;1.00;9;1;0;2;0.07;0.00;0.00;0.00;0.00;-0.00;0.00;0.00;1.43;2.47;-0.00;0.00;1.00
1578083684.467;3455;2.15;2.28;7.98;1.23;2.47;-0.00;-0.00;1.00;9;1;0;2;0.06;0.00;0.00;0.00;0.00;-0.00;0.00;0.00;1.43;2.47;-0.00;0.00;1.00
1578083684.567;3467;2.15;2.28;7.98;1.23;2.47;-0.00;-0.00;1.00;9;1;0;2;0.06;0.00;0.00;0.00;0.00;-0.00;0.00;0.00;1.43;2.47;-0.00;0.00;1.00
1578083684.667;3479;2.15;2.28;9.11;1.23;2.47;-0.00;-0.00;1.00;9;1;0;2;0.02;0.00;0.00;0.00;0.00;-0.00;0.00;-0.00;1.43;2.47;-0.00;0.00;1.00
1578083684.767;3491;2.15;2.28;9.13;1.23;2.47;-0.00;-0.00;1.00;9;1;0;2;0.02;0.00;0.00;0.00;0.00;-0.00;0.01;0.00;1.43;2.47;-0.00;0.00;1.00
1578083684.867;3503;2.15;2.28;8.01;1.23;2.47;-0.00;-0.00;1.00;9;1;0;2;0.06;0.00;0.00;0.00;0.00;-0.00;0.01;0.00;1.43;2.47;-0.00;0.00;1.00
1578083684.967;3515;2.15;2.28;9.08;1.23;2.47;-0.00;-0.00;1.00;9;1;0;2;0.02;0.00;0.00;0.00;0.00;-0.00;0.01;0.00;1.43;2.47;-0.00;0.00;1.00
1578083685.067;3527;2.15;2.28;9.06;1.23;2.47;-0.00;-0.00;1.00;9;1;0;2;0.02;0.00;0.00;0.00;0.00;-0.00;0.00;-0.00;1.43;2.47;-0.00;0.00;1.00
1578083685.167;3539;2.15;2.28;9.06;1.23;2.47;-0.00;-0.00;1.00;9;1;0;2;0.02;0.00;0.00;0.00;0.00;-0.00;0.00;-0.00;1.43;2.47;-0.00;0.00;1.00
1578083685.267;3551;2.15;2.28;7.94;1.23;2.47;-0.00;-0.00;1.00;9;1;0;2;0.07;0.00;0.00;0.00;0.00;-0.00;0.01;0.00;1.43;2.47;-0.00;0.00;1.00
1578083685.367;3563;2.15;2.28;9.12;1.23;2.47;-0.00;-0.00;1.00;9;1;0;2;0.02;0.00;0.00;0.00;0.00;-0.00;0.00;0.00;1.43;2.47;-0.00;0.00;1.00
1578083685.467;3575;2.15;2.28;9.05;1.23;2.47;-0.00;-0.00;1.00;9;1;0;2;0.02;0.00;0.00;0.00;0.00;-0.00;0.01;0.00;1.43;2.47;-0.00;0.00;1.00
1578083685.567;3587;2.16;2.28;7.97;1.23;2.47;-0.00;-0.00;1.00;9;1;0;2;0.07;0.00;0.00;0.00;0.00;-0.00;0.00;0.00;1.43;2.47;-0.00;0.00;1.00
1578083685.667;3599;2.15;2.28;9.07;1.23;2.47;-0.00;-0.00;1.00;9;1;0;2;0.02;0.00;0.00;0.00;0.00;-0.00;0.00;0.00;1.43;2.47;-0.00;0.00;1.00
1578083685.767;3611;2.15;2.28;9.06;1.23;2.47;-0.00;-0.00;1.00;9;1;0;2;0.02;0.00;0.00;0.00;0.00;-0.00;0.01;0.00;1.43;2.47;-0.00;0.00;1.00
1578083685.867;3623;2.16;2.28;9.27;1.23;2.47;-0.00;-0.00;1.00;9;1;0;2;0.01;0.00;0.00;0.00;0.00;-0.00;0.01;0.00;1.43;2.47;-0.00;0.00;1.00
1578083685.967;3635;2.15;2.28;9.06;1.23;2.47;-0.00;-0.00;1.00;9;1;0;2;0.02;0.00;0.00;0.00;0.00;-0.00;0.01;0.00;1.43;2.47;-0.00;0.00;1.00
1578083686.067;3647;2.16;2.28;9.10;1.23;2.47;-0.00;-0.00;1.00;9;1;0;2;0.02;0.00;0.00;0.00;0.00;-0.00;0.01;0.00;1.43;2.47;-0.00;0.00;1.00
1578083686.167;3659;2.16;2.28;9.24;1.23;2.47;-0.00;-0.00;1.00;9;1;0;2;0.01;0.00;0.00;0.00;0.00;-0.00;0.01;0.00;1.43;2.47;-0.00;0.00;1.00
1578083686.267;3671;2.16;2.28;9.25;1.23;2.47;-0.00;-0.00;1.00;9;1;0;2;0.01;0.00;0.00;0.00;0.00;-0.00;0.01;0.00;1.43;2.47;-0.00;0.00;1.00
1578083686.367;3683;2.16;2.28;9.28;1.23;2.47;-0.00;-0.00;1.00;9;1;0;2;0.01;0.00;0.00;0.00;0.00;-0.00;0.01;0.00;1.43;2.47;-0.00;0.00;1.00
1578083686.467;3695;2.16;2.28;9.25;1.23;2.47;-0.00;-0.00;1.00;9;1;0;2;0.01;0.00;0.00;0.00;0.00;-0.00;0.01;0.00;1.43;2.47;-0.00;0.00;1.00
1578083686.567;3707;2.16;2.28;9.25;1.23;2.47;-0.00;-0.00;1.00;9;1;0;2;0.01;0.00;0.00;0.00;0.00;-0.00;0.01;-0.00;1.43;2.47;-0.00;0.00;1.00
1578083686.667;3719;2.16;2.28;9.05;1.23;2.47;-0.00;-0.00;1.00;9;1;0;2;0.02;0.00;0.00;0.00;0.00;-0.00;0.01;0.00;1.43;2.47;-0.00;0.00;1.00
1578083686.767;3731;2.16;2.28;9.27;1.23;2.47;-0.00;-0.00;1.00;9;1;0;2;0.01;0.00;0.00;0.00;0.00;-0.00;0.01;0.00;1.43;2.47;-0.00;0.00;1.00
1578083686.867;3743;2.16;2.28;9.27;1.23;2.47;-0.00;-0.00;1.00;9;1;0;2;0.01;0.00;0.00;0.00;0.00;-0.00;0.01;0.00;1.43;2.47;-0.00;0.00;1.00
1578083686.967;3755;2.16;2.28;9.26;1.23;2.47;-0.00;-0.00;1.00;9;1;0;2;0.01;0.00;0.00;0.00;0.00;-0.00;0.01;0.00;1.43;2.47;-0.00;0.00;1.00
1578083687.067;3767;2.16;2.28;9.27;1.23;2.47;-0.00;-0.00;1.00;9;1;0;2;0.01;0.00;0.00;0.00;0.00;-0.00;0.01;0.00;1.43;2.47;-0.00;0.00;1.00
1578083687.167;3779;2.16;2.28;9.28;1.23;2.47;-0.00;-0.00;1.00;9;1;0;2;0.01;0.00;0.00;0.00;0.00;-0.00;0.01;0.00;1.43;2.47;-0.00;0.00;1.00
1578083687.267;3791;2.16;2.28;9.28;1.23;2.47;-0.00;-0.00;1.00;9;1;0;2;0.01;0.00;0.00;0.00;0.00;-0.00;0.00;0.00;1.43;2.47;-0.00;0.00;1.00
1578083687.367;3803;2.16;2.28;9.25;1.23;2.47;-0.00;-0.00;1.00;9;1;0;2;0.01;0.00;0.00;0.00;0.00;-0.00;0.01;0.00;1.43;2.47;-0.00;0.00;1.00
1578083687.467;3815;2.16;2.28;9.27;1.23;2.47;-0.00;-0.00;1.00;9;1;0;2;0.01;0.00;0.00;0.00;0.00;-0.00;0.01;0.00;1.43;2.47;-0.00;0.00;1.00
