t;frame;x;y;z;x_ref;y_ref;z_ref;delta_ref;u_ref;state;ellipse;control;action;delta;u;vx;vy;vz;wx;wy;wz;xr;yr;zr;delr;ur
117.615;9;1.31;-2.17;103.23;1.19;-1.95;90.00;-0.00;0.50;0;1;0;2;-0.34;0.02;0.00;0.00;-0.00;0.02;-0.01;-0.01;1.19;-2.03;90.00;-0.00;0.05
117.705;16;1.31;-2.17;103.24;1.19;-1.95;90.00;-0.00;0.50;0;1;0;2;-0.34;0.03;-0.00;-0.00;0.00;-0.02;-0.00;0.00;1.19;-2.03;90.00;-0.00;0.05
117.805;24;1.31;-2.17;103.25;1.19;-1.95;90.00;-0.00;0.50;0;1;0;2;-0.34;0.05;-0.00;-0.00;0.00;-0.02;-0.00;0.00;1.19;-2.03;90.00;-0.00;0.05
117.905;35;1.31;-2.16;103.21;1.19;-1.95;90.00;-0.00;0.50;0;1;0;2;-0.34;0.07;0.05;-0.00;-0.00;-0.06;0.02;-0.04;1.19;-2.03;90.00;-0.00;0.05
118.005;47;1.31;-2.16;102.92;1.19;-1.95;90.00;-0.00;0.50;0;1;0;2;-0.33;0.08;0.07;0.00;0.01;-0.01;0.01;-0.06;1.19;-2.03;90.00;-0.00;0.05
118.105;58;1.30;-2.15;102.63;1.19;-1.95;90.00;-0.00;0.50;0;1;0;2;-0.32;0.09;0.08;0.00;0.00;-0.00;-0.00;-0.04;1.19;-2.03;90.00;-0.00;0.05
118.205;66;1.30;-2.14;102.43;1.19;-1.95;90.00;-0.00;0.50;0;1;0;2;-0.32;0.10;0.09;0.00;0.00;-0.00;-0.00;-0.04;1.19;-2.03;90.00;-0.00;0.05
118.305;77;1.30;-2.13;102.17;1.19;-1.95;90.00;-0.00;0.50;0;1;0;2;-0.31;0.11;0.10;0.00;0.00;-0.00;0.00;-0.04;1.19;-2.03;90.00;-0.00;0.05
118.405;85;1.30;-2.12;102.00;1.19;-1.95;90.00;-0.00;0.50;0;1;0;2;-0.31;0.12;0.11;0.00;0.00;-0.00;0.00;-0.04;1.19;-2.03;90.00;-0.00;0.05
118.505;94;1.30;-2.11;101.83;1.19;-1.95;90.00;-0.00;0.50;0;1;0;2;-0.30;0.13;0.12;0.00;0.00;-0.00;0.00;-0.03;1.19;-2.03;90.00;-0.00;0.05
118.605;104;1.29;-2.10;101.66;1.19;-1.95;90.00;-0.00;0.50;0;1;0;2;-0.30;0.13;0.13;0.00;0.00;0.00;-0.00;-0.03;1.19;-2.03;90.00;-0.00;0.05
118.705;118;1.29;-2.08;101.46;1.19;-1.95;90.00;-0.00;0.50;0;1;0;2;-0.30;0.13;0.13;0.00;-0.00;0.00;-0.00;-0.02;1.19;-2.03;90.00;-0.00;0.05
118.805;127;1.29;-2.07;101.35;1.19;-1.95;90.00;-0.00;0.50;0;1;0;2;-0.30;0.13;0.13;0.00;-0.00;0.00;-0.00;-0.02;1.19;-2.03;90.00;-0.00;0.05
118.905;137;1.29;-2.06;101.24;1.19;-1.95;90.00;-0.00;0.50;0;1;0;2;-0.30;0.13;0.13;0.00;-0.00;0.00;-0.00;-0.02;1.19;-2.03;90.00;-0.00;0.05
119.005;147;1.28;-2.04;101.16;1.19;-1.95;90.00;-0.00;0.50;0;1;0;2;-0.31;0.13;0.13;-0.00;-0.00;0.00;-0.00;-0.01;1.19;-2.03;90.00;-0.00;0.05
119.105;155;1.28;-2.03;101.10;1.19;-1.95;90.00;-0.00;0.50;0;1;0;2;-0.31;0.13;0.13;-0.00;-0.00;0.00;-0.00;-0.01;1.19;-2.03;90.00;-0.00;0.05
119.205;166;1.28;-2.02;101.04;1.19;-1.95;90.00;-0.00;0.50;0;1;0;2;-0.31;0.13;0.13;-0.00;-0.00;0.00;-0.00;-0.01;1.19;-2.02;90.00;-0.00;0.19
119.305;174;1.28;-2.01;100.99;1.19;-1.95;90.00;-0.00;0.50;0;1;0;2;-0.31;0.14;0.13;-0.00;-0.00;0.00;-0.00;-0.01;1.19;-2.01;90.00;-0.00;0.26
119.405;185;1.27;-2.00;100.90;1.19;-1.95;90.00;-0.00;0.50;0;1;0;2;-0.32;0.14;0.14;-0.00;-0.00;0.00;-0.00;-0.02;1.19;-2.00;90.00;-0.00;0.33
119.505;198;1.27;-1.98;100.75;1.19;-1.95;90.00;-0.00;0.50;0;1;0;2;-0.32;0.16;0.15;0.00;-0.00;0.00;-0.00;-0.02;1.19;-1.98;90.00;-0.00;0.41
119.605;204;1.27;-1.97;100.66;1.19;-1.95;90.00;-0.00;0.50;0;1;0;2;-0.32;0.17;0.16;-0.00;-0.00;0.00;-0.01;-0.03;1.19;-1.97;90.00;-0.00;0.44
119.705;217;1.26;-1.95;100.42;1.19;-1.95;90.00;-0.00;0.50;0;1;0;2;-0.31;0.19;0.17;-0.00;-0.00;0.00;-0.01;-0.03;1.19;-1.95;90.00;-0.00;0.50
119.805;227;1.26;-1.93;100.21;1.19;-1.95;90.00;-0.00;0.50;0;1;0;2;-0.31;0.20;0.19;-0.00;-0.00;0.00;-0.01;-0.04;1.19;-1.93;90.00;0.00;0.50
119.905;235;1.26;-1.91;100.03;1.19;-1.79;90.00;0.00;0.50;0;2;0;2;-0.31;0.22;0.20;-0.00;-0.00;0.00;-0.01;-0.04;1.19;-1.92;90.00;0.00;0.50
120.005;246;1.25;-1.89;99.77;1.16;-1.57;107.65;0.79;0.50;1;1;1;5;-0.32;0.23;0.22;-0.00;-0.00;0.00;-0.01;-0.04;1.19;-1.89;90.00;0.00;0.50
120.105;254;1.25;-1.87;99.56;1.16;-1.57;107.65;0.79;0.50;1;1;0;5;-0.48;0.22;0.23;-0.00;-0.01;0.00;-0.01;-0.05;1.19;-1.78;89.97;0.10;0.06
120.205;265;1.25;-1.85;98.97;1.16;-1.57;107.65;0.79;0.50;1;1;0;5;-0.39;0.21;0.22;-0.00;-0.01;0.00;-0.01;-0.14;1.19;-1.78;89.97;0.10;0.06
120.305;273;1.24;-1.83;98.55;1.16;-1.57;107.65;0.79;0.50;1;1;0;5;-0.33;0.21;0.22;-0.00;-0.01;0.00;-0.01;-0.04;1.19;-1.78;89.97;0.10;0.06
120.405;288;1.24;-1.80;98.47;1.16;-1.57;107.65;0.79;0.50;1;1;0;5;-0.25;0.19;0.21;-0.00;-0.01;0.00;-0.01;0.01;1.19;-1.78;89.97;0.10;0.06
120.505;297;1.24;-1.78;98.72;1.16;-1.57;107.65;0.79;0.50;1;1;0;5;-0.18;0.18;0.19;-0.00;-0.01;0.00;-0.01;0.05;1.19;-1.78;89.97;0.14;0.09
120.605;307;1.23;-1.76;99.12;1.16;-1.57;107.65;0.79;0.50;1;1;0;5;-0.08;0.17;0.18;-0.00;-0.01;0.00;-0.02;0.07;1.19;-1.76;90.17;0.24;0.15
120.705;315;1.23;-1.75;99.53;1.16;-1.57;107.65;0.79;0.50;1;1;0;5;-0.01;0.16;0.17;-0.00;-0.00;0.01;-0.01;0.09;1.19;-1.75;90.61;0.31;0.20
120.805;325;1.23;-1.73;100.07;1.16;-1.57;107.65;0.79;0.50;1;1;0;5;0.07;0.16;0.16;-0.00;-0.00;0.01;-0.01;0.09;1.19;-1.73;91.41;0.38;0.24
120.905;335;1.23;-1.72;100.64;1.16;-1.57;107.65;0.79;0.50;1;1;0;5;0.13;0.16;0.16;-0.00;0.00;-0.01;-0.01;0.09;1.19;-1.72;92.19;0.43;0.27
121.015;348;1.22;-1.70;101.21;1.16;-1.57;107.65;0.79;0.50;1;1;0;5;0.20;0.15;0.16;0.00;0.00;0.01;-0.01;0.07;1.19;-1.70;93.21;0.48;0.30
121.105;354;1.22;-1.69;101.51;1.16;-1.57;107.65;0.79;0.50;1;1;0;5;0.25;0.15;0.16;-0.00;0.00;0.00;-0.01;0.09;1.19;-1.70;93.82;0.50;0.32
121.205;368;1.22;-1.67;102.09;1.16;-1.57;107.65;0.79;0.50;1;1;0;5;0.37;0.16;0.16;-0.00;-0.00;0.03;-0.01;0.06;1.18;-1.67;96.07;0.57;0.36
121.305;377;1.21;-1.65;102.63;1.16;-1.57;107.65;0.79;0.50;1;1;0;5;0.42;0.16;0.16;0.00;0.00;-0.00;0.00;0.11;1.18;-1.66;96.98;0.59;0.38
121.405;386;1.21;-1.64;103.19;1.16;-1.57;107.65;0.79;0.50;1;1;0;5;0.51;0.17;0.16;0.00;0.00;0.00;0.01;0.11;1.18;-1.64;99.06;0.64;0.41
121.505;396;1.21;-1.62;103.90;1.16;-1.57;107.65;0.79;0.50;1;1;0;5;0.57;0.18;0.17;0.00;-0.00;-0.00;0.01;0.13;1.18;-1.63;100.24;0.67;0.42
121.605;405;1.20;-1.61;104.60;1.16;-1.57;107.65;0.79;0.50;1;1;0;5;0.63;0.19;0.18;0.00;-0.01;-0.00;0.01;0.14;1.17;-1.62;101.51;0.69;0.44
121.705;415;1.20;-1.59;105.41;1.16;-1.57;107.65;0.79;0.50;1;1;0;5;0.74;0.20;0.19;-0.00;-0.01;-0.00;0.01;0.15;1.17;-1.60;104.36;0.74;0.47
121.805;423;1.19;-1.58;106.29;1.16;-1.57;107.65;0.79;0.50;1;1;0;5;0.79;0.21;0.19;-0.03;-0.01;-0.02;-0.01;0.27;1.16;-1.59;105.95;0.76;0.48
121.905;438;1.19;-1.55;108.45;0.87;-1.29;163.49;0.75;0.50;1;2;0;5;0.79;0.22;0.22;0.00;-0.01;0.06;0.06;0.24;1.16;-1.56;109.40;0.78;0.50
122.005;447;1.18;-1.53;109.66;0.87;-1.29;163.49;0.75;0.50;1;2;0;5;0.79;0.24;0.22;-0.00;-0.01;0.03;0.03;0.22;1.15;-1.54;112.89;0.78;0.50
122.105;456;1.17;-1.51;110.81;0.87;-1.29;163.49;0.75;0.50;1;2;0;5;0.79;0.26;0.24;-0.00;-0.01;-0.02;-0.03;0.17;1.14;-1.53;114.63;0.78;0.50
122.205;466;1.17;-1.49;112.16;0.87;-1.29;163.49;0.75;0.50;1;2;0;5;0.79;0.28;0.24;-0.01;-0.01;0.05;0.07;0.31;1.13;-1.50;118.10;0.78;0.50
122.305;477;1.15;-1.46;114.21;0.87;-1.29;163.49;0.75;0.50;1;2;0;5;0.79;0.31;0.29;-0.00;-0.01;-0.08;-0.14;0.31;1.12;-1.48;121.56;0.78;0.50
122.405;485;1.15;-1.44;115.92;0.87;-1.29;163.49;0.75;0.50;1;2;0;5;0.79;0.33;0.29;-0.01;-0.01;0.04;0.08;0.43;1.10;-1.46;125.00;0.77;0.50
122.505;494;1.13;-1.41;118.02;0.87;-1.29;163.49;0.75;0.50;1;2;0;5;0.79;0.35;0.32;-0.00;-0.01;-0.05;-0.09;0.38;1.10;-1.45;126.72;0.77;0.50
122.605;505;1.12;-1.38;120.36;0.87;-1.29;163.49;0.75;0.50;1;2;0;5;0.79;0.38;0.34;-0.04;-0.01;0.01;0.02;0.44;1.07;-1.42;131.84;0.77;0.50
122.705;518;1.10;-1.34;123.55;0.87;-1.29;163.49;0.75;0.50;1;2;0;5;0.79;0.41;0.37;-0.05;-0.01;0.04;0.06;0.56;1.04;-1.39;136.92;0.77;0.50
122.805;524;1.08;-1.32;125.11;0.87;-1.29;163.49;0.75;0.50;1;2;0;5;0.79;0.44;0.41;-0.03;-0.01;0.02;0.06;0.38;1.03;-1.37;140.29;0.76;0.50
122.905;537;1.05;-1.27;128.86;0.87;-1.29;163.49;0.75;0.50;1;2;0;5;0.79;0.47;0.44;-0.05;-0.01;0.01;0.06;0.66;0.99;-1.35;145.33;0.76;0.50
123.005;547;1.03;-1.23;132.42;0.87;-1.29;163.49;0.75;0.50;1;2;0;5;0.79;0.50;0.47;-0.07;-0.01;0.01;0.08;0.79;0.96;-1.33;150.32;0.76;0.50
123.105;555;1.00;-1.20;135.63;0.87;-1.29;163.49;0.75;0.50;1;2;0;5;0.79;0.50;0.52;-0.07;-0.01;0.00;-0.03;0.65;0.94;-1.32;153.64;0.76;0.50
123.205;566;0.97;-1.15;140.46;0.87;-1.29;163.49;0.75;0.50;1;2;0;5;0.79;0.50;0.53;-0.08;-0.01;0.02;0.08;0.74;0.90;-1.30;158.58;0.75;0.50
123.305;574;0.94;-1.12;143.86;0.87;-1.29;163.49;0.75;0.50;1;2;0;5;0.79;0.50;0.54;-0.10;-0.01;0.04;-0.15;0.73;0.88;-1.29;161.85;0.75;0.50
123.405;585;0.90;-1.08;149.50;0.87;-1.29;163.49;0.75;0.50;1;2;0;5;0.79;0.50;0.55;-0.14;-0.10;0.37;0.10;0.86;0.84;-1.28;166.59;0.69;0.50
123.505;598;0.84;-1.04;156.63;0.87;-1.29;163.49;0.75;0.50;1;2;0;5;0.79;0.50;0.52;-0.06;-0.01;0.07;-0.30;0.90;0.81;-1.28;170.68;0.60;0.50
123.605;604;0.81;-1.02;160.19;0.87;-1.29;163.49;0.75;0.50;1;2;0;5;0.79;0.50;0.50;-0.08;-0.01;-0.06;0.21;1.07;0.78;-1.27;173.03;0.54;0.50
123.705;617;0.75;-1.00;168.20;0.87;-1.29;163.49;0.75;0.50;1;2;0;5;0.79;0.50;0.51;-0.01;-0.01;0.04;-0.06;1.04;0.73;-1.27;176.88;0.42;0.50
123.805;627;0.70;-0.99;174.41;0.87;-1.29;163.49;0.75;0.50;1;2;0;5;0.79;0.50;0.49;-0.07;-0.01;0.01;-0.03;1.16;0.69;-1.27;179.05;0.34;0.50
123.905;636;0.66;-0.98;180.46;0.87;-1.29;163.49;0.75;0.50;1;2;0;5;0.79;0.49;0.50;-0.05;-0.01;0.04;-0.05;1.21;0.65;-1.27;180.65;0.25;0.50
124.005;646;0.60;-0.98;186.55;0.87;-1.29;163.49;0.75;0.50;1;2;0;5;0.79;0.48;0.49;-0.04;-0.01;-0.12;0.13;1.06;0.61;-1.27;181.70;0.16;0.50
124.105;655;0.56;-0.99;191.47;0.87;-1.29;163.49;0.75;0.50;1;2;0;5;0.54;0.46;0.48;-0.01;-0.01;0.26;-0.24;0.94;0.58;-1.27;182.22;0.07;0.50
124.205;665;0.52;-1.00;195.96;0.87;-1.29;163.49;0.75;0.50;1;2;0;5;0.18;0.44;0.46;0.01;-0.01;-0.08;0.05;0.38;0.52;-1.27;182.16;-0.05;0.50
124.305;674;0.48;-1.01;196.49;0.87;-1.29;163.49;0.75;0.50;1;2;0;5;0.01;0.42;0.45;0.02;-0.01;0.20;-0.15;-0.21;0.49;-1.27;181.58;-0.14;0.50
124.405;684;0.43;-1.02;195.39;0.87;-1.29;163.49;0.75;0.50;1;2;0;5;-0.10;0.39;0.41;-0.03;-0.01;0.04;-0.03;-0.29;0.45;-1.27;180.57;-0.23;0.50
124.505;698;0.38;-1.04;193.36;0.87;-1.29;163.49;0.75;0.50;1;2;0;5;0.01;0.37;0.38;0.01;-0.01;-0.02;0.02;-0.25;0.45;-1.27;180.57;-0.23;0.50
124.605;707;0.35;-1.04;192.88;0.23;-1.27;170.76;-0.46;0.50;2;1;1;4;0.05;0.35;0.37;0.00;-0.00;0.00;-0.02;-0.02;0.45;-1.27;180.57;-0.23;0.50
124.705;718;0.31;-1.05;192.92;0.23;-1.27;170.76;-0.46;0.50;2;1;0;4;-0.74;0.37;0.35;-0.00;-0.00;-0.01;-0.01;0.01;0.29;-1.28;174.44;-0.39;0.42
124.805;726;0.28;-1.06;190.48;0.23;-1.27;170.76;-0.46;0.50;2;1;0;4;-0.78;0.39;0.34;0.03;-0.01;0.02;0.02;-0.82;0.25;-1.27;172.39;-0.43;0.47
124.905;735;0.25;-1.07;186.86;0.23;-1.27;170.76;-0.46;0.50;2;1;0;4;-0.76;0.41;0.39;0.02;-0.01;0.01;0.00;-0.66;0.22;-1.27;169.92;-0.45;0.50
125.005;745;0.21;-1.07;183.53;0.23;-1.27;170.76;-0.46;0.50;2;1;0;4;-0.70;0.43;0.46;0.07;-0.09;-0.40;0.07;-0.62;0.17;-1.26;166.85;-0.38;0.50
125.105;754;0.17;-1.07;180.19;-0.17;-1.14;159.05;0.07;0.50;2;2;0;4;-0.61;0.45;0.42;0.02;-0.01;0.03;0.03;-0.54;0.13;-1.25;164.89;-0.33;0.50
125.205;764;0.13;-1.07;177.36;-0.17;-1.14;159.05;0.07;0.50;2;2;0;4;-0.58;0.45;0.45;0.01;-0.01;-0.12;-0.14;-0.50;0.08;-1.23;162.72;-0.27;0.50
125.305;777;0.07;-1.07;173.23;-0.17;-1.14;159.05;0.07;0.50;2;2;0;4;-0.44;0.45;0.46;-0.00;-0.01;-0.12;-0.14;-0.41;0.02;-1.21;160.69;-0.19;0.50
125.405;787;0.03;-1.07;171.34;-0.17;-1.14;159.05;0.07;0.50;2;2;0;4;-0.37;0.45;0.44;0.01;-0.01;0.03;0.04;-0.25;-0.03;-1.20;159.60;-0.13;0.50
125.505;796;-0.01;-1.06;170.65;-0.17;-1.14;159.05;0.07;0.50;2;2;0;4;-0.33;0.45;0.45;-0.00;-0.01;-0.13;-0.13;-0.08;-0.06;-1.18;159.08;-0.08;0.50
125.605;806;-0.06;-1.06;169.92;-0.17;-1.14;159.05;0.07;0.50;2;2;0;4;-0.28;0.45;0.45;0.03;-0.01;-0.07;-0.07;-0.05;-0.10;-1.17;158.82;-0.03;0.50
125.705;815;-0.10;-1.05;169.37;-0.17;-1.14;159.05;0.07;0.50;2;2;0;4;-0.23;0.45;0.43;0.02;-0.01;0.03;0.02;-0.06;-0.13;-1.15;158.81;0.02;0.50
125.805;826;-0.15;-1.04;169.39;-0.17;-1.14;159.05;0.07;0.50;2;2;0;4;-0.17;0.45;0.44;0.00;-0.01;0.05;0.05;-0.01;-0.18;-1.14;159.18;0.08;0.50
125.905;834;-0.18;-1.04;169.56;-0.57;-1.04;179.43;0.60;0.50;2;3;0;4;-0.12;0.45;0.44;0.00;-0.01;0.00;-0.01;0.11;-0.22;-1.12;159.73;0.13;0.50
126.005;848;-0.24;-1.03;170.35;-0.57;-1.04;179.43;0.60;0.50;2;3;0;4;-0.05;0.45;0.44;0.00;-0.01;0.01;0.02;0.10;-0.26;-1.11;160.86;0.20;0.50
126.105;857;-0.28;-1.02;171.09;-0.57;-1.04;179.43;0.60;0.50;2;3;0;4;0.01;0.45;0.44;0.00;-0.01;-0.01;-0.01;0.16;-0.30;-1.09;162.01;0.25;0.50
126.205;868;-0.33;-1.01;172.12;-0.57;-1.04;179.43;0.60;0.50;2;3;0;4;0.09;0.44;0.44;0.00;-0.01;0.04;0.04;0.13;-0.35;-1.08;163.97;0.31;0.50
126.305;876;-0.36;-1.01;172.93;-0.57;-1.04;179.43;0.60;0.50;2;3;0;4;0.15;0.44;0.44;-0.00;-0.00;-0.01;-0.01;0.15;-0.37;-1.07;165.14;0.34;0.50
126.405;885;-0.40;-1.00;173.75;-0.57;-1.04;179.43;0.60;0.50;2;3;0;4;0.24;0.44;0.45;-0.00;-0.00;-0.01;-0.01;0.17;-0.41;-1.06;167.14;0.39;0.50
126.505;895;-0.45;-1.00;174.68;-0.64;-1.03;180.00;0.00;0.50;3;1;1;0;0.37;0.45;0.43;-0.01;-0.00;-0.01;0.01;0.19;-0.46;-1.05;170.28;0.46;0.50
126.605;904;-0.48;-0.99;175.81;-0.64;-1.03;180.00;0.00;0.50;3;1;0;0;0.29;0.44;0.43;-0.01;-0.01;-0.02;0.02;0.31;-0.56;-1.03;180.00;0.00;0.07
126.705;914;-0.53;-0.99;176.96;-0.64;-1.03;180.00;0.00;0.50;3;1;0;0;0.24;0.42;0.43;-0.00;-0.01;-0.03;0.05;0.17;-0.56;-1.03;180.00;0.00;0.07
126.805;928;-0.59;-0.99;177.44;-0.64;-1.03;180.00;0.00;0.50;3;1;0;0;0.23;0.42;0.41;-0.00;-0.01;-0.03;0.05;0.06;-0.59;-1.03;180.00;0.00;0.28
126.905;934;-0.61;-0.99;177.51;-0.79;-1.03;180.00;-0.00;0.50;3;2;0;0;0.23;0.42;0.40;-0.00;-0.01;-0.02;0.02;0.03;-0.61;-1.03;180.00;0.00;0.39
127.005;947;-0.66;-0.98;177.56;-0.79;-1.03;180.00;-0.00;0.50;3;2;0;0;0.24;0.42;0.40;-0.00;-0.01;-0.02;0.02;0.02;-0.66;-1.03;180.00;0.00;0.50
127.105;958;-0.71;-0.98;177.69;-0.79;-1.03;180.00;-0.00;0.50;3;2;0;0;0.24;0.42;0.40;-0.00;-0.01;-0.02;0.02;0.04;-0.70;-1.03;180.00;0.00;0.50
127.205;966;-0.74;-0.98;177.82;-0.79;-1.03;180.00;-0.00;0.50;3;2;0;0;0.23;0.43;0.41;-0.00;-0.01;-0.02;0.02;0.04;-0.73;-1.03;180.00;0.00;0.50
127.305;975;-0.78;-0.98;177.83;-0.79;-1.03;180.00;-0.00;0.50;3;2;0;0;0.24;0.43;0.43;-0.01;-0.01;0.06;-0.10;-0.04;-0.78;-1.03;180.00;-0.00;0.50
127.405;986;-0.82;-0.98;177.97;-0.94;-1.03;180.00;0.00;0.50;3;3;0;0;0.24;0.43;0.41;-0.01;-0.01;-0.03;0.04;0.07;-0.82;-1.03;180.00;-0.00;0.50
127.505;994;-0.86;-0.97;178.03;-0.94;-1.03;180.00;0.00;0.50;3;3;0;0;0.24;0.44;0.42;-0.01;-0.01;-0.03;0.05;0.06;-0.85;-1.03;180.00;0.00;0.50
127.605;1008;-0.92;-0.97;178.30;-0.94;-1.03;180.00;0.00;0.50;3;3;0;0;0.23;0.44;0.42;-0.00;-0.01;-0.03;0.02;0.04;-0.92;-1.03;180.00;0.00;0.50
127.705;1017;-0.95;-0.97;178.41;-0.94;-1.03;180.00;0.00;0.50;3;3;0;0;0.23;0.44;0.42;-0.00;-0.01;-0.02;0.01;0.04;-0.95;-1.03;180.00;0.00;0.50
127.805;1028;-1.00;-0.97;178.57;-0.94;-1.03;180.00;0.00;0.50;3;3;0;0;0.22;0.44;0.42;-0.00;-0.01;-0.02;0.02;0.04;-1.00;-1.03;180.00;0.00;0.50
127.905;1036;-1.04;-0.97;178.59;-1.10;-1.03;180.00;-0.00;0.50;3;4;0;0;0.23;0.45;0.44;-0.01;-0.01;0.03;-0.07;-0.03;-1.04;-1.03;180.00;-0.00;0.50
128.005;1047;-1.08;-0.97;178.63;-1.10;-1.03;180.00;-0.00;0.50;3;4;0;0;0.23;0.45;0.44;-0.01;-0.01;0.01;-0.01;-0.00;-1.08;-1.03;180.00;-0.00;0.50
128.105;1055;-1.12;-0.96;178.80;-1.10;-1.03;180.00;-0.00;0.50;3;4;0;0;0.22;0.45;0.43;-0.01;-0.01;-0.03;0.04;0.07;-1.12;-1.03;180.00;-0.00;0.50
128.205;1064;-1.16;-0.96;178.91;-1.10;-1.03;180.00;-0.00;0.50;3;4;0;0;0.22;0.45;0.43;-0.00;-0.01;-0.03;0.02;0.04;-1.15;-1.03;180.00;-0.00;0.50
128.305;1075;-1.21;-0.96;179.04;-1.10;-1.03;180.00;-0.00;0.50;3;4;0;0;0.22;0.46;0.44;-0.00;-0.01;-0.02;0.01;0.04;-1.21;-1.03;180.00;0.00;0.50
128.405;1083;-1.24;-0.96;179.15;-1.10;-1.03;180.00;-0.00;0.50;3;4;0;0;0.22;0.46;0.44;-0.00;-0.01;-0.02;0.02;0.04;-1.24;-1.03;180.00;0.00;0.50
128.505;1098;-1.31;-0.96;179.18;-1.10;-1.03;180.00;-0.00;0.50;3;4;0;0;0.22;0.46;0.46;-0.01;-0.01;-0.01;0.01;0.00;-1.31;-1.03;180.00;0.00;0.50
128.605;1106;-1.34;-0.96;179.24;-1.10;-1.03;180.00;-0.00;0.50;3;4;0;0;0.22;0.46;0.45;-0.01;-0.01;-0.03;0.04;0.04;-1.35;-1.03;180.00;0.00;0.50
128.705;1117;-1.39;-0.96;179.37;-1.10;-1.03;180.00;-0.00;0.50;3;4;0;0;0.22;0.46;0.44;-0.01;-0.01;-0.03;0.04;0.06;-1.39;-1.03;180.00;-0.00;0.50
128.805;1125;-1.43;-0.96;179.47;-1.10;-1.03;180.00;-0.00;0.50;3;4;0;0;0.21;0.47;0.45;-0.00;-0.01;-0.03;0.02;0.04;-1.43;-1.03;180.00;-0.00;0.50
128.905;1136;-1.48;-0.95;179.58;-1.77;-1.01;162.35;-0.79;0.50;4;1;1;6;0.21;0.47;0.45;-0.00;-0.01;-0.02;0.01;0.04;-1.48;-1.03;180.00;-0.00;0.50
129.005;1144;-1.52;-0.95;179.67;-1.77;-1.01;162.35;-0.79;0.50;4;1;0;6;0.13;0.45;0.45;-0.00;-0.01;-0.02;0.02;0.04;-1.57;-1.03;180.03;-0.10;0.06
129.105;1155;-1.56;-0.95;179.55;-1.77;-1.01;162.35;-0.79;0.50;4;1;0;6;-0.00;0.43;0.44;0.00;-0.01;-0.03;0.03;-0.07;-1.57;-1.03;180.03;-0.10;0.06
129.205;1167;-1.62;-0.95;178.52;-1.77;-1.01;162.35;-0.79;0.50;4;1;0;6;-0.28;0.42;0.42;0.00;-0.01;-0.03;0.04;-0.18;-1.61;-1.04;178.90;-0.36;0.23
129.305;1177;-1.66;-0.95;176.40;-1.77;-1.01;162.35;-0.79;0.50;4;1;0;6;-0.52;0.42;0.41;0.01;0.00;-0.01;-0.05;-0.37;-1.67;-1.03;174.76;-0.55;0.35
129.405;1187;-1.70;-0.95;173.67;-1.77;-1.01;162.35;-0.79;0.50;4;1;0;6;-0.71;0.42;0.41;0.03;-0.01;0.01;0.00;-0.49;-1.72;-1.02;169.76;-0.67;0.42
129.505;1196;-1.74;-0.95;170.65;-1.77;-1.01;162.35;-0.79;0.50;4;1;0;6;-0.79;0.44;0.43;0.01;-0.01;-0.08;-0.08;-0.65;-1.76;-1.01;164.05;-0.76;0.48
129.605;1206;-1.78;-0.94;166.18;-2.06;-0.71;106.51;-0.75;0.50;4;2;0;6;-0.79;0.45;0.42;0.01;-0.01;-0.04;-0.05;-0.82;-1.80;-1.00;158.85;-0.78;0.50
129.705;1215;-1.82;-0.93;162.73;-2.06;-0.71;106.51;-0.75;0.50;4;2;0;6;-0.79;0.46;0.47;0.00;0.00;-0.18;-0.13;-0.49;-1.84;-0.98;151.90;-0.78;0.50
129.805;1225;-1.86;-0.92;158.64;-2.06;-0.71;106.51;-0.75;0.50;4;2;0;6;-0.79;0.48;0.47;0.03;-0.01;-0.05;-0.04;-0.69;-1.89;-0.95;145.00;-0.77;0.50
129.905;1234;-1.90;-0.90;155.79;-2.06;-0.71;106.51;-0.75;0.50;4;2;0;6;-0.79;0.50;0.51;0.03;-0.01;-0.17;-0.08;-0.46;-1.92;-0.93;139.87;-0.77;0.50
130.005;1245;-1.95;-0.88;151.32;-2.06;-0.71;106.51;-0.75;0.50;4;2;0;6;-0.79;0.50;0.52;0.02;-0.01;-0.03;-0.02;-0.63;-1.95;-0.89;133.08;-0.77;0.50
130.105;1257;-2.01;-0.86;146.50;-2.06;-0.71;106.51;-0.75;0.50;4;2;0;6;-0.79;0.50;0.51;0.12;-0.01;0.25;0.08;-0.90;-1.99;-0.84;124.67;-0.76;0.50
130.205;1268;-2.06;-0.83;142.14;-2.06;-0.71;106.51;-0.75;0.50;4;2;0;6;-0.79;0.50;0.55;0.06;-0.01;-0.26;-0.06;-0.67;-2.02;-0.80;118.02;-0.76;0.50
130.305;1276;-2.10;-0.81;138.57;-2.06;-0.71;106.51;-0.75;0.50;4;2;0;6;-0.79;0.50;0.52;0.10;-0.01;0.08;0.04;-0.84;-2.03;-0.77;114.71;-0.75;0.50
130.405;1287;-2.15;-0.77;134.40;-2.06;-0.71;106.51;-0.75;0.50;4;2;0;6;-0.79;0.50;0.54;0.11;-0.01;-0.07;-0.01;-0.63;-2.05;-0.74;109.78;-0.75;0.50
130.505;1295;-2.19;-0.75;130.90;-2.06;-0.71;106.51;-0.75;0.50;4;2;0;6;-0.79;0.50;0.54;0.14;-0.01;-0.00;0.00;-0.74;-2.06;-0.71;106.51;-0.75;0.50
130.605;1306;-2.24;-0.71;126.07;-2.06;-0.71;106.51;-0.75;0.50;4;2;0;6;-0.79;0.50;0.53;0.13;-0.01;0.11;0.01;-0.78;-2.07;-0.68;101.97;-0.66;0.50
130.705;1315;-2.27;-0.68;122.04;-2.06;-0.71;106.51;-0.75;0.50;4;2;0;6;-0.79;0.50;0.53;0.07;-0.01;-0.10;0.03;-0.84;-2.07;-0.64;98.11;-0.57;0.50
130.805;1325;-2.30;-0.63;116.92;-2.06;-0.71;106.51;-0.75;0.50;4;2;0;6;-0.79;0.50;0.52;0.06;-0.01;-0.03;0.03;-0.87;-2.08;-0.61;95.91;-0.51;0.50
130.905;1334;-2.33;-0.59;112.28;-2.06;-0.71;106.51;-0.75;0.50;4;2;0;6;-0.79;0.50;0.52;0.06;-0.01;0.01;0.02;-0.90;-2.08;-0.58;93.12;-0.42;0.50
131.005;1345;-2.35;-0.54;106.08;-2.06;-0.71;106.51;-0.75;0.50;4;2;0;6;-0.79;0.50;0.51;0.09;-0.01;0.02;0.00;-1.06;-2.08;-0.54;90.95;-0.34;0.50
131.105;1357;-2.37;-0.48;99.32;-2.06;-0.71;106.51;-0.75;0.50;4;2;0;6;-0.79;0.50;0.50;0.07;-0.00;0.02;0.01;-1.22;-2.08;-0.49;88.94;-0.22;0.50
131.205;1367;-2.38;-0.43;93.31;-2.06;-0.71;106.51;-0.75;0.50;4;2;0;6;-0.79;0.50;0.51;0.01;-0.01;-0.12;0.09;-1.02;-2.08;-0.45;88.07;-0.13;0.50
131.305;1377;-2.38;-0.38;86.81;-2.06;-0.71;106.51;-0.75;0.50;4;2;0;6;-0.79;0.49;0.52;0.04;-0.07;0.03;0.29;-1.13;-2.08;-0.40;87.71;-0.01;0.50
131.405;1386;-2.38;-0.34;80.78;-2.06;-0.71;106.51;-0.75;0.50;4;2;0;6;-0.52;0.48;0.48;0.06;-0.01;-0.04;0.03;-1.14;-2.07;-0.34;88.18;0.11;0.50
131.505;1397;-2.37;-0.29;76.36;-2.06;-0.71;106.51;-0.75;0.50;4;2;0;6;-0.12;0.45;0.46;-0.01;-0.09;-0.12;-0.46;-0.54;-2.07;-0.29;89.43;0.23;0.50
131.605;1405;-2.36;-0.25;75.91;-2.06;-0.71;106.51;-0.75;0.50;4;2;0;6;-0.12;0.43;0.45;-0.01;-0.01;-0.06;0.07;0.21;-2.07;-0.29;89.43;0.23;0.50
131.705;1414;-2.35;-0.21;76.82;-2.06;-0.71;106.51;-0.75;0.50;4;2;0;6;-0.17;0.40;0.42;-0.00;-0.01;0.01;-0.00;0.13;-2.07;-0.29;89.43;0.23;0.50
131.805;1424;-2.35;-0.17;77.34;-2.06;-0.71;106.51;-0.75;0.50;4;2;0;6;-0.22;0.37;0.39;0.00;-0.01;0.05;-0.06;0.00;-2.07;-0.29;89.43;0.23;0.50
131.905;1437;-2.34;-0.12;77.51;-2.06;-0.71;106.51;-0.75;0.50;4;2;0;6;-0.25;0.35;0.37;0.01;-0.01;-0.02;0.03;0.02;-2.07;-0.29;89.43;0.23;0.50
132.005;1447;-2.33;-0.09;77.31;-2.06;-0.71;106.51;-0.75;0.50;4;2;0;6;-0.26;0.32;0.33;0.01;-0.01;0.01;-0.01;0.01;-2.07;-0.29;89.43;0.23;0.50
132.105;1458;-2.32;-0.06;77.23;-2.06;-0.71;106.51;-0.75;0.50;4;2;0;6;-0.28;0.28;0.30;0.00;-0.01;0.03;-0.03;-0.01;-2.07;-0.29;89.43;0.23;0.50
132.205;1466;-2.32;-0.03;77.25;-2.06;-0.71;106.51;-0.75;0.50;4;2;0;6;-0.29;0.25;0.27;0.00;-0.01;0.04;-0.04;-0.04;-2.07;-0.29;89.43;0.23;0.50
132.305;1477;-2.31;-0.01;77.27;-2.06;-0.71;106.51;-0.75;0.50;4;2;0;6;-0.31;0.22;0.24;0.00;-0.01;0.04;-0.04;-0.02;-2.07;-0.29;89.43;0.23;0.50
132.405;1485;-2.31;0.01;77.36;-2.06;-0.71;106.51;-0.75;0.50;4;2;0;6;-0.32;0.19;0.21;0.00;-0.01;0.04;-0.04;-0.01;-2.07;-0.29;89.43;0.23;0.50
132.515;1499;-2.30;0.04;77.50;-2.06;-0.71;106.51;-0.75;0.50;4;2;0;6;-0.34;0.16;0.18;0.00;-0.01;0.01;-0.02;0.05;-2.07;-0.29;89.43;0.23;0.50
132.605;1504;-2.30;0.05;77.68;-2.06;-0.71;106.51;-0.75;0.50;4;2;0;6;-0.35;0.13;0.17;-0.01;-0.00;0.04;-0.05;0.04;-2.07;-0.29;89.43;0.23;0.50
132.705;1518;-2.30;0.06;77.86;-2.06;-0.71;106.51;-0.75;0.50;4;2;0;6;-0.37;0.10;0.11;0.00;-0.01;0.02;-0.02;0.04;-2.07;-0.29;89.43;0.23;0.50
132.805;1527;-2.29;0.07;78.09;-2.06;-0.71;106.51;-0.75;0.50;4;2;0;6;-0.39;0.07;0.08;-0.00;-0.01;0.02;-0.02;0.05;-2.07;-0.29;89.43;0.23;0.50
132.905;1538;-2.29;0.08;78.41;-2.06;-0.71;106.51;-0.75;0.50;4;2;0;6;-0.40;0.04;0.06;-0.00;-0.00;0.02;-0.02;0.06;-2.07;-0.29;89.43;0.23;0.50
133.005;1547;-2.29;0.08;78.74;-2.06;-0.71;106.51;-0.75;0.50;4;2;0;6;-0.42;0.01;0.03;-0.00;-0.00;0.01;-0.01;0.07;-2.07;-0.29;89.43;0.23;0.50
133.105;1557;-2.29;0.08;79.12;-2.06;-0.71;106.51;-0.75;0.50;4;2;0;6;-0.44;0.00;0.00;-0.00;-0.00;0.01;-0.01;0.07;-2.07;-0.29;89.43;0.23;0.50
133.205;1565;-2.29;0.08;79.35;-2.06;-0.71;106.51;-0.75;0.50;4;2;0;6;-0.45;0.00;0.00;-0.00;0.00;-0.01;0.01;0.03;-2.07;-0.29;89.43;0.23;0.50
133.305;1576;-2.29;0.08;79.50;-2.06;-0.71;106.51;-0.75;0.50;4;2;0;6;-0.45;0.00;0.00;0.00;-0.00;-0.00;0.00;0.02;-2.07;-0.29;89.43;0.23;0.50
133.405;1585;-2.29;0.08;79.59;-2.06;-0.71;106.51;-0.75;0.50;4;2;0;6;-0.46;0.00;0.00;0.00;-0.00;-0.00;-0.00;0.01;-2.07;-0.29;89.43;0.23;0.50
133.505;1595;-2.29;0.08;79.66;-2.06;-0.71;106.51;-0.75;0.50;4;2;0;6;-0.46;0.00;0.00;-0.00;-0.00;-0.00;-0.00;0.01;-2.07;-0.29;89.43;0.23;0.50
133.605;1604;-2.29;0.08;79.69;-2.06;-0.71;106.51;-0.75;0.50;4;2;0;6;-0.46;0.00;0.00;-0.00;-0.00;-0.00;-0.00;0.01;-2.07;-0.29;89.43;0.23;0.50
133.705;1618;-2.29;0.08;79.73;-2.06;-0.71;106.51;-0.75;0.50;4;2;0;6;-0.46;0.00;0.00;-0.00;-0.00;-0.00;-0.00;0.00;-2.07;-0.29;89.43;0.23;0.50
133.805;1628;-2.29;0.08;79.75;-2.06;-0.71;106.51;-0.75;0.50;4;2;0;6;-0.46;0.00;0.00;-0.00;-0.00;-0.00;-0.00;0.00;-2.07;-0.29;89.43;0.23;0.50
133.905;1637;-2.29;0.08;79.76;-2.06;-0.71;106.51;-0.75;0.50;4;2;0;6;-0.47;0.00;0.00;-0.00;-0.00;-0.00;0.00;0.00;-2.07;-0.29;89.43;0.23;0.50
134.005;1646;-2.29;0.08;79.76;-2.06;-0.71;106.51;-0.75;0.50;4;2;0;6;-0.47;0.00;0.00;-0.00;-0.00;-0.00;0.00;0.00;-2.07;-0.29;89.43;0.23;0.50
134.105;1656;-2.29;0.08;79.77;-2.06;-0.71;106.51;-0.75;0.50;4;2;0;6;-0.47;0.00;0.00;-0.00;-0.00;-0.00;0.00;0.00;-2.07;-0.29;89.43;0.23;0.50
134.205;1664;-2.29;0.08;79.77;-2.06;-0.71;106.51;-0.75;0.50;4;2;0;6;-0.47;0.00;0.00;-0.00;-0.00;-0.00;0.00;0.00;-2.07;-0.29;89.43;0.23;0.50
134.305;1675;-2.29;0.08;79.77;-2.06;-0.71;106.51;-0.75;0.50;4;2;0;6;-0.47;0.00;0.00;-0.00;-0.00;-0.00;0.00;0.00;-2.07;-0.29;89.43;0.23;0.50
134.405;1687;-2.29;0.08;79.77;-2.06;-0.71;106.51;-0.75;0.50;4;2;0;6;-0.47;0.00;0.00;-0.00;-0.00;-0.00;0.00;0.00;-2.07;-0.29;89.43;0.23;0.50
134.505;1698;-2.29;0.08;79.77;-2.06;-0.71;106.51;-0.75;0.50;4;2;0;6;-0.47;0.00;0.00;-0.00;-0.00;-0.00;0.00;0.00;-2.07;-0.29;89.43;0.23;0.50
134.605;1706;-2.29;0.08;79.77;-2.06;-0.71;106.51;-0.75;0.50;4;2;0;6;-0.47;0.00;0.00;-0.00;-0.00;-0.00;0.00;-0.00;-2.07;-0.29;89.43;0.23;0.50
134.705;1715;-2.29;0.08;79.77;-2.06;-0.71;106.51;-0.75;0.50;4;2;0;6;-0.47;0.00;0.00;-0.00;-0.00;-0.00;0.00;-0.00;-2.07;-0.29;89.43;0.23;0.50
134.805;1724;-2.29;0.08;79.77;-2.06;-0.71;106.51;-0.75;0.50;4;2;0;6;-0.47;0.00;0.00;-0.00;-0.00;-0.00;0.00;-0.00;-2.07;-0.29;89.43;0.23;0.50
134.905;1738;-2.29;0.08;79.77;-2.06;-0.71;106.51;-0.75;0.50;4;2;0;6;-0.47;0.00;0.00;-0.00;-0.00;-0.00;0.00;-0.00;-2.07;-0.29;89.43;0.23;0.50
