t;frame;x;y;z;x_ref;y_ref;z_ref;delta_ref;u_ref;state;ellipse;control;action;delta;u;vx;vy;vz;wx;wy;wz;xr;yr;zr;delr;ur
31.435;9;0.77;-2.13;92.79;0.69;-1.96;90.00;0.00;1.00;0;1;0;0;0.08;0.01;0.01;0.00;-0.03;0.24;0.01;-0.00;0.69;-2.03;90.00;0.00;0.07
31.545;19;0.77;-2.13;92.80;0.69;-1.96;90.00;0.00;1.00;0;1;0;0;0.07;0.03;-0.01;-0.00;0.01;-0.04;-0.00;0.01;0.69;-2.03;90.00;0.00;0.07
31.635;29;0.77;-2.13;92.79;0.69;-1.96;90.00;0.00;1.00;0;1;0;0;0.08;0.04;0.00;-0.00;-0.00;-0.05;-0.04;-0.00;0.69;-2.03;90.00;0.00;0.07
31.735;39;0.77;-2.13;92.84;0.69;-1.96;90.00;0.00;1.00;0;1;0;0;0.07;0.05;0.06;-0.02;-0.06;0.14;-0.26;-0.01;0.69;-2.03;90.00;0.00;0.07
31.835;49;0.77;-2.12;92.92;0.69;-1.96;90.00;0.00;1.00;0;1;0;0;0.07;0.06;0.06;0.00;0.00;-0.00;0.00;0.00;0.69;-2.03;90.00;0.00;0.07
31.935;59;0.77;-2.11;92.96;0.69;-1.96;90.00;0.00;1.00;0;1;0;0;0.07;0.07;0.07;0.00;0.00;-0.00;-0.00;0.00;0.69;-2.03;90.00;0.00;0.07
32.035;69;0.77;-2.11;92.99;0.69;-1.96;90.00;0.00;1.00;0;1;0;0;0.06;0.08;0.07;-0.00;0.00;-0.00;0.01;0.02;0.69;-2.03;90.00;0.00;0.07
32.135;79;0.77;-2.10;93.01;0.69;-1.96;90.00;0.00;1.00;0;1;0;0;0.06;0.09;0.09;-0.00;0.00;0.03;-0.01;-0.00;0.69;-2.03;90.00;0.00;0.07
32.235;89;0.77;-2.09;93.04;0.69;-1.96;90.00;0.00;1.00;0;1;0;0;0.06;0.10;0.09;-0.00;0.00;0.03;-0.01;-0.00;0.69;-2.03;90.00;0.00;0.07
32.335;99;0.77;-2.08;93.06;0.69;-1.96;90.00;0.00;1.00;0;1;0;0;0.06;0.10;0.10;-0.00;0.00;0.03;-0.01;-0.00;0.69;-2.03;90.00;0.00;0.07
32.435;109;0.77;-2.07;93.08;0.69;-1.96;90.00;0.00;1.00;0;1;0;0;0.06;0.10;0.10;-0.00;0.00;0.03;-0.01;-0.00;0.69;-2.03;90.00;0.00;0.07
32.535;119;0.77;-2.06;93.15;0.69;-1.96;90.00;0.00;1.00;0;1;0;0;0.05;0.10;0.10;0.00;-0.00;-0.05;0.03;-0.00;0.69;-2.03;90.00;0.00;0.07
32.635;129;0.77;-2.05;93.19;0.69;-1.96;90.00;0.00;1.00;0;1;0;0;0.05;0.11;0.11;-0.01;0.01;0.00;-0.02;0.01;0.69;-2.03;90.00;0.00;0.07
32.735;139;0.77;-2.04;93.24;0.69;-1.80;90.00;0.00;1.00;0;2;0;0;0.04;0.10;0.11;0.00;0.00;0.00;0.00;0.01;0.69;-2.03;90.00;0.00;0.07
32.835;149;0.77;-2.03;93.27;0.69;-1.80;90.00;0.00;1.00;0;2;0;0;0.04;0.11;0.11;-0.00;-0.00;0.00;-0.00;0.00;0.69;-2.03;90.00;0.00;0.21
32.935;159;0.77;-2.02;93.29;0.69;-1.80;90.00;0.00;1.00;0;2;0;0;0.04;0.12;0.11;0.00;-0.00;-0.00;-0.00;0.00;0.69;-2.02;90.00;0.00;0.42
33.035;169;0.77;-2.01;93.31;0.69;-1.80;90.00;0.00;1.00;0;2;0;0;0.04;0.14;0.13;0.00;-0.00;-0.00;-0.00;0.00;0.69;-2.01;90.00;0.00;0.57
33.135;179;0.77;-1.99;93.33;0.69;-1.80;90.00;0.00;1.00;0;2;0;0;0.03;0.17;0.15;0.00;-0.00;-0.00;-0.00;0.00;0.69;-1.99;90.00;0.00;0.71
33.235;188;0.77;-1.98;93.36;0.69;-1.80;90.00;0.00;1.00;0;2;0;0;0.03;0.20;0.17;0.00;-0.00;-0.00;-0.00;0.00;0.69;-1.98;90.00;0.00;0.85
33.335;198;0.77;-1.96;93.38;0.69;-1.80;90.00;0.00;1.00;0;2;0;0;0.03;0.24;0.21;0.00;-0.00;-0.00;-0.00;0.00;0.69;-1.96;90.00;0.00;0.99
33.435;207;0.76;-1.94;93.40;0.69;-1.80;90.00;0.00;1.00;0;2;0;0;0.02;0.28;0.24;0.00;0.00;-0.01;0.00;0.00;0.69;-1.94;90.00;0.00;1.00
33.535;218;0.76;-1.91;93.41;0.69;-1.80;90.00;0.00;1.00;0;2;0;0;0.02;0.31;0.28;-0.00;0.00;-0.01;0.00;0.00;0.69;-1.90;90.00;0.00;1.00
33.635;226;0.76;-1.88;93.41;0.69;-1.65;90.00;0.00;1.00;0;3;0;0;0.01;0.34;0.31;0.00;0.00;-0.01;0.00;0.00;0.69;-1.88;90.00;0.00;1.00
33.735;237;0.76;-1.85;93.41;0.69;-1.65;90.00;0.00;1.00;0;3;0;0;0.01;0.38;0.35;-0.00;0.00;-0.01;0.00;0.00;0.69;-1.85;90.00;0.00;1.00
33.835;245;0.76;-1.82;93.39;0.69;-1.65;90.00;0.00;1.00;0;3;0;0;0.00;0.41;0.37;0.00;0.00;-0.01;0.01;-0.00;0.69;-1.82;90.00;0.00;1.00
33.935;254;0.75;-1.78;93.37;0.69;-1.65;90.00;0.00;1.00;0;3;0;0;0.00;0.43;0.41;-0.00;-0.00;-0.00;-0.00;-0.01;0.69;-1.79;90.00;0.00;1.00
34.035;265;0.75;-1.74;93.33;0.69;-1.50;90.00;0.00;1.00;0;4;0;0;-0.00;0.46;0.43;0.00;-0.00;-0.00;-0.00;-0.01;0.69;-1.73;90.00;0.00;1.00
34.135;278;0.75;-1.68;93.27;0.69;-1.50;90.00;0.00;1.00;0;4;0;0;-0.01;0.49;0.46;0.00;-0.00;-0.00;-0.00;-0.01;0.69;-1.68;90.00;0.00;1.00
34.235;288;0.75;-1.63;93.20;0.69;-1.50;90.00;0.00;1.00;0;4;0;0;-0.01;0.50;0.49;0.00;-0.00;-0.00;-0.00;-0.01;0.69;-1.63;90.00;0.00;1.00
34.335;296;0.74;-1.59;93.13;0.69;-1.50;90.00;0.00;1.00;0;4;0;0;-0.01;0.50;0.50;-0.00;-0.00;-0.00;-0.00;-0.01;0.69;-1.59;90.00;0.00;1.00
34.435;306;0.74;-1.54;93.06;0.69;-1.35;90.00;0.00;1.00;0;5;0;0;-0.02;0.50;0.50;-0.00;-0.00;-0.00;-0.00;-0.01;0.69;-1.54;90.00;0.00;1.00
34.535;316;0.74;-1.49;92.99;0.69;-1.35;90.00;0.00;1.00;0;5;0;0;-0.02;0.50;0.50;-0.00;-0.00;0.00;-0.00;-0.01;0.69;-1.49;90.00;0.00;1.00
34.635;325;0.74;-1.45;92.95;0.69;-1.35;90.00;0.00;1.00;0;5;0;0;-0.02;0.50;0.50;0.00;-0.00;-0.04;-0.02;-0.00;0.69;-1.44;90.00;0.00;1.00
34.735;335;0.73;-1.40;92.90;0.69;-1.19;90.00;0.00;1.00;0;6;0;0;-0.03;0.50;0.50;-0.00;-0.00;-0.03;-0.02;-0.01;0.69;-1.40;90.00;0.00;1.00
34.835;349;0.73;-1.33;92.81;0.69;-1.19;90.00;0.00;1.00;0;6;0;0;-0.03;0.50;0.50;-0.00;-0.00;-0.03;-0.02;-0.01;0.69;-1.32;90.00;0.00;1.00
34.935;358;0.73;-1.28;92.72;0.69;-1.19;90.00;0.00;1.00;0;6;0;0;-0.03;0.50;0.50;0.00;0.00;0.00;0.00;-0.02;0.69;-1.28;90.00;0.00;1.00
35.035;369;0.73;-1.23;92.63;0.67;-0.87;102.44;0.74;1.00;1;1;1;5;-0.03;0.50;0.50;0.00;0.00;0.00;0.00;-0.01;0.69;-1.23;90.00;0.00;1.00
35.135;378;0.72;-1.18;92.56;0.67;-0.87;102.44;0.74;1.00;1;1;0;5;-0.32;0.50;0.50;0.00;0.00;0.00;0.00;-0.01;0.69;-1.03;89.99;0.05;0.06
35.235;388;0.72;-1.13;90.99;0.67;-0.87;102.44;0.74;1.00;1;1;0;5;-0.16;0.49;0.50;0.00;-0.00;0.01;-0.00;-0.35;0.69;-1.03;89.99;0.05;0.06
35.335;399;0.72;-1.08;90.21;0.67;-0.87;102.44;0.74;1.00;1;1;0;5;-0.01;0.48;0.49;-0.00;-0.01;0.00;-0.00;-0.05;0.69;-1.03;89.99;0.05;0.06
35.435;407;0.72;-1.04;90.65;0.67;-0.87;102.44;0.74;1.00;1;1;0;5;0.05;0.46;0.48;-0.00;-0.00;0.00;-0.01;0.12;0.69;-1.03;89.99;0.05;0.06
35.535;416;0.72;-1.00;91.38;0.67;-0.87;102.44;0.74;1.00;1;1;0;5;0.38;0.46;0.46;-0.00;-0.00;0.00;-0.00;0.15;0.69;-0.99;91.04;0.36;0.48
35.635;426;0.72;-0.95;93.17;0.50;-0.61;144.94;0.80;1.00;1;2;0;5;0.59;0.47;0.46;-0.01;-0.05;-0.12;-0.17;0.45;0.69;-0.95;93.76;0.52;0.70
35.735;439;0.71;-0.89;97.33;0.50;-0.61;144.94;0.80;1.00;1;2;0;5;0.78;0.50;0.47;0.01;-0.01;-0.14;0.07;0.59;0.68;-0.90;99.11;0.68;0.91
35.835;445;0.71;-0.86;100.03;0.50;-0.61;144.94;0.80;1.00;1;2;0;5;0.88;0.50;0.51;-0.03;-0.01;0.08;-0.08;0.97;0.67;-0.87;102.44;0.74;1.00
35.935;459;0.71;-0.79;108.66;0.50;-0.61;144.94;0.80;1.00;1;2;0;5;0.90;0.50;0.47;-0.15;-0.01;0.07;-0.03;1.22;0.65;-0.81;111.09;0.76;1.00
36.035;468;0.70;-0.75;114.76;0.50;-0.61;144.94;0.80;1.00;1;2;0;5;0.84;0.50;0.44;-0.16;-0.00;-0.04;-0.03;1.15;0.64;-0.78;114.86;0.76;1.00
36.135;479;0.69;-0.70;121.29;0.50;-0.61;144.94;0.80;1.00;1;2;0;5;0.86;0.50;0.46;-0.12;-0.01;0.06;-0.02;0.98;0.62;-0.74;121.22;0.77;1.00
36.235;487;0.68;-0.66;125.75;0.50;-0.61;144.94;0.80;1.00;1;2;0;5;0.87;0.50;0.46;-0.11;-0.01;0.05;-0.01;1.00;0.60;-0.71;125.08;0.77;1.00
36.335;498;0.66;-0.62;132.01;0.50;-0.61;144.94;0.80;1.00;1;2;0;5;0.87;0.50;0.45;-0.13;-0.01;0.05;-0.01;1.05;0.58;-0.68;130.29;0.78;1.00
36.435;506;0.64;-0.59;136.78;0.50;-0.61;144.94;0.80;1.00;1;2;0;5;0.87;0.50;0.45;-0.13;-0.01;0.03;-0.01;1.06;0.56;-0.66;134.24;0.78;1.00
36.535;515;0.62;-0.55;142.00;0.50;-0.61;144.94;0.80;1.00;1;2;0;5;0.86;0.50;0.45;-0.13;-0.01;0.04;0.02;1.05;0.54;-0.64;138.22;0.79;1.00
36.635;526;0.59;-0.51;148.28;0.50;-0.61;144.94;0.80;1.00;1;2;0;5;0.86;0.50;0.46;-0.10;-0.01;0.10;0.03;0.98;0.51;-0.62;143.59;0.79;1.00
36.735;538;0.54;-0.48;155.45;0.50;-0.61;144.94;0.80;1.00;1;2;0;5;0.80;0.50;0.45;-0.10;-0.01;-0.03;-0.02;1.03;0.48;-0.59;148.91;0.77;1.00
36.835;549;0.50;-0.45;161.37;0.50;-0.61;144.94;0.80;1.00;1;2;0;5;0.75;0.50;0.46;-0.04;0.00;-0.20;-0.19;0.76;0.44;-0.58;153.91;0.74;1.00
36.935;558;0.46;-0.43;165.77;0.20;-0.52;179.43;0.53;1.00;1;3;0;5;0.74;0.50;0.47;-0.11;-0.05;-0.08;0.13;0.90;0.41;-0.56;158.60;0.71;1.00
37.035;568;0.42;-0.41;170.78;0.20;-0.52;179.43;0.53;1.00;1;3;0;5;0.60;0.50;0.49;-0.09;0.00;-0.05;-0.04;0.85;0.37;-0.55;163.00;0.67;1.00
37.135;577;0.37;-0.40;174.71;0.20;-0.52;179.43;0.53;1.00;1;3;0;5;0.57;0.50;0.50;-0.11;-0.05;-0.10;0.13;0.71;0.34;-0.54;166.10;0.65;1.00
37.235;587;0.32;-0.39;178.15;0.20;-0.52;179.43;0.53;1.00;1;3;0;5;0.60;0.50;0.49;-0.05;-0.00;-0.07;-0.10;0.49;0.29;-0.53;170.94;0.61;1.00
37.335;596;0.28;-0.38;181.15;0.20;-0.52;179.43;0.53;1.00;1;3;0;5;0.58;0.50;0.52;-0.06;-0.00;0.08;0.06;0.63;0.26;-0.53;173.64;0.59;1.00
37.435;606;0.23;-0.38;184.65;0.11;-0.53;180.00;0.00;1.00;2;1;1;0;0.55;0.50;0.49;-0.06;-0.01;-0.02;-0.03;0.54;0.23;-0.52;177.04;0.55;1.00
37.535;615;0.18;-0.37;187.34;0.11;-0.53;180.00;0.00;1.00;2;1;0;0;0.03;0.49;0.49;-0.03;-0.00;-0.07;-0.15;0.41;0.18;-0.53;180.00;0.00;0.21
37.635;626;0.13;-0.38;188.91;0.11;-0.53;180.00;0.00;1.00;2;1;0;0;-0.06;0.50;0.47;-0.04;-0.01;0.03;0.08;-0.22;0.13;-0.53;180.00;0.00;0.85
37.735;634;0.09;-0.38;187.64;-0.04;-0.53;180.00;0.00;1.00;2;2;0;0;-0.01;0.50;0.51;0.01;-0.01;0.03;0.08;-0.27;0.09;-0.53;180.00;0.00;1.00
37.845;649;0.02;-0.39;186.09;-0.04;-0.53;180.00;0.00;1.00;2;2;0;0;0.04;0.50;0.50;0.00;-0.00;0.02;0.03;-0.11;0.02;-0.53;180.00;0.00;1.00
37.935;659;-0.03;-0.40;185.84;-0.19;-0.53;180.00;0.00;1.00;2;3;0;0;0.04;0.50;0.50;0.00;-0.00;0.01;0.01;-0.02;-0.04;-0.53;180.00;0.00;1.00
38.035;668;-0.08;-0.40;185.83;-0.19;-0.53;180.00;0.00;1.00;2;3;0;0;0.03;0.50;0.50;-0.00;-0.00;0.00;-0.01;0.00;-0.08;-0.53;180.00;0.00;1.00
38.135;679;-0.13;-0.41;185.81;-0.19;-0.53;180.00;0.00;1.00;2;3;0;0;0.02;0.50;0.50;-0.00;-0.00;0.00;-0.00;-0.00;-0.14;-0.53;180.00;0.00;1.00
38.235;687;-0.17;-0.41;185.74;-0.35;-0.53;180.00;0.00;1.00;2;4;0;0;0.01;0.50;0.50;0.00;-0.00;0.00;-0.00;-0.02;-0.18;-0.53;180.00;0.00;1.00
38.335;698;-0.23;-0.42;185.63;-0.35;-0.53;180.00;0.00;1.00;2;4;0;0;0.00;0.50;0.50;0.00;-0.00;0.00;-0.00;-0.02;-0.23;-0.53;180.00;0.00;1.00
38.435;706;-0.27;-0.42;185.53;-0.35;-0.53;180.00;0.00;1.00;2;4;0;0;-0.00;0.50;0.50;0.00;-0.00;0.00;-0.00;-0.02;-0.26;-0.53;180.00;0.00;1.00
38.535;719;-0.33;-0.43;185.38;-0.50;-0.53;180.00;0.00;1.00;2;5;0;0;-0.01;0.50;0.50;0.00;-0.00;0.00;-0.00;-0.02;-0.32;-0.53;180.00;0.00;1.00
38.635;725;-0.36;-0.43;185.30;-0.50;-0.53;180.00;0.00;1.00;2;5;0;0;-0.01;0.50;0.50;0.00;-0.00;0.00;-0.00;-0.02;-0.36;-0.53;180.00;0.00;1.00
38.735;739;-0.43;-0.44;185.13;-0.50;-0.53;180.00;0.00;1.00;2;5;0;0;-0.02;0.50;0.50;0.00;-0.00;0.00;-0.00;-0.02;-0.44;-0.53;180.00;0.00;1.00
38.835;748;-0.48;-0.44;185.00;-0.65;-0.53;180.00;0.00;1.00;2;6;0;0;-0.02;0.50;0.50;-0.00;-0.00;0.00;-0.00;-0.02;-0.48;-0.53;180.00;0.00;1.00
38.935;759;-0.53;-0.45;184.86;-0.65;-0.53;180.00;0.00;1.00;2;6;0;0;-0.03;0.50;0.50;-0.00;-0.00;0.00;-0.00;-0.02;-0.53;-0.53;180.00;0.00;1.00
39.035;767;-0.57;-0.45;184.76;-0.65;-0.53;180.00;0.00;1.00;2;6;0;0;-0.03;0.50;0.50;-0.00;-0.00;0.00;-0.00;-0.02;-0.58;-0.53;180.00;0.00;1.00
39.135;777;-0.62;-0.45;184.64;-0.97;-0.52;167.56;-0.74;1.00;3;1;1;6;-0.04;0.50;0.50;-0.00;-0.00;0.00;-0.00;-0.02;-0.62;-0.53;180.00;0.00;1.00
39.235;788;-0.68;-0.46;184.53;-0.97;-0.52;167.56;-0.74;1.00;3;1;0;6;0.13;0.50;0.50;-0.00;-0.00;0.00;-0.00;-0.02;-0.81;-0.53;180.01;-0.05;0.06
39.335;796;-0.72;-0.46;185.09;-0.97;-0.52;167.56;-0.74;1.00;3;1;0;6;0.02;0.49;0.50;0.00;-0.00;-0.00;-0.00;0.18;-0.81;-0.53;180.01;-0.05;0.06
39.435;806;-0.77;-0.47;185.49;-0.97;-0.52;167.56;-0.74;1.00;3;1;0;6;-0.10;0.48;0.49;0.00;0.00;-0.00;-0.01;0.01;-0.81;-0.53;180.01;-0.05;0.06
39.535;816;-0.82;-0.47;185.07;-0.97;-0.52;167.56;-0.74;1.00;3;1;0;6;-0.19;0.46;0.48;0.00;-0.00;-0.00;-0.00;-0.13;-0.81;-0.53;180.01;-0.05;0.06
39.635;827;-0.87;-0.48;184.13;-1.24;-0.35;125.06;-0.80;1.00;3;2;0;6;-0.64;0.47;0.46;0.00;0.00;0.03;-0.05;-0.15;-0.87;-0.53;177.68;-0.45;0.61
39.735;835;-0.91;-0.48;182.34;-1.24;-0.35;125.06;-0.80;1.00;3;2;0;6;-0.94;0.49;0.47;0.01;-0.00;0.06;-0.08;-0.73;-0.91;-0.53;174.32;-0.59;0.79
39.835;846;-0.96;-0.48;176.01;-1.24;-0.35;125.06;-0.80;1.00;3;2;0;6;-1.05;0.50;0.50;0.12;-0.03;-0.06;0.24;-1.62;-0.96;-0.52;168.75;-0.72;0.97
39.935;859;-1.02;-0.49;162.75;-1.24;-0.35;125.06;-0.80;1.00;3;2;0;6;-0.82;0.50;0.40;0.30;-0.05;0.17;0.10;-2.03;-1.02;-0.51;161.40;-0.75;1.00
40.035;869;-1.07;-0.50;154.95;-1.24;-0.35;125.06;-0.80;1.00;3;2;0;6;-0.75;0.50;0.45;0.15;-0.00;-0.03;-0.08;-0.98;-1.06;-0.49;156.40;-0.76;1.00
40.135;878;-1.11;-0.49;150.53;-1.24;-0.35;125.06;-0.80;1.00;3;2;0;6;-0.81;0.50;0.47;0.07;-0.01;-0.01;-0.13;-0.74;-1.10;-0.47;150.06;-0.77;1.00
40.235;888;-1.15;-0.47;145.14;-1.24;-0.35;125.06;-0.80;1.00;3;2;0;6;-0.88;0.50;0.47;0.08;-0.01;0.00;0.02;-0.98;-1.14;-0.44;143.62;-0.77;1.00
40.335;897;-1.19;-0.45;139.90;-1.24;-0.35;125.06;-0.80;1.00;3;2;0;6;-0.87;0.50;0.42;0.14;-0.01;-0.03;-0.14;-1.00;-1.16;-0.42;139.71;-0.78;1.00
40.435;907;-1.24;-0.44;133.62;-1.24;-0.35;125.06;-0.80;1.00;3;2;0;6;-0.86;0.50;0.41;0.12;-0.01;-0.07;-0.28;-0.95;-1.19;-0.40;134.44;-0.78;1.00
40.535;916;-1.27;-0.41;127.85;-1.24;-0.35;125.06;-0.80;1.00;3;2;0;6;-0.88;0.50;0.44;0.13;-0.01;-0.00;0.05;-1.06;-1.22;-0.37;129.11;-0.79;1.00
40.635;926;-1.31;-0.38;121.58;-1.24;-0.35;125.06;-0.80;1.00;3;2;0;6;-0.87;0.50;0.43;0.12;-0.01;-0.03;-0.03;-1.07;-1.24;-0.34;123.72;-0.79;1.00
40.735;935;-1.33;-0.36;116.01;-1.24;-0.35;125.06;-0.80;1.00;3;2;0;6;-0.80;0.50;0.41;0.09;-0.00;-0.15;-0.20;-0.92;-1.26;-0.31;119.81;-0.76;1.00
40.835;945;-1.36;-0.32;109.84;-1.32;-0.04;90.57;-0.53;1.00;3;3;0;6;-0.74;0.50;0.46;0.14;-0.01;0.09;0.08;-1.08;-1.27;-0.28;114.89;-0.73;1.00
40.935;959;-1.39;-0.26;102.25;-1.32;-0.04;90.57;-0.53;1.00;3;3;0;6;-0.62;0.50;0.49;0.10;-0.00;0.03;0.01;-0.92;-1.29;-0.23;108.08;-0.68;1.00
41.035;968;-1.41;-0.22;98.55;-1.32;-0.04;90.57;-0.53;1.00;3;3;0;6;-0.62;0.50;0.52;0.07;0.00;0.03;0.07;-0.69;-1.31;-0.19;103.90;-0.65;1.00
41.135;977;-1.42;-0.17;94.99;-1.32;-0.04;90.57;-0.53;1.00;3;3;0;6;-0.62;0.50;0.50;0.09;-0.01;0.04;0.02;-0.71;-1.31;-0.15;100.00;-0.62;1.00
41.235;987;-1.43;-0.12;91.09;-1.31;0.04;90.00;0.00;1.00;4;1;1;0;-0.60;0.50;0.50;0.10;-0.05;0.14;-0.11;-0.75;-1.32;-0.11;96.36;-0.59;1.00
41.335;998;-1.44;-0.07;87.10;-1.31;0.04;90.00;0.00;1.00;4;1;0;0;-0.16;0.48;0.51;0.07;-0.00;0.05;0.06;-0.63;-1.31;-0.03;90.00;0.00;0.07
41.435;1006;-1.44;-0.03;85.76;-1.31;0.04;90.00;0.00;1.00;4;1;0;0;-0.10;0.47;0.48;0.06;-0.01;0.12;0.06;0.01;-1.31;-0.03;90.00;0.00;0.14
41.535;1015;-1.44;0.01;86.30;-1.31;0.20;90.00;0.00;1.00;4;2;0;0;-0.13;0.48;0.48;-0.01;-0.01;0.06;0.03;0.09;-1.31;0.01;90.00;0.00;0.78
41.635;1025;-1.44;0.06;86.75;-1.31;0.20;90.00;0.00;1.00;4;2;0;0;-0.14;0.50;0.49;-0.01;-0.01;0.04;0.02;0.04;-1.31;0.06;90.00;0.00;1.00
41.735;1038;-1.43;0.12;86.93;-1.31;0.20;90.00;0.00;1.00;4;2;0;0;-0.14;0.50;0.51;-0.00;-0.01;0.03;0.02;-0.00;-1.31;0.13;90.00;0.00;1.00
41.835;1047;-1.43;0.17;86.92;-1.31;0.35;90.00;0.00;1.00;4;3;0;0;-0.13;0.50;0.51;-0.00;-0.01;0.02;0.02;-0.00;-1.31;0.17;90.00;0.00;1.00
41.935;1057;-1.43;0.22;86.93;-1.31;0.35;90.00;0.00;1.00;4;3;0;0;-0.12;0.50;0.51;-0.00;-0.01;0.02;0.02;0.00;-1.31;0.21;90.00;0.00;1.00
42.035;1068;-1.42;0.28;86.95;-1.31;0.35;90.00;0.00;1.00;4;3;0;0;-0.11;0.50;0.51;-0.00;-0.01;0.02;0.02;0.00;-1.31;0.28;90.00;0.00;1.00
42.135;1076;-1.42;0.32;86.98;-1.31;0.50;90.00;0.00;1.00;4;4;0;0;-0.11;0.50;0.51;-0.00;-0.01;0.02;0.02;0.00;-1.31;0.31;90.00;0.00;1.00
42.235;1087;-1.42;0.37;87.01;-1.31;0.50;90.00;0.00;1.00;4;4;0;0;-0.10;0.50;0.51;-0.00;-0.01;0.02;0.02;0.00;-1.31;0.38;90.00;0.00;1.00
42.335;1096;-1.41;0.42;87.05;-1.31;0.50;90.00;0.00;1.00;4;4;0;0;-0.10;0.50;0.51;-0.00;-0.01;0.02;0.02;0.01;-1.31;0.42;90.00;0.00;1.00
42.435;1106;-1.41;0.47;87.11;-1.31;0.65;90.00;0.00;1.00;4;5;0;0;-0.09;0.50;0.51;-0.00;-0.01;0.02;0.01;0.01;-1.31;0.46;90.00;0.00;1.00
42.535;1116;-1.41;0.52;87.15;-1.31;0.65;90.00;0.00;1.00;4;5;0;0;-0.09;0.50;0.51;-0.00;-0.00;0.02;0.01;0.01;-1.31;0.52;90.00;0.00;1.00
42.635;1126;-1.41;0.57;87.19;-1.31;0.65;90.00;0.00;1.00;4;5;0;0;-0.09;0.50;0.51;-0.00;-0.00;0.02;0.01;0.01;-1.31;0.57;90.00;0.00;1.00
42.735;1137;-1.40;0.62;87.25;-1.31;0.81;90.00;0.00;1.00;4;6;0;0;-0.08;0.50;0.51;-0.00;-0.00;0.01;0.01;0.01;-1.31;0.62;90.00;0.00;1.00
42.835;1145;-1.40;0.66;87.30;-1.31;0.81;90.00;0.00;1.00;4;6;0;0;-0.08;0.50;0.51;-0.00;-0.00;0.01;0.01;0.01;-1.31;0.67;90.00;0.00;1.00
42.935;1159;-1.40;0.73;87.37;-1.31;0.81;90.00;0.00;1.00;4;6;0;0;-0.07;0.50;0.51;-0.00;-0.00;0.01;0.00;0.01;-1.31;0.73;90.00;0.00;1.00
43.035;1168;-1.40;0.78;87.38;-1.31;0.96;90.00;0.00;1.00;4;7;0;0;-0.07;0.50;0.51;-0.00;-0.00;0.01;0.00;0.01;-1.31;0.79;90.00;0.00;1.00
43.135;1177;-1.39;0.83;87.37;-1.31;1.04;90.00;0.00;1.00;5;1;1;0;-0.06;0.50;0.50;0.00;-0.00;-0.00;-0.01;-0.02;-1.31;0.83;90.00;0.00;1.00
43.235;1188;-1.39;0.88;87.31;-1.31;1.04;90.00;0.00;1.00;5;1;0;0;-0.06;0.49;0.50;-0.00;-0.00;0.01;-0.01;-0.01;-1.31;0.97;90.00;0.00;0.07
43.335;1196;-1.39;0.92;87.32;-1.31;1.04;90.00;0.00;1.00;5;1;0;0;-0.05;0.48;0.49;-0.00;-0.00;0.01;-0.01;0.00;-1.31;0.97;90.00;0.00;0.07
43.435;1209;-1.39;0.98;87.34;-1.31;1.20;90.00;0.00;1.00;5;2;0;0;-0.05;0.46;0.48;-0.00;-0.00;0.01;-0.01;0.01;-1.31;0.97;90.00;0.00;0.07
43.545;1219;-1.38;1.03;87.39;-1.31;1.20;90.00;0.00;1.00;5;2;0;0;-0.04;0.47;0.46;-0.00;-0.00;0.01;-0.01;0.01;-1.31;1.01;90.00;0.00;0.78
43.635;1229;-1.38;1.08;87.45;-1.31;1.20;90.00;0.00;1.00;5;2;0;0;-0.04;0.50;0.47;-0.00;-0.00;0.01;-0.00;0.01;-1.31;1.07;90.00;0.00;1.00
43.735;1238;-1.38;1.12;87.49;-1.31;1.35;90.00;0.00;1.00;5;3;0;0;-0.04;0.50;0.50;-0.00;-0.00;0.00;-0.00;0.01;-1.31;1.12;90.00;0.00;1.00
43.835;1247;-1.38;1.16;87.54;-1.31;1.35;90.00;0.00;1.00;5;3;0;0;-0.03;0.50;0.50;-0.00;-0.00;0.00;-0.00;0.01;-1.31;1.16;90.00;0.00;1.00
43.935;1257;-1.38;1.21;87.59;-1.31;1.35;90.00;0.00;1.00;5;3;0;0;-0.03;0.50;0.50;-0.00;-0.00;0.00;-0.00;0.01;-1.31;1.21;90.00;0.00;1.00
44.035;1266;-1.37;1.26;87.64;-1.31;1.50;90.00;0.00;1.00;5;4;0;0;-0.03;0.50;0.50;-0.00;-0.00;0.00;-0.00;0.01;-1.31;1.26;90.00;0.00;1.00
44.135;1276;-1.37;1.31;87.69;-1.31;1.50;90.00;0.00;1.00;5;4;0;0;-0.03;0.50;0.50;-0.00;-0.00;0.00;-0.00;0.01;-1.31;1.31;90.00;0.00;1.00
44.235;1287;-1.37;1.37;87.76;-1.31;1.50;90.00;0.00;1.00;5;4;0;0;-0.02;0.50;0.50;-0.00;-0.00;0.00;-0.00;0.01;-1.31;1.37;90.00;0.00;1.00
44.335;1295;-1.37;1.41;87.80;-1.31;1.50;90.00;0.00;1.00;5;4;0;0;-0.02;0.50;0.50;-0.00;-0.00;0.00;-0.00;0.01;-1.31;1.41;90.00;0.00;1.00
44.435;1309;-1.36;1.48;87.88;-1.31;1.65;90.00;0.00;1.00;5;5;0;0;-0.02;0.50;0.50;-0.00;-0.00;0.00;-0.00;0.01;-1.31;1.47;90.00;0.00;1.00
44.535;1318;-1.36;1.52;87.90;-1.31;1.65;90.00;0.00;1.00;5;5;0;0;-0.02;0.50;0.52;0.00;-0.03;0.25;-0.03;-0.00;-1.31;1.52;90.00;0.00;1.00
44.635;1329;-1.36;1.58;87.96;-1.31;1.81;90.00;0.00;1.00;5;6;0;0;-0.02;0.50;0.50;-0.00;-0.00;0.05;0.02;0.02;-1.31;1.58;90.00;0.00;1.00
44.735;1337;-1.36;1.62;88.03;-1.31;1.81;90.00;0.00;1.00;5;6;0;0;-0.01;0.50;0.50;0.00;0.00;-0.00;-0.00;0.01;-1.31;1.61;90.00;0.00;1.00
44.835;1347;-1.36;1.67;88.06;-1.31;1.81;90.00;0.00;1.00;5;6;0;0;-0.01;0.50;0.50;0.01;0.00;-0.00;0.00;0.00;-1.31;1.67;90.00;0.00;1.00
44.935;1357;-1.36;1.72;88.10;-1.31;1.81;90.00;0.00;1.00;5;6;0;0;-0.01;0.50;0.50;0.00;0.00;-0.00;-0.00;0.00;-1.31;1.72;90.00;0.00;1.00
45.035;1365;-1.35;1.76;88.13;-1.30;2.13;77.56;-0.74;1.00;6;1;1;6;-0.01;0.50;0.50;-0.01;-0.00;0.04;0.02;0.03;-1.31;1.75;90.00;0.00;1.00
45.135;1376;-1.35;1.81;88.16;-1.30;2.13;77.56;-0.74;1.00;6;1;0;6;0.30;0.50;0.51;-0.00;-0.00;0.06;0.02;0.02;-1.31;1.97;90.01;-0.05;0.06
45.235;1389;-1.35;1.88;89.86;-1.30;2.13;77.56;-0.74;1.00;6;1;0;6;0.10;0.49;0.50;-0.00;0.00;0.00;0.01;0.35;-1.31;1.97;90.01;-0.05;0.06
45.335;1399;-1.35;1.93;90.32;-1.30;2.13;77.56;-0.74;1.00;6;1;0;6;-0.02;0.48;0.49;0.00;-0.00;0.00;0.01;0.03;-1.31;1.97;90.01;-0.05;0.06
45.435;1407;-1.35;1.96;89.89;-1.30;2.13;77.56;-0.74;1.00;6;1;0;6;-0.12;0.46;0.48;0.00;-0.00;0.00;-0.00;-0.11;-1.31;1.97;90.02;-0.09;0.12
45.535;1417;-1.35;2.01;88.91;-1.30;2.13;77.56;-0.74;1.00;6;1;0;6;-0.44;0.46;0.46;0.00;0.00;0.01;0.02;-0.18;-1.32;2.01;88.70;-0.38;0.52
45.635;1427;-1.35;2.06;86.70;-1.13;2.39;35.06;-0.80;1.00;6;2;0;6;-0.64;0.48;0.47;0.01;0.00;-0.00;-0.01;-0.52;-1.31;2.05;85.66;-0.54;0.73
45.735;1436;-1.35;2.10;83.25;-1.13;2.39;35.06;-0.80;1.00;6;2;0;6;-0.74;0.50;0.47;0.04;-0.01;-0.00;0.00;-0.81;-1.31;2.09;81.85;-0.65;0.88
45.835;1447;-1.34;2.15;78.32;-1.13;2.39;35.06;-0.80;1.00;6;2;0;6;-0.91;0.50;0.50;0.01;-0.00;-0.07;0.05;-0.79;-1.30;2.15;75.11;-0.75;1.00
45.935;1455;-1.34;2.19;73.32;-1.13;2.39;35.06;-0.80;1.00;6;2;0;6;-0.89;0.50;0.50;0.10;-0.02;0.21;-0.25;-1.32;-1.29;2.17;71.40;-0.75;1.00
46.035;1469;-1.32;2.27;63.23;-1.13;2.39;35.06;-0.80;1.00;6;2;0;6;-0.86;0.50;0.52;0.11;-0.01;0.12;-0.21;-1.22;-1.26;2.24;62.61;-0.76;1.00
46.135;1479;-1.30;2.32;57.96;-1.13;2.39;35.06;-0.80;1.00;6;2;0;6;-0.95;0.50;0.57;0.07;-0.01;-0.05;0.15;-0.83;-1.23;2.28;56.21;-0.77;1.00
46.235;1489;-1.27;2.37;51.75;-1.13;2.39;35.06;-0.80;1.00;6;2;0;6;-1.01;0.50;0.58;0.12;-0.01;0.01;-0.02;-1.11;-1.21;2.32;49.71;-0.78;1.00
46.335;1498;-1.25;2.42;44.75;-1.13;2.39;35.06;-0.80;1.00;6;2;0;6;-0.99;0.50;0.58;0.19;-0.01;0.01;-0.12;-1.45;-1.18;2.35;44.44;-0.78;1.00
46.435;1509;-1.22;2.48;35.90;-1.13;2.39;35.06;-0.80;1.00;6;2;0;6;-0.98;0.50;0.59;0.24;-0.01;-0.02;0.09;-1.46;-1.14;2.38;37.76;-0.79;1.00
46.535;1517;-1.19;2.52;28.50;-1.13;2.39;35.06;-0.80;1.00;6;2;0;6;-0.93;0.50;0.56;0.27;-0.01;-0.03;-0.05;-1.77;-1.11;2.40;32.40;-0.78;1.00
46.635;1526;-1.15;2.56;20.25;-1.13;2.39;35.06;-0.80;1.00;6;2;0;6;-0.81;0.50;0.53;0.14;-0.05;-0.22;0.40;-1.44;-1.08;2.42;27.31;-0.75;1.00
46.735;1537;-1.10;2.59;11.14;-1.13;2.39;35.06;-0.80;1.00;6;2;0;6;-0.66;0.50;0.55;0.13;-0.03;0.03;-0.26;-1.40;-1.03;2.44;21.40;-0.71;1.00
46.835;1545;-1.06;2.60;6.49;-0.82;2.48;0.57;-0.53;1.00;6;3;0;6;-0.58;0.50;0.53;0.07;-0.01;0.04;0.09;-0.76;-1.01;2.45;18.08;-0.68;1.00
46.935;1559;-0.99;2.61;1.17;-0.82;2.48;0.57;-0.53;1.00;6;3;0;6;-0.44;0.50;0.49;0.04;-0.01;0.02;0.05;-0.66;-0.96;2.46;12.90;-0.64;1.00
47.035;1568;-0.94;2.62;-1.53;-0.82;2.48;0.57;-0.53;1.00;6;3;0;6;-0.46;0.50;0.50;0.04;-0.01;-0.05;-0.06;-0.42;-0.92;2.47;9.06;-0.61;1.00
47.135;1579;-0.89;2.62;-3.68;-0.74;2.47;0.00;0.00;1.00;7;1;1;0;-0.51;0.50;0.50;0.00;-0.01;0.08;0.10;-0.30;-0.87;2.48;4.63;-0.57;1.00
47.235;1587;-0.85;2.62;-5.80;-0.74;2.47;0.00;0.00;1.00;7;1;0;0;-0.07;0.48;0.49;0.02;-0.01;-0.09;-0.10;-0.49;-0.81;2.47;0.00;0.00;0.07
47.335;1596;-0.80;2.61;-6.52;-0.74;2.47;0.00;0.00;1.00;7;1;0;0;-0.03;0.48;0.49;-0.01;-0.01;0.17;0.18;0.24;-0.80;2.47;0.00;0.00;0.35
47.435;1606;-0.76;2.61;-5.48;-0.58;2.47;0.00;0.00;1.00;7;2;0;0;-0.07;0.49;0.47;0.01;-0.01;-0.06;-0.05;0.14;-0.76;2.47;0.00;0.00;0.85
47.535;1615;-0.71;2.60;-4.79;-0.58;2.47;0.00;0.00;1.00;7;2;0;0;-0.10;0.50;0.48;0.01;-0.01;-0.04;-0.05;0.06;-0.72;2.47;0.00;0.00;1.00
47.635;1625;-0.66;2.60;-4.45;-0.58;2.47;0.00;0.00;1.00;7;2;0;0;-0.10;0.50;0.50;0.01;-0.00;0.04;0.05;0.06;-0.66;2.47;0.00;0.00;1.00
47.735;1638;-0.60;2.60;-4.46;-0.43;2.47;0.00;0.00;1.00;7;3;0;0;-0.09;0.50;0.49;0.00;-0.00;-0.02;-0.02;-0.01;-0.60;2.47;0.00;0.00;1.00
47.835;1648;-0.55;2.59;-4.44;-0.43;2.47;0.00;0.00;1.00;7;3;0;0;-0.09;0.50;0.49;0.00;-0.00;-0.01;-0.01;0.00;-0.56;2.47;0.00;0.00;1.00
47.935;1657;-0.51;2.59;-4.41;-0.43;2.47;0.00;0.00;1.00;7;3;0;0;-0.08;0.50;0.49;0.00;-0.00;-0.01;-0.01;0.01;-0.51;2.47;0.00;0.00;1.00
48.035;1666;-0.46;2.59;-4.36;-0.43;2.47;0.00;0.00;1.00;7;3;0;0;-0.07;0.50;0.49;0.00;-0.00;-0.01;-0.01;0.01;-0.47;2.47;0.00;0.00;1.00
48.135;1677;-0.41;2.58;-4.28;-0.28;2.47;0.00;0.00;1.00;7;4;0;0;-0.07;0.50;0.49;0.00;-0.00;-0.01;-0.01;0.01;-0.42;2.47;0.00;0.00;1.00
48.235;1685;-0.37;2.58;-4.22;-0.28;2.47;0.00;0.00;1.00;7;4;0;0;-0.07;0.50;0.49;0.00;-0.00;-0.01;-0.01;0.01;-0.37;2.47;0.00;0.00;1.00
48.335;1696;-0.32;2.58;-4.13;-0.28;2.47;0.00;0.00;1.00;7;4;0;0;-0.06;0.50;0.49;0.00;-0.00;-0.01;-0.00;0.01;-0.32;2.47;0.00;0.00;1.00
48.435;1708;-0.26;2.57;-4.12;-0.13;2.47;0.00;0.00;1.00;7;5;0;0;-0.05;0.50;0.50;-0.00;-0.00;0.00;0.02;-0.03;-0.26;2.47;0.00;0.00;1.00
48.535;1719;-0.20;2.57;-4.20;-0.13;2.47;0.00;0.00;1.00;7;5;0;0;-0.04;0.50;0.50;0.00;-0.00;-0.00;0.01;-0.01;-0.20;2.47;0.00;0.00;1.00
48.635;1727;-0.16;2.56;-4.17;0.02;2.47;0.00;0.00;1.00;7;6;0;0;-0.03;0.50;0.50;0.00;-0.00;-0.00;0.01;0.01;-0.17;2.47;0.00;0.00;1.00
48.735;1738;-0.11;2.56;-4.08;0.02;2.47;0.00;0.00;1.00;7;6;0;0;-0.03;0.50;0.50;0.00;-0.00;-0.00;0.01;0.01;-0.11;2.47;0.00;0.00;1.00
48.835;1746;-0.07;2.56;-4.01;0.02;2.47;0.00;0.00;1.00;7;6;0;0;-0.02;0.50;0.50;0.00;-0.00;-0.00;0.00;0.02;-0.07;2.47;0.00;0.00;1.00
48.935;1757;-0.01;2.55;-3.91;0.18;2.47;0.00;0.00;1.00;7;7;0;0;-0.02;0.50;0.50;0.00;-0.00;-0.00;0.00;0.01;-0.02;2.47;0.00;0.00;1.00
49.035;1765;0.03;2.55;-3.84;0.26;2.47;0.00;0.00;1.00;8;1;1;0;-0.02;0.50;0.50;0.00;-0.00;-0.00;0.00;0.02;0.03;2.47;0.00;0.00;1.00
49.135;1779;0.10;2.55;-3.72;0.26;2.47;0.00;0.00;1.00;8;1;0;0;-0.01;0.49;0.50;0.00;-0.00;-0.00;0.00;0.01;0.19;2.47;0.00;0.00;0.07
49.235;1788;0.14;2.54;-3.64;0.26;2.47;0.00;0.00;1.00;8;1;0;0;-0.01;0.48;0.49;0.00;-0.00;-0.00;-0.00;0.01;0.19;2.47;0.00;0.00;0.07
49.335;1799;0.19;2.54;-3.56;0.42;2.47;0.00;0.00;1.00;8;2;0;0;-0.01;0.47;0.48;0.00;-0.00;-0.00;-0.00;0.01;0.19;2.47;0.00;0.00;0.28
49.435;1807;0.23;2.54;-3.50;0.42;2.47;0.00;0.00;1.00;8;2;0;0;-0.00;0.48;0.47;0.00;-0.00;-0.00;-0.00;0.01;0.23;2.47;0.00;0.00;0.78
49.535;1818;0.28;2.54;-3.42;0.42;2.47;0.00;0.00;1.00;8;2;0;0;0.00;0.50;0.48;0.00;-0.00;-0.00;0.00;0.01;0.28;2.47;0.00;0.00;1.00
49.635;1827;0.33;2.53;-3.36;0.57;2.47;0.00;0.00;1.00;8;3;0;0;0.01;0.50;0.50;0.00;-0.00;0.00;0.00;0.01;0.33;2.47;0.00;0.00;1.00
49.735;1837;0.38;2.53;-3.29;0.57;2.47;0.00;0.00;1.00;8;3;0;0;0.01;0.50;0.50;0.00;-0.00;-0.00;0.00;0.01;0.38;2.47;0.00;0.00;1.00
49.835;1846;0.42;2.53;-3.22;0.57;2.47;0.00;0.00;1.00;8;3;0;0;0.01;0.50;0.50;-0.00;-0.00;-0.00;0.00;0.01;0.42;2.47;0.00;0.00;1.00
49.935;1856;0.47;2.52;-3.15;0.57;2.47;0.00;0.00;1.00;8;3;0;0;0.02;0.50;0.50;-0.00;-0.00;-0.00;0.00;0.01;0.48;2.47;0.00;0.00;1.00
50.035;1865;0.52;2.52;-3.09;0.72;2.47;0.00;0.00;1.00;8;4;0;0;0.02;0.50;0.50;-0.00;-0.00;-0.00;0.00;0.01;0.52;2.47;0.00;0.00;1.00
50.135;1876;0.57;2.52;-3.01;0.72;2.47;0.00;0.00;1.00;8;4;0;0;0.02;0.50;0.50;-0.00;-0.00;-0.00;0.00;0.01;0.57;2.47;0.00;0.00;1.00
50.235;1884;0.61;2.52;-2.96;0.72;2.47;0.00;0.00;1.00;8;4;0;0;0.02;0.50;0.50;-0.00;-0.00;-0.00;0.00;0.01;0.62;2.47;0.00;0.00;1.00
50.335;1895;0.67;2.51;-2.88;0.87;2.47;0.00;0.00;1.00;8;5;0;0;0.03;0.50;0.50;0.00;-0.00;-0.00;0.00;0.01;0.67;2.47;0.00;0.00;1.00
50.435;1909;0.74;2.51;-2.80;0.87;2.47;0.00;0.00;1.00;8;5;0;0;0.03;0.50;0.50;-0.00;-0.00;-0.00;0.00;0.01;0.74;2.47;0.00;0.00;1.00
50.535;1918;0.78;2.51;-2.73;0.87;2.47;0.00;0.00;1.00;8;5;0;0;0.03;0.50;0.50;-0.00;-0.00;-0.00;0.00;0.01;0.78;2.47;0.00;0.00;1.00
50.635;1929;0.84;2.51;-2.66;1.02;2.47;0.00;0.00;1.00;8;6;0;0;0.04;0.50;0.50;-0.00;-0.00;-0.00;0.00;0.01;0.84;2.47;0.00;0.00;1.00
50.735;1938;0.88;2.50;-2.60;1.02;2.47;0.00;0.00;1.00;8;6;0;0;0.04;0.50;0.50;-0.00;-0.00;-0.00;0.00;0.01;0.89;2.47;0.00;0.00;1.00
50.835;1948;0.93;2.50;-2.55;1.02;2.47;0.00;0.00;1.00;8;6;0;0;0.04;0.50;0.50;0.00;0.00;-0.00;0.00;0.01;0.93;2.47;0.00;0.00;1.00
50.935;1956;0.97;2.50;-2.50;1.23;2.47;-0.00;-0.00;1.00;9;1;1;2;0.04;0.50;0.50;-0.00;0.00;-0.00;0.00;0.01;0.97;2.47;0.00;0.00;1.00
51.035;1967;1.03;2.50;-2.42;1.23;2.47;-0.00;-0.00;1.00;9;1;0;2;0.05;0.50;0.50;-0.00;0.00;-0.00;0.00;0.01;1.19;2.47;-0.00;-0.00;0.06
51.135;1976;1.07;2.50;-2.36;1.33;2.47;-0.00;-0.00;1.00;9;2;0;2;0.05;0.49;0.50;0.00;0.00;-0.00;-0.00;0.01;1.19;2.47;-0.00;-0.00;0.06
51.235;1986;1.12;2.49;-2.29;1.33;2.47;-0.00;-0.00;1.00;9;2;0;2;0.05;0.48;0.49;-0.00;0.00;-0.00;-0.00;0.01;1.19;2.47;-0.00;-0.00;0.06
51.335;1999;1.18;2.49;-2.21;1.43;2.47;-0.00;0.00;1.00;9;3;0;2;0.05;0.46;0.48;0.00;0.00;0.00;-0.00;0.01;1.19;2.47;-0.00;-0.00;0.06
51.435;2005;1.21;2.49;-2.18;1.43;2.47;-0.00;0.00;1.00;9;3;0;2;0.05;0.47;0.46;-0.00;0.00;0.00;-0.00;0.01;1.21;2.47;-0.00;-0.00;0.73
51.535;2018;1.27;2.49;-2.10;1.51;2.47;0.00;0.00;1.00;10;1;1;0;0.05;0.50;0.47;-0.00;-0.00;0.00;0.00;0.01;1.27;2.47;-0.00;-0.00;1.00
51.635;2028;1.32;2.49;-2.03;1.51;2.47;0.00;0.00;1.00;10;1;0;0;0.05;0.49;0.50;-0.00;-0.00;0.00;0.01;0.01;1.44;2.47;0.00;0.00;0.07
51.735;2036;1.36;2.48;-1.97;1.51;2.47;0.00;0.00;1.00;10;1;0;0;0.05;0.48;0.49;-0.00;-0.00;0.00;0.00;0.01;1.44;2.47;0.00;0.00;0.07
51.835;2047;1.41;2.48;-1.92;1.67;2.47;0.00;0.00;1.00;10;2;0;0;0.06;0.46;0.48;0.00;-0.00;0.00;0.00;0.01;1.44;2.47;0.00;0.00;0.07
51.935;2055;1.45;2.48;-1.89;1.67;2.47;0.00;0.00;1.00;10;2;0;0;0.06;0.46;0.46;-0.02;-0.00;0.02;-0.02;0.01;1.45;2.47;0.00;0.00;0.42
52.035;2066;1.50;2.48;-1.75;1.67;2.47;0.00;0.00;1.00;10;2;0;0;0.06;0.48;0.46;0.00;-0.00;-0.00;0.01;0.03;1.50;2.47;0.00;0.00;0.92
52.135;2078;1.56;2.48;-1.58;1.82;2.47;0.00;0.00;1.00;10;3;0;0;0.05;0.50;0.48;-0.00;0.00;0.00;0.01;0.02;1.55;2.47;0.00;0.00;1.00
52.235;2088;1.61;2.48;-1.49;1.82;2.47;0.00;0.00;1.00;10;3;0;0;0.05;0.50;0.50;-0.00;-0.00;0.00;0.00;0.01;1.61;2.47;0.00;0.00;1.00
52.335;2098;1.66;2.47;-1.43;1.82;2.47;0.00;0.00;1.00;10;3;0;0;0.05;0.50;0.50;0.00;-0.00;0.00;0.00;0.01;1.66;2.47;0.00;0.00;1.00
52.435;2107;1.70;2.47;-1.37;1.82;2.47;0.00;0.00;1.00;10;3;0;0;0.05;0.50;0.50;0.00;-0.00;0.00;0.00;0.01;1.71;2.47;0.00;0.00;1.00
52.535;2117;1.75;2.47;-1.32;1.97;2.47;0.00;0.00;1.00;10;4;0;0;0.05;0.50;0.50;0.00;-0.00;0.00;0.00;0.01;1.76;2.47;0.00;0.00;1.00
52.635;2126;1.80;2.47;-1.28;1.97;2.47;0.00;0.00;1.00;10;4;0;0;0.05;0.50;0.50;0.00;-0.00;0.00;0.00;0.01;1.80;2.47;0.00;0.00;1.00
52.735;2136;1.85;2.47;-1.27;1.97;2.47;0.00;0.00;1.00;10;4;0;0;0.06;0.50;0.49;-0.01;-0.00;0.01;-0.01;-0.01;1.85;2.47;0.00;0.00;1.00
52.835;2145;1.89;2.47;-1.22;2.12;2.47;0.00;0.00;1.00;10;5;0;0;0.06;0.50;0.50;0.00;0.00;-0.00;0.01;0.03;1.89;2.47;0.00;0.00;1.00
52.935;2155;1.94;2.47;-1.06;2.12;2.47;0.00;0.00;1.00;10;5;0;0;0.05;0.50;0.50;0.00;-0.00;0.00;0.01;0.02;1.94;2.47;0.00;0.00;1.00
53.035;2169;2.01;2.47;-0.95;2.12;2.47;0.00;0.00;1.00;10;5;0;0;0.05;0.50;0.50;0.00;-0.00;0.00;0.00;0.01;2.02;2.47;0.00;0.00;1.00
53.135;2178;2.06;2.46;-0.91;2.27;2.47;0.00;0.00;1.00;10;6;0;0;0.05;0.50;0.50;-0.00;-0.00;0.00;0.00;0.01;2.06;2.47;0.00;0.00;1.00
53.235;2187;2.10;2.46;-0.88;2.27;2.47;0.00;0.00;1.00;10;6;0;0;0.05;0.50;0.50;-0.00;-0.00;0.00;0.00;0.01;2.10;2.47;0.00;0.00;1.00
53.335;2198;2.16;2.46;-0.84;2.27;2.47;0.00;0.00;1.00;10;6;0;0;0.05;0.50;0.50;-0.00;-0.00;0.00;0.01;0.01;2.16;2.47;0.00;0.00;1.00
53.435;2206;2.20;2.46;-0.82;2.70;2.51;24.33;-0.27;-0.04;11;1;1;7;0.05;0.50;0.50;0.00;-0.00;0.00;0.00;0.01;2.20;2.47;0.00;0.00;1.00
53.535;2217;2.25;2.46;-0.78;2.70;2.51;24.33;-0.27;-0.04;11;1;0;7;0.45;0.50;0.50;0.00;-0.00;0.00;0.01;0.01;2.44;2.47;-0.02;0.05;0.06
53.635;2225;2.29;2.46;0.47;2.70;2.51;24.33;-0.27;-0.04;11;1;0;7;0.32;0.49;0.50;-0.01;-0.00;0.02;-0.01;0.54;2.44;2.47;-0.02;0.05;0.06
53.735;2239;2.36;2.46;2.97;2.70;2.51;24.33;-0.27;-0.04;11;1;0;7;0.08;0.48;0.49;-0.01;-0.01;-0.05;0.06;0.12;2.44;2.47;-0.02;0.05;0.06
53.835;2248;2.41;2.46;2.63;2.70;2.51;24.33;-0.27;-0.04;11;1;0;7;0.01;0.47;0.46;0.00;-0.01;0.03;-0.04;-0.13;2.44;2.47;-0.02;0.05;0.06
53.935;2259;2.46;2.47;1.32;2.70;2.51;24.33;-0.27;-0.04;11;1;0;7;0.17;0.46;0.47;0.00;-0.01;0.05;-0.06;-0.18;2.46;2.46;0.08;0.22;0.27
54.035;2267;2.49;2.47;1.35;2.70;2.51;24.33;-0.27;-0.04;11;1;0;7;0.38;0.46;0.44;-0.01;-0.01;0.03;-0.03;0.07;2.50;2.46;1.43;0.37;0.45
54.135;2276;2.53;2.47;2.26;2.70;2.51;24.33;-0.27;-0.04;11;1;0;7;0.52;0.47;0.45;-0.01;-0.01;0.01;0.00;0.28;2.53;2.46;3.57;0.47;0.58
54.235;2286;2.58;2.47;4.24;2.70;2.51;24.33;-0.27;-0.04;11;1;0;7;0.77;0.48;0.45;-0.02;-0.01;0.04;-0.05;0.45;2.58;2.47;8.26;0.60;0.73
54.335;2297;2.63;2.47;7.99;2.70;2.51;24.33;-0.27;-0.04;11;1;0;7;0.96;0.49;0.50;-0.08;-0.04;0.06;-0.27;1.04;2.63;2.48;14.03;0.70;0.85
54.435;2305;2.67;2.47;12.88;2.70;2.51;24.33;-0.27;-0.04;11;1;0;7;0.94;0.50;0.49;-0.02;-0.00;-0.00;0.01;1.18;2.66;2.49;17.71;0.75;0.91
54.535;2319;2.74;2.49;24.29;2.70;2.51;24.33;-0.27;-0.04;11;1;0;7;0.90;0.50;0.52;-0.01;-0.01;-0.34;0.19;1.31;2.72;2.52;26.78;0.82;1.00
54.635;2328;2.78;2.51;31.07;2.70;2.51;24.33;-0.27;-0.04;11;1;0;7;0.94;0.50;0.53;-0.07;-0.01;-0.01;0.01;1.08;2.76;2.55;34.20;0.83;1.00
54.735;2338;2.83;2.53;37.55;2.90;2.97;112.44;-0.46;-0.50;11;2;0;7;0.98;0.50;0.54;-0.12;-0.01;0.06;-0.02;1.23;2.80;2.58;41.74;0.84;1.00
54.835;2348;2.88;2.56;44.52;2.90;2.97;112.44;-0.46;-0.50;11;2;0;7;0.78;0.50;0.55;-0.17;-0.02;0.11;-0.01;1.40;2.82;2.60;46.84;0.84;1.00
54.935;2357;2.93;2.59;49.62;2.90;2.97;112.44;-0.46;-0.50;11;2;0;7;0.87;0.50;0.56;-0.12;-0.01;0.01;-0.02;0.68;2.85;2.64;54.58;0.85;1.00
55.035;2367;2.97;2.62;54.86;2.90;2.97;112.44;-0.46;-0.50;11;2;0;7;0.87;0.50;0.54;-0.12;-0.01;-0.05;-0.01;1.15;2.87;2.67;59.82;0.86;1.00
55.135;2377;3.01;2.66;61.90;2.90;2.97;112.44;-0.46;-0.50;11;2;0;7;0.89;0.50;0.53;-0.12;-0.01;0.01;-0.01;1.29;2.89;2.71;67.77;0.86;1.00
55.235;2385;3.03;2.70;67.69;2.90;2.97;112.44;-0.46;-0.50;11;2;0;7;0.87;0.50;0.52;-0.14;-0.01;0.02;-0.01;1.20;2.91;2.75;73.15;0.87;1.00
55.335;2396;3.07;2.75;75.82;2.90;2.97;112.44;-0.46;-0.50;11;2;0;7;0.78;0.50;0.53;-0.15;-0.01;0.01;0.02;1.27;2.91;2.78;78.58;0.88;1.00
55.435;2404;3.09;2.79;81.19;2.90;2.97;112.44;-0.46;-0.50;11;2;0;7;0.79;0.50;0.56;-0.19;-0.09;0.06;-0.40;1.11;2.92;2.81;84.07;0.88;1.00
55.535;2419;3.11;2.86;90.52;2.90;2.97;112.44;-0.46;-0.50;11;2;0;7;0.80;0.50;0.52;-0.07;-0.01;-0.09;-0.08;1.11;2.92;2.86;92.42;0.89;1.00
55.635;2428;3.11;2.91;96.46;2.90;2.97;112.44;-0.46;-0.50;11;2;0;7;0.82;0.50;0.49;-0.05;-0.01;0.12;0.11;1.17;2.92;2.89;98.07;0.89;1.00
55.735;2439;3.11;2.96;104.20;2.90;2.97;112.44;-0.46;-0.50;11;2;0;7;0.80;0.50;0.50;-0.02;-0.01;-0.01;-0.03;1.26;2.91;2.92;103.77;0.90;1.00
55.835;2447;3.09;3.00;108.89;2.90;2.97;112.44;-0.46;-0.50;11;2;0;7;0.79;0.50;0.52;0.01;0.00;-0.07;-0.10;0.79;2.91;2.94;106.64;0.90;1.00
55.935;2456;3.08;3.05;113.41;2.90;2.97;112.44;-0.46;-0.50;11;2;0;7;0.88;0.50;0.50;-0.05;-0.01;-0.02;-0.01;0.74;2.90;2.97;112.44;0.91;1.00
56.035;2466;3.06;3.10;117.52;2.90;2.97;112.44;-0.46;-0.50;11;2;0;7;0.99;0.50;0.56;-0.05;-0.01;-0.11;-0.20;0.77;2.89;3.00;118.14;0.88;1.00
56.135;2477;3.04;3.15;124.34;2.90;2.97;112.44;-0.46;-0.50;11;2;0;7;0.98;0.50;0.58;-0.11;-0.01;0.05;0.13;1.16;2.87;3.03;123.59;0.86;1.00
56.235;2485;3.02;3.20;129.91;2.90;2.97;112.44;-0.46;-0.50;11;2;0;7;0.99;0.50;0.60;-0.12;-0.01;-0.06;-0.23;1.30;2.85;3.06;128.80;0.84;1.00
56.335;2494;2.99;3.24;137.23;2.90;2.97;112.44;-0.46;-0.50;11;2;0;7;0.93;0.50;0.59;-0.18;-0.01;-0.02;-0.07;1.36;2.83;3.08;133.78;0.81;1.00
56.435;2509;2.94;3.32;149.34;2.90;2.97;112.44;-0.46;-0.50;11;2;0;7;0.84;0.50;0.55;-0.22;-0.01;-0.03;0.02;1.49;2.78;3.12;143.06;0.77;1.00
56.535;2518;2.91;3.36;155.82;2.90;2.97;112.44;-0.46;-0.50;11;2;0;7;0.73;0.50;0.53;-0.17;-0.01;0.01;-0.01;1.13;2.77;3.13;145.24;0.76;1.00
56.635;2529;2.86;3.39;161.98;2.90;2.97;112.44;-0.46;-0.50;11;2;0;7;0.73;0.50;0.52;-0.11;-0.01;-0.00;0.04;0.82;2.72;3.16;151.50;0.72;1.00
56.735;2537;2.82;3.41;165.77;2.90;2.97;112.44;-0.46;-0.50;11;2;0;7;0.69;0.50;0.52;-0.09;-0.01;0.06;-0.10;0.82;2.71;3.17;153.48;0.71;1.00
56.835;2546;2.78;3.43;170.16;2.90;2.97;112.44;-0.46;-0.50;11;2;0;7;0.67;0.50;0.48;-0.04;-0.11;-0.47;-0.15;0.78;2.68;3.18;157.31;0.69;1.00
56.935;2556;2.73;3.44;174.86;2.90;2.97;112.44;-0.46;-0.50;11;2;0;7;0.61;0.50;0.49;-0.03;-0.01;-0.09;0.17;0.82;2.65;3.19;160.96;0.66;1.00
57.035;2565;2.68;3.44;178.35;2.90;2.97;112.44;-0.46;-0.50;11;2;0;7;0.58;0.50;0.51;0.00;-0.00;0.15;-0.22;0.51;2.61;3.20;164.43;0.64;1.00
57.135;2579;2.61;3.45;183.17;2.90;2.97;112.44;-0.46;-0.50;11;2;0;7;0.55;0.50;0.51;-0.01;-0.01;0.12;-0.16;0.44;2.56;3.22;169.32;0.61;1.00
57.235;2588;2.56;3.44;185.82;2.90;2.97;112.44;-0.46;-0.50;11;2;0;7;0.53;0.50;0.49;-0.01;-0.01;-0.06;0.06;0.47;2.53;3.22;172.39;0.58;1.00
57.335;2598;2.51;3.44;187.92;2.90;2.97;112.44;-0.46;-0.50;11;2;0;7;0.54;0.50;0.50;0.00;-0.00;0.12;-0.14;0.31;2.50;3.22;175.31;0.56;1.00
57.435;2607;2.47;3.43;190.29;2.90;2.97;112.44;-0.46;-0.50;11;2;0;7;0.52;0.50;0.49;-0.01;-0.01;-0.04;0.03;0.41;2.46;3.23;178.09;0.54;1.00
57.535;2617;2.42;3.42;192.14;2.90;2.97;112.44;-0.46;-0.50;11;2;0;7;0.49;0.50;0.51;-0.00;-0.00;0.17;-0.16;0.27;2.45;3.23;179.43;0.53;1.00
57.635;2625;2.38;3.42;193.96;2.90;2.97;112.44;-0.46;-0.50;11;2;0;7;0.43;0.50;0.49;-0.01;-0.01;-0.02;0.01;0.32;2.45;3.23;179.43;0.53;1.00
57.735;2636;2.33;3.40;195.72;2.36;3.22;180.00;0.00;1.00;12;1;1;0;0.37;0.50;0.49;-0.01;-0.01;-0.12;0.09;0.31;2.45;3.23;179.43;0.53;1.00
57.835;2645;2.29;3.39;196.79;2.21;3.22;180.00;0.00;1.00;12;2;0;0;-0.39;0.50;0.50;-0.00;-0.01;0.11;-0.08;0.12;2.29;3.22;180.00;0.00;1.00
57.935;2659;2.23;3.37;192.15;2.21;3.22;180.00;0.00;1.00;12;2;0;0;-0.38;0.50;0.26;0.09;0.03;0.08;0.12;-1.49;2.24;3.22;180.00;0.00;1.00
58.035;2668;2.21;3.37;185.41;2.21;3.22;180.00;0.00;1.00;12;2;0;0;0.10;0.50;0.23;-0.04;0.04;0.12;0.18;-1.16;2.21;3.22;180.00;0.00;1.00
58.135;2679;2.19;3.37;179.98;2.21;3.22;180.00;0.00;1.00;12;2;0;0;0.38;0.50;0.15;-0.07;0.06;-0.05;0.52;-0.63;2.19;3.22;180.00;0.00;1.00
58.235;2687;2.18;3.38;177.47;2.21;3.22;180.00;0.00;1.00;12;2;0;0;0.52;0.50;0.13;-0.11;-0.04;-0.48;0.54;-0.44;2.18;3.22;180.00;0.00;1.00
58.335;2696;2.17;3.39;175.73;2.21;3.22;180.00;0.00;1.00;12;2;0;0;0.63;0.50;0.12;-0.09;0.05;-0.17;0.84;-0.29;2.17;3.22;180.00;0.00;1.00
58.435;2706;2.16;3.40;173.74;2.21;3.22;180.00;0.00;1.00;12;2;0;0;0.76;0.50;0.15;-0.09;0.09;0.10;0.93;-0.15;2.16;3.22;180.00;0.00;1.00
58.535;2715;2.15;3.41;173.48;2.21;3.22;180.00;0.00;1.00;12;2;0;0;0.78;0.50;0.18;-0.01;0.10;0.14;1.17;0.45;2.15;3.22;180.00;0.00;1.00
58.635;2725;2.14;3.41;174.65;2.21;3.22;180.00;0.00;1.00;12;2;0;0;0.73;0.50;0.26;0.02;0.15;0.16;1.86;0.69;2.14;3.22;180.00;0.00;1.00
58.735;2738;2.13;3.41;179.50;2.21;3.22;180.00;0.00;1.00;12;2;0;0;0.48;0.50;0.25;0.09;0.14;0.05;2.31;0.83;2.13;3.22;180.00;0.00;1.00
58.835;2749;2.11;3.39;186.97;2.06;3.22;180.00;0.00;1.00;12;3;0;0;0.07;0.50;0.16;0.16;-0.10;-0.14;1.52;1.06;2.11;3.22;180.00;0.00;1.00
58.935;2757;2.10;3.38;189.51;2.06;3.22;180.00;0.00;1.00;12;3;0;0;-0.08;0.50;0.22;0.01;-0.17;-0.20;1.18;0.16;2.09;3.22;180.00;0.00;1.00
59.035;2768;2.07;3.37;189.57;2.06;3.22;180.00;0.00;1.00;12;3;0;0;-0.09;0.50;0.14;-0.03;-0.27;0.08;0.95;-0.14;2.07;3.22;180.00;0.00;1.00
59.135;2776;2.04;3.37;188.55;2.06;3.22;180.00;0.00;1.00;12;3;0;0;-0.04;0.50;0.16;-0.01;-0.28;-0.13;0.84;-0.15;2.04;3.22;180.00;0.00;1.00
59.235;2785;2.02;3.37;186.53;2.06;3.22;180.00;0.00;1.00;12;3;0;0;0.05;0.50;0.04;-0.06;-0.15;-0.16;0.43;-1.26;2.02;3.22;180.00;0.00;1.00
59.335;2795;2.00;3.38;179.27;2.06;3.22;180.00;0.00;1.00;12;3;0;0;0.42;0.50;0.05;-0.05;-0.05;-0.14;1.11;-0.98;2.01;3.22;180.00;0.00;1.00
59.435;2809;2.01;3.38;-3.01;2.06;3.22;180.00;0.00;1.00;12;3;0;0;-1.40;0.50;0.11;-0.02;0.15;0.36;2.48;-0.07;2.02;3.22;180.00;0.00;1.00
59.535;2818;2.04;3.38;-7.24;2.06;3.22;180.00;0.00;1.00;12;3;0;0;-1.40;0.50;0.10;-0.00;0.22;0.12;0.97;-0.00;2.04;3.22;180.00;0.00;1.00
59.635;2827;2.05;3.38;-7.24;2.06;3.22;180.00;0.00;1.00;12;3;0;0;-1.40;0.50;0.09;-0.00;0.09;0.05;0.42;-0.00;2.05;3.22;180.00;0.00;1.00
59.735;2838;2.06;3.38;-7.24;2.06;3.22;180.00;0.00;1.00;12;3;0;0;-1.40;0.50;-0.09;-0.00;0.02;-0.00;-0.01;-0.00;2.06;3.22;180.00;0.00;1.00
59.835;2846;2.05;3.38;-7.24;2.06;3.22;180.00;0.00;1.00;12;3;0;0;-1.40;0.50;-0.15;-0.00;-0.05;-0.05;-0.36;-0.00;2.05;3.22;180.00;0.00;1.00
59.935;2855;2.04;3.38;-7.24;2.06;3.22;180.00;0.00;1.00;12;3;0;0;-1.40;0.50;-0.15;-0.00;-0.19;-0.11;-0.90;-0.00;2.04;3.22;180.00;0.00;1.00
60.035;2866;2.01;3.40;-14.68;2.06;3.22;180.00;0.00;1.00;12;3;0;0;-1.40;0.50;-0.04;-0.20;-0.30;-0.02;-0.03;-3.79;2.01;3.22;180.00;0.00;1.00
60.135;2879;1.99;3.43;-44.46;2.06;3.22;180.00;0.00;1.00;12;3;0;0;-1.40;0.50;-0.06;-0.16;-0.22;-0.17;-0.14;-2.71;2.00;3.22;180.00;0.00;1.00
60.235;2885;1.99;3.44;-55.05;2.06;3.22;180.00;0.00;1.00;12;3;0;0;-1.40;0.50;-0.06;0.01;-0.02;-0.10;-0.63;-2.92;2.00;3.22;180.00;0.00;1.00
60.335;2899;1.99;3.41;-76.12;2.06;3.22;180.00;0.00;1.00;12;3;0;0;-1.40;0.50;0.11;0.09;0.32;1.57;0.09;-0.55;2.00;3.22;180.00;0.00;1.00
60.435;2908;2.00;3.39;-75.87;2.06;3.22;180.00;0.00;1.00;12;3;0;0;-1.40;0.50;0.18;0.00;0.19;0.88;0.22;0.00;2.01;3.22;180.00;0.00;1.00
60.535;2919;2.01;3.37;-75.87;2.06;3.22;180.00;0.00;1.00;12;3;0;0;-1.40;0.50;0.04;-0.00;0.17;0.65;0.16;0.00;2.01;3.22;180.00;0.00;1.00
60.635;2927;2.01;3.35;-75.87;2.06;3.22;180.00;0.00;1.00;12;3;0;0;-1.40;0.50;0.03;0.00;0.16;0.59;0.15;0.00;2.01;3.22;180.00;0.00;1.00
60.735;2937;2.01;3.34;-75.87;2.06;3.22;180.00;0.00;1.00;12;3;0;0;-1.40;0.50;0.05;0.00;0.19;0.67;0.17;0.00;2.02;3.22;180.00;0.00;1.00
60.835;2947;2.02;3.31;-75.87;2.06;3.22;180.00;0.00;1.00;12;3;0;0;-1.40;0.50;0.11;0.00;0.25;0.94;0.24;0.00;2.02;3.22;180.00;0.00;1.00
60.935;2956;2.03;3.28;-75.87;2.06;3.22;180.00;0.00;1.00;12;3;0;0;-1.40;0.50;0.29;-0.00;0.31;1.47;0.37;0.00;2.03;3.22;180.00;0.00;1.00
61.035;2966;2.04;3.23;-75.87;2.06;3.22;180.00;0.00;1.00;12;3;0;0;-1.40;0.50;0.47;0.00;0.50;2.39;0.60;-0.00;2.04;3.22;180.00;0.00;1.00
61.135;2979;2.06;3.16;-76.02;2.06;3.22;180.00;0.00;1.00;12;3;0;0;-1.40;0.50;0.18;-0.01;0.03;0.63;0.16;-0.03;2.06;3.22;180.00;0.00;1.00
61.235;2989;2.06;3.17;-76.06;2.06;3.22;180.00;0.00;1.00;12;3;0;0;-1.40;0.50;-0.35;0.00;0.14;-0.89;-0.22;0.00;2.06;3.22;180.00;0.00;1.00
61.335;2998;2.05;3.19;-76.06;2.06;3.22;180.00;0.00;1.00;12;3;0;0;-1.40;0.50;0.04;-0.01;0.04;0.18;0.07;-0.00;2.05;3.22;180.00;0.00;1.00
61.435;3008;2.05;3.18;-76.09;2.06;3.22;180.00;0.00;1.00;12;3;0;0;-1.40;0.50;-0.01;0.00;-0.02;-0.06;-0.01;-0.00;2.05;3.22;180.00;0.00;1.00
61.535;3016;2.05;3.18;-76.09;2.06;3.22;180.00;0.00;1.00;12;3;0;0;-1.40;0.50;-0.04;-0.00;0.08;0.00;-0.00;-0.00;2.05;3.22;180.00;0.00;1.00
